{
    "repository": "appleboy/drone-ssh",
    "clone_url": "https://github.com/appleboy/drone-ssh.git",
    "timestamp": "2023-05-30T11:20:22.476518Z",
    "clone_success": true,
    "number of actions": 4,
    "number_of_test_actions": 1,
    "actions_successful": false,
    "actions_stdout": "[Lint and Testing/testing] \ud83d\ude80  Start image=golang:1.19-alpine\n[Lint and Testing/lint   ] \ud83d\ude80  Start image=crawlergpt:latest\n[Lint and Testing/testing]   \ud83d\udc33  docker pull image=golang:1.19-alpine platform= username= forcePull=false\n[Lint and Testing/lint   ]   \ud83d\udc33  docker pull image=crawlergpt:latest platform= username= forcePull=false\n[Lint and Testing/testing]   \ud83d\udc33  docker create image=golang:1.19-alpine platform= entrypoint=[\"tail\" \"-f\" \"/dev/null\"] cmd=[]\n[Lint and Testing/lint   ]   \ud83d\udc33  docker create image=crawlergpt:latest platform= entrypoint=[\"tail\" \"-f\" \"/dev/null\"] cmd=[]\n[Lint and Testing/lint   ]   \ud83d\udc33  docker run image=crawlergpt:latest platform= entrypoint=[\"tail\" \"-f\" \"/dev/null\"] cmd=[]\n[Lint and Testing/testing]   \ud83d\udc33  docker run image=golang:1.19-alpine platform= entrypoint=[\"tail\" \"-f\" \"/dev/null\"] cmd=[]\n[Lint and Testing/lint   ]   \ud83d\udc33  docker exec cmd=[chown -R 1012:1000 /tmp/c66e4e10-fed3-11ed-a890-af2cc187fc11/appleboy-drone-ssh] user=0 workdir=\n[Lint and Testing/testing]   \u2601  git clone 'https://github.com/codecov/codecov-action' # ref=v3\n[Lint and Testing/testing] \u2b50 Run Main Checkout repository\n[Lint and Testing/testing]   \u2705  Success - Main Checkout repository\n[Lint and Testing/testing] \u2b50 Run Main setup sshd server\n[Lint and Testing/testing]   \ud83d\udc33  docker exec cmd=[sh -e /var/run/act/workflow/1.sh] user= workdir=\n[Lint and Testing/testing]   | fetch https://dl-cdn.alpinelinux.org/alpine/v3.18/main/x86_64/APKINDEX.tar.gz\n[Lint and Testing/testing]   | fetch https://dl-cdn.alpinelinux.org/alpine/v3.18/community/x86_64/APKINDEX.tar.gz\n[Lint and Testing/testing]   | (1/43) Installing ncurses-terminfo-base (6.4_p20230506-r0)\n[Lint and Testing/testing]   | (2/43) Installing libncursesw (6.4_p20230506-r0)\n[Lint and Testing/testing]   | (3/43) Installing readline (8.2.1-r1)\n[Lint and Testing/testing]   | (4/43) Installing bash (5.2.15-r5)\n[Lint and Testing/testing]   | Executing bash-5.2.15-r5.post-install\n[Lint and Testing/testing]   | (5/43) Installing libgcc (12.2.1_git20220924-r10)\n[Lint and Testing/testing]   | (6/43) Installing libstdc++ (12.2.1_git20220924-r10)\n[Lint and Testing/testing]   | (7/43) Installing zstd-libs (1.5.5-r4)\n[Lint and Testing/testing]   | (8/43) Installing binutils (2.40-r7)\n[Lint and Testing/testing]   | (9/43) Installing libmagic (5.44-r3)\n[Lint and Testing/testing]   | (10/43) Installing file (5.44-r3)\n[Lint and Testing/testing]   | (11/43) Installing libgomp (12.2.1_git20220924-r10)\n[Lint and Testing/testing]   | (12/43) Installing libatomic (12.2.1_git20220924-r10)\n[Lint and Testing/testing]   | (13/43) Installing gmp (6.2.1-r3)\n[Lint and Testing/testing]   | (14/43) Installing isl26 (0.26-r1)\n[Lint and Testing/testing]   | (15/43) Installing mpfr4 (4.2.0-r3)\n[Lint and Testing/testing]   | (16/43) Installing mpc1 (1.3.1-r1)\n[Lint and Testing/testing]   | (17/43) Installing gcc (12.2.1_git20220924-r10)\n[Lint and Testing/testing]   | (18/43) Installing libstdc++-dev (12.2.1_git20220924-r10)\n[Lint and Testing/lint   ]   \u2601  git clone 'https://github.com/actions/setup-go' # ref=v4\n[Lint and Testing/testing]   | (19/43) Installing musl-dev (1.2.4-r0)\n[Lint and Testing/testing]   | (20/43) Installing libc-dev (0.7.2-r5)\n[Lint and Testing/testing]   | (21/43) Installing g++ (12.2.1_git20220924-r10)\n[Lint and Testing/testing]   | (22/43) Installing make (4.4.1-r1)\n[Lint and Testing/testing]   | (23/43) Installing fortify-headers (1.1-r3)\n[Lint and Testing/testing]   | (24/43) Installing patch (2.7.6-r10)\n[Lint and Testing/testing]   | (25/43) Installing build-base (0.5-r3)\n[Lint and Testing/testing]   | (26/43) Installing brotli-libs (1.0.9-r14)\n[Lint and Testing/testing]   | (27/43) Installing libunistring (1.1-r1)\n[Lint and Testing/testing]   | (28/43) Installing libidn2 (2.3.4-r1)\n[Lint and Testing/testing]   | (29/43) Installing nghttp2-libs (1.53.0-r0)\n[Lint and Testing/testing]   | (30/43) Installing libcurl (8.1.1-r1)\n[Lint and Testing/testing]   | (31/43) Installing curl (8.1.1-r1)\n[Lint and Testing/testing]   | (32/43) Installing libexpat (2.5.0-r1)\n[Lint and Testing/testing]   | (33/43) Installing pcre2 (10.42-r1)\n[Lint and Testing/lint   ]   \u2601  git clone 'https://github.com/golangci/golangci-lint-action' # ref=v3\n[Lint and Testing/testing]   | (34/43) Installing git (2.40.1-r0)\n[Lint and Testing/testing]   | (35/43) Installing libbz2 (1.0.8-r5)\n[Lint and Testing/testing]   | (36/43) Installing perl (5.36.1-r2)\n[Lint and Testing/testing]   | (37/43) Installing perl-error (0.17029-r1)\n[Lint and Testing/testing]   | (38/43) Installing perl-git (2.40.1-r0)\n[Lint and Testing/testing]   | (39/43) Installing git-perl (2.40.1-r0)\n[Lint and Testing/testing]   | (40/43) Installing pkgconf (1.9.5-r0)\n[Lint and Testing/testing]   | (41/43) Installing ucl (1.03-r2)\n[Lint and Testing/testing]   | (42/43) Installing ucl-dev (1.03-r2)\n[Lint and Testing/testing]   | (43/43) Installing zlib-dev (1.2.13-r1)\n[Lint and Testing/testing]   | Executing busybox-1.36.0-r9.trigger\n[Lint and Testing/testing]   | OK: 295 MiB in 59 packages\n[Lint and Testing/lint   ]   \u2601  git clone 'https://github.com/hadolint/hadolint-action' # ref=v3.1.0\n[Lint and Testing/testing]   | adduser -h /home/drone-scp -s /bin/sh -D -S drone-scp\n[Lint and Testing/testing]   | echo drone-scp:1234 | chpasswd\n[Lint and Testing/testing]   | chpasswd: password for 'drone-scp' changed\n[Lint and Testing/testing]   | mkdir -p /home/drone-scp/.ssh\n[Lint and Testing/testing]   | chmod 700 /home/drone-scp/.ssh\n[Lint and Testing/testing]   | cat tests/.ssh/id_rsa.pub >> /home/drone-scp/.ssh/authorized_keys\n[Lint and Testing/testing]   | cat tests/.ssh/test.pub >> /home/drone-scp/.ssh/authorized_keys\n[Lint and Testing/testing]   | chmod 600 /home/drone-scp/.ssh/authorized_keys\n[Lint and Testing/testing]   | chown -R drone-scp /home/drone-scp/.ssh\n[Lint and Testing/testing]   | apk add --update openssh openrc\n[Lint and Testing/testing]   | (1/11) Installing ifupdown-ng (0.12.1-r2)\n[Lint and Testing/testing]   | (2/11) Installing libcap2 (2.69-r0)\n[Lint and Testing/testing]   | (3/11) Installing openrc (0.47.1-r0)\n[Lint and Testing/testing]   | Executing openrc-0.47.1-r0.post-install\n[Lint and Testing/testing]   | (4/11) Installing openssh-keygen (9.3_p1-r3)\n[Lint and Testing/testing]   | (5/11) Installing libedit (20221030.3.1-r1)\n[Lint and Testing/testing]   | (6/11) Installing openssh-client-common (9.3_p1-r3)\n[Lint and Testing/testing]   | (7/11) Installing openssh-client-default (9.3_p1-r3)\n[Lint and Testing/testing]   | (8/11) Installing openssh-sftp-server (9.3_p1-r3)\n[Lint and Testing/testing]   | (9/11) Installing openssh-server-common (9.3_p1-r3)\n[Lint and Testing/testing]   | (10/11) Installing openssh-server (9.3_p1-r3)\n[Lint and Testing/testing]   | (11/11) Installing openssh (9.3_p1-r3)\n[Lint and Testing/testing]   | Executing busybox-1.36.0-r9.trigger\n[Lint and Testing/testing]   | OK: 303 MiB in 70 packages\n[Lint and Testing/testing]   | rm -rf /etc/ssh/ssh_host_rsa_key /etc/ssh/ssh_host_dsa_key\n[Lint and Testing/testing]   | sed -i 's/^#PubkeyAuthentication yes/PubkeyAuthentication yes/g' /etc/ssh/sshd_config\n[Lint and Testing/testing]   | sed -i 's/AllowTcpForwarding no/AllowTcpForwarding yes/g' /etc/ssh/sshd_config\n[Lint and Testing/testing]   | ./tests/entrypoint.sh /usr/sbin/sshd -D &\n[Lint and Testing/testing]   | Generating public/private rsa key pair.\n[Lint and Testing/testing]   | Your identification has been saved in /etc/ssh/ssh_host_rsa_key\n[Lint and Testing/testing]   | Your public key has been saved in /etc/ssh/ssh_host_rsa_key.pub\n[Lint and Testing/testing]   | The key fingerprint is:\n[Lint and Testing/testing]   | SHA256:/AMKBvthCDSfFPlQPFbcX/BE8376JHbMB/78f5EnNOE root@croaker\n[Lint and Testing/testing]   | The key's randomart image is:\n[Lint and Testing/testing]   | +---[RSA 3072]----+\n[Lint and Testing/testing]   | | o o=.o..  .o+   |\n[Lint and Testing/testing]   | |. +o.+ . .  o.+  |\n[Lint and Testing/testing]   | |. .o+ .   . .o o |\n[Lint and Testing/testing]   | | . + . .   .  E  |\n[Lint and Testing/testing]   | |  o =   S    ..oo|\n[Lint and Testing/testing]   | |   + o . o   ..Bo|\n[Lint and Testing/testing]   | |    . .   o   =.O|\n[Lint and Testing/testing]   | |           . . Bo|\n[Lint and Testing/testing]   | |                X|\n[Lint and Testing/testing]   | +----[SHA256]-----+\n[Lint and Testing/testing]   | Generating public/private dsa key pair.\n[Lint and Testing/testing]   | Your identification has been saved in /etc/ssh/ssh_host_dsa_key\n[Lint and Testing/testing]   | Your public key has been saved in /etc/ssh/ssh_host_dsa_key.pub\n[Lint and Testing/testing]   | The key fingerprint is:\n[Lint and Testing/testing]   | SHA256:RUIRtS1jJquE4Vr1D16qDadtD297QmBlNlyzNDabjd4 root@croaker\n[Lint and Testing/testing]   | The key's randomart image is:\n[Lint and Testing/testing]   | +---[DSA 1024]----+\n[Lint and Testing/testing]   | |       .==o.B    |\n[Lint and Testing/testing]   | |         o*= X   |\n[Lint and Testing/testing]   | |    . . .+B.* .  |\n[Lint and Testing/testing]   | |   . + .o* + .   |\n[Lint and Testing/testing]   | |    + ..S.. . E  |\n[Lint and Testing/testing]   | |   o . o =.      |\n[Lint and Testing/testing]   | |  .   o =..      |\n[Lint and Testing/testing]   | |       B.oo .    |\n[Lint and Testing/testing]   | |      o.oo++     |\n[Lint and Testing/testing]   | +----[SHA256]-----+\n[Lint and Testing/lint   ] \u2b50 Run Main Setup go\n[Lint and Testing/testing]   \u2705  Success - Main setup sshd server\n[Lint and Testing/lint   ]   \ud83d\udc33  docker cp src=/home/andre-silva/.cache/act/actions-setup-go@v4/ dst=/var/run/act/actions/actions-setup-go@v4/\n[Lint and Testing/lint   ]   \ud83d\udc33  docker exec cmd=[chown -R 1012:1000 /var/run/act/actions/actions-setup-go@v4/] user=0 workdir=\n[Lint and Testing/testing] \u2b50 Run Main testing\n[Lint and Testing/testing]   \ud83d\udc33  docker exec cmd=[sh -e /var/run/act/workflow/2.sh] user= workdir=\n[Lint and Testing/lint   ]   \ud83d\udc33  docker exec cmd=[node /var/run/act/actions/actions-setup-go@v4/dist/setup/index.js] user= workdir=\n[Lint and Testing/testing]   | go: downloading github.com/stretchr/testify v1.8.2\n[Lint and Testing/testing]   | go: downloading golang.org/x/crypto v0.9.0\n[Lint and Testing/testing]   | go: downloading github.com/joho/godotenv v1.5.1\n[Lint and Testing/testing]   | go: downloading github.com/appleboy/easyssh-proxy v1.3.10\n[Lint and Testing/testing]   | go: downloading github.com/urfave/cli/v2 v2.25.4\n[Lint and Testing/testing]   | go: downloading github.com/pmezard/go-difflib v1.0.0\n[Lint and Testing/testing]   | go: downloading github.com/davecgh/go-spew v1.1.1\n[Lint and Testing/testing]   | go: downloading gopkg.in/yaml.v3 v3.0.1\n[Lint and Testing/testing]   | go: downloading github.com/ScaleFT/sshkeys v1.2.0\n[Lint and Testing/testing]   | go: downloading github.com/dchest/bcrypt_pbkdf v0.0.0-20150205184540-83f37f9c154a\n[Lint and Testing/testing]   | go: downloading github.com/xrash/smetrics v0.0.0-20201216005158-039620a65673\n[Lint and Testing/testing]   | go: downloading github.com/cpuguy83/go-md2man/v2 v2.0.2\n[Lint and Testing/testing]   | go: downloading github.com/russross/blackfriday/v2 v2.1.0\n[Lint and Testing/lint   ]   | Setup go version spec ^1\n[Lint and Testing/lint   ]   \ud83d\udcac  ::debug::isExplicit: \n[Lint and Testing/lint   ]   \ud83d\udcac  ::debug::explicit? false\n[Lint and Testing/lint   ]   \ud83d\udcac  ::debug::isExplicit: 1.14.15\n[Lint and Testing/lint   ]   \ud83d\udcac  ::debug::explicit? true\n[Lint and Testing/lint   ]   \ud83d\udcac  ::debug::isExplicit: 1.15.15\n[Lint and Testing/lint   ]   \ud83d\udcac  ::debug::explicit? true\n[Lint and Testing/lint   ]   \ud83d\udcac  ::debug::isExplicit: 1.16.7\n[Lint and Testing/lint   ]   \ud83d\udcac  ::debug::explicit? true\n[Lint and Testing/lint   ]   \ud83d\udcac  ::debug::evaluating 3 versions\n[Lint and Testing/lint   ]   \ud83d\udcac  ::debug::matched: 1.16.7\n[Lint and Testing/lint   ]   \ud83d\udcac  ::debug::checking cache: /opt/hostedtoolcache/go/1.16.7/x64\n[Lint and Testing/lint   ]   \ud83d\udcac  ::debug::Found tool in cache go 1.16.7 x64\n[Lint and Testing/lint   ]   | Found in cache @ /opt/hostedtoolcache/go/1.16.7/x64\n[Lint and Testing/lint   ]   | Added go to the path\n[Lint and Testing/lint   ]   | Successfully set up Go version ^1\n[Lint and Testing/lint   ]   \ud83d\udcac  ::debug::which go :/opt/hostedtoolcache/go/1.16.7/x64/bin/go:\n[Lint and Testing/lint   ]   \ud83d\udcac  ::debug::go env GOPATH :/home/runneradmin/go:\n[Lint and Testing/lint   ]   \ud83d\udcac  ::debug::creating /home/runneradmin/go\n[Lint and Testing/lint   ]   \ud83d\udcac  ::debug::creating /home/runneradmin/go/bin\n[Lint and Testing/lint   ]   \ud83d\udcac  ::debug::add bin true\n[Lint and Testing/lint   ]   \ud83d\udea7  ::warning::The runner was not able to contact the cache service. Caching will be skipped\n[Lint and Testing/lint   ]   \u2753 add-matcher /run/act/actions/actions-setup-go@v4/matchers.json\n[Lint and Testing/lint   ]   | go version go1.16.7 linux/amd64\n[Lint and Testing/lint   ]   | \n[Lint and Testing/lint   ]   \u2753  ::group::go env\n[Lint and Testing/lint   ]   | GO111MODULE=\"\"\n[Lint and Testing/lint   ]   | GOARCH=\"amd64\"\n[Lint and Testing/lint   ]   | GOBIN=\"\"\n[Lint and Testing/lint   ]   | GOCACHE=\"/home/runneradmin/.cache/go-build\"\n[Lint and Testing/lint   ]   | GOENV=\"/home/runneradmin/.config/go/env\"\n[Lint and Testing/lint   ]   | GOEXE=\"\"\n[Lint and Testing/lint   ]   | GOFLAGS=\"\"\n[Lint and Testing/lint   ]   | GOHOSTARCH=\"amd64\"\n[Lint and Testing/lint   ]   | GOHOSTOS=\"linux\"\n[Lint and Testing/lint   ]   | GOINSECURE=\"\"\n[Lint and Testing/lint   ]   | GOMODCACHE=\"/home/runneradmin/go/pkg/mod\"\n[Lint and Testing/lint   ]   | GONOPROXY=\"\"\n[Lint and Testing/lint   ]   | GONOSUMDB=\"\"\n[Lint and Testing/lint   ]   | GOOS=\"linux\"\n[Lint and Testing/lint   ]   | GOPATH=\"/home/runneradmin/go\"\n[Lint and Testing/lint   ]   | GOPRIVATE=\"\"\n[Lint and Testing/lint   ]   | GOPROXY=\"https://proxy.golang.org,direct\"\n[Lint and Testing/lint   ]   | GOROOT=\"/opt/hostedtoolcache/go/1.16.7/x64\"\n[Lint and Testing/lint   ]   | GOSUMDB=\"sum.golang.org\"\n[Lint and Testing/lint   ]   | GOTMPDIR=\"\"\n[Lint and Testing/lint   ]   | GOTOOLDIR=\"/opt/hostedtoolcache/go/1.16.7/x64/pkg/tool/linux_amd64\"\n[Lint and Testing/lint   ]   | GOVCS=\"\"\n[Lint and Testing/lint   ]   | GOVERSION=\"go1.16.7\"\n[Lint and Testing/lint   ]   | GCCGO=\"gccgo\"\n[Lint and Testing/lint   ]   | AR=\"ar\"\n[Lint and Testing/lint   ]   | CC=\"gcc\"\n[Lint and Testing/lint   ]   | CXX=\"g++\"\n[Lint and Testing/lint   ]   | CGO_ENABLED=\"1\"\n[Lint and Testing/lint   ]   | GOMOD=\"/tmp/c66e4e10-fed3-11ed-a890-af2cc187fc11/appleboy-drone-ssh/go.mod\"\n[Lint and Testing/lint   ]   | CGO_CFLAGS=\"-g -O2\"\n[Lint and Testing/lint   ]   | CGO_CPPFLAGS=\"\"\n[Lint and Testing/lint   ]   | CGO_CXXFLAGS=\"-g -O2\"\n[Lint and Testing/lint   ]   | CGO_FFLAGS=\"-g -O2\"\n[Lint and Testing/lint   ]   | CGO_LDFLAGS=\"-g -O2\"\n[Lint and Testing/lint   ]   | PKG_CONFIG=\"pkg-config\"\n[Lint and Testing/lint   ]   | GOGCCFLAGS=\"-fPIC -m64 -pthread -fmessage-length=0 -fdebug-prefix-map=/tmp/go-build849151829=/tmp/go-build -gno-record-gcc-switches\"\n[Lint and Testing/lint   ]   | \n[Lint and Testing/lint   ]   \u2753  ::endgroup::\n[Lint and Testing/lint   ]   \u2705  Success - Main Setup go\n[Lint and Testing/lint   ]   \u2699  ::set-output:: go-version=1.16.7\n[Lint and Testing/lint   ]   \u2699  ::add-path:: /opt/hostedtoolcache/go/1.16.7/x64/bin\n[Lint and Testing/lint   ]   \u2699  ::add-path:: /home/runneradmin/go/bin\n[Lint and Testing/lint   ] \u2b50 Run Main Checkout repository\n[Lint and Testing/testing]   | === RUN   TestMissingHostOrUser\n[Lint and Testing/testing]   | --- PASS: TestMissingHostOrUser (0.00s)\n[Lint and Testing/testing]   | === RUN   TestMissingKeyOrPassword\n[Lint and Testing/testing]   | --- PASS: TestMissingKeyOrPassword (0.00s)\n[Lint and Testing/testing]   | === RUN   TestIncorrectPassword\n[Lint and Testing/testing]   | ======CMD======\n[Lint and Testing/testing]   | whoami\n[Lint and Testing/testing]   | ======END======\n[Lint and Testing/lint   ]   \u2705  Success - Main Checkout repository\n[Lint and Testing/lint   ] \u2b50 Run Main Setup golangci-lint\n[Lint and Testing/testing]   | --- PASS: TestIncorrectPassword (18.71s)\n[Lint and Testing/testing]   | === RUN   TestSSHScriptFromRawKey\n[Lint and Testing/testing]   | ======CMD======\n[Lint and Testing/testing]   | whoami\n[Lint and Testing/testing]   | ======END======\n[Lint and Testing/lint   ]   \ud83d\udc33  docker cp src=/home/andre-silva/.cache/act/golangci-golangci-lint-action@v3/ dst=/var/run/act/actions/golangci-golangci-lint-action@v3/\n[Lint and Testing/testing]   |     plugin_test.go:97: \n[Lint and Testing/testing]   |         \tError Trace:\t/tmp/c66e4e10-fed3-11ed-a890-af2cc187fc11/appleboy-drone-ssh/plugin_test.go:97\n[Lint and Testing/testing]   |         \tError:      \tExpected nil, but got: &errors.errorString{s:\"ssh: handshake failed: ssh: unable to authenticate, attempted methods [none publickey], no supported methods remain\"}\n[Lint and Testing/testing]   |         \tTest:       \tTestSSHScriptFromRawKey\n[Lint and Testing/testing]   | --- FAIL: TestSSHScriptFromRawKey (3.53s)\n[Lint and Testing/testing]   | === RUN   TestSSHScriptFromKeyFile\n[Lint and Testing/testing]   | localhost: ======CMD======\n[Lint and Testing/testing]   | localhost: whoami\n[Lint and Testing/testing]   | ls -al\n[Lint and Testing/testing]   | localhost: ======END======\n[Lint and Testing/testing]   | 127.0.0.1: ======CMD======\n[Lint and Testing/testing]   | 127.0.0.1: whoami\n[Lint and Testing/testing]   | ls -al\n[Lint and Testing/testing]   | 127.0.0.1: ======END======\n[Lint and Testing/lint   ]   \ud83d\udc33  docker exec cmd=[chown -R 1012:1000 /var/run/act/actions/golangci-golangci-lint-action@v3/] user=0 workdir=\n[Lint and Testing/testing]   |     plugin_test.go:113: \n[Lint and Testing/testing]   |         \tError Trace:\t/tmp/c66e4e10-fed3-11ed-a890-af2cc187fc11/appleboy-drone-ssh/plugin_test.go:113\n[Lint and Testing/testing]   |         \tError:      \tExpected nil, but got: &errors.errorString{s:\"ssh: handshake failed: ssh: unable to authenticate, attempted methods [none publickey], no supported methods remain\"}\n[Lint and Testing/testing]   |         \tTest:       \tTestSSHScriptFromKeyFile\n[Lint and Testing/testing]   | --- FAIL: TestSSHScriptFromKeyFile (5.33s)\n[Lint and Testing/testing]   | === RUN   TestStreamFromSSHCommand\n[Lint and Testing/testing]   | localhost: ======CMD======\n[Lint and Testing/testing]   | localhost: whoami\n[Lint and Testing/testing]   | for i in {1..5}; do echo ${i}; sleep 1; done\n[Lint and Testing/testing]   | echo 'done'\n[Lint and Testing/testing]   | localhost: ======END======\n[Lint and Testing/testing]   | 127.0.0.1: ======CMD======\n[Lint and Testing/testing]   | 127.0.0.1: whoami\n[Lint and Testing/testing]   | for i in {1..5}; do echo ${i}; sleep 1; done\n[Lint and Testing/testing]   | echo 'done'\n[Lint and Testing/testing]   | 127.0.0.1: ======END======\n[Lint and Testing/testing]   |     plugin_test.go:129: \n[Lint and Testing/testing]   |         \tError Trace:\t/tmp/c66e4e10-fed3-11ed-a890-af2cc187fc11/appleboy-drone-ssh/plugin_test.go:129\n[Lint and Testing/testing]   |         \tError:      \tExpected nil, but got: &errors.errorString{s:\"ssh: handshake failed: ssh: unable to authenticate, attempted methods [none publickey], no supported methods remain\"}\n[Lint and Testing/testing]   |         \tTest:       \tTestStreamFromSSHCommand\n[Lint and Testing/testing]   | --- FAIL: TestStreamFromSSHCommand (1.32s)\n[Lint and Testing/testing]   | === RUN   TestSSHScriptWithError\n[Lint and Testing/testing]   | localhost: ======CMD======\n[Lint and Testing/testing]   | localhost: exit 1\n[Lint and Testing/testing]   | localhost: ======END======\n[Lint and Testing/testing]   | 127.0.0.1: ======CMD======\n[Lint and Testing/testing]   | 127.0.0.1: exit 1\n[Lint and Testing/testing]   | 127.0.0.1: ======END======\n[Lint and Testing/testing]   | --- PASS: TestSSHScriptWithError (0.62s)\n[Lint and Testing/testing]   | === RUN   TestSSHCommandTimeOut\n[Lint and Testing/testing]   | ======CMD======\n[Lint and Testing/testing]   | sleep 5\n[Lint and Testing/testing]   | ======END======\n[Lint and Testing/testing]   | --- PASS: TestSSHCommandTimeOut (0.12s)\n[Lint and Testing/testing]   | === RUN   TestProxyCommand\n[Lint and Testing/testing]   | ======CMD======\n[Lint and Testing/testing]   | whoami\n[Lint and Testing/testing]   | ======END======\n[Lint and Testing/testing]   |     plugin_test.go:184: \n[Lint and Testing/testing]   |         \tError Trace:\t/tmp/c66e4e10-fed3-11ed-a890-af2cc187fc11/appleboy-drone-ssh/plugin_test.go:184\n[Lint and Testing/testing]   |         \tError:      \tExpected nil, but got: &errors.errorString{s:\"ssh: handshake failed: ssh: unable to authenticate, attempted methods [none publickey], no supported methods remain\"}\n[Lint and Testing/testing]   |         \tTest:       \tTestProxyCommand\n[Lint and Testing/testing]   | --- FAIL: TestProxyCommand (0.15s)\n[Lint and Testing/testing]   | === RUN   TestSSHCommandError\n[Lint and Testing/testing]   | ======CMD======\n[Lint and Testing/testing]   | mkdir a\n[Lint and Testing/testing]   | mkdir a\n[Lint and Testing/testing]   | ======END======\n[Lint and Testing/testing]   | --- PASS: TestSSHCommandError (0.18s)\n[Lint and Testing/testing]   | === RUN   TestSSHCommandExitCodeError\n[Lint and Testing/testing]   | ======CMD======\n[Lint and Testing/testing]   | set -e\n[Lint and Testing/testing]   | echo 1\n[Lint and Testing/testing]   | mkdir a\n[Lint and Testing/testing]   | mkdir a\n[Lint and Testing/testing]   | echo 2\n[Lint and Testing/testing]   | ======END======\n[Lint and Testing/testing]   | --- PASS: TestSSHCommandExitCodeError (0.13s)\n[Lint and Testing/testing]   | === RUN   TestSetENV\n[Lint and Testing/testing]   | ======CMD======\n[Lint and Testing/testing]   | whoami; echo $FOO\n[Lint and Testing/testing]   | ======END======\n[Lint and Testing/testing]   | ======ENV======\n[Lint and Testing/testing]   | export FOO=''\\''  1)  '\\'''\n[Lint and Testing/testing]   | ======END======\n[Lint and Testing/testing]   |     plugin_test.go:247: \n[Lint and Testing/testing]   |         \tError Trace:\t/tmp/c66e4e10-fed3-11ed-a890-af2cc187fc11/appleboy-drone-ssh/plugin_test.go:247\n[Lint and Testing/testing]   |         \tError:      \tExpected nil, but got: &errors.errorString{s:\"ssh: handshake failed: ssh: unable to authenticate, attempted methods [none publickey], no supported methods remain\"}\n[Lint and Testing/testing]   |         \tTest:       \tTestSetENV\n[Lint and Testing/testing]   | --- FAIL: TestSetENV (0.18s)\n[Lint and Testing/testing]   | === RUN   TestSetExistingENV\n[Lint and Testing/testing]   | ======CMD======\n[Lint and Testing/testing]   | export FOO\n[Lint and Testing/testing]   | export BAR\n[Lint and Testing/testing]   | export BAZ\n[Lint and Testing/testing]   | env | grep -q '^FOO=Value for foo$'\n[Lint and Testing/testing]   | env | grep -q '^BAR=$'\n[Lint and Testing/testing]   | if env | grep -q BAZ; then false; else true; fi\n[Lint and Testing/testing]   | ======END======\n[Lint and Testing/testing]   | ======ENV======\n[Lint and Testing/testing]   | export FOO='Value for foo'\n[Lint and Testing/testing]   | export BAR=''\n[Lint and Testing/testing]   | ======END======\n[Lint and Testing/testing]   |     plugin_test.go:273: \n[Lint and Testing/testing]   |         \tError Trace:\t/tmp/c66e4e10-fed3-11ed-a890-af2cc187fc11/appleboy-drone-ssh/plugin_test.go:273\n[Lint and Testing/testing]   |         \tError:      \tExpected nil, but got: &errors.errorString{s:\"ssh: handshake failed: ssh: unable to authenticate, attempted methods [none publickey], no supported methods remain\"}\n[Lint and Testing/testing]   |         \tTest:       \tTestSetExistingENV\n[Lint and Testing/testing]   | --- FAIL: TestSetExistingENV (0.15s)\n[Lint and Testing/testing]   | === RUN   TestSyncMode\n[Lint and Testing/testing]   | localhost: ======CMD======\n[Lint and Testing/testing]   | localhost: whoami\n[Lint and Testing/testing]   | for i in {1..3}; do echo ${i}; sleep 1; done\n[Lint and Testing/testing]   | echo 'done'\n[Lint and Testing/testing]   | localhost: ======END======\n[Lint and Testing/testing]   | 127.0.0.1: ======CMD======\n[Lint and Testing/testing]   | 127.0.0.1: whoami\n[Lint and Testing/testing]   | for i in {1..3}; do echo ${i}; sleep 1; done\n[Lint and Testing/testing]   | echo 'done'\n[Lint and Testing/testing]   | 127.0.0.1: ======END======\n[Lint and Testing/testing]   |     plugin_test.go:290: \n[Lint and Testing/testing]   |         \tError Trace:\t/tmp/c66e4e10-fed3-11ed-a890-af2cc187fc11/appleboy-drone-ssh/plugin_test.go:290\n[Lint and Testing/testing]   |         \tError:      \tExpected nil, but got: &errors.errorString{s:\"ssh: handshake failed: ssh: unable to authenticate, attempted methods [none publickey], no supported methods remain\"}\n[Lint and Testing/testing]   |         \tTest:       \tTestSyncMode\n[Lint and Testing/testing]   | --- FAIL: TestSyncMode (0.21s)\n[Lint and Testing/testing]   | === RUN   Test_escapeArg\n[Lint and Testing/testing]   | === RUN   Test_escapeArg/escape_nothing\n[Lint and Testing/testing]   | === RUN   Test_escapeArg/escape_single_quote\n[Lint and Testing/testing]   | --- PASS: Test_escapeArg (0.00s)\n[Lint and Testing/testing]   |     --- PASS: Test_escapeArg/escape_nothing (0.00s)\n[Lint and Testing/testing]   |     --- PASS: Test_escapeArg/escape_single_quote (0.00s)\n[Lint and Testing/testing]   | === RUN   TestCommandOutput\n[Lint and Testing/testing]   |     plugin_test.go:366: \n[Lint and Testing/testing]   |         \tError Trace:\t/tmp/c66e4e10-fed3-11ed-a890-af2cc187fc11/appleboy-drone-ssh/plugin_test.go:366\n[Lint and Testing/testing]   |         \tError:      \tExpected nil, but got: &errors.errorString{s:\"ssh: handshake failed: ssh: unable to authenticate, attempted methods [none publickey], no supported methods remain\"}\n[Lint and Testing/testing]   |         \tTest:       \tTestCommandOutput\n[Lint and Testing/testing]   |     plugin_test.go:368: \n[Lint and Testing/testing]   |         \tError Trace:\t/tmp/c66e4e10-fed3-11ed-a890-af2cc187fc11/appleboy-drone-ssh/plugin_test.go:368\n[Lint and Testing/testing]   |         \tError:      \tNot equal: \n[Lint and Testing/testing]   |         \t            \texpected: \"localhost: ======CMD======\\nlocalhost: pwd\\nwhoami\\nuname\\nlocalhost: ======END======\\nlocalhost: out: /home/drone-scp\\nlocalhost: out: drone-scp\\nlocalhost: out: Linux\\n127.0.0.1: ======CMD======\\n127.0.0.1: pwd\\nwhoami\\nuname\\n127.0.0.1: ======END======\\n127.0.0.1: out: /home/drone-scp\\n127.0.0.1: out: drone-scp\\n127.0.0.1: out: Linux\"\n[Lint and Testing/testing]   |         \t            \tactual  : \"localhost: ======CMD======\\nlocalhost: pwd\\nwhoami\\nuname\\nlocalhost: ======END======\\n127.0.0.1: ======CMD======\\n127.0.0.1: pwd\\nwhoami\\nuname\\n127.0.0.1: ======END======\"\n[Lint and Testing/testing]   |         \t            \t\n[Lint and Testing/testing]   |         \t            \tDiff:\n[Lint and Testing/testing]   |         \t            \t--- Expected\n[Lint and Testing/testing]   |         \t            \t+++ Actual\n[Lint and Testing/testing]   |         \t            \t@@ -5,5 +5,2 @@\n[Lint and Testing/testing]   |         \t            \t localhost: ======END======\n[Lint and Testing/testing]   |         \t            \t-localhost: out: /home/drone-scp\n[Lint and Testing/testing]   |         \t            \t-localhost: out: drone-scp\n[Lint and Testing/testing]   |         \t            \t-localhost: out: Linux\n[Lint and Testing/testing]   |         \t            \t 127.0.0.1: ======CMD======\n[Lint and Testing/testing]   |         \t            \t@@ -13,4 +10 @@\n[Lint and Testing/testing]   |         \t            \t 127.0.0.1: ======END======\n[Lint and Testing/testing]   |         \t            \t-127.0.0.1: out: /home/drone-scp\n[Lint and Testing/testing]   |         \t            \t-127.0.0.1: out: drone-scp\n[Lint and Testing/testing]   |         \t            \t-127.0.0.1: out: Linux\n[Lint and Testing/testing]   |         \tTest:       \tTestCommandOutput\n[Lint and Testing/testing]   | --- FAIL: TestCommandOutput (0.45s)\n[Lint and Testing/testing]   | === RUN   TestWrongFingerprint\n[Lint and Testing/testing]   | --- PASS: TestWrongFingerprint (0.18s)\n[Lint and Testing/testing]   | === RUN   TestFingerprint\n[Lint and Testing/testing]   |     plugin_test.go:439: \n[Lint and Testing/testing]   |         \tError Trace:\t/tmp/c66e4e10-fed3-11ed-a890-af2cc187fc11/appleboy-drone-ssh/plugin_test.go:439\n[Lint and Testing/testing]   |         \tError:      \tExpected nil, but got: &errors.errorString{s:\"ssh: handshake failed: ssh: host key fingerprint mismatch\"}\n[Lint and Testing/testing]   |         \tTest:       \tTestFingerprint\n[Lint and Testing/testing]   |     plugin_test.go:440: \n[Lint and Testing/testing]   |         \tError Trace:\t/tmp/c66e4e10-fed3-11ed-a890-af2cc187fc11/appleboy-drone-ssh/plugin_test.go:440\n[Lint and Testing/testing]   |         \tError:      \tNot equal: \n[Lint and Testing/testing]   |         \t            \texpected: \"======CMD======\\nwhoami\\n======END======\\nout: drone-scp\"\n[Lint and Testing/testing]   |         \t            \tactual  : \"======CMD======\\nwhoami\\n======END======\"\n[Lint and Testing/testing]   |         \t            \t\n[Lint and Testing/testing]   |         \t            \tDiff:\n[Lint and Testing/testing]   |         \t            \t--- Expected\n[Lint and Testing/testing]   |         \t            \t+++ Actual\n[Lint and Testing/testing]   |         \t            \t@@ -3,2 +3 @@\n[Lint and Testing/testing]   |         \t            \t ======END======\n[Lint and Testing/testing]   |         \t            \t-out: drone-scp\n[Lint and Testing/testing]   |         \tTest:       \tTestFingerprint\n[Lint and Testing/testing]   | --- FAIL: TestFingerprint (0.10s)\n[Lint and Testing/testing]   | === RUN   TestScriptStopWithMultipleHostAndSyncMode\n[Lint and Testing/testing]   |     plugin_test.go:475: \n[Lint and Testing/testing]   |         \tError Trace:\t/tmp/c66e4e10-fed3-11ed-a890-af2cc187fc11/appleboy-drone-ssh/plugin_test.go:475\n[Lint and Testing/testing]   |         \tError:      \tNot equal: \n[Lint and Testing/testing]   |         \t            \texpected: \"======CMD======\\nmkdir a/b/c\\nmkdir d/e/f\\n======END======\\nerr: mkdir: can't create directory 'a/b/c': No such file or directory\"\n[Lint and Testing/testing]   |         \t            \tactual  : \"======CMD======\\nmkdir a/b/c\\nmkdir d/e/f\\n======END======\"\n[Lint and Testing/testing]   |         \t            \t\n[Lint and Testing/testing]   |         \t            \tDiff:\n[Lint and Testing/testing]   |         \t            \t--- Expected\n[Lint and Testing/testing]   |         \t            \t+++ Actual\n[Lint and Testing/testing]   |         \t            \t@@ -4,2 +4 @@\n[Lint and Testing/testing]   |         \t            \t ======END======\n[Lint and Testing/testing]   |         \t            \t-err: mkdir: can't create directory 'a/b/c': No such file or directory\n[Lint and Testing/testing]   |         \tTest:       \tTestScriptStopWithMultipleHostAndSyncMode\n[Lint and Testing/testing]   | --- FAIL: TestScriptStopWithMultipleHostAndSyncMode (0.12s)\n[Lint and Testing/testing]   | === RUN   TestScriptStop\n[Lint and Testing/testing]   |     plugin_test.go:509: \n[Lint and Testing/testing]   |         \tError Trace:\t/tmp/c66e4e10-fed3-11ed-a890-af2cc187fc11/appleboy-drone-ssh/plugin_test.go:509\n[Lint and Testing/testing]   |         \tError:      \tNot equal: \n[Lint and Testing/testing]   |         \t            \texpected: \"======CMD======\\nmkdir a/b/c\\nmkdir d/e/f\\n======END======\\nerr: mkdir: can't create directory 'a/b/c': No such file or directory\"\n[Lint and Testing/testing]   |         \t            \tactual  : \"======CMD======\\nmkdir a/b/c\\nmkdir d/e/f\\n======END======\"\n[Lint and Testing/testing]   |         \t            \t\n[Lint and Testing/testing]   |         \t            \tDiff:\n[Lint and Testing/testing]   |         \t            \t--- Expected\n[Lint and Testing/testing]   |         \t            \t+++ Actual\n[Lint and Testing/testing]   |         \t            \t@@ -4,2 +4 @@\n[Lint and Testing/testing]   |         \t            \t ======END======\n[Lint and Testing/testing]   |         \t            \t-err: mkdir: can't create directory 'a/b/c': No such file or directory\n[Lint and Testing/testing]   |         \tTest:       \tTestScriptStop\n[Lint and Testing/testing]   | --- FAIL: TestScriptStop (0.10s)\n[Lint and Testing/testing]   | === RUN   TestNoneScriptStop\n[Lint and Testing/testing]   |     plugin_test.go:543: \n[Lint and Testing/testing]   |         \tError Trace:\t/tmp/c66e4e10-fed3-11ed-a890-af2cc187fc11/appleboy-drone-ssh/plugin_test.go:543\n[Lint and Testing/testing]   |         \tError:      \tNot equal: \n[Lint and Testing/testing]   |         \t            \texpected: \"======CMD======\\nmkdir a/b/c\\nmkdir d/e/f\\n======END======\\nerr: mkdir: can't create directory 'a/b/c': No such file or directory\\nerr: mkdir: can't create directory 'd/e/f': No such file or directory\"\n[Lint and Testing/testing]   |         \t            \tactual  : \"======CMD======\\nmkdir a/b/c\\nmkdir d/e/f\\n======END======\"\n[Lint and Testing/testing]   |         \t            \t\n[Lint and Testing/testing]   |         \t            \tDiff:\n[Lint and Testing/testing]   |         \t            \t--- Expected\n[Lint and Testing/testing]   |         \t            \t+++ Actual\n[Lint and Testing/testing]   |         \t            \t@@ -4,3 +4 @@\n[Lint and Testing/testing]   |         \t            \t ======END======\n[Lint and Testing/testing]   |         \t            \t-err: mkdir: can't create directory 'a/b/c': No such file or directory\n[Lint and Testing/testing]   |         \t            \t-err: mkdir: can't create directory 'd/e/f': No such file or directory\n[Lint and Testing/testing]   |         \tTest:       \tTestNoneScriptStop\n[Lint and Testing/testing]   | --- FAIL: TestNoneScriptStop (0.16s)\n[Lint and Testing/testing]   | === RUN   TestEnvOutput\n[Lint and Testing/testing]   |     plugin_test.go:616: \n[Lint and Testing/testing]   |         \tError Trace:\t/tmp/c66e4e10-fed3-11ed-a890-af2cc187fc11/appleboy-drone-ssh/plugin_test.go:616\n[Lint and Testing/testing]   |         \tError:      \tExpected nil, but got: &errors.errorString{s:\"ssh: handshake failed: ssh: unable to authenticate, attempted methods [none publickey], no supported methods remain\"}\n[Lint and Testing/testing]   |         \tTest:       \tTestEnvOutput\n[Lint and Testing/testing]   |     plugin_test.go:618: \n[Lint and Testing/testing]   |         \tError Trace:\t/tmp/c66e4e10-fed3-11ed-a890-af2cc187fc11/appleboy-drone-ssh/plugin_test.go:618\n[Lint and Testing/testing]   |         \tError:      \tNot equal: \n[Lint and Testing/testing]   |         \t            \texpected: \"======CMD======\\necho \\\"[${ENV_1}]\\\"\\necho \\\"[${ENV_2}]\\\"\\necho \\\"[${ENV_3}]\\\"\\necho \\\"[${ENV_4}]\\\"\\necho \\\"[${ENV_5}]\\\"\\necho \\\"[${ENV_6}]\\\"\\necho \\\"[${ENV_7}]\\\"\\n======END======\\n======ENV======\\nexport ENV_1='test'\\nexport ENV_2='test test'\\nexport ENV_3='test '\\nexport ENV_4='  test  test  '\\nexport ENV_5='test'\\\\'''\\nexport ENV_6='test\\\"'\\nexport ENV_7='test,!#;?.@$~'\\\\''\\\"'\\n======END======\\nout: [test]\\nout: [test test]\\nout: [test ]\\nout: [  test  test  ]\\nout: [test']\\nout: [test\\\"]\\nout: [test,!#;?.@$~'\\\"]\"\n[Lint and Testing/testing]   |         \t            \tactual  : \"======CMD======\\necho \\\"[${ENV_1}]\\\"\\necho \\\"[${ENV_2}]\\\"\\necho \\\"[${ENV_3}]\\\"\\necho \\\"[${ENV_4}]\\\"\\necho \\\"[${ENV_5}]\\\"\\necho \\\"[${ENV_6}]\\\"\\necho \\\"[${ENV_7}]\\\"\\n======END======\\n======ENV======\\nexport ENV_1='test'\\nexport ENV_2='test test'\\nexport ENV_3='test '\\nexport ENV_4='  test  test  '\\nexport ENV_5='test'\\\\'''\\nexport ENV_6='test\\\"'\\nexport ENV_7='test,!#;?.@$~'\\\\''\\\"'\\n======END======\"\n[Lint and Testing/testing]   |         \t            \t\n[Lint and Testing/testing]   |         \t            \tDiff:\n[Lint and Testing/testing]   |         \t            \t--- Expected\n[Lint and Testing/testing]   |         \t            \t+++ Actual\n[Lint and Testing/testing]   |         \t            \t@@ -18,8 +18 @@\n[Lint and Testing/testing]   |         \t            \t ======END======\n[Lint and Testing/testing]   |         \t            \t-out: [test]\n[Lint and Testing/testing]   |         \t            \t-out: [test test]\n[Lint and Testing/testing]   |         \t            \t-out: [test ]\n[Lint and Testing/testing]   |         \t            \t-out: [  test  test  ]\n[Lint and Testing/testing]   |         \t            \t-out: [test']\n[Lint and Testing/testing]   |         \t            \t-out: [test\"]\n[Lint and Testing/testing]   |         \t            \t-out: [test,!#;?.@$~'\"]\n[Lint and Testing/testing]   |         \tTest:       \tTestEnvOutput\n[Lint and Testing/testing]   | --- FAIL: TestEnvOutput (0.53s)\n[Lint and Testing/testing]   | === RUN   TestPlugin_scriptCommands\n[Lint and Testing/testing]   | === RUN   TestPlugin_scriptCommands/normal_testing\n[Lint and Testing/testing]   | === RUN   TestPlugin_scriptCommands/script_stop\n[Lint and Testing/testing]   | === RUN   TestPlugin_scriptCommands/normal_testing_2\n[Lint and Testing/testing]   | === RUN   TestPlugin_scriptCommands/Multiline_SSH_commands_interpreted_as_single_lines\n[Lint and Testing/testing]   | === RUN   TestPlugin_scriptCommands/trim_space\n[Lint and Testing/testing]   | --- PASS: TestPlugin_scriptCommands (0.00s)\n[Lint and Testing/testing]   |     --- PASS: TestPlugin_scriptCommands/normal_testing (0.00s)\n[Lint and Testing/testing]   |     --- PASS: TestPlugin_scriptCommands/script_stop (0.00s)\n[Lint and Testing/testing]   |     --- PASS: TestPlugin_scriptCommands/normal_testing_2 (0.00s)\n[Lint and Testing/testing]   |     --- PASS: TestPlugin_scriptCommands/Multiline_SSH_commands_interpreted_as_single_lines (0.00s)\n[Lint and Testing/testing]   |     --- PASS: TestPlugin_scriptCommands/trim_space (0.00s)\n[Lint and Testing/testing]   | === RUN   TestUseInsecureCipher\n[Lint and Testing/testing]   |     plugin_test.go:731: \n[Lint and Testing/testing]   |         \tError Trace:\t/tmp/c66e4e10-fed3-11ed-a890-af2cc187fc11/appleboy-drone-ssh/plugin_test.go:731\n[Lint and Testing/testing]   |         \tError:      \tNot equal: \n[Lint and Testing/testing]   |         \t            \texpected: \"======CMD======\\nmkdir a/b/c\\nmkdir d/e/f\\n======END======\\nerr: mkdir: can't create directory 'a/b/c': No such file or directory\\nerr: mkdir: can't create directory 'd/e/f': No such file or directory\"\n[Lint and Testing/testing]   |         \t            \tactual  : \"======CMD======\\nmkdir a/b/c\\nmkdir d/e/f\\n======END======\"\n[Lint and Testing/testing]   |         \t            \t\n[Lint and Testing/testing]   |         \t            \tDiff:\n[Lint and Testing/testing]   |         \t            \t--- Expected\n[Lint and Testing/testing]   |         \t            \t+++ Actual\n[Lint and Testing/testing]   |         \t            \t@@ -4,3 +4 @@\n[Lint and Testing/testing]   |         \t            \t ======END======\n[Lint and Testing/testing]   |         \t            \t-err: mkdir: can't create directory 'a/b/c': No such file or directory\n[Lint and Testing/testing]   |         \t            \t-err: mkdir: can't create directory 'd/e/f': No such file or directory\n[Lint and Testing/testing]   |         \tTest:       \tTestUseInsecureCipher\n[Lint and Testing/testing]   | --- FAIL: TestUseInsecureCipher (0.24s)\n[Lint and Testing/testing]   | === RUN   TestPlugin_hostPort\n[Lint and Testing/testing]   | === RUN   TestPlugin_hostPort/default_host_and_port\n[Lint and Testing/testing]   | === RUN   TestPlugin_hostPort/different_port\n[Lint and Testing/testing]   | --- PASS: TestPlugin_hostPort (0.00s)\n[Lint and Testing/testing]   |     --- PASS: TestPlugin_hostPort/default_host_and_port (0.00s)\n[Lint and Testing/testing]   |     --- PASS: TestPlugin_hostPort/different_port (0.00s)\n[Lint and Testing/testing]   | FAIL\n[Lint and Testing/testing]   | coverage: 68.4% of statements\n[Lint and Testing/testing]   | FAIL\tgithub.com/appleboy/drone-ssh\t32.834s\n[Lint and Testing/testing]   | FAIL\n[Lint and Testing/testing]   | make: *** [Makefile:76: test] Error 1\n[Lint and Testing/testing]   \u274c  Failure - Main testing\n[Lint and Testing/testing] exitcode '2': failure\n[Lint and Testing/testing] failed to remove container: Delete \"http://%2Fvar%2Frun%2Fdocker.sock/v1.41/containers/d6546da2220d25f663ccf5c9fd38a10c0be071912a1afbad373814844ed4fcd7?force=1&v=1\": context deadline exceeded\n[Lint and Testing/testing] \ud83c\udfc1  Job failed\n[Lint and Testing/lint   ]   \ud83d\udc33  docker exec cmd=[node /var/run/act/actions/golangci-golangci-lint-action@v3/dist/run/index.js] user= workdir=\n[Lint and Testing/lint   ]   \u2753  ::group::prepare environment\n[Lint and Testing/lint   ]   | Checking for go.mod: go.mod\n[Lint and Testing/lint   ]   | Finding needed golangci-lint version...\n[Lint and Testing/lint   ]   \ud83d\udcac  ::debug::Resolved Keys:\n[Lint and Testing/lint   ]   \ud83d\udcac  ::debug::[\"golangci-lint.cache-2786-7f77bd4a338e93e00099fd3d632036063cc608ab\",\"golangci-lint.cache-2786-\"]\n[Lint and Testing/lint   ]   \ud83d\udcac  ::debug::Checking zstd --version\n[Lint and Testing/lint   ]   \ud83d\udcac  ::debug::*** zstd command line interface 64-bits v1.5.0, by Yann Collet ***\n[Lint and Testing/lint   ]   \ud83d\udcac  ::debug::getCacheEntry - Attempt 1 of 2 failed with error: Cache Service Url not found, unable to restore cache.\n[Lint and Testing/lint   ]   | Requested golangci-lint 'latest', using 'v1.52.2', calculation took 249ms\n[Lint and Testing/lint   ]   | Installing golangci-lint v1.52.2...\n[Lint and Testing/lint   ]   | Downloading https://github.com/golangci/golangci-lint/releases/download/v1.52.2/golangci-lint-1.52.2-linux-amd64.tar.gz ...\n[Lint and Testing/lint   ]   \ud83d\udcac  ::debug::Downloading https://github.com/golangci/golangci-lint/releases/download/v1.52.2/golangci-lint-1.52.2-linux-amd64.tar.gz\n[Lint and Testing/lint   ]   \ud83d\udcac  ::debug::Destination /tmp/1756b387-c21e-4b9d-ab69-b27f92031f94\n[Lint and Testing/lint   ]   \ud83d\udcac  ::debug::download complete\n[Lint and Testing/lint   ]   \ud83d\udcac  ::debug::Checking tar --version\n[Lint and Testing/lint   ]   \ud83d\udcac  ::debug::tar (GNU tar) 1.30%0ACopyright (C) 2017 Free Software Foundation, Inc.%0ALicense GPLv3+: GNU GPL version 3 or later <https://gnu.org/licenses/gpl.html>.%0AThis is free software: you are free to change and redistribute it.%0AThere is NO WARRANTY, to the extent permitted by law.%0A%0AWritten by John Gilmore and Jay Fenlason.\n[Lint and Testing/lint   ]   | [command]/usr/bin/tar xz --overwrite --warning=no-unknown-keyword --overwrite -C /home/runneradmin -f /tmp/1756b387-c21e-4b9d-ab69-b27f92031f94\n[Lint and Testing/lint   ]   | Installed golangci-lint into /home/runneradmin/golangci-lint-1.52.2-linux-amd64/golangci-lint in 2908ms\n[Lint and Testing/lint   ]   \ud83d\udcac  ::debug::getCacheEntry - Attempt 2 of 2 failed with error: Cache Service Url not found, unable to restore cache.\n[Lint and Testing/lint   ]   \ud83d\udea7  ::warning::Failed to restore: getCacheEntry failed: Cache Service Url not found, unable to restore cache.\n[Lint and Testing/lint   ]   \ud83d\udcac  ::debug::Failed to delete archive: Error: ENOENT: no such file or directory, unlink ''\n[Lint and Testing/lint   ]   | Cache not found for input keys: golangci-lint.cache-2786-7f77bd4a338e93e00099fd3d632036063cc608ab, golangci-lint.cache-2786-\n[Lint and Testing/lint   ]   | Prepared env in 10315ms\n[Lint and Testing/lint   ]   \u2753  ::endgroup::\n[Lint and Testing/lint   ]   \u2753  ::group::run golangci-lint\n[Lint and Testing/lint   ]   | Running [/home/runneradmin/golangci-lint-1.52.2-linux-amd64/golangci-lint run --out-format=github-actions --verbose] in [] ...\n[Lint and Testing/lint   ]   | level=info msg=\"[config_reader] Config search paths: [./ /tmp/c66e4e10-fed3-11ed-a890-af2cc187fc11/appleboy-drone-ssh /tmp/c66e4e10-fed3-11ed-a890-af2cc187fc11 /tmp / /home/runneradmin]\"\n[Lint and Testing/lint   ]   | level=info msg=\"[lintersdb] Active 7 linters: [errcheck gosimple govet ineffassign staticcheck typecheck unused]\"\n[Lint and Testing/lint   ]   | level=info msg=\"[loader] Go packages loading at mode 575 (imports|name|deps|files|types_sizes|compiled_files|exports_file) took 123.826744ms\"\n[Lint and Testing/lint   ]   | level=error msg=\"Running error: context loading failed: failed to load packages: failed to load with go/packages: err: exit status 1: stderr: go: github.com/appleboy/easyssh-proxy@v1.3.10 requires\\n\\tgolang.org/x/crypto@v0.7.0: missing go.sum entry; to add it:\\n\\tgo mod download golang.org/x/crypto\\n\"\n[Lint and Testing/lint   ]   | level=info msg=\"Memory: 4 samples, avg is 32.0MB, max is 32.1MB\"\n[Lint and Testing/lint   ]   | level=info msg=\"Execution took 231.341059ms\"\n[Lint and Testing/lint   ]   | \n[Lint and Testing/lint   ]   \u2757  ::error::golangci-lint exit with code 3\n[Lint and Testing/lint   ]   | Ran golangci-lint in 1594ms\n[Lint and Testing/lint   ]   \u2753  ::endgroup::\n[Lint and Testing/lint   ]   \u274c  Failure - Main Setup golangci-lint\n[Lint and Testing/lint   ]   \u2699  ::set-env:: MSYS=winsymlinks:nativestrict\n[Lint and Testing/lint   ]   \u2699  ::add-path:: /home/runneradmin/golangci-lint-1.52.2-linux-amd64\n[Lint and Testing/lint   ] exitcode '1': failure\n[Lint and Testing/lint   ] \u2b50 Run Post Setup golangci-lint\n[Lint and Testing/lint   ]   \ud83d\udc33  docker exec cmd=[node /var/run/act/actions/golangci-golangci-lint-action@v3/dist/post_run/index.js] user= workdir=\n[Lint and Testing/lint   ]   \ud83d\udcac  ::debug::Checking zstd --version\n[Lint and Testing/lint   ]   \ud83d\udcac  ::debug::*** zstd command line interface 64-bits v1.5.0, by Yann Collet ***\n[Lint and Testing/lint   ]   \ud83d\udcac  ::debug::implicitDescendants 'false'\n[Lint and Testing/lint   ]   \ud83d\udcac  ::debug::followSymbolicLinks 'true'\n[Lint and Testing/lint   ]   \ud83d\udcac  ::debug::implicitDescendants 'false'\n[Lint and Testing/lint   ]   \ud83d\udcac  ::debug::omitBrokenSymbolicLinks 'true'\n[Lint and Testing/lint   ]   \ud83d\udcac  ::debug::Search path '/home/runneradmin/.cache/golangci-lint'\n[Lint and Testing/lint   ]   \ud83d\udcac  ::debug::Search path '/home/runneradmin/.cache/go-build'\n[Lint and Testing/lint   ]   \ud83d\udcac  ::debug::Search path '/home/runneradmin/go/pkg'\n[Lint and Testing/lint   ]   \ud83d\udcac  ::debug::Matched: ../../../home/runneradmin/.cache/golangci-lint\n[Lint and Testing/lint   ]   \ud83d\udcac  ::debug::Matched: ../../../home/runneradmin/.cache/go-build\n[Lint and Testing/lint   ]   \ud83d\udcac  ::debug::Matched: ../../../home/runneradmin/go/pkg\n[Lint and Testing/lint   ]   \ud83d\udcac  ::debug::Cache Paths:\n[Lint and Testing/lint   ]   \ud83d\udcac  ::debug::[\"../../../home/runneradmin/.cache/golangci-lint\",\"../../../home/runneradmin/.cache/go-build\",\"../../../home/runneradmin/go/pkg\"]\n[Lint and Testing/lint   ]   \ud83d\udcac  ::debug::Archive Path: /tmp/605c0686-fd17-42e7-be40-f4cb746ba10d/cache.tzst\n[Lint and Testing/lint   ]   | [command]/usr/bin/tar --posix -cf cache.tzst --exclude cache.tzst -P -C /tmp/c66e4e10-fed3-11ed-a890-af2cc187fc11/appleboy-drone-ssh --files-from manifest.txt --use-compress-program zstdmt\n[Lint and Testing/lint   ]   \ud83d\udcac  ::debug::File Size: 15153\n[Lint and Testing/lint   ]   \ud83d\udcac  ::debug::Reserving Cache\n[Lint and Testing/lint   ]   \ud83d\udcac  ::debug::reserveCache - Attempt 1 of 2 failed with error: Cache Service Url not found, unable to restore cache.\n[Lint and Testing/lint   ]   \ud83d\udcac  ::debug::reserveCache - Attempt 2 of 2 failed with error: Cache Service Url not found, unable to restore cache.\n[Lint and Testing/lint   ]   \ud83d\udea7  ::warning::Failed to save: reserveCache failed: Cache Service Url not found, unable to restore cache.\n[Lint and Testing/lint   ]   | Saved cache for golangci-lint from paths '/home/runneradmin/.cache/golangci-lint, /home/runneradmin/.cache/go-build, /home/runneradmin/go/pkg, zstd-without-long, 1.0' in 10386ms\n[Lint and Testing/lint   ]   \u2705  Success - Post Setup golangci-lint\n[Lint and Testing/lint   ]   \u2699  ::set-env:: MSYS=winsymlinks:nativestrict\n[Lint and Testing/lint   ] \ud83c\udfc1  Job failed\n",
    "actions_stderr": "Error: Error occurred running finally: Error occurred running finally: context deadline exceeded (original error: <nil>) (original error: <nil>)\n"
}