{
    "repository": "docker/docker-credential-helpers",
    "clone_url": "https://github.com/docker/docker-credential-helpers.git",
    "timestamp": "2023-05-30T11:33:09.096098Z",
    "clone_success": true,
    "number of actions": 1,
    "number_of_test_actions": 1,
    "actions_successful": false,
    "actions_stdout": "[build/build         ] \ud83d\ude80  Start image=crawlergpt:latest\n[build/build-deb     ] \ud83d\ude80  Start image=crawlergpt:latest\n[build/validate      ] \ud83d\ude80  Start image=crawlergpt:latest\n[build/test-sandboxed] \ud83d\ude80  Start image=crawlergpt:latest\n[build/test          ] \ud83d\ude80  Start image=crawlergpt:latest\n[build/build-deb     ]   \ud83d\udc33  docker pull image=crawlergpt:latest platform= username= forcePull=false\n[build/validate      ]   \ud83d\udc33  docker pull image=crawlergpt:latest platform= username= forcePull=false\n[build/test          ]   \ud83d\udc33  docker pull image=crawlergpt:latest platform= username= forcePull=false\n[build/build         ]   \ud83d\udc33  docker pull image=crawlergpt:latest platform= username= forcePull=false\n[build/test-sandboxed]   \ud83d\udc33  docker pull image=crawlergpt:latest platform= username= forcePull=false\n[build/test          ]   \ud83d\udc33  docker create image=crawlergpt:latest platform= entrypoint=[\"tail\" \"-f\" \"/dev/null\"] cmd=[]\n[build/test-sandboxed]   \ud83d\udc33  docker create image=crawlergpt:latest platform= entrypoint=[\"tail\" \"-f\" \"/dev/null\"] cmd=[]\n[build/build-deb     ]   \ud83d\udc33  docker create image=crawlergpt:latest platform= entrypoint=[\"tail\" \"-f\" \"/dev/null\"] cmd=[]\n[build/validate      ]   \ud83d\udc33  docker create image=crawlergpt:latest platform= entrypoint=[\"tail\" \"-f\" \"/dev/null\"] cmd=[]\n[build/build         ]   \ud83d\udc33  docker create image=crawlergpt:latest platform= entrypoint=[\"tail\" \"-f\" \"/dev/null\"] cmd=[]\n[build/validate      ]   \ud83d\udc33  docker run image=crawlergpt:latest platform= entrypoint=[\"tail\" \"-f\" \"/dev/null\"] cmd=[]\n[build/build         ]   \ud83d\udc33  docker run image=crawlergpt:latest platform= entrypoint=[\"tail\" \"-f\" \"/dev/null\"] cmd=[]\n[build/test          ]   \ud83d\udc33  docker run image=crawlergpt:latest platform= entrypoint=[\"tail\" \"-f\" \"/dev/null\"] cmd=[]\n[build/test-sandboxed]   \ud83d\udc33  docker run image=crawlergpt:latest platform= entrypoint=[\"tail\" \"-f\" \"/dev/null\"] cmd=[]\n[build/build-deb     ]   \ud83d\udc33  docker run image=crawlergpt:latest platform= entrypoint=[\"tail\" \"-f\" \"/dev/null\"] cmd=[]\n[build/build         ]   \ud83d\udc33  docker exec cmd=[chown -R 1012:1000 /tmp/c66e4e10-fed3-11ed-a890-af2cc187fc11/docker-docker-credential-helpers] user=0 workdir=\n[build/build-deb     ]   \ud83d\udc33  docker exec cmd=[chown -R 1012:1000 /tmp/c66e4e10-fed3-11ed-a890-af2cc187fc11/docker-docker-credential-helpers] user=0 workdir=\n[build/build         ]   \u2601  git clone 'https://github.com/docker/setup-qemu-action' # ref=v2\n[build/build         ]   \u2601  git clone 'https://github.com/docker/setup-buildx-action' # ref=v2\n[build/build         ]   \u2601  git clone 'https://github.com/actions/upload-artifact' # ref=v3\n[build/build         ]   \u2601  git clone 'https://github.com/softprops/action-gh-release' # ref=1e07f4398721186383de40550babbdf2b84acfc5\n[build/build-deb     ] \u2b50 Run Main Checkout\n[build/build-deb     ]   \u2705  Success - Main Checkout\n[build/build         ] \u2b50 Run Main Checkout\n[build/build-deb     ] \u2b50 Run Main Build\n[build/build         ]   \u2705  Success - Main Checkout\n[build/build-deb     ]   \ud83d\udc33  docker exec cmd=[bash --noprofile --norc -e -o pipefail /var/run/act/workflow/1] user= workdir=\n[build/build         ] \u2b50 Run Main Set up QEMU\n[build/build         ]   \ud83d\udc33  docker cp src=/home/andre-silva/.cache/act/docker-setup-qemu-action@v2/ dst=/var/run/act/actions/docker-setup-qemu-action@v2/\n[build/build         ]   \ud83d\udc33  docker exec cmd=[chown -R 1012:1000 /var/run/act/actions/docker-setup-qemu-action@v2/] user=0 workdir=\n[build/validate      ]   \ud83d\udc33  docker exec cmd=[chown -R 1012:1000 /tmp/c66e4e10-fed3-11ed-a890-af2cc187fc11/docker-docker-credential-helpers] user=0 workdir=\n[build/test-sandboxed]   \ud83d\udc33  docker exec cmd=[chown -R 1012:1000 /tmp/c66e4e10-fed3-11ed-a890-af2cc187fc11/docker-docker-credential-helpers] user=0 workdir=\n[build/test          ]   \ud83d\udc33  docker exec cmd=[chown -R 1012:1000 /tmp/c66e4e10-fed3-11ed-a890-af2cc187fc11/docker-docker-credential-helpers] user=0 workdir=\n[build/build         ]   \ud83d\udc33  docker exec cmd=[node /var/run/act/actions/docker-setup-qemu-action@v2/dist/index.js] user= workdir=\n[build/build-deb     ]   | mkdir -p release\n[build/build-deb     ]   | docker build -f deb/Dockerfile \\\n[build/build-deb     ]   | \t--build-arg VERSION=0.7.0-71-g83d38ea \\\n[build/build-deb     ]   | \t--build-arg REVISION=83d38ea5e6797b46e277fc31952a4e736fece6d3 \\\n[build/build-deb     ]   | \t--tag docker-credential-secretservice-v0.7.0-71-g83d38ea \\\n[build/build-deb     ]   | \t.\n[build/build-deb     ]   | Got permission denied while trying to connect to the Docker daemon socket at unix:///var/run/docker.sock: Post \"http://%2Fvar%2Frun%2Fdocker.sock/v1.24/build?buildargs=%7B%22REVISION%22%3A%2283d38ea5e6797b46e277fc31952a4e736fece6d3%22%2C%22VERSION%22%3A%220.7.0-71-g83d38ea%22%7D&cachefrom=%5B%5D&cgroupparent=&cpuperiod=0&cpuquota=0&cpusetcpus=&cpusetmems=&cpushares=0&dockerfile=deb%2FDockerfile&labels=%7B%7D&memory=0&memswap=0&networkmode=default&rm=1&shmsize=0&t=docker-credential-secretservice-v0.7.0-71-g83d38ea&target=&ulimits=null&version=1\": dial unix /var/run/docker.sock: connect: permission denied\n[build/build-deb     ]   | make: *** [Makefile:69: deb] Error 1\n[build/build-deb     ]   \u274c  Failure - Main Build\n[build/build-deb     ] exitcode '2': failure\n[build/build-deb     ] \ud83c\udfc1  Job failed\n[build/build         ]   \u2753  ::group::Docker info\n[build/build         ]   | [command]/usr/bin/docker version\n[build/build         ]   | Client:\n[build/build         ]   |  Version:           20.10.8+azure\n[build/build         ]   |  API version:       1.41\n[build/build         ]   |  Go version:        go1.16.7\n[build/build         ]   |  Git commit:        3967b7d28e15a020e4ee344283128ead633b3e0c\n[build/build         ]   |  Built:             Thu Jul 29 13:55:47 2021\n[build/build         ]   |  OS/Arch:           linux/amd64\n[build/build         ]   |  Context:           default\n[build/build         ]   |  Experimental:      true\n[build/build         ]   | Got permission denied while trying to connect to the Docker daemon socket at unix:///var/run/docker.sock: Get \"http://%2Fvar%2Frun%2Fdocker.sock/v1.24/version\": dial unix /var/run/docker.sock: connect: permission denied\n[build/build         ]   \u2753  ::endgroup::\n[build/build         ]   \u2757  ::error::The process '/usr/bin/docker' failed with exit code 1\n[build/build         ]   \u274c  Failure - Main Set up QEMU\n[build/validate      ]   \u2601  git clone 'https://github.com/docker/setup-buildx-action' # ref=v2\n[build/test-sandboxed]   \u2601  git clone 'https://github.com/docker/setup-buildx-action' # ref=v2\n[build/test          ]   \u2601  git clone 'https://github.com/actions/setup-go' # ref=v3\n[build/validate      ] \ud83e\uddea  Matrix: map[target:lint]\n[build/test-sandboxed]   \u2601  git clone 'https://github.com/docker/bake-action' # ref=v2\n[build/validate      ] \u2b50 Run Main Checkout\n[build/test          ]   \u2601  git clone 'https://github.com/actions/github-script' # ref=v6\n[build/test-sandboxed]   \u2601  git clone 'https://github.com/codecov/codecov-action' # ref=v3\n[build/build         ] exitcode '1': failure\n[build/validate      ]   \u2705  Success - Main Checkout\n[build/test          ]   \u2601  git clone 'https://github.com/crazy-max/ghaction-import-gpg' # ref=v5\n[build/test-sandboxed] \u2b50 Run Main Checkout\n[build/test-sandboxed]   \u2705  Success - Main Checkout\n[build/validate      ] \u2b50 Run Main Set up Docker Buildx\n[build/validate      ]   \ud83d\udc33  docker cp src=/home/andre-silva/.cache/act/docker-setup-buildx-action@v2/ dst=/var/run/act/actions/docker-setup-buildx-action@v2/\n[build/validate      ]   \ud83d\udc33  docker exec cmd=[chown -R 1012:1000 /var/run/act/actions/docker-setup-buildx-action@v2/] user=0 workdir=\n[build/test          ]   \u2601  git clone 'https://github.com/codecov/codecov-action' # ref=v3\n[build/test          ] \ud83e\uddea  Matrix: map[os:ubuntu-latest]\n[build/test-sandboxed] \u2b50 Run Main Set up Docker Buildx\n[build/build         ] \ud83c\udfc1  Job failed\n[build/test          ] \u2b50 Run Main Checkout\n[build/test          ]   \u2705  Success - Main Checkout\n[build/test-sandboxed]   \ud83d\udc33  docker cp src=/home/andre-silva/.cache/act/docker-setup-buildx-action@v2/ dst=/var/run/act/actions/docker-setup-buildx-action@v2/\n[build/test-sandboxed]   \ud83d\udc33  docker exec cmd=[chown -R 1012:1000 /var/run/act/actions/docker-setup-buildx-action@v2/] user=0 workdir=\n[build/test          ] \u2b50 Run Main Set up Go\n[build/test          ]   \ud83d\udc33  docker cp src=/home/andre-silva/.cache/act/actions-setup-go@v3/ dst=/var/run/act/actions/actions-setup-go@v3/\n[build/test          ]   \ud83d\udc33  docker exec cmd=[chown -R 1012:1000 /var/run/act/actions/actions-setup-go@v3/] user=0 workdir=\n[build/test-sandboxed]   \ud83d\udc33  docker exec cmd=[node /var/run/act/actions/docker-setup-buildx-action@v2/dist/index.js] user= workdir=\n[build/validate      ]   \ud83d\udc33  docker exec cmd=[node /var/run/act/actions/docker-setup-buildx-action@v2/dist/index.js] user= workdir=\n[build/test          ]   \ud83d\udc33  docker exec cmd=[node /var/run/act/actions/actions-setup-go@v3/dist/setup/index.js] user= workdir=\n[build/test-sandboxed]   \ud83d\udcac  ::debug::Docker.isAvailable ok: /usr/bin/docker\n[build/test-sandboxed]   \ud83d\udcac  ::debug::Buildx.isStandalone: false\n[build/test-sandboxed]   \u2753  ::group::Docker info\n[build/test-sandboxed]   \ud83d\udcac  ::debug::Exec.exec: docker version\n[build/test-sandboxed]   | [command]/usr/bin/docker version\n[build/test-sandboxed]   | Client:\n[build/test-sandboxed]   |  Version:           20.10.8+azure\n[build/test-sandboxed]   |  API version:       1.41\n[build/test-sandboxed]   |  Go version:        go1.16.7\n[build/test-sandboxed]   |  Git commit:        3967b7d28e15a020e4ee344283128ead633b3e0c\n[build/test-sandboxed]   |  Built:             Thu Jul 29 13:55:47 2021\n[build/test-sandboxed]   |  OS/Arch:           linux/amd64\n[build/test-sandboxed]   |  Context:           default\n[build/test-sandboxed]   |  Experimental:      true\n[build/test-sandboxed]   | Got permission denied while trying to connect to the Docker daemon socket at unix:///var/run/docker.sock: Get \"http://%2Fvar%2Frun%2Fdocker.sock/v1.24/version\": dial unix /var/run/docker.sock: connect: permission denied\n[build/test-sandboxed]   | The process '/usr/bin/docker' failed with exit code 1\n[build/test-sandboxed]   \u2753  ::endgroup::\n[build/validate      ]   \ud83d\udcac  ::debug::Docker.isAvailable ok: /usr/bin/docker\n[build/validate      ]   \ud83d\udcac  ::debug::Buildx.isStandalone: false\n[build/validate      ]   \u2753  ::group::Docker info\n[build/validate      ]   \ud83d\udcac  ::debug::Exec.exec: docker version\n[build/validate      ]   | [command]/usr/bin/docker version\n[build/validate      ]   | Client:\n[build/validate      ]   |  Version:           20.10.8+azure\n[build/validate      ]   |  API version:       1.41\n[build/validate      ]   |  Go version:        go1.16.7\n[build/validate      ]   |  Git commit:        3967b7d28e15a020e4ee344283128ead633b3e0c\n[build/validate      ]   |  Built:             Thu Jul 29 13:55:47 2021\n[build/validate      ]   |  OS/Arch:           linux/amd64\n[build/validate      ]   |  Context:           default\n[build/validate      ]   |  Experimental:      true\n[build/validate      ]   | Got permission denied while trying to connect to the Docker daemon socket at unix:///var/run/docker.sock: Get \"http://%2Fvar%2Frun%2Fdocker.sock/v1.24/version\": dial unix /var/run/docker.sock: connect: permission denied\n[build/test          ]   | Setup go version spec 1.20.4\n[build/test          ]   \ud83d\udcac  ::debug::isExplicit: 1.20.4\n[build/test          ]   \ud83d\udcac  ::debug::explicit? true\n[build/test          ]   \ud83d\udcac  ::debug::checking cache: /opt/hostedtoolcache/go/1.20.4/x64\n[build/test          ]   \ud83d\udcac  ::debug::not found\n[build/test          ]   | Attempting to download 1.20.4...\n[build/test          ]   \ud83d\udcac  ::debug::No manifest cached\n[build/validate      ]   | The process '/usr/bin/docker' failed with exit code 1\n[build/validate      ]   \u2753  ::endgroup::\n[build/test-sandboxed]   \ud83d\udcac  ::debug::Docker.isAvailable ok: /usr/bin/docker\n[build/test-sandboxed]   \ud83d\udcac  ::debug::Buildx.isStandalone: false\n[build/test-sandboxed]   \ud83d\udcac  ::debug::Exec.getExecOutput: docker buildx\n[build/validate      ]   \ud83d\udcac  ::debug::Docker.isAvailable ok: /usr/bin/docker\n[build/validate      ]   \ud83d\udcac  ::debug::Buildx.isStandalone: false\n[build/validate      ]   \ud83d\udcac  ::debug::Exec.getExecOutput: docker buildx\n[build/test-sandboxed]   \ud83d\udcac  ::debug::Buildx.isAvailable: true\n[build/test-sandboxed]   \u2753  ::group::Buildx version\n[build/test-sandboxed]   \ud83d\udcac  ::debug::Docker.isAvailable ok: /usr/bin/docker\n[build/test-sandboxed]   \ud83d\udcac  ::debug::Buildx.isStandalone: false\n[build/test-sandboxed]   \ud83d\udcac  ::debug::Exec.exec: docker buildx version\n[build/test-sandboxed]   | [command]/usr/bin/docker buildx version\n[build/validate      ]   \ud83d\udcac  ::debug::Buildx.isAvailable: true\n[build/validate      ]   \u2753  ::group::Buildx version\n[build/validate      ]   \ud83d\udcac  ::debug::Docker.isAvailable ok: /usr/bin/docker\n[build/validate      ]   \ud83d\udcac  ::debug::Buildx.isStandalone: false\n[build/validate      ]   \ud83d\udcac  ::debug::Exec.exec: docker buildx version\n[build/validate      ]   | [command]/usr/bin/docker buildx version\n[build/test-sandboxed]   | github.com/docker/buildx 0.6.0+azure d9ee3b134cbc2d09513fa7fee4176a3919e05887\n[build/test-sandboxed]   \u2753  ::endgroup::\n[build/test-sandboxed]   \u2753  ::group::Creating a new builder instance\n[build/test-sandboxed]   \ud83d\udcac  ::debug::Docker.isAvailable ok: /usr/bin/docker\n[build/test-sandboxed]   \ud83d\udcac  ::debug::Buildx.isStandalone: false\n[build/test-sandboxed]   \ud83d\udcac  ::debug::Exec.getExecOutput: docker buildx version\n[build/validate      ]   | github.com/docker/buildx 0.6.0+azure d9ee3b134cbc2d09513fa7fee4176a3919e05887\n[build/validate      ]   \u2753  ::endgroup::\n[build/validate      ]   \u2753  ::group::Creating a new builder instance\n[build/validate      ]   \ud83d\udcac  ::debug::Docker.isAvailable ok: /usr/bin/docker\n[build/validate      ]   \ud83d\udcac  ::debug::Buildx.isStandalone: false\n[build/validate      ]   \ud83d\udcac  ::debug::Exec.getExecOutput: docker buildx version\n[build/test-sandboxed]   \ud83d\udcac  ::debug::Buildx.versionSatisfies 0.6.0 statisfies >=0.3.0: true\n[build/test-sandboxed]   \ud83d\udcac  ::debug::Docker.isAvailable ok: /usr/bin/docker\n[build/test-sandboxed]   \ud83d\udcac  ::debug::Buildx.isStandalone: false\n[build/test-sandboxed]   | [command]/usr/bin/docker buildx create --name builder-7697e2ef-7bca-486d-bf1c-dd6d790405c0 --driver docker-container --buildkitd-flags --allow-insecure-entitlement security.insecure --allow-insecure-entitlement network.host --use\n[build/validate      ]   \ud83d\udcac  ::debug::Buildx.versionSatisfies 0.6.0 statisfies >=0.3.0: true\n[build/validate      ]   \ud83d\udcac  ::debug::Docker.isAvailable ok: /usr/bin/docker\n[build/validate      ]   \ud83d\udcac  ::debug::Buildx.isStandalone: false\n[build/validate      ]   | [command]/usr/bin/docker buildx create --name builder-346735bc-f746-46ad-8a89-4e5c96aa5409 --driver docker-container --buildkitd-flags --allow-insecure-entitlement security.insecure --allow-insecure-entitlement network.host --use\n[build/test-sandboxed]   | builder-7697e2ef-7bca-486d-bf1c-dd6d790405c0\n[build/test          ]   | API rate limit exceeded for 130.242.72.40. (But here's the good news: Authenticated requests get a higher rate limit. Check out the documentation for more details.)\n[build/test          ]   \ud83d\udcac  ::debug::HttpClientError: API rate limit exceeded for 130.242.72.40. (But here's the good news: Authenticated requests get a higher rate limit. Check out the documentation for more details.)%0A    at /run/act/actions/actions-setup-go@v3/dist/setup/index.js:8612:27%0A    at processTicksAndRejections (internal/process/task_queues.js:95:5)\n[build/test          ]   | Falling back to download directly from Go\n[build/test-sandboxed]   \u2753  ::endgroup::\n[build/test-sandboxed]   \u2753  ::group::Booting builder\n[build/test-sandboxed]   \ud83d\udcac  ::debug::Buildx.versionSatisfies 0.6.0 statisfies >=0.4.0: true\n[build/test-sandboxed]   \ud83d\udcac  ::debug::Docker.isAvailable ok: /usr/bin/docker\n[build/test-sandboxed]   \ud83d\udcac  ::debug::Buildx.isStandalone: false\n[build/test-sandboxed]   | [command]/usr/bin/docker buildx inspect --bootstrap --builder builder-7697e2ef-7bca-486d-bf1c-dd6d790405c0\n[build/validate      ]   | builder-346735bc-f746-46ad-8a89-4e5c96aa5409\n[build/validate      ]   \u2753  ::endgroup::\n[build/validate      ]   \u2753  ::group::Booting builder\n[build/validate      ]   \ud83d\udcac  ::debug::Buildx.versionSatisfies 0.6.0 statisfies >=0.4.0: true\n[build/validate      ]   \ud83d\udcac  ::debug::Docker.isAvailable ok: /usr/bin/docker\n[build/validate      ]   \ud83d\udcac  ::debug::Buildx.isStandalone: false\n[build/validate      ]   | [command]/usr/bin/docker buildx inspect --bootstrap --builder builder-346735bc-f746-46ad-8a89-4e5c96aa5409\n[build/test-sandboxed]   | Name:   builder-7697e2ef-7bca-486d-bf1c-dd6d790405c0\n[build/test-sandboxed]   | Driver: docker-container\n[build/test-sandboxed]   | \n[build/test-sandboxed]   | Nodes:\n[build/test-sandboxed]   | Name:     builder-7697e2ef-7bca-486d-bf1c-dd6d790405c00\n[build/test-sandboxed]   | Endpoint: unix:///var/run/docker.sock\n[build/test-sandboxed]   | Error:    Got permission denied while trying to connect to the Docker daemon socket at unix:///var/run/docker.sock: Get \"http://%2Fvar%2Frun%2Fdocker.sock/v1.24/containers/buildx_buildkit_builder-7697e2ef-7bca-486d-bf1c-dd6d790405c00/json\": dial unix /var/run/docker.sock: connect: permission denied\n[build/test-sandboxed]   \u2753  ::endgroup::\n[build/test-sandboxed]   \ud83d\udcac  ::debug::Docker.isAvailable ok: /usr/bin/docker\n[build/test-sandboxed]   \ud83d\udcac  ::debug::Buildx.isStandalone: false\n[build/test-sandboxed]   \ud83d\udcac  ::debug::Exec.getExecOutput: docker buildx inspect builder-7697e2ef-7bca-486d-bf1c-dd6d790405c0\n[build/validate      ]   | Name:   builder-346735bc-f746-46ad-8a89-4e5c96aa5409\n[build/validate      ]   | Driver: docker-container\n[build/validate      ]   | \n[build/validate      ]   | Nodes:\n[build/validate      ]   | Name:     builder-346735bc-f746-46ad-8a89-4e5c96aa54090\n[build/validate      ]   | Endpoint: unix:///var/run/docker.sock\n[build/validate      ]   | Error:    Got permission denied while trying to connect to the Docker daemon socket at unix:///var/run/docker.sock: Get \"http://%2Fvar%2Frun%2Fdocker.sock/v1.24/containers/buildx_buildkit_builder-346735bc-f746-46ad-8a89-4e5c96aa54090/json\": dial unix /var/run/docker.sock: connect: permission denied\n[build/validate      ]   \u2753  ::endgroup::\n[build/validate      ]   \ud83d\udcac  ::debug::Docker.isAvailable ok: /usr/bin/docker\n[build/validate      ]   \ud83d\udcac  ::debug::Buildx.isStandalone: false\n[build/validate      ]   \ud83d\udcac  ::debug::Exec.getExecOutput: docker buildx inspect builder-346735bc-f746-46ad-8a89-4e5c96aa5409\n[build/test-sandboxed]   \u2753  ::group::Inspect builder\n[build/test-sandboxed]   | {\n[build/test-sandboxed]   |   \"nodes\": [\n[build/test-sandboxed]   |     {\n[build/test-sandboxed]   |       \"name\": \"builder-7697e2ef-7bca-486d-bf1c-dd6d790405c00\",\n[build/test-sandboxed]   |       \"endpoint\": \"unix:///var/run/docker.sock\"\n[build/test-sandboxed]   |     }\n[build/test-sandboxed]   |   ],\n[build/test-sandboxed]   |   \"name\": \"builder-7697e2ef-7bca-486d-bf1c-dd6d790405c0\",\n[build/test-sandboxed]   |   \"driver\": \"docker-container\"\n[build/test-sandboxed]   | }\n[build/test-sandboxed]   \u2753  ::endgroup::\n[build/test-sandboxed]   \u2753  ::group::BuildKit version\n[build/test-sandboxed]   \ud83d\udcac  ::debug::BuildKit.getVersionWithinImage nodeName: builder-7697e2ef-7bca-486d-bf1c-dd6d790405c00\n[build/test-sandboxed]   \ud83d\udcac  ::debug::Exec.getExecOutput: docker inspect --format {{.Config.Image}} buildx_buildkit_builder-7697e2ef-7bca-486d-bf1c-dd6d790405c00\n[build/test-sandboxed]   \ud83d\udea7  ::warning::Error: Got permission denied while trying to connect to the Docker daemon socket at unix:///var/run/docker.sock: Get \"http://%252Fvar%252Frun%252Fdocker.sock/v1.24/containers/buildx_buildkit_builder-7697e2ef-7bca-486d-bf1c-dd6d790405c00/json\": dial unix /var/run/docker.sock: connect: permission denied\n[build/test-sandboxed]   | builder-7697e2ef-7bca-486d-bf1c-dd6d790405c00: undefined\n[build/test-sandboxed]   \u2753  ::endgroup::\n[build/validate      ]   \u2753  ::group::Inspect builder\n[build/validate      ]   | {\n[build/validate      ]   |   \"nodes\": [\n[build/validate      ]   |     {\n[build/validate      ]   |       \"name\": \"builder-346735bc-f746-46ad-8a89-4e5c96aa54090\",\n[build/validate      ]   |       \"endpoint\": \"unix:///var/run/docker.sock\"\n[build/validate      ]   |     }\n[build/validate      ]   |   ],\n[build/validate      ]   |   \"name\": \"builder-346735bc-f746-46ad-8a89-4e5c96aa5409\",\n[build/validate      ]   |   \"driver\": \"docker-container\"\n[build/validate      ]   | }\n[build/validate      ]   \u2753  ::endgroup::\n[build/validate      ]   \u2753  ::group::BuildKit version\n[build/validate      ]   \ud83d\udcac  ::debug::BuildKit.getVersionWithinImage nodeName: builder-346735bc-f746-46ad-8a89-4e5c96aa54090\n[build/validate      ]   \ud83d\udcac  ::debug::Exec.getExecOutput: docker inspect --format {{.Config.Image}} buildx_buildkit_builder-346735bc-f746-46ad-8a89-4e5c96aa54090\n[build/test-sandboxed]   \u2705  Success - Main Set up Docker Buildx\n[build/validate      ]   \ud83d\udea7  ::warning::Error: Got permission denied while trying to connect to the Docker daemon socket at unix:///var/run/docker.sock: Get \"http://%252Fvar%252Frun%252Fdocker.sock/v1.24/containers/buildx_buildkit_builder-346735bc-f746-46ad-8a89-4e5c96aa54090/json\": dial unix /var/run/docker.sock: connect: permission denied\n[build/validate      ]   | builder-346735bc-f746-46ad-8a89-4e5c96aa54090: undefined\n[build/validate      ]   \u2753  ::endgroup::\n[build/validate      ]   \u2705  Success - Main Set up Docker Buildx\n[build/validate      ]   \u2699  ::set-output:: endpoint=unix:///var/run/docker.sock\n[build/validate      ]   \u2699  ::set-output:: status=\n[build/validate      ]   \u2699  ::set-output:: flags=\n[build/validate      ]   \u2699  ::set-output:: name=builder-346735bc-f746-46ad-8a89-4e5c96aa5409\n[build/validate      ]   \u2699  ::set-output:: driver=docker-container\n[build/validate      ]   \u2699  ::set-output:: platforms=\n[build/validate      ]   \u2699  ::set-output:: nodes=[\n  {\n    \"name\": \"builder-346735bc-f746-46ad-8a89-4e5c96aa54090\",\n    \"endpoint\": \"unix:///var/run/docker.sock\"\n  }\n]\n[build/test-sandboxed]   \u2699  ::set-output:: name=builder-7697e2ef-7bca-486d-bf1c-dd6d790405c0\n[build/test-sandboxed]   \u2699  ::set-output:: driver=docker-container\n[build/test-sandboxed]   \u2699  ::set-output:: platforms=\n[build/test-sandboxed]   \u2699  ::set-output:: nodes=[\n  {\n    \"name\": \"builder-7697e2ef-7bca-486d-bf1c-dd6d790405c00\",\n    \"endpoint\": \"unix:///var/run/docker.sock\"\n  }\n]\n[build/test-sandboxed]   \u2699  ::set-output:: endpoint=unix:///var/run/docker.sock\n[build/test-sandboxed]   \u2699  ::set-output:: status=\n[build/test-sandboxed]   \u2699  ::set-output:: flags=\n[build/test          ]   \ud83d\udcac  ::debug::check 1.20.4 satisfies 1.20.4\n[build/test          ]   \ud83d\udcac  ::debug::===amd64 && ===linux\n[build/test          ]   \ud83d\udcac  ::debug::amd64===amd64 && darwin===linux\n[build/test          ]   \ud83d\udcac  ::debug::amd64===amd64 && darwin===linux\n[build/test          ]   \ud83d\udcac  ::debug::arm64===amd64 && darwin===linux\n[build/test          ]   \ud83d\udcac  ::debug::arm64===amd64 && darwin===linux\n[build/test          ]   \ud83d\udcac  ::debug::386===amd64 && freebsd===linux\n[build/test          ]   \ud83d\udcac  ::debug::amd64===amd64 && freebsd===linux\n[build/test          ]   \ud83d\udcac  ::debug::386===amd64 && linux===linux\n[build/test          ]   \ud83d\udcac  ::debug::amd64===amd64 && linux===linux\n[build/test          ]   \ud83d\udcac  ::debug::matched go1.20.4\n[build/test          ]   | Install from dist\n[build/test          ]   | Acquiring go1.20.4 from https://storage.googleapis.com/golang/go1.20.4.linux-amd64.tar.gz\n[build/test          ]   \ud83d\udcac  ::debug::Downloading https://storage.googleapis.com/golang/go1.20.4.linux-amd64.tar.gz\n[build/test          ]   \ud83d\udcac  ::debug::Destination /tmp/aff1303e-809e-47d2-8043-b36c8ad18673\n[build/validate      ] \u2b50 Run Main Run\n[build/test-sandboxed] \u2b50 Run Main Test\n[build/test-sandboxed]   \ud83d\udc33  docker cp src=/home/andre-silva/.cache/act/docker-bake-action@v2/ dst=/var/run/act/actions/docker-bake-action@v2/\n[build/test-sandboxed]   \ud83d\udc33  docker exec cmd=[chown -R 1012:1000 /var/run/act/actions/docker-bake-action@v2/] user=0 workdir=\n[build/test-sandboxed]   \ud83d\udc33  docker exec cmd=[node /var/run/act/actions/docker-bake-action@v2/dist/index.js] user= workdir=\n[build/validate      ]   \ud83d\udc33  docker exec cmd=[bash --noprofile --norc -e -o pipefail /var/run/act/workflow/2] user= workdir=\n[build/validate      ]   | docker buildx bake lint\n[build/test-sandboxed]   \u2753  ::group::Docker info\n[build/test-sandboxed]   | [command]/usr/bin/docker version\n[build/test-sandboxed]   | Client:\n[build/test-sandboxed]   |  Version:           20.10.8+azure\n[build/test-sandboxed]   |  API version:       1.41\n[build/test-sandboxed]   |  Go version:        go1.16.7\n[build/test-sandboxed]   |  Git commit:        3967b7d28e15a020e4ee344283128ead633b3e0c\n[build/test-sandboxed]   |  Built:             Thu Jul 29 13:55:47 2021\n[build/test-sandboxed]   |  OS/Arch:           linux/amd64\n[build/test-sandboxed]   |  Context:           default\n[build/test-sandboxed]   |  Experimental:      true\n[build/test-sandboxed]   | Got permission denied while trying to connect to the Docker daemon socket at unix:///var/run/docker.sock: Get \"http://%2Fvar%2Frun%2Fdocker.sock/v1.24/version\": dial unix /var/run/docker.sock: connect: permission denied\n[build/test-sandboxed]   \u2757  ::error::The process '/usr/bin/docker' failed with exit code 1\n[build/validate      ]   | error: Got permission denied while trying to connect to the Docker daemon socket at unix:///var/run/docker.sock: Get \"http://%2Fvar%2Frun%2Fdocker.sock/v1.24/containers/buildx_buildkit_builder-346735bc-f746-46ad-8a89-4e5c96aa54090/json\": dial unix /var/run/docker.sock: connect: permission denied\n[build/test-sandboxed]   \u274c  Failure - Main Test\n[build/validate      ]   | make: *** [Makefile:52: lint] Error 1\n[build/validate      ]   \u274c  Failure - Main Run\n[build/test-sandboxed] exitcode '1': failure\n[build/validate      ] exitcode '2': failure\n[build/test          ]   \ud83d\udcac  ::debug::download complete\n[build/test          ]   | Extracting Go...\n[build/test          ]   \ud83d\udcac  ::debug::Checking tar --version\n[build/test          ]   \ud83d\udcac  ::debug::tar (GNU tar) 1.30%0ACopyright (C) 2017 Free Software Foundation, Inc.%0ALicense GPLv3+: GNU GPL version 3 or later <https://gnu.org/licenses/gpl.html>.%0AThis is free software: you are free to change and redistribute it.%0AThere is NO WARRANTY, to the extent permitted by law.%0A%0AWritten by John Gilmore and Jay Fenlason.\n[build/test          ]   | [command]/usr/bin/tar xz --warning=no-unknown-keyword --overwrite -C /tmp/8a8c0f6c-095d-4a78-bd7d-af9a8fd7667d -f /tmp/aff1303e-809e-47d2-8043-b36c8ad18673\n[build/test          ]   | Successfully extracted go to /tmp/8a8c0f6c-095d-4a78-bd7d-af9a8fd7667d\n[build/test          ]   | Adding to the cache ...\n[build/test          ]   \ud83d\udcac  ::debug::Caching tool go 1.20.4 x64\n[build/test          ]   \ud83d\udcac  ::debug::source dir: /tmp/8a8c0f6c-095d-4a78-bd7d-af9a8fd7667d/go\n[build/test          ]   \ud83d\udcac  ::debug::destination /opt/hostedtoolcache/go/1.20.4/x64\n[build/validate      ] \u2b50 Run Post Set up Docker Buildx\n[build/validate      ]   \ud83d\udc33  docker exec cmd=[node /var/run/act/actions/docker-setup-buildx-action@v2/dist/index.js] user= workdir=\n[build/test-sandboxed] \u2b50 Run Post Set up Docker Buildx\n[build/test-sandboxed]   \ud83d\udc33  docker exec cmd=[node /var/run/act/actions/docker-setup-buildx-action@v2/dist/index.js] user= workdir=\n[build/test-sandboxed]   \u2753  ::group::Removing builder\n[build/test-sandboxed]   \ud83d\udcac  ::debug::Buildx.isStandalone: false\n[build/test-sandboxed]   \ud83d\udcac  ::debug::Exec.getExecOutput: docker buildx inspect builder-7697e2ef-7bca-486d-bf1c-dd6d790405c0\n[build/validate      ]   \u2753  ::group::Removing builder\n[build/validate      ]   \ud83d\udcac  ::debug::Buildx.isStandalone: false\n[build/validate      ]   \ud83d\udcac  ::debug::Exec.getExecOutput: docker buildx inspect builder-346735bc-f746-46ad-8a89-4e5c96aa5409\n[build/test-sandboxed]   \ud83d\udcac  ::debug::Builder.exists: true\n[build/test-sandboxed]   \ud83d\udcac  ::debug::Buildx.isStandalone: false\n[build/test-sandboxed]   | [command]/usr/bin/docker buildx rm builder-7697e2ef-7bca-486d-bf1c-dd6d790405c0\n[build/validate      ]   \ud83d\udcac  ::debug::Builder.exists: true\n[build/validate      ]   \ud83d\udcac  ::debug::Buildx.isStandalone: false\n[build/validate      ]   | [command]/usr/bin/docker buildx rm builder-346735bc-f746-46ad-8a89-4e5c96aa5409\n[build/test-sandboxed]   | error: Got permission denied while trying to connect to the Docker daemon socket at unix:///var/run/docker.sock: Get \"http://%2Fvar%2Frun%2Fdocker.sock/v1.24/containers/buildx_buildkit_builder-7697e2ef-7bca-486d-bf1c-dd6d790405c00/json\": dial unix /var/run/docker.sock: connect: permission denied\n[build/test-sandboxed]   \ud83d\udea7  ::warning::error: Got permission denied while trying to connect to the Docker daemon socket at unix:///var/run/docker.sock: Get \"http://%252Fvar%252Frun%252Fdocker.sock/v1.24/containers/buildx_buildkit_builder-7697e2ef-7bca-486d-bf1c-dd6d790405c00/json\": dial unix /var/run/docker.sock: connect: permission denied\n[build/test-sandboxed]   \u2753  ::endgroup::\n[build/test-sandboxed]   \u2753  ::group::Cleaning up certificates\n[build/test-sandboxed]   \u2753  ::endgroup::\n[build/test-sandboxed]   \u2705  Success - Post Set up Docker Buildx\n[build/validate      ]   | error: Got permission denied while trying to connect to the Docker daemon socket at unix:///var/run/docker.sock: Get \"http://%2Fvar%2Frun%2Fdocker.sock/v1.24/containers/buildx_buildkit_builder-346735bc-f746-46ad-8a89-4e5c96aa54090/json\": dial unix /var/run/docker.sock: connect: permission denied\n[build/validate      ]   \ud83d\udea7  ::warning::error: Got permission denied while trying to connect to the Docker daemon socket at unix:///var/run/docker.sock: Get \"http://%252Fvar%252Frun%252Fdocker.sock/v1.24/containers/buildx_buildkit_builder-346735bc-f746-46ad-8a89-4e5c96aa54090/json\": dial unix /var/run/docker.sock: connect: permission denied\n[build/validate      ]   \u2753  ::endgroup::\n[build/validate      ]   \u2753  ::group::Cleaning up certificates\n[build/validate      ]   \u2753  ::endgroup::\n[build/validate      ]   \u2705  Success - Post Set up Docker Buildx\n[build/test          ]   \ud83d\udcac  ::debug::finished caching tool\n[build/test          ]   | Successfully cached go to /opt/hostedtoolcache/go/1.20.4/x64\n[build/test          ]   | Added go to the path\n[build/test          ]   \ud83d\udcac  ::debug::which go :/opt/hostedtoolcache/go/1.20.4/x64/bin/go:\n[build/test          ]   \ud83d\udcac  ::debug::go env GOPATH :/home/runneradmin/go:\n[build/test          ]   \ud83d\udcac  ::debug::creating /home/runneradmin/go\n[build/test          ]   \ud83d\udcac  ::debug::creating /home/runneradmin/go/bin\n[build/test          ]   \ud83d\udcac  ::debug::add bin true\n[build/test          ]   | Successfully set up Go version 1.20.4\n[build/test          ]   \ud83d\udea7  ::warning::The runner was not able to contact the cache service. Caching will be skipped\n[build/test          ]   \u2753 add-matcher /run/act/actions/actions-setup-go@v3/matchers.json\n[build/test          ]   | go version go1.20.4 linux/amd64\n[build/test          ]   | \n[build/test          ]   \u2753  ::group::go env\n[build/test          ]   | GO111MODULE=\"\"\n[build/test          ]   | GOARCH=\"amd64\"\n[build/test          ]   | GOBIN=\"\"\n[build/test          ]   | GOCACHE=\"/home/runneradmin/.cache/go-build\"\n[build/test          ]   | GOENV=\"/home/runneradmin/.config/go/env\"\n[build/test          ]   | GOEXE=\"\"\n[build/test          ]   | GOEXPERIMENT=\"\"\n[build/test          ]   | GOFLAGS=\"\"\n[build/test          ]   | GOHOSTARCH=\"amd64\"\n[build/test          ]   | GOHOSTOS=\"linux\"\n[build/test          ]   | GOINSECURE=\"\"\n[build/test          ]   | GOMODCACHE=\"/home/runneradmin/go/pkg/mod\"\n[build/test          ]   | GONOPROXY=\"\"\n[build/test          ]   | GONOSUMDB=\"\"\n[build/test          ]   | GOOS=\"linux\"\n[build/test          ]   | GOPATH=\"/home/runneradmin/go\"\n[build/test          ]   | GOPRIVATE=\"\"\n[build/test          ]   | GOPROXY=\"https://proxy.golang.org,direct\"\n[build/test          ]   | GOROOT=\"/opt/hostedtoolcache/go/1.20.4/x64\"\n[build/test          ]   | GOSUMDB=\"sum.golang.org\"\n[build/test          ]   | GOTMPDIR=\"\"\n[build/test          ]   | GOTOOLDIR=\"/opt/hostedtoolcache/go/1.20.4/x64/pkg/tool/linux_amd64\"\n[build/test          ]   | GOVCS=\"\"\n[build/test          ]   | GOVERSION=\"go1.20.4\"\n[build/test          ]   | GCCGO=\"gccgo\"\n[build/test          ]   | GOAMD64=\"v1\"\n[build/test          ]   | AR=\"ar\"\n[build/test          ]   | CC=\"gcc\"\n[build/test          ]   | CXX=\"g++\"\n[build/test          ]   | CGO_ENABLED=\"1\"\n[build/test          ]   | GOMOD=\"/tmp/c66e4e10-fed3-11ed-a890-af2cc187fc11/docker-docker-credential-helpers/go.mod\"\n[build/test          ]   | GOWORK=\"\"\n[build/test          ]   | CGO_CFLAGS=\"-O2 -g\"\n[build/test          ]   | CGO_CPPFLAGS=\"\"\n[build/test          ]   | CGO_CXXFLAGS=\"-O2 -g\"\n[build/test          ]   | CGO_FFLAGS=\"-O2 -g\"\n[build/test          ]   | CGO_LDFLAGS=\"-O2 -g\"\n[build/test          ]   | PKG_CONFIG=\"pkg-config\"\n[build/test          ]   | GOGCCFLAGS=\"-fPIC -m64 -pthread -Wl,--no-gc-sections -fmessage-length=0 -fdebug-prefix-map=/tmp/go-build3715140785=/tmp/go-build -gno-record-gcc-switches\"\n[build/test          ]   | \n[build/test          ]   \u2753  ::endgroup::\n[build/test          ]   \u2705  Success - Main Set up Go\n[build/validate      ] \ud83c\udfc1  Job failed\n[build/test          ]   \u2699  ::set-output:: go-version=1.20.4\n[build/test          ]   \u2699  ::add-path:: /opt/hostedtoolcache/go/1.20.4/x64/bin\n[build/test          ]   \u2699  ::add-path:: /home/runneradmin/go/bin\n[build/test-sandboxed] \ud83c\udfc1  Job failed\n[build/test          ] \u2b50 Run Main Install deps (ubuntu)\n[build/test          ]   \ud83d\udc33  docker exec cmd=[bash --noprofile --norc -e -o pipefail /var/run/act/workflow/2] user= workdir=\n[build/test          ]   | Get:1 https://packages.microsoft.com/ubuntu/20.04/prod focal InRelease [3611 B]\n[build/test          ]   | Hit:2 http://archive.ubuntu.com/ubuntu focal InRelease\n[build/test          ]   | Get:3 http://security.ubuntu.com/ubuntu focal-security InRelease [114 kB]\n[build/test          ]   | Get:4 http://dl.google.com/linux/chrome/deb stable InRelease [1825 B]\n[build/test          ]   | Hit:5 http://ppa.launchpad.net/ubuntu-toolchain-r/test/ubuntu focal InRelease\n[build/test          ]   | Get:6 https://dl.hhvm.com/ubuntu focal InRelease [3137 B]\n[build/test          ]   | Get:7 http://archive.ubuntu.com/ubuntu focal-updates InRelease [114 kB]\n[build/test          ]   | Get:8 http://archive.ubuntu.com/ubuntu focal-backports InRelease [108 kB]\n[build/test          ]   | Get:9 https://cloud.r-project.org/bin/linux/ubuntu focal-cran40/ InRelease [3622 B]\n[build/test          ]   | Hit:10 https://adoptopenjdk.jfrog.io/adoptopenjdk/deb focal InRelease\n[build/test          ]   | Get:11 https://packages.microsoft.com/ubuntu/20.04/prod focal/main all Packages [2521 B]\n[build/test          ]   | Get:12 https://packages.microsoft.com/ubuntu/20.04/prod focal/main amd64 Packages [201 kB]\n[build/test          ]   | Err:4 http://dl.google.com/linux/chrome/deb stable InRelease\n[build/test          ]   |   The following signatures couldn't be verified because the public key is not available: NO_PUBKEY 4EB27DB2A3B88B8B\n[build/test          ]   | Get:13 https://dl.hhvm.com/ubuntu focal/main amd64 Packages [1880 B]\n[build/test          ]   | Get:14 http://archive.ubuntu.com/ubuntu focal-updates/universe amd64 Packages [1348 kB]\n[build/test          ]   | Get:15 http://archive.ubuntu.com/ubuntu focal-updates/restricted amd64 Packages [2412 kB]\n[build/test          ]   | Get:16 http://archive.ubuntu.com/ubuntu focal-updates/multiverse amd64 Packages [31.2 kB]\n[build/test          ]   | Get:17 http://archive.ubuntu.com/ubuntu focal-updates/main amd64 Packages [3207 kB]\n[build/test          ]   | Get:18 https://cloud.r-project.org/bin/linux/ubuntu focal-cran40/ Packages [77.6 kB]\n[build/test          ]   | Get:19 http://archive.ubuntu.com/ubuntu focal-backports/universe amd64 Packages [28.6 kB]\n[build/test          ]   | Get:20 http://archive.ubuntu.com/ubuntu focal-backports/main amd64 Packages [55.2 kB]\n[build/test          ]   | Get:21 http://security.ubuntu.com/ubuntu focal-security/universe amd64 Packages [1053 kB]\n[build/test          ]   | Get:22 http://security.ubuntu.com/ubuntu focal-security/restricted i386 Packages [36.9 kB]\n[build/test          ]   | Get:23 http://security.ubuntu.com/ubuntu focal-security/main i386 Packages [742 kB]\n[build/test          ]   | Get:24 http://security.ubuntu.com/ubuntu focal-security/restricted amd64 Packages [2274 kB]\n[build/test          ]   | Get:25 http://security.ubuntu.com/ubuntu focal-security/universe i386 Packages [740 kB]\n[build/test          ]   | Get:26 http://security.ubuntu.com/ubuntu focal-security/multiverse i386 Packages [8141 B]\n[build/test          ]   | Get:27 http://security.ubuntu.com/ubuntu focal-security/multiverse amd64 Packages [28.5 kB]\n[build/test          ]   | Get:28 http://security.ubuntu.com/ubuntu focal-security/main amd64 Packages [2731 kB]\n[build/test          ]   | Fetched 15.3 MB in 37s (412 kB/s)\n[build/test          ]   | Reading package lists...\n[build/test          ]   | W: An error occurred during the signature verification. The repository is not updated and the previous index files will be used. GPG error: http://dl.google.com/linux/chrome/deb stable InRelease: The following signatures couldn't be verified because the public key is not available: NO_PUBKEY 4EB27DB2A3B88B8B\n[build/test          ]   | W: Failed to fetch http://dl.google.com/linux/chrome/deb/dists/stable/InRelease  The following signatures couldn't be verified because the public key is not available: NO_PUBKEY 4EB27DB2A3B88B8B\n[build/test          ]   | W: Some index files failed to download. They have been ignored, or old ones used instead.\n[build/test          ]   | Reading package lists...\n[build/test          ]   | Building dependency tree...\n[build/test          ]   | Reading state information...\n[build/test          ]   | pass is already the newest version (1.7.3-2).\n[build/test          ]   | libsecret-1-dev is already the newest version (0.20.4-0ubuntu1).\n[build/test          ]   | The following additional packages will be installed:\n[build/test          ]   |   dbus gcr gnome-keyring-pkcs11 libdbus-1-3 libgck-1-0 libgcr-base-3-1\n[build/test          ]   |   libgcr-ui-3-1 libpam-gnome-keyring p11-kit p11-kit-modules pinentry-gnome3\n[build/test          ]   | Suggested packages:\n[build/test          ]   |   pinentry-doc\n[build/test          ]   | The following NEW packages will be installed:\n[build/test          ]   |   dbus-x11 gcr gnome-keyring gnome-keyring-pkcs11 libgck-1-0 libgcr-base-3-1\n[build/test          ]   |   libgcr-ui-3-1 libpam-gnome-keyring p11-kit p11-kit-modules pinentry-gnome3\n[build/test          ]   | The following packages will be upgraded:\n[build/test          ]   |   dbus libdbus-1-3\n[build/test          ]   | 2 upgraded, 11 newly installed, 0 to remove and 386 not upgraded.\n[build/test          ]   | Need to get 1841 kB of archives.\n[build/test          ]   | After this operation, 8115 kB of additional disk space will be used.\n[build/test          ]   | Get:1 http://archive.ubuntu.com/ubuntu focal-updates/main amd64 dbus amd64 1.12.16-2ubuntu2.3 [151 kB]\n[build/test          ]   | Get:2 http://archive.ubuntu.com/ubuntu focal-updates/main amd64 libdbus-1-3 amd64 1.12.16-2ubuntu2.3 [179 kB]\n[build/test          ]   | Get:3 http://archive.ubuntu.com/ubuntu focal-updates/main amd64 dbus-x11 amd64 1.12.16-2ubuntu2.3 [22.6 kB]\n[build/test          ]   | Get:4 http://archive.ubuntu.com/ubuntu focal/main amd64 libgck-1-0 amd64 3.36.0-2build1 [75.5 kB]\n[build/test          ]   | Get:5 http://archive.ubuntu.com/ubuntu focal/main amd64 libgcr-base-3-1 amd64 3.36.0-2build1 [193 kB]\n[build/test          ]   | Get:6 http://archive.ubuntu.com/ubuntu focal/main amd64 libgcr-ui-3-1 amd64 3.36.0-2build1 [127 kB]\n[build/test          ]   | Get:7 http://archive.ubuntu.com/ubuntu focal/main amd64 gcr amd64 3.36.0-2build1 [63.9 kB]\n[build/test          ]   | Get:8 http://archive.ubuntu.com/ubuntu focal-updates/main amd64 p11-kit-modules amd64 0.23.20-1ubuntu0.1 [231 kB]\n[build/test          ]   | Get:9 http://archive.ubuntu.com/ubuntu focal-updates/main amd64 p11-kit amd64 0.23.20-1ubuntu0.1 [93.8 kB]\n[build/test          ]   | Get:10 http://archive.ubuntu.com/ubuntu focal/main amd64 pinentry-gnome3 amd64 1.1.0-3build1 [38.6 kB]\n[build/test          ]   | Get:11 http://archive.ubuntu.com/ubuntu focal/main amd64 gnome-keyring amd64 3.36.0-1ubuntu1 [613 kB]\n[build/test          ]   | Get:12 http://archive.ubuntu.com/ubuntu focal/main amd64 gnome-keyring-pkcs11 amd64 3.36.0-1ubuntu1 [28.0 kB]\n[build/test          ]   | Get:13 http://archive.ubuntu.com/ubuntu focal/main amd64 libpam-gnome-keyring amd64 3.36.0-1ubuntu1 [23.3 kB]\n[build/test          ]   | Fetched 1841 kB in 1s (3441 kB/s)\n[build/test          ]   | (Reading database ... \r(Reading database ... 5%\r(Reading database ... 10%\r(Reading database ... 15%\r(Reading database ... 20%\r(Reading database ... 25%\r(Reading database ... 30%\r(Reading database ... 35%\r(Reading database ... 40%\r(Reading database ... 45%\r(Reading database ... 50%\r(Reading database ... 55%\r(Reading database ... 60%\r(Reading database ... 65%\r(Reading database ... 70%\r(Reading database ... 75%\r(Reading database ... 80%\r(Reading database ... 85%\r(Reading database ... 90%\r(Reading database ... 95%\r(Reading database ... 100%\r(Reading database ... 193678 files and directories currently installed.)\r\n[build/test          ]   | Preparing to unpack .../00-dbus_1.12.16-2ubuntu2.3_amd64.deb ...\r\n[build/test          ]   | Unpacking dbus (1.12.16-2ubuntu2.3) over (1.12.16-2ubuntu2.1) ...\r\n[build/test          ]   | Preparing to unpack .../01-libdbus-1-3_1.12.16-2ubuntu2.3_amd64.deb ...\r\n[build/test          ]   | Unpacking libdbus-1-3:amd64 (1.12.16-2ubuntu2.3) over (1.12.16-2ubuntu2.1) ...\r\n[build/test          ]   | Selecting previously unselected package dbus-x11.\r\n[build/test          ]   | Preparing to unpack .../02-dbus-x11_1.12.16-2ubuntu2.3_amd64.deb ...\r\n[build/test          ]   | Unpacking dbus-x11 (1.12.16-2ubuntu2.3) ...\r\n[build/test          ]   | Selecting previously unselected package libgck-1-0:amd64.\r\n[build/test          ]   | Preparing to unpack .../03-libgck-1-0_3.36.0-2build1_amd64.deb ...\r\n[build/test          ]   | Unpacking libgck-1-0:amd64 (3.36.0-2build1) ...\r\n[build/test          ]   | Selecting previously unselected package libgcr-base-3-1:amd64.\r\n[build/test          ]   | Preparing to unpack .../04-libgcr-base-3-1_3.36.0-2build1_amd64.deb ...\r\n[build/test          ]   | Unpacking libgcr-base-3-1:amd64 (3.36.0-2build1) ...\r\n[build/test          ]   | Selecting previously unselected package libgcr-ui-3-1:amd64.\r\n[build/test          ]   | Preparing to unpack .../05-libgcr-ui-3-1_3.36.0-2build1_amd64.deb ...\r\n[build/test          ]   | Unpacking libgcr-ui-3-1:amd64 (3.36.0-2build1) ...\r\n[build/test          ]   | Selecting previously unselected package gcr.\r\n[build/test          ]   | Preparing to unpack .../06-gcr_3.36.0-2build1_amd64.deb ...\r\n[build/test          ]   | Unpacking gcr (3.36.0-2build1) ...\r\n[build/test          ]   | Selecting previously unselected package p11-kit-modules:amd64.\r\n[build/test          ]   | Preparing to unpack .../07-p11-kit-modules_0.23.20-1ubuntu0.1_amd64.deb ...\r\n[build/test          ]   | Unpacking p11-kit-modules:amd64 (0.23.20-1ubuntu0.1) ...\r\n[build/test          ]   | Selecting previously unselected package p11-kit.\r\n[build/test          ]   | Preparing to unpack .../08-p11-kit_0.23.20-1ubuntu0.1_amd64.deb ...\r\n[build/test          ]   | Unpacking p11-kit (0.23.20-1ubuntu0.1) ...\r\n[build/test          ]   | Selecting previously unselected package pinentry-gnome3.\r\n[build/test          ]   | Preparing to unpack .../09-pinentry-gnome3_1.1.0-3build1_amd64.deb ...\r\n[build/test          ]   | Unpacking pinentry-gnome3 (1.1.0-3build1) ...\r\n[build/test          ]   | Selecting previously unselected package gnome-keyring.\r\n[build/test          ]   | Preparing to unpack .../10-gnome-keyring_3.36.0-1ubuntu1_amd64.deb ...\r\n[build/test          ]   | Unpacking gnome-keyring (3.36.0-1ubuntu1) ...\r\n[build/test          ]   | Selecting previously unselected package gnome-keyring-pkcs11:amd64.\r\n[build/test          ]   | Preparing to unpack .../11-gnome-keyring-pkcs11_3.36.0-1ubuntu1_amd64.deb ...\r\n[build/test          ]   | Unpacking gnome-keyring-pkcs11:amd64 (3.36.0-1ubuntu1) ...\r\n[build/test          ]   | Selecting previously unselected package libpam-gnome-keyring:amd64.\r\n[build/test          ]   | Preparing to unpack .../12-libpam-gnome-keyring_3.36.0-1ubuntu1_amd64.deb ...\r\n[build/test          ]   | Unpacking libpam-gnome-keyring:amd64 (3.36.0-1ubuntu1) ...\r\n[build/test          ]   | Setting up p11-kit-modules:amd64 (0.23.20-1ubuntu0.1) ...\r\n[build/test          ]   | Setting up libdbus-1-3:amd64 (1.12.16-2ubuntu2.3) ...\r\n[build/test          ]   | Setting up dbus (1.12.16-2ubuntu2.3) ...\r\n[build/test          ]   | Setting up gnome-keyring-pkcs11:amd64 (3.36.0-1ubuntu1) ...\r\n[build/test          ]   | Setting up dbus-x11 (1.12.16-2ubuntu2.3) ...\r\n[build/test          ]   | Setting up p11-kit (0.23.20-1ubuntu0.1) ...\r\n[build/test          ]   | Setting up libgck-1-0:amd64 (3.36.0-2build1) ...\r\n[build/test          ]   | Setting up libgcr-base-3-1:amd64 (3.36.0-2build1) ...\r\n[build/test          ]   | Setting up libpam-gnome-keyring:amd64 (3.36.0-1ubuntu1) ...\r\n[build/test          ]   | Setting up libgcr-ui-3-1:amd64 (3.36.0-2build1) ...\r\n[build/test          ]   | Setting up gcr (3.36.0-2build1) ...\r\n[build/test          ]   | Processing triggers for shared-mime-info (1.15-1) ...\r\n[build/test          ]   | Processing triggers for mime-support (3.64ubuntu1) ...\r\n[build/test          ]   | Processing triggers for hicolor-icon-theme (0.17-2) ...\r\n[build/test          ]   | Processing triggers for libglib2.0-0:amd64 (2.64.6-1~ubuntu20.04.4) ...\r\n[build/test          ]   | Processing triggers for libc-bin (2.31-0ubuntu9.2) ...\r\n[build/test          ]   | Processing triggers for systemd (245.4-4ubuntu3.11) ...\r\n[build/test          ]   | Setting up pinentry-gnome3 (1.1.0-3build1) ...\r\n[build/test          ]   | Setting up gnome-keyring (3.36.0-1ubuntu1) ...\r\n[build/test          ]   \u2705  Success - Main Install deps (ubuntu)\n[build/test          ] \u2b50 Run Main GPG conf\n[build/test          ]   \ud83d\udc33  docker cp src=/home/andre-silva/.cache/act/actions-github-script@v6/ dst=/var/run/act/actions/actions-github-script@v6/\n[build/test          ]   \ud83d\udc33  docker exec cmd=[chown -R 1012:1000 /var/run/act/actions/actions-github-script@v6/] user=0 workdir=\n[build/test          ]   \ud83d\udc33  docker exec cmd=[node /var/run/act/actions/actions-github-script@v6/dist/index.js] user= workdir=\n[build/test          ]   | Error: Input required and not supplied: github-token\n[build/test          ]   |     at Object.getInput (/run/act/actions/actions-github-script@v6/dist/index.js:212:15)\n[build/test          ]   |     at main (/run/act/actions/actions-github-script@v6/dist/index.js:15219:24)\n[build/test          ]   |     at /run/act/actions/actions-github-script@v6/dist/index.js:15217:1\n[build/test          ]   |     at /run/act/actions/actions-github-script@v6/dist/index.js:15268:3\n[build/test          ]   |     at Object.<anonymous> (/run/act/actions/actions-github-script@v6/dist/index.js:15271:12)\n[build/test          ]   |     at Module._compile (internal/modules/cjs/loader.js:1072:14)\n[build/test          ]   |     at Object.Module._extensions..js (internal/modules/cjs/loader.js:1101:10)\n[build/test          ]   |     at Module.load (internal/modules/cjs/loader.js:937:32)\n[build/test          ]   |     at Function.Module._load (internal/modules/cjs/loader.js:778:12)\n[build/test          ]   |     at Function.executeUserEntryPoint [as runMain] (internal/modules/run_main.js:76:12)\n[build/test          ]   \u2757  ::error::Unhandled error: Error: Input required and not supplied: github-token\n[build/test          ]   \u274c  Failure - Main GPG conf\n[build/test          ] exitcode '1': failure\n[build/test          ] \ud83c\udfc1  Job failed\n",
    "actions_stderr": "Error: Job 'test-sandboxed' failed\n"
}