{
    "repository": "fsouza/go-dockerclient",
    "clone_url": "https://github.com/fsouza/go-dockerclient.git",
    "timestamp": "2023-05-30T10:28:08.439109Z",
    "clone_success": true,
    "number of actions": 2,
    "number_of_test_actions": 1,
    "actions_successful": false,
    "actions_stdout": "[Build/cross-compilation (GOOS=darwin, GOARCH=amd64)] \ud83d\ude80  Start image=crawlergpt:latest\n[Build/lint                                         ] \ud83d\ude80  Start image=crawlergpt:latest\n[Build/integration tests (ubuntu)                   ] \ud83d\ude80  Start image=crawlergpt:latest\n[Build/tests (/go-/)                                ] \ud83d\udea7  Skipping unsupported platform -- Try running with `-P -latest=...`\n[Build/lint                                         ]   \ud83d\udc33  docker pull image=crawlergpt:latest platform= username= forcePull=false\n[Build/integration tests (ubuntu)                   ]   \ud83d\udc33  docker pull image=crawlergpt:latest platform= username= forcePull=false\n[Build/cross-compilation (GOOS=darwin, GOARCH=amd64)]   \ud83d\udc33  docker pull image=crawlergpt:latest platform= username= forcePull=false\n[Build/integration tests (ubuntu)                   ]   \ud83d\udc33  docker create image=crawlergpt:latest platform= entrypoint=[\"tail\" \"-f\" \"/dev/null\"] cmd=[]\n[Build/lint                                         ]   \ud83d\udc33  docker create image=crawlergpt:latest platform= entrypoint=[\"tail\" \"-f\" \"/dev/null\"] cmd=[]\n[Build/cross-compilation (GOOS=darwin, GOARCH=amd64)]   \ud83d\udc33  docker create image=crawlergpt:latest platform= entrypoint=[\"tail\" \"-f\" \"/dev/null\"] cmd=[]\n[Build/integration tests (ubuntu)                   ]   \ud83d\udc33  docker run image=crawlergpt:latest platform= entrypoint=[\"tail\" \"-f\" \"/dev/null\"] cmd=[]\n[Build/cross-compilation (GOOS=darwin, GOARCH=amd64)]   \ud83d\udc33  docker run image=crawlergpt:latest platform= entrypoint=[\"tail\" \"-f\" \"/dev/null\"] cmd=[]\n[Build/lint                                         ]   \ud83d\udc33  docker run image=crawlergpt:latest platform= entrypoint=[\"tail\" \"-f\" \"/dev/null\"] cmd=[]\n[Build/lint                                         ]   \ud83d\udc33  docker exec cmd=[chown -R 1012:1000 /tmp/c66e4e10-fed3-11ed-a890-af2cc187fc11/fsouza-go-dockerclient] user=0 workdir=\n[Build/cross-compilation (GOOS=darwin, GOARCH=amd64)]   \ud83d\udc33  docker exec cmd=[chown -R 1012:1000 /tmp/c66e4e10-fed3-11ed-a890-af2cc187fc11/fsouza-go-dockerclient] user=0 workdir=\n[Build/integration tests (ubuntu)                   ]   \ud83d\udc33  docker exec cmd=[chown -R 1012:1000 /tmp/c66e4e10-fed3-11ed-a890-af2cc187fc11/fsouza-go-dockerclient] user=0 workdir=\n[Build/cross-compilation (GOOS=darwin, GOARCH=amd64)]   \u2601  git clone 'https://github.com/actions/setup-go' # ref=v4.0.1\n[Build/integration tests (ubuntu)                   ]   \u2601  git clone 'https://github.com/actions/setup-go' # ref=v4.0.1\n[Build/lint                                         ]   \u2601  git clone 'https://github.com/golangci/golangci-lint-action' # ref=v3.4.0\n[Build/cross-compilation (GOOS=darwin, GOARCH=amd64)] \ud83e\uddea  Matrix: map[goarch:amd64 goos:darwin]\n[Build/cross-compilation (GOOS=darwin, GOARCH=amd64)] \u2b50 Run Main actions/checkout@v3.5.2\n[Build/cross-compilation (GOOS=darwin, GOARCH=amd64)]   \u2705  Success - Main actions/checkout@v3.5.2\n[Build/integration tests (ubuntu)                   ] \ud83e\uddea  Matrix: map[os:ubuntu]\n[Build/integration tests (ubuntu)                   ] \u2b50 Run Main actions/checkout@v3.5.2\n[Build/cross-compilation (GOOS=darwin, GOARCH=amd64)] \u2b50 Run Main actions/setup-go@v4.0.1\n[Build/integration tests (ubuntu)                   ]   \u2705  Success - Main actions/checkout@v3.5.2\n[Build/cross-compilation (GOOS=darwin, GOARCH=amd64)]   \ud83d\udc33  docker cp src=/home/andre-silva/.cache/act/actions-setup-go@v4.0.1/ dst=/var/run/act/actions/actions-setup-go@v4.0.1/\n[Build/cross-compilation (GOOS=darwin, GOARCH=amd64)]   \ud83d\udc33  docker exec cmd=[chown -R 1012:1000 /var/run/act/actions/actions-setup-go@v4.0.1/] user=0 workdir=\n[Build/integration tests (ubuntu)                   ] \u2b50 Run Main actions/setup-go@v4.0.1\n[Build/integration tests (ubuntu)                   ]   \ud83d\udc33  docker cp src=/home/andre-silva/.cache/act/actions-setup-go@v4.0.1/ dst=/var/run/act/actions/actions-setup-go@v4.0.1/\n[Build/integration tests (ubuntu)                   ]   \ud83d\udc33  docker exec cmd=[chown -R 1012:1000 /var/run/act/actions/actions-setup-go@v4.0.1/] user=0 workdir=\n[Build/lint                                         ] \u2b50 Run Main actions/checkout@v3.5.2\n[Build/lint                                         ]   \u2705  Success - Main actions/checkout@v3.5.2\n[Build/lint                                         ] \u2b50 Run Main golangci/golangci-lint-action@v3.4.0\n[Build/lint                                         ]   \ud83d\udc33  docker cp src=/home/andre-silva/.cache/act/golangci-golangci-lint-action@v3.4.0/ dst=/var/run/act/actions/golangci-golangci-lint-action@v3.4.0/\n[Build/lint                                         ]   \ud83d\udc33  docker exec cmd=[chown -R 1012:1000 /var/run/act/actions/golangci-golangci-lint-action@v3.4.0/] user=0 workdir=\n[Build/lint                                         ]   \ud83d\udc33  docker exec cmd=[node /var/run/act/actions/golangci-golangci-lint-action@v3.4.0/dist/run/index.js] user= workdir=\n[Build/cross-compilation (GOOS=darwin, GOARCH=amd64)]   \ud83d\udc33  docker exec cmd=[node /var/run/act/actions/actions-setup-go@v4.0.1/dist/setup/index.js] user= workdir=\n[Build/integration tests (ubuntu)                   ]   \ud83d\udc33  docker exec cmd=[node /var/run/act/actions/actions-setup-go@v4.0.1/dist/setup/index.js] user= workdir=\n[Build/lint                                         ]   \u2753  ::group::prepare environment\n[Build/lint                                         ]   | Checking for go.mod: go.mod\n[Build/lint                                         ]   | Finding needed golangci-lint version...\n[Build/lint                                         ]   \ud83d\udcac  ::debug::Resolved Keys:\n[Build/lint                                         ]   \ud83d\udcac  ::debug::[\"golangci-lint.cache-2786-2725d96b4b4f7a1cf39bf533e4e0f5e0cd26de96\",\"golangci-lint.cache-2786-\"]\n[Build/lint                                         ]   \ud83d\udcac  ::debug::Checking zstd --version\n[Build/lint                                         ]   \ud83d\udcac  ::debug::*** zstd command line interface 64-bits v1.5.0, by Yann Collet ***\n[Build/lint                                         ]   \ud83d\udcac  ::debug::getCacheEntry - Attempt 1 of 2 failed with error: Cache Service Url not found, unable to restore cache.\n[Build/cross-compilation (GOOS=darwin, GOARCH=amd64)]   | Setup go version spec 1.20\n[Build/cross-compilation (GOOS=darwin, GOARCH=amd64)]   \ud83d\udcac  ::debug::isExplicit: \n[Build/cross-compilation (GOOS=darwin, GOARCH=amd64)]   \ud83d\udcac  ::debug::explicit? false\n[Build/cross-compilation (GOOS=darwin, GOARCH=amd64)]   \ud83d\udcac  ::debug::isExplicit: 1.14.15\n[Build/cross-compilation (GOOS=darwin, GOARCH=amd64)]   \ud83d\udcac  ::debug::explicit? true\n[Build/cross-compilation (GOOS=darwin, GOARCH=amd64)]   \ud83d\udcac  ::debug::isExplicit: 1.15.15\n[Build/cross-compilation (GOOS=darwin, GOARCH=amd64)]   \ud83d\udcac  ::debug::explicit? true\n[Build/cross-compilation (GOOS=darwin, GOARCH=amd64)]   \ud83d\udcac  ::debug::isExplicit: 1.16.7\n[Build/cross-compilation (GOOS=darwin, GOARCH=amd64)]   \ud83d\udcac  ::debug::explicit? true\n[Build/cross-compilation (GOOS=darwin, GOARCH=amd64)]   \ud83d\udcac  ::debug::evaluating 3 versions\n[Build/cross-compilation (GOOS=darwin, GOARCH=amd64)]   \ud83d\udcac  ::debug::match not found\n[Build/cross-compilation (GOOS=darwin, GOARCH=amd64)]   | Attempting to download 1.20...\n[Build/cross-compilation (GOOS=darwin, GOARCH=amd64)]   \ud83d\udcac  ::debug::No manifest cached\n[Build/cross-compilation (GOOS=darwin, GOARCH=amd64)]   | API rate limit exceeded for 130.242.72.40. (But here's the good news: Authenticated requests get a higher rate limit. Check out the documentation for more details.)\n[Build/cross-compilation (GOOS=darwin, GOARCH=amd64)]   \ud83d\udcac  ::debug::HttpClientError: API rate limit exceeded for 130.242.72.40. (But here's the good news: Authenticated requests get a higher rate limit. Check out the documentation for more details.)%0A    at /run/act/actions/actions-setup-go@v4.0.1/dist/setup/index.js:8907:27%0A    at processTicksAndRejections (internal/process/task_queues.js:95:5)\n[Build/cross-compilation (GOOS=darwin, GOARCH=amd64)]   | Falling back to download directly from Go\n[Build/integration tests (ubuntu)                   ]   | Setup go version spec 1.20\n[Build/integration tests (ubuntu)                   ]   \ud83d\udcac  ::debug::isExplicit: \n[Build/integration tests (ubuntu)                   ]   \ud83d\udcac  ::debug::explicit? false\n[Build/integration tests (ubuntu)                   ]   \ud83d\udcac  ::debug::isExplicit: 1.14.15\n[Build/integration tests (ubuntu)                   ]   \ud83d\udcac  ::debug::explicit? true\n[Build/integration tests (ubuntu)                   ]   \ud83d\udcac  ::debug::isExplicit: 1.15.15\n[Build/integration tests (ubuntu)                   ]   \ud83d\udcac  ::debug::explicit? true\n[Build/integration tests (ubuntu)                   ]   \ud83d\udcac  ::debug::isExplicit: 1.16.7\n[Build/integration tests (ubuntu)                   ]   \ud83d\udcac  ::debug::explicit? true\n[Build/integration tests (ubuntu)                   ]   \ud83d\udcac  ::debug::evaluating 3 versions\n[Build/integration tests (ubuntu)                   ]   \ud83d\udcac  ::debug::match not found\n[Build/integration tests (ubuntu)                   ]   | Attempting to download 1.20...\n[Build/integration tests (ubuntu)                   ]   \ud83d\udcac  ::debug::No manifest cached\n[Build/integration tests (ubuntu)                   ]   | API rate limit exceeded for 130.242.72.40. (But here's the good news: Authenticated requests get a higher rate limit. Check out the documentation for more details.)\n[Build/integration tests (ubuntu)                   ]   \ud83d\udcac  ::debug::HttpClientError: API rate limit exceeded for 130.242.72.40. (But here's the good news: Authenticated requests get a higher rate limit. Check out the documentation for more details.)%0A    at /run/act/actions/actions-setup-go@v4.0.1/dist/setup/index.js:8907:27%0A    at processTicksAndRejections (internal/process/task_queues.js:95:5)\n[Build/integration tests (ubuntu)                   ]   | Falling back to download directly from Go\n[Build/lint                                         ]   \ud83d\udcac  ::debug::getCacheEntry - Attempt 2 of 2 failed with error: Cache Service Url not found, unable to restore cache.\n[Build/cross-compilation (GOOS=darwin, GOARCH=amd64)]   \ud83d\udcac  ::debug::check 1.20.4 satisfies 1.20\n[Build/cross-compilation (GOOS=darwin, GOARCH=amd64)]   \ud83d\udcac  ::debug::===amd64 && ===linux\n[Build/cross-compilation (GOOS=darwin, GOARCH=amd64)]   \ud83d\udcac  ::debug::amd64===amd64 && darwin===linux\n[Build/cross-compilation (GOOS=darwin, GOARCH=amd64)]   \ud83d\udcac  ::debug::amd64===amd64 && darwin===linux\n[Build/cross-compilation (GOOS=darwin, GOARCH=amd64)]   \ud83d\udcac  ::debug::arm64===amd64 && darwin===linux\n[Build/cross-compilation (GOOS=darwin, GOARCH=amd64)]   \ud83d\udcac  ::debug::arm64===amd64 && darwin===linux\n[Build/cross-compilation (GOOS=darwin, GOARCH=amd64)]   \ud83d\udcac  ::debug::386===amd64 && freebsd===linux\n[Build/cross-compilation (GOOS=darwin, GOARCH=amd64)]   \ud83d\udcac  ::debug::amd64===amd64 && freebsd===linux\n[Build/cross-compilation (GOOS=darwin, GOARCH=amd64)]   \ud83d\udcac  ::debug::386===amd64 && linux===linux\n[Build/cross-compilation (GOOS=darwin, GOARCH=amd64)]   \ud83d\udcac  ::debug::amd64===amd64 && linux===linux\n[Build/cross-compilation (GOOS=darwin, GOARCH=amd64)]   \ud83d\udcac  ::debug::matched go1.20.4\n[Build/cross-compilation (GOOS=darwin, GOARCH=amd64)]   | Install from dist\n[Build/cross-compilation (GOOS=darwin, GOARCH=amd64)]   | Acquiring go1.20.4 from https://storage.googleapis.com/golang/go1.20.4.linux-amd64.tar.gz\n[Build/cross-compilation (GOOS=darwin, GOARCH=amd64)]   \ud83d\udcac  ::debug::Downloading https://storage.googleapis.com/golang/go1.20.4.linux-amd64.tar.gz\n[Build/cross-compilation (GOOS=darwin, GOARCH=amd64)]   \ud83d\udcac  ::debug::Destination /tmp/5d8ab747-04f5-4158-96a3-bfb99fda224f\n[Build/integration tests (ubuntu)                   ]   \ud83d\udcac  ::debug::check 1.20.4 satisfies 1.20\n[Build/integration tests (ubuntu)                   ]   \ud83d\udcac  ::debug::===amd64 && ===linux\n[Build/integration tests (ubuntu)                   ]   \ud83d\udcac  ::debug::amd64===amd64 && darwin===linux\n[Build/integration tests (ubuntu)                   ]   \ud83d\udcac  ::debug::amd64===amd64 && darwin===linux\n[Build/integration tests (ubuntu)                   ]   \ud83d\udcac  ::debug::arm64===amd64 && darwin===linux\n[Build/integration tests (ubuntu)                   ]   \ud83d\udcac  ::debug::arm64===amd64 && darwin===linux\n[Build/integration tests (ubuntu)                   ]   \ud83d\udcac  ::debug::386===amd64 && freebsd===linux\n[Build/integration tests (ubuntu)                   ]   \ud83d\udcac  ::debug::amd64===amd64 && freebsd===linux\n[Build/integration tests (ubuntu)                   ]   \ud83d\udcac  ::debug::386===amd64 && linux===linux\n[Build/integration tests (ubuntu)                   ]   \ud83d\udcac  ::debug::amd64===amd64 && linux===linux\n[Build/integration tests (ubuntu)                   ]   \ud83d\udcac  ::debug::matched go1.20.4\n[Build/integration tests (ubuntu)                   ]   | Install from dist\n[Build/integration tests (ubuntu)                   ]   | Acquiring go1.20.4 from https://storage.googleapis.com/golang/go1.20.4.linux-amd64.tar.gz\n[Build/integration tests (ubuntu)                   ]   \ud83d\udcac  ::debug::Downloading https://storage.googleapis.com/golang/go1.20.4.linux-amd64.tar.gz\n[Build/integration tests (ubuntu)                   ]   \ud83d\udcac  ::debug::Destination /tmp/ef551aac-c5f8-4a40-9062-5894ae2d739c\n[Build/lint                                         ]   | Requested golangci-lint 'latest', using 'v1.52.2', calculation took 5852ms\n[Build/lint                                         ]   | Installing golangci-lint v1.52.2...\n[Build/lint                                         ]   | Downloading https://github.com/golangci/golangci-lint/releases/download/v1.52.2/golangci-lint-1.52.2-linux-amd64.tar.gz ...\n[Build/lint                                         ]   \ud83d\udcac  ::debug::Downloading https://github.com/golangci/golangci-lint/releases/download/v1.52.2/golangci-lint-1.52.2-linux-amd64.tar.gz\n[Build/lint                                         ]   \ud83d\udcac  ::debug::Destination /tmp/517fd309-adae-43ed-ae18-58387a60921b\n[Build/lint                                         ]   \ud83d\udcac  ::debug::download complete\n[Build/lint                                         ]   \ud83d\udcac  ::debug::Checking tar --version\n[Build/lint                                         ]   \ud83d\udcac  ::debug::tar (GNU tar) 1.30%0ACopyright (C) 2017 Free Software Foundation, Inc.%0ALicense GPLv3+: GNU GPL version 3 or later <https://gnu.org/licenses/gpl.html>.%0AThis is free software: you are free to change and redistribute it.%0AThere is NO WARRANTY, to the extent permitted by law.%0A%0AWritten by John Gilmore and Jay Fenlason.\n[Build/lint                                         ]   | [command]/usr/bin/tar xz --overwrite --warning=no-unknown-keyword --overwrite -C /home/runneradmin -f /tmp/517fd309-adae-43ed-ae18-58387a60921b\n[Build/lint                                         ]   | Installed golangci-lint into /home/runneradmin/golangci-lint-1.52.2-linux-amd64/golangci-lint in 3622ms\n[Build/lint                                         ]   \ud83d\udea7  ::warning::Failed to restore: getCacheEntry failed: Cache Service Url not found, unable to restore cache.\n[Build/lint                                         ]   \ud83d\udcac  ::debug::Failed to delete archive: Error: ENOENT: no such file or directory, unlink ''\n[Build/lint                                         ]   | Cache not found for input keys: golangci-lint.cache-2786-2725d96b4b4f7a1cf39bf533e4e0f5e0cd26de96, golangci-lint.cache-2786-\n[Build/lint                                         ]   | Prepared env in 10234ms\n[Build/lint                                         ]   \u2753  ::endgroup::\n[Build/lint                                         ]   \u2753  ::group::run golangci-lint\n[Build/lint                                         ]   | Running [/home/runneradmin/golangci-lint-1.52.2-linux-amd64/golangci-lint run --out-format=github-actions] in [] ...\n[Build/cross-compilation (GOOS=darwin, GOARCH=amd64)]   \ud83d\udcac  ::debug::download complete\n[Build/cross-compilation (GOOS=darwin, GOARCH=amd64)]   | Extracting Go...\n[Build/cross-compilation (GOOS=darwin, GOARCH=amd64)]   \ud83d\udcac  ::debug::Checking tar --version\n[Build/cross-compilation (GOOS=darwin, GOARCH=amd64)]   \ud83d\udcac  ::debug::tar (GNU tar) 1.30%0ACopyright (C) 2017 Free Software Foundation, Inc.%0ALicense GPLv3+: GNU GPL version 3 or later <https://gnu.org/licenses/gpl.html>.%0AThis is free software: you are free to change and redistribute it.%0AThere is NO WARRANTY, to the extent permitted by law.%0A%0AWritten by John Gilmore and Jay Fenlason.\n[Build/cross-compilation (GOOS=darwin, GOARCH=amd64)]   | [command]/usr/bin/tar xz --warning=no-unknown-keyword --overwrite -C /tmp/816cf416-adb9-4b23-8e63-ccb1c6bbfdac -f /tmp/5d8ab747-04f5-4158-96a3-bfb99fda224f\n[Build/integration tests (ubuntu)                   ]   \ud83d\udcac  ::debug::download complete\n[Build/integration tests (ubuntu)                   ]   | Extracting Go...\n[Build/integration tests (ubuntu)                   ]   \ud83d\udcac  ::debug::Checking tar --version\n[Build/integration tests (ubuntu)                   ]   \ud83d\udcac  ::debug::tar (GNU tar) 1.30%0ACopyright (C) 2017 Free Software Foundation, Inc.%0ALicense GPLv3+: GNU GPL version 3 or later <https://gnu.org/licenses/gpl.html>.%0AThis is free software: you are free to change and redistribute it.%0AThere is NO WARRANTY, to the extent permitted by law.%0A%0AWritten by John Gilmore and Jay Fenlason.\n[Build/integration tests (ubuntu)                   ]   | [command]/usr/bin/tar xz --warning=no-unknown-keyword --overwrite -C /tmp/8ceb0680-f761-456d-ab45-21034bd5b6b6 -f /tmp/ef551aac-c5f8-4a40-9062-5894ae2d739c\n[Build/cross-compilation (GOOS=darwin, GOARCH=amd64)]   | Successfully extracted go to /tmp/816cf416-adb9-4b23-8e63-ccb1c6bbfdac\n[Build/cross-compilation (GOOS=darwin, GOARCH=amd64)]   | Adding to the cache ...\n[Build/cross-compilation (GOOS=darwin, GOARCH=amd64)]   \ud83d\udcac  ::debug::Caching tool go 1.20.4 x64\n[Build/cross-compilation (GOOS=darwin, GOARCH=amd64)]   \ud83d\udcac  ::debug::source dir: /tmp/816cf416-adb9-4b23-8e63-ccb1c6bbfdac/go\n[Build/cross-compilation (GOOS=darwin, GOARCH=amd64)]   \ud83d\udcac  ::debug::destination /opt/hostedtoolcache/go/1.20.4/x64\n[Build/integration tests (ubuntu)                   ]   | Successfully extracted go to /tmp/8ceb0680-f761-456d-ab45-21034bd5b6b6\n[Build/integration tests (ubuntu)                   ]   | Adding to the cache ...\n[Build/integration tests (ubuntu)                   ]   \ud83d\udcac  ::debug::Caching tool go 1.20.4 x64\n[Build/integration tests (ubuntu)                   ]   \ud83d\udcac  ::debug::source dir: /tmp/8ceb0680-f761-456d-ab45-21034bd5b6b6/go\n[Build/integration tests (ubuntu)                   ]   \ud83d\udcac  ::debug::destination /opt/hostedtoolcache/go/1.20.4/x64\n[Build/lint                                         ]   | golangci-lint found no issues\n[Build/lint                                         ]   | Ran golangci-lint in 28389ms\n[Build/lint                                         ]   \u2753  ::endgroup::\n[Build/lint                                         ]   \u2705  Success - Main golangci/golangci-lint-action@v3.4.0\n[Build/lint                                         ]   \u2699  ::set-env:: MSYS=winsymlinks:nativestrict\n[Build/lint                                         ]   \u2699  ::add-path:: /home/runneradmin/golangci-lint-1.52.2-linux-amd64\n[Build/lint                                         ] \u2b50 Run Post golangci/golangci-lint-action@v3.4.0\n[Build/lint                                         ]   \ud83d\udc33  docker exec cmd=[node /var/run/act/actions/golangci-golangci-lint-action@v3.4.0/dist/post_run/index.js] user= workdir=\n[Build/cross-compilation (GOOS=darwin, GOARCH=amd64)]   \ud83d\udcac  ::debug::finished caching tool\n[Build/cross-compilation (GOOS=darwin, GOARCH=amd64)]   | Successfully cached go to /opt/hostedtoolcache/go/1.20.4/x64\n[Build/cross-compilation (GOOS=darwin, GOARCH=amd64)]   | Added go to the path\n[Build/cross-compilation (GOOS=darwin, GOARCH=amd64)]   | Successfully set up Go version 1.20\n[Build/cross-compilation (GOOS=darwin, GOARCH=amd64)]   \ud83d\udcac  ::debug::which go :/opt/hostedtoolcache/go/1.20.4/x64/bin/go:\n[Build/cross-compilation (GOOS=darwin, GOARCH=amd64)]   \ud83d\udcac  ::debug::go env GOPATH :/home/runneradmin/go:\n[Build/cross-compilation (GOOS=darwin, GOARCH=amd64)]   \ud83d\udcac  ::debug::creating /home/runneradmin/go\n[Build/cross-compilation (GOOS=darwin, GOARCH=amd64)]   \ud83d\udcac  ::debug::creating /home/runneradmin/go/bin\n[Build/cross-compilation (GOOS=darwin, GOARCH=amd64)]   \ud83d\udcac  ::debug::add bin true\n[Build/cross-compilation (GOOS=darwin, GOARCH=amd64)]   \ud83d\udea7  ::warning::The runner was not able to contact the cache service. Caching will be skipped\n[Build/cross-compilation (GOOS=darwin, GOARCH=amd64)]   \u2753 add-matcher /run/act/actions/actions-setup-go@v4.0.1/matchers.json\n[Build/cross-compilation (GOOS=darwin, GOARCH=amd64)]   | go version go1.20.4 linux/amd64\n[Build/cross-compilation (GOOS=darwin, GOARCH=amd64)]   | \n[Build/cross-compilation (GOOS=darwin, GOARCH=amd64)]   \u2753  ::group::go env\n[Build/cross-compilation (GOOS=darwin, GOARCH=amd64)]   | GO111MODULE=\"\"\n[Build/cross-compilation (GOOS=darwin, GOARCH=amd64)]   | GOARCH=\"amd64\"\n[Build/cross-compilation (GOOS=darwin, GOARCH=amd64)]   | GOBIN=\"\"\n[Build/cross-compilation (GOOS=darwin, GOARCH=amd64)]   | GOCACHE=\"/home/runneradmin/.cache/go-build\"\n[Build/cross-compilation (GOOS=darwin, GOARCH=amd64)]   | GOENV=\"/home/runneradmin/.config/go/env\"\n[Build/cross-compilation (GOOS=darwin, GOARCH=amd64)]   | GOEXE=\"\"\n[Build/cross-compilation (GOOS=darwin, GOARCH=amd64)]   | GOEXPERIMENT=\"\"\n[Build/cross-compilation (GOOS=darwin, GOARCH=amd64)]   | GOFLAGS=\"\"\n[Build/cross-compilation (GOOS=darwin, GOARCH=amd64)]   | GOHOSTARCH=\"amd64\"\n[Build/cross-compilation (GOOS=darwin, GOARCH=amd64)]   | GOHOSTOS=\"linux\"\n[Build/cross-compilation (GOOS=darwin, GOARCH=amd64)]   | GOINSECURE=\"\"\n[Build/cross-compilation (GOOS=darwin, GOARCH=amd64)]   | GOMODCACHE=\"/home/runneradmin/go/pkg/mod\"\n[Build/cross-compilation (GOOS=darwin, GOARCH=amd64)]   | GONOPROXY=\"\"\n[Build/cross-compilation (GOOS=darwin, GOARCH=amd64)]   | GONOSUMDB=\"\"\n[Build/cross-compilation (GOOS=darwin, GOARCH=amd64)]   | GOOS=\"linux\"\n[Build/cross-compilation (GOOS=darwin, GOARCH=amd64)]   | GOPATH=\"/home/runneradmin/go\"\n[Build/cross-compilation (GOOS=darwin, GOARCH=amd64)]   | GOPRIVATE=\"\"\n[Build/cross-compilation (GOOS=darwin, GOARCH=amd64)]   | GOPROXY=\"https://proxy.golang.org,direct\"\n[Build/cross-compilation (GOOS=darwin, GOARCH=amd64)]   | GOROOT=\"/opt/hostedtoolcache/go/1.20.4/x64\"\n[Build/cross-compilation (GOOS=darwin, GOARCH=amd64)]   | GOSUMDB=\"sum.golang.org\"\n[Build/cross-compilation (GOOS=darwin, GOARCH=amd64)]   | GOTMPDIR=\"\"\n[Build/cross-compilation (GOOS=darwin, GOARCH=amd64)]   | GOTOOLDIR=\"/opt/hostedtoolcache/go/1.20.4/x64/pkg/tool/linux_amd64\"\n[Build/cross-compilation (GOOS=darwin, GOARCH=amd64)]   | GOVCS=\"\"\n[Build/cross-compilation (GOOS=darwin, GOARCH=amd64)]   | GOVERSION=\"go1.20.4\"\n[Build/cross-compilation (GOOS=darwin, GOARCH=amd64)]   | GCCGO=\"gccgo\"\n[Build/cross-compilation (GOOS=darwin, GOARCH=amd64)]   | GOAMD64=\"v1\"\n[Build/cross-compilation (GOOS=darwin, GOARCH=amd64)]   | AR=\"ar\"\n[Build/cross-compilation (GOOS=darwin, GOARCH=amd64)]   | CC=\"gcc\"\n[Build/cross-compilation (GOOS=darwin, GOARCH=amd64)]   | CXX=\"g++\"\n[Build/cross-compilation (GOOS=darwin, GOARCH=amd64)]   | CGO_ENABLED=\"1\"\n[Build/cross-compilation (GOOS=darwin, GOARCH=amd64)]   | GOMOD=\"/tmp/c66e4e10-fed3-11ed-a890-af2cc187fc11/fsouza-go-dockerclient/go.mod\"\n[Build/cross-compilation (GOOS=darwin, GOARCH=amd64)]   | GOWORK=\"\"\n[Build/cross-compilation (GOOS=darwin, GOARCH=amd64)]   | CGO_CFLAGS=\"-O2 -g\"\n[Build/cross-compilation (GOOS=darwin, GOARCH=amd64)]   | CGO_CPPFLAGS=\"\"\n[Build/cross-compilation (GOOS=darwin, GOARCH=amd64)]   | CGO_CXXFLAGS=\"-O2 -g\"\n[Build/cross-compilation (GOOS=darwin, GOARCH=amd64)]   | CGO_FFLAGS=\"-O2 -g\"\n[Build/cross-compilation (GOOS=darwin, GOARCH=amd64)]   | CGO_LDFLAGS=\"-O2 -g\"\n[Build/cross-compilation (GOOS=darwin, GOARCH=amd64)]   | PKG_CONFIG=\"pkg-config\"\n[Build/cross-compilation (GOOS=darwin, GOARCH=amd64)]   | GOGCCFLAGS=\"-fPIC -m64 -pthread -Wl,--no-gc-sections -fmessage-length=0 -fdebug-prefix-map=/tmp/go-build2914790296=/tmp/go-build -gno-record-gcc-switches\"\n[Build/cross-compilation (GOOS=darwin, GOARCH=amd64)]   | \n[Build/cross-compilation (GOOS=darwin, GOARCH=amd64)]   \u2753  ::endgroup::\n[Build/cross-compilation (GOOS=darwin, GOARCH=amd64)]   \u2705  Success - Main actions/setup-go@v4.0.1\n[Build/integration tests (ubuntu)                   ]   \ud83d\udcac  ::debug::finished caching tool\n[Build/integration tests (ubuntu)                   ]   | Successfully cached go to /opt/hostedtoolcache/go/1.20.4/x64\n[Build/integration tests (ubuntu)                   ]   | Added go to the path\n[Build/integration tests (ubuntu)                   ]   | Successfully set up Go version 1.20\n[Build/integration tests (ubuntu)                   ]   \ud83d\udcac  ::debug::which go :/opt/hostedtoolcache/go/1.20.4/x64/bin/go:\n[Build/integration tests (ubuntu)                   ]   \ud83d\udcac  ::debug::go env GOPATH :/home/runneradmin/go:\n[Build/integration tests (ubuntu)                   ]   \ud83d\udcac  ::debug::creating /home/runneradmin/go\n[Build/integration tests (ubuntu)                   ]   \ud83d\udcac  ::debug::creating /home/runneradmin/go/bin\n[Build/integration tests (ubuntu)                   ]   \ud83d\udcac  ::debug::add bin true\n[Build/integration tests (ubuntu)                   ]   \ud83d\udea7  ::warning::The runner was not able to contact the cache service. Caching will be skipped\n[Build/integration tests (ubuntu)                   ]   \u2753 add-matcher /run/act/actions/actions-setup-go@v4.0.1/matchers.json\n[Build/integration tests (ubuntu)                   ]   | go version go1.20.4 linux/amd64\n[Build/integration tests (ubuntu)                   ]   | \n[Build/integration tests (ubuntu)                   ]   \u2753  ::group::go env\n[Build/cross-compilation (GOOS=darwin, GOARCH=amd64)]   \u2699  ::set-output:: go-version=1.20.4\n[Build/integration tests (ubuntu)                   ]   | GO111MODULE=\"\"\n[Build/integration tests (ubuntu)                   ]   | GOARCH=\"amd64\"\n[Build/integration tests (ubuntu)                   ]   | GOBIN=\"\"\n[Build/integration tests (ubuntu)                   ]   | GOCACHE=\"/home/runneradmin/.cache/go-build\"\n[Build/integration tests (ubuntu)                   ]   | GOENV=\"/home/runneradmin/.config/go/env\"\n[Build/integration tests (ubuntu)                   ]   | GOEXE=\"\"\n[Build/integration tests (ubuntu)                   ]   | GOEXPERIMENT=\"\"\n[Build/integration tests (ubuntu)                   ]   | GOFLAGS=\"\"\n[Build/integration tests (ubuntu)                   ]   | GOHOSTARCH=\"amd64\"\n[Build/integration tests (ubuntu)                   ]   | GOHOSTOS=\"linux\"\n[Build/integration tests (ubuntu)                   ]   | GOINSECURE=\"\"\n[Build/integration tests (ubuntu)                   ]   | GOMODCACHE=\"/home/runneradmin/go/pkg/mod\"\n[Build/integration tests (ubuntu)                   ]   | GONOPROXY=\"\"\n[Build/integration tests (ubuntu)                   ]   | GONOSUMDB=\"\"\n[Build/integration tests (ubuntu)                   ]   | GOOS=\"linux\"\n[Build/integration tests (ubuntu)                   ]   | GOPATH=\"/home/runneradmin/go\"\n[Build/integration tests (ubuntu)                   ]   | GOPRIVATE=\"\"\n[Build/integration tests (ubuntu)                   ]   | GOPROXY=\"https://proxy.golang.org,direct\"\n[Build/integration tests (ubuntu)                   ]   | GOROOT=\"/opt/hostedtoolcache/go/1.20.4/x64\"\n[Build/integration tests (ubuntu)                   ]   | GOSUMDB=\"sum.golang.org\"\n[Build/integration tests (ubuntu)                   ]   | GOTMPDIR=\"\"\n[Build/integration tests (ubuntu)                   ]   | GOTOOLDIR=\"/opt/hostedtoolcache/go/1.20.4/x64/pkg/tool/linux_amd64\"\n[Build/integration tests (ubuntu)                   ]   | GOVCS=\"\"\n[Build/integration tests (ubuntu)                   ]   | GOVERSION=\"go1.20.4\"\n[Build/integration tests (ubuntu)                   ]   | GCCGO=\"gccgo\"\n[Build/integration tests (ubuntu)                   ]   | GOAMD64=\"v1\"\n[Build/integration tests (ubuntu)                   ]   | AR=\"ar\"\n[Build/integration tests (ubuntu)                   ]   | CC=\"gcc\"\n[Build/integration tests (ubuntu)                   ]   | CXX=\"g++\"\n[Build/integration tests (ubuntu)                   ]   | CGO_ENABLED=\"1\"\n[Build/integration tests (ubuntu)                   ]   | GOMOD=\"/tmp/c66e4e10-fed3-11ed-a890-af2cc187fc11/fsouza-go-dockerclient/go.mod\"\n[Build/integration tests (ubuntu)                   ]   | GOWORK=\"\"\n[Build/integration tests (ubuntu)                   ]   | CGO_CFLAGS=\"-O2 -g\"\n[Build/integration tests (ubuntu)                   ]   | CGO_CPPFLAGS=\"\"\n[Build/integration tests (ubuntu)                   ]   | CGO_CXXFLAGS=\"-O2 -g\"\n[Build/integration tests (ubuntu)                   ]   | CGO_FFLAGS=\"-O2 -g\"\n[Build/integration tests (ubuntu)                   ]   | CGO_LDFLAGS=\"-O2 -g\"\n[Build/integration tests (ubuntu)                   ]   | PKG_CONFIG=\"pkg-config\"\n[Build/integration tests (ubuntu)                   ]   | GOGCCFLAGS=\"-fPIC -m64 -pthread -Wl,--no-gc-sections -fmessage-length=0 -fdebug-prefix-map=/tmp/go-build1978209910=/tmp/go-build -gno-record-gcc-switches\"\n[Build/integration tests (ubuntu)                   ]   | \n[Build/integration tests (ubuntu)                   ]   \u2753  ::endgroup::\n[Build/integration tests (ubuntu)                   ]   \u2705  Success - Main actions/setup-go@v4.0.1\n[Build/cross-compilation (GOOS=darwin, GOARCH=amd64)]   \u2699  ::add-path:: /opt/hostedtoolcache/go/1.20.4/x64/bin\n[Build/cross-compilation (GOOS=darwin, GOARCH=amd64)]   \u2699  ::add-path:: /home/runneradmin/go/bin\n[Build/cross-compilation (GOOS=darwin, GOARCH=amd64)] \u2b50 Run Main go build\n[Build/integration tests (ubuntu)                   ]   \u2699  ::set-output:: go-version=1.20.4\n[Build/integration tests (ubuntu)                   ]   \u2699  ::add-path:: /opt/hostedtoolcache/go/1.20.4/x64/bin\n[Build/integration tests (ubuntu)                   ]   \u2699  ::add-path:: /home/runneradmin/go/bin\n[Build/integration tests (ubuntu)                   ] \u2b50 Run Main make integration\n[Build/cross-compilation (GOOS=darwin, GOARCH=amd64)]   \ud83d\udc33  docker exec cmd=[bash --noprofile --norc -e -o pipefail /var/run/act/workflow/2] user= workdir=\n[Build/integration tests (ubuntu)                   ]   \ud83d\udc33  docker exec cmd=[bash --noprofile --norc -e -o pipefail /var/run/act/workflow/2] user= workdir=\n[Build/lint                                         ]   \ud83d\udcac  ::debug::Checking zstd --version\n[Build/lint                                         ]   \ud83d\udcac  ::debug::*** zstd command line interface 64-bits v1.5.0, by Yann Collet ***\n[Build/lint                                         ]   \ud83d\udcac  ::debug::implicitDescendants 'false'\n[Build/lint                                         ]   \ud83d\udcac  ::debug::followSymbolicLinks 'true'\n[Build/lint                                         ]   \ud83d\udcac  ::debug::implicitDescendants 'false'\n[Build/lint                                         ]   \ud83d\udcac  ::debug::omitBrokenSymbolicLinks 'true'\n[Build/lint                                         ]   \ud83d\udcac  ::debug::Search path '/home/runneradmin/.cache/golangci-lint'\n[Build/lint                                         ]   \ud83d\udcac  ::debug::Search path '/home/runneradmin/.cache/go-build'\n[Build/lint                                         ]   \ud83d\udcac  ::debug::Search path '/home/runneradmin/go/pkg'\n[Build/lint                                         ]   \ud83d\udcac  ::debug::Matched: ../../../home/runneradmin/.cache/golangci-lint\n[Build/lint                                         ]   \ud83d\udcac  ::debug::Matched: ../../../home/runneradmin/.cache/go-build\n[Build/lint                                         ]   \ud83d\udcac  ::debug::Matched: ../../../home/runneradmin/go/pkg\n[Build/lint                                         ]   \ud83d\udcac  ::debug::Cache Paths:\n[Build/lint                                         ]   \ud83d\udcac  ::debug::[\"../../../home/runneradmin/.cache/golangci-lint\",\"../../../home/runneradmin/.cache/go-build\",\"../../../home/runneradmin/go/pkg\"]\n[Build/lint                                         ]   \ud83d\udcac  ::debug::Archive Path: /tmp/5bea4623-14c3-41a0-9881-df9888add347/cache.tzst\n[Build/lint                                         ]   | [command]/usr/bin/tar --posix -cf cache.tzst --exclude cache.tzst -P -C /tmp/c66e4e10-fed3-11ed-a890-af2cc187fc11/fsouza-go-dockerclient --files-from manifest.txt --use-compress-program zstdmt\n[Build/cross-compilation (GOOS=darwin, GOARCH=amd64)]   | go: downloading github.com/docker/go-units v0.5.0\n[Build/cross-compilation (GOOS=darwin, GOARCH=amd64)]   | go: downloading github.com/docker/docker v24.0.2+incompatible\n[Build/cross-compilation (GOOS=darwin, GOARCH=amd64)]   | go: downloading github.com/moby/patternmatcher v0.5.0\n[Build/lint                                         ]   \ud83d\udcac  ::debug::File Size: 66107198\n[Build/lint                                         ]   \ud83d\udcac  ::debug::Reserving Cache\n[Build/lint                                         ]   \ud83d\udcac  ::debug::reserveCache - Attempt 1 of 2 failed with error: Cache Service Url not found, unable to restore cache.\n[Build/cross-compilation (GOOS=darwin, GOARCH=amd64)]   | go: downloading github.com/pkg/errors v0.9.1\n[Build/cross-compilation (GOOS=darwin, GOARCH=amd64)]   | go: downloading golang.org/x/sys v0.8.0\n[Build/cross-compilation (GOOS=darwin, GOARCH=amd64)]   | go: downloading github.com/opencontainers/image-spec v1.0.3-0.20211202183452-c5a74bcca799\n[Build/cross-compilation (GOOS=darwin, GOARCH=amd64)]   | go: downloading github.com/morikuni/aec v1.0.0\n[Build/cross-compilation (GOOS=darwin, GOARCH=amd64)]   | go: downloading github.com/klauspost/compress v1.11.13\n[Build/cross-compilation (GOOS=darwin, GOARCH=amd64)]   | go: downloading github.com/containerd/containerd v1.6.18\n[Build/cross-compilation (GOOS=darwin, GOARCH=amd64)]   | go: downloading github.com/moby/sys/sequential v0.5.0\n[Build/cross-compilation (GOOS=darwin, GOARCH=amd64)]   | go: downloading github.com/sirupsen/logrus v1.9.0\n[Build/cross-compilation (GOOS=darwin, GOARCH=amd64)]   | go: downloading github.com/gogo/protobuf v1.3.2\n[Build/cross-compilation (GOOS=darwin, GOARCH=amd64)]   | go: downloading github.com/opencontainers/runc v1.1.5\n[Build/cross-compilation (GOOS=darwin, GOARCH=amd64)]   | go: downloading github.com/moby/term v0.0.0-20210619224110-3f7ff695adc6\n[Build/cross-compilation (GOOS=darwin, GOARCH=amd64)]   | go: downloading github.com/docker/go-connections v0.4.0\n[Build/cross-compilation (GOOS=darwin, GOARCH=amd64)]   | go: downloading github.com/opencontainers/go-digest v1.0.0\n[Build/lint                                         ]   \ud83d\udcac  ::debug::reserveCache - Attempt 2 of 2 failed with error: Cache Service Url not found, unable to restore cache.\n[Build/integration tests (ubuntu)                   ]   | go test -tags docker_integration -run TestIntegration -v\n[Build/integration tests (ubuntu)                   ]   | go: downloading github.com/google/go-cmp v0.5.9\n[Build/integration tests (ubuntu)                   ]   | go: downloading github.com/docker/docker v24.0.2+incompatible\n[Build/integration tests (ubuntu)                   ]   | go: downloading golang.org/x/term v0.8.0\n[Build/integration tests (ubuntu)                   ]   | go: downloading github.com/docker/go-units v0.5.0\n[Build/integration tests (ubuntu)                   ]   | go: downloading github.com/moby/patternmatcher v0.5.0\n[Build/integration tests (ubuntu)                   ]   | go: downloading golang.org/x/sys v0.8.0\n[Build/integration tests (ubuntu)                   ]   | go: downloading github.com/pkg/errors v0.9.1\n[Build/integration tests (ubuntu)                   ]   | go: downloading github.com/gogo/protobuf v1.3.2\n[Build/integration tests (ubuntu)                   ]   | go: downloading github.com/opencontainers/image-spec v1.0.3-0.20211202183452-c5a74bcca799\n[Build/integration tests (ubuntu)                   ]   | go: downloading github.com/sirupsen/logrus v1.9.0\n[Build/integration tests (ubuntu)                   ]   | go: downloading github.com/containerd/containerd v1.6.18\n[Build/integration tests (ubuntu)                   ]   | go: downloading github.com/opencontainers/runc v1.1.5\n[Build/integration tests (ubuntu)                   ]   | go: downloading github.com/docker/go-connections v0.4.0\n[Build/integration tests (ubuntu)                   ]   | go: downloading github.com/klauspost/compress v1.11.13\n[Build/integration tests (ubuntu)                   ]   | go: downloading github.com/moby/sys/sequential v0.5.0\n[Build/integration tests (ubuntu)                   ]   | go: downloading github.com/morikuni/aec v1.0.0\n[Build/integration tests (ubuntu)                   ]   | go: downloading github.com/moby/term v0.0.0-20210619224110-3f7ff695adc6\n[Build/integration tests (ubuntu)                   ]   | go: downloading github.com/opencontainers/go-digest v1.0.0\n[Build/lint                                         ]   \ud83d\udea7  ::warning::Failed to save: reserveCache failed: Cache Service Url not found, unable to restore cache.\n[Build/lint                                         ]   | Saved cache for golangci-lint from paths '/home/runneradmin/.cache/golangci-lint, /home/runneradmin/.cache/go-build, /home/runneradmin/go/pkg, zstd-without-long, 1.0' in 12704ms\n[Build/lint                                         ]   \u2705  Success - Post golangci/golangci-lint-action@v3.4.0\n[Build/lint                                         ]   \u2699  ::set-env:: MSYS=winsymlinks:nativestrict\n[Build/cross-compilation (GOOS=darwin, GOARCH=amd64)]   \u2705  Success - Main go build\n[Build/cross-compilation (GOOS=darwin, GOARCH=amd64)] \u2b50 Run Post actions/setup-go@v4.0.1\n[Build/cross-compilation (GOOS=darwin, GOARCH=amd64)]   \ud83d\udc33  docker exec cmd=[node /var/run/act/actions/actions-setup-go@v4.0.1/dist/cache-save/index.js] user= workdir=\n[Build/lint                                         ] \ud83c\udfc1  Job succeeded\n[Build/integration tests (ubuntu)                   ]   | === RUN   TestIntegrationPullCreateStartLogs\n[Build/integration tests (ubuntu)                   ]   |     integration_test.go:88: Pull output: \n[Build/integration tests (ubuntu)                   ]   |     integration_test.go:89: dial unix /var/run/docker.sock: connect: permission denied\n[Build/integration tests (ubuntu)                   ]   | --- FAIL: TestIntegrationPullCreateStartLogs (0.00s)\n[Build/integration tests (ubuntu)                   ]   | FAIL\n[Build/integration tests (ubuntu)                   ]   | exit status 1\n[Build/integration tests (ubuntu)                   ]   | FAIL\tgithub.com/fsouza/go-dockerclient\t0.037s\n[Build/integration tests (ubuntu)                   ]   | make: *** [Makefile:30: integration] Error 1\n[Build/integration tests (ubuntu)                   ]   \u274c  Failure - Main make integration\n[Build/integration tests (ubuntu)                   ] exitcode '2': failure\n[Build/integration tests (ubuntu)                   ] \ud83c\udfc1  Job failed\n[Build/cross-compilation (GOOS=darwin, GOARCH=amd64)]   | [command]/opt/hostedtoolcache/go/1.20.4/x64/bin/go env GOCACHE\n[Build/cross-compilation (GOOS=darwin, GOARCH=amd64)]   | [command]/opt/hostedtoolcache/go/1.20.4/x64/bin/go env GOMODCACHE\n[Build/cross-compilation (GOOS=darwin, GOARCH=amd64)]   | /home/runneradmin/.cache/go-build\n[Build/cross-compilation (GOOS=darwin, GOARCH=amd64)]   | /home/runneradmin/go/pkg/mod\n[Build/cross-compilation (GOOS=darwin, GOARCH=amd64)]   | Primary key was not generated. Please check the log messages above for more errors or information\n[Build/cross-compilation (GOOS=darwin, GOARCH=amd64)]   \u2705  Success - Post actions/setup-go@v4.0.1\n[Build/cross-compilation (GOOS=darwin, GOARCH=amd64)] \ud83c\udfc1  Job succeeded\n",
    "actions_stderr": "Error: Job 'integration tests (${{ matrix.os }})' failed\n"
}