{
    "repository": "variadico/noti",
    "clone_url": "https://github.com/variadico/noti.git",
    "timestamp": "2023-05-30T11:08:34.573894Z",
    "clone_success": true,
    "number of actions": 2,
    "number_of_test_actions": 1,
    "actions_successful": false,
    "actions_stdout": "[Testing/CI Job] \ud83d\ude80  Start image=crawlergpt:latest\n[Testing/CI Job]   \ud83d\udc33  docker pull image=crawlergpt:latest platform= username= forcePull=false\n[Testing/CI Job]   \ud83d\udc33  docker create image=crawlergpt:latest platform= entrypoint=[\"tail\" \"-f\" \"/dev/null\"] cmd=[]\n[Testing/CI Job]   \ud83d\udc33  docker run image=crawlergpt:latest platform= entrypoint=[\"tail\" \"-f\" \"/dev/null\"] cmd=[]\n[Testing/CI Job]   \ud83d\udc33  docker exec cmd=[chown -R 1012:1000 /tmp/c66e4e10-fed3-11ed-a890-af2cc187fc11/variadico-noti] user=0 workdir=\n[Testing/CI Job]   \u2601  git clone 'https://github.com/actions/setup-go' # ref=v3\n[Testing/CI Job] \ud83e\uddea  Matrix: map[os:ubuntu-latest]\n[Testing/CI Job] \u2b50 Run Main Checkout source\n[Testing/CI Job]   \u2705  Success - Main Checkout source\n[Testing/CI Job] \u2b50 Run Main Setup Go\n[Testing/CI Job]   \ud83d\udc33  docker cp src=/home/andre-silva/.cache/act/actions-setup-go@v3/ dst=/var/run/act/actions/actions-setup-go@v3/\n[Testing/CI Job]   \ud83d\udc33  docker exec cmd=[chown -R 1012:1000 /var/run/act/actions/actions-setup-go@v3/] user=0 workdir=\n[Testing/CI Job]   \ud83d\udc33  docker exec cmd=[node /var/run/act/actions/actions-setup-go@v3/dist/setup/index.js] user= workdir=\n[Testing/CI Job]   | Setup go version spec 1.20\n[Testing/CI Job]   \ud83d\udcac  ::debug::isExplicit: \n[Testing/CI Job]   \ud83d\udcac  ::debug::explicit? false\n[Testing/CI Job]   \ud83d\udcac  ::debug::isExplicit: 1.14.15\n[Testing/CI Job]   \ud83d\udcac  ::debug::explicit? true\n[Testing/CI Job]   \ud83d\udcac  ::debug::isExplicit: 1.15.15\n[Testing/CI Job]   \ud83d\udcac  ::debug::explicit? true\n[Testing/CI Job]   \ud83d\udcac  ::debug::isExplicit: 1.16.7\n[Testing/CI Job]   \ud83d\udcac  ::debug::explicit? true\n[Testing/CI Job]   \ud83d\udcac  ::debug::evaluating 3 versions\n[Testing/CI Job]   \ud83d\udcac  ::debug::match not found\n[Testing/CI Job]   | Attempting to download 1.20...\n[Testing/CI Job]   \ud83d\udcac  ::debug::No manifest cached\n[Testing/CI Job]   | API rate limit exceeded for 130.242.72.40. (But here's the good news: Authenticated requests get a higher rate limit. Check out the documentation for more details.)\n[Testing/CI Job]   \ud83d\udcac  ::debug::HttpClientError: API rate limit exceeded for 130.242.72.40. (But here's the good news: Authenticated requests get a higher rate limit. Check out the documentation for more details.)%0A    at /run/act/actions/actions-setup-go@v3/dist/setup/index.js:8612:27%0A    at processTicksAndRejections (internal/process/task_queues.js:95:5)\n[Testing/CI Job]   | Falling back to download directly from Go\n[Testing/CI Job]   \ud83d\udcac  ::debug::check 1.20.4 satisfies 1.20\n[Testing/CI Job]   \ud83d\udcac  ::debug::===amd64 && ===linux\n[Testing/CI Job]   \ud83d\udcac  ::debug::amd64===amd64 && darwin===linux\n[Testing/CI Job]   \ud83d\udcac  ::debug::amd64===amd64 && darwin===linux\n[Testing/CI Job]   \ud83d\udcac  ::debug::arm64===amd64 && darwin===linux\n[Testing/CI Job]   \ud83d\udcac  ::debug::arm64===amd64 && darwin===linux\n[Testing/CI Job]   \ud83d\udcac  ::debug::386===amd64 && freebsd===linux\n[Testing/CI Job]   \ud83d\udcac  ::debug::amd64===amd64 && freebsd===linux\n[Testing/CI Job]   \ud83d\udcac  ::debug::386===amd64 && linux===linux\n[Testing/CI Job]   \ud83d\udcac  ::debug::amd64===amd64 && linux===linux\n[Testing/CI Job]   \ud83d\udcac  ::debug::matched go1.20.4\n[Testing/CI Job]   | Install from dist\n[Testing/CI Job]   | Acquiring go1.20.4 from https://storage.googleapis.com/golang/go1.20.4.linux-amd64.tar.gz\n[Testing/CI Job]   \ud83d\udcac  ::debug::Downloading https://storage.googleapis.com/golang/go1.20.4.linux-amd64.tar.gz\n[Testing/CI Job]   \ud83d\udcac  ::debug::Destination /tmp/3d60f5b2-2025-4a10-81c7-c972e158bab8\n[Testing/CI Job]   \ud83d\udcac  ::debug::download complete\n[Testing/CI Job]   | Extracting Go...\n[Testing/CI Job]   \ud83d\udcac  ::debug::Checking tar --version\n[Testing/CI Job]   \ud83d\udcac  ::debug::tar (GNU tar) 1.30%0ACopyright (C) 2017 Free Software Foundation, Inc.%0ALicense GPLv3+: GNU GPL version 3 or later <https://gnu.org/licenses/gpl.html>.%0AThis is free software: you are free to change and redistribute it.%0AThere is NO WARRANTY, to the extent permitted by law.%0A%0AWritten by John Gilmore and Jay Fenlason.\n[Testing/CI Job]   | [command]/usr/bin/tar xz --warning=no-unknown-keyword --overwrite -C /tmp/4e9a5d88-6fee-4fc0-8410-3ae9bb37c065 -f /tmp/3d60f5b2-2025-4a10-81c7-c972e158bab8\n[Testing/CI Job]   | Successfully extracted go to /tmp/4e9a5d88-6fee-4fc0-8410-3ae9bb37c065\n[Testing/CI Job]   | Adding to the cache ...\n[Testing/CI Job]   \ud83d\udcac  ::debug::Caching tool go 1.20.4 x64\n[Testing/CI Job]   \ud83d\udcac  ::debug::source dir: /tmp/4e9a5d88-6fee-4fc0-8410-3ae9bb37c065/go\n[Testing/CI Job]   \ud83d\udcac  ::debug::destination /opt/hostedtoolcache/go/1.20.4/x64\n[Testing/CI Job]   \ud83d\udcac  ::debug::finished caching tool\n[Testing/CI Job]   | Successfully cached go to /opt/hostedtoolcache/go/1.20.4/x64\n[Testing/CI Job]   | Added go to the path\n[Testing/CI Job]   \ud83d\udcac  ::debug::which go :/opt/hostedtoolcache/go/1.20.4/x64/bin/go:\n[Testing/CI Job]   \ud83d\udcac  ::debug::go env GOPATH :/home/runneradmin/go:\n[Testing/CI Job]   \ud83d\udcac  ::debug::creating /home/runneradmin/go\n[Testing/CI Job]   \ud83d\udcac  ::debug::creating /home/runneradmin/go/bin\n[Testing/CI Job]   \ud83d\udcac  ::debug::add bin true\n[Testing/CI Job]   | Successfully set up Go version 1.20\n[Testing/CI Job]   \u2753 add-matcher /run/act/actions/actions-setup-go@v3/matchers.json\n[Testing/CI Job]   | go version go1.20.4 linux/amd64\n[Testing/CI Job]   | \n[Testing/CI Job]   \u2753  ::group::go env\n[Testing/CI Job]   | GO111MODULE=\"\"\n[Testing/CI Job]   | GOARCH=\"amd64\"\n[Testing/CI Job]   | GOBIN=\"\"\n[Testing/CI Job]   | GOCACHE=\"/home/runneradmin/.cache/go-build\"\n[Testing/CI Job]   | GOENV=\"/home/runneradmin/.config/go/env\"\n[Testing/CI Job]   | GOEXE=\"\"\n[Testing/CI Job]   | GOEXPERIMENT=\"\"\n[Testing/CI Job]   | GOFLAGS=\"\"\n[Testing/CI Job]   | GOHOSTARCH=\"amd64\"\n[Testing/CI Job]   | GOHOSTOS=\"linux\"\n[Testing/CI Job]   | GOINSECURE=\"\"\n[Testing/CI Job]   | GOMODCACHE=\"/home/runneradmin/go/pkg/mod\"\n[Testing/CI Job]   | GONOPROXY=\"\"\n[Testing/CI Job]   | GONOSUMDB=\"\"\n[Testing/CI Job]   | GOOS=\"linux\"\n[Testing/CI Job]   | GOPATH=\"/home/runneradmin/go\"\n[Testing/CI Job]   | GOPRIVATE=\"\"\n[Testing/CI Job]   | GOPROXY=\"https://proxy.golang.org,direct\"\n[Testing/CI Job]   | GOROOT=\"/opt/hostedtoolcache/go/1.20.4/x64\"\n[Testing/CI Job]   | GOSUMDB=\"sum.golang.org\"\n[Testing/CI Job]   | GOTMPDIR=\"\"\n[Testing/CI Job]   | GOTOOLDIR=\"/opt/hostedtoolcache/go/1.20.4/x64/pkg/tool/linux_amd64\"\n[Testing/CI Job]   | GOVCS=\"\"\n[Testing/CI Job]   | GOVERSION=\"go1.20.4\"\n[Testing/CI Job]   | GCCGO=\"gccgo\"\n[Testing/CI Job]   | GOAMD64=\"v1\"\n[Testing/CI Job]   | AR=\"ar\"\n[Testing/CI Job]   | CC=\"gcc\"\n[Testing/CI Job]   | CXX=\"g++\"\n[Testing/CI Job]   | CGO_ENABLED=\"1\"\n[Testing/CI Job]   | GOMOD=\"/tmp/c66e4e10-fed3-11ed-a890-af2cc187fc11/variadico-noti/go.mod\"\n[Testing/CI Job]   | GOWORK=\"\"\n[Testing/CI Job]   | CGO_CFLAGS=\"-O2 -g\"\n[Testing/CI Job]   | CGO_CPPFLAGS=\"\"\n[Testing/CI Job]   | CGO_CXXFLAGS=\"-O2 -g\"\n[Testing/CI Job]   | CGO_FFLAGS=\"-O2 -g\"\n[Testing/CI Job]   | CGO_LDFLAGS=\"-O2 -g\"\n[Testing/CI Job]   | PKG_CONFIG=\"pkg-config\"\n[Testing/CI Job]   | GOGCCFLAGS=\"-fPIC -m64 -pthread -Wl,--no-gc-sections -fmessage-length=0 -fdebug-prefix-map=/tmp/go-build705417111=/tmp/go-build -gno-record-gcc-switches\"\n[Testing/CI Job]   | \n[Testing/CI Job]   \u2753  ::endgroup::\n[Testing/CI Job]   \u2705  Success - Main Setup Go\n[Testing/CI Job]   \u2699  ::set-output:: go-version=1.20.4\n[Testing/CI Job]   \u2699  ::add-path:: /opt/hostedtoolcache/go/1.20.4/x64/bin\n[Testing/CI Job]   \u2699  ::add-path:: /home/runneradmin/go/bin\n[Testing/CI Job] \u2b50 Run Main Build\n[Testing/CI Job]   \ud83d\udc33  docker exec cmd=[bash --noprofile --norc -e -o pipefail /var/run/act/workflow/2] user= workdir=\n[Testing/CI Job]   | go build -race -o cmd/noti/noti -ldflags \"-X github.com/variadico/noti/internal/command.Version=main-6421a41\" github.com/variadico/noti/cmd/noti\n[Testing/CI Job]   \u2705  Success - Main Build\n[Testing/CI Job] \u2b50 Run Main Test\n[Testing/CI Job]   \ud83d\udc33  docker exec cmd=[bash --noprofile --norc -e -o pipefail /var/run/act/workflow/3] user= workdir=\n[Testing/CI Job]   | go vet ./...\n[Testing/CI Job]   | ./tools/golangci-lint-1.52.2-linux-amd64 run --no-config --exclude-use-default=false --max-same-issues=0 \\\n[Testing/CI Job]   | --timeout 30s \\\n[Testing/CI Job]   | --disable errcheck \\\n[Testing/CI Job]   | --disable stylecheck \\\n[Testing/CI Job]   | --disable structcheck \\\n[Testing/CI Job]   | --disable bodyclose \\\n[Testing/CI Job]   | --enable unconvert \\\n[Testing/CI Job]   | --enable dupl \\\n[Testing/CI Job]   | --enable gocyclo \\\n[Testing/CI Job]   | --enable gofmt \\\n[Testing/CI Job]   | --enable goimports \\\n[Testing/CI Job]   | --enable misspell \\\n[Testing/CI Job]   | --enable lll \\\n[Testing/CI Job]   | --enable unparam \\\n[Testing/CI Job]   | --enable nakedret \\\n[Testing/CI Job]   | --enable prealloc \\\n[Testing/CI Job]   | --enable gocritic \\\n[Testing/CI Job]   | --enable gochecknoinits \\\n[Testing/CI Job]   | ./...\n[Testing/CI Job]   | go test -v -cover -race $(go list ./... | grep -v \"noti/tests\")\n[Testing/CI Job]   | ?   \tgithub.com/variadico/noti/cmd/noti\t[no test files]\n[Testing/CI Job]   | ?   \tgithub.com/variadico/noti/service/espeak\t[no test files]\n[Testing/CI Job]   | ?   \tgithub.com/variadico/noti/service/freedesktop\t[no test files]\n[Testing/CI Job]   | === RUN   TestSetNotiDefaults\n[Testing/CI Job]   | --- PASS: TestSetNotiDefaults (0.00s)\n[Testing/CI Job]   | === RUN   TestBindNotiEnv\n[Testing/CI Job]   | === RUN   TestBindNotiEnv/current_env_vars_set\n[Testing/CI Job]   | === RUN   TestBindNotiEnv/deprecated_env_vars_set\n[Testing/CI Job]   | --- PASS: TestBindNotiEnv (0.00s)\n[Testing/CI Job]   |     --- PASS: TestBindNotiEnv/current_env_vars_set (0.00s)\n[Testing/CI Job]   |     --- PASS: TestBindNotiEnv/deprecated_env_vars_set (0.00s)\n[Testing/CI Job]   | === RUN   TestSetupConfigFile\n[Testing/CI Job]   | --- PASS: TestSetupConfigFile (0.00s)\n[Testing/CI Job]   | === RUN   TestConfigureApp\n[Testing/CI Job]   | === RUN   TestConfigureApp/defaults_and_file\n[Testing/CI Job]   | === RUN   TestConfigureApp/defaults,_file,_and_env\n[Testing/CI Job]   | === RUN   TestConfigureApp/defaults\n[Testing/CI Job]   | --- PASS: TestConfigureApp (0.00s)\n[Testing/CI Job]   |     --- PASS: TestConfigureApp/defaults_and_file (0.00s)\n[Testing/CI Job]   |     --- PASS: TestConfigureApp/defaults,_file,_and_env (0.00s)\n[Testing/CI Job]   |     --- PASS: TestConfigureApp/defaults (0.00s)\n[Testing/CI Job]   | === RUN   TestEnabledServices\n[Testing/CI Job]   | === RUN   TestEnabledServices/flag_override\n[Testing/CI Job]   | === RUN   TestEnabledServices/non-service_flags\n[Testing/CI Job]   | === RUN   TestEnabledServices/env_override\n[Testing/CI Job]   | === RUN   TestEnabledServices/defaults\n[Testing/CI Job]   | --- PASS: TestEnabledServices (0.00s)\n[Testing/CI Job]   |     --- PASS: TestEnabledServices/flag_override (0.00s)\n[Testing/CI Job]   |     --- PASS: TestEnabledServices/non-service_flags (0.00s)\n[Testing/CI Job]   |     --- PASS: TestEnabledServices/env_override (0.00s)\n[Testing/CI Job]   |     --- PASS: TestEnabledServices/defaults (0.00s)\n[Testing/CI Job]   | === RUN   TestGetNotifications\n[Testing/CI Job]   | === RUN   TestGetNotifications/get_banner_notification\n[Testing/CI Job]   | === RUN   TestGetNotifications/get_bearychat_notification\n[Testing/CI Job]   | === RUN   TestGetNotifications/get_keybase_notification\n[Testing/CI Job]   | === RUN   TestGetNotifications/get_pushbullet_notification\n[Testing/CI Job]   | === RUN   TestGetNotifications/get_pushover_notification\n[Testing/CI Job]   | === RUN   TestGetNotifications/get_pushsafer_notification\n[Testing/CI Job]   | === RUN   TestGetNotifications/get_simplepush_notification\n[Testing/CI Job]   | === RUN   TestGetNotifications/get_slack_notification\n[Testing/CI Job]   | === RUN   TestGetNotifications/get_speech_notification\n[Testing/CI Job]   | === RUN   TestGetNotifications/get_zulip_notification\n[Testing/CI Job]   | --- PASS: TestGetNotifications (0.00s)\n[Testing/CI Job]   |     --- PASS: TestGetNotifications/get_banner_notification (0.00s)\n[Testing/CI Job]   |     --- PASS: TestGetNotifications/get_bearychat_notification (0.00s)\n[Testing/CI Job]   |     --- PASS: TestGetNotifications/get_keybase_notification (0.00s)\n[Testing/CI Job]   |     --- PASS: TestGetNotifications/get_pushbullet_notification (0.00s)\n[Testing/CI Job]   |     --- PASS: TestGetNotifications/get_pushover_notification (0.00s)\n[Testing/CI Job]   |     --- PASS: TestGetNotifications/get_pushsafer_notification (0.00s)\n[Testing/CI Job]   |     --- PASS: TestGetNotifications/get_simplepush_notification (0.00s)\n[Testing/CI Job]   |     --- PASS: TestGetNotifications/get_slack_notification (0.00s)\n[Testing/CI Job]   |     --- PASS: TestGetNotifications/get_speech_notification (0.00s)\n[Testing/CI Job]   |     --- PASS: TestGetNotifications/get_zulip_notification (0.00s)\n[Testing/CI Job]   | === RUN   TestRunCommand\n[Testing/CI Job]   |     root_test.go:35: . subshell not supported\n[Testing/CI Job]   |     root_test.go:36: Skipping rest of test\n[Testing/CI Job]   | --- PASS: TestRunCommand (0.10s)\n[Testing/CI Job]   | === RUN   TestCommandName\n[Testing/CI Job]   | --- PASS: TestCommandName (0.00s)\n[Testing/CI Job]   | === RUN   TestLatestRelease\n[Testing/CI Job]   | --- PASS: TestLatestRelease (0.00s)\n[Testing/CI Job]   | PASS\n[Testing/CI Job]   | \tgithub.com/variadico/noti/internal/command\tcoverage: 58.6% of statements\n[Testing/CI Job]   | ok  \tgithub.com/variadico/noti/internal/command\t0.161s\tcoverage: 58.6% of statements\n[Testing/CI Job]   | === RUN   TestSend\n[Testing/CI Job]   | --- PASS: TestSend (0.00s)\n[Testing/CI Job]   | PASS\n[Testing/CI Job]   | \tgithub.com/variadico/noti/service/bearychat\tcoverage: 73.3% of statements\n[Testing/CI Job]   | ok  \tgithub.com/variadico/noti/service/bearychat\t0.134s\tcoverage: 73.3% of statements\n[Testing/CI Job]   | === RUN   TestSend\n[Testing/CI Job]   | --- PASS: TestSend (0.00s)\n[Testing/CI Job]   | PASS\n[Testing/CI Job]   | \tgithub.com/variadico/noti/service/chanify\tcoverage: 72.7% of statements\n[Testing/CI Job]   | ok  \tgithub.com/variadico/noti/service/chanify\t0.133s\tcoverage: 72.7% of statements\n[Testing/CI Job]   | === RUN   TestSend\n[Testing/CI Job]   | --- PASS: TestSend (0.01s)\n[Testing/CI Job]   | PASS\n[Testing/CI Job]   | \tgithub.com/variadico/noti/service/gchat\tcoverage: 70.4% of statements\n[Testing/CI Job]   | ok  \tgithub.com/variadico/noti/service/gchat\t0.135s\tcoverage: 70.4% of statements\n[Testing/CI Job]   | === RUN   TestKeybase_prepareArgs\n[Testing/CI Job]   | === RUN   TestKeybase_prepareArgs/Minimal_keybase_notification\n[Testing/CI Job]   | === RUN   TestKeybase_prepareArgs/Channel_specified_notification\n[Testing/CI Job]   | === RUN   TestKeybase_prepareArgs/Missing_required_`Conversation`\n[Testing/CI Job]   | === RUN   TestKeybase_prepareArgs/Missing_required_`Message`\n[Testing/CI Job]   | === RUN   TestKeybase_prepareArgs/Invalid_exploding_time\n[Testing/CI Job]   | --- PASS: TestKeybase_prepareArgs (0.00s)\n[Testing/CI Job]   |     --- PASS: TestKeybase_prepareArgs/Minimal_keybase_notification (0.00s)\n[Testing/CI Job]   |     --- PASS: TestKeybase_prepareArgs/Channel_specified_notification (0.00s)\n[Testing/CI Job]   |     --- PASS: TestKeybase_prepareArgs/Missing_required_`Conversation` (0.00s)\n[Testing/CI Job]   |     --- PASS: TestKeybase_prepareArgs/Missing_required_`Message` (0.00s)\n[Testing/CI Job]   |     --- PASS: TestKeybase_prepareArgs/Invalid_exploding_time (0.00s)\n[Testing/CI Job]   | PASS\n[Testing/CI Job]   | \tgithub.com/variadico/noti/service/keybase\tcoverage: 54.5% of statements\n[Testing/CI Job]   | ok  \tgithub.com/variadico/noti/service/keybase\t0.132s\tcoverage: 54.5% of statements\n[Testing/CI Job]   | === RUN   TestSend\n[Testing/CI Job]   | --- PASS: TestSend (0.01s)\n[Testing/CI Job]   | PASS\n[Testing/CI Job]   | \tgithub.com/variadico/noti/service/mattermost\tcoverage: 77.3% of statements\n[Testing/CI Job]   | ok  \tgithub.com/variadico/noti/service/mattermost\t0.132s\tcoverage: 77.3% of statements\n[Testing/CI Job]   | === RUN   TestSend\n[Testing/CI Job]   | --- PASS: TestSend (0.01s)\n[Testing/CI Job]   | PASS\n[Testing/CI Job]   | \tgithub.com/variadico/noti/service/pushbullet\tcoverage: 77.8% of statements\n[Testing/CI Job]   | ok  \tgithub.com/variadico/noti/service/pushbullet\t0.134s\tcoverage: 77.8% of statements\n[Testing/CI Job]   | === RUN   TestSend\n[Testing/CI Job]   | --- PASS: TestSend (0.01s)\n[Testing/CI Job]   | PASS\n[Testing/CI Job]   | \tgithub.com/variadico/noti/service/pushover\tcoverage: 88.2% of statements\n[Testing/CI Job]   | ok  \tgithub.com/variadico/noti/service/pushover\t0.132s\tcoverage: 88.2% of statements\n[Testing/CI Job]   | === RUN   TestSend\n[Testing/CI Job]   | --- PASS: TestSend (0.01s)\n[Testing/CI Job]   | PASS\n[Testing/CI Job]   | \tgithub.com/variadico/noti/service/pushsafer\tcoverage: 85.7% of statements\n[Testing/CI Job]   | ok  \tgithub.com/variadico/noti/service/pushsafer\t0.134s\tcoverage: 85.7% of statements\n[Testing/CI Job]   | === RUN   TestSend\n[Testing/CI Job]   | --- PASS: TestSend (0.01s)\n[Testing/CI Job]   | PASS\n[Testing/CI Job]   | \tgithub.com/variadico/noti/service/simplepush\tcoverage: 82.4% of statements\n[Testing/CI Job]   | ok  \tgithub.com/variadico/noti/service/simplepush\t0.132s\tcoverage: 82.4% of statements\n[Testing/CI Job]   | === RUN   TestSend\n[Testing/CI Job]   | --- PASS: TestSend (0.01s)\n[Testing/CI Job]   | PASS\n[Testing/CI Job]   | \tgithub.com/variadico/noti/service/slack\tcoverage: 57.1% of statements\n[Testing/CI Job]   | ok  \tgithub.com/variadico/noti/service/slack\t0.134s\tcoverage: 57.1% of statements\n[Testing/CI Job]   | === RUN   TestTelegramSend\n[Testing/CI Job]   | --- PASS: TestTelegramSend (0.01s)\n[Testing/CI Job]   | PASS\n[Testing/CI Job]   | \tgithub.com/variadico/noti/service/telegram\tcoverage: 72.2% of statements\n[Testing/CI Job]   | ok  \tgithub.com/variadico/noti/service/telegram\t0.133s\tcoverage: 72.2% of statements\n[Testing/CI Job]   | === RUN   TestTwilioSend\n[Testing/CI Job]   | --- PASS: TestTwilioSend (0.01s)\n[Testing/CI Job]   | PASS\n[Testing/CI Job]   | \tgithub.com/variadico/noti/service/twilio\tcoverage: 79.3% of statements\n[Testing/CI Job]   | ok  \tgithub.com/variadico/noti/service/twilio\t0.137s\tcoverage: 79.3% of statements\n[Testing/CI Job]   | === RUN   TestSend\n[Testing/CI Job]   | --- PASS: TestSend (0.01s)\n[Testing/CI Job]   | PASS\n[Testing/CI Job]   | \tgithub.com/variadico/noti/service/zulip\tcoverage: 87.0% of statements\n[Testing/CI Job]   | ok  \tgithub.com/variadico/noti/service/zulip\t0.131s\tcoverage: 87.0% of statements\n[Testing/CI Job]   | go install \\\n[Testing/CI Job]   | \t-ldflags \"-X github.com/variadico/noti/internal/command.Version=main-6421a41\" \\\n[Testing/CI Job]   | \tgithub.com/variadico/noti/cmd/noti\n[Testing/CI Job]   | go test -v -cover ./tests/...\n[Testing/CI Job]   | === RUN   TestNoti\n[Testing/CI Job]   | === RUN   TestNoti/show_version\n[Testing/CI Job]   |     integration_test.go:35: noti version main-6421a41\n[Testing/CI Job]   |         \n[Testing/CI Job]   |     integration_test.go:36: Missing name of latest version\n[Testing/CI Job]   |     integration_test.go:39: noti version main-6421a41\n[Testing/CI Job]   |         \n[Testing/CI Job]   |     integration_test.go:40: Missing latest download link\n[Testing/CI Job]   | === RUN   TestNoti/dry_run\n[Testing/CI Job]   | === RUN   TestNoti/pwatch\n[Testing/CI Job]   | --- FAIL: TestNoti (2.21s)\n[Testing/CI Job]   |     --- FAIL: TestNoti/show_version (0.17s)\n[Testing/CI Job]   |     --- PASS: TestNoti/dry_run (0.01s)\n[Testing/CI Job]   |     --- PASS: TestNoti/pwatch (2.02s)\n[Testing/CI Job]   | FAIL\n[Testing/CI Job]   | coverage: [no statements]\n[Testing/CI Job]   | FAIL\tgithub.com/variadico/noti/tests\t2.218s\n[Testing/CI Job]   | FAIL\n[Testing/CI Job]   | make: *** [Makefile:95: test-integration] Error 1\n[Testing/CI Job]   \u274c  Failure - Main Test\n[Testing/CI Job] exitcode '2': failure\n[Testing/CI Job] \ud83c\udfc1  Job failed\n",
    "actions_stderr": "Error: Job 'CI Job' failed\n"
}