{
    "repository": "ajitsing/ExpenseManager",
    "clone_url": "https://github.com/ajitsing/ExpenseManager.git",
    "timestamp": "2023-05-28T18:55:45.053543Z",
    "clone_success": true,
    "number of actions": 1,
    "number_of_test_actions": 1,
    "actions_successful": false,
    "actions_stdout": "[CI/lint] \ud83d\ude80  Start image=crawlergpt:latest\n[CI/lint]   \ud83d\udc33  docker pull image=crawlergpt:latest platform= username= forcePull=false\n[CI/lint]   \ud83d\udc33  docker create image=crawlergpt:latest platform= entrypoint=[\"tail\" \"-f\" \"/dev/null\"] cmd=[]\n[CI/lint]   \ud83d\udc33  docker run image=crawlergpt:latest platform= entrypoint=[\"tail\" \"-f\" \"/dev/null\"] cmd=[]\n[CI/lint]   \ud83d\udc33  docker exec cmd=[chown -R 1012:1000 /tmp/bc275e72-fd77-11ed-a890-af2cc187fc11/ajitsing-ExpenseManager] user=0 workdir=\n[CI/lint]   \u2601  git clone 'https://github.com/actions/upload-artifact' # ref=v2\n[CI/lint] \u2b50 Run Main Checkout the code\n[CI/lint]   \u2705  Success - Main Checkout the code\n[CI/lint] \u2b50 Run Main Upload html test report\n[CI/lint]   \ud83d\udc33  docker cp src=/home/andre-silva/.cache/act/actions-upload-artifact@v2/ dst=/var/run/act/actions/actions-upload-artifact@v2/\n[CI/lint]   \ud83d\udc33  docker exec cmd=[chown -R 1012:1000 /var/run/act/actions/actions-upload-artifact@v2/] user=0 workdir=\n[CI/lint]   \ud83d\udc33  docker exec cmd=[node /var/run/act/actions/actions-upload-artifact@v2/dist/index.js] user= workdir=\n[CI/lint]   \ud83d\udcac  ::debug::followSymbolicLinks 'true'\n[CI/lint]   \ud83d\udcac  ::debug::implicitDescendants 'true'\n[CI/lint]   \ud83d\udcac  ::debug::omitBrokenSymbolicLinks 'true'\n[CI/lint]   \ud83d\udcac  ::debug::followSymbolicLinks 'true'\n[CI/lint]   \ud83d\udcac  ::debug::implicitDescendants 'true'\n[CI/lint]   \ud83d\udcac  ::debug::omitBrokenSymbolicLinks 'true'\n[CI/lint]   \ud83d\udcac  ::debug::Search path '/tmp/bc275e72-fd77-11ed-a890-af2cc187fc11/ajitsing-ExpenseManager/app/build/reports/lint-results-debug.html'\n[CI/lint]   \ud83d\udea7  ::warning::No files were found with the provided path: app/build/reports/lint-results-debug.html. No artifacts will be uploaded.\n[CI/lint]   \u2705  Success - Main Upload html test report\n[CI/lint] \ud83c\udfc1  Job succeeded\n[CI/unit-test] \ud83d\ude80  Start image=crawlergpt:latest\n[CI/unit-test]   \ud83d\udc33  docker pull image=crawlergpt:latest platform= username= forcePull=false\n[CI/unit-test]   \ud83d\udc33  docker create image=crawlergpt:latest platform= entrypoint=[\"tail\" \"-f\" \"/dev/null\"] cmd=[]\n[CI/unit-test]   \ud83d\udc33  docker run image=crawlergpt:latest platform= entrypoint=[\"tail\" \"-f\" \"/dev/null\"] cmd=[]\n[CI/unit-test]   \ud83d\udc33  docker exec cmd=[chown -R 1012:1000 /tmp/bc275e72-fd77-11ed-a890-af2cc187fc11/ajitsing-ExpenseManager] user=0 workdir=\n[CI/unit-test]   \u2601  git clone 'https://github.com/actions/upload-artifact' # ref=v2\n[CI/unit-test] \u2b50 Run Main Checkout the code\n[CI/unit-test]   \u2705  Success - Main Checkout the code\n[CI/unit-test] \u2b50 Run Main Run tests\n[CI/unit-test]   \ud83d\udc33  docker exec cmd=[bash --noprofile --norc -e -o pipefail /var/run/act/workflow/1] user= workdir=\n[CI/unit-test]   | Downloading https://services.gradle.org/distributions/gradle-6.1.1-all.zip\n[CI/unit-test]   | ................................................................................................................................................................................................................................................................................................................................................................................................................................................................................................................................................................................................................................................................................................................................................................................................................................................................................................................................................................................................................................................................................................................................................................................................................................................................................................................................................................................................................................................................................................................................................................................................................................................................................................................................................................................................................................................................................................................................................................................................................................................................................................................................................................................................................................................................................................................................................................................................................................................................................................................................................................................................................................................................................................................................................................................................................................................................................................................................................................................................................................................................................................................................................................................................................................................................................................................................................................................................................................................................................................................................................................................................................................................................................................................................................................................................................................................................................................................................................................................................................................................................................................................................................................................................................................................................................................................................................................................................................................................................................................................................................................................................................................................................................................................................................................................................................................................................................................................................................................................................................................................................................................................................................................................................................................................................................................................................................................................................................................................................................................................................................................................................................................................................................................................................................................................................................................................................................................................................................................................................................................................................................................................................................................................................................................................................................................................................................................................................................................................................................................................................................................................................................................................................................................................................................................................................................................................................................................................................................................................................................................................................................................................................................................................................................\n[CI/unit-test]   | Unzipping /home/runneradmin/.gradle/wrapper/dists/gradle-6.1.1-all/6i0vmch5if35vdjupkkj651gut/gradle-6.1.1-all.zip to /home/runneradmin/.gradle/wrapper/dists/gradle-6.1.1-all/6i0vmch5if35vdjupkkj651gut\n[CI/unit-test]   | Set executable permissions for: /home/runneradmin/.gradle/wrapper/dists/gradle-6.1.1-all/6i0vmch5if35vdjupkkj651gut/gradle-6.1.1/bin/gradle\n[CI/unit-test]   | \n[CI/unit-test]   | Welcome to Gradle 6.1.1!\n[CI/unit-test]   | \n[CI/unit-test]   | Here are the highlights of this release:\n[CI/unit-test]   |  - Reusable dependency cache\n[CI/unit-test]   |  - Configurable compilation order between Groovy/Kotlin/Java/Scala\n[CI/unit-test]   |  - New sample projects in Gradle's documentation\n[CI/unit-test]   | \n[CI/unit-test]   | For more details see https://docs.gradle.org/6.1.1/release-notes.html\n[CI/unit-test]   | \n[CI/unit-test]   | Starting a Gradle Daemon (subsequent builds will be faster)\n[CI/unit-test]   | \n[CI/unit-test]   | > Configure project :app\n[CI/unit-test]   | WARNING: Configuration 'compile' is obsolete and has been replaced with 'implementation' and 'api'.\n[CI/unit-test]   | It will be removed in version 5.0 of the Android Gradle plugin.\n[CI/unit-test]   | For more information, see http://d.android.com/r/tools/update-dependency-configurations.html.\n[CI/unit-test]   | \n[CI/unit-test]   | FAILURE: Build failed with an exception.\n[CI/unit-test]   | \n[CI/unit-test]   | * What went wrong:\n[CI/unit-test]   | Could not determine the dependencies of task ':app:testDebugUnitTest'.\n[CI/unit-test]   | > SDK location not found. Define location with an ANDROID_SDK_ROOT environment variable or by setting the sdk.dir path in your project's local properties file at '/tmp/bc275e72-fd77-11ed-a890-af2cc187fc11/ajitsing-ExpenseManager/local.properties'.\n[CI/unit-test]   | \n[CI/unit-test]   | * Try:\n[CI/unit-test]   | Run with --stacktrace option to get the stack trace. Run with --info or --debug option to get more log output. Run with --scan to get full insights.\n[CI/unit-test]   | \n[CI/unit-test]   | * Get more help at https://help.gradle.org\n[CI/unit-test]   | \n[CI/unit-test]   | BUILD FAILED in 25s\n[CI/unit-test]   \u274c  Failure - Main Run tests\n[CI/unit-test] exitcode '1': failure\n[CI/unit-test] \ud83c\udfc1  Job failed\n",
    "actions_stderr": "Error: Job 'unit-test' failed\n"
}