{
    "repository": "classgraph/classgraph",
    "clone_url": "https://github.com/classgraph/classgraph.git",
    "timestamp": "2023-05-28T18:21:37.699525Z",
    "clone_success": true,
    "number of actions": 2,
    "number_of_test_actions": 1,
    "actions_successful": false,
    "actions_stdout": "[Java CI/build] \ud83d\ude80  Start image=crawlergpt:latest\n[Java CI/build]   \ud83d\udc33  docker pull image=crawlergpt:latest platform= username= forcePull=false\n[Java CI/build]   \ud83d\udc33  docker create image=crawlergpt:latest platform= entrypoint=[\"tail\" \"-f\" \"/dev/null\"] cmd=[]\n[Java CI/build]   \ud83d\udc33  docker run image=crawlergpt:latest platform= entrypoint=[\"tail\" \"-f\" \"/dev/null\"] cmd=[]\n[Java CI/build]   \ud83d\udc33  docker exec cmd=[chown -R 1012:1000 /tmp/bc275e72-fd77-11ed-a890-af2cc187fc11/classgraph-classgraph] user=0 workdir=\n[Java CI/build]   \u2601  git clone 'https://github.com/actions/setup-java' # ref=v3\n[Java CI/build] Non-terminating error while running 'git clone': some refs were not updated\n[Java CI/build] \ud83e\uddea  Matrix: map[java:8 os:ubuntu-latest]\n[Java CI/build] \u2b50 Run Main actions/checkout@v3\n[Java CI/build]   \u2705  Success - Main actions/checkout@v3\n[Java CI/build] \u2b50 Run Main Set up JDK\n[Java CI/build]   \ud83d\udc33  docker cp src=/home/andre-silva/.cache/act/actions-setup-java@v3/ dst=/var/run/act/actions/actions-setup-java@v3/\n[Java CI/build]   \ud83d\udc33  docker exec cmd=[chown -R 1012:1000 /var/run/act/actions/actions-setup-java@v3/] user=0 workdir=\n[Java CI/build]   \ud83d\udc33  docker exec cmd=[node /var/run/act/actions/actions-setup-java@v3/dist/setup/index.js] user= workdir=\n[Java CI/build]   \u2753  ::group::Installed distributions\n[Java CI/build]   | Trying to resolve the latest version from remote\n[Java CI/build]   \ud83d\udcac  ::debug::Gathering available versions from 'https://api.azul.com/zulu/download/community/v1.0/bundles/?os=linux&ext=tar.gz&bundle_type=jdk&javafx=false&arch=x86&hw_bitness=64&release_status=ga'\n[Java CI/build]   | Resolved latest version as 8.0.372+7\n[Java CI/build]   | Trying to download...\n[Java CI/build]   | Downloading Java 8.0.372+7 (Zulu) from https://cdn.azul.com/zulu/bin/zulu8.70.0.23-ca-jdk8.0.372-linux_x64.tar.gz ...\n[Java CI/build]   \ud83d\udcac  ::debug::Downloading https://cdn.azul.com/zulu/bin/zulu8.70.0.23-ca-jdk8.0.372-linux_x64.tar.gz\n[Java CI/build]   \ud83d\udcac  ::debug::Destination /tmp/a55c10a9-2cee-4944-b1df-b1a7ea81343b\n[Java CI/build]   \ud83d\udcac  ::debug::download complete\n[Java CI/build]   | Extracting Java archive...\n[Java CI/build]   \ud83d\udcac  ::debug::Checking tar --version\n[Java CI/build]   \ud83d\udcac  ::debug::tar (GNU tar) 1.30%0ACopyright (C) 2017 Free Software Foundation, Inc.%0ALicense GPLv3+: GNU GPL version 3 or later <https://gnu.org/licenses/gpl.html>.%0AThis is free software: you are free to change and redistribute it.%0AThere is NO WARRANTY, to the extent permitted by law.%0A%0AWritten by John Gilmore and Jay Fenlason.\n[Java CI/build]   | [command]/usr/bin/tar xz --warning=no-unknown-keyword -C /tmp/8e03fee8-8657-425d-917a-cfec5c0a375d -f /tmp/a55c10a9-2cee-4944-b1df-b1a7ea81343b\n[Java CI/build]   \ud83d\udcac  ::debug::Caching tool Java_Zulu_jdk 8.0.372-7 x64\n[Java CI/build]   \ud83d\udcac  ::debug::source dir: /tmp/8e03fee8-8657-425d-917a-cfec5c0a375d/zulu8.70.0.23-ca-jdk8.0.372-linux_x64\n[Java CI/build]   \ud83d\udcac  ::debug::destination /opt/hostedtoolcache/Java_Zulu_jdk/8.0.372-7/x64\n[Java CI/build]   \ud83d\udcac  ::debug::finished caching tool\n[Java CI/build]   | Java 8.0.372+7 was downloaded\n[Java CI/build]   | Setting Java 8.0.372+7 as the default\n[Java CI/build]   | Creating toolchains.xml for JDK version 8 from zulu\n[Java CI/build]   | Writing to /home/runneradmin/.m2/toolchains.xml\n[Java CI/build]   | \n[Java CI/build]   | Java configuration:\n[Java CI/build]   |   Distribution: zulu\n[Java CI/build]   |   Version: 8.0.372+7\n[Java CI/build]   |   Path: /opt/hostedtoolcache/Java_Zulu_jdk/8.0.372-7/x64\n[Java CI/build]   | \n[Java CI/build]   \u2753  ::endgroup::\n[Java CI/build]   \u2753 add-matcher /run/act/actions/actions-setup-java@v3/.github/java.json\n[Java CI/build]   | Creating settings.xml with server-id: github\n[Java CI/build]   | Writing to /home/runneradmin/.m2/settings.xml\n[Java CI/build]   \u2705  Success - Main Set up JDK\n[Java CI/build]   \u2699  ::set-env:: JAVA_HOME=/opt/hostedtoolcache/Java_Zulu_jdk/8.0.372-7/x64\n[Java CI/build]   \u2699  ::set-env:: JAVA_HOME_8_X64=/opt/hostedtoolcache/Java_Zulu_jdk/8.0.372-7/x64\n[Java CI/build]   \u2699  ::set-output:: version=8.0.372+7\n[Java CI/build]   \u2699  ::set-output:: distribution=Zulu\n[Java CI/build]   \u2699  ::set-output:: path=/opt/hostedtoolcache/Java_Zulu_jdk/8.0.372-7/x64\n[Java CI/build]   \u2699  ::add-path:: /opt/hostedtoolcache/Java_Zulu_jdk/8.0.372-7/x64/bin\n[Java CI/build] \u2b50 Run Main print Java version\n[Java CI/build]   \ud83d\udc33  docker exec cmd=[bash --noprofile --norc -e -o pipefail /var/run/act/workflow/2] user= workdir=\n[Java CI/build]   | openjdk version \"1.8.0_372\"\n[Java CI/build]   | OpenJDK Runtime Environment (Zulu 8.70.0.23-CA-linux64) (build 1.8.0_372-b07)\n[Java CI/build]   | OpenJDK 64-Bit Server VM (Zulu 8.70.0.23-CA-linux64) (build 25.372-b07, mixed mode)\n[Java CI/build]   \u2705  Success - Main print Java version\n[Java CI/build] \u2b50 Run Main Build with Maven\n[Java CI/build]   \ud83d\udc33  docker exec cmd=[bash --noprofile --norc -e -o pipefail /var/run/act/workflow/3] user= workdir=\n[Java CI/build]   | [INFO] Scanning for projects...\n[Java CI/build]   | [INFO] Inspecting build with total of 1 modules...\n[Java CI/build]   | [INFO] Installing Nexus Staging features:\n[Java CI/build]   | [INFO]   ... total of 1 executions of maven-deploy-plugin replaced with nexus-staging-maven-plugin\n[Java CI/build]   | [INFO] \n[Java CI/build]   | [INFO] ------------------< io.github.classgraph:classgraph >-------------------\n[Java CI/build]   | [INFO] Building ClassGraph 4.8.161-SNAPSHOT\n[Java CI/build]   | [INFO] --------------------------------[ jar ]---------------------------------\n[Java CI/build]   | [INFO] \n[Java CI/build]   | [INFO] --- maven-clean-plugin:3.2.0:clean (default-clean) @ classgraph ---\n[Java CI/build]   | [INFO] \n[Java CI/build]   | [INFO] --- maven-enforcer-plugin:3.2.1:enforce (enforce-versions) @ classgraph ---\n[Java CI/build]   | [INFO] Rule 0: org.apache.maven.enforcer.rules.version.RequireMavenVersion passed\n[Java CI/build]   | [INFO] \n[Java CI/build]   | [INFO] --- maven-resources-plugin:3.3.1:resources (default-resources) @ classgraph ---\n[Java CI/build]   | [INFO] skip non existing resourceDirectory /tmp/bc275e72-fd77-11ed-a890-af2cc187fc11/classgraph-classgraph/src/main/resources\n[Java CI/build]   | [INFO] \n[Java CI/build]   | [INFO] --- maven-resources-plugin:3.3.1:copy-resources (copy-license-to-target) @ classgraph ---\n[Java CI/build]   | [INFO] Copying 1 resource from  to target/classes\n[Java CI/build]   | [INFO] \n[Java CI/build]   | [INFO] --- maven-resources-plugin:3.3.1:copy-resources (copy-license-to-javadocs) @ classgraph ---\n[Java CI/build]   | [INFO] Copying 1 resource from  to target/apidocs\n[Java CI/build]   | [INFO] \n[Java CI/build]   | [INFO] --- maven-compiler-plugin:3.10.1:compile (default-compile) @ classgraph ---\n[Java CI/build]   | [INFO] Compiling 140 source files to /tmp/bc275e72-fd77-11ed-a890-af2cc187fc11/classgraph-classgraph/target/classes\n[Java CI/build]   | [INFO] \n[Java CI/build]   | [INFO] --- maven-enforcer-plugin:3.2.1:enforce (check-signatures) @ classgraph ---\n[Java CI/build]   | [INFO] Checking unresolved references to org.codehaus.mojo.signature:java17:1.0\n[Java CI/build]   | [INFO] Rule 0: org.codehaus.mojo.animal_sniffer.enforcer.CheckSignatureRule passed\n[Java CI/build]   | [INFO] \n[Java CI/build]   | [INFO] --- build-helper-maven-plugin:3.3.0:add-test-source (add-test-source) @ classgraph ---\n[Java CI/build]   | [INFO] Test Source directory: /tmp/bc275e72-fd77-11ed-a890-af2cc187fc11/classgraph-classgraph/src/test/perf added.\n[Java CI/build]   | [INFO] \n[Java CI/build]   | [INFO] --- maven-resources-plugin:3.3.1:testResources (default-testResources) @ classgraph ---\n[Java CI/build]   | [INFO] Copying 37 resources from src/test/resources to target/test-classes\n[Java CI/build]   | [INFO] \n[Java CI/build]   | [INFO] --- maven-compiler-plugin:3.10.1:testCompile (default-testCompile) @ classgraph ---\n[Java CI/build]   | [INFO] Compiling 198 source files to /tmp/bc275e72-fd77-11ed-a890-af2cc187fc11/classgraph-classgraph/target/test-classes\n[Java CI/build]   | [INFO] \n[Java CI/build]   | [INFO] --- maven-surefire-plugin:3.1.0:test (default-test) @ classgraph ---\n[Java CI/build]   | [INFO] Using auto detected provider org.apache.maven.surefire.junitplatform.JUnitPlatformProvider\n[Java CI/build]   | [INFO] \n[Java CI/build]   | [INFO] -------------------------------------------------------\n[Java CI/build]   | [INFO]  T E S T S\n[Java CI/build]   | [INFO] -------------------------------------------------------\n[Java CI/build]   | [INFO] Running DefaultPackageTest\n[Java CI/build]   | [INFO] Tests run: 2, Failures: 0, Errors: 0, Skipped: 0, Time elapsed: 0.879 s - in DefaultPackageTest\n[Java CI/build]   | [INFO] Running nonapi.io.github.classgraph.json.JSONParserTest\n[Java CI/build]   | [INFO] Tests run: 2, Failures: 0, Errors: 0, Skipped: 0, Time elapsed: 0.007 s - in nonapi.io.github.classgraph.json.JSONParserTest\n[Java CI/build]   | [INFO] Running nonapi.io.github.classgraph.classpath.ClasspathFinderTest\n[Java CI/build]   | [WARNING] Tests run: 4, Failures: 0, Errors: 0, Skipped: 2, Time elapsed: 0.203 s - in nonapi.io.github.classgraph.classpath.ClasspathFinderTest\n[Java CI/build]   | [INFO] Running com.xyz.MetaAnnotationTest\n[Java CI/build]   | [INFO] Tests run: 8, Failures: 0, Errors: 0, Skipped: 0, Time elapsed: 0.146 s - in com.xyz.MetaAnnotationTest\n[Java CI/build]   | [INFO] Running DisableRecursiveScanningTest\n[Java CI/build]   | [INFO] Tests run: 2, Failures: 0, Errors: 0, Skipped: 0, Time elapsed: 0.237 s - in DisableRecursiveScanningTest\n[Java CI/build]   | [INFO] Running io.github.classgraph.test.methodinfo.MethodInfoTest\n[Java CI/build]   | [INFO] Tests run: 6, Failures: 0, Errors: 0, Skipped: 0, Time elapsed: 0.912 s - in io.github.classgraph.test.methodinfo.MethodInfoTest\n[Java CI/build]   | [INFO] Running io.github.classgraph.test.fieldannotation.FieldAndMethodAnnotationTest\n[Java CI/build]   | [INFO] Tests run: 3, Failures: 0, Errors: 0, Skipped: 0, Time elapsed: 0.358 s - in io.github.classgraph.test.fieldannotation.FieldAndMethodAnnotationTest\n[Java CI/build]   | [INFO] Running io.github.classgraph.test.ClassInfoTest\n[Java CI/build]   | [INFO] Tests run: 7, Failures: 0, Errors: 0, Skipped: 0, Time elapsed: 0.149 s - in io.github.classgraph.test.ClassInfoTest\n[Java CI/build]   | [INFO] Running io.github.classgraph.test.parameterannotation.RetentionPolicyForFunctionParameterAnnotationsTest\n[Java CI/build]   | [INFO] Tests run: 5, Failures: 0, Errors: 0, Skipped: 0, Time elapsed: 0.175 s - in io.github.classgraph.test.parameterannotation.RetentionPolicyForFunctionParameterAnnotationsTest\n[Java CI/build]   | [INFO] Running io.github.classgraph.test.classrefannotation.AnnotationClassRefTest\n[Java CI/build]   | [INFO] Tests run: 1, Failures: 0, Errors: 0, Skipped: 0, Time elapsed: 0.129 s - in io.github.classgraph.test.classrefannotation.AnnotationClassRefTest\n[Java CI/build]   | [INFO] Running io.github.classgraph.test.fieldinfo.FieldInfoTest\n[Java CI/build]   | [INFO] Tests run: 3, Failures: 0, Errors: 0, Skipped: 0, Time elapsed: 0.276 s - in io.github.classgraph.test.fieldinfo.FieldInfoTest\n[Java CI/build]   | [INFO] Running io.github.classgraph.test.methodannotation.MethodAnnotationTest\n[Java CI/build]   | [INFO] Tests run: 2, Failures: 0, Errors: 0, Skipped: 0, Time elapsed: 0.178 s - in io.github.classgraph.test.methodannotation.MethodAnnotationTest\n[Java CI/build]   | [INFO] Running io.github.classgraph.test.ClassGraphTest\n[Java CI/build]   | [INFO] Tests run: 19, Failures: 0, Errors: 0, Skipped: 0, Time elapsed: 2.313 s - in io.github.classgraph.test.ClassGraphTest\n[Java CI/build]   | [INFO] Running io.github.classgraph.test.utils.LogNodeTest\n[Java CI/build]   | [INFO] Tests run: 1, Failures: 0, Errors: 0, Skipped: 0, Time elapsed: 0.022 s - in io.github.classgraph.test.utils.LogNodeTest\n[Java CI/build]   | [INFO] Running io.github.classgraph.test.internal.InternalExternalTest\n[Java CI/build]   | [INFO] Tests run: 4, Failures: 0, Errors: 0, Skipped: 0, Time elapsed: 0.188 s - in io.github.classgraph.test.internal.InternalExternalTest\n[Java CI/build]   | [INFO] Running io.github.classgraph.test.methodannotation2.TestMethodMetaAnnotation\n[Java CI/build]   | [INFO] Tests run: 3, Failures: 0, Errors: 0, Skipped: 0, Time elapsed: 0.118 s - in io.github.classgraph.test.methodannotation2.TestMethodMetaAnnotation\n[Java CI/build]   | [INFO] Running io.github.classgraph.features.EnumTest\n[Java CI/build]   | [INFO] Tests run: 2, Failures: 0, Errors: 0, Skipped: 0, Time elapsed: 0.097 s - in io.github.classgraph.features.EnumTest\n[Java CI/build]   | [INFO] Running io.github.classgraph.features.AnnotationEqualityTest\n[Java CI/build]   | [INFO] Tests run: 1, Failures: 0, Errors: 0, Skipped: 0, Time elapsed: 0.062 s - in io.github.classgraph.features.AnnotationEqualityTest\n[Java CI/build]   | [INFO] Running io.github.classgraph.features.MultiReleaseJarTest\n[Java CI/build]   | Skipping multi-release jar test, as JDK version 1.8.0_372 is less than 9\n[Java CI/build]   | [INFO] Tests run: 2, Failures: 0, Errors: 0, Skipped: 0, Time elapsed: 0.002 s - in io.github.classgraph.features.MultiReleaseJarTest\n[Java CI/build]   | [INFO] Running io.github.classgraph.features.MethodParameterAnnotationsTest\n[Java CI/build]   | [INFO] Tests run: 1, Failures: 0, Errors: 0, Skipped: 0, Time elapsed: 0.046 s - in io.github.classgraph.features.MethodParameterAnnotationsTest\n[Java CI/build]   | [INFO] Running io.github.classgraph.features.DeclaredVsNonDeclaredTest\n[Java CI/build]   | [INFO] Tests run: 4, Failures: 0, Errors: 0, Skipped: 0, Time elapsed: 0.185 s - in io.github.classgraph.features.DeclaredVsNonDeclaredTest\n[Java CI/build]   | [INFO] Running io.github.classgraph.features.EncapsulationCircumventionTest\n[Java CI/build]   | [INFO] Tests run: 2, Failures: 0, Errors: 0, Skipped: 0, Time elapsed: 0.283 s - in io.github.classgraph.features.EncapsulationCircumventionTest\n[Java CI/build]   | [INFO] Running io.github.classgraph.features.AnnotationParamWithPrimitiveTypedArrayTest\n[Java CI/build]   | [INFO] Tests run: 1, Failures: 0, Errors: 0, Skipped: 0, Time elapsed: 0.043 s - in io.github.classgraph.features.AnnotationParamWithPrimitiveTypedArrayTest\n[Java CI/build]   | [INFO] Running io.github.classgraph.features.RecordTest\n[Java CI/build]   | [INFO] Tests run: 1, Failures: 0, Errors: 0, Skipped: 0, Time elapsed: 0.561 s - in io.github.classgraph.features.RecordTest\n[Java CI/build]   | [INFO] Running io.github.classgraph.json.JSONSerializationTest\n[Java CI/build]   | [INFO] Tests run: 2, Failures: 0, Errors: 0, Skipped: 0, Time elapsed: 0.165 s - in io.github.classgraph.json.JSONSerializationTest\n[Java CI/build]   | [INFO] Running io.github.classgraph.issues.issue99.Issue99Test\n[Java CI/build]   | [INFO] Tests run: 2, Failures: 0, Errors: 0, Skipped: 0, Time elapsed: 0.082 s - in io.github.classgraph.issues.issue99.Issue99Test\n[Java CI/build]   | [INFO] Running io.github.classgraph.issues.issue246.Issue246Test\n[Java CI/build]   | [INFO] Tests run: 1, Failures: 0, Errors: 0, Skipped: 0, Time elapsed: 0.268 s - in io.github.classgraph.issues.issue246.Issue246Test\n[Java CI/build]   | [INFO] Running io.github.classgraph.issues.issue38.Issue38Test\n[Java CI/build]   | [INFO] Tests run: 1, Failures: 0, Errors: 0, Skipped: 0, Time elapsed: 0.093 s - in io.github.classgraph.issues.issue38.Issue38Test\n[Java CI/build]   | [INFO] Running io.github.classgraph.issues.issue261.Issue261Test\n[Java CI/build]   | [INFO] Tests run: 1, Failures: 0, Errors: 0, Skipped: 0, Time elapsed: 0.07 s - in io.github.classgraph.issues.issue261.Issue261Test\n[Java CI/build]   | [INFO] Running io.github.classgraph.issues.issue153.Issue153Test\n[Java CI/build]   | [INFO] Tests run: 1, Failures: 0, Errors: 0, Skipped: 0, Time elapsed: 0.067 s - in io.github.classgraph.issues.issue153.Issue153Test\n[Java CI/build]   | [INFO] Running io.github.classgraph.issues.issue420.Issue420Test\n[Java CI/build]   | [INFO] Tests run: 3, Failures: 0, Errors: 0, Skipped: 0, Time elapsed: 0.339 s - in io.github.classgraph.issues.issue420.Issue420Test\n[Java CI/build]   | [INFO] Running io.github.classgraph.issues.issue495.Issue495Test\n[Java CI/build]   | [INFO] Tests run: 1, Failures: 0, Errors: 0, Skipped: 0, Time elapsed: 0.058 s - in io.github.classgraph.issues.issue495.Issue495Test\n[Java CI/build]   | [INFO] Running io.github.classgraph.issues.issue193.Issue193Test\n[Java CI/build]   | [INFO] Tests run: 1, Failures: 0, Errors: 0, Skipped: 0, Time elapsed: 1.461 s - in io.github.classgraph.issues.issue193.Issue193Test\n[Java CI/build]   | [INFO] Running io.github.classgraph.issues.issue387.Issue387Test\n[Java CI/build]   | [INFO] Tests run: 1, Failures: 0, Errors: 0, Skipped: 0, Time elapsed: 0.054 s - in io.github.classgraph.issues.issue387.Issue387Test\n[Java CI/build]   | [INFO] Running io.github.classgraph.issues.issue223.Issue223Test\n[Java CI/build]   | [INFO] Tests run: 1, Failures: 0, Errors: 0, Skipped: 0, Time elapsed: 0.109 s - in io.github.classgraph.issues.issue223.Issue223Test\n[Java CI/build]   | [INFO] Running io.github.classgraph.issues.TestGetUniqueClasspathElements\n[Java CI/build]   | [INFO] Tests run: 1, Failures: 0, Errors: 0, Skipped: 0, Time elapsed: 0.09 s - in io.github.classgraph.issues.TestGetUniqueClasspathElements\n[Java CI/build]   | [INFO] Running io.github.classgraph.issues.issue402.TypeAnnotationTest\n[Java CI/build]   | [INFO] Tests run: 1, Failures: 0, Errors: 0, Skipped: 0, Time elapsed: 0.102 s - in io.github.classgraph.issues.issue402.TypeAnnotationTest\n[Java CI/build]   | [INFO] Running io.github.classgraph.issues.issue741.TypeArgumentAnnotationTest\n[Java CI/build]   | [INFO] Tests run: 1, Failures: 0, Errors: 0, Skipped: 0, Time elapsed: 0.071 s - in io.github.classgraph.issues.issue741.TypeArgumentAnnotationTest\n[Java CI/build]   | [INFO] Running io.github.classgraph.issues.issue741.TypeParameterAnnotationTest\n[Java CI/build]   | [INFO] Tests run: 1, Failures: 0, Errors: 0, Skipped: 0, Time elapsed: 0.055 s - in io.github.classgraph.issues.issue741.TypeParameterAnnotationTest\n[Java CI/build]   | [INFO] Running io.github.classgraph.issues.issue46.Issue46Test\n[Java CI/build]   | [INFO] Tests run: 1, Failures: 0, Errors: 0, Skipped: 0, Time elapsed: 0.061 s - in io.github.classgraph.issues.issue46.Issue46Test\n[Java CI/build]   | [INFO] Running io.github.classgraph.issues.issue238.Issue238Test\n[Java CI/build]   | [INFO] Tests run: 1, Failures: 0, Errors: 0, Skipped: 0, Time elapsed: 0.163 s - in io.github.classgraph.issues.issue238.Issue238Test\n[Java CI/build]   | [INFO] Running io.github.classgraph.issues.issue78.Issue78Test\n[Java CI/build]   | [INFO] Tests run: 1, Failures: 0, Errors: 0, Skipped: 0, Time elapsed: 0.047 s - in io.github.classgraph.issues.issue78.Issue78Test\n[Java CI/build]   | [INFO] Running io.github.classgraph.issues.issue468.Issue468Test\n[Java CI/build]   | [INFO] Tests run: 2, Failures: 0, Errors: 0, Skipped: 0, Time elapsed: 0.093 s - in io.github.classgraph.issues.issue468.Issue468Test\n[Java CI/build]   | [INFO] Running io.github.classgraph.issues.issue370.Issue370Test\n[Java CI/build]   | [INFO] Tests run: 1, Failures: 0, Errors: 0, Skipped: 0, Time elapsed: 0.05 s - in io.github.classgraph.issues.issue370.Issue370Test\n[Java CI/build]   | [INFO] Running io.github.classgraph.issues.issue37.Issue37Test\n[Java CI/build]   | [INFO] Tests run: 1, Failures: 0, Errors: 0, Skipped: 0, Time elapsed: 0.083 s - in io.github.classgraph.issues.issue37.Issue37Test\n[Java CI/build]   | [INFO] Running io.github.classgraph.issues.issue101.Issue101Test\n[Java CI/build]   | [INFO] Tests run: 3, Failures: 0, Errors: 0, Skipped: 0, Time elapsed: 0.154 s - in io.github.classgraph.issues.issue101.Issue101Test\n[Java CI/build]   | [INFO] Running io.github.classgraph.issues.issue431.Issue431Test\n[Java CI/build]   | [INFO] Tests run: 1, Failures: 0, Errors: 0, Skipped: 0, Time elapsed: 0.119 s - in io.github.classgraph.issues.issue431.Issue431Test\n[Java CI/build]   | [INFO] Running io.github.classgraph.issues.issue368.Issue368Test\n[Java CI/build]   | [INFO] Tests run: 1, Failures: 0, Errors: 0, Skipped: 0, Time elapsed: 0.053 s - in io.github.classgraph.issues.issue368.Issue368Test\n[Java CI/build]   | [INFO] Running io.github.classgraph.issues.DeclaredVsNonDeclaredTest\n[Java CI/build]   | [INFO] Tests run: 2, Failures: 0, Errors: 0, Skipped: 0, Time elapsed: 0.144 s - in io.github.classgraph.issues.DeclaredVsNonDeclaredTest\n[Java CI/build]   | [INFO] Running io.github.classgraph.issues.issue74.Issue74Test\n[Java CI/build]   | [INFO] Tests run: 1, Failures: 0, Errors: 0, Skipped: 0, Time elapsed: 0.051 s - in io.github.classgraph.issues.issue74.Issue74Test\n[Java CI/build]   | [INFO] Running io.github.classgraph.issues.issue80.Issue80Test\n[Java CI/build]   | [INFO] Tests run: 1, Failures: 0, Errors: 0, Skipped: 0, Time elapsed: 0.612 s - in io.github.classgraph.issues.issue80.Issue80Test\n[Java CI/build]   | [INFO] Running io.github.classgraph.issues.issue209.Issue209Test\n[Java CI/build]   | [INFO] Tests run: 1, Failures: 0, Errors: 0, Skipped: 0, Time elapsed: 0.053 s - in io.github.classgraph.issues.issue209.Issue209Test\n[Java CI/build]   | [INFO] Running io.github.classgraph.issues.issue673.Issue673Test\n[Java CI/build]   | [INFO] Tests run: 1, Failures: 0, Errors: 0, Skipped: 0, Time elapsed: 0.068 s - in io.github.classgraph.issues.issue673.Issue673Test\n[Java CI/build]   | [INFO] Running io.github.classgraph.issues.issue407.Issue407Test\n[Java CI/build]   | [INFO] Tests run: 1, Failures: 0, Errors: 0, Skipped: 0, Time elapsed: 0.24 s - in io.github.classgraph.issues.issue407.Issue407Test\n[Java CI/build]   | [INFO] Running io.github.classgraph.issues.issue166.Issue166Test\n[Java CI/build]   | [INFO] Tests run: 3, Failures: 0, Errors: 0, Skipped: 0, Time elapsed: 0.113 s - in io.github.classgraph.issues.issue166.Issue166Test\n[Java CI/build]   | [INFO] Running io.github.classgraph.issues.issue245.Issue245Test\n[Java CI/build]   | [INFO] Tests run: 1, Failures: 0, Errors: 0, Skipped: 0, Time elapsed: 0.039 s - in io.github.classgraph.issues.issue245.Issue245Test\n[Java CI/build]   | [INFO] Running io.github.classgraph.issues.issue152.Issue152Test\n[Java CI/build]   | [INFO] Tests run: 1, Failures: 0, Errors: 0, Skipped: 0, Time elapsed: 0.089 s - in io.github.classgraph.issues.issue152.Issue152Test\n[Java CI/build]   | [INFO] Running io.github.classgraph.issues.ResolveTypeVariableTest\n[Java CI/build]   | [INFO] Tests run: 1, Failures: 0, Errors: 0, Skipped: 0, Time elapsed: 0.165 s - in io.github.classgraph.issues.ResolveTypeVariableTest\n[Java CI/build]   | [INFO] Running io.github.classgraph.issues.issue255.Issue255Test\n[Java CI/build]   | [INFO] Tests run: 1, Failures: 0, Errors: 0, Skipped: 0, Time elapsed: 0.066 s - in io.github.classgraph.issues.issue255.Issue255Test\n[Java CI/build]   | [INFO] Running io.github.classgraph.issues.issue151.Issue151Test\n[Java CI/build]   | [INFO] Tests run: 1, Failures: 0, Errors: 0, Skipped: 0, Time elapsed: 0.09 s - in io.github.classgraph.issues.issue151.Issue151Test\n[Java CI/build]   | [INFO] Running io.github.classgraph.issues.issue303.Issue303Test\n[Java CI/build]   | [INFO] Tests run: 1, Failures: 0, Errors: 0, Skipped: 0, Time elapsed: 0.275 s - in io.github.classgraph.issues.issue303.Issue303Test\n[Java CI/build]   | [INFO] Running io.github.classgraph.issues.IssuesTest\n[Java CI/build]   | [INFO] Tests run: 6, Failures: 0, Errors: 0, Skipped: 0, Time elapsed: 0.579 s - in io.github.classgraph.issues.IssuesTest\n[Java CI/build]   | [INFO] Running io.github.classgraph.issues.issue148.Issue148Test\n[Java CI/build]   | [INFO] Tests run: 1, Failures: 0, Errors: 0, Skipped: 0, Time elapsed: 0.091 s - in io.github.classgraph.issues.issue148.Issue148Test\n[Java CI/build]   | [INFO] Running io.github.classgraph.issues.issue364.Issue364Test\n[Java CI/build]   | [INFO] Tests run: 2, Failures: 0, Errors: 0, Skipped: 0, Time elapsed: 0.125 s - in io.github.classgraph.issues.issue364.Issue364Test\n[Java CI/build]   | [INFO] Running io.github.classgraph.issues.issue260.Issue260Test\n[Java CI/build]   | [INFO] Tests run: 1, Failures: 0, Errors: 0, Skipped: 0, Time elapsed: 0.172 s - in io.github.classgraph.issues.issue260.Issue260Test\n[Java CI/build]   | [INFO] Running io.github.classgraph.issues.issue128.Issue128Test\n[Java CI/build]   | [ERROR] Tests run: 1, Failures: 0, Errors: 1, Skipped: 0, Time elapsed: 5.564 s <<< FAILURE! - in io.github.classgraph.issues.issue128.Issue128Test\n[Java CI/build]   | [ERROR] io.github.classgraph.issues.issue128.Issue128Test.issue128Test  Time elapsed: 5.559 s  <<< ERROR!\n[Java CI/build]   | java.lang.Exception: Got bad response code 404 when trying to fetch URL https://raw.githubusercontent.com/classgraph/classgraph/latest/src/test/resources/nested-jars-level1.zip!level2.jar!level3.jar!classpath1/classpath2\n[Java CI/build]   | \tat io.github.classgraph.issues.issue128.Issue128Test.issue128Test(Issue128Test.java:82)\n[Java CI/build]   | \tat sun.reflect.NativeMethodAccessorImpl.invoke0(Native Method)\n[Java CI/build]   | \tat sun.reflect.NativeMethodAccessorImpl.invoke(NativeMethodAccessorImpl.java:62)\n[Java CI/build]   | \tat sun.reflect.DelegatingMethodAccessorImpl.invoke(DelegatingMethodAccessorImpl.java:43)\n[Java CI/build]   | \tat java.lang.reflect.Method.invoke(Method.java:498)\n[Java CI/build]   | \tat org.junit.platform.commons.util.ReflectionUtils.invokeMethod(ReflectionUtils.java:727)\n[Java CI/build]   | \tat org.junit.jupiter.engine.execution.MethodInvocation.proceed(MethodInvocation.java:60)\n[Java CI/build]   | \tat org.junit.jupiter.engine.execution.InvocationInterceptorChain$ValidatingInvocation.proceed(InvocationInterceptorChain.java:131)\n[Java CI/build]   | \tat org.junit.jupiter.engine.extension.TimeoutExtension.intercept(TimeoutExtension.java:156)\n[Java CI/build]   | \tat org.junit.jupiter.engine.extension.TimeoutExtension.interceptTestableMethod(TimeoutExtension.java:147)\n[Java CI/build]   | \tat org.junit.jupiter.engine.extension.TimeoutExtension.interceptTestMethod(TimeoutExtension.java:86)\n[Java CI/build]   | \tat org.junit.jupiter.engine.execution.InterceptingExecutableInvoker$ReflectiveInterceptorCall.lambda$ofVoidMethod$0(InterceptingExecutableInvoker.java:103)\n[Java CI/build]   | \tat org.junit.jupiter.engine.execution.InterceptingExecutableInvoker.lambda$invoke$0(InterceptingExecutableInvoker.java:93)\n[Java CI/build]   | \tat org.junit.jupiter.engine.execution.InvocationInterceptorChain$InterceptedInvocation.proceed(InvocationInterceptorChain.java:106)\n[Java CI/build]   | \tat org.junit.jupiter.engine.execution.InvocationInterceptorChain.proceed(InvocationInterceptorChain.java:64)\n[Java CI/build]   | \tat org.junit.jupiter.engine.execution.InvocationInterceptorChain.chainAndInvoke(InvocationInterceptorChain.java:45)\n[Java CI/build]   | \tat org.junit.jupiter.engine.execution.InvocationInterceptorChain.invoke(InvocationInterceptorChain.java:37)\n[Java CI/build]   | \tat org.junit.jupiter.engine.execution.InterceptingExecutableInvoker.invoke(InterceptingExecutableInvoker.java:92)\n[Java CI/build]   | \tat org.junit.jupiter.engine.execution.InterceptingExecutableInvoker.invoke(InterceptingExecutableInvoker.java:86)\n[Java CI/build]   | \tat org.junit.jupiter.engine.descriptor.TestMethodTestDescriptor.lambda$invokeTestMethod$7(TestMethodTestDescriptor.java:217)\n[Java CI/build]   | \tat org.junit.platform.engine.support.hierarchical.ThrowableCollector.execute(ThrowableCollector.java:73)\n[Java CI/build]   | \tat org.junit.jupiter.engine.descriptor.TestMethodTestDescriptor.invokeTestMethod(TestMethodTestDescriptor.java:213)\n[Java CI/build]   | \tat org.junit.jupiter.engine.descriptor.TestMethodTestDescriptor.execute(TestMethodTestDescriptor.java:138)\n[Java CI/build]   | \tat org.junit.jupiter.engine.descriptor.TestMethodTestDescriptor.execute(TestMethodTestDescriptor.java:68)\n[Java CI/build]   | \tat org.junit.platform.engine.support.hierarchical.NodeTestTask.lambda$executeRecursively$6(NodeTestTask.java:151)\n[Java CI/build]   | \tat org.junit.platform.engine.support.hierarchical.ThrowableCollector.execute(ThrowableCollector.java:73)\n[Java CI/build]   | \tat org.junit.platform.engine.support.hierarchical.NodeTestTask.lambda$executeRecursively$8(NodeTestTask.java:141)\n[Java CI/build]   | \tat org.junit.platform.engine.support.hierarchical.Node.around(Node.java:137)\n[Java CI/build]   | \tat org.junit.platform.engine.support.hierarchical.NodeTestTask.lambda$executeRecursively$9(NodeTestTask.java:139)\n[Java CI/build]   | \tat org.junit.platform.engine.support.hierarchical.ThrowableCollector.execute(ThrowableCollector.java:73)\n[Java CI/build]   | \tat org.junit.platform.engine.support.hierarchical.NodeTestTask.executeRecursively(NodeTestTask.java:138)\n[Java CI/build]   | \tat org.junit.platform.engine.support.hierarchical.NodeTestTask.execute(NodeTestTask.java:95)\n[Java CI/build]   | \tat java.util.ArrayList.forEach(ArrayList.java:1259)\n[Java CI/build]   | \tat org.junit.platform.engine.support.hierarchical.SameThreadHierarchicalTestExecutorService.invokeAll(SameThreadHierarchicalTestExecutorService.java:41)\n[Java CI/build]   | \tat org.junit.platform.engine.support.hierarchical.NodeTestTask.lambda$executeRecursively$6(NodeTestTask.java:155)\n[Java CI/build]   | \tat org.junit.platform.engine.support.hierarchical.ThrowableCollector.execute(ThrowableCollector.java:73)\n[Java CI/build]   | \tat org.junit.platform.engine.support.hierarchical.NodeTestTask.lambda$executeRecursively$8(NodeTestTask.java:141)\n[Java CI/build]   | \tat org.junit.platform.engine.support.hierarchical.Node.around(Node.java:137)\n[Java CI/build]   | \tat org.junit.platform.engine.support.hierarchical.NodeTestTask.lambda$executeRecursively$9(NodeTestTask.java:139)\n[Java CI/build]   | \tat org.junit.platform.engine.support.hierarchical.ThrowableCollector.execute(ThrowableCollector.java:73)\n[Java CI/build]   | \tat org.junit.platform.engine.support.hierarchical.NodeTestTask.executeRecursively(NodeTestTask.java:138)\n[Java CI/build]   | \tat org.junit.platform.engine.support.hierarchical.NodeTestTask.execute(NodeTestTask.java:95)\n[Java CI/build]   | \tat java.util.ArrayList.forEach(ArrayList.java:1259)\n[Java CI/build]   | \tat org.junit.platform.engine.support.hierarchical.SameThreadHierarchicalTestExecutorService.invokeAll(SameThreadHierarchicalTestExecutorService.java:41)\n[Java CI/build]   | \tat org.junit.platform.engine.support.hierarchical.NodeTestTask.lambda$executeRecursively$6(NodeTestTask.java:155)\n[Java CI/build]   | \tat org.junit.platform.engine.support.hierarchical.ThrowableCollector.execute(ThrowableCollector.java:73)\n[Java CI/build]   | \tat org.junit.platform.engine.support.hierarchical.NodeTestTask.lambda$executeRecursively$8(NodeTestTask.java:141)\n[Java CI/build]   | \tat org.junit.platform.engine.support.hierarchical.Node.around(Node.java:137)\n[Java CI/build]   | \tat org.junit.platform.engine.support.hierarchical.NodeTestTask.lambda$executeRecursively$9(NodeTestTask.java:139)\n[Java CI/build]   | \tat org.junit.platform.engine.support.hierarchical.ThrowableCollector.execute(ThrowableCollector.java:73)\n[Java CI/build]   | \tat org.junit.platform.engine.support.hierarchical.NodeTestTask.executeRecursively(NodeTestTask.java:138)\n[Java CI/build]   | \tat org.junit.platform.engine.support.hierarchical.NodeTestTask.execute(NodeTestTask.java:95)\n[Java CI/build]   | \tat org.junit.platform.engine.support.hierarchical.SameThreadHierarchicalTestExecutorService.submit(SameThreadHierarchicalTestExecutorService.java:35)\n[Java CI/build]   | \tat org.junit.platform.engine.support.hierarchical.HierarchicalTestExecutor.execute(HierarchicalTestExecutor.java:57)\n[Java CI/build]   | \tat org.junit.platform.engine.support.hierarchical.HierarchicalTestEngine.execute(HierarchicalTestEngine.java:54)\n[Java CI/build]   | \tat org.junit.platform.launcher.core.EngineExecutionOrchestrator.execute(EngineExecutionOrchestrator.java:147)\n[Java CI/build]   | \tat org.junit.platform.launcher.core.EngineExecutionOrchestrator.execute(EngineExecutionOrchestrator.java:127)\n[Java CI/build]   | \tat org.junit.platform.launcher.core.EngineExecutionOrchestrator.execute(EngineExecutionOrchestrator.java:90)\n[Java CI/build]   | \tat org.junit.platform.launcher.core.EngineExecutionOrchestrator.lambda$execute$0(EngineExecutionOrchestrator.java:55)\n[Java CI/build]   | \tat org.junit.platform.launcher.core.EngineExecutionOrchestrator.withInterceptedStreams(EngineExecutionOrchestrator.java:102)\n[Java CI/build]   | \tat org.junit.platform.launcher.core.EngineExecutionOrchestrator.execute(EngineExecutionOrchestrator.java:54)\n[Java CI/build]   | \tat org.junit.platform.launcher.core.DefaultLauncher.execute(DefaultLauncher.java:114)\n[Java CI/build]   | \tat org.junit.platform.launcher.core.DefaultLauncher.execute(DefaultLauncher.java:86)\n[Java CI/build]   | \tat org.junit.platform.launcher.core.DefaultLauncherSession$DelegatingLauncher.execute(DefaultLauncherSession.java:86)\n[Java CI/build]   | \tat org.apache.maven.surefire.junitplatform.LazyLauncher.execute(LazyLauncher.java:50)\n[Java CI/build]   | \tat org.apache.maven.surefire.junitplatform.JUnitPlatformProvider.execute(JUnitPlatformProvider.java:184)\n[Java CI/build]   | \tat org.apache.maven.surefire.junitplatform.JUnitPlatformProvider.invokeAllTests(JUnitPlatformProvider.java:148)\n[Java CI/build]   | \tat org.apache.maven.surefire.junitplatform.JUnitPlatformProvider.invoke(JUnitPlatformProvider.java:122)\n[Java CI/build]   | \tat org.apache.maven.surefire.booter.ForkedBooter.runSuitesInProcess(ForkedBooter.java:385)\n[Java CI/build]   | \tat org.apache.maven.surefire.booter.ForkedBooter.execute(ForkedBooter.java:162)\n[Java CI/build]   | \tat org.apache.maven.surefire.booter.ForkedBooter.run(ForkedBooter.java:507)\n[Java CI/build]   | \tat org.apache.maven.surefire.booter.ForkedBooter.main(ForkedBooter.java:495)\n[Java CI/build]   | \n[Java CI/build]   | [INFO] Running io.github.classgraph.issues.issue146.Issue146Test\n[Java CI/build]   | [INFO] Tests run: 1, Failures: 0, Errors: 0, Skipped: 0, Time elapsed: 0.064 s - in io.github.classgraph.issues.issue146.Issue146Test\n[Java CI/build]   | [INFO] Running io.github.classgraph.issues.issue216.Issue216Test\n[Java CI/build]   | [INFO] Tests run: 1, Failures: 0, Errors: 0, Skipped: 0, Time elapsed: 0.129 s - in io.github.classgraph.issues.issue216.Issue216Test\n[Java CI/build]   | [INFO] Running io.github.classgraph.issues.issue277.Issue227Test\n[Java CI/build]   | [INFO] Tests run: 2, Failures: 0, Errors: 0, Skipped: 0, Time elapsed: 0.002 s - in io.github.classgraph.issues.issue277.Issue227Test\n[Java CI/build]   | [INFO] Running io.github.classgraph.issues.issue100.Issue100Test\n[Java CI/build]   | [INFO] Tests run: 1, Failures: 0, Errors: 0, Skipped: 0, Time elapsed: 0.22 s - in io.github.classgraph.issues.issue100.Issue100Test\n[Java CI/build]   | [INFO] Running io.github.classgraph.issues.issue267.ClassLoadingWorksWithParentLastLoadersStubTest\n[Java CI/build]   | [INFO] Tests run: 1, Failures: 0, Errors: 0, Skipped: 0, Time elapsed: 0.138 s - in io.github.classgraph.issues.issue267.ClassLoadingWorksWithParentLastLoadersStubTest\n[Java CI/build]   | [INFO] Running io.github.classgraph.issues.issue171.Issue171Test\n[Java CI/build]   | [INFO] Tests run: 1, Failures: 0, Errors: 0, Skipped: 0, Time elapsed: 0.076 s - in io.github.classgraph.issues.issue171.Issue171Test\n[Java CI/build]   | [INFO] Running io.github.classgraph.issues.issue772.MethodOverrideOrderTest\n[Java CI/build]   | [INFO] Tests run: 3, Failures: 0, Errors: 0, Skipped: 0, Time elapsed: 0.11 s - in io.github.classgraph.issues.issue772.MethodOverrideOrderTest\n[Java CI/build]   | [INFO] Running io.github.classgraph.issues.issue175.Issue175Test\n[Java CI/build]   | [INFO] Tests run: 9, Failures: 0, Errors: 0, Skipped: 0, Time elapsed: 0.874 s - in io.github.classgraph.issues.issue175.Issue175Test\n[Java CI/build]   | [INFO] Running io.github.classgraph.issues.issue384.Issue384Test\n[Java CI/build]   | [INFO] Tests run: 1, Failures: 0, Errors: 0, Skipped: 0, Time elapsed: 0.07 s - in io.github.classgraph.issues.issue384.Issue384Test\n[Java CI/build]   | [INFO] Running io.github.classgraph.issues.issue107.Issue107Test\n[Java CI/build]   | [INFO] Tests run: 1, Failures: 0, Errors: 0, Skipped: 0, Time elapsed: 0.203 s - in io.github.classgraph.issues.issue107.Issue107Test\n[Java CI/build]   | [INFO] Running io.github.classgraph.issues.issue167.Issue167Test\n[Java CI/build]   | [INFO] Tests run: 2, Failures: 0, Errors: 0, Skipped: 0, Time elapsed: 0.169 s - in io.github.classgraph.issues.issue167.Issue167Test\n[Java CI/build]   | [INFO] Running io.github.classgraph.issues.issue83.Issue83Test\n[Java CI/build]   | [INFO] Tests run: 2, Failures: 0, Errors: 0, Skipped: 0, Time elapsed: 0.142 s - in io.github.classgraph.issues.issue83.Issue83Test\n[Java CI/build]   | [INFO] Running io.github.classgraph.issues.issue600.Issue600Test\n[Java CI/build]   | [INFO] Tests run: 2, Failures: 0, Errors: 0, Skipped: 0, Time elapsed: 0.134 s - in io.github.classgraph.issues.issue600.Issue600Test\n[Java CI/build]   | [INFO] Running io.github.classgraph.issues.issue286.Issue286Test\n[Java CI/build]   | [INFO] Tests run: 1, Failures: 0, Errors: 0, Skipped: 0, Time elapsed: 0.055 s - in io.github.classgraph.issues.issue286.Issue286Test\n[Java CI/build]   | [INFO] Running io.github.classgraph.issues.issue140.Issue140Test\n[Java CI/build]   | [INFO] Tests run: 1, Failures: 0, Errors: 0, Skipped: 0, Time elapsed: 0.077 s - in io.github.classgraph.issues.issue140.Issue140Test\n[Java CI/build]   | [INFO] \n[Java CI/build]   | [INFO] Results:\n[Java CI/build]   | [INFO] \n[Java CI/build]   | [ERROR] Errors: \n[Java CI/build]   | [ERROR]   Issue128Test.issue128Test:82  Got bad response code 404 when trying to fetch URL https://raw.githubusercontent.com/classgraph/classgraph/latest/src/test/resources/nested-jars-level1.zip!level2.jar!level3.jar!classpath1/classpath2\n[Java CI/build]   | [INFO] \n[Java CI/build]   | [ERROR] Tests run: 173, Failures: 0, Errors: 1, Skipped: 2\n[Java CI/build]   | [INFO] \n[Java CI/build]   | [INFO] ------------------------------------------------------------------------\n[Java CI/build]   | [INFO] BUILD FAILURE\n[Java CI/build]   | [INFO] ------------------------------------------------------------------------\n[Java CI/build]   | [INFO] Total time:  50.942 s\n[Java CI/build]   | [INFO] Finished at: 2023-05-28T18:24:28Z\n[Java CI/build]   | [INFO] ------------------------------------------------------------------------\n[Java CI/build]   | [ERROR] Failed to execute goal org.apache.maven.plugins:maven-surefire-plugin:3.1.0:test (default-test) on project classgraph: \n[Java CI/build]   | [ERROR] \n[Java CI/build]   | [ERROR] Please refer to /tmp/bc275e72-fd77-11ed-a890-af2cc187fc11/classgraph-classgraph/target/surefire-reports for the individual test results.\n[Java CI/build]   | [ERROR] Please refer to dump files (if any exist) [date].dump, [date]-jvmRun[N].dump and [date].dumpstream.\n[Java CI/build]   | [ERROR] -> [Help 1]\n[Java CI/build]   | [ERROR] \n[Java CI/build]   | [ERROR] To see the full stack trace of the errors, re-run Maven with the -e switch.\n[Java CI/build]   | [ERROR] Re-run Maven using the -X switch to enable full debug logging.\n[Java CI/build]   | [ERROR] \n[Java CI/build]   | [ERROR] For more information about the errors and possible solutions, please read the following articles:\n[Java CI/build]   | [ERROR] [Help 1] http://cwiki.apache.org/confluence/display/MAVEN/MojoFailureException\n[Java CI/build]   \u274c  Failure - Main Build with Maven\n[Java CI/build] exitcode '1': failure\n[Java CI/build] \u2b50 Run Post Set up JDK\n[Java CI/build]   \ud83d\udc33  docker exec cmd=[node /var/run/act/actions/actions-setup-java@v3/dist/cleanup/index.js] user= workdir=\n[Java CI/build]   \u2705  Success - Post Set up JDK\n[Java CI/build] \ud83c\udfc1  Job failed\n",
    "actions_stderr": "Error: Job 'build' failed\n"
}