{
    "repository": "googlemaps/android-samples",
    "clone_url": "https://github.com/googlemaps/android-samples.git",
    "timestamp": "2023-05-28T18:41:19.038227Z",
    "clone_success": true,
    "number of actions": 4,
    "number_of_test_actions": 1,
    "actions_successful": false,
    "actions_stdout": "[Build demos/build-ApiDemos ] \ud83d\ude80  Start image=crawlergpt:latest\n[Build demos/build-WearOS   ] \ud83d\ude80  Start image=crawlergpt:latest\n[Build demos/build-tutorials] \ud83d\ude80  Start image=crawlergpt:latest\n[Build demos/build-Snippets ] \ud83d\ude80  Start image=crawlergpt:latest\n[Build demos/build-WearOS   ]   \ud83d\udc33  docker pull image=crawlergpt:latest platform= username= forcePull=false\n[Build demos/build-tutorials]   \ud83d\udc33  docker pull image=crawlergpt:latest platform= username= forcePull=false\n[Build demos/build-Snippets ]   \ud83d\udc33  docker pull image=crawlergpt:latest platform= username= forcePull=false\n[Build demos/build-ApiDemos ]   \ud83d\udc33  docker pull image=crawlergpt:latest platform= username= forcePull=false\n[Build demos/build-tutorials]   \ud83d\udc33  docker create image=crawlergpt:latest platform= entrypoint=[\"tail\" \"-f\" \"/dev/null\"] cmd=[]\n[Build demos/build-Snippets ]   \ud83d\udc33  docker create image=crawlergpt:latest platform= entrypoint=[\"tail\" \"-f\" \"/dev/null\"] cmd=[]\n[Build demos/build-ApiDemos ]   \ud83d\udc33  docker create image=crawlergpt:latest platform= entrypoint=[\"tail\" \"-f\" \"/dev/null\"] cmd=[]\n[Build demos/build-WearOS   ]   \ud83d\udc33  docker create image=crawlergpt:latest platform= entrypoint=[\"tail\" \"-f\" \"/dev/null\"] cmd=[]\n[Build demos/build-WearOS   ]   \ud83d\udc33  docker run image=crawlergpt:latest platform= entrypoint=[\"tail\" \"-f\" \"/dev/null\"] cmd=[]\n[Build demos/build-tutorials]   \ud83d\udc33  docker run image=crawlergpt:latest platform= entrypoint=[\"tail\" \"-f\" \"/dev/null\"] cmd=[]\n[Build demos/build-Snippets ]   \ud83d\udc33  docker run image=crawlergpt:latest platform= entrypoint=[\"tail\" \"-f\" \"/dev/null\"] cmd=[]\n[Build demos/build-ApiDemos ]   \ud83d\udc33  docker run image=crawlergpt:latest platform= entrypoint=[\"tail\" \"-f\" \"/dev/null\"] cmd=[]\n[Build demos/build-WearOS   ]   \ud83d\udc33  docker exec cmd=[chown -R 1012:1000 /tmp/bc275e72-fd77-11ed-a890-af2cc187fc11/googlemaps-android-samples] user=0 workdir=\n[Build demos/build-tutorials]   \ud83d\udc33  docker exec cmd=[chown -R 1012:1000 /tmp/bc275e72-fd77-11ed-a890-af2cc187fc11/googlemaps-android-samples] user=0 workdir=\n[Build demos/build-Snippets ]   \ud83d\udc33  docker exec cmd=[chown -R 1012:1000 /tmp/bc275e72-fd77-11ed-a890-af2cc187fc11/googlemaps-android-samples] user=0 workdir=\n[Build demos/build-WearOS   ]   \u2601  git clone 'https://github.com/actions/setup-java' # ref=v2\n[Build demos/build-ApiDemos ]   \ud83d\udc33  docker exec cmd=[chown -R 1012:1000 /tmp/bc275e72-fd77-11ed-a890-af2cc187fc11/googlemaps-android-samples] user=0 workdir=\n[Build demos/build-tutorials]   \u2601  git clone 'https://github.com/actions/setup-java' # ref=v2\n[Build demos/build-Snippets ]   \u2601  git clone 'https://github.com/actions/setup-java' # ref=v2\n[Build demos/build-ApiDemos ]   \u2601  git clone 'https://github.com/actions/setup-java' # ref=v2\n[Build demos/build-WearOS   ] Non-terminating error while running 'git clone': some refs were not updated\n[Build demos/build-WearOS   ] \u2b50 Run Main actions/checkout@v2\n[Build demos/build-WearOS   ]   \u2705  Success - Main actions/checkout@v2\n[Build demos/build-tutorials] Non-terminating error while running 'git clone': some refs were not updated\n[Build demos/build-tutorials] \u2b50 Run Main actions/checkout@v2\n[Build demos/build-tutorials]   \u2705  Success - Main actions/checkout@v2\n[Build demos/build-Snippets ] Non-terminating error while running 'git clone': some refs were not updated\n[Build demos/build-Snippets ] \u2b50 Run Main actions/checkout@v2\n[Build demos/build-WearOS   ] \u2b50 Run Main set up Java 11\n[Build demos/build-ApiDemos ] Non-terminating error while running 'git clone': some refs were not updated\n[Build demos/build-Snippets ]   \u2705  Success - Main actions/checkout@v2\n[Build demos/build-ApiDemos ] \u2b50 Run Main actions/checkout@v2\n[Build demos/build-WearOS   ]   \ud83d\udc33  docker cp src=/home/andre-silva/.cache/act/actions-setup-java@v2/ dst=/var/run/act/actions/actions-setup-java@v2/\n[Build demos/build-ApiDemos ]   \u2705  Success - Main actions/checkout@v2\n[Build demos/build-tutorials] \u2b50 Run Main set up Java 11\n[Build demos/build-tutorials]   \ud83d\udc33  docker cp src=/home/andre-silva/.cache/act/actions-setup-java@v2/ dst=/var/run/act/actions/actions-setup-java@v2/\n[Build demos/build-Snippets ] \u2b50 Run Main set up Java 11\n[Build demos/build-WearOS   ]   \ud83d\udc33  docker exec cmd=[chown -R 1012:1000 /var/run/act/actions/actions-setup-java@v2/] user=0 workdir=\n[Build demos/build-WearOS   ]   \ud83d\udc33  docker exec cmd=[node /var/run/act/actions/actions-setup-java@v2/dist/setup/index.js] user= workdir=\n[Build demos/build-Snippets ]   \ud83d\udc33  docker cp src=/home/andre-silva/.cache/act/actions-setup-java@v2/ dst=/var/run/act/actions/actions-setup-java@v2/\n[Build demos/build-ApiDemos ] \u2b50 Run Main set up Java 11\n[Build demos/build-ApiDemos ]   \ud83d\udc33  docker cp src=/home/andre-silva/.cache/act/actions-setup-java@v2/ dst=/var/run/act/actions/actions-setup-java@v2/\n[Build demos/build-tutorials]   \ud83d\udc33  docker exec cmd=[chown -R 1012:1000 /var/run/act/actions/actions-setup-java@v2/] user=0 workdir=\n[Build demos/build-tutorials]   \ud83d\udc33  docker exec cmd=[node /var/run/act/actions/actions-setup-java@v2/dist/setup/index.js] user= workdir=\n[Build demos/build-WearOS   ]   \ud83d\udcac  ::debug::isExplicit: 11.0.11-9\n[Build demos/build-WearOS   ]   \ud83d\udcac  ::debug::explicit? true\n[Build demos/build-WearOS   ]   \ud83d\udcac  ::debug::isExplicit: 8.0.292-1\n[Build demos/build-WearOS   ]   \ud83d\udcac  ::debug::explicit? true\n[Build demos/build-WearOS   ]   | Resolved Java 11.0.11+9 from tool-cache\n[Build demos/build-WearOS   ]   | Setting Java 11.0.11+9 as the default\n[Build demos/build-WearOS   ]   | \n[Build demos/build-WearOS   ]   | Java configuration:\n[Build demos/build-WearOS   ]   |   Distribution: adopt\n[Build demos/build-WearOS   ]   |   Version: 11.0.11+9\n[Build demos/build-WearOS   ]   |   Path: /opt/hostedtoolcache/Java_Adopt_jdk/11.0.11-9/x64\n[Build demos/build-WearOS   ]   | \n[Build demos/build-WearOS   ]   \u2753 add-matcher /run/act/actions/actions-setup-java@v2/.github/java.json\n[Build demos/build-WearOS   ]   | Creating settings.xml with server-id: github\n[Build demos/build-WearOS   ]   | Writing to /home/runneradmin/.m2/settings.xml\n[Build demos/build-Snippets ]   \ud83d\udc33  docker exec cmd=[chown -R 1012:1000 /var/run/act/actions/actions-setup-java@v2/] user=0 workdir=\n[Build demos/build-WearOS   ]   \u2705  Success - Main set up Java 11\n[Build demos/build-Snippets ]   \ud83d\udc33  docker exec cmd=[node /var/run/act/actions/actions-setup-java@v2/dist/setup/index.js] user= workdir=\n[Build demos/build-WearOS   ]   \u2699  ::set-env:: JAVA_HOME=/opt/hostedtoolcache/Java_Adopt_jdk/11.0.11-9/x64\n[Build demos/build-ApiDemos ]   \ud83d\udc33  docker exec cmd=[chown -R 1012:1000 /var/run/act/actions/actions-setup-java@v2/] user=0 workdir=\n[Build demos/build-tutorials]   \ud83d\udcac  ::debug::isExplicit: 11.0.11-9\n[Build demos/build-tutorials]   \ud83d\udcac  ::debug::explicit? true\n[Build demos/build-tutorials]   \ud83d\udcac  ::debug::isExplicit: 8.0.292-1\n[Build demos/build-tutorials]   \ud83d\udcac  ::debug::explicit? true\n[Build demos/build-tutorials]   | Resolved Java 11.0.11+9 from tool-cache\n[Build demos/build-tutorials]   | Setting Java 11.0.11+9 as the default\n[Build demos/build-tutorials]   | \n[Build demos/build-tutorials]   | Java configuration:\n[Build demos/build-tutorials]   |   Distribution: adopt\n[Build demos/build-tutorials]   |   Version: 11.0.11+9\n[Build demos/build-tutorials]   |   Path: /opt/hostedtoolcache/Java_Adopt_jdk/11.0.11-9/x64\n[Build demos/build-tutorials]   | \n[Build demos/build-tutorials]   \u2753 add-matcher /run/act/actions/actions-setup-java@v2/.github/java.json\n[Build demos/build-tutorials]   | Creating settings.xml with server-id: github\n[Build demos/build-tutorials]   | Writing to /home/runneradmin/.m2/settings.xml\n[Build demos/build-tutorials]   \u2705  Success - Main set up Java 11\n[Build demos/build-ApiDemos ]   \ud83d\udc33  docker exec cmd=[node /var/run/act/actions/actions-setup-java@v2/dist/setup/index.js] user= workdir=\n[Build demos/build-tutorials]   \u2699  ::set-env:: JAVA_HOME=/opt/hostedtoolcache/Java_Adopt_jdk/11.0.11-9/x64\n[Build demos/build-WearOS   ]   \u2699  ::set-output:: distribution=Adopt-Hotspot\n[Build demos/build-WearOS   ]   \u2699  ::set-output:: path=/opt/hostedtoolcache/Java_Adopt_jdk/11.0.11-9/x64\n[Build demos/build-WearOS   ]   \u2699  ::set-output:: version=11.0.11+9\n[Build demos/build-Snippets ]   \ud83d\udcac  ::debug::isExplicit: 11.0.11-9\n[Build demos/build-Snippets ]   \ud83d\udcac  ::debug::explicit? true\n[Build demos/build-Snippets ]   \ud83d\udcac  ::debug::isExplicit: 8.0.292-1\n[Build demos/build-Snippets ]   \ud83d\udcac  ::debug::explicit? true\n[Build demos/build-Snippets ]   | Resolved Java 11.0.11+9 from tool-cache\n[Build demos/build-Snippets ]   | Setting Java 11.0.11+9 as the default\n[Build demos/build-Snippets ]   | \n[Build demos/build-Snippets ]   | Java configuration:\n[Build demos/build-Snippets ]   |   Distribution: adopt\n[Build demos/build-Snippets ]   |   Version: 11.0.11+9\n[Build demos/build-Snippets ]   |   Path: /opt/hostedtoolcache/Java_Adopt_jdk/11.0.11-9/x64\n[Build demos/build-Snippets ]   | \n[Build demos/build-Snippets ]   \u2753 add-matcher /run/act/actions/actions-setup-java@v2/.github/java.json\n[Build demos/build-Snippets ]   | Creating settings.xml with server-id: github\n[Build demos/build-Snippets ]   | Writing to /home/runneradmin/.m2/settings.xml\n[Build demos/build-Snippets ]   \u2705  Success - Main set up Java 11\n[Build demos/build-WearOS   ]   \u2699  ::add-path:: /opt/hostedtoolcache/Java_Adopt_jdk/11.0.11-9/x64/bin\n[Build demos/build-WearOS   ] \u2b50 Run Main Build and check\n[Build demos/build-Snippets ]   \u2699  ::set-env:: JAVA_HOME=/opt/hostedtoolcache/Java_Adopt_jdk/11.0.11-9/x64\n[Build demos/build-tutorials]   \u2699  ::set-output:: distribution=Adopt-Hotspot\n[Build demos/build-tutorials]   \u2699  ::set-output:: path=/opt/hostedtoolcache/Java_Adopt_jdk/11.0.11-9/x64\n[Build demos/build-tutorials]   \u2699  ::set-output:: version=11.0.11+9\n[Build demos/build-tutorials]   \u2699  ::add-path:: /opt/hostedtoolcache/Java_Adopt_jdk/11.0.11-9/x64/bin\n[Build demos/build-ApiDemos ]   \ud83d\udcac  ::debug::isExplicit: 11.0.11-9\n[Build demos/build-ApiDemos ]   \ud83d\udcac  ::debug::explicit? true\n[Build demos/build-ApiDemos ]   \ud83d\udcac  ::debug::isExplicit: 8.0.292-1\n[Build demos/build-ApiDemos ]   \ud83d\udcac  ::debug::explicit? true\n[Build demos/build-ApiDemos ]   | Resolved Java 11.0.11+9 from tool-cache\n[Build demos/build-ApiDemos ]   | Setting Java 11.0.11+9 as the default\n[Build demos/build-ApiDemos ]   | \n[Build demos/build-ApiDemos ]   | Java configuration:\n[Build demos/build-ApiDemos ]   |   Distribution: adopt\n[Build demos/build-ApiDemos ]   |   Version: 11.0.11+9\n[Build demos/build-ApiDemos ]   |   Path: /opt/hostedtoolcache/Java_Adopt_jdk/11.0.11-9/x64\n[Build demos/build-ApiDemos ]   | \n[Build demos/build-ApiDemos ]   \u2753 add-matcher /run/act/actions/actions-setup-java@v2/.github/java.json\n[Build demos/build-ApiDemos ]   | Creating settings.xml with server-id: github\n[Build demos/build-tutorials] \u2b50 Run Main Build and check\n[Build demos/build-ApiDemos ]   | Writing to /home/runneradmin/.m2/settings.xml\n[Build demos/build-Snippets ]   \u2699  ::set-output:: distribution=Adopt-Hotspot\n[Build demos/build-Snippets ]   \u2699  ::set-output:: path=/opt/hostedtoolcache/Java_Adopt_jdk/11.0.11-9/x64\n[Build demos/build-Snippets ]   \u2699  ::set-output:: version=11.0.11+9\n[Build demos/build-ApiDemos ]   \u2705  Success - Main set up Java 11\n[Build demos/build-ApiDemos ]   \u2699  ::set-env:: JAVA_HOME=/opt/hostedtoolcache/Java_Adopt_jdk/11.0.11-9/x64\n[Build demos/build-Snippets ]   \u2699  ::add-path:: /opt/hostedtoolcache/Java_Adopt_jdk/11.0.11-9/x64/bin\n[Build demos/build-WearOS   ]   \ud83d\udc33  docker exec cmd=[bash --noprofile --norc -e -o pipefail /var/run/act/workflow/2] user= workdir=\n[Build demos/build-Snippets ] \u2b50 Run Main Uninstall NDK\n[Build demos/build-ApiDemos ]   \u2699  ::set-output:: distribution=Adopt-Hotspot\n[Build demos/build-ApiDemos ]   \u2699  ::set-output:: path=/opt/hostedtoolcache/Java_Adopt_jdk/11.0.11-9/x64\n[Build demos/build-ApiDemos ]   \u2699  ::set-output:: version=11.0.11+9\n[Build demos/build-tutorials]   \ud83d\udc33  docker exec cmd=[bash --noprofile --norc -e -o pipefail /var/run/act/workflow/2] user= workdir=\n[Build demos/build-WearOS   ]   | Downloading https://services.gradle.org/distributions/gradle-7.4-bin.zip\n[Build demos/build-ApiDemos ]   \u2699  ::add-path:: /opt/hostedtoolcache/Java_Adopt_jdk/11.0.11-9/x64/bin\n[Build demos/build-ApiDemos ] \u2b50 Run Main Uninstall NDK\n[Build demos/build-Snippets ]   \ud83d\udc33  docker exec cmd=[bash --noprofile --norc -e -o pipefail /var/run/act/workflow/2] user= workdir=\n[Build demos/build-Snippets ]   | sudo: /tools/bin/sdkmanager: command not found\n[Build demos/build-Snippets ]   \u274c  Failure - Main Uninstall NDK\n[Build demos/build-tutorials]   | Downloading https://services.gradle.org/distributions/gradle-7.5-bin.zip\n[Build demos/build-ApiDemos ]   \ud83d\udc33  docker exec cmd=[bash --noprofile --norc -e -o pipefail /var/run/act/workflow/2] user= workdir=\n[Build demos/build-ApiDemos ]   | sudo: /tools/bin/sdkmanager: command not found\n[Build demos/build-ApiDemos ]   \u274c  Failure - Main Uninstall NDK\n[Build demos/build-Snippets ] exitcode '1': failure\n[Build demos/build-Snippets ] \u2b50 Run Post set up Java 11\n[Build demos/build-ApiDemos ] exitcode '1': failure\n[Build demos/build-Snippets ]   \ud83d\udc33  docker exec cmd=[node /var/run/act/actions/actions-setup-java@v2/dist/cleanup/index.js] user= workdir=\n[Build demos/build-ApiDemos ] \u2b50 Run Post set up Java 11\n[Build demos/build-ApiDemos ]   \ud83d\udc33  docker exec cmd=[node /var/run/act/actions/actions-setup-java@v2/dist/cleanup/index.js] user= workdir=\n[Build demos/build-Snippets ]   \u2705  Success - Post set up Java 11\n[Build demos/build-ApiDemos ]   \u2705  Success - Post set up Java 11\n[Build demos/build-WearOS   ]   | ................................................................................................................................................................................................................................................................................................................................................................................................................................................................................................................................................................................................................................................................................................................................................................................................................................................................................................................................................................................................................................................................................................................................................................................................................................................................................................................................................................................................................................................................................................................................................................................................................................................................................................................................................................................................................................................................................................................................................................................................................................................................................................................................................................................................................................................................................................................................................................................................................................................................................................................................................................................................................................................................................................................................................................................................................................................................................................................................................................................................................................................................................................................................................................................................................................................................................................................................................................................................................................................................................................................................................................................................................................................................................................................................................................................................................................................................................................................................................................................................................................................................................................................................................................................................................................................................................................................................................................................................................................................................................................................................................................................................................................................................................................................................................................................................................................................................................................................................................................................................................................................................................................................................................................................................................................................................................................................................................................................................................................................................................................................................................................................................................................................................................................................................................................................................................................................................................................................................................................................................................................\n[Build demos/build-WearOS   ]   | Unzipping /home/runneradmin/.gradle/wrapper/dists/gradle-7.4-bin/6at8jibb7bs7fn1oqce79mcgt9/gradle-7.4-bin.zip to /home/runneradmin/.gradle/wrapper/dists/gradle-7.4-bin/6at8jibb7bs7fn1oqce79mcgt9\n[Build demos/build-tutorials]   | ...............................................................................................................................................................................................................................................................................................................................................................................................................................................................................................................................................................................................................................................................................................................................................................................................................................................................................................................................................................................................................................................................................................................................................................................................................................................................................................................................................................................................................................................................................................................................................................................................................................................................................................................................................................................................................................................................................................................................................................................................................................................................................................................................................................................................................................................................................................................................................................................................................................................................................................................................................................................................................................................................................................................................................................................................................................................................................................................................................................................................................................................................................................................................................................................................................................................................................................................................................................................................................................................................................................................................................................................................................................................................................................................................................................................................................................................................................................................................................................................................................................................................................................................................................................................................................................................................................................................................................................................................................................................................................................................................................................................................................................................................................................................................................................................................................................................................................................................................................................................................................................................................................................................................................................................................................................................................................................................................................................................................................................................................................................................................................................................................................................................................................................................................................................................................................................................................................................................................................................................................................................................................................................................................................................................................................................................................................\n[Build demos/build-tutorials]   | Unzipping /home/runneradmin/.gradle/wrapper/dists/gradle-7.5-bin/f1w0cc9nuo0eivz97x2xlu9sv/gradle-7.5-bin.zip to /home/runneradmin/.gradle/wrapper/dists/gradle-7.5-bin/f1w0cc9nuo0eivz97x2xlu9sv\n[Build demos/build-WearOS   ]   | Set executable permissions for: /home/runneradmin/.gradle/wrapper/dists/gradle-7.4-bin/6at8jibb7bs7fn1oqce79mcgt9/gradle-7.4/bin/gradle\n[Build demos/build-WearOS   ]   | \n[Build demos/build-WearOS   ]   | Welcome to Gradle 7.4!\n[Build demos/build-WearOS   ]   | \n[Build demos/build-WearOS   ]   | Here are the highlights of this release:\n[Build demos/build-WearOS   ]   |  - Aggregated test and JaCoCo reports\n[Build demos/build-WearOS   ]   |  - Marking additional test source directories as tests in IntelliJ\n[Build demos/build-WearOS   ]   |  - Support for Adoptium JDKs in Java toolchains\n[Build demos/build-WearOS   ]   | \n[Build demos/build-WearOS   ]   | For more details see https://docs.gradle.org/7.4/release-notes.html\n[Build demos/build-WearOS   ]   | \n[Build demos/build-WearOS   ]   | Starting a Gradle Daemon (subsequent builds will be faster)\n[Build demos/build-tutorials]   | Set executable permissions for: /home/runneradmin/.gradle/wrapper/dists/gradle-7.5-bin/f1w0cc9nuo0eivz97x2xlu9sv/gradle-7.5/bin/gradle\n[Build demos/build-tutorials]   | \n[Build demos/build-tutorials]   | Welcome to Gradle 7.5!\n[Build demos/build-tutorials]   | \n[Build demos/build-tutorials]   | Here are the highlights of this release:\n[Build demos/build-tutorials]   |  - Support for Java 18\n[Build demos/build-tutorials]   |  - Support for building with Groovy 4\n[Build demos/build-tutorials]   |  - Much more responsive continuous builds\n[Build demos/build-tutorials]   |  - Improved diagnostics for dependency resolution\n[Build demos/build-tutorials]   | \n[Build demos/build-tutorials]   | For more details see https://docs.gradle.org/7.5/release-notes.html\n[Build demos/build-tutorials]   | \n[Build demos/build-tutorials]   | Starting a Gradle Daemon (subsequent builds will be faster)\n[Build demos/build-ApiDemos ] \ud83c\udfc1  Job failed\n[Build demos/build-Snippets ] \ud83c\udfc1  Job failed\n[Build demos/build-tutorials]   | \n[Build demos/build-tutorials]   | FAILURE: Build failed with an exception.\n[Build demos/build-tutorials]   | \n[Build demos/build-tutorials]   | * Where:\n[Build demos/build-tutorials]   | Build file '/tmp/bc275e72-fd77-11ed-a890-af2cc187fc11/googlemaps-android-samples/tutorials/java/CurrentPlaceDetailsOnMap/app/build.gradle' line: 2\n[Build demos/build-tutorials]   | \n[Build demos/build-tutorials]   | * What went wrong:\n[Build demos/build-tutorials]   | An exception occurred applying plugin request [id: 'com.android.application']\n[Build demos/build-tutorials]   | > Failed to apply plugin 'com.android.internal.version-check'.\n[Build demos/build-tutorials]   |    > Minimum supported Gradle version is 8.0. Current version is 7.5. If using the gradle wrapper, try editing the distributionUrl in /tmp/bc275e72-fd77-11ed-a890-af2cc187fc11/googlemaps-android-samples/tutorials/java/CurrentPlaceDetailsOnMap/gradle/wrapper/gradle-wrapper.properties to gradle-8.0-all.zip\n[Build demos/build-tutorials]   | \n[Build demos/build-tutorials]   | * Try:\n[Build demos/build-tutorials]   | > Run with --stacktrace option to get the stack trace.\n[Build demos/build-tutorials]   | > Run with --info or --debug option to get more log output.\n[Build demos/build-tutorials]   | > Run with --scan to get full insights.\n[Build demos/build-tutorials]   | \n[Build demos/build-tutorials]   | * Get more help at https://help.gradle.org\n[Build demos/build-tutorials]   | \n[Build demos/build-tutorials]   | BUILD FAILED in 23s\n[Build demos/build-tutorials]   \u274c  Failure - Main Build and check\n[Build demos/build-tutorials] exitcode '1': failure\n[Build demos/build-tutorials] \u2b50 Run Post set up Java 11\n[Build demos/build-tutorials]   \ud83d\udc33  docker exec cmd=[node /var/run/act/actions/actions-setup-java@v2/dist/cleanup/index.js] user= workdir=\n[Build demos/build-tutorials]   \u2705  Success - Post set up Java 11\n[Build demos/build-tutorials] \ud83c\udfc1  Job failed\n[Build demos/build-WearOS   ]   | \n[Build demos/build-WearOS   ]   | FAILURE: Build failed with an exception.\n[Build demos/build-WearOS   ]   | \n[Build demos/build-WearOS   ]   | * What went wrong:\n[Build demos/build-WearOS   ]   | Could not determine the dependencies of task ':Wearable:processReleaseResources'.\n[Build demos/build-WearOS   ]   | > SDK location not found. Define a valid SDK location with an ANDROID_HOME environment variable or by setting the sdk.dir path in your project's local properties file at '/tmp/bc275e72-fd77-11ed-a890-af2cc187fc11/googlemaps-android-samples/WearOS/local.properties'.\n[Build demos/build-WearOS   ]   | \n[Build demos/build-WearOS   ]   | * Try:\n[Build demos/build-WearOS   ]   | > Run with --stacktrace option to get the stack trace.\n[Build demos/build-WearOS   ]   | > Run with --info or --debug option to get more log output.\n[Build demos/build-WearOS   ]   | > Run with --scan to get full insights.\n[Build demos/build-WearOS   ]   | \n[Build demos/build-WearOS   ]   | * Get more help at https://help.gradle.org\n[Build demos/build-WearOS   ]   | \n[Build demos/build-WearOS   ]   | BUILD FAILED in 48s\n[Build demos/build-WearOS   ]   \u274c  Failure - Main Build and check\n[Build demos/build-WearOS   ] exitcode '1': failure\n[Build demos/build-WearOS   ] \u2b50 Run Post set up Java 11\n[Build demos/build-WearOS   ]   \ud83d\udc33  docker exec cmd=[node /var/run/act/actions/actions-setup-java@v2/dist/cleanup/index.js] user= workdir=\n[Build demos/build-WearOS   ]   \u2705  Success - Post set up Java 11\n[Build demos/build-WearOS   ] \ud83c\udfc1  Job failed\n",
    "actions_stderr": "Error: Job 'build-ApiDemos' failed\n"
}