{
    "repository": "MarkusLewis/Podcast-Feed-Library",
    "clone_url": "https://github.com/MarkusLewis/Podcast-Feed-Library.git",
    "timestamp": "2023-05-28T17:30:24.708025Z",
    "clone_success": true,
    "number of actions": 1,
    "number_of_test_actions": 1,
    "actions_successful": false,
    "actions_stdout": "[Tests/build] \ud83d\ude80  Start image=crawlergpt:latest\n[Tests/build]   \ud83d\udc33  docker pull image=crawlergpt:latest platform= username= forcePull=false\n[Tests/build]   \ud83d\udc33  docker create image=crawlergpt:latest platform= entrypoint=[\"tail\" \"-f\" \"/dev/null\"] cmd=[]\n[Tests/build]   \ud83d\udc33  docker run image=crawlergpt:latest platform= entrypoint=[\"tail\" \"-f\" \"/dev/null\"] cmd=[]\n[Tests/build]   \ud83d\udc33  docker exec cmd=[chown -R 1012:1000 /tmp/bc275e72-fd77-11ed-a890-af2cc187fc11/MarkusLewis-Podcast-Feed-Library] user=0 workdir=\n[Tests/build]   \u2601  git clone 'https://github.com/actions/setup-java' # ref=v1\n[Tests/build] Non-terminating error while running 'git clone': some refs were not updated\n[Tests/build] \u2b50 Run Main actions/checkout@v2\n[Tests/build]   \u2705  Success - Main actions/checkout@v2\n[Tests/build] \u2b50 Run Main Set up JDK 1.8\n[Tests/build]   \ud83d\udc33  docker cp src=/home/andre-silva/.cache/act/actions-setup-java@v1/ dst=/var/run/act/actions/actions-setup-java@v1/\n[Tests/build]   \ud83d\udc33  docker exec cmd=[chown -R 1012:1000 /var/run/act/actions/actions-setup-java@v1/] user=0 workdir=\n[Tests/build]   \ud83d\udc33  docker exec cmd=[node /var/run/act/actions/actions-setup-java@v1/dist/setup/index.js] user= workdir=\n[Tests/build]   \ud83d\udcac  ::debug::isExplicit: \n[Tests/build]   \ud83d\udcac  ::debug::explicit? false\n[Tests/build]   \ud83d\udcac  ::debug::evaluating 0 versions\n[Tests/build]   \ud83d\udcac  ::debug::match not found\n[Tests/build]   \ud83d\udcac  ::debug::Downloading JDK from Azul\n[Tests/build]   \ud83d\udcac  ::debug::Searching for files with extension: -linux_x64.tar.gz\n[Tests/build]   \ud83d\udcac  ::debug::Downloading https://static.azul.com/zulu/bin/zulu8.70.0.23-ca-jdk8.0.372-linux_x64.tar.gz\n[Tests/build]   \ud83d\udcac  ::debug::Downloading /tmp/3e94e9a3-becf-4fa7-970c-5ede6311c88e\n[Tests/build]   \ud83d\udcac  ::debug::download complete\n[Tests/build]   | [command]/usr/bin/tar --version\n[Tests/build]   | tar (GNU tar) 1.30\n[Tests/build]   | Copyright (C) 2017 Free Software Foundation, Inc.\n[Tests/build]   | License GPLv3+: GNU GPL version 3 or later <https://gnu.org/licenses/gpl.html>.\n[Tests/build]   | This is free software: you are free to change and redistribute it.\n[Tests/build]   | There is NO WARRANTY, to the extent permitted by law.\n[Tests/build]   | \n[Tests/build]   | Written by John Gilmore and Jay Fenlason.\n[Tests/build]   | [command]/usr/bin/tar xz --warning=no-unknown-keyword -C /tmp/temp_732324037 -f /tmp/3e94e9a3-becf-4fa7-970c-5ede6311c88e\n[Tests/build]   \ud83d\udcac  ::debug::jdk extracted to /tmp/temp_732324037/zulu8.70.0.23-ca-jdk8.0.372-linux_x64\n[Tests/build]   \ud83d\udcac  ::debug::Caching tool jdk 8.0.372 x64\n[Tests/build]   \ud83d\udcac  ::debug::source dir: /tmp/temp_732324037/zulu8.70.0.23-ca-jdk8.0.372-linux_x64\n[Tests/build]   \ud83d\udcac  ::debug::destination /opt/hostedtoolcache/jdk/8.0.372/x64\n[Tests/build]   \ud83d\udcac  ::debug::finished caching tool\n[Tests/build]   \u2753 add-matcher /run/act/actions/actions-setup-java@v1/.github/java.json\n[Tests/build]   | creating settings.xml with server-id: github; environment variables: username=$GITHUB_ACTOR, password=$GITHUB_TOKEN, and gpg-passphrase=null\n[Tests/build]   \ud83d\udcac  ::debug::created directory /home/runneradmin/.m2\n[Tests/build]   | writing /home/runneradmin/.m2/settings.xml\n[Tests/build]   \u2705  Success - Main Set up JDK 1.8\n[Tests/build]   \u2699  ::set-env:: JAVA_HOME_8.0.372_x64=/opt/hostedtoolcache/jdk/8.0.372/x64\n[Tests/build]   \u2699  ::set-env:: JAVA_HOME=/opt/hostedtoolcache/jdk/8.0.372/x64\n[Tests/build]   \u2699  ::set-env:: JAVA_HOME_8_0_372_X64=/opt/hostedtoolcache/jdk/8.0.372/x64\n[Tests/build]   \u2699  ::set-output:: path=/opt/hostedtoolcache/jdk/8.0.372/x64\n[Tests/build]   \u2699  ::set-output:: version=8.0.372\n[Tests/build]   \u2699  ::add-path:: /opt/hostedtoolcache/jdk/8.0.372/x64/bin\n[Tests/build] \u2b50 Run Main Test with Gradle\n[Tests/build]   \ud83d\udc33  docker exec cmd=[bash --noprofile --norc -e -o pipefail /var/run/act/workflow/2] user= workdir=\n[Tests/build]   | Downloading https://services.gradle.org/distributions/gradle-6.8.2-bin.zip\n[Tests/build]   | ..........10%..........20%..........30%...........40%..........50%..........60%..........70%...........80%..........90%..........100%\n[Tests/build]   | \n[Tests/build]   | Welcome to Gradle 6.8.2!\n[Tests/build]   | \n[Tests/build]   | Here are the highlights of this release:\n[Tests/build]   |  - Faster Kotlin DSL script compilation\n[Tests/build]   |  - Vendor selection for Java toolchains\n[Tests/build]   |  - Convenient execution of tasks in composite builds\n[Tests/build]   |  - Consistent dependency resolution\n[Tests/build]   | \n[Tests/build]   | For more details see https://docs.gradle.org/6.8.2/release-notes.html\n[Tests/build]   | \n[Tests/build]   | Starting a Gradle Daemon (subsequent builds will be faster)\n[Tests/build]   | \n[Tests/build]   | > Task :compileJava\n[Tests/build]   | Note: /tmp/bc275e72-fd77-11ed-a890-af2cc187fc11/MarkusLewis-Podcast-Feed-Library/src/main/java/com/icosillion/podengine/models/Podcast.java uses or overrides a deprecated API.\n[Tests/build]   | Note: Recompile with -Xlint:deprecation for details.\n[Tests/build]   | \n[Tests/build]   | > Task :processResources NO-SOURCE\n[Tests/build]   | > Task :classes\n[Tests/build]   | > Task :compileTestJava\n[Tests/build]   | > Task :processTestResources NO-SOURCE\n[Tests/build]   | > Task :testClasses\n[Tests/build]   | \n[Tests/build]   | > Task :test\n[Tests/build]   | \n[Tests/build]   | \u001b[0K\u001b[1mcom.icosillion.podengine.models.PodcastOverviewTest\u001b[m\n[Tests/build]   | \n[Tests/build]   | \u001b[0K\u001b[1m  Test \u001b[22mtestITunesInfo\u001b[32m PASSED\u001b[m\n[Tests/build]   | \u001b[0K\u001b[1m  Test \u001b[22mtestTextInput\u001b[32m PASSED\u001b[m\n[Tests/build]   | \u001b[0K\u001b[1m  Test \u001b[22mtestCloudInfo\u001b[32m PASSED\u001b[m\n[Tests/build]   | \u001b[0K\u001b[1m  Test \u001b[22mtestITunesOwnerInfo\u001b[32m PASSED\u001b[m\n[Tests/build]   | \u001b[0K\u001b[1m  Test \u001b[22mtestOverview\u001b[32m PASSED\u001b[m\n[Tests/build]   | \n[Tests/build]   | \u001b[0K\u001b[1mcom.icosillion.podengine.models.EpisodeTest\u001b[m\n[Tests/build]   | \n[Tests/build]   | \u001b[0K\u001b[1m  Test \u001b[22mtestEpisode\u001b[32m PASSED\u001b[m\n[Tests/build]   | \u001b[0K\u001b[1m  Test \u001b[22mtestEpisodeWithExplicitNo\u001b[32m PASSED\u001b[m\n[Tests/build]   | \n[Tests/build]   | \u001b[0K\u001b[1mcom.icosillion.podengine.models.NetworkTest\u001b[m\n[Tests/build]   | \n[Tests/build]   | \u001b[0K\u001b[1m  Test \u001b[22mtestRelayFeed\u001b[31m FAILED\u001b[33m (1.3s)\u001b[31m\n[Tests/build]   | \n[Tests/build]   |   java.lang.AssertionError: Error parsing feed XML.\n[Tests/build]   |       at com.icosillion.podengine.models.NetworkTest.testRelayFeed(NetworkTest.java:24)\n[Tests/build]   | \u001b[m\n[Tests/build]   | \n[Tests/build]   | \u001b[0K\u001b[1mcom.icosillion.podengine.utils.DateUtilsTest\u001b[m\n[Tests/build]   | \n[Tests/build]   | \u001b[0K\u001b[1m  Test \u001b[22mparsesNonStandardDateFormats\u001b[32m PASSED\u001b[m\n[Tests/build]   | \u001b[0K\u001b[1m  Test \u001b[22mparsesStandardDateFormats\u001b[32m PASSED\u001b[m\n[Tests/build]   | \n[Tests/build]   | \u001b[0K\u001b[1;31mFAILURE: \u001b[39mExecuted 10 tests in 2.4s (1 failed)\u001b[m\n[Tests/build]   | \n[Tests/build]   | \n[Tests/build]   | 10 tests completed, 1 failed\n[Tests/build]   | \n[Tests/build]   | > Task :test FAILED\n[Tests/build]   | \n[Tests/build]   | FAILURE: Build failed with an exception.\n[Tests/build]   | \n[Tests/build]   | * What went wrong:\n[Tests/build]   | Execution failed for task ':test'.\n[Tests/build]   | > There were failing tests. See the report at: file:///tmp/bc275e72-fd77-11ed-a890-af2cc187fc11/MarkusLewis-Podcast-Feed-Library/build/reports/tests/test/index.html\n[Tests/build]   | \n[Tests/build]   | * Try:\n[Tests/build]   | Run with --stacktrace option to get the stack trace. Run with --info or --debug option to get more log output. Run with --scan to get full insights.\n[Tests/build]   | \n[Tests/build]   | * Get more help at https://help.gradle.org\n[Tests/build]   | \n[Tests/build]   | BUILD FAILED in 21s\n[Tests/build]   | 3 actionable tasks: 3 executed\n[Tests/build]   \u274c  Failure - Main Test with Gradle\n[Tests/build] exitcode '1': failure\n[Tests/build] \u2b50 Run Post Set up JDK 1.8\n[Tests/build]   \ud83d\udc33  docker exec cmd=[node /var/run/act/actions/actions-setup-java@v1/dist/cleanup/index.js] user= workdir=\n[Tests/build]   \u2705  Success - Post Set up JDK 1.8\n[Tests/build] \ud83c\udfc1  Job failed\n",
    "actions_stderr": "Error: Job 'build' failed\n"
}