{
    "repository": "matomo-org/matomo-sdk-android",
    "clone_url": "https://github.com/matomo-org/matomo-sdk-android.git",
    "timestamp": "2023-05-28T18:22:14.340164Z",
    "clone_success": true,
    "number of actions": 3,
    "number_of_test_actions": 1,
    "actions_successful": false,
    "actions_stdout": "[PullRequest/Build & Run Unit-Tests] \ud83d\ude80  Start image=crawlergpt:latest\n[PullRequest/Check                 ] \ud83d\ude80  Start image=crawlergpt:latest\n[PullRequest/Check                 ]   \ud83d\udc33  docker pull image=crawlergpt:latest platform= username= forcePull=false\n[PullRequest/Build & Run Unit-Tests]   \ud83d\udc33  docker pull image=crawlergpt:latest platform= username= forcePull=false\n[PullRequest/Check                 ]   \ud83d\udc33  docker create image=crawlergpt:latest platform= entrypoint=[\"tail\" \"-f\" \"/dev/null\"] cmd=[]\n[PullRequest/Build & Run Unit-Tests]   \ud83d\udc33  docker create image=crawlergpt:latest platform= entrypoint=[\"tail\" \"-f\" \"/dev/null\"] cmd=[]\n[PullRequest/Build & Run Unit-Tests]   \ud83d\udc33  docker run image=crawlergpt:latest platform= entrypoint=[\"tail\" \"-f\" \"/dev/null\"] cmd=[]\n[PullRequest/Check                 ]   \ud83d\udc33  docker run image=crawlergpt:latest platform= entrypoint=[\"tail\" \"-f\" \"/dev/null\"] cmd=[]\n[PullRequest/Build & Run Unit-Tests]   \ud83d\udc33  docker exec cmd=[chown -R 1012:1000 /tmp/bc275e72-fd77-11ed-a890-af2cc187fc11/matomo-org-matomo-sdk-android] user=0 workdir=\n[PullRequest/Check                 ]   \ud83d\udc33  docker exec cmd=[chown -R 1012:1000 /tmp/bc275e72-fd77-11ed-a890-af2cc187fc11/matomo-org-matomo-sdk-android] user=0 workdir=\n[PullRequest/Build & Run Unit-Tests]   \u2601  git clone 'https://github.com/actions/setup-java' # ref=v3\n[PullRequest/Check                 ]   \u2601  git clone 'https://github.com/actions/setup-java' # ref=v3\n[PullRequest/Build & Run Unit-Tests] Non-terminating error while running 'git clone': some refs were not updated\n[PullRequest/Build & Run Unit-Tests] \u2b50 Run Main Checkout\n[PullRequest/Build & Run Unit-Tests]   \u2705  Success - Main Checkout\n[PullRequest/Build & Run Unit-Tests] \u2b50 Run Main Set up JDK\n[PullRequest/Build & Run Unit-Tests]   \ud83d\udc33  docker cp src=/home/andre-silva/.cache/act/actions-setup-java@v3/ dst=/var/run/act/actions/actions-setup-java@v3/\n[PullRequest/Check                 ] Non-terminating error while running 'git clone': some refs were not updated\n[PullRequest/Check                 ]   \u2601  git clone 'https://github.com/actions/upload-artifact' # ref=v3.1.2\n[PullRequest/Build & Run Unit-Tests]   \ud83d\udc33  docker exec cmd=[chown -R 1012:1000 /var/run/act/actions/actions-setup-java@v3/] user=0 workdir=\n[PullRequest/Build & Run Unit-Tests]   \ud83d\udc33  docker exec cmd=[node /var/run/act/actions/actions-setup-java@v3/dist/setup/index.js] user= workdir=\n[PullRequest/Build & Run Unit-Tests]   \u2753  ::group::Installed distributions\n[PullRequest/Build & Run Unit-Tests]   \ud83d\udcac  ::debug::isExplicit: 11.0.11-9\n[PullRequest/Build & Run Unit-Tests]   \ud83d\udcac  ::debug::explicit? true\n[PullRequest/Build & Run Unit-Tests]   \ud83d\udcac  ::debug::isExplicit: 8.0.292-1\n[PullRequest/Build & Run Unit-Tests]   \ud83d\udcac  ::debug::explicit? true\n[PullRequest/Build & Run Unit-Tests]   | Resolved Java 11.0.11+9 from tool-cache\n[PullRequest/Build & Run Unit-Tests]   | Setting Java 11.0.11+9 as the default\n[PullRequest/Build & Run Unit-Tests]   | Creating toolchains.xml for JDK version 11 from adopt\n[PullRequest/Build & Run Unit-Tests]   | Writing to /home/runneradmin/.m2/toolchains.xml\n[PullRequest/Build & Run Unit-Tests]   | \n[PullRequest/Build & Run Unit-Tests]   | Java configuration:\n[PullRequest/Build & Run Unit-Tests]   |   Distribution: adopt\n[PullRequest/Build & Run Unit-Tests]   |   Version: 11.0.11+9\n[PullRequest/Build & Run Unit-Tests]   |   Path: /opt/hostedtoolcache/Java_Adopt_jdk/11.0.11-9/x64\n[PullRequest/Build & Run Unit-Tests]   | \n[PullRequest/Build & Run Unit-Tests]   \u2753  ::endgroup::\n[PullRequest/Build & Run Unit-Tests]   \u2753 add-matcher /run/act/actions/actions-setup-java@v3/.github/java.json\n[PullRequest/Build & Run Unit-Tests]   | Creating settings.xml with server-id: github\n[PullRequest/Build & Run Unit-Tests]   | Writing to /home/runneradmin/.m2/settings.xml\n[PullRequest/Build & Run Unit-Tests]   \u2705  Success - Main Set up JDK\n[PullRequest/Build & Run Unit-Tests]   \u2699  ::set-env:: JAVA_HOME=/opt/hostedtoolcache/Java_Adopt_jdk/11.0.11-9/x64\n[PullRequest/Build & Run Unit-Tests]   \u2699  ::set-env:: JAVA_HOME_11_X64=/opt/hostedtoolcache/Java_Adopt_jdk/11.0.11-9/x64\n[PullRequest/Check                 ] \u2b50 Run Main Checkout\n[PullRequest/Check                 ]   \u2705  Success - Main Checkout\n[PullRequest/Build & Run Unit-Tests]   \u2699  ::set-output:: distribution=Adopt-Hotspot\n[PullRequest/Build & Run Unit-Tests]   \u2699  ::set-output:: path=/opt/hostedtoolcache/Java_Adopt_jdk/11.0.11-9/x64\n[PullRequest/Build & Run Unit-Tests]   \u2699  ::set-output:: version=11.0.11+9\n[PullRequest/Build & Run Unit-Tests]   \u2699  ::add-path:: /opt/hostedtoolcache/Java_Adopt_jdk/11.0.11-9/x64/bin\n[PullRequest/Build & Run Unit-Tests] \u2b50 Run Main Build project\n[PullRequest/Check                 ] \u2b50 Run Main Install JDK\n[PullRequest/Build & Run Unit-Tests]   \ud83d\udc33  docker exec cmd=[bash --noprofile --norc -e -o pipefail /var/run/act/workflow/2] user= workdir=\n[PullRequest/Check                 ]   \ud83d\udc33  docker cp src=/home/andre-silva/.cache/act/actions-setup-java@v3/ dst=/var/run/act/actions/actions-setup-java@v3/\n[PullRequest/Build & Run Unit-Tests]   | Downloading https://services.gradle.org/distributions/gradle-7.6-bin.zip\n[PullRequest/Check                 ]   \ud83d\udc33  docker exec cmd=[chown -R 1012:1000 /var/run/act/actions/actions-setup-java@v3/] user=0 workdir=\n[PullRequest/Check                 ]   \ud83d\udc33  docker exec cmd=[node /var/run/act/actions/actions-setup-java@v3/dist/setup/index.js] user= workdir=\n[PullRequest/Check                 ]   \u2753  ::group::Installed distributions\n[PullRequest/Check                 ]   \ud83d\udcac  ::debug::isExplicit: 11.0.11-9\n[PullRequest/Check                 ]   \ud83d\udcac  ::debug::explicit? true\n[PullRequest/Check                 ]   \ud83d\udcac  ::debug::isExplicit: 8.0.292-1\n[PullRequest/Check                 ]   \ud83d\udcac  ::debug::explicit? true\n[PullRequest/Check                 ]   | Resolved Java 11.0.11+9 from tool-cache\n[PullRequest/Check                 ]   | Setting Java 11.0.11+9 as the default\n[PullRequest/Check                 ]   | Creating toolchains.xml for JDK version 11 from adopt\n[PullRequest/Check                 ]   | Writing to /home/runneradmin/.m2/toolchains.xml\n[PullRequest/Check                 ]   | \n[PullRequest/Check                 ]   | Java configuration:\n[PullRequest/Check                 ]   |   Distribution: adopt\n[PullRequest/Check                 ]   |   Version: 11.0.11+9\n[PullRequest/Check                 ]   |   Path: /opt/hostedtoolcache/Java_Adopt_jdk/11.0.11-9/x64\n[PullRequest/Check                 ]   | \n[PullRequest/Check                 ]   \u2753  ::endgroup::\n[PullRequest/Check                 ]   \u2753 add-matcher /run/act/actions/actions-setup-java@v3/.github/java.json\n[PullRequest/Check                 ]   | Creating settings.xml with server-id: github\n[PullRequest/Check                 ]   | Writing to /home/runneradmin/.m2/settings.xml\n[PullRequest/Check                 ]   \u2705  Success - Main Install JDK\n[PullRequest/Check                 ]   \u2699  ::set-env:: JAVA_HOME=/opt/hostedtoolcache/Java_Adopt_jdk/11.0.11-9/x64\n[PullRequest/Check                 ]   \u2699  ::set-env:: JAVA_HOME_11_X64=/opt/hostedtoolcache/Java_Adopt_jdk/11.0.11-9/x64\n[PullRequest/Check                 ]   \u2699  ::set-output:: distribution=Adopt-Hotspot\n[PullRequest/Check                 ]   \u2699  ::set-output:: path=/opt/hostedtoolcache/Java_Adopt_jdk/11.0.11-9/x64\n[PullRequest/Check                 ]   \u2699  ::set-output:: version=11.0.11+9\n[PullRequest/Check                 ]   \u2699  ::add-path:: /opt/hostedtoolcache/Java_Adopt_jdk/11.0.11-9/x64/bin\n[PullRequest/Check                 ] \u2b50 Run Main Code checks\n[PullRequest/Check                 ]   \ud83d\udc33  docker exec cmd=[bash --noprofile --norc -e -o pipefail /var/run/act/workflow/2] user= workdir=\n[PullRequest/Check                 ]   | Downloading https://services.gradle.org/distributions/gradle-7.6-bin.zip\n[PullRequest/Build & Run Unit-Tests]   | ...........10%............20%...........30%............40%............50%...........60%............70%............80%...........90%............100%\n[PullRequest/Check                 ]   | ...........10%............20%...........30%............40%............50%...........60%............70%............80%...........90%............100%\n[PullRequest/Build & Run Unit-Tests]   | \n[PullRequest/Build & Run Unit-Tests]   | Welcome to Gradle 7.6!\n[PullRequest/Build & Run Unit-Tests]   | \n[PullRequest/Build & Run Unit-Tests]   | Here are the highlights of this release:\n[PullRequest/Build & Run Unit-Tests]   |  - Added support for Java 19.\n[PullRequest/Build & Run Unit-Tests]   |  - Introduced `--rerun` flag for individual task rerun.\n[PullRequest/Build & Run Unit-Tests]   |  - Improved dependency block for test suites to be strongly typed.\n[PullRequest/Build & Run Unit-Tests]   |  - Added a pluggable system for Java toolchains provisioning.\n[PullRequest/Build & Run Unit-Tests]   | \n[PullRequest/Build & Run Unit-Tests]   | For more details see https://docs.gradle.org/7.6/release-notes.html\n[PullRequest/Build & Run Unit-Tests]   | \n[PullRequest/Check                 ]   | \n[PullRequest/Check                 ]   | Welcome to Gradle 7.6!\n[PullRequest/Check                 ]   | \n[PullRequest/Check                 ]   | Here are the highlights of this release:\n[PullRequest/Check                 ]   |  - Added support for Java 19.\n[PullRequest/Check                 ]   |  - Introduced `--rerun` flag for individual task rerun.\n[PullRequest/Check                 ]   |  - Improved dependency block for test suites to be strongly typed.\n[PullRequest/Check                 ]   |  - Added a pluggable system for Java toolchains provisioning.\n[PullRequest/Check                 ]   | \n[PullRequest/Check                 ]   | For more details see https://docs.gradle.org/7.6/release-notes.html\n[PullRequest/Check                 ]   | \n[PullRequest/Build & Run Unit-Tests]   | Starting a Gradle Daemon (subsequent builds will be faster)\n[PullRequest/Check                 ]   | Starting a Gradle Daemon (subsequent builds will be faster)\n[PullRequest/Check                 ]   | \n[PullRequest/Check                 ]   | > Configure project :tracker\n[PullRequest/Check                 ]   | WARNING:Software Components will not be created automatically for Maven publishing from Android Gradle Plugin 8.0. To opt-in to the future behavior, set the Gradle property android.disableAutomaticComponentCreation=true in the `gradle.properties` file or use the new publishing DSL.\n[PullRequest/Check                 ]   | \n[PullRequest/Check                 ]   | FAILURE: Build failed with an exception.\n[PullRequest/Check                 ]   | \n[PullRequest/Check                 ]   | * Where:\n[PullRequest/Check                 ]   | Build file '/tmp/bc275e72-fd77-11ed-a890-af2cc187fc11/matomo-org-matomo-sdk-android/tracker/build.gradle' line: 64\n[PullRequest/Check                 ]   | \n[PullRequest/Check                 ]   | * What went wrong:\n[PullRequest/Check                 ]   | A problem occurred configuring project ':tracker'.\n[PullRequest/Check                 ]   | > com.android.builder.errors.EvalIssueException: SDK location not found. Define a valid SDK location with an ANDROID_HOME environment variable or by setting the sdk.dir path in your project's local properties file at '/tmp/bc275e72-fd77-11ed-a890-af2cc187fc11/matomo-org-matomo-sdk-android/local.properties'.\n[PullRequest/Check                 ]   | \n[PullRequest/Check                 ]   | * Try:\n[PullRequest/Check                 ]   | > Run with --stacktrace option to get the stack trace.\n[PullRequest/Check                 ]   | > Run with --info or --debug option to get more log output.\n[PullRequest/Check                 ]   | > Run with --scan to get full insights.\n[PullRequest/Check                 ]   | \n[PullRequest/Check                 ]   | * Get more help at https://help.gradle.org\n[PullRequest/Check                 ]   | \n[PullRequest/Check                 ]   | Deprecated Gradle features were used in this build, making it incompatible with Gradle 8.0.\n[PullRequest/Check                 ]   | \n[PullRequest/Check                 ]   | You can use '--warning-mode all' to show the individual deprecation warnings and determine if they come from your own scripts or plugins.\n[PullRequest/Check                 ]   | \n[PullRequest/Check                 ]   | See https://docs.gradle.org/7.6/userguide/command_line_interface.html#sec:command_line_warnings\n[PullRequest/Check                 ]   | \n[PullRequest/Check                 ]   | BUILD FAILED in 37s\n[PullRequest/Check                 ]   \u274c  Failure - Main Code checks\n[PullRequest/Check                 ] exitcode '1': failure\n[PullRequest/Check                 ] \u2b50 Run Main Archive Lint report\n[PullRequest/Check                 ]   \ud83d\udc33  docker cp src=/home/andre-silva/.cache/act/actions-upload-artifact@v3.1.2/ dst=/var/run/act/actions/actions-upload-artifact@v3.1.2/\n[PullRequest/Check                 ]   \ud83d\udc33  docker exec cmd=[chown -R 1012:1000 /var/run/act/actions/actions-upload-artifact@v3.1.2/] user=0 workdir=\n[PullRequest/Check                 ]   \ud83d\udc33  docker exec cmd=[node /var/run/act/actions/actions-upload-artifact@v3.1.2/dist/index.js] user= workdir=\n[PullRequest/Check                 ]   \ud83d\udcac  ::debug::followSymbolicLinks 'true'\n[PullRequest/Check                 ]   \ud83d\udcac  ::debug::implicitDescendants 'true'\n[PullRequest/Check                 ]   \ud83d\udcac  ::debug::omitBrokenSymbolicLinks 'true'\n[PullRequest/Check                 ]   \ud83d\udcac  ::debug::followSymbolicLinks 'true'\n[PullRequest/Check                 ]   \ud83d\udcac  ::debug::implicitDescendants 'true'\n[PullRequest/Check                 ]   \ud83d\udcac  ::debug::matchDirectories 'true'\n[PullRequest/Check                 ]   \ud83d\udcac  ::debug::omitBrokenSymbolicLinks 'true'\n[PullRequest/Check                 ]   \ud83d\udcac  ::debug::Search path '/tmp/bc275e72-fd77-11ed-a890-af2cc187fc11/matomo-org-matomo-sdk-android/tracker/build/reports/lint-results.html'\n[PullRequest/Check                 ]   \ud83d\udea7  ::warning::No files were found with the provided path: tracker/build/reports/lint-results.html. No artifacts will be uploaded.\n[PullRequest/Check                 ]   \u2705  Success - Main Archive Lint report\n[PullRequest/Check                 ] \u2b50 Run Post Install JDK\n[PullRequest/Check                 ]   \ud83d\udc33  docker exec cmd=[node /var/run/act/actions/actions-setup-java@v3/dist/cleanup/index.js] user= workdir=\n[PullRequest/Check                 ]   \u2705  Success - Post Install JDK\n[PullRequest/Check                 ] \ud83c\udfc1  Job failed\n[PullRequest/Build & Run Unit-Tests]   | \n[PullRequest/Build & Run Unit-Tests]   | > Configure project :tracker\n[PullRequest/Build & Run Unit-Tests]   | WARNING:Software Components will not be created automatically for Maven publishing from Android Gradle Plugin 8.0. To opt-in to the future behavior, set the Gradle property android.disableAutomaticComponentCreation=true in the `gradle.properties` file or use the new publishing DSL.\n[PullRequest/Build & Run Unit-Tests]   | \n[PullRequest/Build & Run Unit-Tests]   | FAILURE: Build failed with an exception.\n[PullRequest/Build & Run Unit-Tests]   | \n[PullRequest/Build & Run Unit-Tests]   | * Where:\n[PullRequest/Build & Run Unit-Tests]   | Build file '/tmp/bc275e72-fd77-11ed-a890-af2cc187fc11/matomo-org-matomo-sdk-android/tracker/build.gradle' line: 64\n[PullRequest/Build & Run Unit-Tests]   | \n[PullRequest/Build & Run Unit-Tests]   | * What went wrong:\n[PullRequest/Build & Run Unit-Tests]   | A problem occurred configuring project ':tracker'.\n[PullRequest/Build & Run Unit-Tests]   | > com.android.builder.errors.EvalIssueException: SDK location not found. Define a valid SDK location with an ANDROID_HOME environment variable or by setting the sdk.dir path in your project's local properties file at '/tmp/bc275e72-fd77-11ed-a890-af2cc187fc11/matomo-org-matomo-sdk-android/local.properties'.\n[PullRequest/Build & Run Unit-Tests]   | \n[PullRequest/Build & Run Unit-Tests]   | * Try:\n[PullRequest/Build & Run Unit-Tests]   | > Run with --stacktrace option to get the stack trace.\n[PullRequest/Build & Run Unit-Tests]   | > Run with --info or --debug option to get more log output.\n[PullRequest/Build & Run Unit-Tests]   | > Run with --scan to get full insights.\n[PullRequest/Build & Run Unit-Tests]   | \n[PullRequest/Build & Run Unit-Tests]   | * Get more help at https://help.gradle.org\n[PullRequest/Build & Run Unit-Tests]   | \n[PullRequest/Build & Run Unit-Tests]   | Deprecated Gradle features were used in this build, making it incompatible with Gradle 8.0.\n[PullRequest/Build & Run Unit-Tests]   | \n[PullRequest/Build & Run Unit-Tests]   | You can use '--warning-mode all' to show the individual deprecation warnings and determine if they come from your own scripts or plugins.\n[PullRequest/Build & Run Unit-Tests]   | \n[PullRequest/Build & Run Unit-Tests]   | See https://docs.gradle.org/7.6/userguide/command_line_interface.html#sec:command_line_warnings\n[PullRequest/Build & Run Unit-Tests]   | \n[PullRequest/Build & Run Unit-Tests]   | BUILD FAILED in 1m 10s\n[PullRequest/Build & Run Unit-Tests]   \u274c  Failure - Main Build project\n[PullRequest/Build & Run Unit-Tests] exitcode '1': failure\n[PullRequest/Build & Run Unit-Tests] \u2b50 Run Post Set up JDK\n[PullRequest/Build & Run Unit-Tests]   \ud83d\udc33  docker exec cmd=[node /var/run/act/actions/actions-setup-java@v3/dist/cleanup/index.js] user= workdir=\n[PullRequest/Build & Run Unit-Tests]   \u2705  Success - Post Set up JDK\n[PullRequest/Build & Run Unit-Tests] \ud83c\udfc1  Job failed\n",
    "actions_stderr": "Error: Job 'Check' failed\n"
}