{
    "repository": "SecUSo/privacy-friendly-weather",
    "clone_url": "https://github.com/SecUSo/privacy-friendly-weather.git",
    "timestamp": "2023-05-28T19:18:20.988382Z",
    "clone_success": true,
    "number of actions": 2,
    "number_of_test_actions": 1,
    "actions_successful": false,
    "actions_stdout": "[Continuous integration/Build APK ] \ud83d\ude80  Start image=crawlergpt:latest\n[Continuous integration/Unit Tests] \ud83d\ude80  Start image=crawlergpt:latest\n[Continuous integration/Unit Tests]   \ud83d\udc33  docker pull image=crawlergpt:latest platform= username= forcePull=false\n[Continuous integration/Build APK ]   \ud83d\udc33  docker pull image=crawlergpt:latest platform= username= forcePull=false\n[Continuous integration/Build APK ]   \ud83d\udc33  docker create image=crawlergpt:latest platform= entrypoint=[\"tail\" \"-f\" \"/dev/null\"] cmd=[]\n[Continuous integration/Unit Tests]   \ud83d\udc33  docker create image=crawlergpt:latest platform= entrypoint=[\"tail\" \"-f\" \"/dev/null\"] cmd=[]\n[Continuous integration/Build APK ]   \ud83d\udc33  docker run image=crawlergpt:latest platform= entrypoint=[\"tail\" \"-f\" \"/dev/null\"] cmd=[]\n[Continuous integration/Unit Tests]   \ud83d\udc33  docker run image=crawlergpt:latest platform= entrypoint=[\"tail\" \"-f\" \"/dev/null\"] cmd=[]\n[Continuous integration/Build APK ]   \ud83d\udc33  docker exec cmd=[chown -R 1012:1000 /tmp/bc275e72-fd77-11ed-a890-af2cc187fc11/SecUSo-privacy-friendly-weather] user=0 workdir=\n[Continuous integration/Unit Tests]   \ud83d\udc33  docker exec cmd=[chown -R 1012:1000 /tmp/bc275e72-fd77-11ed-a890-af2cc187fc11/SecUSo-privacy-friendly-weather] user=0 workdir=\n[Continuous integration/Unit Tests]   \u2601  git clone 'https://github.com/actions/setup-java' # ref=v1\n[Continuous integration/Build APK ]   \u2601  git clone 'https://github.com/actions/setup-java' # ref=v1\n[Continuous integration/Unit Tests] Non-terminating error while running 'git clone': some refs were not updated\n[Continuous integration/Unit Tests]   \u2601  git clone 'https://github.com/asadmansr/android-test-report-action' # ref=v1.2.0\n[Continuous integration/Build APK ] Non-terminating error while running 'git clone': some refs were not updated\n[Continuous integration/Build APK ] \u2b50 Run Main actions/checkout@v2\n[Continuous integration/Build APK ]   \u2705  Success - Main actions/checkout@v2\n[Continuous integration/Unit Tests] \u2b50 Run Main actions/checkout@v2\n[Continuous integration/Unit Tests]   \u2705  Success - Main actions/checkout@v2\n[Continuous integration/Build APK ] \u2b50 Run Main Set up JDK 11\n[Continuous integration/Build APK ]   \ud83d\udc33  docker cp src=/home/andre-silva/.cache/act/actions-setup-java@v1/ dst=/var/run/act/actions/actions-setup-java@v1/\n[Continuous integration/Unit Tests] \u2b50 Run Main Set up JDK 11\n[Continuous integration/Unit Tests]   \ud83d\udc33  docker cp src=/home/andre-silva/.cache/act/actions-setup-java@v1/ dst=/var/run/act/actions/actions-setup-java@v1/\n[Continuous integration/Build APK ]   \ud83d\udc33  docker exec cmd=[chown -R 1012:1000 /var/run/act/actions/actions-setup-java@v1/] user=0 workdir=\n[Continuous integration/Unit Tests]   \ud83d\udc33  docker exec cmd=[chown -R 1012:1000 /var/run/act/actions/actions-setup-java@v1/] user=0 workdir=\n[Continuous integration/Unit Tests]   \ud83d\udc33  docker exec cmd=[node /var/run/act/actions/actions-setup-java@v1/dist/setup/index.js] user= workdir=\n[Continuous integration/Build APK ]   \ud83d\udc33  docker exec cmd=[node /var/run/act/actions/actions-setup-java@v1/dist/setup/index.js] user= workdir=\n[Continuous integration/Unit Tests]   \ud83d\udcac  ::debug::isExplicit: \n[Continuous integration/Unit Tests]   \ud83d\udcac  ::debug::explicit? false\n[Continuous integration/Unit Tests]   \ud83d\udcac  ::debug::evaluating 0 versions\n[Continuous integration/Unit Tests]   \ud83d\udcac  ::debug::match not found\n[Continuous integration/Unit Tests]   \ud83d\udcac  ::debug::Downloading JDK from Azul\n[Continuous integration/Build APK ]   \ud83d\udcac  ::debug::isExplicit: \n[Continuous integration/Build APK ]   \ud83d\udcac  ::debug::explicit? false\n[Continuous integration/Build APK ]   \ud83d\udcac  ::debug::evaluating 0 versions\n[Continuous integration/Build APK ]   \ud83d\udcac  ::debug::match not found\n[Continuous integration/Build APK ]   \ud83d\udcac  ::debug::Downloading JDK from Azul\n[Continuous integration/Unit Tests]   \ud83d\udcac  ::debug::Searching for files with extension: -linux_x64.tar.gz\n[Continuous integration/Unit Tests]   \ud83d\udcac  ::debug::Downloading https://static.azul.com/zulu/bin/zulu11.64.19-ca-jdk11.0.19-linux_x64.tar.gz\n[Continuous integration/Unit Tests]   \ud83d\udcac  ::debug::Downloading /tmp/6b1ffcfd-ae22-4711-84e7-f2f13c736a13\n[Continuous integration/Build APK ]   \ud83d\udcac  ::debug::Searching for files with extension: -linux_x64.tar.gz\n[Continuous integration/Build APK ]   \ud83d\udcac  ::debug::Downloading https://static.azul.com/zulu/bin/zulu11.64.19-ca-jdk11.0.19-linux_x64.tar.gz\n[Continuous integration/Build APK ]   \ud83d\udcac  ::debug::Downloading /tmp/b0003c42-c437-43e6-b272-0259382625e6\n[Continuous integration/Unit Tests]   \ud83d\udcac  ::debug::download complete\n[Continuous integration/Unit Tests]   | [command]/usr/bin/tar --version\n[Continuous integration/Unit Tests]   | tar (GNU tar) 1.30\n[Continuous integration/Unit Tests]   | Copyright (C) 2017 Free Software Foundation, Inc.\n[Continuous integration/Unit Tests]   | License GPLv3+: GNU GPL version 3 or later <https://gnu.org/licenses/gpl.html>.\n[Continuous integration/Unit Tests]   | This is free software: you are free to change and redistribute it.\n[Continuous integration/Unit Tests]   | There is NO WARRANTY, to the extent permitted by law.\n[Continuous integration/Unit Tests]   | \n[Continuous integration/Unit Tests]   | Written by John Gilmore and Jay Fenlason.\n[Continuous integration/Unit Tests]   | [command]/usr/bin/tar xz --warning=no-unknown-keyword -C /tmp/temp_709452460 -f /tmp/6b1ffcfd-ae22-4711-84e7-f2f13c736a13\n[Continuous integration/Build APK ]   \ud83d\udcac  ::debug::download complete\n[Continuous integration/Build APK ]   | [command]/usr/bin/tar --version\n[Continuous integration/Build APK ]   | tar (GNU tar) 1.30\n[Continuous integration/Build APK ]   | Copyright (C) 2017 Free Software Foundation, Inc.\n[Continuous integration/Build APK ]   | License GPLv3+: GNU GPL version 3 or later <https://gnu.org/licenses/gpl.html>.\n[Continuous integration/Build APK ]   | This is free software: you are free to change and redistribute it.\n[Continuous integration/Build APK ]   | There is NO WARRANTY, to the extent permitted by law.\n[Continuous integration/Build APK ]   | \n[Continuous integration/Build APK ]   | Written by John Gilmore and Jay Fenlason.\n[Continuous integration/Build APK ]   | [command]/usr/bin/tar xz --warning=no-unknown-keyword -C /tmp/temp_612016616 -f /tmp/b0003c42-c437-43e6-b272-0259382625e6\n[Continuous integration/Unit Tests]   \ud83d\udcac  ::debug::jdk extracted to /tmp/temp_709452460/zulu11.64.19-ca-jdk11.0.19-linux_x64\n[Continuous integration/Unit Tests]   \ud83d\udcac  ::debug::Caching tool jdk 11.0.19 x64\n[Continuous integration/Unit Tests]   \ud83d\udcac  ::debug::source dir: /tmp/temp_709452460/zulu11.64.19-ca-jdk11.0.19-linux_x64\n[Continuous integration/Unit Tests]   \ud83d\udcac  ::debug::destination /opt/hostedtoolcache/jdk/11.0.19/x64\n[Continuous integration/Build APK ]   \ud83d\udcac  ::debug::jdk extracted to /tmp/temp_612016616/zulu11.64.19-ca-jdk11.0.19-linux_x64\n[Continuous integration/Build APK ]   \ud83d\udcac  ::debug::Caching tool jdk 11.0.19 x64\n[Continuous integration/Build APK ]   \ud83d\udcac  ::debug::source dir: /tmp/temp_612016616/zulu11.64.19-ca-jdk11.0.19-linux_x64\n[Continuous integration/Build APK ]   \ud83d\udcac  ::debug::destination /opt/hostedtoolcache/jdk/11.0.19/x64\n[Continuous integration/Unit Tests]   \ud83d\udcac  ::debug::finished caching tool\n[Continuous integration/Unit Tests]   \u2753 add-matcher /run/act/actions/actions-setup-java@v1/.github/java.json\n[Continuous integration/Unit Tests]   | creating settings.xml with server-id: github; environment variables: username=$GITHUB_ACTOR, password=$GITHUB_TOKEN, and gpg-passphrase=null\n[Continuous integration/Unit Tests]   \ud83d\udcac  ::debug::created directory /home/runneradmin/.m2\n[Continuous integration/Unit Tests]   | writing /home/runneradmin/.m2/settings.xml\n[Continuous integration/Unit Tests]   \u2705  Success - Main Set up JDK 11\n[Continuous integration/Unit Tests]   \u2699  ::set-env:: JAVA_HOME_11.0.19_x64=/opt/hostedtoolcache/jdk/11.0.19/x64\n[Continuous integration/Unit Tests]   \u2699  ::set-env:: JAVA_HOME=/opt/hostedtoolcache/jdk/11.0.19/x64\n[Continuous integration/Unit Tests]   \u2699  ::set-env:: JAVA_HOME_11_0_19_X64=/opt/hostedtoolcache/jdk/11.0.19/x64\n[Continuous integration/Unit Tests]   \u2699  ::set-output:: path=/opt/hostedtoolcache/jdk/11.0.19/x64\n[Continuous integration/Unit Tests]   \u2699  ::set-output:: version=11.0.19\n[Continuous integration/Unit Tests]   \u2699  ::add-path:: /opt/hostedtoolcache/jdk/11.0.19/x64/bin\n[Continuous integration/Unit Tests] \u2b50 Run Main Run unit tests\n[Continuous integration/Unit Tests]   \ud83d\udc33  docker exec cmd=[bash --noprofile --norc -e -o pipefail /var/run/act/workflow/2] user= workdir=\n[Continuous integration/Build APK ]   \ud83d\udcac  ::debug::finished caching tool\n[Continuous integration/Build APK ]   \u2753 add-matcher /run/act/actions/actions-setup-java@v1/.github/java.json\n[Continuous integration/Build APK ]   | creating settings.xml with server-id: github; environment variables: username=$GITHUB_ACTOR, password=$GITHUB_TOKEN, and gpg-passphrase=null\n[Continuous integration/Build APK ]   \ud83d\udcac  ::debug::created directory /home/runneradmin/.m2\n[Continuous integration/Build APK ]   | writing /home/runneradmin/.m2/settings.xml\n[Continuous integration/Build APK ]   \u2705  Success - Main Set up JDK 11\n[Continuous integration/Build APK ]   \u2699  ::set-env:: JAVA_HOME_11.0.19_x64=/opt/hostedtoolcache/jdk/11.0.19/x64\n[Continuous integration/Build APK ]   \u2699  ::set-env:: JAVA_HOME=/opt/hostedtoolcache/jdk/11.0.19/x64\n[Continuous integration/Build APK ]   \u2699  ::set-env:: JAVA_HOME_11_0_19_X64=/opt/hostedtoolcache/jdk/11.0.19/x64\n[Continuous integration/Build APK ]   \u2699  ::set-output:: path=/opt/hostedtoolcache/jdk/11.0.19/x64\n[Continuous integration/Build APK ]   \u2699  ::set-output:: version=11.0.19\n[Continuous integration/Build APK ]   \u2699  ::add-path:: /opt/hostedtoolcache/jdk/11.0.19/x64/bin\n[Continuous integration/Build APK ] \u2b50 Run Main Build debug APK\n[Continuous integration/Build APK ]   \ud83d\udc33  docker exec cmd=[bash --noprofile --norc -e -o pipefail /var/run/act/workflow/2] user= workdir=\n[Continuous integration/Unit Tests]   | Downloading https://services.gradle.org/distributions/gradle-7.3.3-bin.zip\n[Continuous integration/Build APK ]   | Downloading https://services.gradle.org/distributions/gradle-7.3.3-bin.zip\n[Continuous integration/Build APK ]   | ............................................................................................................................................................................................................................................................................................................................................................................................................................................................................................................................................................................................................................................................................................................................................................................................................................................................................................................................................................................................................................................................................................................................................................................................................................................................................................................................................................................................................................................................................................................................................................................................................................................................................................................................................................................................................................................................................................................................................................................................................................................................................................................................................................................................................................................................................................................................................................................................................................................................................................................................................................................................................................................................................................................................................................................................................................................................................................................................................................................................................................................................................................................................................................................................................................................................................................................................................................................................................................................................................................................................................................................................................................................................................................................................................................................................................................................................................................................................................................................................................................................................................................................................................................................................................................................................................................................................................................................................................................................................................................................................................................................................................................................................................................................................................................................................................................................................................................................................................................................................................................................................................................................................................................................................................................................................................................................................................................................................................................................................................................................................................................................................................................................................................................................................................................................................................................................................................................................................................................................................................................\n[Continuous integration/Build APK ]   | Unzipping /home/runneradmin/.gradle/wrapper/dists/gradle-7.3.3-bin/6a41zxkdtcxs8rphpq6y0069z/gradle-7.3.3-bin.zip to /home/runneradmin/.gradle/wrapper/dists/gradle-7.3.3-bin/6a41zxkdtcxs8rphpq6y0069z\n[Continuous integration/Unit Tests]   | ............................................................................................................................................................................................................................................................................................................................................................................................................................................................................................................................................................................................................................................................................................................................................................................................................................................................................................................................................................................................................................................................................................................................................................................................................................................................................................................................................................................................................................................................................................................................................................................................................................................................................................................................................................................................................................................................................................................................................................................................................................................................................................................................................................................................................................................................................................................................................................................................................................................................................................................................................................................................................................................................................................................................................................................................................................................................................................................................................................................................................................................................................................................................................................................................................................................................................................................................................................................................................................................................................................................................................................................................................................................................................................................................................................................................................................................................................................................................................................................................................................................................................................................................................................................................................................................................................................................................................................................................................................................................................................................................................................................................................................................................................................................................................................................................................................................................................................................................................................................................................................................................................................................................................................................................................................................................................................................................................................................................................................................................................................................................................................................................................................................................................................................................................................................................................................................................................................................................................................................................................................\n[Continuous integration/Unit Tests]   | Unzipping /home/runneradmin/.gradle/wrapper/dists/gradle-7.3.3-bin/6a41zxkdtcxs8rphpq6y0069z/gradle-7.3.3-bin.zip to /home/runneradmin/.gradle/wrapper/dists/gradle-7.3.3-bin/6a41zxkdtcxs8rphpq6y0069z\n[Continuous integration/Build APK ]   | Set executable permissions for: /home/runneradmin/.gradle/wrapper/dists/gradle-7.3.3-bin/6a41zxkdtcxs8rphpq6y0069z/gradle-7.3.3/bin/gradle\n[Continuous integration/Build APK ]   | \n[Continuous integration/Build APK ]   | Welcome to Gradle 7.3.3!\n[Continuous integration/Build APK ]   | \n[Continuous integration/Build APK ]   | Here are the highlights of this release:\n[Continuous integration/Build APK ]   |  - Easily declare new test suites in Java projects\n[Continuous integration/Build APK ]   |  - Support for Java 17\n[Continuous integration/Build APK ]   |  - Support for Scala 3\n[Continuous integration/Build APK ]   | \n[Continuous integration/Build APK ]   | For more details see https://docs.gradle.org/7.3.3/release-notes.html\n[Continuous integration/Build APK ]   | \n[Continuous integration/Unit Tests]   | Set executable permissions for: /home/runneradmin/.gradle/wrapper/dists/gradle-7.3.3-bin/6a41zxkdtcxs8rphpq6y0069z/gradle-7.3.3/bin/gradle\n[Continuous integration/Build APK ]   | Starting a Gradle Daemon (subsequent builds will be faster)\n[Continuous integration/Unit Tests]   | \n[Continuous integration/Unit Tests]   | Welcome to Gradle 7.3.3!\n[Continuous integration/Unit Tests]   | \n[Continuous integration/Unit Tests]   | Here are the highlights of this release:\n[Continuous integration/Unit Tests]   |  - Easily declare new test suites in Java projects\n[Continuous integration/Unit Tests]   |  - Support for Java 17\n[Continuous integration/Unit Tests]   |  - Support for Scala 3\n[Continuous integration/Unit Tests]   | \n[Continuous integration/Unit Tests]   | For more details see https://docs.gradle.org/7.3.3/release-notes.html\n[Continuous integration/Unit Tests]   | \n[Continuous integration/Unit Tests]   | Starting a Gradle Daemon (subsequent builds will be faster)\n[Continuous integration/Build APK ]   | \n[Continuous integration/Build APK ]   | > Configure project :app\n[Continuous integration/Build APK ]   | 6ce608ac284ab1c17e7b67488450b4bd\n[Continuous integration/Build APK ]   | \n[Continuous integration/Build APK ]   | FAILURE: Build failed with an exception.\n[Continuous integration/Build APK ]   | \n[Continuous integration/Build APK ]   | * What went wrong:\n[Continuous integration/Build APK ]   | Could not determine the dependencies of task ':app:mergeDebugAssets'.\n[Continuous integration/Build APK ]   | > Could not resolve all task dependencies for configuration ':app:debugRuntimeClasspath'.\n[Continuous integration/Build APK ]   |    > Could not resolve project :backup-api.\n[Continuous integration/Build APK ]   |      Required by:\n[Continuous integration/Build APK ]   |          project :app\n[Continuous integration/Build APK ]   |       > No matching configuration of \n[Continuous integration/Build APK ]   | Deprecated Gradle features were used in this build, making it incompatible with Gradle 8.0.\n[Continuous integration/Build APK ]   | \n[Continuous integration/Build APK ]   | You can use '--warning-mode all' to show the individual deprecation warnings and determine if they come from your own scripts or plugins.\n[Continuous integration/Build APK ]   | \n[Continuous integration/Build APK ]   | See https://docs.gradle.org/7.3.3/userguide/command_line_interface.html#sec:command_line_warnings\n[Continuous integration/Build APK ]   | project :backup-api was found. The consumer was configured to find a runtime of a component, preferably optimized for Android, as well as attribute 'com.android.build.api.attributes.BuildTypeAttr' with value 'debug', attribute 'com.android.build.api.attributes.AgpVersionAttr' with value '7.2.1' but:\n[Continuous integration/Build APK ]   |           - None of the consumable configurations have attributes.\n[Continuous integration/Build APK ]   | \n[Continuous integration/Build APK ]   | * Try:\n[Continuous integration/Build APK ]   | > Run with --stacktrace option to get the stack trace.\n[Continuous integration/Build APK ]   | > Run with --info or --debug option to get more log output.\n[Continuous integration/Build APK ]   | > Run with --scan to get full insights.\n[Continuous integration/Build APK ]   | \n[Continuous integration/Build APK ]   | * Get more help at https://help.gradle.org\n[Continuous integration/Build APK ]   | \n[Continuous integration/Build APK ]   | BUILD FAILED in 36s\n[Continuous integration/Build APK ]   \u274c  Failure - Main Build debug APK\n[Continuous integration/Build APK ] exitcode '1': failure\n[Continuous integration/Build APK ] \u2b50 Run Post Set up JDK 11\n[Continuous integration/Build APK ]   \ud83d\udc33  docker exec cmd=[node /var/run/act/actions/actions-setup-java@v1/dist/cleanup/index.js] user= workdir=\n[Continuous integration/Build APK ]   \u2705  Success - Post Set up JDK 11\n[Continuous integration/Build APK ] \ud83c\udfc1  Job failed\n[Continuous integration/Unit Tests]   | \n[Continuous integration/Unit Tests]   | > Configure project :app\n[Continuous integration/Unit Tests]   | 6ce608ac284ab1c17e7b67488450b4bd\n[Continuous integration/Unit Tests]   | \n[Continuous integration/Unit Tests]   | FAILURE: Build failed with an exception.\n[Continuous integration/Unit Tests]   | \n[Continuous integration/Unit Tests]   | * What went wrong:\n[Continuous integration/Unit Tests]   | Could not determine the dependencies of task ':app:testDebugUnitTest'.\n[Continuous integration/Unit Tests]   | > SDK location not found. Define a valid SDK location with an ANDROID_HOME environment variable or by setting the sdk.dir path in your project's local properties file at '/tmp/bc275e72-fd77-11ed-a890-af2cc187fc11/SecUSo-privacy-friendly-weather/local.properties'.\n[Continuous integration/Unit Tests]   | \n[Continuous integration/Unit Tests]   | * Try:\n[Continuous integration/Unit Tests]   | > Run with --stacktrace option to get the stack trace.\n[Continuous integration/Unit Tests]   | > Run with --info or --debug option to get more log output.\n[Continuous integration/Unit Tests]   | > Run with --scan to get full insights.\n[Continuous integration/Unit Tests]   | \n[Continuous integration/Unit Tests]   | * Get more help at https://help.gradle.org\n[Continuous integration/Unit Tests]   | \n[Continuous integration/Unit Tests]   | Deprecated Gradle features were used in this build, making it incompatible with Gradle 8.0.\n[Continuous integration/Unit Tests]   | \n[Continuous integration/Unit Tests]   | You can use '--warning-mode all' to show the individual deprecation warnings and determine if they come from your own scripts or plugins.\n[Continuous integration/Unit Tests]   | \n[Continuous integration/Unit Tests]   | \n[Continuous integration/Unit Tests]   | BUILD FAILED in 1m 5s\n[Continuous integration/Unit Tests]   | See https://docs.gradle.org/7.3.3/userguide/command_line_interface.html#sec:command_line_warnings\n[Continuous integration/Unit Tests]   \u274c  Failure - Main Run unit tests\n[Continuous integration/Unit Tests] exitcode '1': failure\n[Continuous integration/Unit Tests] \u2b50 Run Post Set up JDK 11\n[Continuous integration/Unit Tests]   \ud83d\udc33  docker exec cmd=[node /var/run/act/actions/actions-setup-java@v1/dist/cleanup/index.js] user= workdir=\n[Continuous integration/Unit Tests]   \u2705  Success - Post Set up JDK 11\n[Continuous integration/Unit Tests] \ud83c\udfc1  Job failed\n",
    "actions_stderr": "Error: Job 'Build APK' failed\n"
}