{
    "repository": "andre15silva/crawlergpt-gradle-test-repo",
    "stars": 0,
    "language": "java",
    "size": 2,
    "clone_url": "https://github.com/andre15silva/crawlergpt-gradle-test-repo.git",
    "timestamp": "2023-07-06T13:35:00.464200Z",
    "clone_success": true,
    "number_of_actions": 1,
    "number_of_test_actions": 1,
    "actions_successful": false,
    "actions_build_tools": [
        "gradle"
    ],
    "actions_test_build_tools": [
        "gradle"
    ],
    "actions_run": {
        "failed": true,
        "tests": [],
        "stdout": "[7dd1140d-fea0-4aa3-bd7a-abd7412351a2/test] \ud83d\ude80  Start image=crawlergpt:latest\n[7dd1140d-fea0-4aa3-bd7a-abd7412351a2/test]   \ud83d\udc33  docker pull image=crawlergpt:latest platform= username= forcePull=false\n[7dd1140d-fea0-4aa3-bd7a-abd7412351a2/test]   \ud83d\udc33  docker create image=crawlergpt:latest platform= entrypoint=[\"tail\" \"-f\" \"/dev/null\"] cmd=[]\n[7dd1140d-fea0-4aa3-bd7a-abd7412351a2/test]   \ud83d\udc33  docker run image=crawlergpt:latest platform= entrypoint=[\"tail\" \"-f\" \"/dev/null\"] cmd=[]\n[7dd1140d-fea0-4aa3-bd7a-abd7412351a2/test]   \ud83d\udc33  docker exec cmd=[chown -R 1000:1000 /tmp/c33b6692-1c01-11ee-a964-98597a56f496/andre15silva-crawlergpt-gradle-test-repo] user=0 workdir=\n[7dd1140d-fea0-4aa3-bd7a-abd7412351a2/test]   \u2601  git clone 'https://github.com/actions/setup-java' # ref=v3\n[7dd1140d-fea0-4aa3-bd7a-abd7412351a2/test] \u2b50 Run Main actions/checkout@v3\n[7dd1140d-fea0-4aa3-bd7a-abd7412351a2/test]   \u2705  Success - Main actions/checkout@v3\n[7dd1140d-fea0-4aa3-bd7a-abd7412351a2/test] \u2b50 Run Main Setup JDK\n[7dd1140d-fea0-4aa3-bd7a-abd7412351a2/test]   \ud83d\udc33  docker cp src=/tmp/act-cache/default/act/actions-setup-java@v3/ dst=/var/run/act/actions/actions-setup-java@v3/\n[7dd1140d-fea0-4aa3-bd7a-abd7412351a2/test]   \ud83d\udc33  docker exec cmd=[chown -R 1000:1000 /var/run/act/actions/actions-setup-java@v3/] user=0 workdir=\n[7dd1140d-fea0-4aa3-bd7a-abd7412351a2/test]   \ud83d\udc33  docker exec cmd=[node /var/run/act/actions/actions-setup-java@v3/dist/setup/index.js] user= workdir=\n[7dd1140d-fea0-4aa3-bd7a-abd7412351a2/test]   \u2753  ::group::Installed distributions\n[7dd1140d-fea0-4aa3-bd7a-abd7412351a2/test]   | Trying to resolve the latest version from remote\n[7dd1140d-fea0-4aa3-bd7a-abd7412351a2/test]   | Resolved latest version as 8.0.372+7\n[7dd1140d-fea0-4aa3-bd7a-abd7412351a2/test]   | Trying to download...\n[7dd1140d-fea0-4aa3-bd7a-abd7412351a2/test]   | Downloading Java 8.0.372+7 (Temurin-Hotspot) from https://github.com/adoptium/temurin8-binaries/releases/download/jdk8u372-b07/OpenJDK8U-jdk_x64_linux_hotspot_8u372b07.tar.gz ...\n[7dd1140d-fea0-4aa3-bd7a-abd7412351a2/test]   \ud83d\udcac  ::debug::Downloading https://github.com/adoptium/temurin8-binaries/releases/download/jdk8u372-b07/OpenJDK8U-jdk_x64_linux_hotspot_8u372b07.tar.gz\n[7dd1140d-fea0-4aa3-bd7a-abd7412351a2/test]   \ud83d\udcac  ::debug::Destination /tmp/b4b664ec-16ba-4246-a2cf-f330fd59de70\n[7dd1140d-fea0-4aa3-bd7a-abd7412351a2/test]   \ud83d\udcac  ::debug::download complete\n[7dd1140d-fea0-4aa3-bd7a-abd7412351a2/test]   | Extracting Java archive...\n[7dd1140d-fea0-4aa3-bd7a-abd7412351a2/test]   \ud83d\udcac  ::debug::Checking tar --version\n[7dd1140d-fea0-4aa3-bd7a-abd7412351a2/test]   \ud83d\udcac  ::debug::tar (GNU tar) 1.30%0ACopyright (C) 2017 Free Software Foundation, Inc.%0ALicense GPLv3+: GNU GPL version 3 or later <https://gnu.org/licenses/gpl.html>.%0AThis is free software: you are free to change and redistribute it.%0AThere is NO WARRANTY, to the extent permitted by law.%0A%0AWritten by John Gilmore and Jay Fenlason.\n[7dd1140d-fea0-4aa3-bd7a-abd7412351a2/test]   | [command]/usr/bin/tar xz --warning=no-unknown-keyword -C /tmp/70d73038-a44c-479f-8f62-013ed8155641 -f /tmp/b4b664ec-16ba-4246-a2cf-f330fd59de70\n[7dd1140d-fea0-4aa3-bd7a-abd7412351a2/test]   \ud83d\udcac  ::debug::Caching tool Java_Temurin-Hotspot_jdk 8.0.372-7 x64\n[7dd1140d-fea0-4aa3-bd7a-abd7412351a2/test]   \ud83d\udcac  ::debug::source dir: /tmp/70d73038-a44c-479f-8f62-013ed8155641/jdk8u372-b07\n[7dd1140d-fea0-4aa3-bd7a-abd7412351a2/test]   \ud83d\udcac  ::debug::destination /opt/hostedtoolcache/Java_Temurin-Hotspot_jdk/8.0.372-7/x64\n[7dd1140d-fea0-4aa3-bd7a-abd7412351a2/test]   \ud83d\udcac  ::debug::finished caching tool\n[7dd1140d-fea0-4aa3-bd7a-abd7412351a2/test]   | Java 8.0.372+7 was downloaded\n[7dd1140d-fea0-4aa3-bd7a-abd7412351a2/test]   | Setting Java 8.0.372+7 as the default\n[7dd1140d-fea0-4aa3-bd7a-abd7412351a2/test]   | Creating toolchains.xml for JDK version 8 from temurin\n[7dd1140d-fea0-4aa3-bd7a-abd7412351a2/test]   | Writing to /home/runneradmin/.m2/toolchains.xml\n[7dd1140d-fea0-4aa3-bd7a-abd7412351a2/test]   | \n[7dd1140d-fea0-4aa3-bd7a-abd7412351a2/test]   | Java configuration:\n[7dd1140d-fea0-4aa3-bd7a-abd7412351a2/test]   |   Distribution: temurin\n[7dd1140d-fea0-4aa3-bd7a-abd7412351a2/test]   |   Version: 8.0.372+7\n[7dd1140d-fea0-4aa3-bd7a-abd7412351a2/test]   |   Path: /opt/hostedtoolcache/Java_Temurin-Hotspot_jdk/8.0.372-7/x64\n[7dd1140d-fea0-4aa3-bd7a-abd7412351a2/test]   | \n[7dd1140d-fea0-4aa3-bd7a-abd7412351a2/test]   \u2753  ::endgroup::\n[7dd1140d-fea0-4aa3-bd7a-abd7412351a2/test]   \u2753 add-matcher /run/act/actions/actions-setup-java@v3/.github/java.json\n[7dd1140d-fea0-4aa3-bd7a-abd7412351a2/test]   | Creating settings.xml with server-id: github\n[7dd1140d-fea0-4aa3-bd7a-abd7412351a2/test]   | Writing to /home/runneradmin/.m2/settings.xml\n[7dd1140d-fea0-4aa3-bd7a-abd7412351a2/test]   \u2705  Success - Main Setup JDK\n[7dd1140d-fea0-4aa3-bd7a-abd7412351a2/test]   \u2699  ::set-env:: JAVA_HOME=/opt/hostedtoolcache/Java_Temurin-Hotspot_jdk/8.0.372-7/x64\n[7dd1140d-fea0-4aa3-bd7a-abd7412351a2/test]   \u2699  ::set-env:: JAVA_HOME_8_X64=/opt/hostedtoolcache/Java_Temurin-Hotspot_jdk/8.0.372-7/x64\n[7dd1140d-fea0-4aa3-bd7a-abd7412351a2/test]   \u2699  ::set-output:: version=8.0.372+7\n[7dd1140d-fea0-4aa3-bd7a-abd7412351a2/test]   \u2699  ::set-output:: distribution=Temurin-Hotspot\n[7dd1140d-fea0-4aa3-bd7a-abd7412351a2/test]   \u2699  ::set-output:: path=/opt/hostedtoolcache/Java_Temurin-Hotspot_jdk/8.0.372-7/x64\n[7dd1140d-fea0-4aa3-bd7a-abd7412351a2/test]   \u2699  ::add-path:: /opt/hostedtoolcache/Java_Temurin-Hotspot_jdk/8.0.372-7/x64/bin\n[7dd1140d-fea0-4aa3-bd7a-abd7412351a2/test] \u2b50 Run Main Build and run tests\n[7dd1140d-fea0-4aa3-bd7a-abd7412351a2/test]   \ud83d\udc33  docker exec cmd=[bash --noprofile --norc -e -o pipefail /var/run/act/workflow/2] user= workdir=\n[7dd1140d-fea0-4aa3-bd7a-abd7412351a2/test]   | \n[7dd1140d-fea0-4aa3-bd7a-abd7412351a2/test]   | Welcome to Gradle 7.2!\n[7dd1140d-fea0-4aa3-bd7a-abd7412351a2/test]   | \n[7dd1140d-fea0-4aa3-bd7a-abd7412351a2/test]   | Here are the highlights of this release:\n[7dd1140d-fea0-4aa3-bd7a-abd7412351a2/test]   |  - Toolchain support for Scala\n[7dd1140d-fea0-4aa3-bd7a-abd7412351a2/test]   |  - More cache hits when Java source files have platform-specific line endings\n[7dd1140d-fea0-4aa3-bd7a-abd7412351a2/test]   |  - More resilient remote HTTP build cache behavior\n[7dd1140d-fea0-4aa3-bd7a-abd7412351a2/test]   | \n[7dd1140d-fea0-4aa3-bd7a-abd7412351a2/test]   | For more details see https://docs.gradle.org/7.2/release-notes.html\n[7dd1140d-fea0-4aa3-bd7a-abd7412351a2/test]   | \n[7dd1140d-fea0-4aa3-bd7a-abd7412351a2/test]   | Starting a Gradle Daemon (subsequent builds will be faster)\n[7dd1140d-fea0-4aa3-bd7a-abd7412351a2/test]   | > Task :compileJava\n[7dd1140d-fea0-4aa3-bd7a-abd7412351a2/test]   | > Task :processResources NO-SOURCE\n[7dd1140d-fea0-4aa3-bd7a-abd7412351a2/test]   | > Task :classes\n[7dd1140d-fea0-4aa3-bd7a-abd7412351a2/test]   | > Task :compileTestJava FAILED\n[7dd1140d-fea0-4aa3-bd7a-abd7412351a2/test]   | \n[7dd1140d-fea0-4aa3-bd7a-abd7412351a2/test]   | FAILURE: Build failed with an exception.\n[7dd1140d-fea0-4aa3-bd7a-abd7412351a2/test]   | \n[7dd1140d-fea0-4aa3-bd7a-abd7412351a2/test]   | * What went wrong:\n[7dd1140d-fea0-4aa3-bd7a-abd7412351a2/test]   | Execution failed for task ':compileTestJava'.\n[7dd1140d-fea0-4aa3-bd7a-abd7412351a2/test]   | > Could not resolve all files for configuration ':testCompileClasspath'.\n[7dd1140d-fea0-4aa3-bd7a-abd7412351a2/test]   |    > Could not resolve junit:junit:3.8.1.\n[7dd1140d-fea0-4aa3-bd7a-abd7412351a2/test]   |      Required by:\n[7dd1140d-fea0-4aa3-bd7a-abd7412351a2/test]   |          project :\n[7dd1140d-fea0-4aa3-bd7a-abd7412351a2/test]   |       > Could not resolve junit:junit:3.8.1.\n[7dd1140d-fea0-4aa3-bd7a-abd7412351a2/test]   |          > Could not get resource 'https://repo.maven.apache.org/maven2/junit/junit/3.8.1/junit-3.8.1.pom'.\n[7dd1140d-fea0-4aa3-bd7a-abd7412351a2/test]   |             > Could not GET 'https://repo.maven.apache.org/maven2/junit/junit/3.8.1/junit-3.8.1.pom'.\n[7dd1140d-fea0-4aa3-bd7a-abd7412351a2/test]   |                > Connect to repo.maven.apache.org:443 [repo.maven.apache.org/2a04:4e42:86:0:0:0:0:215] failed: Network is unreachable (connect failed)\n[7dd1140d-fea0-4aa3-bd7a-abd7412351a2/test]   | \n[7dd1140d-fea0-4aa3-bd7a-abd7412351a2/test]   | * Try:\n[7dd1140d-fea0-4aa3-bd7a-abd7412351a2/test]   | Run with --stacktrace option to get the stack trace. Run with --info or --debug option to get more log output. Run with --scan to get full insights.\n[7dd1140d-fea0-4aa3-bd7a-abd7412351a2/test]   | \n[7dd1140d-fea0-4aa3-bd7a-abd7412351a2/test]   | * Get more help at https://help.gradle.org\n[7dd1140d-fea0-4aa3-bd7a-abd7412351a2/test]   | \n[7dd1140d-fea0-4aa3-bd7a-abd7412351a2/test]   | BUILD FAILED in 6s\n[7dd1140d-fea0-4aa3-bd7a-abd7412351a2/test]   | 2 actionable tasks: 2 executed\n[7dd1140d-fea0-4aa3-bd7a-abd7412351a2/test]   \u274c  Failure - Main Build and run tests\n[7dd1140d-fea0-4aa3-bd7a-abd7412351a2/test] exitcode '1': failure\n[7dd1140d-fea0-4aa3-bd7a-abd7412351a2/test] \u2b50 Run Post Setup JDK\n[7dd1140d-fea0-4aa3-bd7a-abd7412351a2/test]   \ud83d\udc33  docker exec cmd=[node /var/run/act/actions/actions-setup-java@v3/dist/cleanup/index.js] user= workdir=\n[7dd1140d-fea0-4aa3-bd7a-abd7412351a2/test]   \u2705  Success - Post Setup JDK\n[7dd1140d-fea0-4aa3-bd7a-abd7412351a2/test] \ud83c\udfc1  Job failed\n",
        "stderr": "Error: Job 'test' failed\n",
        "workflow": {
            "path": "/tmp/c33b6692-1c01-11ee-a964-98597a56f496/andre15silva-crawlergpt-gradle-test-repo/.github/workflows/tests-crawler.yml",
            "type": "gradle"
        },
        "workflow_name": "7dd1140d-fea0-4aa3-bd7a-abd7412351a2",
        "build_tool": "gradle",
        "elapsed_time": 152.4957151412964
    }
}