{
    "repository": "rust-lang/rustc-perf",
    "clone_url": "https://github.com/rust-lang/rustc-perf.git",
    "timestamp": "2023-05-30T08:38:29.348221Z",
    "clone_success": true,
    "number of actions": 2,
    "number_of_test_actions": 1,
    "actions_successful": false,
    "actions_stdout": "[CI/Test benchmarks        ] \ud83d\ude80  Start image=crawlergpt:latest\n[CI/Test profiling         ] \ud83d\ude80  Start image=crawlergpt:latest\n[CI/Test on Windows        ] \ud83d\ude80  Start image=crawlergpt:latest\n[CI/Test runtime benchmarks] \ud83d\ude80  Start image=crawlergpt:latest\n[CI/Test and deploy        ] \ud83d\ude80  Start image=crawlergpt:latest\n[CI/Database Check         ] \ud83d\ude80  Start image=crawlergpt:latest\n[CI/Test and deploy        ]   \ud83d\udc33  docker pull image=crawlergpt:latest platform= username= forcePull=false\n[CI/Database Check         ]   \ud83d\udc33  docker pull image=crawlergpt:latest platform= username= forcePull=false\n[CI/Test profiling         ]   \ud83d\udc33  docker pull image=crawlergpt:latest platform= username= forcePull=false\n[CI/Test on Windows        ]   \ud83d\udc33  docker pull image=crawlergpt:latest platform= username= forcePull=false\n[CI/Test benchmarks        ]   \ud83d\udc33  docker pull image=crawlergpt:latest platform= username= forcePull=false\n[CI/Test runtime benchmarks]   \ud83d\udc33  docker pull image=crawlergpt:latest platform= username= forcePull=false\n[CI/Test profiling         ]   \ud83d\udc33  docker create image=crawlergpt:latest platform= entrypoint=[\"tail\" \"-f\" \"/dev/null\"] cmd=[]\n[CI/Test and deploy        ]   \ud83d\udc33  docker create image=crawlergpt:latest platform= entrypoint=[\"tail\" \"-f\" \"/dev/null\"] cmd=[]\n[CI/Database Check         ]   \ud83d\udc33  docker create image=crawlergpt:latest platform= entrypoint=[\"tail\" \"-f\" \"/dev/null\"] cmd=[]\n[CI/Test on Windows        ]   \ud83d\udc33  docker create image=crawlergpt:latest platform= entrypoint=[\"tail\" \"-f\" \"/dev/null\"] cmd=[]\n[CI/Test benchmarks        ]   \ud83d\udc33  docker create image=crawlergpt:latest platform= entrypoint=[\"tail\" \"-f\" \"/dev/null\"] cmd=[]\n[CI/Test runtime benchmarks]   \ud83d\udc33  docker create image=crawlergpt:latest platform= entrypoint=[\"tail\" \"-f\" \"/dev/null\"] cmd=[]\n[CI/Database Check         ]   \ud83d\udc33  docker run image=crawlergpt:latest platform= entrypoint=[\"tail\" \"-f\" \"/dev/null\"] cmd=[]\n[CI/Test on Windows        ]   \ud83d\udc33  docker run image=crawlergpt:latest platform= entrypoint=[\"tail\" \"-f\" \"/dev/null\"] cmd=[]\n[CI/Test runtime benchmarks]   \ud83d\udc33  docker run image=crawlergpt:latest platform= entrypoint=[\"tail\" \"-f\" \"/dev/null\"] cmd=[]\n[CI/Test benchmarks        ]   \ud83d\udc33  docker run image=crawlergpt:latest platform= entrypoint=[\"tail\" \"-f\" \"/dev/null\"] cmd=[]\n[CI/Test profiling         ]   \ud83d\udc33  docker run image=crawlergpt:latest platform= entrypoint=[\"tail\" \"-f\" \"/dev/null\"] cmd=[]\n[CI/Test and deploy        ]   \ud83d\udc33  docker run image=crawlergpt:latest platform= entrypoint=[\"tail\" \"-f\" \"/dev/null\"] cmd=[]\n[CI/Test benchmarks        ]   \ud83d\udc33  docker exec cmd=[chown -R 1012:1000 /tmp/c1e8dd3a-fec2-11ed-a890-af2cc187fc11/rust-lang-rustc-perf] user=0 workdir=\n[CI/Test runtime benchmarks]   \ud83d\udc33  docker exec cmd=[chown -R 1012:1000 /tmp/c1e8dd3a-fec2-11ed-a890-af2cc187fc11/rust-lang-rustc-perf] user=0 workdir=\n[CI/Test on Windows        ]   \ud83d\udc33  docker exec cmd=[chown -R 1012:1000 /tmp/c1e8dd3a-fec2-11ed-a890-af2cc187fc11/rust-lang-rustc-perf] user=0 workdir=\n[CI/Database Check         ]   \ud83d\udc33  docker exec cmd=[chown -R 1012:1000 /tmp/c1e8dd3a-fec2-11ed-a890-af2cc187fc11/rust-lang-rustc-perf] user=0 workdir=\n[CI/Test profiling         ]   \ud83d\udc33  docker exec cmd=[chown -R 1012:1000 /tmp/c1e8dd3a-fec2-11ed-a890-af2cc187fc11/rust-lang-rustc-perf] user=0 workdir=\n[CI/Test and deploy        ]   \ud83d\udc33  docker exec cmd=[chown -R 1012:1000 /tmp/c1e8dd3a-fec2-11ed-a890-af2cc187fc11/rust-lang-rustc-perf] user=0 workdir=\n[CI/Test benchmarks        ]   \u2601  git clone 'https://github.com/actions-rs/toolchain' # ref=v1\n[CI/Test profiling         ]   \u2601  git clone 'https://github.com/actions-rs/toolchain' # ref=v1\n[CI/Test runtime benchmarks]   \u2601  git clone 'https://github.com/actions-rs/toolchain' # ref=v1\n[CI/Test and deploy        ]   \u2601  git clone 'https://github.com/docker/setup-buildx-action' # ref=v2\n[CI/Test on Windows        ]   \u2601  git clone 'https://github.com/actions-rs/toolchain' # ref=v1\n[CI/Database Check         ]   \u2601  git clone 'https://github.com/actions-rs/toolchain' # ref=v1\n[CI/Test benchmarks        ] Unable to checkout 16499b5e05bf2e26879000db0c1d13f7e13fa3af: EOF\n[CI/Test and deploy        ]   \u2601  git clone 'https://github.com/docker/build-push-action' # ref=v4\n[CI/Test profiling         ] \u2b50 Run Main Checkout the source code\n[CI/Test on Windows        ]   \u2601  git clone 'https://github.com/Swatinem/rust-cache' # ref=v2\n[CI/Test runtime benchmarks] \u2b50 Run Main Checkout the source code\n[CI/Test profiling         ]   \u2705  Success - Main Checkout the source code\n[CI/Test benchmarks        ] \ud83c\udfc1  Job succeeded\n[CI/Test runtime benchmarks]   \u2705  Success - Main Checkout the source code\n[CI/Test and deploy        ]   \u2601  git clone 'https://github.com/rust-lang/simpleinfra' # ref=master\n[CI/Test on Windows        ] \u2b50 Run Main Checkout the source code\n[CI/Database Check         ] \u2b50 Run Main Check out repository code\n[CI/Database Check         ]   \u2705  Success - Main Check out repository code\n[CI/Test on Windows        ]   \u2705  Success - Main Checkout the source code\n[CI/Test and deploy        ] \u2b50 Run Main Checkout the source code\n[CI/Test and deploy        ]   \u2705  Success - Main Checkout the source code\n[CI/Test profiling         ] \u2b50 Run Main Install latest beta\n[CI/Test profiling         ]   \ud83d\udc33  docker cp src=/home/andre-silva/.cache/act/actions-rs-toolchain@v1/ dst=/var/run/act/actions/actions-rs-toolchain@v1/\n[CI/Test runtime benchmarks] \u2b50 Run Main Install latest beta\n[CI/Test profiling         ]   \ud83d\udc33  docker exec cmd=[chown -R 1012:1000 /var/run/act/actions/actions-rs-toolchain@v1/] user=0 workdir=\n[CI/Test runtime benchmarks]   \ud83d\udc33  docker cp src=/home/andre-silva/.cache/act/actions-rs-toolchain@v1/ dst=/var/run/act/actions/actions-rs-toolchain@v1/\n[CI/Test on Windows        ] \u2b50 Run Main Install latest beta\n[CI/Database Check         ] \u2b50 Run Main Install stable\n[CI/Test and deploy        ] \u2b50 Run Main Formatting check\n[CI/Test runtime benchmarks]   \ud83d\udc33  docker exec cmd=[chown -R 1012:1000 /var/run/act/actions/actions-rs-toolchain@v1/] user=0 workdir=\n[CI/Test on Windows        ]   \ud83d\udc33  docker cp src=/home/andre-silva/.cache/act/actions-rs-toolchain@v1/ dst=/var/run/act/actions/actions-rs-toolchain@v1/\n[CI/Database Check         ]   \ud83d\udc33  docker cp src=/home/andre-silva/.cache/act/actions-rs-toolchain@v1/ dst=/var/run/act/actions/actions-rs-toolchain@v1/\n[CI/Database Check         ]   \ud83d\udc33  docker exec cmd=[chown -R 1012:1000 /var/run/act/actions/actions-rs-toolchain@v1/] user=0 workdir=\n[CI/Test and deploy        ]   \ud83d\udc33  docker exec cmd=[bash --noprofile --norc -e -o pipefail /var/run/act/workflow/1] user= workdir=\n[CI/Test on Windows        ]   \ud83d\udc33  docker exec cmd=[chown -R 1012:1000 /var/run/act/actions/actions-rs-toolchain@v1/] user=0 workdir=\n[CI/Test and deploy        ]   | /var/run/act/workflow/1: line 2: cargo: command not found\n[CI/Test profiling         ]   \ud83d\udc33  docker exec cmd=[node /var/run/act/actions/actions-rs-toolchain@v1/dist/index.js] user= workdir=\n[CI/Test and deploy        ]   \u274c  Failure - Main Formatting check\n[CI/Test on Windows        ]   \ud83d\udc33  docker exec cmd=[node /var/run/act/actions/actions-rs-toolchain@v1/dist/index.js] user= workdir=\n[CI/Test runtime benchmarks]   \ud83d\udc33  docker exec cmd=[node /var/run/act/actions/actions-rs-toolchain@v1/dist/index.js] user= workdir=\n[CI/Database Check         ]   \ud83d\udc33  docker exec cmd=[node /var/run/act/actions/actions-rs-toolchain@v1/dist/index.js] user= workdir=\n[CI/Test and deploy        ] exitcode '127': command not found, please refer to https://github.com/nektos/act/issues/107 for more information\n[CI/Test and deploy        ] \ud83c\udfc1  Job failed\n[CI/Test on Windows        ]   \ud83d\udcac  ::debug::using toolchain from input: beta\n[CI/Test on Windows        ]   \ud83d\udcac  ::debug::Unable to find \"rustup\" executable, installing it now. Reason: Error: Unable to locate executable file: rustup. Please verify either the file path exists or the file can be found within a directory specified by the PATH environment variable. Also check the file mode to verify the file is executable.\n[CI/Test on Windows        ]   \ud83d\udcac  ::debug::Downloading https://sh.rustup.rs\n[CI/Test on Windows        ]   \ud83d\udcac  ::debug::Destination /tmp/1e94958f-d5f2-4083-ae73-4c3291bd2cc1\n[CI/Test runtime benchmarks]   \ud83d\udcac  ::debug::using toolchain from input: beta\n[CI/Test runtime benchmarks]   \ud83d\udcac  ::debug::Unable to find \"rustup\" executable, installing it now. Reason: Error: Unable to locate executable file: rustup. Please verify either the file path exists or the file can be found within a directory specified by the PATH environment variable. Also check the file mode to verify the file is executable.\n[CI/Test runtime benchmarks]   \ud83d\udcac  ::debug::Downloading https://sh.rustup.rs\n[CI/Test runtime benchmarks]   \ud83d\udcac  ::debug::Destination /tmp/2e3a2c87-3df4-4c51-8e2c-5040293a3d5f\n[CI/Test on Windows        ]   \ud83d\udcac  ::debug::download complete\n[CI/Test on Windows        ]   \ud83d\udcac  ::debug::Executing chmod 755 on the /tmp/1e94958f-d5f2-4083-ae73-4c3291bd2cc1\n[CI/Test on Windows        ]   | [command]/tmp/1e94958f-d5f2-4083-ae73-4c3291bd2cc1 --default-toolchain none -y\n[CI/Test profiling         ]   \ud83d\udcac  ::debug::using toolchain from input: beta\n[CI/Database Check         ]   \ud83d\udcac  ::debug::using toolchain from input: stable\n[CI/Test profiling         ]   \ud83d\udcac  ::debug::Unable to find \"rustup\" executable, installing it now. Reason: Error: Unable to locate executable file: rustup. Please verify either the file path exists or the file can be found within a directory specified by the PATH environment variable. Also check the file mode to verify the file is executable.\n[CI/Database Check         ]   \ud83d\udcac  ::debug::Unable to find \"rustup\" executable, installing it now. Reason: Error: Unable to locate executable file: rustup. Please verify either the file path exists or the file can be found within a directory specified by the PATH environment variable. Also check the file mode to verify the file is executable.\n[CI/Test profiling         ]   \ud83d\udcac  ::debug::Downloading https://sh.rustup.rs\n[CI/Database Check         ]   \ud83d\udcac  ::debug::Downloading https://sh.rustup.rs\n[CI/Test profiling         ]   \ud83d\udcac  ::debug::Destination /tmp/372fc6f2-cb27-42e7-87ed-d75a7103ace0\n[CI/Database Check         ]   \ud83d\udcac  ::debug::Destination /tmp/f2f2a844-cde8-4fcf-8ae2-84ac73fa951c\n[CI/Test on Windows        ]   | info: downloading installer\n[CI/Test profiling         ]   \ud83d\udcac  ::debug::download complete\n[CI/Test profiling         ]   \ud83d\udcac  ::debug::Executing chmod 755 on the /tmp/372fc6f2-cb27-42e7-87ed-d75a7103ace0\n[CI/Test profiling         ]   | [command]/tmp/372fc6f2-cb27-42e7-87ed-d75a7103ace0 --default-toolchain none -y\n[CI/Database Check         ]   \ud83d\udcac  ::debug::download complete\n[CI/Database Check         ]   \ud83d\udcac  ::debug::Executing chmod 755 on the /tmp/f2f2a844-cde8-4fcf-8ae2-84ac73fa951c\n[CI/Test runtime benchmarks]   \ud83d\udcac  ::debug::download complete\n[CI/Test runtime benchmarks]   \ud83d\udcac  ::debug::Executing chmod 755 on the /tmp/2e3a2c87-3df4-4c51-8e2c-5040293a3d5f\n[CI/Test runtime benchmarks]   | [command]/tmp/2e3a2c87-3df4-4c51-8e2c-5040293a3d5f --default-toolchain none -y\n[CI/Database Check         ]   | [command]/tmp/f2f2a844-cde8-4fcf-8ae2-84ac73fa951c --default-toolchain none -y\n[CI/Test profiling         ]   | info: downloading installer\n[CI/Test runtime benchmarks]   | info: downloading installer\n[CI/Database Check         ]   | info: downloading installer\n[CI/Test profiling         ]   | info: profile set to 'default'\n[CI/Test profiling         ]   | info: default host triple is x86_64-unknown-linux-gnu\n[CI/Test profiling         ]   | info: skipping toolchain installation\n[CI/Test profiling         ]   | \n[CI/Test profiling         ]   | \n[CI/Test profiling         ]   | Rust is installed now. Great!\n[CI/Test profiling         ]   | \n[CI/Test profiling         ]   | To get started you may need to restart your current shell.\n[CI/Test profiling         ]   | This would reload your PATH environment variable to include\n[CI/Test profiling         ]   | Cargo's bin directory ($HOME/.cargo/bin).\n[CI/Test profiling         ]   | \n[CI/Test profiling         ]   | To configure your current shell, run:\n[CI/Test profiling         ]   | source \"$HOME/.cargo/env\"\n[CI/Test profiling         ]   | [command]/home/runneradmin/.cargo/bin/rustup show\n[CI/Test profiling         ]   | Default host: x86_64-unknown-linux-gnu\n[CI/Test profiling         ]   | rustup home:  /home/runneradmin/.rustup\n[CI/Test profiling         ]   | \n[CI/Test profiling         ]   | no active toolchain\n[CI/Test profiling         ]   | [command]/home/runneradmin/.cargo/bin/rustup toolchain install beta\n[CI/Test profiling         ]   | info: syncing channel updates for 'beta-x86_64-unknown-linux-gnu'\n[CI/Test on Windows        ]   | info: profile set to 'default'\n[CI/Test on Windows        ]   | info: default host triple is x86_64-unknown-linux-gnu\n[CI/Test on Windows        ]   | info: skipping toolchain installation\n[CI/Test on Windows        ]   | \n[CI/Test on Windows        ]   | \n[CI/Test on Windows        ]   | Rust is installed now. Great!\n[CI/Test on Windows        ]   | \n[CI/Test on Windows        ]   | To get started you may need to restart your current shell.\n[CI/Test on Windows        ]   | This would reload your PATH environment variable to include\n[CI/Test on Windows        ]   | Cargo's bin directory ($HOME/.cargo/bin).\n[CI/Test on Windows        ]   | \n[CI/Test on Windows        ]   | To configure your current shell, run:\n[CI/Test on Windows        ]   | source \"$HOME/.cargo/env\"\n[CI/Test on Windows        ]   | [command]/home/runneradmin/.cargo/bin/rustup show\n[CI/Test on Windows        ]   | Default host: x86_64-unknown-linux-gnu\n[CI/Test on Windows        ]   | rustup home:  /home/runneradmin/.rustup\n[CI/Test on Windows        ]   | \n[CI/Test on Windows        ]   | no active toolchain\n[CI/Test on Windows        ]   | [command]/home/runneradmin/.cargo/bin/rustup toolchain install beta\n[CI/Test on Windows        ]   | info: syncing channel updates for 'beta-x86_64-unknown-linux-gnu'\n[CI/Test profiling         ]   | info: latest update on 2023-05-30, rust version 1.71.0-beta.1 (eff24c06d 2023-05-29)\n[CI/Test profiling         ]   | info: downloading component 'cargo'\n[CI/Test profiling         ]   | info: downloading component 'clippy'\n[CI/Test profiling         ]   | info: downloading component 'rust-docs'\n[CI/Database Check         ]   | info: profile set to 'default'\n[CI/Database Check         ]   | info: default host triple is x86_64-unknown-linux-gnu\n[CI/Database Check         ]   | info: skipping toolchain installation\n[CI/Database Check         ]   | \n[CI/Database Check         ]   | \n[CI/Database Check         ]   | Rust is installed now. Great!\n[CI/Database Check         ]   | \n[CI/Database Check         ]   | To get started you may need to restart your current shell.\n[CI/Database Check         ]   | This would reload your PATH environment variable to include\n[CI/Database Check         ]   | Cargo's bin directory ($HOME/.cargo/bin).\n[CI/Database Check         ]   | \n[CI/Database Check         ]   | To configure your current shell, run:\n[CI/Database Check         ]   | source \"$HOME/.cargo/env\"\n[CI/Database Check         ]   | [command]/home/runneradmin/.cargo/bin/rustup show\n[CI/Database Check         ]   | Default host: x86_64-unknown-linux-gnu\n[CI/Database Check         ]   | rustup home:  /home/runneradmin/.rustup\n[CI/Database Check         ]   | \n[CI/Database Check         ]   | no active toolchain\n[CI/Database Check         ]   | [command]/home/runneradmin/.cargo/bin/rustup toolchain install stable\n[CI/Database Check         ]   | info: syncing channel updates for 'stable-x86_64-unknown-linux-gnu'\n[CI/Test profiling         ]   | info: downloading component 'rust-std'\n[CI/Database Check         ]   | info: latest update on 2023-04-20, rust version 1.69.0 (84c898d65 2023-04-16)\n[CI/Database Check         ]   | info: downloading component 'cargo'\n[CI/Database Check         ]   | info: downloading component 'clippy'\n[CI/Test on Windows        ]   | info: latest update on 2023-05-30, rust version 1.71.0-beta.1 (eff24c06d 2023-05-29)\n[CI/Test on Windows        ]   | info: downloading component 'cargo'\n[CI/Test profiling         ]   | info: downloading component 'rustc'\n[CI/Test runtime benchmarks]   | info: profile set to 'default'\n[CI/Test runtime benchmarks]   | info: default host triple is x86_64-unknown-linux-gnu\n[CI/Test runtime benchmarks]   | info: skipping toolchain installation\n[CI/Test runtime benchmarks]   | \n[CI/Test runtime benchmarks]   | \n[CI/Test runtime benchmarks]   | Rust is installed now. Great!\n[CI/Test runtime benchmarks]   | \n[CI/Test runtime benchmarks]   | To get started you may need to restart your current shell.\n[CI/Test runtime benchmarks]   | This would reload your PATH environment variable to include\n[CI/Test runtime benchmarks]   | Cargo's bin directory ($HOME/.cargo/bin).\n[CI/Test runtime benchmarks]   | \n[CI/Test runtime benchmarks]   | To configure your current shell, run:\n[CI/Test runtime benchmarks]   | source \"$HOME/.cargo/env\"\n[CI/Test runtime benchmarks]   | [command]/home/runneradmin/.cargo/bin/rustup show\n[CI/Test runtime benchmarks]   | Default host: x86_64-unknown-linux-gnu\n[CI/Test runtime benchmarks]   | rustup home:  /home/runneradmin/.rustup\n[CI/Test runtime benchmarks]   | \n[CI/Test runtime benchmarks]   | no active toolchain\n[CI/Test runtime benchmarks]   | [command]/home/runneradmin/.cargo/bin/rustup toolchain install beta\n[CI/Test runtime benchmarks]   | info: syncing channel updates for 'beta-x86_64-unknown-linux-gnu'\n[CI/Database Check         ]   | info: downloading component 'rust-docs'\n[CI/Test runtime benchmarks]   | info: latest update on 2023-05-30, rust version 1.71.0-beta.1 (eff24c06d 2023-05-29)\n[CI/Test runtime benchmarks]   | info: downloading component 'cargo'\n[CI/Test on Windows        ]   | info: downloading component 'clippy'\n[CI/Database Check         ]   | info: downloading component 'rust-std'\n[CI/Test runtime benchmarks]   | info: downloading component 'clippy'\n[CI/Test on Windows        ]   | info: downloading component 'rust-docs'\n[CI/Test runtime benchmarks]   | info: downloading component 'rust-docs'\n[CI/Test runtime benchmarks]   | info: downloading component 'rust-std'\n[CI/Database Check         ]   | info: downloading component 'rustc'\n[CI/Test runtime benchmarks]   | info: downloading component 'rustc'\n[CI/Test profiling         ]   | info: downloading component 'rustfmt'\n[CI/Test profiling         ]   | info: installing component 'cargo'\n[CI/Test profiling         ]   | info: installing component 'clippy'\n[CI/Test on Windows        ]   | info: downloading component 'rust-std'\n[CI/Test profiling         ]   | info: installing component 'rust-docs'\n[CI/Test on Windows        ]   | info: downloading component 'rustc'\n[CI/Database Check         ]   | info: downloading component 'rustfmt'\n[CI/Database Check         ]   | info: installing component 'cargo'\n[CI/Test profiling         ]   | info: installing component 'rust-std'\n[CI/Test runtime benchmarks]   | info: downloading component 'rustfmt'\n[CI/Test runtime benchmarks]   | info: installing component 'cargo'\n[CI/Database Check         ]   | info: installing component 'clippy'\n[CI/Test on Windows        ]   | info: downloading component 'rustfmt'\n[CI/Database Check         ]   | info: installing component 'rust-docs'\n[CI/Test on Windows        ]   | info: installing component 'cargo'\n[CI/Test runtime benchmarks]   | info: installing component 'clippy'\n[CI/Test runtime benchmarks]   | info: installing component 'rust-docs'\n[CI/Test profiling         ]   | info: installing component 'rustc'\n[CI/Test on Windows        ]   | info: installing component 'clippy'\n[CI/Test on Windows        ]   | info: installing component 'rust-docs'\n[CI/Database Check         ]   | info: installing component 'rust-std'\n[CI/Test runtime benchmarks]   | info: installing component 'rust-std'\n[CI/Test on Windows        ]   | info: installing component 'rust-std'\n[CI/Database Check         ]   | info: installing component 'rustc'\n[CI/Test runtime benchmarks]   | info: installing component 'rustc'\n[CI/Test on Windows        ]   | info: installing component 'rustc'\n[CI/Test profiling         ]   | info: installing component 'rustfmt'\n[CI/Test profiling         ]   | \n[CI/Test profiling         ]   |   beta-x86_64-unknown-linux-gnu installed - rustc 1.71.0-beta.1 (eff24c06d 2023-05-29)\n[CI/Test profiling         ]   | \n[CI/Test profiling         ]   | info: default toolchain set to 'beta-x86_64-unknown-linux-gnu'\n[CI/Test profiling         ]   | info: checking for self-update\n[CI/Test profiling         ]   | [command]/home/runneradmin/.cargo/bin/rustup override set beta\n[CI/Test profiling         ]   | info: using existing install for 'beta-x86_64-unknown-linux-gnu'\n[CI/Test profiling         ]   | info: override toolchain for '/tmp/c1e8dd3a-fec2-11ed-a890-af2cc187fc11/rust-lang-rustc-perf' set to 'beta-x86_64-unknown-linux-gnu'\n[CI/Test profiling         ]   | \n[CI/Test profiling         ]   |   beta-x86_64-unknown-linux-gnu unchanged - rustc 1.71.0-beta.1 (eff24c06d 2023-05-29)\n[CI/Test profiling         ]   | \n[CI/Test profiling         ]   \u2753  ::group::Gathering installed versions\n[CI/Test profiling         ]   | [command]/home/runneradmin/.cargo/bin/rustc -V\n[CI/Test profiling         ]   | rustc 1.71.0-beta.1 (eff24c06d 2023-05-29)\n[CI/Test profiling         ]   \u2699  ::set-output:: rustc=1.71.0-beta.1 (eff24c06d 2023-05-29)\n[CI/Test profiling         ]   \u2699  ::set-output:: rustc_hash=eff24c06d\n[CI/Test profiling         ]   | [command]/home/runneradmin/.cargo/bin/cargo -V\n[CI/Test profiling         ]   | cargo 1.71.0-beta.1 (64fb38c97 2023-05-23)\n[CI/Test profiling         ]   \u2699  ::set-output:: cargo=1.71.0-beta.1 (64fb38c97 2023-05-23)\n[CI/Test profiling         ]   | [command]/home/runneradmin/.cargo/bin/rustup -V\n[CI/Test profiling         ]   | rustup 1.26.0 (5af9b9484 2023-04-05)\n[CI/Test profiling         ]   | info: This is the version for the rustup toolchain manager, not the rustc compiler.\n[CI/Test profiling         ]   | info: The currently active `rustc` version is `rustc 1.71.0-beta.1 (eff24c06d 2023-05-29)`\n[CI/Test profiling         ]   \u2699  ::set-output:: rustup=1.26.0 (5af9b9484 2023-04-05)\n[CI/Test profiling         ]   \u2753  ::endgroup::\n[CI/Test profiling         ]   \u2705  Success - Main Install latest beta\n[CI/Database Check         ]   | info: installing component 'rustfmt'\n[CI/Test profiling         ]   \u2699  ::add-path:: /home/runneradmin/.cargo/bin\n[CI/Database Check         ]   | \n[CI/Test profiling         ] \u2b50 Run Main Install Valgrind\n[CI/Database Check         ]   |   stable-x86_64-unknown-linux-gnu installed - rustc 1.69.0 (84c898d65 2023-04-16)\n[CI/Database Check         ]   | \n[CI/Database Check         ]   | info: default toolchain set to 'stable-x86_64-unknown-linux-gnu'\n[CI/Database Check         ]   | info: checking for self-update\n[CI/Database Check         ]   \u2753  ::group::Gathering installed versions\n[CI/Database Check         ]   | [command]/home/runneradmin/.cargo/bin/rustc -V\n[CI/Database Check         ]   | rustc 1.69.0 (84c898d65 2023-04-16)\n[CI/Database Check         ]   \u2699  ::set-output:: rustc=1.69.0 (84c898d65 2023-04-16)\n[CI/Database Check         ]   \u2699  ::set-output:: rustc_hash=84c898d65\n[CI/Database Check         ]   | [command]/home/runneradmin/.cargo/bin/cargo -V\n[CI/Database Check         ]   | cargo 1.69.0 (6e9a83356 2023-04-12)\n[CI/Database Check         ]   \u2699  ::set-output:: cargo=1.69.0 (6e9a83356 2023-04-12)\n[CI/Database Check         ]   | [command]/home/runneradmin/.cargo/bin/rustup -V\n[CI/Database Check         ]   | rustup 1.26.0 (5af9b9484 2023-04-05)\n[CI/Database Check         ]   | info: This is the version for the rustup toolchain manager, not the rustc compiler.\n[CI/Database Check         ]   | info: The currently active `rustc` version is `rustc 1.69.0 (84c898d65 2023-04-16)`\n[CI/Database Check         ]   \u2699  ::set-output:: rustup=1.26.0 (5af9b9484 2023-04-05)\n[CI/Database Check         ]   \u2753  ::endgroup::\n[CI/Database Check         ]   \u2705  Success - Main Install stable\n[CI/Test runtime benchmarks]   | info: installing component 'rustfmt'\n[CI/Test profiling         ]   \ud83d\udc33  docker exec cmd=[bash --noprofile --norc -e -o pipefail /var/run/act/workflow/2] user= workdir=\n[CI/Database Check         ]   \u2699  ::add-path:: /home/runneradmin/.cargo/bin\n[CI/Database Check         ] \u2b50 Run Main Build site\n[CI/Test runtime benchmarks]   | \n[CI/Test runtime benchmarks]   |   beta-x86_64-unknown-linux-gnu installed - rustc 1.71.0-beta.1 (eff24c06d 2023-05-29)\n[CI/Test runtime benchmarks]   | \n[CI/Test runtime benchmarks]   | info: default toolchain set to 'beta-x86_64-unknown-linux-gnu'\n[CI/Test runtime benchmarks]   | info: checking for self-update\n[CI/Test runtime benchmarks]   | [command]/home/runneradmin/.cargo/bin/rustup override set beta\n[CI/Test runtime benchmarks]   | info: using existing install for 'beta-x86_64-unknown-linux-gnu'\n[CI/Test runtime benchmarks]   | info: override toolchain for '/tmp/c1e8dd3a-fec2-11ed-a890-af2cc187fc11/rust-lang-rustc-perf' set to 'beta-x86_64-unknown-linux-gnu'\n[CI/Test runtime benchmarks]   | \n[CI/Test runtime benchmarks]   |   beta-x86_64-unknown-linux-gnu unchanged - rustc 1.71.0-beta.1 (eff24c06d 2023-05-29)\n[CI/Test runtime benchmarks]   | \n[CI/Test runtime benchmarks]   \u2753  ::group::Gathering installed versions\n[CI/Test runtime benchmarks]   | [command]/home/runneradmin/.cargo/bin/rustc -V\n[CI/Test runtime benchmarks]   | rustc 1.71.0-beta.1 (eff24c06d 2023-05-29)\n[CI/Test runtime benchmarks]   \u2699  ::set-output:: rustc=1.71.0-beta.1 (eff24c06d 2023-05-29)\n[CI/Test runtime benchmarks]   \u2699  ::set-output:: rustc_hash=eff24c06d\n[CI/Test runtime benchmarks]   | [command]/home/runneradmin/.cargo/bin/cargo -V\n[CI/Test runtime benchmarks]   | cargo 1.71.0-beta.1 (64fb38c97 2023-05-23)\n[CI/Test runtime benchmarks]   \u2699  ::set-output:: cargo=1.71.0-beta.1 (64fb38c97 2023-05-23)\n[CI/Test runtime benchmarks]   | [command]/home/runneradmin/.cargo/bin/rustup -V\n[CI/Test runtime benchmarks]   | rustup 1.26.0 (5af9b9484 2023-04-05)\n[CI/Test runtime benchmarks]   | info: This is the version for the rustup toolchain manager, not the rustc compiler.\n[CI/Database Check         ]   \ud83d\udc33  docker exec cmd=[bash --noprofile --norc -e -o pipefail /var/run/act/workflow/2] user= workdir=\n[CI/Test runtime benchmarks]   | info: The currently active `rustc` version is `rustc 1.71.0-beta.1 (eff24c06d 2023-05-29)`\n[CI/Test runtime benchmarks]   \u2699  ::set-output:: rustup=1.26.0 (5af9b9484 2023-04-05)\n[CI/Test runtime benchmarks]   \u2753  ::endgroup::\n[CI/Test runtime benchmarks]   \u2705  Success - Main Install latest beta\n[CI/Test runtime benchmarks]   \u2699  ::add-path:: /home/runneradmin/.cargo/bin\n[CI/Test runtime benchmarks] \u2b50 Run Main Configure environment\n[CI/Test runtime benchmarks]   \ud83d\udc33  docker exec cmd=[bash --noprofile --norc -e -o pipefail /var/run/act/workflow/2] user= workdir=\n[CI/Test on Windows        ]   | info: installing component 'rustfmt'\n[CI/Test on Windows        ]   | \n[CI/Test on Windows        ]   |   beta-x86_64-unknown-linux-gnu installed - rustc 1.71.0-beta.1 (eff24c06d 2023-05-29)\n[CI/Test on Windows        ]   | \n[CI/Test on Windows        ]   | info: default toolchain set to 'beta-x86_64-unknown-linux-gnu'\n[CI/Test on Windows        ]   | info: checking for self-update\n[CI/Test on Windows        ]   | [command]/home/runneradmin/.cargo/bin/rustup override set beta\n[CI/Test on Windows        ]   | info: using existing install for 'beta-x86_64-unknown-linux-gnu'\n[CI/Test on Windows        ]   | info: override toolchain for '/tmp/c1e8dd3a-fec2-11ed-a890-af2cc187fc11/rust-lang-rustc-perf' set to 'beta-x86_64-unknown-linux-gnu'\n[CI/Test on Windows        ]   | \n[CI/Test on Windows        ]   |   beta-x86_64-unknown-linux-gnu unchanged - rustc 1.71.0-beta.1 (eff24c06d 2023-05-29)\n[CI/Test on Windows        ]   | \n[CI/Test on Windows        ]   \u2753  ::group::Gathering installed versions\n[CI/Test on Windows        ]   | [command]/home/runneradmin/.cargo/bin/rustc -V\n[CI/Test on Windows        ]   | rustc 1.71.0-beta.1 (eff24c06d 2023-05-29)\n[CI/Test on Windows        ]   \u2699  ::set-output:: rustc=1.71.0-beta.1 (eff24c06d 2023-05-29)\n[CI/Test on Windows        ]   \u2699  ::set-output:: rustc_hash=eff24c06d\n[CI/Test on Windows        ]   | [command]/home/runneradmin/.cargo/bin/cargo -V\n[CI/Test on Windows        ]   | cargo 1.71.0-beta.1 (64fb38c97 2023-05-23)\n[CI/Test on Windows        ]   \u2699  ::set-output:: cargo=1.71.0-beta.1 (64fb38c97 2023-05-23)\n[CI/Test on Windows        ]   | [command]/home/runneradmin/.cargo/bin/rustup -V\n[CI/Test on Windows        ]   | rustup 1.26.0 (5af9b9484 2023-04-05)\n[CI/Test on Windows        ]   | info: This is the version for the rustup toolchain manager, not the rustc compiler.\n[CI/Test on Windows        ]   | info: The currently active `rustc` version is `rustc 1.71.0-beta.1 (eff24c06d 2023-05-29)`\n[CI/Test on Windows        ]   \u2699  ::set-output:: rustup=1.26.0 (5af9b9484 2023-04-05)\n[CI/Test on Windows        ]   \u2753  ::endgroup::\n[CI/Test on Windows        ]   \u2705  Success - Main Install latest beta\n[CI/Test on Windows        ]   \u2699  ::add-path:: /home/runneradmin/.cargo/bin\n[CI/Test on Windows        ] \u2b50 Run Main Swatinem/rust-cache@v2\n[CI/Test on Windows        ]   \ud83d\udc33  docker cp src=/home/andre-silva/.cache/act/Swatinem-rust-cache@v2/ dst=/var/run/act/actions/Swatinem-rust-cache@v2/\n[CI/Test on Windows        ]   \ud83d\udc33  docker exec cmd=[chown -R 1012:1000 /var/run/act/actions/Swatinem-rust-cache@v2/] user=0 workdir=\n[CI/Test profiling         ]   | Cloning into 'valgrind'...\n[CI/Test on Windows        ]   \ud83d\udc33  docker exec cmd=[node /var/run/act/actions/Swatinem-rust-cache@v2/dist/restore/index.js] user= workdir=\n[CI/Database Check         ]   |     Updating crates.io index\n[CI/Test runtime benchmarks]   | Hit:1 http://ppa.launchpad.net/ubuntu-toolchain-r/test/ubuntu focal InRelease\n[CI/Test runtime benchmarks]   | Get:2 https://cloud.r-project.org/bin/linux/ubuntu focal-cran40/ InRelease [3622 B]\n[CI/Test runtime benchmarks]   | Hit:3 https://adoptopenjdk.jfrog.io/adoptopenjdk/deb focal InRelease\n[CI/Test on Windows        ]   \u2705  Success - Main Swatinem/rust-cache@v2\n[CI/Test runtime benchmarks]   | Get:4 https://cloud.r-project.org/bin/linux/ubuntu focal-cran40/ Packages [77.6 kB]\n[CI/Test on Windows        ]   \u2699  ::set-output:: cache-hit=false\n[CI/Test runtime benchmarks]   | Get:5 http://dl.google.com/linux/chrome/deb stable InRelease [1825 B]\n[CI/Test runtime benchmarks]   | Get:6 https://dl.hhvm.com/ubuntu focal InRelease [3137 B]\n[CI/Test profiling         ]   | fatal: unable to access 'https://sourceware.org/git/valgrind.git/': server certificate verification failed. CAfile: none CRLfile: none\n[CI/Test profiling         ]   \u274c  Failure - Main Install Valgrind\n[CI/Test runtime benchmarks]   | Get:7 http://security.ubuntu.com/ubuntu focal-security InRelease [114 kB]\n[CI/Test runtime benchmarks]   | Get:8 https://packages.microsoft.com/ubuntu/20.04/prod focal InRelease [3611 B]\n[CI/Test runtime benchmarks]   | Err:5 http://dl.google.com/linux/chrome/deb stable InRelease\n[CI/Test runtime benchmarks]   |   The following signatures couldn't be verified because the public key is not available: NO_PUBKEY 4EB27DB2A3B88B8B\n[CI/Test on Windows        ] \u2b50 Run Main cargo check\n[CI/Test runtime benchmarks]   | Hit:9 http://archive.ubuntu.com/ubuntu focal InRelease\n[CI/Test runtime benchmarks]   | Get:10 http://archive.ubuntu.com/ubuntu focal-updates InRelease [114 kB]\n[CI/Test runtime benchmarks]   | Get:11 https://dl.hhvm.com/ubuntu focal/main amd64 Packages [1880 B]\n[CI/Test runtime benchmarks]   | Get:12 http://archive.ubuntu.com/ubuntu focal-backports InRelease [108 kB]\n[CI/Test profiling         ] exitcode '128': failure\n[CI/Test runtime benchmarks]   | Get:13 https://packages.microsoft.com/ubuntu/20.04/prod focal/main amd64 Packages [201 kB]\n[CI/Test runtime benchmarks]   | Get:14 https://packages.microsoft.com/ubuntu/20.04/prod focal/main all Packages [2521 B]\n[CI/Test on Windows        ]   \ud83d\udc33  docker exec cmd=[bash --noprofile --norc -e -o pipefail /var/run/act/workflow/3] user= workdir=\n[CI/Test runtime benchmarks]   | Get:15 http://security.ubuntu.com/ubuntu focal-security/universe i386 Packages [739 kB]\n[CI/Test runtime benchmarks]   | Get:16 http://security.ubuntu.com/ubuntu focal-security/restricted amd64 Packages [2270 kB]\n[CI/Test runtime benchmarks]   | Get:17 http://security.ubuntu.com/ubuntu focal-security/universe amd64 Packages [1052 kB]\n[CI/Test runtime benchmarks]   | Get:18 http://security.ubuntu.com/ubuntu focal-security/multiverse i386 Packages [8141 B]\n[CI/Test runtime benchmarks]   | Get:19 http://security.ubuntu.com/ubuntu focal-security/restricted i386 Packages [36.9 kB]\n[CI/Test runtime benchmarks]   | Get:20 http://security.ubuntu.com/ubuntu focal-security/main amd64 Packages [2726 kB]\n[CI/Test runtime benchmarks]   | Get:21 http://archive.ubuntu.com/ubuntu focal-updates/restricted amd64 Packages [2412 kB]\n[CI/Test runtime benchmarks]   | Get:22 http://security.ubuntu.com/ubuntu focal-security/main i386 Packages [739 kB]\n[CI/Test runtime benchmarks]   | Get:23 http://security.ubuntu.com/ubuntu focal-security/multiverse amd64 Packages [28.5 kB]\n[CI/Test runtime benchmarks]   | Get:24 http://archive.ubuntu.com/ubuntu focal-updates/universe amd64 Packages [1346 kB]\n[CI/Test runtime benchmarks]   | Get:25 http://archive.ubuntu.com/ubuntu focal-updates/multiverse amd64 Packages [31.2 kB]\n[CI/Test runtime benchmarks]   | Get:26 http://archive.ubuntu.com/ubuntu focal-updates/main amd64 Packages [3204 kB]\n[CI/Test runtime benchmarks]   | Get:27 http://archive.ubuntu.com/ubuntu focal-backports/main amd64 Packages [55.2 kB]\n[CI/Test runtime benchmarks]   | Get:28 http://archive.ubuntu.com/ubuntu focal-backports/universe amd64 Packages [28.6 kB]\n[CI/Test runtime benchmarks]   | Fetched 15.3 MB in 13s (1181 kB/s)\n[CI/Test runtime benchmarks]   | Reading package lists...\n[CI/Test runtime benchmarks]   | W: An error occurred during the signature verification. The repository is not updated and the previous index files will be used. GPG error: http://dl.google.com/linux/chrome/deb stable InRelease: The following signatures couldn't be verified because the public key is not available: NO_PUBKEY 4EB27DB2A3B88B8B\n[CI/Test runtime benchmarks]   | W: Failed to fetch http://dl.google.com/linux/chrome/deb/dists/stable/InRelease  The following signatures couldn't be verified because the public key is not available: NO_PUBKEY 4EB27DB2A3B88B8B\n[CI/Test runtime benchmarks]   | W: Some index files failed to download. They have been ignored, or old ones used instead.\n[CI/Test profiling         ] \ud83c\udfc1  Job failed\n[CI/Test runtime benchmarks]   | Reading package lists...\n[CI/Test runtime benchmarks]   | Building dependency tree...\n[CI/Test runtime benchmarks]   | Reading state information...\n[CI/Test runtime benchmarks]   | The following additional packages will be installed:\n[CI/Test runtime benchmarks]   |   libslang2 linux-tools-5.4.0-146 linux-tools-5.4.0-149\n[CI/Test runtime benchmarks]   |   linux-tools-5.4.0-149-generic\n[CI/Test runtime benchmarks]   | The following NEW packages will be installed:\n[CI/Test runtime benchmarks]   |   libslang2 linux-tools-5.4.0-146 linux-tools-5.4.0-146-generic\n[CI/Test runtime benchmarks]   |   linux-tools-5.4.0-149 linux-tools-5.4.0-149-generic linux-tools-common\n[CI/Test runtime benchmarks]   |   linux-tools-generic\n[CI/Test runtime benchmarks]   | 0 upgraded, 7 newly installed, 0 to remove and 388 not upgraded.\n[CI/Test runtime benchmarks]   | Need to get 11.8 MB of archives.\n[CI/Test runtime benchmarks]   | After this operation, 54.9 MB of additional disk space will be used.\n[CI/Test runtime benchmarks]   | Get:1 http://archive.ubuntu.com/ubuntu focal/main amd64 libslang2 amd64 2.3.2-4 [429 kB]\n[CI/Test runtime benchmarks]   | Get:2 http://archive.ubuntu.com/ubuntu focal-updates/main amd64 linux-tools-common all 5.4.0-149.166 [203 kB]\n[CI/Test runtime benchmarks]   | Get:3 http://archive.ubuntu.com/ubuntu focal-updates/main amd64 linux-tools-5.4.0-146 amd64 5.4.0-146.163 [5605 kB]\n[CI/Test runtime benchmarks]   | Get:4 http://archive.ubuntu.com/ubuntu focal-updates/main amd64 linux-tools-5.4.0-146-generic amd64 5.4.0-146.163 [1992 B]\n[CI/Test runtime benchmarks]   | Get:5 http://archive.ubuntu.com/ubuntu focal-updates/main amd64 linux-tools-5.4.0-149 amd64 5.4.0-149.166 [5597 kB]\n[CI/Test runtime benchmarks]   | Get:6 http://archive.ubuntu.com/ubuntu focal-updates/main amd64 linux-tools-5.4.0-149-generic amd64 5.4.0-149.166 [2000 B]\n[CI/Test runtime benchmarks]   | Get:7 http://archive.ubuntu.com/ubuntu focal-updates/main amd64 linux-tools-generic amd64 5.4.0.149.147 [2364 B]\n[CI/Test runtime benchmarks]   | Fetched 11.8 MB in 2s (5279 kB/s)\n[CI/Test runtime benchmarks]   | Selecting previously unselected package libslang2:amd64.\r\n[CI/Test runtime benchmarks]   | (Reading database ... \r(Reading database ... 5%\r(Reading database ... 10%\r(Reading database ... 15%\r(Reading database ... 20%\r(Reading database ... 25%\r(Reading database ... 30%\r(Reading database ... 35%\r(Reading database ... 40%\r(Reading database ... 45%\r(Reading database ... 50%\r(Reading database ... 55%\r(Reading database ... 60%\r(Reading database ... 65%\r(Reading database ... 70%\r(Reading database ... 75%\r(Reading database ... 80%\r(Reading database ... 85%\r(Reading database ... 90%\r(Reading database ... 95%\r(Reading database ... 100%\r(Reading database ... 193678 files and directories currently installed.)\r\n[CI/Test runtime benchmarks]   | Preparing to unpack .../0-libslang2_2.3.2-4_amd64.deb ...\r\n[CI/Test runtime benchmarks]   | Unpacking libslang2:amd64 (2.3.2-4) ...\r\n[CI/Test runtime benchmarks]   | Selecting previously unselected package linux-tools-common.\r\n[CI/Test runtime benchmarks]   | Preparing to unpack .../1-linux-tools-common_5.4.0-149.166_all.deb ...\r\n[CI/Test runtime benchmarks]   | Unpacking linux-tools-common (5.4.0-149.166) ...\r\n[CI/Test runtime benchmarks]   | Selecting previously unselected package linux-tools-5.4.0-146.\r\n[CI/Test runtime benchmarks]   | Preparing to unpack .../2-linux-tools-5.4.0-146_5.4.0-146.163_amd64.deb ...\r\n[CI/Test runtime benchmarks]   | Unpacking linux-tools-5.4.0-146 (5.4.0-146.163) ...\r\n[CI/Test runtime benchmarks]   | Selecting previously unselected package linux-tools-5.4.0-146-generic.\r\n[CI/Test runtime benchmarks]   | Preparing to unpack .../3-linux-tools-5.4.0-146-generic_5.4.0-146.163_amd64.deb ...\r\n[CI/Test runtime benchmarks]   | Unpacking linux-tools-5.4.0-146-generic (5.4.0-146.163) ...\r\n[CI/Test runtime benchmarks]   | Selecting previously unselected package linux-tools-5.4.0-149.\r\n[CI/Test runtime benchmarks]   | Preparing to unpack .../4-linux-tools-5.4.0-149_5.4.0-149.166_amd64.deb ...\r\n[CI/Test runtime benchmarks]   | Unpacking linux-tools-5.4.0-149 (5.4.0-149.166) ...\r\n[CI/Test runtime benchmarks]   | Selecting previously unselected package linux-tools-5.4.0-149-generic.\r\n[CI/Test runtime benchmarks]   | Preparing to unpack .../5-linux-tools-5.4.0-149-generic_5.4.0-149.166_amd64.deb ...\r\n[CI/Test runtime benchmarks]   | Unpacking linux-tools-5.4.0-149-generic (5.4.0-149.166) ...\r\n[CI/Test runtime benchmarks]   | Selecting previously unselected package linux-tools-generic.\r\n[CI/Test runtime benchmarks]   | Preparing to unpack .../6-linux-tools-generic_5.4.0.149.147_amd64.deb ...\r\n[CI/Test runtime benchmarks]   | Unpacking linux-tools-generic (5.4.0.149.147) ...\r\n[CI/Test runtime benchmarks]   | Setting up libslang2:amd64 (2.3.2-4) ...\r\n[CI/Test runtime benchmarks]   | Setting up linux-tools-common (5.4.0-149.166) ...\r\n[CI/Test runtime benchmarks]   | Setting up linux-tools-5.4.0-146 (5.4.0-146.163) ...\r\n[CI/Test runtime benchmarks]   | Setting up linux-tools-5.4.0-149 (5.4.0-149.166) ...\r\n[CI/Test runtime benchmarks]   | Setting up linux-tools-5.4.0-149-generic (5.4.0-149.166) ...\r\n[CI/Test runtime benchmarks]   | Setting up linux-tools-5.4.0-146-generic (5.4.0-146.163) ...\r\n[CI/Test runtime benchmarks]   | Setting up linux-tools-generic (5.4.0.149.147) ...\r\n[CI/Test runtime benchmarks]   | Processing triggers for libc-bin (2.31-0ubuntu9.2) ...\r\n[CI/Test runtime benchmarks]   | -1\n[CI/Test runtime benchmarks]   | tee: /proc/sys/kernel/perf_event_paranoid: Read-only file system\n[CI/Test runtime benchmarks]   \u274c  Failure - Main Configure environment\n[CI/Test runtime benchmarks] exitcode '1': failure\n[CI/Test runtime benchmarks] \ud83c\udfc1  Job failed\n[CI/Test on Windows        ]   |     Updating crates.io index\n[CI/Test on Windows        ]   |     Updating git repository `https://github.com/rust-lang/measureme`\n[CI/Test on Windows        ]   |     Updating git repository `https://github.com/rust-lang/team`\n[CI/Test on Windows        ]   |  Downloading crates ...\n[CI/Test on Windows        ]   |   Downloaded form_urlencoded v1.1.0\n[CI/Test on Windows        ]   |   Downloaded ipnet v2.7.1\n[CI/Test on Windows        ]   |   Downloaded home v0.5.4\n[CI/Test on Windows        ]   |   Downloaded io-lifetimes v1.0.8\n[CI/Test on Windows        ]   |   Downloaded hashlink v0.8.1\n[CI/Test on Windows        ]   |   Downloaded unicode-ident v1.0.8\n[CI/Test on Windows        ]   |   Downloaded xz2 v0.1.7\n[CI/Test on Windows        ]   |   Downloaded crossbeam-deque v0.8.3\n[CI/Test on Windows        ]   |   Downloaded version_check v0.9.4\n[CI/Test on Windows        ]   |   Downloaded perf-event-open-sys v1.0.1\n[CI/Test on Windows        ]   |   Downloaded winnow v0.3.6\n[CI/Test on Windows        ]   |   Downloaded want v0.3.0\n[CI/Test on Windows        ]   |   Downloaded bitflags v1.3.2\n[CI/Test on Windows        ]   |   Downloaded byteorder v1.4.3\n[CI/Test on Windows        ]   |   Downloaded url v2.3.1\n[CI/Test on Windows        ]   |   Downloaded unicode-normalization v0.1.22\n[CI/Test on Windows        ]   |   Downloaded pin-project-lite v0.2.9\n[CI/Test on Windows        ]   |   Downloaded http-body v0.4.5\n[CI/Test on Windows        ]   |   Downloaded hyper v0.14.25\n[CI/Test on Windows        ]   |   Downloaded try-lock v0.2.4\n[CI/Test on Windows        ]   |   Downloaded jemallocator v0.5.0\n[CI/Test on Windows        ]   |   Downloaded num-format v0.4.4\n[CI/Test on Windows        ]   |   Downloaded parse-zoneinfo v0.3.0\n[CI/Test on Windows        ]   |   Downloaded tokio v1.26.0\n[CI/Test on Windows        ]   |   Downloaded unic-ucd-segment v0.9.0\n[CI/Test on Windows        ]   |   Downloaded postgres-types v0.2.4\n[CI/Test on Windows        ]   |   Downloaded toml_edit v0.19.7\n[CI/Test on Windows        ]   |   Downloaded is-terminal v0.4.5\n[CI/Test on Windows        ]   |   Downloaded proc-macro2 v1.0.52\n[CI/Test on Windows        ]   |   Downloaded tokio-native-tls v0.3.1\n[CI/Test on Windows        ]   |   Downloaded rustc-hash v1.1.0\n[CI/Test on Windows        ]   |   Downloaded rust-embed v6.6.0\n[CI/Test on Windows        ]   |   Downloaded rgb v0.8.36\n[CI/Test on Windows        ]   |   Downloaded time v0.1.45\n[CI/Test on Windows        ]   |   Downloaded snap v1.1.0\n[CI/Test on Windows        ]   |   Downloaded walkdir v2.3.3\n[CI/Test on Windows        ]   |   Downloaded ucd-trie v0.1.5\n[CI/Test on Windows        ]   |   Downloaded syn v1.0.109\n[CI/Test on Windows        ]   |   Downloaded str_stack v0.1.0\n[CI/Test on Windows        ]   |   Downloaded thousands v0.2.0\n[CI/Test on Windows        ]   |   Downloaded rand_core v0.6.4\n[CI/Test on Windows        ]   |   Downloaded regex v1.7.1\n[CI/Test on Windows        ]   |   Downloaded reqwest v0.11.14\n[CI/Test on Windows        ]   |   Downloaded protobuf v2.28.0\n[CI/Test on Windows        ]   |   Downloaded syn v2.0.1\n[CI/Test on Windows        ]   |   Downloaded ring v0.16.20\n[CI/Test on Windows        ]   |   Downloaded regex-syntax v0.6.28\n[CI/Test on Windows        ]   |   Downloaded lzma-sys v0.1.20\n[CI/Test on Windows        ]   |   Downloaded linux-raw-sys v0.1.4\n[CI/Test on Windows        ]   |   Downloaded libc v0.2.140\n[CI/Test on Windows        ]   |   Downloaded perf-event-open-sys v3.0.0\n[CI/Test on Windows        ]   |   Downloaded libsqlite3-sys v0.25.2\n[CI/Test on Windows        ]   |   Downloaded rayon-core v1.11.0\n[CI/Test on Windows        ]   |   Downloaded rayon v1.7.0\n[CI/Test on Windows        ]   |   Downloaded quote v1.0.26\n[CI/Test on Windows        ]   |   Downloaded rand_chacha v0.3.1\n[CI/Test on Windows        ]   |   Downloaded rand v0.8.5\n[CI/Test on Windows        ]   |   Downloaded quick-xml v0.26.0\n[CI/Test on Windows        ]   |   Downloaded pkg-config v0.3.26\n[CI/Test on Windows        ]   |   Downloaded rustix v0.36.10\n[CI/Test on Windows        ]   |   Downloaded libm v0.2.6\n[CI/Test on Windows        ]   |   Downloaded itertools v0.10.5\n[CI/Test on Windows        ]   |   Downloaded stringprep v0.1.2\n[CI/Test on Windows        ]   |   Downloaded socket2 v0.4.9\n[CI/Test on Windows        ]   |   Downloaded slab v0.4.8\n[CI/Test on Windows        ]   |   Downloaded sha1 v0.10.5\n[CI/Test on Windows        ]   |   Downloaded openssl-probe v0.1.5\n[CI/Test on Windows        ]   |   Downloaded mio v0.8.6\n[CI/Test on Windows        ]   |   Downloaded subtle v2.4.1\n[CI/Test on Windows        ]   |   Downloaded spin v0.5.2\n[CI/Test on Windows        ]   |   Downloaded smallvec v1.10.0\n[CI/Test on Windows        ]   |   Downloaded siphasher v0.3.10\n[CI/Test on Windows        ]   |   Downloaded sha2 v0.10.6\n[CI/Test on Windows        ]   |   Downloaded serde_urlencoded v0.7.1\n[CI/Test on Windows        ]   |   Downloaded semver v1.0.17\n[CI/Test on Windows        ]   |   Downloaded same-file v1.0.6\n[CI/Test on Windows        ]   |   Downloaded postgres-protocol v0.6.4\n[CI/Test on Windows        ]   |   Downloaded openssl v0.10.46\n[CI/Test on Windows        ]   |   Downloaded tinyvec v1.6.0\n[CI/Test on Windows        ]   |   Downloaded strsim v0.10.0\n[CI/Test on Windows        ]   |   Downloaded serde v1.0.157\n[CI/Test on Windows        ]   |   Downloaded ryu v1.0.13\n[CI/Test on Windows        ]   |   Downloaded md-5 v0.10.5\n[CI/Test on Windows        ]   |   Downloaded anyhow v1.0.70\n[CI/Test on Windows        ]   |   Downloaded slug v0.1.4\n[CI/Test on Windows        ]   |   Downloaded serde_derive v1.0.157\n[CI/Test on Windows        ]   |   Downloaded phf_generator v0.10.0\n[CI/Test on Windows        ]   |   Downloaded parking_lot v0.11.2\n[CI/Test on Windows        ]   |   Downloaded serde_spanned v0.6.1\n[CI/Test on Windows        ]   |   Downloaded serde_json v1.0.94\n[CI/Test on Windows        ]   |   Downloaded scopeguard v1.1.0\n[CI/Test on Windows        ]   |   Downloaded once_cell v1.17.1\n[CI/Test on Windows        ]   |   Downloaded ahash v0.8.3\n[CI/Test on Windows        ]   |   Downloaded rusqlite v0.28.0\n[CI/Test on Windows        ]   |   Downloaded parking_lot v0.12.1\n[CI/Test on Windows        ]   |   Downloaded rust-embed-utils v7.5.0\n[CI/Test on Windows        ]   |   Downloaded rust-embed-impl v6.5.0\n[CI/Test on Windows        ]   |   Downloaded rmp-serde v1.1.1\n[CI/Test on Windows        ]   |   Downloaded rmp v0.8.11\n[CI/Test on Windows        ]   |   Downloaded parking_lot_core v0.9.7\n[CI/Test on Windows        ]   |   Downloaded encoding_rs v0.8.32\n[CI/Test on Windows        ]   |   Downloaded prometheus v0.13.3\n[CI/Test on Windows        ]   |   Downloaded phf_shared v0.11.1\n[CI/Test on Windows        ]   |   Downloaded paste v1.0.12\n[CI/Test on Windows        ]   |   Downloaded parking_lot_core v0.8.6\n[CI/Test on Windows        ]   |   Downloaded native-tls v0.2.11\n[CI/Test on Windows        ]   |   Downloaded miniz_oxide v0.6.2\n[CI/Test on Windows        ]   |   Downloaded humansize v2.1.3\n[CI/Test on Windows        ]   |   Downloaded hmac v0.12.1\n[CI/Test on Windows        ]   |   Downloaded proc-macro-error-attr v1.0.4\n[CI/Test on Windows        ]   |   Downloaded proc-macro-error v1.0.4\n[CI/Test on Windows        ]   |   Downloaded phf_shared v0.10.0\n[CI/Test on Windows        ]   |   Downloaded percent-encoding v2.2.0\n[CI/Test on Windows        ]   |   Downloaded num_cpus v1.15.0\n[CI/Test on Windows        ]   |   Downloaded memoffset v0.8.0\n[CI/Test on Windows        ]   |   Downloaded jobserver v0.1.26\n[CI/Test on Windows        ]   |   Downloaded iana-time-zone v0.1.53\n[CI/Test on Windows        ]   |   Downloaded httpdate v1.0.2\n[CI/Test on Windows        ]   |   Downloaded futures-task v0.3.27\n[CI/Test on Windows        ]   |   Downloaded brotli v3.3.4\n[CI/Test on Windows        ]   |   Downloaded csv v1.2.1\n[CI/Test on Windows        ]   |   Downloaded chrono-tz v0.6.1\n[CI/Test on Windows        ]   |   Downloaded cc v1.0.79\n[CI/Test on Windows        ]   |   Downloaded bytes v1.4.0\n[CI/Test on Windows        ]   |   Downloaded block-buffer v0.10.4\n[CI/Test on Windows        ]   |   Downloaded postgres-native-tls v0.5.0\n[CI/Test on Windows        ]   |   Downloaded hashbrown v0.13.2\n[CI/Test on Windows        ]   |   Downloaded unic-segment v0.9.0\n[CI/Test on Windows        ]   |   Downloaded unic-common v0.9.0\n[CI/Test on Windows        ]   |   Downloaded uncased v0.9.7\n[CI/Test on Windows        ]   |   Downloaded toml v0.7.3\n[CI/Test on Windows        ]   |   Downloaded tokio-postgres v0.7.7\n[CI/Test on Windows        ]   |   Downloaded tokio-macros v1.8.2\n[CI/Test on Windows        ]   |   Downloaded thread_local v1.1.4\n[CI/Test on Windows        ]   |   Downloaded tera v1.18.1\n[CI/Test on Windows        ]   |   Downloaded ppv-lite86 v0.2.17\n[CI/Test on Windows        ]   |   Downloaded phf_codegen v0.10.0\n[CI/Test on Windows        ]   |   Downloaded perf-event-open-sys v4.0.0\n[CI/Test on Windows        ]   |   Downloaded perf-event v0.4.8\n[CI/Test on Windows        ]   |   Downloaded phf v0.10.1\n[CI/Test on Windows        ]   |   Downloaded pest_meta v2.5.6\n[CI/Test on Windows        ]   |   Downloaded pest_generator v2.5.6\n[CI/Test on Windows        ]   |   Downloaded pest_derive v2.5.6\n[CI/Test on Windows        ]   |   Downloaded pest v2.5.6\n[CI/Test on Windows        ]   |   Downloaded openssl-sys v0.9.81\n[CI/Test on Windows        ]   |   Downloaded clap v4.1.10\n[CI/Test on Windows        ]   |   Downloaded os_str_bytes v6.4.1\n[CI/Test on Windows        ]   |   Downloaded openssl-macros v0.1.0\n[CI/Test on Windows        ]   |   Downloaded memmap2 v0.2.3\n[CI/Test on Windows        ]   |   Downloaded globwalk v0.8.1\n[CI/Test on Windows        ]   |   Downloaded futures-util v0.3.27\n[CI/Test on Windows        ]   |   Downloaded mime v0.3.16\n[CI/Test on Windows        ]   |   Downloaded jemalloc-ctl v0.5.0\n[CI/Test on Windows        ]   |   Downloaded futures-io v0.3.27\n[CI/Test on Windows        ]   |   Downloaded fnv v1.0.7\n[CI/Test on Windows        ]   |   Downloaded indexmap v1.9.2\n[CI/Test on Windows        ]   |   Downloaded futures-channel v0.3.27\n[CI/Test on Windows        ]   |   Downloaded foreign-types v0.3.2\n[CI/Test on Windows        ]   |   Downloaded either v1.8.1\n[CI/Test on Windows        ]   |   Downloaded crypto-common v0.1.6\n[CI/Test on Windows        ]   |   Downloaded crossbeam-utils v0.8.15\n[CI/Test on Windows        ]   |   Downloaded tracing v0.1.37\n[CI/Test on Windows        ]   |   Downloaded thiserror v1.0.40\n[CI/Test on Windows        ]   |   Downloaded pin-utils v0.1.0\n[CI/Test on Windows        ]   |   Downloaded phf v0.11.1\n[CI/Test on Windows        ]   |   Downloaded num-traits v0.2.15\n[CI/Test on Windows        ]   |   Downloaded num-integer v0.1.45\n[CI/Test on Windows        ]   |   Downloaded memchr v2.5.0\n[CI/Test on Windows        ]   |   Downloaded log v0.4.17\n[CI/Test on Windows        ]   |   Downloaded lock_api v0.4.9\n[CI/Test on Windows        ]   |   Downloaded lazy_static v1.4.0\n[CI/Test on Windows        ]   |   Downloaded itoa v1.0.6\n[CI/Test on Windows        ]   |   Downloaded idna v0.3.0\n[CI/Test on Windows        ]   |   Downloaded futures-sink v0.3.27\n[CI/Test on Windows        ]   |   Downloaded bstr v1.4.0\n[CI/Test on Windows        ]   |   Downloaded http v0.2.9\n[CI/Test on Windows        ]   |   Downloaded getrandom v0.2.8\n[CI/Test on Windows        ]   |   Downloaded generic-array v0.14.6\n[CI/Test on Windows        ]   |   Downloaded futures-macro v0.3.27\n[CI/Test on Windows        ]   |   Downloaded env_logger v0.10.0\n[CI/Test on Windows        ]   |   Downloaded heck v0.4.1\n[CI/Test on Windows        ]   |   Downloaded hashbrown v0.12.3\n[CI/Test on Windows        ]   |   Downloaded adler v1.0.2\n[CI/Test on Windows        ]   |   Downloaded tower-service v0.3.2\n[CI/Test on Windows        ]   |   Downloaded base64 v0.21.0\n[CI/Test on Windows        ]   |   Downloaded base64 v0.13.1\n[CI/Test on Windows        ]   |   Downloaded untrusted v0.7.1\n[CI/Test on Windows        ]   |   Downloaded typenum v1.16.0\n[CI/Test on Windows        ]   |   Downloaded tinyvec_macros v0.1.1\n[CI/Test on Windows        ]   |   Downloaded thiserror-impl v1.0.40\n[CI/Test on Windows        ]   |   Downloaded hyper-tls v0.5.0\n[CI/Test on Windows        ]   |   Downloaded futures-executor v0.3.27\n[CI/Test on Windows        ]   |   Downloaded flate2 v1.0.25\n[CI/Test on Windows        ]   |   Downloaded filetime v0.2.20\n[CI/Test on Windows        ]   |   Downloaded fastrand v1.9.0\n[CI/Test on Windows        ]   |   Downloaded fallible-streaming-iterator v0.1.9\n[CI/Test on Windows        ]   |   Downloaded fallible-iterator v0.2.0\n[CI/Test on Windows        ]   |   Downloaded digest v0.10.6\n[CI/Test on Windows        ]   |   Downloaded deunicode v0.4.3\n[CI/Test on Windows        ]   |   Downloaded crossbeam-epoch v0.9.14\n[CI/Test on Windows        ]   |   Downloaded crossbeam-channel v0.5.7\n[CI/Test on Windows        ]   |   Downloaded bytemuck v1.13.1\n[CI/Test on Windows        ]   |   Downloaded bumpalo v3.12.0\n[CI/Test on Windows        ]   |   Downloaded alloc-no-stdlib v2.0.4\n[CI/Test on Windows        ]   |   Downloaded jemalloc-sys v0.5.3+5.3.0-patched\n[CI/Test on Windows        ]   |   Downloaded instant v0.1.12\n[CI/Test on Windows        ]   |   Downloaded ignore v0.4.20\n[CI/Test on Windows        ]   |   Downloaded humantime v2.1.0\n[CI/Test on Windows        ]   |   Downloaded httparse v1.8.0\n[CI/Test on Windows        ]   |   Downloaded hex v0.4.3\n[CI/Test on Windows        ]   |   Downloaded globset v0.4.10\n[CI/Test on Windows        ]   |   Downloaded futures-core v0.3.27\n[CI/Test on Windows        ]   |   Downloaded futures v0.3.27\n[CI/Test on Windows        ]   |   Downloaded csv-core v0.1.10\n[CI/Test on Windows        ]   |   Downloaded crc32fast v1.3.2\n[CI/Test on Windows        ]   |   Downloaded cpufeatures v0.2.5\n[CI/Test on Windows        ]   |   Downloaded clap_lex v0.3.3\n[CI/Test on Windows        ]   |   Downloaded clap_derive v4.1.9\n[CI/Test on Windows        ]   |   Downloaded chrono-tz-build v0.0.2\n[CI/Test on Windows        ]   |   Downloaded chrono v0.4.24\n[CI/Test on Windows        ]   |   Downloaded cargo_metadata v0.15.3\n[CI/Test on Windows        ]   |   Downloaded cargo-platform v0.1.2\n[CI/Test on Windows        ]   |   Downloaded camino v1.1.4\n[CI/Test on Windows        ]   |   Downloaded brotli-decompressor v2.3.4\n[CI/Test on Windows        ]   |   Downloaded async-trait v0.1.67\n[CI/Test on Windows        ]   |   Downloaded arrayvec v0.7.2\n[CI/Test on Windows        ]   |   Downloaded arc-swap v1.6.0\n[CI/Test on Windows        ]   |   Downloaded alloc-stdlib v0.2.2\n[CI/Test on Windows        ]   |   Downloaded aho-corasick v0.7.20\n[CI/Test on Windows        ]   |   Downloaded ahash v0.7.6\n[CI/Test on Windows        ]   |   Downloaded xattr v0.2.3\n[CI/Test on Windows        ]   |   Downloaded vcpkg v0.2.15\n[CI/Test on Windows        ]   |   Downloaded uuid v1.3.0\n[CI/Test on Windows        ]   |   Downloaded unicode-bidi v0.3.12\n[CI/Test on Windows        ]   |   Downloaded unic-ucd-version v0.9.0\n[CI/Test on Windows        ]   |   Downloaded unic-char-range v0.9.0\n[CI/Test on Windows        ]   |   Downloaded unic-char-property v0.9.0\n[CI/Test on Windows        ]   |   Downloaded tracing-core v0.1.30\n[CI/Test on Windows        ]   |   Downloaded toml_datetime v0.6.1\n[CI/Test on Windows        ]   |   Downloaded tokio-util v0.7.7\n[CI/Test on Windows        ]   |   Downloaded termcolor v1.2.0\n[CI/Test on Windows        ]   |   Downloaded tempfile v3.4.0\n[CI/Test on Windows        ]   |   Downloaded tar v0.4.38\n[CI/Test on Windows        ]   |   Downloaded headers v0.3.8\n[CI/Test on Windows        ]   |   Downloaded foreign-types-shared v0.1.1\n[CI/Test on Windows        ]   |   Downloaded cfg-if v1.0.0\n[CI/Test on Windows        ]   |   Downloaded inferno v0.11.15\n[CI/Test on Windows        ]   |   Downloaded headers-core v0.2.0\n[CI/Test on Windows        ]   |   Downloaded h2 v0.3.16\n[CI/Test on Windows        ]   |   Downloaded autocfg v1.1.0\n[CI/Test on Windows        ]   |    Compiling libc v0.2.140\n[CI/Test on Windows        ]   |    Compiling version_check v0.9.4\n[CI/Test on Windows        ]   |     Checking cfg-if v1.0.0\n[CI/Test on Windows        ]   |    Compiling proc-macro2 v1.0.52\n[CI/Test on Windows        ]   |    Compiling autocfg v1.1.0\n[CI/Test on Windows        ]   |    Compiling quote v1.0.26\n[CI/Test on Windows        ]   |    Compiling unicode-ident v1.0.8\n[CI/Test on Windows        ]   |    Compiling memchr v2.5.0\n[CI/Test on Windows        ]   |    Compiling serde_derive v1.0.157\n[CI/Test on Windows        ]   |    Compiling log v0.4.17\n[CI/Test on Windows        ]   |    Compiling serde v1.0.157\n[CI/Test on Windows        ]   |     Checking once_cell v1.17.1\n[CI/Test on Windows        ]   |    Compiling syn v1.0.109\n[CI/Test on Windows        ]   |    Compiling cc v1.0.79\n[CI/Test on Windows        ]   |    Compiling typenum v1.16.0\n[CI/Test on Windows        ]   |     Checking itoa v1.0.6\n[CI/Test on Windows        ]   |    Compiling pkg-config v0.3.26\n[CI/Test on Windows        ]   |     Checking bitflags v1.3.2\n[CI/Test on Windows        ]   |     Checking scopeguard v1.1.0\n[CI/Test on Windows        ]   |     Checking bytes v1.4.0\n[CI/Test on Windows        ]   |     Checking fnv v1.0.7\n[CI/Test on Windows        ]   |     Checking pin-project-lite v0.2.9\n[CI/Test on Windows        ]   |     Checking smallvec v1.10.0\n[CI/Test on Windows        ]   |     Checking ryu v1.0.13\n[CI/Test on Windows        ]   |    Compiling futures-core v0.3.27\n[CI/Test on Windows        ]   |    Compiling serde_json v1.0.94\n[CI/Test on Windows        ]   |     Checking subtle v2.4.1\n[CI/Test on Windows        ]   |    Compiling futures-channel v0.3.27\n[CI/Test on Windows        ]   |    Compiling futures-task v0.3.27\n[CI/Test on Windows        ]   |     Checking futures-sink v0.3.27\n[CI/Test on Windows        ]   |    Compiling futures-util v0.3.27\n[CI/Test on Windows        ]   |     Checking tinyvec_macros v0.1.1\n[CI/Test on Windows        ]   |     Checking pin-utils v0.1.0\n[CI/Test on Windows        ]   |    Compiling io-lifetimes v1.0.8\n[CI/Test on Windows        ]   |     Checking cpufeatures v0.2.5\n[CI/Test on Windows        ]   |     Checking regex-syntax v0.6.28\n[CI/Test on Windows        ]   |     Checking futures-io v0.3.27\n[CI/Test on Windows        ]   |     Checking byteorder v1.4.3\n[CI/Test on Windows        ]   |    Compiling rustix v0.36.10\n[CI/Test on Windows        ]   |     Checking siphasher v0.3.10\n[CI/Test on Windows        ]   |     Checking unicode-bidi v0.3.12\n[CI/Test on Windows        ]   |    Compiling parking_lot_core v0.9.7\n[CI/Test on Windows        ]   |     Checking foreign-types-shared v0.1.1\n[CI/Test on Windows        ]   |     Checking linux-raw-sys v0.1.4\n[CI/Test on Windows        ]   |     Checking ppv-lite86 v0.2.17\n[CI/Test on Windows        ]   |     Checking percent-encoding v2.2.0\n[CI/Test on Windows        ]   |    Compiling openssl v0.10.46\n[CI/Test on Windows        ]   |    Compiling native-tls v0.2.11\n[CI/Test on Windows        ]   |    Compiling thiserror v1.0.40\n[CI/Test on Windows        ]   |     Checking iana-time-zone v0.1.53\n[CI/Test on Windows        ]   |     Checking lazy_static v1.4.0\n[CI/Test on Windows        ]   |     Checking base64 v0.13.1\n[CI/Test on Windows        ]   |     Checking openssl-probe v0.1.5\n[CI/Test on Windows        ]   |     Checking fallible-iterator v0.2.0\n[CI/Test on Windows        ]   |    Compiling httparse v1.8.0\n[CI/Test on Windows        ]   |    Compiling async-trait v0.1.67\n[CI/Test on Windows        ]   |    Compiling vcpkg v0.2.15\n[CI/Test on Windows        ]   |     Checking try-lock v0.2.4\n[CI/Test on Windows        ]   |     Checking httpdate v1.0.2\n[CI/Test on Windows        ]   |    Compiling heck v0.4.1\n[CI/Test on Windows        ]   |     Checking os_str_bytes v6.4.1\n[CI/Test on Windows        ]   |     Checking termcolor v1.2.0\n[CI/Test on Windows        ]   |     Checking tower-service v0.3.2\n[CI/Test on Windows        ]   |    Compiling anyhow v1.0.70\n[CI/Test on Windows        ]   |    Compiling snap v1.1.0\n[CI/Test on Windows        ]   |     Checking mime v0.3.16\n[CI/Test on Windows        ]   |     Checking strsim v0.10.0\n[CI/Test on Windows        ]   |    Compiling crossbeam-utils v0.8.15\n[CI/Test on Windows        ]   |     Checking humantime v2.1.0\n[CI/Test on Windows        ]   |     Checking base64 v0.21.0\n[CI/Test on Windows        ]   |     Checking fallible-streaming-iterator v0.1.9\n[CI/Test on Windows        ]   |     Checking arc-swap v1.6.0\n[CI/Test on Windows        ]   |     Checking same-file v1.0.6\n[CI/Test on Windows        ]   |     Checking bumpalo v3.12.0\n[CI/Test on Windows        ]   |     Checking ipnet v2.7.1\n[CI/Test on Windows        ]   |    Compiling parking_lot_core v0.8.6\n[CI/Test on Windows        ]   |    Compiling semver v1.0.17\n[CI/Test on Windows        ]   |    Compiling rayon-core v1.11.0\n[CI/Test on Windows        ]   |    Compiling crc32fast v1.3.2\n[CI/Test on Windows        ]   |    Compiling camino v1.1.4\n[CI/Test on Windows        ]   |     Checking adler v1.0.2\n[CI/Test on Windows        ]   |     Checking either v1.8.1\n[CI/Test on Windows        ]   |     Checking rustc-hash v1.1.0\n[CI/Test on Windows        ]   |    Compiling ucd-trie v0.1.5\n[CI/Test on Windows        ]   |     Checking fastrand v1.9.0\n[CI/Test on Windows        ]   |    Compiling paste v1.0.12\n[CI/Test on Windows        ]   |     Checking unic-common v0.9.0\n[CI/Test on Windows        ]   |     Checking thousands v0.2.0\n[CI/Test on Windows        ]   |     Checking unic-char-range v0.9.0\n[CI/Test on Windows        ]   |    Compiling libm v0.2.6\n[CI/Test on Windows        ]   |     Checking alloc-no-stdlib v2.0.4\n[CI/Test on Windows        ]   |    Compiling protobuf v2.28.0\n[CI/Test on Windows        ]   |     Checking bytemuck v1.13.1\n[CI/Test on Windows        ]   |    Compiling prometheus v0.13.3\n[CI/Test on Windows        ]   |     Checking winnow v0.3.6\n[CI/Test on Windows        ]   |     Checking arrayvec v0.7.2\n[CI/Test on Windows        ]   |     Checking deunicode v0.4.3\n[CI/Test on Windows        ]   |     Checking str_stack v0.1.0\n[CI/Test on Windows        ]   |     Checking untrusted v0.7.1\n[CI/Test on Windows        ]   |     Checking spin v0.5.2\n[CI/Test on Windows        ]   |     Checking hex v0.4.3\n[CI/Test on Windows        ]   |     Checking home v0.5.4\n[CI/Test on Windows        ]   |    Compiling generic-array v0.14.6\n[CI/Test on Windows        ]   |    Compiling ahash v0.7.6\n[CI/Test on Windows        ]   |    Compiling lock_api v0.4.9\n[CI/Test on Windows        ]   |    Compiling slab v0.4.8\n[CI/Test on Windows        ]   |    Compiling num-traits v0.2.15\n[CI/Test on Windows        ]   |    Compiling tokio v1.26.0\n[CI/Test on Windows        ]   |    Compiling indexmap v1.9.2\n[CI/Test on Windows        ]   |     Checking tinyvec v1.6.0\n[CI/Test on Windows        ]   |    Compiling num-integer v0.1.45\n[CI/Test on Windows        ]   |     Checking tracing-core v0.1.30\n[CI/Test on Windows        ]   |    Compiling proc-macro-error-attr v1.0.4\n[CI/Test on Windows        ]   |    Compiling ahash v0.8.3\n[CI/Test on Windows        ]   |    Compiling proc-macro-error v1.0.4\n[CI/Test on Windows        ]   |    Compiling uncased v0.9.7\n[CI/Test on Windows        ]   |     Checking encoding_rs v0.8.32\n[CI/Test on Windows        ]   |    Compiling memoffset v0.8.0\n[CI/Test on Windows        ]   |    Compiling crossbeam-epoch v0.9.14\n[CI/Test on Windows        ]   |     Checking instant v0.1.12\n[CI/Test on Windows        ]   |     Checking thread_local v1.1.4\n[CI/Test on Windows        ]   |     Checking http v0.2.9\n[CI/Test on Windows        ]   |     Checking foreign-types v0.3.2\n[CI/Test on Windows        ]   |     Checking phf_shared v0.11.1\n[CI/Test on Windows        ]   |     Checking form_urlencoded v1.1.0\n[CI/Test on Windows        ]   |     Checking clap_lex v0.3.3\n[CI/Test on Windows        ]   |     Checking walkdir v2.3.3\n[CI/Test on Windows        ]   |     Checking itertools v0.10.5\n[CI/Test on Windows        ]   |     Checking miniz_oxide v0.6.2\n[CI/Test on Windows        ]   |     Checking unic-ucd-version v0.9.0\n[CI/Test on Windows        ]   |     Checking unic-char-property v0.9.0\n[CI/Test on Windows        ]   |     Checking alloc-stdlib v0.2.2\n[CI/Test on Windows        ]   |     Checking slug v0.1.4\n[CI/Test on Windows        ]   |     Checking num-format v0.4.4\n[CI/Test on Windows        ]   |     Checking rgb v0.8.36\n[CI/Test on Windows        ]   |    Compiling openssl-sys v0.9.81\n[CI/Test on Windows        ]   |    Compiling lzma-sys v0.1.20\n[CI/Test on Windows        ]   |    Compiling jemalloc-sys v0.5.3+5.3.0-patched\n[CI/Test on Windows        ]   |    Compiling ring v0.16.20\n[CI/Test on Windows        ]   |     Checking tracing v0.1.37\n[CI/Test on Windows        ]   |    Compiling libsqlite3-sys v0.25.2\n[CI/Test on Windows        ]   |     Checking phf v0.11.1\n[CI/Test on Windows        ]   |     Checking unic-ucd-segment v0.9.0\n[CI/Test on Windows        ]   |     Checking brotli-decompressor v2.3.4\n[CI/Test on Windows        ]   |     Checking want v0.3.0\n[CI/Test on Windows        ]   |     Checking http-body v0.4.5\n[CI/Test on Windows        ]   |     Checking headers-core v0.2.0\n[CI/Test on Windows        ]   |     Checking unicode-normalization v0.1.22\n[CI/Test on Windows        ]   |     Checking flate2 v1.0.25\n[CI/Test on Windows        ]   |    Compiling phf_shared v0.10.0\n[CI/Test on Windows        ]   |    Compiling phf v0.10.1\n[CI/Test on Windows        ]   |     Checking crossbeam-channel v0.5.7\n[CI/Test on Windows        ]   |    Compiling syn v2.0.1\n[CI/Test on Windows        ]   |    Compiling aho-corasick v0.7.20\n[CI/Test on Windows        ]   |    Compiling bstr v1.4.0\n[CI/Test on Windows        ]   |     Checking unic-segment v0.9.0\n[CI/Test on Windows        ]   |     Checking crossbeam-deque v0.8.3\n[CI/Test on Windows        ]   |     Checking csv-core v0.1.10\n[CI/Test on Windows        ]   |     Checking quick-xml v0.26.0\n[CI/Test on Windows        ]   |     Checking humansize v2.1.3\n[CI/Test on Windows        ]   |     Checking stringprep v0.1.2\n[CI/Test on Windows        ]   |     Checking idna v0.3.0\n[CI/Test on Windows        ]   |     Checking rmp v0.8.11\n[CI/Test on Windows        ]   |     Checking regex v1.7.1\n[CI/Test on Windows        ]   |    Compiling getrandom v0.2.8\n[CI/Test on Windows        ]   |     Checking num_cpus v1.15.0\n[CI/Test on Windows        ]   |     Checking mio v0.8.6\n[CI/Test on Windows        ]   |     Checking socket2 v0.4.9\n[CI/Test on Windows        ]   |     Checking time v0.1.45\n[CI/Test on Windows        ]   |     Checking perf-event-open-sys v4.0.0\n[CI/Test on Windows        ]   |     Checking filetime v0.2.20\n[CI/Test on Windows        ]   |     Checking xattr v0.2.3\n[CI/Test on Windows        ]   |     Checking memmap2 v0.2.3\n[CI/Test on Windows        ]   |     Checking jobserver v0.1.26\n[CI/Test on Windows        ]   |     Checking perf-event-open-sys v3.0.0\n[CI/Test on Windows        ]   |     Checking perf-event-open-sys v1.0.1\n[CI/Test on Windows        ]   |     Checking brotli v3.3.4\n[CI/Test on Windows        ]   |    Compiling rand_core v0.6.4\n[CI/Test on Windows        ]   |     Checking xz2 v0.1.7\n[CI/Test on Windows        ]   |     Checking uuid v1.3.0\n[CI/Test on Windows        ]   |     Checking tar v0.4.38\n[CI/Test on Windows        ]   |     Checking parking_lot v0.12.1\n[CI/Test on Windows        ]   |     Checking url v2.3.1\n[CI/Test on Windows        ]   |     Checking parking_lot v0.11.2\n[CI/Test on Windows        ]   |    Compiling rand_chacha v0.3.1\n[CI/Test on Windows        ]   |     Checking block-buffer v0.10.4\n[CI/Test on Windows        ]   |     Checking crypto-common v0.1.6\n[CI/Test on Windows        ]   |     Checking hashbrown v0.12.3\n[CI/Test on Windows        ]   |     Checking perf-event v0.4.8\n[CI/Test on Windows        ]   |     Checking digest v0.10.6\n[CI/Test on Windows        ]   |     Checking measureme v9.2.0 (https://github.com/rust-lang/measureme?tag=9.2.0#9f51cde2)\n[CI/Test on Windows        ]   |     Checking measureme v10.1.1 (https://github.com/rust-lang/measureme?branch=master#8f1b8321)\n[CI/Test on Windows        ]   |    Compiling rand v0.8.5\n[CI/Test on Windows        ]   |     Checking globset v0.4.10\n[CI/Test on Windows        ]   |     Checking sha2 v0.10.6\n[CI/Test on Windows        ]   |     Checking md-5 v0.10.5\n[CI/Test on Windows        ]   |     Checking hmac v0.12.1\n[CI/Test on Windows        ]   |     Checking sha1 v0.10.5\n[CI/Test on Windows        ]   |     Checking rayon v1.7.0\n[CI/Test on Windows        ]   |     Checking headers v0.3.8\n[CI/Test on Windows        ]   |     Checking ignore v0.4.20\n[CI/Test on Windows        ]   |     Checking rust-embed-utils v7.5.0\n[CI/Test on Windows        ]   |     Checking hashlink v0.8.1\n[CI/Test on Windows        ]   |    Compiling parse-zoneinfo v0.3.0\n[CI/Test on Windows        ]   |     Checking globwalk v0.8.1\n[CI/Test on Windows        ]   |     Checking postgres-protocol v0.6.4\n[CI/Test on Windows        ]   |    Compiling phf_generator v0.10.0\n[CI/Test on Windows        ]   |    Compiling phf_codegen v0.10.0\n[CI/Test on Windows        ]   |    Compiling chrono-tz-build v0.0.2\n[CI/Test on Windows        ]   |     Checking is-terminal v0.4.5\n[CI/Test on Windows        ]   |     Checking tempfile v3.4.0\n[CI/Test on Windows        ]   |     Checking env_logger v0.10.0\n[CI/Test on Windows        ]   |     Checking inferno v0.11.15\n[CI/Test on Windows        ]   |    Compiling chrono-tz v0.6.1\n[CI/Test on Windows        ]   |    Compiling thiserror-impl v1.0.40\n[CI/Test on Windows        ]   |    Compiling futures-macro v0.3.27\n[CI/Test on Windows        ]   |    Compiling tokio-macros v1.8.2\n[CI/Test on Windows        ]   |    Compiling openssl-macros v0.1.0\n[CI/Test on Windows        ]   |    Compiling clap_derive v4.1.9\n[CI/Test on Windows        ]   |    Compiling rust-embed-impl v6.5.0\n[CI/Test on Windows        ]   |     Checking pest v2.5.6\n[CI/Test on Windows        ]   |     Checking rust-embed v6.6.0\n[CI/Test on Windows        ]   |    Compiling pest_meta v2.5.6\n[CI/Test on Windows        ]   |     Checking clap v4.1.10\n[CI/Test on Windows        ]   |    Compiling pest_generator v2.5.6\n[CI/Test on Windows        ]   |     Checking futures-executor v0.3.27\n[CI/Test on Windows        ]   |     Checking tokio-util v0.7.7\n[CI/Test on Windows        ]   |     Checking tokio-native-tls v0.3.1\n[CI/Test on Windows        ]   |     Checking futures v0.3.27\n[CI/Test on Windows        ]   |    Compiling pest_derive v2.5.6\n[CI/Test on Windows        ]   |     Checking chrono v0.4.24\n[CI/Test on Windows        ]   |     Checking serde_urlencoded v0.7.1\n[CI/Test on Windows        ]   |     Checking hashbrown v0.13.2\n[CI/Test on Windows        ]   |     Checking csv v1.2.1\n[CI/Test on Windows        ]   |     Checking cargo-platform v0.1.2\n[CI/Test on Windows        ]   |     Checking toml_datetime v0.6.1\n[CI/Test on Windows        ]   |     Checking serde_spanned v0.6.1\n[CI/Test on Windows        ]   |     Checking rmp-serde v1.1.1\n[CI/Test on Windows        ]   |     Checking rusqlite v0.28.0\n[CI/Test on Windows        ]   |     Checking h2 v0.3.16\n[CI/Test on Windows        ]   |     Checking toml_edit v0.19.7\n[CI/Test on Windows        ]   |     Checking rust_team_data v1.0.0 (https://github.com/rust-lang/team#80ae2e8c)\n[CI/Test on Windows        ]   |     Checking intern v0.1.0 (/tmp/c1e8dd3a-fec2-11ed-a890-af2cc187fc11/rust-lang-rustc-perf/intern)\n[CI/Test on Windows        ]   |     Checking benchlib v0.1.0 (/tmp/c1e8dd3a-fec2-11ed-a890-af2cc187fc11/rust-lang-rustc-perf/collector/benchlib)\n[CI/Test on Windows        ]   |     Checking cargo_metadata v0.15.3\n[CI/Test on Windows        ]   |     Checking analyzeme v9.2.0 (https://github.com/rust-lang/measureme?tag=9.2.0#9f51cde2)\n[CI/Test on Windows        ]   |     Checking decodeme v10.1.1 (https://github.com/rust-lang/measureme?branch=master#8f1b8321)\n[CI/Test on Windows        ]   |     Checking postgres-types v0.2.4\n[CI/Test on Windows        ]   |     Checking analyzeme v10.1.1 (https://github.com/rust-lang/measureme?branch=master#8f1b8321)\n[CI/Test on Windows        ]   |     Checking tokio-postgres v0.7.7\n[CI/Test on Windows        ]   |     Checking toml v0.7.3\n[CI/Test on Windows        ]   |     Checking hyper v0.14.25\n[CI/Test on Windows        ]   |     Checking postgres-native-tls v0.5.0\n[CI/Test on Windows        ]   |     Checking tera v1.18.1\n[CI/Test on Windows        ]   |     Checking hyper-tls v0.5.0\n[CI/Test on Windows        ]   |     Checking reqwest v0.11.14\n[CI/Test on Windows        ]   |     Checking database v0.1.0 (/tmp/c1e8dd3a-fec2-11ed-a890-af2cc187fc11/rust-lang-rustc-perf/database)\n[CI/Test on Windows        ]   |     Checking collector v0.1.0 (/tmp/c1e8dd3a-fec2-11ed-a890-af2cc187fc11/rust-lang-rustc-perf/collector)\n[CI/Test on Windows        ]   |     Checking jemalloc-ctl v0.5.0\n[CI/Test on Windows        ]   |     Checking jemallocator v0.5.0\n[CI/Test on Windows        ]   |     Checking site v0.1.0 (/tmp/c1e8dd3a-fec2-11ed-a890-af2cc187fc11/rust-lang-rustc-perf/site)\n[CI/Test on Windows        ]   |     Finished dev [unoptimized + debuginfo] target(s) in 1m 18s\n[CI/Test on Windows        ]   \u2705  Success - Main cargo check\n[CI/Test on Windows        ] \u2b50 Run Main Run unit tests\n[CI/Test on Windows        ]   \ud83d\udc33  docker exec cmd=[bash --noprofile --norc -e -o pipefail /var/run/act/workflow/4] user= workdir=\n[CI/Database Check         ]   |     Updating git repository `https://github.com/rust-lang/measureme`\n[CI/Database Check         ]   |     Updating git repository `https://github.com/rust-lang/team`\n[CI/Database Check         ]   |     Updating git repository `https://github.com/rust-lang/measureme`\n[CI/Database Check         ]   |  Downloading crates ...\n[CI/Database Check         ]   |   Downloaded adler v1.0.2\n[CI/Database Check         ]   |   Downloaded globwalk v0.8.1\n[CI/Database Check         ]   |   Downloaded home v0.5.4\n[CI/Database Check         ]   |   Downloaded ipnet v2.7.1\n[CI/Database Check         ]   |   Downloaded brotli-decompressor v2.3.4\n[CI/Database Check         ]   |   Downloaded base64 v0.21.0\n[CI/Database Check         ]   |   Downloaded arrayvec v0.7.2\n[CI/Database Check         ]   |   Downloaded protobuf v2.28.0\n[CI/Database Check         ]   |   Downloaded postgres-native-tls v0.5.0\n[CI/Database Check         ]   |   Downloaded num-format v0.4.4\n[CI/Database Check         ]   |   Downloaded pest_generator v2.5.6\n[CI/Database Check         ]   |   Downloaded lazy_static v1.4.0\n[CI/Database Check         ]   |   Downloaded hyper-tls v0.5.0\n[CI/Database Check         ]   |   Downloaded block-buffer v0.10.4\n[CI/Database Check         ]   |   Downloaded arc-swap v1.6.0\n[CI/Database Check         ]   |   Downloaded anyhow v1.0.70\n[CI/Database Check         ]   |   Downloaded byteorder v1.4.3\n[CI/Database Check         ]   |   Downloaded lock_api v0.4.9\n[CI/Database Check         ]   |   Downloaded bitflags v1.3.2\n[CI/Database Check         ]   |   Downloaded uuid v1.3.0\n[CI/Database Check         ]   |   Downloaded untrusted v0.7.1\n[CI/Database Check         ]   |   Downloaded xattr v0.2.3\n[CI/Database Check         ]   |   Downloaded xz2 v0.1.7\n[CI/Database Check         ]   |   Downloaded winnow v0.3.6\n[CI/Database Check         ]   |   Downloaded crossbeam-deque v0.8.3\n[CI/Database Check         ]   |   Downloaded httpdate v1.0.2\n[CI/Database Check         ]   |   Downloaded alloc-stdlib v0.2.2\n[CI/Database Check         ]   |   Downloaded either v1.8.1\n[CI/Database Check         ]   |   Downloaded paste v1.0.12\n[CI/Database Check         ]   |   Downloaded crossbeam-utils v0.8.15\n[CI/Database Check         ]   |   Downloaded foreign-types-shared v0.1.1\n[CI/Database Check         ]   |   Downloaded crossbeam-epoch v0.9.14\n[CI/Database Check         ]   |   Downloaded num-traits v0.2.15\n[CI/Database Check         ]   |   Downloaded rmp-serde v1.1.1\n[CI/Database Check         ]   |   Downloaded postgres-types v0.2.4\n[CI/Database Check         ]   |   Downloaded rmp v0.8.11\n[CI/Database Check         ]   |   Downloaded slug v0.1.4\n[CI/Database Check         ]   |   Downloaded phf v0.10.1\n[CI/Database Check         ]   |   Downloaded pin-project-lite v0.2.9\n[CI/Database Check         ]   |   Downloaded parking_lot v0.12.1\n[CI/Database Check         ]   |   Downloaded openssl v0.10.46\n[CI/Database Check         ]   |   Downloaded chrono v0.4.24\n[CI/Database Check         ]   |   Downloaded str_stack v0.1.0\n[CI/Database Check         ]   |   Downloaded same-file v1.0.6\n[CI/Database Check         ]   |   Downloaded snap v1.1.0\n[CI/Database Check         ]   |   Downloaded chrono-tz v0.6.1\n[CI/Database Check         ]   |   Downloaded serde_spanned v0.6.1\n[CI/Database Check         ]   |   Downloaded serde_urlencoded v0.7.1\n[CI/Database Check         ]   |   Downloaded brotli v3.3.4\n[CI/Database Check         ]   |   Downloaded serde v1.0.157\n[CI/Database Check         ]   |   Downloaded sha2 v0.10.6\n[CI/Database Check         ]   |   Downloaded spin v0.5.2\n[CI/Database Check         ]   |   Downloaded socket2 v0.4.9\n[CI/Database Check         ]   |   Downloaded stringprep v0.1.2\n[CI/Database Check         ]   |   Downloaded siphasher v0.3.10\n[CI/Database Check         ]   |   Downloaded thiserror v1.0.40\n[CI/Database Check         ]   |   Downloaded regex v1.7.1\n[CI/Database Check         ]   |   Downloaded phf_generator v0.10.0\n[CI/Database Check         ]   |   Downloaded time v0.1.45\n[CI/Database Check         ]   |   Downloaded unic-common v0.9.0\n[CI/Database Check         ]   |   Downloaded tinyvec_macros v0.1.1\n[CI/Database Check         ]   |   Downloaded thiserror-impl v1.0.40\n[CI/Database Check         ]   |   Downloaded termcolor v1.2.0\n[CI/Database Check         ]   |   Downloaded unic-ucd-version v0.9.0\n[CI/Database Check         ]   |   Downloaded unicode-ident v1.0.8\n[CI/Database Check         ]   |   Downloaded tinyvec v1.6.0\n[CI/Database Check         ]   |   Downloaded syn v1.0.109\n[CI/Database Check         ]   |   Downloaded thousands v0.2.0\n[CI/Database Check         ]   |   Downloaded tera v1.18.1\n[CI/Database Check         ]   |   Downloaded tempfile v3.4.0\n[CI/Database Check         ]   |   Downloaded encoding_rs v0.8.32\n[CI/Database Check         ]   |   Downloaded linux-raw-sys v0.1.4\n[CI/Database Check         ]   |   Downloaded rgb v0.8.36\n[CI/Database Check         ]   |   Downloaded libc v0.2.140\n[CI/Database Check         ]   |   Downloaded unic-char-range v0.9.0\n[CI/Database Check         ]   |   Downloaded subtle v2.4.1\n[CI/Database Check         ]   |   Downloaded thread_local v1.1.4\n[CI/Database Check         ]   |   Downloaded memoffset v0.8.0\n[CI/Database Check         ]   |   Downloaded quick-xml v0.26.0\n[CI/Database Check         ]   |   Downloaded phf_shared v0.10.0\n[CI/Database Check         ]   |   Downloaded mime v0.3.16\n[CI/Database Check         ]   |   Downloaded serde_json v1.0.94\n[CI/Database Check         ]   |   Downloaded rustc-hash v1.1.0\n[CI/Database Check         ]   |   Downloaded smallvec v1.10.0\n[CI/Database Check         ]   |   Downloaded slab v0.4.8\n[CI/Database Check         ]   |   Downloaded ryu v1.0.13\n[CI/Database Check         ]   |   Downloaded sha1 v0.10.5\n[CI/Database Check         ]   |   Downloaded semver v1.0.17\n[CI/Database Check         ]   |   Downloaded rustix v0.36.10\n[CI/Database Check         ]   |   Downloaded toml_datetime v0.6.1\n[CI/Database Check         ]   |   Downloaded toml v0.7.3\n[CI/Database Check         ]   |   Downloaded ucd-trie v0.1.5\n[CI/Database Check         ]   |   Downloaded toml_edit v0.19.7\n[CI/Database Check         ]   |   Downloaded tar v0.4.38\n[CI/Database Check         ]   |   Downloaded tracing-core v0.1.30\n[CI/Database Check         ]   |   Downloaded tokio-util v0.7.7\n[CI/Database Check         ]   |   Downloaded strsim v0.10.0\n[CI/Database Check         ]   |   Downloaded unic-segment v0.9.0\n[CI/Database Check         ]   |   Downloaded unic-char-property v0.9.0\n[CI/Database Check         ]   |   Downloaded try-lock v0.2.4\n[CI/Database Check         ]   |   Downloaded tower-service v0.3.2\n[CI/Database Check         ]   |   Downloaded walkdir v2.3.3\n[CI/Database Check         ]   |   Downloaded typenum v1.16.0\n[CI/Database Check         ]   |   Downloaded vcpkg v0.2.15\n[CI/Database Check         ]   |   Downloaded tokio-native-tls v0.3.1\n[CI/Database Check         ]   |   Downloaded syn v2.0.1\n[CI/Database Check         ]   |   Downloaded libsqlite3-sys v0.25.2\n[CI/Database Check         ]   |   Downloaded hashbrown v0.13.2\n[CI/Database Check         ]   |   Downloaded fnv v1.0.7\n[CI/Database Check         ]   |   Downloaded env_logger v0.10.0\n[CI/Database Check         ]   |   Downloaded http-body v0.4.5\n[CI/Database Check         ]   |   Downloaded http v0.2.9\n[CI/Database Check         ]   |   Downloaded httparse v1.8.0\n[CI/Database Check         ]   |   Downloaded instant v0.1.12\n[CI/Database Check         ]   |   Downloaded humantime v2.1.0\n[CI/Database Check         ]   |   Downloaded itoa v1.0.6\n[CI/Database Check         ]   |   Downloaded is-terminal v0.4.5\n[CI/Database Check         ]   |   Downloaded idna v0.3.0\n[CI/Database Check         ]   |   Downloaded miniz_oxide v0.6.2\n[CI/Database Check         ]   |   Downloaded md-5 v0.10.5\n[CI/Database Check         ]   |   Downloaded log v0.4.17\n[CI/Database Check         ]   |   Downloaded itertools v0.10.5\n[CI/Database Check         ]   |   Downloaded libm v0.2.6\n[CI/Database Check         ]   |   Downloaded phf_shared v0.11.1\n[CI/Database Check         ]   |   Downloaded phf_codegen v0.10.0\n[CI/Database Check         ]   |   Downloaded phf v0.11.1\n[CI/Database Check         ]   |   Downloaded num_cpus v1.15.0\n[CI/Database Check         ]   |   Downloaded pkg-config v0.3.26\n[CI/Database Check         ]   |   Downloaded pin-utils v0.1.0\n[CI/Database Check         ]   |   Downloaded openssl-probe v0.1.5\n[CI/Database Check         ]   |   Downloaded parking_lot_core v0.9.7\n[CI/Database Check         ]   |   Downloaded ppv-lite86 v0.2.17\n[CI/Database Check         ]   |   Downloaded rust-embed-utils v7.5.0\n[CI/Database Check         ]   |   Downloaded rust-embed-impl v6.5.0\n[CI/Database Check         ]   |   Downloaded rand_core v0.6.4\n[CI/Database Check         ]   |   Downloaded proc-macro-error-attr v1.0.4\n[CI/Database Check         ]   |   Downloaded proc-macro-error v1.0.4\n[CI/Database Check         ]   |   Downloaded rayon-core v1.11.0\n[CI/Database Check         ]   |   Downloaded once_cell v1.17.1\n[CI/Database Check         ]   |   Downloaded scopeguard v1.1.0\n[CI/Database Check         ]   |   Downloaded rayon v1.7.0\n[CI/Database Check         ]   |   Downloaded rand_chacha v0.3.1\n[CI/Database Check         ]   |   Downloaded url v2.3.1\n[CI/Database Check         ]   |   Downloaded regex-syntax v0.6.28\n[CI/Database Check         ]   |   Downloaded lzma-sys v0.1.20\n[CI/Database Check         ]   |   Downloaded csv v1.2.1\n[CI/Database Check         ]   |   Downloaded rust-embed v6.6.0\n[CI/Database Check         ]   |   Downloaded jemalloc-sys v0.5.3+5.3.0-patched\n[CI/Database Check         ]   |   Downloaded percent-encoding v2.2.0\n[CI/Database Check         ]   |   Downloaded ring v0.16.20\n[CI/Database Check         ]   |   Downloaded quote v1.0.26\n[CI/Database Check         ]   |   Downloaded parking_lot_core v0.8.6\n[CI/Database Check         ]   |   Downloaded openssl-macros v0.1.0\n[CI/Database Check         ]   |   Downloaded memchr v2.5.0\n[CI/Database Check         ]   |   Downloaded num-integer v0.1.45\n[CI/Database Check         ]   |   Downloaded os_str_bytes v6.4.1\n[CI/Database Check         ]   |   Downloaded headers-core v0.2.0\n[CI/Database Check         ]   |   Downloaded jobserver v0.1.26\n[CI/Database Check         ]   |   Downloaded jemallocator v0.5.0\n[CI/Database Check         ]   |   Downloaded getrandom v0.2.8\n[CI/Database Check         ]   |   Downloaded indexmap v1.9.2\n[CI/Database Check         ]   |   Downloaded hex v0.4.3\n[CI/Database Check         ]   |   Downloaded hashlink v0.8.1\n[CI/Database Check         ]   |   Downloaded globset v0.4.10\n[CI/Database Check         ]   |   Downloaded futures-executor v0.3.27\n[CI/Database Check         ]   |   Downloaded futures v0.3.27\n[CI/Database Check         ]   |   Downloaded tracing v0.1.37\n[CI/Database Check         ]   |   Downloaded uncased v0.9.7\n[CI/Database Check         ]   |   Downloaded tokio-postgres v0.7.7\n[CI/Database Check         ]   |   Downloaded tokio-macros v1.8.2\n[CI/Database Check         ]   |   Downloaded tokio v1.26.0\n[CI/Database Check         ]   |   Downloaded foreign-types v0.3.2\n[CI/Database Check         ]   |   Downloaded bstr v1.4.0\n[CI/Database Check         ]   |   Downloaded parking_lot v0.11.2\n[CI/Database Check         ]   |   Downloaded fastrand v1.9.0\n[CI/Database Check         ]   |   Downloaded serde_derive v1.0.157\n[CI/Database Check         ]   |   Downloaded rusqlite v0.28.0\n[CI/Database Check         ]   |   Downloaded postgres-protocol v0.6.4\n[CI/Database Check         ]   |   Downloaded pest_meta v2.5.6\n[CI/Database Check         ]   |   Downloaded rand v0.8.5\n[CI/Database Check         ]   |   Downloaded mio v0.8.6\n[CI/Database Check         ]   |   Downloaded native-tls v0.2.11\n[CI/Database Check         ]   |   Downloaded cc v1.0.79\n[CI/Database Check         ]   |   Downloaded crossbeam-channel v0.5.7\n[CI/Database Check         ]   |   Downloaded digest v0.10.6\n[CI/Database Check         ]   |   Downloaded ahash v0.7.6\n[CI/Database Check         ]   |   Downloaded heck v0.4.1\n[CI/Database Check         ]   |   Downloaded cfg-if v1.0.0\n[CI/Database Check         ]   |   Downloaded bumpalo v3.12.0\n[CI/Database Check         ]   |   Downloaded crypto-common v0.1.6\n[CI/Database Check         ]   |   Downloaded bytemuck v1.13.1\n[CI/Database Check         ]   |   Downloaded version_check v0.9.4\n[CI/Database Check         ]   |   Downloaded prometheus v0.13.3\n[CI/Database Check         ]   |   Downloaded proc-macro2 v1.0.52\n[CI/Database Check         ]   |   Downloaded pest_derive v2.5.6\n[CI/Database Check         ]   |   Downloaded perf-event-open-sys v4.0.0\n[CI/Database Check         ]   |   Downloaded perf-event-open-sys v1.0.1\n[CI/Database Check         ]   |   Downloaded perf-event v0.4.8\n[CI/Database Check         ]   |   Downloaded want v0.3.0\n[CI/Database Check         ]   |   Downloaded unicode-normalization v0.1.22\n[CI/Database Check         ]   |   Downloaded reqwest v0.11.14\n[CI/Database Check         ]   |   Downloaded openssl-sys v0.9.81\n[CI/Database Check         ]   |   Downloaded futures-util v0.3.27\n[CI/Database Check         ]   |   Downloaded futures-sink v0.3.27\n[CI/Database Check         ]   |   Downloaded futures-core v0.3.27\n[CI/Database Check         ]   |   Downloaded futures-channel v0.3.27\n[CI/Database Check         ]   |   Downloaded csv-core v0.1.10\n[CI/Database Check         ]   |   Downloaded crc32fast v1.3.2\n[CI/Database Check         ]   |   Downloaded cpufeatures v0.2.5\n[CI/Database Check         ]   |   Downloaded unic-ucd-segment v0.9.0\n[CI/Database Check         ]   |   Downloaded bytes v1.4.0\n[CI/Database Check         ]   |   Downloaded unicode-bidi v0.3.12\n[CI/Database Check         ]   |   Downloaded hashbrown v0.12.3\n[CI/Database Check         ]   |   Downloaded base64 v0.13.1\n[CI/Database Check         ]   |   Downloaded alloc-no-stdlib v2.0.4\n[CI/Database Check         ]   |   Downloaded autocfg v1.1.0\n[CI/Database Check         ]   |   Downloaded memmap2 v0.2.3\n[CI/Database Check         ]   |   Downloaded generic-array v0.14.6\n[CI/Database Check         ]   |   Downloaded futures-task v0.3.27\n[CI/Database Check         ]   |   Downloaded futures-macro v0.3.27\n[CI/Database Check         ]   |   Downloaded futures-io v0.3.27\n[CI/Database Check         ]   |   Downloaded form_urlencoded v1.1.0\n[CI/Database Check         ]   |   Downloaded flate2 v1.0.25\n[CI/Database Check         ]   |   Downloaded filetime v0.2.20\n[CI/Database Check         ]   |   Downloaded fallible-streaming-iterator v0.1.9\n[CI/Database Check         ]   |   Downloaded fallible-iterator v0.2.0\n[CI/Database Check         ]   |   Downloaded deunicode v0.4.3\n[CI/Database Check         ]   |   Downloaded clap_lex v0.3.3\n[CI/Database Check         ]   |   Downloaded clap_derive v4.1.9\n[CI/Database Check         ]   |   Downloaded clap v4.1.10\n[CI/Database Check         ]   |   Downloaded chrono-tz-build v0.0.2\n[CI/Database Check         ]   |   Downloaded cargo_metadata v0.15.3\n[CI/Database Check         ]   |   Downloaded cargo-platform v0.1.2\n[CI/Database Check         ]   |   Downloaded camino v1.1.4\n[CI/Database Check         ]   |   Downloaded async-trait v0.1.67\n[CI/Database Check         ]   |   Downloaded aho-corasick v0.7.20\n[CI/Database Check         ]   |   Downloaded pest v2.5.6\n[CI/Database Check         ]   |   Downloaded perf-event-open-sys v3.0.0\n[CI/Database Check         ]   |   Downloaded parse-zoneinfo v0.3.0\n[CI/Database Check         ]   |   Downloaded jemalloc-ctl v0.5.0\n[CI/Database Check         ]   |   Downloaded iana-time-zone v0.1.53\n[CI/Database Check         ]   |   Downloaded humansize v2.1.3\n[CI/Database Check         ]   |   Downloaded headers v0.3.8\n[CI/Database Check         ]   |   Downloaded ahash v0.8.3\n[CI/Database Check         ]   |   Downloaded io-lifetimes v1.0.8\n[CI/Database Check         ]   |   Downloaded inferno v0.11.15\n[CI/Database Check         ]   |   Downloaded ignore v0.4.20\n[CI/Database Check         ]   |   Downloaded hyper v0.14.25\n[CI/Database Check         ]   |   Downloaded hmac v0.12.1\n[CI/Database Check         ]   |   Downloaded h2 v0.3.16\n[CI/Database Check         ]   |    Compiling libc v0.2.140\n[CI/Database Check         ]   |    Compiling cfg-if v1.0.0\n[CI/Database Check         ]   |    Compiling autocfg v1.1.0\n[CI/Database Check         ]   |    Compiling proc-macro2 v1.0.52\n[CI/Database Check         ]   |    Compiling quote v1.0.26\n[CI/Database Check         ]   |    Compiling unicode-ident v1.0.8\n[CI/Database Check         ]   |    Compiling version_check v0.9.4\n[CI/Database Check         ]   |    Compiling memchr v2.5.0\n[CI/Database Check         ]   |    Compiling once_cell v1.17.1\n[CI/Database Check         ]   |    Compiling serde_derive v1.0.157\n[CI/Database Check         ]   |    Compiling serde v1.0.157\n[CI/Database Check         ]   |    Compiling log v0.4.17\n[CI/Database Check         ]   |    Compiling syn v1.0.109\n[CI/Database Check         ]   |    Compiling cc v1.0.79\n[CI/Database Check         ]   |    Compiling itoa v1.0.6\n[CI/Database Check         ]   |    Compiling pkg-config v0.3.26\n[CI/Database Check         ]   |    Compiling typenum v1.16.0\n[CI/Database Check         ]   |    Compiling bitflags v1.3.2\n[CI/Database Check         ]   |    Compiling scopeguard v1.1.0\n[CI/Database Check         ]   |    Compiling fnv v1.0.7\n[CI/Database Check         ]   |    Compiling regex-syntax v0.6.28\n[CI/Database Check         ]   |    Compiling bytes v1.4.0\n[CI/Database Check         ]   |    Compiling pin-project-lite v0.2.9\n[CI/Database Check         ]   |    Compiling smallvec v1.10.0\n[CI/Database Check         ]   |    Compiling ppv-lite86 v0.2.17\n[CI/Database Check         ]   |    Compiling siphasher v0.3.10\n[CI/Database Check         ]   |    Compiling ryu v1.0.13\n[CI/Database Check         ]   |    Compiling futures-core v0.3.27\n[CI/Database Check         ]   |    Compiling subtle v2.4.1\n[CI/Database Check         ]   |    Compiling serde_json v1.0.94\n[CI/Database Check         ]   |    Compiling futures-sink v0.3.27\n[CI/Database Check         ]   |    Compiling futures-task v0.3.27\n[CI/Database Check         ]   |    Compiling futures-channel v0.3.27\n[CI/Database Check         ]   |    Compiling cpufeatures v0.2.5\n[CI/Database Check         ]   |    Compiling futures-util v0.3.27\n[CI/Database Check         ]   |    Compiling tinyvec_macros v0.1.1\n[CI/Database Check         ]   |    Compiling io-lifetimes v1.0.8\n[CI/Database Check         ]   |    Compiling pin-utils v0.1.0\n[CI/Database Check         ]   |    Compiling futures-io v0.3.27\n[CI/Database Check         ]   |    Compiling rustix v0.36.10\n[CI/Database Check         ]   |    Compiling thiserror v1.0.40\n[CI/Database Check         ]   |    Compiling unicode-bidi v0.3.12\n[CI/Database Check         ]   |    Compiling byteorder v1.4.3\n[CI/Database Check         ]   |    Compiling foreign-types-shared v0.1.1\n[CI/Database Check         ]   |    Compiling openssl v0.10.46\n[CI/Database Check         ]   |    Compiling parking_lot_core v0.9.7\n[CI/Database Check         ]   |    Compiling linux-raw-sys v0.1.4\n[CI/Database Check         ]   |    Compiling percent-encoding v2.2.0\n[CI/Database Check         ]   |    Compiling parking_lot_core v0.8.6\n[CI/Database Check         ]   |    Compiling native-tls v0.2.11\n[CI/Database Check         ]   |    Compiling iana-time-zone v0.1.53\n[CI/Database Check         ]   |    Compiling crossbeam-utils v0.8.15\n[CI/Database Check         ]   |    Compiling same-file v1.0.6\n[CI/Database Check         ]   |    Compiling base64 v0.13.1\n[CI/Database Check         ]   |    Compiling lazy_static v1.4.0\n[CI/Database Check         ]   |    Compiling openssl-probe v0.1.5\n[CI/Database Check         ]   |    Compiling httparse v1.8.0\n[CI/Database Check         ]   |    Compiling fallible-iterator v0.2.0\n[CI/Database Check         ]   |    Compiling try-lock v0.2.4\n[CI/Database Check         ]   |    Compiling vcpkg v0.2.15\n[CI/Database Check         ]   |    Compiling async-trait v0.1.67\n[CI/Database Check         ]   |    Compiling httpdate v1.0.2\n[CI/Database Check         ]   |    Compiling tower-service v0.3.2\n[CI/Database Check         ]   |    Compiling paste v1.0.12\n[CI/Database Check         ]   |    Compiling rustc-hash v1.1.0\n[CI/Database Check         ]   |    Compiling anyhow v1.0.70\n[CI/Database Check         ]   |    Compiling os_str_bytes v6.4.1\n[CI/Database Check         ]   |    Compiling ucd-trie v0.1.5\n[CI/Database Check         ]   |    Compiling heck v0.4.1\n[CI/Database Check         ]   |    Compiling termcolor v1.2.0\n[CI/Database Check         ]   |    Compiling libm v0.2.6\n[CI/Database Check         ]   |    Compiling rayon-core v1.11.0\n[CI/Database Check         ]   |    Compiling mime v0.3.16\n[CI/Database Check         ]   |    Compiling strsim v0.10.0\n[CI/Database Check         ]   |    Compiling semver v1.0.17\n[CI/Database Check         ]   |    Compiling snap v1.1.0\n[CI/Database Check         ]   |    Compiling camino v1.1.4\n[CI/Database Check         ]   |    Compiling crc32fast v1.3.2\n[CI/Database Check         ]   |    Compiling unic-char-range v0.9.0\n[CI/Database Check         ]   |    Compiling unic-common v0.9.0\n[CI/Database Check         ]   |    Compiling humantime v2.1.0\n[CI/Database Check         ]   |    Compiling adler v1.0.2\n[CI/Database Check         ]   |    Compiling alloc-no-stdlib v2.0.4\n[CI/Database Check         ]   |    Compiling bumpalo v3.12.0\n[CI/Database Check         ]   |    Compiling protobuf v2.28.0\n[CI/Database Check         ]   |    Compiling arc-swap v1.6.0\n[CI/Database Check         ]   |    Compiling fallible-streaming-iterator v0.1.9\n[CI/Database Check         ]   |    Compiling base64 v0.21.0\n[CI/Database Check         ]   |    Compiling ipnet v2.7.1\n[CI/Database Check         ]   |    Compiling either v1.8.1\n[CI/Database Check         ]   |    Compiling prometheus v0.13.3\n[CI/Database Check         ]   |    Compiling winnow v0.3.6\n[CI/Database Check         ]   |    Compiling fastrand v1.9.0\n[CI/Database Check         ]   |    Compiling arrayvec v0.7.2\n[CI/Database Check         ]   |    Compiling bytemuck v1.13.1\n[CI/Database Check         ]   |    Compiling deunicode v0.4.3\n[CI/Database Check         ]   |    Compiling thousands v0.2.0\n[CI/Database Check         ]   |    Compiling str_stack v0.1.0\n[CI/Database Check         ]   |    Compiling untrusted v0.7.1\n[CI/Database Check         ]   |    Compiling spin v0.5.2\n[CI/Database Check         ]   |    Compiling hex v0.4.3\n[CI/Database Check         ]   |    Compiling home v0.5.4\n[CI/Database Check         ]   |    Compiling generic-array v0.14.6\n[CI/Database Check         ]   |    Compiling ahash v0.7.6\n[CI/Database Check         ]   |    Compiling tinyvec v1.6.0\n[CI/Database Check         ]   |    Compiling uncased v0.9.7\n[CI/Database Check         ]   |    Compiling tracing-core v0.1.30\n[CI/Database Check         ]   |    Compiling proc-macro-error-attr v1.0.4\n[CI/Database Check         ]   |    Compiling proc-macro-error v1.0.4\n[CI/Database Check         ]   |    Compiling instant v0.1.12\n[CI/Database Check         ]   |    Compiling ahash v0.8.3\n[CI/Database Check         ]   |    Compiling encoding_rs v0.8.32\n[CI/Database Check         ]   |    Compiling thread_local v1.1.4\n[CI/Database Check         ]   |    Compiling lock_api v0.4.9\n[CI/Database Check         ]   |    Compiling num-traits v0.2.15\n[CI/Database Check         ]   |    Compiling slab v0.4.8\n[CI/Database Check         ]   |    Compiling tokio v1.26.0\n[CI/Database Check         ]   |    Compiling indexmap v1.9.2\n[CI/Database Check         ]   |    Compiling num-integer v0.1.45\n[CI/Database Check         ]   |    Compiling foreign-types v0.3.2\n[CI/Database Check         ]   |    Compiling walkdir v2.3.3\n[CI/Database Check         ]   |    Compiling memoffset v0.8.0\n[CI/Database Check         ]   |    Compiling crossbeam-epoch v0.9.14\n[CI/Database Check         ]   |    Compiling phf_shared v0.11.1\n[CI/Database Check         ]   |    Compiling form_urlencoded v1.1.0\n[CI/Database Check         ]   |    Compiling alloc-stdlib v0.2.2\n[CI/Database Check         ]   |    Compiling http v0.2.9\n[CI/Database Check         ]   |    Compiling miniz_oxide v0.6.2\n[CI/Database Check         ]   |    Compiling unic-char-property v0.9.0\n[CI/Database Check         ]   |    Compiling unic-ucd-version v0.9.0\n[CI/Database Check         ]   |    Compiling itertools v0.10.5\n[CI/Database Check         ]   |    Compiling clap_lex v0.3.3\n[CI/Database Check         ]   |    Compiling slug v0.1.4\n[CI/Database Check         ]   |    Compiling num-format v0.4.4\n[CI/Database Check         ]   |    Compiling rgb v0.8.36\n[CI/Database Check         ]   |    Compiling openssl-sys v0.9.81\n[CI/Database Check         ]   |    Compiling jemalloc-sys v0.5.3+5.3.0-patched\n[CI/Database Check         ]   |    Compiling lzma-sys v0.1.20\n[CI/Database Check         ]   |    Compiling ring v0.16.20\n[CI/Database Check         ]   |    Compiling brotli-decompressor v2.3.4\n[CI/Database Check         ]   |    Compiling phf v0.11.1\n[CI/Database Check         ]   |    Compiling tracing v0.1.37\n[CI/Database Check         ]   |    Compiling unic-ucd-segment v0.9.0\n[CI/Database Check         ]   |    Compiling libsqlite3-sys v0.25.2\n[CI/Database Check         ]   |    Compiling want v0.3.0\n[CI/Database Check         ]   |    Compiling phf_shared v0.10.0\n[CI/Database Check         ]   |    Compiling flate2 v1.0.25\n[CI/Database Check         ]   |    Compiling aho-corasick v0.7.20\n[CI/Database Check         ]   |    Compiling bstr v1.4.0\n[CI/Database Check         ]   |    Compiling csv-core v0.1.10\n[CI/Database Check         ]   |    Compiling quick-xml v0.26.0\n[CI/Database Check         ]   |    Compiling unic-segment v0.9.0\n[CI/Database Check         ]   |    Compiling unicode-normalization v0.1.22\n[CI/Database Check         ]   |    Compiling crossbeam-channel v0.5.7\n[CI/Database Check         ]   |    Compiling phf v0.10.1\n[CI/Database Check         ]   |    Compiling humansize v2.1.3\n[CI/Database Check         ]   |    Compiling syn v2.0.1\n[CI/Database Check         ]   |    Compiling http-body v0.4.5\n[CI/Database Check         ]   |    Compiling headers-core v0.2.0\n[CI/Database Check         ]   |    Compiling crossbeam-deque v0.8.3\n[CI/Database Check         ]   |    Compiling stringprep v0.1.2\n[CI/Database Check         ]   |    Compiling idna v0.3.0\n[CI/Database Check         ]   |    Compiling brotli v3.3.4\n[CI/Database Check         ]   |    Compiling regex v1.7.1\n[CI/Database Check         ]   |    Compiling getrandom v0.2.8\n[CI/Database Check         ]   |    Compiling num_cpus v1.15.0\n[CI/Database Check         ]   |    Compiling socket2 v0.4.9\n[CI/Database Check         ]   |    Compiling mio v0.8.6\n[CI/Database Check         ]   |    Compiling time v0.1.45\n[CI/Database Check         ]   |    Compiling memmap2 v0.2.3\n[CI/Database Check         ]   |    Compiling perf-event-open-sys v1.0.1\n[CI/Database Check         ]   |    Compiling perf-event-open-sys v3.0.0\n[CI/Database Check         ]   |    Compiling perf-event-open-sys v4.0.0\n[CI/Database Check         ]   |    Compiling xattr v0.2.3\n[CI/Database Check         ]   |    Compiling filetime v0.2.20\n[CI/Database Check         ]   |    Compiling jobserver v0.1.26\n[CI/Database Check         ]   |    Compiling crypto-common v0.1.6\n[CI/Database Check         ]   |    Compiling block-buffer v0.10.4\n[CI/Database Check         ]   |    Compiling url v2.3.1\n[CI/Database Check         ]   |    Compiling rand_core v0.6.4\n[CI/Database Check         ]   |    Compiling uuid v1.3.0\n[CI/Database Check         ]   |    Compiling xz2 v0.1.7\n[CI/Database Check         ]   |    Compiling digest v0.10.6\n[CI/Database Check         ]   |    Compiling tar v0.4.38\n[CI/Database Check         ]   |    Compiling parking_lot v0.12.1\n[CI/Database Check         ]   |    Compiling parking_lot v0.11.2\n[CI/Database Check         ]   |    Compiling rmp v0.8.11\n[CI/Database Check         ]   |    Compiling perf-event v0.4.8\n[CI/Database Check         ]   |    Compiling hashbrown v0.12.3\n[CI/Database Check         ]   |    Compiling rand_chacha v0.3.1\n[CI/Database Check         ]   |    Compiling sha2 v0.10.6\n[CI/Database Check         ]   |    Compiling md-5 v0.10.5\n[CI/Database Check         ]   |    Compiling hmac v0.12.1\n[CI/Database Check         ]   |    Compiling sha1 v0.10.5\n[CI/Database Check         ]   |    Compiling measureme v9.2.0 (https://github.com/rust-lang/measureme?tag=9.2.0#9f51cde2)\n[CI/Database Check         ]   |    Compiling measureme v10.1.1 (https://github.com/rust-lang/measureme?branch=master#8f1b8321)\n[CI/Database Check         ]   |    Compiling rand v0.8.5\n[CI/Database Check         ]   |    Compiling headers v0.3.8\n[CI/Database Check         ]   |    Compiling globset v0.4.10\n[CI/Database Check         ]   |    Compiling parse-zoneinfo v0.3.0\n[CI/Database Check         ]   |    Compiling rayon v1.7.0\n[CI/Database Check         ]   |    Compiling hashlink v0.8.1\n[CI/Database Check         ]   |    Compiling ignore v0.4.20\n[CI/Database Check         ]   |    Compiling rust-embed-utils v7.5.0\n[CI/Database Check         ]   |    Compiling phf_generator v0.10.0\n[CI/Database Check         ]   |    Compiling postgres-protocol v0.6.4\n[CI/Database Check         ]   |    Compiling phf_codegen v0.10.0\n[CI/Database Check         ]   |    Compiling is-terminal v0.4.5\n[CI/Database Check         ]   |    Compiling tempfile v3.4.0\n[CI/Database Check         ]   |    Compiling chrono-tz-build v0.0.2\n[CI/Database Check         ]   |    Compiling env_logger v0.10.0\n[CI/Database Check         ]   |    Compiling inferno v0.11.15\n[CI/Database Check         ]   |    Compiling globwalk v0.8.1\n[CI/Database Check         ]   |    Compiling chrono-tz v0.6.1\n[CI/Database Check         ]   |    Compiling thiserror-impl v1.0.40\n[CI/Database Check         ]   |    Compiling tokio-macros v1.8.2\n[CI/Database Check         ]   |    Compiling futures-macro v0.3.27\n[CI/Database Check         ]   |    Compiling openssl-macros v0.1.0\n[CI/Database Check         ]   |    Compiling clap_derive v4.1.9\n[CI/Database Check         ]   |    Compiling rust-embed-impl v6.5.0\n[CI/Database Check         ]   |    Compiling pest v2.5.6\n[CI/Database Check         ]   |    Compiling rust-embed v6.6.0\n[CI/Database Check         ]   |    Compiling clap v4.1.10\n[CI/Database Check         ]   |    Compiling pest_meta v2.5.6\n[CI/Database Check         ]   |    Compiling pest_generator v2.5.6\n[CI/Database Check         ]   |    Compiling futures-executor v0.3.27\n[CI/Database Check         ]   |    Compiling futures v0.3.27\n[CI/Database Check         ]   |    Compiling pest_derive v2.5.6\n[CI/Database Check         ]   |    Compiling tokio-util v0.7.7\n[CI/Database Check         ]   |    Compiling tokio-native-tls v0.3.1\n[CI/Database Check         ]   |    Compiling chrono v0.4.24\n[CI/Database Check         ]   |    Compiling serde_urlencoded v0.7.1\n[CI/Database Check         ]   |    Compiling hashbrown v0.13.2\n[CI/Database Check         ]   |    Compiling cargo-platform v0.1.2\n[CI/Database Check         ]   |    Compiling csv v1.2.1\n[CI/Database Check         ]   |    Compiling serde_spanned v0.6.1\n[CI/Database Check         ]   |    Compiling toml_datetime v0.6.1\n[CI/Database Check         ]   |    Compiling rmp-serde v1.1.1\n[CI/Database Check         ]   |    Compiling rusqlite v0.28.0\n[CI/Database Check         ]   |    Compiling h2 v0.3.16\n[CI/Database Check         ]   |    Compiling toml_edit v0.19.7\n[CI/Database Check         ]   |    Compiling rust_team_data v1.0.0 (https://github.com/rust-lang/team#80ae2e8c)\n[CI/Database Check         ]   |    Compiling intern v0.1.0 (/tmp/c1e8dd3a-fec2-11ed-a890-af2cc187fc11/rust-lang-rustc-perf/intern)\n[CI/Database Check         ]   |    Compiling postgres-types v0.2.4\n[CI/Database Check         ]   |    Compiling benchlib v0.1.0 (/tmp/c1e8dd3a-fec2-11ed-a890-af2cc187fc11/rust-lang-rustc-perf/collector/benchlib)\n[CI/Database Check         ]   |    Compiling decodeme v10.1.1 (https://github.com/rust-lang/measureme?branch=master#8f1b8321)\n[CI/Database Check         ]   |    Compiling analyzeme v9.2.0 (https://github.com/rust-lang/measureme?tag=9.2.0#9f51cde2)\n[CI/Database Check         ]   |    Compiling cargo_metadata v0.15.3\n[CI/Database Check         ]   |    Compiling analyzeme v10.1.1 (https://github.com/rust-lang/measureme?branch=master#8f1b8321)\n[CI/Database Check         ]   |    Compiling tokio-postgres v0.7.7\n[CI/Database Check         ]   |    Compiling toml v0.7.3\n[CI/Database Check         ]   |    Compiling postgres-native-tls v0.5.0\n[CI/Database Check         ]   |    Compiling hyper v0.14.25\n[CI/Database Check         ]   |    Compiling tera v1.18.1\n[CI/Database Check         ]   |    Compiling hyper-tls v0.5.0\n[CI/Database Check         ]   |    Compiling reqwest v0.11.14\n[CI/Database Check         ]   |    Compiling database v0.1.0 (/tmp/c1e8dd3a-fec2-11ed-a890-af2cc187fc11/rust-lang-rustc-perf/database)\n[CI/Database Check         ]   |    Compiling collector v0.1.0 (/tmp/c1e8dd3a-fec2-11ed-a890-af2cc187fc11/rust-lang-rustc-perf/collector)\n[CI/Database Check         ]   |    Compiling jemalloc-ctl v0.5.0\n[CI/Database Check         ]   |    Compiling jemallocator v0.5.0\n[CI/Database Check         ]   |    Compiling site v0.1.0 (/tmp/c1e8dd3a-fec2-11ed-a890-af2cc187fc11/rust-lang-rustc-perf/site)\n[CI/Test on Windows        ]   |  Downloading crates ...\n[CI/Test on Windows        ]   |   Downloaded pretty_assertions v1.3.0\n[CI/Test on Windows        ]   |   Downloaded yansi v0.5.1\n[CI/Test on Windows        ]   |   Downloaded diff v0.1.13\n[CI/Test on Windows        ]   |     Blocking waiting for file lock on build directory\n[CI/Database Check         ]   |     Finished dev [unoptimized + debuginfo] target(s) in 3m 50s\n[CI/Database Check         ]   \u2705  Success - Main Build site\n[CI/Test on Windows        ]   |    Compiling libc v0.2.140\n[CI/Test on Windows        ]   |    Compiling cfg-if v1.0.0\n[CI/Test on Windows        ]   |    Compiling proc-macro2 v1.0.52\n[CI/Test on Windows        ]   |    Compiling quote v1.0.26\n[CI/Test on Windows        ]   |    Compiling autocfg v1.1.0\n[CI/Test on Windows        ]   |    Compiling unicode-ident v1.0.8\n[CI/Test on Windows        ]   |    Compiling version_check v0.9.4\n[CI/Test on Windows        ]   |    Compiling memchr v2.5.0\n[CI/Test on Windows        ]   |    Compiling once_cell v1.17.1\n[CI/Test on Windows        ]   |    Compiling serde_derive v1.0.157\n[CI/Test on Windows        ]   |    Compiling serde v1.0.157\n[CI/Test on Windows        ]   |    Compiling log v0.4.17\n[CI/Test on Windows        ]   |    Compiling syn v1.0.109\n[CI/Test on Windows        ]   |    Compiling cc v1.0.79\n[CI/Test on Windows        ]   |    Compiling itoa v1.0.6\n[CI/Test on Windows        ]   |    Compiling pkg-config v0.3.26\n[CI/Test on Windows        ]   |    Compiling bitflags v1.3.2\n[CI/Test on Windows        ]   |    Compiling typenum v1.16.0\n[CI/Test on Windows        ]   |    Compiling scopeguard v1.1.0\n[CI/Test on Windows        ]   |    Compiling regex-syntax v0.6.28\n[CI/Test on Windows        ]   |    Compiling smallvec v1.10.0\n[CI/Test on Windows        ]   |    Compiling fnv v1.0.7\n[CI/Test on Windows        ]   |    Compiling ryu v1.0.13\n[CI/Test on Windows        ]   |    Compiling bytes v1.4.0\n[CI/Test on Windows        ]   |    Compiling serde_json v1.0.94\n[CI/Test on Windows        ]   |    Compiling pin-project-lite v0.2.9\n[CI/Test on Windows        ]   |    Compiling siphasher v0.3.10\n[CI/Test on Windows        ]   |    Compiling subtle v2.4.1\n[CI/Test on Windows        ]   |    Compiling ppv-lite86 v0.2.17\n[CI/Test on Windows        ]   |    Compiling futures-core v0.3.27\n[CI/Test on Windows        ]   |    Compiling futures-sink v0.3.27\n[CI/Test on Windows        ]   |    Compiling io-lifetimes v1.0.8\n[CI/Test on Windows        ]   |    Compiling futures-channel v0.3.27\n[CI/Test on Windows        ]   |    Compiling futures-task v0.3.27\n[CI/Test on Windows        ]   |    Compiling tinyvec_macros v0.1.1\n[CI/Test on Windows        ]   |    Compiling futures-util v0.3.27\n[CI/Test on Windows        ]   |    Compiling rustix v0.36.10\n[CI/Test on Windows        ]   |    Compiling cpufeatures v0.2.5\n[CI/Test on Windows        ]   |    Compiling parking_lot_core v0.9.7\n[CI/Test on Windows        ]   |    Compiling futures-io v0.3.27\n[CI/Test on Windows        ]   |    Compiling pin-utils v0.1.0\n[CI/Test on Windows        ]   |    Compiling linux-raw-sys v0.1.4\n[CI/Test on Windows        ]   |    Compiling unicode-bidi v0.3.12\n[CI/Test on Windows        ]   |    Compiling byteorder v1.4.3\n[CI/Test on Windows        ]   |    Compiling foreign-types-shared v0.1.1\n[CI/Test on Windows        ]   |    Compiling lazy_static v1.4.0\n[CI/Test on Windows        ]   |    Compiling openssl v0.10.46\n[CI/Test on Windows        ]   |    Compiling percent-encoding v2.2.0\n[CI/Test on Windows        ]   |    Compiling native-tls v0.2.11\n[CI/Test on Windows        ]   |    Compiling iana-time-zone v0.1.53\n[CI/Test on Windows        ]   |    Compiling fallible-iterator v0.2.0\n[CI/Test on Windows        ]   |    Compiling base64 v0.13.1\n[CI/Test on Windows        ]   |    Compiling anyhow v1.0.70\n[CI/Test on Windows        ]   |    Compiling httparse v1.8.0\n[CI/Test on Windows        ]   |    Compiling os_str_bytes v6.4.1\n[CI/Test on Windows        ]   |    Compiling heck v0.4.1\n[CI/Test on Windows        ]   |    Compiling openssl-probe v0.1.5\n[CI/Test on Windows        ]   |    Compiling termcolor v1.2.0\n[CI/Test on Windows        ]   |    Compiling try-lock v0.2.4\n[CI/Test on Windows        ]   |    Compiling strsim v0.10.0\n[CI/Test on Windows        ]   |    Compiling async-trait v0.1.67\n[CI/Test on Windows        ]   |    Compiling httpdate v1.0.2\n[CI/Test on Windows        ]   |    Compiling humantime v2.1.0\n[CI/Test on Windows        ]   |    Compiling vcpkg v0.2.15\n[CI/Test on Windows        ]   |    Compiling tower-service v0.3.2\n[CI/Test on Windows        ]   |    Compiling bumpalo v3.12.0\n[CI/Test on Windows        ]   |    Compiling arc-swap v1.6.0\n[CI/Test on Windows        ]   |    Compiling thiserror v1.0.40\n[CI/Test on Windows        ]   |    Compiling snap v1.1.0\n[CI/Test on Windows        ]   |    Compiling mime v0.3.16\n[CI/Test on Windows        ]   |    Compiling fallible-streaming-iterator v0.1.9\n[CI/Test on Windows        ]   |    Compiling base64 v0.21.0\n[CI/Test on Windows        ]   |    Compiling ipnet v2.7.1\n[CI/Test on Windows        ]   |    Compiling same-file v1.0.6\n[CI/Test on Windows        ]   |    Compiling crossbeam-utils v0.8.15\n[CI/Test on Windows        ]   |    Compiling rayon-core v1.11.0\n[CI/Test on Windows        ]   |    Compiling crc32fast v1.3.2\n[CI/Test on Windows        ]   |    Compiling semver v1.0.17\n[CI/Test on Windows        ]   |    Compiling camino v1.1.4\n[CI/Test on Windows        ]   |    Compiling adler v1.0.2\n[CI/Test on Windows        ]   |    Compiling parking_lot_core v0.8.6\n[CI/Test on Windows        ]   |    Compiling either v1.8.1\n[CI/Test on Windows        ]   |    Compiling fastrand v1.9.0\n[CI/Test on Windows        ]   |    Compiling thousands v0.2.0\n[CI/Test on Windows        ]   |    Compiling paste v1.0.12\n[CI/Test on Windows        ]   |    Compiling rustc-hash v1.1.0\n[CI/Test on Windows        ]   |    Compiling ucd-trie v0.1.5\n[CI/Test on Windows        ]   |    Compiling libm v0.2.6\n[CI/Test on Windows        ]   |    Compiling unic-common v0.9.0\n[CI/Test on Windows        ]   |    Compiling unic-char-range v0.9.0\n[CI/Test on Windows        ]   |    Compiling protobuf v2.28.0\n[CI/Test on Windows        ]   |    Compiling alloc-no-stdlib v2.0.4\n[CI/Test on Windows        ]   |    Compiling winnow v0.3.6\n[CI/Test on Windows        ]   |    Compiling bytemuck v1.13.1\n[CI/Test on Windows        ]   |    Compiling prometheus v0.13.3\n[CI/Test on Windows        ]   |    Compiling arrayvec v0.7.2\n[CI/Test on Windows        ]   |    Compiling deunicode v0.4.3\n[CI/Test on Windows        ]   |    Compiling untrusted v0.7.1\n[CI/Test on Windows        ]   |    Compiling str_stack v0.1.0\n[CI/Test on Windows        ]   |    Compiling spin v0.5.2\n[CI/Test on Windows        ]   |    Compiling diff v0.1.13\n[CI/Test on Windows        ]   |    Compiling home v0.5.4\n[CI/Test on Windows        ]   |    Compiling hex v0.4.3\n[CI/Test on Windows        ]   |    Compiling yansi v0.5.1\n[CI/Test on Windows        ]   |    Compiling encoding_rs v0.8.32\n[CI/Test on Windows        ]   |    Compiling instant v0.1.12\n[CI/Test on Windows        ]   |    Compiling tinyvec v1.6.0\n[CI/Test on Windows        ]   |    Compiling tracing-core v0.1.30\n[CI/Test on Windows        ]   |    Compiling thread_local v1.1.4\n[CI/Test on Windows        ]   |    Compiling lock_api v0.4.9\n[CI/Test on Windows        ]   |    Compiling slab v0.4.8\n[CI/Test on Windows        ]   |    Compiling num-traits v0.2.15\n[CI/Test on Windows        ]   |    Compiling tokio v1.26.0\n[CI/Test on Windows        ]   |    Compiling indexmap v1.9.2\n[CI/Test on Windows        ]   |    Compiling num-integer v0.1.45\n[CI/Test on Windows        ]   |    Compiling memoffset v0.8.0\n[CI/Test on Windows        ]   |    Compiling crossbeam-epoch v0.9.14\n[CI/Test on Windows        ]   |    Compiling phf_shared v0.11.1\n[CI/Test on Windows        ]   |    Compiling foreign-types v0.3.2\n[CI/Test on Windows        ]   |    Compiling slug v0.1.4\n[CI/Test on Windows        ]   |    Compiling alloc-stdlib v0.2.2\n[CI/Database Check         ] \u2b50 Run Main Connect to PostgreSQL\n[CI/Test on Windows        ]   |    Compiling http v0.2.9\n[CI/Test on Windows        ]   |    Compiling form_urlencoded v1.1.0\n[CI/Test on Windows        ]   |    Compiling unic-char-property v0.9.0\n[CI/Test on Windows        ]   |    Compiling rgb v0.8.36\n[CI/Test on Windows        ]   |    Compiling unic-ucd-version v0.9.0\n[CI/Test on Windows        ]   |    Compiling miniz_oxide v0.6.2\n[CI/Test on Windows        ]   |    Compiling tracing v0.1.37\n[CI/Test on Windows        ]   |    Compiling clap_lex v0.3.3\n[CI/Test on Windows        ]   |    Compiling num-format v0.4.4\n[CI/Test on Windows        ]   |    Compiling brotli-decompressor v2.3.4\n[CI/Test on Windows        ]   |    Compiling itertools v0.10.5\n[CI/Test on Windows        ]   |    Compiling phf v0.11.1\n[CI/Test on Windows        ]   |    Compiling generic-array v0.14.6\n[CI/Test on Windows        ]   |    Compiling ahash v0.7.6\n[CI/Test on Windows        ]   |    Compiling openssl-sys v0.9.81\n[CI/Test on Windows        ]   |    Compiling proc-macro-error-attr v1.0.4\n[CI/Test on Windows        ]   |    Compiling ahash v0.8.3\n[CI/Test on Windows        ]   |    Compiling proc-macro-error v1.0.4\n[CI/Test on Windows        ]   |    Compiling libsqlite3-sys v0.25.2\n[CI/Test on Windows        ]   |    Compiling uncased v0.9.7\n[CI/Test on Windows        ]   |    Compiling lzma-sys v0.1.20\n[CI/Test on Windows        ]   |    Compiling jemalloc-sys v0.5.3+5.3.0-patched\n[CI/Test on Windows        ]   |    Compiling ring v0.16.20\n[CI/Database Check         ]   \ud83d\udc33  docker exec cmd=[bash --noprofile --norc -e -o pipefail /var/run/act/workflow/3] user= workdir=\n[CI/Test on Windows        ]   |    Compiling want v0.3.0\n[CI/Test on Windows        ]   |    Compiling walkdir v2.3.3\n[CI/Test on Windows        ]   |    Compiling pretty_assertions v1.3.0\n[CI/Test on Windows        ]   |    Compiling unic-ucd-segment v0.9.0\n[CI/Test on Windows        ]   |    Compiling flate2 v1.0.25\n[CI/Test on Windows        ]   |    Compiling humansize v2.1.3\n[CI/Test on Windows        ]   |    Compiling unicode-normalization v0.1.22\n[CI/Test on Windows        ]   |    Compiling aho-corasick v0.7.20\n[CI/Test on Windows        ]   |    Compiling http-body v0.4.5\n[CI/Test on Windows        ]   |    Compiling csv-core v0.1.10\n[CI/Test on Windows        ]   |    Compiling phf_shared v0.10.0\n[CI/Test on Windows        ]   |    Compiling crossbeam-channel v0.5.7\n[CI/Test on Windows        ]   |    Compiling bstr v1.4.0\n[CI/Test on Windows        ]   |    Compiling headers-core v0.2.0\n[CI/Test on Windows        ]   |    Compiling quick-xml v0.26.0\n[CI/Test on Windows        ]   |    Compiling unic-segment v0.9.0\n[CI/Test on Windows        ]   |    Compiling brotli v3.3.4\n[CI/Test on Windows        ]   |    Compiling syn v2.0.1\n[CI/Test on Windows        ]   |    Compiling getrandom v0.2.8\n[CI/Test on Windows        ]   |    Compiling num_cpus v1.15.0\n[CI/Test on Windows        ]   |    Compiling socket2 v0.4.9\n[CI/Test on Windows        ]   |    Compiling mio v0.8.6\n[CI/Test on Windows        ]   |    Compiling time v0.1.45\n[CI/Test on Windows        ]   |    Compiling perf-event-open-sys v4.0.0\n[CI/Test on Windows        ]   |    Compiling filetime v0.2.20\n[CI/Test on Windows        ]   |    Compiling xattr v0.2.3\n[CI/Test on Windows        ]   |    Compiling jobserver v0.1.26\n[CI/Test on Windows        ]   |    Compiling memmap2 v0.2.3\n[CI/Test on Windows        ]   |    Compiling perf-event-open-sys v3.0.0\n[CI/Test on Windows        ]   |    Compiling perf-event-open-sys v1.0.1\n[CI/Test on Windows        ]   |    Compiling phf v0.10.1\n[CI/Test on Windows        ]   |    Compiling crossbeam-deque v0.8.3\n[CI/Test on Windows        ]   |    Compiling stringprep v0.1.2\n[CI/Test on Windows        ]   |    Compiling idna v0.3.0\n[CI/Test on Windows        ]   |    Compiling xz2 v0.1.7\n[CI/Test on Windows        ]   |    Compiling rand_core v0.6.4\n[CI/Test on Windows        ]   |    Compiling uuid v1.3.0\n[CI/Test on Windows        ]   |    Compiling tar v0.4.38\n[CI/Test on Windows        ]   |    Compiling parking_lot v0.12.1\n[CI/Test on Windows        ]   |    Compiling parking_lot v0.11.2\n[CI/Test on Windows        ]   |    Compiling regex v1.7.1\n[CI/Test on Windows        ]   |    Compiling perf-event v0.4.8\n[CI/Test on Windows        ]   |    Compiling rmp v0.8.11\n[CI/Test on Windows        ]   |    Compiling rand_chacha v0.3.1\n[CI/Test on Windows        ]   |    Compiling hashbrown v0.12.3\n[CI/Test on Windows        ]   |    Compiling measureme v10.1.1 (https://github.com/rust-lang/measureme?branch=master#8f1b8321)\n[CI/Test on Windows        ]   |    Compiling measureme v9.2.0 (https://github.com/rust-lang/measureme?tag=9.2.0#9f51cde2)\n[CI/Test on Windows        ]   |    Compiling rand v0.8.5\n[CI/Test on Windows        ]   |    Compiling block-buffer v0.10.4\n[CI/Test on Windows        ]   |    Compiling crypto-common v0.1.6\n[CI/Test on Windows        ]   |    Compiling url v2.3.1\n[CI/Test on Windows        ]   |    Compiling digest v0.10.6\n[CI/Test on Windows        ]   |    Compiling rayon v1.7.0\n[CI/Test on Windows        ]   |    Compiling sha2 v0.10.6\n[CI/Test on Windows        ]   |    Compiling hmac v0.12.1\n[CI/Test on Windows        ]   |    Compiling md-5 v0.10.5\n[CI/Test on Windows        ]   |    Compiling sha1 v0.10.5\n[CI/Test on Windows        ]   |    Compiling hashlink v0.8.1\n[CI/Test on Windows        ]   |    Compiling headers v0.3.8\n[CI/Test on Windows        ]   |    Compiling globset v0.4.10\n[CI/Test on Windows        ]   |    Compiling parse-zoneinfo v0.3.0\n[CI/Test on Windows        ]   |    Compiling postgres-protocol v0.6.4\n[CI/Test on Windows        ]   |    Compiling phf_generator v0.10.0\n[CI/Test on Windows        ]   |    Compiling phf_codegen v0.10.0\n[CI/Test on Windows        ]   |    Compiling ignore v0.4.20\n[CI/Test on Windows        ]   |    Compiling rust-embed-utils v7.5.0\n[CI/Test on Windows        ]   |    Compiling chrono-tz-build v0.0.2\n[CI/Test on Windows        ]   |    Compiling is-terminal v0.4.5\n[CI/Test on Windows        ]   |    Compiling tempfile v3.4.0\n[CI/Test on Windows        ]   |    Compiling env_logger v0.10.0\n[CI/Test on Windows        ]   |    Compiling inferno v0.11.15\n[CI/Test on Windows        ]   |    Compiling globwalk v0.8.1\n[CI/Test on Windows        ]   |    Compiling chrono-tz v0.6.1\n[CI/Test on Windows        ]   |    Compiling thiserror-impl v1.0.40\n[CI/Test on Windows        ]   |    Compiling tokio-macros v1.8.2\n[CI/Test on Windows        ]   |    Compiling futures-macro v0.3.27\n[CI/Test on Windows        ]   |    Compiling openssl-macros v0.1.0\n[CI/Test on Windows        ]   |    Compiling clap_derive v4.1.9\n[CI/Test on Windows        ]   |    Compiling rust-embed-impl v6.5.0\n[CI/Test on Windows        ]   |    Compiling pest v2.5.6\n[CI/Test on Windows        ]   |    Compiling rust-embed v6.6.0\n[CI/Test on Windows        ]   |    Compiling clap v4.1.10\n[CI/Test on Windows        ]   |    Compiling pest_meta v2.5.6\n[CI/Test on Windows        ]   |    Compiling pest_generator v2.5.6\n[CI/Test on Windows        ]   |    Compiling futures-executor v0.3.27\n[CI/Test on Windows        ]   |    Compiling futures v0.3.27\n[CI/Test on Windows        ]   |    Compiling pest_derive v2.5.6\n[CI/Test on Windows        ]   |    Compiling tokio-util v0.7.7\n[CI/Test on Windows        ]   |    Compiling tokio-native-tls v0.3.1\n[CI/Test on Windows        ]   |    Compiling rusqlite v0.28.0\n[CI/Test on Windows        ]   |    Compiling chrono v0.4.24\n[CI/Test on Windows        ]   |    Compiling hashbrown v0.13.2\n[CI/Test on Windows        ]   |    Compiling serde_urlencoded v0.7.1\n[CI/Test on Windows        ]   |    Compiling csv v1.2.1\n[CI/Test on Windows        ]   |    Compiling cargo-platform v0.1.2\n[CI/Test on Windows        ]   |    Compiling toml_datetime v0.6.1\n[CI/Test on Windows        ]   |    Compiling serde_spanned v0.6.1\n[CI/Test on Windows        ]   |    Compiling rmp-serde v1.1.1\n[CI/Test on Windows        ]   |    Compiling h2 v0.3.16\n[CI/Test on Windows        ]   |    Compiling toml_edit v0.19.7\n[CI/Test on Windows        ]   |    Compiling rust_team_data v1.0.0 (https://github.com/rust-lang/team#80ae2e8c)\n[CI/Test on Windows        ]   |    Compiling intern v0.1.0 (/tmp/c1e8dd3a-fec2-11ed-a890-af2cc187fc11/rust-lang-rustc-perf/intern)\n[CI/Test on Windows        ]   |    Compiling benchlib v0.1.0 (/tmp/c1e8dd3a-fec2-11ed-a890-af2cc187fc11/rust-lang-rustc-perf/collector/benchlib)\n[CI/Test on Windows        ]   |    Compiling cargo_metadata v0.15.3\n[CI/Test on Windows        ]   |    Compiling decodeme v10.1.1 (https://github.com/rust-lang/measureme?branch=master#8f1b8321)\n[CI/Test on Windows        ]   |    Compiling analyzeme v9.2.0 (https://github.com/rust-lang/measureme?tag=9.2.0#9f51cde2)\n[CI/Test on Windows        ]   |    Compiling postgres-types v0.2.4\n[CI/Test on Windows        ]   |    Compiling analyzeme v10.1.1 (https://github.com/rust-lang/measureme?branch=master#8f1b8321)\n[CI/Test on Windows        ]   |    Compiling tokio-postgres v0.7.7\n[CI/Test on Windows        ]   |    Compiling toml v0.7.3\n[CI/Test on Windows        ]   |    Compiling hyper v0.14.25\n[CI/Test on Windows        ]   |    Compiling postgres-native-tls v0.5.0\n[CI/Test on Windows        ]   |    Compiling hyper-tls v0.5.0\n[CI/Test on Windows        ]   |    Compiling tera v1.18.1\n[CI/Test on Windows        ]   |    Compiling reqwest v0.11.14\n[CI/Test on Windows        ]   |    Compiling database v0.1.0 (/tmp/c1e8dd3a-fec2-11ed-a890-af2cc187fc11/rust-lang-rustc-perf/database)\n[CI/Test on Windows        ]   |    Compiling collector v0.1.0 (/tmp/c1e8dd3a-fec2-11ed-a890-af2cc187fc11/rust-lang-rustc-perf/collector)\n[CI/Test on Windows        ]   |    Compiling jemalloc-ctl v0.5.0\n[CI/Test on Windows        ]   |    Compiling jemallocator v0.5.0\n[CI/Test on Windows        ]   |    Compiling site v0.1.0 (/tmp/c1e8dd3a-fec2-11ed-a890-af2cc187fc11/rust-lang-rustc-perf/site)\n[CI/Database Check         ]   | Starting server with port=2346\n[CI/Database Check         ]   | Warning: Non-TLS connection to non-RDS DB\n[CI/Database Check         ]   | thread 'tokio-runtime-worker' panicked at 'called `Result::unwrap()` on an `Err` value: failed to connect to DB: error connecting to server: Cannot assign requested address (os error 99)', database/src/pool/postgres.rs:224:53\n[CI/Database Check         ]   | note: run with `RUST_BACKTRACE=1` environment variable to display a backtrace\n[CI/Test on Windows        ]   |     Finished test [unoptimized + debuginfo] target(s) in 1m 13s\n[CI/Test on Windows        ]   |      Running unittests src/lib.rs (target/debug/deps/benchlib-a71c9c87736453b4)\n[CI/Test on Windows        ]   | \n[CI/Test on Windows        ]   | running 5 tests\n[CI/Test on Windows        ]   | test benchmark::tests::test_passes_filter_exclude ... ok\n[CI/Test on Windows        ]   | test benchmark::tests::test_passes_filter_include ... ok\n[CI/Test on Windows        ]   | test benchmark::tests::test_passes_filter_no_filter ... ok\n[CI/Test on Windows        ]   | test benchmark::tests::test_passes_filter_include_exclude ... ok\n[CI/Test on Windows        ]   | test cli::verify_cli ... ok\n[CI/Test on Windows        ]   | \n[CI/Test on Windows        ]   | test result: ok. 5 passed; 0 failed; 0 ignored; 0 measured; 0 filtered out; finished in 0.00s\n[CI/Test on Windows        ]   | \n[CI/Test on Windows        ]   |      Running unittests src/lib.rs (target/debug/deps/collector-64188783940aa925)\n[CI/Test on Windows        ]   | \n[CI/Test on Windows        ]   | running 7 tests\n[CI/Test on Windows        ]   | test execute::etw_parser::tests::process_events ... ok\n[CI/Test on Windows        ]   | test execute::etw_parser::tests::parse_events ... ok\n[CI/Test on Windows        ]   | test execute::etw_parser::tests::process_events_child_process ... ok\n[CI/Test on Windows        ]   | test execute::etw_parser::tests::parse_header ... ok\n[CI/Test on Windows        ]   | test execute::etw_parser::tests::validate_events ... ok\n[CI/Test on Windows        ]   | test execute::etw_parser::tests::parse_events_pmc_cswitch_after_pend ... ok\n[CI/Test on Windows        ]   | test utils::fs::tests::test_get_file_count_and_size ... ok\n[CI/Test on Windows        ]   | \n[CI/Test on Windows        ]   | test result: ok. 7 passed; 0 failed; 0 ignored; 0 measured; 0 filtered out; finished in 0.01s\n[CI/Test on Windows        ]   | \n[CI/Test on Windows        ]   |      Running unittests src/bin/bootstrap-rustc.rs (target/debug/deps/bootstrap_rustc-056ebe8bc63be4b0)\n[CI/Test on Windows        ]   | \n[CI/Test on Windows        ]   | running 0 tests\n[CI/Test on Windows        ]   | \n[CI/Test on Windows        ]   | test result: ok. 0 passed; 0 failed; 0 ignored; 0 measured; 0 filtered out; finished in 0.00s\n[CI/Test on Windows        ]   | \n[CI/Test on Windows        ]   |      Running unittests src/bin/collector.rs (target/debug/deps/collector-cfca1648da95c055)\n[CI/Test on Windows        ]   | \n[CI/Test on Windows        ]   | running 1 test\n[CI/Test on Windows        ]   | test verify_cli ... ok\n[CI/Test on Windows        ]   | \n[CI/Test on Windows        ]   | test result: ok. 1 passed; 0 failed; 0 ignored; 0 measured; 0 filtered out; finished in 0.00s\n[CI/Test on Windows        ]   | \n[CI/Test on Windows        ]   |      Running unittests src/bin/rustc-fake.rs (target/debug/deps/rustc_fake-4d4a03bf0064ff31)\n[CI/Test on Windows        ]   | \n[CI/Test on Windows        ]   | running 0 tests\n[CI/Test on Windows        ]   | \n[CI/Test on Windows        ]   | test result: ok. 0 passed; 0 failed; 0 ignored; 0 measured; 0 filtered out; finished in 0.00s\n[CI/Test on Windows        ]   | \n[CI/Test on Windows        ]   |      Running unittests src/lib.rs (target/debug/deps/database-794a41b0dc0f0b61)\n[CI/Test on Windows        ]   | \n[CI/Test on Windows        ]   | running 0 tests\n[CI/Test on Windows        ]   | \n[CI/Test on Windows        ]   | test result: ok. 0 passed; 0 failed; 0 ignored; 0 measured; 0 filtered out; finished in 0.00s\n[CI/Test on Windows        ]   | \n[CI/Test on Windows        ]   |      Running unittests src/bin/import-sqlite.rs (target/debug/deps/import_sqlite-226d465f595ce0c3)\n[CI/Test on Windows        ]   | \n[CI/Test on Windows        ]   | running 0 tests\n[CI/Test on Windows        ]   | \n[CI/Test on Windows        ]   | test result: ok. 0 passed; 0 failed; 0 ignored; 0 measured; 0 filtered out; finished in 0.00s\n[CI/Test on Windows        ]   | \n[CI/Test on Windows        ]   |      Running unittests src/bin/ingest-json.rs (target/debug/deps/ingest_json-ba55eaceb8e2fb0a)\n[CI/Test on Windows        ]   | \n[CI/Test on Windows        ]   | running 0 tests\n[CI/Test on Windows        ]   | \n[CI/Test on Windows        ]   | test result: ok. 0 passed; 0 failed; 0 ignored; 0 measured; 0 filtered out; finished in 0.00s\n[CI/Test on Windows        ]   | \n[CI/Test on Windows        ]   |      Running unittests src/bin/postgres-to-sqlite.rs (target/debug/deps/postgres_to_sqlite-7ab24fb92e97a89a)\n[CI/Test on Windows        ]   | \n[CI/Test on Windows        ]   | running 0 tests\n[CI/Test on Windows        ]   | \n[CI/Test on Windows        ]   | test result: ok. 0 passed; 0 failed; 0 ignored; 0 measured; 0 filtered out; finished in 0.00s\n[CI/Test on Windows        ]   | \n[CI/Test on Windows        ]   |      Running unittests src/bin/sqlite-to-postgres.rs (target/debug/deps/sqlite_to_postgres-cbb3bfa9900781b0)\n[CI/Test on Windows        ]   | \n[CI/Test on Windows        ]   | running 0 tests\n[CI/Test on Windows        ]   | \n[CI/Test on Windows        ]   | test result: ok. 0 passed; 0 failed; 0 ignored; 0 measured; 0 filtered out; finished in 0.00s\n[CI/Test on Windows        ]   | \n[CI/Test on Windows        ]   |      Running unittests src/lib.rs (target/debug/deps/intern-6a1840622750160e)\n[CI/Test on Windows        ]   | \n[CI/Test on Windows        ]   | running 0 tests\n[CI/Test on Windows        ]   | \n[CI/Test on Windows        ]   | test result: ok. 0 passed; 0 failed; 0 ignored; 0 measured; 0 filtered out; finished in 0.00s\n[CI/Test on Windows        ]   | \n[CI/Test on Windows        ]   |      Running unittests src/lib.rs (target/debug/deps/site-56f200a6d7ab0be0)\n[CI/Test on Windows        ]   | \n[CI/Test on Windows        ]   | running 24 tests\n[CI/Test on Windows        ]   | test average::tests::test_interpolation_average ... ok\n[CI/Test on Windows        ]   | test average::tests::test_no_interpolation_average ... ok\n[CI/Test on Windows        ]   | test average::tests::test_unequal_length_iterators - should panic ... ok\n[CI/Test on Windows        ]   | test average::tests::test_uninterpolated_iterator - should panic ... ok\n[CI/Test on Windows        ]   | test comparison::tests::parse_metric_cycles ... ok\n[CI/Test on Windows        ]   | test comparison::tests::parse_metric_max_rss ... ok\n[CI/Test on Windows        ]   | test comparison::tests::summary_table_mixed_largest_change_improvement ... ok\n[CI/Test on Windows        ]   | test comparison::tests::summary_table_mixed_largest_change_regression ... ok\n[CI/Test on Windows        ]   | test comparison::tests::summary_table_mixed_primary_secondary ... ok\n[CI/Test on Windows        ]   | test interpolate::tests::test_leading_interpolation ... ok\n[CI/Test on Windows        ]   | test interpolate::tests::test_no_interpolation ... ok\n[CI/Test on Windows        ]   | test comparison::tests::summary_table_only_regressions_secondary ... ok\n[CI/Test on Windows        ]   | test comparison::tests::summary_table_only_improvements_primary ... ok\n[CI/Test on Windows        ]   | test interpolate::tests::test_trailing_interpolation ... ok\n[CI/Test on Windows        ]   | test interpolate::tests::test_inner_interpolation ... ok\n[CI/Test on Windows        ]   | test load::tests::parse_published_beta_artifact ... ok\n[CI/Test on Windows        ]   | test load::tests::calculates_missing_correct ... ok\n[CI/Test on Windows        ]   | test load::tests::try_commit_ancestors ... ok\n[CI/Test on Windows        ]   | test comparison::tests::summary_table_only_improvements_secondary ... ok\n[CI/Test on Windows        ]   | test comparison::tests::parse_metric_instructions ... ok\n[CI/Test on Windows        ]   | test comparison::tests::summary_table_only_regressions_primary ... ok\n[CI/Test on Windows        ]   | test comparison::tests::summary_table_mixed_primary ... ok\n[CI/Test on Windows        ]   | test load::tests::parse_published_stable_artifact ... ok\n[CI/Test on Windows        ]   |      Running unittests src/bin/fetch-latest.rs (target/debug/deps/fetch_latest-b456cd4e5b7447ea)\n[CI/Test on Windows        ]   | test request_handlers::github::tests::captures_all_shas ... ok\n[CI/Test on Windows        ]   | \n[CI/Test on Windows        ]   | test result: ok. 24 passed; 0 failed; 0 ignored; 0 measured; 0 filtered out; finished in 0.07s\n[CI/Test on Windows        ]   | \n[CI/Test on Windows        ]   | \n[CI/Test on Windows        ]   | running 0 tests\n[CI/Test on Windows        ]   | \n[CI/Test on Windows        ]   | test result: ok. 0 passed; 0 failed; 0 ignored; 0 measured; 0 filtered out; finished in 0.00s\n[CI/Test on Windows        ]   | \n[CI/Test on Windows        ]   | \n[CI/Test on Windows        ]   | running 0 tests\n[CI/Test on Windows        ]   | \n[CI/Test on Windows        ]   | test result: ok. 0 passed; 0 failed; 0 ignored; 0 measured; 0 filtered out; finished in 0.00s\n[CI/Test on Windows        ]   | \n[CI/Test on Windows        ]   |      Running unittests src/main.rs (target/debug/deps/site-8b82b206f1c6e12f)\n[CI/Test on Windows        ]   |    Doc-tests benchlib\n[CI/Test on Windows        ]   | \n[CI/Test on Windows        ]   | running 0 tests\n[CI/Test on Windows        ]   | \n[CI/Test on Windows        ]   | test result: ok. 0 passed; 0 failed; 0 ignored; 0 measured; 0 filtered out; finished in 0.00s\n[CI/Test on Windows        ]   | \n[CI/Test on Windows        ]   |    Doc-tests collector\n[CI/Test on Windows        ]   | \n[CI/Test on Windows        ]   | running 0 tests\n[CI/Test on Windows        ]   | \n[CI/Test on Windows        ]   | test result: ok. 0 passed; 0 failed; 0 ignored; 0 measured; 0 filtered out; finished in 0.00s\n[CI/Test on Windows        ]   | \n[CI/Test on Windows        ]   |    Doc-tests database\n[CI/Test on Windows        ]   | \n[CI/Test on Windows        ]   | running 0 tests\n[CI/Test on Windows        ]   | \n[CI/Test on Windows        ]   | test result: ok. 0 passed; 0 failed; 0 ignored; 0 measured; 0 filtered out; finished in 0.00s\n[CI/Test on Windows        ]   | \n[CI/Test on Windows        ]   |    Doc-tests intern\n[CI/Test on Windows        ]   | \n[CI/Test on Windows        ]   | running 0 tests\n[CI/Test on Windows        ]   | \n[CI/Test on Windows        ]   | test result: ok. 0 passed; 0 failed; 0 ignored; 0 measured; 0 filtered out; finished in 0.00s\n[CI/Test on Windows        ]   | \n[CI/Test on Windows        ]   |    Doc-tests site\n[CI/Test on Windows        ]   | \n[CI/Test on Windows        ]   | running 0 tests\n[CI/Test on Windows        ]   | \n[CI/Test on Windows        ]   | test result: ok. 0 passed; 0 failed; 0 ignored; 0 measured; 0 filtered out; finished in 0.00s\n[CI/Test on Windows        ]   | \n[CI/Test on Windows        ]   \u2705  Success - Main Run unit tests\n[CI/Database Check         ]   \u274c  Failure - Main Connect to PostgreSQL\n[CI/Database Check         ] exitcode '1': failure\n[CI/Test on Windows        ] \u2b50 Run Post Swatinem/rust-cache@v2\n[CI/Test on Windows        ]   \ud83d\udc33  docker exec cmd=[node /var/run/act/actions/Swatinem-rust-cache@v2/dist/save/index.js] user= workdir=\n[CI/Database Check         ] \ud83c\udfc1  Job failed\n[CI/Test on Windows        ]   \u274c  Failure - Post Swatinem/rust-cache@v2\n[CI/Test on Windows        ] failed to remove container: Delete \"http://%2Fvar%2Frun%2Fdocker.sock/v1.41/containers/40c7266bc232373aaaacf6f0925af6d767a0e50f53e1d1fad54bd75b40fdc0a0?force=1&v=1\": context deadline exceeded\n[CI/Test on Windows        ] \ud83c\udfc1  Job succeeded\n",
    "actions_stderr": "Error: context canceled\n"
}