{
    "repository": "daboross/fern",
    "clone_url": "https://github.com/daboross/fern.git",
    "timestamp": "2023-05-30T08:35:43.895564Z",
    "clone_success": true,
    "number of actions": 1,
    "number_of_test_actions": 1,
    "actions_successful": false,
    "actions_stdout": "[tests/Linux-only Examples                 ] \ud83d\ude80  Start image=crawlergpt:latest\n[tests/MSRV Compatability - fern/date-based] \ud83d\ude80  Start image=crawlergpt:latest\n[tests/MSRV Compatability - fern           ] \ud83d\ude80  Start image=crawlergpt:latest\n[tests/Test Suite                          ] \ud83d\ude80  Start image=crawlergpt:latest\n[tests/MSRV Compatability - fern/syslog-6  ] \ud83d\ude80  Start image=crawlergpt:latest\n[tests/Optional Lints                      ] \ud83d\ude80  Start image=crawlergpt:latest\n[tests/MSRV Compatability - fern/syslog-4  ] \ud83d\ude80  Start image=crawlergpt:latest\n[tests/Test Suite                          ]   \ud83d\udc33  docker pull image=crawlergpt:latest platform= username= forcePull=false\n[tests/MSRV Compatability - fern/syslog-6  ]   \ud83d\udc33  docker pull image=crawlergpt:latest platform= username= forcePull=false\n[tests/Linux-only Examples                 ]   \ud83d\udc33  docker pull image=crawlergpt:latest platform= username= forcePull=false\n[tests/MSRV Compatability - fern/date-based]   \ud83d\udc33  docker pull image=crawlergpt:latest platform= username= forcePull=false\n[tests/Optional Lints                      ]   \ud83d\udc33  docker pull image=crawlergpt:latest platform= username= forcePull=false\n[tests/MSRV Compatability - fern           ]   \ud83d\udc33  docker pull image=crawlergpt:latest platform= username= forcePull=false\n[tests/MSRV Compatability - fern/syslog-4  ]   \ud83d\udc33  docker pull image=crawlergpt:latest platform= username= forcePull=false\n[tests/Test Suite                          ]   \ud83d\udc33  docker create image=crawlergpt:latest platform= entrypoint=[\"tail\" \"-f\" \"/dev/null\"] cmd=[]\n[tests/MSRV Compatability - fern/syslog-4  ]   \ud83d\udc33  docker create image=crawlergpt:latest platform= entrypoint=[\"tail\" \"-f\" \"/dev/null\"] cmd=[]\n[tests/MSRV Compatability - fern           ]   \ud83d\udc33  docker create image=crawlergpt:latest platform= entrypoint=[\"tail\" \"-f\" \"/dev/null\"] cmd=[]\n[tests/Optional Lints                      ]   \ud83d\udc33  docker create image=crawlergpt:latest platform= entrypoint=[\"tail\" \"-f\" \"/dev/null\"] cmd=[]\n[tests/Linux-only Examples                 ]   \ud83d\udc33  docker create image=crawlergpt:latest platform= entrypoint=[\"tail\" \"-f\" \"/dev/null\"] cmd=[]\n[tests/MSRV Compatability - fern/syslog-6  ]   \ud83d\udc33  docker create image=crawlergpt:latest platform= entrypoint=[\"tail\" \"-f\" \"/dev/null\"] cmd=[]\n[tests/MSRV Compatability - fern/date-based]   \ud83d\udc33  docker create image=crawlergpt:latest platform= entrypoint=[\"tail\" \"-f\" \"/dev/null\"] cmd=[]\n[tests/MSRV Compatability - fern/syslog-6  ]   \ud83d\udc33  docker run image=crawlergpt:latest platform= entrypoint=[\"tail\" \"-f\" \"/dev/null\"] cmd=[]\n[tests/MSRV Compatability - fern/syslog-4  ]   \ud83d\udc33  docker run image=crawlergpt:latest platform= entrypoint=[\"tail\" \"-f\" \"/dev/null\"] cmd=[]\n[tests/Linux-only Examples                 ]   \ud83d\udc33  docker run image=crawlergpt:latest platform= entrypoint=[\"tail\" \"-f\" \"/dev/null\"] cmd=[]\n[tests/Test Suite                          ]   \ud83d\udc33  docker run image=crawlergpt:latest platform= entrypoint=[\"tail\" \"-f\" \"/dev/null\"] cmd=[]\n[tests/MSRV Compatability - fern/date-based]   \ud83d\udc33  docker run image=crawlergpt:latest platform= entrypoint=[\"tail\" \"-f\" \"/dev/null\"] cmd=[]\n[tests/MSRV Compatability - fern           ]   \ud83d\udc33  docker run image=crawlergpt:latest platform= entrypoint=[\"tail\" \"-f\" \"/dev/null\"] cmd=[]\n[tests/Optional Lints                      ]   \ud83d\udc33  docker run image=crawlergpt:latest platform= entrypoint=[\"tail\" \"-f\" \"/dev/null\"] cmd=[]\n[tests/MSRV Compatability - fern           ]   \ud83d\udc33  docker exec cmd=[chown -R 1012:1000 /tmp/c1e8dd3a-fec2-11ed-a890-af2cc187fc11/daboross-fern] user=0 workdir=\n[tests/Optional Lints                      ]   \ud83d\udc33  docker exec cmd=[chown -R 1012:1000 /tmp/c1e8dd3a-fec2-11ed-a890-af2cc187fc11/daboross-fern] user=0 workdir=\n[tests/MSRV Compatability - fern/syslog-6  ]   \ud83d\udc33  docker exec cmd=[chown -R 1012:1000 /tmp/c1e8dd3a-fec2-11ed-a890-af2cc187fc11/daboross-fern] user=0 workdir=\n[tests/MSRV Compatability - fern/date-based]   \ud83d\udc33  docker exec cmd=[chown -R 1012:1000 /tmp/c1e8dd3a-fec2-11ed-a890-af2cc187fc11/daboross-fern] user=0 workdir=\n[tests/Test Suite                          ]   \ud83d\udc33  docker exec cmd=[chown -R 1012:1000 /tmp/c1e8dd3a-fec2-11ed-a890-af2cc187fc11/daboross-fern] user=0 workdir=\n[tests/MSRV Compatability - fern/syslog-6  ]   \u2601  git clone 'https://github.com/actions-rs/toolchain' # ref=v1\n[tests/Optional Lints                      ]   \u2601  git clone 'https://github.com/actions-rs/toolchain' # ref=v1\n[tests/MSRV Compatability - fern           ]   \u2601  git clone 'https://github.com/actions-rs/toolchain' # ref=v1\n[tests/MSRV Compatability - fern/date-based]   \u2601  git clone 'https://github.com/actions-rs/toolchain' # ref=v1\n[tests/Test Suite                          ]   \u2601  git clone 'https://github.com/actions-rs/toolchain' # ref=v1\n[tests/MSRV Compatability - fern/syslog-6  ] \ud83e\uddea  Matrix: map[os:ubuntu-latest]\n[tests/Optional Lints                      ] Unable to checkout 16499b5e05bf2e26879000db0c1d13f7e13fa3af: EOF\n[tests/MSRV Compatability - fern/syslog-6  ] \u2b50 Run Main actions/checkout@v2\n[tests/MSRV Compatability - fern           ] Unable to checkout 16499b5e05bf2e26879000db0c1d13f7e13fa3af: EOF\n[tests/MSRV Compatability - fern/date-based] \ud83e\uddea  Matrix: map[os:ubuntu-latest]\n[tests/Test Suite                          ]   \u2601  git clone 'https://github.com/actions-rs/cargo' # ref=v1\n[tests/Test Suite                          ]   \u2601  git clone 'https://github.com/actions-rs/cargo' # ref=v1\n[tests/MSRV Compatability - fern/syslog-6  ]   \u2705  Success - Main actions/checkout@v2\n[tests/Test Suite                          ]   \u2601  git clone 'https://github.com/actions-rs/cargo' # ref=v1\n[tests/Test Suite                          ]   \u2601  git clone 'https://github.com/actions-rs/cargo' # ref=v1\n[tests/MSRV Compatability - fern/date-based] \u2b50 Run Main actions/checkout@v2\n[tests/Test Suite                          ]   \u2601  git clone 'https://github.com/actions-rs/cargo' # ref=v1\n[tests/MSRV Compatability - fern/syslog-4  ]   \ud83d\udc33  docker exec cmd=[chown -R 1012:1000 /tmp/c1e8dd3a-fec2-11ed-a890-af2cc187fc11/daboross-fern] user=0 workdir=\n[tests/Test Suite                          ]   \u2601  git clone 'https://github.com/actions-rs/cargo' # ref=v1\n[tests/Test Suite                          ]   \u2601  git clone 'https://github.com/actions-rs/cargo' # ref=v1\n[tests/Test Suite                          ]   \u2601  git clone 'https://github.com/actions-rs/cargo' # ref=v1\n[tests/MSRV Compatability - fern/date-based]   \u2705  Success - Main actions/checkout@v2\n[tests/Test Suite                          ]   \u2601  git clone 'https://github.com/actions-rs/cargo' # ref=v1\n[tests/Test Suite                          ]   \u2601  git clone 'https://github.com/actions-rs/cargo' # ref=v1\n[tests/Test Suite                          ]   \u2601  git clone 'https://github.com/actions-rs/cargo' # ref=v1\n[tests/Test Suite                          ]   \u2601  git clone 'https://github.com/actions-rs/cargo' # ref=v1\n[tests/Test Suite                          ] \ud83e\uddea  Matrix: map[os:ubuntu-latest rust:stable]\n[tests/Test Suite                          ] \u2b50 Run Main actions/checkout@v2\n[tests/MSRV Compatability - fern/syslog-6  ] \u2b50 Run Main actions-rs/toolchain@v1\n[tests/MSRV Compatability - fern/syslog-4  ]   \u2601  git clone 'https://github.com/actions-rs/toolchain' # ref=v1\n[tests/MSRV Compatability - fern/syslog-4  ] \ud83e\uddea  Matrix: map[os:ubuntu-latest]\n[tests/MSRV Compatability - fern/syslog-4  ] \u2b50 Run Main actions/checkout@v2\n[tests/Test Suite                          ]   \u2705  Success - Main actions/checkout@v2\n[tests/MSRV Compatability - fern/syslog-4  ]   \u2705  Success - Main actions/checkout@v2\n[tests/MSRV Compatability - fern/syslog-6  ]   \ud83d\udc33  docker cp src=/home/andre-silva/.cache/act/actions-rs-toolchain@v1/ dst=/var/run/act/actions/actions-rs-toolchain@v1/\n[tests/MSRV Compatability - fern/date-based] \u2b50 Run Main actions-rs/toolchain@v1\n[tests/Optional Lints                      ] \ud83c\udfc1  Job succeeded\n[tests/MSRV Compatability - fern/syslog-6  ]   \ud83d\udc33  docker exec cmd=[chown -R 1012:1000 /var/run/act/actions/actions-rs-toolchain@v1/] user=0 workdir=\n[tests/MSRV Compatability - fern/date-based]   \ud83d\udc33  docker cp src=/home/andre-silva/.cache/act/actions-rs-toolchain@v1/ dst=/var/run/act/actions/actions-rs-toolchain@v1/\n[tests/MSRV Compatability - fern/date-based]   \ud83d\udc33  docker exec cmd=[chown -R 1012:1000 /var/run/act/actions/actions-rs-toolchain@v1/] user=0 workdir=\n[tests/Test Suite                          ] \u2b50 Run Main actions-rs/toolchain@v1\n[tests/MSRV Compatability - fern/syslog-4  ] \u2b50 Run Main actions-rs/toolchain@v1\n[tests/MSRV Compatability - fern/syslog-4  ]   \ud83d\udc33  docker cp src=/home/andre-silva/.cache/act/actions-rs-toolchain@v1/ dst=/var/run/act/actions/actions-rs-toolchain@v1/\n[tests/Test Suite                          ]   \ud83d\udc33  docker cp src=/home/andre-silva/.cache/act/actions-rs-toolchain@v1/ dst=/var/run/act/actions/actions-rs-toolchain@v1/\n[tests/MSRV Compatability - fern/syslog-6  ]   \ud83d\udc33  docker exec cmd=[node /var/run/act/actions/actions-rs-toolchain@v1/dist/index.js] user= workdir=\n[tests/MSRV Compatability - fern/syslog-4  ]   \ud83d\udc33  docker exec cmd=[chown -R 1012:1000 /var/run/act/actions/actions-rs-toolchain@v1/] user=0 workdir=\n[tests/Test Suite                          ]   \ud83d\udc33  docker exec cmd=[chown -R 1012:1000 /var/run/act/actions/actions-rs-toolchain@v1/] user=0 workdir=\n[tests/MSRV Compatability - fern           ] \ud83c\udfc1  Job succeeded\n[tests/MSRV Compatability - fern/syslog-4  ]   \ud83d\udc33  docker exec cmd=[node /var/run/act/actions/actions-rs-toolchain@v1/dist/index.js] user= workdir=\n[tests/MSRV Compatability - fern/date-based]   \ud83d\udc33  docker exec cmd=[node /var/run/act/actions/actions-rs-toolchain@v1/dist/index.js] user= workdir=\n[tests/Test Suite                          ]   \ud83d\udc33  docker exec cmd=[node /var/run/act/actions/actions-rs-toolchain@v1/dist/index.js] user= workdir=\n[tests/MSRV Compatability - fern/syslog-6  ]   \ud83d\udcac  ::debug::using toolchain from input: 1.59.0\n[tests/MSRV Compatability - fern/syslog-6  ]   \ud83d\udcac  ::debug::Unable to find \"rustup\" executable, installing it now. Reason: Error: Unable to locate executable file: rustup. Please verify either the file path exists or the file can be found within a directory specified by the PATH environment variable. Also check the file mode to verify the file is executable.\n[tests/MSRV Compatability - fern/syslog-6  ]   \ud83d\udcac  ::debug::Downloading https://sh.rustup.rs\n[tests/MSRV Compatability - fern/syslog-6  ]   \ud83d\udcac  ::debug::Destination /tmp/197b1ea3-c47f-49a3-b8e8-2de7f14461f2\n[tests/MSRV Compatability - fern/syslog-6  ]   \ud83d\udcac  ::debug::download complete\n[tests/MSRV Compatability - fern/syslog-6  ]   \ud83d\udcac  ::debug::Executing chmod 755 on the /tmp/197b1ea3-c47f-49a3-b8e8-2de7f14461f2\n[tests/MSRV Compatability - fern/syslog-6  ]   | [command]/tmp/197b1ea3-c47f-49a3-b8e8-2de7f14461f2 --default-toolchain none -y\n[tests/MSRV Compatability - fern/syslog-6  ]   | info: downloading installer\n[tests/Test Suite                          ]   \ud83d\udcac  ::debug::using toolchain from input: stable\n[tests/MSRV Compatability - fern/date-based]   \ud83d\udcac  ::debug::using toolchain from input: 1.48.0\n[tests/Test Suite                          ]   \ud83d\udcac  ::debug::Unable to find \"rustup\" executable, installing it now. Reason: Error: Unable to locate executable file: rustup. Please verify either the file path exists or the file can be found within a directory specified by the PATH environment variable. Also check the file mode to verify the file is executable.\n[tests/Test Suite                          ]   \ud83d\udcac  ::debug::Downloading https://sh.rustup.rs\n[tests/Test Suite                          ]   \ud83d\udcac  ::debug::Destination /tmp/13bc15f1-c995-400f-8a3d-2647f70fc356\n[tests/MSRV Compatability - fern/date-based]   \ud83d\udcac  ::debug::Unable to find \"rustup\" executable, installing it now. Reason: Error: Unable to locate executable file: rustup. Please verify either the file path exists or the file can be found within a directory specified by the PATH environment variable. Also check the file mode to verify the file is executable.\n[tests/MSRV Compatability - fern/date-based]   \ud83d\udcac  ::debug::Downloading https://sh.rustup.rs\n[tests/MSRV Compatability - fern/date-based]   \ud83d\udcac  ::debug::Destination /tmp/524df679-314b-4eed-ae95-97ae7fe10b9c\n[tests/Test Suite                          ]   \ud83d\udcac  ::debug::download complete\n[tests/Test Suite                          ]   \ud83d\udcac  ::debug::Executing chmod 755 on the /tmp/13bc15f1-c995-400f-8a3d-2647f70fc356\n[tests/Test Suite                          ]   | [command]/tmp/13bc15f1-c995-400f-8a3d-2647f70fc356 --default-toolchain none -y\n[tests/MSRV Compatability - fern/date-based]   \ud83d\udcac  ::debug::download complete\n[tests/MSRV Compatability - fern/date-based]   \ud83d\udcac  ::debug::Executing chmod 755 on the /tmp/524df679-314b-4eed-ae95-97ae7fe10b9c\n[tests/MSRV Compatability - fern/date-based]   | [command]/tmp/524df679-314b-4eed-ae95-97ae7fe10b9c --default-toolchain none -y\n[tests/MSRV Compatability - fern/syslog-4  ]   \ud83d\udcac  ::debug::using toolchain from input: 1.51.0\n[tests/MSRV Compatability - fern/syslog-4  ]   \ud83d\udcac  ::debug::Unable to find \"rustup\" executable, installing it now. Reason: Error: Unable to locate executable file: rustup. Please verify either the file path exists or the file can be found within a directory specified by the PATH environment variable. Also check the file mode to verify the file is executable.\n[tests/MSRV Compatability - fern/syslog-4  ]   \ud83d\udcac  ::debug::Downloading https://sh.rustup.rs\n[tests/MSRV Compatability - fern/syslog-4  ]   \ud83d\udcac  ::debug::Destination /tmp/3b000406-aea1-4b74-b489-1e09e2b3a6f0\n[tests/MSRV Compatability - fern/date-based]   | info: downloading installer\n[tests/Test Suite                          ]   | info: downloading installer\n[tests/MSRV Compatability - fern/syslog-4  ]   \ud83d\udcac  ::debug::download complete\n[tests/MSRV Compatability - fern/syslog-4  ]   \ud83d\udcac  ::debug::Executing chmod 755 on the /tmp/3b000406-aea1-4b74-b489-1e09e2b3a6f0\n[tests/MSRV Compatability - fern/syslog-4  ]   | [command]/tmp/3b000406-aea1-4b74-b489-1e09e2b3a6f0 --default-toolchain none -y\n[tests/MSRV Compatability - fern/syslog-6  ]   | info: profile set to 'default'\n[tests/MSRV Compatability - fern/syslog-6  ]   | info: default host triple is x86_64-unknown-linux-gnu\n[tests/MSRV Compatability - fern/syslog-6  ]   | info: skipping toolchain installation\n[tests/MSRV Compatability - fern/syslog-6  ]   | \n[tests/MSRV Compatability - fern/syslog-6  ]   | \n[tests/MSRV Compatability - fern/syslog-6  ]   | Rust is installed now. Great!\n[tests/MSRV Compatability - fern/syslog-6  ]   | \n[tests/MSRV Compatability - fern/syslog-6  ]   | To get started you may need to restart your current shell.\n[tests/MSRV Compatability - fern/syslog-6  ]   | This would reload your PATH environment variable to include\n[tests/MSRV Compatability - fern/syslog-6  ]   | Cargo's bin directory ($HOME/.cargo/bin).\n[tests/MSRV Compatability - fern/syslog-6  ]   | \n[tests/MSRV Compatability - fern/syslog-6  ]   | To configure your current shell, run:\n[tests/MSRV Compatability - fern/syslog-6  ]   | source \"$HOME/.cargo/env\"\n[tests/MSRV Compatability - fern/syslog-6  ]   | [command]/home/runneradmin/.cargo/bin/rustup show\n[tests/MSRV Compatability - fern/syslog-4  ]   | info: downloading installer\n[tests/MSRV Compatability - fern/syslog-6  ]   | Default host: x86_64-unknown-linux-gnu\n[tests/MSRV Compatability - fern/syslog-6  ]   | rustup home:  /home/runneradmin/.rustup\n[tests/MSRV Compatability - fern/syslog-6  ]   | \n[tests/MSRV Compatability - fern/syslog-6  ]   | no active toolchain\n[tests/MSRV Compatability - fern/syslog-6  ]   | [command]/home/runneradmin/.cargo/bin/rustup -V\n[tests/MSRV Compatability - fern/syslog-6  ]   | rustup 1.26.0 (5af9b9484 2023-04-05)\n[tests/MSRV Compatability - fern/syslog-6  ]   | info: This is the version for the rustup toolchain manager, not the rustc compiler.\n[tests/MSRV Compatability - fern/syslog-6  ]   | Installed rustup 1.26.0 support profiles\n[tests/MSRV Compatability - fern/syslog-6  ]   | [command]/home/runneradmin/.cargo/bin/rustup set profile minimal\n[tests/MSRV Compatability - fern/syslog-6  ]   | info: profile set to 'minimal'\n[tests/MSRV Compatability - fern/syslog-6  ]   | [command]/home/runneradmin/.cargo/bin/rustup toolchain install 1.59.0\n[tests/MSRV Compatability - fern/syslog-6  ]   | info: syncing channel updates for '1.59.0-x86_64-unknown-linux-gnu'\n[tests/MSRV Compatability - fern/syslog-4  ]   | info: profile set to 'default'\n[tests/MSRV Compatability - fern/syslog-4  ]   | info: default host triple is x86_64-unknown-linux-gnu\n[tests/MSRV Compatability - fern/syslog-4  ]   | info: skipping toolchain installation\n[tests/MSRV Compatability - fern/syslog-4  ]   | \n[tests/MSRV Compatability - fern/syslog-4  ]   | \n[tests/MSRV Compatability - fern/syslog-4  ]   | Rust is installed now. Great!\n[tests/MSRV Compatability - fern/syslog-4  ]   | \n[tests/MSRV Compatability - fern/syslog-4  ]   | To get started you may need to restart your current shell.\n[tests/MSRV Compatability - fern/syslog-4  ]   | This would reload your PATH environment variable to include\n[tests/MSRV Compatability - fern/syslog-4  ]   | Cargo's bin directory ($HOME/.cargo/bin).\n[tests/MSRV Compatability - fern/syslog-4  ]   | \n[tests/MSRV Compatability - fern/syslog-4  ]   | To configure your current shell, run:\n[tests/MSRV Compatability - fern/syslog-4  ]   | source \"$HOME/.cargo/env\"\n[tests/MSRV Compatability - fern/syslog-4  ]   | [command]/home/runneradmin/.cargo/bin/rustup show\n[tests/MSRV Compatability - fern/syslog-4  ]   | Default host: x86_64-unknown-linux-gnu\n[tests/MSRV Compatability - fern/syslog-4  ]   | rustup home:  /home/runneradmin/.rustup\n[tests/MSRV Compatability - fern/syslog-4  ]   | \n[tests/MSRV Compatability - fern/syslog-4  ]   | no active toolchain\n[tests/MSRV Compatability - fern/syslog-4  ]   | [command]/home/runneradmin/.cargo/bin/rustup -V\n[tests/MSRV Compatability - fern/syslog-4  ]   | rustup 1.26.0 (5af9b9484 2023-04-05)\n[tests/MSRV Compatability - fern/syslog-4  ]   | info: This is the version for the rustup toolchain manager, not the rustc compiler.\n[tests/MSRV Compatability - fern/syslog-4  ]   | Installed rustup 1.26.0 support profiles\n[tests/MSRV Compatability - fern/syslog-4  ]   | [command]/home/runneradmin/.cargo/bin/rustup set profile minimal\n[tests/MSRV Compatability - fern/syslog-4  ]   | info: profile set to 'minimal'\n[tests/MSRV Compatability - fern/syslog-4  ]   | [command]/home/runneradmin/.cargo/bin/rustup toolchain install 1.51.0\n[tests/MSRV Compatability - fern/syslog-4  ]   | info: syncing channel updates for '1.51.0-x86_64-unknown-linux-gnu'\n[tests/Test Suite                          ]   | info: profile set to 'default'\n[tests/Test Suite                          ]   | info: default host triple is x86_64-unknown-linux-gnu\n[tests/Test Suite                          ]   | info: skipping toolchain installation\n[tests/Test Suite                          ]   | \n[tests/Test Suite                          ]   | \n[tests/Test Suite                          ]   | Rust is installed now. Great!\n[tests/Test Suite                          ]   | \n[tests/Test Suite                          ]   | To get started you may need to restart your current shell.\n[tests/Test Suite                          ]   | This would reload your PATH environment variable to include\n[tests/Test Suite                          ]   | Cargo's bin directory ($HOME/.cargo/bin).\n[tests/Test Suite                          ]   | \n[tests/Test Suite                          ]   | To configure your current shell, run:\n[tests/Test Suite                          ]   | source \"$HOME/.cargo/env\"\n[tests/Test Suite                          ]   | [command]/home/runneradmin/.cargo/bin/rustup show\n[tests/Test Suite                          ]   | Default host: x86_64-unknown-linux-gnu\n[tests/Test Suite                          ]   | rustup home:  /home/runneradmin/.rustup\n[tests/Test Suite                          ]   | \n[tests/Test Suite                          ]   | no active toolchain\n[tests/Test Suite                          ]   | [command]/home/runneradmin/.cargo/bin/rustup -V\n[tests/Test Suite                          ]   | rustup 1.26.0 (5af9b9484 2023-04-05)\n[tests/Test Suite                          ]   | info: This is the version for the rustup toolchain manager, not the rustc compiler.\n[tests/Test Suite                          ]   | Installed rustup 1.26.0 support profiles\n[tests/Test Suite                          ]   | [command]/home/runneradmin/.cargo/bin/rustup set profile minimal\n[tests/Test Suite                          ]   | info: profile set to 'minimal'\n[tests/Test Suite                          ]   | [command]/home/runneradmin/.cargo/bin/rustup toolchain install stable\n[tests/Test Suite                          ]   | info: syncing channel updates for 'stable-x86_64-unknown-linux-gnu'\n[tests/MSRV Compatability - fern/syslog-4  ]   | info: latest update on 2021-03-25, rust version 1.51.0 (2fd73fabe 2021-03-23)\n[tests/MSRV Compatability - fern/syslog-4  ]   | info: downloading component 'cargo'\n[tests/MSRV Compatability - fern/syslog-4  ]   | info: downloading component 'rust-std'\n[tests/Test Suite                          ]   | info: latest update on 2023-04-20, rust version 1.69.0 (84c898d65 2023-04-16)\n[tests/Test Suite                          ]   | info: downloading component 'cargo'\n[tests/Test Suite                          ]   | info: downloading component 'rust-std'\n[tests/MSRV Compatability - fern/syslog-4  ]   | info: downloading component 'rustc'\n[tests/Test Suite                          ]   | info: downloading component 'rustc'\n[tests/MSRV Compatability - fern/syslog-4  ]   | info: installing component 'cargo'\n[tests/MSRV Compatability - fern/syslog-6  ]   | info: latest update on 2022-02-24, rust version 1.59.0 (9d1b2106e 2022-02-23)\n[tests/MSRV Compatability - fern/syslog-6  ]   | info: downloading component 'cargo'\n[tests/MSRV Compatability - fern/syslog-6  ]   | info: downloading component 'rust-std'\n[tests/Test Suite                          ]   | info: installing component 'cargo'\n[tests/MSRV Compatability - fern/syslog-4  ]   | info: installing component 'rust-std'\n[tests/MSRV Compatability - fern/syslog-6  ]   | info: downloading component 'rustc'\n[tests/Test Suite                          ]   | info: installing component 'rust-std'\n[tests/MSRV Compatability - fern/date-based]   | info: profile set to 'default'\n[tests/MSRV Compatability - fern/date-based]   | info: default host triple is x86_64-unknown-linux-gnu\n[tests/MSRV Compatability - fern/date-based]   | info: skipping toolchain installation\n[tests/MSRV Compatability - fern/date-based]   | \n[tests/MSRV Compatability - fern/date-based]   | \n[tests/MSRV Compatability - fern/date-based]   | Rust is installed now. Great!\n[tests/MSRV Compatability - fern/date-based]   | \n[tests/MSRV Compatability - fern/date-based]   | To get started you may need to restart your current shell.\n[tests/MSRV Compatability - fern/date-based]   | This would reload your PATH environment variable to include\n[tests/MSRV Compatability - fern/date-based]   | Cargo's bin directory ($HOME/.cargo/bin).\n[tests/MSRV Compatability - fern/date-based]   | \n[tests/MSRV Compatability - fern/date-based]   | To configure your current shell, run:\n[tests/MSRV Compatability - fern/date-based]   | source \"$HOME/.cargo/env\"\n[tests/MSRV Compatability - fern/date-based]   | [command]/home/runneradmin/.cargo/bin/rustup show\n[tests/MSRV Compatability - fern/date-based]   | Default host: x86_64-unknown-linux-gnu\n[tests/MSRV Compatability - fern/date-based]   | rustup home:  /home/runneradmin/.rustup\n[tests/MSRV Compatability - fern/date-based]   | \n[tests/MSRV Compatability - fern/date-based]   | no active toolchain\n[tests/MSRV Compatability - fern/date-based]   | [command]/home/runneradmin/.cargo/bin/rustup -V\n[tests/MSRV Compatability - fern/syslog-6  ]   | info: installing component 'cargo'\n[tests/MSRV Compatability - fern/date-based]   | rustup 1.26.0 (5af9b9484 2023-04-05)\n[tests/MSRV Compatability - fern/date-based]   | info: This is the version for the rustup toolchain manager, not the rustc compiler.\n[tests/MSRV Compatability - fern/date-based]   | Installed rustup 1.26.0 support profiles\n[tests/MSRV Compatability - fern/date-based]   | [command]/home/runneradmin/.cargo/bin/rustup set profile minimal\n[tests/MSRV Compatability - fern/date-based]   | info: profile set to 'minimal'\n[tests/MSRV Compatability - fern/date-based]   | [command]/home/runneradmin/.cargo/bin/rustup toolchain install 1.48.0\n[tests/MSRV Compatability - fern/date-based]   | info: syncing channel updates for '1.48.0-x86_64-unknown-linux-gnu'\n[tests/MSRV Compatability - fern/syslog-4  ]   | info: installing component 'rustc'\n[tests/MSRV Compatability - fern/syslog-6  ]   | info: installing component 'rust-std'\n[tests/Test Suite                          ]   | info: installing component 'rustc'\n[tests/MSRV Compatability - fern/date-based]   | info: latest update on 2020-11-19, rust version 1.48.0 (7eac88abb 2020-11-16)\n[tests/MSRV Compatability - fern/date-based]   | info: downloading component 'cargo'\n[tests/MSRV Compatability - fern/date-based]   | info: downloading component 'rust-std'\n[tests/MSRV Compatability - fern/syslog-6  ]   | info: installing component 'rustc'\n[tests/MSRV Compatability - fern/syslog-4  ]   | \n[tests/MSRV Compatability - fern/syslog-4  ]   |   1.51.0-x86_64-unknown-linux-gnu installed - rustc 1.51.0 (2fd73fabe 2021-03-23)\n[tests/MSRV Compatability - fern/syslog-4  ]   | \n[tests/MSRV Compatability - fern/syslog-4  ]   | info: default toolchain set to '1.51.0-x86_64-unknown-linux-gnu'\n[tests/MSRV Compatability - fern/syslog-4  ]   | info: checking for self-update\n[tests/MSRV Compatability - fern/syslog-4  ]   | [command]/home/runneradmin/.cargo/bin/rustup override set 1.51.0\n[tests/MSRV Compatability - fern/syslog-4  ]   | info: using existing install for '1.51.0-x86_64-unknown-linux-gnu'\n[tests/MSRV Compatability - fern/syslog-4  ]   | info: override toolchain for '/tmp/c1e8dd3a-fec2-11ed-a890-af2cc187fc11/daboross-fern' set to '1.51.0-x86_64-unknown-linux-gnu'\n[tests/MSRV Compatability - fern/syslog-4  ]   | \n[tests/MSRV Compatability - fern/syslog-4  ]   |   1.51.0-x86_64-unknown-linux-gnu unchanged - rustc 1.51.0 (2fd73fabe 2021-03-23)\n[tests/MSRV Compatability - fern/syslog-4  ]   | \n[tests/MSRV Compatability - fern/syslog-4  ]   \u2753  ::group::Gathering installed versions\n[tests/MSRV Compatability - fern/syslog-4  ]   | [command]/home/runneradmin/.cargo/bin/rustc -V\n[tests/MSRV Compatability - fern/syslog-4  ]   | rustc 1.51.0 (2fd73fabe 2021-03-23)\n[tests/MSRV Compatability - fern/syslog-4  ]   \u2699  ::set-output:: rustc=1.51.0 (2fd73fabe 2021-03-23)\n[tests/MSRV Compatability - fern/syslog-4  ]   \u2699  ::set-output:: rustc_hash=2fd73fabe\n[tests/MSRV Compatability - fern/syslog-4  ]   | [command]/home/runneradmin/.cargo/bin/cargo -V\n[tests/MSRV Compatability - fern/syslog-4  ]   | cargo 1.51.0 (43b129a20 2021-03-16)\n[tests/MSRV Compatability - fern/syslog-4  ]   \u2699  ::set-output:: cargo=1.51.0 (43b129a20 2021-03-16)\n[tests/MSRV Compatability - fern/syslog-4  ]   | [command]/home/runneradmin/.cargo/bin/rustup -V\n[tests/MSRV Compatability - fern/syslog-4  ]   | rustup 1.26.0 (5af9b9484 2023-04-05)\n[tests/MSRV Compatability - fern/syslog-4  ]   | info: This is the version for the rustup toolchain manager, not the rustc compiler.\n[tests/MSRV Compatability - fern/syslog-4  ]   | info: The currently active `rustc` version is `rustc 1.51.0 (2fd73fabe 2021-03-23)`\n[tests/MSRV Compatability - fern/syslog-4  ]   \u2699  ::set-output:: rustup=1.26.0 (5af9b9484 2023-04-05)\n[tests/MSRV Compatability - fern/syslog-4  ]   \u2753  ::endgroup::\n[tests/MSRV Compatability - fern/syslog-4  ]   \u2705  Success - Main actions-rs/toolchain@v1\n[tests/MSRV Compatability - fern/syslog-4  ]   \u2699  ::add-path:: /home/runneradmin/.cargo/bin\n[tests/MSRV Compatability - fern/syslog-4  ] \u2b50 Run Main cargo build --features syslog-4\n[tests/Test Suite                          ]   | \n[tests/Test Suite                          ]   |   stable-x86_64-unknown-linux-gnu installed - rustc 1.69.0 (84c898d65 2023-04-16)\n[tests/Test Suite                          ]   | \n[tests/MSRV Compatability - fern/syslog-4  ]   \ud83d\udc33  docker exec cmd=[bash --noprofile --norc -e -o pipefail /var/run/act/workflow/2] user= workdir=\n[tests/Test Suite                          ]   | info: default toolchain set to 'stable-x86_64-unknown-linux-gnu'\n[tests/Test Suite                          ]   | info: checking for self-update\n[tests/Test Suite                          ]   | [command]/home/runneradmin/.cargo/bin/rustup override set stable\n[tests/Test Suite                          ]   | info: using existing install for 'stable-x86_64-unknown-linux-gnu'\n[tests/Test Suite                          ]   | info: override toolchain for '/tmp/c1e8dd3a-fec2-11ed-a890-af2cc187fc11/daboross-fern' set to 'stable-x86_64-unknown-linux-gnu'\n[tests/Test Suite                          ]   | \n[tests/Test Suite                          ]   |   stable-x86_64-unknown-linux-gnu unchanged - rustc 1.69.0 (84c898d65 2023-04-16)\n[tests/Test Suite                          ]   | \n[tests/Test Suite                          ]   \u2753  ::group::Gathering installed versions\n[tests/Test Suite                          ]   | [command]/home/runneradmin/.cargo/bin/rustc -V\n[tests/Test Suite                          ]   | rustc 1.69.0 (84c898d65 2023-04-16)\n[tests/Test Suite                          ]   \u2699  ::set-output:: rustc=1.69.0 (84c898d65 2023-04-16)\n[tests/Test Suite                          ]   \u2699  ::set-output:: rustc_hash=84c898d65\n[tests/Test Suite                          ]   | [command]/home/runneradmin/.cargo/bin/cargo -V\n[tests/Test Suite                          ]   | cargo 1.69.0 (6e9a83356 2023-04-12)\n[tests/Test Suite                          ]   \u2699  ::set-output:: cargo=1.69.0 (6e9a83356 2023-04-12)\n[tests/Test Suite                          ]   | [command]/home/runneradmin/.cargo/bin/rustup -V\n[tests/Test Suite                          ]   | rustup 1.26.0 (5af9b9484 2023-04-05)\n[tests/Test Suite                          ]   | info: This is the version for the rustup toolchain manager, not the rustc compiler.\n[tests/Test Suite                          ]   | info: The currently active `rustc` version is `rustc 1.69.0 (84c898d65 2023-04-16)`\n[tests/Test Suite                          ]   \u2699  ::set-output:: rustup=1.26.0 (5af9b9484 2023-04-05)\n[tests/Test Suite                          ]   \u2753  ::endgroup::\n[tests/Test Suite                          ]   \u2705  Success - Main actions-rs/toolchain@v1\n[tests/MSRV Compatability - fern/syslog-6  ]   | \n[tests/MSRV Compatability - fern/syslog-6  ]   |   1.59.0-x86_64-unknown-linux-gnu installed - rustc 1.59.0 (9d1b2106e 2022-02-23)\n[tests/MSRV Compatability - fern/syslog-6  ]   | \n[tests/MSRV Compatability - fern/syslog-6  ]   | info: default toolchain set to '1.59.0-x86_64-unknown-linux-gnu'\n[tests/MSRV Compatability - fern/syslog-6  ]   | info: checking for self-update\n[tests/MSRV Compatability - fern/syslog-6  ]   | [command]/home/runneradmin/.cargo/bin/rustup override set 1.59.0\n[tests/MSRV Compatability - fern/syslog-6  ]   | info: using existing install for '1.59.0-x86_64-unknown-linux-gnu'\n[tests/MSRV Compatability - fern/syslog-6  ]   | info: override toolchain for '/tmp/c1e8dd3a-fec2-11ed-a890-af2cc187fc11/daboross-fern' set to '1.59.0-x86_64-unknown-linux-gnu'\n[tests/MSRV Compatability - fern/syslog-6  ]   | \n[tests/MSRV Compatability - fern/syslog-6  ]   |   1.59.0-x86_64-unknown-linux-gnu unchanged - rustc 1.59.0 (9d1b2106e 2022-02-23)\n[tests/MSRV Compatability - fern/syslog-6  ]   | \n[tests/Test Suite                          ]   \u2699  ::add-path:: /home/runneradmin/.cargo/bin\n[tests/MSRV Compatability - fern/syslog-6  ]   \u2753  ::group::Gathering installed versions\n[tests/MSRV Compatability - fern/syslog-6  ]   | [command]/home/runneradmin/.cargo/bin/rustc -V\n[tests/MSRV Compatability - fern/syslog-6  ]   | rustc 1.59.0 (9d1b2106e 2022-02-23)\n[tests/MSRV Compatability - fern/syslog-6  ]   \u2699  ::set-output:: rustc=1.59.0 (9d1b2106e 2022-02-23)\n[tests/MSRV Compatability - fern/syslog-6  ]   \u2699  ::set-output:: rustc_hash=9d1b2106e\n[tests/MSRV Compatability - fern/syslog-6  ]   | [command]/home/runneradmin/.cargo/bin/cargo -V\n[tests/MSRV Compatability - fern/syslog-6  ]   | cargo 1.59.0 (49d8809dc 2022-02-10)\n[tests/MSRV Compatability - fern/syslog-6  ]   \u2699  ::set-output:: cargo=1.59.0 (49d8809dc 2022-02-10)\n[tests/MSRV Compatability - fern/syslog-6  ]   | [command]/home/runneradmin/.cargo/bin/rustup -V\n[tests/MSRV Compatability - fern/syslog-6  ]   | rustup 1.26.0 (5af9b9484 2023-04-05)\n[tests/MSRV Compatability - fern/syslog-6  ]   | info: This is the version for the rustup toolchain manager, not the rustc compiler.\n[tests/MSRV Compatability - fern/syslog-6  ]   | info: The currently active `rustc` version is `rustc 1.59.0 (9d1b2106e 2022-02-23)`\n[tests/MSRV Compatability - fern/syslog-6  ]   \u2699  ::set-output:: rustup=1.26.0 (5af9b9484 2023-04-05)\n[tests/MSRV Compatability - fern/syslog-6  ]   \u2753  ::endgroup::\n[tests/MSRV Compatability - fern/syslog-6  ]   \u2705  Success - Main actions-rs/toolchain@v1\n[tests/Test Suite                          ] \u2b50 Run Main actions-rs/cargo@v1\n[tests/Test Suite                          ]   \ud83d\udc33  docker cp src=/home/andre-silva/.cache/act/actions-rs-cargo@v1/ dst=/var/run/act/actions/actions-rs-cargo@v1/\n[tests/Test Suite                          ]   \ud83d\udc33  docker exec cmd=[chown -R 1012:1000 /var/run/act/actions/actions-rs-cargo@v1/] user=0 workdir=\n[tests/MSRV Compatability - fern/syslog-6  ]   \u2699  ::add-path:: /home/runneradmin/.cargo/bin\n[tests/MSRV Compatability - fern/syslog-6  ] \u2b50 Run Main cargo build --features syslog-6\n[tests/MSRV Compatability - fern/syslog-6  ]   \ud83d\udc33  docker exec cmd=[bash --noprofile --norc -e -o pipefail /var/run/act/workflow/2] user= workdir=\n[tests/MSRV Compatability - fern/date-based]   | info: downloading component 'rustc'\n[tests/MSRV Compatability - fern/date-based]   | info: installing component 'cargo'\n[tests/MSRV Compatability - fern/date-based]   | info: installing component 'rust-std'\n[tests/MSRV Compatability - fern/date-based]   | info: installing component 'rustc'\n[tests/MSRV Compatability - fern/date-based]   | \n[tests/MSRV Compatability - fern/date-based]   |   1.48.0-x86_64-unknown-linux-gnu installed - rustc 1.48.0 (7eac88abb 2020-11-16)\n[tests/MSRV Compatability - fern/date-based]   | \n[tests/MSRV Compatability - fern/date-based]   | info: default toolchain set to '1.48.0-x86_64-unknown-linux-gnu'\n[tests/MSRV Compatability - fern/date-based]   | info: checking for self-update\n[tests/MSRV Compatability - fern/date-based]   | [command]/home/runneradmin/.cargo/bin/rustup override set 1.48.0\n[tests/MSRV Compatability - fern/date-based]   | info: using existing install for '1.48.0-x86_64-unknown-linux-gnu'\n[tests/MSRV Compatability - fern/date-based]   | info: override toolchain for '/tmp/c1e8dd3a-fec2-11ed-a890-af2cc187fc11/daboross-fern' set to '1.48.0-x86_64-unknown-linux-gnu'\n[tests/MSRV Compatability - fern/date-based]   | \n[tests/MSRV Compatability - fern/date-based]   |   1.48.0-x86_64-unknown-linux-gnu unchanged - rustc 1.48.0 (7eac88abb 2020-11-16)\n[tests/MSRV Compatability - fern/date-based]   | \n[tests/MSRV Compatability - fern/date-based]   \u2753  ::group::Gathering installed versions\n[tests/MSRV Compatability - fern/date-based]   | [command]/home/runneradmin/.cargo/bin/rustc -V\n[tests/MSRV Compatability - fern/date-based]   | rustc 1.48.0 (7eac88abb 2020-11-16)\n[tests/MSRV Compatability - fern/date-based]   \u2699  ::set-output:: rustc=1.48.0 (7eac88abb 2020-11-16)\n[tests/MSRV Compatability - fern/date-based]   \u2699  ::set-output:: rustc_hash=7eac88abb\n[tests/MSRV Compatability - fern/date-based]   | [command]/home/runneradmin/.cargo/bin/cargo -V\n[tests/MSRV Compatability - fern/date-based]   | cargo 1.48.0 (65cbdd2dc 2020-10-14)\n[tests/MSRV Compatability - fern/date-based]   \u2699  ::set-output:: cargo=1.48.0 (65cbdd2dc 2020-10-14)\n[tests/MSRV Compatability - fern/date-based]   | [command]/home/runneradmin/.cargo/bin/rustup -V\n[tests/MSRV Compatability - fern/date-based]   | rustup 1.26.0 (5af9b9484 2023-04-05)\n[tests/MSRV Compatability - fern/date-based]   | info: This is the version for the rustup toolchain manager, not the rustc compiler.\n[tests/MSRV Compatability - fern/date-based]   | info: The currently active `rustc` version is `rustc 1.48.0 (7eac88abb 2020-11-16)`\n[tests/MSRV Compatability - fern/date-based]   \u2699  ::set-output:: rustup=1.26.0 (5af9b9484 2023-04-05)\n[tests/MSRV Compatability - fern/date-based]   \u2753  ::endgroup::\n[tests/MSRV Compatability - fern/date-based]   \u2705  Success - Main actions-rs/toolchain@v1\n[tests/MSRV Compatability - fern/date-based]   \u2699  ::add-path:: /home/runneradmin/.cargo/bin\n[tests/MSRV Compatability - fern/date-based] \u2b50 Run Main cargo build --features date-based\n[tests/MSRV Compatability - fern/date-based]   \ud83d\udc33  docker exec cmd=[bash --noprofile --norc -e -o pipefail /var/run/act/workflow/2] user= workdir=\n[tests/Test Suite                          ]   \ud83d\udc33  docker exec cmd=[node /var/run/act/actions/actions-rs-cargo@v1/dist/index.js] user= workdir=\n[tests/MSRV Compatability - fern/date-based]   | \u001b[0m\u001b[0m\u001b[1m\u001b[33mwarning\u001b[0m\u001b[1m:\u001b[0m unused manifest key: package.rust-version\n[tests/MSRV Compatability - fern/syslog-4  ]   | \u001b[0m\u001b[0m\u001b[1m\u001b[33mwarning\u001b[0m\u001b[1m:\u001b[0m `rust-version` is not supported on this version of Cargo and will be ignored\n[tests/MSRV Compatability - fern/syslog-4  ]   | \n[tests/MSRV Compatability - fern/syslog-4  ]   | this Cargo does not support nightly features, but if you\n[tests/MSRV Compatability - fern/syslog-4  ]   | switch to nightly channel you can add\n[tests/MSRV Compatability - fern/syslog-4  ]   | `cargo-features = [\"rust-version\"]` to enable this feature\n[tests/MSRV Compatability - fern/date-based]   | \u001b[0m\u001b[0m\u001b[1m\u001b[32m    Updating\u001b[0m crates.io index\n[tests/MSRV Compatability - fern/syslog-6  ]   | \u001b[0m\u001b[0m\u001b[1m\u001b[32m    Updating\u001b[0m crates.io index\n[tests/MSRV Compatability - fern/syslog-4  ]   | \u001b[0m\u001b[0m\u001b[1m\u001b[32m    Updating\u001b[0m crates.io index\n[tests/Test Suite                          ]   \u2753 add-matcher /run/act/actions/actions-rs-cargo@v1/dist/.matchers/rust.json\n[tests/Test Suite                          ]   | [command]/home/runneradmin/.cargo/bin/cargo build --lib --bins --examples --tests --benches\n[tests/Test Suite                          ]   | \u001b[0m\u001b[0m\u001b[1m\u001b[32m    Updating\u001b[0m crates.io index\n[tests/MSRV Compatability - fern/date-based]   | \u001b[0m\u001b[0m\u001b[1m\u001b[32m Downloading\u001b[0m crates ...\n[tests/MSRV Compatability - fern/date-based]   | \u001b[0m\u001b[0m\u001b[1m\u001b[32m  Downloaded\u001b[0m num-traits v0.2.15\n[tests/MSRV Compatability - fern/date-based]   | \u001b[0m\u001b[0m\u001b[1m\u001b[32m  Downloaded\u001b[0m autocfg v1.1.0\n[tests/MSRV Compatability - fern/date-based]   | \u001b[0m\u001b[0m\u001b[1m\u001b[32m  Downloaded\u001b[0m log v0.4.18\n[tests/MSRV Compatability - fern/date-based]   | \u001b[0m\u001b[0m\u001b[1m\u001b[32m  Downloaded\u001b[0m iana-time-zone v0.1.56\n[tests/MSRV Compatability - fern/date-based]   | \u001b[0m\u001b[0m\u001b[1m\u001b[32m  Downloaded\u001b[0m chrono v0.4.25\n[tests/MSRV Compatability - fern/date-based]   | \u001b[0m\u001b[0m\u001b[1m\u001b[32m   Compiling\u001b[0m autocfg v1.1.0\n[tests/MSRV Compatability - fern/date-based]   | \u001b[0m\u001b[0m\u001b[1m\u001b[32m   Compiling\u001b[0m log v0.4.18\n[tests/MSRV Compatability - fern/date-based]   | \u001b[0m\u001b[0m\u001b[1m\u001b[32m   Compiling\u001b[0m iana-time-zone v0.1.56\n[tests/MSRV Compatability - fern/syslog-4  ]   | \u001b[0m\u001b[0m\u001b[1m\u001b[32m Downloading\u001b[0m crates ...\n[tests/MSRV Compatability - fern/date-based]   | \u001b[0m\u001b[0m\u001b[1m\u001b[32m   Compiling\u001b[0m num-traits v0.2.15\n[tests/MSRV Compatability - fern/syslog-4  ]   | \u001b[0m\u001b[0m\u001b[1m\u001b[32m  Downloaded\u001b[0m cfg-if v1.0.0\n[tests/MSRV Compatability - fern/syslog-4  ]   | \u001b[0m\u001b[0m\u001b[1m\u001b[32m  Downloaded\u001b[0m memchr v2.5.0\n[tests/MSRV Compatability - fern/syslog-4  ]   | \u001b[0m\u001b[0m\u001b[1m\u001b[32m  Downloaded\u001b[0m time v0.1.45\n[tests/MSRV Compatability - fern/syslog-4  ]   | \u001b[0m\u001b[0m\u001b[1m\u001b[32m  Downloaded\u001b[0m rustc-demangle v0.1.23\n[tests/MSRV Compatability - fern/syslog-4  ]   | \u001b[0m\u001b[0m\u001b[1m\u001b[32m  Downloaded\u001b[0m addr2line v0.19.0\n[tests/MSRV Compatability - fern/syslog-4  ]   | \u001b[0m\u001b[0m\u001b[1m\u001b[32m  Downloaded\u001b[0m adler v1.0.2\n[tests/MSRV Compatability - fern/syslog-4  ]   | \u001b[0m\u001b[0m\u001b[1m\u001b[32m  Downloaded\u001b[0m miniz_oxide v0.6.2\n[tests/MSRV Compatability - fern/syslog-4  ]   | \u001b[0m\u001b[0m\u001b[1m\u001b[32m  Downloaded\u001b[0m cc v1.0.79\n[tests/MSRV Compatability - fern/syslog-4  ]   | \u001b[0m\u001b[0m\u001b[1m\u001b[32m  Downloaded\u001b[0m log v0.4.18\n[tests/MSRV Compatability - fern/syslog-4  ]   | \u001b[0m\u001b[0m\u001b[1m\u001b[32m  Downloaded\u001b[0m backtrace v0.3.67\n[tests/MSRV Compatability - fern/syslog-4  ]   | \u001b[0m\u001b[0m\u001b[1m\u001b[32m  Downloaded\u001b[0m object v0.30.3\n[tests/MSRV Compatability - fern/syslog-4  ]   | \u001b[0m\u001b[0m\u001b[1m\u001b[32m  Downloaded\u001b[0m libc v0.2.144\n[tests/MSRV Compatability - fern/syslog-4  ]   | \u001b[0m\u001b[0m\u001b[1m\u001b[32m  Downloaded\u001b[0m gimli v0.27.2\n[tests/MSRV Compatability - fern/syslog-4  ]   | \u001b[0m\u001b[0m\u001b[1m\u001b[32m  Downloaded\u001b[0m error-chain v0.11.0\n[tests/MSRV Compatability - fern/syslog-4  ]   | \u001b[0m\u001b[0m\u001b[1m\u001b[32m  Downloaded\u001b[0m syslog v4.0.1\n[tests/MSRV Compatability - fern/syslog-4  ]   | \u001b[0m\u001b[0m\u001b[1m\u001b[36m    Blocking\u001b[0m waiting for file lock on build directory\n[tests/MSRV Compatability - fern/date-based]   | \u001b[0m\u001b[0m\u001b[1m\u001b[32m   Compiling\u001b[0m chrono v0.4.25\n[tests/MSRV Compatability - fern/date-based]   | \u001b[0m\u001b[1m\u001b[38;5;9merror\u001b[0m\u001b[0m\u001b[1m: `core::num::<impl i64>::div_euclid` is not yet stable as a const fn\u001b[0m\n[tests/MSRV Compatability - fern/date-based]   | \u001b[0m   \u001b[0m\u001b[0m\u001b[1m\u001b[38;5;12m--> \u001b[0m\u001b[0m/home/runneradmin/.cargo/registry/src/github.com-1ecc6299db9ec823/chrono-0.4.25/src/oldtime.rs:467:6\u001b[0m\n[tests/MSRV Compatability - fern/date-based]   | \u001b[0m    \u001b[0m\u001b[0m\u001b[1m\u001b[38;5;12m|\u001b[0m\n[tests/MSRV Compatability - fern/date-based]   | \u001b[0m\u001b[1m\u001b[38;5;12m467\u001b[0m\u001b[0m \u001b[0m\u001b[0m\u001b[1m\u001b[38;5;12m| \u001b[0m\u001b[0m    (this.div_euclid(other), this.rem_euclid(other))\u001b[0m\n[tests/MSRV Compatability - fern/date-based]   | \u001b[0m    \u001b[0m\u001b[0m\u001b[1m\u001b[38;5;12m| \u001b[0m\u001b[0m     \u001b[0m\u001b[0m\u001b[1m\u001b[38;5;9m^^^^^^^^^^^^^^^^^^^^^^\u001b[0m\n[tests/MSRV Compatability - fern/date-based]   | \n[tests/MSRV Compatability - fern/date-based]   | \u001b[0m\u001b[1m\u001b[38;5;9merror\u001b[0m\u001b[0m\u001b[1m: `core::num::<impl i64>::rem_euclid` is not yet stable as a const fn\u001b[0m\n[tests/MSRV Compatability - fern/date-based]   | \u001b[0m   \u001b[0m\u001b[0m\u001b[1m\u001b[38;5;12m--> \u001b[0m\u001b[0m/home/runneradmin/.cargo/registry/src/github.com-1ecc6299db9ec823/chrono-0.4.25/src/oldtime.rs:467:30\u001b[0m\n[tests/MSRV Compatability - fern/date-based]   | \u001b[0m    \u001b[0m\u001b[0m\u001b[1m\u001b[38;5;12m|\u001b[0m\n[tests/MSRV Compatability - fern/date-based]   | \u001b[0m\u001b[1m\u001b[38;5;12m467\u001b[0m\u001b[0m \u001b[0m\u001b[0m\u001b[1m\u001b[38;5;12m| \u001b[0m\u001b[0m    (this.div_euclid(other), this.rem_euclid(other))\u001b[0m\n[tests/MSRV Compatability - fern/date-based]   | \u001b[0m    \u001b[0m\u001b[0m\u001b[1m\u001b[38;5;12m| \u001b[0m\u001b[0m                             \u001b[0m\u001b[0m\u001b[1m\u001b[38;5;9m^^^^^^^^^^^^^^^^^^^^^^\u001b[0m\n[tests/MSRV Compatability - fern/date-based]   | \n[tests/MSRV Compatability - fern/date-based]   | \u001b[0m\u001b[1m\u001b[38;5;9merror\u001b[0m\u001b[0m\u001b[1m: `core::num::<impl i32>::rem_euclid` is not yet stable as a const fn\u001b[0m\n[tests/MSRV Compatability - fern/date-based]   | \u001b[0m   \u001b[0m\u001b[0m\u001b[1m\u001b[38;5;12m--> \u001b[0m\u001b[0m/home/runneradmin/.cargo/registry/src/github.com-1ecc6299db9ec823/chrono-0.4.25/src/naive/internals.rs:118:20\u001b[0m\n[tests/MSRV Compatability - fern/date-based]   | \u001b[0m    \u001b[0m\u001b[0m\u001b[1m\u001b[38;5;12m|\u001b[0m\n[tests/MSRV Compatability - fern/date-based]   | \u001b[0m\u001b[1m\u001b[38;5;12m118\u001b[0m\u001b[0m \u001b[0m\u001b[0m\u001b[1m\u001b[38;5;12m| \u001b[0m\u001b[0m        let year = year.rem_euclid(400);\u001b[0m\n[tests/MSRV Compatability - fern/date-based]   | \u001b[0m    \u001b[0m\u001b[0m\u001b[1m\u001b[38;5;12m| \u001b[0m\u001b[0m                   \u001b[0m\u001b[0m\u001b[1m\u001b[38;5;9m^^^^^^^^^^^^^^^^^^^^\u001b[0m\n[tests/MSRV Compatability - fern/date-based]   | \n[tests/MSRV Compatability - fern/date-based]   | \u001b[0m\u001b[1m\u001b[38;5;9merror\u001b[0m\u001b[0m\u001b[1m: aborting due to 3 previous errors\u001b[0m\n[tests/MSRV Compatability - fern/date-based]   | \n[tests/MSRV Compatability - fern/syslog-4  ]   | \u001b[0m\u001b[0m\u001b[1m\u001b[32m   Compiling\u001b[0m libc v0.2.144\n[tests/MSRV Compatability - fern/syslog-4  ]   | \u001b[0m\u001b[0m\u001b[1m\u001b[32m   Compiling\u001b[0m memchr v2.5.0\n[tests/MSRV Compatability - fern/syslog-4  ]   | \u001b[0m\u001b[0m\u001b[1m\u001b[32m   Compiling\u001b[0m cc v1.0.79\n[tests/MSRV Compatability - fern/syslog-4  ]   | \u001b[0m\u001b[0m\u001b[1m\u001b[32m   Compiling\u001b[0m adler v1.0.2\n[tests/MSRV Compatability - fern/syslog-4  ]   | \u001b[0m\u001b[0m\u001b[1m\u001b[32m   Compiling\u001b[0m gimli v0.27.2\n[tests/MSRV Compatability - fern/syslog-4  ]   | \u001b[0m\u001b[0m\u001b[1m\u001b[32m   Compiling\u001b[0m rustc-demangle v0.1.23\n[tests/MSRV Compatability - fern/syslog-4  ]   | \u001b[0m\u001b[0m\u001b[1m\u001b[32m   Compiling\u001b[0m log v0.4.18\n[tests/MSRV Compatability - fern/date-based]   | \u001b[0m\u001b[0m\u001b[1m\u001b[31merror\u001b[0m\u001b[1m:\u001b[0m could not compile `chrono`\n[tests/MSRV Compatability - fern/date-based]   | \n[tests/MSRV Compatability - fern/date-based]   | To learn more, run the command again with --verbose.\n[tests/MSRV Compatability - fern/syslog-4  ]   | \u001b[0m\u001b[0m\u001b[1m\u001b[32m   Compiling\u001b[0m cfg-if v1.0.0\n[tests/MSRV Compatability - fern/date-based]   \u274c  Failure - Main cargo build --features date-based\n[tests/MSRV Compatability - fern/syslog-4  ]   | \u001b[0m\u001b[0m\u001b[1m\u001b[32m   Compiling\u001b[0m miniz_oxide v0.6.2\n[tests/MSRV Compatability - fern/date-based] exitcode '101': failure\n[tests/MSRV Compatability - fern/date-based] \ud83c\udfc1  Job failed\n[tests/MSRV Compatability - fern/syslog-4  ]   | \u001b[0m\u001b[0m\u001b[1m\u001b[32m   Compiling\u001b[0m object v0.30.3\n[tests/MSRV Compatability - fern/syslog-4  ]   | \u001b[0m\u001b[0m\u001b[1m\u001b[32m   Compiling\u001b[0m backtrace v0.3.67\n[tests/MSRV Compatability - fern/syslog-4  ]   | \u001b[0m\u001b[0m\u001b[1m\u001b[32m   Compiling\u001b[0m time v0.1.45\n[tests/MSRV Compatability - fern/syslog-4  ]   | \u001b[0m\u001b[0m\u001b[1m\u001b[32m   Compiling\u001b[0m addr2line v0.19.0\n[tests/MSRV Compatability - fern/syslog-6  ]   | \u001b[0m\u001b[0m\u001b[1m\u001b[32m Downloading\u001b[0m crates ...\n[tests/MSRV Compatability - fern/syslog-6  ]   | \u001b[0m\u001b[0m\u001b[1m\u001b[32m  Downloaded\u001b[0m hostname v0.3.1\n[tests/MSRV Compatability - fern/syslog-6  ]   | \u001b[0m\u001b[0m\u001b[1m\u001b[32m  Downloaded\u001b[0m error-chain v0.12.4\n[tests/MSRV Compatability - fern/syslog-6  ]   | \u001b[0m\u001b[0m\u001b[1m\u001b[32m  Downloaded\u001b[0m match_cfg v0.1.0\n[tests/MSRV Compatability - fern/syslog-6  ]   | \u001b[0m\u001b[0m\u001b[1m\u001b[32m  Downloaded\u001b[0m version_check v0.9.4\n[tests/MSRV Compatability - fern/syslog-6  ]   | \u001b[0m\u001b[0m\u001b[1m\u001b[32m  Downloaded\u001b[0m time v0.3.15\n[tests/MSRV Compatability - fern/syslog-6  ]   | \u001b[0m\u001b[0m\u001b[1m\u001b[32m  Downloaded\u001b[0m num_threads v0.1.6\n[tests/MSRV Compatability - fern/syslog-6  ]   | \u001b[0m\u001b[0m\u001b[1m\u001b[32m  Downloaded\u001b[0m log v0.4.18\n[tests/MSRV Compatability - fern/syslog-6  ]   | \u001b[0m\u001b[0m\u001b[1m\u001b[32m  Downloaded\u001b[0m syslog v6.1.0\n[tests/MSRV Compatability - fern/syslog-6  ]   | \u001b[0m\u001b[0m\u001b[1m\u001b[32m  Downloaded\u001b[0m libc v0.2.144\n[tests/MSRV Compatability - fern/syslog-6  ]   | \u001b[0m\u001b[0m\u001b[1m\u001b[32m  Downloaded\u001b[0m itoa v1.0.6\n[tests/MSRV Compatability - fern/syslog-6  ]   | \u001b[0m\u001b[0m\u001b[1m\u001b[36m    Blocking\u001b[0m waiting for file lock on build directory\n[tests/MSRV Compatability - fern/syslog-4  ]   | \u001b[0m\u001b[0m\u001b[1m\u001b[32m   Compiling\u001b[0m error-chain v0.11.0\n[tests/MSRV Compatability - fern/syslog-4  ]   | \u001b[0m\u001b[0m\u001b[1m\u001b[32m   Compiling\u001b[0m syslog v4.0.1\n[tests/MSRV Compatability - fern/syslog-4  ]   | \u001b[0m\u001b[0m\u001b[1m\u001b[32m   Compiling\u001b[0m fern v0.6.2 (/tmp/c1e8dd3a-fec2-11ed-a890-af2cc187fc11/daboross-fern)\n[tests/MSRV Compatability - fern/syslog-4  ]   | \u001b[0m\u001b[0m\u001b[1m\u001b[32m    Finished\u001b[0m dev [unoptimized + debuginfo] target(s) in 2m 43s\n[tests/MSRV Compatability - fern/syslog-6  ]   | \u001b[0m\u001b[0m\u001b[1m\u001b[32m   Compiling\u001b[0m libc v0.2.144\n[tests/MSRV Compatability - fern/syslog-6  ]   | \u001b[0m\u001b[0m\u001b[1m\u001b[32m   Compiling\u001b[0m version_check v0.9.4\n[tests/MSRV Compatability - fern/syslog-6  ]   | \u001b[0m\u001b[0m\u001b[1m\u001b[32m   Compiling\u001b[0m log v0.4.18\n[tests/MSRV Compatability - fern/syslog-6  ]   | \u001b[0m\u001b[0m\u001b[1m\u001b[32m   Compiling\u001b[0m itoa v1.0.6\n[tests/MSRV Compatability - fern/syslog-6  ]   | \u001b[0m\u001b[0m\u001b[1m\u001b[32m   Compiling\u001b[0m match_cfg v0.1.0\n[tests/MSRV Compatability - fern/syslog-6  ]   | \u001b[0m\u001b[0m\u001b[1m\u001b[32m   Compiling\u001b[0m num_threads v0.1.6\n[tests/MSRV Compatability - fern/syslog-4  ]   \u2705  Success - Main cargo build --features syslog-4\n[tests/MSRV Compatability - fern/syslog-6  ]   | \u001b[0m\u001b[0m\u001b[1m\u001b[32m   Compiling\u001b[0m error-chain v0.12.4\n[tests/MSRV Compatability - fern/syslog-4  ] \ud83c\udfc1  Job succeeded\n[tests/MSRV Compatability - fern/syslog-6  ]   | \u001b[0m\u001b[0m\u001b[1m\u001b[32m   Compiling\u001b[0m time v0.3.15\n[tests/MSRV Compatability - fern/syslog-6  ]   | \u001b[0m\u001b[0m\u001b[1m\u001b[32m   Compiling\u001b[0m hostname v0.3.1\n[tests/MSRV Compatability - fern/syslog-6  ]   | \u001b[0m\u001b[0m\u001b[1m\u001b[32m   Compiling\u001b[0m syslog v6.1.0\n[tests/MSRV Compatability - fern/syslog-6  ]   | \u001b[0m\u001b[0m\u001b[1m\u001b[32m   Compiling\u001b[0m fern v0.6.2 (/tmp/c1e8dd3a-fec2-11ed-a890-af2cc187fc11/daboross-fern)\n[tests/MSRV Compatability - fern/syslog-6  ]   | \u001b[0m\u001b[0m\u001b[1m\u001b[32m    Finished\u001b[0m dev [unoptimized + debuginfo] target(s) in 2m 48s\n[tests/MSRV Compatability - fern/syslog-6  ]   \u2705  Success - Main cargo build --features syslog-6\n[tests/MSRV Compatability - fern/syslog-6  ] \ud83c\udfc1  Job succeeded\n[tests/Test Suite                          ]   | \u001b[0m\u001b[0m\u001b[1m\u001b[32m Downloading\u001b[0m crates ...\n[tests/Test Suite                          ]   | \u001b[0m\u001b[0m\u001b[1m\u001b[32m  Downloaded\u001b[0m log v0.4.18\n[tests/Test Suite                          ]   | \u001b[0m\u001b[0m\u001b[1m\u001b[32m  Downloaded\u001b[0m bitflags v1.3.2\n[tests/Test Suite                          ]   | \u001b[0m\u001b[0m\u001b[1m\u001b[32m  Downloaded\u001b[0m atty v0.2.14\n[tests/Test Suite                          ]   | \u001b[0m\u001b[0m\u001b[1m\u001b[32m  Downloaded\u001b[0m unicode-width v0.1.10\n[tests/Test Suite                          ]   | \u001b[0m\u001b[0m\u001b[1m\u001b[32m  Downloaded\u001b[0m tempfile v3.5.0\n[tests/Test Suite                          ]   | \u001b[0m\u001b[0m\u001b[1m\u001b[32m  Downloaded\u001b[0m strsim v0.8.0\n[tests/Test Suite                          ]   | \u001b[0m\u001b[0m\u001b[1m\u001b[32m  Downloaded\u001b[0m fastrand v1.9.0\n[tests/Test Suite                          ]   | \u001b[0m\u001b[0m\u001b[1m\u001b[32m  Downloaded\u001b[0m vec_map v0.8.2\n[tests/Test Suite                          ]   | \u001b[0m\u001b[0m\u001b[1m\u001b[32m  Downloaded\u001b[0m textwrap v0.11.0\n[tests/Test Suite                          ]   | \u001b[0m\u001b[0m\u001b[1m\u001b[32m  Downloaded\u001b[0m io-lifetimes v1.0.11\n[tests/Test Suite                          ]   | \u001b[0m\u001b[0m\u001b[1m\u001b[32m  Downloaded\u001b[0m humantime v2.1.0\n[tests/Test Suite                          ]   | \u001b[0m\u001b[0m\u001b[1m\u001b[32m  Downloaded\u001b[0m linux-raw-sys v0.3.8\n[tests/Test Suite                          ]   | \u001b[0m\u001b[0m\u001b[1m\u001b[32m  Downloaded\u001b[0m rustix v0.37.19\n[tests/Test Suite                          ]   | \u001b[0m\u001b[0m\u001b[1m\u001b[32m  Downloaded\u001b[0m cfg-if v1.0.0\n[tests/Test Suite                          ]   | \u001b[0m\u001b[0m\u001b[1m\u001b[32m  Downloaded\u001b[0m clap v2.34.0\n[tests/Test Suite                          ]   | \u001b[0m\u001b[0m\u001b[1m\u001b[32m  Downloaded\u001b[0m ansi_term v0.12.1\n[tests/Test Suite                          ]   | \u001b[0m\u001b[0m\u001b[1m\u001b[32m  Downloaded\u001b[0m libc v0.2.144\n[tests/Test Suite                          ]   | \u001b[0m\u001b[0m\u001b[1m\u001b[32m   Compiling\u001b[0m libc v0.2.144\n[tests/Test Suite                          ]   | \u001b[0m\u001b[0m\u001b[1m\u001b[32m   Compiling\u001b[0m io-lifetimes v1.0.11\n[tests/Test Suite                          ]   | \u001b[0m\u001b[0m\u001b[1m\u001b[32m   Compiling\u001b[0m log v0.4.18\n[tests/Test Suite                          ]   | \u001b[0m\u001b[0m\u001b[1m\u001b[32m   Compiling\u001b[0m rustix v0.37.19\n[tests/Test Suite                          ]   | \u001b[0m\u001b[0m\u001b[1m\u001b[32m   Compiling\u001b[0m bitflags v1.3.2\n[tests/Test Suite                          ]   | \u001b[0m\u001b[0m\u001b[1m\u001b[32m   Compiling\u001b[0m linux-raw-sys v0.3.8\n[tests/Test Suite                          ]   | \u001b[0m\u001b[0m\u001b[1m\u001b[32m   Compiling\u001b[0m unicode-width v0.1.10\n[tests/Test Suite                          ]   | \u001b[0m\u001b[0m\u001b[1m\u001b[32m   Compiling\u001b[0m cfg-if v1.0.0\n[tests/Test Suite                          ]   | \u001b[0m\u001b[0m\u001b[1m\u001b[32m   Compiling\u001b[0m strsim v0.8.0\n[tests/Test Suite                          ]   | \u001b[0m\u001b[0m\u001b[1m\u001b[32m   Compiling\u001b[0m vec_map v0.8.2\n[tests/Test Suite                          ]   | \u001b[0m\u001b[0m\u001b[1m\u001b[32m   Compiling\u001b[0m ansi_term v0.12.1\n[tests/Test Suite                          ]   | \u001b[0m\u001b[0m\u001b[1m\u001b[32m   Compiling\u001b[0m fastrand v1.9.0\n[tests/Test Suite                          ]   | \u001b[0m\u001b[0m\u001b[1m\u001b[32m   Compiling\u001b[0m humantime v2.1.0\n[tests/Test Suite                          ]   | \u001b[0m\u001b[0m\u001b[1m\u001b[32m   Compiling\u001b[0m textwrap v0.11.0\n[tests/Test Suite                          ]   | \u001b[0m\u001b[0m\u001b[1m\u001b[32m   Compiling\u001b[0m fern v0.6.2 (/tmp/c1e8dd3a-fec2-11ed-a890-af2cc187fc11/daboross-fern)\n[tests/Test Suite                          ]   | \u001b[0m\u001b[0m\u001b[1m\u001b[32m   Compiling\u001b[0m atty v0.2.14\n[tests/Test Suite                          ]   | \u001b[0m\u001b[0m\u001b[1m\u001b[32m   Compiling\u001b[0m clap v2.34.0\n[tests/Test Suite                          ]   | \u001b[0m\u001b[0m\u001b[1m\u001b[32m   Compiling\u001b[0m tempfile v3.5.0\n[tests/Test Suite                          ]   | \u001b[0m\u001b[0m\u001b[1m\u001b[32m    Finished\u001b[0m dev [unoptimized + debuginfo] target(s) in 3m 02s\n[tests/Test Suite                          ]   \u2705  Success - Main actions-rs/cargo@v1\n[tests/Test Suite                          ] \u2b50 Run Main actions-rs/cargo@v1\n[tests/Test Suite                          ]   \ud83d\udc33  docker cp src=/home/andre-silva/.cache/act/actions-rs-cargo@v1/ dst=/var/run/act/actions/actions-rs-cargo@v1/\n[tests/Test Suite                          ]   \ud83d\udc33  docker exec cmd=[chown -R 1012:1000 /var/run/act/actions/actions-rs-cargo@v1/] user=0 workdir=\n[tests/Test Suite                          ]   \ud83d\udc33  docker exec cmd=[node /var/run/act/actions/actions-rs-cargo@v1/dist/index.js] user= workdir=\n[tests/Test Suite                          ]   \u2753 add-matcher /run/act/actions/actions-rs-cargo@v1/dist/.matchers/rust.json\n[tests/Test Suite                          ]   | [command]/home/runneradmin/.cargo/bin/cargo build --lib --bins --examples --tests --benches --all-features\n[tests/Test Suite                          ]   | \u001b[0m\u001b[0m\u001b[1m\u001b[32m Downloading\u001b[0m crates ...\n[tests/Test Suite                          ]   | \u001b[0m\u001b[0m\u001b[1m\u001b[32m  Downloaded\u001b[0m adler v1.0.2\n[tests/Test Suite                          ]   | \u001b[0m\u001b[0m\u001b[1m\u001b[32m  Downloaded\u001b[0m num-traits v0.2.15\n[tests/Test Suite                          ]   | \u001b[0m\u001b[0m\u001b[1m\u001b[32m  Downloaded\u001b[0m version_check v0.9.4\n[tests/Test Suite                          ]   | \u001b[0m\u001b[0m\u001b[1m\u001b[32m  Downloaded\u001b[0m signal-hook v0.3.15\n[tests/Test Suite                          ]   | \u001b[0m\u001b[0m\u001b[1m\u001b[32m  Downloaded\u001b[0m error-chain v0.12.4\n[tests/Test Suite                          ]   | \u001b[0m\u001b[0m\u001b[1m\u001b[32m  Downloaded\u001b[0m time v0.1.45\n[tests/Test Suite                          ]   | \u001b[0m\u001b[0m\u001b[1m\u001b[32m  Downloaded\u001b[0m signal-hook v0.1.17\n[tests/Test Suite                          ]   | \u001b[0m\u001b[0m\u001b[1m\u001b[32m  Downloaded\u001b[0m log v0.3.9\n[tests/Test Suite                          ]   | \u001b[0m\u001b[0m\u001b[1m\u001b[32m  Downloaded\u001b[0m hostname v0.3.1\n[tests/Test Suite                          ]   | \u001b[0m\u001b[0m\u001b[1m\u001b[32m  Downloaded\u001b[0m reopen v1.0.3\n[tests/Test Suite                          ]   | \u001b[0m\u001b[0m\u001b[1m\u001b[32m  Downloaded\u001b[0m time-core v0.1.1\n[tests/Test Suite                          ]   | \u001b[0m\u001b[0m\u001b[1m\u001b[32m  Downloaded\u001b[0m signal-hook-registry v1.4.1\n[tests/Test Suite                          ]   | \u001b[0m\u001b[0m\u001b[1m\u001b[32m  Downloaded\u001b[0m time-macros v0.2.9\n[tests/Test Suite                          ]   | \u001b[0m\u001b[0m\u001b[1m\u001b[32m  Downloaded\u001b[0m object v0.30.3\n[tests/Test Suite                          ]   | \u001b[0m\u001b[0m\u001b[1m\u001b[32m  Downloaded\u001b[0m unix_socket v0.5.0\n[tests/Test Suite                          ]   | \u001b[0m\u001b[0m\u001b[1m\u001b[32m  Downloaded\u001b[0m gimli v0.27.2\n[tests/Test Suite                          ]   | \u001b[0m\u001b[0m\u001b[1m\u001b[32m  Downloaded\u001b[0m syslog v4.0.1\n[tests/Test Suite                          ]   | \u001b[0m\u001b[0m\u001b[1m\u001b[32m  Downloaded\u001b[0m backtrace v0.3.67\n[tests/Test Suite                          ]   | \u001b[0m\u001b[0m\u001b[1m\u001b[32m  Downloaded\u001b[0m addr2line v0.19.0\n[tests/Test Suite                          ]   | \u001b[0m\u001b[0m\u001b[1m\u001b[32m  Downloaded\u001b[0m rustc-demangle v0.1.23\n[tests/Test Suite                          ]   | \u001b[0m\u001b[0m\u001b[1m\u001b[32m  Downloaded\u001b[0m iana-time-zone v0.1.56\n[tests/Test Suite                          ]   | \u001b[0m\u001b[0m\u001b[1m\u001b[32m  Downloaded\u001b[0m match_cfg v0.1.0\n[tests/Test Suite                          ]   | \u001b[0m\u001b[0m\u001b[1m\u001b[32m  Downloaded\u001b[0m colored v1.9.3\n[tests/Test Suite                          ]   | \u001b[0m\u001b[0m\u001b[1m\u001b[32m  Downloaded\u001b[0m error-chain v0.11.0\n[tests/Test Suite                          ]   | \u001b[0m\u001b[0m\u001b[1m\u001b[32m  Downloaded\u001b[0m chrono v0.4.25\n[tests/Test Suite                          ]   | \u001b[0m\u001b[0m\u001b[1m\u001b[32m  Downloaded\u001b[0m cfg-if v0.1.10\n[tests/Test Suite                          ]   | \u001b[0m\u001b[0m\u001b[1m\u001b[32m  Downloaded\u001b[0m num_threads v0.1.6\n[tests/Test Suite                          ]   | \u001b[0m\u001b[0m\u001b[1m\u001b[32m  Downloaded\u001b[0m miniz_oxide v0.6.2\n[tests/Test Suite                          ]   | \u001b[0m\u001b[0m\u001b[1m\u001b[32m  Downloaded\u001b[0m memchr v2.5.0\n[tests/Test Suite                          ]   | \u001b[0m\u001b[0m\u001b[1m\u001b[32m  Downloaded\u001b[0m lazy_static v1.4.0\n[tests/Test Suite                          ]   | \u001b[0m\u001b[0m\u001b[1m\u001b[32m  Downloaded\u001b[0m itoa v1.0.6\n[tests/Test Suite                          ]   | \u001b[0m\u001b[0m\u001b[1m\u001b[32m  Downloaded\u001b[0m cc v1.0.79\n[tests/Test Suite                          ]   | \u001b[0m\u001b[0m\u001b[1m\u001b[32m  Downloaded\u001b[0m autocfg v1.1.0\n[tests/Test Suite                          ]   | \u001b[0m\u001b[0m\u001b[1m\u001b[32m  Downloaded\u001b[0m time v0.3.21\n[tests/Test Suite                          ]   | \u001b[0m\u001b[0m\u001b[1m\u001b[32m  Downloaded\u001b[0m serde v1.0.163\n[tests/Test Suite                          ]   | \u001b[0m\u001b[0m\u001b[1m\u001b[32m  Downloaded\u001b[0m reopen v0.3.0\n[tests/Test Suite                          ]   | \u001b[0m\u001b[0m\u001b[1m\u001b[32m  Downloaded\u001b[0m syslog v3.3.0\n[tests/Test Suite                          ]   | \u001b[0m\u001b[0m\u001b[1m\u001b[32m  Downloaded\u001b[0m syslog v6.1.0\n[tests/Test Suite                          ]   | \u001b[0m\u001b[0m\u001b[1m\u001b[32m   Compiling\u001b[0m autocfg v1.1.0\n[tests/Test Suite                          ]   | \u001b[0m\u001b[0m\u001b[1m\u001b[32m   Compiling\u001b[0m memchr v2.5.0\n[tests/Test Suite                          ]   | \u001b[0m\u001b[0m\u001b[1m\u001b[32m   Compiling\u001b[0m cc v1.0.79\n[tests/Test Suite                          ]   | \u001b[0m\u001b[0m\u001b[1m\u001b[32m   Compiling\u001b[0m version_check v0.9.4\n[tests/Test Suite                          ]   | \u001b[0m\u001b[0m\u001b[1m\u001b[32m   Compiling\u001b[0m gimli v0.27.2\n[tests/Test Suite                          ]   | \u001b[0m\u001b[0m\u001b[1m\u001b[32m   Compiling\u001b[0m adler v1.0.2\n[tests/Test Suite                          ]   | \u001b[0m\u001b[0m\u001b[1m\u001b[32m   Compiling\u001b[0m signal-hook v0.3.15\n[tests/Test Suite                          ]   | \u001b[0m\u001b[0m\u001b[1m\u001b[32m   Compiling\u001b[0m rustc-demangle v0.1.23\n[tests/Test Suite                          ]   | \u001b[0m\u001b[0m\u001b[1m\u001b[32m   Compiling\u001b[0m cfg-if v0.1.10\n[tests/Test Suite                          ]   | \u001b[0m\u001b[0m\u001b[1m\u001b[32m   Compiling\u001b[0m time-core v0.1.1\n[tests/Test Suite                          ]   | \u001b[0m\u001b[0m\u001b[1m\u001b[32m   Compiling\u001b[0m itoa v1.0.6\n[tests/Test Suite                          ]   | \u001b[0m\u001b[0m\u001b[1m\u001b[32m   Compiling\u001b[0m match_cfg v0.1.0\n[tests/Test Suite                          ]   | \u001b[0m\u001b[0m\u001b[1m\u001b[32m   Compiling\u001b[0m num_threads v0.1.6\n[tests/Test Suite                          ]   | \u001b[0m\u001b[0m\u001b[1m\u001b[32m   Compiling\u001b[0m iana-time-zone v0.1.56\n[tests/Test Suite                          ]   | \u001b[0m\u001b[0m\u001b[1m\u001b[32m   Compiling\u001b[0m lazy_static v1.4.0\n[tests/Test Suite                          ]   | \u001b[0m\u001b[0m\u001b[1m\u001b[32m   Compiling\u001b[0m signal-hook-registry v1.4.1\n[tests/Test Suite                          ]   | \u001b[0m\u001b[0m\u001b[1m\u001b[32m   Compiling\u001b[0m time v0.1.45\n[tests/Test Suite                          ]   | \u001b[0m\u001b[0m\u001b[1m\u001b[32m   Compiling\u001b[0m log v0.3.9\n[tests/Test Suite                          ]   | \u001b[0m\u001b[0m\u001b[1m\u001b[32m   Compiling\u001b[0m unix_socket v0.5.0\n[tests/Test Suite                          ]   | \u001b[0m\u001b[0m\u001b[1m\u001b[32m   Compiling\u001b[0m miniz_oxide v0.6.2\n[tests/Test Suite                          ]   | \u001b[0m\u001b[0m\u001b[1m\u001b[32m   Compiling\u001b[0m hostname v0.3.1\n[tests/Test Suite                          ]   | \u001b[0m\u001b[0m\u001b[1m\u001b[32m   Compiling\u001b[0m colored v1.9.3\n[tests/Test Suite                          ]   | \u001b[0m\u001b[0m\u001b[1m\u001b[32m   Compiling\u001b[0m time v0.3.21\n[tests/Test Suite                          ]   | \u001b[0m\u001b[0m\u001b[1m\u001b[32m   Compiling\u001b[0m signal-hook v0.1.17\n[tests/Test Suite                          ]   | \u001b[0m\u001b[0m\u001b[1m\u001b[32m   Compiling\u001b[0m num-traits v0.2.15\n[tests/Test Suite                          ]   | \u001b[0m\u001b[0m\u001b[1m\u001b[32m   Compiling\u001b[0m reopen v1.0.3\n[tests/Test Suite                          ]   | \u001b[0m\u001b[0m\u001b[1m\u001b[32m   Compiling\u001b[0m error-chain v0.12.4\n[tests/Test Suite                          ]   | \u001b[0m\u001b[0m\u001b[1m\u001b[32m   Compiling\u001b[0m syslog v3.3.0\n[tests/Test Suite                          ]   | \u001b[0m\u001b[0m\u001b[1m\u001b[32m   Compiling\u001b[0m reopen v0.3.0\n[tests/Test Suite                          ]   | \u001b[0m\u001b[0m\u001b[1m\u001b[32m   Compiling\u001b[0m backtrace v0.3.67\n[tests/Test Suite                          ]   | \u001b[0m\u001b[0m\u001b[1m\u001b[32m   Compiling\u001b[0m object v0.30.3\n[tests/Test Suite                          ]   | \u001b[0m\u001b[0m\u001b[1m\u001b[32m   Compiling\u001b[0m syslog v6.1.0\n[tests/Test Suite                          ]   | \u001b[0m\u001b[0m\u001b[1m\u001b[32m   Compiling\u001b[0m addr2line v0.19.0\n[tests/Test Suite                          ]   | \u001b[0m\u001b[0m\u001b[1m\u001b[32m   Compiling\u001b[0m chrono v0.4.25\n[tests/Test Suite                          ]   | \u001b[0m\u001b[0m\u001b[1m\u001b[32m   Compiling\u001b[0m error-chain v0.11.0\n[tests/Test Suite                          ]   | \u001b[0m\u001b[0m\u001b[1m\u001b[32m   Compiling\u001b[0m syslog v4.0.1\n[tests/Test Suite                          ]   | \u001b[0m\u001b[0m\u001b[1m\u001b[32m   Compiling\u001b[0m fern v0.6.2 (/tmp/c1e8dd3a-fec2-11ed-a890-af2cc187fc11/daboross-fern)\n[tests/Test Suite                          ]   | \u001b[0m\u001b[0m\u001b[1m\u001b[32m    Finished\u001b[0m dev [unoptimized + debuginfo] target(s) in 13.61s\n[tests/Test Suite                          ]   \u2705  Success - Main actions-rs/cargo@v1\n[tests/Test Suite                          ] \u2b50 Run Main actions-rs/cargo@v1\n[tests/Test Suite                          ]   \ud83d\udc33  docker cp src=/home/andre-silva/.cache/act/actions-rs-cargo@v1/ dst=/var/run/act/actions/actions-rs-cargo@v1/\n[tests/Test Suite                          ]   \ud83d\udc33  docker exec cmd=[chown -R 1012:1000 /var/run/act/actions/actions-rs-cargo@v1/] user=0 workdir=\n[tests/Test Suite                          ]   \ud83d\udc33  docker exec cmd=[node /var/run/act/actions/actions-rs-cargo@v1/dist/index.js] user= workdir=\n[tests/Test Suite                          ]   \u2753 add-matcher /run/act/actions/actions-rs-cargo@v1/dist/.matchers/rust.json\n[tests/Test Suite                          ]   | [command]/home/runneradmin/.cargo/bin/cargo test\n[tests/Test Suite                          ]   | \u001b[0m\u001b[0m\u001b[1m\u001b[32m    Finished\u001b[0m test [unoptimized + debuginfo] target(s) in 0.09s\n[tests/Test Suite                          ]   | \u001b[0m\u001b[0m\u001b[1m\u001b[32m     Running\u001b[0m unittests src/lib.rs (target/debug/deps/fern-7339b9460ce965bb)\n[tests/Test Suite                          ]   | \n[tests/Test Suite                          ]   | running 7 tests\n[tests/Test Suite                          ]   | test log_impl::test::test_level_config_similar_names_are_not_same ... ok\n[tests/Test Suite                          ]   | test log_impl::test::test_level_config_simple_hierarchy ... ok\n[tests/Test Suite                          ]   | test log_impl::test::test_level_config_single_colon_is_not_double_colon ... ok\n[tests/Test Suite                          ]   | test log_impl::test::test_level_config_find_exact_minimal ... ok\n[tests/Test Suite                          ]   | test log_impl::test::test_level_config_find_exact_many ... ok\n[tests/Test Suite                          ]   | test log_impl::test::test_level_config_hierarchy_correct ... ok\n[tests/Test Suite                          ]   | test log_impl::test::test_level_config_all_chars ... ok\n[tests/Test Suite                          ]   | \n[tests/Test Suite                          ]   | test result: ok. 7 passed; 0 failed; 0 ignored; 0 measured; 0 filtered out; finished in 0.01s\n[tests/Test Suite                          ]   | \n[tests/Test Suite                          ]   | \u001b[0m\u001b[0m\u001b[1m\u001b[32m     Running\u001b[0m tests/channel_logging.rs (target/debug/deps/channel_logging-641dba8155a86b6e)\n[tests/Test Suite                          ]   | \n[tests/Test Suite                          ]   | running 1 test\n[tests/Test Suite                          ]   | test test_channel_logging ... ok\n[tests/Test Suite                          ]   | \n[tests/Test Suite                          ]   | test result: ok. 1 passed; 0 failed; 0 ignored; 0 measured; 0 filtered out; finished in 0.01s\n[tests/Test Suite                          ]   | \n[tests/Test Suite                          ]   | \u001b[0m\u001b[0m\u001b[1m\u001b[32m     Running\u001b[0m tests/enabled_is_deep_check.rs (target/debug/deps/enabled_is_deep_check-9df3d6fcb87c55ad)\n[tests/Test Suite                          ]   | \n[tests/Test Suite                          ]   | running 1 test\n[tests/Test Suite                          ]   | test ensure_enabled_is_a_deep_check ... ok\n[tests/Test Suite                          ]   | \n[tests/Test Suite                          ]   | test result: ok. 1 passed; 0 failed; 0 ignored; 0 measured; 0 filtered out; finished in 0.03s\n[tests/Test Suite                          ]   | \n[tests/Test Suite                          ]   | \u001b[0m\u001b[0m\u001b[1m\u001b[32m     Running\u001b[0m tests/file_logging.rs (target/debug/deps/file_logging-e11845e98c51fac0)\n[tests/Test Suite                          ]   | \n[tests/Test Suite                          ]   | running 2 tests\n[tests/Test Suite                          ]   | [INFO] Test information message\n[tests/Test Suite                          ]   | [WARN] Test warning message\n[tests/Test Suite                          ]   | [ERROR] Test error message\n[tests/Test Suite                          ]   | test test_basic_logging_file_logging ... ok\n[tests/Test Suite                          ]   | test test_custom_line_separators ... ok\n[tests/Test Suite                          ]   | \n[tests/Test Suite                          ]   | test result: ok. 2 passed; 0 failed; 0 ignored; 0 measured; 0 filtered out; finished in 0.03s\n[tests/Test Suite                          ]   | \n[tests/Test Suite                          ]   | \u001b[0m\u001b[0m\u001b[1m\u001b[32m     Running\u001b[0m tests/global_logging.rs (target/debug/deps/global_logging-37a4aa994277d4f2)\n[tests/Test Suite                          ]   | \n[tests/Test Suite                          ]   | running 1 test\n[tests/Test Suite                          ]   | test test_global_logger ... ok\n[tests/Test Suite                          ]   | \n[tests/Test Suite                          ]   | test result: ok. 1 passed; 0 failed; 0 ignored; 0 measured; 0 filtered out; finished in 0.01s\n[tests/Test Suite                          ]   | \n[tests/Test Suite                          ]   | \u001b[0m\u001b[0m\u001b[1m\u001b[32m     Running\u001b[0m tests/meta_logging.rs (target/debug/deps/meta_logging-4ff11fd206b59fb1)\n[tests/Test Suite                          ]   | \n[tests/Test Suite                          ]   | running 0 tests\n[tests/Test Suite                          ]   | \n[tests/Test Suite                          ]   | test result: ok. 0 passed; 0 failed; 0 ignored; 0 measured; 0 filtered out; finished in 0.00s\n[tests/Test Suite                          ]   | \n[tests/Test Suite                          ]   | \u001b[0m\u001b[0m\u001b[1m\u001b[32m     Running\u001b[0m tests/panic_logging.rs (target/debug/deps/panic_logging-c58830b191f8772f)\n[tests/Test Suite                          ]   | \n[tests/Test Suite                          ]   | running 3 tests\n[tests/Test Suite                          ]   | this should not panic\n[tests/Test Suite                          ]   | test double_chained_with_panics_no_info_panic ... ok\n[tests/Test Suite                          ]   | test test_panic_panics - should panic ... ok\n[tests/Test Suite                          ]   | test double_chained_with_panics_yes_error_panic - should panic ... ok\n[tests/Test Suite                          ]   | \n[tests/Test Suite                          ]   | test result: ok. 3 passed; 0 failed; 0 ignored; 0 measured; 0 filtered out; finished in 0.01s\n[tests/Test Suite                          ]   | \n[tests/Test Suite                          ]   | \u001b[0m\u001b[0m\u001b[1m\u001b[32m     Running\u001b[0m tests/reopen_logging.rs (target/debug/deps/reopen_logging-d6dda1908228637a)\n[tests/Test Suite                          ]   | \n[tests/Test Suite                          ]   | running 0 tests\n[tests/Test Suite                          ]   | \n[tests/Test Suite                          ]   | test result: ok. 0 passed; 0 failed; 0 ignored; 0 measured; 0 filtered out; finished in 0.00s\n[tests/Test Suite                          ]   | \n[tests/Test Suite                          ]   | \u001b[0m\u001b[0m\u001b[1m\u001b[32m     Running\u001b[0m tests/support.rs (target/debug/deps/support-d4493e8dfa8254ec)\n[tests/Test Suite                          ]   | \n[tests/Test Suite                          ]   | running 0 tests\n[tests/Test Suite                          ]   | \n[tests/Test Suite                          ]   | test result: ok. 0 passed; 0 failed; 0 ignored; 0 measured; 0 filtered out; finished in 0.01s\n[tests/Test Suite                          ]   | \n[tests/Test Suite                          ]   | \u001b[0m\u001b[0m\u001b[1m\u001b[32m     Running\u001b[0m tests/write_logging.rs (target/debug/deps/write_logging-8abd216fb564c523)\n[tests/Test Suite                          ]   | \n[tests/Test Suite                          ]   | running 1 test\n[tests/Test Suite                          ]   | [INFO] Test information message\n[tests/Test Suite                          ]   | test test_raw_write_logging ... ok\n[tests/Test Suite                          ]   | \n[tests/Test Suite                          ]   | test result: ok. 1 passed; 0 failed; 0 ignored; 0 measured; 0 filtered out; finished in 0.00s\n[tests/Test Suite                          ]   | \n[tests/Test Suite                          ]   | \u001b[0m\u001b[0m\u001b[1m\u001b[32m   Doc-tests\u001b[0m fern\n[tests/Test Suite                          ]   | \n[tests/Test Suite                          ]   | running 37 tests\n[tests/Test Suite                          ]   | test src/builders.rs - builders::Output::writer (line 1009) - compile ... ok\n[tests/Test Suite                          ]   | test src/builders.rs - builders::Dispatch (line 40) - compile ... ok\n[tests/Test Suite                          ]   | test src/builders.rs - builders::Dispatch::into_shared (line 362) - compile ... ok\n[tests/Test Suite                          ]   | test src/builders.rs - builders::Output::writer (line 1026) - compile ... ok\n[tests/Test Suite                          ]   | test src/builders.rs - builders::Output::file (line 984) - compile ... ok\n[tests/Test Suite                          ]   | test src/builders.rs - builders::Output::file (line 962) - compile ... ok\n[tests/Test Suite                          ]   | test src/builders.rs - builders::Output::file (line 972) - compile ... ok\n[tests/Test Suite                          ]   | test src/builders.rs - builders::Panic (line 747) - compile ... ok\n[tests/Test Suite                          ]   | test src/lib.rs - log_file (line 331) - compile ... ok\n[tests/Test Suite                          ]   | test src/lib.rs - (line 59) - compile ... ok\n[tests/Test Suite                          ]   | test src/lib.rs - (line 124) ... ok\n[tests/Test Suite                          ]   | test src/meta.rs - meta (line 6) ... ok\n[tests/Test Suite                          ]   | test src/builders.rs - builders::Panic (line 727) ... ok\n[tests/Test Suite                          ]   | test src/lib.rs - (line 160) ... ok\n[tests/Test Suite                          ]   | test src/builders.rs - builders::Output::sender (line 1182) ... ok\n[tests/Test Suite                          ]   | test src/builders.rs - builders::Dispatch::level_for (line 248) ... ok\n[tests/Test Suite                          ]   | test src/builders.rs - builders::Output::call (line 1259) ... ok\n[tests/Test Suite                          ]   | test src/log_impl.rs - log_impl::FormatCallback (line 47) ... ok\n[tests/Test Suite                          ]   | test src/builders.rs - builders::Output::stdout (line 1129) ... ok\n[tests/Test Suite                          ]   | test src/builders.rs - builders::Dispatch::format (line 159) ... ok\n[tests/Test Suite                          ]   | test src/lib.rs - (line 172) ... ok\n[tests/Test Suite                          ]   | test src/builders.rs - builders::Output::stderr (line 1155) ... ok\n[tests/Test Suite                          ]   | test src/lib.rs - (line 131) ... ok\n[tests/Test Suite                          ]   | test src/builders.rs - builders::Dispatch::chain (line 193) ... ok\n[tests/Test Suite                          ]   | test src/lib.rs - (line 215) ... ok\n[tests/Test Suite                          ]   | test src/lib.rs - (line 151) ... ok\n[tests/Test Suite                          ]   | test src/lib.rs - (line 102) ... ok\n[tests/Test Suite                          ]   | test src/log_impl.rs - log_impl::FormatCallback<'a>::finish (line 495) ... ok\n[tests/Test Suite                          ]   | test src/lib.rs - (line 95) ... ok\n[tests/Test Suite                          ]   | test src/builders.rs - builders::Dispatch::level (line 217) ... ok\n[tests/Test Suite                          ]   | test src/builders.rs - builders::Output::stdout (line 1136) ... ok\n[tests/Test Suite                          ]   | test src/builders.rs - builders::Dispatch::level_for (line 262) ... ok\n[tests/Test Suite                          ]   | test src/builders.rs - builders::Dispatch::filter (line 322) ... ok\n[tests/Test Suite                          ]   | test src/lib.rs - (line 182) ... ok\n[tests/Test Suite                          ]   | test src/builders.rs - builders::Dispatch::into_log (line 603) ... ok\n[tests/Test Suite                          ]   | test src/meta.rs - meta (line 49) ... ok\n[tests/Test Suite                          ]   | test src/builders.rs - builders::Output::stderr (line 1162) ... ok\n[tests/Test Suite                          ]   | \n[tests/Test Suite                          ]   | test result: ok. 37 passed; 0 failed; 0 ignored; 0 measured; 0 filtered out; finished in 0.83s\n[tests/Test Suite                          ]   | \n[tests/Test Suite                          ]   \u2705  Success - Main actions-rs/cargo@v1\n[tests/Linux-only Examples                 ]   \ud83d\udc33  docker exec cmd=[chown -R 1012:1000 /tmp/c1e8dd3a-fec2-11ed-a890-af2cc187fc11/daboross-fern] user=0 workdir=\n[tests/Test Suite                          ] \u2b50 Run Main actions-rs/cargo@v1\n[tests/Test Suite                          ]   \ud83d\udc33  docker cp src=/home/andre-silva/.cache/act/actions-rs-cargo@v1/ dst=/var/run/act/actions/actions-rs-cargo@v1/\n[tests/Test Suite                          ]   \ud83d\udc33  docker exec cmd=[chown -R 1012:1000 /var/run/act/actions/actions-rs-cargo@v1/] user=0 workdir=\n[tests/Test Suite                          ]   \ud83d\udc33  docker exec cmd=[node /var/run/act/actions/actions-rs-cargo@v1/dist/index.js] user= workdir=\n[tests/Test Suite                          ]   \u2753 add-matcher /run/act/actions/actions-rs-cargo@v1/dist/.matchers/rust.json\n[tests/Test Suite                          ]   | [command]/home/runneradmin/.cargo/bin/cargo test --no-default-features\n[tests/Test Suite                          ]   | \u001b[0m\u001b[0m\u001b[1m\u001b[32m    Finished\u001b[0m test [unoptimized + debuginfo] target(s) in 0.47s\n[tests/Test Suite                          ]   | \u001b[0m\u001b[0m\u001b[1m\u001b[32m     Running\u001b[0m unittests src/lib.rs (target/debug/deps/fern-7339b9460ce965bb)\n[tests/Test Suite                          ]   | \n[tests/Test Suite                          ]   | running 7 tests\n[tests/Test Suite                          ]   | test log_impl::test::test_level_config_all_chars ... ok\n[tests/Test Suite                          ]   | test log_impl::test::test_level_config_find_exact_minimal ... ok\n[tests/Test Suite                          ]   | test log_impl::test::test_level_config_similar_names_are_not_same ... ok\n[tests/Test Suite                          ]   | test log_impl::test::test_level_config_simple_hierarchy ... ok\n[tests/Test Suite                          ]   | test log_impl::test::test_level_config_hierarchy_correct ... ok\n[tests/Test Suite                          ]   | test log_impl::test::test_level_config_find_exact_many ... ok\n[tests/Test Suite                          ]   | test log_impl::test::test_level_config_single_colon_is_not_double_colon ... ok\n[tests/Test Suite                          ]   | \n[tests/Test Suite                          ]   | test result: ok. 7 passed; 0 failed; 0 ignored; 0 measured; 0 filtered out; finished in 0.00s\n[tests/Test Suite                          ]   | \n[tests/Test Suite                          ]   | \u001b[0m\u001b[0m\u001b[1m\u001b[32m     Running\u001b[0m tests/channel_logging.rs (target/debug/deps/channel_logging-641dba8155a86b6e)\n[tests/Test Suite                          ]   | \n[tests/Test Suite                          ]   | running 1 test\n[tests/Test Suite                          ]   | test test_channel_logging ... ok\n[tests/Test Suite                          ]   | \n[tests/Test Suite                          ]   | test result: ok. 1 passed; 0 failed; 0 ignored; 0 measured; 0 filtered out; finished in 0.00s\n[tests/Test Suite                          ]   | \n[tests/Test Suite                          ]   | \u001b[0m\u001b[0m\u001b[1m\u001b[32m     Running\u001b[0m tests/enabled_is_deep_check.rs (target/debug/deps/enabled_is_deep_check-9df3d6fcb87c55ad)\n[tests/Test Suite                          ]   | \n[tests/Test Suite                          ]   | running 1 test\n[tests/Test Suite                          ]   | test ensure_enabled_is_a_deep_check ... ok\n[tests/Test Suite                          ]   | \n[tests/Test Suite                          ]   | test result: ok. 1 passed; 0 failed; 0 ignored; 0 measured; 0 filtered out; finished in 0.00s\n[tests/Test Suite                          ]   | \n[tests/Test Suite                          ]   | \u001b[0m\u001b[0m\u001b[1m\u001b[32m     Running\u001b[0m tests/file_logging.rs (target/debug/deps/file_logging-e11845e98c51fac0)\n[tests/Test Suite                          ]   | \n[tests/Test Suite                          ]   | running 2 tests\n[tests/Test Suite                          ]   | [INFO] Test information message\n[tests/Test Suite                          ]   | [WARN] Test warning message\n[tests/Test Suite                          ]   | [ERROR] Test error message\n[tests/Test Suite                          ]   | test test_basic_logging_file_logging ... ok\n[tests/Test Suite                          ]   | test test_custom_line_separators ... ok\n[tests/Test Suite                          ]   | \n[tests/Test Suite                          ]   | test result: ok. 2 passed; 0 failed; 0 ignored; 0 measured; 0 filtered out; finished in 0.00s\n[tests/Test Suite                          ]   | \n[tests/Test Suite                          ]   | \u001b[0m\u001b[0m\u001b[1m\u001b[32m     Running\u001b[0m tests/global_logging.rs (target/debug/deps/global_logging-37a4aa994277d4f2)\n[tests/Test Suite                          ]   | \n[tests/Test Suite                          ]   | running 1 test\n[tests/Test Suite                          ]   | test test_global_logger ... ok\n[tests/Test Suite                          ]   | \n[tests/Test Suite                          ]   | test result: ok. 1 passed; 0 failed; 0 ignored; 0 measured; 0 filtered out; finished in 0.02s\n[tests/Test Suite                          ]   | \n[tests/Test Suite                          ]   | \u001b[0m\u001b[0m\u001b[1m\u001b[32m     Running\u001b[0m tests/meta_logging.rs (target/debug/deps/meta_logging-4ff11fd206b59fb1)\n[tests/Test Suite                          ]   | \n[tests/Test Suite                          ]   | running 0 tests\n[tests/Test Suite                          ]   | \n[tests/Test Suite                          ]   | test result: ok. 0 passed; 0 failed; 0 ignored; 0 measured; 0 filtered out; finished in 0.07s\n[tests/Test Suite                          ]   | \n[tests/Test Suite                          ]   | \u001b[0m\u001b[0m\u001b[1m\u001b[32m     Running\u001b[0m tests/panic_logging.rs (target/debug/deps/panic_logging-c58830b191f8772f)\n[tests/Test Suite                          ]   | \n[tests/Test Suite                          ]   | running 3 tests\n[tests/Test Suite                          ]   | test test_panic_panics - should panic ... ok\n[tests/Test Suite                          ]   | this should not panic\n[tests/Test Suite                          ]   | test double_chained_with_panics_no_info_panic ... ok\n[tests/Test Suite                          ]   | test double_chained_with_panics_yes_error_panic - should panic ... ok\n[tests/Test Suite                          ]   | \n[tests/Test Suite                          ]   | test result: ok. 3 passed; 0 failed; 0 ignored; 0 measured; 0 filtered out; finished in 0.01s\n[tests/Test Suite                          ]   | \n[tests/Test Suite                          ]   | \u001b[0m\u001b[0m\u001b[1m\u001b[32m     Running\u001b[0m tests/reopen_logging.rs (target/debug/deps/reopen_logging-d6dda1908228637a)\n[tests/Test Suite                          ]   | \n[tests/Test Suite                          ]   | running 0 tests\n[tests/Test Suite                          ]   | \n[tests/Test Suite                          ]   | test result: ok. 0 passed; 0 failed; 0 ignored; 0 measured; 0 filtered out; finished in 0.00s\n[tests/Test Suite                          ]   | \n[tests/Test Suite                          ]   | \u001b[0m\u001b[0m\u001b[1m\u001b[32m     Running\u001b[0m tests/support.rs (target/debug/deps/support-d4493e8dfa8254ec)\n[tests/Test Suite                          ]   | \n[tests/Test Suite                          ]   | running 0 tests\n[tests/Test Suite                          ]   | \n[tests/Test Suite                          ]   | test result: ok. 0 passed; 0 failed; 0 ignored; 0 measured; 0 filtered out; finished in 0.00s\n[tests/Test Suite                          ]   | \n[tests/Test Suite                          ]   | \u001b[0m\u001b[0m\u001b[1m\u001b[32m     Running\u001b[0m tests/write_logging.rs (target/debug/deps/write_logging-8abd216fb564c523)\n[tests/Test Suite                          ]   | \n[tests/Test Suite                          ]   | running 1 test\n[tests/Test Suite                          ]   | [INFO] Test information message\n[tests/Test Suite                          ]   | test test_raw_write_logging ... ok\n[tests/Test Suite                          ]   | \n[tests/Test Suite                          ]   | test result: ok. 1 passed; 0 failed; 0 ignored; 0 measured; 0 filtered out; finished in 0.03s\n[tests/Test Suite                          ]   | \n[tests/Test Suite                          ]   | \u001b[0m\u001b[0m\u001b[1m\u001b[32m   Doc-tests\u001b[0m fern\n[tests/Test Suite                          ]   | \n[tests/Test Suite                          ]   | running 37 tests\n[tests/Linux-only Examples                 ]   \u2601  git clone 'https://github.com/actions-rs/toolchain' # ref=v1\n[tests/Test Suite                          ]   | test src/builders.rs - builders::Output::file (line 962) - compile ... ok\n[tests/Test Suite                          ]   | test src/builders.rs - builders::Output::writer (line 1026) - compile ... ok\n[tests/Test Suite                          ]   | test src/builders.rs - builders::Dispatch (line 40) - compile ... ok\n[tests/Test Suite                          ]   | test src/builders.rs - builders::Dispatch::into_shared (line 362) - compile ... ok\n[tests/Test Suite                          ]   | test src/builders.rs - builders::Panic (line 747) - compile ... ok\n[tests/Test Suite                          ]   | test src/lib.rs - (line 59) - compile ... ok\n[tests/Test Suite                          ]   | test src/builders.rs - builders::Output::file (line 984) - compile ... ok\n[tests/Test Suite                          ]   | test src/builders.rs - builders::Output::file (line 972) - compile ... ok\n[tests/Test Suite                          ]   | test src/lib.rs - log_file (line 331) - compile ... ok\n[tests/Test Suite                          ]   | test src/builders.rs - builders::Output::writer (line 1009) - compile ... ok\n[tests/Test Suite                          ]   | test src/lib.rs - (line 131) ... ok\n[tests/Test Suite                          ]   | test src/meta.rs - meta (line 6) ... ok\n[tests/Test Suite                          ]   | test src/lib.rs - (line 124) ... ok\n[tests/Test Suite                          ]   | test src/builders.rs - builders::Output::stdout (line 1129) ... ok\n[tests/Test Suite                          ]   | test src/builders.rs - builders::Panic (line 727) ... ok\n[tests/Test Suite                          ]   | test src/builders.rs - builders::Dispatch::format (line 159) ... ok\n[tests/Test Suite                          ]   | test src/builders.rs - builders::Dispatch::into_log (line 603) ... ok\n[tests/Test Suite                          ]   | test src/builders.rs - builders::Output::stderr (line 1155) ... ok\n[tests/Test Suite                          ]   | test src/log_impl.rs - log_impl::FormatCallback (line 47) ... ok\n[tests/Test Suite                          ]   | test src/lib.rs - (line 172) ... ok\n[tests/Test Suite                          ]   | test src/log_impl.rs - log_impl::FormatCallback<'a>::finish (line 495) ... ok\n[tests/Test Suite                          ]   | test src/lib.rs - (line 95) ... ok\n[tests/Test Suite                          ]   | test src/builders.rs - builders::Dispatch::level (line 217) ... ok\n[tests/Test Suite                          ]   | test src/lib.rs - (line 182) ... ok\n[tests/Test Suite                          ]   | test src/builders.rs - builders::Dispatch::level_for (line 262) ... ok\n[tests/Test Suite                          ]   | test src/lib.rs - (line 151) ... ok\n[tests/Test Suite                          ]   | test src/builders.rs - builders::Output::call (line 1259) ... ok\n[tests/Test Suite                          ]   | test src/builders.rs - builders::Output::stderr (line 1162) ... ok\n[tests/Test Suite                          ]   | test src/lib.rs - (line 160) ... ok\n[tests/Test Suite                          ]   | test src/builders.rs - builders::Output::stdout (line 1136) ... ok\n[tests/Test Suite                          ]   | test src/builders.rs - builders::Dispatch::chain (line 193) ... ok\n[tests/Test Suite                          ]   | test src/lib.rs - (line 102) ... ok\n[tests/Test Suite                          ]   | test src/builders.rs - builders::Dispatch::level_for (line 248) ... ok\n[tests/Test Suite                          ]   | test src/builders.rs - builders::Dispatch::filter (line 322) ... ok\n[tests/Test Suite                          ]   | test src/meta.rs - meta (line 49) ... ok\n[tests/Test Suite                          ]   | test src/builders.rs - builders::Output::sender (line 1182) ... ok\n[tests/Test Suite                          ]   | test src/lib.rs - (line 215) ... ok\n[tests/Test Suite                          ]   | \n[tests/Test Suite                          ]   | test result: ok. 37 passed; 0 failed; 0 ignored; 0 measured; 0 filtered out; finished in 1.03s\n[tests/Test Suite                          ]   | \n[tests/Linux-only Examples                 ] \ud83e\uddea  Matrix: map[rust:stable]\n[tests/Test Suite                          ]   \u2705  Success - Main actions-rs/cargo@v1\n[tests/Linux-only Examples                 ] \u2b50 Run Main actions/checkout@v2\n[tests/Linux-only Examples                 ]   \u2705  Success - Main actions/checkout@v2\n[tests/Test Suite                          ] \u2b50 Run Main actions-rs/cargo@v1\n[tests/Linux-only Examples                 ] \u2b50 Run Main actions-rs/toolchain@v1\n[tests/Test Suite                          ]   \ud83d\udc33  docker cp src=/home/andre-silva/.cache/act/actions-rs-cargo@v1/ dst=/var/run/act/actions/actions-rs-cargo@v1/\n[tests/Linux-only Examples                 ]   \ud83d\udc33  docker cp src=/home/andre-silva/.cache/act/actions-rs-toolchain@v1/ dst=/var/run/act/actions/actions-rs-toolchain@v1/\n[tests/Linux-only Examples                 ]   \ud83d\udc33  docker exec cmd=[chown -R 1012:1000 /var/run/act/actions/actions-rs-toolchain@v1/] user=0 workdir=\n[tests/Linux-only Examples                 ]   \ud83d\udc33  docker exec cmd=[node /var/run/act/actions/actions-rs-toolchain@v1/dist/index.js] user= workdir=\n[tests/Linux-only Examples                 ]   \u274c  Failure - Main actions-rs/toolchain@v1\n[tests/Linux-only Examples                 ] Get \"http://%2Fvar%2Frun%2Fdocker.sock/v1.41/containers/8bfebb2a1f80bb7bf915bc0baad484e3bd026dd08d3d236f1e769bea5c82be07/archive?path=%2Fvar%2Frun%2Fact%2Fworkflow%2Fpathcmd.txt\": context canceled\n[tests/Test Suite                          ]   \u274c  Failure - Main actions-rs/cargo@v1\n[tests/Test Suite                          ] Get \"http://%2Fvar%2Frun%2Fdocker.sock/v1.41/containers/d3934cc164e6ed436e965ff4a03e84819a5ac08e32ae6aee6e76e21061a202ce/archive?path=%2Fvar%2Frun%2Fact%2Fworkflow%2Fpathcmd.txt\": context canceled\n[tests/Test Suite                          ] failed to remove container: Delete \"http://%2Fvar%2Frun%2Fdocker.sock/v1.41/containers/d3934cc164e6ed436e965ff4a03e84819a5ac08e32ae6aee6e76e21061a202ce?force=1&v=1\": context deadline exceeded\n[tests/Test Suite                          ] \ud83c\udfc1  Job succeeded\n[tests/Linux-only Examples                 ] failed to remove container: Delete \"http://%2Fvar%2Frun%2Fdocker.sock/v1.41/containers/8bfebb2a1f80bb7bf915bc0baad484e3bd026dd08d3d236f1e769bea5c82be07?force=1&v=1\": context deadline exceeded\n[tests/Linux-only Examples                 ] \ud83c\udfc1  Job succeeded\n",
    "actions_stderr": "Error: context canceled\n"
}