{
    "repository": "georust/geos",
    "clone_url": "https://github.com/georust/geos.git",
    "timestamp": "2023-05-30T09:17:03.557083Z",
    "clone_success": true,
    "number of actions": 1,
    "number_of_test_actions": 1,
    "actions_successful": false,
    "actions_stdout": "[CI/rustfmt                  ] \ud83d\ude80  Start image=crawlergpt:latest\n[CI/clippy                   ] \ud83d\ude80  Start image=crawlergpt:latest\n[CI/Check static feature     ] \ud83d\ude80  Start image=crawlergpt:latest\n[CI/Check 1.63.0 / 3.6.5 - -1] \ud83d\ude80  Start image=crawlergpt:latest\n[CI/Check  / 3.7.5 - -2      ] \ud83d\ude80  Start image=crawlergpt:latest\n[CI/Check 1.63.0 / 3.6.5 - -1]   \ud83d\udc33  docker pull image=crawlergpt:latest platform= username= forcePull=false\n[CI/rustfmt                  ]   \ud83d\udc33  docker pull image=crawlergpt:latest platform= username= forcePull=false\n[CI/Check static feature     ]   \ud83d\udc33  docker pull image=crawlergpt:latest platform= username= forcePull=false\n[CI/Check 1.63.0 / 3.6.5 - -1]   \ud83d\udc33  docker create image=crawlergpt:latest platform= entrypoint=[\"tail\" \"-f\" \"/dev/null\"] cmd=[]\n[CI/clippy                   ]   \ud83d\udc33  docker pull image=crawlergpt:latest platform= username= forcePull=false\n[CI/Check  / 3.7.5 - -2      ]   \ud83d\udc33  docker pull image=crawlergpt:latest platform= username= forcePull=false\n[CI/Check static feature     ]   \ud83d\udc33  docker create image=crawlergpt:latest platform= entrypoint=[\"tail\" \"-f\" \"/dev/null\"] cmd=[]\n[CI/Check  / 3.7.5 - -2      ]   \ud83d\udc33  docker create image=crawlergpt:latest platform= entrypoint=[\"tail\" \"-f\" \"/dev/null\"] cmd=[]\n[CI/clippy                   ] failed to remove container: Error response from daemon: removal of container bf052ae4f2b8adb7306022f912d784a704a2e7b79e9bdfbb64e9721bc5963ea3 is already in progress\n[CI/Check  / 3.7.5 - -2      ]   \ud83d\udc33  docker run image=crawlergpt:latest platform= entrypoint=[\"tail\" \"-f\" \"/dev/null\"] cmd=[]\n[CI/Check static feature     ]   \ud83d\udc33  docker run image=crawlergpt:latest platform= entrypoint=[\"tail\" \"-f\" \"/dev/null\"] cmd=[]\n[CI/Check 1.63.0 / 3.6.5 - -1]   \ud83d\udc33  docker run image=crawlergpt:latest platform= entrypoint=[\"tail\" \"-f\" \"/dev/null\"] cmd=[]\n[CI/rustfmt                  ]   \ud83d\udc33  docker create image=crawlergpt:latest platform= entrypoint=[\"tail\" \"-f\" \"/dev/null\"] cmd=[]\n[CI/rustfmt                  ]   \ud83d\udc33  docker run image=crawlergpt:latest platform= entrypoint=[\"tail\" \"-f\" \"/dev/null\"] cmd=[]\n[CI/Check static feature     ]   \ud83d\udc33  docker exec cmd=[chown -R 1012:1000 /tmp/c1e8dd3a-fec2-11ed-a890-af2cc187fc11/georust-geos] user=0 workdir=\n[CI/Check  / 3.7.5 - -2      ]   \ud83d\udc33  docker exec cmd=[chown -R 1012:1000 /tmp/c1e8dd3a-fec2-11ed-a890-af2cc187fc11/georust-geos] user=0 workdir=\n[CI/Check 1.63.0 / 3.6.5 - -1]   \ud83d\udc33  docker exec cmd=[chown -R 1012:1000 /tmp/c1e8dd3a-fec2-11ed-a890-af2cc187fc11/georust-geos] user=0 workdir=\n[CI/Check 1.63.0 / 3.6.5 - -1]   \u2601  git clone 'https://github.com/actions-rs/toolchain' # ref=v1\n[CI/Check static feature     ]   \u2601  git clone 'https://github.com/actions-rs/toolchain' # ref=v1\n[CI/Check  / 3.7.5 - -2      ]   \u2601  git clone 'https://github.com/actions-rs/toolchain' # ref=v1\n[CI/Check 1.63.0 / 3.6.5 - -1]   \u2601  git clone 'https://github.com/actions/cache' # ref=v2\n[CI/Check  / 3.7.5 - -2      ]   \u2601  git clone 'https://github.com/actions/cache' # ref=v2\n[CI/Check 1.63.0 / 3.6.5 - -1] \ud83e\uddea  Matrix: map[geos:3.6.5 toolchain:1.63.0]\n[CI/Check  / 3.7.5 - -2      ] \ud83e\uddea  Matrix: map[geos:3.7.5 version_feature:v3_7_0]\n[CI/Check static feature     ] \u2b50 Run Main actions/checkout@v2\n[CI/rustfmt                  ]   \ud83d\udc33  docker exec cmd=[chown -R 1012:1000 /tmp/c1e8dd3a-fec2-11ed-a890-af2cc187fc11/georust-geos] user=0 workdir=\n[CI/Check 1.63.0 / 3.6.5 - -1] \u2b50 Run Main actions/checkout@v2\n[CI/Check  / 3.7.5 - -2      ] \u2b50 Run Main actions/checkout@v2\n[CI/Check  / 3.7.5 - -2      ]   \u2705  Success - Main actions/checkout@v2\n[CI/Check static feature     ]   \u2705  Success - Main actions/checkout@v2\n[CI/Check 1.63.0 / 3.6.5 - -1]   \u2705  Success - Main actions/checkout@v2\n[CI/rustfmt                  ]   \u2601  git clone 'https://github.com/actions-rs/toolchain' # ref=v1\n[CI/rustfmt                  ] \u2b50 Run Main actions/checkout@v2\n[CI/rustfmt                  ]   \u2705  Success - Main actions/checkout@v2\n[CI/Check  / 3.7.5 - -2      ] \u2b50 Run Main Install toolchain\n[CI/Check static feature     ] \u2b50 Run Main Install toolchain\n[CI/Check 1.63.0 / 3.6.5 - -1] \u2b50 Run Main Install toolchain\n[CI/Check 1.63.0 / 3.6.5 - -1]   \ud83d\udc33  docker cp src=/home/andre-silva/.cache/act/actions-rs-toolchain@v1/ dst=/var/run/act/actions/actions-rs-toolchain@v1/\n[CI/Check  / 3.7.5 - -2      ]   \ud83d\udc33  docker cp src=/home/andre-silva/.cache/act/actions-rs-toolchain@v1/ dst=/var/run/act/actions/actions-rs-toolchain@v1/\n[CI/Check static feature     ]   \ud83d\udc33  docker cp src=/home/andre-silva/.cache/act/actions-rs-toolchain@v1/ dst=/var/run/act/actions/actions-rs-toolchain@v1/\n[CI/rustfmt                  ] \u2b50 Run Main actions-rs/toolchain@v1\n[CI/Check 1.63.0 / 3.6.5 - -1]   \ud83d\udc33  docker exec cmd=[chown -R 1012:1000 /var/run/act/actions/actions-rs-toolchain@v1/] user=0 workdir=\n[CI/Check static feature     ]   \ud83d\udc33  docker exec cmd=[chown -R 1012:1000 /var/run/act/actions/actions-rs-toolchain@v1/] user=0 workdir=\n[CI/Check  / 3.7.5 - -2      ]   \ud83d\udc33  docker exec cmd=[chown -R 1012:1000 /var/run/act/actions/actions-rs-toolchain@v1/] user=0 workdir=\n[CI/rustfmt                  ]   \ud83d\udc33  docker cp src=/home/andre-silva/.cache/act/actions-rs-toolchain@v1/ dst=/var/run/act/actions/actions-rs-toolchain@v1/\n[CI/rustfmt                  ]   \ud83d\udc33  docker exec cmd=[chown -R 1012:1000 /var/run/act/actions/actions-rs-toolchain@v1/] user=0 workdir=\n[CI/rustfmt                  ]   | OCI runtime exec failed: exec failed: unable to start container process: error executing setns process: exit status 1: unknown\r\n[CI/rustfmt                  ]   \ud83d\udc33  docker exec cmd=[node /var/run/act/actions/actions-rs-toolchain@v1/dist/index.js] user= workdir=\n[CI/Check 1.63.0 / 3.6.5 - -1]   \ud83d\udc33  docker exec cmd=[node /var/run/act/actions/actions-rs-toolchain@v1/dist/index.js] user= workdir=\n[CI/Check  / 3.7.5 - -2      ]   \ud83d\udc33  docker exec cmd=[node /var/run/act/actions/actions-rs-toolchain@v1/dist/index.js] user= workdir=\n[CI/Check static feature     ]   \ud83d\udc33  docker exec cmd=[node /var/run/act/actions/actions-rs-toolchain@v1/dist/index.js] user= workdir=\n[CI/rustfmt                  ]   \u274c  Failure - Main actions-rs/toolchain@v1\n[CI/rustfmt                  ] Error response from daemon: Could not find the file /var/run/act/workflow/pathcmd.txt in container ec58ab460216904a4e44f8c85dc02f20fd860480f0701d1431c1f815c3173e44\n[CI/rustfmt                  ] failed to remove container: Error response from daemon: No such container: ec58ab460216904a4e44f8c85dc02f20fd860480f0701d1431c1f815c3173e44\n[CI/rustfmt                  ] \ud83c\udfc1  Job failed\n[CI/Check  / 3.7.5 - -2      ]   \u2757  ::error::toolchain input was not given and repository does not have a rust-toolchain file\n[CI/Check 1.63.0 / 3.6.5 - -1]   \ud83d\udcac  ::debug::using toolchain from input: 1.63.0\n[CI/Check  / 3.7.5 - -2      ]   \u274c  Failure - Main Install toolchain\n[CI/Check 1.63.0 / 3.6.5 - -1]   \ud83d\udcac  ::debug::Unable to find \"rustup\" executable, installing it now. Reason: Error: Unable to locate executable file: rustup. Please verify either the file path exists or the file can be found within a directory specified by the PATH environment variable. Also check the file mode to verify the file is executable.\n[CI/Check 1.63.0 / 3.6.5 - -1]   \ud83d\udcac  ::debug::Downloading https://sh.rustup.rs\n[CI/Check 1.63.0 / 3.6.5 - -1]   \ud83d\udcac  ::debug::Destination /tmp/b7503dc0-6ee8-4bf6-b920-7c0ba6f2011e\n[CI/Check 1.63.0 / 3.6.5 - -1]   \ud83d\udcac  ::debug::download complete\n[CI/Check 1.63.0 / 3.6.5 - -1]   \ud83d\udcac  ::debug::Executing chmod 755 on the /tmp/b7503dc0-6ee8-4bf6-b920-7c0ba6f2011e\n[CI/Check 1.63.0 / 3.6.5 - -1]   | [command]/tmp/b7503dc0-6ee8-4bf6-b920-7c0ba6f2011e --default-toolchain none -y\n[CI/Check 1.63.0 / 3.6.5 - -1]   | info: downloading installer\n[CI/Check static feature     ]   \ud83d\udcac  ::debug::using toolchain from input: 1.63.0\n[CI/Check static feature     ]   \ud83d\udcac  ::debug::Unable to find \"rustup\" executable, installing it now. Reason: Error: Unable to locate executable file: rustup. Please verify either the file path exists or the file can be found within a directory specified by the PATH environment variable. Also check the file mode to verify the file is executable.\n[CI/Check static feature     ]   \ud83d\udcac  ::debug::Downloading https://sh.rustup.rs\n[CI/Check static feature     ]   \ud83d\udcac  ::debug::Destination /tmp/758b9595-78a8-4ce4-94a5-78051d6acb32\n[CI/Check static feature     ]   \ud83d\udcac  ::debug::download complete\n[CI/Check static feature     ]   \ud83d\udcac  ::debug::Executing chmod 755 on the /tmp/758b9595-78a8-4ce4-94a5-78051d6acb32\n[CI/Check static feature     ]   | [command]/tmp/758b9595-78a8-4ce4-94a5-78051d6acb32 --default-toolchain none -y\n[CI/Check static feature     ]   | info: downloading installer\n[CI/Check static feature     ]   | info: profile set to 'default'\n[CI/Check static feature     ]   | info: default host triple is x86_64-unknown-linux-gnu\n[CI/Check static feature     ]   | info: skipping toolchain installation\n[CI/Check static feature     ]   | \n[CI/Check static feature     ]   | \n[CI/Check static feature     ]   | Rust is installed now. Great!\n[CI/Check static feature     ]   | \n[CI/Check static feature     ]   | To get started you may need to restart your current shell.\n[CI/Check static feature     ]   | This would reload your PATH environment variable to include\n[CI/Check static feature     ]   | Cargo's bin directory ($HOME/.cargo/bin).\n[CI/Check static feature     ]   | \n[CI/Check static feature     ]   | To configure your current shell, run:\n[CI/Check static feature     ]   | source \"$HOME/.cargo/env\"\n[CI/Check static feature     ]   | [command]/home/runneradmin/.cargo/bin/rustup show\n[CI/Check static feature     ]   | Default host: x86_64-unknown-linux-gnu\n[CI/Check static feature     ]   | rustup home:  /home/runneradmin/.rustup\n[CI/Check static feature     ]   | \n[CI/Check static feature     ]   | no active toolchain\n[CI/Check static feature     ]   | [command]/home/runneradmin/.cargo/bin/rustup -V\n[CI/Check static feature     ]   | rustup 1.26.0 (5af9b9484 2023-04-05)\n[CI/Check static feature     ]   | info: This is the version for the rustup toolchain manager, not the rustc compiler.\n[CI/Check static feature     ]   | Installed rustup 1.26.0 support profiles\n[CI/Check static feature     ]   | [command]/home/runneradmin/.cargo/bin/rustup set profile minimal\n[CI/Check static feature     ]   | info: profile set to 'minimal'\n[CI/Check static feature     ]   | [command]/home/runneradmin/.cargo/bin/rustup toolchain install 1.63.0\n[CI/Check static feature     ]   | info: syncing channel updates for '1.63.0-x86_64-unknown-linux-gnu'\n[CI/Check static feature     ]   | info: latest update on 2022-08-11, rust version 1.63.0 (4b91a6ea7 2022-08-08)\n[CI/Check static feature     ]   | info: downloading component 'cargo'\n[CI/Check 1.63.0 / 3.6.5 - -1]   | info: profile set to 'default'\n[CI/Check 1.63.0 / 3.6.5 - -1]   | info: default host triple is x86_64-unknown-linux-gnu\n[CI/Check 1.63.0 / 3.6.5 - -1]   | info: skipping toolchain installation\n[CI/Check 1.63.0 / 3.6.5 - -1]   | \n[CI/Check 1.63.0 / 3.6.5 - -1]   | \n[CI/Check 1.63.0 / 3.6.5 - -1]   | Rust is installed now. Great!\n[CI/Check 1.63.0 / 3.6.5 - -1]   | \n[CI/Check 1.63.0 / 3.6.5 - -1]   | To get started you may need to restart your current shell.\n[CI/Check 1.63.0 / 3.6.5 - -1]   | This would reload your PATH environment variable to include\n[CI/Check 1.63.0 / 3.6.5 - -1]   | Cargo's bin directory ($HOME/.cargo/bin).\n[CI/Check 1.63.0 / 3.6.5 - -1]   | \n[CI/Check 1.63.0 / 3.6.5 - -1]   | To configure your current shell, run:\n[CI/Check 1.63.0 / 3.6.5 - -1]   | source \"$HOME/.cargo/env\"\n[CI/Check 1.63.0 / 3.6.5 - -1]   | [command]/home/runneradmin/.cargo/bin/rustup show\n[CI/Check 1.63.0 / 3.6.5 - -1]   | Default host: x86_64-unknown-linux-gnu\n[CI/Check 1.63.0 / 3.6.5 - -1]   | rustup home:  /home/runneradmin/.rustup\n[CI/Check 1.63.0 / 3.6.5 - -1]   | \n[CI/Check 1.63.0 / 3.6.5 - -1]   | no active toolchain\n[CI/Check 1.63.0 / 3.6.5 - -1]   | [command]/home/runneradmin/.cargo/bin/rustup -V\n[CI/Check 1.63.0 / 3.6.5 - -1]   | rustup 1.26.0 (5af9b9484 2023-04-05)\n[CI/Check 1.63.0 / 3.6.5 - -1]   | info: This is the version for the rustup toolchain manager, not the rustc compiler.\n[CI/Check 1.63.0 / 3.6.5 - -1]   | Installed rustup 1.26.0 support profiles\n[CI/Check 1.63.0 / 3.6.5 - -1]   | [command]/home/runneradmin/.cargo/bin/rustup set profile minimal\n[CI/Check 1.63.0 / 3.6.5 - -1]   | info: profile set to 'minimal'\n[CI/Check 1.63.0 / 3.6.5 - -1]   | [command]/home/runneradmin/.cargo/bin/rustup toolchain install 1.63.0\n[CI/Check 1.63.0 / 3.6.5 - -1]   | info: syncing channel updates for '1.63.0-x86_64-unknown-linux-gnu'\n[CI/Check 1.63.0 / 3.6.5 - -1]   | info: latest update on 2022-08-11, rust version 1.63.0 (4b91a6ea7 2022-08-08)\n[CI/Check 1.63.0 / 3.6.5 - -1]   | info: downloading component 'cargo'\n[CI/Check  / 3.7.5 - -2      ] exitcode '1': failure\n[CI/Check static feature     ]   | info: downloading component 'rust-std'\n[CI/Check 1.63.0 / 3.6.5 - -1]   | info: downloading component 'rust-std'\n[CI/Check static feature     ]   | info: downloading component 'rustc'\n[CI/Check 1.63.0 / 3.6.5 - -1]   | info: downloading component 'rustc'\n[CI/Check  / 3.7.5 - -2      ] \ud83c\udfc1  Job failed\n[CI/Check static feature     ]   | info: installing component 'cargo'\n[CI/Check static feature     ]   | info: installing component 'rust-std'\n[CI/Check static feature     ]   | info: installing component 'rustc'\n[CI/Check 1.63.0 / 3.6.5 - -1]   | info: installing component 'cargo'\n[CI/Check 1.63.0 / 3.6.5 - -1]   | info: installing component 'rust-std'\n[CI/Check 1.63.0 / 3.6.5 - -1]   | info: installing component 'rustc'\n[CI/Check static feature     ]   | \n[CI/Check static feature     ]   |   1.63.0-x86_64-unknown-linux-gnu installed - rustc 1.63.0 (4b91a6ea7 2022-08-08)\n[CI/Check static feature     ]   | \n[CI/Check static feature     ]   | info: default toolchain set to '1.63.0-x86_64-unknown-linux-gnu'\n[CI/Check static feature     ]   | info: checking for self-update\n[CI/Check static feature     ]   | [command]/home/runneradmin/.cargo/bin/rustup override set 1.63.0\n[CI/Check static feature     ]   | info: using existing install for '1.63.0-x86_64-unknown-linux-gnu'\n[CI/Check static feature     ]   | info: override toolchain for '/tmp/c1e8dd3a-fec2-11ed-a890-af2cc187fc11/georust-geos' set to '1.63.0-x86_64-unknown-linux-gnu'\n[CI/Check static feature     ]   | \n[CI/Check static feature     ]   |   1.63.0-x86_64-unknown-linux-gnu unchanged - rustc 1.63.0 (4b91a6ea7 2022-08-08)\n[CI/Check static feature     ]   | \n[CI/Check static feature     ]   \u2753  ::group::Gathering installed versions\n[CI/Check static feature     ]   | [command]/home/runneradmin/.cargo/bin/rustc -V\n[CI/Check static feature     ]   | rustc 1.63.0 (4b91a6ea7 2022-08-08)\n[CI/Check static feature     ]   \u2699  ::set-output:: rustc=1.63.0 (4b91a6ea7 2022-08-08)\n[CI/Check static feature     ]   \u2699  ::set-output:: rustc_hash=4b91a6ea7\n[CI/Check static feature     ]   | [command]/home/runneradmin/.cargo/bin/cargo -V\n[CI/Check static feature     ]   | cargo 1.63.0 (fd9c4297c 2022-07-01)\n[CI/Check static feature     ]   \u2699  ::set-output:: cargo=1.63.0 (fd9c4297c 2022-07-01)\n[CI/Check static feature     ]   | [command]/home/runneradmin/.cargo/bin/rustup -V\n[CI/Check static feature     ]   | rustup 1.26.0 (5af9b9484 2023-04-05)\n[CI/Check static feature     ]   | info: This is the version for the rustup toolchain manager, not the rustc compiler.\n[CI/Check static feature     ]   | info: The currently active `rustc` version is `rustc 1.63.0 (4b91a6ea7 2022-08-08)`\n[CI/Check static feature     ]   \u2699  ::set-output:: rustup=1.26.0 (5af9b9484 2023-04-05)\n[CI/Check static feature     ]   \u2753  ::endgroup::\n[CI/Check static feature     ]   \u2705  Success - Main Install toolchain\n[CI/Check static feature     ]   \u2699  ::add-path:: /home/runneradmin/.cargo/bin\n[CI/Check static feature     ] \u2b50 Run Main Build static geos crate\n[CI/Check 1.63.0 / 3.6.5 - -1]   | \n[CI/Check 1.63.0 / 3.6.5 - -1]   |   1.63.0-x86_64-unknown-linux-gnu installed - rustc 1.63.0 (4b91a6ea7 2022-08-08)\n[CI/Check 1.63.0 / 3.6.5 - -1]   | \n[CI/Check 1.63.0 / 3.6.5 - -1]   | info: default toolchain set to '1.63.0-x86_64-unknown-linux-gnu'\n[CI/Check 1.63.0 / 3.6.5 - -1]   | info: checking for self-update\n[CI/Check 1.63.0 / 3.6.5 - -1]   | [command]/home/runneradmin/.cargo/bin/rustup override set 1.63.0\n[CI/Check 1.63.0 / 3.6.5 - -1]   | info: using existing install for '1.63.0-x86_64-unknown-linux-gnu'\n[CI/Check 1.63.0 / 3.6.5 - -1]   | info: override toolchain for '/tmp/c1e8dd3a-fec2-11ed-a890-af2cc187fc11/georust-geos' set to '1.63.0-x86_64-unknown-linux-gnu'\n[CI/Check 1.63.0 / 3.6.5 - -1]   | \n[CI/Check 1.63.0 / 3.6.5 - -1]   |   1.63.0-x86_64-unknown-linux-gnu unchanged - rustc 1.63.0 (4b91a6ea7 2022-08-08)\n[CI/Check 1.63.0 / 3.6.5 - -1]   | \n[CI/Check 1.63.0 / 3.6.5 - -1]   \u2753  ::group::Gathering installed versions\n[CI/Check 1.63.0 / 3.6.5 - -1]   | [command]/home/runneradmin/.cargo/bin/rustc -V\n[CI/Check 1.63.0 / 3.6.5 - -1]   | rustc 1.63.0 (4b91a6ea7 2022-08-08)\n[CI/Check 1.63.0 / 3.6.5 - -1]   \u2699  ::set-output:: rustc=1.63.0 (4b91a6ea7 2022-08-08)\n[CI/Check 1.63.0 / 3.6.5 - -1]   \u2699  ::set-output:: rustc_hash=4b91a6ea7\n[CI/Check 1.63.0 / 3.6.5 - -1]   | [command]/home/runneradmin/.cargo/bin/cargo -V\n[CI/Check 1.63.0 / 3.6.5 - -1]   | cargo 1.63.0 (fd9c4297c 2022-07-01)\n[CI/Check 1.63.0 / 3.6.5 - -1]   \u2699  ::set-output:: cargo=1.63.0 (fd9c4297c 2022-07-01)\n[CI/Check 1.63.0 / 3.6.5 - -1]   | [command]/home/runneradmin/.cargo/bin/rustup -V\n[CI/Check 1.63.0 / 3.6.5 - -1]   | rustup 1.26.0 (5af9b9484 2023-04-05)\n[CI/Check 1.63.0 / 3.6.5 - -1]   | info: This is the version for the rustup toolchain manager, not the rustc compiler.\n[CI/Check 1.63.0 / 3.6.5 - -1]   | info: The currently active `rustc` version is `rustc 1.63.0 (4b91a6ea7 2022-08-08)`\n[CI/Check 1.63.0 / 3.6.5 - -1]   \u2699  ::set-output:: rustup=1.26.0 (5af9b9484 2023-04-05)\n[CI/Check 1.63.0 / 3.6.5 - -1]   \u2753  ::endgroup::\n[CI/Check 1.63.0 / 3.6.5 - -1]   \u2705  Success - Main Install toolchain\n[CI/Check static feature     ]   \ud83d\udc33  docker exec cmd=[bash --noprofile --norc -e -o pipefail /var/run/act/workflow/2] user= workdir=\n[CI/Check 1.63.0 / 3.6.5 - -1]   \u2699  ::add-path:: /home/runneradmin/.cargo/bin\n[CI/Check 1.63.0 / 3.6.5 - -1] \u2b50 Run Main Install dependencies\n[CI/Check 1.63.0 / 3.6.5 - -1]   \ud83d\udc33  docker exec cmd=[bash --noprofile --norc -e -o pipefail /var/run/act/workflow/2] user= workdir=\n[CI/Check static feature     ]   |     Updating crates.io index\n[CI/Check 1.63.0 / 3.6.5 - -1]   | \n[CI/Check 1.63.0 / 3.6.5 - -1]   | WARNING: apt does not have a stable CLI interface. Use with caution in scripts.\n[CI/Check 1.63.0 / 3.6.5 - -1]   | \n[CI/Check 1.63.0 / 3.6.5 - -1]   | Hit:1 http://ppa.launchpad.net/ubuntu-toolchain-r/test/ubuntu focal InRelease\n[CI/Check 1.63.0 / 3.6.5 - -1]   | Hit:2 http://archive.ubuntu.com/ubuntu focal InRelease\n[CI/Check 1.63.0 / 3.6.5 - -1]   | Get:3 https://dl.hhvm.com/ubuntu focal InRelease [3137 B]\n[CI/Check 1.63.0 / 3.6.5 - -1]   | Get:4 https://cloud.r-project.org/bin/linux/ubuntu focal-cran40/ InRelease [3622 B]\n[CI/Check 1.63.0 / 3.6.5 - -1]   | Get:5 http://archive.ubuntu.com/ubuntu focal-updates InRelease [114 kB]\n[CI/Check 1.63.0 / 3.6.5 - -1]   | Get:6 https://packages.microsoft.com/ubuntu/20.04/prod focal InRelease [3611 B]\n[CI/Check 1.63.0 / 3.6.5 - -1]   | Get:7 http://archive.ubuntu.com/ubuntu focal-backports InRelease [108 kB]\n[CI/Check 1.63.0 / 3.6.5 - -1]   | Get:8 http://security.ubuntu.com/ubuntu focal-security InRelease [114 kB]\n[CI/Check 1.63.0 / 3.6.5 - -1]   | Get:9 http://dl.google.com/linux/chrome/deb stable InRelease [1825 B]\n[CI/Check 1.63.0 / 3.6.5 - -1]   | Hit:10 https://adoptopenjdk.jfrog.io/adoptopenjdk/deb focal InRelease\n[CI/Check 1.63.0 / 3.6.5 - -1]   | Get:11 https://dl.hhvm.com/ubuntu focal/main amd64 Packages [1880 B]\n[CI/Check 1.63.0 / 3.6.5 - -1]   | Get:12 https://cloud.r-project.org/bin/linux/ubuntu focal-cran40/ Packages [77.6 kB]\n[CI/Check 1.63.0 / 3.6.5 - -1]   | Get:13 https://packages.microsoft.com/ubuntu/20.04/prod focal/main amd64 Packages [201 kB]\n[CI/Check 1.63.0 / 3.6.5 - -1]   | Get:14 http://archive.ubuntu.com/ubuntu focal-updates/multiverse amd64 Packages [31.2 kB]\n[CI/Check 1.63.0 / 3.6.5 - -1]   | Get:15 https://packages.microsoft.com/ubuntu/20.04/prod focal/main all Packages [2521 B]\n[CI/Check 1.63.0 / 3.6.5 - -1]   | Get:16 http://archive.ubuntu.com/ubuntu focal-updates/restricted amd64 Packages [2412 kB]\n[CI/Check 1.63.0 / 3.6.5 - -1]   | Get:17 http://archive.ubuntu.com/ubuntu focal-updates/universe amd64 Packages [1346 kB]\n[CI/Check 1.63.0 / 3.6.5 - -1]   | Get:18 http://archive.ubuntu.com/ubuntu focal-updates/main amd64 Packages [3204 kB]\n[CI/Check 1.63.0 / 3.6.5 - -1]   | Err:9 http://dl.google.com/linux/chrome/deb stable InRelease\n[CI/Check 1.63.0 / 3.6.5 - -1]   |   The following signatures couldn't be verified because the public key is not available: NO_PUBKEY 4EB27DB2A3B88B8B\n[CI/Check 1.63.0 / 3.6.5 - -1]   | Get:19 http://archive.ubuntu.com/ubuntu focal-backports/main amd64 Packages [55.2 kB]\n[CI/Check 1.63.0 / 3.6.5 - -1]   | Get:20 http://archive.ubuntu.com/ubuntu focal-backports/universe amd64 Packages [28.6 kB]\n[CI/Check 1.63.0 / 3.6.5 - -1]   | Get:21 http://security.ubuntu.com/ubuntu focal-security/restricted i386 Packages [36.9 kB]\n[CI/Check 1.63.0 / 3.6.5 - -1]   | Get:22 http://security.ubuntu.com/ubuntu focal-security/universe amd64 Packages [1052 kB]\n[CI/Check 1.63.0 / 3.6.5 - -1]   | Get:23 http://security.ubuntu.com/ubuntu focal-security/main amd64 Packages [2726 kB]\n[CI/Check 1.63.0 / 3.6.5 - -1]   | Get:24 http://security.ubuntu.com/ubuntu focal-security/restricted amd64 Packages [2270 kB]\n[CI/Check 1.63.0 / 3.6.5 - -1]   | Get:25 http://security.ubuntu.com/ubuntu focal-security/multiverse i386 Packages [8141 B]\n[CI/Check 1.63.0 / 3.6.5 - -1]   | Get:26 http://security.ubuntu.com/ubuntu focal-security/multiverse amd64 Packages [28.5 kB]\n[CI/Check 1.63.0 / 3.6.5 - -1]   | Get:27 http://security.ubuntu.com/ubuntu focal-security/universe i386 Packages [739 kB]\n[CI/Check 1.63.0 / 3.6.5 - -1]   | Get:28 http://security.ubuntu.com/ubuntu focal-security/main i386 Packages [739 kB]\n[CI/Check 1.63.0 / 3.6.5 - -1]   | Fetched 15.3 MB in 8s (1887 kB/s)\n[CI/Check 1.63.0 / 3.6.5 - -1]   | Reading package lists...\n[CI/Check 1.63.0 / 3.6.5 - -1]   | Building dependency tree...\n[CI/Check 1.63.0 / 3.6.5 - -1]   | Reading state information...\n[CI/Check 1.63.0 / 3.6.5 - -1]   | W: An error occurred during the signature verification. The repository is not updated and the previous index files will be used. GPG error: http://dl.google.com/linux/chrome/deb stable InRelease: The following signatures couldn't be verified because the public key is not available: NO_PUBKEY 4EB27DB2A3B88B8B\n[CI/Check 1.63.0 / 3.6.5 - -1]   | W: Failed to fetch http://dl.google.com/linux/chrome/deb/dists/stable/InRelease  The following signatures couldn't be verified because the public key is not available: NO_PUBKEY 4EB27DB2A3B88B8B\n[CI/Check 1.63.0 / 3.6.5 - -1]   | W: Some index files failed to download. They have been ignored, or old ones used instead.\n[CI/Check 1.63.0 / 3.6.5 - -1]   | 388 packages can be upgraded. Run 'apt list --upgradable' to see them.\n[CI/Check 1.63.0 / 3.6.5 - -1]   | \n[CI/Check 1.63.0 / 3.6.5 - -1]   | WARNING: apt does not have a stable CLI interface. Use with caution in scripts.\n[CI/Check 1.63.0 / 3.6.5 - -1]   | \n[CI/Check 1.63.0 / 3.6.5 - -1]   | Reading package lists...\n[CI/Check 1.63.0 / 3.6.5 - -1]   | Building dependency tree...\n[CI/Check 1.63.0 / 3.6.5 - -1]   | Reading state information...\n[CI/Check 1.63.0 / 3.6.5 - -1]   | pkg-config is already the newest version (0.29.1-0ubuntu4).\n[CI/Check 1.63.0 / 3.6.5 - -1]   | build-essential is already the newest version (12.8ubuntu1.1).\n[CI/Check 1.63.0 / 3.6.5 - -1]   | The following additional packages will be installed:\n[CI/Check 1.63.0 / 3.6.5 - -1]   |   gdb libbabeltrace1 libboost-regex1.71.0 libc-dev-bin libc6 libc6-dbg\n[CI/Check 1.63.0 / 3.6.5 - -1]   |   libc6-dev libc6-i386 libipt2 libsource-highlight-common\n[CI/Check 1.63.0 / 3.6.5 - -1]   |   libsource-highlight4v5 libxxhash0\n[CI/Check 1.63.0 / 3.6.5 - -1]   | Suggested packages:\n[CI/Check 1.63.0 / 3.6.5 - -1]   |   distcc | icecc gdb-doc gdbserver glibc-doc manpages-dev valgrind-dbg\n[CI/Check 1.63.0 / 3.6.5 - -1]   |   valgrind-mpi kcachegrind alleyoop valkyrie\n[CI/Check 1.63.0 / 3.6.5 - -1]   | Recommended packages:\n[CI/Check 1.63.0 / 3.6.5 - -1]   |   manpages manpages-dev\n[CI/Check 1.63.0 / 3.6.5 - -1]   | The following NEW packages will be installed:\n[CI/Check 1.63.0 / 3.6.5 - -1]   |   ccache gdb libbabeltrace1 libboost-regex1.71.0 libc6-dbg libipt2\n[CI/Check 1.63.0 / 3.6.5 - -1]   |   libsource-highlight-common libsource-highlight4v5 libxxhash0 ninja-build\n[CI/Check 1.63.0 / 3.6.5 - -1]   |   valgrind\n[CI/Check 1.63.0 / 3.6.5 - -1]   | The following packages will be upgraded:\n[CI/Check 1.63.0 / 3.6.5 - -1]   |   libc-dev-bin libc6 libc6-dev libc6-i386\n[CI/Check 1.63.0 / 3.6.5 - -1]   | 4 upgraded, 11 newly installed, 0 to remove and 384 not upgraded.\n[CI/Check 1.63.0 / 3.6.5 - -1]   | Need to get 52.8 MB of archives.\n[CI/Check 1.63.0 / 3.6.5 - -1]   | After this operation, 136 MB of additional disk space will be used.\n[CI/Check 1.63.0 / 3.6.5 - -1]   | Get:1 http://ppa.launchpad.net/ubuntu-toolchain-r/test/ubuntu focal/main amd64 gdb amd64 10.2-0ubuntu1~20.04~1 [3282 kB]\n[CI/Check 1.63.0 / 3.6.5 - -1]   | Get:2 http://archive.ubuntu.com/ubuntu focal-updates/main amd64 libc6-dev amd64 2.31-0ubuntu9.9 [2519 kB]\n[CI/Check 1.63.0 / 3.6.5 - -1]   | Get:3 http://archive.ubuntu.com/ubuntu focal-updates/main amd64 libc-dev-bin amd64 2.31-0ubuntu9.9 [71.8 kB]\n[CI/Check 1.63.0 / 3.6.5 - -1]   | Get:4 http://archive.ubuntu.com/ubuntu focal-updates/main amd64 libc6-i386 amd64 2.31-0ubuntu9.9 [2730 kB]\n[CI/Check 1.63.0 / 3.6.5 - -1]   | Get:5 http://archive.ubuntu.com/ubuntu focal-updates/main amd64 libc6 amd64 2.31-0ubuntu9.9 [2722 kB]\n[CI/Check 1.63.0 / 3.6.5 - -1]   | Get:6 http://archive.ubuntu.com/ubuntu focal/main amd64 ccache amd64 3.7.7-1 [121 kB]\n[CI/Check 1.63.0 / 3.6.5 - -1]   | Get:7 http://archive.ubuntu.com/ubuntu focal/main amd64 libbabeltrace1 amd64 1.5.8-1build1 [156 kB]\n[CI/Check 1.63.0 / 3.6.5 - -1]   | Get:8 http://archive.ubuntu.com/ubuntu focal/universe amd64 libipt2 amd64 2.0.1-1 [42.8 kB]\n[CI/Check 1.63.0 / 3.6.5 - -1]   | Get:9 http://archive.ubuntu.com/ubuntu focal/universe amd64 libsource-highlight-common all 3.1.8-1.2build5 [50.7 kB]\n[CI/Check 1.63.0 / 3.6.5 - -1]   | Get:10 http://archive.ubuntu.com/ubuntu focal/universe amd64 libboost-regex1.71.0 amd64 1.71.0-6ubuntu6 [471 kB]\n[CI/Check 1.63.0 / 3.6.5 - -1]   | Get:11 http://archive.ubuntu.com/ubuntu focal/universe amd64 libsource-highlight4v5 amd64 3.1.8-1.2build5 [232 kB]\n[CI/Check 1.63.0 / 3.6.5 - -1]   | Get:12 http://archive.ubuntu.com/ubuntu focal/universe amd64 libxxhash0 amd64 0.7.3-1 [15.3 kB]\n[CI/Check 1.63.0 / 3.6.5 - -1]   | Get:13 http://archive.ubuntu.com/ubuntu focal/universe amd64 ninja-build amd64 1.10.0-1build1 [107 kB]\n[CI/Check 1.63.0 / 3.6.5 - -1]   | Get:14 http://archive.ubuntu.com/ubuntu focal-updates/main amd64 libc6-dbg amd64 2.31-0ubuntu9.9 [20.0 MB]\n[CI/Check 1.63.0 / 3.6.5 - -1]   | Get:15 http://archive.ubuntu.com/ubuntu focal-updates/main amd64 valgrind amd64 1:3.15.0-1ubuntu9.1 [20.3 MB]\n[CI/Check 1.63.0 / 3.6.5 - -1]   | Preconfiguring packages ...\n[CI/Check 1.63.0 / 3.6.5 - -1]   | Fetched 52.8 MB in 4s (14.3 MB/s)\n[CI/Check 1.63.0 / 3.6.5 - -1]   | (Reading database ... \r(Reading database ... 5%\r(Reading database ... 10%\r(Reading database ... 15%\r(Reading database ... 20%\r(Reading database ... 25%\r(Reading database ... 30%\r(Reading database ... 35%\r(Reading database ... 40%\r(Reading database ... 45%\r(Reading database ... 50%\r(Reading database ... 55%\r(Reading database ... 60%\r(Reading database ... 65%\r(Reading database ... 70%\r(Reading database ... 75%\r(Reading database ... 80%\r(Reading database ... 85%\r(Reading database ... 90%\r(Reading database ... 95%\r(Reading database ... 100%\r(Reading database ... 193678 files and directories currently installed.)\r\n[CI/Check 1.63.0 / 3.6.5 - -1]   | Preparing to unpack .../libc6-dev_2.31-0ubuntu9.9_amd64.deb ...\r\n[CI/Check 1.63.0 / 3.6.5 - -1]   | Unpacking libc6-dev:amd64 (2.31-0ubuntu9.9) over (2.31-0ubuntu9.2) ...\r\n[CI/Check 1.63.0 / 3.6.5 - -1]   | Preparing to unpack .../libc-dev-bin_2.31-0ubuntu9.9_amd64.deb ...\r\n[CI/Check 1.63.0 / 3.6.5 - -1]   | Unpacking libc-dev-bin (2.31-0ubuntu9.9) over (2.31-0ubuntu9.2) ...\r\n[CI/Check 1.63.0 / 3.6.5 - -1]   | Preparing to unpack .../libc6-i386_2.31-0ubuntu9.9_amd64.deb ...\r\n[CI/Check 1.63.0 / 3.6.5 - -1]   | Unpacking libc6-i386 (2.31-0ubuntu9.9) over (2.31-0ubuntu9.2) ...\r\n[CI/Check 1.63.0 / 3.6.5 - -1]   | Preparing to unpack .../libc6_2.31-0ubuntu9.9_amd64.deb ...\r\n[CI/Check 1.63.0 / 3.6.5 - -1]   | Unpacking libc6:amd64 (2.31-0ubuntu9.9) over (2.31-0ubuntu9.2) ...\r\n[CI/Check 1.63.0 / 3.6.5 - -1]   | Setting up libc6:amd64 (2.31-0ubuntu9.9) ...\r\n[CI/Check 1.63.0 / 3.6.5 - -1]   | Selecting previously unselected package ccache.\r\n[CI/Check 1.63.0 / 3.6.5 - -1]   | (Reading database ... \r(Reading database ... 5%\r(Reading database ... 10%\r(Reading database ... 15%\r(Reading database ... 20%\r(Reading database ... 25%\r(Reading database ... 30%\r(Reading database ... 35%\r(Reading database ... 40%\r(Reading database ... 45%\r(Reading database ... 50%\r(Reading database ... 55%\r(Reading database ... 60%\r(Reading database ... 65%\r(Reading database ... 70%\r(Reading database ... 75%\r(Reading database ... 80%\r(Reading database ... 85%\r(Reading database ... 90%\r(Reading database ... 95%\r(Reading database ... 100%\r(Reading database ... 193678 files and directories currently installed.)\r\n[CI/Check 1.63.0 / 3.6.5 - -1]   | Preparing to unpack .../00-ccache_3.7.7-1_amd64.deb ...\r\n[CI/Check 1.63.0 / 3.6.5 - -1]   | Unpacking ccache (3.7.7-1) ...\r\n[CI/Check 1.63.0 / 3.6.5 - -1]   | Selecting previously unselected package libbabeltrace1:amd64.\r\n[CI/Check 1.63.0 / 3.6.5 - -1]   | Preparing to unpack .../01-libbabeltrace1_1.5.8-1build1_amd64.deb ...\r\n[CI/Check 1.63.0 / 3.6.5 - -1]   | Unpacking libbabeltrace1:amd64 (1.5.8-1build1) ...\r\n[CI/Check 1.63.0 / 3.6.5 - -1]   | Selecting previously unselected package libipt2.\r\n[CI/Check 1.63.0 / 3.6.5 - -1]   | Preparing to unpack .../02-libipt2_2.0.1-1_amd64.deb ...\r\n[CI/Check 1.63.0 / 3.6.5 - -1]   | Unpacking libipt2 (2.0.1-1) ...\r\n[CI/Check 1.63.0 / 3.6.5 - -1]   | Selecting previously unselected package libsource-highlight-common.\r\n[CI/Check 1.63.0 / 3.6.5 - -1]   | Preparing to unpack .../03-libsource-highlight-common_3.1.8-1.2build5_all.deb ...\r\n[CI/Check 1.63.0 / 3.6.5 - -1]   | Unpacking libsource-highlight-common (3.1.8-1.2build5) ...\r\n[CI/Check 1.63.0 / 3.6.5 - -1]   | Selecting previously unselected package libboost-regex1.71.0:amd64.\r\n[CI/Check 1.63.0 / 3.6.5 - -1]   | Preparing to unpack .../04-libboost-regex1.71.0_1.71.0-6ubuntu6_amd64.deb ...\r\n[CI/Check 1.63.0 / 3.6.5 - -1]   | Unpacking libboost-regex1.71.0:amd64 (1.71.0-6ubuntu6) ...\r\n[CI/Check 1.63.0 / 3.6.5 - -1]   | Selecting previously unselected package libsource-highlight4v5.\r\n[CI/Check 1.63.0 / 3.6.5 - -1]   | Preparing to unpack .../05-libsource-highlight4v5_3.1.8-1.2build5_amd64.deb ...\r\n[CI/Check 1.63.0 / 3.6.5 - -1]   | Unpacking libsource-highlight4v5 (3.1.8-1.2build5) ...\r\n[CI/Check 1.63.0 / 3.6.5 - -1]   | Selecting previously unselected package libxxhash0:amd64.\r\n[CI/Check 1.63.0 / 3.6.5 - -1]   | Preparing to unpack .../06-libxxhash0_0.7.3-1_amd64.deb ...\r\n[CI/Check 1.63.0 / 3.6.5 - -1]   | Unpacking libxxhash0:amd64 (0.7.3-1) ...\r\n[CI/Check 1.63.0 / 3.6.5 - -1]   | Selecting previously unselected package gdb.\r\n[CI/Check 1.63.0 / 3.6.5 - -1]   | Preparing to unpack .../07-gdb_10.2-0ubuntu1~20.04~1_amd64.deb ...\r\n[CI/Check 1.63.0 / 3.6.5 - -1]   | Unpacking gdb (10.2-0ubuntu1~20.04~1) ...\r\n[CI/Check 1.63.0 / 3.6.5 - -1]   | Selecting previously unselected package ninja-build.\r\n[CI/Check 1.63.0 / 3.6.5 - -1]   | Preparing to unpack .../08-ninja-build_1.10.0-1build1_amd64.deb ...\r\n[CI/Check 1.63.0 / 3.6.5 - -1]   | Unpacking ninja-build (1.10.0-1build1) ...\r\n[CI/Check 1.63.0 / 3.6.5 - -1]   | Selecting previously unselected package libc6-dbg:amd64.\r\n[CI/Check 1.63.0 / 3.6.5 - -1]   | Preparing to unpack .../09-libc6-dbg_2.31-0ubuntu9.9_amd64.deb ...\r\n[CI/Check 1.63.0 / 3.6.5 - -1]   | Unpacking libc6-dbg:amd64 (2.31-0ubuntu9.9) ...\r\n[CI/Check 1.63.0 / 3.6.5 - -1]   | Selecting previously unselected package valgrind.\r\n[CI/Check 1.63.0 / 3.6.5 - -1]   | Preparing to unpack .../10-valgrind_1%3a3.15.0-1ubuntu9.1_amd64.deb ...\r\n[CI/Check 1.63.0 / 3.6.5 - -1]   | Unpacking valgrind (1:3.15.0-1ubuntu9.1) ...\r\n[CI/Check 1.63.0 / 3.6.5 - -1]   | Setting up ccache (3.7.7-1) ...\r\n[CI/Check 1.63.0 / 3.6.5 - -1]   | Updating symlinks in /usr/lib/ccache ...\r\n[CI/Check 1.63.0 / 3.6.5 - -1]   | Setting up libsource-highlight-common (3.1.8-1.2build5) ...\r\n[CI/Check 1.63.0 / 3.6.5 - -1]   | Setting up ninja-build (1.10.0-1build1) ...\r\n[CI/Check 1.63.0 / 3.6.5 - -1]   | Setting up libc6-dbg:amd64 (2.31-0ubuntu9.9) ...\r\n[CI/Check 1.63.0 / 3.6.5 - -1]   | Setting up libipt2 (2.0.1-1) ...\r\n[CI/Check 1.63.0 / 3.6.5 - -1]   | Setting up libboost-regex1.71.0:amd64 (1.71.0-6ubuntu6) ...\r\n[CI/Check 1.63.0 / 3.6.5 - -1]   | Setting up libbabeltrace1:amd64 (1.5.8-1build1) ...\r\n[CI/Check 1.63.0 / 3.6.5 - -1]   | Setting up libxxhash0:amd64 (0.7.3-1) ...\r\n[CI/Check 1.63.0 / 3.6.5 - -1]   | Setting up libc6-i386 (2.31-0ubuntu9.9) ...\r\n[CI/Check 1.63.0 / 3.6.5 - -1]   | Setting up libc-dev-bin (2.31-0ubuntu9.9) ...\r\n[CI/Check 1.63.0 / 3.6.5 - -1]   | Setting up valgrind (1:3.15.0-1ubuntu9.1) ...\r\n[CI/Check 1.63.0 / 3.6.5 - -1]   | Setting up libsource-highlight4v5 (3.1.8-1.2build5) ...\r\n[CI/Check 1.63.0 / 3.6.5 - -1]   | Setting up gdb (10.2-0ubuntu1~20.04~1) ...\r\n[CI/Check 1.63.0 / 3.6.5 - -1]   | Setting up libc6-dev:amd64 (2.31-0ubuntu9.9) ...\r\n[CI/Check 1.63.0 / 3.6.5 - -1]   | Processing triggers for libc-bin (2.31-0ubuntu9.2) ...\r\n[CI/Check 1.63.0 / 3.6.5 - -1]   \u2705  Success - Main Install dependencies\n[CI/Check 1.63.0 / 3.6.5 - -1] \u2b50 Run Main Prepare ccache\n[CI/Check 1.63.0 / 3.6.5 - -1]   \ud83d\udc33  docker exec cmd=[bash --noprofile --norc -e -o pipefail /var/run/act/workflow/3] user= workdir=\n[CI/Check 1.63.0 / 3.6.5 - -1]   | Cleared cache\n[CI/Check 1.63.0 / 3.6.5 - -1]   \u2705  Success - Main Prepare ccache\n[CI/Check 1.63.0 / 3.6.5 - -1] \u2b50 Run Main Cache ccache\n[CI/Check 1.63.0 / 3.6.5 - -1]   \ud83d\udc33  docker cp src=/home/andre-silva/.cache/act/actions-cache@v2/ dst=/var/run/act/actions/actions-cache@v2/\n[CI/Check 1.63.0 / 3.6.5 - -1]   \ud83d\udc33  docker exec cmd=[chown -R 1012:1000 /var/run/act/actions/actions-cache@v2/] user=0 workdir=\n[CI/Check 1.63.0 / 3.6.5 - -1]   \ud83d\udc33  docker exec cmd=[node /var/run/act/actions/actions-cache@v2/dist/restore/index.js] user= workdir=\n[CI/Check 1.63.0 / 3.6.5 - -1]   \ud83d\udcac  ::debug::Resolved Keys:\n[CI/Check 1.63.0 / 3.6.5 - -1]   \ud83d\udcac  ::debug::[\"ccache-v1--check-refs/heads/master-59e623a5704f2a844fb5a896e61c9b5cf5f3c395-\",\"ccache-v1--check-refs/heads/master-59e623a5704f2a844fb5a896e61c9b5cf5f3c395\",\"ccache-v1--check-refs/heads/master\",\"ccache-v1--check\"]\n[CI/Check 1.63.0 / 3.6.5 - -1]   \ud83d\udcac  ::debug::Checking zstd --version\n[CI/Check 1.63.0 / 3.6.5 - -1]   \ud83d\udcac  ::debug::*** zstd command line interface 64-bits v1.5.0, by Yann Collet ***\n[CI/Check 1.63.0 / 3.6.5 - -1]   \ud83d\udcac  ::debug::getCacheEntry - Attempt 1 of 2 failed with error: Cache Service Url not found, unable to restore cache.\n[CI/Check 1.63.0 / 3.6.5 - -1]   \ud83d\udcac  ::debug::getCacheEntry - Attempt 2 of 2 failed with error: Cache Service Url not found, unable to restore cache.\n[CI/Check 1.63.0 / 3.6.5 - -1]   | [warning]getCacheEntry failed: Cache Service Url not found, unable to restore cache.\n[CI/Check 1.63.0 / 3.6.5 - -1]   \u2705  Success - Main Cache ccache\n[CI/Check 1.63.0 / 3.6.5 - -1]   \u2699  ::set-output:: cache-hit=false\n[CI/Check 1.63.0 / 3.6.5 - -1] \u2b50 Run Main Clear ccache statistics\n[CI/Check 1.63.0 / 3.6.5 - -1]   \ud83d\udc33  docker exec cmd=[bash --noprofile --norc -e -o pipefail /var/run/act/workflow/5] user= workdir=\n[CI/Check static feature     ]   |  Downloading crates ...\n[CI/Check static feature     ]   |   Downloaded cmake v0.1.50\n[CI/Check static feature     ]   |   Downloaded pkg-config v0.3.27\n[CI/Check static feature     ]   |   Downloaded num-iter v0.1.43\n[CI/Check static feature     ]   |   Downloaded semver v1.0.17\n[CI/Check static feature     ]   |   Downloaded num v0.4.0\n[CI/Check static feature     ]   |   Downloaded num-traits v0.2.15\n[CI/Check static feature     ]   |   Downloaded num-integer v0.1.45\n[CI/Check static feature     ]   |   Downloaded cc v1.0.79\n[CI/Check static feature     ]   |   Downloaded num-rational v0.4.1\n[CI/Check static feature     ]   |   Downloaded num-bigint v0.4.3\n[CI/Check static feature     ]   |   Downloaded c_vec v2.0.0\n[CI/Check static feature     ]   |   Downloaded libc v0.2.144\n[CI/Check static feature     ]   |   Downloaded autocfg v1.1.0\n[CI/Check static feature     ]   |   Downloaded link-cplusplus v1.0.8\n[CI/Check static feature     ]   |   Downloaded num-complex v0.4.3\n[CI/Check static feature     ]   |    Compiling autocfg v1.1.0\n[CI/Check static feature     ]   |    Compiling cc v1.0.79\n[CI/Check static feature     ]   |    Compiling semver v1.0.17\n[CI/Check static feature     ]   |    Compiling libc v0.2.144\n[CI/Check static feature     ]   |    Compiling pkg-config v0.3.27\n[CI/Check static feature     ]   |    Compiling c_vec v2.0.0\n[CI/Check static feature     ]   |    Compiling num-traits v0.2.15\n[CI/Check static feature     ]   |    Compiling num-integer v0.1.45\n[CI/Check static feature     ]   |    Compiling num-bigint v0.4.3\n[CI/Check static feature     ]   |    Compiling num-rational v0.4.1\n[CI/Check static feature     ]   |    Compiling num-iter v0.1.43\n[CI/Check static feature     ]   |    Compiling cmake v0.1.50\n[CI/Check static feature     ]   |    Compiling geos-sys v2.0.5 (/tmp/c1e8dd3a-fec2-11ed-a890-af2cc187fc11/georust-geos/sys)\n[CI/Check static feature     ]   |    Compiling link-cplusplus v1.0.8\n[CI/Check static feature     ]   |    Compiling geos-src v0.2.1 (/tmp/c1e8dd3a-fec2-11ed-a890-af2cc187fc11/georust-geos/sys/geos-src)\n[CI/Check static feature     ]   | error: failed to run custom build command for `geos-src v0.2.1 (/tmp/c1e8dd3a-fec2-11ed-a890-af2cc187fc11/georust-geos/sys/geos-src)`\n[CI/Check static feature     ]   | \n[CI/Check static feature     ]   | Caused by:\n[CI/Check static feature     ]   |   process didn't exit successfully: `/tmp/c1e8dd3a-fec2-11ed-a890-af2cc187fc11/georust-geos/target/debug/build/geos-src-6d3b7898a15ebd9a/build-script-build` (exit status: 101)\n[CI/Check static feature     ]   |   --- stdout\n[CI/Check static feature     ]   |   cargo:rerun-if-changed=build.rs\n[CI/Check static feature     ]   |   CMAKE_TOOLCHAIN_FILE_x86_64-unknown-linux-gnu = None\n[CI/Check static feature     ]   |   CMAKE_TOOLCHAIN_FILE_x86_64_unknown_linux_gnu = None\n[CI/Check static feature     ]   |   HOST_CMAKE_TOOLCHAIN_FILE = None\n[CI/Check static feature     ]   |   CMAKE_TOOLCHAIN_FILE = None\n[CI/Check static feature     ]   |   CMAKE_GENERATOR_x86_64-unknown-linux-gnu = None\n[CI/Check static feature     ]   |   CMAKE_GENERATOR_x86_64_unknown_linux_gnu = None\n[CI/Check static feature     ]   |   HOST_CMAKE_GENERATOR = None\n[CI/Check static feature     ]   |   CMAKE_GENERATOR = None\n[CI/Check static feature     ]   |   CMAKE_PREFIX_PATH_x86_64-unknown-linux-gnu = None\n[CI/Check static feature     ]   |   CMAKE_PREFIX_PATH_x86_64_unknown_linux_gnu = None\n[CI/Check static feature     ]   |   HOST_CMAKE_PREFIX_PATH = None\n[CI/Check static feature     ]   |   CMAKE_PREFIX_PATH = None\n[CI/Check static feature     ]   |   CMAKE_x86_64-unknown-linux-gnu = None\n[CI/Check static feature     ]   |   CMAKE_x86_64_unknown_linux_gnu = None\n[CI/Check static feature     ]   |   HOST_CMAKE = None\n[CI/Check static feature     ]   |   CMAKE = None\n[CI/Check static feature     ]   |   running: \"cmake\" \"/tmp/c1e8dd3a-fec2-11ed-a890-af2cc187fc11/georust-geos/sys/geos-src/source\" \"-DBUILD_BENCHMARKS=OFF\" \"-DBUILD_TESTING=OFF\" \"-DGEOS_ENABLE_TESTS=OFF\" \"-DBUILD_DOCUMENTATION=OFF\" \"-DCMAKE_INSTALL_LIBDIR=lib\" \"-DBUILD_SHARED_LIBS=OFF\" \"-DGEOS_BUILD_STATIC=ON\" \"-DGEOS_BUILD_SHARED=OFF\" \"-DCMAKE_INSTALL_PREFIX=/tmp/c1e8dd3a-fec2-11ed-a890-af2cc187fc11/georust-geos/target/debug/build/geos-src-e6905fdab6f7d28c/out\" \"-DCMAKE_C_FLAGS= -ffunction-sections -fdata-sections -fPIC -m64\" \"-DCMAKE_C_COMPILER=/usr/bin/cc\" \"-DCMAKE_CXX_FLAGS= -ffunction-sections -fdata-sections -fPIC -m64\" \"-DCMAKE_CXX_COMPILER=/usr/bin/c++\" \"-DCMAKE_ASM_FLAGS= -ffunction-sections -fdata-sections -fPIC -m64\" \"-DCMAKE_ASM_COMPILER=/usr/bin/cc\" \"-DCMAKE_BUILD_TYPE=Release\"\n[CI/Check static feature     ]   | \n[CI/Check static feature     ]   |   --- stderr\n[CI/Check static feature     ]   |   CMake Error: The source directory \"/tmp/c1e8dd3a-fec2-11ed-a890-af2cc187fc11/georust-geos/sys/geos-src/source\" does not appear to contain CMakeLists.txt.\n[CI/Check static feature     ]   |   Specify --help for usage, or press the help button on the CMake GUI.\n[CI/Check static feature     ]   |   thread 'main' panicked at '\n[CI/Check static feature     ]   |   command did not execute successfully, got: exit status: 1\n[CI/Check static feature     ]   | \n[CI/Check static feature     ]   |   build script failed, must exit now', /home/runneradmin/.cargo/registry/src/github.com-1ecc6299db9ec823/cmake-0.1.50/src/lib.rs:1098:5\n[CI/Check static feature     ]   |   note: run with `RUST_BACKTRACE=1` environment variable to display a backtrace\n[CI/Check static feature     ]   | warning: build failed, waiting for other jobs to finish...\n[CI/Check static feature     ]   \u274c  Failure - Main Build static geos crate\n[CI/Check static feature     ] exitcode '101': failure\n[CI/Check static feature     ] \ud83c\udfc1  Job failed\n[CI/Check 1.63.0 / 3.6.5 - -1]   | Statistics zeroed\n[CI/Check 1.63.0 / 3.6.5 - -1]   | Set cache size limit to 2.0 GB\n[CI/Check 1.63.0 / 3.6.5 - -1]   | cache directory                     /home/runneradmin/.ccache\n[CI/Check 1.63.0 / 3.6.5 - -1]   | primary config                      /home/runneradmin/.ccache/ccache.conf\n[CI/Check 1.63.0 / 3.6.5 - -1]   | secondary config      (readonly)    /etc/ccache.conf\n[CI/Check 1.63.0 / 3.6.5 - -1]   | stats updated                       Tue May 30 09:25:25 2023\n[CI/Check 1.63.0 / 3.6.5 - -1]   | stats zeroed                        Tue May 30 09:25:25 2023\n[CI/Check 1.63.0 / 3.6.5 - -1]   | cache hit (direct)                     0\n[CI/Check 1.63.0 / 3.6.5 - -1]   | cache hit (preprocessed)               0\n[CI/Check 1.63.0 / 3.6.5 - -1]   | cache miss                             0\n[CI/Check 1.63.0 / 3.6.5 - -1]   | cache hit rate                      0.00 %\n[CI/Check 1.63.0 / 3.6.5 - -1]   | cleanups performed                     0\n[CI/Check 1.63.0 / 3.6.5 - -1]   | files in cache                         0\n[CI/Check 1.63.0 / 3.6.5 - -1]   | cache size                           0.0 kB\n[CI/Check 1.63.0 / 3.6.5 - -1]   | max cache size                       2.0 GB\n[CI/Check 1.63.0 / 3.6.5 - -1]   \u2705  Success - Main Clear ccache statistics\n[CI/Check 1.63.0 / 3.6.5 - -1] \u2b50 Run Main Install GEOS\n[CI/Check 1.63.0 / 3.6.5 - -1]   \ud83d\udc33  docker exec cmd=[bash --noprofile --norc -e -o pipefail /var/run/act/workflow/6] user= workdir=\n[CI/Check 1.63.0 / 3.6.5 - -1]   | fatal: --unshallow on a complete repository does not make sense\n[CI/Check 1.63.0 / 3.6.5 - -1]   \u274c  Failure - Main Install GEOS\n[CI/Check 1.63.0 / 3.6.5 - -1] exitcode '128': failure\n[CI/Check 1.63.0 / 3.6.5 - -1] failed to remove container: Delete \"http://%2Fvar%2Frun%2Fdocker.sock/v1.41/containers/0e97ff8e13a7b8751b65bffbc39c7131f8a2dcc30040eaf77536aef81fe47b65?force=1&v=1\": context deadline exceeded\n[CI/Check 1.63.0 / 3.6.5 - -1] \ud83c\udfc1  Job failed\n",
    "actions_stderr": "Error: Error response from daemon: remove act-CI-clippy-4e526475983b0a6693e2f45e1704e3b93911fdc7bb9c46e23201de602964d303-env: volume is in use - [bf052ae4f2b8adb7306022f912d784a704a2e7b79e9bdfbb64e9721bc5963ea3]\n"
}