{
    "repository": "zalando-incubator/kube-ingress-aws-controller",
    "clone_url": "https://github.com/zalando-incubator/kube-ingress-aws-controller.git",
    "timestamp": "2023-05-30T12:03:24.323812Z",
    "clone_success": true,
    "number of actions": 2,
    "number_of_test_actions": 1,
    "actions_successful": false,
    "actions_stdout": "[ci/tests] \ud83d\ude80  Start image=crawlergpt:latest\n[ci/tests]   \ud83d\udc33  docker pull image=crawlergpt:latest platform= username= forcePull=false\n[ci/tests]   \ud83d\udc33  docker create image=crawlergpt:latest platform= entrypoint=[\"tail\" \"-f\" \"/dev/null\"] cmd=[]\n[ci/tests]   \ud83d\udc33  docker run image=crawlergpt:latest platform= entrypoint=[\"tail\" \"-f\" \"/dev/null\"] cmd=[]\n[ci/tests]   \ud83d\udc33  docker exec cmd=[chown -R 1012:1000 /tmp/c66e4e10-fed3-11ed-a890-af2cc187fc11/zalando-incubator-kube-ingress-aws-controller] user=0 workdir=\n[ci/tests]   \u2601  git clone 'https://github.com/actions/setup-go' # ref=v2\n[ci/tests] \u2b50 Run Main actions/checkout@v2\n[ci/tests]   \u2705  Success - Main actions/checkout@v2\n[ci/tests] \u2b50 Run Main actions/setup-go@v2\n[ci/tests]   \ud83d\udc33  docker cp src=/home/andre-silva/.cache/act/actions-setup-go@v2/ dst=/var/run/act/actions/actions-setup-go@v2/\n[ci/tests]   \ud83d\udc33  docker exec cmd=[chown -R 1012:1000 /var/run/act/actions/actions-setup-go@v2/] user=0 workdir=\n[ci/tests]   \ud83d\udc33  docker exec cmd=[node /var/run/act/actions/actions-setup-go@v2/dist/index.js] user= workdir=\n[ci/tests]   | Setup go stable version spec ^1.20\n[ci/tests]   \ud83d\udcac  ::debug::isExplicit: \n[ci/tests]   \ud83d\udcac  ::debug::explicit? false\n[ci/tests]   \ud83d\udcac  ::debug::isExplicit: 1.14.15\n[ci/tests]   \ud83d\udcac  ::debug::explicit? true\n[ci/tests]   \ud83d\udcac  ::debug::isExplicit: 1.15.15\n[ci/tests]   \ud83d\udcac  ::debug::explicit? true\n[ci/tests]   \ud83d\udcac  ::debug::isExplicit: 1.16.7\n[ci/tests]   \ud83d\udcac  ::debug::explicit? true\n[ci/tests]   \ud83d\udcac  ::debug::evaluating 3 versions\n[ci/tests]   \ud83d\udcac  ::debug::match not found\n[ci/tests]   | Attempting to download ^1.20...\n[ci/tests]   | API rate limit exceeded for 130.242.72.40. (But here's the good news: Authenticated requests get a higher rate limit. Check out the documentation for more details.)\n[ci/tests]   \ud83d\udcac  ::debug::Error: API rate limit exceeded for 130.242.72.40. (But here's the good news: Authenticated requests get a higher rate limit. Check out the documentation for more details.)%0A    at /run/act/actions/actions-setup-go@v2/dist/index.js:5294:27%0A    at processTicksAndRejections (internal/process/task_queues.js:95:5)\n[ci/tests]   | Falling back to download directly from Go\n[ci/tests]   \ud83d\udcac  ::debug::check 1.20.4 satisfies ^1.20\n[ci/tests]   \ud83d\udcac  ::debug::===amd64 && ===linux\n[ci/tests]   \ud83d\udcac  ::debug::amd64===amd64 && darwin===linux\n[ci/tests]   \ud83d\udcac  ::debug::amd64===amd64 && darwin===linux\n[ci/tests]   \ud83d\udcac  ::debug::arm64===amd64 && darwin===linux\n[ci/tests]   \ud83d\udcac  ::debug::arm64===amd64 && darwin===linux\n[ci/tests]   \ud83d\udcac  ::debug::386===amd64 && freebsd===linux\n[ci/tests]   \ud83d\udcac  ::debug::amd64===amd64 && freebsd===linux\n[ci/tests]   \ud83d\udcac  ::debug::386===amd64 && linux===linux\n[ci/tests]   \ud83d\udcac  ::debug::amd64===amd64 && linux===linux\n[ci/tests]   \ud83d\udcac  ::debug::matched go1.20.4\n[ci/tests]   | Install from dist\n[ci/tests]   | Acquiring go1.20.4 from https://storage.googleapis.com/golang/go1.20.4.linux-amd64.tar.gz\n[ci/tests]   \ud83d\udcac  ::debug::Downloading https://storage.googleapis.com/golang/go1.20.4.linux-amd64.tar.gz\n[ci/tests]   \ud83d\udcac  ::debug::Destination /tmp/91ffad53-9fc2-4534-87cf-5e2864849b29\n[ci/tests]   \ud83d\udcac  ::debug::download complete\n[ci/tests]   | Extracting Go...\n[ci/tests]   \ud83d\udcac  ::debug::Checking tar --version\n[ci/tests]   \ud83d\udcac  ::debug::tar (GNU tar) 1.30%0ACopyright (C) 2017 Free Software Foundation, Inc.%0ALicense GPLv3+: GNU GPL version 3 or later <https://gnu.org/licenses/gpl.html>.%0AThis is free software: you are free to change and redistribute it.%0AThere is NO WARRANTY, to the extent permitted by law.%0A%0AWritten by John Gilmore and Jay Fenlason.\n[ci/tests]   | [command]/usr/bin/tar xz --warning=no-unknown-keyword -C /tmp/346c3411-5281-470f-a646-08e702c7a6af -f /tmp/91ffad53-9fc2-4534-87cf-5e2864849b29\n[ci/tests]   | Successfully extracted go to /tmp/346c3411-5281-470f-a646-08e702c7a6af\n[ci/tests]   | Adding to the cache ...\n[ci/tests]   \ud83d\udcac  ::debug::Caching tool go 1.20.4 x64\n[ci/tests]   \ud83d\udcac  ::debug::source dir: /tmp/346c3411-5281-470f-a646-08e702c7a6af/go\n[ci/tests]   \ud83d\udcac  ::debug::destination /opt/hostedtoolcache/go/1.20.4/x64\n[ci/tests]   \ud83d\udcac  ::debug::finished caching tool\n[ci/tests]   | Successfully cached go to /opt/hostedtoolcache/go/1.20.4/x64\n[ci/tests]   | Added go to the path\n[ci/tests]   \ud83d\udcac  ::debug::which go :/opt/hostedtoolcache/go/1.20.4/x64/bin/go:\n[ci/tests]   \ud83d\udcac  ::debug::go env GOPATH :/home/runneradmin/go:\n[ci/tests]   \ud83d\udcac  ::debug::creating /home/runneradmin/go\n[ci/tests]   \ud83d\udcac  ::debug::creating /home/runneradmin/go/bin\n[ci/tests]   \ud83d\udcac  ::debug::add bin true\n[ci/tests]   | Successfully setup go version ^1.20\n[ci/tests]   \u2753 add-matcher /run/act/actions/actions-setup-go@v2/matchers.json\n[ci/tests]   | go version go1.20.4 linux/amd64\n[ci/tests]   | \n[ci/tests]   \u2753  ::group::go env\n[ci/tests]   | GO111MODULE=\"\"\n[ci/tests]   | GOARCH=\"amd64\"\n[ci/tests]   | GOBIN=\"\"\n[ci/tests]   | GOCACHE=\"/home/runneradmin/.cache/go-build\"\n[ci/tests]   | GOENV=\"/home/runneradmin/.config/go/env\"\n[ci/tests]   | GOEXE=\"\"\n[ci/tests]   | GOEXPERIMENT=\"\"\n[ci/tests]   | GOFLAGS=\"\"\n[ci/tests]   | GOHOSTARCH=\"amd64\"\n[ci/tests]   | GOHOSTOS=\"linux\"\n[ci/tests]   | GOINSECURE=\"\"\n[ci/tests]   | GOMODCACHE=\"/home/runneradmin/go/pkg/mod\"\n[ci/tests]   | GONOPROXY=\"\"\n[ci/tests]   | GONOSUMDB=\"\"\n[ci/tests]   | GOOS=\"linux\"\n[ci/tests]   | GOPATH=\"/home/runneradmin/go\"\n[ci/tests]   | GOPRIVATE=\"\"\n[ci/tests]   | GOPROXY=\"https://proxy.golang.org,direct\"\n[ci/tests]   | GOROOT=\"/opt/hostedtoolcache/go/1.20.4/x64\"\n[ci/tests]   | GOSUMDB=\"sum.golang.org\"\n[ci/tests]   | GOTMPDIR=\"\"\n[ci/tests]   | GOTOOLDIR=\"/opt/hostedtoolcache/go/1.20.4/x64/pkg/tool/linux_amd64\"\n[ci/tests]   | GOVCS=\"\"\n[ci/tests]   | GOVERSION=\"go1.20.4\"\n[ci/tests]   | GCCGO=\"gccgo\"\n[ci/tests]   | GOAMD64=\"v1\"\n[ci/tests]   | AR=\"ar\"\n[ci/tests]   | CC=\"gcc\"\n[ci/tests]   | CXX=\"g++\"\n[ci/tests]   | CGO_ENABLED=\"1\"\n[ci/tests]   | GOMOD=\"/tmp/c66e4e10-fed3-11ed-a890-af2cc187fc11/zalando-incubator-kube-ingress-aws-controller/go.mod\"\n[ci/tests]   | GOWORK=\"\"\n[ci/tests]   | CGO_CFLAGS=\"-O2 -g\"\n[ci/tests]   | CGO_CPPFLAGS=\"\"\n[ci/tests]   | CGO_CXXFLAGS=\"-O2 -g\"\n[ci/tests]   | CGO_FFLAGS=\"-O2 -g\"\n[ci/tests]   | CGO_LDFLAGS=\"-O2 -g\"\n[ci/tests]   | PKG_CONFIG=\"pkg-config\"\n[ci/tests]   | GOGCCFLAGS=\"-fPIC -m64 -pthread -Wl,--no-gc-sections -fmessage-length=0 -fdebug-prefix-map=/tmp/go-build3022672586=/tmp/go-build -gno-record-gcc-switches\"\n[ci/tests]   | \n[ci/tests]   \u2753  ::endgroup::\n[ci/tests]   \u2705  Success - Main actions/setup-go@v2\n[ci/tests]   \u2699  ::set-env:: GOROOT=/opt/hostedtoolcache/go/1.20.4/x64\n[ci/tests]   \u2699  ::add-path:: /opt/hostedtoolcache/go/1.20.4/x64/bin\n[ci/tests]   \u2699  ::add-path:: /home/runneradmin/go/bin\n[ci/tests] \u2b50 Run Main go version\n[ci/tests]   \ud83d\udc33  docker exec cmd=[bash --noprofile --norc -e -o pipefail /var/run/act/workflow/2] user= workdir=\n[ci/tests]   | go version go1.20.4 linux/amd64\n[ci/tests]   \u2705  Success - Main go version\n[ci/tests] \u2b50 Run Main go install github.com/mattn/goveralls@latest\n[ci/tests]   \ud83d\udc33  docker exec cmd=[bash --noprofile --norc -e -o pipefail /var/run/act/workflow/3] user= workdir=\n[ci/tests]   | go: downloading github.com/mattn/goveralls v0.0.12\n[ci/tests]   | go: downloading golang.org/x/mod v0.10.0\n[ci/tests]   | go: downloading golang.org/x/tools v0.8.0\n[ci/tests]   \u2705  Success - Main go install github.com/mattn/goveralls@latest\n[ci/tests] \u2b50 Run Main go install github.com/golangci/golangci-lint/cmd/golangci-lint@latest\n[ci/tests]   \ud83d\udc33  docker exec cmd=[bash --noprofile --norc -e -o pipefail /var/run/act/workflow/4] user= workdir=\n[ci/tests]   | go: downloading github.com/golangci/golangci-lint v1.52.2\n[ci/tests]   | go: downloading github.com/gofrs/flock v0.8.1\n[ci/tests]   | go: downloading github.com/fatih/color v1.15.0\n[ci/tests]   | go: downloading golang.org/x/tools v0.7.0\n[ci/tests]   | go: downloading github.com/stretchr/testify v1.8.2\n[ci/tests]   | go: downloading github.com/mattn/go-colorable v0.1.13\n[ci/tests]   | go: downloading github.com/spf13/viper v1.12.0\n[ci/tests]   | go: downloading github.com/sirupsen/logrus v1.9.0\n[ci/tests]   | go: downloading github.com/sivchari/nosnakecase v1.7.0\n[ci/tests]   | go: downloading github.com/sivchari/containedctx v1.0.2\n[ci/tests]   | go: downloading 4d63.com/gocheckcompilerdirectives v1.2.1\n[ci/tests]   | go: downloading 4d63.com/gochecknoglobals v0.2.1\n[ci/tests]   | go: downloading github.com/spf13/cobra v1.6.1\n[ci/tests]   | go: downloading github.com/sivchari/tenv v1.7.1\n[ci/tests]   | go: downloading github.com/maratori/testpackage v1.1.1\n[ci/tests]   | go: downloading github.com/sourcegraph/go-diff v0.7.0\n[ci/tests]   | go: downloading github.com/stbenjam/no-sprintf-host-port v0.1.1\n[ci/tests]   | go: downloading github.com/tdakkota/asciicheck v0.2.0\n[ci/tests]   | go: downloading github.com/gordonklaus/ineffassign v0.0.0-20230107090616-13ace0543b28\n[ci/tests]   | go: downloading github.com/maratori/testableexamples v1.0.0\n[ci/tests]   | go: downloading github.com/ssgreg/nlreturn/v2 v2.2.1\n[ci/tests]   | go: downloading github.com/tetafro/godot v1.4.11\n[ci/tests]   | go: downloading github.com/sonatard/noctx v0.0.2\n[ci/tests]   | go: downloading github.com/nunnatsa/ginkgolinter v0.9.0\n[ci/tests]   | go: downloading github.com/timakin/bodyclose v0.0.0-20221125081123-e39cf3fc478e\n[ci/tests]   | go: downloading github.com/timonwong/loggercheck v0.9.4\n[ci/tests]   | go: downloading github.com/mgechev/revive v1.3.1\n[ci/tests]   | go: downloading github.com/hexops/gotextdiff v1.0.3\n[ci/tests]   | go: downloading github.com/gostaticanalysis/forcetypeassert v0.1.0\n[ci/tests]   | go: downloading github.com/moricho/tparallel v0.3.1\n[ci/tests]   | go: downloading github.com/gostaticanalysis/nilerr v0.1.1\n[ci/tests]   | go: downloading github.com/nishanths/exhaustive v0.9.5\n[ci/tests]   | go: downloading github.com/nishanths/predeclared v0.2.2\n[ci/tests]   | go: downloading github.com/mbilski/exhaustivestruct v1.2.0\n[ci/tests]   | go: downloading github.com/nakabonne/nestif v0.3.1\n[ci/tests]   | go: downloading github.com/matoous/godox v0.0.0-20230222163458-006bad1f9d26\n[ci/tests]   | go: downloading github.com/breml/errchkjson v0.3.1\n[ci/tests]   | go: downloading github.com/blizzy78/varnamelen v0.8.0\n[ci/tests]   | go: downloading github.com/ldez/tagliatelle v0.4.0\n[ci/tests]   | go: downloading github.com/golangci/check v0.0.0-20180506172741-cfe4005ccda2\n[ci/tests]   | go: downloading github.com/sashamelentyev/interfacebloat v1.1.0\n[ci/tests]   | go: downloading github.com/jgautheron/goconst v1.5.1\n[ci/tests]   | go: downloading github.com/butuzov/ireturn v0.1.1\n[ci/tests]   | go: downloading github.com/firefart/nonamedreturns v1.0.4\n[ci/tests]   | go: downloading github.com/junk1tm/musttag v0.5.0\n[ci/tests]   | go: downloading github.com/sanposhiho/wastedassign/v2 v2.0.7\n[ci/tests]   | go: downloading github.com/charithe/durationcheck v0.0.10\n[ci/tests]   | go: downloading github.com/securego/gosec/v2 v2.15.0\n[ci/tests]   | go: downloading github.com/daixiang0/gci v0.10.1\n[ci/tests]   | go: downloading github.com/tommy-muehle/go-mnd/v2 v2.5.1\n[ci/tests]   | go: downloading github.com/ultraware/funlen v0.0.3\n[ci/tests]   | go: downloading github.com/bombsimon/wsl/v3 v3.4.0\n[ci/tests]   | go: downloading github.com/polyfloyd/go-errorlint v1.4.0\n[ci/tests]   | go: downloading github.com/fzipp/gocyclo v0.6.0\n[ci/tests]   | go: downloading github.com/ultraware/whitespace v0.0.5\n[ci/tests]   | go: downloading github.com/golangci/lint-1 v0.0.0-20191013205115-297bf364a8e0\n[ci/tests]   | go: downloading github.com/golangci/gofmt v0.0.0-20220901101216-f2edd75033f2\n[ci/tests]   | go: downloading github.com/yagipy/maintidx v1.0.0\n[ci/tests]   | go: downloading gitlab.com/bosi/decorder v0.2.3\n[ci/tests]   | go: downloading github.com/yeya24/promlinter v0.2.0\n[ci/tests]   | go: downloading github.com/uudashr/gocognit v1.0.6\n[ci/tests]   | go: downloading github.com/golangci/maligned v0.0.0-20180506175553-b1d89398deca\n[ci/tests]   | go: downloading github.com/jingyugao/rowserrcheck v1.1.1\n[ci/tests]   | go: downloading github.com/julz/importas v0.1.0\n[ci/tests]   | go: downloading github.com/kisielk/errcheck v1.6.3\n[ci/tests]   | go: downloading github.com/jirfag/go-printf-func-name v0.0.0-20200119135958-7558a9eaa5af\n[ci/tests]   | go: downloading github.com/kunwardeep/paralleltest v1.0.6\n[ci/tests]   | go: downloading github.com/kyoh86/exportloopref v0.1.11\n[ci/tests]   | go: downloading github.com/ldez/gomoddirectives v0.2.3\n[ci/tests]   | go: downloading github.com/kulti/thelper v0.6.3\n[ci/tests]   | go: downloading github.com/Abirdcfly/dupword v0.0.11\n[ci/tests]   | go: downloading github.com/leonklingele/grouper v1.1.1\n[ci/tests]   | go: downloading github.com/Antonboom/nilnil v0.1.3\n[ci/tests]   | go: downloading github.com/BurntSushi/toml v1.2.1\n[ci/tests]   | go: downloading github.com/Djarvur/go-err113 v0.0.0-20210108212216-aea10b59be24\n[ci/tests]   | go: downloading github.com/ryanrolds/sqlclosecheck v0.4.0\n[ci/tests]   | go: downloading github.com/alexkohler/prealloc v1.0.0\n[ci/tests]   | go: downloading github.com/alingse/asasalint v0.0.11\n[ci/tests]   | go: downloading github.com/ashanbrown/makezero v1.1.1\n[ci/tests]   | go: downloading github.com/bkielbasa/cyclop v1.2.0\n[ci/tests]   | go: downloading github.com/ashanbrown/forbidigo v1.5.1\n[ci/tests]   | go: downloading github.com/breml/bidichk v0.2.4\n[ci/tests]   | go: downloading github.com/curioswitch/go-reassign v0.2.0\n[ci/tests]   | go: downloading github.com/spf13/pflag v1.0.5\n[ci/tests]   | go: downloading gopkg.in/yaml.v3 v3.0.1\n[ci/tests]   | go: downloading github.com/esimonov/ifshort v1.0.4\n[ci/tests]   | go: downloading github.com/sashamelentyev/usestdlibvars v1.23.0\n[ci/tests]   | go: downloading github.com/denis-tingaikin/go-header v0.4.3\n[ci/tests]   | go: downloading github.com/kkHAIKE/contextcheck v1.1.4\n[ci/tests]   | go: downloading github.com/go-critic/go-critic v0.7.0\n[ci/tests]   | go: downloading github.com/golangci/dupl v0.0.0-20180902072040-3e9179ac440a\n[ci/tests]   | go: downloading github.com/golangci/misspell v0.4.0\n[ci/tests]   | go: downloading github.com/shazow/go-diff v0.0.0-20160112020656-b6b7b6733b8c\n[ci/tests]   | go: downloading github.com/golangci/unconvert v0.0.0-20180507085042-28b1c447d1f4\n[ci/tests]   | go: downloading github.com/ryancurrah/gomodguard v1.3.0\n[ci/tests]   | go: downloading github.com/lufeee/execinquery v1.2.1\n[ci/tests]   | go: downloading github.com/Antonboom/errname v0.1.9\n[ci/tests]   | go: downloading github.com/GaijinEntertainment/go-exhaustruct/v2 v2.3.0\n[ci/tests]   | go: downloading github.com/golangci/go-misc v0.0.0-20220329215616-d24fe342adfe\n[ci/tests]   | go: downloading github.com/tomarrell/wrapcheck/v2 v2.8.1\n[ci/tests]   | go: downloading github.com/OpenPeeDeeP/depguard v1.1.1\n[ci/tests]   | go: downloading honnef.co/go/tools v0.4.3\n[ci/tests]   | go: downloading mvdan.cc/gofumpt v0.4.0\n[ci/tests]   | go: downloading mvdan.cc/interfacer v0.0.0-20180901003855-c20040233aed\n[ci/tests]   | go: downloading mvdan.cc/unparam v0.0.0-20221223090309-7455f1af531d\n[ci/tests]   | go: downloading github.com/hashicorp/go-version v1.6.0\n[ci/tests]   | go: downloading github.com/mitchellh/go-homedir v1.1.0\n[ci/tests]   | go: downloading github.com/go-xmlfmt/xmlfmt v1.1.2\n[ci/tests]   | go: downloading github.com/hashicorp/go-multierror v1.1.1\n[ci/tests]   | go: downloading github.com/mattn/go-isatty v0.0.17\n[ci/tests]   | go: downloading github.com/davecgh/go-spew v1.1.1\n[ci/tests]   | go: downloading github.com/pmezard/go-difflib v1.0.0\n[ci/tests]   | go: downloading github.com/stretchr/objx v0.5.0\n[ci/tests]   | go: downloading github.com/fsnotify/fsnotify v1.5.4\n[ci/tests]   | go: downloading github.com/mitchellh/mapstructure v1.5.0\n[ci/tests]   | go: downloading github.com/spf13/afero v1.8.2\n[ci/tests]   | go: downloading github.com/spf13/jwalterweatherman v1.1.0\n[ci/tests]   | go: downloading github.com/spf13/cast v1.5.0\n[ci/tests]   | go: downloading github.com/go-toolsmith/astcopy v1.1.0\n[ci/tests]   | go: downloading github.com/kisielk/gotool v1.0.0\n[ci/tests]   | go: downloading golang.org/x/text v0.7.0\n[ci/tests]   | go: downloading github.com/gostaticanalysis/comment v1.4.2\n[ci/tests]   | go: downloading github.com/ettle/strcase v0.1.1\n[ci/tests]   | go: downloading golang.org/x/sys v0.6.0\n[ci/tests]   | go: downloading golang.org/x/sync v0.1.0\n[ci/tests]   | go: downloading github.com/gostaticanalysis/analysisutil v0.7.1\n[ci/tests]   | go: downloading golang.org/x/exp v0.0.0-20220722155223-a9213eeb770e\n[ci/tests]   | go: downloading github.com/golangci/revgrep v0.0.0-20220804021717-745bb2f7c2e6\n[ci/tests]   | go: downloading github.com/subosito/gotenv v1.4.1\n[ci/tests]   | go: downloading gopkg.in/ini.v1 v1.67.0\n[ci/tests]   | go: downloading github.com/magiconair/properties v1.8.6\n[ci/tests]   | go: downloading github.com/hashicorp/hcl v1.0.0\n[ci/tests]   | go: downloading github.com/pelletier/go-toml/v2 v2.0.5\n[ci/tests]   | go: downloading github.com/gobwas/glob v0.2.3\n[ci/tests]   | go: downloading gopkg.in/yaml.v2 v2.4.0\n[ci/tests]   | go: downloading github.com/google/go-cmp v0.5.9\n[ci/tests]   | go: downloading golang.org/x/mod v0.9.0\n[ci/tests]   | go: downloading github.com/Masterminds/semver v1.5.0\n[ci/tests]   | go: downloading go.uber.org/zap v1.24.0\n[ci/tests]   | go: downloading github.com/hashicorp/errwrap v1.0.0\n[ci/tests]   | go: downloading mvdan.cc/lint v0.0.0-20170908181259-adc824a0674b\n[ci/tests]   | go: downloading github.com/nbutton23/zxcvbn-go v0.0.0-20210217022336-fa2cb2858354\n[ci/tests]   | go: downloading golang.org/x/exp/typeparams v0.0.0-20230224173230-c95f2b4c22f2\n[ci/tests]   | go: downloading github.com/prometheus/client_golang v1.12.1\n[ci/tests]   | go: downloading github.com/prometheus/client_model v0.2.0\n[ci/tests]   | go: downloading github.com/chavacava/garif v0.0.0-20230227094218-b8c73b2037b8\n[ci/tests]   | go: downloading github.com/olekukonko/tablewriter v0.0.5\n[ci/tests]   | go: downloading github.com/fatih/structtag v1.2.0\n[ci/tests]   | go: downloading github.com/go-toolsmith/astfmt v1.1.0\n[ci/tests]   | go: downloading github.com/go-toolsmith/astcast v1.1.0\n[ci/tests]   | go: downloading github.com/quasilyte/regex/syntax v0.0.0-20210819130434-b3f0c404a727\n[ci/tests]   | go: downloading github.com/quasilyte/go-ruleguard v0.3.19\n[ci/tests]   | go: downloading github.com/go-toolsmith/astequal v1.1.0\n[ci/tests]   | go: downloading github.com/go-toolsmith/strparse v1.1.0\n[ci/tests]   | go: downloading github.com/go-toolsmith/typep v1.1.0\n[ci/tests]   | go: downloading github.com/go-toolsmith/astp v1.1.0\n[ci/tests]   | go: downloading github.com/pelletier/go-toml v1.9.5\n[ci/tests]   | go: downloading github.com/golang/protobuf v1.5.2\n[ci/tests]   | go: downloading github.com/mattn/go-runewidth v0.0.9\n[ci/tests]   | go: downloading go.uber.org/atomic v1.7.0\n[ci/tests]   | go: downloading go.uber.org/multierr v1.6.0\n[ci/tests]   | go: downloading github.com/prometheus/common v0.32.1\n[ci/tests]   | go: downloading github.com/cespare/xxhash/v2 v2.1.2\n[ci/tests]   | go: downloading google.golang.org/protobuf v1.28.0\n[ci/tests]   | go: downloading github.com/beorn7/perks v1.0.1\n[ci/tests]   | go: downloading github.com/prometheus/procfs v0.7.3\n[ci/tests]   | go: downloading github.com/quasilyte/stdinfo v0.0.0-20220114132959-f7386bf02567\n[ci/tests]   | go: downloading github.com/quasilyte/gogrep v0.5.0\n[ci/tests]   | go: downloading github.com/matttproud/golang_protobuf_extensions v1.0.1\n[ci/tests]   \u2705  Success - Main go install github.com/golangci/golangci-lint/cmd/golangci-lint@latest\n[ci/tests] \u2b50 Run Main make test\n[ci/tests]   \ud83d\udc33  docker exec cmd=[bash --noprofile --norc -e -o pipefail /var/run/act/workflow/5] user= workdir=\n[ci/tests]   | go: downloading github.com/aws/aws-sdk-go v1.44.234\n[ci/tests]   | go: downloading github.com/linki/instrumented_http v0.3.0\n[ci/tests]   | go: downloading github.com/prometheus/client_golang v1.14.0\n[ci/tests]   | go: downloading k8s.io/api v0.22.17\n[ci/tests]   | go: downloading k8s.io/client-go v0.22.17\n[ci/tests]   | go: downloading k8s.io/apimachinery v0.22.17\n[ci/tests]   | go: downloading github.com/zalando/skipper v0.16.6\n[ci/tests]   | go: downloading github.com/mweagle/go-cloudformation v0.0.0-20211009163201-0a35d7d0fa70\n[ci/tests]   | go: downloading golang.org/x/sys v0.5.0\n[ci/tests]   | go: downloading gopkg.in/alecthomas/kingpin.v2 v2.2.6\n[ci/tests]   | go: downloading github.com/ghodss/yaml v1.0.0\n[ci/tests]   | go: downloading github.com/google/uuid v1.3.0\n[ci/tests]   | go: downloading github.com/alecthomas/template v0.0.0-20190718012654-fb15b899a751\n[ci/tests]   | go: downloading github.com/alecthomas/units v0.0.0-20210208195552-ff826a37aa15\n[ci/tests]   | go: downloading github.com/prometheus/common v0.40.0\n[ci/tests]   | go: downloading github.com/prometheus/client_model v0.3.0\n[ci/tests]   | go: downloading github.com/cespare/xxhash/v2 v2.2.0\n[ci/tests]   | go: downloading google.golang.org/protobuf v1.28.1\n[ci/tests]   | go: downloading github.com/prometheus/procfs v0.9.0\n[ci/tests]   | go: downloading github.com/json-iterator/go v1.1.12\n[ci/tests]   | go: downloading github.com/matttproud/golang_protobuf_extensions v1.0.4\n[ci/tests]   | go: downloading github.com/modern-go/reflect2 v1.0.2\n[ci/tests]   | go: downloading github.com/modern-go/concurrent v0.0.0-20180306012644-bacd9c7ef1dd\n[ci/tests]   | go: downloading gopkg.in/go-playground/validator.v9 v9.31.0\n[ci/tests]   | go: downloading github.com/leodido/go-urn v1.2.2\n[ci/tests]   | go: downloading github.com/go-playground/universal-translator v0.18.1\n[ci/tests]   | go: downloading github.com/go-playground/locales v0.14.1\n[ci/tests]   | go: downloading k8s.io/klog/v2 v2.30.0\n[ci/tests]   | go: downloading github.com/gogo/protobuf v1.3.2\n[ci/tests]   | go: downloading github.com/google/gofuzz v1.2.0\n[ci/tests]   | go: downloading gopkg.in/inf.v0 v0.9.1\n[ci/tests]   | go: downloading sigs.k8s.io/structured-merge-diff/v4 v4.2.1\n[ci/tests]   | go: downloading golang.org/x/net v0.7.0\n[ci/tests]   | go: downloading github.com/go-logr/logr v1.2.2\n[ci/tests]   | go: downloading golang.org/x/crypto v0.6.0\n[ci/tests]   | go: downloading github.com/cenkalti/backoff v2.2.1+incompatible\n[ci/tests]   | go: downloading github.com/dgryski/go-rendezvous v0.0.0-20200823014737-9f7001d12a5f\n[ci/tests]   | go: downloading github.com/dgryski/go-mpchash v0.0.0-20200819201138-7382f34c4cd1\n[ci/tests]   | go: downloading github.com/opentracing/opentracing-go v1.2.0\n[ci/tests]   | go: downloading github.com/dgryski/go-jump v0.0.0-20211018200510-ba001c3ffce0\n[ci/tests]   | go: downloading go4.org/netipx v0.0.0-20230125063823-8449b0a6169f\n[ci/tests]   | go: downloading github.com/dchest/siphash v1.2.3\n[ci/tests]   | go: downloading github.com/szuecs/redis/v9 v9.0.0-beta.1.0.20220801200609-6f7f800107ba\n[ci/tests]   | go: downloading github.com/rcrowley/go-metrics v0.0.0-20201227073835-cf1acfcdf475\n[ci/tests]   | go: downloading github.com/oklog/ulid v1.3.1\n[ci/tests]   | go: downloading k8s.io/utils v0.0.0-20211116205334-6203023598ed\n[ci/tests]   | go: downloading github.com/googleapis/gnostic v0.5.5\n[ci/tests]   | go: downloading golang.org/x/time v0.3.0\n[ci/tests]   | go: downloading sigs.k8s.io/yaml v1.2.0\n[ci/tests]   | go: downloading golang.org/x/oauth2 v0.5.0\n[ci/tests]   | go: downloading golang.org/x/term v0.5.0\n[ci/tests]   | go: downloading github.com/jmespath/go-jmespath v0.4.0\n[ci/tests]   | go test -v -race -coverprofile=profile.cov -cover github.com/zalando-incubator/kube-ingress-aws-controller github.com/zalando-incubator/kube-ingress-aws-controller/aws github.com/zalando-incubator/kube-ingress-aws-controller/aws/fake github.com/zalando-incubator/kube-ingress-aws-controller/certs github.com/zalando-incubator/kube-ingress-aws-controller/kubernetes github.com/zalando-incubator/kube-ingress-aws-controller/problem\n[ci/tests]   | go: downloading github.com/pkg/errors v0.9.1\n[ci/tests]   | go: downloading github.com/dimfeld/httppath v0.0.0-20170720192232-ee938bf73598\n[ci/tests]   | ?   \tgithub.com/zalando-incubator/kube-ingress-aws-controller/aws/fake\t[no test files]\n[ci/tests]   | ?   \tgithub.com/zalando-incubator/kube-ingress-aws-controller/problem\t[no test files]\n[ci/tests]   | === RUN   TestResourceConversion\n[ci/tests]   | === RUN   TestResourceConversion/simple_alb\n[ci/tests]   | time=\"2023-05-30T12:10:50Z\" level=warning msg=\"No tagged subnets found; considering all subnets. This is likely to be an error in future versions.\"\n[ci/tests]   | time=\"2023-05-30T12:10:52Z\" level=debug msg=\"Found 1 ingress(es)\"\n[ci/tests]   | time=\"2023-05-30T12:10:52Z\" level=debug msg=\"Found 0 route group(s)\"\n[ci/tests]   | time=\"2023-05-30T12:10:52Z\" level=debug msg=\"Found 0 stack(s)\"\n[ci/tests]   | time=\"2023-05-30T12:10:52Z\" level=debug msg=\"Found 1 owned auto scaling group(s)\"\n[ci/tests]   | time=\"2023-05-30T12:10:52Z\" level=debug msg=\"Found 1 targeted auto scaling group(s)\"\n[ci/tests]   | time=\"2023-05-30T12:10:52Z\" level=debug msg=\"Found 3 EC2 instance(s)\"\n[ci/tests]   | time=\"2023-05-30T12:10:52Z\" level=debug msg=\"Found 0 single instance(s)\"\n[ci/tests]   | time=\"2023-05-30T12:10:52Z\" level=debug msg=\"Found 1 certificate(s)\"\n[ci/tests]   | time=\"2023-05-30T12:10:52Z\" level=debug msg=\"Found 0 cloudwatch alarm configuration(s)\"\n[ci/tests]   | time=\"2023-05-30T12:10:52Z\" level=debug msg=\"categorized target group arns: map[string][]string{}\"\n[ci/tests]   | time=\"2023-05-30T12:10:52Z\" level=debug msg=\"Have 2 model(s)\"\n[ci/tests]   | time=\"2023-05-30T12:10:52Z\" level=info msg=\"Creating stack for certificates [\\\"DUMMY\\\"] / ingress map[\\\"DUMMY\\\":[\\\"ingress /myingress\\\"]]\"\n[ci/tests]   | time=\"2023-05-30T12:10:52Z\" level=info msg=\"Stack \\\"42\\\" for certificates [\\\"DUMMY\\\"] created\"\n[ci/tests]   | === RUN   TestResourceConversion/simple_nlb\n[ci/tests]   | time=\"2023-05-30T12:10:52Z\" level=debug msg=aws.findSecurityGroupWithClusterID\n[ci/tests]   | time=\"2023-05-30T12:10:52Z\" level=debug msg=aws.getSubnets\n[ci/tests]   | time=\"2023-05-30T12:10:52Z\" level=debug msg=aws.getRouteTables\n[ci/tests]   | time=\"2023-05-30T12:10:52Z\" level=warning msg=\"No tagged subnets found; considering all subnets. This is likely to be an error in future versions.\"\n[ci/tests]   | time=\"2023-05-30T12:10:54Z\" level=debug msg=\"Found 1 ingress(es)\"\n[ci/tests]   | time=\"2023-05-30T12:10:54Z\" level=debug msg=\"Found 0 route group(s)\"\n[ci/tests]   | time=\"2023-05-30T12:10:54Z\" level=debug msg=\"Found 0 stack(s)\"\n[ci/tests]   | time=\"2023-05-30T12:10:54Z\" level=debug msg=\"Found 1 owned auto scaling group(s)\"\n[ci/tests]   | time=\"2023-05-30T12:10:54Z\" level=debug msg=\"Found 1 targeted auto scaling group(s)\"\n[ci/tests]   | time=\"2023-05-30T12:10:54Z\" level=debug msg=\"Found 3 EC2 instance(s)\"\n[ci/tests]   | time=\"2023-05-30T12:10:54Z\" level=debug msg=\"Found 0 single instance(s)\"\n[ci/tests]   | time=\"2023-05-30T12:10:54Z\" level=debug msg=\"Found 1 certificate(s)\"\n[ci/tests]   | time=\"2023-05-30T12:10:54Z\" level=debug msg=\"Found 0 cloudwatch alarm configuration(s)\"\n[ci/tests]   | time=\"2023-05-30T12:10:54Z\" level=debug msg=\"categorized target group arns: map[string][]string{}\"\n[ci/tests]   | time=\"2023-05-30T12:10:54Z\" level=debug msg=\"Have 2 model(s)\"\n[ci/tests]   | time=\"2023-05-30T12:10:54Z\" level=info msg=\"Creating stack for certificates [\\\"DUMMY\\\"] / ingress map[\\\"DUMMY\\\":[\\\"ingress /myingress\\\"]]\"\n[ci/tests]   | time=\"2023-05-30T12:10:54Z\" level=info msg=\"Stack \\\"42\\\" for certificates [\\\"DUMMY\\\"] created\"\n[ci/tests]   | --- PASS: TestResourceConversion (4.12s)\n[ci/tests]   |     --- PASS: TestResourceConversion/simple_alb (1.49s)\n[ci/tests]   |     --- PASS: TestResourceConversion/simple_nlb (2.62s)\n[ci/tests]   | === RUN   TestAddIngress\n[ci/tests]   | === RUN   TestAddIngress/scheme_not_matching\n[ci/tests]   | === RUN   TestAddIngress/security_group_not_matching\n[ci/tests]   | === RUN   TestAddIngress/ip_address_type_not_matching\n[ci/tests]   | === RUN   TestAddIngress/don't_add_ingresses_non-shared,_non-owned_load_balancer\n[ci/tests]   | === RUN   TestAddIngress/don't_add_ingresses_shared,_to_an_owned_load_balancer\n[ci/tests]   | === RUN   TestAddIngress/add_ingress_to_empty_load_balancer\n[ci/tests]   | === RUN   TestAddIngress/fail_adding_when_too_many_certs\n[ci/tests]   | === RUN   TestAddIngress/with_WAF_ACL,_but_cluster_local\n[ci/tests]   | === RUN   TestAddIngress/with_WAF_ACL_id\n[ci/tests]   | === RUN   TestAddIngress/with_WAF_ACL_id,_to_not_matching_LB\n[ci/tests]   | === RUN   TestAddIngress/with_WAF_ACL_id,_to_not_matching_LB,_with_different_ACL_id\n[ci/tests]   | === RUN   TestAddIngress/Adding/changing_WAF,_SG_or_TLS_settings_on_non-shared_LB_should_work\n[ci/tests]   | --- PASS: TestAddIngress (0.00s)\n[ci/tests]   |     --- PASS: TestAddIngress/scheme_not_matching (0.00s)\n[ci/tests]   |     --- PASS: TestAddIngress/security_group_not_matching (0.00s)\n[ci/tests]   |     --- PASS: TestAddIngress/ip_address_type_not_matching (0.00s)\n[ci/tests]   |     --- PASS: TestAddIngress/don't_add_ingresses_non-shared,_non-owned_load_balancer (0.00s)\n[ci/tests]   |     --- PASS: TestAddIngress/don't_add_ingresses_shared,_to_an_owned_load_balancer (0.00s)\n[ci/tests]   |     --- PASS: TestAddIngress/add_ingress_to_empty_load_balancer (0.00s)\n[ci/tests]   |     --- PASS: TestAddIngress/fail_adding_when_too_many_certs (0.00s)\n[ci/tests]   |     --- PASS: TestAddIngress/with_WAF_ACL,_but_cluster_local (0.00s)\n[ci/tests]   |     --- PASS: TestAddIngress/with_WAF_ACL_id (0.00s)\n[ci/tests]   |     --- PASS: TestAddIngress/with_WAF_ACL_id,_to_not_matching_LB (0.00s)\n[ci/tests]   |     --- PASS: TestAddIngress/with_WAF_ACL_id,_to_not_matching_LB,_with_different_ACL_id (0.00s)\n[ci/tests]   |     --- PASS: TestAddIngress/Adding/changing_WAF,_SG_or_TLS_settings_on_non-shared_LB_should_work (0.00s)\n[ci/tests]   | === RUN   TestSortStacks\n[ci/tests]   | === RUN   TestSortStacks/no_stacks\n[ci/tests]   | === RUN   TestSortStacks/two_unsorted_stacks\n[ci/tests]   | === RUN   TestSortStacks/two_unsorted_stacks_with_the_same_amount_of_certificates\n[ci/tests]   | --- PASS: TestSortStacks (0.00s)\n[ci/tests]   |     --- PASS: TestSortStacks/no_stacks (0.00s)\n[ci/tests]   |     --- PASS: TestSortStacks/two_unsorted_stacks (0.00s)\n[ci/tests]   |     --- PASS: TestSortStacks/two_unsorted_stacks_with_the_same_amount_of_certificates (0.00s)\n[ci/tests]   | === RUN   TestCertificateSummaries\n[ci/tests]   | --- PASS: TestCertificateSummaries (0.00s)\n[ci/tests]   | === RUN   TestCertificateExists\n[ci/tests]   | === RUN   TestCertificateExists/certificate_is_present\n[ci/tests]   | === RUN   TestCertificateExists/certificate_is_not_present\n[ci/tests]   | --- PASS: TestCertificateExists (0.00s)\n[ci/tests]   |     --- PASS: TestCertificateExists/certificate_is_present (0.00s)\n[ci/tests]   |     --- PASS: TestCertificateExists/certificate_is_not_present (0.00s)\n[ci/tests]   | === RUN   TestGetAllLoadBalancers\n[ci/tests]   | === RUN   TestGetAllLoadBalancers/one_stack\n[ci/tests]   | === RUN   TestGetAllLoadBalancers/one_stack_with_certificates\n[ci/tests]   | === RUN   TestGetAllLoadBalancers/non_existing_certificate_is_not_added_to_LB\n[ci/tests]   | --- PASS: TestGetAllLoadBalancers (0.00s)\n[ci/tests]   |     --- PASS: TestGetAllLoadBalancers/one_stack (0.00s)\n[ci/tests]   |     --- PASS: TestGetAllLoadBalancers/one_stack_with_certificates (0.00s)\n[ci/tests]   |     --- PASS: TestGetAllLoadBalancers/non_existing_certificate_is_not_added_to_LB (0.00s)\n[ci/tests]   | === RUN   TestGetCloudWatchAlarmConfigFromConfigMap\n[ci/tests]   | === RUN   TestGetCloudWatchAlarmConfigFromConfigMap/empty_config_map\n[ci/tests]   | === RUN   TestGetCloudWatchAlarmConfigFromConfigMap/config_map_with_one_data_key\n[ci/tests]   | === RUN   TestGetCloudWatchAlarmConfigFromConfigMap/config_map_with_multiple_data_keys\n[ci/tests]   | === RUN   TestGetCloudWatchAlarmConfigFromConfigMap/config_map_with_invalid_yaml_data\n[ci/tests]   | time=\"2023-05-30T12:10:54Z\" level=warning msg=\"Ignoring cloudwatch alarm configuration from config map key \\\"some-key\\\" due to error: error converting YAML to JSON: yaml: line 1: did not find expected node content\"\n[ci/tests]   | === RUN   TestGetCloudWatchAlarmConfigFromConfigMap/config_map_with_partially_invalid_yaml_data\n[ci/tests]   | time=\"2023-05-30T12:10:54Z\" level=warning msg=\"Ignoring cloudwatch alarm configuration from config map key \\\"some-key\\\" due to error: error converting YAML to JSON: yaml: line 1: did not find expected node content\"\n[ci/tests]   | --- PASS: TestGetCloudWatchAlarmConfigFromConfigMap (0.00s)\n[ci/tests]   |     --- PASS: TestGetCloudWatchAlarmConfigFromConfigMap/empty_config_map (0.00s)\n[ci/tests]   |     --- PASS: TestGetCloudWatchAlarmConfigFromConfigMap/config_map_with_one_data_key (0.00s)\n[ci/tests]   |     --- PASS: TestGetCloudWatchAlarmConfigFromConfigMap/config_map_with_multiple_data_keys (0.00s)\n[ci/tests]   |     --- PASS: TestGetCloudWatchAlarmConfigFromConfigMap/config_map_with_invalid_yaml_data (0.00s)\n[ci/tests]   |     --- PASS: TestGetCloudWatchAlarmConfigFromConfigMap/config_map_with_partially_invalid_yaml_data (0.00s)\n[ci/tests]   | === RUN   TestAttachCloudWatchAlarmsCopy\n[ci/tests]   | --- PASS: TestAttachCloudWatchAlarmsCopy (0.00s)\n[ci/tests]   | === RUN   TestIsLBInSync\n[ci/tests]   | === RUN   TestIsLBInSync/not_matching_certificates\n[ci/tests]   | === RUN   TestIsLBInSync/not_matching_alarm\n[ci/tests]   | === RUN   TestIsLBInSync/not_matching_WAF\n[ci/tests]   | === RUN   TestIsLBInSync/in_sync\n[ci/tests]   | --- PASS: TestIsLBInSync (0.00s)\n[ci/tests]   |     --- PASS: TestIsLBInSync/not_matching_certificates (0.00s)\n[ci/tests]   |     --- PASS: TestIsLBInSync/not_matching_alarm (0.00s)\n[ci/tests]   |     --- PASS: TestIsLBInSync/not_matching_WAF (0.00s)\n[ci/tests]   |     --- PASS: TestIsLBInSync/in_sync (0.00s)\n[ci/tests]   | === RUN   TestMatchIngressesToLoadbalancers\n[ci/tests]   | === RUN   TestMatchIngressesToLoadbalancers/only_cluster_local\n[ci/tests]   | === RUN   TestMatchIngressesToLoadbalancers/cluster_local_and_new\n[ci/tests]   | === RUN   TestMatchIngressesToLoadbalancers/existing_load_balancer\n[ci/tests]   | === RUN   TestMatchIngressesToLoadbalancers/certificate_by_ARN\n[ci/tests]   | === RUN   TestMatchIngressesToLoadbalancers/certificate_by_ARN,_does_not_exist\n[ci/tests]   | time=\"2023-05-30T12:10:54Z\" level=error msg=\"Failed to find certificate not-existing-arn for  /foo-ingress\"\n[ci/tests]   | === RUN   TestMatchIngressesToLoadbalancers/certificate_by_hostname,_does_not_exist\n[ci/tests]   | time=\"2023-05-30T12:10:54Z\" level=error msg=\"No certificates found for [baz.org]\"\n[ci/tests]   | === RUN   TestMatchIngressesToLoadbalancers/multiple_ingresses_for_the_same_LB\n[ci/tests]   | === RUN   TestMatchIngressesToLoadbalancers/multiple_ingresses_for_the_same_LB,_with_WAF_ID\n[ci/tests]   | === RUN   TestMatchIngressesToLoadbalancers/ingresses_with_different_WAF_IDs\n[ci/tests]   | --- PASS: TestMatchIngressesToLoadbalancers (0.00s)\n[ci/tests]   |     --- PASS: TestMatchIngressesToLoadbalancers/only_cluster_local (0.00s)\n[ci/tests]   |     --- PASS: TestMatchIngressesToLoadbalancers/cluster_local_and_new (0.00s)\n[ci/tests]   |     --- PASS: TestMatchIngressesToLoadbalancers/existing_load_balancer (0.00s)\n[ci/tests]   |     --- PASS: TestMatchIngressesToLoadbalancers/certificate_by_ARN (0.00s)\n[ci/tests]   |     --- PASS: TestMatchIngressesToLoadbalancers/certificate_by_ARN,_does_not_exist (0.00s)\n[ci/tests]   |     --- PASS: TestMatchIngressesToLoadbalancers/certificate_by_hostname,_does_not_exist (0.00s)\n[ci/tests]   |     --- PASS: TestMatchIngressesToLoadbalancers/multiple_ingresses_for_the_same_LB (0.00s)\n[ci/tests]   |     --- PASS: TestMatchIngressesToLoadbalancers/multiple_ingresses_for_the_same_LB,_with_WAF_ID (0.00s)\n[ci/tests]   |     --- PASS: TestMatchIngressesToLoadbalancers/ingresses_with_different_WAF_IDs (0.00s)\n[ci/tests]   | === RUN   TestBuildModel\n[ci/tests]   | === RUN   TestBuildModel/no_alarm,_no_waf\n[ci/tests]   | === RUN   TestBuildModel/with_cloudwatch_alarm\n[ci/tests]   | === RUN   TestBuildModel/with_global_WAF\n[ci/tests]   | === RUN   TestBuildModel/with_ingress_defined_WAF\n[ci/tests]   | === RUN   TestBuildModel/with_global_and_ingress_defined_WAF\n[ci/tests]   | --- PASS: TestBuildModel (0.00s)\n[ci/tests]   |     --- PASS: TestBuildModel/no_alarm,_no_waf (0.00s)\n[ci/tests]   |     --- PASS: TestBuildModel/with_cloudwatch_alarm (0.00s)\n[ci/tests]   |     --- PASS: TestBuildModel/with_global_WAF (0.00s)\n[ci/tests]   |     --- PASS: TestBuildModel/with_ingress_defined_WAF (0.00s)\n[ci/tests]   |     --- PASS: TestBuildModel/with_global_and_ingress_defined_WAF (0.00s)\n[ci/tests]   | === RUN   TestDoWorkPanicReturnsProblem\n[ci/tests]   | goroutine 249 [running]:\n[ci/tests]   | runtime/debug.Stack()\n[ci/tests]   | \t/opt/hostedtoolcache/go/1.20.4/x64/src/runtime/debug/stack.go:24 +0x72\n[ci/tests]   | runtime/debug.PrintStack()\n[ci/tests]   | \t/opt/hostedtoolcache/go/1.20.4/x64/src/runtime/debug/stack.go:16 +0x25\n[ci/tests]   | github.com/zalando-incubator/kube-ingress-aws-controller.doWork.func1()\n[ci/tests]   | \t/tmp/c66e4e10-fed3-11ed-a890-af2cc187fc11/zalando-incubator-kube-ingress-aws-controller/worker.go:275 +0x8a\n[ci/tests]   | panic({0x2881a80, 0x4e90160})\n[ci/tests]   | \t/opt/hostedtoolcache/go/1.20.4/x64/src/runtime/panic.go:890 +0x263\n[ci/tests]   | github.com/zalando-incubator/kube-ingress-aws-controller/kubernetes.(*Adapter).ListIngress(0x0)\n[ci/tests]   | \t/tmp/c66e4e10-fed3-11ed-a890-af2cc187fc11/zalando-incubator-kube-ingress-aws-controller/kubernetes/adapter.go:295 +0x46\n[ci/tests]   | github.com/zalando-incubator/kube-ingress-aws-controller/kubernetes.(*Adapter).ListResources(0x0)\n[ci/tests]   | \t/tmp/c66e4e10-fed3-11ed-a890-af2cc187fc11/zalando-incubator-kube-ingress-aws-controller/kubernetes/adapter.go:267 +0x48\n[ci/tests]   | github.com/zalando-incubator/kube-ingress-aws-controller.doWork({0x0, 0x0}, 0x0?, 0x0?, 0x0, 0x0?, {0x0, 0x0})\n[ci/tests]   | \t/tmp/c66e4e10-fed3-11ed-a890-af2cc187fc11/zalando-incubator-kube-ingress-aws-controller/worker.go:280 +0x14b\n[ci/tests]   | github.com/zalando-incubator/kube-ingress-aws-controller.TestDoWorkPanicReturnsProblem(0x0?)\n[ci/tests]   | \t/tmp/c66e4e10-fed3-11ed-a890-af2cc187fc11/zalando-incubator-kube-ingress-aws-controller/worker_test.go:1342 +0x3f\n[ci/tests]   | testing.tRunner(0xc000c22ea0, 0x2d3a620)\n[ci/tests]   | \t/opt/hostedtoolcache/go/1.20.4/x64/src/testing/testing.go:1576 +0x217\n[ci/tests]   | created by testing.(*T).Run\n[ci/tests]   | \t/opt/hostedtoolcache/go/1.20.4/x64/src/testing/testing.go:1629 +0x806\n[ci/tests]   | --- PASS: TestDoWorkPanicReturnsProblem (0.00s)\n[ci/tests]   | === RUN   Test_cniEventHandler\n[ci/tests]   | === RUN   Test_cniEventHandler/handles_messages_from_channels_and_calls_update_functions\n[ci/tests]   | time=\"2023-05-30T12:10:54Z\" level=info msg=\"Starting CNI event handler\"\n[ci/tests]   | time=\"2023-05-30T12:10:54Z\" level=debug msg=\"new message target groups: [bar baz]\"\n[ci/tests]   | time=\"2023-05-30T12:10:54Z\" level=debug msg=\"new message target groups: [foo]\"\n[ci/tests]   | time=\"2023-05-30T12:10:54Z\" level=debug msg=\"new message endpoints: [4.3.2.1 4.3.2.1]\"\n[ci/tests]   | time=\"2023-05-30T12:10:54Z\" level=debug msg=\"flushing, messages queued: 1:1\"\n[ci/tests]   | time=\"2023-05-30T12:10:54Z\" level=debug msg=\"new message endpoints: [1.2.3.4]\"\n[ci/tests]   | --- PASS: Test_cniEventHandler (5.10s)\n[ci/tests]   |     --- PASS: Test_cniEventHandler/handles_messages_from_channels_and_calls_update_functions (5.10s)\n[ci/tests]   | === RUN   TestCountByIngressType\n[ci/tests]   | --- PASS: TestCountByIngressType (0.00s)\n[ci/tests]   | PASS\n[ci/tests]   | \tgithub.com/zalando-incubator/kube-ingress-aws-controller\tcoverage: 47.6% of statements\n[ci/tests]   | ok  \tgithub.com/zalando-incubator/kube-ingress-aws-controller\t9.531s\tcoverage: 47.6% of statements\n[ci/tests]   | === RUN   TestACM\n[ci/tests]   | === RUN   TestACM/Found_ACM_Cert_foobar_and_a_chain\n[ci/tests]   | === RUN   TestACM/Found_ACM_Cert_foobar_and_no_chain\n[ci/tests]   | --- PASS: TestACM (0.00s)\n[ci/tests]   |     --- PASS: TestACM/Found_ACM_Cert_foobar_and_a_chain (0.00s)\n[ci/tests]   |     --- PASS: TestACM/Found_ACM_Cert_foobar_and_no_chain (0.00s)\n[ci/tests]   | === RUN   TestParseFilters\n[ci/tests]   | === RUN   TestParseFilters/no-custom-filter\n[ci/tests]   | === NAME  TestParseFilters\n[ci/tests]   |     adapter_test.go:153: no-custom-filter\n[ci/tests]   | === RUN   TestParseFilters/custom-filter1\n[ci/tests]   | === NAME  TestParseFilters\n[ci/tests]   |     adapter_test.go:153: custom-filter1\n[ci/tests]   | === RUN   TestParseFilters/custom-filter2\n[ci/tests]   | === NAME  TestParseFilters\n[ci/tests]   |     adapter_test.go:153: custom-filter2\n[ci/tests]   | === RUN   TestParseFilters/custom-filter3\n[ci/tests]   | === NAME  TestParseFilters\n[ci/tests]   |     adapter_test.go:153: custom-filter3\n[ci/tests]   | === RUN   TestParseFilters/illegal1\n[ci/tests]   | === NAME  TestParseFilters\n[ci/tests]   |     adapter_test.go:153: illegal1\n[ci/tests]   | time=\"2023-05-30T12:10:52Z\" level=error msg=\"Failed parsing test, falling back to default\"\n[ci/tests]   | time=\"2023-05-30T12:10:52Z\" level=error msg=\"Failed parsing test, falling back to default\"\n[ci/tests]   | time=\"2023-05-30T12:10:52Z\" level=error msg=\"Failed parsing test, falling back to default\"\n[ci/tests]   | --- PASS: TestParseFilters (0.00s)\n[ci/tests]   |     --- PASS: TestParseFilters/no-custom-filter (0.00s)\n[ci/tests]   |     --- PASS: TestParseFilters/custom-filter1 (0.00s)\n[ci/tests]   |     --- PASS: TestParseFilters/custom-filter2 (0.00s)\n[ci/tests]   |     --- PASS: TestParseFilters/custom-filter3 (0.00s)\n[ci/tests]   |     --- PASS: TestParseFilters/illegal1 (0.00s)\n[ci/tests]   | === RUN   TestFiltersString\n[ci/tests]   | === RUN   TestFiltersString/test1\n[ci/tests]   | === NAME  TestFiltersString\n[ci/tests]   |     adapter_test.go:239: test1\n[ci/tests]   | === RUN   TestFiltersString/test2\n[ci/tests]   | === NAME  TestFiltersString\n[ci/tests]   |     adapter_test.go:239: test2\n[ci/tests]   | === RUN   TestFiltersString/custom-filter2\n[ci/tests]   | === NAME  TestFiltersString\n[ci/tests]   |     adapter_test.go:239: custom-filter2\n[ci/tests]   | === RUN   TestFiltersString/custom-filter3\n[ci/tests]   | === NAME  TestFiltersString\n[ci/tests]   |     adapter_test.go:239: custom-filter3\n[ci/tests]   | --- PASS: TestFiltersString (0.00s)\n[ci/tests]   |     --- PASS: TestFiltersString/test1 (0.00s)\n[ci/tests]   |     --- PASS: TestFiltersString/test2 (0.00s)\n[ci/tests]   |     --- PASS: TestFiltersString/custom-filter2 (0.00s)\n[ci/tests]   |     --- PASS: TestFiltersString/custom-filter3 (0.00s)\n[ci/tests]   | === RUN   TestUpdateAutoScalingGroupsAndInstances\n[ci/tests]   | === RUN   TestUpdateAutoScalingGroupsAndInstances/initial\n[ci/tests]   | === RUN   TestUpdateAutoScalingGroupsAndInstances/add-node-same-asg\n[ci/tests]   | === RUN   TestUpdateAutoScalingGroupsAndInstances/add-node-second-asg\n[ci/tests]   | === RUN   TestUpdateAutoScalingGroupsAndInstances/add-another-node-second-asg\n[ci/tests]   | === RUN   TestUpdateAutoScalingGroupsAndInstances/add-node-third-asg\n[ci/tests]   | === RUN   TestUpdateAutoScalingGroupsAndInstances/add-node-without-asg\n[ci/tests]   | === RUN   TestUpdateAutoScalingGroupsAndInstances/add-stopped-node-without-asg\n[ci/tests]   | === RUN   TestUpdateAutoScalingGroupsAndInstances/remove-third-asg-node-and-stopped-instance\n[ci/tests]   | === RUN   TestUpdateAutoScalingGroupsAndInstances/error-fetching-instance\n[ci/tests]   | === RUN   TestUpdateAutoScalingGroupsAndInstances/error-fetching-asg\n[ci/tests]   | === RUN   TestUpdateAutoScalingGroupsAndInstances/add-back-third-asg\n[ci/tests]   | === RUN   TestUpdateAutoScalingGroupsAndInstances/remove-all-except-first-asg\n[ci/tests]   | === RUN   TestUpdateAutoScalingGroupsAndInstances/add-remove-simultaneously\n[ci/tests]   | --- PASS: TestUpdateAutoScalingGroupsAndInstances (0.01s)\n[ci/tests]   |     --- PASS: TestUpdateAutoScalingGroupsAndInstances/initial (0.00s)\n[ci/tests]   |     --- PASS: TestUpdateAutoScalingGroupsAndInstances/add-node-same-asg (0.00s)\n[ci/tests]   |     --- PASS: TestUpdateAutoScalingGroupsAndInstances/add-node-second-asg (0.00s)\n[ci/tests]   |     --- PASS: TestUpdateAutoScalingGroupsAndInstances/add-another-node-second-asg (0.00s)\n[ci/tests]   |     --- PASS: TestUpdateAutoScalingGroupsAndInstances/add-node-third-asg (0.00s)\n[ci/tests]   |     --- PASS: TestUpdateAutoScalingGroupsAndInstances/add-node-without-asg (0.00s)\n[ci/tests]   |     --- PASS: TestUpdateAutoScalingGroupsAndInstances/add-stopped-node-without-asg (0.00s)\n[ci/tests]   |     --- PASS: TestUpdateAutoScalingGroupsAndInstances/remove-third-asg-node-and-stopped-instance (0.00s)\n[ci/tests]   |     --- PASS: TestUpdateAutoScalingGroupsAndInstances/error-fetching-instance (0.00s)\n[ci/tests]   |     --- PASS: TestUpdateAutoScalingGroupsAndInstances/error-fetching-asg (0.00s)\n[ci/tests]   |     --- PASS: TestUpdateAutoScalingGroupsAndInstances/add-back-third-asg (0.00s)\n[ci/tests]   |     --- PASS: TestUpdateAutoScalingGroupsAndInstances/remove-all-except-first-asg (0.00s)\n[ci/tests]   |     --- PASS: TestUpdateAutoScalingGroupsAndInstances/add-remove-simultaneously (0.00s)\n[ci/tests]   | === RUN   TestFindLBSubnets\n[ci/tests]   | === RUN   TestFindLBSubnets/should_find_two_public_subnets_for_public_LB\n[ci/tests]   | === RUN   TestFindLBSubnets/should_select_first_lexicographically_subnet_when_two_match_a_single_zone\n[ci/tests]   | === RUN   TestFindLBSubnets/should_not_use_internal_subnets_for_public_LB\n[ci/tests]   | === RUN   TestFindLBSubnets/should_prefer_tagged_subnet\n[ci/tests]   | === RUN   TestFindLBSubnets/should_prefer_tagged_subnet_(internal)\n[ci/tests]   | --- PASS: TestFindLBSubnets (0.00s)\n[ci/tests]   |     --- PASS: TestFindLBSubnets/should_find_two_public_subnets_for_public_LB (0.00s)\n[ci/tests]   |     --- PASS: TestFindLBSubnets/should_select_first_lexicographically_subnet_when_two_match_a_single_zone (0.00s)\n[ci/tests]   |     --- PASS: TestFindLBSubnets/should_not_use_internal_subnets_for_public_LB (0.00s)\n[ci/tests]   |     --- PASS: TestFindLBSubnets/should_prefer_tagged_subnet (0.00s)\n[ci/tests]   |     --- PASS: TestFindLBSubnets/should_prefer_tagged_subnet_(internal) (0.00s)\n[ci/tests]   | === RUN   TestParseFilterTagsDefault\n[ci/tests]   | === RUN   TestParseFilterTagsDefault/success-default-filter-asg\n[ci/tests]   | === RUN   TestParseFilterTagsDefault/success-custom-filter-asg\n[ci/tests]   | --- PASS: TestParseFilterTagsDefault (0.00s)\n[ci/tests]   |     --- PASS: TestParseFilterTagsDefault/success-default-filter-asg (0.00s)\n[ci/tests]   |     --- PASS: TestParseFilterTagsDefault/success-custom-filter-asg (0.00s)\n[ci/tests]   | === RUN   TestParseFilterTagsCustom\n[ci/tests]   | === RUN   TestParseFilterTagsCustom/success-custom-filter-asg\n[ci/tests]   | === RUN   TestParseFilterTagsCustom/success-custom-filter-multivalue-asg\n[ci/tests]   | === RUN   TestParseFilterTagsCustom/success-custom-filter-fallback-to-default-asg\n[ci/tests]   | time=\"2023-05-30T12:10:52Z\" level=error msg=\"Failed parsing tag:goodtag=foo tag-key=alsogood thisisabadtag andthisonetoo, falling back to default\"\n[ci/tests]   | --- PASS: TestParseFilterTagsCustom (0.00s)\n[ci/tests]   |     --- PASS: TestParseFilterTagsCustom/success-custom-filter-asg (0.00s)\n[ci/tests]   |     --- PASS: TestParseFilterTagsCustom/success-custom-filter-multivalue-asg (0.00s)\n[ci/tests]   |     --- PASS: TestParseFilterTagsCustom/success-custom-filter-fallback-to-default-asg (0.00s)\n[ci/tests]   | === RUN   TestNonTargetedASGs\n[ci/tests]   | === RUN   TestNonTargetedASGs/#00\n[ci/tests]   | --- PASS: TestNonTargetedASGs (0.00s)\n[ci/tests]   |     --- PASS: TestNonTargetedASGs/#00 (0.00s)\n[ci/tests]   | === RUN   TestWithTargetPort\n[ci/tests]   | === RUN   TestWithTargetPort/WithTargetPort_sets_the_targetPort_property\n[ci/tests]   | --- PASS: TestWithTargetPort (0.00s)\n[ci/tests]   |     --- PASS: TestWithTargetPort/WithTargetPort_sets_the_targetPort_property (0.00s)\n[ci/tests]   | === RUN   TestWithTargetHTTPS\n[ci/tests]   | === RUN   TestWithTargetHTTPS/WithTargetHTTPS_sets_the_targetHTTPS_property\n[ci/tests]   | --- PASS: TestWithTargetHTTPS (0.00s)\n[ci/tests]   |     --- PASS: TestWithTargetHTTPS/WithTargetHTTPS_sets_the_targetHTTPS_property (0.00s)\n[ci/tests]   | === RUN   TestWithxlbHealthyThresholdCount\n[ci/tests]   | === RUN   TestWithxlbHealthyThresholdCount/WithAlbHealthyThresholdCount_sets_the_albHealthyThresholdCount_property\n[ci/tests]   | === RUN   TestWithxlbHealthyThresholdCount/WithAlbUnhealthyThresholdCount_sets_the_albUnhealthyThresholdCount_property\n[ci/tests]   | === RUN   TestWithxlbHealthyThresholdCount/WithNlbHealthyThresholdCount_sets_the_nlbHealthyThresholdCount_property\n[ci/tests]   | --- PASS: TestWithxlbHealthyThresholdCount (0.00s)\n[ci/tests]   |     --- PASS: TestWithxlbHealthyThresholdCount/WithAlbHealthyThresholdCount_sets_the_albHealthyThresholdCount_property (0.00s)\n[ci/tests]   |     --- PASS: TestWithxlbHealthyThresholdCount/WithAlbUnhealthyThresholdCount_sets_the_albUnhealthyThresholdCount_property (0.00s)\n[ci/tests]   |     --- PASS: TestWithxlbHealthyThresholdCount/WithNlbHealthyThresholdCount_sets_the_nlbHealthyThresholdCount_property (0.00s)\n[ci/tests]   | === RUN   TestAdapter_SetTargetsOnCNITargetGroups\n[ci/tests]   | === RUN   TestAdapter_SetTargetsOnCNITargetGroups/adding_a_new_endpoint\n[ci/tests]   | time=\"2023-05-30T12:10:52Z\" level=info msg=\"Registering CNI targets: [1.1.1.1]\"\n[ci/tests]   | === RUN   TestAdapter_SetTargetsOnCNITargetGroups/two_new_endpoints,_registers_the_new_EPs_only\n[ci/tests]   | time=\"2023-05-30T12:10:52Z\" level=info msg=\"Registering CNI targets: [2.2.2.2 3.3.3.3]\"\n[ci/tests]   | === RUN   TestAdapter_SetTargetsOnCNITargetGroups/removing_one_endpoint,_causing_deregistration_of_it\n[ci/tests]   | time=\"2023-05-30T12:10:52Z\" level=info msg=\"Deregistering CNI targets: [2.2.2.2]\"\n[ci/tests]   | === RUN   TestAdapter_SetTargetsOnCNITargetGroups/restoring_desired_State_after_external_manipulation,_adding_and_removing_one\n[ci/tests]   | time=\"2023-05-30T12:10:52Z\" level=info msg=\"Registering CNI targets: [3.3.3.3]\"\n[ci/tests]   | time=\"2023-05-30T12:10:52Z\" level=info msg=\"Deregistering CNI targets: [4.4.4.4]\"\n[ci/tests]   | --- PASS: TestAdapter_SetTargetsOnCNITargetGroups (0.00s)\n[ci/tests]   |     --- PASS: TestAdapter_SetTargetsOnCNITargetGroups/adding_a_new_endpoint (0.00s)\n[ci/tests]   |     --- PASS: TestAdapter_SetTargetsOnCNITargetGroups/two_new_endpoints,_registers_the_new_EPs_only (0.00s)\n[ci/tests]   |     --- PASS: TestAdapter_SetTargetsOnCNITargetGroups/removing_one_endpoint,_causing_deregistration_of_it (0.00s)\n[ci/tests]   |     --- PASS: TestAdapter_SetTargetsOnCNITargetGroups/restoring_desired_State_after_external_manipulation,_adding_and_removing_one (0.00s)\n[ci/tests]   | === RUN   TestWithTargetAccessMode\n[ci/tests]   | === RUN   TestWithTargetAccessMode/WithTargetAccessMode_AWSCNI\n[ci/tests]   | === RUN   TestWithTargetAccessMode/WithTargetAccessMode_HostPort\n[ci/tests]   | === RUN   TestWithTargetAccessMode/WithTargetAccessMode_Legacy\n[ci/tests]   | --- PASS: TestWithTargetAccessMode (0.00s)\n[ci/tests]   |     --- PASS: TestWithTargetAccessMode/WithTargetAccessMode_AWSCNI (0.00s)\n[ci/tests]   |     --- PASS: TestWithTargetAccessMode/WithTargetAccessMode_HostPort (0.00s)\n[ci/tests]   |     --- PASS: TestWithTargetAccessMode/WithTargetAccessMode_Legacy (0.00s)\n[ci/tests]   | === RUN   TestGetAutoScalingGroupByName\n[ci/tests]   | === RUN   TestGetAutoScalingGroupByName/success-call-single-asg\n[ci/tests]   | === RUN   TestGetAutoScalingGroupByName/success-call-multiple-asg\n[ci/tests]   | === RUN   TestGetAutoScalingGroupByName/fail-to-match-single-asg\n[ci/tests]   | === RUN   TestGetAutoScalingGroupByName/fail-to-match-multiple-asg\n[ci/tests]   | === RUN   TestGetAutoScalingGroupByName/autoscaling-api-failure\n[ci/tests]   | --- PASS: TestGetAutoScalingGroupByName (0.00s)\n[ci/tests]   |     --- PASS: TestGetAutoScalingGroupByName/success-call-single-asg (0.00s)\n[ci/tests]   |     --- PASS: TestGetAutoScalingGroupByName/success-call-multiple-asg (0.00s)\n[ci/tests]   |     --- PASS: TestGetAutoScalingGroupByName/fail-to-match-single-asg (0.00s)\n[ci/tests]   |     --- PASS: TestGetAutoScalingGroupByName/fail-to-match-multiple-asg (0.00s)\n[ci/tests]   |     --- PASS: TestGetAutoScalingGroupByName/autoscaling-api-failure (0.00s)\n[ci/tests]   | === RUN   TestGetAutoScalingGroupsByName\n[ci/tests]   | === RUN   TestGetAutoScalingGroupsByName/success-call-single-asg\n[ci/tests]   | === RUN   TestGetAutoScalingGroupsByName/success-call-multiple-asg\n[ci/tests]   | === RUN   TestGetAutoScalingGroupsByName/fail-to-match-single-asg\n[ci/tests]   | === RUN   TestGetAutoScalingGroupsByName/fail-to-match-multiple-asg\n[ci/tests]   | === RUN   TestGetAutoScalingGroupsByName/autoscaling-api-failure\n[ci/tests]   | --- PASS: TestGetAutoScalingGroupsByName (0.00s)\n[ci/tests]   |     --- PASS: TestGetAutoScalingGroupsByName/success-call-single-asg (0.00s)\n[ci/tests]   |     --- PASS: TestGetAutoScalingGroupsByName/success-call-multiple-asg (0.00s)\n[ci/tests]   |     --- PASS: TestGetAutoScalingGroupsByName/fail-to-match-single-asg (0.00s)\n[ci/tests]   |     --- PASS: TestGetAutoScalingGroupsByName/fail-to-match-multiple-asg (0.00s)\n[ci/tests]   |     --- PASS: TestGetAutoScalingGroupsByName/autoscaling-api-failure (0.00s)\n[ci/tests]   | === RUN   TestAttach\n[ci/tests]   | === RUN   TestAttach/describe-lb-target-groups-failed\n[ci/tests]   | === RUN   TestAttach/describe-all-target-groups-failed\n[ci/tests]   | === RUN   TestAttach/describe-tags-failed\n[ci/tests]   | === RUN   TestAttach/success-attach\n[ci/tests]   | === RUN   TestAttach/failed-attach\n[ci/tests]   | === RUN   TestAttach/detach-obsolete\n[ci/tests]   | === RUN   TestAttach/failed-detach\n[ci/tests]   | === RUN   TestAttach/attach_ignores_nonexistent_target_groups\n[ci/tests]   | time=\"2023-05-30T12:10:52Z\" level=error msg=\"Target group \\\"void\\\" does not exist, will not attach\"\n[ci/tests]   | time=\"2023-05-30T12:10:52Z\" level=error msg=\"Target group \\\"blank\\\" does not exist, will not attach\"\n[ci/tests]   | --- PASS: TestAttach (0.00s)\n[ci/tests]   |     --- PASS: TestAttach/describe-lb-target-groups-failed (0.00s)\n[ci/tests]   |     --- PASS: TestAttach/describe-all-target-groups-failed (0.00s)\n[ci/tests]   |     --- PASS: TestAttach/describe-tags-failed (0.00s)\n[ci/tests]   |     --- PASS: TestAttach/success-attach (0.00s)\n[ci/tests]   |     --- PASS: TestAttach/failed-attach (0.00s)\n[ci/tests]   |     --- PASS: TestAttach/detach-obsolete (0.00s)\n[ci/tests]   |     --- PASS: TestAttach/failed-detach (0.00s)\n[ci/tests]   |     --- PASS: TestAttach/attach_ignores_nonexistent_target_groups (0.00s)\n[ci/tests]   | === RUN   TestDetach\n[ci/tests]   | === RUN   TestDetach/success-detach\n[ci/tests]   | === RUN   TestDetach/failed-detach\n[ci/tests]   | --- PASS: TestDetach (0.00s)\n[ci/tests]   |     --- PASS: TestDetach/success-detach (0.00s)\n[ci/tests]   |     --- PASS: TestDetach/failed-detach (0.00s)\n[ci/tests]   | === RUN   TestTestFilterTags\n[ci/tests]   | === RUN   TestTestFilterTags/success-test-filter-asg\n[ci/tests]   | === RUN   TestTestFilterTags/success-test-filter-negative-asg\n[ci/tests]   | === RUN   TestTestFilterTags/success-test-filter-multi-value-asg\n[ci/tests]   | === RUN   TestTestFilterTags/test_value_mismatch\n[ci/tests]   | --- PASS: TestTestFilterTags (0.00s)\n[ci/tests]   |     --- PASS: TestTestFilterTags/success-test-filter-asg (0.00s)\n[ci/tests]   |     --- PASS: TestTestFilterTags/success-test-filter-negative-asg (0.00s)\n[ci/tests]   |     --- PASS: TestTestFilterTags/success-test-filter-multi-value-asg (0.00s)\n[ci/tests]   |     --- PASS: TestTestFilterTags/test_value_mismatch (0.00s)\n[ci/tests]   | === RUN   TestProcessChunked\n[ci/tests]   | === RUN   TestProcessChunked/empty\n[ci/tests]   | === RUN   TestProcessChunked/less_than_chunk_size\n[ci/tests]   | === RUN   TestProcessChunked/equal_to_chunk_size\n[ci/tests]   | === RUN   TestProcessChunked/greater_than_chunk_size\n[ci/tests]   | === RUN   TestProcessChunked/fail_on_first_chunk\n[ci/tests]   | === RUN   TestProcessChunked/fail_on_second_chunk\n[ci/tests]   | --- PASS: TestProcessChunked (0.00s)\n[ci/tests]   |     --- PASS: TestProcessChunked/empty (0.00s)\n[ci/tests]   |     --- PASS: TestProcessChunked/less_than_chunk_size (0.00s)\n[ci/tests]   |     --- PASS: TestProcessChunked/equal_to_chunk_size (0.00s)\n[ci/tests]   |     --- PASS: TestProcessChunked/greater_than_chunk_size (0.00s)\n[ci/tests]   |     --- PASS: TestProcessChunked/fail_on_first_chunk (0.00s)\n[ci/tests]   |     --- PASS: TestProcessChunked/fail_on_second_chunk (0.00s)\n[ci/tests]   | === RUN   Test_categorizeTargetTypeInstance\n[ci/tests]   | === RUN   Test_categorizeTargetTypeInstance/one_from_any_type\n[ci/tests]   | === RUN   Test_categorizeTargetTypeInstance/one_type_many_target_groups\n[ci/tests]   | === RUN   Test_categorizeTargetTypeInstance/several_types_many_target_groups\n[ci/tests]   | --- PASS: Test_categorizeTargetTypeInstance (0.00s)\n[ci/tests]   |     --- PASS: Test_categorizeTargetTypeInstance/one_from_any_type (0.00s)\n[ci/tests]   |     --- PASS: Test_categorizeTargetTypeInstance/one_type_many_target_groups (0.00s)\n[ci/tests]   |     --- PASS: Test_categorizeTargetTypeInstance/several_types_many_target_groups (0.00s)\n[ci/tests]   | === RUN   TestGenerateTemplate\n[ci/tests]   | === RUN   TestGenerateTemplate/contains_no_cloudwatch_alarm_resources_if_spec_has_none\n[ci/tests]   | === RUN   TestGenerateTemplate/contains_cloudwatch_alarm_resources_#1\n[ci/tests]   | === RUN   TestGenerateTemplate/contains_cloudwatch_alarm_resources_#1#01\n[ci/tests]   | === RUN   TestGenerateTemplate/ALB_should_only_have_HTTP_listener_when_no_certificate_is_present\n[ci/tests]   | === RUN   TestGenerateTemplate/ALB_should_have_two_listeners_when_certificate_is_present\n[ci/tests]   | === RUN   TestGenerateTemplate/ALB_should_use_separate_Target_Group_for_HTTP_when_HTTP_target_port_is_configured\n[ci/tests]   | === RUN   TestGenerateTemplate/ALB_should_use_one_Target_Group_when_HTTP_target_port_equals_target_port\n[ci/tests]   | === RUN   TestGenerateTemplate/http_->_https_redirect_should_be_enabled_for_Application_load_balancers\n[ci/tests]   | === RUN   TestGenerateTemplate/http_->_https_redirect_should_NOT_be_enabled_for_Network_load_balancers\n[ci/tests]   | === RUN   TestGenerateTemplate/nlb_cross_zone_load_balancing_can_be_enabled_for_Network_load_balancers\n[ci/tests]   | === RUN   TestGenerateTemplate/nlb_HTTP_listener_should_not_be_enabled_when_HTTP_is_disabled\n[ci/tests]   | === RUN   TestGenerateTemplate/h2_should_be_enabled_on_ALB_if_set_to_true\n[ci/tests]   | === RUN   TestGenerateTemplate/h2_should_NOT_be_enabled_on_ALB_if_set_to_false\n[ci/tests]   | === RUN   TestGenerateTemplate/stack_has_WAF_Web_ACL\n[ci/tests]   | === RUN   TestGenerateTemplate/deregistration_timeout_is_set_correctly\n[ci/tests]   | === RUN   TestGenerateTemplate/Does_not_set_healthcheck_timeout_on_NLBs\n[ci/tests]   | === RUN   TestGenerateTemplate/Set_healthcheck_timeout_when_not_NLB\n[ci/tests]   | === RUN   TestGenerateTemplate/deny_internal_traffic_for_HTTPS_correctly\n[ci/tests]   | === RUN   TestGenerateTemplate/deny_internal_traffic_for_HTTP_correctly\n[ci/tests]   | === RUN   TestGenerateTemplate/deny_internal_traffic_for_HTTP/HTTPS_correctly\n[ci/tests]   | === RUN   TestGenerateTemplate/Does_not_deny_internal_traffic_if_not_required\n[ci/tests]   | === RUN   TestGenerateTemplate/Does_not_create_deny_internal_traffic_rule_on_NLBs\n[ci/tests]   | === RUN   TestGenerateTemplate/Uses_HTTPS_targets_when_asked_to\n[ci/tests]   | === RUN   TestGenerateTemplate/NLBs_should_always_use_the_TCP_protocol_for_listeners_and_TGs\n[ci/tests]   | === RUN   TestGenerateTemplate/NLBs_should_always_use_the_TCP_protocol_for_listeners_and_TGs_-_targetHTTPS_should_not_impact_it\n[ci/tests]   | === RUN   TestGenerateTemplate/NLB_should_use_separate_Target_Group_for_HTTP_when_HTTP_target_port_is_configured\n[ci/tests]   | === RUN   TestGenerateTemplate/NLB_should_use_one_Target_Group_when_HTTP_target_port_equals_target_port\n[ci/tests]   | === RUN   TestGenerateTemplate/NLB_HTTP_target_port_is_ignored_when_HTTP_is_disabled\n[ci/tests]   | === RUN   TestGenerateTemplate/For_Albs_sets_Healthy_and_Unhealthy_Threshold_Count_individually\n[ci/tests]   | === RUN   TestGenerateTemplate/For_Nlbs_sets_Healthy_and_Unhealthy_Threshold_Count_equally_and_ignores_ALB_settings\n[ci/tests]   | === RUN   TestGenerateTemplate/Default_TG_type_is_not_set\n[ci/tests]   | === RUN   TestGenerateTemplate/Sets_'instance'_TG_type\n[ci/tests]   | === RUN   TestGenerateTemplate/Sets_'ip'_TG_type\n[ci/tests]   | --- PASS: TestGenerateTemplate (0.28s)\n[ci/tests]   |     --- PASS: TestGenerateTemplate/contains_no_cloudwatch_alarm_resources_if_spec_has_none (0.01s)\n[ci/tests]   |     --- PASS: TestGenerateTemplate/contains_cloudwatch_alarm_resources_#1 (0.01s)\n[ci/tests]   |     --- PASS: TestGenerateTemplate/contains_cloudwatch_alarm_resources_#1#01 (0.01s)\n[ci/tests]   |     --- PASS: TestGenerateTemplate/ALB_should_only_have_HTTP_listener_when_no_certificate_is_present (0.01s)\n[ci/tests]   |     --- PASS: TestGenerateTemplate/ALB_should_have_two_listeners_when_certificate_is_present (0.01s)\n[ci/tests]   |     --- PASS: TestGenerateTemplate/ALB_should_use_separate_Target_Group_for_HTTP_when_HTTP_target_port_is_configured (0.01s)\n[ci/tests]   |     --- PASS: TestGenerateTemplate/ALB_should_use_one_Target_Group_when_HTTP_target_port_equals_target_port (0.01s)\n[ci/tests]   |     --- PASS: TestGenerateTemplate/http_->_https_redirect_should_be_enabled_for_Application_load_balancers (0.01s)\n[ci/tests]   |     --- PASS: TestGenerateTemplate/http_->_https_redirect_should_NOT_be_enabled_for_Network_load_balancers (0.01s)\n[ci/tests]   |     --- PASS: TestGenerateTemplate/nlb_cross_zone_load_balancing_can_be_enabled_for_Network_load_balancers (0.01s)\n[ci/tests]   |     --- PASS: TestGenerateTemplate/nlb_HTTP_listener_should_not_be_enabled_when_HTTP_is_disabled (0.01s)\n[ci/tests]   |     --- PASS: TestGenerateTemplate/h2_should_be_enabled_on_ALB_if_set_to_true (0.01s)\n[ci/tests]   |     --- PASS: TestGenerateTemplate/h2_should_NOT_be_enabled_on_ALB_if_set_to_false (0.01s)\n[ci/tests]   |     --- PASS: TestGenerateTemplate/stack_has_WAF_Web_ACL (0.01s)\n[ci/tests]   |     --- PASS: TestGenerateTemplate/deregistration_timeout_is_set_correctly (0.01s)\n[ci/tests]   |     --- PASS: TestGenerateTemplate/Does_not_set_healthcheck_timeout_on_NLBs (0.01s)\n[ci/tests]   |     --- PASS: TestGenerateTemplate/Set_healthcheck_timeout_when_not_NLB (0.01s)\n[ci/tests]   |     --- PASS: TestGenerateTemplate/deny_internal_traffic_for_HTTPS_correctly (0.01s)\n[ci/tests]   |     --- PASS: TestGenerateTemplate/deny_internal_traffic_for_HTTP_correctly (0.01s)\n[ci/tests]   |     --- PASS: TestGenerateTemplate/deny_internal_traffic_for_HTTP/HTTPS_correctly (0.01s)\n[ci/tests]   |     --- PASS: TestGenerateTemplate/Does_not_deny_internal_traffic_if_not_required (0.01s)\n[ci/tests]   |     --- PASS: TestGenerateTemplate/Does_not_create_deny_internal_traffic_rule_on_NLBs (0.01s)\n[ci/tests]   |     --- PASS: TestGenerateTemplate/Uses_HTTPS_targets_when_asked_to (0.01s)\n[ci/tests]   |     --- PASS: TestGenerateTemplate/NLBs_should_always_use_the_TCP_protocol_for_listeners_and_TGs (0.01s)\n[ci/tests]   |     --- PASS: TestGenerateTemplate/NLBs_should_always_use_the_TCP_protocol_for_listeners_and_TGs_-_targetHTTPS_should_not_impact_it (0.01s)\n[ci/tests]   |     --- PASS: TestGenerateTemplate/NLB_should_use_separate_Target_Group_for_HTTP_when_HTTP_target_port_is_configured (0.01s)\n[ci/tests]   |     --- PASS: TestGenerateTemplate/NLB_should_use_one_Target_Group_when_HTTP_target_port_equals_target_port (0.01s)\n[ci/tests]   |     --- PASS: TestGenerateTemplate/NLB_HTTP_target_port_is_ignored_when_HTTP_is_disabled (0.01s)\n[ci/tests]   |     --- PASS: TestGenerateTemplate/For_Albs_sets_Healthy_and_Unhealthy_Threshold_Count_individually (0.01s)\n[ci/tests]   |     --- PASS: TestGenerateTemplate/For_Nlbs_sets_Healthy_and_Unhealthy_Threshold_Count_equally_and_ignores_ALB_settings (0.01s)\n[ci/tests]   |     --- PASS: TestGenerateTemplate/Default_TG_type_is_not_set (0.01s)\n[ci/tests]   |     --- PASS: TestGenerateTemplate/Sets_'instance'_TG_type (0.01s)\n[ci/tests]   |     --- PASS: TestGenerateTemplate/Sets_'ip'_TG_type (0.01s)\n[ci/tests]   | === RUN   TestCreatingStack\n[ci/tests]   | === RUN   TestCreatingStack/successful-call\n[ci/tests]   | === RUN   TestCreatingStack/successful-call#01\n[ci/tests]   | === RUN   TestCreatingStack/fail-call\n[ci/tests]   | === RUN   TestCreatingStack/stack_with_WAF_association\n[ci/tests]   | === RUN   TestCreatingStack/stack_with_ALB_http_port\n[ci/tests]   | === RUN   TestCreatingStack/stack_with_NLB_http_port\n[ci/tests]   | --- PASS: TestCreatingStack (0.02s)\n[ci/tests]   |     --- PASS: TestCreatingStack/successful-call (0.00s)\n[ci/tests]   |     --- PASS: TestCreatingStack/successful-call#01 (0.00s)\n[ci/tests]   |     --- PASS: TestCreatingStack/fail-call (0.00s)\n[ci/tests]   |     --- PASS: TestCreatingStack/stack_with_WAF_association (0.00s)\n[ci/tests]   |     --- PASS: TestCreatingStack/stack_with_ALB_http_port (0.00s)\n[ci/tests]   |     --- PASS: TestCreatingStack/stack_with_NLB_http_port (0.00s)\n[ci/tests]   | === RUN   TestUpdatingStack\n[ci/tests]   | === RUN   TestUpdatingStack/successful-call\n[ci/tests]   | === RUN   TestUpdatingStack/successful-call#01\n[ci/tests]   | === RUN   TestUpdatingStack/fail-call\n[ci/tests]   | === RUN   TestUpdatingStack/stack_with_WAF_association\n[ci/tests]   | === RUN   TestUpdatingStack/stack_with_ALB_http_port\n[ci/tests]   | === RUN   TestUpdatingStack/stack_with_NLB_http_port\n[ci/tests]   | --- PASS: TestUpdatingStack (0.02s)\n[ci/tests]   |     --- PASS: TestUpdatingStack/successful-call (0.00s)\n[ci/tests]   |     --- PASS: TestUpdatingStack/successful-call#01 (0.00s)\n[ci/tests]   |     --- PASS: TestUpdatingStack/fail-call (0.00s)\n[ci/tests]   |     --- PASS: TestUpdatingStack/stack_with_WAF_association (0.00s)\n[ci/tests]   |     --- PASS: TestUpdatingStack/stack_with_ALB_http_port (0.00s)\n[ci/tests]   |     --- PASS: TestUpdatingStack/stack_with_NLB_http_port (0.00s)\n[ci/tests]   | === RUN   TestDeleteStack\n[ci/tests]   | === RUN   TestDeleteStack/delete-existing-stack\n[ci/tests]   | === RUN   TestDeleteStack/delete-non-existing-stack\n[ci/tests]   | --- PASS: TestDeleteStack (0.00s)\n[ci/tests]   |     --- PASS: TestDeleteStack/delete-existing-stack (0.00s)\n[ci/tests]   |     --- PASS: TestDeleteStack/delete-non-existing-stack (0.00s)\n[ci/tests]   | === RUN   TestIsComplete\n[ci/tests]   | === RUN   TestIsComplete/CREATE_COMPLETE\n[ci/tests]   | === RUN   TestIsComplete/UPDATE_COMPLETE\n[ci/tests]   | === RUN   TestIsComplete/CREATE_IN_PROGRESS\n[ci/tests]   | === RUN   TestIsComplete/DELETE_COMPLETE\n[ci/tests]   | === RUN   TestIsComplete/DELETE_FAILED\n[ci/tests]   | === RUN   TestIsComplete/DELETE_IN_PROGRESS\n[ci/tests]   | === RUN   TestIsComplete/REVIEW_IN_PROGRESS\n[ci/tests]   | === RUN   TestIsComplete/ROLLBACK_COMPLETE\n[ci/tests]   | === RUN   TestIsComplete/ROLLBACK_FAILED\n[ci/tests]   | === RUN   TestIsComplete/ROLLBACK_IN_PROGRESS\n[ci/tests]   | === RUN   TestIsComplete/UPDATE_COMPLETE_CLEANUP_IN_PROGRESS\n[ci/tests]   | === RUN   TestIsComplete/UPDATE_ROLLBACK_COMPLETE_CLEANUP_IN_PROGRESS\n[ci/tests]   | === RUN   TestIsComplete/dummy-status\n[ci/tests]   | --- PASS: TestIsComplete (0.00s)\n[ci/tests]   |     --- PASS: TestIsComplete/CREATE_COMPLETE (0.00s)\n[ci/tests]   |     --- PASS: TestIsComplete/UPDATE_COMPLETE (0.00s)\n[ci/tests]   |     --- PASS: TestIsComplete/CREATE_IN_PROGRESS (0.00s)\n[ci/tests]   |     --- PASS: TestIsComplete/DELETE_COMPLETE (0.00s)\n[ci/tests]   |     --- PASS: TestIsComplete/DELETE_FAILED (0.00s)\n[ci/tests]   |     --- PASS: TestIsComplete/DELETE_IN_PROGRESS (0.00s)\n[ci/tests]   |     --- PASS: TestIsComplete/REVIEW_IN_PROGRESS (0.00s)\n[ci/tests]   |     --- PASS: TestIsComplete/ROLLBACK_COMPLETE (0.00s)\n[ci/tests]   |     --- PASS: TestIsComplete/ROLLBACK_FAILED (0.00s)\n[ci/tests]   |     --- PASS: TestIsComplete/ROLLBACK_IN_PROGRESS (0.00s)\n[ci/tests]   |     --- PASS: TestIsComplete/UPDATE_COMPLETE_CLEANUP_IN_PROGRESS (0.00s)\n[ci/tests]   |     --- PASS: TestIsComplete/UPDATE_ROLLBACK_COMPLETE_CLEANUP_IN_PROGRESS (0.00s)\n[ci/tests]   |     --- PASS: TestIsComplete/dummy-status (0.00s)\n[ci/tests]   | === RUN   TestErr\n[ci/tests]   | === RUN   TestErr/nil_stack\n[ci/tests]   | === RUN   TestErr/CREATE_IN_PROGRESS\n[ci/tests]   | === RUN   TestErr/CREATE_COMPLETE\n[ci/tests]   | === RUN   TestErr/UPDATE_IN_PROGRESS\n[ci/tests]   | === RUN   TestErr/UPDATE_COMPLETE\n[ci/tests]   | === RUN   TestErr/UPDATE_COMPLETE_CLEANUP_IN_PROGRESS\n[ci/tests]   | === RUN   TestErr/DELETE_IN_PROGRESS\n[ci/tests]   | === RUN   TestErr/DELETE_COMPLETE\n[ci/tests]   | === RUN   TestErr/UPDATE_ROLLBACK_COMPLETE\n[ci/tests]   | === RUN   TestErr/UPDATE_ROLLBACK_IN_PROGRESS\n[ci/tests]   | --- PASS: TestErr (0.00s)\n[ci/tests]   |     --- PASS: TestErr/nil_stack (0.00s)\n[ci/tests]   |     --- PASS: TestErr/CREATE_IN_PROGRESS (0.00s)\n[ci/tests]   |     --- PASS: TestErr/CREATE_COMPLETE (0.00s)\n[ci/tests]   |     --- PASS: TestErr/UPDATE_IN_PROGRESS (0.00s)\n[ci/tests]   |     --- PASS: TestErr/UPDATE_COMPLETE (0.00s)\n[ci/tests]   |     --- PASS: TestErr/UPDATE_COMPLETE_CLEANUP_IN_PROGRESS (0.00s)\n[ci/tests]   |     --- PASS: TestErr/DELETE_IN_PROGRESS (0.00s)\n[ci/tests]   |     --- PASS: TestErr/DELETE_COMPLETE (0.00s)\n[ci/tests]   |     --- PASS: TestErr/UPDATE_ROLLBACK_COMPLETE (0.00s)\n[ci/tests]   |     --- PASS: TestErr/UPDATE_ROLLBACK_IN_PROGRESS (0.00s)\n[ci/tests]   | === RUN   TestManagementAssertion\n[ci/tests]   | === RUN   TestManagementAssertion/managed\n[ci/tests]   | === RUN   TestManagementAssertion/missing-cluster-tag\n[ci/tests]   | === RUN   TestManagementAssertion/missing-kube-mgmt-tag\n[ci/tests]   | === RUN   TestManagementAssertion/missing-all-mgmt-tag\n[ci/tests]   | === RUN   TestManagementAssertion/mismatch-cluster-tag\n[ci/tests]   | === RUN   TestManagementAssertion/mismatch-controller-id\n[ci/tests]   | --- PASS: TestManagementAssertion (0.00s)\n[ci/tests]   |     --- PASS: TestManagementAssertion/managed (0.00s)\n[ci/tests]   |     --- PASS: TestManagementAssertion/missing-cluster-tag (0.00s)\n[ci/tests]   |     --- PASS: TestManagementAssertion/missing-kube-mgmt-tag (0.00s)\n[ci/tests]   |     --- PASS: TestManagementAssertion/missing-all-mgmt-tag (0.00s)\n[ci/tests]   |     --- PASS: TestManagementAssertion/mismatch-cluster-tag (0.00s)\n[ci/tests]   |     --- PASS: TestManagementAssertion/mismatch-controller-id (0.00s)\n[ci/tests]   | === RUN   TestTagConversion\n[ci/tests]   | === RUN   TestTagConversion/default\n[ci/tests]   | === RUN   TestTagConversion/empty-input\n[ci/tests]   | === RUN   TestTagConversion/nil-input\n[ci/tests]   | --- PASS: TestTagConversion (0.00s)\n[ci/tests]   |     --- PASS: TestTagConversion/default (0.00s)\n[ci/tests]   |     --- PASS: TestTagConversion/empty-input (0.00s)\n[ci/tests]   |     --- PASS: TestTagConversion/nil-input (0.00s)\n[ci/tests]   | === RUN   TestConvertStackParameters\n[ci/tests]   | === RUN   TestConvertStackParameters/default\n[ci/tests]   | === RUN   TestConvertStackParameters/empty-input\n[ci/tests]   | === RUN   TestConvertStackParameters/nil-input\n[ci/tests]   | --- PASS: TestConvertStackParameters (0.00s)\n[ci/tests]   |     --- PASS: TestConvertStackParameters/default (0.00s)\n[ci/tests]   |     --- PASS: TestConvertStackParameters/empty-input (0.00s)\n[ci/tests]   |     --- PASS: TestConvertStackParameters/nil-input (0.00s)\n[ci/tests]   | === RUN   TestFindManagedStacks\n[ci/tests]   | === RUN   TestFindManagedStacks/successful-call\n[ci/tests]   | === RUN   TestFindManagedStacks/no-ready-stacks\n[ci/tests]   | === RUN   TestFindManagedStacks/failed-paging\n[ci/tests]   | === RUN   TestFindManagedStacks/failed-describe-page\n[ci/tests]   | --- PASS: TestFindManagedStacks (0.00s)\n[ci/tests]   |     --- PASS: TestFindManagedStacks/successful-call (0.00s)\n[ci/tests]   |     --- PASS: TestFindManagedStacks/no-ready-stacks (0.00s)\n[ci/tests]   |     --- PASS: TestFindManagedStacks/failed-paging (0.00s)\n[ci/tests]   |     --- PASS: TestFindManagedStacks/failed-describe-page (0.00s)\n[ci/tests]   | === RUN   TestGetStack\n[ci/tests]   | === RUN   TestGetStack/successful-call\n[ci/tests]   | === RUN   TestGetStack/successful-call-http-arn\n[ci/tests]   | === RUN   TestGetStack/no-ready-stacks\n[ci/tests]   | === RUN   TestGetStack/failed-paging\n[ci/tests]   | === RUN   TestGetStack/failed-describe-page\n[ci/tests]   | --- PASS: TestGetStack (0.00s)\n[ci/tests]   |     --- PASS: TestGetStack/successful-call (0.00s)\n[ci/tests]   |     --- PASS: TestGetStack/successful-call-http-arn (0.00s)\n[ci/tests]   |     --- PASS: TestGetStack/no-ready-stacks (0.00s)\n[ci/tests]   |     --- PASS: TestGetStack/failed-paging (0.00s)\n[ci/tests]   |     --- PASS: TestGetStack/failed-describe-page (0.00s)\n[ci/tests]   | === RUN   TestShouldDelete\n[ci/tests]   | === RUN   TestShouldDelete/DeleteInProgress\n[ci/tests]   | === RUN   TestShouldDelete/DeleteInProgressSecond\n[ci/tests]   | === RUN   TestShouldDelete/ShouldDelete\n[ci/tests]   | === RUN   TestShouldDelete/ShouldDeleteMinute\n[ci/tests]   | === RUN   TestShouldDelete/EmptyStack\n[ci/tests]   | === RUN   TestShouldDelete/StackNil\n[ci/tests]   | --- PASS: TestShouldDelete (0.00s)\n[ci/tests]   |     --- PASS: TestShouldDelete/DeleteInProgress (0.00s)\n[ci/tests]   |     --- PASS: TestShouldDelete/DeleteInProgressSecond (0.00s)\n[ci/tests]   |     --- PASS: TestShouldDelete/ShouldDelete (0.00s)\n[ci/tests]   |     --- PASS: TestShouldDelete/ShouldDeleteMinute (0.00s)\n[ci/tests]   |     --- PASS: TestShouldDelete/EmptyStack (0.00s)\n[ci/tests]   |     --- PASS: TestShouldDelete/StackNil (0.00s)\n[ci/tests]   | === RUN   TestCloudWatchAlarmList_Hash\n[ci/tests]   | === RUN   TestCloudWatchAlarmList_Hash/nil_list_produces_empty_hash\n[ci/tests]   | === RUN   TestCloudWatchAlarmList_Hash/empty_list_produces_empty_hash\n[ci/tests]   | === RUN   TestCloudWatchAlarmList_Hash/list_produces_hash\n[ci/tests]   | --- PASS: TestCloudWatchAlarmList_Hash (0.00s)\n[ci/tests]   |     --- PASS: TestCloudWatchAlarmList_Hash/nil_list_produces_empty_hash (0.00s)\n[ci/tests]   |     --- PASS: TestCloudWatchAlarmList_Hash/empty_list_produces_empty_hash (0.00s)\n[ci/tests]   |     --- PASS: TestCloudWatchAlarmList_Hash/list_produces_hash (0.00s)\n[ci/tests]   | === RUN   TestNormalizeCloudWatchAlarmName\n[ci/tests]   | === RUN   TestNormalizeCloudWatchAlarmName/prefix_name_with_stack_name_if_set\n[ci/tests]   | === RUN   TestNormalizeCloudWatchAlarmName/nil_gets_just_passed_through\n[ci/tests]   | --- PASS: TestNormalizeCloudWatchAlarmName (0.00s)\n[ci/tests]   |     --- PASS: TestNormalizeCloudWatchAlarmName/prefix_name_with_stack_name_if_set (0.00s)\n[ci/tests]   |     --- PASS: TestNormalizeCloudWatchAlarmName/nil_gets_just_passed_through (0.00s)\n[ci/tests]   | === RUN   TestNormalizeCloudWatchAlarmNamespace\n[ci/tests]   | === RUN   TestNormalizeCloudWatchAlarmNamespace/namespace_will_not_be_altered_if_set\n[ci/tests]   | === RUN   TestNormalizeCloudWatchAlarmNamespace/namespace_is_set_to_AWS/ApplicationELB_if_nil\n[ci/tests]   | --- PASS: TestNormalizeCloudWatchAlarmNamespace (0.00s)\n[ci/tests]   |     --- PASS: TestNormalizeCloudWatchAlarmNamespace/namespace_will_not_be_altered_if_set (0.00s)\n[ci/tests]   |     --- PASS: TestNormalizeCloudWatchAlarmNamespace/namespace_is_set_to_AWS/ApplicationELB_if_nil (0.00s)\n[ci/tests]   | === RUN   TestNormalizeCloudWatchAlarmDimensions\n[ci/tests]   | === RUN   TestNormalizeCloudWatchAlarmDimensions/set_to_default_if_nil\n[ci/tests]   | === RUN   TestNormalizeCloudWatchAlarmDimensions/set_to_default_if_empty\n[ci/tests]   | === RUN   TestNormalizeCloudWatchAlarmDimensions/replaces_LoadBalancer_and_TargetGroup_with_references\n[ci/tests]   | --- PASS: TestNormalizeCloudWatchAlarmDimensions (0.00s)\n[ci/tests]   |     --- PASS: TestNormalizeCloudWatchAlarmDimensions/set_to_default_if_nil (0.00s)\n[ci/tests]   |     --- PASS: TestNormalizeCloudWatchAlarmDimensions/set_to_default_if_empty (0.00s)\n[ci/tests]   |     --- PASS: TestNormalizeCloudWatchAlarmDimensions/replaces_LoadBalancer_and_TargetGroup_with_references (0.00s)\n[ci/tests]   | === RUN   TestGetAutoScalingName\n[ci/tests]   | === RUN   TestGetAutoScalingName/want-foo\n[ci/tests]   | === RUN   TestGetAutoScalingName/want-foo#01\n[ci/tests]   | === RUN   TestGetAutoScalingName/want-\n[ci/tests]   | === RUN   TestGetAutoScalingName/want-#01\n[ci/tests]   | --- PASS: TestGetAutoScalingName (0.00s)\n[ci/tests]   |     --- PASS: TestGetAutoScalingName/want-foo (0.00s)\n[ci/tests]   |     --- PASS: TestGetAutoScalingName/want-foo#01 (0.00s)\n[ci/tests]   |     --- PASS: TestGetAutoScalingName/want- (0.00s)\n[ci/tests]   |     --- PASS: TestGetAutoScalingName/want-#01 (0.00s)\n[ci/tests]   | === RUN   TestFindingSecurityGroup\n[ci/tests]   | === RUN   TestFindingSecurityGroup/success-find-sg\n[ci/tests]   | === RUN   TestFindingSecurityGroup/fail-no-security-groups\n[ci/tests]   | === RUN   TestFindingSecurityGroup/fail-with-aws-api-error\n[ci/tests]   | --- PASS: TestFindingSecurityGroup (0.00s)\n[ci/tests]   |     --- PASS: TestFindingSecurityGroup/success-find-sg (0.00s)\n[ci/tests]   |     --- PASS: TestFindingSecurityGroup/fail-no-security-groups (0.00s)\n[ci/tests]   |     --- PASS: TestFindingSecurityGroup/fail-with-aws-api-error (0.00s)\n[ci/tests]   | === RUN   TestInstanceDetails\n[ci/tests]   | === RUN   TestInstanceDetails/this-should-be-fine\n[ci/tests]   | === RUN   TestInstanceDetails/this-should-be-fine-legacy\n[ci/tests]   | === RUN   TestInstanceDetails/this-should-be-fine-new-plus-legacy\n[ci/tests]   | === RUN   TestInstanceDetails/missing-name-tag\n[ci/tests]   | === RUN   TestInstanceDetails/missing-cluster-id-tag\n[ci/tests]   | === RUN   TestInstanceDetails/missing-mgmt-tags\n[ci/tests]   | === RUN   TestInstanceDetails/nil-mgmt-tags\n[ci/tests]   | --- PASS: TestInstanceDetails (0.00s)\n[ci/tests]   |     --- PASS: TestInstanceDetails/this-should-be-fine (0.00s)\n[ci/tests]   |     --- PASS: TestInstanceDetails/this-should-be-fine-legacy (0.00s)\n[ci/tests]   |     --- PASS: TestInstanceDetails/this-should-be-fine-new-plus-legacy (0.00s)\n[ci/tests]   |     --- PASS: TestInstanceDetails/missing-name-tag (0.00s)\n[ci/tests]   |     --- PASS: TestInstanceDetails/missing-cluster-id-tag (0.00s)\n[ci/tests]   |     --- PASS: TestInstanceDetails/missing-mgmt-tags (0.00s)\n[ci/tests]   |     --- PASS: TestInstanceDetails/nil-mgmt-tags (0.00s)\n[ci/tests]   | === RUN   TestGetInstanceDetails\n[ci/tests]   | === RUN   TestGetInstanceDetails/success-call\n[ci/tests]   | === RUN   TestGetInstanceDetails/failed-state-match\n[ci/tests]   | === RUN   TestGetInstanceDetails/nothing-returned-from-aws-api\n[ci/tests]   | === RUN   TestGetInstanceDetails/aws-api-fail\n[ci/tests]   | --- PASS: TestGetInstanceDetails (0.00s)\n[ci/tests]   |     --- PASS: TestGetInstanceDetails/success-call (0.00s)\n[ci/tests]   |     --- PASS: TestGetInstanceDetails/failed-state-match (0.00s)\n[ci/tests]   |     --- PASS: TestGetInstanceDetails/nothing-returned-from-aws-api (0.00s)\n[ci/tests]   |     --- PASS: TestGetInstanceDetails/aws-api-fail (0.00s)\n[ci/tests]   | === RUN   TestGetSubnets\n[ci/tests]   | === RUN   TestGetSubnets/success-call-nofilter\n[ci/tests]   | time=\"2023-05-30T12:10:52Z\" level=warning msg=\"No tagged subnets found; considering all subnets. This is likely to be an error in future versions.\"\n[ci/tests]   | === RUN   TestGetSubnets/success-call-filtered\n[ci/tests]   | === RUN   TestGetSubnets/aws-sdk-failure-describing-subnets\n[ci/tests]   | === RUN   TestGetSubnets/aws-sdk-failure-describing-route-tables\n[ci/tests]   | === RUN   TestGetSubnets/failure-to-map-subnets\n[ci/tests]   | --- PASS: TestGetSubnets (0.00s)\n[ci/tests]   |     --- PASS: TestGetSubnets/success-call-nofilter (0.00s)\n[ci/tests]   |     --- PASS: TestGetSubnets/success-call-filtered (0.00s)\n[ci/tests]   |     --- PASS: TestGetSubnets/aws-sdk-failure-describing-subnets (0.00s)\n[ci/tests]   |     --- PASS: TestGetSubnets/aws-sdk-failure-describing-route-tables (0.00s)\n[ci/tests]   |     --- PASS: TestGetSubnets/failure-to-map-subnets (0.00s)\n[ci/tests]   | === RUN   TestGetInstancesDetailsWithFilters\n[ci/tests]   | === RUN   TestGetInstancesDetailsWithFilters/success-call\n[ci/tests]   | === RUN   TestGetInstancesDetailsWithFilters/success-empty-filters\n[ci/tests]   | === RUN   TestGetInstancesDetailsWithFilters/success-empty-response\n[ci/tests]   | === RUN   TestGetInstancesDetailsWithFilters/aws-api-fail\n[ci/tests]   | --- PASS: TestGetInstancesDetailsWithFilters (0.00s)\n[ci/tests]   |     --- PASS: TestGetInstancesDetailsWithFilters/success-call (0.00s)\n[ci/tests]   |     --- PASS: TestGetInstancesDetailsWithFilters/success-empty-filters (0.00s)\n[ci/tests]   |     --- PASS: TestGetInstancesDetailsWithFilters/success-empty-response (0.00s)\n[ci/tests]   |     --- PASS: TestGetInstancesDetailsWithFilters/aws-api-fail (0.00s)\n[ci/tests]   | === RUN   TestRegisterTargetsOnTargetGroups\n[ci/tests]   | === RUN   TestRegisterTargetsOnTargetGroups/single-target-group\n[ci/tests]   | === RUN   TestRegisterTargetsOnTargetGroups/multiple-target-groups\n[ci/tests]   | === RUN   TestRegisterTargetsOnTargetGroups/empty-input-no-error\n[ci/tests]   | === RUN   TestRegisterTargetsOnTargetGroups/error1\n[ci/tests]   | === RUN   TestRegisterTargetsOnTargetGroups/error2\n[ci/tests]   | --- PASS: TestRegisterTargetsOnTargetGroups (0.00s)\n[ci/tests]   |     --- PASS: TestRegisterTargetsOnTargetGroups/single-target-group (0.00s)\n[ci/tests]   |     --- PASS: TestRegisterTargetsOnTargetGroups/multiple-target-groups (0.00s)\n[ci/tests]   |     --- PASS: TestRegisterTargetsOnTargetGroups/empty-input-no-error (0.00s)\n[ci/tests]   |     --- PASS: TestRegisterTargetsOnTargetGroups/error1 (0.00s)\n[ci/tests]   |     --- PASS: TestRegisterTargetsOnTargetGroups/error2 (0.00s)\n[ci/tests]   | === RUN   TestDeregisterTargetsOnTargetGroups\n[ci/tests]   | === RUN   TestDeregisterTargetsOnTargetGroups/single-target-group\n[ci/tests]   | === RUN   TestDeregisterTargetsOnTargetGroups/multiple-target-groups\n[ci/tests]   | === RUN   TestDeregisterTargetsOnTargetGroups/empty-input-no-error\n[ci/tests]   | === RUN   TestDeregisterTargetsOnTargetGroups/error1\n[ci/tests]   | === RUN   TestDeregisterTargetsOnTargetGroups/error2\n[ci/tests]   | --- PASS: TestDeregisterTargetsOnTargetGroups (0.00s)\n[ci/tests]   |     --- PASS: TestDeregisterTargetsOnTargetGroups/single-target-group (0.00s)\n[ci/tests]   |     --- PASS: TestDeregisterTargetsOnTargetGroups/multiple-target-groups (0.00s)\n[ci/tests]   |     --- PASS: TestDeregisterTargetsOnTargetGroups/empty-input-no-error (0.00s)\n[ci/tests]   |     --- PASS: TestDeregisterTargetsOnTargetGroups/error1 (0.00s)\n[ci/tests]   |     --- PASS: TestDeregisterTargetsOnTargetGroups/error2 (0.00s)\n[ci/tests]   | === RUN   TestIAM\n[ci/tests]   | === RUN   TestIAM/Parse_foobar.de_Certificate\n[ci/tests]   | === RUN   TestIAM/Parse_foobar.de_Certificate_with_a_Chain\n[ci/tests]   | === RUN   TestIAM/Parse_Zalando_Certificate\n[ci/tests]   | --- PASS: TestIAM (0.00s)\n[ci/tests]   |     --- PASS: TestIAM/Parse_foobar.de_Certificate (0.00s)\n[ci/tests]   |     --- PASS: TestIAM/Parse_foobar.de_Certificate_with_a_Chain (0.00s)\n[ci/tests]   |     --- PASS: TestIAM/Parse_Zalando_Certificate (0.00s)\n[ci/tests]   | === RUN   TestIAMParseError\n[ci/tests]   | --- PASS: TestIAMParseError (0.00s)\n[ci/tests]   | === RUN   TestNormalizeStackName\n[ci/tests]   | --- PASS: TestNormalizeStackName (0.00s)\n[ci/tests]   | PASS\n[ci/tests]   | \tgithub.com/zalando-incubator/kube-ingress-aws-controller/aws\tcoverage: 75.7% of statements\n[ci/tests]   | ok  \tgithub.com/zalando-incubator/kube-ingress-aws-controller/aws\t0.475s\tcoverage: 75.7% of statements\n[ci/tests]   | === RUN   TestCachingProvider\n[ci/tests]   | --- PASS: TestCachingProvider (0.00s)\n[ci/tests]   | === RUN   TestFindBestMatchingCertificate\n[ci/tests]   | === RUN   TestFindBestMatchingCertificate/Not_found_best_match\n[ci/tests]   | === RUN   TestFindBestMatchingCertificate/Not_found_wildcard_as_best_match\n[ci/tests]   | === RUN   TestFindBestMatchingCertificate/Not_found_best_match_of_multiple_valid_certs\n[ci/tests]   | === RUN   TestFindBestMatchingCertificate/Not_found_best_match_of_multiple_certs_one_wildcard_valid\n[ci/tests]   | === RUN   TestFindBestMatchingCertificate/Not_found_best_match_of_multiple_certs_one_valid\n[ci/tests]   | === RUN   TestFindBestMatchingCertificate/Found_best_match_for_invalid_hostname\n[ci/tests]   | === RUN   TestFindBestMatchingCertificate/Found_best_match_for_invalid_cert\n[ci/tests]   | === RUN   TestFindBestMatchingCertificate/Found_best_match_for_cert_with_invalid_CA\n[ci/tests]   | === RUN   TestFindBestMatchingCertificate/Found_best_match_for_invalid_wildcardcert\n[ci/tests]   | === RUN   TestFindBestMatchingCertificate/Found_best_match_for_multiple_invalid_certs\n[ci/tests]   | === RUN   TestFindBestMatchingCertificate/Not_found_best_match_of_AlternateName_cert_with_one_valid_and_multiple_invalid_names\n[ci/tests]   | === RUN   TestFindBestMatchingCertificate/Not_found_best_match_of_AlternateName_cert_with_one_valid_wildcard_and_multiple_invalid_names\n[ci/tests]   | === RUN   TestFindBestMatchingCertificate/Not_found_best_match_of_AlternateName_cert_with_multiple_valid_and_multiple_invalid_names\n[ci/tests]   | === RUN   TestFindBestMatchingCertificate/Found_best_match_for_invalid_time_cert_1\n[ci/tests]   | === RUN   TestFindBestMatchingCertificate/Found_best_match_for_invalid_time_cert_2\n[ci/tests]   | === RUN   TestFindBestMatchingCertificate/Found_best_match_for_invalid_time_cert_3\n[ci/tests]   | === RUN   TestFindBestMatchingCertificate/Not_found_best_match_tricky_cert_NotAfter_1_day_compared_to_6_days\n[ci/tests]   | === RUN   TestFindBestMatchingCertificate/Not_found_best_match_tricky_cert_NotAfter_365_days_compared_to_1_day\n[ci/tests]   | === RUN   TestFindBestMatchingCertificate/Not_found_best_match_tricky_cert_NotAfter_365_days_compared_to_6_day\n[ci/tests]   | === RUN   TestFindBestMatchingCertificate/Not_found_best_match_tricky_cert_NotAfter_365_days_compared_to_10_day\n[ci/tests]   | === RUN   TestFindBestMatchingCertificate/Not_found_best_match_(newest_first)_tricky_cert_NotBefore_6_days_compared_to_1_day\n[ci/tests]   | === RUN   TestFindBestMatchingCertificate/Not_found_best_match_(newest_first)_tricky_cert_NotBefore_6_days_compared_to_365_days\n[ci/tests]   | === RUN   TestFindBestMatchingCertificate/Not_found_best_match_(newest_first)_tricky_cert_NotBefore_6_days_compared_to_365_days_another_order_by_cert\n[ci/tests]   | === RUN   TestFindBestMatchingCertificate/Not_found_best_match_(newest_first)_tricky_cert_NotBefore_1_days_compared_to_365_days_and_both_valid_for_1_year\n[ci/tests]   | === RUN   TestFindBestMatchingCertificate/Not_found_best_match_(newest_first)_tricky_cert_NotBefore_6_days_compared_to_365_days_and_both_valid_for_1_year\n[ci/tests]   | === RUN   TestFindBestMatchingCertificate/Not_found_best_match_(newest_first)_tricky_cert_NotBefore/NotAfter_6d/1y_compared_to_1d/10d\n[ci/tests]   | === RUN   TestFindBestMatchingCertificate/Not_found_best_match_(newer_first)_tricky_cert_NotBefore/NotAfter_1d/7d1s_compared_to_6d/10d\n[ci/tests]   | === RUN   TestFindBestMatchingCertificate/Not_found_best_match_(longer_first)_tricky_cert_NotBefore/NotAfter_6d/6d_compared_to_6d/1y\n[ci/tests]   | === RUN   TestFindBestMatchingCertificate/Not_found_best_match_(longer_first)_tricky_cert_NotBefore/NotAfter_1d/6d_compared_to_6d/10d\n[ci/tests]   | === RUN   TestFindBestMatchingCertificate/Not_found_best_match_(longer_first)_tricky_cert_NotBefore/NotAfter_6d/10d_compared_to_1d/7d-1s\n[ci/tests]   | --- PASS: TestFindBestMatchingCertificate (18.98s)\n[ci/tests]   |     --- PASS: TestFindBestMatchingCertificate/Not_found_best_match (0.01s)\n[ci/tests]   |     --- PASS: TestFindBestMatchingCertificate/Not_found_wildcard_as_best_match (0.01s)\n[ci/tests]   |     --- PASS: TestFindBestMatchingCertificate/Not_found_best_match_of_multiple_valid_certs (0.01s)\n[ci/tests]   |     --- PASS: TestFindBestMatchingCertificate/Not_found_best_match_of_multiple_certs_one_wildcard_valid (0.01s)\n[ci/tests]   |     --- PASS: TestFindBestMatchingCertificate/Not_found_best_match_of_multiple_certs_one_valid (0.01s)\n[ci/tests]   |     --- PASS: TestFindBestMatchingCertificate/Found_best_match_for_invalid_hostname (0.00s)\n[ci/tests]   |     --- PASS: TestFindBestMatchingCertificate/Found_best_match_for_invalid_cert (0.00s)\n[ci/tests]   |     --- PASS: TestFindBestMatchingCertificate/Found_best_match_for_cert_with_invalid_CA (0.09s)\n[ci/tests]   |     --- PASS: TestFindBestMatchingCertificate/Found_best_match_for_invalid_wildcardcert (0.00s)\n[ci/tests]   |     --- PASS: TestFindBestMatchingCertificate/Found_best_match_for_multiple_invalid_certs (0.00s)\n[ci/tests]   |     --- PASS: TestFindBestMatchingCertificate/Not_found_best_match_of_AlternateName_cert_with_one_valid_and_multiple_invalid_names (0.01s)\n[ci/tests]   |     --- PASS: TestFindBestMatchingCertificate/Not_found_best_match_of_AlternateName_cert_with_one_valid_wildcard_and_multiple_invalid_names (0.01s)\n[ci/tests]   |     --- PASS: TestFindBestMatchingCertificate/Not_found_best_match_of_AlternateName_cert_with_multiple_valid_and_multiple_invalid_names (0.01s)\n[ci/tests]   |     --- PASS: TestFindBestMatchingCertificate/Found_best_match_for_invalid_time_cert_1 (0.00s)\n[ci/tests]   |     --- PASS: TestFindBestMatchingCertificate/Found_best_match_for_invalid_time_cert_2 (0.00s)\n[ci/tests]   |     --- PASS: TestFindBestMatchingCertificate/Found_best_match_for_invalid_time_cert_3 (0.00s)\n[ci/tests]   |     --- PASS: TestFindBestMatchingCertificate/Not_found_best_match_tricky_cert_NotAfter_1_day_compared_to_6_days (0.02s)\n[ci/tests]   |     --- PASS: TestFindBestMatchingCertificate/Not_found_best_match_tricky_cert_NotAfter_365_days_compared_to_1_day (0.01s)\n[ci/tests]   |     --- PASS: TestFindBestMatchingCertificate/Not_found_best_match_tricky_cert_NotAfter_365_days_compared_to_6_day (0.01s)\n[ci/tests]   |     --- PASS: TestFindBestMatchingCertificate/Not_found_best_match_tricky_cert_NotAfter_365_days_compared_to_10_day (0.01s)\n[ci/tests]   |     --- PASS: TestFindBestMatchingCertificate/Not_found_best_match_(newest_first)_tricky_cert_NotBefore_6_days_compared_to_1_day (0.01s)\n[ci/tests]   |     --- PASS: TestFindBestMatchingCertificate/Not_found_best_match_(newest_first)_tricky_cert_NotBefore_6_days_compared_to_365_days (0.01s)\n[ci/tests]   |     --- PASS: TestFindBestMatchingCertificate/Not_found_best_match_(newest_first)_tricky_cert_NotBefore_6_days_compared_to_365_days_another_order_by_cert (0.01s)\n[ci/tests]   |     --- PASS: TestFindBestMatchingCertificate/Not_found_best_match_(newest_first)_tricky_cert_NotBefore_1_days_compared_to_365_days_and_both_valid_for_1_year (0.01s)\n[ci/tests]   |     --- PASS: TestFindBestMatchingCertificate/Not_found_best_match_(newest_first)_tricky_cert_NotBefore_6_days_compared_to_365_days_and_both_valid_for_1_year (0.01s)\n[ci/tests]   |     --- PASS: TestFindBestMatchingCertificate/Not_found_best_match_(newest_first)_tricky_cert_NotBefore/NotAfter_6d/1y_compared_to_1d/10d (0.01s)\n[ci/tests]   |     --- PASS: TestFindBestMatchingCertificate/Not_found_best_match_(newer_first)_tricky_cert_NotBefore/NotAfter_1d/7d1s_compared_to_6d/10d (0.01s)\n[ci/tests]   |     --- PASS: TestFindBestMatchingCertificate/Not_found_best_match_(longer_first)_tricky_cert_NotBefore/NotAfter_6d/6d_compared_to_6d/1y (0.01s)\n[ci/tests]   |     --- PASS: TestFindBestMatchingCertificate/Not_found_best_match_(longer_first)_tricky_cert_NotBefore/NotAfter_1d/6d_compared_to_6d/10d (0.01s)\n[ci/tests]   |     --- PASS: TestFindBestMatchingCertificate/Not_found_best_match_(longer_first)_tricky_cert_NotBefore/NotAfter_6d/10d_compared_to_1d/7d-1s (0.01s)\n[ci/tests]   | === RUN   TestGlob\n[ci/tests]   | === RUN   TestGlob/Not_found_exact_match\n[ci/tests]   | === RUN   TestGlob/Not_found_simple_glob\n[ci/tests]   | === RUN   TestGlob/Not_found_simple_match\n[ci/tests]   | === RUN   TestGlob/Found_wrong_simple_match_prefix\n[ci/tests]   | === RUN   TestGlob/Found_wrong_simple_match_suffix\n[ci/tests]   | === RUN   TestGlob/Found_wrong_complex_match\n[ci/tests]   | --- PASS: TestGlob (0.00s)\n[ci/tests]   |     --- PASS: TestGlob/Not_found_exact_match (0.00s)\n[ci/tests]   |     --- PASS: TestGlob/Not_found_simple_glob (0.00s)\n[ci/tests]   |     --- PASS: TestGlob/Not_found_simple_match (0.00s)\n[ci/tests]   |     --- PASS: TestGlob/Found_wrong_simple_match_prefix (0.00s)\n[ci/tests]   |     --- PASS: TestGlob/Found_wrong_simple_match_suffix (0.00s)\n[ci/tests]   |     --- PASS: TestGlob/Found_wrong_complex_match (0.00s)\n[ci/tests]   | PASS\n[ci/tests]   | \tgithub.com/zalando-incubator/kube-ingress-aws-controller/certs\tcoverage: 83.3% of statements\n[ci/tests]   | ok  \tgithub.com/zalando-incubator/kube-ingress-aws-controller/certs\t19.059s\tcoverage: 83.3% of statements\n[ci/tests]   | === RUN   TestNewIngressFromKube\n[ci/tests]   | === RUN   TestNewIngressFromKube/test_parsing_a_simple_ingress_object\n[ci/tests]   | === RUN   TestNewIngressFromKube/test_parsing_an_ingress_object_with_cluster.local_domain\n[ci/tests]   | === RUN   TestNewIngressFromKube/test_parsing_an_ingress_object_with_shared=false,h2-enabled=false_annotations\n[ci/tests]   | === RUN   TestNewIngressFromKube/test_parsing_an_ingress_object_with_dualstack_annotation\n[ci/tests]   | === RUN   TestNewIngressFromKube/test_default_NLB_without_annotations\n[ci/tests]   | === RUN   TestNewIngressFromKube/test_default_NLB_with_security_group_fallbacks_to_ALB\n[ci/tests]   | === RUN   TestNewIngressFromKube/test_default_NLB_with_internal_annotations_fallbacks_to_ALB\n[ci/tests]   | === RUN   TestNewIngressFromKube/test_default_ALB_with_lb_type_annotation_nlb_and_internal_annotation_uses_NLB\n[ci/tests]   | === RUN   TestNewIngressFromKube/test_default_NLB_with_WAF_fallbacks_to_ALB\n[ci/tests]   | === RUN   TestNewIngressFromKube/test_explicitly_configured_NLB_with_security_group_raises_error\n[ci/tests]   | === RUN   TestNewIngressFromKube/test_explicitly_configured_NLB_with_WAF_raises_error\n[ci/tests]   | --- PASS: TestNewIngressFromKube (0.00s)\n[ci/tests]   |     --- PASS: TestNewIngressFromKube/test_parsing_a_simple_ingress_object (0.00s)\n[ci/tests]   |     --- PASS: TestNewIngressFromKube/test_parsing_an_ingress_object_with_cluster.local_domain (0.00s)\n[ci/tests]   |     --- PASS: TestNewIngressFromKube/test_parsing_an_ingress_object_with_shared=false,h2-enabled=false_annotations (0.00s)\n[ci/tests]   |     --- PASS: TestNewIngressFromKube/test_parsing_an_ingress_object_with_dualstack_annotation (0.00s)\n[ci/tests]   |     --- PASS: TestNewIngressFromKube/test_default_NLB_without_annotations (0.00s)\n[ci/tests]   |     --- PASS: TestNewIngressFromKube/test_default_NLB_with_security_group_fallbacks_to_ALB (0.00s)\n[ci/tests]   |     --- PASS: TestNewIngressFromKube/test_default_NLB_with_internal_annotations_fallbacks_to_ALB (0.00s)\n[ci/tests]   |     --- PASS: TestNewIngressFromKube/test_default_ALB_with_lb_type_annotation_nlb_and_internal_annotation_uses_NLB (0.00s)\n[ci/tests]   |     --- PASS: TestNewIngressFromKube/test_default_NLB_with_WAF_fallbacks_to_ALB (0.00s)\n[ci/tests]   |     --- PASS: TestNewIngressFromKube/test_explicitly_configured_NLB_with_security_group_raises_error (0.00s)\n[ci/tests]   |     --- PASS: TestNewIngressFromKube/test_explicitly_configured_NLB_with_WAF_raises_error (0.00s)\n[ci/tests]   | === RUN   TestInsecureConfig\n[ci/tests]   | --- PASS: TestInsecureConfig (0.00s)\n[ci/tests]   | === RUN   TestListIngress\n[ci/tests]   | --- PASS: TestListIngress (0.00s)\n[ci/tests]   | === RUN   TestAdapterUpdateIngressLoadBalancer\n[ci/tests]   | --- PASS: TestAdapterUpdateIngressLoadBalancer (0.00s)\n[ci/tests]   | === RUN   TestUpdateRouteGroupLoadBalancer\n[ci/tests]   | --- PASS: TestUpdateRouteGroupLoadBalancer (0.00s)\n[ci/tests]   | === RUN   TestBrokenConfig\n[ci/tests]   | === RUN   TestBrokenConfig/<nil>\n[ci/tests]   | === RUN   TestBrokenConfig/&{_<nil>_{}_false__0s}\n[ci/tests]   | === RUN   TestBrokenConfig/&{dontcare_<nil>_{missing}_false__0s}\n[ci/tests]   | === RUN   TestBrokenConfig/&{dontcare_<nil>_{testdata/broken.pem}_false__0s}\n[ci/tests]   | --- PASS: TestBrokenConfig (0.00s)\n[ci/tests]   |     --- PASS: TestBrokenConfig/<nil> (0.00s)\n[ci/tests]   |     --- PASS: TestBrokenConfig/&{_<nil>_{}_false__0s} (0.00s)\n[ci/tests]   |     --- PASS: TestBrokenConfig/&{dontcare_<nil>_{missing}_false__0s} (0.00s)\n[ci/tests]   |     --- PASS: TestBrokenConfig/&{dontcare_<nil>_{testdata/broken.pem}_false__0s} (0.00s)\n[ci/tests]   | === RUN   TestAdapter_GetConfigMap\n[ci/tests]   | --- PASS: TestAdapter_GetConfigMap (0.00s)\n[ci/tests]   | === RUN   TestListIngressFilterClass\n[ci/tests]   | === RUN   TestListIngressFilterClass/singleIngressClass1\n[ci/tests]   | === RUN   TestListIngressFilterClass/singleIngressClass2\n[ci/tests]   | === RUN   TestListIngressFilterClass/multipleIngressClassOnlySpec\n[ci/tests]   | === RUN   TestListIngressFilterClass/emptyIngressClassFilters\n[ci/tests]   | === RUN   TestListIngressFilterClass/emptyIngressClassFilters2\n[ci/tests]   | === RUN   TestListIngressFilterClass/multipleIngressClass\n[ci/tests]   | === RUN   TestListIngressFilterClass/multipleIngressClassWithDefault\n[ci/tests]   | === RUN   TestListIngressFilterClass/multipleIngressClassWithDefault2\n[ci/tests]   | === RUN   TestListIngressFilterClass/multipleIngressClassMixedAnnotationAndSpec\n[ci/tests]   | === RUN   TestListIngressFilterClass/multipleIngressIgnoreAnnotationIfClassIsSet\n[ci/tests]   | --- PASS: TestListIngressFilterClass (0.02s)\n[ci/tests]   |     --- PASS: TestListIngressFilterClass/singleIngressClass1 (0.00s)\n[ci/tests]   |     --- PASS: TestListIngressFilterClass/singleIngressClass2 (0.00s)\n[ci/tests]   |     --- PASS: TestListIngressFilterClass/multipleIngressClassOnlySpec (0.00s)\n[ci/tests]   |     --- PASS: TestListIngressFilterClass/emptyIngressClassFilters (0.00s)\n[ci/tests]   |     --- PASS: TestListIngressFilterClass/emptyIngressClassFilters2 (0.00s)\n[ci/tests]   |     --- PASS: TestListIngressFilterClass/multipleIngressClass (0.00s)\n[ci/tests]   |     --- PASS: TestListIngressFilterClass/multipleIngressClassWithDefault (0.00s)\n[ci/tests]   |     --- PASS: TestListIngressFilterClass/multipleIngressClassWithDefault2 (0.00s)\n[ci/tests]   |     --- PASS: TestListIngressFilterClass/multipleIngressClassMixedAnnotationAndSpec (0.00s)\n[ci/tests]   |     --- PASS: TestListIngressFilterClass/multipleIngressIgnoreAnnotationIfClassIsSet (0.00s)\n[ci/tests]   | === RUN   TestWithTargetCNIPodSelector\n[ci/tests]   | === RUN   TestWithTargetCNIPodSelector/WithTargetCNIPodSelector_sets_the_targetPort_property\n[ci/tests]   | --- PASS: TestWithTargetCNIPodSelector (0.00s)\n[ci/tests]   |     --- PASS: TestWithTargetCNIPodSelector/WithTargetCNIPodSelector_sets_the_targetPort_property (0.00s)\n[ci/tests]   | === RUN   TestClientGet\n[ci/tests]   | === RUN   TestClientGet/200/foo\n[ci/tests]   | === RUN   TestClientGet/404/bar\n[ci/tests]   | === RUN   TestClientGet/500/zbr\n[ci/tests]   | === RUN   TestClientGet/200/fail\n[ci/tests]   | --- PASS: TestClientGet (0.01s)\n[ci/tests]   |     --- PASS: TestClientGet/200/foo (0.00s)\n[ci/tests]   |     --- PASS: TestClientGet/404/bar (0.00s)\n[ci/tests]   |     --- PASS: TestClientGet/500/zbr (0.00s)\n[ci/tests]   |     --- PASS: TestClientGet/200/fail (0.00s)\n[ci/tests]   | === RUN   TestClientPatch\n[ci/tests]   | === RUN   TestClientPatch/200/foo\n[ci/tests]   | === RUN   TestClientPatch/404/bar\n[ci/tests]   | === RUN   TestClientPatch/500/zbr\n[ci/tests]   | === RUN   TestClientPatch/200/fail\n[ci/tests]   | --- PASS: TestClientPatch (0.01s)\n[ci/tests]   |     --- PASS: TestClientPatch/200/foo (0.00s)\n[ci/tests]   |     --- PASS: TestClientPatch/404/bar (0.00s)\n[ci/tests]   |     --- PASS: TestClientPatch/500/zbr (0.00s)\n[ci/tests]   |     --- PASS: TestClientPatch/200/fail (0.00s)\n[ci/tests]   | === RUN   TestTLS\n[ci/tests]   | --- PASS: TestTLS (0.06s)\n[ci/tests]   | === RUN   TestGetConfigMap\n[ci/tests]   | --- PASS: TestGetConfigMap (0.00s)\n[ci/tests]   | === RUN   TestGetConfigMapFailureScenarios\n[ci/tests]   | === RUN   TestGetConfigMapFailureScenarios/500\n[ci/tests]   | === RUN   TestGetConfigMapFailureScenarios/200\n[ci/tests]   | --- PASS: TestGetConfigMapFailureScenarios (0.01s)\n[ci/tests]   |     --- PASS: TestGetConfigMapFailureScenarios/500 (0.00s)\n[ci/tests]   |     --- PASS: TestGetConfigMapFailureScenarios/200 (0.00s)\n[ci/tests]   | === RUN   TestInClusterConfig\n[ci/tests]   | === RUN   TestInClusterConfig/localhost/8001/testdata/\n[ci/tests]   | time=\"2023-05-30T12:10:52Z\" level=info msg=\"Added secret file: testdata/token\"\n[ci/tests]   | === RUN   TestInClusterConfig//8001/testdata/\n[ci/tests]   | === RUN   TestInClusterConfig/localhost//testdata/\n[ci/tests]   | === RUN   TestInClusterConfig/localhost/8001/testdata/missing/\n[ci/tests]   | === RUN   TestInClusterConfig/localhost/8001/testdata/missingca/\n[ci/tests]   | time=\"2023-05-30T12:10:52Z\" level=info msg=\"Added secret file: testdata/missingca/token\"\n[ci/tests]   | === RUN   TestInClusterConfig///\n[ci/tests]   | --- PASS: TestInClusterConfig (0.00s)\n[ci/tests]   |     --- PASS: TestInClusterConfig/localhost/8001/testdata/ (0.00s)\n[ci/tests]   |     --- PASS: TestInClusterConfig//8001/testdata/ (0.00s)\n[ci/tests]   |     --- PASS: TestInClusterConfig/localhost//testdata/ (0.00s)\n[ci/tests]   |     --- PASS: TestInClusterConfig/localhost/8001/testdata/missing/ (0.00s)\n[ci/tests]   |     --- PASS: TestInClusterConfig/localhost/8001/testdata/missingca/ (0.00s)\n[ci/tests]   |     --- PASS: TestInClusterConfig/// (0.00s)\n[ci/tests]   | === RUN   TestWellKnownServiceAccountLocation\n[ci/tests]   | --- PASS: TestWellKnownServiceAccountLocation (0.00s)\n[ci/tests]   | === RUN   TestListIngresses\n[ci/tests]   | --- PASS: TestListIngresses (0.00s)\n[ci/tests]   | === RUN   TestListIngressesV1\n[ci/tests]   | --- PASS: TestListIngressesV1 (0.01s)\n[ci/tests]   | === RUN   TestListIngressFailureScenarios\n[ci/tests]   | === RUN   TestListIngressFailureScenarios/500\n[ci/tests]   | === RUN   TestListIngressFailureScenarios/200\n[ci/tests]   | --- PASS: TestListIngressFailureScenarios (0.01s)\n[ci/tests]   |     --- PASS: TestListIngressFailureScenarios/500 (0.00s)\n[ci/tests]   |     --- PASS: TestListIngressFailureScenarios/200 (0.00s)\n[ci/tests]   | === RUN   TestUpdateIngressLoadBalancer\n[ci/tests]   | --- PASS: TestUpdateIngressLoadBalancer (0.00s)\n[ci/tests]   | === RUN   TestUpdateIngressFailureScenarios\n[ci/tests]   | === RUN   TestUpdateIngressFailureScenarios/example.org/<missing>\n[ci/tests]   | --- PASS: TestUpdateIngressFailureScenarios (0.00s)\n[ci/tests]   |     --- PASS: TestUpdateIngressFailureScenarios/example.org/<missing> (0.00s)\n[ci/tests]   | === RUN   TestAnnotationsFallback\n[ci/tests]   | === RUN   TestAnnotationsFallback/foo/bar/zbr\n[ci/tests]   | === RUN   TestAnnotationsFallback/missing/fallback/fallback\n[ci/tests]   | --- PASS: TestAnnotationsFallback (0.00s)\n[ci/tests]   |     --- PASS: TestAnnotationsFallback/foo/bar/zbr (0.00s)\n[ci/tests]   |     --- PASS: TestAnnotationsFallback/missing/fallback/fallback (0.00s)\n[ci/tests]   | === RUN   TestParseResourceLocation\n[ci/tests]   | === RUN   TestParseResourceLocation/empty_string\n[ci/tests]   | === RUN   TestParseResourceLocation/missing_namespace\n[ci/tests]   | === RUN   TestParseResourceLocation/missing_name\n[ci/tests]   | === RUN   TestParseResourceLocation/valid_resource_location\n[ci/tests]   | --- PASS: TestParseResourceLocation (0.00s)\n[ci/tests]   |     --- PASS: TestParseResourceLocation/empty_string (0.00s)\n[ci/tests]   |     --- PASS: TestParseResourceLocation/missing_namespace (0.00s)\n[ci/tests]   |     --- PASS: TestParseResourceLocation/missing_name (0.00s)\n[ci/tests]   |     --- PASS: TestParseResourceLocation/valid_resource_location (0.00s)\n[ci/tests]   | === RUN   TestListRoutegroups\n[ci/tests]   | --- PASS: TestListRoutegroups (0.00s)\n[ci/tests]   | === RUN   TestListRoutegroupFailureScenarios\n[ci/tests]   | === RUN   TestListRoutegroupFailureScenarios/500\n[ci/tests]   | === RUN   TestListRoutegroupFailureScenarios/200\n[ci/tests]   | --- PASS: TestListRoutegroupFailureScenarios (0.01s)\n[ci/tests]   |     --- PASS: TestListRoutegroupFailureScenarios/500 (0.00s)\n[ci/tests]   |     --- PASS: TestListRoutegroupFailureScenarios/200 (0.00s)\n[ci/tests]   | === RUN   TestUpdateRoutegroupLoadBalancer\n[ci/tests]   | --- PASS: TestUpdateRoutegroupLoadBalancer (0.00s)\n[ci/tests]   | === RUN   TestUpdateRoutegroupFailureScenarios\n[ci/tests]   | === RUN   TestUpdateRoutegroupFailureScenarios/example.org/<missing>\n[ci/tests]   | --- PASS: TestUpdateRoutegroupFailureScenarios (0.00s)\n[ci/tests]   |     --- PASS: TestUpdateRoutegroupFailureScenarios/example.org/<missing> (0.00s)\n[ci/tests]   | === RUN   TestRouteGroupAnnotationsFallback\n[ci/tests]   | === RUN   TestRouteGroupAnnotationsFallback/foo/bar/zbr\n[ci/tests]   | === RUN   TestRouteGroupAnnotationsFallback/missing/fallback/fallback\n[ci/tests]   | --- PASS: TestRouteGroupAnnotationsFallback (0.00s)\n[ci/tests]   |     --- PASS: TestRouteGroupAnnotationsFallback/foo/bar/zbr (0.00s)\n[ci/tests]   |     --- PASS: TestRouteGroupAnnotationsFallback/missing/fallback/fallback (0.00s)\n[ci/tests]   | PASS\n[ci/tests]   | \tgithub.com/zalando-incubator/kube-ingress-aws-controller/kubernetes\tcoverage: 73.7% of statements\n[ci/tests]   | ok  \tgithub.com/zalando-incubator/kube-ingress-aws-controller/kubernetes\t0.277s\tcoverage: 73.7% of statements\n[ci/tests]   \u2705  Success - Main make test\n[ci/tests] \u2b50 Run Main make lint\n[ci/tests]   \ud83d\udc33  docker exec cmd=[bash --noprofile --norc -e -o pipefail /var/run/act/workflow/6] user= workdir=\n[ci/tests]   | golangci-lint run --timeout 5m ./...\n[ci/tests]   | level=warning msg=\"[runner] The linter 'varcheck' is deprecated (since v1.49.0) due to: The owner seems to have abandoned the linter. Replaced by unused.\"\n[ci/tests]   | level=warning msg=\"[runner] The linter 'deadcode' is deprecated (since v1.49.0) due to: The owner seems to have abandoned the linter. Replaced by unused.\"\n[ci/tests]   \u2705  Success - Main make lint\n[ci/tests] \u2b50 Run Main goveralls -coverprofile=profile.cov -service=github\n[ci/tests]   \ud83d\udc33  docker exec cmd=[bash --noprofile --norc -e -o pipefail /var/run/act/workflow/7] user= workdir=\n[ci/tests]   | bad response status from coveralls: 422\n[ci/tests]   | {\"message\":\"Couldn't find a repository matching this job.\",\"error\":true}\n[ci/tests]   \u274c  Failure - Main goveralls -coverprofile=profile.cov -service=github\n[ci/tests] exitcode '1': failure\n[ci/tests] \ud83c\udfc1  Job failed\n",
    "actions_stderr": "Error: Job 'tests' failed\n"
}