{
    "repository": "AdoptOpenJDK/jitwatch",
    "stars": 2892,
    "language": "java",
    "size": 5355,
    "clone_url": "https://github.com/AdoptOpenJDK/jitwatch.git",
    "timestamp": "2023-06-29T10:57:00.779472Z",
    "clone_success": true,
    "number_of_actions": 1,
    "number_of_test_actions": 1,
    "actions_successful": true,
    "actions_build_tools": [
        "maven"
    ],
    "actions_test_build_tools": [
        "maven"
    ],
    "actions_run": {
        "failed": false,
        "tests": [],
        "stdout": "[bf14cc9f-f483-427a-bb73-6985a111f550/Test JDK 11, ubuntu-latest] \ud83d\ude80  Start image=crawlergpt:latest\n[bf14cc9f-f483-427a-bb73-6985a111f550/Test JDK 11, ubuntu-latest]   \ud83d\udc33  docker pull image=crawlergpt:latest platform= username= forcePull=false\n[bf14cc9f-f483-427a-bb73-6985a111f550/Test JDK 11, ubuntu-latest]   \ud83d\udc33  docker create image=crawlergpt:latest platform= entrypoint=[\"tail\" \"-f\" \"/dev/null\"] cmd=[]\n[bf14cc9f-f483-427a-bb73-6985a111f550/Test JDK 11, ubuntu-latest]   \ud83d\udc33  docker run image=crawlergpt:latest platform= entrypoint=[\"tail\" \"-f\" \"/dev/null\"] cmd=[]\n[bf14cc9f-f483-427a-bb73-6985a111f550/Test JDK 11, ubuntu-latest]   \ud83d\udc33  docker exec cmd=[chown -R 1012:1013 /tmp/3d783ea4-1661-11ee-8a50-bb14de238602/AdoptOpenJDK-jitwatch] user=0 workdir=\n[bf14cc9f-f483-427a-bb73-6985a111f550/Test JDK 11, ubuntu-latest]   \u2601  git clone 'https://github.com/actions/setup-java' # ref=v1\n[bf14cc9f-f483-427a-bb73-6985a111f550/Test JDK 11, ubuntu-latest] \ud83e\uddea  Matrix: map[java:11 os:ubuntu-latest]\n[bf14cc9f-f483-427a-bb73-6985a111f550/Test JDK 11, ubuntu-latest] \u2b50 Run Main actions/checkout@v1\n[bf14cc9f-f483-427a-bb73-6985a111f550/Test JDK 11, ubuntu-latest]   \u2705  Success - Main actions/checkout@v1\n[bf14cc9f-f483-427a-bb73-6985a111f550/Test JDK 11, ubuntu-latest] \u2b50 Run Main Set up JDK\n[bf14cc9f-f483-427a-bb73-6985a111f550/Test JDK 11, ubuntu-latest]   \ud83d\udc33  docker cp src=/tmp/act-cache/580f35c9-2c7a-4ed9-a2b8-3ffff23891e1/act/actions-setup-java@v1/ dst=/var/run/act/actions/actions-setup-java@v1/\n[bf14cc9f-f483-427a-bb73-6985a111f550/Test JDK 11, ubuntu-latest]   \ud83d\udc33  docker exec cmd=[chown -R 1012:1013 /var/run/act/actions/actions-setup-java@v1/] user=0 workdir=\n[bf14cc9f-f483-427a-bb73-6985a111f550/Test JDK 11, ubuntu-latest]   \ud83d\udc33  docker exec cmd=[node /var/run/act/actions/actions-setup-java@v1/dist/setup/index.js] user= workdir=\n[bf14cc9f-f483-427a-bb73-6985a111f550/Test JDK 11, ubuntu-latest]   \ud83d\udcac  ::debug::isExplicit: \n[bf14cc9f-f483-427a-bb73-6985a111f550/Test JDK 11, ubuntu-latest]   \ud83d\udcac  ::debug::explicit? false\n[bf14cc9f-f483-427a-bb73-6985a111f550/Test JDK 11, ubuntu-latest]   \ud83d\udcac  ::debug::evaluating 0 versions\n[bf14cc9f-f483-427a-bb73-6985a111f550/Test JDK 11, ubuntu-latest]   \ud83d\udcac  ::debug::match not found\n[bf14cc9f-f483-427a-bb73-6985a111f550/Test JDK 11, ubuntu-latest]   \ud83d\udcac  ::debug::Downloading JDK from Azul\n[bf14cc9f-f483-427a-bb73-6985a111f550/Test JDK 11, ubuntu-latest]   \ud83d\udcac  ::debug::Searching for files with extension: -linux_x64.tar.gz\n[bf14cc9f-f483-427a-bb73-6985a111f550/Test JDK 11, ubuntu-latest]   \ud83d\udcac  ::debug::Downloading https://static.azul.com/zulu/bin/zulu11.64.19-ca-jdk11.0.19-linux_x64.tar.gz\n[bf14cc9f-f483-427a-bb73-6985a111f550/Test JDK 11, ubuntu-latest]   \ud83d\udcac  ::debug::Downloading /tmp/8156cc6d-b960-4908-a3ab-4f65806b6e74\n[bf14cc9f-f483-427a-bb73-6985a111f550/Test JDK 11, ubuntu-latest]   \ud83d\udcac  ::debug::download complete\n[bf14cc9f-f483-427a-bb73-6985a111f550/Test JDK 11, ubuntu-latest]   | [command]/usr/bin/tar --version\n[bf14cc9f-f483-427a-bb73-6985a111f550/Test JDK 11, ubuntu-latest]   | tar (GNU tar) 1.30\n[bf14cc9f-f483-427a-bb73-6985a111f550/Test JDK 11, ubuntu-latest]   | Copyright (C) 2017 Free Software Foundation, Inc.\n[bf14cc9f-f483-427a-bb73-6985a111f550/Test JDK 11, ubuntu-latest]   | License GPLv3+: GNU GPL version 3 or later <https://gnu.org/licenses/gpl.html>.\n[bf14cc9f-f483-427a-bb73-6985a111f550/Test JDK 11, ubuntu-latest]   | This is free software: you are free to change and redistribute it.\n[bf14cc9f-f483-427a-bb73-6985a111f550/Test JDK 11, ubuntu-latest]   | There is NO WARRANTY, to the extent permitted by law.\n[bf14cc9f-f483-427a-bb73-6985a111f550/Test JDK 11, ubuntu-latest]   | \n[bf14cc9f-f483-427a-bb73-6985a111f550/Test JDK 11, ubuntu-latest]   | Written by John Gilmore and Jay Fenlason.\n[bf14cc9f-f483-427a-bb73-6985a111f550/Test JDK 11, ubuntu-latest]   | [command]/usr/bin/tar xz --warning=no-unknown-keyword -C /tmp/temp_1952004858 -f /tmp/8156cc6d-b960-4908-a3ab-4f65806b6e74\n[bf14cc9f-f483-427a-bb73-6985a111f550/Test JDK 11, ubuntu-latest]   \ud83d\udcac  ::debug::jdk extracted to /tmp/temp_1952004858/zulu11.64.19-ca-jdk11.0.19-linux_x64\n[bf14cc9f-f483-427a-bb73-6985a111f550/Test JDK 11, ubuntu-latest]   \ud83d\udcac  ::debug::Caching tool jdk 11.0.19 x64\n[bf14cc9f-f483-427a-bb73-6985a111f550/Test JDK 11, ubuntu-latest]   \ud83d\udcac  ::debug::source dir: /tmp/temp_1952004858/zulu11.64.19-ca-jdk11.0.19-linux_x64\n[bf14cc9f-f483-427a-bb73-6985a111f550/Test JDK 11, ubuntu-latest]   \ud83d\udcac  ::debug::destination /opt/hostedtoolcache/jdk/11.0.19/x64\n[bf14cc9f-f483-427a-bb73-6985a111f550/Test JDK 11, ubuntu-latest]   \ud83d\udcac  ::debug::finished caching tool\n[bf14cc9f-f483-427a-bb73-6985a111f550/Test JDK 11, ubuntu-latest]   \u2753 add-matcher /run/act/actions/actions-setup-java@v1/.github/java.json\n[bf14cc9f-f483-427a-bb73-6985a111f550/Test JDK 11, ubuntu-latest]   | creating settings.xml with server-id: github; environment variables: username=$GITHUB_ACTOR, password=$GITHUB_TOKEN, and gpg-passphrase=null\n[bf14cc9f-f483-427a-bb73-6985a111f550/Test JDK 11, ubuntu-latest]   \ud83d\udcac  ::debug::created directory /home/runneradmin/.m2\n[bf14cc9f-f483-427a-bb73-6985a111f550/Test JDK 11, ubuntu-latest]   | writing /home/runneradmin/.m2/settings.xml\n[bf14cc9f-f483-427a-bb73-6985a111f550/Test JDK 11, ubuntu-latest]   \u2705  Success - Main Set up JDK\n[bf14cc9f-f483-427a-bb73-6985a111f550/Test JDK 11, ubuntu-latest]   \u2699  ::set-env:: JAVA_HOME_11.0.19_x64=/opt/hostedtoolcache/jdk/11.0.19/x64\n[bf14cc9f-f483-427a-bb73-6985a111f550/Test JDK 11, ubuntu-latest]   \u2699  ::set-env:: JAVA_HOME=/opt/hostedtoolcache/jdk/11.0.19/x64\n[bf14cc9f-f483-427a-bb73-6985a111f550/Test JDK 11, ubuntu-latest]   \u2699  ::set-env:: JAVA_HOME_11_0_19_X64=/opt/hostedtoolcache/jdk/11.0.19/x64\n[bf14cc9f-f483-427a-bb73-6985a111f550/Test JDK 11, ubuntu-latest]   \u2699  ::set-output:: path=/opt/hostedtoolcache/jdk/11.0.19/x64\n[bf14cc9f-f483-427a-bb73-6985a111f550/Test JDK 11, ubuntu-latest]   \u2699  ::set-output:: version=11.0.19\n[bf14cc9f-f483-427a-bb73-6985a111f550/Test JDK 11, ubuntu-latest]   \u2699  ::add-path:: /opt/hostedtoolcache/jdk/11.0.19/x64/bin\n[bf14cc9f-f483-427a-bb73-6985a111f550/Test JDK 11, ubuntu-latest] \u2b50 Run Main Test with Maven\n[bf14cc9f-f483-427a-bb73-6985a111f550/Test JDK 11, ubuntu-latest]   \ud83d\udc33  docker exec cmd=[bash --noprofile --norc -e -o pipefail /var/run/act/workflow/2] user= workdir=\n[bf14cc9f-f483-427a-bb73-6985a111f550/Test JDK 11, ubuntu-latest]   | [INFO] Scanning for projects...\n[bf14cc9f-f483-427a-bb73-6985a111f550/Test JDK 11, ubuntu-latest]   | [INFO] ------------------------------------------------------------------------\n[bf14cc9f-f483-427a-bb73-6985a111f550/Test JDK 11, ubuntu-latest]   | [INFO] Reactor Build Order:\n[bf14cc9f-f483-427a-bb73-6985a111f550/Test JDK 11, ubuntu-latest]   | [INFO] \n[bf14cc9f-f483-427a-bb73-6985a111f550/Test JDK 11, ubuntu-latest]   | [INFO] JITWatch Parent                                                    [pom]\n[bf14cc9f-f483-427a-bb73-6985a111f550/Test JDK 11, ubuntu-latest]   | [INFO] JITWatch Core                                                      [jar]\n[bf14cc9f-f483-427a-bb73-6985a111f550/Test JDK 11, ubuntu-latest]   | [INFO] JITWatch UI                                                        [jar]\n[bf14cc9f-f483-427a-bb73-6985a111f550/Test JDK 11, ubuntu-latest]   | [INFO] \n[bf14cc9f-f483-427a-bb73-6985a111f550/Test JDK 11, ubuntu-latest]   | [INFO] ------------------< com.chrisnewland:jitwatch-parent >------------------\n[bf14cc9f-f483-427a-bb73-6985a111f550/Test JDK 11, ubuntu-latest]   | [INFO] Building JITWatch Parent 1.4.7                                     [1/3]\n[bf14cc9f-f483-427a-bb73-6985a111f550/Test JDK 11, ubuntu-latest]   | [INFO] --------------------------------[ pom ]---------------------------------\n[bf14cc9f-f483-427a-bb73-6985a111f550/Test JDK 11, ubuntu-latest]   | [INFO] Downloading from central: https://repo.maven.apache.org/maven2/org/apache/maven/plugins/maven-source-plugin/3.0.1/maven-source-plugin-3.0.1.pom\n[bf14cc9f-f483-427a-bb73-6985a111f550/Test JDK 11, ubuntu-latest]   | [INFO] Downloaded from central: https://repo.maven.apache.org/maven2/org/apache/maven/plugins/maven-source-plugin/3.0.1/maven-source-plugin-3.0.1.pom (5.7 kB at 20 kB/s)\n[bf14cc9f-f483-427a-bb73-6985a111f550/Test JDK 11, ubuntu-latest]   | [INFO] Downloading from central: https://repo.maven.apache.org/maven2/org/apache/maven/plugins/maven-plugins/30/maven-plugins-30.pom\n[bf14cc9f-f483-427a-bb73-6985a111f550/Test JDK 11, ubuntu-latest]   | [INFO] Downloaded from central: https://repo.maven.apache.org/maven2/org/apache/maven/plugins/maven-plugins/30/maven-plugins-30.pom (10 kB at 87 kB/s)\n[bf14cc9f-f483-427a-bb73-6985a111f550/Test JDK 11, ubuntu-latest]   | [INFO] Downloading from central: https://repo.maven.apache.org/maven2/org/apache/maven/maven-parent/30/maven-parent-30.pom\n[bf14cc9f-f483-427a-bb73-6985a111f550/Test JDK 11, ubuntu-latest]   | [INFO] Downloaded from central: https://repo.maven.apache.org/maven2/org/apache/maven/maven-parent/30/maven-parent-30.pom (41 kB at 780 kB/s)\n[bf14cc9f-f483-427a-bb73-6985a111f550/Test JDK 11, ubuntu-latest]   | [INFO] Downloading from central: https://repo.maven.apache.org/maven2/org/apache/apache/18/apache-18.pom\n[bf14cc9f-f483-427a-bb73-6985a111f550/Test JDK 11, ubuntu-latest]   | [INFO] Downloaded from central: https://repo.maven.apache.org/maven2/org/apache/apache/18/apache-18.pom (16 kB at 580 kB/s)\n[bf14cc9f-f483-427a-bb73-6985a111f550/Test JDK 11, ubuntu-latest]   | [INFO] Downloading from central: https://repo.maven.apache.org/maven2/org/apache/maven/plugins/maven-source-plugin/3.0.1/maven-source-plugin-3.0.1.jar\n[bf14cc9f-f483-427a-bb73-6985a111f550/Test JDK 11, ubuntu-latest]   | [INFO] Downloaded from central: https://repo.maven.apache.org/maven2/org/apache/maven/plugins/maven-source-plugin/3.0.1/maven-source-plugin-3.0.1.jar (31 kB at 1.1 MB/s)\n[bf14cc9f-f483-427a-bb73-6985a111f550/Test JDK 11, ubuntu-latest]   | [INFO] Downloading from central: https://repo.maven.apache.org/maven2/org/codehaus/mojo/exec-maven-plugin/3.0.0/exec-maven-plugin-3.0.0.pom\n[bf14cc9f-f483-427a-bb73-6985a111f550/Test JDK 11, ubuntu-latest]   | [INFO] Downloaded from central: https://repo.maven.apache.org/maven2/org/codehaus/mojo/exec-maven-plugin/3.0.0/exec-maven-plugin-3.0.0.pom (14 kB at 308 kB/s)\n[bf14cc9f-f483-427a-bb73-6985a111f550/Test JDK 11, ubuntu-latest]   | [INFO] Downloading from central: https://repo.maven.apache.org/maven2/org/codehaus/mojo/mojo-parent/50/mojo-parent-50.pom\n[bf14cc9f-f483-427a-bb73-6985a111f550/Test JDK 11, ubuntu-latest]   | [INFO] Downloaded from central: https://repo.maven.apache.org/maven2/org/codehaus/mojo/mojo-parent/50/mojo-parent-50.pom (34 kB at 1.4 MB/s)\n[bf14cc9f-f483-427a-bb73-6985a111f550/Test JDK 11, ubuntu-latest]   | [INFO] Downloading from central: https://repo.maven.apache.org/maven2/org/codehaus/mojo/exec-maven-plugin/3.0.0/exec-maven-plugin-3.0.0.jar\n[bf14cc9f-f483-427a-bb73-6985a111f550/Test JDK 11, ubuntu-latest]   | [INFO] Downloaded from central: https://repo.maven.apache.org/maven2/org/codehaus/mojo/exec-maven-plugin/3.0.0/exec-maven-plugin-3.0.0.jar (68 kB at 2.2 MB/s)\n[bf14cc9f-f483-427a-bb73-6985a111f550/Test JDK 11, ubuntu-latest]   | [INFO] \n[bf14cc9f-f483-427a-bb73-6985a111f550/Test JDK 11, ubuntu-latest]   | [INFO] -------------------< com.chrisnewland:jitwatch-core >-------------------\n[bf14cc9f-f483-427a-bb73-6985a111f550/Test JDK 11, ubuntu-latest]   | [INFO] Building JITWatch Core 1.4.7                                       [2/3]\n[bf14cc9f-f483-427a-bb73-6985a111f550/Test JDK 11, ubuntu-latest]   | [INFO] --------------------------------[ jar ]---------------------------------\n[bf14cc9f-f483-427a-bb73-6985a111f550/Test JDK 11, ubuntu-latest]   | [INFO] Downloading from central: https://repo.maven.apache.org/maven2/org/apache/maven/plugins/maven-resources-plugin/3.0.2/maven-resources-plugin-3.0.2.pom\n[bf14cc9f-f483-427a-bb73-6985a111f550/Test JDK 11, ubuntu-latest]   | [INFO] Downloaded from central: https://repo.maven.apache.org/maven2/org/apache/maven/plugins/maven-resources-plugin/3.0.2/maven-resources-plugin-3.0.2.pom (7.1 kB at 230 kB/s)\n[bf14cc9f-f483-427a-bb73-6985a111f550/Test JDK 11, ubuntu-latest]   | [INFO] Downloading from central: https://repo.maven.apache.org/maven2/org/apache/maven/plugins/maven-resources-plugin/3.0.2/maven-resources-plugin-3.0.2.jar\n[bf14cc9f-f483-427a-bb73-6985a111f550/Test JDK 11, ubuntu-latest]   | [INFO] Downloaded from central: https://repo.maven.apache.org/maven2/org/apache/maven/plugins/maven-resources-plugin/3.0.2/maven-resources-plugin-3.0.2.jar (32 kB at 1.6 MB/s)\n[bf14cc9f-f483-427a-bb73-6985a111f550/Test JDK 11, ubuntu-latest]   | [INFO] Downloading from central: https://repo.maven.apache.org/maven2/org/apache/maven/plugins/maven-compiler-plugin/3.8.1/maven-compiler-plugin-3.8.1.pom\n[bf14cc9f-f483-427a-bb73-6985a111f550/Test JDK 11, ubuntu-latest]   | [INFO] Downloaded from central: https://repo.maven.apache.org/maven2/org/apache/maven/plugins/maven-compiler-plugin/3.8.1/maven-compiler-plugin-3.8.1.pom (12 kB at 780 kB/s)\n[bf14cc9f-f483-427a-bb73-6985a111f550/Test JDK 11, ubuntu-latest]   | [INFO] Downloading from central: https://repo.maven.apache.org/maven2/org/apache/maven/plugins/maven-plugins/33/maven-plugins-33.pom\n[bf14cc9f-f483-427a-bb73-6985a111f550/Test JDK 11, ubuntu-latest]   | [INFO] Downloaded from central: https://repo.maven.apache.org/maven2/org/apache/maven/plugins/maven-plugins/33/maven-plugins-33.pom (11 kB at 562 kB/s)\n[bf14cc9f-f483-427a-bb73-6985a111f550/Test JDK 11, ubuntu-latest]   | [INFO] Downloading from central: https://repo.maven.apache.org/maven2/org/apache/maven/maven-parent/33/maven-parent-33.pom\n[bf14cc9f-f483-427a-bb73-6985a111f550/Test JDK 11, ubuntu-latest]   | [INFO] Downloaded from central: https://repo.maven.apache.org/maven2/org/apache/maven/maven-parent/33/maven-parent-33.pom (44 kB at 1.5 MB/s)\n[bf14cc9f-f483-427a-bb73-6985a111f550/Test JDK 11, ubuntu-latest]   | [INFO] Downloading from central: https://repo.maven.apache.org/maven2/org/apache/apache/21/apache-21.pom\n[bf14cc9f-f483-427a-bb73-6985a111f550/Test JDK 11, ubuntu-latest]   | [INFO] Downloaded from central: https://repo.maven.apache.org/maven2/org/apache/apache/21/apache-21.pom (17 kB at 900 kB/s)\n[bf14cc9f-f483-427a-bb73-6985a111f550/Test JDK 11, ubuntu-latest]   | [INFO] Downloading from central: https://repo.maven.apache.org/maven2/org/apache/maven/plugins/maven-compiler-plugin/3.8.1/maven-compiler-plugin-3.8.1.jar\n[bf14cc9f-f483-427a-bb73-6985a111f550/Test JDK 11, ubuntu-latest]   | [INFO] Downloaded from central: https://repo.maven.apache.org/maven2/org/apache/maven/plugins/maven-compiler-plugin/3.8.1/maven-compiler-plugin-3.8.1.jar (62 kB at 971 kB/s)\n[bf14cc9f-f483-427a-bb73-6985a111f550/Test JDK 11, ubuntu-latest]   | [INFO] Downloading from central: https://repo.maven.apache.org/maven2/org/apache/maven/plugins/maven-surefire-plugin/2.22.2/maven-surefire-plugin-2.22.2.pom\n[bf14cc9f-f483-427a-bb73-6985a111f550/Test JDK 11, ubuntu-latest]   | [INFO] Downloaded from central: https://repo.maven.apache.org/maven2/org/apache/maven/plugins/maven-surefire-plugin/2.22.2/maven-surefire-plugin-2.22.2.pom (5.0 kB at 227 kB/s)\n[bf14cc9f-f483-427a-bb73-6985a111f550/Test JDK 11, ubuntu-latest]   | [INFO] Downloading from central: https://repo.maven.apache.org/maven2/org/apache/maven/surefire/surefire/2.22.2/surefire-2.22.2.pom\n[bf14cc9f-f483-427a-bb73-6985a111f550/Test JDK 11, ubuntu-latest]   | [INFO] Downloaded from central: https://repo.maven.apache.org/maven2/org/apache/maven/surefire/surefire/2.22.2/surefire-2.22.2.pom (26 kB at 1.2 MB/s)\n[bf14cc9f-f483-427a-bb73-6985a111f550/Test JDK 11, ubuntu-latest]   | [INFO] Downloading from central: https://repo.maven.apache.org/maven2/org/apache/maven/plugins/maven-surefire-plugin/2.22.2/maven-surefire-plugin-2.22.2.jar\n[bf14cc9f-f483-427a-bb73-6985a111f550/Test JDK 11, ubuntu-latest]   | [INFO] Downloaded from central: https://repo.maven.apache.org/maven2/org/apache/maven/plugins/maven-surefire-plugin/2.22.2/maven-surefire-plugin-2.22.2.jar (41 kB at 1.6 MB/s)\n[bf14cc9f-f483-427a-bb73-6985a111f550/Test JDK 11, ubuntu-latest]   | [INFO] Downloading from central: https://repo.maven.apache.org/maven2/com/chrisnewland/FreeLogJ/0.0.1/FreeLogJ-0.0.1.pom\n[bf14cc9f-f483-427a-bb73-6985a111f550/Test JDK 11, ubuntu-latest]   | [INFO] Downloaded from central: https://repo.maven.apache.org/maven2/com/chrisnewland/FreeLogJ/0.0.1/FreeLogJ-0.0.1.pom (5.0 kB at 239 kB/s)\n[bf14cc9f-f483-427a-bb73-6985a111f550/Test JDK 11, ubuntu-latest]   | [INFO] Downloading from central: https://repo.maven.apache.org/maven2/junit/junit/4.13.1/junit-4.13.1.pom\n[bf14cc9f-f483-427a-bb73-6985a111f550/Test JDK 11, ubuntu-latest]   | [INFO] Downloaded from central: https://repo.maven.apache.org/maven2/junit/junit/4.13.1/junit-4.13.1.pom (25 kB at 1.1 MB/s)\n[bf14cc9f-f483-427a-bb73-6985a111f550/Test JDK 11, ubuntu-latest]   | [INFO] Downloading from central: https://repo.maven.apache.org/maven2/org/hamcrest/hamcrest-core/1.3/hamcrest-core-1.3.pom\n[bf14cc9f-f483-427a-bb73-6985a111f550/Test JDK 11, ubuntu-latest]   | [INFO] Downloaded from central: https://repo.maven.apache.org/maven2/org/hamcrest/hamcrest-core/1.3/hamcrest-core-1.3.pom (766 B at 31 kB/s)\n[bf14cc9f-f483-427a-bb73-6985a111f550/Test JDK 11, ubuntu-latest]   | [INFO] Downloading from central: https://repo.maven.apache.org/maven2/org/hamcrest/hamcrest-parent/1.3/hamcrest-parent-1.3.pom\n[bf14cc9f-f483-427a-bb73-6985a111f550/Test JDK 11, ubuntu-latest]   | [INFO] Downloaded from central: https://repo.maven.apache.org/maven2/org/hamcrest/hamcrest-parent/1.3/hamcrest-parent-1.3.pom (2.0 kB at 76 kB/s)\n[bf14cc9f-f483-427a-bb73-6985a111f550/Test JDK 11, ubuntu-latest]   | [INFO] Downloading from central: https://repo.maven.apache.org/maven2/com/chrisnewland/FreeLogJ/0.0.1/FreeLogJ-0.0.1.jar\n[bf14cc9f-f483-427a-bb73-6985a111f550/Test JDK 11, ubuntu-latest]   | [INFO] Downloading from central: https://repo.maven.apache.org/maven2/org/hamcrest/hamcrest-core/1.3/hamcrest-core-1.3.jar\n[bf14cc9f-f483-427a-bb73-6985a111f550/Test JDK 11, ubuntu-latest]   | [INFO] Downloading from central: https://repo.maven.apache.org/maven2/junit/junit/4.13.1/junit-4.13.1.jar\n[bf14cc9f-f483-427a-bb73-6985a111f550/Test JDK 11, ubuntu-latest]   | [INFO] Downloaded from central: https://repo.maven.apache.org/maven2/org/hamcrest/hamcrest-core/1.3/hamcrest-core-1.3.jar (45 kB at 672 kB/s)\n[bf14cc9f-f483-427a-bb73-6985a111f550/Test JDK 11, ubuntu-latest]   | [INFO] Downloaded from central: https://repo.maven.apache.org/maven2/junit/junit/4.13.1/junit-4.13.1.jar (383 kB at 4.0 MB/s)\n[bf14cc9f-f483-427a-bb73-6985a111f550/Test JDK 11, ubuntu-latest]   | [INFO] Downloaded from central: https://repo.maven.apache.org/maven2/com/chrisnewland/FreeLogJ/0.0.1/FreeLogJ-0.0.1.jar (7.3 kB at 58 kB/s)\n[bf14cc9f-f483-427a-bb73-6985a111f550/Test JDK 11, ubuntu-latest]   | [INFO] \n[bf14cc9f-f483-427a-bb73-6985a111f550/Test JDK 11, ubuntu-latest]   | [INFO] --- maven-resources-plugin:3.0.2:resources (default-resources) @ jitwatch-core ---\n[bf14cc9f-f483-427a-bb73-6985a111f550/Test JDK 11, ubuntu-latest]   | [INFO] Downloading from central: https://repo.maven.apache.org/maven2/org/apache/maven/maven-plugin-api/3.0/maven-plugin-api-3.0.pom\n[bf14cc9f-f483-427a-bb73-6985a111f550/Test JDK 11, ubuntu-latest]   | [INFO] Downloaded from central: https://repo.maven.apache.org/maven2/org/apache/maven/maven-plugin-api/3.0/maven-plugin-api-3.0.pom (2.3 kB at 109 kB/s)\n[bf14cc9f-f483-427a-bb73-6985a111f550/Test JDK 11, ubuntu-latest]   | [INFO] Downloading from central: https://repo.maven.apache.org/maven2/org/apache/maven/maven/3.0/maven-3.0.pom\n[bf14cc9f-f483-427a-bb73-6985a111f550/Test JDK 11, ubuntu-latest]   | [INFO] Downloaded from central: https://repo.maven.apache.org/maven2/org/apache/maven/maven/3.0/maven-3.0.pom (22 kB at 384 kB/s)\n[bf14cc9f-f483-427a-bb73-6985a111f550/Test JDK 11, ubuntu-latest]   | [INFO] Downloading from central: https://repo.maven.apache.org/maven2/org/apache/maven/maven-parent/15/maven-parent-15.pom\n[bf14cc9f-f483-427a-bb73-6985a111f550/Test JDK 11, ubuntu-latest]   | [INFO] Downloaded from central: https://repo.maven.apache.org/maven2/org/apache/maven/maven-parent/15/maven-parent-15.pom (24 kB at 1.2 MB/s)\n[bf14cc9f-f483-427a-bb73-6985a111f550/Test JDK 11, ubuntu-latest]   | [INFO] Downloading from central: https://repo.maven.apache.org/maven2/org/apache/apache/6/apache-6.pom\n[bf14cc9f-f483-427a-bb73-6985a111f550/Test JDK 11, ubuntu-latest]   | [INFO] Downloaded from central: https://repo.maven.apache.org/maven2/org/apache/apache/6/apache-6.pom (13 kB at 609 kB/s)\n[bf14cc9f-f483-427a-bb73-6985a111f550/Test JDK 11, ubuntu-latest]   | [INFO] Downloading from central: https://repo.maven.apache.org/maven2/org/apache/maven/maven-model/3.0/maven-model-3.0.pom\n[bf14cc9f-f483-427a-bb73-6985a111f550/Test JDK 11, ubuntu-latest]   | [INFO] Downloaded from central: https://repo.maven.apache.org/maven2/org/apache/maven/maven-model/3.0/maven-model-3.0.pom (3.9 kB at 278 kB/s)\n[bf14cc9f-f483-427a-bb73-6985a111f550/Test JDK 11, ubuntu-latest]   | [INFO] Downloading from central: https://repo.maven.apache.org/maven2/org/codehaus/plexus/plexus-utils/2.0.4/plexus-utils-2.0.4.pom\n[bf14cc9f-f483-427a-bb73-6985a111f550/Test JDK 11, ubuntu-latest]   | [INFO] Downloaded from central: https://repo.maven.apache.org/maven2/org/codehaus/plexus/plexus-utils/2.0.4/plexus-utils-2.0.4.pom (3.3 kB at 145 kB/s)\n[bf14cc9f-f483-427a-bb73-6985a111f550/Test JDK 11, ubuntu-latest]   | [INFO] Downloading from central: https://repo.maven.apache.org/maven2/org/codehaus/plexus/plexus/2.0.6/plexus-2.0.6.pom\n[bf14cc9f-f483-427a-bb73-6985a111f550/Test JDK 11, ubuntu-latest]   | [INFO] Downloaded from central: https://repo.maven.apache.org/maven2/org/codehaus/plexus/plexus/2.0.6/plexus-2.0.6.pom (17 kB at 798 kB/s)\n[bf14cc9f-f483-427a-bb73-6985a111f550/Test JDK 11, ubuntu-latest]   | [INFO] Downloading from central: https://repo.maven.apache.org/maven2/org/apache/maven/maven-artifact/3.0/maven-artifact-3.0.pom\n[bf14cc9f-f483-427a-bb73-6985a111f550/Test JDK 11, ubuntu-latest]   | [INFO] Downloaded from central: https://repo.maven.apache.org/maven2/org/apache/maven/maven-artifact/3.0/maven-artifact-3.0.pom (1.9 kB at 107 kB/s)\n[bf14cc9f-f483-427a-bb73-6985a111f550/Test JDK 11, ubuntu-latest]   | [INFO] Downloading from central: https://repo.maven.apache.org/maven2/org/sonatype/sisu/sisu-inject-plexus/1.4.2/sisu-inject-plexus-1.4.2.pom\n[bf14cc9f-f483-427a-bb73-6985a111f550/Test JDK 11, ubuntu-latest]   | [INFO] Downloaded from central: https://repo.maven.apache.org/maven2/org/sonatype/sisu/sisu-inject-plexus/1.4.2/sisu-inject-plexus-1.4.2.pom (5.4 kB at 413 kB/s)\n[bf14cc9f-f483-427a-bb73-6985a111f550/Test JDK 11, ubuntu-latest]   | [INFO] Downloading from central: https://repo.maven.apache.org/maven2/org/sonatype/sisu/inject/guice-plexus/1.4.2/guice-plexus-1.4.2.pom\n[bf14cc9f-f483-427a-bb73-6985a111f550/Test JDK 11, ubuntu-latest]   | [INFO] Downloaded from central: https://repo.maven.apache.org/maven2/org/sonatype/sisu/inject/guice-plexus/1.4.2/guice-plexus-1.4.2.pom (3.1 kB at 313 kB/s)\n[bf14cc9f-f483-427a-bb73-6985a111f550/Test JDK 11, ubuntu-latest]   | [INFO] Downloading from central: https://repo.maven.apache.org/maven2/org/sonatype/sisu/inject/guice-bean/1.4.2/guice-bean-1.4.2.pom\n[bf14cc9f-f483-427a-bb73-6985a111f550/Test JDK 11, ubuntu-latest]   | [INFO] Downloaded from central: https://repo.maven.apache.org/maven2/org/sonatype/sisu/inject/guice-bean/1.4.2/guice-bean-1.4.2.pom (2.6 kB at 130 kB/s)\n[bf14cc9f-f483-427a-bb73-6985a111f550/Test JDK 11, ubuntu-latest]   | [INFO] Downloading from central: https://repo.maven.apache.org/maven2/org/sonatype/sisu/sisu-inject/1.4.2/sisu-inject-1.4.2.pom\n[bf14cc9f-f483-427a-bb73-6985a111f550/Test JDK 11, ubuntu-latest]   | [INFO] Downloaded from central: https://repo.maven.apache.org/maven2/org/sonatype/sisu/sisu-inject/1.4.2/sisu-inject-1.4.2.pom (1.2 kB at 27 kB/s)\n[bf14cc9f-f483-427a-bb73-6985a111f550/Test JDK 11, ubuntu-latest]   | [INFO] Downloading from central: https://repo.maven.apache.org/maven2/org/sonatype/sisu/sisu-parent/1.4.2/sisu-parent-1.4.2.pom\n[bf14cc9f-f483-427a-bb73-6985a111f550/Test JDK 11, ubuntu-latest]   | [INFO] Downloaded from central: https://repo.maven.apache.org/maven2/org/sonatype/sisu/sisu-parent/1.4.2/sisu-parent-1.4.2.pom (7.8 kB at 370 kB/s)\n[bf14cc9f-f483-427a-bb73-6985a111f550/Test JDK 11, ubuntu-latest]   | [INFO] Downloading from central: https://repo.maven.apache.org/maven2/org/sonatype/forge/forge-parent/6/forge-parent-6.pom\n[bf14cc9f-f483-427a-bb73-6985a111f550/Test JDK 11, ubuntu-latest]   | [INFO] Downloaded from central: https://repo.maven.apache.org/maven2/org/sonatype/forge/forge-parent/6/forge-parent-6.pom (11 kB at 896 kB/s)\n[bf14cc9f-f483-427a-bb73-6985a111f550/Test JDK 11, ubuntu-latest]   | [INFO] Downloading from central: https://repo.maven.apache.org/maven2/org/codehaus/plexus/plexus-component-annotations/1.6/plexus-component-annotations-1.6.pom\n[bf14cc9f-f483-427a-bb73-6985a111f550/Test JDK 11, ubuntu-latest]   | [INFO] Downloaded from central: https://repo.maven.apache.org/maven2/org/codehaus/plexus/plexus-component-annotations/1.6/plexus-component-annotations-1.6.pom (748 B at 42 kB/s)\n[bf14cc9f-f483-427a-bb73-6985a111f550/Test JDK 11, ubuntu-latest]   | [INFO] Downloading from central: https://repo.maven.apache.org/maven2/org/codehaus/plexus/plexus-containers/1.6/plexus-containers-1.6.pom\n[bf14cc9f-f483-427a-bb73-6985a111f550/Test JDK 11, ubuntu-latest]   | [INFO] Downloaded from central: https://repo.maven.apache.org/maven2/org/codehaus/plexus/plexus-containers/1.6/plexus-containers-1.6.pom (3.8 kB at 121 kB/s)\n[bf14cc9f-f483-427a-bb73-6985a111f550/Test JDK 11, ubuntu-latest]   | [INFO] Downloading from central: https://repo.maven.apache.org/maven2/org/codehaus/plexus/plexus/3.3.2/plexus-3.3.2.pom\n[bf14cc9f-f483-427a-bb73-6985a111f550/Test JDK 11, ubuntu-latest]   | [INFO] Downloaded from central: https://repo.maven.apache.org/maven2/org/codehaus/plexus/plexus/3.3.2/plexus-3.3.2.pom (22 kB at 1.3 MB/s)\n[bf14cc9f-f483-427a-bb73-6985a111f550/Test JDK 11, ubuntu-latest]   | [INFO] Downloading from central: https://repo.maven.apache.org/maven2/org/sonatype/spice/spice-parent/17/spice-parent-17.pom\n[bf14cc9f-f483-427a-bb73-6985a111f550/Test JDK 11, ubuntu-latest]   | [INFO] Downloaded from central: https://repo.maven.apache.org/maven2/org/sonatype/spice/spice-parent/17/spice-parent-17.pom (6.8 kB at 322 kB/s)\n[bf14cc9f-f483-427a-bb73-6985a111f550/Test JDK 11, ubuntu-latest]   | [INFO] Downloading from central: https://repo.maven.apache.org/maven2/org/sonatype/forge/forge-parent/10/forge-parent-10.pom\n[bf14cc9f-f483-427a-bb73-6985a111f550/Test JDK 11, ubuntu-latest]   | [INFO] Downloaded from central: https://repo.maven.apache.org/maven2/org/sonatype/forge/forge-parent/10/forge-parent-10.pom (14 kB at 678 kB/s)\n[bf14cc9f-f483-427a-bb73-6985a111f550/Test JDK 11, ubuntu-latest]   | [INFO] Downloading from central: https://repo.maven.apache.org/maven2/org/codehaus/plexus/plexus-classworlds/2.2.3/plexus-classworlds-2.2.3.pom\n[bf14cc9f-f483-427a-bb73-6985a111f550/Test JDK 11, ubuntu-latest]   | [INFO] Downloaded from central: https://repo.maven.apache.org/maven2/org/codehaus/plexus/plexus-classworlds/2.2.3/plexus-classworlds-2.2.3.pom (4.0 kB at 138 kB/s)\n[bf14cc9f-f483-427a-bb73-6985a111f550/Test JDK 11, ubuntu-latest]   | [INFO] Downloading from central: https://repo.maven.apache.org/maven2/org/codehaus/plexus/plexus-utils/2.0.5/plexus-utils-2.0.5.pom\n[bf14cc9f-f483-427a-bb73-6985a111f550/Test JDK 11, ubuntu-latest]   | [INFO] Downloaded from central: https://repo.maven.apache.org/maven2/org/codehaus/plexus/plexus-utils/2.0.5/plexus-utils-2.0.5.pom (3.3 kB at 238 kB/s)\n[bf14cc9f-f483-427a-bb73-6985a111f550/Test JDK 11, ubuntu-latest]   | [INFO] Downloading from central: https://repo.maven.apache.org/maven2/org/sonatype/sisu/sisu-inject-bean/1.4.2/sisu-inject-bean-1.4.2.pom\n[bf14cc9f-f483-427a-bb73-6985a111f550/Test JDK 11, ubuntu-latest]   | [INFO] Downloaded from central: https://repo.maven.apache.org/maven2/org/sonatype/sisu/sisu-inject-bean/1.4.2/sisu-inject-bean-1.4.2.pom (5.5 kB at 303 kB/s)\n[bf14cc9f-f483-427a-bb73-6985a111f550/Test JDK 11, ubuntu-latest]   | [INFO] Downloading from central: https://repo.maven.apache.org/maven2/org/sonatype/sisu/sisu-guice/2.1.7/sisu-guice-2.1.7.pom\n[bf14cc9f-f483-427a-bb73-6985a111f550/Test JDK 11, ubuntu-latest]   | [INFO] Downloaded from central: https://repo.maven.apache.org/maven2/org/sonatype/sisu/sisu-guice/2.1.7/sisu-guice-2.1.7.pom (11 kB at 851 kB/s)\n[bf14cc9f-f483-427a-bb73-6985a111f550/Test JDK 11, ubuntu-latest]   | [INFO] Downloading from central: https://repo.maven.apache.org/maven2/org/apache/maven/maven-core/3.0/maven-core-3.0.pom\n[bf14cc9f-f483-427a-bb73-6985a111f550/Test JDK 11, ubuntu-latest]   | [INFO] Downloaded from central: https://repo.maven.apache.org/maven2/org/apache/maven/maven-core/3.0/maven-core-3.0.pom (6.6 kB at 276 kB/s)\n[bf14cc9f-f483-427a-bb73-6985a111f550/Test JDK 11, ubuntu-latest]   | [INFO] Downloading from central: https://repo.maven.apache.org/maven2/org/apache/maven/maven-settings/3.0/maven-settings-3.0.pom\n[bf14cc9f-f483-427a-bb73-6985a111f550/Test JDK 11, ubuntu-latest]   | [INFO] Downloaded from central: https://repo.maven.apache.org/maven2/org/apache/maven/maven-settings/3.0/maven-settings-3.0.pom (1.9 kB at 36 kB/s)\n[bf14cc9f-f483-427a-bb73-6985a111f550/Test JDK 11, ubuntu-latest]   | [INFO] Downloading from central: https://repo.maven.apache.org/maven2/org/apache/maven/maven-settings-builder/3.0/maven-settings-builder-3.0.pom\n[bf14cc9f-f483-427a-bb73-6985a111f550/Test JDK 11, ubuntu-latest]   | [INFO] Downloaded from central: https://repo.maven.apache.org/maven2/org/apache/maven/maven-settings-builder/3.0/maven-settings-builder-3.0.pom (2.2 kB at 123 kB/s)\n[bf14cc9f-f483-427a-bb73-6985a111f550/Test JDK 11, ubuntu-latest]   | [INFO] Downloading from central: https://repo.maven.apache.org/maven2/org/codehaus/plexus/plexus-interpolation/1.14/plexus-interpolation-1.14.pom\n[bf14cc9f-f483-427a-bb73-6985a111f550/Test JDK 11, ubuntu-latest]   | [INFO] Downloaded from central: https://repo.maven.apache.org/maven2/org/codehaus/plexus/plexus-interpolation/1.14/plexus-interpolation-1.14.pom (910 B at 57 kB/s)\n[bf14cc9f-f483-427a-bb73-6985a111f550/Test JDK 11, ubuntu-latest]   | [INFO] Downloading from central: https://repo.maven.apache.org/maven2/org/codehaus/plexus/plexus-components/1.1.18/plexus-components-1.1.18.pom\n[bf14cc9f-f483-427a-bb73-6985a111f550/Test JDK 11, ubuntu-latest]   | [INFO] Downloaded from central: https://repo.maven.apache.org/maven2/org/codehaus/plexus/plexus-components/1.1.18/plexus-components-1.1.18.pom (5.4 kB at 145 kB/s)\n[bf14cc9f-f483-427a-bb73-6985a111f550/Test JDK 11, ubuntu-latest]   | [INFO] Downloading from central: https://repo.maven.apache.org/maven2/org/codehaus/plexus/plexus/2.0.7/plexus-2.0.7.pom\n[bf14cc9f-f483-427a-bb73-6985a111f550/Test JDK 11, ubuntu-latest]   | [INFO] Downloaded from central: https://repo.maven.apache.org/maven2/org/codehaus/plexus/plexus/2.0.7/plexus-2.0.7.pom (17 kB at 596 kB/s)\n[bf14cc9f-f483-427a-bb73-6985a111f550/Test JDK 11, ubuntu-latest]   | [INFO] Downloading from central: https://repo.maven.apache.org/maven2/org/sonatype/plexus/plexus-sec-dispatcher/1.3/plexus-sec-dispatcher-1.3.pom\n[bf14cc9f-f483-427a-bb73-6985a111f550/Test JDK 11, ubuntu-latest]   | [INFO] Downloaded from central: https://repo.maven.apache.org/maven2/org/sonatype/plexus/plexus-sec-dispatcher/1.3/plexus-sec-dispatcher-1.3.pom (3.0 kB at 185 kB/s)\n[bf14cc9f-f483-427a-bb73-6985a111f550/Test JDK 11, ubuntu-latest]   | [INFO] Downloading from central: https://repo.maven.apache.org/maven2/org/sonatype/spice/spice-parent/12/spice-parent-12.pom\n[bf14cc9f-f483-427a-bb73-6985a111f550/Test JDK 11, ubuntu-latest]   | [INFO] Downloaded from central: https://repo.maven.apache.org/maven2/org/sonatype/spice/spice-parent/12/spice-parent-12.pom (6.8 kB at 158 kB/s)\n[bf14cc9f-f483-427a-bb73-6985a111f550/Test JDK 11, ubuntu-latest]   | [INFO] Downloading from central: https://repo.maven.apache.org/maven2/org/sonatype/forge/forge-parent/4/forge-parent-4.pom\n[bf14cc9f-f483-427a-bb73-6985a111f550/Test JDK 11, ubuntu-latest]   | [INFO] Downloaded from central: https://repo.maven.apache.org/maven2/org/sonatype/forge/forge-parent/4/forge-parent-4.pom (8.4 kB at 466 kB/s)\n[bf14cc9f-f483-427a-bb73-6985a111f550/Test JDK 11, ubuntu-latest]   | [INFO] Downloading from central: https://repo.maven.apache.org/maven2/org/codehaus/plexus/plexus-utils/1.5.5/plexus-utils-1.5.5.pom\n[bf14cc9f-f483-427a-bb73-6985a111f550/Test JDK 11, ubuntu-latest]   | [INFO] Downloaded from central: https://repo.maven.apache.org/maven2/org/codehaus/plexus/plexus-utils/1.5.5/plexus-utils-1.5.5.pom (5.1 kB at 572 kB/s)\n[bf14cc9f-f483-427a-bb73-6985a111f550/Test JDK 11, ubuntu-latest]   | [INFO] Downloading from central: https://repo.maven.apache.org/maven2/org/codehaus/plexus/plexus/1.0.11/plexus-1.0.11.pom\n[bf14cc9f-f483-427a-bb73-6985a111f550/Test JDK 11, ubuntu-latest]   | [INFO] Downloaded from central: https://repo.maven.apache.org/maven2/org/codehaus/plexus/plexus/1.0.11/plexus-1.0.11.pom (9.0 kB at 345 kB/s)\n[bf14cc9f-f483-427a-bb73-6985a111f550/Test JDK 11, ubuntu-latest]   | [INFO] Downloading from central: https://repo.maven.apache.org/maven2/org/sonatype/plexus/plexus-cipher/1.4/plexus-cipher-1.4.pom\n[bf14cc9f-f483-427a-bb73-6985a111f550/Test JDK 11, ubuntu-latest]   | [INFO] Downloaded from central: https://repo.maven.apache.org/maven2/org/sonatype/plexus/plexus-cipher/1.4/plexus-cipher-1.4.pom (2.1 kB at 159 kB/s)\n[bf14cc9f-f483-427a-bb73-6985a111f550/Test JDK 11, ubuntu-latest]   | [INFO] Downloading from central: https://repo.maven.apache.org/maven2/org/apache/maven/maven-repository-metadata/3.0/maven-repository-metadata-3.0.pom\n[bf14cc9f-f483-427a-bb73-6985a111f550/Test JDK 11, ubuntu-latest]   | [INFO] Downloaded from central: https://repo.maven.apache.org/maven2/org/apache/maven/maven-repository-metadata/3.0/maven-repository-metadata-3.0.pom (1.9 kB at 129 kB/s)\n[bf14cc9f-f483-427a-bb73-6985a111f550/Test JDK 11, ubuntu-latest]   | [INFO] Downloading from central: https://repo.maven.apache.org/maven2/org/apache/maven/maven-model-builder/3.0/maven-model-builder-3.0.pom\n[bf14cc9f-f483-427a-bb73-6985a111f550/Test JDK 11, ubuntu-latest]   | [INFO] Downloaded from central: https://repo.maven.apache.org/maven2/org/apache/maven/maven-model-builder/3.0/maven-model-builder-3.0.pom (2.2 kB at 250 kB/s)\n[bf14cc9f-f483-427a-bb73-6985a111f550/Test JDK 11, ubuntu-latest]   | [INFO] Downloading from central: https://repo.maven.apache.org/maven2/org/apache/maven/maven-aether-provider/3.0/maven-aether-provider-3.0.pom\n[bf14cc9f-f483-427a-bb73-6985a111f550/Test JDK 11, ubuntu-latest]   | [INFO] Downloaded from central: https://repo.maven.apache.org/maven2/org/apache/maven/maven-aether-provider/3.0/maven-aether-provider-3.0.pom (2.5 kB at 107 kB/s)\n[bf14cc9f-f483-427a-bb73-6985a111f550/Test JDK 11, ubuntu-latest]   | [INFO] Downloading from central: https://repo.maven.apache.org/maven2/org/sonatype/aether/aether-api/1.7/aether-api-1.7.pom\n[bf14cc9f-f483-427a-bb73-6985a111f550/Test JDK 11, ubuntu-latest]   | [INFO] Downloaded from central: https://repo.maven.apache.org/maven2/org/sonatype/aether/aether-api/1.7/aether-api-1.7.pom (1.7 kB at 60 kB/s)\n[bf14cc9f-f483-427a-bb73-6985a111f550/Test JDK 11, ubuntu-latest]   | [INFO] Downloading from central: https://repo.maven.apache.org/maven2/org/sonatype/aether/aether-parent/1.7/aether-parent-1.7.pom\n[bf14cc9f-f483-427a-bb73-6985a111f550/Test JDK 11, ubuntu-latest]   | [INFO] Downloaded from central: https://repo.maven.apache.org/maven2/org/sonatype/aether/aether-parent/1.7/aether-parent-1.7.pom (7.7 kB at 351 kB/s)\n[bf14cc9f-f483-427a-bb73-6985a111f550/Test JDK 11, ubuntu-latest]   | [INFO] Downloading from central: https://repo.maven.apache.org/maven2/org/sonatype/aether/aether-util/1.7/aether-util-1.7.pom\n[bf14cc9f-f483-427a-bb73-6985a111f550/Test JDK 11, ubuntu-latest]   | [INFO] Downloaded from central: https://repo.maven.apache.org/maven2/org/sonatype/aether/aether-util/1.7/aether-util-1.7.pom (2.1 kB at 206 kB/s)\n[bf14cc9f-f483-427a-bb73-6985a111f550/Test JDK 11, ubuntu-latest]   | [INFO] Downloading from central: https://repo.maven.apache.org/maven2/org/sonatype/aether/aether-impl/1.7/aether-impl-1.7.pom\n[bf14cc9f-f483-427a-bb73-6985a111f550/Test JDK 11, ubuntu-latest]   | [INFO] Downloaded from central: https://repo.maven.apache.org/maven2/org/sonatype/aether/aether-impl/1.7/aether-impl-1.7.pom (3.7 kB at 123 kB/s)\n[bf14cc9f-f483-427a-bb73-6985a111f550/Test JDK 11, ubuntu-latest]   | [INFO] Downloading from central: https://repo.maven.apache.org/maven2/org/sonatype/aether/aether-spi/1.7/aether-spi-1.7.pom\n[bf14cc9f-f483-427a-bb73-6985a111f550/Test JDK 11, ubuntu-latest]   | [INFO] Downloaded from central: https://repo.maven.apache.org/maven2/org/sonatype/aether/aether-spi/1.7/aether-spi-1.7.pom (1.7 kB at 97 kB/s)\n[bf14cc9f-f483-427a-bb73-6985a111f550/Test JDK 11, ubuntu-latest]   | [INFO] Downloading from central: https://repo.maven.apache.org/maven2/org/codehaus/plexus/plexus-utils/3.0.24/plexus-utils-3.0.24.pom\n[bf14cc9f-f483-427a-bb73-6985a111f550/Test JDK 11, ubuntu-latest]   | [INFO] Downloaded from central: https://repo.maven.apache.org/maven2/org/codehaus/plexus/plexus-utils/3.0.24/plexus-utils-3.0.24.pom (4.1 kB at 243 kB/s)\n[bf14cc9f-f483-427a-bb73-6985a111f550/Test JDK 11, ubuntu-latest]   | [INFO] Downloading from central: https://repo.maven.apache.org/maven2/org/codehaus/plexus/plexus/4.0/plexus-4.0.pom\n[bf14cc9f-f483-427a-bb73-6985a111f550/Test JDK 11, ubuntu-latest]   | [INFO] Downloaded from central: https://repo.maven.apache.org/maven2/org/codehaus/plexus/plexus/4.0/plexus-4.0.pom (22 kB at 524 kB/s)\n[bf14cc9f-f483-427a-bb73-6985a111f550/Test JDK 11, ubuntu-latest]   | [INFO] Downloading from central: https://repo.maven.apache.org/maven2/org/apache/maven/shared/maven-filtering/3.1.1/maven-filtering-3.1.1.pom\n[bf14cc9f-f483-427a-bb73-6985a111f550/Test JDK 11, ubuntu-latest]   | [INFO] Downloaded from central: https://repo.maven.apache.org/maven2/org/apache/maven/shared/maven-filtering/3.1.1/maven-filtering-3.1.1.pom (5.7 kB at 517 kB/s)\n[bf14cc9f-f483-427a-bb73-6985a111f550/Test JDK 11, ubuntu-latest]   | [INFO] Downloading from central: https://repo.maven.apache.org/maven2/org/apache/maven/shared/maven-shared-components/30/maven-shared-components-30.pom\n[bf14cc9f-f483-427a-bb73-6985a111f550/Test JDK 11, ubuntu-latest]   | [INFO] Downloaded from central: https://repo.maven.apache.org/maven2/org/apache/maven/shared/maven-shared-components/30/maven-shared-components-30.pom (4.6 kB at 255 kB/s)\n[bf14cc9f-f483-427a-bb73-6985a111f550/Test JDK 11, ubuntu-latest]   | [INFO] Downloading from central: https://repo.maven.apache.org/maven2/org/apache/maven/shared/maven-shared-utils/3.0.0/maven-shared-utils-3.0.0.pom\n[bf14cc9f-f483-427a-bb73-6985a111f550/Test JDK 11, ubuntu-latest]   | [INFO] Downloaded from central: https://repo.maven.apache.org/maven2/org/apache/maven/shared/maven-shared-utils/3.0.0/maven-shared-utils-3.0.0.pom (5.6 kB at 266 kB/s)\n[bf14cc9f-f483-427a-bb73-6985a111f550/Test JDK 11, ubuntu-latest]   | [INFO] Downloading from central: https://repo.maven.apache.org/maven2/org/apache/maven/shared/maven-shared-components/21/maven-shared-components-21.pom\n[bf14cc9f-f483-427a-bb73-6985a111f550/Test JDK 11, ubuntu-latest]   | [INFO] Downloaded from central: https://repo.maven.apache.org/maven2/org/apache/maven/shared/maven-shared-components/21/maven-shared-components-21.pom (5.1 kB at 232 kB/s)\n[bf14cc9f-f483-427a-bb73-6985a111f550/Test JDK 11, ubuntu-latest]   | [INFO] Downloading from central: https://repo.maven.apache.org/maven2/org/apache/maven/maven-parent/25/maven-parent-25.pom\n[bf14cc9f-f483-427a-bb73-6985a111f550/Test JDK 11, ubuntu-latest]   | [INFO] Downloaded from central: https://repo.maven.apache.org/maven2/org/apache/maven/maven-parent/25/maven-parent-25.pom (37 kB at 1.2 MB/s)\n[bf14cc9f-f483-427a-bb73-6985a111f550/Test JDK 11, ubuntu-latest]   | [INFO] Downloading from central: https://repo.maven.apache.org/maven2/org/apache/apache/15/apache-15.pom\n[bf14cc9f-f483-427a-bb73-6985a111f550/Test JDK 11, ubuntu-latest]   | [INFO] Downloaded from central: https://repo.maven.apache.org/maven2/org/apache/apache/15/apache-15.pom (15 kB at 802 kB/s)\n[bf14cc9f-f483-427a-bb73-6985a111f550/Test JDK 11, ubuntu-latest]   | [INFO] Downloading from central: https://repo.maven.apache.org/maven2/commons-io/commons-io/2.4/commons-io-2.4.pom\n[bf14cc9f-f483-427a-bb73-6985a111f550/Test JDK 11, ubuntu-latest]   | [INFO] Downloaded from central: https://repo.maven.apache.org/maven2/commons-io/commons-io/2.4/commons-io-2.4.pom (10 kB at 508 kB/s)\n[bf14cc9f-f483-427a-bb73-6985a111f550/Test JDK 11, ubuntu-latest]   | [INFO] Downloading from central: https://repo.maven.apache.org/maven2/org/apache/commons/commons-parent/25/commons-parent-25.pom\n[bf14cc9f-f483-427a-bb73-6985a111f550/Test JDK 11, ubuntu-latest]   | [INFO] Downloaded from central: https://repo.maven.apache.org/maven2/org/apache/commons/commons-parent/25/commons-parent-25.pom (48 kB at 1.7 MB/s)\n[bf14cc9f-f483-427a-bb73-6985a111f550/Test JDK 11, ubuntu-latest]   | [INFO] Downloading from central: https://repo.maven.apache.org/maven2/org/apache/apache/9/apache-9.pom\n[bf14cc9f-f483-427a-bb73-6985a111f550/Test JDK 11, ubuntu-latest]   | [INFO] Downloaded from central: https://repo.maven.apache.org/maven2/org/apache/apache/9/apache-9.pom (15 kB at 474 kB/s)\n[bf14cc9f-f483-427a-bb73-6985a111f550/Test JDK 11, ubuntu-latest]   | [INFO] Downloading from central: https://repo.maven.apache.org/maven2/com/google/code/findbugs/jsr305/2.0.1/jsr305-2.0.1.pom\n[bf14cc9f-f483-427a-bb73-6985a111f550/Test JDK 11, ubuntu-latest]   | [INFO] Downloaded from central: https://repo.maven.apache.org/maven2/com/google/code/findbugs/jsr305/2.0.1/jsr305-2.0.1.pom (965 B at 57 kB/s)\n[bf14cc9f-f483-427a-bb73-6985a111f550/Test JDK 11, ubuntu-latest]   | [INFO] Downloading from central: https://repo.maven.apache.org/maven2/org/codehaus/plexus/plexus-interpolation/1.22/plexus-interpolation-1.22.pom\n[bf14cc9f-f483-427a-bb73-6985a111f550/Test JDK 11, ubuntu-latest]   | [INFO] Downloaded from central: https://repo.maven.apache.org/maven2/org/codehaus/plexus/plexus-interpolation/1.22/plexus-interpolation-1.22.pom (1.5 kB at 154 kB/s)\n[bf14cc9f-f483-427a-bb73-6985a111f550/Test JDK 11, ubuntu-latest]   | [INFO] Downloading from central: https://repo.maven.apache.org/maven2/org/codehaus/plexus/plexus-components/1.3.1/plexus-components-1.3.1.pom\n[bf14cc9f-f483-427a-bb73-6985a111f550/Test JDK 11, ubuntu-latest]   | [INFO] Downloaded from central: https://repo.maven.apache.org/maven2/org/codehaus/plexus/plexus-components/1.3.1/plexus-components-1.3.1.pom (3.1 kB at 106 kB/s)\n[bf14cc9f-f483-427a-bb73-6985a111f550/Test JDK 11, ubuntu-latest]   | [INFO] Downloading from central: https://repo.maven.apache.org/maven2/org/codehaus/plexus/plexus/3.3.1/plexus-3.3.1.pom\n[bf14cc9f-f483-427a-bb73-6985a111f550/Test JDK 11, ubuntu-latest]   | [INFO] Downloaded from central: https://repo.maven.apache.org/maven2/org/codehaus/plexus/plexus/3.3.1/plexus-3.3.1.pom (20 kB at 889 kB/s)\n[bf14cc9f-f483-427a-bb73-6985a111f550/Test JDK 11, ubuntu-latest]   | [INFO] Downloading from central: https://repo.maven.apache.org/maven2/org/sonatype/plexus/plexus-build-api/0.0.7/plexus-build-api-0.0.7.pom\n[bf14cc9f-f483-427a-bb73-6985a111f550/Test JDK 11, ubuntu-latest]   | [INFO] Downloaded from central: https://repo.maven.apache.org/maven2/org/sonatype/plexus/plexus-build-api/0.0.7/plexus-build-api-0.0.7.pom (3.2 kB at 89 kB/s)\n[bf14cc9f-f483-427a-bb73-6985a111f550/Test JDK 11, ubuntu-latest]   | [INFO] Downloading from central: https://repo.maven.apache.org/maven2/org/sonatype/spice/spice-parent/15/spice-parent-15.pom\n[bf14cc9f-f483-427a-bb73-6985a111f550/Test JDK 11, ubuntu-latest]   | [INFO] Downloaded from central: https://repo.maven.apache.org/maven2/org/sonatype/spice/spice-parent/15/spice-parent-15.pom (8.4 kB at 464 kB/s)\n[bf14cc9f-f483-427a-bb73-6985a111f550/Test JDK 11, ubuntu-latest]   | [INFO] Downloading from central: https://repo.maven.apache.org/maven2/org/sonatype/forge/forge-parent/5/forge-parent-5.pom\n[bf14cc9f-f483-427a-bb73-6985a111f550/Test JDK 11, ubuntu-latest]   | [INFO] Downloaded from central: https://repo.maven.apache.org/maven2/org/sonatype/forge/forge-parent/5/forge-parent-5.pom (8.4 kB at 492 kB/s)\n[bf14cc9f-f483-427a-bb73-6985a111f550/Test JDK 11, ubuntu-latest]   | [INFO] Downloading from central: https://repo.maven.apache.org/maven2/org/codehaus/plexus/plexus-utils/1.5.8/plexus-utils-1.5.8.pom\n[bf14cc9f-f483-427a-bb73-6985a111f550/Test JDK 11, ubuntu-latest]   | [INFO] Downloaded from central: https://repo.maven.apache.org/maven2/org/codehaus/plexus/plexus-utils/1.5.8/plexus-utils-1.5.8.pom (8.1 kB at 672 kB/s)\n[bf14cc9f-f483-427a-bb73-6985a111f550/Test JDK 11, ubuntu-latest]   | [INFO] Downloading from central: https://repo.maven.apache.org/maven2/org/codehaus/plexus/plexus/2.0.2/plexus-2.0.2.pom\n[bf14cc9f-f483-427a-bb73-6985a111f550/Test JDK 11, ubuntu-latest]   | [INFO] Downloaded from central: https://repo.maven.apache.org/maven2/org/codehaus/plexus/plexus/2.0.2/plexus-2.0.2.pom (12 kB at 505 kB/s)\n[bf14cc9f-f483-427a-bb73-6985a111f550/Test JDK 11, ubuntu-latest]   | [INFO] Downloading from central: https://repo.maven.apache.org/maven2/commons-io/commons-io/2.5/commons-io-2.5.pom\n[bf14cc9f-f483-427a-bb73-6985a111f550/Test JDK 11, ubuntu-latest]   | [INFO] Downloaded from central: https://repo.maven.apache.org/maven2/commons-io/commons-io/2.5/commons-io-2.5.pom (13 kB at 578 kB/s)\n[bf14cc9f-f483-427a-bb73-6985a111f550/Test JDK 11, ubuntu-latest]   | [INFO] Downloading from central: https://repo.maven.apache.org/maven2/org/apache/commons/commons-parent/39/commons-parent-39.pom\n[bf14cc9f-f483-427a-bb73-6985a111f550/Test JDK 11, ubuntu-latest]   | [INFO] Downloaded from central: https://repo.maven.apache.org/maven2/org/apache/commons/commons-parent/39/commons-parent-39.pom (62 kB at 1.9 MB/s)\n[bf14cc9f-f483-427a-bb73-6985a111f550/Test JDK 11, ubuntu-latest]   | [INFO] Downloading from central: https://repo.maven.apache.org/maven2/org/apache/apache/16/apache-16.pom\n[bf14cc9f-f483-427a-bb73-6985a111f550/Test JDK 11, ubuntu-latest]   | [INFO] Downloaded from central: https://repo.maven.apache.org/maven2/org/apache/apache/16/apache-16.pom (15 kB at 733 kB/s)\n[bf14cc9f-f483-427a-bb73-6985a111f550/Test JDK 11, ubuntu-latest]   | [INFO] Downloading from central: https://repo.maven.apache.org/maven2/org/codehaus/plexus/plexus-interpolation/1.24/plexus-interpolation-1.24.pom\n[bf14cc9f-f483-427a-bb73-6985a111f550/Test JDK 11, ubuntu-latest]   | [INFO] Downloaded from central: https://repo.maven.apache.org/maven2/org/codehaus/plexus/plexus-interpolation/1.24/plexus-interpolation-1.24.pom (2.6 kB at 114 kB/s)\n[bf14cc9f-f483-427a-bb73-6985a111f550/Test JDK 11, ubuntu-latest]   | [INFO] Downloading from central: https://repo.maven.apache.org/maven2/org/apache/maven/maven-plugin-api/3.0/maven-plugin-api-3.0.jar\n[bf14cc9f-f483-427a-bb73-6985a111f550/Test JDK 11, ubuntu-latest]   | [INFO] Downloading from central: https://repo.maven.apache.org/maven2/org/apache/maven/maven-artifact/3.0/maven-artifact-3.0.jar\n[bf14cc9f-f483-427a-bb73-6985a111f550/Test JDK 11, ubuntu-latest]   | [INFO] Downloading from central: https://repo.maven.apache.org/maven2/org/sonatype/sisu/sisu-inject-plexus/1.4.2/sisu-inject-plexus-1.4.2.jar\n[bf14cc9f-f483-427a-bb73-6985a111f550/Test JDK 11, ubuntu-latest]   | [INFO] Downloading from central: https://repo.maven.apache.org/maven2/org/sonatype/sisu/sisu-inject-bean/1.4.2/sisu-inject-bean-1.4.2.jar\n[bf14cc9f-f483-427a-bb73-6985a111f550/Test JDK 11, ubuntu-latest]   | [INFO] Downloading from central: https://repo.maven.apache.org/maven2/org/sonatype/sisu/sisu-guice/2.1.7/sisu-guice-2.1.7-noaop.jar\n[bf14cc9f-f483-427a-bb73-6985a111f550/Test JDK 11, ubuntu-latest]   | [INFO] Downloaded from central: https://repo.maven.apache.org/maven2/org/apache/maven/maven-plugin-api/3.0/maven-plugin-api-3.0.jar (49 kB at 1.4 MB/s)\n[bf14cc9f-f483-427a-bb73-6985a111f550/Test JDK 11, ubuntu-latest]   | [INFO] Downloading from central: https://repo.maven.apache.org/maven2/org/apache/maven/maven-core/3.0/maven-core-3.0.jar\n[bf14cc9f-f483-427a-bb73-6985a111f550/Test JDK 11, ubuntu-latest]   | [INFO] Downloaded from central: https://repo.maven.apache.org/maven2/org/sonatype/sisu/sisu-inject-bean/1.4.2/sisu-inject-bean-1.4.2.jar (153 kB at 2.9 MB/s)\n[bf14cc9f-f483-427a-bb73-6985a111f550/Test JDK 11, ubuntu-latest]   | [INFO] Downloading from central: https://repo.maven.apache.org/maven2/org/apache/maven/maven-settings/3.0/maven-settings-3.0.jar\n[bf14cc9f-f483-427a-bb73-6985a111f550/Test JDK 11, ubuntu-latest]   | [INFO] Downloaded from central: https://repo.maven.apache.org/maven2/org/apache/maven/maven-artifact/3.0/maven-artifact-3.0.jar (52 kB at 895 kB/s)\n[bf14cc9f-f483-427a-bb73-6985a111f550/Test JDK 11, ubuntu-latest]   | [INFO] Downloading from central: https://repo.maven.apache.org/maven2/org/apache/maven/maven-settings-builder/3.0/maven-settings-builder-3.0.jar\n[bf14cc9f-f483-427a-bb73-6985a111f550/Test JDK 11, ubuntu-latest]   | [INFO] Downloaded from central: https://repo.maven.apache.org/maven2/org/apache/maven/maven-settings/3.0/maven-settings-3.0.jar (47 kB at 667 kB/s)\n[bf14cc9f-f483-427a-bb73-6985a111f550/Test JDK 11, ubuntu-latest]   | [INFO] Downloaded from central: https://repo.maven.apache.org/maven2/org/sonatype/sisu/sisu-inject-plexus/1.4.2/sisu-inject-plexus-1.4.2.jar (202 kB at 2.8 MB/s)\n[bf14cc9f-f483-427a-bb73-6985a111f550/Test JDK 11, ubuntu-latest]   | [INFO] Downloading from central: https://repo.maven.apache.org/maven2/org/apache/maven/maven-repository-metadata/3.0/maven-repository-metadata-3.0.jar\n[bf14cc9f-f483-427a-bb73-6985a111f550/Test JDK 11, ubuntu-latest]   | [INFO] Downloading from central: https://repo.maven.apache.org/maven2/org/apache/maven/maven-model-builder/3.0/maven-model-builder-3.0.jar\n[bf14cc9f-f483-427a-bb73-6985a111f550/Test JDK 11, ubuntu-latest]   | [INFO] Downloaded from central: https://repo.maven.apache.org/maven2/org/apache/maven/maven-settings-builder/3.0/maven-settings-builder-3.0.jar (38 kB at 518 kB/s)\n[bf14cc9f-f483-427a-bb73-6985a111f550/Test JDK 11, ubuntu-latest]   | [INFO] Downloading from central: https://repo.maven.apache.org/maven2/org/apache/maven/maven-aether-provider/3.0/maven-aether-provider-3.0.jar\n[bf14cc9f-f483-427a-bb73-6985a111f550/Test JDK 11, ubuntu-latest]   | [INFO] Downloaded from central: https://repo.maven.apache.org/maven2/org/sonatype/sisu/sisu-guice/2.1.7/sisu-guice-2.1.7-noaop.jar (472 kB at 4.0 MB/s)\n[bf14cc9f-f483-427a-bb73-6985a111f550/Test JDK 11, ubuntu-latest]   | [INFO] Downloading from central: https://repo.maven.apache.org/maven2/org/sonatype/aether/aether-impl/1.7/aether-impl-1.7.jar\n[bf14cc9f-f483-427a-bb73-6985a111f550/Test JDK 11, ubuntu-latest]   | [INFO] Downloaded from central: https://repo.maven.apache.org/maven2/org/apache/maven/maven-model-builder/3.0/maven-model-builder-3.0.jar (148 kB at 1.2 MB/s)\n[bf14cc9f-f483-427a-bb73-6985a111f550/Test JDK 11, ubuntu-latest]   | [INFO] Downloading from central: https://repo.maven.apache.org/maven2/org/sonatype/aether/aether-spi/1.7/aether-spi-1.7.jar\n[bf14cc9f-f483-427a-bb73-6985a111f550/Test JDK 11, ubuntu-latest]   | [INFO] Downloaded from central: https://repo.maven.apache.org/maven2/org/sonatype/aether/aether-spi/1.7/aether-spi-1.7.jar (14 kB at 103 kB/s)\n[bf14cc9f-f483-427a-bb73-6985a111f550/Test JDK 11, ubuntu-latest]   | [INFO] Downloading from central: https://repo.maven.apache.org/maven2/org/sonatype/aether/aether-api/1.7/aether-api-1.7.jar\n[bf14cc9f-f483-427a-bb73-6985a111f550/Test JDK 11, ubuntu-latest]   | [INFO] Downloaded from central: https://repo.maven.apache.org/maven2/org/apache/maven/maven-repository-metadata/3.0/maven-repository-metadata-3.0.jar (30 kB at 215 kB/s)\n[bf14cc9f-f483-427a-bb73-6985a111f550/Test JDK 11, ubuntu-latest]   | [INFO] Downloading from central: https://repo.maven.apache.org/maven2/org/sonatype/aether/aether-util/1.7/aether-util-1.7.jar\n[bf14cc9f-f483-427a-bb73-6985a111f550/Test JDK 11, ubuntu-latest]   | [INFO] Downloaded from central: https://repo.maven.apache.org/maven2/org/apache/maven/maven-core/3.0/maven-core-3.0.jar (527 kB at 3.0 MB/s)\n[bf14cc9f-f483-427a-bb73-6985a111f550/Test JDK 11, ubuntu-latest]   | [INFO] Downloading from central: https://repo.maven.apache.org/maven2/org/codehaus/plexus/plexus-classworlds/2.2.3/plexus-classworlds-2.2.3.jar\n[bf14cc9f-f483-427a-bb73-6985a111f550/Test JDK 11, ubuntu-latest]   | [INFO] Downloaded from central: https://repo.maven.apache.org/maven2/org/apache/maven/maven-aether-provider/3.0/maven-aether-provider-3.0.jar (51 kB at 291 kB/s)\n[bf14cc9f-f483-427a-bb73-6985a111f550/Test JDK 11, ubuntu-latest]   | [INFO] Downloading from central: https://repo.maven.apache.org/maven2/org/codehaus/plexus/plexus-component-annotations/1.6/plexus-component-annotations-1.6.jar\n[bf14cc9f-f483-427a-bb73-6985a111f550/Test JDK 11, ubuntu-latest]   | [INFO] Downloaded from central: https://repo.maven.apache.org/maven2/org/sonatype/aether/aether-impl/1.7/aether-impl-1.7.jar (106 kB at 492 kB/s)\n[bf14cc9f-f483-427a-bb73-6985a111f550/Test JDK 11, ubuntu-latest]   | [INFO] Downloading from central: https://repo.maven.apache.org/maven2/org/sonatype/plexus/plexus-sec-dispatcher/1.3/plexus-sec-dispatcher-1.3.jar\n[bf14cc9f-f483-427a-bb73-6985a111f550/Test JDK 11, ubuntu-latest]   | [INFO] Downloaded from central: https://repo.maven.apache.org/maven2/org/sonatype/aether/aether-api/1.7/aether-api-1.7.jar (74 kB at 343 kB/s)\n[bf14cc9f-f483-427a-bb73-6985a111f550/Test JDK 11, ubuntu-latest]   | [INFO] Downloading from central: https://repo.maven.apache.org/maven2/org/sonatype/plexus/plexus-cipher/1.4/plexus-cipher-1.4.jar\n[bf14cc9f-f483-427a-bb73-6985a111f550/Test JDK 11, ubuntu-latest]   | [INFO] Downloaded from central: https://repo.maven.apache.org/maven2/org/sonatype/aether/aether-util/1.7/aether-util-1.7.jar (108 kB at 491 kB/s)\n[bf14cc9f-f483-427a-bb73-6985a111f550/Test JDK 11, ubuntu-latest]   | [INFO] Downloading from central: https://repo.maven.apache.org/maven2/org/apache/maven/maven-model/3.0/maven-model-3.0.jar\n[bf14cc9f-f483-427a-bb73-6985a111f550/Test JDK 11, ubuntu-latest]   | [INFO] Downloaded from central: https://repo.maven.apache.org/maven2/org/codehaus/plexus/plexus-component-annotations/1.6/plexus-component-annotations-1.6.jar (4.3 kB at 19 kB/s)\n[bf14cc9f-f483-427a-bb73-6985a111f550/Test JDK 11, ubuntu-latest]   | [INFO] Downloading from central: https://repo.maven.apache.org/maven2/org/codehaus/plexus/plexus-utils/3.0.24/plexus-utils-3.0.24.jar\n[bf14cc9f-f483-427a-bb73-6985a111f550/Test JDK 11, ubuntu-latest]   | [INFO] Downloaded from central: https://repo.maven.apache.org/maven2/org/sonatype/plexus/plexus-sec-dispatcher/1.3/plexus-sec-dispatcher-1.3.jar (29 kB at 122 kB/s)\n[bf14cc9f-f483-427a-bb73-6985a111f550/Test JDK 11, ubuntu-latest]   | [INFO] Downloading from central: https://repo.maven.apache.org/maven2/org/apache/maven/shared/maven-filtering/3.1.1/maven-filtering-3.1.1.jar\n[bf14cc9f-f483-427a-bb73-6985a111f550/Test JDK 11, ubuntu-latest]   | [INFO] Downloaded from central: https://repo.maven.apache.org/maven2/org/sonatype/plexus/plexus-cipher/1.4/plexus-cipher-1.4.jar (13 kB at 56 kB/s)\n[bf14cc9f-f483-427a-bb73-6985a111f550/Test JDK 11, ubuntu-latest]   | [INFO] Downloading from central: https://repo.maven.apache.org/maven2/org/apache/maven/shared/maven-shared-utils/3.0.0/maven-shared-utils-3.0.0.jar\n[bf14cc9f-f483-427a-bb73-6985a111f550/Test JDK 11, ubuntu-latest]   | [INFO] Downloaded from central: https://repo.maven.apache.org/maven2/org/apache/maven/maven-model/3.0/maven-model-3.0.jar (165 kB at 659 kB/s)\n[bf14cc9f-f483-427a-bb73-6985a111f550/Test JDK 11, ubuntu-latest]   | [INFO] Downloading from central: https://repo.maven.apache.org/maven2/com/google/code/findbugs/jsr305/2.0.1/jsr305-2.0.1.jar\n[bf14cc9f-f483-427a-bb73-6985a111f550/Test JDK 11, ubuntu-latest]   | [INFO] Downloaded from central: https://repo.maven.apache.org/maven2/org/apache/maven/shared/maven-filtering/3.1.1/maven-filtering-3.1.1.jar (51 kB at 201 kB/s)\n[bf14cc9f-f483-427a-bb73-6985a111f550/Test JDK 11, ubuntu-latest]   | [INFO] Downloading from central: https://repo.maven.apache.org/maven2/org/sonatype/plexus/plexus-build-api/0.0.7/plexus-build-api-0.0.7.jar\n[bf14cc9f-f483-427a-bb73-6985a111f550/Test JDK 11, ubuntu-latest]   | [INFO] Downloaded from central: https://repo.maven.apache.org/maven2/com/google/code/findbugs/jsr305/2.0.1/jsr305-2.0.1.jar (32 kB at 120 kB/s)\n[bf14cc9f-f483-427a-bb73-6985a111f550/Test JDK 11, ubuntu-latest]   | [INFO] Downloading from central: https://repo.maven.apache.org/maven2/commons-io/commons-io/2.5/commons-io-2.5.jar\n[bf14cc9f-f483-427a-bb73-6985a111f550/Test JDK 11, ubuntu-latest]   | [INFO] Downloaded from central: https://repo.maven.apache.org/maven2/org/sonatype/plexus/plexus-build-api/0.0.7/plexus-build-api-0.0.7.jar (8.5 kB at 32 kB/s)\n[bf14cc9f-f483-427a-bb73-6985a111f550/Test JDK 11, ubuntu-latest]   | [INFO] Downloading from central: https://repo.maven.apache.org/maven2/org/codehaus/plexus/plexus-interpolation/1.24/plexus-interpolation-1.24.jar\n[bf14cc9f-f483-427a-bb73-6985a111f550/Test JDK 11, ubuntu-latest]   | [INFO] Downloaded from central: https://repo.maven.apache.org/maven2/org/codehaus/plexus/plexus-interpolation/1.24/plexus-interpolation-1.24.jar (79 kB at 268 kB/s)\n[bf14cc9f-f483-427a-bb73-6985a111f550/Test JDK 11, ubuntu-latest]   | [INFO] Downloaded from central: https://repo.maven.apache.org/maven2/commons-io/commons-io/2.5/commons-io-2.5.jar (209 kB at 669 kB/s)\n[bf14cc9f-f483-427a-bb73-6985a111f550/Test JDK 11, ubuntu-latest]   | [INFO] Downloaded from central: https://repo.maven.apache.org/maven2/org/codehaus/plexus/plexus-utils/3.0.24/plexus-utils-3.0.24.jar (247 kB at 790 kB/s)\n[bf14cc9f-f483-427a-bb73-6985a111f550/Test JDK 11, ubuntu-latest]   | [INFO] Downloaded from central: https://repo.maven.apache.org/maven2/org/codehaus/plexus/plexus-classworlds/2.2.3/plexus-classworlds-2.2.3.jar (46 kB at 96 kB/s)\n[bf14cc9f-f483-427a-bb73-6985a111f550/Test JDK 11, ubuntu-latest]   | [INFO] Downloaded from central: https://repo.maven.apache.org/maven2/org/apache/maven/shared/maven-shared-utils/3.0.0/maven-shared-utils-3.0.0.jar (155 kB at 294 kB/s)\n[bf14cc9f-f483-427a-bb73-6985a111f550/Test JDK 11, ubuntu-latest]   | [INFO] Using 'UTF-8' encoding to copy filtered resources.\n[bf14cc9f-f483-427a-bb73-6985a111f550/Test JDK 11, ubuntu-latest]   | [INFO] Copying 38 resources\n[bf14cc9f-f483-427a-bb73-6985a111f550/Test JDK 11, ubuntu-latest]   | [INFO] \n[bf14cc9f-f483-427a-bb73-6985a111f550/Test JDK 11, ubuntu-latest]   | [INFO] --- maven-compiler-plugin:3.8.1:compile (default-compile) @ jitwatch-core ---\n[bf14cc9f-f483-427a-bb73-6985a111f550/Test JDK 11, ubuntu-latest]   | [INFO] Downloading from central: https://repo.maven.apache.org/maven2/org/codehaus/plexus/plexus-component-annotations/1.7.1/plexus-component-annotations-1.7.1.pom\n[bf14cc9f-f483-427a-bb73-6985a111f550/Test JDK 11, ubuntu-latest]   | [INFO] Downloaded from central: https://repo.maven.apache.org/maven2/org/codehaus/plexus/plexus-component-annotations/1.7.1/plexus-component-annotations-1.7.1.pom (770 B at 26 kB/s)\n[bf14cc9f-f483-427a-bb73-6985a111f550/Test JDK 11, ubuntu-latest]   | [INFO] Downloading from central: https://repo.maven.apache.org/maven2/org/codehaus/plexus/plexus-containers/1.7.1/plexus-containers-1.7.1.pom\n[bf14cc9f-f483-427a-bb73-6985a111f550/Test JDK 11, ubuntu-latest]   | [INFO] Downloaded from central: https://repo.maven.apache.org/maven2/org/codehaus/plexus/plexus-containers/1.7.1/plexus-containers-1.7.1.pom (5.0 kB at 162 kB/s)\n[bf14cc9f-f483-427a-bb73-6985a111f550/Test JDK 11, ubuntu-latest]   | [INFO] Downloading from central: https://repo.maven.apache.org/maven2/org/apache/maven/shared/maven-shared-utils/3.2.1/maven-shared-utils-3.2.1.pom\n[bf14cc9f-f483-427a-bb73-6985a111f550/Test JDK 11, ubuntu-latest]   | [INFO] Downloaded from central: https://repo.maven.apache.org/maven2/org/apache/maven/shared/maven-shared-utils/3.2.1/maven-shared-utils-3.2.1.pom (5.6 kB at 19 kB/s)\n[bf14cc9f-f483-427a-bb73-6985a111f550/Test JDK 11, ubuntu-latest]   | [INFO] Downloading from central: https://repo.maven.apache.org/maven2/org/apache/maven/shared/maven-shared-incremental/1.1/maven-shared-incremental-1.1.pom\n[bf14cc9f-f483-427a-bb73-6985a111f550/Test JDK 11, ubuntu-latest]   | [INFO] Downloaded from central: https://repo.maven.apache.org/maven2/org/apache/maven/shared/maven-shared-incremental/1.1/maven-shared-incremental-1.1.pom (4.7 kB at 108 kB/s)\n[bf14cc9f-f483-427a-bb73-6985a111f550/Test JDK 11, ubuntu-latest]   | [INFO] Downloading from central: https://repo.maven.apache.org/maven2/org/apache/maven/shared/maven-shared-components/19/maven-shared-components-19.pom\n[bf14cc9f-f483-427a-bb73-6985a111f550/Test JDK 11, ubuntu-latest]   | [INFO] Downloaded from central: https://repo.maven.apache.org/maven2/org/apache/maven/shared/maven-shared-components/19/maven-shared-components-19.pom (6.4 kB at 227 kB/s)\n[bf14cc9f-f483-427a-bb73-6985a111f550/Test JDK 11, ubuntu-latest]   | [INFO] Downloading from central: https://repo.maven.apache.org/maven2/org/apache/maven/maven-parent/23/maven-parent-23.pom\n[bf14cc9f-f483-427a-bb73-6985a111f550/Test JDK 11, ubuntu-latest]   | [INFO] Downloaded from central: https://repo.maven.apache.org/maven2/org/apache/maven/maven-parent/23/maven-parent-23.pom (33 kB at 639 kB/s)\n[bf14cc9f-f483-427a-bb73-6985a111f550/Test JDK 11, ubuntu-latest]   | [INFO] Downloading from central: https://repo.maven.apache.org/maven2/org/apache/apache/13/apache-13.pom\n[bf14cc9f-f483-427a-bb73-6985a111f550/Test JDK 11, ubuntu-latest]   | [INFO] Downloaded from central: https://repo.maven.apache.org/maven2/org/apache/apache/13/apache-13.pom (14 kB at 423 kB/s)\n[bf14cc9f-f483-427a-bb73-6985a111f550/Test JDK 11, ubuntu-latest]   | [INFO] Downloading from central: https://repo.maven.apache.org/maven2/org/apache/maven/maven-plugin-api/2.2.1/maven-plugin-api-2.2.1.pom\n[bf14cc9f-f483-427a-bb73-6985a111f550/Test JDK 11, ubuntu-latest]   | [INFO] Downloaded from central: https://repo.maven.apache.org/maven2/org/apache/maven/maven-plugin-api/2.2.1/maven-plugin-api-2.2.1.pom (1.5 kB at 73 kB/s)\n[bf14cc9f-f483-427a-bb73-6985a111f550/Test JDK 11, ubuntu-latest]   | [INFO] Downloading from central: https://repo.maven.apache.org/maven2/org/apache/maven/maven/2.2.1/maven-2.2.1.pom\n[bf14cc9f-f483-427a-bb73-6985a111f550/Test JDK 11, ubuntu-latest]   | [INFO] Downloaded from central: https://repo.maven.apache.org/maven2/org/apache/maven/maven/2.2.1/maven-2.2.1.pom (22 kB at 723 kB/s)\n[bf14cc9f-f483-427a-bb73-6985a111f550/Test JDK 11, ubuntu-latest]   | [INFO] Downloading from central: https://repo.maven.apache.org/maven2/org/apache/maven/maven-parent/11/maven-parent-11.pom\n[bf14cc9f-f483-427a-bb73-6985a111f550/Test JDK 11, ubuntu-latest]   | [INFO] Downloaded from central: https://repo.maven.apache.org/maven2/org/apache/maven/maven-parent/11/maven-parent-11.pom (32 kB at 1.0 MB/s)\n[bf14cc9f-f483-427a-bb73-6985a111f550/Test JDK 11, ubuntu-latest]   | [INFO] Downloading from central: https://repo.maven.apache.org/maven2/org/apache/apache/5/apache-5.pom\n[bf14cc9f-f483-427a-bb73-6985a111f550/Test JDK 11, ubuntu-latest]   | [INFO] Downloaded from central: https://repo.maven.apache.org/maven2/org/apache/apache/5/apache-5.pom (4.1 kB at 273 kB/s)\n[bf14cc9f-f483-427a-bb73-6985a111f550/Test JDK 11, ubuntu-latest]   | [INFO] Downloading from central: https://repo.maven.apache.org/maven2/org/apache/maven/maven-core/2.2.1/maven-core-2.2.1.pom\n[bf14cc9f-f483-427a-bb73-6985a111f550/Test JDK 11, ubuntu-latest]   | [INFO] Downloaded from central: https://repo.maven.apache.org/maven2/org/apache/maven/maven-core/2.2.1/maven-core-2.2.1.pom (12 kB at 582 kB/s)\n[bf14cc9f-f483-427a-bb73-6985a111f550/Test JDK 11, ubuntu-latest]   | [INFO] Downloading from central: https://repo.maven.apache.org/maven2/org/apache/maven/maven-settings/2.2.1/maven-settings-2.2.1.pom\n[bf14cc9f-f483-427a-bb73-6985a111f550/Test JDK 11, ubuntu-latest]   | [INFO] Downloaded from central: https://repo.maven.apache.org/maven2/org/apache/maven/maven-settings/2.2.1/maven-settings-2.2.1.pom (2.2 kB at 81 kB/s)\n[bf14cc9f-f483-427a-bb73-6985a111f550/Test JDK 11, ubuntu-latest]   | [INFO] Downloading from central: https://repo.maven.apache.org/maven2/org/apache/maven/maven-model/2.2.1/maven-model-2.2.1.pom\n[bf14cc9f-f483-427a-bb73-6985a111f550/Test JDK 11, ubuntu-latest]   | [INFO] Downloaded from central: https://repo.maven.apache.org/maven2/org/apache/maven/maven-model/2.2.1/maven-model-2.2.1.pom (3.2 kB at 154 kB/s)\n[bf14cc9f-f483-427a-bb73-6985a111f550/Test JDK 11, ubuntu-latest]   | [INFO] Downloading from central: https://repo.maven.apache.org/maven2/org/codehaus/plexus/plexus-utils/1.5.15/plexus-utils-1.5.15.pom\n[bf14cc9f-f483-427a-bb73-6985a111f550/Test JDK 11, ubuntu-latest]   | [INFO] Downloaded from central: https://repo.maven.apache.org/maven2/org/codehaus/plexus/plexus-utils/1.5.15/plexus-utils-1.5.15.pom (6.8 kB at 326 kB/s)\n[bf14cc9f-f483-427a-bb73-6985a111f550/Test JDK 11, ubuntu-latest]   | [INFO] Downloading from central: https://repo.maven.apache.org/maven2/org/codehaus/plexus/plexus-interpolation/1.11/plexus-interpolation-1.11.pom\n[bf14cc9f-f483-427a-bb73-6985a111f550/Test JDK 11, ubuntu-latest]   | [INFO] Downloaded from central: https://repo.maven.apache.org/maven2/org/codehaus/plexus/plexus-interpolation/1.11/plexus-interpolation-1.11.pom (889 B at 89 kB/s)\n[bf14cc9f-f483-427a-bb73-6985a111f550/Test JDK 11, ubuntu-latest]   | [INFO] Downloading from central: https://repo.maven.apache.org/maven2/org/codehaus/plexus/plexus-components/1.1.14/plexus-components-1.1.14.pom\n[bf14cc9f-f483-427a-bb73-6985a111f550/Test JDK 11, ubuntu-latest]   | [INFO] Downloaded from central: https://repo.maven.apache.org/maven2/org/codehaus/plexus/plexus-components/1.1.14/plexus-components-1.1.14.pom (5.8 kB at 266 kB/s)\n[bf14cc9f-f483-427a-bb73-6985a111f550/Test JDK 11, ubuntu-latest]   | [INFO] Downloading from central: https://repo.maven.apache.org/maven2/org/apache/maven/maven-plugin-parameter-documenter/2.2.1/maven-plugin-parameter-documenter-2.2.1.pom\n[bf14cc9f-f483-427a-bb73-6985a111f550/Test JDK 11, ubuntu-latest]   | [INFO] Downloaded from central: https://repo.maven.apache.org/maven2/org/apache/maven/maven-plugin-parameter-documenter/2.2.1/maven-plugin-parameter-documenter-2.2.1.pom (2.0 kB at 85 kB/s)\n[bf14cc9f-f483-427a-bb73-6985a111f550/Test JDK 11, ubuntu-latest]   | [INFO] Downloading from central: https://repo.maven.apache.org/maven2/org/slf4j/slf4j-jdk14/1.5.6/slf4j-jdk14-1.5.6.pom\n[bf14cc9f-f483-427a-bb73-6985a111f550/Test JDK 11, ubuntu-latest]   | [INFO] Downloaded from central: https://repo.maven.apache.org/maven2/org/slf4j/slf4j-jdk14/1.5.6/slf4j-jdk14-1.5.6.pom (1.9 kB at 95 kB/s)\n[bf14cc9f-f483-427a-bb73-6985a111f550/Test JDK 11, ubuntu-latest]   | [INFO] Downloading from central: https://repo.maven.apache.org/maven2/org/slf4j/slf4j-parent/1.5.6/slf4j-parent-1.5.6.pom\n[bf14cc9f-f483-427a-bb73-6985a111f550/Test JDK 11, ubuntu-latest]   | [INFO] Downloaded from central: https://repo.maven.apache.org/maven2/org/slf4j/slf4j-parent/1.5.6/slf4j-parent-1.5.6.pom (7.9 kB at 396 kB/s)\n[bf14cc9f-f483-427a-bb73-6985a111f550/Test JDK 11, ubuntu-latest]   | [INFO] Downloading from central: https://repo.maven.apache.org/maven2/org/slf4j/slf4j-api/1.5.6/slf4j-api-1.5.6.pom\n[bf14cc9f-f483-427a-bb73-6985a111f550/Test JDK 11, ubuntu-latest]   | [INFO] Downloaded from central: https://repo.maven.apache.org/maven2/org/slf4j/slf4j-api/1.5.6/slf4j-api-1.5.6.pom (3.0 kB at 142 kB/s)\n[bf14cc9f-f483-427a-bb73-6985a111f550/Test JDK 11, ubuntu-latest]   | [INFO] Downloading from central: https://repo.maven.apache.org/maven2/org/slf4j/jcl-over-slf4j/1.5.6/jcl-over-slf4j-1.5.6.pom\n[bf14cc9f-f483-427a-bb73-6985a111f550/Test JDK 11, ubuntu-latest]   | [INFO] Downloaded from central: https://repo.maven.apache.org/maven2/org/slf4j/jcl-over-slf4j/1.5.6/jcl-over-slf4j-1.5.6.pom (2.2 kB at 99 kB/s)\n[bf14cc9f-f483-427a-bb73-6985a111f550/Test JDK 11, ubuntu-latest]   | [INFO] Downloading from central: https://repo.maven.apache.org/maven2/org/apache/maven/maven-profile/2.2.1/maven-profile-2.2.1.pom\n[bf14cc9f-f483-427a-bb73-6985a111f550/Test JDK 11, ubuntu-latest]   | [INFO] Downloaded from central: https://repo.maven.apache.org/maven2/org/apache/maven/maven-profile/2.2.1/maven-profile-2.2.1.pom (2.2 kB at 114 kB/s)\n[bf14cc9f-f483-427a-bb73-6985a111f550/Test JDK 11, ubuntu-latest]   | [INFO] Downloading from central: https://repo.maven.apache.org/maven2/org/apache/maven/maven-artifact/2.2.1/maven-artifact-2.2.1.pom\n[bf14cc9f-f483-427a-bb73-6985a111f550/Test JDK 11, ubuntu-latest]   | [INFO] Downloaded from central: https://repo.maven.apache.org/maven2/org/apache/maven/maven-artifact/2.2.1/maven-artifact-2.2.1.pom (1.6 kB at 93 kB/s)\n[bf14cc9f-f483-427a-bb73-6985a111f550/Test JDK 11, ubuntu-latest]   | [INFO] Downloading from central: https://repo.maven.apache.org/maven2/org/apache/maven/maven-repository-metadata/2.2.1/maven-repository-metadata-2.2.1.pom\n[bf14cc9f-f483-427a-bb73-6985a111f550/Test JDK 11, ubuntu-latest]   | [INFO] Downloaded from central: https://repo.maven.apache.org/maven2/org/apache/maven/maven-repository-metadata/2.2.1/maven-repository-metadata-2.2.1.pom (1.9 kB at 125 kB/s)\n[bf14cc9f-f483-427a-bb73-6985a111f550/Test JDK 11, ubuntu-latest]   | [INFO] Downloading from central: https://repo.maven.apache.org/maven2/org/apache/maven/maven-error-diagnostics/2.2.1/maven-error-diagnostics-2.2.1.pom\n[bf14cc9f-f483-427a-bb73-6985a111f550/Test JDK 11, ubuntu-latest]   | [INFO] Downloaded from central: https://repo.maven.apache.org/maven2/org/apache/maven/maven-error-diagnostics/2.2.1/maven-error-diagnostics-2.2.1.pom (1.7 kB at 100 kB/s)\n[bf14cc9f-f483-427a-bb73-6985a111f550/Test JDK 11, ubuntu-latest]   | [INFO] Downloading from central: https://repo.maven.apache.org/maven2/org/apache/maven/maven-project/2.2.1/maven-project-2.2.1.pom\n[bf14cc9f-f483-427a-bb73-6985a111f550/Test JDK 11, ubuntu-latest]   | [INFO] Downloaded from central: https://repo.maven.apache.org/maven2/org/apache/maven/maven-project/2.2.1/maven-project-2.2.1.pom (2.8 kB at 82 kB/s)\n[bf14cc9f-f483-427a-bb73-6985a111f550/Test JDK 11, ubuntu-latest]   | [INFO] Downloading from central: https://repo.maven.apache.org/maven2/org/apache/maven/maven-artifact-manager/2.2.1/maven-artifact-manager-2.2.1.pom\n[bf14cc9f-f483-427a-bb73-6985a111f550/Test JDK 11, ubuntu-latest]   | [INFO] Downloaded from central: https://repo.maven.apache.org/maven2/org/apache/maven/maven-artifact-manager/2.2.1/maven-artifact-manager-2.2.1.pom (3.1 kB at 67 kB/s)\n[bf14cc9f-f483-427a-bb73-6985a111f550/Test JDK 11, ubuntu-latest]   | [INFO] Downloading from central: https://repo.maven.apache.org/maven2/backport-util-concurrent/backport-util-concurrent/3.1/backport-util-concurrent-3.1.pom\n[bf14cc9f-f483-427a-bb73-6985a111f550/Test JDK 11, ubuntu-latest]   | [INFO] Downloaded from central: https://repo.maven.apache.org/maven2/backport-util-concurrent/backport-util-concurrent/3.1/backport-util-concurrent-3.1.pom (880 B at 49 kB/s)\n[bf14cc9f-f483-427a-bb73-6985a111f550/Test JDK 11, ubuntu-latest]   | [INFO] Downloading from central: https://repo.maven.apache.org/maven2/org/apache/maven/maven-plugin-registry/2.2.1/maven-plugin-registry-2.2.1.pom\n[bf14cc9f-f483-427a-bb73-6985a111f550/Test JDK 11, ubuntu-latest]   | [INFO] Downloaded from central: https://repo.maven.apache.org/maven2/org/apache/maven/maven-plugin-registry/2.2.1/maven-plugin-registry-2.2.1.pom (1.9 kB at 62 kB/s)\n[bf14cc9f-f483-427a-bb73-6985a111f550/Test JDK 11, ubuntu-latest]   | [INFO] Downloading from central: https://repo.maven.apache.org/maven2/org/apache/maven/maven-plugin-descriptor/2.2.1/maven-plugin-descriptor-2.2.1.pom\n[bf14cc9f-f483-427a-bb73-6985a111f550/Test JDK 11, ubuntu-latest]   | [INFO] Downloaded from central: https://repo.maven.apache.org/maven2/org/apache/maven/maven-plugin-descriptor/2.2.1/maven-plugin-descriptor-2.2.1.pom (2.1 kB at 74 kB/s)\n[bf14cc9f-f483-427a-bb73-6985a111f550/Test JDK 11, ubuntu-latest]   | [INFO] Downloading from central: https://repo.maven.apache.org/maven2/org/apache/maven/maven-monitor/2.2.1/maven-monitor-2.2.1.pom\n[bf14cc9f-f483-427a-bb73-6985a111f550/Test JDK 11, ubuntu-latest]   | [INFO] Downloaded from central: https://repo.maven.apache.org/maven2/org/apache/maven/maven-monitor/2.2.1/maven-monitor-2.2.1.pom (1.3 kB at 35 kB/s)\n[bf14cc9f-f483-427a-bb73-6985a111f550/Test JDK 11, ubuntu-latest]   | [INFO] Downloading from central: https://repo.maven.apache.org/maven2/org/apache/maven/shared/maven-shared-utils/0.1/maven-shared-utils-0.1.pom\n[bf14cc9f-f483-427a-bb73-6985a111f550/Test JDK 11, ubuntu-latest]   | [INFO] Downloaded from central: https://repo.maven.apache.org/maven2/org/apache/maven/shared/maven-shared-utils/0.1/maven-shared-utils-0.1.pom (4.0 kB at 225 kB/s)\n[bf14cc9f-f483-427a-bb73-6985a111f550/Test JDK 11, ubuntu-latest]   | [INFO] Downloading from central: https://repo.maven.apache.org/maven2/org/apache/maven/shared/maven-shared-components/18/maven-shared-components-18.pom\n[bf14cc9f-f483-427a-bb73-6985a111f550/Test JDK 11, ubuntu-latest]   | [INFO] Downloaded from central: https://repo.maven.apache.org/maven2/org/apache/maven/shared/maven-shared-components/18/maven-shared-components-18.pom (4.9 kB at 215 kB/s)\n[bf14cc9f-f483-427a-bb73-6985a111f550/Test JDK 11, ubuntu-latest]   | [INFO] Downloading from central: https://repo.maven.apache.org/maven2/org/apache/maven/maven-parent/22/maven-parent-22.pom\n[bf14cc9f-f483-427a-bb73-6985a111f550/Test JDK 11, ubuntu-latest]   | [INFO] Downloaded from central: https://repo.maven.apache.org/maven2/org/apache/maven/maven-parent/22/maven-parent-22.pom (30 kB at 991 kB/s)\n[bf14cc9f-f483-427a-bb73-6985a111f550/Test JDK 11, ubuntu-latest]   | [INFO] Downloading from central: https://repo.maven.apache.org/maven2/org/apache/apache/11/apache-11.pom\n[bf14cc9f-f483-427a-bb73-6985a111f550/Test JDK 11, ubuntu-latest]   | [INFO] Downloaded from central: https://repo.maven.apache.org/maven2/org/apache/apache/11/apache-11.pom (15 kB at 673 kB/s)\n[bf14cc9f-f483-427a-bb73-6985a111f550/Test JDK 11, ubuntu-latest]   | [INFO] Downloading from central: https://repo.maven.apache.org/maven2/org/codehaus/plexus/plexus-java/0.9.10/plexus-java-0.9.10.pom\n[bf14cc9f-f483-427a-bb73-6985a111f550/Test JDK 11, ubuntu-latest]   | [INFO] Downloaded from central: https://repo.maven.apache.org/maven2/org/codehaus/plexus/plexus-java/0.9.10/plexus-java-0.9.10.pom (5.1 kB at 269 kB/s)\n[bf14cc9f-f483-427a-bb73-6985a111f550/Test JDK 11, ubuntu-latest]   | [INFO] Downloading from central: https://repo.maven.apache.org/maven2/org/codehaus/plexus/plexus-languages/0.9.10/plexus-languages-0.9.10.pom\n[bf14cc9f-f483-427a-bb73-6985a111f550/Test JDK 11, ubuntu-latest]   | [INFO] Downloaded from central: https://repo.maven.apache.org/maven2/org/codehaus/plexus/plexus-languages/0.9.10/plexus-languages-0.9.10.pom (4.1 kB at 134 kB/s)\n[bf14cc9f-f483-427a-bb73-6985a111f550/Test JDK 11, ubuntu-latest]   | [INFO] Downloading from central: https://repo.maven.apache.org/maven2/org/ow2/asm/asm/6.2/asm-6.2.pom\n[bf14cc9f-f483-427a-bb73-6985a111f550/Test JDK 11, ubuntu-latest]   | [INFO] Downloaded from central: https://repo.maven.apache.org/maven2/org/ow2/asm/asm/6.2/asm-6.2.pom (2.9 kB at 155 kB/s)\n[bf14cc9f-f483-427a-bb73-6985a111f550/Test JDK 11, ubuntu-latest]   | [INFO] Downloading from central: https://repo.maven.apache.org/maven2/org/ow2/ow2/1.5/ow2-1.5.pom\n[bf14cc9f-f483-427a-bb73-6985a111f550/Test JDK 11, ubuntu-latest]   | [INFO] Downloaded from central: https://repo.maven.apache.org/maven2/org/ow2/ow2/1.5/ow2-1.5.pom (11 kB at 449 kB/s)\n[bf14cc9f-f483-427a-bb73-6985a111f550/Test JDK 11, ubuntu-latest]   | [INFO] Downloading from central: https://repo.maven.apache.org/maven2/com/thoughtworks/qdox/qdox/2.0-M9/qdox-2.0-M9.pom\n[bf14cc9f-f483-427a-bb73-6985a111f550/Test JDK 11, ubuntu-latest]   | [INFO] Downloaded from central: https://repo.maven.apache.org/maven2/com/thoughtworks/qdox/qdox/2.0-M9/qdox-2.0-M9.pom (16 kB at 609 kB/s)\n[bf14cc9f-f483-427a-bb73-6985a111f550/Test JDK 11, ubuntu-latest]   | [INFO] Downloading from central: https://repo.maven.apache.org/maven2/org/sonatype/oss/oss-parent/9/oss-parent-9.pom\n[bf14cc9f-f483-427a-bb73-6985a111f550/Test JDK 11, ubuntu-latest]   | [INFO] Downloaded from central: https://repo.maven.apache.org/maven2/org/sonatype/oss/oss-parent/9/oss-parent-9.pom (6.6 kB at 313 kB/s)\n[bf14cc9f-f483-427a-bb73-6985a111f550/Test JDK 11, ubuntu-latest]   | [INFO] Downloading from central: https://repo.maven.apache.org/maven2/org/codehaus/plexus/plexus-compiler-api/2.8.4/plexus-compiler-api-2.8.4.pom\n[bf14cc9f-f483-427a-bb73-6985a111f550/Test JDK 11, ubuntu-latest]   | [INFO] Downloaded from central: https://repo.maven.apache.org/maven2/org/codehaus/plexus/plexus-compiler-api/2.8.4/plexus-compiler-api-2.8.4.pom (867 B at 36 kB/s)\n[bf14cc9f-f483-427a-bb73-6985a111f550/Test JDK 11, ubuntu-latest]   | [INFO] Downloading from central: https://repo.maven.apache.org/maven2/org/codehaus/plexus/plexus-compiler/2.8.4/plexus-compiler-2.8.4.pom\n[bf14cc9f-f483-427a-bb73-6985a111f550/Test JDK 11, ubuntu-latest]   | [INFO] Downloaded from central: https://repo.maven.apache.org/maven2/org/codehaus/plexus/plexus-compiler/2.8.4/plexus-compiler-2.8.4.pom (6.0 kB at 402 kB/s)\n[bf14cc9f-f483-427a-bb73-6985a111f550/Test JDK 11, ubuntu-latest]   | [INFO] Downloading from central: https://repo.maven.apache.org/maven2/org/codehaus/plexus/plexus-components/4.0/plexus-components-4.0.pom\n[bf14cc9f-f483-427a-bb73-6985a111f550/Test JDK 11, ubuntu-latest]   | [INFO] Downloaded from central: https://repo.maven.apache.org/maven2/org/codehaus/plexus/plexus-components/4.0/plexus-components-4.0.pom (2.7 kB at 127 kB/s)\n[bf14cc9f-f483-427a-bb73-6985a111f550/Test JDK 11, ubuntu-latest]   | [INFO] Downloading from central: https://repo.maven.apache.org/maven2/org/codehaus/plexus/plexus-utils/3.0.22/plexus-utils-3.0.22.pom\n[bf14cc9f-f483-427a-bb73-6985a111f550/Test JDK 11, ubuntu-latest]   | [INFO] Downloaded from central: https://repo.maven.apache.org/maven2/org/codehaus/plexus/plexus-utils/3.0.22/plexus-utils-3.0.22.pom (3.8 kB at 132 kB/s)\n[bf14cc9f-f483-427a-bb73-6985a111f550/Test JDK 11, ubuntu-latest]   | [INFO] Downloading from central: https://repo.maven.apache.org/maven2/org/codehaus/plexus/plexus-compiler-manager/2.8.4/plexus-compiler-manager-2.8.4.pom\n[bf14cc9f-f483-427a-bb73-6985a111f550/Test JDK 11, ubuntu-latest]   | [INFO] Downloaded from central: https://repo.maven.apache.org/maven2/org/codehaus/plexus/plexus-compiler-manager/2.8.4/plexus-compiler-manager-2.8.4.pom (692 B at 24 kB/s)\n[bf14cc9f-f483-427a-bb73-6985a111f550/Test JDK 11, ubuntu-latest]   | [INFO] Downloading from central: https://repo.maven.apache.org/maven2/org/codehaus/plexus/plexus-compiler-javac/2.8.4/plexus-compiler-javac-2.8.4.pom\n[bf14cc9f-f483-427a-bb73-6985a111f550/Test JDK 11, ubuntu-latest]   | [INFO] Downloaded from central: https://repo.maven.apache.org/maven2/org/codehaus/plexus/plexus-compiler-javac/2.8.4/plexus-compiler-javac-2.8.4.pom (771 B at 43 kB/s)\n[bf14cc9f-f483-427a-bb73-6985a111f550/Test JDK 11, ubuntu-latest]   | [INFO] Downloading from central: https://repo.maven.apache.org/maven2/org/codehaus/plexus/plexus-compilers/2.8.4/plexus-compilers-2.8.4.pom\n[bf14cc9f-f483-427a-bb73-6985a111f550/Test JDK 11, ubuntu-latest]   | [INFO] Downloaded from central: https://repo.maven.apache.org/maven2/org/codehaus/plexus/plexus-compilers/2.8.4/plexus-compilers-2.8.4.pom (1.3 kB at 96 kB/s)\n[bf14cc9f-f483-427a-bb73-6985a111f550/Test JDK 11, ubuntu-latest]   | [INFO] Downloading from central: https://repo.maven.apache.org/maven2/org/codehaus/plexus/plexus-utils/2.0.4/plexus-utils-2.0.4.jar\n[bf14cc9f-f483-427a-bb73-6985a111f550/Test JDK 11, ubuntu-latest]   | [INFO] Downloading from central: https://repo.maven.apache.org/maven2/org/codehaus/plexus/plexus-component-annotations/1.7.1/plexus-component-annotations-1.7.1.jar\n[bf14cc9f-f483-427a-bb73-6985a111f550/Test JDK 11, ubuntu-latest]   | [INFO] Downloading from central: https://repo.maven.apache.org/maven2/org/codehaus/plexus/plexus-interpolation/1.14/plexus-interpolation-1.14.jar\n[bf14cc9f-f483-427a-bb73-6985a111f550/Test JDK 11, ubuntu-latest]   | [INFO] Downloading from central: https://repo.maven.apache.org/maven2/org/apache/maven/shared/maven-shared-utils/3.2.1/maven-shared-utils-3.2.1.jar\n[bf14cc9f-f483-427a-bb73-6985a111f550/Test JDK 11, ubuntu-latest]   | [INFO] Downloading from central: https://repo.maven.apache.org/maven2/org/apache/maven/shared/maven-shared-incremental/1.1/maven-shared-incremental-1.1.jar\n[bf14cc9f-f483-427a-bb73-6985a111f550/Test JDK 11, ubuntu-latest]   | [INFO] Downloaded from central: https://repo.maven.apache.org/maven2/org/codehaus/plexus/plexus-component-annotations/1.7.1/plexus-component-annotations-1.7.1.jar (4.3 kB at 286 kB/s)\n[bf14cc9f-f483-427a-bb73-6985a111f550/Test JDK 11, ubuntu-latest]   | [INFO] Downloading from central: https://repo.maven.apache.org/maven2/org/codehaus/plexus/plexus-java/0.9.10/plexus-java-0.9.10.jar\n[bf14cc9f-f483-427a-bb73-6985a111f550/Test JDK 11, ubuntu-latest]   | [INFO] Downloaded from central: https://repo.maven.apache.org/maven2/org/apache/maven/shared/maven-shared-incremental/1.1/maven-shared-incremental-1.1.jar (14 kB at 645 kB/s)\n[bf14cc9f-f483-427a-bb73-6985a111f550/Test JDK 11, ubuntu-latest]   | [INFO] Downloading from central: https://repo.maven.apache.org/maven2/org/ow2/asm/asm/6.2/asm-6.2.jar\n[bf14cc9f-f483-427a-bb73-6985a111f550/Test JDK 11, ubuntu-latest]   | [INFO] Downloaded from central: https://repo.maven.apache.org/maven2/org/ow2/asm/asm/6.2/asm-6.2.jar (111 kB at 4.1 MB/s)\n[bf14cc9f-f483-427a-bb73-6985a111f550/Test JDK 11, ubuntu-latest]   | [INFO] Downloading from central: https://repo.maven.apache.org/maven2/com/thoughtworks/qdox/qdox/2.0-M9/qdox-2.0-M9.jar\n[bf14cc9f-f483-427a-bb73-6985a111f550/Test JDK 11, ubuntu-latest]   | [INFO] Downloaded from central: https://repo.maven.apache.org/maven2/org/codehaus/plexus/plexus-interpolation/1.14/plexus-interpolation-1.14.jar (61 kB at 1.6 MB/s)\n[bf14cc9f-f483-427a-bb73-6985a111f550/Test JDK 11, ubuntu-latest]   | [INFO] Downloading from central: https://repo.maven.apache.org/maven2/org/codehaus/plexus/plexus-compiler-api/2.8.4/plexus-compiler-api-2.8.4.jar\n[bf14cc9f-f483-427a-bb73-6985a111f550/Test JDK 11, ubuntu-latest]   | [INFO] Downloaded from central: https://repo.maven.apache.org/maven2/org/apache/maven/shared/maven-shared-utils/3.2.1/maven-shared-utils-3.2.1.jar (167 kB at 3.7 MB/s)\n[bf14cc9f-f483-427a-bb73-6985a111f550/Test JDK 11, ubuntu-latest]   | [INFO] Downloading from central: https://repo.maven.apache.org/maven2/org/codehaus/plexus/plexus-compiler-manager/2.8.4/plexus-compiler-manager-2.8.4.jar\n[bf14cc9f-f483-427a-bb73-6985a111f550/Test JDK 11, ubuntu-latest]   | [INFO] Downloaded from central: https://repo.maven.apache.org/maven2/org/codehaus/plexus/plexus-utils/2.0.4/plexus-utils-2.0.4.jar (222 kB at 4.6 MB/s)\n[bf14cc9f-f483-427a-bb73-6985a111f550/Test JDK 11, ubuntu-latest]   | [INFO] Downloading from central: https://repo.maven.apache.org/maven2/org/codehaus/plexus/plexus-compiler-javac/2.8.4/plexus-compiler-javac-2.8.4.jar\n[bf14cc9f-f483-427a-bb73-6985a111f550/Test JDK 11, ubuntu-latest]   | [INFO] Downloaded from central: https://repo.maven.apache.org/maven2/org/codehaus/plexus/plexus-compiler-api/2.8.4/plexus-compiler-api-2.8.4.jar (27 kB at 511 kB/s)\n[bf14cc9f-f483-427a-bb73-6985a111f550/Test JDK 11, ubuntu-latest]   | [INFO] Downloaded from central: https://repo.maven.apache.org/maven2/org/codehaus/plexus/plexus-compiler-manager/2.8.4/plexus-compiler-manager-2.8.4.jar (4.7 kB at 91 kB/s)\n[bf14cc9f-f483-427a-bb73-6985a111f550/Test JDK 11, ubuntu-latest]   | [INFO] Downloaded from central: https://repo.maven.apache.org/maven2/org/codehaus/plexus/plexus-compiler-javac/2.8.4/plexus-compiler-javac-2.8.4.jar (21 kB at 409 kB/s)\n[bf14cc9f-f483-427a-bb73-6985a111f550/Test JDK 11, ubuntu-latest]   | [INFO] Downloaded from central: https://repo.maven.apache.org/maven2/com/thoughtworks/qdox/qdox/2.0-M9/qdox-2.0-M9.jar (317 kB at 5.0 MB/s)\n[bf14cc9f-f483-427a-bb73-6985a111f550/Test JDK 11, ubuntu-latest]   | [INFO] Downloaded from central: https://repo.maven.apache.org/maven2/org/codehaus/plexus/plexus-java/0.9.10/plexus-java-0.9.10.jar (39 kB at 512 kB/s)\n[bf14cc9f-f483-427a-bb73-6985a111f550/Test JDK 11, ubuntu-latest]   | [INFO] Changes detected - recompiling the module!\n[bf14cc9f-f483-427a-bb73-6985a111f550/Test JDK 11, ubuntu-latest]   | [INFO] Compiling 180 source files to /tmp/3d783ea4-1661-11ee-8a50-bb14de238602/AdoptOpenJDK-jitwatch/core/target/classes\n[bf14cc9f-f483-427a-bb73-6985a111f550/Test JDK 11, ubuntu-latest]   | [INFO] \n[bf14cc9f-f483-427a-bb73-6985a111f550/Test JDK 11, ubuntu-latest]   | [INFO] --- maven-resources-plugin:3.0.2:testResources (default-testResources) @ jitwatch-core ---\n[bf14cc9f-f483-427a-bb73-6985a111f550/Test JDK 11, ubuntu-latest]   | [INFO] Using 'UTF-8' encoding to copy filtered resources.\n[bf14cc9f-f483-427a-bb73-6985a111f550/Test JDK 11, ubuntu-latest]   | [INFO] Copying 1 resource\n[bf14cc9f-f483-427a-bb73-6985a111f550/Test JDK 11, ubuntu-latest]   | [INFO] \n[bf14cc9f-f483-427a-bb73-6985a111f550/Test JDK 11, ubuntu-latest]   | [INFO] --- maven-compiler-plugin:3.8.1:testCompile (default-testCompile) @ jitwatch-core ---\n[bf14cc9f-f483-427a-bb73-6985a111f550/Test JDK 11, ubuntu-latest]   | [INFO] Changes detected - recompiling the module!\n[bf14cc9f-f483-427a-bb73-6985a111f550/Test JDK 11, ubuntu-latest]   | [INFO] Compiling 39 source files to /tmp/3d783ea4-1661-11ee-8a50-bb14de238602/AdoptOpenJDK-jitwatch/core/target/test-classes\n[bf14cc9f-f483-427a-bb73-6985a111f550/Test JDK 11, ubuntu-latest]   | [WARNING] /tmp/3d783ea4-1661-11ee-8a50-bb14de238602/AdoptOpenJDK-jitwatch/core/src/test/java/org/adoptopenjdk/jitwatch/test/TestPackageManager.java:[49,9] <T>assertThat(T,org.hamcrest.Matcher<? super T>) in org.junit.Assert has been deprecated\n[bf14cc9f-f483-427a-bb73-6985a111f550/Test JDK 11, ubuntu-latest]   | [WARNING] /tmp/3d783ea4-1661-11ee-8a50-bb14de238602/AdoptOpenJDK-jitwatch/core/src/test/java/org/adoptopenjdk/jitwatch/test/TestPackageManager.java:[70,9] <T>assertThat(T,org.hamcrest.Matcher<? super T>) in org.junit.Assert has been deprecated\n[bf14cc9f-f483-427a-bb73-6985a111f550/Test JDK 11, ubuntu-latest]   | [WARNING] /tmp/3d783ea4-1661-11ee-8a50-bb14de238602/AdoptOpenJDK-jitwatch/core/src/test/java/org/adoptopenjdk/jitwatch/test/TestTagProcessor.java:[307,17] <T>assertThat(java.lang.String,T,org.hamcrest.Matcher<? super T>) in org.junit.Assert has been deprecated\n[bf14cc9f-f483-427a-bb73-6985a111f550/Test JDK 11, ubuntu-latest]   | [WARNING] /tmp/3d783ea4-1661-11ee-8a50-bb14de238602/AdoptOpenJDK-jitwatch/core/src/test/java/org/adoptopenjdk/jitwatch/test/TestTagProcessor.java:[327,17] <T>assertThat(java.lang.String,T,org.hamcrest.Matcher<? super T>) in org.junit.Assert has been deprecated\n[bf14cc9f-f483-427a-bb73-6985a111f550/Test JDK 11, ubuntu-latest]   | [WARNING] /tmp/3d783ea4-1661-11ee-8a50-bb14de238602/AdoptOpenJDK-jitwatch/core/src/test/java/org/adoptopenjdk/jitwatch/test/TestTagProcessor.java:[350,17] <T>assertThat(java.lang.String,T,org.hamcrest.Matcher<? super T>) in org.junit.Assert has been deprecated\n[bf14cc9f-f483-427a-bb73-6985a111f550/Test JDK 11, ubuntu-latest]   | [WARNING] /tmp/3d783ea4-1661-11ee-8a50-bb14de238602/AdoptOpenJDK-jitwatch/core/src/test/java/org/adoptopenjdk/jitwatch/test/TestTagProcessor.java:[371,17] <T>assertThat(java.lang.String,T,org.hamcrest.Matcher<? super T>) in org.junit.Assert has been deprecated\n[bf14cc9f-f483-427a-bb73-6985a111f550/Test JDK 11, ubuntu-latest]   | [INFO] \n[bf14cc9f-f483-427a-bb73-6985a111f550/Test JDK 11, ubuntu-latest]   | [INFO] --- maven-surefire-plugin:2.22.2:test (default-test) @ jitwatch-core ---\n[bf14cc9f-f483-427a-bb73-6985a111f550/Test JDK 11, ubuntu-latest]   | [INFO] Downloading from central: https://repo.maven.apache.org/maven2/org/apache/maven/surefire/maven-surefire-common/2.22.2/maven-surefire-common-2.22.2.pom\n[bf14cc9f-f483-427a-bb73-6985a111f550/Test JDK 11, ubuntu-latest]   | [INFO] Downloaded from central: https://repo.maven.apache.org/maven2/org/apache/maven/surefire/maven-surefire-common/2.22.2/maven-surefire-common-2.22.2.pom (11 kB at 477 kB/s)\n[bf14cc9f-f483-427a-bb73-6985a111f550/Test JDK 11, ubuntu-latest]   | [INFO] Downloading from central: https://repo.maven.apache.org/maven2/org/apache/maven/plugin-tools/maven-plugin-annotations/3.5.2/maven-plugin-annotations-3.5.2.pom\n[bf14cc9f-f483-427a-bb73-6985a111f550/Test JDK 11, ubuntu-latest]   | [INFO] Downloaded from central: https://repo.maven.apache.org/maven2/org/apache/maven/plugin-tools/maven-plugin-annotations/3.5.2/maven-plugin-annotations-3.5.2.pom (1.6 kB at 63 kB/s)\n[bf14cc9f-f483-427a-bb73-6985a111f550/Test JDK 11, ubuntu-latest]   | [INFO] Downloading from central: https://repo.maven.apache.org/maven2/org/apache/maven/plugin-tools/maven-plugin-tools/3.5.2/maven-plugin-tools-3.5.2.pom\n[bf14cc9f-f483-427a-bb73-6985a111f550/Test JDK 11, ubuntu-latest]   | [INFO] Downloaded from central: https://repo.maven.apache.org/maven2/org/apache/maven/plugin-tools/maven-plugin-tools/3.5.2/maven-plugin-tools-3.5.2.pom (15 kB at 854 kB/s)\n[bf14cc9f-f483-427a-bb73-6985a111f550/Test JDK 11, ubuntu-latest]   | [INFO] Downloading from central: https://repo.maven.apache.org/maven2/org/apache/maven/maven-parent/31/maven-parent-31.pom\n[bf14cc9f-f483-427a-bb73-6985a111f550/Test JDK 11, ubuntu-latest]   | [INFO] Downloaded from central: https://repo.maven.apache.org/maven2/org/apache/maven/maven-parent/31/maven-parent-31.pom (43 kB at 1.4 MB/s)\n[bf14cc9f-f483-427a-bb73-6985a111f550/Test JDK 11, ubuntu-latest]   | [INFO] Downloading from central: https://repo.maven.apache.org/maven2/org/apache/apache/19/apache-19.pom\n[bf14cc9f-f483-427a-bb73-6985a111f550/Test JDK 11, ubuntu-latest]   | [INFO] Downloaded from central: https://repo.maven.apache.org/maven2/org/apache/apache/19/apache-19.pom (15 kB at 860 kB/s)\n[bf14cc9f-f483-427a-bb73-6985a111f550/Test JDK 11, ubuntu-latest]   | [INFO] Downloading from central: https://repo.maven.apache.org/maven2/org/apache/maven/surefire/surefire-api/2.22.2/surefire-api-2.22.2.pom\n[bf14cc9f-f483-427a-bb73-6985a111f550/Test JDK 11, ubuntu-latest]   | [INFO] Downloaded from central: https://repo.maven.apache.org/maven2/org/apache/maven/surefire/surefire-api/2.22.2/surefire-api-2.22.2.pom (3.5 kB at 253 kB/s)\n[bf14cc9f-f483-427a-bb73-6985a111f550/Test JDK 11, ubuntu-latest]   | [INFO] Downloading from central: https://repo.maven.apache.org/maven2/org/apache/maven/surefire/surefire-logger-api/2.22.2/surefire-logger-api-2.22.2.pom\n[bf14cc9f-f483-427a-bb73-6985a111f550/Test JDK 11, ubuntu-latest]   | [INFO] Downloaded from central: https://repo.maven.apache.org/maven2/org/apache/maven/surefire/surefire-logger-api/2.22.2/surefire-logger-api-2.22.2.pom (2.0 kB at 178 kB/s)\n[bf14cc9f-f483-427a-bb73-6985a111f550/Test JDK 11, ubuntu-latest]   | [INFO] Downloading from central: https://repo.maven.apache.org/maven2/org/apache/maven/surefire/surefire-booter/2.22.2/surefire-booter-2.22.2.pom\n[bf14cc9f-f483-427a-bb73-6985a111f550/Test JDK 11, ubuntu-latest]   | [INFO] Downloaded from central: https://repo.maven.apache.org/maven2/org/apache/maven/surefire/surefire-booter/2.22.2/surefire-booter-2.22.2.pom (7.5 kB at 248 kB/s)\n[bf14cc9f-f483-427a-bb73-6985a111f550/Test JDK 11, ubuntu-latest]   | [INFO] Downloading from central: https://repo.maven.apache.org/maven2/org/codehaus/plexus/plexus-container-default/1.0-alpha-9-stable-1/plexus-container-default-1.0-alpha-9-stable-1.pom\n[bf14cc9f-f483-427a-bb73-6985a111f550/Test JDK 11, ubuntu-latest]   | [INFO] Downloaded from central: https://repo.maven.apache.org/maven2/org/codehaus/plexus/plexus-container-default/1.0-alpha-9-stable-1/plexus-container-default-1.0-alpha-9-stable-1.pom (3.9 kB at 172 kB/s)\n[bf14cc9f-f483-427a-bb73-6985a111f550/Test JDK 11, ubuntu-latest]   | [INFO] Downloading from central: https://repo.maven.apache.org/maven2/org/codehaus/plexus/plexus-containers/1.0.3/plexus-containers-1.0.3.pom\n[bf14cc9f-f483-427a-bb73-6985a111f550/Test JDK 11, ubuntu-latest]   | [INFO] Downloaded from central: https://repo.maven.apache.org/maven2/org/codehaus/plexus/plexus-containers/1.0.3/plexus-containers-1.0.3.pom (492 B at 49 kB/s)\n[bf14cc9f-f483-427a-bb73-6985a111f550/Test JDK 11, ubuntu-latest]   | [INFO] Downloading from central: https://repo.maven.apache.org/maven2/org/codehaus/plexus/plexus/1.0.4/plexus-1.0.4.pom\n[bf14cc9f-f483-427a-bb73-6985a111f550/Test JDK 11, ubuntu-latest]   | [INFO] Downloaded from central: https://repo.maven.apache.org/maven2/org/codehaus/plexus/plexus/1.0.4/plexus-1.0.4.pom (5.7 kB at 637 kB/s)\n[bf14cc9f-f483-427a-bb73-6985a111f550/Test JDK 11, ubuntu-latest]   | [INFO] Downloading from central: https://repo.maven.apache.org/maven2/junit/junit/4.12/junit-4.12.pom\n[bf14cc9f-f483-427a-bb73-6985a111f550/Test JDK 11, ubuntu-latest]   | [INFO] Downloaded from central: https://repo.maven.apache.org/maven2/junit/junit/4.12/junit-4.12.pom (24 kB at 1.2 MB/s)\n[bf14cc9f-f483-427a-bb73-6985a111f550/Test JDK 11, ubuntu-latest]   | [INFO] Downloading from central: https://repo.maven.apache.org/maven2/org/codehaus/plexus/plexus-utils/1.0.4/plexus-utils-1.0.4.pom\n[bf14cc9f-f483-427a-bb73-6985a111f550/Test JDK 11, ubuntu-latest]   | [INFO] Downloaded from central: https://repo.maven.apache.org/maven2/org/codehaus/plexus/plexus-utils/1.0.4/plexus-utils-1.0.4.pom (6.9 kB at 245 kB/s)\n[bf14cc9f-f483-427a-bb73-6985a111f550/Test JDK 11, ubuntu-latest]   | [INFO] Downloading from central: https://repo.maven.apache.org/maven2/classworlds/classworlds/1.1-alpha-2/classworlds-1.1-alpha-2.pom\n[bf14cc9f-f483-427a-bb73-6985a111f550/Test JDK 11, ubuntu-latest]   | [INFO] Downloaded from central: https://repo.maven.apache.org/maven2/classworlds/classworlds/1.1-alpha-2/classworlds-1.1-alpha-2.pom (3.1 kB at 80 kB/s)\n[bf14cc9f-f483-427a-bb73-6985a111f550/Test JDK 11, ubuntu-latest]   | [INFO] Downloading from central: https://repo.maven.apache.org/maven2/org/apache/maven/reporting/maven-reporting-api/3.0/maven-reporting-api-3.0.pom\n[bf14cc9f-f483-427a-bb73-6985a111f550/Test JDK 11, ubuntu-latest]   | [INFO] Downloaded from central: https://repo.maven.apache.org/maven2/org/apache/maven/reporting/maven-reporting-api/3.0/maven-reporting-api-3.0.pom (2.4 kB at 148 kB/s)\n[bf14cc9f-f483-427a-bb73-6985a111f550/Test JDK 11, ubuntu-latest]   | [INFO] Downloading from central: https://repo.maven.apache.org/maven2/org/apache/maven/shared/maven-shared-components/15/maven-shared-components-15.pom\n[bf14cc9f-f483-427a-bb73-6985a111f550/Test JDK 11, ubuntu-latest]   | [INFO] Downloaded from central: https://repo.maven.apache.org/maven2/org/apache/maven/shared/maven-shared-components/15/maven-shared-components-15.pom (9.3 kB at 233 kB/s)\n[bf14cc9f-f483-427a-bb73-6985a111f550/Test JDK 11, ubuntu-latest]   | [INFO] Downloading from central: https://repo.maven.apache.org/maven2/org/apache/maven/maven-parent/16/maven-parent-16.pom\n[bf14cc9f-f483-427a-bb73-6985a111f550/Test JDK 11, ubuntu-latest]   | [INFO] Downloaded from central: https://repo.maven.apache.org/maven2/org/apache/maven/maven-parent/16/maven-parent-16.pom (23 kB at 1.5 MB/s)\n[bf14cc9f-f483-427a-bb73-6985a111f550/Test JDK 11, ubuntu-latest]   | [INFO] Downloading from central: https://repo.maven.apache.org/maven2/org/apache/apache/7/apache-7.pom\n[bf14cc9f-f483-427a-bb73-6985a111f550/Test JDK 11, ubuntu-latest]   | [INFO] Downloaded from central: https://repo.maven.apache.org/maven2/org/apache/apache/7/apache-7.pom (14 kB at 451 kB/s)\n[bf14cc9f-f483-427a-bb73-6985a111f550/Test JDK 11, ubuntu-latest]   | [INFO] Downloading from central: https://repo.maven.apache.org/maven2/classworlds/classworlds/1.1/classworlds-1.1.pom\n[bf14cc9f-f483-427a-bb73-6985a111f550/Test JDK 11, ubuntu-latest]   | [INFO] Downloaded from central: https://repo.maven.apache.org/maven2/classworlds/classworlds/1.1/classworlds-1.1.pom (3.3 kB at 115 kB/s)\n[bf14cc9f-f483-427a-bb73-6985a111f550/Test JDK 11, ubuntu-latest]   | [INFO] Downloading from central: https://repo.maven.apache.org/maven2/org/apache/maven/maven-toolchain/2.2.1/maven-toolchain-2.2.1.pom\n[bf14cc9f-f483-427a-bb73-6985a111f550/Test JDK 11, ubuntu-latest]   | [INFO] Downloaded from central: https://repo.maven.apache.org/maven2/org/apache/maven/maven-toolchain/2.2.1/maven-toolchain-2.2.1.pom (3.3 kB at 159 kB/s)\n[bf14cc9f-f483-427a-bb73-6985a111f550/Test JDK 11, ubuntu-latest]   | [INFO] Downloading from central: https://repo.maven.apache.org/maven2/com/thoughtworks/qdox/qdox/2.0-M8/qdox-2.0-M8.pom\n[bf14cc9f-f483-427a-bb73-6985a111f550/Test JDK 11, ubuntu-latest]   | [INFO] Downloaded from central: https://repo.maven.apache.org/maven2/com/thoughtworks/qdox/qdox/2.0-M8/qdox-2.0-M8.pom (16 kB at 880 kB/s)\n[bf14cc9f-f483-427a-bb73-6985a111f550/Test JDK 11, ubuntu-latest]   | [INFO] Downloading from central: https://repo.maven.apache.org/maven2/org/apache/maven/surefire/maven-surefire-common/2.22.2/maven-surefire-common-2.22.2.jar\n[bf14cc9f-f483-427a-bb73-6985a111f550/Test JDK 11, ubuntu-latest]   | [INFO] Downloading from central: https://repo.maven.apache.org/maven2/org/apache/maven/maven-plugin-api/2.2.1/maven-plugin-api-2.2.1.jar\n[bf14cc9f-f483-427a-bb73-6985a111f550/Test JDK 11, ubuntu-latest]   | [INFO] Downloading from central: https://repo.maven.apache.org/maven2/org/apache/maven/plugin-tools/maven-plugin-annotations/3.5.2/maven-plugin-annotations-3.5.2.jar\n[bf14cc9f-f483-427a-bb73-6985a111f550/Test JDK 11, ubuntu-latest]   | [INFO] Downloading from central: https://repo.maven.apache.org/maven2/org/apache/maven/surefire/surefire-api/2.22.2/surefire-api-2.22.2.jar\n[bf14cc9f-f483-427a-bb73-6985a111f550/Test JDK 11, ubuntu-latest]   | [INFO] Downloading from central: https://repo.maven.apache.org/maven2/org/apache/maven/surefire/surefire-logger-api/2.22.2/surefire-logger-api-2.22.2.jar\n[bf14cc9f-f483-427a-bb73-6985a111f550/Test JDK 11, ubuntu-latest]   | [INFO] Downloaded from central: https://repo.maven.apache.org/maven2/org/apache/maven/plugin-tools/maven-plugin-annotations/3.5.2/maven-plugin-annotations-3.5.2.jar (14 kB at 594 kB/s)\n[bf14cc9f-f483-427a-bb73-6985a111f550/Test JDK 11, ubuntu-latest]   | [INFO] Downloading from central: https://repo.maven.apache.org/maven2/org/apache/maven/surefire/surefire-booter/2.22.2/surefire-booter-2.22.2.jar\n[bf14cc9f-f483-427a-bb73-6985a111f550/Test JDK 11, ubuntu-latest]   | [INFO] Downloaded from central: https://repo.maven.apache.org/maven2/org/apache/maven/surefire/surefire-logger-api/2.22.2/surefire-logger-api-2.22.2.jar (13 kB at 494 kB/s)\n[bf14cc9f-f483-427a-bb73-6985a111f550/Test JDK 11, ubuntu-latest]   | [INFO] Downloading from central: https://repo.maven.apache.org/maven2/org/apache/maven/maven-artifact/2.2.1/maven-artifact-2.2.1.jar\n[bf14cc9f-f483-427a-bb73-6985a111f550/Test JDK 11, ubuntu-latest]   | [INFO] Downloaded from central: https://repo.maven.apache.org/maven2/org/apache/maven/maven-plugin-api/2.2.1/maven-plugin-api-2.2.1.jar (12 kB at 281 kB/s)\n[bf14cc9f-f483-427a-bb73-6985a111f550/Test JDK 11, ubuntu-latest]   | [INFO] Downloading from central: https://repo.maven.apache.org/maven2/org/codehaus/plexus/plexus-utils/1.5.15/plexus-utils-1.5.15.jar\n[bf14cc9f-f483-427a-bb73-6985a111f550/Test JDK 11, ubuntu-latest]   | [INFO] Downloaded from central: https://repo.maven.apache.org/maven2/org/apache/maven/surefire/surefire-api/2.22.2/surefire-api-2.22.2.jar (186 kB at 3.6 MB/s)\n[bf14cc9f-f483-427a-bb73-6985a111f550/Test JDK 11, ubuntu-latest]   | [INFO] Downloading from central: https://repo.maven.apache.org/maven2/org/apache/maven/maven-plugin-descriptor/2.2.1/maven-plugin-descriptor-2.2.1.jar\n[bf14cc9f-f483-427a-bb73-6985a111f550/Test JDK 11, ubuntu-latest]   | [INFO] Downloaded from central: https://repo.maven.apache.org/maven2/org/apache/maven/surefire/surefire-booter/2.22.2/surefire-booter-2.22.2.jar (274 kB at 4.9 MB/s)\n[bf14cc9f-f483-427a-bb73-6985a111f550/Test JDK 11, ubuntu-latest]   | [INFO] Downloading from central: https://repo.maven.apache.org/maven2/org/codehaus/plexus/plexus-container-default/1.0-alpha-9-stable-1/plexus-container-default-1.0-alpha-9-stable-1.jar\n[bf14cc9f-f483-427a-bb73-6985a111f550/Test JDK 11, ubuntu-latest]   | [INFO] Downloaded from central: https://repo.maven.apache.org/maven2/org/apache/maven/maven-artifact/2.2.1/maven-artifact-2.2.1.jar (80 kB at 1.4 MB/s)\n[bf14cc9f-f483-427a-bb73-6985a111f550/Test JDK 11, ubuntu-latest]   | [INFO] Downloading from central: https://repo.maven.apache.org/maven2/junit/junit/4.12/junit-4.12.jar\n[bf14cc9f-f483-427a-bb73-6985a111f550/Test JDK 11, ubuntu-latest]   | [INFO] Downloaded from central: https://repo.maven.apache.org/maven2/org/apache/maven/surefire/maven-surefire-common/2.22.2/maven-surefire-common-2.22.2.jar (528 kB at 8.7 MB/s)\n[bf14cc9f-f483-427a-bb73-6985a111f550/Test JDK 11, ubuntu-latest]   | [INFO] Downloading from central: https://repo.maven.apache.org/maven2/org/apache/maven/maven-project/2.2.1/maven-project-2.2.1.jar\n[bf14cc9f-f483-427a-bb73-6985a111f550/Test JDK 11, ubuntu-latest]   | [INFO] Downloaded from central: https://repo.maven.apache.org/maven2/org/apache/maven/maven-plugin-descriptor/2.2.1/maven-plugin-descriptor-2.2.1.jar (39 kB at 479 kB/s)\n[bf14cc9f-f483-427a-bb73-6985a111f550/Test JDK 11, ubuntu-latest]   | [INFO] Downloading from central: https://repo.maven.apache.org/maven2/org/apache/maven/maven-settings/2.2.1/maven-settings-2.2.1.jar\n[bf14cc9f-f483-427a-bb73-6985a111f550/Test JDK 11, ubuntu-latest]   | [INFO] Downloaded from central: https://repo.maven.apache.org/maven2/org/apache/maven/maven-project/2.2.1/maven-project-2.2.1.jar (156 kB at 1.8 MB/s)\n[bf14cc9f-f483-427a-bb73-6985a111f550/Test JDK 11, ubuntu-latest]   | [INFO] Downloading from central: https://repo.maven.apache.org/maven2/org/apache/maven/maven-profile/2.2.1/maven-profile-2.2.1.jar\n[bf14cc9f-f483-427a-bb73-6985a111f550/Test JDK 11, ubuntu-latest]   | [INFO] Downloaded from central: https://repo.maven.apache.org/maven2/org/codehaus/plexus/plexus-utils/1.5.15/plexus-utils-1.5.15.jar (228 kB at 2.5 MB/s)\n[bf14cc9f-f483-427a-bb73-6985a111f550/Test JDK 11, ubuntu-latest]   | [INFO] Downloading from central: https://repo.maven.apache.org/maven2/org/apache/maven/maven-artifact-manager/2.2.1/maven-artifact-manager-2.2.1.jar\n[bf14cc9f-f483-427a-bb73-6985a111f550/Test JDK 11, ubuntu-latest]   | [INFO] Downloaded from central: https://repo.maven.apache.org/maven2/org/codehaus/plexus/plexus-container-default/1.0-alpha-9-stable-1/plexus-container-default-1.0-alpha-9-stable-1.jar (194 kB at 2.0 MB/s)\n[bf14cc9f-f483-427a-bb73-6985a111f550/Test JDK 11, ubuntu-latest]   | [INFO] Downloading from central: https://repo.maven.apache.org/maven2/backport-util-concurrent/backport-util-concurrent/3.1/backport-util-concurrent-3.1.jar\n[bf14cc9f-f483-427a-bb73-6985a111f550/Test JDK 11, ubuntu-latest]   | [INFO] Downloaded from central: https://repo.maven.apache.org/maven2/junit/junit/4.12/junit-4.12.jar (315 kB at 3.2 MB/s)\n[bf14cc9f-f483-427a-bb73-6985a111f550/Test JDK 11, ubuntu-latest]   | [INFO] Downloading from central: https://repo.maven.apache.org/maven2/org/apache/maven/maven-plugin-registry/2.2.1/maven-plugin-registry-2.2.1.jar\n[bf14cc9f-f483-427a-bb73-6985a111f550/Test JDK 11, ubuntu-latest]   | [INFO] Downloaded from central: https://repo.maven.apache.org/maven2/org/apache/maven/maven-settings/2.2.1/maven-settings-2.2.1.jar (49 kB at 446 kB/s)\n[bf14cc9f-f483-427a-bb73-6985a111f550/Test JDK 11, ubuntu-latest]   | [INFO] Downloading from central: https://repo.maven.apache.org/maven2/org/codehaus/plexus/plexus-interpolation/1.11/plexus-interpolation-1.11.jar\n[bf14cc9f-f483-427a-bb73-6985a111f550/Test JDK 11, ubuntu-latest]   | [INFO] Downloaded from central: https://repo.maven.apache.org/maven2/org/apache/maven/maven-profile/2.2.1/maven-profile-2.2.1.jar (35 kB at 302 kB/s)\n[bf14cc9f-f483-427a-bb73-6985a111f550/Test JDK 11, ubuntu-latest]   | [INFO] Downloading from central: https://repo.maven.apache.org/maven2/org/apache/maven/maven-model/2.2.1/maven-model-2.2.1.jar\n[bf14cc9f-f483-427a-bb73-6985a111f550/Test JDK 11, ubuntu-latest]   | [INFO] Downloaded from central: https://repo.maven.apache.org/maven2/org/apache/maven/maven-artifact-manager/2.2.1/maven-artifact-manager-2.2.1.jar (68 kB at 536 kB/s)\n[bf14cc9f-f483-427a-bb73-6985a111f550/Test JDK 11, ubuntu-latest]   | [INFO] Downloading from central: https://repo.maven.apache.org/maven2/org/apache/maven/maven-core/2.2.1/maven-core-2.2.1.jar\n[bf14cc9f-f483-427a-bb73-6985a111f550/Test JDK 11, ubuntu-latest]   | [INFO] Downloaded from central: https://repo.maven.apache.org/maven2/org/apache/maven/maven-plugin-registry/2.2.1/maven-plugin-registry-2.2.1.jar (30 kB at 218 kB/s)\n[bf14cc9f-f483-427a-bb73-6985a111f550/Test JDK 11, ubuntu-latest]   | [INFO] Downloading from central: https://repo.maven.apache.org/maven2/org/apache/maven/maven-plugin-parameter-documenter/2.2.1/maven-plugin-parameter-documenter-2.2.1.jar\n[bf14cc9f-f483-427a-bb73-6985a111f550/Test JDK 11, ubuntu-latest]   | [INFO] Downloaded from central: https://repo.maven.apache.org/maven2/org/apache/maven/maven-model/2.2.1/maven-model-2.2.1.jar (88 kB at 639 kB/s)\n[bf14cc9f-f483-427a-bb73-6985a111f550/Test JDK 11, ubuntu-latest]   | [INFO] Downloading from central: https://repo.maven.apache.org/maven2/org/slf4j/slf4j-jdk14/1.5.6/slf4j-jdk14-1.5.6.jar\n[bf14cc9f-f483-427a-bb73-6985a111f550/Test JDK 11, ubuntu-latest]   | [INFO] Downloaded from central: https://repo.maven.apache.org/maven2/org/codehaus/plexus/plexus-interpolation/1.11/plexus-interpolation-1.11.jar (51 kB at 369 kB/s)\n[bf14cc9f-f483-427a-bb73-6985a111f550/Test JDK 11, ubuntu-latest]   | [INFO] Downloading from central: https://repo.maven.apache.org/maven2/org/slf4j/slf4j-api/1.5.6/slf4j-api-1.5.6.jar\n[bf14cc9f-f483-427a-bb73-6985a111f550/Test JDK 11, ubuntu-latest]   | [INFO] Downloaded from central: https://repo.maven.apache.org/maven2/backport-util-concurrent/backport-util-concurrent/3.1/backport-util-concurrent-3.1.jar (332 kB at 2.4 MB/s)\n[bf14cc9f-f483-427a-bb73-6985a111f550/Test JDK 11, ubuntu-latest]   | [INFO] Downloading from central: https://repo.maven.apache.org/maven2/org/slf4j/jcl-over-slf4j/1.5.6/jcl-over-slf4j-1.5.6.jar\n[bf14cc9f-f483-427a-bb73-6985a111f550/Test JDK 11, ubuntu-latest]   | [INFO] Downloaded from central: https://repo.maven.apache.org/maven2/org/apache/maven/maven-core/2.2.1/maven-core-2.2.1.jar (178 kB at 1.2 MB/s)\n[bf14cc9f-f483-427a-bb73-6985a111f550/Test JDK 11, ubuntu-latest]   | [INFO] Downloaded from central: https://repo.maven.apache.org/maven2/org/slf4j/slf4j-jdk14/1.5.6/slf4j-jdk14-1.5.6.jar (8.8 kB at 58 kB/s)\n[bf14cc9f-f483-427a-bb73-6985a111f550/Test JDK 11, ubuntu-latest]   | [INFO] Downloading from central: https://repo.maven.apache.org/maven2/org/apache/maven/reporting/maven-reporting-api/3.0/maven-reporting-api-3.0.jar\n[bf14cc9f-f483-427a-bb73-6985a111f550/Test JDK 11, ubuntu-latest]   | [INFO] Downloading from central: https://repo.maven.apache.org/maven2/org/apache/maven/maven-repository-metadata/2.2.1/maven-repository-metadata-2.2.1.jar\n[bf14cc9f-f483-427a-bb73-6985a111f550/Test JDK 11, ubuntu-latest]   | [INFO] Downloaded from central: https://repo.maven.apache.org/maven2/org/apache/maven/maven-plugin-parameter-documenter/2.2.1/maven-plugin-parameter-documenter-2.2.1.jar (22 kB at 139 kB/s)\n[bf14cc9f-f483-427a-bb73-6985a111f550/Test JDK 11, ubuntu-latest]   | [INFO] Downloading from central: https://repo.maven.apache.org/maven2/org/apache/maven/maven-error-diagnostics/2.2.1/maven-error-diagnostics-2.2.1.jar\n[bf14cc9f-f483-427a-bb73-6985a111f550/Test JDK 11, ubuntu-latest]   | [INFO] Downloaded from central: https://repo.maven.apache.org/maven2/org/slf4j/slf4j-api/1.5.6/slf4j-api-1.5.6.jar (22 kB at 140 kB/s)\n[bf14cc9f-f483-427a-bb73-6985a111f550/Test JDK 11, ubuntu-latest]   | [INFO] Downloading from central: https://repo.maven.apache.org/maven2/org/apache/maven/maven-monitor/2.2.1/maven-monitor-2.2.1.jar\n[bf14cc9f-f483-427a-bb73-6985a111f550/Test JDK 11, ubuntu-latest]   | [INFO] Downloaded from central: https://repo.maven.apache.org/maven2/org/slf4j/jcl-over-slf4j/1.5.6/jcl-over-slf4j-1.5.6.jar (17 kB at 100 kB/s)\n[bf14cc9f-f483-427a-bb73-6985a111f550/Test JDK 11, ubuntu-latest]   | [INFO] Downloading from central: https://repo.maven.apache.org/maven2/classworlds/classworlds/1.1/classworlds-1.1.jar\n[bf14cc9f-f483-427a-bb73-6985a111f550/Test JDK 11, ubuntu-latest]   | [INFO] Downloaded from central: https://repo.maven.apache.org/maven2/org/apache/maven/reporting/maven-reporting-api/3.0/maven-reporting-api-3.0.jar (11 kB at 61 kB/s)\n[bf14cc9f-f483-427a-bb73-6985a111f550/Test JDK 11, ubuntu-latest]   | [INFO] Downloading from central: https://repo.maven.apache.org/maven2/org/apache/maven/maven-toolchain/2.2.1/maven-toolchain-2.2.1.jar\n[bf14cc9f-f483-427a-bb73-6985a111f550/Test JDK 11, ubuntu-latest]   | [INFO] Downloaded from central: https://repo.maven.apache.org/maven2/org/apache/maven/maven-repository-metadata/2.2.1/maven-repository-metadata-2.2.1.jar (26 kB at 141 kB/s)\n[bf14cc9f-f483-427a-bb73-6985a111f550/Test JDK 11, ubuntu-latest]   | [INFO] Downloading from central: https://repo.maven.apache.org/maven2/com/thoughtworks/qdox/qdox/2.0-M8/qdox-2.0-M8.jar\n[bf14cc9f-f483-427a-bb73-6985a111f550/Test JDK 11, ubuntu-latest]   | [INFO] Downloaded from central: https://repo.maven.apache.org/maven2/org/apache/maven/maven-monitor/2.2.1/maven-monitor-2.2.1.jar (10 kB at 56 kB/s)\n[bf14cc9f-f483-427a-bb73-6985a111f550/Test JDK 11, ubuntu-latest]   | [INFO] Downloaded from central: https://repo.maven.apache.org/maven2/org/apache/maven/maven-error-diagnostics/2.2.1/maven-error-diagnostics-2.2.1.jar (13 kB at 70 kB/s)\n[bf14cc9f-f483-427a-bb73-6985a111f550/Test JDK 11, ubuntu-latest]   | [INFO] Downloaded from central: https://repo.maven.apache.org/maven2/classworlds/classworlds/1.1/classworlds-1.1.jar (38 kB at 197 kB/s)\n[bf14cc9f-f483-427a-bb73-6985a111f550/Test JDK 11, ubuntu-latest]   | [INFO] Downloaded from central: https://repo.maven.apache.org/maven2/org/apache/maven/maven-toolchain/2.2.1/maven-toolchain-2.2.1.jar (38 kB at 189 kB/s)\n[bf14cc9f-f483-427a-bb73-6985a111f550/Test JDK 11, ubuntu-latest]   | [INFO] Downloaded from central: https://repo.maven.apache.org/maven2/com/thoughtworks/qdox/qdox/2.0-M8/qdox-2.0-M8.jar (316 kB at 1.4 MB/s)\n[bf14cc9f-f483-427a-bb73-6985a111f550/Test JDK 11, ubuntu-latest]   | [INFO] Downloading from central: https://repo.maven.apache.org/maven2/org/apache/maven/surefire/surefire-junit4/2.22.2/surefire-junit4-2.22.2.pom\n[bf14cc9f-f483-427a-bb73-6985a111f550/Test JDK 11, ubuntu-latest]   | [INFO] Downloaded from central: https://repo.maven.apache.org/maven2/org/apache/maven/surefire/surefire-junit4/2.22.2/surefire-junit4-2.22.2.pom (3.1 kB at 96 kB/s)\n[bf14cc9f-f483-427a-bb73-6985a111f550/Test JDK 11, ubuntu-latest]   | [INFO] Downloading from central: https://repo.maven.apache.org/maven2/org/apache/maven/surefire/surefire-providers/2.22.2/surefire-providers-2.22.2.pom\n[bf14cc9f-f483-427a-bb73-6985a111f550/Test JDK 11, ubuntu-latest]   | [INFO] Downloaded from central: https://repo.maven.apache.org/maven2/org/apache/maven/surefire/surefire-providers/2.22.2/surefire-providers-2.22.2.pom (2.5 kB at 73 kB/s)\n[bf14cc9f-f483-427a-bb73-6985a111f550/Test JDK 11, ubuntu-latest]   | [INFO] Downloading from central: https://repo.maven.apache.org/maven2/org/apache/maven/surefire/surefire-junit4/2.22.2/surefire-junit4-2.22.2.jar\n[bf14cc9f-f483-427a-bb73-6985a111f550/Test JDK 11, ubuntu-latest]   | [INFO] Downloaded from central: https://repo.maven.apache.org/maven2/org/apache/maven/surefire/surefire-junit4/2.22.2/surefire-junit4-2.22.2.jar (85 kB at 2.0 MB/s)\n[bf14cc9f-f483-427a-bb73-6985a111f550/Test JDK 11, ubuntu-latest]   | [INFO] \n[bf14cc9f-f483-427a-bb73-6985a111f550/Test JDK 11, ubuntu-latest]   | [INFO] -------------------------------------------------------\n[bf14cc9f-f483-427a-bb73-6985a111f550/Test JDK 11, ubuntu-latest]   | [INFO]  T E S T S\n[bf14cc9f-f483-427a-bb73-6985a111f550/Test JDK 11, ubuntu-latest]   | [INFO] -------------------------------------------------------\n[bf14cc9f-f483-427a-bb73-6985a111f550/Test JDK 11, ubuntu-latest]   | [INFO] Running org.adoptopenjdk.jitwatch.test.TestResourceLoader\n[bf14cc9f-f483-427a-bb73-6985a111f550/Test JDK 11, ubuntu-latest]   | [INFO] Tests run: 1, Failures: 0, Errors: 0, Skipped: 0, Time elapsed: 0.149 s - in org.adoptopenjdk.jitwatch.test.TestResourceLoader\n[bf14cc9f-f483-427a-bb73-6985a111f550/Test JDK 11, ubuntu-latest]   | [INFO] Running org.adoptopenjdk.jitwatch.test.TestLocales\n[bf14cc9f-f483-427a-bb73-6985a111f550/Test JDK 11, ubuntu-latest]   | [INFO] Tests run: 2, Failures: 0, Errors: 0, Skipped: 0, Time elapsed: 0 s - in org.adoptopenjdk.jitwatch.test.TestLocales\n[bf14cc9f-f483-427a-bb73-6985a111f550/Test JDK 11, ubuntu-latest]   | [INFO] Running org.adoptopenjdk.jitwatch.test.TestLogSplitting\n[bf14cc9f-f483-427a-bb73-6985a111f550/Test JDK 11, ubuntu-latest]   | [INFO] Tests run: 3, Failures: 0, Errors: 0, Skipped: 0, Time elapsed: 0.065 s - in org.adoptopenjdk.jitwatch.test.TestLogSplitting\n[bf14cc9f-f483-427a-bb73-6985a111f550/Test JDK 11, ubuntu-latest]   | [INFO] Running org.adoptopenjdk.jitwatch.test.TestJ9Parser\n[bf14cc9f-f483-427a-bb73-6985a111f550/Test JDK 11, ubuntu-latest]   | [INFO] Tests run: 3, Failures: 0, Errors: 0, Skipped: 0, Time elapsed: 0.004 s - in org.adoptopenjdk.jitwatch.test.TestJ9Parser\n[bf14cc9f-f483-427a-bb73-6985a111f550/Test JDK 11, ubuntu-latest]   | [INFO] Running org.adoptopenjdk.jitwatch.test.TestVmVersionDetector\n[bf14cc9f-f483-427a-bb73-6985a111f550/Test JDK 11, ubuntu-latest]   | [INFO] Tests run: 1, Failures: 0, Errors: 0, Skipped: 0, Time elapsed: 0 s - in org.adoptopenjdk.jitwatch.test.TestVmVersionDetector\n[bf14cc9f-f483-427a-bb73-6985a111f550/Test JDK 11, ubuntu-latest]   | [INFO] Running org.adoptopenjdk.jitwatch.test.TestCompileChain\n[bf14cc9f-f483-427a-bb73-6985a111f550/Test JDK 11, ubuntu-latest]   | [INFO] Tests run: 5, Failures: 0, Errors: 0, Skipped: 0, Time elapsed: 0.014 s - in org.adoptopenjdk.jitwatch.test.TestCompileChain\n[bf14cc9f-f483-427a-bb73-6985a111f550/Test JDK 11, ubuntu-latest]   | [INFO] Running org.adoptopenjdk.jitwatch.test.TestParseUtil\n[bf14cc9f-f483-427a-bb73-6985a111f550/Test JDK 11, ubuntu-latest]   | [INFO] Tests run: 53, Failures: 0, Errors: 0, Skipped: 0, Time elapsed: 0.046 s - in org.adoptopenjdk.jitwatch.test.TestParseUtil\n[bf14cc9f-f483-427a-bb73-6985a111f550/Test JDK 11, ubuntu-latest]   | [INFO] Running org.adoptopenjdk.jitwatch.test.TestMemberSignatureParts\n[bf14cc9f-f483-427a-bb73-6985a111f550/Test JDK 11, ubuntu-latest]   | [INFO] Tests run: 17, Failures: 0, Errors: 0, Skipped: 0, Time elapsed: 0.006 s - in org.adoptopenjdk.jitwatch.test.TestMemberSignatureParts\n[bf14cc9f-f483-427a-bb73-6985a111f550/Test JDK 11, ubuntu-latest]   | [INFO] Running org.adoptopenjdk.jitwatch.test.TestAssemblyParserX86\n[bf14cc9f-f483-427a-bb73-6985a111f550/Test JDK 11, ubuntu-latest]   | [INFO] Tests run: 17, Failures: 0, Errors: 0, Skipped: 0, Time elapsed: 0.024 s - in org.adoptopenjdk.jitwatch.test.TestAssemblyParserX86\n[bf14cc9f-f483-427a-bb73-6985a111f550/Test JDK 11, ubuntu-latest]   | [INFO] Running org.adoptopenjdk.jitwatch.test.TestAssemblyProcessor\n[bf14cc9f-f483-427a-bb73-6985a111f550/Test JDK 11, ubuntu-latest]   | [INFO] Tests run: 12, Failures: 0, Errors: 0, Skipped: 0, Time elapsed: 0.022 s - in org.adoptopenjdk.jitwatch.test.TestAssemblyProcessor\n[bf14cc9f-f483-427a-bb73-6985a111f550/Test JDK 11, ubuntu-latest]   | [INFO] Running org.adoptopenjdk.jitwatch.test.TestMemberBytecode\n[bf14cc9f-f483-427a-bb73-6985a111f550/Test JDK 11, ubuntu-latest]   | [INFO] Tests run: 2, Failures: 0, Errors: 0, Skipped: 0, Time elapsed: 0.007 s - in org.adoptopenjdk.jitwatch.test.TestMemberBytecode\n[bf14cc9f-f483-427a-bb73-6985a111f550/Test JDK 11, ubuntu-latest]   | [INFO] Running org.adoptopenjdk.jitwatch.test.TestOpcode\n[bf14cc9f-f483-427a-bb73-6985a111f550/Test JDK 11, ubuntu-latest]   | [INFO] Tests run: 1, Failures: 0, Errors: 0, Skipped: 0, Time elapsed: 0.001 s - in org.adoptopenjdk.jitwatch.test.TestOpcode\n[bf14cc9f-f483-427a-bb73-6985a111f550/Test JDK 11, ubuntu-latest]   | [INFO] Running org.adoptopenjdk.jitwatch.test.TestExecutionUtil\n[bf14cc9f-f483-427a-bb73-6985a111f550/Test JDK 11, ubuntu-latest]   | 2023-06-29T10:58:37.102201Z INF org.adoptopenjdk.jitwatch.process.runtime.RuntimeJava Process: /opt/hostedtoolcache/jdk/11.0.19/x64/bin/java -XX:+UnlockDiagnosticVMOptions -XX:+LogCompilation -cp /tmp/3d783ea4-1661-11ee-8a50-bb14de238602/AdoptOpenJDK-jitwatch/core/target/test-classes org.adoptopenjdk.jitwatch.test.DummyClassWithMain \n[bf14cc9f-f483-427a-bb73-6985a111f550/Test JDK 11, ubuntu-latest]   | Running: /opt/hostedtoolcache/jdk/11.0.19/x64/bin/java -XX:+UnlockDiagnosticVMOptions -XX:+LogCompilation -cp /tmp/3d783ea4-1661-11ee-8a50-bb14de238602/AdoptOpenJDK-jitwatch/core/target/test-classes org.adoptopenjdk.jitwatch.test.DummyClassWithMain \n[bf14cc9f-f483-427a-bb73-6985a111f550/Test JDK 11, ubuntu-latest]   | Hello World!\n[bf14cc9f-f483-427a-bb73-6985a111f550/Test JDK 11, ubuntu-latest]   | \n[bf14cc9f-f483-427a-bb73-6985a111f550/Test JDK 11, ubuntu-latest]   | \n[bf14cc9f-f483-427a-bb73-6985a111f550/Test JDK 11, ubuntu-latest]   | [INFO] Tests run: 1, Failures: 0, Errors: 0, Skipped: 0, Time elapsed: 0.187 s - in org.adoptopenjdk.jitwatch.test.TestExecutionUtil\n[bf14cc9f-f483-427a-bb73-6985a111f550/Test JDK 11, ubuntu-latest]   | [INFO] Running org.adoptopenjdk.jitwatch.test.TestBytecodeLoaderWithInnerClasses\n[bf14cc9f-f483-427a-bb73-6985a111f550/Test JDK 11, ubuntu-latest]   | 2023-06-29T10:58:37.290450Z INF org.adoptopenjdk.jitwatch.process.runtime.RuntimeJava Process: /opt/hostedtoolcache/jdk/11.0.19/x64/bin/javac -g -d /tmp/testInnerClasses3006628265789442208 /tmp/3d783ea4-1661-11ee-8a50-bb14de238602/AdoptOpenJDK-jitwatch/core/src/main/resources/examples/TestInner.java \n[bf14cc9f-f483-427a-bb73-6985a111f550/Test JDK 11, ubuntu-latest]   | 2023-06-29T10:58:38.438544Z INF org.adoptopenjdk.jitwatch.process.runtime.RuntimeJava Process: /opt/hostedtoolcache/jdk/11.0.19/x64/bin/javac -g -d /tmp/testInnerClasses4544280537700027274 /tmp/3d783ea4-1661-11ee-8a50-bb14de238602/AdoptOpenJDK-jitwatch/core/src/main/resources/examples/TestInner.java \n[bf14cc9f-f483-427a-bb73-6985a111f550/Test JDK 11, ubuntu-latest]   | 2023-06-29T10:58:39.443209Z INF org.adoptopenjdk.jitwatch.process.runtime.RuntimeJava Process: /opt/hostedtoolcache/jdk/11.0.19/x64/bin/javac -g -d /tmp/testInnerClasses17760860019101528940 /tmp/3d783ea4-1661-11ee-8a50-bb14de238602/AdoptOpenJDK-jitwatch/core/src/main/resources/examples/TestInner.java \n[bf14cc9f-f483-427a-bb73-6985a111f550/Test JDK 11, ubuntu-latest]   | 2023-06-29T10:58:40.445759Z INF org.adoptopenjdk.jitwatch.process.runtime.RuntimeJava Process: /opt/hostedtoolcache/jdk/11.0.19/x64/bin/javac -g -d /tmp/testInnerClasses6951782851162042055 /tmp/3d783ea4-1661-11ee-8a50-bb14de238602/AdoptOpenJDK-jitwatch/core/src/main/resources/examples/TestInner.java \n[bf14cc9f-f483-427a-bb73-6985a111f550/Test JDK 11, ubuntu-latest]   | 2023-06-29T10:58:41.475759Z INF org.adoptopenjdk.jitwatch.process.runtime.RuntimeJava Process: /opt/hostedtoolcache/jdk/11.0.19/x64/bin/javac -g -d /tmp/testInnerClasses3651691789430668921 /tmp/3d783ea4-1661-11ee-8a50-bb14de238602/AdoptOpenJDK-jitwatch/core/src/main/resources/examples/TestInner.java \n[bf14cc9f-f483-427a-bb73-6985a111f550/Test JDK 11, ubuntu-latest]   | 2023-06-29T10:58:42.374863Z INF org.adoptopenjdk.jitwatch.process.runtime.RuntimeJava Process: /opt/hostedtoolcache/jdk/11.0.19/x64/bin/javac -g -d /tmp/testInnerClasses15064341015019351175 /tmp/3d783ea4-1661-11ee-8a50-bb14de238602/AdoptOpenJDK-jitwatch/core/src/main/resources/examples/TestInner.java \n[bf14cc9f-f483-427a-bb73-6985a111f550/Test JDK 11, ubuntu-latest]   | 2023-06-29T10:58:43.318112Z INF org.adoptopenjdk.jitwatch.process.runtime.RuntimeJava Process: /opt/hostedtoolcache/jdk/11.0.19/x64/bin/javac -g -d /tmp/testInnerClasses17267365099483672634 /tmp/3d783ea4-1661-11ee-8a50-bb14de238602/AdoptOpenJDK-jitwatch/core/src/main/resources/examples/TestInner.java \n[bf14cc9f-f483-427a-bb73-6985a111f550/Test JDK 11, ubuntu-latest]   | 2023-06-29T10:58:44.159233Z INF org.adoptopenjdk.jitwatch.process.runtime.RuntimeJava Process: /opt/hostedtoolcache/jdk/11.0.19/x64/bin/javac -g -d /tmp/testInnerClasses10990969372356737030 /tmp/3d783ea4-1661-11ee-8a50-bb14de238602/AdoptOpenJDK-jitwatch/core/src/main/resources/examples/TestInner.java \n[bf14cc9f-f483-427a-bb73-6985a111f550/Test JDK 11, ubuntu-latest]   | 2023-06-29T10:58:45.088689Z INF org.adoptopenjdk.jitwatch.process.runtime.RuntimeJava Process: /opt/hostedtoolcache/jdk/11.0.19/x64/bin/javac -g -d /tmp/testInnerClasses6802509678170870020 /tmp/3d783ea4-1661-11ee-8a50-bb14de238602/AdoptOpenJDK-jitwatch/core/src/main/resources/examples/TestInner.java \n[bf14cc9f-f483-427a-bb73-6985a111f550/Test JDK 11, ubuntu-latest]   | 2023-06-29T10:58:46.007889Z INF org.adoptopenjdk.jitwatch.process.runtime.RuntimeJava Process: /opt/hostedtoolcache/jdk/11.0.19/x64/bin/javac -g -d /tmp/testInnerClasses15362999581318876305 /tmp/3d783ea4-1661-11ee-8a50-bb14de238602/AdoptOpenJDK-jitwatch/core/src/main/resources/examples/TestInner.java \n[bf14cc9f-f483-427a-bb73-6985a111f550/Test JDK 11, ubuntu-latest]   | 2023-06-29T10:58:46.856929Z INF org.adoptopenjdk.jitwatch.process.runtime.RuntimeJava Process: /opt/hostedtoolcache/jdk/11.0.19/x64/bin/javac -g -d /tmp/testInnerClasses18344073814801604250 /tmp/3d783ea4-1661-11ee-8a50-bb14de238602/AdoptOpenJDK-jitwatch/core/src/main/resources/examples/TestInner.java \n[bf14cc9f-f483-427a-bb73-6985a111f550/Test JDK 11, ubuntu-latest]   | 2023-06-29T10:58:47.711618Z INF org.adoptopenjdk.jitwatch.process.runtime.RuntimeJava Process: /opt/hostedtoolcache/jdk/11.0.19/x64/bin/javac -g -d /tmp/testInnerClasses4568096109229004582 /tmp/3d783ea4-1661-11ee-8a50-bb14de238602/AdoptOpenJDK-jitwatch/core/src/main/resources/examples/TestInner.java \n[bf14cc9f-f483-427a-bb73-6985a111f550/Test JDK 11, ubuntu-latest]   | 2023-06-29T10:58:48.532788Z INF org.adoptopenjdk.jitwatch.process.runtime.RuntimeJava Process: /opt/hostedtoolcache/jdk/11.0.19/x64/bin/javac -g -d /tmp/testInnerClasses12068719245349865479 /tmp/3d783ea4-1661-11ee-8a50-bb14de238602/AdoptOpenJDK-jitwatch/core/src/main/resources/examples/TestInner.java \n[bf14cc9f-f483-427a-bb73-6985a111f550/Test JDK 11, ubuntu-latest]   | [INFO] Tests run: 13, Failures: 0, Errors: 0, Skipped: 0, Time elapsed: 12.138 s - in org.adoptopenjdk.jitwatch.test.TestBytecodeLoaderWithInnerClasses\n[bf14cc9f-f483-427a-bb73-6985a111f550/Test JDK 11, ubuntu-latest]   | [INFO] Running org.adoptopenjdk.jitwatch.test.TestCompilationUtil\n[bf14cc9f-f483-427a-bb73-6985a111f550/Test JDK 11, ubuntu-latest]   | 2023-06-29T10:58:49.430952Z INF org.adoptopenjdk.jitwatch.process.runtime.RuntimeJava Process: /opt/hostedtoolcache/jdk/11.0.19/x64/bin/javac -g -d /tmp/test_compilation_util6607508826036037792 /tmp/test_compilation_util6607508826036037792/org/adoptopenjdk/jitwatch/compiletest/CompileTest.java \n[bf14cc9f-f483-427a-bb73-6985a111f550/Test JDK 11, ubuntu-latest]   | [INFO] Tests run: 1, Failures: 0, Errors: 0, Skipped: 0, Time elapsed: 0.721 s - in org.adoptopenjdk.jitwatch.test.TestCompilationUtil\n[bf14cc9f-f483-427a-bb73-6985a111f550/Test JDK 11, ubuntu-latest]   | [INFO] Running org.adoptopenjdk.jitwatch.test.TestTagProcessor\n[bf14cc9f-f483-427a-bb73-6985a111f550/Test JDK 11, ubuntu-latest]   | 2023-06-29T10:58:50.156230Z WRN org.adoptopenjdk.jitwatch.core.TagProcessor Found a <fragment> in the HotSpot log. The VM exited before the hotspot log was fully written. JIT information may have been lost.\n[bf14cc9f-f483-427a-bb73-6985a111f550/Test JDK 11, ubuntu-latest]   | 2023-06-29T10:58:50.156631Z WRN org.adoptopenjdk.jitwatch.core.TagProcessor Found a <fragment> in the HotSpot log. The VM exited before the hotspot log was fully written. JIT information may have been lost.\n[bf14cc9f-f483-427a-bb73-6985a111f550/Test JDK 11, ubuntu-latest]   | [INFO] Tests run: 13, Failures: 0, Errors: 0, Skipped: 0, Time elapsed: 0.008 s - in org.adoptopenjdk.jitwatch.test.TestTagProcessor\n[bf14cc9f-f483-427a-bb73-6985a111f550/Test JDK 11, ubuntu-latest]   | [INFO] Running org.adoptopenjdk.jitwatch.test.TestCompositeObjectEquality\n[bf14cc9f-f483-427a-bb73-6985a111f550/Test JDK 11, ubuntu-latest]   | [INFO] Tests run: 7, Failures: 0, Errors: 0, Skipped: 0, Time elapsed: 0.001 s - in org.adoptopenjdk.jitwatch.test.TestCompositeObjectEquality\n[bf14cc9f-f483-427a-bb73-6985a111f550/Test JDK 11, ubuntu-latest]   | [INFO] Running org.adoptopenjdk.jitwatch.test.TestReport\n[bf14cc9f-f483-427a-bb73-6985a111f550/Test JDK 11, ubuntu-latest]   | [INFO] Tests run: 2, Failures: 0, Errors: 0, Skipped: 0, Time elapsed: 0.008 s - in org.adoptopenjdk.jitwatch.test.TestReport\n[bf14cc9f-f483-427a-bb73-6985a111f550/Test JDK 11, ubuntu-latest]   | [INFO] Running org.adoptopenjdk.jitwatch.test.TestZingParser\n[bf14cc9f-f483-427a-bb73-6985a111f550/Test JDK 11, ubuntu-latest]   | [INFO] Tests run: 10, Failures: 0, Errors: 0, Skipped: 0, Time elapsed: 0.003 s - in org.adoptopenjdk.jitwatch.test.TestZingParser\n[bf14cc9f-f483-427a-bb73-6985a111f550/Test JDK 11, ubuntu-latest]   | [INFO] Running org.adoptopenjdk.jitwatch.test.TestBytecodeLoader\n[bf14cc9f-f483-427a-bb73-6985a111f550/Test JDK 11, ubuntu-latest]   | 2023-06-29T10:58:50.174888Z ERR org.adoptopenjdk.jitwatch.loader.BytecodeLoader could not parse bytecode: '}'\n[bf14cc9f-f483-427a-bb73-6985a111f550/Test JDK 11, ubuntu-latest]   | [INFO] Tests run: 19, Failures: 0, Errors: 0, Skipped: 0, Time elapsed: 0.15 s - in org.adoptopenjdk.jitwatch.test.TestBytecodeLoader\n[bf14cc9f-f483-427a-bb73-6985a111f550/Test JDK 11, ubuntu-latest]   | [INFO] Running org.adoptopenjdk.jitwatch.test.TestHisto\n[bf14cc9f-f483-427a-bb73-6985a111f550/Test JDK 11, ubuntu-latest]   | [INFO] Tests run: 1, Failures: 0, Errors: 0, Skipped: 0, Time elapsed: 0 s - in org.adoptopenjdk.jitwatch.test.TestHisto\n[bf14cc9f-f483-427a-bb73-6985a111f550/Test JDK 11, ubuntu-latest]   | [INFO] Running org.adoptopenjdk.jitwatch.test.TestJarScan\n[bf14cc9f-f483-427a-bb73-6985a111f550/Test JDK 11, ubuntu-latest]   | [INFO] Tests run: 8, Failures: 0, Errors: 0, Skipped: 0, Time elapsed: 0.005 s - in org.adoptopenjdk.jitwatch.test.TestJarScan\n[bf14cc9f-f483-427a-bb73-6985a111f550/Test JDK 11, ubuntu-latest]   | [INFO] Running org.adoptopenjdk.jitwatch.test.TestJITWatchConfig\n[bf14cc9f-f483-427a-bb73-6985a111f550/Test JDK 11, ubuntu-latest]   | [INFO] Tests run: 4, Failures: 0, Errors: 0, Skipped: 0, Time elapsed: 0.028 s - in org.adoptopenjdk.jitwatch.test.TestJITWatchConfig\n[bf14cc9f-f483-427a-bb73-6985a111f550/Test JDK 11, ubuntu-latest]   | [INFO] Running org.adoptopenjdk.jitwatch.test.TestPackageManager\n[bf14cc9f-f483-427a-bb73-6985a111f550/Test JDK 11, ubuntu-latest]   | [INFO] Tests run: 2, Failures: 0, Errors: 0, Skipped: 0, Time elapsed: 0.001 s - in org.adoptopenjdk.jitwatch.test.TestPackageManager\n[bf14cc9f-f483-427a-bb73-6985a111f550/Test JDK 11, ubuntu-latest]   | [INFO] Running org.adoptopenjdk.jitwatch.test.TestAssemblyParserARM\n[bf14cc9f-f483-427a-bb73-6985a111f550/Test JDK 11, ubuntu-latest]   | [INFO] Tests run: 1, Failures: 0, Errors: 0, Skipped: 0, Time elapsed: 0 s - in org.adoptopenjdk.jitwatch.test.TestAssemblyParserARM\n[bf14cc9f-f483-427a-bb73-6985a111f550/Test JDK 11, ubuntu-latest]   | [INFO] Running org.adoptopenjdk.jitwatch.test.TestIntrinsicFinder\n[bf14cc9f-f483-427a-bb73-6985a111f550/Test JDK 11, ubuntu-latest]   | [INFO] Tests run: 2, Failures: 0, Errors: 0, Skipped: 0, Time elapsed: 0.003 s - in org.adoptopenjdk.jitwatch.test.TestIntrinsicFinder\n[bf14cc9f-f483-427a-bb73-6985a111f550/Test JDK 11, ubuntu-latest]   | [INFO] Running org.adoptopenjdk.jitwatch.test.TestAssemblyLabels\n[bf14cc9f-f483-427a-bb73-6985a111f550/Test JDK 11, ubuntu-latest]   | [INFO] Tests run: 7, Failures: 0, Errors: 0, Skipped: 0, Time elapsed: 0.001 s - in org.adoptopenjdk.jitwatch.test.TestAssemblyLabels\n[bf14cc9f-f483-427a-bb73-6985a111f550/Test JDK 11, ubuntu-latest]   | [INFO] Running org.adoptopenjdk.jitwatch.test.TestStringUtil\n[bf14cc9f-f483-427a-bb73-6985a111f550/Test JDK 11, ubuntu-latest]   | [INFO] Tests run: 3, Failures: 0, Errors: 0, Skipped: 0, Time elapsed: 0.001 s - in org.adoptopenjdk.jitwatch.test.TestStringUtil\n[bf14cc9f-f483-427a-bb73-6985a111f550/Test JDK 11, ubuntu-latest]   | [INFO] Running org.adoptopenjdk.jitwatch.test.TestBytecodeAnnotationBuilder\n[bf14cc9f-f483-427a-bb73-6985a111f550/Test JDK 11, ubuntu-latest]   | 2023-06-29T10:58:50.376954Z ERR org.adoptopenjdk.jitwatch.util.ParseUtil ClassNotFoundException: 'EscapeTest$Wrapper1'\n[bf14cc9f-f483-427a-bb73-6985a111f550/Test JDK 11, ubuntu-latest]   | 2023-06-29T10:58:50.377070Z ERR org.adoptopenjdk.jitwatch.util.ParseUtil metaClass not found: EscapeTest$Wrapper1\n[bf14cc9f-f483-427a-bb73-6985a111f550/Test JDK 11, ubuntu-latest]   | 2023-06-29T10:58:50.377319Z ERR org.adoptopenjdk.jitwatch.util.ParseUtil ClassNotFoundException: 'EscapeTest$Wrapper2'\n[bf14cc9f-f483-427a-bb73-6985a111f550/Test JDK 11, ubuntu-latest]   | 2023-06-29T10:58:50.377380Z ERR org.adoptopenjdk.jitwatch.util.ParseUtil metaClass not found: EscapeTest$Wrapper2\n[bf14cc9f-f483-427a-bb73-6985a111f550/Test JDK 11, ubuntu-latest]   | 2023-06-29T10:58:50.377578Z ERR org.adoptopenjdk.jitwatch.util.ParseUtil ClassNotFoundException: 'EscapeTest$Wrapper1'\n[bf14cc9f-f483-427a-bb73-6985a111f550/Test JDK 11, ubuntu-latest]   | 2023-06-29T10:58:50.377638Z ERR org.adoptopenjdk.jitwatch.util.ParseUtil metaClass not found: EscapeTest$Wrapper1\n[bf14cc9f-f483-427a-bb73-6985a111f550/Test JDK 11, ubuntu-latest]   | 2023-06-29T10:58:50.386823Z ERR org.adoptopenjdk.jitwatch.util.ParseUtil ClassNotFoundException: 'EscapeTest$Wrapper1'\n[bf14cc9f-f483-427a-bb73-6985a111f550/Test JDK 11, ubuntu-latest]   | 2023-06-29T10:58:50.386925Z ERR org.adoptopenjdk.jitwatch.util.ParseUtil metaClass not found: EscapeTest$Wrapper1\n[bf14cc9f-f483-427a-bb73-6985a111f550/Test JDK 11, ubuntu-latest]   | 2023-06-29T10:58:50.387118Z ERR org.adoptopenjdk.jitwatch.util.ParseUtil ClassNotFoundException: 'EscapeTest$Wrapper2'\n[bf14cc9f-f483-427a-bb73-6985a111f550/Test JDK 11, ubuntu-latest]   | 2023-06-29T10:58:50.387183Z ERR org.adoptopenjdk.jitwatch.util.ParseUtil metaClass not found: EscapeTest$Wrapper2\n[bf14cc9f-f483-427a-bb73-6985a111f550/Test JDK 11, ubuntu-latest]   | 2023-06-29T10:58:50.387380Z ERR org.adoptopenjdk.jitwatch.util.ParseUtil ClassNotFoundException: 'EscapeTest$Wrapper1'\n[bf14cc9f-f483-427a-bb73-6985a111f550/Test JDK 11, ubuntu-latest]   | 2023-06-29T10:58:50.387449Z ERR org.adoptopenjdk.jitwatch.util.ParseUtil metaClass not found: EscapeTest$Wrapper1\n[bf14cc9f-f483-427a-bb73-6985a111f550/Test JDK 11, ubuntu-latest]   | 2023-06-29T10:58:50.390374Z WRN org.adoptopenjdk.jitwatch.parser.AbstractLogParser Didn't find compilation with ID null\n[bf14cc9f-f483-427a-bb73-6985a111f550/Test JDK 11, ubuntu-latest]   | [INFO] Tests run: 20, Failures: 0, Errors: 0, Skipped: 0, Time elapsed: 0.026 s - in org.adoptopenjdk.jitwatch.test.TestBytecodeAnnotationBuilder\n[bf14cc9f-f483-427a-bb73-6985a111f550/Test JDK 11, ubuntu-latest]   | [INFO] Running org.adoptopenjdk.jitwatch.test.TestInnerClassRelationship\n[bf14cc9f-f483-427a-bb73-6985a111f550/Test JDK 11, ubuntu-latest]   | [INFO] Tests run: 2, Failures: 0, Errors: 0, Skipped: 0, Time elapsed: 0 s - in org.adoptopenjdk.jitwatch.test.TestInnerClassRelationship\n[bf14cc9f-f483-427a-bb73-6985a111f550/Test JDK 11, ubuntu-latest]   | [INFO] Running org.adoptopenjdk.jitwatch.test.TestMetaClass\n[bf14cc9f-f483-427a-bb73-6985a111f550/Test JDK 11, ubuntu-latest]   | [INFO] Tests run: 14, Failures: 0, Errors: 0, Skipped: 0, Time elapsed: 0 s - in org.adoptopenjdk.jitwatch.test.TestMetaClass\n[bf14cc9f-f483-427a-bb73-6985a111f550/Test JDK 11, ubuntu-latest]   | [INFO] Running org.adoptopenjdk.jitwatch.test.TestLineTable\n[bf14cc9f-f483-427a-bb73-6985a111f550/Test JDK 11, ubuntu-latest]   | [INFO] Tests run: 4, Failures: 0, Errors: 0, Skipped: 0, Time elapsed: 0 s - in org.adoptopenjdk.jitwatch.test.TestLineTable\n[bf14cc9f-f483-427a-bb73-6985a111f550/Test JDK 11, ubuntu-latest]   | [INFO] \n[bf14cc9f-f483-427a-bb73-6985a111f550/Test JDK 11, ubuntu-latest]   | [INFO] Results:\n[bf14cc9f-f483-427a-bb73-6985a111f550/Test JDK 11, ubuntu-latest]   | [INFO] \n[bf14cc9f-f483-427a-bb73-6985a111f550/Test JDK 11, ubuntu-latest]   | [INFO] Tests run: 251, Failures: 0, Errors: 0, Skipped: 0\n[bf14cc9f-f483-427a-bb73-6985a111f550/Test JDK 11, ubuntu-latest]   | [INFO] \n[bf14cc9f-f483-427a-bb73-6985a111f550/Test JDK 11, ubuntu-latest]   | [INFO] \n[bf14cc9f-f483-427a-bb73-6985a111f550/Test JDK 11, ubuntu-latest]   | [INFO] --------------------< com.chrisnewland:jitwatch-ui >--------------------\n[bf14cc9f-f483-427a-bb73-6985a111f550/Test JDK 11, ubuntu-latest]   | [INFO] Building JITWatch UI 1.4.7                                         [3/3]\n[bf14cc9f-f483-427a-bb73-6985a111f550/Test JDK 11, ubuntu-latest]   | [INFO] --------------------------------[ jar ]---------------------------------\n[bf14cc9f-f483-427a-bb73-6985a111f550/Test JDK 11, ubuntu-latest]   | [INFO] Downloading from central: https://repo.maven.apache.org/maven2/org/openjfx/javafx-controls/18.0.2/javafx-controls-18.0.2.pom\n[bf14cc9f-f483-427a-bb73-6985a111f550/Test JDK 11, ubuntu-latest]   | [INFO] Downloaded from central: https://repo.maven.apache.org/maven2/org/openjfx/javafx-controls/18.0.2/javafx-controls-18.0.2.pom (908 B at 16 kB/s)\n[bf14cc9f-f483-427a-bb73-6985a111f550/Test JDK 11, ubuntu-latest]   | [INFO] Downloading from central: https://repo.maven.apache.org/maven2/org/openjfx/javafx/18.0.2/javafx-18.0.2.pom\n[bf14cc9f-f483-427a-bb73-6985a111f550/Test JDK 11, ubuntu-latest]   | [INFO] Downloaded from central: https://repo.maven.apache.org/maven2/org/openjfx/javafx/18.0.2/javafx-18.0.2.pom (8.4 kB at 281 kB/s)\n[bf14cc9f-f483-427a-bb73-6985a111f550/Test JDK 11, ubuntu-latest]   | [INFO] Downloading from central: https://repo.maven.apache.org/maven2/org/openjfx/javafx-graphics/18.0.2/javafx-graphics-18.0.2.pom\n[bf14cc9f-f483-427a-bb73-6985a111f550/Test JDK 11, ubuntu-latest]   | [INFO] Downloaded from central: https://repo.maven.apache.org/maven2/org/openjfx/javafx-graphics/18.0.2/javafx-graphics-18.0.2.pom (904 B at 28 kB/s)\n[bf14cc9f-f483-427a-bb73-6985a111f550/Test JDK 11, ubuntu-latest]   | [INFO] Downloading from central: https://repo.maven.apache.org/maven2/org/openjfx/javafx-base/18.0.2/javafx-base-18.0.2.pom\n[bf14cc9f-f483-427a-bb73-6985a111f550/Test JDK 11, ubuntu-latest]   | [INFO] Downloaded from central: https://repo.maven.apache.org/maven2/org/openjfx/javafx-base/18.0.2/javafx-base-18.0.2.pom (749 B at 29 kB/s)\n[bf14cc9f-f483-427a-bb73-6985a111f550/Test JDK 11, ubuntu-latest]   | [INFO] Downloading from central: https://repo.maven.apache.org/maven2/org/openjfx/javafx-web/18.0.2/javafx-web-18.0.2.pom\n[bf14cc9f-f483-427a-bb73-6985a111f550/Test JDK 11, ubuntu-latest]   | [INFO] Downloaded from central: https://repo.maven.apache.org/maven2/org/openjfx/javafx-web/18.0.2/javafx-web-18.0.2.pom (1.0 kB at 19 kB/s)\n[bf14cc9f-f483-427a-bb73-6985a111f550/Test JDK 11, ubuntu-latest]   | [INFO] Downloading from central: https://repo.maven.apache.org/maven2/org/openjfx/javafx-media/18.0.2/javafx-media-18.0.2.pom\n[bf14cc9f-f483-427a-bb73-6985a111f550/Test JDK 11, ubuntu-latest]   | [INFO] Downloaded from central: https://repo.maven.apache.org/maven2/org/openjfx/javafx-media/18.0.2/javafx-media-18.0.2.pom (902 B at 38 kB/s)\n[bf14cc9f-f483-427a-bb73-6985a111f550/Test JDK 11, ubuntu-latest]   | [INFO] Downloading from central: https://repo.maven.apache.org/maven2/org/openjfx/javafx-swing/18.0.2/javafx-swing-18.0.2.pom\n[bf14cc9f-f483-427a-bb73-6985a111f550/Test JDK 11, ubuntu-latest]   | [INFO] Downloaded from central: https://repo.maven.apache.org/maven2/org/openjfx/javafx-swing/18.0.2/javafx-swing-18.0.2.pom (902 B at 8.0 kB/s)\n[bf14cc9f-f483-427a-bb73-6985a111f550/Test JDK 11, ubuntu-latest]   | [INFO] Downloading from central: https://repo.maven.apache.org/maven2/org/openjfx/javafx-controls/18.0.2/javafx-controls-18.0.2.jar\n[bf14cc9f-f483-427a-bb73-6985a111f550/Test JDK 11, ubuntu-latest]   | [INFO] Downloading from central: https://repo.maven.apache.org/maven2/org/openjfx/javafx-controls/18.0.2/javafx-controls-18.0.2-linux.jar\n[bf14cc9f-f483-427a-bb73-6985a111f550/Test JDK 11, ubuntu-latest]   | [INFO] Downloading from central: https://repo.maven.apache.org/maven2/org/openjfx/javafx-graphics/18.0.2/javafx-graphics-18.0.2.jar\n[bf14cc9f-f483-427a-bb73-6985a111f550/Test JDK 11, ubuntu-latest]   | [INFO] Downloading from central: https://repo.maven.apache.org/maven2/org/openjfx/javafx-graphics/18.0.2/javafx-graphics-18.0.2-linux.jar\n[bf14cc9f-f483-427a-bb73-6985a111f550/Test JDK 11, ubuntu-latest]   | [INFO] Downloading from central: https://repo.maven.apache.org/maven2/org/openjfx/javafx-base/18.0.2/javafx-base-18.0.2.jar\n[bf14cc9f-f483-427a-bb73-6985a111f550/Test JDK 11, ubuntu-latest]   | [INFO] Downloaded from central: https://repo.maven.apache.org/maven2/org/openjfx/javafx-controls/18.0.2/javafx-controls-18.0.2.jar (306 B at 13 kB/s)\n[bf14cc9f-f483-427a-bb73-6985a111f550/Test JDK 11, ubuntu-latest]   | [INFO] Downloaded from central: https://repo.maven.apache.org/maven2/org/openjfx/javafx-graphics/18.0.2/javafx-graphics-18.0.2.jar (306 B at 13 kB/s)\n[bf14cc9f-f483-427a-bb73-6985a111f550/Test JDK 11, ubuntu-latest]   | [INFO] Downloading from central: https://repo.maven.apache.org/maven2/org/openjfx/javafx-base/18.0.2/javafx-base-18.0.2-linux.jar\n[bf14cc9f-f483-427a-bb73-6985a111f550/Test JDK 11, ubuntu-latest]   | [INFO] Downloading from central: https://repo.maven.apache.org/maven2/org/openjfx/javafx-web/18.0.2/javafx-web-18.0.2.jar\n[bf14cc9f-f483-427a-bb73-6985a111f550/Test JDK 11, ubuntu-latest]   | [INFO] Downloaded from central: https://repo.maven.apache.org/maven2/org/openjfx/javafx-base/18.0.2/javafx-base-18.0.2.jar (302 B at 10 kB/s)\n[bf14cc9f-f483-427a-bb73-6985a111f550/Test JDK 11, ubuntu-latest]   | [INFO] Downloading from central: https://repo.maven.apache.org/maven2/org/openjfx/javafx-web/18.0.2/javafx-web-18.0.2-linux.jar\n[bf14cc9f-f483-427a-bb73-6985a111f550/Test JDK 11, ubuntu-latest]   | [INFO] Downloaded from central: https://repo.maven.apache.org/maven2/org/openjfx/javafx-web/18.0.2/javafx-web-18.0.2.jar (301 B at 4.1 kB/s)\n[bf14cc9f-f483-427a-bb73-6985a111f550/Test JDK 11, ubuntu-latest]   | [INFO] Downloading from central: https://repo.maven.apache.org/maven2/org/openjfx/javafx-media/18.0.2/javafx-media-18.0.2.jar\n[bf14cc9f-f483-427a-bb73-6985a111f550/Test JDK 11, ubuntu-latest]   | [INFO] Downloaded from central: https://repo.maven.apache.org/maven2/org/openjfx/javafx-base/18.0.2/javafx-base-18.0.2-linux.jar (746 kB at 8.8 MB/s)\n[bf14cc9f-f483-427a-bb73-6985a111f550/Test JDK 11, ubuntu-latest]   | [INFO] Downloading from central: https://repo.maven.apache.org/maven2/org/openjfx/javafx-media/18.0.2/javafx-media-18.0.2-linux.jar\n[bf14cc9f-f483-427a-bb73-6985a111f550/Test JDK 11, ubuntu-latest]   | [INFO] Downloaded from central: https://repo.maven.apache.org/maven2/org/openjfx/javafx-media/18.0.2/javafx-media-18.0.2.jar (303 B at 3.4 kB/s)\n[bf14cc9f-f483-427a-bb73-6985a111f550/Test JDK 11, ubuntu-latest]   | [INFO] Downloading from central: https://repo.maven.apache.org/maven2/org/openjfx/javafx-swing/18.0.2/javafx-swing-18.0.2.jar\n[bf14cc9f-f483-427a-bb73-6985a111f550/Test JDK 11, ubuntu-latest]   | [INFO] Downloaded from central: https://repo.maven.apache.org/maven2/org/openjfx/javafx-swing/18.0.2/javafx-swing-18.0.2.jar (303 B at 1.3 kB/s)\n[bf14cc9f-f483-427a-bb73-6985a111f550/Test JDK 11, ubuntu-latest]   | [INFO] Downloading from central: https://repo.maven.apache.org/maven2/org/openjfx/javafx-swing/18.0.2/javafx-swing-18.0.2-linux.jar\n[bf14cc9f-f483-427a-bb73-6985a111f550/Test JDK 11, ubuntu-latest]   | [INFO] Downloaded from central: https://repo.maven.apache.org/maven2/org/openjfx/javafx-controls/18.0.2/javafx-controls-18.0.2-linux.jar (2.5 MB at 10 MB/s)\n[bf14cc9f-f483-427a-bb73-6985a111f550/Test JDK 11, ubuntu-latest]   | [INFO] Downloaded from central: https://repo.maven.apache.org/maven2/org/openjfx/javafx-swing/18.0.2/javafx-swing-18.0.2-linux.jar (89 kB at 339 kB/s)\n[bf14cc9f-f483-427a-bb73-6985a111f550/Test JDK 11, ubuntu-latest]   | [INFO] Downloaded from central: https://repo.maven.apache.org/maven2/org/openjfx/javafx-graphics/18.0.2/javafx-graphics-18.0.2-linux.jar (4.8 MB at 14 MB/s)\n[bf14cc9f-f483-427a-bb73-6985a111f550/Test JDK 11, ubuntu-latest]   | [INFO] Downloaded from central: https://repo.maven.apache.org/maven2/org/openjfx/javafx-media/18.0.2/javafx-media-18.0.2-linux.jar (1.4 MB at 3.1 MB/s)\n[bf14cc9f-f483-427a-bb73-6985a111f550/Test JDK 11, ubuntu-latest]   | [INFO] Downloaded from central: https://repo.maven.apache.org/maven2/org/openjfx/javafx-web/18.0.2/javafx-web-18.0.2-linux.jar (36 MB at 15 MB/s)\n[bf14cc9f-f483-427a-bb73-6985a111f550/Test JDK 11, ubuntu-latest]   | [INFO] \n[bf14cc9f-f483-427a-bb73-6985a111f550/Test JDK 11, ubuntu-latest]   | [INFO] --- maven-resources-plugin:3.0.2:resources (default-resources) @ jitwatch-ui ---\n[bf14cc9f-f483-427a-bb73-6985a111f550/Test JDK 11, ubuntu-latest]   | [INFO] Using 'UTF-8' encoding to copy filtered resources.\n[bf14cc9f-f483-427a-bb73-6985a111f550/Test JDK 11, ubuntu-latest]   | [INFO] Copying 10 resources\n[bf14cc9f-f483-427a-bb73-6985a111f550/Test JDK 11, ubuntu-latest]   | [INFO] \n[bf14cc9f-f483-427a-bb73-6985a111f550/Test JDK 11, ubuntu-latest]   | [INFO] --- maven-compiler-plugin:3.8.1:compile (default-compile) @ jitwatch-ui ---\n[bf14cc9f-f483-427a-bb73-6985a111f550/Test JDK 11, ubuntu-latest]   | [INFO] Changes detected - recompiling the module!\n[bf14cc9f-f483-427a-bb73-6985a111f550/Test JDK 11, ubuntu-latest]   | [INFO] Compiling 83 source files to /tmp/3d783ea4-1661-11ee-8a50-bb14de238602/AdoptOpenJDK-jitwatch/ui/target/classes\n[bf14cc9f-f483-427a-bb73-6985a111f550/Test JDK 11, ubuntu-latest]   | [INFO] \n[bf14cc9f-f483-427a-bb73-6985a111f550/Test JDK 11, ubuntu-latest]   | [INFO] --- maven-resources-plugin:3.0.2:testResources (default-testResources) @ jitwatch-ui ---\n[bf14cc9f-f483-427a-bb73-6985a111f550/Test JDK 11, ubuntu-latest]   | [INFO] Using 'UTF-8' encoding to copy filtered resources.\n[bf14cc9f-f483-427a-bb73-6985a111f550/Test JDK 11, ubuntu-latest]   | [INFO] Copying 1 resource\n[bf14cc9f-f483-427a-bb73-6985a111f550/Test JDK 11, ubuntu-latest]   | [INFO] \n[bf14cc9f-f483-427a-bb73-6985a111f550/Test JDK 11, ubuntu-latest]   | [INFO] --- maven-compiler-plugin:3.8.1:testCompile (default-testCompile) @ jitwatch-ui ---\n[bf14cc9f-f483-427a-bb73-6985a111f550/Test JDK 11, ubuntu-latest]   | [INFO] Changes detected - recompiling the module!\n[bf14cc9f-f483-427a-bb73-6985a111f550/Test JDK 11, ubuntu-latest]   | [INFO] \n[bf14cc9f-f483-427a-bb73-6985a111f550/Test JDK 11, ubuntu-latest]   | [INFO] --- maven-surefire-plugin:2.22.2:test (default-test) @ jitwatch-ui ---\n[bf14cc9f-f483-427a-bb73-6985a111f550/Test JDK 11, ubuntu-latest]   | [INFO] ------------------------------------------------------------------------\n[bf14cc9f-f483-427a-bb73-6985a111f550/Test JDK 11, ubuntu-latest]   | [INFO] Reactor Summary for JITWatch Parent 1.4.7:\n[bf14cc9f-f483-427a-bb73-6985a111f550/Test JDK 11, ubuntu-latest]   | [INFO] \n[bf14cc9f-f483-427a-bb73-6985a111f550/Test JDK 11, ubuntu-latest]   | [INFO] JITWatch Parent .................................... SUCCESS [  1.183 s]\n[bf14cc9f-f483-427a-bb73-6985a111f550/Test JDK 11, ubuntu-latest]   | [INFO] JITWatch Core ...................................... SUCCESS [ 24.927 s]\n[bf14cc9f-f483-427a-bb73-6985a111f550/Test JDK 11, ubuntu-latest]   | [INFO] JITWatch UI ........................................ SUCCESS [  4.107 s]\n[bf14cc9f-f483-427a-bb73-6985a111f550/Test JDK 11, ubuntu-latest]   | [INFO] ------------------------------------------------------------------------\n[bf14cc9f-f483-427a-bb73-6985a111f550/Test JDK 11, ubuntu-latest]   | [INFO] BUILD SUCCESS\n[bf14cc9f-f483-427a-bb73-6985a111f550/Test JDK 11, ubuntu-latest]   | [INFO] ------------------------------------------------------------------------\n[bf14cc9f-f483-427a-bb73-6985a111f550/Test JDK 11, ubuntu-latest]   | [INFO] Total time:  30.324 s\n[bf14cc9f-f483-427a-bb73-6985a111f550/Test JDK 11, ubuntu-latest]   | [INFO] Finished at: 2023-06-29T10:58:54Z\n[bf14cc9f-f483-427a-bb73-6985a111f550/Test JDK 11, ubuntu-latest]   | [INFO] ------------------------------------------------------------------------\n[bf14cc9f-f483-427a-bb73-6985a111f550/Test JDK 11, ubuntu-latest]   \u2705  Success - Main Test with Maven\n[bf14cc9f-f483-427a-bb73-6985a111f550/Test JDK 11, ubuntu-latest] \u2b50 Run Post Set up JDK\n[bf14cc9f-f483-427a-bb73-6985a111f550/Test JDK 11, ubuntu-latest]   \ud83d\udc33  docker exec cmd=[node /var/run/act/actions/actions-setup-java@v1/dist/cleanup/index.js] user= workdir=\n[bf14cc9f-f483-427a-bb73-6985a111f550/Test JDK 11, ubuntu-latest]   \u2705  Success - Post Set up JDK\n[bf14cc9f-f483-427a-bb73-6985a111f550/Test JDK 11, ubuntu-latest] \ud83c\udfc1  Job succeeded\n",
        "stderr": "",
        "workflow": "/tmp/3d783ea4-1661-11ee-8a50-bb14de238602/AdoptOpenJDK-jitwatch/.github/workflows/maven-crawler.yml",
        "build_tool": "maven",
        "elapsed_time": 100.78937315940857
    }
}