{
    "repository": "andreynovikov/trekarta",
    "stars": 122,
    "language": "java",
    "size": 60068,
    "clone_url": "https://github.com/andreynovikov/trekarta.git",
    "timestamp": "2023-06-29T12:02:47.953691Z",
    "clone_success": true,
    "number_of_actions": 2,
    "number_of_test_actions": 1,
    "actions_successful": false,
    "actions_build_tools": [
        "unknown",
        "gradle"
    ],
    "actions_test_build_tools": [
        "gradle"
    ],
    "actions_run": {
        "failed": true,
        "tests": [],
        "stdout": "[8b39860b-4943-428c-9401-3f511a9c53e9/Run Instrumentation Tests] \ud83d\ude80  Start image=crawlergpt:latest\n[8b39860b-4943-428c-9401-3f511a9c53e9/Run Unit Tests           ] \ud83d\ude80  Start image=crawlergpt:latest\n[8b39860b-4943-428c-9401-3f511a9c53e9/Build                    ] \ud83d\ude80  Start image=crawlergpt:latest\n[8b39860b-4943-428c-9401-3f511a9c53e9/Build                    ]   \ud83d\udc33  docker pull image=crawlergpt:latest platform= username= forcePull=false\n[8b39860b-4943-428c-9401-3f511a9c53e9/Run Instrumentation Tests]   \ud83d\udc33  docker pull image=crawlergpt:latest platform= username= forcePull=false\n[8b39860b-4943-428c-9401-3f511a9c53e9/Run Unit Tests           ]   \ud83d\udc33  docker pull image=crawlergpt:latest platform= username= forcePull=false\n[8b39860b-4943-428c-9401-3f511a9c53e9/Run Instrumentation Tests]   \ud83d\udc33  docker create image=crawlergpt:latest platform= entrypoint=[\"tail\" \"-f\" \"/dev/null\"] cmd=[]\n[8b39860b-4943-428c-9401-3f511a9c53e9/Run Unit Tests           ]   \ud83d\udc33  docker create image=crawlergpt:latest platform= entrypoint=[\"tail\" \"-f\" \"/dev/null\"] cmd=[]\n[8b39860b-4943-428c-9401-3f511a9c53e9/Build                    ]   \ud83d\udc33  docker create image=crawlergpt:latest platform= entrypoint=[\"tail\" \"-f\" \"/dev/null\"] cmd=[]\n[8b39860b-4943-428c-9401-3f511a9c53e9/Build                    ]   \ud83d\udc33  docker run image=crawlergpt:latest platform= entrypoint=[\"tail\" \"-f\" \"/dev/null\"] cmd=[]\n[8b39860b-4943-428c-9401-3f511a9c53e9/Run Instrumentation Tests]   \ud83d\udc33  docker run image=crawlergpt:latest platform= entrypoint=[\"tail\" \"-f\" \"/dev/null\"] cmd=[]\n[8b39860b-4943-428c-9401-3f511a9c53e9/Run Unit Tests           ]   \ud83d\udc33  docker run image=crawlergpt:latest platform= entrypoint=[\"tail\" \"-f\" \"/dev/null\"] cmd=[]\n[8b39860b-4943-428c-9401-3f511a9c53e9/Build                    ]   \ud83d\udc33  docker exec cmd=[chown -R 1012:1013 /tmp/3d783ea4-1661-11ee-8a50-bb14de238602/andreynovikov-trekarta] user=0 workdir=\n[8b39860b-4943-428c-9401-3f511a9c53e9/Run Instrumentation Tests]   \ud83d\udc33  docker exec cmd=[chown -R 1012:1013 /tmp/3d783ea4-1661-11ee-8a50-bb14de238602/andreynovikov-trekarta] user=0 workdir=\n[8b39860b-4943-428c-9401-3f511a9c53e9/Run Unit Tests           ]   \ud83d\udc33  docker exec cmd=[chown -R 1012:1013 /tmp/3d783ea4-1661-11ee-8a50-bb14de238602/andreynovikov-trekarta] user=0 workdir=\n[8b39860b-4943-428c-9401-3f511a9c53e9/Run Instrumentation Tests]   \u2601  git clone 'https://github.com/actions/setup-java' # ref=v3\n[8b39860b-4943-428c-9401-3f511a9c53e9/Build                    ]   \u2601  git clone 'https://github.com/actions/setup-java' # ref=v3\n[8b39860b-4943-428c-9401-3f511a9c53e9/Run Unit Tests           ]   \u2601  git clone 'https://github.com/actions/setup-java' # ref=v3\n[8b39860b-4943-428c-9401-3f511a9c53e9/Run Instrumentation Tests]   \u2601  git clone 'https://github.com/reactivecircus/android-emulator-runner' # ref=v2\n[8b39860b-4943-428c-9401-3f511a9c53e9/Build                    ] \u2b50 Run Main actions/checkout@v3\n[8b39860b-4943-428c-9401-3f511a9c53e9/Build                    ]   \u2705  Success - Main actions/checkout@v3\n[8b39860b-4943-428c-9401-3f511a9c53e9/Build                    ] \u2b50 Run Main Set up JDK 11\n[8b39860b-4943-428c-9401-3f511a9c53e9/Build                    ]   \ud83d\udc33  docker cp src=/tmp/act-cache/0026b469-3178-4ae1-af09-d68bce771346/act/actions-setup-java@v3/ dst=/var/run/act/actions/actions-setup-java@v3/\n[8b39860b-4943-428c-9401-3f511a9c53e9/Build                    ]   \ud83d\udc33  docker exec cmd=[chown -R 1012:1013 /var/run/act/actions/actions-setup-java@v3/] user=0 workdir=\n[8b39860b-4943-428c-9401-3f511a9c53e9/Run Unit Tests           ] \u2b50 Run Main actions/checkout@v3\n[8b39860b-4943-428c-9401-3f511a9c53e9/Run Unit Tests           ]   \u2705  Success - Main actions/checkout@v3\n[8b39860b-4943-428c-9401-3f511a9c53e9/Run Unit Tests           ] \u2b50 Run Main Set up JDK 11\n[8b39860b-4943-428c-9401-3f511a9c53e9/Run Unit Tests           ]   \ud83d\udc33  docker cp src=/tmp/act-cache/0026b469-3178-4ae1-af09-d68bce771346/act/actions-setup-java@v3/ dst=/var/run/act/actions/actions-setup-java@v3/\n[8b39860b-4943-428c-9401-3f511a9c53e9/Run Unit Tests           ]   \ud83d\udc33  docker exec cmd=[chown -R 1012:1013 /var/run/act/actions/actions-setup-java@v3/] user=0 workdir=\n[8b39860b-4943-428c-9401-3f511a9c53e9/Run Unit Tests           ]   \ud83d\udc33  docker exec cmd=[node /var/run/act/actions/actions-setup-java@v3/dist/setup/index.js] user= workdir=\n[8b39860b-4943-428c-9401-3f511a9c53e9/Build                    ]   \ud83d\udc33  docker exec cmd=[node /var/run/act/actions/actions-setup-java@v3/dist/setup/index.js] user= workdir=\n[8b39860b-4943-428c-9401-3f511a9c53e9/Run Unit Tests           ]   \u2753  ::group::Installed distributions\n[8b39860b-4943-428c-9401-3f511a9c53e9/Run Unit Tests           ]   | Trying to resolve the latest version from remote\n[8b39860b-4943-428c-9401-3f511a9c53e9/Build                    ]   \u2753  ::group::Installed distributions\n[8b39860b-4943-428c-9401-3f511a9c53e9/Build                    ]   | Trying to resolve the latest version from remote\n[8b39860b-4943-428c-9401-3f511a9c53e9/Run Unit Tests           ]   | Resolved latest version as 11.0.19+7\n[8b39860b-4943-428c-9401-3f511a9c53e9/Run Unit Tests           ]   | Trying to download...\n[8b39860b-4943-428c-9401-3f511a9c53e9/Run Unit Tests           ]   | Downloading Java 11.0.19+7 (Temurin-Hotspot) from https://github.com/adoptium/temurin11-binaries/releases/download/jdk-11.0.19%2B7/OpenJDK11U-jdk_x64_linux_hotspot_11.0.19_7.tar.gz ...\n[8b39860b-4943-428c-9401-3f511a9c53e9/Run Unit Tests           ]   \ud83d\udcac  ::debug::Downloading https://github.com/adoptium/temurin11-binaries/releases/download/jdk-11.0.19%252B7/OpenJDK11U-jdk_x64_linux_hotspot_11.0.19_7.tar.gz\n[8b39860b-4943-428c-9401-3f511a9c53e9/Run Unit Tests           ]   \ud83d\udcac  ::debug::Destination /tmp/82d34e88-8352-4032-a492-602368738610\n[8b39860b-4943-428c-9401-3f511a9c53e9/Build                    ]   | Resolved latest version as 11.0.19+7\n[8b39860b-4943-428c-9401-3f511a9c53e9/Build                    ]   | Trying to download...\n[8b39860b-4943-428c-9401-3f511a9c53e9/Build                    ]   | Downloading Java 11.0.19+7 (Temurin-Hotspot) from https://github.com/adoptium/temurin11-binaries/releases/download/jdk-11.0.19%2B7/OpenJDK11U-jdk_x64_linux_hotspot_11.0.19_7.tar.gz ...\n[8b39860b-4943-428c-9401-3f511a9c53e9/Build                    ]   \ud83d\udcac  ::debug::Downloading https://github.com/adoptium/temurin11-binaries/releases/download/jdk-11.0.19%252B7/OpenJDK11U-jdk_x64_linux_hotspot_11.0.19_7.tar.gz\n[8b39860b-4943-428c-9401-3f511a9c53e9/Build                    ]   \ud83d\udcac  ::debug::Destination /tmp/71881f6f-e7b4-459b-8dea-bbff82d81813\n[8b39860b-4943-428c-9401-3f511a9c53e9/Run Instrumentation Tests] \ud83e\uddea  Matrix: map[api-level:23 target:default]\n[8b39860b-4943-428c-9401-3f511a9c53e9/Run Instrumentation Tests] \u2b50 Run Main actions/checkout@v3\n[8b39860b-4943-428c-9401-3f511a9c53e9/Run Instrumentation Tests]   \u2705  Success - Main actions/checkout@v3\n[8b39860b-4943-428c-9401-3f511a9c53e9/Run Instrumentation Tests] \u2b50 Run Main Set up JDK 11\n[8b39860b-4943-428c-9401-3f511a9c53e9/Run Instrumentation Tests]   \ud83d\udc33  docker cp src=/tmp/act-cache/0026b469-3178-4ae1-af09-d68bce771346/act/actions-setup-java@v3/ dst=/var/run/act/actions/actions-setup-java@v3/\n[8b39860b-4943-428c-9401-3f511a9c53e9/Run Instrumentation Tests]   \ud83d\udc33  docker exec cmd=[chown -R 1012:1013 /var/run/act/actions/actions-setup-java@v3/] user=0 workdir=\n[8b39860b-4943-428c-9401-3f511a9c53e9/Build                    ]   \ud83d\udcac  ::debug::download complete\n[8b39860b-4943-428c-9401-3f511a9c53e9/Build                    ]   | Extracting Java archive...\n[8b39860b-4943-428c-9401-3f511a9c53e9/Build                    ]   \ud83d\udcac  ::debug::Checking tar --version\n[8b39860b-4943-428c-9401-3f511a9c53e9/Build                    ]   \ud83d\udcac  ::debug::tar (GNU tar) 1.30%0ACopyright (C) 2017 Free Software Foundation, Inc.%0ALicense GPLv3+: GNU GPL version 3 or later <https://gnu.org/licenses/gpl.html>.%0AThis is free software: you are free to change and redistribute it.%0AThere is NO WARRANTY, to the extent permitted by law.%0A%0AWritten by John Gilmore and Jay Fenlason.\n[8b39860b-4943-428c-9401-3f511a9c53e9/Build                    ]   | [command]/usr/bin/tar xz --warning=no-unknown-keyword -C /tmp/9333c5cb-1bce-46bd-b510-4ef0804b0f95 -f /tmp/71881f6f-e7b4-459b-8dea-bbff82d81813\n[8b39860b-4943-428c-9401-3f511a9c53e9/Run Instrumentation Tests]   \ud83d\udc33  docker exec cmd=[node /var/run/act/actions/actions-setup-java@v3/dist/setup/index.js] user= workdir=\n[8b39860b-4943-428c-9401-3f511a9c53e9/Build                    ]   \ud83d\udcac  ::debug::Caching tool Java_Temurin-Hotspot_jdk 11.0.19-7 x64\n[8b39860b-4943-428c-9401-3f511a9c53e9/Build                    ]   \ud83d\udcac  ::debug::source dir: /tmp/9333c5cb-1bce-46bd-b510-4ef0804b0f95/jdk-11.0.19+7\n[8b39860b-4943-428c-9401-3f511a9c53e9/Build                    ]   \ud83d\udcac  ::debug::destination /opt/hostedtoolcache/Java_Temurin-Hotspot_jdk/11.0.19-7/x64\n[8b39860b-4943-428c-9401-3f511a9c53e9/Run Unit Tests           ]   \ud83d\udcac  ::debug::download complete\n[8b39860b-4943-428c-9401-3f511a9c53e9/Run Unit Tests           ]   | Extracting Java archive...\n[8b39860b-4943-428c-9401-3f511a9c53e9/Run Unit Tests           ]   \ud83d\udcac  ::debug::Checking tar --version\n[8b39860b-4943-428c-9401-3f511a9c53e9/Run Unit Tests           ]   \ud83d\udcac  ::debug::tar (GNU tar) 1.30%0ACopyright (C) 2017 Free Software Foundation, Inc.%0ALicense GPLv3+: GNU GPL version 3 or later <https://gnu.org/licenses/gpl.html>.%0AThis is free software: you are free to change and redistribute it.%0AThere is NO WARRANTY, to the extent permitted by law.%0A%0AWritten by John Gilmore and Jay Fenlason.\n[8b39860b-4943-428c-9401-3f511a9c53e9/Run Unit Tests           ]   | [command]/usr/bin/tar xz --warning=no-unknown-keyword -C /tmp/aff6765c-b95b-40a2-9440-cffd28996ee2 -f /tmp/82d34e88-8352-4032-a492-602368738610\n[8b39860b-4943-428c-9401-3f511a9c53e9/Build                    ]   \ud83d\udcac  ::debug::finished caching tool\n[8b39860b-4943-428c-9401-3f511a9c53e9/Build                    ]   | Java 11.0.19+7 was downloaded\n[8b39860b-4943-428c-9401-3f511a9c53e9/Build                    ]   | Setting Java 11.0.19+7 as the default\n[8b39860b-4943-428c-9401-3f511a9c53e9/Build                    ]   | Creating toolchains.xml for JDK version 11 from temurin\n[8b39860b-4943-428c-9401-3f511a9c53e9/Build                    ]   | Writing to /home/runneradmin/.m2/toolchains.xml\n[8b39860b-4943-428c-9401-3f511a9c53e9/Build                    ]   | \n[8b39860b-4943-428c-9401-3f511a9c53e9/Build                    ]   | Java configuration:\n[8b39860b-4943-428c-9401-3f511a9c53e9/Build                    ]   |   Distribution: temurin\n[8b39860b-4943-428c-9401-3f511a9c53e9/Build                    ]   |   Version: 11.0.19+7\n[8b39860b-4943-428c-9401-3f511a9c53e9/Build                    ]   |   Path: /opt/hostedtoolcache/Java_Temurin-Hotspot_jdk/11.0.19-7/x64\n[8b39860b-4943-428c-9401-3f511a9c53e9/Build                    ]   | \n[8b39860b-4943-428c-9401-3f511a9c53e9/Build                    ]   \u2753  ::endgroup::\n[8b39860b-4943-428c-9401-3f511a9c53e9/Build                    ]   \u2753 add-matcher /run/act/actions/actions-setup-java@v3/.github/java.json\n[8b39860b-4943-428c-9401-3f511a9c53e9/Build                    ]   | Creating settings.xml with server-id: github\n[8b39860b-4943-428c-9401-3f511a9c53e9/Build                    ]   | Writing to /home/runneradmin/.m2/settings.xml\n[8b39860b-4943-428c-9401-3f511a9c53e9/Build                    ]   \u2705  Success - Main Set up JDK 11\n[8b39860b-4943-428c-9401-3f511a9c53e9/Build                    ]   \u2699  ::set-env:: JAVA_HOME=/opt/hostedtoolcache/Java_Temurin-Hotspot_jdk/11.0.19-7/x64\n[8b39860b-4943-428c-9401-3f511a9c53e9/Build                    ]   \u2699  ::set-env:: JAVA_HOME_11_X64=/opt/hostedtoolcache/Java_Temurin-Hotspot_jdk/11.0.19-7/x64\n[8b39860b-4943-428c-9401-3f511a9c53e9/Build                    ]   \u2699  ::set-output:: path=/opt/hostedtoolcache/Java_Temurin-Hotspot_jdk/11.0.19-7/x64\n[8b39860b-4943-428c-9401-3f511a9c53e9/Build                    ]   \u2699  ::set-output:: version=11.0.19+7\n[8b39860b-4943-428c-9401-3f511a9c53e9/Build                    ]   \u2699  ::set-output:: distribution=Temurin-Hotspot\n[8b39860b-4943-428c-9401-3f511a9c53e9/Build                    ]   \u2699  ::add-path:: /opt/hostedtoolcache/Java_Temurin-Hotspot_jdk/11.0.19-7/x64/bin\n[8b39860b-4943-428c-9401-3f511a9c53e9/Build                    ] \u2b50 Run Main Make gradlew executable\n[8b39860b-4943-428c-9401-3f511a9c53e9/Run Unit Tests           ]   \ud83d\udcac  ::debug::Caching tool Java_Temurin-Hotspot_jdk 11.0.19-7 x64\n[8b39860b-4943-428c-9401-3f511a9c53e9/Run Unit Tests           ]   \ud83d\udcac  ::debug::source dir: /tmp/aff6765c-b95b-40a2-9440-cffd28996ee2/jdk-11.0.19+7\n[8b39860b-4943-428c-9401-3f511a9c53e9/Run Unit Tests           ]   \ud83d\udcac  ::debug::destination /opt/hostedtoolcache/Java_Temurin-Hotspot_jdk/11.0.19-7/x64\n[8b39860b-4943-428c-9401-3f511a9c53e9/Build                    ]   \ud83d\udc33  docker exec cmd=[bash --noprofile --norc -e -o pipefail /var/run/act/workflow/2] user= workdir=\n[8b39860b-4943-428c-9401-3f511a9c53e9/Build                    ]   \u2705  Success - Main Make gradlew executable\n[8b39860b-4943-428c-9401-3f511a9c53e9/Run Instrumentation Tests]   \u2753  ::group::Installed distributions\n[8b39860b-4943-428c-9401-3f511a9c53e9/Run Instrumentation Tests]   | Trying to resolve the latest version from remote\n[8b39860b-4943-428c-9401-3f511a9c53e9/Build                    ] \u2b50 Run Main Build with Gradle\n[8b39860b-4943-428c-9401-3f511a9c53e9/Build                    ]   \ud83d\udc33  docker exec cmd=[bash --noprofile --norc -e -o pipefail /var/run/act/workflow/3] user= workdir=\n[8b39860b-4943-428c-9401-3f511a9c53e9/Build                    ]   | Downloading https://services.gradle.org/distributions/gradle-7.3.3-bin.zip\n[8b39860b-4943-428c-9401-3f511a9c53e9/Run Unit Tests           ]   \ud83d\udcac  ::debug::finished caching tool\n[8b39860b-4943-428c-9401-3f511a9c53e9/Run Unit Tests           ]   | Java 11.0.19+7 was downloaded\n[8b39860b-4943-428c-9401-3f511a9c53e9/Run Unit Tests           ]   | Setting Java 11.0.19+7 as the default\n[8b39860b-4943-428c-9401-3f511a9c53e9/Run Unit Tests           ]   | Creating toolchains.xml for JDK version 11 from temurin\n[8b39860b-4943-428c-9401-3f511a9c53e9/Run Unit Tests           ]   | Writing to /home/runneradmin/.m2/toolchains.xml\n[8b39860b-4943-428c-9401-3f511a9c53e9/Run Unit Tests           ]   | \n[8b39860b-4943-428c-9401-3f511a9c53e9/Run Unit Tests           ]   | Java configuration:\n[8b39860b-4943-428c-9401-3f511a9c53e9/Run Unit Tests           ]   |   Distribution: temurin\n[8b39860b-4943-428c-9401-3f511a9c53e9/Run Unit Tests           ]   |   Version: 11.0.19+7\n[8b39860b-4943-428c-9401-3f511a9c53e9/Run Unit Tests           ]   |   Path: /opt/hostedtoolcache/Java_Temurin-Hotspot_jdk/11.0.19-7/x64\n[8b39860b-4943-428c-9401-3f511a9c53e9/Run Unit Tests           ]   | \n[8b39860b-4943-428c-9401-3f511a9c53e9/Run Unit Tests           ]   \u2753  ::endgroup::\n[8b39860b-4943-428c-9401-3f511a9c53e9/Run Unit Tests           ]   \u2753 add-matcher /run/act/actions/actions-setup-java@v3/.github/java.json\n[8b39860b-4943-428c-9401-3f511a9c53e9/Run Unit Tests           ]   | Creating settings.xml with server-id: github\n[8b39860b-4943-428c-9401-3f511a9c53e9/Run Unit Tests           ]   | Writing to /home/runneradmin/.m2/settings.xml\n[8b39860b-4943-428c-9401-3f511a9c53e9/Run Unit Tests           ]   \u2705  Success - Main Set up JDK 11\n[8b39860b-4943-428c-9401-3f511a9c53e9/Run Unit Tests           ]   \u2699  ::set-env:: JAVA_HOME_11_X64=/opt/hostedtoolcache/Java_Temurin-Hotspot_jdk/11.0.19-7/x64\n[8b39860b-4943-428c-9401-3f511a9c53e9/Run Unit Tests           ]   \u2699  ::set-env:: JAVA_HOME=/opt/hostedtoolcache/Java_Temurin-Hotspot_jdk/11.0.19-7/x64\n[8b39860b-4943-428c-9401-3f511a9c53e9/Run Unit Tests           ]   \u2699  ::set-output:: distribution=Temurin-Hotspot\n[8b39860b-4943-428c-9401-3f511a9c53e9/Run Unit Tests           ]   \u2699  ::set-output:: path=/opt/hostedtoolcache/Java_Temurin-Hotspot_jdk/11.0.19-7/x64\n[8b39860b-4943-428c-9401-3f511a9c53e9/Run Unit Tests           ]   \u2699  ::set-output:: version=11.0.19+7\n[8b39860b-4943-428c-9401-3f511a9c53e9/Run Unit Tests           ]   \u2699  ::add-path:: /opt/hostedtoolcache/Java_Temurin-Hotspot_jdk/11.0.19-7/x64/bin\n[8b39860b-4943-428c-9401-3f511a9c53e9/Run Unit Tests           ] \u2b50 Run Main Make gradlew executable\n[8b39860b-4943-428c-9401-3f511a9c53e9/Run Instrumentation Tests]   | Resolved latest version as 11.0.19+7\n[8b39860b-4943-428c-9401-3f511a9c53e9/Run Instrumentation Tests]   | Trying to download...\n[8b39860b-4943-428c-9401-3f511a9c53e9/Run Instrumentation Tests]   | Downloading Java 11.0.19+7 (Temurin-Hotspot) from https://github.com/adoptium/temurin11-binaries/releases/download/jdk-11.0.19%2B7/OpenJDK11U-jdk_x64_linux_hotspot_11.0.19_7.tar.gz ...\n[8b39860b-4943-428c-9401-3f511a9c53e9/Run Instrumentation Tests]   \ud83d\udcac  ::debug::Downloading https://github.com/adoptium/temurin11-binaries/releases/download/jdk-11.0.19%252B7/OpenJDK11U-jdk_x64_linux_hotspot_11.0.19_7.tar.gz\n[8b39860b-4943-428c-9401-3f511a9c53e9/Run Instrumentation Tests]   \ud83d\udcac  ::debug::Destination /tmp/7af516d8-ed17-4220-ae75-fcf9c929e3f0\n[8b39860b-4943-428c-9401-3f511a9c53e9/Run Unit Tests           ]   \ud83d\udc33  docker exec cmd=[bash --noprofile --norc -e -o pipefail /var/run/act/workflow/2] user= workdir=\n[8b39860b-4943-428c-9401-3f511a9c53e9/Build                    ]   | ............................................................................................................................................................................................................................................................................................................................................................................................................................................................................................................................................................................................................................................................................................................................................................................................................................................................................................................................................................................................................................................................................................................................................................................................................................................................................................................................................................................................................................................................................................................................................................................................................................................................................................................................................................................................................................................................................................................................................................................................................................................................................................................................................................................................................................................................................................................................................................................................................................................................................................................................................................................................................................................................................................................................................................................................................................................................................................................................................................................................................................................................................................................................................................................................................................................................................................................................................................................................................................................................................................................................................................................................................................................................................................................................................................................................................................................................................................................................................................................................................................................................................................................................................................................................................................................................................................................................................................................................................................................................................................................................................................................................................................................................................................................................................................................................................................................................................................................................................................................................................................................................................................................................................................................................................................................................................................................................................................................................................................................................................................................................................................................................................................................................................................................................................................................................................................................................................................................................................................................................................................\n[8b39860b-4943-428c-9401-3f511a9c53e9/Build                    ]   | Unzipping /home/runneradmin/.gradle/wrapper/dists/gradle-7.3.3-bin/3a2u8pa6pk7goff236d53q7hu7/gradle-7.3.3-bin.zip to /home/runneradmin/.gradle/wrapper/dists/gradle-7.3.3-bin/3a2u8pa6pk7goff236d53q7hu7\n[8b39860b-4943-428c-9401-3f511a9c53e9/Build                    ]   | Set executable permissions for: /home/runneradmin/.gradle/wrapper/dists/gradle-7.3.3-bin/3a2u8pa6pk7goff236d53q7hu7/gradle-7.3.3/bin/gradle\n[8b39860b-4943-428c-9401-3f511a9c53e9/Build                    ]   | \n[8b39860b-4943-428c-9401-3f511a9c53e9/Build                    ]   | Welcome to Gradle 7.3.3!\n[8b39860b-4943-428c-9401-3f511a9c53e9/Build                    ]   | \n[8b39860b-4943-428c-9401-3f511a9c53e9/Build                    ]   | Here are the highlights of this release:\n[8b39860b-4943-428c-9401-3f511a9c53e9/Build                    ]   |  - Easily declare new test suites in Java projects\n[8b39860b-4943-428c-9401-3f511a9c53e9/Build                    ]   |  - Support for Java 17\n[8b39860b-4943-428c-9401-3f511a9c53e9/Build                    ]   |  - Support for Scala 3\n[8b39860b-4943-428c-9401-3f511a9c53e9/Build                    ]   | \n[8b39860b-4943-428c-9401-3f511a9c53e9/Build                    ]   | For more details see https://docs.gradle.org/7.3.3/release-notes.html\n[8b39860b-4943-428c-9401-3f511a9c53e9/Build                    ]   | \n[8b39860b-4943-428c-9401-3f511a9c53e9/Build                    ]   | Starting a Gradle Daemon (subsequent builds will be faster)\n[8b39860b-4943-428c-9401-3f511a9c53e9/Run Instrumentation Tests]   \ud83d\udcac  ::debug::download complete\n[8b39860b-4943-428c-9401-3f511a9c53e9/Run Instrumentation Tests]   | Extracting Java archive...\n[8b39860b-4943-428c-9401-3f511a9c53e9/Run Instrumentation Tests]   \ud83d\udcac  ::debug::Checking tar --version\n[8b39860b-4943-428c-9401-3f511a9c53e9/Run Instrumentation Tests]   \ud83d\udcac  ::debug::tar (GNU tar) 1.30%0ACopyright (C) 2017 Free Software Foundation, Inc.%0ALicense GPLv3+: GNU GPL version 3 or later <https://gnu.org/licenses/gpl.html>.%0AThis is free software: you are free to change and redistribute it.%0AThere is NO WARRANTY, to the extent permitted by law.%0A%0AWritten by John Gilmore and Jay Fenlason.\n[8b39860b-4943-428c-9401-3f511a9c53e9/Run Instrumentation Tests]   | [command]/usr/bin/tar xz --warning=no-unknown-keyword -C /tmp/19e5f362-04bd-4cd5-8b08-ea9e57a09512 -f /tmp/7af516d8-ed17-4220-ae75-fcf9c929e3f0\n[8b39860b-4943-428c-9401-3f511a9c53e9/Run Unit Tests           ]   \u2705  Success - Main Make gradlew executable\n[8b39860b-4943-428c-9401-3f511a9c53e9/Run Unit Tests           ] \u2b50 Run Main Execute unit tests\n[8b39860b-4943-428c-9401-3f511a9c53e9/Run Unit Tests           ]   \ud83d\udc33  docker exec cmd=[bash --noprofile --norc -e -o pipefail /var/run/act/workflow/3] user= workdir=\n[8b39860b-4943-428c-9401-3f511a9c53e9/Run Instrumentation Tests]   \ud83d\udcac  ::debug::Caching tool Java_Temurin-Hotspot_jdk 11.0.19-7 x64\n[8b39860b-4943-428c-9401-3f511a9c53e9/Run Instrumentation Tests]   \ud83d\udcac  ::debug::source dir: /tmp/19e5f362-04bd-4cd5-8b08-ea9e57a09512/jdk-11.0.19+7\n[8b39860b-4943-428c-9401-3f511a9c53e9/Run Instrumentation Tests]   \ud83d\udcac  ::debug::destination /opt/hostedtoolcache/Java_Temurin-Hotspot_jdk/11.0.19-7/x64\n[8b39860b-4943-428c-9401-3f511a9c53e9/Run Instrumentation Tests]   \ud83d\udcac  ::debug::finished caching tool\n[8b39860b-4943-428c-9401-3f511a9c53e9/Run Instrumentation Tests]   | Java 11.0.19+7 was downloaded\n[8b39860b-4943-428c-9401-3f511a9c53e9/Run Instrumentation Tests]   | Setting Java 11.0.19+7 as the default\n[8b39860b-4943-428c-9401-3f511a9c53e9/Run Instrumentation Tests]   | Creating toolchains.xml for JDK version 11 from temurin\n[8b39860b-4943-428c-9401-3f511a9c53e9/Run Instrumentation Tests]   | Writing to /home/runneradmin/.m2/toolchains.xml\n[8b39860b-4943-428c-9401-3f511a9c53e9/Run Instrumentation Tests]   | \n[8b39860b-4943-428c-9401-3f511a9c53e9/Run Instrumentation Tests]   | Java configuration:\n[8b39860b-4943-428c-9401-3f511a9c53e9/Run Instrumentation Tests]   |   Distribution: temurin\n[8b39860b-4943-428c-9401-3f511a9c53e9/Run Instrumentation Tests]   |   Version: 11.0.19+7\n[8b39860b-4943-428c-9401-3f511a9c53e9/Run Instrumentation Tests]   |   Path: /opt/hostedtoolcache/Java_Temurin-Hotspot_jdk/11.0.19-7/x64\n[8b39860b-4943-428c-9401-3f511a9c53e9/Run Instrumentation Tests]   | \n[8b39860b-4943-428c-9401-3f511a9c53e9/Run Instrumentation Tests]   \u2753  ::endgroup::\n[8b39860b-4943-428c-9401-3f511a9c53e9/Run Instrumentation Tests]   \u2753 add-matcher /run/act/actions/actions-setup-java@v3/.github/java.json\n[8b39860b-4943-428c-9401-3f511a9c53e9/Run Instrumentation Tests]   | Creating settings.xml with server-id: github\n[8b39860b-4943-428c-9401-3f511a9c53e9/Run Instrumentation Tests]   | Writing to /home/runneradmin/.m2/settings.xml\n[8b39860b-4943-428c-9401-3f511a9c53e9/Run Instrumentation Tests]   \u2705  Success - Main Set up JDK 11\n[8b39860b-4943-428c-9401-3f511a9c53e9/Run Instrumentation Tests]   \u2699  ::set-env:: JAVA_HOME=/opt/hostedtoolcache/Java_Temurin-Hotspot_jdk/11.0.19-7/x64\n[8b39860b-4943-428c-9401-3f511a9c53e9/Run Instrumentation Tests]   \u2699  ::set-env:: JAVA_HOME_11_X64=/opt/hostedtoolcache/Java_Temurin-Hotspot_jdk/11.0.19-7/x64\n[8b39860b-4943-428c-9401-3f511a9c53e9/Run Instrumentation Tests]   \u2699  ::set-output:: path=/opt/hostedtoolcache/Java_Temurin-Hotspot_jdk/11.0.19-7/x64\n[8b39860b-4943-428c-9401-3f511a9c53e9/Run Instrumentation Tests]   \u2699  ::set-output:: version=11.0.19+7\n[8b39860b-4943-428c-9401-3f511a9c53e9/Run Instrumentation Tests]   \u2699  ::set-output:: distribution=Temurin-Hotspot\n[8b39860b-4943-428c-9401-3f511a9c53e9/Run Instrumentation Tests]   \u2699  ::add-path:: /opt/hostedtoolcache/Java_Temurin-Hotspot_jdk/11.0.19-7/x64/bin\n[8b39860b-4943-428c-9401-3f511a9c53e9/Run Instrumentation Tests] \u2b50 Run Main Make gradlew executable\n[8b39860b-4943-428c-9401-3f511a9c53e9/Run Instrumentation Tests]   \ud83d\udc33  docker exec cmd=[bash --noprofile --norc -e -o pipefail /var/run/act/workflow/2] user= workdir=\n[8b39860b-4943-428c-9401-3f511a9c53e9/Run Unit Tests           ]   | Downloading https://services.gradle.org/distributions/gradle-7.3.3-bin.zip\n[8b39860b-4943-428c-9401-3f511a9c53e9/Run Unit Tests           ]   | ............................................................................................................................................................................................................................................................................................................................................................................................................................................................................................................................................................................................................................................................................................................................................................................................................................................................................................................................................................................................................................................................................................................................................................................................................................................................................................................................................................................................................................................................................................................................................................................................................................................................................................................................................................................................................................................................................................................................................................................................................................................................................................................................................................................................................................................................................................................................................................................................................................................................................................................................................................................................................................................................................................................................................................................................................................................................................................................................................................................................................................................................................................................................................................................................................................................................................................................................................................................................................................................................................................................................................................................................................................................................................................................................................................................................................................................................................................................................................................................................................................................................................................................................................................................................................................................................................................................................................................................................................................................................................................................................................................................................................................................................................................................................................................................................................................................................................................................................................................................................................................................................................................................................................................................................................................................................................................................................................................................................................................................................................................................................................................................................................................................................................................................................................................................................................................................................................................................................................................................................................................\n[8b39860b-4943-428c-9401-3f511a9c53e9/Run Unit Tests           ]   | Unzipping /home/runneradmin/.gradle/wrapper/dists/gradle-7.3.3-bin/3a2u8pa6pk7goff236d53q7hu7/gradle-7.3.3-bin.zip to /home/runneradmin/.gradle/wrapper/dists/gradle-7.3.3-bin/3a2u8pa6pk7goff236d53q7hu7\n[8b39860b-4943-428c-9401-3f511a9c53e9/Run Unit Tests           ]   | Set executable permissions for: /home/runneradmin/.gradle/wrapper/dists/gradle-7.3.3-bin/3a2u8pa6pk7goff236d53q7hu7/gradle-7.3.3/bin/gradle\n[8b39860b-4943-428c-9401-3f511a9c53e9/Run Unit Tests           ]   | \n[8b39860b-4943-428c-9401-3f511a9c53e9/Run Unit Tests           ]   | Welcome to Gradle 7.3.3!\n[8b39860b-4943-428c-9401-3f511a9c53e9/Run Unit Tests           ]   | \n[8b39860b-4943-428c-9401-3f511a9c53e9/Run Unit Tests           ]   | Here are the highlights of this release:\n[8b39860b-4943-428c-9401-3f511a9c53e9/Run Unit Tests           ]   |  - Easily declare new test suites in Java projects\n[8b39860b-4943-428c-9401-3f511a9c53e9/Run Unit Tests           ]   |  - Support for Java 17\n[8b39860b-4943-428c-9401-3f511a9c53e9/Run Unit Tests           ]   |  - Support for Scala 3\n[8b39860b-4943-428c-9401-3f511a9c53e9/Run Unit Tests           ]   | \n[8b39860b-4943-428c-9401-3f511a9c53e9/Run Unit Tests           ]   | For more details see https://docs.gradle.org/7.3.3/release-notes.html\n[8b39860b-4943-428c-9401-3f511a9c53e9/Run Unit Tests           ]   | \n[8b39860b-4943-428c-9401-3f511a9c53e9/Run Unit Tests           ]   | Starting a Gradle Daemon (subsequent builds will be faster)\n[8b39860b-4943-428c-9401-3f511a9c53e9/Run Instrumentation Tests]   \u2705  Success - Main Make gradlew executable\n[8b39860b-4943-428c-9401-3f511a9c53e9/Run Instrumentation Tests] \u2b50 Run Main Execute instrumentation tests\n[8b39860b-4943-428c-9401-3f511a9c53e9/Run Instrumentation Tests]   \ud83d\udc33  docker cp src=/tmp/act-cache/0026b469-3178-4ae1-af09-d68bce771346/act/reactivecircus-android-emulator-runner@v2/ dst=/var/run/act/actions/reactivecircus-android-emulator-runner@v2/\n[8b39860b-4943-428c-9401-3f511a9c53e9/Run Instrumentation Tests]   \ud83d\udc33  docker exec cmd=[chown -R 1012:1013 /var/run/act/actions/reactivecircus-android-emulator-runner@v2/] user=0 workdir=\n[8b39860b-4943-428c-9401-3f511a9c53e9/Run Instrumentation Tests]   \ud83d\udc33  docker exec cmd=[node /var/run/act/actions/reactivecircus-android-emulator-runner@v2/lib/main.js] user= workdir=\n[8b39860b-4943-428c-9401-3f511a9c53e9/Run Instrumentation Tests]   \u2753  ::group::Configure emulator\n[8b39860b-4943-428c-9401-3f511a9c53e9/Run Instrumentation Tests]   | You're running a Linux VM where hardware acceleration is not available. Please consider using a macOS VM instead to take advantage of native hardware acceleration support provided by HAXM.\n[8b39860b-4943-428c-9401-3f511a9c53e9/Run Instrumentation Tests]   | API level: 23\n[8b39860b-4943-428c-9401-3f511a9c53e9/Run Instrumentation Tests]   | target: default\n[8b39860b-4943-428c-9401-3f511a9c53e9/Run Instrumentation Tests]   | CPU architecture: x86\n[8b39860b-4943-428c-9401-3f511a9c53e9/Run Instrumentation Tests]   | Hardware profile: \n[8b39860b-4943-428c-9401-3f511a9c53e9/Run Instrumentation Tests]   | Cores: 2\n[8b39860b-4943-428c-9401-3f511a9c53e9/Run Instrumentation Tests]   | RAM size: \n[8b39860b-4943-428c-9401-3f511a9c53e9/Run Instrumentation Tests]   | Heap size: \n[8b39860b-4943-428c-9401-3f511a9c53e9/Run Instrumentation Tests]   | SD card path or size: \n[8b39860b-4943-428c-9401-3f511a9c53e9/Run Instrumentation Tests]   | Disk size: \n[8b39860b-4943-428c-9401-3f511a9c53e9/Run Instrumentation Tests]   | AVD name: test\n[8b39860b-4943-428c-9401-3f511a9c53e9/Run Instrumentation Tests]   | force avd creation: true\n[8b39860b-4943-428c-9401-3f511a9c53e9/Run Instrumentation Tests]   | Emulator boot timeout: 600\n[8b39860b-4943-428c-9401-3f511a9c53e9/Run Instrumentation Tests]   | emulator options: -no-window -gpu swiftshader_indirect -no-snapshot -noaudio -no-boot-anim\n[8b39860b-4943-428c-9401-3f511a9c53e9/Run Instrumentation Tests]   | disable animations: true\n[8b39860b-4943-428c-9401-3f511a9c53e9/Run Instrumentation Tests]   | disable spellchecker: false\n[8b39860b-4943-428c-9401-3f511a9c53e9/Run Instrumentation Tests]   | disable Linux hardware acceleration: true\n[8b39860b-4943-428c-9401-3f511a9c53e9/Run Instrumentation Tests]   | enable hardware keyboard: false\n[8b39860b-4943-428c-9401-3f511a9c53e9/Run Instrumentation Tests]   | Channel: 0 (stable)\n[8b39860b-4943-428c-9401-3f511a9c53e9/Run Instrumentation Tests]   | Script:\n[8b39860b-4943-428c-9401-3f511a9c53e9/Run Instrumentation Tests]   | ./gradlew connectedCheck\n[8b39860b-4943-428c-9401-3f511a9c53e9/Run Instrumentation Tests]   | Pre emulator launch script:\n[8b39860b-4943-428c-9401-3f511a9c53e9/Run Instrumentation Tests]   \u2753  ::endgroup::\n[8b39860b-4943-428c-9401-3f511a9c53e9/Run Instrumentation Tests]   \u2753  ::group::Install Android SDK\n[8b39860b-4943-428c-9401-3f511a9c53e9/Run Instrumentation Tests]   | [command]/usr/bin/sh -c \\sudo chown $USER:$USER undefined -R\n[8b39860b-4943-428c-9401-3f511a9c53e9/Run Instrumentation Tests]   | chown: cannot access 'undefined': No such file or directory\n[8b39860b-4943-428c-9401-3f511a9c53e9/Run Instrumentation Tests]   \u2753  ::endgroup::\n[8b39860b-4943-428c-9401-3f511a9c53e9/Run Instrumentation Tests]   \u2753  ::group::Terminate Emulator\n[8b39860b-4943-428c-9401-3f511a9c53e9/Run Instrumentation Tests]   | Unable to locate executable file: adb. Please verify either the file path exists or the file can be found within a directory specified by the PATH environment variable. Also check the file mode to verify the file is executable.\n[8b39860b-4943-428c-9401-3f511a9c53e9/Run Instrumentation Tests]   \u2753  ::endgroup::\n[8b39860b-4943-428c-9401-3f511a9c53e9/Run Instrumentation Tests]   \u2757  ::error::The process '/usr/bin/sh' failed with exit code 1\n[8b39860b-4943-428c-9401-3f511a9c53e9/Run Instrumentation Tests]   \u274c  Failure - Main Execute instrumentation tests\n[8b39860b-4943-428c-9401-3f511a9c53e9/Run Instrumentation Tests] exitcode '1': failure\n[8b39860b-4943-428c-9401-3f511a9c53e9/Run Instrumentation Tests] \u2b50 Run Post Set up JDK 11\n[8b39860b-4943-428c-9401-3f511a9c53e9/Run Instrumentation Tests]   \ud83d\udc33  docker exec cmd=[node /var/run/act/actions/actions-setup-java@v3/dist/cleanup/index.js] user= workdir=\n[8b39860b-4943-428c-9401-3f511a9c53e9/Run Instrumentation Tests]   \u2705  Success - Post Set up JDK 11\n[8b39860b-4943-428c-9401-3f511a9c53e9/Build                    ]   | \n[8b39860b-4943-428c-9401-3f511a9c53e9/Build                    ]   | FAILURE: Build failed with an exception.\n[8b39860b-4943-428c-9401-3f511a9c53e9/Build                    ]   | \n[8b39860b-4943-428c-9401-3f511a9c53e9/Build                    ]   | * What went wrong:\n[8b39860b-4943-428c-9401-3f511a9c53e9/Build                    ]   | A problem occurred configuring project ':app'.\n[8b39860b-4943-428c-9401-3f511a9c53e9/Build                    ]   | > SDK location not found. Define a valid SDK location with an ANDROID_HOME environment variable or by setting the sdk.dir path in your project's local properties file at '/tmp/3d783ea4-1661-11ee-8a50-bb14de238602/andreynovikov-trekarta/local.properties'.\n[8b39860b-4943-428c-9401-3f511a9c53e9/Build                    ]   | \n[8b39860b-4943-428c-9401-3f511a9c53e9/Build                    ]   | * Try:\n[8b39860b-4943-428c-9401-3f511a9c53e9/Build                    ]   | > Run with --stacktrace option to get the stack trace.\n[8b39860b-4943-428c-9401-3f511a9c53e9/Build                    ]   | > Run with --info or --debug option to get more log output.\n[8b39860b-4943-428c-9401-3f511a9c53e9/Build                    ]   | > Run with --scan to get full insights.\n[8b39860b-4943-428c-9401-3f511a9c53e9/Build                    ]   | \n[8b39860b-4943-428c-9401-3f511a9c53e9/Build                    ]   | * Get more help at https://help.gradle.org\n[8b39860b-4943-428c-9401-3f511a9c53e9/Build                    ]   | \n[8b39860b-4943-428c-9401-3f511a9c53e9/Build                    ]   | BUILD FAILED in 33s\n[8b39860b-4943-428c-9401-3f511a9c53e9/Build                    ]   \u274c  Failure - Main Build with Gradle\n[8b39860b-4943-428c-9401-3f511a9c53e9/Build                    ] exitcode '1': failure\n[8b39860b-4943-428c-9401-3f511a9c53e9/Build                    ] \u2b50 Run Post Set up JDK 11\n[8b39860b-4943-428c-9401-3f511a9c53e9/Build                    ]   \ud83d\udc33  docker exec cmd=[node /var/run/act/actions/actions-setup-java@v3/dist/cleanup/index.js] user= workdir=\n[8b39860b-4943-428c-9401-3f511a9c53e9/Build                    ]   | internal/modules/cjs/loader.js:892\n[8b39860b-4943-428c-9401-3f511a9c53e9/Build                    ]   |   throw err;\n[8b39860b-4943-428c-9401-3f511a9c53e9/Build                    ]   |   ^\n[8b39860b-4943-428c-9401-3f511a9c53e9/Build                    ]   | \n[8b39860b-4943-428c-9401-3f511a9c53e9/Build                    ]   | Error: Cannot find module '/var/run/act/actions/actions-setup-java@v3/dist/cleanup/index.js'\n[8b39860b-4943-428c-9401-3f511a9c53e9/Build                    ]   |     at Function.Module._resolveFilename (internal/modules/cjs/loader.js:889:15)\n[8b39860b-4943-428c-9401-3f511a9c53e9/Build                    ]   |     at Function.Module._load (internal/modules/cjs/loader.js:745:27)\n[8b39860b-4943-428c-9401-3f511a9c53e9/Build                    ]   |     at Function.executeUserEntryPoint [as runMain] (internal/modules/run_main.js:76:12)\n[8b39860b-4943-428c-9401-3f511a9c53e9/Build                    ]   |     at internal/main/run_main_module.js:17:47 {\n[8b39860b-4943-428c-9401-3f511a9c53e9/Build                    ]   |   code: 'MODULE_NOT_FOUND',\n[8b39860b-4943-428c-9401-3f511a9c53e9/Build                    ]   |   requireStack: []\n[8b39860b-4943-428c-9401-3f511a9c53e9/Build                    ]   | }\n[8b39860b-4943-428c-9401-3f511a9c53e9/Build                    ]   \u274c  Failure - Post Set up JDK 11\n[8b39860b-4943-428c-9401-3f511a9c53e9/Run Instrumentation Tests] \ud83c\udfc1  Job failed\n[8b39860b-4943-428c-9401-3f511a9c53e9/Build                    ] \ud83c\udfc1  Job failed\n[8b39860b-4943-428c-9401-3f511a9c53e9/Run Unit Tests           ]   | \n[8b39860b-4943-428c-9401-3f511a9c53e9/Run Unit Tests           ]   | FAILURE: Build failed with an exception.\n[8b39860b-4943-428c-9401-3f511a9c53e9/Run Unit Tests           ]   | \n[8b39860b-4943-428c-9401-3f511a9c53e9/Run Unit Tests           ]   | * What went wrong:\n[8b39860b-4943-428c-9401-3f511a9c53e9/Run Unit Tests           ]   | A problem occurred configuring project ':app'.\n[8b39860b-4943-428c-9401-3f511a9c53e9/Run Unit Tests           ]   | > SDK location not found. Define a valid SDK location with an ANDROID_HOME environment variable or by setting the sdk.dir path in your project's local properties file at '/tmp/3d783ea4-1661-11ee-8a50-bb14de238602/andreynovikov-trekarta/local.properties'.\n[8b39860b-4943-428c-9401-3f511a9c53e9/Run Unit Tests           ]   | \n[8b39860b-4943-428c-9401-3f511a9c53e9/Run Unit Tests           ]   | * Try:\n[8b39860b-4943-428c-9401-3f511a9c53e9/Run Unit Tests           ]   | > Run with --info or --debug option to get more log output.\n[8b39860b-4943-428c-9401-3f511a9c53e9/Run Unit Tests           ]   | > Run with --scan to get full insights.\n[8b39860b-4943-428c-9401-3f511a9c53e9/Run Unit Tests           ]   | \n[8b39860b-4943-428c-9401-3f511a9c53e9/Run Unit Tests           ]   | * Exception is:\n[8b39860b-4943-428c-9401-3f511a9c53e9/Run Unit Tests           ]   | org.gradle.api.ProjectConfigurationException: A problem occurred configuring project ':app'.\n[8b39860b-4943-428c-9401-3f511a9c53e9/Run Unit Tests           ]   | \tat org.gradle.configuration.project.LifecycleProjectEvaluator.wrapException(LifecycleProjectEvaluator.java:75)\n[8b39860b-4943-428c-9401-3f511a9c53e9/Run Unit Tests           ]   | \tat org.gradle.configuration.project.LifecycleProjectEvaluator.addConfigurationFailure(LifecycleProjectEvaluator.java:68)\n[8b39860b-4943-428c-9401-3f511a9c53e9/Run Unit Tests           ]   | \tat org.gradle.configuration.project.LifecycleProjectEvaluator.access$400(LifecycleProjectEvaluator.java:51)\n[8b39860b-4943-428c-9401-3f511a9c53e9/Run Unit Tests           ]   | \tat org.gradle.configuration.project.LifecycleProjectEvaluator$NotifyAfterEvaluate.run(LifecycleProjectEvaluator.java:195)\n[8b39860b-4943-428c-9401-3f511a9c53e9/Run Unit Tests           ]   | \tat org.gradle.internal.operations.DefaultBuildOperationRunner$1.execute(DefaultBuildOperationRunner.java:29)\n[8b39860b-4943-428c-9401-3f511a9c53e9/Run Unit Tests           ]   | \tat org.gradle.internal.operations.DefaultBuildOperationRunner$1.execute(DefaultBuildOperationRunner.java:26)\n[8b39860b-4943-428c-9401-3f511a9c53e9/Run Unit Tests           ]   | \tat org.gradle.internal.operations.DefaultBuildOperationRunner$2.execute(DefaultBuildOperationRunner.java:66)\n[8b39860b-4943-428c-9401-3f511a9c53e9/Run Unit Tests           ]   | \tat org.gradle.internal.operations.DefaultBuildOperationRunner$2.execute(DefaultBuildOperationRunner.java:59)\n[8b39860b-4943-428c-9401-3f511a9c53e9/Run Unit Tests           ]   | \tat org.gradle.internal.operations.DefaultBuildOperationRunner.execute(DefaultBuildOperationRunner.java:157)\n[8b39860b-4943-428c-9401-3f511a9c53e9/Run Unit Tests           ]   | \tat org.gradle.internal.operations.DefaultBuildOperationRunner.execute(DefaultBuildOperationRunner.java:59)\n[8b39860b-4943-428c-9401-3f511a9c53e9/Run Unit Tests           ]   | \tat org.gradle.internal.operations.DefaultBuildOperationRunner.run(DefaultBuildOperationRunner.java:47)\n[8b39860b-4943-428c-9401-3f511a9c53e9/Run Unit Tests           ]   | \tat org.gradle.internal.operations.DefaultBuildOperationExecutor.run(DefaultBuildOperationExecutor.java:68)\n[8b39860b-4943-428c-9401-3f511a9c53e9/Run Unit Tests           ]   | \tat org.gradle.configuration.project.LifecycleProjectEvaluator$EvaluateProject.lambda$run$0(LifecycleProjectEvaluator.java:105)\n[8b39860b-4943-428c-9401-3f511a9c53e9/Run Unit Tests           ]   | \tat org.gradle.api.internal.project.DefaultProjectStateRegistry$ProjectStateImpl.lambda$applyToMutableState$0(DefaultProjectStateRegistry.java:366)\n[8b39860b-4943-428c-9401-3f511a9c53e9/Run Unit Tests           ]   | \tat org.gradle.api.internal.project.DefaultProjectStateRegistry$ProjectStateImpl.lambda$withProjectLock$3(DefaultProjectStateRegistry.java:426)\n[8b39860b-4943-428c-9401-3f511a9c53e9/Run Unit Tests           ]   | \tat org.gradle.internal.work.DefaultWorkerLeaseService.withLocks(DefaultWorkerLeaseService.java:211)\n[8b39860b-4943-428c-9401-3f511a9c53e9/Run Unit Tests           ]   | \tat org.gradle.api.internal.project.DefaultProjectStateRegistry$ProjectStateImpl.withProjectLock(DefaultProjectStateRegistry.java:426)\n[8b39860b-4943-428c-9401-3f511a9c53e9/Run Unit Tests           ]   | \tat org.gradle.api.internal.project.DefaultProjectStateRegistry$ProjectStateImpl.fromMutableState(DefaultProjectStateRegistry.java:407)\n[8b39860b-4943-428c-9401-3f511a9c53e9/Run Unit Tests           ]   | \tat org.gradle.api.internal.project.DefaultProjectStateRegistry$ProjectStateImpl.applyToMutableState(DefaultProjectStateRegistry.java:365)\n[8b39860b-4943-428c-9401-3f511a9c53e9/Run Unit Tests           ]   | \tat org.gradle.configuration.project.LifecycleProjectEvaluator$EvaluateProject.run(LifecycleProjectEvaluator.java:91)\n[8b39860b-4943-428c-9401-3f511a9c53e9/Run Unit Tests           ]   | \tat org.gradle.internal.operations.DefaultBuildOperationRunner$1.execute(DefaultBuildOperationRunner.java:29)\n[8b39860b-4943-428c-9401-3f511a9c53e9/Run Unit Tests           ]   | \tat org.gradle.internal.operations.DefaultBuildOperationRunner$1.execute(DefaultBuildOperationRunner.java:26)\n[8b39860b-4943-428c-9401-3f511a9c53e9/Run Unit Tests           ]   | \tat org.gradle.internal.operations.DefaultBuildOperationRunner$2.execute(DefaultBuildOperationRunner.java:66)\n[8b39860b-4943-428c-9401-3f511a9c53e9/Run Unit Tests           ]   | \tat org.gradle.internal.operations.DefaultBuildOperationRunner$2.execute(DefaultBuildOperationRunner.java:59)\n[8b39860b-4943-428c-9401-3f511a9c53e9/Run Unit Tests           ]   | \tat org.gradle.internal.operations.DefaultBuildOperationRunner.execute(DefaultBuildOperationRunner.java:157)\n[8b39860b-4943-428c-9401-3f511a9c53e9/Run Unit Tests           ]   | \tat org.gradle.internal.operations.DefaultBuildOperationRunner.execute(DefaultBuildOperationRunner.java:59)\n[8b39860b-4943-428c-9401-3f511a9c53e9/Run Unit Tests           ]   | \tat org.gradle.internal.operations.DefaultBuildOperationRunner.run(DefaultBuildOperationRunner.java:47)\n[8b39860b-4943-428c-9401-3f511a9c53e9/Run Unit Tests           ]   | \tat org.gradle.internal.operations.DefaultBuildOperationExecutor.run(DefaultBuildOperationExecutor.java:68)\n[8b39860b-4943-428c-9401-3f511a9c53e9/Run Unit Tests           ]   | \tat org.gradle.configuration.project.LifecycleProjectEvaluator.evaluate(LifecycleProjectEvaluator.java:63)\n[8b39860b-4943-428c-9401-3f511a9c53e9/Run Unit Tests           ]   | \tat org.gradle.api.internal.project.DefaultProject.evaluate(DefaultProject.java:751)\n[8b39860b-4943-428c-9401-3f511a9c53e9/Run Unit Tests           ]   | \tat org.gradle.api.internal.project.DefaultProject.evaluate(DefaultProject.java:151)\n[8b39860b-4943-428c-9401-3f511a9c53e9/Run Unit Tests           ]   | \tat org.gradle.api.internal.project.DefaultProjectStateRegistry$ProjectStateImpl.ensureConfigured(DefaultProjectStateRegistry.java:339)\n[8b39860b-4943-428c-9401-3f511a9c53e9/Run Unit Tests           ]   | \tat org.gradle.execution.TaskPathProjectEvaluator.configure(TaskPathProjectEvaluator.java:41)\n[8b39860b-4943-428c-9401-3f511a9c53e9/Run Unit Tests           ]   | \tat org.gradle.execution.TaskPathProjectEvaluator.configureHierarchy(TaskPathProjectEvaluator.java:57)\n[8b39860b-4943-428c-9401-3f511a9c53e9/Run Unit Tests           ]   | \tat org.gradle.configuration.DefaultProjectsPreparer.prepareProjects(DefaultProjectsPreparer.java:48)\n[8b39860b-4943-428c-9401-3f511a9c53e9/Run Unit Tests           ]   | \tat org.gradle.configuration.BuildTreePreparingProjectsPreparer.prepareProjects(BuildTreePreparingProjectsPreparer.java:64)\n[8b39860b-4943-428c-9401-3f511a9c53e9/Run Unit Tests           ]   | \tat org.gradle.configuration.BuildOperationFiringProjectsPreparer$ConfigureBuild.run(BuildOperationFiringProjectsPreparer.java:52)\n[8b39860b-4943-428c-9401-3f511a9c53e9/Run Unit Tests           ]   | \tat org.gradle.internal.operations.DefaultBuildOperationRunner$1.execute(DefaultBuildOperationRunner.java:29)\n[8b39860b-4943-428c-9401-3f511a9c53e9/Run Unit Tests           ]   | \tat org.gradle.internal.operations.DefaultBuildOperationRunner$1.execute(DefaultBuildOperationRunner.java:26)\n[8b39860b-4943-428c-9401-3f511a9c53e9/Run Unit Tests           ]   | \tat org.gradle.internal.operations.DefaultBuildOperationRunner$2.execute(DefaultBuildOperationRunner.java:66)\n[8b39860b-4943-428c-9401-3f511a9c53e9/Run Unit Tests           ]   | \tat org.gradle.internal.operations.DefaultBuildOperationRunner$2.execute(DefaultBuildOperationRunner.java:59)\n[8b39860b-4943-428c-9401-3f511a9c53e9/Run Unit Tests           ]   | \tat org.gradle.internal.operations.DefaultBuildOperationRunner.execute(DefaultBuildOperationRunner.java:157)\n[8b39860b-4943-428c-9401-3f511a9c53e9/Run Unit Tests           ]   | \tat org.gradle.internal.operations.DefaultBuildOperationRunner.execute(DefaultBuildOperationRunner.java:59)\n[8b39860b-4943-428c-9401-3f511a9c53e9/Run Unit Tests           ]   | \tat org.gradle.internal.operations.DefaultBuildOperationRunner.run(DefaultBuildOperationRunner.java:47)\n[8b39860b-4943-428c-9401-3f511a9c53e9/Run Unit Tests           ]   | \tat org.gradle.internal.operations.DefaultBuildOperationExecutor.run(DefaultBuildOperationExecutor.java:68)\n[8b39860b-4943-428c-9401-3f511a9c53e9/Run Unit Tests           ]   | \tat org.gradle.configuration.BuildOperationFiringProjectsPreparer.prepareProjects(BuildOperationFiringProjectsPreparer.java:40)\n[8b39860b-4943-428c-9401-3f511a9c53e9/Run Unit Tests           ]   | \tat org.gradle.initialization.VintageBuildModelController.lambda$prepareProjects$1(VintageBuildModelController.java:93)\n[8b39860b-4943-428c-9401-3f511a9c53e9/Run Unit Tests           ]   | \tat org.gradle.internal.build.StateTransitionController.lambda$doTransition$1(StateTransitionController.java:222)\n[8b39860b-4943-428c-9401-3f511a9c53e9/Run Unit Tests           ]   | \tat org.gradle.internal.build.StateTransitionController.doTransition(StateTransitionController.java:243)\n[8b39860b-4943-428c-9401-3f511a9c53e9/Run Unit Tests           ]   | \tat org.gradle.internal.build.StateTransitionController.doTransition(StateTransitionController.java:221)\n[8b39860b-4943-428c-9401-3f511a9c53e9/Run Unit Tests           ]   | \tat org.gradle.internal.build.StateTransitionController.transitionIfNotPreviously(StateTransitionController.java:190)\n[8b39860b-4943-428c-9401-3f511a9c53e9/Run Unit Tests           ]   | \tat org.gradle.initialization.VintageBuildModelController.prepareProjects(VintageBuildModelController.java:93)\n[8b39860b-4943-428c-9401-3f511a9c53e9/Run Unit Tests           ]   | \tat org.gradle.initialization.VintageBuildModelController.doBuildStages(VintageBuildModelController.java:77)\n[8b39860b-4943-428c-9401-3f511a9c53e9/Run Unit Tests           ]   | \tat org.gradle.initialization.VintageBuildModelController.prepareToScheduleTasks(VintageBuildModelController.java:64)\n[8b39860b-4943-428c-9401-3f511a9c53e9/Run Unit Tests           ]   | \tat org.gradle.internal.build.DefaultBuildLifecycleController.lambda$prepareToScheduleTasks$0(DefaultBuildLifecycleController.java:105)\n[8b39860b-4943-428c-9401-3f511a9c53e9/Run Unit Tests           ]   | \tat org.gradle.internal.build.StateTransitionController.lambda$doTransition$1(StateTransitionController.java:222)\n[8b39860b-4943-428c-9401-3f511a9c53e9/Run Unit Tests           ]   | \tat org.gradle.internal.build.StateTransitionController.doTransition(StateTransitionController.java:243)\n[8b39860b-4943-428c-9401-3f511a9c53e9/Run Unit Tests           ]   | \tat org.gradle.internal.build.StateTransitionController.doTransition(StateTransitionController.java:221)\n[8b39860b-4943-428c-9401-3f511a9c53e9/Run Unit Tests           ]   | \tat org.gradle.internal.build.StateTransitionController.maybeTransition(StateTransitionController.java:174)\n[8b39860b-4943-428c-9401-3f511a9c53e9/Run Unit Tests           ]   | \tat org.gradle.internal.build.DefaultBuildLifecycleController.prepareToScheduleTasks(DefaultBuildLifecycleController.java:103)\n[8b39860b-4943-428c-9401-3f511a9c53e9/Run Unit Tests           ]   | \tat org.gradle.internal.buildtree.DefaultBuildTreeWorkPreparer.scheduleRequestedTasks(DefaultBuildTreeWorkPreparer.java:33)\n[8b39860b-4943-428c-9401-3f511a9c53e9/Run Unit Tests           ]   | \tat org.gradle.internal.buildtree.DefaultBuildTreeLifecycleController.lambda$doScheduleAndRunTasks$2(DefaultBuildTreeLifecycleController.java:86)\n[8b39860b-4943-428c-9401-3f511a9c53e9/Run Unit Tests           ]   | \tat org.gradle.composite.internal.DefaultIncludedBuildTaskGraph.withNewTaskGraph(DefaultIncludedBuildTaskGraph.java:94)\n[8b39860b-4943-428c-9401-3f511a9c53e9/Run Unit Tests           ]   | \tat org.gradle.internal.buildtree.DefaultBuildTreeLifecycleController.doScheduleAndRunTasks(DefaultBuildTreeLifecycleController.java:85)\n[8b39860b-4943-428c-9401-3f511a9c53e9/Run Unit Tests           ]   | \tat org.gradle.internal.buildtree.DefaultBuildTreeLifecycleController.lambda$runBuild$4(DefaultBuildTreeLifecycleController.java:103)\n[8b39860b-4943-428c-9401-3f511a9c53e9/Run Unit Tests           ]   | \tat org.gradle.internal.build.StateTransitionController.lambda$transition$0(StateTransitionController.java:145)\n[8b39860b-4943-428c-9401-3f511a9c53e9/Run Unit Tests           ]   | \tat org.gradle.internal.build.StateTransitionController.doTransition(StateTransitionController.java:243)\n[8b39860b-4943-428c-9401-3f511a9c53e9/Run Unit Tests           ]   | \tat org.gradle.internal.build.StateTransitionController.transition(StateTransitionController.java:145)\n[8b39860b-4943-428c-9401-3f511a9c53e9/Run Unit Tests           ]   | \tat org.gradle.internal.buildtree.DefaultBuildTreeLifecycleController.runBuild(DefaultBuildTreeLifecycleController.java:100)\n[8b39860b-4943-428c-9401-3f511a9c53e9/Run Unit Tests           ]   | \tat org.gradle.internal.buildtree.DefaultBuildTreeLifecycleController.scheduleAndRunTasks(DefaultBuildTreeLifecycleController.java:66)\n[8b39860b-4943-428c-9401-3f511a9c53e9/Run Unit Tests           ]   | \tat org.gradle.tooling.internal.provider.ExecuteBuildActionRunner.run(ExecuteBuildActionRunner.java:31)\n[8b39860b-4943-428c-9401-3f511a9c53e9/Run Unit Tests           ]   | \tat org.gradle.launcher.exec.ChainingBuildActionRunner.run(ChainingBuildActionRunner.java:35)\n[8b39860b-4943-428c-9401-3f511a9c53e9/Run Unit Tests           ]   | \tat org.gradle.internal.buildtree.ProblemReportingBuildActionRunner.run(ProblemReportingBuildActionRunner.java:49)\n[8b39860b-4943-428c-9401-3f511a9c53e9/Run Unit Tests           ]   | \tat org.gradle.launcher.exec.BuildOutcomeReportingBuildActionRunner.run(BuildOutcomeReportingBuildActionRunner.java:69)\n[8b39860b-4943-428c-9401-3f511a9c53e9/Run Unit Tests           ]   | \tat org.gradle.tooling.internal.provider.FileSystemWatchingBuildActionRunner.run(FileSystemWatchingBuildActionRunner.java:114)\n[8b39860b-4943-428c-9401-3f511a9c53e9/Run Unit Tests           ]   | \tat org.gradle.launcher.exec.BuildCompletionNotifyingBuildActionRunner.run(BuildCompletionNotifyingBuildActionRunner.java:41)\n[8b39860b-4943-428c-9401-3f511a9c53e9/Run Unit Tests           ]   | \tat org.gradle.launcher.exec.RootBuildLifecycleBuildActionExecutor.lambda$execute$0(RootBuildLifecycleBuildActionExecutor.java:40)\n[8b39860b-4943-428c-9401-3f511a9c53e9/Run Unit Tests           ]   | \tat org.gradle.composite.internal.DefaultRootBuildState.run(DefaultRootBuildState.java:155)\n[8b39860b-4943-428c-9401-3f511a9c53e9/Run Unit Tests           ]   | \tat org.gradle.launcher.exec.RootBuildLifecycleBuildActionExecutor.execute(RootBuildLifecycleBuildActionExecutor.java:40)\n[8b39860b-4943-428c-9401-3f511a9c53e9/Run Unit Tests           ]   | \tat org.gradle.internal.buildtree.DefaultBuildTreeContext.execute(DefaultBuildTreeContext.java:40)\n[8b39860b-4943-428c-9401-3f511a9c53e9/Run Unit Tests           ]   | \tat org.gradle.launcher.exec.BuildTreeLifecycleBuildActionExecutor.lambda$execute$0(BuildTreeLifecycleBuildActionExecutor.java:65)\n[8b39860b-4943-428c-9401-3f511a9c53e9/Run Unit Tests           ]   | \tat org.gradle.internal.buildtree.BuildTreeState.run(BuildTreeState.java:53)\n[8b39860b-4943-428c-9401-3f511a9c53e9/Run Unit Tests           ]   | \tat org.gradle.launcher.exec.BuildTreeLifecycleBuildActionExecutor.execute(BuildTreeLifecycleBuildActionExecutor.java:65)\n[8b39860b-4943-428c-9401-3f511a9c53e9/Run Unit Tests           ]   | \tat org.gradle.launcher.exec.RunAsBuildOperationBuildActionExecutor$3.call(RunAsBuildOperationBuildActionExecutor.java:61)\n[8b39860b-4943-428c-9401-3f511a9c53e9/Run Unit Tests           ]   | \tat org.gradle.launcher.exec.RunAsBuildOperationBuildActionExecutor$3.call(RunAsBuildOperationBuildActionExecutor.java:57)\n[8b39860b-4943-428c-9401-3f511a9c53e9/Run Unit Tests           ]   | \tat org.gradle.internal.operations.DefaultBuildOperationRunner$CallableBuildOperationWorker.execute(DefaultBuildOperationRunner.java:204)\n[8b39860b-4943-428c-9401-3f511a9c53e9/Run Unit Tests           ]   | \tat org.gradle.internal.operations.DefaultBuildOperationRunner$CallableBuildOperationWorker.execute(DefaultBuildOperationRunner.java:199)\n[8b39860b-4943-428c-9401-3f511a9c53e9/Run Unit Tests           ]   | \tat org.gradle.internal.operations.DefaultBuildOperationRunner$2.execute(DefaultBuildOperationRunner.java:66)\n[8b39860b-4943-428c-9401-3f511a9c53e9/Run Unit Tests           ]   | \tat org.gradle.internal.operations.DefaultBuildOperationRunner$2.execute(DefaultBuildOperationRunner.java:59)\n[8b39860b-4943-428c-9401-3f511a9c53e9/Run Unit Tests           ]   | \tat org.gradle.internal.operations.DefaultBuildOperationRunner.execute(DefaultBuildOperationRunner.java:157)\n[8b39860b-4943-428c-9401-3f511a9c53e9/Run Unit Tests           ]   | \tat org.gradle.internal.operations.DefaultBuildOperationRunner.execute(DefaultBuildOperationRunner.java:59)\n[8b39860b-4943-428c-9401-3f511a9c53e9/Run Unit Tests           ]   | \tat org.gradle.internal.operations.DefaultBuildOperationRunner.call(DefaultBuildOperationRunner.java:53)\n[8b39860b-4943-428c-9401-3f511a9c53e9/Run Unit Tests           ]   | \tat org.gradle.internal.operations.DefaultBuildOperationExecutor.call(DefaultBuildOperationExecutor.java:73)\n[8b39860b-4943-428c-9401-3f511a9c53e9/Run Unit Tests           ]   | \tat org.gradle.launcher.exec.RunAsBuildOperationBuildActionExecutor.execute(RunAsBuildOperationBuildActionExecutor.java:57)\n[8b39860b-4943-428c-9401-3f511a9c53e9/Run Unit Tests           ]   | \tat org.gradle.launcher.exec.RunAsWorkerThreadBuildActionExecutor.lambda$execute$0(RunAsWorkerThreadBuildActionExecutor.java:38)\n[8b39860b-4943-428c-9401-3f511a9c53e9/Run Unit Tests           ]   | \tat org.gradle.internal.work.DefaultWorkerLeaseService.withLocks(DefaultWorkerLeaseService.java:211)\n[8b39860b-4943-428c-9401-3f511a9c53e9/Run Unit Tests           ]   | \tat org.gradle.launcher.exec.RunAsWorkerThreadBuildActionExecutor.execute(RunAsWorkerThreadBuildActionExecutor.java:38)\n[8b39860b-4943-428c-9401-3f511a9c53e9/Run Unit Tests           ]   | \tat org.gradle.tooling.internal.provider.ContinuousBuildActionExecutor.execute(ContinuousBuildActionExecutor.java:103)\n[8b39860b-4943-428c-9401-3f511a9c53e9/Run Unit Tests           ]   | \tat org.gradle.tooling.internal.provider.SubscribableBuildActionExecutor.execute(SubscribableBuildActionExecutor.java:64)\n[8b39860b-4943-428c-9401-3f511a9c53e9/Run Unit Tests           ]   | \tat org.gradle.internal.session.DefaultBuildSessionContext.execute(DefaultBuildSessionContext.java:46)\n[8b39860b-4943-428c-9401-3f511a9c53e9/Run Unit Tests           ]   | \tat org.gradle.tooling.internal.provider.BuildSessionLifecycleBuildActionExecuter$ActionImpl.apply(BuildSessionLifecycleBuildActionExecuter.java:100)\n[8b39860b-4943-428c-9401-3f511a9c53e9/Run Unit Tests           ]   | \tat org.gradle.tooling.internal.provider.BuildSessionLifecycleBuildActionExecuter$ActionImpl.apply(BuildSessionLifecycleBuildActionExecuter.java:88)\n[8b39860b-4943-428c-9401-3f511a9c53e9/Run Unit Tests           ]   | \tat org.gradle.internal.session.BuildSessionState.run(BuildSessionState.java:69)\n[8b39860b-4943-428c-9401-3f511a9c53e9/Run Unit Tests           ]   | \tat org.gradle.tooling.internal.provider.BuildSessionLifecycleBuildActionExecuter.execute(BuildSessionLifecycleBuildActionExecuter.java:62)\n[8b39860b-4943-428c-9401-3f511a9c53e9/Run Unit Tests           ]   | \tat org.gradle.tooling.internal.provider.BuildSessionLifecycleBuildActionExecuter.execute(BuildSessionLifecycleBuildActionExecuter.java:41)\n[8b39860b-4943-428c-9401-3f511a9c53e9/Run Unit Tests           ]   | \tat org.gradle.tooling.internal.provider.GradleThreadBuildActionExecuter.execute(GradleThreadBuildActionExecuter.java:36)\n[8b39860b-4943-428c-9401-3f511a9c53e9/Run Unit Tests           ]   | \tat org.gradle.tooling.internal.provider.GradleThreadBuildActionExecuter.execute(GradleThreadBuildActionExecuter.java:25)\n[8b39860b-4943-428c-9401-3f511a9c53e9/Run Unit Tests           ]   | \tat org.gradle.tooling.internal.provider.StartParamsValidatingActionExecuter.execute(StartParamsValidatingActionExecuter.java:63)\n[8b39860b-4943-428c-9401-3f511a9c53e9/Run Unit Tests           ]   | \tat org.gradle.tooling.internal.provider.StartParamsValidatingActionExecuter.execute(StartParamsValidatingActionExecuter.java:31)\n[8b39860b-4943-428c-9401-3f511a9c53e9/Run Unit Tests           ]   | \tat org.gradle.tooling.internal.provider.SessionFailureReportingActionExecuter.execute(SessionFailureReportingActionExecuter.java:58)\n[8b39860b-4943-428c-9401-3f511a9c53e9/Run Unit Tests           ]   | \tat org.gradle.tooling.internal.provider.SessionFailureReportingActionExecuter.execute(SessionFailureReportingActionExecuter.java:42)\n[8b39860b-4943-428c-9401-3f511a9c53e9/Run Unit Tests           ]   | \tat org.gradle.tooling.internal.provider.SetupLoggingActionExecuter.execute(SetupLoggingActionExecuter.java:47)\n[8b39860b-4943-428c-9401-3f511a9c53e9/Run Unit Tests           ]   | \tat org.gradle.tooling.internal.provider.SetupLoggingActionExecuter.execute(SetupLoggingActionExecuter.java:31)\n[8b39860b-4943-428c-9401-3f511a9c53e9/Run Unit Tests           ]   | \tat org.gradle.launcher.daemon.server.exec.ExecuteBuild.doBuild(ExecuteBuild.java:65)\n[8b39860b-4943-428c-9401-3f511a9c53e9/Run Unit Tests           ]   | \tat org.gradle.launcher.daemon.server.exec.BuildCommandOnly.execute(BuildCommandOnly.java:37)\n[8b39860b-4943-428c-9401-3f511a9c53e9/Run Unit Tests           ]   | \tat org.gradle.launcher.daemon.server.api.DaemonCommandExecution.proceed(DaemonCommandExecution.java:104)\n[8b39860b-4943-428c-9401-3f511a9c53e9/Run Unit Tests           ]   | \tat org.gradle.launcher.daemon.server.exec.WatchForDisconnection.execute(WatchForDisconnection.java:39)\n[8b39860b-4943-428c-9401-3f511a9c53e9/Run Unit Tests           ]   | \tat org.gradle.launcher.daemon.server.api.DaemonCommandExecution.proceed(DaemonCommandExecution.java:104)\n[8b39860b-4943-428c-9401-3f511a9c53e9/Run Unit Tests           ]   | \tat org.gradle.launcher.daemon.server.exec.ResetDeprecationLogger.execute(ResetDeprecationLogger.java:29)\n[8b39860b-4943-428c-9401-3f511a9c53e9/Run Unit Tests           ]   | \tat org.gradle.launcher.daemon.server.api.DaemonCommandExecution.proceed(DaemonCommandExecution.java:104)\n[8b39860b-4943-428c-9401-3f511a9c53e9/Run Unit Tests           ]   | \tat org.gradle.launcher.daemon.server.exec.RequestStopIfSingleUsedDaemon.execute(RequestStopIfSingleUsedDaemon.java:35)\n[8b39860b-4943-428c-9401-3f511a9c53e9/Run Unit Tests           ]   | \tat org.gradle.launcher.daemon.server.api.DaemonCommandExecution.proceed(DaemonCommandExecution.java:104)\n[8b39860b-4943-428c-9401-3f511a9c53e9/Run Unit Tests           ]   | \tat org.gradle.launcher.daemon.server.exec.ForwardClientInput$2.create(ForwardClientInput.java:78)\n[8b39860b-4943-428c-9401-3f511a9c53e9/Run Unit Tests           ]   | \tat org.gradle.launcher.daemon.server.exec.ForwardClientInput$2.create(ForwardClientInput.java:75)\n[8b39860b-4943-428c-9401-3f511a9c53e9/Run Unit Tests           ]   | \tat org.gradle.util.internal.Swapper.swap(Swapper.java:38)\n[8b39860b-4943-428c-9401-3f511a9c53e9/Run Unit Tests           ]   | \tat org.gradle.launcher.daemon.server.exec.ForwardClientInput.execute(ForwardClientInput.java:75)\n[8b39860b-4943-428c-9401-3f511a9c53e9/Run Unit Tests           ]   | \tat org.gradle.launcher.daemon.server.api.DaemonCommandExecution.proceed(DaemonCommandExecution.java:104)\n[8b39860b-4943-428c-9401-3f511a9c53e9/Run Unit Tests           ]   | \tat org.gradle.launcher.daemon.server.exec.LogAndCheckHealth.execute(LogAndCheckHealth.java:55)\n[8b39860b-4943-428c-9401-3f511a9c53e9/Run Unit Tests           ]   | \tat org.gradle.launcher.daemon.server.api.DaemonCommandExecution.proceed(DaemonCommandExecution.java:104)\n[8b39860b-4943-428c-9401-3f511a9c53e9/Run Unit Tests           ]   | \tat org.gradle.launcher.daemon.server.exec.LogToClient.doBuild(LogToClient.java:63)\n[8b39860b-4943-428c-9401-3f511a9c53e9/Run Unit Tests           ]   | \tat org.gradle.launcher.daemon.server.exec.BuildCommandOnly.execute(BuildCommandOnly.java:37)\n[8b39860b-4943-428c-9401-3f511a9c53e9/Run Unit Tests           ]   | \tat org.gradle.launcher.daemon.server.api.DaemonCommandExecution.proceed(DaemonCommandExecution.java:104)\n[8b39860b-4943-428c-9401-3f511a9c53e9/Run Unit Tests           ]   | \tat org.gradle.launcher.daemon.server.exec.EstablishBuildEnvironment.doBuild(EstablishBuildEnvironment.java:84)\n[8b39860b-4943-428c-9401-3f511a9c53e9/Run Unit Tests           ]   | \tat org.gradle.launcher.daemon.server.exec.BuildCommandOnly.execute(BuildCommandOnly.java:37)\n[8b39860b-4943-428c-9401-3f511a9c53e9/Run Unit Tests           ]   | \tat org.gradle.launcher.daemon.server.api.DaemonCommandExecution.proceed(DaemonCommandExecution.java:104)\n[8b39860b-4943-428c-9401-3f511a9c53e9/Run Unit Tests           ]   | \tat org.gradle.launcher.daemon.server.exec.StartBuildOrRespondWithBusy$1.run(StartBuildOrRespondWithBusy.java:52)\n[8b39860b-4943-428c-9401-3f511a9c53e9/Run Unit Tests           ]   | \tat org.gradle.launcher.daemon.server.DaemonStateCoordinator$1.run(DaemonStateCoordinator.java:297)\n[8b39860b-4943-428c-9401-3f511a9c53e9/Run Unit Tests           ]   | \tat org.gradle.internal.concurrent.ExecutorPolicy$CatchAndRecordFailures.onExecute(ExecutorPolicy.java:64)\n[8b39860b-4943-428c-9401-3f511a9c53e9/Run Unit Tests           ]   | \tat org.gradle.internal.concurrent.ManagedExecutorImpl$1.run(ManagedExecutorImpl.java:48)\n[8b39860b-4943-428c-9401-3f511a9c53e9/Run Unit Tests           ]   | \tat org.gradle.internal.concurrent.ThreadFactoryImpl$ManagedThreadRunnable.run(ThreadFactoryImpl.java:61)\n[8b39860b-4943-428c-9401-3f511a9c53e9/Run Unit Tests           ]   | Caused by: com.android.builder.errors.EvalIssueException: SDK location not found. Define a valid SDK location with an ANDROID_HOME environment variable or by setting the sdk.dir path in your project's local properties file at '/tmp/3d783ea4-1661-11ee-8a50-bb14de238602/andreynovikov-trekarta/local.properties'.\n[8b39860b-4943-428c-9401-3f511a9c53e9/Run Unit Tests           ]   | \tat com.android.builder.errors.IssueReporter.reportError(IssueReporter.kt:109)\n[8b39860b-4943-428c-9401-3f511a9c53e9/Run Unit Tests           ]   | \tat com.android.builder.errors.IssueReporter.reportError$default(IssueReporter.kt:105)\n[8b39860b-4943-428c-9401-3f511a9c53e9/Run Unit Tests           ]   | \tat com.android.build.gradle.internal.SdkLocator.getSdkLocation(SdkLocator.kt:239)\n[8b39860b-4943-428c-9401-3f511a9c53e9/Run Unit Tests           ]   | \tat com.android.build.gradle.internal.SdkLocator.getSdkDirectory(SdkLocator.kt:197)\n[8b39860b-4943-428c-9401-3f511a9c53e9/Run Unit Tests           ]   | \tat com.android.build.gradle.internal.cxx.configure.NdkLocator.findNdkPath(NdkLocator.kt:459)\n[8b39860b-4943-428c-9401-3f511a9c53e9/Run Unit Tests           ]   | \tat com.android.build.gradle.internal.ndk.NdkHandler.getNdkStatus(NdkHandler.kt:85)\n[8b39860b-4943-428c-9401-3f511a9c53e9/Run Unit Tests           ]   | \tat com.android.build.gradle.internal.ndk.NdkHandler.getNdkPlatform(NdkHandler.kt:98)\n[8b39860b-4943-428c-9401-3f511a9c53e9/Run Unit Tests           ]   | \tat com.android.build.gradle.internal.cxx.gradle.generator.CxxConfigurationModelKt.tryCreateConfigurationParameters(CxxConfigurationModel.kt:209)\n[8b39860b-4943-428c-9401-3f511a9c53e9/Run Unit Tests           ]   | \tat com.android.build.gradle.internal.cxx.configure.CxxCreateGradleTasksKt.createCxxVariantBuildTask(CxxCreateGradleTasks.kt:79)\n[8b39860b-4943-428c-9401-3f511a9c53e9/Run Unit Tests           ]   | \tat com.android.build.gradle.internal.AbstractAppTaskManager.createCommonTasks(AbstractAppTaskManager.java:146)\n[8b39860b-4943-428c-9401-3f511a9c53e9/Run Unit Tests           ]   | \tat com.android.build.gradle.internal.tasks.ApplicationTaskManager.doCreateTasksForVariant(ApplicationTaskManager.kt:68)\n[8b39860b-4943-428c-9401-3f511a9c53e9/Run Unit Tests           ]   | \tat com.android.build.gradle.internal.TaskManager.createTasksForVariant(TaskManager.kt:405)\n[8b39860b-4943-428c-9401-3f511a9c53e9/Run Unit Tests           ]   | \tat com.android.build.gradle.internal.TaskManager.createTasks(TaskManager.kt:321)\n[8b39860b-4943-428c-9401-3f511a9c53e9/Run Unit Tests           ]   | \tat com.android.build.gradle.internal.plugins.BasePlugin.createAndroidTasks(BasePlugin.java:823)\n[8b39860b-4943-428c-9401-3f511a9c53e9/Run Unit Tests           ]   | \tat com.android.build.gradle.internal.profile.NoOpAnalyticsConfiguratorService.recordBlock(NoOpAnalyticsConfiguratorService.kt:48)\n[8b39860b-4943-428c-9401-3f511a9c53e9/Run Unit Tests           ]   | \tat com.android.build.gradle.internal.plugins.BasePlugin.lambda$createTasks$14(BasePlugin.java:682)\n[8b39860b-4943-428c-9401-3f511a9c53e9/Run Unit Tests           ]   | \tat com.android.build.gradle.internal.crash.CrashReporting$afterEvaluate$1.execute(crash_reporting.kt:37)\n[8b39860b-4943-428c-9401-3f511a9c53e9/Run Unit Tests           ]   | \tat com.android.build.gradle.internal.crash.CrashReporting$afterEvaluate$1.execute(crash_reporting.kt:35)\n[8b39860b-4943-428c-9401-3f511a9c53e9/Run Unit Tests           ]   | \tat org.gradle.configuration.internal.DefaultUserCodeApplicationContext$CurrentApplication$1.execute(DefaultUserCodeApplicationContext.java:123)\n[8b39860b-4943-428c-9401-3f511a9c53e9/Run Unit Tests           ]   | \tat org.gradle.configuration.internal.DefaultListenerBuildOperationDecorator$BuildOperationEmittingAction$1.run(DefaultListenerBuildOperationDecorator.java:152)\n[8b39860b-4943-428c-9401-3f511a9c53e9/Run Unit Tests           ]   | \tat org.gradle.internal.operations.DefaultBuildOperationRunner$1.execute(DefaultBuildOperationRunner.java:29)\n[8b39860b-4943-428c-9401-3f511a9c53e9/Run Unit Tests           ]   | \tat org.gradle.internal.operations.DefaultBuildOperationRunner$1.execute(DefaultBuildOperationRunner.java:26)\n[8b39860b-4943-428c-9401-3f511a9c53e9/Run Unit Tests           ]   | \tat org.gradle.internal.operations.DefaultBuildOperationRunner$2.execute(DefaultBuildOperationRunner.java:66)\n[8b39860b-4943-428c-9401-3f511a9c53e9/Run Unit Tests           ]   | \tat org.gradle.internal.operations.DefaultBuildOperationRunner$2.execute(DefaultBuildOperationRunner.java:59)\n[8b39860b-4943-428c-9401-3f511a9c53e9/Run Unit Tests           ]   | \tat org.gradle.internal.operations.DefaultBuildOperationRunner.execute(DefaultBuildOperationRunner.java:157)\n[8b39860b-4943-428c-9401-3f511a9c53e9/Run Unit Tests           ]   | \tat org.gradle.internal.operations.DefaultBuildOperationRunner.execute(DefaultBuildOperationRunner.java:59)\n[8b39860b-4943-428c-9401-3f511a9c53e9/Run Unit Tests           ]   | \tat org.gradle.internal.operations.DefaultBuildOperationRunner.run(DefaultBuildOperationRunner.java:47)\n[8b39860b-4943-428c-9401-3f511a9c53e9/Run Unit Tests           ]   | \tat org.gradle.internal.operations.DefaultBuildOperationExecutor.run(DefaultBuildOperationExecutor.java:68)\n[8b39860b-4943-428c-9401-3f511a9c53e9/Run Unit Tests           ]   | \tat org.gradle.configuration.internal.DefaultListenerBuildOperationDecorator$BuildOperationEmittingAction.execute(DefaultListenerBuildOperationDecorator.java:149)\n[8b39860b-4943-428c-9401-3f511a9c53e9/Run Unit Tests           ]   | \tat org.gradle.internal.event.BroadcastDispatch$ActionInvocationHandler.dispatch(BroadcastDispatch.java:95)\n[8b39860b-4943-428c-9401-3f511a9c53e9/Run Unit Tests           ]   | \tat org.gradle.internal.event.BroadcastDispatch$ActionInvocationHandler.dispatch(BroadcastDispatch.java:83)\n[8b39860b-4943-428c-9401-3f511a9c53e9/Run Unit Tests           ]   | \tat org.gradle.internal.event.AbstractBroadcastDispatch.dispatch(AbstractBroadcastDispatch.java:43)\n[8b39860b-4943-428c-9401-3f511a9c53e9/Run Unit Tests           ]   | \tat org.gradle.internal.event.BroadcastDispatch$SingletonDispatch.dispatch(BroadcastDispatch.java:245)\n[8b39860b-4943-428c-9401-3f511a9c53e9/Run Unit Tests           ]   | \tat org.gradle.internal.event.BroadcastDispatch$SingletonDispatch.dispatch(BroadcastDispatch.java:157)\n[8b39860b-4943-428c-9401-3f511a9c53e9/Run Unit Tests           ]   | \tat org.gradle.internal.event.AbstractBroadcastDispatch.dispatch(AbstractBroadcastDispatch.java:61)\n[8b39860b-4943-428c-9401-3f511a9c53e9/Run Unit Tests           ]   | \tat org.gradle.internal.event.BroadcastDispatch$CompositeDispatch.dispatch(BroadcastDispatch.java:346)\n[8b39860b-4943-428c-9401-3f511a9c53e9/Run Unit Tests           ]   | \tat org.gradle.internal.event.BroadcastDispatch$CompositeDispatch.dispatch(BroadcastDispatch.java:249)\n[8b39860b-4943-428c-9401-3f511a9c53e9/Run Unit Tests           ]   | \tat org.gradle.internal.event.ListenerBroadcast.dispatch(ListenerBroadcast.java:141)\n[8b39860b-4943-428c-9401-3f511a9c53e9/Run Unit Tests           ]   | \tat org.gradle.internal.event.ListenerBroadcast.dispatch(ListenerBroadcast.java:37)\n[8b39860b-4943-428c-9401-3f511a9c53e9/Run Unit Tests           ]   | \tat org.gradle.internal.dispatch.ProxyDispatchAdapter$DispatchingInvocationHandler.invoke(ProxyDispatchAdapter.java:94)\n[8b39860b-4943-428c-9401-3f511a9c53e9/Run Unit Tests           ]   | \tat com.sun.proxy.$Proxy46.afterEvaluate(Unknown Source)\n[8b39860b-4943-428c-9401-3f511a9c53e9/Run Unit Tests           ]   | \tat org.gradle.configuration.project.LifecycleProjectEvaluator$NotifyAfterEvaluate$1.execute(LifecycleProjectEvaluator.java:187)\n[8b39860b-4943-428c-9401-3f511a9c53e9/Run Unit Tests           ]   | \tat org.gradle.configuration.project.LifecycleProjectEvaluator$NotifyAfterEvaluate$1.execute(LifecycleProjectEvaluator.java:184)\n[8b39860b-4943-428c-9401-3f511a9c53e9/Run Unit Tests           ]   | \tat org.gradle.api.internal.project.DefaultProject.stepEvaluationListener(DefaultProject.java:1429)\n[8b39860b-4943-428c-9401-3f511a9c53e9/Run Unit Tests           ]   | \tat org.gradle.configuration.project.LifecycleProjectEvaluator$NotifyAfterEvaluate.run(LifecycleProjectEvaluator.java:193)\n[8b39860b-4943-428c-9401-3f511a9c53e9/Run Unit Tests           ]   | \tat org.gradle.internal.operations.DefaultBuildOperationRunner$1.execute(DefaultBuildOperationRunner.java:29)\n[8b39860b-4943-428c-9401-3f511a9c53e9/Run Unit Tests           ]   | \tat org.gradle.internal.operations.DefaultBuildOperationRunner$1.execute(DefaultBuildOperationRunner.java:26)\n[8b39860b-4943-428c-9401-3f511a9c53e9/Run Unit Tests           ]   | \tat org.gradle.internal.operations.DefaultBuildOperationRunner$2.execute(DefaultBuildOperationRunner.java:66)\n[8b39860b-4943-428c-9401-3f511a9c53e9/Run Unit Tests           ]   | \tat org.gradle.internal.operations.DefaultBuildOperationRunner$2.execute(DefaultBuildOperationRunner.java:59)\n[8b39860b-4943-428c-9401-3f511a9c53e9/Run Unit Tests           ]   | \tat org.gradle.internal.operations.DefaultBuildOperationRunner.execute(DefaultBuildOperationRunner.java:157)\n[8b39860b-4943-428c-9401-3f511a9c53e9/Run Unit Tests           ]   | \tat org.gradle.internal.operations.DefaultBuildOperationRunner.execute(DefaultBuildOperationRunner.java:59)\n[8b39860b-4943-428c-9401-3f511a9c53e9/Run Unit Tests           ]   | \tat org.gradle.internal.operations.DefaultBuildOperationRunner.run(DefaultBuildOperationRunner.java:47)\n[8b39860b-4943-428c-9401-3f511a9c53e9/Run Unit Tests           ]   | \tat org.gradle.internal.operations.DefaultBuildOperationExecutor.run(DefaultBuildOperationExecutor.java:68)\n[8b39860b-4943-428c-9401-3f511a9c53e9/Run Unit Tests           ]   | \tat org.gradle.configuration.project.LifecycleProjectEvaluator$EvaluateProject.lambda$run$0(LifecycleProjectEvaluator.java:105)\n[8b39860b-4943-428c-9401-3f511a9c53e9/Run Unit Tests           ]   | \tat org.gradle.api.internal.project.DefaultProjectStateRegistry$ProjectStateImpl.lambda$applyToMutableState$0(DefaultProjectStateRegistry.java:366)\n[8b39860b-4943-428c-9401-3f511a9c53e9/Run Unit Tests           ]   | \tat org.gradle.api.internal.project.DefaultProjectStateRegistry$ProjectStateImpl.lambda$withProjectLock$3(DefaultProjectStateRegistry.java:426)\n[8b39860b-4943-428c-9401-3f511a9c53e9/Run Unit Tests           ]   | \tat org.gradle.internal.work.DefaultWorkerLeaseService.withLocks(DefaultWorkerLeaseService.java:211)\n[8b39860b-4943-428c-9401-3f511a9c53e9/Run Unit Tests           ]   | \tat org.gradle.api.internal.project.DefaultProjectStateRegistry$ProjectStateImpl.withProjectLock(DefaultProjectStateRegistry.java:426)\n[8b39860b-4943-428c-9401-3f511a9c53e9/Run Unit Tests           ]   | \tat org.gradle.api.internal.project.DefaultProjectStateRegistry$ProjectStateImpl.fromMutableState(DefaultProjectStateRegistry.java:407)\n[8b39860b-4943-428c-9401-3f511a9c53e9/Run Unit Tests           ]   | \tat org.gradle.api.internal.project.DefaultProjectStateRegistry$ProjectStateImpl.applyToMutableState(DefaultProjectStateRegistry.java:365)\n[8b39860b-4943-428c-9401-3f511a9c53e9/Run Unit Tests           ]   | \tat org.gradle.configuration.project.LifecycleProjectEvaluator$EvaluateProject.run(LifecycleProjectEvaluator.java:91)\n[8b39860b-4943-428c-9401-3f511a9c53e9/Run Unit Tests           ]   | \tat org.gradle.internal.operations.DefaultBuildOperationRunner$1.execute(DefaultBuildOperationRunner.java:29)\n[8b39860b-4943-428c-9401-3f511a9c53e9/Run Unit Tests           ]   | \tat org.gradle.internal.operations.DefaultBuildOperationRunner$1.execute(DefaultBuildOperationRunner.java:26)\n[8b39860b-4943-428c-9401-3f511a9c53e9/Run Unit Tests           ]   | \tat org.gradle.internal.operations.DefaultBuildOperationRunner$2.execute(DefaultBuildOperationRunner.java:66)\n[8b39860b-4943-428c-9401-3f511a9c53e9/Run Unit Tests           ]   | \tat org.gradle.internal.operations.DefaultBuildOperationRunner$2.execute(DefaultBuildOperationRunner.java:59)\n[8b39860b-4943-428c-9401-3f511a9c53e9/Run Unit Tests           ]   | \tat org.gradle.internal.operations.DefaultBuildOperationRunner.execute(DefaultBuildOperationRunner.java:157)\n[8b39860b-4943-428c-9401-3f511a9c53e9/Run Unit Tests           ]   | \tat org.gradle.internal.operations.DefaultBuildOperationRunner.execute(DefaultBuildOperationRunner.java:59)\n[8b39860b-4943-428c-9401-3f511a9c53e9/Run Unit Tests           ]   | \tat org.gradle.internal.operations.DefaultBuildOperationRunner.run(DefaultBuildOperationRunner.java:47)\n[8b39860b-4943-428c-9401-3f511a9c53e9/Run Unit Tests           ]   | \tat org.gradle.internal.operations.DefaultBuildOperationExecutor.run(DefaultBuildOperationExecutor.java:68)\n[8b39860b-4943-428c-9401-3f511a9c53e9/Run Unit Tests           ]   | \tat org.gradle.configuration.project.LifecycleProjectEvaluator.evaluate(LifecycleProjectEvaluator.java:63)\n[8b39860b-4943-428c-9401-3f511a9c53e9/Run Unit Tests           ]   | \tat org.gradle.api.internal.project.DefaultProject.evaluate(DefaultProject.java:751)\n[8b39860b-4943-428c-9401-3f511a9c53e9/Run Unit Tests           ]   | \tat org.gradle.api.internal.project.DefaultProject.evaluate(DefaultProject.java:151)\n[8b39860b-4943-428c-9401-3f511a9c53e9/Run Unit Tests           ]   | \tat org.gradle.api.internal.project.DefaultProjectStateRegistry$ProjectStateImpl.ensureConfigured(DefaultProjectStateRegistry.java:339)\n[8b39860b-4943-428c-9401-3f511a9c53e9/Run Unit Tests           ]   | \tat org.gradle.execution.TaskPathProjectEvaluator.configure(TaskPathProjectEvaluator.java:41)\n[8b39860b-4943-428c-9401-3f511a9c53e9/Run Unit Tests           ]   | \tat org.gradle.execution.TaskPathProjectEvaluator.configureHierarchy(TaskPathProjectEvaluator.java:57)\n[8b39860b-4943-428c-9401-3f511a9c53e9/Run Unit Tests           ]   | \tat org.gradle.configuration.DefaultProjectsPreparer.prepareProjects(DefaultProjectsPreparer.java:48)\n[8b39860b-4943-428c-9401-3f511a9c53e9/Run Unit Tests           ]   | \tat org.gradle.configuration.BuildTreePreparingProjectsPreparer.prepareProjects(BuildTreePreparingProjectsPreparer.java:64)\n[8b39860b-4943-428c-9401-3f511a9c53e9/Run Unit Tests           ]   | \tat org.gradle.configuration.BuildOperationFiringProjectsPreparer$ConfigureBuild.run(BuildOperationFiringProjectsPreparer.java:52)\n[8b39860b-4943-428c-9401-3f511a9c53e9/Run Unit Tests           ]   | \tat org.gradle.internal.operations.DefaultBuildOperationRunner$1.execute(DefaultBuildOperationRunner.java:29)\n[8b39860b-4943-428c-9401-3f511a9c53e9/Run Unit Tests           ]   | \tat org.gradle.internal.operations.DefaultBuildOperationRunner$1.execute(DefaultBuildOperationRunner.java:26)\n[8b39860b-4943-428c-9401-3f511a9c53e9/Run Unit Tests           ]   | \tat org.gradle.internal.operations.DefaultBuildOperationRunner$2.execute(DefaultBuildOperationRunner.java:66)\n[8b39860b-4943-428c-9401-3f511a9c53e9/Run Unit Tests           ]   | \tat org.gradle.internal.operations.DefaultBuildOperationRunner$2.execute(DefaultBuildOperationRunner.java:59)\n[8b39860b-4943-428c-9401-3f511a9c53e9/Run Unit Tests           ]   | \tat org.gradle.internal.operations.DefaultBuildOperationRunner.execute(DefaultBuildOperationRunner.java:157)\n[8b39860b-4943-428c-9401-3f511a9c53e9/Run Unit Tests           ]   | \tat org.gradle.internal.operations.DefaultBuildOperationRunner.execute(DefaultBuildOperationRunner.java:59)\n[8b39860b-4943-428c-9401-3f511a9c53e9/Run Unit Tests           ]   | \tat org.gradle.internal.operations.DefaultBuildOperationRunner.run(DefaultBuildOperationRunner.java:47)\n[8b39860b-4943-428c-9401-3f511a9c53e9/Run Unit Tests           ]   | \tat org.gradle.internal.operations.DefaultBuildOperationExecutor.run(DefaultBuildOperationExecutor.java:68)\n[8b39860b-4943-428c-9401-3f511a9c53e9/Run Unit Tests           ]   | \tat org.gradle.configuration.BuildOperationFiringProjectsPreparer.prepareProjects(BuildOperationFiringProjectsPreparer.java:40)\n[8b39860b-4943-428c-9401-3f511a9c53e9/Run Unit Tests           ]   | \tat org.gradle.initialization.VintageBuildModelController.lambda$prepareProjects$1(VintageBuildModelController.java:93)\n[8b39860b-4943-428c-9401-3f511a9c53e9/Run Unit Tests           ]   | \tat org.gradle.internal.build.StateTransitionController.lambda$doTransition$1(StateTransitionController.java:222)\n[8b39860b-4943-428c-9401-3f511a9c53e9/Run Unit Tests           ]   | \tat org.gradle.internal.build.StateTransitionController.doTransition(StateTransitionController.java:243)\n[8b39860b-4943-428c-9401-3f511a9c53e9/Run Unit Tests           ]   | \tat org.gradle.internal.build.StateTransitionController.doTransition(StateTransitionController.java:221)\n[8b39860b-4943-428c-9401-3f511a9c53e9/Run Unit Tests           ]   | \tat org.gradle.internal.build.StateTransitionController.transitionIfNotPreviously(StateTransitionController.java:190)\n[8b39860b-4943-428c-9401-3f511a9c53e9/Run Unit Tests           ]   | \tat org.gradle.initialization.VintageBuildModelController.prepareProjects(VintageBuildModelController.java:93)\n[8b39860b-4943-428c-9401-3f511a9c53e9/Run Unit Tests           ]   | \tat org.gradle.initialization.VintageBuildModelController.doBuildStages(VintageBuildModelController.java:77)\n[8b39860b-4943-428c-9401-3f511a9c53e9/Run Unit Tests           ]   | \tat org.gradle.initialization.VintageBuildModelController.prepareToScheduleTasks(VintageBuildModelController.java:64)\n[8b39860b-4943-428c-9401-3f511a9c53e9/Run Unit Tests           ]   | \tat org.gradle.internal.build.DefaultBuildLifecycleController.lambda$prepareToScheduleTasks$0(DefaultBuildLifecycleController.java:105)\n[8b39860b-4943-428c-9401-3f511a9c53e9/Run Unit Tests           ]   | \tat org.gradle.internal.build.StateTransitionController.lambda$doTransition$1(StateTransitionController.java:222)\n[8b39860b-4943-428c-9401-3f511a9c53e9/Run Unit Tests           ]   | \tat org.gradle.internal.build.StateTransitionController.doTransition(StateTransitionController.java:243)\n[8b39860b-4943-428c-9401-3f511a9c53e9/Run Unit Tests           ]   | \tat org.gradle.internal.build.StateTransitionController.doTransition(StateTransitionController.java:221)\n[8b39860b-4943-428c-9401-3f511a9c53e9/Run Unit Tests           ]   | \tat org.gradle.internal.build.StateTransitionController.maybeTransition(StateTransitionController.java:174)\n[8b39860b-4943-428c-9401-3f511a9c53e9/Run Unit Tests           ]   | \tat org.gradle.internal.build.DefaultBuildLifecycleController.prepareToScheduleTasks(DefaultBuildLifecycleController.java:103)\n[8b39860b-4943-428c-9401-3f511a9c53e9/Run Unit Tests           ]   | \tat org.gradle.internal.buildtree.DefaultBuildTreeWorkPreparer.scheduleRequestedTasks(DefaultBuildTreeWorkPreparer.java:33)\n[8b39860b-4943-428c-9401-3f511a9c53e9/Run Unit Tests           ]   | \tat org.gradle.internal.buildtree.DefaultBuildTreeLifecycleController.lambda$doScheduleAndRunTasks$2(DefaultBuildTreeLifecycleController.java:86)\n[8b39860b-4943-428c-9401-3f511a9c53e9/Run Unit Tests           ]   | \tat org.gradle.composite.internal.DefaultIncludedBuildTaskGraph.withNewTaskGraph(DefaultIncludedBuildTaskGraph.java:94)\n[8b39860b-4943-428c-9401-3f511a9c53e9/Run Unit Tests           ]   | \tat org.gradle.internal.buildtree.DefaultBuildTreeLifecycleController.doScheduleAndRunTasks(DefaultBuildTreeLifecycleController.java:85)\n[8b39860b-4943-428c-9401-3f511a9c53e9/Run Unit Tests           ]   | \tat org.gradle.internal.buildtree.DefaultBuildTreeLifecycleController.lambda$runBuild$4(DefaultBuildTreeLifecycleController.java:103)\n[8b39860b-4943-428c-9401-3f511a9c53e9/Run Unit Tests           ]   | \tat org.gradle.internal.build.StateTransitionController.lambda$transition$0(StateTransitionController.java:145)\n[8b39860b-4943-428c-9401-3f511a9c53e9/Run Unit Tests           ]   | \tat org.gradle.internal.build.StateTransitionController.doTransition(StateTransitionController.java:243)\n[8b39860b-4943-428c-9401-3f511a9c53e9/Run Unit Tests           ]   | \tat org.gradle.internal.build.StateTransitionController.transition(StateTransitionController.java:145)\n[8b39860b-4943-428c-9401-3f511a9c53e9/Run Unit Tests           ]   | \tat org.gradle.internal.buildtree.DefaultBuildTreeLifecycleController.runBuild(DefaultBuildTreeLifecycleController.java:100)\n[8b39860b-4943-428c-9401-3f511a9c53e9/Run Unit Tests           ]   | \tat org.gradle.internal.buildtree.DefaultBuildTreeLifecycleController.scheduleAndRunTasks(DefaultBuildTreeLifecycleController.java:66)\n[8b39860b-4943-428c-9401-3f511a9c53e9/Run Unit Tests           ]   | \tat org.gradle.tooling.internal.provider.ExecuteBuildActionRunner.run(ExecuteBuildActionRunner.java:31)\n[8b39860b-4943-428c-9401-3f511a9c53e9/Run Unit Tests           ]   | \tat org.gradle.launcher.exec.ChainingBuildActionRunner.run(ChainingBuildActionRunner.java:35)\n[8b39860b-4943-428c-9401-3f511a9c53e9/Run Unit Tests           ]   | \tat org.gradle.internal.buildtree.ProblemReportingBuildActionRunner.run(ProblemReportingBuildActionRunner.java:49)\n[8b39860b-4943-428c-9401-3f511a9c53e9/Run Unit Tests           ]   | \tat org.gradle.launcher.exec.BuildOutcomeReportingBuildActionRunner.run(BuildOutcomeReportingBuildActionRunner.java:69)\n[8b39860b-4943-428c-9401-3f511a9c53e9/Run Unit Tests           ]   | \tat org.gradle.tooling.internal.provider.FileSystemWatchingBuildActionRunner.run(FileSystemWatchingBuildActionRunner.java:114)\n[8b39860b-4943-428c-9401-3f511a9c53e9/Run Unit Tests           ]   | \tat org.gradle.launcher.exec.BuildCompletionNotifyingBuildActionRunner.run(BuildCompletionNotifyingBuildActionRunner.java:41)\n[8b39860b-4943-428c-9401-3f511a9c53e9/Run Unit Tests           ]   | \tat org.gradle.launcher.exec.RootBuildLifecycleBuildActionExecutor.lambda$execute$0(RootBuildLifecycleBuildActionExecutor.java:40)\n[8b39860b-4943-428c-9401-3f511a9c53e9/Run Unit Tests           ]   | \tat org.gradle.composite.internal.DefaultRootBuildState.run(DefaultRootBuildState.java:155)\n[8b39860b-4943-428c-9401-3f511a9c53e9/Run Unit Tests           ]   | \tat org.gradle.launcher.exec.RootBuildLifecycleBuildActionExecutor.execute(RootBuildLifecycleBuildActionExecutor.java:40)\n[8b39860b-4943-428c-9401-3f511a9c53e9/Run Unit Tests           ]   | \tat org.gradle.internal.buildtree.DefaultBuildTreeContext.execute(DefaultBuildTreeContext.java:40)\n[8b39860b-4943-428c-9401-3f511a9c53e9/Run Unit Tests           ]   | \tat org.gradle.launcher.exec.BuildTreeLifecycleBuildActionExecutor.lambda$execute$0(BuildTreeLifecycleBuildActionExecutor.java:65)\n[8b39860b-4943-428c-9401-3f511a9c53e9/Run Unit Tests           ]   | \tat org.gradle.internal.buildtree.BuildTreeState.run(BuildTreeState.java:53)\n[8b39860b-4943-428c-9401-3f511a9c53e9/Run Unit Tests           ]   | \tat org.gradle.launcher.exec.BuildTreeLifecycleBuildActionExecutor.execute(BuildTreeLifecycleBuildActionExecutor.java:65)\n[8b39860b-4943-428c-9401-3f511a9c53e9/Run Unit Tests           ]   | \tat org.gradle.launcher.exec.RunAsBuildOperationBuildActionExecutor$3.call(RunAsBuildOperationBuildActionExecutor.java:61)\n[8b39860b-4943-428c-9401-3f511a9c53e9/Run Unit Tests           ]   | \tat org.gradle.launcher.exec.RunAsBuildOperationBuildActionExecutor$3.call(RunAsBuildOperationBuildActionExecutor.java:57)\n[8b39860b-4943-428c-9401-3f511a9c53e9/Run Unit Tests           ]   | \tat org.gradle.internal.operations.DefaultBuildOperationRunner$CallableBuildOperationWorker.execute(DefaultBuildOperationRunner.java:204)\n[8b39860b-4943-428c-9401-3f511a9c53e9/Run Unit Tests           ]   | \tat org.gradle.internal.operations.DefaultBuildOperationRunner$CallableBuildOperationWorker.execute(DefaultBuildOperationRunner.java:199)\n[8b39860b-4943-428c-9401-3f511a9c53e9/Run Unit Tests           ]   | \tat org.gradle.internal.operations.DefaultBuildOperationRunner$2.execute(DefaultBuildOperationRunner.java:66)\n[8b39860b-4943-428c-9401-3f511a9c53e9/Run Unit Tests           ]   | \tat org.gradle.internal.operations.DefaultBuildOperationRunner$2.execute(DefaultBuildOperationRunner.java:59)\n[8b39860b-4943-428c-9401-3f511a9c53e9/Run Unit Tests           ]   | \tat org.gradle.internal.operations.DefaultBuildOperationRunner.execute(DefaultBuildOperationRunner.java:157)\n[8b39860b-4943-428c-9401-3f511a9c53e9/Run Unit Tests           ]   | \tat org.gradle.internal.operations.DefaultBuildOperationRunner.execute(DefaultBuildOperationRunner.java:59)\n[8b39860b-4943-428c-9401-3f511a9c53e9/Run Unit Tests           ]   | \tat org.gradle.internal.operations.DefaultBuildOperationRunner.call(DefaultBuildOperationRunner.java:53)\n[8b39860b-4943-428c-9401-3f511a9c53e9/Run Unit Tests           ]   | \tat org.gradle.internal.operations.DefaultBuildOperationExecutor.call(DefaultBuildOperationExecutor.java:73)\n[8b39860b-4943-428c-9401-3f511a9c53e9/Run Unit Tests           ]   | \tat org.gradle.launcher.exec.RunAsBuildOperationBuildActionExecutor.execute(RunAsBuildOperationBuildActionExecutor.java:57)\n[8b39860b-4943-428c-9401-3f511a9c53e9/Run Unit Tests           ]   | \tat org.gradle.launcher.exec.RunAsWorkerThreadBuildActionExecutor.lambda$execute$0(RunAsWorkerThreadBuildActionExecutor.java:38)\n[8b39860b-4943-428c-9401-3f511a9c53e9/Run Unit Tests           ]   | \tat org.gradle.internal.work.DefaultWorkerLeaseService.withLocks(DefaultWorkerLeaseService.java:211)\n[8b39860b-4943-428c-9401-3f511a9c53e9/Run Unit Tests           ]   | \tat org.gradle.launcher.exec.RunAsWorkerThreadBuildActionExecutor.execute(RunAsWorkerThreadBuildActionExecutor.java:38)\n[8b39860b-4943-428c-9401-3f511a9c53e9/Run Unit Tests           ]   | \tat org.gradle.tooling.internal.provider.ContinuousBuildActionExecutor.execute(ContinuousBuildActionExecutor.java:103)\n[8b39860b-4943-428c-9401-3f511a9c53e9/Run Unit Tests           ]   | \tat org.gradle.tooling.internal.provider.SubscribableBuildActionExecutor.execute(SubscribableBuildActionExecutor.java:64)\n[8b39860b-4943-428c-9401-3f511a9c53e9/Run Unit Tests           ]   | \tat org.gradle.internal.session.DefaultBuildSessionContext.execute(DefaultBuildSessionContext.java:46)\n[8b39860b-4943-428c-9401-3f511a9c53e9/Run Unit Tests           ]   | \tat org.gradle.tooling.internal.provider.BuildSessionLifecycleBuildActionExecuter$ActionImpl.apply(BuildSessionLifecycleBuildActionExecuter.java:100)\n[8b39860b-4943-428c-9401-3f511a9c53e9/Run Unit Tests           ]   | \tat org.gradle.tooling.internal.provider.BuildSessionLifecycleBuildActionExecuter$ActionImpl.apply(BuildSessionLifecycleBuildActionExecuter.java:88)\n[8b39860b-4943-428c-9401-3f511a9c53e9/Run Unit Tests           ]   | \tat org.gradle.internal.session.BuildSessionState.run(BuildSessionState.java:69)\n[8b39860b-4943-428c-9401-3f511a9c53e9/Run Unit Tests           ]   | \tat org.gradle.tooling.internal.provider.BuildSessionLifecycleBuildActionExecuter.execute(BuildSessionLifecycleBuildActionExecuter.java:62)\n[8b39860b-4943-428c-9401-3f511a9c53e9/Run Unit Tests           ]   | \tat org.gradle.tooling.internal.provider.BuildSessionLifecycleBuildActionExecuter.execute(BuildSessionLifecycleBuildActionExecuter.java:41)\n[8b39860b-4943-428c-9401-3f511a9c53e9/Run Unit Tests           ]   | \tat org.gradle.tooling.internal.provider.GradleThreadBuildActionExecuter.execute(GradleThreadBuildActionExecuter.java:36)\n[8b39860b-4943-428c-9401-3f511a9c53e9/Run Unit Tests           ]   | \tat org.gradle.tooling.internal.provider.GradleThreadBuildActionExecuter.execute(GradleThreadBuildActionExecuter.java:25)\n[8b39860b-4943-428c-9401-3f511a9c53e9/Run Unit Tests           ]   | \tat org.gradle.tooling.internal.provider.StartParamsValidatingActionExecuter.execute(StartParamsValidatingActionExecuter.java:63)\n[8b39860b-4943-428c-9401-3f511a9c53e9/Run Unit Tests           ]   | \tat org.gradle.tooling.internal.provider.StartParamsValidatingActionExecuter.execute(StartParamsValidatingActionExecuter.java:31)\n[8b39860b-4943-428c-9401-3f511a9c53e9/Run Unit Tests           ]   | \tat org.gradle.tooling.internal.provider.SessionFailureReportingActionExecuter.execute(SessionFailureReportingActionExecuter.java:58)\n[8b39860b-4943-428c-9401-3f511a9c53e9/Run Unit Tests           ]   | \tat org.gradle.tooling.internal.provider.SessionFailureReportingActionExecuter.execute(SessionFailureReportingActionExecuter.java:42)\n[8b39860b-4943-428c-9401-3f511a9c53e9/Run Unit Tests           ]   | \tat org.gradle.tooling.internal.provider.SetupLoggingActionExecuter.execute(SetupLoggingActionExecuter.java:47)\n[8b39860b-4943-428c-9401-3f511a9c53e9/Run Unit Tests           ]   | \tat org.gradle.tooling.internal.provider.SetupLoggingActionExecuter.execute(SetupLoggingActionExecuter.java:31)\n[8b39860b-4943-428c-9401-3f511a9c53e9/Run Unit Tests           ]   | \tat org.gradle.launcher.daemon.server.exec.ExecuteBuild.doBuild(ExecuteBuild.java:65)\n[8b39860b-4943-428c-9401-3f511a9c53e9/Run Unit Tests           ]   | \tat org.gradle.launcher.daemon.server.exec.BuildCommandOnly.execute(BuildCommandOnly.java:37)\n[8b39860b-4943-428c-9401-3f511a9c53e9/Run Unit Tests           ]   | \tat org.gradle.launcher.daemon.server.api.DaemonCommandExecution.proceed(DaemonCommandExecution.java:104)\n[8b39860b-4943-428c-9401-3f511a9c53e9/Run Unit Tests           ]   | \tat org.gradle.launcher.daemon.server.exec.WatchForDisconnection.execute(WatchForDisconnection.java:39)\n[8b39860b-4943-428c-9401-3f511a9c53e9/Run Unit Tests           ]   | \tat org.gradle.launcher.daemon.server.api.DaemonCommandExecution.proceed(DaemonCommandExecution.java:104)\n[8b39860b-4943-428c-9401-3f511a9c53e9/Run Unit Tests           ]   | \tat org.gradle.launcher.daemon.server.exec.ResetDeprecationLogger.execute(ResetDeprecationLogger.java:29)\n[8b39860b-4943-428c-9401-3f511a9c53e9/Run Unit Tests           ]   | \tat org.gradle.launcher.daemon.server.api.DaemonCommandExecution.proceed(DaemonCommandExecution.java:104)\n[8b39860b-4943-428c-9401-3f511a9c53e9/Run Unit Tests           ]   | \tat org.gradle.launcher.daemon.server.exec.RequestStopIfSingleUsedDaemon.execute(RequestStopIfSingleUsedDaemon.java:35)\n[8b39860b-4943-428c-9401-3f511a9c53e9/Run Unit Tests           ]   | \tat org.gradle.launcher.daemon.server.api.DaemonCommandExecution.proceed(DaemonCommandExecution.java:104)\n[8b39860b-4943-428c-9401-3f511a9c53e9/Run Unit Tests           ]   | \tat org.gradle.launcher.daemon.server.exec.ForwardClientInput$2.create(ForwardClientInput.java:78)\n[8b39860b-4943-428c-9401-3f511a9c53e9/Run Unit Tests           ]   | \tat org.gradle.launcher.daemon.server.exec.ForwardClientInput$2.create(ForwardClientInput.java:75)\n[8b39860b-4943-428c-9401-3f511a9c53e9/Run Unit Tests           ]   | \tat org.gradle.util.internal.Swapper.swap(Swapper.java:38)\n[8b39860b-4943-428c-9401-3f511a9c53e9/Run Unit Tests           ]   | \tat org.gradle.launcher.daemon.server.exec.ForwardClientInput.execute(ForwardClientInput.java:75)\n[8b39860b-4943-428c-9401-3f511a9c53e9/Run Unit Tests           ]   | \tat org.gradle.launcher.daemon.server.api.DaemonCommandExecution.proceed(DaemonCommandExecution.java:104)\n[8b39860b-4943-428c-9401-3f511a9c53e9/Run Unit Tests           ]   | \tat org.gradle.launcher.daemon.server.exec.LogAndCheckHealth.execute(LogAndCheckHealth.java:55)\n[8b39860b-4943-428c-9401-3f511a9c53e9/Run Unit Tests           ]   | \tat org.gradle.launcher.daemon.server.api.DaemonCommandExecution.proceed(DaemonCommandExecution.java:104)\n[8b39860b-4943-428c-9401-3f511a9c53e9/Run Unit Tests           ]   | \tat org.gradle.launcher.daemon.server.exec.LogToClient.doBuild(LogToClient.java:63)\n[8b39860b-4943-428c-9401-3f511a9c53e9/Run Unit Tests           ]   | \tat org.gradle.launcher.daemon.server.exec.BuildCommandOnly.execute(BuildCommandOnly.java:37)\n[8b39860b-4943-428c-9401-3f511a9c53e9/Run Unit Tests           ]   | \tat org.gradle.launcher.daemon.server.api.DaemonCommandExecution.proceed(DaemonCommandExecution.java:104)\n[8b39860b-4943-428c-9401-3f511a9c53e9/Run Unit Tests           ]   | \tat org.gradle.launcher.daemon.server.exec.EstablishBuildEnvironment.doBuild(EstablishBuildEnvironment.java:84)\n[8b39860b-4943-428c-9401-3f511a9c53e9/Run Unit Tests           ]   | \tat org.gradle.launcher.daemon.server.exec.BuildCommandOnly.execute(BuildCommandOnly.java:37)\n[8b39860b-4943-428c-9401-3f511a9c53e9/Run Unit Tests           ]   | \tat org.gradle.launcher.daemon.server.api.DaemonCommandExecution.proceed(DaemonCommandExecution.java:104)\n[8b39860b-4943-428c-9401-3f511a9c53e9/Run Unit Tests           ]   | \tat org.gradle.launcher.daemon.server.exec.StartBuildOrRespondWithBusy$1.run(StartBuildOrRespondWithBusy.java:52)\n[8b39860b-4943-428c-9401-3f511a9c53e9/Run Unit Tests           ]   | \tat org.gradle.launcher.daemon.server.DaemonStateCoordinator$1.run(DaemonStateCoordinator.java:297)\n[8b39860b-4943-428c-9401-3f511a9c53e9/Run Unit Tests           ]   | \tat org.gradle.internal.concurrent.ExecutorPolicy$CatchAndRecordFailures.onExecute(ExecutorPolicy.java:64)\n[8b39860b-4943-428c-9401-3f511a9c53e9/Run Unit Tests           ]   | \tat org.gradle.internal.concurrent.ManagedExecutorImpl$1.run(ManagedExecutorImpl.java:48)\n[8b39860b-4943-428c-9401-3f511a9c53e9/Run Unit Tests           ]   | \tat org.gradle.internal.concurrent.ThreadFactoryImpl$ManagedThreadRunnable.run(ThreadFactoryImpl.java:61)\n[8b39860b-4943-428c-9401-3f511a9c53e9/Run Unit Tests           ]   | \n[8b39860b-4943-428c-9401-3f511a9c53e9/Run Unit Tests           ]   | \n[8b39860b-4943-428c-9401-3f511a9c53e9/Run Unit Tests           ]   | * Get more help at https://help.gradle.org\n[8b39860b-4943-428c-9401-3f511a9c53e9/Run Unit Tests           ]   | \n[8b39860b-4943-428c-9401-3f511a9c53e9/Run Unit Tests           ]   | BUILD FAILED in 52s\n[8b39860b-4943-428c-9401-3f511a9c53e9/Run Unit Tests           ]   \u274c  Failure - Main Execute unit tests\n[8b39860b-4943-428c-9401-3f511a9c53e9/Run Unit Tests           ] exitcode '1': failure\n[8b39860b-4943-428c-9401-3f511a9c53e9/Run Unit Tests           ] \u2b50 Run Post Set up JDK 11\n[8b39860b-4943-428c-9401-3f511a9c53e9/Run Unit Tests           ]   \ud83d\udc33  docker exec cmd=[node /var/run/act/actions/actions-setup-java@v3/dist/cleanup/index.js] user= workdir=\n[8b39860b-4943-428c-9401-3f511a9c53e9/Run Unit Tests           ]   \u2705  Success - Post Set up JDK 11\n[8b39860b-4943-428c-9401-3f511a9c53e9/Run Unit Tests           ] \ud83c\udfc1  Job failed\n",
        "stderr": "Error: Error occurred running finally: Error occurred running finally: Error occurred running finally: exitcode '1': failure (original error: <nil>) (original error: <nil>) (original error: <nil>)\n",
        "workflow": "/tmp/3d783ea4-1661-11ee-8a50-bb14de238602/andreynovikov-trekarta/.github/workflows/android-crawler.yml",
        "build_tool": "gradle",
        "elapsed_time": 182.7768316268921
    }
}