{
    "repository": "AntennaPod/AntennaPod",
    "stars": 4984,
    "language": "java",
    "size": 104586,
    "clone_url": "https://github.com/AntennaPod/AntennaPod.git",
    "timestamp": "2023-06-29T10:28:23.597538Z",
    "clone_success": true,
    "number_of_actions": 2,
    "number_of_test_actions": 1,
    "actions_successful": false,
    "actions_build_tools": [
        "unknown",
        "gradle"
    ],
    "actions_test_build_tools": [
        "gradle"
    ],
    "actions_run": {
        "failed": true,
        "tests": [],
        "stdout": "[793ae4ae-fd92-418f-a10d-b82e48b0a6d1/Code Style] \ud83d\ude80  Start image=crawlergpt:latest\n[793ae4ae-fd92-418f-a10d-b82e48b0a6d1/Code Style]   \ud83d\udc33  docker pull image=crawlergpt:latest platform= username= forcePull=false\n[793ae4ae-fd92-418f-a10d-b82e48b0a6d1/Code Style]   \ud83d\udc33  docker create image=crawlergpt:latest platform= entrypoint=[\"tail\" \"-f\" \"/dev/null\"] cmd=[]\n[793ae4ae-fd92-418f-a10d-b82e48b0a6d1/Code Style]   \ud83d\udc33  docker run image=crawlergpt:latest platform= entrypoint=[\"tail\" \"-f\" \"/dev/null\"] cmd=[]\n[793ae4ae-fd92-418f-a10d-b82e48b0a6d1/Code Style]   \ud83d\udc33  docker exec cmd=[chown -R 1012:1013 /tmp/3d783ea4-1661-11ee-8a50-bb14de238602/AntennaPod-AntennaPod] user=0 workdir=\n[793ae4ae-fd92-418f-a10d-b82e48b0a6d1/Code Style] \u2b50 Run Main actions/checkout@v3\n[793ae4ae-fd92-418f-a10d-b82e48b0a6d1/Code Style]   \u2705  Success - Main actions/checkout@v3\n[793ae4ae-fd92-418f-a10d-b82e48b0a6d1/Code Style] \u2b50 Run Main Checkstyle\n[793ae4ae-fd92-418f-a10d-b82e48b0a6d1/Code Style]   \ud83d\udc33  docker exec cmd=[bash --noprofile --norc -e -o pipefail /var/run/act/workflow/1] user= workdir=\n[793ae4ae-fd92-418f-a10d-b82e48b0a6d1/Code Style]   | Starting audit...\n[793ae4ae-fd92-418f-a10d-b82e48b0a6d1/Code Style]   | Audit done.\n[793ae4ae-fd92-418f-a10d-b82e48b0a6d1/Code Style]   \u2705  Success - Main Checkstyle\n[793ae4ae-fd92-418f-a10d-b82e48b0a6d1/Code Style] \u2b50 Run Main Find PR Base Commit\n[793ae4ae-fd92-418f-a10d-b82e48b0a6d1/Code Style]   \ud83d\udc33  docker exec cmd=[bash --noprofile --norc -e -o pipefail /var/run/act/workflow/vars] user= workdir=\n[793ae4ae-fd92-418f-a10d-b82e48b0a6d1/Code Style]   | From https://github.com/AntennaPod/AntennaPod\n[793ae4ae-fd92-418f-a10d-b82e48b0a6d1/Code Style]   |  * branch                develop    -> FETCH_HEAD\n[793ae4ae-fd92-418f-a10d-b82e48b0a6d1/Code Style]   \u2699  ::set-output:: branchBaseCommit=23d4cf5632279bcc9293396d8943bf84275a9d60\n[793ae4ae-fd92-418f-a10d-b82e48b0a6d1/Code Style]   \u2705  Success - Main Find PR Base Commit\n[793ae4ae-fd92-418f-a10d-b82e48b0a6d1/Code Style] \u2b50 Run Main Diff-Checkstyle\n[793ae4ae-fd92-418f-a10d-b82e48b0a6d1/Code Style]   \ud83d\udc33  docker exec cmd=[bash --noprofile --norc -e -o pipefail /var/run/act/workflow/3] user= workdir=\n[793ae4ae-fd92-418f-a10d-b82e48b0a6d1/Code Style]   | There is no file need to check\n[793ae4ae-fd92-418f-a10d-b82e48b0a6d1/Code Style]   \u2705  Success - Main Diff-Checkstyle\n[793ae4ae-fd92-418f-a10d-b82e48b0a6d1/Code Style] \u2b50 Run Main XML of changed files\n[793ae4ae-fd92-418f-a10d-b82e48b0a6d1/Code Style]   \ud83d\udc33  docker exec cmd=[bash --noprofile --norc -e -o pipefail /var/run/act/workflow/4] user= workdir=\n[793ae4ae-fd92-418f-a10d-b82e48b0a6d1/Code Style]   | Empty list of files to re-format\n[793ae4ae-fd92-418f-a10d-b82e48b0a6d1/Code Style]   \u2705  Success - Main XML of changed files\n[793ae4ae-fd92-418f-a10d-b82e48b0a6d1/Code Style] \ud83c\udfc1  Job succeeded\n[793ae4ae-fd92-418f-a10d-b82e48b0a6d1/Gradle Wrapper Validation] \ud83d\ude80  Start image=crawlergpt:latest\n[793ae4ae-fd92-418f-a10d-b82e48b0a6d1/Emulator Test            ] \ud83d\ude80  Start image=crawlergpt:latest\n[793ae4ae-fd92-418f-a10d-b82e48b0a6d1/Static Code Analysis     ] \ud83d\ude80  Start image=crawlergpt:latest\n[793ae4ae-fd92-418f-a10d-b82e48b0a6d1/Unit Test: PlayDebug     ] \ud83d\ude80  Start image=crawlergpt:latest\n[793ae4ae-fd92-418f-a10d-b82e48b0a6d1/Unit Test: PlayDebug     ]   \ud83d\udc33  docker pull image=crawlergpt:latest platform= username= forcePull=false\n[793ae4ae-fd92-418f-a10d-b82e48b0a6d1/Static Code Analysis     ]   \ud83d\udc33  docker pull image=crawlergpt:latest platform= username= forcePull=false\n[793ae4ae-fd92-418f-a10d-b82e48b0a6d1/Emulator Test            ]   \ud83d\udc33  docker pull image=crawlergpt:latest platform= username= forcePull=false\n[793ae4ae-fd92-418f-a10d-b82e48b0a6d1/Gradle Wrapper Validation]   \ud83d\udc33  docker pull image=crawlergpt:latest platform= username= forcePull=false\n[793ae4ae-fd92-418f-a10d-b82e48b0a6d1/Static Code Analysis     ]   \ud83d\udc33  docker create image=crawlergpt:latest platform= entrypoint=[\"tail\" \"-f\" \"/dev/null\"] cmd=[]\n[793ae4ae-fd92-418f-a10d-b82e48b0a6d1/Emulator Test            ]   \ud83d\udc33  docker create image=crawlergpt:latest platform= entrypoint=[\"tail\" \"-f\" \"/dev/null\"] cmd=[]\n[793ae4ae-fd92-418f-a10d-b82e48b0a6d1/Unit Test: PlayDebug     ]   \ud83d\udc33  docker create image=crawlergpt:latest platform= entrypoint=[\"tail\" \"-f\" \"/dev/null\"] cmd=[]\n[793ae4ae-fd92-418f-a10d-b82e48b0a6d1/Gradle Wrapper Validation]   \ud83d\udc33  docker create image=crawlergpt:latest platform= entrypoint=[\"tail\" \"-f\" \"/dev/null\"] cmd=[]\n[793ae4ae-fd92-418f-a10d-b82e48b0a6d1/Unit Test: PlayDebug     ]   \ud83d\udc33  docker run image=crawlergpt:latest platform= entrypoint=[\"tail\" \"-f\" \"/dev/null\"] cmd=[]\n[793ae4ae-fd92-418f-a10d-b82e48b0a6d1/Static Code Analysis     ]   \ud83d\udc33  docker run image=crawlergpt:latest platform= entrypoint=[\"tail\" \"-f\" \"/dev/null\"] cmd=[]\n[793ae4ae-fd92-418f-a10d-b82e48b0a6d1/Gradle Wrapper Validation]   \ud83d\udc33  docker run image=crawlergpt:latest platform= entrypoint=[\"tail\" \"-f\" \"/dev/null\"] cmd=[]\n[793ae4ae-fd92-418f-a10d-b82e48b0a6d1/Emulator Test            ]   \ud83d\udc33  docker run image=crawlergpt:latest platform= entrypoint=[\"tail\" \"-f\" \"/dev/null\"] cmd=[]\n[793ae4ae-fd92-418f-a10d-b82e48b0a6d1/Unit Test: PlayDebug     ]   \ud83d\udc33  docker exec cmd=[chown -R 1012:1013 /tmp/3d783ea4-1661-11ee-8a50-bb14de238602/AntennaPod-AntennaPod] user=0 workdir=\n[793ae4ae-fd92-418f-a10d-b82e48b0a6d1/Static Code Analysis     ]   \ud83d\udc33  docker exec cmd=[chown -R 1012:1013 /tmp/3d783ea4-1661-11ee-8a50-bb14de238602/AntennaPod-AntennaPod] user=0 workdir=\n[793ae4ae-fd92-418f-a10d-b82e48b0a6d1/Gradle Wrapper Validation]   \ud83d\udc33  docker exec cmd=[chown -R 1012:1013 /tmp/3d783ea4-1661-11ee-8a50-bb14de238602/AntennaPod-AntennaPod] user=0 workdir=\n[793ae4ae-fd92-418f-a10d-b82e48b0a6d1/Emulator Test            ]   \ud83d\udc33  docker exec cmd=[chown -R 1012:1013 /tmp/3d783ea4-1661-11ee-8a50-bb14de238602/AntennaPod-AntennaPod] user=0 workdir=\n[793ae4ae-fd92-418f-a10d-b82e48b0a6d1/Static Code Analysis     ]   \u2601  git clone 'https://github.com/actions/cache' # ref=v3\n[793ae4ae-fd92-418f-a10d-b82e48b0a6d1/Gradle Wrapper Validation]   \u2601  git clone 'https://github.com/gradle/wrapper-validation-action' # ref=v1\n[793ae4ae-fd92-418f-a10d-b82e48b0a6d1/Unit Test: PlayDebug     ]   \u2601  git clone 'https://github.com/actions/cache' # ref=v3\n[793ae4ae-fd92-418f-a10d-b82e48b0a6d1/Emulator Test            ]   \u2601  git clone 'https://github.com/actions/setup-java' # ref=v3\n[793ae4ae-fd92-418f-a10d-b82e48b0a6d1/Static Code Analysis     ] \u2b50 Run Main actions/checkout@v3\n[793ae4ae-fd92-418f-a10d-b82e48b0a6d1/Static Code Analysis     ]   \u2705  Success - Main actions/checkout@v3\n[793ae4ae-fd92-418f-a10d-b82e48b0a6d1/Static Code Analysis     ] \u2b50 Run Main Cache Gradle\n[793ae4ae-fd92-418f-a10d-b82e48b0a6d1/Static Code Analysis     ]   \ud83d\udc33  docker cp src=/tmp/act-cache/7f6d660b-7972-4ce1-95ed-ba881e13530f/act/actions-cache@v3/ dst=/var/run/act/actions/actions-cache@v3/\n[793ae4ae-fd92-418f-a10d-b82e48b0a6d1/Static Code Analysis     ]   \ud83d\udc33  docker exec cmd=[chown -R 1012:1013 /var/run/act/actions/actions-cache@v3/] user=0 workdir=\n[793ae4ae-fd92-418f-a10d-b82e48b0a6d1/Gradle Wrapper Validation] \u2b50 Run Main actions/checkout@v3\n[793ae4ae-fd92-418f-a10d-b82e48b0a6d1/Gradle Wrapper Validation]   \u2705  Success - Main actions/checkout@v3\n[793ae4ae-fd92-418f-a10d-b82e48b0a6d1/Gradle Wrapper Validation] \u2b50 Run Main gradle/wrapper-validation-action@v1\n[793ae4ae-fd92-418f-a10d-b82e48b0a6d1/Gradle Wrapper Validation]   \ud83d\udc33  docker cp src=/tmp/act-cache/7f6d660b-7972-4ce1-95ed-ba881e13530f/act/gradle-wrapper-validation-action@v1/ dst=/var/run/act/actions/gradle-wrapper-validation-action@v1/\n[793ae4ae-fd92-418f-a10d-b82e48b0a6d1/Gradle Wrapper Validation]   \ud83d\udc33  docker exec cmd=[chown -R 1012:1013 /var/run/act/actions/gradle-wrapper-validation-action@v1/] user=0 workdir=\n[793ae4ae-fd92-418f-a10d-b82e48b0a6d1/Unit Test: PlayDebug     ]   \u2601  git clone 'https://github.com/actions/upload-artifact' # ref=v3\n[793ae4ae-fd92-418f-a10d-b82e48b0a6d1/Gradle Wrapper Validation]   \ud83d\udc33  docker exec cmd=[node /var/run/act/actions/gradle-wrapper-validation-action@v1/dist/index.js] user= workdir=\n[793ae4ae-fd92-418f-a10d-b82e48b0a6d1/Static Code Analysis     ]   \ud83d\udc33  docker exec cmd=[node /var/run/act/actions/actions-cache@v3/dist/restore/index.js] user= workdir=\n[793ae4ae-fd92-418f-a10d-b82e48b0a6d1/Static Code Analysis     ]   \ud83d\udcac  ::debug::Resolved Keys:\n[793ae4ae-fd92-418f-a10d-b82e48b0a6d1/Static Code Analysis     ]   \ud83d\udcac  ::debug::[\"gradle-ef3c1838b8e8cb013305c9ba2fa7a8f8828ef769b214e6fdfd6174f41cc6b856-bb5eb08550f0d4d46c86ba6747b3ce51a0cc6824a61ebb96fba7b1c69c320fcd\"]\n[793ae4ae-fd92-418f-a10d-b82e48b0a6d1/Static Code Analysis     ]   \ud83d\udcac  ::debug::Checking zstd --quiet --version\n[793ae4ae-fd92-418f-a10d-b82e48b0a6d1/Static Code Analysis     ]   \ud83d\udcac  ::debug::1.5.0\n[793ae4ae-fd92-418f-a10d-b82e48b0a6d1/Static Code Analysis     ]   \ud83d\udcac  ::debug::zstd version: 1.5.0\n[793ae4ae-fd92-418f-a10d-b82e48b0a6d1/Static Code Analysis     ]   \ud83d\udcac  ::debug::Resource Url: http://130.242.72.40:45245/_apis/artifactcache/cache?keys=gradle-ef3c1838b8e8cb013305c9ba2fa7a8f8828ef769b214e6fdfd6174f41cc6b856-bb5eb08550f0d4d46c86ba6747b3ce51a0cc6824a61ebb96fba7b1c69c320fcd&version=569019faed09f5f63af8a1ab2f5e0433d94f66e572509c03e0e3df35d24400c7\n[793ae4ae-fd92-418f-a10d-b82e48b0a6d1/Static Code Analysis     ]   \ud83d\udcac  ::debug::Failed to delete archive: Error: ENOENT: no such file or directory, unlink ''\n[793ae4ae-fd92-418f-a10d-b82e48b0a6d1/Static Code Analysis     ]   | Cache not found for input keys: gradle-ef3c1838b8e8cb013305c9ba2fa7a8f8828ef769b214e6fdfd6174f41cc6b856-bb5eb08550f0d4d46c86ba6747b3ce51a0cc6824a61ebb96fba7b1c69c320fcd\n[793ae4ae-fd92-418f-a10d-b82e48b0a6d1/Static Code Analysis     ]   \u2705  Success - Main Cache Gradle\n[793ae4ae-fd92-418f-a10d-b82e48b0a6d1/Static Code Analysis     ] \u2b50 Run Main Lint :app module recursively\n[793ae4ae-fd92-418f-a10d-b82e48b0a6d1/Static Code Analysis     ]   \ud83d\udc33  docker exec cmd=[bash --noprofile --norc -e -o pipefail /var/run/act/workflow/2] user= workdir=\n[793ae4ae-fd92-418f-a10d-b82e48b0a6d1/Static Code Analysis     ]   | Downloading https://services.gradle.org/distributions/gradle-7.5-bin.zip\n[793ae4ae-fd92-418f-a10d-b82e48b0a6d1/Gradle Wrapper Validation]   | \u2713 Found known Gradle Wrapper JAR files:\n[793ae4ae-fd92-418f-a10d-b82e48b0a6d1/Gradle Wrapper Validation]   |   33ad4583fd7ee156f533778736fa1b4940bd83b433934d1cc4e9f608e99a6a89 gradle/wrapper/gradle-wrapper.jar\n[793ae4ae-fd92-418f-a10d-b82e48b0a6d1/Gradle Wrapper Validation]   \u2705  Success - Main gradle/wrapper-validation-action@v1\n[793ae4ae-fd92-418f-a10d-b82e48b0a6d1/Static Code Analysis     ]   | ...........10%............20%...........30%............40%...........50%............60%...........70%............80%...........90%............100%\n[793ae4ae-fd92-418f-a10d-b82e48b0a6d1/Static Code Analysis     ]   | \n[793ae4ae-fd92-418f-a10d-b82e48b0a6d1/Static Code Analysis     ]   | Welcome to Gradle 7.5!\n[793ae4ae-fd92-418f-a10d-b82e48b0a6d1/Static Code Analysis     ]   | \n[793ae4ae-fd92-418f-a10d-b82e48b0a6d1/Static Code Analysis     ]   | Here are the highlights of this release:\n[793ae4ae-fd92-418f-a10d-b82e48b0a6d1/Static Code Analysis     ]   |  - Support for Java 18\n[793ae4ae-fd92-418f-a10d-b82e48b0a6d1/Static Code Analysis     ]   |  - Support for building with Groovy 4\n[793ae4ae-fd92-418f-a10d-b82e48b0a6d1/Static Code Analysis     ]   |  - Much more responsive continuous builds\n[793ae4ae-fd92-418f-a10d-b82e48b0a6d1/Static Code Analysis     ]   |  - Improved diagnostics for dependency resolution\n[793ae4ae-fd92-418f-a10d-b82e48b0a6d1/Static Code Analysis     ]   | \n[793ae4ae-fd92-418f-a10d-b82e48b0a6d1/Static Code Analysis     ]   | For more details see https://docs.gradle.org/7.5/release-notes.html\n[793ae4ae-fd92-418f-a10d-b82e48b0a6d1/Static Code Analysis     ]   | \n[793ae4ae-fd92-418f-a10d-b82e48b0a6d1/Gradle Wrapper Validation] \ud83c\udfc1  Job succeeded\n[793ae4ae-fd92-418f-a10d-b82e48b0a6d1/Static Code Analysis     ]   | Starting a Gradle Daemon (subsequent builds will be faster)\n[793ae4ae-fd92-418f-a10d-b82e48b0a6d1/Emulator Test            ]   \u2601  git clone 'https://github.com/actions/cache' # ref=v3\n[793ae4ae-fd92-418f-a10d-b82e48b0a6d1/Unit Test: PlayDebug     ] \ud83e\uddea  Matrix: map[base-variant:Debug execute-tests:true upload-artifact:true variant:PlayDebug]\n[793ae4ae-fd92-418f-a10d-b82e48b0a6d1/Unit Test: PlayDebug     ] \u2b50 Run Main actions/checkout@v3\n[793ae4ae-fd92-418f-a10d-b82e48b0a6d1/Unit Test: PlayDebug     ]   \u2705  Success - Main actions/checkout@v3\n[793ae4ae-fd92-418f-a10d-b82e48b0a6d1/Unit Test: PlayDebug     ] \u2b50 Run Main Cache Gradle\n[793ae4ae-fd92-418f-a10d-b82e48b0a6d1/Unit Test: PlayDebug     ]   \ud83d\udc33  docker cp src=/tmp/act-cache/7f6d660b-7972-4ce1-95ed-ba881e13530f/act/actions-cache@v3/ dst=/var/run/act/actions/actions-cache@v3/\n[793ae4ae-fd92-418f-a10d-b82e48b0a6d1/Emulator Test            ]   \u2601  git clone 'https://github.com/actions/cache' # ref=v3\n[793ae4ae-fd92-418f-a10d-b82e48b0a6d1/Unit Test: PlayDebug     ]   \ud83d\udc33  docker exec cmd=[chown -R 1012:1013 /var/run/act/actions/actions-cache@v3/] user=0 workdir=\n[793ae4ae-fd92-418f-a10d-b82e48b0a6d1/Emulator Test            ]   \u2601  git clone 'https://github.com/reactivecircus/android-emulator-runner' # ref=v2\n[793ae4ae-fd92-418f-a10d-b82e48b0a6d1/Unit Test: PlayDebug     ]   \ud83d\udc33  docker exec cmd=[node /var/run/act/actions/actions-cache@v3/dist/restore/index.js] user= workdir=\n[793ae4ae-fd92-418f-a10d-b82e48b0a6d1/Static Code Analysis     ]   | \n[793ae4ae-fd92-418f-a10d-b82e48b0a6d1/Static Code Analysis     ]   | > Configure project :app\n[793ae4ae-fd92-418f-a10d-b82e48b0a6d1/Static Code Analysis     ]   | WARNING:The option setting 'android.jetifier.ignorelist=bcprov-jdk15on' is experimental.\n[793ae4ae-fd92-418f-a10d-b82e48b0a6d1/Unit Test: PlayDebug     ]   \ud83d\udcac  ::debug::Resolved Keys:\n[793ae4ae-fd92-418f-a10d-b82e48b0a6d1/Unit Test: PlayDebug     ]   \ud83d\udcac  ::debug::[\"gradle-b2b48de4d89c7353f8aa3de7bbdb90929b682f71262d20c4e3d8efedd20ebb63-bb5eb08550f0d4d46c86ba6747b3ce51a0cc6824a61ebb96fba7b1c69c320fcd\"]\n[793ae4ae-fd92-418f-a10d-b82e48b0a6d1/Unit Test: PlayDebug     ]   \ud83d\udcac  ::debug::Checking zstd --quiet --version\n[793ae4ae-fd92-418f-a10d-b82e48b0a6d1/Unit Test: PlayDebug     ]   \ud83d\udcac  ::debug::1.5.0\n[793ae4ae-fd92-418f-a10d-b82e48b0a6d1/Unit Test: PlayDebug     ]   \ud83d\udcac  ::debug::zstd version: 1.5.0\n[793ae4ae-fd92-418f-a10d-b82e48b0a6d1/Unit Test: PlayDebug     ]   \ud83d\udcac  ::debug::Resource Url: http://130.242.72.40:45245/_apis/artifactcache/cache?keys=gradle-b2b48de4d89c7353f8aa3de7bbdb90929b682f71262d20c4e3d8efedd20ebb63-bb5eb08550f0d4d46c86ba6747b3ce51a0cc6824a61ebb96fba7b1c69c320fcd&version=569019faed09f5f63af8a1ab2f5e0433d94f66e572509c03e0e3df35d24400c7\n[793ae4ae-fd92-418f-a10d-b82e48b0a6d1/Unit Test: PlayDebug     ]   \ud83d\udcac  ::debug::Failed to delete archive: Error: ENOENT: no such file or directory, unlink ''\n[793ae4ae-fd92-418f-a10d-b82e48b0a6d1/Unit Test: PlayDebug     ]   | Cache not found for input keys: gradle-b2b48de4d89c7353f8aa3de7bbdb90929b682f71262d20c4e3d8efedd20ebb63-bb5eb08550f0d4d46c86ba6747b3ce51a0cc6824a61ebb96fba7b1c69c320fcd\n[793ae4ae-fd92-418f-a10d-b82e48b0a6d1/Unit Test: PlayDebug     ]   \u2705  Success - Main Cache Gradle\n[793ae4ae-fd92-418f-a10d-b82e48b0a6d1/Unit Test: PlayDebug     ] \u2b50 Run Main Create temporary release keystore\n[793ae4ae-fd92-418f-a10d-b82e48b0a6d1/Unit Test: PlayDebug     ]   \ud83d\udc33  docker exec cmd=[bash --noprofile --norc -e -o pipefail /var/run/act/workflow/2] user= workdir=\n[793ae4ae-fd92-418f-a10d-b82e48b0a6d1/Emulator Test            ]   \u2601  git clone 'https://github.com/reactivecircus/android-emulator-runner' # ref=v2\n[793ae4ae-fd92-418f-a10d-b82e48b0a6d1/Unit Test: PlayDebug     ]   | Generating 2,048 bit RSA key pair and self-signed certificate (SHA256withRSA) with a validity of 10 days\n[793ae4ae-fd92-418f-a10d-b82e48b0a6d1/Unit Test: PlayDebug     ]   | \tfor: CN=antennapod.org, OU=dummy, O=dummy, L=dummy, ST=dummy, C=US\n[793ae4ae-fd92-418f-a10d-b82e48b0a6d1/Unit Test: PlayDebug     ]   | [Storing app/keystore]\n[793ae4ae-fd92-418f-a10d-b82e48b0a6d1/Unit Test: PlayDebug     ]   \u2705  Success - Main Create temporary release keystore\n[793ae4ae-fd92-418f-a10d-b82e48b0a6d1/Emulator Test            ]   \u2601  git clone 'https://github.com/actions/upload-artifact' # ref=v3\n[793ae4ae-fd92-418f-a10d-b82e48b0a6d1/Unit Test: PlayDebug     ] \u2b50 Run Main Build\n[793ae4ae-fd92-418f-a10d-b82e48b0a6d1/Unit Test: PlayDebug     ]   \ud83d\udc33  docker exec cmd=[bash --noprofile --norc -e -o pipefail /var/run/act/workflow/3] user= workdir=\n[793ae4ae-fd92-418f-a10d-b82e48b0a6d1/Emulator Test            ] \u2b50 Run Main actions/checkout@v3\n[793ae4ae-fd92-418f-a10d-b82e48b0a6d1/Emulator Test            ]   \u2705  Success - Main actions/checkout@v3\n[793ae4ae-fd92-418f-a10d-b82e48b0a6d1/Emulator Test            ] \u2b50 Run Main Set up JDK 11\n[793ae4ae-fd92-418f-a10d-b82e48b0a6d1/Emulator Test            ]   \ud83d\udc33  docker cp src=/tmp/act-cache/7f6d660b-7972-4ce1-95ed-ba881e13530f/act/actions-setup-java@v3/ dst=/var/run/act/actions/actions-setup-java@v3/\n[793ae4ae-fd92-418f-a10d-b82e48b0a6d1/Emulator Test            ]   \ud83d\udc33  docker exec cmd=[chown -R 1012:1013 /var/run/act/actions/actions-setup-java@v3/] user=0 workdir=\n[793ae4ae-fd92-418f-a10d-b82e48b0a6d1/Unit Test: PlayDebug     ]   | Downloading https://services.gradle.org/distributions/gradle-7.5-bin.zip\n[793ae4ae-fd92-418f-a10d-b82e48b0a6d1/Emulator Test            ]   \ud83d\udc33  docker exec cmd=[node /var/run/act/actions/actions-setup-java@v3/dist/setup/index.js] user= workdir=\n[793ae4ae-fd92-418f-a10d-b82e48b0a6d1/Emulator Test            ]   \u2753  ::group::Installed distributions\n[793ae4ae-fd92-418f-a10d-b82e48b0a6d1/Emulator Test            ]   | Trying to resolve the latest version from remote\n[793ae4ae-fd92-418f-a10d-b82e48b0a6d1/Static Code Analysis     ]   | \n[793ae4ae-fd92-418f-a10d-b82e48b0a6d1/Static Code Analysis     ]   | FAILURE: Build failed with an exception.\n[793ae4ae-fd92-418f-a10d-b82e48b0a6d1/Static Code Analysis     ]   | \n[793ae4ae-fd92-418f-a10d-b82e48b0a6d1/Static Code Analysis     ]   | * What went wrong:\n[793ae4ae-fd92-418f-a10d-b82e48b0a6d1/Static Code Analysis     ]   | Could not determine the dependencies of task ':app:lintReportPlayRelease'.\n[793ae4ae-fd92-418f-a10d-b82e48b0a6d1/Static Code Analysis     ]   | > SDK location not found. Define a valid SDK location with an ANDROID_HOME environment variable or by setting the sdk.dir path in your project's local properties file at '/tmp/3d783ea4-1661-11ee-8a50-bb14de238602/AntennaPod-AntennaPod/local.properties'.\n[793ae4ae-fd92-418f-a10d-b82e48b0a6d1/Static Code Analysis     ]   | \n[793ae4ae-fd92-418f-a10d-b82e48b0a6d1/Static Code Analysis     ]   | * Try:\n[793ae4ae-fd92-418f-a10d-b82e48b0a6d1/Static Code Analysis     ]   | > Run with --stacktrace option to get the stack trace.\n[793ae4ae-fd92-418f-a10d-b82e48b0a6d1/Static Code Analysis     ]   | > Run with --info or --debug option to get more log output.\n[793ae4ae-fd92-418f-a10d-b82e48b0a6d1/Static Code Analysis     ]   | > Run with --scan to get full insights.\n[793ae4ae-fd92-418f-a10d-b82e48b0a6d1/Static Code Analysis     ]   | \n[793ae4ae-fd92-418f-a10d-b82e48b0a6d1/Static Code Analysis     ]   | * Get more help at https://help.gradle.org\n[793ae4ae-fd92-418f-a10d-b82e48b0a6d1/Static Code Analysis     ]   | \n[793ae4ae-fd92-418f-a10d-b82e48b0a6d1/Static Code Analysis     ]   | BUILD FAILED in 40s\n[793ae4ae-fd92-418f-a10d-b82e48b0a6d1/Static Code Analysis     ]   \u274c  Failure - Main Lint :app module recursively\n[793ae4ae-fd92-418f-a10d-b82e48b0a6d1/Static Code Analysis     ] exitcode '1': failure\n[793ae4ae-fd92-418f-a10d-b82e48b0a6d1/Unit Test: PlayDebug     ]   | ...........10%............20%...........30%............40%...........50%............60%...........70%............80%...........90%............100%\n[793ae4ae-fd92-418f-a10d-b82e48b0a6d1/Emulator Test            ]   | Resolved latest version as 11.0.19+7\n[793ae4ae-fd92-418f-a10d-b82e48b0a6d1/Emulator Test            ]   | Trying to download...\n[793ae4ae-fd92-418f-a10d-b82e48b0a6d1/Emulator Test            ]   | Downloading Java 11.0.19+7 (Temurin-Hotspot) from https://github.com/adoptium/temurin11-binaries/releases/download/jdk-11.0.19%2B7/OpenJDK11U-jdk_x64_linux_hotspot_11.0.19_7.tar.gz ...\n[793ae4ae-fd92-418f-a10d-b82e48b0a6d1/Emulator Test            ]   \ud83d\udcac  ::debug::Downloading https://github.com/adoptium/temurin11-binaries/releases/download/jdk-11.0.19%252B7/OpenJDK11U-jdk_x64_linux_hotspot_11.0.19_7.tar.gz\n[793ae4ae-fd92-418f-a10d-b82e48b0a6d1/Emulator Test            ]   \ud83d\udcac  ::debug::Destination /tmp/9af7829b-438c-466e-a210-eb557d4bf975\n[793ae4ae-fd92-418f-a10d-b82e48b0a6d1/Unit Test: PlayDebug     ]   | \n[793ae4ae-fd92-418f-a10d-b82e48b0a6d1/Unit Test: PlayDebug     ]   | Welcome to Gradle 7.5!\n[793ae4ae-fd92-418f-a10d-b82e48b0a6d1/Unit Test: PlayDebug     ]   | \n[793ae4ae-fd92-418f-a10d-b82e48b0a6d1/Unit Test: PlayDebug     ]   | Here are the highlights of this release:\n[793ae4ae-fd92-418f-a10d-b82e48b0a6d1/Unit Test: PlayDebug     ]   |  - Support for Java 18\n[793ae4ae-fd92-418f-a10d-b82e48b0a6d1/Unit Test: PlayDebug     ]   |  - Support for building with Groovy 4\n[793ae4ae-fd92-418f-a10d-b82e48b0a6d1/Unit Test: PlayDebug     ]   |  - Much more responsive continuous builds\n[793ae4ae-fd92-418f-a10d-b82e48b0a6d1/Unit Test: PlayDebug     ]   |  - Improved diagnostics for dependency resolution\n[793ae4ae-fd92-418f-a10d-b82e48b0a6d1/Unit Test: PlayDebug     ]   | \n[793ae4ae-fd92-418f-a10d-b82e48b0a6d1/Unit Test: PlayDebug     ]   | For more details see https://docs.gradle.org/7.5/release-notes.html\n[793ae4ae-fd92-418f-a10d-b82e48b0a6d1/Unit Test: PlayDebug     ]   | \n[793ae4ae-fd92-418f-a10d-b82e48b0a6d1/Unit Test: PlayDebug     ]   | Starting a Gradle Daemon (subsequent builds will be faster)\n[793ae4ae-fd92-418f-a10d-b82e48b0a6d1/Static Code Analysis     ] \ud83c\udfc1  Job failed\n[793ae4ae-fd92-418f-a10d-b82e48b0a6d1/Emulator Test            ]   \ud83d\udcac  ::debug::download complete\n[793ae4ae-fd92-418f-a10d-b82e48b0a6d1/Emulator Test            ]   | Extracting Java archive...\n[793ae4ae-fd92-418f-a10d-b82e48b0a6d1/Emulator Test            ]   \ud83d\udcac  ::debug::Checking tar --version\n[793ae4ae-fd92-418f-a10d-b82e48b0a6d1/Emulator Test            ]   \ud83d\udcac  ::debug::tar (GNU tar) 1.30%0ACopyright (C) 2017 Free Software Foundation, Inc.%0ALicense GPLv3+: GNU GPL version 3 or later <https://gnu.org/licenses/gpl.html>.%0AThis is free software: you are free to change and redistribute it.%0AThere is NO WARRANTY, to the extent permitted by law.%0A%0AWritten by John Gilmore and Jay Fenlason.\n[793ae4ae-fd92-418f-a10d-b82e48b0a6d1/Emulator Test            ]   | [command]/usr/bin/tar xz --warning=no-unknown-keyword -C /tmp/1337b134-8961-4c40-a043-b4a2d3b99560 -f /tmp/9af7829b-438c-466e-a210-eb557d4bf975\n[793ae4ae-fd92-418f-a10d-b82e48b0a6d1/Emulator Test            ]   \ud83d\udcac  ::debug::Caching tool Java_Temurin-Hotspot_jdk 11.0.19-7 x64\n[793ae4ae-fd92-418f-a10d-b82e48b0a6d1/Emulator Test            ]   \ud83d\udcac  ::debug::source dir: /tmp/1337b134-8961-4c40-a043-b4a2d3b99560/jdk-11.0.19+7\n[793ae4ae-fd92-418f-a10d-b82e48b0a6d1/Emulator Test            ]   \ud83d\udcac  ::debug::destination /opt/hostedtoolcache/Java_Temurin-Hotspot_jdk/11.0.19-7/x64\n[793ae4ae-fd92-418f-a10d-b82e48b0a6d1/Emulator Test            ]   \ud83d\udcac  ::debug::finished caching tool\n[793ae4ae-fd92-418f-a10d-b82e48b0a6d1/Emulator Test            ]   | Java 11.0.19+7 was downloaded\n[793ae4ae-fd92-418f-a10d-b82e48b0a6d1/Emulator Test            ]   | Setting Java 11.0.19+7 as the default\n[793ae4ae-fd92-418f-a10d-b82e48b0a6d1/Emulator Test            ]   | Creating toolchains.xml for JDK version 11 from temurin\n[793ae4ae-fd92-418f-a10d-b82e48b0a6d1/Emulator Test            ]   | Writing to /home/runneradmin/.m2/toolchains.xml\n[793ae4ae-fd92-418f-a10d-b82e48b0a6d1/Emulator Test            ]   | \n[793ae4ae-fd92-418f-a10d-b82e48b0a6d1/Emulator Test            ]   | Java configuration:\n[793ae4ae-fd92-418f-a10d-b82e48b0a6d1/Emulator Test            ]   |   Distribution: temurin\n[793ae4ae-fd92-418f-a10d-b82e48b0a6d1/Emulator Test            ]   |   Version: 11.0.19+7\n[793ae4ae-fd92-418f-a10d-b82e48b0a6d1/Emulator Test            ]   |   Path: /opt/hostedtoolcache/Java_Temurin-Hotspot_jdk/11.0.19-7/x64\n[793ae4ae-fd92-418f-a10d-b82e48b0a6d1/Emulator Test            ]   | \n[793ae4ae-fd92-418f-a10d-b82e48b0a6d1/Emulator Test            ]   \u2753  ::endgroup::\n[793ae4ae-fd92-418f-a10d-b82e48b0a6d1/Emulator Test            ]   \u2753 add-matcher /run/act/actions/actions-setup-java@v3/.github/java.json\n[793ae4ae-fd92-418f-a10d-b82e48b0a6d1/Emulator Test            ]   | Creating settings.xml with server-id: github\n[793ae4ae-fd92-418f-a10d-b82e48b0a6d1/Emulator Test            ]   | Writing to /home/runneradmin/.m2/settings.xml\n[793ae4ae-fd92-418f-a10d-b82e48b0a6d1/Emulator Test            ]   \u2705  Success - Main Set up JDK 11\n[793ae4ae-fd92-418f-a10d-b82e48b0a6d1/Emulator Test            ]   \u2699  ::set-env:: JAVA_HOME=/opt/hostedtoolcache/Java_Temurin-Hotspot_jdk/11.0.19-7/x64\n[793ae4ae-fd92-418f-a10d-b82e48b0a6d1/Emulator Test            ]   \u2699  ::set-env:: JAVA_HOME_11_X64=/opt/hostedtoolcache/Java_Temurin-Hotspot_jdk/11.0.19-7/x64\n[793ae4ae-fd92-418f-a10d-b82e48b0a6d1/Emulator Test            ]   \u2699  ::set-output:: distribution=Temurin-Hotspot\n[793ae4ae-fd92-418f-a10d-b82e48b0a6d1/Emulator Test            ]   \u2699  ::set-output:: path=/opt/hostedtoolcache/Java_Temurin-Hotspot_jdk/11.0.19-7/x64\n[793ae4ae-fd92-418f-a10d-b82e48b0a6d1/Emulator Test            ]   \u2699  ::set-output:: version=11.0.19+7\n[793ae4ae-fd92-418f-a10d-b82e48b0a6d1/Emulator Test            ]   \u2699  ::add-path:: /opt/hostedtoolcache/Java_Temurin-Hotspot_jdk/11.0.19-7/x64/bin\n[793ae4ae-fd92-418f-a10d-b82e48b0a6d1/Emulator Test            ] \u2b50 Run Main Cache Gradle\n[793ae4ae-fd92-418f-a10d-b82e48b0a6d1/Emulator Test            ]   \ud83d\udc33  docker cp src=/tmp/act-cache/7f6d660b-7972-4ce1-95ed-ba881e13530f/act/actions-cache@v3/ dst=/var/run/act/actions/actions-cache@v3/\n[793ae4ae-fd92-418f-a10d-b82e48b0a6d1/Emulator Test            ]   \ud83d\udc33  docker exec cmd=[chown -R 1012:1013 /var/run/act/actions/actions-cache@v3/] user=0 workdir=\n[793ae4ae-fd92-418f-a10d-b82e48b0a6d1/Emulator Test            ]   \ud83d\udc33  docker exec cmd=[node /var/run/act/actions/actions-cache@v3/dist/restore/index.js] user= workdir=\n[793ae4ae-fd92-418f-a10d-b82e48b0a6d1/Emulator Test            ]   \ud83d\udcac  ::debug::Resolved Keys:\n[793ae4ae-fd92-418f-a10d-b82e48b0a6d1/Emulator Test            ]   \ud83d\udcac  ::debug::[\"gradle-7f37a2f2d651eeb8c69d0bf75992cac4cf63545f0716605eb99219126a67f47b-bb5eb08550f0d4d46c86ba6747b3ce51a0cc6824a61ebb96fba7b1c69c320fcd\"]\n[793ae4ae-fd92-418f-a10d-b82e48b0a6d1/Emulator Test            ]   \ud83d\udcac  ::debug::Checking zstd --quiet --version\n[793ae4ae-fd92-418f-a10d-b82e48b0a6d1/Emulator Test            ]   \ud83d\udcac  ::debug::1.5.0\n[793ae4ae-fd92-418f-a10d-b82e48b0a6d1/Emulator Test            ]   \ud83d\udcac  ::debug::zstd version: 1.5.0\n[793ae4ae-fd92-418f-a10d-b82e48b0a6d1/Emulator Test            ]   \ud83d\udcac  ::debug::Resource Url: http://130.242.72.40:45245/_apis/artifactcache/cache?keys=gradle-7f37a2f2d651eeb8c69d0bf75992cac4cf63545f0716605eb99219126a67f47b-bb5eb08550f0d4d46c86ba6747b3ce51a0cc6824a61ebb96fba7b1c69c320fcd&version=569019faed09f5f63af8a1ab2f5e0433d94f66e572509c03e0e3df35d24400c7\n[793ae4ae-fd92-418f-a10d-b82e48b0a6d1/Emulator Test            ]   \ud83d\udcac  ::debug::Failed to delete archive: Error: ENOENT: no such file or directory, unlink ''\n[793ae4ae-fd92-418f-a10d-b82e48b0a6d1/Emulator Test            ]   | Cache not found for input keys: gradle-7f37a2f2d651eeb8c69d0bf75992cac4cf63545f0716605eb99219126a67f47b-bb5eb08550f0d4d46c86ba6747b3ce51a0cc6824a61ebb96fba7b1c69c320fcd\n[793ae4ae-fd92-418f-a10d-b82e48b0a6d1/Emulator Test            ]   \u2705  Success - Main Cache Gradle\n[793ae4ae-fd92-418f-a10d-b82e48b0a6d1/Emulator Test            ] \u2b50 Run Main Build with Gradle\n[793ae4ae-fd92-418f-a10d-b82e48b0a6d1/Emulator Test            ]   \ud83d\udc33  docker exec cmd=[bash --noprofile --norc -e -o pipefail /var/run/act/workflow/3] user= workdir=\n[793ae4ae-fd92-418f-a10d-b82e48b0a6d1/Emulator Test            ]   | Downloading https://services.gradle.org/distributions/gradle-7.5-bin.zip\n[793ae4ae-fd92-418f-a10d-b82e48b0a6d1/Emulator Test            ]   | ...........10%............20%...........30%............40%...........50%............60%...........70%............80%...........90%............100%\n[793ae4ae-fd92-418f-a10d-b82e48b0a6d1/Emulator Test            ]   | \n[793ae4ae-fd92-418f-a10d-b82e48b0a6d1/Emulator Test            ]   | Welcome to Gradle 7.5!\n[793ae4ae-fd92-418f-a10d-b82e48b0a6d1/Emulator Test            ]   | \n[793ae4ae-fd92-418f-a10d-b82e48b0a6d1/Emulator Test            ]   | Here are the highlights of this release:\n[793ae4ae-fd92-418f-a10d-b82e48b0a6d1/Emulator Test            ]   |  - Support for Java 18\n[793ae4ae-fd92-418f-a10d-b82e48b0a6d1/Emulator Test            ]   |  - Support for building with Groovy 4\n[793ae4ae-fd92-418f-a10d-b82e48b0a6d1/Emulator Test            ]   |  - Much more responsive continuous builds\n[793ae4ae-fd92-418f-a10d-b82e48b0a6d1/Emulator Test            ]   |  - Improved diagnostics for dependency resolution\n[793ae4ae-fd92-418f-a10d-b82e48b0a6d1/Emulator Test            ]   | \n[793ae4ae-fd92-418f-a10d-b82e48b0a6d1/Emulator Test            ]   | For more details see https://docs.gradle.org/7.5/release-notes.html\n[793ae4ae-fd92-418f-a10d-b82e48b0a6d1/Emulator Test            ]   | \n[793ae4ae-fd92-418f-a10d-b82e48b0a6d1/Emulator Test            ]   | Starting a Gradle Daemon (subsequent builds will be faster)\n[793ae4ae-fd92-418f-a10d-b82e48b0a6d1/Unit Test: PlayDebug     ]   | \n[793ae4ae-fd92-418f-a10d-b82e48b0a6d1/Unit Test: PlayDebug     ]   | > Configure project :app\n[793ae4ae-fd92-418f-a10d-b82e48b0a6d1/Unit Test: PlayDebug     ]   | WARNING:The option setting 'android.jetifier.ignorelist=bcprov-jdk15on' is experimental.\n[793ae4ae-fd92-418f-a10d-b82e48b0a6d1/Unit Test: PlayDebug     ]   | \n[793ae4ae-fd92-418f-a10d-b82e48b0a6d1/Unit Test: PlayDebug     ]   | FAILURE: Build failed with an exception.\n[793ae4ae-fd92-418f-a10d-b82e48b0a6d1/Unit Test: PlayDebug     ]   | \n[793ae4ae-fd92-418f-a10d-b82e48b0a6d1/Unit Test: PlayDebug     ]   | * What went wrong:\n[793ae4ae-fd92-418f-a10d-b82e48b0a6d1/Unit Test: PlayDebug     ]   | Could not determine the dependencies of task ':app:compilePlayDebugJavaWithJavac'.\n[793ae4ae-fd92-418f-a10d-b82e48b0a6d1/Unit Test: PlayDebug     ]   | > Could not determine the dependencies of null.\n[793ae4ae-fd92-418f-a10d-b82e48b0a6d1/Unit Test: PlayDebug     ]   |    > SDK location not found. Define a valid SDK location with an ANDROID_HOME environment variable or by setting the sdk.dir path in your project's local properties file at '/tmp/3d783ea4-1661-11ee-8a50-bb14de238602/AntennaPod-AntennaPod/local.properties'.\n[793ae4ae-fd92-418f-a10d-b82e48b0a6d1/Unit Test: PlayDebug     ]   | \n[793ae4ae-fd92-418f-a10d-b82e48b0a6d1/Unit Test: PlayDebug     ]   | * Try:\n[793ae4ae-fd92-418f-a10d-b82e48b0a6d1/Unit Test: PlayDebug     ]   | > Run with --stacktrace option to get the stack trace.\n[793ae4ae-fd92-418f-a10d-b82e48b0a6d1/Unit Test: PlayDebug     ]   | > Run with --info or --debug option to get more log output.\n[793ae4ae-fd92-418f-a10d-b82e48b0a6d1/Unit Test: PlayDebug     ]   | > Run with --scan to get full insights.\n[793ae4ae-fd92-418f-a10d-b82e48b0a6d1/Unit Test: PlayDebug     ]   | \n[793ae4ae-fd92-418f-a10d-b82e48b0a6d1/Unit Test: PlayDebug     ]   | * Get more help at https://help.gradle.org\n[793ae4ae-fd92-418f-a10d-b82e48b0a6d1/Unit Test: PlayDebug     ]   | \n[793ae4ae-fd92-418f-a10d-b82e48b0a6d1/Unit Test: PlayDebug     ]   | BUILD FAILED in 42s\n[793ae4ae-fd92-418f-a10d-b82e48b0a6d1/Unit Test: PlayDebug     ]   \u274c  Failure - Main Build\n[793ae4ae-fd92-418f-a10d-b82e48b0a6d1/Unit Test: PlayDebug     ] exitcode '1': failure\n[793ae4ae-fd92-418f-a10d-b82e48b0a6d1/Emulator Test            ]   | \n[793ae4ae-fd92-418f-a10d-b82e48b0a6d1/Emulator Test            ]   | > Configure project :app\n[793ae4ae-fd92-418f-a10d-b82e48b0a6d1/Emulator Test            ]   | WARNING:The option setting 'android.jetifier.ignorelist=bcprov-jdk15on' is experimental.\n[793ae4ae-fd92-418f-a10d-b82e48b0a6d1/Emulator Test            ]   | \n[793ae4ae-fd92-418f-a10d-b82e48b0a6d1/Emulator Test            ]   | FAILURE: Build failed with an exception.\n[793ae4ae-fd92-418f-a10d-b82e48b0a6d1/Emulator Test            ]   | \n[793ae4ae-fd92-418f-a10d-b82e48b0a6d1/Emulator Test            ]   | * What went wrong:\n[793ae4ae-fd92-418f-a10d-b82e48b0a6d1/Emulator Test            ]   | Could not determine the dependencies of task ':app:compilePlayDebugAndroidTestJavaWithJavac'.\n[793ae4ae-fd92-418f-a10d-b82e48b0a6d1/Emulator Test            ]   | > Could not determine the dependencies of null.\n[793ae4ae-fd92-418f-a10d-b82e48b0a6d1/Emulator Test            ]   |    > SDK location not found. Define a valid SDK location with an ANDROID_HOME environment variable or by setting the sdk.dir path in your project's local properties file at '/tmp/3d783ea4-1661-11ee-8a50-bb14de238602/AntennaPod-AntennaPod/local.properties'.\n[793ae4ae-fd92-418f-a10d-b82e48b0a6d1/Emulator Test            ]   | \n[793ae4ae-fd92-418f-a10d-b82e48b0a6d1/Emulator Test            ]   | * Try:\n[793ae4ae-fd92-418f-a10d-b82e48b0a6d1/Emulator Test            ]   | > Run with --stacktrace option to get the stack trace.\n[793ae4ae-fd92-418f-a10d-b82e48b0a6d1/Emulator Test            ]   | > Run with --info or --debug option to get more log output.\n[793ae4ae-fd92-418f-a10d-b82e48b0a6d1/Emulator Test            ]   | > Run with --scan to get full insights.\n[793ae4ae-fd92-418f-a10d-b82e48b0a6d1/Emulator Test            ]   | \n[793ae4ae-fd92-418f-a10d-b82e48b0a6d1/Emulator Test            ]   | * Get more help at https://help.gradle.org\n[793ae4ae-fd92-418f-a10d-b82e48b0a6d1/Emulator Test            ]   | \n[793ae4ae-fd92-418f-a10d-b82e48b0a6d1/Emulator Test            ]   | BUILD FAILED in 44s\n[793ae4ae-fd92-418f-a10d-b82e48b0a6d1/Emulator Test            ]   \u274c  Failure - Main Build with Gradle\n[793ae4ae-fd92-418f-a10d-b82e48b0a6d1/Unit Test: PlayDebug     ] \ud83c\udfc1  Job failed\n[793ae4ae-fd92-418f-a10d-b82e48b0a6d1/Emulator Test            ] exitcode '1': failure\n[793ae4ae-fd92-418f-a10d-b82e48b0a6d1/Emulator Test            ] \u2b50 Run Main actions/upload-artifact@v3\n[793ae4ae-fd92-418f-a10d-b82e48b0a6d1/Emulator Test            ]   \ud83d\udc33  docker cp src=/tmp/act-cache/7f6d660b-7972-4ce1-95ed-ba881e13530f/act/actions-upload-artifact@v3/ dst=/var/run/act/actions/actions-upload-artifact@v3/\n[793ae4ae-fd92-418f-a10d-b82e48b0a6d1/Emulator Test            ]   \ud83d\udc33  docker exec cmd=[chown -R 1012:1013 /var/run/act/actions/actions-upload-artifact@v3/] user=0 workdir=\n[793ae4ae-fd92-418f-a10d-b82e48b0a6d1/Emulator Test            ]   \ud83d\udc33  docker exec cmd=[node /var/run/act/actions/actions-upload-artifact@v3/dist/index.js] user= workdir=\n[793ae4ae-fd92-418f-a10d-b82e48b0a6d1/Emulator Test            ]   \ud83d\udcac  ::debug::followSymbolicLinks 'true'\n[793ae4ae-fd92-418f-a10d-b82e48b0a6d1/Emulator Test            ]   \ud83d\udcac  ::debug::implicitDescendants 'true'\n[793ae4ae-fd92-418f-a10d-b82e48b0a6d1/Emulator Test            ]   \ud83d\udcac  ::debug::omitBrokenSymbolicLinks 'true'\n[793ae4ae-fd92-418f-a10d-b82e48b0a6d1/Emulator Test            ]   \ud83d\udcac  ::debug::followSymbolicLinks 'true'\n[793ae4ae-fd92-418f-a10d-b82e48b0a6d1/Emulator Test            ]   \ud83d\udcac  ::debug::implicitDescendants 'true'\n[793ae4ae-fd92-418f-a10d-b82e48b0a6d1/Emulator Test            ]   \ud83d\udcac  ::debug::matchDirectories 'true'\n[793ae4ae-fd92-418f-a10d-b82e48b0a6d1/Emulator Test            ]   \ud83d\udcac  ::debug::omitBrokenSymbolicLinks 'true'\n[793ae4ae-fd92-418f-a10d-b82e48b0a6d1/Emulator Test            ]   \ud83d\udcac  ::debug::Search path '/tmp/3d783ea4-1661-11ee-8a50-bb14de238602/AntennaPod-AntennaPod/app/build/reports/androidTests/connected/flavors/PLAY'\n[793ae4ae-fd92-418f-a10d-b82e48b0a6d1/Emulator Test            ]   \ud83d\udea7  ::warning::No files were found with the provided path: app/build/reports/androidTests/connected/flavors/PLAY/. No artifacts will be uploaded.\n[793ae4ae-fd92-418f-a10d-b82e48b0a6d1/Emulator Test            ]   \u2705  Success - Main actions/upload-artifact@v3\n[793ae4ae-fd92-418f-a10d-b82e48b0a6d1/Emulator Test            ] \u2b50 Run Post Set up JDK 11\n[793ae4ae-fd92-418f-a10d-b82e48b0a6d1/Emulator Test            ]   \ud83d\udc33  docker exec cmd=[node /var/run/act/actions/actions-setup-java@v3/dist/cleanup/index.js] user= workdir=\n[793ae4ae-fd92-418f-a10d-b82e48b0a6d1/Emulator Test            ]   \u2705  Success - Post Set up JDK 11\n[793ae4ae-fd92-418f-a10d-b82e48b0a6d1/Emulator Test            ] \ud83c\udfc1  Job failed\n",
        "stderr": "Error: Job 'Emulator Test' failed\n",
        "workflow": "/tmp/3d783ea4-1661-11ee-8a50-bb14de238602/AntennaPod-AntennaPod/.github/workflows/checks-crawler.yml",
        "build_tool": "gradle",
        "elapsed_time": 187.1379837989807
    }
}