{
    "repository": "arhohuttunen/spring-boot-test-examples",
    "stars": 77,
    "language": "java",
    "size": 240,
    "clone_url": "https://github.com/arhohuttunen/spring-boot-test-examples.git",
    "timestamp": "2023-06-29T15:00:52.736190Z",
    "clone_success": true,
    "number_of_actions": 1,
    "number_of_test_actions": 1,
    "actions_successful": false,
    "actions_build_tools": [
        "gradle"
    ],
    "actions_test_build_tools": [
        "gradle"
    ],
    "actions_run": {
        "failed": true,
        "tests": [],
        "stdout": "[6c1a1909-72ac-471b-873a-6791181b9c2d/build] \ud83d\ude80  Start image=crawlergpt:latest\n[6c1a1909-72ac-471b-873a-6791181b9c2d/build]   \ud83d\udc33  docker pull image=crawlergpt:latest platform= username= forcePull=false\n[6c1a1909-72ac-471b-873a-6791181b9c2d/build]   \ud83d\udc33  docker create image=crawlergpt:latest platform= entrypoint=[\"tail\" \"-f\" \"/dev/null\"] cmd=[]\n[6c1a1909-72ac-471b-873a-6791181b9c2d/build]   \ud83d\udc33  docker run image=crawlergpt:latest platform= entrypoint=[\"tail\" \"-f\" \"/dev/null\"] cmd=[]\n[6c1a1909-72ac-471b-873a-6791181b9c2d/build]   \ud83d\udc33  docker exec cmd=[chown -R 1012:1013 /tmp/3d783ea4-1661-11ee-8a50-bb14de238602/arhohuttunen-spring-boot-test-examples] user=0 workdir=\n[6c1a1909-72ac-471b-873a-6791181b9c2d/build]   \u2601  git clone 'https://github.com/actions/setup-java' # ref=v3\n[6c1a1909-72ac-471b-873a-6791181b9c2d/build]   \u2601  git clone 'https://github.com/gradle/gradle-build-action' # ref=v2\n[6c1a1909-72ac-471b-873a-6791181b9c2d/build] \u2b50 Run Main actions/checkout@v3\n[6c1a1909-72ac-471b-873a-6791181b9c2d/build]   \u2705  Success - Main actions/checkout@v3\n[6c1a1909-72ac-471b-873a-6791181b9c2d/build] \u2b50 Run Main Set up JDK 17\n[6c1a1909-72ac-471b-873a-6791181b9c2d/build]   \ud83d\udc33  docker cp src=/tmp/act-cache/4867e357-982d-4c5c-bc1e-7f3a68b62b10/act/actions-setup-java@v3/ dst=/var/run/act/actions/actions-setup-java@v3/\n[6c1a1909-72ac-471b-873a-6791181b9c2d/build]   \ud83d\udc33  docker exec cmd=[chown -R 1012:1013 /var/run/act/actions/actions-setup-java@v3/] user=0 workdir=\n[6c1a1909-72ac-471b-873a-6791181b9c2d/build]   \ud83d\udc33  docker exec cmd=[node /var/run/act/actions/actions-setup-java@v3/dist/setup/index.js] user= workdir=\n[6c1a1909-72ac-471b-873a-6791181b9c2d/build]   \u2753  ::group::Installed distributions\n[6c1a1909-72ac-471b-873a-6791181b9c2d/build]   | Trying to resolve the latest version from remote\n[6c1a1909-72ac-471b-873a-6791181b9c2d/build]   | Resolved latest version as 17.0.7+7\n[6c1a1909-72ac-471b-873a-6791181b9c2d/build]   | Trying to download...\n[6c1a1909-72ac-471b-873a-6791181b9c2d/build]   | Downloading Java 17.0.7+7 (Temurin-Hotspot) from https://github.com/adoptium/temurin17-binaries/releases/download/jdk-17.0.7%2B7/OpenJDK17U-jdk_x64_linux_hotspot_17.0.7_7.tar.gz ...\n[6c1a1909-72ac-471b-873a-6791181b9c2d/build]   \ud83d\udcac  ::debug::Downloading https://github.com/adoptium/temurin17-binaries/releases/download/jdk-17.0.7%252B7/OpenJDK17U-jdk_x64_linux_hotspot_17.0.7_7.tar.gz\n[6c1a1909-72ac-471b-873a-6791181b9c2d/build]   \ud83d\udcac  ::debug::Destination /tmp/7f8feecf-91da-4700-aa81-f11a5277e8f7\n[6c1a1909-72ac-471b-873a-6791181b9c2d/build]   \ud83d\udcac  ::debug::download complete\n[6c1a1909-72ac-471b-873a-6791181b9c2d/build]   | Extracting Java archive...\n[6c1a1909-72ac-471b-873a-6791181b9c2d/build]   \ud83d\udcac  ::debug::Checking tar --version\n[6c1a1909-72ac-471b-873a-6791181b9c2d/build]   \ud83d\udcac  ::debug::tar (GNU tar) 1.30%0ACopyright (C) 2017 Free Software Foundation, Inc.%0ALicense GPLv3+: GNU GPL version 3 or later <https://gnu.org/licenses/gpl.html>.%0AThis is free software: you are free to change and redistribute it.%0AThere is NO WARRANTY, to the extent permitted by law.%0A%0AWritten by John Gilmore and Jay Fenlason.\n[6c1a1909-72ac-471b-873a-6791181b9c2d/build]   | [command]/usr/bin/tar xz --warning=no-unknown-keyword -C /tmp/be55ee1a-68b6-4646-b594-97be69871acc -f /tmp/7f8feecf-91da-4700-aa81-f11a5277e8f7\n[6c1a1909-72ac-471b-873a-6791181b9c2d/build]   \ud83d\udcac  ::debug::Caching tool Java_Temurin-Hotspot_jdk 17.0.7-7 x64\n[6c1a1909-72ac-471b-873a-6791181b9c2d/build]   \ud83d\udcac  ::debug::source dir: /tmp/be55ee1a-68b6-4646-b594-97be69871acc/jdk-17.0.7+7\n[6c1a1909-72ac-471b-873a-6791181b9c2d/build]   \ud83d\udcac  ::debug::destination /opt/hostedtoolcache/Java_Temurin-Hotspot_jdk/17.0.7-7/x64\n[6c1a1909-72ac-471b-873a-6791181b9c2d/build]   \ud83d\udcac  ::debug::finished caching tool\n[6c1a1909-72ac-471b-873a-6791181b9c2d/build]   | Java 17.0.7+7 was downloaded\n[6c1a1909-72ac-471b-873a-6791181b9c2d/build]   | Setting Java 17.0.7+7 as the default\n[6c1a1909-72ac-471b-873a-6791181b9c2d/build]   | Creating toolchains.xml for JDK version 17 from temurin\n[6c1a1909-72ac-471b-873a-6791181b9c2d/build]   | Writing to /home/runneradmin/.m2/toolchains.xml\n[6c1a1909-72ac-471b-873a-6791181b9c2d/build]   | \n[6c1a1909-72ac-471b-873a-6791181b9c2d/build]   | Java configuration:\n[6c1a1909-72ac-471b-873a-6791181b9c2d/build]   |   Distribution: temurin\n[6c1a1909-72ac-471b-873a-6791181b9c2d/build]   |   Version: 17.0.7+7\n[6c1a1909-72ac-471b-873a-6791181b9c2d/build]   |   Path: /opt/hostedtoolcache/Java_Temurin-Hotspot_jdk/17.0.7-7/x64\n[6c1a1909-72ac-471b-873a-6791181b9c2d/build]   | \n[6c1a1909-72ac-471b-873a-6791181b9c2d/build]   \u2753  ::endgroup::\n[6c1a1909-72ac-471b-873a-6791181b9c2d/build]   \u2753 add-matcher /run/act/actions/actions-setup-java@v3/.github/java.json\n[6c1a1909-72ac-471b-873a-6791181b9c2d/build]   | Creating settings.xml with server-id: github\n[6c1a1909-72ac-471b-873a-6791181b9c2d/build]   | Writing to /home/runneradmin/.m2/settings.xml\n[6c1a1909-72ac-471b-873a-6791181b9c2d/build]   \u2705  Success - Main Set up JDK 17\n[6c1a1909-72ac-471b-873a-6791181b9c2d/build]   \u2699  ::set-env:: JAVA_HOME=/opt/hostedtoolcache/Java_Temurin-Hotspot_jdk/17.0.7-7/x64\n[6c1a1909-72ac-471b-873a-6791181b9c2d/build]   \u2699  ::set-env:: JAVA_HOME_17_X64=/opt/hostedtoolcache/Java_Temurin-Hotspot_jdk/17.0.7-7/x64\n[6c1a1909-72ac-471b-873a-6791181b9c2d/build]   \u2699  ::set-output:: distribution=Temurin-Hotspot\n[6c1a1909-72ac-471b-873a-6791181b9c2d/build]   \u2699  ::set-output:: path=/opt/hostedtoolcache/Java_Temurin-Hotspot_jdk/17.0.7-7/x64\n[6c1a1909-72ac-471b-873a-6791181b9c2d/build]   \u2699  ::set-output:: version=17.0.7+7\n[6c1a1909-72ac-471b-873a-6791181b9c2d/build]   \u2699  ::add-path:: /opt/hostedtoolcache/Java_Temurin-Hotspot_jdk/17.0.7-7/x64/bin\n[6c1a1909-72ac-471b-873a-6791181b9c2d/build] \u2b50 Run Main Setup Gradle\n[6c1a1909-72ac-471b-873a-6791181b9c2d/build]   \ud83d\udc33  docker cp src=/tmp/act-cache/4867e357-982d-4c5c-bc1e-7f3a68b62b10/act/gradle-gradle-build-action@v2/ dst=/var/run/act/actions/gradle-gradle-build-action@v2/\n[6c1a1909-72ac-471b-873a-6791181b9c2d/build]   \ud83d\udc33  docker exec cmd=[chown -R 1012:1013 /var/run/act/actions/gradle-gradle-build-action@v2/] user=0 workdir=\n[6c1a1909-72ac-471b-873a-6791181b9c2d/build]   \ud83d\udc33  docker exec cmd=[node /var/run/act/actions/gradle-gradle-build-action@v2/dist/main/index.js] user= workdir=\n[6c1a1909-72ac-471b-873a-6791181b9c2d/build]   \ud83d\udcac  ::debug::Determined user.home from java -version output: '/home/runneradmin'\n[6c1a1909-72ac-471b-873a-6791181b9c2d/build]   \u2753  ::group::Restore Gradle state from cache\n[6c1a1909-72ac-471b-873a-6791181b9c2d/build]   \ud83d\udcac  ::debug::Requesting Gradle User Home with%0A    key:v8-gradle|Linux|6c1a1909-72ac-471b-873a-6791181b9c2d-build[99914b932bd37a50b983c5e7c90ae93b]-12ece27627f807c95331f2e794c304910b62a195%0A    restoreKeys:[v8-gradle|Linux|6c1a1909-72ac-471b-873a-6791181b9c2d-build[99914b932bd37a50b983c5e7c90ae93b],v8-gradle|Linux|6c1a1909-72ac-471b-873a-6791181b9c2d-build,v8-gradle|Linux]\n[6c1a1909-72ac-471b-873a-6791181b9c2d/build]   \ud83d\udcac  ::debug::Using cache paths: /home/runneradmin/.gradle/caches,/home/runneradmin/.gradle/notifications,/home/runneradmin/.gradle/.gradle-build-action\n[6c1a1909-72ac-471b-873a-6791181b9c2d/build]   \ud83d\udcac  ::debug::Resolved Keys:\n[6c1a1909-72ac-471b-873a-6791181b9c2d/build]   \ud83d\udcac  ::debug::[\"v8-gradle|Linux|6c1a1909-72ac-471b-873a-6791181b9c2d-build[99914b932bd37a50b983c5e7c90ae93b]-12ece27627f807c95331f2e794c304910b62a195\",\"v8-gradle|Linux|6c1a1909-72ac-471b-873a-6791181b9c2d-build[99914b932bd37a50b983c5e7c90ae93b]\",\"v8-gradle|Linux|6c1a1909-72ac-471b-873a-6791181b9c2d-build\",\"v8-gradle|Linux\"]\n[6c1a1909-72ac-471b-873a-6791181b9c2d/build]   \ud83d\udcac  ::debug::Checking zstd --quiet --version\n[6c1a1909-72ac-471b-873a-6791181b9c2d/build]   \ud83d\udcac  ::debug::1.5.0\n[6c1a1909-72ac-471b-873a-6791181b9c2d/build]   \ud83d\udcac  ::debug::zstd version: 1.5.0\n[6c1a1909-72ac-471b-873a-6791181b9c2d/build]   \ud83d\udcac  ::debug::Resource Url: http://130.242.72.40:42271/_apis/artifactcache/cache?keys=v8-gradle%257CLinux%257C6c1a1909-72ac-471b-873a-6791181b9c2d-build%255B99914b932bd37a50b983c5e7c90ae93b%255D-12ece27627f807c95331f2e794c304910b62a195%252Cv8-gradle%257CLinux%257C6c1a1909-72ac-471b-873a-6791181b9c2d-build%255B99914b932bd37a50b983c5e7c90ae93b%255D%252Cv8-gradle%257CLinux%257C6c1a1909-72ac-471b-873a-6791181b9c2d-build%252Cv8-gradle%257CLinux&version=7e0f66437efb161be47bb1072c6fc17ab6d53d5793ce4732de3c3ce29c5348a5\n[6c1a1909-72ac-471b-873a-6791181b9c2d/build]   \ud83d\udcac  ::debug::Failed to delete archive: Error: ENOENT: no such file or directory, unlink ''\n[6c1a1909-72ac-471b-873a-6791181b9c2d/build]   | Gradle User Home cache not found. Will initialize empty.\n[6c1a1909-72ac-471b-873a-6791181b9c2d/build]   \u2753  ::endgroup::\n[6c1a1909-72ac-471b-873a-6791181b9c2d/build]   \u2705  Success - Main Setup Gradle\n[6c1a1909-72ac-471b-873a-6791181b9c2d/build]   \u2699  ::set-env:: GRADLE_BUILD_ACTION_SETUP_COMPLETED=true\n[6c1a1909-72ac-471b-873a-6791181b9c2d/build]   \u2699  ::set-env:: GRADLE_BUILD_ACTION_CACHE_RESTORED=true\n[6c1a1909-72ac-471b-873a-6791181b9c2d/build] \u2b50 Run Main Build with Gradle\n[6c1a1909-72ac-471b-873a-6791181b9c2d/build]   \ud83d\udc33  docker exec cmd=[bash --noprofile --norc -e -o pipefail /var/run/act/workflow/3] user= workdir=\n[6c1a1909-72ac-471b-873a-6791181b9c2d/build]   | Downloading https://services.gradle.org/distributions/gradle-7.6-bin.zip\n[6c1a1909-72ac-471b-873a-6791181b9c2d/build]   | ...........10%............20%...........30%............40%............50%...........60%............70%............80%...........90%............100%\n[6c1a1909-72ac-471b-873a-6791181b9c2d/build]   | \n[6c1a1909-72ac-471b-873a-6791181b9c2d/build]   | Welcome to Gradle 7.6!\n[6c1a1909-72ac-471b-873a-6791181b9c2d/build]   | \n[6c1a1909-72ac-471b-873a-6791181b9c2d/build]   | Here are the highlights of this release:\n[6c1a1909-72ac-471b-873a-6791181b9c2d/build]   |  - Added support for Java 19.\n[6c1a1909-72ac-471b-873a-6791181b9c2d/build]   |  - Introduced `--rerun` flag for individual task rerun.\n[6c1a1909-72ac-471b-873a-6791181b9c2d/build]   |  - Improved dependency block for test suites to be strongly typed.\n[6c1a1909-72ac-471b-873a-6791181b9c2d/build]   |  - Added a pluggable system for Java toolchains provisioning.\n[6c1a1909-72ac-471b-873a-6791181b9c2d/build]   | \n[6c1a1909-72ac-471b-873a-6791181b9c2d/build]   | For more details see https://docs.gradle.org/7.6/release-notes.html\n[6c1a1909-72ac-471b-873a-6791181b9c2d/build]   | \n[6c1a1909-72ac-471b-873a-6791181b9c2d/build]   | Starting a Gradle Daemon (subsequent builds will be faster)\n[6c1a1909-72ac-471b-873a-6791181b9c2d/build]   | > Task :spring-boot-datajpatest:compileJava\n[6c1a1909-72ac-471b-873a-6791181b9c2d/build]   | > Task :spring-boot-datajpatest:processResources\n[6c1a1909-72ac-471b-873a-6791181b9c2d/build]   | > Task :spring-boot-datajpatest:classes\n[6c1a1909-72ac-471b-873a-6791181b9c2d/build]   | > Task :spring-boot-datajpatest:resolveMainClassName\n[6c1a1909-72ac-471b-873a-6791181b9c2d/build]   | > Task :spring-boot-datajpatest:bootJar\n[6c1a1909-72ac-471b-873a-6791181b9c2d/build]   | > Task :spring-boot-datajpatest:jar\n[6c1a1909-72ac-471b-873a-6791181b9c2d/build]   | > Task :spring-boot-datajpatest:assemble\n[6c1a1909-72ac-471b-873a-6791181b9c2d/build]   | > Task :spring-boot-datajpatest:compileTestJava\n[6c1a1909-72ac-471b-873a-6791181b9c2d/build]   | > Task :spring-boot-datajpatest:processTestResources\n[6c1a1909-72ac-471b-873a-6791181b9c2d/build]   | > Task :spring-boot-datajpatest:testClasses\n[6c1a1909-72ac-471b-873a-6791181b9c2d/build]   | \n[6c1a1909-72ac-471b-873a-6791181b9c2d/build]   | > Task :spring-boot-datajpatest:test\n[6c1a1909-72ac-471b-873a-6791181b9c2d/build]   | \n[6c1a1909-72ac-471b-873a-6791181b9c2d/build]   | PaymentRepositoryTests > existingPaymentCanBeFound() FAILED\n[6c1a1909-72ac-471b-873a-6791181b9c2d/build]   |     java.lang.IllegalStateException at DefaultCacheAwareContextLoaderDelegate.java:143\n[6c1a1909-72ac-471b-873a-6791181b9c2d/build]   |         Caused by: org.springframework.beans.factory.BeanCreationException at AbstractAutowireCapableBeanFactory.java:1770\n[6c1a1909-72ac-471b-873a-6791181b9c2d/build]   |             Caused by: com.zaxxer.hikari.pool.HikariPool$PoolInitializationException at HikariPool.java:596\n[6c1a1909-72ac-471b-873a-6791181b9c2d/build]   |                 Caused by: java.lang.IllegalStateException at DockerClientProviderStrategy.java:276\n[6c1a1909-72ac-471b-873a-6791181b9c2d/build]   | \n[6c1a1909-72ac-471b-873a-6791181b9c2d/build]   | PaymentRepositoryTests > paymentsAreUniquePerOrder() FAILED\n[6c1a1909-72ac-471b-873a-6791181b9c2d/build]   |     java.lang.IllegalStateException at DefaultCacheAwareContextLoaderDelegate.java:143\n[6c1a1909-72ac-471b-873a-6791181b9c2d/build]   |         Caused by: org.springframework.beans.factory.BeanCreationException at AbstractAutowireCapableBeanFactory.java:1770\n[6c1a1909-72ac-471b-873a-6791181b9c2d/build]   |             Caused by: com.zaxxer.hikari.pool.HikariPool$PoolInitializationException at HikariPool.java:596\n[6c1a1909-72ac-471b-873a-6791181b9c2d/build]   |                 Caused by: java.lang.IllegalStateException at DockerClientProviderStrategy.java:231\n[6c1a1909-72ac-471b-873a-6791181b9c2d/build]   | \n[6c1a1909-72ac-471b-873a-6791181b9c2d/build]   | PaymentRepositoryTests > findPaymentsAfterDate() FAILED\n[6c1a1909-72ac-471b-873a-6791181b9c2d/build]   |     java.lang.IllegalStateException at DefaultCacheAwareContextLoaderDelegate.java:143\n[6c1a1909-72ac-471b-873a-6791181b9c2d/build]   |         Caused by: org.springframework.beans.factory.BeanCreationException at AbstractAutowireCapableBeanFactory.java:1770\n[6c1a1909-72ac-471b-873a-6791181b9c2d/build]   |             Caused by: com.zaxxer.hikari.pool.HikariPool$PoolInitializationException at HikariPool.java:596\n[6c1a1909-72ac-471b-873a-6791181b9c2d/build]   |                 Caused by: java.lang.IllegalStateException at DockerClientProviderStrategy.java:231\n[6c1a1909-72ac-471b-873a-6791181b9c2d/build]   | \n[6c1a1909-72ac-471b-873a-6791181b9c2d/build]   | PaymentRepositoryTests > findPaymentsByCreditCard() FAILED\n[6c1a1909-72ac-471b-873a-6791181b9c2d/build]   |     java.lang.IllegalStateException at DefaultCacheAwareContextLoaderDelegate.java:143\n[6c1a1909-72ac-471b-873a-6791181b9c2d/build]   |         Caused by: org.springframework.beans.factory.BeanCreationException at AbstractAutowireCapableBeanFactory.java:1770\n[6c1a1909-72ac-471b-873a-6791181b9c2d/build]   |             Caused by: com.zaxxer.hikari.pool.HikariPool$PoolInitializationException at HikariPool.java:596\n[6c1a1909-72ac-471b-873a-6791181b9c2d/build]   |                 Caused by: java.lang.IllegalStateException at DockerClientProviderStrategy.java:231\n[6c1a1909-72ac-471b-873a-6791181b9c2d/build]   | \n[6c1a1909-72ac-471b-873a-6791181b9c2d/build]   | 4 tests completed, 4 failed\n[6c1a1909-72ac-471b-873a-6791181b9c2d/build]   | \n[6c1a1909-72ac-471b-873a-6791181b9c2d/build]   | > Task :spring-boot-datajpatest:test FAILED\n[6c1a1909-72ac-471b-873a-6791181b9c2d/build]   | \n[6c1a1909-72ac-471b-873a-6791181b9c2d/build]   | FAILURE: Build failed with an exception.\n[6c1a1909-72ac-471b-873a-6791181b9c2d/build]   | \n[6c1a1909-72ac-471b-873a-6791181b9c2d/build]   | * What went wrong:\n[6c1a1909-72ac-471b-873a-6791181b9c2d/build]   | Execution failed for task ':spring-boot-datajpatest:test'.\n[6c1a1909-72ac-471b-873a-6791181b9c2d/build]   | > There were failing tests. See the report at: file:///tmp/3d783ea4-1661-11ee-8a50-bb14de238602/arhohuttunen-spring-boot-test-examples/spring-boot-datajpatest/build/reports/tests/test/index.html\n[6c1a1909-72ac-471b-873a-6791181b9c2d/build]   | \n[6c1a1909-72ac-471b-873a-6791181b9c2d/build]   | * Try:\n[6c1a1909-72ac-471b-873a-6791181b9c2d/build]   | > Run with --stacktrace option to get the stack trace.\n[6c1a1909-72ac-471b-873a-6791181b9c2d/build]   | > Run with --info or --debug option to get more log output.\n[6c1a1909-72ac-471b-873a-6791181b9c2d/build]   | > Run with --scan to get full insights.\n[6c1a1909-72ac-471b-873a-6791181b9c2d/build]   | \n[6c1a1909-72ac-471b-873a-6791181b9c2d/build]   | * Get more help at https://help.gradle.org\n[6c1a1909-72ac-471b-873a-6791181b9c2d/build]   | \n[6c1a1909-72ac-471b-873a-6791181b9c2d/build]   | BUILD FAILED in 52s\n[6c1a1909-72ac-471b-873a-6791181b9c2d/build]   | 8 actionable tasks: 8 executed\n[6c1a1909-72ac-471b-873a-6791181b9c2d/build]   \u274c  Failure - Main Build with Gradle\n[6c1a1909-72ac-471b-873a-6791181b9c2d/build] exitcode '1': failure\n[6c1a1909-72ac-471b-873a-6791181b9c2d/build] \u2b50 Run Post Setup Gradle\n[6c1a1909-72ac-471b-873a-6791181b9c2d/build]   \ud83d\udc33  docker exec cmd=[node /var/run/act/actions/gradle-gradle-build-action@v2/dist/post/index.js] user= workdir=\n[6c1a1909-72ac-471b-873a-6791181b9c2d/build]   | In final post-action step, saving state and writing summary\n[6c1a1909-72ac-471b-873a-6791181b9c2d/build]   | Cache is read-only: will not save state for use in subsequent builds.\n[6c1a1909-72ac-471b-873a-6791181b9c2d/build]   | Writing job summary\n[6c1a1909-72ac-471b-873a-6791181b9c2d/build]   \u2705  Success - Post Setup Gradle\n[6c1a1909-72ac-471b-873a-6791181b9c2d/build] \u2b50 Run Post Set up JDK 17\n[6c1a1909-72ac-471b-873a-6791181b9c2d/build]   \ud83d\udc33  docker exec cmd=[node /var/run/act/actions/actions-setup-java@v3/dist/cleanup/index.js] user= workdir=\n[6c1a1909-72ac-471b-873a-6791181b9c2d/build]   \u2705  Success - Post Set up JDK 17\n[6c1a1909-72ac-471b-873a-6791181b9c2d/build] \ud83c\udfc1  Job failed\n",
        "stderr": "Error: Job 'build' failed\n",
        "workflow": "/tmp/3d783ea4-1661-11ee-8a50-bb14de238602/arhohuttunen-spring-boot-test-examples/.github/workflows/gradle-crawler.yml",
        "build_tool": "gradle",
        "elapsed_time": 270.31738686561584
    }
}