{
    "repository": "assertj/assertj-assertions-generator",
    "stars": 54,
    "language": "java",
    "size": 1186,
    "clone_url": "https://github.com/assertj/assertj-assertions-generator.git",
    "timestamp": "2023-06-29T10:44:19.276701Z",
    "clone_success": true,
    "number_of_actions": 1,
    "number_of_test_actions": 1,
    "actions_successful": false,
    "actions_build_tools": [
        "maven"
    ],
    "actions_test_build_tools": [
        "maven"
    ],
    "actions_run": {
        "failed": true,
        "tests": [
            {
                "classname": "org.assertj.assertions.generator.util.StringUtilTest",
                "name": "testCamelCaseToWords",
                "time": 0.0,
                "results": [
                    {
                        "result": "Passed",
                        "message": "",
                        "type": ""
                    }
                ],
                "stdout": null,
                "stderr": null
            },
            {
                "classname": "org.assertj.assertions.generator.AssertionGeneratorOverrideTemplateTest",
                "name": "should_fail_if_custom_template_is_null",
                "time": 0.001,
                "results": [
                    {
                        "result": "Passed",
                        "message": "",
                        "type": ""
                    }
                ],
                "stdout": null,
                "stderr": null
            },
            {
                "classname": "org.assertj.assertions.generator.AssertionGeneratorOverrideTemplateTest",
                "name": "should_fail_if_custom_template_content_is_null",
                "time": 0.004,
                "results": [
                    {
                        "result": "Passed",
                        "message": "",
                        "type": ""
                    }
                ],
                "stdout": null,
                "stderr": null
            },
            {
                "classname": "org.assertj.assertions.generator.AssertionGeneratorOverrideTemplateTest",
                "name": "should_generate_assertion_with_custom_template",
                "time": 1.48,
                "results": [
                    {
                        "result": "Passed",
                        "message": "",
                        "type": ""
                    }
                ],
                "stdout": null,
                "stderr": null
            },
            {
                "classname": "org.assertj.assertions.generator.AssertionGeneratorOverrideTemplateTest",
                "name": "should_fail_if_custom_template_content_cant_be_read",
                "time": 0.002,
                "results": [
                    {
                        "result": "Passed",
                        "message": "",
                        "type": ""
                    }
                ],
                "stdout": null,
                "stderr": null
            },
            {
                "classname": "org.assertj.assertions.generator.PlayerAssertTest",
                "name": "test",
                "time": 0.0,
                "results": [
                    {
                        "result": "Passed",
                        "message": "",
                        "type": ""
                    }
                ],
                "stdout": null,
                "stderr": null
            },
            {
                "classname": "org.assertj.assertions.generator.AssertionGeneratorTest",
                "name": "should_generate_assertion_for_class_with_private_fields",
                "time": 0.595,
                "results": [
                    {
                        "result": "Passed",
                        "message": "",
                        "type": ""
                    }
                ],
                "stdout": null,
                "stderr": null
            },
            {
                "classname": "org.assertj.assertions.generator.AssertionGeneratorTest",
                "name": "should_generate_assertion_for_player_class",
                "time": 0.463,
                "results": [
                    {
                        "result": "Passed",
                        "message": "",
                        "type": ""
                    }
                ],
                "stdout": null,
                "stderr": null
            },
            {
                "classname": "org.assertj.assertions.generator.AssertionGeneratorTest",
                "name": "should_generate_assertion_for_interface",
                "time": 0.096,
                "results": [
                    {
                        "result": "Passed",
                        "message": "",
                        "type": ""
                    }
                ],
                "stdout": null,
                "stderr": null
            },
            {
                "classname": "org.assertj.assertions.generator.AssertionGeneratorTest",
                "name": "should_generate_assertion_for_annotated_methods",
                "time": 0.079,
                "results": [
                    {
                        "result": "Passed",
                        "message": "",
                        "type": ""
                    }
                ],
                "stdout": null,
                "stderr": null
            },
            {
                "classname": "org.assertj.assertions.generator.AssertionGeneratorTest",
                "name": "should_generate_assertion_for_class_with_$",
                "time": 0.057,
                "results": [
                    {
                        "result": "Passed",
                        "message": "",
                        "type": ""
                    }
                ],
                "stdout": null,
                "stderr": null
            },
            {
                "classname": "org.assertj.assertions.generator.AssertionGeneratorTest",
                "name": "should_generate_assertion_for_methods_annotated_with_GenerateAssertion_by_default",
                "time": 0.067,
                "results": [
                    {
                        "result": "Passed",
                        "message": "",
                        "type": ""
                    }
                ],
                "stdout": null,
                "stderr": null
            },
            {
                "classname": "org.assertj.assertions.generator.AssertionGeneratorTest",
                "name": "should_generate_assertion_for_guava_optional_class",
                "time": 0.081,
                "results": [
                    {
                        "result": "Passed",
                        "message": "",
                        "type": ""
                    }
                ],
                "stdout": null,
                "stderr": null
            },
            {
                "classname": "org.assertj.assertions.generator.AssertionGeneratorTest",
                "name": "should_generate_assertion_for_classes_using_type_with_same_name",
                "time": 0.061,
                "results": [
                    {
                        "result": "Passed",
                        "message": "",
                        "type": ""
                    }
                ],
                "stdout": null,
                "stderr": null
            },
            {
                "classname": "org.assertj.assertions.generator.AssertionGeneratorTest",
                "name": "should_generate_assertion_for_annotated_class",
                "time": 0.054,
                "results": [
                    {
                        "result": "Passed",
                        "message": "",
                        "type": ""
                    }
                ],
                "stdout": null,
                "stderr": null
            },
            {
                "classname": "org.assertj.assertions.generator.AssertionGeneratorTest",
                "name": "should_evaluate_package_as_valid",
                "time": 0.002,
                "results": [
                    {
                        "result": "Passed",
                        "message": "",
                        "type": ""
                    }
                ],
                "stdout": null,
                "stderr": null
            },
            {
                "classname": "org.assertj.assertions.generator.AssertionGeneratorTest",
                "name": "should_generate_assertion_for_comparable_class",
                "time": 0.059,
                "results": [
                    {
                        "result": "Passed",
                        "message": "",
                        "type": ""
                    }
                ],
                "stdout": null,
                "stderr": null
            },
            {
                "classname": "org.assertj.assertions.generator.AssertionGeneratorTest",
                "name": "should_generate_assertion_for_class_with_properties_that_clash_with_keywords",
                "time": 0.277,
                "results": [
                    {
                        "result": "Passed",
                        "message": "",
                        "type": ""
                    }
                ],
                "stdout": null,
                "stderr": null
            },
            {
                "classname": "org.assertj.assertions.generator.AssertionGeneratorTest",
                "name": "should_generate_assertion_for_class_with_primitives",
                "time": 0.155,
                "results": [
                    {
                        "result": "Passed",
                        "message": "",
                        "type": ""
                    }
                ],
                "stdout": null,
                "stderr": null
            },
            {
                "classname": "org.assertj.assertions.generator.AssertionGeneratorTest",
                "name": "should_generate_assertion_for_classes_in_package",
                "time": 0.214,
                "results": [
                    {
                        "result": "Passed",
                        "message": "",
                        "type": ""
                    }
                ],
                "stdout": null,
                "stderr": null
            },
            {
                "classname": "org.assertj.assertions.generator.AssertionGeneratorTest",
                "name": "should_generate_hierarchical_assertion_for_artwork_classes",
                "time": 0.128,
                "results": [
                    {
                        "result": "Passed",
                        "message": "",
                        "type": ""
                    }
                ],
                "stdout": null,
                "stderr": null
            },
            {
                "classname": "org.assertj.assertions.generator.AssertionGeneratorTest",
                "name": "should_generate_assertion_without_conflict_with_parameters",
                "time": 0.084,
                "results": [
                    {
                        "result": "Passed",
                        "message": "",
                        "type": ""
                    }
                ],
                "stdout": null,
                "stderr": null
            },
            {
                "classname": "org.assertj.assertions.generator.AssertionGeneratorTest",
                "name": "should_generate_assertion_for_class_with_properties_that_clash_with_fields",
                "time": 0.106,
                "results": [
                    {
                        "result": "Passed",
                        "message": "",
                        "type": ""
                    }
                ],
                "stdout": null,
                "stderr": null
            },
            {
                "classname": "org.assertj.assertions.generator.AssertionGeneratorTest",
                "name": "should_generate_flat_assertion_for_movie_class",
                "time": 0.081,
                "results": [
                    {
                        "result": "Passed",
                        "message": "",
                        "type": ""
                    }
                ],
                "stdout": null,
                "stderr": null
            },
            {
                "classname": "org.assertj.assertions.generator.AssertionGeneratorTest",
                "name": "should_generate_hierarchical_assertion_for_artwork_class",
                "time": 0.065,
                "results": [
                    {
                        "result": "Passed",
                        "message": "",
                        "type": ""
                    }
                ],
                "stdout": null,
                "stderr": null
            },
            {
                "classname": "org.assertj.assertions.generator.AssertionGeneratorTest",
                "name": "should_generate_assertion_for_class_with_interference_primitives",
                "time": 0.09,
                "results": [
                    {
                        "result": "Passed",
                        "message": "",
                        "type": ""
                    }
                ],
                "stdout": null,
                "stderr": null
            },
            {
                "classname": "org.assertj.assertions.generator.AssertionGeneratorTest",
                "name": "should_generate_assertion_for_class_with_predicates",
                "time": 0.101,
                "results": [
                    {
                        "result": "Passed",
                        "message": "",
                        "type": ""
                    }
                ],
                "stdout": null,
                "stderr": null
            },
            {
                "classname": "org.assertj.assertions.generator.AssertionGeneratorTest",
                "name": "should_generate_assertion_for_class_with_public_fields",
                "time": 0.294,
                "results": [
                    {
                        "result": "Passed",
                        "message": "",
                        "type": ""
                    }
                ],
                "stdout": null,
                "stderr": null
            },
            {
                "classname": "org.assertj.assertions.generator.AssertionGeneratorTest",
                "name": "should_generate_assertions_in_given_package",
                "time": 0.335,
                "results": [
                    {
                        "result": "Passed",
                        "message": "",
                        "type": ""
                    }
                ],
                "stdout": null,
                "stderr": null
            },
            {
                "classname": "org.assertj.assertions.generator.AssertionGeneratorTest",
                "name": "should_generate_assertion_for_classes_in_package_using_provided_class_loader",
                "time": 0.294,
                "results": [
                    {
                        "result": "Passed",
                        "message": "",
                        "type": ""
                    }
                ],
                "stdout": null,
                "stderr": null
            },
            {
                "classname": "org.assertj.assertions.generator.AssertionGeneratorTest",
                "name": "should_evaluate_package_as_invalid",
                "time": 0.004,
                "results": [
                    {
                        "result": "Passed",
                        "message": "",
                        "type": ""
                    }
                ],
                "stdout": null,
                "stderr": null
            },
            {
                "classname": "org.assertj.assertions.generator.AssertionGeneratorTest",
                "name": "should_generate_assertion_for_nested_class",
                "time": 0.26,
                "results": [
                    {
                        "result": "Passed",
                        "message": "",
                        "type": ""
                    }
                ],
                "stdout": null,
                "stderr": null
            },
            {
                "classname": "org.assertj.assertions.generator.AssertionGeneratorTest",
                "name": "should_generate_hierarchical_assertion_for_nested_class",
                "time": 0.035,
                "results": [
                    {
                        "result": "Passed",
                        "message": "",
                        "type": ""
                    }
                ],
                "stdout": null,
                "stderr": null
            },
            {
                "classname": "org.assertj.assertions.generator.AssertionGeneratorTest",
                "name": "should_generate_assertion_for_nested_class_in_given_package",
                "time": 0.277,
                "results": [
                    {
                        "result": "Passed",
                        "message": "",
                        "type": ""
                    }
                ],
                "stdout": null,
                "stderr": null
            },
            {
                "classname": "org.assertj.assertions.generator.AssertionGeneratorTest",
                "name": "should_generate_assertion_for_property_with_exception",
                "time": 0.023,
                "results": [
                    {
                        "result": "Passed",
                        "message": "",
                        "type": ""
                    }
                ],
                "stdout": null,
                "stderr": null
            },
            {
                "classname": "org.assertj.assertions.generator.AssertionsEntryPointGeneratorTest",
                "name": "should_generate_assertion_entry_point_class_file_with_custom_package",
                "time": 0.063,
                "results": [
                    {
                        "result": "Passed",
                        "message": "",
                        "type": ""
                    }
                ],
                "stdout": null,
                "stderr": null
            },
            {
                "classname": "org.assertj.assertions.generator.AssertionsEntryPointGeneratorTest",
                "name": "should_generate_standard_assertions_entry_point_class_file",
                "time": 0.039,
                "results": [
                    {
                        "result": "Passed",
                        "message": "",
                        "type": ""
                    }
                ],
                "stdout": null,
                "stderr": null
            },
            {
                "classname": "org.assertj.assertions.generator.AssertionsEntryPointGeneratorTest",
                "name": "should_generate_correctly_standard_assertions_entry_point_class_for_classes_with_same_name",
                "time": 0.01,
                "results": [
                    {
                        "result": "Passed",
                        "message": "",
                        "type": ""
                    }
                ],
                "stdout": null,
                "stderr": null
            },
            {
                "classname": "org.assertj.assertions.generator.AssertionsEntryPointGeneratorTest",
                "name": "should_generate_auto_closeable_soft_assertions_entry_point_class_file",
                "time": 0.026,
                "results": [
                    {
                        "result": "Passed",
                        "message": "",
                        "type": ""
                    }
                ],
                "stdout": null,
                "stderr": null
            },
            {
                "classname": "org.assertj.assertions.generator.AssertionsEntryPointGeneratorTest",
                "name": "should_generate_junit_bdd_soft_assertions_entry_point_class_file",
                "time": 0.034,
                "results": [
                    {
                        "result": "Passed",
                        "message": "",
                        "type": ""
                    }
                ],
                "stdout": null,
                "stderr": null
            },
            {
                "classname": "org.assertj.assertions.generator.AssertionsEntryPointGeneratorTest",
                "name": "should_generate_bdd_assertion_entry_point_class_file",
                "time": 0.042,
                "results": [
                    {
                        "result": "Passed",
                        "message": "",
                        "type": ""
                    }
                ],
                "stdout": null,
                "stderr": null
            },
            {
                "classname": "org.assertj.assertions.generator.AssertionsEntryPointGeneratorTest",
                "name": "should_not_generate_assertion_entry_point_for_non_public_class",
                "time": 0.218,
                "results": [
                    {
                        "result": "Passed",
                        "message": "",
                        "type": ""
                    }
                ],
                "stdout": null,
                "stderr": null
            },
            {
                "classname": "org.assertj.assertions.generator.AssertionsEntryPointGeneratorTest",
                "name": "should_return_empty_assertion_entry_point_class_content_if_no_classes_description_are_given",
                "time": 0.008,
                "results": [
                    {
                        "result": "Passed",
                        "message": "",
                        "type": ""
                    }
                ],
                "stdout": null,
                "stderr": null
            },
            {
                "classname": "org.assertj.assertions.generator.AssertionsEntryPointGeneratorTest",
                "name": "should_return_null_assertion_entry_point_file_if_no_classes_description_are_given",
                "time": 0.005,
                "results": [
                    {
                        "result": "Passed",
                        "message": "",
                        "type": ""
                    }
                ],
                "stdout": null,
                "stderr": null
            },
            {
                "classname": "org.assertj.assertions.generator.AssertionsEntryPointGeneratorTest",
                "name": "should_return_null_assertion_entry_point_file_if_null_classes_description_are_given",
                "time": 0.003,
                "results": [
                    {
                        "result": "Passed",
                        "message": "",
                        "type": ""
                    }
                ],
                "stdout": null,
                "stderr": null
            },
            {
                "classname": "org.assertj.assertions.generator.AssertionsEntryPointGeneratorTest",
                "name": "should_generate_junit_soft_assertions_entry_point_class_file",
                "time": 0.029,
                "results": [
                    {
                        "result": "Passed",
                        "message": "",
                        "type": ""
                    }
                ],
                "stdout": null,
                "stderr": null
            },
            {
                "classname": "org.assertj.assertions.generator.AssertionsEntryPointGeneratorTest",
                "name": "should_generate_bdd_soft_assertions_entry_point_class_file",
                "time": 0.035,
                "results": [
                    {
                        "result": "Passed",
                        "message": "",
                        "type": ""
                    }
                ],
                "stdout": null,
                "stderr": null
            },
            {
                "classname": "org.assertj.assertions.generator.AssertionsEntryPointGeneratorTest",
                "name": "should_generate_auto_closeable_bdd_soft_assertions_entry_point_class_file",
                "time": 0.035,
                "results": [
                    {
                        "result": "Passed",
                        "message": "",
                        "type": ""
                    }
                ],
                "stdout": null,
                "stderr": null
            },
            {
                "classname": "org.assertj.assertions.generator.AssertionsEntryPointGeneratorTest",
                "name": "should_not_generate_assertion_entry_point_for_non_public_class_in_package",
                "time": 0.126,
                "results": [
                    {
                        "result": "Passed",
                        "message": "",
                        "type": ""
                    }
                ],
                "stdout": null,
                "stderr": null
            },
            {
                "classname": "org.assertj.assertions.generator.AssertionsEntryPointGeneratorTest",
                "name": "should_generate_an_assertions_entry_point_class_file_that_matches_given_class_name",
                "time": 0.013,
                "results": [
                    {
                        "result": "Passed",
                        "message": "",
                        "type": ""
                    }
                ],
                "stdout": null,
                "stderr": null
            },
            {
                "classname": "org.assertj.assertions.generator.AssertionsEntryPointGeneratorTest",
                "name": "should_return_empty_assertion_entry_point_class_if_null_classes_description_are_given",
                "time": 0.004,
                "results": [
                    {
                        "result": "Passed",
                        "message": "",
                        "type": ""
                    }
                ],
                "stdout": null,
                "stderr": null
            },
            {
                "classname": "org.assertj.assertions.generator.AssertionsEntryPointGeneratorTest",
                "name": "should_generate_soft_assertions_entry_point_class_file",
                "time": 0.012,
                "results": [
                    {
                        "result": "Passed",
                        "message": "",
                        "type": ""
                    }
                ],
                "stdout": null,
                "stderr": null
            },
            {
                "classname": "org.assertj.assertions.generator.util.ClassUtilTest",
                "name": "can_properly_compute_Assert_types",
                "time": 0.002,
                "results": [
                    {
                        "result": "Passed",
                        "message": "",
                        "type": ""
                    }
                ],
                "stdout": null,
                "stderr": null
            },
            {
                "classname": "org.assertj.assertions.generator.util.ClassUtilTest",
                "name": "should_return_empty_collection_if_package_does_not_exist",
                "time": 0.154,
                "results": [
                    {
                        "result": "Passed",
                        "message": "",
                        "type": ""
                    }
                ],
                "stdout": null,
                "stderr": null
            },
            {
                "classname": "org.assertj.assertions.generator.util.ClassUtilTest",
                "name": "should_return_true_if_class_implements_iterable_interface",
                "time": 0.001,
                "results": [
                    {
                        "result": "Passed",
                        "message": "",
                        "type": ""
                    }
                ],
                "stdout": null,
                "stderr": null
            },
            {
                "classname": "org.assertj.assertions.generator.util.ClassUtilTest",
                "name": "properly_check_if_types_are_boolean",
                "time": 0.001,
                "results": [
                    {
                        "result": "Passed",
                        "message": "",
                        "type": ""
                    }
                ],
                "stdout": null,
                "stderr": null
            },
            {
                "classname": "org.assertj.assertions.generator.util.ClassUtilTest",
                "name": "java_lang_types_should_work_with_isJavaLangType",
                "time": 0.0,
                "results": [
                    {
                        "result": "Passed",
                        "message": "",
                        "type": ""
                    }
                ],
                "stdout": null,
                "stderr": null
            },
            {
                "classname": "org.assertj.assertions.generator.util.ClassUtilTest",
                "name": "getClass_on_wildcard_List_should_return_Integer_class",
                "time": 0.007,
                "results": [
                    {
                        "result": "Passed",
                        "message": "",
                        "type": ""
                    }
                ],
                "stdout": null,
                "stderr": null
            },
            {
                "classname": "org.assertj.assertions.generator.util.ClassUtilTest",
                "name": "should_return_false_if_string_does_not_follow_getter_name_pattern",
                "time": 0.001,
                "results": [
                    {
                        "result": "Passed",
                        "message": "",
                        "type": ""
                    }
                ],
                "stdout": null,
                "stderr": null
            },
            {
                "classname": "org.assertj.assertions.generator.util.ClassUtilTest",
                "name": "should_return_true_if_method_is_a_boolean_getter",
                "time": 0.0,
                "results": [
                    {
                        "result": "Passed",
                        "message": "",
                        "type": ""
                    }
                ],
                "stdout": null,
                "stderr": null
            },
            {
                "classname": "org.assertj.assertions.generator.util.ClassUtilTest",
                "name": "should_return_true_if_string_follows_getter_name_pattern",
                "time": 0.001,
                "results": [
                    {
                        "result": "Passed",
                        "message": "",
                        "type": ""
                    }
                ],
                "stdout": null,
                "stderr": null
            },
            {
                "classname": "org.assertj.assertions.generator.util.ClassUtilTest",
                "name": "should_return_true_if_method_is_a_standard_getter",
                "time": 0.0,
                "results": [
                    {
                        "result": "Passed",
                        "message": "",
                        "type": ""
                    }
                ],
                "stdout": null,
                "stderr": null
            },
            {
                "classname": "org.assertj.assertions.generator.util.ClassUtilTest",
                "name": "should_get_class_only",
                "time": 0.001,
                "results": [
                    {
                        "result": "Passed",
                        "message": "",
                        "type": ""
                    }
                ],
                "stdout": null,
                "stderr": null
            },
            {
                "classname": "org.assertj.assertions.generator.util.ClassUtilTest",
                "name": "getClassRelatedTo_on_generic_list_should_return_list_and_component_type",
                "time": 0.001,
                "results": [
                    {
                        "result": "Passed",
                        "message": "",
                        "type": ""
                    }
                ],
                "stdout": null,
                "stderr": null
            },
            {
                "classname": "org.assertj.assertions.generator.util.ClassUtilTest",
                "name": "testGetSimpleNameWithOuterClass_notNestedClass",
                "time": 0.0,
                "results": [
                    {
                        "result": "Passed",
                        "message": "",
                        "type": ""
                    }
                ],
                "stdout": null,
                "stderr": null
            },
            {
                "classname": "org.assertj.assertions.generator.util.ClassUtilTest",
                "name": "should_return_false_if_method_is_not_a_standard_getter",
                "time": 0.0,
                "results": [
                    {
                        "result": "Passed",
                        "message": "",
                        "type": ""
                    }
                ],
                "stdout": null,
                "stderr": null
            },
            {
                "classname": "org.assertj.assertions.generator.util.ClassUtilTest",
                "name": "should_return_property_of_getter_method",
                "time": 0.001,
                "results": [
                    {
                        "result": "Passed",
                        "message": "",
                        "type": ""
                    }
                ],
                "stdout": null,
                "stderr": null
            },
            {
                "classname": "org.assertj.assertions.generator.util.ClassUtilTest",
                "name": "getClass_on_parameterized_List_should_return_Integer_class",
                "time": 0.001,
                "results": [
                    {
                        "result": "Passed",
                        "message": "",
                        "type": ""
                    }
                ],
                "stdout": null,
                "stderr": null
            },
            {
                "classname": "org.assertj.assertions.generator.util.ClassUtilTest",
                "name": "should_check_that_nested_packages_work",
                "time": 0.0,
                "results": [
                    {
                        "result": "Passed",
                        "message": "",
                        "type": ""
                    }
                ],
                "stdout": null,
                "stderr": null
            },
            {
                "classname": "org.assertj.assertions.generator.util.ClassUtilTest",
                "name": "should_get_classes_with_provided_class_loader",
                "time": 0.072,
                "results": [
                    {
                        "result": "Passed",
                        "message": "",
                        "type": ""
                    }
                ],
                "stdout": null,
                "stderr": null
            },
            {
                "classname": "org.assertj.assertions.generator.util.ClassUtilTest",
                "name": "should_get_private_classes_when_included",
                "time": 0.069,
                "results": [
                    {
                        "result": "Passed",
                        "message": "",
                        "type": ""
                    }
                ],
                "stdout": null,
                "stderr": null
            },
            {
                "classname": "org.assertj.assertions.generator.util.ClassUtilTest",
                "name": "getClass_on_variable_type_should_return_null",
                "time": 0.001,
                "results": [
                    {
                        "result": "Passed",
                        "message": "",
                        "type": ""
                    }
                ],
                "stdout": null,
                "stderr": null
            },
            {
                "classname": "org.assertj.assertions.generator.util.ClassUtilTest",
                "name": "should_also_return_inherited_getters_methods",
                "time": 0.005,
                "results": [
                    {
                        "result": "Passed",
                        "message": "",
                        "type": ""
                    }
                ],
                "stdout": null,
                "stderr": null
            },
            {
                "classname": "org.assertj.assertions.generator.util.ClassUtilTest",
                "name": "should_get_nested_classes",
                "time": 0.0,
                "results": [
                    {
                        "result": "Skipped",
                        "message": null,
                        "type": null
                    }
                ],
                "stdout": null,
                "stderr": null
            },
            {
                "classname": "org.assertj.assertions.generator.util.ClassUtilTest",
                "name": "should_throw_exception_when_classLoader_null",
                "time": 0.0,
                "results": [
                    {
                        "result": "Passed",
                        "message": "",
                        "type": ""
                    }
                ],
                "stdout": null,
                "stderr": null
            },
            {
                "classname": "org.assertj.assertions.generator.util.ClassUtilTest",
                "name": "should_return_predicate_prefix",
                "time": 0.001,
                "results": [
                    {
                        "result": "Passed",
                        "message": "",
                        "type": ""
                    }
                ],
                "stdout": null,
                "stderr": null
            },
            {
                "classname": "org.assertj.assertions.generator.util.ClassUtilTest",
                "name": "should_return_getters_methods_only",
                "time": 0.0,
                "results": [
                    {
                        "result": "Passed",
                        "message": "",
                        "type": ""
                    }
                ],
                "stdout": null,
                "stderr": null
            },
            {
                "classname": "org.assertj.assertions.generator.util.ClassUtilTest",
                "name": "getClassRelatedTo_on_non_generic_type_should_return_given_type",
                "time": 0.001,
                "results": [
                    {
                        "result": "Passed",
                        "message": "",
                        "type": ""
                    }
                ],
                "stdout": null,
                "stderr": null
            },
            {
                "classname": "org.assertj.assertions.generator.util.ClassUtilTest",
                "name": "should_get_classes_in_package_and_subpackages",
                "time": 0.068,
                "results": [
                    {
                        "result": "Passed",
                        "message": "",
                        "type": ""
                    }
                ],
                "stdout": null,
                "stderr": null
            },
            {
                "classname": "org.assertj.assertions.generator.util.ClassUtilTest",
                "name": "should_determine_fields_visibility",
                "time": 0.0,
                "results": [
                    {
                        "result": "Passed",
                        "message": "",
                        "type": ""
                    }
                ],
                "stdout": null,
                "stderr": null
            },
            {
                "classname": "org.assertj.assertions.generator.util.ClassUtilTest",
                "name": "getClass_on_generic_should_return_Number_class",
                "time": 0.0,
                "results": [
                    {
                        "result": "Passed",
                        "message": "",
                        "type": ""
                    }
                ],
                "stdout": null,
                "stderr": null
            },
            {
                "classname": "org.assertj.assertions.generator.util.ClassUtilTest",
                "name": "should_return_negative_predicate",
                "time": 0.001,
                "results": [
                    {
                        "result": "Passed",
                        "message": "",
                        "type": ""
                    }
                ],
                "stdout": null,
                "stderr": null
            },
            {
                "classname": "org.assertj.assertions.generator.util.ClassUtilTest",
                "name": "resolve_type_name_in_package",
                "time": 0.001,
                "results": [
                    {
                        "result": "Passed",
                        "message": "",
                        "type": ""
                    }
                ],
                "stdout": null,
                "stderr": null
            },
            {
                "classname": "org.assertj.assertions.generator.util.ClassUtilTest",
                "name": "getClass_on_parameterized_List_should_return_List_class",
                "time": 0.001,
                "results": [
                    {
                        "result": "Passed",
                        "message": "",
                        "type": ""
                    }
                ],
                "stdout": null,
                "stderr": null
            },
            {
                "classname": "org.assertj.assertions.generator.util.ClassUtilTest",
                "name": "should_return_all_fields_in_hierarchy_except_Object_fields",
                "time": 0.002,
                "results": [
                    {
                        "result": "Passed",
                        "message": "",
                        "type": ""
                    }
                ],
                "stdout": null,
                "stderr": null
            },
            {
                "classname": "org.assertj.assertions.generator.util.ClassUtilTest",
                "name": "should_return_false_if_method_is_not_a_boolean_getter",
                "time": 0.0,
                "results": [
                    {
                        "result": "Passed",
                        "message": "",
                        "type": ""
                    }
                ],
                "stdout": null,
                "stderr": null
            },
            {
                "classname": "org.assertj.assertions.generator.util.ClassUtilTest",
                "name": "should_not_return_inherited_getters_methods",
                "time": 0.001,
                "results": [
                    {
                        "result": "Passed",
                        "message": "",
                        "type": ""
                    }
                ],
                "stdout": null,
                "stderr": null
            },
            {
                "classname": "org.assertj.assertions.generator.util.ClassUtilTest",
                "name": "should_return_inner_class_name_with_outer_class_name",
                "time": 0.001,
                "results": [
                    {
                        "result": "Passed",
                        "message": "",
                        "type": ""
                    }
                ],
                "stdout": null,
                "stderr": null
            },
            {
                "classname": "org.assertj.assertions.generator.description.converter.ClassToClassDescriptionConverterTest",
                "name": "should_handle_toString",
                "time": 0.028,
                "results": [
                    {
                        "result": "Passed",
                        "message": "",
                        "type": ""
                    }
                ],
                "stdout": null,
                "stderr": null
            },
            {
                "classname": "org.assertj.assertions.generator.description.converter.ClassToClassDescriptionConverterTest",
                "name": "should_only_describe_overridden_getter_once",
                "time": 0.041,
                "results": [
                    {
                        "result": "Passed",
                        "message": "",
                        "type": ""
                    }
                ],
                "stdout": null,
                "stderr": null
            },
            {
                "classname": "org.assertj.assertions.generator.description.converter.ClassToClassDescriptionConverterTest",
                "name": "should_build_class_description_for_iterable_of_primitive_type_array",
                "time": 0.006,
                "results": [
                    {
                        "result": "Passed",
                        "message": "",
                        "type": ""
                    }
                ],
                "stdout": null,
                "stderr": null
            },
            {
                "classname": "org.assertj.assertions.generator.description.converter.ClassToClassDescriptionConverterTest",
                "name": "should_fail_to_build_class_description_for_local_class",
                "time": 0.003,
                "results": [
                    {
                        "result": "Passed",
                        "message": "",
                        "type": ""
                    }
                ],
                "stdout": null,
                "stderr": null
            },
            {
                "classname": "org.assertj.assertions.generator.description.converter.ClassToClassDescriptionConverterTest",
                "name": "should_build_class_description_for_array_of_primitive_type_array",
                "time": 0.002,
                "results": [
                    {
                        "result": "Passed",
                        "message": "",
                        "type": ""
                    }
                ],
                "stdout": null,
                "stderr": null
            },
            {
                "classname": "org.assertj.assertions.generator.description.converter.ClassToClassDescriptionConverterTest",
                "name": "should_build_class_description_for_class_with_public_fields",
                "time": 0.009,
                "results": [
                    {
                        "result": "Passed",
                        "message": "",
                        "type": ""
                    }
                ],
                "stdout": null,
                "stderr": null
            },
            {
                "classname": "org.assertj.assertions.generator.description.converter.ClassToClassDescriptionConverterTest",
                "name": "should_build_WithPrivateFields_class_description",
                "time": 0.003,
                "results": [
                    {
                        "result": "Passed",
                        "message": "",
                        "type": ""
                    }
                ],
                "stdout": null,
                "stderr": null
            },
            {
                "classname": "org.assertj.assertions.generator.description.converter.ClassToClassDescriptionConverterTest",
                "name": "bug21_reflection_error_on_iterable_ParameterizedType",
                "time": 0.009,
                "results": [
                    {
                        "result": "Passed",
                        "message": "",
                        "type": ""
                    }
                ],
                "stdout": null,
                "stderr": null
            },
            {
                "classname": "org.assertj.assertions.generator.description.converter.ClassToClassDescriptionConverterTest",
                "name": "should_build_class_description_for_enum_type",
                "time": 0.003,
                "results": [
                    {
                        "result": "Passed",
                        "message": "",
                        "type": ""
                    }
                ],
                "stdout": null,
                "stderr": null
            },
            {
                "classname": "org.assertj.assertions.generator.description.converter.ClassToClassDescriptionConverterTest",
                "name": "should_build_class_description_for_interface",
                "time": 0.002,
                "results": [
                    {
                        "result": "Passed",
                        "message": "",
                        "type": ""
                    }
                ],
                "stdout": null,
                "stderr": null
            },
            {
                "classname": "org.assertj.assertions.generator.description.converter.ClassToClassDescriptionConverterTest",
                "name": "should_build_player_class_description",
                "time": 0.025,
                "results": [
                    {
                        "result": "Passed",
                        "message": "",
                        "type": ""
                    }
                ],
                "stdout": null,
                "stderr": null
            },
            {
                "classname": "org.assertj.assertions.generator.description.converter.ClassToClassDescriptionConverterTest",
                "name": "should_build_fellowshipOfTheRing_class_description",
                "time": 0.003,
                "results": [
                    {
                        "result": "Passed",
                        "message": "",
                        "type": ""
                    }
                ],
                "stdout": null,
                "stderr": null
            },
            {
                "classname": "org.assertj.assertions.generator.description.converter.ClassToClassDescriptionConverterTest",
                "name": "should_build_class_description_for_iterable_of_Object_type",
                "time": 0.003,
                "results": [
                    {
                        "result": "Passed",
                        "message": "",
                        "type": ""
                    }
                ],
                "stdout": null,
                "stderr": null
            },
            {
                "classname": "org.assertj.assertions.generator.description.converter.ClassToClassDescriptionConverterTest",
                "name": "should_build_comparable_class_description",
                "time": 0.001,
                "results": [
                    {
                        "result": "Passed",
                        "message": "",
                        "type": ""
                    }
                ],
                "stdout": null,
                "stderr": null
            },
            {
                "classname": "org.assertj.assertions.generator.description.converter.ClassToClassDescriptionConverterTest",
                "name": "should_build_movie_class_description",
                "time": 0.003,
                "results": [
                    {
                        "result": "Passed",
                        "message": "",
                        "type": ""
                    }
                ],
                "stdout": null,
                "stderr": null
            },
            {
                "classname": "org.assertj.assertions.generator.description.converter.ClassToClassDescriptionConverterTest",
                "name": "should_build_nested_class_description",
                "time": 0.016,
                "results": [
                    {
                        "result": "Passed",
                        "message": "",
                        "type": ""
                    }
                ],
                "stdout": null,
                "stderr": null
            },
            {
                "classname": "org.assertj.assertions.generator.description.converter.ClassToClassDescriptionConverterTest",
                "name": "should_build_getter_with_exception_description",
                "time": 0.014,
                "results": [
                    {
                        "result": "Passed",
                        "message": "",
                        "type": ""
                    }
                ],
                "stdout": null,
                "stderr": null
            },
            {
                "classname": "org.assertj.assertions.generator.description.FieldDescriptionTest",
                "name": "should_create_valid_typename_from_class",
                "time": 0.096,
                "results": [
                    {
                        "result": "Passed",
                        "message": "",
                        "type": ""
                    }
                ],
                "stdout": null,
                "stderr": null
            },
            {
                "classname": "org.assertj.assertions.generator.description.FieldDescriptionTest",
                "name": "should_generate_readable_predicate_for_javadoc",
                "time": 0.035,
                "results": [
                    {
                        "result": "Passed",
                        "message": "",
                        "type": ""
                    }
                ],
                "stdout": null,
                "stderr": null
            },
            {
                "classname": "org.assertj.assertions.generator.description.FieldDescriptionTest",
                "name": "should_find_getter_method_for_predicate_field",
                "time": 0.012,
                "results": [
                    {
                        "result": "Passed",
                        "message": "",
                        "type": ""
                    }
                ],
                "stdout": null,
                "stderr": null
            },
            {
                "classname": "org.assertj.assertions.generator.description.FieldDescriptionTest",
                "name": "should_detect_real_number_correctly",
                "time": 0.001,
                "results": [
                    {
                        "result": "Passed",
                        "message": "",
                        "type": ""
                    }
                ],
                "stdout": null,
                "stderr": null
            },
            {
                "classname": "org.assertj.assertions.generator.description.FieldDescriptionTest",
                "name": "should_generate_default_predicate_correctly",
                "time": 0.001,
                "results": [
                    {
                        "result": "Passed",
                        "message": "",
                        "type": ""
                    }
                ],
                "stdout": null,
                "stderr": null
            },
            {
                "classname": "org.assertj.assertions.generator.description.FieldDescriptionTest",
                "name": "should_generate_readable_predicate_for_error_message",
                "time": 0.033,
                "results": [
                    {
                        "result": "Passed",
                        "message": "",
                        "type": ""
                    }
                ],
                "stdout": null,
                "stderr": null
            },
            {
                "classname": "org.assertj.assertions.generator.description.FieldDescriptionTest",
                "name": "should_not_find_getter_method_for_missing_getter",
                "time": 0.001,
                "results": [
                    {
                        "result": "Passed",
                        "message": "",
                        "type": ""
                    }
                ],
                "stdout": null,
                "stderr": null
            },
            {
                "classname": "org.assertj.assertions.generator.description.FieldDescriptionTest",
                "name": "should_fail_find_with_npe_for_null_field_desc",
                "time": 0.001,
                "results": [
                    {
                        "result": "Passed",
                        "message": "",
                        "type": ""
                    }
                ],
                "stdout": null,
                "stderr": null
            },
            {
                "classname": "org.assertj.assertions.generator.description.FieldDescriptionTest",
                "name": "should_show_information_in_toString",
                "time": 0.003,
                "results": [
                    {
                        "result": "Passed",
                        "message": "",
                        "type": ""
                    }
                ],
                "stdout": null,
                "stderr": null
            },
            {
                "classname": "org.assertj.assertions.generator.description.FieldDescriptionTest",
                "name": "should_return_property_of_field",
                "time": 0.001,
                "results": [
                    {
                        "result": "Passed",
                        "message": "",
                        "type": ""
                    }
                ],
                "stdout": null,
                "stderr": null
            },
            {
                "classname": "org.assertj.assertions.generator.description.FieldDescriptionTest",
                "name": "should_fail_has_with_npe_for_null_field_desc",
                "time": 0.0,
                "results": [
                    {
                        "result": "Passed",
                        "message": "",
                        "type": ""
                    }
                ],
                "stdout": null,
                "stderr": null
            },
            {
                "classname": "org.assertj.assertions.generator.description.FieldDescriptionTest",
                "name": "should_find_getter_method_for_field",
                "time": 0.0,
                "results": [
                    {
                        "result": "Passed",
                        "message": "",
                        "type": ""
                    }
                ],
                "stdout": null,
                "stderr": null
            },
            {
                "classname": "org.assertj.assertions.generator.description.FieldDescriptionTest",
                "name": "should_not_find_getter_method_for_mismatched_return_type",
                "time": 0.0,
                "results": [
                    {
                        "result": "Passed",
                        "message": "",
                        "type": ""
                    }
                ],
                "stdout": null,
                "stderr": null
            },
            {
                "classname": "org.assertj.assertions.generator.description.FieldDescriptionTest",
                "name": "should_describe_array_field_correctly",
                "time": 0.001,
                "results": [
                    {
                        "result": "Passed",
                        "message": "",
                        "type": ""
                    }
                ],
                "stdout": null,
                "stderr": null
            },
            {
                "classname": "org.assertj.assertions.generator.description.FieldDescriptionTest",
                "name": "should_create_valid_typename_from_class_for_user_defined_type_in_same_package",
                "time": 0.002,
                "results": [
                    {
                        "result": "Passed",
                        "message": "",
                        "type": ""
                    }
                ],
                "stdout": null,
                "stderr": null
            },
            {
                "classname": "org.assertj.assertions.generator.description.GetterDescriptionTest",
                "name": "should_create_valid_typename_from_class",
                "time": 0.0,
                "results": [
                    {
                        "result": "Passed",
                        "message": "",
                        "type": ""
                    }
                ],
                "stdout": null,
                "stderr": null
            },
            {
                "classname": "org.assertj.assertions.generator.description.GetterDescriptionTest",
                "name": "should_not_be_predicate",
                "time": 0.0,
                "results": [
                    {
                        "result": "Passed",
                        "message": "",
                        "type": ""
                    }
                ],
                "stdout": null,
                "stderr": null
            },
            {
                "classname": "org.assertj.assertions.generator.description.GetterDescriptionTest",
                "name": "should_describe_inner_class_getter_correctly",
                "time": 0.0,
                "results": [
                    {
                        "result": "Passed",
                        "message": "",
                        "type": ""
                    }
                ],
                "stdout": null,
                "stderr": null
            },
            {
                "classname": "org.assertj.assertions.generator.description.GetterDescriptionTest",
                "name": "should_create_valid_typename_from_class_for_user_defined_type_in_different_package",
                "time": 0.001,
                "results": [
                    {
                        "result": "Passed",
                        "message": "",
                        "type": ""
                    }
                ],
                "stdout": null,
                "stderr": null
            },
            {
                "classname": "org.assertj.assertions.generator.description.GetterDescriptionTest",
                "name": "should_generate_predicate_for_error_message",
                "time": 0.001,
                "results": [
                    {
                        "result": "Passed",
                        "message": "",
                        "type": ""
                    }
                ],
                "stdout": null,
                "stderr": null
            },
            {
                "classname": "org.assertj.assertions.generator.description.GetterDescriptionTest",
                "name": "should_show_information_in_toString",
                "time": 0.007,
                "results": [
                    {
                        "result": "Passed",
                        "message": "",
                        "type": ""
                    }
                ],
                "stdout": null,
                "stderr": null
            },
            {
                "classname": "org.assertj.assertions.generator.description.GetterDescriptionTest",
                "name": "should_generate_predicate_for_javadoc",
                "time": 0.002,
                "results": [
                    {
                        "result": "Passed",
                        "message": "",
                        "type": ""
                    }
                ],
                "stdout": null,
                "stderr": null
            },
            {
                "classname": "org.assertj.assertions.generator.description.GetterDescriptionTest",
                "name": "should_create_valid_typename_from_class_for_user_defined_type_in_same_package",
                "time": 0.001,
                "results": [
                    {
                        "result": "Passed",
                        "message": "",
                        "type": ""
                    }
                ],
                "stdout": null,
                "stderr": null
            },
            {
                "classname": "org.assertj.assertions.generator.TemplateTest",
                "name": "should_throw_an_exception_when_url_is_a_directory",
                "time": 0.3,
                "results": [
                    {
                        "result": "Passed",
                        "message": "",
                        "type": ""
                    }
                ],
                "stdout": null,
                "stderr": null
            },
            {
                "classname": "org.assertj.assertions.generator.TemplateTest",
                "name": "should_create_template_from_url",
                "time": 0.034,
                "results": [
                    {
                        "result": "Passed",
                        "message": "",
                        "type": ""
                    }
                ],
                "stdout": null,
                "stderr": null
            },
            {
                "classname": "org.assertj.assertions.generator.TemplateTest",
                "name": "should_create_template_from_file",
                "time": 0.001,
                "results": [
                    {
                        "result": "Passed",
                        "message": "",
                        "type": ""
                    }
                ],
                "stdout": null,
                "stderr": null
            }
        ],
        "stdout": "[2113f053-96e7-4f0c-8d25-6d9474a32886/build] \ud83d\ude80  Start image=crawlergpt:latest\n[2113f053-96e7-4f0c-8d25-6d9474a32886/build]   \ud83d\udc33  docker pull image=crawlergpt:latest platform= username= forcePull=false\n[2113f053-96e7-4f0c-8d25-6d9474a32886/build]   \ud83d\udc33  docker create image=crawlergpt:latest platform= entrypoint=[\"tail\" \"-f\" \"/dev/null\"] cmd=[]\n[2113f053-96e7-4f0c-8d25-6d9474a32886/build]   \ud83d\udc33  docker run image=crawlergpt:latest platform= entrypoint=[\"tail\" \"-f\" \"/dev/null\"] cmd=[]\n[2113f053-96e7-4f0c-8d25-6d9474a32886/build]   \ud83d\udc33  docker exec cmd=[chown -R 1012:1013 /tmp/3d783ea4-1661-11ee-8a50-bb14de238602/assertj-assertj-assertions-generator] user=0 workdir=\n[2113f053-96e7-4f0c-8d25-6d9474a32886/build]   \u2601  git clone 'https://github.com/actions/setup-java' # ref=v1\n[2113f053-96e7-4f0c-8d25-6d9474a32886/build]   \u2601  git clone 'https://github.com/actions/cache' # ref=v2\n[2113f053-96e7-4f0c-8d25-6d9474a32886/build] \u2b50 Run Main actions/checkout@v2\n[2113f053-96e7-4f0c-8d25-6d9474a32886/build]   \u2705  Success - Main actions/checkout@v2\n[2113f053-96e7-4f0c-8d25-6d9474a32886/build] \u2b50 Run Main Set up JDK 1.8\n[2113f053-96e7-4f0c-8d25-6d9474a32886/build]   \ud83d\udc33  docker cp src=/tmp/act-cache/324eb9bf-1e56-4c74-a54f-04d443321551/act/actions-setup-java@v1/ dst=/var/run/act/actions/actions-setup-java@v1/\n[2113f053-96e7-4f0c-8d25-6d9474a32886/build]   \ud83d\udc33  docker exec cmd=[chown -R 1012:1013 /var/run/act/actions/actions-setup-java@v1/] user=0 workdir=\n[2113f053-96e7-4f0c-8d25-6d9474a32886/build]   \ud83d\udc33  docker exec cmd=[node /var/run/act/actions/actions-setup-java@v1/dist/setup/index.js] user= workdir=\n[2113f053-96e7-4f0c-8d25-6d9474a32886/build]   \ud83d\udcac  ::debug::isExplicit: \n[2113f053-96e7-4f0c-8d25-6d9474a32886/build]   \ud83d\udcac  ::debug::explicit? false\n[2113f053-96e7-4f0c-8d25-6d9474a32886/build]   \ud83d\udcac  ::debug::evaluating 0 versions\n[2113f053-96e7-4f0c-8d25-6d9474a32886/build]   \ud83d\udcac  ::debug::match not found\n[2113f053-96e7-4f0c-8d25-6d9474a32886/build]   \ud83d\udcac  ::debug::Downloading JDK from Azul\n[2113f053-96e7-4f0c-8d25-6d9474a32886/build]   \ud83d\udcac  ::debug::Searching for files with extension: -linux_x64.tar.gz\n[2113f053-96e7-4f0c-8d25-6d9474a32886/build]   \ud83d\udcac  ::debug::Downloading https://static.azul.com/zulu/bin/zulu8.70.0.23-ca-jdk8.0.372-linux_x64.tar.gz\n[2113f053-96e7-4f0c-8d25-6d9474a32886/build]   \ud83d\udcac  ::debug::Downloading /tmp/c9987c94-e056-411e-b5d2-e75b30bb3d9b\n[2113f053-96e7-4f0c-8d25-6d9474a32886/build]   \ud83d\udcac  ::debug::download complete\n[2113f053-96e7-4f0c-8d25-6d9474a32886/build]   | [command]/usr/bin/tar --version\n[2113f053-96e7-4f0c-8d25-6d9474a32886/build]   | tar (GNU tar) 1.30\n[2113f053-96e7-4f0c-8d25-6d9474a32886/build]   | Copyright (C) 2017 Free Software Foundation, Inc.\n[2113f053-96e7-4f0c-8d25-6d9474a32886/build]   | License GPLv3+: GNU GPL version 3 or later <https://gnu.org/licenses/gpl.html>.\n[2113f053-96e7-4f0c-8d25-6d9474a32886/build]   | This is free software: you are free to change and redistribute it.\n[2113f053-96e7-4f0c-8d25-6d9474a32886/build]   | There is NO WARRANTY, to the extent permitted by law.\n[2113f053-96e7-4f0c-8d25-6d9474a32886/build]   | \n[2113f053-96e7-4f0c-8d25-6d9474a32886/build]   | Written by John Gilmore and Jay Fenlason.\n[2113f053-96e7-4f0c-8d25-6d9474a32886/build]   | [command]/usr/bin/tar xz --warning=no-unknown-keyword -C /tmp/temp_1621348481 -f /tmp/c9987c94-e056-411e-b5d2-e75b30bb3d9b\n[2113f053-96e7-4f0c-8d25-6d9474a32886/build]   \ud83d\udcac  ::debug::jdk extracted to /tmp/temp_1621348481/zulu8.70.0.23-ca-jdk8.0.372-linux_x64\n[2113f053-96e7-4f0c-8d25-6d9474a32886/build]   \ud83d\udcac  ::debug::Caching tool jdk 8.0.372 x64\n[2113f053-96e7-4f0c-8d25-6d9474a32886/build]   \ud83d\udcac  ::debug::source dir: /tmp/temp_1621348481/zulu8.70.0.23-ca-jdk8.0.372-linux_x64\n[2113f053-96e7-4f0c-8d25-6d9474a32886/build]   \ud83d\udcac  ::debug::destination /opt/hostedtoolcache/jdk/8.0.372/x64\n[2113f053-96e7-4f0c-8d25-6d9474a32886/build]   \ud83d\udcac  ::debug::finished caching tool\n[2113f053-96e7-4f0c-8d25-6d9474a32886/build]   \u2753 add-matcher /run/act/actions/actions-setup-java@v1/.github/java.json\n[2113f053-96e7-4f0c-8d25-6d9474a32886/build]   | creating settings.xml with server-id: github; environment variables: username=$GITHUB_ACTOR, password=$GITHUB_TOKEN, and gpg-passphrase=null\n[2113f053-96e7-4f0c-8d25-6d9474a32886/build]   \ud83d\udcac  ::debug::created directory /home/runneradmin/.m2\n[2113f053-96e7-4f0c-8d25-6d9474a32886/build]   | writing /home/runneradmin/.m2/settings.xml\n[2113f053-96e7-4f0c-8d25-6d9474a32886/build]   \u2705  Success - Main Set up JDK 1.8\n[2113f053-96e7-4f0c-8d25-6d9474a32886/build]   \u2699  ::set-env:: JAVA_HOME_8.0.372_x64=/opt/hostedtoolcache/jdk/8.0.372/x64\n[2113f053-96e7-4f0c-8d25-6d9474a32886/build]   \u2699  ::set-env:: JAVA_HOME=/opt/hostedtoolcache/jdk/8.0.372/x64\n[2113f053-96e7-4f0c-8d25-6d9474a32886/build]   \u2699  ::set-env:: JAVA_HOME_8_0_372_X64=/opt/hostedtoolcache/jdk/8.0.372/x64\n[2113f053-96e7-4f0c-8d25-6d9474a32886/build]   \u2699  ::set-output:: path=/opt/hostedtoolcache/jdk/8.0.372/x64\n[2113f053-96e7-4f0c-8d25-6d9474a32886/build]   \u2699  ::set-output:: version=8.0.372\n[2113f053-96e7-4f0c-8d25-6d9474a32886/build]   \u2699  ::add-path:: /opt/hostedtoolcache/jdk/8.0.372/x64/bin\n[2113f053-96e7-4f0c-8d25-6d9474a32886/build] \u2b50 Run Main Cache Maven Repository\n[2113f053-96e7-4f0c-8d25-6d9474a32886/build]   \ud83d\udc33  docker cp src=/tmp/act-cache/324eb9bf-1e56-4c74-a54f-04d443321551/act/actions-cache@v2/ dst=/var/run/act/actions/actions-cache@v2/\n[2113f053-96e7-4f0c-8d25-6d9474a32886/build]   \ud83d\udc33  docker exec cmd=[chown -R 1012:1013 /var/run/act/actions/actions-cache@v2/] user=0 workdir=\n[2113f053-96e7-4f0c-8d25-6d9474a32886/build]   \ud83d\udc33  docker exec cmd=[node /var/run/act/actions/actions-cache@v2/dist/restore/index.js] user= workdir=\n[2113f053-96e7-4f0c-8d25-6d9474a32886/build]   \ud83d\udcac  ::debug::Resolved Keys:\n[2113f053-96e7-4f0c-8d25-6d9474a32886/build]   \ud83d\udcac  ::debug::[\"Linux-maven-39dbb5c804cd91dcaf66b4a24bfadd67983e179c370435236ae5d719baf9d70f\",\"Linux-maven\"]\n[2113f053-96e7-4f0c-8d25-6d9474a32886/build]   \ud83d\udcac  ::debug::Checking zstd --version\n[2113f053-96e7-4f0c-8d25-6d9474a32886/build]   \ud83d\udcac  ::debug::*** zstd command line interface 64-bits v1.5.0, by Yann Collet ***\n[2113f053-96e7-4f0c-8d25-6d9474a32886/build]   \ud83d\udcac  ::debug::Resource Url: http://130.242.72.40:46717/_apis/artifactcache/cache?keys=Linux-maven-39dbb5c804cd91dcaf66b4a24bfadd67983e179c370435236ae5d719baf9d70f%252CLinux-maven&version=4f59475c51662af5cd30dccddada859cccd8e10ba3342088afde3904ccecc012\n[2113f053-96e7-4f0c-8d25-6d9474a32886/build]   | Cache not found for input keys: Linux-maven-39dbb5c804cd91dcaf66b4a24bfadd67983e179c370435236ae5d719baf9d70f, Linux-maven\n[2113f053-96e7-4f0c-8d25-6d9474a32886/build]   \u2705  Success - Main Cache Maven Repository\n[2113f053-96e7-4f0c-8d25-6d9474a32886/build] \u2b50 Run Main Test with Sonar\n[2113f053-96e7-4f0c-8d25-6d9474a32886/build]   \ud83d\udc33  docker exec cmd=[bash --noprofile --norc -e -o pipefail /var/run/act/workflow/3] user= workdir=\n[2113f053-96e7-4f0c-8d25-6d9474a32886/build]   | --2023-06-29 10:45:49--  https://repo.maven.apache.org/maven2/io/takari/maven-wrapper/0.5.6/maven-wrapper-0.5.6.jar\n[2113f053-96e7-4f0c-8d25-6d9474a32886/build]   | Resolving repo.maven.apache.org (repo.maven.apache.org)... 151.101.192.215, 151.101.128.215, 151.101.64.215, ...\n[2113f053-96e7-4f0c-8d25-6d9474a32886/build]   | Connecting to repo.maven.apache.org (repo.maven.apache.org)|151.101.192.215|:443... connected.\n[2113f053-96e7-4f0c-8d25-6d9474a32886/build]   | HTTP request sent, awaiting response... 200 OK\n[2113f053-96e7-4f0c-8d25-6d9474a32886/build]   | Length: 50710 (50K) [application/java-archive]\n[2113f053-96e7-4f0c-8d25-6d9474a32886/build]   | Saving to: \u2018/tmp/3d783ea4-1661-11ee-8a50-bb14de238602/assertj-assertj-assertions-generator/.mvn/wrapper/maven-wrapper.jar\u2019\n[2113f053-96e7-4f0c-8d25-6d9474a32886/build]   | \n[2113f053-96e7-4f0c-8d25-6d9474a32886/build]   |      0K .......... .......... .......... .......... ......... 100% 37.9M=0.001s\n[2113f053-96e7-4f0c-8d25-6d9474a32886/build]   | \n[2113f053-96e7-4f0c-8d25-6d9474a32886/build]   | 2023-06-29 10:45:49 (37.9 MB/s) - \u2018/tmp/3d783ea4-1661-11ee-8a50-bb14de238602/assertj-assertj-assertions-generator/.mvn/wrapper/maven-wrapper.jar\u2019 saved [50710/50710]\n[2113f053-96e7-4f0c-8d25-6d9474a32886/build]   | \n[2113f053-96e7-4f0c-8d25-6d9474a32886/build]   | Apache Maven 3.6.3 (cecedd343002696d0abb50b32b541b8a6ba2883f)\n[2113f053-96e7-4f0c-8d25-6d9474a32886/build]   | Maven home: /home/runneradmin/.m2/wrapper/dists/apache-maven-3.6.3-bin/1iopthnavndlasol9gbrbg6bf2/apache-maven-3.6.3\n[2113f053-96e7-4f0c-8d25-6d9474a32886/build]   | Java version: 1.8.0_372, vendor: Azul Systems, Inc., runtime: /opt/hostedtoolcache/jdk/8.0.372/x64/jre\n[2113f053-96e7-4f0c-8d25-6d9474a32886/build]   | Default locale: en, platform encoding: UTF-8\n[2113f053-96e7-4f0c-8d25-6d9474a32886/build]   | OS name: \"linux\", version: \"5.4.0-146-generic\", arch: \"amd64\", family: \"unix\"\n[2113f053-96e7-4f0c-8d25-6d9474a32886/build]   | [INFO] Error stacktraces are turned on.\n[2113f053-96e7-4f0c-8d25-6d9474a32886/build]   | [INFO] Scanning for projects...\n[2113f053-96e7-4f0c-8d25-6d9474a32886/build]   | [INFO] Inspecting build with total of 1 modules...\n[2113f053-96e7-4f0c-8d25-6d9474a32886/build]   | [INFO] Installing Nexus Staging features:\n[2113f053-96e7-4f0c-8d25-6d9474a32886/build]   | [INFO]   ... total of 1 executions of maven-deploy-plugin replaced with nexus-staging-maven-plugin\n[2113f053-96e7-4f0c-8d25-6d9474a32886/build]   | [INFO] \n[2113f053-96e7-4f0c-8d25-6d9474a32886/build]   | [INFO] --------------< org.assertj:assertj-assertions-generator >--------------\n[2113f053-96e7-4f0c-8d25-6d9474a32886/build]   | [INFO] Building AssertJ Assertions Generator 2.2.2-SNAPSHOT\n[2113f053-96e7-4f0c-8d25-6d9474a32886/build]   | [INFO] --------------------------------[ jar ]---------------------------------\n[2113f053-96e7-4f0c-8d25-6d9474a32886/build]   | [INFO] \n[2113f053-96e7-4f0c-8d25-6d9474a32886/build]   | [INFO] --- maven-clean-plugin:3.1.0:clean (default-clean) @ assertj-assertions-generator ---\n[2113f053-96e7-4f0c-8d25-6d9474a32886/build]   | [INFO] \n[2113f053-96e7-4f0c-8d25-6d9474a32886/build]   | [INFO] --- maven-enforcer-plugin:3.0.0-M3:enforce (enforce-maven) @ assertj-assertions-generator ---\n[2113f053-96e7-4f0c-8d25-6d9474a32886/build]   | [INFO] \n[2113f053-96e7-4f0c-8d25-6d9474a32886/build]   | [INFO] --- license-maven-plugin:3.0:format (default) @ assertj-assertions-generator ---\n[2113f053-96e7-4f0c-8d25-6d9474a32886/build]   | [INFO] Updating license headers...\n[2113f053-96e7-4f0c-8d25-6d9474a32886/build]   | [INFO] \n[2113f053-96e7-4f0c-8d25-6d9474a32886/build]   | [INFO] --- jacoco-maven-plugin:0.8.6:prepare-agent (prepare-agent) @ assertj-assertions-generator ---\n[2113f053-96e7-4f0c-8d25-6d9474a32886/build]   | [INFO] argLine set to -javaagent:/home/runneradmin/.m2/repository/org/jacoco/org.jacoco.agent/0.8.6/org.jacoco.agent-0.8.6-runtime.jar=destfile=/tmp/3d783ea4-1661-11ee-8a50-bb14de238602/assertj-assertj-assertions-generator/target/jacoco.exec,excludes=**/AssertionGeneratorLauncher.*\n[2113f053-96e7-4f0c-8d25-6d9474a32886/build]   | [INFO] \n[2113f053-96e7-4f0c-8d25-6d9474a32886/build]   | [INFO] --- maven-resources-plugin:3.2.0:resources (default-resources) @ assertj-assertions-generator ---\n[2113f053-96e7-4f0c-8d25-6d9474a32886/build]   | [INFO] Using 'UTF-8' encoding to copy filtered resources.\n[2113f053-96e7-4f0c-8d25-6d9474a32886/build]   | [INFO] Using 'UTF-8' encoding to copy filtered properties files.\n[2113f053-96e7-4f0c-8d25-6d9474a32886/build]   | [INFO] Copying 35 resources\n[2113f053-96e7-4f0c-8d25-6d9474a32886/build]   | [INFO] \n[2113f053-96e7-4f0c-8d25-6d9474a32886/build]   | [INFO] --- maven-compiler-plugin:3.8.1:compile (default-compile) @ assertj-assertions-generator ---\n[2113f053-96e7-4f0c-8d25-6d9474a32886/build]   | [INFO] Changes detected - recompiling the module!\n[2113f053-96e7-4f0c-8d25-6d9474a32886/build]   | [INFO] Compiling 19 source files to /tmp/3d783ea4-1661-11ee-8a50-bb14de238602/assertj-assertj-assertions-generator/target/classes\n[2113f053-96e7-4f0c-8d25-6d9474a32886/build]   | [INFO] \n[2113f053-96e7-4f0c-8d25-6d9474a32886/build]   | [INFO] --- maven-resources-plugin:3.2.0:testResources (default-testResources) @ assertj-assertions-generator ---\n[2113f053-96e7-4f0c-8d25-6d9474a32886/build]   | [INFO] Using 'UTF-8' encoding to copy filtered resources.\n[2113f053-96e7-4f0c-8d25-6d9474a32886/build]   | [INFO] Using 'UTF-8' encoding to copy filtered properties files.\n[2113f053-96e7-4f0c-8d25-6d9474a32886/build]   | [INFO] Copying 82 resources\n[2113f053-96e7-4f0c-8d25-6d9474a32886/build]   | [INFO] \n[2113f053-96e7-4f0c-8d25-6d9474a32886/build]   | [INFO] --- maven-compiler-plugin:3.8.1:testCompile (default-testCompile) @ assertj-assertions-generator ---\n[2113f053-96e7-4f0c-8d25-6d9474a32886/build]   | [INFO] Changes detected - recompiling the module!\n[2113f053-96e7-4f0c-8d25-6d9474a32886/build]   | [INFO] Compiling 50 source files to /tmp/3d783ea4-1661-11ee-8a50-bb14de238602/assertj-assertj-assertions-generator/target/test-classes\n[2113f053-96e7-4f0c-8d25-6d9474a32886/build]   | [INFO] /tmp/3d783ea4-1661-11ee-8a50-bb14de238602/assertj-assertj-assertions-generator/src/test/java/org/assertj/assertions/generator/GenerationPathHandler.java: Some input files use or override a deprecated API.\n[2113f053-96e7-4f0c-8d25-6d9474a32886/build]   | [INFO] /tmp/3d783ea4-1661-11ee-8a50-bb14de238602/assertj-assertj-assertions-generator/src/test/java/org/assertj/assertions/generator/GenerationPathHandler.java: Recompile with -Xlint:deprecation for details.\n[2113f053-96e7-4f0c-8d25-6d9474a32886/build]   | [INFO] \n[2113f053-96e7-4f0c-8d25-6d9474a32886/build]   | [INFO] --- maven-surefire-plugin:2.22.2:test (default-test) @ assertj-assertions-generator ---\n[2113f053-96e7-4f0c-8d25-6d9474a32886/build]   | [INFO] Surefire report directory: /tmp/3d783ea4-1661-11ee-8a50-bb14de238602/assertj-assertj-assertions-generator/target/surefire-reports\n[2113f053-96e7-4f0c-8d25-6d9474a32886/build]   | [INFO] \n[2113f053-96e7-4f0c-8d25-6d9474a32886/build]   | [INFO] -------------------------------------------------------\n[2113f053-96e7-4f0c-8d25-6d9474a32886/build]   | [INFO]  T E S T S\n[2113f053-96e7-4f0c-8d25-6d9474a32886/build]   | [INFO] -------------------------------------------------------\n[2113f053-96e7-4f0c-8d25-6d9474a32886/build]   | [INFO] Running org.assertj.assertions.generator.TemplateTest\n[2113f053-96e7-4f0c-8d25-6d9474a32886/build]   | [INFO] Tests run: 3, Failures: 0, Errors: 0, Skipped: 0, Time elapsed: 0.384 s - in org.assertj.assertions.generator.TemplateTest\n[2113f053-96e7-4f0c-8d25-6d9474a32886/build]   | [INFO] Running org.assertj.assertions.generator.PlayerAssertTest\n[2113f053-96e7-4f0c-8d25-6d9474a32886/build]   | [INFO] Tests run: 1, Failures: 0, Errors: 0, Skipped: 0, Time elapsed: 0.001 s - in org.assertj.assertions.generator.PlayerAssertTest\n[2113f053-96e7-4f0c-8d25-6d9474a32886/build]   | [INFO] Running org.assertj.assertions.generator.description.FieldDescriptionTest\n[2113f053-96e7-4f0c-8d25-6d9474a32886/build]   | [INFO] Tests run: 15, Failures: 0, Errors: 0, Skipped: 0, Time elapsed: 0.191 s - in org.assertj.assertions.generator.description.FieldDescriptionTest\n[2113f053-96e7-4f0c-8d25-6d9474a32886/build]   | [INFO] Running org.assertj.assertions.generator.description.converter.ClassToClassDescriptionConverterTest\n[2113f053-96e7-4f0c-8d25-6d9474a32886/build]   | [INFO] Tests run: 17, Failures: 0, Errors: 0, Skipped: 0, Time elapsed: 0.186 s - in org.assertj.assertions.generator.description.converter.ClassToClassDescriptionConverterTest\n[2113f053-96e7-4f0c-8d25-6d9474a32886/build]   | [INFO] Running org.assertj.assertions.generator.description.GetterDescriptionTest\n[2113f053-96e7-4f0c-8d25-6d9474a32886/build]   | [INFO] Tests run: 8, Failures: 0, Errors: 0, Skipped: 0, Time elapsed: 0.014 s - in org.assertj.assertions.generator.description.GetterDescriptionTest\n[2113f053-96e7-4f0c-8d25-6d9474a32886/build]   | [INFO] Running org.assertj.assertions.generator.AssertionsEntryPointGeneratorTest\n[2113f053-96e7-4f0c-8d25-6d9474a32886/build]   | [INFO] Tests run: 17, Failures: 0, Errors: 0, Skipped: 0, Time elapsed: 0.732 s - in org.assertj.assertions.generator.AssertionsEntryPointGeneratorTest\n[2113f053-96e7-4f0c-8d25-6d9474a32886/build]   | [INFO] Running org.assertj.assertions.generator.AssertionGeneratorOverrideTemplateTest\n[2113f053-96e7-4f0c-8d25-6d9474a32886/build]   | [INFO] Tests run: 4, Failures: 0, Errors: 0, Skipped: 0, Time elapsed: 1.49 s - in org.assertj.assertions.generator.AssertionGeneratorOverrideTemplateTest\n[2113f053-96e7-4f0c-8d25-6d9474a32886/build]   | [INFO] Running org.assertj.assertions.generator.AssertionGeneratorTest\n[2113f053-96e7-4f0c-8d25-6d9474a32886/build]   | 10:46:23.935 INFO  o.a.a.g.AssertionGeneratorTest - Generating flat assertions for class org.assertj.assertions.generator.data.WithPrivateFields\n[2113f053-96e7-4f0c-8d25-6d9474a32886/build]   | 10:46:24.185 INFO  o.a.a.g.AssertionGeneratorTest - Generating hierarchical assertions for [class org.assertj.assertions.generator.data.WithPrivateFields, class org.assertj.assertions.generator.data.WithPrivateFieldsParent]\n[2113f053-96e7-4f0c-8d25-6d9474a32886/build]   | 10:46:24.385 INFO  o.a.a.g.AssertionGeneratorTest - Generating flat assertions for class org.assertj.assertions.generator.data.nba.Player\n[2113f053-96e7-4f0c-8d25-6d9474a32886/build]   | 10:46:24.675 INFO  o.a.a.g.AssertionGeneratorTest - Generating hierarchical assertions for [class org.assertj.assertions.generator.data.nba.Player]\n[2113f053-96e7-4f0c-8d25-6d9474a32886/build]   | 10:46:24.850 INFO  o.a.a.g.AssertionGeneratorTest - Generating flat assertions for interface org.assertj.assertions.generator.data.nba.PlayerAgent\n[2113f053-96e7-4f0c-8d25-6d9474a32886/build]   | 10:46:24.898 INFO  o.a.a.g.AssertionGeneratorTest - Generating hierarchical assertions for [interface org.assertj.assertions.generator.data.nba.PlayerAgent]\n[2113f053-96e7-4f0c-8d25-6d9474a32886/build]   | 10:46:24.945 INFO  o.a.a.g.AssertionGeneratorTest - Generating flat assertions for class org.assertj.assertions.generator.data.AnnotatedClass\n[2113f053-96e7-4f0c-8d25-6d9474a32886/build]   | 10:46:24.983 INFO  o.a.a.g.AssertionGeneratorTest - Generating hierarchical assertions for [class org.assertj.assertions.generator.data.AnnotatedClass]\n[2113f053-96e7-4f0c-8d25-6d9474a32886/build]   | 10:46:25.025 INFO  o.a.a.g.AssertionGeneratorTest - Generating flat assertions for class org.assertj.assertions.generator.data.Dollar$\n[2113f053-96e7-4f0c-8d25-6d9474a32886/build]   | 10:46:25.052 INFO  o.a.a.g.AssertionGeneratorTest - Generating hierarchical assertions for [class org.assertj.assertions.generator.data.Dollar$]\n[2113f053-96e7-4f0c-8d25-6d9474a32886/build]   | 10:46:25.081 INFO  o.a.a.g.AssertionGeneratorTest - Generating flat assertions for class org.assertj.assertions.generator.data.AnnotatedClass\n[2113f053-96e7-4f0c-8d25-6d9474a32886/build]   | 10:46:25.110 INFO  o.a.a.g.AssertionGeneratorTest - Generating hierarchical assertions for [class org.assertj.assertions.generator.data.AnnotatedClass]\n[2113f053-96e7-4f0c-8d25-6d9474a32886/build]   | 10:46:25.149 INFO  o.a.a.g.AssertionGeneratorTest - Generating flat assertions for class com.google.common.base.Optional\n[2113f053-96e7-4f0c-8d25-6d9474a32886/build]   | 10:46:25.193 INFO  o.a.a.g.AssertionGeneratorTest - Generating hierarchical assertions for [class com.google.common.base.Optional]\n[2113f053-96e7-4f0c-8d25-6d9474a32886/build]   | 10:46:25.229 INFO  o.a.a.g.AssertionGeneratorTest - Generating flat assertions for class org.assertj.assertions.generator.ClassUsingDifferentClassesWithSameName\n[2113f053-96e7-4f0c-8d25-6d9474a32886/build]   | 10:46:25.254 INFO  o.a.a.g.AssertionGeneratorTest - Generating hierarchical assertions for [class org.assertj.assertions.generator.ClassUsingDifferentClassesWithSameName]\n[2113f053-96e7-4f0c-8d25-6d9474a32886/build]   | 10:46:25.290 INFO  o.a.a.g.AssertionGeneratorTest - Generating flat assertions for class org.assertj.assertions.generator.data.AutoValueAnnotatedClass\n[2113f053-96e7-4f0c-8d25-6d9474a32886/build]   | 10:46:25.317 INFO  o.a.a.g.AssertionGeneratorTest - Generating hierarchical assertions for [class org.assertj.assertions.generator.data.AutoValueAnnotatedClass]\n[2113f053-96e7-4f0c-8d25-6d9474a32886/build]   | 10:46:25.345 INFO  o.a.a.g.AssertionGeneratorTest - Generating flat assertions for class org.assertj.assertions.generator.data.Name\n[2113f053-96e7-4f0c-8d25-6d9474a32886/build]   | 10:46:25.375 INFO  o.a.a.g.AssertionGeneratorTest - Generating hierarchical assertions for [class org.assertj.assertions.generator.data.Name]\n[2113f053-96e7-4f0c-8d25-6d9474a32886/build]   | 10:46:25.405 INFO  o.a.a.g.AssertionGeneratorTest - Generating flat assertions for class org.assertj.assertions.generator.data.Keywords\n[2113f053-96e7-4f0c-8d25-6d9474a32886/build]   | 10:46:25.534 INFO  o.a.a.g.AssertionGeneratorTest - Generating hierarchical assertions for [class org.assertj.assertions.generator.data.Keywords]\n[2113f053-96e7-4f0c-8d25-6d9474a32886/build]   | 10:46:25.682 INFO  o.a.a.g.AssertionGeneratorTest - Generating flat assertions for class org.assertj.assertions.generator.data.Primitives\n[2113f053-96e7-4f0c-8d25-6d9474a32886/build]   | 10:46:25.748 INFO  o.a.a.g.AssertionGeneratorTest - Generating hierarchical assertions for [class org.assertj.assertions.generator.data.Primitives]\n[2113f053-96e7-4f0c-8d25-6d9474a32886/build]   | 10:46:25.912 INFO  o.a.a.g.AssertionGeneratorTest - Generating assertions for org.assertj.assertions.generator.data.art.ArtWork\n[2113f053-96e7-4f0c-8d25-6d9474a32886/build]   | 10:46:25.927 INFO  o.a.a.g.AssertionGeneratorTest - Generated ArtWork assertions file -> /tmp/3d783ea4-1661-11ee-8a50-bb14de238602/assertj-assertj-assertions-generator/target/generated-test-output/junit481284045312556188/org/assertj/assertions/generator/data/art/ArtWorkAssert.java\n[2113f053-96e7-4f0c-8d25-6d9474a32886/build]   | 10:46:25.928 INFO  o.a.a.g.AssertionGeneratorTest - Generating assertions for org.assertj.assertions.generator.data.cars.Car\n[2113f053-96e7-4f0c-8d25-6d9474a32886/build]   | 10:46:25.929 INFO  o.a.a.g.AssertionGeneratorTest - Generated Car assertions file -> /tmp/3d783ea4-1661-11ee-8a50-bb14de238602/assertj-assertj-assertions-generator/target/generated-test-output/junit481284045312556188/org/assertj/assertions/generator/data/cars/CarAssert.java\n[2113f053-96e7-4f0c-8d25-6d9474a32886/build]   | 10:46:25.929 INFO  o.a.a.g.AssertionGeneratorTest - Generating assertions for org.assertj.assertions.generator.data.WithPrivateFieldsParent\n[2113f053-96e7-4f0c-8d25-6d9474a32886/build]   | 10:46:25.930 INFO  o.a.a.g.AssertionGeneratorTest - Generated WithPrivateFieldsParent assertions file -> /tmp/3d783ea4-1661-11ee-8a50-bb14de238602/assertj-assertj-assertions-generator/target/generated-test-output/junit481284045312556188/org/assertj/assertions/generator/data/WithPrivateFieldsParentAssert.java\n[2113f053-96e7-4f0c-8d25-6d9474a32886/build]   | 10:46:25.930 INFO  o.a.a.g.AssertionGeneratorTest - Generating assertions for org.assertj.assertions.generator.data.AnnotatedClass\n[2113f053-96e7-4f0c-8d25-6d9474a32886/build]   | 10:46:25.931 INFO  o.a.a.g.AssertionGeneratorTest - Generated AnnotatedClass assertions file -> /tmp/3d783ea4-1661-11ee-8a50-bb14de238602/assertj-assertj-assertions-generator/target/generated-test-output/junit481284045312556188/org/assertj/assertions/generator/data/AnnotatedClassAssert.java\n[2113f053-96e7-4f0c-8d25-6d9474a32886/build]   | 10:46:25.931 INFO  o.a.a.g.AssertionGeneratorTest - Generating assertions for org.assertj.assertions.generator.data.BeanWithTwoExceptions\n[2113f053-96e7-4f0c-8d25-6d9474a32886/build]   | 10:46:25.933 INFO  o.a.a.g.AssertionGeneratorTest - Generated BeanWithTwoExceptions assertions file -> /tmp/3d783ea4-1661-11ee-8a50-bb14de238602/assertj-assertj-assertions-generator/target/generated-test-output/junit481284045312556188/org/assertj/assertions/generator/data/BeanWithTwoExceptionsAssert.java\n[2113f053-96e7-4f0c-8d25-6d9474a32886/build]   | 10:46:25.933 INFO  o.a.a.g.AssertionGeneratorTest - Generating assertions for org.assertj.assertions.generator.data.nba.PlayerAgent\n[2113f053-96e7-4f0c-8d25-6d9474a32886/build]   | 10:46:25.934 INFO  o.a.a.g.AssertionGeneratorTest - Generated PlayerAgent assertions file -> /tmp/3d783ea4-1661-11ee-8a50-bb14de238602/assertj-assertj-assertions-generator/target/generated-test-output/junit481284045312556188/org/assertj/assertions/generator/data/nba/PlayerAgentAssert.java\n[2113f053-96e7-4f0c-8d25-6d9474a32886/build]   | 10:46:25.934 INFO  o.a.a.g.AssertionGeneratorTest - Generating assertions for org.assertj.assertions.generator.data.nba.team.Team\n[2113f053-96e7-4f0c-8d25-6d9474a32886/build]   | 10:46:25.935 INFO  o.a.a.g.AssertionGeneratorTest - Generated Team assertions file -> /tmp/3d783ea4-1661-11ee-8a50-bb14de238602/assertj-assertj-assertions-generator/target/generated-test-output/junit481284045312556188/org/assertj/assertions/generator/data/nba/team/TeamAssert.java\n[2113f053-96e7-4f0c-8d25-6d9474a32886/build]   | 10:46:25.935 INFO  o.a.a.g.AssertionGeneratorTest - Generating assertions for org.assertj.assertions.generator.data.nba.team.Coach\n[2113f053-96e7-4f0c-8d25-6d9474a32886/build]   | 10:46:25.935 INFO  o.a.a.g.AssertionGeneratorTest - Generated Coach assertions file -> /tmp/3d783ea4-1661-11ee-8a50-bb14de238602/assertj-assertj-assertions-generator/target/generated-test-output/junit481284045312556188/org/assertj/assertions/generator/data/nba/team/CoachAssert.java\n[2113f053-96e7-4f0c-8d25-6d9474a32886/build]   | 10:46:25.935 INFO  o.a.a.g.AssertionGeneratorTest - Generating assertions for org.assertj.assertions.generator.data.nba.Player\n[2113f053-96e7-4f0c-8d25-6d9474a32886/build]   | 10:46:25.946 INFO  o.a.a.g.AssertionGeneratorTest - Generated Player assertions file -> /tmp/3d783ea4-1661-11ee-8a50-bb14de238602/assertj-assertj-assertions-generator/target/generated-test-output/junit481284045312556188/org/assertj/assertions/generator/data/nba/PlayerAssert.java\n[2113f053-96e7-4f0c-8d25-6d9474a32886/build]   | 10:46:25.946 INFO  o.a.a.g.AssertionGeneratorTest - Generating assertions for org.assertj.assertions.generator.data.OuterClass$InnerPerson$IP_InnerPerson\n[2113f053-96e7-4f0c-8d25-6d9474a32886/build]   | 10:46:25.947 INFO  o.a.a.g.AssertionGeneratorTest - Generated IP_InnerPerson assertions file -> /tmp/3d783ea4-1661-11ee-8a50-bb14de238602/assertj-assertj-assertions-generator/target/generated-test-output/junit481284045312556188/org/assertj/assertions/generator/data/OuterClassInnerPersonIP_InnerPersonAssert.java\n[2113f053-96e7-4f0c-8d25-6d9474a32886/build]   | 10:46:25.947 INFO  o.a.a.g.AssertionGeneratorTest - Generating assertions for org.assertj.assertions.generator.data.Team\n[2113f053-96e7-4f0c-8d25-6d9474a32886/build]   | 10:46:25.950 INFO  o.a.a.g.AssertionGeneratorTest - Generated Team assertions file -> /tmp/3d783ea4-1661-11ee-8a50-bb14de238602/assertj-assertj-assertions-generator/target/generated-test-output/junit481284045312556188/org/assertj/assertions/generator/data/TeamAssert.java\n[2113f053-96e7-4f0c-8d25-6d9474a32886/build]   | 10:46:25.951 INFO  o.a.a.g.AssertionGeneratorTest - Generating assertions for org.assertj.assertions.generator.data.inner.Data\n[2113f053-96e7-4f0c-8d25-6d9474a32886/build]   | 10:46:25.951 INFO  o.a.a.g.AssertionGeneratorTest - Generated Data assertions file -> /tmp/3d783ea4-1661-11ee-8a50-bb14de238602/assertj-assertj-assertions-generator/target/generated-test-output/junit481284045312556188/org/assertj/assertions/generator/data/inner/DataAssert.java\n[2113f053-96e7-4f0c-8d25-6d9474a32886/build]   | 10:46:25.951 INFO  o.a.a.g.AssertionGeneratorTest - Generating assertions for org.assertj.assertions.generator.data.inner.Data$NestedClass\n[2113f053-96e7-4f0c-8d25-6d9474a32886/build]   | 10:46:25.952 INFO  o.a.a.g.AssertionGeneratorTest - Generated NestedClass assertions file -> /tmp/3d783ea4-1661-11ee-8a50-bb14de238602/assertj-assertj-assertions-generator/target/generated-test-output/junit481284045312556188/org/assertj/assertions/generator/data/inner/DataNestedClassAssert.java\n[2113f053-96e7-4f0c-8d25-6d9474a32886/build]   | 10:46:25.952 INFO  o.a.a.g.AssertionGeneratorTest - Generating assertions for org.assertj.assertions.generator.data.Dollar$\n[2113f053-96e7-4f0c-8d25-6d9474a32886/build]   | 10:46:25.952 INFO  o.a.a.g.AssertionGeneratorTest - Generated Dollar$ assertions file -> /tmp/3d783ea4-1661-11ee-8a50-bb14de238602/assertj-assertj-assertions-generator/target/generated-test-output/junit481284045312556188/org/assertj/assertions/generator/data/Dollar$Assert.java\n[2113f053-96e7-4f0c-8d25-6d9474a32886/build]   | 10:46:25.953 INFO  o.a.a.g.AssertionGeneratorTest - Generating assertions for org.assertj.assertions.generator.data.Keywords\n[2113f053-96e7-4f0c-8d25-6d9474a32886/build]   | 10:46:25.960 INFO  o.a.a.g.AssertionGeneratorTest - Generated Keywords assertions file -> /tmp/3d783ea4-1661-11ee-8a50-bb14de238602/assertj-assertj-assertions-generator/target/generated-test-output/junit481284045312556188/org/assertj/assertions/generator/data/KeywordsAssert.java\n[2113f053-96e7-4f0c-8d25-6d9474a32886/build]   | 10:46:25.961 INFO  o.a.a.g.AssertionGeneratorTest - Generating assertions for org.assertj.assertions.generator.data.Primitives\n[2113f053-96e7-4f0c-8d25-6d9474a32886/build]   | 10:46:25.965 INFO  o.a.a.g.AssertionGeneratorTest - Generated Primitives assertions file -> /tmp/3d783ea4-1661-11ee-8a50-bb14de238602/assertj-assertj-assertions-generator/target/generated-test-output/junit481284045312556188/org/assertj/assertions/generator/data/PrimitivesAssert.java\n[2113f053-96e7-4f0c-8d25-6d9474a32886/build]   | 10:46:25.965 INFO  o.a.a.g.AssertionGeneratorTest - Generating assertions for org.assertj.assertions.generator.data.BlockBuster\n[2113f053-96e7-4f0c-8d25-6d9474a32886/build]   | 10:46:25.967 INFO  o.a.a.g.AssertionGeneratorTest - Generated BlockBuster assertions file -> /tmp/3d783ea4-1661-11ee-8a50-bb14de238602/assertj-assertj-assertions-generator/target/generated-test-output/junit481284045312556188/org/assertj/assertions/generator/data/BlockBusterAssert.java\n[2113f053-96e7-4f0c-8d25-6d9474a32886/build]   | 10:46:25.967 INFO  o.a.a.g.AssertionGeneratorTest - Generating assertions for org.assertj.assertions.generator.data.EnemyReport\n[2113f053-96e7-4f0c-8d25-6d9474a32886/build]   | 10:46:25.968 INFO  o.a.a.g.AssertionGeneratorTest - Generated EnemyReport assertions file -> /tmp/3d783ea4-1661-11ee-8a50-bb14de238602/assertj-assertj-assertions-generator/target/generated-test-output/junit481284045312556188/org/assertj/assertions/generator/data/EnemyReportAssert.java\n[2113f053-96e7-4f0c-8d25-6d9474a32886/build]   | 10:46:25.968 INFO  o.a.a.g.AssertionGeneratorTest - Generating assertions for org.assertj.assertions.generator.data.OuterClass$StaticNestedPerson$SNP_InnerPerson\n[2113f053-96e7-4f0c-8d25-6d9474a32886/build]   | 10:46:25.974 INFO  o.a.a.g.AssertionGeneratorTest - Generated SNP_InnerPerson assertions file -> /tmp/3d783ea4-1661-11ee-8a50-bb14de238602/assertj-assertj-assertions-generator/target/generated-test-output/junit481284045312556188/org/assertj/assertions/generator/data/OuterClassStaticNestedPersonSNP_InnerPersonAssert.java\n[2113f053-96e7-4f0c-8d25-6d9474a32886/build]   | 10:46:25.975 INFO  o.a.a.g.AssertionGeneratorTest - Generating assertions for org.assertj.assertions.generator.data.BooleanPredicates\n[2113f053-96e7-4f0c-8d25-6d9474a32886/build]   | 10:46:25.982 INFO  o.a.a.g.AssertionGeneratorTest - Generated BooleanPredicates assertions file -> /tmp/3d783ea4-1661-11ee-8a50-bb14de238602/assertj-assertj-assertions-generator/target/generated-test-output/junit481284045312556188/org/assertj/assertions/generator/data/BooleanPredicatesAssert.java\n[2113f053-96e7-4f0c-8d25-6d9474a32886/build]   | 10:46:25.983 INFO  o.a.a.g.AssertionGeneratorTest - Generating assertions for org.assertj.assertions.generator.data.OuterClass$StaticNestedPerson$SNP_StaticNestedPerson\n[2113f053-96e7-4f0c-8d25-6d9474a32886/build]   | 10:46:25.989 INFO  o.a.a.g.AssertionGeneratorTest - Generated SNP_StaticNestedPerson assertions file -> /tmp/3d783ea4-1661-11ee-8a50-bb14de238602/assertj-assertj-assertions-generator/target/generated-test-output/junit481284045312556188/org/assertj/assertions/generator/data/OuterClassStaticNestedPersonSNP_StaticNestedPersonAssert.java\n[2113f053-96e7-4f0c-8d25-6d9474a32886/build]   | 10:46:25.990 INFO  o.a.a.g.AssertionGeneratorTest - Generating assertions for org.assertj.assertions.generator.data.OuterClass$StaticNestedPerson\n[2113f053-96e7-4f0c-8d25-6d9474a32886/build]   | 10:46:25.996 INFO  o.a.a.g.AssertionGeneratorTest - Generated StaticNestedPerson assertions file -> /tmp/3d783ea4-1661-11ee-8a50-bb14de238602/assertj-assertj-assertions-generator/target/generated-test-output/junit481284045312556188/org/assertj/assertions/generator/data/OuterClassStaticNestedPersonAssert.java\n[2113f053-96e7-4f0c-8d25-6d9474a32886/build]   | 10:46:25.997 INFO  o.a.a.g.AssertionGeneratorTest - Generating assertions for org.assertj.assertions.generator.data.BeanWithOneException\n[2113f053-96e7-4f0c-8d25-6d9474a32886/build]   | 10:46:26.007 INFO  o.a.a.g.AssertionGeneratorTest - Generated BeanWithOneException assertions file -> /tmp/3d783ea4-1661-11ee-8a50-bb14de238602/assertj-assertj-assertions-generator/target/generated-test-output/junit481284045312556188/org/assertj/assertions/generator/data/BeanWithOneExceptionAssert.java\n[2113f053-96e7-4f0c-8d25-6d9474a32886/build]   | 10:46:26.007 INFO  o.a.a.g.AssertionGeneratorTest - Generating assertions for org.assertj.assertions.generator.data.TreeEnum\n[2113f053-96e7-4f0c-8d25-6d9474a32886/build]   | 10:46:26.019 INFO  o.a.a.g.AssertionGeneratorTest - Generated TreeEnum assertions file -> /tmp/3d783ea4-1661-11ee-8a50-bb14de238602/assertj-assertj-assertions-generator/target/generated-test-output/junit481284045312556188/org/assertj/assertions/generator/data/TreeEnumAssert.java\n[2113f053-96e7-4f0c-8d25-6d9474a32886/build]   | 10:46:26.020 INFO  o.a.a.g.AssertionGeneratorTest - Generating assertions for org.assertj.assertions.generator.data.FieldPropertyClash\n[2113f053-96e7-4f0c-8d25-6d9474a32886/build]   | 10:46:26.025 INFO  o.a.a.g.AssertionGeneratorTest - Generated FieldPropertyClash assertions file -> /tmp/3d783ea4-1661-11ee-8a50-bb14de238602/assertj-assertj-assertions-generator/target/generated-test-output/junit481284045312556188/org/assertj/assertions/generator/data/FieldPropertyClashAssert.java\n[2113f053-96e7-4f0c-8d25-6d9474a32886/build]   | 10:46:26.025 INFO  o.a.a.g.AssertionGeneratorTest - Generating assertions for org.assertj.assertions.generator.data.ParameterClashWithVariables\n[2113f053-96e7-4f0c-8d25-6d9474a32886/build]   | 10:46:26.030 INFO  o.a.a.g.AssertionGeneratorTest - Generated ParameterClashWithVariables assertions file -> /tmp/3d783ea4-1661-11ee-8a50-bb14de238602/assertj-assertj-assertions-generator/target/generated-test-output/junit481284045312556188/org/assertj/assertions/generator/data/ParameterClashWithVariablesAssert.java\n[2113f053-96e7-4f0c-8d25-6d9474a32886/build]   | 10:46:26.030 INFO  o.a.a.g.AssertionGeneratorTest - Generating assertions for org.assertj.assertions.generator.data.Name\n[2113f053-96e7-4f0c-8d25-6d9474a32886/build]   | 10:46:26.033 INFO  o.a.a.g.AssertionGeneratorTest - Generated Name assertions file -> /tmp/3d783ea4-1661-11ee-8a50-bb14de238602/assertj-assertj-assertions-generator/target/generated-test-output/junit481284045312556188/org/assertj/assertions/generator/data/NameAssert.java\n[2113f053-96e7-4f0c-8d25-6d9474a32886/build]   | 10:46:26.033 INFO  o.a.a.g.AssertionGeneratorTest - Generating assertions for org.assertj.assertions.generator.data.OuterClass$InnerPerson\n[2113f053-96e7-4f0c-8d25-6d9474a32886/build]   | 10:46:26.036 INFO  o.a.a.g.AssertionGeneratorTest - Generated InnerPerson assertions file -> /tmp/3d783ea4-1661-11ee-8a50-bb14de238602/assertj-assertj-assertions-generator/target/generated-test-output/junit481284045312556188/org/assertj/assertions/generator/data/OuterClassInnerPersonAssert.java\n[2113f053-96e7-4f0c-8d25-6d9474a32886/build]   | 10:46:26.036 INFO  o.a.a.g.AssertionGeneratorTest - Generating assertions for org.assertj.assertions.generator.data.OuterClass\n[2113f053-96e7-4f0c-8d25-6d9474a32886/build]   | 10:46:26.037 INFO  o.a.a.g.AssertionGeneratorTest - Generated OuterClass assertions file -> /tmp/3d783ea4-1661-11ee-8a50-bb14de238602/assertj-assertj-assertions-generator/target/generated-test-output/junit481284045312556188/org/assertj/assertions/generator/data/OuterClassAssert.java\n[2113f053-96e7-4f0c-8d25-6d9474a32886/build]   | 10:46:26.037 INFO  o.a.a.g.AssertionGeneratorTest - Generating assertions for org.assertj.assertions.generator.data.lotr.FellowshipOfTheRing\n[2113f053-96e7-4f0c-8d25-6d9474a32886/build]   | 10:46:26.038 INFO  o.a.a.g.AssertionGeneratorTest - Generated FellowshipOfTheRing assertions file -> /tmp/3d783ea4-1661-11ee-8a50-bb14de238602/assertj-assertj-assertions-generator/target/generated-test-output/junit481284045312556188/org/assertj/assertions/generator/data/lotr/FellowshipOfTheRingAssert.java\n[2113f053-96e7-4f0c-8d25-6d9474a32886/build]   | 10:46:26.038 INFO  o.a.a.g.AssertionGeneratorTest - Generating assertions for org.assertj.assertions.generator.data.lotr.Race\n[2113f053-96e7-4f0c-8d25-6d9474a32886/build]   | 10:46:26.039 INFO  o.a.a.g.AssertionGeneratorTest - Generated Race assertions file -> /tmp/3d783ea4-1661-11ee-8a50-bb14de238602/assertj-assertj-assertions-generator/target/generated-test-output/junit481284045312556188/org/assertj/assertions/generator/data/lotr/RaceAssert.java\n[2113f053-96e7-4f0c-8d25-6d9474a32886/build]   | 10:46:26.039 INFO  o.a.a.g.AssertionGeneratorTest - Generating assertions for org.assertj.assertions.generator.data.lotr.TolkienCharacter\n[2113f053-96e7-4f0c-8d25-6d9474a32886/build]   | 10:46:26.040 INFO  o.a.a.g.AssertionGeneratorTest - Generated TolkienCharacter assertions file -> /tmp/3d783ea4-1661-11ee-8a50-bb14de238602/assertj-assertj-assertions-generator/target/generated-test-output/junit481284045312556188/org/assertj/assertions/generator/data/lotr/TolkienCharacterAssert.java\n[2113f053-96e7-4f0c-8d25-6d9474a32886/build]   | 10:46:26.040 INFO  o.a.a.g.AssertionGeneratorTest - Generating assertions for org.assertj.assertions.generator.data.lotr.Ring\n[2113f053-96e7-4f0c-8d25-6d9474a32886/build]   | 10:46:26.041 INFO  o.a.a.g.AssertionGeneratorTest - Generated Ring assertions file -> /tmp/3d783ea4-1661-11ee-8a50-bb14de238602/assertj-assertj-assertions-generator/target/generated-test-output/junit481284045312556188/org/assertj/assertions/generator/data/lotr/RingAssert.java\n[2113f053-96e7-4f0c-8d25-6d9474a32886/build]   | 10:46:26.041 INFO  o.a.a.g.AssertionGeneratorTest - Generating assertions for org.assertj.assertions.generator.data.Movie$PublicCategory\n[2113f053-96e7-4f0c-8d25-6d9474a32886/build]   | 10:46:26.042 INFO  o.a.a.g.AssertionGeneratorTest - Generated PublicCategory assertions file -> /tmp/3d783ea4-1661-11ee-8a50-bb14de238602/assertj-assertj-assertions-generator/target/generated-test-output/junit481284045312556188/org/assertj/assertions/generator/data/MoviePublicCategoryAssert.java\n[2113f053-96e7-4f0c-8d25-6d9474a32886/build]   | 10:46:26.042 INFO  o.a.a.g.AssertionGeneratorTest - Generating assertions for org.assertj.assertions.generator.data.InterferencePrimitives\n[2113f053-96e7-4f0c-8d25-6d9474a32886/build]   | 10:46:26.043 INFO  o.a.a.g.AssertionGeneratorTest - Generated InterferencePrimitives assertions file -> /tmp/3d783ea4-1661-11ee-8a50-bb14de238602/assertj-assertj-assertions-generator/target/generated-test-output/junit481284045312556188/org/assertj/assertions/generator/data/InterferencePrimitivesAssert.java\n[2113f053-96e7-4f0c-8d25-6d9474a32886/build]   | 10:46:26.043 INFO  o.a.a.g.AssertionGeneratorTest - Generating assertions for org.assertj.assertions.generator.data.WithPrivateFields\n[2113f053-96e7-4f0c-8d25-6d9474a32886/build]   | 10:46:26.044 INFO  o.a.a.g.AssertionGeneratorTest - Generated WithPrivateFields assertions file -> /tmp/3d783ea4-1661-11ee-8a50-bb14de238602/assertj-assertj-assertions-generator/target/generated-test-output/junit481284045312556188/org/assertj/assertions/generator/data/WithPrivateFieldsAssert.java\n[2113f053-96e7-4f0c-8d25-6d9474a32886/build]   | 10:46:26.044 INFO  o.a.a.g.AssertionGeneratorTest - Generating assertions for org.assertj.assertions.generator.data.Movie\n[2113f053-96e7-4f0c-8d25-6d9474a32886/build]   | 10:46:26.045 INFO  o.a.a.g.AssertionGeneratorTest - Generated Movie assertions file -> /tmp/3d783ea4-1661-11ee-8a50-bb14de238602/assertj-assertj-assertions-generator/target/generated-test-output/junit481284045312556188/org/assertj/assertions/generator/data/MovieAssert.java\n[2113f053-96e7-4f0c-8d25-6d9474a32886/build]   | 10:46:26.045 INFO  o.a.a.g.AssertionGeneratorTest - Generating assertions for org.assertj.assertions.generator.data.AutoValueAnnotatedClass\n[2113f053-96e7-4f0c-8d25-6d9474a32886/build]   | 10:46:26.046 INFO  o.a.a.g.AssertionGeneratorTest - Generated AutoValueAnnotatedClass assertions file -> /tmp/3d783ea4-1661-11ee-8a50-bb14de238602/assertj-assertj-assertions-generator/target/generated-test-output/junit481284045312556188/org/assertj/assertions/generator/data/AutoValueAnnotatedClassAssert.java\n[2113f053-96e7-4f0c-8d25-6d9474a32886/build]   | 10:46:26.046 INFO  o.a.a.g.AssertionGeneratorTest - Generating assertions for org.assertj.assertions.generator.data.AutoValue\n[2113f053-96e7-4f0c-8d25-6d9474a32886/build]   | 10:46:26.047 INFO  o.a.a.g.AssertionGeneratorTest - Generated AutoValue assertions file -> /tmp/3d783ea4-1661-11ee-8a50-bb14de238602/assertj-assertj-assertions-generator/target/generated-test-output/junit481284045312556188/org/assertj/assertions/generator/data/AutoValueAssert.java\n[2113f053-96e7-4f0c-8d25-6d9474a32886/build]   | 10:46:26.051 INFO  o.a.a.g.AssertionGeneratorTest - Generating hierarchical assertions for [class org.assertj.assertions.generator.data.BlockBuster, class org.assertj.assertions.generator.data.Movie, class org.assertj.assertions.generator.data.art.ArtWork]\n[2113f053-96e7-4f0c-8d25-6d9474a32886/build]   | 10:46:26.181 INFO  o.a.a.g.AssertionGeneratorTest - Generating flat assertions for class org.assertj.assertions.generator.data.ParameterClashWithVariables\n[2113f053-96e7-4f0c-8d25-6d9474a32886/build]   | 10:46:26.265 INFO  o.a.a.g.AssertionGeneratorTest - Generating flat assertions for class org.assertj.assertions.generator.data.FieldPropertyClash\n[2113f053-96e7-4f0c-8d25-6d9474a32886/build]   | 10:46:26.317 INFO  o.a.a.g.AssertionGeneratorTest - Generating hierarchical assertions for [class org.assertj.assertions.generator.data.FieldPropertyClash]\n[2113f053-96e7-4f0c-8d25-6d9474a32886/build]   | 10:46:26.371 INFO  o.a.a.g.AssertionGeneratorTest - Generating flat assertions for class org.assertj.assertions.generator.data.Movie\n[2113f053-96e7-4f0c-8d25-6d9474a32886/build]   | 10:46:26.451 INFO  o.a.a.g.AssertionGeneratorTest - Generating hierarchical assertions for [class org.assertj.assertions.generator.data.art.ArtWork]\n[2113f053-96e7-4f0c-8d25-6d9474a32886/build]   | 10:46:26.517 INFO  o.a.a.g.AssertionGeneratorTest - Generating flat assertions for class org.assertj.assertions.generator.data.InterferencePrimitives\n[2113f053-96e7-4f0c-8d25-6d9474a32886/build]   | 10:46:26.551 INFO  o.a.a.g.AssertionGeneratorTest - Generating hierarchical assertions for [class org.assertj.assertions.generator.data.InterferencePrimitives]\n[2113f053-96e7-4f0c-8d25-6d9474a32886/build]   | 10:46:26.607 INFO  o.a.a.g.AssertionGeneratorTest - Generating flat assertions for class org.assertj.assertions.generator.data.BooleanPredicates\n[2113f053-96e7-4f0c-8d25-6d9474a32886/build]   | 10:46:26.647 INFO  o.a.a.g.AssertionGeneratorTest - Generating hierarchical assertions for [class org.assertj.assertions.generator.data.BooleanPredicates]\n[2113f053-96e7-4f0c-8d25-6d9474a32886/build]   | 10:46:26.709 INFO  o.a.a.g.AssertionGeneratorTest - Generating flat assertions for class org.assertj.assertions.generator.data.Team\n[2113f053-96e7-4f0c-8d25-6d9474a32886/build]   | 10:46:26.866 INFO  o.a.a.g.AssertionGeneratorTest - Generating hierarchical assertions for [class org.assertj.assertions.generator.data.Team]\n[2113f053-96e7-4f0c-8d25-6d9474a32886/build]   | 10:46:27.003 INFO  o.a.a.g.AssertionGeneratorTest - Generating flat assertions for class org.assertj.assertions.generator.data.nba.Player in package my.assertions\n[2113f053-96e7-4f0c-8d25-6d9474a32886/build]   | 10:46:27.123 INFO  o.a.a.g.AssertionGeneratorTest - Generating hierarchical assertions for class org.assertj.assertions.generator.data.nba.Player in package my.assertions\n[2113f053-96e7-4f0c-8d25-6d9474a32886/build]   | 10:46:27.252 INFO  o.a.a.g.AssertionGeneratorTest - Generating flat assertions for interface org.assertj.assertions.generator.data.nba.PlayerAgent in package my.assertions\n[2113f053-96e7-4f0c-8d25-6d9474a32886/build]   | 10:46:27.287 INFO  o.a.a.g.AssertionGeneratorTest - Generating hierarchical assertions for interface org.assertj.assertions.generator.data.nba.PlayerAgent in package my.assertions\n[2113f053-96e7-4f0c-8d25-6d9474a32886/build]   | 10:46:27.405 INFO  o.a.a.g.AssertionGeneratorTest - Generating assertions for org.assertj.assertions.generator.data.art.ArtWork\n[2113f053-96e7-4f0c-8d25-6d9474a32886/build]   | 10:46:27.431 INFO  o.a.a.g.AssertionGeneratorTest - Generated ArtWork assertions file -> /tmp/3d783ea4-1661-11ee-8a50-bb14de238602/assertj-assertj-assertions-generator/target/generated-test-output/junit8399150780667637643/org/assertj/assertions/generator/data/art/ArtWorkAssert.java\n[2113f053-96e7-4f0c-8d25-6d9474a32886/build]   | 10:46:27.432 INFO  o.a.a.g.AssertionGeneratorTest - Generating assertions for org.assertj.assertions.generator.data.cars.Car\n[2113f053-96e7-4f0c-8d25-6d9474a32886/build]   | 10:46:27.433 INFO  o.a.a.g.AssertionGeneratorTest - Generated Car assertions file -> /tmp/3d783ea4-1661-11ee-8a50-bb14de238602/assertj-assertj-assertions-generator/target/generated-test-output/junit8399150780667637643/org/assertj/assertions/generator/data/cars/CarAssert.java\n[2113f053-96e7-4f0c-8d25-6d9474a32886/build]   | 10:46:27.433 INFO  o.a.a.g.AssertionGeneratorTest - Generating assertions for org.assertj.assertions.generator.data.WithPrivateFieldsParent\n[2113f053-96e7-4f0c-8d25-6d9474a32886/build]   | 10:46:27.434 INFO  o.a.a.g.AssertionGeneratorTest - Generated WithPrivateFieldsParent assertions file -> /tmp/3d783ea4-1661-11ee-8a50-bb14de238602/assertj-assertj-assertions-generator/target/generated-test-output/junit8399150780667637643/org/assertj/assertions/generator/data/WithPrivateFieldsParentAssert.java\n[2113f053-96e7-4f0c-8d25-6d9474a32886/build]   | 10:46:27.434 INFO  o.a.a.g.AssertionGeneratorTest - Generating assertions for org.assertj.assertions.generator.data.AnnotatedClass\n[2113f053-96e7-4f0c-8d25-6d9474a32886/build]   | 10:46:27.436 INFO  o.a.a.g.AssertionGeneratorTest - Generated AnnotatedClass assertions file -> /tmp/3d783ea4-1661-11ee-8a50-bb14de238602/assertj-assertj-assertions-generator/target/generated-test-output/junit8399150780667637643/org/assertj/assertions/generator/data/AnnotatedClassAssert.java\n[2113f053-96e7-4f0c-8d25-6d9474a32886/build]   | 10:46:27.437 INFO  o.a.a.g.AssertionGeneratorTest - Generating assertions for org.assertj.assertions.generator.data.BeanWithTwoExceptions\n[2113f053-96e7-4f0c-8d25-6d9474a32886/build]   | 10:46:27.441 INFO  o.a.a.g.AssertionGeneratorTest - Generated BeanWithTwoExceptions assertions file -> /tmp/3d783ea4-1661-11ee-8a50-bb14de238602/assertj-assertj-assertions-generator/target/generated-test-output/junit8399150780667637643/org/assertj/assertions/generator/data/BeanWithTwoExceptionsAssert.java\n[2113f053-96e7-4f0c-8d25-6d9474a32886/build]   | 10:46:27.442 INFO  o.a.a.g.AssertionGeneratorTest - Generating assertions for org.assertj.assertions.generator.data.nba.PlayerAgent\n[2113f053-96e7-4f0c-8d25-6d9474a32886/build]   | 10:46:27.448 INFO  o.a.a.g.AssertionGeneratorTest - Generated PlayerAgent assertions file -> /tmp/3d783ea4-1661-11ee-8a50-bb14de238602/assertj-assertj-assertions-generator/target/generated-test-output/junit8399150780667637643/org/assertj/assertions/generator/data/nba/PlayerAgentAssert.java\n[2113f053-96e7-4f0c-8d25-6d9474a32886/build]   | 10:46:27.448 INFO  o.a.a.g.AssertionGeneratorTest - Generating assertions for org.assertj.assertions.generator.data.nba.team.Team\n[2113f053-96e7-4f0c-8d25-6d9474a32886/build]   | 10:46:27.449 INFO  o.a.a.g.AssertionGeneratorTest - Generated Team assertions file -> /tmp/3d783ea4-1661-11ee-8a50-bb14de238602/assertj-assertj-assertions-generator/target/generated-test-output/junit8399150780667637643/org/assertj/assertions/generator/data/nba/team/TeamAssert.java\n[2113f053-96e7-4f0c-8d25-6d9474a32886/build]   | 10:46:27.449 INFO  o.a.a.g.AssertionGeneratorTest - Generating assertions for org.assertj.assertions.generator.data.nba.team.Coach\n[2113f053-96e7-4f0c-8d25-6d9474a32886/build]   | 10:46:27.450 INFO  o.a.a.g.AssertionGeneratorTest - Generated Coach assertions file -> /tmp/3d783ea4-1661-11ee-8a50-bb14de238602/assertj-assertj-assertions-generator/target/generated-test-output/junit8399150780667637643/org/assertj/assertions/generator/data/nba/team/CoachAssert.java\n[2113f053-96e7-4f0c-8d25-6d9474a32886/build]   | 10:46:27.451 INFO  o.a.a.g.AssertionGeneratorTest - Generating assertions for org.assertj.assertions.generator.data.nba.Player\n[2113f053-96e7-4f0c-8d25-6d9474a32886/build]   | 10:46:27.460 INFO  o.a.a.g.AssertionGeneratorTest - Generated Player assertions file -> /tmp/3d783ea4-1661-11ee-8a50-bb14de238602/assertj-assertj-assertions-generator/target/generated-test-output/junit8399150780667637643/org/assertj/assertions/generator/data/nba/PlayerAssert.java\n[2113f053-96e7-4f0c-8d25-6d9474a32886/build]   | 10:46:27.461 INFO  o.a.a.g.AssertionGeneratorTest - Generating assertions for org.assertj.assertions.generator.data.OuterClass$InnerPerson$IP_InnerPerson\n[2113f053-96e7-4f0c-8d25-6d9474a32886/build]   | 10:46:27.463 INFO  o.a.a.g.AssertionGeneratorTest - Generated IP_InnerPerson assertions file -> /tmp/3d783ea4-1661-11ee-8a50-bb14de238602/assertj-assertj-assertions-generator/target/generated-test-output/junit8399150780667637643/org/assertj/assertions/generator/data/OuterClassInnerPersonIP_InnerPersonAssert.java\n[2113f053-96e7-4f0c-8d25-6d9474a32886/build]   | 10:46:27.463 INFO  o.a.a.g.AssertionGeneratorTest - Generating assertions for org.assertj.assertions.generator.data.Team\n[2113f053-96e7-4f0c-8d25-6d9474a32886/build]   | 10:46:27.481 INFO  o.a.a.g.AssertionGeneratorTest - Generated Team assertions file -> /tmp/3d783ea4-1661-11ee-8a50-bb14de238602/assertj-assertj-assertions-generator/target/generated-test-output/junit8399150780667637643/org/assertj/assertions/generator/data/TeamAssert.java\n[2113f053-96e7-4f0c-8d25-6d9474a32886/build]   | 10:46:27.481 INFO  o.a.a.g.AssertionGeneratorTest - Generating assertions for org.assertj.assertions.generator.data.inner.Data\n[2113f053-96e7-4f0c-8d25-6d9474a32886/build]   | 10:46:27.484 INFO  o.a.a.g.AssertionGeneratorTest - Generated Data assertions file -> /tmp/3d783ea4-1661-11ee-8a50-bb14de238602/assertj-assertj-assertions-generator/target/generated-test-output/junit8399150780667637643/org/assertj/assertions/generator/data/inner/DataAssert.java\n[2113f053-96e7-4f0c-8d25-6d9474a32886/build]   | 10:46:27.485 INFO  o.a.a.g.AssertionGeneratorTest - Generating assertions for org.assertj.assertions.generator.data.inner.Data$NestedClass\n[2113f053-96e7-4f0c-8d25-6d9474a32886/build]   | 10:46:27.486 INFO  o.a.a.g.AssertionGeneratorTest - Generated NestedClass assertions file -> /tmp/3d783ea4-1661-11ee-8a50-bb14de238602/assertj-assertj-assertions-generator/target/generated-test-output/junit8399150780667637643/org/assertj/assertions/generator/data/inner/DataNestedClassAssert.java\n[2113f053-96e7-4f0c-8d25-6d9474a32886/build]   | 10:46:27.486 INFO  o.a.a.g.AssertionGeneratorTest - Generating assertions for org.assertj.assertions.generator.data.Dollar$\n[2113f053-96e7-4f0c-8d25-6d9474a32886/build]   | 10:46:27.487 INFO  o.a.a.g.AssertionGeneratorTest - Generated Dollar$ assertions file -> /tmp/3d783ea4-1661-11ee-8a50-bb14de238602/assertj-assertj-assertions-generator/target/generated-test-output/junit8399150780667637643/org/assertj/assertions/generator/data/Dollar$Assert.java\n[2113f053-96e7-4f0c-8d25-6d9474a32886/build]   | 10:46:27.487 INFO  o.a.a.g.AssertionGeneratorTest - Generating assertions for org.assertj.assertions.generator.data.Keywords\n[2113f053-96e7-4f0c-8d25-6d9474a32886/build]   | 10:46:27.502 INFO  o.a.a.g.AssertionGeneratorTest - Generated Keywords assertions file -> /tmp/3d783ea4-1661-11ee-8a50-bb14de238602/assertj-assertj-assertions-generator/target/generated-test-output/junit8399150780667637643/org/assertj/assertions/generator/data/KeywordsAssert.java\n[2113f053-96e7-4f0c-8d25-6d9474a32886/build]   | 10:46:27.502 INFO  o.a.a.g.AssertionGeneratorTest - Generating assertions for org.assertj.assertions.generator.data.Primitives\n[2113f053-96e7-4f0c-8d25-6d9474a32886/build]   | 10:46:27.507 INFO  o.a.a.g.AssertionGeneratorTest - Generated Primitives assertions file -> /tmp/3d783ea4-1661-11ee-8a50-bb14de238602/assertj-assertj-assertions-generator/target/generated-test-output/junit8399150780667637643/org/assertj/assertions/generator/data/PrimitivesAssert.java\n[2113f053-96e7-4f0c-8d25-6d9474a32886/build]   | 10:46:27.507 INFO  o.a.a.g.AssertionGeneratorTest - Generating assertions for org.assertj.assertions.generator.data.BlockBuster\n[2113f053-96e7-4f0c-8d25-6d9474a32886/build]   | 10:46:27.510 INFO  o.a.a.g.AssertionGeneratorTest - Generated BlockBuster assertions file -> /tmp/3d783ea4-1661-11ee-8a50-bb14de238602/assertj-assertj-assertions-generator/target/generated-test-output/junit8399150780667637643/org/assertj/assertions/generator/data/BlockBusterAssert.java\n[2113f053-96e7-4f0c-8d25-6d9474a32886/build]   | 10:46:27.510 INFO  o.a.a.g.AssertionGeneratorTest - Generating assertions for org.assertj.assertions.generator.data.EnemyReport\n[2113f053-96e7-4f0c-8d25-6d9474a32886/build]   | 10:46:27.511 INFO  o.a.a.g.AssertionGeneratorTest - Generated EnemyReport assertions file -> /tmp/3d783ea4-1661-11ee-8a50-bb14de238602/assertj-assertj-assertions-generator/target/generated-test-output/junit8399150780667637643/org/assertj/assertions/generator/data/EnemyReportAssert.java\n[2113f053-96e7-4f0c-8d25-6d9474a32886/build]   | 10:46:27.511 INFO  o.a.a.g.AssertionGeneratorTest - Generating assertions for org.assertj.assertions.generator.data.OuterClass$StaticNestedPerson$SNP_InnerPerson\n[2113f053-96e7-4f0c-8d25-6d9474a32886/build]   | 10:46:27.512 INFO  o.a.a.g.AssertionGeneratorTest - Generated SNP_InnerPerson assertions file -> /tmp/3d783ea4-1661-11ee-8a50-bb14de238602/assertj-assertj-assertions-generator/target/generated-test-output/junit8399150780667637643/org/assertj/assertions/generator/data/OuterClassStaticNestedPersonSNP_InnerPersonAssert.java\n[2113f053-96e7-4f0c-8d25-6d9474a32886/build]   | 10:46:27.512 INFO  o.a.a.g.AssertionGeneratorTest - Generating assertions for org.assertj.assertions.generator.data.BooleanPredicates\n[2113f053-96e7-4f0c-8d25-6d9474a32886/build]   | 10:46:27.518 INFO  o.a.a.g.AssertionGeneratorTest - Generated BooleanPredicates assertions file -> /tmp/3d783ea4-1661-11ee-8a50-bb14de238602/assertj-assertj-assertions-generator/target/generated-test-output/junit8399150780667637643/org/assertj/assertions/generator/data/BooleanPredicatesAssert.java\n[2113f053-96e7-4f0c-8d25-6d9474a32886/build]   | 10:46:27.519 INFO  o.a.a.g.AssertionGeneratorTest - Generating assertions for org.assertj.assertions.generator.data.OuterClass$StaticNestedPerson$SNP_StaticNestedPerson\n[2113f053-96e7-4f0c-8d25-6d9474a32886/build]   | 10:46:27.520 INFO  o.a.a.g.AssertionGeneratorTest - Generated SNP_StaticNestedPerson assertions file -> /tmp/3d783ea4-1661-11ee-8a50-bb14de238602/assertj-assertj-assertions-generator/target/generated-test-output/junit8399150780667637643/org/assertj/assertions/generator/data/OuterClassStaticNestedPersonSNP_StaticNestedPersonAssert.java\n[2113f053-96e7-4f0c-8d25-6d9474a32886/build]   | 10:46:27.520 INFO  o.a.a.g.AssertionGeneratorTest - Generating assertions for org.assertj.assertions.generator.data.OuterClass$StaticNestedPerson\n[2113f053-96e7-4f0c-8d25-6d9474a32886/build]   | 10:46:27.521 INFO  o.a.a.g.AssertionGeneratorTest - Generated StaticNestedPerson assertions file -> /tmp/3d783ea4-1661-11ee-8a50-bb14de238602/assertj-assertj-assertions-generator/target/generated-test-output/junit8399150780667637643/org/assertj/assertions/generator/data/OuterClassStaticNestedPersonAssert.java\n[2113f053-96e7-4f0c-8d25-6d9474a32886/build]   | 10:46:27.521 INFO  o.a.a.g.AssertionGeneratorTest - Generating assertions for org.assertj.assertions.generator.data.BeanWithOneException\n[2113f053-96e7-4f0c-8d25-6d9474a32886/build]   | 10:46:27.524 INFO  o.a.a.g.AssertionGeneratorTest - Generated BeanWithOneException assertions file -> /tmp/3d783ea4-1661-11ee-8a50-bb14de238602/assertj-assertj-assertions-generator/target/generated-test-output/junit8399150780667637643/org/assertj/assertions/generator/data/BeanWithOneExceptionAssert.java\n[2113f053-96e7-4f0c-8d25-6d9474a32886/build]   | 10:46:27.525 INFO  o.a.a.g.AssertionGeneratorTest - Generating assertions for org.assertj.assertions.generator.data.TreeEnum\n[2113f053-96e7-4f0c-8d25-6d9474a32886/build]   | 10:46:27.527 INFO  o.a.a.g.AssertionGeneratorTest - Generated TreeEnum assertions file -> /tmp/3d783ea4-1661-11ee-8a50-bb14de238602/assertj-assertj-assertions-generator/target/generated-test-output/junit8399150780667637643/org/assertj/assertions/generator/data/TreeEnumAssert.java\n[2113f053-96e7-4f0c-8d25-6d9474a32886/build]   | 10:46:27.527 INFO  o.a.a.g.AssertionGeneratorTest - Generating assertions for org.assertj.assertions.generator.data.FieldPropertyClash\n[2113f053-96e7-4f0c-8d25-6d9474a32886/build]   | 10:46:27.530 INFO  o.a.a.g.AssertionGeneratorTest - Generated FieldPropertyClash assertions file -> /tmp/3d783ea4-1661-11ee-8a50-bb14de238602/assertj-assertj-assertions-generator/target/generated-test-output/junit8399150780667637643/org/assertj/assertions/generator/data/FieldPropertyClashAssert.java\n[2113f053-96e7-4f0c-8d25-6d9474a32886/build]   | 10:46:27.530 INFO  o.a.a.g.AssertionGeneratorTest - Generating assertions for org.assertj.assertions.generator.data.ParameterClashWithVariables\n[2113f053-96e7-4f0c-8d25-6d9474a32886/build]   | 10:46:27.532 INFO  o.a.a.g.AssertionGeneratorTest - Generated ParameterClashWithVariables assertions file -> /tmp/3d783ea4-1661-11ee-8a50-bb14de238602/assertj-assertj-assertions-generator/target/generated-test-output/junit8399150780667637643/org/assertj/assertions/generator/data/ParameterClashWithVariablesAssert.java\n[2113f053-96e7-4f0c-8d25-6d9474a32886/build]   | 10:46:27.533 INFO  o.a.a.g.AssertionGeneratorTest - Generating assertions for org.assertj.assertions.generator.data.Name\n[2113f053-96e7-4f0c-8d25-6d9474a32886/build]   | 10:46:27.554 INFO  o.a.a.g.AssertionGeneratorTest - Generated Name assertions file -> /tmp/3d783ea4-1661-11ee-8a50-bb14de238602/assertj-assertj-assertions-generator/target/generated-test-output/junit8399150780667637643/org/assertj/assertions/generator/data/NameAssert.java\n[2113f053-96e7-4f0c-8d25-6d9474a32886/build]   | 10:46:27.554 INFO  o.a.a.g.AssertionGeneratorTest - Generating assertions for org.assertj.assertions.generator.data.OuterClass$InnerPerson\n[2113f053-96e7-4f0c-8d25-6d9474a32886/build]   | 10:46:27.584 INFO  o.a.a.g.AssertionGeneratorTest - Generated InnerPerson assertions file -> /tmp/3d783ea4-1661-11ee-8a50-bb14de238602/assertj-assertj-assertions-generator/target/generated-test-output/junit8399150780667637643/org/assertj/assertions/generator/data/OuterClassInnerPersonAssert.java\n[2113f053-96e7-4f0c-8d25-6d9474a32886/build]   | 10:46:27.584 INFO  o.a.a.g.AssertionGeneratorTest - Generating assertions for org.assertj.assertions.generator.data.OuterClass\n[2113f053-96e7-4f0c-8d25-6d9474a32886/build]   | 10:46:27.584 INFO  o.a.a.g.AssertionGeneratorTest - Generated OuterClass assertions file -> /tmp/3d783ea4-1661-11ee-8a50-bb14de238602/assertj-assertj-assertions-generator/target/generated-test-output/junit8399150780667637643/org/assertj/assertions/generator/data/OuterClassAssert.java\n[2113f053-96e7-4f0c-8d25-6d9474a32886/build]   | 10:46:27.584 INFO  o.a.a.g.AssertionGeneratorTest - Generating assertions for org.assertj.assertions.generator.data.lotr.FellowshipOfTheRing\n[2113f053-96e7-4f0c-8d25-6d9474a32886/build]   | 10:46:27.609 INFO  o.a.a.g.AssertionGeneratorTest - Generated FellowshipOfTheRing assertions file -> /tmp/3d783ea4-1661-11ee-8a50-bb14de238602/assertj-assertj-assertions-generator/target/generated-test-output/junit8399150780667637643/org/assertj/assertions/generator/data/lotr/FellowshipOfTheRingAssert.java\n[2113f053-96e7-4f0c-8d25-6d9474a32886/build]   | 10:46:27.609 INFO  o.a.a.g.AssertionGeneratorTest - Generating assertions for org.assertj.assertions.generator.data.lotr.Race\n[2113f053-96e7-4f0c-8d25-6d9474a32886/build]   | 10:46:27.610 INFO  o.a.a.g.AssertionGeneratorTest - Generated Race assertions file -> /tmp/3d783ea4-1661-11ee-8a50-bb14de238602/assertj-assertj-assertions-generator/target/generated-test-output/junit8399150780667637643/org/assertj/assertions/generator/data/lotr/RaceAssert.java\n[2113f053-96e7-4f0c-8d25-6d9474a32886/build]   | 10:46:27.611 INFO  o.a.a.g.AssertionGeneratorTest - Generating assertions for org.assertj.assertions.generator.data.lotr.TolkienCharacter\n[2113f053-96e7-4f0c-8d25-6d9474a32886/build]   | 10:46:27.612 INFO  o.a.a.g.AssertionGeneratorTest - Generated TolkienCharacter assertions file -> /tmp/3d783ea4-1661-11ee-8a50-bb14de238602/assertj-assertj-assertions-generator/target/generated-test-output/junit8399150780667637643/org/assertj/assertions/generator/data/lotr/TolkienCharacterAssert.java\n[2113f053-96e7-4f0c-8d25-6d9474a32886/build]   | 10:46:27.612 INFO  o.a.a.g.AssertionGeneratorTest - Generating assertions for org.assertj.assertions.generator.data.lotr.Ring\n[2113f053-96e7-4f0c-8d25-6d9474a32886/build]   | 10:46:27.614 INFO  o.a.a.g.AssertionGeneratorTest - Generated Ring assertions file -> /tmp/3d783ea4-1661-11ee-8a50-bb14de238602/assertj-assertj-assertions-generator/target/generated-test-output/junit8399150780667637643/org/assertj/assertions/generator/data/lotr/RingAssert.java\n[2113f053-96e7-4f0c-8d25-6d9474a32886/build]   | 10:46:27.614 INFO  o.a.a.g.AssertionGeneratorTest - Generating assertions for org.assertj.assertions.generator.data.Movie$PublicCategory\n[2113f053-96e7-4f0c-8d25-6d9474a32886/build]   | 10:46:27.615 INFO  o.a.a.g.AssertionGeneratorTest - Generated PublicCategory assertions file -> /tmp/3d783ea4-1661-11ee-8a50-bb14de238602/assertj-assertj-assertions-generator/target/generated-test-output/junit8399150780667637643/org/assertj/assertions/generator/data/MoviePublicCategoryAssert.java\n[2113f053-96e7-4f0c-8d25-6d9474a32886/build]   | 10:46:27.615 INFO  o.a.a.g.AssertionGeneratorTest - Generating assertions for org.assertj.assertions.generator.data.InterferencePrimitives\n[2113f053-96e7-4f0c-8d25-6d9474a32886/build]   | 10:46:27.616 INFO  o.a.a.g.AssertionGeneratorTest - Generated InterferencePrimitives assertions file -> /tmp/3d783ea4-1661-11ee-8a50-bb14de238602/assertj-assertj-assertions-generator/target/generated-test-output/junit8399150780667637643/org/assertj/assertions/generator/data/InterferencePrimitivesAssert.java\n[2113f053-96e7-4f0c-8d25-6d9474a32886/build]   | 10:46:27.618 INFO  o.a.a.g.AssertionGeneratorTest - Generating assertions for org.assertj.assertions.generator.data.WithPrivateFields\n[2113f053-96e7-4f0c-8d25-6d9474a32886/build]   | 10:46:27.621 INFO  o.a.a.g.AssertionGeneratorTest - Generated WithPrivateFields assertions file -> /tmp/3d783ea4-1661-11ee-8a50-bb14de238602/assertj-assertj-assertions-generator/target/generated-test-output/junit8399150780667637643/org/assertj/assertions/generator/data/WithPrivateFieldsAssert.java\n[2113f053-96e7-4f0c-8d25-6d9474a32886/build]   | 10:46:27.621 INFO  o.a.a.g.AssertionGeneratorTest - Generating assertions for org.assertj.assertions.generator.data.Movie\n[2113f053-96e7-4f0c-8d25-6d9474a32886/build]   | 10:46:27.623 INFO  o.a.a.g.AssertionGeneratorTest - Generated Movie assertions file -> /tmp/3d783ea4-1661-11ee-8a50-bb14de238602/assertj-assertj-assertions-generator/target/generated-test-output/junit8399150780667637643/org/assertj/assertions/generator/data/MovieAssert.java\n[2113f053-96e7-4f0c-8d25-6d9474a32886/build]   | 10:46:27.624 INFO  o.a.a.g.AssertionGeneratorTest - Generating assertions for org.assertj.assertions.generator.data.AutoValueAnnotatedClass\n[2113f053-96e7-4f0c-8d25-6d9474a32886/build]   | 10:46:27.625 INFO  o.a.a.g.AssertionGeneratorTest - Generated AutoValueAnnotatedClass assertions file -> /tmp/3d783ea4-1661-11ee-8a50-bb14de238602/assertj-assertj-assertions-generator/target/generated-test-output/junit8399150780667637643/org/assertj/assertions/generator/data/AutoValueAnnotatedClassAssert.java\n[2113f053-96e7-4f0c-8d25-6d9474a32886/build]   | 10:46:27.625 INFO  o.a.a.g.AssertionGeneratorTest - Generating assertions for org.assertj.assertions.generator.data.AutoValue\n[2113f053-96e7-4f0c-8d25-6d9474a32886/build]   | 10:46:27.626 INFO  o.a.a.g.AssertionGeneratorTest - Generated AutoValue assertions file -> /tmp/3d783ea4-1661-11ee-8a50-bb14de238602/assertj-assertj-assertions-generator/target/generated-test-output/junit8399150780667637643/org/assertj/assertions/generator/data/AutoValueAssert.java\n[2113f053-96e7-4f0c-8d25-6d9474a32886/build]   | [INFO] Tests run: 29, Failures: 0, Errors: 0, Skipped: 0, Time elapsed: 4.443 s - in org.assertj.assertions.generator.AssertionGeneratorTest\n[2113f053-96e7-4f0c-8d25-6d9474a32886/build]   | [INFO] Running org.assertj.assertions.generator.util.ClassUtilTest\n[2113f053-96e7-4f0c-8d25-6d9474a32886/build]   | [WARNING] Tests run: 36, Failures: 0, Errors: 0, Skipped: 1, Time elapsed: 0.399 s - in org.assertj.assertions.generator.util.ClassUtilTest\n[2113f053-96e7-4f0c-8d25-6d9474a32886/build]   | [INFO] Running org.assertj.assertions.generator.util.StringUtilTest\n[2113f053-96e7-4f0c-8d25-6d9474a32886/build]   | [INFO] Tests run: 1, Failures: 0, Errors: 0, Skipped: 0, Time elapsed: 0 s - in org.assertj.assertions.generator.util.StringUtilTest\n[2113f053-96e7-4f0c-8d25-6d9474a32886/build]   | [INFO] \n[2113f053-96e7-4f0c-8d25-6d9474a32886/build]   | [INFO] Results:\n[2113f053-96e7-4f0c-8d25-6d9474a32886/build]   | [INFO] \n[2113f053-96e7-4f0c-8d25-6d9474a32886/build]   | [WARNING] Tests run: 131, Failures: 0, Errors: 0, Skipped: 1\n[2113f053-96e7-4f0c-8d25-6d9474a32886/build]   | [INFO] \n[2113f053-96e7-4f0c-8d25-6d9474a32886/build]   | [INFO] \n[2113f053-96e7-4f0c-8d25-6d9474a32886/build]   | [INFO] --- maven-jar-plugin:3.2.0:jar (default-jar) @ assertj-assertions-generator ---\n[2113f053-96e7-4f0c-8d25-6d9474a32886/build]   | [INFO] Building jar: /tmp/3d783ea4-1661-11ee-8a50-bb14de238602/assertj-assertj-assertions-generator/target/assertion-generator.jar\n[2113f053-96e7-4f0c-8d25-6d9474a32886/build]   | [INFO] \n[2113f053-96e7-4f0c-8d25-6d9474a32886/build]   | [INFO] --- maven-javadoc-plugin:3.2.0:jar (attach-javadocs) @ assertj-assertions-generator ---\n[2113f053-96e7-4f0c-8d25-6d9474a32886/build]   | [INFO] No previous run data found, generating javadoc.\n[2113f053-96e7-4f0c-8d25-6d9474a32886/build]   | [INFO] \n[2113f053-96e7-4f0c-8d25-6d9474a32886/build]   | Loading source files for package org.assertj.assertions.generator.cli...\n[2113f053-96e7-4f0c-8d25-6d9474a32886/build]   | Loading source files for package org.assertj.assertions.generator...\n[2113f053-96e7-4f0c-8d25-6d9474a32886/build]   | Loading source files for package org.assertj.assertions.generator.description...\n[2113f053-96e7-4f0c-8d25-6d9474a32886/build]   | Loading source files for package org.assertj.assertions.generator.description.converter...\n[2113f053-96e7-4f0c-8d25-6d9474a32886/build]   | Loading source files for package org.assertj.assertions.generator.util...\n[2113f053-96e7-4f0c-8d25-6d9474a32886/build]   | Constructing Javadoc information...\n[2113f053-96e7-4f0c-8d25-6d9474a32886/build]   | Standard Doclet version 1.8.0_372\n[2113f053-96e7-4f0c-8d25-6d9474a32886/build]   | Building tree for all the packages and classes...\n[2113f053-96e7-4f0c-8d25-6d9474a32886/build]   | Generating /tmp/3d783ea4-1661-11ee-8a50-bb14de238602/assertj-assertj-assertions-generator/target/apidocs/org/assertj/assertions/generator/cli/AssertionGeneratorLauncher.html...\n[2113f053-96e7-4f0c-8d25-6d9474a32886/build]   | Generating /tmp/3d783ea4-1661-11ee-8a50-bb14de238602/assertj-assertj-assertions-generator/target/apidocs/org/assertj/assertions/generator/AssertionGenerator.html...\n[2113f053-96e7-4f0c-8d25-6d9474a32886/build]   | Generating /tmp/3d783ea4-1661-11ee-8a50-bb14de238602/assertj-assertj-assertions-generator/target/apidocs/org/assertj/assertions/generator/AssertionsEntryPointGenerator.html...\n[2113f053-96e7-4f0c-8d25-6d9474a32886/build]   | Generating /tmp/3d783ea4-1661-11ee-8a50-bb14de238602/assertj-assertj-assertions-generator/target/apidocs/org/assertj/assertions/generator/AssertionsEntryPointType.html...\n[2113f053-96e7-4f0c-8d25-6d9474a32886/build]   | Generating /tmp/3d783ea4-1661-11ee-8a50-bb14de238602/assertj-assertj-assertions-generator/target/apidocs/org/assertj/assertions/generator/BaseAssertionGenerator.html...\n[2113f053-96e7-4f0c-8d25-6d9474a32886/build]   | Generating /tmp/3d783ea4-1661-11ee-8a50-bb14de238602/assertj-assertj-assertions-generator/target/apidocs/org/assertj/assertions/generator/DefaultTemplateRegistryProducer.html...\n[2113f053-96e7-4f0c-8d25-6d9474a32886/build]   | Generating /tmp/3d783ea4-1661-11ee-8a50-bb14de238602/assertj-assertj-assertions-generator/target/apidocs/org/assertj/assertions/generator/GenerateAssertion.html...\n[2113f053-96e7-4f0c-8d25-6d9474a32886/build]   | Generating /tmp/3d783ea4-1661-11ee-8a50-bb14de238602/assertj-assertj-assertions-generator/target/apidocs/org/assertj/assertions/generator/Template.html...\n[2113f053-96e7-4f0c-8d25-6d9474a32886/build]   | Generating /tmp/3d783ea4-1661-11ee-8a50-bb14de238602/assertj-assertj-assertions-generator/target/apidocs/org/assertj/assertions/generator/Template.Type.html...\n[2113f053-96e7-4f0c-8d25-6d9474a32886/build]   | Generating /tmp/3d783ea4-1661-11ee-8a50-bb14de238602/assertj-assertj-assertions-generator/target/apidocs/org/assertj/assertions/generator/TemplateRegistry.html...\n[2113f053-96e7-4f0c-8d25-6d9474a32886/build]   | Generating /tmp/3d783ea4-1661-11ee-8a50-bb14de238602/assertj-assertj-assertions-generator/target/apidocs/org/assertj/assertions/generator/description/ClassDescription.html...\n[2113f053-96e7-4f0c-8d25-6d9474a32886/build]   | Generating /tmp/3d783ea4-1661-11ee-8a50-bb14de238602/assertj-assertj-assertions-generator/target/apidocs/org/assertj/assertions/generator/description/DataDescription.html...\n[2113f053-96e7-4f0c-8d25-6d9474a32886/build]   | Generating /tmp/3d783ea4-1661-11ee-8a50-bb14de238602/assertj-assertj-assertions-generator/target/apidocs/org/assertj/assertions/generator/description/FieldDescription.html...\n[2113f053-96e7-4f0c-8d25-6d9474a32886/build]   | Generating /tmp/3d783ea4-1661-11ee-8a50-bb14de238602/assertj-assertj-assertions-generator/target/apidocs/org/assertj/assertions/generator/description/GetterDescription.html...\n[2113f053-96e7-4f0c-8d25-6d9474a32886/build]   | Generating /tmp/3d783ea4-1661-11ee-8a50-bb14de238602/assertj-assertj-assertions-generator/target/apidocs/org/assertj/assertions/generator/description/Visibility.html...\n[2113f053-96e7-4f0c-8d25-6d9474a32886/build]   | Generating /tmp/3d783ea4-1661-11ee-8a50-bb14de238602/assertj-assertj-assertions-generator/target/apidocs/org/assertj/assertions/generator/description/converter/AnnotationConfiguration.html...\n[2113f053-96e7-4f0c-8d25-6d9474a32886/build]   | Generating /tmp/3d783ea4-1661-11ee-8a50-bb14de238602/assertj-assertj-assertions-generator/target/apidocs/org/assertj/assertions/generator/description/converter/ClassDescriptionConverter.html...\n[2113f053-96e7-4f0c-8d25-6d9474a32886/build]   | Generating /tmp/3d783ea4-1661-11ee-8a50-bb14de238602/assertj-assertj-assertions-generator/target/apidocs/org/assertj/assertions/generator/description/converter/ClassToClassDescriptionConverter.html...\n[2113f053-96e7-4f0c-8d25-6d9474a32886/build]   | Generating /tmp/3d783ea4-1661-11ee-8a50-bb14de238602/assertj-assertj-assertions-generator/target/apidocs/org/assertj/assertions/generator/util/ClassUtil.html...\n[2113f053-96e7-4f0c-8d25-6d9474a32886/build]   | Generating /tmp/3d783ea4-1661-11ee-8a50-bb14de238602/assertj-assertj-assertions-generator/target/apidocs/org/assertj/assertions/generator/util/StringUtil.html...\n[2113f053-96e7-4f0c-8d25-6d9474a32886/build]   | Generating /tmp/3d783ea4-1661-11ee-8a50-bb14de238602/assertj-assertj-assertions-generator/target/apidocs/overview-frame.html...\n[2113f053-96e7-4f0c-8d25-6d9474a32886/build]   | Generating /tmp/3d783ea4-1661-11ee-8a50-bb14de238602/assertj-assertj-assertions-generator/target/apidocs/org/assertj/assertions/generator/package-frame.html...\n[2113f053-96e7-4f0c-8d25-6d9474a32886/build]   | Generating /tmp/3d783ea4-1661-11ee-8a50-bb14de238602/assertj-assertj-assertions-generator/target/apidocs/org/assertj/assertions/generator/package-summary.html...\n[2113f053-96e7-4f0c-8d25-6d9474a32886/build]   | Generating /tmp/3d783ea4-1661-11ee-8a50-bb14de238602/assertj-assertj-assertions-generator/target/apidocs/org/assertj/assertions/generator/package-tree.html...\n[2113f053-96e7-4f0c-8d25-6d9474a32886/build]   | Generating /tmp/3d783ea4-1661-11ee-8a50-bb14de238602/assertj-assertj-assertions-generator/target/apidocs/org/assertj/assertions/generator/cli/package-frame.html...\n[2113f053-96e7-4f0c-8d25-6d9474a32886/build]   | Generating /tmp/3d783ea4-1661-11ee-8a50-bb14de238602/assertj-assertj-assertions-generator/target/apidocs/org/assertj/assertions/generator/cli/package-summary.html...\n[2113f053-96e7-4f0c-8d25-6d9474a32886/build]   | Generating /tmp/3d783ea4-1661-11ee-8a50-bb14de238602/assertj-assertj-assertions-generator/target/apidocs/org/assertj/assertions/generator/cli/package-tree.html...\n[2113f053-96e7-4f0c-8d25-6d9474a32886/build]   | Generating /tmp/3d783ea4-1661-11ee-8a50-bb14de238602/assertj-assertj-assertions-generator/target/apidocs/org/assertj/assertions/generator/description/package-frame.html...\n[2113f053-96e7-4f0c-8d25-6d9474a32886/build]   | Generating /tmp/3d783ea4-1661-11ee-8a50-bb14de238602/assertj-assertj-assertions-generator/target/apidocs/org/assertj/assertions/generator/description/package-summary.html...\n[2113f053-96e7-4f0c-8d25-6d9474a32886/build]   | Generating /tmp/3d783ea4-1661-11ee-8a50-bb14de238602/assertj-assertj-assertions-generator/target/apidocs/org/assertj/assertions/generator/description/package-tree.html...\n[2113f053-96e7-4f0c-8d25-6d9474a32886/build]   | Generating /tmp/3d783ea4-1661-11ee-8a50-bb14de238602/assertj-assertj-assertions-generator/target/apidocs/org/assertj/assertions/generator/description/converter/package-frame.html...\n[2113f053-96e7-4f0c-8d25-6d9474a32886/build]   | Generating /tmp/3d783ea4-1661-11ee-8a50-bb14de238602/assertj-assertj-assertions-generator/target/apidocs/org/assertj/assertions/generator/description/converter/package-summary.html...\n[2113f053-96e7-4f0c-8d25-6d9474a32886/build]   | Generating /tmp/3d783ea4-1661-11ee-8a50-bb14de238602/assertj-assertj-assertions-generator/target/apidocs/org/assertj/assertions/generator/description/converter/package-tree.html...\n[2113f053-96e7-4f0c-8d25-6d9474a32886/build]   | Generating /tmp/3d783ea4-1661-11ee-8a50-bb14de238602/assertj-assertj-assertions-generator/target/apidocs/org/assertj/assertions/generator/util/package-frame.html...\n[2113f053-96e7-4f0c-8d25-6d9474a32886/build]   | Generating /tmp/3d783ea4-1661-11ee-8a50-bb14de238602/assertj-assertj-assertions-generator/target/apidocs/org/assertj/assertions/generator/util/package-summary.html...\n[2113f053-96e7-4f0c-8d25-6d9474a32886/build]   | Generating /tmp/3d783ea4-1661-11ee-8a50-bb14de238602/assertj-assertj-assertions-generator/target/apidocs/org/assertj/assertions/generator/util/package-tree.html...\n[2113f053-96e7-4f0c-8d25-6d9474a32886/build]   | Generating /tmp/3d783ea4-1661-11ee-8a50-bb14de238602/assertj-assertj-assertions-generator/target/apidocs/constant-values.html...\n[2113f053-96e7-4f0c-8d25-6d9474a32886/build]   | Generating /tmp/3d783ea4-1661-11ee-8a50-bb14de238602/assertj-assertj-assertions-generator/target/apidocs/serialized-form.html...\n[2113f053-96e7-4f0c-8d25-6d9474a32886/build]   | Generating /tmp/3d783ea4-1661-11ee-8a50-bb14de238602/assertj-assertj-assertions-generator/target/apidocs/org/assertj/assertions/generator/cli/class-use/AssertionGeneratorLauncher.html...\n[2113f053-96e7-4f0c-8d25-6d9474a32886/build]   | Generating /tmp/3d783ea4-1661-11ee-8a50-bb14de238602/assertj-assertj-assertions-generator/target/apidocs/org/assertj/assertions/generator/class-use/AssertionGenerator.html...\n[2113f053-96e7-4f0c-8d25-6d9474a32886/build]   | Generating /tmp/3d783ea4-1661-11ee-8a50-bb14de238602/assertj-assertj-assertions-generator/target/apidocs/org/assertj/assertions/generator/class-use/AssertionsEntryPointType.html...\n[2113f053-96e7-4f0c-8d25-6d9474a32886/build]   | Generating /tmp/3d783ea4-1661-11ee-8a50-bb14de238602/assertj-assertj-assertions-generator/target/apidocs/org/assertj/assertions/generator/class-use/AssertionsEntryPointGenerator.html...\n[2113f053-96e7-4f0c-8d25-6d9474a32886/build]   | Generating /tmp/3d783ea4-1661-11ee-8a50-bb14de238602/assertj-assertj-assertions-generator/target/apidocs/org/assertj/assertions/generator/class-use/Template.html...\n[2113f053-96e7-4f0c-8d25-6d9474a32886/build]   | Generating /tmp/3d783ea4-1661-11ee-8a50-bb14de238602/assertj-assertj-assertions-generator/target/apidocs/org/assertj/assertions/generator/class-use/Template.Type.html...\n[2113f053-96e7-4f0c-8d25-6d9474a32886/build]   | Generating /tmp/3d783ea4-1661-11ee-8a50-bb14de238602/assertj-assertj-assertions-generator/target/apidocs/org/assertj/assertions/generator/class-use/DefaultTemplateRegistryProducer.html...\n[2113f053-96e7-4f0c-8d25-6d9474a32886/build]   | Generating /tmp/3d783ea4-1661-11ee-8a50-bb14de238602/assertj-assertj-assertions-generator/target/apidocs/org/assertj/assertions/generator/class-use/BaseAssertionGenerator.html...\n[2113f053-96e7-4f0c-8d25-6d9474a32886/build]   | Generating /tmp/3d783ea4-1661-11ee-8a50-bb14de238602/assertj-assertj-assertions-generator/target/apidocs/org/assertj/assertions/generator/class-use/GenerateAssertion.html...\n[2113f053-96e7-4f0c-8d25-6d9474a32886/build]   | Generating /tmp/3d783ea4-1661-11ee-8a50-bb14de238602/assertj-assertj-assertions-generator/target/apidocs/org/assertj/assertions/generator/class-use/TemplateRegistry.html...\n[2113f053-96e7-4f0c-8d25-6d9474a32886/build]   | Generating /tmp/3d783ea4-1661-11ee-8a50-bb14de238602/assertj-assertj-assertions-generator/target/apidocs/org/assertj/assertions/generator/description/class-use/FieldDescription.html...\n[2113f053-96e7-4f0c-8d25-6d9474a32886/build]   | Generating /tmp/3d783ea4-1661-11ee-8a50-bb14de238602/assertj-assertj-assertions-generator/target/apidocs/org/assertj/assertions/generator/description/class-use/GetterDescription.html...\n[2113f053-96e7-4f0c-8d25-6d9474a32886/build]   | Generating /tmp/3d783ea4-1661-11ee-8a50-bb14de238602/assertj-assertj-assertions-generator/target/apidocs/org/assertj/assertions/generator/description/class-use/Visibility.html...\n[2113f053-96e7-4f0c-8d25-6d9474a32886/build]   | Generating /tmp/3d783ea4-1661-11ee-8a50-bb14de238602/assertj-assertj-assertions-generator/target/apidocs/org/assertj/assertions/generator/description/class-use/DataDescription.html...\n[2113f053-96e7-4f0c-8d25-6d9474a32886/build]   | Generating /tmp/3d783ea4-1661-11ee-8a50-bb14de238602/assertj-assertj-assertions-generator/target/apidocs/org/assertj/assertions/generator/description/class-use/ClassDescription.html...\n[2113f053-96e7-4f0c-8d25-6d9474a32886/build]   | Generating /tmp/3d783ea4-1661-11ee-8a50-bb14de238602/assertj-assertj-assertions-generator/target/apidocs/org/assertj/assertions/generator/description/converter/class-use/ClassDescriptionConverter.html...\n[2113f053-96e7-4f0c-8d25-6d9474a32886/build]   | Generating /tmp/3d783ea4-1661-11ee-8a50-bb14de238602/assertj-assertj-assertions-generator/target/apidocs/org/assertj/assertions/generator/description/converter/class-use/ClassToClassDescriptionConverter.html...\n[2113f053-96e7-4f0c-8d25-6d9474a32886/build]   | Generating /tmp/3d783ea4-1661-11ee-8a50-bb14de238602/assertj-assertj-assertions-generator/target/apidocs/org/assertj/assertions/generator/description/converter/class-use/AnnotationConfiguration.html...\n[2113f053-96e7-4f0c-8d25-6d9474a32886/build]   | Generating /tmp/3d783ea4-1661-11ee-8a50-bb14de238602/assertj-assertj-assertions-generator/target/apidocs/org/assertj/assertions/generator/util/class-use/ClassUtil.html...\n[2113f053-96e7-4f0c-8d25-6d9474a32886/build]   | Generating /tmp/3d783ea4-1661-11ee-8a50-bb14de238602/assertj-assertj-assertions-generator/target/apidocs/org/assertj/assertions/generator/util/class-use/StringUtil.html...\n[2113f053-96e7-4f0c-8d25-6d9474a32886/build]   | Generating /tmp/3d783ea4-1661-11ee-8a50-bb14de238602/assertj-assertj-assertions-generator/target/apidocs/org/assertj/assertions/generator/package-use.html...\n[2113f053-96e7-4f0c-8d25-6d9474a32886/build]   | Generating /tmp/3d783ea4-1661-11ee-8a50-bb14de238602/assertj-assertj-assertions-generator/target/apidocs/org/assertj/assertions/generator/cli/package-use.html...\n[2113f053-96e7-4f0c-8d25-6d9474a32886/build]   | Generating /tmp/3d783ea4-1661-11ee-8a50-bb14de238602/assertj-assertj-assertions-generator/target/apidocs/org/assertj/assertions/generator/description/package-use.html...\n[2113f053-96e7-4f0c-8d25-6d9474a32886/build]   | Generating /tmp/3d783ea4-1661-11ee-8a50-bb14de238602/assertj-assertj-assertions-generator/target/apidocs/org/assertj/assertions/generator/description/converter/package-use.html...\n[2113f053-96e7-4f0c-8d25-6d9474a32886/build]   | Generating /tmp/3d783ea4-1661-11ee-8a50-bb14de238602/assertj-assertj-assertions-generator/target/apidocs/org/assertj/assertions/generator/util/package-use.html...\n[2113f053-96e7-4f0c-8d25-6d9474a32886/build]   | Building index for all the packages and classes...\n[2113f053-96e7-4f0c-8d25-6d9474a32886/build]   | Generating /tmp/3d783ea4-1661-11ee-8a50-bb14de238602/assertj-assertj-assertions-generator/target/apidocs/overview-tree.html...\n[2113f053-96e7-4f0c-8d25-6d9474a32886/build]   | Generating /tmp/3d783ea4-1661-11ee-8a50-bb14de238602/assertj-assertj-assertions-generator/target/apidocs/index-all.html...\n[2113f053-96e7-4f0c-8d25-6d9474a32886/build]   | Generating /tmp/3d783ea4-1661-11ee-8a50-bb14de238602/assertj-assertj-assertions-generator/target/apidocs/deprecated-list.html...\n[2113f053-96e7-4f0c-8d25-6d9474a32886/build]   | Building index for all classes...\n[2113f053-96e7-4f0c-8d25-6d9474a32886/build]   | Generating /tmp/3d783ea4-1661-11ee-8a50-bb14de238602/assertj-assertj-assertions-generator/target/apidocs/allclasses-frame.html...\n[2113f053-96e7-4f0c-8d25-6d9474a32886/build]   | Generating /tmp/3d783ea4-1661-11ee-8a50-bb14de238602/assertj-assertj-assertions-generator/target/apidocs/allclasses-noframe.html...\n[2113f053-96e7-4f0c-8d25-6d9474a32886/build]   | Generating /tmp/3d783ea4-1661-11ee-8a50-bb14de238602/assertj-assertj-assertions-generator/target/apidocs/index.html...\n[2113f053-96e7-4f0c-8d25-6d9474a32886/build]   | Generating /tmp/3d783ea4-1661-11ee-8a50-bb14de238602/assertj-assertj-assertions-generator/target/apidocs/overview-summary.html...\n[2113f053-96e7-4f0c-8d25-6d9474a32886/build]   | Generating /tmp/3d783ea4-1661-11ee-8a50-bb14de238602/assertj-assertj-assertions-generator/target/apidocs/help-doc.html...\n[2113f053-96e7-4f0c-8d25-6d9474a32886/build]   | [INFO] Building jar: /tmp/3d783ea4-1661-11ee-8a50-bb14de238602/assertj-assertj-assertions-generator/target/assertion-generator-javadoc.jar\n[2113f053-96e7-4f0c-8d25-6d9474a32886/build]   | [INFO] \n[2113f053-96e7-4f0c-8d25-6d9474a32886/build]   | [INFO] --- maven-assembly-plugin:3.3.0:single (unix-assembly) @ assertj-assertions-generator ---\n[2113f053-96e7-4f0c-8d25-6d9474a32886/build]   | [INFO] Reading assembly descriptor: src/main/resources/assemblies/unix-assembly.xml\n[2113f053-96e7-4f0c-8d25-6d9474a32886/build]   | [INFO] Building zip: /tmp/3d783ea4-1661-11ee-8a50-bb14de238602/assertj-assertj-assertions-generator/target/assertion-generator-unix.zip\n[2113f053-96e7-4f0c-8d25-6d9474a32886/build]   | [INFO] \n[2113f053-96e7-4f0c-8d25-6d9474a32886/build]   | [INFO] --- maven-assembly-plugin:3.3.0:single (make-assembly) @ assertj-assertions-generator ---\n[2113f053-96e7-4f0c-8d25-6d9474a32886/build]   | [INFO] Reading assembly descriptor: src/main/resources/assemblies/windows-assembly.xml\n[2113f053-96e7-4f0c-8d25-6d9474a32886/build]   | [INFO] Building zip: /tmp/3d783ea4-1661-11ee-8a50-bb14de238602/assertj-assertj-assertions-generator/target/assertion-generator-windows.zip\n[2113f053-96e7-4f0c-8d25-6d9474a32886/build]   | [INFO] \n[2113f053-96e7-4f0c-8d25-6d9474a32886/build]   | [INFO] --- maven-source-plugin:3.2.1:jar-no-fork (attach-sources) @ assertj-assertions-generator ---\n[2113f053-96e7-4f0c-8d25-6d9474a32886/build]   | [INFO] Building jar: /tmp/3d783ea4-1661-11ee-8a50-bb14de238602/assertj-assertj-assertions-generator/target/assertion-generator-sources.jar\n[2113f053-96e7-4f0c-8d25-6d9474a32886/build]   | [INFO] \n[2113f053-96e7-4f0c-8d25-6d9474a32886/build]   | [INFO] --- jacoco-maven-plugin:0.8.6:report (jacoco-report) @ assertj-assertions-generator ---\n[2113f053-96e7-4f0c-8d25-6d9474a32886/build]   | [INFO] Loading execution data file /tmp/3d783ea4-1661-11ee-8a50-bb14de238602/assertj-assertj-assertions-generator/target/jacoco.exec\n[2113f053-96e7-4f0c-8d25-6d9474a32886/build]   | [INFO] Analyzed bundle 'AssertJ Assertions Generator' with 16 classes\n[2113f053-96e7-4f0c-8d25-6d9474a32886/build]   | [INFO] \n[2113f053-96e7-4f0c-8d25-6d9474a32886/build]   | [INFO] --- jacoco-maven-plugin:0.8.6:check (default-check) @ assertj-assertions-generator ---\n[2113f053-96e7-4f0c-8d25-6d9474a32886/build]   | [INFO] Loading execution data file /tmp/3d783ea4-1661-11ee-8a50-bb14de238602/assertj-assertj-assertions-generator/target/jacoco.exec\n[2113f053-96e7-4f0c-8d25-6d9474a32886/build]   | [INFO] Analyzed bundle 'assertj-assertions-generator' with 16 classes\n[2113f053-96e7-4f0c-8d25-6d9474a32886/build]   | [INFO] All coverage checks have been met.\n[2113f053-96e7-4f0c-8d25-6d9474a32886/build]   | [INFO] \n[2113f053-96e7-4f0c-8d25-6d9474a32886/build]   | [INFO] >>> maven-javadoc-plugin:3.2.0:javadoc (default-cli) > generate-sources @ assertj-assertions-generator >>>\n[2113f053-96e7-4f0c-8d25-6d9474a32886/build]   | [INFO] \n[2113f053-96e7-4f0c-8d25-6d9474a32886/build]   | [INFO] --- maven-enforcer-plugin:3.0.0-M3:enforce (enforce-maven) @ assertj-assertions-generator ---\n[2113f053-96e7-4f0c-8d25-6d9474a32886/build]   | [INFO] \n[2113f053-96e7-4f0c-8d25-6d9474a32886/build]   | [INFO] --- license-maven-plugin:3.0:format (default) @ assertj-assertions-generator ---\n[2113f053-96e7-4f0c-8d25-6d9474a32886/build]   | [INFO] Updating license headers...\n[2113f053-96e7-4f0c-8d25-6d9474a32886/build]   | [INFO] \n[2113f053-96e7-4f0c-8d25-6d9474a32886/build]   | [INFO] --- jacoco-maven-plugin:0.8.6:prepare-agent (prepare-agent) @ assertj-assertions-generator ---\n[2113f053-96e7-4f0c-8d25-6d9474a32886/build]   | [INFO] argLine set to -javaagent:/home/runneradmin/.m2/repository/org/jacoco/org.jacoco.agent/0.8.6/org.jacoco.agent-0.8.6-runtime.jar=destfile=/tmp/3d783ea4-1661-11ee-8a50-bb14de238602/assertj-assertj-assertions-generator/target/jacoco.exec,excludes=**/AssertionGeneratorLauncher.*\n[2113f053-96e7-4f0c-8d25-6d9474a32886/build]   | [INFO] \n[2113f053-96e7-4f0c-8d25-6d9474a32886/build]   | [INFO] <<< maven-javadoc-plugin:3.2.0:javadoc (default-cli) < generate-sources @ assertj-assertions-generator <<<\n[2113f053-96e7-4f0c-8d25-6d9474a32886/build]   | [INFO] \n[2113f053-96e7-4f0c-8d25-6d9474a32886/build]   | [INFO] \n[2113f053-96e7-4f0c-8d25-6d9474a32886/build]   | [INFO] --- maven-javadoc-plugin:3.2.0:javadoc (default-cli) @ assertj-assertions-generator ---\n[2113f053-96e7-4f0c-8d25-6d9474a32886/build]   | [INFO] Configuration changed, re-generating javadoc.\n[2113f053-96e7-4f0c-8d25-6d9474a32886/build]   | [INFO] \n[2113f053-96e7-4f0c-8d25-6d9474a32886/build]   | Loading source files for package org.assertj.assertions.generator.cli...\n[2113f053-96e7-4f0c-8d25-6d9474a32886/build]   | Loading source files for package org.assertj.assertions.generator...\n[2113f053-96e7-4f0c-8d25-6d9474a32886/build]   | Loading source files for package org.assertj.assertions.generator.description...\n[2113f053-96e7-4f0c-8d25-6d9474a32886/build]   | Loading source files for package org.assertj.assertions.generator.description.converter...\n[2113f053-96e7-4f0c-8d25-6d9474a32886/build]   | Loading source files for package org.assertj.assertions.generator.util...\n[2113f053-96e7-4f0c-8d25-6d9474a32886/build]   | Constructing Javadoc information...\n[2113f053-96e7-4f0c-8d25-6d9474a32886/build]   | Standard Doclet version 1.8.0_372\n[2113f053-96e7-4f0c-8d25-6d9474a32886/build]   | Building tree for all the packages and classes...\n[2113f053-96e7-4f0c-8d25-6d9474a32886/build]   | Generating /tmp/3d783ea4-1661-11ee-8a50-bb14de238602/assertj-assertj-assertions-generator/target/site/apidocs/org/assertj/assertions/generator/cli/AssertionGeneratorLauncher.html...\n[2113f053-96e7-4f0c-8d25-6d9474a32886/build]   | Generating /tmp/3d783ea4-1661-11ee-8a50-bb14de238602/assertj-assertj-assertions-generator/target/site/apidocs/org/assertj/assertions/generator/AssertionGenerator.html...\n[2113f053-96e7-4f0c-8d25-6d9474a32886/build]   | Generating /tmp/3d783ea4-1661-11ee-8a50-bb14de238602/assertj-assertj-assertions-generator/target/site/apidocs/org/assertj/assertions/generator/AssertionsEntryPointGenerator.html...\n[2113f053-96e7-4f0c-8d25-6d9474a32886/build]   | Generating /tmp/3d783ea4-1661-11ee-8a50-bb14de238602/assertj-assertj-assertions-generator/target/site/apidocs/org/assertj/assertions/generator/AssertionsEntryPointType.html...\n[2113f053-96e7-4f0c-8d25-6d9474a32886/build]   | Generating /tmp/3d783ea4-1661-11ee-8a50-bb14de238602/assertj-assertj-assertions-generator/target/site/apidocs/org/assertj/assertions/generator/BaseAssertionGenerator.html...\n[2113f053-96e7-4f0c-8d25-6d9474a32886/build]   | Generating /tmp/3d783ea4-1661-11ee-8a50-bb14de238602/assertj-assertj-assertions-generator/target/site/apidocs/org/assertj/assertions/generator/DefaultTemplateRegistryProducer.html...\n[2113f053-96e7-4f0c-8d25-6d9474a32886/build]   | Generating /tmp/3d783ea4-1661-11ee-8a50-bb14de238602/assertj-assertj-assertions-generator/target/site/apidocs/org/assertj/assertions/generator/GenerateAssertion.html...\n[2113f053-96e7-4f0c-8d25-6d9474a32886/build]   | Generating /tmp/3d783ea4-1661-11ee-8a50-bb14de238602/assertj-assertj-assertions-generator/target/site/apidocs/org/assertj/assertions/generator/Template.html...\n[2113f053-96e7-4f0c-8d25-6d9474a32886/build]   | Generating /tmp/3d783ea4-1661-11ee-8a50-bb14de238602/assertj-assertj-assertions-generator/target/site/apidocs/org/assertj/assertions/generator/Template.Type.html...\n[2113f053-96e7-4f0c-8d25-6d9474a32886/build]   | Generating /tmp/3d783ea4-1661-11ee-8a50-bb14de238602/assertj-assertj-assertions-generator/target/site/apidocs/org/assertj/assertions/generator/TemplateRegistry.html...\n[2113f053-96e7-4f0c-8d25-6d9474a32886/build]   | Generating /tmp/3d783ea4-1661-11ee-8a50-bb14de238602/assertj-assertj-assertions-generator/target/site/apidocs/org/assertj/assertions/generator/description/ClassDescription.html...\n[2113f053-96e7-4f0c-8d25-6d9474a32886/build]   | Generating /tmp/3d783ea4-1661-11ee-8a50-bb14de238602/assertj-assertj-assertions-generator/target/site/apidocs/org/assertj/assertions/generator/description/DataDescription.html...\n[2113f053-96e7-4f0c-8d25-6d9474a32886/build]   | Generating /tmp/3d783ea4-1661-11ee-8a50-bb14de238602/assertj-assertj-assertions-generator/target/site/apidocs/org/assertj/assertions/generator/description/FieldDescription.html...\n[2113f053-96e7-4f0c-8d25-6d9474a32886/build]   | Generating /tmp/3d783ea4-1661-11ee-8a50-bb14de238602/assertj-assertj-assertions-generator/target/site/apidocs/org/assertj/assertions/generator/description/GetterDescription.html...\n[2113f053-96e7-4f0c-8d25-6d9474a32886/build]   | Generating /tmp/3d783ea4-1661-11ee-8a50-bb14de238602/assertj-assertj-assertions-generator/target/site/apidocs/org/assertj/assertions/generator/description/Visibility.html...\n[2113f053-96e7-4f0c-8d25-6d9474a32886/build]   | Generating /tmp/3d783ea4-1661-11ee-8a50-bb14de238602/assertj-assertj-assertions-generator/target/site/apidocs/org/assertj/assertions/generator/description/converter/AnnotationConfiguration.html...\n[2113f053-96e7-4f0c-8d25-6d9474a32886/build]   | Generating /tmp/3d783ea4-1661-11ee-8a50-bb14de238602/assertj-assertj-assertions-generator/target/site/apidocs/org/assertj/assertions/generator/description/converter/ClassDescriptionConverter.html...\n[2113f053-96e7-4f0c-8d25-6d9474a32886/build]   | Generating /tmp/3d783ea4-1661-11ee-8a50-bb14de238602/assertj-assertj-assertions-generator/target/site/apidocs/org/assertj/assertions/generator/description/converter/ClassToClassDescriptionConverter.html...\n[2113f053-96e7-4f0c-8d25-6d9474a32886/build]   | Generating /tmp/3d783ea4-1661-11ee-8a50-bb14de238602/assertj-assertj-assertions-generator/target/site/apidocs/org/assertj/assertions/generator/util/ClassUtil.html...\n[2113f053-96e7-4f0c-8d25-6d9474a32886/build]   | Generating /tmp/3d783ea4-1661-11ee-8a50-bb14de238602/assertj-assertj-assertions-generator/target/site/apidocs/org/assertj/assertions/generator/util/StringUtil.html...\n[2113f053-96e7-4f0c-8d25-6d9474a32886/build]   | Generating /tmp/3d783ea4-1661-11ee-8a50-bb14de238602/assertj-assertj-assertions-generator/target/site/apidocs/overview-frame.html...\n[2113f053-96e7-4f0c-8d25-6d9474a32886/build]   | Generating /tmp/3d783ea4-1661-11ee-8a50-bb14de238602/assertj-assertj-assertions-generator/target/site/apidocs/org/assertj/assertions/generator/package-frame.html...\n[2113f053-96e7-4f0c-8d25-6d9474a32886/build]   | Generating /tmp/3d783ea4-1661-11ee-8a50-bb14de238602/assertj-assertj-assertions-generator/target/site/apidocs/org/assertj/assertions/generator/package-summary.html...\n[2113f053-96e7-4f0c-8d25-6d9474a32886/build]   | Generating /tmp/3d783ea4-1661-11ee-8a50-bb14de238602/assertj-assertj-assertions-generator/target/site/apidocs/org/assertj/assertions/generator/package-tree.html...\n[2113f053-96e7-4f0c-8d25-6d9474a32886/build]   | Generating /tmp/3d783ea4-1661-11ee-8a50-bb14de238602/assertj-assertj-assertions-generator/target/site/apidocs/org/assertj/assertions/generator/cli/package-frame.html...\n[2113f053-96e7-4f0c-8d25-6d9474a32886/build]   | Generating /tmp/3d783ea4-1661-11ee-8a50-bb14de238602/assertj-assertj-assertions-generator/target/site/apidocs/org/assertj/assertions/generator/cli/package-summary.html...\n[2113f053-96e7-4f0c-8d25-6d9474a32886/build]   | Generating /tmp/3d783ea4-1661-11ee-8a50-bb14de238602/assertj-assertj-assertions-generator/target/site/apidocs/org/assertj/assertions/generator/cli/package-tree.html...\n[2113f053-96e7-4f0c-8d25-6d9474a32886/build]   | Generating /tmp/3d783ea4-1661-11ee-8a50-bb14de238602/assertj-assertj-assertions-generator/target/site/apidocs/org/assertj/assertions/generator/description/package-frame.html...\n[2113f053-96e7-4f0c-8d25-6d9474a32886/build]   | Generating /tmp/3d783ea4-1661-11ee-8a50-bb14de238602/assertj-assertj-assertions-generator/target/site/apidocs/org/assertj/assertions/generator/description/package-summary.html...\n[2113f053-96e7-4f0c-8d25-6d9474a32886/build]   | Generating /tmp/3d783ea4-1661-11ee-8a50-bb14de238602/assertj-assertj-assertions-generator/target/site/apidocs/org/assertj/assertions/generator/description/package-tree.html...\n[2113f053-96e7-4f0c-8d25-6d9474a32886/build]   | Generating /tmp/3d783ea4-1661-11ee-8a50-bb14de238602/assertj-assertj-assertions-generator/target/site/apidocs/org/assertj/assertions/generator/description/converter/package-frame.html...\n[2113f053-96e7-4f0c-8d25-6d9474a32886/build]   | Generating /tmp/3d783ea4-1661-11ee-8a50-bb14de238602/assertj-assertj-assertions-generator/target/site/apidocs/org/assertj/assertions/generator/description/converter/package-summary.html...\n[2113f053-96e7-4f0c-8d25-6d9474a32886/build]   | Generating /tmp/3d783ea4-1661-11ee-8a50-bb14de238602/assertj-assertj-assertions-generator/target/site/apidocs/org/assertj/assertions/generator/description/converter/package-tree.html...\n[2113f053-96e7-4f0c-8d25-6d9474a32886/build]   | Generating /tmp/3d783ea4-1661-11ee-8a50-bb14de238602/assertj-assertj-assertions-generator/target/site/apidocs/org/assertj/assertions/generator/util/package-frame.html...\n[2113f053-96e7-4f0c-8d25-6d9474a32886/build]   | Generating /tmp/3d783ea4-1661-11ee-8a50-bb14de238602/assertj-assertj-assertions-generator/target/site/apidocs/org/assertj/assertions/generator/util/package-summary.html...\n[2113f053-96e7-4f0c-8d25-6d9474a32886/build]   | Generating /tmp/3d783ea4-1661-11ee-8a50-bb14de238602/assertj-assertj-assertions-generator/target/site/apidocs/org/assertj/assertions/generator/util/package-tree.html...\n[2113f053-96e7-4f0c-8d25-6d9474a32886/build]   | Generating /tmp/3d783ea4-1661-11ee-8a50-bb14de238602/assertj-assertj-assertions-generator/target/site/apidocs/constant-values.html...\n[2113f053-96e7-4f0c-8d25-6d9474a32886/build]   | Generating /tmp/3d783ea4-1661-11ee-8a50-bb14de238602/assertj-assertj-assertions-generator/target/site/apidocs/serialized-form.html...\n[2113f053-96e7-4f0c-8d25-6d9474a32886/build]   | Generating /tmp/3d783ea4-1661-11ee-8a50-bb14de238602/assertj-assertj-assertions-generator/target/site/apidocs/org/assertj/assertions/generator/cli/class-use/AssertionGeneratorLauncher.html...\n[2113f053-96e7-4f0c-8d25-6d9474a32886/build]   | Generating /tmp/3d783ea4-1661-11ee-8a50-bb14de238602/assertj-assertj-assertions-generator/target/site/apidocs/org/assertj/assertions/generator/class-use/AssertionGenerator.html...\n[2113f053-96e7-4f0c-8d25-6d9474a32886/build]   | Generating /tmp/3d783ea4-1661-11ee-8a50-bb14de238602/assertj-assertj-assertions-generator/target/site/apidocs/org/assertj/assertions/generator/class-use/AssertionsEntryPointType.html...\n[2113f053-96e7-4f0c-8d25-6d9474a32886/build]   | Generating /tmp/3d783ea4-1661-11ee-8a50-bb14de238602/assertj-assertj-assertions-generator/target/site/apidocs/org/assertj/assertions/generator/class-use/AssertionsEntryPointGenerator.html...\n[2113f053-96e7-4f0c-8d25-6d9474a32886/build]   | Generating /tmp/3d783ea4-1661-11ee-8a50-bb14de238602/assertj-assertj-assertions-generator/target/site/apidocs/org/assertj/assertions/generator/class-use/Template.html...\n[2113f053-96e7-4f0c-8d25-6d9474a32886/build]   | Generating /tmp/3d783ea4-1661-11ee-8a50-bb14de238602/assertj-assertj-assertions-generator/target/site/apidocs/org/assertj/assertions/generator/class-use/Template.Type.html...\n[2113f053-96e7-4f0c-8d25-6d9474a32886/build]   | Generating /tmp/3d783ea4-1661-11ee-8a50-bb14de238602/assertj-assertj-assertions-generator/target/site/apidocs/org/assertj/assertions/generator/class-use/DefaultTemplateRegistryProducer.html...\n[2113f053-96e7-4f0c-8d25-6d9474a32886/build]   | Generating /tmp/3d783ea4-1661-11ee-8a50-bb14de238602/assertj-assertj-assertions-generator/target/site/apidocs/org/assertj/assertions/generator/class-use/BaseAssertionGenerator.html...\n[2113f053-96e7-4f0c-8d25-6d9474a32886/build]   | Generating /tmp/3d783ea4-1661-11ee-8a50-bb14de238602/assertj-assertj-assertions-generator/target/site/apidocs/org/assertj/assertions/generator/class-use/GenerateAssertion.html...\n[2113f053-96e7-4f0c-8d25-6d9474a32886/build]   | Generating /tmp/3d783ea4-1661-11ee-8a50-bb14de238602/assertj-assertj-assertions-generator/target/site/apidocs/org/assertj/assertions/generator/class-use/TemplateRegistry.html...\n[2113f053-96e7-4f0c-8d25-6d9474a32886/build]   | Generating /tmp/3d783ea4-1661-11ee-8a50-bb14de238602/assertj-assertj-assertions-generator/target/site/apidocs/org/assertj/assertions/generator/description/class-use/FieldDescription.html...\n[2113f053-96e7-4f0c-8d25-6d9474a32886/build]   | Generating /tmp/3d783ea4-1661-11ee-8a50-bb14de238602/assertj-assertj-assertions-generator/target/site/apidocs/org/assertj/assertions/generator/description/class-use/GetterDescription.html...\n[2113f053-96e7-4f0c-8d25-6d9474a32886/build]   | Generating /tmp/3d783ea4-1661-11ee-8a50-bb14de238602/assertj-assertj-assertions-generator/target/site/apidocs/org/assertj/assertions/generator/description/class-use/Visibility.html...\n[2113f053-96e7-4f0c-8d25-6d9474a32886/build]   | Generating /tmp/3d783ea4-1661-11ee-8a50-bb14de238602/assertj-assertj-assertions-generator/target/site/apidocs/org/assertj/assertions/generator/description/class-use/DataDescription.html...\n[2113f053-96e7-4f0c-8d25-6d9474a32886/build]   | Generating /tmp/3d783ea4-1661-11ee-8a50-bb14de238602/assertj-assertj-assertions-generator/target/site/apidocs/org/assertj/assertions/generator/description/class-use/ClassDescription.html...\n[2113f053-96e7-4f0c-8d25-6d9474a32886/build]   | Generating /tmp/3d783ea4-1661-11ee-8a50-bb14de238602/assertj-assertj-assertions-generator/target/site/apidocs/org/assertj/assertions/generator/description/converter/class-use/ClassDescriptionConverter.html...\n[2113f053-96e7-4f0c-8d25-6d9474a32886/build]   | Generating /tmp/3d783ea4-1661-11ee-8a50-bb14de238602/assertj-assertj-assertions-generator/target/site/apidocs/org/assertj/assertions/generator/description/converter/class-use/ClassToClassDescriptionConverter.html...\n[2113f053-96e7-4f0c-8d25-6d9474a32886/build]   | Generating /tmp/3d783ea4-1661-11ee-8a50-bb14de238602/assertj-assertj-assertions-generator/target/site/apidocs/org/assertj/assertions/generator/description/converter/class-use/AnnotationConfiguration.html...\n[2113f053-96e7-4f0c-8d25-6d9474a32886/build]   | Generating /tmp/3d783ea4-1661-11ee-8a50-bb14de238602/assertj-assertj-assertions-generator/target/site/apidocs/org/assertj/assertions/generator/util/class-use/ClassUtil.html...\n[2113f053-96e7-4f0c-8d25-6d9474a32886/build]   | Generating /tmp/3d783ea4-1661-11ee-8a50-bb14de238602/assertj-assertj-assertions-generator/target/site/apidocs/org/assertj/assertions/generator/util/class-use/StringUtil.html...\n[2113f053-96e7-4f0c-8d25-6d9474a32886/build]   | Generating /tmp/3d783ea4-1661-11ee-8a50-bb14de238602/assertj-assertj-assertions-generator/target/site/apidocs/org/assertj/assertions/generator/package-use.html...\n[2113f053-96e7-4f0c-8d25-6d9474a32886/build]   | Generating /tmp/3d783ea4-1661-11ee-8a50-bb14de238602/assertj-assertj-assertions-generator/target/site/apidocs/org/assertj/assertions/generator/cli/package-use.html...\n[2113f053-96e7-4f0c-8d25-6d9474a32886/build]   | Generating /tmp/3d783ea4-1661-11ee-8a50-bb14de238602/assertj-assertj-assertions-generator/target/site/apidocs/org/assertj/assertions/generator/description/package-use.html...\n[2113f053-96e7-4f0c-8d25-6d9474a32886/build]   | Generating /tmp/3d783ea4-1661-11ee-8a50-bb14de238602/assertj-assertj-assertions-generator/target/site/apidocs/org/assertj/assertions/generator/description/converter/package-use.html...\n[2113f053-96e7-4f0c-8d25-6d9474a32886/build]   | Generating /tmp/3d783ea4-1661-11ee-8a50-bb14de238602/assertj-assertj-assertions-generator/target/site/apidocs/org/assertj/assertions/generator/util/package-use.html...\n[2113f053-96e7-4f0c-8d25-6d9474a32886/build]   | Building index for all the packages and classes...\n[2113f053-96e7-4f0c-8d25-6d9474a32886/build]   | Generating /tmp/3d783ea4-1661-11ee-8a50-bb14de238602/assertj-assertj-assertions-generator/target/site/apidocs/overview-tree.html...\n[2113f053-96e7-4f0c-8d25-6d9474a32886/build]   | Generating /tmp/3d783ea4-1661-11ee-8a50-bb14de238602/assertj-assertj-assertions-generator/target/site/apidocs/index-all.html...\n[2113f053-96e7-4f0c-8d25-6d9474a32886/build]   | Generating /tmp/3d783ea4-1661-11ee-8a50-bb14de238602/assertj-assertj-assertions-generator/target/site/apidocs/deprecated-list.html...\n[2113f053-96e7-4f0c-8d25-6d9474a32886/build]   | Building index for all classes...\n[2113f053-96e7-4f0c-8d25-6d9474a32886/build]   | Generating /tmp/3d783ea4-1661-11ee-8a50-bb14de238602/assertj-assertj-assertions-generator/target/site/apidocs/allclasses-frame.html...\n[2113f053-96e7-4f0c-8d25-6d9474a32886/build]   | Generating /tmp/3d783ea4-1661-11ee-8a50-bb14de238602/assertj-assertj-assertions-generator/target/site/apidocs/allclasses-noframe.html...\n[2113f053-96e7-4f0c-8d25-6d9474a32886/build]   | Generating /tmp/3d783ea4-1661-11ee-8a50-bb14de238602/assertj-assertj-assertions-generator/target/site/apidocs/index.html...\n[2113f053-96e7-4f0c-8d25-6d9474a32886/build]   | Generating /tmp/3d783ea4-1661-11ee-8a50-bb14de238602/assertj-assertj-assertions-generator/target/site/apidocs/overview-summary.html...\n[2113f053-96e7-4f0c-8d25-6d9474a32886/build]   | Generating /tmp/3d783ea4-1661-11ee-8a50-bb14de238602/assertj-assertj-assertions-generator/target/site/apidocs/help-doc.html...\n[2113f053-96e7-4f0c-8d25-6d9474a32886/build]   | [INFO] \n[2113f053-96e7-4f0c-8d25-6d9474a32886/build]   | [INFO] --------------< org.assertj:assertj-assertions-generator >--------------\n[2113f053-96e7-4f0c-8d25-6d9474a32886/build]   | [INFO] Building AssertJ Assertions Generator 2.2.2-SNAPSHOT\n[2113f053-96e7-4f0c-8d25-6d9474a32886/build]   | [INFO] --------------------------------[ jar ]---------------------------------\n[2113f053-96e7-4f0c-8d25-6d9474a32886/build]   | [INFO] \n[2113f053-96e7-4f0c-8d25-6d9474a32886/build]   | [INFO] --- sonar-maven-plugin:3.7.0.1746:sonar (default-cli) @ assertj-assertions-generator ---\n[2113f053-96e7-4f0c-8d25-6d9474a32886/build]   | [INFO] User cache: /home/runneradmin/.sonar/cache\n[2113f053-96e7-4f0c-8d25-6d9474a32886/build]   | [INFO] SonarQube version: 8.0.0.43074\n[2113f053-96e7-4f0c-8d25-6d9474a32886/build]   | [INFO] Default locale: \"en\", source code encoding: \"UTF-8\"\n[2113f053-96e7-4f0c-8d25-6d9474a32886/build]   | [INFO] ------------------------------------------------------------------------\n[2113f053-96e7-4f0c-8d25-6d9474a32886/build]   | [INFO] BUILD FAILURE\n[2113f053-96e7-4f0c-8d25-6d9474a32886/build]   | [INFO] ------------------------------------------------------------------------\n[2113f053-96e7-4f0c-8d25-6d9474a32886/build]   | [INFO] Total time:  01:07 min\n[2113f053-96e7-4f0c-8d25-6d9474a32886/build]   | [INFO] Finished at: 2023-06-29T10:47:00Z\n[2113f053-96e7-4f0c-8d25-6d9474a32886/build]   | [INFO] ------------------------------------------------------------------------\n[2113f053-96e7-4f0c-8d25-6d9474a32886/build]   | [ERROR] Failed to execute goal org.sonarsource.scanner.maven:sonar-maven-plugin:3.7.0.1746:sonar (default-cli) on project assertj-assertions-generator: Execution default-cli of goal org.sonarsource.scanner.maven:sonar-maven-plugin:3.7.0.1746:sonar failed: An API incompatibility was encountered while executing org.sonarsource.scanner.maven:sonar-maven-plugin:3.7.0.1746:sonar: java.lang.UnsupportedClassVersionError: org/sonar/batch/bootstrapper/EnvironmentInformation has been compiled by a more recent version of the Java Runtime (class file version 55.0), this version of the Java Runtime only recognizes class file versions up to 52.0\n[2113f053-96e7-4f0c-8d25-6d9474a32886/build]   | [ERROR] -----------------------------------------------------\n[2113f053-96e7-4f0c-8d25-6d9474a32886/build]   | [ERROR] realm =    plugin>org.sonarsource.scanner.maven:sonar-maven-plugin:3.7.0.1746\n[2113f053-96e7-4f0c-8d25-6d9474a32886/build]   | [ERROR] strategy = org.codehaus.plexus.classworlds.strategy.SelfFirstStrategy\n[2113f053-96e7-4f0c-8d25-6d9474a32886/build]   | [ERROR] urls[0] = file:/home/runneradmin/.m2/repository/org/sonarsource/scanner/maven/sonar-maven-plugin/3.7.0.1746/sonar-maven-plugin-3.7.0.1746.jar\n[2113f053-96e7-4f0c-8d25-6d9474a32886/build]   | [ERROR] urls[1] = file:/home/runneradmin/.m2/repository/org/sonatype/plexus/plexus-sec-dispatcher/1.4/plexus-sec-dispatcher-1.4.jar\n[2113f053-96e7-4f0c-8d25-6d9474a32886/build]   | [ERROR] urls[2] = file:/home/runneradmin/.m2/repository/org/sonatype/plexus/plexus-cipher/1.4/plexus-cipher-1.4.jar\n[2113f053-96e7-4f0c-8d25-6d9474a32886/build]   | [ERROR] urls[3] = file:/home/runneradmin/.m2/repository/org/codehaus/plexus/plexus-utils/3.2.1/plexus-utils-3.2.1.jar\n[2113f053-96e7-4f0c-8d25-6d9474a32886/build]   | [ERROR] urls[4] = file:/home/runneradmin/.m2/repository/org/sonarsource/scanner/api/sonar-scanner-api/2.14.0.2002/sonar-scanner-api-2.14.0.2002.jar\n[2113f053-96e7-4f0c-8d25-6d9474a32886/build]   | [ERROR] urls[5] = file:/home/runneradmin/.m2/repository/commons-lang/commons-lang/2.6/commons-lang-2.6.jar\n[2113f053-96e7-4f0c-8d25-6d9474a32886/build]   | [ERROR] Number of foreign imports: 1\n[2113f053-96e7-4f0c-8d25-6d9474a32886/build]   | [ERROR] import: Entry[import  from realm ClassRealm[project>org.assertj:assertj-assertions-generator:2.2.2-SNAPSHOT, parent: ClassRealm[maven.api, parent: null]]]\n[2113f053-96e7-4f0c-8d25-6d9474a32886/build]   | [ERROR] \n[2113f053-96e7-4f0c-8d25-6d9474a32886/build]   | [ERROR] -----------------------------------------------------\n[2113f053-96e7-4f0c-8d25-6d9474a32886/build]   | [ERROR] \n[2113f053-96e7-4f0c-8d25-6d9474a32886/build]   | [ERROR] -> [Help 1]\n[2113f053-96e7-4f0c-8d25-6d9474a32886/build]   | org.apache.maven.lifecycle.LifecycleExecutionException: Failed to execute goal org.sonarsource.scanner.maven:sonar-maven-plugin:3.7.0.1746:sonar (default-cli) on project assertj-assertions-generator: Execution default-cli of goal org.sonarsource.scanner.maven:sonar-maven-plugin:3.7.0.1746:sonar failed: An API incompatibility was encountered while executing org.sonarsource.scanner.maven:sonar-maven-plugin:3.7.0.1746:sonar: java.lang.UnsupportedClassVersionError: org/sonar/batch/bootstrapper/EnvironmentInformation has been compiled by a more recent version of the Java Runtime (class file version 55.0), this version of the Java Runtime only recognizes class file versions up to 52.0\n[2113f053-96e7-4f0c-8d25-6d9474a32886/build]   | -----------------------------------------------------\n[2113f053-96e7-4f0c-8d25-6d9474a32886/build]   | realm =    plugin>org.sonarsource.scanner.maven:sonar-maven-plugin:3.7.0.1746\n[2113f053-96e7-4f0c-8d25-6d9474a32886/build]   | strategy = org.codehaus.plexus.classworlds.strategy.SelfFirstStrategy\n[2113f053-96e7-4f0c-8d25-6d9474a32886/build]   | urls[0] = file:/home/runneradmin/.m2/repository/org/sonarsource/scanner/maven/sonar-maven-plugin/3.7.0.1746/sonar-maven-plugin-3.7.0.1746.jar\n[2113f053-96e7-4f0c-8d25-6d9474a32886/build]   | urls[1] = file:/home/runneradmin/.m2/repository/org/sonatype/plexus/plexus-sec-dispatcher/1.4/plexus-sec-dispatcher-1.4.jar\n[2113f053-96e7-4f0c-8d25-6d9474a32886/build]   | urls[2] = file:/home/runneradmin/.m2/repository/org/sonatype/plexus/plexus-cipher/1.4/plexus-cipher-1.4.jar\n[2113f053-96e7-4f0c-8d25-6d9474a32886/build]   | urls[3] = file:/home/runneradmin/.m2/repository/org/codehaus/plexus/plexus-utils/3.2.1/plexus-utils-3.2.1.jar\n[2113f053-96e7-4f0c-8d25-6d9474a32886/build]   | urls[4] = file:/home/runneradmin/.m2/repository/org/sonarsource/scanner/api/sonar-scanner-api/2.14.0.2002/sonar-scanner-api-2.14.0.2002.jar\n[2113f053-96e7-4f0c-8d25-6d9474a32886/build]   | urls[5] = file:/home/runneradmin/.m2/repository/commons-lang/commons-lang/2.6/commons-lang-2.6.jar\n[2113f053-96e7-4f0c-8d25-6d9474a32886/build]   | Number of foreign imports: 1\n[2113f053-96e7-4f0c-8d25-6d9474a32886/build]   | import: Entry[import  from realm ClassRealm[project>org.assertj:assertj-assertions-generator:2.2.2-SNAPSHOT, parent: ClassRealm[maven.api, parent: null]]]\n[2113f053-96e7-4f0c-8d25-6d9474a32886/build]   | \n[2113f053-96e7-4f0c-8d25-6d9474a32886/build]   | -----------------------------------------------------\n[2113f053-96e7-4f0c-8d25-6d9474a32886/build]   | \n[2113f053-96e7-4f0c-8d25-6d9474a32886/build]   |     at org.apache.maven.lifecycle.internal.MojoExecutor.execute (MojoExecutor.java:215)\n[2113f053-96e7-4f0c-8d25-6d9474a32886/build]   |     at org.apache.maven.lifecycle.internal.MojoExecutor.execute (MojoExecutor.java:156)\n[2113f053-96e7-4f0c-8d25-6d9474a32886/build]   |     at org.apache.maven.lifecycle.internal.MojoExecutor.execute (MojoExecutor.java:148)\n[2113f053-96e7-4f0c-8d25-6d9474a32886/build]   |     at org.apache.maven.lifecycle.internal.LifecycleModuleBuilder.buildProject (LifecycleModuleBuilder.java:117)\n[2113f053-96e7-4f0c-8d25-6d9474a32886/build]   |     at org.apache.maven.lifecycle.internal.LifecycleModuleBuilder.buildProject (LifecycleModuleBuilder.java:81)\n[2113f053-96e7-4f0c-8d25-6d9474a32886/build]   |     at org.apache.maven.lifecycle.internal.builder.singlethreaded.SingleThreadedBuilder.build (SingleThreadedBuilder.java:56)\n[2113f053-96e7-4f0c-8d25-6d9474a32886/build]   |     at org.apache.maven.lifecycle.internal.LifecycleStarter.execute (LifecycleStarter.java:128)\n[2113f053-96e7-4f0c-8d25-6d9474a32886/build]   |     at org.apache.maven.DefaultMaven.doExecute (DefaultMaven.java:305)\n[2113f053-96e7-4f0c-8d25-6d9474a32886/build]   |     at org.apache.maven.DefaultMaven.doExecute (DefaultMaven.java:192)\n[2113f053-96e7-4f0c-8d25-6d9474a32886/build]   |     at org.apache.maven.DefaultMaven.execute (DefaultMaven.java:105)\n[2113f053-96e7-4f0c-8d25-6d9474a32886/build]   |     at org.apache.maven.cli.MavenCli.execute (MavenCli.java:957)\n[2113f053-96e7-4f0c-8d25-6d9474a32886/build]   |     at org.apache.maven.cli.MavenCli.doMain (MavenCli.java:289)\n[2113f053-96e7-4f0c-8d25-6d9474a32886/build]   |     at org.apache.maven.cli.MavenCli.main (MavenCli.java:193)\n[2113f053-96e7-4f0c-8d25-6d9474a32886/build]   |     at sun.reflect.NativeMethodAccessorImpl.invoke0 (Native Method)\n[2113f053-96e7-4f0c-8d25-6d9474a32886/build]   |     at sun.reflect.NativeMethodAccessorImpl.invoke (NativeMethodAccessorImpl.java:62)\n[2113f053-96e7-4f0c-8d25-6d9474a32886/build]   |     at sun.reflect.DelegatingMethodAccessorImpl.invoke (DelegatingMethodAccessorImpl.java:43)\n[2113f053-96e7-4f0c-8d25-6d9474a32886/build]   |     at java.lang.reflect.Method.invoke (Method.java:498)\n[2113f053-96e7-4f0c-8d25-6d9474a32886/build]   |     at org.codehaus.plexus.classworlds.launcher.Launcher.launchEnhanced (Launcher.java:282)\n[2113f053-96e7-4f0c-8d25-6d9474a32886/build]   |     at org.codehaus.plexus.classworlds.launcher.Launcher.launch (Launcher.java:225)\n[2113f053-96e7-4f0c-8d25-6d9474a32886/build]   |     at org.codehaus.plexus.classworlds.launcher.Launcher.mainWithExitCode (Launcher.java:406)\n[2113f053-96e7-4f0c-8d25-6d9474a32886/build]   |     at org.codehaus.plexus.classworlds.launcher.Launcher.main (Launcher.java:347)\n[2113f053-96e7-4f0c-8d25-6d9474a32886/build]   |     at sun.reflect.NativeMethodAccessorImpl.invoke0 (Native Method)\n[2113f053-96e7-4f0c-8d25-6d9474a32886/build]   |     at sun.reflect.NativeMethodAccessorImpl.invoke (NativeMethodAccessorImpl.java:62)\n[2113f053-96e7-4f0c-8d25-6d9474a32886/build]   |     at sun.reflect.DelegatingMethodAccessorImpl.invoke (DelegatingMethodAccessorImpl.java:43)\n[2113f053-96e7-4f0c-8d25-6d9474a32886/build]   |     at java.lang.reflect.Method.invoke (Method.java:498)\n[2113f053-96e7-4f0c-8d25-6d9474a32886/build]   |     at org.apache.maven.wrapper.BootstrapMainStarter.start (BootstrapMainStarter.java:39)\n[2113f053-96e7-4f0c-8d25-6d9474a32886/build]   |     at org.apache.maven.wrapper.WrapperExecutor.execute (WrapperExecutor.java:122)\n[2113f053-96e7-4f0c-8d25-6d9474a32886/build]   |     at org.apache.maven.wrapper.MavenWrapperMain.main (MavenWrapperMain.java:61)\n[2113f053-96e7-4f0c-8d25-6d9474a32886/build]   | Caused by: org.apache.maven.plugin.PluginExecutionException: Execution default-cli of goal org.sonarsource.scanner.maven:sonar-maven-plugin:3.7.0.1746:sonar failed: An API incompatibility was encountered while executing org.sonarsource.scanner.maven:sonar-maven-plugin:3.7.0.1746:sonar: java.lang.UnsupportedClassVersionError: org/sonar/batch/bootstrapper/EnvironmentInformation has been compiled by a more recent version of the Java Runtime (class file version 55.0), this version of the Java Runtime only recognizes class file versions up to 52.0\n[2113f053-96e7-4f0c-8d25-6d9474a32886/build]   | -----------------------------------------------------\n[2113f053-96e7-4f0c-8d25-6d9474a32886/build]   | realm =    plugin>org.sonarsource.scanner.maven:sonar-maven-plugin:3.7.0.1746\n[2113f053-96e7-4f0c-8d25-6d9474a32886/build]   | strategy = org.codehaus.plexus.classworlds.strategy.SelfFirstStrategy\n[2113f053-96e7-4f0c-8d25-6d9474a32886/build]   | urls[0] = file:/home/runneradmin/.m2/repository/org/sonarsource/scanner/maven/sonar-maven-plugin/3.7.0.1746/sonar-maven-plugin-3.7.0.1746.jar\n[2113f053-96e7-4f0c-8d25-6d9474a32886/build]   | urls[1] = file:/home/runneradmin/.m2/repository/org/sonatype/plexus/plexus-sec-dispatcher/1.4/plexus-sec-dispatcher-1.4.jar\n[2113f053-96e7-4f0c-8d25-6d9474a32886/build]   | urls[2] = file:/home/runneradmin/.m2/repository/org/sonatype/plexus/plexus-cipher/1.4/plexus-cipher-1.4.jar\n[2113f053-96e7-4f0c-8d25-6d9474a32886/build]   | urls[3] = file:/home/runneradmin/.m2/repository/org/codehaus/plexus/plexus-utils/3.2.1/plexus-utils-3.2.1.jar\n[2113f053-96e7-4f0c-8d25-6d9474a32886/build]   | urls[4] = file:/home/runneradmin/.m2/repository/org/sonarsource/scanner/api/sonar-scanner-api/2.14.0.2002/sonar-scanner-api-2.14.0.2002.jar\n[2113f053-96e7-4f0c-8d25-6d9474a32886/build]   | urls[5] = file:/home/runneradmin/.m2/repository/commons-lang/commons-lang/2.6/commons-lang-2.6.jar\n[2113f053-96e7-4f0c-8d25-6d9474a32886/build]   | Number of foreign imports: 1\n[2113f053-96e7-4f0c-8d25-6d9474a32886/build]   | import: Entry[import  from realm ClassRealm[project>org.assertj:assertj-assertions-generator:2.2.2-SNAPSHOT, parent: ClassRealm[maven.api, parent: null]]]\n[2113f053-96e7-4f0c-8d25-6d9474a32886/build]   | \n[2113f053-96e7-4f0c-8d25-6d9474a32886/build]   | -----------------------------------------------------\n[2113f053-96e7-4f0c-8d25-6d9474a32886/build]   | \n[2113f053-96e7-4f0c-8d25-6d9474a32886/build]   |     at org.apache.maven.plugin.DefaultBuildPluginManager.executeMojo (DefaultBuildPluginManager.java:186)\n[2113f053-96e7-4f0c-8d25-6d9474a32886/build]   |     at org.apache.maven.lifecycle.internal.MojoExecutor.execute (MojoExecutor.java:210)\n[2113f053-96e7-4f0c-8d25-6d9474a32886/build]   |     at org.apache.maven.lifecycle.internal.MojoExecutor.execute (MojoExecutor.java:156)\n[2113f053-96e7-4f0c-8d25-6d9474a32886/build]   |     at org.apache.maven.lifecycle.internal.MojoExecutor.execute (MojoExecutor.java:148)\n[2113f053-96e7-4f0c-8d25-6d9474a32886/build]   |     at org.apache.maven.lifecycle.internal.LifecycleModuleBuilder.buildProject (LifecycleModuleBuilder.java:117)\n[2113f053-96e7-4f0c-8d25-6d9474a32886/build]   |     at org.apache.maven.lifecycle.internal.LifecycleModuleBuilder.buildProject (LifecycleModuleBuilder.java:81)\n[2113f053-96e7-4f0c-8d25-6d9474a32886/build]   |     at org.apache.maven.lifecycle.internal.builder.singlethreaded.SingleThreadedBuilder.build (SingleThreadedBuilder.java:56)\n[2113f053-96e7-4f0c-8d25-6d9474a32886/build]   |     at org.apache.maven.lifecycle.internal.LifecycleStarter.execute (LifecycleStarter.java:128)\n[2113f053-96e7-4f0c-8d25-6d9474a32886/build]   |     at org.apache.maven.DefaultMaven.doExecute (DefaultMaven.java:305)\n[2113f053-96e7-4f0c-8d25-6d9474a32886/build]   |     at org.apache.maven.DefaultMaven.doExecute (DefaultMaven.java:192)\n[2113f053-96e7-4f0c-8d25-6d9474a32886/build]   |     at org.apache.maven.DefaultMaven.execute (DefaultMaven.java:105)\n[2113f053-96e7-4f0c-8d25-6d9474a32886/build]   |     at org.apache.maven.cli.MavenCli.execute (MavenCli.java:957)\n[2113f053-96e7-4f0c-8d25-6d9474a32886/build]   |     at org.apache.maven.cli.MavenCli.doMain (MavenCli.java:289)\n[2113f053-96e7-4f0c-8d25-6d9474a32886/build]   |     at org.apache.maven.cli.MavenCli.main (MavenCli.java:193)\n[2113f053-96e7-4f0c-8d25-6d9474a32886/build]   |     at sun.reflect.NativeMethodAccessorImpl.invoke0 (Native Method)\n[2113f053-96e7-4f0c-8d25-6d9474a32886/build]   |     at sun.reflect.NativeMethodAccessorImpl.invoke (NativeMethodAccessorImpl.java:62)\n[2113f053-96e7-4f0c-8d25-6d9474a32886/build]   |     at sun.reflect.DelegatingMethodAccessorImpl.invoke (DelegatingMethodAccessorImpl.java:43)\n[2113f053-96e7-4f0c-8d25-6d9474a32886/build]   |     at java.lang.reflect.Method.invoke (Method.java:498)\n[2113f053-96e7-4f0c-8d25-6d9474a32886/build]   |     at org.codehaus.plexus.classworlds.launcher.Launcher.launchEnhanced (Launcher.java:282)\n[2113f053-96e7-4f0c-8d25-6d9474a32886/build]   |     at org.codehaus.plexus.classworlds.launcher.Launcher.launch (Launcher.java:225)\n[2113f053-96e7-4f0c-8d25-6d9474a32886/build]   |     at org.codehaus.plexus.classworlds.launcher.Launcher.mainWithExitCode (Launcher.java:406)\n[2113f053-96e7-4f0c-8d25-6d9474a32886/build]   |     at org.codehaus.plexus.classworlds.launcher.Launcher.main (Launcher.java:347)\n[2113f053-96e7-4f0c-8d25-6d9474a32886/build]   |     at sun.reflect.NativeMethodAccessorImpl.invoke0 (Native Method)\n[2113f053-96e7-4f0c-8d25-6d9474a32886/build]   |     at sun.reflect.NativeMethodAccessorImpl.invoke (NativeMethodAccessorImpl.java:62)\n[2113f053-96e7-4f0c-8d25-6d9474a32886/build]   |     at sun.reflect.DelegatingMethodAccessorImpl.invoke (DelegatingMethodAccessorImpl.java:43)\n[2113f053-96e7-4f0c-8d25-6d9474a32886/build]   |     at java.lang.reflect.Method.invoke (Method.java:498)\n[2113f053-96e7-4f0c-8d25-6d9474a32886/build]   |     at org.apache.maven.wrapper.BootstrapMainStarter.start (BootstrapMainStarter.java:39)\n[2113f053-96e7-4f0c-8d25-6d9474a32886/build]   |     at org.apache.maven.wrapper.WrapperExecutor.execute (WrapperExecutor.java:122)\n[2113f053-96e7-4f0c-8d25-6d9474a32886/build]   |     at org.apache.maven.wrapper.MavenWrapperMain.main (MavenWrapperMain.java:61)\n[2113f053-96e7-4f0c-8d25-6d9474a32886/build]   | Caused by: org.apache.maven.plugin.PluginContainerException: An API incompatibility was encountered while executing org.sonarsource.scanner.maven:sonar-maven-plugin:3.7.0.1746:sonar: java.lang.UnsupportedClassVersionError: org/sonar/batch/bootstrapper/EnvironmentInformation has been compiled by a more recent version of the Java Runtime (class file version 55.0), this version of the Java Runtime only recognizes class file versions up to 52.0\n[2113f053-96e7-4f0c-8d25-6d9474a32886/build]   | -----------------------------------------------------\n[2113f053-96e7-4f0c-8d25-6d9474a32886/build]   | realm =    plugin>org.sonarsource.scanner.maven:sonar-maven-plugin:3.7.0.1746\n[2113f053-96e7-4f0c-8d25-6d9474a32886/build]   | strategy = org.codehaus.plexus.classworlds.strategy.SelfFirstStrategy\n[2113f053-96e7-4f0c-8d25-6d9474a32886/build]   | urls[0] = file:/home/runneradmin/.m2/repository/org/sonarsource/scanner/maven/sonar-maven-plugin/3.7.0.1746/sonar-maven-plugin-3.7.0.1746.jar\n[2113f053-96e7-4f0c-8d25-6d9474a32886/build]   | urls[1] = file:/home/runneradmin/.m2/repository/org/sonatype/plexus/plexus-sec-dispatcher/1.4/plexus-sec-dispatcher-1.4.jar\n[2113f053-96e7-4f0c-8d25-6d9474a32886/build]   | urls[2] = file:/home/runneradmin/.m2/repository/org/sonatype/plexus/plexus-cipher/1.4/plexus-cipher-1.4.jar\n[2113f053-96e7-4f0c-8d25-6d9474a32886/build]   | urls[3] = file:/home/runneradmin/.m2/repository/org/codehaus/plexus/plexus-utils/3.2.1/plexus-utils-3.2.1.jar\n[2113f053-96e7-4f0c-8d25-6d9474a32886/build]   | urls[4] = file:/home/runneradmin/.m2/repository/org/sonarsource/scanner/api/sonar-scanner-api/2.14.0.2002/sonar-scanner-api-2.14.0.2002.jar\n[2113f053-96e7-4f0c-8d25-6d9474a32886/build]   | urls[5] = file:/home/runneradmin/.m2/repository/commons-lang/commons-lang/2.6/commons-lang-2.6.jar\n[2113f053-96e7-4f0c-8d25-6d9474a32886/build]   | Number of foreign imports: 1\n[2113f053-96e7-4f0c-8d25-6d9474a32886/build]   | import: Entry[import  from realm ClassRealm[project>org.assertj:assertj-assertions-generator:2.2.2-SNAPSHOT, parent: ClassRealm[maven.api, parent: null]]]\n[2113f053-96e7-4f0c-8d25-6d9474a32886/build]   | \n[2113f053-96e7-4f0c-8d25-6d9474a32886/build]   | -----------------------------------------------------\n[2113f053-96e7-4f0c-8d25-6d9474a32886/build]   | \n[2113f053-96e7-4f0c-8d25-6d9474a32886/build]   |     at org.apache.maven.plugin.DefaultBuildPluginManager.executeMojo (DefaultBuildPluginManager.java:184)\n[2113f053-96e7-4f0c-8d25-6d9474a32886/build]   |     at org.apache.maven.lifecycle.internal.MojoExecutor.execute (MojoExecutor.java:210)\n[2113f053-96e7-4f0c-8d25-6d9474a32886/build]   |     at org.apache.maven.lifecycle.internal.MojoExecutor.execute (MojoExecutor.java:156)\n[2113f053-96e7-4f0c-8d25-6d9474a32886/build]   |     at org.apache.maven.lifecycle.internal.MojoExecutor.execute (MojoExecutor.java:148)\n[2113f053-96e7-4f0c-8d25-6d9474a32886/build]   |     at org.apache.maven.lifecycle.internal.LifecycleModuleBuilder.buildProject (LifecycleModuleBuilder.java:117)\n[2113f053-96e7-4f0c-8d25-6d9474a32886/build]   |     at org.apache.maven.lifecycle.internal.LifecycleModuleBuilder.buildProject (LifecycleModuleBuilder.java:81)\n[2113f053-96e7-4f0c-8d25-6d9474a32886/build]   |     at org.apache.maven.lifecycle.internal.builder.singlethreaded.SingleThreadedBuilder.build (SingleThreadedBuilder.java:56)\n[2113f053-96e7-4f0c-8d25-6d9474a32886/build]   |     at org.apache.maven.lifecycle.internal.LifecycleStarter.execute (LifecycleStarter.java:128)\n[2113f053-96e7-4f0c-8d25-6d9474a32886/build]   |     at org.apache.maven.DefaultMaven.doExecute (DefaultMaven.java:305)\n[2113f053-96e7-4f0c-8d25-6d9474a32886/build]   |     at org.apache.maven.DefaultMaven.doExecute (DefaultMaven.java:192)\n[2113f053-96e7-4f0c-8d25-6d9474a32886/build]   |     at org.apache.maven.DefaultMaven.execute (DefaultMaven.java:105)\n[2113f053-96e7-4f0c-8d25-6d9474a32886/build]   |     at org.apache.maven.cli.MavenCli.execute (MavenCli.java:957)\n[2113f053-96e7-4f0c-8d25-6d9474a32886/build]   |     at org.apache.maven.cli.MavenCli.doMain (MavenCli.java:289)\n[2113f053-96e7-4f0c-8d25-6d9474a32886/build]   |     at org.apache.maven.cli.MavenCli.main (MavenCli.java:193)\n[2113f053-96e7-4f0c-8d25-6d9474a32886/build]   |     at sun.reflect.NativeMethodAccessorImpl.invoke0 (Native Method)\n[2113f053-96e7-4f0c-8d25-6d9474a32886/build]   |     at sun.reflect.NativeMethodAccessorImpl.invoke (NativeMethodAccessorImpl.java:62)\n[2113f053-96e7-4f0c-8d25-6d9474a32886/build]   |     at sun.reflect.DelegatingMethodAccessorImpl.invoke (DelegatingMethodAccessorImpl.java:43)\n[2113f053-96e7-4f0c-8d25-6d9474a32886/build]   |     at java.lang.reflect.Method.invoke (Method.java:498)\n[2113f053-96e7-4f0c-8d25-6d9474a32886/build]   |     at org.codehaus.plexus.classworlds.launcher.Launcher.launchEnhanced (Launcher.java:282)\n[2113f053-96e7-4f0c-8d25-6d9474a32886/build]   |     at org.codehaus.plexus.classworlds.launcher.Launcher.launch (Launcher.java:225)\n[2113f053-96e7-4f0c-8d25-6d9474a32886/build]   |     at org.codehaus.plexus.classworlds.launcher.Launcher.mainWithExitCode (Launcher.java:406)\n[2113f053-96e7-4f0c-8d25-6d9474a32886/build]   |     at org.codehaus.plexus.classworlds.launcher.Launcher.main (Launcher.java:347)\n[2113f053-96e7-4f0c-8d25-6d9474a32886/build]   |     at sun.reflect.NativeMethodAccessorImpl.invoke0 (Native Method)\n[2113f053-96e7-4f0c-8d25-6d9474a32886/build]   |     at sun.reflect.NativeMethodAccessorImpl.invoke (NativeMethodAccessorImpl.java:62)\n[2113f053-96e7-4f0c-8d25-6d9474a32886/build]   |     at sun.reflect.DelegatingMethodAccessorImpl.invoke (DelegatingMethodAccessorImpl.java:43)\n[2113f053-96e7-4f0c-8d25-6d9474a32886/build]   |     at java.lang.reflect.Method.invoke (Method.java:498)\n[2113f053-96e7-4f0c-8d25-6d9474a32886/build]   |     at org.apache.maven.wrapper.BootstrapMainStarter.start (BootstrapMainStarter.java:39)\n[2113f053-96e7-4f0c-8d25-6d9474a32886/build]   |     at org.apache.maven.wrapper.WrapperExecutor.execute (WrapperExecutor.java:122)\n[2113f053-96e7-4f0c-8d25-6d9474a32886/build]   |     at org.apache.maven.wrapper.MavenWrapperMain.main (MavenWrapperMain.java:61)\n[2113f053-96e7-4f0c-8d25-6d9474a32886/build]   | Caused by: java.lang.UnsupportedClassVersionError: org/sonar/batch/bootstrapper/EnvironmentInformation has been compiled by a more recent version of the Java Runtime (class file version 55.0), this version of the Java Runtime only recognizes class file versions up to 52.0\n[2113f053-96e7-4f0c-8d25-6d9474a32886/build]   |     at java.lang.ClassLoader.defineClass1 (Native Method)\n[2113f053-96e7-4f0c-8d25-6d9474a32886/build]   |     at java.lang.ClassLoader.defineClass (ClassLoader.java:757)\n[2113f053-96e7-4f0c-8d25-6d9474a32886/build]   |     at java.security.SecureClassLoader.defineClass (SecureClassLoader.java:142)\n[2113f053-96e7-4f0c-8d25-6d9474a32886/build]   |     at java.net.URLClassLoader.defineClass (URLClassLoader.java:473)\n[2113f053-96e7-4f0c-8d25-6d9474a32886/build]   |     at java.net.URLClassLoader.access$100 (URLClassLoader.java:74)\n[2113f053-96e7-4f0c-8d25-6d9474a32886/build]   |     at java.net.URLClassLoader$1.run (URLClassLoader.java:369)\n[2113f053-96e7-4f0c-8d25-6d9474a32886/build]   |     at java.net.URLClassLoader$1.run (URLClassLoader.java:363)\n[2113f053-96e7-4f0c-8d25-6d9474a32886/build]   |     at java.security.AccessController.doPrivileged (Native Method)\n[2113f053-96e7-4f0c-8d25-6d9474a32886/build]   |     at java.net.URLClassLoader.findClass (URLClassLoader.java:362)\n[2113f053-96e7-4f0c-8d25-6d9474a32886/build]   |     at org.sonarsource.scanner.api.internal.IsolatedClassloader.loadClass (IsolatedClassloader.java:82)\n[2113f053-96e7-4f0c-8d25-6d9474a32886/build]   |     at java.lang.ClassLoader.loadClass (ClassLoader.java:352)\n[2113f053-96e7-4f0c-8d25-6d9474a32886/build]   |     at org.sonarsource.scanner.api.internal.batch.DefaultBatchFactory.createBatch (DefaultBatchFactory.java:32)\n[2113f053-96e7-4f0c-8d25-6d9474a32886/build]   |     at org.sonarsource.scanner.api.internal.batch.BatchIsolatedLauncher.execute (BatchIsolatedLauncher.java:46)\n[2113f053-96e7-4f0c-8d25-6d9474a32886/build]   |     at sun.reflect.NativeMethodAccessorImpl.invoke0 (Native Method)\n[2113f053-96e7-4f0c-8d25-6d9474a32886/build]   |     at sun.reflect.NativeMethodAccessorImpl.invoke (NativeMethodAccessorImpl.java:62)\n[2113f053-96e7-4f0c-8d25-6d9474a32886/build]   |     at sun.reflect.DelegatingMethodAccessorImpl.invoke (DelegatingMethodAccessorImpl.java:43)\n[2113f053-96e7-4f0c-8d25-6d9474a32886/build]   |     at java.lang.reflect.Method.invoke (Method.java:498)\n[2113f053-96e7-4f0c-8d25-6d9474a32886/build]   |     at org.sonarsource.scanner.api.internal.IsolatedLauncherProxy.invoke (IsolatedLauncherProxy.java:60)\n[2113f053-96e7-4f0c-8d25-6d9474a32886/build]   |     at com.sun.proxy.$Proxy33.execute (Unknown Source)\n[2113f053-96e7-4f0c-8d25-6d9474a32886/build]   |     at org.sonarsource.scanner.api.EmbeddedScanner.doExecute (EmbeddedScanner.java:189)\n[2113f053-96e7-4f0c-8d25-6d9474a32886/build]   |     at org.sonarsource.scanner.api.EmbeddedScanner.execute (EmbeddedScanner.java:138)\n[2113f053-96e7-4f0c-8d25-6d9474a32886/build]   |     at org.sonarsource.scanner.maven.bootstrap.ScannerBootstrapper.execute (ScannerBootstrapper.java:65)\n[2113f053-96e7-4f0c-8d25-6d9474a32886/build]   |     at org.sonarsource.scanner.maven.SonarQubeMojo.execute (SonarQubeMojo.java:104)\n[2113f053-96e7-4f0c-8d25-6d9474a32886/build]   |     at org.apache.maven.plugin.DefaultBuildPluginManager.executeMojo (DefaultBuildPluginManager.java:137)\n[2113f053-96e7-4f0c-8d25-6d9474a32886/build]   |     at org.apache.maven.lifecycle.internal.MojoExecutor.execute (MojoExecutor.java:210)\n[2113f053-96e7-4f0c-8d25-6d9474a32886/build]   |     at org.apache.maven.lifecycle.internal.MojoExecutor.execute (MojoExecutor.java:156)\n[2113f053-96e7-4f0c-8d25-6d9474a32886/build]   |     at org.apache.maven.lifecycle.internal.MojoExecutor.execute (MojoExecutor.java:148)\n[2113f053-96e7-4f0c-8d25-6d9474a32886/build]   |     at org.apache.maven.lifecycle.internal.LifecycleModuleBuilder.buildProject (LifecycleModuleBuilder.java:117)\n[2113f053-96e7-4f0c-8d25-6d9474a32886/build]   |     at org.apache.maven.lifecycle.internal.LifecycleModuleBuilder.buildProject (LifecycleModuleBuilder.java:81)\n[2113f053-96e7-4f0c-8d25-6d9474a32886/build]   |     at org.apache.maven.lifecycle.internal.builder.singlethreaded.SingleThreadedBuilder.build (SingleThreadedBuilder.java:56)\n[2113f053-96e7-4f0c-8d25-6d9474a32886/build]   |     at org.apache.maven.lifecycle.internal.LifecycleStarter.execute (LifecycleStarter.java:128)\n[2113f053-96e7-4f0c-8d25-6d9474a32886/build]   |     at org.apache.maven.DefaultMaven.doExecute (DefaultMaven.java:305)\n[2113f053-96e7-4f0c-8d25-6d9474a32886/build]   |     at org.apache.maven.DefaultMaven.doExecute (DefaultMaven.java:192)\n[2113f053-96e7-4f0c-8d25-6d9474a32886/build]   |     at org.apache.maven.DefaultMaven.execute (DefaultMaven.java:105)\n[2113f053-96e7-4f0c-8d25-6d9474a32886/build]   |     at org.apache.maven.cli.MavenCli.execute (MavenCli.java:957)\n[2113f053-96e7-4f0c-8d25-6d9474a32886/build]   |     at org.apache.maven.cli.MavenCli.doMain (MavenCli.java:289)\n[2113f053-96e7-4f0c-8d25-6d9474a32886/build]   |     at org.apache.maven.cli.MavenCli.main (MavenCli.java:193)\n[2113f053-96e7-4f0c-8d25-6d9474a32886/build]   |     at sun.reflect.NativeMethodAccessorImpl.invoke0 (Native Method)\n[2113f053-96e7-4f0c-8d25-6d9474a32886/build]   |     at sun.reflect.NativeMethodAccessorImpl.invoke (NativeMethodAccessorImpl.java:62)\n[2113f053-96e7-4f0c-8d25-6d9474a32886/build]   |     at sun.reflect.DelegatingMethodAccessorImpl.invoke (DelegatingMethodAccessorImpl.java:43)\n[2113f053-96e7-4f0c-8d25-6d9474a32886/build]   |     at java.lang.reflect.Method.invoke (Method.java:498)\n[2113f053-96e7-4f0c-8d25-6d9474a32886/build]   |     at org.codehaus.plexus.classworlds.launcher.Launcher.launchEnhanced (Launcher.java:282)\n[2113f053-96e7-4f0c-8d25-6d9474a32886/build]   |     at org.codehaus.plexus.classworlds.launcher.Launcher.launch (Launcher.java:225)\n[2113f053-96e7-4f0c-8d25-6d9474a32886/build]   |     at org.codehaus.plexus.classworlds.launcher.Launcher.mainWithExitCode (Launcher.java:406)\n[2113f053-96e7-4f0c-8d25-6d9474a32886/build]   |     at org.codehaus.plexus.classworlds.launcher.Launcher.main (Launcher.java:347)\n[2113f053-96e7-4f0c-8d25-6d9474a32886/build]   |     at sun.reflect.NativeMethodAccessorImpl.invoke0 (Native Method)\n[2113f053-96e7-4f0c-8d25-6d9474a32886/build]   |     at sun.reflect.NativeMethodAccessorImpl.invoke (NativeMethodAccessorImpl.java:62)\n[2113f053-96e7-4f0c-8d25-6d9474a32886/build]   |     at sun.reflect.DelegatingMethodAccessorImpl.invoke (DelegatingMethodAccessorImpl.java:43)\n[2113f053-96e7-4f0c-8d25-6d9474a32886/build]   |     at java.lang.reflect.Method.invoke (Method.java:498)\n[2113f053-96e7-4f0c-8d25-6d9474a32886/build]   |     at org.apache.maven.wrapper.BootstrapMainStarter.start (BootstrapMainStarter.java:39)\n[2113f053-96e7-4f0c-8d25-6d9474a32886/build]   |     at org.apache.maven.wrapper.WrapperExecutor.execute (WrapperExecutor.java:122)\n[2113f053-96e7-4f0c-8d25-6d9474a32886/build]   |     at org.apache.maven.wrapper.MavenWrapperMain.main (MavenWrapperMain.java:61)\n[2113f053-96e7-4f0c-8d25-6d9474a32886/build]   | [ERROR] \n[2113f053-96e7-4f0c-8d25-6d9474a32886/build]   | [ERROR] Re-run Maven using the -X switch to enable full debug logging.\n[2113f053-96e7-4f0c-8d25-6d9474a32886/build]   | [ERROR] \n[2113f053-96e7-4f0c-8d25-6d9474a32886/build]   | [ERROR] For more information about the errors and possible solutions, please read the following articles:\n[2113f053-96e7-4f0c-8d25-6d9474a32886/build]   | [ERROR] [Help 1] http://cwiki.apache.org/confluence/display/MAVEN/PluginContainerException\n[2113f053-96e7-4f0c-8d25-6d9474a32886/build]   \u274c  Failure - Main Test with Sonar\n[2113f053-96e7-4f0c-8d25-6d9474a32886/build] exitcode '1': failure\n[2113f053-96e7-4f0c-8d25-6d9474a32886/build] \u2b50 Run Post Set up JDK 1.8\n[2113f053-96e7-4f0c-8d25-6d9474a32886/build]   \ud83d\udc33  docker exec cmd=[node /var/run/act/actions/actions-setup-java@v1/dist/cleanup/index.js] user= workdir=\n[2113f053-96e7-4f0c-8d25-6d9474a32886/build]   \u2705  Success - Post Set up JDK 1.8\n[2113f053-96e7-4f0c-8d25-6d9474a32886/build] \ud83c\udfc1  Job failed\n",
        "stderr": "Error: Job 'build' failed\n",
        "workflow": "/tmp/3d783ea4-1661-11ee-8a50-bb14de238602/assertj-assertj-assertions-generator/.github/workflows/build-crawler.yml",
        "build_tool": "maven",
        "elapsed_time": 154.2724769115448
    }
}