{
    "repository": "capacitor-community/firebase-analytics",
    "stars": 143,
    "language": "java",
    "size": 703,
    "clone_url": "https://github.com/capacitor-community/firebase-analytics.git",
    "timestamp": "2023-06-29T14:08:11.690362Z",
    "clone_success": true,
    "number_of_actions": 1,
    "number_of_test_actions": 1,
    "actions_successful": false,
    "actions_build_tools": [
        "gradle"
    ],
    "actions_test_build_tools": [
        "gradle"
    ],
    "actions_run": {
        "failed": true,
        "tests": [],
        "stdout": "[7f34348f-8970-40cd-bb3d-3fb80ff70883/Android Unit Tests] \ud83d\ude80  Start image=crawlergpt:latest\n[7f34348f-8970-40cd-bb3d-3fb80ff70883/iOS Unit Tests    ] \ud83d\ude80  Start image=crawlergpt:latest\n[7f34348f-8970-40cd-bb3d-3fb80ff70883/iOS Unit Tests    ]   \ud83d\udc33  docker pull image=crawlergpt:latest platform= username= forcePull=false\n[7f34348f-8970-40cd-bb3d-3fb80ff70883/Android Unit Tests]   \ud83d\udc33  docker pull image=crawlergpt:latest platform= username= forcePull=false\n[7f34348f-8970-40cd-bb3d-3fb80ff70883/iOS Unit Tests    ]   \ud83d\udc33  docker create image=crawlergpt:latest platform= entrypoint=[\"tail\" \"-f\" \"/dev/null\"] cmd=[]\n[7f34348f-8970-40cd-bb3d-3fb80ff70883/Android Unit Tests]   \ud83d\udc33  docker create image=crawlergpt:latest platform= entrypoint=[\"tail\" \"-f\" \"/dev/null\"] cmd=[]\n[7f34348f-8970-40cd-bb3d-3fb80ff70883/Android Unit Tests]   \ud83d\udc33  docker run image=crawlergpt:latest platform= entrypoint=[\"tail\" \"-f\" \"/dev/null\"] cmd=[]\n[7f34348f-8970-40cd-bb3d-3fb80ff70883/iOS Unit Tests    ]   \ud83d\udc33  docker run image=crawlergpt:latest platform= entrypoint=[\"tail\" \"-f\" \"/dev/null\"] cmd=[]\n[7f34348f-8970-40cd-bb3d-3fb80ff70883/Android Unit Tests]   \ud83d\udc33  docker exec cmd=[chown -R 1012:1013 /tmp/3d783ea4-1661-11ee-8a50-bb14de238602/capacitor-community-firebase-analytics] user=0 workdir=\n[7f34348f-8970-40cd-bb3d-3fb80ff70883/iOS Unit Tests    ]   \ud83d\udc33  docker exec cmd=[chown -R 1012:1013 /tmp/3d783ea4-1661-11ee-8a50-bb14de238602/capacitor-community-firebase-analytics] user=0 workdir=\n[7f34348f-8970-40cd-bb3d-3fb80ff70883/iOS Unit Tests    ]   \u2601  git clone 'https://github.com/actions/setup-node' # ref=v3\n[7f34348f-8970-40cd-bb3d-3fb80ff70883/Android Unit Tests]   \u2601  git clone 'https://github.com/actions/setup-node' # ref=v3\n[7f34348f-8970-40cd-bb3d-3fb80ff70883/iOS Unit Tests    ] \ud83e\uddea  Matrix: map[destination:platform=iOS Simulator,OS=16.2,name=iPhone 8]\n[7f34348f-8970-40cd-bb3d-3fb80ff70883/iOS Unit Tests    ] \u2b50 Run Main Checkout Code\n[7f34348f-8970-40cd-bb3d-3fb80ff70883/iOS Unit Tests    ]   \u2705  Success - Main Checkout Code\n[7f34348f-8970-40cd-bb3d-3fb80ff70883/iOS Unit Tests    ] \u2b50 Run Main Setup Node\n[7f34348f-8970-40cd-bb3d-3fb80ff70883/iOS Unit Tests    ]   \ud83d\udc33  docker cp src=/tmp/act-cache/af1ba372-9758-4fd4-ad94-e61928839981/act/actions-setup-node@v3/ dst=/var/run/act/actions/actions-setup-node@v3/\n[7f34348f-8970-40cd-bb3d-3fb80ff70883/Android Unit Tests]   \u2601  git clone 'https://github.com/actions/setup-java' # ref=v3\n[7f34348f-8970-40cd-bb3d-3fb80ff70883/iOS Unit Tests    ]   \ud83d\udc33  docker exec cmd=[chown -R 1012:1013 /var/run/act/actions/actions-setup-node@v3/] user=0 workdir=\n[7f34348f-8970-40cd-bb3d-3fb80ff70883/iOS Unit Tests    ]   \ud83d\udc33  docker exec cmd=[node /var/run/act/actions/actions-setup-node@v3/dist/setup/index.js] user= workdir=\n[7f34348f-8970-40cd-bb3d-3fb80ff70883/iOS Unit Tests    ]   \ud83d\udcac  ::debug::isExplicit: \n[7f34348f-8970-40cd-bb3d-3fb80ff70883/iOS Unit Tests    ]   \ud83d\udcac  ::debug::explicit? false\n[7f34348f-8970-40cd-bb3d-3fb80ff70883/iOS Unit Tests    ]   \ud83d\udcac  ::debug::isExplicit: 10.24.1\n[7f34348f-8970-40cd-bb3d-3fb80ff70883/iOS Unit Tests    ]   \ud83d\udcac  ::debug::explicit? true\n[7f34348f-8970-40cd-bb3d-3fb80ff70883/iOS Unit Tests    ]   \ud83d\udcac  ::debug::isExplicit: 12.22.6\n[7f34348f-8970-40cd-bb3d-3fb80ff70883/iOS Unit Tests    ]   \ud83d\udcac  ::debug::explicit? true\n[7f34348f-8970-40cd-bb3d-3fb80ff70883/iOS Unit Tests    ]   \ud83d\udcac  ::debug::isExplicit: 14.17.5\n[7f34348f-8970-40cd-bb3d-3fb80ff70883/iOS Unit Tests    ]   \ud83d\udcac  ::debug::explicit? true\n[7f34348f-8970-40cd-bb3d-3fb80ff70883/iOS Unit Tests    ]   \ud83d\udcac  ::debug::isExplicit: 14.17.6\n[7f34348f-8970-40cd-bb3d-3fb80ff70883/iOS Unit Tests    ]   \ud83d\udcac  ::debug::explicit? true\n[7f34348f-8970-40cd-bb3d-3fb80ff70883/iOS Unit Tests    ]   \ud83d\udcac  ::debug::evaluating 3 versions\n[7f34348f-8970-40cd-bb3d-3fb80ff70883/iOS Unit Tests    ]   \ud83d\udcac  ::debug::match not found\n[7f34348f-8970-40cd-bb3d-3fb80ff70883/iOS Unit Tests    ]   | Attempting to download 16...\n[7f34348f-8970-40cd-bb3d-3fb80ff70883/iOS Unit Tests    ]   \ud83d\udcac  ::debug::No manifest cached\n[7f34348f-8970-40cd-bb3d-3fb80ff70883/iOS Unit Tests    ]   \ud83d\udcac  ::debug::Getting manifest from actions/node-versions@main\n[7f34348f-8970-40cd-bb3d-3fb80ff70883/iOS Unit Tests    ]   \ud83d\udcac  ::debug::set auth\n[7f34348f-8970-40cd-bb3d-3fb80ff70883/iOS Unit Tests    ]   \ud83d\udcac  ::debug::check 20.3.1 satisfies 16\n[7f34348f-8970-40cd-bb3d-3fb80ff70883/iOS Unit Tests    ]   \ud83d\udcac  ::debug::check 20.3.0 satisfies 16\n[7f34348f-8970-40cd-bb3d-3fb80ff70883/iOS Unit Tests    ]   \ud83d\udcac  ::debug::check 20.2.0 satisfies 16\n[7f34348f-8970-40cd-bb3d-3fb80ff70883/iOS Unit Tests    ]   \ud83d\udcac  ::debug::check 20.1.0 satisfies 16\n[7f34348f-8970-40cd-bb3d-3fb80ff70883/iOS Unit Tests    ]   \ud83d\udcac  ::debug::check 20.0.0 satisfies 16\n[7f34348f-8970-40cd-bb3d-3fb80ff70883/iOS Unit Tests    ]   \ud83d\udcac  ::debug::check 18.16.1 satisfies 16\n[7f34348f-8970-40cd-bb3d-3fb80ff70883/iOS Unit Tests    ]   \ud83d\udcac  ::debug::check 18.16.0 satisfies 16\n[7f34348f-8970-40cd-bb3d-3fb80ff70883/iOS Unit Tests    ]   \ud83d\udcac  ::debug::check 18.15.0 satisfies 16\n[7f34348f-8970-40cd-bb3d-3fb80ff70883/iOS Unit Tests    ]   \ud83d\udcac  ::debug::check 18.14.2 satisfies 16\n[7f34348f-8970-40cd-bb3d-3fb80ff70883/iOS Unit Tests    ]   \ud83d\udcac  ::debug::check 18.14.1 satisfies 16\n[7f34348f-8970-40cd-bb3d-3fb80ff70883/iOS Unit Tests    ]   \ud83d\udcac  ::debug::check 18.14.0 satisfies 16\n[7f34348f-8970-40cd-bb3d-3fb80ff70883/iOS Unit Tests    ]   \ud83d\udcac  ::debug::check 18.13.0 satisfies 16\n[7f34348f-8970-40cd-bb3d-3fb80ff70883/iOS Unit Tests    ]   \ud83d\udcac  ::debug::check 18.12.1 satisfies 16\n[7f34348f-8970-40cd-bb3d-3fb80ff70883/iOS Unit Tests    ]   \ud83d\udcac  ::debug::check 18.12.0 satisfies 16\n[7f34348f-8970-40cd-bb3d-3fb80ff70883/iOS Unit Tests    ]   \ud83d\udcac  ::debug::check 18.11.0 satisfies 16\n[7f34348f-8970-40cd-bb3d-3fb80ff70883/iOS Unit Tests    ]   \ud83d\udcac  ::debug::check 18.10.0 satisfies 16\n[7f34348f-8970-40cd-bb3d-3fb80ff70883/iOS Unit Tests    ]   \ud83d\udcac  ::debug::check 18.9.1 satisfies 16\n[7f34348f-8970-40cd-bb3d-3fb80ff70883/iOS Unit Tests    ]   \ud83d\udcac  ::debug::check 18.9.0 satisfies 16\n[7f34348f-8970-40cd-bb3d-3fb80ff70883/iOS Unit Tests    ]   \ud83d\udcac  ::debug::check 18.8.0 satisfies 16\n[7f34348f-8970-40cd-bb3d-3fb80ff70883/iOS Unit Tests    ]   \ud83d\udcac  ::debug::check 18.7.0 satisfies 16\n[7f34348f-8970-40cd-bb3d-3fb80ff70883/iOS Unit Tests    ]   \ud83d\udcac  ::debug::check 18.6.0 satisfies 16\n[7f34348f-8970-40cd-bb3d-3fb80ff70883/iOS Unit Tests    ]   \ud83d\udcac  ::debug::check 18.5.0 satisfies 16\n[7f34348f-8970-40cd-bb3d-3fb80ff70883/iOS Unit Tests    ]   \ud83d\udcac  ::debug::check 18.4.0 satisfies 16\n[7f34348f-8970-40cd-bb3d-3fb80ff70883/iOS Unit Tests    ]   \ud83d\udcac  ::debug::check 18.3.0 satisfies 16\n[7f34348f-8970-40cd-bb3d-3fb80ff70883/iOS Unit Tests    ]   \ud83d\udcac  ::debug::check 18.2.0 satisfies 16\n[7f34348f-8970-40cd-bb3d-3fb80ff70883/iOS Unit Tests    ]   \ud83d\udcac  ::debug::check 18.1.0 satisfies 16\n[7f34348f-8970-40cd-bb3d-3fb80ff70883/iOS Unit Tests    ]   \ud83d\udcac  ::debug::check 18.0.0 satisfies 16\n[7f34348f-8970-40cd-bb3d-3fb80ff70883/iOS Unit Tests    ]   \ud83d\udcac  ::debug::check 16.20.1 satisfies 16\n[7f34348f-8970-40cd-bb3d-3fb80ff70883/iOS Unit Tests    ]   \ud83d\udcac  ::debug::x64===x64 && darwin===linux\n[7f34348f-8970-40cd-bb3d-3fb80ff70883/iOS Unit Tests    ]   \ud83d\udcac  ::debug::x64===x64 && linux===linux\n[7f34348f-8970-40cd-bb3d-3fb80ff70883/iOS Unit Tests    ]   \ud83d\udcac  ::debug::matched 16.20.1\n[7f34348f-8970-40cd-bb3d-3fb80ff70883/iOS Unit Tests    ]   | Acquiring 16.20.1 - x64 from https://github.com/actions/node-versions/releases/download/16.20.1-5342959204/node-16.20.1-linux-x64.tar.gz\n[7f34348f-8970-40cd-bb3d-3fb80ff70883/iOS Unit Tests    ]   \ud83d\udcac  ::debug::Downloading https://github.com/actions/node-versions/releases/download/16.20.1-5342959204/node-16.20.1-linux-x64.tar.gz\n[7f34348f-8970-40cd-bb3d-3fb80ff70883/iOS Unit Tests    ]   \ud83d\udcac  ::debug::Destination /tmp/7070172b-baeb-4742-a5dd-17935ddef8a1\n[7f34348f-8970-40cd-bb3d-3fb80ff70883/iOS Unit Tests    ]   \ud83d\udcac  ::debug::set auth\n[7f34348f-8970-40cd-bb3d-3fb80ff70883/Android Unit Tests] \u2b50 Run Main Checkout Code\n[7f34348f-8970-40cd-bb3d-3fb80ff70883/Android Unit Tests]   \u2705  Success - Main Checkout Code\n[7f34348f-8970-40cd-bb3d-3fb80ff70883/Android Unit Tests] \u2b50 Run Main Setup Node\n[7f34348f-8970-40cd-bb3d-3fb80ff70883/Android Unit Tests]   \ud83d\udc33  docker cp src=/tmp/act-cache/af1ba372-9758-4fd4-ad94-e61928839981/act/actions-setup-node@v3/ dst=/var/run/act/actions/actions-setup-node@v3/\n[7f34348f-8970-40cd-bb3d-3fb80ff70883/Android Unit Tests]   \ud83d\udc33  docker exec cmd=[chown -R 1012:1013 /var/run/act/actions/actions-setup-node@v3/] user=0 workdir=\n[7f34348f-8970-40cd-bb3d-3fb80ff70883/iOS Unit Tests    ]   \ud83d\udcac  ::debug::download complete\n[7f34348f-8970-40cd-bb3d-3fb80ff70883/iOS Unit Tests    ]   | Extracting ...\n[7f34348f-8970-40cd-bb3d-3fb80ff70883/iOS Unit Tests    ]   \ud83d\udcac  ::debug::Checking tar --version\n[7f34348f-8970-40cd-bb3d-3fb80ff70883/iOS Unit Tests    ]   \ud83d\udcac  ::debug::tar (GNU tar) 1.30%0ACopyright (C) 2017 Free Software Foundation, Inc.%0ALicense GPLv3+: GNU GPL version 3 or later <https://gnu.org/licenses/gpl.html>.%0AThis is free software: you are free to change and redistribute it.%0AThere is NO WARRANTY, to the extent permitted by law.%0A%0AWritten by John Gilmore and Jay Fenlason.\n[7f34348f-8970-40cd-bb3d-3fb80ff70883/iOS Unit Tests    ]   | [command]/usr/bin/tar xz --strip 1 --warning=no-unknown-keyword -C /tmp/f4834171-4b5b-46d9-afd5-fa874668f1c0 -f /tmp/7070172b-baeb-4742-a5dd-17935ddef8a1\n[7f34348f-8970-40cd-bb3d-3fb80ff70883/iOS Unit Tests    ]   | Adding to the cache ...\n[7f34348f-8970-40cd-bb3d-3fb80ff70883/iOS Unit Tests    ]   \ud83d\udcac  ::debug::Caching tool node 16.20.1 x64\n[7f34348f-8970-40cd-bb3d-3fb80ff70883/iOS Unit Tests    ]   \ud83d\udcac  ::debug::source dir: /tmp/f4834171-4b5b-46d9-afd5-fa874668f1c0\n[7f34348f-8970-40cd-bb3d-3fb80ff70883/iOS Unit Tests    ]   \ud83d\udcac  ::debug::destination /opt/hostedtoolcache/node/16.20.1/x64\n[7f34348f-8970-40cd-bb3d-3fb80ff70883/Android Unit Tests]   \ud83d\udc33  docker exec cmd=[node /var/run/act/actions/actions-setup-node@v3/dist/setup/index.js] user= workdir=\n[7f34348f-8970-40cd-bb3d-3fb80ff70883/Android Unit Tests]   \ud83d\udcac  ::debug::isExplicit: \n[7f34348f-8970-40cd-bb3d-3fb80ff70883/Android Unit Tests]   \ud83d\udcac  ::debug::explicit? false\n[7f34348f-8970-40cd-bb3d-3fb80ff70883/Android Unit Tests]   \ud83d\udcac  ::debug::isExplicit: 10.24.1\n[7f34348f-8970-40cd-bb3d-3fb80ff70883/Android Unit Tests]   \ud83d\udcac  ::debug::explicit? true\n[7f34348f-8970-40cd-bb3d-3fb80ff70883/Android Unit Tests]   \ud83d\udcac  ::debug::isExplicit: 12.22.6\n[7f34348f-8970-40cd-bb3d-3fb80ff70883/Android Unit Tests]   \ud83d\udcac  ::debug::explicit? true\n[7f34348f-8970-40cd-bb3d-3fb80ff70883/Android Unit Tests]   \ud83d\udcac  ::debug::isExplicit: 14.17.5\n[7f34348f-8970-40cd-bb3d-3fb80ff70883/Android Unit Tests]   \ud83d\udcac  ::debug::explicit? true\n[7f34348f-8970-40cd-bb3d-3fb80ff70883/Android Unit Tests]   \ud83d\udcac  ::debug::isExplicit: 14.17.6\n[7f34348f-8970-40cd-bb3d-3fb80ff70883/Android Unit Tests]   \ud83d\udcac  ::debug::explicit? true\n[7f34348f-8970-40cd-bb3d-3fb80ff70883/Android Unit Tests]   \ud83d\udcac  ::debug::evaluating 3 versions\n[7f34348f-8970-40cd-bb3d-3fb80ff70883/Android Unit Tests]   \ud83d\udcac  ::debug::match not found\n[7f34348f-8970-40cd-bb3d-3fb80ff70883/Android Unit Tests]   | Attempting to download 16...\n[7f34348f-8970-40cd-bb3d-3fb80ff70883/Android Unit Tests]   \ud83d\udcac  ::debug::No manifest cached\n[7f34348f-8970-40cd-bb3d-3fb80ff70883/Android Unit Tests]   \ud83d\udcac  ::debug::Getting manifest from actions/node-versions@main\n[7f34348f-8970-40cd-bb3d-3fb80ff70883/Android Unit Tests]   \ud83d\udcac  ::debug::set auth\n[7f34348f-8970-40cd-bb3d-3fb80ff70883/iOS Unit Tests    ]   \ud83d\udcac  ::debug::finished caching tool\n[7f34348f-8970-40cd-bb3d-3fb80ff70883/iOS Unit Tests    ]   \u2753  ::group::Environment details\n[7f34348f-8970-40cd-bb3d-3fb80ff70883/Android Unit Tests]   \ud83d\udcac  ::debug::check 20.3.1 satisfies 16\n[7f34348f-8970-40cd-bb3d-3fb80ff70883/Android Unit Tests]   \ud83d\udcac  ::debug::check 20.3.0 satisfies 16\n[7f34348f-8970-40cd-bb3d-3fb80ff70883/Android Unit Tests]   \ud83d\udcac  ::debug::check 20.2.0 satisfies 16\n[7f34348f-8970-40cd-bb3d-3fb80ff70883/Android Unit Tests]   \ud83d\udcac  ::debug::check 20.1.0 satisfies 16\n[7f34348f-8970-40cd-bb3d-3fb80ff70883/Android Unit Tests]   \ud83d\udcac  ::debug::check 20.0.0 satisfies 16\n[7f34348f-8970-40cd-bb3d-3fb80ff70883/Android Unit Tests]   \ud83d\udcac  ::debug::check 18.16.1 satisfies 16\n[7f34348f-8970-40cd-bb3d-3fb80ff70883/Android Unit Tests]   \ud83d\udcac  ::debug::check 18.16.0 satisfies 16\n[7f34348f-8970-40cd-bb3d-3fb80ff70883/Android Unit Tests]   \ud83d\udcac  ::debug::check 18.15.0 satisfies 16\n[7f34348f-8970-40cd-bb3d-3fb80ff70883/Android Unit Tests]   \ud83d\udcac  ::debug::check 18.14.2 satisfies 16\n[7f34348f-8970-40cd-bb3d-3fb80ff70883/Android Unit Tests]   \ud83d\udcac  ::debug::check 18.14.1 satisfies 16\n[7f34348f-8970-40cd-bb3d-3fb80ff70883/Android Unit Tests]   \ud83d\udcac  ::debug::check 18.14.0 satisfies 16\n[7f34348f-8970-40cd-bb3d-3fb80ff70883/Android Unit Tests]   \ud83d\udcac  ::debug::check 18.13.0 satisfies 16\n[7f34348f-8970-40cd-bb3d-3fb80ff70883/Android Unit Tests]   \ud83d\udcac  ::debug::check 18.12.1 satisfies 16\n[7f34348f-8970-40cd-bb3d-3fb80ff70883/Android Unit Tests]   \ud83d\udcac  ::debug::check 18.12.0 satisfies 16\n[7f34348f-8970-40cd-bb3d-3fb80ff70883/Android Unit Tests]   \ud83d\udcac  ::debug::check 18.11.0 satisfies 16\n[7f34348f-8970-40cd-bb3d-3fb80ff70883/Android Unit Tests]   \ud83d\udcac  ::debug::check 18.10.0 satisfies 16\n[7f34348f-8970-40cd-bb3d-3fb80ff70883/Android Unit Tests]   \ud83d\udcac  ::debug::check 18.9.1 satisfies 16\n[7f34348f-8970-40cd-bb3d-3fb80ff70883/Android Unit Tests]   \ud83d\udcac  ::debug::check 18.9.0 satisfies 16\n[7f34348f-8970-40cd-bb3d-3fb80ff70883/Android Unit Tests]   \ud83d\udcac  ::debug::check 18.8.0 satisfies 16\n[7f34348f-8970-40cd-bb3d-3fb80ff70883/Android Unit Tests]   \ud83d\udcac  ::debug::check 18.7.0 satisfies 16\n[7f34348f-8970-40cd-bb3d-3fb80ff70883/Android Unit Tests]   \ud83d\udcac  ::debug::check 18.6.0 satisfies 16\n[7f34348f-8970-40cd-bb3d-3fb80ff70883/Android Unit Tests]   \ud83d\udcac  ::debug::check 18.5.0 satisfies 16\n[7f34348f-8970-40cd-bb3d-3fb80ff70883/Android Unit Tests]   \ud83d\udcac  ::debug::check 18.4.0 satisfies 16\n[7f34348f-8970-40cd-bb3d-3fb80ff70883/Android Unit Tests]   \ud83d\udcac  ::debug::check 18.3.0 satisfies 16\n[7f34348f-8970-40cd-bb3d-3fb80ff70883/Android Unit Tests]   \ud83d\udcac  ::debug::check 18.2.0 satisfies 16\n[7f34348f-8970-40cd-bb3d-3fb80ff70883/Android Unit Tests]   \ud83d\udcac  ::debug::check 18.1.0 satisfies 16\n[7f34348f-8970-40cd-bb3d-3fb80ff70883/Android Unit Tests]   \ud83d\udcac  ::debug::check 18.0.0 satisfies 16\n[7f34348f-8970-40cd-bb3d-3fb80ff70883/Android Unit Tests]   \ud83d\udcac  ::debug::check 16.20.1 satisfies 16\n[7f34348f-8970-40cd-bb3d-3fb80ff70883/Android Unit Tests]   \ud83d\udcac  ::debug::x64===x64 && darwin===linux\n[7f34348f-8970-40cd-bb3d-3fb80ff70883/Android Unit Tests]   \ud83d\udcac  ::debug::x64===x64 && linux===linux\n[7f34348f-8970-40cd-bb3d-3fb80ff70883/Android Unit Tests]   \ud83d\udcac  ::debug::matched 16.20.1\n[7f34348f-8970-40cd-bb3d-3fb80ff70883/Android Unit Tests]   | Acquiring 16.20.1 - x64 from https://github.com/actions/node-versions/releases/download/16.20.1-5342959204/node-16.20.1-linux-x64.tar.gz\n[7f34348f-8970-40cd-bb3d-3fb80ff70883/Android Unit Tests]   \ud83d\udcac  ::debug::Downloading https://github.com/actions/node-versions/releases/download/16.20.1-5342959204/node-16.20.1-linux-x64.tar.gz\n[7f34348f-8970-40cd-bb3d-3fb80ff70883/Android Unit Tests]   \ud83d\udcac  ::debug::Destination /tmp/2593c21a-2109-463d-a7a1-b075c348810c\n[7f34348f-8970-40cd-bb3d-3fb80ff70883/Android Unit Tests]   \ud83d\udcac  ::debug::set auth\n[7f34348f-8970-40cd-bb3d-3fb80ff70883/iOS Unit Tests    ]   | node: v16.20.1\n[7f34348f-8970-40cd-bb3d-3fb80ff70883/iOS Unit Tests    ]   | npm: 8.19.4\n[7f34348f-8970-40cd-bb3d-3fb80ff70883/iOS Unit Tests    ]   | yarn: 1.22.11\n[7f34348f-8970-40cd-bb3d-3fb80ff70883/iOS Unit Tests    ]   \u2753  ::endgroup::\n[7f34348f-8970-40cd-bb3d-3fb80ff70883/iOS Unit Tests    ]   \u2753 add-matcher /run/act/actions/actions-setup-node@v3/.github/tsc.json\n[7f34348f-8970-40cd-bb3d-3fb80ff70883/iOS Unit Tests    ]   \u2753 add-matcher /run/act/actions/actions-setup-node@v3/.github/eslint-stylish.json\n[7f34348f-8970-40cd-bb3d-3fb80ff70883/iOS Unit Tests    ]   \u2753 add-matcher /run/act/actions/actions-setup-node@v3/.github/eslint-compact.json\n[7f34348f-8970-40cd-bb3d-3fb80ff70883/iOS Unit Tests    ]   \u2705  Success - Main Setup Node\n[7f34348f-8970-40cd-bb3d-3fb80ff70883/iOS Unit Tests    ]   \u2699  ::set-output:: node-version=v16.20.1\n[7f34348f-8970-40cd-bb3d-3fb80ff70883/iOS Unit Tests    ]   \u2699  ::add-path:: /opt/hostedtoolcache/node/16.20.1/x64/bin\n[7f34348f-8970-40cd-bb3d-3fb80ff70883/iOS Unit Tests    ] \u2b50 Run Main Install NPM Dependencies\n[7f34348f-8970-40cd-bb3d-3fb80ff70883/iOS Unit Tests    ]   \ud83d\udc33  docker exec cmd=[bash --noprofile --norc -e -o pipefail /var/run/act/workflow/2] user= workdir=\n[7f34348f-8970-40cd-bb3d-3fb80ff70883/Android Unit Tests]   \ud83d\udcac  ::debug::download complete\n[7f34348f-8970-40cd-bb3d-3fb80ff70883/Android Unit Tests]   | Extracting ...\n[7f34348f-8970-40cd-bb3d-3fb80ff70883/Android Unit Tests]   \ud83d\udcac  ::debug::Checking tar --version\n[7f34348f-8970-40cd-bb3d-3fb80ff70883/Android Unit Tests]   \ud83d\udcac  ::debug::tar (GNU tar) 1.30%0ACopyright (C) 2017 Free Software Foundation, Inc.%0ALicense GPLv3+: GNU GPL version 3 or later <https://gnu.org/licenses/gpl.html>.%0AThis is free software: you are free to change and redistribute it.%0AThere is NO WARRANTY, to the extent permitted by law.%0A%0AWritten by John Gilmore and Jay Fenlason.\n[7f34348f-8970-40cd-bb3d-3fb80ff70883/Android Unit Tests]   | [command]/usr/bin/tar xz --strip 1 --warning=no-unknown-keyword -C /tmp/00956eb9-b10e-4b5c-966d-b95da92c8d0b -f /tmp/2593c21a-2109-463d-a7a1-b075c348810c\n[7f34348f-8970-40cd-bb3d-3fb80ff70883/Android Unit Tests]   | Adding to the cache ...\n[7f34348f-8970-40cd-bb3d-3fb80ff70883/Android Unit Tests]   \ud83d\udcac  ::debug::Caching tool node 16.20.1 x64\n[7f34348f-8970-40cd-bb3d-3fb80ff70883/Android Unit Tests]   \ud83d\udcac  ::debug::source dir: /tmp/00956eb9-b10e-4b5c-966d-b95da92c8d0b\n[7f34348f-8970-40cd-bb3d-3fb80ff70883/Android Unit Tests]   \ud83d\udcac  ::debug::destination /opt/hostedtoolcache/node/16.20.1/x64\n[7f34348f-8970-40cd-bb3d-3fb80ff70883/Android Unit Tests]   \ud83d\udcac  ::debug::finished caching tool\n[7f34348f-8970-40cd-bb3d-3fb80ff70883/Android Unit Tests]   \u2753  ::group::Environment details\n[7f34348f-8970-40cd-bb3d-3fb80ff70883/Android Unit Tests]   | node: v16.20.1\n[7f34348f-8970-40cd-bb3d-3fb80ff70883/Android Unit Tests]   | npm: 8.19.4\n[7f34348f-8970-40cd-bb3d-3fb80ff70883/Android Unit Tests]   | yarn: 1.22.11\n[7f34348f-8970-40cd-bb3d-3fb80ff70883/Android Unit Tests]   \u2753  ::endgroup::\n[7f34348f-8970-40cd-bb3d-3fb80ff70883/Android Unit Tests]   \u2753 add-matcher /run/act/actions/actions-setup-node@v3/.github/tsc.json\n[7f34348f-8970-40cd-bb3d-3fb80ff70883/Android Unit Tests]   \u2753 add-matcher /run/act/actions/actions-setup-node@v3/.github/eslint-stylish.json\n[7f34348f-8970-40cd-bb3d-3fb80ff70883/Android Unit Tests]   \u2753 add-matcher /run/act/actions/actions-setup-node@v3/.github/eslint-compact.json\n[7f34348f-8970-40cd-bb3d-3fb80ff70883/Android Unit Tests]   \u2705  Success - Main Setup Node\n[7f34348f-8970-40cd-bb3d-3fb80ff70883/iOS Unit Tests    ]   | \n[7f34348f-8970-40cd-bb3d-3fb80ff70883/iOS Unit Tests    ]   | added 430 packages, and audited 431 packages in 7s\n[7f34348f-8970-40cd-bb3d-3fb80ff70883/iOS Unit Tests    ]   | \n[7f34348f-8970-40cd-bb3d-3fb80ff70883/iOS Unit Tests    ]   | 78 packages are looking for funding\n[7f34348f-8970-40cd-bb3d-3fb80ff70883/iOS Unit Tests    ]   |   run `npm fund` for details\n[7f34348f-8970-40cd-bb3d-3fb80ff70883/Android Unit Tests]   \u2699  ::set-output:: node-version=v16.20.1\n[7f34348f-8970-40cd-bb3d-3fb80ff70883/iOS Unit Tests    ]   | \n[7f34348f-8970-40cd-bb3d-3fb80ff70883/iOS Unit Tests    ]   | 14 moderate severity vulnerabilities\n[7f34348f-8970-40cd-bb3d-3fb80ff70883/iOS Unit Tests    ]   | \n[7f34348f-8970-40cd-bb3d-3fb80ff70883/iOS Unit Tests    ]   | To address issues that do not require attention, run:\n[7f34348f-8970-40cd-bb3d-3fb80ff70883/iOS Unit Tests    ]   |   npm audit fix\n[7f34348f-8970-40cd-bb3d-3fb80ff70883/iOS Unit Tests    ]   | \n[7f34348f-8970-40cd-bb3d-3fb80ff70883/iOS Unit Tests    ]   | To address all issues (including breaking changes), run:\n[7f34348f-8970-40cd-bb3d-3fb80ff70883/iOS Unit Tests    ]   |   npm audit fix --force\n[7f34348f-8970-40cd-bb3d-3fb80ff70883/iOS Unit Tests    ]   | \n[7f34348f-8970-40cd-bb3d-3fb80ff70883/iOS Unit Tests    ]   | Run `npm audit` for details.\n[7f34348f-8970-40cd-bb3d-3fb80ff70883/iOS Unit Tests    ]   \u2705  Success - Main Install NPM Dependencies\n[7f34348f-8970-40cd-bb3d-3fb80ff70883/Android Unit Tests]   \u2699  ::add-path:: /opt/hostedtoolcache/node/16.20.1/x64/bin\n[7f34348f-8970-40cd-bb3d-3fb80ff70883/Android Unit Tests] \u2b50 Run Main Setup Java\n[7f34348f-8970-40cd-bb3d-3fb80ff70883/Android Unit Tests]   \ud83d\udc33  docker cp src=/tmp/act-cache/af1ba372-9758-4fd4-ad94-e61928839981/act/actions-setup-java@v3/ dst=/var/run/act/actions/actions-setup-java@v3/\n[7f34348f-8970-40cd-bb3d-3fb80ff70883/iOS Unit Tests    ] \u2b50 Run Main Build NPM Module\n[7f34348f-8970-40cd-bb3d-3fb80ff70883/Android Unit Tests]   \ud83d\udc33  docker exec cmd=[chown -R 1012:1013 /var/run/act/actions/actions-setup-java@v3/] user=0 workdir=\n[7f34348f-8970-40cd-bb3d-3fb80ff70883/iOS Unit Tests    ]   \ud83d\udc33  docker exec cmd=[bash --noprofile --norc -e -o pipefail /var/run/act/workflow/3] user= workdir=\n[7f34348f-8970-40cd-bb3d-3fb80ff70883/Android Unit Tests]   \ud83d\udc33  docker exec cmd=[node /var/run/act/actions/actions-setup-java@v3/dist/setup/index.js] user= workdir=\n[7f34348f-8970-40cd-bb3d-3fb80ff70883/iOS Unit Tests    ]   | \n[7f34348f-8970-40cd-bb3d-3fb80ff70883/iOS Unit Tests    ]   | > @capacitor-community/firebase-analytics@5.0.1 build\n[7f34348f-8970-40cd-bb3d-3fb80ff70883/iOS Unit Tests    ]   | > npm run clean && tsc && rollup -c rollup.config.js\n[7f34348f-8970-40cd-bb3d-3fb80ff70883/iOS Unit Tests    ]   | \n[7f34348f-8970-40cd-bb3d-3fb80ff70883/iOS Unit Tests    ]   | \n[7f34348f-8970-40cd-bb3d-3fb80ff70883/iOS Unit Tests    ]   | > @capacitor-community/firebase-analytics@5.0.1 clean\n[7f34348f-8970-40cd-bb3d-3fb80ff70883/iOS Unit Tests    ]   | > rimraf ./dist\n[7f34348f-8970-40cd-bb3d-3fb80ff70883/iOS Unit Tests    ]   | \n[7f34348f-8970-40cd-bb3d-3fb80ff70883/Android Unit Tests]   \u2753  ::group::Installed distributions\n[7f34348f-8970-40cd-bb3d-3fb80ff70883/Android Unit Tests]   | Trying to resolve the latest version from remote\n[7f34348f-8970-40cd-bb3d-3fb80ff70883/Android Unit Tests]   \ud83d\udcac  ::debug::Gathering available versions from 'https://api.azul.com/zulu/download/community/v1.0/bundles/?os=linux&ext=tar.gz&bundle_type=jdk&javafx=false&arch=x86&hw_bitness=64&release_status=ga'\n[7f34348f-8970-40cd-bb3d-3fb80ff70883/Android Unit Tests]   | Resolved latest version as 17.0.7+7\n[7f34348f-8970-40cd-bb3d-3fb80ff70883/Android Unit Tests]   | Trying to download...\n[7f34348f-8970-40cd-bb3d-3fb80ff70883/Android Unit Tests]   | Downloading Java 17.0.7+7 (Zulu) from https://cdn.azul.com/zulu/bin/zulu17.42.21-ca-crac-jdk17.0.7-linux_x64.tar.gz ...\n[7f34348f-8970-40cd-bb3d-3fb80ff70883/Android Unit Tests]   \ud83d\udcac  ::debug::Downloading https://cdn.azul.com/zulu/bin/zulu17.42.21-ca-crac-jdk17.0.7-linux_x64.tar.gz\n[7f34348f-8970-40cd-bb3d-3fb80ff70883/Android Unit Tests]   \ud83d\udcac  ::debug::Destination /tmp/77c24f45-b8ef-49bd-9386-6895e2952f04\n[7f34348f-8970-40cd-bb3d-3fb80ff70883/iOS Unit Tests    ]   | \u001b[36m\n[7f34348f-8970-40cd-bb3d-3fb80ff70883/iOS Unit Tests    ]   | \u001b[1mdist/esm/index.js\u001b[22m \u2192 \u001b[1mdist/plugin.js, dist/plugin.cjs.js\u001b[22m...\u001b[39m\n[7f34348f-8970-40cd-bb3d-3fb80ff70883/iOS Unit Tests    ]   | \u001b[32mcreated \u001b[1mdist/plugin.js, dist/plugin.cjs.js\u001b[22m in \u001b[1m81ms\u001b[22m\u001b[39m\n[7f34348f-8970-40cd-bb3d-3fb80ff70883/iOS Unit Tests    ]   \u2705  Success - Main Build NPM Module\n[7f34348f-8970-40cd-bb3d-3fb80ff70883/iOS Unit Tests    ] \u2b50 Run Main Install Cocoapods\n[7f34348f-8970-40cd-bb3d-3fb80ff70883/iOS Unit Tests    ]   \ud83d\udc33  docker exec cmd=[bash --noprofile --norc -e -o pipefail /var/run/act/workflow/4] user= workdir=\n[7f34348f-8970-40cd-bb3d-3fb80ff70883/Android Unit Tests]   \ud83d\udcac  ::debug::download complete\n[7f34348f-8970-40cd-bb3d-3fb80ff70883/Android Unit Tests]   | Extracting Java archive...\n[7f34348f-8970-40cd-bb3d-3fb80ff70883/Android Unit Tests]   \ud83d\udcac  ::debug::Checking tar --version\n[7f34348f-8970-40cd-bb3d-3fb80ff70883/Android Unit Tests]   \ud83d\udcac  ::debug::tar (GNU tar) 1.30%0ACopyright (C) 2017 Free Software Foundation, Inc.%0ALicense GPLv3+: GNU GPL version 3 or later <https://gnu.org/licenses/gpl.html>.%0AThis is free software: you are free to change and redistribute it.%0AThere is NO WARRANTY, to the extent permitted by law.%0A%0AWritten by John Gilmore and Jay Fenlason.\n[7f34348f-8970-40cd-bb3d-3fb80ff70883/Android Unit Tests]   | [command]/usr/bin/tar xz --warning=no-unknown-keyword -C /tmp/b9e068b8-fd5d-4d19-9f3e-62b790ac5f1b -f /tmp/77c24f45-b8ef-49bd-9386-6895e2952f04\n[7f34348f-8970-40cd-bb3d-3fb80ff70883/Android Unit Tests]   \ud83d\udcac  ::debug::Caching tool Java_Zulu_jdk 17.0.7-7 x64\n[7f34348f-8970-40cd-bb3d-3fb80ff70883/Android Unit Tests]   \ud83d\udcac  ::debug::source dir: /tmp/b9e068b8-fd5d-4d19-9f3e-62b790ac5f1b/zulu17.42.21-ca-crac-jdk17.0.7-linux_x64\n[7f34348f-8970-40cd-bb3d-3fb80ff70883/Android Unit Tests]   \ud83d\udcac  ::debug::destination /opt/hostedtoolcache/Java_Zulu_jdk/17.0.7-7/x64\n[7f34348f-8970-40cd-bb3d-3fb80ff70883/iOS Unit Tests    ]   | /var/run/act/workflow/4: line 2: pod: command not found\n[7f34348f-8970-40cd-bb3d-3fb80ff70883/iOS Unit Tests    ]   \u274c  Failure - Main Install Cocoapods\n[7f34348f-8970-40cd-bb3d-3fb80ff70883/iOS Unit Tests    ] exitcode '127': command not found, please refer to https://github.com/nektos/act/issues/107 for more information\n[7f34348f-8970-40cd-bb3d-3fb80ff70883/Android Unit Tests]   \ud83d\udcac  ::debug::finished caching tool\n[7f34348f-8970-40cd-bb3d-3fb80ff70883/Android Unit Tests]   | Java 17.0.7+7 was downloaded\n[7f34348f-8970-40cd-bb3d-3fb80ff70883/Android Unit Tests]   | Setting Java 17.0.7+7 as the default\n[7f34348f-8970-40cd-bb3d-3fb80ff70883/Android Unit Tests]   | Creating toolchains.xml for JDK version 17 from zulu\n[7f34348f-8970-40cd-bb3d-3fb80ff70883/Android Unit Tests]   | Writing to /home/runneradmin/.m2/toolchains.xml\n[7f34348f-8970-40cd-bb3d-3fb80ff70883/Android Unit Tests]   | \n[7f34348f-8970-40cd-bb3d-3fb80ff70883/Android Unit Tests]   | Java configuration:\n[7f34348f-8970-40cd-bb3d-3fb80ff70883/Android Unit Tests]   |   Distribution: zulu\n[7f34348f-8970-40cd-bb3d-3fb80ff70883/Android Unit Tests]   |   Version: 17.0.7+7\n[7f34348f-8970-40cd-bb3d-3fb80ff70883/Android Unit Tests]   |   Path: /opt/hostedtoolcache/Java_Zulu_jdk/17.0.7-7/x64\n[7f34348f-8970-40cd-bb3d-3fb80ff70883/Android Unit Tests]   | \n[7f34348f-8970-40cd-bb3d-3fb80ff70883/Android Unit Tests]   \u2753  ::endgroup::\n[7f34348f-8970-40cd-bb3d-3fb80ff70883/Android Unit Tests]   \u2753 add-matcher /run/act/actions/actions-setup-java@v3/.github/java.json\n[7f34348f-8970-40cd-bb3d-3fb80ff70883/Android Unit Tests]   | Creating settings.xml with server-id: github\n[7f34348f-8970-40cd-bb3d-3fb80ff70883/Android Unit Tests]   | Writing to /home/runneradmin/.m2/settings.xml\n[7f34348f-8970-40cd-bb3d-3fb80ff70883/Android Unit Tests]   \u2705  Success - Main Setup Java\n[7f34348f-8970-40cd-bb3d-3fb80ff70883/Android Unit Tests]   \u2699  ::set-env:: JAVA_HOME=/opt/hostedtoolcache/Java_Zulu_jdk/17.0.7-7/x64\n[7f34348f-8970-40cd-bb3d-3fb80ff70883/Android Unit Tests]   \u2699  ::set-env:: JAVA_HOME_17_X64=/opt/hostedtoolcache/Java_Zulu_jdk/17.0.7-7/x64\n[7f34348f-8970-40cd-bb3d-3fb80ff70883/Android Unit Tests]   \u2699  ::set-output:: distribution=Zulu\n[7f34348f-8970-40cd-bb3d-3fb80ff70883/Android Unit Tests]   \u2699  ::set-output:: path=/opt/hostedtoolcache/Java_Zulu_jdk/17.0.7-7/x64\n[7f34348f-8970-40cd-bb3d-3fb80ff70883/Android Unit Tests]   \u2699  ::set-output:: version=17.0.7+7\n[7f34348f-8970-40cd-bb3d-3fb80ff70883/Android Unit Tests]   \u2699  ::add-path:: /opt/hostedtoolcache/Java_Zulu_jdk/17.0.7-7/x64/bin\n[7f34348f-8970-40cd-bb3d-3fb80ff70883/Android Unit Tests] \u2b50 Run Main Install NPM Dependencies\n[7f34348f-8970-40cd-bb3d-3fb80ff70883/Android Unit Tests]   \ud83d\udc33  docker exec cmd=[bash --noprofile --norc -e -o pipefail /var/run/act/workflow/3] user= workdir=\n[7f34348f-8970-40cd-bb3d-3fb80ff70883/iOS Unit Tests    ] \ud83c\udfc1  Job failed\n[7f34348f-8970-40cd-bb3d-3fb80ff70883/Android Unit Tests]   | \n[7f34348f-8970-40cd-bb3d-3fb80ff70883/Android Unit Tests]   | added 430 packages, and audited 431 packages in 7s\n[7f34348f-8970-40cd-bb3d-3fb80ff70883/Android Unit Tests]   | \n[7f34348f-8970-40cd-bb3d-3fb80ff70883/Android Unit Tests]   | 78 packages are looking for funding\n[7f34348f-8970-40cd-bb3d-3fb80ff70883/Android Unit Tests]   |   run `npm fund` for details\n[7f34348f-8970-40cd-bb3d-3fb80ff70883/Android Unit Tests]   | \n[7f34348f-8970-40cd-bb3d-3fb80ff70883/Android Unit Tests]   | 14 moderate severity vulnerabilities\n[7f34348f-8970-40cd-bb3d-3fb80ff70883/Android Unit Tests]   | \n[7f34348f-8970-40cd-bb3d-3fb80ff70883/Android Unit Tests]   | To address issues that do not require attention, run:\n[7f34348f-8970-40cd-bb3d-3fb80ff70883/Android Unit Tests]   |   npm audit fix\n[7f34348f-8970-40cd-bb3d-3fb80ff70883/Android Unit Tests]   | \n[7f34348f-8970-40cd-bb3d-3fb80ff70883/Android Unit Tests]   | To address all issues (including breaking changes), run:\n[7f34348f-8970-40cd-bb3d-3fb80ff70883/Android Unit Tests]   |   npm audit fix --force\n[7f34348f-8970-40cd-bb3d-3fb80ff70883/Android Unit Tests]   | \n[7f34348f-8970-40cd-bb3d-3fb80ff70883/Android Unit Tests]   | Run `npm audit` for details.\n[7f34348f-8970-40cd-bb3d-3fb80ff70883/Android Unit Tests]   \u2705  Success - Main Install NPM Dependencies\n[7f34348f-8970-40cd-bb3d-3fb80ff70883/Android Unit Tests] \u2b50 Run Main Build NPM Module\n[7f34348f-8970-40cd-bb3d-3fb80ff70883/Android Unit Tests]   \ud83d\udc33  docker exec cmd=[bash --noprofile --norc -e -o pipefail /var/run/act/workflow/4] user= workdir=\n[7f34348f-8970-40cd-bb3d-3fb80ff70883/Android Unit Tests]   | \n[7f34348f-8970-40cd-bb3d-3fb80ff70883/Android Unit Tests]   | > @capacitor-community/firebase-analytics@5.0.1 build\n[7f34348f-8970-40cd-bb3d-3fb80ff70883/Android Unit Tests]   | > npm run clean && tsc && rollup -c rollup.config.js\n[7f34348f-8970-40cd-bb3d-3fb80ff70883/Android Unit Tests]   | \n[7f34348f-8970-40cd-bb3d-3fb80ff70883/Android Unit Tests]   | \n[7f34348f-8970-40cd-bb3d-3fb80ff70883/Android Unit Tests]   | > @capacitor-community/firebase-analytics@5.0.1 clean\n[7f34348f-8970-40cd-bb3d-3fb80ff70883/Android Unit Tests]   | > rimraf ./dist\n[7f34348f-8970-40cd-bb3d-3fb80ff70883/Android Unit Tests]   | \n[7f34348f-8970-40cd-bb3d-3fb80ff70883/Android Unit Tests]   | \u001b[36m\n[7f34348f-8970-40cd-bb3d-3fb80ff70883/Android Unit Tests]   | \u001b[1mdist/esm/index.js\u001b[22m \u2192 \u001b[1mdist/plugin.js, dist/plugin.cjs.js\u001b[22m...\u001b[39m\n[7f34348f-8970-40cd-bb3d-3fb80ff70883/Android Unit Tests]   | \u001b[32mcreated \u001b[1mdist/plugin.js, dist/plugin.cjs.js\u001b[22m in \u001b[1m69ms\u001b[22m\u001b[39m\n[7f34348f-8970-40cd-bb3d-3fb80ff70883/Android Unit Tests]   \u2705  Success - Main Build NPM Module\n[7f34348f-8970-40cd-bb3d-3fb80ff70883/Android Unit Tests] \u2b50 Run Main Run Android Tests\n[7f34348f-8970-40cd-bb3d-3fb80ff70883/Android Unit Tests]   \ud83d\udc33  docker exec cmd=[bash --noprofile --norc -e -o pipefail /var/run/act/workflow/5] user= workdir=\n[7f34348f-8970-40cd-bb3d-3fb80ff70883/Android Unit Tests]   | Downloading https://services.gradle.org/distributions/gradle-8.0.2-all.zip\n[7f34348f-8970-40cd-bb3d-3fb80ff70883/Android Unit Tests]   | ...............10%................20%................30%................40%................50%................60%................70%................80%................90%................100%\n[7f34348f-8970-40cd-bb3d-3fb80ff70883/Android Unit Tests]   | \n[7f34348f-8970-40cd-bb3d-3fb80ff70883/Android Unit Tests]   | Welcome to Gradle 8.0.2!\n[7f34348f-8970-40cd-bb3d-3fb80ff70883/Android Unit Tests]   | \n[7f34348f-8970-40cd-bb3d-3fb80ff70883/Android Unit Tests]   | Here are the highlights of this release:\n[7f34348f-8970-40cd-bb3d-3fb80ff70883/Android Unit Tests]   |  - Improvements to the Kotlin DSL\n[7f34348f-8970-40cd-bb3d-3fb80ff70883/Android Unit Tests]   |  - Fine-grained parallelism from the first build with configuration cache\n[7f34348f-8970-40cd-bb3d-3fb80ff70883/Android Unit Tests]   |  - Configurable Gradle user home cache cleanup\n[7f34348f-8970-40cd-bb3d-3fb80ff70883/Android Unit Tests]   | \n[7f34348f-8970-40cd-bb3d-3fb80ff70883/Android Unit Tests]   | For more details see https://docs.gradle.org/8.0.2/release-notes.html\n[7f34348f-8970-40cd-bb3d-3fb80ff70883/Android Unit Tests]   | \n[7f34348f-8970-40cd-bb3d-3fb80ff70883/Android Unit Tests]   | Starting a Gradle Daemon (subsequent builds will be faster)\n[7f34348f-8970-40cd-bb3d-3fb80ff70883/Android Unit Tests]   | \n[7f34348f-8970-40cd-bb3d-3fb80ff70883/Android Unit Tests]   | FAILURE: Build failed with an exception.\n[7f34348f-8970-40cd-bb3d-3fb80ff70883/Android Unit Tests]   | \n[7f34348f-8970-40cd-bb3d-3fb80ff70883/Android Unit Tests]   | * What went wrong:\n[7f34348f-8970-40cd-bb3d-3fb80ff70883/Android Unit Tests]   | Could not determine the dependencies of task ':testDebugUnitTest'.\n[7f34348f-8970-40cd-bb3d-3fb80ff70883/Android Unit Tests]   | > SDK location not found. Define a valid SDK location with an ANDROID_HOME environment variable or by setting the sdk.dir path in your project's local properties file at '/tmp/3d783ea4-1661-11ee-8a50-bb14de238602/capacitor-community-firebase-analytics/android/local.properties'.\n[7f34348f-8970-40cd-bb3d-3fb80ff70883/Android Unit Tests]   | \n[7f34348f-8970-40cd-bb3d-3fb80ff70883/Android Unit Tests]   | * Try:\n[7f34348f-8970-40cd-bb3d-3fb80ff70883/Android Unit Tests]   | > Run with --info or --debug option to get more log output.\n[7f34348f-8970-40cd-bb3d-3fb80ff70883/Android Unit Tests]   | > Run with --scan to get full insights.\n[7f34348f-8970-40cd-bb3d-3fb80ff70883/Android Unit Tests]   | \n[7f34348f-8970-40cd-bb3d-3fb80ff70883/Android Unit Tests]   | * Exception is:\n[7f34348f-8970-40cd-bb3d-3fb80ff70883/Android Unit Tests]   | org.gradle.api.internal.tasks.TaskDependencyResolveException: Could not determine the dependencies of task ':testDebugUnitTest'.\n[7f34348f-8970-40cd-bb3d-3fb80ff70883/Android Unit Tests]   | \tat org.gradle.api.internal.tasks.CachingTaskDependencyResolveContext.getDependencies(CachingTaskDependencyResolveContext.java:68)\n[7f34348f-8970-40cd-bb3d-3fb80ff70883/Android Unit Tests]   | \tat org.gradle.execution.plan.TaskDependencyResolver.resolveDependenciesFor(TaskDependencyResolver.java:49)\n[7f34348f-8970-40cd-bb3d-3fb80ff70883/Android Unit Tests]   | \tat org.gradle.execution.plan.LocalTaskNode.getDependencies(LocalTaskNode.java:147)\n[7f34348f-8970-40cd-bb3d-3fb80ff70883/Android Unit Tests]   | \tat org.gradle.execution.plan.LocalTaskNode.resolveDependencies(LocalTaskNode.java:121)\n[7f34348f-8970-40cd-bb3d-3fb80ff70883/Android Unit Tests]   | \tat org.gradle.execution.plan.DefaultExecutionPlan.discoverNodeRelationships(DefaultExecutionPlan.java:184)\n[7f34348f-8970-40cd-bb3d-3fb80ff70883/Android Unit Tests]   | \tat org.gradle.execution.plan.DefaultExecutionPlan.doAddEntryNodes(DefaultExecutionPlan.java:156)\n[7f34348f-8970-40cd-bb3d-3fb80ff70883/Android Unit Tests]   | \tat org.gradle.execution.plan.DefaultExecutionPlan.addEntryTasks(DefaultExecutionPlan.java:131)\n[7f34348f-8970-40cd-bb3d-3fb80ff70883/Android Unit Tests]   | \tat org.gradle.execution.plan.DefaultExecutionPlan.addEntryTasks(DefaultExecutionPlan.java:123)\n[7f34348f-8970-40cd-bb3d-3fb80ff70883/Android Unit Tests]   | \tat org.gradle.execution.TaskNameResolvingBuildTaskScheduler.scheduleRequestedTasks(TaskNameResolvingBuildTaskScheduler.java:53)\n[7f34348f-8970-40cd-bb3d-3fb80ff70883/Android Unit Tests]   | \tat org.gradle.execution.DefaultTasksBuildTaskScheduler.scheduleRequestedTasks(DefaultTasksBuildTaskScheduler.java:72)\n[7f34348f-8970-40cd-bb3d-3fb80ff70883/Android Unit Tests]   | \tat org.gradle.initialization.DefaultTaskExecutionPreparer.lambda$scheduleRequestedTasks$0(DefaultTaskExecutionPreparer.java:46)\n[7f34348f-8970-40cd-bb3d-3fb80ff70883/Android Unit Tests]   | \tat org.gradle.internal.Factories$1.create(Factories.java:31)\n[7f34348f-8970-40cd-bb3d-3fb80ff70883/Android Unit Tests]   | \tat org.gradle.internal.work.DefaultWorkerLeaseService.withReplacedLocks(DefaultWorkerLeaseService.java:345)\n[7f34348f-8970-40cd-bb3d-3fb80ff70883/Android Unit Tests]   | \tat org.gradle.api.internal.project.DefaultProjectStateRegistry$DefaultBuildProjectRegistry.withMutableStateOfAllProjects(DefaultProjectStateRegistry.java:227)\n[7f34348f-8970-40cd-bb3d-3fb80ff70883/Android Unit Tests]   | \tat org.gradle.api.internal.project.DefaultProjectStateRegistry$DefaultBuildProjectRegistry.withMutableStateOfAllProjects(DefaultProjectStateRegistry.java:220)\n[7f34348f-8970-40cd-bb3d-3fb80ff70883/Android Unit Tests]   | \tat org.gradle.initialization.DefaultTaskExecutionPreparer.scheduleRequestedTasks(DefaultTaskExecutionPreparer.java:45)\n[7f34348f-8970-40cd-bb3d-3fb80ff70883/Android Unit Tests]   | \tat org.gradle.initialization.VintageBuildModelController.lambda$scheduleRequestedTasks$0(VintageBuildModelController.java:76)\n[7f34348f-8970-40cd-bb3d-3fb80ff70883/Android Unit Tests]   | \tat org.gradle.internal.model.StateTransitionController.lambda$inState$2(StateTransitionController.java:121)\n[7f34348f-8970-40cd-bb3d-3fb80ff70883/Android Unit Tests]   | \tat org.gradle.internal.model.StateTransitionController.lambda$inState$3(StateTransitionController.java:136)\n[7f34348f-8970-40cd-bb3d-3fb80ff70883/Android Unit Tests]   | \tat org.gradle.internal.work.DefaultSynchronizer.withLock(DefaultSynchronizer.java:44)\n[7f34348f-8970-40cd-bb3d-3fb80ff70883/Android Unit Tests]   | \tat org.gradle.internal.model.StateTransitionController.inState(StateTransitionController.java:132)\n[7f34348f-8970-40cd-bb3d-3fb80ff70883/Android Unit Tests]   | \tat org.gradle.internal.model.StateTransitionController.inState(StateTransitionController.java:120)\n[7f34348f-8970-40cd-bb3d-3fb80ff70883/Android Unit Tests]   | \tat org.gradle.initialization.VintageBuildModelController.scheduleRequestedTasks(VintageBuildModelController.java:76)\n[7f34348f-8970-40cd-bb3d-3fb80ff70883/Android Unit Tests]   | \tat org.gradle.internal.build.DefaultBuildLifecycleController$DefaultWorkGraphBuilder.addRequestedTasks(DefaultBuildLifecycleController.java:260)\n[7f34348f-8970-40cd-bb3d-3fb80ff70883/Android Unit Tests]   | \tat org.gradle.internal.buildtree.DefaultBuildTreeWorkPreparer.lambda$scheduleRequestedTasks$0(DefaultBuildTreeWorkPreparer.java:38)\n[7f34348f-8970-40cd-bb3d-3fb80ff70883/Android Unit Tests]   | \tat org.gradle.internal.build.DefaultBuildLifecycleController.lambda$populateWorkGraph$4(DefaultBuildLifecycleController.java:148)\n[7f34348f-8970-40cd-bb3d-3fb80ff70883/Android Unit Tests]   | \tat org.gradle.internal.build.DefaultBuildWorkPreparer.populateWorkGraph(DefaultBuildWorkPreparer.java:42)\n[7f34348f-8970-40cd-bb3d-3fb80ff70883/Android Unit Tests]   | \tat org.gradle.internal.build.BuildOperationFiringBuildWorkPreparer$PopulateWorkGraph.populateTaskGraph(BuildOperationFiringBuildWorkPreparer.java:120)\n[7f34348f-8970-40cd-bb3d-3fb80ff70883/Android Unit Tests]   | \tat org.gradle.internal.build.BuildOperationFiringBuildWorkPreparer$PopulateWorkGraph.run(BuildOperationFiringBuildWorkPreparer.java:91)\n[7f34348f-8970-40cd-bb3d-3fb80ff70883/Android Unit Tests]   | \tat org.gradle.internal.operations.DefaultBuildOperationRunner$1.execute(DefaultBuildOperationRunner.java:29)\n[7f34348f-8970-40cd-bb3d-3fb80ff70883/Android Unit Tests]   | \tat org.gradle.internal.operations.DefaultBuildOperationRunner$1.execute(DefaultBuildOperationRunner.java:26)\n[7f34348f-8970-40cd-bb3d-3fb80ff70883/Android Unit Tests]   | \tat org.gradle.internal.operations.DefaultBuildOperationRunner$2.execute(DefaultBuildOperationRunner.java:66)\n[7f34348f-8970-40cd-bb3d-3fb80ff70883/Android Unit Tests]   | \tat org.gradle.internal.operations.DefaultBuildOperationRunner$2.execute(DefaultBuildOperationRunner.java:59)\n[7f34348f-8970-40cd-bb3d-3fb80ff70883/Android Unit Tests]   | \tat org.gradle.internal.operations.DefaultBuildOperationRunner.execute(DefaultBuildOperationRunner.java:157)\n[7f34348f-8970-40cd-bb3d-3fb80ff70883/Android Unit Tests]   | \tat org.gradle.internal.operations.DefaultBuildOperationRunner.execute(DefaultBuildOperationRunner.java:59)\n[7f34348f-8970-40cd-bb3d-3fb80ff70883/Android Unit Tests]   | \tat org.gradle.internal.operations.DefaultBuildOperationRunner.run(DefaultBuildOperationRunner.java:47)\n[7f34348f-8970-40cd-bb3d-3fb80ff70883/Android Unit Tests]   | \tat org.gradle.internal.operations.DefaultBuildOperationExecutor.run(DefaultBuildOperationExecutor.java:68)\n[7f34348f-8970-40cd-bb3d-3fb80ff70883/Android Unit Tests]   | \tat org.gradle.internal.build.BuildOperationFiringBuildWorkPreparer.populateWorkGraph(BuildOperationFiringBuildWorkPreparer.java:68)\n[7f34348f-8970-40cd-bb3d-3fb80ff70883/Android Unit Tests]   | \tat org.gradle.internal.build.DefaultBuildLifecycleController.lambda$populateWorkGraph$5(DefaultBuildLifecycleController.java:148)\n[7f34348f-8970-40cd-bb3d-3fb80ff70883/Android Unit Tests]   | \tat org.gradle.internal.model.StateTransitionController.lambda$inState$2(StateTransitionController.java:121)\n[7f34348f-8970-40cd-bb3d-3fb80ff70883/Android Unit Tests]   | \tat org.gradle.internal.model.StateTransitionController.lambda$inState$3(StateTransitionController.java:136)\n[7f34348f-8970-40cd-bb3d-3fb80ff70883/Android Unit Tests]   | \tat org.gradle.internal.work.DefaultSynchronizer.withLock(DefaultSynchronizer.java:44)\n[7f34348f-8970-40cd-bb3d-3fb80ff70883/Android Unit Tests]   | \tat org.gradle.internal.model.StateTransitionController.inState(StateTransitionController.java:132)\n[7f34348f-8970-40cd-bb3d-3fb80ff70883/Android Unit Tests]   | \tat org.gradle.internal.model.StateTransitionController.inState(StateTransitionController.java:120)\n[7f34348f-8970-40cd-bb3d-3fb80ff70883/Android Unit Tests]   | \tat org.gradle.internal.build.DefaultBuildLifecycleController.populateWorkGraph(DefaultBuildLifecycleController.java:148)\n[7f34348f-8970-40cd-bb3d-3fb80ff70883/Android Unit Tests]   | \tat org.gradle.internal.build.DefaultBuildWorkGraphController$DefaultBuildWorkGraph.populateWorkGraph(DefaultBuildWorkGraphController.java:167)\n[7f34348f-8970-40cd-bb3d-3fb80ff70883/Android Unit Tests]   | \tat org.gradle.composite.internal.DefaultBuildController.populateWorkGraph(DefaultBuildController.java:73)\n[7f34348f-8970-40cd-bb3d-3fb80ff70883/Android Unit Tests]   | \tat org.gradle.composite.internal.DefaultIncludedBuildTaskGraph$DefaultBuildTreeWorkGraphBuilder.withWorkGraph(DefaultIncludedBuildTaskGraph.java:150)\n[7f34348f-8970-40cd-bb3d-3fb80ff70883/Android Unit Tests]   | \tat org.gradle.internal.buildtree.DefaultBuildTreeWorkPreparer.lambda$scheduleRequestedTasks$1(DefaultBuildTreeWorkPreparer.java:38)\n[7f34348f-8970-40cd-bb3d-3fb80ff70883/Android Unit Tests]   | \tat org.gradle.composite.internal.DefaultIncludedBuildTaskGraph$DefaultBuildTreeWorkGraph$1.run(DefaultIncludedBuildTaskGraph.java:197)\n[7f34348f-8970-40cd-bb3d-3fb80ff70883/Android Unit Tests]   | \tat org.gradle.internal.operations.DefaultBuildOperationRunner$1.execute(DefaultBuildOperationRunner.java:29)\n[7f34348f-8970-40cd-bb3d-3fb80ff70883/Android Unit Tests]   | \tat org.gradle.internal.operations.DefaultBuildOperationRunner$1.execute(DefaultBuildOperationRunner.java:26)\n[7f34348f-8970-40cd-bb3d-3fb80ff70883/Android Unit Tests]   | \tat org.gradle.internal.operations.DefaultBuildOperationRunner$2.execute(DefaultBuildOperationRunner.java:66)\n[7f34348f-8970-40cd-bb3d-3fb80ff70883/Android Unit Tests]   | \tat org.gradle.internal.operations.DefaultBuildOperationRunner$2.execute(DefaultBuildOperationRunner.java:59)\n[7f34348f-8970-40cd-bb3d-3fb80ff70883/Android Unit Tests]   | \tat org.gradle.internal.operations.DefaultBuildOperationRunner.execute(DefaultBuildOperationRunner.java:157)\n[7f34348f-8970-40cd-bb3d-3fb80ff70883/Android Unit Tests]   | \tat org.gradle.internal.operations.DefaultBuildOperationRunner.execute(DefaultBuildOperationRunner.java:59)\n[7f34348f-8970-40cd-bb3d-3fb80ff70883/Android Unit Tests]   | \tat org.gradle.internal.operations.DefaultBuildOperationRunner.run(DefaultBuildOperationRunner.java:47)\n[7f34348f-8970-40cd-bb3d-3fb80ff70883/Android Unit Tests]   | \tat org.gradle.internal.operations.DefaultBuildOperationExecutor.run(DefaultBuildOperationExecutor.java:68)\n[7f34348f-8970-40cd-bb3d-3fb80ff70883/Android Unit Tests]   | \tat org.gradle.composite.internal.DefaultIncludedBuildTaskGraph$DefaultBuildTreeWorkGraph.scheduleWork(DefaultIncludedBuildTaskGraph.java:192)\n[7f34348f-8970-40cd-bb3d-3fb80ff70883/Android Unit Tests]   | \tat org.gradle.internal.buildtree.DefaultBuildTreeWorkPreparer.scheduleRequestedTasks(DefaultBuildTreeWorkPreparer.java:37)\n[7f34348f-8970-40cd-bb3d-3fb80ff70883/Android Unit Tests]   | \tat org.gradle.configurationcache.VintageBuildTreeWorkController$scheduleAndRunRequestedTasks$1.apply(VintageBuildTreeWorkController.kt:36)\n[7f34348f-8970-40cd-bb3d-3fb80ff70883/Android Unit Tests]   | \tat org.gradle.configurationcache.VintageBuildTreeWorkController$scheduleAndRunRequestedTasks$1.apply(VintageBuildTreeWorkController.kt:35)\n[7f34348f-8970-40cd-bb3d-3fb80ff70883/Android Unit Tests]   | \tat org.gradle.composite.internal.DefaultIncludedBuildTaskGraph.withNewWorkGraph(DefaultIncludedBuildTaskGraph.java:109)\n[7f34348f-8970-40cd-bb3d-3fb80ff70883/Android Unit Tests]   | \tat org.gradle.configurationcache.VintageBuildTreeWorkController.scheduleAndRunRequestedTasks(VintageBuildTreeWorkController.kt:35)\n[7f34348f-8970-40cd-bb3d-3fb80ff70883/Android Unit Tests]   | \tat org.gradle.internal.buildtree.DefaultBuildTreeLifecycleController.lambda$scheduleAndRunTasks$1(DefaultBuildTreeLifecycleController.java:68)\n[7f34348f-8970-40cd-bb3d-3fb80ff70883/Android Unit Tests]   | \tat org.gradle.internal.buildtree.DefaultBuildTreeLifecycleController.lambda$runBuild$4(DefaultBuildTreeLifecycleController.java:98)\n[7f34348f-8970-40cd-bb3d-3fb80ff70883/Android Unit Tests]   | \tat org.gradle.internal.model.StateTransitionController.lambda$transition$6(StateTransitionController.java:177)\n[7f34348f-8970-40cd-bb3d-3fb80ff70883/Android Unit Tests]   | \tat org.gradle.internal.model.StateTransitionController.doTransition(StateTransitionController.java:258)\n[7f34348f-8970-40cd-bb3d-3fb80ff70883/Android Unit Tests]   | \tat org.gradle.internal.model.StateTransitionController.lambda$transition$7(StateTransitionController.java:177)\n[7f34348f-8970-40cd-bb3d-3fb80ff70883/Android Unit Tests]   | \tat org.gradle.internal.work.DefaultSynchronizer.withLock(DefaultSynchronizer.java:44)\n[7f34348f-8970-40cd-bb3d-3fb80ff70883/Android Unit Tests]   | \tat org.gradle.internal.model.StateTransitionController.transition(StateTransitionController.java:177)\n[7f34348f-8970-40cd-bb3d-3fb80ff70883/Android Unit Tests]   | \tat org.gradle.internal.buildtree.DefaultBuildTreeLifecycleController.runBuild(DefaultBuildTreeLifecycleController.java:95)\n[7f34348f-8970-40cd-bb3d-3fb80ff70883/Android Unit Tests]   | \tat org.gradle.internal.buildtree.DefaultBuildTreeLifecycleController.scheduleAndRunTasks(DefaultBuildTreeLifecycleController.java:68)\n[7f34348f-8970-40cd-bb3d-3fb80ff70883/Android Unit Tests]   | \tat org.gradle.internal.buildtree.DefaultBuildTreeLifecycleController.scheduleAndRunTasks(DefaultBuildTreeLifecycleController.java:63)\n[7f34348f-8970-40cd-bb3d-3fb80ff70883/Android Unit Tests]   | \tat org.gradle.tooling.internal.provider.ExecuteBuildActionRunner.run(ExecuteBuildActionRunner.java:31)\n[7f34348f-8970-40cd-bb3d-3fb80ff70883/Android Unit Tests]   | \tat org.gradle.launcher.exec.ChainingBuildActionRunner.run(ChainingBuildActionRunner.java:35)\n[7f34348f-8970-40cd-bb3d-3fb80ff70883/Android Unit Tests]   | \tat org.gradle.internal.buildtree.ProblemReportingBuildActionRunner.run(ProblemReportingBuildActionRunner.java:49)\n[7f34348f-8970-40cd-bb3d-3fb80ff70883/Android Unit Tests]   | \tat org.gradle.launcher.exec.BuildOutcomeReportingBuildActionRunner.run(BuildOutcomeReportingBuildActionRunner.java:65)\n[7f34348f-8970-40cd-bb3d-3fb80ff70883/Android Unit Tests]   | \tat org.gradle.tooling.internal.provider.FileSystemWatchingBuildActionRunner.run(FileSystemWatchingBuildActionRunner.java:140)\n[7f34348f-8970-40cd-bb3d-3fb80ff70883/Android Unit Tests]   | \tat org.gradle.launcher.exec.BuildCompletionNotifyingBuildActionRunner.run(BuildCompletionNotifyingBuildActionRunner.java:41)\n[7f34348f-8970-40cd-bb3d-3fb80ff70883/Android Unit Tests]   | \tat org.gradle.launcher.exec.RootBuildLifecycleBuildActionExecutor.lambda$execute$0(RootBuildLifecycleBuildActionExecutor.java:40)\n[7f34348f-8970-40cd-bb3d-3fb80ff70883/Android Unit Tests]   | \tat org.gradle.composite.internal.DefaultRootBuildState.run(DefaultRootBuildState.java:122)\n[7f34348f-8970-40cd-bb3d-3fb80ff70883/Android Unit Tests]   | \tat org.gradle.launcher.exec.RootBuildLifecycleBuildActionExecutor.execute(RootBuildLifecycleBuildActionExecutor.java:40)\n[7f34348f-8970-40cd-bb3d-3fb80ff70883/Android Unit Tests]   | \tat org.gradle.internal.buildtree.DefaultBuildTreeContext.execute(DefaultBuildTreeContext.java:40)\n[7f34348f-8970-40cd-bb3d-3fb80ff70883/Android Unit Tests]   | \tat org.gradle.launcher.exec.BuildTreeLifecycleBuildActionExecutor.lambda$execute$0(BuildTreeLifecycleBuildActionExecutor.java:65)\n[7f34348f-8970-40cd-bb3d-3fb80ff70883/Android Unit Tests]   | \tat org.gradle.internal.buildtree.BuildTreeState.run(BuildTreeState.java:53)\n[7f34348f-8970-40cd-bb3d-3fb80ff70883/Android Unit Tests]   | \tat org.gradle.launcher.exec.BuildTreeLifecycleBuildActionExecutor.execute(BuildTreeLifecycleBuildActionExecutor.java:65)\n[7f34348f-8970-40cd-bb3d-3fb80ff70883/Android Unit Tests]   | \tat org.gradle.launcher.exec.RunAsBuildOperationBuildActionExecutor$3.call(RunAsBuildOperationBuildActionExecutor.java:61)\n[7f34348f-8970-40cd-bb3d-3fb80ff70883/Android Unit Tests]   | \tat org.gradle.launcher.exec.RunAsBuildOperationBuildActionExecutor$3.call(RunAsBuildOperationBuildActionExecutor.java:57)\n[7f34348f-8970-40cd-bb3d-3fb80ff70883/Android Unit Tests]   | \tat org.gradle.internal.operations.DefaultBuildOperationRunner$CallableBuildOperationWorker.execute(DefaultBuildOperationRunner.java:204)\n[7f34348f-8970-40cd-bb3d-3fb80ff70883/Android Unit Tests]   | \tat org.gradle.internal.operations.DefaultBuildOperationRunner$CallableBuildOperationWorker.execute(DefaultBuildOperationRunner.java:199)\n[7f34348f-8970-40cd-bb3d-3fb80ff70883/Android Unit Tests]   | \tat org.gradle.internal.operations.DefaultBuildOperationRunner$2.execute(DefaultBuildOperationRunner.java:66)\n[7f34348f-8970-40cd-bb3d-3fb80ff70883/Android Unit Tests]   | \tat org.gradle.internal.operations.DefaultBuildOperationRunner$2.execute(DefaultBuildOperationRunner.java:59)\n[7f34348f-8970-40cd-bb3d-3fb80ff70883/Android Unit Tests]   | \tat org.gradle.internal.operations.DefaultBuildOperationRunner.execute(DefaultBuildOperationRunner.java:157)\n[7f34348f-8970-40cd-bb3d-3fb80ff70883/Android Unit Tests]   | \tat org.gradle.internal.operations.DefaultBuildOperationRunner.execute(DefaultBuildOperationRunner.java:59)\n[7f34348f-8970-40cd-bb3d-3fb80ff70883/Android Unit Tests]   | \tat org.gradle.internal.operations.DefaultBuildOperationRunner.call(DefaultBuildOperationRunner.java:53)\n[7f34348f-8970-40cd-bb3d-3fb80ff70883/Android Unit Tests]   | \tat org.gradle.internal.operations.DefaultBuildOperationExecutor.call(DefaultBuildOperationExecutor.java:73)\n[7f34348f-8970-40cd-bb3d-3fb80ff70883/Android Unit Tests]   | \tat org.gradle.launcher.exec.RunAsBuildOperationBuildActionExecutor.execute(RunAsBuildOperationBuildActionExecutor.java:57)\n[7f34348f-8970-40cd-bb3d-3fb80ff70883/Android Unit Tests]   | \tat org.gradle.launcher.exec.RunAsWorkerThreadBuildActionExecutor.lambda$execute$0(RunAsWorkerThreadBuildActionExecutor.java:36)\n[7f34348f-8970-40cd-bb3d-3fb80ff70883/Android Unit Tests]   | \tat org.gradle.internal.work.DefaultWorkerLeaseService.withLocks(DefaultWorkerLeaseService.java:249)\n[7f34348f-8970-40cd-bb3d-3fb80ff70883/Android Unit Tests]   | \tat org.gradle.internal.work.DefaultWorkerLeaseService.runAsWorkerThread(DefaultWorkerLeaseService.java:109)\n[7f34348f-8970-40cd-bb3d-3fb80ff70883/Android Unit Tests]   | \tat org.gradle.launcher.exec.RunAsWorkerThreadBuildActionExecutor.execute(RunAsWorkerThreadBuildActionExecutor.java:36)\n[7f34348f-8970-40cd-bb3d-3fb80ff70883/Android Unit Tests]   | \tat org.gradle.tooling.internal.provider.continuous.ContinuousBuildActionExecutor.execute(ContinuousBuildActionExecutor.java:110)\n[7f34348f-8970-40cd-bb3d-3fb80ff70883/Android Unit Tests]   | \tat org.gradle.tooling.internal.provider.SubscribableBuildActionExecutor.execute(SubscribableBuildActionExecutor.java:64)\n[7f34348f-8970-40cd-bb3d-3fb80ff70883/Android Unit Tests]   | \tat org.gradle.internal.session.DefaultBuildSessionContext.execute(DefaultBuildSessionContext.java:46)\n[7f34348f-8970-40cd-bb3d-3fb80ff70883/Android Unit Tests]   | \tat org.gradle.tooling.internal.provider.BuildSessionLifecycleBuildActionExecuter$ActionImpl.apply(BuildSessionLifecycleBuildActionExecuter.java:100)\n[7f34348f-8970-40cd-bb3d-3fb80ff70883/Android Unit Tests]   | \tat org.gradle.tooling.internal.provider.BuildSessionLifecycleBuildActionExecuter$ActionImpl.apply(BuildSessionLifecycleBuildActionExecuter.java:88)\n[7f34348f-8970-40cd-bb3d-3fb80ff70883/Android Unit Tests]   | \tat org.gradle.internal.session.BuildSessionState.run(BuildSessionState.java:69)\n[7f34348f-8970-40cd-bb3d-3fb80ff70883/Android Unit Tests]   | \tat org.gradle.tooling.internal.provider.BuildSessionLifecycleBuildActionExecuter.execute(BuildSessionLifecycleBuildActionExecuter.java:62)\n[7f34348f-8970-40cd-bb3d-3fb80ff70883/Android Unit Tests]   | \tat org.gradle.tooling.internal.provider.BuildSessionLifecycleBuildActionExecuter.execute(BuildSessionLifecycleBuildActionExecuter.java:41)\n[7f34348f-8970-40cd-bb3d-3fb80ff70883/Android Unit Tests]   | \tat org.gradle.tooling.internal.provider.StartParamsValidatingActionExecuter.execute(StartParamsValidatingActionExecuter.java:63)\n[7f34348f-8970-40cd-bb3d-3fb80ff70883/Android Unit Tests]   | \tat org.gradle.tooling.internal.provider.StartParamsValidatingActionExecuter.execute(StartParamsValidatingActionExecuter.java:31)\n[7f34348f-8970-40cd-bb3d-3fb80ff70883/Android Unit Tests]   | \tat org.gradle.tooling.internal.provider.SessionFailureReportingActionExecuter.execute(SessionFailureReportingActionExecuter.java:50)\n[7f34348f-8970-40cd-bb3d-3fb80ff70883/Android Unit Tests]   | \tat org.gradle.tooling.internal.provider.SessionFailureReportingActionExecuter.execute(SessionFailureReportingActionExecuter.java:38)\n[7f34348f-8970-40cd-bb3d-3fb80ff70883/Android Unit Tests]   | \tat org.gradle.tooling.internal.provider.SetupLoggingActionExecuter.execute(SetupLoggingActionExecuter.java:47)\n[7f34348f-8970-40cd-bb3d-3fb80ff70883/Android Unit Tests]   | \tat org.gradle.tooling.internal.provider.SetupLoggingActionExecuter.execute(SetupLoggingActionExecuter.java:31)\n[7f34348f-8970-40cd-bb3d-3fb80ff70883/Android Unit Tests]   | \tat org.gradle.launcher.daemon.server.exec.ExecuteBuild.doBuild(ExecuteBuild.java:65)\n[7f34348f-8970-40cd-bb3d-3fb80ff70883/Android Unit Tests]   | \tat org.gradle.launcher.daemon.server.exec.BuildCommandOnly.execute(BuildCommandOnly.java:37)\n[7f34348f-8970-40cd-bb3d-3fb80ff70883/Android Unit Tests]   | \tat org.gradle.launcher.daemon.server.api.DaemonCommandExecution.proceed(DaemonCommandExecution.java:104)\n[7f34348f-8970-40cd-bb3d-3fb80ff70883/Android Unit Tests]   | \tat org.gradle.launcher.daemon.server.exec.WatchForDisconnection.execute(WatchForDisconnection.java:39)\n[7f34348f-8970-40cd-bb3d-3fb80ff70883/Android Unit Tests]   | \tat org.gradle.launcher.daemon.server.api.DaemonCommandExecution.proceed(DaemonCommandExecution.java:104)\n[7f34348f-8970-40cd-bb3d-3fb80ff70883/Android Unit Tests]   | \tat org.gradle.launcher.daemon.server.exec.ResetDeprecationLogger.execute(ResetDeprecationLogger.java:29)\n[7f34348f-8970-40cd-bb3d-3fb80ff70883/Android Unit Tests]   | \tat org.gradle.launcher.daemon.server.api.DaemonCommandExecution.proceed(DaemonCommandExecution.java:104)\n[7f34348f-8970-40cd-bb3d-3fb80ff70883/Android Unit Tests]   | \tat org.gradle.launcher.daemon.server.exec.RequestStopIfSingleUsedDaemon.execute(RequestStopIfSingleUsedDaemon.java:35)\n[7f34348f-8970-40cd-bb3d-3fb80ff70883/Android Unit Tests]   | \tat org.gradle.launcher.daemon.server.api.DaemonCommandExecution.proceed(DaemonCommandExecution.java:104)\n[7f34348f-8970-40cd-bb3d-3fb80ff70883/Android Unit Tests]   | \tat org.gradle.launcher.daemon.server.exec.ForwardClientInput$2.create(ForwardClientInput.java:78)\n[7f34348f-8970-40cd-bb3d-3fb80ff70883/Android Unit Tests]   | \tat org.gradle.launcher.daemon.server.exec.ForwardClientInput$2.create(ForwardClientInput.java:75)\n[7f34348f-8970-40cd-bb3d-3fb80ff70883/Android Unit Tests]   | \tat org.gradle.util.internal.Swapper.swap(Swapper.java:38)\n[7f34348f-8970-40cd-bb3d-3fb80ff70883/Android Unit Tests]   | \tat org.gradle.launcher.daemon.server.exec.ForwardClientInput.execute(ForwardClientInput.java:75)\n[7f34348f-8970-40cd-bb3d-3fb80ff70883/Android Unit Tests]   | \tat org.gradle.launcher.daemon.server.api.DaemonCommandExecution.proceed(DaemonCommandExecution.java:104)\n[7f34348f-8970-40cd-bb3d-3fb80ff70883/Android Unit Tests]   | \tat org.gradle.launcher.daemon.server.exec.LogAndCheckHealth.execute(LogAndCheckHealth.java:64)\n[7f34348f-8970-40cd-bb3d-3fb80ff70883/Android Unit Tests]   | \tat org.gradle.launcher.daemon.server.api.DaemonCommandExecution.proceed(DaemonCommandExecution.java:104)\n[7f34348f-8970-40cd-bb3d-3fb80ff70883/Android Unit Tests]   | \tat org.gradle.launcher.daemon.server.exec.LogToClient.doBuild(LogToClient.java:63)\n[7f34348f-8970-40cd-bb3d-3fb80ff70883/Android Unit Tests]   | \tat org.gradle.launcher.daemon.server.exec.BuildCommandOnly.execute(BuildCommandOnly.java:37)\n[7f34348f-8970-40cd-bb3d-3fb80ff70883/Android Unit Tests]   | \tat org.gradle.launcher.daemon.server.api.DaemonCommandExecution.proceed(DaemonCommandExecution.java:104)\n[7f34348f-8970-40cd-bb3d-3fb80ff70883/Android Unit Tests]   | \tat org.gradle.launcher.daemon.server.exec.EstablishBuildEnvironment.doBuild(EstablishBuildEnvironment.java:84)\n[7f34348f-8970-40cd-bb3d-3fb80ff70883/Android Unit Tests]   | \tat org.gradle.launcher.daemon.server.exec.BuildCommandOnly.execute(BuildCommandOnly.java:37)\n[7f34348f-8970-40cd-bb3d-3fb80ff70883/Android Unit Tests]   | \tat org.gradle.launcher.daemon.server.api.DaemonCommandExecution.proceed(DaemonCommandExecution.java:104)\n[7f34348f-8970-40cd-bb3d-3fb80ff70883/Android Unit Tests]   | \tat org.gradle.launcher.daemon.server.exec.StartBuildOrRespondWithBusy$1.run(StartBuildOrRespondWithBusy.java:52)\n[7f34348f-8970-40cd-bb3d-3fb80ff70883/Android Unit Tests]   | \tat org.gradle.launcher.daemon.server.DaemonStateCoordinator$1.run(DaemonStateCoordinator.java:297)\n[7f34348f-8970-40cd-bb3d-3fb80ff70883/Android Unit Tests]   | \tat org.gradle.internal.concurrent.ExecutorPolicy$CatchAndRecordFailures.onExecute(ExecutorPolicy.java:64)\n[7f34348f-8970-40cd-bb3d-3fb80ff70883/Android Unit Tests]   | \tat org.gradle.internal.concurrent.ManagedExecutorImpl$1.run(ManagedExecutorImpl.java:49)\n[7f34348f-8970-40cd-bb3d-3fb80ff70883/Android Unit Tests]   | Caused by: com.android.builder.errors.EvalIssueException: SDK location not found. Define a valid SDK location with an ANDROID_HOME environment variable or by setting the sdk.dir path in your project's local properties file at '/tmp/3d783ea4-1661-11ee-8a50-bb14de238602/capacitor-community-firebase-analytics/android/local.properties'.\n[7f34348f-8970-40cd-bb3d-3fb80ff70883/Android Unit Tests]   | \tat com.android.builder.errors.IssueReporter.reportError(IssueReporter.kt:113)\n[7f34348f-8970-40cd-bb3d-3fb80ff70883/Android Unit Tests]   | \tat com.android.builder.errors.IssueReporter.reportError$default(IssueReporter.kt:109)\n[7f34348f-8970-40cd-bb3d-3fb80ff70883/Android Unit Tests]   | \tat com.android.build.gradle.internal.SdkLocator.getSdkLocation(SdkLocator.kt:239)\n[7f34348f-8970-40cd-bb3d-3fb80ff70883/Android Unit Tests]   | \tat com.android.build.gradle.internal.SdkDirectLoadingStrategy.loadSdkComponents(SdkDirectLoadingStrategy.kt:97)\n[7f34348f-8970-40cd-bb3d-3fb80ff70883/Android Unit Tests]   | \tat com.android.build.gradle.internal.SdkDirectLoadingStrategy.init(SdkDirectLoadingStrategy.kt:92)\n[7f34348f-8970-40cd-bb3d-3fb80ff70883/Android Unit Tests]   | \tat com.android.build.gradle.internal.SdkDirectLoadingStrategy.access$init(SdkDirectLoadingStrategy.kt:46)\n[7f34348f-8970-40cd-bb3d-3fb80ff70883/Android Unit Tests]   | \tat com.android.build.gradle.internal.SdkDirectLoadingStrategy$components$2.invoke(SdkDirectLoadingStrategy.kt:71)\n[7f34348f-8970-40cd-bb3d-3fb80ff70883/Android Unit Tests]   | \tat com.android.build.gradle.internal.SdkDirectLoadingStrategy$components$2.invoke(SdkDirectLoadingStrategy.kt:70)\n[7f34348f-8970-40cd-bb3d-3fb80ff70883/Android Unit Tests]   | \tat kotlin.SynchronizedLazyImpl.getValue(LazyJVM.kt:74)\n[7f34348f-8970-40cd-bb3d-3fb80ff70883/Android Unit Tests]   | \tat com.android.build.gradle.internal.SdkDirectLoadingStrategy.getComponents(SdkDirectLoadingStrategy.kt:70)\n[7f34348f-8970-40cd-bb3d-3fb80ff70883/Android Unit Tests]   | \tat com.android.build.gradle.internal.SdkDirectLoadingStrategy.loadedSuccessfully(SdkDirectLoadingStrategy.kt:178)\n[7f34348f-8970-40cd-bb3d-3fb80ff70883/Android Unit Tests]   | \tat com.android.build.gradle.internal.SdkLoadingStrategy.getAndroidJar(SdkLoadingStrategy.kt:30)\n[7f34348f-8970-40cd-bb3d-3fb80ff70883/Android Unit Tests]   | \tat com.android.build.gradle.internal.SdkComponentsBuildService$VersionedSdkLoader$androidJarProvider$1.call(SdkComponents.kt:226)\n[7f34348f-8970-40cd-bb3d-3fb80ff70883/Android Unit Tests]   | \tat com.android.build.gradle.internal.SdkComponentsBuildService$VersionedSdkLoader$androidJarProvider$1.call(SdkComponents.kt:225)\n[7f34348f-8970-40cd-bb3d-3fb80ff70883/Android Unit Tests]   | \tat org.gradle.api.internal.provider.DefaultProvider.calculateOwnValue(DefaultProvider.java:72)\n[7f34348f-8970-40cd-bb3d-3fb80ff70883/Android Unit Tests]   | \tat org.gradle.api.internal.provider.AbstractMinimalProvider.calculateValue(AbstractMinimalProvider.java:108)\n[7f34348f-8970-40cd-bb3d-3fb80ff70883/Android Unit Tests]   | \tat org.gradle.api.internal.provider.FlatMapProvider.calculateOwnValue(FlatMapProvider.java:50)\n[7f34348f-8970-40cd-bb3d-3fb80ff70883/Android Unit Tests]   | \tat org.gradle.api.internal.provider.AbstractMinimalProvider.getOrNull(AbstractMinimalProvider.java:98)\n[7f34348f-8970-40cd-bb3d-3fb80ff70883/Android Unit Tests]   | \tat com.android.build.gradle.internal.TaskManager$createMockableJarTask$1.call(TaskManager.kt:798)\n[7f34348f-8970-40cd-bb3d-3fb80ff70883/Android Unit Tests]   | \tat com.android.build.gradle.internal.TaskManager$createMockableJarTask$1.call(TaskManager.kt:794)\n[7f34348f-8970-40cd-bb3d-3fb80ff70883/Android Unit Tests]   | \tat org.gradle.util.internal.GUtil.uncheckedCall(GUtil.java:437)\n[7f34348f-8970-40cd-bb3d-3fb80ff70883/Android Unit Tests]   | \tat org.gradle.util.internal.DeferredUtil.unpackNestableDeferred(DeferredUtil.java:83)\n[7f34348f-8970-40cd-bb3d-3fb80ff70883/Android Unit Tests]   | \tat org.gradle.api.internal.file.collections.UnpackingVisitor.add(UnpackingVisitor.java:90)\n[7f34348f-8970-40cd-bb3d-3fb80ff70883/Android Unit Tests]   | \tat org.gradle.api.internal.file.collections.DefaultConfigurableFileCollection$UnresolvedItemsCollector.visitContents(DefaultConfigurableFileCollection.java:370)\n[7f34348f-8970-40cd-bb3d-3fb80ff70883/Android Unit Tests]   | \tat org.gradle.api.internal.file.collections.DefaultConfigurableFileCollection.visitChildren(DefaultConfigurableFileCollection.java:279)\n[7f34348f-8970-40cd-bb3d-3fb80ff70883/Android Unit Tests]   | \tat org.gradle.api.internal.file.CompositeFileCollection.visitDependencies(CompositeFileCollection.java:113)\n[7f34348f-8970-40cd-bb3d-3fb80ff70883/Android Unit Tests]   | \tat org.gradle.api.internal.file.collections.DefaultConfigurableFileCollection.visitDependencies(DefaultConfigurableFileCollection.java:285)\n[7f34348f-8970-40cd-bb3d-3fb80ff70883/Android Unit Tests]   | \tat org.gradle.api.internal.AbstractTaskDependencyContainerVisitingContext.add(AbstractTaskDependencyContainerVisitingContext.java:46)\n[7f34348f-8970-40cd-bb3d-3fb80ff70883/Android Unit Tests]   | \tat org.gradle.api.internal.file.AbstractFileCollection.lambda$getBuildDependencies$0(AbstractFileCollection.java:105)\n[7f34348f-8970-40cd-bb3d-3fb80ff70883/Android Unit Tests]   | \tat org.gradle.api.internal.tasks.DefaultTaskDependency.visitDependencies(DefaultTaskDependency.java:151)\n[7f34348f-8970-40cd-bb3d-3fb80ff70883/Android Unit Tests]   | \tat org.gradle.api.internal.AbstractTaskDependencyContainerVisitingContext.add(AbstractTaskDependencyContainerVisitingContext.java:46)\n[7f34348f-8970-40cd-bb3d-3fb80ff70883/Android Unit Tests]   | \tat org.gradle.api.internal.artifacts.ivyservice.resolveengine.artifact.LocalFileDependencyBackedArtifactSet.visitDependencies(LocalFileDependencyBackedArtifactSet.java:153)\n[7f34348f-8970-40cd-bb3d-3fb80ff70883/Android Unit Tests]   | \tat org.gradle.api.internal.AbstractTaskDependencyContainerVisitingContext.add(AbstractTaskDependencyContainerVisitingContext.java:46)\n[7f34348f-8970-40cd-bb3d-3fb80ff70883/Android Unit Tests]   | \tat org.gradle.api.internal.artifacts.ivyservice.resolveengine.artifact.BuildDependenciesOnlyVisitedArtifactSet$BuildDependenciesOnlySelectedArtifactSet.visitDependencies(BuildDependenciesOnlyVisitedArtifactSet.java:65)\n[7f34348f-8970-40cd-bb3d-3fb80ff70883/Android Unit Tests]   | \tat org.gradle.api.internal.artifacts.configurations.DefaultConfiguration$ConfigurationFileCollection.visitDependencies(DefaultConfiguration.java:1547)\n[7f34348f-8970-40cd-bb3d-3fb80ff70883/Android Unit Tests]   | \tat org.gradle.api.internal.tasks.CachingTaskDependencyResolveContext$TaskGraphImpl.getNodeValues(CachingTaskDependencyResolveContext.java:103)\n[7f34348f-8970-40cd-bb3d-3fb80ff70883/Android Unit Tests]   | \tat org.gradle.internal.graph.CachingDirectedGraphWalker$GraphWithEmptyEdges.getNodeValues(CachingDirectedGraphWalker.java:213)\n[7f34348f-8970-40cd-bb3d-3fb80ff70883/Android Unit Tests]   | \tat org.gradle.internal.graph.CachingDirectedGraphWalker.doSearch(CachingDirectedGraphWalker.java:121)\n[7f34348f-8970-40cd-bb3d-3fb80ff70883/Android Unit Tests]   | \tat org.gradle.internal.graph.CachingDirectedGraphWalker.findValues(CachingDirectedGraphWalker.java:73)\n[7f34348f-8970-40cd-bb3d-3fb80ff70883/Android Unit Tests]   | \tat org.gradle.api.internal.tasks.CachingTaskDependencyResolveContext.getDependencies(CachingTaskDependencyResolveContext.java:66)\n[7f34348f-8970-40cd-bb3d-3fb80ff70883/Android Unit Tests]   | \t... 141 more\n[7f34348f-8970-40cd-bb3d-3fb80ff70883/Android Unit Tests]   | \n[7f34348f-8970-40cd-bb3d-3fb80ff70883/Android Unit Tests]   | \n[7f34348f-8970-40cd-bb3d-3fb80ff70883/Android Unit Tests]   | * Get more help at https://help.gradle.org\n[7f34348f-8970-40cd-bb3d-3fb80ff70883/Android Unit Tests]   | \n[7f34348f-8970-40cd-bb3d-3fb80ff70883/Android Unit Tests]   | BUILD FAILED in 54s\n[7f34348f-8970-40cd-bb3d-3fb80ff70883/Android Unit Tests]   \u274c  Failure - Main Run Android Tests\n[7f34348f-8970-40cd-bb3d-3fb80ff70883/Android Unit Tests] exitcode '1': failure\n[7f34348f-8970-40cd-bb3d-3fb80ff70883/Android Unit Tests] \u2b50 Run Post Setup Java\n[7f34348f-8970-40cd-bb3d-3fb80ff70883/Android Unit Tests]   \ud83d\udc33  docker exec cmd=[node /var/run/act/actions/actions-setup-java@v3/dist/cleanup/index.js] user= workdir=\n[7f34348f-8970-40cd-bb3d-3fb80ff70883/Android Unit Tests]   \u2705  Success - Post Setup Java\n[7f34348f-8970-40cd-bb3d-3fb80ff70883/Android Unit Tests] \ud83c\udfc1  Job failed\n",
        "stderr": "Error: Job 'Android Unit Tests' failed\n",
        "workflow": "/tmp/3d783ea4-1661-11ee-8a50-bb14de238602/capacitor-community-firebase-analytics/.github/workflows/test-crawler.yml",
        "build_tool": "gradle",
        "elapsed_time": 372.10149693489075
    }
}