{
    "repository": "eltos/SimpleDialogFragments",
    "stars": 117,
    "language": "java",
    "size": 122209,
    "clone_url": "https://github.com/eltos/SimpleDialogFragments.git",
    "timestamp": "2023-06-29T12:45:36.405594Z",
    "clone_success": true,
    "number_of_actions": 2,
    "number_of_test_actions": 1,
    "actions_successful": false,
    "actions_build_tools": [
        "unknown",
        "gradle"
    ],
    "actions_test_build_tools": [
        "gradle"
    ],
    "actions_run": {
        "failed": true,
        "tests": [],
        "stdout": "[f96abf2f-1647-47c4-9f3a-d50edc57d52a/build] \ud83d\ude80  Start image=crawlergpt:latest\n[f96abf2f-1647-47c4-9f3a-d50edc57d52a/build]   \ud83d\udc33  docker pull image=crawlergpt:latest platform= username= forcePull=false\n[f96abf2f-1647-47c4-9f3a-d50edc57d52a/build]   \ud83d\udc33  docker create image=crawlergpt:latest platform= entrypoint=[\"tail\" \"-f\" \"/dev/null\"] cmd=[]\n[f96abf2f-1647-47c4-9f3a-d50edc57d52a/build]   \ud83d\udc33  docker run image=crawlergpt:latest platform= entrypoint=[\"tail\" \"-f\" \"/dev/null\"] cmd=[]\n[f96abf2f-1647-47c4-9f3a-d50edc57d52a/build]   \ud83d\udc33  docker exec cmd=[chown -R 1012:1013 /tmp/3d783ea4-1661-11ee-8a50-bb14de238602/eltos-SimpleDialogFragments] user=0 workdir=\n[f96abf2f-1647-47c4-9f3a-d50edc57d52a/build]   \u2601  git clone 'https://github.com/actions/setup-java' # ref=v2\n[f96abf2f-1647-47c4-9f3a-d50edc57d52a/build]   \u2601  git clone 'https://github.com/gradle/wrapper-validation-action' # ref=v1\n[f96abf2f-1647-47c4-9f3a-d50edc57d52a/build]   \u2601  git clone 'https://github.com/actions/cache' # ref=v3\n[f96abf2f-1647-47c4-9f3a-d50edc57d52a/build] \u2b50 Run Main actions/checkout@v2\n[f96abf2f-1647-47c4-9f3a-d50edc57d52a/build]   \u2705  Success - Main actions/checkout@v2\n[f96abf2f-1647-47c4-9f3a-d50edc57d52a/build] \u2b50 Run Main Set up JDK 11\n[f96abf2f-1647-47c4-9f3a-d50edc57d52a/build]   \ud83d\udc33  docker cp src=/tmp/act-cache/cb511841-6173-4c2b-bf4d-9adf09761bb7/act/actions-setup-java@v2/ dst=/var/run/act/actions/actions-setup-java@v2/\n[f96abf2f-1647-47c4-9f3a-d50edc57d52a/build]   \ud83d\udc33  docker exec cmd=[chown -R 1012:1013 /var/run/act/actions/actions-setup-java@v2/] user=0 workdir=\n[f96abf2f-1647-47c4-9f3a-d50edc57d52a/build]   \ud83d\udc33  docker exec cmd=[node /var/run/act/actions/actions-setup-java@v2/dist/setup/index.js] user= workdir=\n[f96abf2f-1647-47c4-9f3a-d50edc57d52a/build]   \ud83d\udcac  ::debug::isExplicit: 11.0.11-9\n[f96abf2f-1647-47c4-9f3a-d50edc57d52a/build]   \ud83d\udcac  ::debug::explicit? true\n[f96abf2f-1647-47c4-9f3a-d50edc57d52a/build]   \ud83d\udcac  ::debug::isExplicit: 8.0.292-1\n[f96abf2f-1647-47c4-9f3a-d50edc57d52a/build]   \ud83d\udcac  ::debug::explicit? true\n[f96abf2f-1647-47c4-9f3a-d50edc57d52a/build]   | Resolved Java 11.0.11+9 from tool-cache\n[f96abf2f-1647-47c4-9f3a-d50edc57d52a/build]   | Setting Java 11.0.11+9 as the default\n[f96abf2f-1647-47c4-9f3a-d50edc57d52a/build]   | \n[f96abf2f-1647-47c4-9f3a-d50edc57d52a/build]   | Java configuration:\n[f96abf2f-1647-47c4-9f3a-d50edc57d52a/build]   |   Distribution: adopt\n[f96abf2f-1647-47c4-9f3a-d50edc57d52a/build]   |   Version: 11.0.11+9\n[f96abf2f-1647-47c4-9f3a-d50edc57d52a/build]   |   Path: /opt/hostedtoolcache/Java_Adopt_jdk/11.0.11-9/x64\n[f96abf2f-1647-47c4-9f3a-d50edc57d52a/build]   | \n[f96abf2f-1647-47c4-9f3a-d50edc57d52a/build]   \u2753 add-matcher /run/act/actions/actions-setup-java@v2/.github/java.json\n[f96abf2f-1647-47c4-9f3a-d50edc57d52a/build]   | Creating settings.xml with server-id: github\n[f96abf2f-1647-47c4-9f3a-d50edc57d52a/build]   | Writing to /home/runneradmin/.m2/settings.xml\n[f96abf2f-1647-47c4-9f3a-d50edc57d52a/build]   \u2705  Success - Main Set up JDK 11\n[f96abf2f-1647-47c4-9f3a-d50edc57d52a/build]   \u2699  ::set-env:: JAVA_HOME=/opt/hostedtoolcache/Java_Adopt_jdk/11.0.11-9/x64\n[f96abf2f-1647-47c4-9f3a-d50edc57d52a/build]   \u2699  ::set-output:: distribution=Adopt-Hotspot\n[f96abf2f-1647-47c4-9f3a-d50edc57d52a/build]   \u2699  ::set-output:: path=/opt/hostedtoolcache/Java_Adopt_jdk/11.0.11-9/x64\n[f96abf2f-1647-47c4-9f3a-d50edc57d52a/build]   \u2699  ::set-output:: version=11.0.11+9\n[f96abf2f-1647-47c4-9f3a-d50edc57d52a/build]   \u2699  ::add-path:: /opt/hostedtoolcache/Java_Adopt_jdk/11.0.11-9/x64/bin\n[f96abf2f-1647-47c4-9f3a-d50edc57d52a/build] \u2b50 Run Main Grant execute permission for gradlew\n[f96abf2f-1647-47c4-9f3a-d50edc57d52a/build]   \ud83d\udc33  docker exec cmd=[bash --noprofile --norc -e -o pipefail /var/run/act/workflow/2] user= workdir=\n[f96abf2f-1647-47c4-9f3a-d50edc57d52a/build]   \u2705  Success - Main Grant execute permission for gradlew\n[f96abf2f-1647-47c4-9f3a-d50edc57d52a/build] \u2b50 Run Main Gradle Wrapper Validation\n[f96abf2f-1647-47c4-9f3a-d50edc57d52a/build]   \ud83d\udc33  docker cp src=/tmp/act-cache/cb511841-6173-4c2b-bf4d-9adf09761bb7/act/gradle-wrapper-validation-action@v1/ dst=/var/run/act/actions/gradle-wrapper-validation-action@v1/\n[f96abf2f-1647-47c4-9f3a-d50edc57d52a/build]   \ud83d\udc33  docker exec cmd=[chown -R 1012:1013 /var/run/act/actions/gradle-wrapper-validation-action@v1/] user=0 workdir=\n[f96abf2f-1647-47c4-9f3a-d50edc57d52a/build]   \ud83d\udc33  docker exec cmd=[node /var/run/act/actions/gradle-wrapper-validation-action@v1/dist/index.js] user= workdir=\n[f96abf2f-1647-47c4-9f3a-d50edc57d52a/build]   | \u2713 Found known Gradle Wrapper JAR files:\n[f96abf2f-1647-47c4-9f3a-d50edc57d52a/build]   |   16caeaf66d57a0d1d2087fef6a97efa62de8da69afa5b908f40db35afc4342da gradle/wrapper/gradle-wrapper.jar\n[f96abf2f-1647-47c4-9f3a-d50edc57d52a/build]   \u2705  Success - Main Gradle Wrapper Validation\n[f96abf2f-1647-47c4-9f3a-d50edc57d52a/build] \u2b50 Run Main Setup Cache\n[f96abf2f-1647-47c4-9f3a-d50edc57d52a/build]   \ud83d\udc33  docker cp src=/tmp/act-cache/cb511841-6173-4c2b-bf4d-9adf09761bb7/act/actions-cache@v3/ dst=/var/run/act/actions/actions-cache@v3/\n[f96abf2f-1647-47c4-9f3a-d50edc57d52a/build]   \ud83d\udc33  docker exec cmd=[chown -R 1012:1013 /var/run/act/actions/actions-cache@v3/] user=0 workdir=\n[f96abf2f-1647-47c4-9f3a-d50edc57d52a/build]   \ud83d\udc33  docker exec cmd=[node /var/run/act/actions/actions-cache@v3/dist/restore/index.js] user= workdir=\n[f96abf2f-1647-47c4-9f3a-d50edc57d52a/build]   \ud83d\udcac  ::debug::Resolved Keys:\n[f96abf2f-1647-47c4-9f3a-d50edc57d52a/build]   \ud83d\udcac  ::debug::[\"cache-gradle-55c308a13ac9d41ee530b49e5ad7a65e066a6c8aa77c657e077e13bdec03ca11\"]\n[f96abf2f-1647-47c4-9f3a-d50edc57d52a/build]   \ud83d\udcac  ::debug::Checking zstd --quiet --version\n[f96abf2f-1647-47c4-9f3a-d50edc57d52a/build]   \ud83d\udcac  ::debug::1.5.0\n[f96abf2f-1647-47c4-9f3a-d50edc57d52a/build]   \ud83d\udcac  ::debug::zstd version: 1.5.0\n[f96abf2f-1647-47c4-9f3a-d50edc57d52a/build]   \ud83d\udcac  ::debug::Resource Url: http://130.242.72.40:34413/_apis/artifactcache/cache?keys=cache-gradle-55c308a13ac9d41ee530b49e5ad7a65e066a6c8aa77c657e077e13bdec03ca11&version=aececd74212553fb0e74c0c01f3cc40ce3db17a6a930057bda6927537f707f19\n[f96abf2f-1647-47c4-9f3a-d50edc57d52a/build]   \ud83d\udcac  ::debug::Failed to delete archive: Error: ENOENT: no such file or directory, unlink ''\n[f96abf2f-1647-47c4-9f3a-d50edc57d52a/build]   | Cache not found for input keys: cache-gradle-55c308a13ac9d41ee530b49e5ad7a65e066a6c8aa77c657e077e13bdec03ca11\n[f96abf2f-1647-47c4-9f3a-d50edc57d52a/build]   \u2705  Success - Main Setup Cache\n[f96abf2f-1647-47c4-9f3a-d50edc57d52a/build] \u2b50 Run Main Build with Gradle\n[f96abf2f-1647-47c4-9f3a-d50edc57d52a/build]   \ud83d\udc33  docker exec cmd=[bash --noprofile --norc -e -o pipefail /var/run/act/workflow/5] user= workdir=\n[f96abf2f-1647-47c4-9f3a-d50edc57d52a/build]   | Downloading https://services.gradle.org/distributions/gradle-7.2-all.zip\n[f96abf2f-1647-47c4-9f3a-d50edc57d52a/build]   | ............................................................................................................................................................................................................................................................................................................................................................................................................................................................................................................................................................................................................................................................................................................................................................................................................................................................................................................................................................................................................................................................................................................................................................................................................................................................................................................................................................................................................................................................................................................................................................................................................................................................................................................................................................................................................................................................................................................................................................................................................................................................................................................................................................................................................................................................................................................................................................................................................................................................................................................................................................................................................................................................................................................................................................................................................................................................................................................................................................................................................................................................................................................................................................................................................................................................................................................................................................................................................................................................................................................................................................................................................................................................................................................................................................................................................................................................................................................................................................................................................................................................................................................................................................................................................................................................................................................................................................................................................................................................................................................................................................................................................................................................................................................................................................................................................................................................................................................................................................................................................................................................................................................................................................................................................................................................................................................................................................................................................................................................................................................................................................................................................................................................................................................................................................................................................................................................................................................................................................................................................................................................................................................................................................................................................................................................................................................................................................................................................................................................................................................................................................................................................................................................................................................................................................................................................................................................................................................................................................................................................................................................................................................................................................................................................................................................................................................................................................................................................................................................................................................................................................................................................................................................................................................................................................................................................................................................................................................................................................................................................................................................................................................................................................................\n[f96abf2f-1647-47c4-9f3a-d50edc57d52a/build]   | Unzipping /home/runneradmin/.gradle/wrapper/dists/gradle-7.2-all/260hg96vuh6ex27h9vo47iv4d/gradle-7.2-all.zip to /home/runneradmin/.gradle/wrapper/dists/gradle-7.2-all/260hg96vuh6ex27h9vo47iv4d\n[f96abf2f-1647-47c4-9f3a-d50edc57d52a/build]   | Set executable permissions for: /home/runneradmin/.gradle/wrapper/dists/gradle-7.2-all/260hg96vuh6ex27h9vo47iv4d/gradle-7.2/bin/gradle\n[f96abf2f-1647-47c4-9f3a-d50edc57d52a/build]   | \n[f96abf2f-1647-47c4-9f3a-d50edc57d52a/build]   | Welcome to Gradle 7.2!\n[f96abf2f-1647-47c4-9f3a-d50edc57d52a/build]   | \n[f96abf2f-1647-47c4-9f3a-d50edc57d52a/build]   | Here are the highlights of this release:\n[f96abf2f-1647-47c4-9f3a-d50edc57d52a/build]   |  - Toolchain support for Scala\n[f96abf2f-1647-47c4-9f3a-d50edc57d52a/build]   |  - More cache hits when Java source files have platform-specific line endings\n[f96abf2f-1647-47c4-9f3a-d50edc57d52a/build]   |  - More resilient remote HTTP build cache behavior\n[f96abf2f-1647-47c4-9f3a-d50edc57d52a/build]   | \n[f96abf2f-1647-47c4-9f3a-d50edc57d52a/build]   | For more details see https://docs.gradle.org/7.2/release-notes.html\n[f96abf2f-1647-47c4-9f3a-d50edc57d52a/build]   | \n[f96abf2f-1647-47c4-9f3a-d50edc57d52a/build]   | Starting a Gradle Daemon (subsequent builds will be faster)\n[f96abf2f-1647-47c4-9f3a-d50edc57d52a/build]   | \n[f96abf2f-1647-47c4-9f3a-d50edc57d52a/build]   | > Configure project :simpledialogfragments\n[f96abf2f-1647-47c4-9f3a-d50edc57d52a/build]   | WARNING:Software Components will not be created automatically for Maven publishing from Android Gradle Plugin 8.0. To opt-in to the future behavior, set the Gradle property android.disableAutomaticComponentCreation=true in the `gradle.properties` file or use the new publishing DSL.\n[f96abf2f-1647-47c4-9f3a-d50edc57d52a/build]   | \n[f96abf2f-1647-47c4-9f3a-d50edc57d52a/build]   | FAILURE: Build completed with 2 failures.\n[f96abf2f-1647-47c4-9f3a-d50edc57d52a/build]   | \n[f96abf2f-1647-47c4-9f3a-d50edc57d52a/build]   | 1: Task failed with an exception.\n[f96abf2f-1647-47c4-9f3a-d50edc57d52a/build]   | -----------\n[f96abf2f-1647-47c4-9f3a-d50edc57d52a/build]   | * Where:\n[f96abf2f-1647-47c4-9f3a-d50edc57d52a/build]   | Build file '/tmp/3d783ea4-1661-11ee-8a50-bb14de238602/eltos-SimpleDialogFragments/simpledialogfragments/build.gradle' line: 52\n[f96abf2f-1647-47c4-9f3a-d50edc57d52a/build]   | \n[f96abf2f-1647-47c4-9f3a-d50edc57d52a/build]   | * What went wrong:\n[f96abf2f-1647-47c4-9f3a-d50edc57d52a/build]   | A problem occurred evaluating project ':simpledialogfragments'.\n[f96abf2f-1647-47c4-9f3a-d50edc57d52a/build]   | > SDK location not found. Define location with an ANDROID_SDK_ROOT environment variable or by setting the sdk.dir path in your project's local properties file at '/tmp/3d783ea4-1661-11ee-8a50-bb14de238602/eltos-SimpleDialogFragments/local.properties'.\n[f96abf2f-1647-47c4-9f3a-d50edc57d52a/build]   | \n[f96abf2f-1647-47c4-9f3a-d50edc57d52a/build]   | * Try:\n[f96abf2f-1647-47c4-9f3a-d50edc57d52a/build]   | Run with --stacktrace option to get the stack trace. Run with --info or --debug option to get more log output. Run with --scan to get full insights.\n[f96abf2f-1647-47c4-9f3a-d50edc57d52a/build]   | ==============================================================================\n[f96abf2f-1647-47c4-9f3a-d50edc57d52a/build]   | \n[f96abf2f-1647-47c4-9f3a-d50edc57d52a/build]   | 2: Task failed with an exception.\n[f96abf2f-1647-47c4-9f3a-d50edc57d52a/build]   | -----------\n[f96abf2f-1647-47c4-9f3a-d50edc57d52a/build]   | * Where:\n[f96abf2f-1647-47c4-9f3a-d50edc57d52a/build]   | Script '/tmp/3d783ea4-1661-11ee-8a50-bb14de238602/eltos-SimpleDialogFragments/simpledialogfragments/publish.gradle' line: 55\n[f96abf2f-1647-47c4-9f3a-d50edc57d52a/build]   | \n[f96abf2f-1647-47c4-9f3a-d50edc57d52a/build]   | * What went wrong:\n[f96abf2f-1647-47c4-9f3a-d50edc57d52a/build]   | A problem occurred configuring project ':simpledialogfragments'.\n[f96abf2f-1647-47c4-9f3a-d50edc57d52a/build]   | > Could not get unknown property 'release' for SoftwareComponentInternal set of type org.gradle.api.internal.component.DefaultSoftwareComponentContainer.\n[f96abf2f-1647-47c4-9f3a-d50edc57d52a/build]   | \n[f96abf2f-1647-47c4-9f3a-d50edc57d52a/build]   | * Try:\n[f96abf2f-1647-47c4-9f3a-d50edc57d52a/build]   | Run with --stacktrace option to get the stack trace. Run with --info or --debug option to get more log output. Run with --scan to get full insights.\n[f96abf2f-1647-47c4-9f3a-d50edc57d52a/build]   | ==============================================================================\n[f96abf2f-1647-47c4-9f3a-d50edc57d52a/build]   | \n[f96abf2f-1647-47c4-9f3a-d50edc57d52a/build]   | * Get more help at https://help.gradle.org\n[f96abf2f-1647-47c4-9f3a-d50edc57d52a/build]   | \n[f96abf2f-1647-47c4-9f3a-d50edc57d52a/build]   | BUILD FAILED in 52s\n[f96abf2f-1647-47c4-9f3a-d50edc57d52a/build]   \u274c  Failure - Main Build with Gradle\n[f96abf2f-1647-47c4-9f3a-d50edc57d52a/build] exitcode '1': failure\n[f96abf2f-1647-47c4-9f3a-d50edc57d52a/build] \u2b50 Run Post Set up JDK 11\n[f96abf2f-1647-47c4-9f3a-d50edc57d52a/build]   \ud83d\udc33  docker exec cmd=[node /var/run/act/actions/actions-setup-java@v2/dist/cleanup/index.js] user= workdir=\n[f96abf2f-1647-47c4-9f3a-d50edc57d52a/build]   \u2705  Success - Post Set up JDK 11\n[f96abf2f-1647-47c4-9f3a-d50edc57d52a/build] \ud83c\udfc1  Job failed\n",
        "stderr": "Error: Job 'build' failed\n",
        "workflow": "/tmp/3d783ea4-1661-11ee-8a50-bb14de238602/eltos-SimpleDialogFragments/.github/workflows/build-crawler.yml",
        "build_tool": "gradle",
        "elapsed_time": 211.02729606628418
    }
}