{
    "repository": "fabriciorby/maven-surefire-junit5-tree-reporter",
    "stars": 73,
    "language": "java",
    "size": 46,
    "clone_url": "https://github.com/fabriciorby/maven-surefire-junit5-tree-reporter.git",
    "timestamp": "2023-06-29T14:44:14.973559Z",
    "clone_success": true,
    "number_of_actions": 1,
    "number_of_test_actions": 1,
    "actions_successful": false,
    "actions_build_tools": [
        "maven"
    ],
    "actions_test_build_tools": [
        "maven"
    ],
    "actions_run": {
        "failed": true,
        "tests": [
            {
                "classname": "NestedExampleTest$FirstInnerTest",
                "name": "test",
                "time": 0.101,
                "results": [
                    {
                        "result": "Passed",
                        "message": "",
                        "type": ""
                    }
                ],
                "stdout": null,
                "stderr": null
            },
            {
                "classname": "NestedExampleTest",
                "name": "test",
                "time": 0.101,
                "results": [
                    {
                        "result": "Passed",
                        "message": "",
                        "type": ""
                    }
                ],
                "stdout": null,
                "stderr": null
            },
            {
                "classname": "NestedExampleTest",
                "name": "test2",
                "time": 0.502,
                "results": [
                    {
                        "result": "Passed",
                        "message": "",
                        "type": ""
                    }
                ],
                "stdout": null,
                "stderr": null
            },
            {
                "classname": "NestedExampleTest$InnerTest",
                "name": "test",
                "time": 0.202,
                "results": [
                    {
                        "result": "Passed",
                        "message": "",
                        "type": ""
                    }
                ],
                "stdout": null,
                "stderr": null
            },
            {
                "classname": "NestedExampleTest$InnerTest$InnerInnerTest",
                "name": "test",
                "time": 0.301,
                "results": [
                    {
                        "result": "Passed",
                        "message": "",
                        "type": ""
                    }
                ],
                "stdout": null,
                "stderr": null
            },
            {
                "classname": "NestedExampleTest$InnerTest$InnerInnerTest$InnerInnerInnerTest",
                "name": "test",
                "time": 0.402,
                "results": [
                    {
                        "result": "Passed",
                        "message": "",
                        "type": ""
                    }
                ],
                "stdout": null,
                "stderr": null
            },
            {
                "classname": "LongNameExampleTest",
                "name": "shakespeare(String[])[1]",
                "time": 0.002,
                "results": [
                    {
                        "result": "Passed",
                        "message": "",
                        "type": ""
                    }
                ],
                "stdout": null,
                "stderr": null
            },
            {
                "classname": "LongNameExampleTest",
                "name": "shakespeare(String[])[2]",
                "time": 0.001,
                "results": [
                    {
                        "result": "Passed",
                        "message": "",
                        "type": ""
                    }
                ],
                "stdout": null,
                "stderr": null
            },
            {
                "classname": "LongNameExampleTest",
                "name": "shakespeare(String[])[3]",
                "time": 0.001,
                "results": [
                    {
                        "result": "Passed",
                        "message": "",
                        "type": ""
                    }
                ],
                "stdout": null,
                "stderr": null
            },
            {
                "classname": "org.apache.maven.plugin.surefire.report.ConsoleTreeReporterTest",
                "name": "testSetStarting",
                "time": 0.262,
                "results": [
                    {
                        "result": "Passed",
                        "message": "",
                        "type": ""
                    }
                ],
                "stdout": null,
                "stderr": null
            },
            {
                "classname": "org.apache.maven.plugin.surefire.report.ConsoleTreeReporterTest",
                "name": "testSetCompleted",
                "time": 0.02,
                "results": [
                    {
                        "result": "Passed",
                        "message": "",
                        "type": ""
                    }
                ],
                "stdout": "[INFO] +--Nested Sample - 0.001s\n[INFO] |  +-- [OK] Should pass - 0.001s\n[INFO] |  '-- [OK] Should pass2 - 0.001s\n[INFO] +--.--Inner Test - 0.001s\n[INFO] |  |  '-- [OK] Inner test should pass - 0.001s\n[INFO] |  '--.--Inner Inner Test - 0.001s\n[INFO] |     |  '-- [OK] Inner Inner Test should pass - 0.001s\n[INFO] |     '--.--Inner Inner Inner Test - 0.001s\n[INFO] |        |  '-- [OK] Inner Inner Inner Test should pass - 0.001s\n[INFO] +-----First Inner Test - 0.001s\n[INFO] |     '-- [OK] FirstInnerTest should show up - 0.001s\n",
                "stderr": null
            },
            {
                "classname": "DynamicExampleTest",
                "name": "dynamicTestsWithCollectionWithDisplayName",
                "time": 0.002,
                "results": [
                    {
                        "result": "Passed",
                        "message": "",
                        "type": ""
                    }
                ],
                "stdout": null,
                "stderr": null
            },
            {
                "classname": "DynamicExampleTest",
                "name": "dynamicTestsWithCollectionWithDisplayName",
                "time": 0.001,
                "results": [
                    {
                        "result": "Passed",
                        "message": "",
                        "type": ""
                    }
                ],
                "stdout": null,
                "stderr": null
            },
            {
                "classname": "DynamicExampleTest",
                "name": "dynamicTestsWithCollection",
                "time": 0.0,
                "results": [
                    {
                        "result": "Passed",
                        "message": "",
                        "type": ""
                    }
                ],
                "stdout": null,
                "stderr": null
            },
            {
                "classname": "DynamicExampleTest",
                "name": "dynamicTestsWithCollection",
                "time": 0.0,
                "results": [
                    {
                        "result": "Passed",
                        "message": "",
                        "type": ""
                    }
                ],
                "stdout": null,
                "stderr": null
            },
            {
                "classname": "ParameterizedExampleTest",
                "name": "addsTwoNumbers",
                "time": 0.031,
                "results": [
                    {
                        "result": "Passed",
                        "message": "",
                        "type": ""
                    }
                ],
                "stdout": null,
                "stderr": null
            },
            {
                "classname": "ParameterizedExampleTest",
                "name": "add(int, int, int)[1]",
                "time": 0.026,
                "results": [
                    {
                        "result": "Passed",
                        "message": "",
                        "type": ""
                    }
                ],
                "stdout": null,
                "stderr": null
            },
            {
                "classname": "ParameterizedExampleTest",
                "name": "add(int, int, int)[2]",
                "time": 0.002,
                "results": [
                    {
                        "result": "Passed",
                        "message": "",
                        "type": ""
                    }
                ],
                "stdout": null,
                "stderr": null
            },
            {
                "classname": "ParameterizedExampleTest",
                "name": "add(int, int, int)[3]",
                "time": 0.002,
                "results": [
                    {
                        "result": "Passed",
                        "message": "",
                        "type": ""
                    }
                ],
                "stdout": null,
                "stderr": null
            },
            {
                "classname": "ParameterizedExampleTest",
                "name": "add(int, int, int)[4]",
                "time": 0.001,
                "results": [
                    {
                        "result": "Passed",
                        "message": "",
                        "type": ""
                    }
                ],
                "stdout": null,
                "stderr": null
            },
            {
                "classname": "ExampleTest",
                "name": "main",
                "time": 0.001,
                "results": [
                    {
                        "result": "Passed",
                        "message": "",
                        "type": ""
                    }
                ],
                "stdout": null,
                "stderr": null
            },
            {
                "classname": "ExampleTest",
                "name": "main2",
                "time": 0.001,
                "results": [
                    {
                        "result": "Passed",
                        "message": "",
                        "type": ""
                    }
                ],
                "stdout": null,
                "stderr": null
            },
            {
                "classname": "ExampleTest",
                "name": "main3",
                "time": 0.001,
                "results": [
                    {
                        "result": "Passed",
                        "message": "",
                        "type": ""
                    }
                ],
                "stdout": null,
                "stderr": null
            },
            {
                "classname": "ExampleTest",
                "name": "main4",
                "time": 0.001,
                "results": [
                    {
                        "result": "Passed",
                        "message": "",
                        "type": ""
                    }
                ],
                "stdout": null,
                "stderr": null
            },
            {
                "classname": "ExampleTest$InnerTest",
                "name": "test",
                "time": 0.0,
                "results": [
                    {
                        "result": "Skipped",
                        "message": "supposed to fail",
                        "type": null
                    }
                ],
                "stdout": null,
                "stderr": null
            },
            {
                "classname": "ExampleTest$InnerTest",
                "name": "test2",
                "time": 0.0,
                "results": [
                    {
                        "result": "Skipped",
                        "message": "for demonstration purposes",
                        "type": null
                    }
                ],
                "stdout": null,
                "stderr": null
            }
        ],
        "stdout": "[09f151eb-eb78-42a4-86d6-c6cd99ba6ad6/build] \ud83d\ude80  Start image=crawlergpt:latest\n[09f151eb-eb78-42a4-86d6-c6cd99ba6ad6/build]   \ud83d\udc33  docker pull image=crawlergpt:latest platform= username= forcePull=false\n[09f151eb-eb78-42a4-86d6-c6cd99ba6ad6/build]   \ud83d\udc33  docker create image=crawlergpt:latest platform= entrypoint=[\"tail\" \"-f\" \"/dev/null\"] cmd=[]\n[09f151eb-eb78-42a4-86d6-c6cd99ba6ad6/build]   \ud83d\udc33  docker run image=crawlergpt:latest platform= entrypoint=[\"tail\" \"-f\" \"/dev/null\"] cmd=[]\n[09f151eb-eb78-42a4-86d6-c6cd99ba6ad6/build]   \ud83d\udc33  docker exec cmd=[chown -R 1012:1013 /tmp/3d783ea4-1661-11ee-8a50-bb14de238602/fabriciorby-maven-surefire-junit5-tree-reporter] user=0 workdir=\n[09f151eb-eb78-42a4-86d6-c6cd99ba6ad6/build]   \u2601  git clone 'https://github.com/actions/setup-java' # ref=v3\n[09f151eb-eb78-42a4-86d6-c6cd99ba6ad6/build]   \u2601  git clone 'https://github.com/actions/setup-java' # ref=v3\n[09f151eb-eb78-42a4-86d6-c6cd99ba6ad6/build] \u2b50 Run Main actions/checkout@v3\n[09f151eb-eb78-42a4-86d6-c6cd99ba6ad6/build]   \u2705  Success - Main actions/checkout@v3\n[09f151eb-eb78-42a4-86d6-c6cd99ba6ad6/build] \u2b50 Run Main Set up JDK 8\n[09f151eb-eb78-42a4-86d6-c6cd99ba6ad6/build]   \ud83d\udc33  docker cp src=/tmp/act-cache/5b408e0b-a08f-480c-b9ff-802ba8ab3064/act/actions-setup-java@v3/ dst=/var/run/act/actions/actions-setup-java@v3/\n[09f151eb-eb78-42a4-86d6-c6cd99ba6ad6/build]   \ud83d\udc33  docker exec cmd=[chown -R 1012:1013 /var/run/act/actions/actions-setup-java@v3/] user=0 workdir=\n[09f151eb-eb78-42a4-86d6-c6cd99ba6ad6/build]   \ud83d\udc33  docker exec cmd=[node /var/run/act/actions/actions-setup-java@v3/dist/setup/index.js] user= workdir=\n[09f151eb-eb78-42a4-86d6-c6cd99ba6ad6/build]   \u2753  ::group::Installed distributions\n[09f151eb-eb78-42a4-86d6-c6cd99ba6ad6/build]   | Trying to resolve the latest version from remote\n[09f151eb-eb78-42a4-86d6-c6cd99ba6ad6/build]   | Resolved latest version as 8.0.372+7\n[09f151eb-eb78-42a4-86d6-c6cd99ba6ad6/build]   | Trying to download...\n[09f151eb-eb78-42a4-86d6-c6cd99ba6ad6/build]   | Downloading Java 8.0.372+7 (Temurin-Hotspot) from https://github.com/adoptium/temurin8-binaries/releases/download/jdk8u372-b07/OpenJDK8U-jdk_x64_linux_hotspot_8u372b07.tar.gz ...\n[09f151eb-eb78-42a4-86d6-c6cd99ba6ad6/build]   \ud83d\udcac  ::debug::Downloading https://github.com/adoptium/temurin8-binaries/releases/download/jdk8u372-b07/OpenJDK8U-jdk_x64_linux_hotspot_8u372b07.tar.gz\n[09f151eb-eb78-42a4-86d6-c6cd99ba6ad6/build]   \ud83d\udcac  ::debug::Destination /tmp/a3e01cca-a9b2-4096-93a2-5b81fa34f707\n[09f151eb-eb78-42a4-86d6-c6cd99ba6ad6/build]   \ud83d\udcac  ::debug::download complete\n[09f151eb-eb78-42a4-86d6-c6cd99ba6ad6/build]   | Extracting Java archive...\n[09f151eb-eb78-42a4-86d6-c6cd99ba6ad6/build]   \ud83d\udcac  ::debug::Checking tar --version\n[09f151eb-eb78-42a4-86d6-c6cd99ba6ad6/build]   \ud83d\udcac  ::debug::tar (GNU tar) 1.30%0ACopyright (C) 2017 Free Software Foundation, Inc.%0ALicense GPLv3+: GNU GPL version 3 or later <https://gnu.org/licenses/gpl.html>.%0AThis is free software: you are free to change and redistribute it.%0AThere is NO WARRANTY, to the extent permitted by law.%0A%0AWritten by John Gilmore and Jay Fenlason.\n[09f151eb-eb78-42a4-86d6-c6cd99ba6ad6/build]   | [command]/usr/bin/tar xz --warning=no-unknown-keyword -C /tmp/4e67112e-e373-42dd-9833-687611d64d05 -f /tmp/a3e01cca-a9b2-4096-93a2-5b81fa34f707\n[09f151eb-eb78-42a4-86d6-c6cd99ba6ad6/build]   \ud83d\udcac  ::debug::Caching tool Java_Temurin-Hotspot_jdk 8.0.372-7 x64\n[09f151eb-eb78-42a4-86d6-c6cd99ba6ad6/build]   \ud83d\udcac  ::debug::source dir: /tmp/4e67112e-e373-42dd-9833-687611d64d05/jdk8u372-b07\n[09f151eb-eb78-42a4-86d6-c6cd99ba6ad6/build]   \ud83d\udcac  ::debug::destination /opt/hostedtoolcache/Java_Temurin-Hotspot_jdk/8.0.372-7/x64\n[09f151eb-eb78-42a4-86d6-c6cd99ba6ad6/build]   \ud83d\udcac  ::debug::finished caching tool\n[09f151eb-eb78-42a4-86d6-c6cd99ba6ad6/build]   | Java 8.0.372+7 was downloaded\n[09f151eb-eb78-42a4-86d6-c6cd99ba6ad6/build]   | Setting Java 8.0.372+7 as the default\n[09f151eb-eb78-42a4-86d6-c6cd99ba6ad6/build]   | Creating toolchains.xml for JDK version 8 from temurin\n[09f151eb-eb78-42a4-86d6-c6cd99ba6ad6/build]   | Writing to /home/runneradmin/.m2/toolchains.xml\n[09f151eb-eb78-42a4-86d6-c6cd99ba6ad6/build]   | \n[09f151eb-eb78-42a4-86d6-c6cd99ba6ad6/build]   | Java configuration:\n[09f151eb-eb78-42a4-86d6-c6cd99ba6ad6/build]   |   Distribution: temurin\n[09f151eb-eb78-42a4-86d6-c6cd99ba6ad6/build]   |   Version: 8.0.372+7\n[09f151eb-eb78-42a4-86d6-c6cd99ba6ad6/build]   |   Path: /opt/hostedtoolcache/Java_Temurin-Hotspot_jdk/8.0.372-7/x64\n[09f151eb-eb78-42a4-86d6-c6cd99ba6ad6/build]   | \n[09f151eb-eb78-42a4-86d6-c6cd99ba6ad6/build]   \u2753  ::endgroup::\n[09f151eb-eb78-42a4-86d6-c6cd99ba6ad6/build]   \u2753 add-matcher /run/act/actions/actions-setup-java@v3/.github/java.json\n[09f151eb-eb78-42a4-86d6-c6cd99ba6ad6/build]   | Creating settings.xml with server-id: github\n[09f151eb-eb78-42a4-86d6-c6cd99ba6ad6/build]   | Writing to /home/runneradmin/.m2/settings.xml\n[09f151eb-eb78-42a4-86d6-c6cd99ba6ad6/build]   \ud83d\udcac  ::debug::followSymbolicLinks 'true'\n[09f151eb-eb78-42a4-86d6-c6cd99ba6ad6/build]   \ud83d\udcac  ::debug::followSymbolicLinks 'true'\n[09f151eb-eb78-42a4-86d6-c6cd99ba6ad6/build]   \ud83d\udcac  ::debug::implicitDescendants 'true'\n[09f151eb-eb78-42a4-86d6-c6cd99ba6ad6/build]   \ud83d\udcac  ::debug::matchDirectories 'true'\n[09f151eb-eb78-42a4-86d6-c6cd99ba6ad6/build]   \ud83d\udcac  ::debug::omitBrokenSymbolicLinks 'true'\n[09f151eb-eb78-42a4-86d6-c6cd99ba6ad6/build]   \ud83d\udcac  ::debug::Search path '/tmp/3d783ea4-1661-11ee-8a50-bb14de238602/fabriciorby-maven-surefire-junit5-tree-reporter'\n[09f151eb-eb78-42a4-86d6-c6cd99ba6ad6/build]   \ud83d\udcac  ::debug::/tmp/3d783ea4-1661-11ee-8a50-bb14de238602/fabriciorby-maven-surefire-junit5-tree-reporter/pom.xml\n[09f151eb-eb78-42a4-86d6-c6cd99ba6ad6/build]   \ud83d\udcac  ::debug::Found 1 files to hash.\n[09f151eb-eb78-42a4-86d6-c6cd99ba6ad6/build]   \ud83d\udcac  ::debug::primary key is setup-java-Linux-maven-68a63a3ac4cecf0d72aaa6752cdda555f29319a939469de00494937f3290a33f\n[09f151eb-eb78-42a4-86d6-c6cd99ba6ad6/build]   \ud83d\udcac  ::debug::Resolved Keys:\n[09f151eb-eb78-42a4-86d6-c6cd99ba6ad6/build]   \ud83d\udcac  ::debug::[\"setup-java-Linux-maven-68a63a3ac4cecf0d72aaa6752cdda555f29319a939469de00494937f3290a33f\"]\n[09f151eb-eb78-42a4-86d6-c6cd99ba6ad6/build]   \ud83d\udcac  ::debug::Checking zstd --version\n[09f151eb-eb78-42a4-86d6-c6cd99ba6ad6/build]   \ud83d\udcac  ::debug::*** zstd command line interface 64-bits v1.5.0, by Yann Collet ***\n[09f151eb-eb78-42a4-86d6-c6cd99ba6ad6/build]   \ud83d\udcac  ::debug::Resource Url: http://130.242.72.40:44141/_apis/artifactcache/cache?keys=setup-java-Linux-maven-68a63a3ac4cecf0d72aaa6752cdda555f29319a939469de00494937f3290a33f&version=cf689304ceab961b43dfb969452ae56d000a022b1f5d36fc5110e872a51021d1\n[09f151eb-eb78-42a4-86d6-c6cd99ba6ad6/build]   \ud83d\udcac  ::debug::Failed to delete archive: Error: ENOENT: no such file or directory, unlink ''\n[09f151eb-eb78-42a4-86d6-c6cd99ba6ad6/build]   | maven cache is not found\n[09f151eb-eb78-42a4-86d6-c6cd99ba6ad6/build]   \u2705  Success - Main Set up JDK 8\n[09f151eb-eb78-42a4-86d6-c6cd99ba6ad6/build]   \u2699  ::set-env:: JAVA_HOME=/opt/hostedtoolcache/Java_Temurin-Hotspot_jdk/8.0.372-7/x64\n[09f151eb-eb78-42a4-86d6-c6cd99ba6ad6/build]   \u2699  ::set-env:: JAVA_HOME_8_X64=/opt/hostedtoolcache/Java_Temurin-Hotspot_jdk/8.0.372-7/x64\n[09f151eb-eb78-42a4-86d6-c6cd99ba6ad6/build]   \u2699  ::set-output:: cache-hit=false\n[09f151eb-eb78-42a4-86d6-c6cd99ba6ad6/build]   \u2699  ::set-output:: distribution=Temurin-Hotspot\n[09f151eb-eb78-42a4-86d6-c6cd99ba6ad6/build]   \u2699  ::set-output:: path=/opt/hostedtoolcache/Java_Temurin-Hotspot_jdk/8.0.372-7/x64\n[09f151eb-eb78-42a4-86d6-c6cd99ba6ad6/build]   \u2699  ::set-output:: version=8.0.372+7\n[09f151eb-eb78-42a4-86d6-c6cd99ba6ad6/build]   \u2699  ::add-path:: /opt/hostedtoolcache/Java_Temurin-Hotspot_jdk/8.0.372-7/x64/bin\n[09f151eb-eb78-42a4-86d6-c6cd99ba6ad6/build] \u2b50 Run Main Build with Maven\n[09f151eb-eb78-42a4-86d6-c6cd99ba6ad6/build]   \ud83d\udc33  docker exec cmd=[bash --noprofile --norc -e -o pipefail /var/run/act/workflow/2] user= workdir=\n[09f151eb-eb78-42a4-86d6-c6cd99ba6ad6/build]   | [INFO] Scanning for projects...\n[09f151eb-eb78-42a4-86d6-c6cd99ba6ad6/build]   | [INFO] Inspecting build with total of 1 modules...\n[09f151eb-eb78-42a4-86d6-c6cd99ba6ad6/build]   | [INFO] Installing Nexus Staging features:\n[09f151eb-eb78-42a4-86d6-c6cd99ba6ad6/build]   | [INFO]   ... total of 1 executions of maven-deploy-plugin replaced with nexus-staging-maven-plugin\n[09f151eb-eb78-42a4-86d6-c6cd99ba6ad6/build]   | [INFO] \n[09f151eb-eb78-42a4-86d6-c6cd99ba6ad6/build]   | [INFO] ---------< me.fabriciorby:maven-surefire-junit5-tree-reporter >---------\n[09f151eb-eb78-42a4-86d6-c6cd99ba6ad6/build]   | [INFO] Building maven-surefire-junit5-tree-reporter 1.2.1\n[09f151eb-eb78-42a4-86d6-c6cd99ba6ad6/build]   | [INFO] --------------------------------[ jar ]---------------------------------\n[09f151eb-eb78-42a4-86d6-c6cd99ba6ad6/build]   | [INFO] \n[09f151eb-eb78-42a4-86d6-c6cd99ba6ad6/build]   | [INFO] --- maven-resources-plugin:2.6:resources (default-resources) @ maven-surefire-junit5-tree-reporter ---\n[09f151eb-eb78-42a4-86d6-c6cd99ba6ad6/build]   | [INFO] Using 'UTF-8' encoding to copy filtered resources.\n[09f151eb-eb78-42a4-86d6-c6cd99ba6ad6/build]   | [INFO] skip non existing resourceDirectory /tmp/3d783ea4-1661-11ee-8a50-bb14de238602/fabriciorby-maven-surefire-junit5-tree-reporter/src/main/resources\n[09f151eb-eb78-42a4-86d6-c6cd99ba6ad6/build]   | [INFO] \n[09f151eb-eb78-42a4-86d6-c6cd99ba6ad6/build]   | [INFO] --- maven-compiler-plugin:3.1:compile (default-compile) @ maven-surefire-junit5-tree-reporter ---\n[09f151eb-eb78-42a4-86d6-c6cd99ba6ad6/build]   | [INFO] Changes detected - recompiling the module!\n[09f151eb-eb78-42a4-86d6-c6cd99ba6ad6/build]   | [INFO] Compiling 9 source files to /tmp/3d783ea4-1661-11ee-8a50-bb14de238602/fabriciorby-maven-surefire-junit5-tree-reporter/target/classes\n[09f151eb-eb78-42a4-86d6-c6cd99ba6ad6/build]   | [INFO] \n[09f151eb-eb78-42a4-86d6-c6cd99ba6ad6/build]   | [INFO] --- maven-resources-plugin:2.6:testResources (default-testResources) @ maven-surefire-junit5-tree-reporter ---\n[09f151eb-eb78-42a4-86d6-c6cd99ba6ad6/build]   | [INFO] Using 'UTF-8' encoding to copy filtered resources.\n[09f151eb-eb78-42a4-86d6-c6cd99ba6ad6/build]   | [INFO] skip non existing resourceDirectory /tmp/3d783ea4-1661-11ee-8a50-bb14de238602/fabriciorby-maven-surefire-junit5-tree-reporter/src/test/resources\n[09f151eb-eb78-42a4-86d6-c6cd99ba6ad6/build]   | [INFO] \n[09f151eb-eb78-42a4-86d6-c6cd99ba6ad6/build]   | [INFO] --- maven-compiler-plugin:3.1:testCompile (default-testCompile) @ maven-surefire-junit5-tree-reporter ---\n[09f151eb-eb78-42a4-86d6-c6cd99ba6ad6/build]   | [INFO] Changes detected - recompiling the module!\n[09f151eb-eb78-42a4-86d6-c6cd99ba6ad6/build]   | [INFO] Compiling 6 source files to /tmp/3d783ea4-1661-11ee-8a50-bb14de238602/fabriciorby-maven-surefire-junit5-tree-reporter/target/test-classes\n[09f151eb-eb78-42a4-86d6-c6cd99ba6ad6/build]   | [INFO] \n[09f151eb-eb78-42a4-86d6-c6cd99ba6ad6/build]   | [INFO] --- maven-surefire-plugin:3.1.0:test (default-test) @ maven-surefire-junit5-tree-reporter ---\n[09f151eb-eb78-42a4-86d6-c6cd99ba6ad6/build]   | [INFO] Using auto detected provider org.apache.maven.surefire.junitplatform.JUnitPlatformProvider\n[09f151eb-eb78-42a4-86d6-c6cd99ba6ad6/build]   | [INFO] \n[09f151eb-eb78-42a4-86d6-c6cd99ba6ad6/build]   | [INFO] -------------------------------------------------------\n[09f151eb-eb78-42a4-86d6-c6cd99ba6ad6/build]   | [INFO]  T E S T S\n[09f151eb-eb78-42a4-86d6-c6cd99ba6ad6/build]   | [INFO] -------------------------------------------------------\n[09f151eb-eb78-42a4-86d6-c6cd99ba6ad6/build]   | [INFO] \u251c\u2500 Parameterized Sample Test - 0.136s\n[09f151eb-eb78-42a4-86d6-c6cd99ba6ad6/build]   | [INFO] \u2502  \u251c\u2500 \u2714 1 + 1 = 2 - 0.029s\n[09f151eb-eb78-42a4-86d6-c6cd99ba6ad6/build]   | [INFO] \u2502  \u251c\u2500 \u2714 add(int, int, int) 0 + 1 = 1 - 0.024s\n[09f151eb-eb78-42a4-86d6-c6cd99ba6ad6/build]   | [INFO] \u2502  \u251c\u2500 \u2714 add(int, int, int) 1 + 2 = 3 - 0.002s\n[09f151eb-eb78-42a4-86d6-c6cd99ba6ad6/build]   | [INFO] \u2502  \u251c\u2500 \u2714 add(int, int, int) 49 + 51 = 100 - 0.001s\n[09f151eb-eb78-42a4-86d6-c6cd99ba6ad6/build]   | [INFO] \u2502  \u2514\u2500 \u2714 add(int, int, int) 1 + 100 = 101 - 0.001s\n[09f151eb-eb78-42a4-86d6-c6cd99ba6ad6/build]   | [INFO] \u251c\u2500 Long Name Sample Test - 0.012s\n[09f151eb-eb78-42a4-86d6-c6cd99ba6ad6/build]   | [INFO] \u2502  \u251c\u2500 \u2714 Test normalization and abbreviation of test report[1] [For that deep wound it gives my friend and me!, Is\u2019t not enough to torture me alone,, But slave to slavery my sweet\u2019st fri... - 0.002s\n[09f151eb-eb78-42a4-86d6-c6cd99ba6ad6/build]   | [INFO] \u2502  \u251c\u2500 \u2714 Test normalization and abbreviation of test report[2] [When my love swears that she is made of truth , I do believe her, though I know she lies, , That she might think me some u... - 0.001s\n[09f151eb-eb78-42a4-86d6-c6cd99ba6ad6/build]   | [INFO] \u2502  \u2514\u2500 \u2714 Test normalization and abbreviation of test report[3] [Two loves I have of comfort and despair, , Which like two spirits do suggest me still: , The better angel is a man right f... - 0.001s\n[09f151eb-eb78-42a4-86d6-c6cd99ba6ad6/build]   | [INFO] \u251c\u2500 DynamicExampleTest - 0.01s\n[09f151eb-eb78-42a4-86d6-c6cd99ba6ad6/build]   | [INFO] \u2502  \u251c\u2500 \u2714 Calculating Add test - 0.001s\n[09f151eb-eb78-42a4-86d6-c6cd99ba6ad6/build]   | [INFO] \u2502  \u251c\u2500 \u2714 Calculating Multiply Test - 0s\n[09f151eb-eb78-42a4-86d6-c6cd99ba6ad6/build]   | [INFO] \u2502  \u251c\u2500 \u2714 dynamicTestsWithCollection() Add test - 0.001s\n[09f151eb-eb78-42a4-86d6-c6cd99ba6ad6/build]   | [INFO] \u2502  \u2514\u2500 \u2714 dynamicTestsWithCollection() Multiply Test - 0s\n[09f151eb-eb78-42a4-86d6-c6cd99ba6ad6/build]   | [INFO] \u251c\u2500 Nested Sample - 1.631s\n[09f151eb-eb78-42a4-86d6-c6cd99ba6ad6/build]   | [INFO] \u2502  \u251c\u2500 \u2714 Should pass - 0.1s\n[09f151eb-eb78-42a4-86d6-c6cd99ba6ad6/build]   | [INFO] \u2502  \u2514\u2500 \u2714 Should pass2 - 0.501s\n[09f151eb-eb78-42a4-86d6-c6cd99ba6ad6/build]   | [INFO] \u251c\u2500 \u252c\u2500 Nested Sample Inner Test - 0.103s\n[09f151eb-eb78-42a4-86d6-c6cd99ba6ad6/build]   | [INFO] \u2502  \u2502  \u2514\u2500 \u2714 Inner test should pass - 0.201s\n[09f151eb-eb78-42a4-86d6-c6cd99ba6ad6/build]   | [INFO] \u2502  \u2514\u2500 \u252c\u2500 Nested Sample Inner Test Inner Inner Test - 0.919s\n[09f151eb-eb78-42a4-86d6-c6cd99ba6ad6/build]   | [INFO] \u2502     \u2502  \u2514\u2500 \u2714 Inner Inner Test should pass - 0.301s\n[09f151eb-eb78-42a4-86d6-c6cd99ba6ad6/build]   | [INFO] \u2502     \u2514\u2500 \u252c\u2500 Nested Sample Inner Test Inner Inner Test Inner Inner Inner Test - 0.711s\n[09f151eb-eb78-42a4-86d6-c6cd99ba6ad6/build]   | [INFO] \u2502        \u2502  \u2514\u2500 \u2714 Inner Inner Inner Test should pass - 0.401s\n[09f151eb-eb78-42a4-86d6-c6cd99ba6ad6/build]   | [INFO] \u251c\u2500 \u2500\u2500 Nested Sample First Inner Test - 0.103s\n[09f151eb-eb78-42a4-86d6-c6cd99ba6ad6/build]   | [INFO] \u2502     \u2514\u2500 \u2714 FirstInnerTest should show up - 0.101s\n[09f151eb-eb78-42a4-86d6-c6cd99ba6ad6/build]   | [INFO] \u251c\u2500 org.apache.maven.plugin.surefire.report.ConsoleTreeReporterTest - 0.745s\n[09f151eb-eb78-42a4-86d6-c6cd99ba6ad6/build]   | [INFO] \u2502  \u251c\u2500 \u2714 testSetStarting - 0.269s\n[09f151eb-eb78-42a4-86d6-c6cd99ba6ad6/build]   | [INFO] \u2502  \u2514\u2500 \u2714 testSetCompleted - 0.027s\n[09f151eb-eb78-42a4-86d6-c6cd99ba6ad6/build]   | [INFO] \u251c\u2500 My main test class - 0.013s\n[09f151eb-eb78-42a4-86d6-c6cd99ba6ad6/build]   | [INFO] \u2502  \u251c\u2500 \u2714 Should pass - 0.001s\n[09f151eb-eb78-42a4-86d6-c6cd99ba6ad6/build]   | [INFO] \u2502  \u251c\u2500 \u2714 Should pass again - 0.001s\n[09f151eb-eb78-42a4-86d6-c6cd99ba6ad6/build]   | [INFO] \u2502  \u251c\u2500 \u2714 Should pass for the 3rd time - 0.001s\n[09f151eb-eb78-42a4-86d6-c6cd99ba6ad6/build]   | [INFO] \u2502  \u2514\u2500 \u2714 Should pass for the 4th time - 0.001s\n[09f151eb-eb78-42a4-86d6-c6cd99ba6ad6/build]   | [INFO] \u251c\u2500 \u2500\u2500 My main test class My inner test class - 0.004s\n[09f151eb-eb78-42a4-86d6-c6cd99ba6ad6/build]   | [INFO] \u2502     \u251c\u2500 \u21b7 My first inner test should not pass (supposed to fail) - 0s\n[09f151eb-eb78-42a4-86d6-c6cd99ba6ad6/build]   | [INFO] \u2502     \u2514\u2500 \u21b7 My second inner test should be skipped (for demonstration purposes) - 0s\n[09f151eb-eb78-42a4-86d6-c6cd99ba6ad6/build]   | [INFO] \n[09f151eb-eb78-42a4-86d6-c6cd99ba6ad6/build]   | [INFO] Results:\n[09f151eb-eb78-42a4-86d6-c6cd99ba6ad6/build]   | [INFO] \n[09f151eb-eb78-42a4-86d6-c6cd99ba6ad6/build]   | [WARNING] Tests run: 26, Failures: 0, Errors: 0, Skipped: 2\n[09f151eb-eb78-42a4-86d6-c6cd99ba6ad6/build]   | [INFO] \n[09f151eb-eb78-42a4-86d6-c6cd99ba6ad6/build]   | [INFO] \n[09f151eb-eb78-42a4-86d6-c6cd99ba6ad6/build]   | [INFO] --- maven-jar-plugin:2.4:jar (default-jar) @ maven-surefire-junit5-tree-reporter ---\n[09f151eb-eb78-42a4-86d6-c6cd99ba6ad6/build]   | [INFO] Building jar: /tmp/3d783ea4-1661-11ee-8a50-bb14de238602/fabriciorby-maven-surefire-junit5-tree-reporter/target/maven-surefire-junit5-tree-reporter-1.2.1.jar\n[09f151eb-eb78-42a4-86d6-c6cd99ba6ad6/build]   | [INFO] \n[09f151eb-eb78-42a4-86d6-c6cd99ba6ad6/build]   | [INFO] >>> maven-source-plugin:3.2.1:jar (attach-sources) > generate-sources @ maven-surefire-junit5-tree-reporter >>>\n[09f151eb-eb78-42a4-86d6-c6cd99ba6ad6/build]   | [INFO] \n[09f151eb-eb78-42a4-86d6-c6cd99ba6ad6/build]   | [INFO] <<< maven-source-plugin:3.2.1:jar (attach-sources) < generate-sources @ maven-surefire-junit5-tree-reporter <<<\n[09f151eb-eb78-42a4-86d6-c6cd99ba6ad6/build]   | [INFO] \n[09f151eb-eb78-42a4-86d6-c6cd99ba6ad6/build]   | [INFO] \n[09f151eb-eb78-42a4-86d6-c6cd99ba6ad6/build]   | [INFO] --- maven-source-plugin:3.2.1:jar (attach-sources) @ maven-surefire-junit5-tree-reporter ---\n[09f151eb-eb78-42a4-86d6-c6cd99ba6ad6/build]   | [INFO] Building jar: /tmp/3d783ea4-1661-11ee-8a50-bb14de238602/fabriciorby-maven-surefire-junit5-tree-reporter/target/maven-surefire-junit5-tree-reporter-1.2.1-sources.jar\n[09f151eb-eb78-42a4-86d6-c6cd99ba6ad6/build]   | [INFO] \n[09f151eb-eb78-42a4-86d6-c6cd99ba6ad6/build]   | [INFO] --- maven-javadoc-plugin:3.2.0:jar (attach-javadocs) @ maven-surefire-junit5-tree-reporter ---\n[09f151eb-eb78-42a4-86d6-c6cd99ba6ad6/build]   | [INFO] No previous run data found, generating javadoc.\n[09f151eb-eb78-42a4-86d6-c6cd99ba6ad6/build]   | [INFO] \n[09f151eb-eb78-42a4-86d6-c6cd99ba6ad6/build]   | Loading source files for package org.apache.maven.plugin.surefire.report...\n[09f151eb-eb78-42a4-86d6-c6cd99ba6ad6/build]   | Loading source files for package org.apache.maven.plugin.surefire.extensions.junit5...\n[09f151eb-eb78-42a4-86d6-c6cd99ba6ad6/build]   | Loading source files for package org.apache.maven.plugin.surefire.loader...\n[09f151eb-eb78-42a4-86d6-c6cd99ba6ad6/build]   | Constructing Javadoc information...\n[09f151eb-eb78-42a4-86d6-c6cd99ba6ad6/build]   | Standard Doclet version 1.8.0_372\n[09f151eb-eb78-42a4-86d6-c6cd99ba6ad6/build]   | Building tree for all the packages and classes...\n[09f151eb-eb78-42a4-86d6-c6cd99ba6ad6/build]   | Generating /tmp/3d783ea4-1661-11ee-8a50-bb14de238602/fabriciorby-maven-surefire-junit5-tree-reporter/target/apidocs/org/apache/maven/plugin/surefire/report/ConsoleTreeReporter.html...\n[09f151eb-eb78-42a4-86d6-c6cd99ba6ad6/build]   | Generating /tmp/3d783ea4-1661-11ee-8a50-bb14de238602/fabriciorby-maven-surefire-junit5-tree-reporter/target/apidocs/org/apache/maven/plugin/surefire/report/ReporterOptions.html...\n[09f151eb-eb78-42a4-86d6-c6cd99ba6ad6/build]   | Generating /tmp/3d783ea4-1661-11ee-8a50-bb14de238602/fabriciorby-maven-surefire-junit5-tree-reporter/target/apidocs/org/apache/maven/plugin/surefire/report/ReporterOptions.Builder.html...\n[09f151eb-eb78-42a4-86d6-c6cd99ba6ad6/build]   | Generating /tmp/3d783ea4-1661-11ee-8a50-bb14de238602/fabriciorby-maven-surefire-junit5-tree-reporter/target/apidocs/org/apache/maven/plugin/surefire/report/TestReportHandler.html...\n[09f151eb-eb78-42a4-86d6-c6cd99ba6ad6/build]   | Generating /tmp/3d783ea4-1661-11ee-8a50-bb14de238602/fabriciorby-maven-surefire-junit5-tree-reporter/target/apidocs/org/apache/maven/plugin/surefire/report/TextFormatter.html...\n[09f151eb-eb78-42a4-86d6-c6cd99ba6ad6/build]   | Generating /tmp/3d783ea4-1661-11ee-8a50-bb14de238602/fabriciorby-maven-surefire-junit5-tree-reporter/target/apidocs/org/apache/maven/plugin/surefire/report/Theme.html...\n[09f151eb-eb78-42a4-86d6-c6cd99ba6ad6/build]   | Generating /tmp/3d783ea4-1661-11ee-8a50-bb14de238602/fabriciorby-maven-surefire-junit5-tree-reporter/target/apidocs/org/apache/maven/plugin/surefire/report/TreePrinter.html...\n[09f151eb-eb78-42a4-86d6-c6cd99ba6ad6/build]   | Generating /tmp/3d783ea4-1661-11ee-8a50-bb14de238602/fabriciorby-maven-surefire-junit5-tree-reporter/target/apidocs/org/apache/maven/plugin/surefire/extensions/junit5/JUnit5StatelessTestsetInfoTreeReporter.html...\n[09f151eb-eb78-42a4-86d6-c6cd99ba6ad6/build]   | Generating /tmp/3d783ea4-1661-11ee-8a50-bb14de238602/fabriciorby-maven-surefire-junit5-tree-reporter/target/apidocs/org/apache/maven/plugin/surefire/extensions/junit5/JUnit5StatelessTestsetInfoTreeReporterUnicode.html...\n[09f151eb-eb78-42a4-86d6-c6cd99ba6ad6/build]   | Generating /tmp/3d783ea4-1661-11ee-8a50-bb14de238602/fabriciorby-maven-surefire-junit5-tree-reporter/target/apidocs/org/apache/maven/plugin/surefire/loader/SurefireClassLoaderModifier.html...\n[09f151eb-eb78-42a4-86d6-c6cd99ba6ad6/build]   | Generating /tmp/3d783ea4-1661-11ee-8a50-bb14de238602/fabriciorby-maven-surefire-junit5-tree-reporter/target/apidocs/overview-frame.html...\n[09f151eb-eb78-42a4-86d6-c6cd99ba6ad6/build]   | Generating /tmp/3d783ea4-1661-11ee-8a50-bb14de238602/fabriciorby-maven-surefire-junit5-tree-reporter/target/apidocs/org/apache/maven/plugin/surefire/extensions/junit5/package-frame.html...\n[09f151eb-eb78-42a4-86d6-c6cd99ba6ad6/build]   | Generating /tmp/3d783ea4-1661-11ee-8a50-bb14de238602/fabriciorby-maven-surefire-junit5-tree-reporter/target/apidocs/org/apache/maven/plugin/surefire/extensions/junit5/package-summary.html...\n[09f151eb-eb78-42a4-86d6-c6cd99ba6ad6/build]   | Generating /tmp/3d783ea4-1661-11ee-8a50-bb14de238602/fabriciorby-maven-surefire-junit5-tree-reporter/target/apidocs/org/apache/maven/plugin/surefire/extensions/junit5/package-tree.html...\n[09f151eb-eb78-42a4-86d6-c6cd99ba6ad6/build]   | Generating /tmp/3d783ea4-1661-11ee-8a50-bb14de238602/fabriciorby-maven-surefire-junit5-tree-reporter/target/apidocs/org/apache/maven/plugin/surefire/loader/package-frame.html...\n[09f151eb-eb78-42a4-86d6-c6cd99ba6ad6/build]   | Generating /tmp/3d783ea4-1661-11ee-8a50-bb14de238602/fabriciorby-maven-surefire-junit5-tree-reporter/target/apidocs/org/apache/maven/plugin/surefire/loader/package-summary.html...\n[09f151eb-eb78-42a4-86d6-c6cd99ba6ad6/build]   | Generating /tmp/3d783ea4-1661-11ee-8a50-bb14de238602/fabriciorby-maven-surefire-junit5-tree-reporter/target/apidocs/org/apache/maven/plugin/surefire/loader/package-tree.html...\n[09f151eb-eb78-42a4-86d6-c6cd99ba6ad6/build]   | Generating /tmp/3d783ea4-1661-11ee-8a50-bb14de238602/fabriciorby-maven-surefire-junit5-tree-reporter/target/apidocs/org/apache/maven/plugin/surefire/report/package-frame.html...\n[09f151eb-eb78-42a4-86d6-c6cd99ba6ad6/build]   | Generating /tmp/3d783ea4-1661-11ee-8a50-bb14de238602/fabriciorby-maven-surefire-junit5-tree-reporter/target/apidocs/org/apache/maven/plugin/surefire/report/package-summary.html...\n[09f151eb-eb78-42a4-86d6-c6cd99ba6ad6/build]   | Generating /tmp/3d783ea4-1661-11ee-8a50-bb14de238602/fabriciorby-maven-surefire-junit5-tree-reporter/target/apidocs/org/apache/maven/plugin/surefire/report/package-tree.html...\n[09f151eb-eb78-42a4-86d6-c6cd99ba6ad6/build]   | Generating /tmp/3d783ea4-1661-11ee-8a50-bb14de238602/fabriciorby-maven-surefire-junit5-tree-reporter/target/apidocs/constant-values.html...\n[09f151eb-eb78-42a4-86d6-c6cd99ba6ad6/build]   | Generating /tmp/3d783ea4-1661-11ee-8a50-bb14de238602/fabriciorby-maven-surefire-junit5-tree-reporter/target/apidocs/org/apache/maven/plugin/surefire/report/class-use/ReporterOptions.html...\n[09f151eb-eb78-42a4-86d6-c6cd99ba6ad6/build]   | Generating /tmp/3d783ea4-1661-11ee-8a50-bb14de238602/fabriciorby-maven-surefire-junit5-tree-reporter/target/apidocs/org/apache/maven/plugin/surefire/report/class-use/ReporterOptions.Builder.html...\n[09f151eb-eb78-42a4-86d6-c6cd99ba6ad6/build]   | Generating /tmp/3d783ea4-1661-11ee-8a50-bb14de238602/fabriciorby-maven-surefire-junit5-tree-reporter/target/apidocs/org/apache/maven/plugin/surefire/report/class-use/TreePrinter.html...\n[09f151eb-eb78-42a4-86d6-c6cd99ba6ad6/build]   | Generating /tmp/3d783ea4-1661-11ee-8a50-bb14de238602/fabriciorby-maven-surefire-junit5-tree-reporter/target/apidocs/org/apache/maven/plugin/surefire/report/class-use/ConsoleTreeReporter.html...\n[09f151eb-eb78-42a4-86d6-c6cd99ba6ad6/build]   | Generating /tmp/3d783ea4-1661-11ee-8a50-bb14de238602/fabriciorby-maven-surefire-junit5-tree-reporter/target/apidocs/org/apache/maven/plugin/surefire/report/class-use/TestReportHandler.html...\n[09f151eb-eb78-42a4-86d6-c6cd99ba6ad6/build]   | Generating /tmp/3d783ea4-1661-11ee-8a50-bb14de238602/fabriciorby-maven-surefire-junit5-tree-reporter/target/apidocs/org/apache/maven/plugin/surefire/report/class-use/TextFormatter.html...\n[09f151eb-eb78-42a4-86d6-c6cd99ba6ad6/build]   | Generating /tmp/3d783ea4-1661-11ee-8a50-bb14de238602/fabriciorby-maven-surefire-junit5-tree-reporter/target/apidocs/org/apache/maven/plugin/surefire/report/class-use/Theme.html...\n[09f151eb-eb78-42a4-86d6-c6cd99ba6ad6/build]   | Generating /tmp/3d783ea4-1661-11ee-8a50-bb14de238602/fabriciorby-maven-surefire-junit5-tree-reporter/target/apidocs/org/apache/maven/plugin/surefire/extensions/junit5/class-use/JUnit5StatelessTestsetInfoTreeReporter.html...\n[09f151eb-eb78-42a4-86d6-c6cd99ba6ad6/build]   | Generating /tmp/3d783ea4-1661-11ee-8a50-bb14de238602/fabriciorby-maven-surefire-junit5-tree-reporter/target/apidocs/org/apache/maven/plugin/surefire/extensions/junit5/class-use/JUnit5StatelessTestsetInfoTreeReporterUnicode.html...\n[09f151eb-eb78-42a4-86d6-c6cd99ba6ad6/build]   | Generating /tmp/3d783ea4-1661-11ee-8a50-bb14de238602/fabriciorby-maven-surefire-junit5-tree-reporter/target/apidocs/org/apache/maven/plugin/surefire/loader/class-use/SurefireClassLoaderModifier.html...\n[09f151eb-eb78-42a4-86d6-c6cd99ba6ad6/build]   | Generating /tmp/3d783ea4-1661-11ee-8a50-bb14de238602/fabriciorby-maven-surefire-junit5-tree-reporter/target/apidocs/org/apache/maven/plugin/surefire/extensions/junit5/package-use.html...\n[09f151eb-eb78-42a4-86d6-c6cd99ba6ad6/build]   | Generating /tmp/3d783ea4-1661-11ee-8a50-bb14de238602/fabriciorby-maven-surefire-junit5-tree-reporter/target/apidocs/org/apache/maven/plugin/surefire/loader/package-use.html...\n[09f151eb-eb78-42a4-86d6-c6cd99ba6ad6/build]   | Generating /tmp/3d783ea4-1661-11ee-8a50-bb14de238602/fabriciorby-maven-surefire-junit5-tree-reporter/target/apidocs/org/apache/maven/plugin/surefire/report/package-use.html...\n[09f151eb-eb78-42a4-86d6-c6cd99ba6ad6/build]   | Building index for all the packages and classes...\n[09f151eb-eb78-42a4-86d6-c6cd99ba6ad6/build]   | Generating /tmp/3d783ea4-1661-11ee-8a50-bb14de238602/fabriciorby-maven-surefire-junit5-tree-reporter/target/apidocs/overview-tree.html...\n[09f151eb-eb78-42a4-86d6-c6cd99ba6ad6/build]   | Generating /tmp/3d783ea4-1661-11ee-8a50-bb14de238602/fabriciorby-maven-surefire-junit5-tree-reporter/target/apidocs/index-all.html...\n[09f151eb-eb78-42a4-86d6-c6cd99ba6ad6/build]   | Generating /tmp/3d783ea4-1661-11ee-8a50-bb14de238602/fabriciorby-maven-surefire-junit5-tree-reporter/target/apidocs/deprecated-list.html...\n[09f151eb-eb78-42a4-86d6-c6cd99ba6ad6/build]   | Building index for all classes...\n[09f151eb-eb78-42a4-86d6-c6cd99ba6ad6/build]   | Generating /tmp/3d783ea4-1661-11ee-8a50-bb14de238602/fabriciorby-maven-surefire-junit5-tree-reporter/target/apidocs/allclasses-frame.html...\n[09f151eb-eb78-42a4-86d6-c6cd99ba6ad6/build]   | Generating /tmp/3d783ea4-1661-11ee-8a50-bb14de238602/fabriciorby-maven-surefire-junit5-tree-reporter/target/apidocs/allclasses-noframe.html...\n[09f151eb-eb78-42a4-86d6-c6cd99ba6ad6/build]   | Generating /tmp/3d783ea4-1661-11ee-8a50-bb14de238602/fabriciorby-maven-surefire-junit5-tree-reporter/target/apidocs/index.html...\n[09f151eb-eb78-42a4-86d6-c6cd99ba6ad6/build]   | Generating /tmp/3d783ea4-1661-11ee-8a50-bb14de238602/fabriciorby-maven-surefire-junit5-tree-reporter/target/apidocs/overview-summary.html...\n[09f151eb-eb78-42a4-86d6-c6cd99ba6ad6/build]   | Generating /tmp/3d783ea4-1661-11ee-8a50-bb14de238602/fabriciorby-maven-surefire-junit5-tree-reporter/target/apidocs/help-doc.html...\n[09f151eb-eb78-42a4-86d6-c6cd99ba6ad6/build]   | [INFO] Building jar: /tmp/3d783ea4-1661-11ee-8a50-bb14de238602/fabriciorby-maven-surefire-junit5-tree-reporter/target/maven-surefire-junit5-tree-reporter-1.2.1-javadoc.jar\n[09f151eb-eb78-42a4-86d6-c6cd99ba6ad6/build]   | [INFO] ------------------------------------------------------------------------\n[09f151eb-eb78-42a4-86d6-c6cd99ba6ad6/build]   | [INFO] BUILD SUCCESS\n[09f151eb-eb78-42a4-86d6-c6cd99ba6ad6/build]   | [INFO] ------------------------------------------------------------------------\n[09f151eb-eb78-42a4-86d6-c6cd99ba6ad6/build]   | [INFO] Total time:  46.771 s\n[09f151eb-eb78-42a4-86d6-c6cd99ba6ad6/build]   | [INFO] Finished at: 2023-06-29T14:46:57Z\n[09f151eb-eb78-42a4-86d6-c6cd99ba6ad6/build]   | [INFO] ------------------------------------------------------------------------\n[09f151eb-eb78-42a4-86d6-c6cd99ba6ad6/build]   \u2705  Success - Main Build with Maven\n[09f151eb-eb78-42a4-86d6-c6cd99ba6ad6/build] \u2b50 Run Main Set up Apache Maven Central\n[09f151eb-eb78-42a4-86d6-c6cd99ba6ad6/build]   \ud83d\udc33  docker cp src=/tmp/act-cache/5b408e0b-a08f-480c-b9ff-802ba8ab3064/act/actions-setup-java@v3/ dst=/var/run/act/actions/actions-setup-java@v3/\n[09f151eb-eb78-42a4-86d6-c6cd99ba6ad6/build]   \ud83d\udc33  docker exec cmd=[chown -R 1012:1013 /var/run/act/actions/actions-setup-java@v3/] user=0 workdir=\n[09f151eb-eb78-42a4-86d6-c6cd99ba6ad6/build]   \ud83d\udc33  docker exec cmd=[node /var/run/act/actions/actions-setup-java@v3/dist/setup/index.js] user= workdir=\n[09f151eb-eb78-42a4-86d6-c6cd99ba6ad6/build]   \u2753  ::group::Installed distributions\n[09f151eb-eb78-42a4-86d6-c6cd99ba6ad6/build]   \ud83d\udcac  ::debug::isExplicit: 8.0.372-7\n[09f151eb-eb78-42a4-86d6-c6cd99ba6ad6/build]   \ud83d\udcac  ::debug::explicit? true\n[09f151eb-eb78-42a4-86d6-c6cd99ba6ad6/build]   | Resolved Java 8.0.372+7 from tool-cache\n[09f151eb-eb78-42a4-86d6-c6cd99ba6ad6/build]   | Setting Java 8.0.372+7 as the default\n[09f151eb-eb78-42a4-86d6-c6cd99ba6ad6/build]   | Creating toolchains.xml for JDK version 8 from temurin\n[09f151eb-eb78-42a4-86d6-c6cd99ba6ad6/build]   | Overwriting existing file /home/runneradmin/.m2/toolchains.xml\n[09f151eb-eb78-42a4-86d6-c6cd99ba6ad6/build]   | \n[09f151eb-eb78-42a4-86d6-c6cd99ba6ad6/build]   | Java configuration:\n[09f151eb-eb78-42a4-86d6-c6cd99ba6ad6/build]   |   Distribution: temurin\n[09f151eb-eb78-42a4-86d6-c6cd99ba6ad6/build]   |   Version: 8.0.372+7\n[09f151eb-eb78-42a4-86d6-c6cd99ba6ad6/build]   |   Path: /opt/hostedtoolcache/Java_Temurin-Hotspot_jdk/8.0.372-7/x64\n[09f151eb-eb78-42a4-86d6-c6cd99ba6ad6/build]   | \n[09f151eb-eb78-42a4-86d6-c6cd99ba6ad6/build]   \u2753  ::endgroup::\n[09f151eb-eb78-42a4-86d6-c6cd99ba6ad6/build]   \u2753 add-matcher /run/act/actions/actions-setup-java@v3/.github/java.json\n[09f151eb-eb78-42a4-86d6-c6cd99ba6ad6/build]   | Creating settings.xml with server-id: maven-central\n[09f151eb-eb78-42a4-86d6-c6cd99ba6ad6/build]   | Overwriting existing file /home/runneradmin/.m2/settings.xml\n[09f151eb-eb78-42a4-86d6-c6cd99ba6ad6/build]   \ud83d\udcac  ::debug::followSymbolicLinks 'true'\n[09f151eb-eb78-42a4-86d6-c6cd99ba6ad6/build]   \ud83d\udcac  ::debug::followSymbolicLinks 'true'\n[09f151eb-eb78-42a4-86d6-c6cd99ba6ad6/build]   \ud83d\udcac  ::debug::implicitDescendants 'true'\n[09f151eb-eb78-42a4-86d6-c6cd99ba6ad6/build]   \ud83d\udcac  ::debug::matchDirectories 'true'\n[09f151eb-eb78-42a4-86d6-c6cd99ba6ad6/build]   \ud83d\udcac  ::debug::omitBrokenSymbolicLinks 'true'\n[09f151eb-eb78-42a4-86d6-c6cd99ba6ad6/build]   \ud83d\udcac  ::debug::Search path '/tmp/3d783ea4-1661-11ee-8a50-bb14de238602/fabriciorby-maven-surefire-junit5-tree-reporter'\n[09f151eb-eb78-42a4-86d6-c6cd99ba6ad6/build]   \ud83d\udcac  ::debug::/tmp/3d783ea4-1661-11ee-8a50-bb14de238602/fabriciorby-maven-surefire-junit5-tree-reporter/pom.xml\n[09f151eb-eb78-42a4-86d6-c6cd99ba6ad6/build]   \ud83d\udcac  ::debug::Found 1 files to hash.\n[09f151eb-eb78-42a4-86d6-c6cd99ba6ad6/build]   \ud83d\udcac  ::debug::primary key is setup-java-Linux-maven-68a63a3ac4cecf0d72aaa6752cdda555f29319a939469de00494937f3290a33f\n[09f151eb-eb78-42a4-86d6-c6cd99ba6ad6/build]   \ud83d\udcac  ::debug::Resolved Keys:\n[09f151eb-eb78-42a4-86d6-c6cd99ba6ad6/build]   \ud83d\udcac  ::debug::[\"setup-java-Linux-maven-68a63a3ac4cecf0d72aaa6752cdda555f29319a939469de00494937f3290a33f\"]\n[09f151eb-eb78-42a4-86d6-c6cd99ba6ad6/build]   \ud83d\udcac  ::debug::Checking zstd --version\n[09f151eb-eb78-42a4-86d6-c6cd99ba6ad6/build]   \ud83d\udcac  ::debug::*** zstd command line interface 64-bits v1.5.0, by Yann Collet ***\n[09f151eb-eb78-42a4-86d6-c6cd99ba6ad6/build]   \ud83d\udcac  ::debug::Resource Url: http://130.242.72.40:44141/_apis/artifactcache/cache?keys=setup-java-Linux-maven-68a63a3ac4cecf0d72aaa6752cdda555f29319a939469de00494937f3290a33f&version=cf689304ceab961b43dfb969452ae56d000a022b1f5d36fc5110e872a51021d1\n[09f151eb-eb78-42a4-86d6-c6cd99ba6ad6/build]   \ud83d\udcac  ::debug::Failed to delete archive: Error: ENOENT: no such file or directory, unlink ''\n[09f151eb-eb78-42a4-86d6-c6cd99ba6ad6/build]   | maven cache is not found\n[09f151eb-eb78-42a4-86d6-c6cd99ba6ad6/build]   \u2705  Success - Main Set up Apache Maven Central\n[09f151eb-eb78-42a4-86d6-c6cd99ba6ad6/build]   \u2699  ::set-env:: JAVA_HOME=/opt/hostedtoolcache/Java_Temurin-Hotspot_jdk/8.0.372-7/x64\n[09f151eb-eb78-42a4-86d6-c6cd99ba6ad6/build]   \u2699  ::set-env:: JAVA_HOME_8_X64=/opt/hostedtoolcache/Java_Temurin-Hotspot_jdk/8.0.372-7/x64\n[09f151eb-eb78-42a4-86d6-c6cd99ba6ad6/build]   \u2699  ::set-output:: distribution=Temurin-Hotspot\n[09f151eb-eb78-42a4-86d6-c6cd99ba6ad6/build]   \u2699  ::set-output:: path=/opt/hostedtoolcache/Java_Temurin-Hotspot_jdk/8.0.372-7/x64\n[09f151eb-eb78-42a4-86d6-c6cd99ba6ad6/build]   \u2699  ::set-output:: version=8.0.372+7\n[09f151eb-eb78-42a4-86d6-c6cd99ba6ad6/build]   \u2699  ::set-output:: cache-hit=false\n[09f151eb-eb78-42a4-86d6-c6cd99ba6ad6/build]   \u2699  ::add-path:: /opt/hostedtoolcache/Java_Temurin-Hotspot_jdk/8.0.372-7/x64/bin\n[09f151eb-eb78-42a4-86d6-c6cd99ba6ad6/build] \u2b50 Run Main Publish to Apache Maven Central\n[09f151eb-eb78-42a4-86d6-c6cd99ba6ad6/build]   \ud83d\udc33  docker exec cmd=[bash --noprofile --norc -e -o pipefail /var/run/act/workflow/4] user= workdir=\n[09f151eb-eb78-42a4-86d6-c6cd99ba6ad6/build]   | [INFO] Scanning for projects...\n[09f151eb-eb78-42a4-86d6-c6cd99ba6ad6/build]   | [INFO] Inspecting build with total of 1 modules...\n[09f151eb-eb78-42a4-86d6-c6cd99ba6ad6/build]   | [INFO] Installing Nexus Staging features:\n[09f151eb-eb78-42a4-86d6-c6cd99ba6ad6/build]   | [INFO]   ... total of 1 executions of maven-deploy-plugin replaced with nexus-staging-maven-plugin\n[09f151eb-eb78-42a4-86d6-c6cd99ba6ad6/build]   | [INFO] \n[09f151eb-eb78-42a4-86d6-c6cd99ba6ad6/build]   | [INFO] ---------< me.fabriciorby:maven-surefire-junit5-tree-reporter >---------\n[09f151eb-eb78-42a4-86d6-c6cd99ba6ad6/build]   | [INFO] Building maven-surefire-junit5-tree-reporter 1.2.1\n[09f151eb-eb78-42a4-86d6-c6cd99ba6ad6/build]   | [INFO] --------------------------------[ jar ]---------------------------------\n[09f151eb-eb78-42a4-86d6-c6cd99ba6ad6/build]   | [INFO] \n[09f151eb-eb78-42a4-86d6-c6cd99ba6ad6/build]   | [INFO] --- maven-resources-plugin:2.6:resources (default-resources) @ maven-surefire-junit5-tree-reporter ---\n[09f151eb-eb78-42a4-86d6-c6cd99ba6ad6/build]   | [INFO] Using 'UTF-8' encoding to copy filtered resources.\n[09f151eb-eb78-42a4-86d6-c6cd99ba6ad6/build]   | [INFO] skip non existing resourceDirectory /tmp/3d783ea4-1661-11ee-8a50-bb14de238602/fabriciorby-maven-surefire-junit5-tree-reporter/src/main/resources\n[09f151eb-eb78-42a4-86d6-c6cd99ba6ad6/build]   | [INFO] \n[09f151eb-eb78-42a4-86d6-c6cd99ba6ad6/build]   | [INFO] --- maven-compiler-plugin:3.1:compile (default-compile) @ maven-surefire-junit5-tree-reporter ---\n[09f151eb-eb78-42a4-86d6-c6cd99ba6ad6/build]   | [INFO] Nothing to compile - all classes are up to date\n[09f151eb-eb78-42a4-86d6-c6cd99ba6ad6/build]   | [INFO] \n[09f151eb-eb78-42a4-86d6-c6cd99ba6ad6/build]   | [INFO] --- maven-resources-plugin:2.6:testResources (default-testResources) @ maven-surefire-junit5-tree-reporter ---\n[09f151eb-eb78-42a4-86d6-c6cd99ba6ad6/build]   | [INFO] Using 'UTF-8' encoding to copy filtered resources.\n[09f151eb-eb78-42a4-86d6-c6cd99ba6ad6/build]   | [INFO] skip non existing resourceDirectory /tmp/3d783ea4-1661-11ee-8a50-bb14de238602/fabriciorby-maven-surefire-junit5-tree-reporter/src/test/resources\n[09f151eb-eb78-42a4-86d6-c6cd99ba6ad6/build]   | [INFO] \n[09f151eb-eb78-42a4-86d6-c6cd99ba6ad6/build]   | [INFO] --- maven-compiler-plugin:3.1:testCompile (default-testCompile) @ maven-surefire-junit5-tree-reporter ---\n[09f151eb-eb78-42a4-86d6-c6cd99ba6ad6/build]   | [INFO] Nothing to compile - all classes are up to date\n[09f151eb-eb78-42a4-86d6-c6cd99ba6ad6/build]   | [INFO] \n[09f151eb-eb78-42a4-86d6-c6cd99ba6ad6/build]   | [INFO] --- maven-surefire-plugin:3.1.0:test (default-test) @ maven-surefire-junit5-tree-reporter ---\n[09f151eb-eb78-42a4-86d6-c6cd99ba6ad6/build]   | [INFO] Using auto detected provider org.apache.maven.surefire.junitplatform.JUnitPlatformProvider\n[09f151eb-eb78-42a4-86d6-c6cd99ba6ad6/build]   | [INFO] \n[09f151eb-eb78-42a4-86d6-c6cd99ba6ad6/build]   | [INFO] -------------------------------------------------------\n[09f151eb-eb78-42a4-86d6-c6cd99ba6ad6/build]   | [INFO]  T E S T S\n[09f151eb-eb78-42a4-86d6-c6cd99ba6ad6/build]   | [INFO] -------------------------------------------------------\n[09f151eb-eb78-42a4-86d6-c6cd99ba6ad6/build]   | [INFO] \u251c\u2500 Parameterized Sample Test - 0.148s\n[09f151eb-eb78-42a4-86d6-c6cd99ba6ad6/build]   | [INFO] \u2502  \u251c\u2500 \u2714 1 + 1 = 2 - 0.031s\n[09f151eb-eb78-42a4-86d6-c6cd99ba6ad6/build]   | [INFO] \u2502  \u251c\u2500 \u2714 add(int, int, int) 0 + 1 = 1 - 0.026s\n[09f151eb-eb78-42a4-86d6-c6cd99ba6ad6/build]   | [INFO] \u2502  \u251c\u2500 \u2714 add(int, int, int) 1 + 2 = 3 - 0.002s\n[09f151eb-eb78-42a4-86d6-c6cd99ba6ad6/build]   | [INFO] \u2502  \u251c\u2500 \u2714 add(int, int, int) 49 + 51 = 100 - 0.002s\n[09f151eb-eb78-42a4-86d6-c6cd99ba6ad6/build]   | [INFO] \u2502  \u2514\u2500 \u2714 add(int, int, int) 1 + 100 = 101 - 0.001s\n[09f151eb-eb78-42a4-86d6-c6cd99ba6ad6/build]   | [INFO] \u251c\u2500 Long Name Sample Test - 0.014s\n[09f151eb-eb78-42a4-86d6-c6cd99ba6ad6/build]   | [INFO] \u2502  \u251c\u2500 \u2714 Test normalization and abbreviation of test report[1] [For that deep wound it gives my friend and me!, Is\u2019t not enough to torture me alone,, But slave to slavery my sweet\u2019st fri... - 0.002s\n[09f151eb-eb78-42a4-86d6-c6cd99ba6ad6/build]   | [INFO] \u2502  \u251c\u2500 \u2714 Test normalization and abbreviation of test report[2] [When my love swears that she is made of truth , I do believe her, though I know she lies, , That she might think me some u... - 0.001s\n[09f151eb-eb78-42a4-86d6-c6cd99ba6ad6/build]   | [INFO] \u2502  \u2514\u2500 \u2714 Test normalization and abbreviation of test report[3] [Two loves I have of comfort and despair, , Which like two spirits do suggest me still: , The better angel is a man right f... - 0.001s\n[09f151eb-eb78-42a4-86d6-c6cd99ba6ad6/build]   | [INFO] \u251c\u2500 DynamicExampleTest - 0.012s\n[09f151eb-eb78-42a4-86d6-c6cd99ba6ad6/build]   | [INFO] \u2502  \u251c\u2500 \u2714 Calculating Add test - 0.002s\n[09f151eb-eb78-42a4-86d6-c6cd99ba6ad6/build]   | [INFO] \u2502  \u251c\u2500 \u2714 Calculating Multiply Test - 0.001s\n[09f151eb-eb78-42a4-86d6-c6cd99ba6ad6/build]   | [INFO] \u2502  \u251c\u2500 \u2714 dynamicTestsWithCollection() Add test - 0s\n[09f151eb-eb78-42a4-86d6-c6cd99ba6ad6/build]   | [INFO] \u2502  \u2514\u2500 \u2714 dynamicTestsWithCollection() Multiply Test - 0s\n[09f151eb-eb78-42a4-86d6-c6cd99ba6ad6/build]   | [INFO] \u251c\u2500 Nested Sample - 1.634s\n[09f151eb-eb78-42a4-86d6-c6cd99ba6ad6/build]   | [INFO] \u2502  \u251c\u2500 \u2714 Should pass - 0.101s\n[09f151eb-eb78-42a4-86d6-c6cd99ba6ad6/build]   | [INFO] \u2502  \u2514\u2500 \u2714 Should pass2 - 0.502s\n[09f151eb-eb78-42a4-86d6-c6cd99ba6ad6/build]   | [INFO] \u251c\u2500 \u252c\u2500 Nested Sample Inner Test - 0.104s\n[09f151eb-eb78-42a4-86d6-c6cd99ba6ad6/build]   | [INFO] \u2502  \u2502  \u2514\u2500 \u2714 Inner test should pass - 0.202s\n[09f151eb-eb78-42a4-86d6-c6cd99ba6ad6/build]   | [INFO] \u2502  \u2514\u2500 \u252c\u2500 Nested Sample Inner Test Inner Inner Test - 0.919s\n[09f151eb-eb78-42a4-86d6-c6cd99ba6ad6/build]   | [INFO] \u2502     \u2502  \u2514\u2500 \u2714 Inner Inner Test should pass - 0.301s\n[09f151eb-eb78-42a4-86d6-c6cd99ba6ad6/build]   | [INFO] \u2502     \u2514\u2500 \u252c\u2500 Nested Sample Inner Test Inner Inner Test Inner Inner Inner Test - 0.713s\n[09f151eb-eb78-42a4-86d6-c6cd99ba6ad6/build]   | [INFO] \u2502        \u2502  \u2514\u2500 \u2714 Inner Inner Inner Test should pass - 0.402s\n[09f151eb-eb78-42a4-86d6-c6cd99ba6ad6/build]   | [INFO] \u251c\u2500 \u2500\u2500 Nested Sample First Inner Test - 0.104s\n[09f151eb-eb78-42a4-86d6-c6cd99ba6ad6/build]   | [INFO] \u2502     \u2514\u2500 \u2714 FirstInnerTest should show up - 0.101s\n[09f151eb-eb78-42a4-86d6-c6cd99ba6ad6/build]   | [INFO] \u251c\u2500 org.apache.maven.plugin.surefire.report.ConsoleTreeReporterTest - 0.74s\n[09f151eb-eb78-42a4-86d6-c6cd99ba6ad6/build]   | [INFO] \u2502  \u251c\u2500 \u2714 testSetStarting - 0.262s\n[09f151eb-eb78-42a4-86d6-c6cd99ba6ad6/build]   | [INFO] \u2502  \u2514\u2500 \u2714 testSetCompleted - 0.02s\n[09f151eb-eb78-42a4-86d6-c6cd99ba6ad6/build]   | [INFO] \u251c\u2500 My main test class - 0.015s\n[09f151eb-eb78-42a4-86d6-c6cd99ba6ad6/build]   | [INFO] \u2502  \u251c\u2500 \u2714 Should pass - 0.001s\n[09f151eb-eb78-42a4-86d6-c6cd99ba6ad6/build]   | [INFO] \u2502  \u251c\u2500 \u2714 Should pass again - 0.001s\n[09f151eb-eb78-42a4-86d6-c6cd99ba6ad6/build]   | [INFO] \u2502  \u251c\u2500 \u2714 Should pass for the 3rd time - 0.001s\n[09f151eb-eb78-42a4-86d6-c6cd99ba6ad6/build]   | [INFO] \u2502  \u2514\u2500 \u2714 Should pass for the 4th time - 0.001s\n[09f151eb-eb78-42a4-86d6-c6cd99ba6ad6/build]   | [INFO] \u251c\u2500 \u2500\u2500 My main test class My inner test class - 0.004s\n[09f151eb-eb78-42a4-86d6-c6cd99ba6ad6/build]   | [INFO] \u2502     \u251c\u2500 \u21b7 My first inner test should not pass (supposed to fail) - 0s\n[09f151eb-eb78-42a4-86d6-c6cd99ba6ad6/build]   | [INFO] \u2502     \u2514\u2500 \u21b7 My second inner test should be skipped (for demonstration purposes) - 0s\n[09f151eb-eb78-42a4-86d6-c6cd99ba6ad6/build]   | [INFO] \n[09f151eb-eb78-42a4-86d6-c6cd99ba6ad6/build]   | [INFO] Results:\n[09f151eb-eb78-42a4-86d6-c6cd99ba6ad6/build]   | [INFO] \n[09f151eb-eb78-42a4-86d6-c6cd99ba6ad6/build]   | [WARNING] Tests run: 26, Failures: 0, Errors: 0, Skipped: 2\n[09f151eb-eb78-42a4-86d6-c6cd99ba6ad6/build]   | [INFO] \n[09f151eb-eb78-42a4-86d6-c6cd99ba6ad6/build]   | [INFO] \n[09f151eb-eb78-42a4-86d6-c6cd99ba6ad6/build]   | [INFO] --- maven-jar-plugin:2.4:jar (default-jar) @ maven-surefire-junit5-tree-reporter ---\n[09f151eb-eb78-42a4-86d6-c6cd99ba6ad6/build]   | [INFO] \n[09f151eb-eb78-42a4-86d6-c6cd99ba6ad6/build]   | [INFO] >>> maven-source-plugin:3.2.1:jar (attach-sources) > generate-sources @ maven-surefire-junit5-tree-reporter >>>\n[09f151eb-eb78-42a4-86d6-c6cd99ba6ad6/build]   | [INFO] \n[09f151eb-eb78-42a4-86d6-c6cd99ba6ad6/build]   | [INFO] <<< maven-source-plugin:3.2.1:jar (attach-sources) < generate-sources @ maven-surefire-junit5-tree-reporter <<<\n[09f151eb-eb78-42a4-86d6-c6cd99ba6ad6/build]   | [INFO] \n[09f151eb-eb78-42a4-86d6-c6cd99ba6ad6/build]   | [INFO] \n[09f151eb-eb78-42a4-86d6-c6cd99ba6ad6/build]   | [INFO] --- maven-source-plugin:3.2.1:jar (attach-sources) @ maven-surefire-junit5-tree-reporter ---\n[09f151eb-eb78-42a4-86d6-c6cd99ba6ad6/build]   | [INFO] \n[09f151eb-eb78-42a4-86d6-c6cd99ba6ad6/build]   | [INFO] --- maven-javadoc-plugin:3.2.0:jar (attach-javadocs) @ maven-surefire-junit5-tree-reporter ---\n[09f151eb-eb78-42a4-86d6-c6cd99ba6ad6/build]   | [INFO] Skipping javadoc generation, everything is up to date.\n[09f151eb-eb78-42a4-86d6-c6cd99ba6ad6/build]   | [INFO] Building jar: /tmp/3d783ea4-1661-11ee-8a50-bb14de238602/fabriciorby-maven-surefire-junit5-tree-reporter/target/maven-surefire-junit5-tree-reporter-1.2.1-javadoc.jar\n[09f151eb-eb78-42a4-86d6-c6cd99ba6ad6/build]   | [INFO] \n[09f151eb-eb78-42a4-86d6-c6cd99ba6ad6/build]   | [INFO] --- maven-gpg-plugin:1.6:sign (sign-artifacts) @ maven-surefire-junit5-tree-reporter ---\n[09f151eb-eb78-42a4-86d6-c6cd99ba6ad6/build]   | gpg: directory '/home/runneradmin/.gnupg' created\n[09f151eb-eb78-42a4-86d6-c6cd99ba6ad6/build]   | gpg: keybox '/home/runneradmin/.gnupg/pubring.kbx' created\n[09f151eb-eb78-42a4-86d6-c6cd99ba6ad6/build]   | gpg: no default secret key: No secret key\n[09f151eb-eb78-42a4-86d6-c6cd99ba6ad6/build]   | gpg: signing failed: No secret key\n[09f151eb-eb78-42a4-86d6-c6cd99ba6ad6/build]   | [INFO] ------------------------------------------------------------------------\n[09f151eb-eb78-42a4-86d6-c6cd99ba6ad6/build]   | [INFO] BUILD FAILURE\n[09f151eb-eb78-42a4-86d6-c6cd99ba6ad6/build]   | [INFO] ------------------------------------------------------------------------\n[09f151eb-eb78-42a4-86d6-c6cd99ba6ad6/build]   | [INFO] Total time:  9.810 s\n[09f151eb-eb78-42a4-86d6-c6cd99ba6ad6/build]   | [INFO] Finished at: 2023-06-29T14:47:22Z\n[09f151eb-eb78-42a4-86d6-c6cd99ba6ad6/build]   | [INFO] ------------------------------------------------------------------------\n[09f151eb-eb78-42a4-86d6-c6cd99ba6ad6/build]   | [ERROR] Failed to execute goal org.apache.maven.plugins:maven-gpg-plugin:1.6:sign (sign-artifacts) on project maven-surefire-junit5-tree-reporter: Exit code: 2 -> [Help 1]\n[09f151eb-eb78-42a4-86d6-c6cd99ba6ad6/build]   | [ERROR] \n[09f151eb-eb78-42a4-86d6-c6cd99ba6ad6/build]   | [ERROR] To see the full stack trace of the errors, re-run Maven with the -e switch.\n[09f151eb-eb78-42a4-86d6-c6cd99ba6ad6/build]   | [ERROR] Re-run Maven using the -X switch to enable full debug logging.\n[09f151eb-eb78-42a4-86d6-c6cd99ba6ad6/build]   | [ERROR] \n[09f151eb-eb78-42a4-86d6-c6cd99ba6ad6/build]   | [ERROR] For more information about the errors and possible solutions, please read the following articles:\n[09f151eb-eb78-42a4-86d6-c6cd99ba6ad6/build]   | [ERROR] [Help 1] http://cwiki.apache.org/confluence/display/MAVEN/MojoExecutionException\n[09f151eb-eb78-42a4-86d6-c6cd99ba6ad6/build]   \u274c  Failure - Main Publish to Apache Maven Central\n[09f151eb-eb78-42a4-86d6-c6cd99ba6ad6/build] exitcode '1': failure\n[09f151eb-eb78-42a4-86d6-c6cd99ba6ad6/build] \u2b50 Run Post Set up Apache Maven Central\n[09f151eb-eb78-42a4-86d6-c6cd99ba6ad6/build]   \ud83d\udc33  docker exec cmd=[node /var/run/act/actions/actions-setup-java@v3/dist/cleanup/index.js] user= workdir=\n[09f151eb-eb78-42a4-86d6-c6cd99ba6ad6/build]   \ud83d\udcac  ::debug::Checking zstd --version\n[09f151eb-eb78-42a4-86d6-c6cd99ba6ad6/build]   \ud83d\udcac  ::debug::*** zstd command line interface 64-bits v1.5.0, by Yann Collet ***\n[09f151eb-eb78-42a4-86d6-c6cd99ba6ad6/build]   \ud83d\udcac  ::debug::implicitDescendants 'false'\n[09f151eb-eb78-42a4-86d6-c6cd99ba6ad6/build]   \ud83d\udcac  ::debug::followSymbolicLinks 'true'\n[09f151eb-eb78-42a4-86d6-c6cd99ba6ad6/build]   \ud83d\udcac  ::debug::implicitDescendants 'false'\n[09f151eb-eb78-42a4-86d6-c6cd99ba6ad6/build]   \ud83d\udcac  ::debug::omitBrokenSymbolicLinks 'true'\n[09f151eb-eb78-42a4-86d6-c6cd99ba6ad6/build]   \ud83d\udcac  ::debug::Search path '/home/runneradmin/.m2/repository'\n[09f151eb-eb78-42a4-86d6-c6cd99ba6ad6/build]   \ud83d\udcac  ::debug::Matched: ../../../home/runneradmin/.m2/repository\n[09f151eb-eb78-42a4-86d6-c6cd99ba6ad6/build]   \ud83d\udcac  ::debug::Cache Paths:\n[09f151eb-eb78-42a4-86d6-c6cd99ba6ad6/build]   \ud83d\udcac  ::debug::[\"../../../home/runneradmin/.m2/repository\"]\n[09f151eb-eb78-42a4-86d6-c6cd99ba6ad6/build]   \ud83d\udcac  ::debug::Archive Path: /tmp/c3c5ce03-c6b3-436e-8b86-63208ff0ba45/cache.tzst\n[09f151eb-eb78-42a4-86d6-c6cd99ba6ad6/build]   | [command]/usr/bin/tar --posix --use-compress-program zstdmt -cf cache.tzst --exclude cache.tzst -P -C /tmp/3d783ea4-1661-11ee-8a50-bb14de238602/fabriciorby-maven-surefire-junit5-tree-reporter --files-from manifest.txt\n[09f151eb-eb78-42a4-86d6-c6cd99ba6ad6/build]   \ud83d\udcac  ::debug::File Size: 37609288\n[09f151eb-eb78-42a4-86d6-c6cd99ba6ad6/build]   \ud83d\udcac  ::debug::Reserving Cache\n[09f151eb-eb78-42a4-86d6-c6cd99ba6ad6/build]   \ud83d\udcac  ::debug::Resource Url: http://130.242.72.40:44141/_apis/artifactcache/caches\n[09f151eb-eb78-42a4-86d6-c6cd99ba6ad6/build]   \ud83d\udcac  ::debug::Saving Cache (ID: 1)\n[09f151eb-eb78-42a4-86d6-c6cd99ba6ad6/build]   \ud83d\udcac  ::debug::Upload cache\n[09f151eb-eb78-42a4-86d6-c6cd99ba6ad6/build]   \ud83d\udcac  ::debug::Resource Url: http://130.242.72.40:44141/_apis/artifactcache/caches/1\n[09f151eb-eb78-42a4-86d6-c6cd99ba6ad6/build]   \ud83d\udcac  ::debug::Upload concurrency: 4\n[09f151eb-eb78-42a4-86d6-c6cd99ba6ad6/build]   \ud83d\udcac  ::debug::Upload chunk size: 33554432\n[09f151eb-eb78-42a4-86d6-c6cd99ba6ad6/build]   \ud83d\udcac  ::debug::Awaiting all uploads\n[09f151eb-eb78-42a4-86d6-c6cd99ba6ad6/build]   \ud83d\udcac  ::debug::Uploading chunk of size 33554432 bytes at offset 0 with content range: bytes 0-33554431/*\n[09f151eb-eb78-42a4-86d6-c6cd99ba6ad6/build]   \ud83d\udcac  ::debug::Uploading chunk of size 4054856 bytes at offset 33554432 with content range: bytes 33554432-37609287/*\n[09f151eb-eb78-42a4-86d6-c6cd99ba6ad6/build]   \ud83d\udcac  ::debug::Commiting cache\n[09f151eb-eb78-42a4-86d6-c6cd99ba6ad6/build]   | Cache Size: ~36 MB (37609288 B)\n[09f151eb-eb78-42a4-86d6-c6cd99ba6ad6/build]   \ud83d\udcac  ::debug::Resource Url: http://130.242.72.40:44141/_apis/artifactcache/caches/1\n[09f151eb-eb78-42a4-86d6-c6cd99ba6ad6/build]   | Cache saved successfully\n[09f151eb-eb78-42a4-86d6-c6cd99ba6ad6/build]   | Cache saved with the key: setup-java-Linux-maven-68a63a3ac4cecf0d72aaa6752cdda555f29319a939469de00494937f3290a33f\n[09f151eb-eb78-42a4-86d6-c6cd99ba6ad6/build]   \u2705  Success - Post Set up Apache Maven Central\n[09f151eb-eb78-42a4-86d6-c6cd99ba6ad6/build] \u2b50 Run Post Set up JDK 8\n[09f151eb-eb78-42a4-86d6-c6cd99ba6ad6/build]   \ud83d\udc33  docker exec cmd=[node /var/run/act/actions/actions-setup-java@v3/dist/cleanup/index.js] user= workdir=\n[09f151eb-eb78-42a4-86d6-c6cd99ba6ad6/build]   \ud83d\udcac  ::debug::Checking zstd --version\n[09f151eb-eb78-42a4-86d6-c6cd99ba6ad6/build]   \ud83d\udcac  ::debug::*** zstd command line interface 64-bits v1.5.0, by Yann Collet ***\n[09f151eb-eb78-42a4-86d6-c6cd99ba6ad6/build]   \ud83d\udcac  ::debug::implicitDescendants 'false'\n[09f151eb-eb78-42a4-86d6-c6cd99ba6ad6/build]   \ud83d\udcac  ::debug::followSymbolicLinks 'true'\n[09f151eb-eb78-42a4-86d6-c6cd99ba6ad6/build]   \ud83d\udcac  ::debug::implicitDescendants 'false'\n[09f151eb-eb78-42a4-86d6-c6cd99ba6ad6/build]   \ud83d\udcac  ::debug::omitBrokenSymbolicLinks 'true'\n[09f151eb-eb78-42a4-86d6-c6cd99ba6ad6/build]   \ud83d\udcac  ::debug::Search path '/home/runneradmin/.m2/repository'\n[09f151eb-eb78-42a4-86d6-c6cd99ba6ad6/build]   \ud83d\udcac  ::debug::Matched: ../../../home/runneradmin/.m2/repository\n[09f151eb-eb78-42a4-86d6-c6cd99ba6ad6/build]   \ud83d\udcac  ::debug::Cache Paths:\n[09f151eb-eb78-42a4-86d6-c6cd99ba6ad6/build]   \ud83d\udcac  ::debug::[\"../../../home/runneradmin/.m2/repository\"]\n[09f151eb-eb78-42a4-86d6-c6cd99ba6ad6/build]   \ud83d\udcac  ::debug::Archive Path: /tmp/1c0c57a0-0e88-4339-af8f-e52ccea9f599/cache.tzst\n[09f151eb-eb78-42a4-86d6-c6cd99ba6ad6/build]   | [command]/usr/bin/tar --posix --use-compress-program zstdmt -cf cache.tzst --exclude cache.tzst -P -C /tmp/3d783ea4-1661-11ee-8a50-bb14de238602/fabriciorby-maven-surefire-junit5-tree-reporter --files-from manifest.txt\n[09f151eb-eb78-42a4-86d6-c6cd99ba6ad6/build]   \ud83d\udcac  ::debug::File Size: 37600894\n[09f151eb-eb78-42a4-86d6-c6cd99ba6ad6/build]   \ud83d\udcac  ::debug::Reserving Cache\n[09f151eb-eb78-42a4-86d6-c6cd99ba6ad6/build]   \ud83d\udcac  ::debug::Resource Url: http://130.242.72.40:44141/_apis/artifactcache/caches\n[09f151eb-eb78-42a4-86d6-c6cd99ba6ad6/build]   \ud83d\udea7  ::warning::Failed to save: {\"error\":\"already exist\"}\n[09f151eb-eb78-42a4-86d6-c6cd99ba6ad6/build]   | Cache saved with the key: setup-java-Linux-maven-68a63a3ac4cecf0d72aaa6752cdda555f29319a939469de00494937f3290a33f\n[09f151eb-eb78-42a4-86d6-c6cd99ba6ad6/build]   \u2705  Success - Post Set up JDK 8\n[09f151eb-eb78-42a4-86d6-c6cd99ba6ad6/build] \ud83c\udfc1  Job failed\n",
        "stderr": "time=\"2023-06-29T16:47:47+02:00\" level=error msg=\"POST /_apis/artifactcache/caches: already exist\" module=artifactcache\nError: Job 'build' failed\n",
        "workflow": "/tmp/3d783ea4-1661-11ee-8a50-bb14de238602/fabriciorby-maven-surefire-junit5-tree-reporter/.github/workflows/maven-publish-crawler.yml",
        "build_tool": "maven",
        "elapsed_time": 220.0439419746399
    }
}