{
    "repository": "gluonhq/gluonfx-gradle-plugin",
    "stars": 88,
    "language": "java",
    "size": 296,
    "clone_url": "https://github.com/gluonhq/gluonfx-gradle-plugin.git",
    "timestamp": "2023-06-29T14:05:57.073921Z",
    "clone_success": true,
    "number_of_actions": 2,
    "number_of_test_actions": 1,
    "actions_successful": false,
    "actions_build_tools": [
        "gradle",
        "gradle"
    ],
    "actions_test_build_tools": [
        "gradle"
    ],
    "actions_run": {
        "failed": true,
        "tests": [],
        "stdout": "[9bceb86e-8526-4f1c-83b9-606d244498bb/build] \ud83d\ude80  Start image=crawlergpt:latest\n[9bceb86e-8526-4f1c-83b9-606d244498bb/build]   \ud83d\udc33  docker pull image=crawlergpt:latest platform= username= forcePull=false\n[9bceb86e-8526-4f1c-83b9-606d244498bb/build]   \ud83d\udc33  docker create image=crawlergpt:latest platform= entrypoint=[\"tail\" \"-f\" \"/dev/null\"] cmd=[]\n[9bceb86e-8526-4f1c-83b9-606d244498bb/build]   \ud83d\udc33  docker run image=crawlergpt:latest platform= entrypoint=[\"tail\" \"-f\" \"/dev/null\"] cmd=[]\n[9bceb86e-8526-4f1c-83b9-606d244498bb/build]   \ud83d\udc33  docker exec cmd=[chown -R 1012:1013 /tmp/3d783ea4-1661-11ee-8a50-bb14de238602/gluonhq-gluonfx-gradle-plugin] user=0 workdir=\n[9bceb86e-8526-4f1c-83b9-606d244498bb/build]   \u2601  git clone 'https://github.com/actions/setup-java' # ref=v1\n[9bceb86e-8526-4f1c-83b9-606d244498bb/build]   \u2601  git clone 'https://github.com/release-drafter/release-drafter' # ref=v5\n[9bceb86e-8526-4f1c-83b9-606d244498bb/build] \u2b50 Run Main Checkout\n[9bceb86e-8526-4f1c-83b9-606d244498bb/build]   \u2705  Success - Main Checkout\n[9bceb86e-8526-4f1c-83b9-606d244498bb/build] \u2b50 Run Main Setup Java 11 and Apache Maven\n[9bceb86e-8526-4f1c-83b9-606d244498bb/build]   \ud83d\udc33  docker cp src=/tmp/act-cache/658221b4-d73b-46d1-b1cb-a9da2117dc88/act/actions-setup-java@v1/ dst=/var/run/act/actions/actions-setup-java@v1/\n[9bceb86e-8526-4f1c-83b9-606d244498bb/build]   \ud83d\udc33  docker exec cmd=[chown -R 1012:1013 /var/run/act/actions/actions-setup-java@v1/] user=0 workdir=\n[9bceb86e-8526-4f1c-83b9-606d244498bb/build]   \ud83d\udc33  docker exec cmd=[node /var/run/act/actions/actions-setup-java@v1/dist/setup/index.js] user= workdir=\n[9bceb86e-8526-4f1c-83b9-606d244498bb/build]   \ud83d\udcac  ::debug::isExplicit: \n[9bceb86e-8526-4f1c-83b9-606d244498bb/build]   \ud83d\udcac  ::debug::explicit? false\n[9bceb86e-8526-4f1c-83b9-606d244498bb/build]   \ud83d\udcac  ::debug::evaluating 0 versions\n[9bceb86e-8526-4f1c-83b9-606d244498bb/build]   \ud83d\udcac  ::debug::match not found\n[9bceb86e-8526-4f1c-83b9-606d244498bb/build]   \ud83d\udcac  ::debug::Downloading JDK from Azul\n[9bceb86e-8526-4f1c-83b9-606d244498bb/build]   \ud83d\udcac  ::debug::Searching for files with extension: -linux_x64.tar.gz\n[9bceb86e-8526-4f1c-83b9-606d244498bb/build]   \ud83d\udcac  ::debug::Downloading https://static.azul.com/zulu/bin/zulu11.64.19-ca-jdk11.0.19-linux_x64.tar.gz\n[9bceb86e-8526-4f1c-83b9-606d244498bb/build]   \ud83d\udcac  ::debug::Downloading /tmp/ca1a5285-210c-471d-a008-9296677270b5\n[9bceb86e-8526-4f1c-83b9-606d244498bb/build]   \ud83d\udcac  ::debug::download complete\n[9bceb86e-8526-4f1c-83b9-606d244498bb/build]   | [command]/usr/bin/tar --version\n[9bceb86e-8526-4f1c-83b9-606d244498bb/build]   | tar (GNU tar) 1.30\n[9bceb86e-8526-4f1c-83b9-606d244498bb/build]   | Copyright (C) 2017 Free Software Foundation, Inc.\n[9bceb86e-8526-4f1c-83b9-606d244498bb/build]   | License GPLv3+: GNU GPL version 3 or later <https://gnu.org/licenses/gpl.html>.\n[9bceb86e-8526-4f1c-83b9-606d244498bb/build]   | This is free software: you are free to change and redistribute it.\n[9bceb86e-8526-4f1c-83b9-606d244498bb/build]   | There is NO WARRANTY, to the extent permitted by law.\n[9bceb86e-8526-4f1c-83b9-606d244498bb/build]   | \n[9bceb86e-8526-4f1c-83b9-606d244498bb/build]   | Written by John Gilmore and Jay Fenlason.\n[9bceb86e-8526-4f1c-83b9-606d244498bb/build]   | [command]/usr/bin/tar xz --warning=no-unknown-keyword -C /tmp/temp_1154955621 -f /tmp/ca1a5285-210c-471d-a008-9296677270b5\n[9bceb86e-8526-4f1c-83b9-606d244498bb/build]   \ud83d\udcac  ::debug::jdk extracted to /tmp/temp_1154955621/zulu11.64.19-ca-jdk11.0.19-linux_x64\n[9bceb86e-8526-4f1c-83b9-606d244498bb/build]   \ud83d\udcac  ::debug::Caching tool jdk 11.0.19 x64\n[9bceb86e-8526-4f1c-83b9-606d244498bb/build]   \ud83d\udcac  ::debug::source dir: /tmp/temp_1154955621/zulu11.64.19-ca-jdk11.0.19-linux_x64\n[9bceb86e-8526-4f1c-83b9-606d244498bb/build]   \ud83d\udcac  ::debug::destination /opt/hostedtoolcache/jdk/11.0.19/x64\n[9bceb86e-8526-4f1c-83b9-606d244498bb/build]   \ud83d\udcac  ::debug::finished caching tool\n[9bceb86e-8526-4f1c-83b9-606d244498bb/build]   \u2753 add-matcher /run/act/actions/actions-setup-java@v1/.github/java.json\n[9bceb86e-8526-4f1c-83b9-606d244498bb/build]   | creating settings.xml with server-id: github; environment variables: username=$GITHUB_ACTOR, password=$GITHUB_TOKEN, and gpg-passphrase=null\n[9bceb86e-8526-4f1c-83b9-606d244498bb/build]   \ud83d\udcac  ::debug::created directory /home/runneradmin/.m2\n[9bceb86e-8526-4f1c-83b9-606d244498bb/build]   | writing /home/runneradmin/.m2/settings.xml\n[9bceb86e-8526-4f1c-83b9-606d244498bb/build]   \u2705  Success - Main Setup Java 11 and Apache Maven\n[9bceb86e-8526-4f1c-83b9-606d244498bb/build]   \u2699  ::set-env:: JAVA_HOME_11.0.19_x64=/opt/hostedtoolcache/jdk/11.0.19/x64\n[9bceb86e-8526-4f1c-83b9-606d244498bb/build]   \u2699  ::set-env:: JAVA_HOME=/opt/hostedtoolcache/jdk/11.0.19/x64\n[9bceb86e-8526-4f1c-83b9-606d244498bb/build]   \u2699  ::set-env:: JAVA_HOME_11_0_19_X64=/opt/hostedtoolcache/jdk/11.0.19/x64\n[9bceb86e-8526-4f1c-83b9-606d244498bb/build]   \u2699  ::set-output:: path=/opt/hostedtoolcache/jdk/11.0.19/x64\n[9bceb86e-8526-4f1c-83b9-606d244498bb/build]   \u2699  ::set-output:: version=11.0.19\n[9bceb86e-8526-4f1c-83b9-606d244498bb/build]   \u2699  ::add-path:: /opt/hostedtoolcache/jdk/11.0.19/x64/bin\n[9bceb86e-8526-4f1c-83b9-606d244498bb/build] \u2b50 Run Main Grant execute permission for gradlew\n[9bceb86e-8526-4f1c-83b9-606d244498bb/build]   \ud83d\udc33  docker exec cmd=[bash --noprofile --norc -e -o pipefail /var/run/act/workflow/2] user= workdir=\n[9bceb86e-8526-4f1c-83b9-606d244498bb/build]   \u2705  Success - Main Grant execute permission for gradlew\n[9bceb86e-8526-4f1c-83b9-606d244498bb/build] \u2b50 Run Main Build project\n[9bceb86e-8526-4f1c-83b9-606d244498bb/build]   \ud83d\udc33  docker exec cmd=[bash --noprofile --norc -e -o pipefail /var/run/act/workflow/3] user= workdir=\n[9bceb86e-8526-4f1c-83b9-606d244498bb/build]   | Downloading https://services.gradle.org/distributions/gradle-6.3-bin.zip\n[9bceb86e-8526-4f1c-83b9-606d244498bb/build]   | .........10%..........20%..........30%.........40%..........50%..........60%.........70%..........80%..........90%..........100%\n[9bceb86e-8526-4f1c-83b9-606d244498bb/build]   | Initialized native services in: /home/runneradmin/.gradle/native\n[9bceb86e-8526-4f1c-83b9-606d244498bb/build]   | \n[9bceb86e-8526-4f1c-83b9-606d244498bb/build]   | Welcome to Gradle 6.3!\n[9bceb86e-8526-4f1c-83b9-606d244498bb/build]   | \n[9bceb86e-8526-4f1c-83b9-606d244498bb/build]   | Here are the highlights of this release:\n[9bceb86e-8526-4f1c-83b9-606d244498bb/build]   |  - Java 14 support\n[9bceb86e-8526-4f1c-83b9-606d244498bb/build]   |  - Improved error messages for unexpected failures\n[9bceb86e-8526-4f1c-83b9-606d244498bb/build]   | \n[9bceb86e-8526-4f1c-83b9-606d244498bb/build]   | For more details see https://docs.gradle.org/6.3/release-notes.html\n[9bceb86e-8526-4f1c-83b9-606d244498bb/build]   | \n[9bceb86e-8526-4f1c-83b9-606d244498bb/build]   | Removing 0 daemon stop events from registry\n[9bceb86e-8526-4f1c-83b9-606d244498bb/build]   | Starting a Gradle Daemon (subsequent builds will be faster)\n[9bceb86e-8526-4f1c-83b9-606d244498bb/build]   | Starting process 'Gradle build daemon'. Working directory: /home/runneradmin/.gradle/daemon/6.3 Command: /opt/hostedtoolcache/jdk/11.0.19/x64/bin/java --add-opens java.base/java.util=ALL-UNNAMED --add-opens java.base/java.lang=ALL-UNNAMED --add-opens java.base/java.lang.invoke=ALL-UNNAMED --add-opens java.prefs/java.util.prefs=ALL-UNNAMED -XX:MaxMetaspaceSize=256m -XX:+HeapDumpOnOutOfMemoryError -Xms256m -Xmx512m -Dfile.encoding=UTF-8 -Duser.country -Duser.language=en -Duser.variant -cp /home/runneradmin/.gradle/wrapper/dists/gradle-6.3-bin/8tpu6egwsccjzp10c1jckl0rx/gradle-6.3/lib/gradle-launcher-6.3.jar org.gradle.launcher.daemon.bootstrap.GradleDaemon 6.3\n[9bceb86e-8526-4f1c-83b9-606d244498bb/build]   | Successfully started process 'Gradle build daemon'\n[9bceb86e-8526-4f1c-83b9-606d244498bb/build]   | An attempt to start the daemon took 1.591 secs.\n[9bceb86e-8526-4f1c-83b9-606d244498bb/build]   | The client will now receive all logging from the daemon (pid: 134). The daemon log file: /home/runneradmin/.gradle/daemon/6.3/daemon-134.out.log\n[9bceb86e-8526-4f1c-83b9-606d244498bb/build]   | Starting build in new daemon [memory: 536.9 MB]\n[9bceb86e-8526-4f1c-83b9-606d244498bb/build]   | Closing daemon's stdin at end of input.\n[9bceb86e-8526-4f1c-83b9-606d244498bb/build]   | The daemon will no longer process any standard input.\n[9bceb86e-8526-4f1c-83b9-606d244498bb/build]   | Using 128 worker leases.\n[9bceb86e-8526-4f1c-83b9-606d244498bb/build]   | Starting Build\n[9bceb86e-8526-4f1c-83b9-606d244498bb/build]   | Compiling settings file '/tmp/3d783ea4-1661-11ee-8a50-bb14de238602/gluonhq-gluonfx-gradle-plugin/settings.gradle' using SubsetScriptTransformer.\n[9bceb86e-8526-4f1c-83b9-606d244498bb/build]   | Compiling settings file '/tmp/3d783ea4-1661-11ee-8a50-bb14de238602/gluonhq-gluonfx-gradle-plugin/settings.gradle' using BuildScriptTransformer.\n[9bceb86e-8526-4f1c-83b9-606d244498bb/build]   | Settings evaluated using settings file '/tmp/3d783ea4-1661-11ee-8a50-bb14de238602/gluonhq-gluonfx-gradle-plugin/settings.gradle'.\n[9bceb86e-8526-4f1c-83b9-606d244498bb/build]   | Projects loaded. Root project using build file '/tmp/3d783ea4-1661-11ee-8a50-bb14de238602/gluonhq-gluonfx-gradle-plugin/build.gradle'.\n[9bceb86e-8526-4f1c-83b9-606d244498bb/build]   | Included projects: [root project 'gluonfx-gradle-plugin']\n[9bceb86e-8526-4f1c-83b9-606d244498bb/build]   | \n[9bceb86e-8526-4f1c-83b9-606d244498bb/build]   | > Configure project :\n[9bceb86e-8526-4f1c-83b9-606d244498bb/build]   | Evaluating root project 'gluonfx-gradle-plugin' using build file '/tmp/3d783ea4-1661-11ee-8a50-bb14de238602/gluonhq-gluonfx-gradle-plugin/build.gradle'.\n[9bceb86e-8526-4f1c-83b9-606d244498bb/build]   | Compiling build file '/tmp/3d783ea4-1661-11ee-8a50-bb14de238602/gluonhq-gluonfx-gradle-plugin/build.gradle' using SubsetScriptTransformer.\n[9bceb86e-8526-4f1c-83b9-606d244498bb/build]   | Downloading https://plugins.gradle.org/m2/com/github/hierynomus/license/com.github.hierynomus.license.gradle.plugin/0.15.0/com.github.hierynomus.license.gradle.plugin-0.15.0.pom to /tmp/gradle_download16207880018565888754bin\n[9bceb86e-8526-4f1c-83b9-606d244498bb/build]   | Resource missing. [HTTP HEAD: https://plugins.gradle.org/m2/com/github/hierynomus/license/com.github.hierynomus.license.gradle.plugin/0.15.0/com.github.hierynomus.license.gradle.plugin-0.15.0.jar]\n[9bceb86e-8526-4f1c-83b9-606d244498bb/build]   | Downloading https://plugins.gradle.org/m2/com/gradle/plugin-publish/com.gradle.plugin-publish.gradle.plugin/1.0.0-rc-2/com.gradle.plugin-publish.gradle.plugin-1.0.0-rc-2.pom to /tmp/gradle_download10551588900986575527bin\n[9bceb86e-8526-4f1c-83b9-606d244498bb/build]   | Resource missing. [HTTP HEAD: https://plugins.gradle.org/m2/com/gradle/plugin-publish/com.gradle.plugin-publish.gradle.plugin/1.0.0-rc-2/com.gradle.plugin-publish.gradle.plugin-1.0.0-rc-2.jar]\n[9bceb86e-8526-4f1c-83b9-606d244498bb/build]   | Downloading https://plugins.gradle.org/m2/com/github/ben-manes/versions/com.github.ben-manes.versions.gradle.plugin/0.27.0/com.github.ben-manes.versions.gradle.plugin-0.27.0.pom to /tmp/gradle_download7760715966553388582bin\n[9bceb86e-8526-4f1c-83b9-606d244498bb/build]   | Resource missing. [HTTP HEAD: https://plugins.gradle.org/m2/com/github/ben-manes/versions/com.github.ben-manes.versions.gradle.plugin/0.27.0/com.github.ben-manes.versions.gradle.plugin-0.27.0.jar]\n[9bceb86e-8526-4f1c-83b9-606d244498bb/build]   | Downloading https://plugins.gradle.org/m2/gradle/plugin/com/hierynomus/gradle/plugins/license-gradle-plugin/0.15.0/license-gradle-plugin-0.15.0.pom to /tmp/gradle_download2032999855666470716bin\n[9bceb86e-8526-4f1c-83b9-606d244498bb/build]   | Downloading https://plugins.gradle.org/m2/com/gradle/publish/plugin-publish-plugin/1.0.0-rc-2/plugin-publish-plugin-1.0.0-rc-2.pom to /tmp/gradle_download4707910965161700601bin\n[9bceb86e-8526-4f1c-83b9-606d244498bb/build]   | Downloading https://plugins.gradle.org/m2/com/github/ben-manes/gradle-versions-plugin/0.27.0/gradle-versions-plugin-0.27.0.pom to /tmp/gradle_download9038769742679382813bin\n[9bceb86e-8526-4f1c-83b9-606d244498bb/build]   | Downloading https://plugins.gradle.org/m2/org/codehaus/plexus/plexus-utils/2.0.5/plexus-utils-2.0.5.pom to /tmp/gradle_download8536324377413937398bin\n[9bceb86e-8526-4f1c-83b9-606d244498bb/build]   | Downloading https://plugins.gradle.org/m2/com/mycila/xmltool/xmltool/3.3/xmltool-3.3.pom to /tmp/gradle_download15927355560054314703bin\n[9bceb86e-8526-4f1c-83b9-606d244498bb/build]   | Downloading https://plugins.gradle.org/m2/com/mycila/license-maven-plugin/3.0/license-maven-plugin-3.0.pom to /tmp/gradle_download15512053359710728926bin\n[9bceb86e-8526-4f1c-83b9-606d244498bb/build]   | Downloading https://plugins.gradle.org/m2/org/codehaus/plexus/plexus/2.0.6/plexus-2.0.6.pom to /tmp/gradle_download4591890471518286470bin\n[9bceb86e-8526-4f1c-83b9-606d244498bb/build]   | Downloading https://plugins.gradle.org/m2/com/mycila/license-maven-plugin-parent/3.0/license-maven-plugin-parent-3.0.pom to /tmp/gradle_download11859971514892782756bin\n[9bceb86e-8526-4f1c-83b9-606d244498bb/build]   | Downloading https://plugins.gradle.org/m2/com/mycila/mycila-pom/3/mycila-pom-3.pom to /tmp/gradle_download2799693163923687335bin\n[9bceb86e-8526-4f1c-83b9-606d244498bb/build]   | Downloading https://plugins.gradle.org/m2/org/apache/maven/maven-model/3.6.3/maven-model-3.6.3.pom to /tmp/gradle_download6980934651905043165bin\n[9bceb86e-8526-4f1c-83b9-606d244498bb/build]   | Downloading https://plugins.gradle.org/m2/org/apache/maven/maven/3.6.3/maven-3.6.3.pom to /tmp/gradle_download18368833924544773131bin\n[9bceb86e-8526-4f1c-83b9-606d244498bb/build]   | Downloading https://plugins.gradle.org/m2/org/apache/maven/maven-parent/33/maven-parent-33.pom to /tmp/gradle_download2642190826012298420bin\n[9bceb86e-8526-4f1c-83b9-606d244498bb/build]   | Downloading https://plugins.gradle.org/m2/org/apache/apache/21/apache-21.pom to /tmp/gradle_download4108366532564259669bin\n[9bceb86e-8526-4f1c-83b9-606d244498bb/build]   | Downloading https://plugins.gradle.org/m2/com/thoughtworks/xstream/xstream/1.4.10/xstream-1.4.10.pom to /tmp/gradle_download7643102416092827969bin\n[9bceb86e-8526-4f1c-83b9-606d244498bb/build]   | Downloading https://plugins.gradle.org/m2/com/thoughtworks/xstream/xstream-parent/1.4.10/xstream-parent-1.4.10.pom to /tmp/gradle_download10507481578066646749bin\n[9bceb86e-8526-4f1c-83b9-606d244498bb/build]   | Downloading https://plugins.gradle.org/m2/org/apache/maven/maven-settings/3.0.4/maven-settings-3.0.4.pom to /tmp/gradle_download11723388886768818841bin\n[9bceb86e-8526-4f1c-83b9-606d244498bb/build]   | Downloading https://plugins.gradle.org/m2/com/mycila/mycila-xmltool/4.4.ga/mycila-xmltool-4.4.ga.pom to /tmp/gradle_download1040739293459374291bin\n[9bceb86e-8526-4f1c-83b9-606d244498bb/build]   | Downloading https://plugins.gradle.org/m2/org/apache/maven/maven-settings-builder/3.0.4/maven-settings-builder-3.0.4.pom to /tmp/gradle_download808908790064118597bin\n[9bceb86e-8526-4f1c-83b9-606d244498bb/build]   | Downloading https://plugins.gradle.org/m2/org/springframework/spring-core/3.1.3.RELEASE/spring-core-3.1.3.RELEASE.pom to /tmp/gradle_download2702294531173967043bin\n[9bceb86e-8526-4f1c-83b9-606d244498bb/build]   | Downloading https://plugins.gradle.org/m2/org/apache/maven/maven/3.0.4/maven-3.0.4.pom to /tmp/gradle_download17333882781991669207bin\n[9bceb86e-8526-4f1c-83b9-606d244498bb/build]   | Downloading https://plugins.gradle.org/m2/org/springframework/spring-parent/3.1.3.RELEASE/spring-parent-3.1.3.RELEASE.pom to /tmp/gradle_download3293103787411966716bin\n[9bceb86e-8526-4f1c-83b9-606d244498bb/build]   | Downloading https://plugins.gradle.org/m2/org/apache/maven/maven-parent/21/maven-parent-21.pom to /tmp/gradle_download8979594366258565535bin\n[9bceb86e-8526-4f1c-83b9-606d244498bb/build]   | Downloading https://plugins.gradle.org/m2/org/apache/apache/10/apache-10.pom to /tmp/gradle_download7725289701339969601bin\n[9bceb86e-8526-4f1c-83b9-606d244498bb/build]   | Downloading https://plugins.gradle.org/m2/xpp3/xpp3_min/1.1.4c/xpp3_min-1.1.4c.pom to /tmp/gradle_download9428352465522283014bin\n[9bceb86e-8526-4f1c-83b9-606d244498bb/build]   | Downloading https://plugins.gradle.org/m2/xmlpull/xmlpull/1.1.3.1/xmlpull-1.1.3.1.pom to /tmp/gradle_download16001156658218593795bin\n[9bceb86e-8526-4f1c-83b9-606d244498bb/build]   | Downloading https://plugins.gradle.org/m2/org/codehaus/plexus/plexus-utils/2.0.6/plexus-utils-2.0.6.pom to /tmp/gradle_download11827328151287920981bin\n[9bceb86e-8526-4f1c-83b9-606d244498bb/build]   | Downloading https://plugins.gradle.org/m2/org/codehaus/plexus/plexus/2.0.7/plexus-2.0.7.pom to /tmp/gradle_download16962483437949002558bin\n[9bceb86e-8526-4f1c-83b9-606d244498bb/build]   | Downloading https://plugins.gradle.org/m2/org/codehaus/plexus/plexus-interpolation/1.14/plexus-interpolation-1.14.pom to /tmp/gradle_download10879633708399732287bin\n[9bceb86e-8526-4f1c-83b9-606d244498bb/build]   | Downloading https://plugins.gradle.org/m2/org/codehaus/plexus/plexus-component-annotations/1.5.5/plexus-component-annotations-1.5.5.pom to /tmp/gradle_download16197546309510146000bin\n[9bceb86e-8526-4f1c-83b9-606d244498bb/build]   | Downloading https://plugins.gradle.org/m2/org/sonatype/plexus/plexus-sec-dispatcher/1.3/plexus-sec-dispatcher-1.3.pom to /tmp/gradle_download2874153220181341971bin\n[9bceb86e-8526-4f1c-83b9-606d244498bb/build]   | Downloading https://plugins.gradle.org/m2/org/codehaus/plexus/plexus-containers/1.5.5/plexus-containers-1.5.5.pom to /tmp/gradle_download13965508612612666948bin\n[9bceb86e-8526-4f1c-83b9-606d244498bb/build]   | Downloading https://plugins.gradle.org/m2/org/codehaus/plexus/plexus-components/1.1.18/plexus-components-1.1.18.pom to /tmp/gradle_download17066067930556047432bin\n[9bceb86e-8526-4f1c-83b9-606d244498bb/build]   | Downloading https://plugins.gradle.org/m2/org/sonatype/spice/spice-parent/12/spice-parent-12.pom to /tmp/gradle_download5236139610458140384bin\n[9bceb86e-8526-4f1c-83b9-606d244498bb/build]   | Downloading https://plugins.gradle.org/m2/org/sonatype/forge/forge-parent/4/forge-parent-4.pom to /tmp/gradle_download14186360576068245307bin\n[9bceb86e-8526-4f1c-83b9-606d244498bb/build]   | Downloading https://plugins.gradle.org/m2/commons-logging/commons-logging/1.1.1/commons-logging-1.1.1.pom to /tmp/gradle_download9561301504303258246bin\n[9bceb86e-8526-4f1c-83b9-606d244498bb/build]   | Downloading https://plugins.gradle.org/m2/org/springframework/spring-asm/3.1.3.RELEASE/spring-asm-3.1.3.RELEASE.pom to /tmp/gradle_download3150354076054525137bin\n[9bceb86e-8526-4f1c-83b9-606d244498bb/build]   | Downloading https://plugins.gradle.org/m2/org/apache/commons/commons-parent/5/commons-parent-5.pom to /tmp/gradle_download1009581904878420057bin\n[9bceb86e-8526-4f1c-83b9-606d244498bb/build]   | Downloading https://plugins.gradle.org/m2/org/apache/apache/4/apache-4.pom to /tmp/gradle_download3261333863107575818bin\n[9bceb86e-8526-4f1c-83b9-606d244498bb/build]   | Downloading https://plugins.gradle.org/m2/org/apache/commons/commons-pool2/2.2/commons-pool2-2.2.pom to /tmp/gradle_download8166197153276655784bin\n[9bceb86e-8526-4f1c-83b9-606d244498bb/build]   | Downloading https://plugins.gradle.org/m2/org/apache/commons/commons-parent/33/commons-parent-33.pom to /tmp/gradle_download7987219833650517401bin\n[9bceb86e-8526-4f1c-83b9-606d244498bb/build]   | Downloading https://plugins.gradle.org/m2/org/apache/apache/13/apache-13.pom to /tmp/gradle_download16770039264179174141bin\n[9bceb86e-8526-4f1c-83b9-606d244498bb/build]   | Downloading https://plugins.gradle.org/m2/org/sonatype/plexus/plexus-cipher/1.4/plexus-cipher-1.4.pom to /tmp/gradle_download11586501820533794763bin\n[9bceb86e-8526-4f1c-83b9-606d244498bb/build]   | Downloading https://plugins.gradle.org/m2/gradle/plugin/com/hierynomus/gradle/plugins/license-gradle-plugin/0.15.0/license-gradle-plugin-0.15.0.jar to /tmp/gradle_download16095587913819789708bin\n[9bceb86e-8526-4f1c-83b9-606d244498bb/build]   | Downloading https://plugins.gradle.org/m2/com/github/ben-manes/gradle-versions-plugin/0.27.0/gradle-versions-plugin-0.27.0.jar to /tmp/gradle_download2653510335932444259bin\n[9bceb86e-8526-4f1c-83b9-606d244498bb/build]   | Downloading https://plugins.gradle.org/m2/org/codehaus/plexus/plexus-utils/2.0.6/plexus-utils-2.0.6.jar to /tmp/gradle_download7875857186523540570bin\n[9bceb86e-8526-4f1c-83b9-606d244498bb/build]   | Downloading https://plugins.gradle.org/m2/com/mycila/license-maven-plugin/3.0/license-maven-plugin-3.0.jar to /tmp/gradle_download13364270151662456407bin\n[9bceb86e-8526-4f1c-83b9-606d244498bb/build]   | Downloading https://plugins.gradle.org/m2/org/codehaus/plexus/plexus-component-annotations/1.5.5/plexus-component-annotations-1.5.5.jar to /tmp/gradle_download7800483243990412436bin\n[9bceb86e-8526-4f1c-83b9-606d244498bb/build]   | Downloading https://plugins.gradle.org/m2/org/apache/maven/maven-settings-builder/3.0.4/maven-settings-builder-3.0.4.jar to /tmp/gradle_download18381632979566603126bin\n[9bceb86e-8526-4f1c-83b9-606d244498bb/build]   | Downloading https://plugins.gradle.org/m2/com/mycila/mycila-xmltool/4.4.ga/mycila-xmltool-4.4.ga.jar to /tmp/gradle_download5534522569217487627bin\n[9bceb86e-8526-4f1c-83b9-606d244498bb/build]   | Downloading https://plugins.gradle.org/m2/org/apache/commons/commons-pool2/2.2/commons-pool2-2.2.jar to /tmp/gradle_download4081393252359139074bin\n[9bceb86e-8526-4f1c-83b9-606d244498bb/build]   | Downloading https://plugins.gradle.org/m2/org/apache/maven/maven-settings/3.0.4/maven-settings-3.0.4.jar to /tmp/gradle_download1384282814551931016bin\n[9bceb86e-8526-4f1c-83b9-606d244498bb/build]   | Downloading https://plugins.gradle.org/m2/com/mycila/xmltool/xmltool/3.3/xmltool-3.3.jar to /tmp/gradle_download14595597248035484669bin\n[9bceb86e-8526-4f1c-83b9-606d244498bb/build]   | Downloading https://plugins.gradle.org/m2/org/sonatype/plexus/plexus-cipher/1.4/plexus-cipher-1.4.jar to /tmp/gradle_download13428029306305199457bin\n[9bceb86e-8526-4f1c-83b9-606d244498bb/build]   | Downloading https://plugins.gradle.org/m2/commons-logging/commons-logging/1.1.1/commons-logging-1.1.1.jar to /tmp/gradle_download12619933930065546832bin\n[9bceb86e-8526-4f1c-83b9-606d244498bb/build]   | Downloading https://plugins.gradle.org/m2/com/thoughtworks/xstream/xstream/1.4.10/xstream-1.4.10.jar to /tmp/gradle_download17519667102076604497bin\n[9bceb86e-8526-4f1c-83b9-606d244498bb/build]   | Downloading https://plugins.gradle.org/m2/org/apache/maven/maven-model/3.6.3/maven-model-3.6.3.jar to /tmp/gradle_download89809793676418785bin\n[9bceb86e-8526-4f1c-83b9-606d244498bb/build]   | Downloading https://plugins.gradle.org/m2/org/codehaus/plexus/plexus-interpolation/1.14/plexus-interpolation-1.14.jar to /tmp/gradle_download7291992422483629739bin\n[9bceb86e-8526-4f1c-83b9-606d244498bb/build]   | Downloading https://plugins.gradle.org/m2/xpp3/xpp3_min/1.1.4c/xpp3_min-1.1.4c.jar to /tmp/gradle_download13566940234132704121bin\n[9bceb86e-8526-4f1c-83b9-606d244498bb/build]   | Downloading https://plugins.gradle.org/m2/org/springframework/spring-core/3.1.3.RELEASE/spring-core-3.1.3.RELEASE.jar to /tmp/gradle_download3337563181248336607bin\n[9bceb86e-8526-4f1c-83b9-606d244498bb/build]   | Downloading https://plugins.gradle.org/m2/xmlpull/xmlpull/1.1.3.1/xmlpull-1.1.3.1.jar to /tmp/gradle_download10862195486826348638bin\n[9bceb86e-8526-4f1c-83b9-606d244498bb/build]   | Downloading https://plugins.gradle.org/m2/org/sonatype/plexus/plexus-sec-dispatcher/1.3/plexus-sec-dispatcher-1.3.jar to /tmp/gradle_download8267815677240262530bin\n[9bceb86e-8526-4f1c-83b9-606d244498bb/build]   | Downloading https://plugins.gradle.org/m2/org/springframework/spring-asm/3.1.3.RELEASE/spring-asm-3.1.3.RELEASE.jar to /tmp/gradle_download13923364896818113640bin\n[9bceb86e-8526-4f1c-83b9-606d244498bb/build]   | Downloading https://plugins.gradle.org/m2/com/gradle/publish/plugin-publish-plugin/1.0.0-rc-2/plugin-publish-plugin-1.0.0-rc-2.jar to /tmp/gradle_download3229722357863504254bin\n[9bceb86e-8526-4f1c-83b9-606d244498bb/build]   | Adding license extension\n[9bceb86e-8526-4f1c-83b9-606d244498bb/build]   | Adding download licenses extension\n[9bceb86e-8526-4f1c-83b9-606d244498bb/build]   | Applying defaults to download task: :downloadLicenses\n[9bceb86e-8526-4f1c-83b9-606d244498bb/build]   | Adding licenseMain task for sourceSet main\n[9bceb86e-8526-4f1c-83b9-606d244498bb/build]   | Applying license defaults to task: :licenseMain\n[9bceb86e-8526-4f1c-83b9-606d244498bb/build]   | Applying license defaults to task: :licenseFormatMain\n[9bceb86e-8526-4f1c-83b9-606d244498bb/build]   | Adding licenseTest task for sourceSet test\n[9bceb86e-8526-4f1c-83b9-606d244498bb/build]   | Applying license defaults to task: :licenseTest\n[9bceb86e-8526-4f1c-83b9-606d244498bb/build]   | Applying license defaults to task: :licenseFormatTest\n[9bceb86e-8526-4f1c-83b9-606d244498bb/build]   | Compiling build file '/tmp/3d783ea4-1661-11ee-8a50-bb14de238602/gluonhq-gluonfx-gradle-plugin/build.gradle' using BuildScriptTransformer.\n[9bceb86e-8526-4f1c-83b9-606d244498bb/build]   | All projects evaluated.\n[9bceb86e-8526-4f1c-83b9-606d244498bb/build]   | Selected primary task 'build' from project :\n[9bceb86e-8526-4f1c-83b9-606d244498bb/build]   | Tasks to be executed: [task ':compileJava', task ':pluginDescriptors', task ':processResources', task ':classes', task ':jar', task ':javadoc', task ':javadocJar', task ':sourcesJar', task ':assemble', task ':licenseMain', task ':licenseTest', task ':license', task ':pluginUnderTestMetadata', task ':compileTestJava', task ':processTestResources', task ':testClasses', task ':test', task ':validatePlugins', task ':check', task ':build']\n[9bceb86e-8526-4f1c-83b9-606d244498bb/build]   | Tasks that were excluded: []\n[9bceb86e-8526-4f1c-83b9-606d244498bb/build]   | :compileJava (Thread[Execution worker for ':' Thread 5,5,main]) started.\n[9bceb86e-8526-4f1c-83b9-606d244498bb/build]   | \n[9bceb86e-8526-4f1c-83b9-606d244498bb/build]   | > Task :compileJava\n[9bceb86e-8526-4f1c-83b9-606d244498bb/build]   | Resource missing. [HTTP GET: https://repo.maven.apache.org/maven2/org/openjfx/javafx-plugin/0.0.10/javafx-plugin-0.0.10.pom]\n[9bceb86e-8526-4f1c-83b9-606d244498bb/build]   | Resource missing. [HTTP GET: https://repo.maven.apache.org/maven2/com/gluonhq/substrate/0.0.60-SNAPSHOT/maven-metadata.xml]\n[9bceb86e-8526-4f1c-83b9-606d244498bb/build]   | Resource missing. [HTTP GET: https://repo.maven.apache.org/maven2/com/gluonhq/substrate/0.0.60-SNAPSHOT/substrate-0.0.60-SNAPSHOT.pom]\n[9bceb86e-8526-4f1c-83b9-606d244498bb/build]   | Resource missing. [HTTP GET: https://jcenter.bintray.com/com/gluonhq/substrate/0.0.60-SNAPSHOT/maven-metadata.xml]\n[9bceb86e-8526-4f1c-83b9-606d244498bb/build]   | Resource missing. [HTTP GET: https://jcenter.bintray.com/com/gluonhq/substrate/0.0.60-SNAPSHOT/substrate-0.0.60-SNAPSHOT.pom]\n[9bceb86e-8526-4f1c-83b9-606d244498bb/build]   | Downloading https://plugins.gradle.org/m2/org/openjfx/javafx-plugin/0.0.10/javafx-plugin-0.0.10.pom to /tmp/gradle_download12901013120581075824bin\n[9bceb86e-8526-4f1c-83b9-606d244498bb/build]   | Downloading https://oss.sonatype.org/content/repositories/snapshots/com/gluonhq/substrate/0.0.60-SNAPSHOT/maven-metadata.xml to /tmp/gradle_download18286630556840671202bin\n[9bceb86e-8526-4f1c-83b9-606d244498bb/build]   | Downloading https://oss.sonatype.org/content/repositories/snapshots/com/gluonhq/substrate/0.0.60-SNAPSHOT/substrate-0.0.60-20230626.100342-2.pom to /tmp/gradle_download12925417671914843819bin\n[9bceb86e-8526-4f1c-83b9-606d244498bb/build]   | Downloading https://oss.sonatype.org/content/repositories/snapshots/com/gluonhq/substrate/0.0.60-SNAPSHOT/substrate-0.0.60-20230626.100342-2.module to /tmp/gradle_download16268134055297579645bin\n[9bceb86e-8526-4f1c-83b9-606d244498bb/build]   | Generating /home/runneradmin/.gradle/caches/6.3/generated-gradle-jars/gradle-api-6.3.jar\n[9bceb86e-8526-4f1c-83b9-606d244498bb/build]   | Downloading https://oss.sonatype.org/content/repositories/snapshots/com/gluonhq/substrate/0.0.60-SNAPSHOT/substrate-0.0.60-20230626.100342-2.jar to /tmp/gradle_download9208544090209422444bin\n[9bceb86e-8526-4f1c-83b9-606d244498bb/build]   | Downloading https://plugins.gradle.org/m2/org/openjfx/javafx-plugin/0.0.10/javafx-plugin-0.0.10.jar to /tmp/gradle_download13183660125667012141bin\n[9bceb86e-8526-4f1c-83b9-606d244498bb/build]   | Caching disabled for task ':compileJava' because:\n[9bceb86e-8526-4f1c-83b9-606d244498bb/build]   |   Build cache is disabled\n[9bceb86e-8526-4f1c-83b9-606d244498bb/build]   | Task ':compileJava' is not up-to-date because:\n[9bceb86e-8526-4f1c-83b9-606d244498bb/build]   |   No history is available.\n[9bceb86e-8526-4f1c-83b9-606d244498bb/build]   | The input changes require a full rebuild for incremental task ':compileJava'.\n[9bceb86e-8526-4f1c-83b9-606d244498bb/build]   | Full recompilation is required because no incremental change information is available. This is usually caused by clean builds or changing compiler arguments.\n[9bceb86e-8526-4f1c-83b9-606d244498bb/build]   | Compiling with JDK Java compiler API.\n[9bceb86e-8526-4f1c-83b9-606d244498bb/build]   | Created classpath snapshot for incremental compilation in 10.207 secs. 1 duplicate classes found in classpath (see all with --debug).\n[9bceb86e-8526-4f1c-83b9-606d244498bb/build]   | :compileJava (Thread[Execution worker for ':' Thread 5,5,main]) completed. Took 36.997 secs.\n[9bceb86e-8526-4f1c-83b9-606d244498bb/build]   | :pluginDescriptors (Thread[Execution worker for ':' Thread 5,5,main]) started.\n[9bceb86e-8526-4f1c-83b9-606d244498bb/build]   | \n[9bceb86e-8526-4f1c-83b9-606d244498bb/build]   | > Task :pluginDescriptors\n[9bceb86e-8526-4f1c-83b9-606d244498bb/build]   | Caching disabled for task ':pluginDescriptors' because:\n[9bceb86e-8526-4f1c-83b9-606d244498bb/build]   |   Build cache is disabled\n[9bceb86e-8526-4f1c-83b9-606d244498bb/build]   | Task ':pluginDescriptors' is not up-to-date because:\n[9bceb86e-8526-4f1c-83b9-606d244498bb/build]   |   No history is available.\n[9bceb86e-8526-4f1c-83b9-606d244498bb/build]   | :pluginDescriptors (Thread[Execution worker for ':' Thread 5,5,main]) completed. Took 0.025 secs.\n[9bceb86e-8526-4f1c-83b9-606d244498bb/build]   | :processResources (Thread[Execution worker for ':' Thread 5,5,main]) started.\n[9bceb86e-8526-4f1c-83b9-606d244498bb/build]   | \n[9bceb86e-8526-4f1c-83b9-606d244498bb/build]   | > Task :processResources\n[9bceb86e-8526-4f1c-83b9-606d244498bb/build]   | file or directory '/tmp/3d783ea4-1661-11ee-8a50-bb14de238602/gluonhq-gluonfx-gradle-plugin/src/main/resources', not found\n[9bceb86e-8526-4f1c-83b9-606d244498bb/build]   | Could not read file path '/tmp/3d783ea4-1661-11ee-8a50-bb14de238602/gluonhq-gluonfx-gradle-plugin/src/main/resources'.\n[9bceb86e-8526-4f1c-83b9-606d244498bb/build]   | Caching disabled for task ':processResources' because:\n[9bceb86e-8526-4f1c-83b9-606d244498bb/build]   |   Build cache is disabled\n[9bceb86e-8526-4f1c-83b9-606d244498bb/build]   | Task ':processResources' is not up-to-date because:\n[9bceb86e-8526-4f1c-83b9-606d244498bb/build]   |   No history is available.\n[9bceb86e-8526-4f1c-83b9-606d244498bb/build]   | file or directory '/tmp/3d783ea4-1661-11ee-8a50-bb14de238602/gluonhq-gluonfx-gradle-plugin/src/main/resources', not found\n[9bceb86e-8526-4f1c-83b9-606d244498bb/build]   | :processResources (Thread[Execution worker for ':' Thread 5,5,main]) completed. Took 0.022 secs.\n[9bceb86e-8526-4f1c-83b9-606d244498bb/build]   | :classes (Thread[Execution worker for ':' Thread 5,5,main]) started.\n[9bceb86e-8526-4f1c-83b9-606d244498bb/build]   | \n[9bceb86e-8526-4f1c-83b9-606d244498bb/build]   | > Task :classes\n[9bceb86e-8526-4f1c-83b9-606d244498bb/build]   | Skipping task ':classes' as it has no actions.\n[9bceb86e-8526-4f1c-83b9-606d244498bb/build]   | :classes (Thread[Execution worker for ':' Thread 5,5,main]) completed. Took 0.0 secs.\n[9bceb86e-8526-4f1c-83b9-606d244498bb/build]   | :jar (Thread[Execution worker for ':' Thread 5,5,main]) started.\n[9bceb86e-8526-4f1c-83b9-606d244498bb/build]   | \n[9bceb86e-8526-4f1c-83b9-606d244498bb/build]   | > Task :jar\n[9bceb86e-8526-4f1c-83b9-606d244498bb/build]   | Caching disabled for task ':jar' because:\n[9bceb86e-8526-4f1c-83b9-606d244498bb/build]   |   Build cache is disabled\n[9bceb86e-8526-4f1c-83b9-606d244498bb/build]   | Task ':jar' is not up-to-date because:\n[9bceb86e-8526-4f1c-83b9-606d244498bb/build]   |   No history is available.\n[9bceb86e-8526-4f1c-83b9-606d244498bb/build]   | :jar (Thread[Execution worker for ':' Thread 5,5,main]) completed. Took 0.034 secs.\n[9bceb86e-8526-4f1c-83b9-606d244498bb/build]   | :javadoc (Thread[Execution worker for ':' Thread 5,5,main]) started.\n[9bceb86e-8526-4f1c-83b9-606d244498bb/build]   | \n[9bceb86e-8526-4f1c-83b9-606d244498bb/build]   | > Task :javadoc\n[9bceb86e-8526-4f1c-83b9-606d244498bb/build]   | Caching disabled for task ':javadoc' because:\n[9bceb86e-8526-4f1c-83b9-606d244498bb/build]   |   Build cache is disabled\n[9bceb86e-8526-4f1c-83b9-606d244498bb/build]   | Task ':javadoc' is not up-to-date because:\n[9bceb86e-8526-4f1c-83b9-606d244498bb/build]   |   No history is available.\n[9bceb86e-8526-4f1c-83b9-606d244498bb/build]   | Starting process 'command '/opt/hostedtoolcache/jdk/11.0.19/x64/bin/javadoc''. Working directory: /tmp/3d783ea4-1661-11ee-8a50-bb14de238602/gluonhq-gluonfx-gradle-plugin Command: /opt/hostedtoolcache/jdk/11.0.19/x64/bin/javadoc @/tmp/3d783ea4-1661-11ee-8a50-bb14de238602/gluonhq-gluonfx-gradle-plugin/build/tmp/javadoc/javadoc.options\n[9bceb86e-8526-4f1c-83b9-606d244498bb/build]   | Successfully started process 'command '/opt/hostedtoolcache/jdk/11.0.19/x64/bin/javadoc''\n[9bceb86e-8526-4f1c-83b9-606d244498bb/build]   | :javadoc (Thread[Execution worker for ':' Thread 5,5,main]) completed. Took 5.201 secs.\n[9bceb86e-8526-4f1c-83b9-606d244498bb/build]   | :javadocJar (Thread[Execution worker for ':' Thread 5,5,main]) started.\n[9bceb86e-8526-4f1c-83b9-606d244498bb/build]   | \n[9bceb86e-8526-4f1c-83b9-606d244498bb/build]   | > Task :javadocJar\n[9bceb86e-8526-4f1c-83b9-606d244498bb/build]   | Caching disabled for task ':javadocJar' because:\n[9bceb86e-8526-4f1c-83b9-606d244498bb/build]   |   Build cache is disabled\n[9bceb86e-8526-4f1c-83b9-606d244498bb/build]   | Task ':javadocJar' is not up-to-date because:\n[9bceb86e-8526-4f1c-83b9-606d244498bb/build]   |   No history is available.\n[9bceb86e-8526-4f1c-83b9-606d244498bb/build]   | :javadocJar (Thread[Execution worker for ':' Thread 5,5,main]) completed. Took 0.088 secs.\n[9bceb86e-8526-4f1c-83b9-606d244498bb/build]   | :sourcesJar (Thread[Execution worker for ':' Thread 5,5,main]) started.\n[9bceb86e-8526-4f1c-83b9-606d244498bb/build]   | \n[9bceb86e-8526-4f1c-83b9-606d244498bb/build]   | > Task :sourcesJar\n[9bceb86e-8526-4f1c-83b9-606d244498bb/build]   | file or directory '/tmp/3d783ea4-1661-11ee-8a50-bb14de238602/gluonhq-gluonfx-gradle-plugin/src/main/resources', not found\n[9bceb86e-8526-4f1c-83b9-606d244498bb/build]   | Caching disabled for task ':sourcesJar' because:\n[9bceb86e-8526-4f1c-83b9-606d244498bb/build]   |   Build cache is disabled\n[9bceb86e-8526-4f1c-83b9-606d244498bb/build]   | Task ':sourcesJar' is not up-to-date because:\n[9bceb86e-8526-4f1c-83b9-606d244498bb/build]   |   No history is available.\n[9bceb86e-8526-4f1c-83b9-606d244498bb/build]   | file or directory '/tmp/3d783ea4-1661-11ee-8a50-bb14de238602/gluonhq-gluonfx-gradle-plugin/src/main/resources', not found\n[9bceb86e-8526-4f1c-83b9-606d244498bb/build]   | :sourcesJar (Thread[Execution worker for ':' Thread 5,5,main]) completed. Took 0.03 secs.\n[9bceb86e-8526-4f1c-83b9-606d244498bb/build]   | :assemble (Thread[Execution worker for ':' Thread 5,5,main]) started.\n[9bceb86e-8526-4f1c-83b9-606d244498bb/build]   | \n[9bceb86e-8526-4f1c-83b9-606d244498bb/build]   | > Task :assemble\n[9bceb86e-8526-4f1c-83b9-606d244498bb/build]   | Skipping task ':assemble' as it has no actions.\n[9bceb86e-8526-4f1c-83b9-606d244498bb/build]   | :assemble (Thread[Execution worker for ':' Thread 5,5,main]) completed. Took 0.0 secs.\n[9bceb86e-8526-4f1c-83b9-606d244498bb/build]   | :licenseMain (Thread[Execution worker for ':' Thread 5,5,main]) started.\n[9bceb86e-8526-4f1c-83b9-606d244498bb/build]   | Ignoring header in: src/main/java/com/gluonhq/gradle/tasks/NativeInstallTask.java\n[9bceb86e-8526-4f1c-83b9-606d244498bb/build]   | Ignoring header in: src/main/java/com/gluonhq/gradle/tasks/NativeCompileTask.java\n[9bceb86e-8526-4f1c-83b9-606d244498bb/build]   | Ignoring header in: src/main/java/com/gluonhq/gradle/tasks/NativeBaseTask.java\n[9bceb86e-8526-4f1c-83b9-606d244498bb/build]   | Ignoring header in: src/main/java/com/gluonhq/gradle/tasks/ConfigBuild.java\n[9bceb86e-8526-4f1c-83b9-606d244498bb/build]   | Ignoring header in: src/main/java/com/gluonhq/gradle/ClientExtension.java\n[9bceb86e-8526-4f1c-83b9-606d244498bb/build]   | Ignoring header in: src/main/java/com/gluonhq/gradle/attach/AttachService.java\n[9bceb86e-8526-4f1c-83b9-606d244498bb/build]   | Ignoring header in: src/main/java/com/gluonhq/gradle/GluonFXPlugin.java\n[9bceb86e-8526-4f1c-83b9-606d244498bb/build]   | Ignoring header in: src/main/java/com/gluonhq/gradle/ReleaseConfiguration.java\n[9bceb86e-8526-4f1c-83b9-606d244498bb/build]   | Ignoring header in: src/main/java/com/gluonhq/gradle/tasks/NativeBuildTask.java\n[9bceb86e-8526-4f1c-83b9-606d244498bb/build]   | Ignoring header in: src/main/java/com/gluonhq/gradle/tasks/NativePackageTask.java\n[9bceb86e-8526-4f1c-83b9-606d244498bb/build]   | Ignoring header in: src/main/java/com/gluonhq/gradle/tasks/NativeRunAgentTask.java\n[9bceb86e-8526-4f1c-83b9-606d244498bb/build]   | Ignoring header in: src/main/java/com/gluonhq/gradle/attach/AttachServiceDefinition.java\n[9bceb86e-8526-4f1c-83b9-606d244498bb/build]   | Ignoring header in: src/main/java/com/gluonhq/gradle/tasks/NativeRunTask.java\n[9bceb86e-8526-4f1c-83b9-606d244498bb/build]   | Ignoring header in: src/main/java/com/gluonhq/gradle/attach/AttachConfiguration.java\n[9bceb86e-8526-4f1c-83b9-606d244498bb/build]   | Ignoring header in: src/main/java/com/gluonhq/gradle/tasks/NativeLinkTask.java\n[9bceb86e-8526-4f1c-83b9-606d244498bb/build]   | \n[9bceb86e-8526-4f1c-83b9-606d244498bb/build]   | > Task :licenseMain UP-TO-DATE\n[9bceb86e-8526-4f1c-83b9-606d244498bb/build]   | file or directory '/tmp/3d783ea4-1661-11ee-8a50-bb14de238602/gluonhq-gluonfx-gradle-plugin/src/main/resources', not found\n[9bceb86e-8526-4f1c-83b9-606d244498bb/build]   | Caching disabled for task ':licenseMain' because:\n[9bceb86e-8526-4f1c-83b9-606d244498bb/build]   |   Build cache is disabled\n[9bceb86e-8526-4f1c-83b9-606d244498bb/build]   | Task ':licenseMain' is not up-to-date because:\n[9bceb86e-8526-4f1c-83b9-606d244498bb/build]   |   No history is available.\n[9bceb86e-8526-4f1c-83b9-606d244498bb/build]   | file or directory '/tmp/3d783ea4-1661-11ee-8a50-bb14de238602/gluonhq-gluonfx-gradle-plugin/src/main/resources', not found\n[9bceb86e-8526-4f1c-83b9-606d244498bb/build]   | :licenseMain (Thread[Execution worker for ':' Thread 5,5,main]) completed. Took 0.195 secs.\n[9bceb86e-8526-4f1c-83b9-606d244498bb/build]   | :licenseTest (Thread[Execution worker for ':' Thread 117,5,main]) started.\n[9bceb86e-8526-4f1c-83b9-606d244498bb/build]   | \n[9bceb86e-8526-4f1c-83b9-606d244498bb/build]   | > Task :licenseTest NO-SOURCE\n[9bceb86e-8526-4f1c-83b9-606d244498bb/build]   | file or directory '/tmp/3d783ea4-1661-11ee-8a50-bb14de238602/gluonhq-gluonfx-gradle-plugin/src/test/resources', not found\n[9bceb86e-8526-4f1c-83b9-606d244498bb/build]   | file or directory '/tmp/3d783ea4-1661-11ee-8a50-bb14de238602/gluonhq-gluonfx-gradle-plugin/src/test/java', not found\n[9bceb86e-8526-4f1c-83b9-606d244498bb/build]   | Skipping task ':licenseTest' as it has no source files and no previous output files.\n[9bceb86e-8526-4f1c-83b9-606d244498bb/build]   | :licenseTest (Thread[Execution worker for ':' Thread 117,5,main]) completed. Took 0.01 secs.\n[9bceb86e-8526-4f1c-83b9-606d244498bb/build]   | :license (Thread[Execution worker for ':' Thread 114,5,main]) started.\n[9bceb86e-8526-4f1c-83b9-606d244498bb/build]   | \n[9bceb86e-8526-4f1c-83b9-606d244498bb/build]   | > Task :license UP-TO-DATE\n[9bceb86e-8526-4f1c-83b9-606d244498bb/build]   | Skipping task ':license' as it has no actions.\n[9bceb86e-8526-4f1c-83b9-606d244498bb/build]   | :license (Thread[Execution worker for ':' Thread 114,5,main]) completed. Took 0.0 secs.\n[9bceb86e-8526-4f1c-83b9-606d244498bb/build]   | :pluginUnderTestMetadata (Thread[Execution worker for ':' Thread 114,5,main]) started.\n[9bceb86e-8526-4f1c-83b9-606d244498bb/build]   | \n[9bceb86e-8526-4f1c-83b9-606d244498bb/build]   | > Task :pluginUnderTestMetadata\n[9bceb86e-8526-4f1c-83b9-606d244498bb/build]   | Downloading https://repo.maven.apache.org/maven2/org/bouncycastle/bcpkix-jdk15on/1.49/bcpkix-jdk15on-1.49.pom to /tmp/gradle_download9462626171015085023bin\n[9bceb86e-8526-4f1c-83b9-606d244498bb/build]   | Downloading https://repo.maven.apache.org/maven2/com/googlecode/plist/dd-plist/1.23/dd-plist-1.23.pom to /tmp/gradle_download5666227170277729468bin\n[9bceb86e-8526-4f1c-83b9-606d244498bb/build]   | Downloading https://repo.maven.apache.org/maven2/org/apidesign/bck2brwsr/aot/0.53/aot-0.53.pom to /tmp/gradle_download6597936727781203813bin\n[9bceb86e-8526-4f1c-83b9-606d244498bb/build]   | Downloading https://repo.maven.apache.org/maven2/org/graalvm/nativeimage/svm/21.1.0/svm-21.1.0.pom to /tmp/gradle_download5602822347404981248bin\n[9bceb86e-8526-4f1c-83b9-606d244498bb/build]   | Downloading https://repo.maven.apache.org/maven2/org/sonatype/oss/oss-parent/7/oss-parent-7.pom to /tmp/gradle_download13853584871274598194bin\n[9bceb86e-8526-4f1c-83b9-606d244498bb/build]   | Downloading https://repo.maven.apache.org/maven2/org/apidesign/bck2brwsr/rt/0.53/rt-0.53.pom to /tmp/gradle_download5758980346495183000bin\n[9bceb86e-8526-4f1c-83b9-606d244498bb/build]   | Downloading https://repo.maven.apache.org/maven2/org/apidesign/bck2brwsr/0.53/bck2brwsr-0.53.pom to /tmp/gradle_download5287293164317123120bin\n[9bceb86e-8526-4f1c-83b9-606d244498bb/build]   | Downloading https://repo.maven.apache.org/maven2/net/java/jvnet-parent/3/jvnet-parent-3.pom to /tmp/gradle_download10017148564902446842bin\n[9bceb86e-8526-4f1c-83b9-606d244498bb/build]   | Resource missing. [HTTP GET: https://repo.maven.apache.org/maven2/org/javamodularity/moduleplugin/1.8.2/moduleplugin-1.8.2.pom]\n[9bceb86e-8526-4f1c-83b9-606d244498bb/build]   | Downloading https://repo.maven.apache.org/maven2/com/google/gradle/osdetector-gradle-plugin/1.6.1/osdetector-gradle-plugin-1.6.1.pom to /tmp/gradle_download1773593783006904134bin\n[9bceb86e-8526-4f1c-83b9-606d244498bb/build]   | Downloading https://plugins.gradle.org/m2/org/javamodularity/moduleplugin/1.8.2/moduleplugin-1.8.2.pom to /tmp/gradle_download14869961528996766268bin\n[9bceb86e-8526-4f1c-83b9-606d244498bb/build]   | Resource missing. [HTTP GET: https://jcenter.bintray.com/org/javamodularity/moduleplugin/1.8.2/moduleplugin-1.8.2.module]\n[9bceb86e-8526-4f1c-83b9-606d244498bb/build]   | Downloading https://repo.maven.apache.org/maven2/org/bouncycastle/bcprov-jdk15on/1.49/bcprov-jdk15on-1.49.pom to /tmp/gradle_download2683317108271200859bin\n[9bceb86e-8526-4f1c-83b9-606d244498bb/build]   | Downloading https://repo.maven.apache.org/maven2/org/graalvm/nativeimage/objectfile/21.1.0/objectfile-21.1.0.pom to /tmp/gradle_download13318405697145583185bin\n[9bceb86e-8526-4f1c-83b9-606d244498bb/build]   | Downloading https://repo.maven.apache.org/maven2/org/graalvm/nativeimage/svm-hosted-native-linux-amd64/21.1.0/svm-hosted-native-linux-amd64-21.1.0.pom to /tmp/gradle_download3545977331138481412bin\n[9bceb86e-8526-4f1c-83b9-606d244498bb/build]   | Downloading https://repo.maven.apache.org/maven2/org/graalvm/nativeimage/svm-hosted-native-darwin-amd64/21.1.0/svm-hosted-native-darwin-amd64-21.1.0.pom to /tmp/gradle_download4188792264624549454bin\n[9bceb86e-8526-4f1c-83b9-606d244498bb/build]   | Downloading https://repo.maven.apache.org/maven2/org/graalvm/compiler/compiler/21.1.0/compiler-21.1.0.pom to /tmp/gradle_download758065439996459077bin\n[9bceb86e-8526-4f1c-83b9-606d244498bb/build]   | Downloading https://repo.maven.apache.org/maven2/org/graalvm/nativeimage/pointsto/21.1.0/pointsto-21.1.0.pom to /tmp/gradle_download13117512965666814970bin\n[9bceb86e-8526-4f1c-83b9-606d244498bb/build]   | Downloading https://repo.maven.apache.org/maven2/org/graalvm/sdk/graal-sdk/21.1.0/graal-sdk-21.1.0.pom to /tmp/gradle_download13844531435438007246bin\n[9bceb86e-8526-4f1c-83b9-606d244498bb/build]   | Downloading https://repo.maven.apache.org/maven2/org/graalvm/nativeimage/svm-hosted-native-windows-amd64/21.1.0/svm-hosted-native-windows-amd64-21.1.0.pom to /tmp/gradle_download8226138348440292674bin\n[9bceb86e-8526-4f1c-83b9-606d244498bb/build]   | Downloading https://repo.maven.apache.org/maven2/org/ow2/asm/asm/9.2/asm-9.2.pom to /tmp/gradle_download16729937190479722664bin\n[9bceb86e-8526-4f1c-83b9-606d244498bb/build]   | Downloading https://repo.maven.apache.org/maven2/org/apidesign/bck2brwsr/vm4brwsr/0.53/vm4brwsr-0.53.pom to /tmp/gradle_download10379326059254601142bin\n[9bceb86e-8526-4f1c-83b9-606d244498bb/build]   | Downloading https://repo.maven.apache.org/maven2/org/ow2/ow2/1.5/ow2-1.5.pom to /tmp/gradle_download14868989626101382255bin\n[9bceb86e-8526-4f1c-83b9-606d244498bb/build]   | Downloading https://repo.maven.apache.org/maven2/kr/motd/maven/os-maven-plugin/1.6.0/os-maven-plugin-1.6.0.pom to /tmp/gradle_download16468507896485641460bin\n[9bceb86e-8526-4f1c-83b9-606d244498bb/build]   | Downloading https://repo.maven.apache.org/maven2/org/sonatype/oss/oss-parent/9/oss-parent-9.pom to /tmp/gradle_download453979399193001023bin\n[9bceb86e-8526-4f1c-83b9-606d244498bb/build]   | Downloading https://repo.maven.apache.org/maven2/com/github/javaparser/javaparser-symbol-solver-core/3.13.5/javaparser-symbol-solver-core-3.13.5.pom to /tmp/gradle_download4193461111328118130bin\n[9bceb86e-8526-4f1c-83b9-606d244498bb/build]   | Downloading https://repo.maven.apache.org/maven2/org/jooq/joor/0.9.13/joor-0.9.13.pom to /tmp/gradle_download278971352472497951bin\n[9bceb86e-8526-4f1c-83b9-606d244498bb/build]   | Downloading https://repo.maven.apache.org/maven2/com/github/javaparser/javaparser-parent/3.13.5/javaparser-parent-3.13.5.pom to /tmp/gradle_download1707811159328757580bin\n[9bceb86e-8526-4f1c-83b9-606d244498bb/build]   | Downloading https://repo.maven.apache.org/maven2/org/graalvm/truffle/truffle-api/21.1.0/truffle-api-21.1.0.pom to /tmp/gradle_download12521861342473523253bin\n[9bceb86e-8526-4f1c-83b9-606d244498bb/build]   | Downloading https://repo.maven.apache.org/maven2/com/google/javascript/closure-compiler/v20210601/closure-compiler-v20210601.pom to /tmp/gradle_download2193783756390585345bin\n[9bceb86e-8526-4f1c-83b9-606d244498bb/build]   | Downloading https://repo.maven.apache.org/maven2/org/apidesign/bck2brwsr/core/0.53/core-0.53.pom to /tmp/gradle_download5253291407239370042bin\n[9bceb86e-8526-4f1c-83b9-606d244498bb/build]   | Downloading https://repo.maven.apache.org/maven2/com/google/javascript/closure-compiler-main/v20210601/closure-compiler-main-v20210601.pom to /tmp/gradle_download11806155507572422285bin\n[9bceb86e-8526-4f1c-83b9-606d244498bb/build]   | Downloading https://repo.maven.apache.org/maven2/com/google/javascript/closure-compiler-parent/v20210601/closure-compiler-parent-v20210601.pom to /tmp/gradle_download836276229622308125bin\n[9bceb86e-8526-4f1c-83b9-606d244498bb/build]   | Downloading https://repo.maven.apache.org/maven2/com/google/code/findbugs/jsr305/3.0.2/jsr305-3.0.2.pom to /tmp/gradle_download555086673721532648bin\n[9bceb86e-8526-4f1c-83b9-606d244498bb/build]   | Downloading https://repo.maven.apache.org/maven2/org/javassist/javassist/3.24.0-GA/javassist-3.24.0-GA.pom to /tmp/gradle_download10979671897389953489bin\n[9bceb86e-8526-4f1c-83b9-606d244498bb/build]   | Downloading https://repo.maven.apache.org/maven2/com/google/guava/guava/27.0-jre/guava-27.0-jre.pom to /tmp/gradle_download2296996280109804401bin\n[9bceb86e-8526-4f1c-83b9-606d244498bb/build]   | Downloading https://repo.maven.apache.org/maven2/com/github/javaparser/javaparser-symbol-solver-logic/3.13.5/javaparser-symbol-solver-logic-3.13.5.pom to /tmp/gradle_download11173721927942598781bin\n[9bceb86e-8526-4f1c-83b9-606d244498bb/build]   | Downloading https://repo.maven.apache.org/maven2/com/github/javaparser/javaparser-symbol-solver-model/3.13.5/javaparser-symbol-solver-model-3.13.5.pom to /tmp/gradle_download9564960325254458641bin\n[9bceb86e-8526-4f1c-83b9-606d244498bb/build]   | Downloading https://repo.maven.apache.org/maven2/com/google/guava/guava-parent/27.0-jre/guava-parent-27.0-jre.pom to /tmp/gradle_download710804451546728340bin\n[9bceb86e-8526-4f1c-83b9-606d244498bb/build]   | Downloading https://repo.maven.apache.org/maven2/com/github/javaparser/javaparser-core/3.13.5/javaparser-core-3.13.5.pom to /tmp/gradle_download15479689556216610958bin\n[9bceb86e-8526-4f1c-83b9-606d244498bb/build]   | Downloading https://repo.maven.apache.org/maven2/com/google/j2objc/j2objc-annotations/1.1/j2objc-annotations-1.1.pom to /tmp/gradle_download10647666339930342857bin\n[9bceb86e-8526-4f1c-83b9-606d244498bb/build]   | Downloading https://repo.maven.apache.org/maven2/org/checkerframework/checker-qual/2.5.2/checker-qual-2.5.2.pom to /tmp/gradle_download8357433539413437814bin\n[9bceb86e-8526-4f1c-83b9-606d244498bb/build]   | Downloading https://repo.maven.apache.org/maven2/com/google/guava/failureaccess/1.0/failureaccess-1.0.pom to /tmp/gradle_download11865118205203577527bin\n[9bceb86e-8526-4f1c-83b9-606d244498bb/build]   | Downloading https://repo.maven.apache.org/maven2/com/google/guava/listenablefuture/9999.0-empty-to-avoid-conflict-with-guava/listenablefuture-9999.0-empty-to-avoid-conflict-with-guava.pom to /tmp/gradle_download13557838353810747765bin\n[9bceb86e-8526-4f1c-83b9-606d244498bb/build]   | Downloading https://repo.maven.apache.org/maven2/com/google/guava/guava-parent/26.0-android/guava-parent-26.0-android.pom to /tmp/gradle_download15775054136669738498bin\n[9bceb86e-8526-4f1c-83b9-606d244498bb/build]   | Downloading https://repo.maven.apache.org/maven2/com/google/errorprone/error_prone_annotations/2.2.0/error_prone_annotations-2.2.0.pom to /tmp/gradle_download11207570091769589519bin\n[9bceb86e-8526-4f1c-83b9-606d244498bb/build]   | Downloading https://repo.maven.apache.org/maven2/org/codehaus/mojo/animal-sniffer-annotations/1.17/animal-sniffer-annotations-1.17.pom to /tmp/gradle_download1582496284226772599bin\n[9bceb86e-8526-4f1c-83b9-606d244498bb/build]   | Downloading https://repo.maven.apache.org/maven2/org/codehaus/mojo/animal-sniffer-parent/1.17/animal-sniffer-parent-1.17.pom to /tmp/gradle_download3403886063564501950bin\n[9bceb86e-8526-4f1c-83b9-606d244498bb/build]   | Downloading https://repo.maven.apache.org/maven2/com/google/errorprone/error_prone_parent/2.2.0/error_prone_parent-2.2.0.pom to /tmp/gradle_download670473163532380379bin\n[9bceb86e-8526-4f1c-83b9-606d244498bb/build]   | Downloading https://repo.maven.apache.org/maven2/org/codehaus/mojo/mojo-parent/40/mojo-parent-40.pom to /tmp/gradle_download10442219620418753401bin\n[9bceb86e-8526-4f1c-83b9-606d244498bb/build]   | Downloading https://repo.maven.apache.org/maven2/org/bouncycastle/bcpkix-jdk15on/1.49/bcpkix-jdk15on-1.49.jar to /tmp/gradle_download4885235015427169270bin\n[9bceb86e-8526-4f1c-83b9-606d244498bb/build]   | Downloading https://repo.maven.apache.org/maven2/com/google/gradle/osdetector-gradle-plugin/1.6.1/osdetector-gradle-plugin-1.6.1.jar to /tmp/gradle_download11646921832735350153bin\n[9bceb86e-8526-4f1c-83b9-606d244498bb/build]   | Downloading https://repo.maven.apache.org/maven2/org/graalvm/nativeimage/svm/21.1.0/svm-21.1.0.jar to /tmp/gradle_download2065695281983956961bin\n[9bceb86e-8526-4f1c-83b9-606d244498bb/build]   | Downloading https://repo.maven.apache.org/maven2/com/googlecode/plist/dd-plist/1.23/dd-plist-1.23.jar to /tmp/gradle_download12659262446547998921bin\n[9bceb86e-8526-4f1c-83b9-606d244498bb/build]   | Downloading https://repo.maven.apache.org/maven2/org/graalvm/nativeimage/objectfile/21.1.0/objectfile-21.1.0.jar to /tmp/gradle_download5965111447326416168bin\n[9bceb86e-8526-4f1c-83b9-606d244498bb/build]   | Downloading https://repo.maven.apache.org/maven2/org/apidesign/bck2brwsr/aot/0.53/aot-0.53.jar to /tmp/gradle_download7002316226735206035bin\n[9bceb86e-8526-4f1c-83b9-606d244498bb/build]   | Downloading https://repo.maven.apache.org/maven2/kr/motd/maven/os-maven-plugin/1.6.0/os-maven-plugin-1.6.0.jar to /tmp/gradle_download2893243496262995698bin\n[9bceb86e-8526-4f1c-83b9-606d244498bb/build]   | Downloading https://repo.maven.apache.org/maven2/org/apidesign/bck2brwsr/core/0.53/core-0.53.jar to /tmp/gradle_download12964743838301249304bin\n[9bceb86e-8526-4f1c-83b9-606d244498bb/build]   | Downloading https://repo.maven.apache.org/maven2/org/bouncycastle/bcprov-jdk15on/1.49/bcprov-jdk15on-1.49.jar to /tmp/gradle_download13068740968825670933bin\n[9bceb86e-8526-4f1c-83b9-606d244498bb/build]   | Downloading https://repo.maven.apache.org/maven2/com/github/javaparser/javaparser-core/3.13.5/javaparser-core-3.13.5.jar to /tmp/gradle_download7772730878471054849bin\n[9bceb86e-8526-4f1c-83b9-606d244498bb/build]   | Downloading https://repo.maven.apache.org/maven2/org/codehaus/mojo/animal-sniffer-annotations/1.17/animal-sniffer-annotations-1.17.jar to /tmp/gradle_download3305632605343764766bin\n[9bceb86e-8526-4f1c-83b9-606d244498bb/build]   | Downloading https://repo.maven.apache.org/maven2/com/google/errorprone/error_prone_annotations/2.2.0/error_prone_annotations-2.2.0.jar to /tmp/gradle_download8570874241528147487bin\n[9bceb86e-8526-4f1c-83b9-606d244498bb/build]   | Downloading https://repo.maven.apache.org/maven2/com/google/j2objc/j2objc-annotations/1.1/j2objc-annotations-1.1.jar to /tmp/gradle_download5030419494931999402bin\n[9bceb86e-8526-4f1c-83b9-606d244498bb/build]   | Downloading https://repo.maven.apache.org/maven2/org/graalvm/truffle/truffle-api/21.1.0/truffle-api-21.1.0.jar to /tmp/gradle_download9980776557393478971bin\n[9bceb86e-8526-4f1c-83b9-606d244498bb/build]   | Downloading https://repo.maven.apache.org/maven2/org/apidesign/bck2brwsr/vm4brwsr/0.53/vm4brwsr-0.53.jar to /tmp/gradle_download2551950174600171759bin\n[9bceb86e-8526-4f1c-83b9-606d244498bb/build]   | Downloading https://repo.maven.apache.org/maven2/org/graalvm/nativeimage/pointsto/21.1.0/pointsto-21.1.0.jar to /tmp/gradle_download15606555284577480613bin\n[9bceb86e-8526-4f1c-83b9-606d244498bb/build]   | Downloading https://repo.maven.apache.org/maven2/org/graalvm/nativeimage/svm-hosted-native-windows-amd64/21.1.0/svm-hosted-native-windows-amd64-21.1.0.tar.gz to /tmp/gradle_download12280004696064193739bin\n[9bceb86e-8526-4f1c-83b9-606d244498bb/build]   | Downloading https://repo.maven.apache.org/maven2/com/google/code/findbugs/jsr305/3.0.2/jsr305-3.0.2.jar to /tmp/gradle_download10633891960048575712bin\n[9bceb86e-8526-4f1c-83b9-606d244498bb/build]   | Downloading https://repo.maven.apache.org/maven2/org/graalvm/nativeimage/svm-hosted-native-linux-amd64/21.1.0/svm-hosted-native-linux-amd64-21.1.0.tar.gz to /tmp/gradle_download12841493152258530568bin\n[9bceb86e-8526-4f1c-83b9-606d244498bb/build]   | Downloading https://repo.maven.apache.org/maven2/org/checkerframework/checker-qual/2.5.2/checker-qual-2.5.2.jar to /tmp/gradle_download12820608759427137872bin\n[9bceb86e-8526-4f1c-83b9-606d244498bb/build]   | Downloading https://repo.maven.apache.org/maven2/com/github/javaparser/javaparser-symbol-solver-logic/3.13.5/javaparser-symbol-solver-logic-3.13.5.jar to /tmp/gradle_download796281120919640898bin\n[9bceb86e-8526-4f1c-83b9-606d244498bb/build]   | Downloading https://repo.maven.apache.org/maven2/org/graalvm/nativeimage/svm-hosted-native-darwin-amd64/21.1.0/svm-hosted-native-darwin-amd64-21.1.0.tar.gz to /tmp/gradle_download11902829341166984821bin\n[9bceb86e-8526-4f1c-83b9-606d244498bb/build]   | Downloading https://repo.maven.apache.org/maven2/org/ow2/asm/asm/9.2/asm-9.2.jar to /tmp/gradle_download3542469810660607382bin\n[9bceb86e-8526-4f1c-83b9-606d244498bb/build]   | Downloading https://repo.maven.apache.org/maven2/com/github/javaparser/javaparser-symbol-solver-model/3.13.5/javaparser-symbol-solver-model-3.13.5.jar to /tmp/gradle_download13707410590680538134bin\n[9bceb86e-8526-4f1c-83b9-606d244498bb/build]   | Downloading https://repo.maven.apache.org/maven2/com/google/guava/failureaccess/1.0/failureaccess-1.0.jar to /tmp/gradle_download291855130872914396bin\n[9bceb86e-8526-4f1c-83b9-606d244498bb/build]   | Downloading https://repo.maven.apache.org/maven2/org/jooq/joor/0.9.13/joor-0.9.13.jar to /tmp/gradle_download357590593748449368bin\n[9bceb86e-8526-4f1c-83b9-606d244498bb/build]   | Downloading https://repo.maven.apache.org/maven2/org/graalvm/sdk/graal-sdk/21.1.0/graal-sdk-21.1.0.jar to /tmp/gradle_download16619445210307829033bin\n[9bceb86e-8526-4f1c-83b9-606d244498bb/build]   | Downloading https://repo.maven.apache.org/maven2/com/google/javascript/closure-compiler/v20210601/closure-compiler-v20210601.jar to /tmp/gradle_download9841263480349393352bin\n[9bceb86e-8526-4f1c-83b9-606d244498bb/build]   | Downloading https://repo.maven.apache.org/maven2/org/javassist/javassist/3.24.0-GA/javassist-3.24.0-GA.jar to /tmp/gradle_download1949227412427503068bin\n[9bceb86e-8526-4f1c-83b9-606d244498bb/build]   | Downloading https://repo.maven.apache.org/maven2/com/google/guava/guava/27.0-jre/guava-27.0-jre.jar to /tmp/gradle_download5424193339887427312bin\n[9bceb86e-8526-4f1c-83b9-606d244498bb/build]   | Downloading https://repo.maven.apache.org/maven2/org/graalvm/compiler/compiler/21.1.0/compiler-21.1.0.jar to /tmp/gradle_download3944948845811732821bin\n[9bceb86e-8526-4f1c-83b9-606d244498bb/build]   | Downloading https://repo.maven.apache.org/maven2/com/google/guava/listenablefuture/9999.0-empty-to-avoid-conflict-with-guava/listenablefuture-9999.0-empty-to-avoid-conflict-with-guava.jar to /tmp/gradle_download10440037365945795630bin\n[9bceb86e-8526-4f1c-83b9-606d244498bb/build]   | Downloading https://repo.maven.apache.org/maven2/com/github/javaparser/javaparser-symbol-solver-core/3.13.5/javaparser-symbol-solver-core-3.13.5.jar to /tmp/gradle_download18326176719762002659bin\n[9bceb86e-8526-4f1c-83b9-606d244498bb/build]   | Downloading https://plugins.gradle.org/m2/org/javamodularity/moduleplugin/1.8.2/moduleplugin-1.8.2.jar to /tmp/gradle_download885667221032001253bin\n[9bceb86e-8526-4f1c-83b9-606d244498bb/build]   | Caching disabled for task ':pluginUnderTestMetadata' because:\n[9bceb86e-8526-4f1c-83b9-606d244498bb/build]   |   Build cache is disabled\n[9bceb86e-8526-4f1c-83b9-606d244498bb/build]   | Task ':pluginUnderTestMetadata' is not up-to-date because:\n[9bceb86e-8526-4f1c-83b9-606d244498bb/build]   |   No history is available.\n[9bceb86e-8526-4f1c-83b9-606d244498bb/build]   | :pluginUnderTestMetadata (Thread[Execution worker for ':' Thread 114,5,main]) completed. Took 4.112 secs.\n[9bceb86e-8526-4f1c-83b9-606d244498bb/build]   | :compileTestJava (Thread[Execution worker for ':' Thread 30,5,main]) started.\n[9bceb86e-8526-4f1c-83b9-606d244498bb/build]   | \n[9bceb86e-8526-4f1c-83b9-606d244498bb/build]   | > Task :compileTestJava NO-SOURCE\n[9bceb86e-8526-4f1c-83b9-606d244498bb/build]   | file or directory '/tmp/3d783ea4-1661-11ee-8a50-bb14de238602/gluonhq-gluonfx-gradle-plugin/src/test/java', not found\n[9bceb86e-8526-4f1c-83b9-606d244498bb/build]   | Skipping task ':compileTestJava' as it has no source files and no previous output files.\n[9bceb86e-8526-4f1c-83b9-606d244498bb/build]   | :compileTestJava (Thread[Execution worker for ':' Thread 30,5,main]) completed. Took 0.039 secs.\n[9bceb86e-8526-4f1c-83b9-606d244498bb/build]   | :processTestResources (Thread[Execution worker for ':' Thread 30,5,main]) started.\n[9bceb86e-8526-4f1c-83b9-606d244498bb/build]   | \n[9bceb86e-8526-4f1c-83b9-606d244498bb/build]   | > Task :processTestResources NO-SOURCE\n[9bceb86e-8526-4f1c-83b9-606d244498bb/build]   | file or directory '/tmp/3d783ea4-1661-11ee-8a50-bb14de238602/gluonhq-gluonfx-gradle-plugin/src/test/resources', not found\n[9bceb86e-8526-4f1c-83b9-606d244498bb/build]   | Skipping task ':processTestResources' as it has no source files and no previous output files.\n[9bceb86e-8526-4f1c-83b9-606d244498bb/build]   | :processTestResources (Thread[Execution worker for ':' Thread 30,5,main]) completed. Took 0.005 secs.\n[9bceb86e-8526-4f1c-83b9-606d244498bb/build]   | :testClasses (Thread[Execution worker for ':' Thread 30,5,main]) started.\n[9bceb86e-8526-4f1c-83b9-606d244498bb/build]   | \n[9bceb86e-8526-4f1c-83b9-606d244498bb/build]   | > Task :testClasses UP-TO-DATE\n[9bceb86e-8526-4f1c-83b9-606d244498bb/build]   | Skipping task ':testClasses' as it has no actions.\n[9bceb86e-8526-4f1c-83b9-606d244498bb/build]   | :testClasses (Thread[Execution worker for ':' Thread 30,5,main]) completed. Took 0.0 secs.\n[9bceb86e-8526-4f1c-83b9-606d244498bb/build]   | :test (Thread[Execution worker for ':' Thread 30,5,main]) started.\n[9bceb86e-8526-4f1c-83b9-606d244498bb/build]   | \n[9bceb86e-8526-4f1c-83b9-606d244498bb/build]   | > Task :test NO-SOURCE\n[9bceb86e-8526-4f1c-83b9-606d244498bb/build]   | file or directory '/tmp/3d783ea4-1661-11ee-8a50-bb14de238602/gluonhq-gluonfx-gradle-plugin/build/classes/java/test', not found\n[9bceb86e-8526-4f1c-83b9-606d244498bb/build]   | Skipping task ':test' as it has no source files and no previous output files.\n[9bceb86e-8526-4f1c-83b9-606d244498bb/build]   | :test (Thread[Execution worker for ':' Thread 30,5,main]) completed. Took 0.003 secs.\n[9bceb86e-8526-4f1c-83b9-606d244498bb/build]   | :validatePlugins (Thread[Execution worker for ':' Thread 30,5,main]) started.\n[9bceb86e-8526-4f1c-83b9-606d244498bb/build]   | \n[9bceb86e-8526-4f1c-83b9-606d244498bb/build]   | > Task :validatePlugins\n[9bceb86e-8526-4f1c-83b9-606d244498bb/build]   | Caching disabled for task ':validatePlugins' because:\n[9bceb86e-8526-4f1c-83b9-606d244498bb/build]   |   Build cache is disabled\n[9bceb86e-8526-4f1c-83b9-606d244498bb/build]   | Task ':validatePlugins' is not up-to-date because:\n[9bceb86e-8526-4f1c-83b9-606d244498bb/build]   |   No history is available.\n[9bceb86e-8526-4f1c-83b9-606d244498bb/build]   | Plugin validation finished without warnings.\n[9bceb86e-8526-4f1c-83b9-606d244498bb/build]   | :validatePlugins (Thread[Execution worker for ':' Thread 30,5,main]) completed. Took 0.183 secs.\n[9bceb86e-8526-4f1c-83b9-606d244498bb/build]   | :check (Thread[Execution worker for ':' Thread 30,5,main]) started.\n[9bceb86e-8526-4f1c-83b9-606d244498bb/build]   | \n[9bceb86e-8526-4f1c-83b9-606d244498bb/build]   | > Task :check\n[9bceb86e-8526-4f1c-83b9-606d244498bb/build]   | Skipping task ':check' as it has no actions.\n[9bceb86e-8526-4f1c-83b9-606d244498bb/build]   | :check (Thread[Execution worker for ':' Thread 30,5,main]) completed. Took 0.0 secs.\n[9bceb86e-8526-4f1c-83b9-606d244498bb/build]   | :build (Thread[Execution worker for ':' Thread 55,5,main]) started.\n[9bceb86e-8526-4f1c-83b9-606d244498bb/build]   | \n[9bceb86e-8526-4f1c-83b9-606d244498bb/build]   | > Task :build\n[9bceb86e-8526-4f1c-83b9-606d244498bb/build]   | Skipping task ':build' as it has no actions.\n[9bceb86e-8526-4f1c-83b9-606d244498bb/build]   | :build (Thread[Execution worker for ':' Thread 55,5,main]) completed. Took 0.0 secs.\n[9bceb86e-8526-4f1c-83b9-606d244498bb/build]   | \n[9bceb86e-8526-4f1c-83b9-606d244498bb/build]   | Deprecated Gradle features were used in this build, making it incompatible with Gradle 7.0.\n[9bceb86e-8526-4f1c-83b9-606d244498bb/build]   | Use '--warning-mode all' to show the individual deprecation warnings.\n[9bceb86e-8526-4f1c-83b9-606d244498bb/build]   | See https://docs.gradle.org/6.3/userguide/command_line_interface.html#sec:command_line_warnings\n[9bceb86e-8526-4f1c-83b9-606d244498bb/build]   | \n[9bceb86e-8526-4f1c-83b9-606d244498bb/build]   | BUILD SUCCESSFUL in 1m 8s\n[9bceb86e-8526-4f1c-83b9-606d244498bb/build]   | 10 actionable tasks: 9 executed, 1 up-to-date\n[9bceb86e-8526-4f1c-83b9-606d244498bb/build]   \u2705  Success - Main Build project\n[9bceb86e-8526-4f1c-83b9-606d244498bb/build] \u2b50 Run Main Publish Snapshots\n[9bceb86e-8526-4f1c-83b9-606d244498bb/build]   \ud83d\udc33  docker exec cmd=[bash --noprofile --norc -e -o pipefail /var/run/act/workflow/4.sh] user= workdir=\n[9bceb86e-8526-4f1c-83b9-606d244498bb/build]   | > Task :generatePomFileForGluonFXPluginPluginMarkerMavenPublication\n[9bceb86e-8526-4f1c-83b9-606d244498bb/build]   | > Task :publishGluonFXPluginPluginMarkerMavenPublicationToMavenRepository FAILED\n[9bceb86e-8526-4f1c-83b9-606d244498bb/build]   | \n[9bceb86e-8526-4f1c-83b9-606d244498bb/build]   | FAILURE: Build failed with an exception.\n[9bceb86e-8526-4f1c-83b9-606d244498bb/build]   | \n[9bceb86e-8526-4f1c-83b9-606d244498bb/build]   | * What went wrong:\n[9bceb86e-8526-4f1c-83b9-606d244498bb/build]   | Execution failed for task ':publishGluonFXPluginPluginMarkerMavenPublicationToMavenRepository'.\n[9bceb86e-8526-4f1c-83b9-606d244498bb/build]   | > Failed to publish publication 'gluonFXPluginPluginMarkerMaven' to repository 'maven'\n[9bceb86e-8526-4f1c-83b9-606d244498bb/build]   |    > Could not PUT 'https://oss.sonatype.org/content/repositories/snapshots/com/gluonhq/gluonfx-gradle-plugin/com.gluonhq.gluonfx-gradle-plugin.gradle.plugin/1.0.20-SNAPSHOT/maven-metadata.xml'. Received status code 401 from server: Unauthorized\n[9bceb86e-8526-4f1c-83b9-606d244498bb/build]   | \n[9bceb86e-8526-4f1c-83b9-606d244498bb/build]   | * Try:\n[9bceb86e-8526-4f1c-83b9-606d244498bb/build]   | Run with --stacktrace option to get the stack trace. Run with --info or --debug option to get more log output. Run with --scan to get full insights.\n[9bceb86e-8526-4f1c-83b9-606d244498bb/build]   | \n[9bceb86e-8526-4f1c-83b9-606d244498bb/build]   | * Get more help at https://help.gradle.org\n[9bceb86e-8526-4f1c-83b9-606d244498bb/build]   | \n[9bceb86e-8526-4f1c-83b9-606d244498bb/build]   | BUILD FAILED in 1s\n[9bceb86e-8526-4f1c-83b9-606d244498bb/build]   | 2 actionable tasks: 2 executed\n[9bceb86e-8526-4f1c-83b9-606d244498bb/build]   \u274c  Failure - Main Publish Snapshots\n[9bceb86e-8526-4f1c-83b9-606d244498bb/build] exitcode '1': failure\n[9bceb86e-8526-4f1c-83b9-606d244498bb/build] \u2b50 Run Post Setup Java 11 and Apache Maven\n[9bceb86e-8526-4f1c-83b9-606d244498bb/build]   \ud83d\udc33  docker exec cmd=[node /var/run/act/actions/actions-setup-java@v1/dist/cleanup/index.js] user= workdir=\n[9bceb86e-8526-4f1c-83b9-606d244498bb/build]   \u2705  Success - Post Setup Java 11 and Apache Maven\n[9bceb86e-8526-4f1c-83b9-606d244498bb/build] \ud83c\udfc1  Job failed\n",
        "stderr": "Error: Job 'build' failed\n",
        "workflow": "/tmp/3d783ea4-1661-11ee-8a50-bb14de238602/gluonhq-gluonfx-gradle-plugin/.github/workflows/build-crawler.yml",
        "build_tool": "gradle",
        "elapsed_time": 412.9897174835205
    }
}