{
    "repository": "hash-checker/hash-checker",
    "stars": 101,
    "language": "java",
    "size": 27777,
    "clone_url": "https://github.com/hash-checker/hash-checker.git",
    "timestamp": "2023-06-29T13:48:07.426332Z",
    "clone_success": true,
    "number_of_actions": 1,
    "number_of_test_actions": 1,
    "actions_successful": false,
    "actions_build_tools": [
        "gradle"
    ],
    "actions_test_build_tools": [
        "gradle"
    ],
    "actions_run": {
        "failed": true,
        "tests": [],
        "stdout": "[1e9fe30c-02bd-4ee8-8672-704e3aeadc69/checks_and_tests ] \ud83d\ude80  Start image=crawlergpt:latest\n[1e9fe30c-02bd-4ee8-8672-704e3aeadc69/intergation_tests] \ud83d\ude80  Start image=crawlergpt:latest\n[1e9fe30c-02bd-4ee8-8672-704e3aeadc69/check_licenses   ] \ud83d\ude80  Start image=crawlergpt:latest\n[1e9fe30c-02bd-4ee8-8672-704e3aeadc69/checks_and_tests ]   \ud83d\udc33  docker pull image=crawlergpt:latest platform= username= forcePull=false\n[1e9fe30c-02bd-4ee8-8672-704e3aeadc69/check_licenses   ]   \ud83d\udc33  docker pull image=crawlergpt:latest platform= username= forcePull=false\n[1e9fe30c-02bd-4ee8-8672-704e3aeadc69/intergation_tests]   \ud83d\udc33  docker pull image=crawlergpt:latest platform= username= forcePull=false\n[1e9fe30c-02bd-4ee8-8672-704e3aeadc69/check_licenses   ]   \ud83d\udc33  docker create image=crawlergpt:latest platform= entrypoint=[\"tail\" \"-f\" \"/dev/null\"] cmd=[]\n[1e9fe30c-02bd-4ee8-8672-704e3aeadc69/checks_and_tests ]   \ud83d\udc33  docker create image=crawlergpt:latest platform= entrypoint=[\"tail\" \"-f\" \"/dev/null\"] cmd=[]\n[1e9fe30c-02bd-4ee8-8672-704e3aeadc69/intergation_tests]   \ud83d\udc33  docker create image=crawlergpt:latest platform= entrypoint=[\"tail\" \"-f\" \"/dev/null\"] cmd=[]\n[1e9fe30c-02bd-4ee8-8672-704e3aeadc69/checks_and_tests ]   \ud83d\udc33  docker run image=crawlergpt:latest platform= entrypoint=[\"tail\" \"-f\" \"/dev/null\"] cmd=[]\n[1e9fe30c-02bd-4ee8-8672-704e3aeadc69/check_licenses   ]   \ud83d\udc33  docker run image=crawlergpt:latest platform= entrypoint=[\"tail\" \"-f\" \"/dev/null\"] cmd=[]\n[1e9fe30c-02bd-4ee8-8672-704e3aeadc69/intergation_tests]   \ud83d\udc33  docker run image=crawlergpt:latest platform= entrypoint=[\"tail\" \"-f\" \"/dev/null\"] cmd=[]\n[1e9fe30c-02bd-4ee8-8672-704e3aeadc69/checks_and_tests ]   \ud83d\udc33  docker exec cmd=[chown -R 1012:1013 /tmp/3d783ea4-1661-11ee-8a50-bb14de238602/hash-checker-hash-checker] user=0 workdir=\n[1e9fe30c-02bd-4ee8-8672-704e3aeadc69/intergation_tests]   \ud83d\udc33  docker exec cmd=[chown -R 1012:1013 /tmp/3d783ea4-1661-11ee-8a50-bb14de238602/hash-checker-hash-checker] user=0 workdir=\n[1e9fe30c-02bd-4ee8-8672-704e3aeadc69/check_licenses   ]   \ud83d\udc33  docker exec cmd=[chown -R 1012:1013 /tmp/3d783ea4-1661-11ee-8a50-bb14de238602/hash-checker-hash-checker] user=0 workdir=\n[1e9fe30c-02bd-4ee8-8672-704e3aeadc69/check_licenses   ]   \u2601  git clone 'https://github.com/actions/setup-java' # ref=v1\n[1e9fe30c-02bd-4ee8-8672-704e3aeadc69/intergation_tests]   \u2601  git clone 'https://github.com/actions/setup-java' # ref=v1\n[1e9fe30c-02bd-4ee8-8672-704e3aeadc69/checks_and_tests ]   \u2601  git clone 'https://github.com/actions/setup-java' # ref=v1\n[1e9fe30c-02bd-4ee8-8672-704e3aeadc69/check_licenses   ]   \u2601  git clone 'https://github.com/pilosus/action-pip-license-checker' # ref=v0.5.0\n[1e9fe30c-02bd-4ee8-8672-704e3aeadc69/intergation_tests]   \u2601  git clone 'https://github.com/reactivecircus/android-emulator-runner' # ref=v2\n[1e9fe30c-02bd-4ee8-8672-704e3aeadc69/checks_and_tests ]   \u2601  git clone 'https://github.com/codecov/codecov-action' # ref=v1\n[1e9fe30c-02bd-4ee8-8672-704e3aeadc69/check_licenses   ]   \u2601  git clone 'https://github.com/pilosus/action-pip-license-checker' # ref=v0.5.0\n[1e9fe30c-02bd-4ee8-8672-704e3aeadc69/intergation_tests]   \u2601  git clone 'https://github.com/codecov/codecov-action' # ref=v1\n[1e9fe30c-02bd-4ee8-8672-704e3aeadc69/checks_and_tests ] \u2b50 Run Main actions/checkout@v2\n[1e9fe30c-02bd-4ee8-8672-704e3aeadc69/checks_and_tests ]   \u2705  Success - Main actions/checkout@v2\n[1e9fe30c-02bd-4ee8-8672-704e3aeadc69/check_licenses   ] \u2b50 Run Main actions/checkout@v2\n[1e9fe30c-02bd-4ee8-8672-704e3aeadc69/check_licenses   ]   \u2705  Success - Main actions/checkout@v2\n[1e9fe30c-02bd-4ee8-8672-704e3aeadc69/checks_and_tests ] \u2b50 Run Main Set up JDK 11\n[1e9fe30c-02bd-4ee8-8672-704e3aeadc69/checks_and_tests ]   \ud83d\udc33  docker cp src=/tmp/act-cache/15c2a410-19f1-4d0e-b4ac-0b9969e135e8/act/actions-setup-java@v1/ dst=/var/run/act/actions/actions-setup-java@v1/\n[1e9fe30c-02bd-4ee8-8672-704e3aeadc69/check_licenses   ] \u2b50 Run Main Set up JDK 11\n[1e9fe30c-02bd-4ee8-8672-704e3aeadc69/checks_and_tests ]   \ud83d\udc33  docker exec cmd=[chown -R 1012:1013 /var/run/act/actions/actions-setup-java@v1/] user=0 workdir=\n[1e9fe30c-02bd-4ee8-8672-704e3aeadc69/check_licenses   ]   \ud83d\udc33  docker cp src=/tmp/act-cache/15c2a410-19f1-4d0e-b4ac-0b9969e135e8/act/actions-setup-java@v1/ dst=/var/run/act/actions/actions-setup-java@v1/\n[1e9fe30c-02bd-4ee8-8672-704e3aeadc69/check_licenses   ]   \ud83d\udc33  docker exec cmd=[chown -R 1012:1013 /var/run/act/actions/actions-setup-java@v1/] user=0 workdir=\n[1e9fe30c-02bd-4ee8-8672-704e3aeadc69/intergation_tests] \u2b50 Run Main actions/checkout@v2\n[1e9fe30c-02bd-4ee8-8672-704e3aeadc69/intergation_tests]   \u2705  Success - Main actions/checkout@v2\n[1e9fe30c-02bd-4ee8-8672-704e3aeadc69/intergation_tests] \u2b50 Run Main Set up JDK 11\n[1e9fe30c-02bd-4ee8-8672-704e3aeadc69/intergation_tests]   \ud83d\udc33  docker cp src=/tmp/act-cache/15c2a410-19f1-4d0e-b4ac-0b9969e135e8/act/actions-setup-java@v1/ dst=/var/run/act/actions/actions-setup-java@v1/\n[1e9fe30c-02bd-4ee8-8672-704e3aeadc69/intergation_tests]   \ud83d\udc33  docker exec cmd=[chown -R 1012:1013 /var/run/act/actions/actions-setup-java@v1/] user=0 workdir=\n[1e9fe30c-02bd-4ee8-8672-704e3aeadc69/intergation_tests]   \ud83d\udc33  docker exec cmd=[node /var/run/act/actions/actions-setup-java@v1/dist/setup/index.js] user= workdir=\n[1e9fe30c-02bd-4ee8-8672-704e3aeadc69/checks_and_tests ]   \ud83d\udc33  docker exec cmd=[node /var/run/act/actions/actions-setup-java@v1/dist/setup/index.js] user= workdir=\n[1e9fe30c-02bd-4ee8-8672-704e3aeadc69/check_licenses   ]   \ud83d\udc33  docker exec cmd=[node /var/run/act/actions/actions-setup-java@v1/dist/setup/index.js] user= workdir=\n[1e9fe30c-02bd-4ee8-8672-704e3aeadc69/checks_and_tests ]   \ud83d\udcac  ::debug::isExplicit: \n[1e9fe30c-02bd-4ee8-8672-704e3aeadc69/checks_and_tests ]   \ud83d\udcac  ::debug::explicit? false\n[1e9fe30c-02bd-4ee8-8672-704e3aeadc69/checks_and_tests ]   \ud83d\udcac  ::debug::evaluating 0 versions\n[1e9fe30c-02bd-4ee8-8672-704e3aeadc69/checks_and_tests ]   \ud83d\udcac  ::debug::match not found\n[1e9fe30c-02bd-4ee8-8672-704e3aeadc69/checks_and_tests ]   \ud83d\udcac  ::debug::Downloading JDK from Azul\n[1e9fe30c-02bd-4ee8-8672-704e3aeadc69/intergation_tests]   \ud83d\udcac  ::debug::isExplicit: \n[1e9fe30c-02bd-4ee8-8672-704e3aeadc69/intergation_tests]   \ud83d\udcac  ::debug::explicit? false\n[1e9fe30c-02bd-4ee8-8672-704e3aeadc69/intergation_tests]   \ud83d\udcac  ::debug::evaluating 0 versions\n[1e9fe30c-02bd-4ee8-8672-704e3aeadc69/intergation_tests]   \ud83d\udcac  ::debug::match not found\n[1e9fe30c-02bd-4ee8-8672-704e3aeadc69/intergation_tests]   \ud83d\udcac  ::debug::Downloading JDK from Azul\n[1e9fe30c-02bd-4ee8-8672-704e3aeadc69/check_licenses   ]   \ud83d\udcac  ::debug::isExplicit: \n[1e9fe30c-02bd-4ee8-8672-704e3aeadc69/check_licenses   ]   \ud83d\udcac  ::debug::explicit? false\n[1e9fe30c-02bd-4ee8-8672-704e3aeadc69/check_licenses   ]   \ud83d\udcac  ::debug::evaluating 0 versions\n[1e9fe30c-02bd-4ee8-8672-704e3aeadc69/check_licenses   ]   \ud83d\udcac  ::debug::match not found\n[1e9fe30c-02bd-4ee8-8672-704e3aeadc69/check_licenses   ]   \ud83d\udcac  ::debug::Downloading JDK from Azul\n[1e9fe30c-02bd-4ee8-8672-704e3aeadc69/checks_and_tests ]   \ud83d\udcac  ::debug::Searching for files with extension: -linux_x64.tar.gz\n[1e9fe30c-02bd-4ee8-8672-704e3aeadc69/check_licenses   ]   \ud83d\udcac  ::debug::Searching for files with extension: -linux_x64.tar.gz\n[1e9fe30c-02bd-4ee8-8672-704e3aeadc69/intergation_tests]   \ud83d\udcac  ::debug::Searching for files with extension: -linux_x64.tar.gz\n[1e9fe30c-02bd-4ee8-8672-704e3aeadc69/checks_and_tests ]   \ud83d\udcac  ::debug::Downloading https://static.azul.com/zulu/bin/zulu11.64.19-ca-jdk11.0.19-linux_x64.tar.gz\n[1e9fe30c-02bd-4ee8-8672-704e3aeadc69/checks_and_tests ]   \ud83d\udcac  ::debug::Downloading /tmp/9595d2ff-5602-4fdb-b520-4962210699bf\n[1e9fe30c-02bd-4ee8-8672-704e3aeadc69/check_licenses   ]   \ud83d\udcac  ::debug::Downloading https://static.azul.com/zulu/bin/zulu11.64.19-ca-jdk11.0.19-linux_x64.tar.gz\n[1e9fe30c-02bd-4ee8-8672-704e3aeadc69/check_licenses   ]   \ud83d\udcac  ::debug::Downloading /tmp/d15de2b0-dbf2-4e28-a448-f6b167fcf75d\n[1e9fe30c-02bd-4ee8-8672-704e3aeadc69/intergation_tests]   \ud83d\udcac  ::debug::Downloading https://static.azul.com/zulu/bin/zulu11.64.19-ca-jdk11.0.19-linux_x64.tar.gz\n[1e9fe30c-02bd-4ee8-8672-704e3aeadc69/intergation_tests]   \ud83d\udcac  ::debug::Downloading /tmp/1c73e76c-0633-45e2-b730-6420e27a2f59\n[1e9fe30c-02bd-4ee8-8672-704e3aeadc69/checks_and_tests ]   \ud83d\udcac  ::debug::download complete\n[1e9fe30c-02bd-4ee8-8672-704e3aeadc69/checks_and_tests ]   | [command]/usr/bin/tar --version\n[1e9fe30c-02bd-4ee8-8672-704e3aeadc69/checks_and_tests ]   | tar (GNU tar) 1.30\n[1e9fe30c-02bd-4ee8-8672-704e3aeadc69/checks_and_tests ]   | Copyright (C) 2017 Free Software Foundation, Inc.\n[1e9fe30c-02bd-4ee8-8672-704e3aeadc69/checks_and_tests ]   | License GPLv3+: GNU GPL version 3 or later <https://gnu.org/licenses/gpl.html>.\n[1e9fe30c-02bd-4ee8-8672-704e3aeadc69/checks_and_tests ]   | This is free software: you are free to change and redistribute it.\n[1e9fe30c-02bd-4ee8-8672-704e3aeadc69/checks_and_tests ]   | There is NO WARRANTY, to the extent permitted by law.\n[1e9fe30c-02bd-4ee8-8672-704e3aeadc69/checks_and_tests ]   | \n[1e9fe30c-02bd-4ee8-8672-704e3aeadc69/checks_and_tests ]   | Written by John Gilmore and Jay Fenlason.\n[1e9fe30c-02bd-4ee8-8672-704e3aeadc69/checks_and_tests ]   | [command]/usr/bin/tar xz --warning=no-unknown-keyword -C /tmp/temp_917089988 -f /tmp/9595d2ff-5602-4fdb-b520-4962210699bf\n[1e9fe30c-02bd-4ee8-8672-704e3aeadc69/intergation_tests]   \ud83d\udcac  ::debug::download complete\n[1e9fe30c-02bd-4ee8-8672-704e3aeadc69/intergation_tests]   | [command]/usr/bin/tar --version\n[1e9fe30c-02bd-4ee8-8672-704e3aeadc69/intergation_tests]   | tar (GNU tar) 1.30\n[1e9fe30c-02bd-4ee8-8672-704e3aeadc69/intergation_tests]   | Copyright (C) 2017 Free Software Foundation, Inc.\n[1e9fe30c-02bd-4ee8-8672-704e3aeadc69/intergation_tests]   | License GPLv3+: GNU GPL version 3 or later <https://gnu.org/licenses/gpl.html>.\n[1e9fe30c-02bd-4ee8-8672-704e3aeadc69/intergation_tests]   | This is free software: you are free to change and redistribute it.\n[1e9fe30c-02bd-4ee8-8672-704e3aeadc69/intergation_tests]   | There is NO WARRANTY, to the extent permitted by law.\n[1e9fe30c-02bd-4ee8-8672-704e3aeadc69/intergation_tests]   | \n[1e9fe30c-02bd-4ee8-8672-704e3aeadc69/intergation_tests]   | Written by John Gilmore and Jay Fenlason.\n[1e9fe30c-02bd-4ee8-8672-704e3aeadc69/intergation_tests]   | [command]/usr/bin/tar xz --warning=no-unknown-keyword -C /tmp/temp_727744366 -f /tmp/1c73e76c-0633-45e2-b730-6420e27a2f59\n[1e9fe30c-02bd-4ee8-8672-704e3aeadc69/check_licenses   ]   \ud83d\udcac  ::debug::download complete\n[1e9fe30c-02bd-4ee8-8672-704e3aeadc69/check_licenses   ]   | [command]/usr/bin/tar --version\n[1e9fe30c-02bd-4ee8-8672-704e3aeadc69/check_licenses   ]   | tar (GNU tar) 1.30\n[1e9fe30c-02bd-4ee8-8672-704e3aeadc69/check_licenses   ]   | Copyright (C) 2017 Free Software Foundation, Inc.\n[1e9fe30c-02bd-4ee8-8672-704e3aeadc69/check_licenses   ]   | License GPLv3+: GNU GPL version 3 or later <https://gnu.org/licenses/gpl.html>.\n[1e9fe30c-02bd-4ee8-8672-704e3aeadc69/check_licenses   ]   | This is free software: you are free to change and redistribute it.\n[1e9fe30c-02bd-4ee8-8672-704e3aeadc69/check_licenses   ]   | There is NO WARRANTY, to the extent permitted by law.\n[1e9fe30c-02bd-4ee8-8672-704e3aeadc69/check_licenses   ]   | \n[1e9fe30c-02bd-4ee8-8672-704e3aeadc69/check_licenses   ]   | Written by John Gilmore and Jay Fenlason.\n[1e9fe30c-02bd-4ee8-8672-704e3aeadc69/check_licenses   ]   | [command]/usr/bin/tar xz --warning=no-unknown-keyword -C /tmp/temp_1471129661 -f /tmp/d15de2b0-dbf2-4e28-a448-f6b167fcf75d\n[1e9fe30c-02bd-4ee8-8672-704e3aeadc69/checks_and_tests ]   \ud83d\udcac  ::debug::jdk extracted to /tmp/temp_917089988/zulu11.64.19-ca-jdk11.0.19-linux_x64\n[1e9fe30c-02bd-4ee8-8672-704e3aeadc69/checks_and_tests ]   \ud83d\udcac  ::debug::Caching tool jdk 11.0.19 x64\n[1e9fe30c-02bd-4ee8-8672-704e3aeadc69/checks_and_tests ]   \ud83d\udcac  ::debug::source dir: /tmp/temp_917089988/zulu11.64.19-ca-jdk11.0.19-linux_x64\n[1e9fe30c-02bd-4ee8-8672-704e3aeadc69/checks_and_tests ]   \ud83d\udcac  ::debug::destination /opt/hostedtoolcache/jdk/11.0.19/x64\n[1e9fe30c-02bd-4ee8-8672-704e3aeadc69/intergation_tests]   \ud83d\udcac  ::debug::jdk extracted to /tmp/temp_727744366/zulu11.64.19-ca-jdk11.0.19-linux_x64\n[1e9fe30c-02bd-4ee8-8672-704e3aeadc69/intergation_tests]   \ud83d\udcac  ::debug::Caching tool jdk 11.0.19 x64\n[1e9fe30c-02bd-4ee8-8672-704e3aeadc69/intergation_tests]   \ud83d\udcac  ::debug::source dir: /tmp/temp_727744366/zulu11.64.19-ca-jdk11.0.19-linux_x64\n[1e9fe30c-02bd-4ee8-8672-704e3aeadc69/intergation_tests]   \ud83d\udcac  ::debug::destination /opt/hostedtoolcache/jdk/11.0.19/x64\n[1e9fe30c-02bd-4ee8-8672-704e3aeadc69/check_licenses   ]   \ud83d\udcac  ::debug::jdk extracted to /tmp/temp_1471129661/zulu11.64.19-ca-jdk11.0.19-linux_x64\n[1e9fe30c-02bd-4ee8-8672-704e3aeadc69/check_licenses   ]   \ud83d\udcac  ::debug::Caching tool jdk 11.0.19 x64\n[1e9fe30c-02bd-4ee8-8672-704e3aeadc69/check_licenses   ]   \ud83d\udcac  ::debug::source dir: /tmp/temp_1471129661/zulu11.64.19-ca-jdk11.0.19-linux_x64\n[1e9fe30c-02bd-4ee8-8672-704e3aeadc69/check_licenses   ]   \ud83d\udcac  ::debug::destination /opt/hostedtoolcache/jdk/11.0.19/x64\n[1e9fe30c-02bd-4ee8-8672-704e3aeadc69/checks_and_tests ]   \ud83d\udcac  ::debug::finished caching tool\n[1e9fe30c-02bd-4ee8-8672-704e3aeadc69/checks_and_tests ]   \u2753 add-matcher /run/act/actions/actions-setup-java@v1/.github/java.json\n[1e9fe30c-02bd-4ee8-8672-704e3aeadc69/checks_and_tests ]   | creating settings.xml with server-id: github; environment variables: username=$GITHUB_ACTOR, password=$GITHUB_TOKEN, and gpg-passphrase=null\n[1e9fe30c-02bd-4ee8-8672-704e3aeadc69/checks_and_tests ]   \ud83d\udcac  ::debug::created directory /home/runneradmin/.m2\n[1e9fe30c-02bd-4ee8-8672-704e3aeadc69/checks_and_tests ]   | writing /home/runneradmin/.m2/settings.xml\n[1e9fe30c-02bd-4ee8-8672-704e3aeadc69/checks_and_tests ]   \u2705  Success - Main Set up JDK 11\n[1e9fe30c-02bd-4ee8-8672-704e3aeadc69/checks_and_tests ]   \u2699  ::set-env:: JAVA_HOME_11.0.19_x64=/opt/hostedtoolcache/jdk/11.0.19/x64\n[1e9fe30c-02bd-4ee8-8672-704e3aeadc69/checks_and_tests ]   \u2699  ::set-env:: JAVA_HOME=/opt/hostedtoolcache/jdk/11.0.19/x64\n[1e9fe30c-02bd-4ee8-8672-704e3aeadc69/checks_and_tests ]   \u2699  ::set-env:: JAVA_HOME_11_0_19_X64=/opt/hostedtoolcache/jdk/11.0.19/x64\n[1e9fe30c-02bd-4ee8-8672-704e3aeadc69/checks_and_tests ]   \u2699  ::set-output:: path=/opt/hostedtoolcache/jdk/11.0.19/x64\n[1e9fe30c-02bd-4ee8-8672-704e3aeadc69/checks_and_tests ]   \u2699  ::set-output:: version=11.0.19\n[1e9fe30c-02bd-4ee8-8672-704e3aeadc69/checks_and_tests ]   \u2699  ::add-path:: /opt/hostedtoolcache/jdk/11.0.19/x64/bin\n[1e9fe30c-02bd-4ee8-8672-704e3aeadc69/checks_and_tests ] \u2b50 Run Main Build with Gradle\n[1e9fe30c-02bd-4ee8-8672-704e3aeadc69/checks_and_tests ]   \ud83d\udc33  docker exec cmd=[bash --noprofile --norc -e -o pipefail /var/run/act/workflow/2] user= workdir=\n[1e9fe30c-02bd-4ee8-8672-704e3aeadc69/intergation_tests]   \ud83d\udcac  ::debug::finished caching tool\n[1e9fe30c-02bd-4ee8-8672-704e3aeadc69/intergation_tests]   \u2753 add-matcher /run/act/actions/actions-setup-java@v1/.github/java.json\n[1e9fe30c-02bd-4ee8-8672-704e3aeadc69/intergation_tests]   | creating settings.xml with server-id: github; environment variables: username=$GITHUB_ACTOR, password=$GITHUB_TOKEN, and gpg-passphrase=null\n[1e9fe30c-02bd-4ee8-8672-704e3aeadc69/intergation_tests]   \ud83d\udcac  ::debug::created directory /home/runneradmin/.m2\n[1e9fe30c-02bd-4ee8-8672-704e3aeadc69/intergation_tests]   | writing /home/runneradmin/.m2/settings.xml\n[1e9fe30c-02bd-4ee8-8672-704e3aeadc69/intergation_tests]   \u2705  Success - Main Set up JDK 11\n[1e9fe30c-02bd-4ee8-8672-704e3aeadc69/intergation_tests]   \u2699  ::set-env:: JAVA_HOME_11_0_19_X64=/opt/hostedtoolcache/jdk/11.0.19/x64\n[1e9fe30c-02bd-4ee8-8672-704e3aeadc69/intergation_tests]   \u2699  ::set-env:: JAVA_HOME_11.0.19_x64=/opt/hostedtoolcache/jdk/11.0.19/x64\n[1e9fe30c-02bd-4ee8-8672-704e3aeadc69/intergation_tests]   \u2699  ::set-env:: JAVA_HOME=/opt/hostedtoolcache/jdk/11.0.19/x64\n[1e9fe30c-02bd-4ee8-8672-704e3aeadc69/intergation_tests]   \u2699  ::set-output:: path=/opt/hostedtoolcache/jdk/11.0.19/x64\n[1e9fe30c-02bd-4ee8-8672-704e3aeadc69/intergation_tests]   \u2699  ::set-output:: version=11.0.19\n[1e9fe30c-02bd-4ee8-8672-704e3aeadc69/intergation_tests]   \u2699  ::add-path:: /opt/hostedtoolcache/jdk/11.0.19/x64/bin\n[1e9fe30c-02bd-4ee8-8672-704e3aeadc69/intergation_tests] \u2b50 Run Main Run Instrumentation tests\n[1e9fe30c-02bd-4ee8-8672-704e3aeadc69/intergation_tests]   \ud83d\udc33  docker cp src=/tmp/act-cache/15c2a410-19f1-4d0e-b4ac-0b9969e135e8/act/reactivecircus-android-emulator-runner@v2/ dst=/var/run/act/actions/reactivecircus-android-emulator-runner@v2/\n[1e9fe30c-02bd-4ee8-8672-704e3aeadc69/check_licenses   ]   \ud83d\udcac  ::debug::finished caching tool\n[1e9fe30c-02bd-4ee8-8672-704e3aeadc69/check_licenses   ]   \u2753 add-matcher /run/act/actions/actions-setup-java@v1/.github/java.json\n[1e9fe30c-02bd-4ee8-8672-704e3aeadc69/check_licenses   ]   | creating settings.xml with server-id: github; environment variables: username=$GITHUB_ACTOR, password=$GITHUB_TOKEN, and gpg-passphrase=null\n[1e9fe30c-02bd-4ee8-8672-704e3aeadc69/check_licenses   ]   \ud83d\udcac  ::debug::created directory /home/runneradmin/.m2\n[1e9fe30c-02bd-4ee8-8672-704e3aeadc69/check_licenses   ]   | writing /home/runneradmin/.m2/settings.xml\n[1e9fe30c-02bd-4ee8-8672-704e3aeadc69/check_licenses   ]   \u2705  Success - Main Set up JDK 11\n[1e9fe30c-02bd-4ee8-8672-704e3aeadc69/intergation_tests]   \ud83d\udc33  docker exec cmd=[chown -R 1012:1013 /var/run/act/actions/reactivecircus-android-emulator-runner@v2/] user=0 workdir=\n[1e9fe30c-02bd-4ee8-8672-704e3aeadc69/check_licenses   ]   \u2699  ::set-env:: JAVA_HOME_11.0.19_x64=/opt/hostedtoolcache/jdk/11.0.19/x64\n[1e9fe30c-02bd-4ee8-8672-704e3aeadc69/check_licenses   ]   \u2699  ::set-env:: JAVA_HOME=/opt/hostedtoolcache/jdk/11.0.19/x64\n[1e9fe30c-02bd-4ee8-8672-704e3aeadc69/check_licenses   ]   \u2699  ::set-env:: JAVA_HOME_11_0_19_X64=/opt/hostedtoolcache/jdk/11.0.19/x64\n[1e9fe30c-02bd-4ee8-8672-704e3aeadc69/check_licenses   ]   \u2699  ::set-output:: version=11.0.19\n[1e9fe30c-02bd-4ee8-8672-704e3aeadc69/check_licenses   ]   \u2699  ::set-output:: path=/opt/hostedtoolcache/jdk/11.0.19/x64\n[1e9fe30c-02bd-4ee8-8672-704e3aeadc69/check_licenses   ]   \u2699  ::add-path:: /opt/hostedtoolcache/jdk/11.0.19/x64/bin\n[1e9fe30c-02bd-4ee8-8672-704e3aeadc69/check_licenses   ] \u2b50 Run Main Generate Google Play flavor licenses report\n[1e9fe30c-02bd-4ee8-8672-704e3aeadc69/check_licenses   ]   \ud83d\udc33  docker exec cmd=[bash --noprofile --norc -e -o pipefail /var/run/act/workflow/2] user= workdir=\n[1e9fe30c-02bd-4ee8-8672-704e3aeadc69/intergation_tests]   \ud83d\udc33  docker exec cmd=[node /var/run/act/actions/reactivecircus-android-emulator-runner@v2/lib/main.js] user= workdir=\n[1e9fe30c-02bd-4ee8-8672-704e3aeadc69/checks_and_tests ]   | Downloading https://services.gradle.org/distributions/gradle-7.5-all.zip\n[1e9fe30c-02bd-4ee8-8672-704e3aeadc69/check_licenses   ]   | Downloading https://services.gradle.org/distributions/gradle-7.5-all.zip\n[1e9fe30c-02bd-4ee8-8672-704e3aeadc69/checks_and_tests ]   | ..............................................................................................................................................................\n[1e9fe30c-02bd-4ee8-8672-704e3aeadc69/checks_and_tests ]   | Unzipping /home/runneradmin/.gradle/wrapper/dists/gradle-7.5-all/6qsw290k5lz422uaf8jf6m7co/gradle-7.5-all.zip to /home/runneradmin/.gradle/wrapper/dists/gradle-7.5-all/6qsw290k5lz422uaf8jf6m7co\n[1e9fe30c-02bd-4ee8-8672-704e3aeadc69/intergation_tests]   \u2753  ::group::Configure emulator\n[1e9fe30c-02bd-4ee8-8672-704e3aeadc69/intergation_tests]   | You're running a Linux VM where hardware acceleration is not available. Please consider using a macOS VM instead to take advantage of native hardware acceleration support provided by HAXM.\n[1e9fe30c-02bd-4ee8-8672-704e3aeadc69/intergation_tests]   | API level: 27\n[1e9fe30c-02bd-4ee8-8672-704e3aeadc69/intergation_tests]   | target: default\n[1e9fe30c-02bd-4ee8-8672-704e3aeadc69/intergation_tests]   | CPU architecture: x86\n[1e9fe30c-02bd-4ee8-8672-704e3aeadc69/intergation_tests]   | Hardware profile: Nexus 6\n[1e9fe30c-02bd-4ee8-8672-704e3aeadc69/intergation_tests]   | Cores: 2\n[1e9fe30c-02bd-4ee8-8672-704e3aeadc69/intergation_tests]   | RAM size: \n[1e9fe30c-02bd-4ee8-8672-704e3aeadc69/intergation_tests]   | Heap size: \n[1e9fe30c-02bd-4ee8-8672-704e3aeadc69/intergation_tests]   | SD card path or size: \n[1e9fe30c-02bd-4ee8-8672-704e3aeadc69/intergation_tests]   | Disk size: \n[1e9fe30c-02bd-4ee8-8672-704e3aeadc69/intergation_tests]   | AVD name: test\n[1e9fe30c-02bd-4ee8-8672-704e3aeadc69/intergation_tests]   | force avd creation: true\n[1e9fe30c-02bd-4ee8-8672-704e3aeadc69/intergation_tests]   | Emulator boot timeout: 600\n[1e9fe30c-02bd-4ee8-8672-704e3aeadc69/intergation_tests]   | emulator options: -no-window -gpu swiftshader_indirect -no-snapshot -noaudio -no-boot-anim\n[1e9fe30c-02bd-4ee8-8672-704e3aeadc69/intergation_tests]   | disable animations: true\n[1e9fe30c-02bd-4ee8-8672-704e3aeadc69/intergation_tests]   | disable spellchecker: false\n[1e9fe30c-02bd-4ee8-8672-704e3aeadc69/intergation_tests]   | disable Linux hardware acceleration: true\n[1e9fe30c-02bd-4ee8-8672-704e3aeadc69/intergation_tests]   | enable hardware keyboard: false\n[1e9fe30c-02bd-4ee8-8672-704e3aeadc69/intergation_tests]   | Channel: 0 (stable)\n[1e9fe30c-02bd-4ee8-8672-704e3aeadc69/intergation_tests]   | Script:\n[1e9fe30c-02bd-4ee8-8672-704e3aeadc69/intergation_tests]   | ./gradlew -Pandroid.testInstrumentationRunnerArguments.class=com.smlnskgmail.jaman.hashchecker.AndroidTestSuite connectedCheck --stacktrace\n[1e9fe30c-02bd-4ee8-8672-704e3aeadc69/intergation_tests]   | Pre emulator launch script:\n[1e9fe30c-02bd-4ee8-8672-704e3aeadc69/intergation_tests]   \u2753  ::endgroup::\n[1e9fe30c-02bd-4ee8-8672-704e3aeadc69/intergation_tests]   \u2753  ::group::Install Android SDK\n[1e9fe30c-02bd-4ee8-8672-704e3aeadc69/intergation_tests]   | [command]/usr/bin/sh -c \\sudo chown $USER:$USER undefined -R\n[1e9fe30c-02bd-4ee8-8672-704e3aeadc69/intergation_tests]   | chown: cannot access 'undefined': No such file or directory\n[1e9fe30c-02bd-4ee8-8672-704e3aeadc69/intergation_tests]   \u2753  ::endgroup::\n[1e9fe30c-02bd-4ee8-8672-704e3aeadc69/intergation_tests]   \u2753  ::group::Terminate Emulator\n[1e9fe30c-02bd-4ee8-8672-704e3aeadc69/intergation_tests]   | Unable to locate executable file: adb. Please verify either the file path exists or the file can be found within a directory specified by the PATH environment variable. Also check the file mode to verify the file is executable.\n[1e9fe30c-02bd-4ee8-8672-704e3aeadc69/intergation_tests]   \u2753  ::endgroup::\n[1e9fe30c-02bd-4ee8-8672-704e3aeadc69/intergation_tests]   \u2757  ::error::The process '/usr/bin/sh' failed with exit code 1\n[1e9fe30c-02bd-4ee8-8672-704e3aeadc69/intergation_tests]   \u274c  Failure - Main Run Instrumentation tests\n[1e9fe30c-02bd-4ee8-8672-704e3aeadc69/intergation_tests] exitcode '1': failure\n[1e9fe30c-02bd-4ee8-8672-704e3aeadc69/intergation_tests] \u2b50 Run Post Set up JDK 11\n[1e9fe30c-02bd-4ee8-8672-704e3aeadc69/intergation_tests]   \ud83d\udc33  docker exec cmd=[node /var/run/act/actions/actions-setup-java@v1/dist/cleanup/index.js] user= workdir=\n[1e9fe30c-02bd-4ee8-8672-704e3aeadc69/check_licenses   ]   | ..............................................................................................................................................................\n[1e9fe30c-02bd-4ee8-8672-704e3aeadc69/check_licenses   ]   | Unzipping /home/runneradmin/.gradle/wrapper/dists/gradle-7.5-all/6qsw290k5lz422uaf8jf6m7co/gradle-7.5-all.zip to /home/runneradmin/.gradle/wrapper/dists/gradle-7.5-all/6qsw290k5lz422uaf8jf6m7co\n[1e9fe30c-02bd-4ee8-8672-704e3aeadc69/checks_and_tests ]   | Set executable permissions for: /home/runneradmin/.gradle/wrapper/dists/gradle-7.5-all/6qsw290k5lz422uaf8jf6m7co/gradle-7.5/bin/gradle\n[1e9fe30c-02bd-4ee8-8672-704e3aeadc69/checks_and_tests ]   | \n[1e9fe30c-02bd-4ee8-8672-704e3aeadc69/checks_and_tests ]   | Welcome to Gradle 7.5!\n[1e9fe30c-02bd-4ee8-8672-704e3aeadc69/checks_and_tests ]   | \n[1e9fe30c-02bd-4ee8-8672-704e3aeadc69/checks_and_tests ]   | Here are the highlights of this release:\n[1e9fe30c-02bd-4ee8-8672-704e3aeadc69/checks_and_tests ]   |  - Support for Java 18\n[1e9fe30c-02bd-4ee8-8672-704e3aeadc69/checks_and_tests ]   |  - Support for building with Groovy 4\n[1e9fe30c-02bd-4ee8-8672-704e3aeadc69/checks_and_tests ]   |  - Much more responsive continuous builds\n[1e9fe30c-02bd-4ee8-8672-704e3aeadc69/checks_and_tests ]   |  - Improved diagnostics for dependency resolution\n[1e9fe30c-02bd-4ee8-8672-704e3aeadc69/checks_and_tests ]   | \n[1e9fe30c-02bd-4ee8-8672-704e3aeadc69/checks_and_tests ]   | For more details see https://docs.gradle.org/7.5/release-notes.html\n[1e9fe30c-02bd-4ee8-8672-704e3aeadc69/checks_and_tests ]   | \n[1e9fe30c-02bd-4ee8-8672-704e3aeadc69/checks_and_tests ]   | Starting a Gradle Daemon (subsequent builds will be faster)\n[1e9fe30c-02bd-4ee8-8672-704e3aeadc69/check_licenses   ]   | Set executable permissions for: /home/runneradmin/.gradle/wrapper/dists/gradle-7.5-all/6qsw290k5lz422uaf8jf6m7co/gradle-7.5/bin/gradle\n[1e9fe30c-02bd-4ee8-8672-704e3aeadc69/checks_and_tests ]   | Configuration on demand is an incubating feature.\n[1e9fe30c-02bd-4ee8-8672-704e3aeadc69/intergation_tests]   \u2705  Success - Post Set up JDK 11\n[1e9fe30c-02bd-4ee8-8672-704e3aeadc69/check_licenses   ]   | \n[1e9fe30c-02bd-4ee8-8672-704e3aeadc69/check_licenses   ]   | Welcome to Gradle 7.5!\n[1e9fe30c-02bd-4ee8-8672-704e3aeadc69/check_licenses   ]   | \n[1e9fe30c-02bd-4ee8-8672-704e3aeadc69/check_licenses   ]   | Here are the highlights of this release:\n[1e9fe30c-02bd-4ee8-8672-704e3aeadc69/check_licenses   ]   |  - Support for Java 18\n[1e9fe30c-02bd-4ee8-8672-704e3aeadc69/check_licenses   ]   |  - Support for building with Groovy 4\n[1e9fe30c-02bd-4ee8-8672-704e3aeadc69/check_licenses   ]   |  - Much more responsive continuous builds\n[1e9fe30c-02bd-4ee8-8672-704e3aeadc69/check_licenses   ]   |  - Improved diagnostics for dependency resolution\n[1e9fe30c-02bd-4ee8-8672-704e3aeadc69/check_licenses   ]   | \n[1e9fe30c-02bd-4ee8-8672-704e3aeadc69/check_licenses   ]   | For more details see https://docs.gradle.org/7.5/release-notes.html\n[1e9fe30c-02bd-4ee8-8672-704e3aeadc69/check_licenses   ]   | \n[1e9fe30c-02bd-4ee8-8672-704e3aeadc69/check_licenses   ]   | Starting a Gradle Daemon (subsequent builds will be faster)\n[1e9fe30c-02bd-4ee8-8672-704e3aeadc69/check_licenses   ]   | Configuration on demand is an incubating feature.\n[1e9fe30c-02bd-4ee8-8672-704e3aeadc69/intergation_tests] \ud83c\udfc1  Job failed\n[1e9fe30c-02bd-4ee8-8672-704e3aeadc69/checks_and_tests ]   | \n[1e9fe30c-02bd-4ee8-8672-704e3aeadc69/checks_and_tests ]   | FAILURE: Build failed with an exception.\n[1e9fe30c-02bd-4ee8-8672-704e3aeadc69/checks_and_tests ]   | \n[1e9fe30c-02bd-4ee8-8672-704e3aeadc69/checks_and_tests ]   | * Where:\n[1e9fe30c-02bd-4ee8-8672-704e3aeadc69/checks_and_tests ]   | Build file '/tmp/3d783ea4-1661-11ee-8a50-bb14de238602/hash-checker-hash-checker/app/build.gradle' line: 80\n[1e9fe30c-02bd-4ee8-8672-704e3aeadc69/checks_and_tests ]   | \n[1e9fe30c-02bd-4ee8-8672-704e3aeadc69/checks_and_tests ]   | * What went wrong:\n[1e9fe30c-02bd-4ee8-8672-704e3aeadc69/checks_and_tests ]   | A problem occurred evaluating project ':app'.\n[1e9fe30c-02bd-4ee8-8672-704e3aeadc69/checks_and_tests ]   | > You should define sign keys in gradle.properties or int ENV.\n[1e9fe30c-02bd-4ee8-8672-704e3aeadc69/checks_and_tests ]   | \n[1e9fe30c-02bd-4ee8-8672-704e3aeadc69/checks_and_tests ]   | * Try:\n[1e9fe30c-02bd-4ee8-8672-704e3aeadc69/checks_and_tests ]   | > Run with --info or --debug option to get more log output.\n[1e9fe30c-02bd-4ee8-8672-704e3aeadc69/checks_and_tests ]   | > Run with --scan to get full insights.\n[1e9fe30c-02bd-4ee8-8672-704e3aeadc69/checks_and_tests ]   | \n[1e9fe30c-02bd-4ee8-8672-704e3aeadc69/checks_and_tests ]   | * Exception is:\n[1e9fe30c-02bd-4ee8-8672-704e3aeadc69/checks_and_tests ]   | org.gradle.api.GradleScriptException: A problem occurred evaluating project ':app'.\n[1e9fe30c-02bd-4ee8-8672-704e3aeadc69/checks_and_tests ]   | \tat org.gradle.groovy.scripts.internal.DefaultScriptRunnerFactory$ScriptRunnerImpl.run(DefaultScriptRunnerFactory.java:93)\n[1e9fe30c-02bd-4ee8-8672-704e3aeadc69/checks_and_tests ]   | \tat org.gradle.configuration.DefaultScriptPluginFactory$ScriptPluginImpl.lambda$apply$0(DefaultScriptPluginFactory.java:133)\n[1e9fe30c-02bd-4ee8-8672-704e3aeadc69/checks_and_tests ]   | \tat org.gradle.configuration.ProjectScriptTarget.addConfiguration(ProjectScriptTarget.java:79)\n[1e9fe30c-02bd-4ee8-8672-704e3aeadc69/checks_and_tests ]   | \tat org.gradle.configuration.DefaultScriptPluginFactory$ScriptPluginImpl.apply(DefaultScriptPluginFactory.java:136)\n[1e9fe30c-02bd-4ee8-8672-704e3aeadc69/checks_and_tests ]   | \tat org.gradle.configuration.BuildOperationScriptPlugin$1.run(BuildOperationScriptPlugin.java:65)\n[1e9fe30c-02bd-4ee8-8672-704e3aeadc69/checks_and_tests ]   | \tat org.gradle.internal.operations.DefaultBuildOperationRunner$1.execute(DefaultBuildOperationRunner.java:29)\n[1e9fe30c-02bd-4ee8-8672-704e3aeadc69/checks_and_tests ]   | \tat org.gradle.internal.operations.DefaultBuildOperationRunner$1.execute(DefaultBuildOperationRunner.java:26)\n[1e9fe30c-02bd-4ee8-8672-704e3aeadc69/checks_and_tests ]   | \tat org.gradle.internal.operations.DefaultBuildOperationRunner$2.execute(DefaultBuildOperationRunner.java:66)\n[1e9fe30c-02bd-4ee8-8672-704e3aeadc69/checks_and_tests ]   | \tat org.gradle.internal.operations.DefaultBuildOperationRunner$2.execute(DefaultBuildOperationRunner.java:59)\n[1e9fe30c-02bd-4ee8-8672-704e3aeadc69/checks_and_tests ]   | \tat org.gradle.internal.operations.DefaultBuildOperationRunner.execute(DefaultBuildOperationRunner.java:157)\n[1e9fe30c-02bd-4ee8-8672-704e3aeadc69/checks_and_tests ]   | \tat org.gradle.internal.operations.DefaultBuildOperationRunner.execute(DefaultBuildOperationRunner.java:59)\n[1e9fe30c-02bd-4ee8-8672-704e3aeadc69/checks_and_tests ]   | \tat org.gradle.internal.operations.DefaultBuildOperationRunner.run(DefaultBuildOperationRunner.java:47)\n[1e9fe30c-02bd-4ee8-8672-704e3aeadc69/checks_and_tests ]   | \tat org.gradle.internal.operations.DefaultBuildOperationExecutor.run(DefaultBuildOperationExecutor.java:68)\n[1e9fe30c-02bd-4ee8-8672-704e3aeadc69/checks_and_tests ]   | \tat org.gradle.configuration.BuildOperationScriptPlugin.lambda$apply$0(BuildOperationScriptPlugin.java:62)\n[1e9fe30c-02bd-4ee8-8672-704e3aeadc69/checks_and_tests ]   | \tat org.gradle.configuration.internal.DefaultUserCodeApplicationContext.apply(DefaultUserCodeApplicationContext.java:44)\n[1e9fe30c-02bd-4ee8-8672-704e3aeadc69/checks_and_tests ]   | \tat org.gradle.configuration.BuildOperationScriptPlugin.apply(BuildOperationScriptPlugin.java:62)\n[1e9fe30c-02bd-4ee8-8672-704e3aeadc69/checks_and_tests ]   | \tat org.gradle.api.internal.project.DefaultProjectStateRegistry$ProjectStateImpl.lambda$applyToMutableState$0(DefaultProjectStateRegistry.java:351)\n[1e9fe30c-02bd-4ee8-8672-704e3aeadc69/checks_and_tests ]   | \tat org.gradle.api.internal.project.DefaultProjectStateRegistry$ProjectStateImpl.fromMutableState(DefaultProjectStateRegistry.java:369)\n[1e9fe30c-02bd-4ee8-8672-704e3aeadc69/checks_and_tests ]   | \tat org.gradle.api.internal.project.DefaultProjectStateRegistry$ProjectStateImpl.applyToMutableState(DefaultProjectStateRegistry.java:350)\n[1e9fe30c-02bd-4ee8-8672-704e3aeadc69/checks_and_tests ]   | \tat org.gradle.configuration.project.BuildScriptProcessor.execute(BuildScriptProcessor.java:42)\n[1e9fe30c-02bd-4ee8-8672-704e3aeadc69/checks_and_tests ]   | \tat org.gradle.configuration.project.BuildScriptProcessor.execute(BuildScriptProcessor.java:26)\n[1e9fe30c-02bd-4ee8-8672-704e3aeadc69/checks_and_tests ]   | \tat org.gradle.configuration.project.ConfigureActionsProjectEvaluator.evaluate(ConfigureActionsProjectEvaluator.java:35)\n[1e9fe30c-02bd-4ee8-8672-704e3aeadc69/checks_and_tests ]   | \tat org.gradle.configuration.project.LifecycleProjectEvaluator$EvaluateProject.lambda$run$0(LifecycleProjectEvaluator.java:109)\n[1e9fe30c-02bd-4ee8-8672-704e3aeadc69/checks_and_tests ]   | \tat org.gradle.api.internal.project.DefaultProjectStateRegistry$ProjectStateImpl.lambda$applyToMutableState$0(DefaultProjectStateRegistry.java:351)\n[1e9fe30c-02bd-4ee8-8672-704e3aeadc69/checks_and_tests ]   | \tat org.gradle.api.internal.project.DefaultProjectStateRegistry$ProjectStateImpl.fromMutableState(DefaultProjectStateRegistry.java:369)\n[1e9fe30c-02bd-4ee8-8672-704e3aeadc69/checks_and_tests ]   | \tat org.gradle.api.internal.project.DefaultProjectStateRegistry$ProjectStateImpl.applyToMutableState(DefaultProjectStateRegistry.java:350)\n[1e9fe30c-02bd-4ee8-8672-704e3aeadc69/checks_and_tests ]   | \tat org.gradle.configuration.project.LifecycleProjectEvaluator$EvaluateProject.run(LifecycleProjectEvaluator.java:100)\n[1e9fe30c-02bd-4ee8-8672-704e3aeadc69/checks_and_tests ]   | \tat org.gradle.internal.operations.DefaultBuildOperationRunner$1.execute(DefaultBuildOperationRunner.java:29)\n[1e9fe30c-02bd-4ee8-8672-704e3aeadc69/checks_and_tests ]   | \tat org.gradle.internal.operations.DefaultBuildOperationRunner$1.execute(DefaultBuildOperationRunner.java:26)\n[1e9fe30c-02bd-4ee8-8672-704e3aeadc69/checks_and_tests ]   | \tat org.gradle.internal.operations.DefaultBuildOperationRunner$2.execute(DefaultBuildOperationRunner.java:66)\n[1e9fe30c-02bd-4ee8-8672-704e3aeadc69/checks_and_tests ]   | \tat org.gradle.internal.operations.DefaultBuildOperationRunner$2.execute(DefaultBuildOperationRunner.java:59)\n[1e9fe30c-02bd-4ee8-8672-704e3aeadc69/checks_and_tests ]   | \tat org.gradle.internal.operations.DefaultBuildOperationRunner.execute(DefaultBuildOperationRunner.java:157)\n[1e9fe30c-02bd-4ee8-8672-704e3aeadc69/checks_and_tests ]   | \tat org.gradle.internal.operations.DefaultBuildOperationRunner.execute(DefaultBuildOperationRunner.java:59)\n[1e9fe30c-02bd-4ee8-8672-704e3aeadc69/checks_and_tests ]   | \tat org.gradle.internal.operations.DefaultBuildOperationRunner.run(DefaultBuildOperationRunner.java:47)\n[1e9fe30c-02bd-4ee8-8672-704e3aeadc69/checks_and_tests ]   | \tat org.gradle.internal.operations.DefaultBuildOperationExecutor.run(DefaultBuildOperationExecutor.java:68)\n[1e9fe30c-02bd-4ee8-8672-704e3aeadc69/checks_and_tests ]   | \tat org.gradle.configuration.project.LifecycleProjectEvaluator.evaluate(LifecycleProjectEvaluator.java:72)\n[1e9fe30c-02bd-4ee8-8672-704e3aeadc69/checks_and_tests ]   | \tat org.gradle.api.internal.project.DefaultProject.evaluate(DefaultProject.java:761)\n[1e9fe30c-02bd-4ee8-8672-704e3aeadc69/checks_and_tests ]   | \tat org.gradle.api.internal.project.DefaultProject.evaluate(DefaultProject.java:152)\n[1e9fe30c-02bd-4ee8-8672-704e3aeadc69/checks_and_tests ]   | \tat org.gradle.api.internal.project.ProjectLifecycleController.lambda$ensureSelfConfigured$1(ProjectLifecycleController.java:63)\n[1e9fe30c-02bd-4ee8-8672-704e3aeadc69/checks_and_tests ]   | \tat org.gradle.internal.model.StateTransitionController.lambda$doTransition$12(StateTransitionController.java:236)\n[1e9fe30c-02bd-4ee8-8672-704e3aeadc69/checks_and_tests ]   | \tat org.gradle.internal.model.StateTransitionController.doTransition(StateTransitionController.java:247)\n[1e9fe30c-02bd-4ee8-8672-704e3aeadc69/checks_and_tests ]   | \tat org.gradle.internal.model.StateTransitionController.doTransition(StateTransitionController.java:235)\n[1e9fe30c-02bd-4ee8-8672-704e3aeadc69/checks_and_tests ]   | \tat org.gradle.internal.model.StateTransitionController.lambda$maybeTransitionIfNotCurrentlyTransitioning$9(StateTransitionController.java:196)\n[1e9fe30c-02bd-4ee8-8672-704e3aeadc69/checks_and_tests ]   | \tat org.gradle.internal.work.DefaultSynchronizer.withLock(DefaultSynchronizer.java:34)\n[1e9fe30c-02bd-4ee8-8672-704e3aeadc69/checks_and_tests ]   | \tat org.gradle.internal.model.StateTransitionController.maybeTransitionIfNotCurrentlyTransitioning(StateTransitionController.java:192)\n[1e9fe30c-02bd-4ee8-8672-704e3aeadc69/checks_and_tests ]   | \tat org.gradle.api.internal.project.ProjectLifecycleController.ensureSelfConfigured(ProjectLifecycleController.java:63)\n[1e9fe30c-02bd-4ee8-8672-704e3aeadc69/checks_and_tests ]   | \tat org.gradle.api.internal.project.DefaultProjectStateRegistry$ProjectStateImpl.ensureConfigured(DefaultProjectStateRegistry.java:325)\n[1e9fe30c-02bd-4ee8-8672-704e3aeadc69/checks_and_tests ]   | \tat org.gradle.execution.TaskPathProjectEvaluator.configure(TaskPathProjectEvaluator.java:33)\n[1e9fe30c-02bd-4ee8-8672-704e3aeadc69/checks_and_tests ]   | \tat org.gradle.execution.TaskPathProjectEvaluator.configureHierarchy(TaskPathProjectEvaluator.java:49)\n[1e9fe30c-02bd-4ee8-8672-704e3aeadc69/checks_and_tests ]   | \tat org.gradle.execution.DefaultTaskSelector.getSelection(DefaultTaskSelector.java:101)\n[1e9fe30c-02bd-4ee8-8672-704e3aeadc69/checks_and_tests ]   | \tat org.gradle.execution.DefaultTaskSelector.getSelection(DefaultTaskSelector.java:82)\n[1e9fe30c-02bd-4ee8-8672-704e3aeadc69/checks_and_tests ]   | \tat org.gradle.execution.CompositeAwareTaskSelector.getSelection(CompositeAwareTaskSelector.java:94)\n[1e9fe30c-02bd-4ee8-8672-704e3aeadc69/checks_and_tests ]   | \tat org.gradle.execution.commandline.CommandLineTaskParser.parseTasks(CommandLineTaskParser.java:43)\n[1e9fe30c-02bd-4ee8-8672-704e3aeadc69/checks_and_tests ]   | \tat org.gradle.execution.TaskNameResolvingBuildConfigurationAction.configure(TaskNameResolvingBuildConfigurationAction.java:44)\n[1e9fe30c-02bd-4ee8-8672-704e3aeadc69/checks_and_tests ]   | \tat org.gradle.execution.DefaultBuildConfigurationActionExecuter.configure(DefaultBuildConfigurationActionExecuter.java:49)\n[1e9fe30c-02bd-4ee8-8672-704e3aeadc69/checks_and_tests ]   | \tat org.gradle.execution.DefaultBuildConfigurationActionExecuter.access$000(DefaultBuildConfigurationActionExecuter.java:25)\n[1e9fe30c-02bd-4ee8-8672-704e3aeadc69/checks_and_tests ]   | \tat org.gradle.execution.DefaultBuildConfigurationActionExecuter$1.proceed(DefaultBuildConfigurationActionExecuter.java:62)\n[1e9fe30c-02bd-4ee8-8672-704e3aeadc69/checks_and_tests ]   | \tat org.gradle.execution.DefaultTasksBuildExecutionAction.configure(DefaultTasksBuildExecutionAction.java:48)\n[1e9fe30c-02bd-4ee8-8672-704e3aeadc69/checks_and_tests ]   | \tat org.gradle.execution.DefaultBuildConfigurationActionExecuter.configure(DefaultBuildConfigurationActionExecuter.java:49)\n[1e9fe30c-02bd-4ee8-8672-704e3aeadc69/checks_and_tests ]   | \tat org.gradle.execution.DefaultBuildConfigurationActionExecuter.lambda$select$0(DefaultBuildConfigurationActionExecuter.java:36)\n[1e9fe30c-02bd-4ee8-8672-704e3aeadc69/checks_and_tests ]   | \tat org.gradle.internal.Factories$1.create(Factories.java:31)\n[1e9fe30c-02bd-4ee8-8672-704e3aeadc69/checks_and_tests ]   | \tat org.gradle.internal.work.DefaultWorkerLeaseService.withReplacedLocks(DefaultWorkerLeaseService.java:345)\n[1e9fe30c-02bd-4ee8-8672-704e3aeadc69/checks_and_tests ]   | \tat org.gradle.api.internal.project.DefaultProjectStateRegistry$DefaultBuildProjectRegistry.withMutableStateOfAllProjects(DefaultProjectStateRegistry.java:197)\n[1e9fe30c-02bd-4ee8-8672-704e3aeadc69/checks_and_tests ]   | \tat org.gradle.api.internal.project.DefaultProjectStateRegistry$DefaultBuildProjectRegistry.withMutableStateOfAllProjects(DefaultProjectStateRegistry.java:190)\n[1e9fe30c-02bd-4ee8-8672-704e3aeadc69/checks_and_tests ]   | \tat org.gradle.execution.DefaultBuildConfigurationActionExecuter.select(DefaultBuildConfigurationActionExecuter.java:35)\n[1e9fe30c-02bd-4ee8-8672-704e3aeadc69/checks_and_tests ]   | \tat org.gradle.initialization.DefaultTaskExecutionPreparer.prepareForTaskExecution(DefaultTaskExecutionPreparer.java:42)\n[1e9fe30c-02bd-4ee8-8672-704e3aeadc69/checks_and_tests ]   | \tat org.gradle.initialization.VintageBuildModelController.lambda$scheduleRequestedTasks$1(VintageBuildModelController.java:81)\n[1e9fe30c-02bd-4ee8-8672-704e3aeadc69/checks_and_tests ]   | \tat org.gradle.internal.model.StateTransitionController.lambda$inState$1(StateTransitionController.java:110)\n[1e9fe30c-02bd-4ee8-8672-704e3aeadc69/checks_and_tests ]   | \tat org.gradle.internal.model.StateTransitionController.lambda$inState$2(StateTransitionController.java:125)\n[1e9fe30c-02bd-4ee8-8672-704e3aeadc69/checks_and_tests ]   | \tat org.gradle.internal.work.DefaultSynchronizer.withLock(DefaultSynchronizer.java:44)\n[1e9fe30c-02bd-4ee8-8672-704e3aeadc69/checks_and_tests ]   | \tat org.gradle.internal.model.StateTransitionController.inState(StateTransitionController.java:121)\n[1e9fe30c-02bd-4ee8-8672-704e3aeadc69/checks_and_tests ]   | \tat org.gradle.internal.model.StateTransitionController.inState(StateTransitionController.java:109)\n[1e9fe30c-02bd-4ee8-8672-704e3aeadc69/checks_and_tests ]   | \tat org.gradle.initialization.VintageBuildModelController.scheduleRequestedTasks(VintageBuildModelController.java:81)\n[1e9fe30c-02bd-4ee8-8672-704e3aeadc69/checks_and_tests ]   | \tat org.gradle.internal.build.DefaultBuildLifecycleController$DefaultWorkGraphBuilder.addRequestedTasks(DefaultBuildLifecycleController.java:242)\n[1e9fe30c-02bd-4ee8-8672-704e3aeadc69/checks_and_tests ]   | \tat org.gradle.internal.build.DefaultBuildLifecycleController.lambda$populateWorkGraph$4(DefaultBuildLifecycleController.java:143)\n[1e9fe30c-02bd-4ee8-8672-704e3aeadc69/checks_and_tests ]   | \tat org.gradle.internal.build.DefaultBuildWorkPreparer.populateWorkGraph(DefaultBuildWorkPreparer.java:41)\n[1e9fe30c-02bd-4ee8-8672-704e3aeadc69/checks_and_tests ]   | \tat org.gradle.internal.build.BuildOperationFiringBuildWorkPreparer$PopulateWorkGraph.populateTaskGraph(BuildOperationFiringBuildWorkPreparer.java:138)\n[1e9fe30c-02bd-4ee8-8672-704e3aeadc69/checks_and_tests ]   | \tat org.gradle.internal.build.BuildOperationFiringBuildWorkPreparer$PopulateWorkGraph.run(BuildOperationFiringBuildWorkPreparer.java:89)\n[1e9fe30c-02bd-4ee8-8672-704e3aeadc69/checks_and_tests ]   | \tat org.gradle.internal.operations.DefaultBuildOperationRunner$1.execute(DefaultBuildOperationRunner.java:29)\n[1e9fe30c-02bd-4ee8-8672-704e3aeadc69/checks_and_tests ]   | \tat org.gradle.internal.operations.DefaultBuildOperationRunner$1.execute(DefaultBuildOperationRunner.java:26)\n[1e9fe30c-02bd-4ee8-8672-704e3aeadc69/checks_and_tests ]   | \tat org.gradle.internal.operations.DefaultBuildOperationRunner$2.execute(DefaultBuildOperationRunner.java:66)\n[1e9fe30c-02bd-4ee8-8672-704e3aeadc69/checks_and_tests ]   | \tat org.gradle.internal.operations.DefaultBuildOperationRunner$2.execute(DefaultBuildOperationRunner.java:59)\n[1e9fe30c-02bd-4ee8-8672-704e3aeadc69/checks_and_tests ]   | \tat org.gradle.internal.operations.DefaultBuildOperationRunner.execute(DefaultBuildOperationRunner.java:157)\n[1e9fe30c-02bd-4ee8-8672-704e3aeadc69/checks_and_tests ]   | \tat org.gradle.internal.operations.DefaultBuildOperationRunner.execute(DefaultBuildOperationRunner.java:59)\n[1e9fe30c-02bd-4ee8-8672-704e3aeadc69/checks_and_tests ]   | \tat org.gradle.internal.operations.DefaultBuildOperationRunner.run(DefaultBuildOperationRunner.java:47)\n[1e9fe30c-02bd-4ee8-8672-704e3aeadc69/checks_and_tests ]   | \tat org.gradle.internal.operations.DefaultBuildOperationExecutor.run(DefaultBuildOperationExecutor.java:68)\n[1e9fe30c-02bd-4ee8-8672-704e3aeadc69/checks_and_tests ]   | \tat org.gradle.internal.build.BuildOperationFiringBuildWorkPreparer.populateWorkGraph(BuildOperationFiringBuildWorkPreparer.java:66)\n[1e9fe30c-02bd-4ee8-8672-704e3aeadc69/checks_and_tests ]   | \tat org.gradle.internal.build.DefaultBuildLifecycleController.lambda$populateWorkGraph$5(DefaultBuildLifecycleController.java:143)\n[1e9fe30c-02bd-4ee8-8672-704e3aeadc69/checks_and_tests ]   | \tat org.gradle.internal.model.StateTransitionController.lambda$inState$1(StateTransitionController.java:110)\n[1e9fe30c-02bd-4ee8-8672-704e3aeadc69/checks_and_tests ]   | \tat org.gradle.internal.model.StateTransitionController.lambda$inState$2(StateTransitionController.java:125)\n[1e9fe30c-02bd-4ee8-8672-704e3aeadc69/checks_and_tests ]   | \tat org.gradle.internal.work.DefaultSynchronizer.withLock(DefaultSynchronizer.java:44)\n[1e9fe30c-02bd-4ee8-8672-704e3aeadc69/checks_and_tests ]   | \tat org.gradle.internal.model.StateTransitionController.inState(StateTransitionController.java:121)\n[1e9fe30c-02bd-4ee8-8672-704e3aeadc69/checks_and_tests ]   | \tat org.gradle.internal.model.StateTransitionController.inState(StateTransitionController.java:109)\n[1e9fe30c-02bd-4ee8-8672-704e3aeadc69/checks_and_tests ]   | \tat org.gradle.internal.build.DefaultBuildLifecycleController.populateWorkGraph(DefaultBuildLifecycleController.java:143)\n[1e9fe30c-02bd-4ee8-8672-704e3aeadc69/checks_and_tests ]   | \tat org.gradle.internal.build.DefaultBuildWorkGraphController$DefaultBuildWorkGraph.populateWorkGraph(DefaultBuildWorkGraphController.java:126)\n[1e9fe30c-02bd-4ee8-8672-704e3aeadc69/checks_and_tests ]   | \tat org.gradle.composite.internal.DefaultBuildController.populateWorkGraph(DefaultBuildController.java:71)\n[1e9fe30c-02bd-4ee8-8672-704e3aeadc69/checks_and_tests ]   | \tat org.gradle.composite.internal.DefaultIncludedBuildTaskGraph$DefaultBuildTreeWorkGraphBuilder.withWorkGraph(DefaultIncludedBuildTaskGraph.java:142)\n[1e9fe30c-02bd-4ee8-8672-704e3aeadc69/checks_and_tests ]   | \tat org.gradle.internal.buildtree.DefaultBuildTreeWorkPreparer.lambda$scheduleRequestedTasks$0(DefaultBuildTreeWorkPreparer.java:34)\n[1e9fe30c-02bd-4ee8-8672-704e3aeadc69/checks_and_tests ]   | \tat org.gradle.composite.internal.DefaultIncludedBuildTaskGraph$DefaultBuildTreeWorkGraph$1.run(DefaultIncludedBuildTaskGraph.java:170)\n[1e9fe30c-02bd-4ee8-8672-704e3aeadc69/checks_and_tests ]   | \tat org.gradle.internal.operations.DefaultBuildOperationRunner$1.execute(DefaultBuildOperationRunner.java:29)\n[1e9fe30c-02bd-4ee8-8672-704e3aeadc69/checks_and_tests ]   | \tat org.gradle.internal.operations.DefaultBuildOperationRunner$1.execute(DefaultBuildOperationRunner.java:26)\n[1e9fe30c-02bd-4ee8-8672-704e3aeadc69/checks_and_tests ]   | \tat org.gradle.internal.operations.DefaultBuildOperationRunner$2.execute(DefaultBuildOperationRunner.java:66)\n[1e9fe30c-02bd-4ee8-8672-704e3aeadc69/checks_and_tests ]   | \tat org.gradle.internal.operations.DefaultBuildOperationRunner$2.execute(DefaultBuildOperationRunner.java:59)\n[1e9fe30c-02bd-4ee8-8672-704e3aeadc69/checks_and_tests ]   | \tat org.gradle.internal.operations.DefaultBuildOperationRunner.execute(DefaultBuildOperationRunner.java:157)\n[1e9fe30c-02bd-4ee8-8672-704e3aeadc69/checks_and_tests ]   | \tat org.gradle.internal.operations.DefaultBuildOperationRunner.execute(DefaultBuildOperationRunner.java:59)\n[1e9fe30c-02bd-4ee8-8672-704e3aeadc69/checks_and_tests ]   | \tat org.gradle.internal.operations.DefaultBuildOperationRunner.run(DefaultBuildOperationRunner.java:47)\n[1e9fe30c-02bd-4ee8-8672-704e3aeadc69/checks_and_tests ]   | \tat org.gradle.internal.operations.DefaultBuildOperationExecutor.run(DefaultBuildOperationExecutor.java:68)\n[1e9fe30c-02bd-4ee8-8672-704e3aeadc69/checks_and_tests ]   | \tat org.gradle.composite.internal.DefaultIncludedBuildTaskGraph$DefaultBuildTreeWorkGraph.scheduleWork(DefaultIncludedBuildTaskGraph.java:167)\n[1e9fe30c-02bd-4ee8-8672-704e3aeadc69/checks_and_tests ]   | \tat org.gradle.internal.buildtree.DefaultBuildTreeWorkPreparer.scheduleRequestedTasks(DefaultBuildTreeWorkPreparer.java:34)\n[1e9fe30c-02bd-4ee8-8672-704e3aeadc69/checks_and_tests ]   | \tat org.gradle.internal.buildtree.DefaultBuildTreeLifecycleController.lambda$doScheduleAndRunTasks$2(DefaultBuildTreeLifecycleController.java:89)\n[1e9fe30c-02bd-4ee8-8672-704e3aeadc69/checks_and_tests ]   | \tat org.gradle.composite.internal.DefaultIncludedBuildTaskGraph.withNewWorkGraph(DefaultIncludedBuildTaskGraph.java:101)\n[1e9fe30c-02bd-4ee8-8672-704e3aeadc69/checks_and_tests ]   | \tat org.gradle.internal.buildtree.DefaultBuildTreeLifecycleController.doScheduleAndRunTasks(DefaultBuildTreeLifecycleController.java:88)\n[1e9fe30c-02bd-4ee8-8672-704e3aeadc69/checks_and_tests ]   | \tat org.gradle.internal.buildtree.DefaultBuildTreeLifecycleController.lambda$runBuild$4(DefaultBuildTreeLifecycleController.java:106)\n[1e9fe30c-02bd-4ee8-8672-704e3aeadc69/checks_and_tests ]   | \tat org.gradle.internal.model.StateTransitionController.lambda$transition$5(StateTransitionController.java:166)\n[1e9fe30c-02bd-4ee8-8672-704e3aeadc69/checks_and_tests ]   | \tat org.gradle.internal.model.StateTransitionController.doTransition(StateTransitionController.java:247)\n[1e9fe30c-02bd-4ee8-8672-704e3aeadc69/checks_and_tests ]   | \tat org.gradle.internal.model.StateTransitionController.lambda$transition$6(StateTransitionController.java:166)\n[1e9fe30c-02bd-4ee8-8672-704e3aeadc69/checks_and_tests ]   | \tat org.gradle.internal.work.DefaultSynchronizer.withLock(DefaultSynchronizer.java:44)\n[1e9fe30c-02bd-4ee8-8672-704e3aeadc69/checks_and_tests ]   | \tat org.gradle.internal.model.StateTransitionController.transition(StateTransitionController.java:166)\n[1e9fe30c-02bd-4ee8-8672-704e3aeadc69/checks_and_tests ]   | \tat org.gradle.internal.buildtree.DefaultBuildTreeLifecycleController.runBuild(DefaultBuildTreeLifecycleController.java:103)\n[1e9fe30c-02bd-4ee8-8672-704e3aeadc69/checks_and_tests ]   | \tat org.gradle.internal.buildtree.DefaultBuildTreeLifecycleController.scheduleAndRunTasks(DefaultBuildTreeLifecycleController.java:69)\n[1e9fe30c-02bd-4ee8-8672-704e3aeadc69/checks_and_tests ]   | \tat org.gradle.tooling.internal.provider.ExecuteBuildActionRunner.run(ExecuteBuildActionRunner.java:31)\n[1e9fe30c-02bd-4ee8-8672-704e3aeadc69/checks_and_tests ]   | \tat org.gradle.launcher.exec.ChainingBuildActionRunner.run(ChainingBuildActionRunner.java:35)\n[1e9fe30c-02bd-4ee8-8672-704e3aeadc69/checks_and_tests ]   | \tat org.gradle.internal.buildtree.ProblemReportingBuildActionRunner.run(ProblemReportingBuildActionRunner.java:49)\n[1e9fe30c-02bd-4ee8-8672-704e3aeadc69/checks_and_tests ]   | \tat org.gradle.launcher.exec.BuildOutcomeReportingBuildActionRunner.run(BuildOutcomeReportingBuildActionRunner.java:65)\n[1e9fe30c-02bd-4ee8-8672-704e3aeadc69/checks_and_tests ]   | \tat org.gradle.tooling.internal.provider.FileSystemWatchingBuildActionRunner.run(FileSystemWatchingBuildActionRunner.java:136)\n[1e9fe30c-02bd-4ee8-8672-704e3aeadc69/checks_and_tests ]   | \tat org.gradle.launcher.exec.BuildCompletionNotifyingBuildActionRunner.run(BuildCompletionNotifyingBuildActionRunner.java:41)\n[1e9fe30c-02bd-4ee8-8672-704e3aeadc69/checks_and_tests ]   | \tat org.gradle.launcher.exec.RootBuildLifecycleBuildActionExecutor.lambda$execute$0(RootBuildLifecycleBuildActionExecutor.java:40)\n[1e9fe30c-02bd-4ee8-8672-704e3aeadc69/checks_and_tests ]   | \tat org.gradle.composite.internal.DefaultRootBuildState.run(DefaultRootBuildState.java:122)\n[1e9fe30c-02bd-4ee8-8672-704e3aeadc69/checks_and_tests ]   | \tat org.gradle.launcher.exec.RootBuildLifecycleBuildActionExecutor.execute(RootBuildLifecycleBuildActionExecutor.java:40)\n[1e9fe30c-02bd-4ee8-8672-704e3aeadc69/checks_and_tests ]   | \tat org.gradle.internal.buildtree.DefaultBuildTreeContext.execute(DefaultBuildTreeContext.java:40)\n[1e9fe30c-02bd-4ee8-8672-704e3aeadc69/checks_and_tests ]   | \tat org.gradle.launcher.exec.BuildTreeLifecycleBuildActionExecutor.lambda$execute$0(BuildTreeLifecycleBuildActionExecutor.java:65)\n[1e9fe30c-02bd-4ee8-8672-704e3aeadc69/checks_and_tests ]   | \tat org.gradle.internal.buildtree.BuildTreeState.run(BuildTreeState.java:53)\n[1e9fe30c-02bd-4ee8-8672-704e3aeadc69/checks_and_tests ]   | \tat org.gradle.launcher.exec.BuildTreeLifecycleBuildActionExecutor.execute(BuildTreeLifecycleBuildActionExecutor.java:65)\n[1e9fe30c-02bd-4ee8-8672-704e3aeadc69/checks_and_tests ]   | \tat org.gradle.launcher.exec.RunAsBuildOperationBuildActionExecutor$3.call(RunAsBuildOperationBuildActionExecutor.java:61)\n[1e9fe30c-02bd-4ee8-8672-704e3aeadc69/checks_and_tests ]   | \tat org.gradle.launcher.exec.RunAsBuildOperationBuildActionExecutor$3.call(RunAsBuildOperationBuildActionExecutor.java:57)\n[1e9fe30c-02bd-4ee8-8672-704e3aeadc69/checks_and_tests ]   | \tat org.gradle.internal.operations.DefaultBuildOperationRunner$CallableBuildOperationWorker.execute(DefaultBuildOperationRunner.java:204)\n[1e9fe30c-02bd-4ee8-8672-704e3aeadc69/checks_and_tests ]   | \tat org.gradle.internal.operations.DefaultBuildOperationRunner$CallableBuildOperationWorker.execute(DefaultBuildOperationRunner.java:199)\n[1e9fe30c-02bd-4ee8-8672-704e3aeadc69/checks_and_tests ]   | \tat org.gradle.internal.operations.DefaultBuildOperationRunner$2.execute(DefaultBuildOperationRunner.java:66)\n[1e9fe30c-02bd-4ee8-8672-704e3aeadc69/checks_and_tests ]   | \tat org.gradle.internal.operations.DefaultBuildOperationRunner$2.execute(DefaultBuildOperationRunner.java:59)\n[1e9fe30c-02bd-4ee8-8672-704e3aeadc69/checks_and_tests ]   | \tat org.gradle.internal.operations.DefaultBuildOperationRunner.execute(DefaultBuildOperationRunner.java:157)\n[1e9fe30c-02bd-4ee8-8672-704e3aeadc69/checks_and_tests ]   | \tat org.gradle.internal.operations.DefaultBuildOperationRunner.execute(DefaultBuildOperationRunner.java:59)\n[1e9fe30c-02bd-4ee8-8672-704e3aeadc69/checks_and_tests ]   | \tat org.gradle.internal.operations.DefaultBuildOperationRunner.call(DefaultBuildOperationRunner.java:53)\n[1e9fe30c-02bd-4ee8-8672-704e3aeadc69/checks_and_tests ]   | \tat org.gradle.internal.operations.DefaultBuildOperationExecutor.call(DefaultBuildOperationExecutor.java:73)\n[1e9fe30c-02bd-4ee8-8672-704e3aeadc69/checks_and_tests ]   | \tat org.gradle.launcher.exec.RunAsBuildOperationBuildActionExecutor.execute(RunAsBuildOperationBuildActionExecutor.java:57)\n[1e9fe30c-02bd-4ee8-8672-704e3aeadc69/checks_and_tests ]   | \tat org.gradle.launcher.exec.RunAsWorkerThreadBuildActionExecutor.lambda$execute$0(RunAsWorkerThreadBuildActionExecutor.java:36)\n[1e9fe30c-02bd-4ee8-8672-704e3aeadc69/checks_and_tests ]   | \tat org.gradle.internal.work.DefaultWorkerLeaseService.withLocks(DefaultWorkerLeaseService.java:249)\n[1e9fe30c-02bd-4ee8-8672-704e3aeadc69/checks_and_tests ]   | \tat org.gradle.internal.work.DefaultWorkerLeaseService.runAsWorkerThread(DefaultWorkerLeaseService.java:109)\n[1e9fe30c-02bd-4ee8-8672-704e3aeadc69/checks_and_tests ]   | \tat org.gradle.launcher.exec.RunAsWorkerThreadBuildActionExecutor.execute(RunAsWorkerThreadBuildActionExecutor.java:36)\n[1e9fe30c-02bd-4ee8-8672-704e3aeadc69/checks_and_tests ]   | \tat org.gradle.tooling.internal.provider.continuous.ContinuousBuildActionExecutor.execute(ContinuousBuildActionExecutor.java:110)\n[1e9fe30c-02bd-4ee8-8672-704e3aeadc69/checks_and_tests ]   | \tat org.gradle.tooling.internal.provider.SubscribableBuildActionExecutor.execute(SubscribableBuildActionExecutor.java:64)\n[1e9fe30c-02bd-4ee8-8672-704e3aeadc69/checks_and_tests ]   | \tat org.gradle.internal.session.DefaultBuildSessionContext.execute(DefaultBuildSessionContext.java:46)\n[1e9fe30c-02bd-4ee8-8672-704e3aeadc69/checks_and_tests ]   | \tat org.gradle.tooling.internal.provider.BuildSessionLifecycleBuildActionExecuter$ActionImpl.apply(BuildSessionLifecycleBuildActionExecuter.java:100)\n[1e9fe30c-02bd-4ee8-8672-704e3aeadc69/checks_and_tests ]   | \tat org.gradle.tooling.internal.provider.BuildSessionLifecycleBuildActionExecuter$ActionImpl.apply(BuildSessionLifecycleBuildActionExecuter.java:88)\n[1e9fe30c-02bd-4ee8-8672-704e3aeadc69/checks_and_tests ]   | \tat org.gradle.internal.session.BuildSessionState.run(BuildSessionState.java:69)\n[1e9fe30c-02bd-4ee8-8672-704e3aeadc69/checks_and_tests ]   | \tat org.gradle.tooling.internal.provider.BuildSessionLifecycleBuildActionExecuter.execute(BuildSessionLifecycleBuildActionExecuter.java:62)\n[1e9fe30c-02bd-4ee8-8672-704e3aeadc69/checks_and_tests ]   | \tat org.gradle.tooling.internal.provider.BuildSessionLifecycleBuildActionExecuter.execute(BuildSessionLifecycleBuildActionExecuter.java:41)\n[1e9fe30c-02bd-4ee8-8672-704e3aeadc69/checks_and_tests ]   | \tat org.gradle.tooling.internal.provider.StartParamsValidatingActionExecuter.execute(StartParamsValidatingActionExecuter.java:63)\n[1e9fe30c-02bd-4ee8-8672-704e3aeadc69/checks_and_tests ]   | \tat org.gradle.tooling.internal.provider.StartParamsValidatingActionExecuter.execute(StartParamsValidatingActionExecuter.java:31)\n[1e9fe30c-02bd-4ee8-8672-704e3aeadc69/checks_and_tests ]   | \tat org.gradle.tooling.internal.provider.SessionFailureReportingActionExecuter.execute(SessionFailureReportingActionExecuter.java:52)\n[1e9fe30c-02bd-4ee8-8672-704e3aeadc69/checks_and_tests ]   | \tat org.gradle.tooling.internal.provider.SessionFailureReportingActionExecuter.execute(SessionFailureReportingActionExecuter.java:40)\n[1e9fe30c-02bd-4ee8-8672-704e3aeadc69/checks_and_tests ]   | \tat org.gradle.tooling.internal.provider.SetupLoggingActionExecuter.execute(SetupLoggingActionExecuter.java:47)\n[1e9fe30c-02bd-4ee8-8672-704e3aeadc69/checks_and_tests ]   | \tat org.gradle.tooling.internal.provider.SetupLoggingActionExecuter.execute(SetupLoggingActionExecuter.java:31)\n[1e9fe30c-02bd-4ee8-8672-704e3aeadc69/checks_and_tests ]   | \tat org.gradle.launcher.daemon.server.exec.ExecuteBuild.doBuild(ExecuteBuild.java:65)\n[1e9fe30c-02bd-4ee8-8672-704e3aeadc69/checks_and_tests ]   | \tat org.gradle.launcher.daemon.server.exec.BuildCommandOnly.execute(BuildCommandOnly.java:37)\n[1e9fe30c-02bd-4ee8-8672-704e3aeadc69/checks_and_tests ]   | \tat org.gradle.launcher.daemon.server.api.DaemonCommandExecution.proceed(DaemonCommandExecution.java:104)\n[1e9fe30c-02bd-4ee8-8672-704e3aeadc69/checks_and_tests ]   | \tat org.gradle.launcher.daemon.server.exec.WatchForDisconnection.execute(WatchForDisconnection.java:39)\n[1e9fe30c-02bd-4ee8-8672-704e3aeadc69/checks_and_tests ]   | \tat org.gradle.launcher.daemon.server.api.DaemonCommandExecution.proceed(DaemonCommandExecution.java:104)\n[1e9fe30c-02bd-4ee8-8672-704e3aeadc69/checks_and_tests ]   | \tat org.gradle.launcher.daemon.server.exec.ResetDeprecationLogger.execute(ResetDeprecationLogger.java:29)\n[1e9fe30c-02bd-4ee8-8672-704e3aeadc69/checks_and_tests ]   | \tat org.gradle.launcher.daemon.server.api.DaemonCommandExecution.proceed(DaemonCommandExecution.java:104)\n[1e9fe30c-02bd-4ee8-8672-704e3aeadc69/checks_and_tests ]   | \tat org.gradle.launcher.daemon.server.exec.RequestStopIfSingleUsedDaemon.execute(RequestStopIfSingleUsedDaemon.java:35)\n[1e9fe30c-02bd-4ee8-8672-704e3aeadc69/checks_and_tests ]   | \tat org.gradle.launcher.daemon.server.api.DaemonCommandExecution.proceed(DaemonCommandExecution.java:104)\n[1e9fe30c-02bd-4ee8-8672-704e3aeadc69/checks_and_tests ]   | \tat org.gradle.launcher.daemon.server.exec.ForwardClientInput$2.create(ForwardClientInput.java:78)\n[1e9fe30c-02bd-4ee8-8672-704e3aeadc69/checks_and_tests ]   | \tat org.gradle.launcher.daemon.server.exec.ForwardClientInput$2.create(ForwardClientInput.java:75)\n[1e9fe30c-02bd-4ee8-8672-704e3aeadc69/checks_and_tests ]   | \tat org.gradle.util.internal.Swapper.swap(Swapper.java:38)\n[1e9fe30c-02bd-4ee8-8672-704e3aeadc69/checks_and_tests ]   | \tat org.gradle.launcher.daemon.server.exec.ForwardClientInput.execute(ForwardClientInput.java:75)\n[1e9fe30c-02bd-4ee8-8672-704e3aeadc69/checks_and_tests ]   | \tat org.gradle.launcher.daemon.server.api.DaemonCommandExecution.proceed(DaemonCommandExecution.java:104)\n[1e9fe30c-02bd-4ee8-8672-704e3aeadc69/checks_and_tests ]   | \tat org.gradle.launcher.daemon.server.exec.LogAndCheckHealth.execute(LogAndCheckHealth.java:55)\n[1e9fe30c-02bd-4ee8-8672-704e3aeadc69/checks_and_tests ]   | \tat org.gradle.launcher.daemon.server.api.DaemonCommandExecution.proceed(DaemonCommandExecution.java:104)\n[1e9fe30c-02bd-4ee8-8672-704e3aeadc69/checks_and_tests ]   | \tat org.gradle.launcher.daemon.server.exec.LogToClient.doBuild(LogToClient.java:63)\n[1e9fe30c-02bd-4ee8-8672-704e3aeadc69/checks_and_tests ]   | \tat org.gradle.launcher.daemon.server.exec.BuildCommandOnly.execute(BuildCommandOnly.java:37)\n[1e9fe30c-02bd-4ee8-8672-704e3aeadc69/checks_and_tests ]   | \tat org.gradle.launcher.daemon.server.api.DaemonCommandExecution.proceed(DaemonCommandExecution.java:104)\n[1e9fe30c-02bd-4ee8-8672-704e3aeadc69/checks_and_tests ]   | \tat org.gradle.launcher.daemon.server.exec.EstablishBuildEnvironment.doBuild(EstablishBuildEnvironment.java:84)\n[1e9fe30c-02bd-4ee8-8672-704e3aeadc69/checks_and_tests ]   | \tat org.gradle.launcher.daemon.server.exec.BuildCommandOnly.execute(BuildCommandOnly.java:37)\n[1e9fe30c-02bd-4ee8-8672-704e3aeadc69/checks_and_tests ]   | \tat org.gradle.launcher.daemon.server.api.DaemonCommandExecution.proceed(DaemonCommandExecution.java:104)\n[1e9fe30c-02bd-4ee8-8672-704e3aeadc69/checks_and_tests ]   | \tat org.gradle.launcher.daemon.server.exec.StartBuildOrRespondWithBusy$1.run(StartBuildOrRespondWithBusy.java:52)\n[1e9fe30c-02bd-4ee8-8672-704e3aeadc69/checks_and_tests ]   | \tat org.gradle.launcher.daemon.server.DaemonStateCoordinator$1.run(DaemonStateCoordinator.java:297)\n[1e9fe30c-02bd-4ee8-8672-704e3aeadc69/checks_and_tests ]   | \tat org.gradle.internal.concurrent.ExecutorPolicy$CatchAndRecordFailures.onExecute(ExecutorPolicy.java:64)\n[1e9fe30c-02bd-4ee8-8672-704e3aeadc69/checks_and_tests ]   | \tat org.gradle.internal.concurrent.ManagedExecutorImpl$1.run(ManagedExecutorImpl.java:48)\n[1e9fe30c-02bd-4ee8-8672-704e3aeadc69/checks_and_tests ]   | Caused by: org.gradle.api.InvalidUserDataException: You should define sign keys in gradle.properties or int ENV.\n[1e9fe30c-02bd-4ee8-8672-704e3aeadc69/checks_and_tests ]   | \tat java.base/jdk.internal.reflect.NativeConstructorAccessorImpl.newInstance0(Native Method)\n[1e9fe30c-02bd-4ee8-8672-704e3aeadc69/checks_and_tests ]   | \tat java.base/jdk.internal.reflect.NativeConstructorAccessorImpl.newInstance(NativeConstructorAccessorImpl.java:62)\n[1e9fe30c-02bd-4ee8-8672-704e3aeadc69/checks_and_tests ]   | \tat java.base/jdk.internal.reflect.DelegatingConstructorAccessorImpl.newInstance(DelegatingConstructorAccessorImpl.java:45)\n[1e9fe30c-02bd-4ee8-8672-704e3aeadc69/checks_and_tests ]   | \tat org.gradle.internal.classpath.Instrumented$FileInputStreamConstructorCallSite.callConstructor(Instrumented.java:971)\n[1e9fe30c-02bd-4ee8-8672-704e3aeadc69/checks_and_tests ]   | \tat build_6mc1fj9azfmgm9pn7de42cxwb$_run_closure1$_closure6$_closure13.doCall(/tmp/3d783ea4-1661-11ee-8a50-bb14de238602/hash-checker-hash-checker/app/build.gradle:80)\n[1e9fe30c-02bd-4ee8-8672-704e3aeadc69/checks_and_tests ]   | \tat java.base/jdk.internal.reflect.NativeMethodAccessorImpl.invoke0(Native Method)\n[1e9fe30c-02bd-4ee8-8672-704e3aeadc69/checks_and_tests ]   | \tat java.base/jdk.internal.reflect.NativeMethodAccessorImpl.invoke(NativeMethodAccessorImpl.java:62)\n[1e9fe30c-02bd-4ee8-8672-704e3aeadc69/checks_and_tests ]   | \tat java.base/jdk.internal.reflect.DelegatingMethodAccessorImpl.invoke(DelegatingMethodAccessorImpl.java:43)\n[1e9fe30c-02bd-4ee8-8672-704e3aeadc69/checks_and_tests ]   | \tat org.gradle.util.internal.ClosureBackedAction.execute(ClosureBackedAction.java:73)\n[1e9fe30c-02bd-4ee8-8672-704e3aeadc69/checks_and_tests ]   | \tat org.gradle.util.internal.ConfigureUtil.configureTarget(ConfigureUtil.java:155)\n[1e9fe30c-02bd-4ee8-8672-704e3aeadc69/checks_and_tests ]   | \tat org.gradle.util.internal.ConfigureUtil.configure(ConfigureUtil.java:106)\n[1e9fe30c-02bd-4ee8-8672-704e3aeadc69/checks_and_tests ]   | \tat org.gradle.util.internal.ConfigureUtil$WrappedConfigureAction.execute(ConfigureUtil.java:167)\n[1e9fe30c-02bd-4ee8-8672-704e3aeadc69/checks_and_tests ]   | \tat org.gradle.api.internal.AbstractNamedDomainObjectContainer.create(AbstractNamedDomainObjectContainer.java:80)\n[1e9fe30c-02bd-4ee8-8672-704e3aeadc69/checks_and_tests ]   | \tat org.gradle.api.internal.AbstractNamedDomainObjectContainer.create(AbstractNamedDomainObjectContainer.java:71)\n[1e9fe30c-02bd-4ee8-8672-704e3aeadc69/checks_and_tests ]   | \tat org.gradle.api.internal.NamedDomainObjectContainerConfigureDelegate._configure(NamedDomainObjectContainerConfigureDelegate.java:39)\n[1e9fe30c-02bd-4ee8-8672-704e3aeadc69/checks_and_tests ]   | \tat org.gradle.internal.metaobject.ConfigureDelegate.invokeMethod(ConfigureDelegate.java:65)\n[1e9fe30c-02bd-4ee8-8672-704e3aeadc69/checks_and_tests ]   | \tat build_6mc1fj9azfmgm9pn7de42cxwb$_run_closure1$_closure6.doCall(/tmp/3d783ea4-1661-11ee-8a50-bb14de238602/hash-checker-hash-checker/app/build.gradle:42)\n[1e9fe30c-02bd-4ee8-8672-704e3aeadc69/checks_and_tests ]   | \tat java.base/jdk.internal.reflect.NativeMethodAccessorImpl.invoke0(Native Method)\n[1e9fe30c-02bd-4ee8-8672-704e3aeadc69/checks_and_tests ]   | \tat java.base/jdk.internal.reflect.NativeMethodAccessorImpl.invoke(NativeMethodAccessorImpl.java:62)\n[1e9fe30c-02bd-4ee8-8672-704e3aeadc69/checks_and_tests ]   | \tat java.base/jdk.internal.reflect.DelegatingMethodAccessorImpl.invoke(DelegatingMethodAccessorImpl.java:43)\n[1e9fe30c-02bd-4ee8-8672-704e3aeadc69/checks_and_tests ]   | \tat org.gradle.util.internal.ClosureBackedAction.execute(ClosureBackedAction.java:73)\n[1e9fe30c-02bd-4ee8-8672-704e3aeadc69/checks_and_tests ]   | \tat org.gradle.util.internal.ConfigureUtil.configureTarget(ConfigureUtil.java:155)\n[1e9fe30c-02bd-4ee8-8672-704e3aeadc69/checks_and_tests ]   | \tat org.gradle.util.internal.ConfigureUtil.configureSelf(ConfigureUtil.java:143)\n[1e9fe30c-02bd-4ee8-8672-704e3aeadc69/checks_and_tests ]   | \tat org.gradle.api.internal.AbstractNamedDomainObjectContainer.configure(AbstractNamedDomainObjectContainer.java:91)\n[1e9fe30c-02bd-4ee8-8672-704e3aeadc69/checks_and_tests ]   | \tat org.gradle.api.internal.AbstractNamedDomainObjectContainer.configure(AbstractNamedDomainObjectContainer.java:38)\n[1e9fe30c-02bd-4ee8-8672-704e3aeadc69/checks_and_tests ]   | \tat org.gradle.util.internal.ConfigureUtil.configure(ConfigureUtil.java:104)\n[1e9fe30c-02bd-4ee8-8672-704e3aeadc69/checks_and_tests ]   | \tat org.gradle.util.internal.ConfigureUtil$WrappedConfigureAction.execute(ConfigureUtil.java:167)\n[1e9fe30c-02bd-4ee8-8672-704e3aeadc69/checks_and_tests ]   | \tat com.android.build.gradle.internal.dsl.CommonExtensionImpl.signingConfigs(CommonExtensionImpl.kt:359)\n[1e9fe30c-02bd-4ee8-8672-704e3aeadc69/checks_and_tests ]   | \tat com.android.build.gradle.internal.dsl.BaseAppModuleExtension.signingConfigs(BaseAppModuleExtension.kt)\n[1e9fe30c-02bd-4ee8-8672-704e3aeadc69/checks_and_tests ]   | \tat com.android.build.gradle.internal.dsl.BaseAppModuleExtension_Decorated.signingConfigs(Unknown Source)\n[1e9fe30c-02bd-4ee8-8672-704e3aeadc69/checks_and_tests ]   | \tat java.base/jdk.internal.reflect.NativeMethodAccessorImpl.invoke0(Native Method)\n[1e9fe30c-02bd-4ee8-8672-704e3aeadc69/checks_and_tests ]   | \tat java.base/jdk.internal.reflect.NativeMethodAccessorImpl.invoke(NativeMethodAccessorImpl.java:62)\n[1e9fe30c-02bd-4ee8-8672-704e3aeadc69/checks_and_tests ]   | \tat java.base/jdk.internal.reflect.DelegatingMethodAccessorImpl.invoke(DelegatingMethodAccessorImpl.java:43)\n[1e9fe30c-02bd-4ee8-8672-704e3aeadc69/checks_and_tests ]   | \tat org.gradle.internal.metaobject.BeanDynamicObject$MetaClassAdapter.invokeMethod(BeanDynamicObject.java:484)\n[1e9fe30c-02bd-4ee8-8672-704e3aeadc69/checks_and_tests ]   | \tat org.gradle.internal.metaobject.BeanDynamicObject.tryInvokeMethod(BeanDynamicObject.java:196)\n[1e9fe30c-02bd-4ee8-8672-704e3aeadc69/checks_and_tests ]   | \tat org.gradle.internal.metaobject.CompositeDynamicObject.tryInvokeMethod(CompositeDynamicObject.java:98)\n[1e9fe30c-02bd-4ee8-8672-704e3aeadc69/checks_and_tests ]   | \tat org.gradle.internal.extensibility.MixInClosurePropertiesAsMethodsDynamicObject.tryInvokeMethod(MixInClosurePropertiesAsMethodsDynamicObject.java:34)\n[1e9fe30c-02bd-4ee8-8672-704e3aeadc69/checks_and_tests ]   | \tat org.gradle.internal.metaobject.ConfigureDelegate.invokeMethod(ConfigureDelegate.java:56)\n[1e9fe30c-02bd-4ee8-8672-704e3aeadc69/checks_and_tests ]   | \tat build_6mc1fj9azfmgm9pn7de42cxwb$_run_closure1.doCall(/tmp/3d783ea4-1661-11ee-8a50-bb14de238602/hash-checker-hash-checker/app/build.gradle:41)\n[1e9fe30c-02bd-4ee8-8672-704e3aeadc69/checks_and_tests ]   | \tat java.base/jdk.internal.reflect.NativeMethodAccessorImpl.invoke0(Native Method)\n[1e9fe30c-02bd-4ee8-8672-704e3aeadc69/checks_and_tests ]   | \tat java.base/jdk.internal.reflect.NativeMethodAccessorImpl.invoke(NativeMethodAccessorImpl.java:62)\n[1e9fe30c-02bd-4ee8-8672-704e3aeadc69/checks_and_tests ]   | \tat java.base/jdk.internal.reflect.DelegatingMethodAccessorImpl.invoke(DelegatingMethodAccessorImpl.java:43)\n[1e9fe30c-02bd-4ee8-8672-704e3aeadc69/checks_and_tests ]   | \tat org.gradle.util.internal.ClosureBackedAction.execute(ClosureBackedAction.java:73)\n[1e9fe30c-02bd-4ee8-8672-704e3aeadc69/checks_and_tests ]   | \tat org.gradle.util.internal.ConfigureUtil.configureTarget(ConfigureUtil.java:155)\n[1e9fe30c-02bd-4ee8-8672-704e3aeadc69/checks_and_tests ]   | \tat org.gradle.util.internal.ConfigureUtil.configure(ConfigureUtil.java:106)\n[1e9fe30c-02bd-4ee8-8672-704e3aeadc69/checks_and_tests ]   | \tat org.gradle.util.internal.ConfigureUtil$WrappedConfigureAction.execute(ConfigureUtil.java:167)\n[1e9fe30c-02bd-4ee8-8672-704e3aeadc69/checks_and_tests ]   | \tat org.gradle.internal.extensibility.ExtensionsStorage$ExtensionHolder.configure(ExtensionsStorage.java:173)\n[1e9fe30c-02bd-4ee8-8672-704e3aeadc69/checks_and_tests ]   | \tat org.gradle.internal.extensibility.ExtensionsStorage.configureExtension(ExtensionsStorage.java:64)\n[1e9fe30c-02bd-4ee8-8672-704e3aeadc69/checks_and_tests ]   | \tat org.gradle.internal.extensibility.DefaultConvention.configureExtension(DefaultConvention.java:364)\n[1e9fe30c-02bd-4ee8-8672-704e3aeadc69/checks_and_tests ]   | \tat org.gradle.internal.extensibility.DefaultConvention.access$500(DefaultConvention.java:45)\n[1e9fe30c-02bd-4ee8-8672-704e3aeadc69/checks_and_tests ]   | \tat org.gradle.internal.extensibility.DefaultConvention$ExtensionsDynamicObject.tryInvokeMethod(DefaultConvention.java:301)\n[1e9fe30c-02bd-4ee8-8672-704e3aeadc69/checks_and_tests ]   | \tat org.gradle.internal.metaobject.CompositeDynamicObject.tryInvokeMethod(CompositeDynamicObject.java:98)\n[1e9fe30c-02bd-4ee8-8672-704e3aeadc69/checks_and_tests ]   | \tat org.gradle.internal.extensibility.MixInClosurePropertiesAsMethodsDynamicObject.tryInvokeMethod(MixInClosurePropertiesAsMethodsDynamicObject.java:34)\n[1e9fe30c-02bd-4ee8-8672-704e3aeadc69/checks_and_tests ]   | \tat org.gradle.groovy.scripts.BasicScript$ScriptDynamicObject.tryInvokeMethod(BasicScript.java:135)\n[1e9fe30c-02bd-4ee8-8672-704e3aeadc69/checks_and_tests ]   | \tat org.gradle.internal.metaobject.AbstractDynamicObject.invokeMethod(AbstractDynamicObject.java:163)\n[1e9fe30c-02bd-4ee8-8672-704e3aeadc69/checks_and_tests ]   | \tat org.gradle.groovy.scripts.BasicScript.invokeMethod(BasicScript.java:84)\n[1e9fe30c-02bd-4ee8-8672-704e3aeadc69/checks_and_tests ]   | \tat build_6mc1fj9azfmgm9pn7de42cxwb.run(/tmp/3d783ea4-1661-11ee-8a50-bb14de238602/hash-checker-hash-checker/app/build.gradle:8)\n[1e9fe30c-02bd-4ee8-8672-704e3aeadc69/checks_and_tests ]   | \tat org.gradle.groovy.scripts.internal.DefaultScriptRunnerFactory$ScriptRunnerImpl.run(DefaultScriptRunnerFactory.java:91)\n[1e9fe30c-02bd-4ee8-8672-704e3aeadc69/checks_and_tests ]   | \t... 187 more\n[1e9fe30c-02bd-4ee8-8672-704e3aeadc69/checks_and_tests ]   | \n[1e9fe30c-02bd-4ee8-8672-704e3aeadc69/checks_and_tests ]   | \n[1e9fe30c-02bd-4ee8-8672-704e3aeadc69/checks_and_tests ]   | * Get more help at https://help.gradle.org\n[1e9fe30c-02bd-4ee8-8672-704e3aeadc69/checks_and_tests ]   | \n[1e9fe30c-02bd-4ee8-8672-704e3aeadc69/checks_and_tests ]   | Deprecated Gradle features were used in this build, making it incompatible with Gradle 8.0.\n[1e9fe30c-02bd-4ee8-8672-704e3aeadc69/checks_and_tests ]   | \n[1e9fe30c-02bd-4ee8-8672-704e3aeadc69/checks_and_tests ]   | You can use '--warning-mode all' to show the individual deprecation warnings and determine if they come from your own scripts or plugins.\n[1e9fe30c-02bd-4ee8-8672-704e3aeadc69/checks_and_tests ]   | \n[1e9fe30c-02bd-4ee8-8672-704e3aeadc69/checks_and_tests ]   | See https://docs.gradle.org/7.5/userguide/command_line_interface.html#sec:command_line_warnings\n[1e9fe30c-02bd-4ee8-8672-704e3aeadc69/checks_and_tests ]   | \n[1e9fe30c-02bd-4ee8-8672-704e3aeadc69/checks_and_tests ]   | BUILD FAILED in 44s\n[1e9fe30c-02bd-4ee8-8672-704e3aeadc69/checks_and_tests ]   \u274c  Failure - Main Build with Gradle\n[1e9fe30c-02bd-4ee8-8672-704e3aeadc69/checks_and_tests ] exitcode '1': failure\n[1e9fe30c-02bd-4ee8-8672-704e3aeadc69/checks_and_tests ] \u2b50 Run Post Set up JDK 11\n[1e9fe30c-02bd-4ee8-8672-704e3aeadc69/checks_and_tests ]   \ud83d\udc33  docker exec cmd=[node /var/run/act/actions/actions-setup-java@v1/dist/cleanup/index.js] user= workdir=\n[1e9fe30c-02bd-4ee8-8672-704e3aeadc69/checks_and_tests ]   \u2705  Success - Post Set up JDK 11\n[1e9fe30c-02bd-4ee8-8672-704e3aeadc69/check_licenses   ]   | \n[1e9fe30c-02bd-4ee8-8672-704e3aeadc69/check_licenses   ]   | FAILURE: Build failed with an exception.\n[1e9fe30c-02bd-4ee8-8672-704e3aeadc69/check_licenses   ]   | \n[1e9fe30c-02bd-4ee8-8672-704e3aeadc69/check_licenses   ]   | * Where:\n[1e9fe30c-02bd-4ee8-8672-704e3aeadc69/check_licenses   ]   | Build file '/tmp/3d783ea4-1661-11ee-8a50-bb14de238602/hash-checker-hash-checker/app/build.gradle' line: 80\n[1e9fe30c-02bd-4ee8-8672-704e3aeadc69/check_licenses   ]   | \n[1e9fe30c-02bd-4ee8-8672-704e3aeadc69/check_licenses   ]   | * What went wrong:\n[1e9fe30c-02bd-4ee8-8672-704e3aeadc69/check_licenses   ]   | A problem occurred evaluating project ':app'.\n[1e9fe30c-02bd-4ee8-8672-704e3aeadc69/check_licenses   ]   | > You should define sign keys in gradle.properties or int ENV.\n[1e9fe30c-02bd-4ee8-8672-704e3aeadc69/check_licenses   ]   | \n[1e9fe30c-02bd-4ee8-8672-704e3aeadc69/check_licenses   ]   | * Try:\n[1e9fe30c-02bd-4ee8-8672-704e3aeadc69/check_licenses   ]   | > Run with --stacktrace option to get the stack trace.\n[1e9fe30c-02bd-4ee8-8672-704e3aeadc69/check_licenses   ]   | > Run with --info or --debug option to get more log output.\n[1e9fe30c-02bd-4ee8-8672-704e3aeadc69/check_licenses   ]   | > Run with --scan to get full insights.\n[1e9fe30c-02bd-4ee8-8672-704e3aeadc69/check_licenses   ]   | \n[1e9fe30c-02bd-4ee8-8672-704e3aeadc69/check_licenses   ]   | * Get more help at https://help.gradle.org\n[1e9fe30c-02bd-4ee8-8672-704e3aeadc69/check_licenses   ]   | \n[1e9fe30c-02bd-4ee8-8672-704e3aeadc69/check_licenses   ]   | Deprecated Gradle features were used in this build, making it incompatible with Gradle 8.0.\n[1e9fe30c-02bd-4ee8-8672-704e3aeadc69/check_licenses   ]   | \n[1e9fe30c-02bd-4ee8-8672-704e3aeadc69/check_licenses   ]   | You can use '--warning-mode all' to show the individual deprecation warnings and determine if they come from your own scripts or plugins.\n[1e9fe30c-02bd-4ee8-8672-704e3aeadc69/check_licenses   ]   | \n[1e9fe30c-02bd-4ee8-8672-704e3aeadc69/check_licenses   ]   | See https://docs.gradle.org/7.5/userguide/command_line_interface.html#sec:command_line_warnings\n[1e9fe30c-02bd-4ee8-8672-704e3aeadc69/check_licenses   ]   | \n[1e9fe30c-02bd-4ee8-8672-704e3aeadc69/check_licenses   ]   | BUILD FAILED in 53s\n[1e9fe30c-02bd-4ee8-8672-704e3aeadc69/check_licenses   ]   \u274c  Failure - Main Generate Google Play flavor licenses report\n[1e9fe30c-02bd-4ee8-8672-704e3aeadc69/check_licenses   ] exitcode '1': failure\n[1e9fe30c-02bd-4ee8-8672-704e3aeadc69/check_licenses   ] \u2b50 Run Post Set up JDK 11\n[1e9fe30c-02bd-4ee8-8672-704e3aeadc69/check_licenses   ]   \ud83d\udc33  docker exec cmd=[node /var/run/act/actions/actions-setup-java@v1/dist/cleanup/index.js] user= workdir=\n[1e9fe30c-02bd-4ee8-8672-704e3aeadc69/checks_and_tests ] \ud83c\udfc1  Job failed\n[1e9fe30c-02bd-4ee8-8672-704e3aeadc69/check_licenses   ]   \u2705  Success - Post Set up JDK 11\n[1e9fe30c-02bd-4ee8-8672-704e3aeadc69/check_licenses   ] \ud83c\udfc1  Job failed\n",
        "stderr": "Error: Job 'checks_and_tests' failed\n",
        "workflow": "/tmp/3d783ea4-1661-11ee-8a50-bb14de238602/hash-checker-hash-checker/.github/workflows/build-crawler.yml",
        "build_tool": "gradle",
        "elapsed_time": 211.85870170593262
    }
}