{
    "repository": "highsource/jaxb-tools",
    "stars": 360,
    "language": "java",
    "size": 1881,
    "clone_url": "https://github.com/highsource/jaxb-tools.git",
    "timestamp": "2023-06-29T11:12:56.514728Z",
    "clone_success": true,
    "number_of_actions": 1,
    "number_of_test_actions": 1,
    "actions_successful": true,
    "actions_build_tools": [
        "maven"
    ],
    "actions_test_build_tools": [
        "maven"
    ],
    "actions_run": {
        "failed": false,
        "tests": [],
        "stdout": "[4203176e-4da0-4e0f-b0a8-3f51783eacbe/build_and_test] \ud83d\ude80  Start image=crawlergpt:latest\n[4203176e-4da0-4e0f-b0a8-3f51783eacbe/build_and_test]   \ud83d\udc33  docker pull image=crawlergpt:latest platform= username= forcePull=false\n[4203176e-4da0-4e0f-b0a8-3f51783eacbe/build_and_test]   \ud83d\udc33  docker create image=crawlergpt:latest platform= entrypoint=[\"tail\" \"-f\" \"/dev/null\"] cmd=[]\n[4203176e-4da0-4e0f-b0a8-3f51783eacbe/build_and_test]   \ud83d\udc33  docker run image=crawlergpt:latest platform= entrypoint=[\"tail\" \"-f\" \"/dev/null\"] cmd=[]\n[4203176e-4da0-4e0f-b0a8-3f51783eacbe/build_and_test]   \ud83d\udc33  docker exec cmd=[chown -R 1012:1013 /tmp/3d783ea4-1661-11ee-8a50-bb14de238602/highsource-jaxb-tools] user=0 workdir=\n[4203176e-4da0-4e0f-b0a8-3f51783eacbe/build_and_test]   \u2601  git clone 'https://github.com/actions/setup-java' # ref=v1\n[4203176e-4da0-4e0f-b0a8-3f51783eacbe/build_and_test]   \u2601  git clone 'https://github.com/actions/setup-java' # ref=v1\n[4203176e-4da0-4e0f-b0a8-3f51783eacbe/build_and_test]   \u2601  git clone 'https://github.com/actions/setup-java' # ref=v1\n[4203176e-4da0-4e0f-b0a8-3f51783eacbe/build_and_test] \u2b50 Run Main actions/checkout@v2\n[4203176e-4da0-4e0f-b0a8-3f51783eacbe/build_and_test]   \u2705  Success - Main actions/checkout@v2\n[4203176e-4da0-4e0f-b0a8-3f51783eacbe/build_and_test] \u2b50 Run Main Set up JDK 8\n[4203176e-4da0-4e0f-b0a8-3f51783eacbe/build_and_test]   \ud83d\udc33  docker cp src=/tmp/act-cache/6b2ba132-0fed-455e-8aa0-298e879ff2a3/act/actions-setup-java@v1/ dst=/var/run/act/actions/actions-setup-java@v1/\n[4203176e-4da0-4e0f-b0a8-3f51783eacbe/build_and_test]   \ud83d\udc33  docker exec cmd=[chown -R 1012:1013 /var/run/act/actions/actions-setup-java@v1/] user=0 workdir=\n[4203176e-4da0-4e0f-b0a8-3f51783eacbe/build_and_test]   \ud83d\udc33  docker exec cmd=[node /var/run/act/actions/actions-setup-java@v1/dist/setup/index.js] user= workdir=\n[4203176e-4da0-4e0f-b0a8-3f51783eacbe/build_and_test]   \ud83d\udcac  ::debug::isExplicit: \n[4203176e-4da0-4e0f-b0a8-3f51783eacbe/build_and_test]   \ud83d\udcac  ::debug::explicit? false\n[4203176e-4da0-4e0f-b0a8-3f51783eacbe/build_and_test]   \ud83d\udcac  ::debug::evaluating 0 versions\n[4203176e-4da0-4e0f-b0a8-3f51783eacbe/build_and_test]   \ud83d\udcac  ::debug::match not found\n[4203176e-4da0-4e0f-b0a8-3f51783eacbe/build_and_test]   \ud83d\udcac  ::debug::Downloading JDK from Azul\n[4203176e-4da0-4e0f-b0a8-3f51783eacbe/build_and_test]   \ud83d\udcac  ::debug::Searching for files with extension: -linux_x64.tar.gz\n[4203176e-4da0-4e0f-b0a8-3f51783eacbe/build_and_test]   \ud83d\udcac  ::debug::Downloading https://static.azul.com/zulu/bin/zulu8.70.0.23-ca-jdk8.0.372-linux_x64.tar.gz\n[4203176e-4da0-4e0f-b0a8-3f51783eacbe/build_and_test]   \ud83d\udcac  ::debug::Downloading /tmp/7aae75a4-be19-4db7-895a-5e13b743b900\n[4203176e-4da0-4e0f-b0a8-3f51783eacbe/build_and_test]   \ud83d\udcac  ::debug::download complete\n[4203176e-4da0-4e0f-b0a8-3f51783eacbe/build_and_test]   | [command]/usr/bin/tar --version\n[4203176e-4da0-4e0f-b0a8-3f51783eacbe/build_and_test]   | tar (GNU tar) 1.30\n[4203176e-4da0-4e0f-b0a8-3f51783eacbe/build_and_test]   | Copyright (C) 2017 Free Software Foundation, Inc.\n[4203176e-4da0-4e0f-b0a8-3f51783eacbe/build_and_test]   | License GPLv3+: GNU GPL version 3 or later <https://gnu.org/licenses/gpl.html>.\n[4203176e-4da0-4e0f-b0a8-3f51783eacbe/build_and_test]   | This is free software: you are free to change and redistribute it.\n[4203176e-4da0-4e0f-b0a8-3f51783eacbe/build_and_test]   | There is NO WARRANTY, to the extent permitted by law.\n[4203176e-4da0-4e0f-b0a8-3f51783eacbe/build_and_test]   | \n[4203176e-4da0-4e0f-b0a8-3f51783eacbe/build_and_test]   | Written by John Gilmore and Jay Fenlason.\n[4203176e-4da0-4e0f-b0a8-3f51783eacbe/build_and_test]   | [command]/usr/bin/tar xz --warning=no-unknown-keyword -C /tmp/temp_204148063 -f /tmp/7aae75a4-be19-4db7-895a-5e13b743b900\n[4203176e-4da0-4e0f-b0a8-3f51783eacbe/build_and_test]   \ud83d\udcac  ::debug::jdk extracted to /tmp/temp_204148063/zulu8.70.0.23-ca-jdk8.0.372-linux_x64\n[4203176e-4da0-4e0f-b0a8-3f51783eacbe/build_and_test]   \ud83d\udcac  ::debug::Caching tool jdk 8.0.372 x64\n[4203176e-4da0-4e0f-b0a8-3f51783eacbe/build_and_test]   \ud83d\udcac  ::debug::source dir: /tmp/temp_204148063/zulu8.70.0.23-ca-jdk8.0.372-linux_x64\n[4203176e-4da0-4e0f-b0a8-3f51783eacbe/build_and_test]   \ud83d\udcac  ::debug::destination /opt/hostedtoolcache/jdk/8.0.372/x64\n[4203176e-4da0-4e0f-b0a8-3f51783eacbe/build_and_test]   \ud83d\udcac  ::debug::finished caching tool\n[4203176e-4da0-4e0f-b0a8-3f51783eacbe/build_and_test]   \u2753 add-matcher /run/act/actions/actions-setup-java@v1/.github/java.json\n[4203176e-4da0-4e0f-b0a8-3f51783eacbe/build_and_test]   | creating settings.xml with server-id: github; environment variables: username=$GITHUB_ACTOR, password=$GITHUB_TOKEN, and gpg-passphrase=null\n[4203176e-4da0-4e0f-b0a8-3f51783eacbe/build_and_test]   \ud83d\udcac  ::debug::created directory /home/runneradmin/.m2\n[4203176e-4da0-4e0f-b0a8-3f51783eacbe/build_and_test]   | writing /home/runneradmin/.m2/settings.xml\n[4203176e-4da0-4e0f-b0a8-3f51783eacbe/build_and_test]   \u2705  Success - Main Set up JDK 8\n[4203176e-4da0-4e0f-b0a8-3f51783eacbe/build_and_test]   \u2699  ::set-env:: JAVA_HOME_8.0.372_x64=/opt/hostedtoolcache/jdk/8.0.372/x64\n[4203176e-4da0-4e0f-b0a8-3f51783eacbe/build_and_test]   \u2699  ::set-env:: JAVA_HOME=/opt/hostedtoolcache/jdk/8.0.372/x64\n[4203176e-4da0-4e0f-b0a8-3f51783eacbe/build_and_test]   \u2699  ::set-env:: JAVA_HOME_8_0_372_X64=/opt/hostedtoolcache/jdk/8.0.372/x64\n[4203176e-4da0-4e0f-b0a8-3f51783eacbe/build_and_test]   \u2699  ::set-output:: path=/opt/hostedtoolcache/jdk/8.0.372/x64\n[4203176e-4da0-4e0f-b0a8-3f51783eacbe/build_and_test]   \u2699  ::set-output:: version=8.0.372\n[4203176e-4da0-4e0f-b0a8-3f51783eacbe/build_and_test]   \u2699  ::add-path:: /opt/hostedtoolcache/jdk/8.0.372/x64/bin\n[4203176e-4da0-4e0f-b0a8-3f51783eacbe/build_and_test] \u2b50 Run Main Maven with JDK 8\n[4203176e-4da0-4e0f-b0a8-3f51783eacbe/build_and_test]   \ud83d\udc33  docker exec cmd=[bash --noprofile --norc -e -o pipefail /var/run/act/workflow/2] user= workdir=\n[4203176e-4da0-4e0f-b0a8-3f51783eacbe/build_and_test]   | [INFO] Scanning for projects...\n[4203176e-4da0-4e0f-b0a8-3f51783eacbe/build_and_test]   | [ERROR] [ERROR] Some problems were encountered while processing the POMs:\n[4203176e-4da0-4e0f-b0a8-3f51783eacbe/build_and_test]   | [FATAL] Non-resolvable parent POM for org.jvnet.jaxb:jaxb-maven-plugin-dist:2.0.1-SNAPSHOT: Could not find artifact org.jvnet.jaxb:jaxb-maven-plugin-project:pom:2.0.1-SNAPSHOT and 'parent.relativePath' points at wrong local POM @ line 7, column 10\n[4203176e-4da0-4e0f-b0a8-3f51783eacbe/build_and_test]   | [FATAL] Non-resolvable parent POM for org.jvnet.jaxb:jaxb-maven-plugin-samples:2.0.1-SNAPSHOT: Could not find artifact org.jvnet.jaxb:jaxb-maven-plugin-project:pom:2.0.1-SNAPSHOT and 'parent.relativePath' points at wrong local POM @ line 7, column 10\n[4203176e-4da0-4e0f-b0a8-3f51783eacbe/build_and_test]   | [WARNING] 'build.pluginManagement.plugins.plugin.(groupId:artifactId)' must be unique but found duplicate declaration of plugin org.jvnet.jaxb:jaxb-maven-plugin @ line 66, column 13\n[4203176e-4da0-4e0f-b0a8-3f51783eacbe/build_and_test]   | [FATAL] Non-resolvable parent POM for org.jvnet.jaxb:jaxb-maven-plugin-tests:2.0.1-SNAPSHOT: Could not find artifact org.jvnet.jaxb:jaxb-maven-plugin-project:pom:2.0.1-SNAPSHOT and 'parent.relativePath' points at wrong local POM @ line 6, column 10\n[4203176e-4da0-4e0f-b0a8-3f51783eacbe/build_and_test]   |  @ \n[4203176e-4da0-4e0f-b0a8-3f51783eacbe/build_and_test]   | [ERROR] The build could not read 3 projects -> [Help 1]\n[4203176e-4da0-4e0f-b0a8-3f51783eacbe/build_and_test]   | [ERROR]   \n[4203176e-4da0-4e0f-b0a8-3f51783eacbe/build_and_test]   | [ERROR]   The project org.jvnet.jaxb:jaxb-maven-plugin-dist:2.0.1-SNAPSHOT (/tmp/3d783ea4-1661-11ee-8a50-bb14de238602/highsource-jaxb-tools/dist/pom.xml) has 1 error\n[4203176e-4da0-4e0f-b0a8-3f51783eacbe/build_and_test]   | [ERROR]     Non-resolvable parent POM for org.jvnet.jaxb:jaxb-maven-plugin-dist:2.0.1-SNAPSHOT: Could not find artifact org.jvnet.jaxb:jaxb-maven-plugin-project:pom:2.0.1-SNAPSHOT and 'parent.relativePath' points at wrong local POM @ line 7, column 10 -> [Help 2]\n[4203176e-4da0-4e0f-b0a8-3f51783eacbe/build_and_test]   | [ERROR]   \n[4203176e-4da0-4e0f-b0a8-3f51783eacbe/build_and_test]   | [ERROR]   The project org.jvnet.jaxb:jaxb-maven-plugin-samples:2.0.1-SNAPSHOT (/tmp/3d783ea4-1661-11ee-8a50-bb14de238602/highsource-jaxb-tools/samples/pom.xml) has 1 error\n[4203176e-4da0-4e0f-b0a8-3f51783eacbe/build_and_test]   | [ERROR]     Non-resolvable parent POM for org.jvnet.jaxb:jaxb-maven-plugin-samples:2.0.1-SNAPSHOT: Could not find artifact org.jvnet.jaxb:jaxb-maven-plugin-project:pom:2.0.1-SNAPSHOT and 'parent.relativePath' points at wrong local POM @ line 7, column 10 -> [Help 2]\n[4203176e-4da0-4e0f-b0a8-3f51783eacbe/build_and_test]   | [ERROR]   \n[4203176e-4da0-4e0f-b0a8-3f51783eacbe/build_and_test]   | [ERROR]   The project org.jvnet.jaxb:jaxb-maven-plugin-tests:2.0.1-SNAPSHOT (/tmp/3d783ea4-1661-11ee-8a50-bb14de238602/highsource-jaxb-tools/tests/pom.xml) has 1 error\n[4203176e-4da0-4e0f-b0a8-3f51783eacbe/build_and_test]   | [ERROR]     Non-resolvable parent POM for org.jvnet.jaxb:jaxb-maven-plugin-tests:2.0.1-SNAPSHOT: Could not find artifact org.jvnet.jaxb:jaxb-maven-plugin-project:pom:2.0.1-SNAPSHOT and 'parent.relativePath' points at wrong local POM @ line 6, column 10 -> [Help 2]\n[4203176e-4da0-4e0f-b0a8-3f51783eacbe/build_and_test]   | [ERROR] \n[4203176e-4da0-4e0f-b0a8-3f51783eacbe/build_and_test]   | [ERROR] To see the full stack trace of the errors, re-run Maven with the -e switch.\n[4203176e-4da0-4e0f-b0a8-3f51783eacbe/build_and_test]   | [ERROR] Re-run Maven using the -X switch to enable full debug logging.\n[4203176e-4da0-4e0f-b0a8-3f51783eacbe/build_and_test]   | [ERROR] \n[4203176e-4da0-4e0f-b0a8-3f51783eacbe/build_and_test]   | [ERROR] For more information about the errors and possible solutions, please read the following articles:\n[4203176e-4da0-4e0f-b0a8-3f51783eacbe/build_and_test]   | [ERROR] [Help 1] http://cwiki.apache.org/confluence/display/MAVEN/ProjectBuildingException\n[4203176e-4da0-4e0f-b0a8-3f51783eacbe/build_and_test]   | [ERROR] [Help 2] http://cwiki.apache.org/confluence/display/MAVEN/UnresolvableModelException\n[4203176e-4da0-4e0f-b0a8-3f51783eacbe/build_and_test]   | [INFO] Build failures were ignored.\n[4203176e-4da0-4e0f-b0a8-3f51783eacbe/build_and_test]   \u2705  Success - Main Maven with JDK 8\n[4203176e-4da0-4e0f-b0a8-3f51783eacbe/build_and_test] \u2b50 Run Main Set up JDK 11\n[4203176e-4da0-4e0f-b0a8-3f51783eacbe/build_and_test]   \ud83d\udc33  docker cp src=/tmp/act-cache/6b2ba132-0fed-455e-8aa0-298e879ff2a3/act/actions-setup-java@v1/ dst=/var/run/act/actions/actions-setup-java@v1/\n[4203176e-4da0-4e0f-b0a8-3f51783eacbe/build_and_test]   \ud83d\udc33  docker exec cmd=[chown -R 1012:1013 /var/run/act/actions/actions-setup-java@v1/] user=0 workdir=\n[4203176e-4da0-4e0f-b0a8-3f51783eacbe/build_and_test]   \ud83d\udc33  docker exec cmd=[node /var/run/act/actions/actions-setup-java@v1/dist/setup/index.js] user= workdir=\n[4203176e-4da0-4e0f-b0a8-3f51783eacbe/build_and_test]   \ud83d\udcac  ::debug::isExplicit: \n[4203176e-4da0-4e0f-b0a8-3f51783eacbe/build_and_test]   \ud83d\udcac  ::debug::explicit? false\n[4203176e-4da0-4e0f-b0a8-3f51783eacbe/build_and_test]   \ud83d\udcac  ::debug::isExplicit: 8.0.372\n[4203176e-4da0-4e0f-b0a8-3f51783eacbe/build_and_test]   \ud83d\udcac  ::debug::explicit? true\n[4203176e-4da0-4e0f-b0a8-3f51783eacbe/build_and_test]   \ud83d\udcac  ::debug::evaluating 1 versions\n[4203176e-4da0-4e0f-b0a8-3f51783eacbe/build_and_test]   \ud83d\udcac  ::debug::match not found\n[4203176e-4da0-4e0f-b0a8-3f51783eacbe/build_and_test]   \ud83d\udcac  ::debug::Downloading JDK from Azul\n[4203176e-4da0-4e0f-b0a8-3f51783eacbe/build_and_test]   \ud83d\udcac  ::debug::Searching for files with extension: -linux_x64.tar.gz\n[4203176e-4da0-4e0f-b0a8-3f51783eacbe/build_and_test]   \ud83d\udcac  ::debug::Downloading https://static.azul.com/zulu/bin/zulu11.64.19-ca-jdk11.0.19-linux_x64.tar.gz\n[4203176e-4da0-4e0f-b0a8-3f51783eacbe/build_and_test]   \ud83d\udcac  ::debug::Downloading /tmp/1ebab460-88a3-4622-b8ba-4648294ee9a7\n[4203176e-4da0-4e0f-b0a8-3f51783eacbe/build_and_test]   \ud83d\udcac  ::debug::download complete\n[4203176e-4da0-4e0f-b0a8-3f51783eacbe/build_and_test]   | [command]/usr/bin/tar --version\n[4203176e-4da0-4e0f-b0a8-3f51783eacbe/build_and_test]   | tar (GNU tar) 1.30\n[4203176e-4da0-4e0f-b0a8-3f51783eacbe/build_and_test]   | Copyright (C) 2017 Free Software Foundation, Inc.\n[4203176e-4da0-4e0f-b0a8-3f51783eacbe/build_and_test]   | License GPLv3+: GNU GPL version 3 or later <https://gnu.org/licenses/gpl.html>.\n[4203176e-4da0-4e0f-b0a8-3f51783eacbe/build_and_test]   | This is free software: you are free to change and redistribute it.\n[4203176e-4da0-4e0f-b0a8-3f51783eacbe/build_and_test]   | There is NO WARRANTY, to the extent permitted by law.\n[4203176e-4da0-4e0f-b0a8-3f51783eacbe/build_and_test]   | \n[4203176e-4da0-4e0f-b0a8-3f51783eacbe/build_and_test]   | Written by John Gilmore and Jay Fenlason.\n[4203176e-4da0-4e0f-b0a8-3f51783eacbe/build_and_test]   | [command]/usr/bin/tar xz --warning=no-unknown-keyword -C /tmp/temp_526479971 -f /tmp/1ebab460-88a3-4622-b8ba-4648294ee9a7\n[4203176e-4da0-4e0f-b0a8-3f51783eacbe/build_and_test]   \ud83d\udcac  ::debug::jdk extracted to /tmp/temp_526479971/zulu11.64.19-ca-jdk11.0.19-linux_x64\n[4203176e-4da0-4e0f-b0a8-3f51783eacbe/build_and_test]   \ud83d\udcac  ::debug::Caching tool jdk 11.0.19 x64\n[4203176e-4da0-4e0f-b0a8-3f51783eacbe/build_and_test]   \ud83d\udcac  ::debug::source dir: /tmp/temp_526479971/zulu11.64.19-ca-jdk11.0.19-linux_x64\n[4203176e-4da0-4e0f-b0a8-3f51783eacbe/build_and_test]   \ud83d\udcac  ::debug::destination /opt/hostedtoolcache/jdk/11.0.19/x64\n[4203176e-4da0-4e0f-b0a8-3f51783eacbe/build_and_test]   \ud83d\udcac  ::debug::finished caching tool\n[4203176e-4da0-4e0f-b0a8-3f51783eacbe/build_and_test]   \u2753 add-matcher /run/act/actions/actions-setup-java@v1/.github/java.json\n[4203176e-4da0-4e0f-b0a8-3f51783eacbe/build_and_test]   | creating settings.xml with server-id: github; environment variables: username=$GITHUB_ACTOR, password=$GITHUB_TOKEN, and gpg-passphrase=null\n[4203176e-4da0-4e0f-b0a8-3f51783eacbe/build_and_test]   \ud83d\udcac  ::debug::created directory /home/runneradmin/.m2\n[4203176e-4da0-4e0f-b0a8-3f51783eacbe/build_and_test]   | overwriting existing file /home/runneradmin/.m2/settings.xml\n[4203176e-4da0-4e0f-b0a8-3f51783eacbe/build_and_test]   \u2705  Success - Main Set up JDK 11\n[4203176e-4da0-4e0f-b0a8-3f51783eacbe/build_and_test]   \u2699  ::set-env:: JAVA_HOME_11.0.19_x64=/opt/hostedtoolcache/jdk/11.0.19/x64\n[4203176e-4da0-4e0f-b0a8-3f51783eacbe/build_and_test]   \u2699  ::set-env:: JAVA_HOME=/opt/hostedtoolcache/jdk/11.0.19/x64\n[4203176e-4da0-4e0f-b0a8-3f51783eacbe/build_and_test]   \u2699  ::set-env:: JAVA_HOME_11_0_19_X64=/opt/hostedtoolcache/jdk/11.0.19/x64\n[4203176e-4da0-4e0f-b0a8-3f51783eacbe/build_and_test]   \u2699  ::set-output:: version=11.0.19\n[4203176e-4da0-4e0f-b0a8-3f51783eacbe/build_and_test]   \u2699  ::set-output:: path=/opt/hostedtoolcache/jdk/11.0.19/x64\n[4203176e-4da0-4e0f-b0a8-3f51783eacbe/build_and_test]   \u2699  ::add-path:: /opt/hostedtoolcache/jdk/11.0.19/x64/bin\n[4203176e-4da0-4e0f-b0a8-3f51783eacbe/build_and_test] \u2b50 Run Main Maven with JDK 11\n[4203176e-4da0-4e0f-b0a8-3f51783eacbe/build_and_test]   \ud83d\udc33  docker exec cmd=[bash --noprofile --norc -e -o pipefail /var/run/act/workflow/4] user= workdir=\n[4203176e-4da0-4e0f-b0a8-3f51783eacbe/build_and_test]   | [INFO] Scanning for projects...\n[4203176e-4da0-4e0f-b0a8-3f51783eacbe/build_and_test]   | [ERROR] [ERROR] Some problems were encountered while processing the POMs:\n[4203176e-4da0-4e0f-b0a8-3f51783eacbe/build_and_test]   | [FATAL] Non-resolvable parent POM for org.jvnet.jaxb:jaxb-maven-plugin-dist:2.0.1-SNAPSHOT: Could not find artifact org.jvnet.jaxb:jaxb-maven-plugin-project:pom:2.0.1-SNAPSHOT and 'parent.relativePath' points at wrong local POM @ line 7, column 10\n[4203176e-4da0-4e0f-b0a8-3f51783eacbe/build_and_test]   | [FATAL] Non-resolvable parent POM for org.jvnet.jaxb:jaxb-maven-plugin-samples:2.0.1-SNAPSHOT: Could not find artifact org.jvnet.jaxb:jaxb-maven-plugin-project:pom:2.0.1-SNAPSHOT and 'parent.relativePath' points at wrong local POM @ line 7, column 10\n[4203176e-4da0-4e0f-b0a8-3f51783eacbe/build_and_test]   | [WARNING] 'build.pluginManagement.plugins.plugin.(groupId:artifactId)' must be unique but found duplicate declaration of plugin org.jvnet.jaxb:jaxb-maven-plugin @ line 66, column 13\n[4203176e-4da0-4e0f-b0a8-3f51783eacbe/build_and_test]   | [FATAL] Non-resolvable parent POM for org.jvnet.jaxb:jaxb-maven-plugin-tests:2.0.1-SNAPSHOT: Could not find artifact org.jvnet.jaxb:jaxb-maven-plugin-project:pom:2.0.1-SNAPSHOT and 'parent.relativePath' points at wrong local POM @ line 6, column 10\n[4203176e-4da0-4e0f-b0a8-3f51783eacbe/build_and_test]   |  @ \n[4203176e-4da0-4e0f-b0a8-3f51783eacbe/build_and_test]   | [ERROR] The build could not read 3 projects -> [Help 1]\n[4203176e-4da0-4e0f-b0a8-3f51783eacbe/build_and_test]   | [ERROR]   \n[4203176e-4da0-4e0f-b0a8-3f51783eacbe/build_and_test]   | [ERROR]   The project org.jvnet.jaxb:jaxb-maven-plugin-dist:2.0.1-SNAPSHOT (/tmp/3d783ea4-1661-11ee-8a50-bb14de238602/highsource-jaxb-tools/dist/pom.xml) has 1 error\n[4203176e-4da0-4e0f-b0a8-3f51783eacbe/build_and_test]   | [ERROR]     Non-resolvable parent POM for org.jvnet.jaxb:jaxb-maven-plugin-dist:2.0.1-SNAPSHOT: Could not find artifact org.jvnet.jaxb:jaxb-maven-plugin-project:pom:2.0.1-SNAPSHOT and 'parent.relativePath' points at wrong local POM @ line 7, column 10 -> [Help 2]\n[4203176e-4da0-4e0f-b0a8-3f51783eacbe/build_and_test]   | [ERROR]   \n[4203176e-4da0-4e0f-b0a8-3f51783eacbe/build_and_test]   | [ERROR]   The project org.jvnet.jaxb:jaxb-maven-plugin-samples:2.0.1-SNAPSHOT (/tmp/3d783ea4-1661-11ee-8a50-bb14de238602/highsource-jaxb-tools/samples/pom.xml) has 1 error\n[4203176e-4da0-4e0f-b0a8-3f51783eacbe/build_and_test]   | [ERROR]     Non-resolvable parent POM for org.jvnet.jaxb:jaxb-maven-plugin-samples:2.0.1-SNAPSHOT: Could not find artifact org.jvnet.jaxb:jaxb-maven-plugin-project:pom:2.0.1-SNAPSHOT and 'parent.relativePath' points at wrong local POM @ line 7, column 10 -> [Help 2]\n[4203176e-4da0-4e0f-b0a8-3f51783eacbe/build_and_test]   | [ERROR]   \n[4203176e-4da0-4e0f-b0a8-3f51783eacbe/build_and_test]   | [ERROR]   The project org.jvnet.jaxb:jaxb-maven-plugin-tests:2.0.1-SNAPSHOT (/tmp/3d783ea4-1661-11ee-8a50-bb14de238602/highsource-jaxb-tools/tests/pom.xml) has 1 error\n[4203176e-4da0-4e0f-b0a8-3f51783eacbe/build_and_test]   | [ERROR]     Non-resolvable parent POM for org.jvnet.jaxb:jaxb-maven-plugin-tests:2.0.1-SNAPSHOT: Could not find artifact org.jvnet.jaxb:jaxb-maven-plugin-project:pom:2.0.1-SNAPSHOT and 'parent.relativePath' points at wrong local POM @ line 6, column 10 -> [Help 2]\n[4203176e-4da0-4e0f-b0a8-3f51783eacbe/build_and_test]   | [ERROR] \n[4203176e-4da0-4e0f-b0a8-3f51783eacbe/build_and_test]   | [ERROR] To see the full stack trace of the errors, re-run Maven with the -e switch.\n[4203176e-4da0-4e0f-b0a8-3f51783eacbe/build_and_test]   | [ERROR] Re-run Maven using the -X switch to enable full debug logging.\n[4203176e-4da0-4e0f-b0a8-3f51783eacbe/build_and_test]   | [ERROR] \n[4203176e-4da0-4e0f-b0a8-3f51783eacbe/build_and_test]   | [ERROR] For more information about the errors and possible solutions, please read the following articles:\n[4203176e-4da0-4e0f-b0a8-3f51783eacbe/build_and_test]   | [ERROR] [Help 1] http://cwiki.apache.org/confluence/display/MAVEN/ProjectBuildingException\n[4203176e-4da0-4e0f-b0a8-3f51783eacbe/build_and_test]   | [ERROR] [Help 2] http://cwiki.apache.org/confluence/display/MAVEN/UnresolvableModelException\n[4203176e-4da0-4e0f-b0a8-3f51783eacbe/build_and_test]   | [INFO] Build failures were ignored.\n[4203176e-4da0-4e0f-b0a8-3f51783eacbe/build_and_test]   \u2705  Success - Main Maven with JDK 11\n[4203176e-4da0-4e0f-b0a8-3f51783eacbe/build_and_test] \u2b50 Run Main Set up JDK 17\n[4203176e-4da0-4e0f-b0a8-3f51783eacbe/build_and_test]   \ud83d\udc33  docker cp src=/tmp/act-cache/6b2ba132-0fed-455e-8aa0-298e879ff2a3/act/actions-setup-java@v1/ dst=/var/run/act/actions/actions-setup-java@v1/\n[4203176e-4da0-4e0f-b0a8-3f51783eacbe/build_and_test]   \ud83d\udc33  docker exec cmd=[chown -R 1012:1013 /var/run/act/actions/actions-setup-java@v1/] user=0 workdir=\n[4203176e-4da0-4e0f-b0a8-3f51783eacbe/build_and_test]   \ud83d\udc33  docker exec cmd=[node /var/run/act/actions/actions-setup-java@v1/dist/setup/index.js] user= workdir=\n[4203176e-4da0-4e0f-b0a8-3f51783eacbe/build_and_test]   \ud83d\udcac  ::debug::isExplicit: \n[4203176e-4da0-4e0f-b0a8-3f51783eacbe/build_and_test]   \ud83d\udcac  ::debug::explicit? false\n[4203176e-4da0-4e0f-b0a8-3f51783eacbe/build_and_test]   \ud83d\udcac  ::debug::isExplicit: 11.0.19\n[4203176e-4da0-4e0f-b0a8-3f51783eacbe/build_and_test]   \ud83d\udcac  ::debug::explicit? true\n[4203176e-4da0-4e0f-b0a8-3f51783eacbe/build_and_test]   \ud83d\udcac  ::debug::isExplicit: 8.0.372\n[4203176e-4da0-4e0f-b0a8-3f51783eacbe/build_and_test]   \ud83d\udcac  ::debug::explicit? true\n[4203176e-4da0-4e0f-b0a8-3f51783eacbe/build_and_test]   \ud83d\udcac  ::debug::evaluating 2 versions\n[4203176e-4da0-4e0f-b0a8-3f51783eacbe/build_and_test]   \ud83d\udcac  ::debug::match not found\n[4203176e-4da0-4e0f-b0a8-3f51783eacbe/build_and_test]   \ud83d\udcac  ::debug::Downloading JDK from Azul\n[4203176e-4da0-4e0f-b0a8-3f51783eacbe/build_and_test]   \ud83d\udcac  ::debug::Searching for files with extension: -linux_x64.tar.gz\n[4203176e-4da0-4e0f-b0a8-3f51783eacbe/build_and_test]   \ud83d\udcac  ::debug::Downloading https://static.azul.com/zulu/bin/zulu17.42.21-ca-crac-jdk17.0.7-linux_x64.tar.gz\n[4203176e-4da0-4e0f-b0a8-3f51783eacbe/build_and_test]   \ud83d\udcac  ::debug::Downloading /tmp/b7400b2e-047a-4dfc-a791-5e6b2b06253b\n[4203176e-4da0-4e0f-b0a8-3f51783eacbe/build_and_test]   \ud83d\udcac  ::debug::download complete\n[4203176e-4da0-4e0f-b0a8-3f51783eacbe/build_and_test]   | [command]/usr/bin/tar --version\n[4203176e-4da0-4e0f-b0a8-3f51783eacbe/build_and_test]   | tar (GNU tar) 1.30\n[4203176e-4da0-4e0f-b0a8-3f51783eacbe/build_and_test]   | Copyright (C) 2017 Free Software Foundation, Inc.\n[4203176e-4da0-4e0f-b0a8-3f51783eacbe/build_and_test]   | License GPLv3+: GNU GPL version 3 or later <https://gnu.org/licenses/gpl.html>.\n[4203176e-4da0-4e0f-b0a8-3f51783eacbe/build_and_test]   | This is free software: you are free to change and redistribute it.\n[4203176e-4da0-4e0f-b0a8-3f51783eacbe/build_and_test]   | There is NO WARRANTY, to the extent permitted by law.\n[4203176e-4da0-4e0f-b0a8-3f51783eacbe/build_and_test]   | \n[4203176e-4da0-4e0f-b0a8-3f51783eacbe/build_and_test]   | Written by John Gilmore and Jay Fenlason.\n[4203176e-4da0-4e0f-b0a8-3f51783eacbe/build_and_test]   | [command]/usr/bin/tar xz --warning=no-unknown-keyword -C /tmp/temp_542900023 -f /tmp/b7400b2e-047a-4dfc-a791-5e6b2b06253b\n[4203176e-4da0-4e0f-b0a8-3f51783eacbe/build_and_test]   \ud83d\udcac  ::debug::jdk extracted to /tmp/temp_542900023/zulu17.42.21-ca-crac-jdk17.0.7-linux_x64\n[4203176e-4da0-4e0f-b0a8-3f51783eacbe/build_and_test]   \ud83d\udcac  ::debug::Caching tool jdk 17.0.7 x64\n[4203176e-4da0-4e0f-b0a8-3f51783eacbe/build_and_test]   \ud83d\udcac  ::debug::source dir: /tmp/temp_542900023/zulu17.42.21-ca-crac-jdk17.0.7-linux_x64\n[4203176e-4da0-4e0f-b0a8-3f51783eacbe/build_and_test]   \ud83d\udcac  ::debug::destination /opt/hostedtoolcache/jdk/17.0.7/x64\n[4203176e-4da0-4e0f-b0a8-3f51783eacbe/build_and_test]   \ud83d\udcac  ::debug::finished caching tool\n[4203176e-4da0-4e0f-b0a8-3f51783eacbe/build_and_test]   \u2753 add-matcher /run/act/actions/actions-setup-java@v1/.github/java.json\n[4203176e-4da0-4e0f-b0a8-3f51783eacbe/build_and_test]   | creating settings.xml with server-id: github; environment variables: username=$GITHUB_ACTOR, password=$GITHUB_TOKEN, and gpg-passphrase=null\n[4203176e-4da0-4e0f-b0a8-3f51783eacbe/build_and_test]   \ud83d\udcac  ::debug::created directory /home/runneradmin/.m2\n[4203176e-4da0-4e0f-b0a8-3f51783eacbe/build_and_test]   | overwriting existing file /home/runneradmin/.m2/settings.xml\n[4203176e-4da0-4e0f-b0a8-3f51783eacbe/build_and_test]   \u2705  Success - Main Set up JDK 17\n[4203176e-4da0-4e0f-b0a8-3f51783eacbe/build_and_test]   \u2699  ::set-env:: JAVA_HOME_17.0.7_x64=/opt/hostedtoolcache/jdk/17.0.7/x64\n[4203176e-4da0-4e0f-b0a8-3f51783eacbe/build_and_test]   \u2699  ::set-env:: JAVA_HOME=/opt/hostedtoolcache/jdk/17.0.7/x64\n[4203176e-4da0-4e0f-b0a8-3f51783eacbe/build_and_test]   \u2699  ::set-env:: JAVA_HOME_17_0_7_X64=/opt/hostedtoolcache/jdk/17.0.7/x64\n[4203176e-4da0-4e0f-b0a8-3f51783eacbe/build_and_test]   \u2699  ::set-output:: path=/opt/hostedtoolcache/jdk/17.0.7/x64\n[4203176e-4da0-4e0f-b0a8-3f51783eacbe/build_and_test]   \u2699  ::set-output:: version=17.0.7\n[4203176e-4da0-4e0f-b0a8-3f51783eacbe/build_and_test]   \u2699  ::add-path:: /opt/hostedtoolcache/jdk/17.0.7/x64/bin\n[4203176e-4da0-4e0f-b0a8-3f51783eacbe/build_and_test] \u2b50 Run Main Maven with JDK 17\n[4203176e-4da0-4e0f-b0a8-3f51783eacbe/build_and_test]   \ud83d\udc33  docker exec cmd=[bash --noprofile --norc -e -o pipefail /var/run/act/workflow/6] user= workdir=\n[4203176e-4da0-4e0f-b0a8-3f51783eacbe/build_and_test]   | [INFO] Scanning for projects...\n[4203176e-4da0-4e0f-b0a8-3f51783eacbe/build_and_test]   | [ERROR] [ERROR] Some problems were encountered while processing the POMs:\n[4203176e-4da0-4e0f-b0a8-3f51783eacbe/build_and_test]   | [FATAL] Non-resolvable parent POM for org.jvnet.jaxb:jaxb-maven-plugin-dist:2.0.1-SNAPSHOT: Could not find artifact org.jvnet.jaxb:jaxb-maven-plugin-project:pom:2.0.1-SNAPSHOT and 'parent.relativePath' points at wrong local POM @ line 7, column 10\n[4203176e-4da0-4e0f-b0a8-3f51783eacbe/build_and_test]   | [FATAL] Non-resolvable parent POM for org.jvnet.jaxb:jaxb-maven-plugin-samples:2.0.1-SNAPSHOT: Could not find artifact org.jvnet.jaxb:jaxb-maven-plugin-project:pom:2.0.1-SNAPSHOT and 'parent.relativePath' points at wrong local POM @ line 7, column 10\n[4203176e-4da0-4e0f-b0a8-3f51783eacbe/build_and_test]   | [WARNING] 'build.pluginManagement.plugins.plugin.(groupId:artifactId)' must be unique but found duplicate declaration of plugin org.jvnet.jaxb:jaxb-maven-plugin @ line 66, column 13\n[4203176e-4da0-4e0f-b0a8-3f51783eacbe/build_and_test]   | [FATAL] Non-resolvable parent POM for org.jvnet.jaxb:jaxb-maven-plugin-tests:2.0.1-SNAPSHOT: Could not find artifact org.jvnet.jaxb:jaxb-maven-plugin-project:pom:2.0.1-SNAPSHOT and 'parent.relativePath' points at wrong local POM @ line 6, column 10\n[4203176e-4da0-4e0f-b0a8-3f51783eacbe/build_and_test]   |  @ \n[4203176e-4da0-4e0f-b0a8-3f51783eacbe/build_and_test]   | [ERROR] The build could not read 3 projects -> [Help 1]\n[4203176e-4da0-4e0f-b0a8-3f51783eacbe/build_and_test]   | [ERROR]   \n[4203176e-4da0-4e0f-b0a8-3f51783eacbe/build_and_test]   | [ERROR]   The project org.jvnet.jaxb:jaxb-maven-plugin-dist:2.0.1-SNAPSHOT (/tmp/3d783ea4-1661-11ee-8a50-bb14de238602/highsource-jaxb-tools/dist/pom.xml) has 1 error\n[4203176e-4da0-4e0f-b0a8-3f51783eacbe/build_and_test]   | [ERROR]     Non-resolvable parent POM for org.jvnet.jaxb:jaxb-maven-plugin-dist:2.0.1-SNAPSHOT: Could not find artifact org.jvnet.jaxb:jaxb-maven-plugin-project:pom:2.0.1-SNAPSHOT and 'parent.relativePath' points at wrong local POM @ line 7, column 10 -> [Help 2]\n[4203176e-4da0-4e0f-b0a8-3f51783eacbe/build_and_test]   | [ERROR]   \n[4203176e-4da0-4e0f-b0a8-3f51783eacbe/build_and_test]   | [ERROR]   The project org.jvnet.jaxb:jaxb-maven-plugin-samples:2.0.1-SNAPSHOT (/tmp/3d783ea4-1661-11ee-8a50-bb14de238602/highsource-jaxb-tools/samples/pom.xml) has 1 error\n[4203176e-4da0-4e0f-b0a8-3f51783eacbe/build_and_test]   | [ERROR]     Non-resolvable parent POM for org.jvnet.jaxb:jaxb-maven-plugin-samples:2.0.1-SNAPSHOT: Could not find artifact org.jvnet.jaxb:jaxb-maven-plugin-project:pom:2.0.1-SNAPSHOT and 'parent.relativePath' points at wrong local POM @ line 7, column 10 -> [Help 2]\n[4203176e-4da0-4e0f-b0a8-3f51783eacbe/build_and_test]   | [ERROR]   \n[4203176e-4da0-4e0f-b0a8-3f51783eacbe/build_and_test]   | [ERROR]   The project org.jvnet.jaxb:jaxb-maven-plugin-tests:2.0.1-SNAPSHOT (/tmp/3d783ea4-1661-11ee-8a50-bb14de238602/highsource-jaxb-tools/tests/pom.xml) has 1 error\n[4203176e-4da0-4e0f-b0a8-3f51783eacbe/build_and_test]   | [ERROR]     Non-resolvable parent POM for org.jvnet.jaxb:jaxb-maven-plugin-tests:2.0.1-SNAPSHOT: Could not find artifact org.jvnet.jaxb:jaxb-maven-plugin-project:pom:2.0.1-SNAPSHOT and 'parent.relativePath' points at wrong local POM @ line 6, column 10 -> [Help 2]\n[4203176e-4da0-4e0f-b0a8-3f51783eacbe/build_and_test]   | [ERROR] \n[4203176e-4da0-4e0f-b0a8-3f51783eacbe/build_and_test]   | [ERROR] To see the full stack trace of the errors, re-run Maven with the -e switch.\n[4203176e-4da0-4e0f-b0a8-3f51783eacbe/build_and_test]   | [ERROR] Re-run Maven using the -X switch to enable full debug logging.\n[4203176e-4da0-4e0f-b0a8-3f51783eacbe/build_and_test]   | [ERROR] \n[4203176e-4da0-4e0f-b0a8-3f51783eacbe/build_and_test]   | [ERROR] For more information about the errors and possible solutions, please read the following articles:\n[4203176e-4da0-4e0f-b0a8-3f51783eacbe/build_and_test]   | [ERROR] [Help 1] http://cwiki.apache.org/confluence/display/MAVEN/ProjectBuildingException\n[4203176e-4da0-4e0f-b0a8-3f51783eacbe/build_and_test]   | [ERROR] [Help 2] http://cwiki.apache.org/confluence/display/MAVEN/UnresolvableModelException\n[4203176e-4da0-4e0f-b0a8-3f51783eacbe/build_and_test]   | [INFO] Build failures were ignored.\n[4203176e-4da0-4e0f-b0a8-3f51783eacbe/build_and_test]   \u2705  Success - Main Maven with JDK 17\n[4203176e-4da0-4e0f-b0a8-3f51783eacbe/build_and_test] \u2b50 Run Post Set up JDK 17\n[4203176e-4da0-4e0f-b0a8-3f51783eacbe/build_and_test]   \ud83d\udc33  docker exec cmd=[node /var/run/act/actions/actions-setup-java@v1/dist/cleanup/index.js] user= workdir=\n[4203176e-4da0-4e0f-b0a8-3f51783eacbe/build_and_test]   \u2705  Success - Post Set up JDK 17\n[4203176e-4da0-4e0f-b0a8-3f51783eacbe/build_and_test] \u2b50 Run Post Set up JDK 11\n[4203176e-4da0-4e0f-b0a8-3f51783eacbe/build_and_test]   \ud83d\udc33  docker exec cmd=[node /var/run/act/actions/actions-setup-java@v1/dist/cleanup/index.js] user= workdir=\n[4203176e-4da0-4e0f-b0a8-3f51783eacbe/build_and_test]   \u2705  Success - Post Set up JDK 11\n[4203176e-4da0-4e0f-b0a8-3f51783eacbe/build_and_test] \u2b50 Run Post Set up JDK 8\n[4203176e-4da0-4e0f-b0a8-3f51783eacbe/build_and_test]   \ud83d\udc33  docker exec cmd=[node /var/run/act/actions/actions-setup-java@v1/dist/cleanup/index.js] user= workdir=\n[4203176e-4da0-4e0f-b0a8-3f51783eacbe/build_and_test]   \u2705  Success - Post Set up JDK 8\n[4203176e-4da0-4e0f-b0a8-3f51783eacbe/build_and_test] \ud83c\udfc1  Job succeeded\n",
        "stderr": "",
        "workflow": "/tmp/3d783ea4-1661-11ee-8a50-bb14de238602/highsource-jaxb-tools/.github/workflows/maven-build-action-crawler.yaml",
        "build_tool": "maven",
        "elapsed_time": 114.53913426399231
    }
}