{
    "repository": "holgerbrandl/themoviedbapi",
    "stars": 242,
    "language": "java",
    "size": 437,
    "clone_url": "https://github.com/holgerbrandl/themoviedbapi.git",
    "timestamp": "2023-06-29T11:05:21.686403Z",
    "clone_success": true,
    "number_of_actions": 2,
    "number_of_test_actions": 1,
    "actions_successful": true,
    "actions_build_tools": [
        "unknown",
        "gradle"
    ],
    "actions_test_build_tools": [
        "gradle"
    ],
    "actions_run": {
        "failed": false,
        "tests": [
            {
                "classname": "info.movito.themoviedbapi.MiscApiTest",
                "name": "classMethod",
                "time": 0.0,
                "results": [
                    {
                        "result": "Failure",
                        "message": "java.lang.RuntimeException: Missing api key: To run test you need to provide the key as environment variable named 'apikey' and you have to make sure that this is key relates to a linked application",
                        "type": "java.lang.RuntimeException"
                    }
                ],
                "stdout": null,
                "stderr": null
            },
            {
                "classname": "info.movito.themoviedbapi.FindApiTest",
                "name": "classMethod",
                "time": 0.002,
                "results": [
                    {
                        "result": "Failure",
                        "message": "java.lang.RuntimeException: Missing api key: To run test you need to provide the key as environment variable named 'apikey' and you have to make sure that this is key relates to a linked application",
                        "type": "java.lang.RuntimeException"
                    }
                ],
                "stdout": null,
                "stderr": null
            },
            {
                "classname": "info.movito.themoviedbapi.SeriesApiTest",
                "name": "classMethod",
                "time": 0.0,
                "results": [
                    {
                        "result": "Failure",
                        "message": "java.lang.RuntimeException: Missing api key: To run test you need to provide the key as environment variable named 'apikey' and you have to make sure that this is key relates to a linked application",
                        "type": "java.lang.RuntimeException"
                    }
                ],
                "stdout": null,
                "stderr": null
            },
            {
                "classname": "info.movito.themoviedbapi.AccountApiTest",
                "name": "classMethod",
                "time": 0.004,
                "results": [
                    {
                        "result": "Failure",
                        "message": "java.lang.RuntimeException: Missing api key: To run test you need to provide the key as environment variable named 'apikey' and you have to make sure that this is key relates to a linked application",
                        "type": "java.lang.RuntimeException"
                    }
                ],
                "stdout": null,
                "stderr": null
            },
            {
                "classname": "info.movito.themoviedbapi.CompanyApiTest",
                "name": "classMethod",
                "time": 0.001,
                "results": [
                    {
                        "result": "Failure",
                        "message": "java.lang.RuntimeException: Missing api key: To run test you need to provide the key as environment variable named 'apikey' and you have to make sure that this is key relates to a linked application",
                        "type": "java.lang.RuntimeException"
                    }
                ],
                "stdout": null,
                "stderr": null
            },
            {
                "classname": "info.movito.themoviedbapi.PeopleApiTest",
                "name": "classMethod",
                "time": 0.0,
                "results": [
                    {
                        "result": "Failure",
                        "message": "java.lang.RuntimeException: Missing api key: To run test you need to provide the key as environment variable named 'apikey' and you have to make sure that this is key relates to a linked application",
                        "type": "java.lang.RuntimeException"
                    }
                ],
                "stdout": null,
                "stderr": null
            },
            {
                "classname": "info.movito.themoviedbapi.TimezonesApiTest",
                "name": "classMethod",
                "time": 0.001,
                "results": [
                    {
                        "result": "Failure",
                        "message": "java.lang.RuntimeException: Missing api key: To run test you need to provide the key as environment variable named 'apikey' and you have to make sure that this is key relates to a linked application",
                        "type": "java.lang.RuntimeException"
                    }
                ],
                "stdout": null,
                "stderr": null
            },
            {
                "classname": "info.movito.themoviedbapi.LoginApiTest",
                "name": "classMethod",
                "time": 0.0,
                "results": [
                    {
                        "result": "Failure",
                        "message": "java.lang.RuntimeException: Missing api key: To run test you need to provide the key as environment variable named 'apikey' and you have to make sure that this is key relates to a linked application",
                        "type": "java.lang.RuntimeException"
                    }
                ],
                "stdout": null,
                "stderr": null
            },
            {
                "classname": "info.movito.themoviedbapi.SearchApiTest",
                "name": "classMethod",
                "time": 0.0,
                "results": [
                    {
                        "result": "Failure",
                        "message": "java.lang.RuntimeException: Missing api key: To run test you need to provide the key as environment variable named 'apikey' and you have to make sure that this is key relates to a linked application",
                        "type": "java.lang.RuntimeException"
                    }
                ],
                "stdout": null,
                "stderr": null
            },
            {
                "classname": "info.movito.themoviedbapi.MoviesApiTest",
                "name": "classMethod",
                "time": 0.0,
                "results": [
                    {
                        "result": "Failure",
                        "message": "java.lang.RuntimeException: Missing api key: To run test you need to provide the key as environment variable named 'apikey' and you have to make sure that this is key relates to a linked application",
                        "type": "java.lang.RuntimeException"
                    }
                ],
                "stdout": null,
                "stderr": null
            },
            {
                "classname": "info.movito.themoviedbapi.CollectionsApiTest",
                "name": "classMethod",
                "time": 0.001,
                "results": [
                    {
                        "result": "Failure",
                        "message": "java.lang.RuntimeException: Missing api key: To run test you need to provide the key as environment variable named 'apikey' and you have to make sure that this is key relates to a linked application",
                        "type": "java.lang.RuntimeException"
                    }
                ],
                "stdout": null,
                "stderr": null
            },
            {
                "classname": "info.movito.themoviedbapi.ListsApiTest",
                "name": "classMethod",
                "time": 0.001,
                "results": [
                    {
                        "result": "Failure",
                        "message": "java.lang.RuntimeException: Missing api key: To run test you need to provide the key as environment variable named 'apikey' and you have to make sure that this is key relates to a linked application",
                        "type": "java.lang.RuntimeException"
                    }
                ],
                "stdout": null,
                "stderr": null
            },
            {
                "classname": "info.movito.themoviedbapi.AuthApiTest",
                "name": "classMethod",
                "time": 0.002,
                "results": [
                    {
                        "result": "Failure",
                        "message": "java.lang.RuntimeException: Missing api key: To run test you need to provide the key as environment variable named 'apikey' and you have to make sure that this is key relates to a linked application",
                        "type": "java.lang.RuntimeException"
                    }
                ],
                "stdout": null,
                "stderr": null
            }
        ],
        "stdout": "[5afc6847-b03f-43f7-8fcf-97dccb99de27/build] \ud83d\ude80  Start image=crawlergpt:latest\n[5afc6847-b03f-43f7-8fcf-97dccb99de27/build]   \ud83d\udc33  docker pull image=crawlergpt:latest platform= username= forcePull=false\n[5afc6847-b03f-43f7-8fcf-97dccb99de27/build]   \ud83d\udc33  docker create image=crawlergpt:latest platform= entrypoint=[\"tail\" \"-f\" \"/dev/null\"] cmd=[]\n[5afc6847-b03f-43f7-8fcf-97dccb99de27/build]   \ud83d\udc33  docker run image=crawlergpt:latest platform= entrypoint=[\"tail\" \"-f\" \"/dev/null\"] cmd=[]\n[5afc6847-b03f-43f7-8fcf-97dccb99de27/build]   \ud83d\udc33  docker exec cmd=[chown -R 1012:1013 /tmp/3d783ea4-1661-11ee-8a50-bb14de238602/holgerbrandl-themoviedbapi] user=0 workdir=\n[5afc6847-b03f-43f7-8fcf-97dccb99de27/build]   \u2601  git clone 'https://github.com/actions/setup-java' # ref=v1\n[5afc6847-b03f-43f7-8fcf-97dccb99de27/build] \u2b50 Run Main actions/checkout@v2\n[5afc6847-b03f-43f7-8fcf-97dccb99de27/build]   \u2705  Success - Main actions/checkout@v2\n[5afc6847-b03f-43f7-8fcf-97dccb99de27/build] \u2b50 Run Main Set up JDK 11\n[5afc6847-b03f-43f7-8fcf-97dccb99de27/build]   \ud83d\udc33  docker cp src=/tmp/act-cache/a22dc1b0-6229-4ce9-990c-399560a60917/act/actions-setup-java@v1/ dst=/var/run/act/actions/actions-setup-java@v1/\n[5afc6847-b03f-43f7-8fcf-97dccb99de27/build]   \ud83d\udc33  docker exec cmd=[chown -R 1012:1013 /var/run/act/actions/actions-setup-java@v1/] user=0 workdir=\n[5afc6847-b03f-43f7-8fcf-97dccb99de27/build]   \ud83d\udc33  docker exec cmd=[node /var/run/act/actions/actions-setup-java@v1/dist/setup/index.js] user= workdir=\n[5afc6847-b03f-43f7-8fcf-97dccb99de27/build]   \ud83d\udcac  ::debug::isExplicit: \n[5afc6847-b03f-43f7-8fcf-97dccb99de27/build]   \ud83d\udcac  ::debug::explicit? false\n[5afc6847-b03f-43f7-8fcf-97dccb99de27/build]   \ud83d\udcac  ::debug::evaluating 0 versions\n[5afc6847-b03f-43f7-8fcf-97dccb99de27/build]   \ud83d\udcac  ::debug::match not found\n[5afc6847-b03f-43f7-8fcf-97dccb99de27/build]   \ud83d\udcac  ::debug::Downloading JDK from Azul\n[5afc6847-b03f-43f7-8fcf-97dccb99de27/build]   \ud83d\udcac  ::debug::Searching for files with extension: -linux_x64.tar.gz\n[5afc6847-b03f-43f7-8fcf-97dccb99de27/build]   \ud83d\udcac  ::debug::Downloading https://static.azul.com/zulu/bin/zulu11.64.19-ca-jdk11.0.19-linux_x64.tar.gz\n[5afc6847-b03f-43f7-8fcf-97dccb99de27/build]   \ud83d\udcac  ::debug::Downloading /tmp/471dd4a2-7b88-4928-890e-9d4ef2867f52\n[5afc6847-b03f-43f7-8fcf-97dccb99de27/build]   \ud83d\udcac  ::debug::download complete\n[5afc6847-b03f-43f7-8fcf-97dccb99de27/build]   | [command]/usr/bin/tar --version\n[5afc6847-b03f-43f7-8fcf-97dccb99de27/build]   | tar (GNU tar) 1.30\n[5afc6847-b03f-43f7-8fcf-97dccb99de27/build]   | Copyright (C) 2017 Free Software Foundation, Inc.\n[5afc6847-b03f-43f7-8fcf-97dccb99de27/build]   | License GPLv3+: GNU GPL version 3 or later <https://gnu.org/licenses/gpl.html>.\n[5afc6847-b03f-43f7-8fcf-97dccb99de27/build]   | This is free software: you are free to change and redistribute it.\n[5afc6847-b03f-43f7-8fcf-97dccb99de27/build]   | There is NO WARRANTY, to the extent permitted by law.\n[5afc6847-b03f-43f7-8fcf-97dccb99de27/build]   | \n[5afc6847-b03f-43f7-8fcf-97dccb99de27/build]   | Written by John Gilmore and Jay Fenlason.\n[5afc6847-b03f-43f7-8fcf-97dccb99de27/build]   | [command]/usr/bin/tar xz --warning=no-unknown-keyword -C /tmp/temp_1701347328 -f /tmp/471dd4a2-7b88-4928-890e-9d4ef2867f52\n[5afc6847-b03f-43f7-8fcf-97dccb99de27/build]   \ud83d\udcac  ::debug::jdk extracted to /tmp/temp_1701347328/zulu11.64.19-ca-jdk11.0.19-linux_x64\n[5afc6847-b03f-43f7-8fcf-97dccb99de27/build]   \ud83d\udcac  ::debug::Caching tool jdk 11.0.19 x64\n[5afc6847-b03f-43f7-8fcf-97dccb99de27/build]   \ud83d\udcac  ::debug::source dir: /tmp/temp_1701347328/zulu11.64.19-ca-jdk11.0.19-linux_x64\n[5afc6847-b03f-43f7-8fcf-97dccb99de27/build]   \ud83d\udcac  ::debug::destination /opt/hostedtoolcache/jdk/11.0.19/x64\n[5afc6847-b03f-43f7-8fcf-97dccb99de27/build]   \ud83d\udcac  ::debug::finished caching tool\n[5afc6847-b03f-43f7-8fcf-97dccb99de27/build]   \u2753 add-matcher /run/act/actions/actions-setup-java@v1/.github/java.json\n[5afc6847-b03f-43f7-8fcf-97dccb99de27/build]   | creating settings.xml with server-id: github; environment variables: username=$GITHUB_ACTOR, password=$GITHUB_TOKEN, and gpg-passphrase=null\n[5afc6847-b03f-43f7-8fcf-97dccb99de27/build]   \ud83d\udcac  ::debug::created directory /home/runneradmin/.m2\n[5afc6847-b03f-43f7-8fcf-97dccb99de27/build]   | writing /home/runneradmin/.m2/settings.xml\n[5afc6847-b03f-43f7-8fcf-97dccb99de27/build]   \u2705  Success - Main Set up JDK 11\n[5afc6847-b03f-43f7-8fcf-97dccb99de27/build]   \u2699  ::set-env:: JAVA_HOME_11.0.19_x64=/opt/hostedtoolcache/jdk/11.0.19/x64\n[5afc6847-b03f-43f7-8fcf-97dccb99de27/build]   \u2699  ::set-env:: JAVA_HOME=/opt/hostedtoolcache/jdk/11.0.19/x64\n[5afc6847-b03f-43f7-8fcf-97dccb99de27/build]   \u2699  ::set-env:: JAVA_HOME_11_0_19_X64=/opt/hostedtoolcache/jdk/11.0.19/x64\n[5afc6847-b03f-43f7-8fcf-97dccb99de27/build]   \u2699  ::set-output:: version=11.0.19\n[5afc6847-b03f-43f7-8fcf-97dccb99de27/build]   \u2699  ::set-output:: path=/opt/hostedtoolcache/jdk/11.0.19/x64\n[5afc6847-b03f-43f7-8fcf-97dccb99de27/build]   \u2699  ::add-path:: /opt/hostedtoolcache/jdk/11.0.19/x64/bin\n[5afc6847-b03f-43f7-8fcf-97dccb99de27/build] \u2b50 Run Main Grant execute permission for gradlew\n[5afc6847-b03f-43f7-8fcf-97dccb99de27/build]   \ud83d\udc33  docker exec cmd=[bash --noprofile --norc -e -o pipefail /var/run/act/workflow/2] user= workdir=\n[5afc6847-b03f-43f7-8fcf-97dccb99de27/build]   \u2705  Success - Main Grant execute permission for gradlew\n[5afc6847-b03f-43f7-8fcf-97dccb99de27/build] \u2b50 Run Main Build and test with Gradle\n[5afc6847-b03f-43f7-8fcf-97dccb99de27/build]   \ud83d\udc33  docker exec cmd=[bash --noprofile --norc -e -o pipefail /var/run/act/workflow/3] user= workdir=\n[5afc6847-b03f-43f7-8fcf-97dccb99de27/build]   | Downloading https://services.gradle.org/distributions/gradle-8.1.1-bin.zip\n[5afc6847-b03f-43f7-8fcf-97dccb99de27/build]   | ...........10%............20%............30%............40%............50%............60%............70%............80%...........90%............100%\n[5afc6847-b03f-43f7-8fcf-97dccb99de27/build]   | Initialized native services in: /home/runneradmin/.gradle/native\n[5afc6847-b03f-43f7-8fcf-97dccb99de27/build]   | Initialized jansi services in: /home/runneradmin/.gradle/native\n[5afc6847-b03f-43f7-8fcf-97dccb99de27/build]   | \n[5afc6847-b03f-43f7-8fcf-97dccb99de27/build]   | Welcome to Gradle 8.1.1!\n[5afc6847-b03f-43f7-8fcf-97dccb99de27/build]   | \n[5afc6847-b03f-43f7-8fcf-97dccb99de27/build]   | Here are the highlights of this release:\n[5afc6847-b03f-43f7-8fcf-97dccb99de27/build]   |  - Stable configuration cache\n[5afc6847-b03f-43f7-8fcf-97dccb99de27/build]   |  - Experimental Kotlin DSL assignment syntax\n[5afc6847-b03f-43f7-8fcf-97dccb99de27/build]   |  - Building with Java 20\n[5afc6847-b03f-43f7-8fcf-97dccb99de27/build]   | \n[5afc6847-b03f-43f7-8fcf-97dccb99de27/build]   | For more details see https://docs.gradle.org/8.1.1/release-notes.html\n[5afc6847-b03f-43f7-8fcf-97dccb99de27/build]   | \n[5afc6847-b03f-43f7-8fcf-97dccb99de27/build]   | Received JVM installation metadata from '/opt/hostedtoolcache/jdk/11.0.19/x64': {JAVA_HOME=/opt/hostedtoolcache/jdk/11.0.19/x64, JAVA_VERSION=11.0.19, JAVA_VENDOR=Azul Systems, Inc., RUNTIME_NAME=OpenJDK Runtime Environment, RUNTIME_VERSION=11.0.19+7-LTS, VM_NAME=OpenJDK 64-Bit Server VM, VM_VERSION=11.0.19+7-LTS, VM_VENDOR=Azul Systems, Inc., OS_ARCH=amd64}\n[5afc6847-b03f-43f7-8fcf-97dccb99de27/build]   | Removing 0 daemon stop events from registry\n[5afc6847-b03f-43f7-8fcf-97dccb99de27/build]   | Starting a Gradle Daemon (subsequent builds will be faster)\n[5afc6847-b03f-43f7-8fcf-97dccb99de27/build]   | Starting process 'Gradle build daemon'. Working directory: /home/runneradmin/.gradle/daemon/8.1.1 Command: /opt/hostedtoolcache/jdk/11.0.19/x64/bin/java --add-opens=java.base/java.util=ALL-UNNAMED --add-opens=java.base/java.lang=ALL-UNNAMED --add-opens=java.base/java.lang.invoke=ALL-UNNAMED --add-opens=java.prefs/java.util.prefs=ALL-UNNAMED --add-opens=java.base/java.nio.charset=ALL-UNNAMED --add-opens=java.base/java.net=ALL-UNNAMED --add-opens=java.base/java.util.concurrent.atomic=ALL-UNNAMED -XX:MaxMetaspaceSize=384m -XX:+HeapDumpOnOutOfMemoryError -Xms256m -Xmx512m -Dfile.encoding=UTF-8 -Duser.country -Duser.language=en -Duser.variant -cp /home/runneradmin/.gradle/wrapper/dists/gradle-8.1.1-bin/9wiye5v2saajue4irfo8ybqfp/gradle-8.1.1/lib/gradle-launcher-8.1.1.jar -javaagent:/home/runneradmin/.gradle/wrapper/dists/gradle-8.1.1-bin/9wiye5v2saajue4irfo8ybqfp/gradle-8.1.1/lib/agents/gradle-instrumentation-agent-8.1.1.jar org.gradle.launcher.daemon.bootstrap.GradleDaemon 8.1.1\n[5afc6847-b03f-43f7-8fcf-97dccb99de27/build]   | Successfully started process 'Gradle build daemon'\n[5afc6847-b03f-43f7-8fcf-97dccb99de27/build]   | An attempt to start the daemon took 2.193 secs.\n[5afc6847-b03f-43f7-8fcf-97dccb99de27/build]   | The client will now receive all logging from the daemon (pid: 136). The daemon log file: /home/runneradmin/.gradle/daemon/8.1.1/daemon-136.out.log\n[5afc6847-b03f-43f7-8fcf-97dccb99de27/build]   | Starting build in new daemon [memory: 512 MiB]\n[5afc6847-b03f-43f7-8fcf-97dccb99de27/build]   | Closing daemon's stdin at end of input.\n[5afc6847-b03f-43f7-8fcf-97dccb99de27/build]   | The daemon will no longer process any standard input.\n[5afc6847-b03f-43f7-8fcf-97dccb99de27/build]   | Using 128 worker leases.\n[5afc6847-b03f-43f7-8fcf-97dccb99de27/build]   | Received JVM installation metadata from '/opt/hostedtoolcache/jdk/11.0.19/x64': {JAVA_HOME=/opt/hostedtoolcache/jdk/11.0.19/x64, JAVA_VERSION=11.0.19, JAVA_VENDOR=Azul Systems, Inc., RUNTIME_NAME=OpenJDK Runtime Environment, RUNTIME_VERSION=11.0.19+7-LTS, VM_NAME=OpenJDK 64-Bit Server VM, VM_VERSION=11.0.19+7-LTS, VM_VENDOR=Azul Systems, Inc., OS_ARCH=amd64}\n[5afc6847-b03f-43f7-8fcf-97dccb99de27/build]   | Watching the file system is configured to be enabled\n[5afc6847-b03f-43f7-8fcf-97dccb99de27/build]   | Now considering [/tmp/3d783ea4-1661-11ee-8a50-bb14de238602/holgerbrandl-themoviedbapi] as hierarchies to watch\n[5afc6847-b03f-43f7-8fcf-97dccb99de27/build]   | File system watching is active\n[5afc6847-b03f-43f7-8fcf-97dccb99de27/build]   | Starting Build\n[5afc6847-b03f-43f7-8fcf-97dccb99de27/build]   | Compiling settings file '/tmp/3d783ea4-1661-11ee-8a50-bb14de238602/holgerbrandl-themoviedbapi/settings.gradle' using SubsetScriptTransformer.\n[5afc6847-b03f-43f7-8fcf-97dccb99de27/build]   | Compiling settings file '/tmp/3d783ea4-1661-11ee-8a50-bb14de238602/holgerbrandl-themoviedbapi/settings.gradle' using BuildScriptTransformer.\n[5afc6847-b03f-43f7-8fcf-97dccb99de27/build]   | Settings evaluated using settings file '/tmp/3d783ea4-1661-11ee-8a50-bb14de238602/holgerbrandl-themoviedbapi/settings.gradle'.\n[5afc6847-b03f-43f7-8fcf-97dccb99de27/build]   | Using local directory build cache for the root build (location = /home/runneradmin/.gradle/caches/build-cache-1, removeUnusedEntriesAfter = 7 days).\n[5afc6847-b03f-43f7-8fcf-97dccb99de27/build]   | Projects loaded. Root project using build file '/tmp/3d783ea4-1661-11ee-8a50-bb14de238602/holgerbrandl-themoviedbapi/build.gradle'.\n[5afc6847-b03f-43f7-8fcf-97dccb99de27/build]   | Included projects: [root project 'themoviedbapi']\n[5afc6847-b03f-43f7-8fcf-97dccb99de27/build]   | \n[5afc6847-b03f-43f7-8fcf-97dccb99de27/build]   | > Configure project :\n[5afc6847-b03f-43f7-8fcf-97dccb99de27/build]   | Evaluating root project 'themoviedbapi' using build file '/tmp/3d783ea4-1661-11ee-8a50-bb14de238602/holgerbrandl-themoviedbapi/build.gradle'.\n[5afc6847-b03f-43f7-8fcf-97dccb99de27/build]   | Compiling build file '/tmp/3d783ea4-1661-11ee-8a50-bb14de238602/holgerbrandl-themoviedbapi/build.gradle' using SubsetScriptTransformer.\n[5afc6847-b03f-43f7-8fcf-97dccb99de27/build]   | The configuration detachedConfiguration1 is both resolvable and consumable. This is considered a legacy configuration and it will eventually only be possible to be one of these.\n[5afc6847-b03f-43f7-8fcf-97dccb99de27/build]   | The configuration detachedConfiguration1 is both consumable and declarable. This combination is incorrect, only one of these flags should be set.\n[5afc6847-b03f-43f7-8fcf-97dccb99de27/build]   | The configuration detachedConfiguration1 is both resolvable and consumable. This is considered a legacy configuration and it will eventually only be possible to be one of these.\n[5afc6847-b03f-43f7-8fcf-97dccb99de27/build]   | The configuration detachedConfiguration1 is both consumable and declarable. This combination is incorrect, only one of these flags should be set.\n[5afc6847-b03f-43f7-8fcf-97dccb99de27/build]   | Downloading https://plugins.gradle.org/m2/io/github/gradle-nexus/publish-plugin/io.github.gradle-nexus.publish-plugin.gradle.plugin/1.3.0/io.github.gradle-nexus.publish-plugin.gradle.plugin-1.3.0.pom to /home/runneradmin/.gradle/.tmp/gradle_download12449938413686099820bin\n[5afc6847-b03f-43f7-8fcf-97dccb99de27/build]   | The configuration :classpath is both resolvable and consumable. This is considered a legacy configuration and it will eventually only be possible to be one of these.\n[5afc6847-b03f-43f7-8fcf-97dccb99de27/build]   | The configuration :classpath is both consumable and declarable. This combination is incorrect, only one of these flags should be set.\n[5afc6847-b03f-43f7-8fcf-97dccb99de27/build]   | The configuration :classpath is both resolvable and consumable. This is considered a legacy configuration and it will eventually only be possible to be one of these.\n[5afc6847-b03f-43f7-8fcf-97dccb99de27/build]   | The configuration :classpath is both consumable and declarable. This combination is incorrect, only one of these flags should be set.\n[5afc6847-b03f-43f7-8fcf-97dccb99de27/build]   | Downloading https://plugins.gradle.org/m2/io/github/gradle-nexus/publish-plugin/1.3.0/publish-plugin-1.3.0.pom to /home/runneradmin/.gradle/.tmp/gradle_download14658626370156060178bin\n[5afc6847-b03f-43f7-8fcf-97dccb99de27/build]   | Downloading https://plugins.gradle.org/m2/io/github/gradle-nexus/publish-plugin/1.3.0/publish-plugin-1.3.0.module to /home/runneradmin/.gradle/.tmp/gradle_download13524702980890747215bin\n[5afc6847-b03f-43f7-8fcf-97dccb99de27/build]   | Resource missing. [HTTP HEAD: https://plugins.gradle.org/m2/io/github/gradle-nexus/publish-plugin/io.github.gradle-nexus.publish-plugin.gradle.plugin/1.3.0/io.github.gradle-nexus.publish-plugin.gradle.plugin-1.3.0.jar]\n[5afc6847-b03f-43f7-8fcf-97dccb99de27/build]   | Downloading https://plugins.gradle.org/m2/io/github/gradle-nexus/publish-plugin/1.3.0/publish-plugin-1.3.0.jar to /home/runneradmin/.gradle/.tmp/gradle_download5330012935847689877bin\n[5afc6847-b03f-43f7-8fcf-97dccb99de27/build]   | Compiling build file '/tmp/3d783ea4-1661-11ee-8a50-bb14de238602/holgerbrandl-themoviedbapi/build.gradle' using BuildScriptTransformer.\n[5afc6847-b03f-43f7-8fcf-97dccb99de27/build]   | All projects evaluated.\n[5afc6847-b03f-43f7-8fcf-97dccb99de27/build]   | Task name matched 'clean'\n[5afc6847-b03f-43f7-8fcf-97dccb99de27/build]   | Task name matched 'check'\n[5afc6847-b03f-43f7-8fcf-97dccb99de27/build]   | Selected primary task 'clean' from project :\n[5afc6847-b03f-43f7-8fcf-97dccb99de27/build]   | Selected primary task 'check' from project :\n[5afc6847-b03f-43f7-8fcf-97dccb99de27/build]   | The configuration :javadocElements is both consumable and declarable. This combination is incorrect, only one of these flags should be set.\n[5afc6847-b03f-43f7-8fcf-97dccb99de27/build]   | The configuration :mainSourceElements is both consumable and declarable. This combination is incorrect, only one of these flags should be set.\n[5afc6847-b03f-43f7-8fcf-97dccb99de27/build]   | The configuration :signatures is both resolvable and consumable. This is considered a legacy configuration and it will eventually only be possible to be one of these.\n[5afc6847-b03f-43f7-8fcf-97dccb99de27/build]   | The configuration :signatures is both consumable and declarable. This combination is incorrect, only one of these flags should be set.\n[5afc6847-b03f-43f7-8fcf-97dccb99de27/build]   | The configuration :sourcesElements is both consumable and declarable. This combination is incorrect, only one of these flags should be set.\n[5afc6847-b03f-43f7-8fcf-97dccb99de27/build]   | Tasks to be executed: [task ':clean', task ':compileJava', task ':processResources', task ':classes', task ':compileTestJava', task ':processTestResources', task ':testClasses', task ':test', task ':check']\n[5afc6847-b03f-43f7-8fcf-97dccb99de27/build]   | Tasks that were excluded: []\n[5afc6847-b03f-43f7-8fcf-97dccb99de27/build]   | Resolve mutations for :clean (Thread[Execution worker,5,main]) started.\n[5afc6847-b03f-43f7-8fcf-97dccb99de27/build]   | :clean (Thread[Execution worker Thread 2,5,main]) started.\n[5afc6847-b03f-43f7-8fcf-97dccb99de27/build]   | destroyer locations for task group 0 (Thread[Execution worker Thread 39,5,main]) started.\n[5afc6847-b03f-43f7-8fcf-97dccb99de27/build]   | \n[5afc6847-b03f-43f7-8fcf-97dccb99de27/build]   | > Task :clean UP-TO-DATE\n[5afc6847-b03f-43f7-8fcf-97dccb99de27/build]   | Caching disabled for task ':clean' because:\n[5afc6847-b03f-43f7-8fcf-97dccb99de27/build]   |   Deletion cannot be cached\n[5afc6847-b03f-43f7-8fcf-97dccb99de27/build]   | Task ':clean' is not up-to-date because:\n[5afc6847-b03f-43f7-8fcf-97dccb99de27/build]   |   Task has not declared any outputs despite executing actions.\n[5afc6847-b03f-43f7-8fcf-97dccb99de27/build]   | Resolve mutations for :compileJava (Thread[included builds,5,main]) started.\n[5afc6847-b03f-43f7-8fcf-97dccb99de27/build]   | :compileJava (Thread[included builds,5,main]) started.\n[5afc6847-b03f-43f7-8fcf-97dccb99de27/build]   | \n[5afc6847-b03f-43f7-8fcf-97dccb99de27/build]   | > Task :compileJava\n[5afc6847-b03f-43f7-8fcf-97dccb99de27/build]   | Watching 13 directories to track changes\n[5afc6847-b03f-43f7-8fcf-97dccb99de27/build]   | Watching 14 directories to track changes\n[5afc6847-b03f-43f7-8fcf-97dccb99de27/build]   | Watching 15 directories to track changes\n[5afc6847-b03f-43f7-8fcf-97dccb99de27/build]   | Watching 15 directories to track changes\n[5afc6847-b03f-43f7-8fcf-97dccb99de27/build]   | Watching 15 directories to track changes\n[5afc6847-b03f-43f7-8fcf-97dccb99de27/build]   | Watching 15 directories to track changes\n[5afc6847-b03f-43f7-8fcf-97dccb99de27/build]   | Watching 15 directories to track changes\n[5afc6847-b03f-43f7-8fcf-97dccb99de27/build]   | Downloading https://repo.maven.apache.org/maven2/com/google/guava/guava/31.1-jre/guava-31.1-jre.pom to /home/runneradmin/.gradle/.tmp/gradle_download2863142530181495134bin\n[5afc6847-b03f-43f7-8fcf-97dccb99de27/build]   | Downloading https://repo.maven.apache.org/maven2/com/fasterxml/jackson/core/jackson-core/2.15.0/jackson-core-2.15.0.pom to /home/runneradmin/.gradle/.tmp/gradle_download4955046932070083356bin\n[5afc6847-b03f-43f7-8fcf-97dccb99de27/build]   | Downloading https://repo.maven.apache.org/maven2/com/fasterxml/jackson/core/jackson-databind/2.15.0/jackson-databind-2.15.0.pom to /home/runneradmin/.gradle/.tmp/gradle_download7576572668774052476bin\n[5afc6847-b03f-43f7-8fcf-97dccb99de27/build]   | Downloading https://repo.maven.apache.org/maven2/org/slf4j/jcl-over-slf4j/2.0.7/jcl-over-slf4j-2.0.7.pom to /home/runneradmin/.gradle/.tmp/gradle_download5341755479580618983bin\n[5afc6847-b03f-43f7-8fcf-97dccb99de27/build]   | Downloading https://repo.maven.apache.org/maven2/org/apache/commons/commons-lang3/3.12.0/commons-lang3-3.12.0.pom to /home/runneradmin/.gradle/.tmp/gradle_download2354963775300387127bin\n[5afc6847-b03f-43f7-8fcf-97dccb99de27/build]   | Downloading https://repo.maven.apache.org/maven2/commons-codec/commons-codec/1.15/commons-codec-1.15.pom to /home/runneradmin/.gradle/.tmp/gradle_download17492486978489811926bin\n[5afc6847-b03f-43f7-8fcf-97dccb99de27/build]   | Downloading https://repo.maven.apache.org/maven2/org/slf4j/slf4j-api/2.0.7/slf4j-api-2.0.7.pom to /home/runneradmin/.gradle/.tmp/gradle_download2183699804628746925bin\n[5afc6847-b03f-43f7-8fcf-97dccb99de27/build]   | Downloading https://repo.maven.apache.org/maven2/com/fasterxml/jackson/core/jackson-annotations/2.15.0/jackson-annotations-2.15.0.pom to /home/runneradmin/.gradle/.tmp/gradle_download2914299732708395546bin\n[5afc6847-b03f-43f7-8fcf-97dccb99de27/build]   | Downloading https://repo.maven.apache.org/maven2/com/google/guava/guava-parent/31.1-jre/guava-parent-31.1-jre.pom to /home/runneradmin/.gradle/.tmp/gradle_download9596980000085685065bin\n[5afc6847-b03f-43f7-8fcf-97dccb99de27/build]   | Downloading https://repo.maven.apache.org/maven2/com/fasterxml/jackson/jackson-base/2.15.0/jackson-base-2.15.0.pom to /home/runneradmin/.gradle/.tmp/gradle_download7939494015496175963bin\n[5afc6847-b03f-43f7-8fcf-97dccb99de27/build]   | Downloading https://repo.maven.apache.org/maven2/com/fasterxml/jackson/jackson-parent/2.15/jackson-parent-2.15.pom to /home/runneradmin/.gradle/.tmp/gradle_download1106944838505349004bin\n[5afc6847-b03f-43f7-8fcf-97dccb99de27/build]   | Downloading https://repo.maven.apache.org/maven2/org/slf4j/slf4j-parent/2.0.7/slf4j-parent-2.0.7.pom to /home/runneradmin/.gradle/.tmp/gradle_download586406459504448413bin\n[5afc6847-b03f-43f7-8fcf-97dccb99de27/build]   | Downloading https://repo.maven.apache.org/maven2/org/apache/commons/commons-parent/52/commons-parent-52.pom to /home/runneradmin/.gradle/.tmp/gradle_download9804650902382135434bin\n[5afc6847-b03f-43f7-8fcf-97dccb99de27/build]   | Downloading https://repo.maven.apache.org/maven2/com/fasterxml/jackson/jackson-bom/2.15.0/jackson-bom-2.15.0.pom to /home/runneradmin/.gradle/.tmp/gradle_download9955457823933028906bin\n[5afc6847-b03f-43f7-8fcf-97dccb99de27/build]   | Downloading https://repo.maven.apache.org/maven2/com/fasterxml/oss-parent/50/oss-parent-50.pom to /home/runneradmin/.gradle/.tmp/gradle_download5860424769587695056bin\n[5afc6847-b03f-43f7-8fcf-97dccb99de27/build]   | Downloading https://repo.maven.apache.org/maven2/org/apache/apache/23/apache-23.pom to /home/runneradmin/.gradle/.tmp/gradle_download9655843666443569324bin\n[5afc6847-b03f-43f7-8fcf-97dccb99de27/build]   | Downloading https://repo.maven.apache.org/maven2/com/fasterxml/jackson/core/jackson-annotations/2.15.0/jackson-annotations-2.15.0.module to /home/runneradmin/.gradle/.tmp/gradle_download11249401051047717709bin\n[5afc6847-b03f-43f7-8fcf-97dccb99de27/build]   | Downloading https://repo.maven.apache.org/maven2/org/junit/junit-bom/5.7.1/junit-bom-5.7.1.pom to /home/runneradmin/.gradle/.tmp/gradle_download26432860976498149bin\n[5afc6847-b03f-43f7-8fcf-97dccb99de27/build]   | Downloading https://repo.maven.apache.org/maven2/org/junit/junit-bom/5.7.1/junit-bom-5.7.1.module to /home/runneradmin/.gradle/.tmp/gradle_download4767094359511890117bin\n[5afc6847-b03f-43f7-8fcf-97dccb99de27/build]   | Downloading https://repo.maven.apache.org/maven2/org/junit/junit-bom/5.9.2/junit-bom-5.9.2.pom to /home/runneradmin/.gradle/.tmp/gradle_download8939193189006850878bin\n[5afc6847-b03f-43f7-8fcf-97dccb99de27/build]   | Downloading https://repo.maven.apache.org/maven2/org/junit/junit-bom/5.9.2/junit-bom-5.9.2.module to /home/runneradmin/.gradle/.tmp/gradle_download4551152356239048908bin\n[5afc6847-b03f-43f7-8fcf-97dccb99de27/build]   | Downloading https://repo.maven.apache.org/maven2/com/fasterxml/jackson/core/jackson-databind/2.15.0/jackson-databind-2.15.0.module to /home/runneradmin/.gradle/.tmp/gradle_download17500286627662794460bin\n[5afc6847-b03f-43f7-8fcf-97dccb99de27/build]   | Downloading https://repo.maven.apache.org/maven2/com/fasterxml/jackson/core/jackson-core/2.15.0/jackson-core-2.15.0.module to /home/runneradmin/.gradle/.tmp/gradle_download7997907846749529438bin\n[5afc6847-b03f-43f7-8fcf-97dccb99de27/build]   | Downloading https://repo.maven.apache.org/maven2/ch/randelshofer/fastdoubleparser/0.8.0/fastdoubleparser-0.8.0.pom to /home/runneradmin/.gradle/.tmp/gradle_download9253724875909237113bin\n[5afc6847-b03f-43f7-8fcf-97dccb99de27/build]   | Downloading https://repo.maven.apache.org/maven2/com/google/code/findbugs/jsr305/3.0.2/jsr305-3.0.2.pom to /home/runneradmin/.gradle/.tmp/gradle_download17559874385287172703bin\n[5afc6847-b03f-43f7-8fcf-97dccb99de27/build]   | Downloading https://repo.maven.apache.org/maven2/com/google/guava/listenablefuture/9999.0-empty-to-avoid-conflict-with-guava/listenablefuture-9999.0-empty-to-avoid-conflict-with-guava.pom to /home/runneradmin/.gradle/.tmp/gradle_download11735756404996587722bin\n[5afc6847-b03f-43f7-8fcf-97dccb99de27/build]   | Downloading https://repo.maven.apache.org/maven2/org/checkerframework/checker-qual/3.12.0/checker-qual-3.12.0.pom to /home/runneradmin/.gradle/.tmp/gradle_download8548111345907049565bin\n[5afc6847-b03f-43f7-8fcf-97dccb99de27/build]   | Downloading https://repo.maven.apache.org/maven2/com/google/guava/failureaccess/1.0.1/failureaccess-1.0.1.pom to /home/runneradmin/.gradle/.tmp/gradle_download7630744543094709092bin\n[5afc6847-b03f-43f7-8fcf-97dccb99de27/build]   | Downloading https://repo.maven.apache.org/maven2/com/google/errorprone/error_prone_annotations/2.11.0/error_prone_annotations-2.11.0.pom to /home/runneradmin/.gradle/.tmp/gradle_download14252770221039111910bin\n[5afc6847-b03f-43f7-8fcf-97dccb99de27/build]   | Downloading https://repo.maven.apache.org/maven2/com/google/j2objc/j2objc-annotations/1.3/j2objc-annotations-1.3.pom to /home/runneradmin/.gradle/.tmp/gradle_download5027921511830780169bin\n[5afc6847-b03f-43f7-8fcf-97dccb99de27/build]   | Downloading https://repo.maven.apache.org/maven2/org/sonatype/oss/oss-parent/7/oss-parent-7.pom to /home/runneradmin/.gradle/.tmp/gradle_download4135340840875339719bin\n[5afc6847-b03f-43f7-8fcf-97dccb99de27/build]   | Downloading https://repo.maven.apache.org/maven2/com/google/errorprone/error_prone_parent/2.11.0/error_prone_parent-2.11.0.pom to /home/runneradmin/.gradle/.tmp/gradle_download4362712726648000636bin\n[5afc6847-b03f-43f7-8fcf-97dccb99de27/build]   | Downloading https://repo.maven.apache.org/maven2/com/google/guava/guava-parent/26.0-android/guava-parent-26.0-android.pom to /home/runneradmin/.gradle/.tmp/gradle_download5327604797261682084bin\n[5afc6847-b03f-43f7-8fcf-97dccb99de27/build]   | Downloading https://repo.maven.apache.org/maven2/org/checkerframework/checker-qual/3.12.0/checker-qual-3.12.0.module to /home/runneradmin/.gradle/.tmp/gradle_download10813855969817963132bin\n[5afc6847-b03f-43f7-8fcf-97dccb99de27/build]   | Downloading https://repo.maven.apache.org/maven2/org/sonatype/oss/oss-parent/9/oss-parent-9.pom to /home/runneradmin/.gradle/.tmp/gradle_download9565084576243217260bin\n[5afc6847-b03f-43f7-8fcf-97dccb99de27/build]   | Downloading https://repo.maven.apache.org/maven2/org/slf4j/slf4j-api/2.0.7/slf4j-api-2.0.7.jar to /home/runneradmin/.gradle/.tmp/gradle_download9067364122854233561bin\n[5afc6847-b03f-43f7-8fcf-97dccb99de27/build]   | Downloading https://repo.maven.apache.org/maven2/com/fasterxml/jackson/core/jackson-annotations/2.15.0/jackson-annotations-2.15.0.jar to /home/runneradmin/.gradle/.tmp/gradle_download13423650783506127137bin\n[5afc6847-b03f-43f7-8fcf-97dccb99de27/build]   | Downloading https://repo.maven.apache.org/maven2/com/google/guava/guava/31.1-jre/guava-31.1-jre.jar to /home/runneradmin/.gradle/.tmp/gradle_download3992408792661168158bin\n[5afc6847-b03f-43f7-8fcf-97dccb99de27/build]   | Downloading https://repo.maven.apache.org/maven2/com/google/errorprone/error_prone_annotations/2.11.0/error_prone_annotations-2.11.0.jar to /home/runneradmin/.gradle/.tmp/gradle_download623470327766861775bin\n[5afc6847-b03f-43f7-8fcf-97dccb99de27/build]   | Downloading https://repo.maven.apache.org/maven2/com/google/j2objc/j2objc-annotations/1.3/j2objc-annotations-1.3.jar to /home/runneradmin/.gradle/.tmp/gradle_download8186711234420862266bin\n[5afc6847-b03f-43f7-8fcf-97dccb99de27/build]   | Downloading https://repo.maven.apache.org/maven2/com/google/guava/listenablefuture/9999.0-empty-to-avoid-conflict-with-guava/listenablefuture-9999.0-empty-to-avoid-conflict-with-guava.jar to /home/runneradmin/.gradle/.tmp/gradle_download2182258179164416018bin\n[5afc6847-b03f-43f7-8fcf-97dccb99de27/build]   | Downloading https://repo.maven.apache.org/maven2/com/fasterxml/jackson/core/jackson-core/2.15.0/jackson-core-2.15.0.jar to /home/runneradmin/.gradle/.tmp/gradle_download10494547008040612521bin\n[5afc6847-b03f-43f7-8fcf-97dccb99de27/build]   | Downloading https://repo.maven.apache.org/maven2/commons-codec/commons-codec/1.15/commons-codec-1.15.jar to /home/runneradmin/.gradle/.tmp/gradle_download18397865026135020034bin\n[5afc6847-b03f-43f7-8fcf-97dccb99de27/build]   | Downloading https://repo.maven.apache.org/maven2/org/apache/commons/commons-lang3/3.12.0/commons-lang3-3.12.0.jar to /home/runneradmin/.gradle/.tmp/gradle_download17518576553502762236bin\n[5afc6847-b03f-43f7-8fcf-97dccb99de27/build]   | Downloading https://repo.maven.apache.org/maven2/com/google/guava/failureaccess/1.0.1/failureaccess-1.0.1.jar to /home/runneradmin/.gradle/.tmp/gradle_download1437807206922208540bin\n[5afc6847-b03f-43f7-8fcf-97dccb99de27/build]   | Downloading https://repo.maven.apache.org/maven2/org/checkerframework/checker-qual/3.12.0/checker-qual-3.12.0.jar to /home/runneradmin/.gradle/.tmp/gradle_download3133783714070531651bin\n[5afc6847-b03f-43f7-8fcf-97dccb99de27/build]   | Downloading https://repo.maven.apache.org/maven2/com/google/code/findbugs/jsr305/3.0.2/jsr305-3.0.2.jar to /home/runneradmin/.gradle/.tmp/gradle_download6005072426377520014bin\n[5afc6847-b03f-43f7-8fcf-97dccb99de27/build]   | Downloading https://repo.maven.apache.org/maven2/org/slf4j/jcl-over-slf4j/2.0.7/jcl-over-slf4j-2.0.7.jar to /home/runneradmin/.gradle/.tmp/gradle_download14509067367337806769bin\n[5afc6847-b03f-43f7-8fcf-97dccb99de27/build]   | Downloading https://repo.maven.apache.org/maven2/com/fasterxml/jackson/core/jackson-databind/2.15.0/jackson-databind-2.15.0.jar to /home/runneradmin/.gradle/.tmp/gradle_download11215782522524548920bin\n[5afc6847-b03f-43f7-8fcf-97dccb99de27/build]   | Downloading https://repo.maven.apache.org/maven2/ch/randelshofer/fastdoubleparser/0.8.0/fastdoubleparser-0.8.0.jar to /home/runneradmin/.gradle/.tmp/gradle_download887052282746200229bin\n[5afc6847-b03f-43f7-8fcf-97dccb99de27/build]   | Build cache key for task ':compileJava' is 9e5d7810f3725809631545f96ddf79b2\n[5afc6847-b03f-43f7-8fcf-97dccb99de27/build]   | Task ':compileJava' is not up-to-date because:\n[5afc6847-b03f-43f7-8fcf-97dccb99de27/build]   |   No history is available.\n[5afc6847-b03f-43f7-8fcf-97dccb99de27/build]   | The input changes require a full rebuild for incremental task ':compileJava'.\n[5afc6847-b03f-43f7-8fcf-97dccb99de27/build]   | Watching 15 directories to track changes\n[5afc6847-b03f-43f7-8fcf-97dccb99de27/build]   | Watching 15 directories to track changes\n[5afc6847-b03f-43f7-8fcf-97dccb99de27/build]   | Watching 15 directories to track changes\n[5afc6847-b03f-43f7-8fcf-97dccb99de27/build]   | Watching 15 directories to track changes\n[5afc6847-b03f-43f7-8fcf-97dccb99de27/build]   | Full recompilation is required because no incremental change information is available. This is usually caused by clean builds or changing compiler arguments.\n[5afc6847-b03f-43f7-8fcf-97dccb99de27/build]   | Compiling with toolchain '/opt/hostedtoolcache/jdk/11.0.19/x64'.\n[5afc6847-b03f-43f7-8fcf-97dccb99de27/build]   | Compiling with JDK Java compiler API.\n[5afc6847-b03f-43f7-8fcf-97dccb99de27/build]   | Note: Some input files use or override a deprecated API.\n[5afc6847-b03f-43f7-8fcf-97dccb99de27/build]   | Note: Recompile with -Xlint:deprecation for details.\n[5afc6847-b03f-43f7-8fcf-97dccb99de27/build]   | Class dependency analysis for incremental compilation took 0.123 secs.\n[5afc6847-b03f-43f7-8fcf-97dccb99de27/build]   | Created classpath snapshot for incremental compilation in 1.055 secs.\n[5afc6847-b03f-43f7-8fcf-97dccb99de27/build]   | Watching 28 directories to track changes\n[5afc6847-b03f-43f7-8fcf-97dccb99de27/build]   | Watching 29 directories to track changes\n[5afc6847-b03f-43f7-8fcf-97dccb99de27/build]   | Watching 30 directories to track changes\n[5afc6847-b03f-43f7-8fcf-97dccb99de27/build]   | Watching 31 directories to track changes\n[5afc6847-b03f-43f7-8fcf-97dccb99de27/build]   | Stored cache entry for task ':compileJava' with cache key 9e5d7810f3725809631545f96ddf79b2\n[5afc6847-b03f-43f7-8fcf-97dccb99de27/build]   | Resolve mutations for :processResources (Thread[included builds,5,main]) started.\n[5afc6847-b03f-43f7-8fcf-97dccb99de27/build]   | :processResources (Thread[included builds,5,main]) started.\n[5afc6847-b03f-43f7-8fcf-97dccb99de27/build]   | \n[5afc6847-b03f-43f7-8fcf-97dccb99de27/build]   | > Task :processResources NO-SOURCE\n[5afc6847-b03f-43f7-8fcf-97dccb99de27/build]   | Watching 32 directories to track changes\n[5afc6847-b03f-43f7-8fcf-97dccb99de27/build]   | Skipping task ':processResources' as it has no source files and no previous output files.\n[5afc6847-b03f-43f7-8fcf-97dccb99de27/build]   | Resolve mutations for :classes (Thread[included builds,5,main]) started.\n[5afc6847-b03f-43f7-8fcf-97dccb99de27/build]   | :classes (Thread[included builds,5,main]) started.\n[5afc6847-b03f-43f7-8fcf-97dccb99de27/build]   | \n[5afc6847-b03f-43f7-8fcf-97dccb99de27/build]   | > Task :classes\n[5afc6847-b03f-43f7-8fcf-97dccb99de27/build]   | Skipping task ':classes' as it has no actions.\n[5afc6847-b03f-43f7-8fcf-97dccb99de27/build]   | Resolve mutations for :compileTestJava (Thread[included builds,5,main]) started.\n[5afc6847-b03f-43f7-8fcf-97dccb99de27/build]   | :compileTestJava (Thread[included builds,5,main]) started.\n[5afc6847-b03f-43f7-8fcf-97dccb99de27/build]   | \n[5afc6847-b03f-43f7-8fcf-97dccb99de27/build]   | > Task :compileTestJava\n[5afc6847-b03f-43f7-8fcf-97dccb99de27/build]   | Watching 36 directories to track changes\n[5afc6847-b03f-43f7-8fcf-97dccb99de27/build]   | Watching 37 directories to track changes\n[5afc6847-b03f-43f7-8fcf-97dccb99de27/build]   | Watching 38 directories to track changes\n[5afc6847-b03f-43f7-8fcf-97dccb99de27/build]   | Watching 39 directories to track changes\n[5afc6847-b03f-43f7-8fcf-97dccb99de27/build]   | Watching 40 directories to track changes\n[5afc6847-b03f-43f7-8fcf-97dccb99de27/build]   | Watching 41 directories to track changes\n[5afc6847-b03f-43f7-8fcf-97dccb99de27/build]   | Downloading https://repo.maven.apache.org/maven2/org/mockito/mockito-core/5.3.1/mockito-core-5.3.1.pom to /home/runneradmin/.gradle/.tmp/gradle_download1548124187476176414bin\n[5afc6847-b03f-43f7-8fcf-97dccb99de27/build]   | Downloading https://repo.maven.apache.org/maven2/junit/junit/4.13.2/junit-4.13.2.pom to /home/runneradmin/.gradle/.tmp/gradle_download16376374912873235167bin\n[5afc6847-b03f-43f7-8fcf-97dccb99de27/build]   | Downloading https://repo.maven.apache.org/maven2/org/slf4j/slf4j-simple/2.0.7/slf4j-simple-2.0.7.pom to /home/runneradmin/.gradle/.tmp/gradle_download10001273566560193993bin\n[5afc6847-b03f-43f7-8fcf-97dccb99de27/build]   | Downloading https://repo.maven.apache.org/maven2/org/hamcrest/hamcrest-core/1.3/hamcrest-core-1.3.pom to /home/runneradmin/.gradle/.tmp/gradle_download4625601863694119166bin\n[5afc6847-b03f-43f7-8fcf-97dccb99de27/build]   | Downloading https://repo.maven.apache.org/maven2/org/hamcrest/hamcrest-parent/1.3/hamcrest-parent-1.3.pom to /home/runneradmin/.gradle/.tmp/gradle_download15092319820376154845bin\n[5afc6847-b03f-43f7-8fcf-97dccb99de27/build]   | Downloading https://repo.maven.apache.org/maven2/net/bytebuddy/byte-buddy/1.14.4/byte-buddy-1.14.4.pom to /home/runneradmin/.gradle/.tmp/gradle_download1117160840769342698bin\n[5afc6847-b03f-43f7-8fcf-97dccb99de27/build]   | Downloading https://repo.maven.apache.org/maven2/net/bytebuddy/byte-buddy-agent/1.14.4/byte-buddy-agent-1.14.4.pom to /home/runneradmin/.gradle/.tmp/gradle_download942777577027929351bin\n[5afc6847-b03f-43f7-8fcf-97dccb99de27/build]   | Downloading https://repo.maven.apache.org/maven2/net/bytebuddy/byte-buddy-parent/1.14.4/byte-buddy-parent-1.14.4.pom to /home/runneradmin/.gradle/.tmp/gradle_download1457124749128590818bin\n[5afc6847-b03f-43f7-8fcf-97dccb99de27/build]   | Downloading https://repo.maven.apache.org/maven2/junit/junit/4.13.2/junit-4.13.2.jar to /home/runneradmin/.gradle/.tmp/gradle_download4275704361012247243bin\n[5afc6847-b03f-43f7-8fcf-97dccb99de27/build]   | Downloading https://repo.maven.apache.org/maven2/org/mockito/mockito-core/5.3.1/mockito-core-5.3.1.jar to /home/runneradmin/.gradle/.tmp/gradle_download17785580692058631734bin\n[5afc6847-b03f-43f7-8fcf-97dccb99de27/build]   | Downloading https://repo.maven.apache.org/maven2/net/bytebuddy/byte-buddy-agent/1.14.4/byte-buddy-agent-1.14.4.jar to /home/runneradmin/.gradle/.tmp/gradle_download17075302151344126465bin\n[5afc6847-b03f-43f7-8fcf-97dccb99de27/build]   | Downloading https://repo.maven.apache.org/maven2/org/hamcrest/hamcrest-core/1.3/hamcrest-core-1.3.jar to /home/runneradmin/.gradle/.tmp/gradle_download16818410924794152959bin\n[5afc6847-b03f-43f7-8fcf-97dccb99de27/build]   | Downloading https://repo.maven.apache.org/maven2/org/slf4j/slf4j-simple/2.0.7/slf4j-simple-2.0.7.jar to /home/runneradmin/.gradle/.tmp/gradle_download1217117724540432769bin\n[5afc6847-b03f-43f7-8fcf-97dccb99de27/build]   | Downloading https://repo.maven.apache.org/maven2/net/bytebuddy/byte-buddy/1.14.4/byte-buddy-1.14.4.jar to /home/runneradmin/.gradle/.tmp/gradle_download17987928244134769276bin\n[5afc6847-b03f-43f7-8fcf-97dccb99de27/build]   | Build cache key for task ':compileTestJava' is 43e5dfaf8edc0539abb6d64c4c26856b\n[5afc6847-b03f-43f7-8fcf-97dccb99de27/build]   | Task ':compileTestJava' is not up-to-date because:\n[5afc6847-b03f-43f7-8fcf-97dccb99de27/build]   |   No history is available.\n[5afc6847-b03f-43f7-8fcf-97dccb99de27/build]   | The input changes require a full rebuild for incremental task ':compileTestJava'.\n[5afc6847-b03f-43f7-8fcf-97dccb99de27/build]   | Watching 40 directories to track changes\n[5afc6847-b03f-43f7-8fcf-97dccb99de27/build]   | Watching 39 directories to track changes\n[5afc6847-b03f-43f7-8fcf-97dccb99de27/build]   | Watching 38 directories to track changes\n[5afc6847-b03f-43f7-8fcf-97dccb99de27/build]   | Watching 37 directories to track changes\n[5afc6847-b03f-43f7-8fcf-97dccb99de27/build]   | Full recompilation is required because no incremental change information is available. This is usually caused by clean builds or changing compiler arguments.\n[5afc6847-b03f-43f7-8fcf-97dccb99de27/build]   | Compiling with toolchain '/opt/hostedtoolcache/jdk/11.0.19/x64'.\n[5afc6847-b03f-43f7-8fcf-97dccb99de27/build]   | Compiling with JDK Java compiler API.\n[5afc6847-b03f-43f7-8fcf-97dccb99de27/build]   | Note: /tmp/3d783ea4-1661-11ee-8a50-bb14de238602/holgerbrandl-themoviedbapi/src/test/java/info/movito/themoviedbapi/MiscApiTest.java uses or overrides a deprecated API.\n[5afc6847-b03f-43f7-8fcf-97dccb99de27/build]   | Note: Recompile with -Xlint:deprecation for details.\n[5afc6847-b03f-43f7-8fcf-97dccb99de27/build]   | Class dependency analysis for incremental compilation took 0.005 secs.\n[5afc6847-b03f-43f7-8fcf-97dccb99de27/build]   | Created classpath snapshot for incremental compilation in 0.96 secs.\n[5afc6847-b03f-43f7-8fcf-97dccb99de27/build]   | Watching 41 directories to track changes\n[5afc6847-b03f-43f7-8fcf-97dccb99de27/build]   | Watching 42 directories to track changes\n[5afc6847-b03f-43f7-8fcf-97dccb99de27/build]   | Watching 43 directories to track changes\n[5afc6847-b03f-43f7-8fcf-97dccb99de27/build]   | Watching 44 directories to track changes\n[5afc6847-b03f-43f7-8fcf-97dccb99de27/build]   | Stored cache entry for task ':compileTestJava' with cache key 43e5dfaf8edc0539abb6d64c4c26856b\n[5afc6847-b03f-43f7-8fcf-97dccb99de27/build]   | Resolve mutations for :processTestResources (Thread[included builds,5,main]) started.\n[5afc6847-b03f-43f7-8fcf-97dccb99de27/build]   | :processTestResources (Thread[included builds,5,main]) started.\n[5afc6847-b03f-43f7-8fcf-97dccb99de27/build]   | \n[5afc6847-b03f-43f7-8fcf-97dccb99de27/build]   | > Task :processTestResources\n[5afc6847-b03f-43f7-8fcf-97dccb99de27/build]   | Watching 46 directories to track changes\n[5afc6847-b03f-43f7-8fcf-97dccb99de27/build]   | Watching 46 directories to track changes\n[5afc6847-b03f-43f7-8fcf-97dccb99de27/build]   | Caching disabled for task ':processTestResources' because:\n[5afc6847-b03f-43f7-8fcf-97dccb99de27/build]   |   Not worth caching\n[5afc6847-b03f-43f7-8fcf-97dccb99de27/build]   | Task ':processTestResources' is not up-to-date because:\n[5afc6847-b03f-43f7-8fcf-97dccb99de27/build]   |   No history is available.\n[5afc6847-b03f-43f7-8fcf-97dccb99de27/build]   | Watching 46 directories to track changes\n[5afc6847-b03f-43f7-8fcf-97dccb99de27/build]   | Watching 48 directories to track changes\n[5afc6847-b03f-43f7-8fcf-97dccb99de27/build]   | Resolve mutations for :testClasses (Thread[included builds,5,main]) started.\n[5afc6847-b03f-43f7-8fcf-97dccb99de27/build]   | :testClasses (Thread[included builds,5,main]) started.\n[5afc6847-b03f-43f7-8fcf-97dccb99de27/build]   | \n[5afc6847-b03f-43f7-8fcf-97dccb99de27/build]   | > Task :testClasses\n[5afc6847-b03f-43f7-8fcf-97dccb99de27/build]   | Skipping task ':testClasses' as it has no actions.\n[5afc6847-b03f-43f7-8fcf-97dccb99de27/build]   | Resolve mutations for :test (Thread[included builds,5,main]) started.\n[5afc6847-b03f-43f7-8fcf-97dccb99de27/build]   | :test (Thread[included builds,5,main]) started.\n[5afc6847-b03f-43f7-8fcf-97dccb99de27/build]   | Gradle Test Executor 1 started executing tests.\n[5afc6847-b03f-43f7-8fcf-97dccb99de27/build]   | Gradle Test Executor 1 finished executing tests.\n[5afc6847-b03f-43f7-8fcf-97dccb99de27/build]   | \n[5afc6847-b03f-43f7-8fcf-97dccb99de27/build]   | > Task :test\n[5afc6847-b03f-43f7-8fcf-97dccb99de27/build]   | Watching 48 directories to track changes\n[5afc6847-b03f-43f7-8fcf-97dccb99de27/build]   | Watching 48 directories to track changes\n[5afc6847-b03f-43f7-8fcf-97dccb99de27/build]   | Downloading https://repo.maven.apache.org/maven2/org/objenesis/objenesis/3.3/objenesis-3.3.pom to /home/runneradmin/.gradle/.tmp/gradle_download17485370609107600050bin\n[5afc6847-b03f-43f7-8fcf-97dccb99de27/build]   | Downloading https://repo.maven.apache.org/maven2/org/objenesis/objenesis-parent/3.3/objenesis-parent-3.3.pom to /home/runneradmin/.gradle/.tmp/gradle_download9877091439448232078bin\n[5afc6847-b03f-43f7-8fcf-97dccb99de27/build]   | Downloading https://repo.maven.apache.org/maven2/org/objenesis/objenesis/3.3/objenesis-3.3.jar to /home/runneradmin/.gradle/.tmp/gradle_download13650571048237893049bin\n[5afc6847-b03f-43f7-8fcf-97dccb99de27/build]   | Build cache key for task ':test' is 519e94e266de5cc9bb519f6633fd7f62\n[5afc6847-b03f-43f7-8fcf-97dccb99de27/build]   | Task ':test' is not up-to-date because:\n[5afc6847-b03f-43f7-8fcf-97dccb99de27/build]   |   No history is available.\n[5afc6847-b03f-43f7-8fcf-97dccb99de27/build]   | Watching 48 directories to track changes\n[5afc6847-b03f-43f7-8fcf-97dccb99de27/build]   | Watching 48 directories to track changes\n[5afc6847-b03f-43f7-8fcf-97dccb99de27/build]   | Starting process 'Gradle Test Executor 1'. Working directory: /tmp/3d783ea4-1661-11ee-8a50-bb14de238602/holgerbrandl-themoviedbapi Command: /opt/hostedtoolcache/jdk/11.0.19/x64/bin/java -Dorg.gradle.internal.worker.tmpdir=/tmp/3d783ea4-1661-11ee-8a50-bb14de238602/holgerbrandl-themoviedbapi/build/tmp/test/work -Dorg.gradle.native=false @/home/runneradmin/.gradle/.tmp/gradle-worker-classpath14888931207604793151txt -Xmx512m -Dfile.encoding=UTF-8 -Duser.country -Duser.language=en -Duser.variant -ea worker.org.gradle.process.internal.worker.GradleWorkerMain 'Gradle Test Executor 1'\n[5afc6847-b03f-43f7-8fcf-97dccb99de27/build]   | Successfully started process 'Gradle Test Executor 1'\n[5afc6847-b03f-43f7-8fcf-97dccb99de27/build]   | \n[5afc6847-b03f-43f7-8fcf-97dccb99de27/build]   | info.movito.themoviedbapi.AccountApiTest > classMethod FAILED\n[5afc6847-b03f-43f7-8fcf-97dccb99de27/build]   |     java.lang.RuntimeException: Missing api key: To run test you need to provide the key as environment variable named 'apikey' and you have to make sure that this is key relates to a linked application\n[5afc6847-b03f-43f7-8fcf-97dccb99de27/build]   |         at info.movito.themoviedbapi.AbstractTmdbApiTest.setUpClass(AbstractTmdbApiTest.java:55)\n[5afc6847-b03f-43f7-8fcf-97dccb99de27/build]   |         at java.base/jdk.internal.reflect.NativeMethodAccessorImpl.invoke0(Native Method)\n[5afc6847-b03f-43f7-8fcf-97dccb99de27/build]   |         at java.base/jdk.internal.reflect.NativeMethodAccessorImpl.invoke(NativeMethodAccessorImpl.java:62)\n[5afc6847-b03f-43f7-8fcf-97dccb99de27/build]   |         at java.base/jdk.internal.reflect.DelegatingMethodAccessorImpl.invoke(DelegatingMethodAccessorImpl.java:43)\n[5afc6847-b03f-43f7-8fcf-97dccb99de27/build]   |         at java.base/java.lang.reflect.Method.invoke(Method.java:566)\n[5afc6847-b03f-43f7-8fcf-97dccb99de27/build]   |         at org.junit.runners.model.FrameworkMethod$1.runReflectiveCall(FrameworkMethod.java:59)\n[5afc6847-b03f-43f7-8fcf-97dccb99de27/build]   |         at org.junit.internal.runners.model.ReflectiveCallable.run(ReflectiveCallable.java:12)\n[5afc6847-b03f-43f7-8fcf-97dccb99de27/build]   |         at org.junit.runners.model.FrameworkMethod.invokeExplosively(FrameworkMethod.java:56)\n[5afc6847-b03f-43f7-8fcf-97dccb99de27/build]   |         at org.junit.internal.runners.statements.RunBefores.invokeMethod(RunBefores.java:33)\n[5afc6847-b03f-43f7-8fcf-97dccb99de27/build]   |         at org.junit.internal.runners.statements.RunBefores.evaluate(RunBefores.java:24)\n[5afc6847-b03f-43f7-8fcf-97dccb99de27/build]   |         at org.junit.internal.runners.statements.RunAfters.evaluate(RunAfters.java:27)\n[5afc6847-b03f-43f7-8fcf-97dccb99de27/build]   |         at org.junit.runners.ParentRunner$3.evaluate(ParentRunner.java:306)\n[5afc6847-b03f-43f7-8fcf-97dccb99de27/build]   |         at org.junit.runners.ParentRunner.run(ParentRunner.java:413)\n[5afc6847-b03f-43f7-8fcf-97dccb99de27/build]   |         at org.gradle.api.internal.tasks.testing.junit.JUnitTestClassExecutor.runTestClass(JUnitTestClassExecutor.java:108)\n[5afc6847-b03f-43f7-8fcf-97dccb99de27/build]   |         at org.gradle.api.internal.tasks.testing.junit.JUnitTestClassExecutor.execute(JUnitTestClassExecutor.java:58)\n[5afc6847-b03f-43f7-8fcf-97dccb99de27/build]   |         at org.gradle.api.internal.tasks.testing.junit.JUnitTestClassExecutor.execute(JUnitTestClassExecutor.java:40)\n[5afc6847-b03f-43f7-8fcf-97dccb99de27/build]   |         at org.gradle.api.internal.tasks.testing.junit.AbstractJUnitTestClassProcessor.processTestClass(AbstractJUnitTestClassProcessor.java:60)\n[5afc6847-b03f-43f7-8fcf-97dccb99de27/build]   |         at org.gradle.api.internal.tasks.testing.SuiteTestClassProcessor.processTestClass(SuiteTestClassProcessor.java:52)\n[5afc6847-b03f-43f7-8fcf-97dccb99de27/build]   |         at java.base/jdk.internal.reflect.NativeMethodAccessorImpl.invoke0(Native Method)\n[5afc6847-b03f-43f7-8fcf-97dccb99de27/build]   |         at java.base/jdk.internal.reflect.NativeMethodAccessorImpl.invoke(NativeMethodAccessorImpl.java:62)\n[5afc6847-b03f-43f7-8fcf-97dccb99de27/build]   |         at java.base/jdk.internal.reflect.DelegatingMethodAccessorImpl.invoke(DelegatingMethodAccessorImpl.java:43)\n[5afc6847-b03f-43f7-8fcf-97dccb99de27/build]   |         at java.base/java.lang.reflect.Method.invoke(Method.java:566)\n[5afc6847-b03f-43f7-8fcf-97dccb99de27/build]   |         at org.gradle.internal.dispatch.ReflectionDispatch.dispatch(ReflectionDispatch.java:36)\n[5afc6847-b03f-43f7-8fcf-97dccb99de27/build]   |         at org.gradle.internal.dispatch.ReflectionDispatch.dispatch(ReflectionDispatch.java:24)\n[5afc6847-b03f-43f7-8fcf-97dccb99de27/build]   |         at org.gradle.internal.dispatch.ContextClassLoaderDispatch.dispatch(ContextClassLoaderDispatch.java:33)\n[5afc6847-b03f-43f7-8fcf-97dccb99de27/build]   |         at org.gradle.internal.dispatch.ProxyDispatchAdapter$DispatchingInvocationHandler.invoke(ProxyDispatchAdapter.java:94)\n[5afc6847-b03f-43f7-8fcf-97dccb99de27/build]   |         at com.sun.proxy.$Proxy2.processTestClass(Unknown Source)\n[5afc6847-b03f-43f7-8fcf-97dccb99de27/build]   |         at org.gradle.api.internal.tasks.testing.worker.TestWorker$2.run(TestWorker.java:176)\n[5afc6847-b03f-43f7-8fcf-97dccb99de27/build]   |         at org.gradle.api.internal.tasks.testing.worker.TestWorker.executeAndMaintainThreadName(TestWorker.java:129)\n[5afc6847-b03f-43f7-8fcf-97dccb99de27/build]   |         at org.gradle.api.internal.tasks.testing.worker.TestWorker.execute(TestWorker.java:100)\n[5afc6847-b03f-43f7-8fcf-97dccb99de27/build]   |         at org.gradle.api.internal.tasks.testing.worker.TestWorker.execute(TestWorker.java:60)\n[5afc6847-b03f-43f7-8fcf-97dccb99de27/build]   |         at org.gradle.process.internal.worker.child.ActionExecutionWorker.execute(ActionExecutionWorker.java:56)\n[5afc6847-b03f-43f7-8fcf-97dccb99de27/build]   |         at org.gradle.process.internal.worker.child.SystemApplicationClassLoaderWorker.call(SystemApplicationClassLoaderWorker.java:113)\n[5afc6847-b03f-43f7-8fcf-97dccb99de27/build]   |         at org.gradle.process.internal.worker.child.SystemApplicationClassLoaderWorker.call(SystemApplicationClassLoaderWorker.java:65)\n[5afc6847-b03f-43f7-8fcf-97dccb99de27/build]   |         at worker.org.gradle.process.internal.worker.GradleWorkerMain.run(GradleWorkerMain.java:69)\n[5afc6847-b03f-43f7-8fcf-97dccb99de27/build]   |         at worker.org.gradle.process.internal.worker.GradleWorkerMain.main(GradleWorkerMain.java:74)\n[5afc6847-b03f-43f7-8fcf-97dccb99de27/build]   | \n[5afc6847-b03f-43f7-8fcf-97dccb99de27/build]   | info.movito.themoviedbapi.AuthApiTest > classMethod FAILED\n[5afc6847-b03f-43f7-8fcf-97dccb99de27/build]   |     java.lang.RuntimeException: Missing api key: To run test you need to provide the key as environment variable named 'apikey' and you have to make sure that this is key relates to a linked application\n[5afc6847-b03f-43f7-8fcf-97dccb99de27/build]   |         at info.movito.themoviedbapi.AbstractTmdbApiTest.setUpClass(AbstractTmdbApiTest.java:55)\n[5afc6847-b03f-43f7-8fcf-97dccb99de27/build]   |         at java.base/jdk.internal.reflect.NativeMethodAccessorImpl.invoke0(Native Method)\n[5afc6847-b03f-43f7-8fcf-97dccb99de27/build]   |         at java.base/jdk.internal.reflect.NativeMethodAccessorImpl.invoke(NativeMethodAccessorImpl.java:62)\n[5afc6847-b03f-43f7-8fcf-97dccb99de27/build]   |         at java.base/jdk.internal.reflect.DelegatingMethodAccessorImpl.invoke(DelegatingMethodAccessorImpl.java:43)\n[5afc6847-b03f-43f7-8fcf-97dccb99de27/build]   |         at java.base/java.lang.reflect.Method.invoke(Method.java:566)\n[5afc6847-b03f-43f7-8fcf-97dccb99de27/build]   |         at org.junit.runners.model.FrameworkMethod$1.runReflectiveCall(FrameworkMethod.java:59)\n[5afc6847-b03f-43f7-8fcf-97dccb99de27/build]   |         at org.junit.internal.runners.model.ReflectiveCallable.run(ReflectiveCallable.java:12)\n[5afc6847-b03f-43f7-8fcf-97dccb99de27/build]   |         at org.junit.runners.model.FrameworkMethod.invokeExplosively(FrameworkMethod.java:56)\n[5afc6847-b03f-43f7-8fcf-97dccb99de27/build]   |         at org.junit.internal.runners.statements.RunBefores.invokeMethod(RunBefores.java:33)\n[5afc6847-b03f-43f7-8fcf-97dccb99de27/build]   |         at org.junit.internal.runners.statements.RunBefores.evaluate(RunBefores.java:24)\n[5afc6847-b03f-43f7-8fcf-97dccb99de27/build]   |         at org.junit.internal.runners.statements.RunAfters.evaluate(RunAfters.java:27)\n[5afc6847-b03f-43f7-8fcf-97dccb99de27/build]   |         at org.junit.runners.ParentRunner$3.evaluate(ParentRunner.java:306)\n[5afc6847-b03f-43f7-8fcf-97dccb99de27/build]   |         at org.junit.runners.ParentRunner.run(ParentRunner.java:413)\n[5afc6847-b03f-43f7-8fcf-97dccb99de27/build]   |         at org.gradle.api.internal.tasks.testing.junit.JUnitTestClassExecutor.runTestClass(JUnitTestClassExecutor.java:108)\n[5afc6847-b03f-43f7-8fcf-97dccb99de27/build]   |         at org.gradle.api.internal.tasks.testing.junit.JUnitTestClassExecutor.execute(JUnitTestClassExecutor.java:58)\n[5afc6847-b03f-43f7-8fcf-97dccb99de27/build]   |         at org.gradle.api.internal.tasks.testing.junit.JUnitTestClassExecutor.execute(JUnitTestClassExecutor.java:40)\n[5afc6847-b03f-43f7-8fcf-97dccb99de27/build]   |         at org.gradle.api.internal.tasks.testing.junit.AbstractJUnitTestClassProcessor.processTestClass(AbstractJUnitTestClassProcessor.java:60)\n[5afc6847-b03f-43f7-8fcf-97dccb99de27/build]   |         at org.gradle.api.internal.tasks.testing.SuiteTestClassProcessor.processTestClass(SuiteTestClassProcessor.java:52)\n[5afc6847-b03f-43f7-8fcf-97dccb99de27/build]   |         at java.base/jdk.internal.reflect.NativeMethodAccessorImpl.invoke0(Native Method)\n[5afc6847-b03f-43f7-8fcf-97dccb99de27/build]   |         at java.base/jdk.internal.reflect.NativeMethodAccessorImpl.invoke(NativeMethodAccessorImpl.java:62)\n[5afc6847-b03f-43f7-8fcf-97dccb99de27/build]   |         at java.base/jdk.internal.reflect.DelegatingMethodAccessorImpl.invoke(DelegatingMethodAccessorImpl.java:43)\n[5afc6847-b03f-43f7-8fcf-97dccb99de27/build]   |         at java.base/java.lang.reflect.Method.invoke(Method.java:566)\n[5afc6847-b03f-43f7-8fcf-97dccb99de27/build]   |         at org.gradle.internal.dispatch.ReflectionDispatch.dispatch(ReflectionDispatch.java:36)\n[5afc6847-b03f-43f7-8fcf-97dccb99de27/build]   |         at org.gradle.internal.dispatch.ReflectionDispatch.dispatch(ReflectionDispatch.java:24)\n[5afc6847-b03f-43f7-8fcf-97dccb99de27/build]   |         at org.gradle.internal.dispatch.ContextClassLoaderDispatch.dispatch(ContextClassLoaderDispatch.java:33)\n[5afc6847-b03f-43f7-8fcf-97dccb99de27/build]   |         at org.gradle.internal.dispatch.ProxyDispatchAdapter$DispatchingInvocationHandler.invoke(ProxyDispatchAdapter.java:94)\n[5afc6847-b03f-43f7-8fcf-97dccb99de27/build]   |         at com.sun.proxy.$Proxy2.processTestClass(Unknown Source)\n[5afc6847-b03f-43f7-8fcf-97dccb99de27/build]   |         at org.gradle.api.internal.tasks.testing.worker.TestWorker$2.run(TestWorker.java:176)\n[5afc6847-b03f-43f7-8fcf-97dccb99de27/build]   |         at org.gradle.api.internal.tasks.testing.worker.TestWorker.executeAndMaintainThreadName(TestWorker.java:129)\n[5afc6847-b03f-43f7-8fcf-97dccb99de27/build]   |         at org.gradle.api.internal.tasks.testing.worker.TestWorker.execute(TestWorker.java:100)\n[5afc6847-b03f-43f7-8fcf-97dccb99de27/build]   |         at org.gradle.api.internal.tasks.testing.worker.TestWorker.execute(TestWorker.java:60)\n[5afc6847-b03f-43f7-8fcf-97dccb99de27/build]   |         at org.gradle.process.internal.worker.child.ActionExecutionWorker.execute(ActionExecutionWorker.java:56)\n[5afc6847-b03f-43f7-8fcf-97dccb99de27/build]   |         at org.gradle.process.internal.worker.child.SystemApplicationClassLoaderWorker.call(SystemApplicationClassLoaderWorker.java:113)\n[5afc6847-b03f-43f7-8fcf-97dccb99de27/build]   |         at org.gradle.process.internal.worker.child.SystemApplicationClassLoaderWorker.call(SystemApplicationClassLoaderWorker.java:65)\n[5afc6847-b03f-43f7-8fcf-97dccb99de27/build]   |         at worker.org.gradle.process.internal.worker.GradleWorkerMain.run(GradleWorkerMain.java:69)\n[5afc6847-b03f-43f7-8fcf-97dccb99de27/build]   |         at worker.org.gradle.process.internal.worker.GradleWorkerMain.main(GradleWorkerMain.java:74)\n[5afc6847-b03f-43f7-8fcf-97dccb99de27/build]   | \n[5afc6847-b03f-43f7-8fcf-97dccb99de27/build]   | info.movito.themoviedbapi.CollectionsApiTest > classMethod FAILED\n[5afc6847-b03f-43f7-8fcf-97dccb99de27/build]   |     java.lang.RuntimeException: Missing api key: To run test you need to provide the key as environment variable named 'apikey' and you have to make sure that this is key relates to a linked application\n[5afc6847-b03f-43f7-8fcf-97dccb99de27/build]   |         at info.movito.themoviedbapi.AbstractTmdbApiTest.setUpClass(AbstractTmdbApiTest.java:55)\n[5afc6847-b03f-43f7-8fcf-97dccb99de27/build]   |         at java.base/jdk.internal.reflect.NativeMethodAccessorImpl.invoke0(Native Method)\n[5afc6847-b03f-43f7-8fcf-97dccb99de27/build]   |         at java.base/jdk.internal.reflect.NativeMethodAccessorImpl.invoke(NativeMethodAccessorImpl.java:62)\n[5afc6847-b03f-43f7-8fcf-97dccb99de27/build]   |         at java.base/jdk.internal.reflect.DelegatingMethodAccessorImpl.invoke(DelegatingMethodAccessorImpl.java:43)\n[5afc6847-b03f-43f7-8fcf-97dccb99de27/build]   |         at java.base/java.lang.reflect.Method.invoke(Method.java:566)\n[5afc6847-b03f-43f7-8fcf-97dccb99de27/build]   |         at org.junit.runners.model.FrameworkMethod$1.runReflectiveCall(FrameworkMethod.java:59)\n[5afc6847-b03f-43f7-8fcf-97dccb99de27/build]   |         at org.junit.internal.runners.model.ReflectiveCallable.run(ReflectiveCallable.java:12)\n[5afc6847-b03f-43f7-8fcf-97dccb99de27/build]   |         at org.junit.runners.model.FrameworkMethod.invokeExplosively(FrameworkMethod.java:56)\n[5afc6847-b03f-43f7-8fcf-97dccb99de27/build]   |         at org.junit.internal.runners.statements.RunBefores.invokeMethod(RunBefores.java:33)\n[5afc6847-b03f-43f7-8fcf-97dccb99de27/build]   |         at org.junit.internal.runners.statements.RunBefores.evaluate(RunBefores.java:24)\n[5afc6847-b03f-43f7-8fcf-97dccb99de27/build]   |         at org.junit.internal.runners.statements.RunAfters.evaluate(RunAfters.java:27)\n[5afc6847-b03f-43f7-8fcf-97dccb99de27/build]   |         at org.junit.runners.ParentRunner$3.evaluate(ParentRunner.java:306)\n[5afc6847-b03f-43f7-8fcf-97dccb99de27/build]   |         at org.junit.runners.ParentRunner.run(ParentRunner.java:413)\n[5afc6847-b03f-43f7-8fcf-97dccb99de27/build]   |         at org.gradle.api.internal.tasks.testing.junit.JUnitTestClassExecutor.runTestClass(JUnitTestClassExecutor.java:108)\n[5afc6847-b03f-43f7-8fcf-97dccb99de27/build]   |         at org.gradle.api.internal.tasks.testing.junit.JUnitTestClassExecutor.execute(JUnitTestClassExecutor.java:58)\n[5afc6847-b03f-43f7-8fcf-97dccb99de27/build]   |         at org.gradle.api.internal.tasks.testing.junit.JUnitTestClassExecutor.execute(JUnitTestClassExecutor.java:40)\n[5afc6847-b03f-43f7-8fcf-97dccb99de27/build]   |         at org.gradle.api.internal.tasks.testing.junit.AbstractJUnitTestClassProcessor.processTestClass(AbstractJUnitTestClassProcessor.java:60)\n[5afc6847-b03f-43f7-8fcf-97dccb99de27/build]   |         at org.gradle.api.internal.tasks.testing.SuiteTestClassProcessor.processTestClass(SuiteTestClassProcessor.java:52)\n[5afc6847-b03f-43f7-8fcf-97dccb99de27/build]   |         at java.base/jdk.internal.reflect.NativeMethodAccessorImpl.invoke0(Native Method)\n[5afc6847-b03f-43f7-8fcf-97dccb99de27/build]   |         at java.base/jdk.internal.reflect.NativeMethodAccessorImpl.invoke(NativeMethodAccessorImpl.java:62)\n[5afc6847-b03f-43f7-8fcf-97dccb99de27/build]   |         at java.base/jdk.internal.reflect.DelegatingMethodAccessorImpl.invoke(DelegatingMethodAccessorImpl.java:43)\n[5afc6847-b03f-43f7-8fcf-97dccb99de27/build]   |         at java.base/java.lang.reflect.Method.invoke(Method.java:566)\n[5afc6847-b03f-43f7-8fcf-97dccb99de27/build]   |         at org.gradle.internal.dispatch.ReflectionDispatch.dispatch(ReflectionDispatch.java:36)\n[5afc6847-b03f-43f7-8fcf-97dccb99de27/build]   |         at org.gradle.internal.dispatch.ReflectionDispatch.dispatch(ReflectionDispatch.java:24)\n[5afc6847-b03f-43f7-8fcf-97dccb99de27/build]   |         at org.gradle.internal.dispatch.ContextClassLoaderDispatch.dispatch(ContextClassLoaderDispatch.java:33)\n[5afc6847-b03f-43f7-8fcf-97dccb99de27/build]   |         at org.gradle.internal.dispatch.ProxyDispatchAdapter$DispatchingInvocationHandler.invoke(ProxyDispatchAdapter.java:94)\n[5afc6847-b03f-43f7-8fcf-97dccb99de27/build]   |         at com.sun.proxy.$Proxy2.processTestClass(Unknown Source)\n[5afc6847-b03f-43f7-8fcf-97dccb99de27/build]   |         at org.gradle.api.internal.tasks.testing.worker.TestWorker$2.run(TestWorker.java:176)\n[5afc6847-b03f-43f7-8fcf-97dccb99de27/build]   |         at org.gradle.api.internal.tasks.testing.worker.TestWorker.executeAndMaintainThreadName(TestWorker.java:129)\n[5afc6847-b03f-43f7-8fcf-97dccb99de27/build]   |         at org.gradle.api.internal.tasks.testing.worker.TestWorker.execute(TestWorker.java:100)\n[5afc6847-b03f-43f7-8fcf-97dccb99de27/build]   |         at org.gradle.api.internal.tasks.testing.worker.TestWorker.execute(TestWorker.java:60)\n[5afc6847-b03f-43f7-8fcf-97dccb99de27/build]   |         at org.gradle.process.internal.worker.child.ActionExecutionWorker.execute(ActionExecutionWorker.java:56)\n[5afc6847-b03f-43f7-8fcf-97dccb99de27/build]   |         at org.gradle.process.internal.worker.child.SystemApplicationClassLoaderWorker.call(SystemApplicationClassLoaderWorker.java:113)\n[5afc6847-b03f-43f7-8fcf-97dccb99de27/build]   |         at org.gradle.process.internal.worker.child.SystemApplicationClassLoaderWorker.call(SystemApplicationClassLoaderWorker.java:65)\n[5afc6847-b03f-43f7-8fcf-97dccb99de27/build]   |         at worker.org.gradle.process.internal.worker.GradleWorkerMain.run(GradleWorkerMain.java:69)\n[5afc6847-b03f-43f7-8fcf-97dccb99de27/build]   |         at worker.org.gradle.process.internal.worker.GradleWorkerMain.main(GradleWorkerMain.java:74)\n[5afc6847-b03f-43f7-8fcf-97dccb99de27/build]   | \n[5afc6847-b03f-43f7-8fcf-97dccb99de27/build]   | info.movito.themoviedbapi.CompanyApiTest > classMethod FAILED\n[5afc6847-b03f-43f7-8fcf-97dccb99de27/build]   |     java.lang.RuntimeException: Missing api key: To run test you need to provide the key as environment variable named 'apikey' and you have to make sure that this is key relates to a linked application\n[5afc6847-b03f-43f7-8fcf-97dccb99de27/build]   |         at info.movito.themoviedbapi.AbstractTmdbApiTest.setUpClass(AbstractTmdbApiTest.java:55)\n[5afc6847-b03f-43f7-8fcf-97dccb99de27/build]   |         at java.base/jdk.internal.reflect.NativeMethodAccessorImpl.invoke0(Native Method)\n[5afc6847-b03f-43f7-8fcf-97dccb99de27/build]   |         at java.base/jdk.internal.reflect.NativeMethodAccessorImpl.invoke(NativeMethodAccessorImpl.java:62)\n[5afc6847-b03f-43f7-8fcf-97dccb99de27/build]   |         at java.base/jdk.internal.reflect.DelegatingMethodAccessorImpl.invoke(DelegatingMethodAccessorImpl.java:43)\n[5afc6847-b03f-43f7-8fcf-97dccb99de27/build]   |         at java.base/java.lang.reflect.Method.invoke(Method.java:566)\n[5afc6847-b03f-43f7-8fcf-97dccb99de27/build]   |         at org.junit.runners.model.FrameworkMethod$1.runReflectiveCall(FrameworkMethod.java:59)\n[5afc6847-b03f-43f7-8fcf-97dccb99de27/build]   |         at org.junit.internal.runners.model.ReflectiveCallable.run(ReflectiveCallable.java:12)\n[5afc6847-b03f-43f7-8fcf-97dccb99de27/build]   |         at org.junit.runners.model.FrameworkMethod.invokeExplosively(FrameworkMethod.java:56)\n[5afc6847-b03f-43f7-8fcf-97dccb99de27/build]   |         at org.junit.internal.runners.statements.RunBefores.invokeMethod(RunBefores.java:33)\n[5afc6847-b03f-43f7-8fcf-97dccb99de27/build]   |         at org.junit.internal.runners.statements.RunBefores.evaluate(RunBefores.java:24)\n[5afc6847-b03f-43f7-8fcf-97dccb99de27/build]   |         at org.junit.internal.runners.statements.RunAfters.evaluate(RunAfters.java:27)\n[5afc6847-b03f-43f7-8fcf-97dccb99de27/build]   |         at org.junit.runners.ParentRunner$3.evaluate(ParentRunner.java:306)\n[5afc6847-b03f-43f7-8fcf-97dccb99de27/build]   |         at org.junit.runners.ParentRunner.run(ParentRunner.java:413)\n[5afc6847-b03f-43f7-8fcf-97dccb99de27/build]   |         at org.gradle.api.internal.tasks.testing.junit.JUnitTestClassExecutor.runTestClass(JUnitTestClassExecutor.java:108)\n[5afc6847-b03f-43f7-8fcf-97dccb99de27/build]   |         at org.gradle.api.internal.tasks.testing.junit.JUnitTestClassExecutor.execute(JUnitTestClassExecutor.java:58)\n[5afc6847-b03f-43f7-8fcf-97dccb99de27/build]   |         at org.gradle.api.internal.tasks.testing.junit.JUnitTestClassExecutor.execute(JUnitTestClassExecutor.java:40)\n[5afc6847-b03f-43f7-8fcf-97dccb99de27/build]   |         at org.gradle.api.internal.tasks.testing.junit.AbstractJUnitTestClassProcessor.processTestClass(AbstractJUnitTestClassProcessor.java:60)\n[5afc6847-b03f-43f7-8fcf-97dccb99de27/build]   |         at org.gradle.api.internal.tasks.testing.SuiteTestClassProcessor.processTestClass(SuiteTestClassProcessor.java:52)\n[5afc6847-b03f-43f7-8fcf-97dccb99de27/build]   |         at java.base/jdk.internal.reflect.NativeMethodAccessorImpl.invoke0(Native Method)\n[5afc6847-b03f-43f7-8fcf-97dccb99de27/build]   |         at java.base/jdk.internal.reflect.NativeMethodAccessorImpl.invoke(NativeMethodAccessorImpl.java:62)\n[5afc6847-b03f-43f7-8fcf-97dccb99de27/build]   |         at java.base/jdk.internal.reflect.DelegatingMethodAccessorImpl.invoke(DelegatingMethodAccessorImpl.java:43)\n[5afc6847-b03f-43f7-8fcf-97dccb99de27/build]   |         at java.base/java.lang.reflect.Method.invoke(Method.java:566)\n[5afc6847-b03f-43f7-8fcf-97dccb99de27/build]   |         at org.gradle.internal.dispatch.ReflectionDispatch.dispatch(ReflectionDispatch.java:36)\n[5afc6847-b03f-43f7-8fcf-97dccb99de27/build]   |         at org.gradle.internal.dispatch.ReflectionDispatch.dispatch(ReflectionDispatch.java:24)\n[5afc6847-b03f-43f7-8fcf-97dccb99de27/build]   |         at org.gradle.internal.dispatch.ContextClassLoaderDispatch.dispatch(ContextClassLoaderDispatch.java:33)\n[5afc6847-b03f-43f7-8fcf-97dccb99de27/build]   |         at org.gradle.internal.dispatch.ProxyDispatchAdapter$DispatchingInvocationHandler.invoke(ProxyDispatchAdapter.java:94)\n[5afc6847-b03f-43f7-8fcf-97dccb99de27/build]   |         at com.sun.proxy.$Proxy2.processTestClass(Unknown Source)\n[5afc6847-b03f-43f7-8fcf-97dccb99de27/build]   |         at org.gradle.api.internal.tasks.testing.worker.TestWorker$2.run(TestWorker.java:176)\n[5afc6847-b03f-43f7-8fcf-97dccb99de27/build]   |         at org.gradle.api.internal.tasks.testing.worker.TestWorker.executeAndMaintainThreadName(TestWorker.java:129)\n[5afc6847-b03f-43f7-8fcf-97dccb99de27/build]   |         at org.gradle.api.internal.tasks.testing.worker.TestWorker.execute(TestWorker.java:100)\n[5afc6847-b03f-43f7-8fcf-97dccb99de27/build]   |         at org.gradle.api.internal.tasks.testing.worker.TestWorker.execute(TestWorker.java:60)\n[5afc6847-b03f-43f7-8fcf-97dccb99de27/build]   |         at org.gradle.process.internal.worker.child.ActionExecutionWorker.execute(ActionExecutionWorker.java:56)\n[5afc6847-b03f-43f7-8fcf-97dccb99de27/build]   |         at org.gradle.process.internal.worker.child.SystemApplicationClassLoaderWorker.call(SystemApplicationClassLoaderWorker.java:113)\n[5afc6847-b03f-43f7-8fcf-97dccb99de27/build]   |         at org.gradle.process.internal.worker.child.SystemApplicationClassLoaderWorker.call(SystemApplicationClassLoaderWorker.java:65)\n[5afc6847-b03f-43f7-8fcf-97dccb99de27/build]   |         at worker.org.gradle.process.internal.worker.GradleWorkerMain.run(GradleWorkerMain.java:69)\n[5afc6847-b03f-43f7-8fcf-97dccb99de27/build]   |         at worker.org.gradle.process.internal.worker.GradleWorkerMain.main(GradleWorkerMain.java:74)\n[5afc6847-b03f-43f7-8fcf-97dccb99de27/build]   | \n[5afc6847-b03f-43f7-8fcf-97dccb99de27/build]   | info.movito.themoviedbapi.FindApiTest > classMethod FAILED\n[5afc6847-b03f-43f7-8fcf-97dccb99de27/build]   |     java.lang.RuntimeException: Missing api key: To run test you need to provide the key as environment variable named 'apikey' and you have to make sure that this is key relates to a linked application\n[5afc6847-b03f-43f7-8fcf-97dccb99de27/build]   |         at info.movito.themoviedbapi.AbstractTmdbApiTest.setUpClass(AbstractTmdbApiTest.java:55)\n[5afc6847-b03f-43f7-8fcf-97dccb99de27/build]   |         at java.base/jdk.internal.reflect.NativeMethodAccessorImpl.invoke0(Native Method)\n[5afc6847-b03f-43f7-8fcf-97dccb99de27/build]   |         at java.base/jdk.internal.reflect.NativeMethodAccessorImpl.invoke(NativeMethodAccessorImpl.java:62)\n[5afc6847-b03f-43f7-8fcf-97dccb99de27/build]   |         at java.base/jdk.internal.reflect.DelegatingMethodAccessorImpl.invoke(DelegatingMethodAccessorImpl.java:43)\n[5afc6847-b03f-43f7-8fcf-97dccb99de27/build]   |         at java.base/java.lang.reflect.Method.invoke(Method.java:566)\n[5afc6847-b03f-43f7-8fcf-97dccb99de27/build]   |         at org.junit.runners.model.FrameworkMethod$1.runReflectiveCall(FrameworkMethod.java:59)\n[5afc6847-b03f-43f7-8fcf-97dccb99de27/build]   |         at org.junit.internal.runners.model.ReflectiveCallable.run(ReflectiveCallable.java:12)\n[5afc6847-b03f-43f7-8fcf-97dccb99de27/build]   |         at org.junit.runners.model.FrameworkMethod.invokeExplosively(FrameworkMethod.java:56)\n[5afc6847-b03f-43f7-8fcf-97dccb99de27/build]   |         at org.junit.internal.runners.statements.RunBefores.invokeMethod(RunBefores.java:33)\n[5afc6847-b03f-43f7-8fcf-97dccb99de27/build]   |         at org.junit.internal.runners.statements.RunBefores.evaluate(RunBefores.java:24)\n[5afc6847-b03f-43f7-8fcf-97dccb99de27/build]   |         at org.junit.internal.runners.statements.RunAfters.evaluate(RunAfters.java:27)\n[5afc6847-b03f-43f7-8fcf-97dccb99de27/build]   |         at org.junit.runners.ParentRunner$3.evaluate(ParentRunner.java:306)\n[5afc6847-b03f-43f7-8fcf-97dccb99de27/build]   |         at org.junit.runners.ParentRunner.run(ParentRunner.java:413)\n[5afc6847-b03f-43f7-8fcf-97dccb99de27/build]   |         at org.gradle.api.internal.tasks.testing.junit.JUnitTestClassExecutor.runTestClass(JUnitTestClassExecutor.java:108)\n[5afc6847-b03f-43f7-8fcf-97dccb99de27/build]   |         at org.gradle.api.internal.tasks.testing.junit.JUnitTestClassExecutor.execute(JUnitTestClassExecutor.java:58)\n[5afc6847-b03f-43f7-8fcf-97dccb99de27/build]   |         at org.gradle.api.internal.tasks.testing.junit.JUnitTestClassExecutor.execute(JUnitTestClassExecutor.java:40)\n[5afc6847-b03f-43f7-8fcf-97dccb99de27/build]   |         at org.gradle.api.internal.tasks.testing.junit.AbstractJUnitTestClassProcessor.processTestClass(AbstractJUnitTestClassProcessor.java:60)\n[5afc6847-b03f-43f7-8fcf-97dccb99de27/build]   |         at org.gradle.api.internal.tasks.testing.SuiteTestClassProcessor.processTestClass(SuiteTestClassProcessor.java:52)\n[5afc6847-b03f-43f7-8fcf-97dccb99de27/build]   |         at java.base/jdk.internal.reflect.NativeMethodAccessorImpl.invoke0(Native Method)\n[5afc6847-b03f-43f7-8fcf-97dccb99de27/build]   |         at java.base/jdk.internal.reflect.NativeMethodAccessorImpl.invoke(NativeMethodAccessorImpl.java:62)\n[5afc6847-b03f-43f7-8fcf-97dccb99de27/build]   |         at java.base/jdk.internal.reflect.DelegatingMethodAccessorImpl.invoke(DelegatingMethodAccessorImpl.java:43)\n[5afc6847-b03f-43f7-8fcf-97dccb99de27/build]   |         at java.base/java.lang.reflect.Method.invoke(Method.java:566)\n[5afc6847-b03f-43f7-8fcf-97dccb99de27/build]   |         at org.gradle.internal.dispatch.ReflectionDispatch.dispatch(ReflectionDispatch.java:36)\n[5afc6847-b03f-43f7-8fcf-97dccb99de27/build]   |         at org.gradle.internal.dispatch.ReflectionDispatch.dispatch(ReflectionDispatch.java:24)\n[5afc6847-b03f-43f7-8fcf-97dccb99de27/build]   |         at org.gradle.internal.dispatch.ContextClassLoaderDispatch.dispatch(ContextClassLoaderDispatch.java:33)\n[5afc6847-b03f-43f7-8fcf-97dccb99de27/build]   |         at org.gradle.internal.dispatch.ProxyDispatchAdapter$DispatchingInvocationHandler.invoke(ProxyDispatchAdapter.java:94)\n[5afc6847-b03f-43f7-8fcf-97dccb99de27/build]   |         at com.sun.proxy.$Proxy2.processTestClass(Unknown Source)\n[5afc6847-b03f-43f7-8fcf-97dccb99de27/build]   |         at org.gradle.api.internal.tasks.testing.worker.TestWorker$2.run(TestWorker.java:176)\n[5afc6847-b03f-43f7-8fcf-97dccb99de27/build]   |         at org.gradle.api.internal.tasks.testing.worker.TestWorker.executeAndMaintainThreadName(TestWorker.java:129)\n[5afc6847-b03f-43f7-8fcf-97dccb99de27/build]   |         at org.gradle.api.internal.tasks.testing.worker.TestWorker.execute(TestWorker.java:100)\n[5afc6847-b03f-43f7-8fcf-97dccb99de27/build]   |         at org.gradle.api.internal.tasks.testing.worker.TestWorker.execute(TestWorker.java:60)\n[5afc6847-b03f-43f7-8fcf-97dccb99de27/build]   |         at org.gradle.process.internal.worker.child.ActionExecutionWorker.execute(ActionExecutionWorker.java:56)\n[5afc6847-b03f-43f7-8fcf-97dccb99de27/build]   |         at org.gradle.process.internal.worker.child.SystemApplicationClassLoaderWorker.call(SystemApplicationClassLoaderWorker.java:113)\n[5afc6847-b03f-43f7-8fcf-97dccb99de27/build]   |         at org.gradle.process.internal.worker.child.SystemApplicationClassLoaderWorker.call(SystemApplicationClassLoaderWorker.java:65)\n[5afc6847-b03f-43f7-8fcf-97dccb99de27/build]   |         at worker.org.gradle.process.internal.worker.GradleWorkerMain.run(GradleWorkerMain.java:69)\n[5afc6847-b03f-43f7-8fcf-97dccb99de27/build]   |         at worker.org.gradle.process.internal.worker.GradleWorkerMain.main(GradleWorkerMain.java:74)\n[5afc6847-b03f-43f7-8fcf-97dccb99de27/build]   | \n[5afc6847-b03f-43f7-8fcf-97dccb99de27/build]   | info.movito.themoviedbapi.ListsApiTest > classMethod FAILED\n[5afc6847-b03f-43f7-8fcf-97dccb99de27/build]   |     java.lang.RuntimeException: Missing api key: To run test you need to provide the key as environment variable named 'apikey' and you have to make sure that this is key relates to a linked application\n[5afc6847-b03f-43f7-8fcf-97dccb99de27/build]   |         at info.movito.themoviedbapi.AbstractTmdbApiTest.setUpClass(AbstractTmdbApiTest.java:55)\n[5afc6847-b03f-43f7-8fcf-97dccb99de27/build]   |         at java.base/jdk.internal.reflect.NativeMethodAccessorImpl.invoke0(Native Method)\n[5afc6847-b03f-43f7-8fcf-97dccb99de27/build]   |         at java.base/jdk.internal.reflect.NativeMethodAccessorImpl.invoke(NativeMethodAccessorImpl.java:62)\n[5afc6847-b03f-43f7-8fcf-97dccb99de27/build]   |         at java.base/jdk.internal.reflect.DelegatingMethodAccessorImpl.invoke(DelegatingMethodAccessorImpl.java:43)\n[5afc6847-b03f-43f7-8fcf-97dccb99de27/build]   |         at java.base/java.lang.reflect.Method.invoke(Method.java:566)\n[5afc6847-b03f-43f7-8fcf-97dccb99de27/build]   |         at org.junit.runners.model.FrameworkMethod$1.runReflectiveCall(FrameworkMethod.java:59)\n[5afc6847-b03f-43f7-8fcf-97dccb99de27/build]   |         at org.junit.internal.runners.model.ReflectiveCallable.run(ReflectiveCallable.java:12)\n[5afc6847-b03f-43f7-8fcf-97dccb99de27/build]   |         at org.junit.runners.model.FrameworkMethod.invokeExplosively(FrameworkMethod.java:56)\n[5afc6847-b03f-43f7-8fcf-97dccb99de27/build]   |         at org.junit.internal.runners.statements.RunBefores.invokeMethod(RunBefores.java:33)\n[5afc6847-b03f-43f7-8fcf-97dccb99de27/build]   |         at org.junit.internal.runners.statements.RunBefores.evaluate(RunBefores.java:24)\n[5afc6847-b03f-43f7-8fcf-97dccb99de27/build]   |         at org.junit.internal.runners.statements.RunAfters.evaluate(RunAfters.java:27)\n[5afc6847-b03f-43f7-8fcf-97dccb99de27/build]   |         at org.junit.runners.ParentRunner$3.evaluate(ParentRunner.java:306)\n[5afc6847-b03f-43f7-8fcf-97dccb99de27/build]   |         at org.junit.runners.ParentRunner.run(ParentRunner.java:413)\n[5afc6847-b03f-43f7-8fcf-97dccb99de27/build]   |         at org.gradle.api.internal.tasks.testing.junit.JUnitTestClassExecutor.runTestClass(JUnitTestClassExecutor.java:108)\n[5afc6847-b03f-43f7-8fcf-97dccb99de27/build]   |         at org.gradle.api.internal.tasks.testing.junit.JUnitTestClassExecutor.execute(JUnitTestClassExecutor.java:58)\n[5afc6847-b03f-43f7-8fcf-97dccb99de27/build]   |         at org.gradle.api.internal.tasks.testing.junit.JUnitTestClassExecutor.execute(JUnitTestClassExecutor.java:40)\n[5afc6847-b03f-43f7-8fcf-97dccb99de27/build]   |         at org.gradle.api.internal.tasks.testing.junit.AbstractJUnitTestClassProcessor.processTestClass(AbstractJUnitTestClassProcessor.java:60)\n[5afc6847-b03f-43f7-8fcf-97dccb99de27/build]   |         at org.gradle.api.internal.tasks.testing.SuiteTestClassProcessor.processTestClass(SuiteTestClassProcessor.java:52)\n[5afc6847-b03f-43f7-8fcf-97dccb99de27/build]   |         at java.base/jdk.internal.reflect.NativeMethodAccessorImpl.invoke0(Native Method)\n[5afc6847-b03f-43f7-8fcf-97dccb99de27/build]   |         at java.base/jdk.internal.reflect.NativeMethodAccessorImpl.invoke(NativeMethodAccessorImpl.java:62)\n[5afc6847-b03f-43f7-8fcf-97dccb99de27/build]   |         at java.base/jdk.internal.reflect.DelegatingMethodAccessorImpl.invoke(DelegatingMethodAccessorImpl.java:43)\n[5afc6847-b03f-43f7-8fcf-97dccb99de27/build]   |         at java.base/java.lang.reflect.Method.invoke(Method.java:566)\n[5afc6847-b03f-43f7-8fcf-97dccb99de27/build]   |         at org.gradle.internal.dispatch.ReflectionDispatch.dispatch(ReflectionDispatch.java:36)\n[5afc6847-b03f-43f7-8fcf-97dccb99de27/build]   |         at org.gradle.internal.dispatch.ReflectionDispatch.dispatch(ReflectionDispatch.java:24)\n[5afc6847-b03f-43f7-8fcf-97dccb99de27/build]   |         at org.gradle.internal.dispatch.ContextClassLoaderDispatch.dispatch(ContextClassLoaderDispatch.java:33)\n[5afc6847-b03f-43f7-8fcf-97dccb99de27/build]   |         at org.gradle.internal.dispatch.ProxyDispatchAdapter$DispatchingInvocationHandler.invoke(ProxyDispatchAdapter.java:94)\n[5afc6847-b03f-43f7-8fcf-97dccb99de27/build]   |         at com.sun.proxy.$Proxy2.processTestClass(Unknown Source)\n[5afc6847-b03f-43f7-8fcf-97dccb99de27/build]   |         at org.gradle.api.internal.tasks.testing.worker.TestWorker$2.run(TestWorker.java:176)\n[5afc6847-b03f-43f7-8fcf-97dccb99de27/build]   |         at org.gradle.api.internal.tasks.testing.worker.TestWorker.executeAndMaintainThreadName(TestWorker.java:129)\n[5afc6847-b03f-43f7-8fcf-97dccb99de27/build]   |         at org.gradle.api.internal.tasks.testing.worker.TestWorker.execute(TestWorker.java:100)\n[5afc6847-b03f-43f7-8fcf-97dccb99de27/build]   |         at org.gradle.api.internal.tasks.testing.worker.TestWorker.execute(TestWorker.java:60)\n[5afc6847-b03f-43f7-8fcf-97dccb99de27/build]   |         at org.gradle.process.internal.worker.child.ActionExecutionWorker.execute(ActionExecutionWorker.java:56)\n[5afc6847-b03f-43f7-8fcf-97dccb99de27/build]   |         at org.gradle.process.internal.worker.child.SystemApplicationClassLoaderWorker.call(SystemApplicationClassLoaderWorker.java:113)\n[5afc6847-b03f-43f7-8fcf-97dccb99de27/build]   |         at org.gradle.process.internal.worker.child.SystemApplicationClassLoaderWorker.call(SystemApplicationClassLoaderWorker.java:65)\n[5afc6847-b03f-43f7-8fcf-97dccb99de27/build]   |         at worker.org.gradle.process.internal.worker.GradleWorkerMain.run(GradleWorkerMain.java:69)\n[5afc6847-b03f-43f7-8fcf-97dccb99de27/build]   |         at worker.org.gradle.process.internal.worker.GradleWorkerMain.main(GradleWorkerMain.java:74)\n[5afc6847-b03f-43f7-8fcf-97dccb99de27/build]   | \n[5afc6847-b03f-43f7-8fcf-97dccb99de27/build]   | info.movito.themoviedbapi.LoginApiTest > classMethod FAILED\n[5afc6847-b03f-43f7-8fcf-97dccb99de27/build]   |     java.lang.RuntimeException: Missing api key: To run test you need to provide the key as environment variable named 'apikey' and you have to make sure that this is key relates to a linked application\n[5afc6847-b03f-43f7-8fcf-97dccb99de27/build]   |         at info.movito.themoviedbapi.AbstractTmdbApiTest.setUpClass(AbstractTmdbApiTest.java:55)\n[5afc6847-b03f-43f7-8fcf-97dccb99de27/build]   |         at java.base/jdk.internal.reflect.NativeMethodAccessorImpl.invoke0(Native Method)\n[5afc6847-b03f-43f7-8fcf-97dccb99de27/build]   |         at java.base/jdk.internal.reflect.NativeMethodAccessorImpl.invoke(NativeMethodAccessorImpl.java:62)\n[5afc6847-b03f-43f7-8fcf-97dccb99de27/build]   |         at java.base/jdk.internal.reflect.DelegatingMethodAccessorImpl.invoke(DelegatingMethodAccessorImpl.java:43)\n[5afc6847-b03f-43f7-8fcf-97dccb99de27/build]   |         at java.base/java.lang.reflect.Method.invoke(Method.java:566)\n[5afc6847-b03f-43f7-8fcf-97dccb99de27/build]   |         at org.junit.runners.model.FrameworkMethod$1.runReflectiveCall(FrameworkMethod.java:59)\n[5afc6847-b03f-43f7-8fcf-97dccb99de27/build]   |         at org.junit.internal.runners.model.ReflectiveCallable.run(ReflectiveCallable.java:12)\n[5afc6847-b03f-43f7-8fcf-97dccb99de27/build]   |         at org.junit.runners.model.FrameworkMethod.invokeExplosively(FrameworkMethod.java:56)\n[5afc6847-b03f-43f7-8fcf-97dccb99de27/build]   |         at org.junit.internal.runners.statements.RunBefores.invokeMethod(RunBefores.java:33)\n[5afc6847-b03f-43f7-8fcf-97dccb99de27/build]   |         at org.junit.internal.runners.statements.RunBefores.evaluate(RunBefores.java:24)\n[5afc6847-b03f-43f7-8fcf-97dccb99de27/build]   |         at org.junit.internal.runners.statements.RunAfters.evaluate(RunAfters.java:27)\n[5afc6847-b03f-43f7-8fcf-97dccb99de27/build]   |         at org.junit.runners.ParentRunner$3.evaluate(ParentRunner.java:306)\n[5afc6847-b03f-43f7-8fcf-97dccb99de27/build]   |         at org.junit.runners.ParentRunner.run(ParentRunner.java:413)\n[5afc6847-b03f-43f7-8fcf-97dccb99de27/build]   |         at org.gradle.api.internal.tasks.testing.junit.JUnitTestClassExecutor.runTestClass(JUnitTestClassExecutor.java:108)\n[5afc6847-b03f-43f7-8fcf-97dccb99de27/build]   |         at org.gradle.api.internal.tasks.testing.junit.JUnitTestClassExecutor.execute(JUnitTestClassExecutor.java:58)\n[5afc6847-b03f-43f7-8fcf-97dccb99de27/build]   |         at org.gradle.api.internal.tasks.testing.junit.JUnitTestClassExecutor.execute(JUnitTestClassExecutor.java:40)\n[5afc6847-b03f-43f7-8fcf-97dccb99de27/build]   |         at org.gradle.api.internal.tasks.testing.junit.AbstractJUnitTestClassProcessor.processTestClass(AbstractJUnitTestClassProcessor.java:60)\n[5afc6847-b03f-43f7-8fcf-97dccb99de27/build]   |         at org.gradle.api.internal.tasks.testing.SuiteTestClassProcessor.processTestClass(SuiteTestClassProcessor.java:52)\n[5afc6847-b03f-43f7-8fcf-97dccb99de27/build]   |         at java.base/jdk.internal.reflect.NativeMethodAccessorImpl.invoke0(Native Method)\n[5afc6847-b03f-43f7-8fcf-97dccb99de27/build]   |         at java.base/jdk.internal.reflect.NativeMethodAccessorImpl.invoke(NativeMethodAccessorImpl.java:62)\n[5afc6847-b03f-43f7-8fcf-97dccb99de27/build]   |         at java.base/jdk.internal.reflect.DelegatingMethodAccessorImpl.invoke(DelegatingMethodAccessorImpl.java:43)\n[5afc6847-b03f-43f7-8fcf-97dccb99de27/build]   |         at java.base/java.lang.reflect.Method.invoke(Method.java:566)\n[5afc6847-b03f-43f7-8fcf-97dccb99de27/build]   |         at org.gradle.internal.dispatch.ReflectionDispatch.dispatch(ReflectionDispatch.java:36)\n[5afc6847-b03f-43f7-8fcf-97dccb99de27/build]   |         at org.gradle.internal.dispatch.ReflectionDispatch.dispatch(ReflectionDispatch.java:24)\n[5afc6847-b03f-43f7-8fcf-97dccb99de27/build]   |         at org.gradle.internal.dispatch.ContextClassLoaderDispatch.dispatch(ContextClassLoaderDispatch.java:33)\n[5afc6847-b03f-43f7-8fcf-97dccb99de27/build]   |         at org.gradle.internal.dispatch.ProxyDispatchAdapter$DispatchingInvocationHandler.invoke(ProxyDispatchAdapter.java:94)\n[5afc6847-b03f-43f7-8fcf-97dccb99de27/build]   |         at com.sun.proxy.$Proxy2.processTestClass(Unknown Source)\n[5afc6847-b03f-43f7-8fcf-97dccb99de27/build]   |         at org.gradle.api.internal.tasks.testing.worker.TestWorker$2.run(TestWorker.java:176)\n[5afc6847-b03f-43f7-8fcf-97dccb99de27/build]   |         at org.gradle.api.internal.tasks.testing.worker.TestWorker.executeAndMaintainThreadName(TestWorker.java:129)\n[5afc6847-b03f-43f7-8fcf-97dccb99de27/build]   |         at org.gradle.api.internal.tasks.testing.worker.TestWorker.execute(TestWorker.java:100)\n[5afc6847-b03f-43f7-8fcf-97dccb99de27/build]   |         at org.gradle.api.internal.tasks.testing.worker.TestWorker.execute(TestWorker.java:60)\n[5afc6847-b03f-43f7-8fcf-97dccb99de27/build]   |         at org.gradle.process.internal.worker.child.ActionExecutionWorker.execute(ActionExecutionWorker.java:56)\n[5afc6847-b03f-43f7-8fcf-97dccb99de27/build]   |         at org.gradle.process.internal.worker.child.SystemApplicationClassLoaderWorker.call(SystemApplicationClassLoaderWorker.java:113)\n[5afc6847-b03f-43f7-8fcf-97dccb99de27/build]   |         at org.gradle.process.internal.worker.child.SystemApplicationClassLoaderWorker.call(SystemApplicationClassLoaderWorker.java:65)\n[5afc6847-b03f-43f7-8fcf-97dccb99de27/build]   |         at worker.org.gradle.process.internal.worker.GradleWorkerMain.run(GradleWorkerMain.java:69)\n[5afc6847-b03f-43f7-8fcf-97dccb99de27/build]   |         at worker.org.gradle.process.internal.worker.GradleWorkerMain.main(GradleWorkerMain.java:74)\n[5afc6847-b03f-43f7-8fcf-97dccb99de27/build]   | \n[5afc6847-b03f-43f7-8fcf-97dccb99de27/build]   | info.movito.themoviedbapi.MiscApiTest > classMethod FAILED\n[5afc6847-b03f-43f7-8fcf-97dccb99de27/build]   |     java.lang.RuntimeException: Missing api key: To run test you need to provide the key as environment variable named 'apikey' and you have to make sure that this is key relates to a linked application\n[5afc6847-b03f-43f7-8fcf-97dccb99de27/build]   |         at info.movito.themoviedbapi.AbstractTmdbApiTest.setUpClass(AbstractTmdbApiTest.java:55)\n[5afc6847-b03f-43f7-8fcf-97dccb99de27/build]   |         at java.base/jdk.internal.reflect.NativeMethodAccessorImpl.invoke0(Native Method)\n[5afc6847-b03f-43f7-8fcf-97dccb99de27/build]   |         at java.base/jdk.internal.reflect.NativeMethodAccessorImpl.invoke(NativeMethodAccessorImpl.java:62)\n[5afc6847-b03f-43f7-8fcf-97dccb99de27/build]   |         at java.base/jdk.internal.reflect.DelegatingMethodAccessorImpl.invoke(DelegatingMethodAccessorImpl.java:43)\n[5afc6847-b03f-43f7-8fcf-97dccb99de27/build]   |         at java.base/java.lang.reflect.Method.invoke(Method.java:566)\n[5afc6847-b03f-43f7-8fcf-97dccb99de27/build]   |         at org.junit.runners.model.FrameworkMethod$1.runReflectiveCall(FrameworkMethod.java:59)\n[5afc6847-b03f-43f7-8fcf-97dccb99de27/build]   |         at org.junit.internal.runners.model.ReflectiveCallable.run(ReflectiveCallable.java:12)\n[5afc6847-b03f-43f7-8fcf-97dccb99de27/build]   |         at org.junit.runners.model.FrameworkMethod.invokeExplosively(FrameworkMethod.java:56)\n[5afc6847-b03f-43f7-8fcf-97dccb99de27/build]   |         at org.junit.internal.runners.statements.RunBefores.invokeMethod(RunBefores.java:33)\n[5afc6847-b03f-43f7-8fcf-97dccb99de27/build]   |         at org.junit.internal.runners.statements.RunBefores.evaluate(RunBefores.java:24)\n[5afc6847-b03f-43f7-8fcf-97dccb99de27/build]   |         at org.junit.internal.runners.statements.RunAfters.evaluate(RunAfters.java:27)\n[5afc6847-b03f-43f7-8fcf-97dccb99de27/build]   |         at org.junit.runners.ParentRunner$3.evaluate(ParentRunner.java:306)\n[5afc6847-b03f-43f7-8fcf-97dccb99de27/build]   |         at org.junit.runners.ParentRunner.run(ParentRunner.java:413)\n[5afc6847-b03f-43f7-8fcf-97dccb99de27/build]   |         at org.gradle.api.internal.tasks.testing.junit.JUnitTestClassExecutor.runTestClass(JUnitTestClassExecutor.java:108)\n[5afc6847-b03f-43f7-8fcf-97dccb99de27/build]   |         at org.gradle.api.internal.tasks.testing.junit.JUnitTestClassExecutor.execute(JUnitTestClassExecutor.java:58)\n[5afc6847-b03f-43f7-8fcf-97dccb99de27/build]   |         at org.gradle.api.internal.tasks.testing.junit.JUnitTestClassExecutor.execute(JUnitTestClassExecutor.java:40)\n[5afc6847-b03f-43f7-8fcf-97dccb99de27/build]   |         at org.gradle.api.internal.tasks.testing.junit.AbstractJUnitTestClassProcessor.processTestClass(AbstractJUnitTestClassProcessor.java:60)\n[5afc6847-b03f-43f7-8fcf-97dccb99de27/build]   |         at org.gradle.api.internal.tasks.testing.SuiteTestClassProcessor.processTestClass(SuiteTestClassProcessor.java:52)\n[5afc6847-b03f-43f7-8fcf-97dccb99de27/build]   |         at java.base/jdk.internal.reflect.NativeMethodAccessorImpl.invoke0(Native Method)\n[5afc6847-b03f-43f7-8fcf-97dccb99de27/build]   |         at java.base/jdk.internal.reflect.NativeMethodAccessorImpl.invoke(NativeMethodAccessorImpl.java:62)\n[5afc6847-b03f-43f7-8fcf-97dccb99de27/build]   |         at java.base/jdk.internal.reflect.DelegatingMethodAccessorImpl.invoke(DelegatingMethodAccessorImpl.java:43)\n[5afc6847-b03f-43f7-8fcf-97dccb99de27/build]   |         at java.base/java.lang.reflect.Method.invoke(Method.java:566)\n[5afc6847-b03f-43f7-8fcf-97dccb99de27/build]   |         at org.gradle.internal.dispatch.ReflectionDispatch.dispatch(ReflectionDispatch.java:36)\n[5afc6847-b03f-43f7-8fcf-97dccb99de27/build]   |         at org.gradle.internal.dispatch.ReflectionDispatch.dispatch(ReflectionDispatch.java:24)\n[5afc6847-b03f-43f7-8fcf-97dccb99de27/build]   |         at org.gradle.internal.dispatch.ContextClassLoaderDispatch.dispatch(ContextClassLoaderDispatch.java:33)\n[5afc6847-b03f-43f7-8fcf-97dccb99de27/build]   |         at org.gradle.internal.dispatch.ProxyDispatchAdapter$DispatchingInvocationHandler.invoke(ProxyDispatchAdapter.java:94)\n[5afc6847-b03f-43f7-8fcf-97dccb99de27/build]   |         at com.sun.proxy.$Proxy2.processTestClass(Unknown Source)\n[5afc6847-b03f-43f7-8fcf-97dccb99de27/build]   |         at org.gradle.api.internal.tasks.testing.worker.TestWorker$2.run(TestWorker.java:176)\n[5afc6847-b03f-43f7-8fcf-97dccb99de27/build]   |         at org.gradle.api.internal.tasks.testing.worker.TestWorker.executeAndMaintainThreadName(TestWorker.java:129)\n[5afc6847-b03f-43f7-8fcf-97dccb99de27/build]   |         at org.gradle.api.internal.tasks.testing.worker.TestWorker.execute(TestWorker.java:100)\n[5afc6847-b03f-43f7-8fcf-97dccb99de27/build]   |         at org.gradle.api.internal.tasks.testing.worker.TestWorker.execute(TestWorker.java:60)\n[5afc6847-b03f-43f7-8fcf-97dccb99de27/build]   |         at org.gradle.process.internal.worker.child.ActionExecutionWorker.execute(ActionExecutionWorker.java:56)\n[5afc6847-b03f-43f7-8fcf-97dccb99de27/build]   |         at org.gradle.process.internal.worker.child.SystemApplicationClassLoaderWorker.call(SystemApplicationClassLoaderWorker.java:113)\n[5afc6847-b03f-43f7-8fcf-97dccb99de27/build]   |         at org.gradle.process.internal.worker.child.SystemApplicationClassLoaderWorker.call(SystemApplicationClassLoaderWorker.java:65)\n[5afc6847-b03f-43f7-8fcf-97dccb99de27/build]   |         at worker.org.gradle.process.internal.worker.GradleWorkerMain.run(GradleWorkerMain.java:69)\n[5afc6847-b03f-43f7-8fcf-97dccb99de27/build]   |         at worker.org.gradle.process.internal.worker.GradleWorkerMain.main(GradleWorkerMain.java:74)\n[5afc6847-b03f-43f7-8fcf-97dccb99de27/build]   | \n[5afc6847-b03f-43f7-8fcf-97dccb99de27/build]   | info.movito.themoviedbapi.MoviesApiTest > classMethod FAILED\n[5afc6847-b03f-43f7-8fcf-97dccb99de27/build]   |     java.lang.RuntimeException: Missing api key: To run test you need to provide the key as environment variable named 'apikey' and you have to make sure that this is key relates to a linked application\n[5afc6847-b03f-43f7-8fcf-97dccb99de27/build]   |         at info.movito.themoviedbapi.AbstractTmdbApiTest.setUpClass(AbstractTmdbApiTest.java:55)\n[5afc6847-b03f-43f7-8fcf-97dccb99de27/build]   |         at java.base/jdk.internal.reflect.NativeMethodAccessorImpl.invoke0(Native Method)\n[5afc6847-b03f-43f7-8fcf-97dccb99de27/build]   |         at java.base/jdk.internal.reflect.NativeMethodAccessorImpl.invoke(NativeMethodAccessorImpl.java:62)\n[5afc6847-b03f-43f7-8fcf-97dccb99de27/build]   |         at java.base/jdk.internal.reflect.DelegatingMethodAccessorImpl.invoke(DelegatingMethodAccessorImpl.java:43)\n[5afc6847-b03f-43f7-8fcf-97dccb99de27/build]   |         at java.base/java.lang.reflect.Method.invoke(Method.java:566)\n[5afc6847-b03f-43f7-8fcf-97dccb99de27/build]   |         at org.junit.runners.model.FrameworkMethod$1.runReflectiveCall(FrameworkMethod.java:59)\n[5afc6847-b03f-43f7-8fcf-97dccb99de27/build]   |         at org.junit.internal.runners.model.ReflectiveCallable.run(ReflectiveCallable.java:12)\n[5afc6847-b03f-43f7-8fcf-97dccb99de27/build]   |         at org.junit.runners.model.FrameworkMethod.invokeExplosively(FrameworkMethod.java:56)\n[5afc6847-b03f-43f7-8fcf-97dccb99de27/build]   |         at org.junit.internal.runners.statements.RunBefores.invokeMethod(RunBefores.java:33)\n[5afc6847-b03f-43f7-8fcf-97dccb99de27/build]   |         at org.junit.internal.runners.statements.RunBefores.evaluate(RunBefores.java:24)\n[5afc6847-b03f-43f7-8fcf-97dccb99de27/build]   |         at org.junit.internal.runners.statements.RunAfters.evaluate(RunAfters.java:27)\n[5afc6847-b03f-43f7-8fcf-97dccb99de27/build]   |         at org.junit.runners.ParentRunner$3.evaluate(ParentRunner.java:306)\n[5afc6847-b03f-43f7-8fcf-97dccb99de27/build]   |         at org.junit.runners.ParentRunner.run(ParentRunner.java:413)\n[5afc6847-b03f-43f7-8fcf-97dccb99de27/build]   |         at org.gradle.api.internal.tasks.testing.junit.JUnitTestClassExecutor.runTestClass(JUnitTestClassExecutor.java:108)\n[5afc6847-b03f-43f7-8fcf-97dccb99de27/build]   |         at org.gradle.api.internal.tasks.testing.junit.JUnitTestClassExecutor.execute(JUnitTestClassExecutor.java:58)\n[5afc6847-b03f-43f7-8fcf-97dccb99de27/build]   |         at org.gradle.api.internal.tasks.testing.junit.JUnitTestClassExecutor.execute(JUnitTestClassExecutor.java:40)\n[5afc6847-b03f-43f7-8fcf-97dccb99de27/build]   |         at org.gradle.api.internal.tasks.testing.junit.AbstractJUnitTestClassProcessor.processTestClass(AbstractJUnitTestClassProcessor.java:60)\n[5afc6847-b03f-43f7-8fcf-97dccb99de27/build]   |         at org.gradle.api.internal.tasks.testing.SuiteTestClassProcessor.processTestClass(SuiteTestClassProcessor.java:52)\n[5afc6847-b03f-43f7-8fcf-97dccb99de27/build]   |         at java.base/jdk.internal.reflect.NativeMethodAccessorImpl.invoke0(Native Method)\n[5afc6847-b03f-43f7-8fcf-97dccb99de27/build]   |         at java.base/jdk.internal.reflect.NativeMethodAccessorImpl.invoke(NativeMethodAccessorImpl.java:62)\n[5afc6847-b03f-43f7-8fcf-97dccb99de27/build]   |         at java.base/jdk.internal.reflect.DelegatingMethodAccessorImpl.invoke(DelegatingMethodAccessorImpl.java:43)\n[5afc6847-b03f-43f7-8fcf-97dccb99de27/build]   |         at java.base/java.lang.reflect.Method.invoke(Method.java:566)\n[5afc6847-b03f-43f7-8fcf-97dccb99de27/build]   |         at org.gradle.internal.dispatch.ReflectionDispatch.dispatch(ReflectionDispatch.java:36)\n[5afc6847-b03f-43f7-8fcf-97dccb99de27/build]   |         at org.gradle.internal.dispatch.ReflectionDispatch.dispatch(ReflectionDispatch.java:24)\n[5afc6847-b03f-43f7-8fcf-97dccb99de27/build]   |         at org.gradle.internal.dispatch.ContextClassLoaderDispatch.dispatch(ContextClassLoaderDispatch.java:33)\n[5afc6847-b03f-43f7-8fcf-97dccb99de27/build]   |         at org.gradle.internal.dispatch.ProxyDispatchAdapter$DispatchingInvocationHandler.invoke(ProxyDispatchAdapter.java:94)\n[5afc6847-b03f-43f7-8fcf-97dccb99de27/build]   |         at com.sun.proxy.$Proxy2.processTestClass(Unknown Source)\n[5afc6847-b03f-43f7-8fcf-97dccb99de27/build]   |         at org.gradle.api.internal.tasks.testing.worker.TestWorker$2.run(TestWorker.java:176)\n[5afc6847-b03f-43f7-8fcf-97dccb99de27/build]   |         at org.gradle.api.internal.tasks.testing.worker.TestWorker.executeAndMaintainThreadName(TestWorker.java:129)\n[5afc6847-b03f-43f7-8fcf-97dccb99de27/build]   |         at org.gradle.api.internal.tasks.testing.worker.TestWorker.execute(TestWorker.java:100)\n[5afc6847-b03f-43f7-8fcf-97dccb99de27/build]   |         at org.gradle.api.internal.tasks.testing.worker.TestWorker.execute(TestWorker.java:60)\n[5afc6847-b03f-43f7-8fcf-97dccb99de27/build]   |         at org.gradle.process.internal.worker.child.ActionExecutionWorker.execute(ActionExecutionWorker.java:56)\n[5afc6847-b03f-43f7-8fcf-97dccb99de27/build]   |         at org.gradle.process.internal.worker.child.SystemApplicationClassLoaderWorker.call(SystemApplicationClassLoaderWorker.java:113)\n[5afc6847-b03f-43f7-8fcf-97dccb99de27/build]   |         at org.gradle.process.internal.worker.child.SystemApplicationClassLoaderWorker.call(SystemApplicationClassLoaderWorker.java:65)\n[5afc6847-b03f-43f7-8fcf-97dccb99de27/build]   |         at worker.org.gradle.process.internal.worker.GradleWorkerMain.run(GradleWorkerMain.java:69)\n[5afc6847-b03f-43f7-8fcf-97dccb99de27/build]   |         at worker.org.gradle.process.internal.worker.GradleWorkerMain.main(GradleWorkerMain.java:74)\n[5afc6847-b03f-43f7-8fcf-97dccb99de27/build]   | \n[5afc6847-b03f-43f7-8fcf-97dccb99de27/build]   | info.movito.themoviedbapi.PeopleApiTest > classMethod FAILED\n[5afc6847-b03f-43f7-8fcf-97dccb99de27/build]   |     java.lang.RuntimeException: Missing api key: To run test you need to provide the key as environment variable named 'apikey' and you have to make sure that this is key relates to a linked application\n[5afc6847-b03f-43f7-8fcf-97dccb99de27/build]   |         at info.movito.themoviedbapi.AbstractTmdbApiTest.setUpClass(AbstractTmdbApiTest.java:55)\n[5afc6847-b03f-43f7-8fcf-97dccb99de27/build]   |         at java.base/jdk.internal.reflect.NativeMethodAccessorImpl.invoke0(Native Method)\n[5afc6847-b03f-43f7-8fcf-97dccb99de27/build]   |         at java.base/jdk.internal.reflect.NativeMethodAccessorImpl.invoke(NativeMethodAccessorImpl.java:62)\n[5afc6847-b03f-43f7-8fcf-97dccb99de27/build]   |         at java.base/jdk.internal.reflect.DelegatingMethodAccessorImpl.invoke(DelegatingMethodAccessorImpl.java:43)\n[5afc6847-b03f-43f7-8fcf-97dccb99de27/build]   |         at java.base/java.lang.reflect.Method.invoke(Method.java:566)\n[5afc6847-b03f-43f7-8fcf-97dccb99de27/build]   |         at org.junit.runners.model.FrameworkMethod$1.runReflectiveCall(FrameworkMethod.java:59)\n[5afc6847-b03f-43f7-8fcf-97dccb99de27/build]   |         at org.junit.internal.runners.model.ReflectiveCallable.run(ReflectiveCallable.java:12)\n[5afc6847-b03f-43f7-8fcf-97dccb99de27/build]   |         at org.junit.runners.model.FrameworkMethod.invokeExplosively(FrameworkMethod.java:56)\n[5afc6847-b03f-43f7-8fcf-97dccb99de27/build]   |         at org.junit.internal.runners.statements.RunBefores.invokeMethod(RunBefores.java:33)\n[5afc6847-b03f-43f7-8fcf-97dccb99de27/build]   |         at org.junit.internal.runners.statements.RunBefores.evaluate(RunBefores.java:24)\n[5afc6847-b03f-43f7-8fcf-97dccb99de27/build]   |         at org.junit.internal.runners.statements.RunAfters.evaluate(RunAfters.java:27)\n[5afc6847-b03f-43f7-8fcf-97dccb99de27/build]   |         at org.junit.runners.ParentRunner$3.evaluate(ParentRunner.java:306)\n[5afc6847-b03f-43f7-8fcf-97dccb99de27/build]   |         at org.junit.runners.ParentRunner.run(ParentRunner.java:413)\n[5afc6847-b03f-43f7-8fcf-97dccb99de27/build]   |         at org.gradle.api.internal.tasks.testing.junit.JUnitTestClassExecutor.runTestClass(JUnitTestClassExecutor.java:108)\n[5afc6847-b03f-43f7-8fcf-97dccb99de27/build]   |         at org.gradle.api.internal.tasks.testing.junit.JUnitTestClassExecutor.execute(JUnitTestClassExecutor.java:58)\n[5afc6847-b03f-43f7-8fcf-97dccb99de27/build]   |         at org.gradle.api.internal.tasks.testing.junit.JUnitTestClassExecutor.execute(JUnitTestClassExecutor.java:40)\n[5afc6847-b03f-43f7-8fcf-97dccb99de27/build]   |         at org.gradle.api.internal.tasks.testing.junit.AbstractJUnitTestClassProcessor.processTestClass(AbstractJUnitTestClassProcessor.java:60)\n[5afc6847-b03f-43f7-8fcf-97dccb99de27/build]   |         at org.gradle.api.internal.tasks.testing.SuiteTestClassProcessor.processTestClass(SuiteTestClassProcessor.java:52)\n[5afc6847-b03f-43f7-8fcf-97dccb99de27/build]   |         at java.base/jdk.internal.reflect.NativeMethodAccessorImpl.invoke0(Native Method)\n[5afc6847-b03f-43f7-8fcf-97dccb99de27/build]   |         at java.base/jdk.internal.reflect.NativeMethodAccessorImpl.invoke(NativeMethodAccessorImpl.java:62)\n[5afc6847-b03f-43f7-8fcf-97dccb99de27/build]   |         at java.base/jdk.internal.reflect.DelegatingMethodAccessorImpl.invoke(DelegatingMethodAccessorImpl.java:43)\n[5afc6847-b03f-43f7-8fcf-97dccb99de27/build]   |         at java.base/java.lang.reflect.Method.invoke(Method.java:566)\n[5afc6847-b03f-43f7-8fcf-97dccb99de27/build]   |         at org.gradle.internal.dispatch.ReflectionDispatch.dispatch(ReflectionDispatch.java:36)\n[5afc6847-b03f-43f7-8fcf-97dccb99de27/build]   |         at org.gradle.internal.dispatch.ReflectionDispatch.dispatch(ReflectionDispatch.java:24)\n[5afc6847-b03f-43f7-8fcf-97dccb99de27/build]   |         at org.gradle.internal.dispatch.ContextClassLoaderDispatch.dispatch(ContextClassLoaderDispatch.java:33)\n[5afc6847-b03f-43f7-8fcf-97dccb99de27/build]   |         at org.gradle.internal.dispatch.ProxyDispatchAdapter$DispatchingInvocationHandler.invoke(ProxyDispatchAdapter.java:94)\n[5afc6847-b03f-43f7-8fcf-97dccb99de27/build]   |         at com.sun.proxy.$Proxy2.processTestClass(Unknown Source)\n[5afc6847-b03f-43f7-8fcf-97dccb99de27/build]   |         at org.gradle.api.internal.tasks.testing.worker.TestWorker$2.run(TestWorker.java:176)\n[5afc6847-b03f-43f7-8fcf-97dccb99de27/build]   |         at org.gradle.api.internal.tasks.testing.worker.TestWorker.executeAndMaintainThreadName(TestWorker.java:129)\n[5afc6847-b03f-43f7-8fcf-97dccb99de27/build]   |         at org.gradle.api.internal.tasks.testing.worker.TestWorker.execute(TestWorker.java:100)\n[5afc6847-b03f-43f7-8fcf-97dccb99de27/build]   |         at org.gradle.api.internal.tasks.testing.worker.TestWorker.execute(TestWorker.java:60)\n[5afc6847-b03f-43f7-8fcf-97dccb99de27/build]   |         at org.gradle.process.internal.worker.child.ActionExecutionWorker.execute(ActionExecutionWorker.java:56)\n[5afc6847-b03f-43f7-8fcf-97dccb99de27/build]   |         at org.gradle.process.internal.worker.child.SystemApplicationClassLoaderWorker.call(SystemApplicationClassLoaderWorker.java:113)\n[5afc6847-b03f-43f7-8fcf-97dccb99de27/build]   |         at org.gradle.process.internal.worker.child.SystemApplicationClassLoaderWorker.call(SystemApplicationClassLoaderWorker.java:65)\n[5afc6847-b03f-43f7-8fcf-97dccb99de27/build]   |         at worker.org.gradle.process.internal.worker.GradleWorkerMain.run(GradleWorkerMain.java:69)\n[5afc6847-b03f-43f7-8fcf-97dccb99de27/build]   |         at worker.org.gradle.process.internal.worker.GradleWorkerMain.main(GradleWorkerMain.java:74)\n[5afc6847-b03f-43f7-8fcf-97dccb99de27/build]   | \n[5afc6847-b03f-43f7-8fcf-97dccb99de27/build]   | info.movito.themoviedbapi.SearchApiTest > classMethod FAILED\n[5afc6847-b03f-43f7-8fcf-97dccb99de27/build]   |     java.lang.RuntimeException: Missing api key: To run test you need to provide the key as environment variable named 'apikey' and you have to make sure that this is key relates to a linked application\n[5afc6847-b03f-43f7-8fcf-97dccb99de27/build]   |         at info.movito.themoviedbapi.AbstractTmdbApiTest.setUpClass(AbstractTmdbApiTest.java:55)\n[5afc6847-b03f-43f7-8fcf-97dccb99de27/build]   |         at java.base/jdk.internal.reflect.NativeMethodAccessorImpl.invoke0(Native Method)\n[5afc6847-b03f-43f7-8fcf-97dccb99de27/build]   |         at java.base/jdk.internal.reflect.NativeMethodAccessorImpl.invoke(NativeMethodAccessorImpl.java:62)\n[5afc6847-b03f-43f7-8fcf-97dccb99de27/build]   |         at java.base/jdk.internal.reflect.DelegatingMethodAccessorImpl.invoke(DelegatingMethodAccessorImpl.java:43)\n[5afc6847-b03f-43f7-8fcf-97dccb99de27/build]   |         at java.base/java.lang.reflect.Method.invoke(Method.java:566)\n[5afc6847-b03f-43f7-8fcf-97dccb99de27/build]   |         at org.junit.runners.model.FrameworkMethod$1.runReflectiveCall(FrameworkMethod.java:59)\n[5afc6847-b03f-43f7-8fcf-97dccb99de27/build]   |         at org.junit.internal.runners.model.ReflectiveCallable.run(ReflectiveCallable.java:12)\n[5afc6847-b03f-43f7-8fcf-97dccb99de27/build]   |         at org.junit.runners.model.FrameworkMethod.invokeExplosively(FrameworkMethod.java:56)\n[5afc6847-b03f-43f7-8fcf-97dccb99de27/build]   |         at org.junit.internal.runners.statements.RunBefores.invokeMethod(RunBefores.java:33)\n[5afc6847-b03f-43f7-8fcf-97dccb99de27/build]   |         at org.junit.internal.runners.statements.RunBefores.evaluate(RunBefores.java:24)\n[5afc6847-b03f-43f7-8fcf-97dccb99de27/build]   |         at org.junit.internal.runners.statements.RunAfters.evaluate(RunAfters.java:27)\n[5afc6847-b03f-43f7-8fcf-97dccb99de27/build]   |         at org.junit.runners.ParentRunner$3.evaluate(ParentRunner.java:306)\n[5afc6847-b03f-43f7-8fcf-97dccb99de27/build]   |         at org.junit.runners.ParentRunner.run(ParentRunner.java:413)\n[5afc6847-b03f-43f7-8fcf-97dccb99de27/build]   |         at org.gradle.api.internal.tasks.testing.junit.JUnitTestClassExecutor.runTestClass(JUnitTestClassExecutor.java:108)\n[5afc6847-b03f-43f7-8fcf-97dccb99de27/build]   |         at org.gradle.api.internal.tasks.testing.junit.JUnitTestClassExecutor.execute(JUnitTestClassExecutor.java:58)\n[5afc6847-b03f-43f7-8fcf-97dccb99de27/build]   |         at org.gradle.api.internal.tasks.testing.junit.JUnitTestClassExecutor.execute(JUnitTestClassExecutor.java:40)\n[5afc6847-b03f-43f7-8fcf-97dccb99de27/build]   |         at org.gradle.api.internal.tasks.testing.junit.AbstractJUnitTestClassProcessor.processTestClass(AbstractJUnitTestClassProcessor.java:60)\n[5afc6847-b03f-43f7-8fcf-97dccb99de27/build]   |         at org.gradle.api.internal.tasks.testing.SuiteTestClassProcessor.processTestClass(SuiteTestClassProcessor.java:52)\n[5afc6847-b03f-43f7-8fcf-97dccb99de27/build]   |         at java.base/jdk.internal.reflect.NativeMethodAccessorImpl.invoke0(Native Method)\n[5afc6847-b03f-43f7-8fcf-97dccb99de27/build]   |         at java.base/jdk.internal.reflect.NativeMethodAccessorImpl.invoke(NativeMethodAccessorImpl.java:62)\n[5afc6847-b03f-43f7-8fcf-97dccb99de27/build]   |         at java.base/jdk.internal.reflect.DelegatingMethodAccessorImpl.invoke(DelegatingMethodAccessorImpl.java:43)\n[5afc6847-b03f-43f7-8fcf-97dccb99de27/build]   |         at java.base/java.lang.reflect.Method.invoke(Method.java:566)\n[5afc6847-b03f-43f7-8fcf-97dccb99de27/build]   |         at org.gradle.internal.dispatch.ReflectionDispatch.dispatch(ReflectionDispatch.java:36)\n[5afc6847-b03f-43f7-8fcf-97dccb99de27/build]   |         at org.gradle.internal.dispatch.ReflectionDispatch.dispatch(ReflectionDispatch.java:24)\n[5afc6847-b03f-43f7-8fcf-97dccb99de27/build]   |         at org.gradle.internal.dispatch.ContextClassLoaderDispatch.dispatch(ContextClassLoaderDispatch.java:33)\n[5afc6847-b03f-43f7-8fcf-97dccb99de27/build]   |         at org.gradle.internal.dispatch.ProxyDispatchAdapter$DispatchingInvocationHandler.invoke(ProxyDispatchAdapter.java:94)\n[5afc6847-b03f-43f7-8fcf-97dccb99de27/build]   |         at com.sun.proxy.$Proxy2.processTestClass(Unknown Source)\n[5afc6847-b03f-43f7-8fcf-97dccb99de27/build]   |         at org.gradle.api.internal.tasks.testing.worker.TestWorker$2.run(TestWorker.java:176)\n[5afc6847-b03f-43f7-8fcf-97dccb99de27/build]   |         at org.gradle.api.internal.tasks.testing.worker.TestWorker.executeAndMaintainThreadName(TestWorker.java:129)\n[5afc6847-b03f-43f7-8fcf-97dccb99de27/build]   |         at org.gradle.api.internal.tasks.testing.worker.TestWorker.execute(TestWorker.java:100)\n[5afc6847-b03f-43f7-8fcf-97dccb99de27/build]   |         at org.gradle.api.internal.tasks.testing.worker.TestWorker.execute(TestWorker.java:60)\n[5afc6847-b03f-43f7-8fcf-97dccb99de27/build]   |         at org.gradle.process.internal.worker.child.ActionExecutionWorker.execute(ActionExecutionWorker.java:56)\n[5afc6847-b03f-43f7-8fcf-97dccb99de27/build]   |         at org.gradle.process.internal.worker.child.SystemApplicationClassLoaderWorker.call(SystemApplicationClassLoaderWorker.java:113)\n[5afc6847-b03f-43f7-8fcf-97dccb99de27/build]   |         at org.gradle.process.internal.worker.child.SystemApplicationClassLoaderWorker.call(SystemApplicationClassLoaderWorker.java:65)\n[5afc6847-b03f-43f7-8fcf-97dccb99de27/build]   |         at worker.org.gradle.process.internal.worker.GradleWorkerMain.run(GradleWorkerMain.java:69)\n[5afc6847-b03f-43f7-8fcf-97dccb99de27/build]   |         at worker.org.gradle.process.internal.worker.GradleWorkerMain.main(GradleWorkerMain.java:74)\n[5afc6847-b03f-43f7-8fcf-97dccb99de27/build]   | \n[5afc6847-b03f-43f7-8fcf-97dccb99de27/build]   | info.movito.themoviedbapi.SeriesApiTest > classMethod FAILED\n[5afc6847-b03f-43f7-8fcf-97dccb99de27/build]   |     java.lang.RuntimeException: Missing api key: To run test you need to provide the key as environment variable named 'apikey' and you have to make sure that this is key relates to a linked application\n[5afc6847-b03f-43f7-8fcf-97dccb99de27/build]   |         at info.movito.themoviedbapi.AbstractTmdbApiTest.setUpClass(AbstractTmdbApiTest.java:55)\n[5afc6847-b03f-43f7-8fcf-97dccb99de27/build]   |         at java.base/jdk.internal.reflect.NativeMethodAccessorImpl.invoke0(Native Method)\n[5afc6847-b03f-43f7-8fcf-97dccb99de27/build]   |         at java.base/jdk.internal.reflect.NativeMethodAccessorImpl.invoke(NativeMethodAccessorImpl.java:62)\n[5afc6847-b03f-43f7-8fcf-97dccb99de27/build]   |         at java.base/jdk.internal.reflect.DelegatingMethodAccessorImpl.invoke(DelegatingMethodAccessorImpl.java:43)\n[5afc6847-b03f-43f7-8fcf-97dccb99de27/build]   |         at java.base/java.lang.reflect.Method.invoke(Method.java:566)\n[5afc6847-b03f-43f7-8fcf-97dccb99de27/build]   |         at org.junit.runners.model.FrameworkMethod$1.runReflectiveCall(FrameworkMethod.java:59)\n[5afc6847-b03f-43f7-8fcf-97dccb99de27/build]   |         at org.junit.internal.runners.model.ReflectiveCallable.run(ReflectiveCallable.java:12)\n[5afc6847-b03f-43f7-8fcf-97dccb99de27/build]   |         at org.junit.runners.model.FrameworkMethod.invokeExplosively(FrameworkMethod.java:56)\n[5afc6847-b03f-43f7-8fcf-97dccb99de27/build]   |         at org.junit.internal.runners.statements.RunBefores.invokeMethod(RunBefores.java:33)\n[5afc6847-b03f-43f7-8fcf-97dccb99de27/build]   |         at org.junit.internal.runners.statements.RunBefores.evaluate(RunBefores.java:24)\n[5afc6847-b03f-43f7-8fcf-97dccb99de27/build]   |         at org.junit.internal.runners.statements.RunAfters.evaluate(RunAfters.java:27)\n[5afc6847-b03f-43f7-8fcf-97dccb99de27/build]   |         at org.junit.runners.ParentRunner$3.evaluate(ParentRunner.java:306)\n[5afc6847-b03f-43f7-8fcf-97dccb99de27/build]   |         at org.junit.runners.ParentRunner.run(ParentRunner.java:413)\n[5afc6847-b03f-43f7-8fcf-97dccb99de27/build]   |         at org.gradle.api.internal.tasks.testing.junit.JUnitTestClassExecutor.runTestClass(JUnitTestClassExecutor.java:108)\n[5afc6847-b03f-43f7-8fcf-97dccb99de27/build]   |         at org.gradle.api.internal.tasks.testing.junit.JUnitTestClassExecutor.execute(JUnitTestClassExecutor.java:58)\n[5afc6847-b03f-43f7-8fcf-97dccb99de27/build]   |         at org.gradle.api.internal.tasks.testing.junit.JUnitTestClassExecutor.execute(JUnitTestClassExecutor.java:40)\n[5afc6847-b03f-43f7-8fcf-97dccb99de27/build]   |         at org.gradle.api.internal.tasks.testing.junit.AbstractJUnitTestClassProcessor.processTestClass(AbstractJUnitTestClassProcessor.java:60)\n[5afc6847-b03f-43f7-8fcf-97dccb99de27/build]   |         at org.gradle.api.internal.tasks.testing.SuiteTestClassProcessor.processTestClass(SuiteTestClassProcessor.java:52)\n[5afc6847-b03f-43f7-8fcf-97dccb99de27/build]   |         at java.base/jdk.internal.reflect.NativeMethodAccessorImpl.invoke0(Native Method)\n[5afc6847-b03f-43f7-8fcf-97dccb99de27/build]   |         at java.base/jdk.internal.reflect.NativeMethodAccessorImpl.invoke(NativeMethodAccessorImpl.java:62)\n[5afc6847-b03f-43f7-8fcf-97dccb99de27/build]   |         at java.base/jdk.internal.reflect.DelegatingMethodAccessorImpl.invoke(DelegatingMethodAccessorImpl.java:43)\n[5afc6847-b03f-43f7-8fcf-97dccb99de27/build]   |         at java.base/java.lang.reflect.Method.invoke(Method.java:566)\n[5afc6847-b03f-43f7-8fcf-97dccb99de27/build]   |         at org.gradle.internal.dispatch.ReflectionDispatch.dispatch(ReflectionDispatch.java:36)\n[5afc6847-b03f-43f7-8fcf-97dccb99de27/build]   |         at org.gradle.internal.dispatch.ReflectionDispatch.dispatch(ReflectionDispatch.java:24)\n[5afc6847-b03f-43f7-8fcf-97dccb99de27/build]   |         at org.gradle.internal.dispatch.ContextClassLoaderDispatch.dispatch(ContextClassLoaderDispatch.java:33)\n[5afc6847-b03f-43f7-8fcf-97dccb99de27/build]   |         at org.gradle.internal.dispatch.ProxyDispatchAdapter$DispatchingInvocationHandler.invoke(ProxyDispatchAdapter.java:94)\n[5afc6847-b03f-43f7-8fcf-97dccb99de27/build]   |         at com.sun.proxy.$Proxy2.processTestClass(Unknown Source)\n[5afc6847-b03f-43f7-8fcf-97dccb99de27/build]   |         at org.gradle.api.internal.tasks.testing.worker.TestWorker$2.run(TestWorker.java:176)\n[5afc6847-b03f-43f7-8fcf-97dccb99de27/build]   |         at org.gradle.api.internal.tasks.testing.worker.TestWorker.executeAndMaintainThreadName(TestWorker.java:129)\n[5afc6847-b03f-43f7-8fcf-97dccb99de27/build]   |         at org.gradle.api.internal.tasks.testing.worker.TestWorker.execute(TestWorker.java:100)\n[5afc6847-b03f-43f7-8fcf-97dccb99de27/build]   |         at org.gradle.api.internal.tasks.testing.worker.TestWorker.execute(TestWorker.java:60)\n[5afc6847-b03f-43f7-8fcf-97dccb99de27/build]   |         at org.gradle.process.internal.worker.child.ActionExecutionWorker.execute(ActionExecutionWorker.java:56)\n[5afc6847-b03f-43f7-8fcf-97dccb99de27/build]   |         at org.gradle.process.internal.worker.child.SystemApplicationClassLoaderWorker.call(SystemApplicationClassLoaderWorker.java:113)\n[5afc6847-b03f-43f7-8fcf-97dccb99de27/build]   |         at org.gradle.process.internal.worker.child.SystemApplicationClassLoaderWorker.call(SystemApplicationClassLoaderWorker.java:65)\n[5afc6847-b03f-43f7-8fcf-97dccb99de27/build]   |         at worker.org.gradle.process.internal.worker.GradleWorkerMain.run(GradleWorkerMain.java:69)\n[5afc6847-b03f-43f7-8fcf-97dccb99de27/build]   |         at worker.org.gradle.process.internal.worker.GradleWorkerMain.main(GradleWorkerMain.java:74)\n[5afc6847-b03f-43f7-8fcf-97dccb99de27/build]   | \n[5afc6847-b03f-43f7-8fcf-97dccb99de27/build]   | info.movito.themoviedbapi.TimezonesApiTest > classMethod FAILED\n[5afc6847-b03f-43f7-8fcf-97dccb99de27/build]   |     java.lang.RuntimeException: Missing api key: To run test you need to provide the key as environment variable named 'apikey' and you have to make sure that this is key relates to a linked application\n[5afc6847-b03f-43f7-8fcf-97dccb99de27/build]   |         at info.movito.themoviedbapi.AbstractTmdbApiTest.setUpClass(AbstractTmdbApiTest.java:55)\n[5afc6847-b03f-43f7-8fcf-97dccb99de27/build]   |         at java.base/jdk.internal.reflect.NativeMethodAccessorImpl.invoke0(Native Method)\n[5afc6847-b03f-43f7-8fcf-97dccb99de27/build]   |         at java.base/jdk.internal.reflect.NativeMethodAccessorImpl.invoke(NativeMethodAccessorImpl.java:62)\n[5afc6847-b03f-43f7-8fcf-97dccb99de27/build]   |         at java.base/jdk.internal.reflect.DelegatingMethodAccessorImpl.invoke(DelegatingMethodAccessorImpl.java:43)\n[5afc6847-b03f-43f7-8fcf-97dccb99de27/build]   |         at java.base/java.lang.reflect.Method.invoke(Method.java:566)\n[5afc6847-b03f-43f7-8fcf-97dccb99de27/build]   |         at org.junit.runners.model.FrameworkMethod$1.runReflectiveCall(FrameworkMethod.java:59)\n[5afc6847-b03f-43f7-8fcf-97dccb99de27/build]   |         at org.junit.internal.runners.model.ReflectiveCallable.run(ReflectiveCallable.java:12)\n[5afc6847-b03f-43f7-8fcf-97dccb99de27/build]   |         at org.junit.runners.model.FrameworkMethod.invokeExplosively(FrameworkMethod.java:56)\n[5afc6847-b03f-43f7-8fcf-97dccb99de27/build]   |         at org.junit.internal.runners.statements.RunBefores.invokeMethod(RunBefores.java:33)\n[5afc6847-b03f-43f7-8fcf-97dccb99de27/build]   |         at org.junit.internal.runners.statements.RunBefores.evaluate(RunBefores.java:24)\n[5afc6847-b03f-43f7-8fcf-97dccb99de27/build]   |         at org.junit.internal.runners.statements.RunAfters.evaluate(RunAfters.java:27)\n[5afc6847-b03f-43f7-8fcf-97dccb99de27/build]   |         at org.junit.runners.ParentRunner$3.evaluate(ParentRunner.java:306)\n[5afc6847-b03f-43f7-8fcf-97dccb99de27/build]   |         at org.junit.runners.ParentRunner.run(ParentRunner.java:413)\n[5afc6847-b03f-43f7-8fcf-97dccb99de27/build]   |         at org.gradle.api.internal.tasks.testing.junit.JUnitTestClassExecutor.runTestClass(JUnitTestClassExecutor.java:108)\n[5afc6847-b03f-43f7-8fcf-97dccb99de27/build]   |         at org.gradle.api.internal.tasks.testing.junit.JUnitTestClassExecutor.execute(JUnitTestClassExecutor.java:58)\n[5afc6847-b03f-43f7-8fcf-97dccb99de27/build]   |         at org.gradle.api.internal.tasks.testing.junit.JUnitTestClassExecutor.execute(JUnitTestClassExecutor.java:40)\n[5afc6847-b03f-43f7-8fcf-97dccb99de27/build]   |         at org.gradle.api.internal.tasks.testing.junit.AbstractJUnitTestClassProcessor.processTestClass(AbstractJUnitTestClassProcessor.java:60)\n[5afc6847-b03f-43f7-8fcf-97dccb99de27/build]   |         at org.gradle.api.internal.tasks.testing.SuiteTestClassProcessor.processTestClass(SuiteTestClassProcessor.java:52)\n[5afc6847-b03f-43f7-8fcf-97dccb99de27/build]   |         at java.base/jdk.internal.reflect.NativeMethodAccessorImpl.invoke0(Native Method)\n[5afc6847-b03f-43f7-8fcf-97dccb99de27/build]   |         at java.base/jdk.internal.reflect.NativeMethodAccessorImpl.invoke(NativeMethodAccessorImpl.java:62)\n[5afc6847-b03f-43f7-8fcf-97dccb99de27/build]   |         at java.base/jdk.internal.reflect.DelegatingMethodAccessorImpl.invoke(DelegatingMethodAccessorImpl.java:43)\n[5afc6847-b03f-43f7-8fcf-97dccb99de27/build]   |         at java.base/java.lang.reflect.Method.invoke(Method.java:566)\n[5afc6847-b03f-43f7-8fcf-97dccb99de27/build]   |         at org.gradle.internal.dispatch.ReflectionDispatch.dispatch(ReflectionDispatch.java:36)\n[5afc6847-b03f-43f7-8fcf-97dccb99de27/build]   |         at org.gradle.internal.dispatch.ReflectionDispatch.dispatch(ReflectionDispatch.java:24)\n[5afc6847-b03f-43f7-8fcf-97dccb99de27/build]   |         at org.gradle.internal.dispatch.ContextClassLoaderDispatch.dispatch(ContextClassLoaderDispatch.java:33)\n[5afc6847-b03f-43f7-8fcf-97dccb99de27/build]   |         at org.gradle.internal.dispatch.ProxyDispatchAdapter$DispatchingInvocationHandler.invoke(ProxyDispatchAdapter.java:94)\n[5afc6847-b03f-43f7-8fcf-97dccb99de27/build]   |         at com.sun.proxy.$Proxy2.processTestClass(Unknown Source)\n[5afc6847-b03f-43f7-8fcf-97dccb99de27/build]   |         at org.gradle.api.internal.tasks.testing.worker.TestWorker$2.run(TestWorker.java:176)\n[5afc6847-b03f-43f7-8fcf-97dccb99de27/build]   |         at org.gradle.api.internal.tasks.testing.worker.TestWorker.executeAndMaintainThreadName(TestWorker.java:129)\n[5afc6847-b03f-43f7-8fcf-97dccb99de27/build]   |         at org.gradle.api.internal.tasks.testing.worker.TestWorker.execute(TestWorker.java:100)\n[5afc6847-b03f-43f7-8fcf-97dccb99de27/build]   |         at org.gradle.api.internal.tasks.testing.worker.TestWorker.execute(TestWorker.java:60)\n[5afc6847-b03f-43f7-8fcf-97dccb99de27/build]   |         at org.gradle.process.internal.worker.child.ActionExecutionWorker.execute(ActionExecutionWorker.java:56)\n[5afc6847-b03f-43f7-8fcf-97dccb99de27/build]   |         at org.gradle.process.internal.worker.child.SystemApplicationClassLoaderWorker.call(SystemApplicationClassLoaderWorker.java:113)\n[5afc6847-b03f-43f7-8fcf-97dccb99de27/build]   |         at org.gradle.process.internal.worker.child.SystemApplicationClassLoaderWorker.call(SystemApplicationClassLoaderWorker.java:65)\n[5afc6847-b03f-43f7-8fcf-97dccb99de27/build]   |         at worker.org.gradle.process.internal.worker.GradleWorkerMain.run(GradleWorkerMain.java:69)\n[5afc6847-b03f-43f7-8fcf-97dccb99de27/build]   |         at worker.org.gradle.process.internal.worker.GradleWorkerMain.main(GradleWorkerMain.java:74)\n[5afc6847-b03f-43f7-8fcf-97dccb99de27/build]   | \n[5afc6847-b03f-43f7-8fcf-97dccb99de27/build]   | 13 tests completed, 13 failed\n[5afc6847-b03f-43f7-8fcf-97dccb99de27/build]   | Finished generating test XML results (0.049 secs) into: /tmp/3d783ea4-1661-11ee-8a50-bb14de238602/holgerbrandl-themoviedbapi/build/test-results/test\n[5afc6847-b03f-43f7-8fcf-97dccb99de27/build]   | Generating HTML test report...\n[5afc6847-b03f-43f7-8fcf-97dccb99de27/build]   | Finished generating test html results (0.055 secs) into: /tmp/3d783ea4-1661-11ee-8a50-bb14de238602/holgerbrandl-themoviedbapi/build/reports/tests/test\n[5afc6847-b03f-43f7-8fcf-97dccb99de27/build]   | Watching 49 directories to track changes\n[5afc6847-b03f-43f7-8fcf-97dccb99de27/build]   | Watching 54 directories to track changes\n[5afc6847-b03f-43f7-8fcf-97dccb99de27/build]   | Watching 55 directories to track changes\n[5afc6847-b03f-43f7-8fcf-97dccb99de27/build]   | \n[5afc6847-b03f-43f7-8fcf-97dccb99de27/build]   | > Task :test FAILED\n[5afc6847-b03f-43f7-8fcf-97dccb99de27/build]   | \n[5afc6847-b03f-43f7-8fcf-97dccb99de27/build]   | FAILURE: Build failed with an exception.\n[5afc6847-b03f-43f7-8fcf-97dccb99de27/build]   | \n[5afc6847-b03f-43f7-8fcf-97dccb99de27/build]   | * What went wrong:\n[5afc6847-b03f-43f7-8fcf-97dccb99de27/build]   | Execution failed for task ':test'.\n[5afc6847-b03f-43f7-8fcf-97dccb99de27/build]   | > There were failing tests. See the report at: file:///tmp/3d783ea4-1661-11ee-8a50-bb14de238602/holgerbrandl-themoviedbapi/build/reports/tests/test/index.html\n[5afc6847-b03f-43f7-8fcf-97dccb99de27/build]   | \n[5afc6847-b03f-43f7-8fcf-97dccb99de27/build]   | * Try:\n[5afc6847-b03f-43f7-8fcf-97dccb99de27/build]   | > Run with --debug option to get more log output.\n[5afc6847-b03f-43f7-8fcf-97dccb99de27/build]   | > Run with --scan to get full insights.\n[5afc6847-b03f-43f7-8fcf-97dccb99de27/build]   | \n[5afc6847-b03f-43f7-8fcf-97dccb99de27/build]   | * Exception is:\n[5afc6847-b03f-43f7-8fcf-97dccb99de27/build]   | org.gradle.api.tasks.TaskExecutionException: Execution failed for task ':test'.\n[5afc6847-b03f-43f7-8fcf-97dccb99de27/build]   | \tat org.gradle.api.internal.tasks.execution.ExecuteActionsTaskExecuter.lambda$executeIfValid$1(ExecuteActionsTaskExecuter.java:149)\n[5afc6847-b03f-43f7-8fcf-97dccb99de27/build]   | \tat org.gradle.internal.Try$Failure.ifSuccessfulOrElse(Try.java:282)\n[5afc6847-b03f-43f7-8fcf-97dccb99de27/build]   | \tat org.gradle.api.internal.tasks.execution.ExecuteActionsTaskExecuter.executeIfValid(ExecuteActionsTaskExecuter.java:147)\n[5afc6847-b03f-43f7-8fcf-97dccb99de27/build]   | \tat org.gradle.api.internal.tasks.execution.ExecuteActionsTaskExecuter.execute(ExecuteActionsTaskExecuter.java:135)\n[5afc6847-b03f-43f7-8fcf-97dccb99de27/build]   | \tat org.gradle.api.internal.tasks.execution.FinalizePropertiesTaskExecuter.execute(FinalizePropertiesTaskExecuter.java:46)\n[5afc6847-b03f-43f7-8fcf-97dccb99de27/build]   | \tat org.gradle.api.internal.tasks.execution.ResolveTaskExecutionModeExecuter.execute(ResolveTaskExecutionModeExecuter.java:51)\n[5afc6847-b03f-43f7-8fcf-97dccb99de27/build]   | \tat org.gradle.api.internal.tasks.execution.SkipTaskWithNoActionsExecuter.execute(SkipTaskWithNoActionsExecuter.java:57)\n[5afc6847-b03f-43f7-8fcf-97dccb99de27/build]   | \tat org.gradle.api.internal.tasks.execution.SkipOnlyIfTaskExecuter.execute(SkipOnlyIfTaskExecuter.java:74)\n[5afc6847-b03f-43f7-8fcf-97dccb99de27/build]   | \tat org.gradle.api.internal.tasks.execution.CatchExceptionTaskExecuter.execute(CatchExceptionTaskExecuter.java:36)\n[5afc6847-b03f-43f7-8fcf-97dccb99de27/build]   | \tat org.gradle.api.internal.tasks.execution.EventFiringTaskExecuter$1.executeTask(EventFiringTaskExecuter.java:77)\n[5afc6847-b03f-43f7-8fcf-97dccb99de27/build]   | \tat org.gradle.api.internal.tasks.execution.EventFiringTaskExecuter$1.call(EventFiringTaskExecuter.java:55)\n[5afc6847-b03f-43f7-8fcf-97dccb99de27/build]   | \tat org.gradle.api.internal.tasks.execution.EventFiringTaskExecuter$1.call(EventFiringTaskExecuter.java:52)\n[5afc6847-b03f-43f7-8fcf-97dccb99de27/build]   | \tat org.gradle.internal.operations.DefaultBuildOperationRunner$CallableBuildOperationWorker.execute(DefaultBuildOperationRunner.java:204)\n[5afc6847-b03f-43f7-8fcf-97dccb99de27/build]   | \tat org.gradle.internal.operations.DefaultBuildOperationRunner$CallableBuildOperationWorker.execute(DefaultBuildOperationRunner.java:199)\n[5afc6847-b03f-43f7-8fcf-97dccb99de27/build]   | \tat org.gradle.internal.operations.DefaultBuildOperationRunner$2.execute(DefaultBuildOperationRunner.java:66)\n[5afc6847-b03f-43f7-8fcf-97dccb99de27/build]   | \tat org.gradle.internal.operations.DefaultBuildOperationRunner$2.execute(DefaultBuildOperationRunner.java:59)\n[5afc6847-b03f-43f7-8fcf-97dccb99de27/build]   | \tat org.gradle.internal.operations.DefaultBuildOperationRunner.execute(DefaultBuildOperationRunner.java:157)\n[5afc6847-b03f-43f7-8fcf-97dccb99de27/build]   | \tat org.gradle.internal.operations.DefaultBuildOperationRunner.execute(DefaultBuildOperationRunner.java:59)\n[5afc6847-b03f-43f7-8fcf-97dccb99de27/build]   | \tat org.gradle.internal.operations.DefaultBuildOperationRunner.call(DefaultBuildOperationRunner.java:53)\n[5afc6847-b03f-43f7-8fcf-97dccb99de27/build]   | \tat org.gradle.internal.operations.DefaultBuildOperationExecutor.call(DefaultBuildOperationExecutor.java:73)\n[5afc6847-b03f-43f7-8fcf-97dccb99de27/build]   | \tat org.gradle.api.internal.tasks.execution.EventFiringTaskExecuter.execute(EventFiringTaskExecuter.java:52)\n[5afc6847-b03f-43f7-8fcf-97dccb99de27/build]   | \tat org.gradle.execution.plan.LocalTaskNodeExecutor.execute(LocalTaskNodeExecutor.java:42)\n[5afc6847-b03f-43f7-8fcf-97dccb99de27/build]   | \tat org.gradle.execution.taskgraph.DefaultTaskExecutionGraph$InvokeNodeExecutorsAction.execute(DefaultTaskExecutionGraph.java:337)\n[5afc6847-b03f-43f7-8fcf-97dccb99de27/build]   | \tat org.gradle.execution.taskgraph.DefaultTaskExecutionGraph$InvokeNodeExecutorsAction.execute(DefaultTaskExecutionGraph.java:324)\n[5afc6847-b03f-43f7-8fcf-97dccb99de27/build]   | \tat org.gradle.execution.taskgraph.DefaultTaskExecutionGraph$BuildOperationAwareExecutionAction.execute(DefaultTaskExecutionGraph.java:317)\n[5afc6847-b03f-43f7-8fcf-97dccb99de27/build]   | \tat org.gradle.execution.taskgraph.DefaultTaskExecutionGraph$BuildOperationAwareExecutionAction.execute(DefaultTaskExecutionGraph.java:303)\n[5afc6847-b03f-43f7-8fcf-97dccb99de27/build]   | \tat org.gradle.execution.plan.DefaultPlanExecutor$ExecutorWorker.execute(DefaultPlanExecutor.java:463)\n[5afc6847-b03f-43f7-8fcf-97dccb99de27/build]   | \tat org.gradle.execution.plan.DefaultPlanExecutor$ExecutorWorker.run(DefaultPlanExecutor.java:380)\n[5afc6847-b03f-43f7-8fcf-97dccb99de27/build]   | \tat org.gradle.execution.plan.DefaultPlanExecutor.process(DefaultPlanExecutor.java:116)\n[5afc6847-b03f-43f7-8fcf-97dccb99de27/build]   | \tat org.gradle.execution.taskgraph.DefaultTaskExecutionGraph.executeWithServices(DefaultTaskExecutionGraph.java:138)\n[5afc6847-b03f-43f7-8fcf-97dccb99de27/build]   | \tat org.gradle.execution.taskgraph.DefaultTaskExecutionGraph.execute(DefaultTaskExecutionGraph.java:123)\n[5afc6847-b03f-43f7-8fcf-97dccb99de27/build]   | \tat org.gradle.execution.SelectedTaskExecutionAction.execute(SelectedTaskExecutionAction.java:35)\n[5afc6847-b03f-43f7-8fcf-97dccb99de27/build]   | \tat org.gradle.execution.DryRunBuildExecutionAction.execute(DryRunBuildExecutionAction.java:51)\n[5afc6847-b03f-43f7-8fcf-97dccb99de27/build]   | \tat org.gradle.execution.BuildOperationFiringBuildWorkerExecutor$ExecuteTasks.call(BuildOperationFiringBuildWorkerExecutor.java:54)\n[5afc6847-b03f-43f7-8fcf-97dccb99de27/build]   | \tat org.gradle.execution.BuildOperationFiringBuildWorkerExecutor$ExecuteTasks.call(BuildOperationFiringBuildWorkerExecutor.java:43)\n[5afc6847-b03f-43f7-8fcf-97dccb99de27/build]   | \tat org.gradle.internal.operations.DefaultBuildOperationRunner$CallableBuildOperationWorker.execute(DefaultBuildOperationRunner.java:204)\n[5afc6847-b03f-43f7-8fcf-97dccb99de27/build]   | \tat org.gradle.internal.operations.DefaultBuildOperationRunner$CallableBuildOperationWorker.execute(DefaultBuildOperationRunner.java:199)\n[5afc6847-b03f-43f7-8fcf-97dccb99de27/build]   | \tat org.gradle.internal.operations.DefaultBuildOperationRunner$2.execute(DefaultBuildOperationRunner.java:66)\n[5afc6847-b03f-43f7-8fcf-97dccb99de27/build]   | \tat org.gradle.internal.operations.DefaultBuildOperationRunner$2.execute(DefaultBuildOperationRunner.java:59)\n[5afc6847-b03f-43f7-8fcf-97dccb99de27/build]   | \tat org.gradle.internal.operations.DefaultBuildOperationRunner.execute(DefaultBuildOperationRunner.java:157)\n[5afc6847-b03f-43f7-8fcf-97dccb99de27/build]   | \tat org.gradle.internal.operations.DefaultBuildOperationRunner.execute(DefaultBuildOperationRunner.java:59)\n[5afc6847-b03f-43f7-8fcf-97dccb99de27/build]   | \tat org.gradle.internal.operations.DefaultBuildOperationRunner.call(DefaultBuildOperationRunner.java:53)\n[5afc6847-b03f-43f7-8fcf-97dccb99de27/build]   | \tat org.gradle.internal.operations.DefaultBuildOperationExecutor.call(DefaultBuildOperationExecutor.java:73)\n[5afc6847-b03f-43f7-8fcf-97dccb99de27/build]   | \tat org.gradle.execution.BuildOperationFiringBuildWorkerExecutor.execute(BuildOperationFiringBuildWorkerExecutor.java:40)\n[5afc6847-b03f-43f7-8fcf-97dccb99de27/build]   | \tat org.gradle.internal.build.DefaultBuildLifecycleController.lambda$executeTasks$10(DefaultBuildLifecycleController.java:202)\n[5afc6847-b03f-43f7-8fcf-97dccb99de27/build]   | \tat org.gradle.internal.model.StateTransitionController.doTransition(StateTransitionController.java:266)\n[5afc6847-b03f-43f7-8fcf-97dccb99de27/build]   | \tat org.gradle.internal.model.StateTransitionController.lambda$tryTransition$8(StateTransitionController.java:177)\n[5afc6847-b03f-43f7-8fcf-97dccb99de27/build]   | \tat org.gradle.internal.work.DefaultSynchronizer.withLock(DefaultSynchronizer.java:44)\n[5afc6847-b03f-43f7-8fcf-97dccb99de27/build]   | \tat org.gradle.internal.model.StateTransitionController.tryTransition(StateTransitionController.java:177)\n[5afc6847-b03f-43f7-8fcf-97dccb99de27/build]   | \tat org.gradle.internal.build.DefaultBuildLifecycleController.executeTasks(DefaultBuildLifecycleController.java:202)\n[5afc6847-b03f-43f7-8fcf-97dccb99de27/build]   | \tat org.gradle.internal.build.DefaultBuildWorkGraphController$DefaultBuildWorkGraph.runWork(DefaultBuildWorkGraphController.java:209)\n[5afc6847-b03f-43f7-8fcf-97dccb99de27/build]   | \tat org.gradle.internal.work.DefaultWorkerLeaseService.withLocks(DefaultWorkerLeaseService.java:249)\n[5afc6847-b03f-43f7-8fcf-97dccb99de27/build]   | \tat org.gradle.internal.work.DefaultWorkerLeaseService.runAsWorkerThread(DefaultWorkerLeaseService.java:109)\n[5afc6847-b03f-43f7-8fcf-97dccb99de27/build]   | \tat org.gradle.composite.internal.DefaultBuildController.doRun(DefaultBuildController.java:172)\n[5afc6847-b03f-43f7-8fcf-97dccb99de27/build]   | \tat org.gradle.composite.internal.DefaultBuildController.access$000(DefaultBuildController.java:47)\n[5afc6847-b03f-43f7-8fcf-97dccb99de27/build]   | \tat org.gradle.composite.internal.DefaultBuildController$BuildOpRunnable.run(DefaultBuildController.java:191)\n[5afc6847-b03f-43f7-8fcf-97dccb99de27/build]   | \tat org.gradle.internal.concurrent.ExecutorPolicy$CatchAndRecordFailures.onExecute(ExecutorPolicy.java:64)\n[5afc6847-b03f-43f7-8fcf-97dccb99de27/build]   | \tat org.gradle.internal.concurrent.ManagedExecutorImpl$1.run(ManagedExecutorImpl.java:49)\n[5afc6847-b03f-43f7-8fcf-97dccb99de27/build]   | Caused by: org.gradle.api.tasks.VerificationException: There were failing tests. See the report at: file:///tmp/3d783ea4-1661-11ee-8a50-bb14de238602/holgerbrandl-themoviedbapi/build/reports/tests/test/index.html\n[5afc6847-b03f-43f7-8fcf-97dccb99de27/build]   | \tat org.gradle.api.tasks.testing.AbstractTestTask.handleTestFailures(AbstractTestTask.java:621)\n[5afc6847-b03f-43f7-8fcf-97dccb99de27/build]   | \tat org.gradle.api.tasks.testing.AbstractTestTask.handleCollectedResults(AbstractTestTask.java:483)\n[5afc6847-b03f-43f7-8fcf-97dccb99de27/build]   | \tat org.gradle.api.tasks.testing.AbstractTestTask.executeTests(AbstractTestTask.java:478)\n[5afc6847-b03f-43f7-8fcf-97dccb99de27/build]   | \tat org.gradle.api.tasks.testing.Test.executeTests(Test.java:692)\n[5afc6847-b03f-43f7-8fcf-97dccb99de27/build]   | \tat java.base/jdk.internal.reflect.NativeMethodAccessorImpl.invoke0(Native Method)\n[5afc6847-b03f-43f7-8fcf-97dccb99de27/build]   | \tat java.base/jdk.internal.reflect.NativeMethodAccessorImpl.invoke(NativeMethodAccessorImpl.java:62)\n[5afc6847-b03f-43f7-8fcf-97dccb99de27/build]   | \tat java.base/jdk.internal.reflect.DelegatingMethodAccessorImpl.invoke(DelegatingMethodAccessorImpl.java:43)\n[5afc6847-b03f-43f7-8fcf-97dccb99de27/build]   | \tat org.gradle.internal.reflect.JavaMethod.invoke(JavaMethod.java:125)\n[5afc6847-b03f-43f7-8fcf-97dccb99de27/build]   | \tat org.gradle.api.internal.project.taskfactory.StandardTaskAction.doExecute(StandardTaskAction.java:58)\n[5afc6847-b03f-43f7-8fcf-97dccb99de27/build]   | \tat org.gradle.api.internal.project.taskfactory.StandardTaskAction.execute(StandardTaskAction.java:51)\n[5afc6847-b03f-43f7-8fcf-97dccb99de27/build]   | \tat org.gradle.api.internal.project.taskfactory.StandardTaskAction.execute(StandardTaskAction.java:29)\n[5afc6847-b03f-43f7-8fcf-97dccb99de27/build]   | \tat org.gradle.api.internal.tasks.execution.TaskExecution$3.run(TaskExecution.java:242)\n[5afc6847-b03f-43f7-8fcf-97dccb99de27/build]   | \tat org.gradle.internal.operations.DefaultBuildOperationRunner$1.execute(DefaultBuildOperationRunner.java:29)\n[5afc6847-b03f-43f7-8fcf-97dccb99de27/build]   | \tat org.gradle.internal.operations.DefaultBuildOperationRunner$1.execute(DefaultBuildOperationRunner.java:26)\n[5afc6847-b03f-43f7-8fcf-97dccb99de27/build]   | \tat org.gradle.internal.operations.DefaultBuildOperationRunner$2.execute(DefaultBuildOperationRunner.java:66)\n[5afc6847-b03f-43f7-8fcf-97dccb99de27/build]   | \tat org.gradle.internal.operations.DefaultBuildOperationRunner$2.execute(DefaultBuildOperationRunner.java:59)\n[5afc6847-b03f-43f7-8fcf-97dccb99de27/build]   | \tat org.gradle.internal.operations.DefaultBuildOperationRunner.execute(DefaultBuildOperationRunner.java:157)\n[5afc6847-b03f-43f7-8fcf-97dccb99de27/build]   | \tat org.gradle.internal.operations.DefaultBuildOperationRunner.execute(DefaultBuildOperationRunner.java:59)\n[5afc6847-b03f-43f7-8fcf-97dccb99de27/build]   | \tat org.gradle.internal.operations.DefaultBuildOperationRunner.run(DefaultBuildOperationRunner.java:47)\n[5afc6847-b03f-43f7-8fcf-97dccb99de27/build]   | \tat org.gradle.internal.operations.DefaultBuildOperationExecutor.run(DefaultBuildOperationExecutor.java:68)\n[5afc6847-b03f-43f7-8fcf-97dccb99de27/build]   | \tat org.gradle.api.internal.tasks.execution.TaskExecution.executeAction(TaskExecution.java:227)\n[5afc6847-b03f-43f7-8fcf-97dccb99de27/build]   | \tat org.gradle.api.internal.tasks.execution.TaskExecution.executeActions(TaskExecution.java:210)\n[5afc6847-b03f-43f7-8fcf-97dccb99de27/build]   | \tat org.gradle.api.internal.tasks.execution.TaskExecution.executeWithPreviousOutputFiles(TaskExecution.java:193)\n[5afc6847-b03f-43f7-8fcf-97dccb99de27/build]   | \tat org.gradle.api.internal.tasks.execution.TaskExecution.execute(TaskExecution.java:166)\n[5afc6847-b03f-43f7-8fcf-97dccb99de27/build]   | \tat org.gradle.internal.execution.steps.ExecuteStep.executeInternal(ExecuteStep.java:105)\n[5afc6847-b03f-43f7-8fcf-97dccb99de27/build]   | \tat org.gradle.internal.execution.steps.ExecuteStep.access$000(ExecuteStep.java:44)\n[5afc6847-b03f-43f7-8fcf-97dccb99de27/build]   | \tat org.gradle.internal.execution.steps.ExecuteStep$1.call(ExecuteStep.java:59)\n[5afc6847-b03f-43f7-8fcf-97dccb99de27/build]   | \tat org.gradle.internal.execution.steps.ExecuteStep$1.call(ExecuteStep.java:56)\n[5afc6847-b03f-43f7-8fcf-97dccb99de27/build]   | \tat org.gradle.internal.operations.DefaultBuildOperationRunner$CallableBuildOperationWorker.execute(DefaultBuildOperationRunner.java:204)\n[5afc6847-b03f-43f7-8fcf-97dccb99de27/build]   | \tat org.gradle.internal.operations.DefaultBuildOperationRunner$CallableBuildOperationWorker.execute(DefaultBuildOperationRunner.java:199)\n[5afc6847-b03f-43f7-8fcf-97dccb99de27/build]   | \tat org.gradle.internal.operations.DefaultBuildOperationRunner$2.execute(DefaultBuildOperationRunner.java:66)\n[5afc6847-b03f-43f7-8fcf-97dccb99de27/build]   | \tat org.gradle.internal.operations.DefaultBuildOperationRunner$2.execute(DefaultBuildOperationRunner.java:59)\n[5afc6847-b03f-43f7-8fcf-97dccb99de27/build]   | \tat org.gradle.internal.operations.DefaultBuildOperationRunner.execute(DefaultBuildOperationRunner.java:157)\n[5afc6847-b03f-43f7-8fcf-97dccb99de27/build]   | \tat org.gradle.internal.operations.DefaultBuildOperationRunner.execute(DefaultBuildOperationRunner.java:59)\n[5afc6847-b03f-43f7-8fcf-97dccb99de27/build]   | \tat org.gradle.internal.operations.DefaultBuildOperationRunner.call(DefaultBuildOperationRunner.java:53)\n[5afc6847-b03f-43f7-8fcf-97dccb99de27/build]   | \tat org.gradle.internal.operations.DefaultBuildOperationExecutor.call(DefaultBuildOperationExecutor.java:73)\n[5afc6847-b03f-43f7-8fcf-97dccb99de27/build]   | \tat org.gradle.internal.execution.steps.ExecuteStep.execute(ExecuteStep.java:56)\n[5afc6847-b03f-43f7-8fcf-97dccb99de27/build]   | \tat org.gradle.internal.execution.steps.ExecuteStep.execute(ExecuteStep.java:44)\n[5afc6847-b03f-43f7-8fcf-97dccb99de27/build]   | \tat org.gradle.internal.execution.steps.RemovePreviousOutputsStep.execute(RemovePreviousOutputsStep.java:67)\n[5afc6847-b03f-43f7-8fcf-97dccb99de27/build]   | \tat org.gradle.internal.execution.steps.RemovePreviousOutputsStep.execute(RemovePreviousOutputsStep.java:37)\n[5afc6847-b03f-43f7-8fcf-97dccb99de27/build]   | \tat org.gradle.internal.execution.steps.CancelExecutionStep.execute(CancelExecutionStep.java:41)\n[5afc6847-b03f-43f7-8fcf-97dccb99de27/build]   | \tat org.gradle.internal.execution.steps.TimeoutStep.executeWithoutTimeout(TimeoutStep.java:74)\n[5afc6847-b03f-43f7-8fcf-97dccb99de27/build]   | \tat org.gradle.internal.execution.steps.TimeoutStep.execute(TimeoutStep.java:55)\n[5afc6847-b03f-43f7-8fcf-97dccb99de27/build]   | \tat org.gradle.internal.execution.steps.CreateOutputsStep.execute(CreateOutputsStep.java:50)\n[5afc6847-b03f-43f7-8fcf-97dccb99de27/build]   | \tat org.gradle.internal.execution.steps.CreateOutputsStep.execute(CreateOutputsStep.java:28)\n[5afc6847-b03f-43f7-8fcf-97dccb99de27/build]   | \tat org.gradle.internal.execution.steps.CaptureStateAfterExecutionStep.executeDelegateBroadcastingChanges(CaptureStateAfterExecutionStep.java:100)\n[5afc6847-b03f-43f7-8fcf-97dccb99de27/build]   | \tat org.gradle.internal.execution.steps.CaptureStateAfterExecutionStep.execute(CaptureStateAfterExecutionStep.java:72)\n[5afc6847-b03f-43f7-8fcf-97dccb99de27/build]   | \tat org.gradle.internal.execution.steps.CaptureStateAfterExecutionStep.execute(CaptureStateAfterExecutionStep.java:50)\n[5afc6847-b03f-43f7-8fcf-97dccb99de27/build]   | \tat org.gradle.internal.execution.steps.ResolveInputChangesStep.execute(ResolveInputChangesStep.java:40)\n[5afc6847-b03f-43f7-8fcf-97dccb99de27/build]   | \tat org.gradle.internal.execution.steps.ResolveInputChangesStep.execute(ResolveInputChangesStep.java:29)\n[5afc6847-b03f-43f7-8fcf-97dccb99de27/build]   | \tat org.gradle.internal.execution.steps.BuildCacheStep.executeWithoutCache(BuildCacheStep.java:166)\n[5afc6847-b03f-43f7-8fcf-97dccb99de27/build]   | \tat org.gradle.internal.execution.steps.BuildCacheStep.executeAndStoreInCache(BuildCacheStep.java:139)\n[5afc6847-b03f-43f7-8fcf-97dccb99de27/build]   | \tat org.gradle.internal.execution.steps.BuildCacheStep.lambda$executeWithCache$4(BuildCacheStep.java:106)\n[5afc6847-b03f-43f7-8fcf-97dccb99de27/build]   | \tat org.gradle.internal.execution.steps.BuildCacheStep.lambda$executeWithCache$5(BuildCacheStep.java:106)\n[5afc6847-b03f-43f7-8fcf-97dccb99de27/build]   | \tat org.gradle.internal.Try$Success.map(Try.java:164)\n[5afc6847-b03f-43f7-8fcf-97dccb99de27/build]   | \tat org.gradle.internal.execution.steps.BuildCacheStep.executeWithCache(BuildCacheStep.java:80)\n[5afc6847-b03f-43f7-8fcf-97dccb99de27/build]   | \tat org.gradle.internal.execution.steps.BuildCacheStep.lambda$execute$0(BuildCacheStep.java:69)\n[5afc6847-b03f-43f7-8fcf-97dccb99de27/build]   | \tat org.gradle.internal.Either$Left.fold(Either.java:115)\n[5afc6847-b03f-43f7-8fcf-97dccb99de27/build]   | \tat org.gradle.internal.execution.caching.CachingState.fold(CachingState.java:59)\n[5afc6847-b03f-43f7-8fcf-97dccb99de27/build]   | \tat org.gradle.internal.execution.steps.BuildCacheStep.execute(BuildCacheStep.java:68)\n[5afc6847-b03f-43f7-8fcf-97dccb99de27/build]   | \tat org.gradle.internal.execution.steps.BuildCacheStep.execute(BuildCacheStep.java:46)\n[5afc6847-b03f-43f7-8fcf-97dccb99de27/build]   | \tat org.gradle.internal.execution.steps.StoreExecutionStateStep.execute(StoreExecutionStateStep.java:36)\n[5afc6847-b03f-43f7-8fcf-97dccb99de27/build]   | \tat org.gradle.internal.execution.steps.StoreExecutionStateStep.execute(StoreExecutionStateStep.java:25)\n[5afc6847-b03f-43f7-8fcf-97dccb99de27/build]   | \tat org.gradle.internal.execution.steps.RecordOutputsStep.execute(RecordOutputsStep.java:36)\n[5afc6847-b03f-43f7-8fcf-97dccb99de27/build]   | \tat org.gradle.internal.execution.steps.RecordOutputsStep.execute(RecordOutputsStep.java:22)\n[5afc6847-b03f-43f7-8fcf-97dccb99de27/build]   | \tat org.gradle.internal.execution.steps.SkipUpToDateStep.executeBecause(SkipUpToDateStep.java:91)\n[5afc6847-b03f-43f7-8fcf-97dccb99de27/build]   | \tat org.gradle.internal.execution.steps.SkipUpToDateStep.lambda$execute$2(SkipUpToDateStep.java:55)\n[5afc6847-b03f-43f7-8fcf-97dccb99de27/build]   | \tat org.gradle.internal.execution.steps.SkipUpToDateStep.execute(SkipUpToDateStep.java:55)\n[5afc6847-b03f-43f7-8fcf-97dccb99de27/build]   | \tat org.gradle.internal.execution.steps.SkipUpToDateStep.execute(SkipUpToDateStep.java:37)\n[5afc6847-b03f-43f7-8fcf-97dccb99de27/build]   | \tat org.gradle.internal.execution.steps.ResolveChangesStep.execute(ResolveChangesStep.java:65)\n[5afc6847-b03f-43f7-8fcf-97dccb99de27/build]   | \tat org.gradle.internal.execution.steps.ResolveChangesStep.execute(ResolveChangesStep.java:36)\n[5afc6847-b03f-43f7-8fcf-97dccb99de27/build]   | \tat org.gradle.internal.execution.steps.legacy.MarkSnapshottingInputsFinishedStep.execute(MarkSnapshottingInputsFinishedStep.java:37)\n[5afc6847-b03f-43f7-8fcf-97dccb99de27/build]   | \tat org.gradle.internal.execution.steps.legacy.MarkSnapshottingInputsFinishedStep.execute(MarkSnapshottingInputsFinishedStep.java:27)\n[5afc6847-b03f-43f7-8fcf-97dccb99de27/build]   | \tat org.gradle.internal.execution.steps.ResolveCachingStateStep.execute(ResolveCachingStateStep.java:76)\n[5afc6847-b03f-43f7-8fcf-97dccb99de27/build]   | \tat org.gradle.internal.execution.steps.ResolveCachingStateStep.execute(ResolveCachingStateStep.java:37)\n[5afc6847-b03f-43f7-8fcf-97dccb99de27/build]   | \tat org.gradle.internal.execution.steps.ValidateStep.execute(ValidateStep.java:94)\n[5afc6847-b03f-43f7-8fcf-97dccb99de27/build]   | \tat org.gradle.internal.execution.steps.ValidateStep.execute(ValidateStep.java:49)\n[5afc6847-b03f-43f7-8fcf-97dccb99de27/build]   | \tat org.gradle.internal.execution.steps.CaptureStateBeforeExecutionStep.execute(CaptureStateBeforeExecutionStep.java:71)\n[5afc6847-b03f-43f7-8fcf-97dccb99de27/build]   | \tat org.gradle.internal.execution.steps.CaptureStateBeforeExecutionStep.execute(CaptureStateBeforeExecutionStep.java:45)\n[5afc6847-b03f-43f7-8fcf-97dccb99de27/build]   | \tat org.gradle.internal.execution.steps.SkipEmptyWorkStep.executeWithNonEmptySources(SkipEmptyWorkStep.java:177)\n[5afc6847-b03f-43f7-8fcf-97dccb99de27/build]   | \tat org.gradle.internal.execution.steps.SkipEmptyWorkStep.execute(SkipEmptyWorkStep.java:86)\n[5afc6847-b03f-43f7-8fcf-97dccb99de27/build]   | \tat org.gradle.internal.execution.steps.SkipEmptyWorkStep.execute(SkipEmptyWorkStep.java:53)\n[5afc6847-b03f-43f7-8fcf-97dccb99de27/build]   | \tat org.gradle.internal.execution.steps.RemoveUntrackedExecutionStateStep.execute(RemoveUntrackedExecutionStateStep.java:32)\n[5afc6847-b03f-43f7-8fcf-97dccb99de27/build]   | \tat org.gradle.internal.execution.steps.RemoveUntrackedExecutionStateStep.execute(RemoveUntrackedExecutionStateStep.java:21)\n[5afc6847-b03f-43f7-8fcf-97dccb99de27/build]   | \tat org.gradle.internal.execution.steps.legacy.MarkSnapshottingInputsStartedStep.execute(MarkSnapshottingInputsStartedStep.java:38)\n[5afc6847-b03f-43f7-8fcf-97dccb99de27/build]   | \tat org.gradle.internal.execution.steps.LoadPreviousExecutionStateStep.execute(LoadPreviousExecutionStateStep.java:36)\n[5afc6847-b03f-43f7-8fcf-97dccb99de27/build]   | \tat org.gradle.internal.execution.steps.LoadPreviousExecutionStateStep.execute(LoadPreviousExecutionStateStep.java:23)\n[5afc6847-b03f-43f7-8fcf-97dccb99de27/build]   | \tat org.gradle.internal.execution.steps.CleanupStaleOutputsStep.execute(CleanupStaleOutputsStep.java:75)\n[5afc6847-b03f-43f7-8fcf-97dccb99de27/build]   | \tat org.gradle.internal.execution.steps.CleanupStaleOutputsStep.execute(CleanupStaleOutputsStep.java:41)\n[5afc6847-b03f-43f7-8fcf-97dccb99de27/build]   | \tat org.gradle.internal.execution.steps.AssignWorkspaceStep.lambda$execute$0(AssignWorkspaceStep.java:32)\n[5afc6847-b03f-43f7-8fcf-97dccb99de27/build]   | \tat org.gradle.api.internal.tasks.execution.TaskExecution$4.withWorkspace(TaskExecution.java:287)\n[5afc6847-b03f-43f7-8fcf-97dccb99de27/build]   | \tat org.gradle.internal.execution.steps.AssignWorkspaceStep.execute(AssignWorkspaceStep.java:30)\n[5afc6847-b03f-43f7-8fcf-97dccb99de27/build]   | \tat org.gradle.internal.execution.steps.AssignWorkspaceStep.execute(AssignWorkspaceStep.java:21)\n[5afc6847-b03f-43f7-8fcf-97dccb99de27/build]   | \tat org.gradle.internal.execution.steps.IdentityCacheStep.execute(IdentityCacheStep.java:37)\n[5afc6847-b03f-43f7-8fcf-97dccb99de27/build]   | \tat org.gradle.internal.execution.steps.IdentityCacheStep.execute(IdentityCacheStep.java:27)\n[5afc6847-b03f-43f7-8fcf-97dccb99de27/build]   | \tat org.gradle.internal.execution.steps.IdentifyStep.execute(IdentifyStep.java:47)\n[5afc6847-b03f-43f7-8fcf-97dccb99de27/build]   | \tat org.gradle.internal.execution.steps.IdentifyStep.execute(IdentifyStep.java:34)\n[5afc6847-b03f-43f7-8fcf-97dccb99de27/build]   | \tat org.gradle.internal.execution.impl.DefaultExecutionEngine$1.execute(DefaultExecutionEngine.java:64)\n[5afc6847-b03f-43f7-8fcf-97dccb99de27/build]   | \tat org.gradle.api.internal.tasks.execution.ExecuteActionsTaskExecuter.executeIfValid(ExecuteActionsTaskExecuter.java:146)\n[5afc6847-b03f-43f7-8fcf-97dccb99de27/build]   | \tat org.gradle.api.internal.tasks.execution.ExecuteActionsTaskExecuter.execute(ExecuteActionsTaskExecuter.java:135)\n[5afc6847-b03f-43f7-8fcf-97dccb99de27/build]   | \tat org.gradle.api.internal.tasks.execution.FinalizePropertiesTaskExecuter.execute(FinalizePropertiesTaskExecuter.java:46)\n[5afc6847-b03f-43f7-8fcf-97dccb99de27/build]   | \tat org.gradle.api.internal.tasks.execution.ResolveTaskExecutionModeExecuter.execute(ResolveTaskExecutionModeExecuter.java:51)\n[5afc6847-b03f-43f7-8fcf-97dccb99de27/build]   | \tat org.gradle.api.internal.tasks.execution.SkipTaskWithNoActionsExecuter.execute(SkipTaskWithNoActionsExecuter.java:57)\n[5afc6847-b03f-43f7-8fcf-97dccb99de27/build]   | \tat org.gradle.api.internal.tasks.execution.SkipOnlyIfTaskExecuter.execute(SkipOnlyIfTaskExecuter.java:74)\n[5afc6847-b03f-43f7-8fcf-97dccb99de27/build]   | \tat org.gradle.api.internal.tasks.execution.CatchExceptionTaskExecuter.execute(CatchExceptionTaskExecuter.java:36)\n[5afc6847-b03f-43f7-8fcf-97dccb99de27/build]   | \tat org.gradle.api.internal.tasks.execution.EventFiringTaskExecuter$1.executeTask(EventFiringTaskExecuter.java:77)\n[5afc6847-b03f-43f7-8fcf-97dccb99de27/build]   | \tat org.gradle.api.internal.tasks.execution.EventFiringTaskExecuter$1.call(EventFiringTaskExecuter.java:55)\n[5afc6847-b03f-43f7-8fcf-97dccb99de27/build]   | \tat org.gradle.api.internal.tasks.execution.EventFiringTaskExecuter$1.call(EventFiringTaskExecuter.java:52)\n[5afc6847-b03f-43f7-8fcf-97dccb99de27/build]   | \tat org.gradle.internal.operations.DefaultBuildOperationRunner$CallableBuildOperationWorker.execute(DefaultBuildOperationRunner.java:204)\n[5afc6847-b03f-43f7-8fcf-97dccb99de27/build]   | \tat org.gradle.internal.operations.DefaultBuildOperationRunner$CallableBuildOperationWorker.execute(DefaultBuildOperationRunner.java:199)\n[5afc6847-b03f-43f7-8fcf-97dccb99de27/build]   | \tat org.gradle.internal.operations.DefaultBuildOperationRunner$2.execute(DefaultBuildOperationRunner.java:66)\n[5afc6847-b03f-43f7-8fcf-97dccb99de27/build]   | \tat org.gradle.internal.operations.DefaultBuildOperationRunner$2.execute(DefaultBuildOperationRunner.java:59)\n[5afc6847-b03f-43f7-8fcf-97dccb99de27/build]   | \tat org.gradle.internal.operations.DefaultBuildOperationRunner.execute(DefaultBuildOperationRunner.java:157)\n[5afc6847-b03f-43f7-8fcf-97dccb99de27/build]   | \tat org.gradle.internal.operations.DefaultBuildOperationRunner.execute(DefaultBuildOperationRunner.java:59)\n[5afc6847-b03f-43f7-8fcf-97dccb99de27/build]   | \tat org.gradle.internal.operations.DefaultBuildOperationRunner.call(DefaultBuildOperationRunner.java:53)\n[5afc6847-b03f-43f7-8fcf-97dccb99de27/build]   | \tat org.gradle.internal.operations.DefaultBuildOperationExecutor.call(DefaultBuildOperationExecutor.java:73)\n[5afc6847-b03f-43f7-8fcf-97dccb99de27/build]   | \tat org.gradle.api.internal.tasks.execution.EventFiringTaskExecuter.execute(EventFiringTaskExecuter.java:52)\n[5afc6847-b03f-43f7-8fcf-97dccb99de27/build]   | \tat org.gradle.execution.plan.LocalTaskNodeExecutor.execute(LocalTaskNodeExecutor.java:42)\n[5afc6847-b03f-43f7-8fcf-97dccb99de27/build]   | \tat org.gradle.execution.taskgraph.DefaultTaskExecutionGraph$InvokeNodeExecutorsAction.execute(DefaultTaskExecutionGraph.java:337)\n[5afc6847-b03f-43f7-8fcf-97dccb99de27/build]   | \tat org.gradle.execution.taskgraph.DefaultTaskExecutionGraph$InvokeNodeExecutorsAction.execute(DefaultTaskExecutionGraph.java:324)\n[5afc6847-b03f-43f7-8fcf-97dccb99de27/build]   | \tat org.gradle.execution.taskgraph.DefaultTaskExecutionGraph$BuildOperationAwareExecutionAction.execute(DefaultTaskExecutionGraph.java:317)\n[5afc6847-b03f-43f7-8fcf-97dccb99de27/build]   | \tat org.gradle.execution.taskgraph.DefaultTaskExecutionGraph$BuildOperationAwareExecutionAction.execute(DefaultTaskExecutionGraph.java:303)\n[5afc6847-b03f-43f7-8fcf-97dccb99de27/build]   | \tat org.gradle.execution.plan.DefaultPlanExecutor$ExecutorWorker.execute(DefaultPlanExecutor.java:463)\n[5afc6847-b03f-43f7-8fcf-97dccb99de27/build]   | \tat org.gradle.execution.plan.DefaultPlanExecutor$ExecutorWorker.run(DefaultPlanExecutor.java:380)\n[5afc6847-b03f-43f7-8fcf-97dccb99de27/build]   | \tat org.gradle.execution.plan.DefaultPlanExecutor.process(DefaultPlanExecutor.java:116)\n[5afc6847-b03f-43f7-8fcf-97dccb99de27/build]   | \tat org.gradle.execution.taskgraph.DefaultTaskExecutionGraph.executeWithServices(DefaultTaskExecutionGraph.java:138)\n[5afc6847-b03f-43f7-8fcf-97dccb99de27/build]   | \tat org.gradle.execution.taskgraph.DefaultTaskExecutionGraph.execute(DefaultTaskExecutionGraph.java:123)\n[5afc6847-b03f-43f7-8fcf-97dccb99de27/build]   | \tat org.gradle.execution.SelectedTaskExecutionAction.execute(SelectedTaskExecutionAction.java:35)\n[5afc6847-b03f-43f7-8fcf-97dccb99de27/build]   | \tat org.gradle.execution.DryRunBuildExecutionAction.execute(DryRunBuildExecutionAction.java:51)\n[5afc6847-b03f-43f7-8fcf-97dccb99de27/build]   | \tat org.gradle.execution.BuildOperationFiringBuildWorkerExecutor$ExecuteTasks.call(BuildOperationFiringBuildWorkerExecutor.java:54)\n[5afc6847-b03f-43f7-8fcf-97dccb99de27/build]   | \tat org.gradle.execution.BuildOperationFiringBuildWorkerExecutor$ExecuteTasks.call(BuildOperationFiringBuildWorkerExecutor.java:43)\n[5afc6847-b03f-43f7-8fcf-97dccb99de27/build]   | \tat org.gradle.internal.operations.DefaultBuildOperationRunner$CallableBuildOperationWorker.execute(DefaultBuildOperationRunner.java:204)\n[5afc6847-b03f-43f7-8fcf-97dccb99de27/build]   | \tat org.gradle.internal.operations.DefaultBuildOperationRunner$CallableBuildOperationWorker.execute(DefaultBuildOperationRunner.java:199)\n[5afc6847-b03f-43f7-8fcf-97dccb99de27/build]   | \tat org.gradle.internal.operations.DefaultBuildOperationRunner$2.execute(DefaultBuildOperationRunner.java:66)\n[5afc6847-b03f-43f7-8fcf-97dccb99de27/build]   | \tat org.gradle.internal.operations.DefaultBuildOperationRunner$2.execute(DefaultBuildOperationRunner.java:59)\n[5afc6847-b03f-43f7-8fcf-97dccb99de27/build]   | \tat org.gradle.internal.operations.DefaultBuildOperationRunner.execute(DefaultBuildOperationRunner.java:157)\n[5afc6847-b03f-43f7-8fcf-97dccb99de27/build]   | \tat org.gradle.internal.operations.DefaultBuildOperationRunner.execute(DefaultBuildOperationRunner.java:59)\n[5afc6847-b03f-43f7-8fcf-97dccb99de27/build]   | \tat org.gradle.internal.operations.DefaultBuildOperationRunner.call(DefaultBuildOperationRunner.java:53)\n[5afc6847-b03f-43f7-8fcf-97dccb99de27/build]   | \tat org.gradle.internal.operations.DefaultBuildOperationExecutor.call(DefaultBuildOperationExecutor.java:73)\n[5afc6847-b03f-43f7-8fcf-97dccb99de27/build]   | \tat org.gradle.execution.BuildOperationFiringBuildWorkerExecutor.execute(BuildOperationFiringBuildWorkerExecutor.java:40)\n[5afc6847-b03f-43f7-8fcf-97dccb99de27/build]   | \tat org.gradle.internal.build.DefaultBuildLifecycleController.lambda$executeTasks$10(DefaultBuildLifecycleController.java:202)\n[5afc6847-b03f-43f7-8fcf-97dccb99de27/build]   | \tat org.gradle.internal.model.StateTransitionController.doTransition(StateTransitionController.java:266)\n[5afc6847-b03f-43f7-8fcf-97dccb99de27/build]   | \tat org.gradle.internal.model.StateTransitionController.lambda$tryTransition$8(StateTransitionController.java:177)\n[5afc6847-b03f-43f7-8fcf-97dccb99de27/build]   | \tat org.gradle.internal.work.DefaultSynchronizer.withLock(DefaultSynchronizer.java:44)\n[5afc6847-b03f-43f7-8fcf-97dccb99de27/build]   | \tat org.gradle.internal.model.StateTransitionController.tryTransition(StateTransitionController.java:177)\n[5afc6847-b03f-43f7-8fcf-97dccb99de27/build]   | \tat org.gradle.internal.build.DefaultBuildLifecycleController.executeTasks(DefaultBuildLifecycleController.java:202)\n[5afc6847-b03f-43f7-8fcf-97dccb99de27/build]   | \tat org.gradle.internal.build.DefaultBuildWorkGraphController$DefaultBuildWorkGraph.runWork(DefaultBuildWorkGraphController.java:209)\n[5afc6847-b03f-43f7-8fcf-97dccb99de27/build]   | \tat org.gradle.internal.work.DefaultWorkerLeaseService.withLocks(DefaultWorkerLeaseService.java:249)\n[5afc6847-b03f-43f7-8fcf-97dccb99de27/build]   | \tat org.gradle.internal.work.DefaultWorkerLeaseService.runAsWorkerThread(DefaultWorkerLeaseService.java:109)\n[5afc6847-b03f-43f7-8fcf-97dccb99de27/build]   | \tat org.gradle.composite.internal.DefaultBuildController.doRun(DefaultBuildController.java:172)\n[5afc6847-b03f-43f7-8fcf-97dccb99de27/build]   | \tat org.gradle.composite.internal.DefaultBuildController.access$000(DefaultBuildController.java:47)\n[5afc6847-b03f-43f7-8fcf-97dccb99de27/build]   | \tat org.gradle.composite.internal.DefaultBuildController$BuildOpRunnable.run(DefaultBuildController.java:191)\n[5afc6847-b03f-43f7-8fcf-97dccb99de27/build]   | \tat org.gradle.internal.concurrent.ExecutorPolicy$CatchAndRecordFailures.onExecute(ExecutorPolicy.java:64)\n[5afc6847-b03f-43f7-8fcf-97dccb99de27/build]   | \tat org.gradle.internal.concurrent.ManagedExecutorImpl$1.run(ManagedExecutorImpl.java:49)\n[5afc6847-b03f-43f7-8fcf-97dccb99de27/build]   | \n[5afc6847-b03f-43f7-8fcf-97dccb99de27/build]   | \n[5afc6847-b03f-43f7-8fcf-97dccb99de27/build]   | * Get more help at https://help.gradle.org\n[5afc6847-b03f-43f7-8fcf-97dccb99de27/build]   | \n[5afc6847-b03f-43f7-8fcf-97dccb99de27/build]   | BUILD FAILED in 36s\n[5afc6847-b03f-43f7-8fcf-97dccb99de27/build]   | 5 actionable tasks: 4 executed, 1 up-to-date\n[5afc6847-b03f-43f7-8fcf-97dccb99de27/build]   \u274c  Failure - Main Build and test with Gradle\n[5afc6847-b03f-43f7-8fcf-97dccb99de27/build] exitcode '1': failure\n[5afc6847-b03f-43f7-8fcf-97dccb99de27/build] \u2b50 Run Post Set up JDK 11\n[5afc6847-b03f-43f7-8fcf-97dccb99de27/build]   \ud83d\udc33  docker exec cmd=[node /var/run/act/actions/actions-setup-java@v1/dist/cleanup/index.js] user= workdir=\n[5afc6847-b03f-43f7-8fcf-97dccb99de27/build]   \u2705  Success - Post Set up JDK 11\n[5afc6847-b03f-43f7-8fcf-97dccb99de27/build] \ud83c\udfc1  Job failed\n",
        "stderr": "Error: Job 'build' failed\n",
        "workflow": "/tmp/3d783ea4-1661-11ee-8a50-bb14de238602/holgerbrandl-themoviedbapi/.github/workflows/build-crawler.yml",
        "build_tool": "gradle",
        "elapsed_time": 97.3873462677002
    }
}