{
    "repository": "jakob-grabner/Circle-Progress-View",
    "stars": 1272,
    "language": "java",
    "size": 9759,
    "clone_url": "https://github.com/jakob-grabner/Circle-Progress-View.git",
    "timestamp": "2023-06-29T11:35:45.873410Z",
    "clone_success": true,
    "number_of_actions": 1,
    "number_of_test_actions": 1,
    "actions_successful": false,
    "actions_build_tools": [
        "gradle"
    ],
    "actions_test_build_tools": [
        "gradle"
    ],
    "actions_run": {
        "failed": true,
        "tests": [],
        "stdout": "[98551262-3528-4355-9660-92d7c0187e73/build] \ud83d\ude80  Start image=crawlergpt:latest\n[98551262-3528-4355-9660-92d7c0187e73/build]   \ud83d\udc33  docker pull image=crawlergpt:latest platform= username= forcePull=false\n[98551262-3528-4355-9660-92d7c0187e73/build]   \ud83d\udc33  docker create image=crawlergpt:latest platform= entrypoint=[\"tail\" \"-f\" \"/dev/null\"] cmd=[]\n[98551262-3528-4355-9660-92d7c0187e73/build]   \ud83d\udc33  docker run image=crawlergpt:latest platform= entrypoint=[\"tail\" \"-f\" \"/dev/null\"] cmd=[]\n[98551262-3528-4355-9660-92d7c0187e73/build]   \ud83d\udc33  docker exec cmd=[chown -R 1012:1013 /tmp/3d783ea4-1661-11ee-8a50-bb14de238602/jakob-grabner-Circle-Progress-View] user=0 workdir=\n[98551262-3528-4355-9660-92d7c0187e73/build]   \u2601  git clone 'https://github.com/actions/setup-java' # ref=v3\n[98551262-3528-4355-9660-92d7c0187e73/build] \u2b50 Run Main actions/checkout@v3\n[98551262-3528-4355-9660-92d7c0187e73/build]   \u2705  Success - Main actions/checkout@v3\n[98551262-3528-4355-9660-92d7c0187e73/build] \u2b50 Run Main set up JDK 11\n[98551262-3528-4355-9660-92d7c0187e73/build]   \ud83d\udc33  docker cp src=/tmp/act-cache/73d6ca50-1ef6-4da2-9153-6d19029a6e77/act/actions-setup-java@v3/ dst=/var/run/act/actions/actions-setup-java@v3/\n[98551262-3528-4355-9660-92d7c0187e73/build]   \ud83d\udc33  docker exec cmd=[chown -R 1012:1013 /var/run/act/actions/actions-setup-java@v3/] user=0 workdir=\n[98551262-3528-4355-9660-92d7c0187e73/build]   \ud83d\udc33  docker exec cmd=[node /var/run/act/actions/actions-setup-java@v3/dist/setup/index.js] user= workdir=\n[98551262-3528-4355-9660-92d7c0187e73/build]   \u2753  ::group::Installed distributions\n[98551262-3528-4355-9660-92d7c0187e73/build]   | Trying to resolve the latest version from remote\n[98551262-3528-4355-9660-92d7c0187e73/build]   | Resolved latest version as 11.0.19+7\n[98551262-3528-4355-9660-92d7c0187e73/build]   | Trying to download...\n[98551262-3528-4355-9660-92d7c0187e73/build]   | Downloading Java 11.0.19+7 (Temurin-Hotspot) from https://github.com/adoptium/temurin11-binaries/releases/download/jdk-11.0.19%2B7/OpenJDK11U-jdk_x64_linux_hotspot_11.0.19_7.tar.gz ...\n[98551262-3528-4355-9660-92d7c0187e73/build]   \ud83d\udcac  ::debug::Downloading https://github.com/adoptium/temurin11-binaries/releases/download/jdk-11.0.19%252B7/OpenJDK11U-jdk_x64_linux_hotspot_11.0.19_7.tar.gz\n[98551262-3528-4355-9660-92d7c0187e73/build]   \ud83d\udcac  ::debug::Destination /tmp/8ed82f73-5ffc-441e-96a0-f2decf5151e1\n[98551262-3528-4355-9660-92d7c0187e73/build]   \ud83d\udcac  ::debug::download complete\n[98551262-3528-4355-9660-92d7c0187e73/build]   | Extracting Java archive...\n[98551262-3528-4355-9660-92d7c0187e73/build]   \ud83d\udcac  ::debug::Checking tar --version\n[98551262-3528-4355-9660-92d7c0187e73/build]   \ud83d\udcac  ::debug::tar (GNU tar) 1.30%0ACopyright (C) 2017 Free Software Foundation, Inc.%0ALicense GPLv3+: GNU GPL version 3 or later <https://gnu.org/licenses/gpl.html>.%0AThis is free software: you are free to change and redistribute it.%0AThere is NO WARRANTY, to the extent permitted by law.%0A%0AWritten by John Gilmore and Jay Fenlason.\n[98551262-3528-4355-9660-92d7c0187e73/build]   | [command]/usr/bin/tar xz --warning=no-unknown-keyword -C /tmp/13a98fa8-a783-48b0-b9fb-ea0d8c8e8e88 -f /tmp/8ed82f73-5ffc-441e-96a0-f2decf5151e1\n[98551262-3528-4355-9660-92d7c0187e73/build]   \ud83d\udcac  ::debug::Caching tool Java_Temurin-Hotspot_jdk 11.0.19-7 x64\n[98551262-3528-4355-9660-92d7c0187e73/build]   \ud83d\udcac  ::debug::source dir: /tmp/13a98fa8-a783-48b0-b9fb-ea0d8c8e8e88/jdk-11.0.19+7\n[98551262-3528-4355-9660-92d7c0187e73/build]   \ud83d\udcac  ::debug::destination /opt/hostedtoolcache/Java_Temurin-Hotspot_jdk/11.0.19-7/x64\n[98551262-3528-4355-9660-92d7c0187e73/build]   \ud83d\udcac  ::debug::finished caching tool\n[98551262-3528-4355-9660-92d7c0187e73/build]   | Java 11.0.19+7 was downloaded\n[98551262-3528-4355-9660-92d7c0187e73/build]   | Setting Java 11.0.19+7 as the default\n[98551262-3528-4355-9660-92d7c0187e73/build]   | Creating toolchains.xml for JDK version 11 from temurin\n[98551262-3528-4355-9660-92d7c0187e73/build]   | Writing to /home/runneradmin/.m2/toolchains.xml\n[98551262-3528-4355-9660-92d7c0187e73/build]   | \n[98551262-3528-4355-9660-92d7c0187e73/build]   | Java configuration:\n[98551262-3528-4355-9660-92d7c0187e73/build]   |   Distribution: temurin\n[98551262-3528-4355-9660-92d7c0187e73/build]   |   Version: 11.0.19+7\n[98551262-3528-4355-9660-92d7c0187e73/build]   |   Path: /opt/hostedtoolcache/Java_Temurin-Hotspot_jdk/11.0.19-7/x64\n[98551262-3528-4355-9660-92d7c0187e73/build]   | \n[98551262-3528-4355-9660-92d7c0187e73/build]   \u2753  ::endgroup::\n[98551262-3528-4355-9660-92d7c0187e73/build]   \u2753 add-matcher /run/act/actions/actions-setup-java@v3/.github/java.json\n[98551262-3528-4355-9660-92d7c0187e73/build]   | Creating settings.xml with server-id: github\n[98551262-3528-4355-9660-92d7c0187e73/build]   | Writing to /home/runneradmin/.m2/settings.xml\n[98551262-3528-4355-9660-92d7c0187e73/build]   \ud83d\udcac  ::debug::followSymbolicLinks 'true'\n[98551262-3528-4355-9660-92d7c0187e73/build]   \ud83d\udcac  ::debug::followSymbolicLinks 'true'\n[98551262-3528-4355-9660-92d7c0187e73/build]   \ud83d\udcac  ::debug::implicitDescendants 'true'\n[98551262-3528-4355-9660-92d7c0187e73/build]   \ud83d\udcac  ::debug::matchDirectories 'true'\n[98551262-3528-4355-9660-92d7c0187e73/build]   \ud83d\udcac  ::debug::omitBrokenSymbolicLinks 'true'\n[98551262-3528-4355-9660-92d7c0187e73/build]   \ud83d\udcac  ::debug::Search path '/tmp/3d783ea4-1661-11ee-8a50-bb14de238602/jakob-grabner-Circle-Progress-View'\n[98551262-3528-4355-9660-92d7c0187e73/build]   \ud83d\udcac  ::debug::/tmp/3d783ea4-1661-11ee-8a50-bb14de238602/jakob-grabner-Circle-Progress-View/CircleProgressView/build.gradle\n[98551262-3528-4355-9660-92d7c0187e73/build]   \ud83d\udcac  ::debug::/tmp/3d783ea4-1661-11ee-8a50-bb14de238602/jakob-grabner-Circle-Progress-View/ExampleApp/build.gradle\n[98551262-3528-4355-9660-92d7c0187e73/build]   \ud83d\udcac  ::debug::/tmp/3d783ea4-1661-11ee-8a50-bb14de238602/jakob-grabner-Circle-Progress-View/build.gradle\n[98551262-3528-4355-9660-92d7c0187e73/build]   \ud83d\udcac  ::debug::/tmp/3d783ea4-1661-11ee-8a50-bb14de238602/jakob-grabner-Circle-Progress-View/gradle/wrapper/gradle-wrapper.properties\n[98551262-3528-4355-9660-92d7c0187e73/build]   \ud83d\udcac  ::debug::/tmp/3d783ea4-1661-11ee-8a50-bb14de238602/jakob-grabner-Circle-Progress-View/settings.gradle\n[98551262-3528-4355-9660-92d7c0187e73/build]   \ud83d\udcac  ::debug::Found 5 files to hash.\n[98551262-3528-4355-9660-92d7c0187e73/build]   \ud83d\udcac  ::debug::primary key is setup-java-Linux-gradle-c4a4885e8440545e0540caed48601e625628b6c23645eb56b73e99cbfaca66c4\n[98551262-3528-4355-9660-92d7c0187e73/build]   \ud83d\udcac  ::debug::Resolved Keys:\n[98551262-3528-4355-9660-92d7c0187e73/build]   \ud83d\udcac  ::debug::[\"setup-java-Linux-gradle-c4a4885e8440545e0540caed48601e625628b6c23645eb56b73e99cbfaca66c4\"]\n[98551262-3528-4355-9660-92d7c0187e73/build]   \ud83d\udcac  ::debug::Checking zstd --version\n[98551262-3528-4355-9660-92d7c0187e73/build]   \ud83d\udcac  ::debug::*** zstd command line interface 64-bits v1.5.0, by Yann Collet ***\n[98551262-3528-4355-9660-92d7c0187e73/build]   \ud83d\udcac  ::debug::Resource Url: http://130.242.72.40:38781/_apis/artifactcache/cache?keys=setup-java-Linux-gradle-c4a4885e8440545e0540caed48601e625628b6c23645eb56b73e99cbfaca66c4&version=09ba73ab57fcd4582177c49695fd068c4719cc0cab32d2335af27897fd9c08a0\n[98551262-3528-4355-9660-92d7c0187e73/build]   \ud83d\udcac  ::debug::Failed to delete archive: Error: ENOENT: no such file or directory, unlink ''\n[98551262-3528-4355-9660-92d7c0187e73/build]   | gradle cache is not found\n[98551262-3528-4355-9660-92d7c0187e73/build]   \u2705  Success - Main set up JDK 11\n[98551262-3528-4355-9660-92d7c0187e73/build]   \u2699  ::set-env:: JAVA_HOME=/opt/hostedtoolcache/Java_Temurin-Hotspot_jdk/11.0.19-7/x64\n[98551262-3528-4355-9660-92d7c0187e73/build]   \u2699  ::set-env:: JAVA_HOME_11_X64=/opt/hostedtoolcache/Java_Temurin-Hotspot_jdk/11.0.19-7/x64\n[98551262-3528-4355-9660-92d7c0187e73/build]   \u2699  ::set-output:: cache-hit=false\n[98551262-3528-4355-9660-92d7c0187e73/build]   \u2699  ::set-output:: distribution=Temurin-Hotspot\n[98551262-3528-4355-9660-92d7c0187e73/build]   \u2699  ::set-output:: path=/opt/hostedtoolcache/Java_Temurin-Hotspot_jdk/11.0.19-7/x64\n[98551262-3528-4355-9660-92d7c0187e73/build]   \u2699  ::set-output:: version=11.0.19+7\n[98551262-3528-4355-9660-92d7c0187e73/build]   \u2699  ::add-path:: /opt/hostedtoolcache/Java_Temurin-Hotspot_jdk/11.0.19-7/x64/bin\n[98551262-3528-4355-9660-92d7c0187e73/build] \u2b50 Run Main Grant execute permission for gradlew\n[98551262-3528-4355-9660-92d7c0187e73/build]   \ud83d\udc33  docker exec cmd=[bash --noprofile --norc -e -o pipefail /var/run/act/workflow/2] user= workdir=\n[98551262-3528-4355-9660-92d7c0187e73/build]   \u2705  Success - Main Grant execute permission for gradlew\n[98551262-3528-4355-9660-92d7c0187e73/build] \u2b50 Run Main Build with Gradle\n[98551262-3528-4355-9660-92d7c0187e73/build]   \ud83d\udc33  docker exec cmd=[bash --noprofile --norc -e -o pipefail /var/run/act/workflow/3] user= workdir=\n[98551262-3528-4355-9660-92d7c0187e73/build]   | Downloading https://services.gradle.org/distributions/gradle-5.1.1-bin.zip\n[98551262-3528-4355-9660-92d7c0187e73/build]   | ................................................................................................................................................................................................................................................................................................................................................................................................................................................................................................................................................................................................................................................................................................................................................................................................................................................................................................................................................................................................................................................................................................................................................................................................................................................................................................................................................................................................................................................................................................................................................................................................................................................................................................................................................................................................................................................................................................................................................................................................................................................................................................................................................................................................................................................................................................................................................................................................................................................................................................................................................................................................................................................................................................................................................................................................................................................................................................................................................................................................................................................................................................................................................................................................................................................................................................................................................................................................................................................................................................................................................................................................................................................................................................................................................................................................................................................................................................................................................................................................................................................................................................................................................................................................................................................................................................................................................................................................................................................................\n[98551262-3528-4355-9660-92d7c0187e73/build]   | Unzipping /home/runneradmin/.gradle/wrapper/dists/gradle-5.1.1-bin/4oeukamq1rago763bo4isqvapn/gradle-5.1.1-bin.zip to /home/runneradmin/.gradle/wrapper/dists/gradle-5.1.1-bin/4oeukamq1rago763bo4isqvapn\n[98551262-3528-4355-9660-92d7c0187e73/build]   | Set executable permissions for: /home/runneradmin/.gradle/wrapper/dists/gradle-5.1.1-bin/4oeukamq1rago763bo4isqvapn/gradle-5.1.1/bin/gradle\n[98551262-3528-4355-9660-92d7c0187e73/build]   | \n[98551262-3528-4355-9660-92d7c0187e73/build]   | Welcome to Gradle 5.1.1!\n[98551262-3528-4355-9660-92d7c0187e73/build]   | \n[98551262-3528-4355-9660-92d7c0187e73/build]   | Here are the highlights of this release:\n[98551262-3528-4355-9660-92d7c0187e73/build]   |  - Control which dependencies can be retrieved from which repositories\n[98551262-3528-4355-9660-92d7c0187e73/build]   |  - Production-ready configuration avoidance APIs\n[98551262-3528-4355-9660-92d7c0187e73/build]   | \n[98551262-3528-4355-9660-92d7c0187e73/build]   | For more details see https://docs.gradle.org/5.1.1/release-notes.html\n[98551262-3528-4355-9660-92d7c0187e73/build]   | \n[98551262-3528-4355-9660-92d7c0187e73/build]   | Starting a Gradle Daemon (subsequent builds will be faster)\n[98551262-3528-4355-9660-92d7c0187e73/build]   | \n[98551262-3528-4355-9660-92d7c0187e73/build]   | FAILURE: Build completed with 2 failures.\n[98551262-3528-4355-9660-92d7c0187e73/build]   | \n[98551262-3528-4355-9660-92d7c0187e73/build]   | 1: Task failed with an exception.\n[98551262-3528-4355-9660-92d7c0187e73/build]   | -----------\n[98551262-3528-4355-9660-92d7c0187e73/build]   | * Where:\n[98551262-3528-4355-9660-92d7c0187e73/build]   | Build file '/tmp/3d783ea4-1661-11ee-8a50-bb14de238602/jakob-grabner-Circle-Progress-View/CircleProgressView/build.gradle' line: 42\n[98551262-3528-4355-9660-92d7c0187e73/build]   | \n[98551262-3528-4355-9660-92d7c0187e73/build]   | * What went wrong:\n[98551262-3528-4355-9660-92d7c0187e73/build]   | A problem occurred evaluating project ':CircleProgressView'.\n[98551262-3528-4355-9660-92d7c0187e73/build]   | > SDK location not found.\n[98551262-3528-4355-9660-92d7c0187e73/build]   | \n[98551262-3528-4355-9660-92d7c0187e73/build]   | * Try:\n[98551262-3528-4355-9660-92d7c0187e73/build]   | Run with --stacktrace option to get the stack trace. Run with --info or --debug option to get more log output. Run with --scan to get full insights.\n[98551262-3528-4355-9660-92d7c0187e73/build]   | ==============================================================================\n[98551262-3528-4355-9660-92d7c0187e73/build]   | \n[98551262-3528-4355-9660-92d7c0187e73/build]   | 2: Task failed with an exception.\n[98551262-3528-4355-9660-92d7c0187e73/build]   | -----------\n[98551262-3528-4355-9660-92d7c0187e73/build]   | * What went wrong:\n[98551262-3528-4355-9660-92d7c0187e73/build]   | A problem occurred configuring project ':CircleProgressView'.\n[98551262-3528-4355-9660-92d7c0187e73/build]   | > SDK location not found. Define location with an ANDROID_SDK_ROOT environment variable or by setting the sdk.dir path in your project's local properties file at '/tmp/3d783ea4-1661-11ee-8a50-bb14de238602/jakob-grabner-Circle-Progress-View/local.properties'.\n[98551262-3528-4355-9660-92d7c0187e73/build]   | \n[98551262-3528-4355-9660-92d7c0187e73/build]   | * Try:\n[98551262-3528-4355-9660-92d7c0187e73/build]   | Run with --stacktrace option to get the stack trace. Run with --info or --debug option to get more log output. Run with --scan to get full insights.\n[98551262-3528-4355-9660-92d7c0187e73/build]   | ==============================================================================\n[98551262-3528-4355-9660-92d7c0187e73/build]   | \n[98551262-3528-4355-9660-92d7c0187e73/build]   | * Get more help at https://help.gradle.org\n[98551262-3528-4355-9660-92d7c0187e73/build]   | \n[98551262-3528-4355-9660-92d7c0187e73/build]   | BUILD FAILED in 22s\n[98551262-3528-4355-9660-92d7c0187e73/build]   \u274c  Failure - Main Build with Gradle\n[98551262-3528-4355-9660-92d7c0187e73/build] exitcode '1': failure\n[98551262-3528-4355-9660-92d7c0187e73/build] \u2b50 Run Post set up JDK 11\n[98551262-3528-4355-9660-92d7c0187e73/build]   \ud83d\udc33  docker exec cmd=[node /var/run/act/actions/actions-setup-java@v3/dist/cleanup/index.js] user= workdir=\n[98551262-3528-4355-9660-92d7c0187e73/build]   \ud83d\udcac  ::debug::Checking zstd --version\n[98551262-3528-4355-9660-92d7c0187e73/build]   \ud83d\udcac  ::debug::*** zstd command line interface 64-bits v1.5.0, by Yann Collet ***\n[98551262-3528-4355-9660-92d7c0187e73/build]   \ud83d\udcac  ::debug::implicitDescendants 'false'\n[98551262-3528-4355-9660-92d7c0187e73/build]   \ud83d\udcac  ::debug::followSymbolicLinks 'true'\n[98551262-3528-4355-9660-92d7c0187e73/build]   \ud83d\udcac  ::debug::implicitDescendants 'false'\n[98551262-3528-4355-9660-92d7c0187e73/build]   \ud83d\udcac  ::debug::omitBrokenSymbolicLinks 'true'\n[98551262-3528-4355-9660-92d7c0187e73/build]   \ud83d\udcac  ::debug::Search path '/home/runneradmin/.gradle/caches'\n[98551262-3528-4355-9660-92d7c0187e73/build]   \ud83d\udcac  ::debug::Search path '/home/runneradmin/.gradle/wrapper'\n[98551262-3528-4355-9660-92d7c0187e73/build]   \ud83d\udcac  ::debug::Matched: ../../../home/runneradmin/.gradle/caches\n[98551262-3528-4355-9660-92d7c0187e73/build]   \ud83d\udcac  ::debug::Matched: ../../../home/runneradmin/.gradle/wrapper\n[98551262-3528-4355-9660-92d7c0187e73/build]   \ud83d\udcac  ::debug::Cache Paths:\n[98551262-3528-4355-9660-92d7c0187e73/build]   \ud83d\udcac  ::debug::[\"../../../home/runneradmin/.gradle/caches\",\"../../../home/runneradmin/.gradle/wrapper\"]\n[98551262-3528-4355-9660-92d7c0187e73/build]   \ud83d\udcac  ::debug::Archive Path: /tmp/432b20a5-4540-4ef8-a642-12d4c9e40414/cache.tzst\n[98551262-3528-4355-9660-92d7c0187e73/build]   | [command]/usr/bin/tar --posix --use-compress-program zstdmt -cf cache.tzst --exclude cache.tzst -P -C /tmp/3d783ea4-1661-11ee-8a50-bb14de238602/jakob-grabner-Circle-Progress-View --files-from manifest.txt\n[98551262-3528-4355-9660-92d7c0187e73/build]   \ud83d\udcac  ::debug::File Size: 249757585\n[98551262-3528-4355-9660-92d7c0187e73/build]   \ud83d\udcac  ::debug::Reserving Cache\n[98551262-3528-4355-9660-92d7c0187e73/build]   \ud83d\udcac  ::debug::Resource Url: http://130.242.72.40:38781/_apis/artifactcache/caches\n[98551262-3528-4355-9660-92d7c0187e73/build]   \ud83d\udcac  ::debug::Saving Cache (ID: 1)\n[98551262-3528-4355-9660-92d7c0187e73/build]   \ud83d\udcac  ::debug::Upload cache\n[98551262-3528-4355-9660-92d7c0187e73/build]   \ud83d\udcac  ::debug::Resource Url: http://130.242.72.40:38781/_apis/artifactcache/caches/1\n[98551262-3528-4355-9660-92d7c0187e73/build]   \ud83d\udcac  ::debug::Upload concurrency: 4\n[98551262-3528-4355-9660-92d7c0187e73/build]   \ud83d\udcac  ::debug::Upload chunk size: 33554432\n[98551262-3528-4355-9660-92d7c0187e73/build]   \ud83d\udcac  ::debug::Awaiting all uploads\n[98551262-3528-4355-9660-92d7c0187e73/build]   \ud83d\udcac  ::debug::Uploading chunk of size 33554432 bytes at offset 0 with content range: bytes 0-33554431/*\n[98551262-3528-4355-9660-92d7c0187e73/build]   \ud83d\udcac  ::debug::Uploading chunk of size 33554432 bytes at offset 33554432 with content range: bytes 33554432-67108863/*\n[98551262-3528-4355-9660-92d7c0187e73/build]   \ud83d\udcac  ::debug::Uploading chunk of size 33554432 bytes at offset 67108864 with content range: bytes 67108864-100663295/*\n[98551262-3528-4355-9660-92d7c0187e73/build]   \ud83d\udcac  ::debug::Uploading chunk of size 33554432 bytes at offset 100663296 with content range: bytes 100663296-134217727/*\n[98551262-3528-4355-9660-92d7c0187e73/build]   \ud83d\udcac  ::debug::Uploading chunk of size 33554432 bytes at offset 134217728 with content range: bytes 134217728-167772159/*\n[98551262-3528-4355-9660-92d7c0187e73/build]   \ud83d\udcac  ::debug::Uploading chunk of size 33554432 bytes at offset 167772160 with content range: bytes 167772160-201326591/*\n[98551262-3528-4355-9660-92d7c0187e73/build]   \ud83d\udcac  ::debug::Uploading chunk of size 33554432 bytes at offset 201326592 with content range: bytes 201326592-234881023/*\n[98551262-3528-4355-9660-92d7c0187e73/build]   \ud83d\udcac  ::debug::Uploading chunk of size 14876561 bytes at offset 234881024 with content range: bytes 234881024-249757584/*\n[98551262-3528-4355-9660-92d7c0187e73/build]   \ud83d\udcac  ::debug::Commiting cache\n[98551262-3528-4355-9660-92d7c0187e73/build]   | Cache Size: ~238 MB (249757585 B)\n[98551262-3528-4355-9660-92d7c0187e73/build]   \ud83d\udcac  ::debug::Resource Url: http://130.242.72.40:38781/_apis/artifactcache/caches/1\n[98551262-3528-4355-9660-92d7c0187e73/build]   | Cache saved successfully\n[98551262-3528-4355-9660-92d7c0187e73/build]   | Cache saved with the key: setup-java-Linux-gradle-c4a4885e8440545e0540caed48601e625628b6c23645eb56b73e99cbfaca66c4\n[98551262-3528-4355-9660-92d7c0187e73/build]   \u2705  Success - Post set up JDK 11\n[98551262-3528-4355-9660-92d7c0187e73/build] \ud83c\udfc1  Job failed\n",
        "stderr": "Error: Job 'build' failed\n",
        "workflow": "/tmp/3d783ea4-1661-11ee-8a50-bb14de238602/jakob-grabner-Circle-Progress-View/.github/workflows/android-crawler.yml",
        "build_tool": "gradle",
        "elapsed_time": 150.43798756599426
    }
}