{
    "repository": "kalessil/phpinspectionsea",
    "stars": 1403,
    "language": "java",
    "size": 132845,
    "clone_url": "https://github.com/kalessil/phpinspectionsea.git",
    "timestamp": "2023-06-29T12:37:07.730489Z",
    "clone_success": true,
    "number_of_actions": 1,
    "number_of_test_actions": 1,
    "actions_successful": false,
    "actions_build_tools": [
        "gradle"
    ],
    "actions_test_build_tools": [
        "gradle"
    ],
    "actions_run": {
        "failed": true,
        "tests": [],
        "stdout": "[f878abb6-f4e8-452e-a4d1-1d122dc154b2/build] \ud83d\ude80  Start image=crawlergpt:latest\n[f878abb6-f4e8-452e-a4d1-1d122dc154b2/build]   \ud83d\udc33  docker pull image=crawlergpt:latest platform= username= forcePull=false\n[f878abb6-f4e8-452e-a4d1-1d122dc154b2/build]   \ud83d\udc33  docker create image=crawlergpt:latest platform= entrypoint=[\"tail\" \"-f\" \"/dev/null\"] cmd=[]\n[f878abb6-f4e8-452e-a4d1-1d122dc154b2/build]   \ud83d\udc33  docker run image=crawlergpt:latest platform= entrypoint=[\"tail\" \"-f\" \"/dev/null\"] cmd=[]\n[f878abb6-f4e8-452e-a4d1-1d122dc154b2/build]   \ud83d\udc33  docker exec cmd=[chown -R 1012:1013 /tmp/3d783ea4-1661-11ee-8a50-bb14de238602/kalessil-phpinspectionsea] user=0 workdir=\n[f878abb6-f4e8-452e-a4d1-1d122dc154b2/build]   \u2601  git clone 'https://github.com/actions/setup-java' # ref=v2\n[f878abb6-f4e8-452e-a4d1-1d122dc154b2/build]   \u2601  git clone 'https://github.com/actions/cache' # ref=v3\n[f878abb6-f4e8-452e-a4d1-1d122dc154b2/build]   \u2601  git clone 'https://github.com/actions/cache' # ref=v3\n[f878abb6-f4e8-452e-a4d1-1d122dc154b2/build] \u2b50 Run Main Checkout repository and submodules\n[f878abb6-f4e8-452e-a4d1-1d122dc154b2/build]   \u2705  Success - Main Checkout repository and submodules\n[f878abb6-f4e8-452e-a4d1-1d122dc154b2/build] \u2b50 Run Main Set up JDK 17\n[f878abb6-f4e8-452e-a4d1-1d122dc154b2/build]   \ud83d\udc33  docker cp src=/tmp/act-cache/eec32499-be0a-4d95-b958-4e46dfec2524/act/actions-setup-java@v2/ dst=/var/run/act/actions/actions-setup-java@v2/\n[f878abb6-f4e8-452e-a4d1-1d122dc154b2/build]   \ud83d\udc33  docker exec cmd=[chown -R 1012:1013 /var/run/act/actions/actions-setup-java@v2/] user=0 workdir=\n[f878abb6-f4e8-452e-a4d1-1d122dc154b2/build]   \ud83d\udc33  docker exec cmd=[node /var/run/act/actions/actions-setup-java@v2/dist/setup/index.js] user= workdir=\n[f878abb6-f4e8-452e-a4d1-1d122dc154b2/build]   \ud83d\udcac  ::debug::isExplicit: 11.0.11-9\n[f878abb6-f4e8-452e-a4d1-1d122dc154b2/build]   \ud83d\udcac  ::debug::explicit? true\n[f878abb6-f4e8-452e-a4d1-1d122dc154b2/build]   \ud83d\udcac  ::debug::isExplicit: 8.0.292-1\n[f878abb6-f4e8-452e-a4d1-1d122dc154b2/build]   \ud83d\udcac  ::debug::explicit? true\n[f878abb6-f4e8-452e-a4d1-1d122dc154b2/build]   | Trying to resolve the latest version from remote\n[f878abb6-f4e8-452e-a4d1-1d122dc154b2/build]   | Resolved latest version as 17.0.7+7\n[f878abb6-f4e8-452e-a4d1-1d122dc154b2/build]   | Trying to download...\n[f878abb6-f4e8-452e-a4d1-1d122dc154b2/build]   | Downloading Java 17.0.7+7 (Adopt-Hotspot) from https://github.com/adoptium/temurin17-binaries/releases/download/jdk-17.0.7%2B7/OpenJDK17U-jdk_x64_linux_hotspot_17.0.7_7.tar.gz ...\n[f878abb6-f4e8-452e-a4d1-1d122dc154b2/build]   \ud83d\udcac  ::debug::Downloading https://github.com/adoptium/temurin17-binaries/releases/download/jdk-17.0.7%252B7/OpenJDK17U-jdk_x64_linux_hotspot_17.0.7_7.tar.gz\n[f878abb6-f4e8-452e-a4d1-1d122dc154b2/build]   \ud83d\udcac  ::debug::Destination /tmp/f2e4bcde-21f7-49c6-b2aa-b19e65e1cdac\n[f878abb6-f4e8-452e-a4d1-1d122dc154b2/build]   \ud83d\udcac  ::debug::download complete\n[f878abb6-f4e8-452e-a4d1-1d122dc154b2/build]   | Extracting Java archive...\n[f878abb6-f4e8-452e-a4d1-1d122dc154b2/build]   \ud83d\udcac  ::debug::Checking tar --version\n[f878abb6-f4e8-452e-a4d1-1d122dc154b2/build]   \ud83d\udcac  ::debug::tar (GNU tar) 1.30%0ACopyright (C) 2017 Free Software Foundation, Inc.%0ALicense GPLv3+: GNU GPL version 3 or later <https://gnu.org/licenses/gpl.html>.%0AThis is free software: you are free to change and redistribute it.%0AThere is NO WARRANTY, to the extent permitted by law.%0A%0AWritten by John Gilmore and Jay Fenlason.\n[f878abb6-f4e8-452e-a4d1-1d122dc154b2/build]   | [command]/usr/bin/tar xz --warning=no-unknown-keyword -C /tmp/23b14c6d-590d-485b-9f8a-bc790f42fb45 -f /tmp/f2e4bcde-21f7-49c6-b2aa-b19e65e1cdac\n[f878abb6-f4e8-452e-a4d1-1d122dc154b2/build]   \ud83d\udcac  ::debug::Caching tool Java_Adopt_jdk 17.0.7-7 x64\n[f878abb6-f4e8-452e-a4d1-1d122dc154b2/build]   \ud83d\udcac  ::debug::source dir: /tmp/23b14c6d-590d-485b-9f8a-bc790f42fb45/jdk-17.0.7+7\n[f878abb6-f4e8-452e-a4d1-1d122dc154b2/build]   \ud83d\udcac  ::debug::destination /opt/hostedtoolcache/Java_Adopt_jdk/17.0.7-7/x64\n[f878abb6-f4e8-452e-a4d1-1d122dc154b2/build]   \ud83d\udcac  ::debug::finished caching tool\n[f878abb6-f4e8-452e-a4d1-1d122dc154b2/build]   | Java 17.0.7+7 was downloaded\n[f878abb6-f4e8-452e-a4d1-1d122dc154b2/build]   | Setting Java 17.0.7+7 as the default\n[f878abb6-f4e8-452e-a4d1-1d122dc154b2/build]   | \n[f878abb6-f4e8-452e-a4d1-1d122dc154b2/build]   | Java configuration:\n[f878abb6-f4e8-452e-a4d1-1d122dc154b2/build]   |   Distribution: adopt\n[f878abb6-f4e8-452e-a4d1-1d122dc154b2/build]   |   Version: 17.0.7+7\n[f878abb6-f4e8-452e-a4d1-1d122dc154b2/build]   |   Path: /opt/hostedtoolcache/Java_Adopt_jdk/17.0.7-7/x64\n[f878abb6-f4e8-452e-a4d1-1d122dc154b2/build]   | \n[f878abb6-f4e8-452e-a4d1-1d122dc154b2/build]   \u2753 add-matcher /run/act/actions/actions-setup-java@v2/.github/java.json\n[f878abb6-f4e8-452e-a4d1-1d122dc154b2/build]   | Creating settings.xml with server-id: github\n[f878abb6-f4e8-452e-a4d1-1d122dc154b2/build]   | Writing to /home/runneradmin/.m2/settings.xml\n[f878abb6-f4e8-452e-a4d1-1d122dc154b2/build]   \u2705  Success - Main Set up JDK 17\n[f878abb6-f4e8-452e-a4d1-1d122dc154b2/build]   \u2699  ::set-env:: JAVA_HOME=/opt/hostedtoolcache/Java_Adopt_jdk/17.0.7-7/x64\n[f878abb6-f4e8-452e-a4d1-1d122dc154b2/build]   \u2699  ::set-output:: distribution=Adopt-Hotspot\n[f878abb6-f4e8-452e-a4d1-1d122dc154b2/build]   \u2699  ::set-output:: path=/opt/hostedtoolcache/Java_Adopt_jdk/17.0.7-7/x64\n[f878abb6-f4e8-452e-a4d1-1d122dc154b2/build]   \u2699  ::set-output:: version=17.0.7+7\n[f878abb6-f4e8-452e-a4d1-1d122dc154b2/build]   \u2699  ::add-path:: /opt/hostedtoolcache/Java_Adopt_jdk/17.0.7-7/x64/bin\n[f878abb6-f4e8-452e-a4d1-1d122dc154b2/build] \u2b50 Run Main Setup Gradle Dependencies Cache\n[f878abb6-f4e8-452e-a4d1-1d122dc154b2/build]   \ud83d\udc33  docker cp src=/tmp/act-cache/eec32499-be0a-4d95-b958-4e46dfec2524/act/actions-cache@v3/ dst=/var/run/act/actions/actions-cache@v3/\n[f878abb6-f4e8-452e-a4d1-1d122dc154b2/build]   \ud83d\udc33  docker exec cmd=[chown -R 1012:1013 /var/run/act/actions/actions-cache@v3/] user=0 workdir=\n[f878abb6-f4e8-452e-a4d1-1d122dc154b2/build]   \ud83d\udc33  docker exec cmd=[node /var/run/act/actions/actions-cache@v3/dist/restore/index.js] user= workdir=\n[f878abb6-f4e8-452e-a4d1-1d122dc154b2/build]   \ud83d\udcac  ::debug::Resolved Keys:\n[f878abb6-f4e8-452e-a4d1-1d122dc154b2/build]   \ud83d\udcac  ::debug::[\"Linux-v2-gradle-caches-6e9193add87c5257660fa4b93c41290e0877be8a7c33f1d8f3b2e0de4cc58e59\"]\n[f878abb6-f4e8-452e-a4d1-1d122dc154b2/build]   \ud83d\udcac  ::debug::Checking zstd --quiet --version\n[f878abb6-f4e8-452e-a4d1-1d122dc154b2/build]   \ud83d\udcac  ::debug::1.5.0\n[f878abb6-f4e8-452e-a4d1-1d122dc154b2/build]   \ud83d\udcac  ::debug::zstd version: 1.5.0\n[f878abb6-f4e8-452e-a4d1-1d122dc154b2/build]   \ud83d\udcac  ::debug::Resource Url: http://130.242.72.40:36779/_apis/artifactcache/cache?keys=Linux-v2-gradle-caches-6e9193add87c5257660fa4b93c41290e0877be8a7c33f1d8f3b2e0de4cc58e59&version=c09c45a3e217e22c4a0d11ca722575f7f378f70b48a778289c5d7a2ac33a328c\n[f878abb6-f4e8-452e-a4d1-1d122dc154b2/build]   \ud83d\udcac  ::debug::Failed to delete archive: Error: ENOENT: no such file or directory, unlink ''\n[f878abb6-f4e8-452e-a4d1-1d122dc154b2/build]   | Cache not found for input keys: Linux-v2-gradle-caches-6e9193add87c5257660fa4b93c41290e0877be8a7c33f1d8f3b2e0de4cc58e59\n[f878abb6-f4e8-452e-a4d1-1d122dc154b2/build]   \u2705  Success - Main Setup Gradle Dependencies Cache\n[f878abb6-f4e8-452e-a4d1-1d122dc154b2/build] \u2b50 Run Main Setup Gradle Wrapper Cache\n[f878abb6-f4e8-452e-a4d1-1d122dc154b2/build]   \ud83d\udc33  docker cp src=/tmp/act-cache/eec32499-be0a-4d95-b958-4e46dfec2524/act/actions-cache@v3/ dst=/var/run/act/actions/actions-cache@v3/\n[f878abb6-f4e8-452e-a4d1-1d122dc154b2/build]   \ud83d\udc33  docker exec cmd=[chown -R 1012:1013 /var/run/act/actions/actions-cache@v3/] user=0 workdir=\n[f878abb6-f4e8-452e-a4d1-1d122dc154b2/build]   \ud83d\udc33  docker exec cmd=[node /var/run/act/actions/actions-cache@v3/dist/restore/index.js] user= workdir=\n[f878abb6-f4e8-452e-a4d1-1d122dc154b2/build]   \ud83d\udcac  ::debug::Resolved Keys:\n[f878abb6-f4e8-452e-a4d1-1d122dc154b2/build]   \ud83d\udcac  ::debug::[\"Linux-v2-gradle-wrapper-a881f4feea6dc68fbb1a18d3e08ce08204d57991c43c7e609dd443320204bf12\"]\n[f878abb6-f4e8-452e-a4d1-1d122dc154b2/build]   \ud83d\udcac  ::debug::Checking zstd --quiet --version\n[f878abb6-f4e8-452e-a4d1-1d122dc154b2/build]   \ud83d\udcac  ::debug::1.5.0\n[f878abb6-f4e8-452e-a4d1-1d122dc154b2/build]   \ud83d\udcac  ::debug::zstd version: 1.5.0\n[f878abb6-f4e8-452e-a4d1-1d122dc154b2/build]   \ud83d\udcac  ::debug::Resource Url: http://130.242.72.40:36779/_apis/artifactcache/cache?keys=Linux-v2-gradle-wrapper-a881f4feea6dc68fbb1a18d3e08ce08204d57991c43c7e609dd443320204bf12&version=0d5dddec916a3dc823cbb24be4c82e15a2448850b72c4a26d75d4e4851a32a83\n[f878abb6-f4e8-452e-a4d1-1d122dc154b2/build]   \ud83d\udcac  ::debug::Failed to delete archive: Error: ENOENT: no such file or directory, unlink ''\n[f878abb6-f4e8-452e-a4d1-1d122dc154b2/build]   | Cache not found for input keys: Linux-v2-gradle-wrapper-a881f4feea6dc68fbb1a18d3e08ce08204d57991c43c7e609dd443320204bf12\n[f878abb6-f4e8-452e-a4d1-1d122dc154b2/build]   \u2705  Success - Main Setup Gradle Wrapper Cache\n[f878abb6-f4e8-452e-a4d1-1d122dc154b2/build] \u2b50 Run Main Grant execute permission for gradlew\n[f878abb6-f4e8-452e-a4d1-1d122dc154b2/build]   \ud83d\udc33  docker exec cmd=[bash --noprofile --norc -e -o pipefail /var/run/act/workflow/4] user= workdir=\n[f878abb6-f4e8-452e-a4d1-1d122dc154b2/build]   \u2705  Success - Main Grant execute permission for gradlew\n[f878abb6-f4e8-452e-a4d1-1d122dc154b2/build] \u2b50 Run Main Build with Gradle\n[f878abb6-f4e8-452e-a4d1-1d122dc154b2/build]   \ud83d\udc33  docker exec cmd=[bash --noprofile --norc -e -o pipefail /var/run/act/workflow/5] user= workdir=\n[f878abb6-f4e8-452e-a4d1-1d122dc154b2/build]   | Downloading https://services.gradle.org/distributions/gradle-7.4.2-bin.zip\n[f878abb6-f4e8-452e-a4d1-1d122dc154b2/build]   | ...........10%...........20%...........30%...........40%...........50%...........60%...........70%...........80%...........90%...........100%\n[f878abb6-f4e8-452e-a4d1-1d122dc154b2/build]   | \n[f878abb6-f4e8-452e-a4d1-1d122dc154b2/build]   | Welcome to Gradle 7.4.2!\n[f878abb6-f4e8-452e-a4d1-1d122dc154b2/build]   | \n[f878abb6-f4e8-452e-a4d1-1d122dc154b2/build]   | Here are the highlights of this release:\n[f878abb6-f4e8-452e-a4d1-1d122dc154b2/build]   |  - Aggregated test and JaCoCo reports\n[f878abb6-f4e8-452e-a4d1-1d122dc154b2/build]   |  - Marking additional test source directories as tests in IntelliJ\n[f878abb6-f4e8-452e-a4d1-1d122dc154b2/build]   |  - Support for Adoptium JDKs in Java toolchains\n[f878abb6-f4e8-452e-a4d1-1d122dc154b2/build]   | \n[f878abb6-f4e8-452e-a4d1-1d122dc154b2/build]   | For more details see https://docs.gradle.org/7.4.2/release-notes.html\n[f878abb6-f4e8-452e-a4d1-1d122dc154b2/build]   | \n[f878abb6-f4e8-452e-a4d1-1d122dc154b2/build]   | Starting a Gradle Daemon (subsequent builds will be faster)\n[f878abb6-f4e8-452e-a4d1-1d122dc154b2/build]   | \n[f878abb6-f4e8-452e-a4d1-1d122dc154b2/build]   | > Task :initializeIntelliJPlugin\n[f878abb6-f4e8-452e-a4d1-1d122dc154b2/build]   | [gradle-intellij-plugin :initializeIntelliJPlugin] Gradle IntelliJ Plugin is outdated: 1.13.0. Update `org.jetbrains.intellij` to: 1.14.2\n[f878abb6-f4e8-452e-a4d1-1d122dc154b2/build]   | \n[f878abb6-f4e8-452e-a4d1-1d122dc154b2/build]   | > Task :patchPluginXml\n[f878abb6-f4e8-452e-a4d1-1d122dc154b2/build]   | [gradle-intellij-plugin :patchPluginXml] Patching plugin.xml: attribute 'since-build=[231]' of 'idea-version' tag will be set to '223.6160.11'\n[f878abb6-f4e8-452e-a4d1-1d122dc154b2/build]   | [gradle-intellij-plugin :patchPluginXml] Patching plugin.xml: value of 'change-notes[\n[f878abb6-f4e8-452e-a4d1-1d122dc154b2/build]   |   Replaced by change-notes.html ....................\n[f878abb6-f4e8-452e-a4d1-1d122dc154b2/build]   |   ]' tag will be set to '\n[f878abb6-f4e8-452e-a4d1-1d122dc154b2/build]   | Bug-fix and new features release:<br/>\n[f878abb6-f4e8-452e-a4d1-1d122dc154b2/build]   | <br/>\n[f878abb6-f4e8-452e-a4d1-1d122dc154b2/build]   | - PhpStorm 2021.3 compatibility fixes<br/>\n[f878abb6-f4e8-452e-a4d1-1d122dc154b2/build]   | - 'array_is_list(...)' can be used: implemented<br/>\n[f878abb6-f4e8-452e-a4d1-1d122dc154b2/build]   | - 'empty(...)' usage: added new setting (suggest null comparison for scalars)<br/>\n[f878abb6-f4e8-452e-a4d1-1d122dc154b2/build]   | <br/>\n[f878abb6-f4e8-452e-a4d1-1d122dc154b2/build]   | - Callable parameter usage violates definition: resolved false-positives (multiple cases)<br/>\n[f878abb6-f4e8-452e-a4d1-1d122dc154b2/build]   | - Cascading 'str_replace(...)' calls: multiple code generation bug-fixes<br/>\n[f878abb6-f4e8-452e-a4d1-1d122dc154b2/build]   | - Class property initialization flaws: resolved false-positives (multiple cases)<br/>\n[f878abb6-f4e8-452e-a4d1-1d122dc154b2/build]   | - Isset operations variables existence: fixed a false-positive (goto handling)<br/>\n[f878abb6-f4e8-452e-a4d1-1d122dc154b2/build]   | - Non-optimal if conditions: resolved false-positives (multiple cases)<br/>\n[f878abb6-f4e8-452e-a4d1-1d122dc154b2/build]   | - One-time use variables: resolved false-positives (multiple cases)<br/>\n[f878abb6-f4e8-452e-a4d1-1d122dc154b2/build]   | - PHPUnit: API deprecations: address deprecations in PHPUnit 9.1<br/>\n[f878abb6-f4e8-452e-a4d1-1d122dc154b2/build]   | - PHPUnit: bugs and best practices: address deprecations in PHPUnit 9.1<br/>\n[f878abb6-f4e8-452e-a4d1-1d122dc154b2/build]   | - Referencing objects: resolved false-positives (multiple cases)<br/>\n[f878abb6-f4e8-452e-a4d1-1d122dc154b2/build]   | - Unnecessary type casting: resolved a false-positive (string type handling)<br/>\n[f878abb6-f4e8-452e-a4d1-1d122dc154b2/build]   | <br/>\n[f878abb6-f4e8-452e-a4d1-1d122dc154b2/build]   | <hr/>\n[f878abb6-f4e8-452e-a4d1-1d122dc154b2/build]   | '\n[f878abb6-f4e8-452e-a4d1-1d122dc154b2/build]   | [gradle-intellij-plugin :patchPluginXml] Patching plugin.xml: value of 'version[5.0.0.0]' tag will be set to '5.0.0.0'\n[f878abb6-f4e8-452e-a4d1-1d122dc154b2/build]   | \n[f878abb6-f4e8-452e-a4d1-1d122dc154b2/build]   | > Task :verifyPluginConfiguration\n[f878abb6-f4e8-452e-a4d1-1d122dc154b2/build]   | [gradle-intellij-plugin :verifyPluginConfiguration] The following plugin configuration issues were found:\n[f878abb6-f4e8-452e-a4d1-1d122dc154b2/build]   | - The 'since-build' property is lower than the target IntelliJ Platform major version: 223.6160.11 < 231.\n[f878abb6-f4e8-452e-a4d1-1d122dc154b2/build]   | See: https://jb.gg/intellij-platform-versions\n[f878abb6-f4e8-452e-a4d1-1d122dc154b2/build]   | \n[f878abb6-f4e8-452e-a4d1-1d122dc154b2/build]   | > Task :compileKotlin NO-SOURCE\n[f878abb6-f4e8-452e-a4d1-1d122dc154b2/build]   | \n[f878abb6-f4e8-452e-a4d1-1d122dc154b2/build]   | > Task :compileJava\n[f878abb6-f4e8-452e-a4d1-1d122dc154b2/build]   | Note: /tmp/3d783ea4-1661-11ee-8a50-bb14de238602/kalessil-phpinspectionsea/src/main/java/com/kalessil/phpStorm/phpInspectionsEA/utils/OpenapiResolveUtil.java uses or overrides a deprecated API.\n[f878abb6-f4e8-452e-a4d1-1d122dc154b2/build]   | Note: Recompile with -Xlint:deprecation for details.\n[f878abb6-f4e8-452e-a4d1-1d122dc154b2/build]   | Note: Some input files use unchecked or unsafe operations.\n[f878abb6-f4e8-452e-a4d1-1d122dc154b2/build]   | Note: Recompile with -Xlint:unchecked for details.\n[f878abb6-f4e8-452e-a4d1-1d122dc154b2/build]   | \n[f878abb6-f4e8-452e-a4d1-1d122dc154b2/build]   | > Task :processResources\n[f878abb6-f4e8-452e-a4d1-1d122dc154b2/build]   | > Task :classes\n[f878abb6-f4e8-452e-a4d1-1d122dc154b2/build]   | > Task :setupInstrumentCode\n[f878abb6-f4e8-452e-a4d1-1d122dc154b2/build]   | > Task :instrumentCode\n[f878abb6-f4e8-452e-a4d1-1d122dc154b2/build]   | > Task :compileTestKotlin NO-SOURCE\n[f878abb6-f4e8-452e-a4d1-1d122dc154b2/build]   | > Task :jar\n[f878abb6-f4e8-452e-a4d1-1d122dc154b2/build]   | > Task :inspectClassesForKotlinIC\n[f878abb6-f4e8-452e-a4d1-1d122dc154b2/build]   | \n[f878abb6-f4e8-452e-a4d1-1d122dc154b2/build]   | > Task :compileTestJava\n[f878abb6-f4e8-452e-a4d1-1d122dc154b2/build]   | Note: /tmp/3d783ea4-1661-11ee-8a50-bb14de238602/kalessil-phpinspectionsea/src/test/java/com/kalessil/phpStorm/phpInspectionsEA/PhpCodeInsightFixtureTestCase.java uses unchecked or unsafe operations.\n[f878abb6-f4e8-452e-a4d1-1d122dc154b2/build]   | Note: Recompile with -Xlint:unchecked for details.\n[f878abb6-f4e8-452e-a4d1-1d122dc154b2/build]   | \n[f878abb6-f4e8-452e-a4d1-1d122dc154b2/build]   | > Task :processTestResources NO-SOURCE\n[f878abb6-f4e8-452e-a4d1-1d122dc154b2/build]   | > Task :testClasses\n[f878abb6-f4e8-452e-a4d1-1d122dc154b2/build]   | > Task :instrumentTestCode\n[f878abb6-f4e8-452e-a4d1-1d122dc154b2/build]   | > Task :instrumentedJar\n[f878abb6-f4e8-452e-a4d1-1d122dc154b2/build]   | > Task :prepareTestingSandbox\n[f878abb6-f4e8-452e-a4d1-1d122dc154b2/build]   | \n[f878abb6-f4e8-452e-a4d1-1d122dc154b2/build]   | > Task :test\n[f878abb6-f4e8-452e-a4d1-1d122dc154b2/build]   | CompileCommand: exclude com/intellij/openapi/vfs/impl/FilePartNodeRoot.trieDescend bool exclude = true\n[f878abb6-f4e8-452e-a4d1-1d122dc154b2/build]   | OpenJDK 64-Bit Server VM warning: Archived non-system classes are disabled because the java.system.class.loader property is specified (value = \"com.intellij.util.lang.PathClassLoader\"). To use archived non-system classes, this property must not be set\n[f878abb6-f4e8-452e-a4d1-1d122dc154b2/build]   | \n[f878abb6-f4e8-452e-a4d1-1d122dc154b2/build]   | DynamicCallsToScopeIntrospectionInspectorTest > testIfFindsAllPatterns FAILED\n[f878abb6-f4e8-452e-a4d1-1d122dc154b2/build]   |     com.intellij.rt.execution.junit.FileComparisonFailure at DynamicCallsToScopeIntrospectionInspectorTest.java:13\n[f878abb6-f4e8-452e-a4d1-1d122dc154b2/build]   | \n[f878abb6-f4e8-452e-a4d1-1d122dc154b2/build]   | ReferencingObjectsInspectorTest > testIfFindsAllPatterns FAILED\n[f878abb6-f4e8-452e-a4d1-1d122dc154b2/build]   |     com.intellij.rt.execution.junit.FileComparisonFailure at ReferencingObjectsInspectorTest.java:14\n[f878abb6-f4e8-452e-a4d1-1d122dc154b2/build]   | \n[f878abb6-f4e8-452e-a4d1-1d122dc154b2/build]   | ThrowRawExceptionInspectorTest > testIfFindsAllPatterns FAILED\n[f878abb6-f4e8-452e-a4d1-1d122dc154b2/build]   |     com.intellij.rt.execution.junit.FileComparisonFailure at ThrowRawExceptionInspectorTest.java:12\n[f878abb6-f4e8-452e-a4d1-1d122dc154b2/build]   | \n[f878abb6-f4e8-452e-a4d1-1d122dc154b2/build]   | UnknownInspectionInspectorTest > testIfFindsAllPatterns FAILED\n[f878abb6-f4e8-452e-a4d1-1d122dc154b2/build]   |     com.intellij.rt.execution.junit.FileComparisonFailure at UnknownInspectionInspectorTest.java:10\n[f878abb6-f4e8-452e-a4d1-1d122dc154b2/build]   | \n[f878abb6-f4e8-452e-a4d1-1d122dc154b2/build]   | DisconnectedForeachInstructionInspectorTest > testFalsePositives FAILED\n[f878abb6-f4e8-452e-a4d1-1d122dc154b2/build]   |     com.intellij.testFramework.TestLoggerFactory$TestLoggerAssertionError at DisconnectedForeachInstructionInspectorTest.java:19\n[f878abb6-f4e8-452e-a4d1-1d122dc154b2/build]   |         Caused by: com.intellij.diagnostic.PluginException at DisconnectedForeachInstructionInspectorTest.java:19\n[f878abb6-f4e8-452e-a4d1-1d122dc154b2/build]   |             Caused by: com.intellij.openapi.util.RecursionManager$CachingPreventedException at DisconnectedForeachInstructionInspectorTest.java:19\n[f878abb6-f4e8-452e-a4d1-1d122dc154b2/build]   |                 Caused by: com.intellij.openapi.util.StackOverflowPreventedException at DisconnectedForeachInstructionInspectorTest.java:19\n[f878abb6-f4e8-452e-a4d1-1d122dc154b2/build]   | \n[f878abb6-f4e8-452e-a4d1-1d122dc154b2/build]   | ReturnTypeCanBeDeclaredInspectorTest > testRefactoringTargetIdentification FAILED\n[f878abb6-f4e8-452e-a4d1-1d122dc154b2/build]   |     com.intellij.openapi.progress.ProcessCanceledException at ReturnTypeCanBeDeclaredInspectorTest.java:50\n[f878abb6-f4e8-452e-a4d1-1d122dc154b2/build]   |         Caused by: java.lang.IllegalArgumentException at CommonProblemDescriptorImpl.java:25\n[f878abb6-f4e8-452e-a4d1-1d122dc154b2/build]   | \n[f878abb6-f4e8-452e-a4d1-1d122dc154b2/build]   | ReturnTypeCanBeDeclaredInspectorTest > testIfFindsAllPatterns FAILED\n[f878abb6-f4e8-452e-a4d1-1d122dc154b2/build]   |     com.intellij.openapi.progress.ProcessCanceledException at ReturnTypeCanBeDeclaredInspectorTest.java:17\n[f878abb6-f4e8-452e-a4d1-1d122dc154b2/build]   |         Caused by: java.lang.IllegalArgumentException at CommonProblemDescriptorImpl.java:25\n[f878abb6-f4e8-452e-a4d1-1d122dc154b2/build]   | \n[f878abb6-f4e8-452e-a4d1-1d122dc154b2/build]   | UnsupportedStringOffsetOperationsInspectorTest > testIfFindsAllPatterns FAILED\n[f878abb6-f4e8-452e-a4d1-1d122dc154b2/build]   |     com.intellij.rt.execution.junit.FileComparisonFailure at UnsupportedStringOffsetOperationsInspectorTest.java:13\n[f878abb6-f4e8-452e-a4d1-1d122dc154b2/build]   | \n[f878abb6-f4e8-452e-a4d1-1d122dc154b2/build]   | RealpathInStreamContextInspectorTest > testIfFindsAllPatterns FAILED\n[f878abb6-f4e8-452e-a4d1-1d122dc154b2/build]   |     com.intellij.openapi.progress.ProcessCanceledException at RealpathInStreamContextInspectorTest.java:10\n[f878abb6-f4e8-452e-a4d1-1d122dc154b2/build]   |         Caused by: java.lang.IllegalArgumentException at CommonProblemDescriptorImpl.java:25\n[f878abb6-f4e8-452e-a4d1-1d122dc154b2/build]   \u274c  Failure - Main Build with Gradle\n[f878abb6-f4e8-452e-a4d1-1d122dc154b2/build] Get \"http://%2Fvar%2Frun%2Fdocker.sock/v1.41/containers/309b0b0b1545b5e5111d3d3b053da97e65cd272782ecf48393e8489e4b0cebca/archive?path=%2Fvar%2Frun%2Fact%2Fworkflow%2Fpathcmd.txt\": context canceled\n[f878abb6-f4e8-452e-a4d1-1d122dc154b2/build] \u2b50 Run Post Set up JDK 17\n[f878abb6-f4e8-452e-a4d1-1d122dc154b2/build]   \ud83d\udc33  docker exec cmd=[node /var/run/act/actions/actions-setup-java@v2/dist/cleanup/index.js] user= workdir=\n[f878abb6-f4e8-452e-a4d1-1d122dc154b2/build]   \u2705  Success - Post Set up JDK 17\n[f878abb6-f4e8-452e-a4d1-1d122dc154b2/build] \ud83c\udfc1  Job succeeded\n",
        "stderr": "Error: context canceled\n",
        "workflow": "/tmp/3d783ea4-1661-11ee-8a50-bb14de238602/kalessil-phpinspectionsea/.github/workflows/gradle-crawler.yml",
        "build_tool": "gradle",
        "elapsed_time": 605.4349520206451
    }
}