{
    "repository": "lucee/Lucee",
    "stars": 819,
    "language": "java",
    "size": 104692,
    "clone_url": "https://github.com/lucee/Lucee.git",
    "timestamp": "2023-06-29T11:57:29.258842Z",
    "clone_success": true,
    "number_of_actions": 15,
    "number_of_test_actions": 1,
    "actions_successful": false,
    "actions_build_tools": [
        "unknown",
        "unknown",
        "unknown",
        "unknown",
        "unknown",
        "unknown",
        "unknown",
        "unknown",
        "unknown",
        "unknown",
        "maven",
        "unknown",
        "unknown",
        "unknown",
        "unknown"
    ],
    "actions_test_build_tools": [
        "maven"
    ],
    "actions_run": {
        "failed": true,
        "tests": [],
        "stdout": "[4505fdc3-9fcf-40e0-9483-fbbeab799e25/build] \ud83d\ude80  Start image=crawlergpt:latest\n[4505fdc3-9fcf-40e0-9483-fbbeab799e25/build]   \ud83d\udc33  docker pull image=crawlergpt:latest platform= username= forcePull=false\n[4505fdc3-9fcf-40e0-9483-fbbeab799e25/build]   \ud83d\udc33  docker create image=crawlergpt:latest platform= entrypoint=[\"tail\" \"-f\" \"/dev/null\"] cmd=[]\n[4505fdc3-9fcf-40e0-9483-fbbeab799e25/build]   \ud83d\udc33  docker run image=crawlergpt:latest platform= entrypoint=[\"tail\" \"-f\" \"/dev/null\"] cmd=[]\n[4505fdc3-9fcf-40e0-9483-fbbeab799e25/build]   \ud83d\udc33  docker exec cmd=[chown -R 1012:1013 /tmp/3d783ea4-1661-11ee-8a50-bb14de238602/lucee-Lucee] user=0 workdir=\n[4505fdc3-9fcf-40e0-9483-fbbeab799e25/build]   \u2601  git clone 'https://github.com/szenius/set-timezone' # ref=v1.1\n[4505fdc3-9fcf-40e0-9483-fbbeab799e25/build]   \u2601  git clone 'https://github.com/actions/setup-java' # ref=v3\n[4505fdc3-9fcf-40e0-9483-fbbeab799e25/build]   \u2601  git clone 'https://github.com/actions/setup-java' # ref=v3\n[4505fdc3-9fcf-40e0-9483-fbbeab799e25/build]   \u2601  git clone 'https://github.com/actions/cache' # ref=v3\n[4505fdc3-9fcf-40e0-9483-fbbeab799e25/build]   \u2601  git clone 'https://github.com/actions/cache' # ref=v3\n[4505fdc3-9fcf-40e0-9483-fbbeab799e25/build]   \u2601  git clone 'https://github.com/supercharge/mongodb-github-action' # ref=1.6.0\n[4505fdc3-9fcf-40e0-9483-fbbeab799e25/build]   \u2601  git clone 'https://github.com/niden/actions-memcached' # ref=v7\n[4505fdc3-9fcf-40e0-9483-fbbeab799e25/build]   \u2601  git clone 'https://github.com/mad9000/actions-find-and-replace-string' # ref=3\n[4505fdc3-9fcf-40e0-9483-fbbeab799e25/build]   \u2601  git clone 'https://github.com/actions/upload-artifact' # ref=v3\n[4505fdc3-9fcf-40e0-9483-fbbeab799e25/build]   \u2601  git clone 'https://github.com/EnricoMi/publish-unit-test-result-action' # ref=v2\n[4505fdc3-9fcf-40e0-9483-fbbeab799e25/build] \u2b50 Run Main szenius/set-timezone@v1.1\n[4505fdc3-9fcf-40e0-9483-fbbeab799e25/build]   \ud83d\udc33  docker cp src=/tmp/act-cache/e7d6abe0-17b9-41f5-9a4f-f2acbaedeb20/act/szenius-set-timezone@v1.1/ dst=/var/run/act/actions/szenius-set-timezone@v1.1/\n[4505fdc3-9fcf-40e0-9483-fbbeab799e25/build]   \ud83d\udc33  docker exec cmd=[chown -R 1012:1013 /var/run/act/actions/szenius-set-timezone@v1.1/] user=0 workdir=\n[4505fdc3-9fcf-40e0-9483-fbbeab799e25/build]   \ud83d\udc33  docker exec cmd=[node /var/run/act/actions/szenius-set-timezone@v1.1/dist/index.js] user= workdir=\n[4505fdc3-9fcf-40e0-9483-fbbeab799e25/build]   | Configuring for platform linux\n[4505fdc3-9fcf-40e0-9483-fbbeab799e25/build]   \u2705  Success - Main szenius/set-timezone@v1.1\n[4505fdc3-9fcf-40e0-9483-fbbeab799e25/build] \u2b50 Run Main actions/checkout@v3.1.0\n[4505fdc3-9fcf-40e0-9483-fbbeab799e25/build]   \u2705  Success - Main actions/checkout@v3.1.0\n[4505fdc3-9fcf-40e0-9483-fbbeab799e25/build] \u2b50 Run Main Set up build JDK '8'\n[4505fdc3-9fcf-40e0-9483-fbbeab799e25/build]   \ud83d\udc33  docker cp src=/tmp/act-cache/e7d6abe0-17b9-41f5-9a4f-f2acbaedeb20/act/actions-setup-java@v3/ dst=/var/run/act/actions/actions-setup-java@v3/\n[4505fdc3-9fcf-40e0-9483-fbbeab799e25/build]   \ud83d\udc33  docker exec cmd=[chown -R 1012:1013 /var/run/act/actions/actions-setup-java@v3/] user=0 workdir=\n[4505fdc3-9fcf-40e0-9483-fbbeab799e25/build]   \ud83d\udc33  docker exec cmd=[node /var/run/act/actions/actions-setup-java@v3/dist/setup/index.js] user= workdir=\n[4505fdc3-9fcf-40e0-9483-fbbeab799e25/build]   \u2753  ::group::Installed distributions\n[4505fdc3-9fcf-40e0-9483-fbbeab799e25/build]   | Trying to resolve the latest version from remote\n[4505fdc3-9fcf-40e0-9483-fbbeab799e25/build]   | Resolved latest version as 8.0.372+7\n[4505fdc3-9fcf-40e0-9483-fbbeab799e25/build]   | Trying to download...\n[4505fdc3-9fcf-40e0-9483-fbbeab799e25/build]   | Downloading Java 8.0.372+7 (Temurin-Hotspot) from https://github.com/adoptium/temurin8-binaries/releases/download/jdk8u372-b07/OpenJDK8U-jdk_x64_linux_hotspot_8u372b07.tar.gz ...\n[4505fdc3-9fcf-40e0-9483-fbbeab799e25/build]   \ud83d\udcac  ::debug::Downloading https://github.com/adoptium/temurin8-binaries/releases/download/jdk8u372-b07/OpenJDK8U-jdk_x64_linux_hotspot_8u372b07.tar.gz\n[4505fdc3-9fcf-40e0-9483-fbbeab799e25/build]   \ud83d\udcac  ::debug::Destination /tmp/a6f07ce8-5836-4ef2-bc2d-1ee0d9c4ca96\n[4505fdc3-9fcf-40e0-9483-fbbeab799e25/build]   \ud83d\udcac  ::debug::download complete\n[4505fdc3-9fcf-40e0-9483-fbbeab799e25/build]   | Extracting Java archive...\n[4505fdc3-9fcf-40e0-9483-fbbeab799e25/build]   \ud83d\udcac  ::debug::Checking tar --version\n[4505fdc3-9fcf-40e0-9483-fbbeab799e25/build]   \ud83d\udcac  ::debug::tar (GNU tar) 1.30%0ACopyright (C) 2017 Free Software Foundation, Inc.%0ALicense GPLv3+: GNU GPL version 3 or later <https://gnu.org/licenses/gpl.html>.%0AThis is free software: you are free to change and redistribute it.%0AThere is NO WARRANTY, to the extent permitted by law.%0A%0AWritten by John Gilmore and Jay Fenlason.\n[4505fdc3-9fcf-40e0-9483-fbbeab799e25/build]   | [command]/usr/bin/tar xz --warning=no-unknown-keyword -C /tmp/519982ee-3691-47a7-8c71-922a040962a1 -f /tmp/a6f07ce8-5836-4ef2-bc2d-1ee0d9c4ca96\n[4505fdc3-9fcf-40e0-9483-fbbeab799e25/build]   \ud83d\udcac  ::debug::Caching tool Java_Temurin-Hotspot_jdk 8.0.372-7 x64\n[4505fdc3-9fcf-40e0-9483-fbbeab799e25/build]   \ud83d\udcac  ::debug::source dir: /tmp/519982ee-3691-47a7-8c71-922a040962a1/jdk8u372-b07\n[4505fdc3-9fcf-40e0-9483-fbbeab799e25/build]   \ud83d\udcac  ::debug::destination /opt/hostedtoolcache/Java_Temurin-Hotspot_jdk/8.0.372-7/x64\n[4505fdc3-9fcf-40e0-9483-fbbeab799e25/build]   \ud83d\udcac  ::debug::finished caching tool\n[4505fdc3-9fcf-40e0-9483-fbbeab799e25/build]   | Java 8.0.372+7 was downloaded\n[4505fdc3-9fcf-40e0-9483-fbbeab799e25/build]   | Setting Java 8.0.372+7 as the default\n[4505fdc3-9fcf-40e0-9483-fbbeab799e25/build]   | Creating toolchains.xml for JDK version 8 from temurin\n[4505fdc3-9fcf-40e0-9483-fbbeab799e25/build]   | Writing to /home/runneradmin/.m2/toolchains.xml\n[4505fdc3-9fcf-40e0-9483-fbbeab799e25/build]   | \n[4505fdc3-9fcf-40e0-9483-fbbeab799e25/build]   | Java configuration:\n[4505fdc3-9fcf-40e0-9483-fbbeab799e25/build]   |   Distribution: temurin\n[4505fdc3-9fcf-40e0-9483-fbbeab799e25/build]   |   Version: 8.0.372+7\n[4505fdc3-9fcf-40e0-9483-fbbeab799e25/build]   |   Path: /opt/hostedtoolcache/Java_Temurin-Hotspot_jdk/8.0.372-7/x64\n[4505fdc3-9fcf-40e0-9483-fbbeab799e25/build]   | \n[4505fdc3-9fcf-40e0-9483-fbbeab799e25/build]   \u2753  ::endgroup::\n[4505fdc3-9fcf-40e0-9483-fbbeab799e25/build]   \u2753 add-matcher /run/act/actions/actions-setup-java@v3/.github/java.json\n[4505fdc3-9fcf-40e0-9483-fbbeab799e25/build]   | Creating settings.xml with server-id: github\n[4505fdc3-9fcf-40e0-9483-fbbeab799e25/build]   | Writing to /home/runneradmin/.m2/settings.xml\n[4505fdc3-9fcf-40e0-9483-fbbeab799e25/build]   \u2705  Success - Main Set up build JDK '8'\n[4505fdc3-9fcf-40e0-9483-fbbeab799e25/build]   \u2699  ::set-env:: JAVA_HOME=/opt/hostedtoolcache/Java_Temurin-Hotspot_jdk/8.0.372-7/x64\n[4505fdc3-9fcf-40e0-9483-fbbeab799e25/build]   \u2699  ::set-env:: JAVA_HOME_8_X64=/opt/hostedtoolcache/Java_Temurin-Hotspot_jdk/8.0.372-7/x64\n[4505fdc3-9fcf-40e0-9483-fbbeab799e25/build]   \u2699  ::set-output:: distribution=Temurin-Hotspot\n[4505fdc3-9fcf-40e0-9483-fbbeab799e25/build]   \u2699  ::set-output:: path=/opt/hostedtoolcache/Java_Temurin-Hotspot_jdk/8.0.372-7/x64\n[4505fdc3-9fcf-40e0-9483-fbbeab799e25/build]   \u2699  ::set-output:: version=8.0.372+7\n[4505fdc3-9fcf-40e0-9483-fbbeab799e25/build]   \u2699  ::add-path:: /opt/hostedtoolcache/Java_Temurin-Hotspot_jdk/8.0.372-7/x64/bin\n[4505fdc3-9fcf-40e0-9483-fbbeab799e25/build] \u2b50 Run Main Cache Lucee extensions\n[4505fdc3-9fcf-40e0-9483-fbbeab799e25/build]   \ud83d\udc33  docker cp src=/tmp/act-cache/e7d6abe0-17b9-41f5-9a4f-f2acbaedeb20/act/actions-cache@v3/ dst=/var/run/act/actions/actions-cache@v3/\n[4505fdc3-9fcf-40e0-9483-fbbeab799e25/build]   \ud83d\udc33  docker exec cmd=[chown -R 1012:1013 /var/run/act/actions/actions-cache@v3/] user=0 workdir=\n[4505fdc3-9fcf-40e0-9483-fbbeab799e25/build]   \ud83d\udc33  docker exec cmd=[node /var/run/act/actions/actions-cache@v3/dist/restore/index.js] user= workdir=\n[4505fdc3-9fcf-40e0-9483-fbbeab799e25/build]   \ud83d\udcac  ::debug::Resolved Keys:\n[4505fdc3-9fcf-40e0-9483-fbbeab799e25/build]   \ud83d\udcac  ::debug::[\"lucee-extensions\",\"lucee-extensions\"]\n[4505fdc3-9fcf-40e0-9483-fbbeab799e25/build]   \ud83d\udcac  ::debug::Checking zstd --quiet --version\n[4505fdc3-9fcf-40e0-9483-fbbeab799e25/build]   \ud83d\udcac  ::debug::1.5.0\n[4505fdc3-9fcf-40e0-9483-fbbeab799e25/build]   \ud83d\udcac  ::debug::zstd version: 1.5.0\n[4505fdc3-9fcf-40e0-9483-fbbeab799e25/build]   \ud83d\udcac  ::debug::Resource Url: http://130.242.72.40:40437/_apis/artifactcache/cache?keys=lucee-extensions%252Clucee-extensions&version=528b190c25e10c897ba3a2285c5c3701d2b3539378a0d88142c14215a94c3dff\n[4505fdc3-9fcf-40e0-9483-fbbeab799e25/build]   \ud83d\udcac  ::debug::Failed to delete archive: Error: ENOENT: no such file or directory, unlink ''\n[4505fdc3-9fcf-40e0-9483-fbbeab799e25/build]   | Cache not found for input keys: lucee-extensions, lucee-extensions\n[4505fdc3-9fcf-40e0-9483-fbbeab799e25/build]   \u2705  Success - Main Cache Lucee extensions\n[4505fdc3-9fcf-40e0-9483-fbbeab799e25/build] \u2b50 Run Main Cache Maven packages\n[4505fdc3-9fcf-40e0-9483-fbbeab799e25/build]   \ud83d\udc33  docker cp src=/tmp/act-cache/e7d6abe0-17b9-41f5-9a4f-f2acbaedeb20/act/actions-cache@v3/ dst=/var/run/act/actions/actions-cache@v3/\n[4505fdc3-9fcf-40e0-9483-fbbeab799e25/build]   \ud83d\udc33  docker exec cmd=[chown -R 1012:1013 /var/run/act/actions/actions-cache@v3/] user=0 workdir=\n[4505fdc3-9fcf-40e0-9483-fbbeab799e25/build]   \ud83d\udc33  docker exec cmd=[node /var/run/act/actions/actions-cache@v3/dist/restore/index.js] user= workdir=\n[4505fdc3-9fcf-40e0-9483-fbbeab799e25/build]   \ud83d\udcac  ::debug::Resolved Keys:\n[4505fdc3-9fcf-40e0-9483-fbbeab799e25/build]   \ud83d\udcac  ::debug::[\"Linux-maven-290fbcfa3e61ea2dd5939b4a94ba01cc49b790830172a57ffb40d0550cef6e24\",\"Linux-maven-\"]\n[4505fdc3-9fcf-40e0-9483-fbbeab799e25/build]   \ud83d\udcac  ::debug::Checking zstd --quiet --version\n[4505fdc3-9fcf-40e0-9483-fbbeab799e25/build]   \ud83d\udcac  ::debug::1.5.0\n[4505fdc3-9fcf-40e0-9483-fbbeab799e25/build]   \ud83d\udcac  ::debug::zstd version: 1.5.0\n[4505fdc3-9fcf-40e0-9483-fbbeab799e25/build]   \ud83d\udcac  ::debug::Resource Url: http://130.242.72.40:40437/_apis/artifactcache/cache?keys=Linux-maven-290fbcfa3e61ea2dd5939b4a94ba01cc49b790830172a57ffb40d0550cef6e24%252CLinux-maven-&version=1c2ce12c004fe9d371264f118029f44cf9529a1042ef3e0d0cf97b19951884ff\n[4505fdc3-9fcf-40e0-9483-fbbeab799e25/build]   \ud83d\udcac  ::debug::Failed to delete archive: Error: ENOENT: no such file or directory, unlink ''\n[4505fdc3-9fcf-40e0-9483-fbbeab799e25/build]   | Cache not found for input keys: Linux-maven-290fbcfa3e61ea2dd5939b4a94ba01cc49b790830172a57ffb40d0550cef6e24, Linux-maven-\n[4505fdc3-9fcf-40e0-9483-fbbeab799e25/build]   \u2705  Success - Main Cache Maven packages\n[4505fdc3-9fcf-40e0-9483-fbbeab799e25/build] \u2b50 Run Main Set up MySQL (local)\n[4505fdc3-9fcf-40e0-9483-fbbeab799e25/build]   \ud83d\udc33  docker exec cmd=[bash --noprofile --norc -e -o pipefail /var/run/act/workflow/10] user= workdir=\n[4505fdc3-9fcf-40e0-9483-fbbeab799e25/build]   | System has not been booted with systemd as init system (PID 1). Can't operate.\n[4505fdc3-9fcf-40e0-9483-fbbeab799e25/build]   | Failed to connect to bus: Host is down\n[4505fdc3-9fcf-40e0-9483-fbbeab799e25/build]   \u274c  Failure - Main Set up MySQL (local)\n[4505fdc3-9fcf-40e0-9483-fbbeab799e25/build] exitcode '1': failure\n[4505fdc3-9fcf-40e0-9483-fbbeab799e25/build] \u2b50 Run Main clean github.ref_name\n[4505fdc3-9fcf-40e0-9483-fbbeab799e25/build]   \ud83d\udc33  docker cp src=/tmp/act-cache/e7d6abe0-17b9-41f5-9a4f-f2acbaedeb20/act/mad9000-actions-find-and-replace-string@3/ dst=/var/run/act/actions/mad9000-actions-find-and-replace-string@3/\n[4505fdc3-9fcf-40e0-9483-fbbeab799e25/build]   \ud83d\udc33  docker exec cmd=[chown -R 1012:1013 /var/run/act/actions/mad9000-actions-find-and-replace-string@3/] user=0 workdir=\n[4505fdc3-9fcf-40e0-9483-fbbeab799e25/build]   \ud83d\udc33  docker exec cmd=[node /var/run/act/actions/mad9000-actions-find-and-replace-string@3/index.js] user= workdir=\n[4505fdc3-9fcf-40e0-9483-fbbeab799e25/build]   \u2705  Success - Main clean github.ref_name\n[4505fdc3-9fcf-40e0-9483-fbbeab799e25/build]   \u2699  ::set-output:: value=6.0\n[4505fdc3-9fcf-40e0-9483-fbbeab799e25/build] \u2b50 Run Main Upload Artifact (junit-test-results)\n[4505fdc3-9fcf-40e0-9483-fbbeab799e25/build]   \ud83d\udc33  docker cp src=/tmp/act-cache/e7d6abe0-17b9-41f5-9a4f-f2acbaedeb20/act/actions-upload-artifact@v3/ dst=/var/run/act/actions/actions-upload-artifact@v3/\n[4505fdc3-9fcf-40e0-9483-fbbeab799e25/build]   \ud83d\udc33  docker exec cmd=[chown -R 1012:1013 /var/run/act/actions/actions-upload-artifact@v3/] user=0 workdir=\n[4505fdc3-9fcf-40e0-9483-fbbeab799e25/build]   \ud83d\udc33  docker exec cmd=[node /var/run/act/actions/actions-upload-artifact@v3/dist/index.js] user= workdir=\n[4505fdc3-9fcf-40e0-9483-fbbeab799e25/build]   \ud83d\udcac  ::debug::followSymbolicLinks 'true'\n[4505fdc3-9fcf-40e0-9483-fbbeab799e25/build]   \ud83d\udcac  ::debug::implicitDescendants 'true'\n[4505fdc3-9fcf-40e0-9483-fbbeab799e25/build]   \ud83d\udcac  ::debug::omitBrokenSymbolicLinks 'true'\n[4505fdc3-9fcf-40e0-9483-fbbeab799e25/build]   \ud83d\udcac  ::debug::followSymbolicLinks 'true'\n[4505fdc3-9fcf-40e0-9483-fbbeab799e25/build]   \ud83d\udcac  ::debug::implicitDescendants 'true'\n[4505fdc3-9fcf-40e0-9483-fbbeab799e25/build]   \ud83d\udcac  ::debug::matchDirectories 'true'\n[4505fdc3-9fcf-40e0-9483-fbbeab799e25/build]   \ud83d\udcac  ::debug::omitBrokenSymbolicLinks 'true'\n[4505fdc3-9fcf-40e0-9483-fbbeab799e25/build]   \ud83d\udcac  ::debug::Search path '/tmp/3d783ea4-1661-11ee-8a50-bb14de238602/lucee-Lucee/test/reports'\n[4505fdc3-9fcf-40e0-9483-fbbeab799e25/build]   \ud83d\udea7  ::warning::No files were found with the provided path: test/reports/*.xml. No artifacts will be uploaded.\n[4505fdc3-9fcf-40e0-9483-fbbeab799e25/build]   \u2705  Success - Main Upload Artifact (junit-test-results)\n[4505fdc3-9fcf-40e0-9483-fbbeab799e25/build] \u2b50 Run Main Publish Test Results\n[4505fdc3-9fcf-40e0-9483-fbbeab799e25/build]   \ud83d\udc33  docker pull image=ghcr.io/enricomi/publish-unit-test-result-action:v2.8.0 platform= username= forcePull=false\n[4505fdc3-9fcf-40e0-9483-fbbeab799e25/build]   \ud83d\udc33  docker create image=ghcr.io/enricomi/publish-unit-test-result-action:v2.8.0 platform= entrypoint=[] cmd=[]\n[4505fdc3-9fcf-40e0-9483-fbbeab799e25/build]   \ud83d\udc33  docker run image=ghcr.io/enricomi/publish-unit-test-result-action:v2.8.0 platform= entrypoint=[] cmd=[]\n[4505fdc3-9fcf-40e0-9483-fbbeab799e25/build]   | 2023-06-29 12:02:44 +0000 - publish -  INFO - Available memory to read files: 419.8 GiB\n[4505fdc3-9fcf-40e0-9483-fbbeab799e25/build]   | 2023-06-29 12:02:44 +0000 - publish - WARNING - Could not find any JUnit XML files for test/reports/*.xml\n[4505fdc3-9fcf-40e0-9483-fbbeab799e25/build]   | 2023-06-29 12:02:44 +0000 - publish -  INFO - Finished reading 0 files in 0.00 seconds\n[4505fdc3-9fcf-40e0-9483-fbbeab799e25/build]   | 2023-06-29 12:02:44 +0000 - publish -  INFO - Publishing neutral results for commit 990a1b5fbd55fa852b1b8c10bebb027563ebdd8c\n[4505fdc3-9fcf-40e0-9483-fbbeab799e25/build]   | 2023-06-29 12:02:45 +0000 - publish - WARNING - Request POST /repos/lucee/Lucee/check-runs failed: Forbidden\n[4505fdc3-9fcf-40e0-9483-fbbeab799e25/build]   | 2023-06-29 12:02:45 +0000 - publish - WARNING - Request POST /repos/lucee/Lucee/check-runs failed with 403: Forbidden\n[4505fdc3-9fcf-40e0-9483-fbbeab799e25/build]   | 2023-06-29 12:02:45 +0000 - publish -  INFO - There is no Retry-After given in the response header\n[4505fdc3-9fcf-40e0-9483-fbbeab799e25/build]   | 2023-06-29 12:02:45 +0000 - publish -  INFO - Response message does not indicate retry-able error\n[4505fdc3-9fcf-40e0-9483-fbbeab799e25/build]   \ud83d\udea7  ::warning::Could not find any JUnit XML files for test/reports/*.xml\n[4505fdc3-9fcf-40e0-9483-fbbeab799e25/build]   \ud83d\udea7  ::warning::Request POST /repos/lucee/Lucee/check-runs failed with 403: Forbidden\n[4505fdc3-9fcf-40e0-9483-fbbeab799e25/build]   | Traceback (most recent call last):\n[4505fdc3-9fcf-40e0-9483-fbbeab799e25/build]   |   File \"/action/publish_test_results.py\", line 548, in <module>\n[4505fdc3-9fcf-40e0-9483-fbbeab799e25/build]   |     main(settings, gha)\n[4505fdc3-9fcf-40e0-9483-fbbeab799e25/build]   |   File \"/action/publish_test_results.py\", line 255, in main\n[4505fdc3-9fcf-40e0-9483-fbbeab799e25/build]   |     Publisher(settings, gh, gha).publish(stats, results.case_results, conclusion)\n[4505fdc3-9fcf-40e0-9483-fbbeab799e25/build]   |   File \"/action/publish/publisher.py\", line 211, in publish\n[4505fdc3-9fcf-40e0-9483-fbbeab799e25/build]   |     check_run, before_check_run = self.publish_check(stats, cases, conclusion)\n[4505fdc3-9fcf-40e0-9483-fbbeab799e25/build]   |   File \"/action/publish/publisher.py\", line 421, in publish_check\n[4505fdc3-9fcf-40e0-9483-fbbeab799e25/build]   |     check_run = self._repo.create_check_run(name=self._settings.check_name,\n[4505fdc3-9fcf-40e0-9483-fbbeab799e25/build]   |   File \"/usr/local/lib/python3.8/site-packages/github/Repository.py\", line 3745, in create_check_run\n[4505fdc3-9fcf-40e0-9483-fbbeab799e25/build]   |     headers, data = self._requester.requestJsonAndCheck(\n[4505fdc3-9fcf-40e0-9483-fbbeab799e25/build]   |   File \"/usr/local/lib/python3.8/site-packages/github/Requester.py\", line 399, in requestJsonAndCheck\n[4505fdc3-9fcf-40e0-9483-fbbeab799e25/build]   |     *self.requestJson(\n[4505fdc3-9fcf-40e0-9483-fbbeab799e25/build]   |   File \"/usr/local/lib/python3.8/site-packages/github/Requester.py\", line 499, in requestJson\n[4505fdc3-9fcf-40e0-9483-fbbeab799e25/build]   |     return self.__requestEncode(cnx, verb, url, parameters, headers, input, encode)\n[4505fdc3-9fcf-40e0-9483-fbbeab799e25/build]   |   File \"/usr/local/lib/python3.8/site-packages/github/Requester.py\", line 573, in __requestEncode\n[4505fdc3-9fcf-40e0-9483-fbbeab799e25/build]   |     status, responseHeaders, output = self.__requestRaw(\n[4505fdc3-9fcf-40e0-9483-fbbeab799e25/build]   |   File \"/action/publish_test_results.py\", line 283, in throttled_gh_request_raw\n[4505fdc3-9fcf-40e0-9483-fbbeab799e25/build]   |     return gh_request_raw(cnx, verb, url, requestHeaders, input)\n[4505fdc3-9fcf-40e0-9483-fbbeab799e25/build]   |   File \"/usr/local/lib/python3.8/site-packages/github/Requester.py\", line 600, in __requestRaw\n[4505fdc3-9fcf-40e0-9483-fbbeab799e25/build]   |     response = cnx.getresponse()\n[4505fdc3-9fcf-40e0-9483-fbbeab799e25/build]   |   File \"/usr/local/lib/python3.8/site-packages/github/Requester.py\", line 131, in getresponse\n[4505fdc3-9fcf-40e0-9483-fbbeab799e25/build]   |     r = verb(\n[4505fdc3-9fcf-40e0-9483-fbbeab799e25/build]   |   File \"/usr/local/lib/python3.8/site-packages/requests/sessions.py\", line 637, in post\n[4505fdc3-9fcf-40e0-9483-fbbeab799e25/build]   |     return self.request(\"POST\", url, data=data, json=json, **kwargs)\n[4505fdc3-9fcf-40e0-9483-fbbeab799e25/build]   |   File \"/usr/local/lib/python3.8/site-packages/requests/sessions.py\", line 589, in request\n[4505fdc3-9fcf-40e0-9483-fbbeab799e25/build]   |     resp = self.send(prep, **send_kwargs)\n[4505fdc3-9fcf-40e0-9483-fbbeab799e25/build]   |   File \"/usr/local/lib/python3.8/site-packages/requests/sessions.py\", line 703, in send\n[4505fdc3-9fcf-40e0-9483-fbbeab799e25/build]   |     r = adapter.send(request, **kwargs)\n[4505fdc3-9fcf-40e0-9483-fbbeab799e25/build]   |   File \"/usr/local/lib/python3.8/site-packages/requests/adapters.py\", line 486, in send\n[4505fdc3-9fcf-40e0-9483-fbbeab799e25/build]   |     resp = conn.urlopen(\n[4505fdc3-9fcf-40e0-9483-fbbeab799e25/build]   |   File \"/usr/local/lib/python3.8/site-packages/urllib3/connectionpool.py\", line 879, in urlopen\n[4505fdc3-9fcf-40e0-9483-fbbeab799e25/build]   |     retries = retries.increment(method, url, response=response, _pool=self)\n[4505fdc3-9fcf-40e0-9483-fbbeab799e25/build]   |   File \"/action/publish/retry.py\", line 101, in increment\n[4505fdc3-9fcf-40e0-9483-fbbeab799e25/build]   |     raise GithubException(response.status, content, response.headers)\n[4505fdc3-9fcf-40e0-9483-fbbeab799e25/build]   | github.GithubException.GithubException: 403 {\"message\": \"Resource not accessible by personal access token\", \"documentation_url\": \"https://docs.github.com/rest/reference/checks#create-a-check-run\"}\n[4505fdc3-9fcf-40e0-9483-fbbeab799e25/build]   \u274c  Failure - Main Publish Test Results\n[4505fdc3-9fcf-40e0-9483-fbbeab799e25/build] exit with `FAILURE`: 1\n[4505fdc3-9fcf-40e0-9483-fbbeab799e25/build] \u2b50 Run Post Set up build JDK '8'\n[4505fdc3-9fcf-40e0-9483-fbbeab799e25/build]   \ud83d\udc33  docker exec cmd=[node /var/run/act/actions/actions-setup-java@v3/dist/cleanup/index.js] user= workdir=\n[4505fdc3-9fcf-40e0-9483-fbbeab799e25/build]   \u2705  Success - Post Set up build JDK '8'\n[4505fdc3-9fcf-40e0-9483-fbbeab799e25/build] \ud83c\udfc1  Job failed\n",
        "stderr": "Error: Job 'build' failed\n",
        "workflow": "/tmp/3d783ea4-1661-11ee-8a50-bb14de238602/lucee-Lucee/.github/workflows/main-crawler.yml",
        "build_tool": "maven",
        "elapsed_time": 221.96099853515625
    }
}