{
    "repository": "mars885/persistent-search-view",
    "stars": 408,
    "language": "java",
    "size": 698,
    "clone_url": "https://github.com/mars885/persistent-search-view.git",
    "timestamp": "2023-06-29T13:38:22.028247Z",
    "clone_success": true,
    "number_of_actions": 3,
    "number_of_test_actions": 1,
    "actions_successful": false,
    "actions_build_tools": [
        "unknown",
        "gradle",
        "gradle"
    ],
    "actions_test_build_tools": [
        "gradle"
    ],
    "actions_run": {
        "failed": true,
        "tests": [],
        "stdout": "[dad769c7-1da7-44ee-958a-814ff8fce4e7/assemble       ] \ud83d\ude80  Start image=crawlergpt:latest\n[dad769c7-1da7-44ee-958a-814ff8fce4e7/Static Analysis] \ud83d\ude80  Start image=crawlergpt:latest\n[dad769c7-1da7-44ee-958a-814ff8fce4e7/test           ] \ud83d\ude80  Start image=crawlergpt:latest\n[dad769c7-1da7-44ee-958a-814ff8fce4e7/Static Analysis]   \ud83d\udc33  docker pull image=crawlergpt:latest platform= username= forcePull=false\n[dad769c7-1da7-44ee-958a-814ff8fce4e7/assemble       ]   \ud83d\udc33  docker pull image=crawlergpt:latest platform= username= forcePull=false\n[dad769c7-1da7-44ee-958a-814ff8fce4e7/test           ]   \ud83d\udc33  docker pull image=crawlergpt:latest platform= username= forcePull=false\n[dad769c7-1da7-44ee-958a-814ff8fce4e7/Static Analysis]   \ud83d\udc33  docker create image=crawlergpt:latest platform= entrypoint=[\"tail\" \"-f\" \"/dev/null\"] cmd=[]\n[dad769c7-1da7-44ee-958a-814ff8fce4e7/assemble       ]   \ud83d\udc33  docker create image=crawlergpt:latest platform= entrypoint=[\"tail\" \"-f\" \"/dev/null\"] cmd=[]\n[dad769c7-1da7-44ee-958a-814ff8fce4e7/test           ]   \ud83d\udc33  docker create image=crawlergpt:latest platform= entrypoint=[\"tail\" \"-f\" \"/dev/null\"] cmd=[]\n[dad769c7-1da7-44ee-958a-814ff8fce4e7/assemble       ]   \ud83d\udc33  docker run image=crawlergpt:latest platform= entrypoint=[\"tail\" \"-f\" \"/dev/null\"] cmd=[]\n[dad769c7-1da7-44ee-958a-814ff8fce4e7/Static Analysis]   \ud83d\udc33  docker run image=crawlergpt:latest platform= entrypoint=[\"tail\" \"-f\" \"/dev/null\"] cmd=[]\n[dad769c7-1da7-44ee-958a-814ff8fce4e7/test           ]   \ud83d\udc33  docker run image=crawlergpt:latest platform= entrypoint=[\"tail\" \"-f\" \"/dev/null\"] cmd=[]\n[dad769c7-1da7-44ee-958a-814ff8fce4e7/assemble       ]   \ud83d\udc33  docker exec cmd=[chown -R 1012:1013 /tmp/3d783ea4-1661-11ee-8a50-bb14de238602/mars885-persistent-search-view] user=0 workdir=\n[dad769c7-1da7-44ee-958a-814ff8fce4e7/Static Analysis]   \ud83d\udc33  docker exec cmd=[chown -R 1012:1013 /tmp/3d783ea4-1661-11ee-8a50-bb14de238602/mars885-persistent-search-view] user=0 workdir=\n[dad769c7-1da7-44ee-958a-814ff8fce4e7/assemble       ]   \u2601  git clone 'https://github.com/actions/setup-java' # ref=v2\n[dad769c7-1da7-44ee-958a-814ff8fce4e7/Static Analysis]   \u2601  git clone 'https://github.com/actions/setup-java' # ref=v2\n[dad769c7-1da7-44ee-958a-814ff8fce4e7/test           ]   \ud83d\udc33  docker exec cmd=[chown -R 1012:1013 /tmp/3d783ea4-1661-11ee-8a50-bb14de238602/mars885-persistent-search-view] user=0 workdir=\n[dad769c7-1da7-44ee-958a-814ff8fce4e7/test           ]   \u2601  git clone 'https://github.com/actions/setup-java' # ref=v2\n[dad769c7-1da7-44ee-958a-814ff8fce4e7/assemble       ]   \u2601  git clone 'https://github.com/actions/cache' # ref=v2\n[dad769c7-1da7-44ee-958a-814ff8fce4e7/Static Analysis]   \u2601  git clone 'https://github.com/actions/cache' # ref=v2\n[dad769c7-1da7-44ee-958a-814ff8fce4e7/test           ]   \u2601  git clone 'https://github.com/actions/cache' # ref=v2\n[dad769c7-1da7-44ee-958a-814ff8fce4e7/assemble       ] \u2b50 Run Main Checkout Repo\n[dad769c7-1da7-44ee-958a-814ff8fce4e7/assemble       ]   \u2705  Success - Main Checkout Repo\n[dad769c7-1da7-44ee-958a-814ff8fce4e7/Static Analysis] \u2b50 Run Main Checkout Repo\n[dad769c7-1da7-44ee-958a-814ff8fce4e7/Static Analysis]   \u2705  Success - Main Checkout Repo\n[dad769c7-1da7-44ee-958a-814ff8fce4e7/test           ] \u2b50 Run Main Checkout Repo\n[dad769c7-1da7-44ee-958a-814ff8fce4e7/test           ]   \u2705  Success - Main Checkout Repo\n[dad769c7-1da7-44ee-958a-814ff8fce4e7/assemble       ] \u2b50 Run Main Set up JDK 11\n[dad769c7-1da7-44ee-958a-814ff8fce4e7/assemble       ]   \ud83d\udc33  docker cp src=/tmp/act-cache/4b795c14-8438-476b-b129-78a0d5e1f2d3/act/actions-setup-java@v2/ dst=/var/run/act/actions/actions-setup-java@v2/\n[dad769c7-1da7-44ee-958a-814ff8fce4e7/Static Analysis] \u2b50 Run Main Set up JDK 11\n[dad769c7-1da7-44ee-958a-814ff8fce4e7/test           ] \u2b50 Run Main Set up JDK 11\n[dad769c7-1da7-44ee-958a-814ff8fce4e7/Static Analysis]   \ud83d\udc33  docker cp src=/tmp/act-cache/4b795c14-8438-476b-b129-78a0d5e1f2d3/act/actions-setup-java@v2/ dst=/var/run/act/actions/actions-setup-java@v2/\n[dad769c7-1da7-44ee-958a-814ff8fce4e7/test           ]   \ud83d\udc33  docker cp src=/tmp/act-cache/4b795c14-8438-476b-b129-78a0d5e1f2d3/act/actions-setup-java@v2/ dst=/var/run/act/actions/actions-setup-java@v2/\n[dad769c7-1da7-44ee-958a-814ff8fce4e7/assemble       ]   \ud83d\udc33  docker exec cmd=[chown -R 1012:1013 /var/run/act/actions/actions-setup-java@v2/] user=0 workdir=\n[dad769c7-1da7-44ee-958a-814ff8fce4e7/Static Analysis]   \ud83d\udc33  docker exec cmd=[chown -R 1012:1013 /var/run/act/actions/actions-setup-java@v2/] user=0 workdir=\n[dad769c7-1da7-44ee-958a-814ff8fce4e7/test           ]   \ud83d\udc33  docker exec cmd=[chown -R 1012:1013 /var/run/act/actions/actions-setup-java@v2/] user=0 workdir=\n[dad769c7-1da7-44ee-958a-814ff8fce4e7/Static Analysis]   \ud83d\udc33  docker exec cmd=[node /var/run/act/actions/actions-setup-java@v2/dist/setup/index.js] user= workdir=\n[dad769c7-1da7-44ee-958a-814ff8fce4e7/test           ]   \ud83d\udc33  docker exec cmd=[node /var/run/act/actions/actions-setup-java@v2/dist/setup/index.js] user= workdir=\n[dad769c7-1da7-44ee-958a-814ff8fce4e7/assemble       ]   \ud83d\udc33  docker exec cmd=[node /var/run/act/actions/actions-setup-java@v2/dist/setup/index.js] user= workdir=\n[dad769c7-1da7-44ee-958a-814ff8fce4e7/Static Analysis]   | Trying to resolve the latest version from remote\n[dad769c7-1da7-44ee-958a-814ff8fce4e7/assemble       ]   | Trying to resolve the latest version from remote\n[dad769c7-1da7-44ee-958a-814ff8fce4e7/test           ]   | Trying to resolve the latest version from remote\n[dad769c7-1da7-44ee-958a-814ff8fce4e7/Static Analysis]   | Resolved latest version as 11.0.19+7\n[dad769c7-1da7-44ee-958a-814ff8fce4e7/Static Analysis]   | Trying to download...\n[dad769c7-1da7-44ee-958a-814ff8fce4e7/Static Analysis]   | Downloading Java 11.0.19+7 (Temurin-Hotspot) from https://github.com/adoptium/temurin11-binaries/releases/download/jdk-11.0.19%2B7/OpenJDK11U-jdk_x64_linux_hotspot_11.0.19_7.tar.gz ...\n[dad769c7-1da7-44ee-958a-814ff8fce4e7/Static Analysis]   \ud83d\udcac  ::debug::Downloading https://github.com/adoptium/temurin11-binaries/releases/download/jdk-11.0.19%252B7/OpenJDK11U-jdk_x64_linux_hotspot_11.0.19_7.tar.gz\n[dad769c7-1da7-44ee-958a-814ff8fce4e7/Static Analysis]   \ud83d\udcac  ::debug::Destination /tmp/63b82490-edb1-4f8b-a513-891fb8a3c87f\n[dad769c7-1da7-44ee-958a-814ff8fce4e7/test           ]   | Resolved latest version as 11.0.19+7\n[dad769c7-1da7-44ee-958a-814ff8fce4e7/test           ]   | Trying to download...\n[dad769c7-1da7-44ee-958a-814ff8fce4e7/test           ]   | Downloading Java 11.0.19+7 (Temurin-Hotspot) from https://github.com/adoptium/temurin11-binaries/releases/download/jdk-11.0.19%2B7/OpenJDK11U-jdk_x64_linux_hotspot_11.0.19_7.tar.gz ...\n[dad769c7-1da7-44ee-958a-814ff8fce4e7/test           ]   \ud83d\udcac  ::debug::Downloading https://github.com/adoptium/temurin11-binaries/releases/download/jdk-11.0.19%252B7/OpenJDK11U-jdk_x64_linux_hotspot_11.0.19_7.tar.gz\n[dad769c7-1da7-44ee-958a-814ff8fce4e7/test           ]   \ud83d\udcac  ::debug::Destination /tmp/4bb6b8b0-bedd-4420-b7a1-0ef5d439749f\n[dad769c7-1da7-44ee-958a-814ff8fce4e7/assemble       ]   | Resolved latest version as 11.0.19+7\n[dad769c7-1da7-44ee-958a-814ff8fce4e7/assemble       ]   | Trying to download...\n[dad769c7-1da7-44ee-958a-814ff8fce4e7/assemble       ]   | Downloading Java 11.0.19+7 (Temurin-Hotspot) from https://github.com/adoptium/temurin11-binaries/releases/download/jdk-11.0.19%2B7/OpenJDK11U-jdk_x64_linux_hotspot_11.0.19_7.tar.gz ...\n[dad769c7-1da7-44ee-958a-814ff8fce4e7/assemble       ]   \ud83d\udcac  ::debug::Downloading https://github.com/adoptium/temurin11-binaries/releases/download/jdk-11.0.19%252B7/OpenJDK11U-jdk_x64_linux_hotspot_11.0.19_7.tar.gz\n[dad769c7-1da7-44ee-958a-814ff8fce4e7/assemble       ]   \ud83d\udcac  ::debug::Destination /tmp/1628d70b-33ce-4776-ab02-53dc69c8830e\n[dad769c7-1da7-44ee-958a-814ff8fce4e7/Static Analysis]   \ud83d\udcac  ::debug::download complete\n[dad769c7-1da7-44ee-958a-814ff8fce4e7/Static Analysis]   | Extracting Java archive...\n[dad769c7-1da7-44ee-958a-814ff8fce4e7/Static Analysis]   \ud83d\udcac  ::debug::Checking tar --version\n[dad769c7-1da7-44ee-958a-814ff8fce4e7/Static Analysis]   \ud83d\udcac  ::debug::tar (GNU tar) 1.30%0ACopyright (C) 2017 Free Software Foundation, Inc.%0ALicense GPLv3+: GNU GPL version 3 or later <https://gnu.org/licenses/gpl.html>.%0AThis is free software: you are free to change and redistribute it.%0AThere is NO WARRANTY, to the extent permitted by law.%0A%0AWritten by John Gilmore and Jay Fenlason.\n[dad769c7-1da7-44ee-958a-814ff8fce4e7/Static Analysis]   | [command]/usr/bin/tar xz --warning=no-unknown-keyword -C /tmp/7bd37b51-fd0b-4b05-9c00-81210e476163 -f /tmp/63b82490-edb1-4f8b-a513-891fb8a3c87f\n[dad769c7-1da7-44ee-958a-814ff8fce4e7/assemble       ]   \ud83d\udcac  ::debug::download complete\n[dad769c7-1da7-44ee-958a-814ff8fce4e7/assemble       ]   | Extracting Java archive...\n[dad769c7-1da7-44ee-958a-814ff8fce4e7/assemble       ]   \ud83d\udcac  ::debug::Checking tar --version\n[dad769c7-1da7-44ee-958a-814ff8fce4e7/assemble       ]   \ud83d\udcac  ::debug::tar (GNU tar) 1.30%0ACopyright (C) 2017 Free Software Foundation, Inc.%0ALicense GPLv3+: GNU GPL version 3 or later <https://gnu.org/licenses/gpl.html>.%0AThis is free software: you are free to change and redistribute it.%0AThere is NO WARRANTY, to the extent permitted by law.%0A%0AWritten by John Gilmore and Jay Fenlason.\n[dad769c7-1da7-44ee-958a-814ff8fce4e7/assemble       ]   | [command]/usr/bin/tar xz --warning=no-unknown-keyword -C /tmp/f687fe68-9457-4c7a-8d0a-1b563310ced7 -f /tmp/1628d70b-33ce-4776-ab02-53dc69c8830e\n[dad769c7-1da7-44ee-958a-814ff8fce4e7/test           ]   \ud83d\udcac  ::debug::download complete\n[dad769c7-1da7-44ee-958a-814ff8fce4e7/test           ]   | Extracting Java archive...\n[dad769c7-1da7-44ee-958a-814ff8fce4e7/test           ]   \ud83d\udcac  ::debug::Checking tar --version\n[dad769c7-1da7-44ee-958a-814ff8fce4e7/test           ]   \ud83d\udcac  ::debug::tar (GNU tar) 1.30%0ACopyright (C) 2017 Free Software Foundation, Inc.%0ALicense GPLv3+: GNU GPL version 3 or later <https://gnu.org/licenses/gpl.html>.%0AThis is free software: you are free to change and redistribute it.%0AThere is NO WARRANTY, to the extent permitted by law.%0A%0AWritten by John Gilmore and Jay Fenlason.\n[dad769c7-1da7-44ee-958a-814ff8fce4e7/test           ]   | [command]/usr/bin/tar xz --warning=no-unknown-keyword -C /tmp/24ce8111-c655-483d-ba60-0116b3a95fd1 -f /tmp/4bb6b8b0-bedd-4420-b7a1-0ef5d439749f\n[dad769c7-1da7-44ee-958a-814ff8fce4e7/Static Analysis]   \ud83d\udcac  ::debug::Caching tool Java_Temurin-Hotspot_jdk 11.0.19-7 x64\n[dad769c7-1da7-44ee-958a-814ff8fce4e7/Static Analysis]   \ud83d\udcac  ::debug::source dir: /tmp/7bd37b51-fd0b-4b05-9c00-81210e476163/jdk-11.0.19+7\n[dad769c7-1da7-44ee-958a-814ff8fce4e7/Static Analysis]   \ud83d\udcac  ::debug::destination /opt/hostedtoolcache/Java_Temurin-Hotspot_jdk/11.0.19-7/x64\n[dad769c7-1da7-44ee-958a-814ff8fce4e7/assemble       ]   \ud83d\udcac  ::debug::Caching tool Java_Temurin-Hotspot_jdk 11.0.19-7 x64\n[dad769c7-1da7-44ee-958a-814ff8fce4e7/assemble       ]   \ud83d\udcac  ::debug::source dir: /tmp/f687fe68-9457-4c7a-8d0a-1b563310ced7/jdk-11.0.19+7\n[dad769c7-1da7-44ee-958a-814ff8fce4e7/assemble       ]   \ud83d\udcac  ::debug::destination /opt/hostedtoolcache/Java_Temurin-Hotspot_jdk/11.0.19-7/x64\n[dad769c7-1da7-44ee-958a-814ff8fce4e7/test           ]   \ud83d\udcac  ::debug::Caching tool Java_Temurin-Hotspot_jdk 11.0.19-7 x64\n[dad769c7-1da7-44ee-958a-814ff8fce4e7/test           ]   \ud83d\udcac  ::debug::source dir: /tmp/24ce8111-c655-483d-ba60-0116b3a95fd1/jdk-11.0.19+7\n[dad769c7-1da7-44ee-958a-814ff8fce4e7/test           ]   \ud83d\udcac  ::debug::destination /opt/hostedtoolcache/Java_Temurin-Hotspot_jdk/11.0.19-7/x64\n[dad769c7-1da7-44ee-958a-814ff8fce4e7/Static Analysis]   \ud83d\udcac  ::debug::finished caching tool\n[dad769c7-1da7-44ee-958a-814ff8fce4e7/Static Analysis]   | Java 11.0.19+7 was downloaded\n[dad769c7-1da7-44ee-958a-814ff8fce4e7/Static Analysis]   | Setting Java 11.0.19+7 as the default\n[dad769c7-1da7-44ee-958a-814ff8fce4e7/Static Analysis]   | \n[dad769c7-1da7-44ee-958a-814ff8fce4e7/Static Analysis]   | Java configuration:\n[dad769c7-1da7-44ee-958a-814ff8fce4e7/Static Analysis]   |   Distribution: temurin\n[dad769c7-1da7-44ee-958a-814ff8fce4e7/Static Analysis]   |   Version: 11.0.19+7\n[dad769c7-1da7-44ee-958a-814ff8fce4e7/Static Analysis]   |   Path: /opt/hostedtoolcache/Java_Temurin-Hotspot_jdk/11.0.19-7/x64\n[dad769c7-1da7-44ee-958a-814ff8fce4e7/Static Analysis]   | \n[dad769c7-1da7-44ee-958a-814ff8fce4e7/Static Analysis]   \u2753 add-matcher /run/act/actions/actions-setup-java@v2/.github/java.json\n[dad769c7-1da7-44ee-958a-814ff8fce4e7/Static Analysis]   | Creating settings.xml with server-id: github\n[dad769c7-1da7-44ee-958a-814ff8fce4e7/Static Analysis]   | Writing to /home/runneradmin/.m2/settings.xml\n[dad769c7-1da7-44ee-958a-814ff8fce4e7/Static Analysis]   \u2705  Success - Main Set up JDK 11\n[dad769c7-1da7-44ee-958a-814ff8fce4e7/Static Analysis]   \u2699  ::set-env:: JAVA_HOME=/opt/hostedtoolcache/Java_Temurin-Hotspot_jdk/11.0.19-7/x64\n[dad769c7-1da7-44ee-958a-814ff8fce4e7/Static Analysis]   \u2699  ::set-output:: distribution=Temurin-Hotspot\n[dad769c7-1da7-44ee-958a-814ff8fce4e7/Static Analysis]   \u2699  ::set-output:: path=/opt/hostedtoolcache/Java_Temurin-Hotspot_jdk/11.0.19-7/x64\n[dad769c7-1da7-44ee-958a-814ff8fce4e7/Static Analysis]   \u2699  ::set-output:: version=11.0.19+7\n[dad769c7-1da7-44ee-958a-814ff8fce4e7/Static Analysis]   \u2699  ::add-path:: /opt/hostedtoolcache/Java_Temurin-Hotspot_jdk/11.0.19-7/x64/bin\n[dad769c7-1da7-44ee-958a-814ff8fce4e7/Static Analysis] \u2b50 Run Main Generate a Cache Key\n[dad769c7-1da7-44ee-958a-814ff8fce4e7/Static Analysis]   \ud83d\udc33  docker exec cmd=[bash --noprofile --norc -e -o pipefail /var/run/act/workflow/2] user= workdir=\n[dad769c7-1da7-44ee-958a-814ff8fce4e7/assemble       ]   \ud83d\udcac  ::debug::finished caching tool\n[dad769c7-1da7-44ee-958a-814ff8fce4e7/assemble       ]   | Java 11.0.19+7 was downloaded\n[dad769c7-1da7-44ee-958a-814ff8fce4e7/assemble       ]   | Setting Java 11.0.19+7 as the default\n[dad769c7-1da7-44ee-958a-814ff8fce4e7/assemble       ]   | \n[dad769c7-1da7-44ee-958a-814ff8fce4e7/assemble       ]   | Java configuration:\n[dad769c7-1da7-44ee-958a-814ff8fce4e7/assemble       ]   |   Distribution: temurin\n[dad769c7-1da7-44ee-958a-814ff8fce4e7/assemble       ]   |   Version: 11.0.19+7\n[dad769c7-1da7-44ee-958a-814ff8fce4e7/assemble       ]   |   Path: /opt/hostedtoolcache/Java_Temurin-Hotspot_jdk/11.0.19-7/x64\n[dad769c7-1da7-44ee-958a-814ff8fce4e7/assemble       ]   | \n[dad769c7-1da7-44ee-958a-814ff8fce4e7/assemble       ]   \u2753 add-matcher /run/act/actions/actions-setup-java@v2/.github/java.json\n[dad769c7-1da7-44ee-958a-814ff8fce4e7/assemble       ]   | Creating settings.xml with server-id: github\n[dad769c7-1da7-44ee-958a-814ff8fce4e7/assemble       ]   | Writing to /home/runneradmin/.m2/settings.xml\n[dad769c7-1da7-44ee-958a-814ff8fce4e7/assemble       ]   \u2705  Success - Main Set up JDK 11\n[dad769c7-1da7-44ee-958a-814ff8fce4e7/test           ]   \ud83d\udcac  ::debug::finished caching tool\n[dad769c7-1da7-44ee-958a-814ff8fce4e7/test           ]   | Java 11.0.19+7 was downloaded\n[dad769c7-1da7-44ee-958a-814ff8fce4e7/test           ]   | Setting Java 11.0.19+7 as the default\n[dad769c7-1da7-44ee-958a-814ff8fce4e7/test           ]   | \n[dad769c7-1da7-44ee-958a-814ff8fce4e7/test           ]   | Java configuration:\n[dad769c7-1da7-44ee-958a-814ff8fce4e7/test           ]   |   Distribution: temurin\n[dad769c7-1da7-44ee-958a-814ff8fce4e7/test           ]   |   Version: 11.0.19+7\n[dad769c7-1da7-44ee-958a-814ff8fce4e7/test           ]   |   Path: /opt/hostedtoolcache/Java_Temurin-Hotspot_jdk/11.0.19-7/x64\n[dad769c7-1da7-44ee-958a-814ff8fce4e7/test           ]   | \n[dad769c7-1da7-44ee-958a-814ff8fce4e7/test           ]   \u2753 add-matcher /run/act/actions/actions-setup-java@v2/.github/java.json\n[dad769c7-1da7-44ee-958a-814ff8fce4e7/test           ]   | Creating settings.xml with server-id: github\n[dad769c7-1da7-44ee-958a-814ff8fce4e7/test           ]   | Writing to /home/runneradmin/.m2/settings.xml\n[dad769c7-1da7-44ee-958a-814ff8fce4e7/test           ]   \u2705  Success - Main Set up JDK 11\n[dad769c7-1da7-44ee-958a-814ff8fce4e7/assemble       ]   \u2699  ::set-env:: JAVA_HOME=/opt/hostedtoolcache/Java_Temurin-Hotspot_jdk/11.0.19-7/x64\n[dad769c7-1da7-44ee-958a-814ff8fce4e7/test           ]   \u2699  ::set-env:: JAVA_HOME=/opt/hostedtoolcache/Java_Temurin-Hotspot_jdk/11.0.19-7/x64\n[dad769c7-1da7-44ee-958a-814ff8fce4e7/assemble       ]   \u2699  ::set-output:: distribution=Temurin-Hotspot\n[dad769c7-1da7-44ee-958a-814ff8fce4e7/assemble       ]   \u2699  ::set-output:: path=/opt/hostedtoolcache/Java_Temurin-Hotspot_jdk/11.0.19-7/x64\n[dad769c7-1da7-44ee-958a-814ff8fce4e7/assemble       ]   \u2699  ::set-output:: version=11.0.19+7\n[dad769c7-1da7-44ee-958a-814ff8fce4e7/test           ]   \u2699  ::set-output:: distribution=Temurin-Hotspot\n[dad769c7-1da7-44ee-958a-814ff8fce4e7/test           ]   \u2699  ::set-output:: path=/opt/hostedtoolcache/Java_Temurin-Hotspot_jdk/11.0.19-7/x64\n[dad769c7-1da7-44ee-958a-814ff8fce4e7/test           ]   \u2699  ::set-output:: version=11.0.19+7\n[dad769c7-1da7-44ee-958a-814ff8fce4e7/assemble       ]   \u2699  ::add-path:: /opt/hostedtoolcache/Java_Temurin-Hotspot_jdk/11.0.19-7/x64/bin\n[dad769c7-1da7-44ee-958a-814ff8fce4e7/test           ]   \u2699  ::add-path:: /opt/hostedtoolcache/Java_Temurin-Hotspot_jdk/11.0.19-7/x64/bin\n[dad769c7-1da7-44ee-958a-814ff8fce4e7/assemble       ] \u2b50 Run Main Generate a Cache Key\n[dad769c7-1da7-44ee-958a-814ff8fce4e7/test           ] \u2b50 Run Main Generate a Cache Key\n[dad769c7-1da7-44ee-958a-814ff8fce4e7/test           ]   \ud83d\udc33  docker exec cmd=[bash --noprofile --norc -e -o pipefail /var/run/act/workflow/2] user= workdir=\n[dad769c7-1da7-44ee-958a-814ff8fce4e7/assemble       ]   \ud83d\udc33  docker exec cmd=[bash --noprofile --norc -e -o pipefail /var/run/act/workflow/2] user= workdir=\n[dad769c7-1da7-44ee-958a-814ff8fce4e7/Static Analysis]   \u2705  Success - Main Generate a Cache Key\n[dad769c7-1da7-44ee-958a-814ff8fce4e7/test           ]   \u2705  Success - Main Generate a Cache Key\n[dad769c7-1da7-44ee-958a-814ff8fce4e7/assemble       ]   \u2705  Success - Main Generate a Cache Key\n[dad769c7-1da7-44ee-958a-814ff8fce4e7/Static Analysis] \u2b50 Run Main Copy CI Gradle Properties\n[dad769c7-1da7-44ee-958a-814ff8fce4e7/assemble       ] \u2b50 Run Main Copy CI Gradle Properties\n[dad769c7-1da7-44ee-958a-814ff8fce4e7/test           ] \u2b50 Run Main Copy CI Gradle Properties\n[dad769c7-1da7-44ee-958a-814ff8fce4e7/Static Analysis]   \ud83d\udc33  docker exec cmd=[bash --noprofile --norc -e -o pipefail /var/run/act/workflow/3] user= workdir=\n[dad769c7-1da7-44ee-958a-814ff8fce4e7/Static Analysis]   \u2705  Success - Main Copy CI Gradle Properties\n[dad769c7-1da7-44ee-958a-814ff8fce4e7/assemble       ]   \ud83d\udc33  docker exec cmd=[bash --noprofile --norc -e -o pipefail /var/run/act/workflow/3] user= workdir=\n[dad769c7-1da7-44ee-958a-814ff8fce4e7/assemble       ]   \u2705  Success - Main Copy CI Gradle Properties\n[dad769c7-1da7-44ee-958a-814ff8fce4e7/test           ]   \ud83d\udc33  docker exec cmd=[bash --noprofile --norc -e -o pipefail /var/run/act/workflow/3] user= workdir=\n[dad769c7-1da7-44ee-958a-814ff8fce4e7/test           ]   \u2705  Success - Main Copy CI Gradle Properties\n[dad769c7-1da7-44ee-958a-814ff8fce4e7/Static Analysis] \u2b50 Run Main Cache Gradle Folders\n[dad769c7-1da7-44ee-958a-814ff8fce4e7/assemble       ] \u2b50 Run Main Cache Gradle Folders\n[dad769c7-1da7-44ee-958a-814ff8fce4e7/Static Analysis]   \ud83d\udc33  docker cp src=/tmp/act-cache/4b795c14-8438-476b-b129-78a0d5e1f2d3/act/actions-cache@v2/ dst=/var/run/act/actions/actions-cache@v2/\n[dad769c7-1da7-44ee-958a-814ff8fce4e7/test           ] \u2b50 Run Main Cache Gradle Folders\n[dad769c7-1da7-44ee-958a-814ff8fce4e7/assemble       ]   \ud83d\udc33  docker cp src=/tmp/act-cache/4b795c14-8438-476b-b129-78a0d5e1f2d3/act/actions-cache@v2/ dst=/var/run/act/actions/actions-cache@v2/\n[dad769c7-1da7-44ee-958a-814ff8fce4e7/test           ]   \ud83d\udc33  docker cp src=/tmp/act-cache/4b795c14-8438-476b-b129-78a0d5e1f2d3/act/actions-cache@v2/ dst=/var/run/act/actions/actions-cache@v2/\n[dad769c7-1da7-44ee-958a-814ff8fce4e7/Static Analysis]   \ud83d\udc33  docker exec cmd=[chown -R 1012:1013 /var/run/act/actions/actions-cache@v2/] user=0 workdir=\n[dad769c7-1da7-44ee-958a-814ff8fce4e7/assemble       ]   \ud83d\udc33  docker exec cmd=[chown -R 1012:1013 /var/run/act/actions/actions-cache@v2/] user=0 workdir=\n[dad769c7-1da7-44ee-958a-814ff8fce4e7/test           ]   \ud83d\udc33  docker exec cmd=[chown -R 1012:1013 /var/run/act/actions/actions-cache@v2/] user=0 workdir=\n[dad769c7-1da7-44ee-958a-814ff8fce4e7/Static Analysis]   \ud83d\udc33  docker exec cmd=[node /var/run/act/actions/actions-cache@v2/dist/restore/index.js] user= workdir=\n[dad769c7-1da7-44ee-958a-814ff8fce4e7/assemble       ]   \ud83d\udc33  docker exec cmd=[node /var/run/act/actions/actions-cache@v2/dist/restore/index.js] user= workdir=\n[dad769c7-1da7-44ee-958a-814ff8fce4e7/test           ]   \ud83d\udc33  docker exec cmd=[node /var/run/act/actions/actions-cache@v2/dist/restore/index.js] user= workdir=\n[dad769c7-1da7-44ee-958a-814ff8fce4e7/Static Analysis]   \ud83d\udcac  ::debug::Resolved Keys:\n[dad769c7-1da7-44ee-958a-814ff8fce4e7/Static Analysis]   \ud83d\udcac  ::debug::[\"cache-gradle-Linux-d3294be44151bab845104e281c185487289131fb9429c8f7a2296951c12a2b36\",\"cache-gradle-Linux-\",\"cache-gradle-\"]\n[dad769c7-1da7-44ee-958a-814ff8fce4e7/Static Analysis]   \ud83d\udcac  ::debug::Checking zstd --version\n[dad769c7-1da7-44ee-958a-814ff8fce4e7/assemble       ]   \ud83d\udcac  ::debug::Resolved Keys:\n[dad769c7-1da7-44ee-958a-814ff8fce4e7/assemble       ]   \ud83d\udcac  ::debug::[\"cache-gradle-Linux-d3294be44151bab845104e281c185487289131fb9429c8f7a2296951c12a2b36\",\"cache-gradle-Linux-\",\"cache-gradle-\"]\n[dad769c7-1da7-44ee-958a-814ff8fce4e7/assemble       ]   \ud83d\udcac  ::debug::Checking zstd --version\n[dad769c7-1da7-44ee-958a-814ff8fce4e7/Static Analysis]   \ud83d\udcac  ::debug::*** zstd command line interface 64-bits v1.5.0, by Yann Collet ***\n[dad769c7-1da7-44ee-958a-814ff8fce4e7/Static Analysis]   \ud83d\udcac  ::debug::Resource Url: http://130.242.72.40:38251/_apis/artifactcache/cache?keys=cache-gradle-Linux-d3294be44151bab845104e281c185487289131fb9429c8f7a2296951c12a2b36%252Ccache-gradle-Linux-%252Ccache-gradle-&version=aececd74212553fb0e74c0c01f3cc40ce3db17a6a930057bda6927537f707f19\n[dad769c7-1da7-44ee-958a-814ff8fce4e7/Static Analysis]   | Cache not found for input keys: cache-gradle-Linux-d3294be44151bab845104e281c185487289131fb9429c8f7a2296951c12a2b36, cache-gradle-Linux-, cache-gradle-\n[dad769c7-1da7-44ee-958a-814ff8fce4e7/assemble       ]   \ud83d\udcac  ::debug::*** zstd command line interface 64-bits v1.5.0, by Yann Collet ***\n[dad769c7-1da7-44ee-958a-814ff8fce4e7/assemble       ]   \ud83d\udcac  ::debug::Resource Url: http://130.242.72.40:38251/_apis/artifactcache/cache?keys=cache-gradle-Linux-d3294be44151bab845104e281c185487289131fb9429c8f7a2296951c12a2b36%252Ccache-gradle-Linux-%252Ccache-gradle-&version=aececd74212553fb0e74c0c01f3cc40ce3db17a6a930057bda6927537f707f19\n[dad769c7-1da7-44ee-958a-814ff8fce4e7/assemble       ]   | Cache not found for input keys: cache-gradle-Linux-d3294be44151bab845104e281c185487289131fb9429c8f7a2296951c12a2b36, cache-gradle-Linux-, cache-gradle-\n[dad769c7-1da7-44ee-958a-814ff8fce4e7/Static Analysis]   \u2705  Success - Main Cache Gradle Folders\n[dad769c7-1da7-44ee-958a-814ff8fce4e7/assemble       ]   \u2705  Success - Main Cache Gradle Folders\n[dad769c7-1da7-44ee-958a-814ff8fce4e7/test           ]   \ud83d\udcac  ::debug::Resolved Keys:\n[dad769c7-1da7-44ee-958a-814ff8fce4e7/test           ]   \ud83d\udcac  ::debug::[\"cache-gradle-Linux-d3294be44151bab845104e281c185487289131fb9429c8f7a2296951c12a2b36\",\"cache-gradle-Linux-\",\"cache-gradle-\"]\n[dad769c7-1da7-44ee-958a-814ff8fce4e7/test           ]   \ud83d\udcac  ::debug::Checking zstd --version\n[dad769c7-1da7-44ee-958a-814ff8fce4e7/test           ]   \ud83d\udcac  ::debug::*** zstd command line interface 64-bits v1.5.0, by Yann Collet ***\n[dad769c7-1da7-44ee-958a-814ff8fce4e7/test           ]   \ud83d\udcac  ::debug::Resource Url: http://130.242.72.40:38251/_apis/artifactcache/cache?keys=cache-gradle-Linux-d3294be44151bab845104e281c185487289131fb9429c8f7a2296951c12a2b36%252Ccache-gradle-Linux-%252Ccache-gradle-&version=aececd74212553fb0e74c0c01f3cc40ce3db17a6a930057bda6927537f707f19\n[dad769c7-1da7-44ee-958a-814ff8fce4e7/test           ]   | Cache not found for input keys: cache-gradle-Linux-d3294be44151bab845104e281c185487289131fb9429c8f7a2296951c12a2b36, cache-gradle-Linux-, cache-gradle-\n[dad769c7-1da7-44ee-958a-814ff8fce4e7/test           ]   \u2705  Success - Main Cache Gradle Folders\n[dad769c7-1da7-44ee-958a-814ff8fce4e7/Static Analysis] \u2b50 Run Main Run Static Analysis Tools\n[dad769c7-1da7-44ee-958a-814ff8fce4e7/assemble       ] \u2b50 Run Main Build Debug APK\n[dad769c7-1da7-44ee-958a-814ff8fce4e7/test           ] \u2b50 Run Main Run Unit Tests\n[dad769c7-1da7-44ee-958a-814ff8fce4e7/Static Analysis]   \ud83d\udc33  docker exec cmd=[bash --noprofile --norc -e -o pipefail /var/run/act/workflow/5] user= workdir=\n[dad769c7-1da7-44ee-958a-814ff8fce4e7/assemble       ]   \ud83d\udc33  docker exec cmd=[bash --noprofile --norc -e -o pipefail /var/run/act/workflow/5] user= workdir=\n[dad769c7-1da7-44ee-958a-814ff8fce4e7/test           ]   \ud83d\udc33  docker exec cmd=[bash --noprofile --norc -e -o pipefail /var/run/act/workflow/5] user= workdir=\n[dad769c7-1da7-44ee-958a-814ff8fce4e7/assemble       ]   | Downloading https://services.gradle.org/distributions/gradle-7.3.3-all.zip\n[dad769c7-1da7-44ee-958a-814ff8fce4e7/Static Analysis]   | Downloading https://services.gradle.org/distributions/gradle-7.3.3-all.zip\n[dad769c7-1da7-44ee-958a-814ff8fce4e7/test           ]   | Downloading https://services.gradle.org/distributions/gradle-7.3.3-all.zip\n[dad769c7-1da7-44ee-958a-814ff8fce4e7/Static Analysis]   | .......................................................................................................................................................\n[dad769c7-1da7-44ee-958a-814ff8fce4e7/Static Analysis]   | Unzipping /home/runneradmin/.gradle/wrapper/dists/gradle-7.3.3-all/4295vidhdd9hd3gbjyw1xqxpo/gradle-7.3.3-all.zip to /home/runneradmin/.gradle/wrapper/dists/gradle-7.3.3-all/4295vidhdd9hd3gbjyw1xqxpo\n[dad769c7-1da7-44ee-958a-814ff8fce4e7/test           ]   | .......................................................................................................................................................\n[dad769c7-1da7-44ee-958a-814ff8fce4e7/test           ]   | Unzipping /home/runneradmin/.gradle/wrapper/dists/gradle-7.3.3-all/4295vidhdd9hd3gbjyw1xqxpo/gradle-7.3.3-all.zip to /home/runneradmin/.gradle/wrapper/dists/gradle-7.3.3-all/4295vidhdd9hd3gbjyw1xqxpo\n[dad769c7-1da7-44ee-958a-814ff8fce4e7/assemble       ]   | .......................................................................................................................................................\n[dad769c7-1da7-44ee-958a-814ff8fce4e7/assemble       ]   | Unzipping /home/runneradmin/.gradle/wrapper/dists/gradle-7.3.3-all/4295vidhdd9hd3gbjyw1xqxpo/gradle-7.3.3-all.zip to /home/runneradmin/.gradle/wrapper/dists/gradle-7.3.3-all/4295vidhdd9hd3gbjyw1xqxpo\n[dad769c7-1da7-44ee-958a-814ff8fce4e7/Static Analysis]   | Set executable permissions for: /home/runneradmin/.gradle/wrapper/dists/gradle-7.3.3-all/4295vidhdd9hd3gbjyw1xqxpo/gradle-7.3.3/bin/gradle\n[dad769c7-1da7-44ee-958a-814ff8fce4e7/Static Analysis]   | \n[dad769c7-1da7-44ee-958a-814ff8fce4e7/Static Analysis]   | Welcome to Gradle 7.3.3!\n[dad769c7-1da7-44ee-958a-814ff8fce4e7/Static Analysis]   | \n[dad769c7-1da7-44ee-958a-814ff8fce4e7/Static Analysis]   | Here are the highlights of this release:\n[dad769c7-1da7-44ee-958a-814ff8fce4e7/Static Analysis]   |  - Easily declare new test suites in Java projects\n[dad769c7-1da7-44ee-958a-814ff8fce4e7/Static Analysis]   |  - Support for Java 17\n[dad769c7-1da7-44ee-958a-814ff8fce4e7/Static Analysis]   |  - Support for Scala 3\n[dad769c7-1da7-44ee-958a-814ff8fce4e7/Static Analysis]   | \n[dad769c7-1da7-44ee-958a-814ff8fce4e7/Static Analysis]   | For more details see https://docs.gradle.org/7.3.3/release-notes.html\n[dad769c7-1da7-44ee-958a-814ff8fce4e7/Static Analysis]   | \n[dad769c7-1da7-44ee-958a-814ff8fce4e7/Static Analysis]   | To honour the JVM settings for this build a single-use Daemon process will be forked. See https://docs.gradle.org/7.3.3/userguide/gradle_daemon.html#sec:disabling_the_daemon.\n[dad769c7-1da7-44ee-958a-814ff8fce4e7/test           ]   | Set executable permissions for: /home/runneradmin/.gradle/wrapper/dists/gradle-7.3.3-all/4295vidhdd9hd3gbjyw1xqxpo/gradle-7.3.3/bin/gradle\n[dad769c7-1da7-44ee-958a-814ff8fce4e7/assemble       ]   | Set executable permissions for: /home/runneradmin/.gradle/wrapper/dists/gradle-7.3.3-all/4295vidhdd9hd3gbjyw1xqxpo/gradle-7.3.3/bin/gradle\n[dad769c7-1da7-44ee-958a-814ff8fce4e7/test           ]   | \n[dad769c7-1da7-44ee-958a-814ff8fce4e7/test           ]   | Welcome to Gradle 7.3.3!\n[dad769c7-1da7-44ee-958a-814ff8fce4e7/test           ]   | \n[dad769c7-1da7-44ee-958a-814ff8fce4e7/test           ]   | Here are the highlights of this release:\n[dad769c7-1da7-44ee-958a-814ff8fce4e7/test           ]   |  - Easily declare new test suites in Java projects\n[dad769c7-1da7-44ee-958a-814ff8fce4e7/test           ]   |  - Support for Java 17\n[dad769c7-1da7-44ee-958a-814ff8fce4e7/test           ]   |  - Support for Scala 3\n[dad769c7-1da7-44ee-958a-814ff8fce4e7/test           ]   | \n[dad769c7-1da7-44ee-958a-814ff8fce4e7/test           ]   | For more details see https://docs.gradle.org/7.3.3/release-notes.html\n[dad769c7-1da7-44ee-958a-814ff8fce4e7/test           ]   | \n[dad769c7-1da7-44ee-958a-814ff8fce4e7/assemble       ]   | \n[dad769c7-1da7-44ee-958a-814ff8fce4e7/assemble       ]   | Welcome to Gradle 7.3.3!\n[dad769c7-1da7-44ee-958a-814ff8fce4e7/assemble       ]   | \n[dad769c7-1da7-44ee-958a-814ff8fce4e7/assemble       ]   | Here are the highlights of this release:\n[dad769c7-1da7-44ee-958a-814ff8fce4e7/assemble       ]   |  - Easily declare new test suites in Java projects\n[dad769c7-1da7-44ee-958a-814ff8fce4e7/assemble       ]   |  - Support for Java 17\n[dad769c7-1da7-44ee-958a-814ff8fce4e7/assemble       ]   |  - Support for Scala 3\n[dad769c7-1da7-44ee-958a-814ff8fce4e7/assemble       ]   | \n[dad769c7-1da7-44ee-958a-814ff8fce4e7/assemble       ]   | For more details see https://docs.gradle.org/7.3.3/release-notes.html\n[dad769c7-1da7-44ee-958a-814ff8fce4e7/assemble       ]   | \n[dad769c7-1da7-44ee-958a-814ff8fce4e7/test           ]   | To honour the JVM settings for this build a single-use Daemon process will be forked. See https://docs.gradle.org/7.3.3/userguide/gradle_daemon.html#sec:disabling_the_daemon.\n[dad769c7-1da7-44ee-958a-814ff8fce4e7/assemble       ]   | To honour the JVM settings for this build a single-use Daemon process will be forked. See https://docs.gradle.org/7.3.3/userguide/gradle_daemon.html#sec:disabling_the_daemon.\n[dad769c7-1da7-44ee-958a-814ff8fce4e7/Static Analysis]   | Daemon will be stopped at the end of the build \n[dad769c7-1da7-44ee-958a-814ff8fce4e7/test           ]   | Daemon will be stopped at the end of the build \n[dad769c7-1da7-44ee-958a-814ff8fce4e7/assemble       ]   | Daemon will be stopped at the end of the build \n[dad769c7-1da7-44ee-958a-814ff8fce4e7/Static Analysis]   | \n[dad769c7-1da7-44ee-958a-814ff8fce4e7/Static Analysis]   | > Task :buildSrc:compileKotlin\n[dad769c7-1da7-44ee-958a-814ff8fce4e7/Static Analysis]   | 'compileJava' task (current target is 11) and 'compileKotlin' task (current target is 1.8) jvm target compatibility should be set to the same Java version.\n[dad769c7-1da7-44ee-958a-814ff8fce4e7/Static Analysis]   | \n[dad769c7-1da7-44ee-958a-814ff8fce4e7/Static Analysis]   | > Task :buildSrc:pluginDescriptors\n[dad769c7-1da7-44ee-958a-814ff8fce4e7/Static Analysis]   | > Task :buildSrc:processResources NO-SOURCE\n[dad769c7-1da7-44ee-958a-814ff8fce4e7/Static Analysis]   | > Task :buildSrc:processTestResources NO-SOURCE\n[dad769c7-1da7-44ee-958a-814ff8fce4e7/Static Analysis]   | > Task :buildSrc:compileJava NO-SOURCE\n[dad769c7-1da7-44ee-958a-814ff8fce4e7/Static Analysis]   | > Task :buildSrc:compileGroovy NO-SOURCE\n[dad769c7-1da7-44ee-958a-814ff8fce4e7/Static Analysis]   | > Task :buildSrc:classes UP-TO-DATE\n[dad769c7-1da7-44ee-958a-814ff8fce4e7/Static Analysis]   | > Task :buildSrc:inspectClassesForKotlinIC\n[dad769c7-1da7-44ee-958a-814ff8fce4e7/Static Analysis]   | \n[dad769c7-1da7-44ee-958a-814ff8fce4e7/Static Analysis]   | > Task :buildSrc:jar\n[dad769c7-1da7-44ee-958a-814ff8fce4e7/Static Analysis]   | :jar: No valid plugin descriptors were found in META-INF/gradle-plugins\n[dad769c7-1da7-44ee-958a-814ff8fce4e7/Static Analysis]   | \n[dad769c7-1da7-44ee-958a-814ff8fce4e7/Static Analysis]   | > Task :buildSrc:assemble\n[dad769c7-1da7-44ee-958a-814ff8fce4e7/Static Analysis]   | > Task :buildSrc:compileTestKotlin NO-SOURCE\n[dad769c7-1da7-44ee-958a-814ff8fce4e7/Static Analysis]   | > Task :buildSrc:pluginUnderTestMetadata\n[dad769c7-1da7-44ee-958a-814ff8fce4e7/Static Analysis]   | > Task :buildSrc:compileTestJava NO-SOURCE\n[dad769c7-1da7-44ee-958a-814ff8fce4e7/Static Analysis]   | > Task :buildSrc:compileTestGroovy NO-SOURCE\n[dad769c7-1da7-44ee-958a-814ff8fce4e7/Static Analysis]   | > Task :buildSrc:testClasses UP-TO-DATE\n[dad769c7-1da7-44ee-958a-814ff8fce4e7/Static Analysis]   | > Task :buildSrc:test NO-SOURCE\n[dad769c7-1da7-44ee-958a-814ff8fce4e7/Static Analysis]   | > Task :buildSrc:validatePlugins\n[dad769c7-1da7-44ee-958a-814ff8fce4e7/Static Analysis]   | > Task :buildSrc:check\n[dad769c7-1da7-44ee-958a-814ff8fce4e7/Static Analysis]   | > Task :buildSrc:build\n[dad769c7-1da7-44ee-958a-814ff8fce4e7/test           ]   | \n[dad769c7-1da7-44ee-958a-814ff8fce4e7/test           ]   | FAILURE: Build failed with an exception.\n[dad769c7-1da7-44ee-958a-814ff8fce4e7/test           ]   | \n[dad769c7-1da7-44ee-958a-814ff8fce4e7/test           ]   | * What went wrong:\n[dad769c7-1da7-44ee-958a-814ff8fce4e7/test           ]   | Timeout waiting to lock buildSrc build lock. It is currently in use by another Gradle instance.\n[dad769c7-1da7-44ee-958a-814ff8fce4e7/test           ]   | Owner PID: 255\n[dad769c7-1da7-44ee-958a-814ff8fce4e7/test           ]   | Our PID: 246\n[dad769c7-1da7-44ee-958a-814ff8fce4e7/test           ]   | Owner Operation: \n[dad769c7-1da7-44ee-958a-814ff8fce4e7/test           ]   | Our operation: \n[dad769c7-1da7-44ee-958a-814ff8fce4e7/test           ]   | Lock file: /tmp/3d783ea4-1661-11ee-8a50-bb14de238602/mars885-persistent-search-view/buildSrc/.gradle/noVersion/buildSrc.lock\n[dad769c7-1da7-44ee-958a-814ff8fce4e7/test           ]   | \n[dad769c7-1da7-44ee-958a-814ff8fce4e7/test           ]   | * Try:\n[dad769c7-1da7-44ee-958a-814ff8fce4e7/test           ]   | > Run with --stacktrace option to get the stack trace.\n[dad769c7-1da7-44ee-958a-814ff8fce4e7/test           ]   | > Run with --info or --debug option to get more log output.\n[dad769c7-1da7-44ee-958a-814ff8fce4e7/test           ]   | > Run with --scan to get full insights.\n[dad769c7-1da7-44ee-958a-814ff8fce4e7/test           ]   | \n[dad769c7-1da7-44ee-958a-814ff8fce4e7/test           ]   | * Get more help at https://help.gradle.org\n[dad769c7-1da7-44ee-958a-814ff8fce4e7/test           ]   | \n[dad769c7-1da7-44ee-958a-814ff8fce4e7/test           ]   | BUILD FAILED in 1m 52s\n[dad769c7-1da7-44ee-958a-814ff8fce4e7/assemble       ]   | \n[dad769c7-1da7-44ee-958a-814ff8fce4e7/assemble       ]   | FAILURE: Build failed with an exception.\n[dad769c7-1da7-44ee-958a-814ff8fce4e7/assemble       ]   | \n[dad769c7-1da7-44ee-958a-814ff8fce4e7/assemble       ]   | * What went wrong:\n[dad769c7-1da7-44ee-958a-814ff8fce4e7/assemble       ]   | Timeout waiting to lock buildSrc build lock. It is currently in use by another Gradle instance.\n[dad769c7-1da7-44ee-958a-814ff8fce4e7/assemble       ]   | Owner PID: 255\n[dad769c7-1da7-44ee-958a-814ff8fce4e7/assemble       ]   | Our PID: 251\n[dad769c7-1da7-44ee-958a-814ff8fce4e7/assemble       ]   | Owner Operation: \n[dad769c7-1da7-44ee-958a-814ff8fce4e7/assemble       ]   | Our operation: \n[dad769c7-1da7-44ee-958a-814ff8fce4e7/assemble       ]   | Lock file: /tmp/3d783ea4-1661-11ee-8a50-bb14de238602/mars885-persistent-search-view/buildSrc/.gradle/noVersion/buildSrc.lock\n[dad769c7-1da7-44ee-958a-814ff8fce4e7/assemble       ]   | \n[dad769c7-1da7-44ee-958a-814ff8fce4e7/assemble       ]   | * Try:\n[dad769c7-1da7-44ee-958a-814ff8fce4e7/assemble       ]   | > Run with --stacktrace option to get the stack trace.\n[dad769c7-1da7-44ee-958a-814ff8fce4e7/assemble       ]   | > Run with --info or --debug option to get more log output.\n[dad769c7-1da7-44ee-958a-814ff8fce4e7/assemble       ]   | > Run with --scan to get full insights.\n[dad769c7-1da7-44ee-958a-814ff8fce4e7/assemble       ]   | \n[dad769c7-1da7-44ee-958a-814ff8fce4e7/assemble       ]   | * Get more help at https://help.gradle.org\n[dad769c7-1da7-44ee-958a-814ff8fce4e7/assemble       ]   | \n[dad769c7-1da7-44ee-958a-814ff8fce4e7/assemble       ]   | BUILD FAILED in 1m 53s\n[dad769c7-1da7-44ee-958a-814ff8fce4e7/test           ]   \u274c  Failure - Main Run Unit Tests\n[dad769c7-1da7-44ee-958a-814ff8fce4e7/assemble       ]   \u274c  Failure - Main Build Debug APK\n[dad769c7-1da7-44ee-958a-814ff8fce4e7/test           ] exitcode '1': failure\n[dad769c7-1da7-44ee-958a-814ff8fce4e7/test           ] \u2b50 Run Post Set up JDK 11\n[dad769c7-1da7-44ee-958a-814ff8fce4e7/assemble       ] exitcode '1': failure\n[dad769c7-1da7-44ee-958a-814ff8fce4e7/test           ]   \ud83d\udc33  docker exec cmd=[node /var/run/act/actions/actions-setup-java@v2/dist/cleanup/index.js] user= workdir=\n[dad769c7-1da7-44ee-958a-814ff8fce4e7/assemble       ] \u2b50 Run Post Set up JDK 11\n[dad769c7-1da7-44ee-958a-814ff8fce4e7/assemble       ]   \ud83d\udc33  docker exec cmd=[node /var/run/act/actions/actions-setup-java@v2/dist/cleanup/index.js] user= workdir=\n[dad769c7-1da7-44ee-958a-814ff8fce4e7/test           ]   \u2705  Success - Post Set up JDK 11\n[dad769c7-1da7-44ee-958a-814ff8fce4e7/assemble       ]   \u2705  Success - Post Set up JDK 11\n[dad769c7-1da7-44ee-958a-814ff8fce4e7/assemble       ] \ud83c\udfc1  Job failed\n[dad769c7-1da7-44ee-958a-814ff8fce4e7/test           ] \ud83c\udfc1  Job failed\n[dad769c7-1da7-44ee-958a-814ff8fce4e7/Static Analysis]   | \n[dad769c7-1da7-44ee-958a-814ff8fce4e7/Static Analysis]   | > Configure project :persistentsearchview\n[dad769c7-1da7-44ee-958a-814ff8fce4e7/Static Analysis]   | WARNING:Software Components will not be created automatically for Maven publishing from Android Gradle Plugin 8.0. To opt-in to the future behavior, set the Gradle property android.disableAutomaticComponentCreation=true in the `gradle.properties` file or use the new publishing DSL.\n[dad769c7-1da7-44ee-958a-814ff8fce4e7/Static Analysis]   | \n[dad769c7-1da7-44ee-958a-814ff8fce4e7/Static Analysis]   | FAILURE: Build failed with an exception.\n[dad769c7-1da7-44ee-958a-814ff8fce4e7/Static Analysis]   | \n[dad769c7-1da7-44ee-958a-814ff8fce4e7/Static Analysis]   | * What went wrong:\n[dad769c7-1da7-44ee-958a-814ff8fce4e7/Static Analysis]   | A problem occurred configuring project ':persistentsearchview'.\n[dad769c7-1da7-44ee-958a-814ff8fce4e7/Static Analysis]   | > Could not create task ':persistentsearchview:javadocJar'.\n[dad769c7-1da7-44ee-958a-814ff8fce4e7/Static Analysis]   |    > Could not create task ':persistentsearchview:javadoc'.\n[dad769c7-1da7-44ee-958a-814ff8fce4e7/Static Analysis]   |       > SDK location not found. Define a valid SDK location with an ANDROID_HOME environment variable or by setting the sdk.dir path in your project's local properties file at '/tmp/3d783ea4-1661-11ee-8a50-bb14de238602/mars885-persistent-search-view/local.properties'.\n[dad769c7-1da7-44ee-958a-814ff8fce4e7/Static Analysis]   | \n[dad769c7-1da7-44ee-958a-814ff8fce4e7/Static Analysis]   | * Try:\n[dad769c7-1da7-44ee-958a-814ff8fce4e7/Static Analysis]   | > Run with --stacktrace option to get the stack trace.\n[dad769c7-1da7-44ee-958a-814ff8fce4e7/Static Analysis]   | > Run with --info or --debug option to get more log output.\n[dad769c7-1da7-44ee-958a-814ff8fce4e7/Static Analysis]   | > Run with --scan to get full insights.\n[dad769c7-1da7-44ee-958a-814ff8fce4e7/Static Analysis]   | \n[dad769c7-1da7-44ee-958a-814ff8fce4e7/Static Analysis]   | * Get more help at https://help.gradle.org\n[dad769c7-1da7-44ee-958a-814ff8fce4e7/Static Analysis]   | \n[dad769c7-1da7-44ee-958a-814ff8fce4e7/Static Analysis]   | Deprecated Gradle features were used in this build, making it incompatible with Gradle 8.0.\n[dad769c7-1da7-44ee-958a-814ff8fce4e7/Static Analysis]   | \n[dad769c7-1da7-44ee-958a-814ff8fce4e7/Static Analysis]   | You can use '--warning-mode all' to show the individual deprecation warnings and determine if they come from your own scripts or plugins.\n[dad769c7-1da7-44ee-958a-814ff8fce4e7/Static Analysis]   | \n[dad769c7-1da7-44ee-958a-814ff8fce4e7/Static Analysis]   | See https://docs.gradle.org/7.3.3/userguide/command_line_interface.html#sec:command_line_warnings\n[dad769c7-1da7-44ee-958a-814ff8fce4e7/Static Analysis]   | \n[dad769c7-1da7-44ee-958a-814ff8fce4e7/Static Analysis]   | BUILD FAILED in 2m 23s\n[dad769c7-1da7-44ee-958a-814ff8fce4e7/Static Analysis]   | 6 actionable tasks: 6 executed\n[dad769c7-1da7-44ee-958a-814ff8fce4e7/Static Analysis]   \u274c  Failure - Main Run Static Analysis Tools\n[dad769c7-1da7-44ee-958a-814ff8fce4e7/Static Analysis] exitcode '1': failure\n[dad769c7-1da7-44ee-958a-814ff8fce4e7/Static Analysis] \u2b50 Run Post Set up JDK 11\n[dad769c7-1da7-44ee-958a-814ff8fce4e7/Static Analysis]   \ud83d\udc33  docker exec cmd=[node /var/run/act/actions/actions-setup-java@v2/dist/cleanup/index.js] user= workdir=\n[dad769c7-1da7-44ee-958a-814ff8fce4e7/Static Analysis]   \u2705  Success - Post Set up JDK 11\n[dad769c7-1da7-44ee-958a-814ff8fce4e7/Static Analysis] \ud83c\udfc1  Job failed\n",
        "stderr": "Error: Job 'assemble' failed\n",
        "workflow": "/tmp/3d783ea4-1661-11ee-8a50-bb14de238602/mars885-persistent-search-view/.github/workflows/build-crawler.yml",
        "build_tool": "gradle",
        "elapsed_time": 293.79864954948425
    }
}