{
    "repository": "microg/IchnaeaNlpBackend",
    "stars": 102,
    "language": "java",
    "size": 211,
    "clone_url": "https://github.com/microg/IchnaeaNlpBackend.git",
    "timestamp": "2023-06-29T11:35:53.514060Z",
    "clone_success": true,
    "number_of_actions": 2,
    "number_of_test_actions": 1,
    "actions_successful": false,
    "actions_build_tools": [
        "unknown",
        "gradle"
    ],
    "actions_test_build_tools": [
        "gradle"
    ],
    "actions_run": {
        "failed": true,
        "tests": [],
        "stdout": "[11a5ff99-7860-472d-b75b-cf411517d2cb/build] \ud83d\ude80  Start image=crawlergpt:latest\n[11a5ff99-7860-472d-b75b-cf411517d2cb/build]   \ud83d\udc33  docker pull image=crawlergpt:latest platform= username= forcePull=false\n[11a5ff99-7860-472d-b75b-cf411517d2cb/build]   \ud83d\udc33  docker create image=crawlergpt:latest platform= entrypoint=[\"tail\" \"-f\" \"/dev/null\"] cmd=[]\n[11a5ff99-7860-472d-b75b-cf411517d2cb/build]   \ud83d\udc33  docker run image=crawlergpt:latest platform= entrypoint=[\"tail\" \"-f\" \"/dev/null\"] cmd=[]\n[11a5ff99-7860-472d-b75b-cf411517d2cb/build]   \ud83d\udc33  docker exec cmd=[chown -R 1012:1013 /tmp/3d783ea4-1661-11ee-8a50-bb14de238602/microg-IchnaeaNlpBackend] user=0 workdir=\n[11a5ff99-7860-472d-b75b-cf411517d2cb/build] \u2b50 Run Main actions/checkout@v2\n[11a5ff99-7860-472d-b75b-cf411517d2cb/build]   \u2705  Success - Main actions/checkout@v2\n[11a5ff99-7860-472d-b75b-cf411517d2cb/build] \u2b50 Run Main ./gradlew --no-daemon build\n[11a5ff99-7860-472d-b75b-cf411517d2cb/build]   \ud83d\udc33  docker exec cmd=[bash --noprofile --norc -e -o pipefail /var/run/act/workflow/1] user= workdir=\n[11a5ff99-7860-472d-b75b-cf411517d2cb/build]   | Downloading https://services.gradle.org/distributions/gradle-7.3.3-bin.zip\n[11a5ff99-7860-472d-b75b-cf411517d2cb/build]   | ...........10%...........20%...........30%...........40%...........50%...........60%...........70%...........80%...........90%...........100%\n[11a5ff99-7860-472d-b75b-cf411517d2cb/build]   | \n[11a5ff99-7860-472d-b75b-cf411517d2cb/build]   | Welcome to Gradle 7.3.3!\n[11a5ff99-7860-472d-b75b-cf411517d2cb/build]   | \n[11a5ff99-7860-472d-b75b-cf411517d2cb/build]   | Here are the highlights of this release:\n[11a5ff99-7860-472d-b75b-cf411517d2cb/build]   |  - Easily declare new test suites in Java projects\n[11a5ff99-7860-472d-b75b-cf411517d2cb/build]   |  - Support for Java 17\n[11a5ff99-7860-472d-b75b-cf411517d2cb/build]   |  - Support for Scala 3\n[11a5ff99-7860-472d-b75b-cf411517d2cb/build]   | \n[11a5ff99-7860-472d-b75b-cf411517d2cb/build]   | For more details see https://docs.gradle.org/7.3.3/release-notes.html\n[11a5ff99-7860-472d-b75b-cf411517d2cb/build]   | \n[11a5ff99-7860-472d-b75b-cf411517d2cb/build]   | \n[11a5ff99-7860-472d-b75b-cf411517d2cb/build]   | FAILURE: Build failed with an exception.\n[11a5ff99-7860-472d-b75b-cf411517d2cb/build]   | \n[11a5ff99-7860-472d-b75b-cf411517d2cb/build]   | * What went wrong:\n[11a5ff99-7860-472d-b75b-cf411517d2cb/build]   | Could not determine the dependencies of task ':compileReleaseJavaWithJavac'.\n[11a5ff99-7860-472d-b75b-cf411517d2cb/build]   | > SDK location not found. Define location with an ANDROID_SDK_ROOT environment variable or by setting the sdk.dir path in your project's local properties file at '/tmp/3d783ea4-1661-11ee-8a50-bb14de238602/microg-IchnaeaNlpBackend/local.properties'.\n[11a5ff99-7860-472d-b75b-cf411517d2cb/build]   | \n[11a5ff99-7860-472d-b75b-cf411517d2cb/build]   | * Try:\n[11a5ff99-7860-472d-b75b-cf411517d2cb/build]   | > Run with --stacktrace option to get the stack trace.\n[11a5ff99-7860-472d-b75b-cf411517d2cb/build]   | > Run with --info or --debug option to get more log output.\n[11a5ff99-7860-472d-b75b-cf411517d2cb/build]   | > Run with --scan to get full insights.\n[11a5ff99-7860-472d-b75b-cf411517d2cb/build]   | \n[11a5ff99-7860-472d-b75b-cf411517d2cb/build]   | * Get more help at https://help.gradle.org\n[11a5ff99-7860-472d-b75b-cf411517d2cb/build]   | \n[11a5ff99-7860-472d-b75b-cf411517d2cb/build]   | BUILD FAILED in 27s\n[11a5ff99-7860-472d-b75b-cf411517d2cb/build]   \u274c  Failure - Main ./gradlew --no-daemon build\n[11a5ff99-7860-472d-b75b-cf411517d2cb/build] exitcode '1': failure\n[11a5ff99-7860-472d-b75b-cf411517d2cb/build] \ud83c\udfc1  Job failed\n",
        "stderr": "Error: Job 'build' failed\n",
        "workflow": "/tmp/3d783ea4-1661-11ee-8a50-bb14de238602/microg-IchnaeaNlpBackend/.github/workflows/build-crawler.yml",
        "build_tool": "gradle",
        "elapsed_time": 65.64184713363647
    }
}