{
    "repository": "nhirokinet/bluelineconsole",
    "stars": 130,
    "language": "java",
    "size": 7854,
    "clone_url": "https://github.com/nhirokinet/bluelineconsole.git",
    "timestamp": "2023-06-29T13:27:18.824312Z",
    "clone_success": true,
    "number_of_actions": 2,
    "number_of_test_actions": 1,
    "actions_successful": false,
    "actions_build_tools": [
        "unknown",
        "gradle"
    ],
    "actions_test_build_tools": [
        "gradle"
    ],
    "actions_run": {
        "failed": true,
        "tests": [],
        "stdout": "[955d6ceb-b84f-4465-ba9e-428a78eb7bf5/Basic Gradle test] \ud83d\ude80  Start image=crawlergpt:latest\n[955d6ceb-b84f-4465-ba9e-428a78eb7bf5/Basic Gradle test]   \ud83d\udc33  docker pull image=crawlergpt:latest platform= username= forcePull=false\n[955d6ceb-b84f-4465-ba9e-428a78eb7bf5/Basic Gradle test]   \ud83d\udc33  docker create image=crawlergpt:latest platform= entrypoint=[\"tail\" \"-f\" \"/dev/null\"] cmd=[]\n[955d6ceb-b84f-4465-ba9e-428a78eb7bf5/Basic Gradle test]   \ud83d\udc33  docker run image=crawlergpt:latest platform= entrypoint=[\"tail\" \"-f\" \"/dev/null\"] cmd=[]\n[955d6ceb-b84f-4465-ba9e-428a78eb7bf5/Basic Gradle test]   \ud83d\udc33  docker exec cmd=[chown -R 1012:1013 /tmp/3d783ea4-1661-11ee-8a50-bb14de238602/nhirokinet-bluelineconsole] user=0 workdir=\n[955d6ceb-b84f-4465-ba9e-428a78eb7bf5/Basic Gradle test]   \u2601  git clone 'https://github.com/actions/setup-java' # ref=v2\n[955d6ceb-b84f-4465-ba9e-428a78eb7bf5/Basic Gradle test]   \u2601  git clone 'https://github.com/actions/upload-artifact' # ref=v2\n[955d6ceb-b84f-4465-ba9e-428a78eb7bf5/Basic Gradle test] \u2b50 Run Main actions/checkout@v2\n[955d6ceb-b84f-4465-ba9e-428a78eb7bf5/Basic Gradle test]   \u2705  Success - Main actions/checkout@v2\n[955d6ceb-b84f-4465-ba9e-428a78eb7bf5/Basic Gradle test] \u2b50 Run Main set up JDK 17\n[955d6ceb-b84f-4465-ba9e-428a78eb7bf5/Basic Gradle test]   \ud83d\udc33  docker cp src=/tmp/act-cache/05dc5276-fb6f-4540-b220-322d944b936a/act/actions-setup-java@v2/ dst=/var/run/act/actions/actions-setup-java@v2/\n[955d6ceb-b84f-4465-ba9e-428a78eb7bf5/Basic Gradle test]   \ud83d\udc33  docker exec cmd=[chown -R 1012:1013 /var/run/act/actions/actions-setup-java@v2/] user=0 workdir=\n[955d6ceb-b84f-4465-ba9e-428a78eb7bf5/Basic Gradle test]   \ud83d\udc33  docker exec cmd=[node /var/run/act/actions/actions-setup-java@v2/dist/setup/index.js] user= workdir=\n[955d6ceb-b84f-4465-ba9e-428a78eb7bf5/Basic Gradle test]   \ud83d\udcac  ::debug::isExplicit: 11.0.11-9\n[955d6ceb-b84f-4465-ba9e-428a78eb7bf5/Basic Gradle test]   \ud83d\udcac  ::debug::explicit? true\n[955d6ceb-b84f-4465-ba9e-428a78eb7bf5/Basic Gradle test]   \ud83d\udcac  ::debug::isExplicit: 8.0.292-1\n[955d6ceb-b84f-4465-ba9e-428a78eb7bf5/Basic Gradle test]   \ud83d\udcac  ::debug::explicit? true\n[955d6ceb-b84f-4465-ba9e-428a78eb7bf5/Basic Gradle test]   | Trying to resolve the latest version from remote\n[955d6ceb-b84f-4465-ba9e-428a78eb7bf5/Basic Gradle test]   | Resolved latest version as 17.0.7+7\n[955d6ceb-b84f-4465-ba9e-428a78eb7bf5/Basic Gradle test]   | Trying to download...\n[955d6ceb-b84f-4465-ba9e-428a78eb7bf5/Basic Gradle test]   | Downloading Java 17.0.7+7 (Adopt-Hotspot) from https://github.com/adoptium/temurin17-binaries/releases/download/jdk-17.0.7%2B7/OpenJDK17U-jdk_x64_linux_hotspot_17.0.7_7.tar.gz ...\n[955d6ceb-b84f-4465-ba9e-428a78eb7bf5/Basic Gradle test]   \ud83d\udcac  ::debug::Downloading https://github.com/adoptium/temurin17-binaries/releases/download/jdk-17.0.7%252B7/OpenJDK17U-jdk_x64_linux_hotspot_17.0.7_7.tar.gz\n[955d6ceb-b84f-4465-ba9e-428a78eb7bf5/Basic Gradle test]   \ud83d\udcac  ::debug::Destination /tmp/823ae801-52db-4128-bbff-38560cb44a9b\n[955d6ceb-b84f-4465-ba9e-428a78eb7bf5/Basic Gradle test]   \ud83d\udcac  ::debug::download complete\n[955d6ceb-b84f-4465-ba9e-428a78eb7bf5/Basic Gradle test]   | Extracting Java archive...\n[955d6ceb-b84f-4465-ba9e-428a78eb7bf5/Basic Gradle test]   \ud83d\udcac  ::debug::Checking tar --version\n[955d6ceb-b84f-4465-ba9e-428a78eb7bf5/Basic Gradle test]   \ud83d\udcac  ::debug::tar (GNU tar) 1.30%0ACopyright (C) 2017 Free Software Foundation, Inc.%0ALicense GPLv3+: GNU GPL version 3 or later <https://gnu.org/licenses/gpl.html>.%0AThis is free software: you are free to change and redistribute it.%0AThere is NO WARRANTY, to the extent permitted by law.%0A%0AWritten by John Gilmore and Jay Fenlason.\n[955d6ceb-b84f-4465-ba9e-428a78eb7bf5/Basic Gradle test]   | [command]/usr/bin/tar xz --warning=no-unknown-keyword -C /tmp/5237df85-d3b6-4d76-8d2a-655bf5289118 -f /tmp/823ae801-52db-4128-bbff-38560cb44a9b\n[955d6ceb-b84f-4465-ba9e-428a78eb7bf5/Basic Gradle test]   \ud83d\udcac  ::debug::Caching tool Java_Adopt_jdk 17.0.7-7 x64\n[955d6ceb-b84f-4465-ba9e-428a78eb7bf5/Basic Gradle test]   \ud83d\udcac  ::debug::source dir: /tmp/5237df85-d3b6-4d76-8d2a-655bf5289118/jdk-17.0.7+7\n[955d6ceb-b84f-4465-ba9e-428a78eb7bf5/Basic Gradle test]   \ud83d\udcac  ::debug::destination /opt/hostedtoolcache/Java_Adopt_jdk/17.0.7-7/x64\n[955d6ceb-b84f-4465-ba9e-428a78eb7bf5/Basic Gradle test]   \ud83d\udcac  ::debug::finished caching tool\n[955d6ceb-b84f-4465-ba9e-428a78eb7bf5/Basic Gradle test]   | Java 17.0.7+7 was downloaded\n[955d6ceb-b84f-4465-ba9e-428a78eb7bf5/Basic Gradle test]   | Setting Java 17.0.7+7 as the default\n[955d6ceb-b84f-4465-ba9e-428a78eb7bf5/Basic Gradle test]   | \n[955d6ceb-b84f-4465-ba9e-428a78eb7bf5/Basic Gradle test]   | Java configuration:\n[955d6ceb-b84f-4465-ba9e-428a78eb7bf5/Basic Gradle test]   |   Distribution: adopt\n[955d6ceb-b84f-4465-ba9e-428a78eb7bf5/Basic Gradle test]   |   Version: 17.0.7+7\n[955d6ceb-b84f-4465-ba9e-428a78eb7bf5/Basic Gradle test]   |   Path: /opt/hostedtoolcache/Java_Adopt_jdk/17.0.7-7/x64\n[955d6ceb-b84f-4465-ba9e-428a78eb7bf5/Basic Gradle test]   | \n[955d6ceb-b84f-4465-ba9e-428a78eb7bf5/Basic Gradle test]   \u2753 add-matcher /run/act/actions/actions-setup-java@v2/.github/java.json\n[955d6ceb-b84f-4465-ba9e-428a78eb7bf5/Basic Gradle test]   | Creating settings.xml with server-id: github\n[955d6ceb-b84f-4465-ba9e-428a78eb7bf5/Basic Gradle test]   | Writing to /home/runneradmin/.m2/settings.xml\n[955d6ceb-b84f-4465-ba9e-428a78eb7bf5/Basic Gradle test]   \ud83d\udcac  ::debug::followSymbolicLinks 'true'\n[955d6ceb-b84f-4465-ba9e-428a78eb7bf5/Basic Gradle test]   \ud83d\udcac  ::debug::followSymbolicLinks 'true'\n[955d6ceb-b84f-4465-ba9e-428a78eb7bf5/Basic Gradle test]   \ud83d\udcac  ::debug::implicitDescendants 'true'\n[955d6ceb-b84f-4465-ba9e-428a78eb7bf5/Basic Gradle test]   \ud83d\udcac  ::debug::matchDirectories 'true'\n[955d6ceb-b84f-4465-ba9e-428a78eb7bf5/Basic Gradle test]   \ud83d\udcac  ::debug::omitBrokenSymbolicLinks 'true'\n[955d6ceb-b84f-4465-ba9e-428a78eb7bf5/Basic Gradle test]   \ud83d\udcac  ::debug::Search path '/tmp/3d783ea4-1661-11ee-8a50-bb14de238602/nhirokinet-bluelineconsole'\n[955d6ceb-b84f-4465-ba9e-428a78eb7bf5/Basic Gradle test]   \ud83d\udcac  ::debug::/tmp/3d783ea4-1661-11ee-8a50-bb14de238602/nhirokinet-bluelineconsole/app/build.gradle\n[955d6ceb-b84f-4465-ba9e-428a78eb7bf5/Basic Gradle test]   \ud83d\udcac  ::debug::/tmp/3d783ea4-1661-11ee-8a50-bb14de238602/nhirokinet-bluelineconsole/build.gradle\n[955d6ceb-b84f-4465-ba9e-428a78eb7bf5/Basic Gradle test]   \ud83d\udcac  ::debug::/tmp/3d783ea4-1661-11ee-8a50-bb14de238602/nhirokinet-bluelineconsole/gradle/wrapper/gradle-wrapper.properties\n[955d6ceb-b84f-4465-ba9e-428a78eb7bf5/Basic Gradle test]   \ud83d\udcac  ::debug::/tmp/3d783ea4-1661-11ee-8a50-bb14de238602/nhirokinet-bluelineconsole/settings.gradle\n[955d6ceb-b84f-4465-ba9e-428a78eb7bf5/Basic Gradle test]   \ud83d\udcac  ::debug::Found 4 files to hash.\n[955d6ceb-b84f-4465-ba9e-428a78eb7bf5/Basic Gradle test]   \ud83d\udcac  ::debug::primary key is setup-java-Linux-gradle-d83f18031e8b216710f351bcebb6457bf5d3e93d856865a3805ef57083ecf798\n[955d6ceb-b84f-4465-ba9e-428a78eb7bf5/Basic Gradle test]   \ud83d\udcac  ::debug::Resolved Keys:\n[955d6ceb-b84f-4465-ba9e-428a78eb7bf5/Basic Gradle test]   \ud83d\udcac  ::debug::[\"setup-java-Linux-gradle-d83f18031e8b216710f351bcebb6457bf5d3e93d856865a3805ef57083ecf798\",\"setup-java-Linux-gradle\"]\n[955d6ceb-b84f-4465-ba9e-428a78eb7bf5/Basic Gradle test]   \ud83d\udcac  ::debug::Checking zstd --version\n[955d6ceb-b84f-4465-ba9e-428a78eb7bf5/Basic Gradle test]   \ud83d\udcac  ::debug::*** zstd command line interface 64-bits v1.5.0, by Yann Collet ***\n[955d6ceb-b84f-4465-ba9e-428a78eb7bf5/Basic Gradle test]   \ud83d\udcac  ::debug::Resource Url: http://130.242.72.40:44917/_apis/artifactcache/cache?keys=setup-java-Linux-gradle-d83f18031e8b216710f351bcebb6457bf5d3e93d856865a3805ef57083ecf798%252Csetup-java-Linux-gradle&version=09ba73ab57fcd4582177c49695fd068c4719cc0cab32d2335af27897fd9c08a0\n[955d6ceb-b84f-4465-ba9e-428a78eb7bf5/Basic Gradle test]   | gradle cache is not found\n[955d6ceb-b84f-4465-ba9e-428a78eb7bf5/Basic Gradle test]   \u2705  Success - Main set up JDK 17\n[955d6ceb-b84f-4465-ba9e-428a78eb7bf5/Basic Gradle test]   \u2699  ::set-env:: JAVA_HOME=/opt/hostedtoolcache/Java_Adopt_jdk/17.0.7-7/x64\n[955d6ceb-b84f-4465-ba9e-428a78eb7bf5/Basic Gradle test]   \u2699  ::set-output:: path=/opt/hostedtoolcache/Java_Adopt_jdk/17.0.7-7/x64\n[955d6ceb-b84f-4465-ba9e-428a78eb7bf5/Basic Gradle test]   \u2699  ::set-output:: version=17.0.7+7\n[955d6ceb-b84f-4465-ba9e-428a78eb7bf5/Basic Gradle test]   \u2699  ::set-output:: distribution=Adopt-Hotspot\n[955d6ceb-b84f-4465-ba9e-428a78eb7bf5/Basic Gradle test]   \u2699  ::add-path:: /opt/hostedtoolcache/Java_Adopt_jdk/17.0.7-7/x64/bin\n[955d6ceb-b84f-4465-ba9e-428a78eb7bf5/Basic Gradle test] \u2b50 Run Main Grant execute permission for gradlew\n[955d6ceb-b84f-4465-ba9e-428a78eb7bf5/Basic Gradle test]   \ud83d\udc33  docker exec cmd=[bash --noprofile --norc -e -o pipefail /var/run/act/workflow/2] user= workdir=\n[955d6ceb-b84f-4465-ba9e-428a78eb7bf5/Basic Gradle test]   \u2705  Success - Main Grant execute permission for gradlew\n[955d6ceb-b84f-4465-ba9e-428a78eb7bf5/Basic Gradle test] \u2b50 Run Main Build with Gradle\n[955d6ceb-b84f-4465-ba9e-428a78eb7bf5/Basic Gradle test]   \ud83d\udc33  docker exec cmd=[bash --noprofile --norc -e -o pipefail /var/run/act/workflow/3] user= workdir=\n[955d6ceb-b84f-4465-ba9e-428a78eb7bf5/Basic Gradle test]   | Downloading https://services.gradle.org/distributions/gradle-8.0-bin.zip\n[955d6ceb-b84f-4465-ba9e-428a78eb7bf5/Basic Gradle test]   | ...........10%............20%............30%............40%............50%............60%...........70%............80%............90%............100%\n[955d6ceb-b84f-4465-ba9e-428a78eb7bf5/Basic Gradle test]   | \n[955d6ceb-b84f-4465-ba9e-428a78eb7bf5/Basic Gradle test]   | Welcome to Gradle 8.0!\n[955d6ceb-b84f-4465-ba9e-428a78eb7bf5/Basic Gradle test]   | \n[955d6ceb-b84f-4465-ba9e-428a78eb7bf5/Basic Gradle test]   | For more details see https://docs.gradle.org/8.0/release-notes.html\n[955d6ceb-b84f-4465-ba9e-428a78eb7bf5/Basic Gradle test]   | \n[955d6ceb-b84f-4465-ba9e-428a78eb7bf5/Basic Gradle test]   | Starting a Gradle Daemon (subsequent builds will be faster)\n[955d6ceb-b84f-4465-ba9e-428a78eb7bf5/Basic Gradle test]   | Configuration on demand is an incubating feature.\n[955d6ceb-b84f-4465-ba9e-428a78eb7bf5/Basic Gradle test]   | \n[955d6ceb-b84f-4465-ba9e-428a78eb7bf5/Basic Gradle test]   | FAILURE: Build failed with an exception.\n[955d6ceb-b84f-4465-ba9e-428a78eb7bf5/Basic Gradle test]   | \n[955d6ceb-b84f-4465-ba9e-428a78eb7bf5/Basic Gradle test]   | * What went wrong:\n[955d6ceb-b84f-4465-ba9e-428a78eb7bf5/Basic Gradle test]   | Could not determine the dependencies of task ':app:compileDebugJavaWithJavac'.\n[955d6ceb-b84f-4465-ba9e-428a78eb7bf5/Basic Gradle test]   | > SDK location not found. Define a valid SDK location with an ANDROID_HOME environment variable or by setting the sdk.dir path in your project's local properties file at '/tmp/3d783ea4-1661-11ee-8a50-bb14de238602/nhirokinet-bluelineconsole/local.properties'.\n[955d6ceb-b84f-4465-ba9e-428a78eb7bf5/Basic Gradle test]   | \n[955d6ceb-b84f-4465-ba9e-428a78eb7bf5/Basic Gradle test]   | * Try:\n[955d6ceb-b84f-4465-ba9e-428a78eb7bf5/Basic Gradle test]   | > Run with --stacktrace option to get the stack trace.\n[955d6ceb-b84f-4465-ba9e-428a78eb7bf5/Basic Gradle test]   | > Run with --info or --debug option to get more log output.\n[955d6ceb-b84f-4465-ba9e-428a78eb7bf5/Basic Gradle test]   | > Run with --scan to get full insights.\n[955d6ceb-b84f-4465-ba9e-428a78eb7bf5/Basic Gradle test]   | \n[955d6ceb-b84f-4465-ba9e-428a78eb7bf5/Basic Gradle test]   | * Get more help at https://help.gradle.org\n[955d6ceb-b84f-4465-ba9e-428a78eb7bf5/Basic Gradle test]   | \n[955d6ceb-b84f-4465-ba9e-428a78eb7bf5/Basic Gradle test]   | BUILD FAILED in 28s\n[955d6ceb-b84f-4465-ba9e-428a78eb7bf5/Basic Gradle test]   \u274c  Failure - Main Build with Gradle\n[955d6ceb-b84f-4465-ba9e-428a78eb7bf5/Basic Gradle test] exitcode '1': failure\n[955d6ceb-b84f-4465-ba9e-428a78eb7bf5/Basic Gradle test] \u2b50 Run Post set up JDK 17\n[955d6ceb-b84f-4465-ba9e-428a78eb7bf5/Basic Gradle test]   \ud83d\udc33  docker exec cmd=[node /var/run/act/actions/actions-setup-java@v2/dist/cleanup/index.js] user= workdir=\n[955d6ceb-b84f-4465-ba9e-428a78eb7bf5/Basic Gradle test]   \ud83d\udcac  ::debug::Checking zstd --version\n[955d6ceb-b84f-4465-ba9e-428a78eb7bf5/Basic Gradle test]   \ud83d\udcac  ::debug::*** zstd command line interface 64-bits v1.5.0, by Yann Collet ***\n[955d6ceb-b84f-4465-ba9e-428a78eb7bf5/Basic Gradle test]   \ud83d\udcac  ::debug::Reserving Cache\n[955d6ceb-b84f-4465-ba9e-428a78eb7bf5/Basic Gradle test]   \ud83d\udcac  ::debug::Resource Url: http://130.242.72.40:44917/_apis/artifactcache/caches\n[955d6ceb-b84f-4465-ba9e-428a78eb7bf5/Basic Gradle test]   \ud83d\udcac  ::debug::Cache ID: 1\n[955d6ceb-b84f-4465-ba9e-428a78eb7bf5/Basic Gradle test]   \ud83d\udcac  ::debug::implicitDescendants 'false'\n[955d6ceb-b84f-4465-ba9e-428a78eb7bf5/Basic Gradle test]   \ud83d\udcac  ::debug::followSymbolicLinks 'true'\n[955d6ceb-b84f-4465-ba9e-428a78eb7bf5/Basic Gradle test]   \ud83d\udcac  ::debug::implicitDescendants 'false'\n[955d6ceb-b84f-4465-ba9e-428a78eb7bf5/Basic Gradle test]   \ud83d\udcac  ::debug::omitBrokenSymbolicLinks 'true'\n[955d6ceb-b84f-4465-ba9e-428a78eb7bf5/Basic Gradle test]   \ud83d\udcac  ::debug::Search path '/home/runneradmin/.gradle/caches'\n[955d6ceb-b84f-4465-ba9e-428a78eb7bf5/Basic Gradle test]   \ud83d\udcac  ::debug::Search path '/home/runneradmin/.gradle/wrapper'\n[955d6ceb-b84f-4465-ba9e-428a78eb7bf5/Basic Gradle test]   \ud83d\udcac  ::debug::Matched: ../../../home/runneradmin/.gradle/caches\n[955d6ceb-b84f-4465-ba9e-428a78eb7bf5/Basic Gradle test]   \ud83d\udcac  ::debug::Matched: ../../../home/runneradmin/.gradle/wrapper\n[955d6ceb-b84f-4465-ba9e-428a78eb7bf5/Basic Gradle test]   \ud83d\udcac  ::debug::Cache Paths:\n[955d6ceb-b84f-4465-ba9e-428a78eb7bf5/Basic Gradle test]   \ud83d\udcac  ::debug::[\"../../../home/runneradmin/.gradle/caches\",\"../../../home/runneradmin/.gradle/wrapper\"]\n[955d6ceb-b84f-4465-ba9e-428a78eb7bf5/Basic Gradle test]   \ud83d\udcac  ::debug::Archive Path: /tmp/e583c0c8-f059-40e3-af45-5e98c10d60e7/cache.tzst\n[955d6ceb-b84f-4465-ba9e-428a78eb7bf5/Basic Gradle test]   | [command]/usr/bin/tar --posix --use-compress-program zstd -T0 -cf cache.tzst -P -C /tmp/3d783ea4-1661-11ee-8a50-bb14de238602/nhirokinet-bluelineconsole --files-from manifest.txt\n[955d6ceb-b84f-4465-ba9e-428a78eb7bf5/Basic Gradle test]   \ud83d\udcac  ::debug::File Size: 377533001\n[955d6ceb-b84f-4465-ba9e-428a78eb7bf5/Basic Gradle test]   \ud83d\udcac  ::debug::Saving Cache (ID: 1)\n[955d6ceb-b84f-4465-ba9e-428a78eb7bf5/Basic Gradle test]   \ud83d\udcac  ::debug::Upload cache\n[955d6ceb-b84f-4465-ba9e-428a78eb7bf5/Basic Gradle test]   \ud83d\udcac  ::debug::Resource Url: http://130.242.72.40:44917/_apis/artifactcache/caches/1\n[955d6ceb-b84f-4465-ba9e-428a78eb7bf5/Basic Gradle test]   \ud83d\udcac  ::debug::Upload concurrency: 4\n[955d6ceb-b84f-4465-ba9e-428a78eb7bf5/Basic Gradle test]   \ud83d\udcac  ::debug::Upload chunk size: 33554432\n[955d6ceb-b84f-4465-ba9e-428a78eb7bf5/Basic Gradle test]   \ud83d\udcac  ::debug::Awaiting all uploads\n[955d6ceb-b84f-4465-ba9e-428a78eb7bf5/Basic Gradle test]   \ud83d\udcac  ::debug::Uploading chunk of size 33554432 bytes at offset 0 with content range: bytes 0-33554431/*\n[955d6ceb-b84f-4465-ba9e-428a78eb7bf5/Basic Gradle test]   \ud83d\udcac  ::debug::Uploading chunk of size 33554432 bytes at offset 33554432 with content range: bytes 33554432-67108863/*\n[955d6ceb-b84f-4465-ba9e-428a78eb7bf5/Basic Gradle test]   \ud83d\udcac  ::debug::Uploading chunk of size 33554432 bytes at offset 67108864 with content range: bytes 67108864-100663295/*\n[955d6ceb-b84f-4465-ba9e-428a78eb7bf5/Basic Gradle test]   \ud83d\udcac  ::debug::Uploading chunk of size 33554432 bytes at offset 100663296 with content range: bytes 100663296-134217727/*\n[955d6ceb-b84f-4465-ba9e-428a78eb7bf5/Basic Gradle test]   \ud83d\udcac  ::debug::Uploading chunk of size 33554432 bytes at offset 134217728 with content range: bytes 134217728-167772159/*\n[955d6ceb-b84f-4465-ba9e-428a78eb7bf5/Basic Gradle test]   \ud83d\udcac  ::debug::Uploading chunk of size 33554432 bytes at offset 167772160 with content range: bytes 167772160-201326591/*\n[955d6ceb-b84f-4465-ba9e-428a78eb7bf5/Basic Gradle test]   \ud83d\udcac  ::debug::Uploading chunk of size 33554432 bytes at offset 201326592 with content range: bytes 201326592-234881023/*\n[955d6ceb-b84f-4465-ba9e-428a78eb7bf5/Basic Gradle test]   \ud83d\udcac  ::debug::Uploading chunk of size 33554432 bytes at offset 234881024 with content range: bytes 234881024-268435455/*\n[955d6ceb-b84f-4465-ba9e-428a78eb7bf5/Basic Gradle test]   \ud83d\udcac  ::debug::Uploading chunk of size 33554432 bytes at offset 268435456 with content range: bytes 268435456-301989887/*\n[955d6ceb-b84f-4465-ba9e-428a78eb7bf5/Basic Gradle test]   \ud83d\udcac  ::debug::Uploading chunk of size 33554432 bytes at offset 301989888 with content range: bytes 301989888-335544319/*\n[955d6ceb-b84f-4465-ba9e-428a78eb7bf5/Basic Gradle test]   \ud83d\udcac  ::debug::Uploading chunk of size 33554432 bytes at offset 335544320 with content range: bytes 335544320-369098751/*\n[955d6ceb-b84f-4465-ba9e-428a78eb7bf5/Basic Gradle test]   \ud83d\udcac  ::debug::Uploading chunk of size 8434249 bytes at offset 369098752 with content range: bytes 369098752-377533000/*\n[955d6ceb-b84f-4465-ba9e-428a78eb7bf5/Basic Gradle test]   \ud83d\udcac  ::debug::Commiting cache\n[955d6ceb-b84f-4465-ba9e-428a78eb7bf5/Basic Gradle test]   | Cache Size: ~360 MB (377533001 B)\n[955d6ceb-b84f-4465-ba9e-428a78eb7bf5/Basic Gradle test]   \ud83d\udcac  ::debug::Resource Url: http://130.242.72.40:44917/_apis/artifactcache/caches/1\n[955d6ceb-b84f-4465-ba9e-428a78eb7bf5/Basic Gradle test]   \ud83d\udcac  ::debug::commitCache - Attempt 1 of 2 failed with error: Cache service responded with 500\n[955d6ceb-b84f-4465-ba9e-428a78eb7bf5/Basic Gradle test]   \ud83d\udcac  ::debug::commitCache - Error is not retryable\n[955d6ceb-b84f-4465-ba9e-428a78eb7bf5/Basic Gradle test]   \ud83d\udea7  ::warning::Error: commitCache failed: Cache service responded with 500\n[955d6ceb-b84f-4465-ba9e-428a78eb7bf5/Basic Gradle test]   \u2705  Success - Post set up JDK 17\n[955d6ceb-b84f-4465-ba9e-428a78eb7bf5/Basic Gradle test] \ud83c\udfc1  Job failed\n",
        "stderr": "time=\"2023-06-29T15:29:16+02:00\" level=error msg=\"POST /_apis/artifactcache/caches/1: broken file: 377533001 != 0\" module=artifactcache\nError: Job 'Basic Gradle test' failed\n",
        "workflow": "/tmp/3d783ea4-1661-11ee-8a50-bb14de238602/nhirokinet-bluelineconsole/.github/workflows/android-crawler.yml",
        "build_tool": "gradle",
        "elapsed_time": 114.5146586894989
    }
}