{
    "repository": "pixeldev-org/gui",
    "stars": 57,
    "language": "java",
    "size": 18815,
    "clone_url": "https://github.com/pixeldev-org/gui.git",
    "timestamp": "2023-06-29T14:39:22.476329Z",
    "clone_success": true,
    "number_of_actions": 1,
    "number_of_test_actions": 1,
    "actions_successful": false,
    "actions_build_tools": [
        "gradle"
    ],
    "actions_test_build_tools": [
        "gradle"
    ],
    "actions_run": {
        "failed": true,
        "tests": [],
        "stdout": "[3ad1ac71-28c1-4102-bc09-ffd612197d3c/build] \ud83d\ude80  Start image=crawlergpt:latest\n[3ad1ac71-28c1-4102-bc09-ffd612197d3c/build]   \ud83d\udc33  docker pull image=crawlergpt:latest platform= username= forcePull=false\n[3ad1ac71-28c1-4102-bc09-ffd612197d3c/build]   \ud83d\udc33  docker create image=crawlergpt:latest platform= entrypoint=[\"tail\" \"-f\" \"/dev/null\"] cmd=[]\n[3ad1ac71-28c1-4102-bc09-ffd612197d3c/build]   \ud83d\udc33  docker run image=crawlergpt:latest platform= entrypoint=[\"tail\" \"-f\" \"/dev/null\"] cmd=[]\n[3ad1ac71-28c1-4102-bc09-ffd612197d3c/build]   \ud83d\udc33  docker exec cmd=[chown -R 1012:1013 /tmp/3d783ea4-1661-11ee-8a50-bb14de238602/pixeldev-org-gui] user=0 workdir=\n[3ad1ac71-28c1-4102-bc09-ffd612197d3c/build]   \u2601  git clone 'https://github.com/actions/setup-java' # ref=v1\n[3ad1ac71-28c1-4102-bc09-ffd612197d3c/build] \u2b50 Run Main checkout repo\n[3ad1ac71-28c1-4102-bc09-ffd612197d3c/build]   \u2705  Success - Main checkout repo\n[3ad1ac71-28c1-4102-bc09-ffd612197d3c/build] \u2b50 Run Main setup JDK\n[3ad1ac71-28c1-4102-bc09-ffd612197d3c/build]   \ud83d\udc33  docker cp src=/tmp/act-cache/dcf41ecc-8fda-4df3-b373-8107c0f6ea6e/act/actions-setup-java@v1/ dst=/var/run/act/actions/actions-setup-java@v1/\n[3ad1ac71-28c1-4102-bc09-ffd612197d3c/build]   \ud83d\udc33  docker exec cmd=[chown -R 1012:1013 /var/run/act/actions/actions-setup-java@v1/] user=0 workdir=\n[3ad1ac71-28c1-4102-bc09-ffd612197d3c/build]   \ud83d\udc33  docker exec cmd=[node /var/run/act/actions/actions-setup-java@v1/dist/setup/index.js] user= workdir=\n[3ad1ac71-28c1-4102-bc09-ffd612197d3c/build]   \ud83d\udcac  ::debug::isExplicit: \n[3ad1ac71-28c1-4102-bc09-ffd612197d3c/build]   \ud83d\udcac  ::debug::explicit? false\n[3ad1ac71-28c1-4102-bc09-ffd612197d3c/build]   \ud83d\udcac  ::debug::evaluating 0 versions\n[3ad1ac71-28c1-4102-bc09-ffd612197d3c/build]   \ud83d\udcac  ::debug::match not found\n[3ad1ac71-28c1-4102-bc09-ffd612197d3c/build]   \ud83d\udcac  ::debug::Downloading JDK from Azul\n[3ad1ac71-28c1-4102-bc09-ffd612197d3c/build]   \ud83d\udcac  ::debug::Searching for files with extension: -linux_x64.tar.gz\n[3ad1ac71-28c1-4102-bc09-ffd612197d3c/build]   \ud83d\udcac  ::debug::Downloading https://static.azul.com/zulu/bin/zulu17.42.21-ca-crac-jdk17.0.7-linux_x64.tar.gz\n[3ad1ac71-28c1-4102-bc09-ffd612197d3c/build]   \ud83d\udcac  ::debug::Downloading /tmp/98145f3f-f052-49d2-b55e-d5910cb56b67\n[3ad1ac71-28c1-4102-bc09-ffd612197d3c/build]   \ud83d\udcac  ::debug::download complete\n[3ad1ac71-28c1-4102-bc09-ffd612197d3c/build]   | [command]/usr/bin/tar --version\n[3ad1ac71-28c1-4102-bc09-ffd612197d3c/build]   | tar (GNU tar) 1.30\n[3ad1ac71-28c1-4102-bc09-ffd612197d3c/build]   | Copyright (C) 2017 Free Software Foundation, Inc.\n[3ad1ac71-28c1-4102-bc09-ffd612197d3c/build]   | License GPLv3+: GNU GPL version 3 or later <https://gnu.org/licenses/gpl.html>.\n[3ad1ac71-28c1-4102-bc09-ffd612197d3c/build]   | This is free software: you are free to change and redistribute it.\n[3ad1ac71-28c1-4102-bc09-ffd612197d3c/build]   | There is NO WARRANTY, to the extent permitted by law.\n[3ad1ac71-28c1-4102-bc09-ffd612197d3c/build]   | \n[3ad1ac71-28c1-4102-bc09-ffd612197d3c/build]   | Written by John Gilmore and Jay Fenlason.\n[3ad1ac71-28c1-4102-bc09-ffd612197d3c/build]   | [command]/usr/bin/tar xz --warning=no-unknown-keyword -C /tmp/temp_1868667023 -f /tmp/98145f3f-f052-49d2-b55e-d5910cb56b67\n[3ad1ac71-28c1-4102-bc09-ffd612197d3c/build]   \ud83d\udcac  ::debug::jdk extracted to /tmp/temp_1868667023/zulu17.42.21-ca-crac-jdk17.0.7-linux_x64\n[3ad1ac71-28c1-4102-bc09-ffd612197d3c/build]   \ud83d\udcac  ::debug::Caching tool jdk 17.0.7 x64\n[3ad1ac71-28c1-4102-bc09-ffd612197d3c/build]   \ud83d\udcac  ::debug::source dir: /tmp/temp_1868667023/zulu17.42.21-ca-crac-jdk17.0.7-linux_x64\n[3ad1ac71-28c1-4102-bc09-ffd612197d3c/build]   \ud83d\udcac  ::debug::destination /opt/hostedtoolcache/jdk/17.0.7/x64\n[3ad1ac71-28c1-4102-bc09-ffd612197d3c/build]   \ud83d\udcac  ::debug::finished caching tool\n[3ad1ac71-28c1-4102-bc09-ffd612197d3c/build]   \u2753 add-matcher /run/act/actions/actions-setup-java@v1/.github/java.json\n[3ad1ac71-28c1-4102-bc09-ffd612197d3c/build]   | creating settings.xml with server-id: github; environment variables: username=$GITHUB_ACTOR, password=$GITHUB_TOKEN, and gpg-passphrase=null\n[3ad1ac71-28c1-4102-bc09-ffd612197d3c/build]   \ud83d\udcac  ::debug::created directory /home/runneradmin/.m2\n[3ad1ac71-28c1-4102-bc09-ffd612197d3c/build]   | writing /home/runneradmin/.m2/settings.xml\n[3ad1ac71-28c1-4102-bc09-ffd612197d3c/build]   \u2705  Success - Main setup JDK\n[3ad1ac71-28c1-4102-bc09-ffd612197d3c/build]   \u2699  ::set-env:: JAVA_HOME_17.0.7_x64=/opt/hostedtoolcache/jdk/17.0.7/x64\n[3ad1ac71-28c1-4102-bc09-ffd612197d3c/build]   \u2699  ::set-env:: JAVA_HOME=/opt/hostedtoolcache/jdk/17.0.7/x64\n[3ad1ac71-28c1-4102-bc09-ffd612197d3c/build]   \u2699  ::set-env:: JAVA_HOME_17_0_7_X64=/opt/hostedtoolcache/jdk/17.0.7/x64\n[3ad1ac71-28c1-4102-bc09-ffd612197d3c/build]   \u2699  ::set-output:: path=/opt/hostedtoolcache/jdk/17.0.7/x64\n[3ad1ac71-28c1-4102-bc09-ffd612197d3c/build]   \u2699  ::set-output:: version=17.0.7\n[3ad1ac71-28c1-4102-bc09-ffd612197d3c/build]   \u2699  ::add-path:: /opt/hostedtoolcache/jdk/17.0.7/x64/bin\n[3ad1ac71-28c1-4102-bc09-ffd612197d3c/build] \u2b50 Run Main gradle build\n[3ad1ac71-28c1-4102-bc09-ffd612197d3c/build]   \ud83d\udc33  docker exec cmd=[bash --noprofile --norc -e -o pipefail /var/run/act/workflow/2] user= workdir=\n[3ad1ac71-28c1-4102-bc09-ffd612197d3c/build]   | Downloading https://services.gradle.org/distributions/gradle-7.5.1-bin.zip\n[3ad1ac71-28c1-4102-bc09-ffd612197d3c/build]   | ...........10%............20%...........30%............40%...........50%............60%...........70%............80%...........90%............100%\n[3ad1ac71-28c1-4102-bc09-ffd612197d3c/build]   | \n[3ad1ac71-28c1-4102-bc09-ffd612197d3c/build]   | Welcome to Gradle 7.5.1!\n[3ad1ac71-28c1-4102-bc09-ffd612197d3c/build]   | \n[3ad1ac71-28c1-4102-bc09-ffd612197d3c/build]   | Here are the highlights of this release:\n[3ad1ac71-28c1-4102-bc09-ffd612197d3c/build]   |  - Support for Java 18\n[3ad1ac71-28c1-4102-bc09-ffd612197d3c/build]   |  - Support for building with Groovy 4\n[3ad1ac71-28c1-4102-bc09-ffd612197d3c/build]   |  - Much more responsive continuous builds\n[3ad1ac71-28c1-4102-bc09-ffd612197d3c/build]   |  - Improved diagnostics for dependency resolution\n[3ad1ac71-28c1-4102-bc09-ffd612197d3c/build]   | \n[3ad1ac71-28c1-4102-bc09-ffd612197d3c/build]   | For more details see https://docs.gradle.org/7.5.1/release-notes.html\n[3ad1ac71-28c1-4102-bc09-ffd612197d3c/build]   | \n[3ad1ac71-28c1-4102-bc09-ffd612197d3c/build]   | Starting a Gradle Daemon (subsequent builds will be faster)\n[3ad1ac71-28c1-4102-bc09-ffd612197d3c/build]   | > Task :buildSrc:generateExternalPluginSpecBuilders\n[3ad1ac71-28c1-4102-bc09-ffd612197d3c/build]   | > Task :buildSrc:extractPrecompiledScriptPluginPlugins\n[3ad1ac71-28c1-4102-bc09-ffd612197d3c/build]   | > Task :buildSrc:compilePluginsBlocks\n[3ad1ac71-28c1-4102-bc09-ffd612197d3c/build]   | > Task :buildSrc:generatePrecompiledScriptPluginAccessors\n[3ad1ac71-28c1-4102-bc09-ffd612197d3c/build]   | > Task :buildSrc:generateScriptPluginAdapters\n[3ad1ac71-28c1-4102-bc09-ffd612197d3c/build]   | > Task :buildSrc:pluginDescriptors\n[3ad1ac71-28c1-4102-bc09-ffd612197d3c/build]   | > Task :buildSrc:processResources\n[3ad1ac71-28c1-4102-bc09-ffd612197d3c/build]   | > Task :buildSrc:processTestResources NO-SOURCE\n[3ad1ac71-28c1-4102-bc09-ffd612197d3c/build]   | > Task :buildSrc:compileKotlin\n[3ad1ac71-28c1-4102-bc09-ffd612197d3c/build]   | > Task :buildSrc:compileJava NO-SOURCE\n[3ad1ac71-28c1-4102-bc09-ffd612197d3c/build]   | > Task :buildSrc:compileGroovy NO-SOURCE\n[3ad1ac71-28c1-4102-bc09-ffd612197d3c/build]   | > Task :buildSrc:classes\n[3ad1ac71-28c1-4102-bc09-ffd612197d3c/build]   | > Task :buildSrc:inspectClassesForKotlinIC\n[3ad1ac71-28c1-4102-bc09-ffd612197d3c/build]   | > Task :buildSrc:jar\n[3ad1ac71-28c1-4102-bc09-ffd612197d3c/build]   | > Task :buildSrc:assemble\n[3ad1ac71-28c1-4102-bc09-ffd612197d3c/build]   | > Task :buildSrc:compileTestKotlin NO-SOURCE\n[3ad1ac71-28c1-4102-bc09-ffd612197d3c/build]   | > Task :buildSrc:pluginUnderTestMetadata\n[3ad1ac71-28c1-4102-bc09-ffd612197d3c/build]   | > Task :buildSrc:compileTestJava NO-SOURCE\n[3ad1ac71-28c1-4102-bc09-ffd612197d3c/build]   | > Task :buildSrc:compileTestGroovy NO-SOURCE\n[3ad1ac71-28c1-4102-bc09-ffd612197d3c/build]   | > Task :buildSrc:testClasses UP-TO-DATE\n[3ad1ac71-28c1-4102-bc09-ffd612197d3c/build]   | > Task :buildSrc:test NO-SOURCE\n[3ad1ac71-28c1-4102-bc09-ffd612197d3c/build]   | > Task :buildSrc:validatePlugins\n[3ad1ac71-28c1-4102-bc09-ffd612197d3c/build]   | > Task :buildSrc:check\n[3ad1ac71-28c1-4102-bc09-ffd612197d3c/build]   | > Task :buildSrc:build\n[3ad1ac71-28c1-4102-bc09-ffd612197d3c/build]   | :executing 'download minecraft manifest'\n[3ad1ac71-28c1-4102-bc09-ffd612197d3c/build]   | :executing 'download minecraft version manifest'\n[3ad1ac71-28c1-4102-bc09-ffd612197d3c/build]   | :executing 'download vanilla minecraft server jar'\n[3ad1ac71-28c1-4102-bc09-ffd612197d3c/build]   | :executing 'extract libraries and server from downloaded jar'\n[3ad1ac71-28c1-4102-bc09-ffd612197d3c/build]   | :executing 'apply mojang mapped paperclip patch'\n[3ad1ac71-28c1-4102-bc09-ffd612197d3c/build]   | :installed server artifacts to cache\n[3ad1ac71-28c1-4102-bc09-ffd612197d3c/build]   | :done setting up paperweight userdev workspace for minecraft 1.18.2\n[3ad1ac71-28c1-4102-bc09-ffd612197d3c/build]   | :executing 'download minecraft manifest'\n[3ad1ac71-28c1-4102-bc09-ffd612197d3c/build]   | :executing 'download minecraft version manifest'\n[3ad1ac71-28c1-4102-bc09-ffd612197d3c/build]   | :executing 'download vanilla minecraft server jar'\n[3ad1ac71-28c1-4102-bc09-ffd612197d3c/build]   | :executing 'extract libraries and server from downloaded jar'\n[3ad1ac71-28c1-4102-bc09-ffd612197d3c/build]   | :executing 'apply mojang mapped paperclip patch'\n[3ad1ac71-28c1-4102-bc09-ffd612197d3c/build]   | :installed server artifacts to cache\n[3ad1ac71-28c1-4102-bc09-ffd612197d3c/build]   | :done setting up paperweight userdev workspace for minecraft 1.19.2\n[3ad1ac71-28c1-4102-bc09-ffd612197d3c/build]   | > Task :gui-menu-adapt-v1_18_R2:processResources NO-SOURCE\n[3ad1ac71-28c1-4102-bc09-ffd612197d3c/build]   | > Task :gui-item-skull-api:processResources NO-SOURCE\n[3ad1ac71-28c1-4102-bc09-ffd612197d3c/build]   | > Task :gui-menu-adapt-v1_17_R1:processResources NO-SOURCE\n[3ad1ac71-28c1-4102-bc09-ffd612197d3c/build]   | > Task :gui-menu-adapt-v1_19_R1:processResources NO-SOURCE\n[3ad1ac71-28c1-4102-bc09-ffd612197d3c/build]   | > Task :gui-menu-adapt-v1_8_R3:processResources NO-SOURCE\n[3ad1ac71-28c1-4102-bc09-ffd612197d3c/build]   | > Task :gui-menu-adapt-v1_16_R3:processResources NO-SOURCE\n[3ad1ac71-28c1-4102-bc09-ffd612197d3c/build]   | > Task :gui-menu-adapt-v1_18_R2:processTestResources NO-SOURCE\n[3ad1ac71-28c1-4102-bc09-ffd612197d3c/build]   | > Task :gui-menu-adapt-v1_8_R3:processTestResources NO-SOURCE\n[3ad1ac71-28c1-4102-bc09-ffd612197d3c/build]   | > Task :gui-menu-adapt-v1_16_R3:processTestResources NO-SOURCE\n[3ad1ac71-28c1-4102-bc09-ffd612197d3c/build]   | > Task :gui-menu-adapt-v1_17_R1:processTestResources NO-SOURCE\n[3ad1ac71-28c1-4102-bc09-ffd612197d3c/build]   | > Task :gui-menu-plugin:processResources\n[3ad1ac71-28c1-4102-bc09-ffd612197d3c/build]   | > Task :gui-item-skull-api:processTestResources NO-SOURCE\n[3ad1ac71-28c1-4102-bc09-ffd612197d3c/build]   | > Task :gui-menu-adapt-v1_19_R1:processTestResources NO-SOURCE\n[3ad1ac71-28c1-4102-bc09-ffd612197d3c/build]   | > Task :gui-menu-plugin:processTestResources NO-SOURCE\n[3ad1ac71-28c1-4102-bc09-ffd612197d3c/build]   | > Task :gui-menu-api:compileJava\n[3ad1ac71-28c1-4102-bc09-ffd612197d3c/build]   | > Task :gui-menu-api:processResources NO-SOURCE\n[3ad1ac71-28c1-4102-bc09-ffd612197d3c/build]   | > Task :gui-menu-api:classes\n[3ad1ac71-28c1-4102-bc09-ffd612197d3c/build]   | > Task :gui-menu-api:jar\n[3ad1ac71-28c1-4102-bc09-ffd612197d3c/build]   | > Task :gui-menu-api:assemble\n[3ad1ac71-28c1-4102-bc09-ffd612197d3c/build]   | > Task :gui-menu-api:compileTestJava NO-SOURCE\n[3ad1ac71-28c1-4102-bc09-ffd612197d3c/build]   | > Task :gui-menu-api:processTestResources NO-SOURCE\n[3ad1ac71-28c1-4102-bc09-ffd612197d3c/build]   | > Task :gui-menu-api:testClasses UP-TO-DATE\n[3ad1ac71-28c1-4102-bc09-ffd612197d3c/build]   | > Task :gui-menu-api:test NO-SOURCE\n[3ad1ac71-28c1-4102-bc09-ffd612197d3c/build]   | > Task :gui-menu-api:check UP-TO-DATE\n[3ad1ac71-28c1-4102-bc09-ffd612197d3c/build]   | > Task :gui-menu-api:build\n[3ad1ac71-28c1-4102-bc09-ffd612197d3c/build]   | \n[3ad1ac71-28c1-4102-bc09-ffd612197d3c/build]   | > Task :gui-item-api:compileJava\n[3ad1ac71-28c1-4102-bc09-ffd612197d3c/build]   | Note: /tmp/3d783ea4-1661-11ee-8a50-bb14de238602/pixeldev-org-gui/item/api/src/main/java/team/unnamed/gui/item/ItemBuilderLayout.java uses or overrides a deprecated API.\n[3ad1ac71-28c1-4102-bc09-ffd612197d3c/build]   | Note: Recompile with -Xlint:deprecation for details.\n[3ad1ac71-28c1-4102-bc09-ffd612197d3c/build]   | \n[3ad1ac71-28c1-4102-bc09-ffd612197d3c/build]   | > Task :gui-item-api:processResources NO-SOURCE\n[3ad1ac71-28c1-4102-bc09-ffd612197d3c/build]   | > Task :gui-item-api:classes\n[3ad1ac71-28c1-4102-bc09-ffd612197d3c/build]   | > Task :gui-item-api:jar\n[3ad1ac71-28c1-4102-bc09-ffd612197d3c/build]   | > Task :gui-item-api:assemble\n[3ad1ac71-28c1-4102-bc09-ffd612197d3c/build]   | > Task :gui-item-api:compileTestJava NO-SOURCE\n[3ad1ac71-28c1-4102-bc09-ffd612197d3c/build]   | > Task :gui-item-api:processTestResources NO-SOURCE\n[3ad1ac71-28c1-4102-bc09-ffd612197d3c/build]   | > Task :gui-item-api:testClasses UP-TO-DATE\n[3ad1ac71-28c1-4102-bc09-ffd612197d3c/build]   | > Task :gui-item-api:test NO-SOURCE\n[3ad1ac71-28c1-4102-bc09-ffd612197d3c/build]   | > Task :gui-item-api:check UP-TO-DATE\n[3ad1ac71-28c1-4102-bc09-ffd612197d3c/build]   | > Task :gui-item-api:build\n[3ad1ac71-28c1-4102-bc09-ffd612197d3c/build]   | \n[3ad1ac71-28c1-4102-bc09-ffd612197d3c/build]   | > Task :gui-menu-adapt-v1_8_R3:compileJava\n[3ad1ac71-28c1-4102-bc09-ffd612197d3c/build]   | Note: /tmp/3d783ea4-1661-11ee-8a50-bb14de238602/pixeldev-org-gui/menu/adapt/v1_8_R3/src/main/java/team/unnamed/gui/menu/v1_8_R3/MenuInventoryWrapperImpl.java uses or overrides a deprecated API.\n[3ad1ac71-28c1-4102-bc09-ffd612197d3c/build]   | Note: Recompile with -Xlint:deprecation for details.\n[3ad1ac71-28c1-4102-bc09-ffd612197d3c/build]   | \n[3ad1ac71-28c1-4102-bc09-ffd612197d3c/build]   | > Task :gui-item-skull-api:compileJava\n[3ad1ac71-28c1-4102-bc09-ffd612197d3c/build]   | > Task :gui-item-skull-api:classes\n[3ad1ac71-28c1-4102-bc09-ffd612197d3c/build]   | > Task :gui-menu-adapt-v1_8_R3:classes\n[3ad1ac71-28c1-4102-bc09-ffd612197d3c/build]   | > Task :gui-item-skull-api:jar\n[3ad1ac71-28c1-4102-bc09-ffd612197d3c/build]   | > Task :gui-menu-adapt-v1_8_R3:jar\n[3ad1ac71-28c1-4102-bc09-ffd612197d3c/build]   | > Task :gui-menu-adapt-v1_8_R3:assemble\n[3ad1ac71-28c1-4102-bc09-ffd612197d3c/build]   | > Task :gui-item-skull-api:assemble\n[3ad1ac71-28c1-4102-bc09-ffd612197d3c/build]   | > Task :gui-menu-adapt-v1_8_R3:compileTestJava NO-SOURCE\n[3ad1ac71-28c1-4102-bc09-ffd612197d3c/build]   | > Task :gui-menu-adapt-v1_8_R3:testClasses UP-TO-DATE\n[3ad1ac71-28c1-4102-bc09-ffd612197d3c/build]   | > Task :gui-item-skull-api:compileTestJava NO-SOURCE\n[3ad1ac71-28c1-4102-bc09-ffd612197d3c/build]   | > Task :gui-item-skull-api:testClasses UP-TO-DATE\n[3ad1ac71-28c1-4102-bc09-ffd612197d3c/build]   | > Task :gui-menu-adapt-v1_8_R3:test NO-SOURCE\n[3ad1ac71-28c1-4102-bc09-ffd612197d3c/build]   | > Task :gui-item-skull-api:test NO-SOURCE\n[3ad1ac71-28c1-4102-bc09-ffd612197d3c/build]   | > Task :gui-item-skull-api:check UP-TO-DATE\n[3ad1ac71-28c1-4102-bc09-ffd612197d3c/build]   | > Task :gui-menu-adapt-v1_8_R3:check UP-TO-DATE\n[3ad1ac71-28c1-4102-bc09-ffd612197d3c/build]   | > Task :gui-item-skull-api:build\n[3ad1ac71-28c1-4102-bc09-ffd612197d3c/build]   | > Task :gui-menu-adapt-v1_8_R3:build\n[3ad1ac71-28c1-4102-bc09-ffd612197d3c/build]   | > Task :gui-menu-plugin:compileJava\n[3ad1ac71-28c1-4102-bc09-ffd612197d3c/build]   | > Task :gui-menu-plugin:classes\n[3ad1ac71-28c1-4102-bc09-ffd612197d3c/build]   | > Task :gui-menu-plugin:jar\n[3ad1ac71-28c1-4102-bc09-ffd612197d3c/build]   | > Task :gui-menu-plugin:assemble\n[3ad1ac71-28c1-4102-bc09-ffd612197d3c/build]   | > Task :gui-menu-plugin:compileTestJava NO-SOURCE\n[3ad1ac71-28c1-4102-bc09-ffd612197d3c/build]   | > Task :gui-menu-plugin:testClasses UP-TO-DATE\n[3ad1ac71-28c1-4102-bc09-ffd612197d3c/build]   | > Task :gui-menu-adapt-v1_16_R3:compileJava\n[3ad1ac71-28c1-4102-bc09-ffd612197d3c/build]   | > Task :gui-menu-adapt-v1_16_R3:classes\n[3ad1ac71-28c1-4102-bc09-ffd612197d3c/build]   | > Task :gui-menu-adapt-v1_16_R3:jar\n[3ad1ac71-28c1-4102-bc09-ffd612197d3c/build]   | > Task :gui-menu-adapt-v1_16_R3:assemble\n[3ad1ac71-28c1-4102-bc09-ffd612197d3c/build]   | > Task :gui-menu-adapt-v1_16_R3:compileTestJava NO-SOURCE\n[3ad1ac71-28c1-4102-bc09-ffd612197d3c/build]   | > Task :gui-menu-adapt-v1_16_R3:testClasses UP-TO-DATE\n[3ad1ac71-28c1-4102-bc09-ffd612197d3c/build]   | > Task :gui-menu-adapt-v1_16_R3:test NO-SOURCE\n[3ad1ac71-28c1-4102-bc09-ffd612197d3c/build]   | > Task :gui-menu-adapt-v1_16_R3:check UP-TO-DATE\n[3ad1ac71-28c1-4102-bc09-ffd612197d3c/build]   | > Task :gui-menu-adapt-v1_16_R3:build\n[3ad1ac71-28c1-4102-bc09-ffd612197d3c/build]   | > Task :gui-menu-adapt-v1_19_R1:compileJava\n[3ad1ac71-28c1-4102-bc09-ffd612197d3c/build]   | > Task :gui-menu-adapt-v1_19_R1:classes\n[3ad1ac71-28c1-4102-bc09-ffd612197d3c/build]   | > Task :gui-menu-adapt-v1_18_R2:compileJava\n[3ad1ac71-28c1-4102-bc09-ffd612197d3c/build]   | > Task :gui-menu-adapt-v1_18_R2:classes\n[3ad1ac71-28c1-4102-bc09-ffd612197d3c/build]   | > Task :gui-menu-adapt-v1_18_R2:jar\n[3ad1ac71-28c1-4102-bc09-ffd612197d3c/build]   | > Task :gui-menu-plugin:test NO-SOURCE\n[3ad1ac71-28c1-4102-bc09-ffd612197d3c/build]   | > Task :gui-menu-plugin:check UP-TO-DATE\n[3ad1ac71-28c1-4102-bc09-ffd612197d3c/build]   | > Task :gui-menu-plugin:build\n[3ad1ac71-28c1-4102-bc09-ffd612197d3c/build]   | > Task :gui-menu-adapt-v1_19_R1:jar\n[3ad1ac71-28c1-4102-bc09-ffd612197d3c/build]   | > Task :gui-menu-adapt-v1_17_R1:compileJava\n[3ad1ac71-28c1-4102-bc09-ffd612197d3c/build]   | > Task :gui-menu-adapt-v1_18_R2:reobfJar\n[3ad1ac71-28c1-4102-bc09-ffd612197d3c/build]   | > Task :gui-menu-adapt-v1_18_R2:assemble\n[3ad1ac71-28c1-4102-bc09-ffd612197d3c/build]   | > Task :gui-menu-adapt-v1_18_R2:compileTestJava NO-SOURCE\n[3ad1ac71-28c1-4102-bc09-ffd612197d3c/build]   | > Task :gui-menu-adapt-v1_18_R2:testClasses UP-TO-DATE\n[3ad1ac71-28c1-4102-bc09-ffd612197d3c/build]   | > Task :gui-menu-adapt-v1_18_R2:test NO-SOURCE\n[3ad1ac71-28c1-4102-bc09-ffd612197d3c/build]   | > Task :gui-menu-adapt-v1_18_R2:check UP-TO-DATE\n[3ad1ac71-28c1-4102-bc09-ffd612197d3c/build]   | > Task :gui-menu-adapt-v1_18_R2:build\n[3ad1ac71-28c1-4102-bc09-ffd612197d3c/build]   | > Task :gui-menu-adapt-v1_19_R1:reobfJar\n[3ad1ac71-28c1-4102-bc09-ffd612197d3c/build]   | > Task :gui-menu-adapt-v1_19_R1:assemble\n[3ad1ac71-28c1-4102-bc09-ffd612197d3c/build]   | > Task :gui-menu-adapt-v1_19_R1:compileTestJava NO-SOURCE\n[3ad1ac71-28c1-4102-bc09-ffd612197d3c/build]   | > Task :gui-menu-adapt-v1_19_R1:testClasses UP-TO-DATE\n[3ad1ac71-28c1-4102-bc09-ffd612197d3c/build]   | > Task :gui-menu-adapt-v1_19_R1:test NO-SOURCE\n[3ad1ac71-28c1-4102-bc09-ffd612197d3c/build]   | > Task :gui-menu-adapt-v1_19_R1:check UP-TO-DATE\n[3ad1ac71-28c1-4102-bc09-ffd612197d3c/build]   | > Task :gui-menu-adapt-v1_19_R1:build\n[3ad1ac71-28c1-4102-bc09-ffd612197d3c/build]   | > Task :gui-menu-adapt-v1_17_R1:classes\n[3ad1ac71-28c1-4102-bc09-ffd612197d3c/build]   | > Task :gui-menu-adapt-v1_17_R1:jar\n[3ad1ac71-28c1-4102-bc09-ffd612197d3c/build]   | > Task :gui-menu-adapt-v1_17_R1:assemble\n[3ad1ac71-28c1-4102-bc09-ffd612197d3c/build]   | > Task :gui-menu-adapt-v1_17_R1:compileTestJava NO-SOURCE\n[3ad1ac71-28c1-4102-bc09-ffd612197d3c/build]   | > Task :gui-menu-adapt-v1_17_R1:testClasses UP-TO-DATE\n[3ad1ac71-28c1-4102-bc09-ffd612197d3c/build]   | > Task :gui-menu-adapt-v1_17_R1:test NO-SOURCE\n[3ad1ac71-28c1-4102-bc09-ffd612197d3c/build]   | > Task :gui-menu-adapt-v1_17_R1:check UP-TO-DATE\n[3ad1ac71-28c1-4102-bc09-ffd612197d3c/build]   | > Task :gui-menu-adapt-v1_17_R1:build\n[3ad1ac71-28c1-4102-bc09-ffd612197d3c/build]   | \n[3ad1ac71-28c1-4102-bc09-ffd612197d3c/build]   | BUILD SUCCESSFUL in 3m\n[3ad1ac71-28c1-4102-bc09-ffd612197d3c/build]   | 33 actionable tasks: 33 executed\n[3ad1ac71-28c1-4102-bc09-ffd612197d3c/build]   \u2705  Success - Main gradle build\n[3ad1ac71-28c1-4102-bc09-ffd612197d3c/build] \u2b50 Run Main gradle publish\n[3ad1ac71-28c1-4102-bc09-ffd612197d3c/build]   \ud83d\udc33  docker exec cmd=[bash --noprofile --norc -e -o pipefail /var/run/act/workflow/3] user= workdir=\n[3ad1ac71-28c1-4102-bc09-ffd612197d3c/build]   | > Task :buildSrc:generateExternalPluginSpecBuilders UP-TO-DATE\n[3ad1ac71-28c1-4102-bc09-ffd612197d3c/build]   | > Task :buildSrc:extractPrecompiledScriptPluginPlugins UP-TO-DATE\n[3ad1ac71-28c1-4102-bc09-ffd612197d3c/build]   | > Task :buildSrc:compilePluginsBlocks UP-TO-DATE\n[3ad1ac71-28c1-4102-bc09-ffd612197d3c/build]   | > Task :buildSrc:generatePrecompiledScriptPluginAccessors UP-TO-DATE\n[3ad1ac71-28c1-4102-bc09-ffd612197d3c/build]   | > Task :buildSrc:generateScriptPluginAdapters UP-TO-DATE\n[3ad1ac71-28c1-4102-bc09-ffd612197d3c/build]   | > Task :buildSrc:compileKotlin UP-TO-DATE\n[3ad1ac71-28c1-4102-bc09-ffd612197d3c/build]   | > Task :buildSrc:compileJava NO-SOURCE\n[3ad1ac71-28c1-4102-bc09-ffd612197d3c/build]   | > Task :buildSrc:compileGroovy NO-SOURCE\n[3ad1ac71-28c1-4102-bc09-ffd612197d3c/build]   | > Task :buildSrc:pluginDescriptors UP-TO-DATE\n[3ad1ac71-28c1-4102-bc09-ffd612197d3c/build]   | > Task :buildSrc:processResources UP-TO-DATE\n[3ad1ac71-28c1-4102-bc09-ffd612197d3c/build]   | > Task :buildSrc:classes UP-TO-DATE\n[3ad1ac71-28c1-4102-bc09-ffd612197d3c/build]   | > Task :buildSrc:inspectClassesForKotlinIC UP-TO-DATE\n[3ad1ac71-28c1-4102-bc09-ffd612197d3c/build]   | > Task :buildSrc:jar UP-TO-DATE\n[3ad1ac71-28c1-4102-bc09-ffd612197d3c/build]   | > Task :buildSrc:assemble UP-TO-DATE\n[3ad1ac71-28c1-4102-bc09-ffd612197d3c/build]   | > Task :buildSrc:compileTestKotlin NO-SOURCE\n[3ad1ac71-28c1-4102-bc09-ffd612197d3c/build]   | > Task :buildSrc:pluginUnderTestMetadata UP-TO-DATE\n[3ad1ac71-28c1-4102-bc09-ffd612197d3c/build]   | > Task :buildSrc:compileTestJava NO-SOURCE\n[3ad1ac71-28c1-4102-bc09-ffd612197d3c/build]   | > Task :buildSrc:compileTestGroovy NO-SOURCE\n[3ad1ac71-28c1-4102-bc09-ffd612197d3c/build]   | > Task :buildSrc:processTestResources NO-SOURCE\n[3ad1ac71-28c1-4102-bc09-ffd612197d3c/build]   | > Task :buildSrc:testClasses UP-TO-DATE\n[3ad1ac71-28c1-4102-bc09-ffd612197d3c/build]   | > Task :buildSrc:test NO-SOURCE\n[3ad1ac71-28c1-4102-bc09-ffd612197d3c/build]   | > Task :buildSrc:validatePlugins UP-TO-DATE\n[3ad1ac71-28c1-4102-bc09-ffd612197d3c/build]   | > Task :buildSrc:check UP-TO-DATE\n[3ad1ac71-28c1-4102-bc09-ffd612197d3c/build]   | > Task :buildSrc:build UP-TO-DATE\n[3ad1ac71-28c1-4102-bc09-ffd612197d3c/build]   | > Task :gui-menu-adapt-v1_17_R1:processResources NO-SOURCE\n[3ad1ac71-28c1-4102-bc09-ffd612197d3c/build]   | > Task :gui-item-skull-api:processResources NO-SOURCE\n[3ad1ac71-28c1-4102-bc09-ffd612197d3c/build]   | > Task :gui-menu-adapt-v1_19_R1:processResources NO-SOURCE\n[3ad1ac71-28c1-4102-bc09-ffd612197d3c/build]   | > Task :gui-menu-adapt-v1_16_R3:processResources NO-SOURCE\n[3ad1ac71-28c1-4102-bc09-ffd612197d3c/build]   | > Task :gui-menu-adapt-v1_8_R3:processResources NO-SOURCE\n[3ad1ac71-28c1-4102-bc09-ffd612197d3c/build]   | > Task :gui-item-api:compileJava UP-TO-DATE\n[3ad1ac71-28c1-4102-bc09-ffd612197d3c/build]   | > Task :gui-item-api:processResources NO-SOURCE\n[3ad1ac71-28c1-4102-bc09-ffd612197d3c/build]   | > Task :gui-item-api:classes UP-TO-DATE\n[3ad1ac71-28c1-4102-bc09-ffd612197d3c/build]   | > Task :gui-item-api:jar UP-TO-DATE\n[3ad1ac71-28c1-4102-bc09-ffd612197d3c/build]   | > Task :gui-menu-adapt-v1_8_R3:generatePomFileForMavenPublication\n[3ad1ac71-28c1-4102-bc09-ffd612197d3c/build]   | > Task :gui-menu-adapt-v1_16_R3:generatePomFileForMavenPublication\n[3ad1ac71-28c1-4102-bc09-ffd612197d3c/build]   | > Task :gui-menu-adapt-v1_17_R1:generatePomFileForMavenPublication\n[3ad1ac71-28c1-4102-bc09-ffd612197d3c/build]   | > Task :gui-menu-adapt-v1_19_R1:generatePomFileForMavenPublication\n[3ad1ac71-28c1-4102-bc09-ffd612197d3c/build]   | > Task :gui-menu-api:compileJava UP-TO-DATE\n[3ad1ac71-28c1-4102-bc09-ffd612197d3c/build]   | > Task :gui-menu-api:processResources NO-SOURCE\n[3ad1ac71-28c1-4102-bc09-ffd612197d3c/build]   | > Task :gui-menu-api:classes UP-TO-DATE\n[3ad1ac71-28c1-4102-bc09-ffd612197d3c/build]   | > Task :gui-menu-api:jar UP-TO-DATE\n[3ad1ac71-28c1-4102-bc09-ffd612197d3c/build]   | > Task :gui-menu-adapt-v1_17_R1:compileJava UP-TO-DATE\n[3ad1ac71-28c1-4102-bc09-ffd612197d3c/build]   | > Task :gui-menu-adapt-v1_17_R1:classes UP-TO-DATE\n[3ad1ac71-28c1-4102-bc09-ffd612197d3c/build]   | > Task :gui-menu-adapt-v1_17_R1:jar UP-TO-DATE\n[3ad1ac71-28c1-4102-bc09-ffd612197d3c/build]   | > Task :gui-item-skull-api:compileJava UP-TO-DATE\n[3ad1ac71-28c1-4102-bc09-ffd612197d3c/build]   | > Task :gui-menu-adapt-v1_8_R3:compileJava UP-TO-DATE\n[3ad1ac71-28c1-4102-bc09-ffd612197d3c/build]   | > Task :gui-item-skull-api:classes UP-TO-DATE\n[3ad1ac71-28c1-4102-bc09-ffd612197d3c/build]   | > Task :gui-menu-adapt-v1_8_R3:classes UP-TO-DATE\n[3ad1ac71-28c1-4102-bc09-ffd612197d3c/build]   | > Task :gui-item-skull-api:jar UP-TO-DATE\n[3ad1ac71-28c1-4102-bc09-ffd612197d3c/build]   | > Task :gui-item-api:generateMetadataFileForMavenPublication\n[3ad1ac71-28c1-4102-bc09-ffd612197d3c/build]   | > Task :gui-menu-api:generateMetadataFileForMavenPublication\n[3ad1ac71-28c1-4102-bc09-ffd612197d3c/build]   | > Task :gui-menu-adapt-v1_17_R1:generateMetadataFileForMavenPublication\n[3ad1ac71-28c1-4102-bc09-ffd612197d3c/build]   | > Task :gui-item-api:generatePomFileForMavenPublication\n[3ad1ac71-28c1-4102-bc09-ffd612197d3c/build]   | > Task :gui-menu-adapt-v1_8_R3:jar UP-TO-DATE\n[3ad1ac71-28c1-4102-bc09-ffd612197d3c/build]   | > Task :gui-item-skull-api:generateMetadataFileForMavenPublication\n[3ad1ac71-28c1-4102-bc09-ffd612197d3c/build]   | > Task :gui-menu-adapt-v1_16_R3:compileJava UP-TO-DATE\n[3ad1ac71-28c1-4102-bc09-ffd612197d3c/build]   | > Task :gui-menu-api:generatePomFileForMavenPublication\n[3ad1ac71-28c1-4102-bc09-ffd612197d3c/build]   | > Task :gui-menu-adapt-v1_16_R3:classes UP-TO-DATE\n[3ad1ac71-28c1-4102-bc09-ffd612197d3c/build]   | > Task :gui-item-skull-api:generatePomFileForMavenPublication\n[3ad1ac71-28c1-4102-bc09-ffd612197d3c/build]   | > Task :gui-menu-adapt-v1_8_R3:generateMetadataFileForMavenPublication\n[3ad1ac71-28c1-4102-bc09-ffd612197d3c/build]   | > Task :gui-menu-adapt-v1_16_R3:jar UP-TO-DATE\n[3ad1ac71-28c1-4102-bc09-ffd612197d3c/build]   | > Task :gui-menu-adapt-v1_16_R3:generateMetadataFileForMavenPublication\n[3ad1ac71-28c1-4102-bc09-ffd612197d3c/build]   | > Task :gui-menu-adapt-v1_18_R2:compileJava UP-TO-DATE\n[3ad1ac71-28c1-4102-bc09-ffd612197d3c/build]   | > Task :gui-menu-adapt-v1_18_R2:processResources NO-SOURCE\n[3ad1ac71-28c1-4102-bc09-ffd612197d3c/build]   | > Task :gui-menu-adapt-v1_18_R2:classes UP-TO-DATE\n[3ad1ac71-28c1-4102-bc09-ffd612197d3c/build]   | > Task :gui-menu-adapt-v1_18_R2:jar UP-TO-DATE\n[3ad1ac71-28c1-4102-bc09-ffd612197d3c/build]   | > Task :gui-menu-adapt-v1_18_R2:generateMetadataFileForMavenPublication\n[3ad1ac71-28c1-4102-bc09-ffd612197d3c/build]   | > Task :gui-menu-adapt-v1_18_R2:generatePomFileForMavenPublication\n[3ad1ac71-28c1-4102-bc09-ffd612197d3c/build]   | > Task :gui-menu-adapt-v1_19_R1:compileJava UP-TO-DATE\n[3ad1ac71-28c1-4102-bc09-ffd612197d3c/build]   | > Task :gui-menu-adapt-v1_19_R1:classes UP-TO-DATE\n[3ad1ac71-28c1-4102-bc09-ffd612197d3c/build]   | > Task :gui-menu-adapt-v1_19_R1:jar UP-TO-DATE\n[3ad1ac71-28c1-4102-bc09-ffd612197d3c/build]   | > Task :gui-menu-adapt-v1_19_R1:generateMetadataFileForMavenPublication\n[3ad1ac71-28c1-4102-bc09-ffd612197d3c/build]   | > Task :gui-menu-adapt-v1_18_R2:publishMavenPublicationToMavenRepository FAILED\n[3ad1ac71-28c1-4102-bc09-ffd612197d3c/build]   | > Task :gui-item-api:publishMavenPublicationToMavenRepository FAILED\n[3ad1ac71-28c1-4102-bc09-ffd612197d3c/build]   | > Task :gui-menu-adapt-v1_16_R3:publishMavenPublicationToMavenRepository FAILED\n[3ad1ac71-28c1-4102-bc09-ffd612197d3c/build]   | > Task :gui-menu-adapt-v1_17_R1:publishMavenPublicationToMavenRepository FAILED\n[3ad1ac71-28c1-4102-bc09-ffd612197d3c/build]   | > Task :gui-menu-adapt-v1_19_R1:publishMavenPublicationToMavenRepository FAILED\n[3ad1ac71-28c1-4102-bc09-ffd612197d3c/build]   | > Task :gui-menu-api:publishMavenPublicationToMavenRepository FAILED\n[3ad1ac71-28c1-4102-bc09-ffd612197d3c/build]   | > Task :gui-item-skull-api:publishMavenPublicationToMavenRepository FAILED\n[3ad1ac71-28c1-4102-bc09-ffd612197d3c/build]   | > Task :gui-menu-adapt-v1_8_R3:publishMavenPublicationToMavenRepository FAILED\n[3ad1ac71-28c1-4102-bc09-ffd612197d3c/build]   | \n[3ad1ac71-28c1-4102-bc09-ffd612197d3c/build]   | FAILURE: Build completed with 8 failures.\n[3ad1ac71-28c1-4102-bc09-ffd612197d3c/build]   | \n[3ad1ac71-28c1-4102-bc09-ffd612197d3c/build]   | 1: Task failed with an exception.\n[3ad1ac71-28c1-4102-bc09-ffd612197d3c/build]   | -----------\n[3ad1ac71-28c1-4102-bc09-ffd612197d3c/build]   | * What went wrong:\n[3ad1ac71-28c1-4102-bc09-ffd612197d3c/build]   | Execution failed for task ':gui-menu-adapt-v1_18_R2:publishMavenPublicationToMavenRepository'.\n[3ad1ac71-28c1-4102-bc09-ffd612197d3c/build]   | > Failed to publish publication 'maven' to repository 'maven'\n[3ad1ac71-28c1-4102-bc09-ffd612197d3c/build]   |    > Could not PUT 'https://repo.unnamed.team/repository/unnamed-snapshots/team/unnamed/gui-menu-adapt-v1_18_R2/3.4.0-SNAPSHOT/maven-metadata.xml'. Received status code 401 from server: Unauthorized\n[3ad1ac71-28c1-4102-bc09-ffd612197d3c/build]   | \n[3ad1ac71-28c1-4102-bc09-ffd612197d3c/build]   | * Try:\n[3ad1ac71-28c1-4102-bc09-ffd612197d3c/build]   | > Run with --stacktrace option to get the stack trace.\n[3ad1ac71-28c1-4102-bc09-ffd612197d3c/build]   | > Run with --info or --debug option to get more log output.\n[3ad1ac71-28c1-4102-bc09-ffd612197d3c/build]   | > Run with --scan to get full insights.\n[3ad1ac71-28c1-4102-bc09-ffd612197d3c/build]   | ==============================================================================\n[3ad1ac71-28c1-4102-bc09-ffd612197d3c/build]   | \n[3ad1ac71-28c1-4102-bc09-ffd612197d3c/build]   | 2: Task failed with an exception.\n[3ad1ac71-28c1-4102-bc09-ffd612197d3c/build]   | -----------\n[3ad1ac71-28c1-4102-bc09-ffd612197d3c/build]   | * What went wrong:\n[3ad1ac71-28c1-4102-bc09-ffd612197d3c/build]   | Execution failed for task ':gui-item-api:publishMavenPublicationToMavenRepository'.\n[3ad1ac71-28c1-4102-bc09-ffd612197d3c/build]   | > Failed to publish publication 'maven' to repository 'maven'\n[3ad1ac71-28c1-4102-bc09-ffd612197d3c/build]   |    > Could not PUT 'https://repo.unnamed.team/repository/unnamed-snapshots/team/unnamed/gui-item-api/3.4.0-SNAPSHOT/maven-metadata.xml'. Received status code 401 from server: Unauthorized\n[3ad1ac71-28c1-4102-bc09-ffd612197d3c/build]   | \n[3ad1ac71-28c1-4102-bc09-ffd612197d3c/build]   | * Try:\n[3ad1ac71-28c1-4102-bc09-ffd612197d3c/build]   | > Run with --stacktrace option to get the stack trace.\n[3ad1ac71-28c1-4102-bc09-ffd612197d3c/build]   | > Run with --info or --debug option to get more log output.\n[3ad1ac71-28c1-4102-bc09-ffd612197d3c/build]   | > Run with --scan to get full insights.\n[3ad1ac71-28c1-4102-bc09-ffd612197d3c/build]   | ==============================================================================\n[3ad1ac71-28c1-4102-bc09-ffd612197d3c/build]   | \n[3ad1ac71-28c1-4102-bc09-ffd612197d3c/build]   | 3: Task failed with an exception.\n[3ad1ac71-28c1-4102-bc09-ffd612197d3c/build]   | -----------\n[3ad1ac71-28c1-4102-bc09-ffd612197d3c/build]   | * What went wrong:\n[3ad1ac71-28c1-4102-bc09-ffd612197d3c/build]   | Execution failed for task ':gui-menu-adapt-v1_16_R3:publishMavenPublicationToMavenRepository'.\n[3ad1ac71-28c1-4102-bc09-ffd612197d3c/build]   | > Failed to publish publication 'maven' to repository 'maven'\n[3ad1ac71-28c1-4102-bc09-ffd612197d3c/build]   |    > Could not PUT 'https://repo.unnamed.team/repository/unnamed-snapshots/team/unnamed/gui-menu-adapt-v1_16_R3/3.4.0-SNAPSHOT/maven-metadata.xml'. Received status code 401 from server: Unauthorized\n[3ad1ac71-28c1-4102-bc09-ffd612197d3c/build]   | \n[3ad1ac71-28c1-4102-bc09-ffd612197d3c/build]   | * Try:\n[3ad1ac71-28c1-4102-bc09-ffd612197d3c/build]   | > Run with --stacktrace option to get the stack trace.\n[3ad1ac71-28c1-4102-bc09-ffd612197d3c/build]   | > Run with --info or --debug option to get more log output.\n[3ad1ac71-28c1-4102-bc09-ffd612197d3c/build]   | > Run with --scan to get full insights.\n[3ad1ac71-28c1-4102-bc09-ffd612197d3c/build]   | ==============================================================================\n[3ad1ac71-28c1-4102-bc09-ffd612197d3c/build]   | \n[3ad1ac71-28c1-4102-bc09-ffd612197d3c/build]   | 4: Task failed with an exception.\n[3ad1ac71-28c1-4102-bc09-ffd612197d3c/build]   | -----------\n[3ad1ac71-28c1-4102-bc09-ffd612197d3c/build]   | * What went wrong:\n[3ad1ac71-28c1-4102-bc09-ffd612197d3c/build]   | Execution failed for task ':gui-menu-adapt-v1_17_R1:publishMavenPublicationToMavenRepository'.\n[3ad1ac71-28c1-4102-bc09-ffd612197d3c/build]   | > Failed to publish publication 'maven' to repository 'maven'\n[3ad1ac71-28c1-4102-bc09-ffd612197d3c/build]   |    > Could not PUT 'https://repo.unnamed.team/repository/unnamed-snapshots/team/unnamed/gui-menu-adapt-v1_17_R1/3.4.0-SNAPSHOT/maven-metadata.xml'. Received status code 401 from server: Unauthorized\n[3ad1ac71-28c1-4102-bc09-ffd612197d3c/build]   | \n[3ad1ac71-28c1-4102-bc09-ffd612197d3c/build]   | * Try:\n[3ad1ac71-28c1-4102-bc09-ffd612197d3c/build]   | > Run with --stacktrace option to get the stack trace.\n[3ad1ac71-28c1-4102-bc09-ffd612197d3c/build]   | > Run with --info or --debug option to get more log output.\n[3ad1ac71-28c1-4102-bc09-ffd612197d3c/build]   | > Run with --scan to get full insights.\n[3ad1ac71-28c1-4102-bc09-ffd612197d3c/build]   | ==============================================================================\n[3ad1ac71-28c1-4102-bc09-ffd612197d3c/build]   | \n[3ad1ac71-28c1-4102-bc09-ffd612197d3c/build]   | 5: Task failed with an exception.\n[3ad1ac71-28c1-4102-bc09-ffd612197d3c/build]   | -----------\n[3ad1ac71-28c1-4102-bc09-ffd612197d3c/build]   | * What went wrong:\n[3ad1ac71-28c1-4102-bc09-ffd612197d3c/build]   | Execution failed for task ':gui-menu-adapt-v1_19_R1:publishMavenPublicationToMavenRepository'.\n[3ad1ac71-28c1-4102-bc09-ffd612197d3c/build]   | > Failed to publish publication 'maven' to repository 'maven'\n[3ad1ac71-28c1-4102-bc09-ffd612197d3c/build]   |    > Could not PUT 'https://repo.unnamed.team/repository/unnamed-snapshots/team/unnamed/gui-menu-adapt-v1_19_R1/3.4.0-SNAPSHOT/maven-metadata.xml'. Received status code 401 from server: Unauthorized\n[3ad1ac71-28c1-4102-bc09-ffd612197d3c/build]   | \n[3ad1ac71-28c1-4102-bc09-ffd612197d3c/build]   | * Try:\n[3ad1ac71-28c1-4102-bc09-ffd612197d3c/build]   | > Run with --stacktrace option to get the stack trace.\n[3ad1ac71-28c1-4102-bc09-ffd612197d3c/build]   | > Run with --info or --debug option to get more log output.\n[3ad1ac71-28c1-4102-bc09-ffd612197d3c/build]   | > Run with --scan to get full insights.\n[3ad1ac71-28c1-4102-bc09-ffd612197d3c/build]   | ==============================================================================\n[3ad1ac71-28c1-4102-bc09-ffd612197d3c/build]   | \n[3ad1ac71-28c1-4102-bc09-ffd612197d3c/build]   | 6: Task failed with an exception.\n[3ad1ac71-28c1-4102-bc09-ffd612197d3c/build]   | -----------\n[3ad1ac71-28c1-4102-bc09-ffd612197d3c/build]   | * What went wrong:\n[3ad1ac71-28c1-4102-bc09-ffd612197d3c/build]   | Execution failed for task ':gui-menu-api:publishMavenPublicationToMavenRepository'.\n[3ad1ac71-28c1-4102-bc09-ffd612197d3c/build]   | > Failed to publish publication 'maven' to repository 'maven'\n[3ad1ac71-28c1-4102-bc09-ffd612197d3c/build]   |    > Could not PUT 'https://repo.unnamed.team/repository/unnamed-snapshots/team/unnamed/gui-menu-api/3.4.0-SNAPSHOT/maven-metadata.xml'. Received status code 401 from server: Unauthorized\n[3ad1ac71-28c1-4102-bc09-ffd612197d3c/build]   | \n[3ad1ac71-28c1-4102-bc09-ffd612197d3c/build]   | * Try:\n[3ad1ac71-28c1-4102-bc09-ffd612197d3c/build]   | > Run with --stacktrace option to get the stack trace.\n[3ad1ac71-28c1-4102-bc09-ffd612197d3c/build]   | > Run with --info or --debug option to get more log output.\n[3ad1ac71-28c1-4102-bc09-ffd612197d3c/build]   | > Run with --scan to get full insights.\n[3ad1ac71-28c1-4102-bc09-ffd612197d3c/build]   | ==============================================================================\n[3ad1ac71-28c1-4102-bc09-ffd612197d3c/build]   | \n[3ad1ac71-28c1-4102-bc09-ffd612197d3c/build]   | 7: Task failed with an exception.\n[3ad1ac71-28c1-4102-bc09-ffd612197d3c/build]   | -----------\n[3ad1ac71-28c1-4102-bc09-ffd612197d3c/build]   | * What went wrong:\n[3ad1ac71-28c1-4102-bc09-ffd612197d3c/build]   | Execution failed for task ':gui-item-skull-api:publishMavenPublicationToMavenRepository'.\n[3ad1ac71-28c1-4102-bc09-ffd612197d3c/build]   | > Failed to publish publication 'maven' to repository 'maven'\n[3ad1ac71-28c1-4102-bc09-ffd612197d3c/build]   |    > Could not PUT 'https://repo.unnamed.team/repository/unnamed-snapshots/team/unnamed/gui-item-skull-api/3.4.0-SNAPSHOT/maven-metadata.xml'. Received status code 401 from server: Unauthorized\n[3ad1ac71-28c1-4102-bc09-ffd612197d3c/build]   | \n[3ad1ac71-28c1-4102-bc09-ffd612197d3c/build]   | * Try:\n[3ad1ac71-28c1-4102-bc09-ffd612197d3c/build]   | > Run with --stacktrace option to get the stack trace.\n[3ad1ac71-28c1-4102-bc09-ffd612197d3c/build]   | > Run with --info or --debug option to get more log output.\n[3ad1ac71-28c1-4102-bc09-ffd612197d3c/build]   | > Run with --scan to get full insights.\n[3ad1ac71-28c1-4102-bc09-ffd612197d3c/build]   | ==============================================================================\n[3ad1ac71-28c1-4102-bc09-ffd612197d3c/build]   | \n[3ad1ac71-28c1-4102-bc09-ffd612197d3c/build]   | 8: Task failed with an exception.\n[3ad1ac71-28c1-4102-bc09-ffd612197d3c/build]   | -----------\n[3ad1ac71-28c1-4102-bc09-ffd612197d3c/build]   | * What went wrong:\n[3ad1ac71-28c1-4102-bc09-ffd612197d3c/build]   | Execution failed for task ':gui-menu-adapt-v1_8_R3:publishMavenPublicationToMavenRepository'.\n[3ad1ac71-28c1-4102-bc09-ffd612197d3c/build]   | > Failed to publish publication 'maven' to repository 'maven'\n[3ad1ac71-28c1-4102-bc09-ffd612197d3c/build]   |    > Could not PUT 'https://repo.unnamed.team/repository/unnamed-snapshots/team/unnamed/gui-menu-adapt-v1_8_R3/3.4.0-SNAPSHOT/maven-metadata.xml'. Received status code 401 from server: Unauthorized\n[3ad1ac71-28c1-4102-bc09-ffd612197d3c/build]   | \n[3ad1ac71-28c1-4102-bc09-ffd612197d3c/build]   | * Try:\n[3ad1ac71-28c1-4102-bc09-ffd612197d3c/build]   | > Run with --stacktrace option to get the stack trace.\n[3ad1ac71-28c1-4102-bc09-ffd612197d3c/build]   | > Run with --info or --debug option to get more log output.\n[3ad1ac71-28c1-4102-bc09-ffd612197d3c/build]   | > Run with --scan to get full insights.\n[3ad1ac71-28c1-4102-bc09-ffd612197d3c/build]   | ==============================================================================\n[3ad1ac71-28c1-4102-bc09-ffd612197d3c/build]   | \n[3ad1ac71-28c1-4102-bc09-ffd612197d3c/build]   | * Get more help at https://help.gradle.org\n[3ad1ac71-28c1-4102-bc09-ffd612197d3c/build]   | \n[3ad1ac71-28c1-4102-bc09-ffd612197d3c/build]   | BUILD FAILED in 4s\n[3ad1ac71-28c1-4102-bc09-ffd612197d3c/build]   | 52 actionable tasks: 24 executed, 28 up-to-date\n[3ad1ac71-28c1-4102-bc09-ffd612197d3c/build]   \u274c  Failure - Main gradle publish\n[3ad1ac71-28c1-4102-bc09-ffd612197d3c/build] exitcode '1': failure\n[3ad1ac71-28c1-4102-bc09-ffd612197d3c/build] \u2b50 Run Post setup JDK\n[3ad1ac71-28c1-4102-bc09-ffd612197d3c/build]   \ud83d\udc33  docker exec cmd=[node /var/run/act/actions/actions-setup-java@v1/dist/cleanup/index.js] user= workdir=\n[3ad1ac71-28c1-4102-bc09-ffd612197d3c/build]   \u2705  Success - Post setup JDK\n[3ad1ac71-28c1-4102-bc09-ffd612197d3c/build] \ud83c\udfc1  Job failed\n",
        "stderr": "Error: Job 'build' failed\n",
        "workflow": "/tmp/3d783ea4-1661-11ee-8a50-bb14de238602/pixeldev-org-gui/.github/workflows/build-crawler.yml",
        "build_tool": "gradle",
        "elapsed_time": 330.0360040664673
    }
}