{
    "repository": "pranavpandey/dynamic-utils",
    "stars": 99,
    "language": "java",
    "size": 2974,
    "clone_url": "https://github.com/pranavpandey/dynamic-utils.git",
    "timestamp": "2023-06-29T12:59:02.213216Z",
    "clone_success": true,
    "number_of_actions": 1,
    "number_of_test_actions": 1,
    "actions_successful": false,
    "actions_build_tools": [
        "gradle"
    ],
    "actions_test_build_tools": [
        "gradle"
    ],
    "actions_run": {
        "failed": true,
        "tests": [],
        "stdout": "[69333b20-2cf5-43fe-8369-6ba2d8c7e262/build] \ud83d\ude80  Start image=crawlergpt:latest\n[69333b20-2cf5-43fe-8369-6ba2d8c7e262/build]   \ud83d\udc33  docker pull image=crawlergpt:latest platform= username= forcePull=false\n[69333b20-2cf5-43fe-8369-6ba2d8c7e262/build]   \ud83d\udc33  docker create image=crawlergpt:latest platform= entrypoint=[\"tail\" \"-f\" \"/dev/null\"] cmd=[]\n[69333b20-2cf5-43fe-8369-6ba2d8c7e262/build]   \ud83d\udc33  docker run image=crawlergpt:latest platform= entrypoint=[\"tail\" \"-f\" \"/dev/null\"] cmd=[]\n[69333b20-2cf5-43fe-8369-6ba2d8c7e262/build]   \ud83d\udc33  docker exec cmd=[chown -R 1012:1013 /tmp/3d783ea4-1661-11ee-8a50-bb14de238602/pranavpandey-dynamic-utils] user=0 workdir=\n[69333b20-2cf5-43fe-8369-6ba2d8c7e262/build]   \u2601  git clone 'https://github.com/actions/setup-java' # ref=v3\n[69333b20-2cf5-43fe-8369-6ba2d8c7e262/build]   \u2601  git clone 'https://github.com/gradle/gradle-build-action' # ref=v2\n[69333b20-2cf5-43fe-8369-6ba2d8c7e262/build] \u2b50 Run Main Checkout\n[69333b20-2cf5-43fe-8369-6ba2d8c7e262/build]   \u2705  Success - Main Checkout\n[69333b20-2cf5-43fe-8369-6ba2d8c7e262/build] \u2b50 Run Main Setup JDK 17\n[69333b20-2cf5-43fe-8369-6ba2d8c7e262/build]   \ud83d\udc33  docker cp src=/tmp/act-cache/065ddf7c-e883-4111-be0a-bd80fb43cb0e/act/actions-setup-java@v3/ dst=/var/run/act/actions/actions-setup-java@v3/\n[69333b20-2cf5-43fe-8369-6ba2d8c7e262/build]   \ud83d\udc33  docker exec cmd=[chown -R 1012:1013 /var/run/act/actions/actions-setup-java@v3/] user=0 workdir=\n[69333b20-2cf5-43fe-8369-6ba2d8c7e262/build]   \ud83d\udc33  docker exec cmd=[node /var/run/act/actions/actions-setup-java@v3/dist/setup/index.js] user= workdir=\n[69333b20-2cf5-43fe-8369-6ba2d8c7e262/build]   \u2753  ::group::Installed distributions\n[69333b20-2cf5-43fe-8369-6ba2d8c7e262/build]   | Trying to resolve the latest version from remote\n[69333b20-2cf5-43fe-8369-6ba2d8c7e262/build]   \ud83d\udcac  ::debug::Gathering available versions from 'https://api.azul.com/zulu/download/community/v1.0/bundles/?os=linux&ext=tar.gz&bundle_type=jdk&javafx=false&arch=x86&hw_bitness=64&release_status=ga'\n[69333b20-2cf5-43fe-8369-6ba2d8c7e262/build]   | Resolved latest version as 17.0.7+7\n[69333b20-2cf5-43fe-8369-6ba2d8c7e262/build]   | Trying to download...\n[69333b20-2cf5-43fe-8369-6ba2d8c7e262/build]   | Downloading Java 17.0.7+7 (Zulu) from https://cdn.azul.com/zulu/bin/zulu17.42.21-ca-crac-jdk17.0.7-linux_x64.tar.gz ...\n[69333b20-2cf5-43fe-8369-6ba2d8c7e262/build]   \ud83d\udcac  ::debug::Downloading https://cdn.azul.com/zulu/bin/zulu17.42.21-ca-crac-jdk17.0.7-linux_x64.tar.gz\n[69333b20-2cf5-43fe-8369-6ba2d8c7e262/build]   \ud83d\udcac  ::debug::Destination /tmp/51aa3967-86e6-4fa9-aca3-0f17ebb4c5e9\n[69333b20-2cf5-43fe-8369-6ba2d8c7e262/build]   \ud83d\udcac  ::debug::download complete\n[69333b20-2cf5-43fe-8369-6ba2d8c7e262/build]   | Extracting Java archive...\n[69333b20-2cf5-43fe-8369-6ba2d8c7e262/build]   \ud83d\udcac  ::debug::Checking tar --version\n[69333b20-2cf5-43fe-8369-6ba2d8c7e262/build]   \ud83d\udcac  ::debug::tar (GNU tar) 1.30%0ACopyright (C) 2017 Free Software Foundation, Inc.%0ALicense GPLv3+: GNU GPL version 3 or later <https://gnu.org/licenses/gpl.html>.%0AThis is free software: you are free to change and redistribute it.%0AThere is NO WARRANTY, to the extent permitted by law.%0A%0AWritten by John Gilmore and Jay Fenlason.\n[69333b20-2cf5-43fe-8369-6ba2d8c7e262/build]   | [command]/usr/bin/tar xz --warning=no-unknown-keyword -C /tmp/2fc41b68-27f7-4c53-be60-861afa3fafa2 -f /tmp/51aa3967-86e6-4fa9-aca3-0f17ebb4c5e9\n[69333b20-2cf5-43fe-8369-6ba2d8c7e262/build]   \ud83d\udcac  ::debug::Caching tool Java_Zulu_jdk 17.0.7-7 x64\n[69333b20-2cf5-43fe-8369-6ba2d8c7e262/build]   \ud83d\udcac  ::debug::source dir: /tmp/2fc41b68-27f7-4c53-be60-861afa3fafa2/zulu17.42.21-ca-crac-jdk17.0.7-linux_x64\n[69333b20-2cf5-43fe-8369-6ba2d8c7e262/build]   \ud83d\udcac  ::debug::destination /opt/hostedtoolcache/Java_Zulu_jdk/17.0.7-7/x64\n[69333b20-2cf5-43fe-8369-6ba2d8c7e262/build]   \ud83d\udcac  ::debug::finished caching tool\n[69333b20-2cf5-43fe-8369-6ba2d8c7e262/build]   | Java 17.0.7+7 was downloaded\n[69333b20-2cf5-43fe-8369-6ba2d8c7e262/build]   | Setting Java 17.0.7+7 as the default\n[69333b20-2cf5-43fe-8369-6ba2d8c7e262/build]   | Creating toolchains.xml for JDK version 17 from zulu\n[69333b20-2cf5-43fe-8369-6ba2d8c7e262/build]   | Writing to /home/runneradmin/.m2/toolchains.xml\n[69333b20-2cf5-43fe-8369-6ba2d8c7e262/build]   | \n[69333b20-2cf5-43fe-8369-6ba2d8c7e262/build]   | Java configuration:\n[69333b20-2cf5-43fe-8369-6ba2d8c7e262/build]   |   Distribution: zulu\n[69333b20-2cf5-43fe-8369-6ba2d8c7e262/build]   |   Version: 17.0.7+7\n[69333b20-2cf5-43fe-8369-6ba2d8c7e262/build]   |   Path: /opt/hostedtoolcache/Java_Zulu_jdk/17.0.7-7/x64\n[69333b20-2cf5-43fe-8369-6ba2d8c7e262/build]   | \n[69333b20-2cf5-43fe-8369-6ba2d8c7e262/build]   \u2753  ::endgroup::\n[69333b20-2cf5-43fe-8369-6ba2d8c7e262/build]   \u2753 add-matcher /run/act/actions/actions-setup-java@v3/.github/java.json\n[69333b20-2cf5-43fe-8369-6ba2d8c7e262/build]   | Creating settings.xml with server-id: github\n[69333b20-2cf5-43fe-8369-6ba2d8c7e262/build]   | Writing to /home/runneradmin/.m2/settings.xml\n[69333b20-2cf5-43fe-8369-6ba2d8c7e262/build]   \u2705  Success - Main Setup JDK 17\n[69333b20-2cf5-43fe-8369-6ba2d8c7e262/build]   \u2699  ::set-env:: JAVA_HOME=/opt/hostedtoolcache/Java_Zulu_jdk/17.0.7-7/x64\n[69333b20-2cf5-43fe-8369-6ba2d8c7e262/build]   \u2699  ::set-env:: JAVA_HOME_17_X64=/opt/hostedtoolcache/Java_Zulu_jdk/17.0.7-7/x64\n[69333b20-2cf5-43fe-8369-6ba2d8c7e262/build]   \u2699  ::set-output:: distribution=Zulu\n[69333b20-2cf5-43fe-8369-6ba2d8c7e262/build]   \u2699  ::set-output:: path=/opt/hostedtoolcache/Java_Zulu_jdk/17.0.7-7/x64\n[69333b20-2cf5-43fe-8369-6ba2d8c7e262/build]   \u2699  ::set-output:: version=17.0.7+7\n[69333b20-2cf5-43fe-8369-6ba2d8c7e262/build]   \u2699  ::add-path:: /opt/hostedtoolcache/Java_Zulu_jdk/17.0.7-7/x64/bin\n[69333b20-2cf5-43fe-8369-6ba2d8c7e262/build] \u2b50 Run Main Setup Gradle\n[69333b20-2cf5-43fe-8369-6ba2d8c7e262/build]   \ud83d\udc33  docker cp src=/tmp/act-cache/065ddf7c-e883-4111-be0a-bd80fb43cb0e/act/gradle-gradle-build-action@v2/ dst=/var/run/act/actions/gradle-gradle-build-action@v2/\n[69333b20-2cf5-43fe-8369-6ba2d8c7e262/build]   \ud83d\udc33  docker exec cmd=[chown -R 1012:1013 /var/run/act/actions/gradle-gradle-build-action@v2/] user=0 workdir=\n[69333b20-2cf5-43fe-8369-6ba2d8c7e262/build]   \ud83d\udc33  docker exec cmd=[node /var/run/act/actions/gradle-gradle-build-action@v2/dist/main/index.js] user= workdir=\n[69333b20-2cf5-43fe-8369-6ba2d8c7e262/build]   \ud83d\udcac  ::debug::Determined user.home from java -version output: '/home/runneradmin'\n[69333b20-2cf5-43fe-8369-6ba2d8c7e262/build]   \u2753  ::group::Restore Gradle state from cache\n[69333b20-2cf5-43fe-8369-6ba2d8c7e262/build]   \ud83d\udcac  ::debug::Requesting Gradle User Home with%0A    key:v8-gradle|Linux|69333b20-2cf5-43fe-8369-6ba2d8c7e262-build[99914b932bd37a50b983c5e7c90ae93b]-0a10131282cae5e536feba4f4023a82b067ba364%0A    restoreKeys:[v8-gradle|Linux|69333b20-2cf5-43fe-8369-6ba2d8c7e262-build[99914b932bd37a50b983c5e7c90ae93b],v8-gradle|Linux|69333b20-2cf5-43fe-8369-6ba2d8c7e262-build,v8-gradle|Linux]\n[69333b20-2cf5-43fe-8369-6ba2d8c7e262/build]   \ud83d\udcac  ::debug::Using cache paths: /home/runneradmin/.gradle/caches,/home/runneradmin/.gradle/notifications,/home/runneradmin/.gradle/.gradle-build-action\n[69333b20-2cf5-43fe-8369-6ba2d8c7e262/build]   \ud83d\udcac  ::debug::Resolved Keys:\n[69333b20-2cf5-43fe-8369-6ba2d8c7e262/build]   \ud83d\udcac  ::debug::[\"v8-gradle|Linux|69333b20-2cf5-43fe-8369-6ba2d8c7e262-build[99914b932bd37a50b983c5e7c90ae93b]-0a10131282cae5e536feba4f4023a82b067ba364\",\"v8-gradle|Linux|69333b20-2cf5-43fe-8369-6ba2d8c7e262-build[99914b932bd37a50b983c5e7c90ae93b]\",\"v8-gradle|Linux|69333b20-2cf5-43fe-8369-6ba2d8c7e262-build\",\"v8-gradle|Linux\"]\n[69333b20-2cf5-43fe-8369-6ba2d8c7e262/build]   \ud83d\udcac  ::debug::Checking zstd --quiet --version\n[69333b20-2cf5-43fe-8369-6ba2d8c7e262/build]   \ud83d\udcac  ::debug::1.5.0\n[69333b20-2cf5-43fe-8369-6ba2d8c7e262/build]   \ud83d\udcac  ::debug::zstd version: 1.5.0\n[69333b20-2cf5-43fe-8369-6ba2d8c7e262/build]   \ud83d\udcac  ::debug::Resource Url: http://130.242.72.40:33081/_apis/artifactcache/cache?keys=v8-gradle%257CLinux%257C69333b20-2cf5-43fe-8369-6ba2d8c7e262-build%255B99914b932bd37a50b983c5e7c90ae93b%255D-0a10131282cae5e536feba4f4023a82b067ba364%252Cv8-gradle%257CLinux%257C69333b20-2cf5-43fe-8369-6ba2d8c7e262-build%255B99914b932bd37a50b983c5e7c90ae93b%255D%252Cv8-gradle%257CLinux%257C69333b20-2cf5-43fe-8369-6ba2d8c7e262-build%252Cv8-gradle%257CLinux&version=7e0f66437efb161be47bb1072c6fc17ab6d53d5793ce4732de3c3ce29c5348a5\n[69333b20-2cf5-43fe-8369-6ba2d8c7e262/build]   \ud83d\udcac  ::debug::Failed to delete archive: Error: ENOENT: no such file or directory, unlink ''\n[69333b20-2cf5-43fe-8369-6ba2d8c7e262/build]   | Gradle User Home cache not found. Will initialize empty.\n[69333b20-2cf5-43fe-8369-6ba2d8c7e262/build]   \u2753  ::endgroup::\n[69333b20-2cf5-43fe-8369-6ba2d8c7e262/build]   \u2705  Success - Main Setup Gradle\n[69333b20-2cf5-43fe-8369-6ba2d8c7e262/build]   \u2699  ::set-env:: GRADLE_BUILD_ACTION_SETUP_COMPLETED=true\n[69333b20-2cf5-43fe-8369-6ba2d8c7e262/build]   \u2699  ::set-env:: GRADLE_BUILD_ACTION_CACHE_RESTORED=true\n[69333b20-2cf5-43fe-8369-6ba2d8c7e262/build] \u2b50 Run Main Build with Gradle\n[69333b20-2cf5-43fe-8369-6ba2d8c7e262/build]   \ud83d\udc33  docker exec cmd=[bash --noprofile --norc -e -o pipefail /var/run/act/workflow/3] user= workdir=\n[69333b20-2cf5-43fe-8369-6ba2d8c7e262/build]   | Downloading https://services.gradle.org/distributions/gradle-8.0-bin.zip\n[69333b20-2cf5-43fe-8369-6ba2d8c7e262/build]   | .............................................................................................................................................................................................................................................................................................................................................................................................................................................................................................................................................................................................................................................................................................................................................................................................................................................................................................................................................................................................................................................................................................................................................................................................................................................................................................................................................................................................................................................................................................................................................................................................................................................................................................................................................................................................................................................................................................................................................................................................................................................................................................................................................................................................................................................................................................................................................................................................................................................................................................................................................................................................................................................................................................................................................................................................................................................................................................................................................................................................................................................................................................................................................................................................................................................................................................................................................................................................................................................................................................................................................................................................................................................................................................................................................................................................................................................................................................................................................................................................................................................................................................................................................................................................................................................................................................................................................................................................................................................................................................................................................................................................................................................................................................................................................................................................................................................................................................................................................................................................................................................................................................................................................................................................................................................................................................................................................................................................................................................................................................................................................................................................................................................................................................................................................................................................................................................................................................................................................................................................................................................................................................................................................................................................................................................................................................................................................................................................................................................................\n[69333b20-2cf5-43fe-8369-6ba2d8c7e262/build]   | Unzipping /home/runneradmin/.gradle/wrapper/dists/gradle-8.0-bin/ca5e32bp14vu59qr306oxotwh/gradle-8.0-bin.zip to /home/runneradmin/.gradle/wrapper/dists/gradle-8.0-bin/ca5e32bp14vu59qr306oxotwh\n[69333b20-2cf5-43fe-8369-6ba2d8c7e262/build]   | Set executable permissions for: /home/runneradmin/.gradle/wrapper/dists/gradle-8.0-bin/ca5e32bp14vu59qr306oxotwh/gradle-8.0/bin/gradle\n[69333b20-2cf5-43fe-8369-6ba2d8c7e262/build]   | \n[69333b20-2cf5-43fe-8369-6ba2d8c7e262/build]   | Welcome to Gradle 8.0!\n[69333b20-2cf5-43fe-8369-6ba2d8c7e262/build]   | \n[69333b20-2cf5-43fe-8369-6ba2d8c7e262/build]   | For more details see https://docs.gradle.org/8.0/release-notes.html\n[69333b20-2cf5-43fe-8369-6ba2d8c7e262/build]   | \n[69333b20-2cf5-43fe-8369-6ba2d8c7e262/build]   | Starting a Gradle Daemon (subsequent builds will be faster)\n[69333b20-2cf5-43fe-8369-6ba2d8c7e262/build]   | \n[69333b20-2cf5-43fe-8369-6ba2d8c7e262/build]   | FAILURE: Build failed with an exception.\n[69333b20-2cf5-43fe-8369-6ba2d8c7e262/build]   | \n[69333b20-2cf5-43fe-8369-6ba2d8c7e262/build]   | * What went wrong:\n[69333b20-2cf5-43fe-8369-6ba2d8c7e262/build]   | Could not determine the dependencies of task ':dynamic-utils:extractDebugAnnotations'.\n[69333b20-2cf5-43fe-8369-6ba2d8c7e262/build]   | > SDK location not found. Define a valid SDK location with an ANDROID_HOME environment variable or by setting the sdk.dir path in your project's local properties file at '/tmp/3d783ea4-1661-11ee-8a50-bb14de238602/pranavpandey-dynamic-utils/local.properties'.\n[69333b20-2cf5-43fe-8369-6ba2d8c7e262/build]   | \n[69333b20-2cf5-43fe-8369-6ba2d8c7e262/build]   | * Try:\n[69333b20-2cf5-43fe-8369-6ba2d8c7e262/build]   | > Run with --stacktrace option to get the stack trace.\n[69333b20-2cf5-43fe-8369-6ba2d8c7e262/build]   | > Run with --info or --debug option to get more log output.\n[69333b20-2cf5-43fe-8369-6ba2d8c7e262/build]   | > Run with \n[69333b20-2cf5-43fe-8369-6ba2d8c7e262/build]   | --scan to get full insights.\n[69333b20-2cf5-43fe-8369-6ba2d8c7e262/build]   | \n[69333b20-2cf5-43fe-8369-6ba2d8c7e262/build]   | * Get more help at https://help.gradle.org\n[69333b20-2cf5-43fe-8369-6ba2d8c7e262/build]   | Deprecated Gradle features were used in this build, making it incompatible with Gradle 9.0.\n[69333b20-2cf5-43fe-8369-6ba2d8c7e262/build]   | \n[69333b20-2cf5-43fe-8369-6ba2d8c7e262/build]   | You can use '--warning-mode all' to show the individual deprecation warnings and determine if they come from your own scripts or plugins.\n[69333b20-2cf5-43fe-8369-6ba2d8c7e262/build]   | \n[69333b20-2cf5-43fe-8369-6ba2d8c7e262/build]   | See https://docs.gradle.org/8.0/userguide/command_line_interface.html#sec:command_line_warnings\n[69333b20-2cf5-43fe-8369-6ba2d8c7e262/build]   | \n[69333b20-2cf5-43fe-8369-6ba2d8c7e262/build]   | BUILD FAILED in 42s\n[69333b20-2cf5-43fe-8369-6ba2d8c7e262/build]   \u274c  Failure - Main Build with Gradle\n[69333b20-2cf5-43fe-8369-6ba2d8c7e262/build] exitcode '1': failure\n[69333b20-2cf5-43fe-8369-6ba2d8c7e262/build] \u2b50 Run Post Setup Gradle\n[69333b20-2cf5-43fe-8369-6ba2d8c7e262/build]   \ud83d\udc33  docker exec cmd=[node /var/run/act/actions/gradle-gradle-build-action@v2/dist/post/index.js] user= workdir=\n[69333b20-2cf5-43fe-8369-6ba2d8c7e262/build]   | In final post-action step, saving state and writing summary\n[69333b20-2cf5-43fe-8369-6ba2d8c7e262/build]   | Cache is read-only: will not save state for use in subsequent builds.\n[69333b20-2cf5-43fe-8369-6ba2d8c7e262/build]   | Writing job summary\n[69333b20-2cf5-43fe-8369-6ba2d8c7e262/build]   \ud83d\udcac  ::debug::No Gradle build results found. Summary table will not be generated.\n[69333b20-2cf5-43fe-8369-6ba2d8c7e262/build]   \u2705  Success - Post Setup Gradle\n[69333b20-2cf5-43fe-8369-6ba2d8c7e262/build] \u2b50 Run Post Setup JDK 17\n[69333b20-2cf5-43fe-8369-6ba2d8c7e262/build]   \ud83d\udc33  docker exec cmd=[node /var/run/act/actions/actions-setup-java@v3/dist/cleanup/index.js] user= workdir=\n[69333b20-2cf5-43fe-8369-6ba2d8c7e262/build]   \u2705  Success - Post Setup JDK 17\n[69333b20-2cf5-43fe-8369-6ba2d8c7e262/build] \ud83c\udfc1  Job failed\n",
        "stderr": "Error: Job 'build' failed\n",
        "workflow": "/tmp/3d783ea4-1661-11ee-8a50-bb14de238602/pranavpandey-dynamic-utils/.github/workflows/build-crawler.yml",
        "build_tool": "gradle",
        "elapsed_time": 173.8873963356018
    }
}