{
    "repository": "rieckpil/testing-spring-boot-applications-masterclass",
    "stars": 226,
    "language": "java",
    "size": 8592,
    "clone_url": "https://github.com/rieckpil/testing-spring-boot-applications-masterclass.git",
    "timestamp": "2023-06-29T14:35:00.537864Z",
    "clone_success": true,
    "number_of_actions": 3,
    "number_of_test_actions": 1,
    "actions_successful": false,
    "actions_build_tools": [
        "unknown",
        "maven",
        "maven"
    ],
    "actions_test_build_tools": [
        "maven"
    ],
    "actions_run": {
        "failed": true,
        "tests": [],
        "stdout": "[a1e2476a-48b2-4536-8e86-a8f37a253094/Build Application] \ud83d\ude80  Start image=crawlergpt:latest\n[a1e2476a-48b2-4536-8e86-a8f37a253094/Build Application]   \ud83d\udc33  docker pull image=crawlergpt:latest platform= username= forcePull=false\n[a1e2476a-48b2-4536-8e86-a8f37a253094/Build Application]   \ud83d\udc33  docker create image=crawlergpt:latest platform= entrypoint=[\"tail\" \"-f\" \"/dev/null\"] cmd=[]\n[a1e2476a-48b2-4536-8e86-a8f37a253094/Build Application]   \ud83d\udc33  docker run image=crawlergpt:latest platform= entrypoint=[\"tail\" \"-f\" \"/dev/null\"] cmd=[]\n[a1e2476a-48b2-4536-8e86-a8f37a253094/Build Application]   \ud83d\udc33  docker exec cmd=[chown -R 1012:1013 /tmp/3d783ea4-1661-11ee-8a50-bb14de238602/rieckpil-testing-spring-boot-applications-masterclass] user=0 workdir=\n[a1e2476a-48b2-4536-8e86-a8f37a253094/Build Application]   \u2601  git clone 'https://github.com/actions/setup-java' # ref=v3\n[a1e2476a-48b2-4536-8e86-a8f37a253094/Build Application]   \u2601  git clone 'https://github.com/actions/setup-node' # ref=v3\n[a1e2476a-48b2-4536-8e86-a8f37a253094/Build Application]   \u2601  git clone 'https://github.com/nick-fields/retry' # ref=v2\n[a1e2476a-48b2-4536-8e86-a8f37a253094/Build Application]   \u2601  git clone 'https://github.com/atomicjar/testcontainers-cloud-setup-action' # ref=v1\n[a1e2476a-48b2-4536-8e86-a8f37a253094/Build Application] \u2b50 Run Pre Setup Testcontainers Cloud client\n[a1e2476a-48b2-4536-8e86-a8f37a253094/Build Application]   \u2705  Success - Pre Setup Testcontainers Cloud client\n[a1e2476a-48b2-4536-8e86-a8f37a253094/Build Application]   \u2601  git clone 'https://github.com/actions/upload-artifact' # ref=v3\n[a1e2476a-48b2-4536-8e86-a8f37a253094/Build Application]   \u2601  git clone 'https://github.com/actions/upload-artifact' # ref=v3\n[a1e2476a-48b2-4536-8e86-a8f37a253094/Build Application]   \u2601  git clone 'https://github.com/actions/checkout' # ref=v2\n[a1e2476a-48b2-4536-8e86-a8f37a253094/Build Application]   \u2601  git clone 'https://github.com/simple-elf/allure-report-action' # ref=master\n[a1e2476a-48b2-4536-8e86-a8f37a253094/Build Application]   \u2601  git clone 'https://github.com/peaceiris/actions-gh-pages' # ref=v2\n[a1e2476a-48b2-4536-8e86-a8f37a253094/Build Application] \u2b50 Run Main Checkout Code\n[a1e2476a-48b2-4536-8e86-a8f37a253094/Build Application]   \u2705  Success - Main Checkout Code\n[a1e2476a-48b2-4536-8e86-a8f37a253094/Build Application] \u2b50 Run Main Setup for JDK 17\n[a1e2476a-48b2-4536-8e86-a8f37a253094/Build Application]   \ud83d\udc33  docker cp src=/tmp/act-cache/5df0f1f5-cb31-470d-b401-d234db520c60/act/actions-setup-java@v3/ dst=/var/run/act/actions/actions-setup-java@v3/\n[a1e2476a-48b2-4536-8e86-a8f37a253094/Build Application]   \ud83d\udc33  docker exec cmd=[chown -R 1012:1013 /var/run/act/actions/actions-setup-java@v3/] user=0 workdir=\n[a1e2476a-48b2-4536-8e86-a8f37a253094/Build Application]   \ud83d\udc33  docker exec cmd=[node /var/run/act/actions/actions-setup-java@v3/dist/setup/index.js] user= workdir=\n[a1e2476a-48b2-4536-8e86-a8f37a253094/Build Application]   \u2753  ::group::Installed distributions\n[a1e2476a-48b2-4536-8e86-a8f37a253094/Build Application]   | Trying to resolve the latest version from remote\n[a1e2476a-48b2-4536-8e86-a8f37a253094/Build Application]   | Resolved latest version as 17.0.7+7\n[a1e2476a-48b2-4536-8e86-a8f37a253094/Build Application]   | Trying to download...\n[a1e2476a-48b2-4536-8e86-a8f37a253094/Build Application]   | Downloading Java 17.0.7+7 (Temurin-Hotspot) from https://github.com/adoptium/temurin17-binaries/releases/download/jdk-17.0.7%2B7/OpenJDK17U-jdk_x64_linux_hotspot_17.0.7_7.tar.gz ...\n[a1e2476a-48b2-4536-8e86-a8f37a253094/Build Application]   \ud83d\udcac  ::debug::Downloading https://github.com/adoptium/temurin17-binaries/releases/download/jdk-17.0.7%252B7/OpenJDK17U-jdk_x64_linux_hotspot_17.0.7_7.tar.gz\n[a1e2476a-48b2-4536-8e86-a8f37a253094/Build Application]   \ud83d\udcac  ::debug::Destination /tmp/90ff6681-00fb-475f-bade-6cf197d52417\n[a1e2476a-48b2-4536-8e86-a8f37a253094/Build Application]   \ud83d\udcac  ::debug::download complete\n[a1e2476a-48b2-4536-8e86-a8f37a253094/Build Application]   | Extracting Java archive...\n[a1e2476a-48b2-4536-8e86-a8f37a253094/Build Application]   \ud83d\udcac  ::debug::Checking tar --version\n[a1e2476a-48b2-4536-8e86-a8f37a253094/Build Application]   \ud83d\udcac  ::debug::tar (GNU tar) 1.30%0ACopyright (C) 2017 Free Software Foundation, Inc.%0ALicense GPLv3+: GNU GPL version 3 or later <https://gnu.org/licenses/gpl.html>.%0AThis is free software: you are free to change and redistribute it.%0AThere is NO WARRANTY, to the extent permitted by law.%0A%0AWritten by John Gilmore and Jay Fenlason.\n[a1e2476a-48b2-4536-8e86-a8f37a253094/Build Application]   | [command]/usr/bin/tar xz --warning=no-unknown-keyword -C /tmp/f969697e-557a-4807-8538-b19d64628011 -f /tmp/90ff6681-00fb-475f-bade-6cf197d52417\n[a1e2476a-48b2-4536-8e86-a8f37a253094/Build Application]   \ud83d\udcac  ::debug::Caching tool Java_Temurin-Hotspot_jdk 17.0.7-7 x64\n[a1e2476a-48b2-4536-8e86-a8f37a253094/Build Application]   \ud83d\udcac  ::debug::source dir: /tmp/f969697e-557a-4807-8538-b19d64628011/jdk-17.0.7+7\n[a1e2476a-48b2-4536-8e86-a8f37a253094/Build Application]   \ud83d\udcac  ::debug::destination /opt/hostedtoolcache/Java_Temurin-Hotspot_jdk/17.0.7-7/x64\n[a1e2476a-48b2-4536-8e86-a8f37a253094/Build Application]   \ud83d\udcac  ::debug::finished caching tool\n[a1e2476a-48b2-4536-8e86-a8f37a253094/Build Application]   | Java 17.0.7+7 was downloaded\n[a1e2476a-48b2-4536-8e86-a8f37a253094/Build Application]   | Setting Java 17.0.7+7 as the default\n[a1e2476a-48b2-4536-8e86-a8f37a253094/Build Application]   | Creating toolchains.xml for JDK version 17 from temurin\n[a1e2476a-48b2-4536-8e86-a8f37a253094/Build Application]   | Writing to /home/runneradmin/.m2/toolchains.xml\n[a1e2476a-48b2-4536-8e86-a8f37a253094/Build Application]   | \n[a1e2476a-48b2-4536-8e86-a8f37a253094/Build Application]   | Java configuration:\n[a1e2476a-48b2-4536-8e86-a8f37a253094/Build Application]   |   Distribution: temurin\n[a1e2476a-48b2-4536-8e86-a8f37a253094/Build Application]   |   Version: 17.0.7+7\n[a1e2476a-48b2-4536-8e86-a8f37a253094/Build Application]   |   Path: /opt/hostedtoolcache/Java_Temurin-Hotspot_jdk/17.0.7-7/x64\n[a1e2476a-48b2-4536-8e86-a8f37a253094/Build Application]   | \n[a1e2476a-48b2-4536-8e86-a8f37a253094/Build Application]   \u2753  ::endgroup::\n[a1e2476a-48b2-4536-8e86-a8f37a253094/Build Application]   \u2753 add-matcher /run/act/actions/actions-setup-java@v3/.github/java.json\n[a1e2476a-48b2-4536-8e86-a8f37a253094/Build Application]   | Creating settings.xml with server-id: github\n[a1e2476a-48b2-4536-8e86-a8f37a253094/Build Application]   | Writing to /home/runneradmin/.m2/settings.xml\n[a1e2476a-48b2-4536-8e86-a8f37a253094/Build Application]   \ud83d\udcac  ::debug::followSymbolicLinks 'true'\n[a1e2476a-48b2-4536-8e86-a8f37a253094/Build Application]   \ud83d\udcac  ::debug::followSymbolicLinks 'true'\n[a1e2476a-48b2-4536-8e86-a8f37a253094/Build Application]   \ud83d\udcac  ::debug::implicitDescendants 'true'\n[a1e2476a-48b2-4536-8e86-a8f37a253094/Build Application]   \ud83d\udcac  ::debug::matchDirectories 'true'\n[a1e2476a-48b2-4536-8e86-a8f37a253094/Build Application]   \ud83d\udcac  ::debug::omitBrokenSymbolicLinks 'true'\n[a1e2476a-48b2-4536-8e86-a8f37a253094/Build Application]   \ud83d\udcac  ::debug::Search path '/tmp/3d783ea4-1661-11ee-8a50-bb14de238602/rieckpil-testing-spring-boot-applications-masterclass'\n[a1e2476a-48b2-4536-8e86-a8f37a253094/Build Application]   \ud83d\udcac  ::debug::/tmp/3d783ea4-1661-11ee-8a50-bb14de238602/rieckpil-testing-spring-boot-applications-masterclass/pom.xml\n[a1e2476a-48b2-4536-8e86-a8f37a253094/Build Application]   \ud83d\udcac  ::debug::Found 1 files to hash.\n[a1e2476a-48b2-4536-8e86-a8f37a253094/Build Application]   \ud83d\udcac  ::debug::primary key is setup-java-Linux-maven-2f0f066911f00c3ea2724b748435c7d3866e57ecc7aa7c9bea4d533844c21293\n[a1e2476a-48b2-4536-8e86-a8f37a253094/Build Application]   \ud83d\udcac  ::debug::Resolved Keys:\n[a1e2476a-48b2-4536-8e86-a8f37a253094/Build Application]   \ud83d\udcac  ::debug::[\"setup-java-Linux-maven-2f0f066911f00c3ea2724b748435c7d3866e57ecc7aa7c9bea4d533844c21293\"]\n[a1e2476a-48b2-4536-8e86-a8f37a253094/Build Application]   \ud83d\udcac  ::debug::Checking zstd --version\n[a1e2476a-48b2-4536-8e86-a8f37a253094/Build Application]   \ud83d\udcac  ::debug::*** zstd command line interface 64-bits v1.5.0, by Yann Collet ***\n[a1e2476a-48b2-4536-8e86-a8f37a253094/Build Application]   \ud83d\udcac  ::debug::Resource Url: http://130.242.72.40:34759/_apis/artifactcache/cache?keys=setup-java-Linux-maven-2f0f066911f00c3ea2724b748435c7d3866e57ecc7aa7c9bea4d533844c21293&version=cf689304ceab961b43dfb969452ae56d000a022b1f5d36fc5110e872a51021d1\n[a1e2476a-48b2-4536-8e86-a8f37a253094/Build Application]   \ud83d\udcac  ::debug::Failed to delete archive: Error: ENOENT: no such file or directory, unlink ''\n[a1e2476a-48b2-4536-8e86-a8f37a253094/Build Application]   | maven cache is not found\n[a1e2476a-48b2-4536-8e86-a8f37a253094/Build Application]   \u2705  Success - Main Setup for JDK 17\n[a1e2476a-48b2-4536-8e86-a8f37a253094/Build Application]   \u2699  ::set-env:: JAVA_HOME=/opt/hostedtoolcache/Java_Temurin-Hotspot_jdk/17.0.7-7/x64\n[a1e2476a-48b2-4536-8e86-a8f37a253094/Build Application]   \u2699  ::set-env:: JAVA_HOME_17_X64=/opt/hostedtoolcache/Java_Temurin-Hotspot_jdk/17.0.7-7/x64\n[a1e2476a-48b2-4536-8e86-a8f37a253094/Build Application]   \u2699  ::set-output:: cache-hit=false\n[a1e2476a-48b2-4536-8e86-a8f37a253094/Build Application]   \u2699  ::set-output:: distribution=Temurin-Hotspot\n[a1e2476a-48b2-4536-8e86-a8f37a253094/Build Application]   \u2699  ::set-output:: path=/opt/hostedtoolcache/Java_Temurin-Hotspot_jdk/17.0.7-7/x64\n[a1e2476a-48b2-4536-8e86-a8f37a253094/Build Application]   \u2699  ::set-output:: version=17.0.7+7\n[a1e2476a-48b2-4536-8e86-a8f37a253094/Build Application]   \u2699  ::add-path:: /opt/hostedtoolcache/Java_Temurin-Hotspot_jdk/17.0.7-7/x64/bin\n[a1e2476a-48b2-4536-8e86-a8f37a253094/Build Application] \u2b50 Run Main Setup Node 16\n[a1e2476a-48b2-4536-8e86-a8f37a253094/Build Application]   \ud83d\udc33  docker cp src=/tmp/act-cache/5df0f1f5-cb31-470d-b401-d234db520c60/act/actions-setup-node@v3/ dst=/var/run/act/actions/actions-setup-node@v3/\n[a1e2476a-48b2-4536-8e86-a8f37a253094/Build Application]   \ud83d\udc33  docker exec cmd=[chown -R 1012:1013 /var/run/act/actions/actions-setup-node@v3/] user=0 workdir=\n[a1e2476a-48b2-4536-8e86-a8f37a253094/Build Application]   \ud83d\udc33  docker exec cmd=[node /var/run/act/actions/actions-setup-node@v3/dist/setup/index.js] user= workdir=\n[a1e2476a-48b2-4536-8e86-a8f37a253094/Build Application]   \u2753  ::group::Environment details\n[a1e2476a-48b2-4536-8e86-a8f37a253094/Build Application]   | node: v14.17.6\n[a1e2476a-48b2-4536-8e86-a8f37a253094/Build Application]   | npm: 6.14.15\n[a1e2476a-48b2-4536-8e86-a8f37a253094/Build Application]   | yarn: 1.22.11\n[a1e2476a-48b2-4536-8e86-a8f37a253094/Build Application]   \u2753  ::endgroup::\n[a1e2476a-48b2-4536-8e86-a8f37a253094/Build Application]   | [command]/usr/local/bin/npm config get cache\n[a1e2476a-48b2-4536-8e86-a8f37a253094/Build Application]   | /home/runneradmin/.npm\n[a1e2476a-48b2-4536-8e86-a8f37a253094/Build Application]   \ud83d\udcac  ::debug::npm path is /home/runneradmin/.npm\n[a1e2476a-48b2-4536-8e86-a8f37a253094/Build Application]   \ud83d\udcac  ::debug::followSymbolicLinks 'true'\n[a1e2476a-48b2-4536-8e86-a8f37a253094/Build Application]   \ud83d\udcac  ::debug::followSymbolicLinks 'true'\n[a1e2476a-48b2-4536-8e86-a8f37a253094/Build Application]   \ud83d\udcac  ::debug::implicitDescendants 'true'\n[a1e2476a-48b2-4536-8e86-a8f37a253094/Build Application]   \ud83d\udcac  ::debug::matchDirectories 'true'\n[a1e2476a-48b2-4536-8e86-a8f37a253094/Build Application]   \ud83d\udcac  ::debug::omitBrokenSymbolicLinks 'true'\n[a1e2476a-48b2-4536-8e86-a8f37a253094/Build Application]   \ud83d\udcac  ::debug::Search path '/tmp/3d783ea4-1661-11ee-8a50-bb14de238602/rieckpil-testing-spring-boot-applications-masterclass/src/frontend/package-lock.json'\n[a1e2476a-48b2-4536-8e86-a8f37a253094/Build Application]   \ud83d\udcac  ::debug::/tmp/3d783ea4-1661-11ee-8a50-bb14de238602/rieckpil-testing-spring-boot-applications-masterclass/src/frontend/package-lock.json\n[a1e2476a-48b2-4536-8e86-a8f37a253094/Build Application]   \ud83d\udcac  ::debug::Found 1 files to hash.\n[a1e2476a-48b2-4536-8e86-a8f37a253094/Build Application]   \ud83d\udcac  ::debug::primary key is node-cache-Linux-npm-01c2adfe3d8ed79205833bf36fce87fd5112855e87ff412229098d63581f250d\n[a1e2476a-48b2-4536-8e86-a8f37a253094/Build Application]   \ud83d\udcac  ::debug::Resolved Keys:\n[a1e2476a-48b2-4536-8e86-a8f37a253094/Build Application]   \ud83d\udcac  ::debug::[\"node-cache-Linux-npm-01c2adfe3d8ed79205833bf36fce87fd5112855e87ff412229098d63581f250d\"]\n[a1e2476a-48b2-4536-8e86-a8f37a253094/Build Application]   \ud83d\udcac  ::debug::Checking zstd --version\n[a1e2476a-48b2-4536-8e86-a8f37a253094/Build Application]   \ud83d\udcac  ::debug::*** zstd command line interface 64-bits v1.5.0, by Yann Collet ***\n[a1e2476a-48b2-4536-8e86-a8f37a253094/Build Application]   \ud83d\udcac  ::debug::Resource Url: http://130.242.72.40:34759/_apis/artifactcache/cache?keys=node-cache-Linux-npm-01c2adfe3d8ed79205833bf36fce87fd5112855e87ff412229098d63581f250d&version=8ee2f5a0061e9841bda18b752d56eac4084540a29ec193c6fe11f1cf3be8dde5\n[a1e2476a-48b2-4536-8e86-a8f37a253094/Build Application]   \ud83d\udcac  ::debug::Failed to delete archive: Error: ENOENT: no such file or directory, unlink ''\n[a1e2476a-48b2-4536-8e86-a8f37a253094/Build Application]   | npm cache is not found\n[a1e2476a-48b2-4536-8e86-a8f37a253094/Build Application]   \u2753 add-matcher /run/act/actions/actions-setup-node@v3/.github/tsc.json\n[a1e2476a-48b2-4536-8e86-a8f37a253094/Build Application]   \u2753 add-matcher /run/act/actions/actions-setup-node@v3/.github/eslint-stylish.json\n[a1e2476a-48b2-4536-8e86-a8f37a253094/Build Application]   \u2753 add-matcher /run/act/actions/actions-setup-node@v3/.github/eslint-compact.json\n[a1e2476a-48b2-4536-8e86-a8f37a253094/Build Application]   \u2705  Success - Main Setup Node 16\n[a1e2476a-48b2-4536-8e86-a8f37a253094/Build Application]   \u2699  ::set-output:: node-version=v14.17.6\n[a1e2476a-48b2-4536-8e86-a8f37a253094/Build Application]   \u2699  ::set-output:: cache-hit=false\n[a1e2476a-48b2-4536-8e86-a8f37a253094/Build Application] \u2b50 Run Main Run all web tests\n[a1e2476a-48b2-4536-8e86-a8f37a253094/Build Application]   \ud83d\udc33  docker cp src=/tmp/act-cache/5df0f1f5-cb31-470d-b401-d234db520c60/act/nick-fields-retry@v2/ dst=/var/run/act/actions/nick-fields-retry@v2/\n[a1e2476a-48b2-4536-8e86-a8f37a253094/Build Application]   \ud83d\udc33  docker exec cmd=[chown -R 1012:1013 /var/run/act/actions/nick-fields-retry@v2/] user=0 workdir=\n[a1e2476a-48b2-4536-8e86-a8f37a253094/Build Application]   \ud83d\udc33  docker exec cmd=[node /var/run/act/actions/nick-fields-retry@v2/dist/index.js] user= workdir=\n[a1e2476a-48b2-4536-8e86-a8f37a253094/Build Application]   \ud83d\udcac  ::debug::Running command ./mvnw verify --no-transfer-progress -Pwebtests on linux using shell bash\n[a1e2476a-48b2-4536-8e86-a8f37a253094/Build Application]   | [INFO] Scanning for projects...\n[a1e2476a-48b2-4536-8e86-a8f37a253094/Build Application]   | [INFO] \n[a1e2476a-48b2-4536-8e86-a8f37a253094/Build Application]   | [INFO] --< de.rieckpil.courses:testing-spring-boot-applications-masterclass >--\n[a1e2476a-48b2-4536-8e86-a8f37a253094/Build Application]   | [INFO] Building testing-spring-boot-applications-masterclass 0.0.1-SNAPSHOT\n[a1e2476a-48b2-4536-8e86-a8f37a253094/Build Application]   | [INFO]   from pom.xml\n[a1e2476a-48b2-4536-8e86-a8f37a253094/Build Application]   | [INFO] --------------------------------[ jar ]---------------------------------\n[a1e2476a-48b2-4536-8e86-a8f37a253094/Build Application]   | [INFO] \n[a1e2476a-48b2-4536-8e86-a8f37a253094/Build Application]   | [INFO] --- enforcer:3.3.0:enforce (default) @ testing-spring-boot-applications-masterclass ---\n[a1e2476a-48b2-4536-8e86-a8f37a253094/Build Application]   | [INFO] Rule 0: org.apache.maven.enforcer.rules.dependency.DependencyConvergence passed\n[a1e2476a-48b2-4536-8e86-a8f37a253094/Build Application]   | [INFO] \n[a1e2476a-48b2-4536-8e86-a8f37a253094/Build Application]   | [INFO] --- spotless:2.37.0:check (default) @ testing-spring-boot-applications-masterclass ---\n[a1e2476a-48b2-4536-8e86-a8f37a253094/Build Application]   | [INFO] Index file does not exist. Fallback to an empty index\n[a1e2476a-48b2-4536-8e86-a8f37a253094/Build Application]   | [INFO] Spotless.Java is keeping 65 files clean - 0 needs changes to be clean, 65 were already clean, 0 were skipped because caching determined they were already clean\n[a1e2476a-48b2-4536-8e86-a8f37a253094/Build Application]   | [INFO] \n[a1e2476a-48b2-4536-8e86-a8f37a253094/Build Application]   | [INFO] --- sortpom:3.2.1:verify (default) @ testing-spring-boot-applications-masterclass ---\n[a1e2476a-48b2-4536-8e86-a8f37a253094/Build Application]   | [INFO] Verifying file /tmp/3d783ea4-1661-11ee-8a50-bb14de238602/rieckpil-testing-spring-boot-applications-masterclass/pom.xml\n[a1e2476a-48b2-4536-8e86-a8f37a253094/Build Application]   | [INFO] \n[a1e2476a-48b2-4536-8e86-a8f37a253094/Build Application]   | [INFO] --- frontend:1.12.1:install-node-and-npm (install node and npm) @ testing-spring-boot-applications-masterclass ---\n[a1e2476a-48b2-4536-8e86-a8f37a253094/Build Application]   | [INFO] Installing node version v18.16.0\n[a1e2476a-48b2-4536-8e86-a8f37a253094/Build Application]   | [INFO] Downloading https://nodejs.org/dist/v18.16.0/node-v18.16.0-linux-x64.tar.gz to /home/runneradmin/.m2/repository/com/github/eirslett/node/18.16.0/node-18.16.0-linux-x64.tar.gz\n[a1e2476a-48b2-4536-8e86-a8f37a253094/Build Application]   | [INFO] No proxies configured\n[a1e2476a-48b2-4536-8e86-a8f37a253094/Build Application]   | [INFO] No proxy was configured, downloading directly\n[a1e2476a-48b2-4536-8e86-a8f37a253094/Build Application]   | [INFO] Unpacking /home/runneradmin/.m2/repository/com/github/eirslett/node/18.16.0/node-18.16.0-linux-x64.tar.gz into /tmp/3d783ea4-1661-11ee-8a50-bb14de238602/rieckpil-testing-spring-boot-applications-masterclass/src/frontend/node/tmp\n[a1e2476a-48b2-4536-8e86-a8f37a253094/Build Application]   | [INFO] Copying node binary from /tmp/3d783ea4-1661-11ee-8a50-bb14de238602/rieckpil-testing-spring-boot-applications-masterclass/src/frontend/node/tmp/node-v18.16.0-linux-x64/bin/node to /tmp/3d783ea4-1661-11ee-8a50-bb14de238602/rieckpil-testing-spring-boot-applications-masterclass/src/frontend/node/node\n[a1e2476a-48b2-4536-8e86-a8f37a253094/Build Application]   | [INFO] Extracting NPM\n[a1e2476a-48b2-4536-8e86-a8f37a253094/Build Application]   | [INFO] Installed node locally.\n[a1e2476a-48b2-4536-8e86-a8f37a253094/Build Application]   | [INFO] \n[a1e2476a-48b2-4536-8e86-a8f37a253094/Build Application]   | [INFO] --- frontend:1.12.1:npm (npm install) @ testing-spring-boot-applications-masterclass ---\n[a1e2476a-48b2-4536-8e86-a8f37a253094/Build Application]   | [INFO] Running 'npm install' in /tmp/3d783ea4-1661-11ee-8a50-bb14de238602/rieckpil-testing-spring-boot-applications-masterclass/src/frontend\n[a1e2476a-48b2-4536-8e86-a8f37a253094/Build Application]   | [INFO] npm WARN deprecated source-map-url@0.4.1: See https://github.com/lydell/source-map-url#deprecated\n[a1e2476a-48b2-4536-8e86-a8f37a253094/Build Application]   | [INFO] npm WARN deprecated svgo@1.3.2: This SVGO version is no longer supported. Upgrade to v2.x.x.\n[a1e2476a-48b2-4536-8e86-a8f37a253094/Build Application]   | [INFO] \n[a1e2476a-48b2-4536-8e86-a8f37a253094/Build Application]   | [INFO] > frontend@0.1.0 postinstall\n[a1e2476a-48b2-4536-8e86-a8f37a253094/Build Application]   | [INFO] > semantic-ui-css-patch\n[a1e2476a-48b2-4536-8e86-a8f37a253094/Build Application]   | [INFO] \n[a1e2476a-48b2-4536-8e86-a8f37a253094/Build Application]   | [INFO] \u2139 Patch was successfully applied\n[a1e2476a-48b2-4536-8e86-a8f37a253094/Build Application]   | [INFO] \n[a1e2476a-48b2-4536-8e86-a8f37a253094/Build Application]   | [INFO] added 1321 packages, and audited 1322 packages in 26s\n[a1e2476a-48b2-4536-8e86-a8f37a253094/Build Application]   | [INFO] \n[a1e2476a-48b2-4536-8e86-a8f37a253094/Build Application]   | [INFO] 173 packages are looking for funding\n[a1e2476a-48b2-4536-8e86-a8f37a253094/Build Application]   | [INFO]   run `npm fund` for details\n[a1e2476a-48b2-4536-8e86-a8f37a253094/Build Application]   | [INFO] \n[a1e2476a-48b2-4536-8e86-a8f37a253094/Build Application]   | [INFO] 77 vulnerabilities (64 moderate, 12 high, 1 critical)\n[a1e2476a-48b2-4536-8e86-a8f37a253094/Build Application]   | [INFO] \n[a1e2476a-48b2-4536-8e86-a8f37a253094/Build Application]   | [INFO] To address issues that do not require attention, run:\n[a1e2476a-48b2-4536-8e86-a8f37a253094/Build Application]   | [INFO]   npm audit fix\n[a1e2476a-48b2-4536-8e86-a8f37a253094/Build Application]   | [INFO] \n[a1e2476a-48b2-4536-8e86-a8f37a253094/Build Application]   | [INFO] To address all issues (including breaking changes), run:\n[a1e2476a-48b2-4536-8e86-a8f37a253094/Build Application]   | [INFO]   npm audit fix --force\n[a1e2476a-48b2-4536-8e86-a8f37a253094/Build Application]   | [INFO] \n[a1e2476a-48b2-4536-8e86-a8f37a253094/Build Application]   | [INFO] Run `npm audit` for details.\n[a1e2476a-48b2-4536-8e86-a8f37a253094/Build Application]   | [INFO] \n[a1e2476a-48b2-4536-8e86-a8f37a253094/Build Application]   | [INFO] --- frontend:1.12.1:npm (npm test) @ testing-spring-boot-applications-masterclass ---\n[a1e2476a-48b2-4536-8e86-a8f37a253094/Build Application]   | [INFO] Running 'npm test' in /tmp/3d783ea4-1661-11ee-8a50-bb14de238602/rieckpil-testing-spring-boot-applications-masterclass/src/frontend\n[a1e2476a-48b2-4536-8e86-a8f37a253094/Build Application]   | [INFO] \n[a1e2476a-48b2-4536-8e86-a8f37a253094/Build Application]   | [INFO] > frontend@0.1.0 test\n[a1e2476a-48b2-4536-8e86-a8f37a253094/Build Application]   | [INFO] > react-scripts test\n[a1e2476a-48b2-4536-8e86-a8f37a253094/Build Application]   | [INFO] \n[a1e2476a-48b2-4536-8e86-a8f37a253094/Build Application]   | [INFO] PASS src/App.test.tsx\n[a1e2476a-48b2-4536-8e86-a8f37a253094/Build Application]   | [INFO]   \u2713 renders react app (119 ms)\n[a1e2476a-48b2-4536-8e86-a8f37a253094/Build Application]   | [INFO] \n[a1e2476a-48b2-4536-8e86-a8f37a253094/Build Application]   | [INFO] Test Suites: 1 passed, 1 total\n[a1e2476a-48b2-4536-8e86-a8f37a253094/Build Application]   | [INFO] Tests:       1 passed, 1 total\n[a1e2476a-48b2-4536-8e86-a8f37a253094/Build Application]   | [INFO] Snapshots:   0 total\n[a1e2476a-48b2-4536-8e86-a8f37a253094/Build Application]   | [INFO] Time:        2.404 s\n[a1e2476a-48b2-4536-8e86-a8f37a253094/Build Application]   | [INFO] Ran all test suites.\n[a1e2476a-48b2-4536-8e86-a8f37a253094/Build Application]   | [INFO] \n[a1e2476a-48b2-4536-8e86-a8f37a253094/Build Application]   | [INFO] --- frontend:1.12.1:npm (npm build) @ testing-spring-boot-applications-masterclass ---\n[a1e2476a-48b2-4536-8e86-a8f37a253094/Build Application]   | [INFO] Running 'npm run build' in /tmp/3d783ea4-1661-11ee-8a50-bb14de238602/rieckpil-testing-spring-boot-applications-masterclass/src/frontend\n[a1e2476a-48b2-4536-8e86-a8f37a253094/Build Application]   | [INFO] \n[a1e2476a-48b2-4536-8e86-a8f37a253094/Build Application]   | [INFO] > frontend@0.1.0 build\n[a1e2476a-48b2-4536-8e86-a8f37a253094/Build Application]   | [INFO] > react-scripts build\n[a1e2476a-48b2-4536-8e86-a8f37a253094/Build Application]   | [INFO] \n[a1e2476a-48b2-4536-8e86-a8f37a253094/Build Application]   | [INFO] Creating an optimized production build...\n[a1e2476a-48b2-4536-8e86-a8f37a253094/Build Application]   | [INFO] Compiled successfully.\n[a1e2476a-48b2-4536-8e86-a8f37a253094/Build Application]   | [INFO] \n[a1e2476a-48b2-4536-8e86-a8f37a253094/Build Application]   | [INFO] File sizes after gzip:\n[a1e2476a-48b2-4536-8e86-a8f37a253094/Build Application]   | [INFO] \n[a1e2476a-48b2-4536-8e86-a8f37a253094/Build Application]   | [INFO]   102.92 kB  build/static/js/main.f12a464e.js\n[a1e2476a-48b2-4536-8e86-a8f37a253094/Build Application]   | [INFO]   98.52 kB   build/static/css/main.199a0dc0.css\n[a1e2476a-48b2-4536-8e86-a8f37a253094/Build Application]   | [INFO] \n[a1e2476a-48b2-4536-8e86-a8f37a253094/Build Application]   | [INFO] The project was built assuming it is hosted at /.\n[a1e2476a-48b2-4536-8e86-a8f37a253094/Build Application]   | [INFO] You can control this with the homepage field in your package.json.\n[a1e2476a-48b2-4536-8e86-a8f37a253094/Build Application]   | [INFO] \n[a1e2476a-48b2-4536-8e86-a8f37a253094/Build Application]   | [INFO] The build folder is ready to be deployed.\n[a1e2476a-48b2-4536-8e86-a8f37a253094/Build Application]   | [INFO] You may serve it with a static server:\n[a1e2476a-48b2-4536-8e86-a8f37a253094/Build Application]   | [INFO] \n[a1e2476a-48b2-4536-8e86-a8f37a253094/Build Application]   | [INFO]   npm install -g serve\n[a1e2476a-48b2-4536-8e86-a8f37a253094/Build Application]   | [INFO]   serve -s build\n[a1e2476a-48b2-4536-8e86-a8f37a253094/Build Application]   | [INFO] \n[a1e2476a-48b2-4536-8e86-a8f37a253094/Build Application]   | [INFO] Find out more about deployment here:\n[a1e2476a-48b2-4536-8e86-a8f37a253094/Build Application]   | [INFO] \n[a1e2476a-48b2-4536-8e86-a8f37a253094/Build Application]   | [INFO]   https://cra.link/deployment\n[a1e2476a-48b2-4536-8e86-a8f37a253094/Build Application]   | [INFO] \n[a1e2476a-48b2-4536-8e86-a8f37a253094/Build Application]   | [INFO] \n[a1e2476a-48b2-4536-8e86-a8f37a253094/Build Application]   | [INFO] --- resources:3.3.1:resources (default-resources) @ testing-spring-boot-applications-masterclass ---\n[a1e2476a-48b2-4536-8e86-a8f37a253094/Build Application]   | [INFO] Copying 28 resources from src/frontend/build to target/classes/public\n[a1e2476a-48b2-4536-8e86-a8f37a253094/Build Application]   | [INFO] Copying 5 resources from src/main/resources to target/classes\n[a1e2476a-48b2-4536-8e86-a8f37a253094/Build Application]   | [INFO] \n[a1e2476a-48b2-4536-8e86-a8f37a253094/Build Application]   | [INFO] --- compiler:3.11.0:compile (default-compile) @ testing-spring-boot-applications-masterclass ---\n[a1e2476a-48b2-4536-8e86-a8f37a253094/Build Application]   | [INFO] Changes detected - recompiling the module! :dependency\n[a1e2476a-48b2-4536-8e86-a8f37a253094/Build Application]   | [INFO] Compiling 28 source files with javac [debug release 17] to target/classes\n[a1e2476a-48b2-4536-8e86-a8f37a253094/Build Application]   | [INFO] /tmp/3d783ea4-1661-11ee-8a50-bb14de238602/rieckpil-testing-spring-boot-applications-masterclass/src/main/java/de/rieckpil/courses/config/CustomAuthenticationConverter.java: /tmp/3d783ea4-1661-11ee-8a50-bb14de238602/rieckpil-testing-spring-boot-applications-masterclass/src/main/java/de/rieckpil/courses/config/CustomAuthenticationConverter.java uses unchecked or unsafe operations.\n[a1e2476a-48b2-4536-8e86-a8f37a253094/Build Application]   | [INFO] /tmp/3d783ea4-1661-11ee-8a50-bb14de238602/rieckpil-testing-spring-boot-applications-masterclass/src/main/java/de/rieckpil/courses/config/CustomAuthenticationConverter.java: Recompile with -Xlint:unchecked for details.\n[a1e2476a-48b2-4536-8e86-a8f37a253094/Build Application]   | [INFO] \n[a1e2476a-48b2-4536-8e86-a8f37a253094/Build Application]   | [INFO] --- resources:3.3.1:testResources (default-testResources) @ testing-spring-boot-applications-masterclass ---\n[a1e2476a-48b2-4536-8e86-a8f37a253094/Build Application]   | [INFO] Copying 16 resources from src/test/resources to target/test-classes\n[a1e2476a-48b2-4536-8e86-a8f37a253094/Build Application]   | [INFO] \n[a1e2476a-48b2-4536-8e86-a8f37a253094/Build Application]   | [INFO] --- compiler:3.11.0:testCompile (default-testCompile) @ testing-spring-boot-applications-masterclass ---\n[a1e2476a-48b2-4536-8e86-a8f37a253094/Build Application]   | [WARNING] The following annotation processors were found on the classpath: [com.google.auto.service.processor.AutoServiceProcessor].\n[a1e2476a-48b2-4536-8e86-a8f37a253094/Build Application]   | Compile avoidance has been deactivated.\n[a1e2476a-48b2-4536-8e86-a8f37a253094/Build Application]   | Please use the maven-compiler-plugin version 3.5 or above and use the <annotationProcessorPaths> configuration element to declare the processors instead.\n[a1e2476a-48b2-4536-8e86-a8f37a253094/Build Application]   | If you did not intend to use the processors above (e.g. they were leaked by a dependency), you can use the <proc>none</proc> option to disable annotation processing.\n[a1e2476a-48b2-4536-8e86-a8f37a253094/Build Application]   | \n[a1e2476a-48b2-4536-8e86-a8f37a253094/Build Application]   | For more information see https://gradle.com/enterprise/help/maven-extension-compile-avoidance.\n[a1e2476a-48b2-4536-8e86-a8f37a253094/Build Application]   | [INFO] Changes detected - recompiling the module! :dependency\n[a1e2476a-48b2-4536-8e86-a8f37a253094/Build Application]   | [INFO] Compiling 37 source files with javac [debug release 17] to target/test-classes\n[a1e2476a-48b2-4536-8e86-a8f37a253094/Build Application]   | [INFO] \n[a1e2476a-48b2-4536-8e86-a8f37a253094/Build Application]   | [INFO] --- surefire:3.1.2:test (default-test) @ testing-spring-boot-applications-masterclass ---\n[a1e2476a-48b2-4536-8e86-a8f37a253094/Build Application]   | [INFO] Tests are skipped.\n[a1e2476a-48b2-4536-8e86-a8f37a253094/Build Application]   | [INFO] Skipped\n[a1e2476a-48b2-4536-8e86-a8f37a253094/Build Application]   | [INFO] \n[a1e2476a-48b2-4536-8e86-a8f37a253094/Build Application]   | [INFO] --- jar:3.3.0:jar (default-jar) @ testing-spring-boot-applications-masterclass ---\n[a1e2476a-48b2-4536-8e86-a8f37a253094/Build Application]   | [INFO] Building jar: /tmp/3d783ea4-1661-11ee-8a50-bb14de238602/rieckpil-testing-spring-boot-applications-masterclass/target/testing-spring-boot-applications-masterclass.jar\n[a1e2476a-48b2-4536-8e86-a8f37a253094/Build Application]   | [INFO] \n[a1e2476a-48b2-4536-8e86-a8f37a253094/Build Application]   | [INFO] --- spring-boot:3.1.0:repackage (repackage) @ testing-spring-boot-applications-masterclass ---\n[a1e2476a-48b2-4536-8e86-a8f37a253094/Build Application]   | [INFO] Replacing main artifact /tmp/3d783ea4-1661-11ee-8a50-bb14de238602/rieckpil-testing-spring-boot-applications-masterclass/target/testing-spring-boot-applications-masterclass.jar with repackaged archive, adding nested dependencies in BOOT-INF/.\n[a1e2476a-48b2-4536-8e86-a8f37a253094/Build Application]   | [INFO] The original artifact has been renamed to /tmp/3d783ea4-1661-11ee-8a50-bb14de238602/rieckpil-testing-spring-boot-applications-masterclass/target/testing-spring-boot-applications-masterclass.jar.original\n[a1e2476a-48b2-4536-8e86-a8f37a253094/Build Application]   | [INFO] \n[a1e2476a-48b2-4536-8e86-a8f37a253094/Build Application]   | [INFO] --- failsafe:3.1.2:integration-test (default) @ testing-spring-boot-applications-masterclass ---\n[a1e2476a-48b2-4536-8e86-a8f37a253094/Build Application]   | [INFO] Using auto detected provider org.apache.maven.surefire.junitplatform.JUnitPlatformProvider\n[a1e2476a-48b2-4536-8e86-a8f37a253094/Build Application]   | [INFO] Using auto detected provider org.apache.maven.surefire.junitplatform.JUnitPlatformProvider\n[a1e2476a-48b2-4536-8e86-a8f37a253094/Build Application]   | [INFO] \n[a1e2476a-48b2-4536-8e86-a8f37a253094/Build Application]   | [INFO] -------------------------------------------------------\n[a1e2476a-48b2-4536-8e86-a8f37a253094/Build Application]   | [INFO]  T E S T S\n[a1e2476a-48b2-4536-8e86-a8f37a253094/Build Application]   | [INFO] -------------------------------------------------------\n[a1e2476a-48b2-4536-8e86-a8f37a253094/Build Application]   | 2023-06-29T14:41:19.280Z  INFO   --- [           main] o.t.utility.ImageNameSubstitutor         : Image name substitution will be performed by: DefaultImageNameSubstitutor (composite of 'ConfigurationFileImageNameSubstitutor' and 'PrefixingImageNameSubstitutor')\n[a1e2476a-48b2-4536-8e86-a8f37a253094/Build Application]   | 2023-06-29T14:41:19.736Z  WARN   --- [           main] o.t.d.DockerClientProviderStrategy       : DOCKER_HOST unix:///var/run/docker.sock is not listening\n[a1e2476a-48b2-4536-8e86-a8f37a253094/Build Application]   | 2023-06-29T14:41:19.741Z  INFO   --- [           main] .t.d.DockerMachineClientProviderStrategy : docker-machine executable was not found on PATH ([/opt/hostedtoolcache/Java_Temurin-Hotspot_jdk/17.0.7-7/x64/bin, /usr/local/sbin, /usr/local/bin, /usr/sbin, /usr/bin, /sbin, /bin])\n[a1e2476a-48b2-4536-8e86-a8f37a253094/Build Application]   | 2023-06-29T14:41:19.742Z ERROR   --- [           main] o.t.d.DockerClientProviderStrategy       : Could not find a valid Docker environment. Please check configuration. Attempted configurations were:\n[a1e2476a-48b2-4536-8e86-a8f37a253094/Build Application]   | \tDockerDesktopClientProviderStrategy: failed with exception NullPointerException (Cannot invoke \"java.nio.file.Path.toString()\" because the return value of \"org.testcontainers.dockerclient.DockerDesktopClientProviderStrategy.getSocketPath()\" is null)As no valid configuration was found, execution cannot continue.\n[a1e2476a-48b2-4536-8e86-a8f37a253094/Build Application]   | See https://www.testcontainers.org/on_failure.html for more details.\n[a1e2476a-48b2-4536-8e86-a8f37a253094/Build Application]   | [INFO] Running de.rieckpil.courses.book.review.ReviewCreationPageObjectsWT\n[a1e2476a-48b2-4536-8e86-a8f37a253094/Build Application]   | [ERROR] Tests run: 1, Failures: 0, Errors: 1, Skipped: 0, Time elapsed: 0.151 s <<< FAILURE! -- in de.rieckpil.courses.book.review.ReviewCreationPageObjectsWT\n[a1e2476a-48b2-4536-8e86-a8f37a253094/Build Application]   | [ERROR] de.rieckpil.courses.book.review.ReviewCreationPageObjectsWT -- Time elapsed: 0.151 s <<< ERROR!\n[a1e2476a-48b2-4536-8e86-a8f37a253094/Build Application]   | java.lang.ExceptionInInitializerError\n[a1e2476a-48b2-4536-8e86-a8f37a253094/Build Application]   | \tat java.base/jdk.internal.misc.Unsafe.ensureClassInitialized0(Native Method)\n[a1e2476a-48b2-4536-8e86-a8f37a253094/Build Application]   | \tat java.base/jdk.internal.misc.Unsafe.ensureClassInitialized(Unsafe.java:1155)\n[a1e2476a-48b2-4536-8e86-a8f37a253094/Build Application]   | \tat java.base/jdk.internal.reflect.UnsafeFieldAccessorFactory.newFieldAccessor(UnsafeFieldAccessorFactory.java:42)\n[a1e2476a-48b2-4536-8e86-a8f37a253094/Build Application]   | \tat java.base/jdk.internal.reflect.ReflectionFactory.newFieldAccessor(ReflectionFactory.java:185)\n[a1e2476a-48b2-4536-8e86-a8f37a253094/Build Application]   | \tat java.base/java.lang.reflect.Field.acquireFieldAccessor(Field.java:1132)\n[a1e2476a-48b2-4536-8e86-a8f37a253094/Build Application]   | \tat java.base/java.lang.reflect.Field.getFieldAccessor(Field.java:1113)\n[a1e2476a-48b2-4536-8e86-a8f37a253094/Build Application]   | \tat java.base/java.lang.reflect.Field.get(Field.java:425)\n[a1e2476a-48b2-4536-8e86-a8f37a253094/Build Application]   | \tat org.junit.platform.commons.util.ReflectionUtils.lambda$tryToReadFieldValue$5(ReflectionUtils.java:673)\n[a1e2476a-48b2-4536-8e86-a8f37a253094/Build Application]   | \tat org.junit.platform.commons.function.Try.lambda$call$0(Try.java:57)\n[a1e2476a-48b2-4536-8e86-a8f37a253094/Build Application]   | \tat org.junit.platform.commons.function.Try.of(Try.java:93)\n[a1e2476a-48b2-4536-8e86-a8f37a253094/Build Application]   | \tat org.junit.platform.commons.function.Try.call(Try.java:57)\n[a1e2476a-48b2-4536-8e86-a8f37a253094/Build Application]   | \tat org.junit.platform.commons.util.ReflectionUtils.tryToReadFieldValue(ReflectionUtils.java:673)\n[a1e2476a-48b2-4536-8e86-a8f37a253094/Build Application]   | \tat org.junit.jupiter.engine.descriptor.ExtensionUtils.lambda$registerExtensionsFromFields$4(ExtensionUtils.java:106)\n[a1e2476a-48b2-4536-8e86-a8f37a253094/Build Application]   | \tat java.base/java.util.stream.ForEachOps$ForEachOp$OfRef.accept(ForEachOps.java:183)\n[a1e2476a-48b2-4536-8e86-a8f37a253094/Build Application]   | \tat java.base/java.util.stream.SortedOps$SizedRefSortingSink.end(SortedOps.java:357)\n[a1e2476a-48b2-4536-8e86-a8f37a253094/Build Application]   | \tat java.base/java.util.stream.AbstractPipeline.copyInto(AbstractPipeline.java:510)\n[a1e2476a-48b2-4536-8e86-a8f37a253094/Build Application]   | \tat java.base/java.util.stream.AbstractPipeline.wrapAndCopyInto(AbstractPipeline.java:499)\n[a1e2476a-48b2-4536-8e86-a8f37a253094/Build Application]   | \tat java.base/java.util.stream.ForEachOps$ForEachOp.evaluateSequential(ForEachOps.java:150)\n[a1e2476a-48b2-4536-8e86-a8f37a253094/Build Application]   | \tat java.base/java.util.stream.ForEachOps$ForEachOp$OfRef.evaluateSequential(ForEachOps.java:173)\n[a1e2476a-48b2-4536-8e86-a8f37a253094/Build Application]   | \tat java.base/java.util.stream.AbstractPipeline.evaluate(AbstractPipeline.java:234)\n[a1e2476a-48b2-4536-8e86-a8f37a253094/Build Application]   | \tat java.base/java.util.stream.ReferencePipeline.forEach(ReferencePipeline.java:596)\n[a1e2476a-48b2-4536-8e86-a8f37a253094/Build Application]   | \tat org.junit.jupiter.engine.descriptor.ExtensionUtils.registerExtensionsFromFields(ExtensionUtils.java:98)\n[a1e2476a-48b2-4536-8e86-a8f37a253094/Build Application]   | \tat org.junit.jupiter.engine.descriptor.ClassBasedTestDescriptor.prepare(ClassBasedTestDescriptor.java:154)\n[a1e2476a-48b2-4536-8e86-a8f37a253094/Build Application]   | \tat org.junit.jupiter.engine.descriptor.ClassBasedTestDescriptor.prepare(ClassBasedTestDescriptor.java:84)\n[a1e2476a-48b2-4536-8e86-a8f37a253094/Build Application]   | \tat org.junit.platform.engine.support.hierarchical.NodeTestTask.lambda$prepare$2(NodeTestTask.java:123)\n[a1e2476a-48b2-4536-8e86-a8f37a253094/Build Application]   | \tat org.junit.platform.engine.support.hierarchical.ThrowableCollector.execute(ThrowableCollector.java:73)\n[a1e2476a-48b2-4536-8e86-a8f37a253094/Build Application]   | \tat org.junit.platform.engine.support.hierarchical.NodeTestTask.prepare(NodeTestTask.java:123)\n[a1e2476a-48b2-4536-8e86-a8f37a253094/Build Application]   | \tat org.junit.platform.engine.support.hierarchical.NodeTestTask.execute(NodeTestTask.java:90)\n[a1e2476a-48b2-4536-8e86-a8f37a253094/Build Application]   | \tat java.base/java.util.ArrayList.forEach(ArrayList.java:1511)\n[a1e2476a-48b2-4536-8e86-a8f37a253094/Build Application]   | \tat org.junit.platform.engine.support.hierarchical.SameThreadHierarchicalTestExecutorService.invokeAll(SameThreadHierarchicalTestExecutorService.java:41)\n[a1e2476a-48b2-4536-8e86-a8f37a253094/Build Application]   | \tat org.junit.platform.engine.support.hierarchical.NodeTestTask.lambda$executeRecursively$6(NodeTestTask.java:155)\n[a1e2476a-48b2-4536-8e86-a8f37a253094/Build Application]   | \tat org.junit.platform.engine.support.hierarchical.ThrowableCollector.execute(ThrowableCollector.java:73)\n[a1e2476a-48b2-4536-8e86-a8f37a253094/Build Application]   | \tat org.junit.platform.engine.support.hierarchical.NodeTestTask.lambda$executeRecursively$8(NodeTestTask.java:141)\n[a1e2476a-48b2-4536-8e86-a8f37a253094/Build Application]   | \tat org.junit.platform.engine.support.hierarchical.Node.around(Node.java:137)\n[a1e2476a-48b2-4536-8e86-a8f37a253094/Build Application]   | \tat org.junit.platform.engine.support.hierarchical.NodeTestTask.lambda$executeRecursively$9(NodeTestTask.java:139)\n[a1e2476a-48b2-4536-8e86-a8f37a253094/Build Application]   | \tat org.junit.platform.engine.support.hierarchical.ThrowableCollector.execute(ThrowableCollector.java:73)\n[a1e2476a-48b2-4536-8e86-a8f37a253094/Build Application]   | \tat org.junit.platform.engine.support.hierarchical.NodeTestTask.executeRecursively(NodeTestTask.java:138)\n[a1e2476a-48b2-4536-8e86-a8f37a253094/Build Application]   | \tat org.junit.platform.engine.support.hierarchical.NodeTestTask.execute(NodeTestTask.java:95)\n[a1e2476a-48b2-4536-8e86-a8f37a253094/Build Application]   | \tat org.junit.platform.engine.support.hierarchical.SameThreadHierarchicalTestExecutorService.submit(SameThreadHierarchicalTestExecutorService.java:35)\n[a1e2476a-48b2-4536-8e86-a8f37a253094/Build Application]   | \tat org.junit.platform.engine.support.hierarchical.HierarchicalTestExecutor.execute(HierarchicalTestExecutor.java:57)\n[a1e2476a-48b2-4536-8e86-a8f37a253094/Build Application]   | \tat org.junit.platform.engine.support.hierarchical.HierarchicalTestEngine.execute(HierarchicalTestEngine.java:54)\n[a1e2476a-48b2-4536-8e86-a8f37a253094/Build Application]   | \tat org.junit.platform.launcher.core.EngineExecutionOrchestrator.execute(EngineExecutionOrchestrator.java:147)\n[a1e2476a-48b2-4536-8e86-a8f37a253094/Build Application]   | \tat org.junit.platform.launcher.core.EngineExecutionOrchestrator.execute(EngineExecutionOrchestrator.java:127)\n[a1e2476a-48b2-4536-8e86-a8f37a253094/Build Application]   | \tat org.junit.platform.launcher.core.EngineExecutionOrchestrator.execute(EngineExecutionOrchestrator.java:90)\n[a1e2476a-48b2-4536-8e86-a8f37a253094/Build Application]   | \tat org.junit.platform.launcher.core.EngineExecutionOrchestrator.lambda$execute$0(EngineExecutionOrchestrator.java:55)\n[a1e2476a-48b2-4536-8e86-a8f37a253094/Build Application]   | \tat org.junit.platform.launcher.core.EngineExecutionOrchestrator.withInterceptedStreams(EngineExecutionOrchestrator.java:102)\n[a1e2476a-48b2-4536-8e86-a8f37a253094/Build Application]   | \tat org.junit.platform.launcher.core.EngineExecutionOrchestrator.execute(EngineExecutionOrchestrator.java:54)\n[a1e2476a-48b2-4536-8e86-a8f37a253094/Build Application]   | \tat org.junit.platform.launcher.core.DefaultLauncher.execute(DefaultLauncher.java:114)\n[a1e2476a-48b2-4536-8e86-a8f37a253094/Build Application]   | \tat org.junit.platform.launcher.core.DefaultLauncher.execute(DefaultLauncher.java:86)\n[a1e2476a-48b2-4536-8e86-a8f37a253094/Build Application]   | \tat org.junit.platform.launcher.core.DefaultLauncherSession$DelegatingLauncher.execute(DefaultLauncherSession.java:86)\n[a1e2476a-48b2-4536-8e86-a8f37a253094/Build Application]   | \tat org.apache.maven.surefire.junitplatform.LazyLauncher.execute(LazyLauncher.java:56)\n[a1e2476a-48b2-4536-8e86-a8f37a253094/Build Application]   | \tat org.apache.maven.surefire.junitplatform.JUnitPlatformProvider.execute(JUnitPlatformProvider.java:184)\n[a1e2476a-48b2-4536-8e86-a8f37a253094/Build Application]   | \tat org.apache.maven.surefire.junitplatform.JUnitPlatformProvider.invokeAllTests(JUnitPlatformProvider.java:148)\n[a1e2476a-48b2-4536-8e86-a8f37a253094/Build Application]   | \tat org.apache.maven.surefire.junitplatform.JUnitPlatformProvider.invoke(JUnitPlatformProvider.java:122)\n[a1e2476a-48b2-4536-8e86-a8f37a253094/Build Application]   | \tat org.apache.maven.surefire.booter.ForkedBooter.runSuitesInProcess(ForkedBooter.java:385)\n[a1e2476a-48b2-4536-8e86-a8f37a253094/Build Application]   | \tat org.apache.maven.surefire.booter.ForkedBooter.execute(ForkedBooter.java:162)\n[a1e2476a-48b2-4536-8e86-a8f37a253094/Build Application]   | \tat org.apache.maven.surefire.booter.ForkedBooter.run(ForkedBooter.java:507)\n[a1e2476a-48b2-4536-8e86-a8f37a253094/Build Application]   | \tat org.apache.maven.surefire.booter.ForkedBooter.main(ForkedBooter.java:495)\n[a1e2476a-48b2-4536-8e86-a8f37a253094/Build Application]   | Caused by: java.lang.IllegalStateException: Could not find a valid Docker environment. Please see logs and check configuration\n[a1e2476a-48b2-4536-8e86-a8f37a253094/Build Application]   | \tat org.testcontainers.dockerclient.DockerClientProviderStrategy.lambda$getFirstValidStrategy$7(DockerClientProviderStrategy.java:276)\n[a1e2476a-48b2-4536-8e86-a8f37a253094/Build Application]   | \tat java.base/java.util.Optional.orElseThrow(Optional.java:403)\n[a1e2476a-48b2-4536-8e86-a8f37a253094/Build Application]   | \tat org.testcontainers.dockerclient.DockerClientProviderStrategy.getFirstValidStrategy(DockerClientProviderStrategy.java:267)\n[a1e2476a-48b2-4536-8e86-a8f37a253094/Build Application]   | \tat org.testcontainers.DockerClientFactory.getOrInitializeStrategy(DockerClientFactory.java:150)\n[a1e2476a-48b2-4536-8e86-a8f37a253094/Build Application]   | \tat org.testcontainers.DockerClientFactory.client(DockerClientFactory.java:191)\n[a1e2476a-48b2-4536-8e86-a8f37a253094/Build Application]   | \tat org.testcontainers.DockerClientFactory$1.getDockerClient(DockerClientFactory.java:104)\n[a1e2476a-48b2-4536-8e86-a8f37a253094/Build Application]   | \tat com.github.dockerjava.api.DockerClientDelegate.authConfig(DockerClientDelegate.java:109)\n[a1e2476a-48b2-4536-8e86-a8f37a253094/Build Application]   | \tat org.testcontainers.containers.GenericContainer.start(GenericContainer.java:321)\n[a1e2476a-48b2-4536-8e86-a8f37a253094/Build Application]   | \tat org.testcontainers.utility.RyukResourceReaper.maybeStart(RyukResourceReaper.java:78)\n[a1e2476a-48b2-4536-8e86-a8f37a253094/Build Application]   | \tat org.testcontainers.utility.RyukResourceReaper.registerLabelsFilterForCleanup(RyukResourceReaper.java:51)\n[a1e2476a-48b2-4536-8e86-a8f37a253094/Build Application]   | \tat org.testcontainers.containers.DockerComposeContainer.registerContainersForShutdown(DockerComposeContainer.java:345)\n[a1e2476a-48b2-4536-8e86-a8f37a253094/Build Application]   | \tat org.testcontainers.containers.DockerComposeContainer.start(DockerComposeContainer.java:183)\n[a1e2476a-48b2-4536-8e86-a8f37a253094/Build Application]   | \tat de.rieckpil.courses.AbstractWebTest.<clinit>(AbstractWebTest.java:53)\n[a1e2476a-48b2-4536-8e86-a8f37a253094/Build Application]   | \t... 58 more\n[a1e2476a-48b2-4536-8e86-a8f37a253094/Build Application]   | \n[a1e2476a-48b2-4536-8e86-a8f37a253094/Build Application]   | [INFO] Running de.rieckpil.courses.book.review.ReviewCreationWT\n[a1e2476a-48b2-4536-8e86-a8f37a253094/Build Application]   | [ERROR] Tests run: 1, Failures: 0, Errors: 1, Skipped: 0, Time elapsed: 0.009 s <<< FAILURE! -- in de.rieckpil.courses.book.review.ReviewCreationWT\n[a1e2476a-48b2-4536-8e86-a8f37a253094/Build Application]   | [ERROR] de.rieckpil.courses.book.review.ReviewCreationWT -- Time elapsed: 0.009 s <<< ERROR!\n[a1e2476a-48b2-4536-8e86-a8f37a253094/Build Application]   | java.lang.NoClassDefFoundError: Could not initialize class de.rieckpil.courses.AbstractWebTest\n[a1e2476a-48b2-4536-8e86-a8f37a253094/Build Application]   | \tat java.base/jdk.internal.misc.Unsafe.ensureClassInitialized0(Native Method)\n[a1e2476a-48b2-4536-8e86-a8f37a253094/Build Application]   | \tat java.base/jdk.internal.misc.Unsafe.ensureClassInitialized(Unsafe.java:1155)\n[a1e2476a-48b2-4536-8e86-a8f37a253094/Build Application]   | \tat java.base/jdk.internal.reflect.UnsafeFieldAccessorFactory.newFieldAccessor(UnsafeFieldAccessorFactory.java:42)\n[a1e2476a-48b2-4536-8e86-a8f37a253094/Build Application]   | \tat java.base/jdk.internal.reflect.ReflectionFactory.newFieldAccessor(ReflectionFactory.java:185)\n[a1e2476a-48b2-4536-8e86-a8f37a253094/Build Application]   | \tat java.base/java.lang.reflect.Field.acquireFieldAccessor(Field.java:1132)\n[a1e2476a-48b2-4536-8e86-a8f37a253094/Build Application]   | \tat java.base/java.lang.reflect.Field.getFieldAccessor(Field.java:1113)\n[a1e2476a-48b2-4536-8e86-a8f37a253094/Build Application]   | \tat java.base/java.lang.reflect.Field.get(Field.java:425)\n[a1e2476a-48b2-4536-8e86-a8f37a253094/Build Application]   | \tat org.junit.platform.commons.util.ReflectionUtils.lambda$tryToReadFieldValue$5(ReflectionUtils.java:673)\n[a1e2476a-48b2-4536-8e86-a8f37a253094/Build Application]   | \tat org.junit.platform.commons.function.Try.lambda$call$0(Try.java:57)\n[a1e2476a-48b2-4536-8e86-a8f37a253094/Build Application]   | \tat org.junit.platform.commons.function.Try.of(Try.java:93)\n[a1e2476a-48b2-4536-8e86-a8f37a253094/Build Application]   | \tat org.junit.platform.commons.function.Try.call(Try.java:57)\n[a1e2476a-48b2-4536-8e86-a8f37a253094/Build Application]   | \tat org.junit.platform.commons.util.ReflectionUtils.tryToReadFieldValue(ReflectionUtils.java:673)\n[a1e2476a-48b2-4536-8e86-a8f37a253094/Build Application]   | \tat org.junit.jupiter.engine.descriptor.ExtensionUtils.lambda$registerExtensionsFromFields$4(ExtensionUtils.java:106)\n[a1e2476a-48b2-4536-8e86-a8f37a253094/Build Application]   | \tat java.base/java.util.stream.ForEachOps$ForEachOp$OfRef.accept(ForEachOps.java:183)\n[a1e2476a-48b2-4536-8e86-a8f37a253094/Build Application]   | \tat java.base/java.util.stream.SortedOps$SizedRefSortingSink.end(SortedOps.java:357)\n[a1e2476a-48b2-4536-8e86-a8f37a253094/Build Application]   | \tat java.base/java.util.stream.AbstractPipeline.copyInto(AbstractPipeline.java:510)\n[a1e2476a-48b2-4536-8e86-a8f37a253094/Build Application]   | \tat java.base/java.util.stream.AbstractPipeline.wrapAndCopyInto(AbstractPipeline.java:499)\n[a1e2476a-48b2-4536-8e86-a8f37a253094/Build Application]   | \tat java.base/java.util.stream.ForEachOps$ForEachOp.evaluateSequential(ForEachOps.java:150)\n[a1e2476a-48b2-4536-8e86-a8f37a253094/Build Application]   | \tat java.base/java.util.stream.ForEachOps$ForEachOp$OfRef.evaluateSequential(ForEachOps.java:173)\n[a1e2476a-48b2-4536-8e86-a8f37a253094/Build Application]   | \tat java.base/java.util.stream.AbstractPipeline.evaluate(AbstractPipeline.java:234)\n[a1e2476a-48b2-4536-8e86-a8f37a253094/Build Application]   | \tat java.base/java.util.stream.ReferencePipeline.forEach(ReferencePipeline.java:596)\n[a1e2476a-48b2-4536-8e86-a8f37a253094/Build Application]   | \tat org.junit.jupiter.engine.descriptor.ExtensionUtils.registerExtensionsFromFields(ExtensionUtils.java:98)\n[a1e2476a-48b2-4536-8e86-a8f37a253094/Build Application]   | \tat org.junit.jupiter.engine.descriptor.ClassBasedTestDescriptor.prepare(ClassBasedTestDescriptor.java:154)\n[a1e2476a-48b2-4536-8e86-a8f37a253094/Build Application]   | \tat org.junit.jupiter.engine.descriptor.ClassBasedTestDescriptor.prepare(ClassBasedTestDescriptor.java:84)\n[a1e2476a-48b2-4536-8e86-a8f37a253094/Build Application]   | \tat org.junit.platform.engine.support.hierarchical.NodeTestTask.lambda$prepare$2(NodeTestTask.java:123)\n[a1e2476a-48b2-4536-8e86-a8f37a253094/Build Application]   | \tat org.junit.platform.engine.support.hierarchical.ThrowableCollector.execute(ThrowableCollector.java:73)\n[a1e2476a-48b2-4536-8e86-a8f37a253094/Build Application]   | \tat org.junit.platform.engine.support.hierarchical.NodeTestTask.prepare(NodeTestTask.java:123)\n[a1e2476a-48b2-4536-8e86-a8f37a253094/Build Application]   | \tat org.junit.platform.engine.support.hierarchical.NodeTestTask.execute(NodeTestTask.java:90)\n[a1e2476a-48b2-4536-8e86-a8f37a253094/Build Application]   | \tat java.base/java.util.ArrayList.forEach(ArrayList.java:1511)\n[a1e2476a-48b2-4536-8e86-a8f37a253094/Build Application]   | \tat org.junit.platform.engine.support.hierarchical.SameThreadHierarchicalTestExecutorService.invokeAll(SameThreadHierarchicalTestExecutorService.java:41)\n[a1e2476a-48b2-4536-8e86-a8f37a253094/Build Application]   | \tat org.junit.platform.engine.support.hierarchical.NodeTestTask.lambda$executeRecursively$6(NodeTestTask.java:155)\n[a1e2476a-48b2-4536-8e86-a8f37a253094/Build Application]   | \tat org.junit.platform.engine.support.hierarchical.ThrowableCollector.execute(ThrowableCollector.java:73)\n[a1e2476a-48b2-4536-8e86-a8f37a253094/Build Application]   | \tat org.junit.platform.engine.support.hierarchical.NodeTestTask.lambda$executeRecursively$8(NodeTestTask.java:141)\n[a1e2476a-48b2-4536-8e86-a8f37a253094/Build Application]   | \tat org.junit.platform.engine.support.hierarchical.Node.around(Node.java:137)\n[a1e2476a-48b2-4536-8e86-a8f37a253094/Build Application]   | \tat org.junit.platform.engine.support.hierarchical.NodeTestTask.lambda$executeRecursively$9(NodeTestTask.java:139)\n[a1e2476a-48b2-4536-8e86-a8f37a253094/Build Application]   | \tat org.junit.platform.engine.support.hierarchical.ThrowableCollector.execute(ThrowableCollector.java:73)\n[a1e2476a-48b2-4536-8e86-a8f37a253094/Build Application]   | \tat org.junit.platform.engine.support.hierarchical.NodeTestTask.executeRecursively(NodeTestTask.java:138)\n[a1e2476a-48b2-4536-8e86-a8f37a253094/Build Application]   | \tat org.junit.platform.engine.support.hierarchical.NodeTestTask.execute(NodeTestTask.java:95)\n[a1e2476a-48b2-4536-8e86-a8f37a253094/Build Application]   | \tat org.junit.platform.engine.support.hierarchical.SameThreadHierarchicalTestExecutorService.submit(SameThreadHierarchicalTestExecutorService.java:35)\n[a1e2476a-48b2-4536-8e86-a8f37a253094/Build Application]   | \tat org.junit.platform.engine.support.hierarchical.HierarchicalTestExecutor.execute(HierarchicalTestExecutor.java:57)\n[a1e2476a-48b2-4536-8e86-a8f37a253094/Build Application]   | \tat org.junit.platform.engine.support.hierarchical.HierarchicalTestEngine.execute(HierarchicalTestEngine.java:54)\n[a1e2476a-48b2-4536-8e86-a8f37a253094/Build Application]   | \tat org.junit.platform.launcher.core.EngineExecutionOrchestrator.execute(EngineExecutionOrchestrator.java:147)\n[a1e2476a-48b2-4536-8e86-a8f37a253094/Build Application]   | \tat org.junit.platform.launcher.core.EngineExecutionOrchestrator.execute(EngineExecutionOrchestrator.java:127)\n[a1e2476a-48b2-4536-8e86-a8f37a253094/Build Application]   | \tat org.junit.platform.launcher.core.EngineExecutionOrchestrator.execute(EngineExecutionOrchestrator.java:90)\n[a1e2476a-48b2-4536-8e86-a8f37a253094/Build Application]   | \tat org.junit.platform.launcher.core.EngineExecutionOrchestrator.lambda$execute$0(EngineExecutionOrchestrator.java:55)\n[a1e2476a-48b2-4536-8e86-a8f37a253094/Build Application]   | \tat org.junit.platform.launcher.core.EngineExecutionOrchestrator.withInterceptedStreams(EngineExecutionOrchestrator.java:102)\n[a1e2476a-48b2-4536-8e86-a8f37a253094/Build Application]   | \tat org.junit.platform.launcher.core.EngineExecutionOrchestrator.execute(EngineExecutionOrchestrator.java:54)\n[a1e2476a-48b2-4536-8e86-a8f37a253094/Build Application]   | \tat org.junit.platform.launcher.core.DefaultLauncher.execute(DefaultLauncher.java:114)\n[a1e2476a-48b2-4536-8e86-a8f37a253094/Build Application]   | \tat org.junit.platform.launcher.core.DefaultLauncher.execute(DefaultLauncher.java:86)\n[a1e2476a-48b2-4536-8e86-a8f37a253094/Build Application]   | \tat org.junit.platform.launcher.core.DefaultLauncherSession$DelegatingLauncher.execute(DefaultLauncherSession.java:86)\n[a1e2476a-48b2-4536-8e86-a8f37a253094/Build Application]   | \tat org.apache.maven.surefire.junitplatform.LazyLauncher.execute(LazyLauncher.java:56)\n[a1e2476a-48b2-4536-8e86-a8f37a253094/Build Application]   | \tat org.apache.maven.surefire.junitplatform.JUnitPlatformProvider.execute(JUnitPlatformProvider.java:184)\n[a1e2476a-48b2-4536-8e86-a8f37a253094/Build Application]   | \tat org.apache.maven.surefire.junitplatform.JUnitPlatformProvider.invokeAllTests(JUnitPlatformProvider.java:148)\n[a1e2476a-48b2-4536-8e86-a8f37a253094/Build Application]   | \tat org.apache.maven.surefire.junitplatform.JUnitPlatformProvider.invoke(JUnitPlatformProvider.java:122)\n[a1e2476a-48b2-4536-8e86-a8f37a253094/Build Application]   | \tat org.apache.maven.surefire.booter.ForkedBooter.runSuitesInProcess(ForkedBooter.java:385)\n[a1e2476a-48b2-4536-8e86-a8f37a253094/Build Application]   | \tat org.apache.maven.surefire.booter.ForkedBooter.execute(ForkedBooter.java:162)\n[a1e2476a-48b2-4536-8e86-a8f37a253094/Build Application]   | \tat org.apache.maven.surefire.booter.ForkedBooter.run(ForkedBooter.java:507)\n[a1e2476a-48b2-4536-8e86-a8f37a253094/Build Application]   | \tat org.apache.maven.surefire.booter.ForkedBooter.main(ForkedBooter.java:495)\n[a1e2476a-48b2-4536-8e86-a8f37a253094/Build Application]   | Caused by: java.lang.ExceptionInInitializerError: Exception java.lang.IllegalStateException: Could not find a valid Docker environment. Please see logs and check configuration [in thread \"main\"]\n[a1e2476a-48b2-4536-8e86-a8f37a253094/Build Application]   | \tat org.testcontainers.dockerclient.DockerClientProviderStrategy.lambda$getFirstValidStrategy$7(DockerClientProviderStrategy.java:276)\n[a1e2476a-48b2-4536-8e86-a8f37a253094/Build Application]   | \tat java.base/java.util.Optional.orElseThrow(Optional.java:403)\n[a1e2476a-48b2-4536-8e86-a8f37a253094/Build Application]   | \tat org.testcontainers.dockerclient.DockerClientProviderStrategy.getFirstValidStrategy(DockerClientProviderStrategy.java:267)\n[a1e2476a-48b2-4536-8e86-a8f37a253094/Build Application]   | \tat org.testcontainers.DockerClientFactory.getOrInitializeStrategy(DockerClientFactory.java:150)\n[a1e2476a-48b2-4536-8e86-a8f37a253094/Build Application]   | \tat org.testcontainers.DockerClientFactory.client(DockerClientFactory.java:191)\n[a1e2476a-48b2-4536-8e86-a8f37a253094/Build Application]   | \tat org.testcontainers.DockerClientFactory$1.getDockerClient(DockerClientFactory.java:104)\n[a1e2476a-48b2-4536-8e86-a8f37a253094/Build Application]   | \tat com.github.dockerjava.api.DockerClientDelegate.authConfig(DockerClientDelegate.java:109)\n[a1e2476a-48b2-4536-8e86-a8f37a253094/Build Application]   | \tat org.testcontainers.containers.GenericContainer.start(GenericContainer.java:321)\n[a1e2476a-48b2-4536-8e86-a8f37a253094/Build Application]   | \tat org.testcontainers.utility.RyukResourceReaper.maybeStart(RyukResourceReaper.java:78)\n[a1e2476a-48b2-4536-8e86-a8f37a253094/Build Application]   | \tat org.testcontainers.utility.RyukResourceReaper.registerLabelsFilterForCleanup(RyukResourceReaper.java:51)\n[a1e2476a-48b2-4536-8e86-a8f37a253094/Build Application]   | \tat org.testcontainers.containers.DockerComposeContainer.registerContainersForShutdown(DockerComposeContainer.java:345)\n[a1e2476a-48b2-4536-8e86-a8f37a253094/Build Application]   | \tat org.testcontainers.containers.DockerComposeContainer.start(DockerComposeContainer.java:183)\n[a1e2476a-48b2-4536-8e86-a8f37a253094/Build Application]   | \tat de.rieckpil.courses.AbstractWebTest.<clinit>(AbstractWebTest.java:53)\n[a1e2476a-48b2-4536-8e86-a8f37a253094/Build Application]   | \t... 58 more\n[a1e2476a-48b2-4536-8e86-a8f37a253094/Build Application]   | \n[a1e2476a-48b2-4536-8e86-a8f37a253094/Build Application]   | [INFO] \n[a1e2476a-48b2-4536-8e86-a8f37a253094/Build Application]   | [INFO] Results:\n[a1e2476a-48b2-4536-8e86-a8f37a253094/Build Application]   | [INFO] \n[a1e2476a-48b2-4536-8e86-a8f37a253094/Build Application]   | [ERROR] Errors: \n[a1e2476a-48b2-4536-8e86-a8f37a253094/Build Application]   | [ERROR]   ReviewCreationPageObjectsWT \u00bb ExceptionInInitializer\n[a1e2476a-48b2-4536-8e86-a8f37a253094/Build Application]   | [ERROR]   ReviewCreationWT \u00bb NoClassDefFound Could not initialize class de.rieckpil.courses.AbstractWebTest\n[a1e2476a-48b2-4536-8e86-a8f37a253094/Build Application]   | [INFO] \n[a1e2476a-48b2-4536-8e86-a8f37a253094/Build Application]   | [ERROR] Tests run: 2, Failures: 0, Errors: 2, Skipped: 0\n[a1e2476a-48b2-4536-8e86-a8f37a253094/Build Application]   | [INFO] \n[a1e2476a-48b2-4536-8e86-a8f37a253094/Build Application]   | [INFO] \n[a1e2476a-48b2-4536-8e86-a8f37a253094/Build Application]   | [INFO] --- failsafe:3.1.2:verify (default) @ testing-spring-boot-applications-masterclass ---\n[a1e2476a-48b2-4536-8e86-a8f37a253094/Build Application]   | [INFO] ------------------------------------------------------------------------\n[a1e2476a-48b2-4536-8e86-a8f37a253094/Build Application]   | [INFO] BUILD FAILURE\n[a1e2476a-48b2-4536-8e86-a8f37a253094/Build Application]   | [INFO] ------------------------------------------------------------------------\n[a1e2476a-48b2-4536-8e86-a8f37a253094/Build Application]   | [INFO] Total time:  01:59 min\n[a1e2476a-48b2-4536-8e86-a8f37a253094/Build Application]   | [INFO] Finished at: 2023-06-29T14:41:20Z\n[a1e2476a-48b2-4536-8e86-a8f37a253094/Build Application]   | [INFO] ------------------------------------------------------------------------\n[a1e2476a-48b2-4536-8e86-a8f37a253094/Build Application]   | [WARNING] \n[a1e2476a-48b2-4536-8e86-a8f37a253094/Build Application]   | [WARNING] Plugin validation issues were detected in 1 plugin(s)\n[a1e2476a-48b2-4536-8e86-a8f37a253094/Build Application]   | [WARNING] \n[a1e2476a-48b2-4536-8e86-a8f37a253094/Build Application]   | [WARNING]  * com.github.eirslett:frontend-maven-plugin:1.12.1\n[a1e2476a-48b2-4536-8e86-a8f37a253094/Build Application]   | [WARNING] \n[a1e2476a-48b2-4536-8e86-a8f37a253094/Build Application]   | [WARNING] For more or less details, use 'maven.plugin.validation' property with one of the values (case insensitive): [BRIEF, DEFAULT, VERBOSE]\n[a1e2476a-48b2-4536-8e86-a8f37a253094/Build Application]   | [WARNING] \n[a1e2476a-48b2-4536-8e86-a8f37a253094/Build Application]   | [INFO] 16 goals, 16 executed\n[a1e2476a-48b2-4536-8e86-a8f37a253094/Build Application]   | [INFO] \n[a1e2476a-48b2-4536-8e86-a8f37a253094/Build Application]   | [INFO] Publishing build scan...\n[a1e2476a-48b2-4536-8e86-a8f37a253094/Build Application]   | [INFO] https://gradle.com/s/cmuxiiisd5dcu\n[a1e2476a-48b2-4536-8e86-a8f37a253094/Build Application]   | [INFO] \n[a1e2476a-48b2-4536-8e86-a8f37a253094/Build Application]   | [ERROR] Failed to execute goal org.apache.maven.plugins:maven-failsafe-plugin:3.1.2:verify (default) on project testing-spring-boot-applications-masterclass: \n[a1e2476a-48b2-4536-8e86-a8f37a253094/Build Application]   | [ERROR] \n[a1e2476a-48b2-4536-8e86-a8f37a253094/Build Application]   | [ERROR] Please refer to /tmp/3d783ea4-1661-11ee-8a50-bb14de238602/rieckpil-testing-spring-boot-applications-masterclass/target/failsafe-reports for the individual test results.\n[a1e2476a-48b2-4536-8e86-a8f37a253094/Build Application]   | [ERROR] Please refer to dump files (if any exist) [date].dump, [date]-jvmRun[N].dump and [date].dumpstream.\n[a1e2476a-48b2-4536-8e86-a8f37a253094/Build Application]   | [ERROR] -> [Help 1]\n[a1e2476a-48b2-4536-8e86-a8f37a253094/Build Application]   | [ERROR] \n[a1e2476a-48b2-4536-8e86-a8f37a253094/Build Application]   | [ERROR] To see the full stack trace of the errors, re-run Maven with the -e switch.\n[a1e2476a-48b2-4536-8e86-a8f37a253094/Build Application]   | [ERROR] Re-run Maven using the -X switch to enable full debug logging.\n[a1e2476a-48b2-4536-8e86-a8f37a253094/Build Application]   | [ERROR] \n[a1e2476a-48b2-4536-8e86-a8f37a253094/Build Application]   | [ERROR] For more information about the errors and possible solutions, please read the following articles:\n[a1e2476a-48b2-4536-8e86-a8f37a253094/Build Application]   | [ERROR] [Help 1] http://cwiki.apache.org/confluence/display/MAVEN/MojoFailureException\n[a1e2476a-48b2-4536-8e86-a8f37a253094/Build Application]   \ud83d\udcac  ::debug::Code: 1\n[a1e2476a-48b2-4536-8e86-a8f37a253094/Build Application]   \ud83d\udcac  ::debug::Signal: null\n[a1e2476a-48b2-4536-8e86-a8f37a253094/Build Application]   \ud83d\udcac  ::debug::Waited 10010ms\n[a1e2476a-48b2-4536-8e86-a8f37a253094/Build Application]   \ud83d\udcac  ::debug::Configured wait: 10000ms\n[a1e2476a-48b2-4536-8e86-a8f37a253094/Build Application]   \ud83d\udea7  ::warning::Attempt 1 failed. Reason: Child_process exited with error code 1\n[a1e2476a-48b2-4536-8e86-a8f37a253094/Build Application]   \ud83d\udcac  ::debug::Running command ./mvnw verify --no-transfer-progress -Pwebtests on linux using shell bash\n[a1e2476a-48b2-4536-8e86-a8f37a253094/Build Application]   | [INFO] Scanning for projects...\n[a1e2476a-48b2-4536-8e86-a8f37a253094/Build Application]   | [INFO] \n[a1e2476a-48b2-4536-8e86-a8f37a253094/Build Application]   | [INFO] --< de.rieckpil.courses:testing-spring-boot-applications-masterclass >--\n[a1e2476a-48b2-4536-8e86-a8f37a253094/Build Application]   | [INFO] Building testing-spring-boot-applications-masterclass 0.0.1-SNAPSHOT\n[a1e2476a-48b2-4536-8e86-a8f37a253094/Build Application]   | [INFO]   from pom.xml\n[a1e2476a-48b2-4536-8e86-a8f37a253094/Build Application]   | [INFO] --------------------------------[ jar ]---------------------------------\n[a1e2476a-48b2-4536-8e86-a8f37a253094/Build Application]   | [INFO] \n[a1e2476a-48b2-4536-8e86-a8f37a253094/Build Application]   | [INFO] --- enforcer:3.3.0:enforce (default) @ testing-spring-boot-applications-masterclass ---\n[a1e2476a-48b2-4536-8e86-a8f37a253094/Build Application]   | [INFO] Rule 0: org.apache.maven.enforcer.rules.dependency.DependencyConvergence passed\n[a1e2476a-48b2-4536-8e86-a8f37a253094/Build Application]   | [INFO] \n[a1e2476a-48b2-4536-8e86-a8f37a253094/Build Application]   | [INFO] --- spotless:2.37.0:check (default) @ testing-spring-boot-applications-masterclass ---\n[a1e2476a-48b2-4536-8e86-a8f37a253094/Build Application]   | [INFO] Spotless.Java is keeping 65 files clean - 0 needs changes to be clean, 0 were already clean, 65 were skipped because caching determined they were already clean\n[a1e2476a-48b2-4536-8e86-a8f37a253094/Build Application]   | [INFO] \n[a1e2476a-48b2-4536-8e86-a8f37a253094/Build Application]   | [INFO] --- sortpom:3.2.1:verify (default) @ testing-spring-boot-applications-masterclass ---\n[a1e2476a-48b2-4536-8e86-a8f37a253094/Build Application]   | [INFO] Verifying file /tmp/3d783ea4-1661-11ee-8a50-bb14de238602/rieckpil-testing-spring-boot-applications-masterclass/pom.xml\n[a1e2476a-48b2-4536-8e86-a8f37a253094/Build Application]   | [INFO] \n[a1e2476a-48b2-4536-8e86-a8f37a253094/Build Application]   | [INFO] --- frontend:1.12.1:install-node-and-npm (install node and npm) @ testing-spring-boot-applications-masterclass ---\n[a1e2476a-48b2-4536-8e86-a8f37a253094/Build Application]   | [INFO] Node v18.16.0 is already installed.\n[a1e2476a-48b2-4536-8e86-a8f37a253094/Build Application]   | [INFO] \n[a1e2476a-48b2-4536-8e86-a8f37a253094/Build Application]   | [INFO] --- frontend:1.12.1:npm (npm install) @ testing-spring-boot-applications-masterclass ---\n[a1e2476a-48b2-4536-8e86-a8f37a253094/Build Application]   | [INFO] Running 'npm install' in /tmp/3d783ea4-1661-11ee-8a50-bb14de238602/rieckpil-testing-spring-boot-applications-masterclass/src/frontend\n[a1e2476a-48b2-4536-8e86-a8f37a253094/Build Application]   | [INFO] \n[a1e2476a-48b2-4536-8e86-a8f37a253094/Build Application]   | [INFO] > frontend@0.1.0 postinstall\n[a1e2476a-48b2-4536-8e86-a8f37a253094/Build Application]   | [INFO] > semantic-ui-css-patch\n[a1e2476a-48b2-4536-8e86-a8f37a253094/Build Application]   | [INFO] \n[a1e2476a-48b2-4536-8e86-a8f37a253094/Build Application]   | [INFO] \u2139 Patch was successfully applied\n[a1e2476a-48b2-4536-8e86-a8f37a253094/Build Application]   | [INFO] \n[a1e2476a-48b2-4536-8e86-a8f37a253094/Build Application]   | [INFO] up to date, audited 1322 packages in 8s\n[a1e2476a-48b2-4536-8e86-a8f37a253094/Build Application]   | [INFO] \n[a1e2476a-48b2-4536-8e86-a8f37a253094/Build Application]   | [INFO] 173 packages are looking for funding\n[a1e2476a-48b2-4536-8e86-a8f37a253094/Build Application]   | [INFO]   run `npm fund` for details\n[a1e2476a-48b2-4536-8e86-a8f37a253094/Build Application]   | [INFO] \n[a1e2476a-48b2-4536-8e86-a8f37a253094/Build Application]   | [INFO] 77 vulnerabilities (64 moderate, 12 high, 1 critical)\n[a1e2476a-48b2-4536-8e86-a8f37a253094/Build Application]   | [INFO] \n[a1e2476a-48b2-4536-8e86-a8f37a253094/Build Application]   | [INFO] To address issues that do not require attention, run:\n[a1e2476a-48b2-4536-8e86-a8f37a253094/Build Application]   | [INFO]   npm audit fix\n[a1e2476a-48b2-4536-8e86-a8f37a253094/Build Application]   | [INFO] \n[a1e2476a-48b2-4536-8e86-a8f37a253094/Build Application]   | [INFO] To address all issues (including breaking changes), run:\n[a1e2476a-48b2-4536-8e86-a8f37a253094/Build Application]   | [INFO]   npm audit fix --force\n[a1e2476a-48b2-4536-8e86-a8f37a253094/Build Application]   | [INFO] \n[a1e2476a-48b2-4536-8e86-a8f37a253094/Build Application]   | [INFO] Run `npm audit` for details.\n[a1e2476a-48b2-4536-8e86-a8f37a253094/Build Application]   | [INFO] \n[a1e2476a-48b2-4536-8e86-a8f37a253094/Build Application]   | [INFO] --- frontend:1.12.1:npm (npm test) @ testing-spring-boot-applications-masterclass ---\n[a1e2476a-48b2-4536-8e86-a8f37a253094/Build Application]   | [INFO] Running 'npm test' in /tmp/3d783ea4-1661-11ee-8a50-bb14de238602/rieckpil-testing-spring-boot-applications-masterclass/src/frontend\n[a1e2476a-48b2-4536-8e86-a8f37a253094/Build Application]   | [INFO] \n[a1e2476a-48b2-4536-8e86-a8f37a253094/Build Application]   | [INFO] > frontend@0.1.0 test\n[a1e2476a-48b2-4536-8e86-a8f37a253094/Build Application]   | [INFO] > react-scripts test\n[a1e2476a-48b2-4536-8e86-a8f37a253094/Build Application]   | [INFO] \n[a1e2476a-48b2-4536-8e86-a8f37a253094/Build Application]   | [INFO] PASS src/App.test.tsx\n[a1e2476a-48b2-4536-8e86-a8f37a253094/Build Application]   | [INFO]   \u2713 renders react app (108 ms)\n[a1e2476a-48b2-4536-8e86-a8f37a253094/Build Application]   | [INFO] \n[a1e2476a-48b2-4536-8e86-a8f37a253094/Build Application]   | [INFO] Test Suites: 1 passed, 1 total\n[a1e2476a-48b2-4536-8e86-a8f37a253094/Build Application]   | [INFO] Tests:       1 passed, 1 total\n[a1e2476a-48b2-4536-8e86-a8f37a253094/Build Application]   | [INFO] Snapshots:   0 total\n[a1e2476a-48b2-4536-8e86-a8f37a253094/Build Application]   | [INFO] Time:        2.318 s\n[a1e2476a-48b2-4536-8e86-a8f37a253094/Build Application]   | [INFO] Ran all test suites.\n[a1e2476a-48b2-4536-8e86-a8f37a253094/Build Application]   | [INFO] \n[a1e2476a-48b2-4536-8e86-a8f37a253094/Build Application]   | [INFO] --- frontend:1.12.1:npm (npm build) @ testing-spring-boot-applications-masterclass ---\n[a1e2476a-48b2-4536-8e86-a8f37a253094/Build Application]   | [INFO] Running 'npm run build' in /tmp/3d783ea4-1661-11ee-8a50-bb14de238602/rieckpil-testing-spring-boot-applications-masterclass/src/frontend\n[a1e2476a-48b2-4536-8e86-a8f37a253094/Build Application]   | [INFO] \n[a1e2476a-48b2-4536-8e86-a8f37a253094/Build Application]   | [INFO] > frontend@0.1.0 build\n[a1e2476a-48b2-4536-8e86-a8f37a253094/Build Application]   | [INFO] > react-scripts build\n[a1e2476a-48b2-4536-8e86-a8f37a253094/Build Application]   | [INFO] \n[a1e2476a-48b2-4536-8e86-a8f37a253094/Build Application]   | [INFO] Creating an optimized production build...\n[a1e2476a-48b2-4536-8e86-a8f37a253094/Build Application]   | [INFO] Compiled successfully.\n[a1e2476a-48b2-4536-8e86-a8f37a253094/Build Application]   | [INFO] \n[a1e2476a-48b2-4536-8e86-a8f37a253094/Build Application]   | [INFO] File sizes after gzip:\n[a1e2476a-48b2-4536-8e86-a8f37a253094/Build Application]   | [INFO] \n[a1e2476a-48b2-4536-8e86-a8f37a253094/Build Application]   | [INFO]   102.92 kB  build/static/js/main.f12a464e.js\n[a1e2476a-48b2-4536-8e86-a8f37a253094/Build Application]   | [INFO]   98.52 kB   build/static/css/main.199a0dc0.css\n[a1e2476a-48b2-4536-8e86-a8f37a253094/Build Application]   | [INFO] \n[a1e2476a-48b2-4536-8e86-a8f37a253094/Build Application]   | [INFO] The project was built assuming it is hosted at /.\n[a1e2476a-48b2-4536-8e86-a8f37a253094/Build Application]   | [INFO] You can control this with the homepage field in your package.json.\n[a1e2476a-48b2-4536-8e86-a8f37a253094/Build Application]   | [INFO] \n[a1e2476a-48b2-4536-8e86-a8f37a253094/Build Application]   | [INFO] The build folder is ready to be deployed.\n[a1e2476a-48b2-4536-8e86-a8f37a253094/Build Application]   | [INFO] You may serve it with a static server:\n[a1e2476a-48b2-4536-8e86-a8f37a253094/Build Application]   | [INFO] \n[a1e2476a-48b2-4536-8e86-a8f37a253094/Build Application]   | [INFO]   npm install -g serve\n[a1e2476a-48b2-4536-8e86-a8f37a253094/Build Application]   | [INFO]   serve -s build\n[a1e2476a-48b2-4536-8e86-a8f37a253094/Build Application]   | [INFO] \n[a1e2476a-48b2-4536-8e86-a8f37a253094/Build Application]   | [INFO] Find out more about deployment here:\n[a1e2476a-48b2-4536-8e86-a8f37a253094/Build Application]   | [INFO] \n[a1e2476a-48b2-4536-8e86-a8f37a253094/Build Application]   | [INFO]   https://cra.link/deployment\n[a1e2476a-48b2-4536-8e86-a8f37a253094/Build Application]   | [INFO] \n[a1e2476a-48b2-4536-8e86-a8f37a253094/Build Application]   | [INFO] \n[a1e2476a-48b2-4536-8e86-a8f37a253094/Build Application]   | [INFO] --- resources:3.3.1:resources (default-resources) @ testing-spring-boot-applications-masterclass ---\n[a1e2476a-48b2-4536-8e86-a8f37a253094/Build Application]   | [INFO] Copying 28 resources from src/frontend/build to target/classes/public\n[a1e2476a-48b2-4536-8e86-a8f37a253094/Build Application]   | [INFO] Copying 5 resources from src/main/resources to target/classes\n[a1e2476a-48b2-4536-8e86-a8f37a253094/Build Application]   | [INFO] \n[a1e2476a-48b2-4536-8e86-a8f37a253094/Build Application]   | [INFO] --- compiler:3.11.0:compile (default-compile) @ testing-spring-boot-applications-masterclass ---\n[a1e2476a-48b2-4536-8e86-a8f37a253094/Build Application]   | [INFO] Nothing to compile - all classes are up to date\n[a1e2476a-48b2-4536-8e86-a8f37a253094/Build Application]   | [INFO] \n[a1e2476a-48b2-4536-8e86-a8f37a253094/Build Application]   | [INFO] --- resources:3.3.1:testResources (default-testResources) @ testing-spring-boot-applications-masterclass ---\n[a1e2476a-48b2-4536-8e86-a8f37a253094/Build Application]   | [INFO] Copying 16 resources from src/test/resources to target/test-classes\n[a1e2476a-48b2-4536-8e86-a8f37a253094/Build Application]   | [INFO] \n[a1e2476a-48b2-4536-8e86-a8f37a253094/Build Application]   | [INFO] --- compiler:3.11.0:testCompile (default-testCompile) @ testing-spring-boot-applications-masterclass ---\n[a1e2476a-48b2-4536-8e86-a8f37a253094/Build Application]   | [WARNING] The following annotation processors were found on the classpath: [com.google.auto.service.processor.AutoServiceProcessor].\n[a1e2476a-48b2-4536-8e86-a8f37a253094/Build Application]   | Compile avoidance has been deactivated.\n[a1e2476a-48b2-4536-8e86-a8f37a253094/Build Application]   | Please use the maven-compiler-plugin version 3.5 or above and use the <annotationProcessorPaths> configuration element to declare the processors instead.\n[a1e2476a-48b2-4536-8e86-a8f37a253094/Build Application]   | If you did not intend to use the processors above (e.g. they were leaked by a dependency), you can use the <proc>none</proc> option to disable annotation processing.\n[a1e2476a-48b2-4536-8e86-a8f37a253094/Build Application]   | \n[a1e2476a-48b2-4536-8e86-a8f37a253094/Build Application]   | For more information see https://gradle.com/enterprise/help/maven-extension-compile-avoidance.\n[a1e2476a-48b2-4536-8e86-a8f37a253094/Build Application]   | [INFO] Nothing to compile - all classes are up to date\n[a1e2476a-48b2-4536-8e86-a8f37a253094/Build Application]   | [INFO] \n[a1e2476a-48b2-4536-8e86-a8f37a253094/Build Application]   | [INFO] --- surefire:3.1.2:test (default-test) @ testing-spring-boot-applications-masterclass ---\n[a1e2476a-48b2-4536-8e86-a8f37a253094/Build Application]   | [INFO] Tests are skipped.\n[a1e2476a-48b2-4536-8e86-a8f37a253094/Build Application]   | [INFO] Skipped\n[a1e2476a-48b2-4536-8e86-a8f37a253094/Build Application]   | [INFO] \n[a1e2476a-48b2-4536-8e86-a8f37a253094/Build Application]   | [INFO] --- jar:3.3.0:jar (default-jar) @ testing-spring-boot-applications-masterclass ---\n[a1e2476a-48b2-4536-8e86-a8f37a253094/Build Application]   | [INFO] Building jar: /tmp/3d783ea4-1661-11ee-8a50-bb14de238602/rieckpil-testing-spring-boot-applications-masterclass/target/testing-spring-boot-applications-masterclass.jar\n[a1e2476a-48b2-4536-8e86-a8f37a253094/Build Application]   | [INFO] \n[a1e2476a-48b2-4536-8e86-a8f37a253094/Build Application]   | [INFO] --- spring-boot:3.1.0:repackage (repackage) @ testing-spring-boot-applications-masterclass ---\n[a1e2476a-48b2-4536-8e86-a8f37a253094/Build Application]   | [INFO] Replacing main artifact /tmp/3d783ea4-1661-11ee-8a50-bb14de238602/rieckpil-testing-spring-boot-applications-masterclass/target/testing-spring-boot-applications-masterclass.jar with repackaged archive, adding nested dependencies in BOOT-INF/.\n[a1e2476a-48b2-4536-8e86-a8f37a253094/Build Application]   | [INFO] The original artifact has been renamed to /tmp/3d783ea4-1661-11ee-8a50-bb14de238602/rieckpil-testing-spring-boot-applications-masterclass/target/testing-spring-boot-applications-masterclass.jar.original\n[a1e2476a-48b2-4536-8e86-a8f37a253094/Build Application]   | [INFO] \n[a1e2476a-48b2-4536-8e86-a8f37a253094/Build Application]   | [INFO] --- failsafe:3.1.2:integration-test (default) @ testing-spring-boot-applications-masterclass ---\n[a1e2476a-48b2-4536-8e86-a8f37a253094/Build Application]   | [INFO] Using auto detected provider org.apache.maven.surefire.junitplatform.JUnitPlatformProvider\n[a1e2476a-48b2-4536-8e86-a8f37a253094/Build Application]   | [INFO] Using auto detected provider org.apache.maven.surefire.junitplatform.JUnitPlatformProvider\n[a1e2476a-48b2-4536-8e86-a8f37a253094/Build Application]   | [INFO] \n[a1e2476a-48b2-4536-8e86-a8f37a253094/Build Application]   | [INFO] -------------------------------------------------------\n[a1e2476a-48b2-4536-8e86-a8f37a253094/Build Application]   | [INFO]  T E S T S\n[a1e2476a-48b2-4536-8e86-a8f37a253094/Build Application]   | [INFO] -------------------------------------------------------\n[a1e2476a-48b2-4536-8e86-a8f37a253094/Build Application]   | 2023-06-29T14:42:18.028Z  INFO   --- [           main] o.t.utility.ImageNameSubstitutor         : Image name substitution will be performed by: DefaultImageNameSubstitutor (composite of 'ConfigurationFileImageNameSubstitutor' and 'PrefixingImageNameSubstitutor')\n[a1e2476a-48b2-4536-8e86-a8f37a253094/Build Application]   | 2023-06-29T14:42:18.488Z  WARN   --- [           main] o.t.d.DockerClientProviderStrategy       : DOCKER_HOST unix:///var/run/docker.sock is not listening\n[a1e2476a-48b2-4536-8e86-a8f37a253094/Build Application]   | 2023-06-29T14:42:18.492Z  INFO   --- [           main] .t.d.DockerMachineClientProviderStrategy : docker-machine executable was not found on PATH ([/opt/hostedtoolcache/Java_Temurin-Hotspot_jdk/17.0.7-7/x64/bin, /usr/local/sbin, /usr/local/bin, /usr/sbin, /usr/bin, /sbin, /bin])\n[a1e2476a-48b2-4536-8e86-a8f37a253094/Build Application]   | 2023-06-29T14:42:18.493Z ERROR   --- [           main] o.t.d.DockerClientProviderStrategy       : Could not find a valid Docker environment. Please check configuration. Attempted configurations were:\n[a1e2476a-48b2-4536-8e86-a8f37a253094/Build Application]   | \tDockerDesktopClientProviderStrategy: failed with exception NullPointerException (Cannot invoke \"java.nio.file.Path.toString()\" because the return value of \"org.testcontainers.dockerclient.DockerDesktopClientProviderStrategy.getSocketPath()\" is null)As no valid configuration was found, execution cannot continue.\n[a1e2476a-48b2-4536-8e86-a8f37a253094/Build Application]   | See https://www.testcontainers.org/on_failure.html for more details.\n[a1e2476a-48b2-4536-8e86-a8f37a253094/Build Application]   | [INFO] Running de.rieckpil.courses.book.review.ReviewCreationPageObjectsWT\n[a1e2476a-48b2-4536-8e86-a8f37a253094/Build Application]   | [ERROR] Tests run: 1, Failures: 0, Errors: 1, Skipped: 0, Time elapsed: 0.178 s <<< FAILURE! -- in de.rieckpil.courses.book.review.ReviewCreationPageObjectsWT\n[a1e2476a-48b2-4536-8e86-a8f37a253094/Build Application]   | [ERROR] de.rieckpil.courses.book.review.ReviewCreationPageObjectsWT -- Time elapsed: 0.178 s <<< ERROR!\n[a1e2476a-48b2-4536-8e86-a8f37a253094/Build Application]   | java.lang.ExceptionInInitializerError\n[a1e2476a-48b2-4536-8e86-a8f37a253094/Build Application]   | \tat java.base/jdk.internal.misc.Unsafe.ensureClassInitialized0(Native Method)\n[a1e2476a-48b2-4536-8e86-a8f37a253094/Build Application]   | \tat java.base/jdk.internal.misc.Unsafe.ensureClassInitialized(Unsafe.java:1155)\n[a1e2476a-48b2-4536-8e86-a8f37a253094/Build Application]   | \tat java.base/jdk.internal.reflect.UnsafeFieldAccessorFactory.newFieldAccessor(UnsafeFieldAccessorFactory.java:42)\n[a1e2476a-48b2-4536-8e86-a8f37a253094/Build Application]   | \tat java.base/jdk.internal.reflect.ReflectionFactory.newFieldAccessor(ReflectionFactory.java:185)\n[a1e2476a-48b2-4536-8e86-a8f37a253094/Build Application]   | \tat java.base/java.lang.reflect.Field.acquireFieldAccessor(Field.java:1132)\n[a1e2476a-48b2-4536-8e86-a8f37a253094/Build Application]   | \tat java.base/java.lang.reflect.Field.getFieldAccessor(Field.java:1113)\n[a1e2476a-48b2-4536-8e86-a8f37a253094/Build Application]   | \tat java.base/java.lang.reflect.Field.get(Field.java:425)\n[a1e2476a-48b2-4536-8e86-a8f37a253094/Build Application]   | \tat org.junit.platform.commons.util.ReflectionUtils.lambda$tryToReadFieldValue$5(ReflectionUtils.java:673)\n[a1e2476a-48b2-4536-8e86-a8f37a253094/Build Application]   | \tat org.junit.platform.commons.function.Try.lambda$call$0(Try.java:57)\n[a1e2476a-48b2-4536-8e86-a8f37a253094/Build Application]   | \tat org.junit.platform.commons.function.Try.of(Try.java:93)\n[a1e2476a-48b2-4536-8e86-a8f37a253094/Build Application]   | \tat org.junit.platform.commons.function.Try.call(Try.java:57)\n[a1e2476a-48b2-4536-8e86-a8f37a253094/Build Application]   | \tat org.junit.platform.commons.util.ReflectionUtils.tryToReadFieldValue(ReflectionUtils.java:673)\n[a1e2476a-48b2-4536-8e86-a8f37a253094/Build Application]   | \tat org.junit.jupiter.engine.descriptor.ExtensionUtils.lambda$registerExtensionsFromFields$4(ExtensionUtils.java:106)\n[a1e2476a-48b2-4536-8e86-a8f37a253094/Build Application]   | \tat java.base/java.util.stream.ForEachOps$ForEachOp$OfRef.accept(ForEachOps.java:183)\n[a1e2476a-48b2-4536-8e86-a8f37a253094/Build Application]   | \tat java.base/java.util.stream.SortedOps$SizedRefSortingSink.end(SortedOps.java:357)\n[a1e2476a-48b2-4536-8e86-a8f37a253094/Build Application]   | \tat java.base/java.util.stream.AbstractPipeline.copyInto(AbstractPipeline.java:510)\n[a1e2476a-48b2-4536-8e86-a8f37a253094/Build Application]   | \tat java.base/java.util.stream.AbstractPipeline.wrapAndCopyInto(AbstractPipeline.java:499)\n[a1e2476a-48b2-4536-8e86-a8f37a253094/Build Application]   | \tat java.base/java.util.stream.ForEachOps$ForEachOp.evaluateSequential(ForEachOps.java:150)\n[a1e2476a-48b2-4536-8e86-a8f37a253094/Build Application]   | \tat java.base/java.util.stream.ForEachOps$ForEachOp$OfRef.evaluateSequential(ForEachOps.java:173)\n[a1e2476a-48b2-4536-8e86-a8f37a253094/Build Application]   | \tat java.base/java.util.stream.AbstractPipeline.evaluate(AbstractPipeline.java:234)\n[a1e2476a-48b2-4536-8e86-a8f37a253094/Build Application]   | \tat java.base/java.util.stream.ReferencePipeline.forEach(ReferencePipeline.java:596)\n[a1e2476a-48b2-4536-8e86-a8f37a253094/Build Application]   | \tat org.junit.jupiter.engine.descriptor.ExtensionUtils.registerExtensionsFromFields(ExtensionUtils.java:98)\n[a1e2476a-48b2-4536-8e86-a8f37a253094/Build Application]   | \tat org.junit.jupiter.engine.descriptor.ClassBasedTestDescriptor.prepare(ClassBasedTestDescriptor.java:154)\n[a1e2476a-48b2-4536-8e86-a8f37a253094/Build Application]   | \tat org.junit.jupiter.engine.descriptor.ClassBasedTestDescriptor.prepare(ClassBasedTestDescriptor.java:84)\n[a1e2476a-48b2-4536-8e86-a8f37a253094/Build Application]   | \tat org.junit.platform.engine.support.hierarchical.NodeTestTask.lambda$prepare$2(NodeTestTask.java:123)\n[a1e2476a-48b2-4536-8e86-a8f37a253094/Build Application]   | \tat org.junit.platform.engine.support.hierarchical.ThrowableCollector.execute(ThrowableCollector.java:73)\n[a1e2476a-48b2-4536-8e86-a8f37a253094/Build Application]   | \tat org.junit.platform.engine.support.hierarchical.NodeTestTask.prepare(NodeTestTask.java:123)\n[a1e2476a-48b2-4536-8e86-a8f37a253094/Build Application]   | \tat org.junit.platform.engine.support.hierarchical.NodeTestTask.execute(NodeTestTask.java:90)\n[a1e2476a-48b2-4536-8e86-a8f37a253094/Build Application]   | \tat java.base/java.util.ArrayList.forEach(ArrayList.java:1511)\n[a1e2476a-48b2-4536-8e86-a8f37a253094/Build Application]   | \tat org.junit.platform.engine.support.hierarchical.SameThreadHierarchicalTestExecutorService.invokeAll(SameThreadHierarchicalTestExecutorService.java:41)\n[a1e2476a-48b2-4536-8e86-a8f37a253094/Build Application]   | \tat org.junit.platform.engine.support.hierarchical.NodeTestTask.lambda$executeRecursively$6(NodeTestTask.java:155)\n[a1e2476a-48b2-4536-8e86-a8f37a253094/Build Application]   | \tat org.junit.platform.engine.support.hierarchical.ThrowableCollector.execute(ThrowableCollector.java:73)\n[a1e2476a-48b2-4536-8e86-a8f37a253094/Build Application]   | \tat org.junit.platform.engine.support.hierarchical.NodeTestTask.lambda$executeRecursively$8(NodeTestTask.java:141)\n[a1e2476a-48b2-4536-8e86-a8f37a253094/Build Application]   | \tat org.junit.platform.engine.support.hierarchical.Node.around(Node.java:137)\n[a1e2476a-48b2-4536-8e86-a8f37a253094/Build Application]   | \tat org.junit.platform.engine.support.hierarchical.NodeTestTask.lambda$executeRecursively$9(NodeTestTask.java:139)\n[a1e2476a-48b2-4536-8e86-a8f37a253094/Build Application]   | \tat org.junit.platform.engine.support.hierarchical.ThrowableCollector.execute(ThrowableCollector.java:73)\n[a1e2476a-48b2-4536-8e86-a8f37a253094/Build Application]   | \tat org.junit.platform.engine.support.hierarchical.NodeTestTask.executeRecursively(NodeTestTask.java:138)\n[a1e2476a-48b2-4536-8e86-a8f37a253094/Build Application]   | \tat org.junit.platform.engine.support.hierarchical.NodeTestTask.execute(NodeTestTask.java:95)\n[a1e2476a-48b2-4536-8e86-a8f37a253094/Build Application]   | \tat org.junit.platform.engine.support.hierarchical.SameThreadHierarchicalTestExecutorService.submit(SameThreadHierarchicalTestExecutorService.java:35)\n[a1e2476a-48b2-4536-8e86-a8f37a253094/Build Application]   | \tat org.junit.platform.engine.support.hierarchical.HierarchicalTestExecutor.execute(HierarchicalTestExecutor.java:57)\n[a1e2476a-48b2-4536-8e86-a8f37a253094/Build Application]   | \tat org.junit.platform.engine.support.hierarchical.HierarchicalTestEngine.execute(HierarchicalTestEngine.java:54)\n[a1e2476a-48b2-4536-8e86-a8f37a253094/Build Application]   | \tat org.junit.platform.launcher.core.EngineExecutionOrchestrator.execute(EngineExecutionOrchestrator.java:147)\n[a1e2476a-48b2-4536-8e86-a8f37a253094/Build Application]   | \tat org.junit.platform.launcher.core.EngineExecutionOrchestrator.execute(EngineExecutionOrchestrator.java:127)\n[a1e2476a-48b2-4536-8e86-a8f37a253094/Build Application]   | \tat org.junit.platform.launcher.core.EngineExecutionOrchestrator.execute(EngineExecutionOrchestrator.java:90)\n[a1e2476a-48b2-4536-8e86-a8f37a253094/Build Application]   | \tat org.junit.platform.launcher.core.EngineExecutionOrchestrator.lambda$execute$0(EngineExecutionOrchestrator.java:55)\n[a1e2476a-48b2-4536-8e86-a8f37a253094/Build Application]   | \tat org.junit.platform.launcher.core.EngineExecutionOrchestrator.withInterceptedStreams(EngineExecutionOrchestrator.java:102)\n[a1e2476a-48b2-4536-8e86-a8f37a253094/Build Application]   | \tat org.junit.platform.launcher.core.EngineExecutionOrchestrator.execute(EngineExecutionOrchestrator.java:54)\n[a1e2476a-48b2-4536-8e86-a8f37a253094/Build Application]   | \tat org.junit.platform.launcher.core.DefaultLauncher.execute(DefaultLauncher.java:114)\n[a1e2476a-48b2-4536-8e86-a8f37a253094/Build Application]   | \tat org.junit.platform.launcher.core.DefaultLauncher.execute(DefaultLauncher.java:86)\n[a1e2476a-48b2-4536-8e86-a8f37a253094/Build Application]   | \tat org.junit.platform.launcher.core.DefaultLauncherSession$DelegatingLauncher.execute(DefaultLauncherSession.java:86)\n[a1e2476a-48b2-4536-8e86-a8f37a253094/Build Application]   | \tat org.apache.maven.surefire.junitplatform.LazyLauncher.execute(LazyLauncher.java:56)\n[a1e2476a-48b2-4536-8e86-a8f37a253094/Build Application]   | \tat org.apache.maven.surefire.junitplatform.JUnitPlatformProvider.execute(JUnitPlatformProvider.java:184)\n[a1e2476a-48b2-4536-8e86-a8f37a253094/Build Application]   | \tat org.apache.maven.surefire.junitplatform.JUnitPlatformProvider.invokeAllTests(JUnitPlatformProvider.java:148)\n[a1e2476a-48b2-4536-8e86-a8f37a253094/Build Application]   | \tat org.apache.maven.surefire.junitplatform.JUnitPlatformProvider.invoke(JUnitPlatformProvider.java:122)\n[a1e2476a-48b2-4536-8e86-a8f37a253094/Build Application]   | \tat org.apache.maven.surefire.booter.ForkedBooter.runSuitesInProcess(ForkedBooter.java:385)\n[a1e2476a-48b2-4536-8e86-a8f37a253094/Build Application]   | \tat org.apache.maven.surefire.booter.ForkedBooter.execute(ForkedBooter.java:162)\n[a1e2476a-48b2-4536-8e86-a8f37a253094/Build Application]   | \tat org.apache.maven.surefire.booter.ForkedBooter.run(ForkedBooter.java:507)\n[a1e2476a-48b2-4536-8e86-a8f37a253094/Build Application]   | \tat org.apache.maven.surefire.booter.ForkedBooter.main(ForkedBooter.java:495)\n[a1e2476a-48b2-4536-8e86-a8f37a253094/Build Application]   | Caused by: java.lang.IllegalStateException: Could not find a valid Docker environment. Please see logs and check configuration\n[a1e2476a-48b2-4536-8e86-a8f37a253094/Build Application]   | \tat org.testcontainers.dockerclient.DockerClientProviderStrategy.lambda$getFirstValidStrategy$7(DockerClientProviderStrategy.java:276)\n[a1e2476a-48b2-4536-8e86-a8f37a253094/Build Application]   | \tat java.base/java.util.Optional.orElseThrow(Optional.java:403)\n[a1e2476a-48b2-4536-8e86-a8f37a253094/Build Application]   | \tat org.testcontainers.dockerclient.DockerClientProviderStrategy.getFirstValidStrategy(DockerClientProviderStrategy.java:267)\n[a1e2476a-48b2-4536-8e86-a8f37a253094/Build Application]   | \tat org.testcontainers.DockerClientFactory.getOrInitializeStrategy(DockerClientFactory.java:150)\n[a1e2476a-48b2-4536-8e86-a8f37a253094/Build Application]   | \tat org.testcontainers.DockerClientFactory.client(DockerClientFactory.java:191)\n[a1e2476a-48b2-4536-8e86-a8f37a253094/Build Application]   | \tat org.testcontainers.DockerClientFactory$1.getDockerClient(DockerClientFactory.java:104)\n[a1e2476a-48b2-4536-8e86-a8f37a253094/Build Application]   | \tat com.github.dockerjava.api.DockerClientDelegate.authConfig(DockerClientDelegate.java:109)\n[a1e2476a-48b2-4536-8e86-a8f37a253094/Build Application]   | \tat org.testcontainers.containers.GenericContainer.start(GenericContainer.java:321)\n[a1e2476a-48b2-4536-8e86-a8f37a253094/Build Application]   | \tat org.testcontainers.utility.RyukResourceReaper.maybeStart(RyukResourceReaper.java:78)\n[a1e2476a-48b2-4536-8e86-a8f37a253094/Build Application]   | \tat org.testcontainers.utility.RyukResourceReaper.registerLabelsFilterForCleanup(RyukResourceReaper.java:51)\n[a1e2476a-48b2-4536-8e86-a8f37a253094/Build Application]   | \tat org.testcontainers.containers.DockerComposeContainer.registerContainersForShutdown(DockerComposeContainer.java:345)\n[a1e2476a-48b2-4536-8e86-a8f37a253094/Build Application]   | \tat org.testcontainers.containers.DockerComposeContainer.start(DockerComposeContainer.java:183)\n[a1e2476a-48b2-4536-8e86-a8f37a253094/Build Application]   | \tat de.rieckpil.courses.AbstractWebTest.<clinit>(AbstractWebTest.java:53)\n[a1e2476a-48b2-4536-8e86-a8f37a253094/Build Application]   | \t... 58 more\n[a1e2476a-48b2-4536-8e86-a8f37a253094/Build Application]   | \n[a1e2476a-48b2-4536-8e86-a8f37a253094/Build Application]   | [INFO] Running de.rieckpil.courses.book.review.ReviewCreationWT\n[a1e2476a-48b2-4536-8e86-a8f37a253094/Build Application]   | [ERROR] Tests run: 1, Failures: 0, Errors: 1, Skipped: 0, Time elapsed: 0.017 s <<< FAILURE! -- in de.rieckpil.courses.book.review.ReviewCreationWT\n[a1e2476a-48b2-4536-8e86-a8f37a253094/Build Application]   | [ERROR] de.rieckpil.courses.book.review.ReviewCreationWT -- Time elapsed: 0.017 s <<< ERROR!\n[a1e2476a-48b2-4536-8e86-a8f37a253094/Build Application]   | java.lang.NoClassDefFoundError: Could not initialize class de.rieckpil.courses.AbstractWebTest\n[a1e2476a-48b2-4536-8e86-a8f37a253094/Build Application]   | \tat java.base/jdk.internal.misc.Unsafe.ensureClassInitialized0(Native Method)\n[a1e2476a-48b2-4536-8e86-a8f37a253094/Build Application]   | \tat java.base/jdk.internal.misc.Unsafe.ensureClassInitialized(Unsafe.java:1155)\n[a1e2476a-48b2-4536-8e86-a8f37a253094/Build Application]   | \tat java.base/jdk.internal.reflect.UnsafeFieldAccessorFactory.newFieldAccessor(UnsafeFieldAccessorFactory.java:42)\n[a1e2476a-48b2-4536-8e86-a8f37a253094/Build Application]   | \tat java.base/jdk.internal.reflect.ReflectionFactory.newFieldAccessor(ReflectionFactory.java:185)\n[a1e2476a-48b2-4536-8e86-a8f37a253094/Build Application]   | \tat java.base/java.lang.reflect.Field.acquireFieldAccessor(Field.java:1132)\n[a1e2476a-48b2-4536-8e86-a8f37a253094/Build Application]   | \tat java.base/java.lang.reflect.Field.getFieldAccessor(Field.java:1113)\n[a1e2476a-48b2-4536-8e86-a8f37a253094/Build Application]   | \tat java.base/java.lang.reflect.Field.get(Field.java:425)\n[a1e2476a-48b2-4536-8e86-a8f37a253094/Build Application]   | \tat org.junit.platform.commons.util.ReflectionUtils.lambda$tryToReadFieldValue$5(ReflectionUtils.java:673)\n[a1e2476a-48b2-4536-8e86-a8f37a253094/Build Application]   | \tat org.junit.platform.commons.function.Try.lambda$call$0(Try.java:57)\n[a1e2476a-48b2-4536-8e86-a8f37a253094/Build Application]   | \tat org.junit.platform.commons.function.Try.of(Try.java:93)\n[a1e2476a-48b2-4536-8e86-a8f37a253094/Build Application]   | \tat org.junit.platform.commons.function.Try.call(Try.java:57)\n[a1e2476a-48b2-4536-8e86-a8f37a253094/Build Application]   | \tat org.junit.platform.commons.util.ReflectionUtils.tryToReadFieldValue(ReflectionUtils.java:673)\n[a1e2476a-48b2-4536-8e86-a8f37a253094/Build Application]   | \tat org.junit.jupiter.engine.descriptor.ExtensionUtils.lambda$registerExtensionsFromFields$4(ExtensionUtils.java:106)\n[a1e2476a-48b2-4536-8e86-a8f37a253094/Build Application]   | \tat java.base/java.util.stream.ForEachOps$ForEachOp$OfRef.accept(ForEachOps.java:183)\n[a1e2476a-48b2-4536-8e86-a8f37a253094/Build Application]   | \tat java.base/java.util.stream.SortedOps$SizedRefSortingSink.end(SortedOps.java:357)\n[a1e2476a-48b2-4536-8e86-a8f37a253094/Build Application]   | \tat java.base/java.util.stream.AbstractPipeline.copyInto(AbstractPipeline.java:510)\n[a1e2476a-48b2-4536-8e86-a8f37a253094/Build Application]   | \tat java.base/java.util.stream.AbstractPipeline.wrapAndCopyInto(AbstractPipeline.java:499)\n[a1e2476a-48b2-4536-8e86-a8f37a253094/Build Application]   | \tat java.base/java.util.stream.ForEachOps$ForEachOp.evaluateSequential(ForEachOps.java:150)\n[a1e2476a-48b2-4536-8e86-a8f37a253094/Build Application]   | \tat java.base/java.util.stream.ForEachOps$ForEachOp$OfRef.evaluateSequential(ForEachOps.java:173)\n[a1e2476a-48b2-4536-8e86-a8f37a253094/Build Application]   | \tat java.base/java.util.stream.AbstractPipeline.evaluate(AbstractPipeline.java:234)\n[a1e2476a-48b2-4536-8e86-a8f37a253094/Build Application]   | \tat java.base/java.util.stream.ReferencePipeline.forEach(ReferencePipeline.java:596)\n[a1e2476a-48b2-4536-8e86-a8f37a253094/Build Application]   | \tat org.junit.jupiter.engine.descriptor.ExtensionUtils.registerExtensionsFromFields(ExtensionUtils.java:98)\n[a1e2476a-48b2-4536-8e86-a8f37a253094/Build Application]   | \tat org.junit.jupiter.engine.descriptor.ClassBasedTestDescriptor.prepare(ClassBasedTestDescriptor.java:154)\n[a1e2476a-48b2-4536-8e86-a8f37a253094/Build Application]   | \tat org.junit.jupiter.engine.descriptor.ClassBasedTestDescriptor.prepare(ClassBasedTestDescriptor.java:84)\n[a1e2476a-48b2-4536-8e86-a8f37a253094/Build Application]   | \tat org.junit.platform.engine.support.hierarchical.NodeTestTask.lambda$prepare$2(NodeTestTask.java:123)\n[a1e2476a-48b2-4536-8e86-a8f37a253094/Build Application]   | \tat org.junit.platform.engine.support.hierarchical.ThrowableCollector.execute(ThrowableCollector.java:73)\n[a1e2476a-48b2-4536-8e86-a8f37a253094/Build Application]   | \tat org.junit.platform.engine.support.hierarchical.NodeTestTask.prepare(NodeTestTask.java:123)\n[a1e2476a-48b2-4536-8e86-a8f37a253094/Build Application]   | \tat org.junit.platform.engine.support.hierarchical.NodeTestTask.execute(NodeTestTask.java:90)\n[a1e2476a-48b2-4536-8e86-a8f37a253094/Build Application]   | \tat java.base/java.util.ArrayList.forEach(ArrayList.java:1511)\n[a1e2476a-48b2-4536-8e86-a8f37a253094/Build Application]   | \tat org.junit.platform.engine.support.hierarchical.SameThreadHierarchicalTestExecutorService.invokeAll(SameThreadHierarchicalTestExecutorService.java:41)\n[a1e2476a-48b2-4536-8e86-a8f37a253094/Build Application]   | \tat org.junit.platform.engine.support.hierarchical.NodeTestTask.lambda$executeRecursively$6(NodeTestTask.java:155)\n[a1e2476a-48b2-4536-8e86-a8f37a253094/Build Application]   | \tat org.junit.platform.engine.support.hierarchical.ThrowableCollector.execute(ThrowableCollector.java:73)\n[a1e2476a-48b2-4536-8e86-a8f37a253094/Build Application]   | \tat org.junit.platform.engine.support.hierarchical.NodeTestTask.lambda$executeRecursively$8(NodeTestTask.java:141)\n[a1e2476a-48b2-4536-8e86-a8f37a253094/Build Application]   | \tat org.junit.platform.engine.support.hierarchical.Node.around(Node.java:137)\n[a1e2476a-48b2-4536-8e86-a8f37a253094/Build Application]   | \tat org.junit.platform.engine.support.hierarchical.NodeTestTask.lambda$executeRecursively$9(NodeTestTask.java:139)\n[a1e2476a-48b2-4536-8e86-a8f37a253094/Build Application]   | \tat org.junit.platform.engine.support.hierarchical.ThrowableCollector.execute(ThrowableCollector.java:73)\n[a1e2476a-48b2-4536-8e86-a8f37a253094/Build Application]   | \tat org.junit.platform.engine.support.hierarchical.NodeTestTask.executeRecursively(NodeTestTask.java:138)\n[a1e2476a-48b2-4536-8e86-a8f37a253094/Build Application]   | \tat org.junit.platform.engine.support.hierarchical.NodeTestTask.execute(NodeTestTask.java:95)\n[a1e2476a-48b2-4536-8e86-a8f37a253094/Build Application]   | \tat org.junit.platform.engine.support.hierarchical.SameThreadHierarchicalTestExecutorService.submit(SameThreadHierarchicalTestExecutorService.java:35)\n[a1e2476a-48b2-4536-8e86-a8f37a253094/Build Application]   | \tat org.junit.platform.engine.support.hierarchical.HierarchicalTestExecutor.execute(HierarchicalTestExecutor.java:57)\n[a1e2476a-48b2-4536-8e86-a8f37a253094/Build Application]   | \tat org.junit.platform.engine.support.hierarchical.HierarchicalTestEngine.execute(HierarchicalTestEngine.java:54)\n[a1e2476a-48b2-4536-8e86-a8f37a253094/Build Application]   | \tat org.junit.platform.launcher.core.EngineExecutionOrchestrator.execute(EngineExecutionOrchestrator.java:147)\n[a1e2476a-48b2-4536-8e86-a8f37a253094/Build Application]   | \tat org.junit.platform.launcher.core.EngineExecutionOrchestrator.execute(EngineExecutionOrchestrator.java:127)\n[a1e2476a-48b2-4536-8e86-a8f37a253094/Build Application]   | \tat org.junit.platform.launcher.core.EngineExecutionOrchestrator.execute(EngineExecutionOrchestrator.java:90)\n[a1e2476a-48b2-4536-8e86-a8f37a253094/Build Application]   | \tat org.junit.platform.launcher.core.EngineExecutionOrchestrator.lambda$execute$0(EngineExecutionOrchestrator.java:55)\n[a1e2476a-48b2-4536-8e86-a8f37a253094/Build Application]   | \tat org.junit.platform.launcher.core.EngineExecutionOrchestrator.withInterceptedStreams(EngineExecutionOrchestrator.java:102)\n[a1e2476a-48b2-4536-8e86-a8f37a253094/Build Application]   | \tat org.junit.platform.launcher.core.EngineExecutionOrchestrator.execute(EngineExecutionOrchestrator.java:54)\n[a1e2476a-48b2-4536-8e86-a8f37a253094/Build Application]   | \tat org.junit.platform.launcher.core.DefaultLauncher.execute(DefaultLauncher.java:114)\n[a1e2476a-48b2-4536-8e86-a8f37a253094/Build Application]   | \tat org.junit.platform.launcher.core.DefaultLauncher.execute(DefaultLauncher.java:86)\n[a1e2476a-48b2-4536-8e86-a8f37a253094/Build Application]   | \tat org.junit.platform.launcher.core.DefaultLauncherSession$DelegatingLauncher.execute(DefaultLauncherSession.java:86)\n[a1e2476a-48b2-4536-8e86-a8f37a253094/Build Application]   | \tat org.apache.maven.surefire.junitplatform.LazyLauncher.execute(LazyLauncher.java:56)\n[a1e2476a-48b2-4536-8e86-a8f37a253094/Build Application]   | \tat org.apache.maven.surefire.junitplatform.JUnitPlatformProvider.execute(JUnitPlatformProvider.java:184)\n[a1e2476a-48b2-4536-8e86-a8f37a253094/Build Application]   | \tat org.apache.maven.surefire.junitplatform.JUnitPlatformProvider.invokeAllTests(JUnitPlatformProvider.java:148)\n[a1e2476a-48b2-4536-8e86-a8f37a253094/Build Application]   | \tat org.apache.maven.surefire.junitplatform.JUnitPlatformProvider.invoke(JUnitPlatformProvider.java:122)\n[a1e2476a-48b2-4536-8e86-a8f37a253094/Build Application]   | \tat org.apache.maven.surefire.booter.ForkedBooter.runSuitesInProcess(ForkedBooter.java:385)\n[a1e2476a-48b2-4536-8e86-a8f37a253094/Build Application]   | \tat org.apache.maven.surefire.booter.ForkedBooter.execute(ForkedBooter.java:162)\n[a1e2476a-48b2-4536-8e86-a8f37a253094/Build Application]   | \tat org.apache.maven.surefire.booter.ForkedBooter.run(ForkedBooter.java:507)\n[a1e2476a-48b2-4536-8e86-a8f37a253094/Build Application]   | \tat org.apache.maven.surefire.booter.ForkedBooter.main(ForkedBooter.java:495)\n[a1e2476a-48b2-4536-8e86-a8f37a253094/Build Application]   | Caused by: java.lang.ExceptionInInitializerError: Exception java.lang.IllegalStateException: Could not find a valid Docker environment. Please see logs and check configuration [in thread \"main\"]\n[a1e2476a-48b2-4536-8e86-a8f37a253094/Build Application]   | \tat org.testcontainers.dockerclient.DockerClientProviderStrategy.lambda$getFirstValidStrategy$7(DockerClientProviderStrategy.java:276)\n[a1e2476a-48b2-4536-8e86-a8f37a253094/Build Application]   | \tat java.base/java.util.Optional.orElseThrow(Optional.java:403)\n[a1e2476a-48b2-4536-8e86-a8f37a253094/Build Application]   | \tat org.testcontainers.dockerclient.DockerClientProviderStrategy.getFirstValidStrategy(DockerClientProviderStrategy.java:267)\n[a1e2476a-48b2-4536-8e86-a8f37a253094/Build Application]   | \tat org.testcontainers.DockerClientFactory.getOrInitializeStrategy(DockerClientFactory.java:150)\n[a1e2476a-48b2-4536-8e86-a8f37a253094/Build Application]   | \tat org.testcontainers.DockerClientFactory.client(DockerClientFactory.java:191)\n[a1e2476a-48b2-4536-8e86-a8f37a253094/Build Application]   | \tat org.testcontainers.DockerClientFactory$1.getDockerClient(DockerClientFactory.java:104)\n[a1e2476a-48b2-4536-8e86-a8f37a253094/Build Application]   | \tat com.github.dockerjava.api.DockerClientDelegate.authConfig(DockerClientDelegate.java:109)\n[a1e2476a-48b2-4536-8e86-a8f37a253094/Build Application]   | \tat org.testcontainers.containers.GenericContainer.start(GenericContainer.java:321)\n[a1e2476a-48b2-4536-8e86-a8f37a253094/Build Application]   | \tat org.testcontainers.utility.RyukResourceReaper.maybeStart(RyukResourceReaper.java:78)\n[a1e2476a-48b2-4536-8e86-a8f37a253094/Build Application]   | \tat org.testcontainers.utility.RyukResourceReaper.registerLabelsFilterForCleanup(RyukResourceReaper.java:51)\n[a1e2476a-48b2-4536-8e86-a8f37a253094/Build Application]   | \tat org.testcontainers.containers.DockerComposeContainer.registerContainersForShutdown(DockerComposeContainer.java:345)\n[a1e2476a-48b2-4536-8e86-a8f37a253094/Build Application]   | \tat org.testcontainers.containers.DockerComposeContainer.start(DockerComposeContainer.java:183)\n[a1e2476a-48b2-4536-8e86-a8f37a253094/Build Application]   | \tat de.rieckpil.courses.AbstractWebTest.<clinit>(AbstractWebTest.java:53)\n[a1e2476a-48b2-4536-8e86-a8f37a253094/Build Application]   | \t... 58 more\n[a1e2476a-48b2-4536-8e86-a8f37a253094/Build Application]   | \n[a1e2476a-48b2-4536-8e86-a8f37a253094/Build Application]   | [INFO] \n[a1e2476a-48b2-4536-8e86-a8f37a253094/Build Application]   | [INFO] Results:\n[a1e2476a-48b2-4536-8e86-a8f37a253094/Build Application]   | [INFO] \n[a1e2476a-48b2-4536-8e86-a8f37a253094/Build Application]   | [ERROR] Errors: \n[a1e2476a-48b2-4536-8e86-a8f37a253094/Build Application]   | [ERROR]   ReviewCreationPageObjectsWT \u00bb ExceptionInInitializer\n[a1e2476a-48b2-4536-8e86-a8f37a253094/Build Application]   | [ERROR]   ReviewCreationWT \u00bb NoClassDefFound Could not initialize class de.rieckpil.courses.AbstractWebTest\n[a1e2476a-48b2-4536-8e86-a8f37a253094/Build Application]   | [INFO] \n[a1e2476a-48b2-4536-8e86-a8f37a253094/Build Application]   | [ERROR] Tests run: 2, Failures: 0, Errors: 2, Skipped: 0\n[a1e2476a-48b2-4536-8e86-a8f37a253094/Build Application]   | [INFO] \n[a1e2476a-48b2-4536-8e86-a8f37a253094/Build Application]   | [INFO] \n[a1e2476a-48b2-4536-8e86-a8f37a253094/Build Application]   | [INFO] --- failsafe:3.1.2:verify (default) @ testing-spring-boot-applications-masterclass ---\n[a1e2476a-48b2-4536-8e86-a8f37a253094/Build Application]   | [INFO] ------------------------------------------------------------------------\n[a1e2476a-48b2-4536-8e86-a8f37a253094/Build Application]   | [INFO] BUILD FAILURE\n[a1e2476a-48b2-4536-8e86-a8f37a253094/Build Application]   | [INFO] ------------------------------------------------------------------------\n[a1e2476a-48b2-4536-8e86-a8f37a253094/Build Application]   | [INFO] Total time:  43.761 s\n[a1e2476a-48b2-4536-8e86-a8f37a253094/Build Application]   | [INFO] Finished at: 2023-06-29T14:42:19Z\n[a1e2476a-48b2-4536-8e86-a8f37a253094/Build Application]   | [INFO] ------------------------------------------------------------------------\n[a1e2476a-48b2-4536-8e86-a8f37a253094/Build Application]   | [WARNING] \n[a1e2476a-48b2-4536-8e86-a8f37a253094/Build Application]   | [WARNING] Plugin validation issues were detected in 1 plugin(s)\n[a1e2476a-48b2-4536-8e86-a8f37a253094/Build Application]   | [WARNING] \n[a1e2476a-48b2-4536-8e86-a8f37a253094/Build Application]   | [WARNING]  * com.github.eirslett:frontend-maven-plugin:1.12.1\n[a1e2476a-48b2-4536-8e86-a8f37a253094/Build Application]   | [WARNING] \n[a1e2476a-48b2-4536-8e86-a8f37a253094/Build Application]   | [WARNING] For more or less details, use 'maven.plugin.validation' property with one of the values (case insensitive): [BRIEF, DEFAULT, VERBOSE]\n[a1e2476a-48b2-4536-8e86-a8f37a253094/Build Application]   | [WARNING] \n[a1e2476a-48b2-4536-8e86-a8f37a253094/Build Application]   | [INFO] 16 goals, 16 executed\n[a1e2476a-48b2-4536-8e86-a8f37a253094/Build Application]   | [INFO] \n[a1e2476a-48b2-4536-8e86-a8f37a253094/Build Application]   | [INFO] Publishing build scan...\n[a1e2476a-48b2-4536-8e86-a8f37a253094/Build Application]   | [INFO] https://gradle.com/s/sderphwyytgyu\n[a1e2476a-48b2-4536-8e86-a8f37a253094/Build Application]   | [INFO] \n[a1e2476a-48b2-4536-8e86-a8f37a253094/Build Application]   | [ERROR] Failed to execute goal org.apache.maven.plugins:maven-failsafe-plugin:3.1.2:verify (default) on project testing-spring-boot-applications-masterclass: \n[a1e2476a-48b2-4536-8e86-a8f37a253094/Build Application]   | [ERROR] \n[a1e2476a-48b2-4536-8e86-a8f37a253094/Build Application]   | [ERROR] Please refer to /tmp/3d783ea4-1661-11ee-8a50-bb14de238602/rieckpil-testing-spring-boot-applications-masterclass/target/failsafe-reports for the individual test results.\n[a1e2476a-48b2-4536-8e86-a8f37a253094/Build Application]   | [ERROR] Please refer to dump files (if any exist) [date].dump, [date]-jvmRun[N].dump and [date].dumpstream.\n[a1e2476a-48b2-4536-8e86-a8f37a253094/Build Application]   | [ERROR] -> [Help 1]\n[a1e2476a-48b2-4536-8e86-a8f37a253094/Build Application]   | [ERROR] \n[a1e2476a-48b2-4536-8e86-a8f37a253094/Build Application]   | [ERROR] To see the full stack trace of the errors, re-run Maven with the -e switch.\n[a1e2476a-48b2-4536-8e86-a8f37a253094/Build Application]   | [ERROR] Re-run Maven using the -X switch to enable full debug logging.\n[a1e2476a-48b2-4536-8e86-a8f37a253094/Build Application]   | [ERROR] \n[a1e2476a-48b2-4536-8e86-a8f37a253094/Build Application]   | [ERROR] For more information about the errors and possible solutions, please read the following articles:\n[a1e2476a-48b2-4536-8e86-a8f37a253094/Build Application]   | [ERROR] [Help 1] http://cwiki.apache.org/confluence/display/MAVEN/MojoFailureException\n[a1e2476a-48b2-4536-8e86-a8f37a253094/Build Application]   \ud83d\udcac  ::debug::Code: 1\n[a1e2476a-48b2-4536-8e86-a8f37a253094/Build Application]   \ud83d\udcac  ::debug::Signal: null\n[a1e2476a-48b2-4536-8e86-a8f37a253094/Build Application]   \ud83d\udcac  ::debug::Waited 10010ms\n[a1e2476a-48b2-4536-8e86-a8f37a253094/Build Application]   \ud83d\udcac  ::debug::Configured wait: 10000ms\n[a1e2476a-48b2-4536-8e86-a8f37a253094/Build Application]   \ud83d\udea7  ::warning::Attempt 2 failed. Reason: Child_process exited with error code 1\n[a1e2476a-48b2-4536-8e86-a8f37a253094/Build Application]   \ud83d\udcac  ::debug::Running command ./mvnw verify --no-transfer-progress -Pwebtests on linux using shell bash\n[a1e2476a-48b2-4536-8e86-a8f37a253094/Build Application]   | [INFO] Scanning for projects...\n[a1e2476a-48b2-4536-8e86-a8f37a253094/Build Application]   | [INFO] \n[a1e2476a-48b2-4536-8e86-a8f37a253094/Build Application]   | [INFO] --< de.rieckpil.courses:testing-spring-boot-applications-masterclass >--\n[a1e2476a-48b2-4536-8e86-a8f37a253094/Build Application]   | [INFO] Building testing-spring-boot-applications-masterclass 0.0.1-SNAPSHOT\n[a1e2476a-48b2-4536-8e86-a8f37a253094/Build Application]   | [INFO]   from pom.xml\n[a1e2476a-48b2-4536-8e86-a8f37a253094/Build Application]   | [INFO] --------------------------------[ jar ]---------------------------------\n[a1e2476a-48b2-4536-8e86-a8f37a253094/Build Application]   | [INFO] \n[a1e2476a-48b2-4536-8e86-a8f37a253094/Build Application]   | [INFO] --- enforcer:3.3.0:enforce (default) @ testing-spring-boot-applications-masterclass ---\n[a1e2476a-48b2-4536-8e86-a8f37a253094/Build Application]   | [INFO] Rule 0: org.apache.maven.enforcer.rules.dependency.DependencyConvergence passed\n[a1e2476a-48b2-4536-8e86-a8f37a253094/Build Application]   | [INFO] \n[a1e2476a-48b2-4536-8e86-a8f37a253094/Build Application]   | [INFO] --- spotless:2.37.0:check (default) @ testing-spring-boot-applications-masterclass ---\n[a1e2476a-48b2-4536-8e86-a8f37a253094/Build Application]   | [INFO] Spotless.Java is keeping 65 files clean - 0 needs changes to be clean, 0 were already clean, 65 were skipped because caching determined they were already clean\n[a1e2476a-48b2-4536-8e86-a8f37a253094/Build Application]   | [INFO] \n[a1e2476a-48b2-4536-8e86-a8f37a253094/Build Application]   | [INFO] --- sortpom:3.2.1:verify (default) @ testing-spring-boot-applications-masterclass ---\n[a1e2476a-48b2-4536-8e86-a8f37a253094/Build Application]   | [INFO] Verifying file /tmp/3d783ea4-1661-11ee-8a50-bb14de238602/rieckpil-testing-spring-boot-applications-masterclass/pom.xml\n[a1e2476a-48b2-4536-8e86-a8f37a253094/Build Application]   | [INFO] \n[a1e2476a-48b2-4536-8e86-a8f37a253094/Build Application]   | [INFO] --- frontend:1.12.1:install-node-and-npm (install node and npm) @ testing-spring-boot-applications-masterclass ---\n[a1e2476a-48b2-4536-8e86-a8f37a253094/Build Application]   | [INFO] Node v18.16.0 is already installed.\n[a1e2476a-48b2-4536-8e86-a8f37a253094/Build Application]   | [INFO] \n[a1e2476a-48b2-4536-8e86-a8f37a253094/Build Application]   | [INFO] --- frontend:1.12.1:npm (npm install) @ testing-spring-boot-applications-masterclass ---\n[a1e2476a-48b2-4536-8e86-a8f37a253094/Build Application]   | [INFO] Running 'npm install' in /tmp/3d783ea4-1661-11ee-8a50-bb14de238602/rieckpil-testing-spring-boot-applications-masterclass/src/frontend\n[a1e2476a-48b2-4536-8e86-a8f37a253094/Build Application]   | [INFO] \n[a1e2476a-48b2-4536-8e86-a8f37a253094/Build Application]   | [INFO] > frontend@0.1.0 postinstall\n[a1e2476a-48b2-4536-8e86-a8f37a253094/Build Application]   | [INFO] > semantic-ui-css-patch\n[a1e2476a-48b2-4536-8e86-a8f37a253094/Build Application]   | [INFO] \n[a1e2476a-48b2-4536-8e86-a8f37a253094/Build Application]   | [INFO] \u2139 Patch was successfully applied\n[a1e2476a-48b2-4536-8e86-a8f37a253094/Build Application]   | [INFO] \n[a1e2476a-48b2-4536-8e86-a8f37a253094/Build Application]   | [INFO] up to date, audited 1322 packages in 5s\n[a1e2476a-48b2-4536-8e86-a8f37a253094/Build Application]   | [INFO] \n[a1e2476a-48b2-4536-8e86-a8f37a253094/Build Application]   | [INFO] 173 packages are looking for funding\n[a1e2476a-48b2-4536-8e86-a8f37a253094/Build Application]   | [INFO]   run `npm fund` for details\n[a1e2476a-48b2-4536-8e86-a8f37a253094/Build Application]   | [INFO] \n[a1e2476a-48b2-4536-8e86-a8f37a253094/Build Application]   | [INFO] 77 vulnerabilities (64 moderate, 12 high, 1 critical)\n[a1e2476a-48b2-4536-8e86-a8f37a253094/Build Application]   | [INFO] \n[a1e2476a-48b2-4536-8e86-a8f37a253094/Build Application]   | [INFO] To address issues that do not require attention, run:\n[a1e2476a-48b2-4536-8e86-a8f37a253094/Build Application]   | [INFO]   npm audit fix\n[a1e2476a-48b2-4536-8e86-a8f37a253094/Build Application]   | [INFO] \n[a1e2476a-48b2-4536-8e86-a8f37a253094/Build Application]   | [INFO] To address all issues (including breaking changes), run:\n[a1e2476a-48b2-4536-8e86-a8f37a253094/Build Application]   | [INFO]   npm audit fix --force\n[a1e2476a-48b2-4536-8e86-a8f37a253094/Build Application]   | [INFO] \n[a1e2476a-48b2-4536-8e86-a8f37a253094/Build Application]   | [INFO] Run `npm audit` for details.\n[a1e2476a-48b2-4536-8e86-a8f37a253094/Build Application]   | [INFO] \n[a1e2476a-48b2-4536-8e86-a8f37a253094/Build Application]   | [INFO] --- frontend:1.12.1:npm (npm test) @ testing-spring-boot-applications-masterclass ---\n[a1e2476a-48b2-4536-8e86-a8f37a253094/Build Application]   | [INFO] Running 'npm test' in /tmp/3d783ea4-1661-11ee-8a50-bb14de238602/rieckpil-testing-spring-boot-applications-masterclass/src/frontend\n[a1e2476a-48b2-4536-8e86-a8f37a253094/Build Application]   | [INFO] \n[a1e2476a-48b2-4536-8e86-a8f37a253094/Build Application]   | [INFO] > frontend@0.1.0 test\n[a1e2476a-48b2-4536-8e86-a8f37a253094/Build Application]   | [INFO] > react-scripts test\n[a1e2476a-48b2-4536-8e86-a8f37a253094/Build Application]   | [INFO] \n[a1e2476a-48b2-4536-8e86-a8f37a253094/Build Application]   | [INFO] PASS src/App.test.tsx\n[a1e2476a-48b2-4536-8e86-a8f37a253094/Build Application]   | [INFO]   \u2713 renders react app (112 ms)\n[a1e2476a-48b2-4536-8e86-a8f37a253094/Build Application]   | [INFO] \n[a1e2476a-48b2-4536-8e86-a8f37a253094/Build Application]   | [INFO] Test Suites: 1 passed, 1 total\n[a1e2476a-48b2-4536-8e86-a8f37a253094/Build Application]   | [INFO] Tests:       1 passed, 1 total\n[a1e2476a-48b2-4536-8e86-a8f37a253094/Build Application]   | [INFO] Snapshots:   0 total\n[a1e2476a-48b2-4536-8e86-a8f37a253094/Build Application]   | [INFO] Time:        1.801 s, estimated 2 s\n[a1e2476a-48b2-4536-8e86-a8f37a253094/Build Application]   | [INFO] Ran all test suites.\n[a1e2476a-48b2-4536-8e86-a8f37a253094/Build Application]   | [INFO] \n[a1e2476a-48b2-4536-8e86-a8f37a253094/Build Application]   | [INFO] --- frontend:1.12.1:npm (npm build) @ testing-spring-boot-applications-masterclass ---\n[a1e2476a-48b2-4536-8e86-a8f37a253094/Build Application]   | [INFO] Running 'npm run build' in /tmp/3d783ea4-1661-11ee-8a50-bb14de238602/rieckpil-testing-spring-boot-applications-masterclass/src/frontend\n[a1e2476a-48b2-4536-8e86-a8f37a253094/Build Application]   | [INFO] \n[a1e2476a-48b2-4536-8e86-a8f37a253094/Build Application]   | [INFO] > frontend@0.1.0 build\n[a1e2476a-48b2-4536-8e86-a8f37a253094/Build Application]   | [INFO] > react-scripts build\n[a1e2476a-48b2-4536-8e86-a8f37a253094/Build Application]   | [INFO] \n[a1e2476a-48b2-4536-8e86-a8f37a253094/Build Application]   | [INFO] Creating an optimized production build...\n[a1e2476a-48b2-4536-8e86-a8f37a253094/Build Application]   | [INFO] Compiled successfully.\n[a1e2476a-48b2-4536-8e86-a8f37a253094/Build Application]   | [INFO] \n[a1e2476a-48b2-4536-8e86-a8f37a253094/Build Application]   | [INFO] File sizes after gzip:\n[a1e2476a-48b2-4536-8e86-a8f37a253094/Build Application]   | [INFO] \n[a1e2476a-48b2-4536-8e86-a8f37a253094/Build Application]   | [INFO]   102.92 kB  build/static/js/main.f12a464e.js\n[a1e2476a-48b2-4536-8e86-a8f37a253094/Build Application]   | [INFO]   98.52 kB   build/static/css/main.199a0dc0.css\n[a1e2476a-48b2-4536-8e86-a8f37a253094/Build Application]   | [INFO] \n[a1e2476a-48b2-4536-8e86-a8f37a253094/Build Application]   | [INFO] The project was built assuming it is hosted at /.\n[a1e2476a-48b2-4536-8e86-a8f37a253094/Build Application]   | [INFO] You can control this with the homepage field in your package.json.\n[a1e2476a-48b2-4536-8e86-a8f37a253094/Build Application]   | [INFO] \n[a1e2476a-48b2-4536-8e86-a8f37a253094/Build Application]   | [INFO] The build folder is ready to be deployed.\n[a1e2476a-48b2-4536-8e86-a8f37a253094/Build Application]   | [INFO] You may serve it with a static server:\n[a1e2476a-48b2-4536-8e86-a8f37a253094/Build Application]   | [INFO] \n[a1e2476a-48b2-4536-8e86-a8f37a253094/Build Application]   | [INFO]   npm install -g serve\n[a1e2476a-48b2-4536-8e86-a8f37a253094/Build Application]   | [INFO]   serve -s build\n[a1e2476a-48b2-4536-8e86-a8f37a253094/Build Application]   | [INFO] \n[a1e2476a-48b2-4536-8e86-a8f37a253094/Build Application]   | [INFO] Find out more about deployment here:\n[a1e2476a-48b2-4536-8e86-a8f37a253094/Build Application]   | [INFO] \n[a1e2476a-48b2-4536-8e86-a8f37a253094/Build Application]   | [INFO]   https://cra.link/deployment\n[a1e2476a-48b2-4536-8e86-a8f37a253094/Build Application]   | [INFO] \n[a1e2476a-48b2-4536-8e86-a8f37a253094/Build Application]   | [INFO] \n[a1e2476a-48b2-4536-8e86-a8f37a253094/Build Application]   | [INFO] --- resources:3.3.1:resources (default-resources) @ testing-spring-boot-applications-masterclass ---\n[a1e2476a-48b2-4536-8e86-a8f37a253094/Build Application]   | [INFO] Copying 28 resources from src/frontend/build to target/classes/public\n[a1e2476a-48b2-4536-8e86-a8f37a253094/Build Application]   | [INFO] Copying 5 resources from src/main/resources to target/classes\n[a1e2476a-48b2-4536-8e86-a8f37a253094/Build Application]   | [INFO] \n[a1e2476a-48b2-4536-8e86-a8f37a253094/Build Application]   | [INFO] --- compiler:3.11.0:compile (default-compile) @ testing-spring-boot-applications-masterclass ---\n[a1e2476a-48b2-4536-8e86-a8f37a253094/Build Application]   | [INFO] Loaded from the build cache\n[a1e2476a-48b2-4536-8e86-a8f37a253094/Build Application]   | [INFO] \n[a1e2476a-48b2-4536-8e86-a8f37a253094/Build Application]   | [INFO] --- resources:3.3.1:testResources (default-testResources) @ testing-spring-boot-applications-masterclass ---\n[a1e2476a-48b2-4536-8e86-a8f37a253094/Build Application]   | [INFO] Copying 16 resources from src/test/resources to target/test-classes\n[a1e2476a-48b2-4536-8e86-a8f37a253094/Build Application]   | [INFO] \n[a1e2476a-48b2-4536-8e86-a8f37a253094/Build Application]   | [INFO] --- compiler:3.11.0:testCompile (default-testCompile) @ testing-spring-boot-applications-masterclass ---\n[a1e2476a-48b2-4536-8e86-a8f37a253094/Build Application]   | [WARNING] The following annotation processors were found on the classpath: [com.google.auto.service.processor.AutoServiceProcessor].\n[a1e2476a-48b2-4536-8e86-a8f37a253094/Build Application]   | Compile avoidance has been deactivated.\n[a1e2476a-48b2-4536-8e86-a8f37a253094/Build Application]   | Please use the maven-compiler-plugin version 3.5 or above and use the <annotationProcessorPaths> configuration element to declare the processors instead.\n[a1e2476a-48b2-4536-8e86-a8f37a253094/Build Application]   | If you did not intend to use the processors above (e.g. they were leaked by a dependency), you can use the <proc>none</proc> option to disable annotation processing.\n[a1e2476a-48b2-4536-8e86-a8f37a253094/Build Application]   | \n[a1e2476a-48b2-4536-8e86-a8f37a253094/Build Application]   | For more information see https://gradle.com/enterprise/help/maven-extension-compile-avoidance.\n[a1e2476a-48b2-4536-8e86-a8f37a253094/Build Application]   | [INFO] Loaded from the build cache\n[a1e2476a-48b2-4536-8e86-a8f37a253094/Build Application]   | [INFO] \n[a1e2476a-48b2-4536-8e86-a8f37a253094/Build Application]   | [INFO] --- surefire:3.1.2:test (default-test) @ testing-spring-boot-applications-masterclass ---\n[a1e2476a-48b2-4536-8e86-a8f37a253094/Build Application]   | [INFO] Tests are skipped.\n[a1e2476a-48b2-4536-8e86-a8f37a253094/Build Application]   | [INFO] Skipped\n[a1e2476a-48b2-4536-8e86-a8f37a253094/Build Application]   | [INFO] \n[a1e2476a-48b2-4536-8e86-a8f37a253094/Build Application]   | [INFO] --- jar:3.3.0:jar (default-jar) @ testing-spring-boot-applications-masterclass ---\n[a1e2476a-48b2-4536-8e86-a8f37a253094/Build Application]   | [INFO] Building jar: /tmp/3d783ea4-1661-11ee-8a50-bb14de238602/rieckpil-testing-spring-boot-applications-masterclass/target/testing-spring-boot-applications-masterclass.jar\n[a1e2476a-48b2-4536-8e86-a8f37a253094/Build Application]   | [INFO] \n[a1e2476a-48b2-4536-8e86-a8f37a253094/Build Application]   | [INFO] --- spring-boot:3.1.0:repackage (repackage) @ testing-spring-boot-applications-masterclass ---\n[a1e2476a-48b2-4536-8e86-a8f37a253094/Build Application]   | [INFO] Replacing main artifact /tmp/3d783ea4-1661-11ee-8a50-bb14de238602/rieckpil-testing-spring-boot-applications-masterclass/target/testing-spring-boot-applications-masterclass.jar with repackaged archive, adding nested dependencies in BOOT-INF/.\n[a1e2476a-48b2-4536-8e86-a8f37a253094/Build Application]   | [INFO] The original artifact has been renamed to /tmp/3d783ea4-1661-11ee-8a50-bb14de238602/rieckpil-testing-spring-boot-applications-masterclass/target/testing-spring-boot-applications-masterclass.jar.original\n[a1e2476a-48b2-4536-8e86-a8f37a253094/Build Application]   | [INFO] \n[a1e2476a-48b2-4536-8e86-a8f37a253094/Build Application]   | [INFO] --- failsafe:3.1.2:integration-test (default) @ testing-spring-boot-applications-masterclass ---\n[a1e2476a-48b2-4536-8e86-a8f37a253094/Build Application]   | [INFO] Using auto detected provider org.apache.maven.surefire.junitplatform.JUnitPlatformProvider\n[a1e2476a-48b2-4536-8e86-a8f37a253094/Build Application]   | [INFO] Using auto detected provider org.apache.maven.surefire.junitplatform.JUnitPlatformProvider\n[a1e2476a-48b2-4536-8e86-a8f37a253094/Build Application]   | [INFO] \n[a1e2476a-48b2-4536-8e86-a8f37a253094/Build Application]   | [INFO] -------------------------------------------------------\n[a1e2476a-48b2-4536-8e86-a8f37a253094/Build Application]   | [INFO]  T E S T S\n[a1e2476a-48b2-4536-8e86-a8f37a253094/Build Application]   | [INFO] -------------------------------------------------------\n[a1e2476a-48b2-4536-8e86-a8f37a253094/Build Application]   | 2023-06-29T14:43:09.086Z  INFO   --- [           main] o.t.utility.ImageNameSubstitutor         : Image name substitution will be performed by: DefaultImageNameSubstitutor (composite of 'ConfigurationFileImageNameSubstitutor' and 'PrefixingImageNameSubstitutor')\n[a1e2476a-48b2-4536-8e86-a8f37a253094/Build Application]   | 2023-06-29T14:43:09.450Z  WARN   --- [           main] o.t.d.DockerClientProviderStrategy       : DOCKER_HOST unix:///var/run/docker.sock is not listening\n[a1e2476a-48b2-4536-8e86-a8f37a253094/Build Application]   | 2023-06-29T14:43:09.453Z  INFO   --- [           main] .t.d.DockerMachineClientProviderStrategy : docker-machine executable was not found on PATH ([/opt/hostedtoolcache/Java_Temurin-Hotspot_jdk/17.0.7-7/x64/bin, /usr/local/sbin, /usr/local/bin, /usr/sbin, /usr/bin, /sbin, /bin])\n[a1e2476a-48b2-4536-8e86-a8f37a253094/Build Application]   | 2023-06-29T14:43:09.454Z ERROR   --- [           main] o.t.d.DockerClientProviderStrategy       : Could not find a valid Docker environment. Please check configuration. Attempted configurations were:\n[a1e2476a-48b2-4536-8e86-a8f37a253094/Build Application]   | \tDockerDesktopClientProviderStrategy: failed with exception NullPointerException (Cannot invoke \"java.nio.file.Path.toString()\" because the return value of \"org.testcontainers.dockerclient.DockerDesktopClientProviderStrategy.getSocketPath()\" is null)As no valid configuration was found, execution cannot continue.\n[a1e2476a-48b2-4536-8e86-a8f37a253094/Build Application]   | See https://www.testcontainers.org/on_failure.html for more details.\n[a1e2476a-48b2-4536-8e86-a8f37a253094/Build Application]   | [INFO] Running de.rieckpil.courses.book.review.ReviewCreationPageObjectsWT\n[a1e2476a-48b2-4536-8e86-a8f37a253094/Build Application]   | [ERROR] Tests run: 1, Failures: 0, Errors: 1, Skipped: 0, Time elapsed: 0.089 s <<< FAILURE! -- in de.rieckpil.courses.book.review.ReviewCreationPageObjectsWT\n[a1e2476a-48b2-4536-8e86-a8f37a253094/Build Application]   | [ERROR] de.rieckpil.courses.book.review.ReviewCreationPageObjectsWT -- Time elapsed: 0.089 s <<< ERROR!\n[a1e2476a-48b2-4536-8e86-a8f37a253094/Build Application]   | java.lang.ExceptionInInitializerError\n[a1e2476a-48b2-4536-8e86-a8f37a253094/Build Application]   | \tat java.base/jdk.internal.misc.Unsafe.ensureClassInitialized0(Native Method)\n[a1e2476a-48b2-4536-8e86-a8f37a253094/Build Application]   | \tat java.base/jdk.internal.misc.Unsafe.ensureClassInitialized(Unsafe.java:1155)\n[a1e2476a-48b2-4536-8e86-a8f37a253094/Build Application]   | \tat java.base/jdk.internal.reflect.UnsafeFieldAccessorFactory.newFieldAccessor(UnsafeFieldAccessorFactory.java:42)\n[a1e2476a-48b2-4536-8e86-a8f37a253094/Build Application]   | \tat java.base/jdk.internal.reflect.ReflectionFactory.newFieldAccessor(ReflectionFactory.java:185)\n[a1e2476a-48b2-4536-8e86-a8f37a253094/Build Application]   | \tat java.base/java.lang.reflect.Field.acquireFieldAccessor(Field.java:1132)\n[a1e2476a-48b2-4536-8e86-a8f37a253094/Build Application]   | \tat java.base/java.lang.reflect.Field.getFieldAccessor(Field.java:1113)\n[a1e2476a-48b2-4536-8e86-a8f37a253094/Build Application]   | \tat java.base/java.lang.reflect.Field.get(Field.java:425)\n[a1e2476a-48b2-4536-8e86-a8f37a253094/Build Application]   | \tat org.junit.platform.commons.util.ReflectionUtils.lambda$tryToReadFieldValue$5(ReflectionUtils.java:673)\n[a1e2476a-48b2-4536-8e86-a8f37a253094/Build Application]   | \tat org.junit.platform.commons.function.Try.lambda$call$0(Try.java:57)\n[a1e2476a-48b2-4536-8e86-a8f37a253094/Build Application]   | \tat org.junit.platform.commons.function.Try.of(Try.java:93)\n[a1e2476a-48b2-4536-8e86-a8f37a253094/Build Application]   | \tat org.junit.platform.commons.function.Try.call(Try.java:57)\n[a1e2476a-48b2-4536-8e86-a8f37a253094/Build Application]   | \tat org.junit.platform.commons.util.ReflectionUtils.tryToReadFieldValue(ReflectionUtils.java:673)\n[a1e2476a-48b2-4536-8e86-a8f37a253094/Build Application]   | \tat org.junit.jupiter.engine.descriptor.ExtensionUtils.lambda$registerExtensionsFromFields$4(ExtensionUtils.java:106)\n[a1e2476a-48b2-4536-8e86-a8f37a253094/Build Application]   | \tat java.base/java.util.stream.ForEachOps$ForEachOp$OfRef.accept(ForEachOps.java:183)\n[a1e2476a-48b2-4536-8e86-a8f37a253094/Build Application]   | \tat java.base/java.util.stream.SortedOps$SizedRefSortingSink.end(SortedOps.java:357)\n[a1e2476a-48b2-4536-8e86-a8f37a253094/Build Application]   | \tat java.base/java.util.stream.AbstractPipeline.copyInto(AbstractPipeline.java:510)\n[a1e2476a-48b2-4536-8e86-a8f37a253094/Build Application]   | \tat java.base/java.util.stream.AbstractPipeline.wrapAndCopyInto(AbstractPipeline.java:499)\n[a1e2476a-48b2-4536-8e86-a8f37a253094/Build Application]   | \tat java.base/java.util.stream.ForEachOps$ForEachOp.evaluateSequential(ForEachOps.java:150)\n[a1e2476a-48b2-4536-8e86-a8f37a253094/Build Application]   | \tat java.base/java.util.stream.ForEachOps$ForEachOp$OfRef.evaluateSequential(ForEachOps.java:173)\n[a1e2476a-48b2-4536-8e86-a8f37a253094/Build Application]   | \tat java.base/java.util.stream.AbstractPipeline.evaluate(AbstractPipeline.java:234)\n[a1e2476a-48b2-4536-8e86-a8f37a253094/Build Application]   | \tat java.base/java.util.stream.ReferencePipeline.forEach(ReferencePipeline.java:596)\n[a1e2476a-48b2-4536-8e86-a8f37a253094/Build Application]   | \tat org.junit.jupiter.engine.descriptor.ExtensionUtils.registerExtensionsFromFields(ExtensionUtils.java:98)\n[a1e2476a-48b2-4536-8e86-a8f37a253094/Build Application]   | \tat org.junit.jupiter.engine.descriptor.ClassBasedTestDescriptor.prepare(ClassBasedTestDescriptor.java:154)\n[a1e2476a-48b2-4536-8e86-a8f37a253094/Build Application]   | \tat org.junit.jupiter.engine.descriptor.ClassBasedTestDescriptor.prepare(ClassBasedTestDescriptor.java:84)\n[a1e2476a-48b2-4536-8e86-a8f37a253094/Build Application]   | \tat org.junit.platform.engine.support.hierarchical.NodeTestTask.lambda$prepare$2(NodeTestTask.java:123)\n[a1e2476a-48b2-4536-8e86-a8f37a253094/Build Application]   | \tat org.junit.platform.engine.support.hierarchical.ThrowableCollector.execute(ThrowableCollector.java:73)\n[a1e2476a-48b2-4536-8e86-a8f37a253094/Build Application]   | \tat org.junit.platform.engine.support.hierarchical.NodeTestTask.prepare(NodeTestTask.java:123)\n[a1e2476a-48b2-4536-8e86-a8f37a253094/Build Application]   | \tat org.junit.platform.engine.support.hierarchical.NodeTestTask.execute(NodeTestTask.java:90)\n[a1e2476a-48b2-4536-8e86-a8f37a253094/Build Application]   | \tat java.base/java.util.ArrayList.forEach(ArrayList.java:1511)\n[a1e2476a-48b2-4536-8e86-a8f37a253094/Build Application]   | \tat org.junit.platform.engine.support.hierarchical.SameThreadHierarchicalTestExecutorService.invokeAll(SameThreadHierarchicalTestExecutorService.java:41)\n[a1e2476a-48b2-4536-8e86-a8f37a253094/Build Application]   | \tat org.junit.platform.engine.support.hierarchical.NodeTestTask.lambda$executeRecursively$6(NodeTestTask.java:155)\n[a1e2476a-48b2-4536-8e86-a8f37a253094/Build Application]   | \tat org.junit.platform.engine.support.hierarchical.ThrowableCollector.execute(ThrowableCollector.java:73)\n[a1e2476a-48b2-4536-8e86-a8f37a253094/Build Application]   | \tat org.junit.platform.engine.support.hierarchical.NodeTestTask.lambda$executeRecursively$8(NodeTestTask.java:141)\n[a1e2476a-48b2-4536-8e86-a8f37a253094/Build Application]   | \tat org.junit.platform.engine.support.hierarchical.Node.around(Node.java:137)\n[a1e2476a-48b2-4536-8e86-a8f37a253094/Build Application]   | \tat org.junit.platform.engine.support.hierarchical.NodeTestTask.lambda$executeRecursively$9(NodeTestTask.java:139)\n[a1e2476a-48b2-4536-8e86-a8f37a253094/Build Application]   | \tat org.junit.platform.engine.support.hierarchical.ThrowableCollector.execute(ThrowableCollector.java:73)\n[a1e2476a-48b2-4536-8e86-a8f37a253094/Build Application]   | \tat org.junit.platform.engine.support.hierarchical.NodeTestTask.executeRecursively(NodeTestTask.java:138)\n[a1e2476a-48b2-4536-8e86-a8f37a253094/Build Application]   | \tat org.junit.platform.engine.support.hierarchical.NodeTestTask.execute(NodeTestTask.java:95)\n[a1e2476a-48b2-4536-8e86-a8f37a253094/Build Application]   | \tat org.junit.platform.engine.support.hierarchical.SameThreadHierarchicalTestExecutorService.submit(SameThreadHierarchicalTestExecutorService.java:35)\n[a1e2476a-48b2-4536-8e86-a8f37a253094/Build Application]   | \tat org.junit.platform.engine.support.hierarchical.HierarchicalTestExecutor.execute(HierarchicalTestExecutor.java:57)\n[a1e2476a-48b2-4536-8e86-a8f37a253094/Build Application]   | \tat org.junit.platform.engine.support.hierarchical.HierarchicalTestEngine.execute(HierarchicalTestEngine.java:54)\n[a1e2476a-48b2-4536-8e86-a8f37a253094/Build Application]   | \tat org.junit.platform.launcher.core.EngineExecutionOrchestrator.execute(EngineExecutionOrchestrator.java:147)\n[a1e2476a-48b2-4536-8e86-a8f37a253094/Build Application]   | \tat org.junit.platform.launcher.core.EngineExecutionOrchestrator.execute(EngineExecutionOrchestrator.java:127)\n[a1e2476a-48b2-4536-8e86-a8f37a253094/Build Application]   | \tat org.junit.platform.launcher.core.EngineExecutionOrchestrator.execute(EngineExecutionOrchestrator.java:90)\n[a1e2476a-48b2-4536-8e86-a8f37a253094/Build Application]   | \tat org.junit.platform.launcher.core.EngineExecutionOrchestrator.lambda$execute$0(EngineExecutionOrchestrator.java:55)\n[a1e2476a-48b2-4536-8e86-a8f37a253094/Build Application]   | \tat org.junit.platform.launcher.core.EngineExecutionOrchestrator.withInterceptedStreams(EngineExecutionOrchestrator.java:102)\n[a1e2476a-48b2-4536-8e86-a8f37a253094/Build Application]   | \tat org.junit.platform.launcher.core.EngineExecutionOrchestrator.execute(EngineExecutionOrchestrator.java:54)\n[a1e2476a-48b2-4536-8e86-a8f37a253094/Build Application]   | \tat org.junit.platform.launcher.core.DefaultLauncher.execute(DefaultLauncher.java:114)\n[a1e2476a-48b2-4536-8e86-a8f37a253094/Build Application]   | \tat org.junit.platform.launcher.core.DefaultLauncher.execute(DefaultLauncher.java:86)\n[a1e2476a-48b2-4536-8e86-a8f37a253094/Build Application]   | \tat org.junit.platform.launcher.core.DefaultLauncherSession$DelegatingLauncher.execute(DefaultLauncherSession.java:86)\n[a1e2476a-48b2-4536-8e86-a8f37a253094/Build Application]   | \tat org.apache.maven.surefire.junitplatform.LazyLauncher.execute(LazyLauncher.java:56)\n[a1e2476a-48b2-4536-8e86-a8f37a253094/Build Application]   | \tat org.apache.maven.surefire.junitplatform.JUnitPlatformProvider.execute(JUnitPlatformProvider.java:184)\n[a1e2476a-48b2-4536-8e86-a8f37a253094/Build Application]   | \tat org.apache.maven.surefire.junitplatform.JUnitPlatformProvider.invokeAllTests(JUnitPlatformProvider.java:148)\n[a1e2476a-48b2-4536-8e86-a8f37a253094/Build Application]   | \tat org.apache.maven.surefire.junitplatform.JUnitPlatformProvider.invoke(JUnitPlatformProvider.java:122)\n[a1e2476a-48b2-4536-8e86-a8f37a253094/Build Application]   | \tat org.apache.maven.surefire.booter.ForkedBooter.runSuitesInProcess(ForkedBooter.java:385)\n[a1e2476a-48b2-4536-8e86-a8f37a253094/Build Application]   | \tat org.apache.maven.surefire.booter.ForkedBooter.execute(ForkedBooter.java:162)\n[a1e2476a-48b2-4536-8e86-a8f37a253094/Build Application]   | \tat org.apache.maven.surefire.booter.ForkedBooter.run(ForkedBooter.java:507)\n[a1e2476a-48b2-4536-8e86-a8f37a253094/Build Application]   | \tat org.apache.maven.surefire.booter.ForkedBooter.main(ForkedBooter.java:495)\n[a1e2476a-48b2-4536-8e86-a8f37a253094/Build Application]   | Caused by: java.lang.IllegalStateException: Could not find a valid Docker environment. Please see logs and check configuration\n[a1e2476a-48b2-4536-8e86-a8f37a253094/Build Application]   | \tat org.testcontainers.dockerclient.DockerClientProviderStrategy.lambda$getFirstValidStrategy$7(DockerClientProviderStrategy.java:276)\n[a1e2476a-48b2-4536-8e86-a8f37a253094/Build Application]   | \tat java.base/java.util.Optional.orElseThrow(Optional.java:403)\n[a1e2476a-48b2-4536-8e86-a8f37a253094/Build Application]   | \tat org.testcontainers.dockerclient.DockerClientProviderStrategy.getFirstValidStrategy(DockerClientProviderStrategy.java:267)\n[a1e2476a-48b2-4536-8e86-a8f37a253094/Build Application]   | \tat org.testcontainers.DockerClientFactory.getOrInitializeStrategy(DockerClientFactory.java:150)\n[a1e2476a-48b2-4536-8e86-a8f37a253094/Build Application]   | \tat org.testcontainers.DockerClientFactory.client(DockerClientFactory.java:191)\n[a1e2476a-48b2-4536-8e86-a8f37a253094/Build Application]   | \tat org.testcontainers.DockerClientFactory$1.getDockerClient(DockerClientFactory.java:104)\n[a1e2476a-48b2-4536-8e86-a8f37a253094/Build Application]   | \tat com.github.dockerjava.api.DockerClientDelegate.authConfig(DockerClientDelegate.java:109)\n[a1e2476a-48b2-4536-8e86-a8f37a253094/Build Application]   | \tat org.testcontainers.containers.GenericContainer.start(GenericContainer.java:321)\n[a1e2476a-48b2-4536-8e86-a8f37a253094/Build Application]   | \tat org.testcontainers.utility.RyukResourceReaper.maybeStart(RyukResourceReaper.java:78)\n[a1e2476a-48b2-4536-8e86-a8f37a253094/Build Application]   | \tat org.testcontainers.utility.RyukResourceReaper.registerLabelsFilterForCleanup(RyukResourceReaper.java:51)\n[a1e2476a-48b2-4536-8e86-a8f37a253094/Build Application]   | \tat org.testcontainers.containers.DockerComposeContainer.registerContainersForShutdown(DockerComposeContainer.java:345)\n[a1e2476a-48b2-4536-8e86-a8f37a253094/Build Application]   | \tat org.testcontainers.containers.DockerComposeContainer.start(DockerComposeContainer.java:183)\n[a1e2476a-48b2-4536-8e86-a8f37a253094/Build Application]   | \tat de.rieckpil.courses.AbstractWebTest.<clinit>(AbstractWebTest.java:53)\n[a1e2476a-48b2-4536-8e86-a8f37a253094/Build Application]   | \t... 58 more\n[a1e2476a-48b2-4536-8e86-a8f37a253094/Build Application]   | \n[a1e2476a-48b2-4536-8e86-a8f37a253094/Build Application]   | [INFO] Running de.rieckpil.courses.book.review.ReviewCreationWT\n[a1e2476a-48b2-4536-8e86-a8f37a253094/Build Application]   | [ERROR] Tests run: 1, Failures: 0, Errors: 1, Skipped: 0, Time elapsed: 0.005 s <<< FAILURE! -- in de.rieckpil.courses.book.review.ReviewCreationWT\n[a1e2476a-48b2-4536-8e86-a8f37a253094/Build Application]   | [ERROR] de.rieckpil.courses.book.review.ReviewCreationWT -- Time elapsed: 0.005 s <<< ERROR!\n[a1e2476a-48b2-4536-8e86-a8f37a253094/Build Application]   | java.lang.NoClassDefFoundError: Could not initialize class de.rieckpil.courses.AbstractWebTest\n[a1e2476a-48b2-4536-8e86-a8f37a253094/Build Application]   | \tat java.base/jdk.internal.misc.Unsafe.ensureClassInitialized0(Native Method)\n[a1e2476a-48b2-4536-8e86-a8f37a253094/Build Application]   | \tat java.base/jdk.internal.misc.Unsafe.ensureClassInitialized(Unsafe.java:1155)\n[a1e2476a-48b2-4536-8e86-a8f37a253094/Build Application]   | \tat java.base/jdk.internal.reflect.UnsafeFieldAccessorFactory.newFieldAccessor(UnsafeFieldAccessorFactory.java:42)\n[a1e2476a-48b2-4536-8e86-a8f37a253094/Build Application]   | \tat java.base/jdk.internal.reflect.ReflectionFactory.newFieldAccessor(ReflectionFactory.java:185)\n[a1e2476a-48b2-4536-8e86-a8f37a253094/Build Application]   | \tat java.base/java.lang.reflect.Field.acquireFieldAccessor(Field.java:1132)\n[a1e2476a-48b2-4536-8e86-a8f37a253094/Build Application]   | \tat java.base/java.lang.reflect.Field.getFieldAccessor(Field.java:1113)\n[a1e2476a-48b2-4536-8e86-a8f37a253094/Build Application]   | \tat java.base/java.lang.reflect.Field.get(Field.java:425)\n[a1e2476a-48b2-4536-8e86-a8f37a253094/Build Application]   | \tat org.junit.platform.commons.util.ReflectionUtils.lambda$tryToReadFieldValue$5(ReflectionUtils.java:673)\n[a1e2476a-48b2-4536-8e86-a8f37a253094/Build Application]   | \tat org.junit.platform.commons.function.Try.lambda$call$0(Try.java:57)\n[a1e2476a-48b2-4536-8e86-a8f37a253094/Build Application]   | \tat org.junit.platform.commons.function.Try.of(Try.java:93)\n[a1e2476a-48b2-4536-8e86-a8f37a253094/Build Application]   | \tat org.junit.platform.commons.function.Try.call(Try.java:57)\n[a1e2476a-48b2-4536-8e86-a8f37a253094/Build Application]   | \tat org.junit.platform.commons.util.ReflectionUtils.tryToReadFieldValue(ReflectionUtils.java:673)\n[a1e2476a-48b2-4536-8e86-a8f37a253094/Build Application]   | \tat org.junit.jupiter.engine.descriptor.ExtensionUtils.lambda$registerExtensionsFromFields$4(ExtensionUtils.java:106)\n[a1e2476a-48b2-4536-8e86-a8f37a253094/Build Application]   | \tat java.base/java.util.stream.ForEachOps$ForEachOp$OfRef.accept(ForEachOps.java:183)\n[a1e2476a-48b2-4536-8e86-a8f37a253094/Build Application]   | \tat java.base/java.util.stream.SortedOps$SizedRefSortingSink.end(SortedOps.java:357)\n[a1e2476a-48b2-4536-8e86-a8f37a253094/Build Application]   | \tat java.base/java.util.stream.AbstractPipeline.copyInto(AbstractPipeline.java:510)\n[a1e2476a-48b2-4536-8e86-a8f37a253094/Build Application]   | \tat java.base/java.util.stream.AbstractPipeline.wrapAndCopyInto(AbstractPipeline.java:499)\n[a1e2476a-48b2-4536-8e86-a8f37a253094/Build Application]   | \tat java.base/java.util.stream.ForEachOps$ForEachOp.evaluateSequential(ForEachOps.java:150)\n[a1e2476a-48b2-4536-8e86-a8f37a253094/Build Application]   | \tat java.base/java.util.stream.ForEachOps$ForEachOp$OfRef.evaluateSequential(ForEachOps.java:173)\n[a1e2476a-48b2-4536-8e86-a8f37a253094/Build Application]   | \tat java.base/java.util.stream.AbstractPipeline.evaluate(AbstractPipeline.java:234)\n[a1e2476a-48b2-4536-8e86-a8f37a253094/Build Application]   | \tat java.base/java.util.stream.ReferencePipeline.forEach(ReferencePipeline.java:596)\n[a1e2476a-48b2-4536-8e86-a8f37a253094/Build Application]   | \tat org.junit.jupiter.engine.descriptor.ExtensionUtils.registerExtensionsFromFields(ExtensionUtils.java:98)\n[a1e2476a-48b2-4536-8e86-a8f37a253094/Build Application]   | \tat org.junit.jupiter.engine.descriptor.ClassBasedTestDescriptor.prepare(ClassBasedTestDescriptor.java:154)\n[a1e2476a-48b2-4536-8e86-a8f37a253094/Build Application]   | \tat org.junit.jupiter.engine.descriptor.ClassBasedTestDescriptor.prepare(ClassBasedTestDescriptor.java:84)\n[a1e2476a-48b2-4536-8e86-a8f37a253094/Build Application]   | \tat org.junit.platform.engine.support.hierarchical.NodeTestTask.lambda$prepare$2(NodeTestTask.java:123)\n[a1e2476a-48b2-4536-8e86-a8f37a253094/Build Application]   | \tat org.junit.platform.engine.support.hierarchical.ThrowableCollector.execute(ThrowableCollector.java:73)\n[a1e2476a-48b2-4536-8e86-a8f37a253094/Build Application]   | \tat org.junit.platform.engine.support.hierarchical.NodeTestTask.prepare(NodeTestTask.java:123)\n[a1e2476a-48b2-4536-8e86-a8f37a253094/Build Application]   | \tat org.junit.platform.engine.support.hierarchical.NodeTestTask.execute(NodeTestTask.java:90)\n[a1e2476a-48b2-4536-8e86-a8f37a253094/Build Application]   | \tat java.base/java.util.ArrayList.forEach(ArrayList.java:1511)\n[a1e2476a-48b2-4536-8e86-a8f37a253094/Build Application]   | \tat org.junit.platform.engine.support.hierarchical.SameThreadHierarchicalTestExecutorService.invokeAll(SameThreadHierarchicalTestExecutorService.java:41)\n[a1e2476a-48b2-4536-8e86-a8f37a253094/Build Application]   | \tat org.junit.platform.engine.support.hierarchical.NodeTestTask.lambda$executeRecursively$6(NodeTestTask.java:155)\n[a1e2476a-48b2-4536-8e86-a8f37a253094/Build Application]   | \tat org.junit.platform.engine.support.hierarchical.ThrowableCollector.execute(ThrowableCollector.java:73)\n[a1e2476a-48b2-4536-8e86-a8f37a253094/Build Application]   | \tat org.junit.platform.engine.support.hierarchical.NodeTestTask.lambda$executeRecursively$8(NodeTestTask.java:141)\n[a1e2476a-48b2-4536-8e86-a8f37a253094/Build Application]   | \tat org.junit.platform.engine.support.hierarchical.Node.around(Node.java:137)\n[a1e2476a-48b2-4536-8e86-a8f37a253094/Build Application]   | \tat org.junit.platform.engine.support.hierarchical.NodeTestTask.lambda$executeRecursively$9(NodeTestTask.java:139)\n[a1e2476a-48b2-4536-8e86-a8f37a253094/Build Application]   | \tat org.junit.platform.engine.support.hierarchical.ThrowableCollector.execute(ThrowableCollector.java:73)\n[a1e2476a-48b2-4536-8e86-a8f37a253094/Build Application]   | \tat org.junit.platform.engine.support.hierarchical.NodeTestTask.executeRecursively(NodeTestTask.java:138)\n[a1e2476a-48b2-4536-8e86-a8f37a253094/Build Application]   | \tat org.junit.platform.engine.support.hierarchical.NodeTestTask.execute(NodeTestTask.java:95)\n[a1e2476a-48b2-4536-8e86-a8f37a253094/Build Application]   | \tat org.junit.platform.engine.support.hierarchical.SameThreadHierarchicalTestExecutorService.submit(SameThreadHierarchicalTestExecutorService.java:35)\n[a1e2476a-48b2-4536-8e86-a8f37a253094/Build Application]   | \tat org.junit.platform.engine.support.hierarchical.HierarchicalTestExecutor.execute(HierarchicalTestExecutor.java:57)\n[a1e2476a-48b2-4536-8e86-a8f37a253094/Build Application]   | \tat org.junit.platform.engine.support.hierarchical.HierarchicalTestEngine.execute(HierarchicalTestEngine.java:54)\n[a1e2476a-48b2-4536-8e86-a8f37a253094/Build Application]   | \tat org.junit.platform.launcher.core.EngineExecutionOrchestrator.execute(EngineExecutionOrchestrator.java:147)\n[a1e2476a-48b2-4536-8e86-a8f37a253094/Build Application]   | \tat org.junit.platform.launcher.core.EngineExecutionOrchestrator.execute(EngineExecutionOrchestrator.java:127)\n[a1e2476a-48b2-4536-8e86-a8f37a253094/Build Application]   | \tat org.junit.platform.launcher.core.EngineExecutionOrchestrator.execute(EngineExecutionOrchestrator.java:90)\n[a1e2476a-48b2-4536-8e86-a8f37a253094/Build Application]   | \tat org.junit.platform.launcher.core.EngineExecutionOrchestrator.lambda$execute$0(EngineExecutionOrchestrator.java:55)\n[a1e2476a-48b2-4536-8e86-a8f37a253094/Build Application]   | \tat org.junit.platform.launcher.core.EngineExecutionOrchestrator.withInterceptedStreams(EngineExecutionOrchestrator.java:102)\n[a1e2476a-48b2-4536-8e86-a8f37a253094/Build Application]   | \tat org.junit.platform.launcher.core.EngineExecutionOrchestrator.execute(EngineExecutionOrchestrator.java:54)\n[a1e2476a-48b2-4536-8e86-a8f37a253094/Build Application]   | \tat org.junit.platform.launcher.core.DefaultLauncher.execute(DefaultLauncher.java:114)\n[a1e2476a-48b2-4536-8e86-a8f37a253094/Build Application]   | \tat org.junit.platform.launcher.core.DefaultLauncher.execute(DefaultLauncher.java:86)\n[a1e2476a-48b2-4536-8e86-a8f37a253094/Build Application]   | \tat org.junit.platform.launcher.core.DefaultLauncherSession$DelegatingLauncher.execute(DefaultLauncherSession.java:86)\n[a1e2476a-48b2-4536-8e86-a8f37a253094/Build Application]   | \tat org.apache.maven.surefire.junitplatform.LazyLauncher.execute(LazyLauncher.java:56)\n[a1e2476a-48b2-4536-8e86-a8f37a253094/Build Application]   | \tat org.apache.maven.surefire.junitplatform.JUnitPlatformProvider.execute(JUnitPlatformProvider.java:184)\n[a1e2476a-48b2-4536-8e86-a8f37a253094/Build Application]   | \tat org.apache.maven.surefire.junitplatform.JUnitPlatformProvider.invokeAllTests(JUnitPlatformProvider.java:148)\n[a1e2476a-48b2-4536-8e86-a8f37a253094/Build Application]   | \tat org.apache.maven.surefire.junitplatform.JUnitPlatformProvider.invoke(JUnitPlatformProvider.java:122)\n[a1e2476a-48b2-4536-8e86-a8f37a253094/Build Application]   | \tat org.apache.maven.surefire.booter.ForkedBooter.runSuitesInProcess(ForkedBooter.java:385)\n[a1e2476a-48b2-4536-8e86-a8f37a253094/Build Application]   | \tat org.apache.maven.surefire.booter.ForkedBooter.execute(ForkedBooter.java:162)\n[a1e2476a-48b2-4536-8e86-a8f37a253094/Build Application]   | \tat org.apache.maven.surefire.booter.ForkedBooter.run(ForkedBooter.java:507)\n[a1e2476a-48b2-4536-8e86-a8f37a253094/Build Application]   | \tat org.apache.maven.surefire.booter.ForkedBooter.main(ForkedBooter.java:495)\n[a1e2476a-48b2-4536-8e86-a8f37a253094/Build Application]   | Caused by: java.lang.ExceptionInInitializerError: Exception java.lang.IllegalStateException: Could not find a valid Docker environment. Please see logs and check configuration [in thread \"main\"]\n[a1e2476a-48b2-4536-8e86-a8f37a253094/Build Application]   | \tat org.testcontainers.dockerclient.DockerClientProviderStrategy.lambda$getFirstValidStrategy$7(DockerClientProviderStrategy.java:276)\n[a1e2476a-48b2-4536-8e86-a8f37a253094/Build Application]   | \tat java.base/java.util.Optional.orElseThrow(Optional.java:403)\n[a1e2476a-48b2-4536-8e86-a8f37a253094/Build Application]   | \tat org.testcontainers.dockerclient.DockerClientProviderStrategy.getFirstValidStrategy(DockerClientProviderStrategy.java:267)\n[a1e2476a-48b2-4536-8e86-a8f37a253094/Build Application]   | \tat org.testcontainers.DockerClientFactory.getOrInitializeStrategy(DockerClientFactory.java:150)\n[a1e2476a-48b2-4536-8e86-a8f37a253094/Build Application]   | \tat org.testcontainers.DockerClientFactory.client(DockerClientFactory.java:191)\n[a1e2476a-48b2-4536-8e86-a8f37a253094/Build Application]   | \tat org.testcontainers.DockerClientFactory$1.getDockerClient(DockerClientFactory.java:104)\n[a1e2476a-48b2-4536-8e86-a8f37a253094/Build Application]   | \tat com.github.dockerjava.api.DockerClientDelegate.authConfig(DockerClientDelegate.java:109)\n[a1e2476a-48b2-4536-8e86-a8f37a253094/Build Application]   | \tat org.testcontainers.containers.GenericContainer.start(GenericContainer.java:321)\n[a1e2476a-48b2-4536-8e86-a8f37a253094/Build Application]   | \tat org.testcontainers.utility.RyukResourceReaper.maybeStart(RyukResourceReaper.java:78)\n[a1e2476a-48b2-4536-8e86-a8f37a253094/Build Application]   | \tat org.testcontainers.utility.RyukResourceReaper.registerLabelsFilterForCleanup(RyukResourceReaper.java:51)\n[a1e2476a-48b2-4536-8e86-a8f37a253094/Build Application]   | \tat org.testcontainers.containers.DockerComposeContainer.registerContainersForShutdown(DockerComposeContainer.java:345)\n[a1e2476a-48b2-4536-8e86-a8f37a253094/Build Application]   | \tat org.testcontainers.containers.DockerComposeContainer.start(DockerComposeContainer.java:183)\n[a1e2476a-48b2-4536-8e86-a8f37a253094/Build Application]   | \tat de.rieckpil.courses.AbstractWebTest.<clinit>(AbstractWebTest.java:53)\n[a1e2476a-48b2-4536-8e86-a8f37a253094/Build Application]   | \t... 58 more\n[a1e2476a-48b2-4536-8e86-a8f37a253094/Build Application]   | \n[a1e2476a-48b2-4536-8e86-a8f37a253094/Build Application]   | [INFO] \n[a1e2476a-48b2-4536-8e86-a8f37a253094/Build Application]   | [INFO] Results:\n[a1e2476a-48b2-4536-8e86-a8f37a253094/Build Application]   | [INFO] \n[a1e2476a-48b2-4536-8e86-a8f37a253094/Build Application]   | [ERROR] Errors: \n[a1e2476a-48b2-4536-8e86-a8f37a253094/Build Application]   | [ERROR]   ReviewCreationPageObjectsWT \u00bb ExceptionInInitializer\n[a1e2476a-48b2-4536-8e86-a8f37a253094/Build Application]   | [ERROR]   ReviewCreationWT \u00bb NoClassDefFound Could not initialize class de.rieckpil.courses.AbstractWebTest\n[a1e2476a-48b2-4536-8e86-a8f37a253094/Build Application]   | [INFO] \n[a1e2476a-48b2-4536-8e86-a8f37a253094/Build Application]   | [ERROR] Tests run: 2, Failures: 0, Errors: 2, Skipped: 0\n[a1e2476a-48b2-4536-8e86-a8f37a253094/Build Application]   | [INFO] \n[a1e2476a-48b2-4536-8e86-a8f37a253094/Build Application]   | [INFO] \n[a1e2476a-48b2-4536-8e86-a8f37a253094/Build Application]   | [INFO] --- failsafe:3.1.2:verify (default) @ testing-spring-boot-applications-masterclass ---\n[a1e2476a-48b2-4536-8e86-a8f37a253094/Build Application]   | [INFO] ------------------------------------------------------------------------\n[a1e2476a-48b2-4536-8e86-a8f37a253094/Build Application]   | [INFO] BUILD FAILURE\n[a1e2476a-48b2-4536-8e86-a8f37a253094/Build Application]   | [INFO] ------------------------------------------------------------------------\n[a1e2476a-48b2-4536-8e86-a8f37a253094/Build Application]   | [INFO] Total time:  36.206 s\n[a1e2476a-48b2-4536-8e86-a8f37a253094/Build Application]   | [INFO] Finished at: 2023-06-29T14:43:09Z\n[a1e2476a-48b2-4536-8e86-a8f37a253094/Build Application]   | [INFO] ------------------------------------------------------------------------\n[a1e2476a-48b2-4536-8e86-a8f37a253094/Build Application]   | [WARNING] \n[a1e2476a-48b2-4536-8e86-a8f37a253094/Build Application]   | [WARNING] Plugin validation issues were detected in 1 plugin(s)\n[a1e2476a-48b2-4536-8e86-a8f37a253094/Build Application]   | [WARNING] \n[a1e2476a-48b2-4536-8e86-a8f37a253094/Build Application]   | [WARNING]  * com.github.eirslett:frontend-maven-plugin:1.12.1\n[a1e2476a-48b2-4536-8e86-a8f37a253094/Build Application]   | [WARNING] \n[a1e2476a-48b2-4536-8e86-a8f37a253094/Build Application]   | [WARNING] For more or less details, use 'maven.plugin.validation' property with one of the values (case insensitive): [BRIEF, DEFAULT, VERBOSE]\n[a1e2476a-48b2-4536-8e86-a8f37a253094/Build Application]   | [WARNING] \n[a1e2476a-48b2-4536-8e86-a8f37a253094/Build Application]   | [INFO] 16 goals, 14 executed, 2 from cache\n[a1e2476a-48b2-4536-8e86-a8f37a253094/Build Application]   | [INFO] \n[a1e2476a-48b2-4536-8e86-a8f37a253094/Build Application]   | [INFO] Publishing build scan...\n[a1e2476a-48b2-4536-8e86-a8f37a253094/Build Application]   | [INFO] https://gradle.com/s/2elo4ol2lsic6\n[a1e2476a-48b2-4536-8e86-a8f37a253094/Build Application]   | [INFO] \n[a1e2476a-48b2-4536-8e86-a8f37a253094/Build Application]   | [ERROR] Failed to execute goal org.apache.maven.plugins:maven-failsafe-plugin:3.1.2:verify (default) on project testing-spring-boot-applications-masterclass: \n[a1e2476a-48b2-4536-8e86-a8f37a253094/Build Application]   | [ERROR] \n[a1e2476a-48b2-4536-8e86-a8f37a253094/Build Application]   | [ERROR] Please refer to /tmp/3d783ea4-1661-11ee-8a50-bb14de238602/rieckpil-testing-spring-boot-applications-masterclass/target/failsafe-reports for the individual test results.\n[a1e2476a-48b2-4536-8e86-a8f37a253094/Build Application]   | [ERROR] Please refer to dump files (if any exist) [date].dump, [date]-jvmRun[N].dump and [date].dumpstream.\n[a1e2476a-48b2-4536-8e86-a8f37a253094/Build Application]   | [ERROR] -> [Help 1]\n[a1e2476a-48b2-4536-8e86-a8f37a253094/Build Application]   | [ERROR] \n[a1e2476a-48b2-4536-8e86-a8f37a253094/Build Application]   | [ERROR] To see the full stack trace of the errors, re-run Maven with the -e switch.\n[a1e2476a-48b2-4536-8e86-a8f37a253094/Build Application]   | [ERROR] Re-run Maven using the -X switch to enable full debug logging.\n[a1e2476a-48b2-4536-8e86-a8f37a253094/Build Application]   | [ERROR] \n[a1e2476a-48b2-4536-8e86-a8f37a253094/Build Application]   | [ERROR] For more information about the errors and possible solutions, please read the following articles:\n[a1e2476a-48b2-4536-8e86-a8f37a253094/Build Application]   | [ERROR] [Help 1] http://cwiki.apache.org/confluence/display/MAVEN/MojoFailureException\n[a1e2476a-48b2-4536-8e86-a8f37a253094/Build Application]   \ud83d\udcac  ::debug::Code: 1\n[a1e2476a-48b2-4536-8e86-a8f37a253094/Build Application]   \ud83d\udcac  ::debug::Signal: null\n[a1e2476a-48b2-4536-8e86-a8f37a253094/Build Application]   \ud83d\udcac  ::debug::Waited 10003ms\n[a1e2476a-48b2-4536-8e86-a8f37a253094/Build Application]   \ud83d\udcac  ::debug::Configured wait: 10000ms\n[a1e2476a-48b2-4536-8e86-a8f37a253094/Build Application]   \u2757  ::error::Final attempt failed. Child_process exited with error code 1\n[a1e2476a-48b2-4536-8e86-a8f37a253094/Build Application]   \u274c  Failure - Main Run all web tests\n[a1e2476a-48b2-4536-8e86-a8f37a253094/Build Application]   \u2699  ::set-output:: exit_error=Final attempt failed. Child_process exited with error code 1\n[a1e2476a-48b2-4536-8e86-a8f37a253094/Build Application]   \u2699  ::set-output:: exit_code=1\n[a1e2476a-48b2-4536-8e86-a8f37a253094/Build Application]   \u2699  ::set-output:: total_attempts=3\n[a1e2476a-48b2-4536-8e86-a8f37a253094/Build Application] exitcode '1': failure\n[a1e2476a-48b2-4536-8e86-a8f37a253094/Build Application] \u2b50 Run Main Flatten Selenide Screenshots and HTML source code on failure\n[a1e2476a-48b2-4536-8e86-a8f37a253094/Build Application]   \ud83d\udc33  docker exec cmd=[bash --noprofile --norc -e -o pipefail /var/run/act/workflow/6] user= workdir=target\n[a1e2476a-48b2-4536-8e86-a8f37a253094/Build Application]   | No Selenide failure artifacts found in folder selenide-screenshots\n[a1e2476a-48b2-4536-8e86-a8f37a253094/Build Application]   \u2705  Success - Main Flatten Selenide Screenshots and HTML source code on failure\n[a1e2476a-48b2-4536-8e86-a8f37a253094/Build Application] \u2b50 Run Main Archive Selenide outcome on failure\n[a1e2476a-48b2-4536-8e86-a8f37a253094/Build Application]   \ud83d\udc33  docker cp src=/tmp/act-cache/5df0f1f5-cb31-470d-b401-d234db520c60/act/actions-upload-artifact@v3/ dst=/var/run/act/actions/actions-upload-artifact@v3/\n[a1e2476a-48b2-4536-8e86-a8f37a253094/Build Application]   \ud83d\udc33  docker exec cmd=[chown -R 1012:1013 /var/run/act/actions/actions-upload-artifact@v3/] user=0 workdir=\n[a1e2476a-48b2-4536-8e86-a8f37a253094/Build Application]   \ud83d\udc33  docker exec cmd=[node /var/run/act/actions/actions-upload-artifact@v3/dist/index.js] user= workdir=\n[a1e2476a-48b2-4536-8e86-a8f37a253094/Build Application]   \ud83d\udcac  ::debug::followSymbolicLinks 'true'\n[a1e2476a-48b2-4536-8e86-a8f37a253094/Build Application]   \ud83d\udcac  ::debug::implicitDescendants 'true'\n[a1e2476a-48b2-4536-8e86-a8f37a253094/Build Application]   \ud83d\udcac  ::debug::omitBrokenSymbolicLinks 'true'\n[a1e2476a-48b2-4536-8e86-a8f37a253094/Build Application]   \ud83d\udcac  ::debug::followSymbolicLinks 'true'\n[a1e2476a-48b2-4536-8e86-a8f37a253094/Build Application]   \ud83d\udcac  ::debug::implicitDescendants 'true'\n[a1e2476a-48b2-4536-8e86-a8f37a253094/Build Application]   \ud83d\udcac  ::debug::matchDirectories 'true'\n[a1e2476a-48b2-4536-8e86-a8f37a253094/Build Application]   \ud83d\udcac  ::debug::omitBrokenSymbolicLinks 'true'\n[a1e2476a-48b2-4536-8e86-a8f37a253094/Build Application]   \ud83d\udcac  ::debug::Search path '/tmp/3d783ea4-1661-11ee-8a50-bb14de238602/rieckpil-testing-spring-boot-applications-masterclass/target/aggregated-outcome'\n[a1e2476a-48b2-4536-8e86-a8f37a253094/Build Application]   \ud83d\udcac  ::debug::Removing /tmp/3d783ea4-1661-11ee-8a50-bb14de238602/rieckpil-testing-spring-boot-applications-masterclass/target/aggregated-outcome from rawSearchResults because it is a directory\n[a1e2476a-48b2-4536-8e86-a8f37a253094/Build Application]   \ud83d\udea7  ::warning::No files were found with the provided path: target/aggregated-outcome. No artifacts will be uploaded.\n[a1e2476a-48b2-4536-8e86-a8f37a253094/Build Application]   \u2705  Success - Main Archive Selenide outcome on failure\n[a1e2476a-48b2-4536-8e86-a8f37a253094/Build Application] \u2b50 Run Main Upload Testcontainers Cloud output file\n[a1e2476a-48b2-4536-8e86-a8f37a253094/Build Application]   \ud83d\udc33  docker cp src=/tmp/act-cache/5df0f1f5-cb31-470d-b401-d234db520c60/act/actions-upload-artifact@v3/ dst=/var/run/act/actions/actions-upload-artifact@v3/\n[a1e2476a-48b2-4536-8e86-a8f37a253094/Build Application]   \ud83d\udc33  docker exec cmd=[chown -R 1012:1013 /var/run/act/actions/actions-upload-artifact@v3/] user=0 workdir=\n[a1e2476a-48b2-4536-8e86-a8f37a253094/Build Application]   \ud83d\udc33  docker exec cmd=[node /var/run/act/actions/actions-upload-artifact@v3/dist/index.js] user= workdir=\n[a1e2476a-48b2-4536-8e86-a8f37a253094/Build Application]   \ud83d\udcac  ::debug::followSymbolicLinks 'true'\n[a1e2476a-48b2-4536-8e86-a8f37a253094/Build Application]   \ud83d\udcac  ::debug::implicitDescendants 'true'\n[a1e2476a-48b2-4536-8e86-a8f37a253094/Build Application]   \ud83d\udcac  ::debug::omitBrokenSymbolicLinks 'true'\n[a1e2476a-48b2-4536-8e86-a8f37a253094/Build Application]   \ud83d\udcac  ::debug::followSymbolicLinks 'true'\n[a1e2476a-48b2-4536-8e86-a8f37a253094/Build Application]   \ud83d\udcac  ::debug::implicitDescendants 'true'\n[a1e2476a-48b2-4536-8e86-a8f37a253094/Build Application]   \ud83d\udcac  ::debug::matchDirectories 'true'\n[a1e2476a-48b2-4536-8e86-a8f37a253094/Build Application]   \ud83d\udcac  ::debug::omitBrokenSymbolicLinks 'true'\n[a1e2476a-48b2-4536-8e86-a8f37a253094/Build Application]   \ud83d\udcac  ::debug::Search path '/tmp/3d783ea4-1661-11ee-8a50-bb14de238602/rieckpil-testing-spring-boot-applications-masterclass/testcontainers-client.log'\n[a1e2476a-48b2-4536-8e86-a8f37a253094/Build Application]   \ud83d\udea7  ::warning::No files were found with the provided path: testcontainers-client.log. No artifacts will be uploaded.\n[a1e2476a-48b2-4536-8e86-a8f37a253094/Build Application]   \u2705  Success - Main Upload Testcontainers Cloud output file\n[a1e2476a-48b2-4536-8e86-a8f37a253094/Build Application] \u2b50 Run Main Get Allure history\n[a1e2476a-48b2-4536-8e86-a8f37a253094/Build Application]   \ud83d\udc33  docker cp src=/tmp/act-cache/5df0f1f5-cb31-470d-b401-d234db520c60/act/actions-checkout@v2/ dst=/var/run/act/actions/actions-checkout@v2/\n[a1e2476a-48b2-4536-8e86-a8f37a253094/Build Application]   \ud83d\udc33  docker exec cmd=[chown -R 1012:1013 /var/run/act/actions/actions-checkout@v2/] user=0 workdir=\n[a1e2476a-48b2-4536-8e86-a8f37a253094/Build Application]   \ud83d\udc33  docker exec cmd=[node /var/run/act/actions/actions-checkout@v2/dist/index.js] user= workdir=\n[a1e2476a-48b2-4536-8e86-a8f37a253094/Build Application]   \ud83d\udcac  ::debug::GITHUB_WORKSPACE = '/tmp/3d783ea4-1661-11ee-8a50-bb14de238602/rieckpil-testing-spring-boot-applications-masterclass'\n[a1e2476a-48b2-4536-8e86-a8f37a253094/Build Application]   \ud83d\udcac  ::debug::qualified repository = 'rieckpil/testing-spring-boot-applications-masterclass'\n[a1e2476a-48b2-4536-8e86-a8f37a253094/Build Application]   \ud83d\udcac  ::debug::ref = 'gh-pages'\n[a1e2476a-48b2-4536-8e86-a8f37a253094/Build Application]   \ud83d\udcac  ::debug::commit = 'undefined'\n[a1e2476a-48b2-4536-8e86-a8f37a253094/Build Application]   \ud83d\udcac  ::debug::clean = true\n[a1e2476a-48b2-4536-8e86-a8f37a253094/Build Application]   \ud83d\udcac  ::debug::fetch depth = 1\n[a1e2476a-48b2-4536-8e86-a8f37a253094/Build Application]   \ud83d\udcac  ::debug::lfs = false\n[a1e2476a-48b2-4536-8e86-a8f37a253094/Build Application]   \ud83d\udcac  ::debug::submodules = false\n[a1e2476a-48b2-4536-8e86-a8f37a253094/Build Application]   \ud83d\udcac  ::debug::recursive submodules = false\n[a1e2476a-48b2-4536-8e86-a8f37a253094/Build Application]   \ud83d\udcac  ::debug::Repository owner ID not found within GITHUB event info\n[a1e2476a-48b2-4536-8e86-a8f37a253094/Build Application]   \u2753 add-matcher /run/act/actions/actions-checkout@v2/dist/problem-matcher.json\n[a1e2476a-48b2-4536-8e86-a8f37a253094/Build Application]   | Syncing repository: rieckpil/testing-spring-boot-applications-masterclass\n[a1e2476a-48b2-4536-8e86-a8f37a253094/Build Application]   \u2753  ::group::Getting Git version info\n[a1e2476a-48b2-4536-8e86-a8f37a253094/Build Application]   | Working directory is '/tmp/3d783ea4-1661-11ee-8a50-bb14de238602/rieckpil-testing-spring-boot-applications-masterclass/gh-pages'\n[a1e2476a-48b2-4536-8e86-a8f37a253094/Build Application]   \ud83d\udcac  ::debug::Getting git version\n[a1e2476a-48b2-4536-8e86-a8f37a253094/Build Application]   | [command]/usr/bin/git version\n[a1e2476a-48b2-4536-8e86-a8f37a253094/Build Application]   | git version 2.33.0\n[a1e2476a-48b2-4536-8e86-a8f37a253094/Build Application]   \ud83d\udcac  ::debug::Set git useragent to: git/2.33.0 (github-actions-checkout)\n[a1e2476a-48b2-4536-8e86-a8f37a253094/Build Application]   \u2753  ::endgroup::\n[a1e2476a-48b2-4536-8e86-a8f37a253094/Build Application]   \u2699  ***\n[a1e2476a-48b2-4536-8e86-a8f37a253094/Build Application]   | Temporarily overriding HOME='/tmp/498d8c7c-8950-4329-a9b4-d28c69346be5' before making global git config changes\n[a1e2476a-48b2-4536-8e86-a8f37a253094/Build Application]   | Adding repository directory to the temporary git global config as a safe directory\n[a1e2476a-48b2-4536-8e86-a8f37a253094/Build Application]   | [command]/usr/bin/git config --global --add safe.directory /tmp/3d783ea4-1661-11ee-8a50-bb14de238602/rieckpil-testing-spring-boot-applications-masterclass/gh-pages\n[a1e2476a-48b2-4536-8e86-a8f37a253094/Build Application]   \u2753  ::group::Initializing the repository\n[a1e2476a-48b2-4536-8e86-a8f37a253094/Build Application]   | [command]/usr/bin/git init /tmp/3d783ea4-1661-11ee-8a50-bb14de238602/rieckpil-testing-spring-boot-applications-masterclass/gh-pages\n[a1e2476a-48b2-4536-8e86-a8f37a253094/Build Application]   | hint: Using 'master' as the name for the initial branch. This default branch name\n[a1e2476a-48b2-4536-8e86-a8f37a253094/Build Application]   | hint: is subject to change. To configure the initial branch name to use in all\n[a1e2476a-48b2-4536-8e86-a8f37a253094/Build Application]   | hint: of your new repositories, which will suppress this warning, call:\n[a1e2476a-48b2-4536-8e86-a8f37a253094/Build Application]   | hint: \n[a1e2476a-48b2-4536-8e86-a8f37a253094/Build Application]   | hint: \tgit config --global init.defaultBranch <name>\n[a1e2476a-48b2-4536-8e86-a8f37a253094/Build Application]   | hint: \n[a1e2476a-48b2-4536-8e86-a8f37a253094/Build Application]   | hint: Names commonly chosen instead of 'master' are 'main', 'trunk' and\n[a1e2476a-48b2-4536-8e86-a8f37a253094/Build Application]   | hint: 'development'. The just-created branch can be renamed via this command:\n[a1e2476a-48b2-4536-8e86-a8f37a253094/Build Application]   | hint: \n[a1e2476a-48b2-4536-8e86-a8f37a253094/Build Application]   | hint: \tgit branch -m <name>\n[a1e2476a-48b2-4536-8e86-a8f37a253094/Build Application]   | Initialized empty Git repository in /tmp/3d783ea4-1661-11ee-8a50-bb14de238602/rieckpil-testing-spring-boot-applications-masterclass/gh-pages/.git/\n[a1e2476a-48b2-4536-8e86-a8f37a253094/Build Application]   | [command]/usr/bin/git remote add origin https://github.com/rieckpil/testing-spring-boot-applications-masterclass\n[a1e2476a-48b2-4536-8e86-a8f37a253094/Build Application]   \u2753  ::endgroup::\n[a1e2476a-48b2-4536-8e86-a8f37a253094/Build Application]   \u2753  ::group::Disabling automatic garbage collection\n[a1e2476a-48b2-4536-8e86-a8f37a253094/Build Application]   | [command]/usr/bin/git config --local gc.auto 0\n[a1e2476a-48b2-4536-8e86-a8f37a253094/Build Application]   \u2753  ::endgroup::\n[a1e2476a-48b2-4536-8e86-a8f37a253094/Build Application]   \u2753  ::group::Setting up auth\n[a1e2476a-48b2-4536-8e86-a8f37a253094/Build Application]   | [command]/usr/bin/git config --local --name-only --get-regexp core\\.sshCommand\n[a1e2476a-48b2-4536-8e86-a8f37a253094/Build Application]   | [command]/usr/bin/git submodule foreach --recursive sh -c \"git config --local --name-only --get-regexp 'core\\.sshCommand' && git config --local --unset-all 'core.sshCommand' || :\"\n[a1e2476a-48b2-4536-8e86-a8f37a253094/Build Application]   | [command]/usr/bin/git config --local --name-only --get-regexp http\\.https\\:\\/\\/github\\.com\\/\\.extraheader\n[a1e2476a-48b2-4536-8e86-a8f37a253094/Build Application]   | [command]/usr/bin/git submodule foreach --recursive sh -c \"git config --local --name-only --get-regexp 'http\\.https\\:\\/\\/github\\.com\\/\\.extraheader' && git config --local --unset-all 'http.https://github.com/.extraheader' || :\"\n[a1e2476a-48b2-4536-8e86-a8f37a253094/Build Application]   | [command]/usr/bin/git config --local http.https://github.com/.extraheader AUTHORIZATION: basic ***\n[a1e2476a-48b2-4536-8e86-a8f37a253094/Build Application]   \u2753  ::endgroup::\n[a1e2476a-48b2-4536-8e86-a8f37a253094/Build Application]   \u2753  ::group::Fetching the repository\n[a1e2476a-48b2-4536-8e86-a8f37a253094/Build Application]   | [command]/usr/bin/git -c protocol.version=2 fetch --no-tags --prune --progress --no-recurse-submodules --depth=1 origin +refs/heads/gh-pages*:refs/remotes/origin/gh-pages* +refs/tags/gh-pages*:refs/tags/gh-pages*\n[a1e2476a-48b2-4536-8e86-a8f37a253094/Build Application]   | remote: Enumerating objects: 102, done.        \n[a1e2476a-48b2-4536-8e86-a8f37a253094/Build Application]   | remote: Counting objects:   0% (1/102)        \rremote: Counting objects:   1% (2/102)        \rremote: Counting objects:   2% (3/102)        \rremote: Counting objects:   3% (4/102)        \rremote: Counting objects:   4% (5/102)        \rremote: Counting objects:   5% (6/102)        \rremote: Counting objects:   6% (7/102)        \rremote: Counting objects:   7% (8/102)        \rremote: Counting objects:   8% (9/102)        \rremote: Counting objects:   9% (10/102)        \rremote: Counting objects:  10% (11/102)        \rremote: Counting objects:  11% (12/102)        \rremote: Counting objects:  12% (13/102)        \rremote: Counting objects:  13% (14/102)        \rremote: Counting objects:  14% (15/102)        \rremote: Counting objects:  15% (16/102)        \rremote: Counting objects:  16% (17/102)        \rremote: Counting objects:  17% (18/102)        \rremote: Counting objects:  18% (19/102)        \rremote: Counting objects:  19% (20/102)        \rremote: Counting objects:  20% (21/102)        \rremote: Counting objects:  21% (22/102)        \rremote: Counting objects:  22% (23/102)        \rremote: Counting objects:  23% (24/102)        \rremote: Counting objects:  24% (25/102)        \rremote: Counting objects:  25% (26/102)        \rremote: Counting objects:  26% (27/102)        \rremote: Counting objects:  27% (28/102)        \rremote: Counting objects:  28% (29/102)        \rremote: Counting objects:  29% (30/102)        \rremote: Counting objects:  30% (31/102)        \rremote: Counting objects:  31% (32/102)        \rremote: Counting objects:  32% (33/102)        \rremote: Counting objects:  33% (34/102)        \rremote: Counting objects:  34% (35/102)        \rremote: Counting objects:  35% (36/102)        \rremote: Counting objects:  36% (37/102)        \rremote: Counting objects:  37% (38/102)        \rremote: Counting objects:  38% (39/102)        \rremote: Counting objects:  39% (40/102)        \rremote: Counting objects:  40% (41/102)        \rremote: Counting objects:  41% (42/102)        \rremote: Counting objects:  42% (43/102)        \rremote: Counting objects:  43% (44/102)        \rremote: Counting objects:  44% (45/102)        \rremote: Counting objects:  45% (46/102)        \rremote: Counting objects:  46% (47/102)        \rremote: Counting objects:  47% (48/102)        \rremote: Counting objects:  48% (49/102)        \rremote: Counting objects:  49% (50/102)        \rremote: Counting objects:  50% (51/102)        \rremote: Counting objects:  51% (53/102)        \rremote: Counting objects:  52% (54/102)        \rremote: Counting objects:  53% (55/102)        \rremote: Counting objects:  54% (56/102)        \rremote: Counting objects:  55% (57/102)        \rremote: Counting objects:  56% (58/102)        \rremote: Counting objects:  57% (59/102)        \rremote: Counting objects:  58% (60/102)        \rremote: Counting objects:  59% (61/102)        \rremote: Counting objects:  60% (62/102)        \rremote: Counting objects:  61% (63/102)        \rremote: Counting objects:  62% (64/102)        \rremote: Counting objects:  63% (65/102)        \rremote: Counting objects:  64% (66/102)        \rremote: Counting objects:  65% (67/102)        \rremote: Counting objects:  66% (68/102)        \rremote: Counting objects:  67% (69/102)        \rremote: Counting objects:  68% (70/102)        \rremote: Counting objects:  69% (71/102)        \rremote: Counting objects:  70% (72/102)        \rremote: Counting objects:  71% (73/102)        \rremote: Counting objects:  72% (74/102)        \rremote: Counting objects:  73% (75/102)        \rremote: Counting objects:  74% (76/102)        \rremote: Counting objects:  75% (77/102)        \rremote: Counting objects:  76% (78/102)        \rremote: Counting objects:  77% (79/102)        \rremote: Counting objects:  78% (80/102)        \rremote: Counting objects:  79% (81/102)        \rremote: Counting objects:  80% (82/102)        \rremote: Counting objects:  81% (83/102)        \rremote: Counting objects:  82% (84/102)        \rremote: Counting objects:  83% (85/102)        \rremote: Counting objects:  84% (86/102)        \rremote: Counting objects:  85% (87/102)        \rremote: Counting objects:  86% (88/102)        \rremote: Counting objects:  87% (89/102)        \rremote: Counting objects:  88% (90/102)        \rremote: Counting objects:  89% (91/102)        \rremote: Counting objects:  90% (92/102)        \rremote: Counting objects:  91% (93/102)        \rremote: Counting objects:  92% (94/102)        \rremote: Counting objects:  93% (95/102)        \rremote: Counting objects:  94% (96/102)        \rremote: Counting objects:  95% (97/102)        \rremote: Counting objects:  96% (98/102)        \rremote: Counting objects:  97% (99/102)        \rremote: Counting objects:  98% (100/102)        \rremote: Counting objects:  99% (101/102)        \rremote: Counting objects: 100% (102/102)        \rremote: Counting objects: 100% (102/102), done.        \n[a1e2476a-48b2-4536-8e86-a8f37a253094/Build Application]   | remote: Compressing objects:   1% (1/82)        \rremote: Compressing objects:   2% (2/82)        \rremote: Compressing objects:   3% (3/82)        \rremote: Compressing objects:   4% (4/82)        \rremote: Compressing objects:   6% (5/82)        \rremote: Compressing objects:   7% (6/82)        \rremote: Compressing objects:   8% (7/82)        \rremote: Compressing objects:   9% (8/82)        \rremote: Compressing objects:  10% (9/82)        \rremote: Compressing objects:  12% (10/82)        \rremote: Compressing objects:  13% (11/82)        \rremote: Compressing objects:  14% (12/82)        \rremote: Compressing objects:  15% (13/82)        \rremote: Compressing objects:  17% (14/82)        \rremote: Compressing objects:  18% (15/82)        \rremote: Compressing objects:  19% (16/82)        \rremote: Compressing objects:  20% (17/82)        \rremote: Compressing objects:  21% (18/82)        \rremote: Compressing objects:  23% (19/82)        \rremote: Compressing objects:  24% (20/82)        \rremote: Compressing objects:  25% (21/82)        \rremote: Compressing objects:  26% (22/82)        \rremote: Compressing objects:  28% (23/82)        \rremote: Compressing objects:  29% (24/82)        \rremote: Compressing objects:  30% (25/82)        \rremote: Compressing objects:  31% (26/82)        \rremote: Compressing objects:  32% (27/82)        \rremote: Compressing objects:  34% (28/82)        \rremote: Compressing objects:  35% (29/82)        \rremote: Compressing objects:  36% (30/82)        \rremote: Compressing objects:  37% (31/82)        \rremote: Compressing objects:  39% (32/82)        \rremote: Compressing objects:  40% (33/82)        \rremote: Compressing objects:  41% (34/82)        \rremote: Compressing objects:  42% (35/82)        \rremote: Compressing objects:  43% (36/82)        \rremote: Compressing objects:  45% (37/82)        \rremote: Compressing objects:  46% (38/82)        \rremote: Compressing objects:  47% (39/82)        \rremote: Compressing objects:  48% (40/82)        \rremote: Compressing objects:  50% (41/82)        \rremote: Compressing objects:  51% (42/82)        \rremote: Compressing objects:  52% (43/82)        \rremote: Compressing objects:  53% (44/82)        \rremote: Compressing objects:  54% (45/82)        \rremote: Compressing objects:  56% (46/82)        \rremote: Compressing objects:  57% (47/82)        \rremote: Compressing objects:  58% (48/82)        \rremote: Compressing objects:  59% (49/82)        \rremote: Compressing objects:  60% (50/82)        \rremote: Compressing objects:  62% (51/82)        \rremote: Compressing objects:  63% (52/82)        \rremote: Compressing objects:  64% (53/82)        \rremote: Compressing objects:  65% (54/82)        \rremote: Compressing objects:  67% (55/82)        \rremote: Compressing objects:  68% (56/82)        \rremote: Compressing objects:  69% (57/82)        \rremote: Compressing objects:  70% (58/82)        \rremote: Compressing objects:  71% (59/82)        \rremote: Compressing objects:  73% (60/82)        \rremote: Compressing objects:  74% (61/82)        \rremote: Compressing objects:  75% (62/82)        \rremote: Compressing objects:  76% (63/82)        \rremote: Compressing objects:  78% (64/82)        \rremote: Compressing objects:  79% (65/82)        \rremote: Compressing objects:  80% (66/82)        \rremote: Compressing objects:  81% (67/82)        \rremote: Compressing objects:  82% (68/82)        \rremote: Compressing objects:  84% (69/82)        \rremote: Compressing objects:  85% (70/82)        \rremote: Compressing objects:  86% (71/82)        \rremote: Compressing objects:  87% (72/82)        \rremote: Compressing objects:  89% (73/82)        \rremote: Compressing objects:  90% (74/82)        \rremote: Compressing objects:  91% (75/82)        \rremote: Compressing objects:  92% (76/82)        \rremote: Compressing objects:  93% (77/82)        \rremote: Compressing objects:  95% (78/82)        \rremote: Compressing objects:  96% (79/82)        \rremote: Compressing objects:  97% (80/82)        \rremote: Compressing objects:  98% (81/82)        \rremote: Compressing objects: 100% (82/82)        \rremote: Compressing objects: 100% (82/82), done.        \n[a1e2476a-48b2-4536-8e86-a8f37a253094/Build Application]   | Receiving objects:   0% (1/102)\rReceiving objects:   1% (2/102)\rReceiving objects:   2% (3/102)\rReceiving objects:   3% (4/102)\rReceiving objects:   4% (5/102)\rReceiving objects:   5% (6/102)\rReceiving objects:   6% (7/102)\rReceiving objects:   7% (8/102)\rReceiving objects:   8% (9/102)\rReceiving objects:   9% (10/102)\rReceiving objects:  10% (11/102)\rReceiving objects:  11% (12/102)\rReceiving objects:  12% (13/102)\rReceiving objects:  13% (14/102)\rReceiving objects:  14% (15/102)\rReceiving objects:  15% (16/102)\rReceiving objects:  16% (17/102)\rReceiving objects:  17% (18/102)\rReceiving objects:  18% (19/102)\rReceiving objects:  19% (20/102)\rReceiving objects:  20% (21/102)\rReceiving objects:  21% (22/102)\rReceiving objects:  22% (23/102)\rReceiving objects:  23% (24/102)\rReceiving objects:  24% (25/102)\rReceiving objects:  25% (26/102)\rReceiving objects:  26% (27/102)\rReceiving objects:  27% (28/102)\rReceiving objects:  28% (29/102)\rReceiving objects:  29% (30/102)\rReceiving objects:  30% (31/102)\rReceiving objects:  31% (32/102)\rReceiving objects:  32% (33/102)\rReceiving objects:  33% (34/102)\rReceiving objects:  34% (35/102)\rReceiving objects:  35% (36/102)\rReceiving objects:  36% (37/102)\rReceiving objects:  37% (38/102)\rReceiving objects:  38% (39/102)\rReceiving objects:  39% (40/102)\rReceiving objects:  40% (41/102)\rremote: Total 102 (delta 39), reused 66 (delta 10), pack-reused 0        \n[a1e2476a-48b2-4536-8e86-a8f37a253094/Build Application]   | Receiving objects:  41% (42/102)\rReceiving objects:  42% (43/102)\rReceiving objects:  43% (44/102)\rReceiving objects:  44% (45/102)\rReceiving objects:  45% (46/102)\rReceiving objects:  46% (47/102)\rReceiving objects:  47% (48/102)\rReceiving objects:  48% (49/102)\rReceiving objects:  49% (50/102)\rReceiving objects:  50% (51/102)\rReceiving objects:  51% (53/102)\rReceiving objects:  52% (54/102)\rReceiving objects:  53% (55/102)\rReceiving objects:  54% (56/102)\rReceiving objects:  55% (57/102)\rReceiving objects:  56% (58/102)\rReceiving objects:  57% (59/102)\rReceiving objects:  58% (60/102)\rReceiving objects:  59% (61/102)\rReceiving objects:  60% (62/102)\rReceiving objects:  61% (63/102)\rReceiving objects:  62% (64/102)\rReceiving objects:  63% (65/102)\rReceiving objects:  64% (66/102)\rReceiving objects:  65% (67/102)\rReceiving objects:  66% (68/102)\rReceiving objects:  67% (69/102)\rReceiving objects:  68% (70/102)\rReceiving objects:  69% (71/102)\rReceiving objects:  70% (72/102)\rReceiving objects:  71% (73/102)\rReceiving objects:  72% (74/102)\rReceiving objects:  73% (75/102)\rReceiving objects:  74% (76/102)\rReceiving objects:  75% (77/102)\rReceiving objects:  76% (78/102)\rReceiving objects:  77% (79/102)\rReceiving objects:  78% (80/102)\rReceiving objects:  79% (81/102)\rReceiving objects:  80% (82/102)\rReceiving objects:  81% (83/102)\rReceiving objects:  82% (84/102)\rReceiving objects:  83% (85/102)\rReceiving objects:  84% (86/102)\rReceiving objects:  85% (87/102)\rReceiving objects:  86% (88/102)\rReceiving objects:  87% (89/102)\rReceiving objects:  88% (90/102)\rReceiving objects:  89% (91/102)\rReceiving objects:  90% (92/102)\rReceiving objects:  91% (93/102)\rReceiving objects:  92% (94/102)\rReceiving objects:  93% (95/102)\rReceiving objects:  94% (96/102)\rReceiving objects:  95% (97/102)\rReceiving objects:  96% (98/102)\rReceiving objects:  97% (99/102)\rReceiving objects:  98% (100/102)\rReceiving objects:  99% (101/102)\rReceiving objects: 100% (102/102)\rReceiving objects: 100% (102/102), 970.33 KiB | 4.71 MiB/s, done.\n[a1e2476a-48b2-4536-8e86-a8f37a253094/Build Application]   | Resolving deltas:   0% (0/39)\rResolving deltas:   2% (1/39)\rResolving deltas:   5% (2/39)\rResolving deltas:   7% (3/39)\rResolving deltas:  10% (4/39)\rResolving deltas:  12% (5/39)\rResolving deltas:  15% (6/39)\rResolving deltas:  17% (7/39)\rResolving deltas:  20% (8/39)\rResolving deltas:  23% (9/39)\rResolving deltas:  25% (10/39)\rResolving deltas:  28% (11/39)\rResolving deltas:  30% (12/39)\rResolving deltas:  33% (13/39)\rResolving deltas:  35% (14/39)\rResolving deltas:  38% (15/39)\rResolving deltas:  41% (16/39)\rResolving deltas:  43% (17/39)\rResolving deltas:  46% (18/39)\rResolving deltas:  48% (19/39)\rResolving deltas:  51% (20/39)\rResolving deltas:  53% (21/39)\rResolving deltas:  56% (22/39)\rResolving deltas:  58% (23/39)\rResolving deltas:  61% (24/39)\rResolving deltas:  64% (25/39)\rResolving deltas:  66% (26/39)\rResolving deltas:  69% (27/39)\rResolving deltas:  71% (28/39)\rResolving deltas:  74% (29/39)\rResolving deltas:  76% (30/39)\rResolving deltas:  82% (32/39)\rResolving deltas:  84% (33/39)\rResolving deltas:  89% (35/39)\rResolving deltas:  92% (36/39)\rResolving deltas:  94% (37/39)\rResolving deltas:  97% (38/39)\rResolving deltas: 100% (39/39)\rResolving deltas: 100% (39/39), done.\n[a1e2476a-48b2-4536-8e86-a8f37a253094/Build Application]   | From https://github.com/rieckpil/testing-spring-boot-applications-masterclass\n[a1e2476a-48b2-4536-8e86-a8f37a253094/Build Application]   |  * [new branch]      gh-pages   -> origin/gh-pages\n[a1e2476a-48b2-4536-8e86-a8f37a253094/Build Application]   \u2753  ::endgroup::\n[a1e2476a-48b2-4536-8e86-a8f37a253094/Build Application]   \u2753  ::group::Determining the checkout info\n[a1e2476a-48b2-4536-8e86-a8f37a253094/Build Application]   | [command]/usr/bin/git branch --list --remote origin/gh-pages\n[a1e2476a-48b2-4536-8e86-a8f37a253094/Build Application]   |   origin/gh-pages\n[a1e2476a-48b2-4536-8e86-a8f37a253094/Build Application]   \u2753  ::endgroup::\n[a1e2476a-48b2-4536-8e86-a8f37a253094/Build Application]   \u2753  ::group::Checking out the ref\n[a1e2476a-48b2-4536-8e86-a8f37a253094/Build Application]   | [command]/usr/bin/git checkout --progress --force -B gh-pages refs/remotes/origin/gh-pages\n[a1e2476a-48b2-4536-8e86-a8f37a253094/Build Application]   | Switched to a new branch 'gh-pages'\n[a1e2476a-48b2-4536-8e86-a8f37a253094/Build Application]   | Branch 'gh-pages' set up to track remote branch 'gh-pages' from 'origin'.\n[a1e2476a-48b2-4536-8e86-a8f37a253094/Build Application]   \u2753  ::endgroup::\n[a1e2476a-48b2-4536-8e86-a8f37a253094/Build Application]   | [command]/usr/bin/git log -1 --format='%H'\n[a1e2476a-48b2-4536-8e86-a8f37a253094/Build Application]   | 'db2cb84004f471839b5df1ad0b5bedee9def903c'\n[a1e2476a-48b2-4536-8e86-a8f37a253094/Build Application]   \ud83d\udcac  ::debug::Unsetting HOME override\n[a1e2476a-48b2-4536-8e86-a8f37a253094/Build Application]   \u2753  ::remove-matcher owner=checkout-git::\n[a1e2476a-48b2-4536-8e86-a8f37a253094/Build Application]   \u2705  Success - Main Get Allure history\n[a1e2476a-48b2-4536-8e86-a8f37a253094/Build Application] \u2b50 Run Main Allure Report action from marketplace\n[a1e2476a-48b2-4536-8e86-a8f37a253094/Build Application]   \ud83d\udc33  docker build -t act-simple-elf-allure-report-action-master-dockeraction:latest /tmp/act-cache/5df0f1f5-cb31-470d-b401-d234db520c60/act/simple-elf-allure-report-action@master/\n[a1e2476a-48b2-4536-8e86-a8f37a253094/Build Application]   \u274c  Failure - Main Allure Report action from marketplace\n[a1e2476a-48b2-4536-8e86-a8f37a253094/Build Application] Get \"http://%2Fvar%2Frun%2Fdocker.sock/v1.41/containers/b19aab48b2f2bc063a19a822cf740fbfd5d9d0392406cb4d59c35c5cbdbb52ed/archive?path=%2Fvar%2Frun%2Fact%2Fworkflow%2Fpathcmd.txt\": context canceled\n[a1e2476a-48b2-4536-8e86-a8f37a253094/Build Application] \u2b50 Run Post Get Allure history\n[a1e2476a-48b2-4536-8e86-a8f37a253094/Build Application]   \ud83d\udc33  docker exec cmd=[node /var/run/act/actions/actions-checkout@v2/dist/index.js] user= workdir=\n[a1e2476a-48b2-4536-8e86-a8f37a253094/Build Application]   \ud83d\udcac  ::debug::Getting git version\n[a1e2476a-48b2-4536-8e86-a8f37a253094/Build Application]   | [command]/usr/bin/git version\n[a1e2476a-48b2-4536-8e86-a8f37a253094/Build Application]   | git version 2.33.0\n[a1e2476a-48b2-4536-8e86-a8f37a253094/Build Application]   \ud83d\udcac  ::debug::Set git useragent to: git/2.33.0 (github-actions-checkout)\n[a1e2476a-48b2-4536-8e86-a8f37a253094/Build Application]   \u2699  ***\n[a1e2476a-48b2-4536-8e86-a8f37a253094/Build Application]   | Temporarily overriding HOME='/tmp/48251c39-3822-4b3e-ab30-cda8f882de31' before making global git config changes\n[a1e2476a-48b2-4536-8e86-a8f37a253094/Build Application]   | Adding repository directory to the temporary git global config as a safe directory\n[a1e2476a-48b2-4536-8e86-a8f37a253094/Build Application]   | [command]/usr/bin/git config --global --add safe.directory /tmp/3d783ea4-1661-11ee-8a50-bb14de238602/rieckpil-testing-spring-boot-applications-masterclass/gh-pages\n[a1e2476a-48b2-4536-8e86-a8f37a253094/Build Application]   | [command]/usr/bin/git config --local --name-only --get-regexp core\\.sshCommand\n[a1e2476a-48b2-4536-8e86-a8f37a253094/Build Application]   | [command]/usr/bin/git submodule foreach --recursive sh -c \"git config --local --name-only --get-regexp 'core\\.sshCommand' && git config --local --unset-all 'core.sshCommand' || :\"\n[a1e2476a-48b2-4536-8e86-a8f37a253094/Build Application]   | [command]/usr/bin/git config --local --name-only --get-regexp http\\.https\\:\\/\\/github\\.com\\/\\.extraheader\n[a1e2476a-48b2-4536-8e86-a8f37a253094/Build Application]   | http.https://github.com/.extraheader\n[a1e2476a-48b2-4536-8e86-a8f37a253094/Build Application]   | [command]/usr/bin/git config --local --unset-all http.https://github.com/.extraheader\n[a1e2476a-48b2-4536-8e86-a8f37a253094/Build Application]   | [command]/usr/bin/git submodule foreach --recursive sh -c \"git config --local --name-only --get-regexp 'http\\.https\\:\\/\\/github\\.com\\/\\.extraheader' && git config --local --unset-all 'http.https://github.com/.extraheader' || :\"\n[a1e2476a-48b2-4536-8e86-a8f37a253094/Build Application]   \ud83d\udcac  ::debug::Unsetting HOME override\n[a1e2476a-48b2-4536-8e86-a8f37a253094/Build Application]   \u2705  Success - Post Get Allure history\n[a1e2476a-48b2-4536-8e86-a8f37a253094/Build Application] \u2b50 Run Post Setup for JDK 17\n[a1e2476a-48b2-4536-8e86-a8f37a253094/Build Application]   \ud83d\udc33  docker exec cmd=[node /var/run/act/actions/actions-setup-java@v3/dist/cleanup/index.js] user= workdir=\n[a1e2476a-48b2-4536-8e86-a8f37a253094/Build Application]   \ud83d\udcac  ::debug::Checking zstd --version\n[a1e2476a-48b2-4536-8e86-a8f37a253094/Build Application]   \ud83d\udcac  ::debug::*** zstd command line interface 64-bits v1.5.0, by Yann Collet ***\n[a1e2476a-48b2-4536-8e86-a8f37a253094/Build Application]   \ud83d\udcac  ::debug::implicitDescendants 'false'\n[a1e2476a-48b2-4536-8e86-a8f37a253094/Build Application]   \ud83d\udcac  ::debug::followSymbolicLinks 'true'\n[a1e2476a-48b2-4536-8e86-a8f37a253094/Build Application]   \ud83d\udcac  ::debug::implicitDescendants 'false'\n[a1e2476a-48b2-4536-8e86-a8f37a253094/Build Application]   \ud83d\udcac  ::debug::omitBrokenSymbolicLinks 'true'\n[a1e2476a-48b2-4536-8e86-a8f37a253094/Build Application]   \ud83d\udcac  ::debug::Search path '/home/runneradmin/.m2/repository'\n[a1e2476a-48b2-4536-8e86-a8f37a253094/Build Application]   \ud83d\udcac  ::debug::Matched: ../../../home/runneradmin/.m2/repository\n[a1e2476a-48b2-4536-8e86-a8f37a253094/Build Application]   \ud83d\udcac  ::debug::Cache Paths:\n[a1e2476a-48b2-4536-8e86-a8f37a253094/Build Application]   \ud83d\udcac  ::debug::[\"../../../home/runneradmin/.m2/repository\"]\n[a1e2476a-48b2-4536-8e86-a8f37a253094/Build Application]   \ud83d\udcac  ::debug::Archive Path: /tmp/49447ee4-592b-4af9-bb25-520105a20119/cache.tzst\n[a1e2476a-48b2-4536-8e86-a8f37a253094/Build Application]   | [command]/usr/bin/tar --posix --use-compress-program zstdmt -cf cache.tzst --exclude cache.tzst -P -C /tmp/3d783ea4-1661-11ee-8a50-bb14de238602/rieckpil-testing-spring-boot-applications-masterclass --files-from manifest.txt\n[a1e2476a-48b2-4536-8e86-a8f37a253094/Build Application]   \ud83d\udcac  ::debug::File Size: 209371104\n[a1e2476a-48b2-4536-8e86-a8f37a253094/Build Application]   \ud83d\udcac  ::debug::Reserving Cache\n[a1e2476a-48b2-4536-8e86-a8f37a253094/Build Application]   \ud83d\udcac  ::debug::Resource Url: http://130.242.72.40:34759/_apis/artifactcache/caches\n[a1e2476a-48b2-4536-8e86-a8f37a253094/Build Application]   \ud83d\udcac  ::debug::Saving Cache (ID: 1)\n[a1e2476a-48b2-4536-8e86-a8f37a253094/Build Application]   \ud83d\udcac  ::debug::Upload cache\n[a1e2476a-48b2-4536-8e86-a8f37a253094/Build Application]   \ud83d\udcac  ::debug::Resource Url: http://130.242.72.40:34759/_apis/artifactcache/caches/1\n[a1e2476a-48b2-4536-8e86-a8f37a253094/Build Application]   \ud83d\udcac  ::debug::Upload concurrency: 4\n[a1e2476a-48b2-4536-8e86-a8f37a253094/Build Application]   \ud83d\udcac  ::debug::Upload chunk size: 33554432\n[a1e2476a-48b2-4536-8e86-a8f37a253094/Build Application]   \ud83d\udcac  ::debug::Awaiting all uploads\n[a1e2476a-48b2-4536-8e86-a8f37a253094/Build Application]   \ud83d\udcac  ::debug::Uploading chunk of size 33554432 bytes at offset 0 with content range: bytes 0-33554431/*\n[a1e2476a-48b2-4536-8e86-a8f37a253094/Build Application]   \ud83d\udcac  ::debug::Uploading chunk of size 33554432 bytes at offset 33554432 with content range: bytes 33554432-67108863/*\n[a1e2476a-48b2-4536-8e86-a8f37a253094/Build Application]   \ud83d\udcac  ::debug::Uploading chunk of size 33554432 bytes at offset 67108864 with content range: bytes 67108864-100663295/*\n[a1e2476a-48b2-4536-8e86-a8f37a253094/Build Application]   \ud83d\udcac  ::debug::Uploading chunk of size 33554432 bytes at offset 100663296 with content range: bytes 100663296-134217727/*\n[a1e2476a-48b2-4536-8e86-a8f37a253094/Build Application]   \ud83d\udcac  ::debug::Uploading chunk of size 33554432 bytes at offset 134217728 with content range: bytes 134217728-167772159/*\n[a1e2476a-48b2-4536-8e86-a8f37a253094/Build Application]   \ud83d\udcac  ::debug::Uploading chunk of size 33554432 bytes at offset 167772160 with content range: bytes 167772160-201326591/*\n[a1e2476a-48b2-4536-8e86-a8f37a253094/Build Application]   \ud83d\udcac  ::debug::Uploading chunk of size 8044512 bytes at offset 201326592 with content range: bytes 201326592-209371103/*\n[a1e2476a-48b2-4536-8e86-a8f37a253094/Build Application]   \ud83d\udcac  ::debug::Commiting cache\n[a1e2476a-48b2-4536-8e86-a8f37a253094/Build Application]   | Cache Size: ~200 MB (209371104 B)\n[a1e2476a-48b2-4536-8e86-a8f37a253094/Build Application]   \ud83d\udcac  ::debug::Resource Url: http://130.242.72.40:34759/_apis/artifactcache/caches/1\n[a1e2476a-48b2-4536-8e86-a8f37a253094/Build Application]   | Cache saved successfully\n[a1e2476a-48b2-4536-8e86-a8f37a253094/Build Application]   | Cache saved with the key: setup-java-Linux-maven-2f0f066911f00c3ea2724b748435c7d3866e57ecc7aa7c9bea4d533844c21293\n[a1e2476a-48b2-4536-8e86-a8f37a253094/Build Application]   \u2705  Success - Post Setup for JDK 17\n[a1e2476a-48b2-4536-8e86-a8f37a253094/Build Application] \ud83c\udfc1  Job succeeded\n",
        "stderr": "Error: context canceled\n",
        "workflow": "/tmp/3d783ea4-1661-11ee-8a50-bb14de238602/rieckpil-testing-spring-boot-applications-masterclass/.github/workflows/maven-crawler.yml",
        "build_tool": "maven",
        "elapsed_time": 609.7906589508057
    }
}