{
    "repository": "segler-alex/RadioDroid",
    "stars": 557,
    "language": "java",
    "size": 5163,
    "clone_url": "https://github.com/segler-alex/RadioDroid.git",
    "timestamp": "2023-06-29T10:39:48.037789Z",
    "clone_success": true,
    "number_of_actions": 3,
    "number_of_test_actions": 1,
    "actions_successful": false,
    "actions_build_tools": [
        "gradle",
        "unknown",
        "unknown"
    ],
    "actions_test_build_tools": [
        "gradle"
    ],
    "actions_run": {
        "failed": true,
        "tests": [],
        "stdout": "[656a9c09-96ad-4057-b255-6781646b1898/Run Tests] \ud83d\ude80  Start image=crawlergpt:latest\n[656a9c09-96ad-4057-b255-6781646b1898/Run Tests]   \ud83d\udc33  docker pull image=crawlergpt:latest platform= username= forcePull=false\n[656a9c09-96ad-4057-b255-6781646b1898/Run Tests]   \ud83d\udc33  docker create image=crawlergpt:latest platform= entrypoint=[\"tail\" \"-f\" \"/dev/null\"] cmd=[]\n[656a9c09-96ad-4057-b255-6781646b1898/Run Tests]   \ud83d\udc33  docker run image=crawlergpt:latest platform= entrypoint=[\"tail\" \"-f\" \"/dev/null\"] cmd=[]\n[656a9c09-96ad-4057-b255-6781646b1898/Run Tests]   \ud83d\udc33  docker exec cmd=[chown -R 1012:1013 /tmp/3d783ea4-1661-11ee-8a50-bb14de238602/segler-alex-RadioDroid] user=0 workdir=\n[656a9c09-96ad-4057-b255-6781646b1898/Run Tests]   \u2601  git clone 'https://github.com/actions/setup-java' # ref=v1\n[656a9c09-96ad-4057-b255-6781646b1898/Run Tests] \u2b50 Run Main actions/checkout@v2.3.4\n[656a9c09-96ad-4057-b255-6781646b1898/Run Tests]   \u2705  Success - Main actions/checkout@v2.3.4\n[656a9c09-96ad-4057-b255-6781646b1898/Run Tests] \u2b50 Run Main set up JDK 1.8\n[656a9c09-96ad-4057-b255-6781646b1898/Run Tests]   \ud83d\udc33  docker cp src=/tmp/act-cache/0afb146d-8c23-4c3b-8df9-ba3ecfe79cfe/act/actions-setup-java@v1/ dst=/var/run/act/actions/actions-setup-java@v1/\n[656a9c09-96ad-4057-b255-6781646b1898/Run Tests]   \ud83d\udc33  docker exec cmd=[chown -R 1012:1013 /var/run/act/actions/actions-setup-java@v1/] user=0 workdir=\n[656a9c09-96ad-4057-b255-6781646b1898/Run Tests]   \ud83d\udc33  docker exec cmd=[node /var/run/act/actions/actions-setup-java@v1/dist/setup/index.js] user= workdir=\n[656a9c09-96ad-4057-b255-6781646b1898/Run Tests]   \ud83d\udcac  ::debug::isExplicit: \n[656a9c09-96ad-4057-b255-6781646b1898/Run Tests]   \ud83d\udcac  ::debug::explicit? false\n[656a9c09-96ad-4057-b255-6781646b1898/Run Tests]   \ud83d\udcac  ::debug::evaluating 0 versions\n[656a9c09-96ad-4057-b255-6781646b1898/Run Tests]   \ud83d\udcac  ::debug::match not found\n[656a9c09-96ad-4057-b255-6781646b1898/Run Tests]   \ud83d\udcac  ::debug::Downloading JDK from Azul\n[656a9c09-96ad-4057-b255-6781646b1898/Run Tests]   \ud83d\udcac  ::debug::Searching for files with extension: -linux_x64.tar.gz\n[656a9c09-96ad-4057-b255-6781646b1898/Run Tests]   \ud83d\udcac  ::debug::Downloading https://static.azul.com/zulu/bin/zulu8.70.0.23-ca-jdk8.0.372-linux_x64.tar.gz\n[656a9c09-96ad-4057-b255-6781646b1898/Run Tests]   \ud83d\udcac  ::debug::Downloading /tmp/4f7f0c5a-bd9a-4dfd-93f1-207f07825683\n[656a9c09-96ad-4057-b255-6781646b1898/Run Tests]   \ud83d\udcac  ::debug::download complete\n[656a9c09-96ad-4057-b255-6781646b1898/Run Tests]   | [command]/usr/bin/tar --version\n[656a9c09-96ad-4057-b255-6781646b1898/Run Tests]   | tar (GNU tar) 1.30\n[656a9c09-96ad-4057-b255-6781646b1898/Run Tests]   | Copyright (C) 2017 Free Software Foundation, Inc.\n[656a9c09-96ad-4057-b255-6781646b1898/Run Tests]   | License GPLv3+: GNU GPL version 3 or later <https://gnu.org/licenses/gpl.html>.\n[656a9c09-96ad-4057-b255-6781646b1898/Run Tests]   | This is free software: you are free to change and redistribute it.\n[656a9c09-96ad-4057-b255-6781646b1898/Run Tests]   | There is NO WARRANTY, to the extent permitted by law.\n[656a9c09-96ad-4057-b255-6781646b1898/Run Tests]   | \n[656a9c09-96ad-4057-b255-6781646b1898/Run Tests]   | Written by John Gilmore and Jay Fenlason.\n[656a9c09-96ad-4057-b255-6781646b1898/Run Tests]   | [command]/usr/bin/tar xz --warning=no-unknown-keyword -C /tmp/temp_1952400671 -f /tmp/4f7f0c5a-bd9a-4dfd-93f1-207f07825683\n[656a9c09-96ad-4057-b255-6781646b1898/Run Tests]   \ud83d\udcac  ::debug::jdk extracted to /tmp/temp_1952400671/zulu8.70.0.23-ca-jdk8.0.372-linux_x64\n[656a9c09-96ad-4057-b255-6781646b1898/Run Tests]   \ud83d\udcac  ::debug::Caching tool jdk 8.0.372 x64\n[656a9c09-96ad-4057-b255-6781646b1898/Run Tests]   \ud83d\udcac  ::debug::source dir: /tmp/temp_1952400671/zulu8.70.0.23-ca-jdk8.0.372-linux_x64\n[656a9c09-96ad-4057-b255-6781646b1898/Run Tests]   \ud83d\udcac  ::debug::destination /opt/hostedtoolcache/jdk/8.0.372/x64\n[656a9c09-96ad-4057-b255-6781646b1898/Run Tests]   \ud83d\udcac  ::debug::finished caching tool\n[656a9c09-96ad-4057-b255-6781646b1898/Run Tests]   \u2753 add-matcher /run/act/actions/actions-setup-java@v1/.github/java.json\n[656a9c09-96ad-4057-b255-6781646b1898/Run Tests]   | creating settings.xml with server-id: github; environment variables: username=$GITHUB_ACTOR, password=$GITHUB_TOKEN, and gpg-passphrase=null\n[656a9c09-96ad-4057-b255-6781646b1898/Run Tests]   \ud83d\udcac  ::debug::created directory /home/runneradmin/.m2\n[656a9c09-96ad-4057-b255-6781646b1898/Run Tests]   | writing /home/runneradmin/.m2/settings.xml\n[656a9c09-96ad-4057-b255-6781646b1898/Run Tests]   \u2705  Success - Main set up JDK 1.8\n[656a9c09-96ad-4057-b255-6781646b1898/Run Tests]   \u2699  ::set-env:: JAVA_HOME_8_0_372_X64=/opt/hostedtoolcache/jdk/8.0.372/x64\n[656a9c09-96ad-4057-b255-6781646b1898/Run Tests]   \u2699  ::set-env:: JAVA_HOME_8.0.372_x64=/opt/hostedtoolcache/jdk/8.0.372/x64\n[656a9c09-96ad-4057-b255-6781646b1898/Run Tests]   \u2699  ::set-env:: JAVA_HOME=/opt/hostedtoolcache/jdk/8.0.372/x64\n[656a9c09-96ad-4057-b255-6781646b1898/Run Tests]   \u2699  ::set-output:: path=/opt/hostedtoolcache/jdk/8.0.372/x64\n[656a9c09-96ad-4057-b255-6781646b1898/Run Tests]   \u2699  ::set-output:: version=8.0.372\n[656a9c09-96ad-4057-b255-6781646b1898/Run Tests]   \u2699  ::add-path:: /opt/hostedtoolcache/jdk/8.0.372/x64/bin\n[656a9c09-96ad-4057-b255-6781646b1898/Run Tests] \u2b50 Run Main Tests\n[656a9c09-96ad-4057-b255-6781646b1898/Run Tests]   \ud83d\udc33  docker exec cmd=[bash --noprofile --norc -e -o pipefail /var/run/act/workflow/2] user= workdir=\n[656a9c09-96ad-4057-b255-6781646b1898/Run Tests]   | Downloading https://services.gradle.org/distributions/gradle-6.5-bin.zip\n[656a9c09-96ad-4057-b255-6781646b1898/Run Tests]   | ..............................................................................................................................................................................................................................................................................................................................................................................................................................................................................................................................................................................................................................................................................................................................................................................................................................................................................................................................................................................................................................................................................................................................................................................................................................................................................................................................................................................................................................................................................................................................................................................................................................................................................................................................................................................................................................................................................................................................................................................................................................................................................................................................................................................................................................................................................................................................................................................................................................................................................................................................................................................................................................................................................................................................................................................................................................................................................................................................................................................................................................................................................................................................................................................................................................................................................................................................................................................................................................................................................................................................................................................................................................................................................................................................................................................................................................................................................................................................................................................................................................................................................................................................................................................................................................................................................................................................................................................................................................................................................................................................................................................................................................................................................................................................................................................................................................................................................................................................................................................................................................................................................................................................................................................................................................................................................................................................\n[656a9c09-96ad-4057-b255-6781646b1898/Run Tests]   | Unzipping /home/runneradmin/.gradle/wrapper/dists/gradle-6.5-bin/6nifqtx7604sqp1q6g8wikw7p/gradle-6.5-bin.zip to /home/runneradmin/.gradle/wrapper/dists/gradle-6.5-bin/6nifqtx7604sqp1q6g8wikw7p\n[656a9c09-96ad-4057-b255-6781646b1898/Run Tests]   | Set executable permissions for: /home/runneradmin/.gradle/wrapper/dists/gradle-6.5-bin/6nifqtx7604sqp1q6g8wikw7p/gradle-6.5/bin/gradle\n[656a9c09-96ad-4057-b255-6781646b1898/Run Tests]   | \n[656a9c09-96ad-4057-b255-6781646b1898/Run Tests]   | Welcome to Gradle 6.5!\n[656a9c09-96ad-4057-b255-6781646b1898/Run Tests]   | \n[656a9c09-96ad-4057-b255-6781646b1898/Run Tests]   | Here are the highlights of this release:\n[656a9c09-96ad-4057-b255-6781646b1898/Run Tests]   |  - Experimental file-system watching\n[656a9c09-96ad-4057-b255-6781646b1898/Run Tests]   |  - Improved version ordering\n[656a9c09-96ad-4057-b255-6781646b1898/Run Tests]   |  - New samples\n[656a9c09-96ad-4057-b255-6781646b1898/Run Tests]   | \n[656a9c09-96ad-4057-b255-6781646b1898/Run Tests]   | For more details see https://docs.gradle.org/6.5/release-notes.html\n[656a9c09-96ad-4057-b255-6781646b1898/Run Tests]   | \n[656a9c09-96ad-4057-b255-6781646b1898/Run Tests]   | Starting a Gradle Daemon (subsequent builds will be faster)\n[656a9c09-96ad-4057-b255-6781646b1898/Run Tests]   | \n[656a9c09-96ad-4057-b255-6781646b1898/Run Tests]   | > Configure project :app\n[656a9c09-96ad-4057-b255-6781646b1898/Run Tests]   | Warning: The 'kotlin-android-extensions' Gradle plugin is deprecated. Please use this migration guide (https://goo.gle/kotlin-android-extensions-deprecation) to start working with View Binding (https://developer.android.com/topic/libraries/view-binding) and the 'kotlin-parcelize' plugin.\n[656a9c09-96ad-4057-b255-6781646b1898/Run Tests]   | \n[656a9c09-96ad-4057-b255-6781646b1898/Run Tests]   | FAILURE: Build failed with an exception.\n[656a9c09-96ad-4057-b255-6781646b1898/Run Tests]   | \n[656a9c09-96ad-4057-b255-6781646b1898/Run Tests]   | * What went wrong:\n[656a9c09-96ad-4057-b255-6781646b1898/Run Tests]   | Could not determine the dependencies of task ':app:testFreeReleaseUnitTest'.\n[656a9c09-96ad-4057-b255-6781646b1898/Run Tests]   | > SDK location not found. Define location with an ANDROID_SDK_ROOT environment variable or by setting the sdk.dir path in your project's local properties file at '/tmp/3d783ea4-1661-11ee-8a50-bb14de238602/segler-alex-RadioDroid/local.properties'.\n[656a9c09-96ad-4057-b255-6781646b1898/Run Tests]   | \n[656a9c09-96ad-4057-b255-6781646b1898/Run Tests]   | * Try:\n[656a9c09-96ad-4057-b255-6781646b1898/Run Tests]   | Run with --info or --debug option to get more log output. Run with --scan to get full insights.\n[656a9c09-96ad-4057-b255-6781646b1898/Run Tests]   | \n[656a9c09-96ad-4057-b255-6781646b1898/Run Tests]   | * Exception is:\n[656a9c09-96ad-4057-b255-6781646b1898/Run Tests]   | org.gradle.api.internal.tasks.TaskDependencyResolveException: Could not determine the dependencies of task ':app:testFreeReleaseUnitTest'.\n[656a9c09-96ad-4057-b255-6781646b1898/Run Tests]   | \tat org.gradle.api.internal.tasks.CachingTaskDependencyResolveContext.getDependencies(CachingTaskDependencyResolveContext.java:69)\n[656a9c09-96ad-4057-b255-6781646b1898/Run Tests]   | \tat org.gradle.execution.plan.TaskDependencyResolver.resolveDependenciesFor(TaskDependencyResolver.java:46)\n[656a9c09-96ad-4057-b255-6781646b1898/Run Tests]   | \tat org.gradle.execution.plan.LocalTaskNode.getDependencies(LocalTaskNode.java:161)\n[656a9c09-96ad-4057-b255-6781646b1898/Run Tests]   | \tat org.gradle.execution.plan.LocalTaskNode.resolveDependencies(LocalTaskNode.java:129)\n[656a9c09-96ad-4057-b255-6781646b1898/Run Tests]   | \tat org.gradle.execution.plan.DefaultExecutionPlan.doAddNodes(DefaultExecutionPlan.java:165)\n[656a9c09-96ad-4057-b255-6781646b1898/Run Tests]   | \tat org.gradle.execution.plan.DefaultExecutionPlan.addEntryTasks(DefaultExecutionPlan.java:135)\n[656a9c09-96ad-4057-b255-6781646b1898/Run Tests]   | \tat org.gradle.execution.taskgraph.DefaultTaskExecutionGraph.addEntryTasks(DefaultTaskExecutionGraph.java:144)\n[656a9c09-96ad-4057-b255-6781646b1898/Run Tests]   | \tat org.gradle.execution.TaskNameResolvingBuildConfigurationAction.configure(TaskNameResolvingBuildConfigurationAction.java:49)\n[656a9c09-96ad-4057-b255-6781646b1898/Run Tests]   | \tat org.gradle.execution.DefaultBuildConfigurationActionExecuter.configure(DefaultBuildConfigurationActionExecuter.java:58)\n[656a9c09-96ad-4057-b255-6781646b1898/Run Tests]   | \tat org.gradle.execution.DefaultBuildConfigurationActionExecuter.access$200(DefaultBuildConfigurationActionExecuter.java:26)\n[656a9c09-96ad-4057-b255-6781646b1898/Run Tests]   | \tat org.gradle.execution.DefaultBuildConfigurationActionExecuter$2.proceed(DefaultBuildConfigurationActionExecuter.java:66)\n[656a9c09-96ad-4057-b255-6781646b1898/Run Tests]   | \tat org.gradle.execution.DefaultTasksBuildExecutionAction.configure(DefaultTasksBuildExecutionAction.java:45)\n[656a9c09-96ad-4057-b255-6781646b1898/Run Tests]   | \tat org.gradle.execution.DefaultBuildConfigurationActionExecuter.configure(DefaultBuildConfigurationActionExecuter.java:58)\n[656a9c09-96ad-4057-b255-6781646b1898/Run Tests]   | \tat org.gradle.execution.DefaultBuildConfigurationActionExecuter.access$200(DefaultBuildConfigurationActionExecuter.java:26)\n[656a9c09-96ad-4057-b255-6781646b1898/Run Tests]   | \tat org.gradle.execution.DefaultBuildConfigurationActionExecuter$2.proceed(DefaultBuildConfigurationActionExecuter.java:66)\n[656a9c09-96ad-4057-b255-6781646b1898/Run Tests]   | \tat org.gradle.execution.ExcludedTaskFilteringBuildConfigurationAction.configure(ExcludedTaskFilteringBuildConfigurationAction.java:48)\n[656a9c09-96ad-4057-b255-6781646b1898/Run Tests]   | \tat org.gradle.execution.DefaultBuildConfigurationActionExecuter.configure(DefaultBuildConfigurationActionExecuter.java:58)\n[656a9c09-96ad-4057-b255-6781646b1898/Run Tests]   | \tat org.gradle.execution.DefaultBuildConfigurationActionExecuter.access$200(DefaultBuildConfigurationActionExecuter.java:26)\n[656a9c09-96ad-4057-b255-6781646b1898/Run Tests]   | \tat org.gradle.execution.DefaultBuildConfigurationActionExecuter$1.run(DefaultBuildConfigurationActionExecuter.java:44)\n[656a9c09-96ad-4057-b255-6781646b1898/Run Tests]   | \tat org.gradle.internal.Factories$1.create(Factories.java:26)\n[656a9c09-96ad-4057-b255-6781646b1898/Run Tests]   | \tat org.gradle.api.internal.project.DefaultProjectStateRegistry.withLenientState(DefaultProjectStateRegistry.java:134)\n[656a9c09-96ad-4057-b255-6781646b1898/Run Tests]   | \tat org.gradle.api.internal.project.DefaultProjectStateRegistry.withLenientState(DefaultProjectStateRegistry.java:126)\n[656a9c09-96ad-4057-b255-6781646b1898/Run Tests]   | \tat org.gradle.execution.DefaultBuildConfigurationActionExecuter.select(DefaultBuildConfigurationActionExecuter.java:40)\n[656a9c09-96ad-4057-b255-6781646b1898/Run Tests]   | \tat org.gradle.initialization.DefaultTaskExecutionPreparer.prepareForTaskExecution(DefaultTaskExecutionPreparer.java:38)\n[656a9c09-96ad-4057-b255-6781646b1898/Run Tests]   | \tat org.gradle.initialization.BuildOperatingFiringTaskExecutionPreparer$CalculateTaskGraph.populateTaskGraph(BuildOperatingFiringTaskExecutionPreparer.java:117)\n[656a9c09-96ad-4057-b255-6781646b1898/Run Tests]   | \tat org.gradle.initialization.BuildOperatingFiringTaskExecutionPreparer$CalculateTaskGraph.run(BuildOperatingFiringTaskExecutionPreparer.java:68)\n[656a9c09-96ad-4057-b255-6781646b1898/Run Tests]   | \tat org.gradle.internal.operations.DefaultBuildOperationExecutor$RunnableBuildOperationWorker.execute(DefaultBuildOperationExecutor.java:395)\n[656a9c09-96ad-4057-b255-6781646b1898/Run Tests]   | \tat org.gradle.internal.operations.DefaultBuildOperationExecutor$RunnableBuildOperationWorker.execute(DefaultBuildOperationExecutor.java:387)\n[656a9c09-96ad-4057-b255-6781646b1898/Run Tests]   | \tat org.gradle.internal.operations.DefaultBuildOperationExecutor$1.execute(DefaultBuildOperationExecutor.java:157)\n[656a9c09-96ad-4057-b255-6781646b1898/Run Tests]   | \tat org.gradle.internal.operations.DefaultBuildOperationExecutor.execute(DefaultBuildOperationExecutor.java:242)\n[656a9c09-96ad-4057-b255-6781646b1898/Run Tests]   | \tat org.gradle.internal.operations.DefaultBuildOperationExecutor.execute(DefaultBuildOperationExecutor.java:150)\n[656a9c09-96ad-4057-b255-6781646b1898/Run Tests]   | \tat org.gradle.internal.operations.DefaultBuildOperationExecutor.run(DefaultBuildOperationExecutor.java:84)\n[656a9c09-96ad-4057-b255-6781646b1898/Run Tests]   | \tat org.gradle.internal.operations.DelegatingBuildOperationExecutor.run(DelegatingBuildOperationExecutor.java:31)\n[656a9c09-96ad-4057-b255-6781646b1898/Run Tests]   | \tat org.gradle.initialization.BuildOperatingFiringTaskExecutionPreparer.prepareForTaskExecution(BuildOperatingFiringTaskExecutionPreparer.java:56)\n[656a9c09-96ad-4057-b255-6781646b1898/Run Tests]   | \tat org.gradle.initialization.DefaultGradleLauncher.prepareTaskExecution(DefaultGradleLauncher.java:227)\n[656a9c09-96ad-4057-b255-6781646b1898/Run Tests]   | \tat org.gradle.initialization.DefaultGradleLauncher.doClassicBuildStages(DefaultGradleLauncher.java:159)\n[656a9c09-96ad-4057-b255-6781646b1898/Run Tests]   | \tat org.gradle.initialization.DefaultGradleLauncher.doBuildStages(DefaultGradleLauncher.java:140)\n[656a9c09-96ad-4057-b255-6781646b1898/Run Tests]   | \tat org.gradle.initialization.DefaultGradleLauncher.executeTasks(DefaultGradleLauncher.java:120)\n[656a9c09-96ad-4057-b255-6781646b1898/Run Tests]   | \tat org.gradle.internal.invocation.GradleBuildController$1.create(GradleBuildController.java:74)\n[656a9c09-96ad-4057-b255-6781646b1898/Run Tests]   | \tat org.gradle.internal.invocation.GradleBuildController$1.create(GradleBuildController.java:67)\n[656a9c09-96ad-4057-b255-6781646b1898/Run Tests]   | \tat org.gradle.internal.work.DefaultWorkerLeaseService.withLocks(DefaultWorkerLeaseService.java:180)\n[656a9c09-96ad-4057-b255-6781646b1898/Run Tests]   | \tat org.gradle.internal.work.StopShieldingWorkerLeaseService.withLocks(StopShieldingWorkerLeaseService.java:40)\n[656a9c09-96ad-4057-b255-6781646b1898/Run Tests]   | \tat org.gradle.internal.invocation.GradleBuildController.doBuild(GradleBuildController.java:67)\n[656a9c09-96ad-4057-b255-6781646b1898/Run Tests]   | \tat org.gradle.internal.invocation.GradleBuildController.run(GradleBuildController.java:56)\n[656a9c09-96ad-4057-b255-6781646b1898/Run Tests]   | \tat org.gradle.tooling.internal.provider.ExecuteBuildActionRunner.run(ExecuteBuildActionRunner.java:31)\n[656a9c09-96ad-4057-b255-6781646b1898/Run Tests]   | \tat org.gradle.launcher.exec.ChainingBuildActionRunner.run(ChainingBuildActionRunner.java:35)\n[656a9c09-96ad-4057-b255-6781646b1898/Run Tests]   | \tat org.gradle.launcher.exec.BuildOutcomeReportingBuildActionRunner.run(BuildOutcomeReportingBuildActionRunner.java:63)\n[656a9c09-96ad-4057-b255-6781646b1898/Run Tests]   | \tat org.gradle.tooling.internal.provider.ValidatingBuildActionRunner.run(ValidatingBuildActionRunner.java:32)\n[656a9c09-96ad-4057-b255-6781646b1898/Run Tests]   | \tat org.gradle.launcher.exec.BuildCompletionNotifyingBuildActionRunner.run(BuildCompletionNotifyingBuildActionRunner.java:39)\n[656a9c09-96ad-4057-b255-6781646b1898/Run Tests]   | \tat org.gradle.launcher.exec.RunAsBuildOperationBuildActionRunner$3.call(RunAsBuildOperationBuildActionRunner.java:51)\n[656a9c09-96ad-4057-b255-6781646b1898/Run Tests]   | \tat org.gradle.launcher.exec.RunAsBuildOperationBuildActionRunner$3.call(RunAsBuildOperationBuildActionRunner.java:45)\n[656a9c09-96ad-4057-b255-6781646b1898/Run Tests]   | \tat org.gradle.internal.operations.DefaultBuildOperationExecutor$CallableBuildOperationWorker.execute(DefaultBuildOperationExecutor.java:409)\n[656a9c09-96ad-4057-b255-6781646b1898/Run Tests]   | \tat org.gradle.internal.operations.DefaultBuildOperationExecutor$CallableBuildOperationWorker.execute(DefaultBuildOperationExecutor.java:399)\n[656a9c09-96ad-4057-b255-6781646b1898/Run Tests]   | \tat org.gradle.internal.operations.DefaultBuildOperationExecutor$1.execute(DefaultBuildOperationExecutor.java:157)\n[656a9c09-96ad-4057-b255-6781646b1898/Run Tests]   | \tat org.gradle.internal.operations.DefaultBuildOperationExecutor.execute(DefaultBuildOperationExecutor.java:242)\n[656a9c09-96ad-4057-b255-6781646b1898/Run Tests]   | \tat org.gradle.internal.operations.DefaultBuildOperationExecutor.execute(DefaultBuildOperationExecutor.java:150)\n[656a9c09-96ad-4057-b255-6781646b1898/Run Tests]   | \tat org.gradle.internal.operations.DefaultBuildOperationExecutor.call(DefaultBuildOperationExecutor.java:94)\n[656a9c09-96ad-4057-b255-6781646b1898/Run Tests]   | \tat org.gradle.internal.operations.DelegatingBuildOperationExecutor.call(DelegatingBuildOperationExecutor.java:36)\n[656a9c09-96ad-4057-b255-6781646b1898/Run Tests]   | \tat org.gradle.launcher.exec.RunAsBuildOperationBuildActionRunner.run(RunAsBuildOperationBuildActionRunner.java:45)\n[656a9c09-96ad-4057-b255-6781646b1898/Run Tests]   | \tat org.gradle.launcher.exec.InProcessBuildActionExecuter$1.transform(InProcessBuildActionExecuter.java:50)\n[656a9c09-96ad-4057-b255-6781646b1898/Run Tests]   | \tat org.gradle.launcher.exec.InProcessBuildActionExecuter$1.transform(InProcessBuildActionExecuter.java:47)\n[656a9c09-96ad-4057-b255-6781646b1898/Run Tests]   | \tat org.gradle.composite.internal.DefaultRootBuildState.run(DefaultRootBuildState.java:80)\n[656a9c09-96ad-4057-b255-6781646b1898/Run Tests]   | \tat org.gradle.launcher.exec.InProcessBuildActionExecuter.execute(InProcessBuildActionExecuter.java:47)\n[656a9c09-96ad-4057-b255-6781646b1898/Run Tests]   | \tat org.gradle.launcher.exec.InProcessBuildActionExecuter.execute(InProcessBuildActionExecuter.java:31)\n[656a9c09-96ad-4057-b255-6781646b1898/Run Tests]   | \tat org.gradle.launcher.exec.BuildTreeScopeBuildActionExecuter.execute(BuildTreeScopeBuildActionExecuter.java:42)\n[656a9c09-96ad-4057-b255-6781646b1898/Run Tests]   | \tat org.gradle.launcher.exec.BuildTreeScopeBuildActionExecuter.execute(BuildTreeScopeBuildActionExecuter.java:28)\n[656a9c09-96ad-4057-b255-6781646b1898/Run Tests]   | \tat org.gradle.tooling.internal.provider.ContinuousBuildActionExecuter.execute(ContinuousBuildActionExecuter.java:87)\n[656a9c09-96ad-4057-b255-6781646b1898/Run Tests]   | \tat org.gradle.tooling.internal.provider.ContinuousBuildActionExecuter.execute(ContinuousBuildActionExecuter.java:55)\n[656a9c09-96ad-4057-b255-6781646b1898/Run Tests]   | \tat org.gradle.tooling.internal.provider.SubscribableBuildActionExecuter.execute(SubscribableBuildActionExecuter.java:60)\n[656a9c09-96ad-4057-b255-6781646b1898/Run Tests]   | \tat org.gradle.tooling.internal.provider.SubscribableBuildActionExecuter.execute(SubscribableBuildActionExecuter.java:38)\n[656a9c09-96ad-4057-b255-6781646b1898/Run Tests]   | \tat org.gradle.tooling.internal.provider.SessionScopeBuildActionExecuter.execute(SessionScopeBuildActionExecuter.java:68)\n[656a9c09-96ad-4057-b255-6781646b1898/Run Tests]   | \tat org.gradle.tooling.internal.provider.SessionScopeBuildActionExecuter.execute(SessionScopeBuildActionExecuter.java:38)\n[656a9c09-96ad-4057-b255-6781646b1898/Run Tests]   | \tat org.gradle.tooling.internal.provider.GradleThreadBuildActionExecuter.execute(GradleThreadBuildActionExecuter.java:37)\n[656a9c09-96ad-4057-b255-6781646b1898/Run Tests]   | \tat org.gradle.tooling.internal.provider.GradleThreadBuildActionExecuter.execute(GradleThreadBuildActionExecuter.java:26)\n[656a9c09-96ad-4057-b255-6781646b1898/Run Tests]   | \tat org.gradle.tooling.internal.provider.StartParamsValidatingActionExecuter.execute(StartParamsValidatingActionExecuter.java:60)\n[656a9c09-96ad-4057-b255-6781646b1898/Run Tests]   | \tat org.gradle.tooling.internal.provider.StartParamsValidatingActionExecuter.execute(StartParamsValidatingActionExecuter.java:32)\n[656a9c09-96ad-4057-b255-6781646b1898/Run Tests]   | \tat org.gradle.tooling.internal.provider.SessionFailureReportingActionExecuter.execute(SessionFailureReportingActionExecuter.java:56)\n[656a9c09-96ad-4057-b255-6781646b1898/Run Tests]   | \tat org.gradle.tooling.internal.provider.SessionFailureReportingActionExecuter.execute(SessionFailureReportingActionExecuter.java:42)\n[656a9c09-96ad-4057-b255-6781646b1898/Run Tests]   | \tat org.gradle.tooling.internal.provider.SetupLoggingActionExecuter.execute(SetupLoggingActionExecuter.java:48)\n[656a9c09-96ad-4057-b255-6781646b1898/Run Tests]   | \tat org.gradle.tooling.internal.provider.SetupLoggingActionExecuter.execute(SetupLoggingActionExecuter.java:32)\n[656a9c09-96ad-4057-b255-6781646b1898/Run Tests]   | \tat org.gradle.launcher.daemon.server.exec.ExecuteBuild.doBuild(ExecuteBuild.java:68)\n[656a9c09-96ad-4057-b255-6781646b1898/Run Tests]   | \tat org.gradle.launcher.daemon.server.exec.BuildCommandOnly.execute(BuildCommandOnly.java:37)\n[656a9c09-96ad-4057-b255-6781646b1898/Run Tests]   | \tat org.gradle.launcher.daemon.server.api.DaemonCommandExecution.proceed(DaemonCommandExecution.java:104)\n[656a9c09-96ad-4057-b255-6781646b1898/Run Tests]   | \tat org.gradle.launcher.daemon.server.exec.WatchForDisconnection.execute(WatchForDisconnection.java:39)\n[656a9c09-96ad-4057-b255-6781646b1898/Run Tests]   | \tat org.gradle.launcher.daemon.server.api.DaemonCommandExecution.proceed(DaemonCommandExecution.java:104)\n[656a9c09-96ad-4057-b255-6781646b1898/Run Tests]   | \tat org.gradle.launcher.daemon.server.exec.ResetDeprecationLogger.execute(ResetDeprecationLogger.java:29)\n[656a9c09-96ad-4057-b255-6781646b1898/Run Tests]   | \tat org.gradle.launcher.daemon.server.api.DaemonCommandExecution.proceed(DaemonCommandExecution.java:104)\n[656a9c09-96ad-4057-b255-6781646b1898/Run Tests]   | \tat org.gradle.launcher.daemon.server.exec.RequestStopIfSingleUsedDaemon.execute(RequestStopIfSingleUsedDaemon.java:35)\n[656a9c09-96ad-4057-b255-6781646b1898/Run Tests]   | \tat org.gradle.launcher.daemon.server.api.DaemonCommandExecution.proceed(DaemonCommandExecution.java:104)\n[656a9c09-96ad-4057-b255-6781646b1898/Run Tests]   | \tat org.gradle.launcher.daemon.server.exec.ForwardClientInput$2.create(ForwardClientInput.java:78)\n[656a9c09-96ad-4057-b255-6781646b1898/Run Tests]   | \tat org.gradle.launcher.daemon.server.exec.ForwardClientInput$2.create(ForwardClientInput.java:75)\n[656a9c09-96ad-4057-b255-6781646b1898/Run Tests]   | \tat org.gradle.util.Swapper.swap(Swapper.java:38)\n[656a9c09-96ad-4057-b255-6781646b1898/Run Tests]   | \tat org.gradle.launcher.daemon.server.exec.ForwardClientInput.execute(ForwardClientInput.java:75)\n[656a9c09-96ad-4057-b255-6781646b1898/Run Tests]   | \tat org.gradle.launcher.daemon.server.api.DaemonCommandExecution.proceed(DaemonCommandExecution.java:104)\n[656a9c09-96ad-4057-b255-6781646b1898/Run Tests]   | \tat org.gradle.launcher.daemon.server.exec.LogAndCheckHealth.execute(LogAndCheckHealth.java:55)\n[656a9c09-96ad-4057-b255-6781646b1898/Run Tests]   | \tat org.gradle.launcher.daemon.server.api.DaemonCommandExecution.proceed(DaemonCommandExecution.java:104)\n[656a9c09-96ad-4057-b255-6781646b1898/Run Tests]   | \tat org.gradle.launcher.daemon.server.exec.LogToClient.doBuild(LogToClient.java:63)\n[656a9c09-96ad-4057-b255-6781646b1898/Run Tests]   | \tat org.gradle.launcher.daemon.server.exec.BuildCommandOnly.execute(BuildCommandOnly.java:37)\n[656a9c09-96ad-4057-b255-6781646b1898/Run Tests]   | \tat org.gradle.launcher.daemon.server.api.DaemonCommandExecution.proceed(DaemonCommandExecution.java:104)\n[656a9c09-96ad-4057-b255-6781646b1898/Run Tests]   | \tat org.gradle.launcher.daemon.server.exec.EstablishBuildEnvironment.doBuild(EstablishBuildEnvironment.java:82)\n[656a9c09-96ad-4057-b255-6781646b1898/Run Tests]   | \tat org.gradle.launcher.daemon.server.exec.BuildCommandOnly.execute(BuildCommandOnly.java:37)\n[656a9c09-96ad-4057-b255-6781646b1898/Run Tests]   | \tat org.gradle.launcher.daemon.server.api.DaemonCommandExecution.proceed(DaemonCommandExecution.java:104)\n[656a9c09-96ad-4057-b255-6781646b1898/Run Tests]   | \tat org.gradle.launcher.daemon.server.exec.StartBuildOrRespondWithBusy$1.run(StartBuildOrRespondWithBusy.java:52)\n[656a9c09-96ad-4057-b255-6781646b1898/Run Tests]   | \tat org.gradle.launcher.daemon.server.DaemonStateCoordinator$1.run(DaemonStateCoordinator.java:297)\n[656a9c09-96ad-4057-b255-6781646b1898/Run Tests]   | \tat org.gradle.internal.concurrent.ExecutorPolicy$CatchAndRecordFailures.onExecute(ExecutorPolicy.java:64)\n[656a9c09-96ad-4057-b255-6781646b1898/Run Tests]   | \tat org.gradle.internal.concurrent.ManagedExecutorImpl$1.run(ManagedExecutorImpl.java:48)\n[656a9c09-96ad-4057-b255-6781646b1898/Run Tests]   | \tat org.gradle.internal.concurrent.ThreadFactoryImpl$ManagedThreadRunnable.run(ThreadFactoryImpl.java:56)\n[656a9c09-96ad-4057-b255-6781646b1898/Run Tests]   | Caused by: com.android.builder.errors.EvalIssueException: SDK location not found. Define location with an ANDROID_SDK_ROOT environment variable or by setting the sdk.dir path in your project's local properties file at '/tmp/3d783ea4-1661-11ee-8a50-bb14de238602/segler-alex-RadioDroid/local.properties'.\n[656a9c09-96ad-4057-b255-6781646b1898/Run Tests]   | \tat com.android.builder.errors.IssueReporter.reportError(IssueReporter.kt:106)\n[656a9c09-96ad-4057-b255-6781646b1898/Run Tests]   | \tat com.android.builder.errors.IssueReporter.reportError$default(IssueReporter.kt:102)\n[656a9c09-96ad-4057-b255-6781646b1898/Run Tests]   | \tat com.android.build.gradle.internal.SdkLocator.getSdkLocation(SdkLocator.kt:184)\n[656a9c09-96ad-4057-b255-6781646b1898/Run Tests]   | \tat com.android.build.gradle.internal.SdkDirectLoadingStrategy.loadSdkComponents(SdkDirectLoadingStrategy.kt:91)\n[656a9c09-96ad-4057-b255-6781646b1898/Run Tests]   | \tat com.android.build.gradle.internal.SdkDirectLoadingStrategy.init(SdkDirectLoadingStrategy.kt:86)\n[656a9c09-96ad-4057-b255-6781646b1898/Run Tests]   | \tat com.android.build.gradle.internal.SdkDirectLoadingStrategy.access$init(SdkDirectLoadingStrategy.kt:46)\n[656a9c09-96ad-4057-b255-6781646b1898/Run Tests]   | \tat com.android.build.gradle.internal.SdkDirectLoadingStrategy$components$2.invoke(SdkDirectLoadingStrategy.kt:67)\n[656a9c09-96ad-4057-b255-6781646b1898/Run Tests]   | \tat com.android.build.gradle.internal.SdkDirectLoadingStrategy$components$2.invoke(SdkDirectLoadingStrategy.kt:46)\n[656a9c09-96ad-4057-b255-6781646b1898/Run Tests]   | \tat kotlin.SynchronizedLazyImpl.getValue(LazyJVM.kt:74)\n[656a9c09-96ad-4057-b255-6781646b1898/Run Tests]   | \tat com.android.build.gradle.internal.SdkDirectLoadingStrategy.getComponents(SdkDirectLoadingStrategy.kt)\n[656a9c09-96ad-4057-b255-6781646b1898/Run Tests]   | \tat com.android.build.gradle.internal.SdkDirectLoadingStrategy.loadedSuccessfully(SdkDirectLoadingStrategy.kt:166)\n[656a9c09-96ad-4057-b255-6781646b1898/Run Tests]   | \tat com.android.build.gradle.internal.SdkLoadingStrategy.getAndroidJar(SdkLoadingStrategy.kt:30)\n[656a9c09-96ad-4057-b255-6781646b1898/Run Tests]   | \tat com.android.build.gradle.internal.SdkComponentsBuildService$androidJarProvider$1.call(SdkComponents.kt:165)\n[656a9c09-96ad-4057-b255-6781646b1898/Run Tests]   | \tat com.android.build.gradle.internal.SdkComponentsBuildService$androidJarProvider$1.call(SdkComponents.kt:57)\n[656a9c09-96ad-4057-b255-6781646b1898/Run Tests]   | \tat org.gradle.api.internal.provider.DefaultProvider.calculateOwnValue(DefaultProvider.java:66)\n[656a9c09-96ad-4057-b255-6781646b1898/Run Tests]   | \tat org.gradle.api.internal.provider.AbstractMinimalProvider.calculateValue(AbstractMinimalProvider.java:103)\n[656a9c09-96ad-4057-b255-6781646b1898/Run Tests]   | \tat org.gradle.api.internal.provider.FlatMapProvider.calculateOwnValue(FlatMapProvider.java:50)\n[656a9c09-96ad-4057-b255-6781646b1898/Run Tests]   | \tat org.gradle.api.internal.provider.AbstractMinimalProvider.getOrNull(AbstractMinimalProvider.java:93)\n[656a9c09-96ad-4057-b255-6781646b1898/Run Tests]   | \tat com.android.build.gradle.internal.TaskManager.lambda$createMockableJarTask$16(TaskManager.java:793)\n[656a9c09-96ad-4057-b255-6781646b1898/Run Tests]   | \tat org.gradle.util.GUtil.uncheckedCall(GUtil.java:442)\n[656a9c09-96ad-4057-b255-6781646b1898/Run Tests]   | \tat org.gradle.util.DeferredUtil.unpackNestableDeferred(DeferredUtil.java:64)\n[656a9c09-96ad-4057-b255-6781646b1898/Run Tests]   | \tat org.gradle.api.internal.file.collections.UnpackingVisitor.add(UnpackingVisitor.java:74)\n[656a9c09-96ad-4057-b255-6781646b1898/Run Tests]   | \tat org.gradle.api.internal.file.collections.DefaultConfigurableFileCollection$UnresolvedItemsCollector.visitContents(DefaultConfigurableFileCollection.java:300)\n[656a9c09-96ad-4057-b255-6781646b1898/Run Tests]   | \tat org.gradle.api.internal.file.collections.DefaultConfigurableFileCollection.visitContents(DefaultConfigurableFileCollection.java:224)\n[656a9c09-96ad-4057-b255-6781646b1898/Run Tests]   | \tat org.gradle.api.internal.file.CompositeFileCollection.visitDependencies(CompositeFileCollection.java:140)\n[656a9c09-96ad-4057-b255-6781646b1898/Run Tests]   | \tat org.gradle.api.internal.file.collections.DefaultConfigurableFileCollection.visitDependencies(DefaultConfigurableFileCollection.java:230)\n[656a9c09-96ad-4057-b255-6781646b1898/Run Tests]   | \tat org.gradle.api.internal.tasks.FailureCollectingTaskDependencyResolveContext.add(FailureCollectingTaskDependencyResolveContext.java:45)\n[656a9c09-96ad-4057-b255-6781646b1898/Run Tests]   | \tat org.gradle.api.internal.file.AbstractFileCollection$1.visitDependencies(AbstractFileCollection.java:87)\n[656a9c09-96ad-4057-b255-6781646b1898/Run Tests]   | \tat org.gradle.api.internal.tasks.FailureCollectingTaskDependencyResolveContext.add(FailureCollectingTaskDependencyResolveContext.java:45)\n[656a9c09-96ad-4057-b255-6781646b1898/Run Tests]   | \tat org.gradle.api.internal.artifacts.ivyservice.resolveengine.artifact.LocalFileDependencyBackedArtifactSet.visitDependencies(LocalFileDependencyBackedArtifactSet.java:119)\n[656a9c09-96ad-4057-b255-6781646b1898/Run Tests]   | \tat org.gradle.api.internal.tasks.FailureCollectingTaskDependencyResolveContext.add(FailureCollectingTaskDependencyResolveContext.java:45)\n[656a9c09-96ad-4057-b255-6781646b1898/Run Tests]   | \tat org.gradle.api.internal.artifacts.ivyservice.resolveengine.artifact.BuildDependenciesOnlyVisitedArtifactSet$BuildDependenciesOnlySelectedArtifactSet.visitDependencies(BuildDependenciesOnlyVisitedArtifactSet.java:65)\n[656a9c09-96ad-4057-b255-6781646b1898/Run Tests]   | \tat org.gradle.api.internal.artifacts.configurations.DefaultConfiguration$ConfigurationFileCollection.visitDependencies(DefaultConfiguration.java:1214)\n[656a9c09-96ad-4057-b255-6781646b1898/Run Tests]   | \tat org.gradle.api.internal.tasks.CachingTaskDependencyResolveContext$TaskGraphImpl.getNodeValues(CachingTaskDependencyResolveContext.java:112)\n[656a9c09-96ad-4057-b255-6781646b1898/Run Tests]   | \tat org.gradle.internal.graph.CachingDirectedGraphWalker$GraphWithEmptyEdges.getNodeValues(CachingDirectedGraphWalker.java:213)\n[656a9c09-96ad-4057-b255-6781646b1898/Run Tests]   | \tat org.gradle.internal.graph.CachingDirectedGraphWalker.doSearch(CachingDirectedGraphWalker.java:121)\n[656a9c09-96ad-4057-b255-6781646b1898/Run Tests]   | \tat org.gradle.internal.graph.CachingDirectedGraphWalker.findValues(CachingDirectedGraphWalker.java:73)\n[656a9c09-96ad-4057-b255-6781646b1898/Run Tests]   | \tat org.gradle.api.internal.tasks.CachingTaskDependencyResolveContext.getDependencies(CachingTaskDependencyResolveContext.java:67)\n[656a9c09-96ad-4057-b255-6781646b1898/Run Tests]   | \t... 106 more\n[656a9c09-96ad-4057-b255-6781646b1898/Run Tests]   | \n[656a9c09-96ad-4057-b255-6781646b1898/Run Tests]   | \n[656a9c09-96ad-4057-b255-6781646b1898/Run Tests]   | * Get more help at https://help.gradle.org\n[656a9c09-96ad-4057-b255-6781646b1898/Run Tests]   | \n[656a9c09-96ad-4057-b255-6781646b1898/Run Tests]   | BUILD FAILED in 25s\n[656a9c09-96ad-4057-b255-6781646b1898/Run Tests]   \u274c  Failure - Main Tests\n[656a9c09-96ad-4057-b255-6781646b1898/Run Tests] exitcode '1': failure\n[656a9c09-96ad-4057-b255-6781646b1898/Run Tests] \u2b50 Run Post set up JDK 1.8\n[656a9c09-96ad-4057-b255-6781646b1898/Run Tests]   \ud83d\udc33  docker exec cmd=[node /var/run/act/actions/actions-setup-java@v1/dist/cleanup/index.js] user= workdir=\n[656a9c09-96ad-4057-b255-6781646b1898/Run Tests]   \u2705  Success - Post set up JDK 1.8\n[656a9c09-96ad-4057-b255-6781646b1898/Run Tests] \ud83c\udfc1  Job failed\n",
        "stderr": "Error: Job 'Run Tests' failed\n",
        "workflow": "/tmp/3d783ea4-1661-11ee-8a50-bb14de238602/segler-alex-RadioDroid/.github/workflows/android-ci-crawler.yml",
        "build_tool": "gradle",
        "elapsed_time": 73.09824872016907
    }
}