{
    "repository": "sunilpaulmathew/sNotz",
    "stars": 53,
    "language": "java",
    "size": 21553,
    "clone_url": "https://github.com/sunilpaulmathew/sNotz.git",
    "timestamp": "2023-06-29T14:48:19.117934Z",
    "clone_success": true,
    "number_of_actions": 1,
    "number_of_test_actions": 1,
    "actions_successful": false,
    "actions_build_tools": [
        "gradle"
    ],
    "actions_test_build_tools": [
        "gradle"
    ],
    "actions_run": {
        "failed": true,
        "tests": [],
        "stdout": "[7a0f4b7b-d0d1-4244-9df5-64b57bdf5367/build] \ud83d\ude80  Start image=crawlergpt:latest\n[7a0f4b7b-d0d1-4244-9df5-64b57bdf5367/build]   \ud83d\udc33  docker pull image=crawlergpt:latest platform= username= forcePull=false\n[7a0f4b7b-d0d1-4244-9df5-64b57bdf5367/build]   \ud83d\udc33  docker create image=crawlergpt:latest platform= entrypoint=[\"tail\" \"-f\" \"/dev/null\"] cmd=[]\n[7a0f4b7b-d0d1-4244-9df5-64b57bdf5367/build]   \ud83d\udc33  docker run image=crawlergpt:latest platform= entrypoint=[\"tail\" \"-f\" \"/dev/null\"] cmd=[]\n[7a0f4b7b-d0d1-4244-9df5-64b57bdf5367/build]   \ud83d\udc33  docker exec cmd=[chown -R 1012:1013 /tmp/3d783ea4-1661-11ee-8a50-bb14de238602/sunilpaulmathew-sNotz] user=0 workdir=\n[7a0f4b7b-d0d1-4244-9df5-64b57bdf5367/build]   \u2601  git clone 'https://github.com/actions/setup-java' # ref=v1\n[7a0f4b7b-d0d1-4244-9df5-64b57bdf5367/build]   \u2601  git clone 'https://github.com/actions/upload-artifact' # ref=v2\n[7a0f4b7b-d0d1-4244-9df5-64b57bdf5367/build] \u2b50 Run Main actions/checkout@v1\n[7a0f4b7b-d0d1-4244-9df5-64b57bdf5367/build]   \u2705  Success - Main actions/checkout@v1\n[7a0f4b7b-d0d1-4244-9df5-64b57bdf5367/build] \u2b50 Run Main Set current date as env variable\n[7a0f4b7b-d0d1-4244-9df5-64b57bdf5367/build]   \ud83d\udc33  docker exec cmd=[bash --noprofile --norc -e -o pipefail /var/run/act/workflow/1] user= workdir=\n[7a0f4b7b-d0d1-4244-9df5-64b57bdf5367/build]   \u2705  Success - Main Set current date as env variable\n[7a0f4b7b-d0d1-4244-9df5-64b57bdf5367/build]   \u2699  ::set-env:: date_today=2023-06-29\n[7a0f4b7b-d0d1-4244-9df5-64b57bdf5367/build] \u2b50 Run Main Set repository name as env variable\n[7a0f4b7b-d0d1-4244-9df5-64b57bdf5367/build]   \ud83d\udc33  docker exec cmd=[bash --noprofile --norc -e -o pipefail /var/run/act/workflow/2] user= workdir=\n[7a0f4b7b-d0d1-4244-9df5-64b57bdf5367/build]   \u2705  Success - Main Set repository name as env variable\n[7a0f4b7b-d0d1-4244-9df5-64b57bdf5367/build]   \u2699  ::set-env:: repository_name=sNotz\n[7a0f4b7b-d0d1-4244-9df5-64b57bdf5367/build] \u2b50 Run Main Set Up JDK\n[7a0f4b7b-d0d1-4244-9df5-64b57bdf5367/build]   \ud83d\udc33  docker cp src=/tmp/act-cache/345c3439-5cca-4102-9e79-12b6a319342d/act/actions-setup-java@v1/ dst=/var/run/act/actions/actions-setup-java@v1/\n[7a0f4b7b-d0d1-4244-9df5-64b57bdf5367/build]   \ud83d\udc33  docker exec cmd=[chown -R 1012:1013 /var/run/act/actions/actions-setup-java@v1/] user=0 workdir=\n[7a0f4b7b-d0d1-4244-9df5-64b57bdf5367/build]   \ud83d\udc33  docker exec cmd=[node /var/run/act/actions/actions-setup-java@v1/dist/setup/index.js] user= workdir=\n[7a0f4b7b-d0d1-4244-9df5-64b57bdf5367/build]   \ud83d\udcac  ::debug::isExplicit: \n[7a0f4b7b-d0d1-4244-9df5-64b57bdf5367/build]   \ud83d\udcac  ::debug::explicit? false\n[7a0f4b7b-d0d1-4244-9df5-64b57bdf5367/build]   \ud83d\udcac  ::debug::evaluating 0 versions\n[7a0f4b7b-d0d1-4244-9df5-64b57bdf5367/build]   \ud83d\udcac  ::debug::match not found\n[7a0f4b7b-d0d1-4244-9df5-64b57bdf5367/build]   \ud83d\udcac  ::debug::Downloading JDK from Azul\n[7a0f4b7b-d0d1-4244-9df5-64b57bdf5367/build]   \ud83d\udcac  ::debug::Searching for files with extension: -linux_x64.tar.gz\n[7a0f4b7b-d0d1-4244-9df5-64b57bdf5367/build]   \ud83d\udcac  ::debug::Downloading https://static.azul.com/zulu/bin/zulu11.64.19-ca-jdk11.0.19-linux_x64.tar.gz\n[7a0f4b7b-d0d1-4244-9df5-64b57bdf5367/build]   \ud83d\udcac  ::debug::Downloading /tmp/cbf6da65-6734-4f53-ba61-db2c0d3050b0\n[7a0f4b7b-d0d1-4244-9df5-64b57bdf5367/build]   \ud83d\udcac  ::debug::download complete\n[7a0f4b7b-d0d1-4244-9df5-64b57bdf5367/build]   | [command]/usr/bin/tar --version\n[7a0f4b7b-d0d1-4244-9df5-64b57bdf5367/build]   | tar (GNU tar) 1.30\n[7a0f4b7b-d0d1-4244-9df5-64b57bdf5367/build]   | Copyright (C) 2017 Free Software Foundation, Inc.\n[7a0f4b7b-d0d1-4244-9df5-64b57bdf5367/build]   | License GPLv3+: GNU GPL version 3 or later <https://gnu.org/licenses/gpl.html>.\n[7a0f4b7b-d0d1-4244-9df5-64b57bdf5367/build]   | This is free software: you are free to change and redistribute it.\n[7a0f4b7b-d0d1-4244-9df5-64b57bdf5367/build]   | There is NO WARRANTY, to the extent permitted by law.\n[7a0f4b7b-d0d1-4244-9df5-64b57bdf5367/build]   | \n[7a0f4b7b-d0d1-4244-9df5-64b57bdf5367/build]   | Written by John Gilmore and Jay Fenlason.\n[7a0f4b7b-d0d1-4244-9df5-64b57bdf5367/build]   | [command]/usr/bin/tar xz --warning=no-unknown-keyword -C /tmp/temp_1116568618 -f /tmp/cbf6da65-6734-4f53-ba61-db2c0d3050b0\n[7a0f4b7b-d0d1-4244-9df5-64b57bdf5367/build]   \ud83d\udcac  ::debug::jdk extracted to /tmp/temp_1116568618/zulu11.64.19-ca-jdk11.0.19-linux_x64\n[7a0f4b7b-d0d1-4244-9df5-64b57bdf5367/build]   \ud83d\udcac  ::debug::Caching tool jdk 11.0.19 x64\n[7a0f4b7b-d0d1-4244-9df5-64b57bdf5367/build]   \ud83d\udcac  ::debug::source dir: /tmp/temp_1116568618/zulu11.64.19-ca-jdk11.0.19-linux_x64\n[7a0f4b7b-d0d1-4244-9df5-64b57bdf5367/build]   \ud83d\udcac  ::debug::destination /opt/hostedtoolcache/jdk/11.0.19/x64\n[7a0f4b7b-d0d1-4244-9df5-64b57bdf5367/build]   \ud83d\udcac  ::debug::finished caching tool\n[7a0f4b7b-d0d1-4244-9df5-64b57bdf5367/build]   \u2753 add-matcher /run/act/actions/actions-setup-java@v1/.github/java.json\n[7a0f4b7b-d0d1-4244-9df5-64b57bdf5367/build]   | creating settings.xml with server-id: github; environment variables: username=$GITHUB_ACTOR, password=$GITHUB_TOKEN, and gpg-passphrase=null\n[7a0f4b7b-d0d1-4244-9df5-64b57bdf5367/build]   \ud83d\udcac  ::debug::created directory /home/runneradmin/.m2\n[7a0f4b7b-d0d1-4244-9df5-64b57bdf5367/build]   | writing /home/runneradmin/.m2/settings.xml\n[7a0f4b7b-d0d1-4244-9df5-64b57bdf5367/build]   \u2705  Success - Main Set Up JDK\n[7a0f4b7b-d0d1-4244-9df5-64b57bdf5367/build]   \u2699  ::set-env:: JAVA_HOME=/opt/hostedtoolcache/jdk/11.0.19/x64\n[7a0f4b7b-d0d1-4244-9df5-64b57bdf5367/build]   \u2699  ::set-env:: JAVA_HOME_11_0_19_X64=/opt/hostedtoolcache/jdk/11.0.19/x64\n[7a0f4b7b-d0d1-4244-9df5-64b57bdf5367/build]   \u2699  ::set-env:: JAVA_HOME_11.0.19_x64=/opt/hostedtoolcache/jdk/11.0.19/x64\n[7a0f4b7b-d0d1-4244-9df5-64b57bdf5367/build]   \u2699  ::set-output:: path=/opt/hostedtoolcache/jdk/11.0.19/x64\n[7a0f4b7b-d0d1-4244-9df5-64b57bdf5367/build]   \u2699  ::set-output:: version=11.0.19\n[7a0f4b7b-d0d1-4244-9df5-64b57bdf5367/build]   \u2699  ::add-path:: /opt/hostedtoolcache/jdk/11.0.19/x64/bin\n[7a0f4b7b-d0d1-4244-9df5-64b57bdf5367/build] \u2b50 Run Main Change wrapper permissions\n[7a0f4b7b-d0d1-4244-9df5-64b57bdf5367/build]   \ud83d\udc33  docker exec cmd=[bash --noprofile --norc -e -o pipefail /var/run/act/workflow/4] user= workdir=\n[7a0f4b7b-d0d1-4244-9df5-64b57bdf5367/build]   \u2705  Success - Main Change wrapper permissions\n[7a0f4b7b-d0d1-4244-9df5-64b57bdf5367/build] \u2b50 Run Main Run gradle tests\n[7a0f4b7b-d0d1-4244-9df5-64b57bdf5367/build]   \ud83d\udc33  docker exec cmd=[bash --noprofile --norc -e -o pipefail /var/run/act/workflow/5] user= workdir=\n[7a0f4b7b-d0d1-4244-9df5-64b57bdf5367/build]   | Downloading https://services.gradle.org/distributions/gradle-7.4-all.zip\n[7a0f4b7b-d0d1-4244-9df5-64b57bdf5367/build]   | .......................................................................................................................................................\n[7a0f4b7b-d0d1-4244-9df5-64b57bdf5367/build]   | Unzipping /home/runneradmin/.gradle/wrapper/dists/gradle-7.4-all/aadb4xli5jkdsnukm30eibyiu/gradle-7.4-all.zip to /home/runneradmin/.gradle/wrapper/dists/gradle-7.4-all/aadb4xli5jkdsnukm30eibyiu\n[7a0f4b7b-d0d1-4244-9df5-64b57bdf5367/build]   | Set executable permissions for: /home/runneradmin/.gradle/wrapper/dists/gradle-7.4-all/aadb4xli5jkdsnukm30eibyiu/gradle-7.4/bin/gradle\n[7a0f4b7b-d0d1-4244-9df5-64b57bdf5367/build]   | \n[7a0f4b7b-d0d1-4244-9df5-64b57bdf5367/build]   | Welcome to Gradle 7.4!\n[7a0f4b7b-d0d1-4244-9df5-64b57bdf5367/build]   | \n[7a0f4b7b-d0d1-4244-9df5-64b57bdf5367/build]   | Here are the highlights of this release:\n[7a0f4b7b-d0d1-4244-9df5-64b57bdf5367/build]   |  - Aggregated test and JaCoCo reports\n[7a0f4b7b-d0d1-4244-9df5-64b57bdf5367/build]   |  - Marking additional test source directories as tests in IntelliJ\n[7a0f4b7b-d0d1-4244-9df5-64b57bdf5367/build]   |  - Support for Adoptium JDKs in Java toolchains\n[7a0f4b7b-d0d1-4244-9df5-64b57bdf5367/build]   | \n[7a0f4b7b-d0d1-4244-9df5-64b57bdf5367/build]   | For more details see https://docs.gradle.org/7.4/release-notes.html\n[7a0f4b7b-d0d1-4244-9df5-64b57bdf5367/build]   | \n[7a0f4b7b-d0d1-4244-9df5-64b57bdf5367/build]   | Starting a Gradle Daemon (subsequent builds will be faster)\n[7a0f4b7b-d0d1-4244-9df5-64b57bdf5367/build]   | Configuration cache is an incubating feature.\n[7a0f4b7b-d0d1-4244-9df5-64b57bdf5367/build]   | Calculating task graph as no configuration cache is available for tasks: test\n[7a0f4b7b-d0d1-4244-9df5-64b57bdf5367/build]   | \n[7a0f4b7b-d0d1-4244-9df5-64b57bdf5367/build]   | 0 problems were found storing the configuration cache.\n[7a0f4b7b-d0d1-4244-9df5-64b57bdf5367/build]   | \n[7a0f4b7b-d0d1-4244-9df5-64b57bdf5367/build]   | See the complete report at file:///tmp/3d783ea4-1661-11ee-8a50-bb14de238602/sunilpaulmathew-sNotz/build/reports/configuration-cache/1ootkbdjcfk9mggtcpdm76rru/elp7g4n7beb2cerzu1h9kvnda/configuration-cache-report.html\n[7a0f4b7b-d0d1-4244-9df5-64b57bdf5367/build]   | \n[7a0f4b7b-d0d1-4244-9df5-64b57bdf5367/build]   | FAILURE: Build failed with an exception.\n[7a0f4b7b-d0d1-4244-9df5-64b57bdf5367/build]   | \n[7a0f4b7b-d0d1-4244-9df5-64b57bdf5367/build]   | * What went wrong:\n[7a0f4b7b-d0d1-4244-9df5-64b57bdf5367/build]   | Could not determine the dependencies of task ':app:testPlayReleaseUnitTest'.\n[7a0f4b7b-d0d1-4244-9df5-64b57bdf5367/build]   | > SDK location not found. Define a valid SDK location with an ANDROID_HOME environment variable or by setting the sdk.dir path in your project's local properties file at '/tmp/3d783ea4-1661-11ee-8a50-bb14de238602/sunilpaulmathew-sNotz/local.properties'.\n[7a0f4b7b-d0d1-4244-9df5-64b57bdf5367/build]   | \n[7a0f4b7b-d0d1-4244-9df5-64b57bdf5367/build]   | * Try:\n[7a0f4b7b-d0d1-4244-9df5-64b57bdf5367/build]   | > Run with --stacktrace option to get the stack trace.\n[7a0f4b7b-d0d1-4244-9df5-64b57bdf5367/build]   | > Run with --info or --debug option to get more log output.\n[7a0f4b7b-d0d1-4244-9df5-64b57bdf5367/build]   | > Run with --scan to get full insights.\n[7a0f4b7b-d0d1-4244-9df5-64b57bdf5367/build]   | \n[7a0f4b7b-d0d1-4244-9df5-64b57bdf5367/build]   | * Get more help at https://help.gradle.org\n[7a0f4b7b-d0d1-4244-9df5-64b57bdf5367/build]   | \n[7a0f4b7b-d0d1-4244-9df5-64b57bdf5367/build]   | BUILD FAILED in 42s\n[7a0f4b7b-d0d1-4244-9df5-64b57bdf5367/build]   | Configuration cache entry stored.\n[7a0f4b7b-d0d1-4244-9df5-64b57bdf5367/build]   \u274c  Failure - Main Run gradle tests\n[7a0f4b7b-d0d1-4244-9df5-64b57bdf5367/build] exitcode '1': failure\n[7a0f4b7b-d0d1-4244-9df5-64b57bdf5367/build] \u2b50 Run Post Set Up JDK\n[7a0f4b7b-d0d1-4244-9df5-64b57bdf5367/build]   \ud83d\udc33  docker exec cmd=[node /var/run/act/actions/actions-setup-java@v1/dist/cleanup/index.js] user= workdir=\n[7a0f4b7b-d0d1-4244-9df5-64b57bdf5367/build]   \u2705  Success - Post Set Up JDK\n[7a0f4b7b-d0d1-4244-9df5-64b57bdf5367/build] \ud83c\udfc1  Job failed\n",
        "stderr": "Error: Job 'build' failed\n",
        "workflow": "/tmp/3d783ea4-1661-11ee-8a50-bb14de238602/sunilpaulmathew-sNotz/.github/workflows/android-crawler.yml",
        "build_tool": "gradle",
        "elapsed_time": 425.53951382637024
    }
}