{
    "repository": "sylirre/vmConsole",
    "stars": 236,
    "language": "java",
    "size": 26402,
    "clone_url": "https://github.com/sylirre/vmConsole.git",
    "timestamp": "2023-06-29T15:21:28.421022Z",
    "clone_success": true,
    "number_of_actions": 1,
    "number_of_test_actions": 1,
    "actions_successful": false,
    "actions_build_tools": [
        "gradle"
    ],
    "actions_test_build_tools": [
        "gradle"
    ],
    "actions_run": {
        "failed": true,
        "tests": [],
        "stdout": "[96fbb9d8-4aa9-4d35-991a-0b72d91bd966/Validate Gradle wrapper] \ud83d\ude80  Start image=crawlergpt:latest\n[96fbb9d8-4aa9-4d35-991a-0b72d91bd966/Validate Gradle wrapper]   \ud83d\udc33  docker pull image=crawlergpt:latest platform= username= forcePull=false\n[96fbb9d8-4aa9-4d35-991a-0b72d91bd966/Validate Gradle wrapper]   \ud83d\udc33  docker create image=crawlergpt:latest platform= entrypoint=[\"tail\" \"-f\" \"/dev/null\"] cmd=[]\n[96fbb9d8-4aa9-4d35-991a-0b72d91bd966/Validate Gradle wrapper]   \ud83d\udc33  docker run image=crawlergpt:latest platform= entrypoint=[\"tail\" \"-f\" \"/dev/null\"] cmd=[]\n[96fbb9d8-4aa9-4d35-991a-0b72d91bd966/Validate Gradle wrapper]   \ud83d\udc33  docker exec cmd=[chown -R 1012:1013 /tmp/3d783ea4-1661-11ee-8a50-bb14de238602/sylirre-vmConsole] user=0 workdir=\n[96fbb9d8-4aa9-4d35-991a-0b72d91bd966/Validate Gradle wrapper]   \u2601  git clone 'https://github.com/gradle/wrapper-validation-action' # ref=v1\n[96fbb9d8-4aa9-4d35-991a-0b72d91bd966/Validate Gradle wrapper] \u2b50 Run Main Checkout\n[96fbb9d8-4aa9-4d35-991a-0b72d91bd966/Validate Gradle wrapper]   \u2705  Success - Main Checkout\n[96fbb9d8-4aa9-4d35-991a-0b72d91bd966/Validate Gradle wrapper] \u2b50 Run Main Validation\n[96fbb9d8-4aa9-4d35-991a-0b72d91bd966/Validate Gradle wrapper]   \ud83d\udc33  docker cp src=/tmp/act-cache/62e1f9f0-2ec2-44af-9640-8a8684c00d66/act/gradle-wrapper-validation-action@v1/ dst=/var/run/act/actions/gradle-wrapper-validation-action@v1/\n[96fbb9d8-4aa9-4d35-991a-0b72d91bd966/Validate Gradle wrapper]   \ud83d\udc33  docker exec cmd=[chown -R 1012:1013 /var/run/act/actions/gradle-wrapper-validation-action@v1/] user=0 workdir=\n[96fbb9d8-4aa9-4d35-991a-0b72d91bd966/Validate Gradle wrapper]   \ud83d\udc33  docker exec cmd=[node /var/run/act/actions/gradle-wrapper-validation-action@v1/dist/index.js] user= workdir=\n[96fbb9d8-4aa9-4d35-991a-0b72d91bd966/Validate Gradle wrapper]   | \u2713 Found known Gradle Wrapper JAR files:\n[96fbb9d8-4aa9-4d35-991a-0b72d91bd966/Validate Gradle wrapper]   |   33ad4583fd7ee156f533778736fa1b4940bd83b433934d1cc4e9f608e99a6a89 gradle/wrapper/gradle-wrapper.jar\n[96fbb9d8-4aa9-4d35-991a-0b72d91bd966/Validate Gradle wrapper]   \u2705  Success - Main Validation\n[96fbb9d8-4aa9-4d35-991a-0b72d91bd966/Validate Gradle wrapper] \ud83c\udfc1  Job succeeded\n[96fbb9d8-4aa9-4d35-991a-0b72d91bd966/Run unit tests for terminal emulator] \ud83d\ude80  Start image=crawlergpt:latest\n[96fbb9d8-4aa9-4d35-991a-0b72d91bd966/Run unit tests for terminal emulator]   \ud83d\udc33  docker pull image=crawlergpt:latest platform= username= forcePull=false\n[96fbb9d8-4aa9-4d35-991a-0b72d91bd966/Run unit tests for terminal emulator]   \ud83d\udc33  docker create image=crawlergpt:latest platform= entrypoint=[\"tail\" \"-f\" \"/dev/null\"] cmd=[]\n[96fbb9d8-4aa9-4d35-991a-0b72d91bd966/Run unit tests for terminal emulator]   \ud83d\udc33  docker run image=crawlergpt:latest platform= entrypoint=[\"tail\" \"-f\" \"/dev/null\"] cmd=[]\n[96fbb9d8-4aa9-4d35-991a-0b72d91bd966/Run unit tests for terminal emulator]   \ud83d\udc33  docker exec cmd=[chown -R 1012:1013 /tmp/3d783ea4-1661-11ee-8a50-bb14de238602/sylirre-vmConsole] user=0 workdir=\n[96fbb9d8-4aa9-4d35-991a-0b72d91bd966/Run unit tests for terminal emulator] \u2b50 Run Main Checkout\n[96fbb9d8-4aa9-4d35-991a-0b72d91bd966/Run unit tests for terminal emulator]   \u2705  Success - Main Checkout\n[96fbb9d8-4aa9-4d35-991a-0b72d91bd966/Run unit tests for terminal emulator] \u2b50 Run Main Testing terminal emulator library\n[96fbb9d8-4aa9-4d35-991a-0b72d91bd966/Run unit tests for terminal emulator]   \ud83d\udc33  docker exec cmd=[bash --noprofile --norc -e -o pipefail /var/run/act/workflow/1] user= workdir=\n[96fbb9d8-4aa9-4d35-991a-0b72d91bd966/Run unit tests for terminal emulator]   | Downloading https://services.gradle.org/distributions/gradle-7.3.3-bin.zip\n[96fbb9d8-4aa9-4d35-991a-0b72d91bd966/Run unit tests for terminal emulator]   | ...........10%...........20%...........30%...........40%...........50%...........60%...........70%...........80%...........90%...........100%\n[96fbb9d8-4aa9-4d35-991a-0b72d91bd966/Run unit tests for terminal emulator]   | \n[96fbb9d8-4aa9-4d35-991a-0b72d91bd966/Run unit tests for terminal emulator]   | Welcome to Gradle 7.3.3!\n[96fbb9d8-4aa9-4d35-991a-0b72d91bd966/Run unit tests for terminal emulator]   | \n[96fbb9d8-4aa9-4d35-991a-0b72d91bd966/Run unit tests for terminal emulator]   | Here are the highlights of this release:\n[96fbb9d8-4aa9-4d35-991a-0b72d91bd966/Run unit tests for terminal emulator]   |  - Easily declare new test suites in Java projects\n[96fbb9d8-4aa9-4d35-991a-0b72d91bd966/Run unit tests for terminal emulator]   |  - Support for Java 17\n[96fbb9d8-4aa9-4d35-991a-0b72d91bd966/Run unit tests for terminal emulator]   |  - Support for Scala 3\n[96fbb9d8-4aa9-4d35-991a-0b72d91bd966/Run unit tests for terminal emulator]   | \n[96fbb9d8-4aa9-4d35-991a-0b72d91bd966/Run unit tests for terminal emulator]   | For more details see https://docs.gradle.org/7.3.3/release-notes.html\n[96fbb9d8-4aa9-4d35-991a-0b72d91bd966/Run unit tests for terminal emulator]   | \n[96fbb9d8-4aa9-4d35-991a-0b72d91bd966/Run unit tests for terminal emulator]   | Starting a Gradle Daemon (subsequent builds will be faster)\n[96fbb9d8-4aa9-4d35-991a-0b72d91bd966/Run unit tests for terminal emulator]   | \n[96fbb9d8-4aa9-4d35-991a-0b72d91bd966/Run unit tests for terminal emulator]   | FAILURE: Build failed with an exception.\n[96fbb9d8-4aa9-4d35-991a-0b72d91bd966/Run unit tests for terminal emulator]   | \n[96fbb9d8-4aa9-4d35-991a-0b72d91bd966/Run unit tests for terminal emulator]   | * What went wrong:\n[96fbb9d8-4aa9-4d35-991a-0b72d91bd966/Run unit tests for terminal emulator]   | Could not determine the dependencies of task ':app:testDebugUnitTest'.\n[96fbb9d8-4aa9-4d35-991a-0b72d91bd966/Run unit tests for terminal emulator]   | > SDK location not found. Define a valid SDK location with an ANDROID_HOME environment variable or by setting the sdk.dir path in your project's local properties file at '/tmp/3d783ea4-1661-11ee-8a50-bb14de238602/sylirre-vmConsole/local.properties'.\n[96fbb9d8-4aa9-4d35-991a-0b72d91bd966/Run unit tests for terminal emulator]   | \n[96fbb9d8-4aa9-4d35-991a-0b72d91bd966/Run unit tests for terminal emulator]   | * Try:\n[96fbb9d8-4aa9-4d35-991a-0b72d91bd966/Run unit tests for terminal emulator]   | > Run with --stacktrace option to get the stack trace.\n[96fbb9d8-4aa9-4d35-991a-0b72d91bd966/Run unit tests for terminal emulator]   | > Run with --info or --debug option to get more log output.\n[96fbb9d8-4aa9-4d35-991a-0b72d91bd966/Run unit tests for terminal emulator]   | > Run with --scan to get full insights.\n[96fbb9d8-4aa9-4d35-991a-0b72d91bd966/Run unit tests for terminal emulator]   | \n[96fbb9d8-4aa9-4d35-991a-0b72d91bd966/Run unit tests for terminal emulator]   | * Get more help at https://help.gradle.org\n[96fbb9d8-4aa9-4d35-991a-0b72d91bd966/Run unit tests for terminal emulator]   | \n[96fbb9d8-4aa9-4d35-991a-0b72d91bd966/Run unit tests for terminal emulator]   | BUILD FAILED in 41s\n[96fbb9d8-4aa9-4d35-991a-0b72d91bd966/Run unit tests for terminal emulator]   \u274c  Failure - Main Testing terminal emulator library\n[96fbb9d8-4aa9-4d35-991a-0b72d91bd966/Run unit tests for terminal emulator] exitcode '1': failure\n[96fbb9d8-4aa9-4d35-991a-0b72d91bd966/Run unit tests for terminal emulator] \ud83c\udfc1  Job failed\n",
        "stderr": "Error: Job 'Run unit tests for terminal emulator' failed\n",
        "workflow": "/tmp/3d783ea4-1661-11ee-8a50-bb14de238602/sylirre-vmConsole/.github/workflows/main-crawler.yml",
        "build_tool": "gradle",
        "elapsed_time": 194.48285388946533
    }
}