{
    "repository": "tbroyer/gwt-maven-plugin",
    "stars": 157,
    "language": "java",
    "size": 1319,
    "clone_url": "https://github.com/tbroyer/gwt-maven-plugin.git",
    "timestamp": "2023-06-29T10:26:47.059734Z",
    "clone_success": true,
    "number_of_actions": 1,
    "number_of_test_actions": 1,
    "actions_successful": false,
    "actions_build_tools": [
        "maven"
    ],
    "actions_test_build_tools": [
        "maven"
    ],
    "actions_run": {
        "failed": true,
        "tests": [],
        "stdout": "[93c0415d-d612-49b5-8b6c-a65117a77fad/linux  ] \ud83d\ude80  Start image=crawlergpt:latest\n[93c0415d-d612-49b5-8b6c-a65117a77fad/windows] \ud83d\ude80  Start image=crawlergpt:latest\n[93c0415d-d612-49b5-8b6c-a65117a77fad/linux  ]   \ud83d\udc33  docker pull image=crawlergpt:latest platform= username= forcePull=false\n[93c0415d-d612-49b5-8b6c-a65117a77fad/windows]   \ud83d\udc33  docker pull image=crawlergpt:latest platform= username= forcePull=false\n[93c0415d-d612-49b5-8b6c-a65117a77fad/linux  ]   \ud83d\udc33  docker create image=crawlergpt:latest platform= entrypoint=[\"tail\" \"-f\" \"/dev/null\"] cmd=[]\n[93c0415d-d612-49b5-8b6c-a65117a77fad/windows]   \ud83d\udc33  docker create image=crawlergpt:latest platform= entrypoint=[\"tail\" \"-f\" \"/dev/null\"] cmd=[]\n[93c0415d-d612-49b5-8b6c-a65117a77fad/windows]   \ud83d\udc33  docker run image=crawlergpt:latest platform= entrypoint=[\"tail\" \"-f\" \"/dev/null\"] cmd=[]\n[93c0415d-d612-49b5-8b6c-a65117a77fad/linux  ]   \ud83d\udc33  docker run image=crawlergpt:latest platform= entrypoint=[\"tail\" \"-f\" \"/dev/null\"] cmd=[]\n[93c0415d-d612-49b5-8b6c-a65117a77fad/linux  ]   \ud83d\udc33  docker exec cmd=[chown -R 1012:1013 /tmp/3d783ea4-1661-11ee-8a50-bb14de238602/tbroyer-gwt-maven-plugin] user=0 workdir=\n[93c0415d-d612-49b5-8b6c-a65117a77fad/windows]   \ud83d\udc33  docker exec cmd=[chown -R 1012:1013 /tmp/3d783ea4-1661-11ee-8a50-bb14de238602/tbroyer-gwt-maven-plugin] user=0 workdir=\n[93c0415d-d612-49b5-8b6c-a65117a77fad/linux  ]   \u2601  git clone 'https://github.com/actions/setup-java' # ref=v3\n[93c0415d-d612-49b5-8b6c-a65117a77fad/windows]   \u2601  git clone 'https://github.com/actions/setup-java' # ref=v3\n[93c0415d-d612-49b5-8b6c-a65117a77fad/linux  ]   \u2601  git clone 'https://github.com/actions/cache' # ref=v3\n[93c0415d-d612-49b5-8b6c-a65117a77fad/windows]   \u2601  git clone 'https://github.com/actions/cache' # ref=v3\n[93c0415d-d612-49b5-8b6c-a65117a77fad/linux  ]   \u2601  git clone 'https://github.com/actions/upload-artifact' # ref=v3\n[93c0415d-d612-49b5-8b6c-a65117a77fad/windows]   \u2601  git clone 'https://github.com/actions/upload-artifact' # ref=v3\n[93c0415d-d612-49b5-8b6c-a65117a77fad/linux  ] \u2b50 Run Main actions/checkout@v3\n[93c0415d-d612-49b5-8b6c-a65117a77fad/linux  ]   \u2705  Success - Main actions/checkout@v3\n[93c0415d-d612-49b5-8b6c-a65117a77fad/linux  ] \u2b50 Run Main actions/setup-java@v3\n[93c0415d-d612-49b5-8b6c-a65117a77fad/windows] \u2b50 Run Main actions/checkout@v3\n[93c0415d-d612-49b5-8b6c-a65117a77fad/windows]   \u2705  Success - Main actions/checkout@v3\n[93c0415d-d612-49b5-8b6c-a65117a77fad/linux  ]   \ud83d\udc33  docker cp src=/tmp/act-cache/93c31573-2a81-4cb1-9d86-d72ca2a637f0/act/actions-setup-java@v3/ dst=/var/run/act/actions/actions-setup-java@v3/\n[93c0415d-d612-49b5-8b6c-a65117a77fad/windows] \u2b50 Run Main actions/setup-java@v3\n[93c0415d-d612-49b5-8b6c-a65117a77fad/linux  ]   \ud83d\udc33  docker exec cmd=[chown -R 1012:1013 /var/run/act/actions/actions-setup-java@v3/] user=0 workdir=\n[93c0415d-d612-49b5-8b6c-a65117a77fad/windows]   \ud83d\udc33  docker cp src=/tmp/act-cache/93c31573-2a81-4cb1-9d86-d72ca2a637f0/act/actions-setup-java@v3/ dst=/var/run/act/actions/actions-setup-java@v3/\n[93c0415d-d612-49b5-8b6c-a65117a77fad/windows]   \ud83d\udc33  docker exec cmd=[chown -R 1012:1013 /var/run/act/actions/actions-setup-java@v3/] user=0 workdir=\n[93c0415d-d612-49b5-8b6c-a65117a77fad/windows]   \ud83d\udc33  docker exec cmd=[node /var/run/act/actions/actions-setup-java@v3/dist/setup/index.js] user= workdir=\n[93c0415d-d612-49b5-8b6c-a65117a77fad/linux  ]   \ud83d\udc33  docker exec cmd=[node /var/run/act/actions/actions-setup-java@v3/dist/setup/index.js] user= workdir=\n[93c0415d-d612-49b5-8b6c-a65117a77fad/linux  ]   \u2753  ::group::Installed distributions\n[93c0415d-d612-49b5-8b6c-a65117a77fad/linux  ]   | Trying to resolve the latest version from remote\n[93c0415d-d612-49b5-8b6c-a65117a77fad/windows]   \u2753  ::group::Installed distributions\n[93c0415d-d612-49b5-8b6c-a65117a77fad/windows]   | Trying to resolve the latest version from remote\n[93c0415d-d612-49b5-8b6c-a65117a77fad/windows]   | Resolved latest version as 11.0.19+7\n[93c0415d-d612-49b5-8b6c-a65117a77fad/windows]   | Trying to download...\n[93c0415d-d612-49b5-8b6c-a65117a77fad/windows]   | Downloading Java 11.0.19+7 (Temurin-Hotspot) from https://github.com/adoptium/temurin11-binaries/releases/download/jdk-11.0.19%2B7/OpenJDK11U-jdk_x64_linux_hotspot_11.0.19_7.tar.gz ...\n[93c0415d-d612-49b5-8b6c-a65117a77fad/windows]   \ud83d\udcac  ::debug::Downloading https://github.com/adoptium/temurin11-binaries/releases/download/jdk-11.0.19%252B7/OpenJDK11U-jdk_x64_linux_hotspot_11.0.19_7.tar.gz\n[93c0415d-d612-49b5-8b6c-a65117a77fad/windows]   \ud83d\udcac  ::debug::Destination /tmp/b28dba5a-c0c7-4c3d-ab03-cbb60b972929\n[93c0415d-d612-49b5-8b6c-a65117a77fad/linux  ]   | Resolved latest version as 8.0.372+7\n[93c0415d-d612-49b5-8b6c-a65117a77fad/linux  ]   | Trying to download...\n[93c0415d-d612-49b5-8b6c-a65117a77fad/linux  ]   | Downloading Java 8.0.372+7 (Temurin-Hotspot) from https://github.com/adoptium/temurin8-binaries/releases/download/jdk8u372-b07/OpenJDK8U-jdk_x64_linux_hotspot_8u372b07.tar.gz ...\n[93c0415d-d612-49b5-8b6c-a65117a77fad/linux  ]   \ud83d\udcac  ::debug::Downloading https://github.com/adoptium/temurin8-binaries/releases/download/jdk8u372-b07/OpenJDK8U-jdk_x64_linux_hotspot_8u372b07.tar.gz\n[93c0415d-d612-49b5-8b6c-a65117a77fad/linux  ]   \ud83d\udcac  ::debug::Destination /tmp/1031da54-0079-49c2-860d-3a32015ea80e\n[93c0415d-d612-49b5-8b6c-a65117a77fad/linux  ]   \ud83d\udcac  ::debug::download complete\n[93c0415d-d612-49b5-8b6c-a65117a77fad/linux  ]   | Extracting Java archive...\n[93c0415d-d612-49b5-8b6c-a65117a77fad/linux  ]   \ud83d\udcac  ::debug::Checking tar --version\n[93c0415d-d612-49b5-8b6c-a65117a77fad/linux  ]   \ud83d\udcac  ::debug::tar (GNU tar) 1.30%0ACopyright (C) 2017 Free Software Foundation, Inc.%0ALicense GPLv3+: GNU GPL version 3 or later <https://gnu.org/licenses/gpl.html>.%0AThis is free software: you are free to change and redistribute it.%0AThere is NO WARRANTY, to the extent permitted by law.%0A%0AWritten by John Gilmore and Jay Fenlason.\n[93c0415d-d612-49b5-8b6c-a65117a77fad/linux  ]   | [command]/usr/bin/tar xz --warning=no-unknown-keyword -C /tmp/15f0ed02-ee01-46e3-8748-936e293d4772 -f /tmp/1031da54-0079-49c2-860d-3a32015ea80e\n[93c0415d-d612-49b5-8b6c-a65117a77fad/windows]   \ud83d\udcac  ::debug::download complete\n[93c0415d-d612-49b5-8b6c-a65117a77fad/windows]   | Extracting Java archive...\n[93c0415d-d612-49b5-8b6c-a65117a77fad/windows]   \ud83d\udcac  ::debug::Checking tar --version\n[93c0415d-d612-49b5-8b6c-a65117a77fad/windows]   \ud83d\udcac  ::debug::tar (GNU tar) 1.30%0ACopyright (C) 2017 Free Software Foundation, Inc.%0ALicense GPLv3+: GNU GPL version 3 or later <https://gnu.org/licenses/gpl.html>.%0AThis is free software: you are free to change and redistribute it.%0AThere is NO WARRANTY, to the extent permitted by law.%0A%0AWritten by John Gilmore and Jay Fenlason.\n[93c0415d-d612-49b5-8b6c-a65117a77fad/windows]   | [command]/usr/bin/tar xz --warning=no-unknown-keyword -C /tmp/49374cdd-af22-4eff-8cf4-8557043ecf21 -f /tmp/b28dba5a-c0c7-4c3d-ab03-cbb60b972929\n[93c0415d-d612-49b5-8b6c-a65117a77fad/linux  ]   \ud83d\udcac  ::debug::Caching tool Java_Temurin-Hotspot_jdk 8.0.372-7 x64\n[93c0415d-d612-49b5-8b6c-a65117a77fad/linux  ]   \ud83d\udcac  ::debug::source dir: /tmp/15f0ed02-ee01-46e3-8748-936e293d4772/jdk8u372-b07\n[93c0415d-d612-49b5-8b6c-a65117a77fad/linux  ]   \ud83d\udcac  ::debug::destination /opt/hostedtoolcache/Java_Temurin-Hotspot_jdk/8.0.372-7/x64\n[93c0415d-d612-49b5-8b6c-a65117a77fad/linux  ]   \ud83d\udcac  ::debug::finished caching tool\n[93c0415d-d612-49b5-8b6c-a65117a77fad/linux  ]   | Java 8.0.372+7 was downloaded\n[93c0415d-d612-49b5-8b6c-a65117a77fad/linux  ]   | Setting Java 8.0.372+7 as the default\n[93c0415d-d612-49b5-8b6c-a65117a77fad/linux  ]   | Creating toolchains.xml for JDK version 8 from temurin\n[93c0415d-d612-49b5-8b6c-a65117a77fad/linux  ]   | Writing to /home/runneradmin/.m2/toolchains.xml\n[93c0415d-d612-49b5-8b6c-a65117a77fad/linux  ]   | \n[93c0415d-d612-49b5-8b6c-a65117a77fad/linux  ]   | Java configuration:\n[93c0415d-d612-49b5-8b6c-a65117a77fad/linux  ]   |   Distribution: temurin\n[93c0415d-d612-49b5-8b6c-a65117a77fad/linux  ]   |   Version: 8.0.372+7\n[93c0415d-d612-49b5-8b6c-a65117a77fad/linux  ]   |   Path: /opt/hostedtoolcache/Java_Temurin-Hotspot_jdk/8.0.372-7/x64\n[93c0415d-d612-49b5-8b6c-a65117a77fad/linux  ]   | \n[93c0415d-d612-49b5-8b6c-a65117a77fad/linux  ]   \u2753  ::endgroup::\n[93c0415d-d612-49b5-8b6c-a65117a77fad/linux  ]   \u2753 add-matcher /run/act/actions/actions-setup-java@v3/.github/java.json\n[93c0415d-d612-49b5-8b6c-a65117a77fad/linux  ]   | Creating settings.xml with server-id: github\n[93c0415d-d612-49b5-8b6c-a65117a77fad/linux  ]   | Writing to /home/runneradmin/.m2/settings.xml\n[93c0415d-d612-49b5-8b6c-a65117a77fad/linux  ]   \u2705  Success - Main actions/setup-java@v3\n[93c0415d-d612-49b5-8b6c-a65117a77fad/linux  ]   \u2699  ::set-env:: JAVA_HOME=/opt/hostedtoolcache/Java_Temurin-Hotspot_jdk/8.0.372-7/x64\n[93c0415d-d612-49b5-8b6c-a65117a77fad/linux  ]   \u2699  ::set-env:: JAVA_HOME_8_X64=/opt/hostedtoolcache/Java_Temurin-Hotspot_jdk/8.0.372-7/x64\n[93c0415d-d612-49b5-8b6c-a65117a77fad/linux  ]   \u2699  ::set-output:: distribution=Temurin-Hotspot\n[93c0415d-d612-49b5-8b6c-a65117a77fad/linux  ]   \u2699  ::set-output:: path=/opt/hostedtoolcache/Java_Temurin-Hotspot_jdk/8.0.372-7/x64\n[93c0415d-d612-49b5-8b6c-a65117a77fad/linux  ]   \u2699  ::set-output:: version=8.0.372+7\n[93c0415d-d612-49b5-8b6c-a65117a77fad/linux  ]   \u2699  ::add-path:: /opt/hostedtoolcache/Java_Temurin-Hotspot_jdk/8.0.372-7/x64/bin\n[93c0415d-d612-49b5-8b6c-a65117a77fad/linux  ] \u2b50 Run Main Cache Maven dependencies\n[93c0415d-d612-49b5-8b6c-a65117a77fad/linux  ]   \ud83d\udc33  docker cp src=/tmp/act-cache/93c31573-2a81-4cb1-9d86-d72ca2a637f0/act/actions-cache@v3/ dst=/var/run/act/actions/actions-cache@v3/\n[93c0415d-d612-49b5-8b6c-a65117a77fad/linux  ]   \ud83d\udc33  docker exec cmd=[chown -R 1012:1013 /var/run/act/actions/actions-cache@v3/] user=0 workdir=\n[93c0415d-d612-49b5-8b6c-a65117a77fad/windows]   \ud83d\udcac  ::debug::Caching tool Java_Temurin-Hotspot_jdk 11.0.19-7 x64\n[93c0415d-d612-49b5-8b6c-a65117a77fad/windows]   \ud83d\udcac  ::debug::source dir: /tmp/49374cdd-af22-4eff-8cf4-8557043ecf21/jdk-11.0.19+7\n[93c0415d-d612-49b5-8b6c-a65117a77fad/windows]   \ud83d\udcac  ::debug::destination /opt/hostedtoolcache/Java_Temurin-Hotspot_jdk/11.0.19-7/x64\n[93c0415d-d612-49b5-8b6c-a65117a77fad/linux  ]   \ud83d\udc33  docker exec cmd=[node /var/run/act/actions/actions-cache@v3/dist/restore/index.js] user= workdir=\n[93c0415d-d612-49b5-8b6c-a65117a77fad/linux  ]   \ud83d\udcac  ::debug::Resolved Keys:\n[93c0415d-d612-49b5-8b6c-a65117a77fad/linux  ]   \ud83d\udcac  ::debug::[\"Linux-m2-7f17b7fd84076d98d8fa86c33206875a859e03e98253eb7fdd30da7e8c7ec3f9\"]\n[93c0415d-d612-49b5-8b6c-a65117a77fad/linux  ]   \ud83d\udcac  ::debug::Checking zstd --quiet --version\n[93c0415d-d612-49b5-8b6c-a65117a77fad/linux  ]   \ud83d\udcac  ::debug::1.5.0\n[93c0415d-d612-49b5-8b6c-a65117a77fad/linux  ]   \ud83d\udcac  ::debug::zstd version: 1.5.0\n[93c0415d-d612-49b5-8b6c-a65117a77fad/linux  ]   \ud83d\udcac  ::debug::Resource Url: http://130.242.72.40:38729/_apis/artifactcache/cache?keys=Linux-m2-7f17b7fd84076d98d8fa86c33206875a859e03e98253eb7fdd30da7e8c7ec3f9&version=b8818dbb561232d925115977619fe91d82351e14594a90fa484c44d8d742f68f\n[93c0415d-d612-49b5-8b6c-a65117a77fad/linux  ]   \ud83d\udcac  ::debug::Failed to delete archive: Error: ENOENT: no such file or directory, unlink ''\n[93c0415d-d612-49b5-8b6c-a65117a77fad/linux  ]   | Cache not found for input keys: Linux-m2-7f17b7fd84076d98d8fa86c33206875a859e03e98253eb7fdd30da7e8c7ec3f9\n[93c0415d-d612-49b5-8b6c-a65117a77fad/linux  ]   \u2705  Success - Main Cache Maven dependencies\n[93c0415d-d612-49b5-8b6c-a65117a77fad/linux  ] \u2b50 Run Main Build with Maven\n[93c0415d-d612-49b5-8b6c-a65117a77fad/linux  ]   \ud83d\udc33  docker exec cmd=[bash --noprofile --norc -e -o pipefail /var/run/act/workflow/maven-build] user= workdir=\n[93c0415d-d612-49b5-8b6c-a65117a77fad/windows]   \ud83d\udcac  ::debug::finished caching tool\n[93c0415d-d612-49b5-8b6c-a65117a77fad/windows]   | Java 11.0.19+7 was downloaded\n[93c0415d-d612-49b5-8b6c-a65117a77fad/windows]   | Setting Java 11.0.19+7 as the default\n[93c0415d-d612-49b5-8b6c-a65117a77fad/windows]   | Creating toolchains.xml for JDK version 11 from temurin\n[93c0415d-d612-49b5-8b6c-a65117a77fad/windows]   | Writing to /home/runneradmin/.m2/toolchains.xml\n[93c0415d-d612-49b5-8b6c-a65117a77fad/windows]   | \n[93c0415d-d612-49b5-8b6c-a65117a77fad/windows]   | Java configuration:\n[93c0415d-d612-49b5-8b6c-a65117a77fad/windows]   |   Distribution: temurin\n[93c0415d-d612-49b5-8b6c-a65117a77fad/windows]   |   Version: 11.0.19+7\n[93c0415d-d612-49b5-8b6c-a65117a77fad/windows]   |   Path: /opt/hostedtoolcache/Java_Temurin-Hotspot_jdk/11.0.19-7/x64\n[93c0415d-d612-49b5-8b6c-a65117a77fad/windows]   | \n[93c0415d-d612-49b5-8b6c-a65117a77fad/windows]   \u2753  ::endgroup::\n[93c0415d-d612-49b5-8b6c-a65117a77fad/windows]   \u2753 add-matcher /run/act/actions/actions-setup-java@v3/.github/java.json\n[93c0415d-d612-49b5-8b6c-a65117a77fad/windows]   | Creating settings.xml with server-id: github\n[93c0415d-d612-49b5-8b6c-a65117a77fad/windows]   | Writing to /home/runneradmin/.m2/settings.xml\n[93c0415d-d612-49b5-8b6c-a65117a77fad/windows]   \u2705  Success - Main actions/setup-java@v3\n[93c0415d-d612-49b5-8b6c-a65117a77fad/windows]   \u2699  ::set-env:: JAVA_HOME=/opt/hostedtoolcache/Java_Temurin-Hotspot_jdk/11.0.19-7/x64\n[93c0415d-d612-49b5-8b6c-a65117a77fad/windows]   \u2699  ::set-env:: JAVA_HOME_11_X64=/opt/hostedtoolcache/Java_Temurin-Hotspot_jdk/11.0.19-7/x64\n[93c0415d-d612-49b5-8b6c-a65117a77fad/windows]   \u2699  ::set-output:: distribution=Temurin-Hotspot\n[93c0415d-d612-49b5-8b6c-a65117a77fad/windows]   \u2699  ::set-output:: path=/opt/hostedtoolcache/Java_Temurin-Hotspot_jdk/11.0.19-7/x64\n[93c0415d-d612-49b5-8b6c-a65117a77fad/windows]   \u2699  ::set-output:: version=11.0.19+7\n[93c0415d-d612-49b5-8b6c-a65117a77fad/windows]   \u2699  ::add-path:: /opt/hostedtoolcache/Java_Temurin-Hotspot_jdk/11.0.19-7/x64/bin\n[93c0415d-d612-49b5-8b6c-a65117a77fad/windows] \u2b50 Run Main Cache Maven dependencies\n[93c0415d-d612-49b5-8b6c-a65117a77fad/windows]   \ud83d\udc33  docker cp src=/tmp/act-cache/93c31573-2a81-4cb1-9d86-d72ca2a637f0/act/actions-cache@v3/ dst=/var/run/act/actions/actions-cache@v3/\n[93c0415d-d612-49b5-8b6c-a65117a77fad/windows]   \ud83d\udc33  docker exec cmd=[chown -R 1012:1013 /var/run/act/actions/actions-cache@v3/] user=0 workdir=\n[93c0415d-d612-49b5-8b6c-a65117a77fad/windows]   \ud83d\udc33  docker exec cmd=[node /var/run/act/actions/actions-cache@v3/dist/restore/index.js] user= workdir=\n[93c0415d-d612-49b5-8b6c-a65117a77fad/windows]   \ud83d\udcac  ::debug::Resolved Keys:\n[93c0415d-d612-49b5-8b6c-a65117a77fad/windows]   \ud83d\udcac  ::debug::[\"Linux-m2-7f17b7fd84076d98d8fa86c33206875a859e03e98253eb7fdd30da7e8c7ec3f9\"]\n[93c0415d-d612-49b5-8b6c-a65117a77fad/windows]   \ud83d\udcac  ::debug::Checking zstd --quiet --version\n[93c0415d-d612-49b5-8b6c-a65117a77fad/windows]   \ud83d\udcac  ::debug::1.5.0\n[93c0415d-d612-49b5-8b6c-a65117a77fad/windows]   \ud83d\udcac  ::debug::zstd version: 1.5.0\n[93c0415d-d612-49b5-8b6c-a65117a77fad/windows]   \ud83d\udcac  ::debug::Resource Url: http://130.242.72.40:38729/_apis/artifactcache/cache?keys=Linux-m2-7f17b7fd84076d98d8fa86c33206875a859e03e98253eb7fdd30da7e8c7ec3f9&version=b8818dbb561232d925115977619fe91d82351e14594a90fa484c44d8d742f68f\n[93c0415d-d612-49b5-8b6c-a65117a77fad/windows]   \ud83d\udcac  ::debug::Failed to delete archive: Error: ENOENT: no such file or directory, unlink ''\n[93c0415d-d612-49b5-8b6c-a65117a77fad/windows]   | Cache not found for input keys: Linux-m2-7f17b7fd84076d98d8fa86c33206875a859e03e98253eb7fdd30da7e8c7ec3f9\n[93c0415d-d612-49b5-8b6c-a65117a77fad/windows]   \u2705  Success - Main Cache Maven dependencies\n[93c0415d-d612-49b5-8b6c-a65117a77fad/linux  ]   | [INFO] Scanning for projects...\n[93c0415d-d612-49b5-8b6c-a65117a77fad/windows] \u2b50 Run Main Build with Maven\n[93c0415d-d612-49b5-8b6c-a65117a77fad/windows]   \ud83d\udc33  docker exec cmd=[bash --noprofile --norc -e -o pipefail /var/run/act/workflow/maven-build] user= workdir=\n[93c0415d-d612-49b5-8b6c-a65117a77fad/windows]   | [INFO] Scanning for projects...\n[93c0415d-d612-49b5-8b6c-a65117a77fad/linux  ]   | [INFO] Inspecting build with total of 1 modules...\n[93c0415d-d612-49b5-8b6c-a65117a77fad/linux  ]   | [INFO] Installing Nexus Staging features:\n[93c0415d-d612-49b5-8b6c-a65117a77fad/linux  ]   | [INFO]   ... total of 1 executions of maven-deploy-plugin replaced with nexus-staging-maven-plugin\n[93c0415d-d612-49b5-8b6c-a65117a77fad/linux  ]   | [INFO] \n[93c0415d-d612-49b5-8b6c-a65117a77fad/linux  ]   | [INFO] ----------------< net.ltgt.gwt.maven:gwt-maven-plugin >-----------------\n[93c0415d-d612-49b5-8b6c-a65117a77fad/linux  ]   | [INFO] Building Maven Plugin for GWT HEAD-SNAPSHOT\n[93c0415d-d612-49b5-8b6c-a65117a77fad/linux  ]   | [INFO] ----------------------------[ maven-plugin ]----------------------------\n[93c0415d-d612-49b5-8b6c-a65117a77fad/windows]   | [WARNING] \n[93c0415d-d612-49b5-8b6c-a65117a77fad/windows]   | [WARNING] Some problems were encountered while building the effective model for net.ltgt.gwt.maven:gwt-maven-plugin:maven-plugin:HEAD-SNAPSHOT\n[93c0415d-d612-49b5-8b6c-a65117a77fad/windows]   | [WARNING] 'build.plugins.plugin.version' for org.apache.maven.plugins:maven-javadoc-plugin is missing. @ line 330, column 19\n[93c0415d-d612-49b5-8b6c-a65117a77fad/windows]   | [WARNING] \n[93c0415d-d612-49b5-8b6c-a65117a77fad/windows]   | [WARNING] It is highly recommended to fix these problems because they threaten the stability of your build.\n[93c0415d-d612-49b5-8b6c-a65117a77fad/windows]   | [WARNING] \n[93c0415d-d612-49b5-8b6c-a65117a77fad/windows]   | [WARNING] For this reason, future Maven versions might no longer support building such malformed projects.\n[93c0415d-d612-49b5-8b6c-a65117a77fad/windows]   | [WARNING] \n[93c0415d-d612-49b5-8b6c-a65117a77fad/windows]   | [INFO] Inspecting build with total of 1 modules...\n[93c0415d-d612-49b5-8b6c-a65117a77fad/windows]   | [INFO] Installing Nexus Staging features:\n[93c0415d-d612-49b5-8b6c-a65117a77fad/windows]   | [INFO]   ... total of 1 executions of maven-deploy-plugin replaced with nexus-staging-maven-plugin\n[93c0415d-d612-49b5-8b6c-a65117a77fad/windows]   | [INFO] \n[93c0415d-d612-49b5-8b6c-a65117a77fad/windows]   | [INFO] ----------------< net.ltgt.gwt.maven:gwt-maven-plugin >-----------------\n[93c0415d-d612-49b5-8b6c-a65117a77fad/windows]   | [INFO] Building Maven Plugin for GWT HEAD-SNAPSHOT\n[93c0415d-d612-49b5-8b6c-a65117a77fad/windows]   | [INFO] ----------------------------[ maven-plugin ]----------------------------\n[93c0415d-d612-49b5-8b6c-a65117a77fad/linux  ]   | [INFO] \n[93c0415d-d612-49b5-8b6c-a65117a77fad/linux  ]   | [INFO] --- maven-plugin-plugin:3.6.4:helpmojo (help-mojo) @ gwt-maven-plugin ---\n[93c0415d-d612-49b5-8b6c-a65117a77fad/windows]   | [INFO] \n[93c0415d-d612-49b5-8b6c-a65117a77fad/windows]   | [INFO] --- maven-plugin-plugin:3.6.4:helpmojo (help-mojo) @ gwt-maven-plugin ---\n[93c0415d-d612-49b5-8b6c-a65117a77fad/linux  ]   | [ERROR] \n[93c0415d-d612-49b5-8b6c-a65117a77fad/linux  ]   | \n[93c0415d-d612-49b5-8b6c-a65117a77fad/linux  ]   | Some dependencies of Maven Plugins are expected to be in provided scope.\n[93c0415d-d612-49b5-8b6c-a65117a77fad/linux  ]   | Please make sure that dependencies listed below declared in POM\n[93c0415d-d612-49b5-8b6c-a65117a77fad/linux  ]   | have set '<scope>provided</scope>' as well.\n[93c0415d-d612-49b5-8b6c-a65117a77fad/linux  ]   | \n[93c0415d-d612-49b5-8b6c-a65117a77fad/linux  ]   | The following dependencies are in wrong scope:\n[93c0415d-d612-49b5-8b6c-a65117a77fad/linux  ]   |  * org.apache.maven:maven-model:jar:3.3.1:compile\n[93c0415d-d612-49b5-8b6c-a65117a77fad/linux  ]   |  * org.apache.maven:maven-artifact:jar:3.3.1:compile\n[93c0415d-d612-49b5-8b6c-a65117a77fad/linux  ]   | \n[93c0415d-d612-49b5-8b6c-a65117a77fad/linux  ]   | \n[93c0415d-d612-49b5-8b6c-a65117a77fad/linux  ]   | \n[93c0415d-d612-49b5-8b6c-a65117a77fad/linux  ]   | [INFO] Using 'UTF-8' encoding to read mojo source files.\n[93c0415d-d612-49b5-8b6c-a65117a77fad/linux  ]   | [INFO] java-javadoc mojo extractor found 0 mojo descriptor.\n[93c0415d-d612-49b5-8b6c-a65117a77fad/linux  ]   | [INFO] ant mojo extractor found 0 mojo descriptor.\n[93c0415d-d612-49b5-8b6c-a65117a77fad/linux  ]   | [INFO] bsh mojo extractor found 0 mojo descriptor.\n[93c0415d-d612-49b5-8b6c-a65117a77fad/linux  ]   | [INFO] java-annotations mojo extractor found 0 mojo descriptor.\n[93c0415d-d612-49b5-8b6c-a65117a77fad/linux  ]   | [INFO] \n[93c0415d-d612-49b5-8b6c-a65117a77fad/linux  ]   | [INFO] --- maven-resources-plugin:2.6:resources (default-resources) @ gwt-maven-plugin ---\n[93c0415d-d612-49b5-8b6c-a65117a77fad/linux  ]   | [INFO] Using 'UTF-8' encoding to copy filtered resources.\n[93c0415d-d612-49b5-8b6c-a65117a77fad/linux  ]   | [INFO] Copying 2 resources\n[93c0415d-d612-49b5-8b6c-a65117a77fad/linux  ]   | [INFO] \n[93c0415d-d612-49b5-8b6c-a65117a77fad/linux  ]   | [INFO] --- maven-compiler-plugin:3.10.1:compile (default-compile) @ gwt-maven-plugin ---\n[93c0415d-d612-49b5-8b6c-a65117a77fad/linux  ]   | [INFO] Changes detected - recompiling the module!\n[93c0415d-d612-49b5-8b6c-a65117a77fad/linux  ]   | [INFO] Compiling 17 source files to /tmp/3d783ea4-1661-11ee-8a50-bb14de238602/tbroyer-gwt-maven-plugin/target/classes\n[93c0415d-d612-49b5-8b6c-a65117a77fad/windows]   | [ERROR] \n[93c0415d-d612-49b5-8b6c-a65117a77fad/windows]   | \n[93c0415d-d612-49b5-8b6c-a65117a77fad/windows]   | Some dependencies of Maven Plugins are expected to be in provided scope.\n[93c0415d-d612-49b5-8b6c-a65117a77fad/windows]   | Please make sure that dependencies listed below declared in POM\n[93c0415d-d612-49b5-8b6c-a65117a77fad/windows]   | have set '<scope>provided</scope>' as well.\n[93c0415d-d612-49b5-8b6c-a65117a77fad/windows]   | \n[93c0415d-d612-49b5-8b6c-a65117a77fad/windows]   | The following dependencies are in wrong scope:\n[93c0415d-d612-49b5-8b6c-a65117a77fad/windows]   |  * org.apache.maven:maven-model:jar:3.3.1:compile\n[93c0415d-d612-49b5-8b6c-a65117a77fad/windows]   |  * org.apache.maven:maven-artifact:jar:3.3.1:compile\n[93c0415d-d612-49b5-8b6c-a65117a77fad/windows]   | \n[93c0415d-d612-49b5-8b6c-a65117a77fad/windows]   | \n[93c0415d-d612-49b5-8b6c-a65117a77fad/windows]   | \n[93c0415d-d612-49b5-8b6c-a65117a77fad/windows]   | [INFO] Using 'UTF-8' encoding to read mojo source files.\n[93c0415d-d612-49b5-8b6c-a65117a77fad/windows]   | [INFO] java-javadoc mojo extractor found 0 mojo descriptor.\n[93c0415d-d612-49b5-8b6c-a65117a77fad/windows]   | [INFO] ant mojo extractor found 0 mojo descriptor.\n[93c0415d-d612-49b5-8b6c-a65117a77fad/windows]   | [INFO] bsh mojo extractor found 0 mojo descriptor.\n[93c0415d-d612-49b5-8b6c-a65117a77fad/linux  ]   | [INFO] \n[93c0415d-d612-49b5-8b6c-a65117a77fad/linux  ]   | [INFO] --- maven-plugin-plugin:3.6.4:descriptor (default-descriptor) @ gwt-maven-plugin ---\n[93c0415d-d612-49b5-8b6c-a65117a77fad/linux  ]   | [ERROR] \n[93c0415d-d612-49b5-8b6c-a65117a77fad/linux  ]   | \n[93c0415d-d612-49b5-8b6c-a65117a77fad/linux  ]   | Some dependencies of Maven Plugins are expected to be in provided scope.\n[93c0415d-d612-49b5-8b6c-a65117a77fad/linux  ]   | Please make sure that dependencies listed below declared in POM\n[93c0415d-d612-49b5-8b6c-a65117a77fad/linux  ]   | have set '<scope>provided</scope>' as well.\n[93c0415d-d612-49b5-8b6c-a65117a77fad/linux  ]   | \n[93c0415d-d612-49b5-8b6c-a65117a77fad/linux  ]   | The following dependencies are in wrong scope:\n[93c0415d-d612-49b5-8b6c-a65117a77fad/linux  ]   |  * org.apache.maven:maven-model:jar:3.3.1:compile\n[93c0415d-d612-49b5-8b6c-a65117a77fad/linux  ]   |  * org.apache.maven:maven-artifact:jar:3.3.1:compile\n[93c0415d-d612-49b5-8b6c-a65117a77fad/linux  ]   | \n[93c0415d-d612-49b5-8b6c-a65117a77fad/linux  ]   | \n[93c0415d-d612-49b5-8b6c-a65117a77fad/linux  ]   | \n[93c0415d-d612-49b5-8b6c-a65117a77fad/linux  ]   | [INFO] Using 'UTF-8' encoding to read mojo source files.\n[93c0415d-d612-49b5-8b6c-a65117a77fad/linux  ]   | [INFO] java-javadoc mojo extractor found 0 mojo descriptor.\n[93c0415d-d612-49b5-8b6c-a65117a77fad/linux  ]   | [INFO] ant mojo extractor found 0 mojo descriptor.\n[93c0415d-d612-49b5-8b6c-a65117a77fad/linux  ]   | [INFO] bsh mojo extractor found 0 mojo descriptor.\n[93c0415d-d612-49b5-8b6c-a65117a77fad/windows]   | [INFO] java-annotations mojo extractor found 4 mojo descriptors.\n[93c0415d-d612-49b5-8b6c-a65117a77fad/windows]   | [WARNING] \n[93c0415d-d612-49b5-8b6c-a65117a77fad/windows]   | \n[93c0415d-d612-49b5-8b6c-a65117a77fad/windows]   | A help goal (HelpMojo) already exists in this plugin. SKIPPED THE net.ltgt.gwt.maven.HelpMojo GENERATION.\n[93c0415d-d612-49b5-8b6c-a65117a77fad/windows]   | \n[93c0415d-d612-49b5-8b6c-a65117a77fad/windows]   | [INFO] \n[93c0415d-d612-49b5-8b6c-a65117a77fad/windows]   | [INFO] --- maven-resources-plugin:2.6:resources (default-resources) @ gwt-maven-plugin ---\n[93c0415d-d612-49b5-8b6c-a65117a77fad/linux  ]   | [WARNING] Deprecated @Component annotation for 'project' field in net.ltgt.gwt.maven.TestMojo: replace with @Parameter( defaultValue = \"${project}\", readonly = true )\n[93c0415d-d612-49b5-8b6c-a65117a77fad/linux  ]   | [WARNING] Deprecated @Component annotation for 'session' field in net.ltgt.gwt.maven.TestMojo: replace with @Parameter( defaultValue = \"${session}\", readonly = true )\n[93c0415d-d612-49b5-8b6c-a65117a77fad/linux  ]   | [INFO] java-annotations mojo extractor found 12 mojo descriptors.\n[93c0415d-d612-49b5-8b6c-a65117a77fad/linux  ]   | [INFO] \n[93c0415d-d612-49b5-8b6c-a65117a77fad/linux  ]   | [INFO] --- maven-resources-plugin:2.6:testResources (default-testResources) @ gwt-maven-plugin ---\n[93c0415d-d612-49b5-8b6c-a65117a77fad/linux  ]   | [INFO] Using 'UTF-8' encoding to copy filtered resources.\n[93c0415d-d612-49b5-8b6c-a65117a77fad/linux  ]   | [INFO] skip non existing resourceDirectory /tmp/3d783ea4-1661-11ee-8a50-bb14de238602/tbroyer-gwt-maven-plugin/src/test/resources\n[93c0415d-d612-49b5-8b6c-a65117a77fad/linux  ]   | [INFO] \n[93c0415d-d612-49b5-8b6c-a65117a77fad/linux  ]   | [INFO] --- maven-compiler-plugin:3.10.1:testCompile (default-testCompile) @ gwt-maven-plugin ---\n[93c0415d-d612-49b5-8b6c-a65117a77fad/linux  ]   | [INFO] No sources to compile\n[93c0415d-d612-49b5-8b6c-a65117a77fad/linux  ]   | [INFO] \n[93c0415d-d612-49b5-8b6c-a65117a77fad/linux  ]   | [INFO] --- maven-surefire-plugin:2.12.4:test (default-test) @ gwt-maven-plugin ---\n[93c0415d-d612-49b5-8b6c-a65117a77fad/windows]   | [INFO] Using 'UTF-8' encoding to copy filtered resources.\n[93c0415d-d612-49b5-8b6c-a65117a77fad/windows]   | [INFO] Copying 2 resources\n[93c0415d-d612-49b5-8b6c-a65117a77fad/windows]   | [INFO] \n[93c0415d-d612-49b5-8b6c-a65117a77fad/windows]   | [INFO] --- maven-compiler-plugin:3.10.1:compile (default-compile) @ gwt-maven-plugin ---\n[93c0415d-d612-49b5-8b6c-a65117a77fad/windows]   | [INFO] Changes detected - recompiling the module!\n[93c0415d-d612-49b5-8b6c-a65117a77fad/windows]   | [INFO] Compiling 17 source files to /tmp/3d783ea4-1661-11ee-8a50-bb14de238602/tbroyer-gwt-maven-plugin/target/classes\n[93c0415d-d612-49b5-8b6c-a65117a77fad/linux  ]   | [INFO] No tests to run.\n[93c0415d-d612-49b5-8b6c-a65117a77fad/linux  ]   | [INFO] \n[93c0415d-d612-49b5-8b6c-a65117a77fad/linux  ]   | [INFO] --- maven-jar-plugin:2.4:jar (default-jar) @ gwt-maven-plugin ---\n[93c0415d-d612-49b5-8b6c-a65117a77fad/linux  ]   | [INFO] Building jar: /tmp/3d783ea4-1661-11ee-8a50-bb14de238602/tbroyer-gwt-maven-plugin/target/gwt-maven-plugin-HEAD-SNAPSHOT.jar\n[93c0415d-d612-49b5-8b6c-a65117a77fad/linux  ]   | [INFO] \n[93c0415d-d612-49b5-8b6c-a65117a77fad/linux  ]   | [INFO] --- maven-plugin-plugin:3.6.4:addPluginArtifactMetadata (default-addPluginArtifactMetadata) @ gwt-maven-plugin ---\n[93c0415d-d612-49b5-8b6c-a65117a77fad/linux  ]   | [INFO] \n[93c0415d-d612-49b5-8b6c-a65117a77fad/linux  ]   | [INFO] --- maven-invoker-plugin:3.2.2:install (default) @ gwt-maven-plugin ---\n[93c0415d-d612-49b5-8b6c-a65117a77fad/windows]   | [INFO] \n[93c0415d-d612-49b5-8b6c-a65117a77fad/windows]   | [INFO] --- maven-plugin-plugin:3.6.4:descriptor (default-descriptor) @ gwt-maven-plugin ---\n[93c0415d-d612-49b5-8b6c-a65117a77fad/windows]   | [ERROR] \n[93c0415d-d612-49b5-8b6c-a65117a77fad/windows]   | \n[93c0415d-d612-49b5-8b6c-a65117a77fad/windows]   | Some dependencies of Maven Plugins are expected to be in provided scope.\n[93c0415d-d612-49b5-8b6c-a65117a77fad/windows]   | Please make sure that dependencies listed below declared in POM\n[93c0415d-d612-49b5-8b6c-a65117a77fad/windows]   | have set '<scope>provided</scope>' as well.\n[93c0415d-d612-49b5-8b6c-a65117a77fad/windows]   | \n[93c0415d-d612-49b5-8b6c-a65117a77fad/windows]   | The following dependencies are in wrong scope:\n[93c0415d-d612-49b5-8b6c-a65117a77fad/windows]   |  * org.apache.maven:maven-model:jar:3.3.1:compile\n[93c0415d-d612-49b5-8b6c-a65117a77fad/windows]   |  * org.apache.maven:maven-artifact:jar:3.3.1:compile\n[93c0415d-d612-49b5-8b6c-a65117a77fad/windows]   | \n[93c0415d-d612-49b5-8b6c-a65117a77fad/windows]   | \n[93c0415d-d612-49b5-8b6c-a65117a77fad/windows]   | \n[93c0415d-d612-49b5-8b6c-a65117a77fad/windows]   | [INFO] Using 'UTF-8' encoding to read mojo source files.\n[93c0415d-d612-49b5-8b6c-a65117a77fad/windows]   | [INFO] java-javadoc mojo extractor found 0 mojo descriptor.\n[93c0415d-d612-49b5-8b6c-a65117a77fad/windows]   | [INFO] ant mojo extractor found 0 mojo descriptor.\n[93c0415d-d612-49b5-8b6c-a65117a77fad/windows]   | [INFO] bsh mojo extractor found 0 mojo descriptor.\n[93c0415d-d612-49b5-8b6c-a65117a77fad/windows]   | [WARNING] Deprecated @Component annotation for 'project' field in net.ltgt.gwt.maven.TestMojo: replace with @Parameter( defaultValue = \"${project}\", readonly = true )\n[93c0415d-d612-49b5-8b6c-a65117a77fad/windows]   | [WARNING] Deprecated @Component annotation for 'session' field in net.ltgt.gwt.maven.TestMojo: replace with @Parameter( defaultValue = \"${session}\", readonly = true )\n[93c0415d-d612-49b5-8b6c-a65117a77fad/windows]   | [INFO] java-annotations mojo extractor found 12 mojo descriptors.\n[93c0415d-d612-49b5-8b6c-a65117a77fad/windows]   | [INFO] \n[93c0415d-d612-49b5-8b6c-a65117a77fad/windows]   | [INFO] --- maven-resources-plugin:2.6:testResources (default-testResources) @ gwt-maven-plugin ---\n[93c0415d-d612-49b5-8b6c-a65117a77fad/windows]   | [INFO] Using 'UTF-8' encoding to copy filtered resources.\n[93c0415d-d612-49b5-8b6c-a65117a77fad/windows]   | [INFO] skip non existing resourceDirectory /tmp/3d783ea4-1661-11ee-8a50-bb14de238602/tbroyer-gwt-maven-plugin/src/test/resources\n[93c0415d-d612-49b5-8b6c-a65117a77fad/windows]   | [INFO] \n[93c0415d-d612-49b5-8b6c-a65117a77fad/windows]   | [INFO] --- maven-compiler-plugin:3.10.1:testCompile (default-testCompile) @ gwt-maven-plugin ---\n[93c0415d-d612-49b5-8b6c-a65117a77fad/windows]   | [INFO] No sources to compile\n[93c0415d-d612-49b5-8b6c-a65117a77fad/windows]   | [INFO] \n[93c0415d-d612-49b5-8b6c-a65117a77fad/windows]   | [INFO] --- maven-surefire-plugin:2.12.4:test (default-test) @ gwt-maven-plugin ---\n[93c0415d-d612-49b5-8b6c-a65117a77fad/windows]   | [INFO] No tests to run.\n[93c0415d-d612-49b5-8b6c-a65117a77fad/windows]   | [INFO] \n[93c0415d-d612-49b5-8b6c-a65117a77fad/windows]   | [INFO] --- maven-jar-plugin:2.4:jar (default-jar) @ gwt-maven-plugin ---\n[93c0415d-d612-49b5-8b6c-a65117a77fad/windows]   | [INFO] Building jar: /tmp/3d783ea4-1661-11ee-8a50-bb14de238602/tbroyer-gwt-maven-plugin/target/gwt-maven-plugin-HEAD-SNAPSHOT.jar\n[93c0415d-d612-49b5-8b6c-a65117a77fad/windows]   | [INFO] \n[93c0415d-d612-49b5-8b6c-a65117a77fad/windows]   | [INFO] --- maven-plugin-plugin:3.6.4:addPluginArtifactMetadata (default-addPluginArtifactMetadata) @ gwt-maven-plugin ---\n[93c0415d-d612-49b5-8b6c-a65117a77fad/windows]   | [INFO] \n[93c0415d-d612-49b5-8b6c-a65117a77fad/windows]   | [INFO] --- maven-invoker-plugin:3.2.2:install (default) @ gwt-maven-plugin ---\n[93c0415d-d612-49b5-8b6c-a65117a77fad/linux  ]   | [INFO] Installing /tmp/3d783ea4-1661-11ee-8a50-bb14de238602/tbroyer-gwt-maven-plugin/pom.xml to /tmp/3d783ea4-1661-11ee-8a50-bb14de238602/tbroyer-gwt-maven-plugin/target/it-repo/net/ltgt/gwt/maven/gwt-maven-plugin/HEAD-SNAPSHOT/gwt-maven-plugin-HEAD-SNAPSHOT.pom\n[93c0415d-d612-49b5-8b6c-a65117a77fad/linux  ]   | [INFO] Installing /tmp/3d783ea4-1661-11ee-8a50-bb14de238602/tbroyer-gwt-maven-plugin/target/gwt-maven-plugin-HEAD-SNAPSHOT.jar to /tmp/3d783ea4-1661-11ee-8a50-bb14de238602/tbroyer-gwt-maven-plugin/target/it-repo/net/ltgt/gwt/maven/gwt-maven-plugin/HEAD-SNAPSHOT/gwt-maven-plugin-HEAD-SNAPSHOT.jar\n[93c0415d-d612-49b5-8b6c-a65117a77fad/windows]   | [INFO] Installing /tmp/3d783ea4-1661-11ee-8a50-bb14de238602/tbroyer-gwt-maven-plugin/pom.xml to /tmp/3d783ea4-1661-11ee-8a50-bb14de238602/tbroyer-gwt-maven-plugin/target/it-repo/net/ltgt/gwt/maven/gwt-maven-plugin/HEAD-SNAPSHOT/gwt-maven-plugin-HEAD-SNAPSHOT.pom\n[93c0415d-d612-49b5-8b6c-a65117a77fad/windows]   | [INFO] Installing /tmp/3d783ea4-1661-11ee-8a50-bb14de238602/tbroyer-gwt-maven-plugin/target/gwt-maven-plugin-HEAD-SNAPSHOT.jar to /tmp/3d783ea4-1661-11ee-8a50-bb14de238602/tbroyer-gwt-maven-plugin/target/it-repo/net/ltgt/gwt/maven/gwt-maven-plugin/HEAD-SNAPSHOT/gwt-maven-plugin-HEAD-SNAPSHOT.jar\n[93c0415d-d612-49b5-8b6c-a65117a77fad/linux  ]   | [INFO] \n[93c0415d-d612-49b5-8b6c-a65117a77fad/linux  ]   | [INFO] --- maven-invoker-plugin:3.2.2:integration-test (default) @ gwt-maven-plugin ---\n[93c0415d-d612-49b5-8b6c-a65117a77fad/windows]   | [INFO] \n[93c0415d-d612-49b5-8b6c-a65117a77fad/windows]   | [INFO] --- maven-invoker-plugin:3.2.2:integration-test (default) @ gwt-maven-plugin ---\n[93c0415d-d612-49b5-8b6c-a65117a77fad/linux  ]   | [INFO] Building: skipCompilation/pom.xml\n[93c0415d-d612-49b5-8b6c-a65117a77fad/linux  ]   | [INFO] run post-build script postbuild.groovy\n[93c0415d-d612-49b5-8b6c-a65117a77fad/windows]   | [INFO] Building: skipCompilation/pom.xml\n[93c0415d-d612-49b5-8b6c-a65117a77fad/linux  ]   | [INFO]   The post-build script returned false.\n[93c0415d-d612-49b5-8b6c-a65117a77fad/linux  ]   | [INFO]           skipCompilation/pom.xml .......................... FAILED (0.7 s)\n[93c0415d-d612-49b5-8b6c-a65117a77fad/linux  ]   | [INFO] Building: gwt-lib/pom.xml\n[93c0415d-d612-49b5-8b6c-a65117a77fad/windows]   | [INFO] run post-build script postbuild.groovy\n[93c0415d-d612-49b5-8b6c-a65117a77fad/windows]   | WARNING: An illegal reflective access operation has occurred\n[93c0415d-d612-49b5-8b6c-a65117a77fad/windows]   | WARNING: Illegal reflective access by org.codehaus.groovy.reflection.CachedClass (file:/home/runneradmin/.m2/repository/org/codehaus/groovy/groovy-all/2.4.21/groovy-all-2.4.21.jar) to method java.lang.Object.finalize()\n[93c0415d-d612-49b5-8b6c-a65117a77fad/windows]   | WARNING: Please consider reporting this to the maintainers of org.codehaus.groovy.reflection.CachedClass\n[93c0415d-d612-49b5-8b6c-a65117a77fad/windows]   | WARNING: Use --illegal-access=warn to enable warnings of further illegal reflective access operations\n[93c0415d-d612-49b5-8b6c-a65117a77fad/windows]   | WARNING: All illegal access operations will be denied in a future release\n[93c0415d-d612-49b5-8b6c-a65117a77fad/windows]   | [INFO]           skipCompilation/pom.xml .......................... SUCCESS (8.8 s)\n[93c0415d-d612-49b5-8b6c-a65117a77fad/windows]   | [INFO] Building: gwt-lib/pom.xml\n[93c0415d-d612-49b5-8b6c-a65117a77fad/linux  ]   | [INFO] run post-build script postbuild.groovy\n[93c0415d-d612-49b5-8b6c-a65117a77fad/linux  ]   | [INFO]           gwt-lib/pom.xml .................................. SUCCESS (28.5 s)\n[93c0415d-d612-49b5-8b6c-a65117a77fad/linux  ]   | [INFO] Building: forceCompilation/pom.xml\n[93c0415d-d612-49b5-8b6c-a65117a77fad/windows]   | [INFO] run post-build script postbuild.groovy\n[93c0415d-d612-49b5-8b6c-a65117a77fad/windows]   | [INFO]           gwt-lib/pom.xml .................................. SUCCESS (26.1 s)\n[93c0415d-d612-49b5-8b6c-a65117a77fad/windows]   | [INFO] Building: forceCompilation/pom.xml\n[93c0415d-d612-49b5-8b6c-a65117a77fad/linux  ]   | [INFO] run post-build script postbuild.groovy\n[93c0415d-d612-49b5-8b6c-a65117a77fad/linux  ]   | [INFO]   The post-build script returned false.\n[93c0415d-d612-49b5-8b6c-a65117a77fad/linux  ]   | [INFO]           forceCompilation/pom.xml ......................... FAILED (34.8 s)\n[93c0415d-d612-49b5-8b6c-a65117a77fad/linux  ]   | [INFO] Building: staleness-check-2/pom.xml\n[93c0415d-d612-49b5-8b6c-a65117a77fad/windows]   | [INFO] run post-build script postbuild.groovy\n[93c0415d-d612-49b5-8b6c-a65117a77fad/windows]   | [INFO]   The post-build script returned false.\n[93c0415d-d612-49b5-8b6c-a65117a77fad/windows]   | [INFO]           forceCompilation/pom.xml ......................... FAILED (36.3 s)\n[93c0415d-d612-49b5-8b6c-a65117a77fad/windows]   | [INFO] Building: staleness-check-2/pom.xml\n[93c0415d-d612-49b5-8b6c-a65117a77fad/windows]   | [INFO] run post-build script postbuild.groovy\n[93c0415d-d612-49b5-8b6c-a65117a77fad/windows]   | [INFO]   The post-build script returned false.\n[93c0415d-d612-49b5-8b6c-a65117a77fad/windows]   | [INFO]           staleness-check-2/pom.xml ........................ FAILED (22.9 s)\n[93c0415d-d612-49b5-8b6c-a65117a77fad/windows]   | [INFO] Building: staleness-check/pom.xml\n[93c0415d-d612-49b5-8b6c-a65117a77fad/linux  ]   | [INFO] run post-build script postbuild.groovy\n[93c0415d-d612-49b5-8b6c-a65117a77fad/linux  ]   | [INFO]   The post-build script returned false.\n[93c0415d-d612-49b5-8b6c-a65117a77fad/linux  ]   | [INFO]           staleness-check-2/pom.xml ........................ FAILED (36.6 s)\n[93c0415d-d612-49b5-8b6c-a65117a77fad/linux  ]   | [INFO] Building: staleness-check/pom.xml\n[93c0415d-d612-49b5-8b6c-a65117a77fad/windows]   | [INFO] run post-build script postbuild.groovy\n[93c0415d-d612-49b5-8b6c-a65117a77fad/windows]   | [INFO]   The post-build script returned false.\n[93c0415d-d612-49b5-8b6c-a65117a77fad/windows]   | [INFO]           staleness-check/pom.xml .......................... FAILED (21.9 s)\n[93c0415d-d612-49b5-8b6c-a65117a77fad/windows]   | [INFO] Building: gwt-app/pom.xml\n[93c0415d-d612-49b5-8b6c-a65117a77fad/linux  ]   | [INFO] run post-build script postbuild.groovy\n[93c0415d-d612-49b5-8b6c-a65117a77fad/linux  ]   | [INFO]   The post-build script returned false.\n[93c0415d-d612-49b5-8b6c-a65117a77fad/linux  ]   | [INFO]           staleness-check/pom.xml .......................... FAILED (19.9 s)\n[93c0415d-d612-49b5-8b6c-a65117a77fad/linux  ]   | [INFO] Building: gwt-app/pom.xml\n[93c0415d-d612-49b5-8b6c-a65117a77fad/windows]   | [INFO] run post-build script postbuild.groovy\n[93c0415d-d612-49b5-8b6c-a65117a77fad/windows]   | [INFO]           gwt-app/pom.xml .................................. SUCCESS (42.2 s)\n[93c0415d-d612-49b5-8b6c-a65117a77fad/windows]   | [INFO] Building: e2e/pom.xml\n[93c0415d-d612-49b5-8b6c-a65117a77fad/linux  ]   | [INFO] run post-build script postbuild.groovy\n[93c0415d-d612-49b5-8b6c-a65117a77fad/linux  ]   | [INFO]           gwt-app/pom.xml .................................. SUCCESS (37.9 s)\n[93c0415d-d612-49b5-8b6c-a65117a77fad/linux  ]   | [INFO] Building: e2e/pom.xml\n[93c0415d-d612-49b5-8b6c-a65117a77fad/windows]   | [INFO] run post-build script postbuild.groovy\n[93c0415d-d612-49b5-8b6c-a65117a77fad/windows]   | [INFO]   The post-build script returned false.\n[93c0415d-d612-49b5-8b6c-a65117a77fad/windows]   | [INFO]           e2e/pom.xml ...................................... FAILED (6.0 s)\n[93c0415d-d612-49b5-8b6c-a65117a77fad/windows]   | [INFO] \n[93c0415d-d612-49b5-8b6c-a65117a77fad/windows]   | [INFO] --- maven-invoker-plugin:3.2.2:verify (default) @ gwt-maven-plugin ---\n[93c0415d-d612-49b5-8b6c-a65117a77fad/windows]   | [INFO] -------------------------------------------------\n[93c0415d-d612-49b5-8b6c-a65117a77fad/windows]   | [INFO] Build Summary:\n[93c0415d-d612-49b5-8b6c-a65117a77fad/windows]   | [INFO]   Passed: 3, Failed: 4, Errors: 0, Skipped: 0\n[93c0415d-d612-49b5-8b6c-a65117a77fad/windows]   | [INFO] -------------------------------------------------\n[93c0415d-d612-49b5-8b6c-a65117a77fad/windows]   | [ERROR] The following builds failed:\n[93c0415d-d612-49b5-8b6c-a65117a77fad/windows]   | [ERROR] *  staleness-check/pom.xml\n[93c0415d-d612-49b5-8b6c-a65117a77fad/windows]   | [ERROR] *  forceCompilation/pom.xml\n[93c0415d-d612-49b5-8b6c-a65117a77fad/windows]   | [ERROR] *  e2e/pom.xml\n[93c0415d-d612-49b5-8b6c-a65117a77fad/windows]   | [ERROR] *  staleness-check-2/pom.xml\n[93c0415d-d612-49b5-8b6c-a65117a77fad/windows]   | [INFO] -------------------------------------------------\n[93c0415d-d612-49b5-8b6c-a65117a77fad/windows]   | [INFO] ------------------------------------------------------------------------\n[93c0415d-d612-49b5-8b6c-a65117a77fad/windows]   | [INFO] BUILD FAILURE\n[93c0415d-d612-49b5-8b6c-a65117a77fad/windows]   | [INFO] ------------------------------------------------------------------------\n[93c0415d-d612-49b5-8b6c-a65117a77fad/windows]   | [INFO] Total time:  03:21 min\n[93c0415d-d612-49b5-8b6c-a65117a77fad/windows]   | [INFO] Finished at: 2023-06-29T10:31:48Z\n[93c0415d-d612-49b5-8b6c-a65117a77fad/windows]   | [INFO] ------------------------------------------------------------------------\n[93c0415d-d612-49b5-8b6c-a65117a77fad/windows]   | [ERROR] Failed to execute goal org.apache.maven.plugins:maven-invoker-plugin:3.2.2:verify (default) on project gwt-maven-plugin: 4 builds failed. See console output above for details. -> [Help 1]\n[93c0415d-d612-49b5-8b6c-a65117a77fad/windows]   | [ERROR] \n[93c0415d-d612-49b5-8b6c-a65117a77fad/windows]   | [ERROR] To see the full stack trace of the errors, re-run Maven with the -e switch.\n[93c0415d-d612-49b5-8b6c-a65117a77fad/windows]   | [ERROR] Re-run Maven using the -X switch to enable full debug logging.\n[93c0415d-d612-49b5-8b6c-a65117a77fad/windows]   | [ERROR] \n[93c0415d-d612-49b5-8b6c-a65117a77fad/windows]   | [ERROR] For more information about the errors and possible solutions, please read the following articles:\n[93c0415d-d612-49b5-8b6c-a65117a77fad/windows]   | [ERROR] [Help 1] http://cwiki.apache.org/confluence/display/MAVEN/MojoFailureException\n[93c0415d-d612-49b5-8b6c-a65117a77fad/windows]   \u274c  Failure - Main Build with Maven\n[93c0415d-d612-49b5-8b6c-a65117a77fad/windows] exitcode '1': failure\n[93c0415d-d612-49b5-8b6c-a65117a77fad/windows] \u2b50 Run Main Store reports\n[93c0415d-d612-49b5-8b6c-a65117a77fad/windows]   \ud83d\udc33  docker cp src=/tmp/act-cache/93c31573-2a81-4cb1-9d86-d72ca2a637f0/act/actions-upload-artifact@v3/ dst=/var/run/act/actions/actions-upload-artifact@v3/\n[93c0415d-d612-49b5-8b6c-a65117a77fad/windows]   \ud83d\udc33  docker exec cmd=[chown -R 1012:1013 /var/run/act/actions/actions-upload-artifact@v3/] user=0 workdir=\n[93c0415d-d612-49b5-8b6c-a65117a77fad/windows]   \ud83d\udc33  docker exec cmd=[node /var/run/act/actions/actions-upload-artifact@v3/dist/index.js] user= workdir=\n[93c0415d-d612-49b5-8b6c-a65117a77fad/windows]   \ud83d\udcac  ::debug::followSymbolicLinks 'true'\n[93c0415d-d612-49b5-8b6c-a65117a77fad/windows]   \ud83d\udcac  ::debug::implicitDescendants 'true'\n[93c0415d-d612-49b5-8b6c-a65117a77fad/windows]   \ud83d\udcac  ::debug::omitBrokenSymbolicLinks 'true'\n[93c0415d-d612-49b5-8b6c-a65117a77fad/windows]   \ud83d\udcac  ::debug::followSymbolicLinks 'true'\n[93c0415d-d612-49b5-8b6c-a65117a77fad/windows]   \ud83d\udcac  ::debug::implicitDescendants 'true'\n[93c0415d-d612-49b5-8b6c-a65117a77fad/windows]   \ud83d\udcac  ::debug::matchDirectories 'true'\n[93c0415d-d612-49b5-8b6c-a65117a77fad/windows]   \ud83d\udcac  ::debug::omitBrokenSymbolicLinks 'true'\n[93c0415d-d612-49b5-8b6c-a65117a77fad/windows]   \ud83d\udcac  ::debug::Search path '/tmp/3d783ea4-1661-11ee-8a50-bb14de238602/tbroyer-gwt-maven-plugin/target/it-tests'\n[93c0415d-d612-49b5-8b6c-a65117a77fad/windows]   \ud83d\udcac  ::debug::File:/tmp/3d783ea4-1661-11ee-8a50-bb14de238602/tbroyer-gwt-maven-plugin/target/it-tests/e2e/build.log was found using the provided searchPath\n[93c0415d-d612-49b5-8b6c-a65117a77fad/windows]   \ud83d\udcac  ::debug::File:/tmp/3d783ea4-1661-11ee-8a50-bb14de238602/tbroyer-gwt-maven-plugin/target/it-tests/forceCompilation/build.log was found using the provided searchPath\n[93c0415d-d612-49b5-8b6c-a65117a77fad/windows]   \ud83d\udcac  ::debug::File:/tmp/3d783ea4-1661-11ee-8a50-bb14de238602/tbroyer-gwt-maven-plugin/target/it-tests/gwt-app/build.log was found using the provided searchPath\n[93c0415d-d612-49b5-8b6c-a65117a77fad/windows]   \ud83d\udcac  ::debug::File:/tmp/3d783ea4-1661-11ee-8a50-bb14de238602/tbroyer-gwt-maven-plugin/target/it-tests/gwt-lib/build.log was found using the provided searchPath\n[93c0415d-d612-49b5-8b6c-a65117a77fad/windows]   \ud83d\udcac  ::debug::File:/tmp/3d783ea4-1661-11ee-8a50-bb14de238602/tbroyer-gwt-maven-plugin/target/it-tests/skipCompilation/build.log was found using the provided searchPath\n[93c0415d-d612-49b5-8b6c-a65117a77fad/windows]   \ud83d\udcac  ::debug::File:/tmp/3d783ea4-1661-11ee-8a50-bb14de238602/tbroyer-gwt-maven-plugin/target/it-tests/staleness-check/build.log was found using the provided searchPath\n[93c0415d-d612-49b5-8b6c-a65117a77fad/windows]   \ud83d\udcac  ::debug::File:/tmp/3d783ea4-1661-11ee-8a50-bb14de238602/tbroyer-gwt-maven-plugin/target/it-tests/staleness-check-2/build.log was found using the provided searchPath\n[93c0415d-d612-49b5-8b6c-a65117a77fad/windows]   | With the provided path, there will be 7 files uploaded\n[93c0415d-d612-49b5-8b6c-a65117a77fad/windows]   \ud83d\udcac  ::debug::Root artifact directory is /tmp/3d783ea4-1661-11ee-8a50-bb14de238602/tbroyer-gwt-maven-plugin/target/it-tests\n[93c0415d-d612-49b5-8b6c-a65117a77fad/windows]   | Starting artifact upload\n[93c0415d-d612-49b5-8b6c-a65117a77fad/windows]   | For more detailed logs during the artifact upload process, enable step-debugging: https://docs.github.com/actions/monitoring-and-troubleshooting-workflows/enabling-debug-logging#enabling-step-debug-logging\n[93c0415d-d612-49b5-8b6c-a65117a77fad/windows]   | Artifact name is valid!\n[93c0415d-d612-49b5-8b6c-a65117a77fad/windows]   \u2757  ::error::Unable to get ACTIONS_RUNTIME_TOKEN env variable\n[93c0415d-d612-49b5-8b6c-a65117a77fad/windows]   \u274c  Failure - Main Store reports\n[93c0415d-d612-49b5-8b6c-a65117a77fad/windows] exitcode '1': failure\n[93c0415d-d612-49b5-8b6c-a65117a77fad/windows] \u2b50 Run Post actions/setup-java@v3\n[93c0415d-d612-49b5-8b6c-a65117a77fad/windows]   \ud83d\udc33  docker exec cmd=[node /var/run/act/actions/actions-setup-java@v3/dist/cleanup/index.js] user= workdir=\n[93c0415d-d612-49b5-8b6c-a65117a77fad/windows]   \u2705  Success - Post actions/setup-java@v3\n[93c0415d-d612-49b5-8b6c-a65117a77fad/windows] \ud83c\udfc1  Job failed\n[93c0415d-d612-49b5-8b6c-a65117a77fad/linux  ]   | [INFO] run post-build script postbuild.groovy\n[93c0415d-d612-49b5-8b6c-a65117a77fad/linux  ]   | [INFO]           e2e/pom.xml ...................................... SUCCESS (27.4 s)\n[93c0415d-d612-49b5-8b6c-a65117a77fad/linux  ]   | [INFO] \n[93c0415d-d612-49b5-8b6c-a65117a77fad/linux  ]   | [INFO] --- maven-invoker-plugin:3.2.2:verify (default) @ gwt-maven-plugin ---\n[93c0415d-d612-49b5-8b6c-a65117a77fad/linux  ]   | [INFO] -------------------------------------------------\n[93c0415d-d612-49b5-8b6c-a65117a77fad/linux  ]   | [INFO] Build Summary:\n[93c0415d-d612-49b5-8b6c-a65117a77fad/linux  ]   | [INFO]   Passed: 4, Failed: 3, Errors: 0, Skipped: 0\n[93c0415d-d612-49b5-8b6c-a65117a77fad/linux  ]   | [INFO] -------------------------------------------------\n[93c0415d-d612-49b5-8b6c-a65117a77fad/linux  ]   | [ERROR] The following builds failed:\n[93c0415d-d612-49b5-8b6c-a65117a77fad/linux  ]   | [ERROR] *  staleness-check/pom.xml\n[93c0415d-d612-49b5-8b6c-a65117a77fad/linux  ]   | [ERROR] *  forceCompilation/pom.xml\n[93c0415d-d612-49b5-8b6c-a65117a77fad/linux  ]   | [ERROR] *  staleness-check-2/pom.xml\n[93c0415d-d612-49b5-8b6c-a65117a77fad/linux  ]   | [INFO] -------------------------------------------------\n[93c0415d-d612-49b5-8b6c-a65117a77fad/linux  ]   | [INFO] ------------------------------------------------------------------------\n[93c0415d-d612-49b5-8b6c-a65117a77fad/linux  ]   | [INFO] BUILD FAILURE\n[93c0415d-d612-49b5-8b6c-a65117a77fad/linux  ]   | [INFO] ------------------------------------------------------------------------\n[93c0415d-d612-49b5-8b6c-a65117a77fad/linux  ]   | [INFO] Total time:  03:44 min\n[93c0415d-d612-49b5-8b6c-a65117a77fad/linux  ]   | [INFO] Finished at: 2023-06-29T10:32:10Z\n[93c0415d-d612-49b5-8b6c-a65117a77fad/linux  ]   | [INFO] ------------------------------------------------------------------------\n[93c0415d-d612-49b5-8b6c-a65117a77fad/linux  ]   | [ERROR] Failed to execute goal org.apache.maven.plugins:maven-invoker-plugin:3.2.2:verify (default) on project gwt-maven-plugin: 3 builds failed. See console output above for details. -> [Help 1]\n[93c0415d-d612-49b5-8b6c-a65117a77fad/linux  ]   | [ERROR] \n[93c0415d-d612-49b5-8b6c-a65117a77fad/linux  ]   | [ERROR] To see the full stack trace of the errors, re-run Maven with the -e switch.\n[93c0415d-d612-49b5-8b6c-a65117a77fad/linux  ]   | [ERROR] Re-run Maven using the -X switch to enable full debug logging.\n[93c0415d-d612-49b5-8b6c-a65117a77fad/linux  ]   | [ERROR] \n[93c0415d-d612-49b5-8b6c-a65117a77fad/linux  ]   | [ERROR] For more information about the errors and possible solutions, please read the following articles:\n[93c0415d-d612-49b5-8b6c-a65117a77fad/linux  ]   | [ERROR] [Help 1] http://cwiki.apache.org/confluence/display/MAVEN/MojoFailureException\n[93c0415d-d612-49b5-8b6c-a65117a77fad/linux  ]   \u274c  Failure - Main Build with Maven\n[93c0415d-d612-49b5-8b6c-a65117a77fad/linux  ] exitcode '1': failure\n[93c0415d-d612-49b5-8b6c-a65117a77fad/linux  ] \u2b50 Run Main Store reports\n[93c0415d-d612-49b5-8b6c-a65117a77fad/linux  ]   \ud83d\udc33  docker cp src=/tmp/act-cache/93c31573-2a81-4cb1-9d86-d72ca2a637f0/act/actions-upload-artifact@v3/ dst=/var/run/act/actions/actions-upload-artifact@v3/\n[93c0415d-d612-49b5-8b6c-a65117a77fad/linux  ]   \ud83d\udc33  docker exec cmd=[chown -R 1012:1013 /var/run/act/actions/actions-upload-artifact@v3/] user=0 workdir=\n[93c0415d-d612-49b5-8b6c-a65117a77fad/linux  ]   \ud83d\udc33  docker exec cmd=[node /var/run/act/actions/actions-upload-artifact@v3/dist/index.js] user= workdir=\n[93c0415d-d612-49b5-8b6c-a65117a77fad/linux  ]   \ud83d\udcac  ::debug::followSymbolicLinks 'true'\n[93c0415d-d612-49b5-8b6c-a65117a77fad/linux  ]   \ud83d\udcac  ::debug::implicitDescendants 'true'\n[93c0415d-d612-49b5-8b6c-a65117a77fad/linux  ]   \ud83d\udcac  ::debug::omitBrokenSymbolicLinks 'true'\n[93c0415d-d612-49b5-8b6c-a65117a77fad/linux  ]   \ud83d\udcac  ::debug::followSymbolicLinks 'true'\n[93c0415d-d612-49b5-8b6c-a65117a77fad/linux  ]   \ud83d\udcac  ::debug::implicitDescendants 'true'\n[93c0415d-d612-49b5-8b6c-a65117a77fad/linux  ]   \ud83d\udcac  ::debug::matchDirectories 'true'\n[93c0415d-d612-49b5-8b6c-a65117a77fad/linux  ]   \ud83d\udcac  ::debug::omitBrokenSymbolicLinks 'true'\n[93c0415d-d612-49b5-8b6c-a65117a77fad/linux  ]   \ud83d\udcac  ::debug::Search path '/tmp/3d783ea4-1661-11ee-8a50-bb14de238602/tbroyer-gwt-maven-plugin/target/it-tests'\n[93c0415d-d612-49b5-8b6c-a65117a77fad/linux  ]   \ud83d\udcac  ::debug::File:/tmp/3d783ea4-1661-11ee-8a50-bb14de238602/tbroyer-gwt-maven-plugin/target/it-tests/e2e/build.log was found using the provided searchPath\n[93c0415d-d612-49b5-8b6c-a65117a77fad/linux  ]   \ud83d\udcac  ::debug::File:/tmp/3d783ea4-1661-11ee-8a50-bb14de238602/tbroyer-gwt-maven-plugin/target/it-tests/forceCompilation/build.log was found using the provided searchPath\n[93c0415d-d612-49b5-8b6c-a65117a77fad/linux  ]   \ud83d\udcac  ::debug::File:/tmp/3d783ea4-1661-11ee-8a50-bb14de238602/tbroyer-gwt-maven-plugin/target/it-tests/gwt-app/build.log was found using the provided searchPath\n[93c0415d-d612-49b5-8b6c-a65117a77fad/linux  ]   \ud83d\udcac  ::debug::File:/tmp/3d783ea4-1661-11ee-8a50-bb14de238602/tbroyer-gwt-maven-plugin/target/it-tests/gwt-lib/build.log was found using the provided searchPath\n[93c0415d-d612-49b5-8b6c-a65117a77fad/linux  ]   \ud83d\udcac  ::debug::File:/tmp/3d783ea4-1661-11ee-8a50-bb14de238602/tbroyer-gwt-maven-plugin/target/it-tests/skipCompilation/build.log was found using the provided searchPath\n[93c0415d-d612-49b5-8b6c-a65117a77fad/linux  ]   \ud83d\udcac  ::debug::File:/tmp/3d783ea4-1661-11ee-8a50-bb14de238602/tbroyer-gwt-maven-plugin/target/it-tests/staleness-check/build.log was found using the provided searchPath\n[93c0415d-d612-49b5-8b6c-a65117a77fad/linux  ]   \ud83d\udcac  ::debug::File:/tmp/3d783ea4-1661-11ee-8a50-bb14de238602/tbroyer-gwt-maven-plugin/target/it-tests/staleness-check-2/build.log was found using the provided searchPath\n[93c0415d-d612-49b5-8b6c-a65117a77fad/linux  ]   | With the provided path, there will be 7 files uploaded\n[93c0415d-d612-49b5-8b6c-a65117a77fad/linux  ]   \ud83d\udcac  ::debug::Root artifact directory is /tmp/3d783ea4-1661-11ee-8a50-bb14de238602/tbroyer-gwt-maven-plugin/target/it-tests\n[93c0415d-d612-49b5-8b6c-a65117a77fad/linux  ]   | Starting artifact upload\n[93c0415d-d612-49b5-8b6c-a65117a77fad/linux  ]   | For more detailed logs during the artifact upload process, enable step-debugging: https://docs.github.com/actions/monitoring-and-troubleshooting-workflows/enabling-debug-logging#enabling-step-debug-logging\n[93c0415d-d612-49b5-8b6c-a65117a77fad/linux  ]   | Artifact name is valid!\n[93c0415d-d612-49b5-8b6c-a65117a77fad/linux  ]   \u2757  ::error::Unable to get ACTIONS_RUNTIME_TOKEN env variable\n[93c0415d-d612-49b5-8b6c-a65117a77fad/linux  ]   \u274c  Failure - Main Store reports\n[93c0415d-d612-49b5-8b6c-a65117a77fad/linux  ] exitcode '1': failure\n[93c0415d-d612-49b5-8b6c-a65117a77fad/linux  ] \u2b50 Run Post actions/setup-java@v3\n[93c0415d-d612-49b5-8b6c-a65117a77fad/linux  ]   \ud83d\udc33  docker exec cmd=[node /var/run/act/actions/actions-setup-java@v3/dist/cleanup/index.js] user= workdir=\n[93c0415d-d612-49b5-8b6c-a65117a77fad/linux  ]   \u2705  Success - Post actions/setup-java@v3\n[93c0415d-d612-49b5-8b6c-a65117a77fad/linux  ] \ud83c\udfc1  Job failed\n",
        "stderr": "Error: Job 'linux' failed\n",
        "workflow": "/tmp/3d783ea4-1661-11ee-8a50-bb14de238602/tbroyer-gwt-maven-plugin/.github/workflows/maven-crawler.yml",
        "build_tool": "maven",
        "elapsed_time": 326.089243888855
    }
}