{
    "repository": "TeamLapen/Vampirism",
    "stars": 155,
    "language": "java",
    "size": 128907,
    "clone_url": "https://github.com/TeamLapen/Vampirism.git",
    "timestamp": "2023-06-29T11:23:08.789061Z",
    "clone_success": true,
    "number_of_actions": 1,
    "number_of_test_actions": 1,
    "actions_successful": false,
    "actions_build_tools": [
        "gradle"
    ],
    "actions_test_build_tools": [
        "gradle"
    ],
    "actions_run": {
        "failed": true,
        "tests": [],
        "stdout": "[8df05d56-3f43-4c79-9b62-7a7b7f625f3f/build] \ud83d\ude80  Start image=crawlergpt:latest\n[8df05d56-3f43-4c79-9b62-7a7b7f625f3f/build]   \ud83d\udc33  docker pull image=crawlergpt:latest platform= username= forcePull=false\n[8df05d56-3f43-4c79-9b62-7a7b7f625f3f/build]   \ud83d\udc33  docker create image=crawlergpt:latest platform= entrypoint=[\"tail\" \"-f\" \"/dev/null\"] cmd=[]\n[8df05d56-3f43-4c79-9b62-7a7b7f625f3f/build]   \ud83d\udc33  docker run image=crawlergpt:latest platform= entrypoint=[\"tail\" \"-f\" \"/dev/null\"] cmd=[]\n[8df05d56-3f43-4c79-9b62-7a7b7f625f3f/build]   \ud83d\udc33  docker exec cmd=[chown -R 1012:1013 /tmp/3d783ea4-1661-11ee-8a50-bb14de238602/TeamLapen-Vampirism] user=0 workdir=\n[8df05d56-3f43-4c79-9b62-7a7b7f625f3f/build]   \u2601  git clone 'https://github.com/actions/setup-java' # ref=v3.1.0\n[8df05d56-3f43-4c79-9b62-7a7b7f625f3f/build] \u2b50 Run Main actions/checkout@v3\n[8df05d56-3f43-4c79-9b62-7a7b7f625f3f/build]   \u2705  Success - Main actions/checkout@v3\n[8df05d56-3f43-4c79-9b62-7a7b7f625f3f/build] \u2b50 Run Main Setup Java JDK\n[8df05d56-3f43-4c79-9b62-7a7b7f625f3f/build]   \ud83d\udc33  docker cp src=/tmp/act-cache/5275886c-3b29-4d28-a410-14a032d6ed8d/act/actions-setup-java@v3.1.0/ dst=/var/run/act/actions/actions-setup-java@v3.1.0/\n[8df05d56-3f43-4c79-9b62-7a7b7f625f3f/build]   \ud83d\udc33  docker exec cmd=[chown -R 1012:1013 /var/run/act/actions/actions-setup-java@v3.1.0/] user=0 workdir=\n[8df05d56-3f43-4c79-9b62-7a7b7f625f3f/build]   \ud83d\udc33  docker exec cmd=[node /var/run/act/actions/actions-setup-java@v3.1.0/dist/setup/index.js] user= workdir=\n[8df05d56-3f43-4c79-9b62-7a7b7f625f3f/build]   \ud83d\udcac  ::debug::isExplicit: 11.0.11-9\n[8df05d56-3f43-4c79-9b62-7a7b7f625f3f/build]   \ud83d\udcac  ::debug::explicit? true\n[8df05d56-3f43-4c79-9b62-7a7b7f625f3f/build]   \ud83d\udcac  ::debug::isExplicit: 8.0.292-1\n[8df05d56-3f43-4c79-9b62-7a7b7f625f3f/build]   \ud83d\udcac  ::debug::explicit? true\n[8df05d56-3f43-4c79-9b62-7a7b7f625f3f/build]   | Trying to resolve the latest version from remote\n[8df05d56-3f43-4c79-9b62-7a7b7f625f3f/build]   | Resolved latest version as 17.0.7+7\n[8df05d56-3f43-4c79-9b62-7a7b7f625f3f/build]   | Trying to download...\n[8df05d56-3f43-4c79-9b62-7a7b7f625f3f/build]   | Downloading Java 17.0.7+7 (Adopt-Hotspot) from https://github.com/adoptium/temurin17-binaries/releases/download/jdk-17.0.7%2B7/OpenJDK17U-jdk_x64_linux_hotspot_17.0.7_7.tar.gz ...\n[8df05d56-3f43-4c79-9b62-7a7b7f625f3f/build]   \ud83d\udcac  ::debug::Downloading https://github.com/adoptium/temurin17-binaries/releases/download/jdk-17.0.7%252B7/OpenJDK17U-jdk_x64_linux_hotspot_17.0.7_7.tar.gz\n[8df05d56-3f43-4c79-9b62-7a7b7f625f3f/build]   \ud83d\udcac  ::debug::Destination /tmp/33a16e60-8bf6-4306-85c7-73e586835a78\n[8df05d56-3f43-4c79-9b62-7a7b7f625f3f/build]   \ud83d\udcac  ::debug::download complete\n[8df05d56-3f43-4c79-9b62-7a7b7f625f3f/build]   | Extracting Java archive...\n[8df05d56-3f43-4c79-9b62-7a7b7f625f3f/build]   \ud83d\udcac  ::debug::Checking tar --version\n[8df05d56-3f43-4c79-9b62-7a7b7f625f3f/build]   \ud83d\udcac  ::debug::tar (GNU tar) 1.30%0ACopyright (C) 2017 Free Software Foundation, Inc.%0ALicense GPLv3+: GNU GPL version 3 or later <https://gnu.org/licenses/gpl.html>.%0AThis is free software: you are free to change and redistribute it.%0AThere is NO WARRANTY, to the extent permitted by law.%0A%0AWritten by John Gilmore and Jay Fenlason.\n[8df05d56-3f43-4c79-9b62-7a7b7f625f3f/build]   | [command]/usr/bin/tar xz --warning=no-unknown-keyword -C /tmp/e534f593-3e40-452f-9fd8-d8c1600e81e1 -f /tmp/33a16e60-8bf6-4306-85c7-73e586835a78\n[8df05d56-3f43-4c79-9b62-7a7b7f625f3f/build]   \ud83d\udcac  ::debug::Caching tool Java_Adopt_jdk 17.0.7-7 x64\n[8df05d56-3f43-4c79-9b62-7a7b7f625f3f/build]   \ud83d\udcac  ::debug::source dir: /tmp/e534f593-3e40-452f-9fd8-d8c1600e81e1/jdk-17.0.7+7\n[8df05d56-3f43-4c79-9b62-7a7b7f625f3f/build]   \ud83d\udcac  ::debug::destination /opt/hostedtoolcache/Java_Adopt_jdk/17.0.7-7/x64\n[8df05d56-3f43-4c79-9b62-7a7b7f625f3f/build]   \ud83d\udcac  ::debug::finished caching tool\n[8df05d56-3f43-4c79-9b62-7a7b7f625f3f/build]   | Java 17.0.7+7 was downloaded\n[8df05d56-3f43-4c79-9b62-7a7b7f625f3f/build]   | Setting Java 17.0.7+7 as the default\n[8df05d56-3f43-4c79-9b62-7a7b7f625f3f/build]   \u2699  ::set-output:: distribution=Adopt-Hotspot\n[8df05d56-3f43-4c79-9b62-7a7b7f625f3f/build]   \u2699  ::set-output:: path=/opt/hostedtoolcache/Java_Adopt_jdk/17.0.7-7/x64\n[8df05d56-3f43-4c79-9b62-7a7b7f625f3f/build]   \u2699  ::set-output:: version=17.0.7+7\n[8df05d56-3f43-4c79-9b62-7a7b7f625f3f/build]   | \n[8df05d56-3f43-4c79-9b62-7a7b7f625f3f/build]   | Java configuration:\n[8df05d56-3f43-4c79-9b62-7a7b7f625f3f/build]   |   Distribution: adopt\n[8df05d56-3f43-4c79-9b62-7a7b7f625f3f/build]   |   Version: 17.0.7+7\n[8df05d56-3f43-4c79-9b62-7a7b7f625f3f/build]   |   Path: /opt/hostedtoolcache/Java_Adopt_jdk/17.0.7-7/x64\n[8df05d56-3f43-4c79-9b62-7a7b7f625f3f/build]   | \n[8df05d56-3f43-4c79-9b62-7a7b7f625f3f/build]   \u2753 add-matcher /run/act/actions/actions-setup-java@v3.1.0/.github/java.json\n[8df05d56-3f43-4c79-9b62-7a7b7f625f3f/build]   | Creating settings.xml with server-id: github\n[8df05d56-3f43-4c79-9b62-7a7b7f625f3f/build]   | Writing to /home/runneradmin/.m2/settings.xml\n[8df05d56-3f43-4c79-9b62-7a7b7f625f3f/build]   \ud83d\udcac  ::debug::followSymbolicLinks 'true'\n[8df05d56-3f43-4c79-9b62-7a7b7f625f3f/build]   \ud83d\udcac  ::debug::followSymbolicLinks 'true'\n[8df05d56-3f43-4c79-9b62-7a7b7f625f3f/build]   \ud83d\udcac  ::debug::implicitDescendants 'true'\n[8df05d56-3f43-4c79-9b62-7a7b7f625f3f/build]   \ud83d\udcac  ::debug::matchDirectories 'true'\n[8df05d56-3f43-4c79-9b62-7a7b7f625f3f/build]   \ud83d\udcac  ::debug::omitBrokenSymbolicLinks 'true'\n[8df05d56-3f43-4c79-9b62-7a7b7f625f3f/build]   \ud83d\udcac  ::debug::Search path '/tmp/3d783ea4-1661-11ee-8a50-bb14de238602/TeamLapen-Vampirism'\n[8df05d56-3f43-4c79-9b62-7a7b7f625f3f/build]   \ud83d\udcac  ::debug::/tmp/3d783ea4-1661-11ee-8a50-bb14de238602/TeamLapen-Vampirism/build.gradle\n[8df05d56-3f43-4c79-9b62-7a7b7f625f3f/build]   \ud83d\udcac  ::debug::/tmp/3d783ea4-1661-11ee-8a50-bb14de238602/TeamLapen-Vampirism/gradle/artifacts.gradle\n[8df05d56-3f43-4c79-9b62-7a7b7f625f3f/build]   \ud83d\udcac  ::debug::/tmp/3d783ea4-1661-11ee-8a50-bb14de238602/TeamLapen-Vampirism/gradle/deploy.gradle\n[8df05d56-3f43-4c79-9b62-7a7b7f625f3f/build]   \ud83d\udcac  ::debug::/tmp/3d783ea4-1661-11ee-8a50-bb14de238602/TeamLapen-Vampirism/gradle/forge.gradle\n[8df05d56-3f43-4c79-9b62-7a7b7f625f3f/build]   \ud83d\udcac  ::debug::/tmp/3d783ea4-1661-11ee-8a50-bb14de238602/TeamLapen-Vampirism/gradle/versioning.gradle\n[8df05d56-3f43-4c79-9b62-7a7b7f625f3f/build]   \ud83d\udcac  ::debug::/tmp/3d783ea4-1661-11ee-8a50-bb14de238602/TeamLapen-Vampirism/gradle/wrapper/gradle-wrapper.properties\n[8df05d56-3f43-4c79-9b62-7a7b7f625f3f/build]   \ud83d\udcac  ::debug::/tmp/3d783ea4-1661-11ee-8a50-bb14de238602/TeamLapen-Vampirism/settings.gradle\n[8df05d56-3f43-4c79-9b62-7a7b7f625f3f/build]   \ud83d\udcac  ::debug::Found 7 files to hash.\n[8df05d56-3f43-4c79-9b62-7a7b7f625f3f/build]   \ud83d\udcac  ::debug::primary key is setup-java-Linux-gradle-8039654ba16d413cb50601218d7652de5c2556876d05d283f41045798b803d17\n[8df05d56-3f43-4c79-9b62-7a7b7f625f3f/build]   \ud83d\udcbe  ::save-state name=cache-primary-key::setup-java-Linux-gradle-8039654ba16d413cb50601218d7652de5c2556876d05d283f41045798b803d17\n[8df05d56-3f43-4c79-9b62-7a7b7f625f3f/build]   \ud83d\udcac  ::debug::Resolved Keys:\n[8df05d56-3f43-4c79-9b62-7a7b7f625f3f/build]   \ud83d\udcac  ::debug::[\"setup-java-Linux-gradle-8039654ba16d413cb50601218d7652de5c2556876d05d283f41045798b803d17\",\"setup-java-Linux-gradle\"]\n[8df05d56-3f43-4c79-9b62-7a7b7f625f3f/build]   \ud83d\udcac  ::debug::Checking zstd --version\n[8df05d56-3f43-4c79-9b62-7a7b7f625f3f/build]   \ud83d\udcac  ::debug::*** zstd command line interface 64-bits v1.5.0, by Yann Collet ***\n[8df05d56-3f43-4c79-9b62-7a7b7f625f3f/build]   \ud83d\udcac  ::debug::Resource Url: http://130.242.72.40:40895/_apis/artifactcache/cache?keys=setup-java-Linux-gradle-8039654ba16d413cb50601218d7652de5c2556876d05d283f41045798b803d17%252Csetup-java-Linux-gradle&version=09ba73ab57fcd4582177c49695fd068c4719cc0cab32d2335af27897fd9c08a0\n[8df05d56-3f43-4c79-9b62-7a7b7f625f3f/build]   | gradle cache is not found\n[8df05d56-3f43-4c79-9b62-7a7b7f625f3f/build]   \u2705  Success - Main Setup Java JDK\n[8df05d56-3f43-4c79-9b62-7a7b7f625f3f/build]   \u2699  ::set-env:: JAVA_HOME=/opt/hostedtoolcache/Java_Adopt_jdk/17.0.7-7/x64\n[8df05d56-3f43-4c79-9b62-7a7b7f625f3f/build]   \u2699  ::add-path:: /opt/hostedtoolcache/Java_Adopt_jdk/17.0.7-7/x64/bin\n[8df05d56-3f43-4c79-9b62-7a7b7f625f3f/build] \u2b50 Run Main Setup Gradle\n[8df05d56-3f43-4c79-9b62-7a7b7f625f3f/build]   \ud83d\udc33  docker exec cmd=[bash --noprofile --norc -e -o pipefail /var/run/act/workflow/2] user= workdir=\n[8df05d56-3f43-4c79-9b62-7a7b7f625f3f/build]   | Downloading https://services.gradle.org/distributions/gradle-7.5.1-bin.zip\n[8df05d56-3f43-4c79-9b62-7a7b7f625f3f/build]   | ...........10%............20%...........30%............40%...........50%............60%...........70%............80%...........90%............100%\n[8df05d56-3f43-4c79-9b62-7a7b7f625f3f/build]   | \n[8df05d56-3f43-4c79-9b62-7a7b7f625f3f/build]   | Welcome to Gradle 7.5.1!\n[8df05d56-3f43-4c79-9b62-7a7b7f625f3f/build]   | \n[8df05d56-3f43-4c79-9b62-7a7b7f625f3f/build]   | Here are the highlights of this release:\n[8df05d56-3f43-4c79-9b62-7a7b7f625f3f/build]   |  - Support for Java 18\n[8df05d56-3f43-4c79-9b62-7a7b7f625f3f/build]   |  - Support for building with Groovy 4\n[8df05d56-3f43-4c79-9b62-7a7b7f625f3f/build]   |  - Much more responsive continuous builds\n[8df05d56-3f43-4c79-9b62-7a7b7f625f3f/build]   |  - Improved diagnostics for dependency resolution\n[8df05d56-3f43-4c79-9b62-7a7b7f625f3f/build]   | \n[8df05d56-3f43-4c79-9b62-7a7b7f625f3f/build]   | For more details see https://docs.gradle.org/7.5.1/release-notes.html\n[8df05d56-3f43-4c79-9b62-7a7b7f625f3f/build]   | \n[8df05d56-3f43-4c79-9b62-7a7b7f625f3f/build]   | To honour the JVM settings for this build a single-use Daemon process will be forked. See https://docs.gradle.org/7.5.1/userguide/gradle_daemon.html#sec:disabling_the_daemon.\n[8df05d56-3f43-4c79-9b62-7a7b7f625f3f/build]   | Daemon will be stopped at the end of the build \n[8df05d56-3f43-4c79-9b62-7a7b7f625f3f/build]   | \n[8df05d56-3f43-4c79-9b62-7a7b7f625f3f/build]   | FAILURE: Build completed with 2 failures.\n[8df05d56-3f43-4c79-9b62-7a7b7f625f3f/build]   | \n[8df05d56-3f43-4c79-9b62-7a7b7f625f3f/build]   | 1: Task failed with an exception.\n[8df05d56-3f43-4c79-9b62-7a7b7f625f3f/build]   | -----------\n[8df05d56-3f43-4c79-9b62-7a7b7f625f3f/build]   | * Where:\n[8df05d56-3f43-4c79-9b62-7a7b7f625f3f/build]   | Build file '/tmp/3d783ea4-1661-11ee-8a50-bb14de238602/TeamLapen-Vampirism/build.gradle' line: 24\n[8df05d56-3f43-4c79-9b62-7a7b7f625f3f/build]   | \n[8df05d56-3f43-4c79-9b62-7a7b7f625f3f/build]   | * What went wrong:\n[8df05d56-3f43-4c79-9b62-7a7b7f625f3f/build]   | A problem occurred evaluating root project 'Vampirism'.\n[8df05d56-3f43-4c79-9b62-7a7b7f625f3f/build]   | > Failed to apply plugin 'net.minecraftforge.gradle'.\n[8df05d56-3f43-4c79-9b62-7a7b7f625f3f/build]   |    > Found Gradle version Gradle 7.5.1. Minimum required is Gradle 8.1.\n[8df05d56-3f43-4c79-9b62-7a7b7f625f3f/build]   |      Note: Upgrade your gradle version first before trying to switch to FG6.\n[8df05d56-3f43-4c79-9b62-7a7b7f625f3f/build]   | \n[8df05d56-3f43-4c79-9b62-7a7b7f625f3f/build]   | * Try:\n[8df05d56-3f43-4c79-9b62-7a7b7f625f3f/build]   | > Run with --stacktrace option to get the stack trace.\n[8df05d56-3f43-4c79-9b62-7a7b7f625f3f/build]   | > Run with --info or --debug option to get more log output.\n[8df05d56-3f43-4c79-9b62-7a7b7f625f3f/build]   | > Run with --scan to get full insights.\n[8df05d56-3f43-4c79-9b62-7a7b7f625f3f/build]   | ==============================================================================\n[8df05d56-3f43-4c79-9b62-7a7b7f625f3f/build]   | \n[8df05d56-3f43-4c79-9b62-7a7b7f625f3f/build]   | 2: Task failed with an exception.\n[8df05d56-3f43-4c79-9b62-7a7b7f625f3f/build]   | -----------\n[8df05d56-3f43-4c79-9b62-7a7b7f625f3f/build]   | * What went wrong:\n[8df05d56-3f43-4c79-9b62-7a7b7f625f3f/build]   | A problem occurred configuring root project 'Vampirism'.\n[8df05d56-3f43-4c79-9b62-7a7b7f625f3f/build]   | > Could not create task ':modrinth'.\n[8df05d56-3f43-4c79-9b62-7a7b7f625f3f/build]   |    > Task with name 'assemble' not found in root project 'Vampirism'.\n[8df05d56-3f43-4c79-9b62-7a7b7f625f3f/build]   | \n[8df05d56-3f43-4c79-9b62-7a7b7f625f3f/build]   | * Try:\n[8df05d56-3f43-4c79-9b62-7a7b7f625f3f/build]   | > Run with --stacktrace option to get the stack trace.\n[8df05d56-3f43-4c79-9b62-7a7b7f625f3f/build]   | > Run with --info or --debug option to get more log output.\n[8df05d56-3f43-4c79-9b62-7a7b7f625f3f/build]   | > Run with --scan to get full insights.\n[8df05d56-3f43-4c79-9b62-7a7b7f625f3f/build]   | ==============================================================================\n[8df05d56-3f43-4c79-9b62-7a7b7f625f3f/build]   | \n[8df05d56-3f43-4c79-9b62-7a7b7f625f3f/build]   | * Get more help at https://help.gradle.org\n[8df05d56-3f43-4c79-9b62-7a7b7f625f3f/build]   | \n[8df05d56-3f43-4c79-9b62-7a7b7f625f3f/build]   | BUILD FAILED in 42s\n[8df05d56-3f43-4c79-9b62-7a7b7f625f3f/build]   \u274c  Failure - Main Setup Gradle\n[8df05d56-3f43-4c79-9b62-7a7b7f625f3f/build] exitcode '1': failure\n[8df05d56-3f43-4c79-9b62-7a7b7f625f3f/build] \u2b50 Run Post Setup Java JDK\n[8df05d56-3f43-4c79-9b62-7a7b7f625f3f/build]   \ud83d\udc33  docker exec cmd=[node /var/run/act/actions/actions-setup-java@v3.1.0/dist/cleanup/index.js] user= workdir=\n[8df05d56-3f43-4c79-9b62-7a7b7f625f3f/build]   \ud83d\udcac  ::debug::Checking zstd --version\n[8df05d56-3f43-4c79-9b62-7a7b7f625f3f/build]   \ud83d\udcac  ::debug::*** zstd command line interface 64-bits v1.5.0, by Yann Collet ***\n[8df05d56-3f43-4c79-9b62-7a7b7f625f3f/build]   \ud83d\udcac  ::debug::Reserving Cache\n[8df05d56-3f43-4c79-9b62-7a7b7f625f3f/build]   \ud83d\udcac  ::debug::Resource Url: http://130.242.72.40:40895/_apis/artifactcache/caches\n[8df05d56-3f43-4c79-9b62-7a7b7f625f3f/build]   \ud83d\udcac  ::debug::Cache ID: 1\n[8df05d56-3f43-4c79-9b62-7a7b7f625f3f/build]   \ud83d\udcac  ::debug::implicitDescendants 'false'\n[8df05d56-3f43-4c79-9b62-7a7b7f625f3f/build]   \ud83d\udcac  ::debug::followSymbolicLinks 'true'\n[8df05d56-3f43-4c79-9b62-7a7b7f625f3f/build]   \ud83d\udcac  ::debug::implicitDescendants 'false'\n[8df05d56-3f43-4c79-9b62-7a7b7f625f3f/build]   \ud83d\udcac  ::debug::omitBrokenSymbolicLinks 'true'\n[8df05d56-3f43-4c79-9b62-7a7b7f625f3f/build]   \ud83d\udcac  ::debug::Search path '/home/runneradmin/.gradle/caches'\n[8df05d56-3f43-4c79-9b62-7a7b7f625f3f/build]   \ud83d\udcac  ::debug::Search path '/home/runneradmin/.gradle/wrapper'\n[8df05d56-3f43-4c79-9b62-7a7b7f625f3f/build]   \ud83d\udcac  ::debug::Matched: ../../../home/runneradmin/.gradle/caches\n[8df05d56-3f43-4c79-9b62-7a7b7f625f3f/build]   \ud83d\udcac  ::debug::Matched: ../../../home/runneradmin/.gradle/wrapper\n[8df05d56-3f43-4c79-9b62-7a7b7f625f3f/build]   \ud83d\udcac  ::debug::Cache Paths:\n[8df05d56-3f43-4c79-9b62-7a7b7f625f3f/build]   \ud83d\udcac  ::debug::[\"../../../home/runneradmin/.gradle/caches\",\"../../../home/runneradmin/.gradle/wrapper\"]\n[8df05d56-3f43-4c79-9b62-7a7b7f625f3f/build]   \ud83d\udcac  ::debug::Archive Path: /tmp/df9fa4e1-effb-4e63-a391-caf78e605854/cache.tzst\n[8df05d56-3f43-4c79-9b62-7a7b7f625f3f/build]   | [command]/usr/bin/tar --posix --use-compress-program zstd -T0 -cf cache.tzst -P -C /tmp/3d783ea4-1661-11ee-8a50-bb14de238602/TeamLapen-Vampirism --files-from manifest.txt\n[8df05d56-3f43-4c79-9b62-7a7b7f625f3f/build]   \ud83d\udcac  ::debug::File Size: 281484793\n[8df05d56-3f43-4c79-9b62-7a7b7f625f3f/build]   \ud83d\udcac  ::debug::Saving Cache (ID: 1)\n[8df05d56-3f43-4c79-9b62-7a7b7f625f3f/build]   \ud83d\udcac  ::debug::Upload cache\n[8df05d56-3f43-4c79-9b62-7a7b7f625f3f/build]   \ud83d\udcac  ::debug::Resource Url: http://130.242.72.40:40895/_apis/artifactcache/caches/1\n[8df05d56-3f43-4c79-9b62-7a7b7f625f3f/build]   \ud83d\udcac  ::debug::Upload concurrency: 4\n[8df05d56-3f43-4c79-9b62-7a7b7f625f3f/build]   \ud83d\udcac  ::debug::Upload chunk size: 33554432\n[8df05d56-3f43-4c79-9b62-7a7b7f625f3f/build]   \ud83d\udcac  ::debug::Awaiting all uploads\n[8df05d56-3f43-4c79-9b62-7a7b7f625f3f/build]   \ud83d\udcac  ::debug::Uploading chunk of size 33554432 bytes at offset 0 with content range: bytes 0-33554431/*\n[8df05d56-3f43-4c79-9b62-7a7b7f625f3f/build]   \ud83d\udcac  ::debug::Uploading chunk of size 33554432 bytes at offset 33554432 with content range: bytes 33554432-67108863/*\n[8df05d56-3f43-4c79-9b62-7a7b7f625f3f/build]   \ud83d\udcac  ::debug::Uploading chunk of size 33554432 bytes at offset 67108864 with content range: bytes 67108864-100663295/*\n[8df05d56-3f43-4c79-9b62-7a7b7f625f3f/build]   \ud83d\udcac  ::debug::Uploading chunk of size 33554432 bytes at offset 100663296 with content range: bytes 100663296-134217727/*\n[8df05d56-3f43-4c79-9b62-7a7b7f625f3f/build]   \ud83d\udcac  ::debug::Uploading chunk of size 33554432 bytes at offset 134217728 with content range: bytes 134217728-167772159/*\n[8df05d56-3f43-4c79-9b62-7a7b7f625f3f/build]   \ud83d\udcac  ::debug::Uploading chunk of size 33554432 bytes at offset 167772160 with content range: bytes 167772160-201326591/*\n[8df05d56-3f43-4c79-9b62-7a7b7f625f3f/build]   \ud83d\udcac  ::debug::Uploading chunk of size 33554432 bytes at offset 201326592 with content range: bytes 201326592-234881023/*\n[8df05d56-3f43-4c79-9b62-7a7b7f625f3f/build]   \ud83d\udcac  ::debug::Uploading chunk of size 33554432 bytes at offset 234881024 with content range: bytes 234881024-268435455/*\n[8df05d56-3f43-4c79-9b62-7a7b7f625f3f/build]   \ud83d\udcac  ::debug::Uploading chunk of size 13049337 bytes at offset 268435456 with content range: bytes 268435456-281484792/*\n[8df05d56-3f43-4c79-9b62-7a7b7f625f3f/build]   \ud83d\udcac  ::debug::Commiting cache\n[8df05d56-3f43-4c79-9b62-7a7b7f625f3f/build]   | Cache Size: ~268 MB (281484793 B)\n[8df05d56-3f43-4c79-9b62-7a7b7f625f3f/build]   \ud83d\udcac  ::debug::Resource Url: http://130.242.72.40:40895/_apis/artifactcache/caches/1\n[8df05d56-3f43-4c79-9b62-7a7b7f625f3f/build]   \ud83d\udcac  ::debug::commitCache - Attempt 1 of 2 failed with error: Cache service responded with 500\n[8df05d56-3f43-4c79-9b62-7a7b7f625f3f/build]   \ud83d\udcac  ::debug::commitCache - Error is not retryable\n[8df05d56-3f43-4c79-9b62-7a7b7f625f3f/build]   \ud83d\udea7  ::warning::Error: commitCache failed: Cache service responded with 500\n[8df05d56-3f43-4c79-9b62-7a7b7f625f3f/build]   \u2705  Success - Post Setup Java JDK\n[8df05d56-3f43-4c79-9b62-7a7b7f625f3f/build] \ud83c\udfc1  Job failed\n",
        "stderr": "time=\"2023-06-29T13:27:21+02:00\" level=error msg=\"POST /_apis/artifactcache/caches/1: broken file: 281484793 != 0\" module=artifactcache\nError: Job 'build' failed\n",
        "workflow": "/tmp/3d783ea4-1661-11ee-8a50-bb14de238602/TeamLapen-Vampirism/.github/workflows/gradle-crawler.yml",
        "build_tool": "gradle",
        "elapsed_time": 130.03033804893494
    }
}