{
    "repository": "TeamNewPipe/NewPipeExtractor",
    "stars": 923,
    "language": "java",
    "size": 89988,
    "clone_url": "https://github.com/TeamNewPipe/NewPipeExtractor.git",
    "timestamp": "2023-06-29T12:49:45.674519Z",
    "clone_success": true,
    "number_of_actions": 2,
    "number_of_test_actions": 1,
    "actions_successful": false,
    "actions_build_tools": [
        "gradle",
        "gradle"
    ],
    "actions_test_build_tools": [
        "gradle"
    ],
    "actions_run": {
        "failed": true,
        "tests": [],
        "stdout": "[fcf97dad-c59a-4eae-a0fe-4062b75b0111/build-and-test] \ud83d\ude80  Start image=crawlergpt:latest\n[fcf97dad-c59a-4eae-a0fe-4062b75b0111/build-and-test]   \ud83d\udc33  docker pull image=crawlergpt:latest platform= username= forcePull=false\n[fcf97dad-c59a-4eae-a0fe-4062b75b0111/build-and-test]   \ud83d\udc33  docker create image=crawlergpt:latest platform= entrypoint=[\"tail\" \"-f\" \"/dev/null\"] cmd=[]\n[fcf97dad-c59a-4eae-a0fe-4062b75b0111/build-and-test]   \ud83d\udc33  docker run image=crawlergpt:latest platform= entrypoint=[\"tail\" \"-f\" \"/dev/null\"] cmd=[]\n[fcf97dad-c59a-4eae-a0fe-4062b75b0111/build-and-test]   \ud83d\udc33  docker exec cmd=[chown -R 1012:1013 /tmp/3d783ea4-1661-11ee-8a50-bb14de238602/TeamNewPipe-NewPipeExtractor] user=0 workdir=\n[fcf97dad-c59a-4eae-a0fe-4062b75b0111/build-and-test]   \u2601  git clone 'https://github.com/actions/setup-java' # ref=v3\n[fcf97dad-c59a-4eae-a0fe-4062b75b0111/build-and-test]   \u2601  git clone 'https://github.com/actions/cache' # ref=v3\n[fcf97dad-c59a-4eae-a0fe-4062b75b0111/build-and-test]   \u2601  git clone 'https://github.com/actions/upload-artifact' # ref=v3\n[fcf97dad-c59a-4eae-a0fe-4062b75b0111/build-and-test] \u2b50 Run Main actions/checkout@v3\n[fcf97dad-c59a-4eae-a0fe-4062b75b0111/build-and-test]   \u2705  Success - Main actions/checkout@v3\n[fcf97dad-c59a-4eae-a0fe-4062b75b0111/build-and-test] \u2b50 Run Main set up JDK 11\n[fcf97dad-c59a-4eae-a0fe-4062b75b0111/build-and-test]   \ud83d\udc33  docker cp src=/tmp/act-cache/3e290636-7196-4f25-9923-2c69d4273ff3/act/actions-setup-java@v3/ dst=/var/run/act/actions/actions-setup-java@v3/\n[fcf97dad-c59a-4eae-a0fe-4062b75b0111/build-and-test]   \ud83d\udc33  docker exec cmd=[chown -R 1012:1013 /var/run/act/actions/actions-setup-java@v3/] user=0 workdir=\n[fcf97dad-c59a-4eae-a0fe-4062b75b0111/build-and-test]   \ud83d\udc33  docker exec cmd=[node /var/run/act/actions/actions-setup-java@v3/dist/setup/index.js] user= workdir=\n[fcf97dad-c59a-4eae-a0fe-4062b75b0111/build-and-test]   \u2753  ::group::Installed distributions\n[fcf97dad-c59a-4eae-a0fe-4062b75b0111/build-and-test]   | Trying to resolve the latest version from remote\n[fcf97dad-c59a-4eae-a0fe-4062b75b0111/build-and-test]   | Resolved latest version as 11.0.19+7\n[fcf97dad-c59a-4eae-a0fe-4062b75b0111/build-and-test]   | Trying to download...\n[fcf97dad-c59a-4eae-a0fe-4062b75b0111/build-and-test]   | Downloading Java 11.0.19+7 (Temurin-Hotspot) from https://github.com/adoptium/temurin11-binaries/releases/download/jdk-11.0.19%2B7/OpenJDK11U-jdk_x64_linux_hotspot_11.0.19_7.tar.gz ...\n[fcf97dad-c59a-4eae-a0fe-4062b75b0111/build-and-test]   \ud83d\udcac  ::debug::Downloading https://github.com/adoptium/temurin11-binaries/releases/download/jdk-11.0.19%252B7/OpenJDK11U-jdk_x64_linux_hotspot_11.0.19_7.tar.gz\n[fcf97dad-c59a-4eae-a0fe-4062b75b0111/build-and-test]   \ud83d\udcac  ::debug::Destination /tmp/1675c297-3ba1-4918-9e92-940c2cd12d7a\n[fcf97dad-c59a-4eae-a0fe-4062b75b0111/build-and-test]   \ud83d\udcac  ::debug::download complete\n[fcf97dad-c59a-4eae-a0fe-4062b75b0111/build-and-test]   | Extracting Java archive...\n[fcf97dad-c59a-4eae-a0fe-4062b75b0111/build-and-test]   \ud83d\udcac  ::debug::Checking tar --version\n[fcf97dad-c59a-4eae-a0fe-4062b75b0111/build-and-test]   \ud83d\udcac  ::debug::tar (GNU tar) 1.30%0ACopyright (C) 2017 Free Software Foundation, Inc.%0ALicense GPLv3+: GNU GPL version 3 or later <https://gnu.org/licenses/gpl.html>.%0AThis is free software: you are free to change and redistribute it.%0AThere is NO WARRANTY, to the extent permitted by law.%0A%0AWritten by John Gilmore and Jay Fenlason.\n[fcf97dad-c59a-4eae-a0fe-4062b75b0111/build-and-test]   | [command]/usr/bin/tar xz --warning=no-unknown-keyword -C /tmp/ab84728a-55dc-46e6-8c0f-481270bdebf2 -f /tmp/1675c297-3ba1-4918-9e92-940c2cd12d7a\n[fcf97dad-c59a-4eae-a0fe-4062b75b0111/build-and-test]   \ud83d\udcac  ::debug::Caching tool Java_Temurin-Hotspot_jdk 11.0.19-7 x64\n[fcf97dad-c59a-4eae-a0fe-4062b75b0111/build-and-test]   \ud83d\udcac  ::debug::source dir: /tmp/ab84728a-55dc-46e6-8c0f-481270bdebf2/jdk-11.0.19+7\n[fcf97dad-c59a-4eae-a0fe-4062b75b0111/build-and-test]   \ud83d\udcac  ::debug::destination /opt/hostedtoolcache/Java_Temurin-Hotspot_jdk/11.0.19-7/x64\n[fcf97dad-c59a-4eae-a0fe-4062b75b0111/build-and-test]   \ud83d\udcac  ::debug::finished caching tool\n[fcf97dad-c59a-4eae-a0fe-4062b75b0111/build-and-test]   | Java 11.0.19+7 was downloaded\n[fcf97dad-c59a-4eae-a0fe-4062b75b0111/build-and-test]   | Setting Java 11.0.19+7 as the default\n[fcf97dad-c59a-4eae-a0fe-4062b75b0111/build-and-test]   | Creating toolchains.xml for JDK version 11 from temurin\n[fcf97dad-c59a-4eae-a0fe-4062b75b0111/build-and-test]   | Writing to /home/runneradmin/.m2/toolchains.xml\n[fcf97dad-c59a-4eae-a0fe-4062b75b0111/build-and-test]   | \n[fcf97dad-c59a-4eae-a0fe-4062b75b0111/build-and-test]   | Java configuration:\n[fcf97dad-c59a-4eae-a0fe-4062b75b0111/build-and-test]   |   Distribution: temurin\n[fcf97dad-c59a-4eae-a0fe-4062b75b0111/build-and-test]   |   Version: 11.0.19+7\n[fcf97dad-c59a-4eae-a0fe-4062b75b0111/build-and-test]   |   Path: /opt/hostedtoolcache/Java_Temurin-Hotspot_jdk/11.0.19-7/x64\n[fcf97dad-c59a-4eae-a0fe-4062b75b0111/build-and-test]   | \n[fcf97dad-c59a-4eae-a0fe-4062b75b0111/build-and-test]   \u2753  ::endgroup::\n[fcf97dad-c59a-4eae-a0fe-4062b75b0111/build-and-test]   \u2753 add-matcher /run/act/actions/actions-setup-java@v3/.github/java.json\n[fcf97dad-c59a-4eae-a0fe-4062b75b0111/build-and-test]   | Creating settings.xml with server-id: github\n[fcf97dad-c59a-4eae-a0fe-4062b75b0111/build-and-test]   | Writing to /home/runneradmin/.m2/settings.xml\n[fcf97dad-c59a-4eae-a0fe-4062b75b0111/build-and-test]   \u2705  Success - Main set up JDK 11\n[fcf97dad-c59a-4eae-a0fe-4062b75b0111/build-and-test]   \u2699  ::set-env:: JAVA_HOME=/opt/hostedtoolcache/Java_Temurin-Hotspot_jdk/11.0.19-7/x64\n[fcf97dad-c59a-4eae-a0fe-4062b75b0111/build-and-test]   \u2699  ::set-env:: JAVA_HOME_11_X64=/opt/hostedtoolcache/Java_Temurin-Hotspot_jdk/11.0.19-7/x64\n[fcf97dad-c59a-4eae-a0fe-4062b75b0111/build-and-test]   \u2699  ::set-output:: distribution=Temurin-Hotspot\n[fcf97dad-c59a-4eae-a0fe-4062b75b0111/build-and-test]   \u2699  ::set-output:: path=/opt/hostedtoolcache/Java_Temurin-Hotspot_jdk/11.0.19-7/x64\n[fcf97dad-c59a-4eae-a0fe-4062b75b0111/build-and-test]   \u2699  ::set-output:: version=11.0.19+7\n[fcf97dad-c59a-4eae-a0fe-4062b75b0111/build-and-test]   \u2699  ::add-path:: /opt/hostedtoolcache/Java_Temurin-Hotspot_jdk/11.0.19-7/x64/bin\n[fcf97dad-c59a-4eae-a0fe-4062b75b0111/build-and-test] \u2b50 Run Main Cache Gradle dependencies\n[fcf97dad-c59a-4eae-a0fe-4062b75b0111/build-and-test]   \ud83d\udc33  docker cp src=/tmp/act-cache/3e290636-7196-4f25-9923-2c69d4273ff3/act/actions-cache@v3/ dst=/var/run/act/actions/actions-cache@v3/\n[fcf97dad-c59a-4eae-a0fe-4062b75b0111/build-and-test]   \ud83d\udc33  docker exec cmd=[chown -R 1012:1013 /var/run/act/actions/actions-cache@v3/] user=0 workdir=\n[fcf97dad-c59a-4eae-a0fe-4062b75b0111/build-and-test]   \ud83d\udc33  docker exec cmd=[node /var/run/act/actions/actions-cache@v3/dist/restore/index.js] user= workdir=\n[fcf97dad-c59a-4eae-a0fe-4062b75b0111/build-and-test]   \ud83d\udcac  ::debug::Resolved Keys:\n[fcf97dad-c59a-4eae-a0fe-4062b75b0111/build-and-test]   \ud83d\udcac  ::debug::[\"Linux-gradle-230d5324023ca69497d527255d4fc1a21cc8c9079612101cc2d28df7a062a63d\",\"Linux-gradle\"]\n[fcf97dad-c59a-4eae-a0fe-4062b75b0111/build-and-test]   \ud83d\udcac  ::debug::Checking zstd --quiet --version\n[fcf97dad-c59a-4eae-a0fe-4062b75b0111/build-and-test]   \ud83d\udcac  ::debug::1.5.0\n[fcf97dad-c59a-4eae-a0fe-4062b75b0111/build-and-test]   \ud83d\udcac  ::debug::zstd version: 1.5.0\n[fcf97dad-c59a-4eae-a0fe-4062b75b0111/build-and-test]   \ud83d\udcac  ::debug::Resource Url: http://130.242.72.40:40479/_apis/artifactcache/cache?keys=Linux-gradle-230d5324023ca69497d527255d4fc1a21cc8c9079612101cc2d28df7a062a63d%252CLinux-gradle&version=c09c45a3e217e22c4a0d11ca722575f7f378f70b48a778289c5d7a2ac33a328c\n[fcf97dad-c59a-4eae-a0fe-4062b75b0111/build-and-test]   \ud83d\udcac  ::debug::Failed to delete archive: Error: ENOENT: no such file or directory, unlink ''\n[fcf97dad-c59a-4eae-a0fe-4062b75b0111/build-and-test]   | Cache not found for input keys: Linux-gradle-230d5324023ca69497d527255d4fc1a21cc8c9079612101cc2d28df7a062a63d, Linux-gradle\n[fcf97dad-c59a-4eae-a0fe-4062b75b0111/build-and-test]   \u2705  Success - Main Cache Gradle dependencies\n[fcf97dad-c59a-4eae-a0fe-4062b75b0111/build-and-test] \u2b50 Run Main Build and run Tests\n[fcf97dad-c59a-4eae-a0fe-4062b75b0111/build-and-test]   \ud83d\udc33  docker exec cmd=[bash --noprofile --norc -e -o pipefail /var/run/act/workflow/3] user= workdir=\n[fcf97dad-c59a-4eae-a0fe-4062b75b0111/build-and-test]   | running with mock downloader\n[fcf97dad-c59a-4eae-a0fe-4062b75b0111/build-and-test]   | Downloading https://services.gradle.org/distributions/gradle-7.5.1-bin.zip\n[fcf97dad-c59a-4eae-a0fe-4062b75b0111/build-and-test]   | ...........10%............20%...........30%............40%...........50%............60%...........70%............80%...........90%............100%\n[fcf97dad-c59a-4eae-a0fe-4062b75b0111/build-and-test]   | \n[fcf97dad-c59a-4eae-a0fe-4062b75b0111/build-and-test]   | Welcome to Gradle 7.5.1!\n[fcf97dad-c59a-4eae-a0fe-4062b75b0111/build-and-test]   | \n[fcf97dad-c59a-4eae-a0fe-4062b75b0111/build-and-test]   | Here are the highlights of this release:\n[fcf97dad-c59a-4eae-a0fe-4062b75b0111/build-and-test]   |  - Support for Java 18\n[fcf97dad-c59a-4eae-a0fe-4062b75b0111/build-and-test]   |  - Support for building with Groovy 4\n[fcf97dad-c59a-4eae-a0fe-4062b75b0111/build-and-test]   |  - Much more responsive continuous builds\n[fcf97dad-c59a-4eae-a0fe-4062b75b0111/build-and-test]   |  - Improved diagnostics for dependency resolution\n[fcf97dad-c59a-4eae-a0fe-4062b75b0111/build-and-test]   | \n[fcf97dad-c59a-4eae-a0fe-4062b75b0111/build-and-test]   | For more details see https://docs.gradle.org/7.5.1/release-notes.html\n[fcf97dad-c59a-4eae-a0fe-4062b75b0111/build-and-test]   | \n[fcf97dad-c59a-4eae-a0fe-4062b75b0111/build-and-test]   | Starting a Gradle Daemon (subsequent builds will be faster)\n[fcf97dad-c59a-4eae-a0fe-4062b75b0111/build-and-test]   | > Task :timeago-parser:compileJava\n[fcf97dad-c59a-4eae-a0fe-4062b75b0111/build-and-test]   | \n[fcf97dad-c59a-4eae-a0fe-4062b75b0111/build-and-test]   | > Task :extractor:compileJava\n[fcf97dad-c59a-4eae-a0fe-4062b75b0111/build-and-test]   | Note: Some input files use unchecked or unsafe operations.\n[fcf97dad-c59a-4eae-a0fe-4062b75b0111/build-and-test]   | Note: Recompile with -Xlint:unchecked for details.\n[fcf97dad-c59a-4eae-a0fe-4062b75b0111/build-and-test]   | \n[fcf97dad-c59a-4eae-a0fe-4062b75b0111/build-and-test]   | > Task :compileJava NO-SOURCE\n[fcf97dad-c59a-4eae-a0fe-4062b75b0111/build-and-test]   | > Task :processResources NO-SOURCE\n[fcf97dad-c59a-4eae-a0fe-4062b75b0111/build-and-test]   | > Task :classes UP-TO-DATE\n[fcf97dad-c59a-4eae-a0fe-4062b75b0111/build-and-test]   | > Task :compileTestJava NO-SOURCE\n[fcf97dad-c59a-4eae-a0fe-4062b75b0111/build-and-test]   | > Task :processTestResources NO-SOURCE\n[fcf97dad-c59a-4eae-a0fe-4062b75b0111/build-and-test]   | > Task :testClasses UP-TO-DATE\n[fcf97dad-c59a-4eae-a0fe-4062b75b0111/build-and-test]   | > Task :extractor:processResources NO-SOURCE\n[fcf97dad-c59a-4eae-a0fe-4062b75b0111/build-and-test]   | > Task :extractor:classes\n[fcf97dad-c59a-4eae-a0fe-4062b75b0111/build-and-test]   | > Task :extractor:jar\n[fcf97dad-c59a-4eae-a0fe-4062b75b0111/build-and-test]   | > Task :timeago-parser:processResources NO-SOURCE\n[fcf97dad-c59a-4eae-a0fe-4062b75b0111/build-and-test]   | > Task :timeago-parser:classes\n[fcf97dad-c59a-4eae-a0fe-4062b75b0111/build-and-test]   | > Task :timeago-parser:jar\n[fcf97dad-c59a-4eae-a0fe-4062b75b0111/build-and-test]   | > Task :test NO-SOURCE\n[fcf97dad-c59a-4eae-a0fe-4062b75b0111/build-and-test]   | > Task :check UP-TO-DATE\n[fcf97dad-c59a-4eae-a0fe-4062b75b0111/build-and-test]   | \n[fcf97dad-c59a-4eae-a0fe-4062b75b0111/build-and-test]   | > Task :extractor:compileTestJava\n[fcf97dad-c59a-4eae-a0fe-4062b75b0111/build-and-test]   | Note: /tmp/3d783ea4-1661-11ee-8a50-bb14de238602/TeamNewPipe-NewPipeExtractor/extractor/src/test/java/org/schabi/newpipe/extractor/services/youtube/search/YoutubeMusicSearchExtractorTest.java uses or overrides a deprecated API.\n[fcf97dad-c59a-4eae-a0fe-4062b75b0111/build-and-test]   | Note: Recompile with -Xlint:deprecation for details.\n[fcf97dad-c59a-4eae-a0fe-4062b75b0111/build-and-test]   | Note: Some input files use unchecked or unsafe operations.\n[fcf97dad-c59a-4eae-a0fe-4062b75b0111/build-and-test]   | Note: Recompile with -Xlint:unchecked for details.\n[fcf97dad-c59a-4eae-a0fe-4062b75b0111/build-and-test]   | \n[fcf97dad-c59a-4eae-a0fe-4062b75b0111/build-and-test]   | > Task :extractor:processTestResources\n[fcf97dad-c59a-4eae-a0fe-4062b75b0111/build-and-test]   | > Task :extractor:testClasses\n[fcf97dad-c59a-4eae-a0fe-4062b75b0111/build-and-test]   | > Task :extractor:checkstyleTest SKIPPED\n[fcf97dad-c59a-4eae-a0fe-4062b75b0111/build-and-test]   | > Task :timeago-parser:compileTestJava NO-SOURCE\n[fcf97dad-c59a-4eae-a0fe-4062b75b0111/build-and-test]   | > Task :timeago-parser:processTestResources NO-SOURCE\n[fcf97dad-c59a-4eae-a0fe-4062b75b0111/build-and-test]   | > Task :timeago-parser:testClasses UP-TO-DATE\n[fcf97dad-c59a-4eae-a0fe-4062b75b0111/build-and-test]   | > Task :timeago-parser:test NO-SOURCE\n[fcf97dad-c59a-4eae-a0fe-4062b75b0111/build-and-test]   | > Task :timeago-parser:check UP-TO-DATE\n[fcf97dad-c59a-4eae-a0fe-4062b75b0111/build-and-test]   | > Task :extractor:checkstyleMain\n[fcf97dad-c59a-4eae-a0fe-4062b75b0111/build-and-test]   | > Task :extractor:test\n[fcf97dad-c59a-4eae-a0fe-4062b75b0111/build-and-test]   | \n[fcf97dad-c59a-4eae-a0fe-4062b75b0111/build-and-test]   | MediaCCCLiveStreamListExtractorTest > initializationError FAILED\n[fcf97dad-c59a-4eae-a0fe-4062b75b0111/build-and-test]   |     org.schabi.newpipe.extractor.exceptions.ExtractionException: Could not get live stream JSON.\n[fcf97dad-c59a-4eae-a0fe-4062b75b0111/build-and-test]   |         at app//org.schabi.newpipe.extractor.services.media_ccc.extractors.MediaCCCParsingHelper.getLiveStreams(MediaCCCParsingHelper.java:65)\n[fcf97dad-c59a-4eae-a0fe-4062b75b0111/build-and-test]   |         at app//org.schabi.newpipe.extractor.services.media_ccc.extractors.MediaCCCLiveStreamKiosk.onFetchPage(MediaCCCLiveStreamKiosk.java:30)\n[fcf97dad-c59a-4eae-a0fe-4062b75b0111/build-and-test]   |         at app//org.schabi.newpipe.extractor.Extractor.fetchPage(Extractor.java:60)\n[fcf97dad-c59a-4eae-a0fe-4062b75b0111/build-and-test]   |         at app//org.schabi.newpipe.extractor.services.media_ccc.MediaCCCLiveStreamListExtractorTest.setUpClass(MediaCCCLiveStreamListExtractorTest.java:21)\n[fcf97dad-c59a-4eae-a0fe-4062b75b0111/build-and-test]   | \n[fcf97dad-c59a-4eae-a0fe-4062b75b0111/build-and-test]   |         Caused by:\n[fcf97dad-c59a-4eae-a0fe-4062b75b0111/build-and-test]   |         java.net.ConnectException: Failed to connect to streaming.media.ccc.de/2a01:581:b:0:0:0:0:15:443\n[fcf97dad-c59a-4eae-a0fe-4062b75b0111/build-and-test]   |             at okhttp3.internal.connection.RealConnection.connectSocket(RealConnection.java:249)\n[fcf97dad-c59a-4eae-a0fe-4062b75b0111/build-and-test]   |             at okhttp3.internal.connection.RealConnection.connect(RealConnection.java:167)\n[fcf97dad-c59a-4eae-a0fe-4062b75b0111/build-and-test]   |             at okhttp3.internal.connection.StreamAllocation.findConnection(StreamAllocation.java:258)\n[fcf97dad-c59a-4eae-a0fe-4062b75b0111/build-and-test]   |             at okhttp3.internal.connection.StreamAllocation.findHealthyConnection(StreamAllocation.java:135)\n[fcf97dad-c59a-4eae-a0fe-4062b75b0111/build-and-test]   |             at okhttp3.internal.connection.StreamAllocation.newStream(StreamAllocation.java:114)\n[fcf97dad-c59a-4eae-a0fe-4062b75b0111/build-and-test]   |             at okhttp3.internal.connection.ConnectInterceptor.intercept(ConnectInterceptor.java:42)\n[fcf97dad-c59a-4eae-a0fe-4062b75b0111/build-and-test]   |             at okhttp3.internal.http.RealInterceptorChain.proceed(RealInterceptorChain.java:147)\n[fcf97dad-c59a-4eae-a0fe-4062b75b0111/build-and-test]   |             at okhttp3.internal.http.RealInterceptorChain.proceed(RealInterceptorChain.java:121)\n[fcf97dad-c59a-4eae-a0fe-4062b75b0111/build-and-test]   |             at okhttp3.internal.cache.CacheInterceptor.intercept(CacheInterceptor.java:93)\n[fcf97dad-c59a-4eae-a0fe-4062b75b0111/build-and-test]   |             at okhttp3.internal.http.RealInterceptorChain.proceed(RealInterceptorChain.java:147)\n[fcf97dad-c59a-4eae-a0fe-4062b75b0111/build-and-test]   |             at okhttp3.internal.http.RealInterceptorChain.proceed(RealInterceptorChain.java:121)\n[fcf97dad-c59a-4eae-a0fe-4062b75b0111/build-and-test]   |             at okhttp3.internal.http.BridgeInterceptor.intercept(BridgeInterceptor.java:93)\n[fcf97dad-c59a-4eae-a0fe-4062b75b0111/build-and-test]   |             at okhttp3.internal.http.RealInterceptorChain.proceed(RealInterceptorChain.java:147)\n[fcf97dad-c59a-4eae-a0fe-4062b75b0111/build-and-test]   |             at okhttp3.internal.http.RetryAndFollowUpInterceptor.intercept(RetryAndFollowUpInterceptor.java:127)\n[fcf97dad-c59a-4eae-a0fe-4062b75b0111/build-and-test]   |             at okhttp3.internal.http.RealInterceptorChain.proceed(RealInterceptorChain.java:147)\n[fcf97dad-c59a-4eae-a0fe-4062b75b0111/build-and-test]   |             at okhttp3.internal.http.RealInterceptorChain.proceed(RealInterceptorChain.java:121)\n[fcf97dad-c59a-4eae-a0fe-4062b75b0111/build-and-test]   |             at okhttp3.RealCall.getResponseWithInterceptorChain(RealCall.java:257)\n[fcf97dad-c59a-4eae-a0fe-4062b75b0111/build-and-test]   |             at okhttp3.RealCall.execute(RealCall.java:93)\n[fcf97dad-c59a-4eae-a0fe-4062b75b0111/build-and-test]   |             at org.schabi.newpipe.downloader.DownloaderTestImpl.execute(DownloaderTestImpl.java:81)\n[fcf97dad-c59a-4eae-a0fe-4062b75b0111/build-and-test]   |             at org.schabi.newpipe.extractor.downloader.Downloader.get(Downloader.java:77)\n[fcf97dad-c59a-4eae-a0fe-4062b75b0111/build-and-test]   |             at org.schabi.newpipe.extractor.downloader.Downloader.get(Downloader.java:46)\n[fcf97dad-c59a-4eae-a0fe-4062b75b0111/build-and-test]   |             at org.schabi.newpipe.extractor.services.media_ccc.extractors.MediaCCCParsingHelper.getLiveStreams(MediaCCCParsingHelper.java:61)\n[fcf97dad-c59a-4eae-a0fe-4062b75b0111/build-and-test]   |             ... 3 more\n[fcf97dad-c59a-4eae-a0fe-4062b75b0111/build-and-test]   | \n[fcf97dad-c59a-4eae-a0fe-4062b75b0111/build-and-test]   |             Caused by:\n[fcf97dad-c59a-4eae-a0fe-4062b75b0111/build-and-test]   |             java.net.ConnectException: Network is unreachable (connect failed)\n[fcf97dad-c59a-4eae-a0fe-4062b75b0111/build-and-test]   |                 at java.base/java.net.PlainSocketImpl.socketConnect(Native Method)\n[fcf97dad-c59a-4eae-a0fe-4062b75b0111/build-and-test]   |                 at java.base/java.net.AbstractPlainSocketImpl.doConnect(AbstractPlainSocketImpl.java:412)\n[fcf97dad-c59a-4eae-a0fe-4062b75b0111/build-and-test]   |                 at java.base/java.net.AbstractPlainSocketImpl.connectToAddress(AbstractPlainSocketImpl.java:255)\n[fcf97dad-c59a-4eae-a0fe-4062b75b0111/build-and-test]   |                 at java.base/java.net.AbstractPlainSocketImpl.connect(AbstractPlainSocketImpl.java:237)\n[fcf97dad-c59a-4eae-a0fe-4062b75b0111/build-and-test]   |                 at java.base/java.net.SocksSocketImpl.connect(SocksSocketImpl.java:392)\n[fcf97dad-c59a-4eae-a0fe-4062b75b0111/build-and-test]   |                 at java.base/java.net.Socket.connect(Socket.java:609)\n[fcf97dad-c59a-4eae-a0fe-4062b75b0111/build-and-test]   |                 at okhttp3.internal.platform.Platform.connectSocket(Platform.java:129)\n[fcf97dad-c59a-4eae-a0fe-4062b75b0111/build-and-test]   |                 at okhttp3.internal.connection.RealConnection.connectSocket(RealConnection.java:247)\n[fcf97dad-c59a-4eae-a0fe-4062b75b0111/build-and-test]   |                 ... 24 more\n[fcf97dad-c59a-4eae-a0fe-4062b75b0111/build-and-test]   | \n[fcf97dad-c59a-4eae-a0fe-4062b75b0111/build-and-test]   | PeertubePlaylistExtractorTest$Shocking > testGetThumbnailUrl() SKIPPED\n[fcf97dad-c59a-4eae-a0fe-4062b75b0111/build-and-test]   | \n[fcf97dad-c59a-4eae-a0fe-4062b75b0111/build-and-test]   | PeertubeStreamExtractorTest$AgeRestricted > testUrl() SKIPPED\n[fcf97dad-c59a-4eae-a0fe-4062b75b0111/build-and-test]   | \n[fcf97dad-c59a-4eae-a0fe-4062b75b0111/build-and-test]   | PeertubeStreamExtractorTest$AgeRestricted > testName() SKIPPED\n[fcf97dad-c59a-4eae-a0fe-4062b75b0111/build-and-test]   | \n[fcf97dad-c59a-4eae-a0fe-4062b75b0111/build-and-test]   | PeertubeStreamExtractorTest$AgeRestricted > testId() SKIPPED\n[fcf97dad-c59a-4eae-a0fe-4062b75b0111/build-and-test]   | \n[fcf97dad-c59a-4eae-a0fe-4062b75b0111/build-and-test]   | PeertubeStreamExtractorTest$AgeRestricted > testServiceId() SKIPPED\n[fcf97dad-c59a-4eae-a0fe-4062b75b0111/build-and-test]   | \n[fcf97dad-c59a-4eae-a0fe-4062b75b0111/build-and-test]   | PeertubeStreamExtractorTest$AgeRestricted > testOriginalUrl() SKIPPED\n[fcf97dad-c59a-4eae-a0fe-4062b75b0111/build-and-test]   | \n[fcf97dad-c59a-4eae-a0fe-4062b75b0111/build-and-test]   | PeertubeStreamExtractorTest$AgeRestricted > testAgeLimit() SKIPPED\n[fcf97dad-c59a-4eae-a0fe-4062b75b0111/build-and-test]   | \n[fcf97dad-c59a-4eae-a0fe-4062b75b0111/build-and-test]   | PeertubeStreamExtractorTest$AgeRestricted > testErrorMessage() SKIPPED\n[fcf97dad-c59a-4eae-a0fe-4062b75b0111/build-and-test]   | \n[fcf97dad-c59a-4eae-a0fe-4062b75b0111/build-and-test]   | PeertubeStreamExtractorTest$AgeRestricted > testStreamType() SKIPPED\n[fcf97dad-c59a-4eae-a0fe-4062b75b0111/build-and-test]   | \n[fcf97dad-c59a-4eae-a0fe-4062b75b0111/build-and-test]   | PeertubeStreamExtractorTest$AgeRestricted > testSubChannelName() SKIPPED\n[fcf97dad-c59a-4eae-a0fe-4062b75b0111/build-and-test]   | \n[fcf97dad-c59a-4eae-a0fe-4062b75b0111/build-and-test]   | PeertubeStreamExtractorTest$AgeRestricted > testTextualUploadDate() SKIPPED\n[fcf97dad-c59a-4eae-a0fe-4062b75b0111/build-and-test]   | \n[fcf97dad-c59a-4eae-a0fe-4062b75b0111/build-and-test]   | PeertubeStreamExtractorTest$AgeRestricted > testHost() SKIPPED\n[fcf97dad-c59a-4eae-a0fe-4062b75b0111/build-and-test]   | \n[fcf97dad-c59a-4eae-a0fe-4062b75b0111/build-and-test]   | PeertubeStreamExtractorTest$AgeRestricted > testTags() SKIPPED\n[fcf97dad-c59a-4eae-a0fe-4062b75b0111/build-and-test]   | \n[fcf97dad-c59a-4eae-a0fe-4062b75b0111/build-and-test]   | PeertubeStreamExtractorTest$AgeRestricted > testLanguageInfo() SKIPPED\n[fcf97dad-c59a-4eae-a0fe-4062b75b0111/build-and-test]   | \n[fcf97dad-c59a-4eae-a0fe-4062b75b0111/build-and-test]   | PeertubeStreamExtractorTest$AgeRestricted > testVideoStreams() SKIPPED\n[fcf97dad-c59a-4eae-a0fe-4062b75b0111/build-and-test]   | \n[fcf97dad-c59a-4eae-a0fe-4062b75b0111/build-and-test]   | PeertubeStreamExtractorTest$AgeRestricted > testUploadDate() SKIPPED\n[fcf97dad-c59a-4eae-a0fe-4062b75b0111/build-and-test]   | \n[fcf97dad-c59a-4eae-a0fe-4062b75b0111/build-and-test]   | PeertubeStreamExtractorTest$AgeRestricted > testViewCount() SKIPPED\n[fcf97dad-c59a-4eae-a0fe-4062b75b0111/build-and-test]   | \n[fcf97dad-c59a-4eae-a0fe-4062b75b0111/build-and-test]   | PeertubeStreamExtractorTest$AgeRestricted > testSubChannelAvatarUrl() SKIPPED\n[fcf97dad-c59a-4eae-a0fe-4062b75b0111/build-and-test]   | \n[fcf97dad-c59a-4eae-a0fe-4062b75b0111/build-and-test]   | PeertubeStreamExtractorTest$AgeRestricted > testPrivacy() SKIPPED\n[fcf97dad-c59a-4eae-a0fe-4062b75b0111/build-and-test]   | \n[fcf97dad-c59a-4eae-a0fe-4062b75b0111/build-and-test]   | PeertubeStreamExtractorTest$AgeRestricted > testUploaderVerified() SKIPPED\n[fcf97dad-c59a-4eae-a0fe-4062b75b0111/build-and-test]   | \n[fcf97dad-c59a-4eae-a0fe-4062b75b0111/build-and-test]   | PeertubeStreamExtractorTest$AgeRestricted > testSubscriberCount() SKIPPED\n[fcf97dad-c59a-4eae-a0fe-4062b75b0111/build-and-test]   | \n[fcf97dad-c59a-4eae-a0fe-4062b75b0111/build-and-test]   | PeertubeStreamExtractorTest$AgeRestricted > testLicence() SKIPPED\n[fcf97dad-c59a-4eae-a0fe-4062b75b0111/build-and-test]   | \n[fcf97dad-c59a-4eae-a0fe-4062b75b0111/build-and-test]   | PeertubeStreamExtractorTest$AgeRestricted > testUploaderName() SKIPPED\n[fcf97dad-c59a-4eae-a0fe-4062b75b0111/build-and-test]   | \n[fcf97dad-c59a-4eae-a0fe-4062b75b0111/build-and-test]   | PeertubeStreamExtractorTest$AgeRestricted > testDislikeCount() SKIPPED\n[fcf97dad-c59a-4eae-a0fe-4062b75b0111/build-and-test]   | \n[fcf97dad-c59a-4eae-a0fe-4062b75b0111/build-and-test]   | PeertubeStreamExtractorTest$AgeRestricted > testMetaInfo() SKIPPED\n[fcf97dad-c59a-4eae-a0fe-4062b75b0111/build-and-test]   | \n[fcf97dad-c59a-4eae-a0fe-4062b75b0111/build-and-test]   | PeertubeStreamExtractorTest$AgeRestricted > testUploaderUrl() SKIPPED\n[fcf97dad-c59a-4eae-a0fe-4062b75b0111/build-and-test]   | \n[fcf97dad-c59a-4eae-a0fe-4062b75b0111/build-and-test]   | PeertubeStreamExtractorTest$AgeRestricted > testLikeCount() SKIPPED\n[fcf97dad-c59a-4eae-a0fe-4062b75b0111/build-and-test]   | \n[fcf97dad-c59a-4eae-a0fe-4062b75b0111/build-and-test]   | PeertubeStreamExtractorTest$AgeRestricted > testSubChannelUrl() SKIPPED\n[fcf97dad-c59a-4eae-a0fe-4062b75b0111/build-and-test]   | \n[fcf97dad-c59a-4eae-a0fe-4062b75b0111/build-and-test]   | PeertubeStreamExtractorTest$AgeRestricted > testUploaderAvatarUrl() SKIPPED\n[fcf97dad-c59a-4eae-a0fe-4062b75b0111/build-and-test]   | \n[fcf97dad-c59a-4eae-a0fe-4062b75b0111/build-and-test]   | PeertubeStreamExtractorTest$AgeRestricted > testThumbnailUrl() SKIPPED\n[fcf97dad-c59a-4eae-a0fe-4062b75b0111/build-and-test]   | \n[fcf97dad-c59a-4eae-a0fe-4062b75b0111/build-and-test]   | PeertubeStreamExtractorTest$AgeRestricted > testTimestamp() SKIPPED\n[fcf97dad-c59a-4eae-a0fe-4062b75b0111/build-and-test]   | \n[fcf97dad-c59a-4eae-a0fe-4062b75b0111/build-and-test]   | PeertubeStreamExtractorTest$AgeRestricted > testCategory() SKIPPED\n[fcf97dad-c59a-4eae-a0fe-4062b75b0111/build-and-test]   | \n[fcf97dad-c59a-4eae-a0fe-4062b75b0111/build-and-test]   | PeertubeStreamExtractorTest$AgeRestricted > testRelatedItems() SKIPPED\n[fcf97dad-c59a-4eae-a0fe-4062b75b0111/build-and-test]   | \n[fcf97dad-c59a-4eae-a0fe-4062b75b0111/build-and-test]   | PeertubeStreamExtractorTest$AgeRestricted > testSubtitles() SKIPPED\n[fcf97dad-c59a-4eae-a0fe-4062b75b0111/build-and-test]   | \n[fcf97dad-c59a-4eae-a0fe-4062b75b0111/build-and-test]   | PeertubeStreamExtractorTest$AgeRestricted > testFrames() SKIPPED\n[fcf97dad-c59a-4eae-a0fe-4062b75b0111/build-and-test]   | \n[fcf97dad-c59a-4eae-a0fe-4062b75b0111/build-and-test]   | PeertubeStreamExtractorTest$AgeRestricted > testLength() SKIPPED\n[fcf97dad-c59a-4eae-a0fe-4062b75b0111/build-and-test]   | \n[fcf97dad-c59a-4eae-a0fe-4062b75b0111/build-and-test]   | PeertubeStreamExtractorTest$AgeRestricted > testStreamSegmentsCount() SKIPPED\n[fcf97dad-c59a-4eae-a0fe-4062b75b0111/build-and-test]   | \n[fcf97dad-c59a-4eae-a0fe-4062b75b0111/build-and-test]   | PeertubeStreamExtractorTest$AgeRestricted > testSupportInfo() SKIPPED\n[fcf97dad-c59a-4eae-a0fe-4062b75b0111/build-and-test]   | \n[fcf97dad-c59a-4eae-a0fe-4062b75b0111/build-and-test]   | PeertubeStreamExtractorTest$AgeRestricted > testAudioStreams() SKIPPED\n[fcf97dad-c59a-4eae-a0fe-4062b75b0111/build-and-test]   | \n[fcf97dad-c59a-4eae-a0fe-4062b75b0111/build-and-test]   | PeertubeStreamExtractorTest$AgeRestricted > testDescription() SKIPPED\n[fcf97dad-c59a-4eae-a0fe-4062b75b0111/build-and-test]   | \n[fcf97dad-c59a-4eae-a0fe-4062b75b0111/build-and-test]   | PeertubeStreamExtractorTest$AgeRestricted > testGetSupportInformation() SKIPPED\n[fcf97dad-c59a-4eae-a0fe-4062b75b0111/build-and-test]   | \n[fcf97dad-c59a-4eae-a0fe-4062b75b0111/build-and-test]   | PeertubeStreamExtractorTest$AgeRestricted > testGetEmptyDescription() SKIPPED\n[fcf97dad-c59a-4eae-a0fe-4062b75b0111/build-and-test]   | \n[fcf97dad-c59a-4eae-a0fe-4062b75b0111/build-and-test]   | PeertubeStreamExtractorTest$AgeRestricted > testGetSmallDescription() SKIPPED\n[fcf97dad-c59a-4eae-a0fe-4062b75b0111/build-and-test]   | \n[fcf97dad-c59a-4eae-a0fe-4062b75b0111/build-and-test]   | PeertubeSearchExtractorTest$PagingTest > duplicatedItemsCheck() SKIPPED\n[fcf97dad-c59a-4eae-a0fe-4062b75b0111/build-and-test]   | \n[fcf97dad-c59a-4eae-a0fe-4062b75b0111/build-and-test]   | SoundcloudPlaylistExtractorTest$SmallPlaylist > testMoreRelatedItems() SKIPPED\n[fcf97dad-c59a-4eae-a0fe-4062b75b0111/build-and-test]   | \n[fcf97dad-c59a-4eae-a0fe-4062b75b0111/build-and-test]   | SoundcloudStreamExtractorTest$SoundcloudGeoRestrictedTrack > testRelatedItems() SKIPPED\n[fcf97dad-c59a-4eae-a0fe-4062b75b0111/build-and-test]   | \n[fcf97dad-c59a-4eae-a0fe-4062b75b0111/build-and-test]   | SoundcloudStreamExtractorTest$SoundcloudGoPlusTrack > testRelatedItems() SKIPPED\n[fcf97dad-c59a-4eae-a0fe-4062b75b0111/build-and-test]   | \n[fcf97dad-c59a-4eae-a0fe-4062b75b0111/build-and-test]   | YoutubePlaylistExtractorTest$HugePlaylist > testBannerUrl() SKIPPED\n[fcf97dad-c59a-4eae-a0fe-4062b75b0111/build-and-test]   | \n[fcf97dad-c59a-4eae-a0fe-4062b75b0111/build-and-test]   | YoutubePlaylistExtractorTest$LearningPlaylist > testMoreRelatedItems() SKIPPED\n[fcf97dad-c59a-4eae-a0fe-4062b75b0111/build-and-test]   | \n[fcf97dad-c59a-4eae-a0fe-4062b75b0111/build-and-test]   | YoutubePlaylistExtractorTest$LearningPlaylist > testBannerUrl() SKIPPED\n[fcf97dad-c59a-4eae-a0fe-4062b75b0111/build-and-test]   | \n[fcf97dad-c59a-4eae-a0fe-4062b75b0111/build-and-test]   | YoutubePlaylistExtractorTest$TimelessPopHits > testBannerUrl() SKIPPED\n[fcf97dad-c59a-4eae-a0fe-4062b75b0111/build-and-test]   | \n[fcf97dad-c59a-4eae-a0fe-4062b75b0111/build-and-test]   | YoutubeThrottlingDecrypterTest > testExtractFunction__success() FAILED\n[fcf97dad-c59a-4eae-a0fe-4062b75b0111/build-and-test]   |     org.schabi.newpipe.extractor.exceptions.ParsingException: Could not parse, decrypt or replace n parameter\n[fcf97dad-c59a-4eae-a0fe-4062b75b0111/build-and-test]   |         at app//org.schabi.newpipe.extractor.services.youtube.YoutubeThrottlingDecrypter.apply(YoutubeThrottlingDecrypter.java:101)\n[fcf97dad-c59a-4eae-a0fe-4062b75b0111/build-and-test]   |         at app//org.schabi.newpipe.extractor.services.youtube.YoutubeThrottlingDecrypterTest.testExtractFunction__success(YoutubeThrottlingDecrypterTest.java:31)\n[fcf97dad-c59a-4eae-a0fe-4062b75b0111/build-and-test]   | \n[fcf97dad-c59a-4eae-a0fe-4062b75b0111/build-and-test]   |         Caused by:\n[fcf97dad-c59a-4eae-a0fe-4062b75b0111/build-and-test]   |         org.schabi.newpipe.extractor.utils.Parser$RegexException: Failed to find pattern \"var \\QNsa\\E\\s*=\\s*\\[(.+?)];\"\n[fcf97dad-c59a-4eae-a0fe-4062b75b0111/build-and-test]   |             at app//org.schabi.newpipe.extractor.utils.Parser.matchGroup(Parser.java:73)\n[fcf97dad-c59a-4eae-a0fe-4062b75b0111/build-and-test]   |             at app//org.schabi.newpipe.extractor.utils.Parser.matchGroup1(Parser.java:54)\n[fcf97dad-c59a-4eae-a0fe-4062b75b0111/build-and-test]   |             at app//org.schabi.newpipe.extractor.services.youtube.YoutubeThrottlingDecrypter.parseDecodeFunctionName(YoutubeThrottlingDecrypter.java:121)\n[fcf97dad-c59a-4eae-a0fe-4062b75b0111/build-and-test]   |             at app//org.schabi.newpipe.extractor.services.youtube.YoutubeThrottlingDecrypter.apply(YoutubeThrottlingDecrypter.java:93)\n[fcf97dad-c59a-4eae-a0fe-4062b75b0111/build-and-test]   |             ... 1 more\n[fcf97dad-c59a-4eae-a0fe-4062b75b0111/build-and-test]   | \n[fcf97dad-c59a-4eae-a0fe-4062b75b0111/build-and-test]   | YoutubeThrottlingDecrypterTest > testDecode__success() FAILED\n[fcf97dad-c59a-4eae-a0fe-4062b75b0111/build-and-test]   |     org.schabi.newpipe.extractor.exceptions.ParsingException: Could not parse, decrypt or replace n parameter\n[fcf97dad-c59a-4eae-a0fe-4062b75b0111/build-and-test]   |         at app//org.schabi.newpipe.extractor.services.youtube.YoutubeThrottlingDecrypter.apply(YoutubeThrottlingDecrypter.java:101)\n[fcf97dad-c59a-4eae-a0fe-4062b75b0111/build-and-test]   |         at app//org.schabi.newpipe.extractor.services.youtube.YoutubeThrottlingDecrypterTest.testDecode__success(YoutubeThrottlingDecrypterTest.java:43)\n[fcf97dad-c59a-4eae-a0fe-4062b75b0111/build-and-test]   | \n[fcf97dad-c59a-4eae-a0fe-4062b75b0111/build-and-test]   |         Caused by:\n[fcf97dad-c59a-4eae-a0fe-4062b75b0111/build-and-test]   |         org.schabi.newpipe.extractor.utils.Parser$RegexException: Failed to find pattern \"var \\QNsa\\E\\s*=\\s*\\[(.+?)];\"\n[fcf97dad-c59a-4eae-a0fe-4062b75b0111/build-and-test]   |             at app//org.schabi.newpipe.extractor.utils.Parser.matchGroup(Parser.java:73)\n[fcf97dad-c59a-4eae-a0fe-4062b75b0111/build-and-test]   |             at app//org.schabi.newpipe.extractor.utils.Parser.matchGroup1(Parser.java:54)\n[fcf97dad-c59a-4eae-a0fe-4062b75b0111/build-and-test]   |             at app//org.schabi.newpipe.extractor.services.youtube.YoutubeThrottlingDecrypter.parseDecodeFunctionName(YoutubeThrottlingDecrypter.java:121)\n[fcf97dad-c59a-4eae-a0fe-4062b75b0111/build-and-test]   |             at app//org.schabi.newpipe.extractor.services.youtube.YoutubeThrottlingDecrypter.apply(YoutubeThrottlingDecrypter.java:93)\n[fcf97dad-c59a-4eae-a0fe-4062b75b0111/build-and-test]   |             ... 1 more\n[fcf97dad-c59a-4eae-a0fe-4062b75b0111/build-and-test]   | \n[fcf97dad-c59a-4eae-a0fe-4062b75b0111/build-and-test]   | YoutubeMusicSearchExtractorTest$MusicAlbums > testMoreRelatedItems() FAILED\n[fcf97dad-c59a-4eae-a0fe-4062b75b0111/build-and-test]   |     org.opentest4j.AssertionFailedError: Doesn't have more items ==> expected: <true> but was: <false>\n[fcf97dad-c59a-4eae-a0fe-4062b75b0111/build-and-test]   |         at app//org.junit.jupiter.api.AssertionFailureBuilder.build(AssertionFailureBuilder.java:151)\n[fcf97dad-c59a-4eae-a0fe-4062b75b0111/build-and-test]   |         at app//org.junit.jupiter.api.AssertionFailureBuilder.buildAndThrow(AssertionFailureBuilder.java:132)\n[fcf97dad-c59a-4eae-a0fe-4062b75b0111/build-and-test]   |         at app//org.junit.jupiter.api.AssertTrue.failNotTrue(AssertTrue.java:63)\n[fcf97dad-c59a-4eae-a0fe-4062b75b0111/build-and-test]   |         at app//org.junit.jupiter.api.AssertTrue.assertTrue(AssertTrue.java:36)\n[fcf97dad-c59a-4eae-a0fe-4062b75b0111/build-and-test]   |         at app//org.junit.jupiter.api.Assertions.assertTrue(Assertions.java:211)\n[fcf97dad-c59a-4eae-a0fe-4062b75b0111/build-and-test]   |         at app//org.schabi.newpipe.extractor.services.DefaultTests.defaultTestMoreItems(DefaultTests.java:124)\n[fcf97dad-c59a-4eae-a0fe-4062b75b0111/build-and-test]   |         at app//org.schabi.newpipe.extractor.services.DefaultListExtractorTest.testMoreRelatedItems(DefaultListExtractorTest.java:42)\n[fcf97dad-c59a-4eae-a0fe-4062b75b0111/build-and-test]   |         at java.base@11.0.19/jdk.internal.reflect.NativeMethodAccessorImpl.invoke0(Native Method)\n[fcf97dad-c59a-4eae-a0fe-4062b75b0111/build-and-test]   |         at java.base@11.0.19/jdk.internal.reflect.NativeMethodAccessorImpl.invoke(NativeMethodAccessorImpl.java:62)\n[fcf97dad-c59a-4eae-a0fe-4062b75b0111/build-and-test]   |         at java.base@11.0.19/jdk.internal.reflect.DelegatingMethodAccessorImpl.invoke(DelegatingMethodAccessorImpl.java:43)\n[fcf97dad-c59a-4eae-a0fe-4062b75b0111/build-and-test]   |         at java.base@11.0.19/java.lang.reflect.Method.invoke(Method.java:566)\n[fcf97dad-c59a-4eae-a0fe-4062b75b0111/build-and-test]   |         at app//org.junit.platform.commons.util.ReflectionUtils.invokeMethod(ReflectionUtils.java:727)\n[fcf97dad-c59a-4eae-a0fe-4062b75b0111/build-and-test]   |         at app//org.junit.jupiter.engine.execution.MethodInvocation.proceed(MethodInvocation.java:60)\n[fcf97dad-c59a-4eae-a0fe-4062b75b0111/build-and-test]   |         at app//org.junit.jupiter.engine.execution.InvocationInterceptorChain$ValidatingInvocation.proceed(InvocationInterceptorChain.java:131)\n[fcf97dad-c59a-4eae-a0fe-4062b75b0111/build-and-test]   |         at app//org.junit.jupiter.engine.extension.TimeoutExtension.intercept(TimeoutExtension.java:156)\n[fcf97dad-c59a-4eae-a0fe-4062b75b0111/build-and-test]   |         at app//org.junit.jupiter.engine.extension.TimeoutExtension.interceptTestableMethod(TimeoutExtension.java:147)\n[fcf97dad-c59a-4eae-a0fe-4062b75b0111/build-and-test]   |         at app//org.junit.jupiter.engine.extension.TimeoutExtension.interceptTestMethod(TimeoutExtension.java:86)\n[fcf97dad-c59a-4eae-a0fe-4062b75b0111/build-and-test]   |         at app//org.junit.jupiter.engine.execution.InterceptingExecutableInvoker$ReflectiveInterceptorCall.lambda$ofVoidMethod$0(InterceptingExecutableInvoker.java:103)\n[fcf97dad-c59a-4eae-a0fe-4062b75b0111/build-and-test]   |         at app//org.junit.jupiter.engine.execution.InterceptingExecutableInvoker.lambda$invoke$0(InterceptingExecutableInvoker.java:93)\n[fcf97dad-c59a-4eae-a0fe-4062b75b0111/build-and-test]   |         at app//org.junit.jupiter.engine.execution.InvocationInterceptorChain$InterceptedInvocation.proceed(InvocationInterceptorChain.java:106)\n[fcf97dad-c59a-4eae-a0fe-4062b75b0111/build-and-test]   |         at app//org.junit.jupiter.engine.execution.InvocationInterceptorChain.proceed(InvocationInterceptorChain.java:64)\n[fcf97dad-c59a-4eae-a0fe-4062b75b0111/build-and-test]   |         at app//org.junit.jupiter.engine.execution.InvocationInterceptorChain.chainAndInvoke(InvocationInterceptorChain.java:45)\n[fcf97dad-c59a-4eae-a0fe-4062b75b0111/build-and-test]   |         at app//org.junit.jupiter.engine.execution.InvocationInterceptorChain.invoke(InvocationInterceptorChain.java:37)\n[fcf97dad-c59a-4eae-a0fe-4062b75b0111/build-and-test]   |         at app//org.junit.jupiter.engine.execution.InterceptingExecutableInvoker.invoke(InterceptingExecutableInvoker.java:92)\n[fcf97dad-c59a-4eae-a0fe-4062b75b0111/build-and-test]   |         at app//org.junit.jupiter.engine.execution.InterceptingExecutableInvoker.invoke(InterceptingExecutableInvoker.java:86)\n[fcf97dad-c59a-4eae-a0fe-4062b75b0111/build-and-test]   |         at app//org.junit.jupiter.engine.descriptor.TestMethodTestDescriptor.lambda$invokeTestMethod$7(TestMethodTestDescriptor.java:217)\n[fcf97dad-c59a-4eae-a0fe-4062b75b0111/build-and-test]   |         at app//org.junit.platform.engine.support.hierarchical.ThrowableCollector.execute(ThrowableCollector.java:73)\n[fcf97dad-c59a-4eae-a0fe-4062b75b0111/build-and-test]   |         at app//org.junit.jupiter.engine.descriptor.TestMethodTestDescriptor.invokeTestMethod(TestMethodTestDescriptor.java:213)\n[fcf97dad-c59a-4eae-a0fe-4062b75b0111/build-and-test]   |         at app//org.junit.jupiter.engine.descriptor.TestMethodTestDescriptor.execute(TestMethodTestDescriptor.java:138)\n[fcf97dad-c59a-4eae-a0fe-4062b75b0111/build-and-test]   |         at app//org.junit.jupiter.engine.descriptor.TestMethodTestDescriptor.execute(TestMethodTestDescriptor.java:68)\n[fcf97dad-c59a-4eae-a0fe-4062b75b0111/build-and-test]   |         at app//org.junit.platform.engine.support.hierarchical.NodeTestTask.lambda$executeRecursively$6(NodeTestTask.java:151)\n[fcf97dad-c59a-4eae-a0fe-4062b75b0111/build-and-test]   |         at app//org.junit.platform.engine.support.hierarchical.ThrowableCollector.execute(ThrowableCollector.java:73)\n[fcf97dad-c59a-4eae-a0fe-4062b75b0111/build-and-test]   |         at app//org.junit.platform.engine.support.hierarchical.NodeTestTask.lambda$executeRecursively$8(NodeTestTask.java:141)\n[fcf97dad-c59a-4eae-a0fe-4062b75b0111/build-and-test]   |         at app//org.junit.platform.engine.support.hierarchical.Node.around(Node.java:137)\n[fcf97dad-c59a-4eae-a0fe-4062b75b0111/build-and-test]   |         at app//org.junit.platform.engine.support.hierarchical.NodeTestTask.lambda$executeRecursively$9(NodeTestTask.java:139)\n[fcf97dad-c59a-4eae-a0fe-4062b75b0111/build-and-test]   |         at app//org.junit.platform.engine.support.hierarchical.ThrowableCollector.execute(ThrowableCollector.java:73)\n[fcf97dad-c59a-4eae-a0fe-4062b75b0111/build-and-test]   |         at app//org.junit.platform.engine.support.hierarchical.NodeTestTask.executeRecursively(NodeTestTask.java:138)\n[fcf97dad-c59a-4eae-a0fe-4062b75b0111/build-and-test]   |         at app//org.junit.platform.engine.support.hierarchical.NodeTestTask.execute(NodeTestTask.java:95)\n[fcf97dad-c59a-4eae-a0fe-4062b75b0111/build-and-test]   |         at java.base@11.0.19/java.util.ArrayList.forEach(ArrayList.java:1541)\n[fcf97dad-c59a-4eae-a0fe-4062b75b0111/build-and-test]   |         at app//org.junit.platform.engine.support.hierarchical.SameThreadHierarchicalTestExecutorService.invokeAll(SameThreadHierarchicalTestExecutorService.java:41)\n[fcf97dad-c59a-4eae-a0fe-4062b75b0111/build-and-test]   |         at app//org.junit.platform.engine.support.hierarchical.NodeTestTask.lambda$executeRecursively$6(NodeTestTask.java:155)\n[fcf97dad-c59a-4eae-a0fe-4062b75b0111/build-and-test]   |         at app//org.junit.platform.engine.support.hierarchical.ThrowableCollector.execute(ThrowableCollector.java:73)\n[fcf97dad-c59a-4eae-a0fe-4062b75b0111/build-and-test]   |         at app//org.junit.platform.engine.support.hierarchical.NodeTestTask.lambda$executeRecursively$8(NodeTestTask.java:141)\n[fcf97dad-c59a-4eae-a0fe-4062b75b0111/build-and-test]   |         at app//org.junit.platform.engine.support.hierarchical.Node.around(Node.java:137)\n[fcf97dad-c59a-4eae-a0fe-4062b75b0111/build-and-test]   |         at app//org.junit.platform.engine.support.hierarchical.NodeTestTask.lambda$executeRecursively$9(NodeTestTask.java:139)\n[fcf97dad-c59a-4eae-a0fe-4062b75b0111/build-and-test]   |         at app//org.junit.platform.engine.support.hierarchical.ThrowableCollector.execute(ThrowableCollector.java:73)\n[fcf97dad-c59a-4eae-a0fe-4062b75b0111/build-and-test]   |         at app//org.junit.platform.engine.support.hierarchical.NodeTestTask.executeRecursively(NodeTestTask.java:138)\n[fcf97dad-c59a-4eae-a0fe-4062b75b0111/build-and-test]   |         at app//org.junit.platform.engine.support.hierarchical.NodeTestTask.execute(NodeTestTask.java:95)\n[fcf97dad-c59a-4eae-a0fe-4062b75b0111/build-and-test]   |         at java.base@11.0.19/java.util.ArrayList.forEach(ArrayList.java:1541)\n[fcf97dad-c59a-4eae-a0fe-4062b75b0111/build-and-test]   |         at app//org.junit.platform.engine.support.hierarchical.SameThreadHierarchicalTestExecutorService.invokeAll(SameThreadHierarchicalTestExecutorService.java:41)\n[fcf97dad-c59a-4eae-a0fe-4062b75b0111/build-and-test]   |         at app//org.junit.platform.engine.support.hierarchical.NodeTestTask.lambda$executeRecursively$6(NodeTestTask.java:155)\n[fcf97dad-c59a-4eae-a0fe-4062b75b0111/build-and-test]   |         at app//org.junit.platform.engine.support.hierarchical.ThrowableCollector.execute(ThrowableCollector.java:73)\n[fcf97dad-c59a-4eae-a0fe-4062b75b0111/build-and-test]   |         at app//org.junit.platform.engine.support.hierarchical.NodeTestTask.lambda$executeRecursively$8(NodeTestTask.java:141)\n[fcf97dad-c59a-4eae-a0fe-4062b75b0111/build-and-test]   |         at app//org.junit.platform.engine.support.hierarchical.Node.around(Node.java:137)\n[fcf97dad-c59a-4eae-a0fe-4062b75b0111/build-and-test]   |         at app//org.junit.platform.engine.support.hierarchical.NodeTestTask.lambda$executeRecursively$9(NodeTestTask.java:139)\n[fcf97dad-c59a-4eae-a0fe-4062b75b0111/build-and-test]   |         at app//org.junit.platform.engine.support.hierarchical.ThrowableCollector.execute(ThrowableCollector.java:73)\n[fcf97dad-c59a-4eae-a0fe-4062b75b0111/build-and-test]   |         at app//org.junit.platform.engine.support.hierarchical.NodeTestTask.executeRecursively(NodeTestTask.java:138)\n[fcf97dad-c59a-4eae-a0fe-4062b75b0111/build-and-test]   |         at app//org.junit.platform.engine.support.hierarchical.NodeTestTask.execute(NodeTestTask.java:95)\n[fcf97dad-c59a-4eae-a0fe-4062b75b0111/build-and-test]   |         at app//org.junit.platform.engine.support.hierarchical.SameThreadHierarchicalTestExecutorService.submit(SameThreadHierarchicalTestExecutorService.java:35)\n[fcf97dad-c59a-4eae-a0fe-4062b75b0111/build-and-test]   |         at app//org.junit.platform.engine.support.hierarchical.HierarchicalTestExecutor.execute(HierarchicalTestExecutor.java:57)\n[fcf97dad-c59a-4eae-a0fe-4062b75b0111/build-and-test]   |         at app//org.junit.platform.engine.support.hierarchical.HierarchicalTestEngine.execute(HierarchicalTestEngine.java:54)\n[fcf97dad-c59a-4eae-a0fe-4062b75b0111/build-and-test]   |         at org.junit.platform.launcher.core.EngineExecutionOrchestrator.execute(EngineExecutionOrchestrator.java:107)\n[fcf97dad-c59a-4eae-a0fe-4062b75b0111/build-and-test]   |         at org.junit.platform.launcher.core.EngineExecutionOrchestrator.execute(EngineExecutionOrchestrator.java:88)\n[fcf97dad-c59a-4eae-a0fe-4062b75b0111/build-and-test]   |         at org.junit.platform.launcher.core.EngineExecutionOrchestrator.lambda$execute$0(EngineExecutionOrchestrator.java:54)\n[fcf97dad-c59a-4eae-a0fe-4062b75b0111/build-and-test]   |         at org.junit.platform.launcher.core.EngineExecutionOrchestrator.withInterceptedStreams(EngineExecutionOrchestrator.java:67)\n[fcf97dad-c59a-4eae-a0fe-4062b75b0111/build-and-test]   |         at org.junit.platform.launcher.core.EngineExecutionOrchestrator.execute(EngineExecutionOrchestrator.java:52)\n[fcf97dad-c59a-4eae-a0fe-4062b75b0111/build-and-test]   |         at org.junit.platform.launcher.core.DefaultLauncher.execute(DefaultLauncher.java:114)\n[fcf97dad-c59a-4eae-a0fe-4062b75b0111/build-and-test]   |         at org.junit.platform.launcher.core.DefaultLauncher.execute(DefaultLauncher.java:86)\n[fcf97dad-c59a-4eae-a0fe-4062b75b0111/build-and-test]   |         at org.junit.platform.launcher.core.DefaultLauncherSession$DelegatingLauncher.execute(DefaultLauncherSession.java:86)\n[fcf97dad-c59a-4eae-a0fe-4062b75b0111/build-and-test]   |         at org.junit.platform.launcher.core.SessionPerRequestLauncher.execute(SessionPerRequestLauncher.java:53)\n[fcf97dad-c59a-4eae-a0fe-4062b75b0111/build-and-test]   |         at org.gradle.api.internal.tasks.testing.junitplatform.JUnitPlatformTestClassProcessor$CollectAllTestClassesExecutor.processAllTestClasses(JUnitPlatformTestClassProcessor.java:99)\n[fcf97dad-c59a-4eae-a0fe-4062b75b0111/build-and-test]   |         at org.gradle.api.internal.tasks.testing.junitplatform.JUnitPlatformTestClassProcessor$CollectAllTestClassesExecutor.access$000(JUnitPlatformTestClassProcessor.java:79)\n[fcf97dad-c59a-4eae-a0fe-4062b75b0111/build-and-test]   |         at org.gradle.api.internal.tasks.testing.junitplatform.JUnitPlatformTestClassProcessor.stop(JUnitPlatformTestClassProcessor.java:75)\n[fcf97dad-c59a-4eae-a0fe-4062b75b0111/build-and-test]   |         at org.gradle.api.internal.tasks.testing.SuiteTestClassProcessor.stop(SuiteTestClassProcessor.java:61)\n[fcf97dad-c59a-4eae-a0fe-4062b75b0111/build-and-test]   |         at java.base@11.0.19/jdk.internal.reflect.NativeMethodAccessorImpl.invoke0(Native Method)\n[fcf97dad-c59a-4eae-a0fe-4062b75b0111/build-and-test]   |         at java.base@11.0.19/jdk.internal.reflect.NativeMethodAccessorImpl.invoke(NativeMethodAccessorImpl.java:62)\n[fcf97dad-c59a-4eae-a0fe-4062b75b0111/build-and-test]   |         at java.base@11.0.19/jdk.internal.reflect.DelegatingMethodAccessorImpl.invoke(DelegatingMethodAccessorImpl.java:43)\n[fcf97dad-c59a-4eae-a0fe-4062b75b0111/build-and-test]   |         at java.base@11.0.19/java.lang.reflect.Method.invoke(Method.java:566)\n[fcf97dad-c59a-4eae-a0fe-4062b75b0111/build-and-test]   |         at org.gradle.internal.dispatch.ReflectionDispatch.dispatch(ReflectionDispatch.java:36)\n[fcf97dad-c59a-4eae-a0fe-4062b75b0111/build-and-test]   |         at org.gradle.internal.dispatch.ReflectionDispatch.dispatch(ReflectionDispatch.java:24)\n[fcf97dad-c59a-4eae-a0fe-4062b75b0111/build-and-test]   |         at org.gradle.internal.dispatch.ContextClassLoaderDispatch.dispatch(ContextClassLoaderDispatch.java:33)\n[fcf97dad-c59a-4eae-a0fe-4062b75b0111/build-and-test]   |         at org.gradle.internal.dispatch.ProxyDispatchAdapter$DispatchingInvocationHandler.invoke(ProxyDispatchAdapter.java:94)\n[fcf97dad-c59a-4eae-a0fe-4062b75b0111/build-and-test]   |         at com.sun.proxy.$Proxy2.stop(Unknown Source)\n[fcf97dad-c59a-4eae-a0fe-4062b75b0111/build-and-test]   |         at org.gradle.api.internal.tasks.testing.worker.TestWorker$3.run(TestWorker.java:193)\n[fcf97dad-c59a-4eae-a0fe-4062b75b0111/build-and-test]   |         at org.gradle.api.internal.tasks.testing.worker.TestWorker.executeAndMaintainThreadName(TestWorker.java:129)\n[fcf97dad-c59a-4eae-a0fe-4062b75b0111/build-and-test]   |         at org.gradle.api.internal.tasks.testing.worker.TestWorker.execute(TestWorker.java:100)\n[fcf97dad-c59a-4eae-a0fe-4062b75b0111/build-and-test]   |         at org.gradle.api.internal.tasks.testing.worker.TestWorker.execute(TestWorker.java:60)\n[fcf97dad-c59a-4eae-a0fe-4062b75b0111/build-and-test]   |         at org.gradle.process.internal.worker.child.ActionExecutionWorker.execute(ActionExecutionWorker.java:56)\n[fcf97dad-c59a-4eae-a0fe-4062b75b0111/build-and-test]   |         at org.gradle.process.internal.worker.child.SystemApplicationClassLoaderWorker.call(SystemApplicationClassLoaderWorker.java:133)\n[fcf97dad-c59a-4eae-a0fe-4062b75b0111/build-and-test]   |         at org.gradle.process.internal.worker.child.SystemApplicationClassLoaderWorker.call(SystemApplicationClassLoaderWorker.java:71)\n[fcf97dad-c59a-4eae-a0fe-4062b75b0111/build-and-test]   |         at app//worker.org.gradle.process.internal.worker.GradleWorkerMain.run(GradleWorkerMain.java:69)\n[fcf97dad-c59a-4eae-a0fe-4062b75b0111/build-and-test]   |         at app//worker.org.gradle.process.internal.worker.GradleWorkerMain.main(GradleWorkerMain.java:74)\n[fcf97dad-c59a-4eae-a0fe-4062b75b0111/build-and-test]   | \n[fcf97dad-c59a-4eae-a0fe-4062b75b0111/build-and-test]   | YoutubeMusicSearchExtractorTest$MusicAlbums > testRelatedItems() FAILED\n[fcf97dad-c59a-4eae-a0fe-4062b75b0111/build-and-test]   |     org.opentest4j.AssertionFailedError: List of items is empty ==> expected: <false> but was: <true>\n[fcf97dad-c59a-4eae-a0fe-4062b75b0111/build-and-test]   |         at app//org.junit.jupiter.api.AssertionFailureBuilder.build(AssertionFailureBuilder.java:151)\n[fcf97dad-c59a-4eae-a0fe-4062b75b0111/build-and-test]   |         at app//org.junit.jupiter.api.AssertionFailureBuilder.buildAndThrow(AssertionFailureBuilder.java:132)\n[fcf97dad-c59a-4eae-a0fe-4062b75b0111/build-and-test]   |         at app//org.junit.jupiter.api.AssertFalse.failNotFalse(AssertFalse.java:63)\n[fcf97dad-c59a-4eae-a0fe-4062b75b0111/build-and-test]   |         at app//org.junit.jupiter.api.AssertFalse.assertFalse(AssertFalse.java:36)\n[fcf97dad-c59a-4eae-a0fe-4062b75b0111/build-and-test]   |         at app//org.junit.jupiter.api.Assertions.assertFalse(Assertions.java:236)\n[fcf97dad-c59a-4eae-a0fe-4062b75b0111/build-and-test]   |         at app//org.schabi.newpipe.extractor.services.DefaultTests.defaultTestListOfItems(DefaultTests.java:24)\n[fcf97dad-c59a-4eae-a0fe-4062b75b0111/build-and-test]   |         at app//org.schabi.newpipe.extractor.services.DefaultTests.defaultTestRelatedItems(DefaultTests.java:118)\n[fcf97dad-c59a-4eae-a0fe-4062b75b0111/build-and-test]   |         at app//org.schabi.newpipe.extractor.services.DefaultListExtractorTest.testRelatedItems(DefaultListExtractorTest.java:29)\n[fcf97dad-c59a-4eae-a0fe-4062b75b0111/build-and-test]   |         at java.base@11.0.19/jdk.internal.reflect.NativeMethodAccessorImpl.invoke0(Native Method)\n[fcf97dad-c59a-4eae-a0fe-4062b75b0111/build-and-test]   |         at java.base@11.0.19/jdk.internal.reflect.NativeMethodAccessorImpl.invoke(NativeMethodAccessorImpl.java:62)\n[fcf97dad-c59a-4eae-a0fe-4062b75b0111/build-and-test]   |         at java.base@11.0.19/jdk.internal.reflect.DelegatingMethodAccessorImpl.invoke(DelegatingMethodAccessorImpl.java:43)\n[fcf97dad-c59a-4eae-a0fe-4062b75b0111/build-and-test]   |         at java.base@11.0.19/java.lang.reflect.Method.invoke(Method.java:566)\n[fcf97dad-c59a-4eae-a0fe-4062b75b0111/build-and-test]   |         at app//org.junit.platform.commons.util.ReflectionUtils.invokeMethod(ReflectionUtils.java:727)\n[fcf97dad-c59a-4eae-a0fe-4062b75b0111/build-and-test]   |         at app//org.junit.jupiter.engine.execution.MethodInvocation.proceed(MethodInvocation.java:60)\n[fcf97dad-c59a-4eae-a0fe-4062b75b0111/build-and-test]   |         at app//org.junit.jupiter.engine.execution.InvocationInterceptorChain$ValidatingInvocation.proceed(InvocationInterceptorChain.java:131)\n[fcf97dad-c59a-4eae-a0fe-4062b75b0111/build-and-test]   |         at app//org.junit.jupiter.engine.extension.TimeoutExtension.intercept(TimeoutExtension.java:156)\n[fcf97dad-c59a-4eae-a0fe-4062b75b0111/build-and-test]   |         at app//org.junit.jupiter.engine.extension.TimeoutExtension.interceptTestableMethod(TimeoutExtension.java:147)\n[fcf97dad-c59a-4eae-a0fe-4062b75b0111/build-and-test]   |         at app//org.junit.jupiter.engine.extension.TimeoutExtension.interceptTestMethod(TimeoutExtension.java:86)\n[fcf97dad-c59a-4eae-a0fe-4062b75b0111/build-and-test]   |         at app//org.junit.jupiter.engine.execution.InterceptingExecutableInvoker$ReflectiveInterceptorCall.lambda$ofVoidMethod$0(InterceptingExecutableInvoker.java:103)\n[fcf97dad-c59a-4eae-a0fe-4062b75b0111/build-and-test]   |         at app//org.junit.jupiter.engine.execution.InterceptingExecutableInvoker.lambda$invoke$0(InterceptingExecutableInvoker.java:93)\n[fcf97dad-c59a-4eae-a0fe-4062b75b0111/build-and-test]   |         at app//org.junit.jupiter.engine.execution.InvocationInterceptorChain$InterceptedInvocation.proceed(InvocationInterceptorChain.java:106)\n[fcf97dad-c59a-4eae-a0fe-4062b75b0111/build-and-test]   |         at app//org.junit.jupiter.engine.execution.InvocationInterceptorChain.proceed(InvocationInterceptorChain.java:64)\n[fcf97dad-c59a-4eae-a0fe-4062b75b0111/build-and-test]   |         at app//org.junit.jupiter.engine.execution.InvocationInterceptorChain.chainAndInvoke(InvocationInterceptorChain.java:45)\n[fcf97dad-c59a-4eae-a0fe-4062b75b0111/build-and-test]   |         at app//org.junit.jupiter.engine.execution.InvocationInterceptorChain.invoke(InvocationInterceptorChain.java:37)\n[fcf97dad-c59a-4eae-a0fe-4062b75b0111/build-and-test]   |         at app//org.junit.jupiter.engine.execution.InterceptingExecutableInvoker.invoke(InterceptingExecutableInvoker.java:92)\n[fcf97dad-c59a-4eae-a0fe-4062b75b0111/build-and-test]   |         at app//org.junit.jupiter.engine.execution.InterceptingExecutableInvoker.invoke(InterceptingExecutableInvoker.java:86)\n[fcf97dad-c59a-4eae-a0fe-4062b75b0111/build-and-test]   |         at app//org.junit.jupiter.engine.descriptor.TestMethodTestDescriptor.lambda$invokeTestMethod$7(TestMethodTestDescriptor.java:217)\n[fcf97dad-c59a-4eae-a0fe-4062b75b0111/build-and-test]   |         at app//org.junit.platform.engine.support.hierarchical.ThrowableCollector.execute(ThrowableCollector.java:73)\n[fcf97dad-c59a-4eae-a0fe-4062b75b0111/build-and-test]   |         at app//org.junit.jupiter.engine.descriptor.TestMethodTestDescriptor.invokeTestMethod(TestMethodTestDescriptor.java:213)\n[fcf97dad-c59a-4eae-a0fe-4062b75b0111/build-and-test]   |         at app//org.junit.jupiter.engine.descriptor.TestMethodTestDescriptor.execute(TestMethodTestDescriptor.java:138)\n[fcf97dad-c59a-4eae-a0fe-4062b75b0111/build-and-test]   |         at app//org.junit.jupiter.engine.descriptor.TestMethodTestDescriptor.execute(TestMethodTestDescriptor.java:68)\n[fcf97dad-c59a-4eae-a0fe-4062b75b0111/build-and-test]   |         at app//org.junit.platform.engine.support.hierarchical.NodeTestTask.lambda$executeRecursively$6(NodeTestTask.java:151)\n[fcf97dad-c59a-4eae-a0fe-4062b75b0111/build-and-test]   |         at app//org.junit.platform.engine.support.hierarchical.ThrowableCollector.execute(ThrowableCollector.java:73)\n[fcf97dad-c59a-4eae-a0fe-4062b75b0111/build-and-test]   |         at app//org.junit.platform.engine.support.hierarchical.NodeTestTask.lambda$executeRecursively$8(NodeTestTask.java:141)\n[fcf97dad-c59a-4eae-a0fe-4062b75b0111/build-and-test]   |         at app//org.junit.platform.engine.support.hierarchical.Node.around(Node.java:137)\n[fcf97dad-c59a-4eae-a0fe-4062b75b0111/build-and-test]   |         at app//org.junit.platform.engine.support.hierarchical.NodeTestTask.lambda$executeRecursively$9(NodeTestTask.java:139)\n[fcf97dad-c59a-4eae-a0fe-4062b75b0111/build-and-test]   |         at app//org.junit.platform.engine.support.hierarchical.ThrowableCollector.execute(ThrowableCollector.java:73)\n[fcf97dad-c59a-4eae-a0fe-4062b75b0111/build-and-test]   |         at app//org.junit.platform.engine.support.hierarchical.NodeTestTask.executeRecursively(NodeTestTask.java:138)\n[fcf97dad-c59a-4eae-a0fe-4062b75b0111/build-and-test]   |         at app//org.junit.platform.engine.support.hierarchical.NodeTestTask.execute(NodeTestTask.java:95)\n[fcf97dad-c59a-4eae-a0fe-4062b75b0111/build-and-test]   |         at java.base@11.0.19/java.util.ArrayList.forEach(ArrayList.java:1541)\n[fcf97dad-c59a-4eae-a0fe-4062b75b0111/build-and-test]   |         at app//org.junit.platform.engine.support.hierarchical.SameThreadHierarchicalTestExecutorService.invokeAll(SameThreadHierarchicalTestExecutorService.java:41)\n[fcf97dad-c59a-4eae-a0fe-4062b75b0111/build-and-test]   |         at app//org.junit.platform.engine.support.hierarchical.NodeTestTask.lambda$executeRecursively$6(NodeTestTask.java:155)\n[fcf97dad-c59a-4eae-a0fe-4062b75b0111/build-and-test]   |         at app//org.junit.platform.engine.support.hierarchical.ThrowableCollector.execute(ThrowableCollector.java:73)\n[fcf97dad-c59a-4eae-a0fe-4062b75b0111/build-and-test]   |         at app//org.junit.platform.engine.support.hierarchical.NodeTestTask.lambda$executeRecursively$8(NodeTestTask.java:141)\n[fcf97dad-c59a-4eae-a0fe-4062b75b0111/build-and-test]   |         at app//org.junit.platform.engine.support.hierarchical.Node.around(Node.java:137)\n[fcf97dad-c59a-4eae-a0fe-4062b75b0111/build-and-test]   |         at app//org.junit.platform.engine.support.hierarchical.NodeTestTask.lambda$executeRecursively$9(NodeTestTask.java:139)\n[fcf97dad-c59a-4eae-a0fe-4062b75b0111/build-and-test]   |         at app//org.junit.platform.engine.support.hierarchical.ThrowableCollector.execute(ThrowableCollector.java:73)\n[fcf97dad-c59a-4eae-a0fe-4062b75b0111/build-and-test]   |         at app//org.junit.platform.engine.support.hierarchical.NodeTestTask.executeRecursively(NodeTestTask.java:138)\n[fcf97dad-c59a-4eae-a0fe-4062b75b0111/build-and-test]   |         at app//org.junit.platform.engine.support.hierarchical.NodeTestTask.execute(NodeTestTask.java:95)\n[fcf97dad-c59a-4eae-a0fe-4062b75b0111/build-and-test]   |         at java.base@11.0.19/java.util.ArrayList.forEach(ArrayList.java:1541)\n[fcf97dad-c59a-4eae-a0fe-4062b75b0111/build-and-test]   |         at app//org.junit.platform.engine.support.hierarchical.SameThreadHierarchicalTestExecutorService.invokeAll(SameThreadHierarchicalTestExecutorService.java:41)\n[fcf97dad-c59a-4eae-a0fe-4062b75b0111/build-and-test]   |         at app//org.junit.platform.engine.support.hierarchical.NodeTestTask.lambda$executeRecursively$6(NodeTestTask.java:155)\n[fcf97dad-c59a-4eae-a0fe-4062b75b0111/build-and-test]   |         at app//org.junit.platform.engine.support.hierarchical.ThrowableCollector.execute(ThrowableCollector.java:73)\n[fcf97dad-c59a-4eae-a0fe-4062b75b0111/build-and-test]   |         at app//org.junit.platform.engine.support.hierarchical.NodeTestTask.lambda$executeRecursively$8(NodeTestTask.java:141)\n[fcf97dad-c59a-4eae-a0fe-4062b75b0111/build-and-test]   |         at app//org.junit.platform.engine.support.hierarchical.Node.around(Node.java:137)\n[fcf97dad-c59a-4eae-a0fe-4062b75b0111/build-and-test]   |         at app//org.junit.platform.engine.support.hierarchical.NodeTestTask.lambda$executeRecursively$9(NodeTestTask.java:139)\n[fcf97dad-c59a-4eae-a0fe-4062b75b0111/build-and-test]   |         at app//org.junit.platform.engine.support.hierarchical.ThrowableCollector.execute(ThrowableCollector.java:73)\n[fcf97dad-c59a-4eae-a0fe-4062b75b0111/build-and-test]   |         at app//org.junit.platform.engine.support.hierarchical.NodeTestTask.executeRecursively(NodeTestTask.java:138)\n[fcf97dad-c59a-4eae-a0fe-4062b75b0111/build-and-test]   |         at app//org.junit.platform.engine.support.hierarchical.NodeTestTask.execute(NodeTestTask.java:95)\n[fcf97dad-c59a-4eae-a0fe-4062b75b0111/build-and-test]   |         at app//org.junit.platform.engine.support.hierarchical.SameThreadHierarchicalTestExecutorService.submit(SameThreadHierarchicalTestExecutorService.java:35)\n[fcf97dad-c59a-4eae-a0fe-4062b75b0111/build-and-test]   |         at app//org.junit.platform.engine.support.hierarchical.HierarchicalTestExecutor.execute(HierarchicalTestExecutor.java:57)\n[fcf97dad-c59a-4eae-a0fe-4062b75b0111/build-and-test]   |         at app//org.junit.platform.engine.support.hierarchical.HierarchicalTestEngine.execute(HierarchicalTestEngine.java:54)\n[fcf97dad-c59a-4eae-a0fe-4062b75b0111/build-and-test]   |         at org.junit.platform.launcher.core.EngineExecutionOrchestrator.execute(EngineExecutionOrchestrator.java:107)\n[fcf97dad-c59a-4eae-a0fe-4062b75b0111/build-and-test]   |         at org.junit.platform.launcher.core.EngineExecutionOrchestrator.execute(EngineExecutionOrchestrator.java:88)\n[fcf97dad-c59a-4eae-a0fe-4062b75b0111/build-and-test]   |         at org.junit.platform.launcher.core.EngineExecutionOrchestrator.lambda$execute$0(EngineExecutionOrchestrator.java:54)\n[fcf97dad-c59a-4eae-a0fe-4062b75b0111/build-and-test]   |         at org.junit.platform.launcher.core.EngineExecutionOrchestrator.withInterceptedStreams(EngineExecutionOrchestrator.java:67)\n[fcf97dad-c59a-4eae-a0fe-4062b75b0111/build-and-test]   |         at org.junit.platform.launcher.core.EngineExecutionOrchestrator.execute(EngineExecutionOrchestrator.java:52)\n[fcf97dad-c59a-4eae-a0fe-4062b75b0111/build-and-test]   |         at org.junit.platform.launcher.core.DefaultLauncher.execute(DefaultLauncher.java:114)\n[fcf97dad-c59a-4eae-a0fe-4062b75b0111/build-and-test]   |         at org.junit.platform.launcher.core.DefaultLauncher.execute(DefaultLauncher.java:86)\n[fcf97dad-c59a-4eae-a0fe-4062b75b0111/build-and-test]   |         at org.junit.platform.launcher.core.DefaultLauncherSession$DelegatingLauncher.execute(DefaultLauncherSession.java:86)\n[fcf97dad-c59a-4eae-a0fe-4062b75b0111/build-and-test]   |         at org.junit.platform.launcher.core.SessionPerRequestLauncher.execute(SessionPerRequestLauncher.java:53)\n[fcf97dad-c59a-4eae-a0fe-4062b75b0111/build-and-test]   |         at org.gradle.api.internal.tasks.testing.junitplatform.JUnitPlatformTestClassProcessor$CollectAllTestClassesExecutor.processAllTestClasses(JUnitPlatformTestClassProcessor.java:99)\n[fcf97dad-c59a-4eae-a0fe-4062b75b0111/build-and-test]   |         at org.gradle.api.internal.tasks.testing.junitplatform.JUnitPlatformTestClassProcessor$CollectAllTestClassesExecutor.access$000(JUnitPlatformTestClassProcessor.java:79)\n[fcf97dad-c59a-4eae-a0fe-4062b75b0111/build-and-test]   |         at org.gradle.api.internal.tasks.testing.junitplatform.JUnitPlatformTestClassProcessor.stop(JUnitPlatformTestClassProcessor.java:75)\n[fcf97dad-c59a-4eae-a0fe-4062b75b0111/build-and-test]   |         at org.gradle.api.internal.tasks.testing.SuiteTestClassProcessor.stop(SuiteTestClassProcessor.java:61)\n[fcf97dad-c59a-4eae-a0fe-4062b75b0111/build-and-test]   |         at java.base@11.0.19/jdk.internal.reflect.NativeMethodAccessorImpl.invoke0(Native Method)\n[fcf97dad-c59a-4eae-a0fe-4062b75b0111/build-and-test]   |         at java.base@11.0.19/jdk.internal.reflect.NativeMethodAccessorImpl.invoke(NativeMethodAccessorImpl.java:62)\n[fcf97dad-c59a-4eae-a0fe-4062b75b0111/build-and-test]   |         at java.base@11.0.19/jdk.internal.reflect.DelegatingMethodAccessorImpl.invoke(DelegatingMethodAccessorImpl.java:43)\n[fcf97dad-c59a-4eae-a0fe-4062b75b0111/build-and-test]   |         at java.base@11.0.19/java.lang.reflect.Method.invoke(Method.java:566)\n[fcf97dad-c59a-4eae-a0fe-4062b75b0111/build-and-test]   |         at org.gradle.internal.dispatch.ReflectionDispatch.dispatch(ReflectionDispatch.java:36)\n[fcf97dad-c59a-4eae-a0fe-4062b75b0111/build-and-test]   |         at org.gradle.internal.dispatch.ReflectionDispatch.dispatch(ReflectionDispatch.java:24)\n[fcf97dad-c59a-4eae-a0fe-4062b75b0111/build-and-test]   |         at org.gradle.internal.dispatch.ContextClassLoaderDispatch.dispatch(ContextClassLoaderDispatch.java:33)\n[fcf97dad-c59a-4eae-a0fe-4062b75b0111/build-and-test]   |         at org.gradle.internal.dispatch.ProxyDispatchAdapter$DispatchingInvocationHandler.invoke(ProxyDispatchAdapter.java:94)\n[fcf97dad-c59a-4eae-a0fe-4062b75b0111/build-and-test]   |         at com.sun.proxy.$Proxy2.stop(Unknown Source)\n[fcf97dad-c59a-4eae-a0fe-4062b75b0111/build-and-test]   |         at org.gradle.api.internal.tasks.testing.worker.TestWorker$3.run(TestWorker.java:193)\n[fcf97dad-c59a-4eae-a0fe-4062b75b0111/build-and-test]   |         at org.gradle.api.internal.tasks.testing.worker.TestWorker.executeAndMaintainThreadName(TestWorker.java:129)\n[fcf97dad-c59a-4eae-a0fe-4062b75b0111/build-and-test]   |         at org.gradle.api.internal.tasks.testing.worker.TestWorker.execute(TestWorker.java:100)\n[fcf97dad-c59a-4eae-a0fe-4062b75b0111/build-and-test]   |         at org.gradle.api.internal.tasks.testing.worker.TestWorker.execute(TestWorker.java:60)\n[fcf97dad-c59a-4eae-a0fe-4062b75b0111/build-and-test]   |         at org.gradle.process.internal.worker.child.ActionExecutionWorker.execute(ActionExecutionWorker.java:56)\n[fcf97dad-c59a-4eae-a0fe-4062b75b0111/build-and-test]   |         at org.gradle.process.internal.worker.child.SystemApplicationClassLoaderWorker.call(SystemApplicationClassLoaderWorker.java:133)\n[fcf97dad-c59a-4eae-a0fe-4062b75b0111/build-and-test]   |         at org.gradle.process.internal.worker.child.SystemApplicationClassLoaderWorker.call(SystemApplicationClassLoaderWorker.java:71)\n[fcf97dad-c59a-4eae-a0fe-4062b75b0111/build-and-test]   |         at app//worker.org.gradle.process.internal.worker.GradleWorkerMain.run(GradleWorkerMain.java:69)\n[fcf97dad-c59a-4eae-a0fe-4062b75b0111/build-and-test]   |         at app//worker.org.gradle.process.internal.worker.GradleWorkerMain.main(GradleWorkerMain.java:74)\n[fcf97dad-c59a-4eae-a0fe-4062b75b0111/build-and-test]   | \n[fcf97dad-c59a-4eae-a0fe-4062b75b0111/build-and-test]   | YoutubeMusicSearchExtractorTest$MusicArtists > testUrl() SKIPPED\n[fcf97dad-c59a-4eae-a0fe-4062b75b0111/build-and-test]   | \n[fcf97dad-c59a-4eae-a0fe-4062b75b0111/build-and-test]   | YoutubeMusicSearchExtractorTest$MusicArtists > testName() SKIPPED\n[fcf97dad-c59a-4eae-a0fe-4062b75b0111/build-and-test]   | \n[fcf97dad-c59a-4eae-a0fe-4062b75b0111/build-and-test]   | YoutubeMusicSearchExtractorTest$MusicArtists > testId() SKIPPED\n[fcf97dad-c59a-4eae-a0fe-4062b75b0111/build-and-test]   | \n[fcf97dad-c59a-4eae-a0fe-4062b75b0111/build-and-test]   | YoutubeMusicSearchExtractorTest$MusicArtists > testServiceId() SKIPPED\n[fcf97dad-c59a-4eae-a0fe-4062b75b0111/build-and-test]   | \n[fcf97dad-c59a-4eae-a0fe-4062b75b0111/build-and-test]   | YoutubeMusicSearchExtractorTest$MusicArtists > testOriginalUrl() SKIPPED\n[fcf97dad-c59a-4eae-a0fe-4062b75b0111/build-and-test]   | \n[fcf97dad-c59a-4eae-a0fe-4062b75b0111/build-and-test]   | YoutubeMusicSearchExtractorTest$MusicArtists > testMoreRelatedItems() SKIPPED\n[fcf97dad-c59a-4eae-a0fe-4062b75b0111/build-and-test]   | \n[fcf97dad-c59a-4eae-a0fe-4062b75b0111/build-and-test]   | YoutubeMusicSearchExtractorTest$MusicArtists > testRelatedItems() SKIPPED\n[fcf97dad-c59a-4eae-a0fe-4062b75b0111/build-and-test]   | \n[fcf97dad-c59a-4eae-a0fe-4062b75b0111/build-and-test]   | YoutubeMusicSearchExtractorTest$MusicArtists > testSearchSuggestion() SKIPPED\n[fcf97dad-c59a-4eae-a0fe-4062b75b0111/build-and-test]   | \n[fcf97dad-c59a-4eae-a0fe-4062b75b0111/build-and-test]   | YoutubeMusicSearchExtractorTest$MusicArtists > testMetaInfo() SKIPPED\n[fcf97dad-c59a-4eae-a0fe-4062b75b0111/build-and-test]   | \n[fcf97dad-c59a-4eae-a0fe-4062b75b0111/build-and-test]   | YoutubeMusicSearchExtractorTest$MusicArtists > testSearchCorrected() SKIPPED\n[fcf97dad-c59a-4eae-a0fe-4062b75b0111/build-and-test]   | \n[fcf97dad-c59a-4eae-a0fe-4062b75b0111/build-and-test]   | YoutubeMusicSearchExtractorTest$MusicArtists > testSearchString() SKIPPED\n[fcf97dad-c59a-4eae-a0fe-4062b75b0111/build-and-test]   | \n[fcf97dad-c59a-4eae-a0fe-4062b75b0111/build-and-test]   | YoutubeMusicSearchExtractorTest$MusicPlaylists > testMoreRelatedItems() FAILED\n[fcf97dad-c59a-4eae-a0fe-4062b75b0111/build-and-test]   |     org.opentest4j.AssertionFailedError: Doesn't have more items ==> expected: <true> but was: <false>\n[fcf97dad-c59a-4eae-a0fe-4062b75b0111/build-and-test]   |         at app//org.junit.jupiter.api.AssertionFailureBuilder.build(AssertionFailureBuilder.java:151)\n[fcf97dad-c59a-4eae-a0fe-4062b75b0111/build-and-test]   |         at app//org.junit.jupiter.api.AssertionFailureBuilder.buildAndThrow(AssertionFailureBuilder.java:132)\n[fcf97dad-c59a-4eae-a0fe-4062b75b0111/build-and-test]   |         at app//org.junit.jupiter.api.AssertTrue.failNotTrue(AssertTrue.java:63)\n[fcf97dad-c59a-4eae-a0fe-4062b75b0111/build-and-test]   |         at app//org.junit.jupiter.api.AssertTrue.assertTrue(AssertTrue.java:36)\n[fcf97dad-c59a-4eae-a0fe-4062b75b0111/build-and-test]   |         at app//org.junit.jupiter.api.Assertions.assertTrue(Assertions.java:211)\n[fcf97dad-c59a-4eae-a0fe-4062b75b0111/build-and-test]   |         at app//org.schabi.newpipe.extractor.services.DefaultTests.defaultTestMoreItems(DefaultTests.java:124)\n[fcf97dad-c59a-4eae-a0fe-4062b75b0111/build-and-test]   |         at app//org.schabi.newpipe.extractor.services.DefaultListExtractorTest.testMoreRelatedItems(DefaultListExtractorTest.java:42)\n[fcf97dad-c59a-4eae-a0fe-4062b75b0111/build-and-test]   |         at java.base@11.0.19/jdk.internal.reflect.NativeMethodAccessorImpl.invoke0(Native Method)\n[fcf97dad-c59a-4eae-a0fe-4062b75b0111/build-and-test]   |         at java.base@11.0.19/jdk.internal.reflect.NativeMethodAccessorImpl.invoke(NativeMethodAccessorImpl.java:62)\n[fcf97dad-c59a-4eae-a0fe-4062b75b0111/build-and-test]   |         at java.base@11.0.19/jdk.internal.reflect.DelegatingMethodAccessorImpl.invoke(DelegatingMethodAccessorImpl.java:43)\n[fcf97dad-c59a-4eae-a0fe-4062b75b0111/build-and-test]   |         at java.base@11.0.19/java.lang.reflect.Method.invoke(Method.java:566)\n[fcf97dad-c59a-4eae-a0fe-4062b75b0111/build-and-test]   |         at app//org.junit.platform.commons.util.ReflectionUtils.invokeMethod(ReflectionUtils.java:727)\n[fcf97dad-c59a-4eae-a0fe-4062b75b0111/build-and-test]   |         at app//org.junit.jupiter.engine.execution.MethodInvocation.proceed(MethodInvocation.java:60)\n[fcf97dad-c59a-4eae-a0fe-4062b75b0111/build-and-test]   |         at app//org.junit.jupiter.engine.execution.InvocationInterceptorChain$ValidatingInvocation.proceed(InvocationInterceptorChain.java:131)\n[fcf97dad-c59a-4eae-a0fe-4062b75b0111/build-and-test]   |         at app//org.junit.jupiter.engine.extension.TimeoutExtension.intercept(TimeoutExtension.java:156)\n[fcf97dad-c59a-4eae-a0fe-4062b75b0111/build-and-test]   |         at app//org.junit.jupiter.engine.extension.TimeoutExtension.interceptTestableMethod(TimeoutExtension.java:147)\n[fcf97dad-c59a-4eae-a0fe-4062b75b0111/build-and-test]   |         at app//org.junit.jupiter.engine.extension.TimeoutExtension.interceptTestMethod(TimeoutExtension.java:86)\n[fcf97dad-c59a-4eae-a0fe-4062b75b0111/build-and-test]   |         at app//org.junit.jupiter.engine.execution.InterceptingExecutableInvoker$ReflectiveInterceptorCall.lambda$ofVoidMethod$0(InterceptingExecutableInvoker.java:103)\n[fcf97dad-c59a-4eae-a0fe-4062b75b0111/build-and-test]   |         at app//org.junit.jupiter.engine.execution.InterceptingExecutableInvoker.lambda$invoke$0(InterceptingExecutableInvoker.java:93)\n[fcf97dad-c59a-4eae-a0fe-4062b75b0111/build-and-test]   |         at app//org.junit.jupiter.engine.execution.InvocationInterceptorChain$InterceptedInvocation.proceed(InvocationInterceptorChain.java:106)\n[fcf97dad-c59a-4eae-a0fe-4062b75b0111/build-and-test]   |         at app//org.junit.jupiter.engine.execution.InvocationInterceptorChain.proceed(InvocationInterceptorChain.java:64)\n[fcf97dad-c59a-4eae-a0fe-4062b75b0111/build-and-test]   |         at app//org.junit.jupiter.engine.execution.InvocationInterceptorChain.chainAndInvoke(InvocationInterceptorChain.java:45)\n[fcf97dad-c59a-4eae-a0fe-4062b75b0111/build-and-test]   |         at app//org.junit.jupiter.engine.execution.InvocationInterceptorChain.invoke(InvocationInterceptorChain.java:37)\n[fcf97dad-c59a-4eae-a0fe-4062b75b0111/build-and-test]   |         at app//org.junit.jupiter.engine.execution.InterceptingExecutableInvoker.invoke(InterceptingExecutableInvoker.java:92)\n[fcf97dad-c59a-4eae-a0fe-4062b75b0111/build-and-test]   |         at app//org.junit.jupiter.engine.execution.InterceptingExecutableInvoker.invoke(InterceptingExecutableInvoker.java:86)\n[fcf97dad-c59a-4eae-a0fe-4062b75b0111/build-and-test]   |         at app//org.junit.jupiter.engine.descriptor.TestMethodTestDescriptor.lambda$invokeTestMethod$7(TestMethodTestDescriptor.java:217)\n[fcf97dad-c59a-4eae-a0fe-4062b75b0111/build-and-test]   |         at app//org.junit.platform.engine.support.hierarchical.ThrowableCollector.execute(ThrowableCollector.java:73)\n[fcf97dad-c59a-4eae-a0fe-4062b75b0111/build-and-test]   |         at app//org.junit.jupiter.engine.descriptor.TestMethodTestDescriptor.invokeTestMethod(TestMethodTestDescriptor.java:213)\n[fcf97dad-c59a-4eae-a0fe-4062b75b0111/build-and-test]   |         at app//org.junit.jupiter.engine.descriptor.TestMethodTestDescriptor.execute(TestMethodTestDescriptor.java:138)\n[fcf97dad-c59a-4eae-a0fe-4062b75b0111/build-and-test]   |         at app//org.junit.jupiter.engine.descriptor.TestMethodTestDescriptor.execute(TestMethodTestDescriptor.java:68)\n[fcf97dad-c59a-4eae-a0fe-4062b75b0111/build-and-test]   |         at app//org.junit.platform.engine.support.hierarchical.NodeTestTask.lambda$executeRecursively$6(NodeTestTask.java:151)\n[fcf97dad-c59a-4eae-a0fe-4062b75b0111/build-and-test]   |         at app//org.junit.platform.engine.support.hierarchical.ThrowableCollector.execute(ThrowableCollector.java:73)\n[fcf97dad-c59a-4eae-a0fe-4062b75b0111/build-and-test]   |         at app//org.junit.platform.engine.support.hierarchical.NodeTestTask.lambda$executeRecursively$8(NodeTestTask.java:141)\n[fcf97dad-c59a-4eae-a0fe-4062b75b0111/build-and-test]   |         at app//org.junit.platform.engine.support.hierarchical.Node.around(Node.java:137)\n[fcf97dad-c59a-4eae-a0fe-4062b75b0111/build-and-test]   |         at app//org.junit.platform.engine.support.hierarchical.NodeTestTask.lambda$executeRecursively$9(NodeTestTask.java:139)\n[fcf97dad-c59a-4eae-a0fe-4062b75b0111/build-and-test]   |         at app//org.junit.platform.engine.support.hierarchical.ThrowableCollector.execute(ThrowableCollector.java:73)\n[fcf97dad-c59a-4eae-a0fe-4062b75b0111/build-and-test]   |         at app//org.junit.platform.engine.support.hierarchical.NodeTestTask.executeRecursively(NodeTestTask.java:138)\n[fcf97dad-c59a-4eae-a0fe-4062b75b0111/build-and-test]   |         at app//org.junit.platform.engine.support.hierarchical.NodeTestTask.execute(NodeTestTask.java:95)\n[fcf97dad-c59a-4eae-a0fe-4062b75b0111/build-and-test]   |         at java.base@11.0.19/java.util.ArrayList.forEach(ArrayList.java:1541)\n[fcf97dad-c59a-4eae-a0fe-4062b75b0111/build-and-test]   |         at app//org.junit.platform.engine.support.hierarchical.SameThreadHierarchicalTestExecutorService.invokeAll(SameThreadHierarchicalTestExecutorService.java:41)\n[fcf97dad-c59a-4eae-a0fe-4062b75b0111/build-and-test]   |         at app//org.junit.platform.engine.support.hierarchical.NodeTestTask.lambda$executeRecursively$6(NodeTestTask.java:155)\n[fcf97dad-c59a-4eae-a0fe-4062b75b0111/build-and-test]   |         at app//org.junit.platform.engine.support.hierarchical.ThrowableCollector.execute(ThrowableCollector.java:73)\n[fcf97dad-c59a-4eae-a0fe-4062b75b0111/build-and-test]   |         at app//org.junit.platform.engine.support.hierarchical.NodeTestTask.lambda$executeRecursively$8(NodeTestTask.java:141)\n[fcf97dad-c59a-4eae-a0fe-4062b75b0111/build-and-test]   |         at app//org.junit.platform.engine.support.hierarchical.Node.around(Node.java:137)\n[fcf97dad-c59a-4eae-a0fe-4062b75b0111/build-and-test]   |         at app//org.junit.platform.engine.support.hierarchical.NodeTestTask.lambda$executeRecursively$9(NodeTestTask.java:139)\n[fcf97dad-c59a-4eae-a0fe-4062b75b0111/build-and-test]   |         at app//org.junit.platform.engine.support.hierarchical.ThrowableCollector.execute(ThrowableCollector.java:73)\n[fcf97dad-c59a-4eae-a0fe-4062b75b0111/build-and-test]   |         at app//org.junit.platform.engine.support.hierarchical.NodeTestTask.executeRecursively(NodeTestTask.java:138)\n[fcf97dad-c59a-4eae-a0fe-4062b75b0111/build-and-test]   |         at app//org.junit.platform.engine.support.hierarchical.NodeTestTask.execute(NodeTestTask.java:95)\n[fcf97dad-c59a-4eae-a0fe-4062b75b0111/build-and-test]   |         at java.base@11.0.19/java.util.ArrayList.forEach(ArrayList.java:1541)\n[fcf97dad-c59a-4eae-a0fe-4062b75b0111/build-and-test]   |         at app//org.junit.platform.engine.support.hierarchical.SameThreadHierarchicalTestExecutorService.invokeAll(SameThreadHierarchicalTestExecutorService.java:41)\n[fcf97dad-c59a-4eae-a0fe-4062b75b0111/build-and-test]   |         at app//org.junit.platform.engine.support.hierarchical.NodeTestTask.lambda$executeRecursively$6(NodeTestTask.java:155)\n[fcf97dad-c59a-4eae-a0fe-4062b75b0111/build-and-test]   |         at app//org.junit.platform.engine.support.hierarchical.ThrowableCollector.execute(ThrowableCollector.java:73)\n[fcf97dad-c59a-4eae-a0fe-4062b75b0111/build-and-test]   |         at app//org.junit.platform.engine.support.hierarchical.NodeTestTask.lambda$executeRecursively$8(NodeTestTask.java:141)\n[fcf97dad-c59a-4eae-a0fe-4062b75b0111/build-and-test]   |         at app//org.junit.platform.engine.support.hierarchical.Node.around(Node.java:137)\n[fcf97dad-c59a-4eae-a0fe-4062b75b0111/build-and-test]   |         at app//org.junit.platform.engine.support.hierarchical.NodeTestTask.lambda$executeRecursively$9(NodeTestTask.java:139)\n[fcf97dad-c59a-4eae-a0fe-4062b75b0111/build-and-test]   |         at app//org.junit.platform.engine.support.hierarchical.ThrowableCollector.execute(ThrowableCollector.java:73)\n[fcf97dad-c59a-4eae-a0fe-4062b75b0111/build-and-test]   |         at app//org.junit.platform.engine.support.hierarchical.NodeTestTask.executeRecursively(NodeTestTask.java:138)\n[fcf97dad-c59a-4eae-a0fe-4062b75b0111/build-and-test]   |         at app//org.junit.platform.engine.support.hierarchical.NodeTestTask.execute(NodeTestTask.java:95)\n[fcf97dad-c59a-4eae-a0fe-4062b75b0111/build-and-test]   |         at app//org.junit.platform.engine.support.hierarchical.SameThreadHierarchicalTestExecutorService.submit(SameThreadHierarchicalTestExecutorService.java:35)\n[fcf97dad-c59a-4eae-a0fe-4062b75b0111/build-and-test]   |         at app//org.junit.platform.engine.support.hierarchical.HierarchicalTestExecutor.execute(HierarchicalTestExecutor.java:57)\n[fcf97dad-c59a-4eae-a0fe-4062b75b0111/build-and-test]   |         at app//org.junit.platform.engine.support.hierarchical.HierarchicalTestEngine.execute(HierarchicalTestEngine.java:54)\n[fcf97dad-c59a-4eae-a0fe-4062b75b0111/build-and-test]   |         at org.junit.platform.launcher.core.EngineExecutionOrchestrator.execute(EngineExecutionOrchestrator.java:107)\n[fcf97dad-c59a-4eae-a0fe-4062b75b0111/build-and-test]   |         at org.junit.platform.launcher.core.EngineExecutionOrchestrator.execute(EngineExecutionOrchestrator.java:88)\n[fcf97dad-c59a-4eae-a0fe-4062b75b0111/build-and-test]   |         at org.junit.platform.launcher.core.EngineExecutionOrchestrator.lambda$execute$0(EngineExecutionOrchestrator.java:54)\n[fcf97dad-c59a-4eae-a0fe-4062b75b0111/build-and-test]   |         at org.junit.platform.launcher.core.EngineExecutionOrchestrator.withInterceptedStreams(EngineExecutionOrchestrator.java:67)\n[fcf97dad-c59a-4eae-a0fe-4062b75b0111/build-and-test]   |         at org.junit.platform.launcher.core.EngineExecutionOrchestrator.execute(EngineExecutionOrchestrator.java:52)\n[fcf97dad-c59a-4eae-a0fe-4062b75b0111/build-and-test]   |         at org.junit.platform.launcher.core.DefaultLauncher.execute(DefaultLauncher.java:114)\n[fcf97dad-c59a-4eae-a0fe-4062b75b0111/build-and-test]   |         at org.junit.platform.launcher.core.DefaultLauncher.execute(DefaultLauncher.java:86)\n[fcf97dad-c59a-4eae-a0fe-4062b75b0111/build-and-test]   |         at org.junit.platform.launcher.core.DefaultLauncherSession$DelegatingLauncher.execute(DefaultLauncherSession.java:86)\n[fcf97dad-c59a-4eae-a0fe-4062b75b0111/build-and-test]   |         at org.junit.platform.launcher.core.SessionPerRequestLauncher.execute(SessionPerRequestLauncher.java:53)\n[fcf97dad-c59a-4eae-a0fe-4062b75b0111/build-and-test]   |         at org.gradle.api.internal.tasks.testing.junitplatform.JUnitPlatformTestClassProcessor$CollectAllTestClassesExecutor.processAllTestClasses(JUnitPlatformTestClassProcessor.java:99)\n[fcf97dad-c59a-4eae-a0fe-4062b75b0111/build-and-test]   |         at org.gradle.api.internal.tasks.testing.junitplatform.JUnitPlatformTestClassProcessor$CollectAllTestClassesExecutor.access$000(JUnitPlatformTestClassProcessor.java:79)\n[fcf97dad-c59a-4eae-a0fe-4062b75b0111/build-and-test]   |         at org.gradle.api.internal.tasks.testing.junitplatform.JUnitPlatformTestClassProcessor.stop(JUnitPlatformTestClassProcessor.java:75)\n[fcf97dad-c59a-4eae-a0fe-4062b75b0111/build-and-test]   |         at org.gradle.api.internal.tasks.testing.SuiteTestClassProcessor.stop(SuiteTestClassProcessor.java:61)\n[fcf97dad-c59a-4eae-a0fe-4062b75b0111/build-and-test]   |         at java.base@11.0.19/jdk.internal.reflect.NativeMethodAccessorImpl.invoke0(Native Method)\n[fcf97dad-c59a-4eae-a0fe-4062b75b0111/build-and-test]   |         at java.base@11.0.19/jdk.internal.reflect.NativeMethodAccessorImpl.invoke(NativeMethodAccessorImpl.java:62)\n[fcf97dad-c59a-4eae-a0fe-4062b75b0111/build-and-test]   |         at java.base@11.0.19/jdk.internal.reflect.DelegatingMethodAccessorImpl.invoke(DelegatingMethodAccessorImpl.java:43)\n[fcf97dad-c59a-4eae-a0fe-4062b75b0111/build-and-test]   |         at java.base@11.0.19/java.lang.reflect.Method.invoke(Method.java:566)\n[fcf97dad-c59a-4eae-a0fe-4062b75b0111/build-and-test]   |         at org.gradle.internal.dispatch.ReflectionDispatch.dispatch(ReflectionDispatch.java:36)\n[fcf97dad-c59a-4eae-a0fe-4062b75b0111/build-and-test]   |         at org.gradle.internal.dispatch.ReflectionDispatch.dispatch(ReflectionDispatch.java:24)\n[fcf97dad-c59a-4eae-a0fe-4062b75b0111/build-and-test]   |         at org.gradle.internal.dispatch.ContextClassLoaderDispatch.dispatch(ContextClassLoaderDispatch.java:33)\n[fcf97dad-c59a-4eae-a0fe-4062b75b0111/build-and-test]   |         at org.gradle.internal.dispatch.ProxyDispatchAdapter$DispatchingInvocationHandler.invoke(ProxyDispatchAdapter.java:94)\n[fcf97dad-c59a-4eae-a0fe-4062b75b0111/build-and-test]   |         at com.sun.proxy.$Proxy2.stop(Unknown Source)\n[fcf97dad-c59a-4eae-a0fe-4062b75b0111/build-and-test]   |         at org.gradle.api.internal.tasks.testing.worker.TestWorker$3.run(TestWorker.java:193)\n[fcf97dad-c59a-4eae-a0fe-4062b75b0111/build-and-test]   |         at org.gradle.api.internal.tasks.testing.worker.TestWorker.executeAndMaintainThreadName(TestWorker.java:129)\n[fcf97dad-c59a-4eae-a0fe-4062b75b0111/build-and-test]   |         at org.gradle.api.internal.tasks.testing.worker.TestWorker.execute(TestWorker.java:100)\n[fcf97dad-c59a-4eae-a0fe-4062b75b0111/build-and-test]   |         at org.gradle.api.internal.tasks.testing.worker.TestWorker.execute(TestWorker.java:60)\n[fcf97dad-c59a-4eae-a0fe-4062b75b0111/build-and-test]   |         at org.gradle.process.internal.worker.child.ActionExecutionWorker.execute(ActionExecutionWorker.java:56)\n[fcf97dad-c59a-4eae-a0fe-4062b75b0111/build-and-test]   |         at org.gradle.process.internal.worker.child.SystemApplicationClassLoaderWorker.call(SystemApplicationClassLoaderWorker.java:133)\n[fcf97dad-c59a-4eae-a0fe-4062b75b0111/build-and-test]   |         at org.gradle.process.internal.worker.child.SystemApplicationClassLoaderWorker.call(SystemApplicationClassLoaderWorker.java:71)\n[fcf97dad-c59a-4eae-a0fe-4062b75b0111/build-and-test]   |         at app//worker.org.gradle.process.internal.worker.GradleWorkerMain.run(GradleWorkerMain.java:69)\n[fcf97dad-c59a-4eae-a0fe-4062b75b0111/build-and-test]   |         at app//worker.org.gradle.process.internal.worker.GradleWorkerMain.main(GradleWorkerMain.java:74)\n[fcf97dad-c59a-4eae-a0fe-4062b75b0111/build-and-test]   | \n[fcf97dad-c59a-4eae-a0fe-4062b75b0111/build-and-test]   | YoutubeMusicSearchExtractorTest$MusicPlaylists > testRelatedItems() FAILED\n[fcf97dad-c59a-4eae-a0fe-4062b75b0111/build-and-test]   |     org.opentest4j.AssertionFailedError: List of items is empty ==> expected: <false> but was: <true>\n[fcf97dad-c59a-4eae-a0fe-4062b75b0111/build-and-test]   |         at app//org.junit.jupiter.api.AssertionFailureBuilder.build(AssertionFailureBuilder.java:151)\n[fcf97dad-c59a-4eae-a0fe-4062b75b0111/build-and-test]   |         at app//org.junit.jupiter.api.AssertionFailureBuilder.buildAndThrow(AssertionFailureBuilder.java:132)\n[fcf97dad-c59a-4eae-a0fe-4062b75b0111/build-and-test]   |         at app//org.junit.jupiter.api.AssertFalse.failNotFalse(AssertFalse.java:63)\n[fcf97dad-c59a-4eae-a0fe-4062b75b0111/build-and-test]   |         at app//org.junit.jupiter.api.AssertFalse.assertFalse(AssertFalse.java:36)\n[fcf97dad-c59a-4eae-a0fe-4062b75b0111/build-and-test]   |         at app//org.junit.jupiter.api.Assertions.assertFalse(Assertions.java:236)\n[fcf97dad-c59a-4eae-a0fe-4062b75b0111/build-and-test]   |         at app//org.schabi.newpipe.extractor.services.DefaultTests.defaultTestListOfItems(DefaultTests.java:24)\n[fcf97dad-c59a-4eae-a0fe-4062b75b0111/build-and-test]   |         at app//org.schabi.newpipe.extractor.services.DefaultTests.defaultTestRelatedItems(DefaultTests.java:118)\n[fcf97dad-c59a-4eae-a0fe-4062b75b0111/build-and-test]   |         at app//org.schabi.newpipe.extractor.services.DefaultListExtractorTest.testRelatedItems(DefaultListExtractorTest.java:29)\n[fcf97dad-c59a-4eae-a0fe-4062b75b0111/build-and-test]   |         at java.base@11.0.19/jdk.internal.reflect.NativeMethodAccessorImpl.invoke0(Native Method)\n[fcf97dad-c59a-4eae-a0fe-4062b75b0111/build-and-test]   |         at java.base@11.0.19/jdk.internal.reflect.NativeMethodAccessorImpl.invoke(NativeMethodAccessorImpl.java:62)\n[fcf97dad-c59a-4eae-a0fe-4062b75b0111/build-and-test]   |         at java.base@11.0.19/jdk.internal.reflect.DelegatingMethodAccessorImpl.invoke(DelegatingMethodAccessorImpl.java:43)\n[fcf97dad-c59a-4eae-a0fe-4062b75b0111/build-and-test]   |         at java.base@11.0.19/java.lang.reflect.Method.invoke(Method.java:566)\n[fcf97dad-c59a-4eae-a0fe-4062b75b0111/build-and-test]   |         at app//org.junit.platform.commons.util.ReflectionUtils.invokeMethod(ReflectionUtils.java:727)\n[fcf97dad-c59a-4eae-a0fe-4062b75b0111/build-and-test]   |         at app//org.junit.jupiter.engine.execution.MethodInvocation.proceed(MethodInvocation.java:60)\n[fcf97dad-c59a-4eae-a0fe-4062b75b0111/build-and-test]   |         at app//org.junit.jupiter.engine.execution.InvocationInterceptorChain$ValidatingInvocation.proceed(InvocationInterceptorChain.java:131)\n[fcf97dad-c59a-4eae-a0fe-4062b75b0111/build-and-test]   |         at app//org.junit.jupiter.engine.extension.TimeoutExtension.intercept(TimeoutExtension.java:156)\n[fcf97dad-c59a-4eae-a0fe-4062b75b0111/build-and-test]   |         at app//org.junit.jupiter.engine.extension.TimeoutExtension.interceptTestableMethod(TimeoutExtension.java:147)\n[fcf97dad-c59a-4eae-a0fe-4062b75b0111/build-and-test]   |         at app//org.junit.jupiter.engine.extension.TimeoutExtension.interceptTestMethod(TimeoutExtension.java:86)\n[fcf97dad-c59a-4eae-a0fe-4062b75b0111/build-and-test]   |         at app//org.junit.jupiter.engine.execution.InterceptingExecutableInvoker$ReflectiveInterceptorCall.lambda$ofVoidMethod$0(InterceptingExecutableInvoker.java:103)\n[fcf97dad-c59a-4eae-a0fe-4062b75b0111/build-and-test]   |         at app//org.junit.jupiter.engine.execution.InterceptingExecutableInvoker.lambda$invoke$0(InterceptingExecutableInvoker.java:93)\n[fcf97dad-c59a-4eae-a0fe-4062b75b0111/build-and-test]   |         at app//org.junit.jupiter.engine.execution.InvocationInterceptorChain$InterceptedInvocation.proceed(InvocationInterceptorChain.java:106)\n[fcf97dad-c59a-4eae-a0fe-4062b75b0111/build-and-test]   |         at app//org.junit.jupiter.engine.execution.InvocationInterceptorChain.proceed(InvocationInterceptorChain.java:64)\n[fcf97dad-c59a-4eae-a0fe-4062b75b0111/build-and-test]   |         at app//org.junit.jupiter.engine.execution.InvocationInterceptorChain.chainAndInvoke(InvocationInterceptorChain.java:45)\n[fcf97dad-c59a-4eae-a0fe-4062b75b0111/build-and-test]   |         at app//org.junit.jupiter.engine.execution.InvocationInterceptorChain.invoke(InvocationInterceptorChain.java:37)\n[fcf97dad-c59a-4eae-a0fe-4062b75b0111/build-and-test]   |         at app//org.junit.jupiter.engine.execution.InterceptingExecutableInvoker.invoke(InterceptingExecutableInvoker.java:92)\n[fcf97dad-c59a-4eae-a0fe-4062b75b0111/build-and-test]   |         at app//org.junit.jupiter.engine.execution.InterceptingExecutableInvoker.invoke(InterceptingExecutableInvoker.java:86)\n[fcf97dad-c59a-4eae-a0fe-4062b75b0111/build-and-test]   |         at app//org.junit.jupiter.engine.descriptor.TestMethodTestDescriptor.lambda$invokeTestMethod$7(TestMethodTestDescriptor.java:217)\n[fcf97dad-c59a-4eae-a0fe-4062b75b0111/build-and-test]   |         at app//org.junit.platform.engine.support.hierarchical.ThrowableCollector.execute(ThrowableCollector.java:73)\n[fcf97dad-c59a-4eae-a0fe-4062b75b0111/build-and-test]   |         at app//org.junit.jupiter.engine.descriptor.TestMethodTestDescriptor.invokeTestMethod(TestMethodTestDescriptor.java:213)\n[fcf97dad-c59a-4eae-a0fe-4062b75b0111/build-and-test]   |         at app//org.junit.jupiter.engine.descriptor.TestMethodTestDescriptor.execute(TestMethodTestDescriptor.java:138)\n[fcf97dad-c59a-4eae-a0fe-4062b75b0111/build-and-test]   |         at app//org.junit.jupiter.engine.descriptor.TestMethodTestDescriptor.execute(TestMethodTestDescriptor.java:68)\n[fcf97dad-c59a-4eae-a0fe-4062b75b0111/build-and-test]   |         at app//org.junit.platform.engine.support.hierarchical.NodeTestTask.lambda$executeRecursively$6(NodeTestTask.java:151)\n[fcf97dad-c59a-4eae-a0fe-4062b75b0111/build-and-test]   |         at app//org.junit.platform.engine.support.hierarchical.ThrowableCollector.execute(ThrowableCollector.java:73)\n[fcf97dad-c59a-4eae-a0fe-4062b75b0111/build-and-test]   |         at app//org.junit.platform.engine.support.hierarchical.NodeTestTask.lambda$executeRecursively$8(NodeTestTask.java:141)\n[fcf97dad-c59a-4eae-a0fe-4062b75b0111/build-and-test]   |         at app//org.junit.platform.engine.support.hierarchical.Node.around(Node.java:137)\n[fcf97dad-c59a-4eae-a0fe-4062b75b0111/build-and-test]   |         at app//org.junit.platform.engine.support.hierarchical.NodeTestTask.lambda$executeRecursively$9(NodeTestTask.java:139)\n[fcf97dad-c59a-4eae-a0fe-4062b75b0111/build-and-test]   |         at app//org.junit.platform.engine.support.hierarchical.ThrowableCollector.execute(ThrowableCollector.java:73)\n[fcf97dad-c59a-4eae-a0fe-4062b75b0111/build-and-test]   |         at app//org.junit.platform.engine.support.hierarchical.NodeTestTask.executeRecursively(NodeTestTask.java:138)\n[fcf97dad-c59a-4eae-a0fe-4062b75b0111/build-and-test]   |         at app//org.junit.platform.engine.support.hierarchical.NodeTestTask.execute(NodeTestTask.java:95)\n[fcf97dad-c59a-4eae-a0fe-4062b75b0111/build-and-test]   |         at java.base@11.0.19/java.util.ArrayList.forEach(ArrayList.java:1541)\n[fcf97dad-c59a-4eae-a0fe-4062b75b0111/build-and-test]   |         at app//org.junit.platform.engine.support.hierarchical.SameThreadHierarchicalTestExecutorService.invokeAll(SameThreadHierarchicalTestExecutorService.java:41)\n[fcf97dad-c59a-4eae-a0fe-4062b75b0111/build-and-test]   |         at app//org.junit.platform.engine.support.hierarchical.NodeTestTask.lambda$executeRecursively$6(NodeTestTask.java:155)\n[fcf97dad-c59a-4eae-a0fe-4062b75b0111/build-and-test]   |         at app//org.junit.platform.engine.support.hierarchical.ThrowableCollector.execute(ThrowableCollector.java:73)\n[fcf97dad-c59a-4eae-a0fe-4062b75b0111/build-and-test]   |         at app//org.junit.platform.engine.support.hierarchical.NodeTestTask.lambda$executeRecursively$8(NodeTestTask.java:141)\n[fcf97dad-c59a-4eae-a0fe-4062b75b0111/build-and-test]   |         at app//org.junit.platform.engine.support.hierarchical.Node.around(Node.java:137)\n[fcf97dad-c59a-4eae-a0fe-4062b75b0111/build-and-test]   |         at app//org.junit.platform.engine.support.hierarchical.NodeTestTask.lambda$executeRecursively$9(NodeTestTask.java:139)\n[fcf97dad-c59a-4eae-a0fe-4062b75b0111/build-and-test]   |         at app//org.junit.platform.engine.support.hierarchical.ThrowableCollector.execute(ThrowableCollector.java:73)\n[fcf97dad-c59a-4eae-a0fe-4062b75b0111/build-and-test]   |         at app//org.junit.platform.engine.support.hierarchical.NodeTestTask.executeRecursively(NodeTestTask.java:138)\n[fcf97dad-c59a-4eae-a0fe-4062b75b0111/build-and-test]   |         at app//org.junit.platform.engine.support.hierarchical.NodeTestTask.execute(NodeTestTask.java:95)\n[fcf97dad-c59a-4eae-a0fe-4062b75b0111/build-and-test]   |         at java.base@11.0.19/java.util.ArrayList.forEach(ArrayList.java:1541)\n[fcf97dad-c59a-4eae-a0fe-4062b75b0111/build-and-test]   |         at app//org.junit.platform.engine.support.hierarchical.SameThreadHierarchicalTestExecutorService.invokeAll(SameThreadHierarchicalTestExecutorService.java:41)\n[fcf97dad-c59a-4eae-a0fe-4062b75b0111/build-and-test]   |         at app//org.junit.platform.engine.support.hierarchical.NodeTestTask.lambda$executeRecursively$6(NodeTestTask.java:155)\n[fcf97dad-c59a-4eae-a0fe-4062b75b0111/build-and-test]   |         at app//org.junit.platform.engine.support.hierarchical.ThrowableCollector.execute(ThrowableCollector.java:73)\n[fcf97dad-c59a-4eae-a0fe-4062b75b0111/build-and-test]   |         at app//org.junit.platform.engine.support.hierarchical.NodeTestTask.lambda$executeRecursively$8(NodeTestTask.java:141)\n[fcf97dad-c59a-4eae-a0fe-4062b75b0111/build-and-test]   |         at app//org.junit.platform.engine.support.hierarchical.Node.around(Node.java:137)\n[fcf97dad-c59a-4eae-a0fe-4062b75b0111/build-and-test]   |         at app//org.junit.platform.engine.support.hierarchical.NodeTestTask.lambda$executeRecursively$9(NodeTestTask.java:139)\n[fcf97dad-c59a-4eae-a0fe-4062b75b0111/build-and-test]   |         at app//org.junit.platform.engine.support.hierarchical.ThrowableCollector.execute(ThrowableCollector.java:73)\n[fcf97dad-c59a-4eae-a0fe-4062b75b0111/build-and-test]   |         at app//org.junit.platform.engine.support.hierarchical.NodeTestTask.executeRecursively(NodeTestTask.java:138)\n[fcf97dad-c59a-4eae-a0fe-4062b75b0111/build-and-test]   |         at app//org.junit.platform.engine.support.hierarchical.NodeTestTask.execute(NodeTestTask.java:95)\n[fcf97dad-c59a-4eae-a0fe-4062b75b0111/build-and-test]   |         at app//org.junit.platform.engine.support.hierarchical.SameThreadHierarchicalTestExecutorService.submit(SameThreadHierarchicalTestExecutorService.java:35)\n[fcf97dad-c59a-4eae-a0fe-4062b75b0111/build-and-test]   |         at app//org.junit.platform.engine.support.hierarchical.HierarchicalTestExecutor.execute(HierarchicalTestExecutor.java:57)\n[fcf97dad-c59a-4eae-a0fe-4062b75b0111/build-and-test]   |         at app//org.junit.platform.engine.support.hierarchical.HierarchicalTestEngine.execute(HierarchicalTestEngine.java:54)\n[fcf97dad-c59a-4eae-a0fe-4062b75b0111/build-and-test]   |         at org.junit.platform.launcher.core.EngineExecutionOrchestrator.execute(EngineExecutionOrchestrator.java:107)\n[fcf97dad-c59a-4eae-a0fe-4062b75b0111/build-and-test]   |         at org.junit.platform.launcher.core.EngineExecutionOrchestrator.execute(EngineExecutionOrchestrator.java:88)\n[fcf97dad-c59a-4eae-a0fe-4062b75b0111/build-and-test]   |         at org.junit.platform.launcher.core.EngineExecutionOrchestrator.lambda$execute$0(EngineExecutionOrchestrator.java:54)\n[fcf97dad-c59a-4eae-a0fe-4062b75b0111/build-and-test]   |         at org.junit.platform.launcher.core.EngineExecutionOrchestrator.withInterceptedStreams(EngineExecutionOrchestrator.java:67)\n[fcf97dad-c59a-4eae-a0fe-4062b75b0111/build-and-test]   |         at org.junit.platform.launcher.core.EngineExecutionOrchestrator.execute(EngineExecutionOrchestrator.java:52)\n[fcf97dad-c59a-4eae-a0fe-4062b75b0111/build-and-test]   |         at org.junit.platform.launcher.core.DefaultLauncher.execute(DefaultLauncher.java:114)\n[fcf97dad-c59a-4eae-a0fe-4062b75b0111/build-and-test]   |         at org.junit.platform.launcher.core.DefaultLauncher.execute(DefaultLauncher.java:86)\n[fcf97dad-c59a-4eae-a0fe-4062b75b0111/build-and-test]   |         at org.junit.platform.launcher.core.DefaultLauncherSession$DelegatingLauncher.execute(DefaultLauncherSession.java:86)\n[fcf97dad-c59a-4eae-a0fe-4062b75b0111/build-and-test]   |         at org.junit.platform.launcher.core.SessionPerRequestLauncher.execute(SessionPerRequestLauncher.java:53)\n[fcf97dad-c59a-4eae-a0fe-4062b75b0111/build-and-test]   |         at org.gradle.api.internal.tasks.testing.junitplatform.JUnitPlatformTestClassProcessor$CollectAllTestClassesExecutor.processAllTestClasses(JUnitPlatformTestClassProcessor.java:99)\n[fcf97dad-c59a-4eae-a0fe-4062b75b0111/build-and-test]   |         at org.gradle.api.internal.tasks.testing.junitplatform.JUnitPlatformTestClassProcessor$CollectAllTestClassesExecutor.access$000(JUnitPlatformTestClassProcessor.java:79)\n[fcf97dad-c59a-4eae-a0fe-4062b75b0111/build-and-test]   |         at org.gradle.api.internal.tasks.testing.junitplatform.JUnitPlatformTestClassProcessor.stop(JUnitPlatformTestClassProcessor.java:75)\n[fcf97dad-c59a-4eae-a0fe-4062b75b0111/build-and-test]   |         at org.gradle.api.internal.tasks.testing.SuiteTestClassProcessor.stop(SuiteTestClassProcessor.java:61)\n[fcf97dad-c59a-4eae-a0fe-4062b75b0111/build-and-test]   |         at java.base@11.0.19/jdk.internal.reflect.NativeMethodAccessorImpl.invoke0(Native Method)\n[fcf97dad-c59a-4eae-a0fe-4062b75b0111/build-and-test]   |         at java.base@11.0.19/jdk.internal.reflect.NativeMethodAccessorImpl.invoke(NativeMethodAccessorImpl.java:62)\n[fcf97dad-c59a-4eae-a0fe-4062b75b0111/build-and-test]   |         at java.base@11.0.19/jdk.internal.reflect.DelegatingMethodAccessorImpl.invoke(DelegatingMethodAccessorImpl.java:43)\n[fcf97dad-c59a-4eae-a0fe-4062b75b0111/build-and-test]   |         at java.base@11.0.19/java.lang.reflect.Method.invoke(Method.java:566)\n[fcf97dad-c59a-4eae-a0fe-4062b75b0111/build-and-test]   |         at org.gradle.internal.dispatch.ReflectionDispatch.dispatch(ReflectionDispatch.java:36)\n[fcf97dad-c59a-4eae-a0fe-4062b75b0111/build-and-test]   |         at org.gradle.internal.dispatch.ReflectionDispatch.dispatch(ReflectionDispatch.java:24)\n[fcf97dad-c59a-4eae-a0fe-4062b75b0111/build-and-test]   |         at org.gradle.internal.dispatch.ContextClassLoaderDispatch.dispatch(ContextClassLoaderDispatch.java:33)\n[fcf97dad-c59a-4eae-a0fe-4062b75b0111/build-and-test]   |         at org.gradle.internal.dispatch.ProxyDispatchAdapter$DispatchingInvocationHandler.invoke(ProxyDispatchAdapter.java:94)\n[fcf97dad-c59a-4eae-a0fe-4062b75b0111/build-and-test]   |         at com.sun.proxy.$Proxy2.stop(Unknown Source)\n[fcf97dad-c59a-4eae-a0fe-4062b75b0111/build-and-test]   |         at org.gradle.api.internal.tasks.testing.worker.TestWorker$3.run(TestWorker.java:193)\n[fcf97dad-c59a-4eae-a0fe-4062b75b0111/build-and-test]   |         at org.gradle.api.internal.tasks.testing.worker.TestWorker.executeAndMaintainThreadName(TestWorker.java:129)\n[fcf97dad-c59a-4eae-a0fe-4062b75b0111/build-and-test]   |         at org.gradle.api.internal.tasks.testing.worker.TestWorker.execute(TestWorker.java:100)\n[fcf97dad-c59a-4eae-a0fe-4062b75b0111/build-and-test]   |         at org.gradle.api.internal.tasks.testing.worker.TestWorker.execute(TestWorker.java:60)\n[fcf97dad-c59a-4eae-a0fe-4062b75b0111/build-and-test]   |         at org.gradle.process.internal.worker.child.ActionExecutionWorker.execute(ActionExecutionWorker.java:56)\n[fcf97dad-c59a-4eae-a0fe-4062b75b0111/build-and-test]   |         at org.gradle.process.internal.worker.child.SystemApplicationClassLoaderWorker.call(SystemApplicationClassLoaderWorker.java:133)\n[fcf97dad-c59a-4eae-a0fe-4062b75b0111/build-and-test]   |         at org.gradle.process.internal.worker.child.SystemApplicationClassLoaderWorker.call(SystemApplicationClassLoaderWorker.java:71)\n[fcf97dad-c59a-4eae-a0fe-4062b75b0111/build-and-test]   |         at app//worker.org.gradle.process.internal.worker.GradleWorkerMain.run(GradleWorkerMain.java:69)\n[fcf97dad-c59a-4eae-a0fe-4062b75b0111/build-and-test]   |         at app//worker.org.gradle.process.internal.worker.GradleWorkerMain.main(GradleWorkerMain.java:74)\n[fcf97dad-c59a-4eae-a0fe-4062b75b0111/build-and-test]   | \n[fcf97dad-c59a-4eae-a0fe-4062b75b0111/build-and-test]   | YoutubeMusicSearchExtractorTest$Suggestion > testUrl() SKIPPED\n[fcf97dad-c59a-4eae-a0fe-4062b75b0111/build-and-test]   | \n[fcf97dad-c59a-4eae-a0fe-4062b75b0111/build-and-test]   | YoutubeMusicSearchExtractorTest$Suggestion > testName() SKIPPED\n[fcf97dad-c59a-4eae-a0fe-4062b75b0111/build-and-test]   | \n[fcf97dad-c59a-4eae-a0fe-4062b75b0111/build-and-test]   | YoutubeMusicSearchExtractorTest$Suggestion > testId() SKIPPED\n[fcf97dad-c59a-4eae-a0fe-4062b75b0111/build-and-test]   | \n[fcf97dad-c59a-4eae-a0fe-4062b75b0111/build-and-test]   | YoutubeMusicSearchExtractorTest$Suggestion > testServiceId() SKIPPED\n[fcf97dad-c59a-4eae-a0fe-4062b75b0111/build-and-test]   | \n[fcf97dad-c59a-4eae-a0fe-4062b75b0111/build-and-test]   | YoutubeMusicSearchExtractorTest$Suggestion > testOriginalUrl() SKIPPED\n[fcf97dad-c59a-4eae-a0fe-4062b75b0111/build-and-test]   | \n[fcf97dad-c59a-4eae-a0fe-4062b75b0111/build-and-test]   | YoutubeMusicSearchExtractorTest$Suggestion > testMoreRelatedItems() SKIPPED\n[fcf97dad-c59a-4eae-a0fe-4062b75b0111/build-and-test]   | \n[fcf97dad-c59a-4eae-a0fe-4062b75b0111/build-and-test]   | YoutubeMusicSearchExtractorTest$Suggestion > testRelatedItems() SKIPPED\n[fcf97dad-c59a-4eae-a0fe-4062b75b0111/build-and-test]   | \n[fcf97dad-c59a-4eae-a0fe-4062b75b0111/build-and-test]   | YoutubeMusicSearchExtractorTest$Suggestion > testSearchSuggestion() SKIPPED\n[fcf97dad-c59a-4eae-a0fe-4062b75b0111/build-and-test]   | \n[fcf97dad-c59a-4eae-a0fe-4062b75b0111/build-and-test]   | YoutubeMusicSearchExtractorTest$Suggestion > testMetaInfo() SKIPPED\n[fcf97dad-c59a-4eae-a0fe-4062b75b0111/build-and-test]   | \n[fcf97dad-c59a-4eae-a0fe-4062b75b0111/build-and-test]   | YoutubeMusicSearchExtractorTest$Suggestion > testSearchCorrected() SKIPPED\n[fcf97dad-c59a-4eae-a0fe-4062b75b0111/build-and-test]   | \n[fcf97dad-c59a-4eae-a0fe-4062b75b0111/build-and-test]   | YoutubeMusicSearchExtractorTest$Suggestion > testSearchString() SKIPPED\n[fcf97dad-c59a-4eae-a0fe-4062b75b0111/build-and-test]   | \n[fcf97dad-c59a-4eae-a0fe-4062b75b0111/build-and-test]   | YoutubeStreamExtractorDefaultTest$RatingsDisabledTest > testUrl() SKIPPED\n[fcf97dad-c59a-4eae-a0fe-4062b75b0111/build-and-test]   | \n[fcf97dad-c59a-4eae-a0fe-4062b75b0111/build-and-test]   | YoutubeStreamExtractorDefaultTest$RatingsDisabledTest > testName() SKIPPED\n[fcf97dad-c59a-4eae-a0fe-4062b75b0111/build-and-test]   | \n[fcf97dad-c59a-4eae-a0fe-4062b75b0111/build-and-test]   | YoutubeStreamExtractorDefaultTest$RatingsDisabledTest > testId() SKIPPED\n[fcf97dad-c59a-4eae-a0fe-4062b75b0111/build-and-test]   | \n[fcf97dad-c59a-4eae-a0fe-4062b75b0111/build-and-test]   | YoutubeStreamExtractorDefaultTest$RatingsDisabledTest > testServiceId() SKIPPED\n[fcf97dad-c59a-4eae-a0fe-4062b75b0111/build-and-test]   | \n[fcf97dad-c59a-4eae-a0fe-4062b75b0111/build-and-test]   | YoutubeStreamExtractorDefaultTest$RatingsDisabledTest > testOriginalUrl() SKIPPED\n[fcf97dad-c59a-4eae-a0fe-4062b75b0111/build-and-test]   | \n[fcf97dad-c59a-4eae-a0fe-4062b75b0111/build-and-test]   | YoutubeStreamExtractorDefaultTest$RatingsDisabledTest > testAgeLimit() SKIPPED\n[fcf97dad-c59a-4eae-a0fe-4062b75b0111/build-and-test]   | \n[fcf97dad-c59a-4eae-a0fe-4062b75b0111/build-and-test]   | YoutubeStreamExtractorDefaultTest$RatingsDisabledTest > testErrorMessage() SKIPPED\n[fcf97dad-c59a-4eae-a0fe-4062b75b0111/build-and-test]   | \n[fcf97dad-c59a-4eae-a0fe-4062b75b0111/build-and-test]   | YoutubeStreamExtractorDefaultTest$RatingsDisabledTest > testStreamType() SKIPPED\n[fcf97dad-c59a-4eae-a0fe-4062b75b0111/build-and-test]   | \n[fcf97dad-c59a-4eae-a0fe-4062b75b0111/build-and-test]   | YoutubeStreamExtractorDefaultTest$RatingsDisabledTest > testSubChannelName() SKIPPED\n[fcf97dad-c59a-4eae-a0fe-4062b75b0111/build-and-test]   | \n[fcf97dad-c59a-4eae-a0fe-4062b75b0111/build-and-test]   | YoutubeStreamExtractorDefaultTest$RatingsDisabledTest > testTextualUploadDate() SKIPPED\n[fcf97dad-c59a-4eae-a0fe-4062b75b0111/build-and-test]   | \n[fcf97dad-c59a-4eae-a0fe-4062b75b0111/build-and-test]   | YoutubeStreamExtractorDefaultTest$RatingsDisabledTest > testHost() SKIPPED\n[fcf97dad-c59a-4eae-a0fe-4062b75b0111/build-and-test]   | \n[fcf97dad-c59a-4eae-a0fe-4062b75b0111/build-and-test]   | YoutubeStreamExtractorDefaultTest$RatingsDisabledTest > testTags() SKIPPED\n[fcf97dad-c59a-4eae-a0fe-4062b75b0111/build-and-test]   | \n[fcf97dad-c59a-4eae-a0fe-4062b75b0111/build-and-test]   | YoutubeStreamExtractorDefaultTest$RatingsDisabledTest > testLanguageInfo() SKIPPED\n[fcf97dad-c59a-4eae-a0fe-4062b75b0111/build-and-test]   | \n[fcf97dad-c59a-4eae-a0fe-4062b75b0111/build-and-test]   | YoutubeStreamExtractorDefaultTest$RatingsDisabledTest > testVideoStreams() SKIPPED\n[fcf97dad-c59a-4eae-a0fe-4062b75b0111/build-and-test]   | \n[fcf97dad-c59a-4eae-a0fe-4062b75b0111/build-and-test]   | YoutubeStreamExtractorDefaultTest$RatingsDisabledTest > testUploadDate() SKIPPED\n[fcf97dad-c59a-4eae-a0fe-4062b75b0111/build-and-test]   | \n[fcf97dad-c59a-4eae-a0fe-4062b75b0111/build-and-test]   | YoutubeStreamExtractorDefaultTest$RatingsDisabledTest > testViewCount() SKIPPED\n[fcf97dad-c59a-4eae-a0fe-4062b75b0111/build-and-test]   | \n[fcf97dad-c59a-4eae-a0fe-4062b75b0111/build-and-test]   | YoutubeStreamExtractorDefaultTest$RatingsDisabledTest > testSubChannelAvatarUrl() SKIPPED\n[fcf97dad-c59a-4eae-a0fe-4062b75b0111/build-and-test]   | \n[fcf97dad-c59a-4eae-a0fe-4062b75b0111/build-and-test]   | YoutubeStreamExtractorDefaultTest$RatingsDisabledTest > testPrivacy() SKIPPED\n[fcf97dad-c59a-4eae-a0fe-4062b75b0111/build-and-test]   | \n[fcf97dad-c59a-4eae-a0fe-4062b75b0111/build-and-test]   | YoutubeStreamExtractorDefaultTest$RatingsDisabledTest > testUploaderVerified() SKIPPED\n[fcf97dad-c59a-4eae-a0fe-4062b75b0111/build-and-test]   | \n[fcf97dad-c59a-4eae-a0fe-4062b75b0111/build-and-test]   | YoutubeStreamExtractorDefaultTest$RatingsDisabledTest > testSubscriberCount() SKIPPED\n[fcf97dad-c59a-4eae-a0fe-4062b75b0111/build-and-test]   | \n[fcf97dad-c59a-4eae-a0fe-4062b75b0111/build-and-test]   | YoutubeStreamExtractorDefaultTest$RatingsDisabledTest > testLicence() SKIPPED\n[fcf97dad-c59a-4eae-a0fe-4062b75b0111/build-and-test]   | \n[fcf97dad-c59a-4eae-a0fe-4062b75b0111/build-and-test]   | YoutubeStreamExtractorDefaultTest$RatingsDisabledTest > testUploaderName() SKIPPED\n[fcf97dad-c59a-4eae-a0fe-4062b75b0111/build-and-test]   | \n[fcf97dad-c59a-4eae-a0fe-4062b75b0111/build-and-test]   | YoutubeStreamExtractorDefaultTest$RatingsDisabledTest > testDislikeCount() SKIPPED\n[fcf97dad-c59a-4eae-a0fe-4062b75b0111/build-and-test]   | \n[fcf97dad-c59a-4eae-a0fe-4062b75b0111/build-and-test]   | YoutubeStreamExtractorDefaultTest$RatingsDisabledTest > testMetaInfo() SKIPPED\n[fcf97dad-c59a-4eae-a0fe-4062b75b0111/build-and-test]   | \n[fcf97dad-c59a-4eae-a0fe-4062b75b0111/build-and-test]   | YoutubeStreamExtractorDefaultTest$RatingsDisabledTest > testUploaderUrl() SKIPPED\n[fcf97dad-c59a-4eae-a0fe-4062b75b0111/build-and-test]   | \n[fcf97dad-c59a-4eae-a0fe-4062b75b0111/build-and-test]   | YoutubeStreamExtractorDefaultTest$RatingsDisabledTest > testLikeCount() SKIPPED\n[fcf97dad-c59a-4eae-a0fe-4062b75b0111/build-and-test]   | \n[fcf97dad-c59a-4eae-a0fe-4062b75b0111/build-and-test]   | YoutubeStreamExtractorDefaultTest$RatingsDisabledTest > testSubChannelUrl() SKIPPED\n[fcf97dad-c59a-4eae-a0fe-4062b75b0111/build-and-test]   | \n[fcf97dad-c59a-4eae-a0fe-4062b75b0111/build-and-test]   | YoutubeStreamExtractorDefaultTest$RatingsDisabledTest > testUploaderAvatarUrl() SKIPPED\n[fcf97dad-c59a-4eae-a0fe-4062b75b0111/build-and-test]   | \n[fcf97dad-c59a-4eae-a0fe-4062b75b0111/build-and-test]   | YoutubeStreamExtractorDefaultTest$RatingsDisabledTest > testThumbnailUrl() SKIPPED\n[fcf97dad-c59a-4eae-a0fe-4062b75b0111/build-and-test]   | \n[fcf97dad-c59a-4eae-a0fe-4062b75b0111/build-and-test]   | YoutubeStreamExtractorDefaultTest$RatingsDisabledTest > testTimestamp() SKIPPED\n[fcf97dad-c59a-4eae-a0fe-4062b75b0111/build-and-test]   | \n[fcf97dad-c59a-4eae-a0fe-4062b75b0111/build-and-test]   | YoutubeStreamExtractorDefaultTest$RatingsDisabledTest > testCategory() SKIPPED\n[fcf97dad-c59a-4eae-a0fe-4062b75b0111/build-and-test]   | \n[fcf97dad-c59a-4eae-a0fe-4062b75b0111/build-and-test]   | YoutubeStreamExtractorDefaultTest$RatingsDisabledTest > testRelatedItems() SKIPPED\n[fcf97dad-c59a-4eae-a0fe-4062b75b0111/build-and-test]   | \n[fcf97dad-c59a-4eae-a0fe-4062b75b0111/build-and-test]   | YoutubeStreamExtractorDefaultTest$RatingsDisabledTest > testSubtitles() SKIPPED\n[fcf97dad-c59a-4eae-a0fe-4062b75b0111/build-and-test]   | \n[fcf97dad-c59a-4eae-a0fe-4062b75b0111/build-and-test]   | YoutubeStreamExtractorDefaultTest$RatingsDisabledTest > testFrames() SKIPPED\n[fcf97dad-c59a-4eae-a0fe-4062b75b0111/build-and-test]   | \n[fcf97dad-c59a-4eae-a0fe-4062b75b0111/build-and-test]   | YoutubeStreamExtractorDefaultTest$RatingsDisabledTest > testLength() SKIPPED\n[fcf97dad-c59a-4eae-a0fe-4062b75b0111/build-and-test]   | \n[fcf97dad-c59a-4eae-a0fe-4062b75b0111/build-and-test]   | YoutubeStreamExtractorDefaultTest$RatingsDisabledTest > testStreamSegmentsCount() SKIPPED\n[fcf97dad-c59a-4eae-a0fe-4062b75b0111/build-and-test]   | \n[fcf97dad-c59a-4eae-a0fe-4062b75b0111/build-and-test]   | YoutubeStreamExtractorDefaultTest$RatingsDisabledTest > testSupportInfo() SKIPPED\n[fcf97dad-c59a-4eae-a0fe-4062b75b0111/build-and-test]   | \n[fcf97dad-c59a-4eae-a0fe-4062b75b0111/build-and-test]   | YoutubeStreamExtractorDefaultTest$RatingsDisabledTest > testAudioStreams() SKIPPED\n[fcf97dad-c59a-4eae-a0fe-4062b75b0111/build-and-test]   | \n[fcf97dad-c59a-4eae-a0fe-4062b75b0111/build-and-test]   | YoutubeStreamExtractorDefaultTest$RatingsDisabledTest > testDescription() SKIPPED\n[fcf97dad-c59a-4eae-a0fe-4062b75b0111/build-and-test]   | \n[fcf97dad-c59a-4eae-a0fe-4062b75b0111/build-and-test]   | YoutubeStreamExtractorDefaultTest$StreamSegmentsTestMaiLab > testName() SKIPPED\n[fcf97dad-c59a-4eae-a0fe-4062b75b0111/build-and-test]   | \n[fcf97dad-c59a-4eae-a0fe-4062b75b0111/build-and-test]   | YoutubeStreamExtractorDefaultTest$StreamSegmentsTestMaiLab > testTags() SKIPPED\n[fcf97dad-c59a-4eae-a0fe-4062b75b0111/build-and-test]   | \n[fcf97dad-c59a-4eae-a0fe-4062b75b0111/build-and-test]   | YoutubeStreamExtractorRelatedMixTest > testRelatedItems() SKIPPED\n[fcf97dad-c59a-4eae-a0fe-4062b75b0111/build-and-test]   | \n[fcf97dad-c59a-4eae-a0fe-4062b75b0111/build-and-test]   | 1983 tests completed, 7 failed, 115 skipped\n[fcf97dad-c59a-4eae-a0fe-4062b75b0111/build-and-test]   | \n[fcf97dad-c59a-4eae-a0fe-4062b75b0111/build-and-test]   | > Task :extractor:test FAILED\n[fcf97dad-c59a-4eae-a0fe-4062b75b0111/build-and-test]   | \n[fcf97dad-c59a-4eae-a0fe-4062b75b0111/build-and-test]   | FAILURE: Build failed with an exception.\n[fcf97dad-c59a-4eae-a0fe-4062b75b0111/build-and-test]   | \n[fcf97dad-c59a-4eae-a0fe-4062b75b0111/build-and-test]   | * What went wrong:\n[fcf97dad-c59a-4eae-a0fe-4062b75b0111/build-and-test]   | Execution failed for task ':extractor:test'.\n[fcf97dad-c59a-4eae-a0fe-4062b75b0111/build-and-test]   | > There were failing tests. See the report at: file:///tmp/3d783ea4-1661-11ee-8a50-bb14de238602/TeamNewPipe-NewPipeExtractor/extractor/build/reports/tests/test/index.html\n[fcf97dad-c59a-4eae-a0fe-4062b75b0111/build-and-test]   | \n[fcf97dad-c59a-4eae-a0fe-4062b75b0111/build-and-test]   | * Try:\n[fcf97dad-c59a-4eae-a0fe-4062b75b0111/build-and-test]   | > Run with --info or --debug option to get more log output.\n[fcf97dad-c59a-4eae-a0fe-4062b75b0111/build-and-test]   | > Run with --scan to get full insights.\n[fcf97dad-c59a-4eae-a0fe-4062b75b0111/build-and-test]   | \n[fcf97dad-c59a-4eae-a0fe-4062b75b0111/build-and-test]   | * Exception is:\n[fcf97dad-c59a-4eae-a0fe-4062b75b0111/build-and-test]   | org.gradle.api.tasks.TaskExecutionException: Execution failed for task ':extractor:test'.\n[fcf97dad-c59a-4eae-a0fe-4062b75b0111/build-and-test]   | \tat org.gradle.api.internal.tasks.execution.ExecuteActionsTaskExecuter.lambda$executeIfValid$1(ExecuteActionsTaskExecuter.java:142)\n[fcf97dad-c59a-4eae-a0fe-4062b75b0111/build-and-test]   | \tat org.gradle.internal.Try$Failure.ifSuccessfulOrElse(Try.java:282)\n[fcf97dad-c59a-4eae-a0fe-4062b75b0111/build-and-test]   | \tat org.gradle.api.internal.tasks.execution.ExecuteActionsTaskExecuter.executeIfValid(ExecuteActionsTaskExecuter.java:140)\n[fcf97dad-c59a-4eae-a0fe-4062b75b0111/build-and-test]   | \tat org.gradle.api.internal.tasks.execution.ExecuteActionsTaskExecuter.execute(ExecuteActionsTaskExecuter.java:128)\n[fcf97dad-c59a-4eae-a0fe-4062b75b0111/build-and-test]   | \tat org.gradle.api.internal.tasks.execution.CleanupStaleOutputsExecuter.execute(CleanupStaleOutputsExecuter.java:77)\n[fcf97dad-c59a-4eae-a0fe-4062b75b0111/build-and-test]   | \tat org.gradle.api.internal.tasks.execution.FinalizePropertiesTaskExecuter.execute(FinalizePropertiesTaskExecuter.java:46)\n[fcf97dad-c59a-4eae-a0fe-4062b75b0111/build-and-test]   | \tat org.gradle.api.internal.tasks.execution.ResolveTaskExecutionModeExecuter.execute(ResolveTaskExecutionModeExecuter.java:51)\n[fcf97dad-c59a-4eae-a0fe-4062b75b0111/build-and-test]   | \tat org.gradle.api.internal.tasks.execution.SkipTaskWithNoActionsExecuter.execute(SkipTaskWithNoActionsExecuter.java:57)\n[fcf97dad-c59a-4eae-a0fe-4062b75b0111/build-and-test]   | \tat org.gradle.api.internal.tasks.execution.SkipOnlyIfTaskExecuter.execute(SkipOnlyIfTaskExecuter.java:56)\n[fcf97dad-c59a-4eae-a0fe-4062b75b0111/build-and-test]   | \tat org.gradle.api.internal.tasks.execution.CatchExceptionTaskExecuter.execute(CatchExceptionTaskExecuter.java:36)\n[fcf97dad-c59a-4eae-a0fe-4062b75b0111/build-and-test]   | \tat org.gradle.api.internal.tasks.execution.EventFiringTaskExecuter$1.executeTask(EventFiringTaskExecuter.java:77)\n[fcf97dad-c59a-4eae-a0fe-4062b75b0111/build-and-test]   | \tat org.gradle.api.internal.tasks.execution.EventFiringTaskExecuter$1.call(EventFiringTaskExecuter.java:55)\n[fcf97dad-c59a-4eae-a0fe-4062b75b0111/build-and-test]   | \tat org.gradle.api.internal.tasks.execution.EventFiringTaskExecuter$1.call(EventFiringTaskExecuter.java:52)\n[fcf97dad-c59a-4eae-a0fe-4062b75b0111/build-and-test]   | \tat org.gradle.internal.operations.DefaultBuildOperationRunner$CallableBuildOperationWorker.execute(DefaultBuildOperationRunner.java:204)\n[fcf97dad-c59a-4eae-a0fe-4062b75b0111/build-and-test]   | \tat org.gradle.internal.operations.DefaultBuildOperationRunner$CallableBuildOperationWorker.execute(DefaultBuildOperationRunner.java:199)\n[fcf97dad-c59a-4eae-a0fe-4062b75b0111/build-and-test]   | \tat org.gradle.internal.operations.DefaultBuildOperationRunner$2.execute(DefaultBuildOperationRunner.java:66)\n[fcf97dad-c59a-4eae-a0fe-4062b75b0111/build-and-test]   | \tat org.gradle.internal.operations.DefaultBuildOperationRunner$2.execute(DefaultBuildOperationRunner.java:59)\n[fcf97dad-c59a-4eae-a0fe-4062b75b0111/build-and-test]   | \tat org.gradle.internal.operations.DefaultBuildOperationRunner.execute(DefaultBuildOperationRunner.java:157)\n[fcf97dad-c59a-4eae-a0fe-4062b75b0111/build-and-test]   | \tat org.gradle.internal.operations.DefaultBuildOperationRunner.execute(DefaultBuildOperationRunner.java:59)\n[fcf97dad-c59a-4eae-a0fe-4062b75b0111/build-and-test]   | \tat org.gradle.internal.operations.DefaultBuildOperationRunner.call(DefaultBuildOperationRunner.java:53)\n[fcf97dad-c59a-4eae-a0fe-4062b75b0111/build-and-test]   | \tat org.gradle.internal.operations.DefaultBuildOperationExecutor.call(DefaultBuildOperationExecutor.java:73)\n[fcf97dad-c59a-4eae-a0fe-4062b75b0111/build-and-test]   | \tat org.gradle.api.internal.tasks.execution.EventFiringTaskExecuter.execute(EventFiringTaskExecuter.java:52)\n[fcf97dad-c59a-4eae-a0fe-4062b75b0111/build-and-test]   | \tat org.gradle.execution.plan.LocalTaskNodeExecutor.execute(LocalTaskNodeExecutor.java:69)\n[fcf97dad-c59a-4eae-a0fe-4062b75b0111/build-and-test]   | \tat org.gradle.execution.taskgraph.DefaultTaskExecutionGraph$InvokeNodeExecutorsAction.execute(DefaultTaskExecutionGraph.java:327)\n[fcf97dad-c59a-4eae-a0fe-4062b75b0111/build-and-test]   | \tat org.gradle.execution.taskgraph.DefaultTaskExecutionGraph$InvokeNodeExecutorsAction.execute(DefaultTaskExecutionGraph.java:314)\n[fcf97dad-c59a-4eae-a0fe-4062b75b0111/build-and-test]   | \tat org.gradle.execution.taskgraph.DefaultTaskExecutionGraph$BuildOperationAwareExecutionAction.execute(DefaultTaskExecutionGraph.java:307)\n[fcf97dad-c59a-4eae-a0fe-4062b75b0111/build-and-test]   | \tat org.gradle.execution.taskgraph.DefaultTaskExecutionGraph$BuildOperationAwareExecutionAction.execute(DefaultTaskExecutionGraph.java:293)\n[fcf97dad-c59a-4eae-a0fe-4062b75b0111/build-and-test]   | \tat org.gradle.execution.plan.DefaultPlanExecutor$ExecutorWorker.execute(DefaultPlanExecutor.java:420)\n[fcf97dad-c59a-4eae-a0fe-4062b75b0111/build-and-test]   | \tat org.gradle.execution.plan.DefaultPlanExecutor$ExecutorWorker.run(DefaultPlanExecutor.java:342)\n[fcf97dad-c59a-4eae-a0fe-4062b75b0111/build-and-test]   | \tat org.gradle.internal.concurrent.ExecutorPolicy$CatchAndRecordFailures.onExecute(ExecutorPolicy.java:64)\n[fcf97dad-c59a-4eae-a0fe-4062b75b0111/build-and-test]   | \tat org.gradle.internal.concurrent.ManagedExecutorImpl$1.run(ManagedExecutorImpl.java:48)\n[fcf97dad-c59a-4eae-a0fe-4062b75b0111/build-and-test]   | Caused by: org.gradle.api.tasks.VerificationException: There were failing tests. See the report at: file:///tmp/3d783ea4-1661-11ee-8a50-bb14de238602/TeamNewPipe-NewPipeExtractor/extractor/build/reports/tests/test/index.html\n[fcf97dad-c59a-4eae-a0fe-4062b75b0111/build-and-test]   | \tat org.gradle.api.tasks.testing.AbstractTestTask.handleTestFailures(AbstractTestTask.java:651)\n[fcf97dad-c59a-4eae-a0fe-4062b75b0111/build-and-test]   | \tat org.gradle.api.tasks.testing.AbstractTestTask.handleCollectedResults(AbstractTestTask.java:513)\n[fcf97dad-c59a-4eae-a0fe-4062b75b0111/build-and-test]   | \tat org.gradle.api.tasks.testing.AbstractTestTask.executeTests(AbstractTestTask.java:508)\n[fcf97dad-c59a-4eae-a0fe-4062b75b0111/build-and-test]   | \tat org.gradle.api.tasks.testing.Test.executeTests(Test.java:690)\n[fcf97dad-c59a-4eae-a0fe-4062b75b0111/build-and-test]   | \tat java.base/jdk.internal.reflect.NativeMethodAccessorImpl.invoke0(Native Method)\n[fcf97dad-c59a-4eae-a0fe-4062b75b0111/build-and-test]   | \tat java.base/jdk.internal.reflect.NativeMethodAccessorImpl.invoke(NativeMethodAccessorImpl.java:62)\n[fcf97dad-c59a-4eae-a0fe-4062b75b0111/build-and-test]   | \tat java.base/jdk.internal.reflect.DelegatingMethodAccessorImpl.invoke(DelegatingMethodAccessorImpl.java:43)\n[fcf97dad-c59a-4eae-a0fe-4062b75b0111/build-and-test]   | \tat org.gradle.internal.reflect.JavaMethod.invoke(JavaMethod.java:125)\n[fcf97dad-c59a-4eae-a0fe-4062b75b0111/build-and-test]   | \tat org.gradle.api.internal.project.taskfactory.StandardTaskAction.doExecute(StandardTaskAction.java:58)\n[fcf97dad-c59a-4eae-a0fe-4062b75b0111/build-and-test]   | \tat org.gradle.api.internal.project.taskfactory.StandardTaskAction.execute(StandardTaskAction.java:51)\n[fcf97dad-c59a-4eae-a0fe-4062b75b0111/build-and-test]   | \tat org.gradle.api.internal.project.taskfactory.StandardTaskAction.execute(StandardTaskAction.java:29)\n[fcf97dad-c59a-4eae-a0fe-4062b75b0111/build-and-test]   | \tat org.gradle.api.internal.tasks.execution.TaskExecution$3.run(TaskExecution.java:236)\n[fcf97dad-c59a-4eae-a0fe-4062b75b0111/build-and-test]   | \tat org.gradle.internal.operations.DefaultBuildOperationRunner$1.execute(DefaultBuildOperationRunner.java:29)\n[fcf97dad-c59a-4eae-a0fe-4062b75b0111/build-and-test]   | \tat org.gradle.internal.operations.DefaultBuildOperationRunner$1.execute(DefaultBuildOperationRunner.java:26)\n[fcf97dad-c59a-4eae-a0fe-4062b75b0111/build-and-test]   | \tat org.gradle.internal.operations.DefaultBuildOperationRunner$2.execute(DefaultBuildOperationRunner.java:66)\n[fcf97dad-c59a-4eae-a0fe-4062b75b0111/build-and-test]   | \tat org.gradle.internal.operations.DefaultBuildOperationRunner$2.execute(DefaultBuildOperationRunner.java:59)\n[fcf97dad-c59a-4eae-a0fe-4062b75b0111/build-and-test]   | \tat org.gradle.internal.operations.DefaultBuildOperationRunner.execute(DefaultBuildOperationRunner.java:157)\n[fcf97dad-c59a-4eae-a0fe-4062b75b0111/build-and-test]   | \tat org.gradle.internal.operations.DefaultBuildOperationRunner.execute(DefaultBuildOperationRunner.java:59)\n[fcf97dad-c59a-4eae-a0fe-4062b75b0111/build-and-test]   | \tat org.gradle.internal.operations.DefaultBuildOperationRunner.run(DefaultBuildOperationRunner.java:47)\n[fcf97dad-c59a-4eae-a0fe-4062b75b0111/build-and-test]   | \tat org.gradle.internal.operations.DefaultBuildOperationExecutor.run(DefaultBuildOperationExecutor.java:68)\n[fcf97dad-c59a-4eae-a0fe-4062b75b0111/build-and-test]   | \tat org.gradle.api.internal.tasks.execution.TaskExecution.executeAction(TaskExecution.java:221)\n[fcf97dad-c59a-4eae-a0fe-4062b75b0111/build-and-test]   | \tat org.gradle.api.internal.tasks.execution.TaskExecution.executeActions(TaskExecution.java:204)\n[fcf97dad-c59a-4eae-a0fe-4062b75b0111/build-and-test]   | \tat org.gradle.api.internal.tasks.execution.TaskExecution.executeWithPreviousOutputFiles(TaskExecution.java:187)\n[fcf97dad-c59a-4eae-a0fe-4062b75b0111/build-and-test]   | \tat org.gradle.api.internal.tasks.execution.TaskExecution.execute(TaskExecution.java:165)\n[fcf97dad-c59a-4eae-a0fe-4062b75b0111/build-and-test]   | \tat org.gradle.internal.execution.steps.ExecuteStep.executeInternal(ExecuteStep.java:89)\n[fcf97dad-c59a-4eae-a0fe-4062b75b0111/build-and-test]   | \tat org.gradle.internal.execution.steps.ExecuteStep.access$000(ExecuteStep.java:40)\n[fcf97dad-c59a-4eae-a0fe-4062b75b0111/build-and-test]   | \tat org.gradle.internal.execution.steps.ExecuteStep$1.call(ExecuteStep.java:53)\n[fcf97dad-c59a-4eae-a0fe-4062b75b0111/build-and-test]   | \tat org.gradle.internal.execution.steps.ExecuteStep$1.call(ExecuteStep.java:50)\n[fcf97dad-c59a-4eae-a0fe-4062b75b0111/build-and-test]   | \tat org.gradle.internal.operations.DefaultBuildOperationRunner$CallableBuildOperationWorker.execute(DefaultBuildOperationRunner.java:204)\n[fcf97dad-c59a-4eae-a0fe-4062b75b0111/build-and-test]   | \tat org.gradle.internal.operations.DefaultBuildOperationRunner$CallableBuildOperationWorker.execute(DefaultBuildOperationRunner.java:199)\n[fcf97dad-c59a-4eae-a0fe-4062b75b0111/build-and-test]   | \tat org.gradle.internal.operations.DefaultBuildOperationRunner$2.execute(DefaultBuildOperationRunner.java:66)\n[fcf97dad-c59a-4eae-a0fe-4062b75b0111/build-and-test]   | \tat org.gradle.internal.operations.DefaultBuildOperationRunner$2.execute(DefaultBuildOperationRunner.java:59)\n[fcf97dad-c59a-4eae-a0fe-4062b75b0111/build-and-test]   | \tat org.gradle.internal.operations.DefaultBuildOperationRunner.execute(DefaultBuildOperationRunner.java:157)\n[fcf97dad-c59a-4eae-a0fe-4062b75b0111/build-and-test]   | \tat org.gradle.internal.operations.DefaultBuildOperationRunner.execute(DefaultBuildOperationRunner.java:59)\n[fcf97dad-c59a-4eae-a0fe-4062b75b0111/build-and-test]   | \tat org.gradle.internal.operations.DefaultBuildOperationRunner.call(DefaultBuildOperationRunner.java:53)\n[fcf97dad-c59a-4eae-a0fe-4062b75b0111/build-and-test]   | \tat org.gradle.internal.operations.DefaultBuildOperationExecutor.call(DefaultBuildOperationExecutor.java:73)\n[fcf97dad-c59a-4eae-a0fe-4062b75b0111/build-and-test]   | \tat org.gradle.internal.execution.steps.ExecuteStep.execute(ExecuteStep.java:50)\n[fcf97dad-c59a-4eae-a0fe-4062b75b0111/build-and-test]   | \tat org.gradle.internal.execution.steps.ExecuteStep.execute(ExecuteStep.java:40)\n[fcf97dad-c59a-4eae-a0fe-4062b75b0111/build-and-test]   | \tat org.gradle.internal.execution.steps.RemovePreviousOutputsStep.execute(RemovePreviousOutputsStep.java:68)\n[fcf97dad-c59a-4eae-a0fe-4062b75b0111/build-and-test]   | \tat org.gradle.internal.execution.steps.RemovePreviousOutputsStep.execute(RemovePreviousOutputsStep.java:38)\n[fcf97dad-c59a-4eae-a0fe-4062b75b0111/build-and-test]   | \tat org.gradle.internal.execution.steps.CancelExecutionStep.execute(CancelExecutionStep.java:41)\n[fcf97dad-c59a-4eae-a0fe-4062b75b0111/build-and-test]   | \tat org.gradle.internal.execution.steps.TimeoutStep.executeWithoutTimeout(TimeoutStep.java:74)\n[fcf97dad-c59a-4eae-a0fe-4062b75b0111/build-and-test]   | \tat org.gradle.internal.execution.steps.TimeoutStep.execute(TimeoutStep.java:55)\n[fcf97dad-c59a-4eae-a0fe-4062b75b0111/build-and-test]   | \tat org.gradle.internal.execution.steps.CreateOutputsStep.execute(CreateOutputsStep.java:51)\n[fcf97dad-c59a-4eae-a0fe-4062b75b0111/build-and-test]   | \tat org.gradle.internal.execution.steps.CreateOutputsStep.execute(CreateOutputsStep.java:29)\n[fcf97dad-c59a-4eae-a0fe-4062b75b0111/build-and-test]   | \tat org.gradle.internal.execution.steps.CaptureStateAfterExecutionStep.executeDelegateBroadcastingChanges(CaptureStateAfterExecutionStep.java:124)\n[fcf97dad-c59a-4eae-a0fe-4062b75b0111/build-and-test]   | \tat org.gradle.internal.execution.steps.CaptureStateAfterExecutionStep.execute(CaptureStateAfterExecutionStep.java:80)\n[fcf97dad-c59a-4eae-a0fe-4062b75b0111/build-and-test]   | \tat org.gradle.internal.execution.steps.CaptureStateAfterExecutionStep.execute(CaptureStateAfterExecutionStep.java:58)\n[fcf97dad-c59a-4eae-a0fe-4062b75b0111/build-and-test]   | \tat org.gradle.internal.execution.steps.ResolveInputChangesStep.execute(ResolveInputChangesStep.java:48)\n[fcf97dad-c59a-4eae-a0fe-4062b75b0111/build-and-test]   | \tat org.gradle.internal.execution.steps.ResolveInputChangesStep.execute(ResolveInputChangesStep.java:36)\n[fcf97dad-c59a-4eae-a0fe-4062b75b0111/build-and-test]   | \tat org.gradle.internal.execution.steps.BuildCacheStep.executeWithoutCache(BuildCacheStep.java:181)\n[fcf97dad-c59a-4eae-a0fe-4062b75b0111/build-and-test]   | \tat org.gradle.internal.execution.steps.BuildCacheStep.lambda$execute$1(BuildCacheStep.java:71)\n[fcf97dad-c59a-4eae-a0fe-4062b75b0111/build-and-test]   | \tat org.gradle.internal.Either$Right.fold(Either.java:175)\n[fcf97dad-c59a-4eae-a0fe-4062b75b0111/build-and-test]   | \tat org.gradle.internal.execution.caching.CachingState.fold(CachingState.java:59)\n[fcf97dad-c59a-4eae-a0fe-4062b75b0111/build-and-test]   | \tat org.gradle.internal.execution.steps.BuildCacheStep.execute(BuildCacheStep.java:69)\n[fcf97dad-c59a-4eae-a0fe-4062b75b0111/build-and-test]   | \tat org.gradle.internal.execution.steps.BuildCacheStep.execute(BuildCacheStep.java:47)\n[fcf97dad-c59a-4eae-a0fe-4062b75b0111/build-and-test]   | \tat org.gradle.internal.execution.steps.StoreExecutionStateStep.execute(StoreExecutionStateStep.java:36)\n[fcf97dad-c59a-4eae-a0fe-4062b75b0111/build-and-test]   | \tat org.gradle.internal.execution.steps.StoreExecutionStateStep.execute(StoreExecutionStateStep.java:25)\n[fcf97dad-c59a-4eae-a0fe-4062b75b0111/build-and-test]   | \tat org.gradle.internal.execution.steps.RecordOutputsStep.execute(RecordOutputsStep.java:36)\n[fcf97dad-c59a-4eae-a0fe-4062b75b0111/build-and-test]   | \tat org.gradle.internal.execution.steps.RecordOutputsStep.execute(RecordOutputsStep.java:22)\n[fcf97dad-c59a-4eae-a0fe-4062b75b0111/build-and-test]   | \tat org.gradle.internal.execution.steps.SkipUpToDateStep.executeBecause(SkipUpToDateStep.java:110)\n[fcf97dad-c59a-4eae-a0fe-4062b75b0111/build-and-test]   | \tat org.gradle.internal.execution.steps.SkipUpToDateStep.lambda$execute$2(SkipUpToDateStep.java:56)\n[fcf97dad-c59a-4eae-a0fe-4062b75b0111/build-and-test]   | \tat org.gradle.internal.execution.steps.SkipUpToDateStep.execute(SkipUpToDateStep.java:56)\n[fcf97dad-c59a-4eae-a0fe-4062b75b0111/build-and-test]   | \tat org.gradle.internal.execution.steps.SkipUpToDateStep.execute(SkipUpToDateStep.java:38)\n[fcf97dad-c59a-4eae-a0fe-4062b75b0111/build-and-test]   | \tat org.gradle.internal.execution.steps.ResolveChangesStep.execute(ResolveChangesStep.java:73)\n[fcf97dad-c59a-4eae-a0fe-4062b75b0111/build-and-test]   | \tat org.gradle.internal.execution.steps.ResolveChangesStep.execute(ResolveChangesStep.java:44)\n[fcf97dad-c59a-4eae-a0fe-4062b75b0111/build-and-test]   | \tat org.gradle.internal.execution.steps.legacy.MarkSnapshottingInputsFinishedStep.execute(MarkSnapshottingInputsFinishedStep.java:37)\n[fcf97dad-c59a-4eae-a0fe-4062b75b0111/build-and-test]   | \tat org.gradle.internal.execution.steps.legacy.MarkSnapshottingInputsFinishedStep.execute(MarkSnapshottingInputsFinishedStep.java:27)\n[fcf97dad-c59a-4eae-a0fe-4062b75b0111/build-and-test]   | \tat org.gradle.internal.execution.steps.ResolveCachingStateStep.execute(ResolveCachingStateStep.java:89)\n[fcf97dad-c59a-4eae-a0fe-4062b75b0111/build-and-test]   | \tat org.gradle.internal.execution.steps.ResolveCachingStateStep.execute(ResolveCachingStateStep.java:50)\n[fcf97dad-c59a-4eae-a0fe-4062b75b0111/build-and-test]   | \tat org.gradle.internal.execution.steps.ValidateStep.execute(ValidateStep.java:114)\n[fcf97dad-c59a-4eae-a0fe-4062b75b0111/build-and-test]   | \tat org.gradle.internal.execution.steps.ValidateStep.execute(ValidateStep.java:57)\n[fcf97dad-c59a-4eae-a0fe-4062b75b0111/build-and-test]   | \tat org.gradle.internal.execution.steps.CaptureStateBeforeExecutionStep.execute(CaptureStateBeforeExecutionStep.java:76)\n[fcf97dad-c59a-4eae-a0fe-4062b75b0111/build-and-test]   | \tat org.gradle.internal.execution.steps.CaptureStateBeforeExecutionStep.execute(CaptureStateBeforeExecutionStep.java:50)\n[fcf97dad-c59a-4eae-a0fe-4062b75b0111/build-and-test]   | \tat org.gradle.internal.execution.steps.SkipEmptyWorkStep.executeWithNoEmptySources(SkipEmptyWorkStep.java:254)\n[fcf97dad-c59a-4eae-a0fe-4062b75b0111/build-and-test]   | \tat org.gradle.internal.execution.steps.SkipEmptyWorkStep.executeWithNoEmptySources(SkipEmptyWorkStep.java:209)\n[fcf97dad-c59a-4eae-a0fe-4062b75b0111/build-and-test]   | \tat org.gradle.internal.execution.steps.SkipEmptyWorkStep.execute(SkipEmptyWorkStep.java:88)\n[fcf97dad-c59a-4eae-a0fe-4062b75b0111/build-and-test]   | \tat org.gradle.internal.execution.steps.SkipEmptyWorkStep.execute(SkipEmptyWorkStep.java:56)\n[fcf97dad-c59a-4eae-a0fe-4062b75b0111/build-and-test]   | \tat org.gradle.internal.execution.steps.RemoveUntrackedExecutionStateStep.execute(RemoveUntrackedExecutionStateStep.java:32)\n[fcf97dad-c59a-4eae-a0fe-4062b75b0111/build-and-test]   | \tat org.gradle.internal.execution.steps.RemoveUntrackedExecutionStateStep.execute(RemoveUntrackedExecutionStateStep.java:21)\n[fcf97dad-c59a-4eae-a0fe-4062b75b0111/build-and-test]   | \tat org.gradle.internal.execution.steps.legacy.MarkSnapshottingInputsStartedStep.execute(MarkSnapshottingInputsStartedStep.java:38)\n[fcf97dad-c59a-4eae-a0fe-4062b75b0111/build-and-test]   | \tat org.gradle.internal.execution.steps.LoadPreviousExecutionStateStep.execute(LoadPreviousExecutionStateStep.java:43)\n[fcf97dad-c59a-4eae-a0fe-4062b75b0111/build-and-test]   | \tat org.gradle.internal.execution.steps.LoadPreviousExecutionStateStep.execute(LoadPreviousExecutionStateStep.java:31)\n[fcf97dad-c59a-4eae-a0fe-4062b75b0111/build-and-test]   | \tat org.gradle.internal.execution.steps.AssignWorkspaceStep.lambda$execute$0(AssignWorkspaceStep.java:40)\n[fcf97dad-c59a-4eae-a0fe-4062b75b0111/build-and-test]   | \tat org.gradle.api.internal.tasks.execution.TaskExecution$4.withWorkspace(TaskExecution.java:281)\n[fcf97dad-c59a-4eae-a0fe-4062b75b0111/build-and-test]   | \tat org.gradle.internal.execution.steps.AssignWorkspaceStep.execute(AssignWorkspaceStep.java:40)\n[fcf97dad-c59a-4eae-a0fe-4062b75b0111/build-and-test]   | \tat org.gradle.internal.execution.steps.AssignWorkspaceStep.execute(AssignWorkspaceStep.java:30)\n[fcf97dad-c59a-4eae-a0fe-4062b75b0111/build-and-test]   | \tat org.gradle.internal.execution.steps.IdentityCacheStep.execute(IdentityCacheStep.java:37)\n[fcf97dad-c59a-4eae-a0fe-4062b75b0111/build-and-test]   | \tat org.gradle.internal.execution.steps.IdentityCacheStep.execute(IdentityCacheStep.java:27)\n[fcf97dad-c59a-4eae-a0fe-4062b75b0111/build-and-test]   | \tat org.gradle.internal.execution.steps.IdentifyStep.execute(IdentifyStep.java:44)\n[fcf97dad-c59a-4eae-a0fe-4062b75b0111/build-and-test]   | \tat org.gradle.internal.execution.steps.IdentifyStep.execute(IdentifyStep.java:33)\n[fcf97dad-c59a-4eae-a0fe-4062b75b0111/build-and-test]   | \tat org.gradle.internal.execution.impl.DefaultExecutionEngine$1.execute(DefaultExecutionEngine.java:76)\n[fcf97dad-c59a-4eae-a0fe-4062b75b0111/build-and-test]   | \tat org.gradle.api.internal.tasks.execution.ExecuteActionsTaskExecuter.executeIfValid(ExecuteActionsTaskExecuter.java:139)\n[fcf97dad-c59a-4eae-a0fe-4062b75b0111/build-and-test]   | \tat org.gradle.api.internal.tasks.execution.ExecuteActionsTaskExecuter.execute(ExecuteActionsTaskExecuter.java:128)\n[fcf97dad-c59a-4eae-a0fe-4062b75b0111/build-and-test]   | \tat org.gradle.api.internal.tasks.execution.CleanupStaleOutputsExecuter.execute(CleanupStaleOutputsExecuter.java:77)\n[fcf97dad-c59a-4eae-a0fe-4062b75b0111/build-and-test]   | \tat org.gradle.api.internal.tasks.execution.FinalizePropertiesTaskExecuter.execute(FinalizePropertiesTaskExecuter.java:46)\n[fcf97dad-c59a-4eae-a0fe-4062b75b0111/build-and-test]   | \tat org.gradle.api.internal.tasks.execution.ResolveTaskExecutionModeExecuter.execute(ResolveTaskExecutionModeExecuter.java:51)\n[fcf97dad-c59a-4eae-a0fe-4062b75b0111/build-and-test]   | \tat org.gradle.api.internal.tasks.execution.SkipTaskWithNoActionsExecuter.execute(SkipTaskWithNoActionsExecuter.java:57)\n[fcf97dad-c59a-4eae-a0fe-4062b75b0111/build-and-test]   | \tat org.gradle.api.internal.tasks.execution.SkipOnlyIfTaskExecuter.execute(SkipOnlyIfTaskExecuter.java:56)\n[fcf97dad-c59a-4eae-a0fe-4062b75b0111/build-and-test]   | \tat org.gradle.api.internal.tasks.execution.CatchExceptionTaskExecuter.execute(CatchExceptionTaskExecuter.java:36)\n[fcf97dad-c59a-4eae-a0fe-4062b75b0111/build-and-test]   | \tat org.gradle.api.internal.tasks.execution.EventFiringTaskExecuter$1.executeTask(EventFiringTaskExecuter.java:77)\n[fcf97dad-c59a-4eae-a0fe-4062b75b0111/build-and-test]   | \tat org.gradle.api.internal.tasks.execution.EventFiringTaskExecuter$1.call(EventFiringTaskExecuter.java:55)\n[fcf97dad-c59a-4eae-a0fe-4062b75b0111/build-and-test]   | \tat org.gradle.api.internal.tasks.execution.EventFiringTaskExecuter$1.call(EventFiringTaskExecuter.java:52)\n[fcf97dad-c59a-4eae-a0fe-4062b75b0111/build-and-test]   | \tat org.gradle.internal.operations.DefaultBuildOperationRunner$CallableBuildOperationWorker.execute(DefaultBuildOperationRunner.java:204)\n[fcf97dad-c59a-4eae-a0fe-4062b75b0111/build-and-test]   | \tat org.gradle.internal.operations.DefaultBuildOperationRunner$CallableBuildOperationWorker.execute(DefaultBuildOperationRunner.java:199)\n[fcf97dad-c59a-4eae-a0fe-4062b75b0111/build-and-test]   | \tat org.gradle.internal.operations.DefaultBuildOperationRunner$2.execute(DefaultBuildOperationRunner.java:66)\n[fcf97dad-c59a-4eae-a0fe-4062b75b0111/build-and-test]   | \tat org.gradle.internal.operations.DefaultBuildOperationRunner$2.execute(DefaultBuildOperationRunner.java:59)\n[fcf97dad-c59a-4eae-a0fe-4062b75b0111/build-and-test]   | \tat org.gradle.internal.operations.DefaultBuildOperationRunner.execute(DefaultBuildOperationRunner.java:157)\n[fcf97dad-c59a-4eae-a0fe-4062b75b0111/build-and-test]   | \tat org.gradle.internal.operations.DefaultBuildOperationRunner.execute(DefaultBuildOperationRunner.java:59)\n[fcf97dad-c59a-4eae-a0fe-4062b75b0111/build-and-test]   | \tat org.gradle.internal.operations.DefaultBuildOperationRunner.call(DefaultBuildOperationRunner.java:53)\n[fcf97dad-c59a-4eae-a0fe-4062b75b0111/build-and-test]   | \tat org.gradle.internal.operations.DefaultBuildOperationExecutor.call(DefaultBuildOperationExecutor.java:73)\n[fcf97dad-c59a-4eae-a0fe-4062b75b0111/build-and-test]   | \tat org.gradle.api.internal.tasks.execution.EventFiringTaskExecuter.execute(EventFiringTaskExecuter.java:52)\n[fcf97dad-c59a-4eae-a0fe-4062b75b0111/build-and-test]   | \tat org.gradle.execution.plan.LocalTaskNodeExecutor.execute(LocalTaskNodeExecutor.java:69)\n[fcf97dad-c59a-4eae-a0fe-4062b75b0111/build-and-test]   | \tat org.gradle.execution.taskgraph.DefaultTaskExecutionGraph$InvokeNodeExecutorsAction.execute(DefaultTaskExecutionGraph.java:327)\n[fcf97dad-c59a-4eae-a0fe-4062b75b0111/build-and-test]   | \tat org.gradle.execution.taskgraph.DefaultTaskExecutionGraph$InvokeNodeExecutorsAction.execute(DefaultTaskExecutionGraph.java:314)\n[fcf97dad-c59a-4eae-a0fe-4062b75b0111/build-and-test]   | \tat org.gradle.execution.taskgraph.DefaultTaskExecutionGraph$BuildOperationAwareExecutionAction.execute(DefaultTaskExecutionGraph.java:307)\n[fcf97dad-c59a-4eae-a0fe-4062b75b0111/build-and-test]   | \tat org.gradle.execution.taskgraph.DefaultTaskExecutionGraph$BuildOperationAwareExecutionAction.execute(DefaultTaskExecutionGraph.java:293)\n[fcf97dad-c59a-4eae-a0fe-4062b75b0111/build-and-test]   | \tat org.gradle.execution.plan.DefaultPlanExecutor$ExecutorWorker.execute(DefaultPlanExecutor.java:420)\n[fcf97dad-c59a-4eae-a0fe-4062b75b0111/build-and-test]   | \tat org.gradle.execution.plan.DefaultPlanExecutor$ExecutorWorker.run(DefaultPlanExecutor.java:342)\n[fcf97dad-c59a-4eae-a0fe-4062b75b0111/build-and-test]   | \tat org.gradle.internal.concurrent.ExecutorPolicy$CatchAndRecordFailures.onExecute(ExecutorPolicy.java:64)\n[fcf97dad-c59a-4eae-a0fe-4062b75b0111/build-and-test]   | \tat org.gradle.internal.concurrent.ManagedExecutorImpl$1.run(ManagedExecutorImpl.java:48)\n[fcf97dad-c59a-4eae-a0fe-4062b75b0111/build-and-test]   | \n[fcf97dad-c59a-4eae-a0fe-4062b75b0111/build-and-test]   | \n[fcf97dad-c59a-4eae-a0fe-4062b75b0111/build-and-test]   | * Get more help at https://help.gradle.org\n[fcf97dad-c59a-4eae-a0fe-4062b75b0111/build-and-test]   | \n[fcf97dad-c59a-4eae-a0fe-4062b75b0111/build-and-test]   | BUILD FAILED in 2m 24s\n[fcf97dad-c59a-4eae-a0fe-4062b75b0111/build-and-test]   | 8 actionable tasks: 8 executed\n[fcf97dad-c59a-4eae-a0fe-4062b75b0111/build-and-test]   \u274c  Failure - Main Build and run Tests\n[fcf97dad-c59a-4eae-a0fe-4062b75b0111/build-and-test] exitcode '1': failure\n[fcf97dad-c59a-4eae-a0fe-4062b75b0111/build-and-test] \u2b50 Run Main Upload test reports when failure occurs\n[fcf97dad-c59a-4eae-a0fe-4062b75b0111/build-and-test]   \ud83d\udc33  docker cp src=/tmp/act-cache/3e290636-7196-4f25-9923-2c69d4273ff3/act/actions-upload-artifact@v3/ dst=/var/run/act/actions/actions-upload-artifact@v3/\n[fcf97dad-c59a-4eae-a0fe-4062b75b0111/build-and-test]   \ud83d\udc33  docker exec cmd=[chown -R 1012:1013 /var/run/act/actions/actions-upload-artifact@v3/] user=0 workdir=\n[fcf97dad-c59a-4eae-a0fe-4062b75b0111/build-and-test]   \ud83d\udc33  docker exec cmd=[node /var/run/act/actions/actions-upload-artifact@v3/dist/index.js] user= workdir=\n[fcf97dad-c59a-4eae-a0fe-4062b75b0111/build-and-test]   \ud83d\udcac  ::debug::followSymbolicLinks 'true'\n[fcf97dad-c59a-4eae-a0fe-4062b75b0111/build-and-test]   \ud83d\udcac  ::debug::implicitDescendants 'true'\n[fcf97dad-c59a-4eae-a0fe-4062b75b0111/build-and-test]   \ud83d\udcac  ::debug::omitBrokenSymbolicLinks 'true'\n[fcf97dad-c59a-4eae-a0fe-4062b75b0111/build-and-test]   \ud83d\udcac  ::debug::followSymbolicLinks 'true'\n[fcf97dad-c59a-4eae-a0fe-4062b75b0111/build-and-test]   \ud83d\udcac  ::debug::implicitDescendants 'true'\n[fcf97dad-c59a-4eae-a0fe-4062b75b0111/build-and-test]   \ud83d\udcac  ::debug::matchDirectories 'true'\n[fcf97dad-c59a-4eae-a0fe-4062b75b0111/build-and-test]   \ud83d\udcac  ::debug::omitBrokenSymbolicLinks 'true'\n[fcf97dad-c59a-4eae-a0fe-4062b75b0111/build-and-test]   \ud83d\udcac  ::debug::Search path '/tmp/3d783ea4-1661-11ee-8a50-bb14de238602/TeamNewPipe-NewPipeExtractor/extractor/build/reports/tests/test'\n[fcf97dad-c59a-4eae-a0fe-4062b75b0111/build-and-test]   \ud83d\udcac  ::debug::Removing /tmp/3d783ea4-1661-11ee-8a50-bb14de238602/TeamNewPipe-NewPipeExtractor/extractor/build/reports/tests/test from rawSearchResults because it is a directory\n[fcf97dad-c59a-4eae-a0fe-4062b75b0111/build-and-test]   \ud83d\udcac  ::debug::Removing /tmp/3d783ea4-1661-11ee-8a50-bb14de238602/TeamNewPipe-NewPipeExtractor/extractor/build/reports/tests/test/classes from rawSearchResults because it is a directory\n[fcf97dad-c59a-4eae-a0fe-4062b75b0111/build-and-test]   \ud83d\udcac  ::debug::File:/tmp/3d783ea4-1661-11ee-8a50-bb14de238602/TeamNewPipe-NewPipeExtractor/extractor/build/reports/tests/test/classes/org.schabi.newpipe.extractor.NewPipeTest.html was found using the provided searchPath\n[fcf97dad-c59a-4eae-a0fe-4062b75b0111/build-and-test]   \ud83d\udcac  ::debug::File:/tmp/3d783ea4-1661-11ee-8a50-bb14de238602/TeamNewPipe-NewPipeExtractor/extractor/build/reports/tests/test/classes/org.schabi.newpipe.extractor.services.bandcamp.BandcampChannelExtractorTest.html was found using the provided searchPath\n[fcf97dad-c59a-4eae-a0fe-4062b75b0111/build-and-test]   \ud83d\udcac  ::debug::File:/tmp/3d783ea4-1661-11ee-8a50-bb14de238602/TeamNewPipe-NewPipeExtractor/extractor/build/reports/tests/test/classes/org.schabi.newpipe.extractor.services.bandcamp.BandcampChannelLinkHandlerFactoryTest.html was found using the provided searchPath\n[fcf97dad-c59a-4eae-a0fe-4062b75b0111/build-and-test]   \ud83d\udcac  ::debug::File:/tmp/3d783ea4-1661-11ee-8a50-bb14de238602/TeamNewPipe-NewPipeExtractor/extractor/build/reports/tests/test/classes/org.schabi.newpipe.extractor.services.bandcamp.BandcampCommentsExtractorTest.html was found using the provided searchPath\n[fcf97dad-c59a-4eae-a0fe-4062b75b0111/build-and-test]   \ud83d\udcac  ::debug::File:/tmp/3d783ea4-1661-11ee-8a50-bb14de238602/TeamNewPipe-NewPipeExtractor/extractor/build/reports/tests/test/classes/org.schabi.newpipe.extractor.services.bandcamp.BandcampCommentsLinkHandlerFactoryTest.html was found using the provided searchPath\n[fcf97dad-c59a-4eae-a0fe-4062b75b0111/build-and-test]   \ud83d\udcac  ::debug::File:/tmp/3d783ea4-1661-11ee-8a50-bb14de238602/TeamNewPipe-NewPipeExtractor/extractor/build/reports/tests/test/classes/org.schabi.newpipe.extractor.services.bandcamp.BandcampFeaturedExtractorTest.html was found using the provided searchPath\n[fcf97dad-c59a-4eae-a0fe-4062b75b0111/build-and-test]   \ud83d\udcac  ::debug::File:/tmp/3d783ea4-1661-11ee-8a50-bb14de238602/TeamNewPipe-NewPipeExtractor/extractor/build/reports/tests/test/classes/org.schabi.newpipe.extractor.services.bandcamp.BandcampFeaturedLinkHandlerFactoryTest.html was found using the provided searchPath\n[fcf97dad-c59a-4eae-a0fe-4062b75b0111/build-and-test]   \ud83d\udcac  ::debug::File:/tmp/3d783ea4-1661-11ee-8a50-bb14de238602/TeamNewPipe-NewPipeExtractor/extractor/build/reports/tests/test/classes/org.schabi.newpipe.extractor.services.bandcamp.BandcampPaidStreamExtractorTest.html was found using the provided searchPath\n[fcf97dad-c59a-4eae-a0fe-4062b75b0111/build-and-test]   \ud83d\udcac  ::debug::File:/tmp/3d783ea4-1661-11ee-8a50-bb14de238602/TeamNewPipe-NewPipeExtractor/extractor/build/reports/tests/test/classes/org.schabi.newpipe.extractor.services.bandcamp.BandcampPlaylistExtractorTest$ComingOfAge.html was found using the provided searchPath\n[fcf97dad-c59a-4eae-a0fe-4062b75b0111/build-and-test]   \ud83d\udcac  ::debug::File:/tmp/3d783ea4-1661-11ee-8a50-bb14de238602/TeamNewPipe-NewPipeExtractor/extractor/build/reports/tests/test/classes/org.schabi.newpipe.extractor.services.bandcamp.BandcampPlaylistExtractorTest.html was found using the provided searchPath\n[fcf97dad-c59a-4eae-a0fe-4062b75b0111/build-and-test]   \ud83d\udcac  ::debug::File:/tmp/3d783ea4-1661-11ee-8a50-bb14de238602/TeamNewPipe-NewPipeExtractor/extractor/build/reports/tests/test/classes/org.schabi.newpipe.extractor.services.bandcamp.BandcampPlaylistLinkHandlerFactoryTest.html was found using the provided searchPath\n[fcf97dad-c59a-4eae-a0fe-4062b75b0111/build-and-test]   \ud83d\udcac  ::debug::File:/tmp/3d783ea4-1661-11ee-8a50-bb14de238602/TeamNewPipe-NewPipeExtractor/extractor/build/reports/tests/test/classes/org.schabi.newpipe.extractor.services.bandcamp.BandcampRadioExtractorTest.html was found using the provided searchPath\n[fcf97dad-c59a-4eae-a0fe-4062b75b0111/build-and-test]   \ud83d\udcac  ::debug::File:/tmp/3d783ea4-1661-11ee-8a50-bb14de238602/TeamNewPipe-NewPipeExtractor/extractor/build/reports/tests/test/classes/org.schabi.newpipe.extractor.services.bandcamp.BandcampRadioStreamExtractorTest.html was found using the provided searchPath\n[fcf97dad-c59a-4eae-a0fe-4062b75b0111/build-and-test]   \ud83d\udcac  ::debug::File:/tmp/3d783ea4-1661-11ee-8a50-bb14de238602/TeamNewPipe-NewPipeExtractor/extractor/build/reports/tests/test/classes/org.schabi.newpipe.extractor.services.bandcamp.BandcampSearchExtractorTest$DefaultTest.html was found using the provided searchPath\n[fcf97dad-c59a-4eae-a0fe-4062b75b0111/build-and-test]   \ud83d\udcac  ::debug::File:/tmp/3d783ea4-1661-11ee-8a50-bb14de238602/TeamNewPipe-NewPipeExtractor/extractor/build/reports/tests/test/classes/org.schabi.newpipe.extractor.services.bandcamp.BandcampSearchExtractorTest.html was found using the provided searchPath\n[fcf97dad-c59a-4eae-a0fe-4062b75b0111/build-and-test]   \ud83d\udcac  ::debug::File:/tmp/3d783ea4-1661-11ee-8a50-bb14de238602/TeamNewPipe-NewPipeExtractor/extractor/build/reports/tests/test/classes/org.schabi.newpipe.extractor.services.bandcamp.BandcampSearchQueryHandlerFactoryTest.html was found using the provided searchPath\n[fcf97dad-c59a-4eae-a0fe-4062b75b0111/build-and-test]   \ud83d\udcac  ::debug::File:/tmp/3d783ea4-1661-11ee-8a50-bb14de238602/TeamNewPipe-NewPipeExtractor/extractor/build/reports/tests/test/classes/org.schabi.newpipe.extractor.services.bandcamp.BandcampStreamExtractorTest.html was found using the provided searchPath\n[fcf97dad-c59a-4eae-a0fe-4062b75b0111/build-and-test]   \ud83d\udcac  ::debug::File:/tmp/3d783ea4-1661-11ee-8a50-bb14de238602/TeamNewPipe-NewPipeExtractor/extractor/build/reports/tests/test/classes/org.schabi.newpipe.extractor.services.bandcamp.BandcampStreamLinkHandlerFactoryTest.html was found using the provided searchPath\n[fcf97dad-c59a-4eae-a0fe-4062b75b0111/build-and-test]   \ud83d\udcac  ::debug::File:/tmp/3d783ea4-1661-11ee-8a50-bb14de238602/TeamNewPipe-NewPipeExtractor/extractor/build/reports/tests/test/classes/org.schabi.newpipe.extractor.services.bandcamp.BandcampSuggestionExtractorTest.html was found using the provided searchPath\n[fcf97dad-c59a-4eae-a0fe-4062b75b0111/build-and-test]   \ud83d\udcac  ::debug::File:/tmp/3d783ea4-1661-11ee-8a50-bb14de238602/TeamNewPipe-NewPipeExtractor/extractor/build/reports/tests/test/classes/org.schabi.newpipe.extractor.services.media_ccc.MediaCCCConferenceExtractorTest$FrOSCon2017.html was found using the provided searchPath\n[fcf97dad-c59a-4eae-a0fe-4062b75b0111/build-and-test]   \ud83d\udcac  ::debug::File:/tmp/3d783ea4-1661-11ee-8a50-bb14de238602/TeamNewPipe-NewPipeExtractor/extractor/build/reports/tests/test/classes/org.schabi.newpipe.extractor.services.media_ccc.MediaCCCConferenceExtractorTest$Oscal2019.html was found using the provided searchPath\n[fcf97dad-c59a-4eae-a0fe-4062b75b0111/build-and-test]   \ud83d\udcac  ::debug::File:/tmp/3d783ea4-1661-11ee-8a50-bb14de238602/TeamNewPipe-NewPipeExtractor/extractor/build/reports/tests/test/classes/org.schabi.newpipe.extractor.services.media_ccc.MediaCCCConferenceLinkHandlerFactoryTest.html was found using the provided searchPath\n[fcf97dad-c59a-4eae-a0fe-4062b75b0111/build-and-test]   \ud83d\udcac  ::debug::File:/tmp/3d783ea4-1661-11ee-8a50-bb14de238602/TeamNewPipe-NewPipeExtractor/extractor/build/reports/tests/test/classes/org.schabi.newpipe.extractor.services.media_ccc.MediaCCCConferenceListExtractorTest.html was found using the provided searchPath\n[fcf97dad-c59a-4eae-a0fe-4062b75b0111/build-and-test]   \ud83d\udcac  ::debug::File:/tmp/3d783ea4-1661-11ee-8a50-bb14de238602/TeamNewPipe-NewPipeExtractor/extractor/build/reports/tests/test/classes/org.schabi.newpipe.extractor.services.media_ccc.MediaCCCLiveStreamListExtractorTest.html was found using the provided searchPath\n[fcf97dad-c59a-4eae-a0fe-4062b75b0111/build-and-test]   \ud83d\udcac  ::debug::File:/tmp/3d783ea4-1661-11ee-8a50-bb14de238602/TeamNewPipe-NewPipeExtractor/extractor/build/reports/tests/test/classes/org.schabi.newpipe.extractor.services.media_ccc.MediaCCCOggTest.html was found using the provided searchPath\n[fcf97dad-c59a-4eae-a0fe-4062b75b0111/build-and-test]   \ud83d\udcac  ::debug::File:/tmp/3d783ea4-1661-11ee-8a50-bb14de238602/TeamNewPipe-NewPipeExtractor/extractor/build/reports/tests/test/classes/org.schabi.newpipe.extractor.services.media_ccc.MediaCCCRecentListExtractorTest.html was found using the provided searchPath\n[fcf97dad-c59a-4eae-a0fe-4062b75b0111/build-and-test]   \ud83d\udcac  ::debug::File:/tmp/3d783ea4-1661-11ee-8a50-bb14de238602/TeamNewPipe-NewPipeExtractor/extractor/build/reports/tests/test/classes/org.schabi.newpipe.extractor.services.media_ccc.MediaCCCStreamExtractorTest$Gpn18Tmux.html was found using the provided searchPath\n[fcf97dad-c59a-4eae-a0fe-4062b75b0111/build-and-test]   \ud83d\udcac  ::debug::File:/tmp/3d783ea4-1661-11ee-8a50-bb14de238602/TeamNewPipe-NewPipeExtractor/extractor/build/reports/tests/test/classes/org.schabi.newpipe.extractor.services.media_ccc.MediaCCCStreamExtractorTest$_36c3PrivacyMessaging.html was found using the provided searchPath\n[fcf97dad-c59a-4eae-a0fe-4062b75b0111/build-and-test]   \ud83d\udcac  ::debug::File:/tmp/3d783ea4-1661-11ee-8a50-bb14de238602/TeamNewPipe-NewPipeExtractor/extractor/build/reports/tests/test/classes/org.schabi.newpipe.extractor.services.media_ccc.MediaCCCStreamLinkHandlerFactoryTest.html was found using the provided searchPath\n[fcf97dad-c59a-4eae-a0fe-4062b75b0111/build-and-test]   \ud83d\udcac  ::debug::File:/tmp/3d783ea4-1661-11ee-8a50-bb14de238602/TeamNewPipe-NewPipeExtractor/extractor/build/reports/tests/test/classes/org.schabi.newpipe.extractor.services.media_ccc.search.MediaCCCSearchExtractorTest$All.html was found using the provided searchPath\n[fcf97dad-c59a-4eae-a0fe-4062b75b0111/build-and-test]   \ud83d\udcac  ::debug::File:/tmp/3d783ea4-1661-11ee-8a50-bb14de238602/TeamNewPipe-NewPipeExtractor/extractor/build/reports/tests/test/classes/org.schabi.newpipe.extractor.services.media_ccc.search.MediaCCCSearchExtractorTest$Conferences.html was found using the provided searchPath\n[fcf97dad-c59a-4eae-a0fe-4062b75b0111/build-and-test]   \ud83d\udcac  ::debug::File:/tmp/3d783ea4-1661-11ee-8a50-bb14de238602/TeamNewPipe-NewPipeExtractor/extractor/build/reports/tests/test/classes/org.schabi.newpipe.extractor.services.media_ccc.search.MediaCCCSearchExtractorTest$Events.html was found using the provided searchPath\n[fcf97dad-c59a-4eae-a0fe-4062b75b0111/build-and-test]   \ud83d\udcac  ::debug::File:/tmp/3d783ea4-1661-11ee-8a50-bb14de238602/TeamNewPipe-NewPipeExtractor/extractor/build/reports/tests/test/classes/org.schabi.newpipe.extractor.services.peertube.PeertubeAccountExtractorTest$Framasoft.html was found using the provided searchPath\n[fcf97dad-c59a-4eae-a0fe-4062b75b0111/build-and-test]   \ud83d\udcac  ::debug::File:/tmp/3d783ea4-1661-11ee-8a50-bb14de238602/TeamNewPipe-NewPipeExtractor/extractor/build/reports/tests/test/classes/org.schabi.newpipe.extractor.services.peertube.PeertubeAccountExtractorTest$FreeSoftwareFoundation.html was found using the provided searchPath\n[fcf97dad-c59a-4eae-a0fe-4062b75b0111/build-and-test]   \ud83d\udcac  ::debug::File:/tmp/3d783ea4-1661-11ee-8a50-bb14de238602/TeamNewPipe-NewPipeExtractor/extractor/build/reports/tests/test/classes/org.schabi.newpipe.extractor.services.peertube.PeertubeChannelExtractorTest$ChatSceptique.html was found using the provided searchPath\n[fcf97dad-c59a-4eae-a0fe-4062b75b0111/build-and-test]   \ud83d\udcac  ::debug::File:/tmp/3d783ea4-1661-11ee-8a50-bb14de238602/TeamNewPipe-NewPipeExtractor/extractor/build/reports/tests/test/classes/org.schabi.newpipe.extractor.services.peertube.PeertubeChannelExtractorTest$LaQuadratureDuNet.html was found using the provided searchPath\n[fcf97dad-c59a-4eae-a0fe-4062b75b0111/build-and-test]   \ud83d\udcac  ::debug::File:/tmp/3d783ea4-1661-11ee-8a50-bb14de238602/TeamNewPipe-NewPipeExtractor/extractor/build/reports/tests/test/classes/org.schabi.newpipe.extractor.services.peertube.PeertubeChannelLinkHandlerFactoryTest.html was found using the provided searchPath\n[fcf97dad-c59a-4eae-a0fe-4062b75b0111/build-and-test]   \ud83d\udcac  ::debug::File:/tmp/3d783ea4-1661-11ee-8a50-bb14de238602/TeamNewPipe-NewPipeExtractor/extractor/build/reports/tests/test/classes/org.schabi.newpipe.extractor.services.peertube.PeertubeCommentsExtractorTest$Default.html was found using the provided searchPath\n[fcf97dad-c59a-4eae-a0fe-4062b75b0111/build-and-test]   \ud83d\udcac  ::debug::File:/tmp/3d783ea4-1661-11ee-8a50-bb14de238602/TeamNewPipe-NewPipeExtractor/extractor/build/reports/tests/test/classes/org.schabi.newpipe.extractor.services.peertube.PeertubeCommentsExtractorTest$DeletedComments.html was found using the provided searchPath\n[fcf97dad-c59a-4eae-a0fe-4062b75b0111/build-and-test]   \ud83d\udcac  ::debug::File:/tmp/3d783ea4-1661-11ee-8a50-bb14de238602/TeamNewPipe-NewPipeExtractor/extractor/build/reports/tests/test/classes/org.schabi.newpipe.extractor.services.peertube.PeertubeCommentsExtractorTest$NestedComments.html was found using the provided searchPath\n[fcf97dad-c59a-4eae-a0fe-4062b75b0111/build-and-test]   \ud83d\udcac  ::debug::File:/tmp/3d783ea4-1661-11ee-8a50-bb14de238602/TeamNewPipe-NewPipeExtractor/extractor/build/reports/tests/test/classes/org.schabi.newpipe.extractor.services.peertube.PeertubeCommentsLinkHandlerFactoryTest.html was found using the provided searchPath\n[fcf97dad-c59a-4eae-a0fe-4062b75b0111/build-and-test]   \ud83d\udcac  ::debug::File:/tmp/3d783ea4-1661-11ee-8a50-bb14de238602/TeamNewPipe-NewPipeExtractor/extractor/build/reports/tests/test/classes/org.schabi.newpipe.extractor.services.peertube.PeertubePlaylistExtractorTest$Shocking.html was found using the provided searchPath\n[fcf97dad-c59a-4eae-a0fe-4062b75b0111/build-and-test]   \ud83d\udcac  ::debug::File:/tmp/3d783ea4-1661-11ee-8a50-bb14de238602/TeamNewPipe-NewPipeExtractor/extractor/build/reports/tests/test/classes/org.schabi.newpipe.extractor.services.peertube.PeertubePlaylistLinkHandlerFactoryTest.html was found using the provided searchPath\n[fcf97dad-c59a-4eae-a0fe-4062b75b0111/build-and-test]   \ud83d\udcac  ::debug::File:/tmp/3d783ea4-1661-11ee-8a50-bb14de238602/TeamNewPipe-NewPipeExtractor/extractor/build/reports/tests/test/classes/org.schabi.newpipe.extractor.services.peertube.PeertubeStreamExtractorTest$AgeRestricted.html was found using the provided searchPath\n[fcf97dad-c59a-4eae-a0fe-4062b75b0111/build-and-test]   \ud83d\udcac  ::debug::File:/tmp/3d783ea4-1661-11ee-8a50-bb14de238602/TeamNewPipe-NewPipeExtractor/extractor/build/reports/tests/test/classes/org.schabi.newpipe.extractor.services.peertube.PeertubeStreamExtractorTest$HlsOnlyStreams.html was found using the provided searchPath\n[fcf97dad-c59a-4eae-a0fe-4062b75b0111/build-and-test]   \ud83d\udcac  ::debug::File:/tmp/3d783ea4-1661-11ee-8a50-bb14de238602/TeamNewPipe-NewPipeExtractor/extractor/build/reports/tests/test/classes/org.schabi.newpipe.extractor.services.peertube.PeertubeStreamExtractorTest$WhatIsPeertube.html was found using the provided searchPath\n[fcf97dad-c59a-4eae-a0fe-4062b75b0111/build-and-test]   \ud83d\udcac  ::debug::File:/tmp/3d783ea4-1661-11ee-8a50-bb14de238602/TeamNewPipe-NewPipeExtractor/extractor/build/reports/tests/test/classes/org.schabi.newpipe.extractor.services.peertube.PeertubeStreamLinkHandlerFactoryTest.html was found using the provided searchPath\n[fcf97dad-c59a-4eae-a0fe-4062b75b0111/build-and-test]   \ud83d\udcac  ::debug::File:/tmp/3d783ea4-1661-11ee-8a50-bb14de238602/TeamNewPipe-NewPipeExtractor/extractor/build/reports/tests/test/classes/org.schabi.newpipe.extractor.services.peertube.PeertubeTrendingExtractorTest$Trending.html was found using the provided searchPath\n[fcf97dad-c59a-4eae-a0fe-4062b75b0111/build-and-test]   \ud83d\udcac  ::debug::File:/tmp/3d783ea4-1661-11ee-8a50-bb14de238602/TeamNewPipe-NewPipeExtractor/extractor/build/reports/tests/test/classes/org.schabi.newpipe.extractor.services.peertube.PeertubeTrendingLinkHandlerFactoryTest.html was found using the provided searchPath\n[fcf97dad-c59a-4eae-a0fe-4062b75b0111/build-and-test]   \ud83d\udcac  ::debug::File:/tmp/3d783ea4-1661-11ee-8a50-bb14de238602/TeamNewPipe-NewPipeExtractor/extractor/build/reports/tests/test/classes/org.schabi.newpipe.extractor.services.peertube.search.PeertubeSearchExtractorTest$All.html was found using the provided searchPath\n[fcf97dad-c59a-4eae-a0fe-4062b75b0111/build-and-test]   \ud83d\udcac  ::debug::File:/tmp/3d783ea4-1661-11ee-8a50-bb14de238602/TeamNewPipe-NewPipeExtractor/extractor/build/reports/tests/test/classes/org.schabi.newpipe.extractor.services.peertube.search.PeertubeSearchExtractorTest$PagingTest.html was found using the provided searchPath\n[fcf97dad-c59a-4eae-a0fe-4062b75b0111/build-and-test]   \ud83d\udcac  ::debug::File:/tmp/3d783ea4-1661-11ee-8a50-bb14de238602/TeamNewPipe-NewPipeExtractor/extractor/build/reports/tests/test/classes/org.schabi.newpipe.extractor.services.peertube.search.PeertubeSearchExtractorTest$SepiaSearch.html was found using the provided searchPath\n[fcf97dad-c59a-4eae-a0fe-4062b75b0111/build-and-test]   \ud83d\udcac  ::debug::File:/tmp/3d783ea4-1661-11ee-8a50-bb14de238602/TeamNewPipe-NewPipeExtractor/extractor/build/reports/tests/test/classes/org.schabi.newpipe.extractor.services.peertube.search.PeertubeSearchQHTest.html was found using the provided searchPath\n[fcf97dad-c59a-4eae-a0fe-4062b75b0111/build-and-test]   \ud83d\udcac  ::debug::File:/tmp/3d783ea4-1661-11ee-8a50-bb14de238602/TeamNewPipe-NewPipeExtractor/extractor/build/reports/tests/test/classes/org.schabi.newpipe.extractor.services.soundcloud.SoundcloudChannelExtractorTest$DubMatix.html was found using the provided searchPath\n[fcf97dad-c59a-4eae-a0fe-4062b75b0111/build-and-test]   \ud83d\udcac  ::debug::File:/tmp/3d783ea4-1661-11ee-8a50-bb14de238602/TeamNewPipe-NewPipeExtractor/extractor/build/reports/tests/test/classes/org.schabi.newpipe.extractor.services.soundcloud.SoundcloudChannelExtractorTest$LilUzi.html was found using the provided searchPath\n[fcf97dad-c59a-4eae-a0fe-4062b75b0111/build-and-test]   \ud83d\udcac  ::debug::File:/tmp/3d783ea4-1661-11ee-8a50-bb14de238602/TeamNewPipe-NewPipeExtractor/extractor/build/reports/tests/test/classes/org.schabi.newpipe.extractor.services.soundcloud.SoundcloudChartsExtractorTest$NewAndHot.html was found using the provided searchPath\n[fcf97dad-c59a-4eae-a0fe-4062b75b0111/build-and-test]   \ud83d\udcac  ::debug::File:/tmp/3d783ea4-1661-11ee-8a50-bb14de238602/TeamNewPipe-NewPipeExtractor/extractor/build/reports/tests/test/classes/org.schabi.newpipe.extractor.services.soundcloud.SoundcloudChartsExtractorTest$Top50Charts.html was found using the provided searchPath\n[fcf97dad-c59a-4eae-a0fe-4062b75b0111/build-and-test]   \ud83d\udcac  ::debug::File:/tmp/3d783ea4-1661-11ee-8a50-bb14de238602/TeamNewPipe-NewPipeExtractor/extractor/build/reports/tests/test/classes/org.schabi.newpipe.extractor.services.soundcloud.SoundcloudChartsLinkHandlerFactoryTest.html was found using the provided searchPath\n[fcf97dad-c59a-4eae-a0fe-4062b75b0111/build-and-test]   \ud83d\udcac  ::debug::File:/tmp/3d783ea4-1661-11ee-8a50-bb14de238602/TeamNewPipe-NewPipeExtractor/extractor/build/reports/tests/test/classes/org.schabi.newpipe.extractor.services.soundcloud.SoundcloudParsingHelperTest.html was found using the provided searchPath\n[fcf97dad-c59a-4eae-a0fe-4062b75b0111/build-and-test]   \ud83d\udcac  ::debug::File:/tmp/3d783ea4-1661-11ee-8a50-bb14de238602/TeamNewPipe-NewPipeExtractor/extractor/build/reports/tests/test/classes/org.schabi.newpipe.extractor.services.soundcloud.SoundcloudPlaylistExtractorTest$EDMxxx.html was found using the provided searchPath\n[fcf97dad-c59a-4eae-a0fe-4062b75b0111/build-and-test]   \ud83d\udcac  ::debug::File:/tmp/3d783ea4-1661-11ee-8a50-bb14de238602/TeamNewPipe-NewPipeExtractor/extractor/build/reports/tests/test/classes/org.schabi.newpipe.extractor.services.soundcloud.SoundcloudPlaylistExtractorTest$LuvTape.html was found using the provided searchPath\n[fcf97dad-c59a-4eae-a0fe-4062b75b0111/build-and-test]   \ud83d\udcac  ::debug::File:/tmp/3d783ea4-1661-11ee-8a50-bb14de238602/TeamNewPipe-NewPipeExtractor/extractor/build/reports/tests/test/classes/org.schabi.newpipe.extractor.services.soundcloud.SoundcloudPlaylistExtractorTest$RandomHouseMusic.html was found using the provided searchPath\n[fcf97dad-c59a-4eae-a0fe-4062b75b0111/build-and-test]   \ud83d\udcac  ::debug::File:/tmp/3d783ea4-1661-11ee-8a50-bb14de238602/TeamNewPipe-NewPipeExtractor/extractor/build/reports/tests/test/classes/org.schabi.newpipe.extractor.services.soundcloud.SoundcloudPlaylistExtractorTest$SmallPlaylist.html was found using the provided searchPath\n[fcf97dad-c59a-4eae-a0fe-4062b75b0111/build-and-test]   \ud83d\udcac  ::debug::File:/tmp/3d783ea4-1661-11ee-8a50-bb14de238602/TeamNewPipe-NewPipeExtractor/extractor/build/reports/tests/test/classes/org.schabi.newpipe.extractor.services.soundcloud.SoundcloudStreamExtractorTest$CreativeCommonsPlaysWellWithOthers.html was found using the provided searchPath\n[fcf97dad-c59a-4eae-a0fe-4062b75b0111/build-and-test]   \ud83d\udcac  ::debug::File:/tmp/3d783ea4-1661-11ee-8a50-bb14de238602/TeamNewPipe-NewPipeExtractor/extractor/build/reports/tests/test/classes/org.schabi.newpipe.extractor.services.soundcloud.SoundcloudStreamExtractorTest$SoundcloudGeoRestrictedTrack.html was found using the provided searchPath\n[fcf97dad-c59a-4eae-a0fe-4062b75b0111/build-and-test]   \ud83d\udcac  ::debug::File:/tmp/3d783ea4-1661-11ee-8a50-bb14de238602/TeamNewPipe-NewPipeExtractor/extractor/build/reports/tests/test/classes/org.schabi.newpipe.extractor.services.soundcloud.SoundcloudStreamExtractorTest$SoundcloudGoPlusTrack.html was found using the provided searchPath\n[fcf97dad-c59a-4eae-a0fe-4062b75b0111/build-and-test]   \ud83d\udcac  ::debug::File:/tmp/3d783ea4-1661-11ee-8a50-bb14de238602/TeamNewPipe-NewPipeExtractor/extractor/build/reports/tests/test/classes/org.schabi.newpipe.extractor.services.soundcloud.SoundcloudStreamLinkHandlerFactoryTest.html was found using the provided searchPath\n[fcf97dad-c59a-4eae-a0fe-4062b75b0111/build-and-test]   \ud83d\udcac  ::debug::File:/tmp/3d783ea4-1661-11ee-8a50-bb14de238602/TeamNewPipe-NewPipeExtractor/extractor/build/reports/tests/test/classes/org.schabi.newpipe.extractor.services.soundcloud.SoundcloudSubscriptionExtractorTest.html was found using the provided searchPath\n[fcf97dad-c59a-4eae-a0fe-4062b75b0111/build-and-test]   \ud83d\udcac  ::debug::File:/tmp/3d783ea4-1661-11ee-8a50-bb14de238602/TeamNewPipe-NewPipeExtractor/extractor/build/reports/tests/test/classes/org.schabi.newpipe.extractor.services.soundcloud.SoundcloudSuggestionExtractorTest.html was found using the provided searchPath\n[fcf97dad-c59a-4eae-a0fe-4062b75b0111/build-and-test]   \ud83d\udcac  ::debug::File:/tmp/3d783ea4-1661-11ee-8a50-bb14de238602/TeamNewPipe-NewPipeExtractor/extractor/build/reports/tests/test/classes/org.schabi.newpipe.extractor.services.soundcloud.search.SoundcloudSearchExtractorTest$All.html was found using the provided searchPath\n[fcf97dad-c59a-4eae-a0fe-4062b75b0111/build-and-test]   \ud83d\udcac  ::debug::File:/tmp/3d783ea4-1661-11ee-8a50-bb14de238602/TeamNewPipe-NewPipeExtractor/extractor/build/reports/tests/test/classes/org.schabi.newpipe.extractor.services.soundcloud.search.SoundcloudSearchExtractorTest$PagingTest.html was found using the provided searchPath\n[fcf97dad-c59a-4eae-a0fe-4062b75b0111/build-and-test]   \ud83d\udcac  ::debug::File:/tmp/3d783ea4-1661-11ee-8a50-bb14de238602/TeamNewPipe-NewPipeExtractor/extractor/build/reports/tests/test/classes/org.schabi.newpipe.extractor.services.soundcloud.search.SoundcloudSearchExtractorTest$Playlists.html was found using the provided searchPath\n[fcf97dad-c59a-4eae-a0fe-4062b75b0111/build-and-test]   \ud83d\udcac  ::debug::File:/tmp/3d783ea4-1661-11ee-8a50-bb14de238602/TeamNewPipe-NewPipeExtractor/extractor/build/reports/tests/test/classes/org.schabi.newpipe.extractor.services.soundcloud.search.SoundcloudSearchExtractorTest$Tracks.html was found using the provided searchPath\n[fcf97dad-c59a-4eae-a0fe-4062b75b0111/build-and-test]   \ud83d\udcac  ::debug::File:/tmp/3d783ea4-1661-11ee-8a50-bb14de238602/TeamNewPipe-NewPipeExtractor/extractor/build/reports/tests/test/classes/org.schabi.newpipe.extractor.services.soundcloud.search.SoundcloudSearchExtractorTest$UserVerified.html was found using the provided searchPath\n[fcf97dad-c59a-4eae-a0fe-4062b75b0111/build-and-test]   \ud83d\udcac  ::debug::File:/tmp/3d783ea4-1661-11ee-8a50-bb14de238602/TeamNewPipe-NewPipeExtractor/extractor/build/reports/tests/test/classes/org.schabi.newpipe.extractor.services.soundcloud.search.SoundcloudSearchExtractorTest$Users.html was found using the provided searchPath\n[fcf97dad-c59a-4eae-a0fe-4062b75b0111/build-and-test]   \ud83d\udcac  ::debug::File:/tmp/3d783ea4-1661-11ee-8a50-bb14de238602/TeamNewPipe-NewPipeExtractor/extractor/build/reports/tests/test/classes/org.schabi.newpipe.extractor.services.soundcloud.search.SoundcloudSearchQHTest.html was found using the provided searchPath\n[fcf97dad-c59a-4eae-a0fe-4062b75b0111/build-and-test]   \ud83d\udcac  ::debug::File:/tmp/3d783ea4-1661-11ee-8a50-bb14de238602/TeamNewPipe-NewPipeExtractor/extractor/build/reports/tests/test/classes/org.schabi.newpipe.extractor.services.youtube.YoutubeChannelExtractorTest$CaptainDisillusion.html was found using the provided searchPath\n[fcf97dad-c59a-4eae-a0fe-4062b75b0111/build-and-test]   \ud83d\udcac  ::debug::File:/tmp/3d783ea4-1661-11ee-8a50-bb14de238602/TeamNewPipe-NewPipeExtractor/extractor/build/reports/tests/test/classes/org.schabi.newpipe.extractor.services.youtube.YoutubeChannelExtractorTest$CarouselHeader.html was found using the provided searchPath\n[fcf97dad-c59a-4eae-a0fe-4062b75b0111/build-and-test]   \ud83d\udcac  ::debug::File:/tmp/3d783ea4-1661-11ee-8a50-bb14de238602/TeamNewPipe-NewPipeExtractor/extractor/build/reports/tests/test/classes/org.schabi.newpipe.extractor.services.youtube.YoutubeChannelExtractorTest$Gronkh.html was found using the provided searchPath\n[fcf97dad-c59a-4eae-a0fe-4062b75b0111/build-and-test]   \ud83d\udcac  ::debug::File:/tmp/3d783ea4-1661-11ee-8a50-bb14de238602/TeamNewPipe-NewPipeExtractor/extractor/build/reports/tests/test/classes/org.schabi.newpipe.extractor.services.youtube.YoutubeChannelExtractorTest$Kurzgesagt.html was found using the provided searchPath\n[fcf97dad-c59a-4eae-a0fe-4062b75b0111/build-and-test]   \ud83d\udcac  ::debug::File:/tmp/3d783ea4-1661-11ee-8a50-bb14de238602/TeamNewPipe-NewPipeExtractor/extractor/build/reports/tests/test/classes/org.schabi.newpipe.extractor.services.youtube.YoutubeChannelExtractorTest$KurzgesagtAdditional.html was found using the provided searchPath\n[fcf97dad-c59a-4eae-a0fe-4062b75b0111/build-and-test]   \ud83d\udcac  ::debug::File:/tmp/3d783ea4-1661-11ee-8a50-bb14de238602/TeamNewPipe-NewPipeExtractor/extractor/build/reports/tests/test/classes/org.schabi.newpipe.extractor.services.youtube.YoutubeChannelExtractorTest$NotAvailable.html was found using the provided searchPath\n[fcf97dad-c59a-4eae-a0fe-4062b75b0111/build-and-test]   \ud83d\udcac  ::debug::File:/tmp/3d783ea4-1661-11ee-8a50-bb14de238602/TeamNewPipe-NewPipeExtractor/extractor/build/reports/tests/test/classes/org.schabi.newpipe.extractor.services.youtube.YoutubeChannelExtractorTest$NotSupported.html was found using the provided searchPath\n[fcf97dad-c59a-4eae-a0fe-4062b75b0111/build-and-test]   \ud83d\udcac  ::debug::File:/tmp/3d783ea4-1661-11ee-8a50-bb14de238602/TeamNewPipe-NewPipeExtractor/extractor/build/reports/tests/test/classes/org.schabi.newpipe.extractor.services.youtube.YoutubeChannelExtractorTest$RandomChannel.html was found using the provided searchPath\n[fcf97dad-c59a-4eae-a0fe-4062b75b0111/build-and-test]   \ud83d\udcac  ::debug::File:/tmp/3d783ea4-1661-11ee-8a50-bb14de238602/TeamNewPipe-NewPipeExtractor/extractor/build/reports/tests/test/classes/org.schabi.newpipe.extractor.services.youtube.YoutubeChannelExtractorTest$VSauce.html was found using the provided searchPath\n[fcf97dad-c59a-4eae-a0fe-4062b75b0111/build-and-test]   \ud83d\udcac  ::debug::File:/tmp/3d783ea4-1661-11ee-8a50-bb14de238602/TeamNewPipe-NewPipeExtractor/extractor/build/reports/tests/test/classes/org.schabi.newpipe.extractor.services.youtube.YoutubeChannelLinkHandlerFactoryTest.html was found using the provided searchPath\n[fcf97dad-c59a-4eae-a0fe-4062b75b0111/build-and-test]   \ud83d\udcac  ::debug::File:/tmp/3d783ea4-1661-11ee-8a50-bb14de238602/TeamNewPipe-NewPipeExtractor/extractor/build/reports/tests/test/classes/org.schabi.newpipe.extractor.services.youtube.YoutubeChannelLocalizationTest.html was found using the provided searchPath\n[fcf97dad-c59a-4eae-a0fe-4062b75b0111/build-and-test]   \ud83d\udcac  ::debug::File:/tmp/3d783ea4-1661-11ee-8a50-bb14de238602/TeamNewPipe-NewPipeExtractor/extractor/build/reports/tests/test/classes/org.schabi.newpipe.extractor.services.youtube.YoutubeCommentsExtractorTest$EmptyComment.html was found using the provided searchPath\n[fcf97dad-c59a-4eae-a0fe-4062b75b0111/build-and-test]   \ud83d\udcac  ::debug::File:/tmp/3d783ea4-1661-11ee-8a50-bb14de238602/TeamNewPipe-NewPipeExtractor/extractor/build/reports/tests/test/classes/org.schabi.newpipe.extractor.services.youtube.YoutubeCommentsExtractorTest$FormattingTest.html was found using the provided searchPath\n[fcf97dad-c59a-4eae-a0fe-4062b75b0111/build-and-test]   \ud83d\udcac  ::debug::File:/tmp/3d783ea4-1661-11ee-8a50-bb14de238602/TeamNewPipe-NewPipeExtractor/extractor/build/reports/tests/test/classes/org.schabi.newpipe.extractor.services.youtube.YoutubeCommentsExtractorTest$HeartedByCreator.html was found using the provided searchPath\n[fcf97dad-c59a-4eae-a0fe-4062b75b0111/build-and-test]   \ud83d\udcac  ::debug::File:/tmp/3d783ea4-1661-11ee-8a50-bb14de238602/TeamNewPipe-NewPipeExtractor/extractor/build/reports/tests/test/classes/org.schabi.newpipe.extractor.services.youtube.YoutubeCommentsExtractorTest$LikesVotes.html was found using the provided searchPath\n[fcf97dad-c59a-4eae-a0fe-4062b75b0111/build-and-test]   \ud83d\udcac  ::debug::File:/tmp/3d783ea4-1661-11ee-8a50-bb14de238602/TeamNewPipe-NewPipeExtractor/extractor/build/reports/tests/test/classes/org.schabi.newpipe.extractor.services.youtube.YoutubeCommentsExtractorTest$LocalizedVoteCount.html was found using the provided searchPath\n[fcf97dad-c59a-4eae-a0fe-4062b75b0111/build-and-test]   \ud83d\udcac  ::debug::File:/tmp/3d783ea4-1661-11ee-8a50-bb14de238602/TeamNewPipe-NewPipeExtractor/extractor/build/reports/tests/test/classes/org.schabi.newpipe.extractor.services.youtube.YoutubeCommentsExtractorTest$Pinned.html was found using the provided searchPath\n[fcf97dad-c59a-4eae-a0fe-4062b75b0111/build-and-test]   \ud83d\udcac  ::debug::File:/tmp/3d783ea4-1661-11ee-8a50-bb14de238602/TeamNewPipe-NewPipeExtractor/extractor/build/reports/tests/test/classes/org.schabi.newpipe.extractor.services.youtube.YoutubeCommentsExtractorTest$RepliesTest.html was found using the provided searchPath\n[fcf97dad-c59a-4eae-a0fe-4062b75b0111/build-and-test]   \ud83d\udcac  ::debug::File:/tmp/3d783ea4-1661-11ee-8a50-bb14de238602/TeamNewPipe-NewPipeExtractor/extractor/build/reports/tests/test/classes/org.schabi.newpipe.extractor.services.youtube.YoutubeCommentsExtractorTest$Thomas.html was found using the provided searchPath\n[fcf97dad-c59a-4eae-a0fe-4062b75b0111/build-and-test]   \ud83d\udcac  ::debug::File:/tmp/3d783ea4-1661-11ee-8a50-bb14de238602/TeamNewPipe-NewPipeExtractor/extractor/build/reports/tests/test/classes/org.schabi.newpipe.extractor.services.youtube.YoutubeCommentsLinkHandlerFactoryTest.html was found using the provided searchPath\n[fcf97dad-c59a-4eae-a0fe-4062b75b0111/build-and-test]   \ud83d\udcac  ::debug::File:/tmp/3d783ea4-1661-11ee-8a50-bb14de238602/TeamNewPipe-NewPipeExtractor/extractor/build/reports/tests/test/classes/org.schabi.newpipe.extractor.services.youtube.YoutubeDashManifestCreatorsTest.html was found using the provided searchPath\n[fcf97dad-c59a-4eae-a0fe-4062b75b0111/build-and-test]   \ud83d\udcac  ::debug::File:/tmp/3d783ea4-1661-11ee-8a50-bb14de238602/TeamNewPipe-NewPipeExtractor/extractor/build/reports/tests/test/classes/org.schabi.newpipe.extractor.services.youtube.YoutubeFeedExtractorTest$Kurzgesagt.html was found using the provided searchPath\n[fcf97dad-c59a-4eae-a0fe-4062b75b0111/build-and-test]   \ud83d\udcac  ::debug::File:/tmp/3d783ea4-1661-11ee-8a50-bb14de238602/TeamNewPipe-NewPipeExtractor/extractor/build/reports/tests/test/classes/org.schabi.newpipe.extractor.services.youtube.YoutubeFeedExtractorTest$NotAvailable.html was found using the provided searchPath\n[fcf97dad-c59a-4eae-a0fe-4062b75b0111/build-and-test]   \ud83d\udcac  ::debug::File:/tmp/3d783ea4-1661-11ee-8a50-bb14de238602/TeamNewPipe-NewPipeExtractor/extractor/build/reports/tests/test/classes/org.schabi.newpipe.extractor.services.youtube.YoutubeJavaScriptExtractorTest.html was found using the provided searchPath\n[fcf97dad-c59a-4eae-a0fe-4062b75b0111/build-and-test]   \ud83d\udcac  ::debug::File:/tmp/3d783ea4-1661-11ee-8a50-bb14de238602/TeamNewPipe-NewPipeExtractor/extractor/build/reports/tests/test/classes/org.schabi.newpipe.extractor.services.youtube.YoutubeKioskExtractorTest$Trending.html was found using the provided searchPath\n[fcf97dad-c59a-4eae-a0fe-4062b75b0111/build-and-test]   \ud83d\udcac  ::debug::File:/tmp/3d783ea4-1661-11ee-8a50-bb14de238602/TeamNewPipe-NewPipeExtractor/extractor/build/reports/tests/test/classes/org.schabi.newpipe.extractor.services.youtube.YoutubeMixPlaylistExtractorTest$ChannelMix.html was found using the provided searchPath\n[fcf97dad-c59a-4eae-a0fe-4062b75b0111/build-and-test]   \ud83d\udcac  ::debug::File:/tmp/3d783ea4-1661-11ee-8a50-bb14de238602/TeamNewPipe-NewPipeExtractor/extractor/build/reports/tests/test/classes/org.schabi.newpipe.extractor.services.youtube.YoutubeMixPlaylistExtractorTest$GenreMix.html was found using the provided searchPath\n[fcf97dad-c59a-4eae-a0fe-4062b75b0111/build-and-test]   \ud83d\udcac  ::debug::File:/tmp/3d783ea4-1661-11ee-8a50-bb14de238602/TeamNewPipe-NewPipeExtractor/extractor/build/reports/tests/test/classes/org.schabi.newpipe.extractor.services.youtube.YoutubeMixPlaylistExtractorTest$Invalid.html was found using the provided searchPath\n[fcf97dad-c59a-4eae-a0fe-4062b75b0111/build-and-test]   \ud83d\udcac  ::debug::File:/tmp/3d783ea4-1661-11ee-8a50-bb14de238602/TeamNewPipe-NewPipeExtractor/extractor/build/reports/tests/test/classes/org.schabi.newpipe.extractor.services.youtube.YoutubeMixPlaylistExtractorTest$Mix.html was found using the provided searchPath\n[fcf97dad-c59a-4eae-a0fe-4062b75b0111/build-and-test]   \ud83d\udcac  ::debug::File:/tmp/3d783ea4-1661-11ee-8a50-bb14de238602/TeamNewPipe-NewPipeExtractor/extractor/build/reports/tests/test/classes/org.schabi.newpipe.extractor.services.youtube.YoutubeMixPlaylistExtractorTest$MixWithIndex.html was found using the provided searchPath\n[fcf97dad-c59a-4eae-a0fe-4062b75b0111/build-and-test]   \ud83d\udcac  ::debug::File:/tmp/3d783ea4-1661-11ee-8a50-bb14de238602/TeamNewPipe-NewPipeExtractor/extractor/build/reports/tests/test/classes/org.schabi.newpipe.extractor.services.youtube.YoutubeMixPlaylistExtractorTest$Music.html was found using the provided searchPath\n[fcf97dad-c59a-4eae-a0fe-4062b75b0111/build-and-test]   \ud83d\udcac  ::debug::File:/tmp/3d783ea4-1661-11ee-8a50-bb14de238602/TeamNewPipe-NewPipeExtractor/extractor/build/reports/tests/test/classes/org.schabi.newpipe.extractor.services.youtube.YoutubeMixPlaylistExtractorTest$MyMix.html was found using the provided searchPath\n[fcf97dad-c59a-4eae-a0fe-4062b75b0111/build-and-test]   \ud83d\udcac  ::debug::File:/tmp/3d783ea4-1661-11ee-8a50-bb14de238602/TeamNewPipe-NewPipeExtractor/extractor/build/reports/tests/test/classes/org.schabi.newpipe.extractor.services.youtube.YoutubeParsingHelperTest.html was found using the provided searchPath\n[fcf97dad-c59a-4eae-a0fe-4062b75b0111/build-and-test]   \ud83d\udcac  ::debug::File:/tmp/3d783ea4-1661-11ee-8a50-bb14de238602/TeamNewPipe-NewPipeExtractor/extractor/build/reports/tests/test/classes/org.schabi.newpipe.extractor.services.youtube.YoutubePlaylistExtractorTest$ContinuationsTests.html was found using the provided searchPath\n[fcf97dad-c59a-4eae-a0fe-4062b75b0111/build-and-test]   \ud83d\udcac  ::debug::File:/tmp/3d783ea4-1661-11ee-8a50-bb14de238602/TeamNewPipe-NewPipeExtractor/extractor/build/reports/tests/test/classes/org.schabi.newpipe.extractor.services.youtube.YoutubePlaylistExtractorTest$HugePlaylist.html was found using the provided searchPath\n[fcf97dad-c59a-4eae-a0fe-4062b75b0111/build-and-test]   \ud83d\udcac  ::debug::File:/tmp/3d783ea4-1661-11ee-8a50-bb14de238602/TeamNewPipe-NewPipeExtractor/extractor/build/reports/tests/test/classes/org.schabi.newpipe.extractor.services.youtube.YoutubePlaylistExtractorTest$LearningPlaylist.html was found using the provided searchPath\n[fcf97dad-c59a-4eae-a0fe-4062b75b0111/build-and-test]   \ud83d\udcac  ::debug::File:/tmp/3d783ea4-1661-11ee-8a50-bb14de238602/TeamNewPipe-NewPipeExtractor/extractor/build/reports/tests/test/classes/org.schabi.newpipe.extractor.services.youtube.YoutubePlaylistExtractorTest$NotAvailable.html was found using the provided searchPath\n[fcf97dad-c59a-4eae-a0fe-4062b75b0111/build-and-test]   \ud83d\udcac  ::debug::File:/tmp/3d783ea4-1661-11ee-8a50-bb14de238602/TeamNewPipe-NewPipeExtractor/extractor/build/reports/tests/test/classes/org.schabi.newpipe.extractor.services.youtube.YoutubePlaylistExtractorTest$TimelessPopHits.html was found using the provided searchPath\n[fcf97dad-c59a-4eae-a0fe-4062b75b0111/build-and-test]   \ud83d\udcac  ::debug::File:/tmp/3d783ea4-1661-11ee-8a50-bb14de238602/TeamNewPipe-NewPipeExtractor/extractor/build/reports/tests/test/classes/org.schabi.newpipe.extractor.services.youtube.YoutubePlaylistLinkHandlerFactoryTest.html was found using the provided searchPath\n[fcf97dad-c59a-4eae-a0fe-4062b75b0111/build-and-test]   \ud83d\udcac  ::debug::File:/tmp/3d783ea4-1661-11ee-8a50-bb14de238602/TeamNewPipe-NewPipeExtractor/extractor/build/reports/tests/test/classes/org.schabi.newpipe.extractor.services.youtube.YoutubeServiceTest.html was found using the provided searchPath\n[fcf97dad-c59a-4eae-a0fe-4062b75b0111/build-and-test]   \ud83d\udcac  ::debug::File:/tmp/3d783ea4-1661-11ee-8a50-bb14de238602/TeamNewPipe-NewPipeExtractor/extractor/build/reports/tests/test/classes/org.schabi.newpipe.extractor.services.youtube.YoutubeStreamLinkHandlerFactoryTest.html was found using the provided searchPath\n[fcf97dad-c59a-4eae-a0fe-4062b75b0111/build-and-test]   \ud83d\udcac  ::debug::File:/tmp/3d783ea4-1661-11ee-8a50-bb14de238602/TeamNewPipe-NewPipeExtractor/extractor/build/reports/tests/test/classes/org.schabi.newpipe.extractor.services.youtube.YoutubeSubscriptionExtractorTest.html was found using the provided searchPath\n[fcf97dad-c59a-4eae-a0fe-4062b75b0111/build-and-test]   \ud83d\udcac  ::debug::File:/tmp/3d783ea4-1661-11ee-8a50-bb14de238602/TeamNewPipe-NewPipeExtractor/extractor/build/reports/tests/test/classes/org.schabi.newpipe.extractor.services.youtube.YoutubeSuggestionExtractorTest.html was found using the provided searchPath\n[fcf97dad-c59a-4eae-a0fe-4062b75b0111/build-and-test]   \ud83d\udcac  ::debug::File:/tmp/3d783ea4-1661-11ee-8a50-bb14de238602/TeamNewPipe-NewPipeExtractor/extractor/build/reports/tests/test/classes/org.schabi.newpipe.extractor.services.youtube.YoutubeThrottlingDecrypterTest.html was found using the provided searchPath\n[fcf97dad-c59a-4eae-a0fe-4062b75b0111/build-and-test]   \ud83d\udcac  ::debug::File:/tmp/3d783ea4-1661-11ee-8a50-bb14de238602/TeamNewPipe-NewPipeExtractor/extractor/build/reports/tests/test/classes/org.schabi.newpipe.extractor.services.youtube.YoutubeTrendingKioskInfoTest.html was found using the provided searchPath\n[fcf97dad-c59a-4eae-a0fe-4062b75b0111/build-and-test]   \ud83d\udcac  ::debug::File:/tmp/3d783ea4-1661-11ee-8a50-bb14de238602/TeamNewPipe-NewPipeExtractor/extractor/build/reports/tests/test/classes/org.schabi.newpipe.extractor.services.youtube.YoutubeTrendingLinkHandlerFactoryTest.html was found using the provided searchPath\n[fcf97dad-c59a-4eae-a0fe-4062b75b0111/build-and-test]   \ud83d\udcac  ::debug::File:/tmp/3d783ea4-1661-11ee-8a50-bb14de238602/TeamNewPipe-NewPipeExtractor/extractor/build/reports/tests/test/classes/org.schabi.newpipe.extractor.services.youtube.search.YoutubeMusicSearchExtractorTest$CorrectedSearch.html was found using the provided searchPath\n[fcf97dad-c59a-4eae-a0fe-4062b75b0111/build-and-test]   \ud83d\udcac  ::debug::File:/tmp/3d783ea4-1661-11ee-8a50-bb14de238602/TeamNewPipe-NewPipeExtractor/extractor/build/reports/tests/test/classes/org.schabi.newpipe.extractor.services.youtube.search.YoutubeMusicSearchExtractorTest$MusicAlbums.html was found using the provided searchPath\n[fcf97dad-c59a-4eae-a0fe-4062b75b0111/build-and-test]   \ud83d\udcac  ::debug::File:/tmp/3d783ea4-1661-11ee-8a50-bb14de238602/TeamNewPipe-NewPipeExtractor/extractor/build/reports/tests/test/classes/org.schabi.newpipe.extractor.services.youtube.search.YoutubeMusicSearchExtractorTest$MusicArtists.html was found using the provided searchPath\n[fcf97dad-c59a-4eae-a0fe-4062b75b0111/build-and-test]   \ud83d\udcac  ::debug::File:/tmp/3d783ea4-1661-11ee-8a50-bb14de238602/TeamNewPipe-NewPipeExtractor/extractor/build/reports/tests/test/classes/org.schabi.newpipe.extractor.services.youtube.search.YoutubeMusicSearchExtractorTest$MusicPlaylists.html was found using the provided searchPath\n[fcf97dad-c59a-4eae-a0fe-4062b75b0111/build-and-test]   \ud83d\udcac  ::debug::File:/tmp/3d783ea4-1661-11ee-8a50-bb14de238602/TeamNewPipe-NewPipeExtractor/extractor/build/reports/tests/test/classes/org.schabi.newpipe.extractor.services.youtube.search.YoutubeMusicSearchExtractorTest$MusicSongs.html was found using the provided searchPath\n[fcf97dad-c59a-4eae-a0fe-4062b75b0111/build-and-test]   \ud83d\udcac  ::debug::File:/tmp/3d783ea4-1661-11ee-8a50-bb14de238602/TeamNewPipe-NewPipeExtractor/extractor/build/reports/tests/test/classes/org.schabi.newpipe.extractor.services.youtube.search.YoutubeMusicSearchExtractorTest$MusicVideos.html was found using the provided searchPath\n[fcf97dad-c59a-4eae-a0fe-4062b75b0111/build-and-test]   \ud83d\udcac  ::debug::File:/tmp/3d783ea4-1661-11ee-8a50-bb14de238602/TeamNewPipe-NewPipeExtractor/extractor/build/reports/tests/test/classes/org.schabi.newpipe.extractor.services.youtube.search.YoutubeMusicSearchExtractorTest$Suggestion.html was found using the provided searchPath\n[fcf97dad-c59a-4eae-a0fe-4062b75b0111/build-and-test]   \ud83d\udcac  ::debug::File:/tmp/3d783ea4-1661-11ee-8a50-bb14de238602/TeamNewPipe-NewPipeExtractor/extractor/build/reports/tests/test/classes/org.schabi.newpipe.extractor.services.youtube.search.YoutubeSearchExtractorTest$All.html was found using the provided searchPath\n[fcf97dad-c59a-4eae-a0fe-4062b75b0111/build-and-test]   \ud83d\udcac  ::debug::File:/tmp/3d783ea4-1661-11ee-8a50-bb14de238602/TeamNewPipe-NewPipeExtractor/extractor/build/reports/tests/test/classes/org.schabi.newpipe.extractor.services.youtube.search.YoutubeSearchExtractorTest$Channel.html was found using the provided searchPath\n[fcf97dad-c59a-4eae-a0fe-4062b75b0111/build-and-test]   \ud83d\udcac  ::debug::File:/tmp/3d783ea4-1661-11ee-8a50-bb14de238602/TeamNewPipe-NewPipeExtractor/extractor/build/reports/tests/test/classes/org.schabi.newpipe.extractor.services.youtube.search.YoutubeSearchExtractorTest$ChannelVerified.html was found using the provided searchPath\n[fcf97dad-c59a-4eae-a0fe-4062b75b0111/build-and-test]   \ud83d\udcac  ::debug::File:/tmp/3d783ea4-1661-11ee-8a50-bb14de238602/TeamNewPipe-NewPipeExtractor/extractor/build/reports/tests/test/classes/org.schabi.newpipe.extractor.services.youtube.search.YoutubeSearchExtractorTest$CorrectedSearch.html was found using the provided searchPath\n[fcf97dad-c59a-4eae-a0fe-4062b75b0111/build-and-test]   \ud83d\udcac  ::debug::File:/tmp/3d783ea4-1661-11ee-8a50-bb14de238602/TeamNewPipe-NewPipeExtractor/extractor/build/reports/tests/test/classes/org.schabi.newpipe.extractor.services.youtube.search.YoutubeSearchExtractorTest$MetaInfoTest.html was found using the provided searchPath\n[fcf97dad-c59a-4eae-a0fe-4062b75b0111/build-and-test]   \ud83d\udcac  ::debug::File:/tmp/3d783ea4-1661-11ee-8a50-bb14de238602/TeamNewPipe-NewPipeExtractor/extractor/build/reports/tests/test/classes/org.schabi.newpipe.extractor.services.youtube.search.YoutubeSearchExtractorTest$PagingTest.html was found using the provided searchPath\n[fcf97dad-c59a-4eae-a0fe-4062b75b0111/build-and-test]   \ud83d\udcac  ::debug::File:/tmp/3d783ea4-1661-11ee-8a50-bb14de238602/TeamNewPipe-NewPipeExtractor/extractor/build/reports/tests/test/classes/org.schabi.newpipe.extractor.services.youtube.search.YoutubeSearchExtractorTest$Playlists.html was found using the provided searchPath\n[fcf97dad-c59a-4eae-a0fe-4062b75b0111/build-and-test]   \ud83d\udcac  ::debug::File:/tmp/3d783ea4-1661-11ee-8a50-bb14de238602/TeamNewPipe-NewPipeExtractor/extractor/build/reports/tests/test/classes/org.schabi.newpipe.extractor.services.youtube.search.YoutubeSearchExtractorTest$RandomQueryNoMorePages.html was found using the provided searchPath\n[fcf97dad-c59a-4eae-a0fe-4062b75b0111/build-and-test]   \ud83d\udcac  ::debug::File:/tmp/3d783ea4-1661-11ee-8a50-bb14de238602/TeamNewPipe-NewPipeExtractor/extractor/build/reports/tests/test/classes/org.schabi.newpipe.extractor.services.youtube.search.YoutubeSearchExtractorTest$ShortFormContent.html was found using the provided searchPath\n[fcf97dad-c59a-4eae-a0fe-4062b75b0111/build-and-test]   \ud83d\udcac  ::debug::File:/tmp/3d783ea4-1661-11ee-8a50-bb14de238602/TeamNewPipe-NewPipeExtractor/extractor/build/reports/tests/test/classes/org.schabi.newpipe.extractor.services.youtube.search.YoutubeSearchExtractorTest$Suggestion.html was found using the provided searchPath\n[fcf97dad-c59a-4eae-a0fe-4062b75b0111/build-and-test]   \ud83d\udcac  ::debug::File:/tmp/3d783ea4-1661-11ee-8a50-bb14de238602/TeamNewPipe-NewPipeExtractor/extractor/build/reports/tests/test/classes/org.schabi.newpipe.extractor.services.youtube.search.YoutubeSearchExtractorTest$VideoDescription.html was found using the provided searchPath\n[fcf97dad-c59a-4eae-a0fe-4062b75b0111/build-and-test]   \ud83d\udcac  ::debug::File:/tmp/3d783ea4-1661-11ee-8a50-bb14de238602/TeamNewPipe-NewPipeExtractor/extractor/build/reports/tests/test/classes/org.schabi.newpipe.extractor.services.youtube.search.YoutubeSearchExtractorTest$VideoUploaderAvatar.html was found using the provided searchPath\n[fcf97dad-c59a-4eae-a0fe-4062b75b0111/build-and-test]   \ud83d\udcac  ::debug::File:/tmp/3d783ea4-1661-11ee-8a50-bb14de238602/TeamNewPipe-NewPipeExtractor/extractor/build/reports/tests/test/classes/org.schabi.newpipe.extractor.services.youtube.search.YoutubeSearchExtractorTest$Videos.html was found using the provided searchPath\n[fcf97dad-c59a-4eae-a0fe-4062b75b0111/build-and-test]   \ud83d\udcac  ::debug::File:/tmp/3d783ea4-1661-11ee-8a50-bb14de238602/TeamNewPipe-NewPipeExtractor/extractor/build/reports/tests/test/classes/org.schabi.newpipe.extractor.services.youtube.search.YoutubeSearchQHTest.html was found using the provided searchPath\n[fcf97dad-c59a-4eae-a0fe-4062b75b0111/build-and-test]   \ud83d\udcac  ::debug::File:/tmp/3d783ea4-1661-11ee-8a50-bb14de238602/TeamNewPipe-NewPipeExtractor/extractor/build/reports/tests/test/classes/org.schabi.newpipe.extractor.services.youtube.stream.YoutubeStreamExtractorAgeRestrictedTest.html was found using the provided searchPath\n[fcf97dad-c59a-4eae-a0fe-4062b75b0111/build-and-test]   \ud83d\udcac  ::debug::File:/tmp/3d783ea4-1661-11ee-8a50-bb14de238602/TeamNewPipe-NewPipeExtractor/extractor/build/reports/tests/test/classes/org.schabi.newpipe.extractor.services.youtube.stream.YoutubeStreamExtractorControversialTest.html was found using the provided searchPath\n[fcf97dad-c59a-4eae-a0fe-4062b75b0111/build-and-test]   \ud83d\udcac  ::debug::File:/tmp/3d783ea4-1661-11ee-8a50-bb14de238602/TeamNewPipe-NewPipeExtractor/extractor/build/reports/tests/test/classes/org.schabi.newpipe.extractor.services.youtube.stream.YoutubeStreamExtractorDefaultTest$AudioTrackLanguage.html was found using the provided searchPath\n[fcf97dad-c59a-4eae-a0fe-4062b75b0111/build-and-test]   \ud83d\udcac  ::debug::File:/tmp/3d783ea4-1661-11ee-8a50-bb14de238602/TeamNewPipe-NewPipeExtractor/extractor/build/reports/tests/test/classes/org.schabi.newpipe.extractor.services.youtube.stream.YoutubeStreamExtractorDefaultTest$AudioTrackTypes.html was found using the provided searchPath\n[fcf97dad-c59a-4eae-a0fe-4062b75b0111/build-and-test]   \ud83d\udcac  ::debug::File:/tmp/3d783ea4-1661-11ee-8a50-bb14de238602/TeamNewPipe-NewPipeExtractor/extractor/build/reports/tests/test/classes/org.schabi.newpipe.extractor.services.youtube.stream.YoutubeStreamExtractorDefaultTest$CCLicensed.html was found using the provided searchPath\n[fcf97dad-c59a-4eae-a0fe-4062b75b0111/build-and-test]   \ud83d\udcac  ::debug::File:/tmp/3d783ea4-1661-11ee-8a50-bb14de238602/TeamNewPipe-NewPipeExtractor/extractor/build/reports/tests/test/classes/org.schabi.newpipe.extractor.services.youtube.stream.YoutubeStreamExtractorDefaultTest$DescriptionTestPewdiepie.html was found using the provided searchPath\n[fcf97dad-c59a-4eae-a0fe-4062b75b0111/build-and-test]   \ud83d\udcac  ::debug::File:/tmp/3d783ea4-1661-11ee-8a50-bb14de238602/TeamNewPipe-NewPipeExtractor/extractor/build/reports/tests/test/classes/org.schabi.newpipe.extractor.services.youtube.stream.YoutubeStreamExtractorDefaultTest$DescriptionTestUnboxing.html was found using the provided searchPath\n[fcf97dad-c59a-4eae-a0fe-4062b75b0111/build-and-test]   \ud83d\udcac  ::debug::File:/tmp/3d783ea4-1661-11ee-8a50-bb14de238602/TeamNewPipe-NewPipeExtractor/extractor/build/reports/tests/test/classes/org.schabi.newpipe.extractor.services.youtube.stream.YoutubeStreamExtractorDefaultTest$NoVisualMetadataVideoTest.html was found using the provided searchPath\n[fcf97dad-c59a-4eae-a0fe-4062b75b0111/build-and-test]   \ud83d\udcac  ::debug::File:/tmp/3d783ea4-1661-11ee-8a50-bb14de238602/TeamNewPipe-NewPipeExtractor/extractor/build/reports/tests/test/classes/org.schabi.newpipe.extractor.services.youtube.stream.YoutubeStreamExtractorDefaultTest$NotAvailable.html was found using the provided searchPath\n[fcf97dad-c59a-4eae-a0fe-4062b75b0111/build-and-test]   \ud83d\udcac  ::debug::File:/tmp/3d783ea4-1661-11ee-8a50-bb14de238602/TeamNewPipe-NewPipeExtractor/extractor/build/reports/tests/test/classes/org.schabi.newpipe.extractor.services.youtube.stream.YoutubeStreamExtractorDefaultTest$PublicBroadcasterTest.html was found using the provided searchPath\n[fcf97dad-c59a-4eae-a0fe-4062b75b0111/build-and-test]   \ud83d\udcac  ::debug::File:/tmp/3d783ea4-1661-11ee-8a50-bb14de238602/TeamNewPipe-NewPipeExtractor/extractor/build/reports/tests/test/classes/org.schabi.newpipe.extractor.services.youtube.stream.YoutubeStreamExtractorDefaultTest$RatingsDisabledTest.html was found using the provided searchPath\n[fcf97dad-c59a-4eae-a0fe-4062b75b0111/build-and-test]   \ud83d\udcac  ::debug::File:/tmp/3d783ea4-1661-11ee-8a50-bb14de238602/TeamNewPipe-NewPipeExtractor/extractor/build/reports/tests/test/classes/org.schabi.newpipe.extractor.services.youtube.stream.YoutubeStreamExtractorDefaultTest$StreamSegmentsTestMaiLab.html was found using the provided searchPath\n[fcf97dad-c59a-4eae-a0fe-4062b75b0111/build-and-test]   \ud83d\udcac  ::debug::File:/tmp/3d783ea4-1661-11ee-8a50-bb14de238602/TeamNewPipe-NewPipeExtractor/extractor/build/reports/tests/test/classes/org.schabi.newpipe.extractor.services.youtube.stream.YoutubeStreamExtractorDefaultTest$StreamSegmentsTestTagesschau.html was found using the provided searchPath\n[fcf97dad-c59a-4eae-a0fe-4062b75b0111/build-and-test]   \ud83d\udcac  ::debug::File:/tmp/3d783ea4-1661-11ee-8a50-bb14de238602/TeamNewPipe-NewPipeExtractor/extractor/build/reports/tests/test/classes/org.schabi.newpipe.extractor.services.youtube.stream.YoutubeStreamExtractorDefaultTest$UnlistedTest.html was found using the provided searchPath\n[fcf97dad-c59a-4eae-a0fe-4062b75b0111/build-and-test]   \ud83d\udcac  ::debug::File:/tmp/3d783ea4-1661-11ee-8a50-bb14de238602/TeamNewPipe-NewPipeExtractor/extractor/build/reports/tests/test/classes/org.schabi.newpipe.extractor.services.youtube.stream.YoutubeStreamExtractorLivestreamTest.html was found using the provided searchPath\n[fcf97dad-c59a-4eae-a0fe-4062b75b0111/build-and-test]   \ud83d\udcac  ::debug::File:/tmp/3d783ea4-1661-11ee-8a50-bb14de238602/TeamNewPipe-NewPipeExtractor/extractor/build/reports/tests/test/classes/org.schabi.newpipe.extractor.services.youtube.stream.YoutubeStreamExtractorRelatedMixTest.html was found using the provided searchPath\n[fcf97dad-c59a-4eae-a0fe-4062b75b0111/build-and-test]   \ud83d\udcac  ::debug::File:/tmp/3d783ea4-1661-11ee-8a50-bb14de238602/TeamNewPipe-NewPipeExtractor/extractor/build/reports/tests/test/classes/org.schabi.newpipe.extractor.services.youtube.stream.YoutubeStreamExtractorUnlistedTest.html was found using the provided searchPath\n[fcf97dad-c59a-4eae-a0fe-4062b75b0111/build-and-test]   \ud83d\udcac  ::debug::File:/tmp/3d783ea4-1661-11ee-8a50-bb14de238602/TeamNewPipe-NewPipeExtractor/extractor/build/reports/tests/test/classes/org.schabi.newpipe.extractor.utils.JavaScriptExtractorTest.html was found using the provided searchPath\n[fcf97dad-c59a-4eae-a0fe-4062b75b0111/build-and-test]   \ud83d\udcac  ::debug::File:/tmp/3d783ea4-1661-11ee-8a50-bb14de238602/TeamNewPipe-NewPipeExtractor/extractor/build/reports/tests/test/classes/org.schabi.newpipe.extractor.utils.JsonUtilsTest.html was found using the provided searchPath\n[fcf97dad-c59a-4eae-a0fe-4062b75b0111/build-and-test]   \ud83d\udcac  ::debug::File:/tmp/3d783ea4-1661-11ee-8a50-bb14de238602/TeamNewPipe-NewPipeExtractor/extractor/build/reports/tests/test/classes/org.schabi.newpipe.extractor.utils.ManifestCreatorCacheTest.html was found using the provided searchPath\n[fcf97dad-c59a-4eae-a0fe-4062b75b0111/build-and-test]   \ud83d\udcac  ::debug::File:/tmp/3d783ea4-1661-11ee-8a50-bb14de238602/TeamNewPipe-NewPipeExtractor/extractor/build/reports/tests/test/classes/org.schabi.newpipe.extractor.utils.TimeagoTest.html was found using the provided searchPath\n[fcf97dad-c59a-4eae-a0fe-4062b75b0111/build-and-test]   \ud83d\udcac  ::debug::File:/tmp/3d783ea4-1661-11ee-8a50-bb14de238602/TeamNewPipe-NewPipeExtractor/extractor/build/reports/tests/test/classes/org.schabi.newpipe.extractor.utils.UtilsTest.html was found using the provided searchPath\n[fcf97dad-c59a-4eae-a0fe-4062b75b0111/build-and-test]   \ud83d\udcac  ::debug::Removing /tmp/3d783ea4-1661-11ee-8a50-bb14de238602/TeamNewPipe-NewPipeExtractor/extractor/build/reports/tests/test/css from rawSearchResults because it is a directory\n[fcf97dad-c59a-4eae-a0fe-4062b75b0111/build-and-test]   \ud83d\udcac  ::debug::File:/tmp/3d783ea4-1661-11ee-8a50-bb14de238602/TeamNewPipe-NewPipeExtractor/extractor/build/reports/tests/test/css/base-style.css was found using the provided searchPath\n[fcf97dad-c59a-4eae-a0fe-4062b75b0111/build-and-test]   \ud83d\udcac  ::debug::File:/tmp/3d783ea4-1661-11ee-8a50-bb14de238602/TeamNewPipe-NewPipeExtractor/extractor/build/reports/tests/test/css/style.css was found using the provided searchPath\n[fcf97dad-c59a-4eae-a0fe-4062b75b0111/build-and-test]   \ud83d\udcac  ::debug::File:/tmp/3d783ea4-1661-11ee-8a50-bb14de238602/TeamNewPipe-NewPipeExtractor/extractor/build/reports/tests/test/index.html was found using the provided searchPath\n[fcf97dad-c59a-4eae-a0fe-4062b75b0111/build-and-test]   \ud83d\udcac  ::debug::Removing /tmp/3d783ea4-1661-11ee-8a50-bb14de238602/TeamNewPipe-NewPipeExtractor/extractor/build/reports/tests/test/js from rawSearchResults because it is a directory\n[fcf97dad-c59a-4eae-a0fe-4062b75b0111/build-and-test]   \ud83d\udcac  ::debug::File:/tmp/3d783ea4-1661-11ee-8a50-bb14de238602/TeamNewPipe-NewPipeExtractor/extractor/build/reports/tests/test/js/report.js was found using the provided searchPath\n[fcf97dad-c59a-4eae-a0fe-4062b75b0111/build-and-test]   \ud83d\udcac  ::debug::Removing /tmp/3d783ea4-1661-11ee-8a50-bb14de238602/TeamNewPipe-NewPipeExtractor/extractor/build/reports/tests/test/packages from rawSearchResults because it is a directory\n[fcf97dad-c59a-4eae-a0fe-4062b75b0111/build-and-test]   \ud83d\udcac  ::debug::File:/tmp/3d783ea4-1661-11ee-8a50-bb14de238602/TeamNewPipe-NewPipeExtractor/extractor/build/reports/tests/test/packages/org.schabi.newpipe.extractor.html was found using the provided searchPath\n[fcf97dad-c59a-4eae-a0fe-4062b75b0111/build-and-test]   \ud83d\udcac  ::debug::File:/tmp/3d783ea4-1661-11ee-8a50-bb14de238602/TeamNewPipe-NewPipeExtractor/extractor/build/reports/tests/test/packages/org.schabi.newpipe.extractor.services.bandcamp.html was found using the provided searchPath\n[fcf97dad-c59a-4eae-a0fe-4062b75b0111/build-and-test]   \ud83d\udcac  ::debug::File:/tmp/3d783ea4-1661-11ee-8a50-bb14de238602/TeamNewPipe-NewPipeExtractor/extractor/build/reports/tests/test/packages/org.schabi.newpipe.extractor.services.media_ccc.html was found using the provided searchPath\n[fcf97dad-c59a-4eae-a0fe-4062b75b0111/build-and-test]   \ud83d\udcac  ::debug::File:/tmp/3d783ea4-1661-11ee-8a50-bb14de238602/TeamNewPipe-NewPipeExtractor/extractor/build/reports/tests/test/packages/org.schabi.newpipe.extractor.services.media_ccc.search.html was found using the provided searchPath\n[fcf97dad-c59a-4eae-a0fe-4062b75b0111/build-and-test]   \ud83d\udcac  ::debug::File:/tmp/3d783ea4-1661-11ee-8a50-bb14de238602/TeamNewPipe-NewPipeExtractor/extractor/build/reports/tests/test/packages/org.schabi.newpipe.extractor.services.peertube.html was found using the provided searchPath\n[fcf97dad-c59a-4eae-a0fe-4062b75b0111/build-and-test]   \ud83d\udcac  ::debug::File:/tmp/3d783ea4-1661-11ee-8a50-bb14de238602/TeamNewPipe-NewPipeExtractor/extractor/build/reports/tests/test/packages/org.schabi.newpipe.extractor.services.peertube.search.html was found using the provided searchPath\n[fcf97dad-c59a-4eae-a0fe-4062b75b0111/build-and-test]   \ud83d\udcac  ::debug::File:/tmp/3d783ea4-1661-11ee-8a50-bb14de238602/TeamNewPipe-NewPipeExtractor/extractor/build/reports/tests/test/packages/org.schabi.newpipe.extractor.services.soundcloud.html was found using the provided searchPath\n[fcf97dad-c59a-4eae-a0fe-4062b75b0111/build-and-test]   \ud83d\udcac  ::debug::File:/tmp/3d783ea4-1661-11ee-8a50-bb14de238602/TeamNewPipe-NewPipeExtractor/extractor/build/reports/tests/test/packages/org.schabi.newpipe.extractor.services.soundcloud.search.html was found using the provided searchPath\n[fcf97dad-c59a-4eae-a0fe-4062b75b0111/build-and-test]   \ud83d\udcac  ::debug::File:/tmp/3d783ea4-1661-11ee-8a50-bb14de238602/TeamNewPipe-NewPipeExtractor/extractor/build/reports/tests/test/packages/org.schabi.newpipe.extractor.services.youtube.html was found using the provided searchPath\n[fcf97dad-c59a-4eae-a0fe-4062b75b0111/build-and-test]   \ud83d\udcac  ::debug::File:/tmp/3d783ea4-1661-11ee-8a50-bb14de238602/TeamNewPipe-NewPipeExtractor/extractor/build/reports/tests/test/packages/org.schabi.newpipe.extractor.services.youtube.search.html was found using the provided searchPath\n[fcf97dad-c59a-4eae-a0fe-4062b75b0111/build-and-test]   \ud83d\udcac  ::debug::File:/tmp/3d783ea4-1661-11ee-8a50-bb14de238602/TeamNewPipe-NewPipeExtractor/extractor/build/reports/tests/test/packages/org.schabi.newpipe.extractor.services.youtube.stream.html was found using the provided searchPath\n[fcf97dad-c59a-4eae-a0fe-4062b75b0111/build-and-test]   \ud83d\udcac  ::debug::File:/tmp/3d783ea4-1661-11ee-8a50-bb14de238602/TeamNewPipe-NewPipeExtractor/extractor/build/reports/tests/test/packages/org.schabi.newpipe.extractor.utils.html was found using the provided searchPath\n[fcf97dad-c59a-4eae-a0fe-4062b75b0111/build-and-test]   | With the provided path, there will be 181 files uploaded\n[fcf97dad-c59a-4eae-a0fe-4062b75b0111/build-and-test]   \ud83d\udcac  ::debug::Root artifact directory is /tmp/3d783ea4-1661-11ee-8a50-bb14de238602/TeamNewPipe-NewPipeExtractor/extractor/build/reports/tests/test\n[fcf97dad-c59a-4eae-a0fe-4062b75b0111/build-and-test]   | Starting artifact upload\n[fcf97dad-c59a-4eae-a0fe-4062b75b0111/build-and-test]   | For more detailed logs during the artifact upload process, enable step-debugging: https://docs.github.com/actions/monitoring-and-troubleshooting-workflows/enabling-debug-logging#enabling-step-debug-logging\n[fcf97dad-c59a-4eae-a0fe-4062b75b0111/build-and-test]   | Artifact name is valid!\n[fcf97dad-c59a-4eae-a0fe-4062b75b0111/build-and-test]   \u2757  ::error::Unable to get ACTIONS_RUNTIME_TOKEN env variable\n[fcf97dad-c59a-4eae-a0fe-4062b75b0111/build-and-test]   \u274c  Failure - Main Upload test reports when failure occurs\n[fcf97dad-c59a-4eae-a0fe-4062b75b0111/build-and-test] exitcode '1': failure\n[fcf97dad-c59a-4eae-a0fe-4062b75b0111/build-and-test] \u2b50 Run Post set up JDK 11\n[fcf97dad-c59a-4eae-a0fe-4062b75b0111/build-and-test]   \ud83d\udc33  docker exec cmd=[node /var/run/act/actions/actions-setup-java@v3/dist/cleanup/index.js] user= workdir=\n[fcf97dad-c59a-4eae-a0fe-4062b75b0111/build-and-test]   \u2705  Success - Post set up JDK 11\n[fcf97dad-c59a-4eae-a0fe-4062b75b0111/build-and-test] \ud83c\udfc1  Job failed\n",
        "stderr": "Error: Job 'build-and-test' failed\n",
        "workflow": "/tmp/3d783ea4-1661-11ee-8a50-bb14de238602/TeamNewPipe-NewPipeExtractor/.github/workflows/ci-crawler.yml",
        "build_tool": "gradle",
        "elapsed_time": 356.52236557006836
    }
}