{
    "repository": "techGay/v9porn",
    "stars": 4607,
    "language": "java",
    "size": 138079,
    "clone_url": "https://github.com/techGay/v9porn.git",
    "timestamp": "2023-06-29T13:28:17.880349Z",
    "clone_success": true,
    "number_of_actions": 1,
    "number_of_test_actions": 1,
    "actions_successful": false,
    "actions_build_tools": [
        "gradle"
    ],
    "actions_test_build_tools": [
        "gradle"
    ],
    "actions_run": {
        "failed": true,
        "tests": [],
        "stdout": "[789da65a-48f9-42ee-910c-c5352829b456/build] \ud83d\ude80  Start image=crawlergpt:latest\n[789da65a-48f9-42ee-910c-c5352829b456/build]   \ud83d\udc33  docker pull image=crawlergpt:latest platform= username= forcePull=false\n[789da65a-48f9-42ee-910c-c5352829b456/build]   \ud83d\udc33  docker create image=crawlergpt:latest platform= entrypoint=[\"tail\" \"-f\" \"/dev/null\"] cmd=[]\n[789da65a-48f9-42ee-910c-c5352829b456/build]   \ud83d\udc33  docker run image=crawlergpt:latest platform= entrypoint=[\"tail\" \"-f\" \"/dev/null\"] cmd=[]\n[789da65a-48f9-42ee-910c-c5352829b456/build]   \ud83d\udc33  docker exec cmd=[chown -R 1012:1013 /tmp/3d783ea4-1661-11ee-8a50-bb14de238602/techGay-v9porn] user=0 workdir=\n[789da65a-48f9-42ee-910c-c5352829b456/build]   \u2601  git clone 'https://github.com/actions/setup-java' # ref=v1\n[789da65a-48f9-42ee-910c-c5352829b456/build] \u2b50 Run Main actions/checkout@v2\n[789da65a-48f9-42ee-910c-c5352829b456/build]   \u2705  Success - Main actions/checkout@v2\n[789da65a-48f9-42ee-910c-c5352829b456/build] \u2b50 Run Main set up JDK 1.8\n[789da65a-48f9-42ee-910c-c5352829b456/build]   \ud83d\udc33  docker cp src=/tmp/act-cache/c69c0a8d-a685-4cc5-9174-8b486b3c6e73/act/actions-setup-java@v1/ dst=/var/run/act/actions/actions-setup-java@v1/\n[789da65a-48f9-42ee-910c-c5352829b456/build]   \ud83d\udc33  docker exec cmd=[chown -R 1012:1013 /var/run/act/actions/actions-setup-java@v1/] user=0 workdir=\n[789da65a-48f9-42ee-910c-c5352829b456/build]   \ud83d\udc33  docker exec cmd=[node /var/run/act/actions/actions-setup-java@v1/dist/setup/index.js] user= workdir=\n[789da65a-48f9-42ee-910c-c5352829b456/build]   \ud83d\udcac  ::debug::isExplicit: \n[789da65a-48f9-42ee-910c-c5352829b456/build]   \ud83d\udcac  ::debug::explicit? false\n[789da65a-48f9-42ee-910c-c5352829b456/build]   \ud83d\udcac  ::debug::evaluating 0 versions\n[789da65a-48f9-42ee-910c-c5352829b456/build]   \ud83d\udcac  ::debug::match not found\n[789da65a-48f9-42ee-910c-c5352829b456/build]   \ud83d\udcac  ::debug::Downloading JDK from Azul\n[789da65a-48f9-42ee-910c-c5352829b456/build]   \ud83d\udcac  ::debug::Searching for files with extension: -linux_x64.tar.gz\n[789da65a-48f9-42ee-910c-c5352829b456/build]   \ud83d\udcac  ::debug::Downloading https://static.azul.com/zulu/bin/zulu8.70.0.23-ca-jdk8.0.372-linux_x64.tar.gz\n[789da65a-48f9-42ee-910c-c5352829b456/build]   \ud83d\udcac  ::debug::Downloading /tmp/638da452-50f7-43ab-a084-ed38d0c49f37\n[789da65a-48f9-42ee-910c-c5352829b456/build]   \ud83d\udcac  ::debug::download complete\n[789da65a-48f9-42ee-910c-c5352829b456/build]   | [command]/usr/bin/tar --version\n[789da65a-48f9-42ee-910c-c5352829b456/build]   | tar (GNU tar) 1.30\n[789da65a-48f9-42ee-910c-c5352829b456/build]   | Copyright (C) 2017 Free Software Foundation, Inc.\n[789da65a-48f9-42ee-910c-c5352829b456/build]   | License GPLv3+: GNU GPL version 3 or later <https://gnu.org/licenses/gpl.html>.\n[789da65a-48f9-42ee-910c-c5352829b456/build]   | This is free software: you are free to change and redistribute it.\n[789da65a-48f9-42ee-910c-c5352829b456/build]   | There is NO WARRANTY, to the extent permitted by law.\n[789da65a-48f9-42ee-910c-c5352829b456/build]   | \n[789da65a-48f9-42ee-910c-c5352829b456/build]   | Written by John Gilmore and Jay Fenlason.\n[789da65a-48f9-42ee-910c-c5352829b456/build]   | [command]/usr/bin/tar xz --warning=no-unknown-keyword -C /tmp/temp_1670337431 -f /tmp/638da452-50f7-43ab-a084-ed38d0c49f37\n[789da65a-48f9-42ee-910c-c5352829b456/build]   \ud83d\udcac  ::debug::jdk extracted to /tmp/temp_1670337431/zulu8.70.0.23-ca-jdk8.0.372-linux_x64\n[789da65a-48f9-42ee-910c-c5352829b456/build]   \ud83d\udcac  ::debug::Caching tool jdk 8.0.372 x64\n[789da65a-48f9-42ee-910c-c5352829b456/build]   \ud83d\udcac  ::debug::source dir: /tmp/temp_1670337431/zulu8.70.0.23-ca-jdk8.0.372-linux_x64\n[789da65a-48f9-42ee-910c-c5352829b456/build]   \ud83d\udcac  ::debug::destination /opt/hostedtoolcache/jdk/8.0.372/x64\n[789da65a-48f9-42ee-910c-c5352829b456/build]   \ud83d\udcac  ::debug::finished caching tool\n[789da65a-48f9-42ee-910c-c5352829b456/build]   \u2753 add-matcher /run/act/actions/actions-setup-java@v1/.github/java.json\n[789da65a-48f9-42ee-910c-c5352829b456/build]   | creating settings.xml with server-id: github; environment variables: username=$GITHUB_ACTOR, password=$GITHUB_TOKEN, and gpg-passphrase=null\n[789da65a-48f9-42ee-910c-c5352829b456/build]   \ud83d\udcac  ::debug::created directory /home/runneradmin/.m2\n[789da65a-48f9-42ee-910c-c5352829b456/build]   | writing /home/runneradmin/.m2/settings.xml\n[789da65a-48f9-42ee-910c-c5352829b456/build]   \u2705  Success - Main set up JDK 1.8\n[789da65a-48f9-42ee-910c-c5352829b456/build]   \u2699  ::set-env:: JAVA_HOME_8_0_372_X64=/opt/hostedtoolcache/jdk/8.0.372/x64\n[789da65a-48f9-42ee-910c-c5352829b456/build]   \u2699  ::set-env:: JAVA_HOME_8.0.372_x64=/opt/hostedtoolcache/jdk/8.0.372/x64\n[789da65a-48f9-42ee-910c-c5352829b456/build]   \u2699  ::set-env:: JAVA_HOME=/opt/hostedtoolcache/jdk/8.0.372/x64\n[789da65a-48f9-42ee-910c-c5352829b456/build]   \u2699  ::set-output:: path=/opt/hostedtoolcache/jdk/8.0.372/x64\n[789da65a-48f9-42ee-910c-c5352829b456/build]   \u2699  ::set-output:: version=8.0.372\n[789da65a-48f9-42ee-910c-c5352829b456/build]   \u2699  ::add-path:: /opt/hostedtoolcache/jdk/8.0.372/x64/bin\n[789da65a-48f9-42ee-910c-c5352829b456/build] \u2b50 Run Main Grant Permission to Execute\n[789da65a-48f9-42ee-910c-c5352829b456/build]   \ud83d\udc33  docker exec cmd=[bash --noprofile --norc -e -o pipefail /var/run/act/workflow/2] user= workdir=\n[789da65a-48f9-42ee-910c-c5352829b456/build]   \u2705  Success - Main Grant Permission to Execute\n[789da65a-48f9-42ee-910c-c5352829b456/build] \u2b50 Run Main Build with Gradle\n[789da65a-48f9-42ee-910c-c5352829b456/build]   \ud83d\udc33  docker exec cmd=[bash --noprofile --norc -e -o pipefail /var/run/act/workflow/3] user= workdir=\n[789da65a-48f9-42ee-910c-c5352829b456/build]   | Downloading https://services.gradle.org/distributions/gradle-6.5-bin.zip\n[789da65a-48f9-42ee-910c-c5352829b456/build]   | ..............................................................................................................................................................................................................................................................................................................................................................................................................................................................................................................................................................................................................................................................................................................................................................................................................................................................................................................................................................................................................................................................................................................................................................................................................................................................................................................................................................................................................................................................................................................................................................................................................................................................................................................................................................................................................................................................................................................................................................................................................................................................................................................................................................................................................................................................................................................................................................................................................................................................................................................................................................................................................................................................................................................................................................................................................................................................................................................................................................................................................................................................................................................................................................................................................................................................................................................................................................................................................................................................................................................................................................................................................................................................................................................................................................................................................................................................................................................................................................................................................................................................................................................................................................................................................................................................................................................................................................................................................................................................................................................................................................................................................................................................................................................................................................................................................................................................................................................................................................................................................................................................................................................................................................................................................................................................................................................................\n[789da65a-48f9-42ee-910c-c5352829b456/build]   | Unzipping /home/runneradmin/.gradle/wrapper/dists/gradle-6.5-bin/6nifqtx7604sqp1q6g8wikw7p/gradle-6.5-bin.zip to /home/runneradmin/.gradle/wrapper/dists/gradle-6.5-bin/6nifqtx7604sqp1q6g8wikw7p\n[789da65a-48f9-42ee-910c-c5352829b456/build]   | Set executable permissions for: /home/runneradmin/.gradle/wrapper/dists/gradle-6.5-bin/6nifqtx7604sqp1q6g8wikw7p/gradle-6.5/bin/gradle\n[789da65a-48f9-42ee-910c-c5352829b456/build]   | \n[789da65a-48f9-42ee-910c-c5352829b456/build]   | Welcome to Gradle 6.5!\n[789da65a-48f9-42ee-910c-c5352829b456/build]   | \n[789da65a-48f9-42ee-910c-c5352829b456/build]   | Here are the highlights of this release:\n[789da65a-48f9-42ee-910c-c5352829b456/build]   |  - Experimental file-system watching\n[789da65a-48f9-42ee-910c-c5352829b456/build]   |  - Improved version ordering\n[789da65a-48f9-42ee-910c-c5352829b456/build]   |  - New samples\n[789da65a-48f9-42ee-910c-c5352829b456/build]   | \n[789da65a-48f9-42ee-910c-c5352829b456/build]   | For more details see https://docs.gradle.org/6.5/release-notes.html\n[789da65a-48f9-42ee-910c-c5352829b456/build]   | \n[789da65a-48f9-42ee-910c-c5352829b456/build]   | Starting a Gradle Daemon (subsequent builds will be faster)\n[789da65a-48f9-42ee-910c-c5352829b456/build]   | \n[789da65a-48f9-42ee-910c-c5352829b456/build]   | FAILURE: Build failed with an exception.\n[789da65a-48f9-42ee-910c-c5352829b456/build]   | \n[789da65a-48f9-42ee-910c-c5352829b456/build]   | * What went wrong:\n[789da65a-48f9-42ee-910c-c5352829b456/build]   | Could not determine the dependencies of task ':app:packageRelease'.\n[789da65a-48f9-42ee-910c-c5352829b456/build]   | > Could not create task ':app:minifyReleaseWithR8'.\n[789da65a-48f9-42ee-910c-c5352829b456/build]   |    > SDK location not found. Define location with an ANDROID_SDK_ROOT environment variable or by setting the sdk.dir path in your project's local properties file at '/tmp/3d783ea4-1661-11ee-8a50-bb14de238602/techGay-v9porn/local.properties'.\n[789da65a-48f9-42ee-910c-c5352829b456/build]   | \n[789da65a-48f9-42ee-910c-c5352829b456/build]   | * Try:\n[789da65a-48f9-42ee-910c-c5352829b456/build]   | Run with --stacktrace option to get the stack trace. Run with --info or --debug option to get more log output. Run with --scan to get full insights.\n[789da65a-48f9-42ee-910c-c5352829b456/build]   | \n[789da65a-48f9-42ee-910c-c5352829b456/build]   | * Get more help at https://help.gradle.org\n[789da65a-48f9-42ee-910c-c5352829b456/build]   | \n[789da65a-48f9-42ee-910c-c5352829b456/build]   | Deprecated Gradle features were used in this build, making it incompatible with Gradle 7.0.\n[789da65a-48f9-42ee-910c-c5352829b456/build]   | Use '--warning-mode all' to show the individual deprecation warnings.\n[789da65a-48f9-42ee-910c-c5352829b456/build]   | See https://docs.gradle.org/6.5/userguide/command_line_interface.html#sec:command_line_warnings\n[789da65a-48f9-42ee-910c-c5352829b456/build]   | \n[789da65a-48f9-42ee-910c-c5352829b456/build]   | BUILD FAILED in 27s\n[789da65a-48f9-42ee-910c-c5352829b456/build]   \u274c  Failure - Main Build with Gradle\n[789da65a-48f9-42ee-910c-c5352829b456/build] exitcode '1': failure\n[789da65a-48f9-42ee-910c-c5352829b456/build] \u2b50 Run Post set up JDK 1.8\n[789da65a-48f9-42ee-910c-c5352829b456/build]   \ud83d\udc33  docker exec cmd=[node /var/run/act/actions/actions-setup-java@v1/dist/cleanup/index.js] user= workdir=\n[789da65a-48f9-42ee-910c-c5352829b456/build]   \u2705  Success - Post set up JDK 1.8\n[789da65a-48f9-42ee-910c-c5352829b456/build] \ud83c\udfc1  Job failed\n",
        "stderr": "Error: Job 'build' failed\n",
        "workflow": "/tmp/3d783ea4-1661-11ee-8a50-bb14de238602/techGay-v9porn/.github/workflows/android-crawler.yml",
        "build_tool": "gradle",
        "elapsed_time": 117.9677357673645
    }
}