{
    "repository": "terl/lazysodium-java",
    "stars": 124,
    "language": "java",
    "size": 16512,
    "clone_url": "https://github.com/terl/lazysodium-java.git",
    "timestamp": "2023-06-29T13:30:58.617748Z",
    "clone_success": true,
    "number_of_actions": 1,
    "number_of_test_actions": 1,
    "actions_successful": false,
    "actions_build_tools": [
        "gradle"
    ],
    "actions_test_build_tools": [
        "gradle"
    ],
    "actions_run": {
        "failed": true,
        "tests": [],
        "stdout": "[1a9326fa-ee0a-47bc-b1ad-39a344955699/ubuntu-latest arm64 check] \ud83d\ude80  Start image=crawlergpt:latest\n[1a9326fa-ee0a-47bc-b1ad-39a344955699/ubuntu-latest x64 check  ] \ud83d\ude80  Start image=crawlergpt:latest\n[1a9326fa-ee0a-47bc-b1ad-39a344955699/ubuntu-latest x64 check  ]   \ud83d\udc33  docker pull image=crawlergpt:latest platform= username= forcePull=false\n[1a9326fa-ee0a-47bc-b1ad-39a344955699/ubuntu-latest arm64 check]   \ud83d\udc33  docker pull image=crawlergpt:latest platform= username= forcePull=false\n[1a9326fa-ee0a-47bc-b1ad-39a344955699/ubuntu-latest x64 check  ]   \ud83d\udc33  docker create image=crawlergpt:latest platform= entrypoint=[\"tail\" \"-f\" \"/dev/null\"] cmd=[]\n[1a9326fa-ee0a-47bc-b1ad-39a344955699/ubuntu-latest arm64 check]   \ud83d\udc33  docker create image=crawlergpt:latest platform= entrypoint=[\"tail\" \"-f\" \"/dev/null\"] cmd=[]\n[1a9326fa-ee0a-47bc-b1ad-39a344955699/ubuntu-latest arm64 check]   \ud83d\udc33  docker run image=crawlergpt:latest platform= entrypoint=[\"tail\" \"-f\" \"/dev/null\"] cmd=[]\n[1a9326fa-ee0a-47bc-b1ad-39a344955699/ubuntu-latest x64 check  ]   \ud83d\udc33  docker run image=crawlergpt:latest platform= entrypoint=[\"tail\" \"-f\" \"/dev/null\"] cmd=[]\n[1a9326fa-ee0a-47bc-b1ad-39a344955699/ubuntu-latest arm64 check]   \ud83d\udc33  docker exec cmd=[chown -R 1012:1013 /tmp/3d783ea4-1661-11ee-8a50-bb14de238602/terl-lazysodium-java] user=0 workdir=\n[1a9326fa-ee0a-47bc-b1ad-39a344955699/ubuntu-latest x64 check  ]   \ud83d\udc33  docker exec cmd=[chown -R 1012:1013 /tmp/3d783ea4-1661-11ee-8a50-bb14de238602/terl-lazysodium-java] user=0 workdir=\n[1a9326fa-ee0a-47bc-b1ad-39a344955699/ubuntu-latest arm64 check]   \u2601  git clone 'https://github.com/actions/setup-java' # ref=v3\n[1a9326fa-ee0a-47bc-b1ad-39a344955699/ubuntu-latest x64 check  ]   \u2601  git clone 'https://github.com/actions/setup-java' # ref=v3\n[1a9326fa-ee0a-47bc-b1ad-39a344955699/ubuntu-latest arm64 check] \ud83e\uddea  Matrix: map[arch:arm64 os:ubuntu-latest]\n[1a9326fa-ee0a-47bc-b1ad-39a344955699/ubuntu-latest arm64 check] \u2b50 Run Main actions/checkout@v3\n[1a9326fa-ee0a-47bc-b1ad-39a344955699/ubuntu-latest arm64 check]   \u2705  Success - Main actions/checkout@v3\n[1a9326fa-ee0a-47bc-b1ad-39a344955699/ubuntu-latest arm64 check] \u2b50 Run Main Set up Java on ARM64\n[1a9326fa-ee0a-47bc-b1ad-39a344955699/ubuntu-latest arm64 check]   \ud83d\udc33  docker cp src=/tmp/act-cache/8c0dcefa-838e-42a0-b5aa-8deff3e940a8/act/actions-setup-java@v3/ dst=/var/run/act/actions/actions-setup-java@v3/\n[1a9326fa-ee0a-47bc-b1ad-39a344955699/ubuntu-latest arm64 check]   \ud83d\udc33  docker exec cmd=[chown -R 1012:1013 /var/run/act/actions/actions-setup-java@v3/] user=0 workdir=\n[1a9326fa-ee0a-47bc-b1ad-39a344955699/ubuntu-latest x64 check  ] \ud83e\uddea  Matrix: map[arch:x64 os:ubuntu-latest]\n[1a9326fa-ee0a-47bc-b1ad-39a344955699/ubuntu-latest x64 check  ] \u2b50 Run Main actions/checkout@v3\n[1a9326fa-ee0a-47bc-b1ad-39a344955699/ubuntu-latest x64 check  ]   \u2705  Success - Main actions/checkout@v3\n[1a9326fa-ee0a-47bc-b1ad-39a344955699/ubuntu-latest x64 check  ] \u2b50 Run Main Set up Java\n[1a9326fa-ee0a-47bc-b1ad-39a344955699/ubuntu-latest x64 check  ]   \ud83d\udc33  docker cp src=/tmp/act-cache/8c0dcefa-838e-42a0-b5aa-8deff3e940a8/act/actions-setup-java@v3/ dst=/var/run/act/actions/actions-setup-java@v3/\n[1a9326fa-ee0a-47bc-b1ad-39a344955699/ubuntu-latest x64 check  ]   \ud83d\udc33  docker exec cmd=[chown -R 1012:1013 /var/run/act/actions/actions-setup-java@v3/] user=0 workdir=\n[1a9326fa-ee0a-47bc-b1ad-39a344955699/ubuntu-latest x64 check  ]   \ud83d\udc33  docker exec cmd=[node /var/run/act/actions/actions-setup-java@v3/dist/setup/index.js] user= workdir=\n[1a9326fa-ee0a-47bc-b1ad-39a344955699/ubuntu-latest arm64 check]   \ud83d\udc33  docker exec cmd=[node /var/run/act/actions/actions-setup-java@v3/dist/setup/index.js] user= workdir=\n[1a9326fa-ee0a-47bc-b1ad-39a344955699/ubuntu-latest arm64 check]   \u2753  ::group::Installed distributions\n[1a9326fa-ee0a-47bc-b1ad-39a344955699/ubuntu-latest arm64 check]   | Trying to resolve the latest version from remote\n[1a9326fa-ee0a-47bc-b1ad-39a344955699/ubuntu-latest arm64 check]   \ud83d\udcac  ::debug::Gathering available versions from 'https://api.azul.com/zulu/download/community/v1.0/bundles/?os=linux&ext=tar.gz&bundle_type=jdk&javafx=false&arch=x86&hw_bitness=64&release_status=ga'\n[1a9326fa-ee0a-47bc-b1ad-39a344955699/ubuntu-latest x64 check  ]   \u2753  ::group::Installed distributions\n[1a9326fa-ee0a-47bc-b1ad-39a344955699/ubuntu-latest x64 check  ]   | Trying to resolve the latest version from remote\n[1a9326fa-ee0a-47bc-b1ad-39a344955699/ubuntu-latest x64 check  ]   \ud83d\udcac  ::debug::Gathering available versions from 'https://api.azul.com/zulu/download/community/v1.0/bundles/?os=linux&ext=tar.gz&bundle_type=jdk&javafx=false&arch=x86&hw_bitness=64&release_status=ga'\n[1a9326fa-ee0a-47bc-b1ad-39a344955699/ubuntu-latest arm64 check]   | Resolved latest version as 13.0.14+5\n[1a9326fa-ee0a-47bc-b1ad-39a344955699/ubuntu-latest arm64 check]   | Trying to download...\n[1a9326fa-ee0a-47bc-b1ad-39a344955699/ubuntu-latest arm64 check]   | Downloading Java 13.0.14+5 (Zulu) from https://cdn.azul.com/zulu/bin/zulu13.54.17-ca-jdk13.0.14-linux_x64.tar.gz ...\n[1a9326fa-ee0a-47bc-b1ad-39a344955699/ubuntu-latest arm64 check]   \ud83d\udcac  ::debug::Downloading https://cdn.azul.com/zulu/bin/zulu13.54.17-ca-jdk13.0.14-linux_x64.tar.gz\n[1a9326fa-ee0a-47bc-b1ad-39a344955699/ubuntu-latest arm64 check]   \ud83d\udcac  ::debug::Destination /tmp/fcb69b87-a4ad-409e-971b-06675b88243f\n[1a9326fa-ee0a-47bc-b1ad-39a344955699/ubuntu-latest x64 check  ]   | Resolved latest version as 11.0.19+7\n[1a9326fa-ee0a-47bc-b1ad-39a344955699/ubuntu-latest x64 check  ]   | Trying to download...\n[1a9326fa-ee0a-47bc-b1ad-39a344955699/ubuntu-latest x64 check  ]   | Downloading Java 11.0.19+7 (Zulu) from https://cdn.azul.com/zulu/bin/zulu11.64.19-ca-jdk11.0.19-linux_x64.tar.gz ...\n[1a9326fa-ee0a-47bc-b1ad-39a344955699/ubuntu-latest x64 check  ]   \ud83d\udcac  ::debug::Downloading https://cdn.azul.com/zulu/bin/zulu11.64.19-ca-jdk11.0.19-linux_x64.tar.gz\n[1a9326fa-ee0a-47bc-b1ad-39a344955699/ubuntu-latest x64 check  ]   \ud83d\udcac  ::debug::Destination /tmp/16a3c587-c479-4501-8e8d-84c8d5644565\n[1a9326fa-ee0a-47bc-b1ad-39a344955699/ubuntu-latest x64 check  ]   \ud83d\udcac  ::debug::download complete\n[1a9326fa-ee0a-47bc-b1ad-39a344955699/ubuntu-latest x64 check  ]   | Extracting Java archive...\n[1a9326fa-ee0a-47bc-b1ad-39a344955699/ubuntu-latest x64 check  ]   \ud83d\udcac  ::debug::Checking tar --version\n[1a9326fa-ee0a-47bc-b1ad-39a344955699/ubuntu-latest x64 check  ]   \ud83d\udcac  ::debug::tar (GNU tar) 1.30%0ACopyright (C) 2017 Free Software Foundation, Inc.%0ALicense GPLv3+: GNU GPL version 3 or later <https://gnu.org/licenses/gpl.html>.%0AThis is free software: you are free to change and redistribute it.%0AThere is NO WARRANTY, to the extent permitted by law.%0A%0AWritten by John Gilmore and Jay Fenlason.\n[1a9326fa-ee0a-47bc-b1ad-39a344955699/ubuntu-latest x64 check  ]   | [command]/usr/bin/tar xz --warning=no-unknown-keyword -C /tmp/f99fc5d0-68d6-4ed5-bf7c-f2775906cbb6 -f /tmp/16a3c587-c479-4501-8e8d-84c8d5644565\n[1a9326fa-ee0a-47bc-b1ad-39a344955699/ubuntu-latest arm64 check]   \ud83d\udcac  ::debug::download complete\n[1a9326fa-ee0a-47bc-b1ad-39a344955699/ubuntu-latest arm64 check]   | Extracting Java archive...\n[1a9326fa-ee0a-47bc-b1ad-39a344955699/ubuntu-latest arm64 check]   \ud83d\udcac  ::debug::Checking tar --version\n[1a9326fa-ee0a-47bc-b1ad-39a344955699/ubuntu-latest arm64 check]   \ud83d\udcac  ::debug::tar (GNU tar) 1.30%0ACopyright (C) 2017 Free Software Foundation, Inc.%0ALicense GPLv3+: GNU GPL version 3 or later <https://gnu.org/licenses/gpl.html>.%0AThis is free software: you are free to change and redistribute it.%0AThere is NO WARRANTY, to the extent permitted by law.%0A%0AWritten by John Gilmore and Jay Fenlason.\n[1a9326fa-ee0a-47bc-b1ad-39a344955699/ubuntu-latest arm64 check]   | [command]/usr/bin/tar xz --warning=no-unknown-keyword -C /tmp/8eebe3d8-1bb7-44ac-a492-43129f81002f -f /tmp/fcb69b87-a4ad-409e-971b-06675b88243f\n[1a9326fa-ee0a-47bc-b1ad-39a344955699/ubuntu-latest x64 check  ]   \ud83d\udcac  ::debug::Caching tool Java_Zulu_jdk 11.0.19-7 x64\n[1a9326fa-ee0a-47bc-b1ad-39a344955699/ubuntu-latest x64 check  ]   \ud83d\udcac  ::debug::source dir: /tmp/f99fc5d0-68d6-4ed5-bf7c-f2775906cbb6/zulu11.64.19-ca-jdk11.0.19-linux_x64\n[1a9326fa-ee0a-47bc-b1ad-39a344955699/ubuntu-latest x64 check  ]   \ud83d\udcac  ::debug::destination /opt/hostedtoolcache/Java_Zulu_jdk/11.0.19-7/x64\n[1a9326fa-ee0a-47bc-b1ad-39a344955699/ubuntu-latest arm64 check]   \ud83d\udcac  ::debug::Caching tool Java_Zulu_jdk 13.0.14-5 x64\n[1a9326fa-ee0a-47bc-b1ad-39a344955699/ubuntu-latest arm64 check]   \ud83d\udcac  ::debug::source dir: /tmp/8eebe3d8-1bb7-44ac-a492-43129f81002f/zulu13.54.17-ca-jdk13.0.14-linux_x64\n[1a9326fa-ee0a-47bc-b1ad-39a344955699/ubuntu-latest arm64 check]   \ud83d\udcac  ::debug::destination /opt/hostedtoolcache/Java_Zulu_jdk/13.0.14-5/x64\n[1a9326fa-ee0a-47bc-b1ad-39a344955699/ubuntu-latest x64 check  ]   \ud83d\udcac  ::debug::finished caching tool\n[1a9326fa-ee0a-47bc-b1ad-39a344955699/ubuntu-latest x64 check  ]   | Java 11.0.19+7 was downloaded\n[1a9326fa-ee0a-47bc-b1ad-39a344955699/ubuntu-latest x64 check  ]   | Setting Java 11.0.19+7 as the default\n[1a9326fa-ee0a-47bc-b1ad-39a344955699/ubuntu-latest x64 check  ]   | Creating toolchains.xml for JDK version 11 from zulu\n[1a9326fa-ee0a-47bc-b1ad-39a344955699/ubuntu-latest x64 check  ]   | Writing to /home/runneradmin/.m2/toolchains.xml\n[1a9326fa-ee0a-47bc-b1ad-39a344955699/ubuntu-latest x64 check  ]   | \n[1a9326fa-ee0a-47bc-b1ad-39a344955699/ubuntu-latest x64 check  ]   | Java configuration:\n[1a9326fa-ee0a-47bc-b1ad-39a344955699/ubuntu-latest x64 check  ]   |   Distribution: zulu\n[1a9326fa-ee0a-47bc-b1ad-39a344955699/ubuntu-latest x64 check  ]   |   Version: 11.0.19+7\n[1a9326fa-ee0a-47bc-b1ad-39a344955699/ubuntu-latest x64 check  ]   |   Path: /opt/hostedtoolcache/Java_Zulu_jdk/11.0.19-7/x64\n[1a9326fa-ee0a-47bc-b1ad-39a344955699/ubuntu-latest x64 check  ]   | \n[1a9326fa-ee0a-47bc-b1ad-39a344955699/ubuntu-latest x64 check  ]   \u2753  ::endgroup::\n[1a9326fa-ee0a-47bc-b1ad-39a344955699/ubuntu-latest x64 check  ]   \u2753 add-matcher /run/act/actions/actions-setup-java@v3/.github/java.json\n[1a9326fa-ee0a-47bc-b1ad-39a344955699/ubuntu-latest x64 check  ]   | Creating settings.xml with server-id: github\n[1a9326fa-ee0a-47bc-b1ad-39a344955699/ubuntu-latest x64 check  ]   | Writing to /home/runneradmin/.m2/settings.xml\n[1a9326fa-ee0a-47bc-b1ad-39a344955699/ubuntu-latest x64 check  ]   \u2705  Success - Main Set up Java\n[1a9326fa-ee0a-47bc-b1ad-39a344955699/ubuntu-latest x64 check  ]   \u2699  ::set-env:: JAVA_HOME=/opt/hostedtoolcache/Java_Zulu_jdk/11.0.19-7/x64\n[1a9326fa-ee0a-47bc-b1ad-39a344955699/ubuntu-latest x64 check  ]   \u2699  ::set-env:: JAVA_HOME_11_X64=/opt/hostedtoolcache/Java_Zulu_jdk/11.0.19-7/x64\n[1a9326fa-ee0a-47bc-b1ad-39a344955699/ubuntu-latest x64 check  ]   \u2699  ::set-output:: distribution=Zulu\n[1a9326fa-ee0a-47bc-b1ad-39a344955699/ubuntu-latest x64 check  ]   \u2699  ::set-output:: path=/opt/hostedtoolcache/Java_Zulu_jdk/11.0.19-7/x64\n[1a9326fa-ee0a-47bc-b1ad-39a344955699/ubuntu-latest x64 check  ]   \u2699  ::set-output:: version=11.0.19+7\n[1a9326fa-ee0a-47bc-b1ad-39a344955699/ubuntu-latest x64 check  ]   \u2699  ::add-path:: /opt/hostedtoolcache/Java_Zulu_jdk/11.0.19-7/x64/bin\n[1a9326fa-ee0a-47bc-b1ad-39a344955699/ubuntu-latest x64 check  ] \u2b50 Run Main Test with Gradle\n[1a9326fa-ee0a-47bc-b1ad-39a344955699/ubuntu-latest arm64 check]   \ud83d\udcac  ::debug::finished caching tool\n[1a9326fa-ee0a-47bc-b1ad-39a344955699/ubuntu-latest arm64 check]   | Java 13.0.14+5 was downloaded\n[1a9326fa-ee0a-47bc-b1ad-39a344955699/ubuntu-latest arm64 check]   | Setting Java 13.0.14+5 as the default\n[1a9326fa-ee0a-47bc-b1ad-39a344955699/ubuntu-latest arm64 check]   | Creating toolchains.xml for JDK version 13 from zulu\n[1a9326fa-ee0a-47bc-b1ad-39a344955699/ubuntu-latest arm64 check]   | Writing to /home/runneradmin/.m2/toolchains.xml\n[1a9326fa-ee0a-47bc-b1ad-39a344955699/ubuntu-latest arm64 check]   | \n[1a9326fa-ee0a-47bc-b1ad-39a344955699/ubuntu-latest arm64 check]   | Java configuration:\n[1a9326fa-ee0a-47bc-b1ad-39a344955699/ubuntu-latest arm64 check]   |   Distribution: zulu\n[1a9326fa-ee0a-47bc-b1ad-39a344955699/ubuntu-latest arm64 check]   |   Version: 13.0.14+5\n[1a9326fa-ee0a-47bc-b1ad-39a344955699/ubuntu-latest arm64 check]   |   Path: /opt/hostedtoolcache/Java_Zulu_jdk/13.0.14-5/x64\n[1a9326fa-ee0a-47bc-b1ad-39a344955699/ubuntu-latest arm64 check]   | \n[1a9326fa-ee0a-47bc-b1ad-39a344955699/ubuntu-latest arm64 check]   \u2753  ::endgroup::\n[1a9326fa-ee0a-47bc-b1ad-39a344955699/ubuntu-latest arm64 check]   \u2753 add-matcher /run/act/actions/actions-setup-java@v3/.github/java.json\n[1a9326fa-ee0a-47bc-b1ad-39a344955699/ubuntu-latest arm64 check]   | Creating settings.xml with server-id: github\n[1a9326fa-ee0a-47bc-b1ad-39a344955699/ubuntu-latest arm64 check]   | Writing to /home/runneradmin/.m2/settings.xml\n[1a9326fa-ee0a-47bc-b1ad-39a344955699/ubuntu-latest x64 check  ]   \ud83d\udc33  docker exec cmd=[bash --noprofile --norc -e -o pipefail /var/run/act/workflow/2] user= workdir=\n[1a9326fa-ee0a-47bc-b1ad-39a344955699/ubuntu-latest arm64 check]   \u2705  Success - Main Set up Java on ARM64\n[1a9326fa-ee0a-47bc-b1ad-39a344955699/ubuntu-latest arm64 check]   \u2699  ::set-env:: JAVA_HOME=/opt/hostedtoolcache/Java_Zulu_jdk/13.0.14-5/x64\n[1a9326fa-ee0a-47bc-b1ad-39a344955699/ubuntu-latest arm64 check]   \u2699  ::set-env:: JAVA_HOME_13_X64=/opt/hostedtoolcache/Java_Zulu_jdk/13.0.14-5/x64\n[1a9326fa-ee0a-47bc-b1ad-39a344955699/ubuntu-latest arm64 check]   \u2699  ::set-output:: distribution=Zulu\n[1a9326fa-ee0a-47bc-b1ad-39a344955699/ubuntu-latest arm64 check]   \u2699  ::set-output:: path=/opt/hostedtoolcache/Java_Zulu_jdk/13.0.14-5/x64\n[1a9326fa-ee0a-47bc-b1ad-39a344955699/ubuntu-latest arm64 check]   \u2699  ::set-output:: version=13.0.14+5\n[1a9326fa-ee0a-47bc-b1ad-39a344955699/ubuntu-latest arm64 check]   \u2699  ::add-path:: /opt/hostedtoolcache/Java_Zulu_jdk/13.0.14-5/x64/bin\n[1a9326fa-ee0a-47bc-b1ad-39a344955699/ubuntu-latest arm64 check] \u2b50 Run Main Test with Gradle\n[1a9326fa-ee0a-47bc-b1ad-39a344955699/ubuntu-latest arm64 check]   \ud83d\udc33  docker exec cmd=[bash --noprofile --norc -e -o pipefail /var/run/act/workflow/2] user= workdir=\n[1a9326fa-ee0a-47bc-b1ad-39a344955699/ubuntu-latest arm64 check]   | Downloading https://services.gradle.org/distributions/gradle-6.8.3-all.zip\n[1a9326fa-ee0a-47bc-b1ad-39a344955699/ubuntu-latest x64 check  ]   | Downloading https://services.gradle.org/distributions/gradle-6.8.3-all.zip\n[1a9326fa-ee0a-47bc-b1ad-39a344955699/ubuntu-latest arm64 check]   | ...............................................................................................................................................\n[1a9326fa-ee0a-47bc-b1ad-39a344955699/ubuntu-latest arm64 check]   | Unzipping /home/runneradmin/.gradle/wrapper/dists/gradle-6.8.3-all/6czipnbiesy2sl92ioo8dht91/gradle-6.8.3-all.zip to /home/runneradmin/.gradle/wrapper/dists/gradle-6.8.3-all/6czipnbiesy2sl92ioo8dht91\n[1a9326fa-ee0a-47bc-b1ad-39a344955699/ubuntu-latest x64 check  ]   | ...............................................................................................................................................\n[1a9326fa-ee0a-47bc-b1ad-39a344955699/ubuntu-latest x64 check  ]   | Unzipping /home/runneradmin/.gradle/wrapper/dists/gradle-6.8.3-all/6czipnbiesy2sl92ioo8dht91/gradle-6.8.3-all.zip to /home/runneradmin/.gradle/wrapper/dists/gradle-6.8.3-all/6czipnbiesy2sl92ioo8dht91\n[1a9326fa-ee0a-47bc-b1ad-39a344955699/ubuntu-latest arm64 check]   | Set executable permissions for: /home/runneradmin/.gradle/wrapper/dists/gradle-6.8.3-all/6czipnbiesy2sl92ioo8dht91/gradle-6.8.3/bin/gradle\n[1a9326fa-ee0a-47bc-b1ad-39a344955699/ubuntu-latest arm64 check]   | \n[1a9326fa-ee0a-47bc-b1ad-39a344955699/ubuntu-latest arm64 check]   | Welcome to Gradle 6.8.3!\n[1a9326fa-ee0a-47bc-b1ad-39a344955699/ubuntu-latest arm64 check]   | \n[1a9326fa-ee0a-47bc-b1ad-39a344955699/ubuntu-latest arm64 check]   | Here are the highlights of this release:\n[1a9326fa-ee0a-47bc-b1ad-39a344955699/ubuntu-latest arm64 check]   |  - Faster Kotlin DSL script compilation\n[1a9326fa-ee0a-47bc-b1ad-39a344955699/ubuntu-latest arm64 check]   |  - Vendor selection for Java toolchains\n[1a9326fa-ee0a-47bc-b1ad-39a344955699/ubuntu-latest arm64 check]   |  - Convenient execution of tasks in composite builds\n[1a9326fa-ee0a-47bc-b1ad-39a344955699/ubuntu-latest arm64 check]   |  - Consistent dependency resolution\n[1a9326fa-ee0a-47bc-b1ad-39a344955699/ubuntu-latest arm64 check]   | \n[1a9326fa-ee0a-47bc-b1ad-39a344955699/ubuntu-latest arm64 check]   | For more details see https://docs.gradle.org/6.8.3/release-notes.html\n[1a9326fa-ee0a-47bc-b1ad-39a344955699/ubuntu-latest arm64 check]   | \n[1a9326fa-ee0a-47bc-b1ad-39a344955699/ubuntu-latest arm64 check]   | Starting a Gradle Daemon (subsequent builds will be faster)\n[1a9326fa-ee0a-47bc-b1ad-39a344955699/ubuntu-latest x64 check  ]   | Set executable permissions for: /home/runneradmin/.gradle/wrapper/dists/gradle-6.8.3-all/6czipnbiesy2sl92ioo8dht91/gradle-6.8.3/bin/gradle\n[1a9326fa-ee0a-47bc-b1ad-39a344955699/ubuntu-latest x64 check  ]   | \n[1a9326fa-ee0a-47bc-b1ad-39a344955699/ubuntu-latest x64 check  ]   | Welcome to Gradle 6.8.3!\n[1a9326fa-ee0a-47bc-b1ad-39a344955699/ubuntu-latest x64 check  ]   | \n[1a9326fa-ee0a-47bc-b1ad-39a344955699/ubuntu-latest x64 check  ]   | Here are the highlights of this release:\n[1a9326fa-ee0a-47bc-b1ad-39a344955699/ubuntu-latest x64 check  ]   |  - Faster Kotlin DSL script compilation\n[1a9326fa-ee0a-47bc-b1ad-39a344955699/ubuntu-latest x64 check  ]   |  - Vendor selection for Java toolchains\n[1a9326fa-ee0a-47bc-b1ad-39a344955699/ubuntu-latest x64 check  ]   |  - Convenient execution of tasks in composite builds\n[1a9326fa-ee0a-47bc-b1ad-39a344955699/ubuntu-latest x64 check  ]   |  - Consistent dependency resolution\n[1a9326fa-ee0a-47bc-b1ad-39a344955699/ubuntu-latest x64 check  ]   | \n[1a9326fa-ee0a-47bc-b1ad-39a344955699/ubuntu-latest x64 check  ]   | For more details see https://docs.gradle.org/6.8.3/release-notes.html\n[1a9326fa-ee0a-47bc-b1ad-39a344955699/ubuntu-latest x64 check  ]   | \n[1a9326fa-ee0a-47bc-b1ad-39a344955699/ubuntu-latest x64 check  ]   | Starting a Gradle Daemon (subsequent builds will be faster)\n[1a9326fa-ee0a-47bc-b1ad-39a344955699/ubuntu-latest x64 check  ]   | \n[1a9326fa-ee0a-47bc-b1ad-39a344955699/ubuntu-latest x64 check  ]   | FAILURE: Build failed with an exception.\n[1a9326fa-ee0a-47bc-b1ad-39a344955699/ubuntu-latest x64 check  ]   | \n[1a9326fa-ee0a-47bc-b1ad-39a344955699/ubuntu-latest x64 check  ]   | * What went wrong:\n[1a9326fa-ee0a-47bc-b1ad-39a344955699/ubuntu-latest x64 check  ]   | Failed to create Jar file /home/runneradmin/.gradle/caches/jars-8/08fbda553ad2d29f68416f66260fea18/biz.aQute.bnd.gradle-7.0.0-SNAPSHOT.jar.\n[1a9326fa-ee0a-47bc-b1ad-39a344955699/ubuntu-latest x64 check  ]   | > Unsupported class file major version 61\n[1a9326fa-ee0a-47bc-b1ad-39a344955699/ubuntu-latest x64 check  ]   | \n[1a9326fa-ee0a-47bc-b1ad-39a344955699/ubuntu-latest x64 check  ]   | * Try:\n[1a9326fa-ee0a-47bc-b1ad-39a344955699/ubuntu-latest x64 check  ]   | Run with --stacktrace option to get the stack trace. Run with --info or --debug option to get more log output. Run with --scan to get full insights.\n[1a9326fa-ee0a-47bc-b1ad-39a344955699/ubuntu-latest x64 check  ]   | \n[1a9326fa-ee0a-47bc-b1ad-39a344955699/ubuntu-latest x64 check  ]   | * Get more help at https://help.gradle.org\n[1a9326fa-ee0a-47bc-b1ad-39a344955699/ubuntu-latest x64 check  ]   | \n[1a9326fa-ee0a-47bc-b1ad-39a344955699/ubuntu-latest x64 check  ]   | BUILD FAILED in 22s\n[1a9326fa-ee0a-47bc-b1ad-39a344955699/ubuntu-latest x64 check  ]   \u274c  Failure - Main Test with Gradle\n[1a9326fa-ee0a-47bc-b1ad-39a344955699/ubuntu-latest x64 check  ] exitcode '1': failure\n[1a9326fa-ee0a-47bc-b1ad-39a344955699/ubuntu-latest x64 check  ] \u2b50 Run Post Set up Java\n[1a9326fa-ee0a-47bc-b1ad-39a344955699/ubuntu-latest x64 check  ]   \ud83d\udc33  docker exec cmd=[node /var/run/act/actions/actions-setup-java@v3/dist/cleanup/index.js] user= workdir=\n[1a9326fa-ee0a-47bc-b1ad-39a344955699/ubuntu-latest x64 check  ]   \u2705  Success - Post Set up Java\n[1a9326fa-ee0a-47bc-b1ad-39a344955699/ubuntu-latest arm64 check]   | \n[1a9326fa-ee0a-47bc-b1ad-39a344955699/ubuntu-latest arm64 check]   | FAILURE: Build failed with an exception.\n[1a9326fa-ee0a-47bc-b1ad-39a344955699/ubuntu-latest arm64 check]   | \n[1a9326fa-ee0a-47bc-b1ad-39a344955699/ubuntu-latest arm64 check]   | * What went wrong:\n[1a9326fa-ee0a-47bc-b1ad-39a344955699/ubuntu-latest arm64 check]   | Failed to create Jar file /home/runneradmin/.gradle/caches/jars-8/08fbda553ad2d29f68416f66260fea18/biz.aQute.bnd.gradle-7.0.0-SNAPSHOT.jar.\n[1a9326fa-ee0a-47bc-b1ad-39a344955699/ubuntu-latest arm64 check]   | > Unsupported class file major version 61\n[1a9326fa-ee0a-47bc-b1ad-39a344955699/ubuntu-latest arm64 check]   | \n[1a9326fa-ee0a-47bc-b1ad-39a344955699/ubuntu-latest arm64 check]   | * Try:\n[1a9326fa-ee0a-47bc-b1ad-39a344955699/ubuntu-latest arm64 check]   | Run with --stacktrace option to get the stack trace. Run with --info or --debug option to get more log output. Run with --scan to get full insights.\n[1a9326fa-ee0a-47bc-b1ad-39a344955699/ubuntu-latest arm64 check]   | \n[1a9326fa-ee0a-47bc-b1ad-39a344955699/ubuntu-latest arm64 check]   | * Get more help at https://help.gradle.org\n[1a9326fa-ee0a-47bc-b1ad-39a344955699/ubuntu-latest arm64 check]   | \n[1a9326fa-ee0a-47bc-b1ad-39a344955699/ubuntu-latest arm64 check]   | BUILD FAILED in 29s\n[1a9326fa-ee0a-47bc-b1ad-39a344955699/ubuntu-latest arm64 check]   \u274c  Failure - Main Test with Gradle\n[1a9326fa-ee0a-47bc-b1ad-39a344955699/ubuntu-latest arm64 check] exitcode '1': failure\n[1a9326fa-ee0a-47bc-b1ad-39a344955699/ubuntu-latest arm64 check] \u2b50 Run Post Set up Java on ARM64\n[1a9326fa-ee0a-47bc-b1ad-39a344955699/ubuntu-latest arm64 check]   \ud83d\udc33  docker exec cmd=[node /var/run/act/actions/actions-setup-java@v3/dist/cleanup/index.js] user= workdir=\n[1a9326fa-ee0a-47bc-b1ad-39a344955699/ubuntu-latest arm64 check]   | internal/modules/cjs/loader.js:892\n[1a9326fa-ee0a-47bc-b1ad-39a344955699/ubuntu-latest arm64 check]   |   throw err;\n[1a9326fa-ee0a-47bc-b1ad-39a344955699/ubuntu-latest arm64 check]   |   ^\n[1a9326fa-ee0a-47bc-b1ad-39a344955699/ubuntu-latest arm64 check]   | \n[1a9326fa-ee0a-47bc-b1ad-39a344955699/ubuntu-latest arm64 check]   | Error: Cannot find module '/var/run/act/actions/actions-setup-java@v3/dist/cleanup/index.js'\n[1a9326fa-ee0a-47bc-b1ad-39a344955699/ubuntu-latest arm64 check]   |     at Function.Module._resolveFilename (internal/modules/cjs/loader.js:889:15)\n[1a9326fa-ee0a-47bc-b1ad-39a344955699/ubuntu-latest arm64 check]   |     at Function.Module._load (internal/modules/cjs/loader.js:745:27)\n[1a9326fa-ee0a-47bc-b1ad-39a344955699/ubuntu-latest arm64 check]   |     at Function.executeUserEntryPoint [as runMain] (internal/modules/run_main.js:76:12)\n[1a9326fa-ee0a-47bc-b1ad-39a344955699/ubuntu-latest arm64 check]   |     at internal/main/run_main_module.js:17:47 {\n[1a9326fa-ee0a-47bc-b1ad-39a344955699/ubuntu-latest arm64 check]   |   code: 'MODULE_NOT_FOUND',\n[1a9326fa-ee0a-47bc-b1ad-39a344955699/ubuntu-latest arm64 check]   |   requireStack: []\n[1a9326fa-ee0a-47bc-b1ad-39a344955699/ubuntu-latest arm64 check]   | }\n[1a9326fa-ee0a-47bc-b1ad-39a344955699/ubuntu-latest arm64 check]   \u274c  Failure - Post Set up Java on ARM64\n[1a9326fa-ee0a-47bc-b1ad-39a344955699/ubuntu-latest x64 check  ] \ud83c\udfc1  Job failed\n[1a9326fa-ee0a-47bc-b1ad-39a344955699/ubuntu-latest arm64 check] \ud83c\udfc1  Job failed\n",
        "stderr": "Error: Error occurred running finally: Error occurred running finally: exitcode '1': failure (original error: <nil>) (original error: <nil>)\n",
        "workflow": "/tmp/3d783ea4-1661-11ee-8a50-bb14de238602/terl-lazysodium-java/.github/workflows/primary-crawler.yml",
        "build_tool": "gradle",
        "elapsed_time": 177.55869102478027
    }
}