{
    "repository": "TonyTangAndroid/GooglePlusDemo",
    "stars": 73,
    "language": "java",
    "size": 8677,
    "clone_url": "https://github.com/TonyTangAndroid/GooglePlusDemo.git",
    "timestamp": "2023-06-29T13:33:21.298646Z",
    "clone_success": true,
    "number_of_actions": 1,
    "number_of_test_actions": 1,
    "actions_successful": false,
    "actions_build_tools": [
        "gradle"
    ],
    "actions_test_build_tools": [
        "gradle"
    ],
    "actions_run": {
        "failed": true,
        "tests": [],
        "stdout": "[3274cd3b-3255-43e9-8e0a-85b889ab9080/Instrumented tests] \ud83d\udea7  Skipping unsupported platform -- Try running with `-P macos-10.15=...`\n[3274cd3b-3255-43e9-8e0a-85b889ab9080/Assemble          ] \ud83d\ude80  Start image=crawlergpt:latest\n[3274cd3b-3255-43e9-8e0a-85b889ab9080/Static analysis   ] \ud83d\ude80  Start image=crawlergpt:latest\n[3274cd3b-3255-43e9-8e0a-85b889ab9080/Unit tests        ] \ud83d\ude80  Start image=crawlergpt:latest\n[3274cd3b-3255-43e9-8e0a-85b889ab9080/Static analysis   ]   \ud83d\udc33  docker pull image=crawlergpt:latest platform= username= forcePull=false\n[3274cd3b-3255-43e9-8e0a-85b889ab9080/Assemble          ]   \ud83d\udc33  docker pull image=crawlergpt:latest platform= username= forcePull=false\n[3274cd3b-3255-43e9-8e0a-85b889ab9080/Unit tests        ]   \ud83d\udc33  docker pull image=crawlergpt:latest platform= username= forcePull=false\n[3274cd3b-3255-43e9-8e0a-85b889ab9080/Assemble          ]   \ud83d\udc33  docker create image=crawlergpt:latest platform= entrypoint=[\"tail\" \"-f\" \"/dev/null\"] cmd=[]\n[3274cd3b-3255-43e9-8e0a-85b889ab9080/Static analysis   ]   \ud83d\udc33  docker create image=crawlergpt:latest platform= entrypoint=[\"tail\" \"-f\" \"/dev/null\"] cmd=[]\n[3274cd3b-3255-43e9-8e0a-85b889ab9080/Unit tests        ]   \ud83d\udc33  docker create image=crawlergpt:latest platform= entrypoint=[\"tail\" \"-f\" \"/dev/null\"] cmd=[]\n[3274cd3b-3255-43e9-8e0a-85b889ab9080/Unit tests        ]   \ud83d\udc33  docker run image=crawlergpt:latest platform= entrypoint=[\"tail\" \"-f\" \"/dev/null\"] cmd=[]\n[3274cd3b-3255-43e9-8e0a-85b889ab9080/Assemble          ]   \ud83d\udc33  docker run image=crawlergpt:latest platform= entrypoint=[\"tail\" \"-f\" \"/dev/null\"] cmd=[]\n[3274cd3b-3255-43e9-8e0a-85b889ab9080/Static analysis   ]   \ud83d\udc33  docker run image=crawlergpt:latest platform= entrypoint=[\"tail\" \"-f\" \"/dev/null\"] cmd=[]\n[3274cd3b-3255-43e9-8e0a-85b889ab9080/Unit tests        ]   \ud83d\udc33  docker exec cmd=[chown -R 1012:1013 /tmp/3d783ea4-1661-11ee-8a50-bb14de238602/TonyTangAndroid-GooglePlusDemo] user=0 workdir=\n[3274cd3b-3255-43e9-8e0a-85b889ab9080/Assemble          ]   \ud83d\udc33  docker exec cmd=[chown -R 1012:1013 /tmp/3d783ea4-1661-11ee-8a50-bb14de238602/TonyTangAndroid-GooglePlusDemo] user=0 workdir=\n[3274cd3b-3255-43e9-8e0a-85b889ab9080/Static analysis   ]   \ud83d\udc33  docker exec cmd=[chown -R 1012:1013 /tmp/3d783ea4-1661-11ee-8a50-bb14de238602/TonyTangAndroid-GooglePlusDemo] user=0 workdir=\n[3274cd3b-3255-43e9-8e0a-85b889ab9080/Unit tests        ]   \u2601  git clone 'https://github.com/gradle/wrapper-validation-action' # ref=v1\n[3274cd3b-3255-43e9-8e0a-85b889ab9080/Unit tests        ]   \u2601  git clone 'https://github.com/actions/setup-java' # ref=v1\n[3274cd3b-3255-43e9-8e0a-85b889ab9080/Static analysis   ]   \u2601  git clone 'https://github.com/gradle/wrapper-validation-action' # ref=v1\n[3274cd3b-3255-43e9-8e0a-85b889ab9080/Assemble          ]   \u2601  git clone 'https://github.com/gradle/wrapper-validation-action' # ref=v1\n[3274cd3b-3255-43e9-8e0a-85b889ab9080/Unit tests        ]   \u2601  git clone 'https://github.com/actions/cache' # ref=v1\n[3274cd3b-3255-43e9-8e0a-85b889ab9080/Static analysis   ]   \u2601  git clone 'https://github.com/actions/setup-java' # ref=v1\n[3274cd3b-3255-43e9-8e0a-85b889ab9080/Assemble          ]   \u2601  git clone 'https://github.com/actions/setup-java' # ref=v1\n[3274cd3b-3255-43e9-8e0a-85b889ab9080/Unit tests        ]   \u2601  git clone 'https://github.com/actions/upload-artifact' # ref=v1\n[3274cd3b-3255-43e9-8e0a-85b889ab9080/Static analysis   ]   \u2601  git clone 'https://github.com/actions/cache' # ref=v1\n[3274cd3b-3255-43e9-8e0a-85b889ab9080/Assemble          ]   \u2601  git clone 'https://github.com/actions/cache' # ref=v1\n[3274cd3b-3255-43e9-8e0a-85b889ab9080/Unit tests        ] \u2b50 Run Main actions/checkout@v2\n[3274cd3b-3255-43e9-8e0a-85b889ab9080/Unit tests        ]   \u2705  Success - Main actions/checkout@v2\n[3274cd3b-3255-43e9-8e0a-85b889ab9080/Unit tests        ] \u2b50 Run Main gradle/wrapper-validation-action@v1\n[3274cd3b-3255-43e9-8e0a-85b889ab9080/Static analysis   ] \u2b50 Run Main actions/checkout@v2\n[3274cd3b-3255-43e9-8e0a-85b889ab9080/Unit tests        ]   \ud83d\udc33  docker cp src=/tmp/act-cache/afdf5d1e-7e12-42b8-98fd-63fa90642231/act/gradle-wrapper-validation-action@v1/ dst=/var/run/act/actions/gradle-wrapper-validation-action@v1/\n[3274cd3b-3255-43e9-8e0a-85b889ab9080/Static analysis   ]   \u2705  Success - Main actions/checkout@v2\n[3274cd3b-3255-43e9-8e0a-85b889ab9080/Unit tests        ]   \ud83d\udc33  docker exec cmd=[chown -R 1012:1013 /var/run/act/actions/gradle-wrapper-validation-action@v1/] user=0 workdir=\n[3274cd3b-3255-43e9-8e0a-85b889ab9080/Static analysis   ] \u2b50 Run Main gradle/wrapper-validation-action@v1\n[3274cd3b-3255-43e9-8e0a-85b889ab9080/Static analysis   ]   \ud83d\udc33  docker cp src=/tmp/act-cache/afdf5d1e-7e12-42b8-98fd-63fa90642231/act/gradle-wrapper-validation-action@v1/ dst=/var/run/act/actions/gradle-wrapper-validation-action@v1/\n[3274cd3b-3255-43e9-8e0a-85b889ab9080/Assemble          ] \u2b50 Run Main actions/checkout@v2\n[3274cd3b-3255-43e9-8e0a-85b889ab9080/Assemble          ]   \u2705  Success - Main actions/checkout@v2\n[3274cd3b-3255-43e9-8e0a-85b889ab9080/Static analysis   ]   \ud83d\udc33  docker exec cmd=[chown -R 1012:1013 /var/run/act/actions/gradle-wrapper-validation-action@v1/] user=0 workdir=\n[3274cd3b-3255-43e9-8e0a-85b889ab9080/Assemble          ] \u2b50 Run Main gradle/wrapper-validation-action@v1\n[3274cd3b-3255-43e9-8e0a-85b889ab9080/Assemble          ]   \ud83d\udc33  docker cp src=/tmp/act-cache/afdf5d1e-7e12-42b8-98fd-63fa90642231/act/gradle-wrapper-validation-action@v1/ dst=/var/run/act/actions/gradle-wrapper-validation-action@v1/\n[3274cd3b-3255-43e9-8e0a-85b889ab9080/Assemble          ]   \ud83d\udc33  docker exec cmd=[chown -R 1012:1013 /var/run/act/actions/gradle-wrapper-validation-action@v1/] user=0 workdir=\n[3274cd3b-3255-43e9-8e0a-85b889ab9080/Unit tests        ]   \ud83d\udc33  docker exec cmd=[node /var/run/act/actions/gradle-wrapper-validation-action@v1/dist/index.js] user= workdir=\n[3274cd3b-3255-43e9-8e0a-85b889ab9080/Static analysis   ]   \ud83d\udc33  docker exec cmd=[node /var/run/act/actions/gradle-wrapper-validation-action@v1/dist/index.js] user= workdir=\n[3274cd3b-3255-43e9-8e0a-85b889ab9080/Assemble          ]   \ud83d\udc33  docker exec cmd=[node /var/run/act/actions/gradle-wrapper-validation-action@v1/dist/index.js] user= workdir=\n[3274cd3b-3255-43e9-8e0a-85b889ab9080/Unit tests        ]   | \u2713 Found known Gradle Wrapper JAR files:\n[3274cd3b-3255-43e9-8e0a-85b889ab9080/Unit tests        ]   |   e996d452d2645e70c01c11143ca2d3742734a28da2bf61f25c82bdc288c9e637 gradle/wrapper/gradle-wrapper.jar\n[3274cd3b-3255-43e9-8e0a-85b889ab9080/Unit tests        ]   \u2705  Success - Main gradle/wrapper-validation-action@v1\n[3274cd3b-3255-43e9-8e0a-85b889ab9080/Static analysis   ]   | \u2713 Found known Gradle Wrapper JAR files:\n[3274cd3b-3255-43e9-8e0a-85b889ab9080/Static analysis   ]   |   e996d452d2645e70c01c11143ca2d3742734a28da2bf61f25c82bdc288c9e637 gradle/wrapper/gradle-wrapper.jar\n[3274cd3b-3255-43e9-8e0a-85b889ab9080/Static analysis   ]   \u2705  Success - Main gradle/wrapper-validation-action@v1\n[3274cd3b-3255-43e9-8e0a-85b889ab9080/Unit tests        ] \u2b50 Run Main actions/setup-java@v1\n[3274cd3b-3255-43e9-8e0a-85b889ab9080/Static analysis   ] \u2b50 Run Main actions/setup-java@v1\n[3274cd3b-3255-43e9-8e0a-85b889ab9080/Static analysis   ]   \ud83d\udc33  docker cp src=/tmp/act-cache/afdf5d1e-7e12-42b8-98fd-63fa90642231/act/actions-setup-java@v1/ dst=/var/run/act/actions/actions-setup-java@v1/\n[3274cd3b-3255-43e9-8e0a-85b889ab9080/Assemble          ]   | \u2713 Found known Gradle Wrapper JAR files:\n[3274cd3b-3255-43e9-8e0a-85b889ab9080/Assemble          ]   |   e996d452d2645e70c01c11143ca2d3742734a28da2bf61f25c82bdc288c9e637 gradle/wrapper/gradle-wrapper.jar\n[3274cd3b-3255-43e9-8e0a-85b889ab9080/Assemble          ]   \u2705  Success - Main gradle/wrapper-validation-action@v1\n[3274cd3b-3255-43e9-8e0a-85b889ab9080/Unit tests        ]   \ud83d\udc33  docker cp src=/tmp/act-cache/afdf5d1e-7e12-42b8-98fd-63fa90642231/act/actions-setup-java@v1/ dst=/var/run/act/actions/actions-setup-java@v1/\n[3274cd3b-3255-43e9-8e0a-85b889ab9080/Static analysis   ]   \ud83d\udc33  docker exec cmd=[chown -R 1012:1013 /var/run/act/actions/actions-setup-java@v1/] user=0 workdir=\n[3274cd3b-3255-43e9-8e0a-85b889ab9080/Unit tests        ]   \ud83d\udc33  docker exec cmd=[chown -R 1012:1013 /var/run/act/actions/actions-setup-java@v1/] user=0 workdir=\n[3274cd3b-3255-43e9-8e0a-85b889ab9080/Assemble          ] \u2b50 Run Main actions/setup-java@v1\n[3274cd3b-3255-43e9-8e0a-85b889ab9080/Assemble          ]   \ud83d\udc33  docker cp src=/tmp/act-cache/afdf5d1e-7e12-42b8-98fd-63fa90642231/act/actions-setup-java@v1/ dst=/var/run/act/actions/actions-setup-java@v1/\n[3274cd3b-3255-43e9-8e0a-85b889ab9080/Assemble          ]   \ud83d\udc33  docker exec cmd=[chown -R 1012:1013 /var/run/act/actions/actions-setup-java@v1/] user=0 workdir=\n[3274cd3b-3255-43e9-8e0a-85b889ab9080/Unit tests        ]   \ud83d\udc33  docker exec cmd=[node /var/run/act/actions/actions-setup-java@v1/dist/setup/index.js] user= workdir=\n[3274cd3b-3255-43e9-8e0a-85b889ab9080/Assemble          ]   \ud83d\udc33  docker exec cmd=[node /var/run/act/actions/actions-setup-java@v1/dist/setup/index.js] user= workdir=\n[3274cd3b-3255-43e9-8e0a-85b889ab9080/Static analysis   ]   \ud83d\udc33  docker exec cmd=[node /var/run/act/actions/actions-setup-java@v1/dist/setup/index.js] user= workdir=\n[3274cd3b-3255-43e9-8e0a-85b889ab9080/Static analysis   ]   \ud83d\udcac  ::debug::isExplicit: \n[3274cd3b-3255-43e9-8e0a-85b889ab9080/Static analysis   ]   \ud83d\udcac  ::debug::explicit? false\n[3274cd3b-3255-43e9-8e0a-85b889ab9080/Static analysis   ]   \ud83d\udcac  ::debug::evaluating 0 versions\n[3274cd3b-3255-43e9-8e0a-85b889ab9080/Static analysis   ]   \ud83d\udcac  ::debug::match not found\n[3274cd3b-3255-43e9-8e0a-85b889ab9080/Static analysis   ]   \ud83d\udcac  ::debug::Downloading JDK from Azul\n[3274cd3b-3255-43e9-8e0a-85b889ab9080/Unit tests        ]   \ud83d\udcac  ::debug::isExplicit: \n[3274cd3b-3255-43e9-8e0a-85b889ab9080/Unit tests        ]   \ud83d\udcac  ::debug::explicit? false\n[3274cd3b-3255-43e9-8e0a-85b889ab9080/Unit tests        ]   \ud83d\udcac  ::debug::evaluating 0 versions\n[3274cd3b-3255-43e9-8e0a-85b889ab9080/Unit tests        ]   \ud83d\udcac  ::debug::match not found\n[3274cd3b-3255-43e9-8e0a-85b889ab9080/Unit tests        ]   \ud83d\udcac  ::debug::Downloading JDK from Azul\n[3274cd3b-3255-43e9-8e0a-85b889ab9080/Assemble          ]   \ud83d\udcac  ::debug::isExplicit: \n[3274cd3b-3255-43e9-8e0a-85b889ab9080/Assemble          ]   \ud83d\udcac  ::debug::explicit? false\n[3274cd3b-3255-43e9-8e0a-85b889ab9080/Assemble          ]   \ud83d\udcac  ::debug::evaluating 0 versions\n[3274cd3b-3255-43e9-8e0a-85b889ab9080/Assemble          ]   \ud83d\udcac  ::debug::match not found\n[3274cd3b-3255-43e9-8e0a-85b889ab9080/Assemble          ]   \ud83d\udcac  ::debug::Downloading JDK from Azul\n[3274cd3b-3255-43e9-8e0a-85b889ab9080/Static analysis   ]   \ud83d\udcac  ::debug::Searching for files with extension: -linux_x64.tar.gz\n[3274cd3b-3255-43e9-8e0a-85b889ab9080/Unit tests        ]   \ud83d\udcac  ::debug::Searching for files with extension: -linux_x64.tar.gz\n[3274cd3b-3255-43e9-8e0a-85b889ab9080/Static analysis   ]   \ud83d\udcac  ::debug::Downloading https://static.azul.com/zulu/bin/zulu14.29.23-ca-jdk14.0.2-linux_x64.tar.gz\n[3274cd3b-3255-43e9-8e0a-85b889ab9080/Static analysis   ]   \ud83d\udcac  ::debug::Downloading /tmp/76d95b32-cb48-4491-bf34-be1eeb2ae27a\n[3274cd3b-3255-43e9-8e0a-85b889ab9080/Assemble          ]   \ud83d\udcac  ::debug::Searching for files with extension: -linux_x64.tar.gz\n[3274cd3b-3255-43e9-8e0a-85b889ab9080/Unit tests        ]   \ud83d\udcac  ::debug::Downloading https://static.azul.com/zulu/bin/zulu14.29.23-ca-jdk14.0.2-linux_x64.tar.gz\n[3274cd3b-3255-43e9-8e0a-85b889ab9080/Unit tests        ]   \ud83d\udcac  ::debug::Downloading /tmp/7a05592a-8258-4a41-a167-ac5fcf77113e\n[3274cd3b-3255-43e9-8e0a-85b889ab9080/Assemble          ]   \ud83d\udcac  ::debug::Downloading https://static.azul.com/zulu/bin/zulu14.29.23-ca-jdk14.0.2-linux_x64.tar.gz\n[3274cd3b-3255-43e9-8e0a-85b889ab9080/Assemble          ]   \ud83d\udcac  ::debug::Downloading /tmp/fde86401-ed59-4d1e-b931-e8784c9e3bf7\n[3274cd3b-3255-43e9-8e0a-85b889ab9080/Static analysis   ]   \ud83d\udcac  ::debug::download complete\n[3274cd3b-3255-43e9-8e0a-85b889ab9080/Static analysis   ]   | [command]/usr/bin/tar --version\n[3274cd3b-3255-43e9-8e0a-85b889ab9080/Static analysis   ]   | tar (GNU tar) 1.30\n[3274cd3b-3255-43e9-8e0a-85b889ab9080/Static analysis   ]   | Copyright (C) 2017 Free Software Foundation, Inc.\n[3274cd3b-3255-43e9-8e0a-85b889ab9080/Static analysis   ]   | License GPLv3+: GNU GPL version 3 or later <https://gnu.org/licenses/gpl.html>.\n[3274cd3b-3255-43e9-8e0a-85b889ab9080/Static analysis   ]   | This is free software: you are free to change and redistribute it.\n[3274cd3b-3255-43e9-8e0a-85b889ab9080/Static analysis   ]   | There is NO WARRANTY, to the extent permitted by law.\n[3274cd3b-3255-43e9-8e0a-85b889ab9080/Static analysis   ]   | \n[3274cd3b-3255-43e9-8e0a-85b889ab9080/Static analysis   ]   | Written by John Gilmore and Jay Fenlason.\n[3274cd3b-3255-43e9-8e0a-85b889ab9080/Static analysis   ]   | [command]/usr/bin/tar xz --warning=no-unknown-keyword -C /tmp/temp_762057045 -f /tmp/76d95b32-cb48-4491-bf34-be1eeb2ae27a\n[3274cd3b-3255-43e9-8e0a-85b889ab9080/Unit tests        ]   \ud83d\udcac  ::debug::download complete\n[3274cd3b-3255-43e9-8e0a-85b889ab9080/Unit tests        ]   | [command]/usr/bin/tar --version\n[3274cd3b-3255-43e9-8e0a-85b889ab9080/Unit tests        ]   | tar (GNU tar) 1.30\n[3274cd3b-3255-43e9-8e0a-85b889ab9080/Unit tests        ]   | Copyright (C) 2017 Free Software Foundation, Inc.\n[3274cd3b-3255-43e9-8e0a-85b889ab9080/Unit tests        ]   | License GPLv3+: GNU GPL version 3 or later <https://gnu.org/licenses/gpl.html>.\n[3274cd3b-3255-43e9-8e0a-85b889ab9080/Unit tests        ]   | This is free software: you are free to change and redistribute it.\n[3274cd3b-3255-43e9-8e0a-85b889ab9080/Unit tests        ]   | There is NO WARRANTY, to the extent permitted by law.\n[3274cd3b-3255-43e9-8e0a-85b889ab9080/Unit tests        ]   | \n[3274cd3b-3255-43e9-8e0a-85b889ab9080/Unit tests        ]   | Written by John Gilmore and Jay Fenlason.\n[3274cd3b-3255-43e9-8e0a-85b889ab9080/Unit tests        ]   | [command]/usr/bin/tar xz --warning=no-unknown-keyword -C /tmp/temp_1088460015 -f /tmp/7a05592a-8258-4a41-a167-ac5fcf77113e\n[3274cd3b-3255-43e9-8e0a-85b889ab9080/Assemble          ]   \ud83d\udcac  ::debug::download complete\n[3274cd3b-3255-43e9-8e0a-85b889ab9080/Assemble          ]   | [command]/usr/bin/tar --version\n[3274cd3b-3255-43e9-8e0a-85b889ab9080/Assemble          ]   | tar (GNU tar) 1.30\n[3274cd3b-3255-43e9-8e0a-85b889ab9080/Assemble          ]   | Copyright (C) 2017 Free Software Foundation, Inc.\n[3274cd3b-3255-43e9-8e0a-85b889ab9080/Assemble          ]   | License GPLv3+: GNU GPL version 3 or later <https://gnu.org/licenses/gpl.html>.\n[3274cd3b-3255-43e9-8e0a-85b889ab9080/Assemble          ]   | This is free software: you are free to change and redistribute it.\n[3274cd3b-3255-43e9-8e0a-85b889ab9080/Assemble          ]   | There is NO WARRANTY, to the extent permitted by law.\n[3274cd3b-3255-43e9-8e0a-85b889ab9080/Assemble          ]   | \n[3274cd3b-3255-43e9-8e0a-85b889ab9080/Assemble          ]   | Written by John Gilmore and Jay Fenlason.\n[3274cd3b-3255-43e9-8e0a-85b889ab9080/Assemble          ]   | [command]/usr/bin/tar xz --warning=no-unknown-keyword -C /tmp/temp_1340556551 -f /tmp/fde86401-ed59-4d1e-b931-e8784c9e3bf7\n[3274cd3b-3255-43e9-8e0a-85b889ab9080/Static analysis   ]   \ud83d\udcac  ::debug::jdk extracted to /tmp/temp_762057045/zulu14.29.23-ca-jdk14.0.2-linux_x64\n[3274cd3b-3255-43e9-8e0a-85b889ab9080/Static analysis   ]   \ud83d\udcac  ::debug::Caching tool jdk 14.0.2 x64\n[3274cd3b-3255-43e9-8e0a-85b889ab9080/Static analysis   ]   \ud83d\udcac  ::debug::source dir: /tmp/temp_762057045/zulu14.29.23-ca-jdk14.0.2-linux_x64\n[3274cd3b-3255-43e9-8e0a-85b889ab9080/Static analysis   ]   \ud83d\udcac  ::debug::destination /opt/hostedtoolcache/jdk/14.0.2/x64\n[3274cd3b-3255-43e9-8e0a-85b889ab9080/Unit tests        ]   \ud83d\udcac  ::debug::jdk extracted to /tmp/temp_1088460015/zulu14.29.23-ca-jdk14.0.2-linux_x64\n[3274cd3b-3255-43e9-8e0a-85b889ab9080/Unit tests        ]   \ud83d\udcac  ::debug::Caching tool jdk 14.0.2 x64\n[3274cd3b-3255-43e9-8e0a-85b889ab9080/Unit tests        ]   \ud83d\udcac  ::debug::source dir: /tmp/temp_1088460015/zulu14.29.23-ca-jdk14.0.2-linux_x64\n[3274cd3b-3255-43e9-8e0a-85b889ab9080/Unit tests        ]   \ud83d\udcac  ::debug::destination /opt/hostedtoolcache/jdk/14.0.2/x64\n[3274cd3b-3255-43e9-8e0a-85b889ab9080/Static analysis   ]   \ud83d\udcac  ::debug::finished caching tool\n[3274cd3b-3255-43e9-8e0a-85b889ab9080/Static analysis   ]   \u2753 add-matcher /run/act/actions/actions-setup-java@v1/.github/java.json\n[3274cd3b-3255-43e9-8e0a-85b889ab9080/Static analysis   ]   | creating settings.xml with server-id: github; environment variables: username=$GITHUB_ACTOR, password=$GITHUB_TOKEN, and gpg-passphrase=null\n[3274cd3b-3255-43e9-8e0a-85b889ab9080/Static analysis   ]   \ud83d\udcac  ::debug::created directory /home/runneradmin/.m2\n[3274cd3b-3255-43e9-8e0a-85b889ab9080/Static analysis   ]   | writing /home/runneradmin/.m2/settings.xml\n[3274cd3b-3255-43e9-8e0a-85b889ab9080/Static analysis   ]   \u2705  Success - Main actions/setup-java@v1\n[3274cd3b-3255-43e9-8e0a-85b889ab9080/Static analysis   ]   \u2699  ::set-env:: JAVA_HOME=/opt/hostedtoolcache/jdk/14.0.2/x64\n[3274cd3b-3255-43e9-8e0a-85b889ab9080/Static analysis   ]   \u2699  ::set-env:: JAVA_HOME_14_0_2_X64=/opt/hostedtoolcache/jdk/14.0.2/x64\n[3274cd3b-3255-43e9-8e0a-85b889ab9080/Static analysis   ]   \u2699  ::set-env:: JAVA_HOME_14.0.2_x64=/opt/hostedtoolcache/jdk/14.0.2/x64\n[3274cd3b-3255-43e9-8e0a-85b889ab9080/Static analysis   ]   \u2699  ::set-output:: path=/opt/hostedtoolcache/jdk/14.0.2/x64\n[3274cd3b-3255-43e9-8e0a-85b889ab9080/Static analysis   ]   \u2699  ::set-output:: version=14.0.2\n[3274cd3b-3255-43e9-8e0a-85b889ab9080/Static analysis   ]   \u2699  ::add-path:: /opt/hostedtoolcache/jdk/14.0.2/x64/bin\n[3274cd3b-3255-43e9-8e0a-85b889ab9080/Static analysis   ] \u2b50 Run Main actions/cache@v1\n[3274cd3b-3255-43e9-8e0a-85b889ab9080/Static analysis   ]   \ud83d\udc33  docker cp src=/tmp/act-cache/afdf5d1e-7e12-42b8-98fd-63fa90642231/act/actions-cache@v1/ dst=/var/run/act/actions/actions-cache@v1/\n[3274cd3b-3255-43e9-8e0a-85b889ab9080/Static analysis   ]   \ud83d\udc33  docker exec cmd=[chown -R 1012:1013 /var/run/act/actions/actions-cache@v1/] user=0 workdir=\n[3274cd3b-3255-43e9-8e0a-85b889ab9080/Assemble          ]   \ud83d\udcac  ::debug::jdk extracted to /tmp/temp_1340556551/zulu14.29.23-ca-jdk14.0.2-linux_x64\n[3274cd3b-3255-43e9-8e0a-85b889ab9080/Assemble          ]   \ud83d\udcac  ::debug::Caching tool jdk 14.0.2 x64\n[3274cd3b-3255-43e9-8e0a-85b889ab9080/Assemble          ]   \ud83d\udcac  ::debug::source dir: /tmp/temp_1340556551/zulu14.29.23-ca-jdk14.0.2-linux_x64\n[3274cd3b-3255-43e9-8e0a-85b889ab9080/Assemble          ]   \ud83d\udcac  ::debug::destination /opt/hostedtoolcache/jdk/14.0.2/x64\n[3274cd3b-3255-43e9-8e0a-85b889ab9080/Static analysis   ]   \ud83d\udc33  docker exec cmd=[node /var/run/act/actions/actions-cache@v1/dist/restore/index.js] user= workdir=\n[3274cd3b-3255-43e9-8e0a-85b889ab9080/Static analysis   ]   \ud83d\udcac  ::debug::Cache Path: /home/runneradmin/.gradle/caches\n[3274cd3b-3255-43e9-8e0a-85b889ab9080/Static analysis   ]   \ud83d\udcac  ::debug::Resolved Keys:\n[3274cd3b-3255-43e9-8e0a-85b889ab9080/Static analysis   ]   \ud83d\udcac  ::debug::[\"Linux-static-analysis-449c9fbad0276744d228acd64864a214822e76a3b2ae9a3fc52a15fcd021453b-62604e2aaa77bc0bd2ba694ae95390554def682a147d5ae870fb8952c67d581b-\"]\n[3274cd3b-3255-43e9-8e0a-85b889ab9080/Static analysis   ]   \ud83d\udcac  ::debug::Resource Url: http://130.242.72.40:41241/_apis/artifactcache/cache?keys=Linux-static-analysis-449c9fbad0276744d228acd64864a214822e76a3b2ae9a3fc52a15fcd021453b-62604e2aaa77bc0bd2ba694ae95390554def682a147d5ae870fb8952c67d581b-\n[3274cd3b-3255-43e9-8e0a-85b889ab9080/Static analysis   ]   | Cache not found for input keys: Linux-static-analysis-449c9fbad0276744d228acd64864a214822e76a3b2ae9a3fc52a15fcd021453b-62604e2aaa77bc0bd2ba694ae95390554def682a147d5ae870fb8952c67d581b-.\n[3274cd3b-3255-43e9-8e0a-85b889ab9080/Static analysis   ]   \u2705  Success - Main actions/cache@v1\n[3274cd3b-3255-43e9-8e0a-85b889ab9080/Static analysis   ] \u2b50 Run Main Cleanup secrets\n[3274cd3b-3255-43e9-8e0a-85b889ab9080/Static analysis   ]   \ud83d\udc33  docker exec cmd=[bash --noprofile --norc -e -o pipefail /var/run/act/workflow/4] user= workdir=\n[3274cd3b-3255-43e9-8e0a-85b889ab9080/Static analysis   ]   \u2705  Success - Main Cleanup secrets\n[3274cd3b-3255-43e9-8e0a-85b889ab9080/Unit tests        ]   \ud83d\udcac  ::debug::finished caching tool\n[3274cd3b-3255-43e9-8e0a-85b889ab9080/Unit tests        ]   \u2753 add-matcher /run/act/actions/actions-setup-java@v1/.github/java.json\n[3274cd3b-3255-43e9-8e0a-85b889ab9080/Unit tests        ]   | creating settings.xml with server-id: github; environment variables: username=$GITHUB_ACTOR, password=$GITHUB_TOKEN, and gpg-passphrase=null\n[3274cd3b-3255-43e9-8e0a-85b889ab9080/Unit tests        ]   \ud83d\udcac  ::debug::created directory /home/runneradmin/.m2\n[3274cd3b-3255-43e9-8e0a-85b889ab9080/Unit tests        ]   | writing /home/runneradmin/.m2/settings.xml\n[3274cd3b-3255-43e9-8e0a-85b889ab9080/Unit tests        ]   \u2705  Success - Main actions/setup-java@v1\n[3274cd3b-3255-43e9-8e0a-85b889ab9080/Unit tests        ]   \u2699  ::set-env:: JAVA_HOME_14.0.2_x64=/opt/hostedtoolcache/jdk/14.0.2/x64\n[3274cd3b-3255-43e9-8e0a-85b889ab9080/Unit tests        ]   \u2699  ::set-env:: JAVA_HOME=/opt/hostedtoolcache/jdk/14.0.2/x64\n[3274cd3b-3255-43e9-8e0a-85b889ab9080/Unit tests        ]   \u2699  ::set-env:: JAVA_HOME_14_0_2_X64=/opt/hostedtoolcache/jdk/14.0.2/x64\n[3274cd3b-3255-43e9-8e0a-85b889ab9080/Unit tests        ]   \u2699  ::set-output:: path=/opt/hostedtoolcache/jdk/14.0.2/x64\n[3274cd3b-3255-43e9-8e0a-85b889ab9080/Unit tests        ]   \u2699  ::set-output:: version=14.0.2\n[3274cd3b-3255-43e9-8e0a-85b889ab9080/Unit tests        ]   \u2699  ::add-path:: /opt/hostedtoolcache/jdk/14.0.2/x64/bin\n[3274cd3b-3255-43e9-8e0a-85b889ab9080/Unit tests        ] \u2b50 Run Main actions/cache@v1\n[3274cd3b-3255-43e9-8e0a-85b889ab9080/Static analysis   ] \u2b50 Run Post actions/cache@v1\n[3274cd3b-3255-43e9-8e0a-85b889ab9080/Static analysis   ]   \ud83d\udc33  docker exec cmd=[node /var/run/act/actions/actions-cache@v1/dist/save/index.js] user= workdir=\n[3274cd3b-3255-43e9-8e0a-85b889ab9080/Unit tests        ]   \ud83d\udc33  docker cp src=/tmp/act-cache/afdf5d1e-7e12-42b8-98fd-63fa90642231/act/actions-cache@v1/ dst=/var/run/act/actions/actions-cache@v1/\n[3274cd3b-3255-43e9-8e0a-85b889ab9080/Static analysis   ]   \ud83d\udcac  ::debug::State: \n[3274cd3b-3255-43e9-8e0a-85b889ab9080/Static analysis   ]   \ud83d\udcac  ::debug::Reserving Cache\n[3274cd3b-3255-43e9-8e0a-85b889ab9080/Static analysis   ]   \ud83d\udcac  ::debug::Resource Url: http://130.242.72.40:41241/_apis/artifactcache/caches\n[3274cd3b-3255-43e9-8e0a-85b889ab9080/Unit tests        ]   \ud83d\udc33  docker exec cmd=[chown -R 1012:1013 /var/run/act/actions/actions-cache@v1/] user=0 workdir=\n[3274cd3b-3255-43e9-8e0a-85b889ab9080/Static analysis   ]   \ud83d\udcac  ::debug::Cache ID: 1\n[3274cd3b-3255-43e9-8e0a-85b889ab9080/Static analysis   ]   \ud83d\udcac  ::debug::Cache Path: /home/runneradmin/.gradle/caches\n[3274cd3b-3255-43e9-8e0a-85b889ab9080/Static analysis   ]   \ud83d\udcac  ::debug::Archive Path: /tmp/9357415d-59d2-4b83-be87-e9ebcd50a758/cache.tgz\n[3274cd3b-3255-43e9-8e0a-85b889ab9080/Static analysis   ]   | [command]/usr/bin/tar -cz -f /tmp/9357415d-59d2-4b83-be87-e9ebcd50a758/cache.tgz -C /home/runneradmin/.gradle/caches .\n[3274cd3b-3255-43e9-8e0a-85b889ab9080/Static analysis   ]   | /usr/bin/tar: /home/runneradmin/.gradle/caches: Cannot open: No such file or directory\n[3274cd3b-3255-43e9-8e0a-85b889ab9080/Static analysis   ]   | /usr/bin/tar: Error is not recoverable: exiting now\n[3274cd3b-3255-43e9-8e0a-85b889ab9080/Static analysis   ]   | [warning]Tar failed with error: The process '/usr/bin/tar' failed with exit code 2\n[3274cd3b-3255-43e9-8e0a-85b889ab9080/Static analysis   ]   \u2705  Success - Post actions/cache@v1\n[3274cd3b-3255-43e9-8e0a-85b889ab9080/Static analysis   ] \u2b50 Run Post actions/setup-java@v1\n[3274cd3b-3255-43e9-8e0a-85b889ab9080/Static analysis   ]   \ud83d\udc33  docker exec cmd=[node /var/run/act/actions/actions-setup-java@v1/dist/cleanup/index.js] user= workdir=\n[3274cd3b-3255-43e9-8e0a-85b889ab9080/Assemble          ]   \ud83d\udcac  ::debug::finished caching tool\n[3274cd3b-3255-43e9-8e0a-85b889ab9080/Assemble          ]   \u2753 add-matcher /run/act/actions/actions-setup-java@v1/.github/java.json\n[3274cd3b-3255-43e9-8e0a-85b889ab9080/Assemble          ]   | creating settings.xml with server-id: github; environment variables: username=$GITHUB_ACTOR, password=$GITHUB_TOKEN, and gpg-passphrase=null\n[3274cd3b-3255-43e9-8e0a-85b889ab9080/Assemble          ]   \ud83d\udcac  ::debug::created directory /home/runneradmin/.m2\n[3274cd3b-3255-43e9-8e0a-85b889ab9080/Assemble          ]   | writing /home/runneradmin/.m2/settings.xml\n[3274cd3b-3255-43e9-8e0a-85b889ab9080/Assemble          ]   \u2705  Success - Main actions/setup-java@v1\n[3274cd3b-3255-43e9-8e0a-85b889ab9080/Assemble          ]   \u2699  ::set-env:: JAVA_HOME_14.0.2_x64=/opt/hostedtoolcache/jdk/14.0.2/x64\n[3274cd3b-3255-43e9-8e0a-85b889ab9080/Assemble          ]   \u2699  ::set-env:: JAVA_HOME=/opt/hostedtoolcache/jdk/14.0.2/x64\n[3274cd3b-3255-43e9-8e0a-85b889ab9080/Assemble          ]   \u2699  ::set-env:: JAVA_HOME_14_0_2_X64=/opt/hostedtoolcache/jdk/14.0.2/x64\n[3274cd3b-3255-43e9-8e0a-85b889ab9080/Assemble          ]   \u2699  ::set-output:: path=/opt/hostedtoolcache/jdk/14.0.2/x64\n[3274cd3b-3255-43e9-8e0a-85b889ab9080/Assemble          ]   \u2699  ::set-output:: version=14.0.2\n[3274cd3b-3255-43e9-8e0a-85b889ab9080/Assemble          ]   \u2699  ::add-path:: /opt/hostedtoolcache/jdk/14.0.2/x64/bin\n[3274cd3b-3255-43e9-8e0a-85b889ab9080/Assemble          ] \u2b50 Run Main actions/cache@v1\n[3274cd3b-3255-43e9-8e0a-85b889ab9080/Assemble          ]   \ud83d\udc33  docker cp src=/tmp/act-cache/afdf5d1e-7e12-42b8-98fd-63fa90642231/act/actions-cache@v1/ dst=/var/run/act/actions/actions-cache@v1/\n[3274cd3b-3255-43e9-8e0a-85b889ab9080/Assemble          ]   \ud83d\udc33  docker exec cmd=[chown -R 1012:1013 /var/run/act/actions/actions-cache@v1/] user=0 workdir=\n[3274cd3b-3255-43e9-8e0a-85b889ab9080/Unit tests        ]   \ud83d\udc33  docker exec cmd=[node /var/run/act/actions/actions-cache@v1/dist/restore/index.js] user= workdir=\n[3274cd3b-3255-43e9-8e0a-85b889ab9080/Static analysis   ]   \u2705  Success - Post actions/setup-java@v1\n[3274cd3b-3255-43e9-8e0a-85b889ab9080/Assemble          ]   \ud83d\udc33  docker exec cmd=[node /var/run/act/actions/actions-cache@v1/dist/restore/index.js] user= workdir=\n[3274cd3b-3255-43e9-8e0a-85b889ab9080/Assemble          ]   \ud83d\udcac  ::debug::Cache Path: /home/runneradmin/.gradle/caches\n[3274cd3b-3255-43e9-8e0a-85b889ab9080/Assemble          ]   \ud83d\udcac  ::debug::Resolved Keys:\n[3274cd3b-3255-43e9-8e0a-85b889ab9080/Assemble          ]   \ud83d\udcac  ::debug::[\"Linux-assemble-449c9fbad0276744d228acd64864a214822e76a3b2ae9a3fc52a15fcd021453b-62604e2aaa77bc0bd2ba694ae95390554def682a147d5ae870fb8952c67d581b-\"]\n[3274cd3b-3255-43e9-8e0a-85b889ab9080/Assemble          ]   \ud83d\udcac  ::debug::Resource Url: http://130.242.72.40:41241/_apis/artifactcache/cache?keys=Linux-assemble-449c9fbad0276744d228acd64864a214822e76a3b2ae9a3fc52a15fcd021453b-62604e2aaa77bc0bd2ba694ae95390554def682a147d5ae870fb8952c67d581b-\n[3274cd3b-3255-43e9-8e0a-85b889ab9080/Assemble          ]   | Cache not found for input keys: Linux-assemble-449c9fbad0276744d228acd64864a214822e76a3b2ae9a3fc52a15fcd021453b-62604e2aaa77bc0bd2ba694ae95390554def682a147d5ae870fb8952c67d581b-.\n[3274cd3b-3255-43e9-8e0a-85b889ab9080/Assemble          ]   \u2705  Success - Main actions/cache@v1\n[3274cd3b-3255-43e9-8e0a-85b889ab9080/Unit tests        ]   \ud83d\udcac  ::debug::Cache Path: /home/runneradmin/.gradle/caches\n[3274cd3b-3255-43e9-8e0a-85b889ab9080/Unit tests        ]   \ud83d\udcac  ::debug::Resolved Keys:\n[3274cd3b-3255-43e9-8e0a-85b889ab9080/Unit tests        ]   \ud83d\udcac  ::debug::[\"Linux-unit-tests-449c9fbad0276744d228acd64864a214822e76a3b2ae9a3fc52a15fcd021453b-62604e2aaa77bc0bd2ba694ae95390554def682a147d5ae870fb8952c67d581b-\"]\n[3274cd3b-3255-43e9-8e0a-85b889ab9080/Unit tests        ]   \ud83d\udcac  ::debug::Resource Url: http://130.242.72.40:41241/_apis/artifactcache/cache?keys=Linux-unit-tests-449c9fbad0276744d228acd64864a214822e76a3b2ae9a3fc52a15fcd021453b-62604e2aaa77bc0bd2ba694ae95390554def682a147d5ae870fb8952c67d581b-\n[3274cd3b-3255-43e9-8e0a-85b889ab9080/Unit tests        ]   | Cache not found for input keys: Linux-unit-tests-449c9fbad0276744d228acd64864a214822e76a3b2ae9a3fc52a15fcd021453b-62604e2aaa77bc0bd2ba694ae95390554def682a147d5ae870fb8952c67d581b-.\n[3274cd3b-3255-43e9-8e0a-85b889ab9080/Unit tests        ]   \u2705  Success - Main actions/cache@v1\n[3274cd3b-3255-43e9-8e0a-85b889ab9080/Static analysis   ] \ud83c\udfc1  Job succeeded\n[3274cd3b-3255-43e9-8e0a-85b889ab9080/Unit tests        ] \u2b50 Run Main Run unit tests\n[3274cd3b-3255-43e9-8e0a-85b889ab9080/Assemble          ] \u2b50 Run Main Assemble debug App apk\n[3274cd3b-3255-43e9-8e0a-85b889ab9080/Unit tests        ]   \ud83d\udc33  docker exec cmd=[bash --noprofile --norc -e -o pipefail /var/run/act/workflow/4] user= workdir=\n[3274cd3b-3255-43e9-8e0a-85b889ab9080/Assemble          ]   \ud83d\udc33  docker exec cmd=[bash --noprofile --norc -e -o pipefail /var/run/act/workflow/4] user= workdir=\n[3274cd3b-3255-43e9-8e0a-85b889ab9080/Assemble          ]   | Picked up JAVA_TOOL_OPTIONS: -Xmx4g\n[3274cd3b-3255-43e9-8e0a-85b889ab9080/Unit tests        ]   | Picked up JAVA_TOOL_OPTIONS: -Xmx4g\n[3274cd3b-3255-43e9-8e0a-85b889ab9080/Assemble          ]   | Downloading https://services.gradle.org/distributions/gradle-6.8.3-all.zip\n[3274cd3b-3255-43e9-8e0a-85b889ab9080/Unit tests        ]   | Downloading https://services.gradle.org/distributions/gradle-6.8.3-all.zip\n[3274cd3b-3255-43e9-8e0a-85b889ab9080/Unit tests        ]   | ..............10%..............20%...............30%..............40%..............50%...............60%..............70%..............80%...............90%..............100%\n[3274cd3b-3255-43e9-8e0a-85b889ab9080/Assemble          ]   | ..............10%..............20%...............30%..............40%..............50%...............60%..............70%..............80%...............90%..............100%\n[3274cd3b-3255-43e9-8e0a-85b889ab9080/Unit tests        ]   | \n[3274cd3b-3255-43e9-8e0a-85b889ab9080/Unit tests        ]   | Welcome to Gradle 6.8.3!\n[3274cd3b-3255-43e9-8e0a-85b889ab9080/Unit tests        ]   | \n[3274cd3b-3255-43e9-8e0a-85b889ab9080/Unit tests        ]   | Here are the highlights of this release:\n[3274cd3b-3255-43e9-8e0a-85b889ab9080/Unit tests        ]   |  - Faster Kotlin DSL script compilation\n[3274cd3b-3255-43e9-8e0a-85b889ab9080/Unit tests        ]   |  - Vendor selection for Java toolchains\n[3274cd3b-3255-43e9-8e0a-85b889ab9080/Unit tests        ]   |  - Convenient execution of tasks in composite builds\n[3274cd3b-3255-43e9-8e0a-85b889ab9080/Unit tests        ]   |  - Consistent dependency resolution\n[3274cd3b-3255-43e9-8e0a-85b889ab9080/Unit tests        ]   | \n[3274cd3b-3255-43e9-8e0a-85b889ab9080/Unit tests        ]   | For more details see https://docs.gradle.org/6.8.3/release-notes.html\n[3274cd3b-3255-43e9-8e0a-85b889ab9080/Unit tests        ]   | \n[3274cd3b-3255-43e9-8e0a-85b889ab9080/Unit tests        ]   | To honour the JVM settings for this build a single-use Daemon process will be forked. See https://docs.gradle.org/6.8.3/userguide/gradle_daemon.html#sec:disabling_the_daemon.\n[3274cd3b-3255-43e9-8e0a-85b889ab9080/Assemble          ]   | \n[3274cd3b-3255-43e9-8e0a-85b889ab9080/Assemble          ]   | Welcome to Gradle 6.8.3!\n[3274cd3b-3255-43e9-8e0a-85b889ab9080/Assemble          ]   | \n[3274cd3b-3255-43e9-8e0a-85b889ab9080/Assemble          ]   | Here are the highlights of this release:\n[3274cd3b-3255-43e9-8e0a-85b889ab9080/Assemble          ]   |  - Faster Kotlin DSL script compilation\n[3274cd3b-3255-43e9-8e0a-85b889ab9080/Assemble          ]   |  - Vendor selection for Java toolchains\n[3274cd3b-3255-43e9-8e0a-85b889ab9080/Assemble          ]   |  - Convenient execution of tasks in composite builds\n[3274cd3b-3255-43e9-8e0a-85b889ab9080/Assemble          ]   |  - Consistent dependency resolution\n[3274cd3b-3255-43e9-8e0a-85b889ab9080/Assemble          ]   | \n[3274cd3b-3255-43e9-8e0a-85b889ab9080/Assemble          ]   | For more details see https://docs.gradle.org/6.8.3/release-notes.html\n[3274cd3b-3255-43e9-8e0a-85b889ab9080/Assemble          ]   | \n[3274cd3b-3255-43e9-8e0a-85b889ab9080/Assemble          ]   | To honour the JVM settings for this build a single-use Daemon process will be forked. See https://docs.gradle.org/6.8.3/userguide/gradle_daemon.html#sec:disabling_the_daemon.\n[3274cd3b-3255-43e9-8e0a-85b889ab9080/Unit tests        ]   | Daemon will be stopped at the end of the build \n[3274cd3b-3255-43e9-8e0a-85b889ab9080/Assemble          ]   | Daemon will be stopped at the end of the build \n[3274cd3b-3255-43e9-8e0a-85b889ab9080/Assemble          ]   | \n[3274cd3b-3255-43e9-8e0a-85b889ab9080/Assemble          ]   | FAILURE: Build failed with an exception.\n[3274cd3b-3255-43e9-8e0a-85b889ab9080/Assemble          ]   | \n[3274cd3b-3255-43e9-8e0a-85b889ab9080/Assemble          ]   | * What went wrong:\n[3274cd3b-3255-43e9-8e0a-85b889ab9080/Assemble          ]   | Could not determine the dependencies of task ':app:compileDebugJavaWithJavac'.\n[3274cd3b-3255-43e9-8e0a-85b889ab9080/Assemble          ]   | > SDK location not found. Define location with an ANDROID_SDK_ROOT environment variable or by setting the sdk.dir path in your project's local properties file at '/tmp/3d783ea4-1661-11ee-8a50-bb14de238602/TonyTangAndroid-GooglePlusDemo/local.properties'.\n[3274cd3b-3255-43e9-8e0a-85b889ab9080/Assemble          ]   | \n[3274cd3b-3255-43e9-8e0a-85b889ab9080/Assemble          ]   | * Try:\n[3274cd3b-3255-43e9-8e0a-85b889ab9080/Assemble          ]   | Run with --stacktrace option to get the stack trace. Run with --info or --debug option to get more log output. Run with --scan to get full insights.\n[3274cd3b-3255-43e9-8e0a-85b889ab9080/Assemble          ]   | \n[3274cd3b-3255-43e9-8e0a-85b889ab9080/Assemble          ]   | * Get more help at https://help.gradle.org\n[3274cd3b-3255-43e9-8e0a-85b889ab9080/Assemble          ]   | \n[3274cd3b-3255-43e9-8e0a-85b889ab9080/Assemble          ]   | BUILD FAILED in 34s\n[3274cd3b-3255-43e9-8e0a-85b889ab9080/Assemble          ]   \u274c  Failure - Main Assemble debug App apk\n[3274cd3b-3255-43e9-8e0a-85b889ab9080/Assemble          ] exitcode '1': failure\n[3274cd3b-3255-43e9-8e0a-85b889ab9080/Assemble          ] \u2b50 Run Post actions/setup-java@v1\n[3274cd3b-3255-43e9-8e0a-85b889ab9080/Assemble          ]   \ud83d\udc33  docker exec cmd=[node /var/run/act/actions/actions-setup-java@v1/dist/cleanup/index.js] user= workdir=\n[3274cd3b-3255-43e9-8e0a-85b889ab9080/Assemble          ]   \u2705  Success - Post actions/setup-java@v1\n[3274cd3b-3255-43e9-8e0a-85b889ab9080/Unit tests        ]   | \n[3274cd3b-3255-43e9-8e0a-85b889ab9080/Unit tests        ]   | FAILURE: Build failed with an exception.\n[3274cd3b-3255-43e9-8e0a-85b889ab9080/Unit tests        ]   | \n[3274cd3b-3255-43e9-8e0a-85b889ab9080/Unit tests        ]   | * What went wrong:\n[3274cd3b-3255-43e9-8e0a-85b889ab9080/Unit tests        ]   | Could not determine the dependencies of task ':app:testReleaseUnitTest'.\n[3274cd3b-3255-43e9-8e0a-85b889ab9080/Unit tests        ]   | > SDK location not found. Define location with an ANDROID_SDK_ROOT environment variable or by setting the sdk.dir path in your project's local properties file at '/tmp/3d783ea4-1661-11ee-8a50-bb14de238602/TonyTangAndroid-GooglePlusDemo/local.properties'.\n[3274cd3b-3255-43e9-8e0a-85b889ab9080/Unit tests        ]   | \n[3274cd3b-3255-43e9-8e0a-85b889ab9080/Unit tests        ]   | * Try:\n[3274cd3b-3255-43e9-8e0a-85b889ab9080/Unit tests        ]   | Run with --stacktrace option to get the stack trace. Run with --info or --debug option to get more log output. Run with --scan to get full insights.\n[3274cd3b-3255-43e9-8e0a-85b889ab9080/Unit tests        ]   | \n[3274cd3b-3255-43e9-8e0a-85b889ab9080/Unit tests        ]   | * Get more help at https://help.gradle.org\n[3274cd3b-3255-43e9-8e0a-85b889ab9080/Unit tests        ]   | \n[3274cd3b-3255-43e9-8e0a-85b889ab9080/Unit tests        ]   | BUILD FAILED in 41s\n[3274cd3b-3255-43e9-8e0a-85b889ab9080/Unit tests        ]   \u274c  Failure - Main Run unit tests\n[3274cd3b-3255-43e9-8e0a-85b889ab9080/Assemble          ] \ud83c\udfc1  Job failed\n[3274cd3b-3255-43e9-8e0a-85b889ab9080/Unit tests        ] exitcode '1': failure\n[3274cd3b-3255-43e9-8e0a-85b889ab9080/Unit tests        ] \u2b50 Run Main Copy test results\n[3274cd3b-3255-43e9-8e0a-85b889ab9080/Unit tests        ]   \ud83d\udc33  docker exec cmd=[bash --noprofile --norc -e -o pipefail /var/run/act/workflow/5] user= workdir=\n[3274cd3b-3255-43e9-8e0a-85b889ab9080/Unit tests        ]   \u2705  Success - Main Copy test results\n[3274cd3b-3255-43e9-8e0a-85b889ab9080/Unit tests        ] \u2b50 Run Main Upload test results\n[3274cd3b-3255-43e9-8e0a-85b889ab9080/Unit tests        ]   \u274c  Failure - Main Upload test results\n[3274cd3b-3255-43e9-8e0a-85b889ab9080/Unit tests        ] The runs.using key must be one of: [docker node12 node16 composite], got \n[3274cd3b-3255-43e9-8e0a-85b889ab9080/Unit tests        ] \u2b50 Run Post actions/setup-java@v1\n[3274cd3b-3255-43e9-8e0a-85b889ab9080/Unit tests        ]   \ud83d\udc33  docker exec cmd=[node /var/run/act/actions/actions-setup-java@v1/dist/cleanup/index.js] user= workdir=\n[3274cd3b-3255-43e9-8e0a-85b889ab9080/Unit tests        ]   \u2705  Success - Post actions/setup-java@v1\n[3274cd3b-3255-43e9-8e0a-85b889ab9080/Unit tests        ] \ud83c\udfc1  Job failed\n",
        "stderr": "Error: Job 'Assemble' failed\n",
        "workflow": "/tmp/3d783ea4-1661-11ee-8a50-bb14de238602/TonyTangAndroid-GooglePlusDemo/.github/workflows/android-crawler.yml",
        "build_tool": "gradle",
        "elapsed_time": 222.53330183029175
    }
}