{
    "repository": "uber/rides-android-sdk",
    "stars": 285,
    "language": "java",
    "size": 883,
    "clone_url": "https://github.com/uber/rides-android-sdk.git",
    "timestamp": "2023-06-29T12:03:51.733166Z",
    "clone_success": true,
    "number_of_actions": 1,
    "number_of_test_actions": 1,
    "actions_successful": false,
    "actions_build_tools": [
        "gradle"
    ],
    "actions_test_build_tools": [
        "gradle"
    ],
    "actions_run": {
        "failed": true,
        "tests": [],
        "stdout": "[76ab4027-fa7f-4b92-8b30-65540e17b958/test ] \ud83d\ude80  Start image=crawlergpt:latest\n[76ab4027-fa7f-4b92-8b30-65540e17b958/check] \ud83d\ude80  Start image=crawlergpt:latest\n[76ab4027-fa7f-4b92-8b30-65540e17b958/test ]   \ud83d\udc33  docker pull image=crawlergpt:latest platform= username= forcePull=false\n[76ab4027-fa7f-4b92-8b30-65540e17b958/check]   \ud83d\udc33  docker pull image=crawlergpt:latest platform= username= forcePull=false\n[76ab4027-fa7f-4b92-8b30-65540e17b958/check]   \ud83d\udc33  docker create image=crawlergpt:latest platform= entrypoint=[\"tail\" \"-f\" \"/dev/null\"] cmd=[]\n[76ab4027-fa7f-4b92-8b30-65540e17b958/test ]   \ud83d\udc33  docker create image=crawlergpt:latest platform= entrypoint=[\"tail\" \"-f\" \"/dev/null\"] cmd=[]\n[76ab4027-fa7f-4b92-8b30-65540e17b958/test ]   \ud83d\udc33  docker run image=crawlergpt:latest platform= entrypoint=[\"tail\" \"-f\" \"/dev/null\"] cmd=[]\n[76ab4027-fa7f-4b92-8b30-65540e17b958/check]   \ud83d\udc33  docker run image=crawlergpt:latest platform= entrypoint=[\"tail\" \"-f\" \"/dev/null\"] cmd=[]\n[76ab4027-fa7f-4b92-8b30-65540e17b958/check]   \ud83d\udc33  docker exec cmd=[chown -R 1012:1013 /tmp/3d783ea4-1661-11ee-8a50-bb14de238602/uber-rides-android-sdk] user=0 workdir=\n[76ab4027-fa7f-4b92-8b30-65540e17b958/test ]   \ud83d\udc33  docker exec cmd=[chown -R 1012:1013 /tmp/3d783ea4-1661-11ee-8a50-bb14de238602/uber-rides-android-sdk] user=0 workdir=\n[76ab4027-fa7f-4b92-8b30-65540e17b958/check]   \u2601  git clone 'https://github.com/gradle/wrapper-validation-action' # ref=v1\n[76ab4027-fa7f-4b92-8b30-65540e17b958/test ]   \u2601  git clone 'https://github.com/gradle/wrapper-validation-action' # ref=v1\n[76ab4027-fa7f-4b92-8b30-65540e17b958/check]   \u2601  git clone 'https://github.com/actions/setup-java' # ref=v2\n[76ab4027-fa7f-4b92-8b30-65540e17b958/test ]   \u2601  git clone 'https://github.com/actions/setup-java' # ref=v2\n[76ab4027-fa7f-4b92-8b30-65540e17b958/check]   \u2601  git clone 'https://github.com/actions/upload-artifact' # ref=v2\n[76ab4027-fa7f-4b92-8b30-65540e17b958/test ]   \u2601  git clone 'https://github.com/reactivecircus/android-emulator-runner' # ref=v2\n[76ab4027-fa7f-4b92-8b30-65540e17b958/check] \u2b50 Run Main Checkout\n[76ab4027-fa7f-4b92-8b30-65540e17b958/check]   \u2705  Success - Main Checkout\n[76ab4027-fa7f-4b92-8b30-65540e17b958/check] \u2b50 Run Main Gradle Wrapper Validation\n[76ab4027-fa7f-4b92-8b30-65540e17b958/check]   \ud83d\udc33  docker cp src=/tmp/act-cache/6b3db60d-081b-4da6-8e48-cabe9b22be1e/act/gradle-wrapper-validation-action@v1/ dst=/var/run/act/actions/gradle-wrapper-validation-action@v1/\n[76ab4027-fa7f-4b92-8b30-65540e17b958/check]   \ud83d\udc33  docker exec cmd=[chown -R 1012:1013 /var/run/act/actions/gradle-wrapper-validation-action@v1/] user=0 workdir=\n[76ab4027-fa7f-4b92-8b30-65540e17b958/check]   \ud83d\udc33  docker exec cmd=[node /var/run/act/actions/gradle-wrapper-validation-action@v1/dist/index.js] user= workdir=\n[76ab4027-fa7f-4b92-8b30-65540e17b958/check]   | \u2713 Found known Gradle Wrapper JAR files:\n[76ab4027-fa7f-4b92-8b30-65540e17b958/check]   |   383f4efa709b52632a520708e8a07353961970941ab3867ab8ac182132ce1c54 gradle/wrapper/gradle-wrapper.jar\n[76ab4027-fa7f-4b92-8b30-65540e17b958/check]   \u2705  Success - Main Gradle Wrapper Validation\n[76ab4027-fa7f-4b92-8b30-65540e17b958/check] \u2b50 Run Main Install JDK\n[76ab4027-fa7f-4b92-8b30-65540e17b958/check]   \ud83d\udc33  docker cp src=/tmp/act-cache/6b3db60d-081b-4da6-8e48-cabe9b22be1e/act/actions-setup-java@v2/ dst=/var/run/act/actions/actions-setup-java@v2/\n[76ab4027-fa7f-4b92-8b30-65540e17b958/check]   \ud83d\udc33  docker exec cmd=[chown -R 1012:1013 /var/run/act/actions/actions-setup-java@v2/] user=0 workdir=\n[76ab4027-fa7f-4b92-8b30-65540e17b958/check]   \ud83d\udc33  docker exec cmd=[node /var/run/act/actions/actions-setup-java@v2/dist/setup/index.js] user= workdir=\n[76ab4027-fa7f-4b92-8b30-65540e17b958/check]   \ud83d\udcac  ::debug::isExplicit: 11.0.11-9\n[76ab4027-fa7f-4b92-8b30-65540e17b958/check]   \ud83d\udcac  ::debug::explicit? true\n[76ab4027-fa7f-4b92-8b30-65540e17b958/check]   \ud83d\udcac  ::debug::isExplicit: 8.0.292-1\n[76ab4027-fa7f-4b92-8b30-65540e17b958/check]   \ud83d\udcac  ::debug::explicit? true\n[76ab4027-fa7f-4b92-8b30-65540e17b958/check]   | Resolved Java 8.0.292+1 from tool-cache\n[76ab4027-fa7f-4b92-8b30-65540e17b958/check]   | Setting Java 8.0.292+1 as the default\n[76ab4027-fa7f-4b92-8b30-65540e17b958/check]   | \n[76ab4027-fa7f-4b92-8b30-65540e17b958/check]   | Java configuration:\n[76ab4027-fa7f-4b92-8b30-65540e17b958/check]   |   Distribution: adopt\n[76ab4027-fa7f-4b92-8b30-65540e17b958/check]   |   Version: 8.0.292+1\n[76ab4027-fa7f-4b92-8b30-65540e17b958/check]   |   Path: /opt/hostedtoolcache/Java_Adopt_jdk/8.0.292-1/x64\n[76ab4027-fa7f-4b92-8b30-65540e17b958/check]   | \n[76ab4027-fa7f-4b92-8b30-65540e17b958/check]   \u2753 add-matcher /run/act/actions/actions-setup-java@v2/.github/java.json\n[76ab4027-fa7f-4b92-8b30-65540e17b958/check]   | Creating settings.xml with server-id: github\n[76ab4027-fa7f-4b92-8b30-65540e17b958/check]   | Writing to /home/runneradmin/.m2/settings.xml\n[76ab4027-fa7f-4b92-8b30-65540e17b958/check]   \u2705  Success - Main Install JDK\n[76ab4027-fa7f-4b92-8b30-65540e17b958/check]   \u2699  ::set-env:: JAVA_HOME=/opt/hostedtoolcache/Java_Adopt_jdk/8.0.292-1/x64\n[76ab4027-fa7f-4b92-8b30-65540e17b958/check]   \u2699  ::set-output:: distribution=Adopt-Hotspot\n[76ab4027-fa7f-4b92-8b30-65540e17b958/check]   \u2699  ::set-output:: path=/opt/hostedtoolcache/Java_Adopt_jdk/8.0.292-1/x64\n[76ab4027-fa7f-4b92-8b30-65540e17b958/check]   \u2699  ::set-output:: version=8.0.292+1\n[76ab4027-fa7f-4b92-8b30-65540e17b958/check]   \u2699  ::add-path:: /opt/hostedtoolcache/Java_Adopt_jdk/8.0.292-1/x64/bin\n[76ab4027-fa7f-4b92-8b30-65540e17b958/check] \u2b50 Run Main Lint and Unit tests\n[76ab4027-fa7f-4b92-8b30-65540e17b958/check]   \ud83d\udc33  docker exec cmd=[bash --noprofile --norc -e -o pipefail /var/run/act/workflow/3] user= workdir=\n[76ab4027-fa7f-4b92-8b30-65540e17b958/check]   | Downloading https://services.gradle.org/distributions/gradle-4.10.1-bin.zip\n[76ab4027-fa7f-4b92-8b30-65540e17b958/check]   | ..........................................................................\n[76ab4027-fa7f-4b92-8b30-65540e17b958/check]   | Unzipping /home/runneradmin/.gradle/wrapper/dists/gradle-4.10.1-bin/4homep1wqei7q35i17vhsr7k8/gradle-4.10.1-bin.zip to /home/runneradmin/.gradle/wrapper/dists/gradle-4.10.1-bin/4homep1wqei7q35i17vhsr7k8\n[76ab4027-fa7f-4b92-8b30-65540e17b958/check]   | Set executable permissions for: /home/runneradmin/.gradle/wrapper/dists/gradle-4.10.1-bin/4homep1wqei7q35i17vhsr7k8/gradle-4.10.1/bin/gradle\n[76ab4027-fa7f-4b92-8b30-65540e17b958/check]   | \n[76ab4027-fa7f-4b92-8b30-65540e17b958/check]   | Welcome to Gradle 4.10.1!\n[76ab4027-fa7f-4b92-8b30-65540e17b958/check]   | \n[76ab4027-fa7f-4b92-8b30-65540e17b958/check]   | Here are the highlights of this release:\n[76ab4027-fa7f-4b92-8b30-65540e17b958/check]   |  - Incremental Java compilation by default\n[76ab4027-fa7f-4b92-8b30-65540e17b958/check]   |  - Periodic Gradle caches cleanup\n[76ab4027-fa7f-4b92-8b30-65540e17b958/check]   |  - Gradle Kotlin DSL 1.0-RC6\n[76ab4027-fa7f-4b92-8b30-65540e17b958/check]   |  - Nested included builds\n[76ab4027-fa7f-4b92-8b30-65540e17b958/check]   |  - SNAPSHOT plugin versions in the `plugins {}` block\n[76ab4027-fa7f-4b92-8b30-65540e17b958/check]   | \n[76ab4027-fa7f-4b92-8b30-65540e17b958/check]   | For more details see https://docs.gradle.org/4.10.1/release-notes.html\n[76ab4027-fa7f-4b92-8b30-65540e17b958/check]   | \n[76ab4027-fa7f-4b92-8b30-65540e17b958/check]   | Starting a Gradle Daemon (subsequent builds will be faster)\n[76ab4027-fa7f-4b92-8b30-65540e17b958/check]   | \n[76ab4027-fa7f-4b92-8b30-65540e17b958/check]   | > Configure project :\n[76ab4027-fa7f-4b92-8b30-65540e17b958/check]   | Add GITHUB_TOKEN to your ~/.gradle/gradle.properties file.\n[76ab4027-fa7f-4b92-8b30-65540e17b958/test ]   \u2601  git clone 'https://github.com/actions/upload-artifact' # ref=v2\n[76ab4027-fa7f-4b92-8b30-65540e17b958/test ] \ud83e\uddea  Matrix: map[api-level:21]\n[76ab4027-fa7f-4b92-8b30-65540e17b958/test ] \u2b50 Run Main Checkout\n[76ab4027-fa7f-4b92-8b30-65540e17b958/test ]   \u2705  Success - Main Checkout\n[76ab4027-fa7f-4b92-8b30-65540e17b958/test ] \u2b50 Run Main Gradle Wrapper Validation\n[76ab4027-fa7f-4b92-8b30-65540e17b958/test ]   \ud83d\udc33  docker cp src=/tmp/act-cache/6b3db60d-081b-4da6-8e48-cabe9b22be1e/act/gradle-wrapper-validation-action@v1/ dst=/var/run/act/actions/gradle-wrapper-validation-action@v1/\n[76ab4027-fa7f-4b92-8b30-65540e17b958/test ]   \ud83d\udc33  docker exec cmd=[chown -R 1012:1013 /var/run/act/actions/gradle-wrapper-validation-action@v1/] user=0 workdir=\n[76ab4027-fa7f-4b92-8b30-65540e17b958/test ]   \ud83d\udc33  docker exec cmd=[node /var/run/act/actions/gradle-wrapper-validation-action@v1/dist/index.js] user= workdir=\n[76ab4027-fa7f-4b92-8b30-65540e17b958/check]   | \n[76ab4027-fa7f-4b92-8b30-65540e17b958/check]   | > Configure project :core-android\n[76ab4027-fa7f-4b92-8b30-65540e17b958/check]   | Add SONATYPE_NEXUS_USERNAME to your ~/.gradle/gradle.properties file.\n[76ab4027-fa7f-4b92-8b30-65540e17b958/check]   | Add SONATYPE_NEXUS_PASSWORD to your ~/.gradle/gradle.properties file.\n[76ab4027-fa7f-4b92-8b30-65540e17b958/check]   | Add signing.keyId to your ~/.gradle/gradle.properties file.\n[76ab4027-fa7f-4b92-8b30-65540e17b958/check]   | Add signing.password to your ~/.gradle/gradle.properties file.\n[76ab4027-fa7f-4b92-8b30-65540e17b958/check]   | Add signing.secretKeyRingFile to your ~/.gradle/gradle.properties file.\n[76ab4027-fa7f-4b92-8b30-65540e17b958/check]   | \n[76ab4027-fa7f-4b92-8b30-65540e17b958/check]   | FAILURE: Build failed with an exception.\n[76ab4027-fa7f-4b92-8b30-65540e17b958/check]   | \n[76ab4027-fa7f-4b92-8b30-65540e17b958/check]   | * What went wrong:\n[76ab4027-fa7f-4b92-8b30-65540e17b958/check]   | A problem occurred configuring project ':core-android'.\n[76ab4027-fa7f-4b92-8b30-65540e17b958/check]   | > Failed to notify project evaluation listener.\n[76ab4027-fa7f-4b92-8b30-65540e17b958/check]   |    > SDK location not found. Define location with sdk.dir in the local.properties file or with an ANDROID_HOME environment variable.\n[76ab4027-fa7f-4b92-8b30-65540e17b958/check]   |    > SDK location not found. Define location with sdk.dir in the local.properties file or with an ANDROID_HOME environment variable.\n[76ab4027-fa7f-4b92-8b30-65540e17b958/check]   | \n[76ab4027-fa7f-4b92-8b30-65540e17b958/check]   | * Try:\n[76ab4027-fa7f-4b92-8b30-65540e17b958/check]   | Run with --info or --debug option to get more log output. Run with --scan to get full insights.\n[76ab4027-fa7f-4b92-8b30-65540e17b958/check]   | \n[76ab4027-fa7f-4b92-8b30-65540e17b958/check]   | * Exception is:\n[76ab4027-fa7f-4b92-8b30-65540e17b958/check]   | org.gradle.api.ProjectConfigurationException: A problem occurred configuring project ':core-android'.\n[76ab4027-fa7f-4b92-8b30-65540e17b958/check]   | \tat org.gradle.configuration.project.LifecycleProjectEvaluator.wrapException(LifecycleProjectEvaluator.java:79)\n[76ab4027-fa7f-4b92-8b30-65540e17b958/check]   | \tat org.gradle.configuration.project.LifecycleProjectEvaluator.addConfigurationFailure(LifecycleProjectEvaluator.java:73)\n[76ab4027-fa7f-4b92-8b30-65540e17b958/check]   | \tat org.gradle.configuration.project.LifecycleProjectEvaluator.access$400(LifecycleProjectEvaluator.java:54)\n[76ab4027-fa7f-4b92-8b30-65540e17b958/check]   | \tat org.gradle.configuration.project.LifecycleProjectEvaluator$NotifyAfterEvaluate.run(LifecycleProjectEvaluator.java:200)\n[76ab4027-fa7f-4b92-8b30-65540e17b958/check]   | \tat org.gradle.internal.operations.DefaultBuildOperationExecutor$RunnableBuildOperationWorker.execute(DefaultBuildOperationExecutor.java:300)\n[76ab4027-fa7f-4b92-8b30-65540e17b958/check]   | \tat org.gradle.internal.operations.DefaultBuildOperationExecutor$RunnableBuildOperationWorker.execute(DefaultBuildOperationExecutor.java:292)\n[76ab4027-fa7f-4b92-8b30-65540e17b958/check]   | \tat org.gradle.internal.operations.DefaultBuildOperationExecutor.execute(DefaultBuildOperationExecutor.java:174)\n[76ab4027-fa7f-4b92-8b30-65540e17b958/check]   | \tat org.gradle.internal.operations.DefaultBuildOperationExecutor.run(DefaultBuildOperationExecutor.java:90)\n[76ab4027-fa7f-4b92-8b30-65540e17b958/check]   | \tat org.gradle.internal.operations.DelegatingBuildOperationExecutor.run(DelegatingBuildOperationExecutor.java:31)\n[76ab4027-fa7f-4b92-8b30-65540e17b958/check]   | \tat org.gradle.configuration.project.LifecycleProjectEvaluator$EvaluateProject.run(LifecycleProjectEvaluator.java:110)\n[76ab4027-fa7f-4b92-8b30-65540e17b958/check]   | \tat org.gradle.internal.operations.DefaultBuildOperationExecutor$RunnableBuildOperationWorker.execute(DefaultBuildOperationExecutor.java:300)\n[76ab4027-fa7f-4b92-8b30-65540e17b958/check]   | \tat org.gradle.internal.operations.DefaultBuildOperationExecutor$RunnableBuildOperationWorker.execute(DefaultBuildOperationExecutor.java:292)\n[76ab4027-fa7f-4b92-8b30-65540e17b958/check]   | \tat org.gradle.internal.operations.DefaultBuildOperationExecutor.execute(DefaultBuildOperationExecutor.java:174)\n[76ab4027-fa7f-4b92-8b30-65540e17b958/check]   | \tat org.gradle.internal.operations.DefaultBuildOperationExecutor.run(DefaultBuildOperationExecutor.java:90)\n[76ab4027-fa7f-4b92-8b30-65540e17b958/check]   | \tat org.gradle.internal.operations.DelegatingBuildOperationExecutor.run(DelegatingBuildOperationExecutor.java:31)\n[76ab4027-fa7f-4b92-8b30-65540e17b958/check]   | \tat org.gradle.configuration.project.LifecycleProjectEvaluator.evaluate(LifecycleProjectEvaluator.java:68)\n[76ab4027-fa7f-4b92-8b30-65540e17b958/check]   | \tat org.gradle.api.internal.project.DefaultProject.evaluate(DefaultProject.java:687)\n[76ab4027-fa7f-4b92-8b30-65540e17b958/check]   | \tat org.gradle.api.internal.project.DefaultProject.evaluate(DefaultProject.java:140)\n[76ab4027-fa7f-4b92-8b30-65540e17b958/check]   | \tat org.gradle.execution.TaskPathProjectEvaluator.configure(TaskPathProjectEvaluator.java:35)\n[76ab4027-fa7f-4b92-8b30-65540e17b958/check]   | \tat org.gradle.execution.TaskPathProjectEvaluator.configureHierarchy(TaskPathProjectEvaluator.java:62)\n[76ab4027-fa7f-4b92-8b30-65540e17b958/check]   | \tat org.gradle.configuration.DefaultBuildConfigurer.configure(DefaultBuildConfigurer.java:41)\n[76ab4027-fa7f-4b92-8b30-65540e17b958/check]   | \tat org.gradle.initialization.DefaultGradleLauncher$ConfigureBuild.run(DefaultGradleLauncher.java:274)\n[76ab4027-fa7f-4b92-8b30-65540e17b958/check]   | \tat org.gradle.internal.operations.DefaultBuildOperationExecutor$RunnableBuildOperationWorker.execute(DefaultBuildOperationExecutor.java:300)\n[76ab4027-fa7f-4b92-8b30-65540e17b958/check]   | \tat org.gradle.internal.operations.DefaultBuildOperationExecutor$RunnableBuildOperationWorker.execute(DefaultBuildOperationExecutor.java:292)\n[76ab4027-fa7f-4b92-8b30-65540e17b958/check]   | \tat org.gradle.internal.operations.DefaultBuildOperationExecutor.execute(DefaultBuildOperationExecutor.java:174)\n[76ab4027-fa7f-4b92-8b30-65540e17b958/check]   | \tat org.gradle.internal.operations.DefaultBuildOperationExecutor.run(DefaultBuildOperationExecutor.java:90)\n[76ab4027-fa7f-4b92-8b30-65540e17b958/check]   | \tat org.gradle.internal.operations.DelegatingBuildOperationExecutor.run(DelegatingBuildOperationExecutor.java:31)\n[76ab4027-fa7f-4b92-8b30-65540e17b958/check]   | \tat org.gradle.initialization.DefaultGradleLauncher.configureBuild(DefaultGradleLauncher.java:182)\n[76ab4027-fa7f-4b92-8b30-65540e17b958/check]   | \tat org.gradle.initialization.DefaultGradleLauncher.doBuildStages(DefaultGradleLauncher.java:141)\n[76ab4027-fa7f-4b92-8b30-65540e17b958/check]   | \tat org.gradle.initialization.DefaultGradleLauncher.executeTasks(DefaultGradleLauncher.java:124)\n[76ab4027-fa7f-4b92-8b30-65540e17b958/check]   | \tat org.gradle.internal.invocation.GradleBuildController$1.call(GradleBuildController.java:77)\n[76ab4027-fa7f-4b92-8b30-65540e17b958/check]   | \tat org.gradle.internal.invocation.GradleBuildController$1.call(GradleBuildController.java:74)\n[76ab4027-fa7f-4b92-8b30-65540e17b958/check]   | \tat org.gradle.internal.work.DefaultWorkerLeaseService.withLocks(DefaultWorkerLeaseService.java:154)\n[76ab4027-fa7f-4b92-8b30-65540e17b958/check]   | \tat org.gradle.internal.work.StopShieldingWorkerLeaseService.withLocks(StopShieldingWorkerLeaseService.java:38)\n[76ab4027-fa7f-4b92-8b30-65540e17b958/check]   | \tat org.gradle.internal.invocation.GradleBuildController.doBuild(GradleBuildController.java:96)\n[76ab4027-fa7f-4b92-8b30-65540e17b958/check]   | \tat org.gradle.internal.invocation.GradleBuildController.run(GradleBuildController.java:74)\n[76ab4027-fa7f-4b92-8b30-65540e17b958/check]   | \tat org.gradle.tooling.internal.provider.ExecuteBuildActionRunner.run(ExecuteBuildActionRunner.java:28)\n[76ab4027-fa7f-4b92-8b30-65540e17b958/check]   | \tat org.gradle.launcher.exec.ChainingBuildActionRunner.run(ChainingBuildActionRunner.java:35)\n[76ab4027-fa7f-4b92-8b30-65540e17b958/check]   | \tat org.gradle.tooling.internal.provider.ValidatingBuildActionRunner.run(ValidatingBuildActionRunner.java:32)\n[76ab4027-fa7f-4b92-8b30-65540e17b958/check]   | \tat org.gradle.launcher.exec.RunAsBuildOperationBuildActionRunner$3.run(RunAsBuildOperationBuildActionRunner.java:50)\n[76ab4027-fa7f-4b92-8b30-65540e17b958/check]   | \tat org.gradle.internal.operations.DefaultBuildOperationExecutor$RunnableBuildOperationWorker.execute(DefaultBuildOperationExecutor.java:300)\n[76ab4027-fa7f-4b92-8b30-65540e17b958/check]   | \tat org.gradle.internal.operations.DefaultBuildOperationExecutor$RunnableBuildOperationWorker.execute(DefaultBuildOperationExecutor.java:292)\n[76ab4027-fa7f-4b92-8b30-65540e17b958/check]   | \tat org.gradle.internal.operations.DefaultBuildOperationExecutor.execute(DefaultBuildOperationExecutor.java:174)\n[76ab4027-fa7f-4b92-8b30-65540e17b958/check]   | \tat org.gradle.internal.operations.DefaultBuildOperationExecutor.run(DefaultBuildOperationExecutor.java:90)\n[76ab4027-fa7f-4b92-8b30-65540e17b958/check]   | \tat org.gradle.internal.operations.DelegatingBuildOperationExecutor.run(DelegatingBuildOperationExecutor.java:31)\n[76ab4027-fa7f-4b92-8b30-65540e17b958/check]   | \tat org.gradle.launcher.exec.RunAsBuildOperationBuildActionRunner.run(RunAsBuildOperationBuildActionRunner.java:45)\n[76ab4027-fa7f-4b92-8b30-65540e17b958/check]   | \tat org.gradle.tooling.internal.provider.SubscribableBuildActionRunner.run(SubscribableBuildActionRunner.java:51)\n[76ab4027-fa7f-4b92-8b30-65540e17b958/check]   | \tat org.gradle.launcher.exec.InProcessBuildActionExecuter$1.transform(InProcessBuildActionExecuter.java:47)\n[76ab4027-fa7f-4b92-8b30-65540e17b958/check]   | \tat org.gradle.launcher.exec.InProcessBuildActionExecuter$1.transform(InProcessBuildActionExecuter.java:44)\n[76ab4027-fa7f-4b92-8b30-65540e17b958/check]   | \tat org.gradle.composite.internal.DefaultRootBuildState.run(DefaultRootBuildState.java:79)\n[76ab4027-fa7f-4b92-8b30-65540e17b958/check]   | \tat org.gradle.launcher.exec.InProcessBuildActionExecuter.execute(InProcessBuildActionExecuter.java:44)\n[76ab4027-fa7f-4b92-8b30-65540e17b958/check]   | \tat org.gradle.launcher.exec.InProcessBuildActionExecuter.execute(InProcessBuildActionExecuter.java:30)\n[76ab4027-fa7f-4b92-8b30-65540e17b958/check]   | \tat org.gradle.launcher.exec.BuildTreeScopeBuildActionExecuter.execute(BuildTreeScopeBuildActionExecuter.java:39)\n[76ab4027-fa7f-4b92-8b30-65540e17b958/check]   | \tat org.gradle.launcher.exec.BuildTreeScopeBuildActionExecuter.execute(BuildTreeScopeBuildActionExecuter.java:25)\n[76ab4027-fa7f-4b92-8b30-65540e17b958/check]   | \tat org.gradle.tooling.internal.provider.ContinuousBuildActionExecuter.execute(ContinuousBuildActionExecuter.java:80)\n[76ab4027-fa7f-4b92-8b30-65540e17b958/check]   | \tat org.gradle.tooling.internal.provider.ContinuousBuildActionExecuter.execute(ContinuousBuildActionExecuter.java:53)\n[76ab4027-fa7f-4b92-8b30-65540e17b958/check]   | \tat org.gradle.tooling.internal.provider.ServicesSetupBuildActionExecuter.execute(ServicesSetupBuildActionExecuter.java:62)\n[76ab4027-fa7f-4b92-8b30-65540e17b958/check]   | \tat org.gradle.tooling.internal.provider.ServicesSetupBuildActionExecuter.execute(ServicesSetupBuildActionExecuter.java:34)\n[76ab4027-fa7f-4b92-8b30-65540e17b958/check]   | \tat org.gradle.tooling.internal.provider.GradleThreadBuildActionExecuter.execute(GradleThreadBuildActionExecuter.java:36)\n[76ab4027-fa7f-4b92-8b30-65540e17b958/check]   | \tat org.gradle.tooling.internal.provider.GradleThreadBuildActionExecuter.execute(GradleThreadBuildActionExecuter.java:25)\n[76ab4027-fa7f-4b92-8b30-65540e17b958/check]   | \tat org.gradle.tooling.internal.provider.ParallelismConfigurationBuildActionExecuter.execute(ParallelismConfigurationBuildActionExecuter.java:43)\n[76ab4027-fa7f-4b92-8b30-65540e17b958/check]   | \tat org.gradle.tooling.internal.provider.ParallelismConfigurationBuildActionExecuter.execute(ParallelismConfigurationBuildActionExecuter.java:29)\n[76ab4027-fa7f-4b92-8b30-65540e17b958/check]   | \tat org.gradle.tooling.internal.provider.StartParamsValidatingActionExecuter.execute(StartParamsValidatingActionExecuter.java:59)\n[76ab4027-fa7f-4b92-8b30-65540e17b958/check]   | \tat org.gradle.tooling.internal.provider.StartParamsValidatingActionExecuter.execute(StartParamsValidatingActionExecuter.java:31)\n[76ab4027-fa7f-4b92-8b30-65540e17b958/check]   | \tat org.gradle.tooling.internal.provider.SessionFailureReportingActionExecuter.execute(SessionFailureReportingActionExecuter.java:59)\n[76ab4027-fa7f-4b92-8b30-65540e17b958/check]   | \tat org.gradle.tooling.internal.provider.SessionFailureReportingActionExecuter.execute(SessionFailureReportingActionExecuter.java:44)\n[76ab4027-fa7f-4b92-8b30-65540e17b958/check]   | \tat org.gradle.tooling.internal.provider.SetupLoggingActionExecuter.execute(SetupLoggingActionExecuter.java:46)\n[76ab4027-fa7f-4b92-8b30-65540e17b958/check]   | \tat org.gradle.tooling.internal.provider.SetupLoggingActionExecuter.execute(SetupLoggingActionExecuter.java:30)\n[76ab4027-fa7f-4b92-8b30-65540e17b958/check]   | \tat org.gradle.launcher.daemon.server.exec.ExecuteBuild.doBuild(ExecuteBuild.java:67)\n[76ab4027-fa7f-4b92-8b30-65540e17b958/check]   | \tat org.gradle.launcher.daemon.server.exec.BuildCommandOnly.execute(BuildCommandOnly.java:36)\n[76ab4027-fa7f-4b92-8b30-65540e17b958/check]   | \tat org.gradle.launcher.daemon.server.api.DaemonCommandExecution.proceed(DaemonCommandExecution.java:122)\n[76ab4027-fa7f-4b92-8b30-65540e17b958/check]   | \tat org.gradle.launcher.daemon.server.exec.WatchForDisconnection.execute(WatchForDisconnection.java:37)\n[76ab4027-fa7f-4b92-8b30-65540e17b958/check]   | \tat org.gradle.launcher.daemon.server.api.DaemonCommandExecution.proceed(DaemonCommandExecution.java:122)\n[76ab4027-fa7f-4b92-8b30-65540e17b958/check]   | \tat org.gradle.launcher.daemon.server.exec.ResetDeprecationLogger.execute(ResetDeprecationLogger.java:26)\n[76ab4027-fa7f-4b92-8b30-65540e17b958/check]   | \tat org.gradle.launcher.daemon.server.api.DaemonCommandExecution.proceed(DaemonCommandExecution.java:122)\n[76ab4027-fa7f-4b92-8b30-65540e17b958/check]   | \tat org.gradle.launcher.daemon.server.exec.RequestStopIfSingleUsedDaemon.execute(RequestStopIfSingleUsedDaemon.java:34)\n[76ab4027-fa7f-4b92-8b30-65540e17b958/check]   | \tat org.gradle.launcher.daemon.server.api.DaemonCommandExecution.proceed(DaemonCommandExecution.java:122)\n[76ab4027-fa7f-4b92-8b30-65540e17b958/check]   | \tat org.gradle.launcher.daemon.server.exec.ForwardClientInput$2.call(ForwardClientInput.java:74)\n[76ab4027-fa7f-4b92-8b30-65540e17b958/check]   | \tat org.gradle.launcher.daemon.server.exec.ForwardClientInput$2.call(ForwardClientInput.java:72)\n[76ab4027-fa7f-4b92-8b30-65540e17b958/check]   | \tat org.gradle.util.Swapper.swap(Swapper.java:38)\n[76ab4027-fa7f-4b92-8b30-65540e17b958/check]   | \tat org.gradle.launcher.daemon.server.exec.ForwardClientInput.execute(ForwardClientInput.java:72)\n[76ab4027-fa7f-4b92-8b30-65540e17b958/check]   | \tat org.gradle.launcher.daemon.server.api.DaemonCommandExecution.proceed(DaemonCommandExecution.java:122)\n[76ab4027-fa7f-4b92-8b30-65540e17b958/check]   | \tat org.gradle.launcher.daemon.server.exec.LogAndCheckHealth.execute(LogAndCheckHealth.java:55)\n[76ab4027-fa7f-4b92-8b30-65540e17b958/check]   | \tat org.gradle.launcher.daemon.server.api.DaemonCommandExecution.proceed(DaemonCommandExecution.java:122)\n[76ab4027-fa7f-4b92-8b30-65540e17b958/check]   | \tat org.gradle.launcher.daemon.server.exec.LogToClient.doBuild(LogToClient.java:62)\n[76ab4027-fa7f-4b92-8b30-65540e17b958/check]   | \tat org.gradle.launcher.daemon.server.exec.BuildCommandOnly.execute(BuildCommandOnly.java:36)\n[76ab4027-fa7f-4b92-8b30-65540e17b958/check]   | \tat org.gradle.launcher.daemon.server.api.DaemonCommandExecution.proceed(DaemonCommandExecution.java:122)\n[76ab4027-fa7f-4b92-8b30-65540e17b958/check]   | \tat org.gradle.launcher.daemon.server.exec.EstablishBuildEnvironment.doBuild(EstablishBuildEnvironment.java:81)\n[76ab4027-fa7f-4b92-8b30-65540e17b958/check]   | \tat org.gradle.launcher.daemon.server.exec.BuildCommandOnly.execute(BuildCommandOnly.java:36)\n[76ab4027-fa7f-4b92-8b30-65540e17b958/check]   | \tat org.gradle.launcher.daemon.server.api.DaemonCommandExecution.proceed(DaemonCommandExecution.java:122)\n[76ab4027-fa7f-4b92-8b30-65540e17b958/check]   | \tat org.gradle.launcher.daemon.server.exec.StartBuildOrRespondWithBusy$1.run(StartBuildOrRespondWithBusy.java:50)\n[76ab4027-fa7f-4b92-8b30-65540e17b958/check]   | \tat org.gradle.launcher.daemon.server.DaemonStateCoordinator$1.run(DaemonStateCoordinator.java:295)\n[76ab4027-fa7f-4b92-8b30-65540e17b958/check]   | \tat org.gradle.internal.concurrent.ExecutorPolicy$CatchAndRecordFailures.onExecute(ExecutorPolicy.java:63)\n[76ab4027-fa7f-4b92-8b30-65540e17b958/check]   | \tat org.gradle.internal.concurrent.ManagedExecutorImpl$1.run(ManagedExecutorImpl.java:46)\n[76ab4027-fa7f-4b92-8b30-65540e17b958/check]   | \tat org.gradle.internal.concurrent.ThreadFactoryImpl$ManagedThreadRunnable.run(ThreadFactoryImpl.java:55)\n[76ab4027-fa7f-4b92-8b30-65540e17b958/check]   | Caused by: org.gradle.internal.event.ListenerNotificationException: Failed to notify project evaluation listener.\n[76ab4027-fa7f-4b92-8b30-65540e17b958/check]   | \tat org.gradle.internal.event.AbstractBroadcastDispatch.dispatch(AbstractBroadcastDispatch.java:86)\n[76ab4027-fa7f-4b92-8b30-65540e17b958/check]   | \tat org.gradle.internal.event.BroadcastDispatch$CompositeDispatch.dispatch(BroadcastDispatch.java:324)\n[76ab4027-fa7f-4b92-8b30-65540e17b958/check]   | \tat org.gradle.internal.event.BroadcastDispatch$CompositeDispatch.dispatch(BroadcastDispatch.java:234)\n[76ab4027-fa7f-4b92-8b30-65540e17b958/check]   | \tat org.gradle.internal.event.ListenerBroadcast.dispatch(ListenerBroadcast.java:140)\n[76ab4027-fa7f-4b92-8b30-65540e17b958/check]   | \tat org.gradle.internal.event.ListenerBroadcast.dispatch(ListenerBroadcast.java:37)\n[76ab4027-fa7f-4b92-8b30-65540e17b958/check]   | \tat org.gradle.internal.dispatch.ProxyDispatchAdapter$DispatchingInvocationHandler.invoke(ProxyDispatchAdapter.java:93)\n[76ab4027-fa7f-4b92-8b30-65540e17b958/check]   | \tat com.sun.proxy.$Proxy30.afterEvaluate(Unknown Source)\n[76ab4027-fa7f-4b92-8b30-65540e17b958/check]   | \tat org.gradle.configuration.project.LifecycleProjectEvaluator$NotifyAfterEvaluate$1.execute(LifecycleProjectEvaluator.java:187)\n[76ab4027-fa7f-4b92-8b30-65540e17b958/check]   | \tat org.gradle.configuration.project.LifecycleProjectEvaluator$NotifyAfterEvaluate$1.execute(LifecycleProjectEvaluator.java:184)\n[76ab4027-fa7f-4b92-8b30-65540e17b958/check]   | \tat org.gradle.api.internal.project.DefaultProject.stepEvaluationListener(DefaultProject.java:1418)\n[76ab4027-fa7f-4b92-8b30-65540e17b958/check]   | \tat org.gradle.configuration.project.LifecycleProjectEvaluator$NotifyAfterEvaluate.run(LifecycleProjectEvaluator.java:193)\n[76ab4027-fa7f-4b92-8b30-65540e17b958/check]   | \t... 91 more\n[76ab4027-fa7f-4b92-8b30-65540e17b958/check]   | Caused by: java.lang.RuntimeException: SDK location not found. Define location with sdk.dir in the local.properties file or with an ANDROID_HOME environment variable.\n[76ab4027-fa7f-4b92-8b30-65540e17b958/check]   | \tat com.android.build.gradle.internal.SdkHandler.checkAndGetSdkFolder(SdkHandler.java:273)\n[76ab4027-fa7f-4b92-8b30-65540e17b958/check]   | \tat com.android.build.gradle.internal.SdkHandler.getSdkLoader(SdkHandler.java:283)\n[76ab4027-fa7f-4b92-8b30-65540e17b958/check]   | \tat com.android.build.gradle.internal.SdkHandler.initTarget(SdkHandler.java:149)\n[76ab4027-fa7f-4b92-8b30-65540e17b958/check]   | \tat com.android.build.gradle.BasePlugin.ensureTargetSetup(BasePlugin.java:876)\n[76ab4027-fa7f-4b92-8b30-65540e17b958/check]   | \tat com.android.build.gradle.BasePlugin.createAndroidTasks(BasePlugin.java:722)\n[76ab4027-fa7f-4b92-8b30-65540e17b958/check]   | \tat com.android.builder.profile.ThreadRecorder.record(ThreadRecorder.java:81)\n[76ab4027-fa7f-4b92-8b30-65540e17b958/check]   | \tat com.android.build.gradle.BasePlugin.lambda$createTasks$4(BasePlugin.java:651)\n[76ab4027-fa7f-4b92-8b30-65540e17b958/check]   | \tat com.android.build.gradle.internal.crash.CrashReporting$afterEvaluate$1.execute(crash_reporting.kt:37)\n[76ab4027-fa7f-4b92-8b30-65540e17b958/check]   | \tat com.android.build.gradle.internal.crash.CrashReporting$afterEvaluate$1.execute(crash_reporting.kt)\n[76ab4027-fa7f-4b92-8b30-65540e17b958/check]   | \tat org.gradle.configuration.internal.DefaultListenerBuildOperationDecorator$BuildOperationEmittingAction$1$1.run(DefaultListenerBuildOperationDecorator.java:155)\n[76ab4027-fa7f-4b92-8b30-65540e17b958/check]   | \tat org.gradle.configuration.internal.DefaultUserCodeApplicationContext.reapply(DefaultUserCodeApplicationContext.java:58)\n[76ab4027-fa7f-4b92-8b30-65540e17b958/check]   | \tat org.gradle.configuration.internal.DefaultListenerBuildOperationDecorator$BuildOperationEmittingAction$1.run(DefaultListenerBuildOperationDecorator.java:152)\n[76ab4027-fa7f-4b92-8b30-65540e17b958/check]   | \tat org.gradle.internal.operations.DefaultBuildOperationExecutor$RunnableBuildOperationWorker.execute(DefaultBuildOperationExecutor.java:300)\n[76ab4027-fa7f-4b92-8b30-65540e17b958/check]   | \tat org.gradle.internal.operations.DefaultBuildOperationExecutor$RunnableBuildOperationWorker.execute(DefaultBuildOperationExecutor.java:292)\n[76ab4027-fa7f-4b92-8b30-65540e17b958/check]   | \tat org.gradle.internal.operations.DefaultBuildOperationExecutor.execute(DefaultBuildOperationExecutor.java:174)\n[76ab4027-fa7f-4b92-8b30-65540e17b958/check]   | \tat org.gradle.internal.operations.DefaultBuildOperationExecutor.run(DefaultBuildOperationExecutor.java:90)\n[76ab4027-fa7f-4b92-8b30-65540e17b958/check]   | \tat org.gradle.configuration.internal.DefaultListenerBuildOperationDecorator$BuildOperationEmittingAction.execute(DefaultListenerBuildOperationDecorator.java:149)\n[76ab4027-fa7f-4b92-8b30-65540e17b958/check]   | \tat org.gradle.internal.event.BroadcastDispatch$ActionInvocationHandler.dispatch(BroadcastDispatch.java:91)\n[76ab4027-fa7f-4b92-8b30-65540e17b958/check]   | \tat org.gradle.internal.event.BroadcastDispatch$ActionInvocationHandler.dispatch(BroadcastDispatch.java:80)\n[76ab4027-fa7f-4b92-8b30-65540e17b958/check]   | \tat org.gradle.internal.event.AbstractBroadcastDispatch.dispatch(AbstractBroadcastDispatch.java:42)\n[76ab4027-fa7f-4b92-8b30-65540e17b958/check]   | \tat org.gradle.internal.event.BroadcastDispatch$SingletonDispatch.dispatch(BroadcastDispatch.java:230)\n[76ab4027-fa7f-4b92-8b30-65540e17b958/check]   | \tat org.gradle.internal.event.BroadcastDispatch$SingletonDispatch.dispatch(BroadcastDispatch.java:149)\n[76ab4027-fa7f-4b92-8b30-65540e17b958/check]   | \tat org.gradle.internal.event.AbstractBroadcastDispatch.dispatch(AbstractBroadcastDispatch.java:58)\n[76ab4027-fa7f-4b92-8b30-65540e17b958/check]   | \t... 101 more\n[76ab4027-fa7f-4b92-8b30-65540e17b958/check]   | \n[76ab4027-fa7f-4b92-8b30-65540e17b958/check]   | \n[76ab4027-fa7f-4b92-8b30-65540e17b958/check]   | * Get more help at https://help.gradle.org\n[76ab4027-fa7f-4b92-8b30-65540e17b958/check]   | \n[76ab4027-fa7f-4b92-8b30-65540e17b958/check]   | BUILD FAILED in 28s\n[76ab4027-fa7f-4b92-8b30-65540e17b958/check]   | \n[76ab4027-fa7f-4b92-8b30-65540e17b958/check]   | Deprecated Gradle features were used in this build, making it incompatible with Gradle 5.0.\n[76ab4027-fa7f-4b92-8b30-65540e17b958/check]   | Use '--warning-mode all' to show the individual deprecation warnings.\n[76ab4027-fa7f-4b92-8b30-65540e17b958/check]   | See https://docs.gradle.org/4.10.1/userguide/command_line_interface.html#sec:command_line_warnings\n[76ab4027-fa7f-4b92-8b30-65540e17b958/check]   \u274c  Failure - Main Lint and Unit tests\n[76ab4027-fa7f-4b92-8b30-65540e17b958/check] exitcode '1': failure\n[76ab4027-fa7f-4b92-8b30-65540e17b958/check] \u2b50 Run Main Upload lint and test reports\n[76ab4027-fa7f-4b92-8b30-65540e17b958/check]   \ud83d\udc33  docker cp src=/tmp/act-cache/6b3db60d-081b-4da6-8e48-cabe9b22be1e/act/actions-upload-artifact@v2/ dst=/var/run/act/actions/actions-upload-artifact@v2/\n[76ab4027-fa7f-4b92-8b30-65540e17b958/check]   \ud83d\udc33  docker exec cmd=[chown -R 1012:1013 /var/run/act/actions/actions-upload-artifact@v2/] user=0 workdir=\n[76ab4027-fa7f-4b92-8b30-65540e17b958/check]   \ud83d\udc33  docker exec cmd=[node /var/run/act/actions/actions-upload-artifact@v2/dist/index.js] user= workdir=\n[76ab4027-fa7f-4b92-8b30-65540e17b958/check]   \ud83d\udcac  ::debug::followSymbolicLinks 'true'\n[76ab4027-fa7f-4b92-8b30-65540e17b958/check]   \ud83d\udcac  ::debug::implicitDescendants 'true'\n[76ab4027-fa7f-4b92-8b30-65540e17b958/check]   \ud83d\udcac  ::debug::omitBrokenSymbolicLinks 'true'\n[76ab4027-fa7f-4b92-8b30-65540e17b958/check]   \ud83d\udcac  ::debug::followSymbolicLinks 'true'\n[76ab4027-fa7f-4b92-8b30-65540e17b958/check]   \ud83d\udcac  ::debug::implicitDescendants 'true'\n[76ab4027-fa7f-4b92-8b30-65540e17b958/check]   \ud83d\udcac  ::debug::omitBrokenSymbolicLinks 'true'\n[76ab4027-fa7f-4b92-8b30-65540e17b958/check]   \ud83d\udcac  ::debug::Search path '/tmp/3d783ea4-1661-11ee-8a50-bb14de238602/uber-rides-android-sdk/core-android/build/reports'\n[76ab4027-fa7f-4b92-8b30-65540e17b958/check]   \ud83d\udcac  ::debug::Search path '/tmp/3d783ea4-1661-11ee-8a50-bb14de238602/uber-rides-android-sdk/rides-android/build/reports'\n[76ab4027-fa7f-4b92-8b30-65540e17b958/check]   | Multiple search paths detected. Calculating the least common ancestor of all paths\n[76ab4027-fa7f-4b92-8b30-65540e17b958/check]   \ud83d\udcac  ::debug::Using search path /tmp/3d783ea4-1661-11ee-8a50-bb14de238602/uber-rides-android-sdk/core-android/build/reports\n[76ab4027-fa7f-4b92-8b30-65540e17b958/check]   \ud83d\udcac  ::debug::Using search path /tmp/3d783ea4-1661-11ee-8a50-bb14de238602/uber-rides-android-sdk/rides-android/build/reports\n[76ab4027-fa7f-4b92-8b30-65540e17b958/check]   | The least common ancestor is /tmp/3d783ea4-1661-11ee-8a50-bb14de238602/uber-rides-android-sdk. This will be the root directory of the artifact\n[76ab4027-fa7f-4b92-8b30-65540e17b958/check]   \ud83d\udea7  ::warning::No files were found with the provided path: ./core-android/build/reports%0A./rides-android/build/reports. No artifacts will be uploaded.\n[76ab4027-fa7f-4b92-8b30-65540e17b958/check]   \u2705  Success - Main Upload lint and test reports\n[76ab4027-fa7f-4b92-8b30-65540e17b958/check] \u2b50 Run Post Install JDK\n[76ab4027-fa7f-4b92-8b30-65540e17b958/check]   \ud83d\udc33  docker exec cmd=[node /var/run/act/actions/actions-setup-java@v2/dist/cleanup/index.js] user= workdir=\n[76ab4027-fa7f-4b92-8b30-65540e17b958/check]   \u2705  Success - Post Install JDK\n[76ab4027-fa7f-4b92-8b30-65540e17b958/test ]   | \u2713 Found known Gradle Wrapper JAR files:\n[76ab4027-fa7f-4b92-8b30-65540e17b958/test ]   |   383f4efa709b52632a520708e8a07353961970941ab3867ab8ac182132ce1c54 gradle/wrapper/gradle-wrapper.jar\n[76ab4027-fa7f-4b92-8b30-65540e17b958/test ]   \u2705  Success - Main Gradle Wrapper Validation\n[76ab4027-fa7f-4b92-8b30-65540e17b958/test ] \u2b50 Run Main Install JDK\n[76ab4027-fa7f-4b92-8b30-65540e17b958/test ]   \ud83d\udc33  docker cp src=/tmp/act-cache/6b3db60d-081b-4da6-8e48-cabe9b22be1e/act/actions-setup-java@v2/ dst=/var/run/act/actions/actions-setup-java@v2/\n[76ab4027-fa7f-4b92-8b30-65540e17b958/test ]   \ud83d\udc33  docker exec cmd=[chown -R 1012:1013 /var/run/act/actions/actions-setup-java@v2/] user=0 workdir=\n[76ab4027-fa7f-4b92-8b30-65540e17b958/test ]   \ud83d\udc33  docker exec cmd=[node /var/run/act/actions/actions-setup-java@v2/dist/setup/index.js] user= workdir=\n[76ab4027-fa7f-4b92-8b30-65540e17b958/check] \ud83c\udfc1  Job failed\n[76ab4027-fa7f-4b92-8b30-65540e17b958/test ]   \ud83d\udcac  ::debug::isExplicit: 11.0.11-9\n[76ab4027-fa7f-4b92-8b30-65540e17b958/test ]   \ud83d\udcac  ::debug::explicit? true\n[76ab4027-fa7f-4b92-8b30-65540e17b958/test ]   \ud83d\udcac  ::debug::isExplicit: 8.0.292-1\n[76ab4027-fa7f-4b92-8b30-65540e17b958/test ]   \ud83d\udcac  ::debug::explicit? true\n[76ab4027-fa7f-4b92-8b30-65540e17b958/test ]   | Resolved Java 8.0.292+1 from tool-cache\n[76ab4027-fa7f-4b92-8b30-65540e17b958/test ]   | Setting Java 8.0.292+1 as the default\n[76ab4027-fa7f-4b92-8b30-65540e17b958/test ]   | \n[76ab4027-fa7f-4b92-8b30-65540e17b958/test ]   | Java configuration:\n[76ab4027-fa7f-4b92-8b30-65540e17b958/test ]   |   Distribution: adopt\n[76ab4027-fa7f-4b92-8b30-65540e17b958/test ]   |   Version: 8.0.292+1\n[76ab4027-fa7f-4b92-8b30-65540e17b958/test ]   |   Path: /opt/hostedtoolcache/Java_Adopt_jdk/8.0.292-1/x64\n[76ab4027-fa7f-4b92-8b30-65540e17b958/test ]   | \n[76ab4027-fa7f-4b92-8b30-65540e17b958/test ]   \u2753 add-matcher /run/act/actions/actions-setup-java@v2/.github/java.json\n[76ab4027-fa7f-4b92-8b30-65540e17b958/test ]   | Creating settings.xml with server-id: github\n[76ab4027-fa7f-4b92-8b30-65540e17b958/test ]   | Writing to /home/runneradmin/.m2/settings.xml\n[76ab4027-fa7f-4b92-8b30-65540e17b958/test ]   \u2705  Success - Main Install JDK\n[76ab4027-fa7f-4b92-8b30-65540e17b958/test ]   \u2699  ::set-env:: JAVA_HOME=/opt/hostedtoolcache/Java_Adopt_jdk/8.0.292-1/x64\n[76ab4027-fa7f-4b92-8b30-65540e17b958/test ]   \u2699  ::set-output:: version=8.0.292+1\n[76ab4027-fa7f-4b92-8b30-65540e17b958/test ]   \u2699  ::set-output:: distribution=Adopt-Hotspot\n[76ab4027-fa7f-4b92-8b30-65540e17b958/test ]   \u2699  ::set-output:: path=/opt/hostedtoolcache/Java_Adopt_jdk/8.0.292-1/x64\n[76ab4027-fa7f-4b92-8b30-65540e17b958/test ]   \u2699  ::add-path:: /opt/hostedtoolcache/Java_Adopt_jdk/8.0.292-1/x64/bin\n[76ab4027-fa7f-4b92-8b30-65540e17b958/test ] \u2b50 Run Main Emulator tests\n[76ab4027-fa7f-4b92-8b30-65540e17b958/test ]   \ud83d\udc33  docker cp src=/tmp/act-cache/6b3db60d-081b-4da6-8e48-cabe9b22be1e/act/reactivecircus-android-emulator-runner@v2/ dst=/var/run/act/actions/reactivecircus-android-emulator-runner@v2/\n[76ab4027-fa7f-4b92-8b30-65540e17b958/test ]   \ud83d\udc33  docker exec cmd=[chown -R 1012:1013 /var/run/act/actions/reactivecircus-android-emulator-runner@v2/] user=0 workdir=\n[76ab4027-fa7f-4b92-8b30-65540e17b958/test ]   \ud83d\udc33  docker exec cmd=[node /var/run/act/actions/reactivecircus-android-emulator-runner@v2/lib/main.js] user= workdir=\n[76ab4027-fa7f-4b92-8b30-65540e17b958/test ]   | You're running a Linux VM where hardware acceleration is not available. Please consider using a macOS VM instead to take advantage of native hardware acceleration support provided by HAXM.\n[76ab4027-fa7f-4b92-8b30-65540e17b958/test ]   \u2753  ::group::Configure emulator\n[76ab4027-fa7f-4b92-8b30-65540e17b958/test ]   | API level: 21\n[76ab4027-fa7f-4b92-8b30-65540e17b958/test ]   | target: google_apis\n[76ab4027-fa7f-4b92-8b30-65540e17b958/test ]   | CPU architecture: x86\n[76ab4027-fa7f-4b92-8b30-65540e17b958/test ]   | Hardware profile: \n[76ab4027-fa7f-4b92-8b30-65540e17b958/test ]   | Cores: 2\n[76ab4027-fa7f-4b92-8b30-65540e17b958/test ]   | RAM size: \n[76ab4027-fa7f-4b92-8b30-65540e17b958/test ]   | Heap size: \n[76ab4027-fa7f-4b92-8b30-65540e17b958/test ]   | SD card path or size: \n[76ab4027-fa7f-4b92-8b30-65540e17b958/test ]   | Disk size: \n[76ab4027-fa7f-4b92-8b30-65540e17b958/test ]   | AVD name: test\n[76ab4027-fa7f-4b92-8b30-65540e17b958/test ]   | force avd creation: true\n[76ab4027-fa7f-4b92-8b30-65540e17b958/test ]   | Emulator boot timeout: 600\n[76ab4027-fa7f-4b92-8b30-65540e17b958/test ]   | emulator options: -no-window -gpu swiftshader_indirect -no-snapshot -noaudio -no-boot-anim\n[76ab4027-fa7f-4b92-8b30-65540e17b958/test ]   | disable animations: true\n[76ab4027-fa7f-4b92-8b30-65540e17b958/test ]   | disable spellchecker: false\n[76ab4027-fa7f-4b92-8b30-65540e17b958/test ]   | disable Linux hardware acceleration: true\n[76ab4027-fa7f-4b92-8b30-65540e17b958/test ]   | enable hardware keyboard: false\n[76ab4027-fa7f-4b92-8b30-65540e17b958/test ]   | Channel: 0 (stable)\n[76ab4027-fa7f-4b92-8b30-65540e17b958/test ]   | Script:\n[76ab4027-fa7f-4b92-8b30-65540e17b958/test ]   | ./gradlew connectedCheck --stacktrace\n[76ab4027-fa7f-4b92-8b30-65540e17b958/test ]   | Pre emulator launch script:\n[76ab4027-fa7f-4b92-8b30-65540e17b958/test ]   \u2753  ::endgroup::\n[76ab4027-fa7f-4b92-8b30-65540e17b958/test ]   \u2753  ::group::Install Android SDK\n[76ab4027-fa7f-4b92-8b30-65540e17b958/test ]   | [command]/usr/bin/sh -c \\sudo chown $USER:$USER undefined -R\n[76ab4027-fa7f-4b92-8b30-65540e17b958/test ]   | chown: cannot access 'undefined': No such file or directory\n[76ab4027-fa7f-4b92-8b30-65540e17b958/test ]   \u2753  ::endgroup::\n[76ab4027-fa7f-4b92-8b30-65540e17b958/test ]   \u2753  ::group::Terminate Emulator\n[76ab4027-fa7f-4b92-8b30-65540e17b958/test ]   | Unable to locate executable file: adb. Please verify either the file path exists or the file can be found within a directory specified by the PATH environment variable. Also check the file mode to verify the file is executable.\n[76ab4027-fa7f-4b92-8b30-65540e17b958/test ]   \u2753  ::endgroup::\n[76ab4027-fa7f-4b92-8b30-65540e17b958/test ]   \u2757  ::error::The process '/usr/bin/sh' failed with exit code 1\n[76ab4027-fa7f-4b92-8b30-65540e17b958/test ]   \u274c  Failure - Main Emulator tests\n[76ab4027-fa7f-4b92-8b30-65540e17b958/test ] exitcode '1': failure\n[76ab4027-fa7f-4b92-8b30-65540e17b958/test ] \u2b50 Run Main Upload instrumented test reports\n[76ab4027-fa7f-4b92-8b30-65540e17b958/test ]   \ud83d\udc33  docker cp src=/tmp/act-cache/6b3db60d-081b-4da6-8e48-cabe9b22be1e/act/actions-upload-artifact@v2/ dst=/var/run/act/actions/actions-upload-artifact@v2/\n[76ab4027-fa7f-4b92-8b30-65540e17b958/test ]   \ud83d\udc33  docker exec cmd=[chown -R 1012:1013 /var/run/act/actions/actions-upload-artifact@v2/] user=0 workdir=\n[76ab4027-fa7f-4b92-8b30-65540e17b958/test ]   \ud83d\udc33  docker exec cmd=[node /var/run/act/actions/actions-upload-artifact@v2/dist/index.js] user= workdir=\n[76ab4027-fa7f-4b92-8b30-65540e17b958/test ]   \ud83d\udcac  ::debug::followSymbolicLinks 'true'\n[76ab4027-fa7f-4b92-8b30-65540e17b958/test ]   \ud83d\udcac  ::debug::implicitDescendants 'true'\n[76ab4027-fa7f-4b92-8b30-65540e17b958/test ]   \ud83d\udcac  ::debug::omitBrokenSymbolicLinks 'true'\n[76ab4027-fa7f-4b92-8b30-65540e17b958/test ]   \ud83d\udcac  ::debug::followSymbolicLinks 'true'\n[76ab4027-fa7f-4b92-8b30-65540e17b958/test ]   \ud83d\udcac  ::debug::implicitDescendants 'true'\n[76ab4027-fa7f-4b92-8b30-65540e17b958/test ]   \ud83d\udcac  ::debug::omitBrokenSymbolicLinks 'true'\n[76ab4027-fa7f-4b92-8b30-65540e17b958/test ]   \ud83d\udcac  ::debug::Search path '/tmp/3d783ea4-1661-11ee-8a50-bb14de238602/uber-rides-android-sdk/core-android/build/reports'\n[76ab4027-fa7f-4b92-8b30-65540e17b958/test ]   \ud83d\udcac  ::debug::Search path '/tmp/3d783ea4-1661-11ee-8a50-bb14de238602/uber-rides-android-sdk/rides-android/build/reports'\n[76ab4027-fa7f-4b92-8b30-65540e17b958/test ]   | Multiple search paths detected. Calculating the least common ancestor of all paths\n[76ab4027-fa7f-4b92-8b30-65540e17b958/test ]   \ud83d\udcac  ::debug::Using search path /tmp/3d783ea4-1661-11ee-8a50-bb14de238602/uber-rides-android-sdk/core-android/build/reports\n[76ab4027-fa7f-4b92-8b30-65540e17b958/test ]   \ud83d\udcac  ::debug::Using search path /tmp/3d783ea4-1661-11ee-8a50-bb14de238602/uber-rides-android-sdk/rides-android/build/reports\n[76ab4027-fa7f-4b92-8b30-65540e17b958/test ]   | The least common ancestor is /tmp/3d783ea4-1661-11ee-8a50-bb14de238602/uber-rides-android-sdk. This will be the root directory of the artifact\n[76ab4027-fa7f-4b92-8b30-65540e17b958/test ]   \ud83d\udea7  ::warning::No files were found with the provided path: ./core-android/build/reports%0A./rides-android/build/reports. No artifacts will be uploaded.\n[76ab4027-fa7f-4b92-8b30-65540e17b958/test ]   \u2705  Success - Main Upload instrumented test reports\n[76ab4027-fa7f-4b92-8b30-65540e17b958/test ] \u2b50 Run Post Install JDK\n[76ab4027-fa7f-4b92-8b30-65540e17b958/test ]   \ud83d\udc33  docker exec cmd=[node /var/run/act/actions/actions-setup-java@v2/dist/cleanup/index.js] user= workdir=\n[76ab4027-fa7f-4b92-8b30-65540e17b958/test ]   \u2705  Success - Post Install JDK\n[76ab4027-fa7f-4b92-8b30-65540e17b958/test ] \ud83c\udfc1  Job failed\n",
        "stderr": "Error: Job 'test' failed\n",
        "workflow": "/tmp/3d783ea4-1661-11ee-8a50-bb14de238602/uber-rides-android-sdk/.github/workflows/build-crawler.yml",
        "build_tool": "gradle",
        "elapsed_time": 157.11978960037231
    }
}