{
    "repository": "unnamed/hephaestus-engine",
    "stars": 125,
    "language": "java",
    "size": 1754,
    "clone_url": "https://github.com/unnamed/hephaestus-engine.git",
    "timestamp": "2023-06-29T15:05:27.808168Z",
    "clone_success": true,
    "number_of_actions": 1,
    "number_of_test_actions": 1,
    "actions_successful": false,
    "actions_build_tools": [
        "gradle"
    ],
    "actions_test_build_tools": [
        "gradle"
    ],
    "actions_run": {
        "failed": true,
        "tests": [],
        "stdout": "[5e1478b9-3ce9-4c66-98a8-2843354e5751/build] \ud83d\ude80  Start image=crawlergpt:latest\n[5e1478b9-3ce9-4c66-98a8-2843354e5751/build]   \ud83d\udc33  docker pull image=crawlergpt:latest platform= username= forcePull=false\n[5e1478b9-3ce9-4c66-98a8-2843354e5751/build]   \ud83d\udc33  docker create image=crawlergpt:latest platform= entrypoint=[\"tail\" \"-f\" \"/dev/null\"] cmd=[]\n[5e1478b9-3ce9-4c66-98a8-2843354e5751/build]   \ud83d\udc33  docker run image=crawlergpt:latest platform= entrypoint=[\"tail\" \"-f\" \"/dev/null\"] cmd=[]\n[5e1478b9-3ce9-4c66-98a8-2843354e5751/build]   \ud83d\udc33  docker exec cmd=[chown -R 1012:1013 /tmp/3d783ea4-1661-11ee-8a50-bb14de238602/unnamed-hephaestus-engine] user=0 workdir=\n[5e1478b9-3ce9-4c66-98a8-2843354e5751/build]   \u2601  git clone 'https://github.com/actions/setup-java' # ref=v1\n[5e1478b9-3ce9-4c66-98a8-2843354e5751/build] \u2b50 Run Main checkout repo\n[5e1478b9-3ce9-4c66-98a8-2843354e5751/build]   \u2705  Success - Main checkout repo\n[5e1478b9-3ce9-4c66-98a8-2843354e5751/build] \u2b50 Run Main setup JDK\n[5e1478b9-3ce9-4c66-98a8-2843354e5751/build]   \ud83d\udc33  docker cp src=/tmp/act-cache/4b4a8769-08ba-4e4a-8c7a-02d048fda05b/act/actions-setup-java@v1/ dst=/var/run/act/actions/actions-setup-java@v1/\n[5e1478b9-3ce9-4c66-98a8-2843354e5751/build]   \ud83d\udc33  docker exec cmd=[chown -R 1012:1013 /var/run/act/actions/actions-setup-java@v1/] user=0 workdir=\n[5e1478b9-3ce9-4c66-98a8-2843354e5751/build]   \ud83d\udc33  docker exec cmd=[node /var/run/act/actions/actions-setup-java@v1/dist/setup/index.js] user= workdir=\n[5e1478b9-3ce9-4c66-98a8-2843354e5751/build]   \ud83d\udcac  ::debug::isExplicit: \n[5e1478b9-3ce9-4c66-98a8-2843354e5751/build]   \ud83d\udcac  ::debug::explicit? false\n[5e1478b9-3ce9-4c66-98a8-2843354e5751/build]   \ud83d\udcac  ::debug::evaluating 0 versions\n[5e1478b9-3ce9-4c66-98a8-2843354e5751/build]   \ud83d\udcac  ::debug::match not found\n[5e1478b9-3ce9-4c66-98a8-2843354e5751/build]   \ud83d\udcac  ::debug::Downloading JDK from Azul\n[5e1478b9-3ce9-4c66-98a8-2843354e5751/build]   \ud83d\udcac  ::debug::Searching for files with extension: -linux_x64.tar.gz\n[5e1478b9-3ce9-4c66-98a8-2843354e5751/build]   \ud83d\udcac  ::debug::Downloading https://static.azul.com/zulu/bin/zulu17.42.21-ca-crac-jdk17.0.7-linux_x64.tar.gz\n[5e1478b9-3ce9-4c66-98a8-2843354e5751/build]   \ud83d\udcac  ::debug::Downloading /tmp/6e081569-9c35-4bd9-8bfc-b4d2550f1b8b\n[5e1478b9-3ce9-4c66-98a8-2843354e5751/build]   \ud83d\udcac  ::debug::download complete\n[5e1478b9-3ce9-4c66-98a8-2843354e5751/build]   | [command]/usr/bin/tar --version\n[5e1478b9-3ce9-4c66-98a8-2843354e5751/build]   | tar (GNU tar) 1.30\n[5e1478b9-3ce9-4c66-98a8-2843354e5751/build]   | Copyright (C) 2017 Free Software Foundation, Inc.\n[5e1478b9-3ce9-4c66-98a8-2843354e5751/build]   | License GPLv3+: GNU GPL version 3 or later <https://gnu.org/licenses/gpl.html>.\n[5e1478b9-3ce9-4c66-98a8-2843354e5751/build]   | This is free software: you are free to change and redistribute it.\n[5e1478b9-3ce9-4c66-98a8-2843354e5751/build]   | There is NO WARRANTY, to the extent permitted by law.\n[5e1478b9-3ce9-4c66-98a8-2843354e5751/build]   | \n[5e1478b9-3ce9-4c66-98a8-2843354e5751/build]   | Written by John Gilmore and Jay Fenlason.\n[5e1478b9-3ce9-4c66-98a8-2843354e5751/build]   | [command]/usr/bin/tar xz --warning=no-unknown-keyword -C /tmp/temp_766763369 -f /tmp/6e081569-9c35-4bd9-8bfc-b4d2550f1b8b\n[5e1478b9-3ce9-4c66-98a8-2843354e5751/build]   \ud83d\udcac  ::debug::jdk extracted to /tmp/temp_766763369/zulu17.42.21-ca-crac-jdk17.0.7-linux_x64\n[5e1478b9-3ce9-4c66-98a8-2843354e5751/build]   \ud83d\udcac  ::debug::Caching tool jdk 17.0.7 x64\n[5e1478b9-3ce9-4c66-98a8-2843354e5751/build]   \ud83d\udcac  ::debug::source dir: /tmp/temp_766763369/zulu17.42.21-ca-crac-jdk17.0.7-linux_x64\n[5e1478b9-3ce9-4c66-98a8-2843354e5751/build]   \ud83d\udcac  ::debug::destination /opt/hostedtoolcache/jdk/17.0.7/x64\n[5e1478b9-3ce9-4c66-98a8-2843354e5751/build]   \ud83d\udcac  ::debug::finished caching tool\n[5e1478b9-3ce9-4c66-98a8-2843354e5751/build]   \u2753 add-matcher /run/act/actions/actions-setup-java@v1/.github/java.json\n[5e1478b9-3ce9-4c66-98a8-2843354e5751/build]   | creating settings.xml with server-id: github; environment variables: username=$GITHUB_ACTOR, password=$GITHUB_TOKEN, and gpg-passphrase=null\n[5e1478b9-3ce9-4c66-98a8-2843354e5751/build]   \ud83d\udcac  ::debug::created directory /home/runneradmin/.m2\n[5e1478b9-3ce9-4c66-98a8-2843354e5751/build]   | writing /home/runneradmin/.m2/settings.xml\n[5e1478b9-3ce9-4c66-98a8-2843354e5751/build]   \u2705  Success - Main setup JDK\n[5e1478b9-3ce9-4c66-98a8-2843354e5751/build]   \u2699  ::set-env:: JAVA_HOME_17.0.7_x64=/opt/hostedtoolcache/jdk/17.0.7/x64\n[5e1478b9-3ce9-4c66-98a8-2843354e5751/build]   \u2699  ::set-env:: JAVA_HOME=/opt/hostedtoolcache/jdk/17.0.7/x64\n[5e1478b9-3ce9-4c66-98a8-2843354e5751/build]   \u2699  ::set-env:: JAVA_HOME_17_0_7_X64=/opt/hostedtoolcache/jdk/17.0.7/x64\n[5e1478b9-3ce9-4c66-98a8-2843354e5751/build]   \u2699  ::set-output:: version=17.0.7\n[5e1478b9-3ce9-4c66-98a8-2843354e5751/build]   \u2699  ::set-output:: path=/opt/hostedtoolcache/jdk/17.0.7/x64\n[5e1478b9-3ce9-4c66-98a8-2843354e5751/build]   \u2699  ::add-path:: /opt/hostedtoolcache/jdk/17.0.7/x64/bin\n[5e1478b9-3ce9-4c66-98a8-2843354e5751/build] \u2b50 Run Main build\n[5e1478b9-3ce9-4c66-98a8-2843354e5751/build]   \ud83d\udc33  docker exec cmd=[bash --noprofile --norc -e -o pipefail /var/run/act/workflow/2] user= workdir=\n[5e1478b9-3ce9-4c66-98a8-2843354e5751/build]   | Downloading https://services.gradle.org/distributions/gradle-7.4-bin.zip\n[5e1478b9-3ce9-4c66-98a8-2843354e5751/build]   | ...........10%...........20%...........30%...........40%...........50%...........60%...........70%...........80%...........90%...........100%\n[5e1478b9-3ce9-4c66-98a8-2843354e5751/build]   | \n[5e1478b9-3ce9-4c66-98a8-2843354e5751/build]   | Welcome to Gradle 7.4!\n[5e1478b9-3ce9-4c66-98a8-2843354e5751/build]   | \n[5e1478b9-3ce9-4c66-98a8-2843354e5751/build]   | Here are the highlights of this release:\n[5e1478b9-3ce9-4c66-98a8-2843354e5751/build]   |  - Aggregated test and JaCoCo reports\n[5e1478b9-3ce9-4c66-98a8-2843354e5751/build]   |  - Marking additional test source directories as tests in IntelliJ\n[5e1478b9-3ce9-4c66-98a8-2843354e5751/build]   |  - Support for Adoptium JDKs in Java toolchains\n[5e1478b9-3ce9-4c66-98a8-2843354e5751/build]   | \n[5e1478b9-3ce9-4c66-98a8-2843354e5751/build]   | For more details see https://docs.gradle.org/7.4/release-notes.html\n[5e1478b9-3ce9-4c66-98a8-2843354e5751/build]   | \n[5e1478b9-3ce9-4c66-98a8-2843354e5751/build]   | Starting a Gradle Daemon (subsequent builds will be faster)\n[5e1478b9-3ce9-4c66-98a8-2843354e5751/build]   | Type-safe dependency accessors is an incubating feature.\n[5e1478b9-3ce9-4c66-98a8-2843354e5751/build]   | > Task :buildSrc:generateExternalPluginSpecBuilders\n[5e1478b9-3ce9-4c66-98a8-2843354e5751/build]   | > Task :buildSrc:extractPrecompiledScriptPluginPlugins\n[5e1478b9-3ce9-4c66-98a8-2843354e5751/build]   | > Task :buildSrc:compilePluginsBlocks\n[5e1478b9-3ce9-4c66-98a8-2843354e5751/build]   | > Task :buildSrc:generatePrecompiledScriptPluginAccessors\n[5e1478b9-3ce9-4c66-98a8-2843354e5751/build]   | > Task :buildSrc:generateScriptPluginAdapters\n[5e1478b9-3ce9-4c66-98a8-2843354e5751/build]   | \n[5e1478b9-3ce9-4c66-98a8-2843354e5751/build]   | > Task :buildSrc:compileKotlin\n[5e1478b9-3ce9-4c66-98a8-2843354e5751/build]   | 'compileJava' task (current target is 17) and 'compileKotlin' task (current target is 1.8) jvm target compatibility should be set to the same Java version.\n[5e1478b9-3ce9-4c66-98a8-2843354e5751/build]   | \n[5e1478b9-3ce9-4c66-98a8-2843354e5751/build]   | > Task :buildSrc:compileJava NO-SOURCE\n[5e1478b9-3ce9-4c66-98a8-2843354e5751/build]   | > Task :buildSrc:compileGroovy NO-SOURCE\n[5e1478b9-3ce9-4c66-98a8-2843354e5751/build]   | > Task :buildSrc:pluginDescriptors\n[5e1478b9-3ce9-4c66-98a8-2843354e5751/build]   | > Task :buildSrc:processResources\n[5e1478b9-3ce9-4c66-98a8-2843354e5751/build]   | > Task :buildSrc:classes\n[5e1478b9-3ce9-4c66-98a8-2843354e5751/build]   | > Task :buildSrc:inspectClassesForKotlinIC\n[5e1478b9-3ce9-4c66-98a8-2843354e5751/build]   | > Task :buildSrc:jar\n[5e1478b9-3ce9-4c66-98a8-2843354e5751/build]   | > Task :buildSrc:assemble\n[5e1478b9-3ce9-4c66-98a8-2843354e5751/build]   | > Task :buildSrc:compileTestKotlin NO-SOURCE\n[5e1478b9-3ce9-4c66-98a8-2843354e5751/build]   | > Task :buildSrc:pluginUnderTestMetadata\n[5e1478b9-3ce9-4c66-98a8-2843354e5751/build]   | > Task :buildSrc:compileTestJava NO-SOURCE\n[5e1478b9-3ce9-4c66-98a8-2843354e5751/build]   | > Task :buildSrc:compileTestGroovy NO-SOURCE\n[5e1478b9-3ce9-4c66-98a8-2843354e5751/build]   | > Task :buildSrc:processTestResources NO-SOURCE\n[5e1478b9-3ce9-4c66-98a8-2843354e5751/build]   | > Task :buildSrc:testClasses UP-TO-DATE\n[5e1478b9-3ce9-4c66-98a8-2843354e5751/build]   | > Task :buildSrc:test NO-SOURCE\n[5e1478b9-3ce9-4c66-98a8-2843354e5751/build]   | > Task :buildSrc:validatePlugins\n[5e1478b9-3ce9-4c66-98a8-2843354e5751/build]   | > Task :buildSrc:check\n[5e1478b9-3ce9-4c66-98a8-2843354e5751/build]   | > Task :buildSrc:build\n[5e1478b9-3ce9-4c66-98a8-2843354e5751/build]   | > Task :hephaestus-api:compileJava\n[5e1478b9-3ce9-4c66-98a8-2843354e5751/build]   | > Task :hephaestus-api:processResources NO-SOURCE\n[5e1478b9-3ce9-4c66-98a8-2843354e5751/build]   | > Task :hephaestus-api:classes\n[5e1478b9-3ce9-4c66-98a8-2843354e5751/build]   | > Task :hephaestus-api:jar\n[5e1478b9-3ce9-4c66-98a8-2843354e5751/build]   | > Task :hephaestus-api:assemble\n[5e1478b9-3ce9-4c66-98a8-2843354e5751/build]   | > Task :hephaestus-api:compileTestJava\n[5e1478b9-3ce9-4c66-98a8-2843354e5751/build]   | > Task :hephaestus-api:processTestResources NO-SOURCE\n[5e1478b9-3ce9-4c66-98a8-2843354e5751/build]   | > Task :hephaestus-api:testClasses\n[5e1478b9-3ce9-4c66-98a8-2843354e5751/build]   | > Task :hephaestus-api:test\n[5e1478b9-3ce9-4c66-98a8-2843354e5751/build]   | > Task :hephaestus-api:check\n[5e1478b9-3ce9-4c66-98a8-2843354e5751/build]   | > Task :hephaestus-api:build\n[5e1478b9-3ce9-4c66-98a8-2843354e5751/build]   | > Task :hephaestus-reader-blockbench:compileJava\n[5e1478b9-3ce9-4c66-98a8-2843354e5751/build]   | > Task :hephaestus-reader-blockbench:processResources NO-SOURCE\n[5e1478b9-3ce9-4c66-98a8-2843354e5751/build]   | > Task :hephaestus-reader-blockbench:classes\n[5e1478b9-3ce9-4c66-98a8-2843354e5751/build]   | > Task :hephaestus-reader-blockbench:jar\n[5e1478b9-3ce9-4c66-98a8-2843354e5751/build]   | > Task :hephaestus-reader-blockbench:assemble\n[5e1478b9-3ce9-4c66-98a8-2843354e5751/build]   | > Task :hephaestus-reader-blockbench:compileTestJava\n[5e1478b9-3ce9-4c66-98a8-2843354e5751/build]   | > Task :hephaestus-reader-blockbench:processTestResources\n[5e1478b9-3ce9-4c66-98a8-2843354e5751/build]   | > Task :hephaestus-reader-blockbench:testClasses\n[5e1478b9-3ce9-4c66-98a8-2843354e5751/build]   | > Task :hephaestus-reader-blockbench:test\n[5e1478b9-3ce9-4c66-98a8-2843354e5751/build]   | > Task :hephaestus-reader-blockbench:check\n[5e1478b9-3ce9-4c66-98a8-2843354e5751/build]   | > Task :hephaestus-reader-blockbench:build\n[5e1478b9-3ce9-4c66-98a8-2843354e5751/build]   | > Task :hephaestus-runtime-bukkit-api:compileJava\n[5e1478b9-3ce9-4c66-98a8-2843354e5751/build]   | > Task :hephaestus-runtime-bukkit-api:processResources NO-SOURCE\n[5e1478b9-3ce9-4c66-98a8-2843354e5751/build]   | > Task :hephaestus-runtime-bukkit-api:classes\n[5e1478b9-3ce9-4c66-98a8-2843354e5751/build]   | > Task :hephaestus-runtime-bukkit-api:jar\n[5e1478b9-3ce9-4c66-98a8-2843354e5751/build]   | > Task :hephaestus-runtime-bukkit-api:assemble\n[5e1478b9-3ce9-4c66-98a8-2843354e5751/build]   | > Task :hephaestus-runtime-bukkit-api:compileTestJava NO-SOURCE\n[5e1478b9-3ce9-4c66-98a8-2843354e5751/build]   | > Task :hephaestus-runtime-bukkit-api:processTestResources NO-SOURCE\n[5e1478b9-3ce9-4c66-98a8-2843354e5751/build]   | > Task :hephaestus-runtime-bukkit-api:testClasses UP-TO-DATE\n[5e1478b9-3ce9-4c66-98a8-2843354e5751/build]   | > Task :hephaestus-runtime-bukkit-api:test NO-SOURCE\n[5e1478b9-3ce9-4c66-98a8-2843354e5751/build]   | > Task :hephaestus-runtime-bukkit-api:check UP-TO-DATE\n[5e1478b9-3ce9-4c66-98a8-2843354e5751/build]   | > Task :hephaestus-runtime-bukkit-api:build\n[5e1478b9-3ce9-4c66-98a8-2843354e5751/build]   | > Task :hephaestus-runtime-minestom:compileJava\n[5e1478b9-3ce9-4c66-98a8-2843354e5751/build]   | > Task :hephaestus-runtime-minestom:processResources NO-SOURCE\n[5e1478b9-3ce9-4c66-98a8-2843354e5751/build]   | > Task :hephaestus-runtime-minestom:classes\n[5e1478b9-3ce9-4c66-98a8-2843354e5751/build]   | > Task :hephaestus-runtime-minestom:jar\n[5e1478b9-3ce9-4c66-98a8-2843354e5751/build]   | > Task :hephaestus-runtime-minestom:assemble\n[5e1478b9-3ce9-4c66-98a8-2843354e5751/build]   | > Task :hephaestus-runtime-minestom:compileTestJava\n[5e1478b9-3ce9-4c66-98a8-2843354e5751/build]   | > Task :hephaestus-runtime-minestom:processTestResources\n[5e1478b9-3ce9-4c66-98a8-2843354e5751/build]   | > Task :hephaestus-runtime-minestom:testClasses\n[5e1478b9-3ce9-4c66-98a8-2843354e5751/build]   | > Task :hephaestus-runtime-minestom:test\n[5e1478b9-3ce9-4c66-98a8-2843354e5751/build]   | > Task :hephaestus-runtime-minestom:check\n[5e1478b9-3ce9-4c66-98a8-2843354e5751/build]   | > Task :hephaestus-runtime-minestom:build\n[5e1478b9-3ce9-4c66-98a8-2843354e5751/build]   | \n[5e1478b9-3ce9-4c66-98a8-2843354e5751/build]   | BUILD SUCCESSFUL in 2m 23s\n[5e1478b9-3ce9-4c66-98a8-2843354e5751/build]   | 28 actionable tasks: 28 executed\n[5e1478b9-3ce9-4c66-98a8-2843354e5751/build]   \u2705  Success - Main build\n[5e1478b9-3ce9-4c66-98a8-2843354e5751/build] \u2b50 Run Main publish\n[5e1478b9-3ce9-4c66-98a8-2843354e5751/build]   \ud83d\udc33  docker exec cmd=[bash --noprofile --norc -e -o pipefail /var/run/act/workflow/3] user= workdir=\n[5e1478b9-3ce9-4c66-98a8-2843354e5751/build]   | Type-safe dependency accessors is an incubating feature.\n[5e1478b9-3ce9-4c66-98a8-2843354e5751/build]   | > Task :buildSrc:generateExternalPluginSpecBuilders UP-TO-DATE\n[5e1478b9-3ce9-4c66-98a8-2843354e5751/build]   | > Task :buildSrc:extractPrecompiledScriptPluginPlugins UP-TO-DATE\n[5e1478b9-3ce9-4c66-98a8-2843354e5751/build]   | > Task :buildSrc:compilePluginsBlocks UP-TO-DATE\n[5e1478b9-3ce9-4c66-98a8-2843354e5751/build]   | > Task :buildSrc:generatePrecompiledScriptPluginAccessors UP-TO-DATE\n[5e1478b9-3ce9-4c66-98a8-2843354e5751/build]   | > Task :buildSrc:generateScriptPluginAdapters UP-TO-DATE\n[5e1478b9-3ce9-4c66-98a8-2843354e5751/build]   | > Task :buildSrc:compileKotlin UP-TO-DATE\n[5e1478b9-3ce9-4c66-98a8-2843354e5751/build]   | > Task :buildSrc:compileJava NO-SOURCE\n[5e1478b9-3ce9-4c66-98a8-2843354e5751/build]   | > Task :buildSrc:compileGroovy NO-SOURCE\n[5e1478b9-3ce9-4c66-98a8-2843354e5751/build]   | > Task :buildSrc:pluginDescriptors UP-TO-DATE\n[5e1478b9-3ce9-4c66-98a8-2843354e5751/build]   | > Task :buildSrc:processResources UP-TO-DATE\n[5e1478b9-3ce9-4c66-98a8-2843354e5751/build]   | > Task :buildSrc:classes UP-TO-DATE\n[5e1478b9-3ce9-4c66-98a8-2843354e5751/build]   | > Task :buildSrc:inspectClassesForKotlinIC UP-TO-DATE\n[5e1478b9-3ce9-4c66-98a8-2843354e5751/build]   | > Task :buildSrc:jar UP-TO-DATE\n[5e1478b9-3ce9-4c66-98a8-2843354e5751/build]   | > Task :buildSrc:assemble UP-TO-DATE\n[5e1478b9-3ce9-4c66-98a8-2843354e5751/build]   | > Task :buildSrc:compileTestKotlin NO-SOURCE\n[5e1478b9-3ce9-4c66-98a8-2843354e5751/build]   | > Task :buildSrc:pluginUnderTestMetadata UP-TO-DATE\n[5e1478b9-3ce9-4c66-98a8-2843354e5751/build]   | > Task :buildSrc:compileTestJava NO-SOURCE\n[5e1478b9-3ce9-4c66-98a8-2843354e5751/build]   | > Task :buildSrc:compileTestGroovy NO-SOURCE\n[5e1478b9-3ce9-4c66-98a8-2843354e5751/build]   | > Task :buildSrc:processTestResources NO-SOURCE\n[5e1478b9-3ce9-4c66-98a8-2843354e5751/build]   | > Task :buildSrc:testClasses UP-TO-DATE\n[5e1478b9-3ce9-4c66-98a8-2843354e5751/build]   | > Task :buildSrc:test NO-SOURCE\n[5e1478b9-3ce9-4c66-98a8-2843354e5751/build]   | > Task :buildSrc:validatePlugins UP-TO-DATE\n[5e1478b9-3ce9-4c66-98a8-2843354e5751/build]   | > Task :buildSrc:check UP-TO-DATE\n[5e1478b9-3ce9-4c66-98a8-2843354e5751/build]   | > Task :buildSrc:build UP-TO-DATE\n[5e1478b9-3ce9-4c66-98a8-2843354e5751/build]   | > Task :hephaestus-api:compileJava UP-TO-DATE\n[5e1478b9-3ce9-4c66-98a8-2843354e5751/build]   | > Task :hephaestus-api:processResources NO-SOURCE\n[5e1478b9-3ce9-4c66-98a8-2843354e5751/build]   | > Task :hephaestus-api:classes UP-TO-DATE\n[5e1478b9-3ce9-4c66-98a8-2843354e5751/build]   | > Task :hephaestus-api:jar UP-TO-DATE\n[5e1478b9-3ce9-4c66-98a8-2843354e5751/build]   | > Task :hephaestus-api:generateMetadataFileForMavenPublication\n[5e1478b9-3ce9-4c66-98a8-2843354e5751/build]   | > Task :hephaestus-api:generatePomFileForMavenPublication\n[5e1478b9-3ce9-4c66-98a8-2843354e5751/build]   | > Task :hephaestus-api:publishMavenPublicationToUnnamedRepositoryRepository FAILED\n[5e1478b9-3ce9-4c66-98a8-2843354e5751/build]   | \n[5e1478b9-3ce9-4c66-98a8-2843354e5751/build]   | FAILURE: Build failed with an exception.\n[5e1478b9-3ce9-4c66-98a8-2843354e5751/build]   | \n[5e1478b9-3ce9-4c66-98a8-2843354e5751/build]   | * What went wrong:\n[5e1478b9-3ce9-4c66-98a8-2843354e5751/build]   | Execution failed for task ':hephaestus-api:publishMavenPublicationToUnnamedRepositoryRepository'.\n[5e1478b9-3ce9-4c66-98a8-2843354e5751/build]   | > Failed to publish publication 'maven' to repository 'unnamedRepository'\n[5e1478b9-3ce9-4c66-98a8-2843354e5751/build]   |    > Could not PUT 'https://repo.unnamed.team/repository/unnamed-snapshots/team/unnamed/hephaestus-api/0.5.0-dev-SNAPSHOT/maven-metadata.xml'. Received status code 401 from server: Unauthorized\n[5e1478b9-3ce9-4c66-98a8-2843354e5751/build]   | \n[5e1478b9-3ce9-4c66-98a8-2843354e5751/build]   | * Try:\n[5e1478b9-3ce9-4c66-98a8-2843354e5751/build]   | > Run with --stacktrace option to get the stack trace.\n[5e1478b9-3ce9-4c66-98a8-2843354e5751/build]   | > Run with --info or --debug option to get more log output.\n[5e1478b9-3ce9-4c66-98a8-2843354e5751/build]   | > Run with --scan to get full insights.\n[5e1478b9-3ce9-4c66-98a8-2843354e5751/build]   | \n[5e1478b9-3ce9-4c66-98a8-2843354e5751/build]   | * Get more help at https://help.gradle.org\n[5e1478b9-3ce9-4c66-98a8-2843354e5751/build]   | \n[5e1478b9-3ce9-4c66-98a8-2843354e5751/build]   | BUILD FAILED in 2s\n[5e1478b9-3ce9-4c66-98a8-2843354e5751/build]   | 17 actionable tasks: 3 executed, 14 up-to-date\n[5e1478b9-3ce9-4c66-98a8-2843354e5751/build]   \u274c  Failure - Main publish\n[5e1478b9-3ce9-4c66-98a8-2843354e5751/build] exitcode '1': failure\n[5e1478b9-3ce9-4c66-98a8-2843354e5751/build] \u2b50 Run Post setup JDK\n[5e1478b9-3ce9-4c66-98a8-2843354e5751/build]   \ud83d\udc33  docker exec cmd=[node /var/run/act/actions/actions-setup-java@v1/dist/cleanup/index.js] user= workdir=\n[5e1478b9-3ce9-4c66-98a8-2843354e5751/build]   \u2705  Success - Post setup JDK\n[5e1478b9-3ce9-4c66-98a8-2843354e5751/build] \ud83c\udfc1  Job failed\n",
        "stderr": "Error: Job 'build' failed\n",
        "workflow": "/tmp/3d783ea4-1661-11ee-8a50-bb14de238602/unnamed-hephaestus-engine/.github/workflows/build-crawler.yml",
        "build_tool": "gradle",
        "elapsed_time": 362.97558426856995
    }
}