{
    "repository": "y-polek/TransmissionRemote",
    "stars": 138,
    "language": "java",
    "size": 5144,
    "clone_url": "https://github.com/y-polek/TransmissionRemote.git",
    "timestamp": "2023-06-29T12:20:07.938695Z",
    "clone_success": true,
    "number_of_actions": 2,
    "number_of_test_actions": 1,
    "actions_successful": false,
    "actions_build_tools": [
        "gradle",
        "gradle"
    ],
    "actions_test_build_tools": [
        "gradle"
    ],
    "actions_run": {
        "failed": true,
        "tests": [],
        "stdout": "[36fba3d1-83d3-4be6-81e5-d1b46ba71051/unit_tests] \ud83d\ude80  Start image=crawlergpt:latest\n[36fba3d1-83d3-4be6-81e5-d1b46ba71051/unit_tests]   \ud83d\udc33  docker pull image=crawlergpt:latest platform= username= forcePull=false\n[36fba3d1-83d3-4be6-81e5-d1b46ba71051/unit_tests]   \ud83d\udc33  docker create image=crawlergpt:latest platform= entrypoint=[\"tail\" \"-f\" \"/dev/null\"] cmd=[]\n[36fba3d1-83d3-4be6-81e5-d1b46ba71051/unit_tests]   \ud83d\udc33  docker run image=crawlergpt:latest platform= entrypoint=[\"tail\" \"-f\" \"/dev/null\"] cmd=[]\n[36fba3d1-83d3-4be6-81e5-d1b46ba71051/unit_tests]   \ud83d\udc33  docker exec cmd=[chown -R 1012:1013 /tmp/3d783ea4-1661-11ee-8a50-bb14de238602/y-polek-TransmissionRemote] user=0 workdir=\n[36fba3d1-83d3-4be6-81e5-d1b46ba71051/unit_tests]   \u2601  git clone 'https://github.com/jsdaniell/create-json' # ref=v1.2.2\n[36fba3d1-83d3-4be6-81e5-d1b46ba71051/unit_tests]   \u2601  git clone 'https://github.com/actions/upload-artifact' # ref=v3\n[36fba3d1-83d3-4be6-81e5-d1b46ba71051/unit_tests] \u2b50 Run Main actions/checkout@v3\n[36fba3d1-83d3-4be6-81e5-d1b46ba71051/unit_tests]   \u2705  Success - Main actions/checkout@v3\n[36fba3d1-83d3-4be6-81e5-d1b46ba71051/unit_tests] \u2b50 Run Main Create google-services.json\n[36fba3d1-83d3-4be6-81e5-d1b46ba71051/unit_tests]   \ud83d\udc33  docker cp src=/tmp/act-cache/0b54966a-a78c-4482-8644-da3b647ee1ba/act/jsdaniell-create-json@v1.2.2/ dst=/var/run/act/actions/jsdaniell-create-json@v1.2.2/\n[36fba3d1-83d3-4be6-81e5-d1b46ba71051/unit_tests]   \ud83d\udc33  docker exec cmd=[chown -R 1012:1013 /var/run/act/actions/jsdaniell-create-json@v1.2.2/] user=0 workdir=\n[36fba3d1-83d3-4be6-81e5-d1b46ba71051/unit_tests]   \ud83d\udc33  docker exec cmd=[node /var/run/act/actions/jsdaniell-create-json@v1.2.2/dist/index.js] user= workdir=\n[36fba3d1-83d3-4be6-81e5-d1b46ba71051/unit_tests]   | Creating json file...\n[36fba3d1-83d3-4be6-81e5-d1b46ba71051/unit_tests]   | JSON file created.\n[36fba3d1-83d3-4be6-81e5-d1b46ba71051/unit_tests]   | JSON checked.\n[36fba3d1-83d3-4be6-81e5-d1b46ba71051/unit_tests]   \u2705  Success - Main Create google-services.json\n[36fba3d1-83d3-4be6-81e5-d1b46ba71051/unit_tests]   \u2699  ::set-output:: successfully=Successfully created json on /tmp/3d783ea4-1661-11ee-8a50-bb14de238602/y-polek-TransmissionRemote/app/google-services.json directory with  data\n[36fba3d1-83d3-4be6-81e5-d1b46ba71051/unit_tests] \u2b50 Run Main Run Unit Tests\n[36fba3d1-83d3-4be6-81e5-d1b46ba71051/unit_tests]   \ud83d\udc33  docker exec cmd=[bash --noprofile --norc -e -o pipefail /var/run/act/workflow/2] user= workdir=\n[36fba3d1-83d3-4be6-81e5-d1b46ba71051/unit_tests]   | Downloading https://services.gradle.org/distributions/gradle-7.5-all.zip\n[36fba3d1-83d3-4be6-81e5-d1b46ba71051/unit_tests]   | ..............................................................................................................................................................................................................................................................................................................................................................................................................................................................................................................................................................................................................................................................................................................................................................................................................................................................................................................................................................................................................................................................................................................................................................................................................................................................................................................................................................................................................................................................................................................................................................................................................................................................................................................................................................................................................................................................................................................................................................................................................................................................................................................................................................................................................................................................................................................................................................................................................................................................................................................................................................................................................................................................................................................................................................................................................................................................................................................................................................................................................................................................................................................................................................................................................................................................................................................................................................................................................................................................................................................................................................................................................................................................................................................................................................................................................................................................................................................................................................................................................................................................................................................................................................................................................................................................................................................................................................................................................................................................................................................................................................................................................................................................................................................................................................................................................................................................................................................................................................................................................................................................................................................................................................................................................................................................................................................................................................................................................................................................................................................................................................................................................................................................................................................................................................................................................................................................................................................................................................................................................................................................................................................................................................................................................................................................................................................................................................................................................................................................................................................................................................................................................................................................................................................................................................................................................................................................................................................................................................................................................................................................................................................................................................................................................................................................................................................................................................................................................................................................................................................................................................................................................................................................................................................................................................................................................................................................................................................................................................................................................................................................................................................................................................................................................................................................................................................................................................................................................................................................................................................................................................................................................................................\n[36fba3d1-83d3-4be6-81e5-d1b46ba71051/unit_tests]   | Unzipping /home/runneradmin/.gradle/wrapper/dists/gradle-7.5-all/3hth37duoklja03caa0aen0o5o/gradle-7.5-all.zip to /home/runneradmin/.gradle/wrapper/dists/gradle-7.5-all/3hth37duoklja03caa0aen0o5o\n[36fba3d1-83d3-4be6-81e5-d1b46ba71051/unit_tests]   | Set executable permissions for: /home/runneradmin/.gradle/wrapper/dists/gradle-7.5-all/3hth37duoklja03caa0aen0o5o/gradle-7.5/bin/gradle\n[36fba3d1-83d3-4be6-81e5-d1b46ba71051/unit_tests]   | \n[36fba3d1-83d3-4be6-81e5-d1b46ba71051/unit_tests]   | Welcome to Gradle 7.5!\n[36fba3d1-83d3-4be6-81e5-d1b46ba71051/unit_tests]   | \n[36fba3d1-83d3-4be6-81e5-d1b46ba71051/unit_tests]   | Here are the highlights of this release:\n[36fba3d1-83d3-4be6-81e5-d1b46ba71051/unit_tests]   |  - Support for Java 18\n[36fba3d1-83d3-4be6-81e5-d1b46ba71051/unit_tests]   |  - Support for building with Groovy 4\n[36fba3d1-83d3-4be6-81e5-d1b46ba71051/unit_tests]   |  - Much more responsive continuous builds\n[36fba3d1-83d3-4be6-81e5-d1b46ba71051/unit_tests]   |  - Improved diagnostics for dependency resolution\n[36fba3d1-83d3-4be6-81e5-d1b46ba71051/unit_tests]   | \n[36fba3d1-83d3-4be6-81e5-d1b46ba71051/unit_tests]   | For more details see https://docs.gradle.org/7.5/release-notes.html\n[36fba3d1-83d3-4be6-81e5-d1b46ba71051/unit_tests]   | \n[36fba3d1-83d3-4be6-81e5-d1b46ba71051/unit_tests]   | Starting a Gradle Daemon (subsequent builds will be faster)\n[36fba3d1-83d3-4be6-81e5-d1b46ba71051/unit_tests]   | \n[36fba3d1-83d3-4be6-81e5-d1b46ba71051/unit_tests]   | FAILURE: Build failed with an exception.\n[36fba3d1-83d3-4be6-81e5-d1b46ba71051/unit_tests]   | \n[36fba3d1-83d3-4be6-81e5-d1b46ba71051/unit_tests]   | * What went wrong:\n[36fba3d1-83d3-4be6-81e5-d1b46ba71051/unit_tests]   | Could not determine the dependencies of task ':app:testDebugUnitTest'.\n[36fba3d1-83d3-4be6-81e5-d1b46ba71051/unit_tests]   | > SDK location not found. Define a valid SDK location with an ANDROID_HOME environment variable or by setting the sdk.dir path in your project's local properties file at '/tmp/3d783ea4-1661-11ee-8a50-bb14de238602/y-polek-TransmissionRemote/local.properties'.\n[36fba3d1-83d3-4be6-81e5-d1b46ba71051/unit_tests]   | \n[36fba3d1-83d3-4be6-81e5-d1b46ba71051/unit_tests]   | * Try:\n[36fba3d1-83d3-4be6-81e5-d1b46ba71051/unit_tests]   | > Run with --stacktrace option to get the stack trace.\n[36fba3d1-83d3-4be6-81e5-d1b46ba71051/unit_tests]   | > Run with --info or --debug option to get more log output.\n[36fba3d1-83d3-4be6-81e5-d1b46ba71051/unit_tests]   | > Run with --scan to get full insights.\n[36fba3d1-83d3-4be6-81e5-d1b46ba71051/unit_tests]   | \n[36fba3d1-83d3-4be6-81e5-d1b46ba71051/unit_tests]   | * Get more help at https://help.gradle.org\n[36fba3d1-83d3-4be6-81e5-d1b46ba71051/unit_tests]   | \n[36fba3d1-83d3-4be6-81e5-d1b46ba71051/unit_tests]   | Deprecated Gradle features were used in this build, making it incompatible with Gradle 8.0.\n[36fba3d1-83d3-4be6-81e5-d1b46ba71051/unit_tests]   | \n[36fba3d1-83d3-4be6-81e5-d1b46ba71051/unit_tests]   | You can use '--warning-mode all' to show the individual deprecation warnings and determine if they come from your own scripts or plugins.\n[36fba3d1-83d3-4be6-81e5-d1b46ba71051/unit_tests]   | \n[36fba3d1-83d3-4be6-81e5-d1b46ba71051/unit_tests]   | See https://docs.gradle.org/7.5/userguide/command_line_interface.html#sec:command_line_warnings\n[36fba3d1-83d3-4be6-81e5-d1b46ba71051/unit_tests]   | \n[36fba3d1-83d3-4be6-81e5-d1b46ba71051/unit_tests]   | BUILD FAILED in 59s\n[36fba3d1-83d3-4be6-81e5-d1b46ba71051/unit_tests]   \u274c  Failure - Main Run Unit Tests\n[36fba3d1-83d3-4be6-81e5-d1b46ba71051/unit_tests] exitcode '1': failure\n[36fba3d1-83d3-4be6-81e5-d1b46ba71051/unit_tests] \u2b50 Run Main Upload report\n[36fba3d1-83d3-4be6-81e5-d1b46ba71051/unit_tests]   \ud83d\udc33  docker cp src=/tmp/act-cache/0b54966a-a78c-4482-8644-da3b647ee1ba/act/actions-upload-artifact@v3/ dst=/var/run/act/actions/actions-upload-artifact@v3/\n[36fba3d1-83d3-4be6-81e5-d1b46ba71051/unit_tests]   \ud83d\udc33  docker exec cmd=[chown -R 1012:1013 /var/run/act/actions/actions-upload-artifact@v3/] user=0 workdir=\n[36fba3d1-83d3-4be6-81e5-d1b46ba71051/unit_tests]   \ud83d\udc33  docker exec cmd=[node /var/run/act/actions/actions-upload-artifact@v3/dist/index.js] user= workdir=\n[36fba3d1-83d3-4be6-81e5-d1b46ba71051/unit_tests]   \ud83d\udcac  ::debug::followSymbolicLinks 'true'\n[36fba3d1-83d3-4be6-81e5-d1b46ba71051/unit_tests]   \ud83d\udcac  ::debug::implicitDescendants 'true'\n[36fba3d1-83d3-4be6-81e5-d1b46ba71051/unit_tests]   \ud83d\udcac  ::debug::omitBrokenSymbolicLinks 'true'\n[36fba3d1-83d3-4be6-81e5-d1b46ba71051/unit_tests]   \ud83d\udcac  ::debug::followSymbolicLinks 'true'\n[36fba3d1-83d3-4be6-81e5-d1b46ba71051/unit_tests]   \ud83d\udcac  ::debug::implicitDescendants 'true'\n[36fba3d1-83d3-4be6-81e5-d1b46ba71051/unit_tests]   \ud83d\udcac  ::debug::matchDirectories 'true'\n[36fba3d1-83d3-4be6-81e5-d1b46ba71051/unit_tests]   \ud83d\udcac  ::debug::omitBrokenSymbolicLinks 'true'\n[36fba3d1-83d3-4be6-81e5-d1b46ba71051/unit_tests]   \ud83d\udcac  ::debug::Search path '/tmp/3d783ea4-1661-11ee-8a50-bb14de238602/y-polek-TransmissionRemote/app/build/reports/tests'\n[36fba3d1-83d3-4be6-81e5-d1b46ba71051/unit_tests]   \ud83d\udea7  ::warning::No files were found with the provided path: app/build/reports/tests/. No artifacts will be uploaded.\n[36fba3d1-83d3-4be6-81e5-d1b46ba71051/unit_tests]   \u2705  Success - Main Upload report\n[36fba3d1-83d3-4be6-81e5-d1b46ba71051/unit_tests] \ud83c\udfc1  Job failed\n",
        "stderr": "Error: Job 'unit_tests' failed\n",
        "workflow": "/tmp/3d783ea4-1661-11ee-8a50-bb14de238602/y-polek-TransmissionRemote/.github/workflows/unit_tests-crawler.yml",
        "build_tool": "gradle",
        "elapsed_time": 146.75312113761902
    }
}