{
    "repository": "adobe-apiplatform/user-sync.py",
    "stars": 79,
    "language": "python",
    "size": 32035,
    "clone_url": "https://github.com/adobe-apiplatform/user-sync.py.git",
    "timestamp": "2023-06-28T11:45:39.271538Z",
    "clone_success": true,
    "number_of_actions": 2,
    "number_of_test_actions": 1,
    "actions_successful": false,
    "actions_build_tools": [
        "unknown",
        "pytest"
    ],
    "actions_test_build_tools": [
        "pytest"
    ],
    "actions_run": {
        "failed": true,
        "tests": [],
        "stdout": "[e701230b-017d-4d17-8cc5-f19d0ec1ac14/build] \ud83d\ude80  Start image=crawlergpt:latest\n[e701230b-017d-4d17-8cc5-f19d0ec1ac14/build]   \ud83d\udc33  docker pull image=crawlergpt:latest platform= username= forcePull=false\n[e701230b-017d-4d17-8cc5-f19d0ec1ac14/build]   \ud83d\udc33  docker create image=crawlergpt:latest platform= entrypoint=[\"tail\" \"-f\" \"/dev/null\"] cmd=[]\n[e701230b-017d-4d17-8cc5-f19d0ec1ac14/build]   \ud83d\udc33  docker run image=crawlergpt:latest platform= entrypoint=[\"tail\" \"-f\" \"/dev/null\"] cmd=[]\n[e701230b-017d-4d17-8cc5-f19d0ec1ac14/build]   \ud83d\udc33  docker exec cmd=[chown -R 1012:1013 /tmp/ad9c0f7e-1596-11ee-8a50-bb14de238602/adobe-apiplatform-user-sync.py] user=0 workdir=\n[e701230b-017d-4d17-8cc5-f19d0ec1ac14/build]   \u2601  git clone 'https://github.com/actions/setup-python' # ref=v2\n[e701230b-017d-4d17-8cc5-f19d0ec1ac14/build] \ud83e\uddea  Matrix: map[extension_support:0 os:ubuntu-latest]\n[e701230b-017d-4d17-8cc5-f19d0ec1ac14/build] \u2b50 Run Main actions/checkout@v2\n[e701230b-017d-4d17-8cc5-f19d0ec1ac14/build]   \u2705  Success - Main actions/checkout@v2\n[e701230b-017d-4d17-8cc5-f19d0ec1ac14/build] \u2b50 Run Main Set up Python\n[e701230b-017d-4d17-8cc5-f19d0ec1ac14/build]   \ud83d\udc33  docker cp src=/tmp/act-cache/5f49cc93-44d8-4911-9c71-828981a2cbc6/act/actions-setup-python@v2/ dst=/var/run/act/actions/actions-setup-python@v2/\n[e701230b-017d-4d17-8cc5-f19d0ec1ac14/build]   \ud83d\udc33  docker exec cmd=[chown -R 1012:1013 /var/run/act/actions/actions-setup-python@v2/] user=0 workdir=\n[e701230b-017d-4d17-8cc5-f19d0ec1ac14/build]   \ud83d\udc33  docker exec cmd=[node /var/run/act/actions/actions-setup-python@v2/dist/setup/index.js] user= workdir=\n[e701230b-017d-4d17-8cc5-f19d0ec1ac14/build]   \ud83d\udcac  ::debug::Semantic version spec of 3.9 is 3.9\n[e701230b-017d-4d17-8cc5-f19d0ec1ac14/build]   \ud83d\udcac  ::debug::isExplicit: \n[e701230b-017d-4d17-8cc5-f19d0ec1ac14/build]   \ud83d\udcac  ::debug::explicit? false\n[e701230b-017d-4d17-8cc5-f19d0ec1ac14/build]   \ud83d\udcac  ::debug::isExplicit: 2.7.18\n[e701230b-017d-4d17-8cc5-f19d0ec1ac14/build]   \ud83d\udcac  ::debug::explicit? true\n[e701230b-017d-4d17-8cc5-f19d0ec1ac14/build]   \ud83d\udcac  ::debug::isExplicit: 3.5.10\n[e701230b-017d-4d17-8cc5-f19d0ec1ac14/build]   \ud83d\udcac  ::debug::explicit? true\n[e701230b-017d-4d17-8cc5-f19d0ec1ac14/build]   \ud83d\udcac  ::debug::isExplicit: 3.6.14\n[e701230b-017d-4d17-8cc5-f19d0ec1ac14/build]   \ud83d\udcac  ::debug::explicit? true\n[e701230b-017d-4d17-8cc5-f19d0ec1ac14/build]   \ud83d\udcac  ::debug::isExplicit: 3.7.11\n[e701230b-017d-4d17-8cc5-f19d0ec1ac14/build]   \ud83d\udcac  ::debug::explicit? true\n[e701230b-017d-4d17-8cc5-f19d0ec1ac14/build]   \ud83d\udcac  ::debug::isExplicit: 3.8.11\n[e701230b-017d-4d17-8cc5-f19d0ec1ac14/build]   \ud83d\udcac  ::debug::explicit? true\n[e701230b-017d-4d17-8cc5-f19d0ec1ac14/build]   \ud83d\udcac  ::debug::isExplicit: 3.9.6\n[e701230b-017d-4d17-8cc5-f19d0ec1ac14/build]   \ud83d\udcac  ::debug::explicit? true\n[e701230b-017d-4d17-8cc5-f19d0ec1ac14/build]   \ud83d\udcac  ::debug::evaluating 6 versions\n[e701230b-017d-4d17-8cc5-f19d0ec1ac14/build]   \ud83d\udcac  ::debug::matched: 3.9.6\n[e701230b-017d-4d17-8cc5-f19d0ec1ac14/build]   \ud83d\udcac  ::debug::checking cache: /opt/hostedtoolcache/Python/3.9.6/x64\n[e701230b-017d-4d17-8cc5-f19d0ec1ac14/build]   \ud83d\udcac  ::debug::Found tool in cache Python 3.9.6 x64\n[e701230b-017d-4d17-8cc5-f19d0ec1ac14/build]   | Successfully setup CPython (3.9.6)\n[e701230b-017d-4d17-8cc5-f19d0ec1ac14/build]   \u2753 add-matcher /run/act/actions/actions-setup-python@v2/.github/python.json\n[e701230b-017d-4d17-8cc5-f19d0ec1ac14/build]   \u2705  Success - Main Set up Python\n[e701230b-017d-4d17-8cc5-f19d0ec1ac14/build]   \u2699  ::set-env:: pythonLocation=/opt/hostedtoolcache/Python/3.9.6/x64\n[e701230b-017d-4d17-8cc5-f19d0ec1ac14/build]   \u2699  ::set-env:: LD_LIBRARY_PATH=/opt/hostedtoolcache/Python/3.9.6/x64/lib\n[e701230b-017d-4d17-8cc5-f19d0ec1ac14/build]   \u2699  ::set-output:: python-version=3.9.6\n[e701230b-017d-4d17-8cc5-f19d0ec1ac14/build]   \u2699  ::add-path:: /opt/hostedtoolcache/Python/3.9.6/x64\n[e701230b-017d-4d17-8cc5-f19d0ec1ac14/build]   \u2699  ::add-path:: /opt/hostedtoolcache/Python/3.9.6/x64/bin\n[e701230b-017d-4d17-8cc5-f19d0ec1ac14/build] \u2b50 Run Main Install dependencies\n[e701230b-017d-4d17-8cc5-f19d0ec1ac14/build]   \ud83d\udc33  docker exec cmd=[bash --noprofile --norc -e -o pipefail /var/run/act/workflow/3] user= workdir=\n[e701230b-017d-4d17-8cc5-f19d0ec1ac14/build]   | Processing ./sign_client\n[e701230b-017d-4d17-8cc5-f19d0ec1ac14/build]   |   DEPRECATION: A future pip version will change local packages to be built in-place without first copying to a temporary directory. We recommend you use --use-feature=in-tree-build to test your packages with this new behavior before it becomes the default.\n[e701230b-017d-4d17-8cc5-f19d0ec1ac14/build]   |    pip 21.3 will remove support for this functionality. You can find discussion regarding this at https://github.com/pypa/pip/issues/7555.\n[e701230b-017d-4d17-8cc5-f19d0ec1ac14/build]   | Collecting requests~=2.26.0\n[e701230b-017d-4d17-8cc5-f19d0ec1ac14/build]   |   Downloading requests-2.26.0-py2.py3-none-any.whl (62 kB)\n[e701230b-017d-4d17-8cc5-f19d0ec1ac14/build]   | Collecting aiohttp~=3.8.1\n[e701230b-017d-4d17-8cc5-f19d0ec1ac14/build]   |   Downloading aiohttp-3.8.4-cp39-cp39-manylinux_2_17_x86_64.manylinux2014_x86_64.whl (1.0 MB)\n[e701230b-017d-4d17-8cc5-f19d0ec1ac14/build]   | Collecting async-timeout<5.0,>=4.0.0a3\n[e701230b-017d-4d17-8cc5-f19d0ec1ac14/build]   |   Downloading async_timeout-4.0.2-py3-none-any.whl (5.8 kB)\n[e701230b-017d-4d17-8cc5-f19d0ec1ac14/build]   | Collecting frozenlist>=1.1.1\n[e701230b-017d-4d17-8cc5-f19d0ec1ac14/build]   |   Downloading frozenlist-1.3.3-cp39-cp39-manylinux_2_5_x86_64.manylinux1_x86_64.manylinux_2_17_x86_64.manylinux2014_x86_64.whl (158 kB)\n[e701230b-017d-4d17-8cc5-f19d0ec1ac14/build]   | Collecting multidict<7.0,>=4.5\n[e701230b-017d-4d17-8cc5-f19d0ec1ac14/build]   |   Downloading multidict-6.0.4-cp39-cp39-manylinux_2_17_x86_64.manylinux2014_x86_64.whl (114 kB)\n[e701230b-017d-4d17-8cc5-f19d0ec1ac14/build]   | Collecting attrs>=17.3.0\n[e701230b-017d-4d17-8cc5-f19d0ec1ac14/build]   |   Downloading attrs-23.1.0-py3-none-any.whl (61 kB)\n[e701230b-017d-4d17-8cc5-f19d0ec1ac14/build]   | Collecting yarl<2.0,>=1.0\n[e701230b-017d-4d17-8cc5-f19d0ec1ac14/build]   |   Downloading yarl-1.9.2-cp39-cp39-manylinux_2_17_x86_64.manylinux2014_x86_64.whl (269 kB)\n[e701230b-017d-4d17-8cc5-f19d0ec1ac14/build]   | Collecting charset-normalizer<4.0,>=2.0\n[e701230b-017d-4d17-8cc5-f19d0ec1ac14/build]   |   Downloading charset_normalizer-3.1.0-cp39-cp39-manylinux_2_17_x86_64.manylinux2014_x86_64.whl (199 kB)\n[e701230b-017d-4d17-8cc5-f19d0ec1ac14/build]   | Collecting aiosignal>=1.1.2\n[e701230b-017d-4d17-8cc5-f19d0ec1ac14/build]   |   Downloading aiosignal-1.3.1-py3-none-any.whl (7.6 kB)\n[e701230b-017d-4d17-8cc5-f19d0ec1ac14/build]   | Collecting idna<4,>=2.5\n[e701230b-017d-4d17-8cc5-f19d0ec1ac14/build]   |   Downloading idna-3.4-py3-none-any.whl (61 kB)\n[e701230b-017d-4d17-8cc5-f19d0ec1ac14/build]   | Collecting certifi>=2017.4.17\n[e701230b-017d-4d17-8cc5-f19d0ec1ac14/build]   |   Downloading certifi-2023.5.7-py3-none-any.whl (156 kB)\n[e701230b-017d-4d17-8cc5-f19d0ec1ac14/build]   | Collecting urllib3<1.27,>=1.21.1\n[e701230b-017d-4d17-8cc5-f19d0ec1ac14/build]   |   Downloading urllib3-1.26.16-py2.py3-none-any.whl (143 kB)\n[e701230b-017d-4d17-8cc5-f19d0ec1ac14/build]   | Collecting charset-normalizer<4.0,>=2.0\n[e701230b-017d-4d17-8cc5-f19d0ec1ac14/build]   |   Downloading charset_normalizer-2.0.12-py3-none-any.whl (39 kB)\n[e701230b-017d-4d17-8cc5-f19d0ec1ac14/build]   | Using legacy 'setup.py install' for sign-client, since package 'wheel' is not installed.\n[e701230b-017d-4d17-8cc5-f19d0ec1ac14/build]   | Installing collected packages: multidict, idna, frozenlist, yarl, urllib3, charset-normalizer, certifi, attrs, async-timeout, aiosignal, requests, aiohttp, sign-client\n[e701230b-017d-4d17-8cc5-f19d0ec1ac14/build]   |     Running setup.py install for sign-client: started\n[e701230b-017d-4d17-8cc5-f19d0ec1ac14/build]   |     Running setup.py install for sign-client: finished with status 'done'\n[e701230b-017d-4d17-8cc5-f19d0ec1ac14/build]   | Successfully installed aiohttp-3.8.4 aiosignal-1.3.1 async-timeout-4.0.2 attrs-23.1.0 certifi-2023.5.7 charset-normalizer-2.0.12 frozenlist-1.3.3 idna-3.4 multidict-6.0.4 requests-2.26.0 sign-client-0.2.1 urllib3-1.26.16 yarl-1.9.2\n[e701230b-017d-4d17-8cc5-f19d0ec1ac14/build]   | WARNING: You are using pip version 21.2.4; however, version 23.1.2 is available.\n[e701230b-017d-4d17-8cc5-f19d0ec1ac14/build]   | You should consider upgrading via the '/opt/hostedtoolcache/Python/3.9.6/x64/bin/python -m pip install --upgrade pip' command.\n[e701230b-017d-4d17-8cc5-f19d0ec1ac14/build]   | Processing ./external/okta-0.0.3.1-py2.py3-none-any.whl\n[e701230b-017d-4d17-8cc5-f19d0ec1ac14/build]   | Collecting python-dateutil>=2.4.2\n[e701230b-017d-4d17-8cc5-f19d0ec1ac14/build]   |   Downloading python_dateutil-2.8.2-py2.py3-none-any.whl (247 kB)\n[e701230b-017d-4d17-8cc5-f19d0ec1ac14/build]   | Collecting six>=1.9.0\n[e701230b-017d-4d17-8cc5-f19d0ec1ac14/build]   |   Downloading six-1.16.0-py2.py3-none-any.whl (11 kB)\n[e701230b-017d-4d17-8cc5-f19d0ec1ac14/build]   | Requirement already satisfied: requests>=2.5.3 in /opt/hostedtoolcache/Python/3.9.6/x64/lib/python3.9/site-packages (from okta==0.0.3.1) (2.26.0)\n[e701230b-017d-4d17-8cc5-f19d0ec1ac14/build]   | Requirement already satisfied: idna<4,>=2.5 in /opt/hostedtoolcache/Python/3.9.6/x64/lib/python3.9/site-packages (from requests>=2.5.3->okta==0.0.3.1) (3.4)\n[e701230b-017d-4d17-8cc5-f19d0ec1ac14/build]   | Requirement already satisfied: certifi>=2017.4.17 in /opt/hostedtoolcache/Python/3.9.6/x64/lib/python3.9/site-packages (from requests>=2.5.3->okta==0.0.3.1) (2023.5.7)\n[e701230b-017d-4d17-8cc5-f19d0ec1ac14/build]   | Requirement already satisfied: urllib3<1.27,>=1.21.1 in /opt/hostedtoolcache/Python/3.9.6/x64/lib/python3.9/site-packages (from requests>=2.5.3->okta==0.0.3.1) (1.26.16)\n[e701230b-017d-4d17-8cc5-f19d0ec1ac14/build]   | Requirement already satisfied: charset-normalizer~=2.0.0 in /opt/hostedtoolcache/Python/3.9.6/x64/lib/python3.9/site-packages (from requests>=2.5.3->okta==0.0.3.1) (2.0.12)\n[e701230b-017d-4d17-8cc5-f19d0ec1ac14/build]   | Installing collected packages: six, python-dateutil, okta\n[e701230b-017d-4d17-8cc5-f19d0ec1ac14/build]   | Successfully installed okta-0.0.3.1 python-dateutil-2.8.2 six-1.16.0\n[e701230b-017d-4d17-8cc5-f19d0ec1ac14/build]   | WARNING: You are using pip version 21.2.4; however, version 23.1.2 is available.\n[e701230b-017d-4d17-8cc5-f19d0ec1ac14/build]   | You should consider upgrading via the '/opt/hostedtoolcache/Python/3.9.6/x64/bin/python -m pip install --upgrade pip' command.\n[e701230b-017d-4d17-8cc5-f19d0ec1ac14/build]   | Obtaining file:///tmp/ad9c0f7e-1596-11ee-8a50-bb14de238602/adobe-apiplatform-user-sync.py\n[e701230b-017d-4d17-8cc5-f19d0ec1ac14/build]   | Collecting keyring\n[e701230b-017d-4d17-8cc5-f19d0ec1ac14/build]   |   Downloading keyring-24.2.0-py3-none-any.whl (37 kB)\n[e701230b-017d-4d17-8cc5-f19d0ec1ac14/build]   | Collecting keyrings.cryptfile\n[e701230b-017d-4d17-8cc5-f19d0ec1ac14/build]   |   Downloading keyrings.cryptfile-1.3.9.tar.gz (19 kB)\n[e701230b-017d-4d17-8cc5-f19d0ec1ac14/build]   | Requirement already satisfied: okta==0.0.3.1 in /opt/hostedtoolcache/Python/3.9.6/x64/lib/python3.9/site-packages (from user-sync==2.9.0rc2) (0.0.3.1)\n[e701230b-017d-4d17-8cc5-f19d0ec1ac14/build]   | Collecting psutil\n[e701230b-017d-4d17-8cc5-f19d0ec1ac14/build]   |   Downloading psutil-5.9.5-cp36-abi3-manylinux_2_12_x86_64.manylinux2010_x86_64.manylinux_2_17_x86_64.manylinux2014_x86_64.whl (282 kB)\n[e701230b-017d-4d17-8cc5-f19d0ec1ac14/build]   | Collecting pycryptodome==3.9.7\n[e701230b-017d-4d17-8cc5-f19d0ec1ac14/build]   |   Downloading pycryptodome-3.9.7.tar.gz (15.5 MB)\n[e701230b-017d-4d17-8cc5-f19d0ec1ac14/build]   | Collecting ldap3\n[e701230b-017d-4d17-8cc5-f19d0ec1ac14/build]   |   Downloading ldap3-2.9.1-py2.py3-none-any.whl (432 kB)\n[e701230b-017d-4d17-8cc5-f19d0ec1ac14/build]   | Collecting PyYAML\n[e701230b-017d-4d17-8cc5-f19d0ec1ac14/build]   |   Downloading PyYAML-6.0-cp39-cp39-manylinux_2_5_x86_64.manylinux1_x86_64.manylinux_2_12_x86_64.manylinux2010_x86_64.whl (661 kB)\n[e701230b-017d-4d17-8cc5-f19d0ec1ac14/build]   | Collecting umapi-client~=3.0\n[e701230b-017d-4d17-8cc5-f19d0ec1ac14/build]   |   Downloading umapi_client-3.0-py3-none-any.whl (23 kB)\n[e701230b-017d-4d17-8cc5-f19d0ec1ac14/build]   | Collecting click\n[e701230b-017d-4d17-8cc5-f19d0ec1ac14/build]   |   Downloading click-8.1.3-py3-none-any.whl (96 kB)\n[e701230b-017d-4d17-8cc5-f19d0ec1ac14/build]   | Collecting click-default-group\n[e701230b-017d-4d17-8cc5-f19d0ec1ac14/build]   |   Downloading click-default-group-1.2.2.tar.gz (3.3 kB)\n[e701230b-017d-4d17-8cc5-f19d0ec1ac14/build]   | Collecting configparser==3.7.4\n[e701230b-017d-4d17-8cc5-f19d0ec1ac14/build]   |   Downloading configparser-3.7.4-py2.py3-none-any.whl (22 kB)\n[e701230b-017d-4d17-8cc5-f19d0ec1ac14/build]   | Collecting schema==0.7.2\n[e701230b-017d-4d17-8cc5-f19d0ec1ac14/build]   |   Downloading schema-0.7.2-py2.py3-none-any.whl (16 kB)\n[e701230b-017d-4d17-8cc5-f19d0ec1ac14/build]   | Requirement already satisfied: sign-client~=0.2.1 in /opt/hostedtoolcache/Python/3.9.6/x64/lib/python3.9/site-packages (from user-sync==2.9.0rc2) (0.2.1)\n[e701230b-017d-4d17-8cc5-f19d0ec1ac14/build]   | Collecting secretstorage\n[e701230b-017d-4d17-8cc5-f19d0ec1ac14/build]   |   Downloading SecretStorage-3.3.3-py3-none-any.whl (15 kB)\n[e701230b-017d-4d17-8cc5-f19d0ec1ac14/build]   | Collecting dbus-python\n[e701230b-017d-4d17-8cc5-f19d0ec1ac14/build]   |   Downloading dbus-python-1.3.2.tar.gz (605 kB)\n[e701230b-017d-4d17-8cc5-f19d0ec1ac14/build]   |   Installing build dependencies: started\n[e701230b-017d-4d17-8cc5-f19d0ec1ac14/build]   |   Installing build dependencies: finished with status 'done'\n[e701230b-017d-4d17-8cc5-f19d0ec1ac14/build]   |   Getting requirements to build wheel: started\n[e701230b-017d-4d17-8cc5-f19d0ec1ac14/build]   |   Getting requirements to build wheel: finished with status 'done'\n[e701230b-017d-4d17-8cc5-f19d0ec1ac14/build]   |     Preparing wheel metadata: started\n[e701230b-017d-4d17-8cc5-f19d0ec1ac14/build]   |     Preparing wheel metadata: finished with status 'error'\n[e701230b-017d-4d17-8cc5-f19d0ec1ac14/build]   |     ERROR: Command errored out with exit status 1:\n[e701230b-017d-4d17-8cc5-f19d0ec1ac14/build]   |      command: /opt/hostedtoolcache/Python/3.9.6/x64/bin/python /opt/hostedtoolcache/Python/3.9.6/x64/lib/python3.9/site-packages/pip/_vendor/pep517/in_process/_in_process.py prepare_metadata_for_build_wheel /tmp/tmpxl65oac1\n[e701230b-017d-4d17-8cc5-f19d0ec1ac14/build]   |          cwd: /tmp/pip-install-cgn7v6cu/dbus-python_e4cc181315e549d28335e70b4c47c642\n[e701230b-017d-4d17-8cc5-f19d0ec1ac14/build]   |     Complete output (93 lines):\n[e701230b-017d-4d17-8cc5-f19d0ec1ac14/build]   |     + meson setup /tmp/pip-install-cgn7v6cu/dbus-python_e4cc181315e549d28335e70b4c47c642 /tmp/pip-install-cgn7v6cu/dbus-python_e4cc181315e549d28335e70b4c47c642/.mesonpy-16qdbfqa/build -Dbuildtype=release -Db_ndebug=if-release -Db_vscrt=md --native-file=/tmp/pip-install-cgn7v6cu/dbus-python_e4cc181315e549d28335e70b4c47c642/.mesonpy-16qdbfqa/build/meson-python-native-file.ini\n[e701230b-017d-4d17-8cc5-f19d0ec1ac14/build]   |     The Meson build system\n[e701230b-017d-4d17-8cc5-f19d0ec1ac14/build]   |     Version: 1.1.1\n[e701230b-017d-4d17-8cc5-f19d0ec1ac14/build]   |     Source dir: /tmp/pip-install-cgn7v6cu/dbus-python_e4cc181315e549d28335e70b4c47c642\n[e701230b-017d-4d17-8cc5-f19d0ec1ac14/build]   |     Build dir: /tmp/pip-install-cgn7v6cu/dbus-python_e4cc181315e549d28335e70b4c47c642/.mesonpy-16qdbfqa/build\n[e701230b-017d-4d17-8cc5-f19d0ec1ac14/build]   |     Build type: native build\n[e701230b-017d-4d17-8cc5-f19d0ec1ac14/build]   |     Project name: dbus-python\n[e701230b-017d-4d17-8cc5-f19d0ec1ac14/build]   |     Project version: 1.3.2\n[e701230b-017d-4d17-8cc5-f19d0ec1ac14/build]   |     C compiler for the host machine: cc (gcc 9.3.0 \"cc (Ubuntu 9.3.0-17ubuntu1~20.04) 9.3.0\")\n[e701230b-017d-4d17-8cc5-f19d0ec1ac14/build]   |     C linker for the host machine: cc ld.bfd 2.34\n[e701230b-017d-4d17-8cc5-f19d0ec1ac14/build]   |     Host machine cpu family: x86_64\n[e701230b-017d-4d17-8cc5-f19d0ec1ac14/build]   |     Host machine cpu: x86_64\n[e701230b-017d-4d17-8cc5-f19d0ec1ac14/build]   |     Compiler for C supports arguments -fno-common: YES\n[e701230b-017d-4d17-8cc5-f19d0ec1ac14/build]   |     Compiler for C supports arguments -Wno-missing-field-initializers: YES\n[e701230b-017d-4d17-8cc5-f19d0ec1ac14/build]   |     Compiler for C supports arguments -Wno-declaration-after-statement: YES\n[e701230b-017d-4d17-8cc5-f19d0ec1ac14/build]   |     Compiler for C supports arguments -Wno-inline: YES\n[e701230b-017d-4d17-8cc5-f19d0ec1ac14/build]   |     Compiler for C supports arguments -Wno-redundant-decls: YES\n[e701230b-017d-4d17-8cc5-f19d0ec1ac14/build]   |     Compiler for C supports arguments -Wno-switch-default: YES\n[e701230b-017d-4d17-8cc5-f19d0ec1ac14/build]   |     Compiler for C supports arguments -Wno-write-strings: YES\n[e701230b-017d-4d17-8cc5-f19d0ec1ac14/build]   |     Compiler for C supports arguments -Wcast-align: YES\n[e701230b-017d-4d17-8cc5-f19d0ec1ac14/build]   |     Compiler for C supports arguments -Wdouble-promotion: YES\n[e701230b-017d-4d17-8cc5-f19d0ec1ac14/build]   |     Compiler for C supports arguments -Wduplicated-cond: YES\n[e701230b-017d-4d17-8cc5-f19d0ec1ac14/build]   |     Compiler for C supports arguments -Wfloat-equal: YES\n[e701230b-017d-4d17-8cc5-f19d0ec1ac14/build]   |     Compiler for C supports arguments -Wformat-nonliteral: YES\n[e701230b-017d-4d17-8cc5-f19d0ec1ac14/build]   |     Compiler for C supports arguments -Wformat-security: YES\n[e701230b-017d-4d17-8cc5-f19d0ec1ac14/build]   |     Compiler for C supports arguments -Wformat=2: YES\n[e701230b-017d-4d17-8cc5-f19d0ec1ac14/build]   |     Compiler for C supports arguments -Winit-self: YES\n[e701230b-017d-4d17-8cc5-f19d0ec1ac14/build]   |     Compiler for C supports arguments -Wlogical-op: YES\n[e701230b-017d-4d17-8cc5-f19d0ec1ac14/build]   |     Compiler for C supports arguments -Wmissing-declarations: YES\n[e701230b-017d-4d17-8cc5-f19d0ec1ac14/build]   |     Compiler for C supports arguments -Wmissing-format-attribute: YES\n[e701230b-017d-4d17-8cc5-f19d0ec1ac14/build]   |     Compiler for C supports arguments -Wmissing-include-dirs: YES\n[e701230b-017d-4d17-8cc5-f19d0ec1ac14/build]   |     Compiler for C supports arguments -Wmissing-noreturn: YES\n[e701230b-017d-4d17-8cc5-f19d0ec1ac14/build]   |     Compiler for C supports arguments -Wnull-dereference: YES\n[e701230b-017d-4d17-8cc5-f19d0ec1ac14/build]   |     Compiler for C supports arguments -Wpacked: YES\n[e701230b-017d-4d17-8cc5-f19d0ec1ac14/build]   |     Compiler for C supports arguments -Wpointer-arith: YES\n[e701230b-017d-4d17-8cc5-f19d0ec1ac14/build]   |     Compiler for C supports arguments -Wshadow: YES\n[e701230b-017d-4d17-8cc5-f19d0ec1ac14/build]   |     Compiler for C supports arguments -Wswitch-enum: YES\n[e701230b-017d-4d17-8cc5-f19d0ec1ac14/build]   |     Compiler for C supports arguments -Wundef: YES\n[e701230b-017d-4d17-8cc5-f19d0ec1ac14/build]   |     Compiler for C supports arguments -Wunused-but-set-variable: YES\n[e701230b-017d-4d17-8cc5-f19d0ec1ac14/build]   |     Compiler for C supports arguments -Wjump-misses-init: YES\n[e701230b-017d-4d17-8cc5-f19d0ec1ac14/build]   |     Compiler for C supports arguments -Wmissing-prototypes: YES\n[e701230b-017d-4d17-8cc5-f19d0ec1ac14/build]   |     Compiler for C supports arguments -Wnested-externs: YES\n[e701230b-017d-4d17-8cc5-f19d0ec1ac14/build]   |     Compiler for C supports arguments -Wold-style-definition: YES\n[e701230b-017d-4d17-8cc5-f19d0ec1ac14/build]   |     Compiler for C supports arguments -Wpointer-sign: YES\n[e701230b-017d-4d17-8cc5-f19d0ec1ac14/build]   |     Compiler for C supports arguments -Wstrict-prototypes: YES\n[e701230b-017d-4d17-8cc5-f19d0ec1ac14/build]   |     Configuring _dbus-python-config.h using configuration\n[e701230b-017d-4d17-8cc5-f19d0ec1ac14/build]   |     \n[e701230b-017d-4d17-8cc5-f19d0ec1ac14/build]   |     Executing subproject dbus-gmain\n[e701230b-017d-4d17-8cc5-f19d0ec1ac14/build]   |     \n[e701230b-017d-4d17-8cc5-f19d0ec1ac14/build]   |     dbus-gmain| Project name: dbus-gmain\n[e701230b-017d-4d17-8cc5-f19d0ec1ac14/build]   |     dbus-gmain| Project version: undefined\n[e701230b-017d-4d17-8cc5-f19d0ec1ac14/build]   |     dbus-gmain| C compiler for the host machine: cc (gcc 9.3.0 \"cc (Ubuntu 9.3.0-17ubuntu1~20.04) 9.3.0\")\n[e701230b-017d-4d17-8cc5-f19d0ec1ac14/build]   |     dbus-gmain| C linker for the host machine: cc ld.bfd 2.34\n[e701230b-017d-4d17-8cc5-f19d0ec1ac14/build]   |     dbus-gmain| Compiler for C supports arguments -fno-common: YES (cached)\n[e701230b-017d-4d17-8cc5-f19d0ec1ac14/build]   |     dbus-gmain| Compiler for C supports arguments -Wno-missing-field-initializers: YES (cached)\n[e701230b-017d-4d17-8cc5-f19d0ec1ac14/build]   |     dbus-gmain| Compiler for C supports arguments -Wcast-align: YES (cached)\n[e701230b-017d-4d17-8cc5-f19d0ec1ac14/build]   |     dbus-gmain| Compiler for C supports arguments -Wdouble-promotion: YES (cached)\n[e701230b-017d-4d17-8cc5-f19d0ec1ac14/build]   |     dbus-gmain| Compiler for C supports arguments -Wduplicated-branches: YES\n[e701230b-017d-4d17-8cc5-f19d0ec1ac14/build]   |     dbus-gmain| Compiler for C supports arguments -Wduplicated-cond: YES (cached)\n[e701230b-017d-4d17-8cc5-f19d0ec1ac14/build]   |     dbus-gmain| Compiler for C supports arguments -Wfloat-equal: YES (cached)\n[e701230b-017d-4d17-8cc5-f19d0ec1ac14/build]   |     dbus-gmain| Compiler for C supports arguments -Wformat-nonliteral: YES (cached)\n[e701230b-017d-4d17-8cc5-f19d0ec1ac14/build]   |     dbus-gmain| Compiler for C supports arguments -Wformat-security: YES (cached)\n[e701230b-017d-4d17-8cc5-f19d0ec1ac14/build]   |     dbus-gmain| Compiler for C supports arguments -Wformat=2: YES (cached)\n[e701230b-017d-4d17-8cc5-f19d0ec1ac14/build]   |     dbus-gmain| Compiler for C supports arguments -Winit-self: YES (cached)\n[e701230b-017d-4d17-8cc5-f19d0ec1ac14/build]   |     dbus-gmain| Compiler for C supports arguments -Wlogical-op: YES (cached)\n[e701230b-017d-4d17-8cc5-f19d0ec1ac14/build]   |     dbus-gmain| Compiler for C supports arguments -Wmissing-declarations: YES (cached)\n[e701230b-017d-4d17-8cc5-f19d0ec1ac14/build]   |     dbus-gmain| Compiler for C supports arguments -Wmissing-format-attribute: YES (cached)\n[e701230b-017d-4d17-8cc5-f19d0ec1ac14/build]   |     dbus-gmain| Compiler for C supports arguments -Wmissing-include-dirs: YES (cached)\n[e701230b-017d-4d17-8cc5-f19d0ec1ac14/build]   |     dbus-gmain| Compiler for C supports arguments -Wmissing-noreturn: YES (cached)\n[e701230b-017d-4d17-8cc5-f19d0ec1ac14/build]   |     dbus-gmain| Compiler for C supports arguments -Wnull-dereference: YES (cached)\n[e701230b-017d-4d17-8cc5-f19d0ec1ac14/build]   |     dbus-gmain| Compiler for C supports arguments -Wpacked: YES (cached)\n[e701230b-017d-4d17-8cc5-f19d0ec1ac14/build]   |     dbus-gmain| Compiler for C supports arguments -Wpointer-arith: YES (cached)\n[e701230b-017d-4d17-8cc5-f19d0ec1ac14/build]   |     dbus-gmain| Compiler for C supports arguments -Wredundant-decls: YES\n[e701230b-017d-4d17-8cc5-f19d0ec1ac14/build]   |     dbus-gmain| Compiler for C supports arguments -Wshadow: YES (cached)\n[e701230b-017d-4d17-8cc5-f19d0ec1ac14/build]   |     dbus-gmain| Compiler for C supports arguments -Wswitch-default: YES\n[e701230b-017d-4d17-8cc5-f19d0ec1ac14/build]   |     dbus-gmain| Compiler for C supports arguments -Wswitch-enum: YES (cached)\n[e701230b-017d-4d17-8cc5-f19d0ec1ac14/build]   |     dbus-gmain| Compiler for C supports arguments -Wundef: YES (cached)\n[e701230b-017d-4d17-8cc5-f19d0ec1ac14/build]   |     dbus-gmain| Compiler for C supports arguments -Wunused-but-set-variable: YES (cached)\n[e701230b-017d-4d17-8cc5-f19d0ec1ac14/build]   |     dbus-gmain| Compiler for C supports arguments -Wwrite-strings: YES\n[e701230b-017d-4d17-8cc5-f19d0ec1ac14/build]   |     dbus-gmain| Compiler for C supports arguments -Wdeclaration-after-statement: YES\n[e701230b-017d-4d17-8cc5-f19d0ec1ac14/build]   |     dbus-gmain| Compiler for C supports arguments -Wjump-misses-init: YES (cached)\n[e701230b-017d-4d17-8cc5-f19d0ec1ac14/build]   |     dbus-gmain| Compiler for C supports arguments -Wmissing-prototypes: YES (cached)\n[e701230b-017d-4d17-8cc5-f19d0ec1ac14/build]   |     dbus-gmain| Compiler for C supports arguments -Wnested-externs: YES (cached)\n[e701230b-017d-4d17-8cc5-f19d0ec1ac14/build]   |     dbus-gmain| Compiler for C supports arguments -Wold-style-definition: YES (cached)\n[e701230b-017d-4d17-8cc5-f19d0ec1ac14/build]   |     dbus-gmain| Compiler for C supports arguments -Wpointer-sign: YES (cached)\n[e701230b-017d-4d17-8cc5-f19d0ec1ac14/build]   |     dbus-gmain| Compiler for C supports arguments -Wstrict-prototypes: YES (cached)\n[e701230b-017d-4d17-8cc5-f19d0ec1ac14/build]   |     dbus-gmain| Found pkg-config: /usr/bin/pkg-config (0.29.1)\n[e701230b-017d-4d17-8cc5-f19d0ec1ac14/build]   |     dbus-gmain| Found CMake: /usr/local/bin/cmake (3.21.2)\n[e701230b-017d-4d17-8cc5-f19d0ec1ac14/build]   |     dbus-gmain| Run-time dependency dbus-1 found: NO (tried pkgconfig and cmake)\n[e701230b-017d-4d17-8cc5-f19d0ec1ac14/build]   |     \n[e701230b-017d-4d17-8cc5-f19d0ec1ac14/build]   |     ../../subprojects/dbus-gmain/meson.build:107:11: ERROR: Dependency \"dbus-1\" not found, tried pkgconfig and cmake\n[e701230b-017d-4d17-8cc5-f19d0ec1ac14/build]   |     \n[e701230b-017d-4d17-8cc5-f19d0ec1ac14/build]   |     A full log can be found at /tmp/pip-install-cgn7v6cu/dbus-python_e4cc181315e549d28335e70b4c47c642/.mesonpy-16qdbfqa/build/meson-logs/meson-log.txt\n[e701230b-017d-4d17-8cc5-f19d0ec1ac14/build]   |     ----------------------------------------\n[e701230b-017d-4d17-8cc5-f19d0ec1ac14/build]   | WARNING: Discarding https://files.pythonhosted.org/packages/c1/d3/6be85a9c772d6ebba0cc3ab37390dd6620006dcced758667e0217fb13307/dbus-python-1.3.2.tar.gz#sha256=ad67819308618b5069537be237f8e68ca1c7fcc95ee4a121fe6845b1418248f8 (from https://pypi.org/simple/dbus-python/) (requires-python:>=3.7). Command errored out with exit status 1: /opt/hostedtoolcache/Python/3.9.6/x64/bin/python /opt/hostedtoolcache/Python/3.9.6/x64/lib/python3.9/site-packages/pip/_vendor/pep517/in_process/_in_process.py prepare_metadata_for_build_wheel /tmp/tmpxl65oac1 Check the logs for full command output.\n[e701230b-017d-4d17-8cc5-f19d0ec1ac14/build]   |   Downloading dbus-python-1.2.18.tar.gz (578 kB)\n[e701230b-017d-4d17-8cc5-f19d0ec1ac14/build]   | Collecting kerberos\n[e701230b-017d-4d17-8cc5-f19d0ec1ac14/build]   |   Downloading kerberos-1.3.1.tar.gz (19 kB)\n[e701230b-017d-4d17-8cc5-f19d0ec1ac14/build]   | Requirement already satisfied: python-dateutil>=2.4.2 in /opt/hostedtoolcache/Python/3.9.6/x64/lib/python3.9/site-packages (from okta==0.0.3.1->user-sync==2.9.0rc2) (2.8.2)\n[e701230b-017d-4d17-8cc5-f19d0ec1ac14/build]   | Requirement already satisfied: requests>=2.5.3 in /opt/hostedtoolcache/Python/3.9.6/x64/lib/python3.9/site-packages (from okta==0.0.3.1->user-sync==2.9.0rc2) (2.26.0)\n[e701230b-017d-4d17-8cc5-f19d0ec1ac14/build]   | Requirement already satisfied: six>=1.9.0 in /opt/hostedtoolcache/Python/3.9.6/x64/lib/python3.9/site-packages (from okta==0.0.3.1->user-sync==2.9.0rc2) (1.16.0)\n[e701230b-017d-4d17-8cc5-f19d0ec1ac14/build]   | Collecting contextlib2>=0.5.5\n[e701230b-017d-4d17-8cc5-f19d0ec1ac14/build]   |   Downloading contextlib2-21.6.0-py2.py3-none-any.whl (13 kB)\n[e701230b-017d-4d17-8cc5-f19d0ec1ac14/build]   | Requirement already satisfied: idna<4,>=2.5 in /opt/hostedtoolcache/Python/3.9.6/x64/lib/python3.9/site-packages (from requests>=2.5.3->okta==0.0.3.1->user-sync==2.9.0rc2) (3.4)\n[e701230b-017d-4d17-8cc5-f19d0ec1ac14/build]   | Requirement already satisfied: certifi>=2017.4.17 in /opt/hostedtoolcache/Python/3.9.6/x64/lib/python3.9/site-packages (from requests>=2.5.3->okta==0.0.3.1->user-sync==2.9.0rc2) (2023.5.7)\n[e701230b-017d-4d17-8cc5-f19d0ec1ac14/build]   | Requirement already satisfied: urllib3<1.27,>=1.21.1 in /opt/hostedtoolcache/Python/3.9.6/x64/lib/python3.9/site-packages (from requests>=2.5.3->okta==0.0.3.1->user-sync==2.9.0rc2) (1.26.16)\n[e701230b-017d-4d17-8cc5-f19d0ec1ac14/build]   | Requirement already satisfied: charset-normalizer~=2.0.0 in /opt/hostedtoolcache/Python/3.9.6/x64/lib/python3.9/site-packages (from requests>=2.5.3->okta==0.0.3.1->user-sync==2.9.0rc2) (2.0.12)\n[e701230b-017d-4d17-8cc5-f19d0ec1ac14/build]   | Requirement already satisfied: aiohttp~=3.8.1 in /opt/hostedtoolcache/Python/3.9.6/x64/lib/python3.9/site-packages (from sign-client~=0.2.1->user-sync==2.9.0rc2) (3.8.4)\n[e701230b-017d-4d17-8cc5-f19d0ec1ac14/build]   | Requirement already satisfied: yarl<2.0,>=1.0 in /opt/hostedtoolcache/Python/3.9.6/x64/lib/python3.9/site-packages (from aiohttp~=3.8.1->sign-client~=0.2.1->user-sync==2.9.0rc2) (1.9.2)\n[e701230b-017d-4d17-8cc5-f19d0ec1ac14/build]   | Requirement already satisfied: async-timeout<5.0,>=4.0.0a3 in /opt/hostedtoolcache/Python/3.9.6/x64/lib/python3.9/site-packages (from aiohttp~=3.8.1->sign-client~=0.2.1->user-sync==2.9.0rc2) (4.0.2)\n[e701230b-017d-4d17-8cc5-f19d0ec1ac14/build]   | Requirement already satisfied: multidict<7.0,>=4.5 in /opt/hostedtoolcache/Python/3.9.6/x64/lib/python3.9/site-packages (from aiohttp~=3.8.1->sign-client~=0.2.1->user-sync==2.9.0rc2) (6.0.4)\n[e701230b-017d-4d17-8cc5-f19d0ec1ac14/build]   | Requirement already satisfied: aiosignal>=1.1.2 in /opt/hostedtoolcache/Python/3.9.6/x64/lib/python3.9/site-packages (from aiohttp~=3.8.1->sign-client~=0.2.1->user-sync==2.9.0rc2) (1.3.1)\n[e701230b-017d-4d17-8cc5-f19d0ec1ac14/build]   | Requirement already satisfied: frozenlist>=1.1.1 in /opt/hostedtoolcache/Python/3.9.6/x64/lib/python3.9/site-packages (from aiohttp~=3.8.1->sign-client~=0.2.1->user-sync==2.9.0rc2) (1.3.3)\n[e701230b-017d-4d17-8cc5-f19d0ec1ac14/build]   | Requirement already satisfied: attrs>=17.3.0 in /opt/hostedtoolcache/Python/3.9.6/x64/lib/python3.9/site-packages (from aiohttp~=3.8.1->sign-client~=0.2.1->user-sync==2.9.0rc2) (23.1.0)\n[e701230b-017d-4d17-8cc5-f19d0ec1ac14/build]   | Collecting cryptography<39.0.0,>=38.0.4\n[e701230b-017d-4d17-8cc5-f19d0ec1ac14/build]   |   Downloading cryptography-38.0.4-cp36-abi3-manylinux_2_28_x86_64.whl (4.2 MB)\n[e701230b-017d-4d17-8cc5-f19d0ec1ac14/build]   | Collecting PyJWT==2.4.0\n[e701230b-017d-4d17-8cc5-f19d0ec1ac14/build]   |   Downloading PyJWT-2.4.0-py3-none-any.whl (18 kB)\n[e701230b-017d-4d17-8cc5-f19d0ec1ac14/build]   | Collecting cffi>=1.12\n[e701230b-017d-4d17-8cc5-f19d0ec1ac14/build]   |   Downloading cffi-1.15.1-cp39-cp39-manylinux_2_17_x86_64.manylinux2014_x86_64.whl (441 kB)\n[e701230b-017d-4d17-8cc5-f19d0ec1ac14/build]   | Collecting pycparser\n[e701230b-017d-4d17-8cc5-f19d0ec1ac14/build]   |   Downloading pycparser-2.21-py2.py3-none-any.whl (118 kB)\n[e701230b-017d-4d17-8cc5-f19d0ec1ac14/build]   | Collecting importlib-metadata>=4.11.4\n[e701230b-017d-4d17-8cc5-f19d0ec1ac14/build]   |   Downloading importlib_metadata-6.7.0-py3-none-any.whl (22 kB)\n[e701230b-017d-4d17-8cc5-f19d0ec1ac14/build]   | Collecting jeepney>=0.4.2\n[e701230b-017d-4d17-8cc5-f19d0ec1ac14/build]   |   Downloading jeepney-0.8.0-py3-none-any.whl (48 kB)\n[e701230b-017d-4d17-8cc5-f19d0ec1ac14/build]   | Collecting jaraco.classes\n[e701230b-017d-4d17-8cc5-f19d0ec1ac14/build]   |   Downloading jaraco.classes-3.2.3-py3-none-any.whl (6.0 kB)\n[e701230b-017d-4d17-8cc5-f19d0ec1ac14/build]   | Collecting zipp>=0.5\n[e701230b-017d-4d17-8cc5-f19d0ec1ac14/build]   |   Downloading zipp-3.15.0-py3-none-any.whl (6.8 kB)\n[e701230b-017d-4d17-8cc5-f19d0ec1ac14/build]   | Collecting more-itertools\n[e701230b-017d-4d17-8cc5-f19d0ec1ac14/build]   |   Downloading more_itertools-9.1.0-py3-none-any.whl (54 kB)\n[e701230b-017d-4d17-8cc5-f19d0ec1ac14/build]   | Collecting argon2_cffi\n[e701230b-017d-4d17-8cc5-f19d0ec1ac14/build]   |   Downloading argon2_cffi-21.3.0-py3-none-any.whl (14 kB)\n[e701230b-017d-4d17-8cc5-f19d0ec1ac14/build]   | Collecting argon2-cffi-bindings\n[e701230b-017d-4d17-8cc5-f19d0ec1ac14/build]   |   Downloading argon2_cffi_bindings-21.2.0-cp36-abi3-manylinux_2_17_x86_64.manylinux2014_x86_64.whl (86 kB)\n[e701230b-017d-4d17-8cc5-f19d0ec1ac14/build]   | Collecting pyasn1>=0.4.6\n[e701230b-017d-4d17-8cc5-f19d0ec1ac14/build]   |   Downloading pyasn1-0.5.0-py2.py3-none-any.whl (83 kB)\n[e701230b-017d-4d17-8cc5-f19d0ec1ac14/build]   | Using legacy 'setup.py install' for pycryptodome, since package 'wheel' is not installed.\n[e701230b-017d-4d17-8cc5-f19d0ec1ac14/build]   | Using legacy 'setup.py install' for click-default-group, since package 'wheel' is not installed.\n[e701230b-017d-4d17-8cc5-f19d0ec1ac14/build]   | Using legacy 'setup.py install' for dbus-python, since package 'wheel' is not installed.\n[e701230b-017d-4d17-8cc5-f19d0ec1ac14/build]   | Using legacy 'setup.py install' for kerberos, since package 'wheel' is not installed.\n[e701230b-017d-4d17-8cc5-f19d0ec1ac14/build]   | Using legacy 'setup.py install' for keyrings.cryptfile, since package 'wheel' is not installed.\n[e701230b-017d-4d17-8cc5-f19d0ec1ac14/build]   | Installing collected packages: pycparser, cffi, zipp, more-itertools, jeepney, cryptography, secretstorage, jaraco.classes, importlib-metadata, argon2-cffi-bindings, PyJWT, pycryptodome, pyasn1, keyring, contextlib2, click, argon2-cffi, umapi-client, schema, PyYAML, psutil, ldap3, keyrings.cryptfile, kerberos, dbus-python, configparser, click-default-group, user-sync\n[e701230b-017d-4d17-8cc5-f19d0ec1ac14/build]   |     Running setup.py install for pycryptodome: started\n[e701230b-017d-4d17-8cc5-f19d0ec1ac14/build]   |     Running setup.py install for pycryptodome: finished with status 'done'\n[e701230b-017d-4d17-8cc5-f19d0ec1ac14/build]   |     Running setup.py install for keyrings.cryptfile: started\n[e701230b-017d-4d17-8cc5-f19d0ec1ac14/build]   |     Running setup.py install for keyrings.cryptfile: finished with status 'done'\n[e701230b-017d-4d17-8cc5-f19d0ec1ac14/build]   |     Running setup.py install for kerberos: started\n[e701230b-017d-4d17-8cc5-f19d0ec1ac14/build]   |     Running setup.py install for kerberos: finished with status 'done'\n[e701230b-017d-4d17-8cc5-f19d0ec1ac14/build]   |     Running setup.py install for dbus-python: started\n[e701230b-017d-4d17-8cc5-f19d0ec1ac14/build]   |     Running setup.py install for dbus-python: finished with status 'error'\n[e701230b-017d-4d17-8cc5-f19d0ec1ac14/build]   |     ERROR: Command errored out with exit status 1:\n[e701230b-017d-4d17-8cc5-f19d0ec1ac14/build]   |      command: /opt/hostedtoolcache/Python/3.9.6/x64/bin/python -u -c 'import io, os, sys, setuptools, tokenize; sys.argv[0] = '\"'\"'/tmp/pip-install-cgn7v6cu/dbus-python_e27bd7f45f2b4c8e8df5948f2b077f9a/setup.py'\"'\"'; __file__='\"'\"'/tmp/pip-install-cgn7v6cu/dbus-python_e27bd7f45f2b4c8e8df5948f2b077f9a/setup.py'\"'\"';f = getattr(tokenize, '\"'\"'open'\"'\"', open)(__file__) if os.path.exists(__file__) else io.StringIO('\"'\"'from setuptools import setup; setup()'\"'\"');code = f.read().replace('\"'\"'\\r\\n'\"'\"', '\"'\"'\\n'\"'\"');f.close();exec(compile(code, __file__, '\"'\"'exec'\"'\"'))' install --record /tmp/pip-record-6h7bm1bw/install-record.txt --single-version-externally-managed --compile --install-headers /opt/hostedtoolcache/Python/3.9.6/x64/include/python3.9/dbus-python\n[e701230b-017d-4d17-8cc5-f19d0ec1ac14/build]   |          cwd: /tmp/pip-install-cgn7v6cu/dbus-python_e27bd7f45f2b4c8e8df5948f2b077f9a/\n[e701230b-017d-4d17-8cc5-f19d0ec1ac14/build]   |     Complete output (145 lines):\n[e701230b-017d-4d17-8cc5-f19d0ec1ac14/build]   |     running install\n[e701230b-017d-4d17-8cc5-f19d0ec1ac14/build]   |     running build\n[e701230b-017d-4d17-8cc5-f19d0ec1ac14/build]   |     creating /tmp/pip-install-cgn7v6cu/dbus-python_e27bd7f45f2b4c8e8df5948f2b077f9a/build\n[e701230b-017d-4d17-8cc5-f19d0ec1ac14/build]   |     creating /tmp/pip-install-cgn7v6cu/dbus-python_e27bd7f45f2b4c8e8df5948f2b077f9a/build/temp.linux-x86_64-3.9\n[e701230b-017d-4d17-8cc5-f19d0ec1ac14/build]   |     checking whether make supports nested variables... yes\n[e701230b-017d-4d17-8cc5-f19d0ec1ac14/build]   |     checking whether to enable maintainer-specific portions of Makefiles... no\n[e701230b-017d-4d17-8cc5-f19d0ec1ac14/build]   |     checking for gcc... gcc\n[e701230b-017d-4d17-8cc5-f19d0ec1ac14/build]   |     checking whether the C compiler works... yes\n[e701230b-017d-4d17-8cc5-f19d0ec1ac14/build]   |     checking for C compiler default output file name... a.out\n[e701230b-017d-4d17-8cc5-f19d0ec1ac14/build]   |     checking for suffix of executables...\n[e701230b-017d-4d17-8cc5-f19d0ec1ac14/build]   |     checking whether we are cross compiling... no\n[e701230b-017d-4d17-8cc5-f19d0ec1ac14/build]   |     checking for suffix of object files... o\n[e701230b-017d-4d17-8cc5-f19d0ec1ac14/build]   |     checking whether we are using the GNU C compiler... yes\n[e701230b-017d-4d17-8cc5-f19d0ec1ac14/build]   |     checking whether gcc accepts -g... yes\n[e701230b-017d-4d17-8cc5-f19d0ec1ac14/build]   |     checking for gcc option to accept ISO C89... none needed\n[e701230b-017d-4d17-8cc5-f19d0ec1ac14/build]   |     checking whether gcc understands -c and -o together... yes\n[e701230b-017d-4d17-8cc5-f19d0ec1ac14/build]   |     checking how to run the C preprocessor... gcc -E\n[e701230b-017d-4d17-8cc5-f19d0ec1ac14/build]   |     checking for grep that handles long lines and -e... /usr/bin/grep\n[e701230b-017d-4d17-8cc5-f19d0ec1ac14/build]   |     checking for egrep... /usr/bin/grep -E\n[e701230b-017d-4d17-8cc5-f19d0ec1ac14/build]   |     checking for ANSI C header files... yes\n[e701230b-017d-4d17-8cc5-f19d0ec1ac14/build]   |     checking for sys/types.h... yes\n[e701230b-017d-4d17-8cc5-f19d0ec1ac14/build]   |     checking for sys/stat.h... yes\n[e701230b-017d-4d17-8cc5-f19d0ec1ac14/build]   |     checking for stdlib.h... yes\n[e701230b-017d-4d17-8cc5-f19d0ec1ac14/build]   |     checking for string.h... yes\n[e701230b-017d-4d17-8cc5-f19d0ec1ac14/build]   |     checking for memory.h... yes\n[e701230b-017d-4d17-8cc5-f19d0ec1ac14/build]   |     checking for strings.h... yes\n[e701230b-017d-4d17-8cc5-f19d0ec1ac14/build]   |     checking for inttypes.h... yes\n[e701230b-017d-4d17-8cc5-f19d0ec1ac14/build]   |     checking for stdint.h... yes\n[e701230b-017d-4d17-8cc5-f19d0ec1ac14/build]   |     checking for unistd.h... yes\n[e701230b-017d-4d17-8cc5-f19d0ec1ac14/build]   |     checking minix/config.h usability... no\n[e701230b-017d-4d17-8cc5-f19d0ec1ac14/build]   |     checking minix/config.h presence... no\n[e701230b-017d-4d17-8cc5-f19d0ec1ac14/build]   |     checking for minix/config.h... no\n[e701230b-017d-4d17-8cc5-f19d0ec1ac14/build]   |     checking whether it is safe to define __EXTENSIONS__... yes\n[e701230b-017d-4d17-8cc5-f19d0ec1ac14/build]   |     checking for a BSD-compatible install... /usr/bin/install -c\n[e701230b-017d-4d17-8cc5-f19d0ec1ac14/build]   |     checking whether build environment is sane... yes\n[e701230b-017d-4d17-8cc5-f19d0ec1ac14/build]   |     checking for a thread-safe mkdir -p... /usr/bin/mkdir -p\n[e701230b-017d-4d17-8cc5-f19d0ec1ac14/build]   |     checking for gawk... gawk\n[e701230b-017d-4d17-8cc5-f19d0ec1ac14/build]   |     checking whether make sets $(MAKE)... yes\n[e701230b-017d-4d17-8cc5-f19d0ec1ac14/build]   |     checking whether make supports the include directive... yes (GNU style)\n[e701230b-017d-4d17-8cc5-f19d0ec1ac14/build]   |     checking whether UID '1012' is supported by ustar format... yes\n[e701230b-017d-4d17-8cc5-f19d0ec1ac14/build]   |     checking whether GID '1013' is supported by ustar format... yes\n[e701230b-017d-4d17-8cc5-f19d0ec1ac14/build]   |     checking how to create a ustar tar archive... gnutar\n[e701230b-017d-4d17-8cc5-f19d0ec1ac14/build]   |     checking dependency style of gcc... gcc3\n[e701230b-017d-4d17-8cc5-f19d0ec1ac14/build]   |     checking build system type... x86_64-pc-linux-gnu\n[e701230b-017d-4d17-8cc5-f19d0ec1ac14/build]   |     checking host system type... x86_64-pc-linux-gnu\n[e701230b-017d-4d17-8cc5-f19d0ec1ac14/build]   |     checking for native Windows host... no\n[e701230b-017d-4d17-8cc5-f19d0ec1ac14/build]   |     checking how to print strings... printf\n[e701230b-017d-4d17-8cc5-f19d0ec1ac14/build]   |     checking for a sed that does not truncate output... /usr/bin/sed\n[e701230b-017d-4d17-8cc5-f19d0ec1ac14/build]   |     checking for fgrep... /usr/bin/grep -F\n[e701230b-017d-4d17-8cc5-f19d0ec1ac14/build]   |     checking for ld used by gcc... /usr/bin/ld\n[e701230b-017d-4d17-8cc5-f19d0ec1ac14/build]   |     checking if the linker (/usr/bin/ld) is GNU ld... yes\n[e701230b-017d-4d17-8cc5-f19d0ec1ac14/build]   |     checking for BSD- or MS-compatible name lister (nm)... /usr/bin/nm -B\n[e701230b-017d-4d17-8cc5-f19d0ec1ac14/build]   |     checking the name lister (/usr/bin/nm -B) interface... BSD nm\n[e701230b-017d-4d17-8cc5-f19d0ec1ac14/build]   |     checking whether ln -s works... yes\n[e701230b-017d-4d17-8cc5-f19d0ec1ac14/build]   |     checking the maximum length of command line arguments... 1572864\n[e701230b-017d-4d17-8cc5-f19d0ec1ac14/build]   |     checking how to convert x86_64-pc-linux-gnu file names to x86_64-pc-linux-gnu format... func_convert_file_noop\n[e701230b-017d-4d17-8cc5-f19d0ec1ac14/build]   |     checking how to convert x86_64-pc-linux-gnu file names to toolchain format... func_convert_file_noop\n[e701230b-017d-4d17-8cc5-f19d0ec1ac14/build]   |     checking for /usr/bin/ld option to reload object files... -r\n[e701230b-017d-4d17-8cc5-f19d0ec1ac14/build]   |     checking for objdump... objdump\n[e701230b-017d-4d17-8cc5-f19d0ec1ac14/build]   |     checking how to recognize dependent libraries... pass_all\n[e701230b-017d-4d17-8cc5-f19d0ec1ac14/build]   |     checking for dlltool... no\n[e701230b-017d-4d17-8cc5-f19d0ec1ac14/build]   |     checking how to associate runtime and link libraries... printf %s\\n\n[e701230b-017d-4d17-8cc5-f19d0ec1ac14/build]   |     checking for ar... ar\n[e701230b-017d-4d17-8cc5-f19d0ec1ac14/build]   |     checking for archiver @FILE support... @\n[e701230b-017d-4d17-8cc5-f19d0ec1ac14/build]   |     checking for strip... strip\n[e701230b-017d-4d17-8cc5-f19d0ec1ac14/build]   |     checking for ranlib... ranlib\n[e701230b-017d-4d17-8cc5-f19d0ec1ac14/build]   |     checking command to parse /usr/bin/nm -B output from gcc object... ok\n[e701230b-017d-4d17-8cc5-f19d0ec1ac14/build]   |     checking for sysroot... no\n[e701230b-017d-4d17-8cc5-f19d0ec1ac14/build]   |     checking for a working dd... /usr/bin/dd\n[e701230b-017d-4d17-8cc5-f19d0ec1ac14/build]   |     checking how to truncate binary pipes... /usr/bin/dd bs=4096 count=1\n[e701230b-017d-4d17-8cc5-f19d0ec1ac14/build]   |     checking for mt... no\n[e701230b-017d-4d17-8cc5-f19d0ec1ac14/build]   |     checking if : is a manifest tool... no\n[e701230b-017d-4d17-8cc5-f19d0ec1ac14/build]   |     checking for dlfcn.h... yes\n[e701230b-017d-4d17-8cc5-f19d0ec1ac14/build]   |     checking for objdir... .libs\n[e701230b-017d-4d17-8cc5-f19d0ec1ac14/build]   |     checking if gcc supports -fno-rtti -fno-exceptions... no\n[e701230b-017d-4d17-8cc5-f19d0ec1ac14/build]   |     checking for gcc option to produce PIC... -fPIC -DPIC\n[e701230b-017d-4d17-8cc5-f19d0ec1ac14/build]   |     checking if gcc PIC flag -fPIC -DPIC works... yes\n[e701230b-017d-4d17-8cc5-f19d0ec1ac14/build]   |     checking if gcc static flag -static works... yes\n[e701230b-017d-4d17-8cc5-f19d0ec1ac14/build]   |     checking if gcc supports -c -o file.o... yes\n[e701230b-017d-4d17-8cc5-f19d0ec1ac14/build]   |     checking if gcc supports -c -o file.o... (cached) yes\n[e701230b-017d-4d17-8cc5-f19d0ec1ac14/build]   |     checking whether the gcc linker (/usr/bin/ld -m elf_x86_64) supports shared libraries... yes\n[e701230b-017d-4d17-8cc5-f19d0ec1ac14/build]   |     checking whether -lc should be explicitly linked in... no\n[e701230b-017d-4d17-8cc5-f19d0ec1ac14/build]   |     checking dynamic linker characteristics... GNU/Linux ld.so\n[e701230b-017d-4d17-8cc5-f19d0ec1ac14/build]   |     checking how to hardcode library paths into programs... immediate\n[e701230b-017d-4d17-8cc5-f19d0ec1ac14/build]   |     checking whether stripping libraries is possible... yes\n[e701230b-017d-4d17-8cc5-f19d0ec1ac14/build]   |     checking if libtool supports shared libraries... yes\n[e701230b-017d-4d17-8cc5-f19d0ec1ac14/build]   |     checking whether to build shared libraries... yes\n[e701230b-017d-4d17-8cc5-f19d0ec1ac14/build]   |     checking whether to build static libraries... no\n[e701230b-017d-4d17-8cc5-f19d0ec1ac14/build]   |     checking for inline... inline\n[e701230b-017d-4d17-8cc5-f19d0ec1ac14/build]   |     checking for gawk... (cached) gawk\n[e701230b-017d-4d17-8cc5-f19d0ec1ac14/build]   |     checking for python... /opt/hostedtoolcache/Python/3.9.6/x64/bin/python\n[e701230b-017d-4d17-8cc5-f19d0ec1ac14/build]   |     checking for a version of Python >= '2.1.0'... yes\n[e701230b-017d-4d17-8cc5-f19d0ec1ac14/build]   |     checking for a version of Python >= '2.7'... yes\n[e701230b-017d-4d17-8cc5-f19d0ec1ac14/build]   |     checking for the distutils Python package... yes\n[e701230b-017d-4d17-8cc5-f19d0ec1ac14/build]   |     checking for Python include path... -I/opt/hostedtoolcache/Python/3.9.6/x64/include/python3.9\n[e701230b-017d-4d17-8cc5-f19d0ec1ac14/build]   |     checking for Python library path... -L/opt/hostedtoolcache/Python/3.9.6/x64/lib -lpython3.9\n[e701230b-017d-4d17-8cc5-f19d0ec1ac14/build]   |     checking for Python site-packages path... /opt/hostedtoolcache/Python/3.9.6/x64/lib/python3.9/site-packages\n[e701230b-017d-4d17-8cc5-f19d0ec1ac14/build]   |     checking python extra libraries... -lcrypt -lpthread -ldl  -lutil -lm -lm\n[e701230b-017d-4d17-8cc5-f19d0ec1ac14/build]   |     checking python extra linking flags... -Xlinker -export-dynamic\n[e701230b-017d-4d17-8cc5-f19d0ec1ac14/build]   |     checking consistency of all components of python development environment... yes\n[e701230b-017d-4d17-8cc5-f19d0ec1ac14/build]   |     checking for python version... 3.9\n[e701230b-017d-4d17-8cc5-f19d0ec1ac14/build]   |     checking for python platform... linux\n[e701230b-017d-4d17-8cc5-f19d0ec1ac14/build]   |     checking for python script directory... ${prefix}/lib/python3.9/site-packages\n[e701230b-017d-4d17-8cc5-f19d0ec1ac14/build]   |     checking for python extension module directory... ${exec_prefix}/lib/python3.9/site-packages\n[e701230b-017d-4d17-8cc5-f19d0ec1ac14/build]   |     checking python module: sphinx... no\n[e701230b-017d-4d17-8cc5-f19d0ec1ac14/build]   |     checking python module: sphinx_rtd_theme... no\n[e701230b-017d-4d17-8cc5-f19d0ec1ac14/build]   |     checking for dbus-run-session... /usr/bin/dbus-run-session\n[e701230b-017d-4d17-8cc5-f19d0ec1ac14/build]   |     checking for pkg-config... /usr/bin/pkg-config\n[e701230b-017d-4d17-8cc5-f19d0ec1ac14/build]   |     checking pkg-config is at least version 0.9.0... yes\n[e701230b-017d-4d17-8cc5-f19d0ec1ac14/build]   |     checking for dbus-1 >= 1.8... no\n[e701230b-017d-4d17-8cc5-f19d0ec1ac14/build]   |     configure: error: Package requirements (dbus-1 >= 1.8) were not met:\n[e701230b-017d-4d17-8cc5-f19d0ec1ac14/build]   |     \n[e701230b-017d-4d17-8cc5-f19d0ec1ac14/build]   |     No package 'dbus-1' found\n[e701230b-017d-4d17-8cc5-f19d0ec1ac14/build]   |     \n[e701230b-017d-4d17-8cc5-f19d0ec1ac14/build]   |     Consider adjusting the PKG_CONFIG_PATH environment variable if you\n[e701230b-017d-4d17-8cc5-f19d0ec1ac14/build]   |     installed software in a non-standard prefix.\n[e701230b-017d-4d17-8cc5-f19d0ec1ac14/build]   |     \n[e701230b-017d-4d17-8cc5-f19d0ec1ac14/build]   |     Alternatively, you may set the environment variables DBUS_CFLAGS\n[e701230b-017d-4d17-8cc5-f19d0ec1ac14/build]   |     and DBUS_LIBS to avoid the need to call pkg-config.\n[e701230b-017d-4d17-8cc5-f19d0ec1ac14/build]   |     See the pkg-config man page for more details.\n[e701230b-017d-4d17-8cc5-f19d0ec1ac14/build]   |     Traceback (most recent call last):\n[e701230b-017d-4d17-8cc5-f19d0ec1ac14/build]   |       File \"<string>\", line 1, in <module>\n[e701230b-017d-4d17-8cc5-f19d0ec1ac14/build]   |       File \"/tmp/pip-install-cgn7v6cu/dbus-python_e27bd7f45f2b4c8e8df5948f2b077f9a/setup.py\", line 85, in <module>\n[e701230b-017d-4d17-8cc5-f19d0ec1ac14/build]   |         setup(\n[e701230b-017d-4d17-8cc5-f19d0ec1ac14/build]   |       File \"/opt/hostedtoolcache/Python/3.9.6/x64/lib/python3.9/site-packages/setuptools/__init__.py\", line 153, in setup\n[e701230b-017d-4d17-8cc5-f19d0ec1ac14/build]   |         return distutils.core.setup(**attrs)\n[e701230b-017d-4d17-8cc5-f19d0ec1ac14/build]   |       File \"/opt/hostedtoolcache/Python/3.9.6/x64/lib/python3.9/distutils/core.py\", line 148, in setup\n[e701230b-017d-4d17-8cc5-f19d0ec1ac14/build]   |         dist.run_commands()\n[e701230b-017d-4d17-8cc5-f19d0ec1ac14/build]   |       File \"/opt/hostedtoolcache/Python/3.9.6/x64/lib/python3.9/distutils/dist.py\", line 966, in run_commands\n[e701230b-017d-4d17-8cc5-f19d0ec1ac14/build]   |         self.run_command(cmd)\n[e701230b-017d-4d17-8cc5-f19d0ec1ac14/build]   |       File \"/opt/hostedtoolcache/Python/3.9.6/x64/lib/python3.9/distutils/dist.py\", line 985, in run_command\n[e701230b-017d-4d17-8cc5-f19d0ec1ac14/build]   |         cmd_obj.run()\n[e701230b-017d-4d17-8cc5-f19d0ec1ac14/build]   |       File \"/opt/hostedtoolcache/Python/3.9.6/x64/lib/python3.9/site-packages/setuptools/command/install.py\", line 61, in run\n[e701230b-017d-4d17-8cc5-f19d0ec1ac14/build]   |         return orig.install.run(self)\n[e701230b-017d-4d17-8cc5-f19d0ec1ac14/build]   |       File \"/opt/hostedtoolcache/Python/3.9.6/x64/lib/python3.9/distutils/command/install.py\", line 546, in run\n[e701230b-017d-4d17-8cc5-f19d0ec1ac14/build]   |         self.run_command('build')\n[e701230b-017d-4d17-8cc5-f19d0ec1ac14/build]   |       File \"/opt/hostedtoolcache/Python/3.9.6/x64/lib/python3.9/distutils/cmd.py\", line 313, in run_command\n[e701230b-017d-4d17-8cc5-f19d0ec1ac14/build]   |         self.distribution.run_command(command)\n[e701230b-017d-4d17-8cc5-f19d0ec1ac14/build]   |       File \"/opt/hostedtoolcache/Python/3.9.6/x64/lib/python3.9/distutils/dist.py\", line 985, in run_command\n[e701230b-017d-4d17-8cc5-f19d0ec1ac14/build]   |         cmd_obj.run()\n[e701230b-017d-4d17-8cc5-f19d0ec1ac14/build]   |       File \"/tmp/pip-install-cgn7v6cu/dbus-python_e27bd7f45f2b4c8e8df5948f2b077f9a/setup.py\", line 56, in run\n[e701230b-017d-4d17-8cc5-f19d0ec1ac14/build]   |         subprocess.check_call([\n[e701230b-017d-4d17-8cc5-f19d0ec1ac14/build]   |       File \"/opt/hostedtoolcache/Python/3.9.6/x64/lib/python3.9/subprocess.py\", line 373, in check_call\n[e701230b-017d-4d17-8cc5-f19d0ec1ac14/build]   |         raise CalledProcessError(retcode, cmd)\n[e701230b-017d-4d17-8cc5-f19d0ec1ac14/build]   |     subprocess.CalledProcessError: Command '['/tmp/pip-install-cgn7v6cu/dbus-python_e27bd7f45f2b4c8e8df5948f2b077f9a/configure', '--disable-maintainer-mode', 'PYTHON=/opt/hostedtoolcache/Python/3.9.6/x64/bin/python', '--prefix=/tmp/pip-install-cgn7v6cu/dbus-python_e27bd7f45f2b4c8e8df5948f2b077f9a/build/temp.linux-x86_64-3.9/prefix']' returned non-zero exit status 1.\n[e701230b-017d-4d17-8cc5-f19d0ec1ac14/build]   |     ----------------------------------------\n[e701230b-017d-4d17-8cc5-f19d0ec1ac14/build]   | ERROR: Command errored out with exit status 1: /opt/hostedtoolcache/Python/3.9.6/x64/bin/python -u -c 'import io, os, sys, setuptools, tokenize; sys.argv[0] = '\"'\"'/tmp/pip-install-cgn7v6cu/dbus-python_e27bd7f45f2b4c8e8df5948f2b077f9a/setup.py'\"'\"'; __file__='\"'\"'/tmp/pip-install-cgn7v6cu/dbus-python_e27bd7f45f2b4c8e8df5948f2b077f9a/setup.py'\"'\"';f = getattr(tokenize, '\"'\"'open'\"'\"', open)(__file__) if os.path.exists(__file__) else io.StringIO('\"'\"'from setuptools import setup; setup()'\"'\"');code = f.read().replace('\"'\"'\\r\\n'\"'\"', '\"'\"'\\n'\"'\"');f.close();exec(compile(code, __file__, '\"'\"'exec'\"'\"'))' install --record /tmp/pip-record-6h7bm1bw/install-record.txt --single-version-externally-managed --compile --install-headers /opt/hostedtoolcache/Python/3.9.6/x64/include/python3.9/dbus-python Check the logs for full command output.\n[e701230b-017d-4d17-8cc5-f19d0ec1ac14/build]   | WARNING: You are using pip version 21.2.4; however, version 23.1.2 is available.\n[e701230b-017d-4d17-8cc5-f19d0ec1ac14/build]   | You should consider upgrading via the '/opt/hostedtoolcache/Python/3.9.6/x64/bin/python -m pip install --upgrade pip' command.\n[e701230b-017d-4d17-8cc5-f19d0ec1ac14/build]   \u274c  Failure - Main Install dependencies\n[e701230b-017d-4d17-8cc5-f19d0ec1ac14/build] exitcode '1': failure\n[e701230b-017d-4d17-8cc5-f19d0ec1ac14/build] \ud83c\udfc1  Job failed\n",
        "stderr": "Error: Job 'build' failed\n",
        "workflow": "/tmp/ad9c0f7e-1596-11ee-8a50-bb14de238602/adobe-apiplatform-user-sync.py/.github/workflows/build-crawler.yml",
        "build_tool": "pytest",
        "elapsed_time": 173.1177806854248
    }
}