{
    "repository": "amosbastian/understat",
    "stars": 139,
    "language": "python",
    "size": 102,
    "clone_url": "https://github.com/amosbastian/understat.git",
    "timestamp": "2023-06-28T13:42:51.559477Z",
    "clone_success": true,
    "number_of_actions": 1,
    "number_of_test_actions": 1,
    "actions_successful": true,
    "actions_build_tools": [
        "pytest"
    ],
    "actions_test_build_tools": [
        "pytest"
    ],
    "actions_run": {
        "failed": false,
        "tests": [
            {
                "classname": "tests.test_understat.TestUnderstat",
                "name": "test_init",
                "time": 0.002,
                "results": [
                    {
                        "result": "Passed",
                        "message": "",
                        "type": ""
                    }
                ],
                "stdout": null,
                "stderr": null
            },
            {
                "classname": "tests.test_understat.TestUnderstat",
                "name": "test_get_stats",
                "time": 0.319,
                "results": [
                    {
                        "result": "Passed",
                        "message": "",
                        "type": ""
                    }
                ],
                "stdout": null,
                "stderr": null
            },
            {
                "classname": "tests.test_understat.TestUnderstat",
                "name": "test_get_stats_with_options",
                "time": 5.297,
                "results": [
                    {
                        "result": "Passed",
                        "message": "",
                        "type": ""
                    }
                ],
                "stdout": null,
                "stderr": null
            },
            {
                "classname": "tests.test_understat.TestUnderstat",
                "name": "test_get_teams",
                "time": 1.404,
                "results": [
                    {
                        "result": "Passed",
                        "message": "",
                        "type": ""
                    }
                ],
                "stdout": null,
                "stderr": null
            },
            {
                "classname": "tests.test_understat.TestUnderstat",
                "name": "test_get_team_with_options",
                "time": 1.224,
                "results": [
                    {
                        "result": "Passed",
                        "message": "",
                        "type": ""
                    }
                ],
                "stdout": null,
                "stderr": null
            },
            {
                "classname": "tests.test_understat.TestUnderstat",
                "name": "test_get_league_players",
                "time": 1.883,
                "results": [
                    {
                        "result": "Passed",
                        "message": "",
                        "type": ""
                    }
                ],
                "stdout": null,
                "stderr": null
            },
            {
                "classname": "tests.test_understat.TestUnderstat",
                "name": "test_get_league_players_with_options",
                "time": 0.872,
                "results": [
                    {
                        "result": "Passed",
                        "message": "",
                        "type": ""
                    }
                ],
                "stdout": null,
                "stderr": null
            },
            {
                "classname": "tests.test_understat.TestUnderstat",
                "name": "test_get_league_results",
                "time": 1.295,
                "results": [
                    {
                        "result": "Passed",
                        "message": "",
                        "type": ""
                    }
                ],
                "stdout": null,
                "stderr": null
            },
            {
                "classname": "tests.test_understat.TestUnderstat",
                "name": "test_get_league_results_with_options",
                "time": 0.791,
                "results": [
                    {
                        "result": "Passed",
                        "message": "",
                        "type": ""
                    }
                ],
                "stdout": null,
                "stderr": null
            },
            {
                "classname": "tests.test_understat.TestUnderstat",
                "name": "test_get_league_fixtures",
                "time": 1.356,
                "results": [
                    {
                        "result": "Passed",
                        "message": "",
                        "type": ""
                    }
                ],
                "stdout": null,
                "stderr": null
            },
            {
                "classname": "tests.test_understat.TestUnderstat",
                "name": "test_get_league_fixtures_with_options",
                "time": 0.41,
                "results": [
                    {
                        "result": "Failure",
                        "message": "assert 0 > 0\n +  where 0 = len([])",
                        "type": null
                    }
                ],
                "stdout": null,
                "stderr": null
            },
            {
                "classname": "tests.test_understat.TestUnderstat",
                "name": "test_get_league_table",
                "time": 0.52,
                "results": [
                    {
                        "result": "Passed",
                        "message": "",
                        "type": ""
                    }
                ],
                "stdout": null,
                "stderr": null
            },
            {
                "classname": "tests.test_understat.TestUnderstat",
                "name": "test_get_league_table_with_date",
                "time": 0.442,
                "results": [
                    {
                        "result": "Passed",
                        "message": "",
                        "type": ""
                    }
                ],
                "stdout": null,
                "stderr": null
            },
            {
                "classname": "tests.test_understat.TestUnderstat",
                "name": "test_get_player_shots",
                "time": 0.446,
                "results": [
                    {
                        "result": "Passed",
                        "message": "",
                        "type": ""
                    }
                ],
                "stdout": null,
                "stderr": null
            },
            {
                "classname": "tests.test_understat.TestUnderstat",
                "name": "test_get_player_shots_with_options",
                "time": 0.572,
                "results": [
                    {
                        "result": "Passed",
                        "message": "",
                        "type": ""
                    }
                ],
                "stdout": null,
                "stderr": null
            },
            {
                "classname": "tests.test_understat.TestUnderstat",
                "name": "test_get_matches",
                "time": 0.327,
                "results": [
                    {
                        "result": "Passed",
                        "message": "",
                        "type": ""
                    }
                ],
                "stdout": null,
                "stderr": null
            },
            {
                "classname": "tests.test_understat.TestUnderstat",
                "name": "test_get_matches_with_options",
                "time": 0.457,
                "results": [
                    {
                        "result": "Passed",
                        "message": "",
                        "type": ""
                    }
                ],
                "stdout": null,
                "stderr": null
            },
            {
                "classname": "tests.test_understat.TestUnderstat",
                "name": "test_get_player_stats",
                "time": 5.593,
                "results": [
                    {
                        "result": "Passed",
                        "message": "",
                        "type": ""
                    }
                ],
                "stdout": null,
                "stderr": null
            },
            {
                "classname": "tests.test_understat.TestUnderstat",
                "name": "test_get_player_grouped_stats",
                "time": 0.382,
                "results": [
                    {
                        "result": "Passed",
                        "message": "",
                        "type": ""
                    }
                ],
                "stdout": null,
                "stderr": null
            },
            {
                "classname": "tests.test_understat.TestUnderstat",
                "name": "test_get_team_stats",
                "time": 0.743,
                "results": [
                    {
                        "result": "Passed",
                        "message": "",
                        "type": ""
                    }
                ],
                "stdout": null,
                "stderr": null
            },
            {
                "classname": "tests.test_understat.TestUnderstat",
                "name": "test_get_team_results",
                "time": 0.249,
                "results": [
                    {
                        "result": "Passed",
                        "message": "",
                        "type": ""
                    }
                ],
                "stdout": null,
                "stderr": null
            },
            {
                "classname": "tests.test_understat.TestUnderstat",
                "name": "test_get_team_results_with_options",
                "time": 0.408,
                "results": [
                    {
                        "result": "Passed",
                        "message": "",
                        "type": ""
                    }
                ],
                "stdout": null,
                "stderr": null
            },
            {
                "classname": "tests.test_understat.TestUnderstat",
                "name": "test_get_team_fixtures",
                "time": 0.242,
                "results": [
                    {
                        "result": "Passed",
                        "message": "",
                        "type": ""
                    }
                ],
                "stdout": null,
                "stderr": null
            },
            {
                "classname": "tests.test_understat.TestUnderstat",
                "name": "test_get_team_fixtures_with_options",
                "time": 0.359,
                "results": [
                    {
                        "result": "Passed",
                        "message": "",
                        "type": ""
                    }
                ],
                "stdout": null,
                "stderr": null
            },
            {
                "classname": "tests.test_understat.TestUnderstat",
                "name": "test_get_team_players",
                "time": 0.364,
                "results": [
                    {
                        "result": "Passed",
                        "message": "",
                        "type": ""
                    }
                ],
                "stdout": null,
                "stderr": null
            },
            {
                "classname": "tests.test_understat.TestUnderstat",
                "name": "test_get_team_players_with_options",
                "time": 0.676,
                "results": [
                    {
                        "result": "Passed",
                        "message": "",
                        "type": ""
                    }
                ],
                "stdout": null,
                "stderr": null
            },
            {
                "classname": "tests.test_understat.TestUnderstat",
                "name": "test_get_match_players",
                "time": 0.226,
                "results": [
                    {
                        "result": "Passed",
                        "message": "",
                        "type": ""
                    }
                ],
                "stdout": null,
                "stderr": null
            },
            {
                "classname": "tests.test_understat.TestUnderstat",
                "name": "test_get_match_shots",
                "time": 0.398,
                "results": [
                    {
                        "result": "Passed",
                        "message": "",
                        "type": ""
                    }
                ],
                "stdout": null,
                "stderr": null
            },
            {
                "classname": "tests.test_utils.TestUtils",
                "name": "test_to_league_name",
                "time": 0.001,
                "results": [
                    {
                        "result": "Passed",
                        "message": "",
                        "type": ""
                    }
                ],
                "stdout": null,
                "stderr": null
            },
            {
                "classname": "tests.test_utils.TestUtils",
                "name": "test_filter_data",
                "time": 0.001,
                "results": [
                    {
                        "result": "Passed",
                        "message": "",
                        "type": ""
                    }
                ],
                "stdout": null,
                "stderr": null
            },
            {
                "classname": "tests.test_utils.TestUtils",
                "name": "test_filter_by_positions",
                "time": 0.001,
                "results": [
                    {
                        "result": "Passed",
                        "message": "",
                        "type": ""
                    }
                ],
                "stdout": null,
                "stderr": null
            },
            {
                "classname": "tests.test_utils.TestUtils",
                "name": "test_filter_by_date",
                "time": 0.001,
                "results": [
                    {
                        "result": "Passed",
                        "message": "",
                        "type": ""
                    }
                ],
                "stdout": null,
                "stderr": null
            }
        ],
        "stdout": "[3ddda2f2-f9ff-49b2-8777-6bb70c880d2c/unit-tests] \ud83d\ude80  Start image=crawlergpt:latest\n[3ddda2f2-f9ff-49b2-8777-6bb70c880d2c/unit-tests]   \ud83d\udc33  docker pull image=crawlergpt:latest platform= username= forcePull=false\n[3ddda2f2-f9ff-49b2-8777-6bb70c880d2c/unit-tests]   \ud83d\udc33  docker create image=crawlergpt:latest platform= entrypoint=[\"tail\" \"-f\" \"/dev/null\"] cmd=[]\n[3ddda2f2-f9ff-49b2-8777-6bb70c880d2c/unit-tests]   \ud83d\udc33  docker run image=crawlergpt:latest platform= entrypoint=[\"tail\" \"-f\" \"/dev/null\"] cmd=[]\n[3ddda2f2-f9ff-49b2-8777-6bb70c880d2c/unit-tests]   \ud83d\udc33  docker exec cmd=[chown -R 1012:1013 /tmp/ad9c0f7e-1596-11ee-8a50-bb14de238602/amosbastian-understat] user=0 workdir=\n[3ddda2f2-f9ff-49b2-8777-6bb70c880d2c/unit-tests]   \u2601  git clone 'https://github.com/actions/setup-python' # ref=v3\n[3ddda2f2-f9ff-49b2-8777-6bb70c880d2c/unit-tests] \ud83e\uddea  Matrix: map[python-version:3.7]\n[3ddda2f2-f9ff-49b2-8777-6bb70c880d2c/unit-tests] \u2b50 Run Main actions/checkout@v3\n[3ddda2f2-f9ff-49b2-8777-6bb70c880d2c/unit-tests]   \u2705  Success - Main actions/checkout@v3\n[3ddda2f2-f9ff-49b2-8777-6bb70c880d2c/unit-tests] \u2b50 Run Main Set up Python 3.7\n[3ddda2f2-f9ff-49b2-8777-6bb70c880d2c/unit-tests]   \ud83d\udc33  docker cp src=/tmp/act-cache/9cd352fe-34f2-4a62-802f-aed1b001b95b/act/actions-setup-python@v3/ dst=/var/run/act/actions/actions-setup-python@v3/\n[3ddda2f2-f9ff-49b2-8777-6bb70c880d2c/unit-tests]   \ud83d\udc33  docker exec cmd=[chown -R 1012:1013 /var/run/act/actions/actions-setup-python@v3/] user=0 workdir=\n[3ddda2f2-f9ff-49b2-8777-6bb70c880d2c/unit-tests]   \ud83d\udc33  docker exec cmd=[node /var/run/act/actions/actions-setup-python@v3/dist/setup/index.js] user= workdir=\n[3ddda2f2-f9ff-49b2-8777-6bb70c880d2c/unit-tests]   \ud83d\udcac  ::debug::Semantic version spec of 3.7 is 3.7\n[3ddda2f2-f9ff-49b2-8777-6bb70c880d2c/unit-tests]   \ud83d\udcac  ::debug::isExplicit: \n[3ddda2f2-f9ff-49b2-8777-6bb70c880d2c/unit-tests]   \ud83d\udcac  ::debug::explicit? false\n[3ddda2f2-f9ff-49b2-8777-6bb70c880d2c/unit-tests]   \ud83d\udcac  ::debug::isExplicit: 2.7.18\n[3ddda2f2-f9ff-49b2-8777-6bb70c880d2c/unit-tests]   \ud83d\udcac  ::debug::explicit? true\n[3ddda2f2-f9ff-49b2-8777-6bb70c880d2c/unit-tests]   \ud83d\udcac  ::debug::isExplicit: 3.5.10\n[3ddda2f2-f9ff-49b2-8777-6bb70c880d2c/unit-tests]   \ud83d\udcac  ::debug::explicit? true\n[3ddda2f2-f9ff-49b2-8777-6bb70c880d2c/unit-tests]   \ud83d\udcac  ::debug::isExplicit: 3.6.14\n[3ddda2f2-f9ff-49b2-8777-6bb70c880d2c/unit-tests]   \ud83d\udcac  ::debug::explicit? true\n[3ddda2f2-f9ff-49b2-8777-6bb70c880d2c/unit-tests]   \ud83d\udcac  ::debug::isExplicit: 3.7.11\n[3ddda2f2-f9ff-49b2-8777-6bb70c880d2c/unit-tests]   \ud83d\udcac  ::debug::explicit? true\n[3ddda2f2-f9ff-49b2-8777-6bb70c880d2c/unit-tests]   \ud83d\udcac  ::debug::isExplicit: 3.8.11\n[3ddda2f2-f9ff-49b2-8777-6bb70c880d2c/unit-tests]   \ud83d\udcac  ::debug::explicit? true\n[3ddda2f2-f9ff-49b2-8777-6bb70c880d2c/unit-tests]   \ud83d\udcac  ::debug::isExplicit: 3.9.6\n[3ddda2f2-f9ff-49b2-8777-6bb70c880d2c/unit-tests]   \ud83d\udcac  ::debug::explicit? true\n[3ddda2f2-f9ff-49b2-8777-6bb70c880d2c/unit-tests]   \ud83d\udcac  ::debug::evaluating 6 versions\n[3ddda2f2-f9ff-49b2-8777-6bb70c880d2c/unit-tests]   \ud83d\udcac  ::debug::matched: 3.7.11\n[3ddda2f2-f9ff-49b2-8777-6bb70c880d2c/unit-tests]   \ud83d\udcac  ::debug::checking cache: /opt/hostedtoolcache/Python/3.7.11/x64\n[3ddda2f2-f9ff-49b2-8777-6bb70c880d2c/unit-tests]   \ud83d\udcac  ::debug::Found tool in cache Python 3.7.11 x64\n[3ddda2f2-f9ff-49b2-8777-6bb70c880d2c/unit-tests]   | Successfully setup CPython (3.7.11)\n[3ddda2f2-f9ff-49b2-8777-6bb70c880d2c/unit-tests]   \u2753 add-matcher /run/act/actions/actions-setup-python@v3/.github/python.json\n[3ddda2f2-f9ff-49b2-8777-6bb70c880d2c/unit-tests]   \u2705  Success - Main Set up Python 3.7\n[3ddda2f2-f9ff-49b2-8777-6bb70c880d2c/unit-tests]   \u2699  ::set-env:: pythonLocation=/opt/hostedtoolcache/Python/3.7.11/x64\n[3ddda2f2-f9ff-49b2-8777-6bb70c880d2c/unit-tests]   \u2699  ::set-env:: LD_LIBRARY_PATH=/opt/hostedtoolcache/Python/3.7.11/x64/lib\n[3ddda2f2-f9ff-49b2-8777-6bb70c880d2c/unit-tests]   \u2699  ::set-output:: python-version=3.7.11\n[3ddda2f2-f9ff-49b2-8777-6bb70c880d2c/unit-tests]   \u2699  ::add-path:: /opt/hostedtoolcache/Python/3.7.11/x64\n[3ddda2f2-f9ff-49b2-8777-6bb70c880d2c/unit-tests]   \u2699  ::add-path:: /opt/hostedtoolcache/Python/3.7.11/x64/bin\n[3ddda2f2-f9ff-49b2-8777-6bb70c880d2c/unit-tests] \u2b50 Run Main Install dependencies\n[3ddda2f2-f9ff-49b2-8777-6bb70c880d2c/unit-tests]   \ud83d\udc33  docker exec cmd=[bash --noprofile --norc -e -o pipefail /var/run/act/workflow/2] user= workdir=\n[3ddda2f2-f9ff-49b2-8777-6bb70c880d2c/unit-tests]   | Requirement already satisfied: pip in /opt/hostedtoolcache/Python/3.7.11/x64/lib/python3.7/site-packages (21.2.4)\n[3ddda2f2-f9ff-49b2-8777-6bb70c880d2c/unit-tests]   | Collecting pip\n[3ddda2f2-f9ff-49b2-8777-6bb70c880d2c/unit-tests]   |   Downloading pip-23.1.2-py3-none-any.whl (2.1 MB)\n[3ddda2f2-f9ff-49b2-8777-6bb70c880d2c/unit-tests]   | Installing collected packages: pip\n[3ddda2f2-f9ff-49b2-8777-6bb70c880d2c/unit-tests]   |   Attempting uninstall: pip\n[3ddda2f2-f9ff-49b2-8777-6bb70c880d2c/unit-tests]   |     Found existing installation: pip 21.2.4\n[3ddda2f2-f9ff-49b2-8777-6bb70c880d2c/unit-tests]   |     Uninstalling pip-21.2.4:\n[3ddda2f2-f9ff-49b2-8777-6bb70c880d2c/unit-tests]   |       Successfully uninstalled pip-21.2.4\n[3ddda2f2-f9ff-49b2-8777-6bb70c880d2c/unit-tests]   | Successfully installed pip-23.1.2\n[3ddda2f2-f9ff-49b2-8777-6bb70c880d2c/unit-tests]   | Processing /tmp/ad9c0f7e-1596-11ee-8a50-bb14de238602/amosbastian-understat\n[3ddda2f2-f9ff-49b2-8777-6bb70c880d2c/unit-tests]   |   Installing build dependencies: started\n[3ddda2f2-f9ff-49b2-8777-6bb70c880d2c/unit-tests]   |   Installing build dependencies: finished with status 'done'\n[3ddda2f2-f9ff-49b2-8777-6bb70c880d2c/unit-tests]   |   Getting requirements to build wheel: started\n[3ddda2f2-f9ff-49b2-8777-6bb70c880d2c/unit-tests]   |   Getting requirements to build wheel: finished with status 'done'\n[3ddda2f2-f9ff-49b2-8777-6bb70c880d2c/unit-tests]   |   Preparing metadata (pyproject.toml): started\n[3ddda2f2-f9ff-49b2-8777-6bb70c880d2c/unit-tests]   |   Preparing metadata (pyproject.toml): finished with status 'done'\n[3ddda2f2-f9ff-49b2-8777-6bb70c880d2c/unit-tests]   | Collecting beautifulsoup4==4.11.1 (from understat==0.1.11)\n[3ddda2f2-f9ff-49b2-8777-6bb70c880d2c/unit-tests]   |   Downloading beautifulsoup4-4.11.1-py3-none-any.whl (128 kB)\n[3ddda2f2-f9ff-49b2-8777-6bb70c880d2c/unit-tests]   |      \u2501\u2501\u2501\u2501\u2501\u2501\u2501\u2501\u2501\u2501\u2501\u2501\u2501\u2501\u2501\u2501\u2501\u2501\u2501\u2501\u2501\u2501\u2501\u2501\u2501\u2501\u2501\u2501\u2501\u2501\u2501\u2501\u2501\u2501\u2501\u2501\u2501\u2501 128.2/128.2 kB 12.0 MB/s eta 0:00:00\n[3ddda2f2-f9ff-49b2-8777-6bb70c880d2c/unit-tests]   | Collecting pytest-aiohttp==1.0.4 (from understat==0.1.11)\n[3ddda2f2-f9ff-49b2-8777-6bb70c880d2c/unit-tests]   |   Downloading pytest_aiohttp-1.0.4-py3-none-any.whl (8.6 kB)\n[3ddda2f2-f9ff-49b2-8777-6bb70c880d2c/unit-tests]   | Collecting pytest-cov==4.0.0 (from understat==0.1.11)\n[3ddda2f2-f9ff-49b2-8777-6bb70c880d2c/unit-tests]   |   Downloading pytest_cov-4.0.0-py3-none-any.whl (21 kB)\n[3ddda2f2-f9ff-49b2-8777-6bb70c880d2c/unit-tests]   | Collecting pytest-mock==3.6.0 (from understat==0.1.11)\n[3ddda2f2-f9ff-49b2-8777-6bb70c880d2c/unit-tests]   |   Downloading pytest_mock-3.6.0-py3-none-any.whl (12 kB)\n[3ddda2f2-f9ff-49b2-8777-6bb70c880d2c/unit-tests]   | Collecting pytest==7.2.0 (from understat==0.1.11)\n[3ddda2f2-f9ff-49b2-8777-6bb70c880d2c/unit-tests]   |   Downloading pytest-7.2.0-py3-none-any.whl (316 kB)\n[3ddda2f2-f9ff-49b2-8777-6bb70c880d2c/unit-tests]   |      \u2501\u2501\u2501\u2501\u2501\u2501\u2501\u2501\u2501\u2501\u2501\u2501\u2501\u2501\u2501\u2501\u2501\u2501\u2501\u2501\u2501\u2501\u2501\u2501\u2501\u2501\u2501\u2501\u2501\u2501\u2501\u2501\u2501\u2501\u2501\u2501\u2501\u2501 316.8/316.8 kB 15.1 MB/s eta 0:00:00\n[3ddda2f2-f9ff-49b2-8777-6bb70c880d2c/unit-tests]   | Collecting aiohttp==3.8.3 (from understat==0.1.11)\n[3ddda2f2-f9ff-49b2-8777-6bb70c880d2c/unit-tests]   |   Downloading aiohttp-3.8.3-cp37-cp37m-manylinux_2_17_x86_64.manylinux2014_x86_64.whl (948 kB)\n[3ddda2f2-f9ff-49b2-8777-6bb70c880d2c/unit-tests]   |      \u2501\u2501\u2501\u2501\u2501\u2501\u2501\u2501\u2501\u2501\u2501\u2501\u2501\u2501\u2501\u2501\u2501\u2501\u2501\u2501\u2501\u2501\u2501\u2501\u2501\u2501\u2501\u2501\u2501\u2501\u2501\u2501\u2501\u2501\u2501\u2501\u2501\u2501 948.0/948.0 kB 14.3 MB/s eta 0:00:00\n[3ddda2f2-f9ff-49b2-8777-6bb70c880d2c/unit-tests]   | Collecting attrs>=17.3.0 (from aiohttp==3.8.3->understat==0.1.11)\n[3ddda2f2-f9ff-49b2-8777-6bb70c880d2c/unit-tests]   |   Downloading attrs-23.1.0-py3-none-any.whl (61 kB)\n[3ddda2f2-f9ff-49b2-8777-6bb70c880d2c/unit-tests]   |      \u2501\u2501\u2501\u2501\u2501\u2501\u2501\u2501\u2501\u2501\u2501\u2501\u2501\u2501\u2501\u2501\u2501\u2501\u2501\u2501\u2501\u2501\u2501\u2501\u2501\u2501\u2501\u2501\u2501\u2501\u2501\u2501\u2501\u2501\u2501\u2501\u2501\u2501\u2501 61.2/61.2 kB 334.0 kB/s eta 0:00:00\n[3ddda2f2-f9ff-49b2-8777-6bb70c880d2c/unit-tests]   | Collecting charset-normalizer<3.0,>=2.0 (from aiohttp==3.8.3->understat==0.1.11)\n[3ddda2f2-f9ff-49b2-8777-6bb70c880d2c/unit-tests]   |   Downloading charset_normalizer-2.1.1-py3-none-any.whl (39 kB)\n[3ddda2f2-f9ff-49b2-8777-6bb70c880d2c/unit-tests]   | Collecting multidict<7.0,>=4.5 (from aiohttp==3.8.3->understat==0.1.11)\n[3ddda2f2-f9ff-49b2-8777-6bb70c880d2c/unit-tests]   |   Downloading multidict-6.0.4-cp37-cp37m-manylinux_2_17_x86_64.manylinux2014_x86_64.whl (94 kB)\n[3ddda2f2-f9ff-49b2-8777-6bb70c880d2c/unit-tests]   |      \u2501\u2501\u2501\u2501\u2501\u2501\u2501\u2501\u2501\u2501\u2501\u2501\u2501\u2501\u2501\u2501\u2501\u2501\u2501\u2501\u2501\u2501\u2501\u2501\u2501\u2501\u2501\u2501\u2501\u2501\u2501\u2501\u2501\u2501\u2501\u2501\u2501\u2501\u2501\u2501 94.8/94.8 kB 2.8 MB/s eta 0:00:00\n[3ddda2f2-f9ff-49b2-8777-6bb70c880d2c/unit-tests]   | Collecting async-timeout<5.0,>=4.0.0a3 (from aiohttp==3.8.3->understat==0.1.11)\n[3ddda2f2-f9ff-49b2-8777-6bb70c880d2c/unit-tests]   |   Downloading async_timeout-4.0.2-py3-none-any.whl (5.8 kB)\n[3ddda2f2-f9ff-49b2-8777-6bb70c880d2c/unit-tests]   | Collecting yarl<2.0,>=1.0 (from aiohttp==3.8.3->understat==0.1.11)\n[3ddda2f2-f9ff-49b2-8777-6bb70c880d2c/unit-tests]   |   Downloading yarl-1.9.2-cp37-cp37m-manylinux_2_17_x86_64.manylinux2014_x86_64.whl (236 kB)\n[3ddda2f2-f9ff-49b2-8777-6bb70c880d2c/unit-tests]   |      \u2501\u2501\u2501\u2501\u2501\u2501\u2501\u2501\u2501\u2501\u2501\u2501\u2501\u2501\u2501\u2501\u2501\u2501\u2501\u2501\u2501\u2501\u2501\u2501\u2501\u2501\u2501\u2501\u2501\u2501\u2501\u2501\u2501\u2501\u2501\u2501\u2501\u2501\u2501 236.2/236.2 kB 5.7 MB/s eta 0:00:00\n[3ddda2f2-f9ff-49b2-8777-6bb70c880d2c/unit-tests]   | Collecting frozenlist>=1.1.1 (from aiohttp==3.8.3->understat==0.1.11)\n[3ddda2f2-f9ff-49b2-8777-6bb70c880d2c/unit-tests]   |   Downloading frozenlist-1.3.3-cp37-cp37m-manylinux_2_5_x86_64.manylinux1_x86_64.manylinux_2_17_x86_64.manylinux2014_x86_64.whl (148 kB)\n[3ddda2f2-f9ff-49b2-8777-6bb70c880d2c/unit-tests]   |      \u2501\u2501\u2501\u2501\u2501\u2501\u2501\u2501\u2501\u2501\u2501\u2501\u2501\u2501\u2501\u2501\u2501\u2501\u2501\u2501\u2501\u2501\u2501\u2501\u2501\u2501\u2501\u2501\u2501\u2501\u2501\u2501\u2501\u2501\u2501\u2501\u2501\u2501\u2501 148.0/148.0 kB 3.3 MB/s eta 0:00:00\n[3ddda2f2-f9ff-49b2-8777-6bb70c880d2c/unit-tests]   | Collecting aiosignal>=1.1.2 (from aiohttp==3.8.3->understat==0.1.11)\n[3ddda2f2-f9ff-49b2-8777-6bb70c880d2c/unit-tests]   |   Downloading aiosignal-1.3.1-py3-none-any.whl (7.6 kB)\n[3ddda2f2-f9ff-49b2-8777-6bb70c880d2c/unit-tests]   | Collecting asynctest==0.13.0 (from aiohttp==3.8.3->understat==0.1.11)\n[3ddda2f2-f9ff-49b2-8777-6bb70c880d2c/unit-tests]   |   Downloading asynctest-0.13.0-py3-none-any.whl (26 kB)\n[3ddda2f2-f9ff-49b2-8777-6bb70c880d2c/unit-tests]   | Collecting typing-extensions>=3.7.4 (from aiohttp==3.8.3->understat==0.1.11)\n[3ddda2f2-f9ff-49b2-8777-6bb70c880d2c/unit-tests]   |   Downloading typing_extensions-4.6.3-py3-none-any.whl (31 kB)\n[3ddda2f2-f9ff-49b2-8777-6bb70c880d2c/unit-tests]   | Collecting soupsieve>1.2 (from beautifulsoup4==4.11.1->understat==0.1.11)\n[3ddda2f2-f9ff-49b2-8777-6bb70c880d2c/unit-tests]   |   Downloading soupsieve-2.4.1-py3-none-any.whl (36 kB)\n[3ddda2f2-f9ff-49b2-8777-6bb70c880d2c/unit-tests]   | Collecting iniconfig (from pytest==7.2.0->understat==0.1.11)\n[3ddda2f2-f9ff-49b2-8777-6bb70c880d2c/unit-tests]   |   Downloading iniconfig-2.0.0-py3-none-any.whl (5.9 kB)\n[3ddda2f2-f9ff-49b2-8777-6bb70c880d2c/unit-tests]   | Collecting packaging (from pytest==7.2.0->understat==0.1.11)\n[3ddda2f2-f9ff-49b2-8777-6bb70c880d2c/unit-tests]   |   Downloading packaging-23.1-py3-none-any.whl (48 kB)\n[3ddda2f2-f9ff-49b2-8777-6bb70c880d2c/unit-tests]   |      \u2501\u2501\u2501\u2501\u2501\u2501\u2501\u2501\u2501\u2501\u2501\u2501\u2501\u2501\u2501\u2501\u2501\u2501\u2501\u2501\u2501\u2501\u2501\u2501\u2501\u2501\u2501\u2501\u2501\u2501\u2501\u2501\u2501\u2501\u2501\u2501\u2501\u2501\u2501\u2501 48.9/48.9 kB 5.1 MB/s eta 0:00:00\n[3ddda2f2-f9ff-49b2-8777-6bb70c880d2c/unit-tests]   | Collecting pluggy<2.0,>=0.12 (from pytest==7.2.0->understat==0.1.11)\n[3ddda2f2-f9ff-49b2-8777-6bb70c880d2c/unit-tests]   |   Downloading pluggy-1.2.0-py3-none-any.whl (17 kB)\n[3ddda2f2-f9ff-49b2-8777-6bb70c880d2c/unit-tests]   | Collecting exceptiongroup>=1.0.0rc8 (from pytest==7.2.0->understat==0.1.11)\n[3ddda2f2-f9ff-49b2-8777-6bb70c880d2c/unit-tests]   |   Downloading exceptiongroup-1.1.1-py3-none-any.whl (14 kB)\n[3ddda2f2-f9ff-49b2-8777-6bb70c880d2c/unit-tests]   | Collecting tomli>=1.0.0 (from pytest==7.2.0->understat==0.1.11)\n[3ddda2f2-f9ff-49b2-8777-6bb70c880d2c/unit-tests]   |   Downloading tomli-2.0.1-py3-none-any.whl (12 kB)\n[3ddda2f2-f9ff-49b2-8777-6bb70c880d2c/unit-tests]   | Collecting importlib-metadata>=0.12 (from pytest==7.2.0->understat==0.1.11)\n[3ddda2f2-f9ff-49b2-8777-6bb70c880d2c/unit-tests]   |   Downloading importlib_metadata-6.7.0-py3-none-any.whl (22 kB)\n[3ddda2f2-f9ff-49b2-8777-6bb70c880d2c/unit-tests]   | Collecting pytest-asyncio>=0.17.2 (from pytest-aiohttp==1.0.4->understat==0.1.11)\n[3ddda2f2-f9ff-49b2-8777-6bb70c880d2c/unit-tests]   |   Downloading pytest_asyncio-0.21.0-py3-none-any.whl (13 kB)\n[3ddda2f2-f9ff-49b2-8777-6bb70c880d2c/unit-tests]   | Collecting coverage[toml]>=5.2.1 (from pytest-cov==4.0.0->understat==0.1.11)\n[3ddda2f2-f9ff-49b2-8777-6bb70c880d2c/unit-tests]   |   Downloading coverage-7.2.7-cp37-cp37m-manylinux_2_5_x86_64.manylinux1_x86_64.manylinux_2_17_x86_64.manylinux2014_x86_64.whl (225 kB)\n[3ddda2f2-f9ff-49b2-8777-6bb70c880d2c/unit-tests]   |      \u2501\u2501\u2501\u2501\u2501\u2501\u2501\u2501\u2501\u2501\u2501\u2501\u2501\u2501\u2501\u2501\u2501\u2501\u2501\u2501\u2501\u2501\u2501\u2501\u2501\u2501\u2501\u2501\u2501\u2501\u2501\u2501\u2501\u2501\u2501\u2501\u2501\u2501 225.6/225.6 kB 16.6 MB/s eta 0:00:00\n[3ddda2f2-f9ff-49b2-8777-6bb70c880d2c/unit-tests]   | Collecting zipp>=0.5 (from importlib-metadata>=0.12->pytest==7.2.0->understat==0.1.11)\n[3ddda2f2-f9ff-49b2-8777-6bb70c880d2c/unit-tests]   |   Downloading zipp-3.15.0-py3-none-any.whl (6.8 kB)\n[3ddda2f2-f9ff-49b2-8777-6bb70c880d2c/unit-tests]   | Collecting idna>=2.0 (from yarl<2.0,>=1.0->aiohttp==3.8.3->understat==0.1.11)\n[3ddda2f2-f9ff-49b2-8777-6bb70c880d2c/unit-tests]   |   Downloading idna-3.4-py3-none-any.whl (61 kB)\n[3ddda2f2-f9ff-49b2-8777-6bb70c880d2c/unit-tests]   |      \u2501\u2501\u2501\u2501\u2501\u2501\u2501\u2501\u2501\u2501\u2501\u2501\u2501\u2501\u2501\u2501\u2501\u2501\u2501\u2501\u2501\u2501\u2501\u2501\u2501\u2501\u2501\u2501\u2501\u2501\u2501\u2501\u2501\u2501\u2501\u2501\u2501\u2501\u2501\u2501 61.5/61.5 kB 6.5 MB/s eta 0:00:00\n[3ddda2f2-f9ff-49b2-8777-6bb70c880d2c/unit-tests]   | Building wheels for collected packages: understat\n[3ddda2f2-f9ff-49b2-8777-6bb70c880d2c/unit-tests]   |   Building wheel for understat (pyproject.toml): started\n[3ddda2f2-f9ff-49b2-8777-6bb70c880d2c/unit-tests]   |   Building wheel for understat (pyproject.toml): finished with status 'done'\n[3ddda2f2-f9ff-49b2-8777-6bb70c880d2c/unit-tests]   |   Created wheel for understat: filename=understat-0.1.11-py3-none-any.whl size=10364 sha256=58dcb5964022e0a2e5d37a561837619a50f27624cb3f0b9010edcba9f63837bc\n[3ddda2f2-f9ff-49b2-8777-6bb70c880d2c/unit-tests]   |   Stored in directory: /home/runneradmin/.cache/pip/wheels/b0/7a/6b/f3a1a8d71c424ec335880ac4df156430af83fc5b5a17295a26\n[3ddda2f2-f9ff-49b2-8777-6bb70c880d2c/unit-tests]   | Successfully built understat\n[3ddda2f2-f9ff-49b2-8777-6bb70c880d2c/unit-tests]   | Installing collected packages: zipp, typing-extensions, tomli, soupsieve, packaging, multidict, iniconfig, idna, frozenlist, exceptiongroup, coverage, charset-normalizer, asynctest, yarl, importlib-metadata, beautifulsoup4, async-timeout, aiosignal, pluggy, attrs, pytest, aiohttp, pytest-mock, pytest-cov, pytest-asyncio, pytest-aiohttp, understat\n[3ddda2f2-f9ff-49b2-8777-6bb70c880d2c/unit-tests]   | Successfully installed aiohttp-3.8.3 aiosignal-1.3.1 async-timeout-4.0.2 asynctest-0.13.0 attrs-23.1.0 beautifulsoup4-4.11.1 charset-normalizer-2.1.1 coverage-7.2.7 exceptiongroup-1.1.1 frozenlist-1.3.3 idna-3.4 importlib-metadata-6.7.0 iniconfig-2.0.0 multidict-6.0.4 packaging-23.1 pluggy-1.2.0 pytest-7.2.0 pytest-aiohttp-1.0.4 pytest-asyncio-0.21.0 pytest-cov-4.0.0 pytest-mock-3.6.0 soupsieve-2.4.1 tomli-2.0.1 typing-extensions-4.6.3 understat-0.1.11 yarl-1.9.2 zipp-3.15.0\n[3ddda2f2-f9ff-49b2-8777-6bb70c880d2c/unit-tests]   | \n[3ddda2f2-f9ff-49b2-8777-6bb70c880d2c/unit-tests]   | [notice] A new release of pip is available: 20.1.1 -> 23.1.2\n[3ddda2f2-f9ff-49b2-8777-6bb70c880d2c/unit-tests]   | [notice] To update, run: pip install --upgrade pip\n[3ddda2f2-f9ff-49b2-8777-6bb70c880d2c/unit-tests]   \u2705  Success - Main Install dependencies\n[3ddda2f2-f9ff-49b2-8777-6bb70c880d2c/unit-tests] \u2b50 Run Main Run tests\n[3ddda2f2-f9ff-49b2-8777-6bb70c880d2c/unit-tests]   \ud83d\udc33  docker exec cmd=[bash --noprofile --norc -e -o pipefail /var/run/act/workflow/3] user= workdir=\n[3ddda2f2-f9ff-49b2-8777-6bb70c880d2c/unit-tests]   | ============================= test session starts ==============================\n[3ddda2f2-f9ff-49b2-8777-6bb70c880d2c/unit-tests]   | platform linux -- Python 3.7.11, pytest-7.2.0, pluggy-1.2.0\n[3ddda2f2-f9ff-49b2-8777-6bb70c880d2c/unit-tests]   | rootdir: /tmp/ad9c0f7e-1596-11ee-8a50-bb14de238602/amosbastian-understat, configfile: tox.ini\n[3ddda2f2-f9ff-49b2-8777-6bb70c880d2c/unit-tests]   | plugins: aiohttp-1.0.4, cov-4.0.0, mock-3.6.0, asyncio-0.21.0\n[3ddda2f2-f9ff-49b2-8777-6bb70c880d2c/unit-tests]   | asyncio: mode=auto\n[3ddda2f2-f9ff-49b2-8777-6bb70c880d2c/unit-tests]   | collected 32 items\n[3ddda2f2-f9ff-49b2-8777-6bb70c880d2c/unit-tests]   | \n[3ddda2f2-f9ff-49b2-8777-6bb70c880d2c/unit-tests]   | tests/test_understat.py ..........F.................                     [ 87%]\n[3ddda2f2-f9ff-49b2-8777-6bb70c880d2c/unit-tests]   | tests/test_utils.py ....                                                 [100%]\n[3ddda2f2-f9ff-49b2-8777-6bb70c880d2c/unit-tests]   | \n[3ddda2f2-f9ff-49b2-8777-6bb70c880d2c/unit-tests]   | =================================== FAILURES ===================================\n[3ddda2f2-f9ff-49b2-8777-6bb70c880d2c/unit-tests]   | _____________ TestUnderstat.test_get_league_fixtures_with_options ______________\n[3ddda2f2-f9ff-49b2-8777-6bb70c880d2c/unit-tests]   | \n[3ddda2f2-f9ff-49b2-8777-6bb70c880d2c/unit-tests]   | self = <tests.test_understat.TestUnderstat object at 0x7fcf31ce6850>\n[3ddda2f2-f9ff-49b2-8777-6bb70c880d2c/unit-tests]   | event_loop = <_UnixSelectorEventLoop running=False closed=False debug=False>\n[3ddda2f2-f9ff-49b2-8777-6bb70c880d2c/unit-tests]   | understat = <understat.understat.Understat object at 0x7fcf311f7410>\n[3ddda2f2-f9ff-49b2-8777-6bb70c880d2c/unit-tests]   | \n[3ddda2f2-f9ff-49b2-8777-6bb70c880d2c/unit-tests]   |     async def test_get_league_fixtures_with_options(self, event_loop, understat):\n[3ddda2f2-f9ff-49b2-8777-6bb70c880d2c/unit-tests]   |         results = await understat.get_league_fixtures(\"epl\", 2022, {\n[3ddda2f2-f9ff-49b2-8777-6bb70c880d2c/unit-tests]   |             \"h\": {\"id\": \"89\",\n[3ddda2f2-f9ff-49b2-8777-6bb70c880d2c/unit-tests]   |                   \"title\": \"Manchester United\",\n[3ddda2f2-f9ff-49b2-8777-6bb70c880d2c/unit-tests]   |                   \"short_title\": \"MUN\"}\n[3ddda2f2-f9ff-49b2-8777-6bb70c880d2c/unit-tests]   |         })\n[3ddda2f2-f9ff-49b2-8777-6bb70c880d2c/unit-tests]   |         assert isinstance(results, list)\n[3ddda2f2-f9ff-49b2-8777-6bb70c880d2c/unit-tests]   | >       assert len(results) > 0\n[3ddda2f2-f9ff-49b2-8777-6bb70c880d2c/unit-tests]   | E       assert 0 > 0\n[3ddda2f2-f9ff-49b2-8777-6bb70c880d2c/unit-tests]   | E        +  where 0 = len([])\n[3ddda2f2-f9ff-49b2-8777-6bb70c880d2c/unit-tests]   | \n[3ddda2f2-f9ff-49b2-8777-6bb70c880d2c/unit-tests]   | tests/test_understat.py:108: AssertionError\n[3ddda2f2-f9ff-49b2-8777-6bb70c880d2c/unit-tests]   | - generated xml file: /tmp/ad9c0f7e-1596-11ee-8a50-bb14de238602/amosbastian-understat/report.xml -\n[3ddda2f2-f9ff-49b2-8777-6bb70c880d2c/unit-tests]   | =========================== short test summary info ============================\n[3ddda2f2-f9ff-49b2-8777-6bb70c880d2c/unit-tests]   | FAILED tests/test_understat.py::TestUnderstat::test_get_league_fixtures_with_options - assert 0 > 0\n[3ddda2f2-f9ff-49b2-8777-6bb70c880d2c/unit-tests]   |  +  where 0 = len([])\n[3ddda2f2-f9ff-49b2-8777-6bb70c880d2c/unit-tests]   | ======================== 1 failed, 31 passed in 27.45s =========================\n[3ddda2f2-f9ff-49b2-8777-6bb70c880d2c/unit-tests]   \u274c  Failure - Main Run tests\n[3ddda2f2-f9ff-49b2-8777-6bb70c880d2c/unit-tests] exitcode '1': failure\n[3ddda2f2-f9ff-49b2-8777-6bb70c880d2c/unit-tests] \ud83c\udfc1  Job failed\n",
        "stderr": "Error: Job 'unit-tests' failed\n",
        "workflow": "/tmp/ad9c0f7e-1596-11ee-8a50-bb14de238602/amosbastian-understat/.github/workflows/workflow-crawler.yml",
        "build_tool": "pytest",
        "elapsed_time": 193.65703177452087
    }
}