{
    "repository": "areed1192/td-ameritrade-api",
    "stars": 109,
    "language": "python",
    "size": 121,
    "clone_url": "https://github.com/areed1192/td-ameritrade-api.git",
    "timestamp": "2023-07-01T16:19:54.805106Z",
    "clone_success": true,
    "number_of_actions": 2,
    "number_of_test_actions": 1,
    "actions_successful": false,
    "actions_build_tools": [
        "unittest",
        "unknown"
    ],
    "actions_test_build_tools": [
        "unittest"
    ],
    "actions_run": {
        "failed": true,
        "tests": [
            {
                "classname": "test_client.TestTdClient",
                "name": "test_creates_instance_of_accounts",
                "time": 0.017,
                "results": [
                    {
                        "result": "Error",
                        "message": "No section: 'main'",
                        "type": "NoSectionError"
                    }
                ],
                "stdout": null,
                "stderr": null
            },
            {
                "classname": "test_client.TestTdClient",
                "name": "test_creates_instance_of_client",
                "time": 0.001,
                "results": [
                    {
                        "result": "Error",
                        "message": "No section: 'main'",
                        "type": "NoSectionError"
                    }
                ],
                "stdout": null,
                "stderr": null
            },
            {
                "classname": "test_client.TestTdClient",
                "name": "test_creates_instance_of_instruments",
                "time": 0.001,
                "results": [
                    {
                        "result": "Error",
                        "message": "No section: 'main'",
                        "type": "NoSectionError"
                    }
                ],
                "stdout": null,
                "stderr": null
            },
            {
                "classname": "test_client.TestTdClient",
                "name": "test_creates_instance_of_market_hours",
                "time": 0.001,
                "results": [
                    {
                        "result": "Error",
                        "message": "No section: 'main'",
                        "type": "NoSectionError"
                    }
                ],
                "stdout": null,
                "stderr": null
            },
            {
                "classname": "test_client.TestTdClient",
                "name": "test_creates_instance_of_mover",
                "time": 0.001,
                "results": [
                    {
                        "result": "Error",
                        "message": "No section: 'main'",
                        "type": "NoSectionError"
                    }
                ],
                "stdout": null,
                "stderr": null
            },
            {
                "classname": "test_client.TestTdClient",
                "name": "test_creates_instance_of_options_chain",
                "time": 0.001,
                "results": [
                    {
                        "result": "Error",
                        "message": "No section: 'main'",
                        "type": "NoSectionError"
                    }
                ],
                "stdout": null,
                "stderr": null
            },
            {
                "classname": "test_client.TestTdClient",
                "name": "test_creates_instance_of_orders",
                "time": 0.001,
                "results": [
                    {
                        "result": "Error",
                        "message": "No section: 'main'",
                        "type": "NoSectionError"
                    }
                ],
                "stdout": null,
                "stderr": null
            },
            {
                "classname": "test_client.TestTdClient",
                "name": "test_creates_instance_of_price_history",
                "time": 0.001,
                "results": [
                    {
                        "result": "Error",
                        "message": "No section: 'main'",
                        "type": "NoSectionError"
                    }
                ],
                "stdout": null,
                "stderr": null
            },
            {
                "classname": "test_client.TestTdClient",
                "name": "test_creates_instance_of_quote",
                "time": 0.001,
                "results": [
                    {
                        "result": "Error",
                        "message": "No section: 'main'",
                        "type": "NoSectionError"
                    }
                ],
                "stdout": null,
                "stderr": null
            },
            {
                "classname": "test_client.TestTdClient",
                "name": "test_creates_instance_of_saved_orders",
                "time": 0.001,
                "results": [
                    {
                        "result": "Error",
                        "message": "No section: 'main'",
                        "type": "NoSectionError"
                    }
                ],
                "stdout": null,
                "stderr": null
            },
            {
                "classname": "test_client.TestTdClient",
                "name": "test_creates_instance_of_user_info",
                "time": 0.001,
                "results": [
                    {
                        "result": "Error",
                        "message": "No section: 'main'",
                        "type": "NoSectionError"
                    }
                ],
                "stdout": null,
                "stderr": null
            },
            {
                "classname": "test_client.TestTdClient",
                "name": "test_creates_instance_of_watchlists",
                "time": 0.001,
                "results": [
                    {
                        "result": "Error",
                        "message": "No section: 'main'",
                        "type": "NoSectionError"
                    }
                ],
                "stdout": null,
                "stderr": null
            },
            {
                "classname": "test_options_chain.TestOptionsChainService",
                "name": "test_creates_instance_of_client",
                "time": 0.001,
                "results": [
                    {
                        "result": "Error",
                        "message": "No section: 'main'",
                        "type": "NoSectionError"
                    }
                ],
                "stdout": null,
                "stderr": null
            },
            {
                "classname": "test_options_chain.TestOptionsChainService",
                "name": "test_creates_instance_of_options_chain_query",
                "time": 0.001,
                "results": [
                    {
                        "result": "Error",
                        "message": "No section: 'main'",
                        "type": "NoSectionError"
                    }
                ],
                "stdout": null,
                "stderr": null
            },
            {
                "classname": "test_options_chain.TestOptionsChainService",
                "name": "test_creates_instance_of_service",
                "time": 0.001,
                "results": [
                    {
                        "result": "Error",
                        "message": "No section: 'main'",
                        "type": "NoSectionError"
                    }
                ],
                "stdout": null,
                "stderr": null
            },
            {
                "classname": "test_options_chain.TestOptionsChainService",
                "name": "test_get_option_chains",
                "time": 0.001,
                "results": [
                    {
                        "result": "Error",
                        "message": "No section: 'main'",
                        "type": "NoSectionError"
                    }
                ],
                "stdout": null,
                "stderr": null
            },
            {
                "classname": "test_options_chain.TestOptionsChainService",
                "name": "test_get_option_chains_through_query_object",
                "time": 0.002,
                "results": [
                    {
                        "result": "Error",
                        "message": "No section: 'main'",
                        "type": "NoSectionError"
                    }
                ],
                "stdout": null,
                "stderr": null
            },
            {
                "classname": "test_quotes.TestQuotesService",
                "name": "test_creates_instance_of_client",
                "time": 0.001,
                "results": [
                    {
                        "result": "Error",
                        "message": "No section: 'main'",
                        "type": "NoSectionError"
                    }
                ],
                "stdout": null,
                "stderr": null
            },
            {
                "classname": "test_quotes.TestQuotesService",
                "name": "test_creates_instance_of_quote",
                "time": 0.001,
                "results": [
                    {
                        "result": "Error",
                        "message": "No section: 'main'",
                        "type": "NoSectionError"
                    }
                ],
                "stdout": null,
                "stderr": null
            },
            {
                "classname": "test_quotes.TestQuotesService",
                "name": "test_get_quote",
                "time": 0.001,
                "results": [
                    {
                        "result": "Error",
                        "message": "No section: 'main'",
                        "type": "NoSectionError"
                    }
                ],
                "stdout": null,
                "stderr": null
            },
            {
                "classname": "test_quotes.TestQuotesService",
                "name": "test_get_quotes",
                "time": 0.001,
                "results": [
                    {
                        "result": "Error",
                        "message": "No section: 'main'",
                        "type": "NoSectionError"
                    }
                ],
                "stdout": null,
                "stderr": null
            },
            {
                "classname": "test_utils.TestTdOrderUtils",
                "name": "test_order",
                "time": 0.006,
                "results": [
                    {
                        "result": "Passed",
                        "message": "",
                        "type": ""
                    }
                ],
                "stdout": null,
                "stderr": null
            },
            {
                "classname": "test_utils.TestTdOrderUtils",
                "name": "test_order_leg",
                "time": 0.002,
                "results": [
                    {
                        "result": "Passed",
                        "message": "",
                        "type": ""
                    }
                ],
                "stdout": null,
                "stderr": null
            },
            {
                "classname": "test_utils.TestTdOrderUtils",
                "name": "test_order_leg_instrument",
                "time": 0.002,
                "results": [
                    {
                        "result": "Passed",
                        "message": "",
                        "type": ""
                    }
                ],
                "stdout": null,
                "stderr": null
            },
            {
                "classname": "test_market_hours.TestMarketHourService",
                "name": "test_creates_instance_of_client",
                "time": 0.001,
                "results": [
                    {
                        "result": "Error",
                        "message": "No section: 'main'",
                        "type": "NoSectionError"
                    }
                ],
                "stdout": null,
                "stderr": null
            },
            {
                "classname": "test_market_hours.TestMarketHourService",
                "name": "test_creates_instance_of_market_hours",
                "time": 0.001,
                "results": [
                    {
                        "result": "Error",
                        "message": "No section: 'main'",
                        "type": "NoSectionError"
                    }
                ],
                "stdout": null,
                "stderr": null
            },
            {
                "classname": "test_market_hours.TestMarketHourService",
                "name": "test_get_multiple_market_hours",
                "time": 0.002,
                "results": [
                    {
                        "result": "Error",
                        "message": "No section: 'main'",
                        "type": "NoSectionError"
                    }
                ],
                "stdout": null,
                "stderr": null
            },
            {
                "classname": "test_market_hours.TestMarketHourService",
                "name": "test_get_single_market_hours",
                "time": 0.002,
                "results": [
                    {
                        "result": "Error",
                        "message": "No section: 'main'",
                        "type": "NoSectionError"
                    }
                ],
                "stdout": null,
                "stderr": null
            }
        ],
        "stdout": "[69bcb951-4f0d-4ce6-af2f-37d431745a28/build] \ud83d\ude80  Start image=crawlergpt:latest\n[69bcb951-4f0d-4ce6-af2f-37d431745a28/build]   \ud83d\udc33  docker pull image=crawlergpt:latest platform= username= forcePull=false\n[69bcb951-4f0d-4ce6-af2f-37d431745a28/build]   \ud83d\udc33  docker create image=crawlergpt:latest platform= entrypoint=[\"tail\" \"-f\" \"/dev/null\"] cmd=[]\n[69bcb951-4f0d-4ce6-af2f-37d431745a28/build]   \ud83d\udc33  docker run image=crawlergpt:latest platform= entrypoint=[\"tail\" \"-f\" \"/dev/null\"] cmd=[]\n[69bcb951-4f0d-4ce6-af2f-37d431745a28/build]   \ud83d\udc33  docker exec cmd=[chown -R 1012:1013 /tmp/558156d8-17ed-11ee-8a50-bb14de238602/areed1192-td-ameritrade-api] user=0 workdir=\n[69bcb951-4f0d-4ce6-af2f-37d431745a28/build]   \u2601  git clone 'https://github.com/actions/setup-python' # ref=v2\n[69bcb951-4f0d-4ce6-af2f-37d431745a28/build] \ud83e\uddea  Matrix: map[python-version:3.7]\n[69bcb951-4f0d-4ce6-af2f-37d431745a28/build] \u2b50 Run Main actions/checkout@v2\n[69bcb951-4f0d-4ce6-af2f-37d431745a28/build]   \u2705  Success - Main actions/checkout@v2\n[69bcb951-4f0d-4ce6-af2f-37d431745a28/build] \u2b50 Run Main Set up Python 3.7\n[69bcb951-4f0d-4ce6-af2f-37d431745a28/build]   \ud83d\udc33  docker cp src=/tmp/act-cache/68d82b52-85a8-4e2e-811f-a0617da2ab0c/act/actions-setup-python@v2/ dst=/var/run/act/actions/actions-setup-python@v2/\n[69bcb951-4f0d-4ce6-af2f-37d431745a28/build]   \ud83d\udc33  docker exec cmd=[chown -R 1012:1013 /var/run/act/actions/actions-setup-python@v2/] user=0 workdir=\n[69bcb951-4f0d-4ce6-af2f-37d431745a28/build]   \ud83d\udc33  docker exec cmd=[node /var/run/act/actions/actions-setup-python@v2/dist/setup/index.js] user= workdir=\n[69bcb951-4f0d-4ce6-af2f-37d431745a28/build]   \ud83d\udcac  ::debug::Semantic version spec of 3.7 is 3.7\n[69bcb951-4f0d-4ce6-af2f-37d431745a28/build]   \ud83d\udcac  ::debug::isExplicit: \n[69bcb951-4f0d-4ce6-af2f-37d431745a28/build]   \ud83d\udcac  ::debug::explicit? false\n[69bcb951-4f0d-4ce6-af2f-37d431745a28/build]   \ud83d\udcac  ::debug::isExplicit: 2.7.18\n[69bcb951-4f0d-4ce6-af2f-37d431745a28/build]   \ud83d\udcac  ::debug::explicit? true\n[69bcb951-4f0d-4ce6-af2f-37d431745a28/build]   \ud83d\udcac  ::debug::isExplicit: 3.5.10\n[69bcb951-4f0d-4ce6-af2f-37d431745a28/build]   \ud83d\udcac  ::debug::explicit? true\n[69bcb951-4f0d-4ce6-af2f-37d431745a28/build]   \ud83d\udcac  ::debug::isExplicit: 3.6.14\n[69bcb951-4f0d-4ce6-af2f-37d431745a28/build]   \ud83d\udcac  ::debug::explicit? true\n[69bcb951-4f0d-4ce6-af2f-37d431745a28/build]   \ud83d\udcac  ::debug::isExplicit: 3.7.11\n[69bcb951-4f0d-4ce6-af2f-37d431745a28/build]   \ud83d\udcac  ::debug::explicit? true\n[69bcb951-4f0d-4ce6-af2f-37d431745a28/build]   \ud83d\udcac  ::debug::isExplicit: 3.8.11\n[69bcb951-4f0d-4ce6-af2f-37d431745a28/build]   \ud83d\udcac  ::debug::explicit? true\n[69bcb951-4f0d-4ce6-af2f-37d431745a28/build]   \ud83d\udcac  ::debug::isExplicit: 3.9.6\n[69bcb951-4f0d-4ce6-af2f-37d431745a28/build]   \ud83d\udcac  ::debug::explicit? true\n[69bcb951-4f0d-4ce6-af2f-37d431745a28/build]   \ud83d\udcac  ::debug::evaluating 6 versions\n[69bcb951-4f0d-4ce6-af2f-37d431745a28/build]   \ud83d\udcac  ::debug::matched: 3.7.11\n[69bcb951-4f0d-4ce6-af2f-37d431745a28/build]   \ud83d\udcac  ::debug::checking cache: /opt/hostedtoolcache/Python/3.7.11/x64\n[69bcb951-4f0d-4ce6-af2f-37d431745a28/build]   \ud83d\udcac  ::debug::Found tool in cache Python 3.7.11 x64\n[69bcb951-4f0d-4ce6-af2f-37d431745a28/build]   | Successfully setup CPython (3.7.11)\n[69bcb951-4f0d-4ce6-af2f-37d431745a28/build]   \u2753 add-matcher /run/act/actions/actions-setup-python@v2/.github/python.json\n[69bcb951-4f0d-4ce6-af2f-37d431745a28/build]   \u2705  Success - Main Set up Python 3.7\n[69bcb951-4f0d-4ce6-af2f-37d431745a28/build]   \u2699  ::set-env:: pythonLocation=/opt/hostedtoolcache/Python/3.7.11/x64\n[69bcb951-4f0d-4ce6-af2f-37d431745a28/build]   \u2699  ::set-env:: LD_LIBRARY_PATH=/opt/hostedtoolcache/Python/3.7.11/x64/lib\n[69bcb951-4f0d-4ce6-af2f-37d431745a28/build]   \u2699  ::set-output:: python-version=3.7.11\n[69bcb951-4f0d-4ce6-af2f-37d431745a28/build]   \u2699  ::add-path:: /opt/hostedtoolcache/Python/3.7.11/x64\n[69bcb951-4f0d-4ce6-af2f-37d431745a28/build]   \u2699  ::add-path:: /opt/hostedtoolcache/Python/3.7.11/x64/bin\n[69bcb951-4f0d-4ce6-af2f-37d431745a28/build] \u2b50 Run Main Install Dependencies from requirements.txt File.\n[69bcb951-4f0d-4ce6-af2f-37d431745a28/build]   \ud83d\udc33  docker exec cmd=[bash --noprofile --norc -e -o pipefail /var/run/act/workflow/2] user= workdir=\n[69bcb951-4f0d-4ce6-af2f-37d431745a28/build]   | Requirement already satisfied: pip in /opt/hostedtoolcache/Python/3.7.11/x64/lib/python3.7/site-packages (21.2.4)\n[69bcb951-4f0d-4ce6-af2f-37d431745a28/build]   | Collecting pip\n[69bcb951-4f0d-4ce6-af2f-37d431745a28/build]   |   Downloading pip-23.1.2-py3-none-any.whl (2.1 MB)\n[69bcb951-4f0d-4ce6-af2f-37d431745a28/build]   | Installing collected packages: pip\n[69bcb951-4f0d-4ce6-af2f-37d431745a28/build]   |   Attempting uninstall: pip\n[69bcb951-4f0d-4ce6-af2f-37d431745a28/build]   |     Found existing installation: pip 21.2.4\n[69bcb951-4f0d-4ce6-af2f-37d431745a28/build]   |     Uninstalling pip-21.2.4:\n[69bcb951-4f0d-4ce6-af2f-37d431745a28/build]   |       Successfully uninstalled pip-21.2.4\n[69bcb951-4f0d-4ce6-af2f-37d431745a28/build]   | Successfully installed pip-23.1.2\n[69bcb951-4f0d-4ce6-af2f-37d431745a28/build]   | Collecting requests>=2.24.0 (from -r requirements.txt (line 1))\n[69bcb951-4f0d-4ce6-af2f-37d431745a28/build]   |   Downloading requests-2.31.0-py3-none-any.whl (62 kB)\n[69bcb951-4f0d-4ce6-af2f-37d431745a28/build]   |      \u2501\u2501\u2501\u2501\u2501\u2501\u2501\u2501\u2501\u2501\u2501\u2501\u2501\u2501\u2501\u2501\u2501\u2501\u2501\u2501\u2501\u2501\u2501\u2501\u2501\u2501\u2501\u2501\u2501\u2501\u2501\u2501\u2501\u2501\u2501\u2501\u2501\u2501\u2501\u2501 62.6/62.6 kB 2.2 MB/s eta 0:00:00\n[69bcb951-4f0d-4ce6-af2f-37d431745a28/build]   | Collecting dataclasses>=0.6 (from -r requirements.txt (line 2))\n[69bcb951-4f0d-4ce6-af2f-37d431745a28/build]   |   Downloading dataclasses-0.6-py3-none-any.whl (14 kB)\n[69bcb951-4f0d-4ce6-af2f-37d431745a28/build]   | Collecting websockets>=9.1 (from -r requirements.txt (line 3))\n[69bcb951-4f0d-4ce6-af2f-37d431745a28/build]   |   Downloading websockets-11.0.3-cp37-cp37m-manylinux_2_5_x86_64.manylinux1_x86_64.manylinux_2_17_x86_64.manylinux2014_x86_64.whl (129 kB)\n[69bcb951-4f0d-4ce6-af2f-37d431745a28/build]   |      \u2501\u2501\u2501\u2501\u2501\u2501\u2501\u2501\u2501\u2501\u2501\u2501\u2501\u2501\u2501\u2501\u2501\u2501\u2501\u2501\u2501\u2501\u2501\u2501\u2501\u2501\u2501\u2501\u2501\u2501\u2501\u2501\u2501\u2501\u2501\u2501\u2501\u2501\u2501 129.9/129.9 kB 2.1 MB/s eta 0:00:00\n[69bcb951-4f0d-4ce6-af2f-37d431745a28/build]   | Collecting charset-normalizer<4,>=2 (from requests>=2.24.0->-r requirements.txt (line 1))\n[69bcb951-4f0d-4ce6-af2f-37d431745a28/build]   |   Downloading charset_normalizer-3.1.0-cp37-cp37m-manylinux_2_17_x86_64.manylinux2014_x86_64.whl (171 kB)\n[69bcb951-4f0d-4ce6-af2f-37d431745a28/build]   |      \u2501\u2501\u2501\u2501\u2501\u2501\u2501\u2501\u2501\u2501\u2501\u2501\u2501\u2501\u2501\u2501\u2501\u2501\u2501\u2501\u2501\u2501\u2501\u2501\u2501\u2501\u2501\u2501\u2501\u2501\u2501\u2501\u2501\u2501\u2501\u2501\u2501\u2501\u2501 171.0/171.0 kB 8.1 MB/s eta 0:00:00\n[69bcb951-4f0d-4ce6-af2f-37d431745a28/build]   | Collecting idna<4,>=2.5 (from requests>=2.24.0->-r requirements.txt (line 1))\n[69bcb951-4f0d-4ce6-af2f-37d431745a28/build]   |   Downloading idna-3.4-py3-none-any.whl (61 kB)\n[69bcb951-4f0d-4ce6-af2f-37d431745a28/build]   |      \u2501\u2501\u2501\u2501\u2501\u2501\u2501\u2501\u2501\u2501\u2501\u2501\u2501\u2501\u2501\u2501\u2501\u2501\u2501\u2501\u2501\u2501\u2501\u2501\u2501\u2501\u2501\u2501\u2501\u2501\u2501\u2501\u2501\u2501\u2501\u2501\u2501\u2501\u2501 61.5/61.5 kB 927.0 kB/s eta 0:00:00\n[69bcb951-4f0d-4ce6-af2f-37d431745a28/build]   | Collecting urllib3<3,>=1.21.1 (from requests>=2.24.0->-r requirements.txt (line 1))\n[69bcb951-4f0d-4ce6-af2f-37d431745a28/build]   |   Downloading urllib3-2.0.3-py3-none-any.whl (123 kB)\n[69bcb951-4f0d-4ce6-af2f-37d431745a28/build]   |      \u2501\u2501\u2501\u2501\u2501\u2501\u2501\u2501\u2501\u2501\u2501\u2501\u2501\u2501\u2501\u2501\u2501\u2501\u2501\u2501\u2501\u2501\u2501\u2501\u2501\u2501\u2501\u2501\u2501\u2501\u2501\u2501\u2501\u2501\u2501\u2501\u2501\u2501 123.6/123.6 kB 11.4 MB/s eta 0:00:00\n[69bcb951-4f0d-4ce6-af2f-37d431745a28/build]   | Collecting certifi>=2017.4.17 (from requests>=2.24.0->-r requirements.txt (line 1))\n[69bcb951-4f0d-4ce6-af2f-37d431745a28/build]   |   Downloading certifi-2023.5.7-py3-none-any.whl (156 kB)\n[69bcb951-4f0d-4ce6-af2f-37d431745a28/build]   |      \u2501\u2501\u2501\u2501\u2501\u2501\u2501\u2501\u2501\u2501\u2501\u2501\u2501\u2501\u2501\u2501\u2501\u2501\u2501\u2501\u2501\u2501\u2501\u2501\u2501\u2501\u2501\u2501\u2501\u2501\u2501\u2501\u2501\u2501\u2501\u2501\u2501\u2501\u2501 157.0/157.0 kB 4.9 MB/s eta 0:00:00\n[69bcb951-4f0d-4ce6-af2f-37d431745a28/build]   | Installing collected packages: dataclasses, websockets, urllib3, idna, charset-normalizer, certifi, requests\n[69bcb951-4f0d-4ce6-af2f-37d431745a28/build]   | Successfully installed certifi-2023.5.7 charset-normalizer-3.1.0 dataclasses-0.6 idna-3.4 requests-2.31.0 urllib3-2.0.3 websockets-11.0.3\n[69bcb951-4f0d-4ce6-af2f-37d431745a28/build]   | \n[69bcb951-4f0d-4ce6-af2f-37d431745a28/build]   | [notice] A new release of pip is available: 20.1.1 -> 23.1.2\n[69bcb951-4f0d-4ce6-af2f-37d431745a28/build]   | [notice] To update, run: pip install --upgrade pip\n[69bcb951-4f0d-4ce6-af2f-37d431745a28/build]   \u2705  Success - Main Install Dependencies from requirements.txt File.\n[69bcb951-4f0d-4ce6-af2f-37d431745a28/build] \u2b50 Run Main Test with Unittest.\n[69bcb951-4f0d-4ce6-af2f-37d431745a28/build]   \ud83d\udc33  docker exec cmd=[bash --noprofile --norc -e -o pipefail /var/run/act/workflow/3] user= workdir=\n[69bcb951-4f0d-4ce6-af2f-37d431745a28/build]   | Collecting unittest-xml-reporting\n[69bcb951-4f0d-4ce6-af2f-37d431745a28/build]   |   Downloading unittest_xml_reporting-3.2.0-py2.py3-none-any.whl (20 kB)\n[69bcb951-4f0d-4ce6-af2f-37d431745a28/build]   | Collecting lxml (from unittest-xml-reporting)\n[69bcb951-4f0d-4ce6-af2f-37d431745a28/build]   |   Downloading lxml-4.9.2-cp37-cp37m-manylinux_2_17_x86_64.manylinux2014_x86_64.manylinux_2_24_x86_64.whl (6.6 MB)\n[69bcb951-4f0d-4ce6-af2f-37d431745a28/build]   |      \u2501\u2501\u2501\u2501\u2501\u2501\u2501\u2501\u2501\u2501\u2501\u2501\u2501\u2501\u2501\u2501\u2501\u2501\u2501\u2501\u2501\u2501\u2501\u2501\u2501\u2501\u2501\u2501\u2501\u2501\u2501\u2501\u2501\u2501\u2501\u2501\u2501\u2501\u2501\u2501 6.6/6.6 MB 38.9 MB/s eta 0:00:00\n[69bcb951-4f0d-4ce6-af2f-37d431745a28/build]   | Installing collected packages: lxml, unittest-xml-reporting\n[69bcb951-4f0d-4ce6-af2f-37d431745a28/build]   | Successfully installed lxml-4.9.2 unittest-xml-reporting-3.2.0\n[69bcb951-4f0d-4ce6-af2f-37d431745a28/build]   | \n[69bcb951-4f0d-4ce6-af2f-37d431745a28/build]   | [notice] A new release of pip is available: 20.1.1 -> 23.1.2\n[69bcb951-4f0d-4ce6-af2f-37d431745a28/build]   | [notice] To update, run: pip install --upgrade pip\n[69bcb951-4f0d-4ce6-af2f-37d431745a28/build]   | \n[69bcb951-4f0d-4ce6-af2f-37d431745a28/build]   | Running tests...\n[69bcb951-4f0d-4ce6-af2f-37d431745a28/build]   | ----------------------------------------------------------------------\n[69bcb951-4f0d-4ce6-af2f-37d431745a28/build]   |   test_creates_instance_of_accounts (test_client.TestTdClient)\n[69bcb951-4f0d-4ce6-af2f-37d431745a28/build]   | Create an instance and make sure it's a `Accounts` object. ... ERROR (0.017s)\n[69bcb951-4f0d-4ce6-af2f-37d431745a28/build]   |   test_creates_instance_of_client (test_client.TestTdClient)\n[69bcb951-4f0d-4ce6-af2f-37d431745a28/build]   | Create an instance and make sure it's a `TdAmeritradeClient` object. ... ERROR (0.001s)\n[69bcb951-4f0d-4ce6-af2f-37d431745a28/build]   |   test_creates_instance_of_instruments (test_client.TestTdClient)\n[69bcb951-4f0d-4ce6-af2f-37d431745a28/build]   | Create an instance and make sure it's a `Instruments` object. ... ERROR (0.001s)\n[69bcb951-4f0d-4ce6-af2f-37d431745a28/build]   |   test_creates_instance_of_market_hours (test_client.TestTdClient)\n[69bcb951-4f0d-4ce6-af2f-37d431745a28/build]   | Create an instance and make sure it's a `MarketHours` object. ... ERROR (0.001s)\n[69bcb951-4f0d-4ce6-af2f-37d431745a28/build]   |   test_creates_instance_of_mover (test_client.TestTdClient)\n[69bcb951-4f0d-4ce6-af2f-37d431745a28/build]   | Create an instance and make sure it's a `Movers` object. ... ERROR (0.001s)\n[69bcb951-4f0d-4ce6-af2f-37d431745a28/build]   |   test_creates_instance_of_options_chain (test_client.TestTdClient)\n[69bcb951-4f0d-4ce6-af2f-37d431745a28/build]   | Create an instance and make sure it's a `OptionsChain` object. ... ERROR (0.001s)\n[69bcb951-4f0d-4ce6-af2f-37d431745a28/build]   |   test_creates_instance_of_orders (test_client.TestTdClient)\n[69bcb951-4f0d-4ce6-af2f-37d431745a28/build]   | Create an instance and make sure it's a `Orders` object. ... ERROR (0.001s)\n[69bcb951-4f0d-4ce6-af2f-37d431745a28/build]   |   test_creates_instance_of_price_history (test_client.TestTdClient)\n[69bcb951-4f0d-4ce6-af2f-37d431745a28/build]   | Create an instance and make sure it's a `PriceHistory` object. ... ERROR (0.001s)\n[69bcb951-4f0d-4ce6-af2f-37d431745a28/build]   |   test_creates_instance_of_quote (test_client.TestTdClient)\n[69bcb951-4f0d-4ce6-af2f-37d431745a28/build]   | Create an instance and make sure it's a `Quotes` object. ... ERROR (0.001s)\n[69bcb951-4f0d-4ce6-af2f-37d431745a28/build]   |   test_creates_instance_of_saved_orders (test_client.TestTdClient)\n[69bcb951-4f0d-4ce6-af2f-37d431745a28/build]   | Create an instance and make sure it's a `SavedOrders` object. ... ERROR (0.001s)\n[69bcb951-4f0d-4ce6-af2f-37d431745a28/build]   |   test_creates_instance_of_user_info (test_client.TestTdClient)\n[69bcb951-4f0d-4ce6-af2f-37d431745a28/build]   | Create an instance and make sure it's a `UserInfo` object. ... ERROR (0.001s)\n[69bcb951-4f0d-4ce6-af2f-37d431745a28/build]   |   test_creates_instance_of_watchlists (test_client.TestTdClient)\n[69bcb951-4f0d-4ce6-af2f-37d431745a28/build]   | Create an instance and make sure it's a `Watchlists` object. ... ERROR (0.001s)\n[69bcb951-4f0d-4ce6-af2f-37d431745a28/build]   |   test_creates_instance_of_client (test_market_hours.TestMarketHourService)\n[69bcb951-4f0d-4ce6-af2f-37d431745a28/build]   | Create an instance and make sure it's a `TdAmeritradeClient` object. ... ERROR (0.001s)\n[69bcb951-4f0d-4ce6-af2f-37d431745a28/build]   |   test_creates_instance_of_market_hours (test_market_hours.TestMarketHourService)\n[69bcb951-4f0d-4ce6-af2f-37d431745a28/build]   | Create an instance and make sure it's a `MarketHours` object. ... ERROR (0.001s)\n[69bcb951-4f0d-4ce6-af2f-37d431745a28/build]   |   test_get_multiple_market_hours (test_market_hours.TestMarketHourService)\n[69bcb951-4f0d-4ce6-af2f-37d431745a28/build]   | Test grabbing market hours for a multiple markets. ... ERROR (0.002s)\n[69bcb951-4f0d-4ce6-af2f-37d431745a28/build]   |   test_get_single_market_hours (test_market_hours.TestMarketHourService)\n[69bcb951-4f0d-4ce6-af2f-37d431745a28/build]   | Test grabbing market hours for a single market. ... ERROR (0.002s)\n[69bcb951-4f0d-4ce6-af2f-37d431745a28/build]   |   test_creates_instance_of_client (test_options_chain.TestOptionsChainService)\n[69bcb951-4f0d-4ce6-af2f-37d431745a28/build]   | Create an instance and make sure it's a `TdAmeritradeClient` object. ... ERROR (0.001s)\n[69bcb951-4f0d-4ce6-af2f-37d431745a28/build]   |   test_creates_instance_of_options_chain_query (test_options_chain.TestOptionsChainService)\n[69bcb951-4f0d-4ce6-af2f-37d431745a28/build]   | Create an instance and make sure it's a `OptionsChainQuery` object. ... ERROR (0.001s)\n[69bcb951-4f0d-4ce6-af2f-37d431745a28/build]   |   test_creates_instance_of_service (test_options_chain.TestOptionsChainService)\n[69bcb951-4f0d-4ce6-af2f-37d431745a28/build]   | Create an instance and make sure it's a `OptionsChain` object. ... ERROR (0.001s)\n[69bcb951-4f0d-4ce6-af2f-37d431745a28/build]   |   test_get_option_chains (test_options_chain.TestOptionsChainService)\n[69bcb951-4f0d-4ce6-af2f-37d431745a28/build]   | Test grabbing option chains data using a dictionary object. ... ERROR (0.001s)\n[69bcb951-4f0d-4ce6-af2f-37d431745a28/build]   |   test_get_option_chains_through_query_object (test_options_chain.TestOptionsChainService)\n[69bcb951-4f0d-4ce6-af2f-37d431745a28/build]   | Test grabbing option chains data using the `Query` object. ... ERROR (0.002s)\n[69bcb951-4f0d-4ce6-af2f-37d431745a28/build]   |   test_creates_instance_of_client (test_quotes.TestQuotesService)\n[69bcb951-4f0d-4ce6-af2f-37d431745a28/build]   | Create an instance and make sure it's a `TdAmeritradeClient` object. ... ERROR (0.001s)\n[69bcb951-4f0d-4ce6-af2f-37d431745a28/build]   |   test_creates_instance_of_quote (test_quotes.TestQuotesService)\n[69bcb951-4f0d-4ce6-af2f-37d431745a28/build]   | Create an instance and make sure it's a `Quotes` object. ... ERROR (0.001s)\n[69bcb951-4f0d-4ce6-af2f-37d431745a28/build]   |   test_get_quote (test_quotes.TestQuotesService)\n[69bcb951-4f0d-4ce6-af2f-37d431745a28/build]   | Test grabbing a single quote. ... ERROR (0.001s)\n[69bcb951-4f0d-4ce6-af2f-37d431745a28/build]   |   test_get_quotes (test_quotes.TestQuotesService)\n[69bcb951-4f0d-4ce6-af2f-37d431745a28/build]   | Test grabbing multiple quotes. ... ERROR (0.001s)\n[69bcb951-4f0d-4ce6-af2f-37d431745a28/build]   |   test_order (test_utils.TestTdOrderUtils)\n[69bcb951-4f0d-4ce6-af2f-37d431745a28/build]   | Create an instance and make sure it's a `Order` object. ... ok (0.006s)\n[69bcb951-4f0d-4ce6-af2f-37d431745a28/build]   |   test_order_leg (test_utils.TestTdOrderUtils)\n[69bcb951-4f0d-4ce6-af2f-37d431745a28/build]   | Create an instance and make sure it's a `OrderLeg` object. ... ok (0.002s)\n[69bcb951-4f0d-4ce6-af2f-37d431745a28/build]   |   test_order_leg_instrument (test_utils.TestTdOrderUtils)\n[69bcb951-4f0d-4ce6-af2f-37d431745a28/build]   | Create an instance and make sure it's a `OrderLegInstrument` object. ... ok (0.002s)\n[69bcb951-4f0d-4ce6-af2f-37d431745a28/build]   | \n[69bcb951-4f0d-4ce6-af2f-37d431745a28/build]   | ======================================================================\n[69bcb951-4f0d-4ce6-af2f-37d431745a28/build]   | ERROR [0.017s]: test_creates_instance_of_accounts (test_client.TestTdClient)\n[69bcb951-4f0d-4ce6-af2f-37d431745a28/build]   | Create an instance and make sure it's a `Accounts` object.\n[69bcb951-4f0d-4ce6-af2f-37d431745a28/build]   | ----------------------------------------------------------------------\n[69bcb951-4f0d-4ce6-af2f-37d431745a28/build]   | Traceback (most recent call last):\n[69bcb951-4f0d-4ce6-af2f-37d431745a28/build]   |   File \"/tmp/558156d8-17ed-11ee-8a50-bb14de238602/areed1192-td-ameritrade-api/tests/test_client.py\", line 34, in setUp\n[69bcb951-4f0d-4ce6-af2f-37d431745a28/build]   |     client_id = config.get('main', 'client_id')\n[69bcb951-4f0d-4ce6-af2f-37d431745a28/build]   |   File \"/opt/hostedtoolcache/Python/3.7.11/x64/lib/python3.7/configparser.py\", line 780, in get\n[69bcb951-4f0d-4ce6-af2f-37d431745a28/build]   |     d = self._unify_values(section, vars)\n[69bcb951-4f0d-4ce6-af2f-37d431745a28/build]   |   File \"/opt/hostedtoolcache/Python/3.7.11/x64/lib/python3.7/configparser.py\", line 1146, in _unify_values\n[69bcb951-4f0d-4ce6-af2f-37d431745a28/build]   |     raise NoSectionError(section) from None\n[69bcb951-4f0d-4ce6-af2f-37d431745a28/build]   | configparser.NoSectionError: No section: 'main'\n[69bcb951-4f0d-4ce6-af2f-37d431745a28/build]   | \n[69bcb951-4f0d-4ce6-af2f-37d431745a28/build]   | ======================================================================\n[69bcb951-4f0d-4ce6-af2f-37d431745a28/build]   | ERROR [0.001s]: test_creates_instance_of_client (test_client.TestTdClient)\n[69bcb951-4f0d-4ce6-af2f-37d431745a28/build]   | Create an instance and make sure it's a `TdAmeritradeClient` object.\n[69bcb951-4f0d-4ce6-af2f-37d431745a28/build]   | ----------------------------------------------------------------------\n[69bcb951-4f0d-4ce6-af2f-37d431745a28/build]   | Traceback (most recent call last):\n[69bcb951-4f0d-4ce6-af2f-37d431745a28/build]   |   File \"/tmp/558156d8-17ed-11ee-8a50-bb14de238602/areed1192-td-ameritrade-api/tests/test_client.py\", line 34, in setUp\n[69bcb951-4f0d-4ce6-af2f-37d431745a28/build]   |     client_id = config.get('main', 'client_id')\n[69bcb951-4f0d-4ce6-af2f-37d431745a28/build]   |   File \"/opt/hostedtoolcache/Python/3.7.11/x64/lib/python3.7/configparser.py\", line 780, in get\n[69bcb951-4f0d-4ce6-af2f-37d431745a28/build]   |     d = self._unify_values(section, vars)\n[69bcb951-4f0d-4ce6-af2f-37d431745a28/build]   |   File \"/opt/hostedtoolcache/Python/3.7.11/x64/lib/python3.7/configparser.py\", line 1146, in _unify_values\n[69bcb951-4f0d-4ce6-af2f-37d431745a28/build]   |     raise NoSectionError(section) from None\n[69bcb951-4f0d-4ce6-af2f-37d431745a28/build]   | configparser.NoSectionError: No section: 'main'\n[69bcb951-4f0d-4ce6-af2f-37d431745a28/build]   | \n[69bcb951-4f0d-4ce6-af2f-37d431745a28/build]   | ======================================================================\n[69bcb951-4f0d-4ce6-af2f-37d431745a28/build]   | ERROR [0.001s]: test_creates_instance_of_instruments (test_client.TestTdClient)\n[69bcb951-4f0d-4ce6-af2f-37d431745a28/build]   | Create an instance and make sure it's a `Instruments` object.\n[69bcb951-4f0d-4ce6-af2f-37d431745a28/build]   | ----------------------------------------------------------------------\n[69bcb951-4f0d-4ce6-af2f-37d431745a28/build]   | Traceback (most recent call last):\n[69bcb951-4f0d-4ce6-af2f-37d431745a28/build]   |   File \"/tmp/558156d8-17ed-11ee-8a50-bb14de238602/areed1192-td-ameritrade-api/tests/test_client.py\", line 34, in setUp\n[69bcb951-4f0d-4ce6-af2f-37d431745a28/build]   |     client_id = config.get('main', 'client_id')\n[69bcb951-4f0d-4ce6-af2f-37d431745a28/build]   |   File \"/opt/hostedtoolcache/Python/3.7.11/x64/lib/python3.7/configparser.py\", line 780, in get\n[69bcb951-4f0d-4ce6-af2f-37d431745a28/build]   |     d = self._unify_values(section, vars)\n[69bcb951-4f0d-4ce6-af2f-37d431745a28/build]   |   File \"/opt/hostedtoolcache/Python/3.7.11/x64/lib/python3.7/configparser.py\", line 1146, in _unify_values\n[69bcb951-4f0d-4ce6-af2f-37d431745a28/build]   |     raise NoSectionError(section) from None\n[69bcb951-4f0d-4ce6-af2f-37d431745a28/build]   | configparser.NoSectionError: No section: 'main'\n[69bcb951-4f0d-4ce6-af2f-37d431745a28/build]   | \n[69bcb951-4f0d-4ce6-af2f-37d431745a28/build]   | ======================================================================\n[69bcb951-4f0d-4ce6-af2f-37d431745a28/build]   | ERROR [0.001s]: test_creates_instance_of_market_hours (test_client.TestTdClient)\n[69bcb951-4f0d-4ce6-af2f-37d431745a28/build]   | Create an instance and make sure it's a `MarketHours` object.\n[69bcb951-4f0d-4ce6-af2f-37d431745a28/build]   | ----------------------------------------------------------------------\n[69bcb951-4f0d-4ce6-af2f-37d431745a28/build]   | Traceback (most recent call last):\n[69bcb951-4f0d-4ce6-af2f-37d431745a28/build]   |   File \"/tmp/558156d8-17ed-11ee-8a50-bb14de238602/areed1192-td-ameritrade-api/tests/test_client.py\", line 34, in setUp\n[69bcb951-4f0d-4ce6-af2f-37d431745a28/build]   |     client_id = config.get('main', 'client_id')\n[69bcb951-4f0d-4ce6-af2f-37d431745a28/build]   |   File \"/opt/hostedtoolcache/Python/3.7.11/x64/lib/python3.7/configparser.py\", line 780, in get\n[69bcb951-4f0d-4ce6-af2f-37d431745a28/build]   |     d = self._unify_values(section, vars)\n[69bcb951-4f0d-4ce6-af2f-37d431745a28/build]   |   File \"/opt/hostedtoolcache/Python/3.7.11/x64/lib/python3.7/configparser.py\", line 1146, in _unify_values\n[69bcb951-4f0d-4ce6-af2f-37d431745a28/build]   |     raise NoSectionError(section) from None\n[69bcb951-4f0d-4ce6-af2f-37d431745a28/build]   | configparser.NoSectionError: No section: 'main'\n[69bcb951-4f0d-4ce6-af2f-37d431745a28/build]   | \n[69bcb951-4f0d-4ce6-af2f-37d431745a28/build]   | ======================================================================\n[69bcb951-4f0d-4ce6-af2f-37d431745a28/build]   | ERROR [0.001s]: test_creates_instance_of_mover (test_client.TestTdClient)\n[69bcb951-4f0d-4ce6-af2f-37d431745a28/build]   | Create an instance and make sure it's a `Movers` object.\n[69bcb951-4f0d-4ce6-af2f-37d431745a28/build]   | ----------------------------------------------------------------------\n[69bcb951-4f0d-4ce6-af2f-37d431745a28/build]   | Traceback (most recent call last):\n[69bcb951-4f0d-4ce6-af2f-37d431745a28/build]   |   File \"/tmp/558156d8-17ed-11ee-8a50-bb14de238602/areed1192-td-ameritrade-api/tests/test_client.py\", line 34, in setUp\n[69bcb951-4f0d-4ce6-af2f-37d431745a28/build]   |     client_id = config.get('main', 'client_id')\n[69bcb951-4f0d-4ce6-af2f-37d431745a28/build]   |   File \"/opt/hostedtoolcache/Python/3.7.11/x64/lib/python3.7/configparser.py\", line 780, in get\n[69bcb951-4f0d-4ce6-af2f-37d431745a28/build]   |     d = self._unify_values(section, vars)\n[69bcb951-4f0d-4ce6-af2f-37d431745a28/build]   |   File \"/opt/hostedtoolcache/Python/3.7.11/x64/lib/python3.7/configparser.py\", line 1146, in _unify_values\n[69bcb951-4f0d-4ce6-af2f-37d431745a28/build]   |     raise NoSectionError(section) from None\n[69bcb951-4f0d-4ce6-af2f-37d431745a28/build]   | configparser.NoSectionError: No section: 'main'\n[69bcb951-4f0d-4ce6-af2f-37d431745a28/build]   | \n[69bcb951-4f0d-4ce6-af2f-37d431745a28/build]   | ======================================================================\n[69bcb951-4f0d-4ce6-af2f-37d431745a28/build]   | ERROR [0.001s]: test_creates_instance_of_options_chain (test_client.TestTdClient)\n[69bcb951-4f0d-4ce6-af2f-37d431745a28/build]   | Create an instance and make sure it's a `OptionsChain` object.\n[69bcb951-4f0d-4ce6-af2f-37d431745a28/build]   | ----------------------------------------------------------------------\n[69bcb951-4f0d-4ce6-af2f-37d431745a28/build]   | Traceback (most recent call last):\n[69bcb951-4f0d-4ce6-af2f-37d431745a28/build]   |   File \"/tmp/558156d8-17ed-11ee-8a50-bb14de238602/areed1192-td-ameritrade-api/tests/test_client.py\", line 34, in setUp\n[69bcb951-4f0d-4ce6-af2f-37d431745a28/build]   |     client_id = config.get('main', 'client_id')\n[69bcb951-4f0d-4ce6-af2f-37d431745a28/build]   |   File \"/opt/hostedtoolcache/Python/3.7.11/x64/lib/python3.7/configparser.py\", line 780, in get\n[69bcb951-4f0d-4ce6-af2f-37d431745a28/build]   |     d = self._unify_values(section, vars)\n[69bcb951-4f0d-4ce6-af2f-37d431745a28/build]   |   File \"/opt/hostedtoolcache/Python/3.7.11/x64/lib/python3.7/configparser.py\", line 1146, in _unify_values\n[69bcb951-4f0d-4ce6-af2f-37d431745a28/build]   |     raise NoSectionError(section) from None\n[69bcb951-4f0d-4ce6-af2f-37d431745a28/build]   | configparser.NoSectionError: No section: 'main'\n[69bcb951-4f0d-4ce6-af2f-37d431745a28/build]   | \n[69bcb951-4f0d-4ce6-af2f-37d431745a28/build]   | ======================================================================\n[69bcb951-4f0d-4ce6-af2f-37d431745a28/build]   | ERROR [0.001s]: test_creates_instance_of_orders (test_client.TestTdClient)\n[69bcb951-4f0d-4ce6-af2f-37d431745a28/build]   | Create an instance and make sure it's a `Orders` object.\n[69bcb951-4f0d-4ce6-af2f-37d431745a28/build]   | ----------------------------------------------------------------------\n[69bcb951-4f0d-4ce6-af2f-37d431745a28/build]   | Traceback (most recent call last):\n[69bcb951-4f0d-4ce6-af2f-37d431745a28/build]   |   File \"/tmp/558156d8-17ed-11ee-8a50-bb14de238602/areed1192-td-ameritrade-api/tests/test_client.py\", line 34, in setUp\n[69bcb951-4f0d-4ce6-af2f-37d431745a28/build]   |     client_id = config.get('main', 'client_id')\n[69bcb951-4f0d-4ce6-af2f-37d431745a28/build]   |   File \"/opt/hostedtoolcache/Python/3.7.11/x64/lib/python3.7/configparser.py\", line 780, in get\n[69bcb951-4f0d-4ce6-af2f-37d431745a28/build]   |     d = self._unify_values(section, vars)\n[69bcb951-4f0d-4ce6-af2f-37d431745a28/build]   |   File \"/opt/hostedtoolcache/Python/3.7.11/x64/lib/python3.7/configparser.py\", line 1146, in _unify_values\n[69bcb951-4f0d-4ce6-af2f-37d431745a28/build]   |     raise NoSectionError(section) from None\n[69bcb951-4f0d-4ce6-af2f-37d431745a28/build]   | configparser.NoSectionError: No section: 'main'\n[69bcb951-4f0d-4ce6-af2f-37d431745a28/build]   | \n[69bcb951-4f0d-4ce6-af2f-37d431745a28/build]   | ======================================================================\n[69bcb951-4f0d-4ce6-af2f-37d431745a28/build]   | ERROR [0.001s]: test_creates_instance_of_price_history (test_client.TestTdClient)\n[69bcb951-4f0d-4ce6-af2f-37d431745a28/build]   | Create an instance and make sure it's a `PriceHistory` object.\n[69bcb951-4f0d-4ce6-af2f-37d431745a28/build]   | ----------------------------------------------------------------------\n[69bcb951-4f0d-4ce6-af2f-37d431745a28/build]   | Traceback (most recent call last):\n[69bcb951-4f0d-4ce6-af2f-37d431745a28/build]   |   File \"/tmp/558156d8-17ed-11ee-8a50-bb14de238602/areed1192-td-ameritrade-api/tests/test_client.py\", line 34, in setUp\n[69bcb951-4f0d-4ce6-af2f-37d431745a28/build]   |     client_id = config.get('main', 'client_id')\n[69bcb951-4f0d-4ce6-af2f-37d431745a28/build]   |   File \"/opt/hostedtoolcache/Python/3.7.11/x64/lib/python3.7/configparser.py\", line 780, in get\n[69bcb951-4f0d-4ce6-af2f-37d431745a28/build]   |     d = self._unify_values(section, vars)\n[69bcb951-4f0d-4ce6-af2f-37d431745a28/build]   |   File \"/opt/hostedtoolcache/Python/3.7.11/x64/lib/python3.7/configparser.py\", line 1146, in _unify_values\n[69bcb951-4f0d-4ce6-af2f-37d431745a28/build]   |     raise NoSectionError(section) from None\n[69bcb951-4f0d-4ce6-af2f-37d431745a28/build]   | configparser.NoSectionError: No section: 'main'\n[69bcb951-4f0d-4ce6-af2f-37d431745a28/build]   | \n[69bcb951-4f0d-4ce6-af2f-37d431745a28/build]   | ======================================================================\n[69bcb951-4f0d-4ce6-af2f-37d431745a28/build]   | ERROR [0.001s]: test_creates_instance_of_quote (test_client.TestTdClient)\n[69bcb951-4f0d-4ce6-af2f-37d431745a28/build]   | Create an instance and make sure it's a `Quotes` object.\n[69bcb951-4f0d-4ce6-af2f-37d431745a28/build]   | ----------------------------------------------------------------------\n[69bcb951-4f0d-4ce6-af2f-37d431745a28/build]   | Traceback (most recent call last):\n[69bcb951-4f0d-4ce6-af2f-37d431745a28/build]   |   File \"/tmp/558156d8-17ed-11ee-8a50-bb14de238602/areed1192-td-ameritrade-api/tests/test_client.py\", line 34, in setUp\n[69bcb951-4f0d-4ce6-af2f-37d431745a28/build]   |     client_id = config.get('main', 'client_id')\n[69bcb951-4f0d-4ce6-af2f-37d431745a28/build]   |   File \"/opt/hostedtoolcache/Python/3.7.11/x64/lib/python3.7/configparser.py\", line 780, in get\n[69bcb951-4f0d-4ce6-af2f-37d431745a28/build]   |     d = self._unify_values(section, vars)\n[69bcb951-4f0d-4ce6-af2f-37d431745a28/build]   |   File \"/opt/hostedtoolcache/Python/3.7.11/x64/lib/python3.7/configparser.py\", line 1146, in _unify_values\n[69bcb951-4f0d-4ce6-af2f-37d431745a28/build]   |     raise NoSectionError(section) from None\n[69bcb951-4f0d-4ce6-af2f-37d431745a28/build]   | configparser.NoSectionError: No section: 'main'\n[69bcb951-4f0d-4ce6-af2f-37d431745a28/build]   | \n[69bcb951-4f0d-4ce6-af2f-37d431745a28/build]   | ======================================================================\n[69bcb951-4f0d-4ce6-af2f-37d431745a28/build]   | ERROR [0.001s]: test_creates_instance_of_saved_orders (test_client.TestTdClient)\n[69bcb951-4f0d-4ce6-af2f-37d431745a28/build]   | Create an instance and make sure it's a `SavedOrders` object.\n[69bcb951-4f0d-4ce6-af2f-37d431745a28/build]   | ----------------------------------------------------------------------\n[69bcb951-4f0d-4ce6-af2f-37d431745a28/build]   | Traceback (most recent call last):\n[69bcb951-4f0d-4ce6-af2f-37d431745a28/build]   |   File \"/tmp/558156d8-17ed-11ee-8a50-bb14de238602/areed1192-td-ameritrade-api/tests/test_client.py\", line 34, in setUp\n[69bcb951-4f0d-4ce6-af2f-37d431745a28/build]   |     client_id = config.get('main', 'client_id')\n[69bcb951-4f0d-4ce6-af2f-37d431745a28/build]   |   File \"/opt/hostedtoolcache/Python/3.7.11/x64/lib/python3.7/configparser.py\", line 780, in get\n[69bcb951-4f0d-4ce6-af2f-37d431745a28/build]   |     d = self._unify_values(section, vars)\n[69bcb951-4f0d-4ce6-af2f-37d431745a28/build]   |   File \"/opt/hostedtoolcache/Python/3.7.11/x64/lib/python3.7/configparser.py\", line 1146, in _unify_values\n[69bcb951-4f0d-4ce6-af2f-37d431745a28/build]   |     raise NoSectionError(section) from None\n[69bcb951-4f0d-4ce6-af2f-37d431745a28/build]   | configparser.NoSectionError: No section: 'main'\n[69bcb951-4f0d-4ce6-af2f-37d431745a28/build]   | \n[69bcb951-4f0d-4ce6-af2f-37d431745a28/build]   | ======================================================================\n[69bcb951-4f0d-4ce6-af2f-37d431745a28/build]   | ERROR [0.001s]: test_creates_instance_of_user_info (test_client.TestTdClient)\n[69bcb951-4f0d-4ce6-af2f-37d431745a28/build]   | Create an instance and make sure it's a `UserInfo` object.\n[69bcb951-4f0d-4ce6-af2f-37d431745a28/build]   | ----------------------------------------------------------------------\n[69bcb951-4f0d-4ce6-af2f-37d431745a28/build]   | Traceback (most recent call last):\n[69bcb951-4f0d-4ce6-af2f-37d431745a28/build]   |   File \"/tmp/558156d8-17ed-11ee-8a50-bb14de238602/areed1192-td-ameritrade-api/tests/test_client.py\", line 34, in setUp\n[69bcb951-4f0d-4ce6-af2f-37d431745a28/build]   |     client_id = config.get('main', 'client_id')\n[69bcb951-4f0d-4ce6-af2f-37d431745a28/build]   |   File \"/opt/hostedtoolcache/Python/3.7.11/x64/lib/python3.7/configparser.py\", line 780, in get\n[69bcb951-4f0d-4ce6-af2f-37d431745a28/build]   |     d = self._unify_values(section, vars)\n[69bcb951-4f0d-4ce6-af2f-37d431745a28/build]   |   File \"/opt/hostedtoolcache/Python/3.7.11/x64/lib/python3.7/configparser.py\", line 1146, in _unify_values\n[69bcb951-4f0d-4ce6-af2f-37d431745a28/build]   |     raise NoSectionError(section) from None\n[69bcb951-4f0d-4ce6-af2f-37d431745a28/build]   | configparser.NoSectionError: No section: 'main'\n[69bcb951-4f0d-4ce6-af2f-37d431745a28/build]   | \n[69bcb951-4f0d-4ce6-af2f-37d431745a28/build]   | ======================================================================\n[69bcb951-4f0d-4ce6-af2f-37d431745a28/build]   | ERROR [0.001s]: test_creates_instance_of_watchlists (test_client.TestTdClient)\n[69bcb951-4f0d-4ce6-af2f-37d431745a28/build]   | Create an instance and make sure it's a `Watchlists` object.\n[69bcb951-4f0d-4ce6-af2f-37d431745a28/build]   | ----------------------------------------------------------------------\n[69bcb951-4f0d-4ce6-af2f-37d431745a28/build]   | Traceback (most recent call last):\n[69bcb951-4f0d-4ce6-af2f-37d431745a28/build]   |   File \"/tmp/558156d8-17ed-11ee-8a50-bb14de238602/areed1192-td-ameritrade-api/tests/test_client.py\", line 34, in setUp\n[69bcb951-4f0d-4ce6-af2f-37d431745a28/build]   |     client_id = config.get('main', 'client_id')\n[69bcb951-4f0d-4ce6-af2f-37d431745a28/build]   |   File \"/opt/hostedtoolcache/Python/3.7.11/x64/lib/python3.7/configparser.py\", line 780, in get\n[69bcb951-4f0d-4ce6-af2f-37d431745a28/build]   |     d = self._unify_values(section, vars)\n[69bcb951-4f0d-4ce6-af2f-37d431745a28/build]   |   File \"/opt/hostedtoolcache/Python/3.7.11/x64/lib/python3.7/configparser.py\", line 1146, in _unify_values\n[69bcb951-4f0d-4ce6-af2f-37d431745a28/build]   |     raise NoSectionError(section) from None\n[69bcb951-4f0d-4ce6-af2f-37d431745a28/build]   | configparser.NoSectionError: No section: 'main'\n[69bcb951-4f0d-4ce6-af2f-37d431745a28/build]   | \n[69bcb951-4f0d-4ce6-af2f-37d431745a28/build]   | ======================================================================\n[69bcb951-4f0d-4ce6-af2f-37d431745a28/build]   | ERROR [0.001s]: test_creates_instance_of_client (test_market_hours.TestMarketHourService)\n[69bcb951-4f0d-4ce6-af2f-37d431745a28/build]   | Create an instance and make sure it's a `TdAmeritradeClient` object.\n[69bcb951-4f0d-4ce6-af2f-37d431745a28/build]   | ----------------------------------------------------------------------\n[69bcb951-4f0d-4ce6-af2f-37d431745a28/build]   | Traceback (most recent call last):\n[69bcb951-4f0d-4ce6-af2f-37d431745a28/build]   |   File \"/tmp/558156d8-17ed-11ee-8a50-bb14de238602/areed1192-td-ameritrade-api/tests/test_market_hours.py\", line 26, in setUp\n[69bcb951-4f0d-4ce6-af2f-37d431745a28/build]   |     client_id = config.get('main', 'client_id')\n[69bcb951-4f0d-4ce6-af2f-37d431745a28/build]   |   File \"/opt/hostedtoolcache/Python/3.7.11/x64/lib/python3.7/configparser.py\", line 780, in get\n[69bcb951-4f0d-4ce6-af2f-37d431745a28/build]   |     d = self._unify_values(section, vars)\n[69bcb951-4f0d-4ce6-af2f-37d431745a28/build]   |   File \"/opt/hostedtoolcache/Python/3.7.11/x64/lib/python3.7/configparser.py\", line 1146, in _unify_values\n[69bcb951-4f0d-4ce6-af2f-37d431745a28/build]   |     raise NoSectionError(section) from None\n[69bcb951-4f0d-4ce6-af2f-37d431745a28/build]   | configparser.NoSectionError: No section: 'main'\n[69bcb951-4f0d-4ce6-af2f-37d431745a28/build]   | \n[69bcb951-4f0d-4ce6-af2f-37d431745a28/build]   | ======================================================================\n[69bcb951-4f0d-4ce6-af2f-37d431745a28/build]   | ERROR [0.001s]: test_creates_instance_of_market_hours (test_market_hours.TestMarketHourService)\n[69bcb951-4f0d-4ce6-af2f-37d431745a28/build]   | Create an instance and make sure it's a `MarketHours` object.\n[69bcb951-4f0d-4ce6-af2f-37d431745a28/build]   | ----------------------------------------------------------------------\n[69bcb951-4f0d-4ce6-af2f-37d431745a28/build]   | Traceback (most recent call last):\n[69bcb951-4f0d-4ce6-af2f-37d431745a28/build]   |   File \"/tmp/558156d8-17ed-11ee-8a50-bb14de238602/areed1192-td-ameritrade-api/tests/test_market_hours.py\", line 26, in setUp\n[69bcb951-4f0d-4ce6-af2f-37d431745a28/build]   |     client_id = config.get('main', 'client_id')\n[69bcb951-4f0d-4ce6-af2f-37d431745a28/build]   |   File \"/opt/hostedtoolcache/Python/3.7.11/x64/lib/python3.7/configparser.py\", line 780, in get\n[69bcb951-4f0d-4ce6-af2f-37d431745a28/build]   |     d = self._unify_values(section, vars)\n[69bcb951-4f0d-4ce6-af2f-37d431745a28/build]   |   File \"/opt/hostedtoolcache/Python/3.7.11/x64/lib/python3.7/configparser.py\", line 1146, in _unify_values\n[69bcb951-4f0d-4ce6-af2f-37d431745a28/build]   |     raise NoSectionError(section) from None\n[69bcb951-4f0d-4ce6-af2f-37d431745a28/build]   | configparser.NoSectionError: No section: 'main'\n[69bcb951-4f0d-4ce6-af2f-37d431745a28/build]   | \n[69bcb951-4f0d-4ce6-af2f-37d431745a28/build]   | ======================================================================\n[69bcb951-4f0d-4ce6-af2f-37d431745a28/build]   | ERROR [0.002s]: test_get_multiple_market_hours (test_market_hours.TestMarketHourService)\n[69bcb951-4f0d-4ce6-af2f-37d431745a28/build]   | Test grabbing market hours for a multiple markets.\n[69bcb951-4f0d-4ce6-af2f-37d431745a28/build]   | ----------------------------------------------------------------------\n[69bcb951-4f0d-4ce6-af2f-37d431745a28/build]   | Traceback (most recent call last):\n[69bcb951-4f0d-4ce6-af2f-37d431745a28/build]   |   File \"/tmp/558156d8-17ed-11ee-8a50-bb14de238602/areed1192-td-ameritrade-api/tests/test_market_hours.py\", line 26, in setUp\n[69bcb951-4f0d-4ce6-af2f-37d431745a28/build]   |     client_id = config.get('main', 'client_id')\n[69bcb951-4f0d-4ce6-af2f-37d431745a28/build]   |   File \"/opt/hostedtoolcache/Python/3.7.11/x64/lib/python3.7/configparser.py\", line 780, in get\n[69bcb951-4f0d-4ce6-af2f-37d431745a28/build]   |     d = self._unify_values(section, vars)\n[69bcb951-4f0d-4ce6-af2f-37d431745a28/build]   |   File \"/opt/hostedtoolcache/Python/3.7.11/x64/lib/python3.7/configparser.py\", line 1146, in _unify_values\n[69bcb951-4f0d-4ce6-af2f-37d431745a28/build]   |     raise NoSectionError(section) from None\n[69bcb951-4f0d-4ce6-af2f-37d431745a28/build]   | configparser.NoSectionError: No section: 'main'\n[69bcb951-4f0d-4ce6-af2f-37d431745a28/build]   | \n[69bcb951-4f0d-4ce6-af2f-37d431745a28/build]   | ======================================================================\n[69bcb951-4f0d-4ce6-af2f-37d431745a28/build]   | ERROR [0.002s]: test_get_single_market_hours (test_market_hours.TestMarketHourService)\n[69bcb951-4f0d-4ce6-af2f-37d431745a28/build]   | Test grabbing market hours for a single market.\n[69bcb951-4f0d-4ce6-af2f-37d431745a28/build]   | ----------------------------------------------------------------------\n[69bcb951-4f0d-4ce6-af2f-37d431745a28/build]   | Traceback (most recent call last):\n[69bcb951-4f0d-4ce6-af2f-37d431745a28/build]   |   File \"/tmp/558156d8-17ed-11ee-8a50-bb14de238602/areed1192-td-ameritrade-api/tests/test_market_hours.py\", line 26, in setUp\n[69bcb951-4f0d-4ce6-af2f-37d431745a28/build]   |     client_id = config.get('main', 'client_id')\n[69bcb951-4f0d-4ce6-af2f-37d431745a28/build]   |   File \"/opt/hostedtoolcache/Python/3.7.11/x64/lib/python3.7/configparser.py\", line 780, in get\n[69bcb951-4f0d-4ce6-af2f-37d431745a28/build]   |     d = self._unify_values(section, vars)\n[69bcb951-4f0d-4ce6-af2f-37d431745a28/build]   |   File \"/opt/hostedtoolcache/Python/3.7.11/x64/lib/python3.7/configparser.py\", line 1146, in _unify_values\n[69bcb951-4f0d-4ce6-af2f-37d431745a28/build]   |     raise NoSectionError(section) from None\n[69bcb951-4f0d-4ce6-af2f-37d431745a28/build]   | configparser.NoSectionError: No section: 'main'\n[69bcb951-4f0d-4ce6-af2f-37d431745a28/build]   | \n[69bcb951-4f0d-4ce6-af2f-37d431745a28/build]   | ======================================================================\n[69bcb951-4f0d-4ce6-af2f-37d431745a28/build]   | ERROR [0.001s]: test_creates_instance_of_client (test_options_chain.TestOptionsChainService)\n[69bcb951-4f0d-4ce6-af2f-37d431745a28/build]   | Create an instance and make sure it's a `TdAmeritradeClient` object.\n[69bcb951-4f0d-4ce6-af2f-37d431745a28/build]   | ----------------------------------------------------------------------\n[69bcb951-4f0d-4ce6-af2f-37d431745a28/build]   | Traceback (most recent call last):\n[69bcb951-4f0d-4ce6-af2f-37d431745a28/build]   |   File \"/tmp/558156d8-17ed-11ee-8a50-bb14de238602/areed1192-td-ameritrade-api/tests/test_options_chain.py\", line 30, in setUp\n[69bcb951-4f0d-4ce6-af2f-37d431745a28/build]   |     client_id = config.get('main', 'client_id')\n[69bcb951-4f0d-4ce6-af2f-37d431745a28/build]   |   File \"/opt/hostedtoolcache/Python/3.7.11/x64/lib/python3.7/configparser.py\", line 780, in get\n[69bcb951-4f0d-4ce6-af2f-37d431745a28/build]   |     d = self._unify_values(section, vars)\n[69bcb951-4f0d-4ce6-af2f-37d431745a28/build]   |   File \"/opt/hostedtoolcache/Python/3.7.11/x64/lib/python3.7/configparser.py\", line 1146, in _unify_values\n[69bcb951-4f0d-4ce6-af2f-37d431745a28/build]   |     raise NoSectionError(section) from None\n[69bcb951-4f0d-4ce6-af2f-37d431745a28/build]   | configparser.NoSectionError: No section: 'main'\n[69bcb951-4f0d-4ce6-af2f-37d431745a28/build]   | \n[69bcb951-4f0d-4ce6-af2f-37d431745a28/build]   | ======================================================================\n[69bcb951-4f0d-4ce6-af2f-37d431745a28/build]   | ERROR [0.001s]: test_creates_instance_of_options_chain_query (test_options_chain.TestOptionsChainService)\n[69bcb951-4f0d-4ce6-af2f-37d431745a28/build]   | Create an instance and make sure it's a `OptionsChainQuery` object.\n[69bcb951-4f0d-4ce6-af2f-37d431745a28/build]   | ----------------------------------------------------------------------\n[69bcb951-4f0d-4ce6-af2f-37d431745a28/build]   | Traceback (most recent call last):\n[69bcb951-4f0d-4ce6-af2f-37d431745a28/build]   |   File \"/tmp/558156d8-17ed-11ee-8a50-bb14de238602/areed1192-td-ameritrade-api/tests/test_options_chain.py\", line 30, in setUp\n[69bcb951-4f0d-4ce6-af2f-37d431745a28/build]   |     client_id = config.get('main', 'client_id')\n[69bcb951-4f0d-4ce6-af2f-37d431745a28/build]   |   File \"/opt/hostedtoolcache/Python/3.7.11/x64/lib/python3.7/configparser.py\", line 780, in get\n[69bcb951-4f0d-4ce6-af2f-37d431745a28/build]   |     d = self._unify_values(section, vars)\n[69bcb951-4f0d-4ce6-af2f-37d431745a28/build]   |   File \"/opt/hostedtoolcache/Python/3.7.11/x64/lib/python3.7/configparser.py\", line 1146, in _unify_values\n[69bcb951-4f0d-4ce6-af2f-37d431745a28/build]   |     raise NoSectionError(section) from None\n[69bcb951-4f0d-4ce6-af2f-37d431745a28/build]   | configparser.NoSectionError: No section: 'main'\n[69bcb951-4f0d-4ce6-af2f-37d431745a28/build]   | \n[69bcb951-4f0d-4ce6-af2f-37d431745a28/build]   | ======================================================================\n[69bcb951-4f0d-4ce6-af2f-37d431745a28/build]   | ERROR [0.001s]: test_creates_instance_of_service (test_options_chain.TestOptionsChainService)\n[69bcb951-4f0d-4ce6-af2f-37d431745a28/build]   | Create an instance and make sure it's a `OptionsChain` object.\n[69bcb951-4f0d-4ce6-af2f-37d431745a28/build]   | ----------------------------------------------------------------------\n[69bcb951-4f0d-4ce6-af2f-37d431745a28/build]   | Traceback (most recent call last):\n[69bcb951-4f0d-4ce6-af2f-37d431745a28/build]   |   File \"/tmp/558156d8-17ed-11ee-8a50-bb14de238602/areed1192-td-ameritrade-api/tests/test_options_chain.py\", line 30, in setUp\n[69bcb951-4f0d-4ce6-af2f-37d431745a28/build]   |     client_id = config.get('main', 'client_id')\n[69bcb951-4f0d-4ce6-af2f-37d431745a28/build]   |   File \"/opt/hostedtoolcache/Python/3.7.11/x64/lib/python3.7/configparser.py\", line 780, in get\n[69bcb951-4f0d-4ce6-af2f-37d431745a28/build]   |     d = self._unify_values(section, vars)\n[69bcb951-4f0d-4ce6-af2f-37d431745a28/build]   |   File \"/opt/hostedtoolcache/Python/3.7.11/x64/lib/python3.7/configparser.py\", line 1146, in _unify_values\n[69bcb951-4f0d-4ce6-af2f-37d431745a28/build]   |     raise NoSectionError(section) from None\n[69bcb951-4f0d-4ce6-af2f-37d431745a28/build]   | configparser.NoSectionError: No section: 'main'\n[69bcb951-4f0d-4ce6-af2f-37d431745a28/build]   | \n[69bcb951-4f0d-4ce6-af2f-37d431745a28/build]   | ======================================================================\n[69bcb951-4f0d-4ce6-af2f-37d431745a28/build]   | ERROR [0.001s]: test_get_option_chains (test_options_chain.TestOptionsChainService)\n[69bcb951-4f0d-4ce6-af2f-37d431745a28/build]   | Test grabbing option chains data using a dictionary object.\n[69bcb951-4f0d-4ce6-af2f-37d431745a28/build]   | ----------------------------------------------------------------------\n[69bcb951-4f0d-4ce6-af2f-37d431745a28/build]   | Traceback (most recent call last):\n[69bcb951-4f0d-4ce6-af2f-37d431745a28/build]   |   File \"/tmp/558156d8-17ed-11ee-8a50-bb14de238602/areed1192-td-ameritrade-api/tests/test_options_chain.py\", line 30, in setUp\n[69bcb951-4f0d-4ce6-af2f-37d431745a28/build]   |     client_id = config.get('main', 'client_id')\n[69bcb951-4f0d-4ce6-af2f-37d431745a28/build]   |   File \"/opt/hostedtoolcache/Python/3.7.11/x64/lib/python3.7/configparser.py\", line 780, in get\n[69bcb951-4f0d-4ce6-af2f-37d431745a28/build]   |     d = self._unify_values(section, vars)\n[69bcb951-4f0d-4ce6-af2f-37d431745a28/build]   |   File \"/opt/hostedtoolcache/Python/3.7.11/x64/lib/python3.7/configparser.py\", line 1146, in _unify_values\n[69bcb951-4f0d-4ce6-af2f-37d431745a28/build]   |     raise NoSectionError(section) from None\n[69bcb951-4f0d-4ce6-af2f-37d431745a28/build]   | configparser.NoSectionError: No section: 'main'\n[69bcb951-4f0d-4ce6-af2f-37d431745a28/build]   | \n[69bcb951-4f0d-4ce6-af2f-37d431745a28/build]   | ======================================================================\n[69bcb951-4f0d-4ce6-af2f-37d431745a28/build]   | ERROR [0.002s]: test_get_option_chains_through_query_object (test_options_chain.TestOptionsChainService)\n[69bcb951-4f0d-4ce6-af2f-37d431745a28/build]   | Test grabbing option chains data using the `Query` object.\n[69bcb951-4f0d-4ce6-af2f-37d431745a28/build]   | ----------------------------------------------------------------------\n[69bcb951-4f0d-4ce6-af2f-37d431745a28/build]   | Traceback (most recent call last):\n[69bcb951-4f0d-4ce6-af2f-37d431745a28/build]   |   File \"/tmp/558156d8-17ed-11ee-8a50-bb14de238602/areed1192-td-ameritrade-api/tests/test_options_chain.py\", line 30, in setUp\n[69bcb951-4f0d-4ce6-af2f-37d431745a28/build]   |     client_id = config.get('main', 'client_id')\n[69bcb951-4f0d-4ce6-af2f-37d431745a28/build]   |   File \"/opt/hostedtoolcache/Python/3.7.11/x64/lib/python3.7/configparser.py\", line 780, in get\n[69bcb951-4f0d-4ce6-af2f-37d431745a28/build]   |     d = self._unify_values(section, vars)\n[69bcb951-4f0d-4ce6-af2f-37d431745a28/build]   |   File \"/opt/hostedtoolcache/Python/3.7.11/x64/lib/python3.7/configparser.py\", line 1146, in _unify_values\n[69bcb951-4f0d-4ce6-af2f-37d431745a28/build]   |     raise NoSectionError(section) from None\n[69bcb951-4f0d-4ce6-af2f-37d431745a28/build]   | configparser.NoSectionError: No section: 'main'\n[69bcb951-4f0d-4ce6-af2f-37d431745a28/build]   | \n[69bcb951-4f0d-4ce6-af2f-37d431745a28/build]   | ======================================================================\n[69bcb951-4f0d-4ce6-af2f-37d431745a28/build]   | ERROR [0.001s]: test_creates_instance_of_client (test_quotes.TestQuotesService)\n[69bcb951-4f0d-4ce6-af2f-37d431745a28/build]   | Create an instance and make sure it's a `TdAmeritradeClient` object.\n[69bcb951-4f0d-4ce6-af2f-37d431745a28/build]   | ----------------------------------------------------------------------\n[69bcb951-4f0d-4ce6-af2f-37d431745a28/build]   | Traceback (most recent call last):\n[69bcb951-4f0d-4ce6-af2f-37d431745a28/build]   |   File \"/tmp/558156d8-17ed-11ee-8a50-bb14de238602/areed1192-td-ameritrade-api/tests/test_quotes.py\", line 24, in setUp\n[69bcb951-4f0d-4ce6-af2f-37d431745a28/build]   |     client_id = config.get('main', 'client_id')\n[69bcb951-4f0d-4ce6-af2f-37d431745a28/build]   |   File \"/opt/hostedtoolcache/Python/3.7.11/x64/lib/python3.7/configparser.py\", line 780, in get\n[69bcb951-4f0d-4ce6-af2f-37d431745a28/build]   |     d = self._unify_values(section, vars)\n[69bcb951-4f0d-4ce6-af2f-37d431745a28/build]   |   File \"/opt/hostedtoolcache/Python/3.7.11/x64/lib/python3.7/configparser.py\", line 1146, in _unify_values\n[69bcb951-4f0d-4ce6-af2f-37d431745a28/build]   |     raise NoSectionError(section) from None\n[69bcb951-4f0d-4ce6-af2f-37d431745a28/build]   | configparser.NoSectionError: No section: 'main'\n[69bcb951-4f0d-4ce6-af2f-37d431745a28/build]   | \n[69bcb951-4f0d-4ce6-af2f-37d431745a28/build]   | ======================================================================\n[69bcb951-4f0d-4ce6-af2f-37d431745a28/build]   | ERROR [0.001s]: test_creates_instance_of_quote (test_quotes.TestQuotesService)\n[69bcb951-4f0d-4ce6-af2f-37d431745a28/build]   | Create an instance and make sure it's a `Quotes` object.\n[69bcb951-4f0d-4ce6-af2f-37d431745a28/build]   | ----------------------------------------------------------------------\n[69bcb951-4f0d-4ce6-af2f-37d431745a28/build]   | Traceback (most recent call last):\n[69bcb951-4f0d-4ce6-af2f-37d431745a28/build]   |   File \"/tmp/558156d8-17ed-11ee-8a50-bb14de238602/areed1192-td-ameritrade-api/tests/test_quotes.py\", line 24, in setUp\n[69bcb951-4f0d-4ce6-af2f-37d431745a28/build]   |     client_id = config.get('main', 'client_id')\n[69bcb951-4f0d-4ce6-af2f-37d431745a28/build]   |   File \"/opt/hostedtoolcache/Python/3.7.11/x64/lib/python3.7/configparser.py\", line 780, in get\n[69bcb951-4f0d-4ce6-af2f-37d431745a28/build]   |     d = self._unify_values(section, vars)\n[69bcb951-4f0d-4ce6-af2f-37d431745a28/build]   |   File \"/opt/hostedtoolcache/Python/3.7.11/x64/lib/python3.7/configparser.py\", line 1146, in _unify_values\n[69bcb951-4f0d-4ce6-af2f-37d431745a28/build]   |     raise NoSectionError(section) from None\n[69bcb951-4f0d-4ce6-af2f-37d431745a28/build]   | configparser.NoSectionError: No section: 'main'\n[69bcb951-4f0d-4ce6-af2f-37d431745a28/build]   | \n[69bcb951-4f0d-4ce6-af2f-37d431745a28/build]   | ======================================================================\n[69bcb951-4f0d-4ce6-af2f-37d431745a28/build]   | ERROR [0.001s]: test_get_quote (test_quotes.TestQuotesService)\n[69bcb951-4f0d-4ce6-af2f-37d431745a28/build]   | Test grabbing a single quote.\n[69bcb951-4f0d-4ce6-af2f-37d431745a28/build]   | ----------------------------------------------------------------------\n[69bcb951-4f0d-4ce6-af2f-37d431745a28/build]   | Traceback (most recent call last):\n[69bcb951-4f0d-4ce6-af2f-37d431745a28/build]   |   File \"/tmp/558156d8-17ed-11ee-8a50-bb14de238602/areed1192-td-ameritrade-api/tests/test_quotes.py\", line 24, in setUp\n[69bcb951-4f0d-4ce6-af2f-37d431745a28/build]   |     client_id = config.get('main', 'client_id')\n[69bcb951-4f0d-4ce6-af2f-37d431745a28/build]   |   File \"/opt/hostedtoolcache/Python/3.7.11/x64/lib/python3.7/configparser.py\", line 780, in get\n[69bcb951-4f0d-4ce6-af2f-37d431745a28/build]   |     d = self._unify_values(section, vars)\n[69bcb951-4f0d-4ce6-af2f-37d431745a28/build]   |   File \"/opt/hostedtoolcache/Python/3.7.11/x64/lib/python3.7/configparser.py\", line 1146, in _unify_values\n[69bcb951-4f0d-4ce6-af2f-37d431745a28/build]   |     raise NoSectionError(section) from None\n[69bcb951-4f0d-4ce6-af2f-37d431745a28/build]   | configparser.NoSectionError: No section: 'main'\n[69bcb951-4f0d-4ce6-af2f-37d431745a28/build]   | \n[69bcb951-4f0d-4ce6-af2f-37d431745a28/build]   | ======================================================================\n[69bcb951-4f0d-4ce6-af2f-37d431745a28/build]   | ERROR [0.001s]: test_get_quotes (test_quotes.TestQuotesService)\n[69bcb951-4f0d-4ce6-af2f-37d431745a28/build]   | Test grabbing multiple quotes.\n[69bcb951-4f0d-4ce6-af2f-37d431745a28/build]   | ----------------------------------------------------------------------\n[69bcb951-4f0d-4ce6-af2f-37d431745a28/build]   | Traceback (most recent call last):\n[69bcb951-4f0d-4ce6-af2f-37d431745a28/build]   |   File \"/tmp/558156d8-17ed-11ee-8a50-bb14de238602/areed1192-td-ameritrade-api/tests/test_quotes.py\", line 24, in setUp\n[69bcb951-4f0d-4ce6-af2f-37d431745a28/build]   |     client_id = config.get('main', 'client_id')\n[69bcb951-4f0d-4ce6-af2f-37d431745a28/build]   |   File \"/opt/hostedtoolcache/Python/3.7.11/x64/lib/python3.7/configparser.py\", line 780, in get\n[69bcb951-4f0d-4ce6-af2f-37d431745a28/build]   |     d = self._unify_values(section, vars)\n[69bcb951-4f0d-4ce6-af2f-37d431745a28/build]   |   File \"/opt/hostedtoolcache/Python/3.7.11/x64/lib/python3.7/configparser.py\", line 1146, in _unify_values\n[69bcb951-4f0d-4ce6-af2f-37d431745a28/build]   |     raise NoSectionError(section) from None\n[69bcb951-4f0d-4ce6-af2f-37d431745a28/build]   | configparser.NoSectionError: No section: 'main'\n[69bcb951-4f0d-4ce6-af2f-37d431745a28/build]   | \n[69bcb951-4f0d-4ce6-af2f-37d431745a28/build]   | ----------------------------------------------------------------------\n[69bcb951-4f0d-4ce6-af2f-37d431745a28/build]   | Ran 28 tests in 0.056s\n[69bcb951-4f0d-4ce6-af2f-37d431745a28/build]   | \n[69bcb951-4f0d-4ce6-af2f-37d431745a28/build]   | FAILED (errors=25)\n[69bcb951-4f0d-4ce6-af2f-37d431745a28/build]   | \n[69bcb951-4f0d-4ce6-af2f-37d431745a28/build]   | Generating XML reports...\n[69bcb951-4f0d-4ce6-af2f-37d431745a28/build]   | Generated XML report: ./test_reports/TEST-test_utils.TestTdOrderUtils-20230701162319.xml\n[69bcb951-4f0d-4ce6-af2f-37d431745a28/build]   | Generated XML report: ./test_reports/TEST-test_client.TestTdClient-20230701162319.xml\n[69bcb951-4f0d-4ce6-af2f-37d431745a28/build]   | Generated XML report: ./test_reports/TEST-test_market_hours.TestMarketHourService-20230701162319.xml\n[69bcb951-4f0d-4ce6-af2f-37d431745a28/build]   | Generated XML report: ./test_reports/TEST-test_options_chain.TestOptionsChainService-20230701162319.xml\n[69bcb951-4f0d-4ce6-af2f-37d431745a28/build]   | Generated XML report: ./test_reports/TEST-test_quotes.TestQuotesService-20230701162319.xml\n[69bcb951-4f0d-4ce6-af2f-37d431745a28/build]   \u274c  Failure - Main Test with Unittest.\n[69bcb951-4f0d-4ce6-af2f-37d431745a28/build] exitcode '1': failure\n[69bcb951-4f0d-4ce6-af2f-37d431745a28/build] \ud83c\udfc1  Job failed\n",
        "stderr": "Error: Job 'build' failed\n",
        "workflow": {
            "path": "/tmp/558156d8-17ed-11ee-8a50-bb14de238602/areed1192-td-ameritrade-api/.github/workflows/python-unittest-crawler.yml",
            "type": "unittest"
        },
        "workflow_name": "69bcb951-4f0d-4ce6-af2f-37d431745a28",
        "build_tool": "unittest",
        "elapsed_time": 206.7813696861267
    }
}