{
    "repository": "blue-yonder/devpi-builder",
    "stars": 76,
    "language": "python",
    "size": 253,
    "clone_url": "https://github.com/blue-yonder/devpi-builder.git",
    "timestamp": "2023-06-28T10:35:57.169920Z",
    "clone_success": true,
    "number_of_actions": 2,
    "number_of_test_actions": 1,
    "actions_successful": false,
    "actions_build_tools": [
        "unknown",
        "pytest"
    ],
    "actions_test_build_tools": [
        "pytest"
    ],
    "actions_run": {
        "failed": true,
        "tests": [
            {
                "classname": "tests.test_cli",
                "name": "test_basic",
                "time": 12.16,
                "results": [
                    {
                        "result": "Passed",
                        "message": "",
                        "type": ""
                    }
                ],
                "stdout": null,
                "stderr": null
            },
            {
                "classname": "tests.test_cli",
                "name": "test_read_environment",
                "time": 8.626,
                "results": [
                    {
                        "result": "Passed",
                        "message": "",
                        "type": ""
                    }
                ],
                "stdout": null,
                "stderr": null
            },
            {
                "classname": "tests.test_cli",
                "name": "test_prompt_user_pass",
                "time": 9.004,
                "results": [
                    {
                        "result": "Passed",
                        "message": "",
                        "type": ""
                    }
                ],
                "stdout": null,
                "stderr": null
            },
            {
                "classname": "tests.test_cli",
                "name": "test_batch_mode",
                "time": 6.001,
                "results": [
                    {
                        "result": "Passed",
                        "message": "",
                        "type": ""
                    }
                ],
                "stdout": null,
                "stderr": null
            },
            {
                "classname": "tests.test_cli",
                "name": "test_with_blacklist",
                "time": 7.459,
                "results": [
                    {
                        "result": "Passed",
                        "message": "",
                        "type": ""
                    }
                ],
                "stdout": null,
                "stderr": null
            },
            {
                "classname": "tests.test_cli",
                "name": "test_multiple_versions",
                "time": 10.537,
                "results": [
                    {
                        "result": "Passed",
                        "message": "",
                        "type": ""
                    }
                ],
                "stdout": null,
                "stderr": null
            },
            {
                "classname": "tests.test_cli",
                "name": "test_reupload_is_safe",
                "time": 10.727,
                "results": [
                    {
                        "result": "Passed",
                        "message": "",
                        "type": ""
                    }
                ],
                "stdout": null,
                "stderr": null
            },
            {
                "classname": "tests.test_cli",
                "name": "test_continue_on_failed",
                "time": 8.371,
                "results": [
                    {
                        "result": "Passed",
                        "message": "",
                        "type": ""
                    }
                ],
                "stdout": null,
                "stderr": null
            },
            {
                "classname": "tests.test_cli",
                "name": "test_different_styles",
                "time": 71.886,
                "results": [
                    {
                        "result": "Passed",
                        "message": "",
                        "type": ""
                    }
                ],
                "stdout": null,
                "stderr": null
            },
            {
                "classname": "tests.test_cli",
                "name": "test_not_built_if_on_pure",
                "time": 5.451,
                "results": [
                    {
                        "result": "Passed",
                        "message": "",
                        "type": ""
                    }
                ],
                "stdout": null,
                "stderr": null
            },
            {
                "classname": "tests.test_cli",
                "name": "test_fills_proper_index",
                "time": 22.796,
                "results": [
                    {
                        "result": "Passed",
                        "message": "",
                        "type": ""
                    }
                ],
                "stdout": null,
                "stderr": null
            },
            {
                "classname": "tests.test_cli",
                "name": "test_reports_junit_xml",
                "time": 7.306,
                "results": [
                    {
                        "result": "Passed",
                        "message": "",
                        "type": ""
                    }
                ],
                "stdout": null,
                "stderr": null
            },
            {
                "classname": "tests.test_cli",
                "name": "test_handles_non_ascii_build_output",
                "time": 6.878,
                "results": [
                    {
                        "result": "Passed",
                        "message": "",
                        "type": ""
                    }
                ],
                "stdout": null,
                "stderr": null
            },
            {
                "classname": "tests.test_cli",
                "name": "test_run_id",
                "time": 7.27,
                "results": [
                    {
                        "result": "Passed",
                        "message": "",
                        "type": ""
                    }
                ],
                "stdout": null,
                "stderr": null
            },
            {
                "classname": "tests.test_cli",
                "name": "test_dry_run",
                "time": 6.613,
                "results": [
                    {
                        "result": "Passed",
                        "message": "",
                        "type": ""
                    }
                ],
                "stdout": null,
                "stderr": null
            },
            {
                "classname": "tests.test_cli",
                "name": "test_passes_client_cert",
                "time": 1.174,
                "results": [
                    {
                        "result": "Passed",
                        "message": "",
                        "type": ""
                    }
                ],
                "stdout": null,
                "stderr": null
            },
            {
                "classname": "tests.test_requirements",
                "name": "test_read_requirements",
                "time": 0.003,
                "results": [
                    {
                        "result": "Passed",
                        "message": "",
                        "type": ""
                    }
                ],
                "stdout": null,
                "stderr": null
            },
            {
                "classname": "tests.test_requirements",
                "name": "test_multiple_versions",
                "time": 0.002,
                "results": [
                    {
                        "result": "Passed",
                        "message": "",
                        "type": ""
                    }
                ],
                "stdout": null,
                "stderr": null
            },
            {
                "classname": "tests.test_requirements",
                "name": "test_fail_on_inexact",
                "time": 0.001,
                "results": [
                    {
                        "result": "Passed",
                        "message": "",
                        "type": ""
                    }
                ],
                "stdout": null,
                "stderr": null
            },
            {
                "classname": "tests.test_requirements",
                "name": "test_fail_on_no_version",
                "time": 0.001,
                "results": [
                    {
                        "result": "Passed",
                        "message": "",
                        "type": ""
                    }
                ],
                "stdout": null,
                "stderr": null
            },
            {
                "classname": "tests.test_requirements",
                "name": "test_fail_on_multiple_versions_on_line",
                "time": 0.002,
                "results": [
                    {
                        "result": "Passed",
                        "message": "",
                        "type": ""
                    }
                ],
                "stdout": null,
                "stderr": null
            },
            {
                "classname": "tests.test_requirements",
                "name": "test_matched_by_list",
                "time": 0.004,
                "results": [
                    {
                        "result": "Passed",
                        "message": "",
                        "type": ""
                    }
                ],
                "stdout": null,
                "stderr": null
            },
            {
                "classname": "tests.test_requirements",
                "name": "test_comments",
                "time": 0.001,
                "results": [
                    {
                        "result": "Passed",
                        "message": "",
                        "type": ""
                    }
                ],
                "stdout": null,
                "stderr": null
            },
            {
                "classname": "tests.test_requirements",
                "name": "test_read_raw_without_file",
                "time": 0.001,
                "results": [
                    {
                        "result": "Passed",
                        "message": "",
                        "type": ""
                    }
                ],
                "stdout": null,
                "stderr": null
            },
            {
                "classname": "tests.test_wheeler.TestBuilder",
                "name": "test_build",
                "time": 1.065,
                "results": [
                    {
                        "result": "Passed",
                        "message": "",
                        "type": ""
                    }
                ],
                "stdout": null,
                "stderr": null
            },
            {
                "classname": "tests.test_wheeler.TestBuilder",
                "name": "test_cleans_up_created_files",
                "time": 0.971,
                "results": [
                    {
                        "result": "Passed",
                        "message": "",
                        "type": ""
                    }
                ],
                "stdout": null,
                "stderr": null
            },
            {
                "classname": "tests.test_wheeler.TestBuilder",
                "name": "test_provides_file_that_is_already_a_wheel",
                "time": 1.225,
                "results": [
                    {
                        "result": "Passed",
                        "message": "",
                        "type": ""
                    }
                ],
                "stdout": null,
                "stderr": null
            },
            {
                "classname": "tests.test_wheeler.TestBuilder",
                "name": "test_throws_custom_on_build_failure",
                "time": 1.227,
                "results": [
                    {
                        "result": "Passed",
                        "message": "",
                        "type": ""
                    }
                ],
                "stdout": null,
                "stderr": null
            },
            {
                "classname": "tests.test_wheeler.TestBuilder",
                "name": "test_look_for_non_existing_wheel",
                "time": 0.004,
                "results": [
                    {
                        "result": "Passed",
                        "message": "",
                        "type": ""
                    }
                ],
                "stdout": null,
                "stderr": null
            },
            {
                "classname": "tests.test_wheeler",
                "name": "test_is_pure",
                "time": 0.006,
                "results": [
                    {
                        "result": "Passed",
                        "message": "",
                        "type": ""
                    }
                ],
                "stdout": null,
                "stderr": null
            },
            {
                "classname": "tests.test_wheeler",
                "name": "test_is_compatible",
                "time": 0.051,
                "results": [
                    {
                        "result": "Passed",
                        "message": "",
                        "type": ""
                    }
                ],
                "stdout": null,
                "stderr": null
            },
            {
                "classname": "tests.test_wheeler",
                "name": "test_is_incompatible",
                "time": 0.035,
                "results": [
                    {
                        "result": "Passed",
                        "message": "",
                        "type": ""
                    }
                ],
                "stdout": null,
                "stderr": null
            },
            {
                "classname": "tests.test_wheeler",
                "name": "test_has_compatible",
                "time": 0.043,
                "results": [
                    {
                        "result": "Passed",
                        "message": "",
                        "type": ""
                    }
                ],
                "stdout": null,
                "stderr": null
            },
            {
                "classname": "tests.test_wheeler",
                "name": "test_has_no_compatible",
                "time": 0.037,
                "results": [
                    {
                        "result": "Passed",
                        "message": "",
                        "type": ""
                    }
                ],
                "stdout": null,
                "stderr": null
            }
        ],
        "stdout": "[327771ee-d9a3-48c4-9e60-2c51d4738726/check_packaging] \ud83d\ude80  Start image=crawlergpt:latest\n[327771ee-d9a3-48c4-9e60-2c51d4738726/test           ] \ud83d\ude80  Start image=crawlergpt:latest\n[327771ee-d9a3-48c4-9e60-2c51d4738726/check_packaging]   \ud83d\udc33  docker pull image=crawlergpt:latest platform= username= forcePull=false\n[327771ee-d9a3-48c4-9e60-2c51d4738726/test           ]   \ud83d\udc33  docker pull image=crawlergpt:latest platform= username= forcePull=false\n[327771ee-d9a3-48c4-9e60-2c51d4738726/test           ]   \ud83d\udc33  docker create image=crawlergpt:latest platform= entrypoint=[\"tail\" \"-f\" \"/dev/null\"] cmd=[]\n[327771ee-d9a3-48c4-9e60-2c51d4738726/check_packaging]   \ud83d\udc33  docker create image=crawlergpt:latest platform= entrypoint=[\"tail\" \"-f\" \"/dev/null\"] cmd=[]\n[327771ee-d9a3-48c4-9e60-2c51d4738726/test           ]   \ud83d\udc33  docker run image=crawlergpt:latest platform= entrypoint=[\"tail\" \"-f\" \"/dev/null\"] cmd=[]\n[327771ee-d9a3-48c4-9e60-2c51d4738726/check_packaging]   \ud83d\udc33  docker run image=crawlergpt:latest platform= entrypoint=[\"tail\" \"-f\" \"/dev/null\"] cmd=[]\n[327771ee-d9a3-48c4-9e60-2c51d4738726/test           ]   \ud83d\udc33  docker exec cmd=[chown -R 1012:1013 /tmp/ad9c0f7e-1596-11ee-8a50-bb14de238602/blue-yonder-devpi-builder] user=0 workdir=\n[327771ee-d9a3-48c4-9e60-2c51d4738726/check_packaging]   \ud83d\udc33  docker exec cmd=[chown -R 1012:1013 /tmp/ad9c0f7e-1596-11ee-8a50-bb14de238602/blue-yonder-devpi-builder] user=0 workdir=\n[327771ee-d9a3-48c4-9e60-2c51d4738726/test           ]   \u2601  git clone 'https://github.com/actions/setup-python' # ref=v4\n[327771ee-d9a3-48c4-9e60-2c51d4738726/check_packaging]   \u2601  git clone 'https://github.com/actions/setup-python' # ref=v4\n[327771ee-d9a3-48c4-9e60-2c51d4738726/test           ] \ud83e\uddea  Matrix: map[python-version:3.7]\n[327771ee-d9a3-48c4-9e60-2c51d4738726/test           ] \u2b50 Run Main actions/checkout@v3\n[327771ee-d9a3-48c4-9e60-2c51d4738726/test           ]   \u2705  Success - Main actions/checkout@v3\n[327771ee-d9a3-48c4-9e60-2c51d4738726/test           ] \u2b50 Run Main Set up Python 3.7\n[327771ee-d9a3-48c4-9e60-2c51d4738726/test           ]   \ud83d\udc33  docker cp src=/tmp/act-cache/fa976f1a-e1f7-48a8-a346-b62a2c7718f7/act/actions-setup-python@v4/ dst=/var/run/act/actions/actions-setup-python@v4/\n[327771ee-d9a3-48c4-9e60-2c51d4738726/check_packaging] \u2b50 Run Main actions/checkout@v3\n[327771ee-d9a3-48c4-9e60-2c51d4738726/check_packaging]   \u2705  Success - Main actions/checkout@v3\n[327771ee-d9a3-48c4-9e60-2c51d4738726/test           ]   \ud83d\udc33  docker exec cmd=[chown -R 1012:1013 /var/run/act/actions/actions-setup-python@v4/] user=0 workdir=\n[327771ee-d9a3-48c4-9e60-2c51d4738726/check_packaging] \u2b50 Run Main Set up Python \n[327771ee-d9a3-48c4-9e60-2c51d4738726/check_packaging]   \ud83d\udc33  docker cp src=/tmp/act-cache/fa976f1a-e1f7-48a8-a346-b62a2c7718f7/act/actions-setup-python@v4/ dst=/var/run/act/actions/actions-setup-python@v4/\n[327771ee-d9a3-48c4-9e60-2c51d4738726/check_packaging]   \ud83d\udc33  docker exec cmd=[chown -R 1012:1013 /var/run/act/actions/actions-setup-python@v4/] user=0 workdir=\n[327771ee-d9a3-48c4-9e60-2c51d4738726/check_packaging]   \ud83d\udc33  docker exec cmd=[node /var/run/act/actions/actions-setup-python@v4/dist/setup/index.js] user= workdir=\n[327771ee-d9a3-48c4-9e60-2c51d4738726/test           ]   \ud83d\udc33  docker exec cmd=[node /var/run/act/actions/actions-setup-python@v4/dist/setup/index.js] user= workdir=\n[327771ee-d9a3-48c4-9e60-2c51d4738726/test           ]   \ud83d\udcac  ::debug::Python is expected to be installed into /opt/hostedtoolcache\n[327771ee-d9a3-48c4-9e60-2c51d4738726/test           ]   \u2753  ::group::Installed versions\n[327771ee-d9a3-48c4-9e60-2c51d4738726/test           ]   \ud83d\udcac  ::debug::Semantic version spec of 3.7 is 3.7\n[327771ee-d9a3-48c4-9e60-2c51d4738726/test           ]   \ud83d\udcac  ::debug::isExplicit: \n[327771ee-d9a3-48c4-9e60-2c51d4738726/test           ]   \ud83d\udcac  ::debug::explicit? false\n[327771ee-d9a3-48c4-9e60-2c51d4738726/test           ]   \ud83d\udcac  ::debug::isExplicit: 2.7.18\n[327771ee-d9a3-48c4-9e60-2c51d4738726/test           ]   \ud83d\udcac  ::debug::explicit? true\n[327771ee-d9a3-48c4-9e60-2c51d4738726/test           ]   \ud83d\udcac  ::debug::isExplicit: 3.5.10\n[327771ee-d9a3-48c4-9e60-2c51d4738726/test           ]   \ud83d\udcac  ::debug::explicit? true\n[327771ee-d9a3-48c4-9e60-2c51d4738726/test           ]   \ud83d\udcac  ::debug::isExplicit: 3.6.14\n[327771ee-d9a3-48c4-9e60-2c51d4738726/test           ]   \ud83d\udcac  ::debug::explicit? true\n[327771ee-d9a3-48c4-9e60-2c51d4738726/test           ]   \ud83d\udcac  ::debug::isExplicit: 3.7.11\n[327771ee-d9a3-48c4-9e60-2c51d4738726/test           ]   \ud83d\udcac  ::debug::explicit? true\n[327771ee-d9a3-48c4-9e60-2c51d4738726/test           ]   \ud83d\udcac  ::debug::isExplicit: 3.8.11\n[327771ee-d9a3-48c4-9e60-2c51d4738726/test           ]   \ud83d\udcac  ::debug::explicit? true\n[327771ee-d9a3-48c4-9e60-2c51d4738726/test           ]   \ud83d\udcac  ::debug::isExplicit: 3.9.6\n[327771ee-d9a3-48c4-9e60-2c51d4738726/test           ]   \ud83d\udcac  ::debug::explicit? true\n[327771ee-d9a3-48c4-9e60-2c51d4738726/test           ]   \ud83d\udcac  ::debug::evaluating 6 versions\n[327771ee-d9a3-48c4-9e60-2c51d4738726/check_packaging]   \ud83d\udcac  ::debug::Python is expected to be installed into /opt/hostedtoolcache\n[327771ee-d9a3-48c4-9e60-2c51d4738726/check_packaging]   \u2753  ::group::Installed versions\n[327771ee-d9a3-48c4-9e60-2c51d4738726/check_packaging]   \ud83d\udcac  ::debug::Semantic version spec of 3.x is 3.x\n[327771ee-d9a3-48c4-9e60-2c51d4738726/check_packaging]   \ud83d\udcac  ::debug::isExplicit: \n[327771ee-d9a3-48c4-9e60-2c51d4738726/check_packaging]   \ud83d\udcac  ::debug::explicit? false\n[327771ee-d9a3-48c4-9e60-2c51d4738726/test           ]   \ud83d\udcac  ::debug::matched: 3.7.11\n[327771ee-d9a3-48c4-9e60-2c51d4738726/test           ]   \ud83d\udcac  ::debug::checking cache: /opt/hostedtoolcache/Python/3.7.11/x64\n[327771ee-d9a3-48c4-9e60-2c51d4738726/check_packaging]   \ud83d\udcac  ::debug::isExplicit: 2.7.18\n[327771ee-d9a3-48c4-9e60-2c51d4738726/check_packaging]   \ud83d\udcac  ::debug::explicit? true\n[327771ee-d9a3-48c4-9e60-2c51d4738726/test           ]   \ud83d\udcac  ::debug::Found tool in cache Python 3.7.11 x64\n[327771ee-d9a3-48c4-9e60-2c51d4738726/check_packaging]   \ud83d\udcac  ::debug::isExplicit: 3.5.10\n[327771ee-d9a3-48c4-9e60-2c51d4738726/check_packaging]   \ud83d\udcac  ::debug::explicit? true\n[327771ee-d9a3-48c4-9e60-2c51d4738726/check_packaging]   \ud83d\udcac  ::debug::isExplicit: 3.6.14\n[327771ee-d9a3-48c4-9e60-2c51d4738726/check_packaging]   \ud83d\udcac  ::debug::explicit? true\n[327771ee-d9a3-48c4-9e60-2c51d4738726/check_packaging]   \ud83d\udcac  ::debug::isExplicit: 3.7.11\n[327771ee-d9a3-48c4-9e60-2c51d4738726/check_packaging]   \ud83d\udcac  ::debug::explicit? true\n[327771ee-d9a3-48c4-9e60-2c51d4738726/check_packaging]   \ud83d\udcac  ::debug::isExplicit: 3.8.11\n[327771ee-d9a3-48c4-9e60-2c51d4738726/check_packaging]   \ud83d\udcac  ::debug::explicit? true\n[327771ee-d9a3-48c4-9e60-2c51d4738726/check_packaging]   \ud83d\udcac  ::debug::isExplicit: 3.9.6\n[327771ee-d9a3-48c4-9e60-2c51d4738726/check_packaging]   \ud83d\udcac  ::debug::explicit? true\n[327771ee-d9a3-48c4-9e60-2c51d4738726/check_packaging]   \ud83d\udcac  ::debug::evaluating 6 versions\n[327771ee-d9a3-48c4-9e60-2c51d4738726/test           ]   | Successfully set up CPython (3.7.11)\n[327771ee-d9a3-48c4-9e60-2c51d4738726/test           ]   \u2753  ::endgroup::\n[327771ee-d9a3-48c4-9e60-2c51d4738726/test           ]   \u2753 add-matcher /run/act/actions/actions-setup-python@v4/.github/python.json\n[327771ee-d9a3-48c4-9e60-2c51d4738726/check_packaging]   \ud83d\udcac  ::debug::matched: 3.9.6\n[327771ee-d9a3-48c4-9e60-2c51d4738726/check_packaging]   \ud83d\udcac  ::debug::checking cache: /opt/hostedtoolcache/Python/3.9.6/x64\n[327771ee-d9a3-48c4-9e60-2c51d4738726/check_packaging]   \ud83d\udcac  ::debug::Found tool in cache Python 3.9.6 x64\n[327771ee-d9a3-48c4-9e60-2c51d4738726/check_packaging]   | Successfully set up CPython (3.9.6)\n[327771ee-d9a3-48c4-9e60-2c51d4738726/check_packaging]   \u2753  ::endgroup::\n[327771ee-d9a3-48c4-9e60-2c51d4738726/check_packaging]   \u2753 add-matcher /run/act/actions/actions-setup-python@v4/.github/python.json\n[327771ee-d9a3-48c4-9e60-2c51d4738726/test           ]   \u2705  Success - Main Set up Python 3.7\n[327771ee-d9a3-48c4-9e60-2c51d4738726/check_packaging]   \u2705  Success - Main Set up Python \n[327771ee-d9a3-48c4-9e60-2c51d4738726/check_packaging]   \u2699  ::set-env:: Python_ROOT_DIR=/opt/hostedtoolcache/Python/3.9.6/x64\n[327771ee-d9a3-48c4-9e60-2c51d4738726/check_packaging]   \u2699  ::set-env:: Python2_ROOT_DIR=/opt/hostedtoolcache/Python/3.9.6/x64\n[327771ee-d9a3-48c4-9e60-2c51d4738726/check_packaging]   \u2699  ::set-env:: Python3_ROOT_DIR=/opt/hostedtoolcache/Python/3.9.6/x64\n[327771ee-d9a3-48c4-9e60-2c51d4738726/check_packaging]   \u2699  ::set-env:: LD_LIBRARY_PATH=/opt/hostedtoolcache/Python/3.9.6/x64/lib\n[327771ee-d9a3-48c4-9e60-2c51d4738726/check_packaging]   \u2699  ::set-env:: pythonLocation=/opt/hostedtoolcache/Python/3.9.6/x64\n[327771ee-d9a3-48c4-9e60-2c51d4738726/check_packaging]   \u2699  ::set-env:: PKG_CONFIG_PATH=/opt/hostedtoolcache/Python/3.9.6/x64/lib/pkgconfig\n[327771ee-d9a3-48c4-9e60-2c51d4738726/test           ]   \u2699  ::set-env:: Python3_ROOT_DIR=/opt/hostedtoolcache/Python/3.7.11/x64\n[327771ee-d9a3-48c4-9e60-2c51d4738726/test           ]   \u2699  ::set-env:: LD_LIBRARY_PATH=/opt/hostedtoolcache/Python/3.7.11/x64/lib\n[327771ee-d9a3-48c4-9e60-2c51d4738726/test           ]   \u2699  ::set-env:: pythonLocation=/opt/hostedtoolcache/Python/3.7.11/x64\n[327771ee-d9a3-48c4-9e60-2c51d4738726/test           ]   \u2699  ::set-env:: PKG_CONFIG_PATH=/opt/hostedtoolcache/Python/3.7.11/x64/lib/pkgconfig\n[327771ee-d9a3-48c4-9e60-2c51d4738726/test           ]   \u2699  ::set-env:: Python_ROOT_DIR=/opt/hostedtoolcache/Python/3.7.11/x64\n[327771ee-d9a3-48c4-9e60-2c51d4738726/test           ]   \u2699  ::set-env:: Python2_ROOT_DIR=/opt/hostedtoolcache/Python/3.7.11/x64\n[327771ee-d9a3-48c4-9e60-2c51d4738726/check_packaging]   \u2699  ::set-output:: python-version=3.9.6\n[327771ee-d9a3-48c4-9e60-2c51d4738726/check_packaging]   \u2699  ::set-output:: python-path=/opt/hostedtoolcache/Python/3.9.6/x64/bin/python\n[327771ee-d9a3-48c4-9e60-2c51d4738726/test           ]   \u2699  ::set-output:: python-version=3.7.11\n[327771ee-d9a3-48c4-9e60-2c51d4738726/test           ]   \u2699  ::set-output:: python-path=/opt/hostedtoolcache/Python/3.7.11/x64/bin/python\n[327771ee-d9a3-48c4-9e60-2c51d4738726/test           ]   \u2699  ::add-path:: /opt/hostedtoolcache/Python/3.7.11/x64\n[327771ee-d9a3-48c4-9e60-2c51d4738726/test           ]   \u2699  ::add-path:: /opt/hostedtoolcache/Python/3.7.11/x64/bin\n[327771ee-d9a3-48c4-9e60-2c51d4738726/check_packaging]   \u2699  ::add-path:: /opt/hostedtoolcache/Python/3.9.6/x64\n[327771ee-d9a3-48c4-9e60-2c51d4738726/check_packaging]   \u2699  ::add-path:: /opt/hostedtoolcache/Python/3.9.6/x64/bin\n[327771ee-d9a3-48c4-9e60-2c51d4738726/test           ] \u2b50 Run Main Install dependencies\n[327771ee-d9a3-48c4-9e60-2c51d4738726/check_packaging] \u2b50 Run Main Verify packaging\n[327771ee-d9a3-48c4-9e60-2c51d4738726/check_packaging]   \ud83d\udc33  docker exec cmd=[bash --noprofile --norc -e -o pipefail /var/run/act/workflow/2] user= workdir=\n[327771ee-d9a3-48c4-9e60-2c51d4738726/test           ]   \ud83d\udc33  docker exec cmd=[bash --noprofile --norc -e -o pipefail /var/run/act/workflow/2] user= workdir=\n[327771ee-d9a3-48c4-9e60-2c51d4738726/test           ]   | Requirement already satisfied: pip in /opt/hostedtoolcache/Python/3.7.11/x64/lib/python3.7/site-packages (21.2.4)\n[327771ee-d9a3-48c4-9e60-2c51d4738726/check_packaging]   | Collecting build\n[327771ee-d9a3-48c4-9e60-2c51d4738726/check_packaging]   |   Downloading build-0.10.0-py3-none-any.whl (17 kB)\n[327771ee-d9a3-48c4-9e60-2c51d4738726/check_packaging]   | Collecting twine\n[327771ee-d9a3-48c4-9e60-2c51d4738726/check_packaging]   |   Downloading twine-4.0.2-py3-none-any.whl (36 kB)\n[327771ee-d9a3-48c4-9e60-2c51d4738726/test           ]   | Collecting pip\n[327771ee-d9a3-48c4-9e60-2c51d4738726/test           ]   |   Downloading pip-23.1.2-py3-none-any.whl (2.1 MB)\n[327771ee-d9a3-48c4-9e60-2c51d4738726/check_packaging]   | Collecting packaging>=19.0\n[327771ee-d9a3-48c4-9e60-2c51d4738726/check_packaging]   |   Downloading packaging-23.1-py3-none-any.whl (48 kB)\n[327771ee-d9a3-48c4-9e60-2c51d4738726/test           ]   | Installing collected packages: pip\n[327771ee-d9a3-48c4-9e60-2c51d4738726/test           ]   |   Attempting uninstall: pip\n[327771ee-d9a3-48c4-9e60-2c51d4738726/test           ]   |     Found existing installation: pip 21.2.4\n[327771ee-d9a3-48c4-9e60-2c51d4738726/check_packaging]   | Collecting pyproject_hooks\n[327771ee-d9a3-48c4-9e60-2c51d4738726/check_packaging]   |   Downloading pyproject_hooks-1.0.0-py3-none-any.whl (9.3 kB)\n[327771ee-d9a3-48c4-9e60-2c51d4738726/check_packaging]   | Collecting tomli>=1.1.0\n[327771ee-d9a3-48c4-9e60-2c51d4738726/check_packaging]   |   Downloading tomli-2.0.1-py3-none-any.whl (12 kB)\n[327771ee-d9a3-48c4-9e60-2c51d4738726/check_packaging]   | Collecting requests-toolbelt!=0.9.0,>=0.8.0\n[327771ee-d9a3-48c4-9e60-2c51d4738726/check_packaging]   |   Downloading requests_toolbelt-1.0.0-py2.py3-none-any.whl (54 kB)\n[327771ee-d9a3-48c4-9e60-2c51d4738726/test           ]   |     Uninstalling pip-21.2.4:\n[327771ee-d9a3-48c4-9e60-2c51d4738726/check_packaging]   | Collecting rfc3986>=1.4.0\n[327771ee-d9a3-48c4-9e60-2c51d4738726/check_packaging]   |   Downloading rfc3986-2.0.0-py2.py3-none-any.whl (31 kB)\n[327771ee-d9a3-48c4-9e60-2c51d4738726/check_packaging]   | Collecting urllib3>=1.26.0\n[327771ee-d9a3-48c4-9e60-2c51d4738726/check_packaging]   |   Downloading urllib3-2.0.3-py3-none-any.whl (123 kB)\n[327771ee-d9a3-48c4-9e60-2c51d4738726/check_packaging]   | Collecting readme-renderer>=35.0\n[327771ee-d9a3-48c4-9e60-2c51d4738726/check_packaging]   |   Downloading readme_renderer-40.0-py3-none-any.whl (14 kB)\n[327771ee-d9a3-48c4-9e60-2c51d4738726/check_packaging]   | Collecting importlib-metadata>=3.6\n[327771ee-d9a3-48c4-9e60-2c51d4738726/check_packaging]   |   Downloading importlib_metadata-6.7.0-py3-none-any.whl (22 kB)\n[327771ee-d9a3-48c4-9e60-2c51d4738726/check_packaging]   | Collecting requests>=2.20\n[327771ee-d9a3-48c4-9e60-2c51d4738726/check_packaging]   |   Downloading requests-2.31.0-py3-none-any.whl (62 kB)\n[327771ee-d9a3-48c4-9e60-2c51d4738726/check_packaging]   | Collecting rich>=12.0.0\n[327771ee-d9a3-48c4-9e60-2c51d4738726/check_packaging]   |   Downloading rich-13.4.2-py3-none-any.whl (239 kB)\n[327771ee-d9a3-48c4-9e60-2c51d4738726/check_packaging]   | Collecting keyring>=15.1\n[327771ee-d9a3-48c4-9e60-2c51d4738726/check_packaging]   |   Downloading keyring-24.2.0-py3-none-any.whl (37 kB)\n[327771ee-d9a3-48c4-9e60-2c51d4738726/check_packaging]   | Collecting pkginfo>=1.8.1\n[327771ee-d9a3-48c4-9e60-2c51d4738726/check_packaging]   |   Downloading pkginfo-1.9.6-py3-none-any.whl (30 kB)\n[327771ee-d9a3-48c4-9e60-2c51d4738726/check_packaging]   | Collecting zipp>=0.5\n[327771ee-d9a3-48c4-9e60-2c51d4738726/check_packaging]   |   Downloading zipp-3.15.0-py3-none-any.whl (6.8 kB)\n[327771ee-d9a3-48c4-9e60-2c51d4738726/check_packaging]   | Collecting jaraco.classes\n[327771ee-d9a3-48c4-9e60-2c51d4738726/check_packaging]   |   Downloading jaraco.classes-3.2.3-py3-none-any.whl (6.0 kB)\n[327771ee-d9a3-48c4-9e60-2c51d4738726/check_packaging]   | Collecting SecretStorage>=3.2\n[327771ee-d9a3-48c4-9e60-2c51d4738726/check_packaging]   |   Downloading SecretStorage-3.3.3-py3-none-any.whl (15 kB)\n[327771ee-d9a3-48c4-9e60-2c51d4738726/check_packaging]   | Collecting jeepney>=0.4.2\n[327771ee-d9a3-48c4-9e60-2c51d4738726/check_packaging]   |   Downloading jeepney-0.8.0-py3-none-any.whl (48 kB)\n[327771ee-d9a3-48c4-9e60-2c51d4738726/check_packaging]   | Collecting bleach>=2.1.0\n[327771ee-d9a3-48c4-9e60-2c51d4738726/check_packaging]   |   Downloading bleach-6.0.0-py3-none-any.whl (162 kB)\n[327771ee-d9a3-48c4-9e60-2c51d4738726/check_packaging]   | Collecting docutils>=0.13.1\n[327771ee-d9a3-48c4-9e60-2c51d4738726/check_packaging]   |   Downloading docutils-0.20.1-py3-none-any.whl (572 kB)\n[327771ee-d9a3-48c4-9e60-2c51d4738726/check_packaging]   | Collecting Pygments>=2.5.1\n[327771ee-d9a3-48c4-9e60-2c51d4738726/test           ]   |       Successfully uninstalled pip-21.2.4\n[327771ee-d9a3-48c4-9e60-2c51d4738726/check_packaging]   |   Downloading Pygments-2.15.1-py3-none-any.whl (1.1 MB)\n[327771ee-d9a3-48c4-9e60-2c51d4738726/check_packaging]   | Collecting six>=1.9.0\n[327771ee-d9a3-48c4-9e60-2c51d4738726/check_packaging]   |   Downloading six-1.16.0-py2.py3-none-any.whl (11 kB)\n[327771ee-d9a3-48c4-9e60-2c51d4738726/check_packaging]   | Collecting webencodings\n[327771ee-d9a3-48c4-9e60-2c51d4738726/check_packaging]   |   Downloading webencodings-0.5.1-py2.py3-none-any.whl (11 kB)\n[327771ee-d9a3-48c4-9e60-2c51d4738726/check_packaging]   | Collecting charset-normalizer<4,>=2\n[327771ee-d9a3-48c4-9e60-2c51d4738726/check_packaging]   |   Downloading charset_normalizer-3.1.0-cp39-cp39-manylinux_2_17_x86_64.manylinux2014_x86_64.whl (199 kB)\n[327771ee-d9a3-48c4-9e60-2c51d4738726/check_packaging]   | Collecting certifi>=2017.4.17\n[327771ee-d9a3-48c4-9e60-2c51d4738726/check_packaging]   |   Downloading certifi-2023.5.7-py3-none-any.whl (156 kB)\n[327771ee-d9a3-48c4-9e60-2c51d4738726/check_packaging]   | Collecting idna<4,>=2.5\n[327771ee-d9a3-48c4-9e60-2c51d4738726/check_packaging]   |   Downloading idna-3.4-py3-none-any.whl (61 kB)\n[327771ee-d9a3-48c4-9e60-2c51d4738726/check_packaging]   | Collecting markdown-it-py>=2.2.0\n[327771ee-d9a3-48c4-9e60-2c51d4738726/check_packaging]   |   Downloading markdown_it_py-3.0.0-py3-none-any.whl (87 kB)\n[327771ee-d9a3-48c4-9e60-2c51d4738726/check_packaging]   | Collecting mdurl~=0.1\n[327771ee-d9a3-48c4-9e60-2c51d4738726/check_packaging]   |   Downloading mdurl-0.1.2-py3-none-any.whl (10.0 kB)\n[327771ee-d9a3-48c4-9e60-2c51d4738726/test           ]   | Successfully installed pip-23.1.2\n[327771ee-d9a3-48c4-9e60-2c51d4738726/check_packaging]   | Collecting cryptography>=2.0\n[327771ee-d9a3-48c4-9e60-2c51d4738726/check_packaging]   |   Downloading cryptography-41.0.1-cp37-abi3-manylinux_2_28_x86_64.whl (4.3 MB)\n[327771ee-d9a3-48c4-9e60-2c51d4738726/check_packaging]   | Collecting cffi>=1.12\n[327771ee-d9a3-48c4-9e60-2c51d4738726/check_packaging]   |   Downloading cffi-1.15.1-cp39-cp39-manylinux_2_17_x86_64.manylinux2014_x86_64.whl (441 kB)\n[327771ee-d9a3-48c4-9e60-2c51d4738726/check_packaging]   | Collecting pycparser\n[327771ee-d9a3-48c4-9e60-2c51d4738726/check_packaging]   |   Downloading pycparser-2.21-py2.py3-none-any.whl (118 kB)\n[327771ee-d9a3-48c4-9e60-2c51d4738726/check_packaging]   | Collecting more-itertools\n[327771ee-d9a3-48c4-9e60-2c51d4738726/check_packaging]   |   Downloading more_itertools-9.1.0-py3-none-any.whl (54 kB)\n[327771ee-d9a3-48c4-9e60-2c51d4738726/check_packaging]   | Installing collected packages: pycparser, cffi, zipp, webencodings, urllib3, six, more-itertools, mdurl, jeepney, idna, cryptography, charset-normalizer, certifi, tomli, SecretStorage, requests, Pygments, markdown-it-py, jaraco.classes, importlib-metadata, docutils, bleach, rich, rfc3986, requests-toolbelt, readme-renderer, pyproject-hooks, pkginfo, packaging, keyring, twine, build\n[327771ee-d9a3-48c4-9e60-2c51d4738726/test           ]   | Collecting aiohttp==3.8.3 (from -r requirements.txt (line 7))\n[327771ee-d9a3-48c4-9e60-2c51d4738726/test           ]   |   Downloading aiohttp-3.8.3-cp37-cp37m-manylinux_2_17_x86_64.manylinux2014_x86_64.whl (948 kB)\n[327771ee-d9a3-48c4-9e60-2c51d4738726/test           ]   |      \u2501\u2501\u2501\u2501\u2501\u2501\u2501\u2501\u2501\u2501\u2501\u2501\u2501\u2501\u2501\u2501\u2501\u2501\u2501\u2501\u2501\u2501\u2501\u2501\u2501\u2501\u2501\u2501\u2501\u2501\u2501\u2501\u2501\u2501\u2501\u2501\u2501\u2501 948.0/948.0 kB 12.1 MB/s eta 0:00:00\n[327771ee-d9a3-48c4-9e60-2c51d4738726/test           ]   | Collecting aiosignal==1.2.0 (from -r requirements.txt (line 9))\n[327771ee-d9a3-48c4-9e60-2c51d4738726/test           ]   |   Downloading aiosignal-1.2.0-py3-none-any.whl (8.2 kB)\n[327771ee-d9a3-48c4-9e60-2c51d4738726/test           ]   | Collecting argon2-cffi==21.3.0 (from -r requirements.txt (line 11))\n[327771ee-d9a3-48c4-9e60-2c51d4738726/test           ]   |   Downloading argon2_cffi-21.3.0-py3-none-any.whl (14 kB)\n[327771ee-d9a3-48c4-9e60-2c51d4738726/test           ]   | Collecting argon2-cffi-bindings==21.2.0 (from -r requirements.txt (line 15))\n[327771ee-d9a3-48c4-9e60-2c51d4738726/test           ]   |   Downloading argon2_cffi_bindings-21.2.0-cp36-abi3-manylinux_2_17_x86_64.manylinux2014_x86_64.whl (86 kB)\n[327771ee-d9a3-48c4-9e60-2c51d4738726/test           ]   |      \u2501\u2501\u2501\u2501\u2501\u2501\u2501\u2501\u2501\u2501\u2501\u2501\u2501\u2501\u2501\u2501\u2501\u2501\u2501\u2501\u2501\u2501\u2501\u2501\u2501\u2501\u2501\u2501\u2501\u2501\u2501\u2501\u2501\u2501\u2501\u2501\u2501\u2501\u2501\u2501 86.2/86.2 kB 7.8 MB/s eta 0:00:00\n[327771ee-d9a3-48c4-9e60-2c51d4738726/test           ]   | Collecting async-timeout==4.0.2 (from -r requirements.txt (line 17))\n[327771ee-d9a3-48c4-9e60-2c51d4738726/test           ]   |   Downloading async_timeout-4.0.2-py3-none-any.whl (5.8 kB)\n[327771ee-d9a3-48c4-9e60-2c51d4738726/test           ]   | Collecting attrs==21.4.0 (from -r requirements.txt (line 19))\n[327771ee-d9a3-48c4-9e60-2c51d4738726/test           ]   |   Downloading attrs-21.4.0-py2.py3-none-any.whl (60 kB)\n[327771ee-d9a3-48c4-9e60-2c51d4738726/test           ]   |      \u2501\u2501\u2501\u2501\u2501\u2501\u2501\u2501\u2501\u2501\u2501\u2501\u2501\u2501\u2501\u2501\u2501\u2501\u2501\u2501\u2501\u2501\u2501\u2501\u2501\u2501\u2501\u2501\u2501\u2501\u2501\u2501\u2501\u2501\u2501\u2501\u2501\u2501\u2501 60.6/60.6 kB 836.2 kB/s eta 0:00:00\n[327771ee-d9a3-48c4-9e60-2c51d4738726/test           ]   | Collecting bleach==5.0.1 (from -r requirements.txt (line 25))\n[327771ee-d9a3-48c4-9e60-2c51d4738726/test           ]   |   Downloading bleach-5.0.1-py3-none-any.whl (160 kB)\n[327771ee-d9a3-48c4-9e60-2c51d4738726/test           ]   |      \u2501\u2501\u2501\u2501\u2501\u2501\u2501\u2501\u2501\u2501\u2501\u2501\u2501\u2501\u2501\u2501\u2501\u2501\u2501\u2501\u2501\u2501\u2501\u2501\u2501\u2501\u2501\u2501\u2501\u2501\u2501\u2501\u2501\u2501\u2501\u2501\u2501\u2501\u2501 160.9/160.9 kB 2.9 MB/s eta 0:00:00\n[327771ee-d9a3-48c4-9e60-2c51d4738726/test           ]   | Collecting build==0.8.0 (from -r requirements.txt (line 27))\n[327771ee-d9a3-48c4-9e60-2c51d4738726/test           ]   |   Downloading build-0.8.0-py3-none-any.whl (17 kB)\n[327771ee-d9a3-48c4-9e60-2c51d4738726/test           ]   | Collecting certifi==2022.12.7 (from -r requirements.txt (line 29))\n[327771ee-d9a3-48c4-9e60-2c51d4738726/test           ]   |   Downloading certifi-2022.12.7-py3-none-any.whl (155 kB)\n[327771ee-d9a3-48c4-9e60-2c51d4738726/test           ]   |      \u2501\u2501\u2501\u2501\u2501\u2501\u2501\u2501\u2501\u2501\u2501\u2501\u2501\u2501\u2501\u2501\u2501\u2501\u2501\u2501\u2501\u2501\u2501\u2501\u2501\u2501\u2501\u2501\u2501\u2501\u2501\u2501\u2501\u2501\u2501\u2501\u2501\u2501 155.3/155.3 kB 13.2 MB/s eta 0:00:00\n[327771ee-d9a3-48c4-9e60-2c51d4738726/test           ]   | Collecting cffi==1.15.0 (from -r requirements.txt (line 31))\n[327771ee-d9a3-48c4-9e60-2c51d4738726/test           ]   |   Downloading cffi-1.15.0-cp37-cp37m-manylinux_2_12_x86_64.manylinux2010_x86_64.whl (427 kB)\n[327771ee-d9a3-48c4-9e60-2c51d4738726/test           ]   |      \u2501\u2501\u2501\u2501\u2501\u2501\u2501\u2501\u2501\u2501\u2501\u2501\u2501\u2501\u2501\u2501\u2501\u2501\u2501\u2501\u2501\u2501\u2501\u2501\u2501\u2501\u2501\u2501\u2501\u2501\u2501\u2501\u2501\u2501\u2501\u2501\u2501\u2501 427.1/427.1 kB 14.6 MB/s eta 0:00:00\n[327771ee-d9a3-48c4-9e60-2c51d4738726/test           ]   | Collecting charset-normalizer==2.0.12 (from -r requirements.txt (line 33))\n[327771ee-d9a3-48c4-9e60-2c51d4738726/test           ]   |   Downloading charset_normalizer-2.0.12-py3-none-any.whl (39 kB)\n[327771ee-d9a3-48c4-9e60-2c51d4738726/test           ]   | Collecting check-manifest==0.48 (from -r requirements.txt (line 37))\n[327771ee-d9a3-48c4-9e60-2c51d4738726/test           ]   |   Downloading check_manifest-0.48-py3-none-any.whl (20 kB)\n[327771ee-d9a3-48c4-9e60-2c51d4738726/test           ]   | Collecting coverage[toml]==6.4.1 (from -r requirements.txt (line 39))\n[327771ee-d9a3-48c4-9e60-2c51d4738726/test           ]   |   Downloading coverage-6.4.1-cp37-cp37m-manylinux_2_5_x86_64.manylinux1_x86_64.manylinux_2_17_x86_64.manylinux2014_x86_64.whl (208 kB)\n[327771ee-d9a3-48c4-9e60-2c51d4738726/test           ]   |      \u2501\u2501\u2501\u2501\u2501\u2501\u2501\u2501\u2501\u2501\u2501\u2501\u2501\u2501\u2501\u2501\u2501\u2501\u2501\u2501\u2501\u2501\u2501\u2501\u2501\u2501\u2501\u2501\u2501\u2501\u2501\u2501\u2501\u2501\u2501\u2501\u2501\u2501\u2501 209.0/209.0 kB 4.2 MB/s eta 0:00:00\n[327771ee-d9a3-48c4-9e60-2c51d4738726/test           ]   | Collecting defusedxml==0.7.1 (from -r requirements.txt (line 41))\n[327771ee-d9a3-48c4-9e60-2c51d4738726/test           ]   |   Downloading defusedxml-0.7.1-py2.py3-none-any.whl (25 kB)\n[327771ee-d9a3-48c4-9e60-2c51d4738726/test           ]   | Collecting devpi-client==5.2.3 (from -r requirements.txt (line 43))\n[327771ee-d9a3-48c4-9e60-2c51d4738726/test           ]   |   Downloading devpi_client-5.2.3-py2.py3-none-any.whl (38 kB)\n[327771ee-d9a3-48c4-9e60-2c51d4738726/test           ]   | Collecting devpi-common==3.6.0 (from -r requirements.txt (line 45))\n[327771ee-d9a3-48c4-9e60-2c51d4738726/test           ]   |   Downloading devpi_common-3.6.0-py2.py3-none-any.whl (16 kB)\n[327771ee-d9a3-48c4-9e60-2c51d4738726/test           ]   | Collecting devpi-plumber[test]==0.6.0 (from -r requirements.txt (line 49))\n[327771ee-d9a3-48c4-9e60-2c51d4738726/test           ]   |   Downloading devpi_plumber-0.6.0-py2.py3-none-any.whl (7.5 kB)\n[327771ee-d9a3-48c4-9e60-2c51d4738726/test           ]   | Collecting devpi-server==6.5.1 (from -r requirements.txt (line 53))\n[327771ee-d9a3-48c4-9e60-2c51d4738726/test           ]   |   Downloading devpi_server-6.5.1-py3-none-any.whl (251 kB)\n[327771ee-d9a3-48c4-9e60-2c51d4738726/test           ]   |      \u2501\u2501\u2501\u2501\u2501\u2501\u2501\u2501\u2501\u2501\u2501\u2501\u2501\u2501\u2501\u2501\u2501\u2501\u2501\u2501\u2501\u2501\u2501\u2501\u2501\u2501\u2501\u2501\u2501\u2501\u2501\u2501\u2501\u2501\u2501\u2501\u2501\u2501 251.6/251.6 kB 17.1 MB/s eta 0:00:00\n[327771ee-d9a3-48c4-9e60-2c51d4738726/test           ]   | Collecting distlib==0.3.4 (from -r requirements.txt (line 55))\n[327771ee-d9a3-48c4-9e60-2c51d4738726/test           ]   |   Downloading distlib-0.3.4-py2.py3-none-any.whl (461 kB)\n[327771ee-d9a3-48c4-9e60-2c51d4738726/test           ]   |      \u2501\u2501\u2501\u2501\u2501\u2501\u2501\u2501\u2501\u2501\u2501\u2501\u2501\u2501\u2501\u2501\u2501\u2501\u2501\u2501\u2501\u2501\u2501\u2501\u2501\u2501\u2501\u2501\u2501\u2501\u2501\u2501\u2501\u2501\u2501\u2501\u2501\u2501 461.2/461.2 kB 16.9 MB/s eta 0:00:00\n[327771ee-d9a3-48c4-9e60-2c51d4738726/test           ]   | Collecting docutils==0.19 (from -r requirements.txt (line 57))\n[327771ee-d9a3-48c4-9e60-2c51d4738726/test           ]   |   Downloading docutils-0.19-py3-none-any.whl (570 kB)\n[327771ee-d9a3-48c4-9e60-2c51d4738726/test           ]   |      \u2501\u2501\u2501\u2501\u2501\u2501\u2501\u2501\u2501\u2501\u2501\u2501\u2501\u2501\u2501\u2501\u2501\u2501\u2501\u2501\u2501\u2501\u2501\u2501\u2501\u2501\u2501\u2501\u2501\u2501\u2501\u2501\u2501\u2501\u2501\u2501\u2501\u2501 570.5/570.5 kB 12.3 MB/s eta 0:00:00\n[327771ee-d9a3-48c4-9e60-2c51d4738726/test           ]   | Collecting entry-points-txt==0.1.0 (from -r requirements.txt (line 59))\n[327771ee-d9a3-48c4-9e60-2c51d4738726/test           ]   |   Downloading entry_points_txt-0.1.0-py3-none-any.whl (6.9 kB)\n[327771ee-d9a3-48c4-9e60-2c51d4738726/test           ]   | Collecting filelock==3.7.1 (from -r requirements.txt (line 61))\n[327771ee-d9a3-48c4-9e60-2c51d4738726/test           ]   |   Downloading filelock-3.7.1-py3-none-any.whl (10 kB)\n[327771ee-d9a3-48c4-9e60-2c51d4738726/test           ]   | Collecting frozenlist==1.3.3 (from -r requirements.txt (line 65))\n[327771ee-d9a3-48c4-9e60-2c51d4738726/test           ]   |   Downloading frozenlist-1.3.3-cp37-cp37m-manylinux_2_5_x86_64.manylinux1_x86_64.manylinux_2_17_x86_64.manylinux2014_x86_64.whl (148 kB)\n[327771ee-d9a3-48c4-9e60-2c51d4738726/test           ]   |      \u2501\u2501\u2501\u2501\u2501\u2501\u2501\u2501\u2501\u2501\u2501\u2501\u2501\u2501\u2501\u2501\u2501\u2501\u2501\u2501\u2501\u2501\u2501\u2501\u2501\u2501\u2501\u2501\u2501\u2501\u2501\u2501\u2501\u2501\u2501\u2501\u2501\u2501\u2501 148.0/148.0 kB 1.9 MB/s eta 0:00:00\n[327771ee-d9a3-48c4-9e60-2c51d4738726/test           ]   | Collecting headerparser==0.4.0 (from -r requirements.txt (line 69))\n[327771ee-d9a3-48c4-9e60-2c51d4738726/test           ]   |   Downloading headerparser-0.4.0-py2.py3-none-any.whl (16 kB)\n[327771ee-d9a3-48c4-9e60-2c51d4738726/test           ]   | Collecting hupper==1.10.3 (from -r requirements.txt (line 71))\n[327771ee-d9a3-48c4-9e60-2c51d4738726/test           ]   |   Downloading hupper-1.10.3-py2.py3-none-any.whl (26 kB)\n[327771ee-d9a3-48c4-9e60-2c51d4738726/test           ]   | Collecting idna==3.3 (from -r requirements.txt (line 73))\n[327771ee-d9a3-48c4-9e60-2c51d4738726/test           ]   |   Downloading idna-3.3-py3-none-any.whl (61 kB)\n[327771ee-d9a3-48c4-9e60-2c51d4738726/test           ]   |      \u2501\u2501\u2501\u2501\u2501\u2501\u2501\u2501\u2501\u2501\u2501\u2501\u2501\u2501\u2501\u2501\u2501\u2501\u2501\u2501\u2501\u2501\u2501\u2501\u2501\u2501\u2501\u2501\u2501\u2501\u2501\u2501\u2501\u2501\u2501\u2501\u2501\u2501\u2501\u2501 61.2/61.2 kB 1.1 MB/s eta 0:00:00\n[327771ee-d9a3-48c4-9e60-2c51d4738726/test           ]   | Collecting iniconfig==1.1.1 (from -r requirements.txt (line 77))\n[327771ee-d9a3-48c4-9e60-2c51d4738726/test           ]   |   Downloading iniconfig-1.1.1-py2.py3-none-any.whl (5.0 kB)\n[327771ee-d9a3-48c4-9e60-2c51d4738726/test           ]   | Collecting itsdangerous==2.1.2 (from -r requirements.txt (line 79))\n[327771ee-d9a3-48c4-9e60-2c51d4738726/test           ]   |   Downloading itsdangerous-2.1.2-py3-none-any.whl (15 kB)\n[327771ee-d9a3-48c4-9e60-2c51d4738726/check_packaging]   | Successfully installed Pygments-2.15.1 SecretStorage-3.3.3 bleach-6.0.0 build-0.10.0 certifi-2023.5.7 cffi-1.15.1 charset-normalizer-3.1.0 cryptography-41.0.1 docutils-0.20.1 idna-3.4 importlib-metadata-6.7.0 jaraco.classes-3.2.3 jeepney-0.8.0 keyring-24.2.0 markdown-it-py-3.0.0 mdurl-0.1.2 more-itertools-9.1.0 packaging-23.1 pkginfo-1.9.6 pycparser-2.21 pyproject-hooks-1.0.0 readme-renderer-40.0 requests-2.31.0 requests-toolbelt-1.0.0 rfc3986-2.0.0 rich-13.4.2 six-1.16.0 tomli-2.0.1 twine-4.0.2 urllib3-2.0.3 webencodings-0.5.1 zipp-3.15.0\n[327771ee-d9a3-48c4-9e60-2c51d4738726/test           ]   | Collecting junit-xml==1.9 (from -r requirements.txt (line 81))\n[327771ee-d9a3-48c4-9e60-2c51d4738726/test           ]   |   Downloading junit_xml-1.9-py2.py3-none-any.whl (7.1 kB)\n[327771ee-d9a3-48c4-9e60-2c51d4738726/test           ]   | Collecting lazy==1.4 (from -r requirements.txt (line 83))\n[327771ee-d9a3-48c4-9e60-2c51d4738726/check_packaging]   | WARNING: You are using pip version 21.2.4; however, version 23.1.2 is available.\n[327771ee-d9a3-48c4-9e60-2c51d4738726/check_packaging]   | You should consider upgrading via the '/opt/hostedtoolcache/Python/3.9.6/x64/bin/python -m pip install --upgrade pip' command.\n[327771ee-d9a3-48c4-9e60-2c51d4738726/test           ]   |   Downloading lazy-1.4-py2.py3-none-any.whl (6.2 kB)\n[327771ee-d9a3-48c4-9e60-2c51d4738726/test           ]   | Collecting mock==4.0.3 (from -r requirements.txt (line 87))\n[327771ee-d9a3-48c4-9e60-2c51d4738726/test           ]   |   Downloading mock-4.0.3-py3-none-any.whl (28 kB)\n[327771ee-d9a3-48c4-9e60-2c51d4738726/check_packaging]   | * Creating venv isolated environment...\n[327771ee-d9a3-48c4-9e60-2c51d4738726/test           ]   | Collecting multidict==6.0.2 (from -r requirements.txt (line 89))\n[327771ee-d9a3-48c4-9e60-2c51d4738726/test           ]   |   Downloading multidict-6.0.2-cp37-cp37m-manylinux_2_17_x86_64.manylinux2014_x86_64.whl (94 kB)\n[327771ee-d9a3-48c4-9e60-2c51d4738726/test           ]   |      \u2501\u2501\u2501\u2501\u2501\u2501\u2501\u2501\u2501\u2501\u2501\u2501\u2501\u2501\u2501\u2501\u2501\u2501\u2501\u2501\u2501\u2501\u2501\u2501\u2501\u2501\u2501\u2501\u2501\u2501\u2501\u2501\u2501\u2501\u2501\u2501\u2501\u2501\u2501\u2501 94.8/94.8 kB 4.2 MB/s eta 0:00:00\n[327771ee-d9a3-48c4-9e60-2c51d4738726/test           ]   | Collecting packaging==21.3 (from -r requirements.txt (line 93))\n[327771ee-d9a3-48c4-9e60-2c51d4738726/test           ]   |   Downloading packaging-21.3-py3-none-any.whl (40 kB)\n[327771ee-d9a3-48c4-9e60-2c51d4738726/test           ]   |      \u2501\u2501\u2501\u2501\u2501\u2501\u2501\u2501\u2501\u2501\u2501\u2501\u2501\u2501\u2501\u2501\u2501\u2501\u2501\u2501\u2501\u2501\u2501\u2501\u2501\u2501\u2501\u2501\u2501\u2501\u2501\u2501\u2501\u2501\u2501\u2501\u2501\u2501\u2501\u2501 40.8/40.8 kB 1.0 MB/s eta 0:00:00\n[327771ee-d9a3-48c4-9e60-2c51d4738726/test           ]   | Collecting passlib[argon2]==1.7.4 (from -r requirements.txt (line 100))\n[327771ee-d9a3-48c4-9e60-2c51d4738726/test           ]   |   Downloading passlib-1.7.4-py2.py3-none-any.whl (525 kB)\n[327771ee-d9a3-48c4-9e60-2c51d4738726/test           ]   |      \u2501\u2501\u2501\u2501\u2501\u2501\u2501\u2501\u2501\u2501\u2501\u2501\u2501\u2501\u2501\u2501\u2501\u2501\u2501\u2501\u2501\u2501\u2501\u2501\u2501\u2501\u2501\u2501\u2501\u2501\u2501\u2501\u2501\u2501\u2501\u2501\u2501\u2501 525.6/525.6 kB 14.0 MB/s eta 0:00:00\n[327771ee-d9a3-48c4-9e60-2c51d4738726/test           ]   | Collecting pastedeploy==2.1.1 (from -r requirements.txt (line 102))\n[327771ee-d9a3-48c4-9e60-2c51d4738726/test           ]   |   Downloading PasteDeploy-2.1.1-py2.py3-none-any.whl (17 kB)\n[327771ee-d9a3-48c4-9e60-2c51d4738726/test           ]   | Collecting pep517==0.12.0 (from -r requirements.txt (line 104))\n[327771ee-d9a3-48c4-9e60-2c51d4738726/test           ]   |   Downloading pep517-0.12.0-py2.py3-none-any.whl (19 kB)\n[327771ee-d9a3-48c4-9e60-2c51d4738726/test           ]   | Collecting pkginfo==1.8.2 (from -r requirements.txt (line 106))\n[327771ee-d9a3-48c4-9e60-2c51d4738726/test           ]   |   Downloading pkginfo-1.8.2-py2.py3-none-any.whl (26 kB)\n[327771ee-d9a3-48c4-9e60-2c51d4738726/test           ]   | Collecting plaster==1.0 (from -r requirements.txt (line 108))\n[327771ee-d9a3-48c4-9e60-2c51d4738726/test           ]   |   Downloading plaster-1.0-py2.py3-none-any.whl (14 kB)\n[327771ee-d9a3-48c4-9e60-2c51d4738726/test           ]   | Collecting plaster-pastedeploy==0.7 (from -r requirements.txt (line 112))\n[327771ee-d9a3-48c4-9e60-2c51d4738726/test           ]   |   Downloading plaster_pastedeploy-0.7-py2.py3-none-any.whl (7.8 kB)\n[327771ee-d9a3-48c4-9e60-2c51d4738726/test           ]   | Collecting platformdirs==2.5.2 (from -r requirements.txt (line 114))\n[327771ee-d9a3-48c4-9e60-2c51d4738726/test           ]   |   Downloading platformdirs-2.5.2-py3-none-any.whl (14 kB)\n[327771ee-d9a3-48c4-9e60-2c51d4738726/test           ]   | Collecting pluggy==1.0.0 (from -r requirements.txt (line 118))\n[327771ee-d9a3-48c4-9e60-2c51d4738726/test           ]   |   Downloading pluggy-1.0.0-py2.py3-none-any.whl (13 kB)\n[327771ee-d9a3-48c4-9e60-2c51d4738726/test           ]   | Collecting py==1.11.0 (from -r requirements.txt (line 124))\n[327771ee-d9a3-48c4-9e60-2c51d4738726/test           ]   |   Downloading py-1.11.0-py2.py3-none-any.whl (98 kB)\n[327771ee-d9a3-48c4-9e60-2c51d4738726/test           ]   |      \u2501\u2501\u2501\u2501\u2501\u2501\u2501\u2501\u2501\u2501\u2501\u2501\u2501\u2501\u2501\u2501\u2501\u2501\u2501\u2501\u2501\u2501\u2501\u2501\u2501\u2501\u2501\u2501\u2501\u2501\u2501\u2501\u2501\u2501\u2501\u2501\u2501\u2501\u2501\u2501 98.7/98.7 kB 2.5 MB/s eta 0:00:00\n[327771ee-d9a3-48c4-9e60-2c51d4738726/test           ]   | Collecting pycparser==2.21 (from -r requirements.txt (line 131))\n[327771ee-d9a3-48c4-9e60-2c51d4738726/test           ]   |   Downloading pycparser-2.21-py2.py3-none-any.whl (118 kB)\n[327771ee-d9a3-48c4-9e60-2c51d4738726/test           ]   |      \u2501\u2501\u2501\u2501\u2501\u2501\u2501\u2501\u2501\u2501\u2501\u2501\u2501\u2501\u2501\u2501\u2501\u2501\u2501\u2501\u2501\u2501\u2501\u2501\u2501\u2501\u2501\u2501\u2501\u2501\u2501\u2501\u2501\u2501\u2501\u2501\u2501\u2501 118.7/118.7 kB 12.6 MB/s eta 0:00:00\n[327771ee-d9a3-48c4-9e60-2c51d4738726/test           ]   | Collecting pygments==2.13.0 (from -r requirements.txt (line 133))\n[327771ee-d9a3-48c4-9e60-2c51d4738726/test           ]   |   Downloading Pygments-2.13.0-py3-none-any.whl (1.1 MB)\n[327771ee-d9a3-48c4-9e60-2c51d4738726/test           ]   |      \u2501\u2501\u2501\u2501\u2501\u2501\u2501\u2501\u2501\u2501\u2501\u2501\u2501\u2501\u2501\u2501\u2501\u2501\u2501\u2501\u2501\u2501\u2501\u2501\u2501\u2501\u2501\u2501\u2501\u2501\u2501\u2501\u2501\u2501\u2501\u2501\u2501\u2501\u2501\u2501 1.1/1.1 MB 12.2 MB/s eta 0:00:00\n[327771ee-d9a3-48c4-9e60-2c51d4738726/test           ]   | Collecting pyparsing==3.0.9 (from -r requirements.txt (line 135))\n[327771ee-d9a3-48c4-9e60-2c51d4738726/test           ]   |   Downloading pyparsing-3.0.9-py3-none-any.whl (98 kB)\n[327771ee-d9a3-48c4-9e60-2c51d4738726/test           ]   |      \u2501\u2501\u2501\u2501\u2501\u2501\u2501\u2501\u2501\u2501\u2501\u2501\u2501\u2501\u2501\u2501\u2501\u2501\u2501\u2501\u2501\u2501\u2501\u2501\u2501\u2501\u2501\u2501\u2501\u2501\u2501\u2501\u2501\u2501\u2501\u2501\u2501\u2501\u2501\u2501 98.3/98.3 kB 1.5 MB/s eta 0:00:00\n[327771ee-d9a3-48c4-9e60-2c51d4738726/test           ]   | Collecting pyramid==2.0 (from -r requirements.txt (line 137))\n[327771ee-d9a3-48c4-9e60-2c51d4738726/test           ]   |   Downloading pyramid-2.0-py3-none-any.whl (246 kB)\n[327771ee-d9a3-48c4-9e60-2c51d4738726/test           ]   |      \u2501\u2501\u2501\u2501\u2501\u2501\u2501\u2501\u2501\u2501\u2501\u2501\u2501\u2501\u2501\u2501\u2501\u2501\u2501\u2501\u2501\u2501\u2501\u2501\u2501\u2501\u2501\u2501\u2501\u2501\u2501\u2501\u2501\u2501\u2501\u2501\u2501\u2501\u2501 246.6/246.6 kB 7.8 MB/s eta 0:00:00\n[327771ee-d9a3-48c4-9e60-2c51d4738726/test           ]   | Collecting pytest==7.1.2 (from -r requirements.txt (line 139))\n[327771ee-d9a3-48c4-9e60-2c51d4738726/test           ]   |   Downloading pytest-7.1.2-py3-none-any.whl (297 kB)\n[327771ee-d9a3-48c4-9e60-2c51d4738726/test           ]   |      \u2501\u2501\u2501\u2501\u2501\u2501\u2501\u2501\u2501\u2501\u2501\u2501\u2501\u2501\u2501\u2501\u2501\u2501\u2501\u2501\u2501\u2501\u2501\u2501\u2501\u2501\u2501\u2501\u2501\u2501\u2501\u2501\u2501\u2501\u2501\u2501\u2501\u2501 297.0/297.0 kB 14.6 MB/s eta 0:00:00\n[327771ee-d9a3-48c4-9e60-2c51d4738726/test           ]   | Collecting pytest-cov==3.0.0 (from -r requirements.txt (line 144))\n[327771ee-d9a3-48c4-9e60-2c51d4738726/test           ]   |   Downloading pytest_cov-3.0.0-py3-none-any.whl (20 kB)\n[327771ee-d9a3-48c4-9e60-2c51d4738726/test           ]   | Collecting pytest-mock==3.10.0 (from -r requirements.txt (line 146))\n[327771ee-d9a3-48c4-9e60-2c51d4738726/test           ]   |   Downloading pytest_mock-3.10.0-py3-none-any.whl (9.3 kB)\n[327771ee-d9a3-48c4-9e60-2c51d4738726/test           ]   | Collecting python-dateutil==2.8.2 (from -r requirements.txt (line 148))\n[327771ee-d9a3-48c4-9e60-2c51d4738726/test           ]   |   Downloading python_dateutil-2.8.2-py2.py3-none-any.whl (247 kB)\n[327771ee-d9a3-48c4-9e60-2c51d4738726/test           ]   |      \u2501\u2501\u2501\u2501\u2501\u2501\u2501\u2501\u2501\u2501\u2501\u2501\u2501\u2501\u2501\u2501\u2501\u2501\u2501\u2501\u2501\u2501\u2501\u2501\u2501\u2501\u2501\u2501\u2501\u2501\u2501\u2501\u2501\u2501\u2501\u2501\u2501\u2501 247.7/247.7 kB 22.9 MB/s eta 0:00:00\n[327771ee-d9a3-48c4-9e60-2c51d4738726/test           ]   | Collecting readme-renderer==37.3 (from -r requirements.txt (line 150))\n[327771ee-d9a3-48c4-9e60-2c51d4738726/test           ]   |   Downloading readme_renderer-37.3-py3-none-any.whl (14 kB)\n[327771ee-d9a3-48c4-9e60-2c51d4738726/test           ]   | Collecting repoze-lru==0.7 (from -r requirements.txt (line 152))\n[327771ee-d9a3-48c4-9e60-2c51d4738726/test           ]   |   Downloading repoze.lru-0.7-py3-none-any.whl (10 kB)\n[327771ee-d9a3-48c4-9e60-2c51d4738726/test           ]   | Collecting requests==2.31.0 (from -r requirements.txt (line 154))\n[327771ee-d9a3-48c4-9e60-2c51d4738726/test           ]   |   Downloading requests-2.31.0-py3-none-any.whl (62 kB)\n[327771ee-d9a3-48c4-9e60-2c51d4738726/test           ]   |      \u2501\u2501\u2501\u2501\u2501\u2501\u2501\u2501\u2501\u2501\u2501\u2501\u2501\u2501\u2501\u2501\u2501\u2501\u2501\u2501\u2501\u2501\u2501\u2501\u2501\u2501\u2501\u2501\u2501\u2501\u2501\u2501\u2501\u2501\u2501\u2501\u2501\u2501\u2501\u2501 62.6/62.6 kB 1.8 MB/s eta 0:00:00\n[327771ee-d9a3-48c4-9e60-2c51d4738726/test           ]   | Collecting ruamel-yaml==0.17.21 (from -r requirements.txt (line 158))\n[327771ee-d9a3-48c4-9e60-2c51d4738726/test           ]   |   Downloading ruamel.yaml-0.17.21-py3-none-any.whl (109 kB)\n[327771ee-d9a3-48c4-9e60-2c51d4738726/test           ]   |      \u2501\u2501\u2501\u2501\u2501\u2501\u2501\u2501\u2501\u2501\u2501\u2501\u2501\u2501\u2501\u2501\u2501\u2501\u2501\u2501\u2501\u2501\u2501\u2501\u2501\u2501\u2501\u2501\u2501\u2501\u2501\u2501\u2501\u2501\u2501\u2501\u2501\u2501\u2501 109.5/109.5 kB 2.4 MB/s eta 0:00:00\n[327771ee-d9a3-48c4-9e60-2c51d4738726/test           ]   | Collecting setuptools-scm==6.4.2 (from -r requirements.txt (line 160))\n[327771ee-d9a3-48c4-9e60-2c51d4738726/test           ]   |   Downloading setuptools_scm-6.4.2-py3-none-any.whl (37 kB)\n[327771ee-d9a3-48c4-9e60-2c51d4738726/test           ]   | Collecting six==1.16.0 (from -r requirements.txt (line 162))\n[327771ee-d9a3-48c4-9e60-2c51d4738726/test           ]   |   Downloading six-1.16.0-py2.py3-none-any.whl (11 kB)\n[327771ee-d9a3-48c4-9e60-2c51d4738726/test           ]   | Collecting strictyaml==1.6.1 (from -r requirements.txt (line 170))\n[327771ee-d9a3-48c4-9e60-2c51d4738726/test           ]   |   Downloading strictyaml-1.6.1.tar.gz (137 kB)\n[327771ee-d9a3-48c4-9e60-2c51d4738726/test           ]   |      \u2501\u2501\u2501\u2501\u2501\u2501\u2501\u2501\u2501\u2501\u2501\u2501\u2501\u2501\u2501\u2501\u2501\u2501\u2501\u2501\u2501\u2501\u2501\u2501\u2501\u2501\u2501\u2501\u2501\u2501\u2501\u2501\u2501\u2501\u2501\u2501\u2501\u2501 137.7/137.7 kB 16.0 MB/s eta 0:00:00\n[327771ee-d9a3-48c4-9e60-2c51d4738726/test           ]   |   Installing build dependencies: started\n[327771ee-d9a3-48c4-9e60-2c51d4738726/check_packaging]   | * Installing packages in isolated environment... (setuptools >= 40.8.0, wheel)\n[327771ee-d9a3-48c4-9e60-2c51d4738726/test           ]   |   Installing build dependencies: finished with status 'done'\n[327771ee-d9a3-48c4-9e60-2c51d4738726/test           ]   |   Getting requirements to build wheel: started\n[327771ee-d9a3-48c4-9e60-2c51d4738726/test           ]   |   Getting requirements to build wheel: finished with status 'done'\n[327771ee-d9a3-48c4-9e60-2c51d4738726/test           ]   |   Preparing metadata (pyproject.toml): started\n[327771ee-d9a3-48c4-9e60-2c51d4738726/test           ]   |   Preparing metadata (pyproject.toml): finished with status 'done'\n[327771ee-d9a3-48c4-9e60-2c51d4738726/test           ]   | Collecting toml==0.10.2 (from -r requirements.txt (line 172))\n[327771ee-d9a3-48c4-9e60-2c51d4738726/test           ]   |   Downloading toml-0.10.2-py2.py3-none-any.whl (16 kB)\n[327771ee-d9a3-48c4-9e60-2c51d4738726/test           ]   | Collecting tomli==2.0.1 (from -r requirements.txt (line 174))\n[327771ee-d9a3-48c4-9e60-2c51d4738726/test           ]   |   Downloading tomli-2.0.1-py3-none-any.whl (12 kB)\n[327771ee-d9a3-48c4-9e60-2c51d4738726/test           ]   | Collecting tox==3.25.0 (from -r requirements.txt (line 180))\n[327771ee-d9a3-48c4-9e60-2c51d4738726/test           ]   |   Downloading tox-3.25.0-py2.py3-none-any.whl (85 kB)\n[327771ee-d9a3-48c4-9e60-2c51d4738726/test           ]   |      \u2501\u2501\u2501\u2501\u2501\u2501\u2501\u2501\u2501\u2501\u2501\u2501\u2501\u2501\u2501\u2501\u2501\u2501\u2501\u2501\u2501\u2501\u2501\u2501\u2501\u2501\u2501\u2501\u2501\u2501\u2501\u2501\u2501\u2501\u2501\u2501\u2501\u2501\u2501\u2501 85.9/85.9 kB 2.8 MB/s eta 0:00:00\n[327771ee-d9a3-48c4-9e60-2c51d4738726/test           ]   | Collecting translationstring==1.4 (from -r requirements.txt (line 182))\n[327771ee-d9a3-48c4-9e60-2c51d4738726/test           ]   |   Downloading translationstring-1.4-py2.py3-none-any.whl (15 kB)\n[327771ee-d9a3-48c4-9e60-2c51d4738726/test           ]   | Collecting twitter-common-contextutil==0.3.11 (from -r requirements.txt (line 184))\n[327771ee-d9a3-48c4-9e60-2c51d4738726/test           ]   |   Downloading twitter.common.contextutil-0.3.11.tar.gz (3.7 kB)\n[327771ee-d9a3-48c4-9e60-2c51d4738726/test           ]   |   Installing build dependencies: started\n[327771ee-d9a3-48c4-9e60-2c51d4738726/check_packaging]   | * Getting build dependencies for sdist...\n[327771ee-d9a3-48c4-9e60-2c51d4738726/check_packaging]   | * Installing packages in isolated environment... (setuptools_scm)\n[327771ee-d9a3-48c4-9e60-2c51d4738726/check_packaging]   | * Building sdist...\n[327771ee-d9a3-48c4-9e60-2c51d4738726/check_packaging]   | running sdist\n[327771ee-d9a3-48c4-9e60-2c51d4738726/check_packaging]   | running egg_info\n[327771ee-d9a3-48c4-9e60-2c51d4738726/check_packaging]   | creating devpi_builder.egg-info\n[327771ee-d9a3-48c4-9e60-2c51d4738726/check_packaging]   | writing devpi_builder.egg-info/PKG-INFO\n[327771ee-d9a3-48c4-9e60-2c51d4738726/check_packaging]   | writing dependency_links to devpi_builder.egg-info/dependency_links.txt\n[327771ee-d9a3-48c4-9e60-2c51d4738726/check_packaging]   | writing entry points to devpi_builder.egg-info/entry_points.txt\n[327771ee-d9a3-48c4-9e60-2c51d4738726/check_packaging]   | writing requirements to devpi_builder.egg-info/requires.txt\n[327771ee-d9a3-48c4-9e60-2c51d4738726/check_packaging]   | writing top-level names to devpi_builder.egg-info/top_level.txt\n[327771ee-d9a3-48c4-9e60-2c51d4738726/check_packaging]   | writing manifest file 'devpi_builder.egg-info/SOURCES.txt'\n[327771ee-d9a3-48c4-9e60-2c51d4738726/check_packaging]   | reading manifest template 'MANIFEST.in'\n[327771ee-d9a3-48c4-9e60-2c51d4738726/check_packaging]   | adding license file 'COPYING'\n[327771ee-d9a3-48c4-9e60-2c51d4738726/check_packaging]   | writing manifest file 'devpi_builder.egg-info/SOURCES.txt'\n[327771ee-d9a3-48c4-9e60-2c51d4738726/check_packaging]   | running check\n[327771ee-d9a3-48c4-9e60-2c51d4738726/check_packaging]   | creating devpi-builder-6.0.0\n[327771ee-d9a3-48c4-9e60-2c51d4738726/check_packaging]   | creating devpi-builder-6.0.0/.github\n[327771ee-d9a3-48c4-9e60-2c51d4738726/check_packaging]   | creating devpi-builder-6.0.0/.github/workflows\n[327771ee-d9a3-48c4-9e60-2c51d4738726/check_packaging]   | creating devpi-builder-6.0.0/devpi_builder\n[327771ee-d9a3-48c4-9e60-2c51d4738726/check_packaging]   | creating devpi-builder-6.0.0/devpi_builder.egg-info\n[327771ee-d9a3-48c4-9e60-2c51d4738726/check_packaging]   | creating devpi-builder-6.0.0/tests\n[327771ee-d9a3-48c4-9e60-2c51d4738726/check_packaging]   | creating devpi-builder-6.0.0/tests/fixture\n[327771ee-d9a3-48c4-9e60-2c51d4738726/check_packaging]   | creating devpi-builder-6.0.0/tests/fixture/non-ascii_package\n[327771ee-d9a3-48c4-9e60-2c51d4738726/check_packaging]   | creating devpi-builder-6.0.0/tests/fixture/non-ascii_package/dist\n[327771ee-d9a3-48c4-9e60-2c51d4738726/check_packaging]   | creating devpi-builder-6.0.0/tests/fixture/non-pure_package\n[327771ee-d9a3-48c4-9e60-2c51d4738726/check_packaging]   | creating devpi-builder-6.0.0/tests/fixture/non-pure_package/dist\n[327771ee-d9a3-48c4-9e60-2c51d4738726/check_packaging]   | creating devpi-builder-6.0.0/tests/fixture/pure_package\n[327771ee-d9a3-48c4-9e60-2c51d4738726/check_packaging]   | creating devpi-builder-6.0.0/tests/fixture/pure_package/dist\n[327771ee-d9a3-48c4-9e60-2c51d4738726/check_packaging]   | creating devpi-builder-6.0.0/tests/fixture/pure_package/test_package\n[327771ee-d9a3-48c4-9e60-2c51d4738726/check_packaging]   | copying files to devpi-builder-6.0.0...\n[327771ee-d9a3-48c4-9e60-2c51d4738726/check_packaging]   | copying .coveragerc -> devpi-builder-6.0.0\n[327771ee-d9a3-48c4-9e60-2c51d4738726/check_packaging]   | copying .gitignore -> devpi-builder-6.0.0\n[327771ee-d9a3-48c4-9e60-2c51d4738726/check_packaging]   | copying .pyup.yml -> devpi-builder-6.0.0\n[327771ee-d9a3-48c4-9e60-2c51d4738726/check_packaging]   | copying CHANGELOG.rst -> devpi-builder-6.0.0\n[327771ee-d9a3-48c4-9e60-2c51d4738726/check_packaging]   | copying COPYING -> devpi-builder-6.0.0\n[327771ee-d9a3-48c4-9e60-2c51d4738726/check_packaging]   | copying MANIFEST.in -> devpi-builder-6.0.0\n[327771ee-d9a3-48c4-9e60-2c51d4738726/check_packaging]   | copying README.rst -> devpi-builder-6.0.0\n[327771ee-d9a3-48c4-9e60-2c51d4738726/check_packaging]   | copying core-requirements.txt -> devpi-builder-6.0.0\n[327771ee-d9a3-48c4-9e60-2c51d4738726/check_packaging]   | copying requirements.in -> devpi-builder-6.0.0\n[327771ee-d9a3-48c4-9e60-2c51d4738726/check_packaging]   | copying requirements.txt -> devpi-builder-6.0.0\n[327771ee-d9a3-48c4-9e60-2c51d4738726/check_packaging]   | copying setup.cfg -> devpi-builder-6.0.0\n[327771ee-d9a3-48c4-9e60-2c51d4738726/check_packaging]   | copying setup.py -> devpi-builder-6.0.0\n[327771ee-d9a3-48c4-9e60-2c51d4738726/check_packaging]   | copying .github/workflows/publish.yml -> devpi-builder-6.0.0/.github/workflows\n[327771ee-d9a3-48c4-9e60-2c51d4738726/check_packaging]   | copying .github/workflows/tests.yml -> devpi-builder-6.0.0/.github/workflows\n[327771ee-d9a3-48c4-9e60-2c51d4738726/check_packaging]   | copying devpi_builder/__init__.py -> devpi-builder-6.0.0/devpi_builder\n[327771ee-d9a3-48c4-9e60-2c51d4738726/check_packaging]   | copying devpi_builder/cli.py -> devpi-builder-6.0.0/devpi_builder\n[327771ee-d9a3-48c4-9e60-2c51d4738726/check_packaging]   | copying devpi_builder/requirements.py -> devpi-builder-6.0.0/devpi_builder\n[327771ee-d9a3-48c4-9e60-2c51d4738726/check_packaging]   | copying devpi_builder/wheeler.py -> devpi-builder-6.0.0/devpi_builder\n[327771ee-d9a3-48c4-9e60-2c51d4738726/check_packaging]   | copying devpi_builder.egg-info/PKG-INFO -> devpi-builder-6.0.0/devpi_builder.egg-info\n[327771ee-d9a3-48c4-9e60-2c51d4738726/check_packaging]   | copying devpi_builder.egg-info/SOURCES.txt -> devpi-builder-6.0.0/devpi_builder.egg-info\n[327771ee-d9a3-48c4-9e60-2c51d4738726/check_packaging]   | copying devpi_builder.egg-info/dependency_links.txt -> devpi-builder-6.0.0/devpi_builder.egg-info\n[327771ee-d9a3-48c4-9e60-2c51d4738726/check_packaging]   | copying devpi_builder.egg-info/entry_points.txt -> devpi-builder-6.0.0/devpi_builder.egg-info\n[327771ee-d9a3-48c4-9e60-2c51d4738726/check_packaging]   | copying devpi_builder.egg-info/requires.txt -> devpi-builder-6.0.0/devpi_builder.egg-info\n[327771ee-d9a3-48c4-9e60-2c51d4738726/check_packaging]   | copying devpi_builder.egg-info/top_level.txt -> devpi-builder-6.0.0/devpi_builder.egg-info\n[327771ee-d9a3-48c4-9e60-2c51d4738726/check_packaging]   | copying tests/test_cli.py -> devpi-builder-6.0.0/tests\n[327771ee-d9a3-48c4-9e60-2c51d4738726/check_packaging]   | copying tests/test_requirements.py -> devpi-builder-6.0.0/tests\n[327771ee-d9a3-48c4-9e60-2c51d4738726/check_packaging]   | copying tests/test_wheeler.py -> devpi-builder-6.0.0/tests\n[327771ee-d9a3-48c4-9e60-2c51d4738726/check_packaging]   | copying tests/fixture/sample_blacklist.txt -> devpi-builder-6.0.0/tests/fixture\n[327771ee-d9a3-48c4-9e60-2c51d4738726/check_packaging]   | copying tests/fixture/sample_comments.txt -> devpi-builder-6.0.0/tests/fixture\n[327771ee-d9a3-48c4-9e60-2c51d4738726/check_packaging]   | copying tests/fixture/sample_continue_on_failed.txt -> devpi-builder-6.0.0/tests/fixture\n[327771ee-d9a3-48c4-9e60-2c51d4738726/check_packaging]   | copying tests/fixture/sample_different_styles.txt -> devpi-builder-6.0.0/tests/fixture\n[327771ee-d9a3-48c4-9e60-2c51d4738726/check_packaging]   | copying tests/fixture/sample_inexact_version.txt -> devpi-builder-6.0.0/tests/fixture\n[327771ee-d9a3-48c4-9e60-2c51d4738726/check_packaging]   | copying tests/fixture/sample_junit.txt -> devpi-builder-6.0.0/tests/fixture\n[327771ee-d9a3-48c4-9e60-2c51d4738726/check_packaging]   | copying tests/fixture/sample_multiple_versions.txt -> devpi-builder-6.0.0/tests/fixture\n[327771ee-d9a3-48c4-9e60-2c51d4738726/check_packaging]   | copying tests/fixture/sample_multiple_versions_on_line.txt -> devpi-builder-6.0.0/tests/fixture\n[327771ee-d9a3-48c4-9e60-2c51d4738726/check_packaging]   | copying tests/fixture/sample_no_version.txt -> devpi-builder-6.0.0/tests/fixture\n[327771ee-d9a3-48c4-9e60-2c51d4738726/check_packaging]   | copying tests/fixture/sample_non-ascii.txt -> devpi-builder-6.0.0/tests/fixture\n[327771ee-d9a3-48c4-9e60-2c51d4738726/check_packaging]   | copying tests/fixture/sample_pure_and_non-pure.txt -> devpi-builder-6.0.0/tests/fixture\n[327771ee-d9a3-48c4-9e60-2c51d4738726/check_packaging]   | copying tests/fixture/sample_simple.txt -> devpi-builder-6.0.0/tests/fixture\n[327771ee-d9a3-48c4-9e60-2c51d4738726/check_packaging]   | copying tests/fixture/sample_test_package.txt -> devpi-builder-6.0.0/tests/fixture\n[327771ee-d9a3-48c4-9e60-2c51d4738726/check_packaging]   | copying tests/fixture/non-ascii_package/setup.cfg -> devpi-builder-6.0.0/tests/fixture/non-ascii_package\n[327771ee-d9a3-48c4-9e60-2c51d4738726/check_packaging]   | copying tests/fixture/non-ascii_package/setup.py -> devpi-builder-6.0.0/tests/fixture/non-ascii_package\n[327771ee-d9a3-48c4-9e60-2c51d4738726/check_packaging]   | copying tests/fixture/non-ascii_package/dist/non-ascii-package-0.1.dev1.tar.gz -> devpi-builder-6.0.0/tests/fixture/non-ascii_package/dist\n[327771ee-d9a3-48c4-9e60-2c51d4738726/check_packaging]   | copying tests/fixture/non-pure_package/setup.cfg -> devpi-builder-6.0.0/tests/fixture/non-pure_package\n[327771ee-d9a3-48c4-9e60-2c51d4738726/check_packaging]   | copying tests/fixture/non-pure_package/setup.py -> devpi-builder-6.0.0/tests/fixture/non-pure_package\n[327771ee-d9a3-48c4-9e60-2c51d4738726/check_packaging]   | copying tests/fixture/non-pure_package/dist/test_package-0.1.dev1-cp27-none-linux_x86_64.whl -> devpi-builder-6.0.0/tests/fixture/non-pure_package/dist\n[327771ee-d9a3-48c4-9e60-2c51d4738726/check_packaging]   | copying tests/fixture/pure_package/setup.cfg -> devpi-builder-6.0.0/tests/fixture/pure_package\n[327771ee-d9a3-48c4-9e60-2c51d4738726/check_packaging]   | copying tests/fixture/pure_package/setup.py -> devpi-builder-6.0.0/tests/fixture/pure_package\n[327771ee-d9a3-48c4-9e60-2c51d4738726/check_packaging]   | copying tests/fixture/pure_package/dist/test_package-0.1.dev1-py2.py3-none-any.whl -> devpi-builder-6.0.0/tests/fixture/pure_package/dist\n[327771ee-d9a3-48c4-9e60-2c51d4738726/check_packaging]   | copying tests/fixture/pure_package/test_package/__init__.py -> devpi-builder-6.0.0/tests/fixture/pure_package/test_package\n[327771ee-d9a3-48c4-9e60-2c51d4738726/check_packaging]   | Writing devpi-builder-6.0.0/setup.cfg\n[327771ee-d9a3-48c4-9e60-2c51d4738726/check_packaging]   | Creating tar archive\n[327771ee-d9a3-48c4-9e60-2c51d4738726/check_packaging]   | removing 'devpi-builder-6.0.0' (and everything under it)\n[327771ee-d9a3-48c4-9e60-2c51d4738726/test           ]   |   Installing build dependencies: finished with status 'done'\n[327771ee-d9a3-48c4-9e60-2c51d4738726/test           ]   |   Getting requirements to build wheel: started\n[327771ee-d9a3-48c4-9e60-2c51d4738726/check_packaging]   | * Building wheel from sdist\n[327771ee-d9a3-48c4-9e60-2c51d4738726/check_packaging]   | * Creating venv isolated environment...\n[327771ee-d9a3-48c4-9e60-2c51d4738726/test           ]   |   Getting requirements to build wheel: finished with status 'done'\n[327771ee-d9a3-48c4-9e60-2c51d4738726/test           ]   |   Preparing metadata (pyproject.toml): started\n[327771ee-d9a3-48c4-9e60-2c51d4738726/test           ]   |   Preparing metadata (pyproject.toml): finished with status 'done'\n[327771ee-d9a3-48c4-9e60-2c51d4738726/test           ]   | Collecting twitter-common-dirutil==0.3.11 (from -r requirements.txt (line 186))\n[327771ee-d9a3-48c4-9e60-2c51d4738726/test           ]   |   Downloading twitter.common.dirutil-0.3.11.tar.gz (9.5 kB)\n[327771ee-d9a3-48c4-9e60-2c51d4738726/test           ]   |   Installing build dependencies: started\n[327771ee-d9a3-48c4-9e60-2c51d4738726/test           ]   |   Installing build dependencies: finished with status 'done'\n[327771ee-d9a3-48c4-9e60-2c51d4738726/test           ]   |   Getting requirements to build wheel: started\n[327771ee-d9a3-48c4-9e60-2c51d4738726/test           ]   |   Getting requirements to build wheel: finished with status 'done'\n[327771ee-d9a3-48c4-9e60-2c51d4738726/test           ]   |   Preparing metadata (pyproject.toml): started\n[327771ee-d9a3-48c4-9e60-2c51d4738726/test           ]   |   Preparing metadata (pyproject.toml): finished with status 'done'\n[327771ee-d9a3-48c4-9e60-2c51d4738726/test           ]   | Collecting twitter-common-lang==0.3.11 (from -r requirements.txt (line 188))\n[327771ee-d9a3-48c4-9e60-2c51d4738726/test           ]   |   Downloading twitter.common.lang-0.3.11.tar.gz (3.5 kB)\n[327771ee-d9a3-48c4-9e60-2c51d4738726/test           ]   |   Installing build dependencies: started\n[327771ee-d9a3-48c4-9e60-2c51d4738726/check_packaging]   | * Installing packages in isolated environment... (setuptools >= 40.8.0, wheel)\n[327771ee-d9a3-48c4-9e60-2c51d4738726/test           ]   |   Installing build dependencies: finished with status 'done'\n[327771ee-d9a3-48c4-9e60-2c51d4738726/test           ]   |   Getting requirements to build wheel: started\n[327771ee-d9a3-48c4-9e60-2c51d4738726/test           ]   |   Getting requirements to build wheel: finished with status 'done'\n[327771ee-d9a3-48c4-9e60-2c51d4738726/test           ]   |   Preparing metadata (pyproject.toml): started\n[327771ee-d9a3-48c4-9e60-2c51d4738726/test           ]   |   Preparing metadata (pyproject.toml): finished with status 'done'\n[327771ee-d9a3-48c4-9e60-2c51d4738726/test           ]   | Collecting urllib3==1.26.9 (from -r requirements.txt (line 190))\n[327771ee-d9a3-48c4-9e60-2c51d4738726/test           ]   |   Downloading urllib3-1.26.9-py2.py3-none-any.whl (138 kB)\n[327771ee-d9a3-48c4-9e60-2c51d4738726/test           ]   |      \u2501\u2501\u2501\u2501\u2501\u2501\u2501\u2501\u2501\u2501\u2501\u2501\u2501\u2501\u2501\u2501\u2501\u2501\u2501\u2501\u2501\u2501\u2501\u2501\u2501\u2501\u2501\u2501\u2501\u2501\u2501\u2501\u2501\u2501\u2501\u2501\u2501\u2501\u2501 139.0/139.0 kB 2.3 MB/s eta 0:00:00\n[327771ee-d9a3-48c4-9e60-2c51d4738726/test           ]   | Collecting venusian==3.0.0 (from -r requirements.txt (line 192))\n[327771ee-d9a3-48c4-9e60-2c51d4738726/test           ]   |   Downloading venusian-3.0.0-py3-none-any.whl (13 kB)\n[327771ee-d9a3-48c4-9e60-2c51d4738726/test           ]   | Collecting virtualenv==20.14.1 (from -r requirements.txt (line 194))\n[327771ee-d9a3-48c4-9e60-2c51d4738726/test           ]   |   Downloading virtualenv-20.14.1-py2.py3-none-any.whl (8.8 MB)\n[327771ee-d9a3-48c4-9e60-2c51d4738726/check_packaging]   | * Getting build dependencies for wheel...\n[327771ee-d9a3-48c4-9e60-2c51d4738726/check_packaging]   | * Installing packages in isolated environment... (setuptools_scm, wheel)\n[327771ee-d9a3-48c4-9e60-2c51d4738726/test           ]   |      \u2501\u2501\u2501\u2501\u2501\u2501\u2501\u2501\u2501\u2501\u2501\u2501\u2501\u2501\u2501\u2501\u2501\u2501\u2501\u2501\u2501\u2501\u2501\u2501\u2501\u2501\u2501\u2501\u2501\u2501\u2501\u2501\u2501\u2501\u2501\u2501\u2501\u2501\u2501\u2501 8.8/8.8 MB 9.0 MB/s eta 0:00:00\n[327771ee-d9a3-48c4-9e60-2c51d4738726/test           ]   | Collecting waitress==2.1.2 (from -r requirements.txt (line 196))\n[327771ee-d9a3-48c4-9e60-2c51d4738726/test           ]   |   Downloading waitress-2.1.2-py3-none-any.whl (57 kB)\n[327771ee-d9a3-48c4-9e60-2c51d4738726/test           ]   |      \u2501\u2501\u2501\u2501\u2501\u2501\u2501\u2501\u2501\u2501\u2501\u2501\u2501\u2501\u2501\u2501\u2501\u2501\u2501\u2501\u2501\u2501\u2501\u2501\u2501\u2501\u2501\u2501\u2501\u2501\u2501\u2501\u2501\u2501\u2501\u2501\u2501\u2501\u2501\u2501 57.7/57.7 kB 2.4 MB/s eta 0:00:00\n[327771ee-d9a3-48c4-9e60-2c51d4738726/test           ]   | Collecting webencodings==0.5.1 (from -r requirements.txt (line 198))\n[327771ee-d9a3-48c4-9e60-2c51d4738726/test           ]   |   Downloading webencodings-0.5.1-py2.py3-none-any.whl (11 kB)\n[327771ee-d9a3-48c4-9e60-2c51d4738726/test           ]   | Collecting webob==1.8.7 (from -r requirements.txt (line 200))\n[327771ee-d9a3-48c4-9e60-2c51d4738726/test           ]   |   Downloading WebOb-1.8.7-py2.py3-none-any.whl (114 kB)\n[327771ee-d9a3-48c4-9e60-2c51d4738726/test           ]   |      \u2501\u2501\u2501\u2501\u2501\u2501\u2501\u2501\u2501\u2501\u2501\u2501\u2501\u2501\u2501\u2501\u2501\u2501\u2501\u2501\u2501\u2501\u2501\u2501\u2501\u2501\u2501\u2501\u2501\u2501\u2501\u2501\u2501\u2501\u2501\u2501\u2501\u2501\u2501 115.0/115.0 kB 2.1 MB/s eta 0:00:00\n[327771ee-d9a3-48c4-9e60-2c51d4738726/test           ]   | Collecting wheel==0.38.4 (from -r requirements.txt (line 202))\n[327771ee-d9a3-48c4-9e60-2c51d4738726/test           ]   |   Downloading wheel-0.38.4-py3-none-any.whl (36 kB)\n[327771ee-d9a3-48c4-9e60-2c51d4738726/test           ]   | Collecting wheel-filename==1.4.1 (from -r requirements.txt (line 204))\n[327771ee-d9a3-48c4-9e60-2c51d4738726/test           ]   |   Downloading wheel_filename-1.4.1-py3-none-any.whl (6.4 kB)\n[327771ee-d9a3-48c4-9e60-2c51d4738726/test           ]   | Collecting wheel-inspect==1.7.1 (from -r requirements.txt (line 208))\n[327771ee-d9a3-48c4-9e60-2c51d4738726/test           ]   |   Downloading wheel_inspect-1.7.1-py3-none-any.whl (20 kB)\n[327771ee-d9a3-48c4-9e60-2c51d4738726/test           ]   | Collecting yarl==1.8.2 (from -r requirements.txt (line 210))\n[327771ee-d9a3-48c4-9e60-2c51d4738726/test           ]   |   Downloading yarl-1.8.2-cp37-cp37m-manylinux_2_17_x86_64.manylinux2014_x86_64.whl (231 kB)\n[327771ee-d9a3-48c4-9e60-2c51d4738726/test           ]   |      \u2501\u2501\u2501\u2501\u2501\u2501\u2501\u2501\u2501\u2501\u2501\u2501\u2501\u2501\u2501\u2501\u2501\u2501\u2501\u2501\u2501\u2501\u2501\u2501\u2501\u2501\u2501\u2501\u2501\u2501\u2501\u2501\u2501\u2501\u2501\u2501\u2501\u2501\u2501 231.4/231.4 kB 4.8 MB/s eta 0:00:00\n[327771ee-d9a3-48c4-9e60-2c51d4738726/test           ]   | Collecting zope-deprecation==4.4.0 (from -r requirements.txt (line 212))\n[327771ee-d9a3-48c4-9e60-2c51d4738726/test           ]   |   Downloading zope.deprecation-4.4.0-py2.py3-none-any.whl (10 kB)\n[327771ee-d9a3-48c4-9e60-2c51d4738726/check_packaging]   | * Building wheel...\n[327771ee-d9a3-48c4-9e60-2c51d4738726/test           ]   | Collecting zope-interface==5.4.0 (from -r requirements.txt (line 214))\n[327771ee-d9a3-48c4-9e60-2c51d4738726/check_packaging]   | running bdist_wheel\n[327771ee-d9a3-48c4-9e60-2c51d4738726/test           ]   |   Downloading zope.interface-5.4.0-cp37-cp37m-manylinux2010_x86_64.whl (251 kB)\n[327771ee-d9a3-48c4-9e60-2c51d4738726/check_packaging]   | running build\n[327771ee-d9a3-48c4-9e60-2c51d4738726/check_packaging]   | running build_py\n[327771ee-d9a3-48c4-9e60-2c51d4738726/check_packaging]   | creating build\n[327771ee-d9a3-48c4-9e60-2c51d4738726/check_packaging]   | creating build/lib\n[327771ee-d9a3-48c4-9e60-2c51d4738726/check_packaging]   | creating build/lib/devpi_builder\n[327771ee-d9a3-48c4-9e60-2c51d4738726/check_packaging]   | copying devpi_builder/wheeler.py -> build/lib/devpi_builder\n[327771ee-d9a3-48c4-9e60-2c51d4738726/check_packaging]   | copying devpi_builder/cli.py -> build/lib/devpi_builder\n[327771ee-d9a3-48c4-9e60-2c51d4738726/check_packaging]   | copying devpi_builder/requirements.py -> build/lib/devpi_builder\n[327771ee-d9a3-48c4-9e60-2c51d4738726/check_packaging]   | copying devpi_builder/__init__.py -> build/lib/devpi_builder\n[327771ee-d9a3-48c4-9e60-2c51d4738726/check_packaging]   | installing to build/bdist.linux-x86_64/wheel\n[327771ee-d9a3-48c4-9e60-2c51d4738726/check_packaging]   | running install\n[327771ee-d9a3-48c4-9e60-2c51d4738726/check_packaging]   | running install_lib\n[327771ee-d9a3-48c4-9e60-2c51d4738726/check_packaging]   | creating build/bdist.linux-x86_64\n[327771ee-d9a3-48c4-9e60-2c51d4738726/check_packaging]   | creating build/bdist.linux-x86_64/wheel\n[327771ee-d9a3-48c4-9e60-2c51d4738726/check_packaging]   | creating build/bdist.linux-x86_64/wheel/devpi_builder\n[327771ee-d9a3-48c4-9e60-2c51d4738726/check_packaging]   | copying build/lib/devpi_builder/wheeler.py -> build/bdist.linux-x86_64/wheel/devpi_builder\n[327771ee-d9a3-48c4-9e60-2c51d4738726/check_packaging]   | copying build/lib/devpi_builder/cli.py -> build/bdist.linux-x86_64/wheel/devpi_builder\n[327771ee-d9a3-48c4-9e60-2c51d4738726/check_packaging]   | copying build/lib/devpi_builder/requirements.py -> build/bdist.linux-x86_64/wheel/devpi_builder\n[327771ee-d9a3-48c4-9e60-2c51d4738726/check_packaging]   | copying build/lib/devpi_builder/__init__.py -> build/bdist.linux-x86_64/wheel/devpi_builder\n[327771ee-d9a3-48c4-9e60-2c51d4738726/check_packaging]   | running install_egg_info\n[327771ee-d9a3-48c4-9e60-2c51d4738726/check_packaging]   | running egg_info\n[327771ee-d9a3-48c4-9e60-2c51d4738726/check_packaging]   | writing devpi_builder.egg-info/PKG-INFO\n[327771ee-d9a3-48c4-9e60-2c51d4738726/check_packaging]   | writing dependency_links to devpi_builder.egg-info/dependency_links.txt\n[327771ee-d9a3-48c4-9e60-2c51d4738726/check_packaging]   | writing entry points to devpi_builder.egg-info/entry_points.txt\n[327771ee-d9a3-48c4-9e60-2c51d4738726/check_packaging]   | writing requirements to devpi_builder.egg-info/requires.txt\n[327771ee-d9a3-48c4-9e60-2c51d4738726/check_packaging]   | writing top-level names to devpi_builder.egg-info/top_level.txt\n[327771ee-d9a3-48c4-9e60-2c51d4738726/test           ]   |      \u2501\u2501\u2501\u2501\u2501\u2501\u2501\u2501\u2501\u2501\u2501\u2501\u2501\u2501\u2501\u2501\u2501\u2501\u2501\u2501\u2501\u2501\u2501\u2501\u2501\u2501\u2501\u2501\u2501\u2501\u2501\u2501\u2501\u2501\u2501\u2501\u2501\u2501\u2501 252.0/252.0 kB 1.8 MB/s eta 0:00:00\n[327771ee-d9a3-48c4-9e60-2c51d4738726/check_packaging]   | listing git files failed - pretending there aren't any\n[327771ee-d9a3-48c4-9e60-2c51d4738726/check_packaging]   | reading manifest file 'devpi_builder.egg-info/SOURCES.txt'\n[327771ee-d9a3-48c4-9e60-2c51d4738726/check_packaging]   | reading manifest template 'MANIFEST.in'\n[327771ee-d9a3-48c4-9e60-2c51d4738726/check_packaging]   | adding license file 'COPYING'\n[327771ee-d9a3-48c4-9e60-2c51d4738726/check_packaging]   | writing manifest file 'devpi_builder.egg-info/SOURCES.txt'\n[327771ee-d9a3-48c4-9e60-2c51d4738726/check_packaging]   | Copying devpi_builder.egg-info to build/bdist.linux-x86_64/wheel/devpi_builder-6.0.0-py3.9.egg-info\n[327771ee-d9a3-48c4-9e60-2c51d4738726/check_packaging]   | running install_scripts\n[327771ee-d9a3-48c4-9e60-2c51d4738726/check_packaging]   | creating build/bdist.linux-x86_64/wheel/devpi_builder-6.0.0.dist-info/WHEEL\n[327771ee-d9a3-48c4-9e60-2c51d4738726/test           ]   | Collecting asynctest==0.13.0 (from aiohttp==3.8.3->-r requirements.txt (line 7))\n[327771ee-d9a3-48c4-9e60-2c51d4738726/check_packaging]   | creating '/tmp/ad9c0f7e-1596-11ee-8a50-bb14de238602/blue-yonder-devpi-builder/dist/.tmp-z0jyv3uk/devpi_builder-6.0.0-py3-none-any.whl' and adding 'build/bdist.linux-x86_64/wheel' to it\n[327771ee-d9a3-48c4-9e60-2c51d4738726/check_packaging]   | adding 'devpi_builder/__init__.py'\n[327771ee-d9a3-48c4-9e60-2c51d4738726/check_packaging]   | adding 'devpi_builder/cli.py'\n[327771ee-d9a3-48c4-9e60-2c51d4738726/check_packaging]   | adding 'devpi_builder/requirements.py'\n[327771ee-d9a3-48c4-9e60-2c51d4738726/check_packaging]   | adding 'devpi_builder/wheeler.py'\n[327771ee-d9a3-48c4-9e60-2c51d4738726/check_packaging]   | adding 'devpi_builder-6.0.0.dist-info/COPYING'\n[327771ee-d9a3-48c4-9e60-2c51d4738726/check_packaging]   | adding 'devpi_builder-6.0.0.dist-info/METADATA'\n[327771ee-d9a3-48c4-9e60-2c51d4738726/check_packaging]   | adding 'devpi_builder-6.0.0.dist-info/WHEEL'\n[327771ee-d9a3-48c4-9e60-2c51d4738726/check_packaging]   | adding 'devpi_builder-6.0.0.dist-info/entry_points.txt'\n[327771ee-d9a3-48c4-9e60-2c51d4738726/check_packaging]   | adding 'devpi_builder-6.0.0.dist-info/top_level.txt'\n[327771ee-d9a3-48c4-9e60-2c51d4738726/check_packaging]   | adding 'devpi_builder-6.0.0.dist-info/RECORD'\n[327771ee-d9a3-48c4-9e60-2c51d4738726/check_packaging]   | removing build/bdist.linux-x86_64/wheel\n[327771ee-d9a3-48c4-9e60-2c51d4738726/test           ]   |   Downloading asynctest-0.13.0-py3-none-any.whl (26 kB)\n[327771ee-d9a3-48c4-9e60-2c51d4738726/check_packaging]   | Successfully built devpi-builder-6.0.0.tar.gz and devpi_builder-6.0.0-py3-none-any.whl\n[327771ee-d9a3-48c4-9e60-2c51d4738726/test           ]   | Collecting typing-extensions>=3.7.4 (from aiohttp==3.8.3->-r requirements.txt (line 7))\n[327771ee-d9a3-48c4-9e60-2c51d4738726/test           ]   |   Downloading typing_extensions-4.6.3-py3-none-any.whl (31 kB)\n[327771ee-d9a3-48c4-9e60-2c51d4738726/test           ]   | Collecting importlib-metadata>=0.22 (from build==0.8.0->-r requirements.txt (line 27))\n[327771ee-d9a3-48c4-9e60-2c51d4738726/test           ]   |   Downloading importlib_metadata-6.7.0-py3-none-any.whl (22 kB)\n[327771ee-d9a3-48c4-9e60-2c51d4738726/check_packaging]   | Checking dist/devpi_builder-6.0.0-py3-none-any.whl: \u001b[32mPASSED\u001b[0m\n[327771ee-d9a3-48c4-9e60-2c51d4738726/test           ]   | Requirement already satisfied: setuptools in /opt/hostedtoolcache/Python/3.7.11/x64/lib/python3.7/site-packages (from check-manifest==0.48->-r requirements.txt (line 37)) (47.1.0)\n[327771ee-d9a3-48c4-9e60-2c51d4738726/check_packaging]   | Checking dist/devpi-builder-6.0.0.tar.gz: \u001b[32mPASSED\u001b[0m\n[327771ee-d9a3-48c4-9e60-2c51d4738726/check_packaging]   \u2705  Success - Main Verify packaging\n[327771ee-d9a3-48c4-9e60-2c51d4738726/check_packaging] \u2b50 Run Post Set up Python \n[327771ee-d9a3-48c4-9e60-2c51d4738726/check_packaging]   \ud83d\udc33  docker exec cmd=[node /var/run/act/actions/actions-setup-python@v4/dist/cache-save/index.js] user= workdir=\n[327771ee-d9a3-48c4-9e60-2c51d4738726/test           ]   | Collecting zipp (from pep517==0.12.0->-r requirements.txt (line 104))\n[327771ee-d9a3-48c4-9e60-2c51d4738726/test           ]   |   Downloading zipp-3.15.0-py3-none-any.whl (6.8 kB)\n[327771ee-d9a3-48c4-9e60-2c51d4738726/test           ]   | Collecting ruamel.yaml.clib>=0.2.6 (from ruamel-yaml==0.17.21->-r requirements.txt (line 158))\n[327771ee-d9a3-48c4-9e60-2c51d4738726/test           ]   |   Downloading ruamel.yaml.clib-0.2.7-cp37-cp37m-manylinux_2_17_x86_64.manylinux2014_x86_64.manylinux_2_24_x86_64.whl (500 kB)\n[327771ee-d9a3-48c4-9e60-2c51d4738726/test           ]   |      \u2501\u2501\u2501\u2501\u2501\u2501\u2501\u2501\u2501\u2501\u2501\u2501\u2501\u2501\u2501\u2501\u2501\u2501\u2501\u2501\u2501\u2501\u2501\u2501\u2501\u2501\u2501\u2501\u2501\u2501\u2501\u2501\u2501\u2501\u2501\u2501\u2501\u2501\u2501 500.1/500.1 kB 5.6 MB/s eta 0:00:00\n[327771ee-d9a3-48c4-9e60-2c51d4738726/test           ]   | Building wheels for collected packages: strictyaml, twitter-common-contextutil, twitter-common-dirutil, twitter-common-lang\n[327771ee-d9a3-48c4-9e60-2c51d4738726/test           ]   |   Building wheel for strictyaml (pyproject.toml): started\n[327771ee-d9a3-48c4-9e60-2c51d4738726/test           ]   |   Building wheel for strictyaml (pyproject.toml): finished with status 'done'\n[327771ee-d9a3-48c4-9e60-2c51d4738726/test           ]   |   Created wheel for strictyaml: filename=strictyaml-1.6.1-py3-none-any.whl size=123917 sha256=0e9629487517bb3bf565668e07d8aeb446dc6c38560afcd192d0c2abf836b14e\n[327771ee-d9a3-48c4-9e60-2c51d4738726/test           ]   |   Stored in directory: /home/runneradmin/.cache/pip/wheels/3e/7f/3a/d36577e71e78a8e7f89a6a263c03dd39e3f876e74d1ebb051b\n[327771ee-d9a3-48c4-9e60-2c51d4738726/test           ]   |   Building wheel for twitter-common-contextutil (pyproject.toml): started\n[327771ee-d9a3-48c4-9e60-2c51d4738726/test           ]   |   Building wheel for twitter-common-contextutil (pyproject.toml): finished with status 'done'\n[327771ee-d9a3-48c4-9e60-2c51d4738726/test           ]   |   Created wheel for twitter-common-contextutil: filename=twitter.common.contextutil-0.3.11-py3-none-any.whl size=4919 sha256=339cd03caa791136574433c8e26f03c19de9045238f78b8d8e2e07d0902891c0\n[327771ee-d9a3-48c4-9e60-2c51d4738726/test           ]   |   Stored in directory: /home/runneradmin/.cache/pip/wheels/9c/a5/a4/6a9f2054dea6adcec9dc566621f5790cd6db6635efc458b0e3\n[327771ee-d9a3-48c4-9e60-2c51d4738726/test           ]   |   Building wheel for twitter-common-dirutil (pyproject.toml): started\n[327771ee-d9a3-48c4-9e60-2c51d4738726/test           ]   |   Building wheel for twitter-common-dirutil (pyproject.toml): finished with status 'done'\n[327771ee-d9a3-48c4-9e60-2c51d4738726/test           ]   |   Created wheel for twitter-common-dirutil: filename=twitter.common.dirutil-0.3.11-py3-none-any.whl size=12953 sha256=239cbf5c6ed961b2338eec8a96c85d7c414b81ed8d9cbca9c583aa1e34dc7f9e\n[327771ee-d9a3-48c4-9e60-2c51d4738726/test           ]   |   Stored in directory: /home/runneradmin/.cache/pip/wheels/38/c1/a4/894ab5b52b779bbc4be98dfae050290dba1cd5cc2d36ed1d7b\n[327771ee-d9a3-48c4-9e60-2c51d4738726/test           ]   |   Building wheel for twitter-common-lang (pyproject.toml): started\n[327771ee-d9a3-48c4-9e60-2c51d4738726/test           ]   |   Building wheel for twitter-common-lang (pyproject.toml): finished with status 'done'\n[327771ee-d9a3-48c4-9e60-2c51d4738726/test           ]   |   Created wheel for twitter-common-lang: filename=twitter.common.lang-0.3.11-py3-none-any.whl size=4839 sha256=540fffc3158cfbe345ad5518265df4306701d7368a1bf8e29839d19c7a262a1f\n[327771ee-d9a3-48c4-9e60-2c51d4738726/test           ]   |   Stored in directory: /home/runneradmin/.cache/pip/wheels/b5/b3/71/efbe379db973c0a73d9576fcb17d4b28cbf82cbf33eb7fd20a\n[327771ee-d9a3-48c4-9e60-2c51d4738726/test           ]   | Successfully built strictyaml twitter-common-contextutil twitter-common-dirutil twitter-common-lang\n[327771ee-d9a3-48c4-9e60-2c51d4738726/test           ]   | Installing collected packages: webencodings, twitter-common-lang, translationstring, repoze-lru, pkginfo, passlib, lazy, iniconfig, distlib, zope-interface, zope-deprecation, zipp, wheel-filename, wheel, webob, waitress, venusian, urllib3, typing-extensions, twitter-common-dirutil, tomli, toml, six, ruamel.yaml.clib, pyparsing, pygments, pycparser, py, platformdirs, plaster, pastedeploy, multidict, mock, itsdangerous, idna, hupper, frozenlist, filelock, entry-points-txt, docutils, defusedxml, coverage, charset-normalizer, certifi, attrs, asynctest, yarl, twitter-common-contextutil, ruamel-yaml, requests, python-dateutil, plaster-pastedeploy, packaging, junit-xml, importlib-metadata, headerparser, cffi, bleach, async-timeout, aiosignal, virtualenv, strictyaml, setuptools-scm, readme-renderer, pyramid, pluggy, pep517, devpi-common, argon2-cffi-bindings, aiohttp, wheel-inspect, tox, pytest, build, argon2-cffi, pytest-mock, pytest-cov, check-manifest, devpi-server, devpi-client, devpi-plumber\n[327771ee-d9a3-48c4-9e60-2c51d4738726/check_packaging]   \u2705  Success - Post Set up Python \n[327771ee-d9a3-48c4-9e60-2c51d4738726/check_packaging] \ud83c\udfc1  Job succeeded\n[327771ee-d9a3-48c4-9e60-2c51d4738726/test           ]   | Successfully installed aiohttp-3.8.3 aiosignal-1.2.0 argon2-cffi-21.3.0 argon2-cffi-bindings-21.2.0 async-timeout-4.0.2 asynctest-0.13.0 attrs-21.4.0 bleach-5.0.1 build-0.8.0 certifi-2022.12.7 cffi-1.15.0 charset-normalizer-2.0.12 check-manifest-0.48 coverage-6.4.1 defusedxml-0.7.1 devpi-client-5.2.3 devpi-common-3.6.0 devpi-plumber-0.6.0 devpi-server-6.5.1 distlib-0.3.4 docutils-0.19 entry-points-txt-0.1.0 filelock-3.7.1 frozenlist-1.3.3 headerparser-0.4.0 hupper-1.10.3 idna-3.3 importlib-metadata-6.7.0 iniconfig-1.1.1 itsdangerous-2.1.2 junit-xml-1.9 lazy-1.4 mock-4.0.3 multidict-6.0.2 packaging-21.3 passlib-1.7.4 pastedeploy-2.1.1 pep517-0.12.0 pkginfo-1.8.2 plaster-1.0 plaster-pastedeploy-0.7 platformdirs-2.5.2 pluggy-1.0.0 py-1.11.0 pycparser-2.21 pygments-2.13.0 pyparsing-3.0.9 pyramid-2.0 pytest-7.1.2 pytest-cov-3.0.0 pytest-mock-3.10.0 python-dateutil-2.8.2 readme-renderer-37.3 repoze-lru-0.7 requests-2.31.0 ruamel-yaml-0.17.21 ruamel.yaml.clib-0.2.7 setuptools-scm-6.4.2 six-1.16.0 strictyaml-1.6.1 toml-0.10.2 tomli-2.0.1 tox-3.25.0 translationstring-1.4 twitter-common-contextutil-0.3.11 twitter-common-dirutil-0.3.11 twitter-common-lang-0.3.11 typing-extensions-4.6.3 urllib3-1.26.9 venusian-3.0.0 virtualenv-20.14.1 waitress-2.1.2 webencodings-0.5.1 webob-1.8.7 wheel-0.38.4 wheel-filename-1.4.1 wheel-inspect-1.7.1 yarl-1.8.2 zipp-3.15.0 zope-deprecation-4.4.0 zope-interface-5.4.0\n[327771ee-d9a3-48c4-9e60-2c51d4738726/test           ]   | \n[327771ee-d9a3-48c4-9e60-2c51d4738726/test           ]   | [notice] A new release of pip is available: 20.1.1 -> 23.1.2\n[327771ee-d9a3-48c4-9e60-2c51d4738726/test           ]   | [notice] To update, run: pip install --upgrade pip\n[327771ee-d9a3-48c4-9e60-2c51d4738726/test           ]   | Obtaining file:///tmp/ad9c0f7e-1596-11ee-8a50-bb14de238602/blue-yonder-devpi-builder\n[327771ee-d9a3-48c4-9e60-2c51d4738726/test           ]   |   Preparing metadata (setup.py): started\n[327771ee-d9a3-48c4-9e60-2c51d4738726/test           ]   |   Preparing metadata (setup.py): finished with status 'done'\n[327771ee-d9a3-48c4-9e60-2c51d4738726/test           ]   | Installing collected packages: devpi-builder\n[327771ee-d9a3-48c4-9e60-2c51d4738726/test           ]   |   Running setup.py develop for devpi-builder\n[327771ee-d9a3-48c4-9e60-2c51d4738726/test           ]   | Successfully installed devpi-builder-6.0.0\n[327771ee-d9a3-48c4-9e60-2c51d4738726/test           ]   | \n[327771ee-d9a3-48c4-9e60-2c51d4738726/test           ]   | [notice] A new release of pip is available: 20.1.1 -> 23.1.2\n[327771ee-d9a3-48c4-9e60-2c51d4738726/test           ]   | [notice] To update, run: pip install --upgrade pip\n[327771ee-d9a3-48c4-9e60-2c51d4738726/test           ]   | Collecting coveralls\n[327771ee-d9a3-48c4-9e60-2c51d4738726/test           ]   |   Downloading coveralls-3.3.1-py2.py3-none-any.whl (14 kB)\n[327771ee-d9a3-48c4-9e60-2c51d4738726/test           ]   | Requirement already satisfied: coverage!=6.0.*,!=6.1,!=6.1.1,<7.0,>=4.1 in /opt/hostedtoolcache/Python/3.7.11/x64/lib/python3.7/site-packages (from coveralls) (6.4.1)\n[327771ee-d9a3-48c4-9e60-2c51d4738726/test           ]   | Collecting docopt>=0.6.1 (from coveralls)\n[327771ee-d9a3-48c4-9e60-2c51d4738726/test           ]   |   Downloading docopt-0.6.2.tar.gz (25 kB)\n[327771ee-d9a3-48c4-9e60-2c51d4738726/test           ]   |   Preparing metadata (setup.py): started\n[327771ee-d9a3-48c4-9e60-2c51d4738726/test           ]   |   Preparing metadata (setup.py): finished with status 'done'\n[327771ee-d9a3-48c4-9e60-2c51d4738726/test           ]   | Requirement already satisfied: requests>=1.0.0 in /opt/hostedtoolcache/Python/3.7.11/x64/lib/python3.7/site-packages (from coveralls) (2.31.0)\n[327771ee-d9a3-48c4-9e60-2c51d4738726/test           ]   | Requirement already satisfied: charset-normalizer<4,>=2 in /opt/hostedtoolcache/Python/3.7.11/x64/lib/python3.7/site-packages (from requests>=1.0.0->coveralls) (2.0.12)\n[327771ee-d9a3-48c4-9e60-2c51d4738726/test           ]   | Requirement already satisfied: idna<4,>=2.5 in /opt/hostedtoolcache/Python/3.7.11/x64/lib/python3.7/site-packages (from requests>=1.0.0->coveralls) (3.3)\n[327771ee-d9a3-48c4-9e60-2c51d4738726/test           ]   | Requirement already satisfied: urllib3<3,>=1.21.1 in /opt/hostedtoolcache/Python/3.7.11/x64/lib/python3.7/site-packages (from requests>=1.0.0->coveralls) (1.26.9)\n[327771ee-d9a3-48c4-9e60-2c51d4738726/test           ]   | Requirement already satisfied: certifi>=2017.4.17 in /opt/hostedtoolcache/Python/3.7.11/x64/lib/python3.7/site-packages (from requests>=1.0.0->coveralls) (2022.12.7)\n[327771ee-d9a3-48c4-9e60-2c51d4738726/test           ]   | Building wheels for collected packages: docopt\n[327771ee-d9a3-48c4-9e60-2c51d4738726/test           ]   |   Building wheel for docopt (setup.py): started\n[327771ee-d9a3-48c4-9e60-2c51d4738726/test           ]   |   Building wheel for docopt (setup.py): finished with status 'done'\n[327771ee-d9a3-48c4-9e60-2c51d4738726/test           ]   |   Created wheel for docopt: filename=docopt-0.6.2-py2.py3-none-any.whl size=13705 sha256=135eeabdae4106340c580bc1b9bba5d487e11ba78eda76a97360e35373e36b8f\n[327771ee-d9a3-48c4-9e60-2c51d4738726/test           ]   |   Stored in directory: /home/runneradmin/.cache/pip/wheels/72/b0/3f/1d95f96ff986c7dfffe46ce2be4062f38ebd04b506c77c81b9\n[327771ee-d9a3-48c4-9e60-2c51d4738726/test           ]   | Successfully built docopt\n[327771ee-d9a3-48c4-9e60-2c51d4738726/test           ]   | Installing collected packages: docopt, coveralls\n[327771ee-d9a3-48c4-9e60-2c51d4738726/test           ]   | Successfully installed coveralls-3.3.1 docopt-0.6.2\n[327771ee-d9a3-48c4-9e60-2c51d4738726/test           ]   | \n[327771ee-d9a3-48c4-9e60-2c51d4738726/test           ]   | [notice] A new release of pip is available: 20.1.1 -> 23.1.2\n[327771ee-d9a3-48c4-9e60-2c51d4738726/test           ]   | [notice] To update, run: pip install --upgrade pip\n[327771ee-d9a3-48c4-9e60-2c51d4738726/test           ]   | aiohttp==3.8.3\n[327771ee-d9a3-48c4-9e60-2c51d4738726/test           ]   | aiosignal==1.2.0\n[327771ee-d9a3-48c4-9e60-2c51d4738726/test           ]   | argon2-cffi==21.3.0\n[327771ee-d9a3-48c4-9e60-2c51d4738726/test           ]   | argon2-cffi-bindings==21.2.0\n[327771ee-d9a3-48c4-9e60-2c51d4738726/test           ]   | async-timeout==4.0.2\n[327771ee-d9a3-48c4-9e60-2c51d4738726/test           ]   | asynctest==0.13.0\n[327771ee-d9a3-48c4-9e60-2c51d4738726/test           ]   | attrs==21.4.0\n[327771ee-d9a3-48c4-9e60-2c51d4738726/test           ]   | bleach==5.0.1\n[327771ee-d9a3-48c4-9e60-2c51d4738726/test           ]   | build==0.8.0\n[327771ee-d9a3-48c4-9e60-2c51d4738726/test           ]   | certifi==2022.12.7\n[327771ee-d9a3-48c4-9e60-2c51d4738726/test           ]   | cffi==1.15.0\n[327771ee-d9a3-48c4-9e60-2c51d4738726/test           ]   | charset-normalizer==2.0.12\n[327771ee-d9a3-48c4-9e60-2c51d4738726/test           ]   | check-manifest==0.48\n[327771ee-d9a3-48c4-9e60-2c51d4738726/test           ]   | coverage==6.4.1\n[327771ee-d9a3-48c4-9e60-2c51d4738726/test           ]   | coveralls==3.3.1\n[327771ee-d9a3-48c4-9e60-2c51d4738726/test           ]   | defusedxml==0.7.1\n[327771ee-d9a3-48c4-9e60-2c51d4738726/test           ]   | -e git+https://github.com/blue-yonder/devpi-builder.git@302bcafb3e41c813de4cdf30cb826fa20daaf7cf#egg=devpi_builder\n[327771ee-d9a3-48c4-9e60-2c51d4738726/test           ]   | devpi-client==5.2.3\n[327771ee-d9a3-48c4-9e60-2c51d4738726/test           ]   | devpi-common==3.6.0\n[327771ee-d9a3-48c4-9e60-2c51d4738726/test           ]   | devpi-plumber==0.6.0\n[327771ee-d9a3-48c4-9e60-2c51d4738726/test           ]   | devpi-server==6.5.1\n[327771ee-d9a3-48c4-9e60-2c51d4738726/test           ]   | distlib==0.3.4\n[327771ee-d9a3-48c4-9e60-2c51d4738726/test           ]   | docopt==0.6.2\n[327771ee-d9a3-48c4-9e60-2c51d4738726/test           ]   | docutils==0.19\n[327771ee-d9a3-48c4-9e60-2c51d4738726/test           ]   | entry-points-txt==0.1.0\n[327771ee-d9a3-48c4-9e60-2c51d4738726/test           ]   | filelock==3.7.1\n[327771ee-d9a3-48c4-9e60-2c51d4738726/test           ]   | frozenlist==1.3.3\n[327771ee-d9a3-48c4-9e60-2c51d4738726/test           ]   | headerparser==0.4.0\n[327771ee-d9a3-48c4-9e60-2c51d4738726/test           ]   | hupper==1.10.3\n[327771ee-d9a3-48c4-9e60-2c51d4738726/test           ]   | idna==3.3\n[327771ee-d9a3-48c4-9e60-2c51d4738726/test           ]   | importlib-metadata==6.7.0\n[327771ee-d9a3-48c4-9e60-2c51d4738726/test           ]   | iniconfig==1.1.1\n[327771ee-d9a3-48c4-9e60-2c51d4738726/test           ]   | itsdangerous==2.1.2\n[327771ee-d9a3-48c4-9e60-2c51d4738726/test           ]   | junit-xml==1.9\n[327771ee-d9a3-48c4-9e60-2c51d4738726/test           ]   | lazy==1.4\n[327771ee-d9a3-48c4-9e60-2c51d4738726/test           ]   | mock==4.0.3\n[327771ee-d9a3-48c4-9e60-2c51d4738726/test           ]   | multidict==6.0.2\n[327771ee-d9a3-48c4-9e60-2c51d4738726/test           ]   | packaging==21.3\n[327771ee-d9a3-48c4-9e60-2c51d4738726/test           ]   | passlib==1.7.4\n[327771ee-d9a3-48c4-9e60-2c51d4738726/test           ]   | PasteDeploy==2.1.1\n[327771ee-d9a3-48c4-9e60-2c51d4738726/test           ]   | pep517==0.12.0\n[327771ee-d9a3-48c4-9e60-2c51d4738726/test           ]   | pkginfo==1.8.2\n[327771ee-d9a3-48c4-9e60-2c51d4738726/test           ]   | plaster==1.0\n[327771ee-d9a3-48c4-9e60-2c51d4738726/test           ]   | plaster-pastedeploy==0.7\n[327771ee-d9a3-48c4-9e60-2c51d4738726/test           ]   | platformdirs==2.5.2\n[327771ee-d9a3-48c4-9e60-2c51d4738726/test           ]   | pluggy==1.0.0\n[327771ee-d9a3-48c4-9e60-2c51d4738726/test           ]   | py==1.11.0\n[327771ee-d9a3-48c4-9e60-2c51d4738726/test           ]   | pycparser==2.21\n[327771ee-d9a3-48c4-9e60-2c51d4738726/test           ]   | Pygments==2.13.0\n[327771ee-d9a3-48c4-9e60-2c51d4738726/test           ]   | pyparsing==3.0.9\n[327771ee-d9a3-48c4-9e60-2c51d4738726/test           ]   | pyramid==2.0\n[327771ee-d9a3-48c4-9e60-2c51d4738726/test           ]   | pytest==7.1.2\n[327771ee-d9a3-48c4-9e60-2c51d4738726/test           ]   | pytest-cov==3.0.0\n[327771ee-d9a3-48c4-9e60-2c51d4738726/test           ]   | pytest-mock==3.10.0\n[327771ee-d9a3-48c4-9e60-2c51d4738726/test           ]   | python-dateutil==2.8.2\n[327771ee-d9a3-48c4-9e60-2c51d4738726/test           ]   | readme-renderer==37.3\n[327771ee-d9a3-48c4-9e60-2c51d4738726/test           ]   | repoze.lru==0.7\n[327771ee-d9a3-48c4-9e60-2c51d4738726/test           ]   | requests==2.31.0\n[327771ee-d9a3-48c4-9e60-2c51d4738726/test           ]   | ruamel.yaml==0.17.21\n[327771ee-d9a3-48c4-9e60-2c51d4738726/test           ]   | ruamel.yaml.clib==0.2.7\n[327771ee-d9a3-48c4-9e60-2c51d4738726/test           ]   | setuptools-scm==6.4.2\n[327771ee-d9a3-48c4-9e60-2c51d4738726/test           ]   | six==1.16.0\n[327771ee-d9a3-48c4-9e60-2c51d4738726/test           ]   | strictyaml==1.6.1\n[327771ee-d9a3-48c4-9e60-2c51d4738726/test           ]   | toml==0.10.2\n[327771ee-d9a3-48c4-9e60-2c51d4738726/test           ]   | tomli==2.0.1\n[327771ee-d9a3-48c4-9e60-2c51d4738726/test           ]   | tox==3.25.0\n[327771ee-d9a3-48c4-9e60-2c51d4738726/test           ]   | translationstring==1.4\n[327771ee-d9a3-48c4-9e60-2c51d4738726/test           ]   | twitter.common.contextutil==0.3.11\n[327771ee-d9a3-48c4-9e60-2c51d4738726/test           ]   | twitter.common.dirutil==0.3.11\n[327771ee-d9a3-48c4-9e60-2c51d4738726/test           ]   | twitter.common.lang==0.3.11\n[327771ee-d9a3-48c4-9e60-2c51d4738726/test           ]   | typing_extensions==4.6.3\n[327771ee-d9a3-48c4-9e60-2c51d4738726/test           ]   | urllib3==1.26.9\n[327771ee-d9a3-48c4-9e60-2c51d4738726/test           ]   | venusian==3.0.0\n[327771ee-d9a3-48c4-9e60-2c51d4738726/test           ]   | virtualenv==20.14.1\n[327771ee-d9a3-48c4-9e60-2c51d4738726/test           ]   | waitress==2.1.2\n[327771ee-d9a3-48c4-9e60-2c51d4738726/test           ]   | webencodings==0.5.1\n[327771ee-d9a3-48c4-9e60-2c51d4738726/test           ]   | WebOb==1.8.7\n[327771ee-d9a3-48c4-9e60-2c51d4738726/test           ]   | wheel-filename==1.4.1\n[327771ee-d9a3-48c4-9e60-2c51d4738726/test           ]   | wheel-inspect==1.7.1\n[327771ee-d9a3-48c4-9e60-2c51d4738726/test           ]   | yarl==1.8.2\n[327771ee-d9a3-48c4-9e60-2c51d4738726/test           ]   | zipp==3.15.0\n[327771ee-d9a3-48c4-9e60-2c51d4738726/test           ]   | zope.deprecation==4.4.0\n[327771ee-d9a3-48c4-9e60-2c51d4738726/test           ]   | zope.interface==5.4.0\n[327771ee-d9a3-48c4-9e60-2c51d4738726/test           ]   | pip 23.1.2 from /opt/hostedtoolcache/Python/3.7.11/x64/lib/python3.7/site-packages/pip (python 3.7)\n[327771ee-d9a3-48c4-9e60-2c51d4738726/test           ]   | setuptools==47.1.0\n[327771ee-d9a3-48c4-9e60-2c51d4738726/test           ]   \u2705  Success - Main Install dependencies\n[327771ee-d9a3-48c4-9e60-2c51d4738726/test           ] \u2b50 Run Main Test with pytest\n[327771ee-d9a3-48c4-9e60-2c51d4738726/test           ]   \ud83d\udc33  docker exec cmd=[bash --noprofile --norc -e -o pipefail /var/run/act/workflow/3] user= workdir=\n[327771ee-d9a3-48c4-9e60-2c51d4738726/test           ]   | ============================= test session starts ==============================\n[327771ee-d9a3-48c4-9e60-2c51d4738726/test           ]   | platform linux -- Python 3.7.11, pytest-7.1.2, pluggy-1.0.0\n[327771ee-d9a3-48c4-9e60-2c51d4738726/test           ]   | rootdir: /tmp/ad9c0f7e-1596-11ee-8a50-bb14de238602/blue-yonder-devpi-builder, configfile: setup.cfg\n[327771ee-d9a3-48c4-9e60-2c51d4738726/test           ]   | plugins: mock-3.10.0, devpi-server-6.5.1, cov-3.0.0\n[327771ee-d9a3-48c4-9e60-2c51d4738726/test           ]   | collected 34 items\n[327771ee-d9a3-48c4-9e60-2c51d4738726/test           ]   | \n[327771ee-d9a3-48c4-9e60-2c51d4738726/test           ]   | tests/test_cli.py ................                                       [ 47%]\n[327771ee-d9a3-48c4-9e60-2c51d4738726/test           ]   | tests/test_requirements.py ........                                      [ 70%]\n[327771ee-d9a3-48c4-9e60-2c51d4738726/test           ]   | tests/test_wheeler.py ..........                                         [100%]\n[327771ee-d9a3-48c4-9e60-2c51d4738726/test           ]   | \n[327771ee-d9a3-48c4-9e60-2c51d4738726/test           ]   | =============================== warnings summary ===============================\n[327771ee-d9a3-48c4-9e60-2c51d4738726/test           ]   | tests/test_cli.py:29\n[327771ee-d9a3-48c4-9e60-2c51d4738726/test           ]   |   /tmp/ad9c0f7e-1596-11ee-8a50-bb14de238602/blue-yonder-devpi-builder/tests/test_cli.py:29: PytestDeprecationWarning: @pytest.yield_fixture is deprecated.\n[327771ee-d9a3-48c4-9e60-2c51d4738726/test           ]   |   Use @pytest.fixture instead; they are the same.\n[327771ee-d9a3-48c4-9e60-2c51d4738726/test           ]   |     @pytest.yield_fixture()\n[327771ee-d9a3-48c4-9e60-2c51d4738726/test           ]   | \n[327771ee-d9a3-48c4-9e60-2c51d4738726/test           ]   | tests/test_cli.py::test_reports_junit_xml\n[327771ee-d9a3-48c4-9e60-2c51d4738726/test           ]   | tests/test_cli.py::test_handles_non_ascii_build_output\n[327771ee-d9a3-48c4-9e60-2c51d4738726/test           ]   | tests/test_cli.py::test_run_id\n[327771ee-d9a3-48c4-9e60-2c51d4738726/test           ]   | tests/test_cli.py::test_dry_run\n[327771ee-d9a3-48c4-9e60-2c51d4738726/test           ]   |   /opt/hostedtoolcache/Python/3.7.11/x64/lib/python3.7/site-packages/junit_xml/__init__.py:270: DeprecationWarning: Testsuite.to_file is deprecated. It will be removed in version 2.0.0. Use function to_xml_report_file\n[327771ee-d9a3-48c4-9e60-2c51d4738726/test           ]   |     DeprecationWarning,\n[327771ee-d9a3-48c4-9e60-2c51d4738726/test           ]   | \n[327771ee-d9a3-48c4-9e60-2c51d4738726/test           ]   | -- Docs: https://docs.pytest.org/en/stable/how-to/capture-warnings.html\n[327771ee-d9a3-48c4-9e60-2c51d4738726/test           ]   | - generated xml file: /tmp/ad9c0f7e-1596-11ee-8a50-bb14de238602/blue-yonder-devpi-builder/report.xml -\n[327771ee-d9a3-48c4-9e60-2c51d4738726/test           ]   | \n[327771ee-d9a3-48c4-9e60-2c51d4738726/test           ]   | \n[327771ee-d9a3-48c4-9e60-2c51d4738726/test           ]   | ================== 34 passed, 5 warnings in 207.70s (0:03:27) ==================\n[327771ee-d9a3-48c4-9e60-2c51d4738726/test           ]   \u2705  Success - Main Test with pytest\n[327771ee-d9a3-48c4-9e60-2c51d4738726/test           ] \u2b50 Run Main Upload coverage data\n[327771ee-d9a3-48c4-9e60-2c51d4738726/test           ]   \ud83d\udc33  docker exec cmd=[bash --noprofile --norc -e -o pipefail /var/run/act/workflow/4] user= workdir=\n[327771ee-d9a3-48c4-9e60-2c51d4738726/test           ]   | Submitting coverage to coveralls.io...\n[327771ee-d9a3-48c4-9e60-2c51d4738726/test           ]   | resubmitting with id None\n[327771ee-d9a3-48c4-9e60-2c51d4738726/test           ]   | Could not submit coverage: 422 Client Error: Unprocessable Entity for url: https://coveralls.io/api/v1/jobs\n[327771ee-d9a3-48c4-9e60-2c51d4738726/test           ]   | Traceback (most recent call last):\n[327771ee-d9a3-48c4-9e60-2c51d4738726/test           ]   |   File \"/opt/hostedtoolcache/Python/3.7.11/x64/lib/python3.7/site-packages/coveralls/api.py\", line 290, in submit_report\n[327771ee-d9a3-48c4-9e60-2c51d4738726/test           ]   |     response.raise_for_status()\n[327771ee-d9a3-48c4-9e60-2c51d4738726/test           ]   |   File \"/opt/hostedtoolcache/Python/3.7.11/x64/lib/python3.7/site-packages/requests/models.py\", line 1021, in raise_for_status\n[327771ee-d9a3-48c4-9e60-2c51d4738726/test           ]   |     raise HTTPError(http_error_msg, response=self)\n[327771ee-d9a3-48c4-9e60-2c51d4738726/test           ]   | requests.exceptions.HTTPError: 422 Client Error: Unprocessable Entity for url: https://coveralls.io/api/v1/jobs\n[327771ee-d9a3-48c4-9e60-2c51d4738726/test           ]   | \n[327771ee-d9a3-48c4-9e60-2c51d4738726/test           ]   | The above exception was the direct cause of the following exception:\n[327771ee-d9a3-48c4-9e60-2c51d4738726/test           ]   | \n[327771ee-d9a3-48c4-9e60-2c51d4738726/test           ]   | Traceback (most recent call last):\n[327771ee-d9a3-48c4-9e60-2c51d4738726/test           ]   |   File \"/opt/hostedtoolcache/Python/3.7.11/x64/lib/python3.7/site-packages/coveralls/cli.py\", line 95, in main\n[327771ee-d9a3-48c4-9e60-2c51d4738726/test           ]   |     result = coverallz.wear()\n[327771ee-d9a3-48c4-9e60-2c51d4738726/test           ]   |   File \"/opt/hostedtoolcache/Python/3.7.11/x64/lib/python3.7/site-packages/coveralls/api.py\", line 257, in wear\n[327771ee-d9a3-48c4-9e60-2c51d4738726/test           ]   |     return self.submit_report(json_string)\n[327771ee-d9a3-48c4-9e60-2c51d4738726/test           ]   |   File \"/opt/hostedtoolcache/Python/3.7.11/x64/lib/python3.7/site-packages/coveralls/api.py\", line 294, in submit_report\n[327771ee-d9a3-48c4-9e60-2c51d4738726/test           ]   |     'Could not submit coverage: {}'.format(e)) from e\n[327771ee-d9a3-48c4-9e60-2c51d4738726/test           ]   | coveralls.exception.CoverallsException: Could not submit coverage: 422 Client Error: Unprocessable Entity for url: https://coveralls.io/api/v1/jobs\n[327771ee-d9a3-48c4-9e60-2c51d4738726/test           ]   \u274c  Failure - Main Upload coverage data\n[327771ee-d9a3-48c4-9e60-2c51d4738726/test           ] exitcode '1': failure\n[327771ee-d9a3-48c4-9e60-2c51d4738726/test           ] \ud83c\udfc1  Job failed\n",
        "stderr": "Error: Job 'test' failed\n",
        "workflow": "/tmp/ad9c0f7e-1596-11ee-8a50-bb14de238602/blue-yonder-devpi-builder/.github/workflows/tests-crawler.yml",
        "build_tool": "pytest",
        "elapsed_time": 377.1954536437988
    }
}