{
    "repository": "criteo/tf-yarn",
    "stars": 86,
    "language": "python",
    "size": 852,
    "clone_url": "https://github.com/criteo/tf-yarn.git",
    "timestamp": "2023-07-01T12:43:24.714975Z",
    "clone_success": true,
    "number_of_actions": 1,
    "number_of_test_actions": 1,
    "actions_successful": true,
    "actions_build_tools": [
        "pytest"
    ],
    "actions_test_build_tools": [
        "pytest"
    ],
    "actions_run": {
        "failed": false,
        "tests": [
            {
                "classname": "tests.test__internal",
                "name": "test_monitored_thread",
                "time": 0.001,
                "results": [
                    {
                        "result": "Passed",
                        "message": "",
                        "type": ""
                    }
                ],
                "stdout": null,
                "stderr": null
            },
            {
                "classname": "tests.test__internal",
                "name": "test_reserve_sock_addr",
                "time": 0.001,
                "results": [
                    {
                        "result": "Passed",
                        "message": "",
                        "type": ""
                    }
                ],
                "stdout": null,
                "stderr": null
            },
            {
                "classname": "tests.test__internal",
                "name": "test_xset_environ",
                "time": 0.001,
                "results": [
                    {
                        "result": "Passed",
                        "message": "",
                        "type": ""
                    }
                ],
                "stdout": null,
                "stderr": null
            },
            {
                "classname": "tests.test__internal",
                "name": "test_xset_environ_failure",
                "time": 0.001,
                "results": [
                    {
                        "result": "Passed",
                        "message": "",
                        "type": ""
                    }
                ],
                "stdout": null,
                "stderr": null
            },
            {
                "classname": "tests.test__task_commons",
                "name": "test__get_experiment_object",
                "time": 0.003,
                "results": [
                    {
                        "result": "Passed",
                        "message": "",
                        "type": ""
                    }
                ],
                "stdout": null,
                "stderr": null
            },
            {
                "classname": "tests.test__task_commons",
                "name": "test__get_experiment_exception",
                "time": 0.004,
                "results": [
                    {
                        "result": "Passed",
                        "message": "",
                        "type": ""
                    }
                ],
                "stdout": null,
                "stderr": null
            },
            {
                "classname": "tests.test__task_commons",
                "name": "test_choose_master_rank_0",
                "time": 0.002,
                "results": [
                    {
                        "result": "Passed",
                        "message": "",
                        "type": ""
                    }
                ],
                "stdout": null,
                "stderr": null
            },
            {
                "classname": "tests.test__task_commons",
                "name": "test_choose_master",
                "time": 0.001,
                "results": [
                    {
                        "result": "Passed",
                        "message": "",
                        "type": ""
                    }
                ],
                "stdout": null,
                "stderr": null
            },
            {
                "classname": "tests.test_client",
                "name": "test_setup_cluster_spec[tasks_instances0-expected_spec0]",
                "time": 0.002,
                "results": [
                    {
                        "result": "Passed",
                        "message": "",
                        "type": ""
                    }
                ],
                "stdout": null,
                "stderr": null
            },
            {
                "classname": "tests.test_client",
                "name": "test_setup_cluster_spec[tasks_instances1-expected_spec1]",
                "time": 0.002,
                "results": [
                    {
                        "result": "Passed",
                        "message": "",
                        "type": ""
                    }
                ],
                "stdout": null,
                "stderr": null
            },
            {
                "classname": "tests.test_client",
                "name": "test_setup_cluster_spec[tasks_instances2-expected_spec2]",
                "time": 0.001,
                "results": [
                    {
                        "result": "Passed",
                        "message": "",
                        "type": ""
                    }
                ],
                "stdout": null,
                "stderr": null
            },
            {
                "classname": "tests.test_client",
                "name": "test_setup_cluster_spec[tasks_instances3-expected_spec3]",
                "time": 0.001,
                "results": [
                    {
                        "result": "Passed",
                        "message": "",
                        "type": ""
                    }
                ],
                "stdout": null,
                "stderr": null
            },
            {
                "classname": "tests.test_client",
                "name": "test_setup_cluster_spec[tasks_instances4-expected_spec4]",
                "time": 0.001,
                "results": [
                    {
                        "result": "Passed",
                        "message": "",
                        "type": ""
                    }
                ],
                "stdout": null,
                "stderr": null
            },
            {
                "classname": "tests.test_client",
                "name": "test_setup_to_use_cuda_archive",
                "time": 0.0,
                "results": [
                    {
                        "result": "Passed",
                        "message": "",
                        "type": ""
                    }
                ],
                "stdout": null,
                "stderr": null
            },
            {
                "classname": "tests.test_client",
                "name": "test_setup_to_use_cuda_archive_without_env",
                "time": 0.001,
                "results": [
                    {
                        "result": "Passed",
                        "message": "",
                        "type": ""
                    }
                ],
                "stdout": null,
                "stderr": null
            },
            {
                "classname": "tests.test_client",
                "name": "test_kill_skein_on_exception",
                "time": 1.176,
                "results": [
                    {
                        "result": "Passed",
                        "message": "",
                        "type": ""
                    }
                ],
                "stdout": null,
                "stderr": null
            },
            {
                "classname": "tests.test_client",
                "name": "test_get_safe_experiment_fn",
                "time": 0.004,
                "results": [
                    {
                        "result": "Passed",
                        "message": "",
                        "type": ""
                    }
                ],
                "stdout": null,
                "stderr": null
            },
            {
                "classname": "tests.test_client",
                "name": "test_get_safe_keras_experiment_fn",
                "time": 0.076,
                "results": [
                    {
                        "result": "Passed",
                        "message": "",
                        "type": ""
                    }
                ],
                "stdout": null,
                "stderr": null
            },
            {
                "classname": "tests.test_client",
                "name": "test_retry_run_on_yarn[0-0]",
                "time": 0.769,
                "results": [
                    {
                        "result": "Passed",
                        "message": "",
                        "type": ""
                    }
                ],
                "stdout": null,
                "stderr": null
            },
            {
                "classname": "tests.test_client",
                "name": "test_retry_run_on_yarn[1-0]",
                "time": 0.962,
                "results": [
                    {
                        "result": "Passed",
                        "message": "",
                        "type": ""
                    }
                ],
                "stdout": null,
                "stderr": null
            },
            {
                "classname": "tests.test_client",
                "name": "test_retry_run_on_yarn[1-1]",
                "time": 0.956,
                "results": [
                    {
                        "result": "Passed",
                        "message": "",
                        "type": ""
                    }
                ],
                "stdout": null,
                "stderr": null
            },
            {
                "classname": "tests.test_client",
                "name": "test_retry_run_on_yarn[2-2]",
                "time": 0.92,
                "results": [
                    {
                        "result": "Passed",
                        "message": "",
                        "type": ""
                    }
                ],
                "stdout": null,
                "stderr": null
            },
            {
                "classname": "tests.test_client",
                "name": "test_container_log_status",
                "time": 0.001,
                "results": [
                    {
                        "result": "Passed",
                        "message": "",
                        "type": ""
                    }
                ],
                "stdout": null,
                "stderr": null
            },
            {
                "classname": "tests.test_evaluator_metrics",
                "name": "test_log[kv_store0-last_metrics0-None-logs0]",
                "time": 0.004,
                "results": [
                    {
                        "result": "Passed",
                        "message": "",
                        "type": ""
                    }
                ],
                "stdout": null,
                "stderr": null
            },
            {
                "classname": "tests.test_evaluator_metrics",
                "name": "test_log[kv_store1-last_metrics1-None-logs1]",
                "time": 0.003,
                "results": [
                    {
                        "result": "Passed",
                        "message": "",
                        "type": ""
                    }
                ],
                "stdout": null,
                "stderr": null
            },
            {
                "classname": "tests.test_evaluator_metrics",
                "name": "test_log[kv_store2-last_metrics2-log_thresholds2-logs2]",
                "time": 0.003,
                "results": [
                    {
                        "result": "Passed",
                        "message": "",
                        "type": ""
                    }
                ],
                "stdout": null,
                "stderr": null
            },
            {
                "classname": "tests.test_evaluator_metrics",
                "name": "test_log[kv_store3-last_metrics3-log_thresholds3-logs3]",
                "time": 0.003,
                "results": [
                    {
                        "result": "Passed",
                        "message": "",
                        "type": ""
                    }
                ],
                "stdout": null,
                "stderr": null
            },
            {
                "classname": "tests.test_evaluator_metrics",
                "name": "test_log[kv_store4-last_metrics4-log_thresholds4-logs4]",
                "time": 0.003,
                "results": [
                    {
                        "result": "Passed",
                        "message": "",
                        "type": ""
                    }
                ],
                "stdout": null,
                "stderr": null
            },
            {
                "classname": "tests.test_topologies",
                "name": "test_single_server_topology",
                "time": 0.001,
                "results": [
                    {
                        "result": "Passed",
                        "message": "",
                        "type": ""
                    }
                ],
                "stdout": null,
                "stderr": null
            },
            {
                "classname": "tests.test_topologies",
                "name": "test_ps_strategy_topology",
                "time": 0.001,
                "results": [
                    {
                        "result": "Passed",
                        "message": "",
                        "type": ""
                    }
                ],
                "stdout": null,
                "stderr": null
            },
            {
                "classname": "tests.pytorch.test_model_ckpt",
                "name": "test_model_checkpointing",
                "time": 0.02,
                "results": [
                    {
                        "result": "Passed",
                        "message": "",
                        "type": ""
                    }
                ],
                "stdout": null,
                "stderr": null
            },
            {
                "classname": "tests.pytorch.tasks.test_worker",
                "name": "test_get_device",
                "time": 0.001,
                "results": [
                    {
                        "result": "Passed",
                        "message": "",
                        "type": ""
                    }
                ],
                "stdout": null,
                "stderr": null
            },
            {
                "classname": "tests.pytorch.tasks.test_worker",
                "name": "test_setup_master_rank_0",
                "time": 0.001,
                "results": [
                    {
                        "result": "Passed",
                        "message": "",
                        "type": ""
                    }
                ],
                "stdout": null,
                "stderr": null
            },
            {
                "classname": "tests.pytorch.tasks.test_worker",
                "name": "test_setup_master",
                "time": 0.001,
                "results": [
                    {
                        "result": "Passed",
                        "message": "",
                        "type": ""
                    }
                ],
                "stdout": null,
                "stderr": null
            },
            {
                "classname": "tests.pytorch.tasks.test_worker",
                "name": "test_create_dataloader[shuffle0]",
                "time": 0.002,
                "results": [
                    {
                        "result": "Passed",
                        "message": "",
                        "type": ""
                    }
                ],
                "stdout": null,
                "stderr": null
            },
            {
                "classname": "tests.pytorch.tasks.test_worker",
                "name": "test_create_dataloader[shuffle1]",
                "time": 0.002,
                "results": [
                    {
                        "result": "Passed",
                        "message": "",
                        "type": ""
                    }
                ],
                "stdout": null,
                "stderr": null
            },
            {
                "classname": "tests.tensorflow.test_cluster",
                "name": "test_aggregate_spec",
                "time": 0.003,
                "results": [
                    {
                        "result": "Passed",
                        "message": "",
                        "type": ""
                    }
                ],
                "stdout": null,
                "stderr": null
            },
            {
                "classname": "tests.tensorflow.test_cluster",
                "name": "test_get_task_key",
                "time": 0.001,
                "results": [
                    {
                        "result": "Passed",
                        "message": "",
                        "type": ""
                    }
                ],
                "stdout": null,
                "stderr": null
            },
            {
                "classname": "tests.tensorflow.test_cluster",
                "name": "test_start_cluster_worker[worker-1-2]",
                "time": 0.002,
                "results": [
                    {
                        "result": "Passed",
                        "message": "",
                        "type": ""
                    }
                ],
                "stdout": null,
                "stderr": null
            },
            {
                "classname": "tests.tensorflow.test_cluster",
                "name": "test_start_cluster_worker[ps-0-1]",
                "time": 0.002,
                "results": [
                    {
                        "result": "Passed",
                        "message": "",
                        "type": ""
                    }
                ],
                "stdout": null,
                "stderr": null
            },
            {
                "classname": "tests.tensorflow.test_cluster",
                "name": "test_start_tf_server[worker-1-True]",
                "time": 0.002,
                "results": [
                    {
                        "result": "Passed",
                        "message": "",
                        "type": ""
                    }
                ],
                "stdout": null,
                "stderr": null
            },
            {
                "classname": "tests.tensorflow.test_cluster",
                "name": "test_start_tf_server[ps-0-False]",
                "time": 0.002,
                "results": [
                    {
                        "result": "Passed",
                        "message": "",
                        "type": ""
                    }
                ],
                "stdout": null,
                "stderr": null
            },
            {
                "classname": "tests.tensorflow.test_evaluator_task",
                "name": "test_evaluate[evaluated_ckpts0-ckpt_to_export0]",
                "time": 0.005,
                "results": [
                    {
                        "result": "Passed",
                        "message": "",
                        "type": ""
                    }
                ],
                "stdout": null,
                "stderr": null
            },
            {
                "classname": "tests.tensorflow.test_evaluator_task",
                "name": "test_evaluate[evaluated_ckpts1-ckpt_to_export1]",
                "time": 0.004,
                "results": [
                    {
                        "result": "Passed",
                        "message": "",
                        "type": ""
                    }
                ],
                "stdout": null,
                "stderr": null
            },
            {
                "classname": "tests.tensorflow.test_evaluator_task",
                "name": "test_evaluate[evaluated_ckpts2-ckpt_to_export2]",
                "time": 0.003,
                "results": [
                    {
                        "result": "Passed",
                        "message": "",
                        "type": ""
                    }
                ],
                "stdout": null,
                "stderr": null
            },
            {
                "classname": "tests.tensorflow.test_evaluator_task",
                "name": "test__get_all_checkpoints[checkpoint_state0-checkpoints0]",
                "time": 0.001,
                "results": [
                    {
                        "result": "Passed",
                        "message": "",
                        "type": ""
                    }
                ],
                "stdout": null,
                "stderr": null
            },
            {
                "classname": "tests.tensorflow.test_evaluator_task",
                "name": "test__get_all_checkpoints[None-checkpoints1]",
                "time": 0.001,
                "results": [
                    {
                        "result": "Passed",
                        "message": "",
                        "type": ""
                    }
                ],
                "stdout": null,
                "stderr": null
            },
            {
                "classname": "tests.tensorflow.test_tf_task_common",
                "name": "test_matches_device_filters[task0-device_filters0]",
                "time": 0.001,
                "results": [
                    {
                        "result": "Passed",
                        "message": "",
                        "type": ""
                    }
                ],
                "stdout": null,
                "stderr": null
            },
            {
                "classname": "tests.tensorflow.test_tf_task_common",
                "name": "test_matches_device_filters[task1-device_filters1]",
                "time": 0.001,
                "results": [
                    {
                        "result": "Passed",
                        "message": "",
                        "type": ""
                    }
                ],
                "stdout": null,
                "stderr": null
            },
            {
                "classname": "tests.tensorflow.test_tf_task_common",
                "name": "test_does_not_match_device_filters[task0-device_filters0]",
                "time": 0.001,
                "results": [
                    {
                        "result": "Passed",
                        "message": "",
                        "type": ""
                    }
                ],
                "stdout": null,
                "stderr": null
            },
            {
                "classname": "tests.tensorflow.test_tf_task_common",
                "name": "test_does_not_match_device_filters[task1-device_filters1]",
                "time": 0.001,
                "results": [
                    {
                        "result": "Passed",
                        "message": "",
                        "type": ""
                    }
                ],
                "stdout": null,
                "stderr": null
            },
            {
                "classname": "tests.tensorflow.test_tf_task_common",
                "name": "test_does_not_match_device_filters[task2-device_filters2]",
                "time": 0.001,
                "results": [
                    {
                        "result": "Passed",
                        "message": "",
                        "type": ""
                    }
                ],
                "stdout": null,
                "stderr": null
            },
            {
                "classname": "tests.tensorflow.test_tf_task_common",
                "name": "test__prepare_container",
                "time": 0.002,
                "results": [
                    {
                        "result": "Passed",
                        "message": "",
                        "type": ""
                    }
                ],
                "stdout": null,
                "stderr": null
            },
            {
                "classname": "tests.tensorflow.test_tf_task_common",
                "name": "test__execute_dispatched_function",
                "time": 0.007,
                "results": [
                    {
                        "result": "Passed",
                        "message": "",
                        "type": ""
                    }
                ],
                "stdout": null,
                "stderr": null
            },
            {
                "classname": "tests.tensorflow.test_tf_task_common",
                "name": "test_wait_for_connected_tasks",
                "time": 0.001,
                "results": [
                    {
                        "result": "Passed",
                        "message": "",
                        "type": ""
                    }
                ],
                "stdout": null,
                "stderr": null
            },
            {
                "classname": "tests.tensorflow.test_tf_task_common",
                "name": "test__shutdown_container",
                "time": 0.003,
                "results": [
                    {
                        "result": "Passed",
                        "message": "",
                        "type": ""
                    }
                ],
                "stdout": null,
                "stderr": null
            }
        ],
        "stdout": "[55678647-ca4e-4120-9a03-41374a3435ae/build] \ud83d\ude80  Start image=crawlergpt:latest\n[55678647-ca4e-4120-9a03-41374a3435ae/lint ] \ud83d\ude80  Start image=crawlergpt:latest\n[55678647-ca4e-4120-9a03-41374a3435ae/lint ]   \ud83d\udc33  docker pull image=crawlergpt:latest platform= username= forcePull=false\n[55678647-ca4e-4120-9a03-41374a3435ae/build]   \ud83d\udc33  docker pull image=crawlergpt:latest platform= username= forcePull=false\n[55678647-ca4e-4120-9a03-41374a3435ae/build]   \ud83d\udc33  docker create image=crawlergpt:latest platform= entrypoint=[\"tail\" \"-f\" \"/dev/null\"] cmd=[]\n[55678647-ca4e-4120-9a03-41374a3435ae/lint ]   \ud83d\udc33  docker create image=crawlergpt:latest platform= entrypoint=[\"tail\" \"-f\" \"/dev/null\"] cmd=[]\n[55678647-ca4e-4120-9a03-41374a3435ae/lint ]   \ud83d\udc33  docker run image=crawlergpt:latest platform= entrypoint=[\"tail\" \"-f\" \"/dev/null\"] cmd=[]\n[55678647-ca4e-4120-9a03-41374a3435ae/build]   \ud83d\udc33  docker run image=crawlergpt:latest platform= entrypoint=[\"tail\" \"-f\" \"/dev/null\"] cmd=[]\n[55678647-ca4e-4120-9a03-41374a3435ae/build]   \ud83d\udc33  docker exec cmd=[chown -R 1012:1013 /tmp/558156d8-17ed-11ee-8a50-bb14de238602/criteo-tf-yarn] user=0 workdir=\n[55678647-ca4e-4120-9a03-41374a3435ae/lint ]   \ud83d\udc33  docker exec cmd=[chown -R 1012:1013 /tmp/558156d8-17ed-11ee-8a50-bb14de238602/criteo-tf-yarn] user=0 workdir=\n[55678647-ca4e-4120-9a03-41374a3435ae/build]   \u2601  git clone 'https://github.com/actions/setup-python' # ref=v3\n[55678647-ca4e-4120-9a03-41374a3435ae/lint ]   \u2601  git clone 'https://github.com/actions/setup-python' # ref=v3\n[55678647-ca4e-4120-9a03-41374a3435ae/build] \ud83e\uddea  Matrix: map[python-version:3.7]\n[55678647-ca4e-4120-9a03-41374a3435ae/build] \u2b50 Run Main actions/checkout@v3\n[55678647-ca4e-4120-9a03-41374a3435ae/build]   \u2705  Success - Main actions/checkout@v3\n[55678647-ca4e-4120-9a03-41374a3435ae/build] \u2b50 Run Main Set up Python 3.7\n[55678647-ca4e-4120-9a03-41374a3435ae/build]   \ud83d\udc33  docker cp src=/tmp/act-cache/8a3670b7-5e51-4ee5-91a7-8b6662f8d205/act/actions-setup-python@v3/ dst=/var/run/act/actions/actions-setup-python@v3/\n[55678647-ca4e-4120-9a03-41374a3435ae/lint ] \u2b50 Run Main actions/checkout@v3\n[55678647-ca4e-4120-9a03-41374a3435ae/lint ]   \u2705  Success - Main actions/checkout@v3\n[55678647-ca4e-4120-9a03-41374a3435ae/build]   \ud83d\udc33  docker exec cmd=[chown -R 1012:1013 /var/run/act/actions/actions-setup-python@v3/] user=0 workdir=\n[55678647-ca4e-4120-9a03-41374a3435ae/lint ] \u2b50 Run Main Set up Python 3.9\n[55678647-ca4e-4120-9a03-41374a3435ae/lint ]   \ud83d\udc33  docker cp src=/tmp/act-cache/8a3670b7-5e51-4ee5-91a7-8b6662f8d205/act/actions-setup-python@v3/ dst=/var/run/act/actions/actions-setup-python@v3/\n[55678647-ca4e-4120-9a03-41374a3435ae/lint ]   \ud83d\udc33  docker exec cmd=[chown -R 1012:1013 /var/run/act/actions/actions-setup-python@v3/] user=0 workdir=\n[55678647-ca4e-4120-9a03-41374a3435ae/build]   \ud83d\udc33  docker exec cmd=[node /var/run/act/actions/actions-setup-python@v3/dist/setup/index.js] user= workdir=\n[55678647-ca4e-4120-9a03-41374a3435ae/lint ]   \ud83d\udc33  docker exec cmd=[node /var/run/act/actions/actions-setup-python@v3/dist/setup/index.js] user= workdir=\n[55678647-ca4e-4120-9a03-41374a3435ae/lint ]   \ud83d\udcac  ::debug::Semantic version spec of 3.9 is 3.9\n[55678647-ca4e-4120-9a03-41374a3435ae/lint ]   \ud83d\udcac  ::debug::isExplicit: \n[55678647-ca4e-4120-9a03-41374a3435ae/lint ]   \ud83d\udcac  ::debug::explicit? false\n[55678647-ca4e-4120-9a03-41374a3435ae/lint ]   \ud83d\udcac  ::debug::isExplicit: 2.7.18\n[55678647-ca4e-4120-9a03-41374a3435ae/lint ]   \ud83d\udcac  ::debug::explicit? true\n[55678647-ca4e-4120-9a03-41374a3435ae/lint ]   \ud83d\udcac  ::debug::isExplicit: 3.5.10\n[55678647-ca4e-4120-9a03-41374a3435ae/lint ]   \ud83d\udcac  ::debug::explicit? true\n[55678647-ca4e-4120-9a03-41374a3435ae/lint ]   \ud83d\udcac  ::debug::isExplicit: 3.6.14\n[55678647-ca4e-4120-9a03-41374a3435ae/lint ]   \ud83d\udcac  ::debug::explicit? true\n[55678647-ca4e-4120-9a03-41374a3435ae/lint ]   \ud83d\udcac  ::debug::isExplicit: 3.7.11\n[55678647-ca4e-4120-9a03-41374a3435ae/lint ]   \ud83d\udcac  ::debug::explicit? true\n[55678647-ca4e-4120-9a03-41374a3435ae/lint ]   \ud83d\udcac  ::debug::isExplicit: 3.8.11\n[55678647-ca4e-4120-9a03-41374a3435ae/lint ]   \ud83d\udcac  ::debug::explicit? true\n[55678647-ca4e-4120-9a03-41374a3435ae/lint ]   \ud83d\udcac  ::debug::isExplicit: 3.9.6\n[55678647-ca4e-4120-9a03-41374a3435ae/lint ]   \ud83d\udcac  ::debug::explicit? true\n[55678647-ca4e-4120-9a03-41374a3435ae/lint ]   \ud83d\udcac  ::debug::evaluating 6 versions\n[55678647-ca4e-4120-9a03-41374a3435ae/lint ]   \ud83d\udcac  ::debug::matched: 3.9.6\n[55678647-ca4e-4120-9a03-41374a3435ae/lint ]   \ud83d\udcac  ::debug::checking cache: /opt/hostedtoolcache/Python/3.9.6/x64\n[55678647-ca4e-4120-9a03-41374a3435ae/lint ]   \ud83d\udcac  ::debug::Found tool in cache Python 3.9.6 x64\n[55678647-ca4e-4120-9a03-41374a3435ae/lint ]   | Successfully setup CPython (3.9.6)\n[55678647-ca4e-4120-9a03-41374a3435ae/lint ]   \u2753 add-matcher /run/act/actions/actions-setup-python@v3/.github/python.json\n[55678647-ca4e-4120-9a03-41374a3435ae/build]   \ud83d\udcac  ::debug::Semantic version spec of 3.7 is 3.7\n[55678647-ca4e-4120-9a03-41374a3435ae/build]   \ud83d\udcac  ::debug::isExplicit: \n[55678647-ca4e-4120-9a03-41374a3435ae/build]   \ud83d\udcac  ::debug::explicit? false\n[55678647-ca4e-4120-9a03-41374a3435ae/build]   \ud83d\udcac  ::debug::isExplicit: 2.7.18\n[55678647-ca4e-4120-9a03-41374a3435ae/build]   \ud83d\udcac  ::debug::explicit? true\n[55678647-ca4e-4120-9a03-41374a3435ae/build]   \ud83d\udcac  ::debug::isExplicit: 3.5.10\n[55678647-ca4e-4120-9a03-41374a3435ae/build]   \ud83d\udcac  ::debug::explicit? true\n[55678647-ca4e-4120-9a03-41374a3435ae/build]   \ud83d\udcac  ::debug::isExplicit: 3.6.14\n[55678647-ca4e-4120-9a03-41374a3435ae/build]   \ud83d\udcac  ::debug::explicit? true\n[55678647-ca4e-4120-9a03-41374a3435ae/build]   \ud83d\udcac  ::debug::isExplicit: 3.7.11\n[55678647-ca4e-4120-9a03-41374a3435ae/build]   \ud83d\udcac  ::debug::explicit? true\n[55678647-ca4e-4120-9a03-41374a3435ae/build]   \ud83d\udcac  ::debug::isExplicit: 3.8.11\n[55678647-ca4e-4120-9a03-41374a3435ae/build]   \ud83d\udcac  ::debug::explicit? true\n[55678647-ca4e-4120-9a03-41374a3435ae/build]   \ud83d\udcac  ::debug::isExplicit: 3.9.6\n[55678647-ca4e-4120-9a03-41374a3435ae/build]   \ud83d\udcac  ::debug::explicit? true\n[55678647-ca4e-4120-9a03-41374a3435ae/build]   \ud83d\udcac  ::debug::evaluating 6 versions\n[55678647-ca4e-4120-9a03-41374a3435ae/lint ]   \u2705  Success - Main Set up Python 3.9\n[55678647-ca4e-4120-9a03-41374a3435ae/build]   \ud83d\udcac  ::debug::matched: 3.7.11\n[55678647-ca4e-4120-9a03-41374a3435ae/build]   \ud83d\udcac  ::debug::checking cache: /opt/hostedtoolcache/Python/3.7.11/x64\n[55678647-ca4e-4120-9a03-41374a3435ae/build]   \ud83d\udcac  ::debug::Found tool in cache Python 3.7.11 x64\n[55678647-ca4e-4120-9a03-41374a3435ae/build]   | Successfully setup CPython (3.7.11)\n[55678647-ca4e-4120-9a03-41374a3435ae/build]   \u2753 add-matcher /run/act/actions/actions-setup-python@v3/.github/python.json\n[55678647-ca4e-4120-9a03-41374a3435ae/build]   \u2705  Success - Main Set up Python 3.7\n[55678647-ca4e-4120-9a03-41374a3435ae/build]   \u2699  ::set-env:: pythonLocation=/opt/hostedtoolcache/Python/3.7.11/x64\n[55678647-ca4e-4120-9a03-41374a3435ae/build]   \u2699  ::set-env:: LD_LIBRARY_PATH=/opt/hostedtoolcache/Python/3.7.11/x64/lib\n[55678647-ca4e-4120-9a03-41374a3435ae/lint ]   \u2699  ::set-env:: LD_LIBRARY_PATH=/opt/hostedtoolcache/Python/3.9.6/x64/lib\n[55678647-ca4e-4120-9a03-41374a3435ae/lint ]   \u2699  ::set-env:: pythonLocation=/opt/hostedtoolcache/Python/3.9.6/x64\n[55678647-ca4e-4120-9a03-41374a3435ae/lint ]   \u2699  ::set-output:: python-version=3.9.6\n[55678647-ca4e-4120-9a03-41374a3435ae/build]   \u2699  ::set-output:: python-version=3.7.11\n[55678647-ca4e-4120-9a03-41374a3435ae/lint ]   \u2699  ::add-path:: /opt/hostedtoolcache/Python/3.9.6/x64\n[55678647-ca4e-4120-9a03-41374a3435ae/lint ]   \u2699  ::add-path:: /opt/hostedtoolcache/Python/3.9.6/x64/bin\n[55678647-ca4e-4120-9a03-41374a3435ae/build]   \u2699  ::add-path:: /opt/hostedtoolcache/Python/3.7.11/x64\n[55678647-ca4e-4120-9a03-41374a3435ae/build]   \u2699  ::add-path:: /opt/hostedtoolcache/Python/3.7.11/x64/bin\n[55678647-ca4e-4120-9a03-41374a3435ae/lint ] \u2b50 Run Main Install dependencies\n[55678647-ca4e-4120-9a03-41374a3435ae/build] \u2b50 Run Main Install dependencies\n[55678647-ca4e-4120-9a03-41374a3435ae/build]   \ud83d\udc33  docker exec cmd=[bash --noprofile --norc -e -o pipefail /var/run/act/workflow/2] user= workdir=\n[55678647-ca4e-4120-9a03-41374a3435ae/lint ]   \ud83d\udc33  docker exec cmd=[bash --noprofile --norc -e -o pipefail /var/run/act/workflow/2] user= workdir=\n[55678647-ca4e-4120-9a03-41374a3435ae/lint ]   | Requirement already satisfied: pip in /opt/hostedtoolcache/Python/3.9.6/x64/lib/python3.9/site-packages (21.2.4)\n[55678647-ca4e-4120-9a03-41374a3435ae/build]   | Requirement already satisfied: pip in /opt/hostedtoolcache/Python/3.7.11/x64/lib/python3.7/site-packages (21.2.4)\n[55678647-ca4e-4120-9a03-41374a3435ae/lint ]   | Collecting pip\n[55678647-ca4e-4120-9a03-41374a3435ae/lint ]   |   Downloading pip-23.1.2-py3-none-any.whl (2.1 MB)\n[55678647-ca4e-4120-9a03-41374a3435ae/build]   | Collecting pip\n[55678647-ca4e-4120-9a03-41374a3435ae/build]   |   Downloading pip-23.1.2-py3-none-any.whl (2.1 MB)\n[55678647-ca4e-4120-9a03-41374a3435ae/lint ]   | Installing collected packages: pip\n[55678647-ca4e-4120-9a03-41374a3435ae/lint ]   |   Attempting uninstall: pip\n[55678647-ca4e-4120-9a03-41374a3435ae/lint ]   |     Found existing installation: pip 21.2.4\n[55678647-ca4e-4120-9a03-41374a3435ae/build]   | Installing collected packages: pip\n[55678647-ca4e-4120-9a03-41374a3435ae/build]   |   Attempting uninstall: pip\n[55678647-ca4e-4120-9a03-41374a3435ae/build]   |     Found existing installation: pip 21.2.4\n[55678647-ca4e-4120-9a03-41374a3435ae/lint ]   |     Uninstalling pip-21.2.4:\n[55678647-ca4e-4120-9a03-41374a3435ae/build]   |     Uninstalling pip-21.2.4:\n[55678647-ca4e-4120-9a03-41374a3435ae/lint ]   |       Successfully uninstalled pip-21.2.4\n[55678647-ca4e-4120-9a03-41374a3435ae/build]   |       Successfully uninstalled pip-21.2.4\n[55678647-ca4e-4120-9a03-41374a3435ae/lint ]   | Successfully installed pip-23.1.2\n[55678647-ca4e-4120-9a03-41374a3435ae/lint ]   | Processing /tmp/558156d8-17ed-11ee-8a50-bb14de238602/criteo-tf-yarn\n[55678647-ca4e-4120-9a03-41374a3435ae/lint ]   |   Installing build dependencies: started\n[55678647-ca4e-4120-9a03-41374a3435ae/build]   | Successfully installed pip-23.1.2\n[55678647-ca4e-4120-9a03-41374a3435ae/build]   | Processing /tmp/558156d8-17ed-11ee-8a50-bb14de238602/criteo-tf-yarn\n[55678647-ca4e-4120-9a03-41374a3435ae/build]   |   Installing build dependencies: started\n[55678647-ca4e-4120-9a03-41374a3435ae/lint ]   |   Installing build dependencies: finished with status 'done'\n[55678647-ca4e-4120-9a03-41374a3435ae/lint ]   |   Getting requirements to build wheel: started\n[55678647-ca4e-4120-9a03-41374a3435ae/lint ]   |   Getting requirements to build wheel: finished with status 'done'\n[55678647-ca4e-4120-9a03-41374a3435ae/lint ]   |   Preparing metadata (pyproject.toml): started\n[55678647-ca4e-4120-9a03-41374a3435ae/lint ]   |   Preparing metadata (pyproject.toml): finished with status 'done'\n[55678647-ca4e-4120-9a03-41374a3435ae/lint ]   | Collecting cluster-pack<3.0.0,>=0.2.19 (from tf-yarn==0.7.0)\n[55678647-ca4e-4120-9a03-41374a3435ae/lint ]   |   Downloading cluster_pack-0.3.0-py3-none-any.whl (32 kB)\n[55678647-ca4e-4120-9a03-41374a3435ae/build]   |   Installing build dependencies: finished with status 'done'\n[55678647-ca4e-4120-9a03-41374a3435ae/build]   |   Getting requirements to build wheel: started\n[55678647-ca4e-4120-9a03-41374a3435ae/lint ]   | Collecting skein<0.9,>=0.8 (from tf-yarn==0.7.0)\n[55678647-ca4e-4120-9a03-41374a3435ae/lint ]   |   Downloading skein-0.8.2-py3-none-any.whl (7.1 MB)\n[55678647-ca4e-4120-9a03-41374a3435ae/build]   |   Getting requirements to build wheel: finished with status 'done'\n[55678647-ca4e-4120-9a03-41374a3435ae/build]   |   Preparing metadata (pyproject.toml): started\n[55678647-ca4e-4120-9a03-41374a3435ae/build]   |   Preparing metadata (pyproject.toml): finished with status 'done'\n[55678647-ca4e-4120-9a03-41374a3435ae/build]   | Collecting cluster-pack<3.0.0,>=0.2.19 (from tf-yarn==0.7.0)\n[55678647-ca4e-4120-9a03-41374a3435ae/build]   |   Downloading cluster_pack-0.3.0-py3-none-any.whl (32 kB)\n[55678647-ca4e-4120-9a03-41374a3435ae/build]   | Collecting skein<0.9,>=0.8 (from tf-yarn==0.7.0)\n[55678647-ca4e-4120-9a03-41374a3435ae/build]   |   Downloading skein-0.8.2-py3-none-any.whl (7.1 MB)\n[55678647-ca4e-4120-9a03-41374a3435ae/lint ]   |      \u2501\u2501\u2501\u2501\u2501\u2501\u2501\u2501\u2501\u2501\u2501\u2501\u2501\u2501\u2501\u2501\u2501\u2501\u2501\u2501\u2501\u2501\u2501\u2501\u2501\u2501\u2501\u2501\u2501\u2501\u2501\u2501\u2501\u2501\u2501\u2501\u2501\u2501\u2501\u2501 7.1/7.1 MB 4.8 MB/s eta 0:00:00\n[55678647-ca4e-4120-9a03-41374a3435ae/build]   |      \u2501\u2501\u2501\u2501\u2501\u2501\u2501\u2501\u2501\u2501\u2501\u2501\u2501\u2501\u2501\u2501\u2501\u2501\u2501\u2501\u2501\u2501\u2501\u2501\u2501\u2501\u2501\u2501\u2501\u2501\u2501\u2501\u2501\u2501\u2501\u2501\u2501\u2501\u2501\u2501 7.1/7.1 MB 9.4 MB/s eta 0:00:00\n[55678647-ca4e-4120-9a03-41374a3435ae/lint ]   | Collecting tensorboard (from tf-yarn==0.7.0)\n[55678647-ca4e-4120-9a03-41374a3435ae/lint ]   |   Downloading tensorboard-2.13.0-py3-none-any.whl (5.6 MB)\n[55678647-ca4e-4120-9a03-41374a3435ae/build]   | Collecting tensorboard (from tf-yarn==0.7.0)\n[55678647-ca4e-4120-9a03-41374a3435ae/build]   |   Downloading tensorboard-2.11.2-py3-none-any.whl (6.0 MB)\n[55678647-ca4e-4120-9a03-41374a3435ae/build]   |      \u2501\u2501\u2501\u2501\u2501\u2501\u2501\u2501\u2501\u2501\u2501\u2501\u2501\u2501\u2501\u2501\u2501\u2501\u2501\u2501\u2501\u2501\u2501\u2501\u2501\u2501\u2501\u2501\u2501\u2501\u2501\u2501\u2501\u2501\u2501\u2501\u2501\u2501\u2501\u2501 6.0/6.0 MB 12.2 MB/s eta 0:00:00\n[55678647-ca4e-4120-9a03-41374a3435ae/lint ]   |      \u2501\u2501\u2501\u2501\u2501\u2501\u2501\u2501\u2501\u2501\u2501\u2501\u2501\u2501\u2501\u2501\u2501\u2501\u2501\u2501\u2501\u2501\u2501\u2501\u2501\u2501\u2501\u2501\u2501\u2501\u2501\u2501\u2501\u2501\u2501\u2501\u2501\u2501\u2501\u2501 5.6/5.6 MB 10.1 MB/s eta 0:00:00\n[55678647-ca4e-4120-9a03-41374a3435ae/build]   | Collecting tensorflow-io (from tf-yarn==0.7.0)\n[55678647-ca4e-4120-9a03-41374a3435ae/lint ]   | Collecting tensorflow-io (from tf-yarn==0.7.0)\n[55678647-ca4e-4120-9a03-41374a3435ae/build]   |   Downloading tensorflow_io-0.32.0-cp37-cp37m-manylinux_2_12_x86_64.manylinux2010_x86_64.whl (28.0 MB)\n[55678647-ca4e-4120-9a03-41374a3435ae/lint ]   |   Downloading tensorflow_io-0.32.0-cp39-cp39-manylinux_2_12_x86_64.manylinux2010_x86_64.whl (28.0 MB)\n[55678647-ca4e-4120-9a03-41374a3435ae/lint ]   |      \u2501\u2501\u2501\u2501\u2501\u2501\u2501\u2501\u2501\u2501\u2501\u2501\u2501\u2501\u2501\u2501\u2501\u2501\u2501\u2501\u2501\u2501\u2501\u2501\u2501\u2501\u2501\u2501\u2501\u2501\u2501\u2501\u2501\u2501\u2501\u2501\u2501\u2501\u2501\u2501 28.0/28.0 MB 5.6 MB/s eta 0:00:00\n[55678647-ca4e-4120-9a03-41374a3435ae/lint ]   | Collecting pyarrow (from tf-yarn==0.7.0)\n[55678647-ca4e-4120-9a03-41374a3435ae/lint ]   |   Downloading pyarrow-12.0.1-cp39-cp39-manylinux_2_17_x86_64.manylinux2014_x86_64.whl (39.0 MB)\n[55678647-ca4e-4120-9a03-41374a3435ae/build]   |      \u2501\u2501\u2501\u2501\u2501\u2501\u2501\u2501\u2501\u2501\u2501\u2501\u2501\u2501\u2501\u2501\u2501\u2501\u2501\u2501\u2501\u2501\u2501\u2501\u2501\u2501\u2501\u2501\u2501\u2501\u2501\u2501\u2501\u2501\u2501\u2501\u2501\u2501\u2501\u2501 28.0/28.0 MB 5.8 MB/s eta 0:00:00\n[55678647-ca4e-4120-9a03-41374a3435ae/build]   | Collecting pyarrow (from tf-yarn==0.7.0)\n[55678647-ca4e-4120-9a03-41374a3435ae/build]   |   Downloading pyarrow-12.0.1-cp37-cp37m-manylinux_2_17_x86_64.manylinux2014_x86_64.whl (39.1 MB)\n[55678647-ca4e-4120-9a03-41374a3435ae/build]   |      \u2501\u2501\u2501\u2501\u2501\u2501\u2501\u2501\u2501\u2501\u2501\u2501\u2501\u2501\u2501\u2501\u2501\u2501\u2501\u2501\u2501\u2501\u2501\u2501\u2501\u2501\u2501\u2501\u2501\u2501\u2501\u2501\u2501\u2501\u2501\u2501\u2501\u2501\u2501\u2501 39.1/39.1 MB 14.1 MB/s eta 0:00:00\n[55678647-ca4e-4120-9a03-41374a3435ae/lint ]   |      \u2501\u2501\u2501\u2501\u2501\u2501\u2501\u2501\u2501\u2501\u2501\u2501\u2501\u2501\u2501\u2501\u2501\u2501\u2501\u2501\u2501\u2501\u2501\u2501\u2501\u2501\u2501\u2501\u2501\u2501\u2501\u2501\u2501\u2501\u2501\u2501\u2501\u2501\u2501\u2501 39.0/39.0 MB 12.2 MB/s eta 0:00:00\n[55678647-ca4e-4120-9a03-41374a3435ae/build]   | Collecting psutil (from tf-yarn==0.7.0)\n[55678647-ca4e-4120-9a03-41374a3435ae/build]   |   Downloading psutil-5.9.5-cp36-abi3-manylinux_2_12_x86_64.manylinux2010_x86_64.manylinux_2_17_x86_64.manylinux2014_x86_64.whl (282 kB)\n[55678647-ca4e-4120-9a03-41374a3435ae/build]   |      \u2501\u2501\u2501\u2501\u2501\u2501\u2501\u2501\u2501\u2501\u2501\u2501\u2501\u2501\u2501\u2501\u2501\u2501\u2501\u2501\u2501\u2501\u2501\u2501\u2501\u2501\u2501\u2501\u2501\u2501\u2501\u2501\u2501\u2501\u2501\u2501\u2501\u2501\u2501 282.1/282.1 kB 5.1 MB/s eta 0:00:00\n[55678647-ca4e-4120-9a03-41374a3435ae/build]   | Collecting cloudpickle (from cluster-pack<3.0.0,>=0.2.19->tf-yarn==0.7.0)\n[55678647-ca4e-4120-9a03-41374a3435ae/build]   |   Downloading cloudpickle-2.2.1-py3-none-any.whl (25 kB)\n[55678647-ca4e-4120-9a03-41374a3435ae/lint ]   | Collecting psutil (from tf-yarn==0.7.0)\n[55678647-ca4e-4120-9a03-41374a3435ae/lint ]   |   Downloading psutil-5.9.5-cp36-abi3-manylinux_2_12_x86_64.manylinux2010_x86_64.manylinux_2_17_x86_64.manylinux2014_x86_64.whl (282 kB)\n[55678647-ca4e-4120-9a03-41374a3435ae/lint ]   |      \u2501\u2501\u2501\u2501\u2501\u2501\u2501\u2501\u2501\u2501\u2501\u2501\u2501\u2501\u2501\u2501\u2501\u2501\u2501\u2501\u2501\u2501\u2501\u2501\u2501\u2501\u2501\u2501\u2501\u2501\u2501\u2501\u2501\u2501\u2501\u2501\u2501\u2501\u2501 282.1/282.1 kB 8.7 MB/s eta 0:00:00\n[55678647-ca4e-4120-9a03-41374a3435ae/lint ]   | Collecting cloudpickle (from cluster-pack<3.0.0,>=0.2.19->tf-yarn==0.7.0)\n[55678647-ca4e-4120-9a03-41374a3435ae/lint ]   |   Downloading cloudpickle-2.2.1-py3-none-any.whl (25 kB)\n[55678647-ca4e-4120-9a03-41374a3435ae/build]   | Collecting pex==2.1.137 (from cluster-pack<3.0.0,>=0.2.19->tf-yarn==0.7.0)\n[55678647-ca4e-4120-9a03-41374a3435ae/build]   |   Downloading pex-2.1.137-py2.py3-none-any.whl (2.9 MB)\n[55678647-ca4e-4120-9a03-41374a3435ae/lint ]   | Collecting pex==2.1.137 (from cluster-pack<3.0.0,>=0.2.19->tf-yarn==0.7.0)\n[55678647-ca4e-4120-9a03-41374a3435ae/lint ]   |   Downloading pex-2.1.137-py2.py3-none-any.whl (2.9 MB)\n[55678647-ca4e-4120-9a03-41374a3435ae/build]   |      \u2501\u2501\u2501\u2501\u2501\u2501\u2501\u2501\u2501\u2501\u2501\u2501\u2501\u2501\u2501\u2501\u2501\u2501\u2501\u2501\u2501\u2501\u2501\u2501\u2501\u2501\u2501\u2501\u2501\u2501\u2501\u2501\u2501\u2501\u2501\u2501\u2501\u2501\u2501\u2501 2.9/2.9 MB 14.2 MB/s eta 0:00:00\n[55678647-ca4e-4120-9a03-41374a3435ae/lint ]   |      \u2501\u2501\u2501\u2501\u2501\u2501\u2501\u2501\u2501\u2501\u2501\u2501\u2501\u2501\u2501\u2501\u2501\u2501\u2501\u2501\u2501\u2501\u2501\u2501\u2501\u2501\u2501\u2501\u2501\u2501\u2501\u2501\u2501\u2501\u2501\u2501\u2501\u2501\u2501\u2501 2.9/2.9 MB 15.8 MB/s eta 0:00:00\n[55678647-ca4e-4120-9a03-41374a3435ae/build]   | Collecting conda-pack (from cluster-pack<3.0.0,>=0.2.19->tf-yarn==0.7.0)\n[55678647-ca4e-4120-9a03-41374a3435ae/lint ]   | Collecting conda-pack (from cluster-pack<3.0.0,>=0.2.19->tf-yarn==0.7.0)\n[55678647-ca4e-4120-9a03-41374a3435ae/build]   |   Downloading conda-pack-0.6.0.tar.gz (43 kB)\n[55678647-ca4e-4120-9a03-41374a3435ae/lint ]   |   Downloading conda-pack-0.6.0.tar.gz (43 kB)\n[55678647-ca4e-4120-9a03-41374a3435ae/build]   |      \u2501\u2501\u2501\u2501\u2501\u2501\u2501\u2501\u2501\u2501\u2501\u2501\u2501\u2501\u2501\u2501\u2501\u2501\u2501\u2501\u2501\u2501\u2501\u2501\u2501\u2501\u2501\u2501\u2501\u2501\u2501\u2501\u2501\u2501\u2501\u2501\u2501\u2501\u2501 43.2/43.2 kB 281.3 kB/s eta 0:00:00\n[55678647-ca4e-4120-9a03-41374a3435ae/lint ]   |      \u2501\u2501\u2501\u2501\u2501\u2501\u2501\u2501\u2501\u2501\u2501\u2501\u2501\u2501\u2501\u2501\u2501\u2501\u2501\u2501\u2501\u2501\u2501\u2501\u2501\u2501\u2501\u2501\u2501\u2501\u2501\u2501\u2501\u2501\u2501\u2501\u2501\u2501\u2501 43.2/43.2 kB 302.8 kB/s eta 0:00:00\n[55678647-ca4e-4120-9a03-41374a3435ae/lint ]   |   Installing build dependencies: started\n[55678647-ca4e-4120-9a03-41374a3435ae/build]   |   Installing build dependencies: started\n[55678647-ca4e-4120-9a03-41374a3435ae/lint ]   |   Installing build dependencies: finished with status 'done'\n[55678647-ca4e-4120-9a03-41374a3435ae/lint ]   |   Getting requirements to build wheel: started\n[55678647-ca4e-4120-9a03-41374a3435ae/build]   |   Installing build dependencies: finished with status 'done'\n[55678647-ca4e-4120-9a03-41374a3435ae/build]   |   Getting requirements to build wheel: started\n[55678647-ca4e-4120-9a03-41374a3435ae/lint ]   |   Getting requirements to build wheel: finished with status 'done'\n[55678647-ca4e-4120-9a03-41374a3435ae/lint ]   |   Preparing metadata (pyproject.toml): started\n[55678647-ca4e-4120-9a03-41374a3435ae/build]   |   Getting requirements to build wheel: finished with status 'done'\n[55678647-ca4e-4120-9a03-41374a3435ae/build]   |   Preparing metadata (pyproject.toml): started\n[55678647-ca4e-4120-9a03-41374a3435ae/lint ]   |   Preparing metadata (pyproject.toml): finished with status 'done'\n[55678647-ca4e-4120-9a03-41374a3435ae/lint ]   | Requirement already satisfied: pip>=18.1 in /opt/hostedtoolcache/Python/3.9.6/x64/lib/python3.9/site-packages (from cluster-pack<3.0.0,>=0.2.19->tf-yarn==0.7.0) (21.1.3)\n[55678647-ca4e-4120-9a03-41374a3435ae/lint ]   | Collecting fire (from cluster-pack<3.0.0,>=0.2.19->tf-yarn==0.7.0)\n[55678647-ca4e-4120-9a03-41374a3435ae/lint ]   |   Downloading fire-0.5.0.tar.gz (88 kB)\n[55678647-ca4e-4120-9a03-41374a3435ae/lint ]   |      \u2501\u2501\u2501\u2501\u2501\u2501\u2501\u2501\u2501\u2501\u2501\u2501\u2501\u2501\u2501\u2501\u2501\u2501\u2501\u2501\u2501\u2501\u2501\u2501\u2501\u2501\u2501\u2501\u2501\u2501\u2501\u2501\u2501\u2501\u2501\u2501\u2501\u2501\u2501\u2501 88.3/88.3 kB 4.8 MB/s eta 0:00:00\n[55678647-ca4e-4120-9a03-41374a3435ae/build]   |   Preparing metadata (pyproject.toml): finished with status 'done'\n[55678647-ca4e-4120-9a03-41374a3435ae/build]   | Requirement already satisfied: pip>=18.1 in /opt/hostedtoolcache/Python/3.7.11/x64/lib/python3.7/site-packages (from cluster-pack<3.0.0,>=0.2.19->tf-yarn==0.7.0) (20.1.1)\n[55678647-ca4e-4120-9a03-41374a3435ae/lint ]   |   Installing build dependencies: started\n[55678647-ca4e-4120-9a03-41374a3435ae/build]   | Collecting fire (from cluster-pack<3.0.0,>=0.2.19->tf-yarn==0.7.0)\n[55678647-ca4e-4120-9a03-41374a3435ae/build]   |   Downloading fire-0.5.0.tar.gz (88 kB)\n[55678647-ca4e-4120-9a03-41374a3435ae/build]   |      \u2501\u2501\u2501\u2501\u2501\u2501\u2501\u2501\u2501\u2501\u2501\u2501\u2501\u2501\u2501\u2501\u2501\u2501\u2501\u2501\u2501\u2501\u2501\u2501\u2501\u2501\u2501\u2501\u2501\u2501\u2501\u2501\u2501\u2501\u2501\u2501\u2501\u2501\u2501\u2501 88.3/88.3 kB 1.1 MB/s eta 0:00:00\n[55678647-ca4e-4120-9a03-41374a3435ae/build]   |   Installing build dependencies: started\n[55678647-ca4e-4120-9a03-41374a3435ae/build]   |   Installing build dependencies: finished with status 'done'\n[55678647-ca4e-4120-9a03-41374a3435ae/build]   |   Getting requirements to build wheel: started\n[55678647-ca4e-4120-9a03-41374a3435ae/lint ]   |   Installing build dependencies: finished with status 'done'\n[55678647-ca4e-4120-9a03-41374a3435ae/lint ]   |   Getting requirements to build wheel: started\n[55678647-ca4e-4120-9a03-41374a3435ae/build]   |   Getting requirements to build wheel: finished with status 'done'\n[55678647-ca4e-4120-9a03-41374a3435ae/build]   |   Preparing metadata (pyproject.toml): started\n[55678647-ca4e-4120-9a03-41374a3435ae/lint ]   |   Getting requirements to build wheel: finished with status 'done'\n[55678647-ca4e-4120-9a03-41374a3435ae/lint ]   |   Preparing metadata (pyproject.toml): started\n[55678647-ca4e-4120-9a03-41374a3435ae/build]   |   Preparing metadata (pyproject.toml): finished with status 'done'\n[55678647-ca4e-4120-9a03-41374a3435ae/lint ]   |   Preparing metadata (pyproject.toml): finished with status 'done'\n[55678647-ca4e-4120-9a03-41374a3435ae/build]   | Collecting types-setuptools (from cluster-pack<3.0.0,>=0.2.19->tf-yarn==0.7.0)\n[55678647-ca4e-4120-9a03-41374a3435ae/build]   |   Downloading types_setuptools-68.0.0.0-py3-none-any.whl (44 kB)\n[55678647-ca4e-4120-9a03-41374a3435ae/build]   |      \u2501\u2501\u2501\u2501\u2501\u2501\u2501\u2501\u2501\u2501\u2501\u2501\u2501\u2501\u2501\u2501\u2501\u2501\u2501\u2501\u2501\u2501\u2501\u2501\u2501\u2501\u2501\u2501\u2501\u2501\u2501\u2501\u2501\u2501\u2501\u2501\u2501\u2501\u2501 44.8/44.8 kB 435.8 kB/s eta 0:00:00\n[55678647-ca4e-4120-9a03-41374a3435ae/lint ]   | Collecting types-setuptools (from cluster-pack<3.0.0,>=0.2.19->tf-yarn==0.7.0)\n[55678647-ca4e-4120-9a03-41374a3435ae/lint ]   |   Downloading types_setuptools-68.0.0.0-py3-none-any.whl (44 kB)\n[55678647-ca4e-4120-9a03-41374a3435ae/lint ]   |      \u2501\u2501\u2501\u2501\u2501\u2501\u2501\u2501\u2501\u2501\u2501\u2501\u2501\u2501\u2501\u2501\u2501\u2501\u2501\u2501\u2501\u2501\u2501\u2501\u2501\u2501\u2501\u2501\u2501\u2501\u2501\u2501\u2501\u2501\u2501\u2501\u2501\u2501\u2501 44.8/44.8 kB 391.0 kB/s eta 0:00:00\n[55678647-ca4e-4120-9a03-41374a3435ae/build]   | Collecting wheel-filename (from cluster-pack<3.0.0,>=0.2.19->tf-yarn==0.7.0)\n[55678647-ca4e-4120-9a03-41374a3435ae/build]   |   Downloading wheel_filename-1.4.1-py3-none-any.whl (6.4 kB)\n[55678647-ca4e-4120-9a03-41374a3435ae/lint ]   | Collecting wheel-filename (from cluster-pack<3.0.0,>=0.2.19->tf-yarn==0.7.0)\n[55678647-ca4e-4120-9a03-41374a3435ae/lint ]   |   Downloading wheel_filename-1.4.1-py3-none-any.whl (6.4 kB)\n[55678647-ca4e-4120-9a03-41374a3435ae/build]   | Collecting grpcio!=1.45.0,>=1.11.0 (from skein<0.9,>=0.8->tf-yarn==0.7.0)\n[55678647-ca4e-4120-9a03-41374a3435ae/build]   |   Downloading grpcio-1.56.0-cp37-cp37m-manylinux_2_17_x86_64.manylinux2014_x86_64.whl (5.2 MB)\n[55678647-ca4e-4120-9a03-41374a3435ae/lint ]   | Collecting grpcio!=1.45.0,>=1.11.0 (from skein<0.9,>=0.8->tf-yarn==0.7.0)\n[55678647-ca4e-4120-9a03-41374a3435ae/lint ]   |   Downloading grpcio-1.56.0-cp39-cp39-manylinux_2_17_x86_64.manylinux2014_x86_64.whl (5.2 MB)\n[55678647-ca4e-4120-9a03-41374a3435ae/lint ]   |      \u2501\u2501\u2501\u2501\u2501\u2501\u2501\u2501\u2501\u2501\u2501\u2501\u2501\u2501\u2501\u2501\u2501\u2501\u2501\u2501\u2501\u2501\u2501\u2501\u2501\u2501\u2501\u2501\u2501\u2501\u2501\u2501\u2501\u2501\u2501\u2501\u2501\u2501\u2501\u2501 5.2/5.2 MB 14.0 MB/s eta 0:00:00\n[55678647-ca4e-4120-9a03-41374a3435ae/build]   |      \u2501\u2501\u2501\u2501\u2501\u2501\u2501\u2501\u2501\u2501\u2501\u2501\u2501\u2501\u2501\u2501\u2501\u2501\u2501\u2501\u2501\u2501\u2501\u2501\u2501\u2501\u2501\u2501\u2501\u2501\u2501\u2501\u2501\u2501\u2501\u2501\u2501\u2501\u2501\u2501 5.2/5.2 MB 10.4 MB/s eta 0:00:00\n[55678647-ca4e-4120-9a03-41374a3435ae/build]   | Collecting protobuf>=3.5.0 (from skein<0.9,>=0.8->tf-yarn==0.7.0)\n[55678647-ca4e-4120-9a03-41374a3435ae/build]   |   Downloading protobuf-4.23.3-cp37-abi3-manylinux2014_x86_64.whl (304 kB)\n[55678647-ca4e-4120-9a03-41374a3435ae/lint ]   | Collecting protobuf>=3.5.0 (from skein<0.9,>=0.8->tf-yarn==0.7.0)\n[55678647-ca4e-4120-9a03-41374a3435ae/lint ]   |   Downloading protobuf-4.23.3-cp37-abi3-manylinux2014_x86_64.whl (304 kB)\n[55678647-ca4e-4120-9a03-41374a3435ae/build]   |      \u2501\u2501\u2501\u2501\u2501\u2501\u2501\u2501\u2501\u2501\u2501\u2501\u2501\u2501\u2501\u2501\u2501\u2501\u2501\u2501\u2501\u2501\u2501\u2501\u2501\u2501\u2501\u2501\u2501\u2501\u2501\u2501\u2501\u2501\u2501\u2501\u2501\u2501\u2501 304.5/304.5 kB 4.3 MB/s eta 0:00:00\n[55678647-ca4e-4120-9a03-41374a3435ae/lint ]   |      \u2501\u2501\u2501\u2501\u2501\u2501\u2501\u2501\u2501\u2501\u2501\u2501\u2501\u2501\u2501\u2501\u2501\u2501\u2501\u2501\u2501\u2501\u2501\u2501\u2501\u2501\u2501\u2501\u2501\u2501\u2501\u2501\u2501\u2501\u2501\u2501\u2501\u2501\u2501 304.5/304.5 kB 5.9 MB/s eta 0:00:00\n[55678647-ca4e-4120-9a03-41374a3435ae/build]   | Collecting pyyaml (from skein<0.9,>=0.8->tf-yarn==0.7.0)\n[55678647-ca4e-4120-9a03-41374a3435ae/lint ]   | Collecting pyyaml (from skein<0.9,>=0.8->tf-yarn==0.7.0)\n[55678647-ca4e-4120-9a03-41374a3435ae/build]   |   Downloading PyYAML-6.0-cp37-cp37m-manylinux_2_5_x86_64.manylinux1_x86_64.manylinux_2_12_x86_64.manylinux2010_x86_64.whl (596 kB)\n[55678647-ca4e-4120-9a03-41374a3435ae/lint ]   |   Downloading PyYAML-6.0-cp39-cp39-manylinux_2_5_x86_64.manylinux1_x86_64.manylinux_2_12_x86_64.manylinux2010_x86_64.whl (661 kB)\n[55678647-ca4e-4120-9a03-41374a3435ae/build]   |      \u2501\u2501\u2501\u2501\u2501\u2501\u2501\u2501\u2501\u2501\u2501\u2501\u2501\u2501\u2501\u2501\u2501\u2501\u2501\u2501\u2501\u2501\u2501\u2501\u2501\u2501\u2501\u2501\u2501\u2501\u2501\u2501\u2501\u2501\u2501\u2501\u2501\u2501\u2501 596.3/596.3 kB 6.0 MB/s eta 0:00:00\n[55678647-ca4e-4120-9a03-41374a3435ae/lint ]   |      \u2501\u2501\u2501\u2501\u2501\u2501\u2501\u2501\u2501\u2501\u2501\u2501\u2501\u2501\u2501\u2501\u2501\u2501\u2501\u2501\u2501\u2501\u2501\u2501\u2501\u2501\u2501\u2501\u2501\u2501\u2501\u2501\u2501\u2501\u2501\u2501\u2501\u2501\u2501 661.8/661.8 kB 6.3 MB/s eta 0:00:00\n[55678647-ca4e-4120-9a03-41374a3435ae/build]   | Collecting cryptography (from skein<0.9,>=0.8->tf-yarn==0.7.0)\n[55678647-ca4e-4120-9a03-41374a3435ae/build]   |   Downloading cryptography-41.0.1-cp37-abi3-manylinux_2_28_x86_64.whl (4.3 MB)\n[55678647-ca4e-4120-9a03-41374a3435ae/lint ]   | Collecting cryptography (from skein<0.9,>=0.8->tf-yarn==0.7.0)\n[55678647-ca4e-4120-9a03-41374a3435ae/lint ]   |   Downloading cryptography-41.0.1-cp37-abi3-manylinux_2_28_x86_64.whl (4.3 MB)\n[55678647-ca4e-4120-9a03-41374a3435ae/build]   |      \u2501\u2501\u2501\u2501\u2501\u2501\u2501\u2501\u2501\u2501\u2501\u2501\u2501\u2501\u2501\u2501\u2501\u2501\u2501\u2501\u2501\u2501\u2501\u2501\u2501\u2501\u2501\u2501\u2501\u2501\u2501\u2501\u2501\u2501\u2501\u2501\u2501\u2501\u2501\u2501 4.3/4.3 MB 12.2 MB/s eta 0:00:00\n[55678647-ca4e-4120-9a03-41374a3435ae/lint ]   |      \u2501\u2501\u2501\u2501\u2501\u2501\u2501\u2501\u2501\u2501\u2501\u2501\u2501\u2501\u2501\u2501\u2501\u2501\u2501\u2501\u2501\u2501\u2501\u2501\u2501\u2501\u2501\u2501\u2501\u2501\u2501\u2501\u2501\u2501\u2501\u2501\u2501\u2501\u2501\u2501 4.3/4.3 MB 10.2 MB/s eta 0:00:00\n[55678647-ca4e-4120-9a03-41374a3435ae/build]   | Collecting numpy>=1.16.6 (from pyarrow->tf-yarn==0.7.0)\n[55678647-ca4e-4120-9a03-41374a3435ae/build]   |   Downloading numpy-1.21.6-cp37-cp37m-manylinux_2_12_x86_64.manylinux2010_x86_64.whl (15.7 MB)\n[55678647-ca4e-4120-9a03-41374a3435ae/lint ]   | Collecting numpy>=1.16.6 (from pyarrow->tf-yarn==0.7.0)\n[55678647-ca4e-4120-9a03-41374a3435ae/lint ]   |   Downloading numpy-1.25.0-cp39-cp39-manylinux_2_17_x86_64.manylinux2014_x86_64.whl (17.7 MB)\n[55678647-ca4e-4120-9a03-41374a3435ae/build]   |      \u2501\u2501\u2501\u2501\u2501\u2501\u2501\u2501\u2501\u2501\u2501\u2501\u2501\u2501\u2501\u2501\u2501\u2501\u2501\u2501\u2501\u2501\u2501\u2501\u2501\u2501\u2501\u2501\u2501\u2501\u2501\u2501\u2501\u2501\u2501\u2501\u2501\u2501\u2501\u2501 15.7/15.7 MB 10.3 MB/s eta 0:00:00\n[55678647-ca4e-4120-9a03-41374a3435ae/build]   | Collecting absl-py>=0.4 (from tensorboard->tf-yarn==0.7.0)\n[55678647-ca4e-4120-9a03-41374a3435ae/build]   |   Downloading absl_py-1.4.0-py3-none-any.whl (126 kB)\n[55678647-ca4e-4120-9a03-41374a3435ae/build]   |      \u2501\u2501\u2501\u2501\u2501\u2501\u2501\u2501\u2501\u2501\u2501\u2501\u2501\u2501\u2501\u2501\u2501\u2501\u2501\u2501\u2501\u2501\u2501\u2501\u2501\u2501\u2501\u2501\u2501\u2501\u2501\u2501\u2501\u2501\u2501\u2501\u2501\u2501\u2501 126.5/126.5 kB 1.2 MB/s eta 0:00:00\n[55678647-ca4e-4120-9a03-41374a3435ae/build]   | Collecting google-auth<3,>=1.6.3 (from tensorboard->tf-yarn==0.7.0)\n[55678647-ca4e-4120-9a03-41374a3435ae/build]   |   Downloading google_auth-2.21.0-py2.py3-none-any.whl (182 kB)\n[55678647-ca4e-4120-9a03-41374a3435ae/build]   |      \u2501\u2501\u2501\u2501\u2501\u2501\u2501\u2501\u2501\u2501\u2501\u2501\u2501\u2501\u2501\u2501\u2501\u2501\u2501\u2501\u2501\u2501\u2501\u2501\u2501\u2501\u2501\u2501\u2501\u2501\u2501\u2501\u2501\u2501\u2501\u2501\u2501\u2501\u2501 182.1/182.1 kB 2.0 MB/s eta 0:00:00\n[55678647-ca4e-4120-9a03-41374a3435ae/build]   | Collecting google-auth-oauthlib<0.5,>=0.4.1 (from tensorboard->tf-yarn==0.7.0)\n[55678647-ca4e-4120-9a03-41374a3435ae/build]   |   Downloading google_auth_oauthlib-0.4.6-py2.py3-none-any.whl (18 kB)\n[55678647-ca4e-4120-9a03-41374a3435ae/build]   | Collecting markdown>=2.6.8 (from tensorboard->tf-yarn==0.7.0)\n[55678647-ca4e-4120-9a03-41374a3435ae/lint ]   |      \u2501\u2501\u2501\u2501\u2501\u2501\u2501\u2501\u2501\u2501\u2501\u2501\u2501\u2501\u2501\u2501\u2501\u2501\u2501\u2501\u2501\u2501\u2501\u2501\u2501\u2501\u2501\u2501\u2501\u2501\u2501\u2501\u2501\u2501\u2501\u2501\u2501\u2501\u2501\u2501 17.7/17.7 MB 8.5 MB/s eta 0:00:00\n[55678647-ca4e-4120-9a03-41374a3435ae/build]   |   Downloading Markdown-3.4.3-py3-none-any.whl (93 kB)\n[55678647-ca4e-4120-9a03-41374a3435ae/build]   |      \u2501\u2501\u2501\u2501\u2501\u2501\u2501\u2501\u2501\u2501\u2501\u2501\u2501\u2501\u2501\u2501\u2501\u2501\u2501\u2501\u2501\u2501\u2501\u2501\u2501\u2501\u2501\u2501\u2501\u2501\u2501\u2501\u2501\u2501\u2501\u2501\u2501\u2501\u2501\u2501 93.9/93.9 kB 1.4 MB/s eta 0:00:00\n[55678647-ca4e-4120-9a03-41374a3435ae/build]   | Collecting protobuf>=3.5.0 (from skein<0.9,>=0.8->tf-yarn==0.7.0)\n[55678647-ca4e-4120-9a03-41374a3435ae/lint ]   | Collecting absl-py>=0.4 (from tensorboard->tf-yarn==0.7.0)\n[55678647-ca4e-4120-9a03-41374a3435ae/build]   |   Downloading protobuf-3.20.3-cp37-cp37m-manylinux_2_5_x86_64.manylinux1_x86_64.whl (1.0 MB)\n[55678647-ca4e-4120-9a03-41374a3435ae/lint ]   |   Downloading absl_py-1.4.0-py3-none-any.whl (126 kB)\n[55678647-ca4e-4120-9a03-41374a3435ae/lint ]   |      \u2501\u2501\u2501\u2501\u2501\u2501\u2501\u2501\u2501\u2501\u2501\u2501\u2501\u2501\u2501\u2501\u2501\u2501\u2501\u2501\u2501\u2501\u2501\u2501\u2501\u2501\u2501\u2501\u2501\u2501\u2501\u2501\u2501\u2501\u2501\u2501\u2501\u2501\u2501 126.5/126.5 kB 1.7 MB/s eta 0:00:00\n[55678647-ca4e-4120-9a03-41374a3435ae/build]   |      \u2501\u2501\u2501\u2501\u2501\u2501\u2501\u2501\u2501\u2501\u2501\u2501\u2501\u2501\u2501\u2501\u2501\u2501\u2501\u2501\u2501\u2501\u2501\u2501\u2501\u2501\u2501\u2501\u2501\u2501\u2501\u2501\u2501\u2501\u2501\u2501\u2501\u2501\u2501\u2501 1.0/1.0 MB 7.3 MB/s eta 0:00:00\n[55678647-ca4e-4120-9a03-41374a3435ae/build]   | Collecting requests<3,>=2.21.0 (from tensorboard->tf-yarn==0.7.0)\n[55678647-ca4e-4120-9a03-41374a3435ae/build]   |   Downloading requests-2.31.0-py3-none-any.whl (62 kB)\n[55678647-ca4e-4120-9a03-41374a3435ae/build]   |      \u2501\u2501\u2501\u2501\u2501\u2501\u2501\u2501\u2501\u2501\u2501\u2501\u2501\u2501\u2501\u2501\u2501\u2501\u2501\u2501\u2501\u2501\u2501\u2501\u2501\u2501\u2501\u2501\u2501\u2501\u2501\u2501\u2501\u2501\u2501\u2501\u2501\u2501\u2501 62.6/62.6 kB 875.1 kB/s eta 0:00:00\n[55678647-ca4e-4120-9a03-41374a3435ae/build]   | Requirement already satisfied: setuptools>=41.0.0 in /opt/hostedtoolcache/Python/3.7.11/x64/lib/python3.7/site-packages (from tensorboard->tf-yarn==0.7.0) (47.1.0)\n[55678647-ca4e-4120-9a03-41374a3435ae/lint ]   | Collecting google-auth<3,>=1.6.3 (from tensorboard->tf-yarn==0.7.0)\n[55678647-ca4e-4120-9a03-41374a3435ae/lint ]   |   Downloading google_auth-2.21.0-py2.py3-none-any.whl (182 kB)\n[55678647-ca4e-4120-9a03-41374a3435ae/build]   | Collecting tensorboard-data-server<0.7.0,>=0.6.0 (from tensorboard->tf-yarn==0.7.0)\n[55678647-ca4e-4120-9a03-41374a3435ae/lint ]   |      \u2501\u2501\u2501\u2501\u2501\u2501\u2501\u2501\u2501\u2501\u2501\u2501\u2501\u2501\u2501\u2501\u2501\u2501\u2501\u2501\u2501\u2501\u2501\u2501\u2501\u2501\u2501\u2501\u2501\u2501\u2501\u2501\u2501\u2501\u2501\u2501\u2501\u2501\u2501 182.1/182.1 kB 3.5 MB/s eta 0:00:00\n[55678647-ca4e-4120-9a03-41374a3435ae/build]   |   Downloading tensorboard_data_server-0.6.1-py3-none-manylinux2010_x86_64.whl (4.9 MB)\n[55678647-ca4e-4120-9a03-41374a3435ae/lint ]   | Collecting google-auth-oauthlib<1.1,>=0.5 (from tensorboard->tf-yarn==0.7.0)\n[55678647-ca4e-4120-9a03-41374a3435ae/lint ]   |   Downloading google_auth_oauthlib-1.0.0-py2.py3-none-any.whl (18 kB)\n[55678647-ca4e-4120-9a03-41374a3435ae/build]   |      \u2501\u2501\u2501\u2501\u2501\u2501\u2501\u2501\u2501\u2501\u2501\u2501\u2501\u2501\u2501\u2501\u2501\u2501\u2501\u2501\u2501\u2501\u2501\u2501\u2501\u2501\u2501\u2501\u2501\u2501\u2501\u2501\u2501\u2501\u2501\u2501\u2501\u2501\u2501\u2501 4.9/4.9 MB 17.0 MB/s eta 0:00:00\n[55678647-ca4e-4120-9a03-41374a3435ae/lint ]   | Collecting markdown>=2.6.8 (from tensorboard->tf-yarn==0.7.0)\n[55678647-ca4e-4120-9a03-41374a3435ae/lint ]   |   Downloading Markdown-3.4.3-py3-none-any.whl (93 kB)\n[55678647-ca4e-4120-9a03-41374a3435ae/lint ]   |      \u2501\u2501\u2501\u2501\u2501\u2501\u2501\u2501\u2501\u2501\u2501\u2501\u2501\u2501\u2501\u2501\u2501\u2501\u2501\u2501\u2501\u2501\u2501\u2501\u2501\u2501\u2501\u2501\u2501\u2501\u2501\u2501\u2501\u2501\u2501\u2501\u2501\u2501\u2501\u2501 93.9/93.9 kB 2.3 MB/s eta 0:00:00\n[55678647-ca4e-4120-9a03-41374a3435ae/build]   | Collecting tensorboard-plugin-wit>=1.6.0 (from tensorboard->tf-yarn==0.7.0)\n[55678647-ca4e-4120-9a03-41374a3435ae/build]   |   Downloading tensorboard_plugin_wit-1.8.1-py3-none-any.whl (781 kB)\n[55678647-ca4e-4120-9a03-41374a3435ae/build]   |      \u2501\u2501\u2501\u2501\u2501\u2501\u2501\u2501\u2501\u2501\u2501\u2501\u2501\u2501\u2501\u2501\u2501\u2501\u2501\u2501\u2501\u2501\u2501\u2501\u2501\u2501\u2501\u2501\u2501\u2501\u2501\u2501\u2501\u2501\u2501\u2501\u2501\u2501\u2501 781.3/781.3 kB 5.6 MB/s eta 0:00:00\n[55678647-ca4e-4120-9a03-41374a3435ae/lint ]   | Collecting requests<3,>=2.21.0 (from tensorboard->tf-yarn==0.7.0)\n[55678647-ca4e-4120-9a03-41374a3435ae/lint ]   |   Downloading requests-2.31.0-py3-none-any.whl (62 kB)\n[55678647-ca4e-4120-9a03-41374a3435ae/lint ]   |      \u2501\u2501\u2501\u2501\u2501\u2501\u2501\u2501\u2501\u2501\u2501\u2501\u2501\u2501\u2501\u2501\u2501\u2501\u2501\u2501\u2501\u2501\u2501\u2501\u2501\u2501\u2501\u2501\u2501\u2501\u2501\u2501\u2501\u2501\u2501\u2501\u2501\u2501\u2501\u2501 62.6/62.6 kB 3.7 MB/s eta 0:00:00\n[55678647-ca4e-4120-9a03-41374a3435ae/lint ]   | Requirement already satisfied: setuptools>=41.0.0 in /opt/hostedtoolcache/Python/3.9.6/x64/lib/python3.9/site-packages (from tensorboard->tf-yarn==0.7.0) (56.0.0)\n[55678647-ca4e-4120-9a03-41374a3435ae/build]   | Collecting werkzeug>=1.0.1 (from tensorboard->tf-yarn==0.7.0)\n[55678647-ca4e-4120-9a03-41374a3435ae/build]   |   Downloading Werkzeug-2.2.3-py3-none-any.whl (233 kB)\n[55678647-ca4e-4120-9a03-41374a3435ae/lint ]   | Collecting tensorboard-data-server<0.8.0,>=0.7.0 (from tensorboard->tf-yarn==0.7.0)\n[55678647-ca4e-4120-9a03-41374a3435ae/lint ]   |   Downloading tensorboard_data_server-0.7.1-py3-none-manylinux2014_x86_64.whl (6.6 MB)\n[55678647-ca4e-4120-9a03-41374a3435ae/build]   |      \u2501\u2501\u2501\u2501\u2501\u2501\u2501\u2501\u2501\u2501\u2501\u2501\u2501\u2501\u2501\u2501\u2501\u2501\u2501\u2501\u2501\u2501\u2501\u2501\u2501\u2501\u2501\u2501\u2501\u2501\u2501\u2501\u2501\u2501\u2501\u2501\u2501\u2501\u2501 233.6/233.6 kB 2.0 MB/s eta 0:00:00\n[55678647-ca4e-4120-9a03-41374a3435ae/build]   | Collecting wheel>=0.26 (from tensorboard->tf-yarn==0.7.0)\n[55678647-ca4e-4120-9a03-41374a3435ae/build]   |   Using cached wheel-0.40.0-py3-none-any.whl (64 kB)\n[55678647-ca4e-4120-9a03-41374a3435ae/lint ]   |      \u2501\u2501\u2501\u2501\u2501\u2501\u2501\u2501\u2501\u2501\u2501\u2501\u2501\u2501\u2501\u2501\u2501\u2501\u2501\u2501\u2501\u2501\u2501\u2501\u2501\u2501\u2501\u2501\u2501\u2501\u2501\u2501\u2501\u2501\u2501\u2501\u2501\u2501\u2501\u2501 6.6/6.6 MB 15.2 MB/s eta 0:00:00\n[55678647-ca4e-4120-9a03-41374a3435ae/build]   | Collecting tensorflow-io-gcs-filesystem==0.32.0 (from tensorflow-io->tf-yarn==0.7.0)\n[55678647-ca4e-4120-9a03-41374a3435ae/build]   |   Downloading tensorflow_io_gcs_filesystem-0.32.0-cp37-cp37m-manylinux_2_12_x86_64.manylinux2010_x86_64.whl (2.4 MB)\n[55678647-ca4e-4120-9a03-41374a3435ae/lint ]   | Collecting werkzeug>=1.0.1 (from tensorboard->tf-yarn==0.7.0)\n[55678647-ca4e-4120-9a03-41374a3435ae/lint ]   |   Downloading Werkzeug-2.3.6-py3-none-any.whl (242 kB)\n[55678647-ca4e-4120-9a03-41374a3435ae/lint ]   |      \u2501\u2501\u2501\u2501\u2501\u2501\u2501\u2501\u2501\u2501\u2501\u2501\u2501\u2501\u2501\u2501\u2501\u2501\u2501\u2501\u2501\u2501\u2501\u2501\u2501\u2501\u2501\u2501\u2501\u2501\u2501\u2501\u2501\u2501\u2501\u2501\u2501\u2501 242.5/242.5 kB 13.8 MB/s eta 0:00:00\n[55678647-ca4e-4120-9a03-41374a3435ae/lint ]   | Collecting wheel>=0.26 (from tensorboard->tf-yarn==0.7.0)\n[55678647-ca4e-4120-9a03-41374a3435ae/lint ]   |   Using cached wheel-0.40.0-py3-none-any.whl (64 kB)\n[55678647-ca4e-4120-9a03-41374a3435ae/build]   |      \u2501\u2501\u2501\u2501\u2501\u2501\u2501\u2501\u2501\u2501\u2501\u2501\u2501\u2501\u2501\u2501\u2501\u2501\u2501\u2501\u2501\u2501\u2501\u2501\u2501\u2501\u2501\u2501\u2501\u2501\u2501\u2501\u2501\u2501\u2501\u2501\u2501\u2501\u2501\u2501 2.4/2.4 MB 11.3 MB/s eta 0:00:00\n[55678647-ca4e-4120-9a03-41374a3435ae/lint ]   | Collecting tensorflow-io-gcs-filesystem==0.32.0 (from tensorflow-io->tf-yarn==0.7.0)\n[55678647-ca4e-4120-9a03-41374a3435ae/lint ]   |   Downloading tensorflow_io_gcs_filesystem-0.32.0-cp39-cp39-manylinux_2_12_x86_64.manylinux2010_x86_64.whl (2.4 MB)\n[55678647-ca4e-4120-9a03-41374a3435ae/build]   | Collecting cachetools<6.0,>=2.0.0 (from google-auth<3,>=1.6.3->tensorboard->tf-yarn==0.7.0)\n[55678647-ca4e-4120-9a03-41374a3435ae/build]   |   Downloading cachetools-5.3.1-py3-none-any.whl (9.3 kB)\n[55678647-ca4e-4120-9a03-41374a3435ae/build]   | Collecting pyasn1-modules>=0.2.1 (from google-auth<3,>=1.6.3->tensorboard->tf-yarn==0.7.0)\n[55678647-ca4e-4120-9a03-41374a3435ae/lint ]   |      \u2501\u2501\u2501\u2501\u2501\u2501\u2501\u2501\u2501\u2501\u2501\u2501\u2501\u2501\u2501\u2501\u2501\u2501\u2501\u2501\u2501\u2501\u2501\u2501\u2501\u2501\u2501\u2501\u2501\u2501\u2501\u2501\u2501\u2501\u2501\u2501\u2501\u2501\u2501\u2501 2.4/2.4 MB 12.5 MB/s eta 0:00:00\n[55678647-ca4e-4120-9a03-41374a3435ae/build]   |   Downloading pyasn1_modules-0.3.0-py2.py3-none-any.whl (181 kB)\n[55678647-ca4e-4120-9a03-41374a3435ae/build]   |      \u2501\u2501\u2501\u2501\u2501\u2501\u2501\u2501\u2501\u2501\u2501\u2501\u2501\u2501\u2501\u2501\u2501\u2501\u2501\u2501\u2501\u2501\u2501\u2501\u2501\u2501\u2501\u2501\u2501\u2501\u2501\u2501\u2501\u2501\u2501\u2501\u2501\u2501\u2501 181.3/181.3 kB 3.2 MB/s eta 0:00:00\n[55678647-ca4e-4120-9a03-41374a3435ae/build]   | Collecting rsa<5,>=3.1.4 (from google-auth<3,>=1.6.3->tensorboard->tf-yarn==0.7.0)\n[55678647-ca4e-4120-9a03-41374a3435ae/build]   |   Downloading rsa-4.9-py3-none-any.whl (34 kB)\n[55678647-ca4e-4120-9a03-41374a3435ae/lint ]   | Collecting cachetools<6.0,>=2.0.0 (from google-auth<3,>=1.6.3->tensorboard->tf-yarn==0.7.0)\n[55678647-ca4e-4120-9a03-41374a3435ae/lint ]   |   Downloading cachetools-5.3.1-py3-none-any.whl (9.3 kB)\n[55678647-ca4e-4120-9a03-41374a3435ae/build]   | Collecting six>=1.9.0 (from google-auth<3,>=1.6.3->tensorboard->tf-yarn==0.7.0)\n[55678647-ca4e-4120-9a03-41374a3435ae/build]   |   Downloading six-1.16.0-py2.py3-none-any.whl (11 kB)\n[55678647-ca4e-4120-9a03-41374a3435ae/lint ]   | Collecting pyasn1-modules>=0.2.1 (from google-auth<3,>=1.6.3->tensorboard->tf-yarn==0.7.0)\n[55678647-ca4e-4120-9a03-41374a3435ae/lint ]   |   Downloading pyasn1_modules-0.3.0-py2.py3-none-any.whl (181 kB)\n[55678647-ca4e-4120-9a03-41374a3435ae/lint ]   |      \u2501\u2501\u2501\u2501\u2501\u2501\u2501\u2501\u2501\u2501\u2501\u2501\u2501\u2501\u2501\u2501\u2501\u2501\u2501\u2501\u2501\u2501\u2501\u2501\u2501\u2501\u2501\u2501\u2501\u2501\u2501\u2501\u2501\u2501\u2501\u2501\u2501\u2501\u2501 181.3/181.3 kB 4.4 MB/s eta 0:00:00\n[55678647-ca4e-4120-9a03-41374a3435ae/build]   | Collecting urllib3<2.0 (from google-auth<3,>=1.6.3->tensorboard->tf-yarn==0.7.0)\n[55678647-ca4e-4120-9a03-41374a3435ae/build]   |   Downloading urllib3-1.26.16-py2.py3-none-any.whl (143 kB)\n[55678647-ca4e-4120-9a03-41374a3435ae/lint ]   | Collecting rsa<5,>=3.1.4 (from google-auth<3,>=1.6.3->tensorboard->tf-yarn==0.7.0)\n[55678647-ca4e-4120-9a03-41374a3435ae/lint ]   |   Downloading rsa-4.9-py3-none-any.whl (34 kB)\n[55678647-ca4e-4120-9a03-41374a3435ae/build]   |      \u2501\u2501\u2501\u2501\u2501\u2501\u2501\u2501\u2501\u2501\u2501\u2501\u2501\u2501\u2501\u2501\u2501\u2501\u2501\u2501\u2501\u2501\u2501\u2501\u2501\u2501\u2501\u2501\u2501\u2501\u2501\u2501\u2501\u2501\u2501\u2501\u2501\u2501\u2501 143.1/143.1 kB 2.1 MB/s eta 0:00:00\n[55678647-ca4e-4120-9a03-41374a3435ae/build]   | Collecting requests-oauthlib>=0.7.0 (from google-auth-oauthlib<0.5,>=0.4.1->tensorboard->tf-yarn==0.7.0)\n[55678647-ca4e-4120-9a03-41374a3435ae/lint ]   | Collecting six>=1.9.0 (from google-auth<3,>=1.6.3->tensorboard->tf-yarn==0.7.0)\n[55678647-ca4e-4120-9a03-41374a3435ae/build]   |   Downloading requests_oauthlib-1.3.1-py2.py3-none-any.whl (23 kB)\n[55678647-ca4e-4120-9a03-41374a3435ae/lint ]   |   Downloading six-1.16.0-py2.py3-none-any.whl (11 kB)\n[55678647-ca4e-4120-9a03-41374a3435ae/lint ]   | Collecting urllib3<2.0 (from google-auth<3,>=1.6.3->tensorboard->tf-yarn==0.7.0)\n[55678647-ca4e-4120-9a03-41374a3435ae/lint ]   |   Downloading urllib3-1.26.16-py2.py3-none-any.whl (143 kB)\n[55678647-ca4e-4120-9a03-41374a3435ae/build]   | Collecting importlib-metadata>=4.4 (from markdown>=2.6.8->tensorboard->tf-yarn==0.7.0)\n[55678647-ca4e-4120-9a03-41374a3435ae/build]   |   Downloading importlib_metadata-6.7.0-py3-none-any.whl (22 kB)\n[55678647-ca4e-4120-9a03-41374a3435ae/lint ]   |      \u2501\u2501\u2501\u2501\u2501\u2501\u2501\u2501\u2501\u2501\u2501\u2501\u2501\u2501\u2501\u2501\u2501\u2501\u2501\u2501\u2501\u2501\u2501\u2501\u2501\u2501\u2501\u2501\u2501\u2501\u2501\u2501\u2501\u2501\u2501\u2501\u2501\u2501\u2501 143.1/143.1 kB 1.9 MB/s eta 0:00:00\n[55678647-ca4e-4120-9a03-41374a3435ae/lint ]   | Collecting requests-oauthlib>=0.7.0 (from google-auth-oauthlib<1.1,>=0.5->tensorboard->tf-yarn==0.7.0)\n[55678647-ca4e-4120-9a03-41374a3435ae/lint ]   |   Downloading requests_oauthlib-1.3.1-py2.py3-none-any.whl (23 kB)\n[55678647-ca4e-4120-9a03-41374a3435ae/build]   | Collecting charset-normalizer<4,>=2 (from requests<3,>=2.21.0->tensorboard->tf-yarn==0.7.0)\n[55678647-ca4e-4120-9a03-41374a3435ae/build]   |   Downloading charset_normalizer-3.1.0-cp37-cp37m-manylinux_2_17_x86_64.manylinux2014_x86_64.whl (171 kB)\n[55678647-ca4e-4120-9a03-41374a3435ae/lint ]   | Collecting importlib-metadata>=4.4 (from markdown>=2.6.8->tensorboard->tf-yarn==0.7.0)\n[55678647-ca4e-4120-9a03-41374a3435ae/lint ]   |   Downloading importlib_metadata-6.7.0-py3-none-any.whl (22 kB)\n[55678647-ca4e-4120-9a03-41374a3435ae/build]   |      \u2501\u2501\u2501\u2501\u2501\u2501\u2501\u2501\u2501\u2501\u2501\u2501\u2501\u2501\u2501\u2501\u2501\u2501\u2501\u2501\u2501\u2501\u2501\u2501\u2501\u2501\u2501\u2501\u2501\u2501\u2501\u2501\u2501\u2501\u2501\u2501\u2501 171.0/171.0 kB 870.1 kB/s eta 0:00:00\n[55678647-ca4e-4120-9a03-41374a3435ae/build]   | Collecting idna<4,>=2.5 (from requests<3,>=2.21.0->tensorboard->tf-yarn==0.7.0)\n[55678647-ca4e-4120-9a03-41374a3435ae/build]   |   Downloading idna-3.4-py3-none-any.whl (61 kB)\n[55678647-ca4e-4120-9a03-41374a3435ae/build]   |      \u2501\u2501\u2501\u2501\u2501\u2501\u2501\u2501\u2501\u2501\u2501\u2501\u2501\u2501\u2501\u2501\u2501\u2501\u2501\u2501\u2501\u2501\u2501\u2501\u2501\u2501\u2501\u2501\u2501\u2501\u2501\u2501\u2501\u2501\u2501\u2501\u2501\u2501\u2501\u2501 61.5/61.5 kB 1.3 MB/s eta 0:00:00\n[55678647-ca4e-4120-9a03-41374a3435ae/build]   | Collecting certifi>=2017.4.17 (from requests<3,>=2.21.0->tensorboard->tf-yarn==0.7.0)\n[55678647-ca4e-4120-9a03-41374a3435ae/build]   |   Downloading certifi-2023.5.7-py3-none-any.whl (156 kB)\n[55678647-ca4e-4120-9a03-41374a3435ae/lint ]   | Collecting charset-normalizer<4,>=2 (from requests<3,>=2.21.0->tensorboard->tf-yarn==0.7.0)\n[55678647-ca4e-4120-9a03-41374a3435ae/build]   |      \u2501\u2501\u2501\u2501\u2501\u2501\u2501\u2501\u2501\u2501\u2501\u2501\u2501\u2501\u2501\u2501\u2501\u2501\u2501\u2501\u2501\u2501\u2501\u2501\u2501\u2501\u2501\u2501\u2501\u2501\u2501\u2501\u2501\u2501\u2501\u2501\u2501\u2501\u2501 157.0/157.0 kB 2.6 MB/s eta 0:00:00\n[55678647-ca4e-4120-9a03-41374a3435ae/lint ]   |   Downloading charset_normalizer-3.1.0-cp39-cp39-manylinux_2_17_x86_64.manylinux2014_x86_64.whl (199 kB)\n[55678647-ca4e-4120-9a03-41374a3435ae/lint ]   |      \u2501\u2501\u2501\u2501\u2501\u2501\u2501\u2501\u2501\u2501\u2501\u2501\u2501\u2501\u2501\u2501\u2501\u2501\u2501\u2501\u2501\u2501\u2501\u2501\u2501\u2501\u2501\u2501\u2501\u2501\u2501\u2501\u2501\u2501\u2501\u2501\u2501\u2501\u2501 199.2/199.2 kB 3.1 MB/s eta 0:00:00\n[55678647-ca4e-4120-9a03-41374a3435ae/lint ]   | Collecting idna<4,>=2.5 (from requests<3,>=2.21.0->tensorboard->tf-yarn==0.7.0)\n[55678647-ca4e-4120-9a03-41374a3435ae/lint ]   |   Downloading idna-3.4-py3-none-any.whl (61 kB)\n[55678647-ca4e-4120-9a03-41374a3435ae/lint ]   |      \u2501\u2501\u2501\u2501\u2501\u2501\u2501\u2501\u2501\u2501\u2501\u2501\u2501\u2501\u2501\u2501\u2501\u2501\u2501\u2501\u2501\u2501\u2501\u2501\u2501\u2501\u2501\u2501\u2501\u2501\u2501\u2501\u2501\u2501\u2501\u2501\u2501\u2501\u2501 61.5/61.5 kB 787.7 kB/s eta 0:00:00\n[55678647-ca4e-4120-9a03-41374a3435ae/build]   | Collecting MarkupSafe>=2.1.1 (from werkzeug>=1.0.1->tensorboard->tf-yarn==0.7.0)\n[55678647-ca4e-4120-9a03-41374a3435ae/build]   |   Downloading MarkupSafe-2.1.3-cp37-cp37m-manylinux_2_17_x86_64.manylinux2014_x86_64.whl (25 kB)\n[55678647-ca4e-4120-9a03-41374a3435ae/lint ]   | Collecting certifi>=2017.4.17 (from requests<3,>=2.21.0->tensorboard->tf-yarn==0.7.0)\n[55678647-ca4e-4120-9a03-41374a3435ae/lint ]   |   Downloading certifi-2023.5.7-py3-none-any.whl (156 kB)\n[55678647-ca4e-4120-9a03-41374a3435ae/lint ]   |      \u2501\u2501\u2501\u2501\u2501\u2501\u2501\u2501\u2501\u2501\u2501\u2501\u2501\u2501\u2501\u2501\u2501\u2501\u2501\u2501\u2501\u2501\u2501\u2501\u2501\u2501\u2501\u2501\u2501\u2501\u2501\u2501\u2501\u2501\u2501\u2501\u2501\u2501\u2501 157.0/157.0 kB 3.3 MB/s eta 0:00:00\n[55678647-ca4e-4120-9a03-41374a3435ae/lint ]   | Collecting MarkupSafe>=2.1.1 (from werkzeug>=1.0.1->tensorboard->tf-yarn==0.7.0)\n[55678647-ca4e-4120-9a03-41374a3435ae/lint ]   |   Downloading MarkupSafe-2.1.3-cp39-cp39-manylinux_2_17_x86_64.manylinux2014_x86_64.whl (25 kB)\n[55678647-ca4e-4120-9a03-41374a3435ae/build]   | Collecting cffi>=1.12 (from cryptography->skein<0.9,>=0.8->tf-yarn==0.7.0)\n[55678647-ca4e-4120-9a03-41374a3435ae/build]   |   Downloading cffi-1.15.1-cp37-cp37m-manylinux_2_17_x86_64.manylinux2014_x86_64.whl (427 kB)\n[55678647-ca4e-4120-9a03-41374a3435ae/build]   |      \u2501\u2501\u2501\u2501\u2501\u2501\u2501\u2501\u2501\u2501\u2501\u2501\u2501\u2501\u2501\u2501\u2501\u2501\u2501\u2501\u2501\u2501\u2501\u2501\u2501\u2501\u2501\u2501\u2501\u2501\u2501\u2501\u2501\u2501\u2501\u2501\u2501\u2501\u2501 427.9/427.9 kB 4.8 MB/s eta 0:00:00\n[55678647-ca4e-4120-9a03-41374a3435ae/build]   | Collecting termcolor (from fire->cluster-pack<3.0.0,>=0.2.19->tf-yarn==0.7.0)\n[55678647-ca4e-4120-9a03-41374a3435ae/build]   |   Downloading termcolor-2.3.0-py3-none-any.whl (6.9 kB)\n[55678647-ca4e-4120-9a03-41374a3435ae/build]   | Collecting pycparser (from cffi>=1.12->cryptography->skein<0.9,>=0.8->tf-yarn==0.7.0)\n[55678647-ca4e-4120-9a03-41374a3435ae/build]   |   Downloading pycparser-2.21-py2.py3-none-any.whl (118 kB)\n[55678647-ca4e-4120-9a03-41374a3435ae/build]   |      \u2501\u2501\u2501\u2501\u2501\u2501\u2501\u2501\u2501\u2501\u2501\u2501\u2501\u2501\u2501\u2501\u2501\u2501\u2501\u2501\u2501\u2501\u2501\u2501\u2501\u2501\u2501\u2501\u2501\u2501\u2501\u2501\u2501\u2501\u2501\u2501\u2501\u2501\u2501 118.7/118.7 kB 1.3 MB/s eta 0:00:00\n[55678647-ca4e-4120-9a03-41374a3435ae/lint ]   | Collecting cffi>=1.12 (from cryptography->skein<0.9,>=0.8->tf-yarn==0.7.0)\n[55678647-ca4e-4120-9a03-41374a3435ae/lint ]   |   Downloading cffi-1.15.1-cp39-cp39-manylinux_2_17_x86_64.manylinux2014_x86_64.whl (441 kB)\n[55678647-ca4e-4120-9a03-41374a3435ae/lint ]   |      \u2501\u2501\u2501\u2501\u2501\u2501\u2501\u2501\u2501\u2501\u2501\u2501\u2501\u2501\u2501\u2501\u2501\u2501\u2501\u2501\u2501\u2501\u2501\u2501\u2501\u2501\u2501\u2501\u2501\u2501\u2501\u2501\u2501\u2501\u2501\u2501\u2501\u2501 441.2/441.2 kB 12.8 MB/s eta 0:00:00\n[55678647-ca4e-4120-9a03-41374a3435ae/lint ]   | Collecting termcolor (from fire->cluster-pack<3.0.0,>=0.2.19->tf-yarn==0.7.0)\n[55678647-ca4e-4120-9a03-41374a3435ae/lint ]   |   Downloading termcolor-2.3.0-py3-none-any.whl (6.9 kB)\n[55678647-ca4e-4120-9a03-41374a3435ae/build]   | Collecting zipp>=0.5 (from importlib-metadata>=4.4->markdown>=2.6.8->tensorboard->tf-yarn==0.7.0)\n[55678647-ca4e-4120-9a03-41374a3435ae/build]   |   Downloading zipp-3.15.0-py3-none-any.whl (6.8 kB)\n[55678647-ca4e-4120-9a03-41374a3435ae/build]   | Collecting typing-extensions>=3.6.4 (from importlib-metadata>=4.4->markdown>=2.6.8->tensorboard->tf-yarn==0.7.0)\n[55678647-ca4e-4120-9a03-41374a3435ae/lint ]   | Collecting pycparser (from cffi>=1.12->cryptography->skein<0.9,>=0.8->tf-yarn==0.7.0)\n[55678647-ca4e-4120-9a03-41374a3435ae/build]   |   Downloading typing_extensions-4.7.0-py3-none-any.whl (33 kB)\n[55678647-ca4e-4120-9a03-41374a3435ae/lint ]   |   Downloading pycparser-2.21-py2.py3-none-any.whl (118 kB)\n[55678647-ca4e-4120-9a03-41374a3435ae/lint ]   |      \u2501\u2501\u2501\u2501\u2501\u2501\u2501\u2501\u2501\u2501\u2501\u2501\u2501\u2501\u2501\u2501\u2501\u2501\u2501\u2501\u2501\u2501\u2501\u2501\u2501\u2501\u2501\u2501\u2501\u2501\u2501\u2501\u2501\u2501\u2501\u2501\u2501\u2501\u2501 118.7/118.7 kB 1.7 MB/s eta 0:00:00\n[55678647-ca4e-4120-9a03-41374a3435ae/build]   | Collecting pyasn1<0.6.0,>=0.4.6 (from pyasn1-modules>=0.2.1->google-auth<3,>=1.6.3->tensorboard->tf-yarn==0.7.0)\n[55678647-ca4e-4120-9a03-41374a3435ae/build]   |   Downloading pyasn1-0.5.0-py2.py3-none-any.whl (83 kB)\n[55678647-ca4e-4120-9a03-41374a3435ae/build]   |      \u2501\u2501\u2501\u2501\u2501\u2501\u2501\u2501\u2501\u2501\u2501\u2501\u2501\u2501\u2501\u2501\u2501\u2501\u2501\u2501\u2501\u2501\u2501\u2501\u2501\u2501\u2501\u2501\u2501\u2501\u2501\u2501\u2501\u2501\u2501\u2501\u2501\u2501\u2501 83.9/83.9 kB 801.7 kB/s eta 0:00:00\n[55678647-ca4e-4120-9a03-41374a3435ae/build]   | Collecting oauthlib>=3.0.0 (from requests-oauthlib>=0.7.0->google-auth-oauthlib<0.5,>=0.4.1->tensorboard->tf-yarn==0.7.0)\n[55678647-ca4e-4120-9a03-41374a3435ae/lint ]   | Collecting zipp>=0.5 (from importlib-metadata>=4.4->markdown>=2.6.8->tensorboard->tf-yarn==0.7.0)\n[55678647-ca4e-4120-9a03-41374a3435ae/lint ]   |   Downloading zipp-3.15.0-py3-none-any.whl (6.8 kB)\n[55678647-ca4e-4120-9a03-41374a3435ae/build]   |   Downloading oauthlib-3.2.2-py3-none-any.whl (151 kB)\n[55678647-ca4e-4120-9a03-41374a3435ae/build]   |      \u2501\u2501\u2501\u2501\u2501\u2501\u2501\u2501\u2501\u2501\u2501\u2501\u2501\u2501\u2501\u2501\u2501\u2501\u2501\u2501\u2501\u2501\u2501\u2501\u2501\u2501\u2501\u2501\u2501\u2501\u2501\u2501\u2501\u2501\u2501\u2501\u2501\u2501\u2501 151.7/151.7 kB 2.5 MB/s eta 0:00:00\n[55678647-ca4e-4120-9a03-41374a3435ae/lint ]   | Collecting pyasn1<0.6.0,>=0.4.6 (from pyasn1-modules>=0.2.1->google-auth<3,>=1.6.3->tensorboard->tf-yarn==0.7.0)\n[55678647-ca4e-4120-9a03-41374a3435ae/lint ]   |   Downloading pyasn1-0.5.0-py2.py3-none-any.whl (83 kB)\n[55678647-ca4e-4120-9a03-41374a3435ae/lint ]   |      \u2501\u2501\u2501\u2501\u2501\u2501\u2501\u2501\u2501\u2501\u2501\u2501\u2501\u2501\u2501\u2501\u2501\u2501\u2501\u2501\u2501\u2501\u2501\u2501\u2501\u2501\u2501\u2501\u2501\u2501\u2501\u2501\u2501\u2501\u2501\u2501\u2501\u2501\u2501\u2501 83.9/83.9 kB 1.2 MB/s eta 0:00:00\n[55678647-ca4e-4120-9a03-41374a3435ae/build]   | Building wheels for collected packages: tf-yarn, conda-pack, fire\n[55678647-ca4e-4120-9a03-41374a3435ae/build]   |   Building wheel for tf-yarn (pyproject.toml): started\n[55678647-ca4e-4120-9a03-41374a3435ae/lint ]   | Collecting oauthlib>=3.0.0 (from requests-oauthlib>=0.7.0->google-auth-oauthlib<1.1,>=0.5->tensorboard->tf-yarn==0.7.0)\n[55678647-ca4e-4120-9a03-41374a3435ae/lint ]   |   Downloading oauthlib-3.2.2-py3-none-any.whl (151 kB)\n[55678647-ca4e-4120-9a03-41374a3435ae/lint ]   |      \u2501\u2501\u2501\u2501\u2501\u2501\u2501\u2501\u2501\u2501\u2501\u2501\u2501\u2501\u2501\u2501\u2501\u2501\u2501\u2501\u2501\u2501\u2501\u2501\u2501\u2501\u2501\u2501\u2501\u2501\u2501\u2501\u2501\u2501\u2501\u2501\u2501\u2501\u2501 151.7/151.7 kB 1.3 MB/s eta 0:00:00\n[55678647-ca4e-4120-9a03-41374a3435ae/build]   |   Building wheel for tf-yarn (pyproject.toml): finished with status 'done'\n[55678647-ca4e-4120-9a03-41374a3435ae/build]   |   Created wheel for tf-yarn: filename=tf_yarn-0.7.0-py3-none-any.whl size=67377 sha256=9e63b857eb49941339aacf1771601ff2c0faef4c5fbf263f915c14e3b7da2dee\n[55678647-ca4e-4120-9a03-41374a3435ae/build]   |   Stored in directory: /home/runneradmin/.cache/pip/wheels/6c/70/84/070806b0906338e824619267a5587dcde6a7ecc65b0bf08ee5\n[55678647-ca4e-4120-9a03-41374a3435ae/lint ]   | Building wheels for collected packages: tf-yarn, conda-pack, fire\n[55678647-ca4e-4120-9a03-41374a3435ae/build]   |   Building wheel for conda-pack (pyproject.toml): started\n[55678647-ca4e-4120-9a03-41374a3435ae/lint ]   |   Building wheel for tf-yarn (pyproject.toml): started\n[55678647-ca4e-4120-9a03-41374a3435ae/build]   |   Building wheel for conda-pack (pyproject.toml): finished with status 'done'\n[55678647-ca4e-4120-9a03-41374a3435ae/build]   |   Created wheel for conda-pack: filename=conda_pack-0.6.0-py2.py3-none-any.whl size=30883 sha256=e74ec617bb3fbbc80072bf59c9b4e1f274b3acad1b43593874e383aebc5e4bd5\n[55678647-ca4e-4120-9a03-41374a3435ae/build]   |   Stored in directory: /home/runneradmin/.cache/pip/wheels/5e/56/89/483e866f95618f50910d5efb84b9b378cf30f518b1195f59b4\n[55678647-ca4e-4120-9a03-41374a3435ae/build]   |   Building wheel for fire (pyproject.toml): started\n[55678647-ca4e-4120-9a03-41374a3435ae/lint ]   |   Building wheel for tf-yarn (pyproject.toml): finished with status 'done'\n[55678647-ca4e-4120-9a03-41374a3435ae/lint ]   |   Created wheel for tf-yarn: filename=tf_yarn-0.7.0-py3-none-any.whl size=67377 sha256=9e63b857eb49941339aacf1771601ff2c0faef4c5fbf263f915c14e3b7da2dee\n[55678647-ca4e-4120-9a03-41374a3435ae/lint ]   |   Stored in directory: /home/runneradmin/.cache/pip/wheels/af/76/cc/54940363164d8f988ae2b8a78182eda23b0354ab7aa0d521cb\n[55678647-ca4e-4120-9a03-41374a3435ae/lint ]   |   Building wheel for conda-pack (pyproject.toml): started\n[55678647-ca4e-4120-9a03-41374a3435ae/lint ]   |   Building wheel for conda-pack (pyproject.toml): finished with status 'done'\n[55678647-ca4e-4120-9a03-41374a3435ae/lint ]   |   Created wheel for conda-pack: filename=conda_pack-0.6.0-py2.py3-none-any.whl size=30883 sha256=b7508b000bebd2bdd702eaba5792643cb3a856113d51ad70fa06f6b7a3c6e764\n[55678647-ca4e-4120-9a03-41374a3435ae/lint ]   |   Stored in directory: /home/runneradmin/.cache/pip/wheels/5a/7a/32/c0d49871404b32012e3b16bf669f5d3aaf168a395fe0cda4f0\n[55678647-ca4e-4120-9a03-41374a3435ae/lint ]   |   Building wheel for fire (pyproject.toml): started\n[55678647-ca4e-4120-9a03-41374a3435ae/build]   |   Building wheel for fire (pyproject.toml): finished with status 'done'\n[55678647-ca4e-4120-9a03-41374a3435ae/build]   |   Created wheel for fire: filename=fire-0.5.0-py2.py3-none-any.whl size=116932 sha256=c9ac53fb5702cedd66c11dff802f87802c08c46aa26d62076bb825ab02a6fc25\n[55678647-ca4e-4120-9a03-41374a3435ae/build]   |   Stored in directory: /home/runneradmin/.cache/pip/wheels/20/97/e1/dd2c472bebcdcaa85fdc07d0f19020299f1c86773028860c53\n[55678647-ca4e-4120-9a03-41374a3435ae/build]   | Successfully built tf-yarn conda-pack fire\n[55678647-ca4e-4120-9a03-41374a3435ae/lint ]   |   Building wheel for fire (pyproject.toml): finished with status 'done'\n[55678647-ca4e-4120-9a03-41374a3435ae/lint ]   |   Created wheel for fire: filename=fire-0.5.0-py2.py3-none-any.whl size=116932 sha256=c9ac53fb5702cedd66c11dff802f87802c08c46aa26d62076bb825ab02a6fc25\n[55678647-ca4e-4120-9a03-41374a3435ae/lint ]   |   Stored in directory: /home/runneradmin/.cache/pip/wheels/f7/f1/89/b9ea2bf8f80ec027a88fef1d354b3816b4d3d29530988972f6\n[55678647-ca4e-4120-9a03-41374a3435ae/lint ]   | Successfully built tf-yarn conda-pack fire\n[55678647-ca4e-4120-9a03-41374a3435ae/build]   | Installing collected packages: types-setuptools, tensorboard-plugin-wit, zipp, wheel-filename, wheel, urllib3, typing-extensions, termcolor, tensorflow-io-gcs-filesystem, tensorboard-data-server, six, pyyaml, pycparser, pyasn1, psutil, protobuf, pex, oauthlib, numpy, MarkupSafe, idna, grpcio, conda-pack, cloudpickle, charset-normalizer, certifi, cachetools, absl-py, werkzeug, tensorflow-io, rsa, requests, pyasn1-modules, pyarrow, importlib-metadata, fire, cffi, requests-oauthlib, markdown, google-auth, cryptography, cluster-pack, skein, google-auth-oauthlib, tensorboard, tf-yarn\n[55678647-ca4e-4120-9a03-41374a3435ae/lint ]   | Installing collected packages: types-setuptools, zipp, wheel-filename, wheel, urllib3, termcolor, tensorflow-io-gcs-filesystem, tensorboard-data-server, six, pyyaml, pycparser, pyasn1, psutil, protobuf, pex, oauthlib, numpy, MarkupSafe, idna, grpcio, conda-pack, cloudpickle, charset-normalizer, certifi, cachetools, absl-py, werkzeug, tensorflow-io, rsa, requests, pyasn1-modules, pyarrow, importlib-metadata, fire, cffi, requests-oauthlib, markdown, google-auth, cryptography, cluster-pack, skein, google-auth-oauthlib, tensorboard, tf-yarn\n[55678647-ca4e-4120-9a03-41374a3435ae/build]   | Successfully installed MarkupSafe-2.1.3 absl-py-1.4.0 cachetools-5.3.1 certifi-2023.5.7 cffi-1.15.1 charset-normalizer-3.1.0 cloudpickle-2.2.1 cluster-pack-0.3.0 conda-pack-0.6.0 cryptography-41.0.1 fire-0.5.0 google-auth-2.21.0 google-auth-oauthlib-0.4.6 grpcio-1.56.0 idna-3.4 importlib-metadata-6.7.0 markdown-3.4.3 numpy-1.21.6 oauthlib-3.2.2 pex-2.1.137 protobuf-3.20.3 psutil-5.9.5 pyarrow-12.0.1 pyasn1-0.5.0 pyasn1-modules-0.3.0 pycparser-2.21 pyyaml-6.0 requests-2.31.0 requests-oauthlib-1.3.1 rsa-4.9 six-1.16.0 skein-0.8.2 tensorboard-2.11.2 tensorboard-data-server-0.6.1 tensorboard-plugin-wit-1.8.1 tensorflow-io-0.32.0 tensorflow-io-gcs-filesystem-0.32.0 termcolor-2.3.0 tf-yarn-0.7.0 types-setuptools-68.0.0.0 typing-extensions-4.7.0 urllib3-1.26.16 werkzeug-2.2.3 wheel-0.40.0 wheel-filename-1.4.1 zipp-3.15.0\n[55678647-ca4e-4120-9a03-41374a3435ae/build]   | \n[55678647-ca4e-4120-9a03-41374a3435ae/build]   | [notice] A new release of pip is available: 20.1.1 -> 23.1.2\n[55678647-ca4e-4120-9a03-41374a3435ae/build]   | [notice] To update, run: pip install --upgrade pip\n[55678647-ca4e-4120-9a03-41374a3435ae/lint ]   | Successfully installed MarkupSafe-2.1.3 absl-py-1.4.0 cachetools-5.3.1 certifi-2023.5.7 cffi-1.15.1 charset-normalizer-3.1.0 cloudpickle-2.2.1 cluster-pack-0.3.0 conda-pack-0.6.0 cryptography-41.0.1 fire-0.5.0 google-auth-2.21.0 google-auth-oauthlib-1.0.0 grpcio-1.56.0 idna-3.4 importlib-metadata-6.7.0 markdown-3.4.3 numpy-1.25.0 oauthlib-3.2.2 pex-2.1.137 protobuf-4.23.3 psutil-5.9.5 pyarrow-12.0.1 pyasn1-0.5.0 pyasn1-modules-0.3.0 pycparser-2.21 pyyaml-6.0 requests-2.31.0 requests-oauthlib-1.3.1 rsa-4.9 six-1.16.0 skein-0.8.2 tensorboard-2.13.0 tensorboard-data-server-0.7.1 tensorflow-io-0.32.0 tensorflow-io-gcs-filesystem-0.32.0 termcolor-2.3.0 tf-yarn-0.7.0 types-setuptools-68.0.0.0 urllib3-1.26.16 werkzeug-2.3.6 wheel-0.40.0 wheel-filename-1.4.1 zipp-3.15.0\n[55678647-ca4e-4120-9a03-41374a3435ae/lint ]   | \n[55678647-ca4e-4120-9a03-41374a3435ae/lint ]   | [notice] A new release of pip is available: 21.1.3 -> 23.1.2\n[55678647-ca4e-4120-9a03-41374a3435ae/lint ]   | [notice] To update, run: pip install --upgrade pip\n[55678647-ca4e-4120-9a03-41374a3435ae/build]   | Collecting pytest (from -r tests-requirements.txt (line 1))\n[55678647-ca4e-4120-9a03-41374a3435ae/build]   |   Downloading pytest-7.4.0-py3-none-any.whl (323 kB)\n[55678647-ca4e-4120-9a03-41374a3435ae/build]   |      \u2501\u2501\u2501\u2501\u2501\u2501\u2501\u2501\u2501\u2501\u2501\u2501\u2501\u2501\u2501\u2501\u2501\u2501\u2501\u2501\u2501\u2501\u2501\u2501\u2501\u2501\u2501\u2501\u2501\u2501\u2501\u2501\u2501\u2501\u2501\u2501\u2501\u2501\u2501 323.6/323.6 kB 3.6 MB/s eta 0:00:00\n[55678647-ca4e-4120-9a03-41374a3435ae/lint ]   | Collecting pytest (from -r tests-requirements.txt (line 1))\n[55678647-ca4e-4120-9a03-41374a3435ae/lint ]   |   Downloading pytest-7.4.0-py3-none-any.whl (323 kB)\n[55678647-ca4e-4120-9a03-41374a3435ae/build]   | Collecting pylama (from -r tests-requirements.txt (line 2))\n[55678647-ca4e-4120-9a03-41374a3435ae/build]   |   Downloading pylama-8.4.1-py3-none-any.whl (33 kB)\n[55678647-ca4e-4120-9a03-41374a3435ae/lint ]   |      \u2501\u2501\u2501\u2501\u2501\u2501\u2501\u2501\u2501\u2501\u2501\u2501\u2501\u2501\u2501\u2501\u2501\u2501\u2501\u2501\u2501\u2501\u2501\u2501\u2501\u2501\u2501\u2501\u2501\u2501\u2501\u2501\u2501\u2501\u2501\u2501\u2501\u2501\u2501 323.6/323.6 kB 2.1 MB/s eta 0:00:00\n[55678647-ca4e-4120-9a03-41374a3435ae/lint ]   | Collecting pylama (from -r tests-requirements.txt (line 2))\n[55678647-ca4e-4120-9a03-41374a3435ae/lint ]   |   Downloading pylama-8.4.1-py3-none-any.whl (33 kB)\n[55678647-ca4e-4120-9a03-41374a3435ae/build]   | Collecting mypy==0.790 (from -r tests-requirements.txt (line 3))\n[55678647-ca4e-4120-9a03-41374a3435ae/build]   |   Downloading mypy-0.790-cp37-cp37m-manylinux1_x86_64.whl (21.0 MB)\n[55678647-ca4e-4120-9a03-41374a3435ae/lint ]   | Collecting mypy==0.790 (from -r tests-requirements.txt (line 3))\n[55678647-ca4e-4120-9a03-41374a3435ae/lint ]   |   Downloading mypy-0.790-py3-none-any.whl (2.4 MB)\n[55678647-ca4e-4120-9a03-41374a3435ae/lint ]   |      \u2501\u2501\u2501\u2501\u2501\u2501\u2501\u2501\u2501\u2501\u2501\u2501\u2501\u2501\u2501\u2501\u2501\u2501\u2501\u2501\u2501\u2501\u2501\u2501\u2501\u2501\u2501\u2501\u2501\u2501\u2501\u2501\u2501\u2501\u2501\u2501\u2501\u2501\u2501\u2501 2.4/2.4 MB 9.6 MB/s eta 0:00:00\n[55678647-ca4e-4120-9a03-41374a3435ae/lint ]   | Collecting mock (from -r tests-requirements.txt (line 4))\n[55678647-ca4e-4120-9a03-41374a3435ae/lint ]   |   Downloading mock-5.0.2-py3-none-any.whl (30 kB)\n[55678647-ca4e-4120-9a03-41374a3435ae/lint ]   | Collecting pyflakes==2.4.0 (from -r tests-requirements.txt (line 7))\n[55678647-ca4e-4120-9a03-41374a3435ae/lint ]   |   Downloading pyflakes-2.4.0-py2.py3-none-any.whl (69 kB)\n[55678647-ca4e-4120-9a03-41374a3435ae/lint ]   |      \u2501\u2501\u2501\u2501\u2501\u2501\u2501\u2501\u2501\u2501\u2501\u2501\u2501\u2501\u2501\u2501\u2501\u2501\u2501\u2501\u2501\u2501\u2501\u2501\u2501\u2501\u2501\u2501\u2501\u2501\u2501\u2501\u2501\u2501\u2501\u2501\u2501\u2501\u2501 69.7/69.7 kB 840.8 kB/s eta 0:00:00\n[55678647-ca4e-4120-9a03-41374a3435ae/lint ]   | Collecting pycodestyle==2.8.0 (from -r tests-requirements.txt (line 8))\n[55678647-ca4e-4120-9a03-41374a3435ae/lint ]   |   Downloading pycodestyle-2.8.0-py2.py3-none-any.whl (42 kB)\n[55678647-ca4e-4120-9a03-41374a3435ae/lint ]   |      \u2501\u2501\u2501\u2501\u2501\u2501\u2501\u2501\u2501\u2501\u2501\u2501\u2501\u2501\u2501\u2501\u2501\u2501\u2501\u2501\u2501\u2501\u2501\u2501\u2501\u2501\u2501\u2501\u2501\u2501\u2501\u2501\u2501\u2501\u2501\u2501\u2501\u2501\u2501 42.1/42.1 kB 253.8 kB/s eta 0:00:00\n[55678647-ca4e-4120-9a03-41374a3435ae/build]   |      \u2501\u2501\u2501\u2501\u2501\u2501\u2501\u2501\u2501\u2501\u2501\u2501\u2501\u2501\u2501\u2501\u2501\u2501\u2501\u2501\u2501\u2501\u2501\u2501\u2501\u2501\u2501\u2501\u2501\u2501\u2501\u2501\u2501\u2501\u2501\u2501\u2501\u2501\u2501\u2501 21.0/21.0 MB 10.9 MB/s eta 0:00:00\n[55678647-ca4e-4120-9a03-41374a3435ae/build]   | Collecting mock (from -r tests-requirements.txt (line 4))\n[55678647-ca4e-4120-9a03-41374a3435ae/build]   |   Downloading mock-5.0.2-py3-none-any.whl (30 kB)\n[55678647-ca4e-4120-9a03-41374a3435ae/build]   | Collecting pyflakes==2.4.0 (from -r tests-requirements.txt (line 7))\n[55678647-ca4e-4120-9a03-41374a3435ae/lint ]   | Collecting typed-ast<1.5.0,>=1.4.0 (from mypy==0.790->-r tests-requirements.txt (line 3))\n[55678647-ca4e-4120-9a03-41374a3435ae/build]   |   Downloading pyflakes-2.4.0-py2.py3-none-any.whl (69 kB)\n[55678647-ca4e-4120-9a03-41374a3435ae/lint ]   |   Downloading typed_ast-1.4.3-cp39-cp39-manylinux1_x86_64.whl (769 kB)\n[55678647-ca4e-4120-9a03-41374a3435ae/build]   |      \u2501\u2501\u2501\u2501\u2501\u2501\u2501\u2501\u2501\u2501\u2501\u2501\u2501\u2501\u2501\u2501\u2501\u2501\u2501\u2501\u2501\u2501\u2501\u2501\u2501\u2501\u2501\u2501\u2501\u2501\u2501\u2501\u2501\u2501\u2501\u2501\u2501\u2501\u2501 69.7/69.7 kB 593.7 kB/s eta 0:00:00\n[55678647-ca4e-4120-9a03-41374a3435ae/lint ]   |      \u2501\u2501\u2501\u2501\u2501\u2501\u2501\u2501\u2501\u2501\u2501\u2501\u2501\u2501\u2501\u2501\u2501\u2501\u2501\u2501\u2501\u2501\u2501\u2501\u2501\u2501\u2501\u2501\u2501\u2501\u2501\u2501\u2501\u2501\u2501\u2501\u2501\u2501\u2501 769.2/769.2 kB 7.3 MB/s eta 0:00:00\n[55678647-ca4e-4120-9a03-41374a3435ae/build]   | Collecting pycodestyle==2.8.0 (from -r tests-requirements.txt (line 8))\n[55678647-ca4e-4120-9a03-41374a3435ae/build]   |   Downloading pycodestyle-2.8.0-py2.py3-none-any.whl (42 kB)\n[55678647-ca4e-4120-9a03-41374a3435ae/build]   |      \u2501\u2501\u2501\u2501\u2501\u2501\u2501\u2501\u2501\u2501\u2501\u2501\u2501\u2501\u2501\u2501\u2501\u2501\u2501\u2501\u2501\u2501\u2501\u2501\u2501\u2501\u2501\u2501\u2501\u2501\u2501\u2501\u2501\u2501\u2501\u2501\u2501\u2501\u2501\u2501 42.1/42.1 kB 3.1 MB/s eta 0:00:00\n[55678647-ca4e-4120-9a03-41374a3435ae/lint ]   | Collecting typing-extensions>=3.7.4 (from mypy==0.790->-r tests-requirements.txt (line 3))\n[55678647-ca4e-4120-9a03-41374a3435ae/lint ]   |   Downloading typing_extensions-4.7.0-py3-none-any.whl (33 kB)\n[55678647-ca4e-4120-9a03-41374a3435ae/build]   | Collecting typed-ast<1.5.0,>=1.4.0 (from mypy==0.790->-r tests-requirements.txt (line 3))\n[55678647-ca4e-4120-9a03-41374a3435ae/build]   |   Downloading typed_ast-1.4.3-cp37-cp37m-manylinux1_x86_64.whl (743 kB)\n[55678647-ca4e-4120-9a03-41374a3435ae/lint ]   | Collecting mypy-extensions<0.5.0,>=0.4.3 (from mypy==0.790->-r tests-requirements.txt (line 3))\n[55678647-ca4e-4120-9a03-41374a3435ae/lint ]   |   Downloading mypy_extensions-0.4.4.tar.gz (4.2 kB)\n[55678647-ca4e-4120-9a03-41374a3435ae/build]   |      \u2501\u2501\u2501\u2501\u2501\u2501\u2501\u2501\u2501\u2501\u2501\u2501\u2501\u2501\u2501\u2501\u2501\u2501\u2501\u2501\u2501\u2501\u2501\u2501\u2501\u2501\u2501\u2501\u2501\u2501\u2501\u2501\u2501\u2501\u2501\u2501\u2501\u2501 743.4/743.4 kB 12.0 MB/s eta 0:00:00\n[55678647-ca4e-4120-9a03-41374a3435ae/build]   | Requirement already satisfied: typing-extensions>=3.7.4 in /opt/hostedtoolcache/Python/3.7.11/x64/lib/python3.7/site-packages (from mypy==0.790->-r tests-requirements.txt (line 3)) (4.7.0)\n[55678647-ca4e-4120-9a03-41374a3435ae/lint ]   |   Preparing metadata (setup.py): started\n[55678647-ca4e-4120-9a03-41374a3435ae/build]   | Collecting mypy-extensions<0.5.0,>=0.4.3 (from mypy==0.790->-r tests-requirements.txt (line 3))\n[55678647-ca4e-4120-9a03-41374a3435ae/build]   |   Downloading mypy_extensions-0.4.4.tar.gz (4.2 kB)\n[55678647-ca4e-4120-9a03-41374a3435ae/build]   |   Preparing metadata (setup.py): started\n[55678647-ca4e-4120-9a03-41374a3435ae/lint ]   |   Preparing metadata (setup.py): finished with status 'done'\n[55678647-ca4e-4120-9a03-41374a3435ae/build]   |   Preparing metadata (setup.py): finished with status 'done'\n[55678647-ca4e-4120-9a03-41374a3435ae/lint ]   | Collecting iniconfig (from pytest->-r tests-requirements.txt (line 1))\n[55678647-ca4e-4120-9a03-41374a3435ae/lint ]   |   Downloading iniconfig-2.0.0-py3-none-any.whl (5.9 kB)\n[55678647-ca4e-4120-9a03-41374a3435ae/build]   | Collecting iniconfig (from pytest->-r tests-requirements.txt (line 1))\n[55678647-ca4e-4120-9a03-41374a3435ae/build]   |   Downloading iniconfig-2.0.0-py3-none-any.whl (5.9 kB)\n[55678647-ca4e-4120-9a03-41374a3435ae/lint ]   | Collecting packaging (from pytest->-r tests-requirements.txt (line 1))\n[55678647-ca4e-4120-9a03-41374a3435ae/lint ]   |   Downloading packaging-23.1-py3-none-any.whl (48 kB)\n[55678647-ca4e-4120-9a03-41374a3435ae/lint ]   |      \u2501\u2501\u2501\u2501\u2501\u2501\u2501\u2501\u2501\u2501\u2501\u2501\u2501\u2501\u2501\u2501\u2501\u2501\u2501\u2501\u2501\u2501\u2501\u2501\u2501\u2501\u2501\u2501\u2501\u2501\u2501\u2501\u2501\u2501\u2501\u2501\u2501\u2501\u2501 48.9/48.9 kB 536.5 kB/s eta 0:00:00\n[55678647-ca4e-4120-9a03-41374a3435ae/build]   | Collecting packaging (from pytest->-r tests-requirements.txt (line 1))\n[55678647-ca4e-4120-9a03-41374a3435ae/build]   |   Downloading packaging-23.1-py3-none-any.whl (48 kB)\n[55678647-ca4e-4120-9a03-41374a3435ae/build]   |      \u2501\u2501\u2501\u2501\u2501\u2501\u2501\u2501\u2501\u2501\u2501\u2501\u2501\u2501\u2501\u2501\u2501\u2501\u2501\u2501\u2501\u2501\u2501\u2501\u2501\u2501\u2501\u2501\u2501\u2501\u2501\u2501\u2501\u2501\u2501\u2501\u2501\u2501\u2501 48.9/48.9 kB 857.6 kB/s eta 0:00:00\n[55678647-ca4e-4120-9a03-41374a3435ae/lint ]   | Collecting pluggy<2.0,>=0.12 (from pytest->-r tests-requirements.txt (line 1))\n[55678647-ca4e-4120-9a03-41374a3435ae/lint ]   |   Downloading pluggy-1.2.0-py3-none-any.whl (17 kB)\n[55678647-ca4e-4120-9a03-41374a3435ae/build]   | Collecting pluggy<2.0,>=0.12 (from pytest->-r tests-requirements.txt (line 1))\n[55678647-ca4e-4120-9a03-41374a3435ae/build]   |   Downloading pluggy-1.2.0-py3-none-any.whl (17 kB)\n[55678647-ca4e-4120-9a03-41374a3435ae/lint ]   | Collecting exceptiongroup>=1.0.0rc8 (from pytest->-r tests-requirements.txt (line 1))\n[55678647-ca4e-4120-9a03-41374a3435ae/lint ]   |   Downloading exceptiongroup-1.1.1-py3-none-any.whl (14 kB)\n[55678647-ca4e-4120-9a03-41374a3435ae/build]   | Collecting exceptiongroup>=1.0.0rc8 (from pytest->-r tests-requirements.txt (line 1))\n[55678647-ca4e-4120-9a03-41374a3435ae/build]   |   Downloading exceptiongroup-1.1.1-py3-none-any.whl (14 kB)\n[55678647-ca4e-4120-9a03-41374a3435ae/lint ]   | Collecting tomli>=1.0.0 (from pytest->-r tests-requirements.txt (line 1))\n[55678647-ca4e-4120-9a03-41374a3435ae/lint ]   |   Downloading tomli-2.0.1-py3-none-any.whl (12 kB)\n[55678647-ca4e-4120-9a03-41374a3435ae/build]   | Collecting tomli>=1.0.0 (from pytest->-r tests-requirements.txt (line 1))\n[55678647-ca4e-4120-9a03-41374a3435ae/build]   |   Downloading tomli-2.0.1-py3-none-any.whl (12 kB)\n[55678647-ca4e-4120-9a03-41374a3435ae/build]   | Requirement already satisfied: importlib-metadata>=0.12 in /opt/hostedtoolcache/Python/3.7.11/x64/lib/python3.7/site-packages (from pytest->-r tests-requirements.txt (line 1)) (6.7.0)\n[55678647-ca4e-4120-9a03-41374a3435ae/lint ]   | Collecting mccabe>=0.7.0 (from pylama->-r tests-requirements.txt (line 2))\n[55678647-ca4e-4120-9a03-41374a3435ae/lint ]   |   Downloading mccabe-0.7.0-py2.py3-none-any.whl (7.3 kB)\n[55678647-ca4e-4120-9a03-41374a3435ae/lint ]   | INFO: pip is looking at multiple versions of pylama to determine which version is compatible with other requirements. This could take a while.\n[55678647-ca4e-4120-9a03-41374a3435ae/lint ]   | Collecting pylama (from -r tests-requirements.txt (line 2))\n[55678647-ca4e-4120-9a03-41374a3435ae/lint ]   |   Downloading pylama-8.4.0-py3-none-any.whl (33 kB)\n[55678647-ca4e-4120-9a03-41374a3435ae/build]   | Collecting mccabe>=0.7.0 (from pylama->-r tests-requirements.txt (line 2))\n[55678647-ca4e-4120-9a03-41374a3435ae/build]   |   Downloading mccabe-0.7.0-py2.py3-none-any.whl (7.3 kB)\n[55678647-ca4e-4120-9a03-41374a3435ae/build]   | INFO: pip is looking at multiple versions of pylama to determine which version is compatible with other requirements. This could take a while.\n[55678647-ca4e-4120-9a03-41374a3435ae/build]   | Collecting pylama (from -r tests-requirements.txt (line 2))\n[55678647-ca4e-4120-9a03-41374a3435ae/build]   |   Downloading pylama-8.4.0-py3-none-any.whl (33 kB)\n[55678647-ca4e-4120-9a03-41374a3435ae/lint ]   |   Downloading pylama-8.3.8-py3-none-any.whl (32 kB)\n[55678647-ca4e-4120-9a03-41374a3435ae/build]   |   Downloading pylama-8.3.8-py3-none-any.whl (32 kB)\n[55678647-ca4e-4120-9a03-41374a3435ae/lint ]   | Collecting pydocstyle>=6.1.1 (from pylama->-r tests-requirements.txt (line 2))\n[55678647-ca4e-4120-9a03-41374a3435ae/lint ]   |   Downloading pydocstyle-6.3.0-py3-none-any.whl (38 kB)\n[55678647-ca4e-4120-9a03-41374a3435ae/build]   | Collecting pydocstyle>=6.1.1 (from pylama->-r tests-requirements.txt (line 2))\n[55678647-ca4e-4120-9a03-41374a3435ae/build]   |   Downloading pydocstyle-6.3.0-py3-none-any.whl (38 kB)\n[55678647-ca4e-4120-9a03-41374a3435ae/build]   | Requirement already satisfied: zipp>=0.5 in /opt/hostedtoolcache/Python/3.7.11/x64/lib/python3.7/site-packages (from importlib-metadata>=0.12->pytest->-r tests-requirements.txt (line 1)) (3.15.0)\n[55678647-ca4e-4120-9a03-41374a3435ae/lint ]   | Collecting snowballstemmer>=2.2.0 (from pydocstyle>=6.1.1->pylama->-r tests-requirements.txt (line 2))\n[55678647-ca4e-4120-9a03-41374a3435ae/lint ]   |   Downloading snowballstemmer-2.2.0-py2.py3-none-any.whl (93 kB)\n[55678647-ca4e-4120-9a03-41374a3435ae/lint ]   |      \u2501\u2501\u2501\u2501\u2501\u2501\u2501\u2501\u2501\u2501\u2501\u2501\u2501\u2501\u2501\u2501\u2501\u2501\u2501\u2501\u2501\u2501\u2501\u2501\u2501\u2501\u2501\u2501\u2501\u2501\u2501\u2501\u2501\u2501\u2501\u2501\u2501\u2501\u2501\u2501 93.0/93.0 kB 6.6 MB/s eta 0:00:00\n[55678647-ca4e-4120-9a03-41374a3435ae/lint ]   | Building wheels for collected packages: mypy-extensions\n[55678647-ca4e-4120-9a03-41374a3435ae/lint ]   |   Building wheel for mypy-extensions (setup.py): started\n[55678647-ca4e-4120-9a03-41374a3435ae/build]   | Collecting importlib-metadata>=0.12 (from pytest->-r tests-requirements.txt (line 1))\n[55678647-ca4e-4120-9a03-41374a3435ae/build]   |   Downloading importlib_metadata-4.13.0-py3-none-any.whl (23 kB)\n[55678647-ca4e-4120-9a03-41374a3435ae/build]   | Collecting snowballstemmer>=2.2.0 (from pydocstyle>=6.1.1->pylama->-r tests-requirements.txt (line 2))\n[55678647-ca4e-4120-9a03-41374a3435ae/build]   |   Downloading snowballstemmer-2.2.0-py2.py3-none-any.whl (93 kB)\n[55678647-ca4e-4120-9a03-41374a3435ae/build]   |      \u2501\u2501\u2501\u2501\u2501\u2501\u2501\u2501\u2501\u2501\u2501\u2501\u2501\u2501\u2501\u2501\u2501\u2501\u2501\u2501\u2501\u2501\u2501\u2501\u2501\u2501\u2501\u2501\u2501\u2501\u2501\u2501\u2501\u2501\u2501\u2501\u2501\u2501\u2501\u2501 93.0/93.0 kB 2.4 MB/s eta 0:00:00\n[55678647-ca4e-4120-9a03-41374a3435ae/lint ]   |   Building wheel for mypy-extensions (setup.py): finished with status 'done'\n[55678647-ca4e-4120-9a03-41374a3435ae/lint ]   |   Created wheel for mypy-extensions: filename=mypy_extensions-0.4.4-py2.py3-none-any.whl size=4480 sha256=da396a37347ae92bc2f678db6c812f0edbcd19e156d182f646b2b663a8917ec2\n[55678647-ca4e-4120-9a03-41374a3435ae/lint ]   |   Stored in directory: /home/runneradmin/.cache/pip/wheels/5e/53/31/a2f6574f22c8f2d131a5ab0b5f59fa04bc9666517f214243c9\n[55678647-ca4e-4120-9a03-41374a3435ae/lint ]   | Successfully built mypy-extensions\n[55678647-ca4e-4120-9a03-41374a3435ae/build]   | Building wheels for collected packages: mypy-extensions\n[55678647-ca4e-4120-9a03-41374a3435ae/build]   |   Building wheel for mypy-extensions (setup.py): started\n[55678647-ca4e-4120-9a03-41374a3435ae/lint ]   | Installing collected packages: typed-ast, snowballstemmer, typing-extensions, tomli, pyflakes, pydocstyle, pycodestyle, pluggy, packaging, mypy-extensions, mock, mccabe, iniconfig, exceptiongroup, pytest, pylama, mypy\n[55678647-ca4e-4120-9a03-41374a3435ae/build]   |   Building wheel for mypy-extensions (setup.py): finished with status 'done'\n[55678647-ca4e-4120-9a03-41374a3435ae/build]   |   Created wheel for mypy-extensions: filename=mypy_extensions-0.4.4-py2.py3-none-any.whl size=4480 sha256=da396a37347ae92bc2f678db6c812f0edbcd19e156d182f646b2b663a8917ec2\n[55678647-ca4e-4120-9a03-41374a3435ae/build]   |   Stored in directory: /home/runneradmin/.cache/pip/wheels/97/cf/58/bf015bb6184d3acc0945bae055dd1966df277e81de6ded76dc\n[55678647-ca4e-4120-9a03-41374a3435ae/build]   | Successfully built mypy-extensions\n[55678647-ca4e-4120-9a03-41374a3435ae/build]   | Installing collected packages: typed-ast, snowballstemmer, tomli, pyflakes, pycodestyle, packaging, mypy-extensions, mock, mccabe, iniconfig, importlib-metadata, exceptiongroup, pydocstyle, pluggy, mypy, pytest, pylama\n[55678647-ca4e-4120-9a03-41374a3435ae/build]   |   Attempting uninstall: importlib-metadata\n[55678647-ca4e-4120-9a03-41374a3435ae/build]   |     Found existing installation: importlib-metadata 6.7.0\n[55678647-ca4e-4120-9a03-41374a3435ae/build]   |     Uninstalling importlib-metadata-6.7.0:\n[55678647-ca4e-4120-9a03-41374a3435ae/build]   |       Successfully uninstalled importlib-metadata-6.7.0\n[55678647-ca4e-4120-9a03-41374a3435ae/lint ]   | Successfully installed exceptiongroup-1.1.1 iniconfig-2.0.0 mccabe-0.7.0 mock-5.0.2 mypy-0.790 mypy-extensions-0.4.4 packaging-23.1 pluggy-1.2.0 pycodestyle-2.8.0 pydocstyle-6.3.0 pyflakes-2.4.0 pylama-8.3.8 pytest-7.4.0 snowballstemmer-2.2.0 tomli-2.0.1 typed-ast-1.4.3 typing-extensions-4.7.0\n[55678647-ca4e-4120-9a03-41374a3435ae/lint ]   | \n[55678647-ca4e-4120-9a03-41374a3435ae/lint ]   | [notice] A new release of pip is available: 21.1.3 -> 23.1.2\n[55678647-ca4e-4120-9a03-41374a3435ae/lint ]   | [notice] To update, run: pip install --upgrade pip\n[55678647-ca4e-4120-9a03-41374a3435ae/lint ]   \u2705  Success - Main Install dependencies\n[55678647-ca4e-4120-9a03-41374a3435ae/lint ] \u2b50 Run Main Linter\n[55678647-ca4e-4120-9a03-41374a3435ae/lint ]   \ud83d\udc33  docker exec cmd=[bash --noprofile --norc -e -o pipefail /var/run/act/workflow/3] user= workdir=\n[55678647-ca4e-4120-9a03-41374a3435ae/build]   | Successfully installed exceptiongroup-1.1.1 importlib-metadata-4.13.0 iniconfig-2.0.0 mccabe-0.7.0 mock-5.0.2 mypy-0.790 mypy-extensions-0.4.4 packaging-23.1 pluggy-1.2.0 pycodestyle-2.8.0 pydocstyle-6.3.0 pyflakes-2.4.0 pylama-8.3.8 pytest-7.4.0 snowballstemmer-2.2.0 tomli-2.0.1 typed-ast-1.4.3\n[55678647-ca4e-4120-9a03-41374a3435ae/build]   | \n[55678647-ca4e-4120-9a03-41374a3435ae/build]   | [notice] A new release of pip is available: 20.1.1 -> 23.1.2\n[55678647-ca4e-4120-9a03-41374a3435ae/build]   | [notice] To update, run: pip install --upgrade pip\n[55678647-ca4e-4120-9a03-41374a3435ae/build]   | Requirement already satisfied: tensorflow-io[tensorflow] in /opt/hostedtoolcache/Python/3.7.11/x64/lib/python3.7/site-packages (0.32.0)\n[55678647-ca4e-4120-9a03-41374a3435ae/build]   | Requirement already satisfied: tensorflow-io-gcs-filesystem==0.32.0 in /opt/hostedtoolcache/Python/3.7.11/x64/lib/python3.7/site-packages (from tensorflow-io[tensorflow]) (0.32.0)\n[55678647-ca4e-4120-9a03-41374a3435ae/build]   | INFO: pip is looking at multiple versions of tensorflow-io[tensorflow] to determine which version is compatible with other requirements. This could take a while.\n[55678647-ca4e-4120-9a03-41374a3435ae/build]   | Collecting tensorflow-io[tensorflow]\n[55678647-ca4e-4120-9a03-41374a3435ae/build]   |   Downloading tensorflow_io-0.31.0-cp37-cp37m-manylinux_2_12_x86_64.manylinux2010_x86_64.whl (26.9 MB)\n[55678647-ca4e-4120-9a03-41374a3435ae/build]   |      \u2501\u2501\u2501\u2501\u2501\u2501\u2501\u2501\u2501\u2501\u2501\u2501\u2501\u2501\u2501\u2501\u2501\u2501\u2501\u2501\u2501\u2501\u2501\u2501\u2501\u2501\u2501\u2501\u2501\u2501\u2501\u2501\u2501\u2501\u2501\u2501\u2501\u2501\u2501\u2501 26.9/26.9 MB 6.4 MB/s eta 0:00:00\n[55678647-ca4e-4120-9a03-41374a3435ae/build]   | Collecting tensorflow-io-gcs-filesystem==0.31.0 (from tensorflow-io[tensorflow])\n[55678647-ca4e-4120-9a03-41374a3435ae/build]   |   Downloading tensorflow_io_gcs_filesystem-0.31.0-cp37-cp37m-manylinux_2_12_x86_64.manylinux2010_x86_64.whl (2.4 MB)\n[55678647-ca4e-4120-9a03-41374a3435ae/build]   |      \u2501\u2501\u2501\u2501\u2501\u2501\u2501\u2501\u2501\u2501\u2501\u2501\u2501\u2501\u2501\u2501\u2501\u2501\u2501\u2501\u2501\u2501\u2501\u2501\u2501\u2501\u2501\u2501\u2501\u2501\u2501\u2501\u2501\u2501\u2501\u2501\u2501\u2501\u2501\u2501 2.4/2.4 MB 4.4 MB/s eta 0:00:00\n[55678647-ca4e-4120-9a03-41374a3435ae/build]   | Collecting tensorflow<2.12.0,>=2.11.0 (from tensorflow-io[tensorflow])\n[55678647-ca4e-4120-9a03-41374a3435ae/build]   |   Downloading tensorflow-2.11.0-cp37-cp37m-manylinux_2_17_x86_64.manylinux2014_x86_64.whl (588.3 MB)\n[55678647-ca4e-4120-9a03-41374a3435ae/lint ]   \u2705  Success - Main Linter\n[55678647-ca4e-4120-9a03-41374a3435ae/lint ] \u2b50 Run Main Typer checker\n[55678647-ca4e-4120-9a03-41374a3435ae/lint ]   \ud83d\udc33  docker exec cmd=[bash --noprofile --norc -e -o pipefail /var/run/act/workflow/4] user= workdir=\n[55678647-ca4e-4120-9a03-41374a3435ae/lint ]   | Success: no issues found in 52 source files\n[55678647-ca4e-4120-9a03-41374a3435ae/lint ]   \u2705  Success - Main Typer checker\n[55678647-ca4e-4120-9a03-41374a3435ae/lint ] \u2b50 Run Post Set up Python 3.9\n[55678647-ca4e-4120-9a03-41374a3435ae/lint ]   \ud83d\udc33  docker exec cmd=[node /var/run/act/actions/actions-setup-python@v3/dist/cache-save/index.js] user= workdir=\n[55678647-ca4e-4120-9a03-41374a3435ae/lint ]   \u2705  Success - Post Set up Python 3.9\n[55678647-ca4e-4120-9a03-41374a3435ae/build]   |      \u2501\u2501\u2501\u2501\u2501\u2501\u2501\u2501\u2501\u2501\u2501\u2501\u2501\u2501\u2501\u2501\u2501\u2501\u2501\u2501\u2501\u2501\u2501\u2501\u2501\u2501\u2501\u2501\u2501\u2501\u2501\u2501\u2501\u2501\u2501\u2501\u2501\u2501\u2501 588.3/588.3 MB 2.4 MB/s eta 0:00:00\n[55678647-ca4e-4120-9a03-41374a3435ae/build]   | Requirement already satisfied: absl-py>=1.0.0 in /opt/hostedtoolcache/Python/3.7.11/x64/lib/python3.7/site-packages (from tensorflow<2.12.0,>=2.11.0->tensorflow-io[tensorflow]) (1.4.0)\n[55678647-ca4e-4120-9a03-41374a3435ae/build]   | Collecting astunparse>=1.6.0 (from tensorflow<2.12.0,>=2.11.0->tensorflow-io[tensorflow])\n[55678647-ca4e-4120-9a03-41374a3435ae/build]   |   Downloading astunparse-1.6.3-py2.py3-none-any.whl (12 kB)\n[55678647-ca4e-4120-9a03-41374a3435ae/build]   | Collecting flatbuffers>=2.0 (from tensorflow<2.12.0,>=2.11.0->tensorflow-io[tensorflow])\n[55678647-ca4e-4120-9a03-41374a3435ae/build]   |   Downloading flatbuffers-23.5.26-py2.py3-none-any.whl (26 kB)\n[55678647-ca4e-4120-9a03-41374a3435ae/build]   | Collecting gast<=0.4.0,>=0.2.1 (from tensorflow<2.12.0,>=2.11.0->tensorflow-io[tensorflow])\n[55678647-ca4e-4120-9a03-41374a3435ae/build]   |   Downloading gast-0.4.0-py3-none-any.whl (9.8 kB)\n[55678647-ca4e-4120-9a03-41374a3435ae/build]   | Collecting google-pasta>=0.1.1 (from tensorflow<2.12.0,>=2.11.0->tensorflow-io[tensorflow])\n[55678647-ca4e-4120-9a03-41374a3435ae/build]   |   Downloading google_pasta-0.2.0-py3-none-any.whl (57 kB)\n[55678647-ca4e-4120-9a03-41374a3435ae/build]   |      \u2501\u2501\u2501\u2501\u2501\u2501\u2501\u2501\u2501\u2501\u2501\u2501\u2501\u2501\u2501\u2501\u2501\u2501\u2501\u2501\u2501\u2501\u2501\u2501\u2501\u2501\u2501\u2501\u2501\u2501\u2501\u2501\u2501\u2501\u2501\u2501\u2501\u2501\u2501 57.5/57.5 kB 562.1 kB/s eta 0:00:00\n[55678647-ca4e-4120-9a03-41374a3435ae/build]   | Requirement already satisfied: grpcio<2.0,>=1.24.3 in /opt/hostedtoolcache/Python/3.7.11/x64/lib/python3.7/site-packages (from tensorflow<2.12.0,>=2.11.0->tensorflow-io[tensorflow]) (1.56.0)\n[55678647-ca4e-4120-9a03-41374a3435ae/build]   | Collecting h5py>=2.9.0 (from tensorflow<2.12.0,>=2.11.0->tensorflow-io[tensorflow])\n[55678647-ca4e-4120-9a03-41374a3435ae/build]   |   Downloading h5py-3.8.0-cp37-cp37m-manylinux_2_17_x86_64.manylinux2014_x86_64.whl (4.3 MB)\n[55678647-ca4e-4120-9a03-41374a3435ae/build]   |      \u2501\u2501\u2501\u2501\u2501\u2501\u2501\u2501\u2501\u2501\u2501\u2501\u2501\u2501\u2501\u2501\u2501\u2501\u2501\u2501\u2501\u2501\u2501\u2501\u2501\u2501\u2501\u2501\u2501\u2501\u2501\u2501\u2501\u2501\u2501\u2501\u2501\u2501\u2501\u2501 4.3/4.3 MB 15.3 MB/s eta 0:00:00\n[55678647-ca4e-4120-9a03-41374a3435ae/build]   | Collecting keras<2.12,>=2.11.0 (from tensorflow<2.12.0,>=2.11.0->tensorflow-io[tensorflow])\n[55678647-ca4e-4120-9a03-41374a3435ae/build]   |   Downloading keras-2.11.0-py2.py3-none-any.whl (1.7 MB)\n[55678647-ca4e-4120-9a03-41374a3435ae/build]   |      \u2501\u2501\u2501\u2501\u2501\u2501\u2501\u2501\u2501\u2501\u2501\u2501\u2501\u2501\u2501\u2501\u2501\u2501\u2501\u2501\u2501\u2501\u2501\u2501\u2501\u2501\u2501\u2501\u2501\u2501\u2501\u2501\u2501\u2501\u2501\u2501\u2501\u2501\u2501\u2501 1.7/1.7 MB 12.0 MB/s eta 0:00:00\n[55678647-ca4e-4120-9a03-41374a3435ae/build]   | Collecting libclang>=13.0.0 (from tensorflow<2.12.0,>=2.11.0->tensorflow-io[tensorflow])\n[55678647-ca4e-4120-9a03-41374a3435ae/build]   |   Downloading libclang-16.0.0-py2.py3-none-manylinux2010_x86_64.whl (22.9 MB)\n[55678647-ca4e-4120-9a03-41374a3435ae/build]   |      \u2501\u2501\u2501\u2501\u2501\u2501\u2501\u2501\u2501\u2501\u2501\u2501\u2501\u2501\u2501\u2501\u2501\u2501\u2501\u2501\u2501\u2501\u2501\u2501\u2501\u2501\u2501\u2501\u2501\u2501\u2501\u2501\u2501\u2501\u2501\u2501\u2501\u2501\u2501\u2501 22.9/22.9 MB 12.1 MB/s eta 0:00:00\n[55678647-ca4e-4120-9a03-41374a3435ae/build]   | Requirement already satisfied: numpy>=1.20 in /opt/hostedtoolcache/Python/3.7.11/x64/lib/python3.7/site-packages (from tensorflow<2.12.0,>=2.11.0->tensorflow-io[tensorflow]) (1.21.6)\n[55678647-ca4e-4120-9a03-41374a3435ae/build]   | Collecting opt-einsum>=2.3.2 (from tensorflow<2.12.0,>=2.11.0->tensorflow-io[tensorflow])\n[55678647-ca4e-4120-9a03-41374a3435ae/build]   |   Downloading opt_einsum-3.3.0-py3-none-any.whl (65 kB)\n[55678647-ca4e-4120-9a03-41374a3435ae/build]   |      \u2501\u2501\u2501\u2501\u2501\u2501\u2501\u2501\u2501\u2501\u2501\u2501\u2501\u2501\u2501\u2501\u2501\u2501\u2501\u2501\u2501\u2501\u2501\u2501\u2501\u2501\u2501\u2501\u2501\u2501\u2501\u2501\u2501\u2501\u2501\u2501\u2501\u2501\u2501\u2501 65.5/65.5 kB 4.6 MB/s eta 0:00:00\n[55678647-ca4e-4120-9a03-41374a3435ae/build]   | Requirement already satisfied: packaging in /opt/hostedtoolcache/Python/3.7.11/x64/lib/python3.7/site-packages (from tensorflow<2.12.0,>=2.11.0->tensorflow-io[tensorflow]) (23.1)\n[55678647-ca4e-4120-9a03-41374a3435ae/build]   | Collecting protobuf<3.20,>=3.9.2 (from tensorflow<2.12.0,>=2.11.0->tensorflow-io[tensorflow])\n[55678647-ca4e-4120-9a03-41374a3435ae/build]   |   Downloading protobuf-3.19.6-cp37-cp37m-manylinux_2_17_x86_64.manylinux2014_x86_64.whl (1.1 MB)\n[55678647-ca4e-4120-9a03-41374a3435ae/build]   |      \u2501\u2501\u2501\u2501\u2501\u2501\u2501\u2501\u2501\u2501\u2501\u2501\u2501\u2501\u2501\u2501\u2501\u2501\u2501\u2501\u2501\u2501\u2501\u2501\u2501\u2501\u2501\u2501\u2501\u2501\u2501\u2501\u2501\u2501\u2501\u2501\u2501\u2501\u2501\u2501 1.1/1.1 MB 7.9 MB/s eta 0:00:00\n[55678647-ca4e-4120-9a03-41374a3435ae/build]   | Requirement already satisfied: setuptools in /opt/hostedtoolcache/Python/3.7.11/x64/lib/python3.7/site-packages (from tensorflow<2.12.0,>=2.11.0->tensorflow-io[tensorflow]) (47.1.0)\n[55678647-ca4e-4120-9a03-41374a3435ae/build]   | Requirement already satisfied: six>=1.12.0 in /opt/hostedtoolcache/Python/3.7.11/x64/lib/python3.7/site-packages (from tensorflow<2.12.0,>=2.11.0->tensorflow-io[tensorflow]) (1.16.0)\n[55678647-ca4e-4120-9a03-41374a3435ae/build]   | Requirement already satisfied: tensorboard<2.12,>=2.11 in /opt/hostedtoolcache/Python/3.7.11/x64/lib/python3.7/site-packages (from tensorflow<2.12.0,>=2.11.0->tensorflow-io[tensorflow]) (2.11.2)\n[55678647-ca4e-4120-9a03-41374a3435ae/build]   | Collecting tensorflow-estimator<2.12,>=2.11.0 (from tensorflow<2.12.0,>=2.11.0->tensorflow-io[tensorflow])\n[55678647-ca4e-4120-9a03-41374a3435ae/build]   |   Downloading tensorflow_estimator-2.11.0-py2.py3-none-any.whl (439 kB)\n[55678647-ca4e-4120-9a03-41374a3435ae/build]   |      \u2501\u2501\u2501\u2501\u2501\u2501\u2501\u2501\u2501\u2501\u2501\u2501\u2501\u2501\u2501\u2501\u2501\u2501\u2501\u2501\u2501\u2501\u2501\u2501\u2501\u2501\u2501\u2501\u2501\u2501\u2501\u2501\u2501\u2501\u2501\u2501\u2501\u2501\u2501 439.2/439.2 kB 4.8 MB/s eta 0:00:00\n[55678647-ca4e-4120-9a03-41374a3435ae/build]   | Requirement already satisfied: termcolor>=1.1.0 in /opt/hostedtoolcache/Python/3.7.11/x64/lib/python3.7/site-packages (from tensorflow<2.12.0,>=2.11.0->tensorflow-io[tensorflow]) (2.3.0)\n[55678647-ca4e-4120-9a03-41374a3435ae/build]   | Requirement already satisfied: typing-extensions>=3.6.6 in /opt/hostedtoolcache/Python/3.7.11/x64/lib/python3.7/site-packages (from tensorflow<2.12.0,>=2.11.0->tensorflow-io[tensorflow]) (4.7.0)\n[55678647-ca4e-4120-9a03-41374a3435ae/build]   | Collecting wrapt>=1.11.0 (from tensorflow<2.12.0,>=2.11.0->tensorflow-io[tensorflow])\n[55678647-ca4e-4120-9a03-41374a3435ae/build]   |   Downloading wrapt-1.15.0-cp37-cp37m-manylinux_2_5_x86_64.manylinux1_x86_64.manylinux_2_17_x86_64.manylinux2014_x86_64.whl (75 kB)\n[55678647-ca4e-4120-9a03-41374a3435ae/build]   |      \u2501\u2501\u2501\u2501\u2501\u2501\u2501\u2501\u2501\u2501\u2501\u2501\u2501\u2501\u2501\u2501\u2501\u2501\u2501\u2501\u2501\u2501\u2501\u2501\u2501\u2501\u2501\u2501\u2501\u2501\u2501\u2501\u2501\u2501\u2501\u2501\u2501\u2501\u2501\u2501 75.7/75.7 kB 6.4 MB/s eta 0:00:00\n[55678647-ca4e-4120-9a03-41374a3435ae/build]   | Requirement already satisfied: wheel<1.0,>=0.23.0 in /opt/hostedtoolcache/Python/3.7.11/x64/lib/python3.7/site-packages (from astunparse>=1.6.0->tensorflow<2.12.0,>=2.11.0->tensorflow-io[tensorflow]) (0.40.0)\n[55678647-ca4e-4120-9a03-41374a3435ae/build]   | Requirement already satisfied: google-auth<3,>=1.6.3 in /opt/hostedtoolcache/Python/3.7.11/x64/lib/python3.7/site-packages (from tensorboard<2.12,>=2.11->tensorflow<2.12.0,>=2.11.0->tensorflow-io[tensorflow]) (2.21.0)\n[55678647-ca4e-4120-9a03-41374a3435ae/build]   | Requirement already satisfied: google-auth-oauthlib<0.5,>=0.4.1 in /opt/hostedtoolcache/Python/3.7.11/x64/lib/python3.7/site-packages (from tensorboard<2.12,>=2.11->tensorflow<2.12.0,>=2.11.0->tensorflow-io[tensorflow]) (0.4.6)\n[55678647-ca4e-4120-9a03-41374a3435ae/build]   | Requirement already satisfied: markdown>=2.6.8 in /opt/hostedtoolcache/Python/3.7.11/x64/lib/python3.7/site-packages (from tensorboard<2.12,>=2.11->tensorflow<2.12.0,>=2.11.0->tensorflow-io[tensorflow]) (3.4.3)\n[55678647-ca4e-4120-9a03-41374a3435ae/build]   | Requirement already satisfied: requests<3,>=2.21.0 in /opt/hostedtoolcache/Python/3.7.11/x64/lib/python3.7/site-packages (from tensorboard<2.12,>=2.11->tensorflow<2.12.0,>=2.11.0->tensorflow-io[tensorflow]) (2.31.0)\n[55678647-ca4e-4120-9a03-41374a3435ae/build]   | Requirement already satisfied: tensorboard-data-server<0.7.0,>=0.6.0 in /opt/hostedtoolcache/Python/3.7.11/x64/lib/python3.7/site-packages (from tensorboard<2.12,>=2.11->tensorflow<2.12.0,>=2.11.0->tensorflow-io[tensorflow]) (0.6.1)\n[55678647-ca4e-4120-9a03-41374a3435ae/build]   | Requirement already satisfied: tensorboard-plugin-wit>=1.6.0 in /opt/hostedtoolcache/Python/3.7.11/x64/lib/python3.7/site-packages (from tensorboard<2.12,>=2.11->tensorflow<2.12.0,>=2.11.0->tensorflow-io[tensorflow]) (1.8.1)\n[55678647-ca4e-4120-9a03-41374a3435ae/build]   | Requirement already satisfied: werkzeug>=1.0.1 in /opt/hostedtoolcache/Python/3.7.11/x64/lib/python3.7/site-packages (from tensorboard<2.12,>=2.11->tensorflow<2.12.0,>=2.11.0->tensorflow-io[tensorflow]) (2.2.3)\n[55678647-ca4e-4120-9a03-41374a3435ae/build]   | Requirement already satisfied: cachetools<6.0,>=2.0.0 in /opt/hostedtoolcache/Python/3.7.11/x64/lib/python3.7/site-packages (from google-auth<3,>=1.6.3->tensorboard<2.12,>=2.11->tensorflow<2.12.0,>=2.11.0->tensorflow-io[tensorflow]) (5.3.1)\n[55678647-ca4e-4120-9a03-41374a3435ae/build]   | Requirement already satisfied: pyasn1-modules>=0.2.1 in /opt/hostedtoolcache/Python/3.7.11/x64/lib/python3.7/site-packages (from google-auth<3,>=1.6.3->tensorboard<2.12,>=2.11->tensorflow<2.12.0,>=2.11.0->tensorflow-io[tensorflow]) (0.3.0)\n[55678647-ca4e-4120-9a03-41374a3435ae/build]   | Requirement already satisfied: rsa<5,>=3.1.4 in /opt/hostedtoolcache/Python/3.7.11/x64/lib/python3.7/site-packages (from google-auth<3,>=1.6.3->tensorboard<2.12,>=2.11->tensorflow<2.12.0,>=2.11.0->tensorflow-io[tensorflow]) (4.9)\n[55678647-ca4e-4120-9a03-41374a3435ae/build]   | Requirement already satisfied: urllib3<2.0 in /opt/hostedtoolcache/Python/3.7.11/x64/lib/python3.7/site-packages (from google-auth<3,>=1.6.3->tensorboard<2.12,>=2.11->tensorflow<2.12.0,>=2.11.0->tensorflow-io[tensorflow]) (1.26.16)\n[55678647-ca4e-4120-9a03-41374a3435ae/build]   | Requirement already satisfied: requests-oauthlib>=0.7.0 in /opt/hostedtoolcache/Python/3.7.11/x64/lib/python3.7/site-packages (from google-auth-oauthlib<0.5,>=0.4.1->tensorboard<2.12,>=2.11->tensorflow<2.12.0,>=2.11.0->tensorflow-io[tensorflow]) (1.3.1)\n[55678647-ca4e-4120-9a03-41374a3435ae/build]   | Requirement already satisfied: importlib-metadata>=4.4 in /opt/hostedtoolcache/Python/3.7.11/x64/lib/python3.7/site-packages (from markdown>=2.6.8->tensorboard<2.12,>=2.11->tensorflow<2.12.0,>=2.11.0->tensorflow-io[tensorflow]) (4.13.0)\n[55678647-ca4e-4120-9a03-41374a3435ae/build]   | Requirement already satisfied: charset-normalizer<4,>=2 in /opt/hostedtoolcache/Python/3.7.11/x64/lib/python3.7/site-packages (from requests<3,>=2.21.0->tensorboard<2.12,>=2.11->tensorflow<2.12.0,>=2.11.0->tensorflow-io[tensorflow]) (3.1.0)\n[55678647-ca4e-4120-9a03-41374a3435ae/build]   | Requirement already satisfied: idna<4,>=2.5 in /opt/hostedtoolcache/Python/3.7.11/x64/lib/python3.7/site-packages (from requests<3,>=2.21.0->tensorboard<2.12,>=2.11->tensorflow<2.12.0,>=2.11.0->tensorflow-io[tensorflow]) (3.4)\n[55678647-ca4e-4120-9a03-41374a3435ae/build]   | Requirement already satisfied: certifi>=2017.4.17 in /opt/hostedtoolcache/Python/3.7.11/x64/lib/python3.7/site-packages (from requests<3,>=2.21.0->tensorboard<2.12,>=2.11->tensorflow<2.12.0,>=2.11.0->tensorflow-io[tensorflow]) (2023.5.7)\n[55678647-ca4e-4120-9a03-41374a3435ae/build]   | Requirement already satisfied: MarkupSafe>=2.1.1 in /opt/hostedtoolcache/Python/3.7.11/x64/lib/python3.7/site-packages (from werkzeug>=1.0.1->tensorboard<2.12,>=2.11->tensorflow<2.12.0,>=2.11.0->tensorflow-io[tensorflow]) (2.1.3)\n[55678647-ca4e-4120-9a03-41374a3435ae/build]   | Requirement already satisfied: zipp>=0.5 in /opt/hostedtoolcache/Python/3.7.11/x64/lib/python3.7/site-packages (from importlib-metadata>=4.4->markdown>=2.6.8->tensorboard<2.12,>=2.11->tensorflow<2.12.0,>=2.11.0->tensorflow-io[tensorflow]) (3.15.0)\n[55678647-ca4e-4120-9a03-41374a3435ae/build]   | Requirement already satisfied: pyasn1<0.6.0,>=0.4.6 in /opt/hostedtoolcache/Python/3.7.11/x64/lib/python3.7/site-packages (from pyasn1-modules>=0.2.1->google-auth<3,>=1.6.3->tensorboard<2.12,>=2.11->tensorflow<2.12.0,>=2.11.0->tensorflow-io[tensorflow]) (0.5.0)\n[55678647-ca4e-4120-9a03-41374a3435ae/build]   | Requirement already satisfied: oauthlib>=3.0.0 in /opt/hostedtoolcache/Python/3.7.11/x64/lib/python3.7/site-packages (from requests-oauthlib>=0.7.0->google-auth-oauthlib<0.5,>=0.4.1->tensorboard<2.12,>=2.11->tensorflow<2.12.0,>=2.11.0->tensorflow-io[tensorflow]) (3.2.2)\n[55678647-ca4e-4120-9a03-41374a3435ae/build]   | Installing collected packages: libclang, flatbuffers, wrapt, tensorflow-io-gcs-filesystem, tensorflow-estimator, protobuf, opt-einsum, keras, h5py, google-pasta, gast, astunparse, tensorflow-io, tensorflow\n[55678647-ca4e-4120-9a03-41374a3435ae/build]   |   Attempting uninstall: tensorflow-io-gcs-filesystem\n[55678647-ca4e-4120-9a03-41374a3435ae/build]   |     Found existing installation: tensorflow-io-gcs-filesystem 0.32.0\n[55678647-ca4e-4120-9a03-41374a3435ae/build]   |     Uninstalling tensorflow-io-gcs-filesystem-0.32.0:\n[55678647-ca4e-4120-9a03-41374a3435ae/build]   |       Successfully uninstalled tensorflow-io-gcs-filesystem-0.32.0\n[55678647-ca4e-4120-9a03-41374a3435ae/build]   |   Attempting uninstall: protobuf\n[55678647-ca4e-4120-9a03-41374a3435ae/build]   |     Found existing installation: protobuf 3.20.3\n[55678647-ca4e-4120-9a03-41374a3435ae/build]   |     Uninstalling protobuf-3.20.3:\n[55678647-ca4e-4120-9a03-41374a3435ae/build]   |       Successfully uninstalled protobuf-3.20.3\n[55678647-ca4e-4120-9a03-41374a3435ae/build]   |   Attempting uninstall: tensorflow-io\n[55678647-ca4e-4120-9a03-41374a3435ae/build]   |     Found existing installation: tensorflow-io 0.32.0\n[55678647-ca4e-4120-9a03-41374a3435ae/build]   |     Uninstalling tensorflow-io-0.32.0:\n[55678647-ca4e-4120-9a03-41374a3435ae/build]   |       Successfully uninstalled tensorflow-io-0.32.0\n[55678647-ca4e-4120-9a03-41374a3435ae/build]   | Successfully installed astunparse-1.6.3 flatbuffers-23.5.26 gast-0.4.0 google-pasta-0.2.0 h5py-3.8.0 keras-2.11.0 libclang-16.0.0 opt-einsum-3.3.0 protobuf-3.19.6 tensorflow-2.11.0 tensorflow-estimator-2.11.0 tensorflow-io-0.31.0 tensorflow-io-gcs-filesystem-0.31.0 wrapt-1.15.0\n[55678647-ca4e-4120-9a03-41374a3435ae/build]   | \n[55678647-ca4e-4120-9a03-41374a3435ae/build]   | [notice] A new release of pip is available: 20.1.1 -> 23.1.2\n[55678647-ca4e-4120-9a03-41374a3435ae/build]   | [notice] To update, run: pip install --upgrade pip\n[55678647-ca4e-4120-9a03-41374a3435ae/build]   | Collecting torch\n[55678647-ca4e-4120-9a03-41374a3435ae/build]   |   Downloading torch-1.13.1-cp37-cp37m-manylinux1_x86_64.whl (887.5 MB)\n[55678647-ca4e-4120-9a03-41374a3435ae/lint ] \ud83c\udfc1  Job succeeded\n[55678647-ca4e-4120-9a03-41374a3435ae/build]   |      \u2501\u2501\u2501\u2501\u2501\u2501\u2501\u2501\u2501\u2501\u2501\u2501\u2501\u2501\u2501\u2501\u2501\u2501\u2501\u2501\u2501\u2501\u2501\u2501\u2501\u2501\u2501\u2501\u2501\u2501\u2501\u2501\u2501\u2501\u2501\u2501\u2501\u2501\u2501 887.5/887.5 MB 1.8 MB/s eta 0:00:00\n[55678647-ca4e-4120-9a03-41374a3435ae/build]   | Requirement already satisfied: typing-extensions in /opt/hostedtoolcache/Python/3.7.11/x64/lib/python3.7/site-packages (from torch) (4.7.0)\n[55678647-ca4e-4120-9a03-41374a3435ae/build]   | Collecting nvidia-cuda-runtime-cu11==11.7.99 (from torch)\n[55678647-ca4e-4120-9a03-41374a3435ae/build]   |   Downloading nvidia_cuda_runtime_cu11-11.7.99-py3-none-manylinux1_x86_64.whl (849 kB)\n[55678647-ca4e-4120-9a03-41374a3435ae/build]   |      \u2501\u2501\u2501\u2501\u2501\u2501\u2501\u2501\u2501\u2501\u2501\u2501\u2501\u2501\u2501\u2501\u2501\u2501\u2501\u2501\u2501\u2501\u2501\u2501\u2501\u2501\u2501\u2501\u2501\u2501\u2501\u2501\u2501\u2501\u2501\u2501\u2501\u2501 849.3/849.3 kB 18.8 MB/s eta 0:00:00\n[55678647-ca4e-4120-9a03-41374a3435ae/build]   | Collecting nvidia-cudnn-cu11==8.5.0.96 (from torch)\n[55678647-ca4e-4120-9a03-41374a3435ae/build]   |   Downloading nvidia_cudnn_cu11-8.5.0.96-2-py3-none-manylinux1_x86_64.whl (557.1 MB)\n[55678647-ca4e-4120-9a03-41374a3435ae/build]   |      \u2501\u2501\u2501\u2501\u2501\u2501\u2501\u2501\u2501\u2501\u2501\u2501\u2501\u2501\u2501\u2501\u2501\u2501\u2501\u2501\u2501\u2501\u2501\u2501\u2501\u2501\u2501\u2501\u2501\u2501\u2501\u2501\u2501\u2501\u2501\u2501\u2501\u2501\u2501 557.1/557.1 MB 1.8 MB/s eta 0:00:00\n[55678647-ca4e-4120-9a03-41374a3435ae/build]   | Collecting nvidia-cublas-cu11==11.10.3.66 (from torch)\n[55678647-ca4e-4120-9a03-41374a3435ae/build]   |   Downloading nvidia_cublas_cu11-11.10.3.66-py3-none-manylinux1_x86_64.whl (317.1 MB)\n[55678647-ca4e-4120-9a03-41374a3435ae/build]   |      \u2501\u2501\u2501\u2501\u2501\u2501\u2501\u2501\u2501\u2501\u2501\u2501\u2501\u2501\u2501\u2501\u2501\u2501\u2501\u2501\u2501\u2501\u2501\u2501\u2501\u2501\u2501\u2501\u2501\u2501\u2501\u2501\u2501\u2501\u2501\u2501\u2501\u2501\u2501 317.1/317.1 MB 3.9 MB/s eta 0:00:00\n[55678647-ca4e-4120-9a03-41374a3435ae/build]   | Collecting nvidia-cuda-nvrtc-cu11==11.7.99 (from torch)\n[55678647-ca4e-4120-9a03-41374a3435ae/build]   |   Downloading nvidia_cuda_nvrtc_cu11-11.7.99-2-py3-none-manylinux1_x86_64.whl (21.0 MB)\n[55678647-ca4e-4120-9a03-41374a3435ae/build]   |      \u2501\u2501\u2501\u2501\u2501\u2501\u2501\u2501\u2501\u2501\u2501\u2501\u2501\u2501\u2501\u2501\u2501\u2501\u2501\u2501\u2501\u2501\u2501\u2501\u2501\u2501\u2501\u2501\u2501\u2501\u2501\u2501\u2501\u2501\u2501\u2501\u2501\u2501\u2501\u2501 21.0/21.0 MB 18.5 MB/s eta 0:00:00\n[55678647-ca4e-4120-9a03-41374a3435ae/build]   | Requirement already satisfied: setuptools in /opt/hostedtoolcache/Python/3.7.11/x64/lib/python3.7/site-packages (from nvidia-cublas-cu11==11.10.3.66->torch) (47.1.0)\n[55678647-ca4e-4120-9a03-41374a3435ae/build]   | Requirement already satisfied: wheel in /opt/hostedtoolcache/Python/3.7.11/x64/lib/python3.7/site-packages (from nvidia-cublas-cu11==11.10.3.66->torch) (0.40.0)\n[55678647-ca4e-4120-9a03-41374a3435ae/build]   | Installing collected packages: nvidia-cuda-runtime-cu11, nvidia-cuda-nvrtc-cu11, nvidia-cublas-cu11, nvidia-cudnn-cu11, torch\n[55678647-ca4e-4120-9a03-41374a3435ae/build]   | Successfully installed nvidia-cublas-cu11-11.10.3.66 nvidia-cuda-nvrtc-cu11-11.7.99 nvidia-cuda-runtime-cu11-11.7.99 nvidia-cudnn-cu11-8.5.0.96 torch-1.13.1\n[55678647-ca4e-4120-9a03-41374a3435ae/build]   | \n[55678647-ca4e-4120-9a03-41374a3435ae/build]   | [notice] A new release of pip is available: 20.1.1 -> 23.1.2\n[55678647-ca4e-4120-9a03-41374a3435ae/build]   | [notice] To update, run: pip install --upgrade pip\n[55678647-ca4e-4120-9a03-41374a3435ae/build]   | Collecting webdataset\n[55678647-ca4e-4120-9a03-41374a3435ae/build]   |   Downloading webdataset-0.2.48-py3-none-any.whl (51 kB)\n[55678647-ca4e-4120-9a03-41374a3435ae/build]   |      \u2501\u2501\u2501\u2501\u2501\u2501\u2501\u2501\u2501\u2501\u2501\u2501\u2501\u2501\u2501\u2501\u2501\u2501\u2501\u2501\u2501\u2501\u2501\u2501\u2501\u2501\u2501\u2501\u2501\u2501\u2501\u2501\u2501\u2501\u2501\u2501\u2501\u2501\u2501\u2501 51.9/51.9 kB 1.1 MB/s eta 0:00:00\n[55678647-ca4e-4120-9a03-41374a3435ae/build]   | Collecting braceexpand (from webdataset)\n[55678647-ca4e-4120-9a03-41374a3435ae/build]   |   Downloading braceexpand-0.1.7-py2.py3-none-any.whl (5.9 kB)\n[55678647-ca4e-4120-9a03-41374a3435ae/build]   | Requirement already satisfied: numpy in /opt/hostedtoolcache/Python/3.7.11/x64/lib/python3.7/site-packages (from webdataset) (1.21.6)\n[55678647-ca4e-4120-9a03-41374a3435ae/build]   | Requirement already satisfied: pyyaml in /opt/hostedtoolcache/Python/3.7.11/x64/lib/python3.7/site-packages (from webdataset) (6.0)\n[55678647-ca4e-4120-9a03-41374a3435ae/build]   | Installing collected packages: braceexpand, webdataset\n[55678647-ca4e-4120-9a03-41374a3435ae/build]   | Successfully installed braceexpand-0.1.7 webdataset-0.2.48\n[55678647-ca4e-4120-9a03-41374a3435ae/build]   | \n[55678647-ca4e-4120-9a03-41374a3435ae/build]   | [notice] A new release of pip is available: 20.1.1 -> 23.1.2\n[55678647-ca4e-4120-9a03-41374a3435ae/build]   | [notice] To update, run: pip install --upgrade pip\n[55678647-ca4e-4120-9a03-41374a3435ae/build]   \u2705  Success - Main Install dependencies\n[55678647-ca4e-4120-9a03-41374a3435ae/build] \u2b50 Run Main Tests\n[55678647-ca4e-4120-9a03-41374a3435ae/build]   \ud83d\udc33  docker exec cmd=[bash --noprofile --norc -e -o pipefail /var/run/act/workflow/3] user= workdir=\n[55678647-ca4e-4120-9a03-41374a3435ae/build]   | 2023-07-01 12:50:12.853802: I tensorflow/core/platform/cpu_feature_guard.cc:193] This TensorFlow binary is optimized with oneAPI Deep Neural Network Library (oneDNN) to use the following CPU instructions in performance-critical operations:  AVX2 FMA\n[55678647-ca4e-4120-9a03-41374a3435ae/build]   | To enable them in other operations, rebuild TensorFlow with the appropriate compiler flags.\n[55678647-ca4e-4120-9a03-41374a3435ae/build]   | 2023-07-01 12:50:13.026320: W tensorflow/compiler/xla/stream_executor/platform/default/dso_loader.cc:64] Could not load dynamic library 'libcudart.so.11.0'; dlerror: libcudart.so.11.0: cannot open shared object file: No such file or directory; LD_LIBRARY_PATH: /opt/hostedtoolcache/Python/3.7.11/x64/lib\n[55678647-ca4e-4120-9a03-41374a3435ae/build]   | 2023-07-01 12:50:13.026356: I tensorflow/compiler/xla/stream_executor/cuda/cudart_stub.cc:29] Ignore above cudart dlerror if you do not have a GPU set up on your machine.\n[55678647-ca4e-4120-9a03-41374a3435ae/build]   | 2023-07-01 12:50:14.446629: W tensorflow/compiler/xla/stream_executor/platform/default/dso_loader.cc:64] Could not load dynamic library 'libnvinfer.so.7'; dlerror: libnvinfer.so.7: cannot open shared object file: No such file or directory; LD_LIBRARY_PATH: /opt/hostedtoolcache/Python/3.7.11/x64/lib\n[55678647-ca4e-4120-9a03-41374a3435ae/build]   | 2023-07-01 12:50:14.446726: W tensorflow/compiler/xla/stream_executor/platform/default/dso_loader.cc:64] Could not load dynamic library 'libnvinfer_plugin.so.7'; dlerror: libnvinfer_plugin.so.7: cannot open shared object file: No such file or directory; LD_LIBRARY_PATH: /opt/hostedtoolcache/Python/3.7.11/x64/lib\n[55678647-ca4e-4120-9a03-41374a3435ae/build]   | 2023-07-01 12:50:14.446737: W tensorflow/compiler/tf2tensorrt/utils/py_utils.cc:38] TF-TRT Warning: Cannot dlopen some TensorRT libraries. If you would like to use Nvidia GPU with TensorRT, please make sure the missing libraries mentioned above are installed properly.\n[55678647-ca4e-4120-9a03-41374a3435ae/build]   | ============================= test session starts ==============================\n[55678647-ca4e-4120-9a03-41374a3435ae/build]   | platform linux -- Python 3.7.11, pytest-7.4.0, pluggy-1.2.0\n[55678647-ca4e-4120-9a03-41374a3435ae/build]   | rootdir: /tmp/558156d8-17ed-11ee-8a50-bb14de238602/criteo-tf-yarn\n[55678647-ca4e-4120-9a03-41374a3435ae/build]   | plugins: pylama-8.3.8\n[55678647-ca4e-4120-9a03-41374a3435ae/build]   | collected 56 items\n[55678647-ca4e-4120-9a03-41374a3435ae/build]   | \n[55678647-ca4e-4120-9a03-41374a3435ae/build]   | tests/test__internal.py ....\n[55678647-ca4e-4120-9a03-41374a3435ae/build]   | tests/test__task_commons.py ....\n[55678647-ca4e-4120-9a03-41374a3435ae/build]   | tests/test_client.py .......\n[55678647-ca4e-4120-9a03-41374a3435ae/build]   | [notice] A new release of pip is available: 20.1.1 -> 23.1.2\n[55678647-ca4e-4120-9a03-41374a3435ae/build]   | [notice] To update, run: pip install --upgrade pip\n[55678647-ca4e-4120-9a03-41374a3435ae/build]   | Try: 1\n[55678647-ca4e-4120-9a03-41374a3435ae/build]   | Setupping skein cluster\n[55678647-ca4e-4120-9a03-41374a3435ae/build]   | Time: 0.000 seconds\n[55678647-ca4e-4120-9a03-41374a3435ae/build]   | Serializing experiment function ...\n[55678647-ca4e-4120-9a03-41374a3435ae/build]   | Time: 0.000 seconds\n[55678647-ca4e-4120-9a03-41374a3435ae/build]   | Traceback (most recent call last):\n[55678647-ca4e-4120-9a03-41374a3435ae/build]   |   File \"/tmp/558156d8-17ed-11ee-8a50-bb14de238602/criteo-tf-yarn/tests/test_client.py\", line 87, in test_kill_skein_on_exception\n[55678647-ca4e-4120-9a03-41374a3435ae/build]   |     run_on_yarn(None, {}, pyenv_zip_path=\"/path/to/env\")\n[55678647-ca4e-4120-9a03-41374a3435ae/build]   |   File \"/opt/hostedtoolcache/Python/3.7.11/x64/lib/python3.7/site-packages/tf_yarn/client.py\", line 459, in run_on_yarn\n[55678647-ca4e-4120-9a03-41374a3435ae/build]   |     n_try\n[55678647-ca4e-4120-9a03-41374a3435ae/build]   |   File \"/opt/hostedtoolcache/Python/3.7.11/x64/lib/python3.7/site-packages/tf_yarn/client.py\", line 281, in _run_on_cluster\n[55678647-ca4e-4120-9a03-41374a3435ae/build]   |     serialized_fn = cloudpickle.dumps(experiment_fn)\n[55678647-ca4e-4120-9a03-41374a3435ae/build]   |   File \"/opt/hostedtoolcache/Python/3.7.11/x64/lib/python3.7/unittest/mock.py\", line 1016, in __call__\n[55678647-ca4e-4120-9a03-41374a3435ae/build]   |     return _mock_self._mock_call(*args, **kwargs)\n[55678647-ca4e-4120-9a03-41374a3435ae/build]   |   File \"/opt/hostedtoolcache/Python/3.7.11/x64/lib/python3.7/unittest/mock.py\", line 1082, in _mock_call\n[55678647-ca4e-4120-9a03-41374a3435ae/build]   |     result = effect(*args, **kwargs)\n[55678647-ca4e-4120-9a03-41374a3435ae/build]   |   File \"/tmp/558156d8-17ed-11ee-8a50-bb14de238602/criteo-tf-yarn/tests/test_client.py\", line 75, in cloudpickle_raise_exception\n[55678647-ca4e-4120-9a03-41374a3435ae/build]   |     raise Exception(\"Cannot serialize your method!\")\n[55678647-ca4e-4120-9a03-41374a3435ae/build]   | Exception: Cannot serialize your method!\n[55678647-ca4e-4120-9a03-41374a3435ae/build]   | \n[55678647-ca4e-4120-9a03-41374a3435ae/build]   | .2023-07-01 12:50:19,261:INFO:tensorflow: Using default config.\n[55678647-ca4e-4120-9a03-41374a3435ae/build]   | 2023-07-01 12:50:19,262:INFO:tensorflow: Using config: {'_model_dir': 'test_model_dir', '_tf_random_seed': None, '_save_summary_steps': 100, '_save_checkpoints_steps': None, '_save_checkpoints_secs': 600, '_session_config': allow_soft_placement: true\n[55678647-ca4e-4120-9a03-41374a3435ae/build]   | graph_options {\n[55678647-ca4e-4120-9a03-41374a3435ae/build]   |   rewrite_options {\n[55678647-ca4e-4120-9a03-41374a3435ae/build]   |     meta_optimizer_iterations: ONE\n[55678647-ca4e-4120-9a03-41374a3435ae/build]   |   }\n[55678647-ca4e-4120-9a03-41374a3435ae/build]   | }\n[55678647-ca4e-4120-9a03-41374a3435ae/build]   | , '_keep_checkpoint_max': 5, '_keep_checkpoint_every_n_hours': 10000, '_log_step_count_steps': 100, '_train_distribute': None, '_device_fn': None, '_protocol': None, '_eval_distribute': None, '_experimental_distribute': None, '_experimental_max_worker_delay_secs': None, '_session_creation_timeout_secs': 7200, '_checkpoint_save_graph_def': True, '_service': None, '_cluster_spec': ClusterSpec({}), '_task_type': 'worker', '_task_id': 0, '_global_id_in_cluster': 0, '_master': '', '_evaluation_master': '', '_is_chief': True, '_num_ps_replicas': 0, '_num_worker_replicas': 1}\n[55678647-ca4e-4120-9a03-41374a3435ae/build]   | got function .. <function get_safe_experiment_fn.<locals>._safe_exp_fn at 0x7f8f34f54950>\n[55678647-ca4e-4120-9a03-41374a3435ae/build]   | execute function ..\n[55678647-ca4e-4120-9a03-41374a3435ae/build]   | <function get_safe_experiment_fn.<locals>._safe_exp_fn at 0x7f8f34f54950>\n[55678647-ca4e-4120-9a03-41374a3435ae/build]   | create experiment with model_dir=test_model_dir\n[55678647-ca4e-4120-9a03-41374a3435ae/build]   | Experiment(estimator=<tensorflow_estimator.python.estimator.canned.linear.LinearClassifierV2 object at 0x7f8f34f00b90>, train_spec=TrainSpec(input_fn=<function _experiment_fn.<locals>.train_fn at 0x7f8f34efc170>, max_steps=None, hooks=(), saving_listeners=()), eval_spec=EvalSpec(input_fn=<function _experiment_fn.<locals>.eval_fn at 0x7f8f34efc200>, steps=100, name=None, hooks=(), exporters=(), start_delay_secs=120, throttle_secs=600))\n[55678647-ca4e-4120-9a03-41374a3435ae/build]   | .2023-07-01 12:50:19.273665: W tensorflow/compiler/xla/stream_executor/platform/default/dso_loader.cc:64] Could not load dynamic library 'libcuda.so.1'; dlerror: libcuda.so.1: cannot open shared object file: No such file or directory; LD_LIBRARY_PATH: /opt/hostedtoolcache/Python/3.7.11/x64/lib\n[55678647-ca4e-4120-9a03-41374a3435ae/build]   | 2023-07-01 12:50:19.273710: W tensorflow/compiler/xla/stream_executor/cuda/cuda_driver.cc:265] failed call to cuInit: UNKNOWN ERROR (303)\n[55678647-ca4e-4120-9a03-41374a3435ae/build]   | 2023-07-01 12:50:19.273750: I tensorflow/compiler/xla/stream_executor/cuda/cuda_diagnostics.cc:156] kernel driver does not appear to be running on this host (croaker): /proc/driver/nvidia/version does not exist\n[55678647-ca4e-4120-9a03-41374a3435ae/build]   | 2023-07-01 12:50:19.274081: I tensorflow/core/platform/cpu_feature_guard.cc:193] This TensorFlow binary is optimized with oneAPI Deep Neural Network Library (oneDNN) to use the following CPU instructions in performance-critical operations:  AVX2 FMA\n[55678647-ca4e-4120-9a03-41374a3435ae/build]   | To enable them in other operations, rebuild TensorFlow with the appropriate compiler flags.\n[55678647-ca4e-4120-9a03-41374a3435ae/build]   | create Keras experiment with model_dir=test_model_dir\n[55678647-ca4e-4120-9a03-41374a3435ae/build]   | got function .. <function get_safe_experiment_fn.<locals>._safe_exp_fn at 0x7f8f34f540e0>\n[55678647-ca4e-4120-9a03-41374a3435ae/build]   | execute function ..\n[55678647-ca4e-4120-9a03-41374a3435ae/build]   | <function get_safe_experiment_fn.<locals>._safe_exp_fn at 0x7f8f34f540e0>\n[55678647-ca4e-4120-9a03-41374a3435ae/build]   | create Keras experiment with model_dir=test_model_dir\n[55678647-ca4e-4120-9a03-41374a3435ae/build]   | KerasExperiment(model=<keras.engine.sequential.Sequential object at 0x7f8f34f30990>, model_dir='test_model_dir', train_params=None, input_data_fn=None, target_data_fn=None, validation_data_fn=None)\n[55678647-ca4e-4120-9a03-41374a3435ae/build]   | .\n[55678647-ca4e-4120-9a03-41374a3435ae/build]   | [notice] A new release of pip is available: 20.1.1 -> 23.1.2\n[55678647-ca4e-4120-9a03-41374a3435ae/build]   | [notice] To update, run: pip install --upgrade pip\n[55678647-ca4e-4120-9a03-41374a3435ae/build]   | Try: 1\n[55678647-ca4e-4120-9a03-41374a3435ae/build]   | Setupping skein cluster\n[55678647-ca4e-4120-9a03-41374a3435ae/build]   | Time: 0.001 seconds\n[55678647-ca4e-4120-9a03-41374a3435ae/build]   | .\n[55678647-ca4e-4120-9a03-41374a3435ae/build]   | [notice] A new release of pip is available: 20.1.1 -> 23.1.2\n[55678647-ca4e-4120-9a03-41374a3435ae/build]   | [notice] To update, run: pip install --upgrade pip\n[55678647-ca4e-4120-9a03-41374a3435ae/build]   | Try: 1\n[55678647-ca4e-4120-9a03-41374a3435ae/build]   | Setupping skein cluster\n[55678647-ca4e-4120-9a03-41374a3435ae/build]   | Time: 0.000 seconds\n[55678647-ca4e-4120-9a03-41374a3435ae/build]   | .\n[55678647-ca4e-4120-9a03-41374a3435ae/build]   | [notice] A new release of pip is available: 20.1.1 -> 23.1.2\n[55678647-ca4e-4120-9a03-41374a3435ae/build]   | [notice] To update, run: pip install --upgrade pip\n[55678647-ca4e-4120-9a03-41374a3435ae/build]   | Try: 1\n[55678647-ca4e-4120-9a03-41374a3435ae/build]   | Setupping skein cluster\n[55678647-ca4e-4120-9a03-41374a3435ae/build]   | Time: 0.000 seconds\n[55678647-ca4e-4120-9a03-41374a3435ae/build]   | Try: 2\n[55678647-ca4e-4120-9a03-41374a3435ae/build]   | Setupping skein cluster\n[55678647-ca4e-4120-9a03-41374a3435ae/build]   | Time: 0.000 seconds\n[55678647-ca4e-4120-9a03-41374a3435ae/build]   | .\n[55678647-ca4e-4120-9a03-41374a3435ae/build]   | [notice] A new release of pip is available: 20.1.1 -> 23.1.2\n[55678647-ca4e-4120-9a03-41374a3435ae/build]   | [notice] To update, run: pip install --upgrade pip\n[55678647-ca4e-4120-9a03-41374a3435ae/build]   | Try: 1\n[55678647-ca4e-4120-9a03-41374a3435ae/build]   | Setupping skein cluster\n[55678647-ca4e-4120-9a03-41374a3435ae/build]   | Time: 0.000 seconds\n[55678647-ca4e-4120-9a03-41374a3435ae/build]   | Try: 2\n[55678647-ca4e-4120-9a03-41374a3435ae/build]   | Setupping skein cluster\n[55678647-ca4e-4120-9a03-41374a3435ae/build]   | Time: 0.000 seconds\n[55678647-ca4e-4120-9a03-41374a3435ae/build]   | Try: 3\n[55678647-ca4e-4120-9a03-41374a3435ae/build]   | Setupping skein cluster\n[55678647-ca4e-4120-9a03-41374a3435ae/build]   | Time: 0.000 seconds\n[55678647-ca4e-4120-9a03-41374a3435ae/build]   | ..\n[55678647-ca4e-4120-9a03-41374a3435ae/build]   | tests/test_evaluator_metrics.py .....\n[55678647-ca4e-4120-9a03-41374a3435ae/build]   | tests/test_topologies.py ..\n[55678647-ca4e-4120-9a03-41374a3435ae/build]   | tests/pytorch/test_model_ckpt.py .\n[55678647-ca4e-4120-9a03-41374a3435ae/build]   | tests/pytorch/tasks/test_worker.py .....\n[55678647-ca4e-4120-9a03-41374a3435ae/build]   | tests/tensorflow/test_cluster.py ......\n[55678647-ca4e-4120-9a03-41374a3435ae/build]   | tests/tensorflow/test_evaluator_task.py 2023-07-01 12:50:23,037:INFO:tf_yarn.tensorflow.tasks.evaluator_task: Last evaluated checkpoint: 200\n[55678647-ca4e-4120-9a03-41374a3435ae/build]   | 2023-07-01 12:50:23,037:INFO:tf_yarn.tensorflow.tasks.evaluator_task: Evaluating checkpoint /path/to/model/dir/model.ckpt-300\n[55678647-ca4e-4120-9a03-41374a3435ae/build]   | 2023-07-01 12:50:23,037:INFO:tf_yarn.tensorflow.tasks.evaluator_task: Last checkpoint evaluated\n[55678647-ca4e-4120-9a03-41374a3435ae/build]   | .2023-07-01 12:50:23,041:INFO:tf_yarn.tensorflow.tasks.evaluator_task: Evaluating checkpoint /path/to/model/dir/model.ckpt-300\n[55678647-ca4e-4120-9a03-41374a3435ae/build]   | 2023-07-01 12:50:23,041:INFO:tf_yarn.tensorflow.tasks.evaluator_task: Last checkpoint evaluated\n[55678647-ca4e-4120-9a03-41374a3435ae/build]   | 2023-07-01 12:50:23,041:INFO:tf_yarn.tensorflow.tasks.evaluator_task: Evaluating checkpoint /path/to/model/dir/model.ckpt-0\n[55678647-ca4e-4120-9a03-41374a3435ae/build]   | 2023-07-01 12:50:23,041:INFO:tf_yarn.tensorflow.tasks.evaluator_task: Last checkpoint evaluated\n[55678647-ca4e-4120-9a03-41374a3435ae/build]   | 2023-07-01 12:50:23,041:INFO:tf_yarn.tensorflow.tasks.evaluator_task: Evaluating checkpoint /path/to/model/dir/model.ckpt-200\n[55678647-ca4e-4120-9a03-41374a3435ae/build]   | 2023-07-01 12:50:23,041:INFO:tf_yarn.tensorflow.tasks.evaluator_task: Last checkpoint evaluated\n[55678647-ca4e-4120-9a03-41374a3435ae/build]   | 2023-07-01 12:50:23,041:INFO:tf_yarn.tensorflow.tasks.evaluator_task: Evaluating checkpoint /path/to/model/dir/model.ckpt-100\n[55678647-ca4e-4120-9a03-41374a3435ae/build]   | 2023-07-01 12:50:23,041:INFO:tf_yarn.tensorflow.tasks.evaluator_task: Last checkpoint evaluated\n[55678647-ca4e-4120-9a03-41374a3435ae/build]   | .2023-07-01 12:50:23,045:INFO:tf_yarn.tensorflow.tasks.evaluator_task: Last evaluated checkpoint: 300\n[55678647-ca4e-4120-9a03-41374a3435ae/build]   | 2023-07-01 12:50:23,045:INFO:tf_yarn.tensorflow.tasks.evaluator_task: All checkpoints already evaluated; Max steps: 300\n[55678647-ca4e-4120-9a03-41374a3435ae/build]   | ...\n[55678647-ca4e-4120-9a03-41374a3435ae/build]   | tests/tensorflow/test_tf_task_common.py ......2023-07-01 12:50:23,060:INFO:tf_yarn.tensorflow.tasks.tf_task_common: Starting execution worker:0\n[55678647-ca4e-4120-9a03-41374a3435ae/build]   | ...\n[55678647-ca4e-4120-9a03-41374a3435ae/build]   | \n[55678647-ca4e-4120-9a03-41374a3435ae/build]   | =============================== warnings summary ===============================\n[55678647-ca4e-4120-9a03-41374a3435ae/build]   | ../../../opt/hostedtoolcache/Python/3.7.11/x64/lib/python3.7/site-packages/cluster_pack/packaging.py:2\n[55678647-ca4e-4120-9a03-41374a3435ae/build]   |   /opt/hostedtoolcache/Python/3.7.11/x64/lib/python3.7/site-packages/cluster_pack/packaging.py:2: DeprecationWarning: the imp module is deprecated in favour of importlib; see the module's documentation for alternative uses\n[55678647-ca4e-4120-9a03-41374a3435ae/build]   |     import imp\n[55678647-ca4e-4120-9a03-41374a3435ae/build]   | \n[55678647-ca4e-4120-9a03-41374a3435ae/build]   | tests/pytorch/test_model_ckpt.py::test_model_checkpointing\n[55678647-ca4e-4120-9a03-41374a3435ae/build]   |   /opt/hostedtoolcache/Python/3.7.11/x64/lib/python3.7/site-packages/cluster_pack/filesystem.py:240: FutureWarning: pyarrow.filesystem.LocalFileSystem is deprecated as of 2.0.0, please use pyarrow.fs.LocalFileSystem instead.\n[55678647-ca4e-4120-9a03-41374a3435ae/build]   |     fs = EnhancedFileSystem(pyarrow.filesystem.LocalFileSystem.get_instance())\n[55678647-ca4e-4120-9a03-41374a3435ae/build]   | \n[55678647-ca4e-4120-9a03-41374a3435ae/build]   | -- Docs: https://docs.pytest.org/en/stable/how-to/capture-warnings.html\n[55678647-ca4e-4120-9a03-41374a3435ae/build]   | - generated xml file: /tmp/558156d8-17ed-11ee-8a50-bb14de238602/criteo-tf-yarn/report.xml -\n[55678647-ca4e-4120-9a03-41374a3435ae/build]   | ======================= 56 passed, 2 warnings in 10.77s ========================\n[55678647-ca4e-4120-9a03-41374a3435ae/build]   \u2705  Success - Main Tests\n[55678647-ca4e-4120-9a03-41374a3435ae/build] \u2b50 Run Post Set up Python 3.7\n[55678647-ca4e-4120-9a03-41374a3435ae/build]   \ud83d\udc33  docker exec cmd=[node /var/run/act/actions/actions-setup-python@v3/dist/cache-save/index.js] user= workdir=\n[55678647-ca4e-4120-9a03-41374a3435ae/build]   \u2705  Success - Post Set up Python 3.7\n[55678647-ca4e-4120-9a03-41374a3435ae/build] \ud83c\udfc1  Job succeeded\n",
        "stderr": "",
        "workflow": {
            "path": "/tmp/558156d8-17ed-11ee-8a50-bb14de238602/criteo-tf-yarn/.github/workflows/main-crawler.yml",
            "type": "pytest"
        },
        "workflow_name": "55678647-ca4e-4120-9a03-41374a3435ae",
        "build_tool": "pytest",
        "elapsed_time": 451.8763425350189
    }
}