{
    "repository": "cvzi/flag",
    "stars": 53,
    "language": "python",
    "size": 6764,
    "clone_url": "https://github.com/cvzi/flag.git",
    "timestamp": "2023-06-28T12:29:38.421601Z",
    "clone_success": true,
    "number_of_actions": 3,
    "number_of_test_actions": 1,
    "actions_successful": true,
    "actions_build_tools": [
        "unknown",
        "unknown",
        "pytest"
    ],
    "actions_test_build_tools": [
        "pytest"
    ],
    "actions_run": {
        "failed": false,
        "tests": [
            {
                "classname": "tests.test_all_subregions",
                "name": "test_subdivisions",
                "time": 1.317,
                "results": [
                    {
                        "result": "Passed",
                        "message": "",
                        "type": ""
                    }
                ],
                "stdout": null,
                "stderr": null
            },
            {
                "classname": "tests.test_all_subregions",
                "name": "test_subregions",
                "time": 0.031,
                "results": [
                    {
                        "result": "Passed",
                        "message": "",
                        "type": ""
                    }
                ],
                "stdout": null,
                "stderr": null
            },
            {
                "classname": "tests.test_custom",
                "name": "test_custom_simple",
                "time": 0.007,
                "results": [
                    {
                        "result": "Passed",
                        "message": "",
                        "type": ""
                    }
                ],
                "stdout": null,
                "stderr": null
            },
            {
                "classname": "tests.test_custom",
                "name": "test_warnings",
                "time": 0.006,
                "results": [
                    {
                        "result": "Passed",
                        "message": "",
                        "type": ""
                    }
                ],
                "stdout": null,
                "stderr": null
            },
            {
                "classname": "tests.test_custom",
                "name": "test_custom_subregions",
                "time": 0.005,
                "results": [
                    {
                        "result": "Passed",
                        "message": "",
                        "type": ""
                    }
                ],
                "stdout": null,
                "stderr": null
            },
            {
                "classname": "tests.test_flag",
                "name": "test_example",
                "time": 0.001,
                "results": [
                    {
                        "result": "Passed",
                        "message": "",
                        "type": ""
                    }
                ],
                "stdout": null,
                "stderr": null
            },
            {
                "classname": "tests.test_flag",
                "name": "test_all_known",
                "time": 0.003,
                "results": [
                    {
                        "result": "Passed",
                        "message": "",
                        "type": ""
                    }
                ],
                "stdout": null,
                "stderr": null
            },
            {
                "classname": "tests.test_flag",
                "name": "test_check_known",
                "time": 0.005,
                "results": [
                    {
                        "result": "Passed",
                        "message": "",
                        "type": ""
                    }
                ],
                "stdout": null,
                "stderr": null
            },
            {
                "classname": "tests.test_flag",
                "name": "test_compare_with_emoji_module",
                "time": 0.013,
                "results": [
                    {
                        "result": "Passed",
                        "message": "",
                        "type": ""
                    }
                ],
                "stdout": null,
                "stderr": null
            },
            {
                "classname": "tests.test_flag",
                "name": "test_wrong_codes",
                "time": 0.001,
                "results": [
                    {
                        "result": "Passed",
                        "message": "",
                        "type": ""
                    }
                ],
                "stdout": null,
                "stderr": null
            },
            {
                "classname": "tests.test_module",
                "name": "test_import",
                "time": 0.001,
                "results": [
                    {
                        "result": "Passed",
                        "message": "",
                        "type": ""
                    }
                ],
                "stdout": null,
                "stderr": null
            },
            {
                "classname": "tests.test_module",
                "name": "test_import_star",
                "time": 0.001,
                "results": [
                    {
                        "result": "Passed",
                        "message": "",
                        "type": ""
                    }
                ],
                "stdout": null,
                "stderr": null
            },
            {
                "classname": "tests.test_singleflag",
                "name": "test_example",
                "time": 0.001,
                "results": [
                    {
                        "result": "Passed",
                        "message": "",
                        "type": ""
                    }
                ],
                "stdout": null,
                "stderr": null
            },
            {
                "classname": "tests.test_singleflag",
                "name": "test_exception",
                "time": 0.001,
                "results": [
                    {
                        "result": "Passed",
                        "message": "",
                        "type": ""
                    }
                ],
                "stdout": null,
                "stderr": null
            },
            {
                "classname": "tests.test_singleflag",
                "name": "test_twoletter",
                "time": 0.002,
                "results": [
                    {
                        "result": "Passed",
                        "message": "",
                        "type": ""
                    }
                ],
                "stdout": null,
                "stderr": null
            },
            {
                "classname": "tests.test_singleflag",
                "name": "test_moreletters",
                "time": 0.001,
                "results": [
                    {
                        "result": "Passed",
                        "message": "",
                        "type": ""
                    }
                ],
                "stdout": null,
                "stderr": null
            },
            {
                "classname": "tests.test_subregional",
                "name": "test_basic",
                "time": 0.002,
                "results": [
                    {
                        "result": "Passed",
                        "message": "",
                        "type": ""
                    }
                ],
                "stdout": null,
                "stderr": null
            },
            {
                "classname": "tests.test_subregional",
                "name": "test_basic_mixed",
                "time": 0.002,
                "results": [
                    {
                        "result": "Passed",
                        "message": "",
                        "type": ""
                    }
                ],
                "stdout": null,
                "stderr": null
            },
            {
                "classname": "tests.test_subregional",
                "name": "test_valid_codes",
                "time": 0.005,
                "results": [
                    {
                        "result": "Passed",
                        "message": "",
                        "type": ""
                    }
                ],
                "stdout": null,
                "stderr": null
            },
            {
                "classname": "tests.test_subregional",
                "name": "test_compare_with_emoji_module",
                "time": 0.005,
                "results": [
                    {
                        "result": "Passed",
                        "message": "",
                        "type": ""
                    }
                ],
                "stdout": null,
                "stderr": null
            },
            {
                "classname": "tests.test_subregional",
                "name": "test_wrong_codes",
                "time": 0.001,
                "results": [
                    {
                        "result": "Passed",
                        "message": "",
                        "type": ""
                    }
                ],
                "stdout": null,
                "stderr": null
            }
        ],
        "stdout": "[7f112d80-f221-4092-9776-093e96a5cef0/coverage] \ud83d\ude80  Start image=crawlergpt:latest\n[7f112d80-f221-4092-9776-093e96a5cef0/build   ] \ud83d\ude80  Start image=crawlergpt:latest\n[7f112d80-f221-4092-9776-093e96a5cef0/coverage]   \ud83d\udc33  docker pull image=crawlergpt:latest platform= username= forcePull=false\n[7f112d80-f221-4092-9776-093e96a5cef0/build   ]   \ud83d\udc33  docker pull image=crawlergpt:latest platform= username= forcePull=false\n[7f112d80-f221-4092-9776-093e96a5cef0/coverage]   \ud83d\udc33  docker create image=crawlergpt:latest platform= entrypoint=[\"tail\" \"-f\" \"/dev/null\"] cmd=[]\n[7f112d80-f221-4092-9776-093e96a5cef0/build   ]   \ud83d\udc33  docker create image=crawlergpt:latest platform= entrypoint=[\"tail\" \"-f\" \"/dev/null\"] cmd=[]\n[7f112d80-f221-4092-9776-093e96a5cef0/coverage]   \ud83d\udc33  docker run image=crawlergpt:latest platform= entrypoint=[\"tail\" \"-f\" \"/dev/null\"] cmd=[]\n[7f112d80-f221-4092-9776-093e96a5cef0/build   ]   \ud83d\udc33  docker run image=crawlergpt:latest platform= entrypoint=[\"tail\" \"-f\" \"/dev/null\"] cmd=[]\n[7f112d80-f221-4092-9776-093e96a5cef0/coverage]   \ud83d\udc33  docker exec cmd=[chown -R 1012:1013 /tmp/ad9c0f7e-1596-11ee-8a50-bb14de238602/cvzi-flag] user=0 workdir=\n[7f112d80-f221-4092-9776-093e96a5cef0/build   ]   \ud83d\udc33  docker exec cmd=[chown -R 1012:1013 /tmp/ad9c0f7e-1596-11ee-8a50-bb14de238602/cvzi-flag] user=0 workdir=\n[7f112d80-f221-4092-9776-093e96a5cef0/coverage]   \u2601  git clone 'https://github.com/actions/setup-python' # ref=v4\n[7f112d80-f221-4092-9776-093e96a5cef0/build   ]   \u2601  git clone 'https://github.com/actions/setup-python' # ref=v4\n[7f112d80-f221-4092-9776-093e96a5cef0/coverage]   \u2601  git clone 'https://github.com/AndreMiras/coveralls-python-action' # ref=v20201129\n[7f112d80-f221-4092-9776-093e96a5cef0/build   ] \ud83e\uddea  Matrix: map[python-version:3.7]\n[7f112d80-f221-4092-9776-093e96a5cef0/build   ] \u2b50 Run Main actions/checkout@v3\n[7f112d80-f221-4092-9776-093e96a5cef0/build   ]   \u2705  Success - Main actions/checkout@v3\n[7f112d80-f221-4092-9776-093e96a5cef0/build   ] \u2b50 Run Main Set up Python 3.7\n[7f112d80-f221-4092-9776-093e96a5cef0/build   ]   \ud83d\udc33  docker cp src=/tmp/act-cache/d099dc44-7454-4819-bba1-962124320285/act/actions-setup-python@v4/ dst=/var/run/act/actions/actions-setup-python@v4/\n[7f112d80-f221-4092-9776-093e96a5cef0/build   ]   \ud83d\udc33  docker exec cmd=[chown -R 1012:1013 /var/run/act/actions/actions-setup-python@v4/] user=0 workdir=\n[7f112d80-f221-4092-9776-093e96a5cef0/coverage]   \u2601  git clone 'https://github.com/codecov/codecov-action' # ref=v3\n[7f112d80-f221-4092-9776-093e96a5cef0/build   ]   \ud83d\udc33  docker exec cmd=[node /var/run/act/actions/actions-setup-python@v4/dist/setup/index.js] user= workdir=\n[7f112d80-f221-4092-9776-093e96a5cef0/build   ]   \ud83d\udcac  ::debug::Python is expected to be installed into /opt/hostedtoolcache\n[7f112d80-f221-4092-9776-093e96a5cef0/build   ]   \u2753  ::group::Installed versions\n[7f112d80-f221-4092-9776-093e96a5cef0/build   ]   \ud83d\udcac  ::debug::Semantic version spec of 3.7 is 3.7\n[7f112d80-f221-4092-9776-093e96a5cef0/build   ]   \ud83d\udcac  ::debug::isExplicit: \n[7f112d80-f221-4092-9776-093e96a5cef0/build   ]   \ud83d\udcac  ::debug::explicit? false\n[7f112d80-f221-4092-9776-093e96a5cef0/build   ]   \ud83d\udcac  ::debug::isExplicit: 2.7.18\n[7f112d80-f221-4092-9776-093e96a5cef0/build   ]   \ud83d\udcac  ::debug::explicit? true\n[7f112d80-f221-4092-9776-093e96a5cef0/build   ]   \ud83d\udcac  ::debug::isExplicit: 3.5.10\n[7f112d80-f221-4092-9776-093e96a5cef0/build   ]   \ud83d\udcac  ::debug::explicit? true\n[7f112d80-f221-4092-9776-093e96a5cef0/build   ]   \ud83d\udcac  ::debug::isExplicit: 3.6.14\n[7f112d80-f221-4092-9776-093e96a5cef0/build   ]   \ud83d\udcac  ::debug::explicit? true\n[7f112d80-f221-4092-9776-093e96a5cef0/build   ]   \ud83d\udcac  ::debug::isExplicit: 3.7.11\n[7f112d80-f221-4092-9776-093e96a5cef0/build   ]   \ud83d\udcac  ::debug::explicit? true\n[7f112d80-f221-4092-9776-093e96a5cef0/build   ]   \ud83d\udcac  ::debug::isExplicit: 3.8.11\n[7f112d80-f221-4092-9776-093e96a5cef0/build   ]   \ud83d\udcac  ::debug::explicit? true\n[7f112d80-f221-4092-9776-093e96a5cef0/build   ]   \ud83d\udcac  ::debug::isExplicit: 3.9.6\n[7f112d80-f221-4092-9776-093e96a5cef0/build   ]   \ud83d\udcac  ::debug::explicit? true\n[7f112d80-f221-4092-9776-093e96a5cef0/build   ]   \ud83d\udcac  ::debug::evaluating 6 versions\n[7f112d80-f221-4092-9776-093e96a5cef0/build   ]   \ud83d\udcac  ::debug::matched: 3.7.11\n[7f112d80-f221-4092-9776-093e96a5cef0/build   ]   \ud83d\udcac  ::debug::checking cache: /opt/hostedtoolcache/Python/3.7.11/x64\n[7f112d80-f221-4092-9776-093e96a5cef0/build   ]   \ud83d\udcac  ::debug::Found tool in cache Python 3.7.11 x64\n[7f112d80-f221-4092-9776-093e96a5cef0/build   ]   | Successfully set up CPython (3.7.11)\n[7f112d80-f221-4092-9776-093e96a5cef0/build   ]   \u2753  ::endgroup::\n[7f112d80-f221-4092-9776-093e96a5cef0/build   ]   \u2753 add-matcher /run/act/actions/actions-setup-python@v4/.github/python.json\n[7f112d80-f221-4092-9776-093e96a5cef0/build   ]   \u2705  Success - Main Set up Python 3.7\n[7f112d80-f221-4092-9776-093e96a5cef0/build   ]   \u2699  ::set-env:: Python_ROOT_DIR=/opt/hostedtoolcache/Python/3.7.11/x64\n[7f112d80-f221-4092-9776-093e96a5cef0/build   ]   \u2699  ::set-env:: Python2_ROOT_DIR=/opt/hostedtoolcache/Python/3.7.11/x64\n[7f112d80-f221-4092-9776-093e96a5cef0/build   ]   \u2699  ::set-env:: Python3_ROOT_DIR=/opt/hostedtoolcache/Python/3.7.11/x64\n[7f112d80-f221-4092-9776-093e96a5cef0/build   ]   \u2699  ::set-env:: LD_LIBRARY_PATH=/opt/hostedtoolcache/Python/3.7.11/x64/lib\n[7f112d80-f221-4092-9776-093e96a5cef0/build   ]   \u2699  ::set-env:: pythonLocation=/opt/hostedtoolcache/Python/3.7.11/x64\n[7f112d80-f221-4092-9776-093e96a5cef0/build   ]   \u2699  ::set-env:: PKG_CONFIG_PATH=/opt/hostedtoolcache/Python/3.7.11/x64/lib/pkgconfig\n[7f112d80-f221-4092-9776-093e96a5cef0/build   ]   \u2699  ::set-output:: python-version=3.7.11\n[7f112d80-f221-4092-9776-093e96a5cef0/build   ]   \u2699  ::set-output:: python-path=/opt/hostedtoolcache/Python/3.7.11/x64/bin/python\n[7f112d80-f221-4092-9776-093e96a5cef0/build   ]   \u2699  ::add-path:: /opt/hostedtoolcache/Python/3.7.11/x64\n[7f112d80-f221-4092-9776-093e96a5cef0/build   ]   \u2699  ::add-path:: /opt/hostedtoolcache/Python/3.7.11/x64/bin\n[7f112d80-f221-4092-9776-093e96a5cef0/build   ] \u2b50 Run Main Install dependencies\n[7f112d80-f221-4092-9776-093e96a5cef0/build   ]   \ud83d\udc33  docker exec cmd=[bash --noprofile --norc -e -o pipefail /var/run/act/workflow/2] user= workdir=\n[7f112d80-f221-4092-9776-093e96a5cef0/build   ]   | Requirement already satisfied: pip in /opt/hostedtoolcache/Python/3.7.11/x64/lib/python3.7/site-packages (21.2.4)\n[7f112d80-f221-4092-9776-093e96a5cef0/build   ]   | Collecting pip\n[7f112d80-f221-4092-9776-093e96a5cef0/build   ]   |   Downloading pip-23.1.2-py3-none-any.whl (2.1 MB)\n[7f112d80-f221-4092-9776-093e96a5cef0/build   ]   | Collecting build\n[7f112d80-f221-4092-9776-093e96a5cef0/build   ]   |   Downloading build-0.10.0-py3-none-any.whl (17 kB)\n[7f112d80-f221-4092-9776-093e96a5cef0/build   ]   | Collecting tomli>=1.1.0\n[7f112d80-f221-4092-9776-093e96a5cef0/build   ]   |   Downloading tomli-2.0.1-py3-none-any.whl (12 kB)\n[7f112d80-f221-4092-9776-093e96a5cef0/build   ]   | Collecting pyproject_hooks\n[7f112d80-f221-4092-9776-093e96a5cef0/build   ]   |   Downloading pyproject_hooks-1.0.0-py3-none-any.whl (9.3 kB)\n[7f112d80-f221-4092-9776-093e96a5cef0/build   ]   | Collecting importlib-metadata>=0.22\n[7f112d80-f221-4092-9776-093e96a5cef0/build   ]   |   Downloading importlib_metadata-6.7.0-py3-none-any.whl (22 kB)\n[7f112d80-f221-4092-9776-093e96a5cef0/build   ]   | Collecting packaging>=19.0\n[7f112d80-f221-4092-9776-093e96a5cef0/build   ]   |   Downloading packaging-23.1-py3-none-any.whl (48 kB)\n[7f112d80-f221-4092-9776-093e96a5cef0/build   ]   | Collecting zipp>=0.5\n[7f112d80-f221-4092-9776-093e96a5cef0/build   ]   |   Downloading zipp-3.15.0-py3-none-any.whl (6.8 kB)\n[7f112d80-f221-4092-9776-093e96a5cef0/build   ]   | Collecting typing-extensions>=3.6.4\n[7f112d80-f221-4092-9776-093e96a5cef0/build   ]   |   Downloading typing_extensions-4.6.3-py3-none-any.whl (31 kB)\n[7f112d80-f221-4092-9776-093e96a5cef0/build   ]   | Installing collected packages: zipp, typing-extensions, tomli, pyproject-hooks, packaging, importlib-metadata, pip, build\n[7f112d80-f221-4092-9776-093e96a5cef0/build   ]   |   Attempting uninstall: pip\n[7f112d80-f221-4092-9776-093e96a5cef0/build   ]   |     Found existing installation: pip 21.2.4\n[7f112d80-f221-4092-9776-093e96a5cef0/build   ]   |     Uninstalling pip-21.2.4:\n[7f112d80-f221-4092-9776-093e96a5cef0/build   ]   |       Successfully uninstalled pip-21.2.4\n[7f112d80-f221-4092-9776-093e96a5cef0/build   ]   | Successfully installed build-0.10.0 importlib-metadata-6.7.0 packaging-23.1 pip-23.1.2 pyproject-hooks-1.0.0 tomli-2.0.1 typing-extensions-4.6.3 zipp-3.15.0\n[7f112d80-f221-4092-9776-093e96a5cef0/build   ]   | Collecting emoji==2.4.0 (from -r tests/requirements.txt (line 1))\n[7f112d80-f221-4092-9776-093e96a5cef0/build   ]   |   Downloading emoji-2.4.0.tar.gz (353 kB)\n[7f112d80-f221-4092-9776-093e96a5cef0/build   ]   |      \u2501\u2501\u2501\u2501\u2501\u2501\u2501\u2501\u2501\u2501\u2501\u2501\u2501\u2501\u2501\u2501\u2501\u2501\u2501\u2501\u2501\u2501\u2501\u2501\u2501\u2501\u2501\u2501\u2501\u2501\u2501\u2501\u2501\u2501\u2501\u2501\u2501\u2501 353.7/353.7 kB 22.8 MB/s eta 0:00:00\n[7f112d80-f221-4092-9776-093e96a5cef0/build   ]   |   Installing build dependencies: started\n[7f112d80-f221-4092-9776-093e96a5cef0/build   ]   |   Installing build dependencies: finished with status 'done'\n[7f112d80-f221-4092-9776-093e96a5cef0/build   ]   |   Getting requirements to build wheel: started\n[7f112d80-f221-4092-9776-093e96a5cef0/build   ]   |   Getting requirements to build wheel: finished with status 'done'\n[7f112d80-f221-4092-9776-093e96a5cef0/build   ]   |   Preparing metadata (pyproject.toml): started\n[7f112d80-f221-4092-9776-093e96a5cef0/build   ]   |   Preparing metadata (pyproject.toml): finished with status 'done'\n[7f112d80-f221-4092-9776-093e96a5cef0/build   ]   | Collecting pytest==7.3.1 (from -r tests/requirements.txt (line 2))\n[7f112d80-f221-4092-9776-093e96a5cef0/build   ]   |   Downloading pytest-7.3.1-py3-none-any.whl (320 kB)\n[7f112d80-f221-4092-9776-093e96a5cef0/build   ]   |      \u2501\u2501\u2501\u2501\u2501\u2501\u2501\u2501\u2501\u2501\u2501\u2501\u2501\u2501\u2501\u2501\u2501\u2501\u2501\u2501\u2501\u2501\u2501\u2501\u2501\u2501\u2501\u2501\u2501\u2501\u2501\u2501\u2501\u2501\u2501\u2501\u2501\u2501 320.5/320.5 kB 16.6 MB/s eta 0:00:00\n[7f112d80-f221-4092-9776-093e96a5cef0/build   ]   | Collecting setuptools==67.8.0 (from -r tests/requirements.txt (line 3))\n[7f112d80-f221-4092-9776-093e96a5cef0/build   ]   |   Downloading setuptools-67.8.0-py3-none-any.whl (1.1 MB)\n[7f112d80-f221-4092-9776-093e96a5cef0/build   ]   |      \u2501\u2501\u2501\u2501\u2501\u2501\u2501\u2501\u2501\u2501\u2501\u2501\u2501\u2501\u2501\u2501\u2501\u2501\u2501\u2501\u2501\u2501\u2501\u2501\u2501\u2501\u2501\u2501\u2501\u2501\u2501\u2501\u2501\u2501\u2501\u2501\u2501\u2501\u2501\u2501 1.1/1.1 MB 14.6 MB/s eta 0:00:00\n[7f112d80-f221-4092-9776-093e96a5cef0/build   ]   | Collecting iniconfig (from pytest==7.3.1->-r tests/requirements.txt (line 2))\n[7f112d80-f221-4092-9776-093e96a5cef0/build   ]   |   Downloading iniconfig-2.0.0-py3-none-any.whl (5.9 kB)\n[7f112d80-f221-4092-9776-093e96a5cef0/build   ]   | Requirement already satisfied: packaging in /opt/hostedtoolcache/Python/3.7.11/x64/lib/python3.7/site-packages (from pytest==7.3.1->-r tests/requirements.txt (line 2)) (23.1)\n[7f112d80-f221-4092-9776-093e96a5cef0/build   ]   | Collecting pluggy<2.0,>=0.12 (from pytest==7.3.1->-r tests/requirements.txt (line 2))\n[7f112d80-f221-4092-9776-093e96a5cef0/build   ]   |   Downloading pluggy-1.2.0-py3-none-any.whl (17 kB)\n[7f112d80-f221-4092-9776-093e96a5cef0/build   ]   | Collecting exceptiongroup>=1.0.0rc8 (from pytest==7.3.1->-r tests/requirements.txt (line 2))\n[7f112d80-f221-4092-9776-093e96a5cef0/build   ]   |   Downloading exceptiongroup-1.1.1-py3-none-any.whl (14 kB)\n[7f112d80-f221-4092-9776-093e96a5cef0/build   ]   | Requirement already satisfied: tomli>=1.0.0 in /opt/hostedtoolcache/Python/3.7.11/x64/lib/python3.7/site-packages (from pytest==7.3.1->-r tests/requirements.txt (line 2)) (2.0.1)\n[7f112d80-f221-4092-9776-093e96a5cef0/build   ]   | Requirement already satisfied: importlib-metadata>=0.12 in /opt/hostedtoolcache/Python/3.7.11/x64/lib/python3.7/site-packages (from pytest==7.3.1->-r tests/requirements.txt (line 2)) (6.7.0)\n[7f112d80-f221-4092-9776-093e96a5cef0/build   ]   | Requirement already satisfied: zipp>=0.5 in /opt/hostedtoolcache/Python/3.7.11/x64/lib/python3.7/site-packages (from importlib-metadata>=0.12->pytest==7.3.1->-r tests/requirements.txt (line 2)) (3.15.0)\n[7f112d80-f221-4092-9776-093e96a5cef0/build   ]   | Requirement already satisfied: typing-extensions>=3.6.4 in /opt/hostedtoolcache/Python/3.7.11/x64/lib/python3.7/site-packages (from importlib-metadata>=0.12->pytest==7.3.1->-r tests/requirements.txt (line 2)) (4.6.3)\n[7f112d80-f221-4092-9776-093e96a5cef0/build   ]   | Building wheels for collected packages: emoji\n[7f112d80-f221-4092-9776-093e96a5cef0/build   ]   |   Building wheel for emoji (pyproject.toml): started\n[7f112d80-f221-4092-9776-093e96a5cef0/build   ]   |   Building wheel for emoji (pyproject.toml): finished with status 'done'\n[7f112d80-f221-4092-9776-093e96a5cef0/build   ]   |   Created wheel for emoji: filename=emoji-2.4.0-py2.py3-none-any.whl size=350809 sha256=8b2c1c53729ec9c4abf5a7081f20581c663ae5300a77436b282a177b0ed6309c\n[7f112d80-f221-4092-9776-093e96a5cef0/build   ]   |   Stored in directory: /home/runneradmin/.cache/pip/wheels/ad/c8/6f/ae8aa872362927bc80f76dede9f0fd0ec74c9548275f21342f\n[7f112d80-f221-4092-9776-093e96a5cef0/build   ]   | Successfully built emoji\n[7f112d80-f221-4092-9776-093e96a5cef0/build   ]   | Installing collected packages: setuptools, iniconfig, exceptiongroup, emoji, pluggy, pytest\n[7f112d80-f221-4092-9776-093e96a5cef0/build   ]   |   Attempting uninstall: setuptools\n[7f112d80-f221-4092-9776-093e96a5cef0/build   ]   |     Found existing installation: setuptools 47.1.0\n[7f112d80-f221-4092-9776-093e96a5cef0/build   ]   |     Uninstalling setuptools-47.1.0:\n[7f112d80-f221-4092-9776-093e96a5cef0/build   ]   |       Successfully uninstalled setuptools-47.1.0\n[7f112d80-f221-4092-9776-093e96a5cef0/build   ]   | Successfully installed emoji-2.4.0 exceptiongroup-1.1.1 iniconfig-2.0.0 pluggy-1.2.0 pytest-7.3.1 setuptools-67.8.0\n[7f112d80-f221-4092-9776-093e96a5cef0/build   ]   | \n[7f112d80-f221-4092-9776-093e96a5cef0/build   ]   | [notice] A new release of pip is available: 20.1.1 -> 23.1.2\n[7f112d80-f221-4092-9776-093e96a5cef0/build   ]   | [notice] To update, run: pip install --upgrade pip\n[7f112d80-f221-4092-9776-093e96a5cef0/build   ]   \u2705  Success - Main Install dependencies\n[7f112d80-f221-4092-9776-093e96a5cef0/build   ] \u2b50 Run Main Lint with flake8\n[7f112d80-f221-4092-9776-093e96a5cef0/build   ]   \ud83d\udc33  docker exec cmd=[bash --noprofile --norc -e -o pipefail /var/run/act/workflow/3] user= workdir=\n[7f112d80-f221-4092-9776-093e96a5cef0/build   ]   | Collecting flake8\n[7f112d80-f221-4092-9776-093e96a5cef0/build   ]   |   Downloading flake8-5.0.4-py2.py3-none-any.whl (61 kB)\n[7f112d80-f221-4092-9776-093e96a5cef0/build   ]   |      \u2501\u2501\u2501\u2501\u2501\u2501\u2501\u2501\u2501\u2501\u2501\u2501\u2501\u2501\u2501\u2501\u2501\u2501\u2501\u2501\u2501\u2501\u2501\u2501\u2501\u2501\u2501\u2501\u2501\u2501\u2501\u2501\u2501\u2501\u2501\u2501\u2501\u2501\u2501\u2501 61.9/61.9 kB 9.5 MB/s eta 0:00:00\n[7f112d80-f221-4092-9776-093e96a5cef0/build   ]   | Collecting mccabe<0.8.0,>=0.7.0 (from flake8)\n[7f112d80-f221-4092-9776-093e96a5cef0/build   ]   |   Downloading mccabe-0.7.0-py2.py3-none-any.whl (7.3 kB)\n[7f112d80-f221-4092-9776-093e96a5cef0/build   ]   | Collecting pycodestyle<2.10.0,>=2.9.0 (from flake8)\n[7f112d80-f221-4092-9776-093e96a5cef0/build   ]   |   Downloading pycodestyle-2.9.1-py2.py3-none-any.whl (41 kB)\n[7f112d80-f221-4092-9776-093e96a5cef0/build   ]   |      \u2501\u2501\u2501\u2501\u2501\u2501\u2501\u2501\u2501\u2501\u2501\u2501\u2501\u2501\u2501\u2501\u2501\u2501\u2501\u2501\u2501\u2501\u2501\u2501\u2501\u2501\u2501\u2501\u2501\u2501\u2501\u2501\u2501\u2501\u2501\u2501\u2501\u2501\u2501\u2501 41.5/41.5 kB 5.5 MB/s eta 0:00:00\n[7f112d80-f221-4092-9776-093e96a5cef0/build   ]   | Collecting pyflakes<2.6.0,>=2.5.0 (from flake8)\n[7f112d80-f221-4092-9776-093e96a5cef0/build   ]   |   Downloading pyflakes-2.5.0-py2.py3-none-any.whl (66 kB)\n[7f112d80-f221-4092-9776-093e96a5cef0/build   ]   |      \u2501\u2501\u2501\u2501\u2501\u2501\u2501\u2501\u2501\u2501\u2501\u2501\u2501\u2501\u2501\u2501\u2501\u2501\u2501\u2501\u2501\u2501\u2501\u2501\u2501\u2501\u2501\u2501\u2501\u2501\u2501\u2501\u2501\u2501\u2501\u2501\u2501\u2501\u2501\u2501 66.1/66.1 kB 10.0 MB/s eta 0:00:00\n[7f112d80-f221-4092-9776-093e96a5cef0/build   ]   | Collecting importlib-metadata<4.3,>=1.1.0 (from flake8)\n[7f112d80-f221-4092-9776-093e96a5cef0/build   ]   |   Downloading importlib_metadata-4.2.0-py3-none-any.whl (16 kB)\n[7f112d80-f221-4092-9776-093e96a5cef0/build   ]   | Requirement already satisfied: zipp>=0.5 in /opt/hostedtoolcache/Python/3.7.11/x64/lib/python3.7/site-packages (from importlib-metadata<4.3,>=1.1.0->flake8) (3.15.0)\n[7f112d80-f221-4092-9776-093e96a5cef0/build   ]   | Requirement already satisfied: typing-extensions>=3.6.4 in /opt/hostedtoolcache/Python/3.7.11/x64/lib/python3.7/site-packages (from importlib-metadata<4.3,>=1.1.0->flake8) (4.6.3)\n[7f112d80-f221-4092-9776-093e96a5cef0/build   ]   | Installing collected packages: pyflakes, pycodestyle, mccabe, importlib-metadata, flake8\n[7f112d80-f221-4092-9776-093e96a5cef0/build   ]   |   Attempting uninstall: importlib-metadata\n[7f112d80-f221-4092-9776-093e96a5cef0/build   ]   |     Found existing installation: importlib-metadata 6.7.0\n[7f112d80-f221-4092-9776-093e96a5cef0/build   ]   |     Uninstalling importlib-metadata-6.7.0:\n[7f112d80-f221-4092-9776-093e96a5cef0/build   ]   |       Successfully uninstalled importlib-metadata-6.7.0\n[7f112d80-f221-4092-9776-093e96a5cef0/build   ]   | Successfully installed flake8-5.0.4 importlib-metadata-4.2.0 mccabe-0.7.0 pycodestyle-2.9.1 pyflakes-2.5.0\n[7f112d80-f221-4092-9776-093e96a5cef0/build   ]   | \n[7f112d80-f221-4092-9776-093e96a5cef0/build   ]   | [notice] A new release of pip is available: 20.1.1 -> 23.1.2\n[7f112d80-f221-4092-9776-093e96a5cef0/build   ]   | [notice] To update, run: pip install --upgrade pip\n[7f112d80-f221-4092-9776-093e96a5cef0/build   ]   | 0\n[7f112d80-f221-4092-9776-093e96a5cef0/build   ]   | flag/__init__.py:22:1: F401 'sys' imported but unused\n[7f112d80-f221-4092-9776-093e96a5cef0/build   ]   | 1     F401 'sys' imported but unused\n[7f112d80-f221-4092-9776-093e96a5cef0/build   ]   | 1\n[7f112d80-f221-4092-9776-093e96a5cef0/build   ]   \u2705  Success - Main Lint with flake8\n[7f112d80-f221-4092-9776-093e96a5cef0/build   ] \u2b50 Run Main Test with pytest\n[7f112d80-f221-4092-9776-093e96a5cef0/build   ]   \ud83d\udc33  docker exec cmd=[bash --noprofile --norc -e -o pipefail /var/run/act/workflow/4] user= workdir=\n[7f112d80-f221-4092-9776-093e96a5cef0/build   ]   | ============================= test session starts ==============================\n[7f112d80-f221-4092-9776-093e96a5cef0/build   ]   | platform linux -- Python 3.7.11, pytest-7.3.1, pluggy-1.2.0\n[7f112d80-f221-4092-9776-093e96a5cef0/build   ]   | rootdir: /tmp/ad9c0f7e-1596-11ee-8a50-bb14de238602/cvzi-flag\n[7f112d80-f221-4092-9776-093e96a5cef0/build   ]   | collected 21 items\n[7f112d80-f221-4092-9776-093e96a5cef0/build   ]   | \n[7f112d80-f221-4092-9776-093e96a5cef0/build   ]   | tests/test_all_subregions.py ..                                          [  9%]\n[7f112d80-f221-4092-9776-093e96a5cef0/build   ]   | tests/test_custom.py ...                                                 [ 23%]\n[7f112d80-f221-4092-9776-093e96a5cef0/build   ]   | tests/test_flag.py .....                                                 [ 47%]\n[7f112d80-f221-4092-9776-093e96a5cef0/build   ]   | tests/test_module.py ..                                                  [ 57%]\n[7f112d80-f221-4092-9776-093e96a5cef0/build   ]   | tests/test_singleflag.py ....                                            [ 76%]\n[7f112d80-f221-4092-9776-093e96a5cef0/build   ]   | tests/test_subregional.py .....                                          [100%]\n[7f112d80-f221-4092-9776-093e96a5cef0/build   ]   | \n[7f112d80-f221-4092-9776-093e96a5cef0/build   ]   | - generated xml file: /tmp/ad9c0f7e-1596-11ee-8a50-bb14de238602/cvzi-flag/report.xml -\n[7f112d80-f221-4092-9776-093e96a5cef0/build   ]   | ============================== 21 passed in 1.74s ==============================\n[7f112d80-f221-4092-9776-093e96a5cef0/build   ]   \u2705  Success - Main Test with pytest\n[7f112d80-f221-4092-9776-093e96a5cef0/build   ] \u2b50 Run Main Test install\n[7f112d80-f221-4092-9776-093e96a5cef0/build   ]   \ud83d\udc33  docker exec cmd=[bash --noprofile --norc -e -o pipefail /var/run/act/workflow/5] user= workdir=\n[7f112d80-f221-4092-9776-093e96a5cef0/build   ]   | Processing /tmp/ad9c0f7e-1596-11ee-8a50-bb14de238602/cvzi-flag\n[7f112d80-f221-4092-9776-093e96a5cef0/build   ]   |   Installing build dependencies: started\n[7f112d80-f221-4092-9776-093e96a5cef0/build   ]   |   Installing build dependencies: finished with status 'done'\n[7f112d80-f221-4092-9776-093e96a5cef0/build   ]   |   Getting requirements to build wheel: started\n[7f112d80-f221-4092-9776-093e96a5cef0/build   ]   |   Getting requirements to build wheel: finished with status 'done'\n[7f112d80-f221-4092-9776-093e96a5cef0/build   ]   |   Installing backend dependencies: started\n[7f112d80-f221-4092-9776-093e96a5cef0/build   ]   |   Installing backend dependencies: finished with status 'done'\n[7f112d80-f221-4092-9776-093e96a5cef0/build   ]   |   Preparing metadata (pyproject.toml): started\n[7f112d80-f221-4092-9776-093e96a5cef0/build   ]   |   Preparing metadata (pyproject.toml): finished with status 'done'\n[7f112d80-f221-4092-9776-093e96a5cef0/build   ]   | Building wheels for collected packages: emoji-country-flag\n[7f112d80-f221-4092-9776-093e96a5cef0/build   ]   |   Building wheel for emoji-country-flag (pyproject.toml): started\n[7f112d80-f221-4092-9776-093e96a5cef0/build   ]   |   Building wheel for emoji-country-flag (pyproject.toml): finished with status 'done'\n[7f112d80-f221-4092-9776-093e96a5cef0/build   ]   |   Created wheel for emoji-country-flag: filename=emoji_country_flag-1.3.2-py2.py3-none-any.whl size=8500 sha256=d4268f983fb758dbfea442257577cd2fe2503f07cb9197fcd74d44c937300bcc\n[7f112d80-f221-4092-9776-093e96a5cef0/build   ]   |   Stored in directory: /home/runneradmin/.cache/pip/wheels/96/fc/08/f55c53f08b72491615fe2926177df4045a0c2d24a1149c57dd\n[7f112d80-f221-4092-9776-093e96a5cef0/build   ]   | Successfully built emoji-country-flag\n[7f112d80-f221-4092-9776-093e96a5cef0/build   ]   | Installing collected packages: emoji-country-flag\n[7f112d80-f221-4092-9776-093e96a5cef0/build   ]   | Successfully installed emoji-country-flag-1.3.2\n[7f112d80-f221-4092-9776-093e96a5cef0/build   ]   | \n[7f112d80-f221-4092-9776-093e96a5cef0/build   ]   | [notice] A new release of pip is available: 20.1.1 -> 23.1.2\n[7f112d80-f221-4092-9776-093e96a5cef0/build   ]   | [notice] To update, run: pip install --upgrade pip\n[7f112d80-f221-4092-9776-093e96a5cef0/build   ]   \u2705  Success - Main Test install\n[7f112d80-f221-4092-9776-093e96a5cef0/build   ] \u2b50 Run Main Test build\n[7f112d80-f221-4092-9776-093e96a5cef0/build   ]   \ud83d\udc33  docker exec cmd=[bash --noprofile --norc -e -o pipefail /var/run/act/workflow/6] user= workdir=\n[7f112d80-f221-4092-9776-093e96a5cef0/build   ]   | * Creating venv isolated environment...\n[7f112d80-f221-4092-9776-093e96a5cef0/build   ]   | * Installing packages in isolated environment... (setuptools>=67.1)\n[7f112d80-f221-4092-9776-093e96a5cef0/build   ]   | * Getting build dependencies for sdist...\n[7f112d80-f221-4092-9776-093e96a5cef0/build   ]   | /tmp/build-env-bo75udqw/lib/python3.7/site-packages/setuptools/config/pyprojecttoml.py:66: _BetaConfiguration: Support for `[tool.setuptools]` in `pyproject.toml` is still *beta*.\n[7f112d80-f221-4092-9776-093e96a5cef0/build   ]   |   config = read_configuration(filepath, True, ignore_option_errors, dist)\n[7f112d80-f221-4092-9776-093e96a5cef0/build   ]   | Command option bdist_wheel.universal is not defined\n[7f112d80-f221-4092-9776-093e96a5cef0/build   ]   | running egg_info\n[7f112d80-f221-4092-9776-093e96a5cef0/build   ]   | writing emoji_country_flag.egg-info/PKG-INFO\n[7f112d80-f221-4092-9776-093e96a5cef0/build   ]   | writing dependency_links to emoji_country_flag.egg-info/dependency_links.txt\n[7f112d80-f221-4092-9776-093e96a5cef0/build   ]   | writing requirements to emoji_country_flag.egg-info/requires.txt\n[7f112d80-f221-4092-9776-093e96a5cef0/build   ]   | writing top-level names to emoji_country_flag.egg-info/top_level.txt\n[7f112d80-f221-4092-9776-093e96a5cef0/build   ]   | reading manifest file 'emoji_country_flag.egg-info/SOURCES.txt'\n[7f112d80-f221-4092-9776-093e96a5cef0/build   ]   | adding license file 'LICENSE'\n[7f112d80-f221-4092-9776-093e96a5cef0/build   ]   | writing manifest file 'emoji_country_flag.egg-info/SOURCES.txt'\n[7f112d80-f221-4092-9776-093e96a5cef0/build   ]   | * Building sdist...\n[7f112d80-f221-4092-9776-093e96a5cef0/build   ]   | /tmp/build-env-bo75udqw/lib/python3.7/site-packages/setuptools/config/pyprojecttoml.py:66: _BetaConfiguration: Support for `[tool.setuptools]` in `pyproject.toml` is still *beta*.\n[7f112d80-f221-4092-9776-093e96a5cef0/build   ]   |   config = read_configuration(filepath, True, ignore_option_errors, dist)\n[7f112d80-f221-4092-9776-093e96a5cef0/build   ]   | Command option bdist_wheel.universal is not defined\n[7f112d80-f221-4092-9776-093e96a5cef0/build   ]   | running sdist\n[7f112d80-f221-4092-9776-093e96a5cef0/build   ]   | running egg_info\n[7f112d80-f221-4092-9776-093e96a5cef0/build   ]   | writing emoji_country_flag.egg-info/PKG-INFO\n[7f112d80-f221-4092-9776-093e96a5cef0/build   ]   | writing dependency_links to emoji_country_flag.egg-info/dependency_links.txt\n[7f112d80-f221-4092-9776-093e96a5cef0/build   ]   | writing requirements to emoji_country_flag.egg-info/requires.txt\n[7f112d80-f221-4092-9776-093e96a5cef0/build   ]   | writing top-level names to emoji_country_flag.egg-info/top_level.txt\n[7f112d80-f221-4092-9776-093e96a5cef0/build   ]   | reading manifest file 'emoji_country_flag.egg-info/SOURCES.txt'\n[7f112d80-f221-4092-9776-093e96a5cef0/build   ]   | adding license file 'LICENSE'\n[7f112d80-f221-4092-9776-093e96a5cef0/build   ]   | writing manifest file 'emoji_country_flag.egg-info/SOURCES.txt'\n[7f112d80-f221-4092-9776-093e96a5cef0/build   ]   | running check\n[7f112d80-f221-4092-9776-093e96a5cef0/build   ]   | creating emoji-country-flag-1.3.2\n[7f112d80-f221-4092-9776-093e96a5cef0/build   ]   | creating emoji-country-flag-1.3.2/emoji_country_flag.egg-info\n[7f112d80-f221-4092-9776-093e96a5cef0/build   ]   | creating emoji-country-flag-1.3.2/flag\n[7f112d80-f221-4092-9776-093e96a5cef0/build   ]   | creating emoji-country-flag-1.3.2/tests\n[7f112d80-f221-4092-9776-093e96a5cef0/build   ]   | copying files to emoji-country-flag-1.3.2...\n[7f112d80-f221-4092-9776-093e96a5cef0/build   ]   | copying LICENSE -> emoji-country-flag-1.3.2\n[7f112d80-f221-4092-9776-093e96a5cef0/build   ]   | copying README.md -> emoji-country-flag-1.3.2\n[7f112d80-f221-4092-9776-093e96a5cef0/build   ]   | copying pyproject.toml -> emoji-country-flag-1.3.2\n[7f112d80-f221-4092-9776-093e96a5cef0/build   ]   | copying setup.py -> emoji-country-flag-1.3.2\n[7f112d80-f221-4092-9776-093e96a5cef0/build   ]   | copying emoji_country_flag.egg-info/PKG-INFO -> emoji-country-flag-1.3.2/emoji_country_flag.egg-info\n[7f112d80-f221-4092-9776-093e96a5cef0/build   ]   | copying emoji_country_flag.egg-info/SOURCES.txt -> emoji-country-flag-1.3.2/emoji_country_flag.egg-info\n[7f112d80-f221-4092-9776-093e96a5cef0/build   ]   | copying emoji_country_flag.egg-info/dependency_links.txt -> emoji-country-flag-1.3.2/emoji_country_flag.egg-info\n[7f112d80-f221-4092-9776-093e96a5cef0/build   ]   | copying emoji_country_flag.egg-info/requires.txt -> emoji-country-flag-1.3.2/emoji_country_flag.egg-info\n[7f112d80-f221-4092-9776-093e96a5cef0/build   ]   | copying emoji_country_flag.egg-info/top_level.txt -> emoji-country-flag-1.3.2/emoji_country_flag.egg-info\n[7f112d80-f221-4092-9776-093e96a5cef0/build   ]   | copying emoji_country_flag.egg-info/zip-safe -> emoji-country-flag-1.3.2/emoji_country_flag.egg-info\n[7f112d80-f221-4092-9776-093e96a5cef0/build   ]   | copying flag/__init__.py -> emoji-country-flag-1.3.2/flag\n[7f112d80-f221-4092-9776-093e96a5cef0/build   ]   | copying flag/__init__.pyi -> emoji-country-flag-1.3.2/flag\n[7f112d80-f221-4092-9776-093e96a5cef0/build   ]   | copying flag/py.typed -> emoji-country-flag-1.3.2/flag\n[7f112d80-f221-4092-9776-093e96a5cef0/build   ]   | copying tests/test_all_subregions.py -> emoji-country-flag-1.3.2/tests\n[7f112d80-f221-4092-9776-093e96a5cef0/build   ]   | copying tests/test_custom.py -> emoji-country-flag-1.3.2/tests\n[7f112d80-f221-4092-9776-093e96a5cef0/build   ]   | copying tests/test_flag.py -> emoji-country-flag-1.3.2/tests\n[7f112d80-f221-4092-9776-093e96a5cef0/build   ]   | copying tests/test_module.py -> emoji-country-flag-1.3.2/tests\n[7f112d80-f221-4092-9776-093e96a5cef0/build   ]   | copying tests/test_singleflag.py -> emoji-country-flag-1.3.2/tests\n[7f112d80-f221-4092-9776-093e96a5cef0/build   ]   | copying tests/test_subregional.py -> emoji-country-flag-1.3.2/tests\n[7f112d80-f221-4092-9776-093e96a5cef0/build   ]   | Writing emoji-country-flag-1.3.2/setup.cfg\n[7f112d80-f221-4092-9776-093e96a5cef0/build   ]   | Creating tar archive\n[7f112d80-f221-4092-9776-093e96a5cef0/build   ]   | removing 'emoji-country-flag-1.3.2' (and everything under it)\n[7f112d80-f221-4092-9776-093e96a5cef0/build   ]   | * Building wheel from sdist\n[7f112d80-f221-4092-9776-093e96a5cef0/build   ]   | * Creating venv isolated environment...\n[7f112d80-f221-4092-9776-093e96a5cef0/coverage]   \u2601  git clone 'https://github.com/SonarSource/sonarcloud-github-action' # ref=v1.6\n[7f112d80-f221-4092-9776-093e96a5cef0/coverage] \u2b50 Run Main actions/checkout@v3\n[7f112d80-f221-4092-9776-093e96a5cef0/coverage]   \u2705  Success - Main actions/checkout@v3\n[7f112d80-f221-4092-9776-093e96a5cef0/coverage] \u2b50 Run Main Set up Python 3.11\n[7f112d80-f221-4092-9776-093e96a5cef0/coverage]   \ud83d\udc33  docker cp src=/tmp/act-cache/d099dc44-7454-4819-bba1-962124320285/act/actions-setup-python@v4/ dst=/var/run/act/actions/actions-setup-python@v4/\n[7f112d80-f221-4092-9776-093e96a5cef0/coverage]   \ud83d\udc33  docker exec cmd=[chown -R 1012:1013 /var/run/act/actions/actions-setup-python@v4/] user=0 workdir=\n[7f112d80-f221-4092-9776-093e96a5cef0/build   ]   | * Installing packages in isolated environment... (setuptools>=67.1)\n[7f112d80-f221-4092-9776-093e96a5cef0/coverage]   \ud83d\udc33  docker exec cmd=[node /var/run/act/actions/actions-setup-python@v4/dist/setup/index.js] user= workdir=\n[7f112d80-f221-4092-9776-093e96a5cef0/build   ]   | * Getting build dependencies for wheel...\n[7f112d80-f221-4092-9776-093e96a5cef0/build   ]   | /tmp/build-env-ghg3u2pa/lib/python3.7/site-packages/setuptools/config/pyprojecttoml.py:66: _BetaConfiguration: Support for `[tool.setuptools]` in `pyproject.toml` is still *beta*.\n[7f112d80-f221-4092-9776-093e96a5cef0/build   ]   |   config = read_configuration(filepath, True, ignore_option_errors, dist)\n[7f112d80-f221-4092-9776-093e96a5cef0/build   ]   | Command option bdist_wheel.universal is not defined\n[7f112d80-f221-4092-9776-093e96a5cef0/build   ]   | running egg_info\n[7f112d80-f221-4092-9776-093e96a5cef0/build   ]   | writing emoji_country_flag.egg-info/PKG-INFO\n[7f112d80-f221-4092-9776-093e96a5cef0/build   ]   | writing dependency_links to emoji_country_flag.egg-info/dependency_links.txt\n[7f112d80-f221-4092-9776-093e96a5cef0/build   ]   | writing requirements to emoji_country_flag.egg-info/requires.txt\n[7f112d80-f221-4092-9776-093e96a5cef0/build   ]   | writing top-level names to emoji_country_flag.egg-info/top_level.txt\n[7f112d80-f221-4092-9776-093e96a5cef0/build   ]   | reading manifest file 'emoji_country_flag.egg-info/SOURCES.txt'\n[7f112d80-f221-4092-9776-093e96a5cef0/build   ]   | adding license file 'LICENSE'\n[7f112d80-f221-4092-9776-093e96a5cef0/build   ]   | writing manifest file 'emoji_country_flag.egg-info/SOURCES.txt'\n[7f112d80-f221-4092-9776-093e96a5cef0/build   ]   | * Installing packages in isolated environment... (wheel)\n[7f112d80-f221-4092-9776-093e96a5cef0/coverage]   \ud83d\udcac  ::debug::Python is expected to be installed into /opt/hostedtoolcache\n[7f112d80-f221-4092-9776-093e96a5cef0/coverage]   \u2753  ::group::Installed versions\n[7f112d80-f221-4092-9776-093e96a5cef0/coverage]   \ud83d\udcac  ::debug::Semantic version spec of 3.11 is 3.11\n[7f112d80-f221-4092-9776-093e96a5cef0/coverage]   \ud83d\udcac  ::debug::isExplicit: \n[7f112d80-f221-4092-9776-093e96a5cef0/coverage]   \ud83d\udcac  ::debug::explicit? false\n[7f112d80-f221-4092-9776-093e96a5cef0/coverage]   \ud83d\udcac  ::debug::isExplicit: 2.7.18\n[7f112d80-f221-4092-9776-093e96a5cef0/coverage]   \ud83d\udcac  ::debug::explicit? true\n[7f112d80-f221-4092-9776-093e96a5cef0/coverage]   \ud83d\udcac  ::debug::isExplicit: 3.5.10\n[7f112d80-f221-4092-9776-093e96a5cef0/coverage]   \ud83d\udcac  ::debug::explicit? true\n[7f112d80-f221-4092-9776-093e96a5cef0/coverage]   \ud83d\udcac  ::debug::isExplicit: 3.6.14\n[7f112d80-f221-4092-9776-093e96a5cef0/coverage]   \ud83d\udcac  ::debug::explicit? true\n[7f112d80-f221-4092-9776-093e96a5cef0/coverage]   \ud83d\udcac  ::debug::isExplicit: 3.7.11\n[7f112d80-f221-4092-9776-093e96a5cef0/coverage]   \ud83d\udcac  ::debug::explicit? true\n[7f112d80-f221-4092-9776-093e96a5cef0/coverage]   \ud83d\udcac  ::debug::isExplicit: 3.8.11\n[7f112d80-f221-4092-9776-093e96a5cef0/coverage]   \ud83d\udcac  ::debug::explicit? true\n[7f112d80-f221-4092-9776-093e96a5cef0/coverage]   \ud83d\udcac  ::debug::isExplicit: 3.9.6\n[7f112d80-f221-4092-9776-093e96a5cef0/coverage]   \ud83d\udcac  ::debug::explicit? true\n[7f112d80-f221-4092-9776-093e96a5cef0/coverage]   \ud83d\udcac  ::debug::evaluating 6 versions\n[7f112d80-f221-4092-9776-093e96a5cef0/coverage]   \ud83d\udcac  ::debug::match not found\n[7f112d80-f221-4092-9776-093e96a5cef0/coverage]   | Version 3.11 was not found in the local cache\n[7f112d80-f221-4092-9776-093e96a5cef0/coverage]   \ud83d\udcac  ::debug::Getting manifest from actions/python-versions@main\n[7f112d80-f221-4092-9776-093e96a5cef0/coverage]   \ud83d\udcac  ::debug::set auth\n[7f112d80-f221-4092-9776-093e96a5cef0/build   ]   | * Building wheel...\n[7f112d80-f221-4092-9776-093e96a5cef0/coverage]   \ud83d\udcac  ::debug::check 3.12.0-beta.3 satisfies 3.11\n[7f112d80-f221-4092-9776-093e96a5cef0/coverage]   \ud83d\udcac  ::debug::check 3.12.0-beta.2 satisfies 3.11\n[7f112d80-f221-4092-9776-093e96a5cef0/coverage]   \ud83d\udcac  ::debug::check 3.12.0-beta.1 satisfies 3.11\n[7f112d80-f221-4092-9776-093e96a5cef0/coverage]   \ud83d\udcac  ::debug::check 3.12.0-alpha.7 satisfies 3.11\n[7f112d80-f221-4092-9776-093e96a5cef0/coverage]   \ud83d\udcac  ::debug::check 3.12.0-alpha.6 satisfies 3.11\n[7f112d80-f221-4092-9776-093e96a5cef0/coverage]   \ud83d\udcac  ::debug::check 3.12.0-alpha.5 satisfies 3.11\n[7f112d80-f221-4092-9776-093e96a5cef0/coverage]   \ud83d\udcac  ::debug::check 3.12.0-alpha.4 satisfies 3.11\n[7f112d80-f221-4092-9776-093e96a5cef0/coverage]   \ud83d\udcac  ::debug::check 3.12.0-alpha.3 satisfies 3.11\n[7f112d80-f221-4092-9776-093e96a5cef0/coverage]   \ud83d\udcac  ::debug::check 3.12.0-alpha.2 satisfies 3.11\n[7f112d80-f221-4092-9776-093e96a5cef0/coverage]   \ud83d\udcac  ::debug::check 3.12.0-alpha.1 satisfies 3.11\n[7f112d80-f221-4092-9776-093e96a5cef0/coverage]   \ud83d\udcac  ::debug::check 3.11.4 satisfies 3.11\n[7f112d80-f221-4092-9776-093e96a5cef0/coverage]   \ud83d\udcac  ::debug::arm64===x64 && darwin===linux\n[7f112d80-f221-4092-9776-093e96a5cef0/coverage]   \ud83d\udcac  ::debug::x64===x64 && darwin===linux\n[7f112d80-f221-4092-9776-093e96a5cef0/coverage]   \ud83d\udcac  ::debug::x64===x64 && linux===linux\n[7f112d80-f221-4092-9776-093e96a5cef0/coverage]   \ud83d\udcac  ::debug::matched 3.11.4\n[7f112d80-f221-4092-9776-093e96a5cef0/coverage]   | Version 3.11 is available for downloading\n[7f112d80-f221-4092-9776-093e96a5cef0/coverage]   | Download from \"https://github.com/actions/python-versions/releases/download/3.11.4-5199054971/python-3.11.4-linux-20.04-x64.tar.gz\"\n[7f112d80-f221-4092-9776-093e96a5cef0/coverage]   \ud83d\udcac  ::debug::Downloading https://github.com/actions/python-versions/releases/download/3.11.4-5199054971/python-3.11.4-linux-20.04-x64.tar.gz\n[7f112d80-f221-4092-9776-093e96a5cef0/coverage]   \ud83d\udcac  ::debug::Destination /tmp/242e397e-1538-457b-ac1e-acb645bf8770\n[7f112d80-f221-4092-9776-093e96a5cef0/coverage]   \ud83d\udcac  ::debug::set auth\n[7f112d80-f221-4092-9776-093e96a5cef0/build   ]   | running bdist_wheel\n[7f112d80-f221-4092-9776-093e96a5cef0/build   ]   | running build\n[7f112d80-f221-4092-9776-093e96a5cef0/build   ]   | running build_py\n[7f112d80-f221-4092-9776-093e96a5cef0/build   ]   | creating build\n[7f112d80-f221-4092-9776-093e96a5cef0/build   ]   | creating build/lib\n[7f112d80-f221-4092-9776-093e96a5cef0/build   ]   | creating build/lib/flag\n[7f112d80-f221-4092-9776-093e96a5cef0/build   ]   | copying flag/__init__.py -> build/lib/flag\n[7f112d80-f221-4092-9776-093e96a5cef0/build   ]   | copying flag/py.typed -> build/lib/flag\n[7f112d80-f221-4092-9776-093e96a5cef0/build   ]   | copying flag/__init__.pyi -> build/lib/flag\n[7f112d80-f221-4092-9776-093e96a5cef0/build   ]   | installing to build/bdist.linux-x86_64/wheel\n[7f112d80-f221-4092-9776-093e96a5cef0/build   ]   | running install\n[7f112d80-f221-4092-9776-093e96a5cef0/build   ]   | running install_lib\n[7f112d80-f221-4092-9776-093e96a5cef0/build   ]   | creating build/bdist.linux-x86_64\n[7f112d80-f221-4092-9776-093e96a5cef0/build   ]   | creating build/bdist.linux-x86_64/wheel\n[7f112d80-f221-4092-9776-093e96a5cef0/build   ]   | creating build/bdist.linux-x86_64/wheel/flag\n[7f112d80-f221-4092-9776-093e96a5cef0/build   ]   | copying build/lib/flag/py.typed -> build/bdist.linux-x86_64/wheel/flag\n[7f112d80-f221-4092-9776-093e96a5cef0/build   ]   | copying build/lib/flag/__init__.pyi -> build/bdist.linux-x86_64/wheel/flag\n[7f112d80-f221-4092-9776-093e96a5cef0/build   ]   | copying build/lib/flag/__init__.py -> build/bdist.linux-x86_64/wheel/flag\n[7f112d80-f221-4092-9776-093e96a5cef0/build   ]   | running install_egg_info\n[7f112d80-f221-4092-9776-093e96a5cef0/build   ]   | running egg_info\n[7f112d80-f221-4092-9776-093e96a5cef0/build   ]   | writing emoji_country_flag.egg-info/PKG-INFO\n[7f112d80-f221-4092-9776-093e96a5cef0/build   ]   | writing dependency_links to emoji_country_flag.egg-info/dependency_links.txt\n[7f112d80-f221-4092-9776-093e96a5cef0/build   ]   | writing requirements to emoji_country_flag.egg-info/requires.txt\n[7f112d80-f221-4092-9776-093e96a5cef0/build   ]   | writing top-level names to emoji_country_flag.egg-info/top_level.txt\n[7f112d80-f221-4092-9776-093e96a5cef0/build   ]   | reading manifest file 'emoji_country_flag.egg-info/SOURCES.txt'\n[7f112d80-f221-4092-9776-093e96a5cef0/build   ]   | adding license file 'LICENSE'\n[7f112d80-f221-4092-9776-093e96a5cef0/build   ]   | writing manifest file 'emoji_country_flag.egg-info/SOURCES.txt'\n[7f112d80-f221-4092-9776-093e96a5cef0/build   ]   | Copying emoji_country_flag.egg-info to build/bdist.linux-x86_64/wheel/emoji_country_flag-1.3.2-py3.7.egg-info\n[7f112d80-f221-4092-9776-093e96a5cef0/build   ]   | running install_scripts\n[7f112d80-f221-4092-9776-093e96a5cef0/build   ]   | creating build/bdist.linux-x86_64/wheel/emoji_country_flag-1.3.2.dist-info/WHEEL\n[7f112d80-f221-4092-9776-093e96a5cef0/build   ]   | creating '/tmp/ad9c0f7e-1596-11ee-8a50-bb14de238602/cvzi-flag/dist/.tmp-hxqzspat/emoji_country_flag-1.3.2-py2.py3-none-any.whl' and adding 'build/bdist.linux-x86_64/wheel' to it\n[7f112d80-f221-4092-9776-093e96a5cef0/build   ]   | adding 'flag/__init__.py'\n[7f112d80-f221-4092-9776-093e96a5cef0/build   ]   | adding 'flag/__init__.pyi'\n[7f112d80-f221-4092-9776-093e96a5cef0/build   ]   | adding 'flag/py.typed'\n[7f112d80-f221-4092-9776-093e96a5cef0/build   ]   | adding 'emoji_country_flag-1.3.2.dist-info/LICENSE'\n[7f112d80-f221-4092-9776-093e96a5cef0/build   ]   | adding 'emoji_country_flag-1.3.2.dist-info/METADATA'\n[7f112d80-f221-4092-9776-093e96a5cef0/build   ]   | adding 'emoji_country_flag-1.3.2.dist-info/WHEEL'\n[7f112d80-f221-4092-9776-093e96a5cef0/build   ]   | adding 'emoji_country_flag-1.3.2.dist-info/top_level.txt'\n[7f112d80-f221-4092-9776-093e96a5cef0/build   ]   | adding 'emoji_country_flag-1.3.2.dist-info/zip-safe'\n[7f112d80-f221-4092-9776-093e96a5cef0/build   ]   | adding 'emoji_country_flag-1.3.2.dist-info/RECORD'\n[7f112d80-f221-4092-9776-093e96a5cef0/build   ]   | removing build/bdist.linux-x86_64/wheel\n[7f112d80-f221-4092-9776-093e96a5cef0/build   ]   | /tmp/build-env-ghg3u2pa/lib/python3.7/site-packages/setuptools/config/pyprojecttoml.py:66: _BetaConfiguration: Support for `[tool.setuptools]` in `pyproject.toml` is still *beta*.\n[7f112d80-f221-4092-9776-093e96a5cef0/build   ]   |   config = read_configuration(filepath, True, ignore_option_errors, dist)\n[7f112d80-f221-4092-9776-093e96a5cef0/build   ]   | Successfully built emoji-country-flag-1.3.2.tar.gz and emoji_country_flag-1.3.2-py2.py3-none-any.whl\n[7f112d80-f221-4092-9776-093e96a5cef0/build   ]   \u2705  Success - Main Test build\n[7f112d80-f221-4092-9776-093e96a5cef0/build   ] \u2b50 Run Post Set up Python 3.7\n[7f112d80-f221-4092-9776-093e96a5cef0/build   ]   \ud83d\udc33  docker exec cmd=[node /var/run/act/actions/actions-setup-python@v4/dist/cache-save/index.js] user= workdir=\n[7f112d80-f221-4092-9776-093e96a5cef0/build   ]   \u2705  Success - Post Set up Python 3.7\n[7f112d80-f221-4092-9776-093e96a5cef0/build   ] \ud83c\udfc1  Job succeeded\n[7f112d80-f221-4092-9776-093e96a5cef0/coverage]   \ud83d\udcac  ::debug::download complete\n[7f112d80-f221-4092-9776-093e96a5cef0/coverage]   | Extract downloaded archive\n[7f112d80-f221-4092-9776-093e96a5cef0/coverage]   \ud83d\udcac  ::debug::Checking tar --version\n[7f112d80-f221-4092-9776-093e96a5cef0/coverage]   \ud83d\udcac  ::debug::tar (GNU tar) 1.30%0ACopyright (C) 2017 Free Software Foundation, Inc.%0ALicense GPLv3+: GNU GPL version 3 or later <https://gnu.org/licenses/gpl.html>.%0AThis is free software: you are free to change and redistribute it.%0AThere is NO WARRANTY, to the extent permitted by law.%0A%0AWritten by John Gilmore and Jay Fenlason.\n[7f112d80-f221-4092-9776-093e96a5cef0/coverage]   | [command]/usr/bin/tar xz --warning=no-unknown-keyword -C /tmp/18a34591-d693-40f2-b96d-f65b72f6c03e -f /tmp/242e397e-1538-457b-ac1e-acb645bf8770\n[7f112d80-f221-4092-9776-093e96a5cef0/coverage]   | Execute installation script\n[7f112d80-f221-4092-9776-093e96a5cef0/coverage]   | Check if Python hostedtoolcache folder exist...\n[7f112d80-f221-4092-9776-093e96a5cef0/coverage]   | Create Python 3.11.4 folder\n[7f112d80-f221-4092-9776-093e96a5cef0/coverage]   | Copy Python binaries to hostedtoolcache folder\n[7f112d80-f221-4092-9776-093e96a5cef0/coverage]   | Create additional symlinks (Required for the UsePythonVersion Azure Pipelines task and the setup-python GitHub Action)\n[7f112d80-f221-4092-9776-093e96a5cef0/coverage]   | Upgrading pip...\n[7f112d80-f221-4092-9776-093e96a5cef0/coverage]   | Looking in links: /tmp/tmperkerfqg\n[7f112d80-f221-4092-9776-093e96a5cef0/coverage]   | Requirement already satisfied: setuptools in /opt/hostedtoolcache/Python/3.11.4/x64/lib/python3.11/site-packages (65.5.0)\n[7f112d80-f221-4092-9776-093e96a5cef0/coverage]   | Requirement already satisfied: pip in /opt/hostedtoolcache/Python/3.11.4/x64/lib/python3.11/site-packages (23.1.2)\n[7f112d80-f221-4092-9776-093e96a5cef0/coverage]   | Collecting pip\n[7f112d80-f221-4092-9776-093e96a5cef0/coverage]   | Downloading pip-23.1.2-py3-none-any.whl (2.1 MB)\n[7f112d80-f221-4092-9776-093e96a5cef0/coverage]   | \u2501\u2501\u2501\u2501\u2501\u2501\u2501\u2501\u2501\u2501\u2501\u2501\u2501\u2501\u2501\u2501\u2501\u2501\u2501\u2501\u2501\u2501\u2501\u2501\u2501\u2501\u2501\u2501\u2501\u2501\u2501\u2501\u2501\u2501\u2501\u2501\u2501\u2501\u2501\u2501 2.1/2.1 MB 24.3 MB/s eta 0:00:00\n[7f112d80-f221-4092-9776-093e96a5cef0/coverage]   | \n[7f112d80-f221-4092-9776-093e96a5cef0/coverage]   | Installing collected packages: pip\n[7f112d80-f221-4092-9776-093e96a5cef0/coverage]   | Successfully installed pip-23.1.2\n[7f112d80-f221-4092-9776-093e96a5cef0/coverage]   | Create complete file\n[7f112d80-f221-4092-9776-093e96a5cef0/coverage]   \ud83d\udcac  ::debug::isExplicit: \n[7f112d80-f221-4092-9776-093e96a5cef0/coverage]   \ud83d\udcac  ::debug::explicit? false\n[7f112d80-f221-4092-9776-093e96a5cef0/coverage]   \ud83d\udcac  ::debug::isExplicit: 2.7.18\n[7f112d80-f221-4092-9776-093e96a5cef0/coverage]   \ud83d\udcac  ::debug::explicit? true\n[7f112d80-f221-4092-9776-093e96a5cef0/coverage]   \ud83d\udcac  ::debug::isExplicit: 3.11.4\n[7f112d80-f221-4092-9776-093e96a5cef0/coverage]   \ud83d\udcac  ::debug::explicit? true\n[7f112d80-f221-4092-9776-093e96a5cef0/coverage]   \ud83d\udcac  ::debug::isExplicit: 3.5.10\n[7f112d80-f221-4092-9776-093e96a5cef0/coverage]   \ud83d\udcac  ::debug::explicit? true\n[7f112d80-f221-4092-9776-093e96a5cef0/coverage]   \ud83d\udcac  ::debug::isExplicit: 3.6.14\n[7f112d80-f221-4092-9776-093e96a5cef0/coverage]   \ud83d\udcac  ::debug::explicit? true\n[7f112d80-f221-4092-9776-093e96a5cef0/coverage]   \ud83d\udcac  ::debug::isExplicit: 3.7.11\n[7f112d80-f221-4092-9776-093e96a5cef0/coverage]   \ud83d\udcac  ::debug::explicit? true\n[7f112d80-f221-4092-9776-093e96a5cef0/coverage]   \ud83d\udcac  ::debug::isExplicit: 3.8.11\n[7f112d80-f221-4092-9776-093e96a5cef0/coverage]   \ud83d\udcac  ::debug::explicit? true\n[7f112d80-f221-4092-9776-093e96a5cef0/coverage]   \ud83d\udcac  ::debug::isExplicit: 3.9.6\n[7f112d80-f221-4092-9776-093e96a5cef0/coverage]   \ud83d\udcac  ::debug::explicit? true\n[7f112d80-f221-4092-9776-093e96a5cef0/coverage]   \ud83d\udcac  ::debug::evaluating 7 versions\n[7f112d80-f221-4092-9776-093e96a5cef0/coverage]   \ud83d\udcac  ::debug::matched: 3.11.4\n[7f112d80-f221-4092-9776-093e96a5cef0/coverage]   \ud83d\udcac  ::debug::checking cache: /opt/hostedtoolcache/Python/3.11.4/x64\n[7f112d80-f221-4092-9776-093e96a5cef0/coverage]   \ud83d\udcac  ::debug::Found tool in cache Python 3.11.4 x64\n[7f112d80-f221-4092-9776-093e96a5cef0/coverage]   | Successfully set up CPython (3.11.4)\n[7f112d80-f221-4092-9776-093e96a5cef0/coverage]   \u2753  ::endgroup::\n[7f112d80-f221-4092-9776-093e96a5cef0/coverage]   \u2753 add-matcher /run/act/actions/actions-setup-python@v4/.github/python.json\n[7f112d80-f221-4092-9776-093e96a5cef0/coverage]   \u2705  Success - Main Set up Python 3.11\n[7f112d80-f221-4092-9776-093e96a5cef0/coverage]   \u2699  ::set-env:: Python_ROOT_DIR=/opt/hostedtoolcache/Python/3.11.4/x64\n[7f112d80-f221-4092-9776-093e96a5cef0/coverage]   \u2699  ::set-env:: Python2_ROOT_DIR=/opt/hostedtoolcache/Python/3.11.4/x64\n[7f112d80-f221-4092-9776-093e96a5cef0/coverage]   \u2699  ::set-env:: Python3_ROOT_DIR=/opt/hostedtoolcache/Python/3.11.4/x64\n[7f112d80-f221-4092-9776-093e96a5cef0/coverage]   \u2699  ::set-env:: LD_LIBRARY_PATH=/opt/hostedtoolcache/Python/3.11.4/x64/lib\n[7f112d80-f221-4092-9776-093e96a5cef0/coverage]   \u2699  ::set-env:: pythonLocation=/opt/hostedtoolcache/Python/3.11.4/x64\n[7f112d80-f221-4092-9776-093e96a5cef0/coverage]   \u2699  ::set-env:: PKG_CONFIG_PATH=/opt/hostedtoolcache/Python/3.11.4/x64/lib/pkgconfig\n[7f112d80-f221-4092-9776-093e96a5cef0/coverage]   \u2699  ::set-output:: python-version=3.11.4\n[7f112d80-f221-4092-9776-093e96a5cef0/coverage]   \u2699  ::set-output:: python-path=/opt/hostedtoolcache/Python/3.11.4/x64/bin/python\n[7f112d80-f221-4092-9776-093e96a5cef0/coverage]   \u2699  ::add-path:: /opt/hostedtoolcache/Python/3.11.4/x64\n[7f112d80-f221-4092-9776-093e96a5cef0/coverage]   \u2699  ::add-path:: /opt/hostedtoolcache/Python/3.11.4/x64/bin\n[7f112d80-f221-4092-9776-093e96a5cef0/coverage] \u2b50 Run Main Install dependencies\n[7f112d80-f221-4092-9776-093e96a5cef0/coverage]   \ud83d\udc33  docker exec cmd=[bash --noprofile --norc -e -o pipefail /var/run/act/workflow/2] user= workdir=\n[7f112d80-f221-4092-9776-093e96a5cef0/coverage]   | Requirement already satisfied: pip in /opt/hostedtoolcache/Python/3.11.4/x64/lib/python3.11/site-packages (23.1.2)\n[7f112d80-f221-4092-9776-093e96a5cef0/coverage]   | Collecting build\n[7f112d80-f221-4092-9776-093e96a5cef0/coverage]   |   Downloading build-0.10.0-py3-none-any.whl (17 kB)\n[7f112d80-f221-4092-9776-093e96a5cef0/coverage]   | Collecting packaging>=19.0 (from build)\n[7f112d80-f221-4092-9776-093e96a5cef0/coverage]   |   Downloading packaging-23.1-py3-none-any.whl (48 kB)\n[7f112d80-f221-4092-9776-093e96a5cef0/coverage]   |      \u2501\u2501\u2501\u2501\u2501\u2501\u2501\u2501\u2501\u2501\u2501\u2501\u2501\u2501\u2501\u2501\u2501\u2501\u2501\u2501\u2501\u2501\u2501\u2501\u2501\u2501\u2501\u2501\u2501\u2501\u2501\u2501\u2501\u2501\u2501\u2501\u2501\u2501\u2501 48.9/48.9 kB 988.8 kB/s eta 0:00:00\n[7f112d80-f221-4092-9776-093e96a5cef0/coverage]   | Collecting pyproject_hooks (from build)\n[7f112d80-f221-4092-9776-093e96a5cef0/coverage]   |   Downloading pyproject_hooks-1.0.0-py3-none-any.whl (9.3 kB)\n[7f112d80-f221-4092-9776-093e96a5cef0/coverage]   | Installing collected packages: pyproject_hooks, packaging, build\n[7f112d80-f221-4092-9776-093e96a5cef0/coverage]   | Successfully installed build-0.10.0 packaging-23.1 pyproject_hooks-1.0.0\n[7f112d80-f221-4092-9776-093e96a5cef0/coverage]   | Collecting emoji==2.4.0 (from -r tests/requirements.txt (line 1))\n[7f112d80-f221-4092-9776-093e96a5cef0/coverage]   |   Downloading emoji-2.4.0.tar.gz (353 kB)\n[7f112d80-f221-4092-9776-093e96a5cef0/coverage]   |      \u2501\u2501\u2501\u2501\u2501\u2501\u2501\u2501\u2501\u2501\u2501\u2501\u2501\u2501\u2501\u2501\u2501\u2501\u2501\u2501\u2501\u2501\u2501\u2501\u2501\u2501\u2501\u2501\u2501\u2501\u2501\u2501\u2501\u2501\u2501\u2501\u2501\u2501\u2501 353.7/353.7 kB 7.6 MB/s eta 0:00:00\n[7f112d80-f221-4092-9776-093e96a5cef0/coverage]   |   Installing build dependencies: started\n[7f112d80-f221-4092-9776-093e96a5cef0/coverage]   |   Installing build dependencies: finished with status 'done'\n[7f112d80-f221-4092-9776-093e96a5cef0/coverage]   |   Getting requirements to build wheel: started\n[7f112d80-f221-4092-9776-093e96a5cef0/coverage]   |   Getting requirements to build wheel: finished with status 'done'\n[7f112d80-f221-4092-9776-093e96a5cef0/coverage]   |   Preparing metadata (pyproject.toml): started\n[7f112d80-f221-4092-9776-093e96a5cef0/coverage]   |   Preparing metadata (pyproject.toml): finished with status 'done'\n[7f112d80-f221-4092-9776-093e96a5cef0/coverage]   | Collecting pytest==7.3.1 (from -r tests/requirements.txt (line 2))\n[7f112d80-f221-4092-9776-093e96a5cef0/coverage]   |   Downloading pytest-7.3.1-py3-none-any.whl (320 kB)\n[7f112d80-f221-4092-9776-093e96a5cef0/coverage]   |      \u2501\u2501\u2501\u2501\u2501\u2501\u2501\u2501\u2501\u2501\u2501\u2501\u2501\u2501\u2501\u2501\u2501\u2501\u2501\u2501\u2501\u2501\u2501\u2501\u2501\u2501\u2501\u2501\u2501\u2501\u2501\u2501\u2501\u2501\u2501\u2501\u2501\u2501 320.5/320.5 kB 19.2 MB/s eta 0:00:00\n[7f112d80-f221-4092-9776-093e96a5cef0/coverage]   | Collecting setuptools==67.8.0 (from -r tests/requirements.txt (line 3))\n[7f112d80-f221-4092-9776-093e96a5cef0/coverage]   |   Downloading setuptools-67.8.0-py3-none-any.whl (1.1 MB)\n[7f112d80-f221-4092-9776-093e96a5cef0/coverage]   |      \u2501\u2501\u2501\u2501\u2501\u2501\u2501\u2501\u2501\u2501\u2501\u2501\u2501\u2501\u2501\u2501\u2501\u2501\u2501\u2501\u2501\u2501\u2501\u2501\u2501\u2501\u2501\u2501\u2501\u2501\u2501\u2501\u2501\u2501\u2501\u2501\u2501\u2501\u2501\u2501 1.1/1.1 MB 22.1 MB/s eta 0:00:00\n[7f112d80-f221-4092-9776-093e96a5cef0/coverage]   | Collecting iniconfig (from pytest==7.3.1->-r tests/requirements.txt (line 2))\n[7f112d80-f221-4092-9776-093e96a5cef0/coverage]   |   Downloading iniconfig-2.0.0-py3-none-any.whl (5.9 kB)\n[7f112d80-f221-4092-9776-093e96a5cef0/coverage]   | Requirement already satisfied: packaging in /opt/hostedtoolcache/Python/3.11.4/x64/lib/python3.11/site-packages (from pytest==7.3.1->-r tests/requirements.txt (line 2)) (23.1)\n[7f112d80-f221-4092-9776-093e96a5cef0/coverage]   | Collecting pluggy<2.0,>=0.12 (from pytest==7.3.1->-r tests/requirements.txt (line 2))\n[7f112d80-f221-4092-9776-093e96a5cef0/coverage]   |   Downloading pluggy-1.2.0-py3-none-any.whl (17 kB)\n[7f112d80-f221-4092-9776-093e96a5cef0/coverage]   | Building wheels for collected packages: emoji\n[7f112d80-f221-4092-9776-093e96a5cef0/coverage]   |   Building wheel for emoji (pyproject.toml): started\n[7f112d80-f221-4092-9776-093e96a5cef0/coverage]   |   Building wheel for emoji (pyproject.toml): finished with status 'done'\n[7f112d80-f221-4092-9776-093e96a5cef0/coverage]   |   Created wheel for emoji: filename=emoji-2.4.0-py2.py3-none-any.whl size=350809 sha256=336386faa91b0df9b3bf422d7e7f29092748a11d014afa2fe6c6db7c30235d43\n[7f112d80-f221-4092-9776-093e96a5cef0/coverage]   |   Stored in directory: /home/runneradmin/.cache/pip/wheels/8c/bf/17/02e400a37d0292f1a44ec18e58cfb29b2db6eb86e9c0c3a03f\n[7f112d80-f221-4092-9776-093e96a5cef0/coverage]   | Successfully built emoji\n[7f112d80-f221-4092-9776-093e96a5cef0/coverage]   | Installing collected packages: setuptools, pluggy, iniconfig, emoji, pytest\n[7f112d80-f221-4092-9776-093e96a5cef0/coverage]   |   Attempting uninstall: setuptools\n[7f112d80-f221-4092-9776-093e96a5cef0/coverage]   |     Found existing installation: setuptools 65.5.0\n[7f112d80-f221-4092-9776-093e96a5cef0/coverage]   |     Uninstalling setuptools-65.5.0:\n[7f112d80-f221-4092-9776-093e96a5cef0/coverage]   |       Successfully uninstalled setuptools-65.5.0\n[7f112d80-f221-4092-9776-093e96a5cef0/coverage]   | Successfully installed emoji-2.4.0 iniconfig-2.0.0 pluggy-1.2.0 pytest-7.3.1 setuptools-67.8.0\n[7f112d80-f221-4092-9776-093e96a5cef0/coverage]   | Collecting coverage\n[7f112d80-f221-4092-9776-093e96a5cef0/coverage]   |   Downloading coverage-7.2.7-cp311-cp311-manylinux_2_5_x86_64.manylinux1_x86_64.manylinux_2_17_x86_64.manylinux2014_x86_64.whl (232 kB)\n[7f112d80-f221-4092-9776-093e96a5cef0/coverage]   |      \u2501\u2501\u2501\u2501\u2501\u2501\u2501\u2501\u2501\u2501\u2501\u2501\u2501\u2501\u2501\u2501\u2501\u2501\u2501\u2501\u2501\u2501\u2501\u2501\u2501\u2501\u2501\u2501\u2501\u2501\u2501\u2501\u2501\u2501\u2501\u2501\u2501\u2501\u2501 232.6/232.6 kB 8.0 MB/s eta 0:00:00\n[7f112d80-f221-4092-9776-093e96a5cef0/coverage]   | Installing collected packages: coverage\n[7f112d80-f221-4092-9776-093e96a5cef0/coverage]   | Successfully installed coverage-7.2.7\n[7f112d80-f221-4092-9776-093e96a5cef0/coverage]   | Collecting codacy-coverage\n[7f112d80-f221-4092-9776-093e96a5cef0/coverage]   |   Downloading codacy_coverage-1.3.11-py2.py3-none-any.whl (7.5 kB)\n[7f112d80-f221-4092-9776-093e96a5cef0/coverage]   | Collecting requests>=2.9.1 (from codacy-coverage)\n[7f112d80-f221-4092-9776-093e96a5cef0/coverage]   |   Downloading requests-2.31.0-py3-none-any.whl (62 kB)\n[7f112d80-f221-4092-9776-093e96a5cef0/coverage]   |      \u2501\u2501\u2501\u2501\u2501\u2501\u2501\u2501\u2501\u2501\u2501\u2501\u2501\u2501\u2501\u2501\u2501\u2501\u2501\u2501\u2501\u2501\u2501\u2501\u2501\u2501\u2501\u2501\u2501\u2501\u2501\u2501\u2501\u2501\u2501\u2501\u2501\u2501\u2501\u2501 62.6/62.6 kB 1.1 MB/s eta 0:00:00\n[7f112d80-f221-4092-9776-093e96a5cef0/coverage]   | Collecting charset-normalizer<4,>=2 (from requests>=2.9.1->codacy-coverage)\n[7f112d80-f221-4092-9776-093e96a5cef0/coverage]   |   Downloading charset_normalizer-3.1.0-cp311-cp311-manylinux_2_17_x86_64.manylinux2014_x86_64.whl (197 kB)\n[7f112d80-f221-4092-9776-093e96a5cef0/coverage]   |      \u2501\u2501\u2501\u2501\u2501\u2501\u2501\u2501\u2501\u2501\u2501\u2501\u2501\u2501\u2501\u2501\u2501\u2501\u2501\u2501\u2501\u2501\u2501\u2501\u2501\u2501\u2501\u2501\u2501\u2501\u2501\u2501\u2501\u2501\u2501\u2501\u2501\u2501 197.3/197.3 kB 10.7 MB/s eta 0:00:00\n[7f112d80-f221-4092-9776-093e96a5cef0/coverage]   | Collecting idna<4,>=2.5 (from requests>=2.9.1->codacy-coverage)\n[7f112d80-f221-4092-9776-093e96a5cef0/coverage]   |   Downloading idna-3.4-py3-none-any.whl (61 kB)\n[7f112d80-f221-4092-9776-093e96a5cef0/coverage]   |      \u2501\u2501\u2501\u2501\u2501\u2501\u2501\u2501\u2501\u2501\u2501\u2501\u2501\u2501\u2501\u2501\u2501\u2501\u2501\u2501\u2501\u2501\u2501\u2501\u2501\u2501\u2501\u2501\u2501\u2501\u2501\u2501\u2501\u2501\u2501\u2501\u2501\u2501\u2501\u2501 61.5/61.5 kB 5.2 MB/s eta 0:00:00\n[7f112d80-f221-4092-9776-093e96a5cef0/coverage]   | Collecting urllib3<3,>=1.21.1 (from requests>=2.9.1->codacy-coverage)\n[7f112d80-f221-4092-9776-093e96a5cef0/coverage]   |   Downloading urllib3-2.0.3-py3-none-any.whl (123 kB)\n[7f112d80-f221-4092-9776-093e96a5cef0/coverage]   |      \u2501\u2501\u2501\u2501\u2501\u2501\u2501\u2501\u2501\u2501\u2501\u2501\u2501\u2501\u2501\u2501\u2501\u2501\u2501\u2501\u2501\u2501\u2501\u2501\u2501\u2501\u2501\u2501\u2501\u2501\u2501\u2501\u2501\u2501\u2501\u2501\u2501\u2501\u2501 123.6/123.6 kB 9.2 MB/s eta 0:00:00\n[7f112d80-f221-4092-9776-093e96a5cef0/coverage]   | Collecting certifi>=2017.4.17 (from requests>=2.9.1->codacy-coverage)\n[7f112d80-f221-4092-9776-093e96a5cef0/coverage]   |   Downloading certifi-2023.5.7-py3-none-any.whl (156 kB)\n[7f112d80-f221-4092-9776-093e96a5cef0/coverage]   |      \u2501\u2501\u2501\u2501\u2501\u2501\u2501\u2501\u2501\u2501\u2501\u2501\u2501\u2501\u2501\u2501\u2501\u2501\u2501\u2501\u2501\u2501\u2501\u2501\u2501\u2501\u2501\u2501\u2501\u2501\u2501\u2501\u2501\u2501\u2501\u2501\u2501\u2501\u2501 157.0/157.0 kB 7.6 MB/s eta 0:00:00\n[7f112d80-f221-4092-9776-093e96a5cef0/coverage]   | Installing collected packages: urllib3, idna, charset-normalizer, certifi, requests, codacy-coverage\n[7f112d80-f221-4092-9776-093e96a5cef0/coverage]   | Successfully installed certifi-2023.5.7 charset-normalizer-3.1.0 codacy-coverage-1.3.11 idna-3.4 requests-2.31.0 urllib3-2.0.3\n[7f112d80-f221-4092-9776-093e96a5cef0/coverage]   \u2705  Success - Main Install dependencies\n[7f112d80-f221-4092-9776-093e96a5cef0/coverage] \u2b50 Run Main Generate coverage\n[7f112d80-f221-4092-9776-093e96a5cef0/coverage]   \ud83d\udc33  docker exec cmd=[bash --noprofile --norc -e -o pipefail /var/run/act/workflow/3] user= workdir=\n[7f112d80-f221-4092-9776-093e96a5cef0/coverage]   | Imported flag from /tmp/ad9c0f7e-1596-11ee-8a50-bb14de238602/cvzi-flag/flag\n[7f112d80-f221-4092-9776-093e96a5cef0/coverage]   | test_subdivisions()\n[7f112d80-f221-4092-9776-093e96a5cef0/coverage]   | Ok.\n[7f112d80-f221-4092-9776-093e96a5cef0/coverage]   | test_subregions()\n[7f112d80-f221-4092-9776-093e96a5cef0/coverage]   | Ok.\n[7f112d80-f221-4092-9776-093e96a5cef0/coverage]   | Imported flag from /tmp/ad9c0f7e-1596-11ee-8a50-bb14de238602/cvzi-flag/flag\n[7f112d80-f221-4092-9776-093e96a5cef0/coverage]   | test_example()\n[7f112d80-f221-4092-9776-093e96a5cef0/coverage]   | Ok.\n[7f112d80-f221-4092-9776-093e96a5cef0/coverage]   | test_all_known()\n[7f112d80-f221-4092-9776-093e96a5cef0/coverage]   | Ok.\n[7f112d80-f221-4092-9776-093e96a5cef0/coverage]   | test_check_known()\n[7f112d80-f221-4092-9776-093e96a5cef0/coverage]   | Ok.\n[7f112d80-f221-4092-9776-093e96a5cef0/coverage]   | test_compare_with_emoji_module()\n[7f112d80-f221-4092-9776-093e96a5cef0/coverage]   | Ok.\n[7f112d80-f221-4092-9776-093e96a5cef0/coverage]   | test_wrong_codes()\n[7f112d80-f221-4092-9776-093e96a5cef0/coverage]   | Ok.\n[7f112d80-f221-4092-9776-093e96a5cef0/coverage]   | Imported flag from /tmp/ad9c0f7e-1596-11ee-8a50-bb14de238602/cvzi-flag/flag\n[7f112d80-f221-4092-9776-093e96a5cef0/coverage]   | test_example()\n[7f112d80-f221-4092-9776-093e96a5cef0/coverage]   | Ok.\n[7f112d80-f221-4092-9776-093e96a5cef0/coverage]   | test_exception()\n[7f112d80-f221-4092-9776-093e96a5cef0/coverage]   | invalid countrycode, found 0 ('') in ''.\n[7f112d80-f221-4092-9776-093e96a5cef0/coverage]   | invalid countrycode, found 0 ('') in ':-:'.\n[7f112d80-f221-4092-9776-093e96a5cef0/coverage]   | invalid countrycode, found 1 ('a') in ':a:'.\n[7f112d80-f221-4092-9776-093e96a5cef0/coverage]   | invalid countrycode, found 7 ('abcdefg') in 'abcdefg'.\n[7f112d80-f221-4092-9776-093e96a5cef0/coverage]   | Ok.\n[7f112d80-f221-4092-9776-093e96a5cef0/coverage]   | test_twoletter()\n[7f112d80-f221-4092-9776-093e96a5cef0/coverage]   | Ok.\n[7f112d80-f221-4092-9776-093e96a5cef0/coverage]   | test_moreletters()\n[7f112d80-f221-4092-9776-093e96a5cef0/coverage]   | Ok.\n[7f112d80-f221-4092-9776-093e96a5cef0/coverage]   | Imported flag from /tmp/ad9c0f7e-1596-11ee-8a50-bb14de238602/cvzi-flag/flag\n[7f112d80-f221-4092-9776-093e96a5cef0/coverage]   | test_basic()\n[7f112d80-f221-4092-9776-093e96a5cef0/coverage]   | Ok.\n[7f112d80-f221-4092-9776-093e96a5cef0/coverage]   | test_basic_mixed()\n[7f112d80-f221-4092-9776-093e96a5cef0/coverage]   | Ok.\n[7f112d80-f221-4092-9776-093e96a5cef0/coverage]   | test_valid_codes()\n[7f112d80-f221-4092-9776-093e96a5cef0/coverage]   | Ok.\n[7f112d80-f221-4092-9776-093e96a5cef0/coverage]   | test_compare_with_emoji_module()\n[7f112d80-f221-4092-9776-093e96a5cef0/coverage]   | Ok.\n[7f112d80-f221-4092-9776-093e96a5cef0/coverage]   | test_wrong_codes()\n[7f112d80-f221-4092-9776-093e96a5cef0/coverage]   | Ok.\n[7f112d80-f221-4092-9776-093e96a5cef0/coverage]   | Imported flag from /tmp/ad9c0f7e-1596-11ee-8a50-bb14de238602/cvzi-flag/flag\n[7f112d80-f221-4092-9776-093e96a5cef0/coverage]   | test_import()\n[7f112d80-f221-4092-9776-093e96a5cef0/coverage]   | Ok.\n[7f112d80-f221-4092-9776-093e96a5cef0/coverage]   | test_import_star()\n[7f112d80-f221-4092-9776-093e96a5cef0/coverage]   | Ok.\n[7f112d80-f221-4092-9776-093e96a5cef0/coverage]   | Imported flag from /tmp/ad9c0f7e-1596-11ee-8a50-bb14de238602/cvzi-flag/flag\n[7f112d80-f221-4092-9776-093e96a5cef0/coverage]   | test_custom_simple()\n[7f112d80-f221-4092-9776-093e96a5cef0/coverage]   | Ok.\n[7f112d80-f221-4092-9776-093e96a5cef0/coverage]   | test_warnings()\n[7f112d80-f221-4092-9776-093e96a5cef0/coverage]   | Ok.\n[7f112d80-f221-4092-9776-093e96a5cef0/coverage]   | test_custom_subregions()\n[7f112d80-f221-4092-9776-093e96a5cef0/coverage]   | Ok.\n[7f112d80-f221-4092-9776-093e96a5cef0/coverage]   \u2705  Success - Main Generate coverage\n[7f112d80-f221-4092-9776-093e96a5cef0/coverage] \u2b50 Run Main Submit codacy\n[7f112d80-f221-4092-9776-093e96a5cef0/coverage]   \ud83d\udc33  docker exec cmd=[bash --noprofile --norc -e -o pipefail /var/run/act/workflow/4] user= workdir=\n[7f112d80-f221-4092-9776-093e96a5cef0/coverage]   | Wrote XML report to coverage.xml\n[7f112d80-f221-4092-9776-093e96a5cef0/coverage]   | 2023-06-28 12:31:53,428 - ERROR - environment variable CODACY_PROJECT_TOKEN is not defined.\n[7f112d80-f221-4092-9776-093e96a5cef0/coverage] Failed but continue next step\n[7f112d80-f221-4092-9776-093e96a5cef0/coverage]   \u274c  Failure - Main Submit codacy\n[7f112d80-f221-4092-9776-093e96a5cef0/coverage] \u2b50 Run Main Coveralls\n[7f112d80-f221-4092-9776-093e96a5cef0/coverage]   \ud83d\udc33  docker build -t act-andremiras-coveralls-python-action-v20201129-dockeraction:latest /tmp/act-cache/d099dc44-7454-4819-bba1-962124320285/act/AndreMiras-coveralls-python-action@v20201129/\n[7f112d80-f221-4092-9776-093e96a5cef0/coverage]   \ud83d\udc33  docker pull image=act-andremiras-coveralls-python-action-v20201129-dockeraction:latest platform= username= forcePull=false\n[7f112d80-f221-4092-9776-093e96a5cef0/coverage]   \ud83d\udc33  docker create image=act-andremiras-coveralls-python-action-v20201129-dockeraction:latest platform= entrypoint=[] cmd=[\"--github-token\" \"***\" \"--base-path\" \"false\" \"--flag-name\" \"false\" \"--parallel\" \"false\" \"--parallel-finished\" \"false\" \"--debug\" \"false\"]\n[7f112d80-f221-4092-9776-093e96a5cef0/coverage]   \ud83d\udc33  docker run image=act-andremiras-coveralls-python-action-v20201129-dockeraction:latest platform= entrypoint=[] cmd=[\"--github-token\" \"***\" \"--base-path\" \"false\" \"--flag-name\" \"false\" \"--parallel\" \"false\" \"--parallel-finished\" \"false\" \"--debug\" \"false\"]\n[7f112d80-f221-4092-9776-093e96a5cef0/coverage]   | Trying submitting coverage with service_name: github...\n[7f112d80-f221-4092-9776-093e96a5cef0/coverage]   | Failed submitting coverage with service_name: github\n[7f112d80-f221-4092-9776-093e96a5cef0/coverage]   | Traceback (most recent call last):\n[7f112d80-f221-4092-9776-093e96a5cef0/coverage]   |   File \"/usr/local/lib/python3.8/site-packages/coveralls/api.py\", line 290, in submit_report\n[7f112d80-f221-4092-9776-093e96a5cef0/coverage]   |     response.raise_for_status()\n[7f112d80-f221-4092-9776-093e96a5cef0/coverage]   |   File \"/usr/local/lib/python3.8/site-packages/requests/models.py\", line 1021, in raise_for_status\n[7f112d80-f221-4092-9776-093e96a5cef0/coverage]   |     raise HTTPError(http_error_msg, response=self)\n[7f112d80-f221-4092-9776-093e96a5cef0/coverage]   | requests.exceptions.HTTPError: 422 Client Error: Unprocessable Entity for url: https://coveralls.io/api/v1/jobs\n[7f112d80-f221-4092-9776-093e96a5cef0/coverage]   | \n[7f112d80-f221-4092-9776-093e96a5cef0/coverage]   | The above exception was the direct cause of the following exception:\n[7f112d80-f221-4092-9776-093e96a5cef0/coverage]   | \n[7f112d80-f221-4092-9776-093e96a5cef0/coverage]   | Traceback (most recent call last):\n[7f112d80-f221-4092-9776-093e96a5cef0/coverage]   |   File \"/src/entrypoint.py\", line 62, in run_coveralls\n[7f112d80-f221-4092-9776-093e96a5cef0/coverage]   |     result = coveralls.wear()\n[7f112d80-f221-4092-9776-093e96a5cef0/coverage]   |   File \"/usr/local/lib/python3.8/site-packages/coveralls/api.py\", line 257, in wear\n[7f112d80-f221-4092-9776-093e96a5cef0/coverage]   |     return self.submit_report(json_string)\n[7f112d80-f221-4092-9776-093e96a5cef0/coverage]   |   File \"/usr/local/lib/python3.8/site-packages/coveralls/api.py\", line 293, in submit_report\n[7f112d80-f221-4092-9776-093e96a5cef0/coverage]   |     raise CoverallsException(\n[7f112d80-f221-4092-9776-093e96a5cef0/coverage]   | coveralls.exception.CoverallsException: Could not submit coverage: 422 Client Error: Unprocessable Entity for url: https://coveralls.io/api/v1/jobs\n[7f112d80-f221-4092-9776-093e96a5cef0/coverage]   | Trying submitting coverage with service_name: github-actions...\n[7f112d80-f221-4092-9776-093e96a5cef0/coverage]   | Failed submitting coverage with service_name: github-actions\n[7f112d80-f221-4092-9776-093e96a5cef0/coverage]   | Traceback (most recent call last):\n[7f112d80-f221-4092-9776-093e96a5cef0/coverage]   |   File \"/usr/local/lib/python3.8/site-packages/coveralls/api.py\", line 290, in submit_report\n[7f112d80-f221-4092-9776-093e96a5cef0/coverage]   |     response.raise_for_status()\n[7f112d80-f221-4092-9776-093e96a5cef0/coverage]   |   File \"/usr/local/lib/python3.8/site-packages/requests/models.py\", line 1021, in raise_for_status\n[7f112d80-f221-4092-9776-093e96a5cef0/coverage]   |     raise HTTPError(http_error_msg, response=self)\n[7f112d80-f221-4092-9776-093e96a5cef0/coverage]   | requests.exceptions.HTTPError: 422 Client Error: Unprocessable Entity for url: https://coveralls.io/api/v1/jobs\n[7f112d80-f221-4092-9776-093e96a5cef0/coverage]   | \n[7f112d80-f221-4092-9776-093e96a5cef0/coverage]   | The above exception was the direct cause of the following exception:\n[7f112d80-f221-4092-9776-093e96a5cef0/coverage]   | \n[7f112d80-f221-4092-9776-093e96a5cef0/coverage]   | Traceback (most recent call last):\n[7f112d80-f221-4092-9776-093e96a5cef0/coverage]   |   File \"/src/entrypoint.py\", line 62, in run_coveralls\n[7f112d80-f221-4092-9776-093e96a5cef0/coverage]   |     result = coveralls.wear()\n[7f112d80-f221-4092-9776-093e96a5cef0/coverage]   |   File \"/usr/local/lib/python3.8/site-packages/coveralls/api.py\", line 257, in wear\n[7f112d80-f221-4092-9776-093e96a5cef0/coverage]   |     return self.submit_report(json_string)\n[7f112d80-f221-4092-9776-093e96a5cef0/coverage]   |   File \"/usr/local/lib/python3.8/site-packages/coveralls/api.py\", line 293, in submit_report\n[7f112d80-f221-4092-9776-093e96a5cef0/coverage]   |     raise CoverallsException(\n[7f112d80-f221-4092-9776-093e96a5cef0/coverage]   | coveralls.exception.CoverallsException: Could not submit coverage: 422 Client Error: Unprocessable Entity for url: https://coveralls.io/api/v1/jobs\n[7f112d80-f221-4092-9776-093e96a5cef0/coverage]   | Failed to submit coverage\n[7f112d80-f221-4092-9776-093e96a5cef0/coverage]   | resubmitting with id None\n[7f112d80-f221-4092-9776-093e96a5cef0/coverage]   | resubmitting with id None\n[7f112d80-f221-4092-9776-093e96a5cef0/coverage]   | ExitCode.FAILURE\n[7f112d80-f221-4092-9776-093e96a5cef0/coverage] Failed but continue next step\n[7f112d80-f221-4092-9776-093e96a5cef0/coverage]   \u274c  Failure - Main Coveralls\n[7f112d80-f221-4092-9776-093e96a5cef0/coverage] \u2b50 Run Main Codecov\n[7f112d80-f221-4092-9776-093e96a5cef0/coverage]   \ud83d\udc33  docker cp src=/tmp/act-cache/d099dc44-7454-4819-bba1-962124320285/act/codecov-codecov-action@v3/ dst=/var/run/act/actions/codecov-codecov-action@v3/\n[7f112d80-f221-4092-9776-093e96a5cef0/coverage]   \ud83d\udc33  docker exec cmd=[chown -R 1012:1013 /var/run/act/actions/codecov-codecov-action@v3/] user=0 workdir=\n[7f112d80-f221-4092-9776-093e96a5cef0/coverage]   \ud83d\udc33  docker exec cmd=[node /var/run/act/actions/codecov-codecov-action@v3/dist/index.js] user= workdir=\n[7f112d80-f221-4092-9776-093e96a5cef0/coverage]   | Error: Cannot find module 'node:http'\n[7f112d80-f221-4092-9776-093e96a5cef0/coverage]   | Require stack:\n[7f112d80-f221-4092-9776-093e96a5cef0/coverage]   | - /run/act/actions/codecov-codecov-action@v3/dist/index.js\n[7f112d80-f221-4092-9776-093e96a5cef0/coverage]   |     at Function.Module._resolveFilename (internal/modules/cjs/loader.js:889:15)\n[7f112d80-f221-4092-9776-093e96a5cef0/coverage]   |     at Function.Module._load (internal/modules/cjs/loader.js:745:27)\n[7f112d80-f221-4092-9776-093e96a5cef0/coverage]   |     at Module.require (internal/modules/cjs/loader.js:961:19)\n[7f112d80-f221-4092-9776-093e96a5cef0/coverage]   |     at require (internal/modules/cjs/helpers.js:92:18)\n[7f112d80-f221-4092-9776-093e96a5cef0/coverage]   |     at /run/act/actions/codecov-codecov-action@v3/webpack:/codecov-action/external node-commonjs \"node:http\":1:1\n[7f112d80-f221-4092-9776-093e96a5cef0/coverage]   |     at /run/act/actions/codecov-codecov-action@v3/dist/index.js:24630:3\n[7f112d80-f221-4092-9776-093e96a5cef0/coverage]   |     at Object.<anonymous> (/run/act/actions/codecov-codecov-action@v3/dist/index.js:24633:12)\n[7f112d80-f221-4092-9776-093e96a5cef0/coverage]   |     at Module._compile (internal/modules/cjs/loader.js:1072:14)\n[7f112d80-f221-4092-9776-093e96a5cef0/coverage]   |     at Object.Module._extensions..js (internal/modules/cjs/loader.js:1101:10)\n[7f112d80-f221-4092-9776-093e96a5cef0/coverage]   |     at Module.load (internal/modules/cjs/loader.js:937:32)\n[7f112d80-f221-4092-9776-093e96a5cef0/coverage] Failed but continue next step\n[7f112d80-f221-4092-9776-093e96a5cef0/coverage]   \u274c  Failure - Main Codecov\n[7f112d80-f221-4092-9776-093e96a5cef0/coverage] \u2b50 Run Main SonarCloud Scan\n[7f112d80-f221-4092-9776-093e96a5cef0/coverage]   \ud83d\udc33  docker build -t act-sonarsource-sonarcloud-github-action-v1-6-dockeraction:latest /tmp/act-cache/d099dc44-7454-4819-bba1-962124320285/act/SonarSource-sonarcloud-github-action@v1.6/\n[7f112d80-f221-4092-9776-093e96a5cef0/coverage]   \ud83d\udc33  docker pull image=act-sonarsource-sonarcloud-github-action-v1-6-dockeraction:latest platform= username= forcePull=false\n[7f112d80-f221-4092-9776-093e96a5cef0/coverage]   \ud83d\udc33  docker create image=act-sonarsource-sonarcloud-github-action-v1-6-dockeraction:latest platform= entrypoint=[] cmd=[\"-Dsonar.organization=cvzi-github\" \"-Dsonar.projectKey=cvzi_flag\" \"-Dsonar.python.coverage.reportPaths=coverage.xml\" \"-Dsonar.sources=flag\" \"-Dsonar.host.url=https://sonarcloud.io\" \"-Dsonar.test.exclusions=tests/**\" \"-Dsonar.tests=tests/\"]\n[7f112d80-f221-4092-9776-093e96a5cef0/coverage]   \ud83d\udc33  docker run image=act-sonarsource-sonarcloud-github-action-v1-6-dockeraction:latest platform= entrypoint=[] cmd=[\"-Dsonar.organization=cvzi-github\" \"-Dsonar.projectKey=cvzi_flag\" \"-Dsonar.python.coverage.reportPaths=coverage.xml\" \"-Dsonar.sources=flag\" \"-Dsonar.host.url=https://sonarcloud.io\" \"-Dsonar.test.exclusions=tests/**\" \"-Dsonar.tests=tests/\"]\n[7f112d80-f221-4092-9776-093e96a5cef0/coverage]   | Set the SONAR_TOKEN env variable.\n[7f112d80-f221-4092-9776-093e96a5cef0/coverage] Failed but continue next step\n[7f112d80-f221-4092-9776-093e96a5cef0/coverage]   \u274c  Failure - Main SonarCloud Scan\n[7f112d80-f221-4092-9776-093e96a5cef0/coverage] \u2b50 Run Post Set up Python 3.11\n[7f112d80-f221-4092-9776-093e96a5cef0/coverage]   \ud83d\udc33  docker exec cmd=[node /var/run/act/actions/actions-setup-python@v4/dist/cache-save/index.js] user= workdir=\n[7f112d80-f221-4092-9776-093e96a5cef0/coverage]   \u2705  Success - Post Set up Python 3.11\n[7f112d80-f221-4092-9776-093e96a5cef0/coverage] \ud83c\udfc1  Job succeeded\n",
        "stderr": "",
        "workflow": "/tmp/ad9c0f7e-1596-11ee-8a50-bb14de238602/cvzi-flag/.github/workflows/pythonpackage-crawler.yml",
        "build_tool": "pytest",
        "elapsed_time": 167.98139786720276
    }
}