{
    "repository": "davidhalter/jedi",
    "stars": 5446,
    "language": "python",
    "size": 13115,
    "clone_url": "https://github.com/davidhalter/jedi.git",
    "timestamp": "2023-06-28T09:57:03.577883Z",
    "clone_success": true,
    "number_of_actions": 1,
    "number_of_test_actions": 1,
    "actions_successful": false,
    "actions_build_tools": [
        "pytest"
    ],
    "actions_test_build_tools": [
        "pytest"
    ],
    "actions_run": {
        "failed": true,
        "tests": [],
        "stdout": "[83e65270-9fd2-447f-a22d-4442d65ec2ad/code-quality] \ud83d\ude80  Start image=crawlergpt:latest\n[83e65270-9fd2-447f-a22d-4442d65ec2ad/coverage    ] \ud83d\ude80  Start image=crawlergpt:latest\n[83e65270-9fd2-447f-a22d-4442d65ec2ad/tests       ] \ud83d\ude80  Start image=crawlergpt:latest\n[83e65270-9fd2-447f-a22d-4442d65ec2ad/code-quality]   \ud83d\udc33  docker pull image=crawlergpt:latest platform= username= forcePull=false\n[83e65270-9fd2-447f-a22d-4442d65ec2ad/tests       ]   \ud83d\udc33  docker pull image=crawlergpt:latest platform= username= forcePull=false\n[83e65270-9fd2-447f-a22d-4442d65ec2ad/coverage    ]   \ud83d\udc33  docker pull image=crawlergpt:latest platform= username= forcePull=false\n[83e65270-9fd2-447f-a22d-4442d65ec2ad/tests       ]   \ud83d\udc33  docker create image=crawlergpt:latest platform= entrypoint=[\"tail\" \"-f\" \"/dev/null\"] cmd=[]\n[83e65270-9fd2-447f-a22d-4442d65ec2ad/code-quality]   \ud83d\udc33  docker create image=crawlergpt:latest platform= entrypoint=[\"tail\" \"-f\" \"/dev/null\"] cmd=[]\n[83e65270-9fd2-447f-a22d-4442d65ec2ad/coverage    ]   \ud83d\udc33  docker create image=crawlergpt:latest platform= entrypoint=[\"tail\" \"-f\" \"/dev/null\"] cmd=[]\n[83e65270-9fd2-447f-a22d-4442d65ec2ad/tests       ]   \ud83d\udc33  docker run image=crawlergpt:latest platform= entrypoint=[\"tail\" \"-f\" \"/dev/null\"] cmd=[]\n[83e65270-9fd2-447f-a22d-4442d65ec2ad/code-quality]   \ud83d\udc33  docker run image=crawlergpt:latest platform= entrypoint=[\"tail\" \"-f\" \"/dev/null\"] cmd=[]\n[83e65270-9fd2-447f-a22d-4442d65ec2ad/coverage    ]   \ud83d\udc33  docker run image=crawlergpt:latest platform= entrypoint=[\"tail\" \"-f\" \"/dev/null\"] cmd=[]\n[83e65270-9fd2-447f-a22d-4442d65ec2ad/tests       ]   \ud83d\udc33  docker exec cmd=[chown -R 1012:1013 /tmp/ad9c0f7e-1596-11ee-8a50-bb14de238602/davidhalter-jedi] user=0 workdir=\n[83e65270-9fd2-447f-a22d-4442d65ec2ad/code-quality]   \ud83d\udc33  docker exec cmd=[chown -R 1012:1013 /tmp/ad9c0f7e-1596-11ee-8a50-bb14de238602/davidhalter-jedi] user=0 workdir=\n[83e65270-9fd2-447f-a22d-4442d65ec2ad/coverage    ]   \ud83d\udc33  docker exec cmd=[chown -R 1012:1013 /tmp/ad9c0f7e-1596-11ee-8a50-bb14de238602/davidhalter-jedi] user=0 workdir=\n[83e65270-9fd2-447f-a22d-4442d65ec2ad/tests       ]   \u2601  git clone 'https://github.com/actions/setup-python' # ref=v4\n[83e65270-9fd2-447f-a22d-4442d65ec2ad/code-quality] \u2b50 Run Main Checkout code\n[83e65270-9fd2-447f-a22d-4442d65ec2ad/coverage    ] \u2b50 Run Main Checkout code\n[83e65270-9fd2-447f-a22d-4442d65ec2ad/code-quality]   \u2705  Success - Main Checkout code\n[83e65270-9fd2-447f-a22d-4442d65ec2ad/coverage    ]   \u2705  Success - Main Checkout code\n[83e65270-9fd2-447f-a22d-4442d65ec2ad/code-quality] \u2b50 Run Main Install dependencies\n[83e65270-9fd2-447f-a22d-4442d65ec2ad/coverage    ] \u2b50 Run Main Install dependencies\n[83e65270-9fd2-447f-a22d-4442d65ec2ad/code-quality]   \ud83d\udc33  docker exec cmd=[bash --noprofile --norc -e -o pipefail /var/run/act/workflow/1] user= workdir=\n[83e65270-9fd2-447f-a22d-4442d65ec2ad/coverage    ]   \ud83d\udc33  docker exec cmd=[bash --noprofile --norc -e -o pipefail /var/run/act/workflow/1] user= workdir=\n[83e65270-9fd2-447f-a22d-4442d65ec2ad/coverage    ]   | Processing /tmp/ad9c0f7e-1596-11ee-8a50-bb14de238602/davidhalter-jedi\n[83e65270-9fd2-447f-a22d-4442d65ec2ad/code-quality]   | Processing /tmp/ad9c0f7e-1596-11ee-8a50-bb14de238602/davidhalter-jedi\n[83e65270-9fd2-447f-a22d-4442d65ec2ad/coverage    ]   |     ERROR: Command errored out with exit status 1:\n[83e65270-9fd2-447f-a22d-4442d65ec2ad/coverage    ]   |      command: /usr/bin/python3 -c 'import sys, setuptools, tokenize; sys.argv[0] = '\"'\"'/tmp/pip-req-build-aovlppbn/setup.py'\"'\"'; __file__='\"'\"'/tmp/pip-req-build-aovlppbn/setup.py'\"'\"';f=getattr(tokenize, '\"'\"'open'\"'\"', open)(__file__);code=f.read().replace('\"'\"'\\r\\n'\"'\"', '\"'\"'\\n'\"'\"');f.close();exec(compile(code, __file__, '\"'\"'exec'\"'\"'))' egg_info --egg-base /tmp/pip-req-build-aovlppbn/pip-egg-info\n[83e65270-9fd2-447f-a22d-4442d65ec2ad/coverage    ]   |          cwd: /tmp/pip-req-build-aovlppbn/\n[83e65270-9fd2-447f-a22d-4442d65ec2ad/coverage    ]   |     Complete output (5 lines):\n[83e65270-9fd2-447f-a22d-4442d65ec2ad/coverage    ]   |     Traceback (most recent call last):\n[83e65270-9fd2-447f-a22d-4442d65ec2ad/coverage    ]   |       File \"<string>\", line 1, in <module>\n[83e65270-9fd2-447f-a22d-4442d65ec2ad/coverage    ]   |       File \"/tmp/pip-req-build-aovlppbn/setup.py\", line 16, in <module>\n[83e65270-9fd2-447f-a22d-4442d65ec2ad/coverage    ]   |         assert os.path.isfile(\"jedi/third_party/typeshed/LICENSE\"), \\\n[83e65270-9fd2-447f-a22d-4442d65ec2ad/coverage    ]   |     AssertionError: Please download the typeshed submodule first (Hint: git submodule update --init)\n[83e65270-9fd2-447f-a22d-4442d65ec2ad/coverage    ]   |     ----------------------------------------\n[83e65270-9fd2-447f-a22d-4442d65ec2ad/coverage    ]   | ERROR: Command errored out with exit status 1: python setup.py egg_info Check the logs for full command output.\n[83e65270-9fd2-447f-a22d-4442d65ec2ad/code-quality]   |     ERROR: Command errored out with exit status 1:\n[83e65270-9fd2-447f-a22d-4442d65ec2ad/code-quality]   |      command: /usr/bin/python3 -c 'import sys, setuptools, tokenize; sys.argv[0] = '\"'\"'/tmp/pip-req-build-7w1b5_8t/setup.py'\"'\"'; __file__='\"'\"'/tmp/pip-req-build-7w1b5_8t/setup.py'\"'\"';f=getattr(tokenize, '\"'\"'open'\"'\"', open)(__file__);code=f.read().replace('\"'\"'\\r\\n'\"'\"', '\"'\"'\\n'\"'\"');f.close();exec(compile(code, __file__, '\"'\"'exec'\"'\"'))' egg_info --egg-base /tmp/pip-req-build-7w1b5_8t/pip-egg-info\n[83e65270-9fd2-447f-a22d-4442d65ec2ad/code-quality]   |          cwd: /tmp/pip-req-build-7w1b5_8t/\n[83e65270-9fd2-447f-a22d-4442d65ec2ad/code-quality]   |     Complete output (5 lines):\n[83e65270-9fd2-447f-a22d-4442d65ec2ad/code-quality]   |     Traceback (most recent call last):\n[83e65270-9fd2-447f-a22d-4442d65ec2ad/code-quality]   |       File \"<string>\", line 1, in <module>\n[83e65270-9fd2-447f-a22d-4442d65ec2ad/code-quality]   |       File \"/tmp/pip-req-build-7w1b5_8t/setup.py\", line 16, in <module>\n[83e65270-9fd2-447f-a22d-4442d65ec2ad/code-quality]   |         assert os.path.isfile(\"jedi/third_party/typeshed/LICENSE\"), \\\n[83e65270-9fd2-447f-a22d-4442d65ec2ad/code-quality]   |     AssertionError: Please download the typeshed submodule first (Hint: git submodule update --init)\n[83e65270-9fd2-447f-a22d-4442d65ec2ad/code-quality]   |     ----------------------------------------\n[83e65270-9fd2-447f-a22d-4442d65ec2ad/coverage    ]   \u274c  Failure - Main Install dependencies\n[83e65270-9fd2-447f-a22d-4442d65ec2ad/code-quality]   | ERROR: Command errored out with exit status 1: python setup.py egg_info Check the logs for full command output.\n[83e65270-9fd2-447f-a22d-4442d65ec2ad/code-quality]   \u274c  Failure - Main Install dependencies\n[83e65270-9fd2-447f-a22d-4442d65ec2ad/coverage    ] exitcode '1': failure\n[83e65270-9fd2-447f-a22d-4442d65ec2ad/code-quality] exitcode '1': failure\n[83e65270-9fd2-447f-a22d-4442d65ec2ad/code-quality] \ud83c\udfc1  Job failed\n[83e65270-9fd2-447f-a22d-4442d65ec2ad/coverage    ] \ud83c\udfc1  Job failed\n[83e65270-9fd2-447f-a22d-4442d65ec2ad/tests       ]   \u2601  git clone 'https://github.com/actions/setup-python' # ref=v4\n[83e65270-9fd2-447f-a22d-4442d65ec2ad/tests       ] \ud83e\uddea  Matrix: map[environment:3.8 os:ubuntu-latest python-version:3.11]\n[83e65270-9fd2-447f-a22d-4442d65ec2ad/tests       ] \u2b50 Run Main Checkout code\n[83e65270-9fd2-447f-a22d-4442d65ec2ad/tests       ]   \u2705  Success - Main Checkout code\n[83e65270-9fd2-447f-a22d-4442d65ec2ad/tests       ] \u2b50 Run Main actions/setup-python@v4\n[83e65270-9fd2-447f-a22d-4442d65ec2ad/tests       ]   \ud83d\udc33  docker cp src=/tmp/act-cache/062af0cf-cbfb-4105-899f-a4ad5b74dfba/act/actions-setup-python@v4/ dst=/var/run/act/actions/actions-setup-python@v4/\n[83e65270-9fd2-447f-a22d-4442d65ec2ad/tests       ]   \ud83d\udc33  docker exec cmd=[chown -R 1012:1013 /var/run/act/actions/actions-setup-python@v4/] user=0 workdir=\n[83e65270-9fd2-447f-a22d-4442d65ec2ad/tests       ]   \ud83d\udc33  docker exec cmd=[node /var/run/act/actions/actions-setup-python@v4/dist/setup/index.js] user= workdir=\n[83e65270-9fd2-447f-a22d-4442d65ec2ad/tests       ]   \ud83d\udcac  ::debug::Python is expected to be installed into /opt/hostedtoolcache\n[83e65270-9fd2-447f-a22d-4442d65ec2ad/tests       ]   \u2753  ::group::Installed versions\n[83e65270-9fd2-447f-a22d-4442d65ec2ad/tests       ]   \ud83d\udcac  ::debug::Semantic version spec of 3.8 is 3.8\n[83e65270-9fd2-447f-a22d-4442d65ec2ad/tests       ]   \ud83d\udcac  ::debug::isExplicit: \n[83e65270-9fd2-447f-a22d-4442d65ec2ad/tests       ]   \ud83d\udcac  ::debug::explicit? false\n[83e65270-9fd2-447f-a22d-4442d65ec2ad/tests       ]   \ud83d\udcac  ::debug::isExplicit: 2.7.18\n[83e65270-9fd2-447f-a22d-4442d65ec2ad/tests       ]   \ud83d\udcac  ::debug::explicit? true\n[83e65270-9fd2-447f-a22d-4442d65ec2ad/tests       ]   \ud83d\udcac  ::debug::isExplicit: 3.5.10\n[83e65270-9fd2-447f-a22d-4442d65ec2ad/tests       ]   \ud83d\udcac  ::debug::explicit? true\n[83e65270-9fd2-447f-a22d-4442d65ec2ad/tests       ]   \ud83d\udcac  ::debug::isExplicit: 3.6.14\n[83e65270-9fd2-447f-a22d-4442d65ec2ad/tests       ]   \ud83d\udcac  ::debug::explicit? true\n[83e65270-9fd2-447f-a22d-4442d65ec2ad/tests       ]   \ud83d\udcac  ::debug::isExplicit: 3.7.11\n[83e65270-9fd2-447f-a22d-4442d65ec2ad/tests       ]   \ud83d\udcac  ::debug::explicit? true\n[83e65270-9fd2-447f-a22d-4442d65ec2ad/tests       ]   \ud83d\udcac  ::debug::isExplicit: 3.8.11\n[83e65270-9fd2-447f-a22d-4442d65ec2ad/tests       ]   \ud83d\udcac  ::debug::explicit? true\n[83e65270-9fd2-447f-a22d-4442d65ec2ad/tests       ]   \ud83d\udcac  ::debug::isExplicit: 3.9.6\n[83e65270-9fd2-447f-a22d-4442d65ec2ad/tests       ]   \ud83d\udcac  ::debug::explicit? true\n[83e65270-9fd2-447f-a22d-4442d65ec2ad/tests       ]   \ud83d\udcac  ::debug::evaluating 6 versions\n[83e65270-9fd2-447f-a22d-4442d65ec2ad/tests       ]   \ud83d\udcac  ::debug::matched: 3.8.11\n[83e65270-9fd2-447f-a22d-4442d65ec2ad/tests       ]   \ud83d\udcac  ::debug::checking cache: /opt/hostedtoolcache/Python/3.8.11/x64\n[83e65270-9fd2-447f-a22d-4442d65ec2ad/tests       ]   \ud83d\udcac  ::debug::Found tool in cache Python 3.8.11 x64\n[83e65270-9fd2-447f-a22d-4442d65ec2ad/tests       ]   | Successfully set up CPython (3.8.11)\n[83e65270-9fd2-447f-a22d-4442d65ec2ad/tests       ]   \u2753  ::endgroup::\n[83e65270-9fd2-447f-a22d-4442d65ec2ad/tests       ]   \u2753 add-matcher /run/act/actions/actions-setup-python@v4/.github/python.json\n[83e65270-9fd2-447f-a22d-4442d65ec2ad/tests       ]   \u2705  Success - Main actions/setup-python@v4\n[83e65270-9fd2-447f-a22d-4442d65ec2ad/tests       ]   \u2699  ::set-env:: pythonLocation=/opt/hostedtoolcache/Python/3.8.11/x64\n[83e65270-9fd2-447f-a22d-4442d65ec2ad/tests       ]   \u2699  ::set-env:: PKG_CONFIG_PATH=/opt/hostedtoolcache/Python/3.8.11/x64/lib/pkgconfig\n[83e65270-9fd2-447f-a22d-4442d65ec2ad/tests       ]   \u2699  ::set-env:: Python_ROOT_DIR=/opt/hostedtoolcache/Python/3.8.11/x64\n[83e65270-9fd2-447f-a22d-4442d65ec2ad/tests       ]   \u2699  ::set-env:: Python2_ROOT_DIR=/opt/hostedtoolcache/Python/3.8.11/x64\n[83e65270-9fd2-447f-a22d-4442d65ec2ad/tests       ]   \u2699  ::set-env:: Python3_ROOT_DIR=/opt/hostedtoolcache/Python/3.8.11/x64\n[83e65270-9fd2-447f-a22d-4442d65ec2ad/tests       ]   \u2699  ::set-env:: LD_LIBRARY_PATH=/opt/hostedtoolcache/Python/3.8.11/x64/lib\n[83e65270-9fd2-447f-a22d-4442d65ec2ad/tests       ]   \u2699  ::set-output:: python-version=3.8.11\n[83e65270-9fd2-447f-a22d-4442d65ec2ad/tests       ]   \u2699  ::set-output:: python-path=/opt/hostedtoolcache/Python/3.8.11/x64/bin/python\n[83e65270-9fd2-447f-a22d-4442d65ec2ad/tests       ]   \u2699  ::add-path:: /opt/hostedtoolcache/Python/3.8.11/x64\n[83e65270-9fd2-447f-a22d-4442d65ec2ad/tests       ]   \u2699  ::add-path:: /opt/hostedtoolcache/Python/3.8.11/x64/bin\n[83e65270-9fd2-447f-a22d-4442d65ec2ad/tests       ] \u2b50 Run Main actions/setup-python@v4\n[83e65270-9fd2-447f-a22d-4442d65ec2ad/tests       ]   \ud83d\udc33  docker cp src=/tmp/act-cache/062af0cf-cbfb-4105-899f-a4ad5b74dfba/act/actions-setup-python@v4/ dst=/var/run/act/actions/actions-setup-python@v4/\n[83e65270-9fd2-447f-a22d-4442d65ec2ad/tests       ]   \ud83d\udc33  docker exec cmd=[chown -R 1012:1013 /var/run/act/actions/actions-setup-python@v4/] user=0 workdir=\n[83e65270-9fd2-447f-a22d-4442d65ec2ad/tests       ]   \ud83d\udc33  docker exec cmd=[node /var/run/act/actions/actions-setup-python@v4/dist/setup/index.js] user= workdir=\n[83e65270-9fd2-447f-a22d-4442d65ec2ad/tests       ]   \ud83d\udcac  ::debug::Python is expected to be installed into /opt/hostedtoolcache\n[83e65270-9fd2-447f-a22d-4442d65ec2ad/tests       ]   \u2753  ::group::Installed versions\n[83e65270-9fd2-447f-a22d-4442d65ec2ad/tests       ]   \ud83d\udcac  ::debug::Semantic version spec of 3.11 is 3.11\n[83e65270-9fd2-447f-a22d-4442d65ec2ad/tests       ]   \ud83d\udcac  ::debug::isExplicit: \n[83e65270-9fd2-447f-a22d-4442d65ec2ad/tests       ]   \ud83d\udcac  ::debug::explicit? false\n[83e65270-9fd2-447f-a22d-4442d65ec2ad/tests       ]   \ud83d\udcac  ::debug::isExplicit: 2.7.18\n[83e65270-9fd2-447f-a22d-4442d65ec2ad/tests       ]   \ud83d\udcac  ::debug::explicit? true\n[83e65270-9fd2-447f-a22d-4442d65ec2ad/tests       ]   \ud83d\udcac  ::debug::isExplicit: 3.5.10\n[83e65270-9fd2-447f-a22d-4442d65ec2ad/tests       ]   \ud83d\udcac  ::debug::explicit? true\n[83e65270-9fd2-447f-a22d-4442d65ec2ad/tests       ]   \ud83d\udcac  ::debug::isExplicit: 3.6.14\n[83e65270-9fd2-447f-a22d-4442d65ec2ad/tests       ]   \ud83d\udcac  ::debug::explicit? true\n[83e65270-9fd2-447f-a22d-4442d65ec2ad/tests       ]   \ud83d\udcac  ::debug::isExplicit: 3.7.11\n[83e65270-9fd2-447f-a22d-4442d65ec2ad/tests       ]   \ud83d\udcac  ::debug::explicit? true\n[83e65270-9fd2-447f-a22d-4442d65ec2ad/tests       ]   \ud83d\udcac  ::debug::isExplicit: 3.8.11\n[83e65270-9fd2-447f-a22d-4442d65ec2ad/tests       ]   \ud83d\udcac  ::debug::explicit? true\n[83e65270-9fd2-447f-a22d-4442d65ec2ad/tests       ]   \ud83d\udcac  ::debug::isExplicit: 3.9.6\n[83e65270-9fd2-447f-a22d-4442d65ec2ad/tests       ]   \ud83d\udcac  ::debug::explicit? true\n[83e65270-9fd2-447f-a22d-4442d65ec2ad/tests       ]   \ud83d\udcac  ::debug::evaluating 6 versions\n[83e65270-9fd2-447f-a22d-4442d65ec2ad/tests       ]   \ud83d\udcac  ::debug::match not found\n[83e65270-9fd2-447f-a22d-4442d65ec2ad/tests       ]   | Version 3.11 was not found in the local cache\n[83e65270-9fd2-447f-a22d-4442d65ec2ad/tests       ]   \ud83d\udcac  ::debug::Getting manifest from actions/python-versions@main\n[83e65270-9fd2-447f-a22d-4442d65ec2ad/tests       ]   \ud83d\udcac  ::debug::set auth\n[83e65270-9fd2-447f-a22d-4442d65ec2ad/tests       ]   \ud83d\udcac  ::debug::check 3.12.0-beta.3 satisfies 3.11\n[83e65270-9fd2-447f-a22d-4442d65ec2ad/tests       ]   \ud83d\udcac  ::debug::check 3.12.0-beta.2 satisfies 3.11\n[83e65270-9fd2-447f-a22d-4442d65ec2ad/tests       ]   \ud83d\udcac  ::debug::check 3.12.0-beta.1 satisfies 3.11\n[83e65270-9fd2-447f-a22d-4442d65ec2ad/tests       ]   \ud83d\udcac  ::debug::check 3.12.0-alpha.7 satisfies 3.11\n[83e65270-9fd2-447f-a22d-4442d65ec2ad/tests       ]   \ud83d\udcac  ::debug::check 3.12.0-alpha.6 satisfies 3.11\n[83e65270-9fd2-447f-a22d-4442d65ec2ad/tests       ]   \ud83d\udcac  ::debug::check 3.12.0-alpha.5 satisfies 3.11\n[83e65270-9fd2-447f-a22d-4442d65ec2ad/tests       ]   \ud83d\udcac  ::debug::check 3.12.0-alpha.4 satisfies 3.11\n[83e65270-9fd2-447f-a22d-4442d65ec2ad/tests       ]   \ud83d\udcac  ::debug::check 3.12.0-alpha.3 satisfies 3.11\n[83e65270-9fd2-447f-a22d-4442d65ec2ad/tests       ]   \ud83d\udcac  ::debug::check 3.12.0-alpha.2 satisfies 3.11\n[83e65270-9fd2-447f-a22d-4442d65ec2ad/tests       ]   \ud83d\udcac  ::debug::check 3.12.0-alpha.1 satisfies 3.11\n[83e65270-9fd2-447f-a22d-4442d65ec2ad/tests       ]   \ud83d\udcac  ::debug::check 3.11.4 satisfies 3.11\n[83e65270-9fd2-447f-a22d-4442d65ec2ad/tests       ]   \ud83d\udcac  ::debug::arm64===x64 && darwin===linux\n[83e65270-9fd2-447f-a22d-4442d65ec2ad/tests       ]   \ud83d\udcac  ::debug::x64===x64 && darwin===linux\n[83e65270-9fd2-447f-a22d-4442d65ec2ad/tests       ]   \ud83d\udcac  ::debug::x64===x64 && linux===linux\n[83e65270-9fd2-447f-a22d-4442d65ec2ad/tests       ]   \ud83d\udcac  ::debug::matched 3.11.4\n[83e65270-9fd2-447f-a22d-4442d65ec2ad/tests       ]   | Version 3.11 is available for downloading\n[83e65270-9fd2-447f-a22d-4442d65ec2ad/tests       ]   | Download from \"https://github.com/actions/python-versions/releases/download/3.11.4-5199054971/python-3.11.4-linux-20.04-x64.tar.gz\"\n[83e65270-9fd2-447f-a22d-4442d65ec2ad/tests       ]   \ud83d\udcac  ::debug::Downloading https://github.com/actions/python-versions/releases/download/3.11.4-5199054971/python-3.11.4-linux-20.04-x64.tar.gz\n[83e65270-9fd2-447f-a22d-4442d65ec2ad/tests       ]   \ud83d\udcac  ::debug::Destination /tmp/066f18b8-88a4-45b0-8466-34afe623ab49\n[83e65270-9fd2-447f-a22d-4442d65ec2ad/tests       ]   \ud83d\udcac  ::debug::set auth\n[83e65270-9fd2-447f-a22d-4442d65ec2ad/tests       ]   \ud83d\udcac  ::debug::download complete\n[83e65270-9fd2-447f-a22d-4442d65ec2ad/tests       ]   | Extract downloaded archive\n[83e65270-9fd2-447f-a22d-4442d65ec2ad/tests       ]   \ud83d\udcac  ::debug::Checking tar --version\n[83e65270-9fd2-447f-a22d-4442d65ec2ad/tests       ]   \ud83d\udcac  ::debug::tar (GNU tar) 1.30%0ACopyright (C) 2017 Free Software Foundation, Inc.%0ALicense GPLv3+: GNU GPL version 3 or later <https://gnu.org/licenses/gpl.html>.%0AThis is free software: you are free to change and redistribute it.%0AThere is NO WARRANTY, to the extent permitted by law.%0A%0AWritten by John Gilmore and Jay Fenlason.\n[83e65270-9fd2-447f-a22d-4442d65ec2ad/tests       ]   | [command]/usr/bin/tar xz --warning=no-unknown-keyword -C /tmp/972ef09e-abec-41f8-9a0f-4363bbe6f458 -f /tmp/066f18b8-88a4-45b0-8466-34afe623ab49\n[83e65270-9fd2-447f-a22d-4442d65ec2ad/tests       ]   | Execute installation script\n[83e65270-9fd2-447f-a22d-4442d65ec2ad/tests       ]   | Check if Python hostedtoolcache folder exist...\n[83e65270-9fd2-447f-a22d-4442d65ec2ad/tests       ]   | Create Python 3.11.4 folder\n[83e65270-9fd2-447f-a22d-4442d65ec2ad/tests       ]   | Copy Python binaries to hostedtoolcache folder\n[83e65270-9fd2-447f-a22d-4442d65ec2ad/tests       ]   | Create additional symlinks (Required for the UsePythonVersion Azure Pipelines task and the setup-python GitHub Action)\n[83e65270-9fd2-447f-a22d-4442d65ec2ad/tests       ]   | Upgrading pip...\n[83e65270-9fd2-447f-a22d-4442d65ec2ad/tests       ]   | Looking in links: /tmp/tmp3haxkot7\n[83e65270-9fd2-447f-a22d-4442d65ec2ad/tests       ]   | Requirement already satisfied: setuptools in /opt/hostedtoolcache/Python/3.11.4/x64/lib/python3.11/site-packages (65.5.0)\n[83e65270-9fd2-447f-a22d-4442d65ec2ad/tests       ]   | Requirement already satisfied: pip in /opt/hostedtoolcache/Python/3.11.4/x64/lib/python3.11/site-packages (23.1.2)\n[83e65270-9fd2-447f-a22d-4442d65ec2ad/tests       ]   | Collecting pip\n[83e65270-9fd2-447f-a22d-4442d65ec2ad/tests       ]   | Downloading pip-23.1.2-py3-none-any.whl (2.1 MB)\n[83e65270-9fd2-447f-a22d-4442d65ec2ad/tests       ]   | \u2501\u2501\u2501\u2501\u2501\u2501\u2501\u2501\u2501\u2501\u2501\u2501\u2501\u2501\u2501\u2501\u2501\u2501\u2501\u2501\u2501\u2501\u2501\u2501\u2501\u2501\u2501\u2501\u2501\u2501\u2501\u2501\u2501\u2501\u2501\u2501\u2501\u2501\u2501\u2501 2.1/2.1 MB 14.0 MB/s eta 0:00:00\n[83e65270-9fd2-447f-a22d-4442d65ec2ad/tests       ]   | \n[83e65270-9fd2-447f-a22d-4442d65ec2ad/tests       ]   | Installing collected packages: pip\n[83e65270-9fd2-447f-a22d-4442d65ec2ad/tests       ]   | Successfully installed pip-23.1.2\n[83e65270-9fd2-447f-a22d-4442d65ec2ad/tests       ]   | Create complete file\n[83e65270-9fd2-447f-a22d-4442d65ec2ad/tests       ]   \ud83d\udcac  ::debug::isExplicit: \n[83e65270-9fd2-447f-a22d-4442d65ec2ad/tests       ]   \ud83d\udcac  ::debug::explicit? false\n[83e65270-9fd2-447f-a22d-4442d65ec2ad/tests       ]   \ud83d\udcac  ::debug::isExplicit: 2.7.18\n[83e65270-9fd2-447f-a22d-4442d65ec2ad/tests       ]   \ud83d\udcac  ::debug::explicit? true\n[83e65270-9fd2-447f-a22d-4442d65ec2ad/tests       ]   \ud83d\udcac  ::debug::isExplicit: 3.11.4\n[83e65270-9fd2-447f-a22d-4442d65ec2ad/tests       ]   \ud83d\udcac  ::debug::explicit? true\n[83e65270-9fd2-447f-a22d-4442d65ec2ad/tests       ]   \ud83d\udcac  ::debug::isExplicit: 3.5.10\n[83e65270-9fd2-447f-a22d-4442d65ec2ad/tests       ]   \ud83d\udcac  ::debug::explicit? true\n[83e65270-9fd2-447f-a22d-4442d65ec2ad/tests       ]   \ud83d\udcac  ::debug::isExplicit: 3.6.14\n[83e65270-9fd2-447f-a22d-4442d65ec2ad/tests       ]   \ud83d\udcac  ::debug::explicit? true\n[83e65270-9fd2-447f-a22d-4442d65ec2ad/tests       ]   \ud83d\udcac  ::debug::isExplicit: 3.7.11\n[83e65270-9fd2-447f-a22d-4442d65ec2ad/tests       ]   \ud83d\udcac  ::debug::explicit? true\n[83e65270-9fd2-447f-a22d-4442d65ec2ad/tests       ]   \ud83d\udcac  ::debug::isExplicit: 3.8.11\n[83e65270-9fd2-447f-a22d-4442d65ec2ad/tests       ]   \ud83d\udcac  ::debug::explicit? true\n[83e65270-9fd2-447f-a22d-4442d65ec2ad/tests       ]   \ud83d\udcac  ::debug::isExplicit: 3.9.6\n[83e65270-9fd2-447f-a22d-4442d65ec2ad/tests       ]   \ud83d\udcac  ::debug::explicit? true\n[83e65270-9fd2-447f-a22d-4442d65ec2ad/tests       ]   \ud83d\udcac  ::debug::evaluating 7 versions\n[83e65270-9fd2-447f-a22d-4442d65ec2ad/tests       ]   \ud83d\udcac  ::debug::matched: 3.11.4\n[83e65270-9fd2-447f-a22d-4442d65ec2ad/tests       ]   \ud83d\udcac  ::debug::checking cache: /opt/hostedtoolcache/Python/3.11.4/x64\n[83e65270-9fd2-447f-a22d-4442d65ec2ad/tests       ]   \ud83d\udcac  ::debug::Found tool in cache Python 3.11.4 x64\n[83e65270-9fd2-447f-a22d-4442d65ec2ad/tests       ]   | Successfully set up CPython (3.11.4)\n[83e65270-9fd2-447f-a22d-4442d65ec2ad/tests       ]   \u2753  ::endgroup::\n[83e65270-9fd2-447f-a22d-4442d65ec2ad/tests       ]   \u2753 add-matcher /run/act/actions/actions-setup-python@v4/.github/python.json\n[83e65270-9fd2-447f-a22d-4442d65ec2ad/tests       ]   \u2705  Success - Main actions/setup-python@v4\n[83e65270-9fd2-447f-a22d-4442d65ec2ad/tests       ]   \u2699  ::set-env:: LD_LIBRARY_PATH=/opt/hostedtoolcache/Python/3.11.4/x64/lib:/opt/hostedtoolcache/Python/3.8.11/x64/lib\n[83e65270-9fd2-447f-a22d-4442d65ec2ad/tests       ]   \u2699  ::set-env:: pythonLocation=/opt/hostedtoolcache/Python/3.11.4/x64\n[83e65270-9fd2-447f-a22d-4442d65ec2ad/tests       ]   \u2699  ::set-env:: PKG_CONFIG_PATH=/opt/hostedtoolcache/Python/3.11.4/x64/lib/pkgconfig\n[83e65270-9fd2-447f-a22d-4442d65ec2ad/tests       ]   \u2699  ::set-env:: Python_ROOT_DIR=/opt/hostedtoolcache/Python/3.11.4/x64\n[83e65270-9fd2-447f-a22d-4442d65ec2ad/tests       ]   \u2699  ::set-env:: Python2_ROOT_DIR=/opt/hostedtoolcache/Python/3.11.4/x64\n[83e65270-9fd2-447f-a22d-4442d65ec2ad/tests       ]   \u2699  ::set-env:: Python3_ROOT_DIR=/opt/hostedtoolcache/Python/3.11.4/x64\n[83e65270-9fd2-447f-a22d-4442d65ec2ad/tests       ]   \u2699  ::set-output:: python-version=3.11.4\n[83e65270-9fd2-447f-a22d-4442d65ec2ad/tests       ]   \u2699  ::set-output:: python-path=/opt/hostedtoolcache/Python/3.11.4/x64/bin/python\n[83e65270-9fd2-447f-a22d-4442d65ec2ad/tests       ]   \u2699  ::add-path:: /opt/hostedtoolcache/Python/3.11.4/x64\n[83e65270-9fd2-447f-a22d-4442d65ec2ad/tests       ]   \u2699  ::add-path:: /opt/hostedtoolcache/Python/3.11.4/x64/bin\n[83e65270-9fd2-447f-a22d-4442d65ec2ad/tests       ] \u2b50 Run Main Install dependencies\n[83e65270-9fd2-447f-a22d-4442d65ec2ad/tests       ]   \ud83d\udc33  docker exec cmd=[bash --noprofile --norc -e -o pipefail /var/run/act/workflow/3] user= workdir=\n[83e65270-9fd2-447f-a22d-4442d65ec2ad/tests       ]   | Processing /tmp/ad9c0f7e-1596-11ee-8a50-bb14de238602/davidhalter-jedi\n[83e65270-9fd2-447f-a22d-4442d65ec2ad/tests       ]   |   Installing build dependencies: started\n[83e65270-9fd2-447f-a22d-4442d65ec2ad/tests       ]   |   Installing build dependencies: finished with status 'done'\n[83e65270-9fd2-447f-a22d-4442d65ec2ad/tests       ]   |   Getting requirements to build wheel: started\n[83e65270-9fd2-447f-a22d-4442d65ec2ad/tests       ]   |   Getting requirements to build wheel: finished with status 'error'\n[83e65270-9fd2-447f-a22d-4442d65ec2ad/tests       ]   |   error: subprocess-exited-with-error\n[83e65270-9fd2-447f-a22d-4442d65ec2ad/tests       ]   |   \n[83e65270-9fd2-447f-a22d-4442d65ec2ad/tests       ]   |   \u00d7 Getting requirements to build wheel did not run successfully.\n[83e65270-9fd2-447f-a22d-4442d65ec2ad/tests       ]   |   \u2502 exit code: 1\n[83e65270-9fd2-447f-a22d-4442d65ec2ad/tests       ]   |   \u2570\u2500> [21 lines of output]\n[83e65270-9fd2-447f-a22d-4442d65ec2ad/tests       ]   |       Traceback (most recent call last):\n[83e65270-9fd2-447f-a22d-4442d65ec2ad/tests       ]   |         File \"/opt/hostedtoolcache/Python/3.11.4/x64/lib/python3.11/site-packages/pip/_vendor/pyproject_hooks/_in_process/_in_process.py\", line 353, in <module>\n[83e65270-9fd2-447f-a22d-4442d65ec2ad/tests       ]   |           main()\n[83e65270-9fd2-447f-a22d-4442d65ec2ad/tests       ]   |         File \"/opt/hostedtoolcache/Python/3.11.4/x64/lib/python3.11/site-packages/pip/_vendor/pyproject_hooks/_in_process/_in_process.py\", line 335, in main\n[83e65270-9fd2-447f-a22d-4442d65ec2ad/tests       ]   |           json_out['return_val'] = hook(**hook_input['kwargs'])\n[83e65270-9fd2-447f-a22d-4442d65ec2ad/tests       ]   |                                    ^^^^^^^^^^^^^^^^^^^^^^^^^^^^\n[83e65270-9fd2-447f-a22d-4442d65ec2ad/tests       ]   |         File \"/opt/hostedtoolcache/Python/3.11.4/x64/lib/python3.11/site-packages/pip/_vendor/pyproject_hooks/_in_process/_in_process.py\", line 118, in get_requires_for_build_wheel\n[83e65270-9fd2-447f-a22d-4442d65ec2ad/tests       ]   |           return hook(config_settings)\n[83e65270-9fd2-447f-a22d-4442d65ec2ad/tests       ]   |                  ^^^^^^^^^^^^^^^^^^^^^\n[83e65270-9fd2-447f-a22d-4442d65ec2ad/tests       ]   |         File \"/tmp/pip-build-env-xyxgoc55/overlay/lib/python3.11/site-packages/setuptools/build_meta.py\", line 341, in get_requires_for_build_wheel\n[83e65270-9fd2-447f-a22d-4442d65ec2ad/tests       ]   |           return self._get_build_requires(config_settings, requirements=['wheel'])\n[83e65270-9fd2-447f-a22d-4442d65ec2ad/tests       ]   |                  ^^^^^^^^^^^^^^^^^^^^^^^^^^^^^^^^^^^^^^^^^^^^^^^^^^^^^^^^^^^^^^^^^\n[83e65270-9fd2-447f-a22d-4442d65ec2ad/tests       ]   |         File \"/tmp/pip-build-env-xyxgoc55/overlay/lib/python3.11/site-packages/setuptools/build_meta.py\", line 323, in _get_build_requires\n[83e65270-9fd2-447f-a22d-4442d65ec2ad/tests       ]   |           self.run_setup()\n[83e65270-9fd2-447f-a22d-4442d65ec2ad/tests       ]   |         File \"/tmp/pip-build-env-xyxgoc55/overlay/lib/python3.11/site-packages/setuptools/build_meta.py\", line 488, in run_setup\n[83e65270-9fd2-447f-a22d-4442d65ec2ad/tests       ]   |           self).run_setup(setup_script=setup_script)\n[83e65270-9fd2-447f-a22d-4442d65ec2ad/tests       ]   |                 ^^^^^^^^^^^^^^^^^^^^^^^^^^^^^^^^^^^^\n[83e65270-9fd2-447f-a22d-4442d65ec2ad/tests       ]   |         File \"/tmp/pip-build-env-xyxgoc55/overlay/lib/python3.11/site-packages/setuptools/build_meta.py\", line 338, in run_setup\n[83e65270-9fd2-447f-a22d-4442d65ec2ad/tests       ]   |           exec(code, locals())\n[83e65270-9fd2-447f-a22d-4442d65ec2ad/tests       ]   |         File \"<string>\", line 16, in <module>\n[83e65270-9fd2-447f-a22d-4442d65ec2ad/tests       ]   |       AssertionError: Please download the typeshed submodule first (Hint: git submodule update --init)\n[83e65270-9fd2-447f-a22d-4442d65ec2ad/tests       ]   |       [end of output]\n[83e65270-9fd2-447f-a22d-4442d65ec2ad/tests       ]   |   \n[83e65270-9fd2-447f-a22d-4442d65ec2ad/tests       ]   |   note: This error originates from a subprocess, and is likely not a problem with pip.\n[83e65270-9fd2-447f-a22d-4442d65ec2ad/tests       ]   | error: subprocess-exited-with-error\n[83e65270-9fd2-447f-a22d-4442d65ec2ad/tests       ]   | \n[83e65270-9fd2-447f-a22d-4442d65ec2ad/tests       ]   | \u00d7 Getting requirements to build wheel did not run successfully.\n[83e65270-9fd2-447f-a22d-4442d65ec2ad/tests       ]   | \u2502 exit code: 1\n[83e65270-9fd2-447f-a22d-4442d65ec2ad/tests       ]   | \u2570\u2500> See above for output.\n[83e65270-9fd2-447f-a22d-4442d65ec2ad/tests       ]   | \n[83e65270-9fd2-447f-a22d-4442d65ec2ad/tests       ]   | note: This error originates from a subprocess, and is likely not a problem with pip.\n[83e65270-9fd2-447f-a22d-4442d65ec2ad/tests       ]   \u274c  Failure - Main Install dependencies\n[83e65270-9fd2-447f-a22d-4442d65ec2ad/tests       ] exitcode '1': failure\n[83e65270-9fd2-447f-a22d-4442d65ec2ad/tests       ] \ud83c\udfc1  Job failed\n",
        "stderr": "Error: Job 'tests' failed\n",
        "workflow": "/tmp/ad9c0f7e-1596-11ee-8a50-bb14de238602/davidhalter-jedi/.github/workflows/ci-crawler.yml",
        "build_tool": "pytest",
        "elapsed_time": 63.54027533531189
    }
}