{
    "repository": "dbrgn/coverage-badge",
    "stars": 168,
    "language": "python",
    "size": 41,
    "clone_url": "https://github.com/dbrgn/coverage-badge.git",
    "timestamp": "2023-06-28T11:05:41.503392Z",
    "clone_success": true,
    "number_of_actions": 1,
    "number_of_test_actions": 1,
    "actions_successful": true,
    "actions_build_tools": [
        "pytest"
    ],
    "actions_test_build_tools": [
        "pytest"
    ],
    "actions_run": {
        "failed": false,
        "tests": [
            {
                "classname": "tests.test_output",
                "name": "test_version",
                "time": 0.03,
                "results": [
                    {
                        "result": "Passed",
                        "message": "",
                        "type": ""
                    }
                ],
                "stdout": null,
                "stderr": null
            },
            {
                "classname": "tests.test_output",
                "name": "test_svg_output",
                "time": 0.005,
                "results": [
                    {
                        "result": "Failure",
                        "message": "SystemExit: 2",
                        "type": null
                    }
                ],
                "stdout": null,
                "stderr": null
            },
            {
                "classname": "tests.test_output",
                "name": "test_color_ranges",
                "time": 0.012,
                "results": [
                    {
                        "result": "Failure",
                        "message": "SystemExit: 2",
                        "type": null
                    }
                ],
                "stdout": null,
                "stderr": null
            },
            {
                "classname": "tests.test_output",
                "name": "test_plain_color_mode",
                "time": 0.022,
                "results": [
                    {
                        "result": "Passed",
                        "message": "",
                        "type": ""
                    }
                ],
                "stdout": null,
                "stderr": null
            }
        ],
        "stdout": "[3a402c48-a41e-4420-a9a2-1757cec033dd/Python 3.6 on coverage 5.5] \ud83d\ude80  Start image=crawlergpt:latest\n[3a402c48-a41e-4420-a9a2-1757cec033dd/Python 3.6 on coverage 5.5]   \ud83d\udc33  docker pull image=crawlergpt:latest platform= username= forcePull=false\n[3a402c48-a41e-4420-a9a2-1757cec033dd/Python 3.6 on coverage 5.5]   \ud83d\udc33  docker create image=crawlergpt:latest platform= entrypoint=[\"tail\" \"-f\" \"/dev/null\"] cmd=[]\n[3a402c48-a41e-4420-a9a2-1757cec033dd/Python 3.6 on coverage 5.5]   \ud83d\udc33  docker run image=crawlergpt:latest platform= entrypoint=[\"tail\" \"-f\" \"/dev/null\"] cmd=[]\n[3a402c48-a41e-4420-a9a2-1757cec033dd/Python 3.6 on coverage 5.5]   \ud83d\udc33  docker exec cmd=[chown -R 1012:1013 /tmp/ad9c0f7e-1596-11ee-8a50-bb14de238602/dbrgn-coverage-badge] user=0 workdir=\n[3a402c48-a41e-4420-a9a2-1757cec033dd/Python 3.6 on coverage 5.5]   \u2601  git clone 'https://github.com/actions/setup-python' # ref=v1\n[3a402c48-a41e-4420-a9a2-1757cec033dd/Python 3.6 on coverage 5.5] \ud83e\uddea  Matrix: map[coverage:5.5 python:3.6]\n[3a402c48-a41e-4420-a9a2-1757cec033dd/Python 3.6 on coverage 5.5] \u2b50 Run Main actions/checkout@v2\n[3a402c48-a41e-4420-a9a2-1757cec033dd/Python 3.6 on coverage 5.5]   \u2705  Success - Main actions/checkout@v2\n[3a402c48-a41e-4420-a9a2-1757cec033dd/Python 3.6 on coverage 5.5] \u2b50 Run Main Setup python 3.6\n[3a402c48-a41e-4420-a9a2-1757cec033dd/Python 3.6 on coverage 5.5]   \ud83d\udc33  docker cp src=/tmp/act-cache/1956cdda-7763-4b28-9dea-1ebf236d7bd2/act/actions-setup-python@v1/ dst=/var/run/act/actions/actions-setup-python@v1/\n[3a402c48-a41e-4420-a9a2-1757cec033dd/Python 3.6 on coverage 5.5]   \ud83d\udc33  docker exec cmd=[chown -R 1012:1013 /var/run/act/actions/actions-setup-python@v1/] user=0 workdir=\n[3a402c48-a41e-4420-a9a2-1757cec033dd/Python 3.6 on coverage 5.5]   \ud83d\udc33  docker exec cmd=[node /var/run/act/actions/actions-setup-python@v1/dist/index.js] user= workdir=\n[3a402c48-a41e-4420-a9a2-1757cec033dd/Python 3.6 on coverage 5.5]   \ud83d\udcac  ::debug::Semantic version spec of 3.6 is 3.6\n[3a402c48-a41e-4420-a9a2-1757cec033dd/Python 3.6 on coverage 5.5]   \ud83d\udcac  ::debug::isExplicit: \n[3a402c48-a41e-4420-a9a2-1757cec033dd/Python 3.6 on coverage 5.5]   \ud83d\udcac  ::debug::explicit? false\n[3a402c48-a41e-4420-a9a2-1757cec033dd/Python 3.6 on coverage 5.5]   \ud83d\udcac  ::debug::isExplicit: 2.7.18\n[3a402c48-a41e-4420-a9a2-1757cec033dd/Python 3.6 on coverage 5.5]   \ud83d\udcac  ::debug::explicit? true\n[3a402c48-a41e-4420-a9a2-1757cec033dd/Python 3.6 on coverage 5.5]   \ud83d\udcac  ::debug::isExplicit: 3.5.10\n[3a402c48-a41e-4420-a9a2-1757cec033dd/Python 3.6 on coverage 5.5]   \ud83d\udcac  ::debug::explicit? true\n[3a402c48-a41e-4420-a9a2-1757cec033dd/Python 3.6 on coverage 5.5]   \ud83d\udcac  ::debug::isExplicit: 3.6.14\n[3a402c48-a41e-4420-a9a2-1757cec033dd/Python 3.6 on coverage 5.5]   \ud83d\udcac  ::debug::explicit? true\n[3a402c48-a41e-4420-a9a2-1757cec033dd/Python 3.6 on coverage 5.5]   \ud83d\udcac  ::debug::isExplicit: 3.7.11\n[3a402c48-a41e-4420-a9a2-1757cec033dd/Python 3.6 on coverage 5.5]   \ud83d\udcac  ::debug::explicit? true\n[3a402c48-a41e-4420-a9a2-1757cec033dd/Python 3.6 on coverage 5.5]   \ud83d\udcac  ::debug::isExplicit: 3.8.11\n[3a402c48-a41e-4420-a9a2-1757cec033dd/Python 3.6 on coverage 5.5]   \ud83d\udcac  ::debug::explicit? true\n[3a402c48-a41e-4420-a9a2-1757cec033dd/Python 3.6 on coverage 5.5]   \ud83d\udcac  ::debug::isExplicit: 3.9.6\n[3a402c48-a41e-4420-a9a2-1757cec033dd/Python 3.6 on coverage 5.5]   \ud83d\udcac  ::debug::explicit? true\n[3a402c48-a41e-4420-a9a2-1757cec033dd/Python 3.6 on coverage 5.5]   \ud83d\udcac  ::debug::evaluating 6 versions\n[3a402c48-a41e-4420-a9a2-1757cec033dd/Python 3.6 on coverage 5.5]   \ud83d\udcac  ::debug::matched: 3.6.14\n[3a402c48-a41e-4420-a9a2-1757cec033dd/Python 3.6 on coverage 5.5]   \ud83d\udcac  ::debug::checking cache: /opt/hostedtoolcache/Python/3.6.14/x64\n[3a402c48-a41e-4420-a9a2-1757cec033dd/Python 3.6 on coverage 5.5]   \ud83d\udcac  ::debug::Found tool in cache Python 3.6.14 x64\n[3a402c48-a41e-4420-a9a2-1757cec033dd/Python 3.6 on coverage 5.5]   | Successfully setup CPython (3.6.14)\n[3a402c48-a41e-4420-a9a2-1757cec033dd/Python 3.6 on coverage 5.5]   \u2753 add-matcher /run/act/actions/actions-setup-python@v1/.github/python.json\n[3a402c48-a41e-4420-a9a2-1757cec033dd/Python 3.6 on coverage 5.5]   \u2705  Success - Main Setup python 3.6\n[3a402c48-a41e-4420-a9a2-1757cec033dd/Python 3.6 on coverage 5.5]   \u2699  ::set-env:: pythonLocation=/opt/hostedtoolcache/Python/3.6.14/x64\n[3a402c48-a41e-4420-a9a2-1757cec033dd/Python 3.6 on coverage 5.5]   \u2699  ::set-output:: python-version=3.6.14\n[3a402c48-a41e-4420-a9a2-1757cec033dd/Python 3.6 on coverage 5.5]   \u2699  ::add-path:: /opt/hostedtoolcache/Python/3.6.14/x64\n[3a402c48-a41e-4420-a9a2-1757cec033dd/Python 3.6 on coverage 5.5]   \u2699  ::add-path:: /opt/hostedtoolcache/Python/3.6.14/x64/bin\n[3a402c48-a41e-4420-a9a2-1757cec033dd/Python 3.6 on coverage 5.5] \u2b50 Run Main Install dependencies\n[3a402c48-a41e-4420-a9a2-1757cec033dd/Python 3.6 on coverage 5.5]   \ud83d\udc33  docker exec cmd=[bash --noprofile --norc -e -o pipefail /var/run/act/workflow/2] user= workdir=\n[3a402c48-a41e-4420-a9a2-1757cec033dd/Python 3.6 on coverage 5.5]   | Collecting coverage==5.5\n[3a402c48-a41e-4420-a9a2-1757cec033dd/Python 3.6 on coverage 5.5]   |   Downloading coverage-5.5-cp36-cp36m-manylinux2010_x86_64.whl (240 kB)\n[3a402c48-a41e-4420-a9a2-1757cec033dd/Python 3.6 on coverage 5.5]   | Installing collected packages: coverage\n[3a402c48-a41e-4420-a9a2-1757cec033dd/Python 3.6 on coverage 5.5]   | Successfully installed coverage-5.5\n[3a402c48-a41e-4420-a9a2-1757cec033dd/Python 3.6 on coverage 5.5]   | WARNING: You are using pip version 21.2.4; however, version 21.3.1 is available.\n[3a402c48-a41e-4420-a9a2-1757cec033dd/Python 3.6 on coverage 5.5]   | You should consider upgrading via the '/opt/hostedtoolcache/Python/3.6.14/x64/bin/python -m pip install --upgrade pip' command.\n[3a402c48-a41e-4420-a9a2-1757cec033dd/Python 3.6 on coverage 5.5]   | Processing /tmp/ad9c0f7e-1596-11ee-8a50-bb14de238602/dbrgn-coverage-badge\n[3a402c48-a41e-4420-a9a2-1757cec033dd/Python 3.6 on coverage 5.5]   |   DEPRECATION: A future pip version will change local packages to be built in-place without first copying to a temporary directory. We recommend you use --use-feature=in-tree-build to test your packages with this new behavior before it becomes the default.\n[3a402c48-a41e-4420-a9a2-1757cec033dd/Python 3.6 on coverage 5.5]   |    pip 21.3 will remove support for this functionality. You can find discussion regarding this at https://github.com/pypa/pip/issues/7555.\n[3a402c48-a41e-4420-a9a2-1757cec033dd/Python 3.6 on coverage 5.5]   | Requirement already satisfied: coverage in /opt/hostedtoolcache/Python/3.6.14/x64/lib/python3.6/site-packages (from coverage-badge==1.1.0) (5.5)\n[3a402c48-a41e-4420-a9a2-1757cec033dd/Python 3.6 on coverage 5.5]   | Using legacy 'setup.py install' for coverage-badge, since package 'wheel' is not installed.\n[3a402c48-a41e-4420-a9a2-1757cec033dd/Python 3.6 on coverage 5.5]   | Installing collected packages: coverage-badge\n[3a402c48-a41e-4420-a9a2-1757cec033dd/Python 3.6 on coverage 5.5]   |     Running setup.py install for coverage-badge: started\n[3a402c48-a41e-4420-a9a2-1757cec033dd/Python 3.6 on coverage 5.5]   |     Running setup.py install for coverage-badge: finished with status 'done'\n[3a402c48-a41e-4420-a9a2-1757cec033dd/Python 3.6 on coverage 5.5]   | Successfully installed coverage-badge-1.1.0\n[3a402c48-a41e-4420-a9a2-1757cec033dd/Python 3.6 on coverage 5.5]   | WARNING: You are using pip version 21.2.4; however, version 21.3.1 is available.\n[3a402c48-a41e-4420-a9a2-1757cec033dd/Python 3.6 on coverage 5.5]   | You should consider upgrading via the '/opt/hostedtoolcache/Python/3.6.14/x64/bin/python -m pip install --upgrade pip' command.\n[3a402c48-a41e-4420-a9a2-1757cec033dd/Python 3.6 on coverage 5.5]   | Collecting pytest==6.2.5\n[3a402c48-a41e-4420-a9a2-1757cec033dd/Python 3.6 on coverage 5.5]   |   Downloading pytest-6.2.5-py3-none-any.whl (280 kB)\n[3a402c48-a41e-4420-a9a2-1757cec033dd/Python 3.6 on coverage 5.5]   | Collecting pytest-cache==1.0\n[3a402c48-a41e-4420-a9a2-1757cec033dd/Python 3.6 on coverage 5.5]   |   Downloading pytest-cache-1.0.tar.gz (16 kB)\n[3a402c48-a41e-4420-a9a2-1757cec033dd/Python 3.6 on coverage 5.5]   | Collecting pytest-cov==3.0.0\n[3a402c48-a41e-4420-a9a2-1757cec033dd/Python 3.6 on coverage 5.5]   |   Downloading pytest_cov-3.0.0-py3-none-any.whl (20 kB)\n[3a402c48-a41e-4420-a9a2-1757cec033dd/Python 3.6 on coverage 5.5]   | Collecting iniconfig\n[3a402c48-a41e-4420-a9a2-1757cec033dd/Python 3.6 on coverage 5.5]   |   Downloading iniconfig-1.1.1-py2.py3-none-any.whl (5.0 kB)\n[3a402c48-a41e-4420-a9a2-1757cec033dd/Python 3.6 on coverage 5.5]   | Collecting pluggy<2.0,>=0.12\n[3a402c48-a41e-4420-a9a2-1757cec033dd/Python 3.6 on coverage 5.5]   |   Downloading pluggy-1.0.0-py2.py3-none-any.whl (13 kB)\n[3a402c48-a41e-4420-a9a2-1757cec033dd/Python 3.6 on coverage 5.5]   | Collecting py>=1.8.2\n[3a402c48-a41e-4420-a9a2-1757cec033dd/Python 3.6 on coverage 5.5]   |   Downloading py-1.11.0-py2.py3-none-any.whl (98 kB)\n[3a402c48-a41e-4420-a9a2-1757cec033dd/Python 3.6 on coverage 5.5]   | Collecting importlib-metadata>=0.12\n[3a402c48-a41e-4420-a9a2-1757cec033dd/Python 3.6 on coverage 5.5]   |   Downloading importlib_metadata-4.8.3-py3-none-any.whl (17 kB)\n[3a402c48-a41e-4420-a9a2-1757cec033dd/Python 3.6 on coverage 5.5]   | Collecting attrs>=19.2.0\n[3a402c48-a41e-4420-a9a2-1757cec033dd/Python 3.6 on coverage 5.5]   |   Downloading attrs-22.2.0-py3-none-any.whl (60 kB)\n[3a402c48-a41e-4420-a9a2-1757cec033dd/Python 3.6 on coverage 5.5]   | Collecting toml\n[3a402c48-a41e-4420-a9a2-1757cec033dd/Python 3.6 on coverage 5.5]   |   Downloading toml-0.10.2-py2.py3-none-any.whl (16 kB)\n[3a402c48-a41e-4420-a9a2-1757cec033dd/Python 3.6 on coverage 5.5]   | Collecting packaging\n[3a402c48-a41e-4420-a9a2-1757cec033dd/Python 3.6 on coverage 5.5]   |   Downloading packaging-21.3-py3-none-any.whl (40 kB)\n[3a402c48-a41e-4420-a9a2-1757cec033dd/Python 3.6 on coverage 5.5]   | Collecting execnet>=1.1.dev1\n[3a402c48-a41e-4420-a9a2-1757cec033dd/Python 3.6 on coverage 5.5]   |   Downloading execnet-1.9.0-py2.py3-none-any.whl (39 kB)\n[3a402c48-a41e-4420-a9a2-1757cec033dd/Python 3.6 on coverage 5.5]   | Requirement already satisfied: coverage[toml]>=5.2.1 in /opt/hostedtoolcache/Python/3.6.14/x64/lib/python3.6/site-packages (from pytest-cov==3.0.0->-r requirements-dev.txt (line 3)) (5.5)\n[3a402c48-a41e-4420-a9a2-1757cec033dd/Python 3.6 on coverage 5.5]   | Collecting zipp>=0.5\n[3a402c48-a41e-4420-a9a2-1757cec033dd/Python 3.6 on coverage 5.5]   |   Downloading zipp-3.6.0-py3-none-any.whl (5.3 kB)\n[3a402c48-a41e-4420-a9a2-1757cec033dd/Python 3.6 on coverage 5.5]   | Collecting typing-extensions>=3.6.4\n[3a402c48-a41e-4420-a9a2-1757cec033dd/Python 3.6 on coverage 5.5]   |   Downloading typing_extensions-4.1.1-py3-none-any.whl (26 kB)\n[3a402c48-a41e-4420-a9a2-1757cec033dd/Python 3.6 on coverage 5.5]   | Collecting pyparsing!=3.0.5,>=2.0.2\n[3a402c48-a41e-4420-a9a2-1757cec033dd/Python 3.6 on coverage 5.5]   |   Downloading pyparsing-3.1.0-py3-none-any.whl (102 kB)\n[3a402c48-a41e-4420-a9a2-1757cec033dd/Python 3.6 on coverage 5.5]   | Using legacy 'setup.py install' for pytest-cache, since package 'wheel' is not installed.\n[3a402c48-a41e-4420-a9a2-1757cec033dd/Python 3.6 on coverage 5.5]   | Installing collected packages: zipp, typing-extensions, pyparsing, importlib-metadata, toml, py, pluggy, packaging, iniconfig, attrs, pytest, execnet, pytest-cov, pytest-cache\n[3a402c48-a41e-4420-a9a2-1757cec033dd/Python 3.6 on coverage 5.5]   |     Running setup.py install for pytest-cache: started\n[3a402c48-a41e-4420-a9a2-1757cec033dd/Python 3.6 on coverage 5.5]   |     Running setup.py install for pytest-cache: finished with status 'done'\n[3a402c48-a41e-4420-a9a2-1757cec033dd/Python 3.6 on coverage 5.5]   | Successfully installed attrs-22.2.0 execnet-1.9.0 importlib-metadata-4.8.3 iniconfig-1.1.1 packaging-21.3 pluggy-1.0.0 py-1.11.0 pyparsing-3.1.0 pytest-6.2.5 pytest-cache-1.0 pytest-cov-3.0.0 toml-0.10.2 typing-extensions-4.1.1 zipp-3.6.0\n[3a402c48-a41e-4420-a9a2-1757cec033dd/Python 3.6 on coverage 5.5]   | WARNING: You are using pip version 21.2.4; however, version 21.3.1 is available.\n[3a402c48-a41e-4420-a9a2-1757cec033dd/Python 3.6 on coverage 5.5]   | You should consider upgrading via the '/opt/hostedtoolcache/Python/3.6.14/x64/bin/python -m pip install --upgrade pip' command.\n[3a402c48-a41e-4420-a9a2-1757cec033dd/Python 3.6 on coverage 5.5]   \u2705  Success - Main Install dependencies\n[3a402c48-a41e-4420-a9a2-1757cec033dd/Python 3.6 on coverage 5.5] \u2b50 Run Main Run tests\n[3a402c48-a41e-4420-a9a2-1757cec033dd/Python 3.6 on coverage 5.5]   \ud83d\udc33  docker exec cmd=[bash --noprofile --norc -e -o pipefail /var/run/act/workflow/3] user= workdir=\n[3a402c48-a41e-4420-a9a2-1757cec033dd/Python 3.6 on coverage 5.5]   | ============================= test session starts ==============================\n[3a402c48-a41e-4420-a9a2-1757cec033dd/Python 3.6 on coverage 5.5]   | platform linux -- Python 3.6.14, pytest-6.2.5, py-1.11.0, pluggy-1.0.0\n[3a402c48-a41e-4420-a9a2-1757cec033dd/Python 3.6 on coverage 5.5]   | rootdir: /tmp/ad9c0f7e-1596-11ee-8a50-bb14de238602/dbrgn-coverage-badge, configfile: pytest.ini\n[3a402c48-a41e-4420-a9a2-1757cec033dd/Python 3.6 on coverage 5.5]   | plugins: cov-3.0.0\n[3a402c48-a41e-4420-a9a2-1757cec033dd/Python 3.6 on coverage 5.5]   | collected 4 items\n[3a402c48-a41e-4420-a9a2-1757cec033dd/Python 3.6 on coverage 5.5]   | \n[3a402c48-a41e-4420-a9a2-1757cec033dd/Python 3.6 on coverage 5.5]   | tests/test_output.py .FF.                                                [100%]\n[3a402c48-a41e-4420-a9a2-1757cec033dd/Python 3.6 on coverage 5.5]   | \n[3a402c48-a41e-4420-a9a2-1757cec033dd/Python 3.6 on coverage 5.5]   | =================================== FAILURES ===================================\n[3a402c48-a41e-4420-a9a2-1757cec033dd/Python 3.6 on coverage 5.5]   | _______________________________ test_svg_output ________________________________\n[3a402c48-a41e-4420-a9a2-1757cec033dd/Python 3.6 on coverage 5.5]   | tests/test_output.py:37: in test_svg_output\n[3a402c48-a41e-4420-a9a2-1757cec033dd/Python 3.6 on coverage 5.5]   |     cb.main([])\n[3a402c48-a41e-4420-a9a2-1757cec033dd/Python 3.6 on coverage 5.5]   | coverage_badge/__main__.py:157: in main\n[3a402c48-a41e-4420-a9a2-1757cec033dd/Python 3.6 on coverage 5.5]   |     args = parse_args(argv)\n[3a402c48-a41e-4420-a9a2-1757cec033dd/Python 3.6 on coverage 5.5]   | coverage_badge/__main__.py:124: in parse_args\n[3a402c48-a41e-4420-a9a2-1757cec033dd/Python 3.6 on coverage 5.5]   |     return parser.parse_args()\n[3a402c48-a41e-4420-a9a2-1757cec033dd/Python 3.6 on coverage 5.5]   | /opt/hostedtoolcache/Python/3.6.14/x64/lib/python3.6/argparse.py:1737: in parse_args\n[3a402c48-a41e-4420-a9a2-1757cec033dd/Python 3.6 on coverage 5.5]   |     self.error(msg % ' '.join(argv))\n[3a402c48-a41e-4420-a9a2-1757cec033dd/Python 3.6 on coverage 5.5]   | /opt/hostedtoolcache/Python/3.6.14/x64/lib/python3.6/argparse.py:2393: in error\n[3a402c48-a41e-4420-a9a2-1757cec033dd/Python 3.6 on coverage 5.5]   |     self.exit(2, _('%(prog)s: error: %(message)s\\n') % args)\n[3a402c48-a41e-4420-a9a2-1757cec033dd/Python 3.6 on coverage 5.5]   | /opt/hostedtoolcache/Python/3.6.14/x64/lib/python3.6/argparse.py:2380: in exit\n[3a402c48-a41e-4420-a9a2-1757cec033dd/Python 3.6 on coverage 5.5]   |     _sys.exit(status)\n[3a402c48-a41e-4420-a9a2-1757cec033dd/Python 3.6 on coverage 5.5]   | E   SystemExit: 2\n[3a402c48-a41e-4420-a9a2-1757cec033dd/Python 3.6 on coverage 5.5]   | ----------------------------- Captured stderr call -----------------------------\n[3a402c48-a41e-4420-a9a2-1757cec033dd/Python 3.6 on coverage 5.5]   | usage: __main__.py [-h] [-o FILEPATH] [-p] [-f] [-q] [-v]\n[3a402c48-a41e-4420-a9a2-1757cec033dd/Python 3.6 on coverage 5.5]   | __main__.py: error: unrecognized arguments: --junitxml=report.xml\n[3a402c48-a41e-4420-a9a2-1757cec033dd/Python 3.6 on coverage 5.5]   | ______________________________ test_color_ranges _______________________________\n[3a402c48-a41e-4420-a9a2-1757cec033dd/Python 3.6 on coverage 5.5]   | tests/test_output.py:52: in test_color_ranges\n[3a402c48-a41e-4420-a9a2-1757cec033dd/Python 3.6 on coverage 5.5]   |     cb.main([])\n[3a402c48-a41e-4420-a9a2-1757cec033dd/Python 3.6 on coverage 5.5]   | coverage_badge/__main__.py:157: in main\n[3a402c48-a41e-4420-a9a2-1757cec033dd/Python 3.6 on coverage 5.5]   |     args = parse_args(argv)\n[3a402c48-a41e-4420-a9a2-1757cec033dd/Python 3.6 on coverage 5.5]   | coverage_badge/__main__.py:124: in parse_args\n[3a402c48-a41e-4420-a9a2-1757cec033dd/Python 3.6 on coverage 5.5]   |     return parser.parse_args()\n[3a402c48-a41e-4420-a9a2-1757cec033dd/Python 3.6 on coverage 5.5]   | /opt/hostedtoolcache/Python/3.6.14/x64/lib/python3.6/argparse.py:1737: in parse_args\n[3a402c48-a41e-4420-a9a2-1757cec033dd/Python 3.6 on coverage 5.5]   |     self.error(msg % ' '.join(argv))\n[3a402c48-a41e-4420-a9a2-1757cec033dd/Python 3.6 on coverage 5.5]   | /opt/hostedtoolcache/Python/3.6.14/x64/lib/python3.6/argparse.py:2393: in error\n[3a402c48-a41e-4420-a9a2-1757cec033dd/Python 3.6 on coverage 5.5]   |     self.exit(2, _('%(prog)s: error: %(message)s\\n') % args)\n[3a402c48-a41e-4420-a9a2-1757cec033dd/Python 3.6 on coverage 5.5]   | /opt/hostedtoolcache/Python/3.6.14/x64/lib/python3.6/argparse.py:2380: in exit\n[3a402c48-a41e-4420-a9a2-1757cec033dd/Python 3.6 on coverage 5.5]   |     _sys.exit(status)\n[3a402c48-a41e-4420-a9a2-1757cec033dd/Python 3.6 on coverage 5.5]   | E   SystemExit: 2\n[3a402c48-a41e-4420-a9a2-1757cec033dd/Python 3.6 on coverage 5.5]   | ----------------------------- Captured stderr call -----------------------------\n[3a402c48-a41e-4420-a9a2-1757cec033dd/Python 3.6 on coverage 5.5]   | usage: __main__.py [-h] [-o FILEPATH] [-p] [-f] [-q] [-v]\n[3a402c48-a41e-4420-a9a2-1757cec033dd/Python 3.6 on coverage 5.5]   | __main__.py: error: unrecognized arguments: --junitxml=report.xml\n[3a402c48-a41e-4420-a9a2-1757cec033dd/Python 3.6 on coverage 5.5]   | - generated xml file: /tmp/ad9c0f7e-1596-11ee-8a50-bb14de238602/dbrgn-coverage-badge/report.xml -\n[3a402c48-a41e-4420-a9a2-1757cec033dd/Python 3.6 on coverage 5.5]   | \n[3a402c48-a41e-4420-a9a2-1757cec033dd/Python 3.6 on coverage 5.5]   | ---------- coverage: platform linux, python 3.6.14-final-0 -----------\n[3a402c48-a41e-4420-a9a2-1757cec033dd/Python 3.6 on coverage 5.5]   | Name                         Stmts   Miss  Cover\n[3a402c48-a41e-4420-a9a2-1757cec033dd/Python 3.6 on coverage 5.5]   | ------------------------------------------------\n[3a402c48-a41e-4420-a9a2-1757cec033dd/Python 3.6 on coverage 5.5]   | coverage_badge/__main__.py      81     40    51%\n[3a402c48-a41e-4420-a9a2-1757cec033dd/Python 3.6 on coverage 5.5]   | ------------------------------------------------\n[3a402c48-a41e-4420-a9a2-1757cec033dd/Python 3.6 on coverage 5.5]   | TOTAL                           81     40    51%\n[3a402c48-a41e-4420-a9a2-1757cec033dd/Python 3.6 on coverage 5.5]   | \n[3a402c48-a41e-4420-a9a2-1757cec033dd/Python 3.6 on coverage 5.5]   | =========================== short test summary info ============================\n[3a402c48-a41e-4420-a9a2-1757cec033dd/Python 3.6 on coverage 5.5]   | FAILED tests/test_output.py::test_svg_output - SystemExit: 2\n[3a402c48-a41e-4420-a9a2-1757cec033dd/Python 3.6 on coverage 5.5]   | FAILED tests/test_output.py::test_color_ranges - SystemExit: 2\n[3a402c48-a41e-4420-a9a2-1757cec033dd/Python 3.6 on coverage 5.5]   | ========================= 2 failed, 2 passed in 0.78s ==========================\n[3a402c48-a41e-4420-a9a2-1757cec033dd/Python 3.6 on coverage 5.5]   \u274c  Failure - Main Run tests\n[3a402c48-a41e-4420-a9a2-1757cec033dd/Python 3.6 on coverage 5.5] exitcode '1': failure\n[3a402c48-a41e-4420-a9a2-1757cec033dd/Python 3.6 on coverage 5.5] \ud83c\udfc1  Job failed\n",
        "stderr": "Error: Job 'Python ${{ matrix.python }} on coverage ${{ matrix.coverage }}' failed\n",
        "workflow": "/tmp/ad9c0f7e-1596-11ee-8a50-bb14de238602/dbrgn-coverage-badge/.github/workflows/ci-crawler.yml",
        "build_tool": "pytest",
        "elapsed_time": 89.087073802948
    }
}