{
    "repository": "dchevell/flask-executor",
    "stars": 159,
    "language": "python",
    "size": 155,
    "clone_url": "https://github.com/dchevell/flask-executor.git",
    "timestamp": "2023-07-01T12:41:01.580583Z",
    "clone_success": true,
    "number_of_actions": 1,
    "number_of_test_actions": 1,
    "actions_successful": true,
    "actions_build_tools": [
        "pytest"
    ],
    "actions_test_build_tools": [
        "pytest"
    ],
    "actions_run": {
        "failed": false,
        "tests": [
            {
                "classname": "tests.test_executor",
                "name": "test_init[thread_push_app_context]",
                "time": 0.01,
                "results": [
                    {
                        "result": "Passed",
                        "message": "",
                        "type": ""
                    }
                ],
                "stdout": null,
                "stderr": null
            },
            {
                "classname": "tests.test_executor",
                "name": "test_init[thread_copy_app_context]",
                "time": 0.004,
                "results": [
                    {
                        "result": "Passed",
                        "message": "",
                        "type": ""
                    }
                ],
                "stdout": null,
                "stderr": null
            },
            {
                "classname": "tests.test_executor",
                "name": "test_init[process]",
                "time": 0.049,
                "results": [
                    {
                        "result": "Passed",
                        "message": "",
                        "type": ""
                    }
                ],
                "stdout": null,
                "stderr": null
            },
            {
                "classname": "tests.test_executor",
                "name": "test_factory_init[thread_push_app_context]",
                "time": 0.023,
                "results": [
                    {
                        "result": "Passed",
                        "message": "",
                        "type": ""
                    }
                ],
                "stdout": null,
                "stderr": null
            },
            {
                "classname": "tests.test_executor",
                "name": "test_factory_init[thread_copy_app_context]",
                "time": 0.004,
                "results": [
                    {
                        "result": "Passed",
                        "message": "",
                        "type": ""
                    }
                ],
                "stdout": null,
                "stderr": null
            },
            {
                "classname": "tests.test_executor",
                "name": "test_factory_init[process]",
                "time": 0.005,
                "results": [
                    {
                        "result": "Passed",
                        "message": "",
                        "type": ""
                    }
                ],
                "stdout": null,
                "stderr": null
            },
            {
                "classname": "tests.test_executor",
                "name": "test_thread_executor_init",
                "time": 0.004,
                "results": [
                    {
                        "result": "Passed",
                        "message": "",
                        "type": ""
                    }
                ],
                "stdout": null,
                "stderr": null
            },
            {
                "classname": "tests.test_executor",
                "name": "test_process_executor_init",
                "time": 0.004,
                "results": [
                    {
                        "result": "Passed",
                        "message": "",
                        "type": ""
                    }
                ],
                "stdout": null,
                "stderr": null
            },
            {
                "classname": "tests.test_executor",
                "name": "test_default_executor_init",
                "time": 0.039,
                "results": [
                    {
                        "result": "Passed",
                        "message": "",
                        "type": ""
                    }
                ],
                "stdout": null,
                "stderr": null
            },
            {
                "classname": "tests.test_executor",
                "name": "test_invalid_executor_init",
                "time": 0.003,
                "results": [
                    {
                        "result": "Passed",
                        "message": "",
                        "type": ""
                    }
                ],
                "stdout": null,
                "stderr": null
            },
            {
                "classname": "tests.test_executor",
                "name": "test_submit[thread_push_app_context]",
                "time": 0.01,
                "results": [
                    {
                        "result": "Passed",
                        "message": "",
                        "type": ""
                    }
                ],
                "stdout": null,
                "stderr": null
            },
            {
                "classname": "tests.test_executor",
                "name": "test_submit[thread_copy_app_context]",
                "time": 0.005,
                "results": [
                    {
                        "result": "Passed",
                        "message": "",
                        "type": ""
                    }
                ],
                "stdout": null,
                "stderr": null
            },
            {
                "classname": "tests.test_executor",
                "name": "test_submit[process]",
                "time": 0.37,
                "results": [
                    {
                        "result": "Passed",
                        "message": "",
                        "type": ""
                    }
                ],
                "stdout": null,
                "stderr": null
            },
            {
                "classname": "tests.test_executor",
                "name": "test_max_workers[thread_push_app_context]",
                "time": 0.005,
                "results": [
                    {
                        "result": "Passed",
                        "message": "",
                        "type": ""
                    }
                ],
                "stdout": null,
                "stderr": null
            },
            {
                "classname": "tests.test_executor",
                "name": "test_max_workers[thread_copy_app_context]",
                "time": 0.004,
                "results": [
                    {
                        "result": "Passed",
                        "message": "",
                        "type": ""
                    }
                ],
                "stdout": null,
                "stderr": null
            },
            {
                "classname": "tests.test_executor",
                "name": "test_max_workers[process]",
                "time": 0.005,
                "results": [
                    {
                        "result": "Passed",
                        "message": "",
                        "type": ""
                    }
                ],
                "stdout": null,
                "stderr": null
            },
            {
                "classname": "tests.test_executor",
                "name": "test_thread_decorator_submit",
                "time": 0.007,
                "results": [
                    {
                        "result": "Passed",
                        "message": "",
                        "type": ""
                    }
                ],
                "stdout": null,
                "stderr": null
            },
            {
                "classname": "tests.test_executor",
                "name": "test_thread_decorator_submit_stored",
                "time": 0.073,
                "results": [
                    {
                        "result": "Passed",
                        "message": "",
                        "type": ""
                    }
                ],
                "stdout": null,
                "stderr": null
            },
            {
                "classname": "tests.test_executor",
                "name": "test_thread_decorator_map",
                "time": 0.187,
                "results": [
                    {
                        "result": "Passed",
                        "message": "",
                        "type": ""
                    }
                ],
                "stdout": null,
                "stderr": null
            },
            {
                "classname": "tests.test_executor",
                "name": "test_process_decorator",
                "time": 0.149,
                "results": [
                    {
                        "result": "Passed",
                        "message": "",
                        "type": ""
                    }
                ],
                "stdout": null,
                "stderr": null
            },
            {
                "classname": "tests.test_executor",
                "name": "test_submit_app_context",
                "time": 0.115,
                "results": [
                    {
                        "result": "Passed",
                        "message": "",
                        "type": ""
                    }
                ],
                "stdout": null,
                "stderr": null
            },
            {
                "classname": "tests.test_executor",
                "name": "test_submit_g_context_process",
                "time": 0.131,
                "results": [
                    {
                        "result": "Passed",
                        "message": "",
                        "type": ""
                    }
                ],
                "stdout": null,
                "stderr": null
            },
            {
                "classname": "tests.test_executor",
                "name": "test_submit_request_context",
                "time": 0.138,
                "results": [
                    {
                        "result": "Passed",
                        "message": "",
                        "type": ""
                    }
                ],
                "stdout": null,
                "stderr": null
            },
            {
                "classname": "tests.test_executor",
                "name": "test_map_app_context",
                "time": 0.208,
                "results": [
                    {
                        "result": "Passed",
                        "message": "",
                        "type": ""
                    }
                ],
                "stdout": null,
                "stderr": null
            },
            {
                "classname": "tests.test_executor",
                "name": "test_map_g_context_process",
                "time": 0.238,
                "results": [
                    {
                        "result": "Passed",
                        "message": "",
                        "type": ""
                    }
                ],
                "stdout": null,
                "stderr": null
            },
            {
                "classname": "tests.test_executor",
                "name": "test_map_request_context",
                "time": 0.175,
                "results": [
                    {
                        "result": "Passed",
                        "message": "",
                        "type": ""
                    }
                ],
                "stdout": null,
                "stderr": null
            },
            {
                "classname": "tests.test_executor",
                "name": "test_executor_stored_future",
                "time": 0.675,
                "results": [
                    {
                        "result": "Passed",
                        "message": "",
                        "type": ""
                    }
                ],
                "stdout": null,
                "stderr": null
            },
            {
                "classname": "tests.test_executor",
                "name": "test_set_max_futures",
                "time": 0.669,
                "results": [
                    {
                        "result": "Passed",
                        "message": "",
                        "type": ""
                    }
                ],
                "stdout": null,
                "stderr": null
            },
            {
                "classname": "tests.test_executor",
                "name": "test_named_executor",
                "time": 0.5,
                "results": [
                    {
                        "result": "Passed",
                        "message": "",
                        "type": ""
                    }
                ],
                "stdout": null,
                "stderr": null
            },
            {
                "classname": "tests.test_executor",
                "name": "test_named_executor_submit[thread_push_app_context]",
                "time": 0.363,
                "results": [
                    {
                        "result": "Passed",
                        "message": "",
                        "type": ""
                    }
                ],
                "stdout": null,
                "stderr": null
            },
            {
                "classname": "tests.test_executor",
                "name": "test_named_executor_submit[thread_copy_app_context]",
                "time": 0.438,
                "results": [
                    {
                        "result": "Passed",
                        "message": "",
                        "type": ""
                    }
                ],
                "stdout": null,
                "stderr": null
            },
            {
                "classname": "tests.test_executor",
                "name": "test_named_executor_submit[process]",
                "time": 0.37,
                "results": [
                    {
                        "result": "Passed",
                        "message": "",
                        "type": ""
                    }
                ],
                "stdout": null,
                "stderr": null
            },
            {
                "classname": "tests.test_executor",
                "name": "test_named_executor_name",
                "time": 0.491,
                "results": [
                    {
                        "result": "Passed",
                        "message": "",
                        "type": ""
                    }
                ],
                "stdout": null,
                "stderr": null
            },
            {
                "classname": "tests.test_executor",
                "name": "test_default_done_callback[thread_push_app_context]",
                "time": 0.782,
                "results": [
                    {
                        "result": "Passed",
                        "message": "",
                        "type": ""
                    }
                ],
                "stdout": null,
                "stderr": null
            },
            {
                "classname": "tests.test_executor",
                "name": "test_default_done_callback[thread_copy_app_context]",
                "time": 0.854,
                "results": [
                    {
                        "result": "Passed",
                        "message": "",
                        "type": ""
                    }
                ],
                "stdout": null,
                "stderr": null
            },
            {
                "classname": "tests.test_executor",
                "name": "test_default_done_callback[process]",
                "time": 11.83,
                "results": [
                    {
                        "result": "Passed",
                        "message": "",
                        "type": ""
                    }
                ],
                "stdout": null,
                "stderr": null
            },
            {
                "classname": "tests.test_executor",
                "name": "test_propagate_exception_callback[thread_push_app_context]",
                "time": 0.116,
                "results": [
                    {
                        "result": "Passed",
                        "message": "",
                        "type": ""
                    }
                ],
                "stdout": null,
                "stderr": null
            },
            {
                "classname": "tests.test_executor",
                "name": "test_propagate_exception_callback[thread_copy_app_context]",
                "time": 0.111,
                "results": [
                    {
                        "result": "Passed",
                        "message": "",
                        "type": ""
                    }
                ],
                "stdout": null,
                "stderr": null
            },
            {
                "classname": "tests.test_executor",
                "name": "test_propagate_exception_callback[process]",
                "time": 0.762,
                "results": [
                    {
                        "result": "Passed",
                        "message": "",
                        "type": ""
                    }
                ],
                "stdout": null,
                "stderr": null
            },
            {
                "classname": "tests.test_executor",
                "name": "test_coerce_config_types",
                "time": 0.138,
                "results": [
                    {
                        "result": "Passed",
                        "message": "",
                        "type": ""
                    }
                ],
                "stdout": null,
                "stderr": null
            },
            {
                "classname": "tests.test_executor",
                "name": "test_shutdown_executor",
                "time": 0.145,
                "results": [
                    {
                        "result": "Passed",
                        "message": "",
                        "type": ""
                    }
                ],
                "stdout": null,
                "stderr": null
            },
            {
                "classname": "tests.test_executor",
                "name": "test_pre_init_executor",
                "time": 0.136,
                "results": [
                    {
                        "result": "Passed",
                        "message": "",
                        "type": ""
                    }
                ],
                "stdout": null,
                "stderr": null
            },
            {
                "classname": "tests.test_executor",
                "name": "test_teardown_appcontext_is_called",
                "time": 0.14,
                "results": [
                    {
                        "result": "Passed",
                        "message": "",
                        "type": ""
                    }
                ],
                "stdout": null,
                "stderr": null
            },
            {
                "classname": "tests.test_executor",
                "name": "test_sqlalchemy",
                "time": 0.985,
                "results": [
                    {
                        "result": "Failure",
                        "message": "sqlalchemy.exc.ArgumentError: Textual SQL expression 'select 1' should be explicitly declared as text('select 1')",
                        "type": null
                    }
                ],
                "stdout": null,
                "stderr": null
            },
            {
                "classname": "tests.test_futures",
                "name": "test_plain_future",
                "time": 0.069,
                "results": [
                    {
                        "result": "Passed",
                        "message": "",
                        "type": ""
                    }
                ],
                "stdout": null,
                "stderr": null
            },
            {
                "classname": "tests.test_futures",
                "name": "test_missing_future",
                "time": 0.143,
                "results": [
                    {
                        "result": "Passed",
                        "message": "",
                        "type": ""
                    }
                ],
                "stdout": null,
                "stderr": null
            },
            {
                "classname": "tests.test_futures",
                "name": "test_duplicate_add_future",
                "time": 0.258,
                "results": [
                    {
                        "result": "Passed",
                        "message": "",
                        "type": ""
                    }
                ],
                "stdout": null,
                "stderr": null
            },
            {
                "classname": "tests.test_futures",
                "name": "test_futures_max_length",
                "time": 0.283,
                "results": [
                    {
                        "result": "Passed",
                        "message": "",
                        "type": ""
                    }
                ],
                "stdout": null,
                "stderr": null
            },
            {
                "classname": "tests.test_futures",
                "name": "test_future_proxy",
                "time": 0.946,
                "results": [
                    {
                        "result": "Passed",
                        "message": "",
                        "type": ""
                    }
                ],
                "stdout": null,
                "stderr": null
            },
            {
                "classname": "tests.test_futures",
                "name": "test_add_done_callback",
                "time": 1.421,
                "results": [
                    {
                        "result": "Passed",
                        "message": "",
                        "type": ""
                    }
                ],
                "stdout": null,
                "stderr": null
            },
            {
                "classname": "tests.test_futures",
                "name": "test_instance_proxy",
                "time": 0.374,
                "results": [
                    {
                        "result": "Passed",
                        "message": "",
                        "type": ""
                    }
                ],
                "stdout": null,
                "stderr": null
            }
        ],
        "stdout": "[ba3ec2ce-0e4c-41ef-bdf2-48616378b06b/test] \ud83d\ude80  Start image=crawlergpt:latest\n[ba3ec2ce-0e4c-41ef-bdf2-48616378b06b/test]   \ud83d\udc33  docker pull image=crawlergpt:latest platform= username= forcePull=false\n[ba3ec2ce-0e4c-41ef-bdf2-48616378b06b/test]   \ud83d\udc33  docker create image=crawlergpt:latest platform= entrypoint=[\"tail\" \"-f\" \"/dev/null\"] cmd=[]\n[ba3ec2ce-0e4c-41ef-bdf2-48616378b06b/test]   \ud83d\udc33  docker run image=crawlergpt:latest platform= entrypoint=[\"tail\" \"-f\" \"/dev/null\"] cmd=[]\n[ba3ec2ce-0e4c-41ef-bdf2-48616378b06b/test]   \ud83d\udc33  docker exec cmd=[chown -R 1012:1013 /tmp/558156d8-17ed-11ee-8a50-bb14de238602/dchevell-flask-executor] user=0 workdir=\n[ba3ec2ce-0e4c-41ef-bdf2-48616378b06b/test]   \u2601  git clone 'https://github.com/actions/setup-python' # ref=v4\n[ba3ec2ce-0e4c-41ef-bdf2-48616378b06b/test]   \u2601  git clone 'https://github.com/codecov/codecov-action' # ref=v3\n[ba3ec2ce-0e4c-41ef-bdf2-48616378b06b/test] \ud83e\uddea  Matrix: map[flask-version:<2.2 python-version:3.7]\n[ba3ec2ce-0e4c-41ef-bdf2-48616378b06b/test] \u2b50 Run Main Checkout\n[ba3ec2ce-0e4c-41ef-bdf2-48616378b06b/test]   \u2705  Success - Main Checkout\n[ba3ec2ce-0e4c-41ef-bdf2-48616378b06b/test] \u2b50 Run Main Set up Python 3.7\n[ba3ec2ce-0e4c-41ef-bdf2-48616378b06b/test]   \ud83d\udc33  docker cp src=/tmp/act-cache/491e6bc5-d704-4649-90b9-818081090028/act/actions-setup-python@v4/ dst=/var/run/act/actions/actions-setup-python@v4/\n[ba3ec2ce-0e4c-41ef-bdf2-48616378b06b/test]   \ud83d\udc33  docker exec cmd=[chown -R 1012:1013 /var/run/act/actions/actions-setup-python@v4/] user=0 workdir=\n[ba3ec2ce-0e4c-41ef-bdf2-48616378b06b/test]   \ud83d\udc33  docker exec cmd=[node /var/run/act/actions/actions-setup-python@v4/dist/setup/index.js] user= workdir=\n[ba3ec2ce-0e4c-41ef-bdf2-48616378b06b/test]   \ud83d\udcac  ::debug::Python is expected to be installed into /opt/hostedtoolcache\n[ba3ec2ce-0e4c-41ef-bdf2-48616378b06b/test]   \u2753  ::group::Installed versions\n[ba3ec2ce-0e4c-41ef-bdf2-48616378b06b/test]   \ud83d\udcac  ::debug::Semantic version spec of 3.7 is 3.7\n[ba3ec2ce-0e4c-41ef-bdf2-48616378b06b/test]   \ud83d\udcac  ::debug::isExplicit: \n[ba3ec2ce-0e4c-41ef-bdf2-48616378b06b/test]   \ud83d\udcac  ::debug::explicit? false\n[ba3ec2ce-0e4c-41ef-bdf2-48616378b06b/test]   \ud83d\udcac  ::debug::isExplicit: 2.7.18\n[ba3ec2ce-0e4c-41ef-bdf2-48616378b06b/test]   \ud83d\udcac  ::debug::explicit? true\n[ba3ec2ce-0e4c-41ef-bdf2-48616378b06b/test]   \ud83d\udcac  ::debug::isExplicit: 3.5.10\n[ba3ec2ce-0e4c-41ef-bdf2-48616378b06b/test]   \ud83d\udcac  ::debug::explicit? true\n[ba3ec2ce-0e4c-41ef-bdf2-48616378b06b/test]   \ud83d\udcac  ::debug::isExplicit: 3.6.14\n[ba3ec2ce-0e4c-41ef-bdf2-48616378b06b/test]   \ud83d\udcac  ::debug::explicit? true\n[ba3ec2ce-0e4c-41ef-bdf2-48616378b06b/test]   \ud83d\udcac  ::debug::isExplicit: 3.7.11\n[ba3ec2ce-0e4c-41ef-bdf2-48616378b06b/test]   \ud83d\udcac  ::debug::explicit? true\n[ba3ec2ce-0e4c-41ef-bdf2-48616378b06b/test]   \ud83d\udcac  ::debug::isExplicit: 3.8.11\n[ba3ec2ce-0e4c-41ef-bdf2-48616378b06b/test]   \ud83d\udcac  ::debug::explicit? true\n[ba3ec2ce-0e4c-41ef-bdf2-48616378b06b/test]   \ud83d\udcac  ::debug::isExplicit: 3.9.6\n[ba3ec2ce-0e4c-41ef-bdf2-48616378b06b/test]   \ud83d\udcac  ::debug::explicit? true\n[ba3ec2ce-0e4c-41ef-bdf2-48616378b06b/test]   \ud83d\udcac  ::debug::evaluating 6 versions\n[ba3ec2ce-0e4c-41ef-bdf2-48616378b06b/test]   \ud83d\udcac  ::debug::matched: 3.7.11\n[ba3ec2ce-0e4c-41ef-bdf2-48616378b06b/test]   \ud83d\udcac  ::debug::checking cache: /opt/hostedtoolcache/Python/3.7.11/x64\n[ba3ec2ce-0e4c-41ef-bdf2-48616378b06b/test]   \ud83d\udcac  ::debug::Found tool in cache Python 3.7.11 x64\n[ba3ec2ce-0e4c-41ef-bdf2-48616378b06b/test]   | Successfully set up CPython (3.7.11)\n[ba3ec2ce-0e4c-41ef-bdf2-48616378b06b/test]   \u2753  ::endgroup::\n[ba3ec2ce-0e4c-41ef-bdf2-48616378b06b/test]   \u2753 add-matcher /run/act/actions/actions-setup-python@v4/.github/python.json\n[ba3ec2ce-0e4c-41ef-bdf2-48616378b06b/test]   \u2705  Success - Main Set up Python 3.7\n[ba3ec2ce-0e4c-41ef-bdf2-48616378b06b/test]   \u2699  ::set-env:: Python_ROOT_DIR=/opt/hostedtoolcache/Python/3.7.11/x64\n[ba3ec2ce-0e4c-41ef-bdf2-48616378b06b/test]   \u2699  ::set-env:: Python2_ROOT_DIR=/opt/hostedtoolcache/Python/3.7.11/x64\n[ba3ec2ce-0e4c-41ef-bdf2-48616378b06b/test]   \u2699  ::set-env:: Python3_ROOT_DIR=/opt/hostedtoolcache/Python/3.7.11/x64\n[ba3ec2ce-0e4c-41ef-bdf2-48616378b06b/test]   \u2699  ::set-env:: LD_LIBRARY_PATH=/opt/hostedtoolcache/Python/3.7.11/x64/lib\n[ba3ec2ce-0e4c-41ef-bdf2-48616378b06b/test]   \u2699  ::set-env:: pythonLocation=/opt/hostedtoolcache/Python/3.7.11/x64\n[ba3ec2ce-0e4c-41ef-bdf2-48616378b06b/test]   \u2699  ::set-env:: PKG_CONFIG_PATH=/opt/hostedtoolcache/Python/3.7.11/x64/lib/pkgconfig\n[ba3ec2ce-0e4c-41ef-bdf2-48616378b06b/test]   \u2699  ::set-output:: python-version=3.7.11\n[ba3ec2ce-0e4c-41ef-bdf2-48616378b06b/test]   \u2699  ::set-output:: python-path=/opt/hostedtoolcache/Python/3.7.11/x64/bin/python\n[ba3ec2ce-0e4c-41ef-bdf2-48616378b06b/test]   \u2699  ::add-path:: /opt/hostedtoolcache/Python/3.7.11/x64\n[ba3ec2ce-0e4c-41ef-bdf2-48616378b06b/test]   \u2699  ::add-path:: /opt/hostedtoolcache/Python/3.7.11/x64/bin\n[ba3ec2ce-0e4c-41ef-bdf2-48616378b06b/test] \u2b50 Run Main Install dependencies\n[ba3ec2ce-0e4c-41ef-bdf2-48616378b06b/test]   \ud83d\udc33  docker exec cmd=[bash --noprofile --norc -e -o pipefail /var/run/act/workflow/2] user= workdir=\n[ba3ec2ce-0e4c-41ef-bdf2-48616378b06b/test]   | Requirement already satisfied: pip in /opt/hostedtoolcache/Python/3.7.11/x64/lib/python3.7/site-packages (21.2.4)\n[ba3ec2ce-0e4c-41ef-bdf2-48616378b06b/test]   | Collecting pip\n[ba3ec2ce-0e4c-41ef-bdf2-48616378b06b/test]   |   Downloading pip-23.1.2-py3-none-any.whl (2.1 MB)\n[ba3ec2ce-0e4c-41ef-bdf2-48616378b06b/test]   | Installing collected packages: pip\n[ba3ec2ce-0e4c-41ef-bdf2-48616378b06b/test]   |   Attempting uninstall: pip\n[ba3ec2ce-0e4c-41ef-bdf2-48616378b06b/test]   |     Found existing installation: pip 21.2.4\n[ba3ec2ce-0e4c-41ef-bdf2-48616378b06b/test]   |     Uninstalling pip-21.2.4:\n[ba3ec2ce-0e4c-41ef-bdf2-48616378b06b/test]   |       Successfully uninstalled pip-21.2.4\n[ba3ec2ce-0e4c-41ef-bdf2-48616378b06b/test]   | Successfully installed pip-23.1.2\n[ba3ec2ce-0e4c-41ef-bdf2-48616378b06b/test]   | \n[ba3ec2ce-0e4c-41ef-bdf2-48616378b06b/test]   | [notice] A new release of pip is available: 20.1.1 -> 23.1.2\n[ba3ec2ce-0e4c-41ef-bdf2-48616378b06b/test]   | [notice] To update, run: pip install --upgrade pip\n[ba3ec2ce-0e4c-41ef-bdf2-48616378b06b/test]   | Obtaining file:///tmp/558156d8-17ed-11ee-8a50-bb14de238602/dchevell-flask-executor\n[ba3ec2ce-0e4c-41ef-bdf2-48616378b06b/test]   |   Installing build dependencies: started\n[ba3ec2ce-0e4c-41ef-bdf2-48616378b06b/test]   |   Installing build dependencies: finished with status 'done'\n[ba3ec2ce-0e4c-41ef-bdf2-48616378b06b/test]   |   Checking if build backend supports build_editable: started\n[ba3ec2ce-0e4c-41ef-bdf2-48616378b06b/test]   |   Checking if build backend supports build_editable: finished with status 'done'\n[ba3ec2ce-0e4c-41ef-bdf2-48616378b06b/test]   |   Getting requirements to build editable: started\n[ba3ec2ce-0e4c-41ef-bdf2-48616378b06b/test]   |   Getting requirements to build editable: finished with status 'done'\n[ba3ec2ce-0e4c-41ef-bdf2-48616378b06b/test]   |   Preparing editable metadata (pyproject.toml): started\n[ba3ec2ce-0e4c-41ef-bdf2-48616378b06b/test]   |   Preparing editable metadata (pyproject.toml): finished with status 'done'\n[ba3ec2ce-0e4c-41ef-bdf2-48616378b06b/test]   | Requirement already satisfied: Flask in /opt/hostedtoolcache/Python/3.7.11/x64/lib/python3.7/site-packages (from Flask-Executor==0.10.0) (2.1.3)\n[ba3ec2ce-0e4c-41ef-bdf2-48616378b06b/test]   | Collecting pytest (from Flask-Executor==0.10.0)\n[ba3ec2ce-0e4c-41ef-bdf2-48616378b06b/test]   |   Downloading pytest-7.4.0-py3-none-any.whl (323 kB)\n[ba3ec2ce-0e4c-41ef-bdf2-48616378b06b/test]   |      \u2501\u2501\u2501\u2501\u2501\u2501\u2501\u2501\u2501\u2501\u2501\u2501\u2501\u2501\u2501\u2501\u2501\u2501\u2501\u2501\u2501\u2501\u2501\u2501\u2501\u2501\u2501\u2501\u2501\u2501\u2501\u2501\u2501\u2501\u2501\u2501\u2501\u2501\u2501 323.6/323.6 kB 9.0 MB/s eta 0:00:00\n[ba3ec2ce-0e4c-41ef-bdf2-48616378b06b/test]   | Collecting pytest-cov (from Flask-Executor==0.10.0)\n[ba3ec2ce-0e4c-41ef-bdf2-48616378b06b/test]   |   Downloading pytest_cov-4.1.0-py3-none-any.whl (21 kB)\n[ba3ec2ce-0e4c-41ef-bdf2-48616378b06b/test]   | Collecting codecov (from Flask-Executor==0.10.0)\n[ba3ec2ce-0e4c-41ef-bdf2-48616378b06b/test]   |   Downloading codecov-2.1.13-py2.py3-none-any.whl (16 kB)\n[ba3ec2ce-0e4c-41ef-bdf2-48616378b06b/test]   | Collecting flask-sqlalchemy (from Flask-Executor==0.10.0)\n[ba3ec2ce-0e4c-41ef-bdf2-48616378b06b/test]   |   Downloading flask_sqlalchemy-3.0.5-py3-none-any.whl (24 kB)\n[ba3ec2ce-0e4c-41ef-bdf2-48616378b06b/test]   | Collecting requests>=2.7.9 (from codecov->Flask-Executor==0.10.0)\n[ba3ec2ce-0e4c-41ef-bdf2-48616378b06b/test]   |   Downloading requests-2.31.0-py3-none-any.whl (62 kB)\n[ba3ec2ce-0e4c-41ef-bdf2-48616378b06b/test]   |      \u2501\u2501\u2501\u2501\u2501\u2501\u2501\u2501\u2501\u2501\u2501\u2501\u2501\u2501\u2501\u2501\u2501\u2501\u2501\u2501\u2501\u2501\u2501\u2501\u2501\u2501\u2501\u2501\u2501\u2501\u2501\u2501\u2501\u2501\u2501\u2501\u2501\u2501\u2501\u2501 62.6/62.6 kB 2.9 MB/s eta 0:00:00\n[ba3ec2ce-0e4c-41ef-bdf2-48616378b06b/test]   | Collecting coverage (from codecov->Flask-Executor==0.10.0)\n[ba3ec2ce-0e4c-41ef-bdf2-48616378b06b/test]   |   Downloading coverage-7.2.7-cp37-cp37m-manylinux_2_5_x86_64.manylinux1_x86_64.manylinux_2_17_x86_64.manylinux2014_x86_64.whl (225 kB)\n[ba3ec2ce-0e4c-41ef-bdf2-48616378b06b/test]   |      \u2501\u2501\u2501\u2501\u2501\u2501\u2501\u2501\u2501\u2501\u2501\u2501\u2501\u2501\u2501\u2501\u2501\u2501\u2501\u2501\u2501\u2501\u2501\u2501\u2501\u2501\u2501\u2501\u2501\u2501\u2501\u2501\u2501\u2501\u2501\u2501\u2501 225.6/225.6 kB 391.5 kB/s eta 0:00:00\n[ba3ec2ce-0e4c-41ef-bdf2-48616378b06b/test]   | Requirement already satisfied: Werkzeug>=2.0 in /opt/hostedtoolcache/Python/3.7.11/x64/lib/python3.7/site-packages (from Flask->Flask-Executor==0.10.0) (2.2.3)\n[ba3ec2ce-0e4c-41ef-bdf2-48616378b06b/test]   | Requirement already satisfied: Jinja2>=3.0 in /opt/hostedtoolcache/Python/3.7.11/x64/lib/python3.7/site-packages (from Flask->Flask-Executor==0.10.0) (3.1.2)\n[ba3ec2ce-0e4c-41ef-bdf2-48616378b06b/test]   | Requirement already satisfied: itsdangerous>=2.0 in /opt/hostedtoolcache/Python/3.7.11/x64/lib/python3.7/site-packages (from Flask->Flask-Executor==0.10.0) (2.1.2)\n[ba3ec2ce-0e4c-41ef-bdf2-48616378b06b/test]   | Requirement already satisfied: click>=8.0 in /opt/hostedtoolcache/Python/3.7.11/x64/lib/python3.7/site-packages (from Flask->Flask-Executor==0.10.0) (8.1.3)\n[ba3ec2ce-0e4c-41ef-bdf2-48616378b06b/test]   | Requirement already satisfied: importlib-metadata>=3.6.0 in /opt/hostedtoolcache/Python/3.7.11/x64/lib/python3.7/site-packages (from Flask->Flask-Executor==0.10.0) (6.7.0)\n[ba3ec2ce-0e4c-41ef-bdf2-48616378b06b/test]   | Collecting Flask (from Flask-Executor==0.10.0)\n[ba3ec2ce-0e4c-41ef-bdf2-48616378b06b/test]   |   Downloading Flask-2.2.5-py3-none-any.whl (101 kB)\n[ba3ec2ce-0e4c-41ef-bdf2-48616378b06b/test]   |      \u2501\u2501\u2501\u2501\u2501\u2501\u2501\u2501\u2501\u2501\u2501\u2501\u2501\u2501\u2501\u2501\u2501\u2501\u2501\u2501\u2501\u2501\u2501\u2501\u2501\u2501\u2501\u2501\u2501\u2501\u2501\u2501\u2501\u2501\u2501\u2501\u2501 101.8/101.8 kB 135.6 kB/s eta 0:00:00\n[ba3ec2ce-0e4c-41ef-bdf2-48616378b06b/test]   | Collecting sqlalchemy>=1.4.18 (from flask-sqlalchemy->Flask-Executor==0.10.0)\n[ba3ec2ce-0e4c-41ef-bdf2-48616378b06b/test]   |   Downloading SQLAlchemy-2.0.17-cp37-cp37m-manylinux_2_17_x86_64.manylinux2014_x86_64.whl (2.7 MB)\n[ba3ec2ce-0e4c-41ef-bdf2-48616378b06b/test]   |      \u2501\u2501\u2501\u2501\u2501\u2501\u2501\u2501\u2501\u2501\u2501\u2501\u2501\u2501\u2501\u2501\u2501\u2501\u2501\u2501\u2501\u2501\u2501\u2501\u2501\u2501\u2501\u2501\u2501\u2501\u2501\u2501\u2501\u2501\u2501\u2501\u2501\u2501\u2501\u2501 2.7/2.7 MB 11.6 MB/s eta 0:00:00\n[ba3ec2ce-0e4c-41ef-bdf2-48616378b06b/test]   | Collecting iniconfig (from pytest->Flask-Executor==0.10.0)\n[ba3ec2ce-0e4c-41ef-bdf2-48616378b06b/test]   |   Downloading iniconfig-2.0.0-py3-none-any.whl (5.9 kB)\n[ba3ec2ce-0e4c-41ef-bdf2-48616378b06b/test]   | Collecting packaging (from pytest->Flask-Executor==0.10.0)\n[ba3ec2ce-0e4c-41ef-bdf2-48616378b06b/test]   |   Downloading packaging-23.1-py3-none-any.whl (48 kB)\n[ba3ec2ce-0e4c-41ef-bdf2-48616378b06b/test]   |      \u2501\u2501\u2501\u2501\u2501\u2501\u2501\u2501\u2501\u2501\u2501\u2501\u2501\u2501\u2501\u2501\u2501\u2501\u2501\u2501\u2501\u2501\u2501\u2501\u2501\u2501\u2501\u2501\u2501\u2501\u2501\u2501\u2501\u2501\u2501\u2501\u2501\u2501\u2501\u2501 48.9/48.9 kB 1.1 MB/s eta 0:00:00\n[ba3ec2ce-0e4c-41ef-bdf2-48616378b06b/test]   | Collecting pluggy<2.0,>=0.12 (from pytest->Flask-Executor==0.10.0)\n[ba3ec2ce-0e4c-41ef-bdf2-48616378b06b/test]   |   Downloading pluggy-1.2.0-py3-none-any.whl (17 kB)\n[ba3ec2ce-0e4c-41ef-bdf2-48616378b06b/test]   | Collecting exceptiongroup>=1.0.0rc8 (from pytest->Flask-Executor==0.10.0)\n[ba3ec2ce-0e4c-41ef-bdf2-48616378b06b/test]   |   Downloading exceptiongroup-1.1.1-py3-none-any.whl (14 kB)\n[ba3ec2ce-0e4c-41ef-bdf2-48616378b06b/test]   | Collecting tomli>=1.0.0 (from pytest->Flask-Executor==0.10.0)\n[ba3ec2ce-0e4c-41ef-bdf2-48616378b06b/test]   |   Downloading tomli-2.0.1-py3-none-any.whl (12 kB)\n[ba3ec2ce-0e4c-41ef-bdf2-48616378b06b/test]   | Requirement already satisfied: zipp>=0.5 in /opt/hostedtoolcache/Python/3.7.11/x64/lib/python3.7/site-packages (from importlib-metadata>=3.6.0->Flask->Flask-Executor==0.10.0) (3.15.0)\n[ba3ec2ce-0e4c-41ef-bdf2-48616378b06b/test]   | Requirement already satisfied: typing-extensions>=3.6.4 in /opt/hostedtoolcache/Python/3.7.11/x64/lib/python3.7/site-packages (from importlib-metadata>=3.6.0->Flask->Flask-Executor==0.10.0) (4.7.0)\n[ba3ec2ce-0e4c-41ef-bdf2-48616378b06b/test]   | Requirement already satisfied: MarkupSafe>=2.0 in /opt/hostedtoolcache/Python/3.7.11/x64/lib/python3.7/site-packages (from Jinja2>=3.0->Flask->Flask-Executor==0.10.0) (2.1.3)\n[ba3ec2ce-0e4c-41ef-bdf2-48616378b06b/test]   | Collecting charset-normalizer<4,>=2 (from requests>=2.7.9->codecov->Flask-Executor==0.10.0)\n[ba3ec2ce-0e4c-41ef-bdf2-48616378b06b/test]   |   Downloading charset_normalizer-3.1.0-cp37-cp37m-manylinux_2_17_x86_64.manylinux2014_x86_64.whl (171 kB)\n[ba3ec2ce-0e4c-41ef-bdf2-48616378b06b/test]   |      \u2501\u2501\u2501\u2501\u2501\u2501\u2501\u2501\u2501\u2501\u2501\u2501\u2501\u2501\u2501\u2501\u2501\u2501\u2501\u2501\u2501\u2501\u2501\u2501\u2501\u2501\u2501\u2501\u2501\u2501\u2501\u2501\u2501\u2501\u2501\u2501\u2501\u2501 171.0/171.0 kB 12.3 MB/s eta 0:00:00\n[ba3ec2ce-0e4c-41ef-bdf2-48616378b06b/test]   | Collecting idna<4,>=2.5 (from requests>=2.7.9->codecov->Flask-Executor==0.10.0)\n[ba3ec2ce-0e4c-41ef-bdf2-48616378b06b/test]   |   Downloading idna-3.4-py3-none-any.whl (61 kB)\n[ba3ec2ce-0e4c-41ef-bdf2-48616378b06b/test]   |      \u2501\u2501\u2501\u2501\u2501\u2501\u2501\u2501\u2501\u2501\u2501\u2501\u2501\u2501\u2501\u2501\u2501\u2501\u2501\u2501\u2501\u2501\u2501\u2501\u2501\u2501\u2501\u2501\u2501\u2501\u2501\u2501\u2501\u2501\u2501\u2501\u2501\u2501\u2501\u2501 61.5/61.5 kB 1.4 MB/s eta 0:00:00\n[ba3ec2ce-0e4c-41ef-bdf2-48616378b06b/test]   | Collecting urllib3<3,>=1.21.1 (from requests>=2.7.9->codecov->Flask-Executor==0.10.0)\n[ba3ec2ce-0e4c-41ef-bdf2-48616378b06b/test]   |   Downloading urllib3-2.0.3-py3-none-any.whl (123 kB)\n[ba3ec2ce-0e4c-41ef-bdf2-48616378b06b/test]   |      \u2501\u2501\u2501\u2501\u2501\u2501\u2501\u2501\u2501\u2501\u2501\u2501\u2501\u2501\u2501\u2501\u2501\u2501\u2501\u2501\u2501\u2501\u2501\u2501\u2501\u2501\u2501\u2501\u2501\u2501\u2501\u2501\u2501\u2501\u2501\u2501\u2501\u2501\u2501 123.6/123.6 kB 2.1 MB/s eta 0:00:00\n[ba3ec2ce-0e4c-41ef-bdf2-48616378b06b/test]   | Collecting certifi>=2017.4.17 (from requests>=2.7.9->codecov->Flask-Executor==0.10.0)\n[ba3ec2ce-0e4c-41ef-bdf2-48616378b06b/test]   |   Downloading certifi-2023.5.7-py3-none-any.whl (156 kB)\n[ba3ec2ce-0e4c-41ef-bdf2-48616378b06b/test]   |      \u2501\u2501\u2501\u2501\u2501\u2501\u2501\u2501\u2501\u2501\u2501\u2501\u2501\u2501\u2501\u2501\u2501\u2501\u2501\u2501\u2501\u2501\u2501\u2501\u2501\u2501\u2501\u2501\u2501\u2501\u2501\u2501\u2501\u2501\u2501\u2501\u2501\u2501\u2501 157.0/157.0 kB 5.4 MB/s eta 0:00:00\n[ba3ec2ce-0e4c-41ef-bdf2-48616378b06b/test]   | Collecting greenlet!=0.4.17 (from sqlalchemy>=1.4.18->flask-sqlalchemy->Flask-Executor==0.10.0)\n[ba3ec2ce-0e4c-41ef-bdf2-48616378b06b/test]   |   Downloading greenlet-2.0.2-cp37-cp37m-manylinux_2_17_x86_64.manylinux2014_x86_64.whl (566 kB)\n[ba3ec2ce-0e4c-41ef-bdf2-48616378b06b/test]   |      \u2501\u2501\u2501\u2501\u2501\u2501\u2501\u2501\u2501\u2501\u2501\u2501\u2501\u2501\u2501\u2501\u2501\u2501\u2501\u2501\u2501\u2501\u2501\u2501\u2501\u2501\u2501\u2501\u2501\u2501\u2501\u2501\u2501\u2501\u2501\u2501\u2501\u2501\u2501 566.1/566.1 kB 6.8 MB/s eta 0:00:00\n[ba3ec2ce-0e4c-41ef-bdf2-48616378b06b/test]   | Building wheels for collected packages: Flask-Executor\n[ba3ec2ce-0e4c-41ef-bdf2-48616378b06b/test]   |   Building editable for Flask-Executor (pyproject.toml): started\n[ba3ec2ce-0e4c-41ef-bdf2-48616378b06b/test]   |   Building editable for Flask-Executor (pyproject.toml): finished with status 'done'\n[ba3ec2ce-0e4c-41ef-bdf2-48616378b06b/test]   |   Created wheel for Flask-Executor: filename=Flask_Executor-0.10.0-0.editable-py3-none-any.whl size=5297 sha256=3f109b979fe0e298ec088c4c1173c99d3f7e30364f0c19ecb312238db811f0ed\n[ba3ec2ce-0e4c-41ef-bdf2-48616378b06b/test]   |   Stored in directory: /tmp/pip-ephem-wheel-cache-8ga9_y9j/wheels/89/0a/13/c9ef2dd37049454a2c1cb3707f0a95d097ae2d133b6dc59f82\n[ba3ec2ce-0e4c-41ef-bdf2-48616378b06b/test]   | Successfully built Flask-Executor\n[ba3ec2ce-0e4c-41ef-bdf2-48616378b06b/test]   | Installing collected packages: urllib3, tomli, packaging, iniconfig, idna, greenlet, exceptiongroup, coverage, charset-normalizer, certifi, sqlalchemy, requests, pluggy, pytest, Flask, codecov, pytest-cov, flask-sqlalchemy, Flask-Executor\n[ba3ec2ce-0e4c-41ef-bdf2-48616378b06b/test]   |   Attempting uninstall: Flask\n[ba3ec2ce-0e4c-41ef-bdf2-48616378b06b/test]   |     Found existing installation: Flask 2.1.3\n[ba3ec2ce-0e4c-41ef-bdf2-48616378b06b/test]   |     Uninstalling Flask-2.1.3:\n[ba3ec2ce-0e4c-41ef-bdf2-48616378b06b/test]   |       Successfully uninstalled Flask-2.1.3\n[ba3ec2ce-0e4c-41ef-bdf2-48616378b06b/test]   | Successfully installed Flask-2.2.5 Flask-Executor-0.10.0 certifi-2023.5.7 charset-normalizer-3.1.0 codecov-2.1.13 coverage-7.2.7 exceptiongroup-1.1.1 flask-sqlalchemy-3.0.5 greenlet-2.0.2 idna-3.4 iniconfig-2.0.0 packaging-23.1 pluggy-1.2.0 pytest-7.4.0 pytest-cov-4.1.0 requests-2.31.0 sqlalchemy-2.0.17 tomli-2.0.1 urllib3-2.0.3\n[ba3ec2ce-0e4c-41ef-bdf2-48616378b06b/test]   | \n[ba3ec2ce-0e4c-41ef-bdf2-48616378b06b/test]   | [notice] A new release of pip is available: 20.1.1 -> 23.1.2\n[ba3ec2ce-0e4c-41ef-bdf2-48616378b06b/test]   | [notice] To update, run: pip install --upgrade pip\n[ba3ec2ce-0e4c-41ef-bdf2-48616378b06b/test]   \u2705  Success - Main Install dependencies\n[ba3ec2ce-0e4c-41ef-bdf2-48616378b06b/test] \u2b50 Run Main Test with pytest\n[ba3ec2ce-0e4c-41ef-bdf2-48616378b06b/test]   \ud83d\udc33  docker exec cmd=[bash --noprofile --norc -e -o pipefail /var/run/act/workflow/3] user= workdir=\n[ba3ec2ce-0e4c-41ef-bdf2-48616378b06b/test]   | ============================= test session starts ==============================\n[ba3ec2ce-0e4c-41ef-bdf2-48616378b06b/test]   | platform linux -- Python 3.7.11, pytest-7.4.0, pluggy-1.2.0\n[ba3ec2ce-0e4c-41ef-bdf2-48616378b06b/test]   | rootdir: /tmp/558156d8-17ed-11ee-8a50-bb14de238602/dchevell-flask-executor\n[ba3ec2ce-0e4c-41ef-bdf2-48616378b06b/test]   | plugins: cov-4.1.0\n[ba3ec2ce-0e4c-41ef-bdf2-48616378b06b/test]   | collected 51 items\n[ba3ec2ce-0e4c-41ef-bdf2-48616378b06b/test]   | \n[ba3ec2ce-0e4c-41ef-bdf2-48616378b06b/test]   | tests/test_executor.py ...........................................F      [ 86%]\n[ba3ec2ce-0e4c-41ef-bdf2-48616378b06b/test]   | tests/test_futures.py .......                                            [100%]\n[ba3ec2ce-0e4c-41ef-bdf2-48616378b06b/test]   | \n[ba3ec2ce-0e4c-41ef-bdf2-48616378b06b/test]   | =================================== FAILURES ===================================\n[ba3ec2ce-0e4c-41ef-bdf2-48616378b06b/test]   | _______________________________ test_sqlalchemy ________________________________\n[ba3ec2ce-0e4c-41ef-bdf2-48616378b06b/test]   | \n[ba3ec2ce-0e4c-41ef-bdf2-48616378b06b/test]   | default_app = <Flask 'tests.conftest'>\n[ba3ec2ce-0e4c-41ef-bdf2-48616378b06b/test]   | caplog = <_pytest.logging.LogCaptureFixture object at 0x7f38efa27c10>\n[ba3ec2ce-0e4c-41ef-bdf2-48616378b06b/test]   | \n[ba3ec2ce-0e4c-41ef-bdf2-48616378b06b/test]   |     @pytest.mark.skipif(flask_sqlalchemy is None, reason=\"flask_sqlalchemy not installed\")\n[ba3ec2ce-0e4c-41ef-bdf2-48616378b06b/test]   |     def test_sqlalchemy(default_app, caplog):\n[ba3ec2ce-0e4c-41ef-bdf2-48616378b06b/test]   |         default_app.config['SQLALCHEMY_ENGINE_OPTIONS'] = {'echo_pool': 'debug', 'echo': 'debug'}\n[ba3ec2ce-0e4c-41ef-bdf2-48616378b06b/test]   |         default_app.config['SQLALCHEMY_DATABASE_URI'] = 'sqlite:///:memory:'\n[ba3ec2ce-0e4c-41ef-bdf2-48616378b06b/test]   |         default_app.config['SQLALCHEMY_TRACK_MODIFICATIONS'] = False\n[ba3ec2ce-0e4c-41ef-bdf2-48616378b06b/test]   |         default_app.config['EXECUTOR_PUSH_APP_CONTEXT'] = True\n[ba3ec2ce-0e4c-41ef-bdf2-48616378b06b/test]   |         default_app.config['EXECUTOR_MAX_WORKERS'] = 1\n[ba3ec2ce-0e4c-41ef-bdf2-48616378b06b/test]   |         db = flask_sqlalchemy.SQLAlchemy(default_app)\n[ba3ec2ce-0e4c-41ef-bdf2-48616378b06b/test]   |     \n[ba3ec2ce-0e4c-41ef-bdf2-48616378b06b/test]   |         def test_db():\n[ba3ec2ce-0e4c-41ef-bdf2-48616378b06b/test]   |             return list(db.session.execute('select 1'))\n[ba3ec2ce-0e4c-41ef-bdf2-48616378b06b/test]   |     \n[ba3ec2ce-0e4c-41ef-bdf2-48616378b06b/test]   |         executor = Executor(default_app)\n[ba3ec2ce-0e4c-41ef-bdf2-48616378b06b/test]   |         with default_app.test_request_context():\n[ba3ec2ce-0e4c-41ef-bdf2-48616378b06b/test]   |             for i in range(2):\n[ba3ec2ce-0e4c-41ef-bdf2-48616378b06b/test]   |                 with caplog.at_level('DEBUG'):\n[ba3ec2ce-0e4c-41ef-bdf2-48616378b06b/test]   |                     caplog.clear()\n[ba3ec2ce-0e4c-41ef-bdf2-48616378b06b/test]   |                     future = executor.submit(test_db)\n[ba3ec2ce-0e4c-41ef-bdf2-48616378b06b/test]   |                     concurrent.futures.wait([future])\n[ba3ec2ce-0e4c-41ef-bdf2-48616378b06b/test]   | >                   future.result()\n[ba3ec2ce-0e4c-41ef-bdf2-48616378b06b/test]   | \n[ba3ec2ce-0e4c-41ef-bdf2-48616378b06b/test]   | tests/test_executor.py:374: \n[ba3ec2ce-0e4c-41ef-bdf2-48616378b06b/test]   | _ _ _ _ _ _ _ _ _ _ _ _ _ _ _ _ _ _ _ _ _ _ _ _ _ _ _ _ _ _ _ _ _ _ _ _ _ _ _ _ \n[ba3ec2ce-0e4c-41ef-bdf2-48616378b06b/test]   | /opt/hostedtoolcache/Python/3.7.11/x64/lib/python3.7/concurrent/futures/_base.py:428: in result\n[ba3ec2ce-0e4c-41ef-bdf2-48616378b06b/test]   |     return self.__get_result()\n[ba3ec2ce-0e4c-41ef-bdf2-48616378b06b/test]   | /opt/hostedtoolcache/Python/3.7.11/x64/lib/python3.7/concurrent/futures/_base.py:384: in __get_result\n[ba3ec2ce-0e4c-41ef-bdf2-48616378b06b/test]   |     raise self._exception\n[ba3ec2ce-0e4c-41ef-bdf2-48616378b06b/test]   | /opt/hostedtoolcache/Python/3.7.11/x64/lib/python3.7/concurrent/futures/thread.py:57: in run\n[ba3ec2ce-0e4c-41ef-bdf2-48616378b06b/test]   |     result = self.fn(*self.args, **self.kwargs)\n[ba3ec2ce-0e4c-41ef-bdf2-48616378b06b/test]   | flask_executor/executor.py:29: in wrapper\n[ba3ec2ce-0e4c-41ef-bdf2-48616378b06b/test]   |     return fn(*args, **kwargs)\n[ba3ec2ce-0e4c-41ef-bdf2-48616378b06b/test]   | /opt/hostedtoolcache/Python/3.7.11/x64/lib/python3.7/site-packages/flask/ctx.py:182: in wrapper\n[ba3ec2ce-0e4c-41ef-bdf2-48616378b06b/test]   |     return ctx.app.ensure_sync(f)(*args, **kwargs)\n[ba3ec2ce-0e4c-41ef-bdf2-48616378b06b/test]   | tests/test_executor.py:365: in test_db\n[ba3ec2ce-0e4c-41ef-bdf2-48616378b06b/test]   |     return list(db.session.execute('select 1'))\n[ba3ec2ce-0e4c-41ef-bdf2-48616378b06b/test]   | /opt/hostedtoolcache/Python/3.7.11/x64/lib/python3.7/site-packages/sqlalchemy/orm/scoping.py:729: in execute\n[ba3ec2ce-0e4c-41ef-bdf2-48616378b06b/test]   |     _add_event=_add_event,\n[ba3ec2ce-0e4c-41ef-bdf2-48616378b06b/test]   | /opt/hostedtoolcache/Python/3.7.11/x64/lib/python3.7/site-packages/sqlalchemy/orm/session.py:2252: in execute\n[ba3ec2ce-0e4c-41ef-bdf2-48616378b06b/test]   |     _add_event=_add_event,\n[ba3ec2ce-0e4c-41ef-bdf2-48616378b06b/test]   | /opt/hostedtoolcache/Python/3.7.11/x64/lib/python3.7/site-packages/sqlalchemy/orm/session.py:2039: in _execute_internal\n[ba3ec2ce-0e4c-41ef-bdf2-48616378b06b/test]   |     statement = coercions.expect(roles.StatementRole, statement)\n[ba3ec2ce-0e4c-41ef-bdf2-48616378b06b/test]   | /opt/hostedtoolcache/Python/3.7.11/x64/lib/python3.7/site-packages/sqlalchemy/sql/coercions.py:414: in expect\n[ba3ec2ce-0e4c-41ef-bdf2-48616378b06b/test]   |     element, argname=argname, **kw\n[ba3ec2ce-0e4c-41ef-bdf2-48616378b06b/test]   | /opt/hostedtoolcache/Python/3.7.11/x64/lib/python3.7/site-packages/sqlalchemy/sql/coercions.py:638: in _literal_coercion\n[ba3ec2ce-0e4c-41ef-bdf2-48616378b06b/test]   |     return self._text_coercion(element, argname, **kw)\n[ba3ec2ce-0e4c-41ef-bdf2-48616378b06b/test]   | /opt/hostedtoolcache/Python/3.7.11/x64/lib/python3.7/site-packages/sqlalchemy/sql/coercions.py:631: in _text_coercion\n[ba3ec2ce-0e4c-41ef-bdf2-48616378b06b/test]   |     return _no_text_coercion(element, argname)\n[ba3ec2ce-0e4c-41ef-bdf2-48616378b06b/test]   | _ _ _ _ _ _ _ _ _ _ _ _ _ _ _ _ _ _ _ _ _ _ _ _ _ _ _ _ _ _ _ _ _ _ _ _ _ _ _ _ \n[ba3ec2ce-0e4c-41ef-bdf2-48616378b06b/test]   | \n[ba3ec2ce-0e4c-41ef-bdf2-48616378b06b/test]   | element = 'select 1', argname = None\n[ba3ec2ce-0e4c-41ef-bdf2-48616378b06b/test]   | exc_cls = <class 'sqlalchemy.exc.ArgumentError'>, extra = None, err = None\n[ba3ec2ce-0e4c-41ef-bdf2-48616378b06b/test]   | \n[ba3ec2ce-0e4c-41ef-bdf2-48616378b06b/test]   |     def _no_text_coercion(\n[ba3ec2ce-0e4c-41ef-bdf2-48616378b06b/test]   |         element: Any,\n[ba3ec2ce-0e4c-41ef-bdf2-48616378b06b/test]   |         argname: Optional[str] = None,\n[ba3ec2ce-0e4c-41ef-bdf2-48616378b06b/test]   |         exc_cls: Type[exc.SQLAlchemyError] = exc.ArgumentError,\n[ba3ec2ce-0e4c-41ef-bdf2-48616378b06b/test]   |         extra: Optional[str] = None,\n[ba3ec2ce-0e4c-41ef-bdf2-48616378b06b/test]   |         err: Optional[Exception] = None,\n[ba3ec2ce-0e4c-41ef-bdf2-48616378b06b/test]   |     ) -> NoReturn:\n[ba3ec2ce-0e4c-41ef-bdf2-48616378b06b/test]   |         raise exc_cls(\n[ba3ec2ce-0e4c-41ef-bdf2-48616378b06b/test]   |             \"%(extra)sTextual SQL expression %(expr)r %(argname)sshould be \"\n[ba3ec2ce-0e4c-41ef-bdf2-48616378b06b/test]   |             \"explicitly declared as text(%(expr)r)\"\n[ba3ec2ce-0e4c-41ef-bdf2-48616378b06b/test]   |             % {\n[ba3ec2ce-0e4c-41ef-bdf2-48616378b06b/test]   |                 \"expr\": util.ellipses_string(element),\n[ba3ec2ce-0e4c-41ef-bdf2-48616378b06b/test]   |                 \"argname\": \"for argument %s\" % (argname,) if argname else \"\",\n[ba3ec2ce-0e4c-41ef-bdf2-48616378b06b/test]   |                 \"extra\": \"%s \" % extra if extra else \"\",\n[ba3ec2ce-0e4c-41ef-bdf2-48616378b06b/test]   |             }\n[ba3ec2ce-0e4c-41ef-bdf2-48616378b06b/test]   | >       ) from err\n[ba3ec2ce-0e4c-41ef-bdf2-48616378b06b/test]   | E       sqlalchemy.exc.ArgumentError: Textual SQL expression 'select 1' should be explicitly declared as text('select 1')\n[ba3ec2ce-0e4c-41ef-bdf2-48616378b06b/test]   | \n[ba3ec2ce-0e4c-41ef-bdf2-48616378b06b/test]   | /opt/hostedtoolcache/Python/3.7.11/x64/lib/python3.7/site-packages/sqlalchemy/sql/coercions.py:609: ArgumentError\n[ba3ec2ce-0e4c-41ef-bdf2-48616378b06b/test]   | - generated xml file: /tmp/558156d8-17ed-11ee-8a50-bb14de238602/dchevell-flask-executor/report.xml -\n[ba3ec2ce-0e4c-41ef-bdf2-48616378b06b/test]   | \n[ba3ec2ce-0e4c-41ef-bdf2-48616378b06b/test]   | ---------- coverage: platform linux, python 3.7.11-final-0 -----------\n[ba3ec2ce-0e4c-41ef-bdf2-48616378b06b/test]   | Coverage XML written to file coverage.xml\n[ba3ec2ce-0e4c-41ef-bdf2-48616378b06b/test]   | \n[ba3ec2ce-0e4c-41ef-bdf2-48616378b06b/test]   | =========================== short test summary info ============================\n[ba3ec2ce-0e4c-41ef-bdf2-48616378b06b/test]   | FAILED tests/test_executor.py::test_sqlalchemy - sqlalchemy.exc.ArgumentError: Textual SQL expression 'select 1' should be explicitly declared as text('select 1')\n[ba3ec2ce-0e4c-41ef-bdf2-48616378b06b/test]   | ======================== 1 failed, 50 passed in 35.86s =========================\n[ba3ec2ce-0e4c-41ef-bdf2-48616378b06b/test]   \u274c  Failure - Main Test with pytest\n[ba3ec2ce-0e4c-41ef-bdf2-48616378b06b/test] exitcode '1': failure\n[ba3ec2ce-0e4c-41ef-bdf2-48616378b06b/test] \ud83c\udfc1  Job failed\n",
        "stderr": "Error: Job 'test' failed\n",
        "workflow": {
            "path": "/tmp/558156d8-17ed-11ee-8a50-bb14de238602/dchevell-flask-executor/.github/workflows/tests-crawler.yml",
            "type": "pytest"
        },
        "workflow_name": "ba3ec2ce-0e4c-41ef-bdf2-48616378b06b",
        "build_tool": "pytest",
        "elapsed_time": 213.34112572669983
    }
}