{
    "repository": "eggachecat/jycm",
    "stars": 58,
    "language": "python",
    "size": 2388,
    "clone_url": "https://github.com/eggachecat/jycm.git",
    "timestamp": "2023-06-28T17:06:43.732524Z",
    "clone_success": true,
    "number_of_actions": 1,
    "number_of_test_actions": 1,
    "actions_successful": false,
    "actions_build_tools": [
        "pytest"
    ],
    "actions_test_build_tools": [
        "pytest"
    ],
    "actions_run": {
        "failed": true,
        "tests": [
            {
                "classname": "tests.test_helper",
                "name": "test_html_dump",
                "time": 0.004,
                "results": [
                    {
                        "result": "Passed",
                        "message": "",
                        "type": ""
                    }
                ],
                "stdout": null,
                "stderr": null
            },
            {
                "classname": "tests.test_jycm",
                "name": "test_only_primitive",
                "time": 0.003,
                "results": [
                    {
                        "result": "Passed",
                        "message": "",
                        "type": ""
                    }
                ],
                "stdout": null,
                "stderr": null
            },
            {
                "classname": "tests.test_jycm",
                "name": "test_with_different_types",
                "time": 0.001,
                "results": [
                    {
                        "result": "Passed",
                        "message": "",
                        "type": ""
                    }
                ],
                "stdout": null,
                "stderr": null
            },
            {
                "classname": "tests.test_jycm",
                "name": "test_with_list_1",
                "time": 0.001,
                "results": [
                    {
                        "result": "Passed",
                        "message": "",
                        "type": ""
                    }
                ],
                "stdout": null,
                "stderr": null
            },
            {
                "classname": "tests.test_jycm",
                "name": "test_with_list_2",
                "time": 0.004,
                "results": [
                    {
                        "result": "Passed",
                        "message": "",
                        "type": ""
                    }
                ],
                "stdout": null,
                "stderr": null
            },
            {
                "classname": "tests.test_jycm",
                "name": "test_with_list_3",
                "time": 0.002,
                "results": [
                    {
                        "result": "Passed",
                        "message": "",
                        "type": ""
                    }
                ],
                "stdout": null,
                "stderr": null
            },
            {
                "classname": "tests.test_jycm",
                "name": "test_with_list_4",
                "time": 0.01,
                "results": [
                    {
                        "result": "Passed",
                        "message": "",
                        "type": ""
                    }
                ],
                "stdout": null,
                "stderr": null
            },
            {
                "classname": "tests.test_jycm",
                "name": "test_with_list_without_order",
                "time": 0.002,
                "results": [
                    {
                        "result": "Passed",
                        "message": "",
                        "type": ""
                    }
                ],
                "stdout": null,
                "stderr": null
            },
            {
                "classname": "tests.test_jycm",
                "name": "test_with_list_without_order_2",
                "time": 0.001,
                "results": [
                    {
                        "result": "Passed",
                        "message": "",
                        "type": ""
                    }
                ],
                "stdout": null,
                "stderr": null
            },
            {
                "classname": "tests.test_jycm",
                "name": "test_with_list_without_order_with_matching_field",
                "time": 0.003,
                "results": [
                    {
                        "result": "Passed",
                        "message": "",
                        "type": ""
                    }
                ],
                "stdout": null,
                "stderr": null
            },
            {
                "classname": "tests.test_jycm",
                "name": "test_matching_with_list",
                "time": 0.002,
                "results": [
                    {
                        "result": "Passed",
                        "message": "",
                        "type": ""
                    }
                ],
                "stdout": null,
                "stderr": null
            },
            {
                "classname": "tests.test_jycm",
                "name": "test_set_in_set",
                "time": 0.003,
                "results": [
                    {
                        "result": "Passed",
                        "message": "",
                        "type": ""
                    }
                ],
                "stdout": null,
                "stderr": null
            },
            {
                "classname": "tests.test_jycm",
                "name": "test_fuzzy_matching_in_set",
                "time": 0.02,
                "results": [
                    {
                        "result": "Passed",
                        "message": "",
                        "type": ""
                    }
                ],
                "stdout": null,
                "stderr": null
            },
            {
                "classname": "tests.test_jycm",
                "name": "test_fuzzy_matching_in_set_2",
                "time": 0.005,
                "results": [
                    {
                        "result": "Passed",
                        "message": "",
                        "type": ""
                    }
                ],
                "stdout": null,
                "stderr": null
            },
            {
                "classname": "tests.test_jycm",
                "name": "test_different_types_list",
                "time": 0.003,
                "results": [
                    {
                        "result": "Passed",
                        "message": "",
                        "type": ""
                    }
                ],
                "stdout": null,
                "stderr": null
            },
            {
                "classname": "tests.test_jycm",
                "name": "test_set_in_set_2",
                "time": 0.003,
                "results": [
                    {
                        "result": "Passed",
                        "message": "",
                        "type": ""
                    }
                ],
                "stdout": null,
                "stderr": null
            },
            {
                "classname": "tests.test_jycm",
                "name": "test_report",
                "time": 0.003,
                "results": [
                    {
                        "result": "Passed",
                        "message": "",
                        "type": ""
                    }
                ],
                "stdout": null,
                "stderr": null
            },
            {
                "classname": "tests.test_jycm",
                "name": "test_compare_list_with_order_fast",
                "time": 0.002,
                "results": [
                    {
                        "result": "Passed",
                        "message": "",
                        "type": ""
                    }
                ],
                "stdout": null,
                "stderr": null
            },
            {
                "classname": "tests.test_main",
                "name": "test_main_1",
                "time": 0.018,
                "results": [
                    {
                        "result": "Passed",
                        "message": "",
                        "type": ""
                    }
                ],
                "stdout": null,
                "stderr": null
            },
            {
                "classname": "tests.test_main",
                "name": "test_main_2",
                "time": 0.032,
                "results": [
                    {
                        "result": "Passed",
                        "message": "",
                        "type": ""
                    }
                ],
                "stdout": null,
                "stderr": null
            },
            {
                "classname": "tests.test_operator",
                "name": "test_operator_expect_change",
                "time": 0.002,
                "results": [
                    {
                        "result": "Passed",
                        "message": "",
                        "type": ""
                    }
                ],
                "stdout": null,
                "stderr": null
            },
            {
                "classname": "tests.test_operator",
                "name": "test_operator_expect_exist",
                "time": 0.002,
                "results": [
                    {
                        "result": "Passed",
                        "message": "",
                        "type": ""
                    }
                ],
                "stdout": null,
                "stderr": null
            },
            {
                "classname": "tests.test_operator",
                "name": "test_operator_float_in_range",
                "time": 0.001,
                "results": [
                    {
                        "result": "Passed",
                        "message": "",
                        "type": ""
                    }
                ],
                "stdout": null,
                "stderr": null
            },
            {
                "classname": "tests.test_operator",
                "name": "test_operator_custom",
                "time": 0.001,
                "results": [
                    {
                        "result": "Passed",
                        "message": "",
                        "type": ""
                    }
                ],
                "stdout": null,
                "stderr": null
            },
            {
                "classname": "tests.test_operator",
                "name": "test_array",
                "time": 0.001,
                "results": [
                    {
                        "result": "Passed",
                        "message": "",
                        "type": ""
                    }
                ],
                "stdout": null,
                "stderr": null
            }
        ],
        "stdout": "[607a8e71-be03-4c5d-a820-e0af474ceb3d/build] \ud83d\ude80  Start image=crawlergpt:latest\n[607a8e71-be03-4c5d-a820-e0af474ceb3d/build]   \ud83d\udc33  docker pull image=crawlergpt:latest platform= username= forcePull=false\n[607a8e71-be03-4c5d-a820-e0af474ceb3d/build]   \ud83d\udc33  docker create image=crawlergpt:latest platform= entrypoint=[\"tail\" \"-f\" \"/dev/null\"] cmd=[]\n[607a8e71-be03-4c5d-a820-e0af474ceb3d/build]   \ud83d\udc33  docker run image=crawlergpt:latest platform= entrypoint=[\"tail\" \"-f\" \"/dev/null\"] cmd=[]\n[607a8e71-be03-4c5d-a820-e0af474ceb3d/build]   \ud83d\udc33  docker exec cmd=[chown -R 1012:1013 /tmp/ad9c0f7e-1596-11ee-8a50-bb14de238602/eggachecat-jycm] user=0 workdir=\n[607a8e71-be03-4c5d-a820-e0af474ceb3d/build]   \u2601  git clone 'https://github.com/actions/setup-python' # ref=v2\n[607a8e71-be03-4c5d-a820-e0af474ceb3d/build] \ud83e\uddea  Matrix: map[python-version:3.6]\n[607a8e71-be03-4c5d-a820-e0af474ceb3d/build] \u2b50 Run Main actions/checkout@v2\n[607a8e71-be03-4c5d-a820-e0af474ceb3d/build]   \u2705  Success - Main actions/checkout@v2\n[607a8e71-be03-4c5d-a820-e0af474ceb3d/build] \u2b50 Run Main Set up Python 3.6\n[607a8e71-be03-4c5d-a820-e0af474ceb3d/build]   \ud83d\udc33  docker cp src=/tmp/act-cache/ccc46387-b425-44ad-9873-3a99a49bb926/act/actions-setup-python@v2/ dst=/var/run/act/actions/actions-setup-python@v2/\n[607a8e71-be03-4c5d-a820-e0af474ceb3d/build]   \ud83d\udc33  docker exec cmd=[chown -R 1012:1013 /var/run/act/actions/actions-setup-python@v2/] user=0 workdir=\n[607a8e71-be03-4c5d-a820-e0af474ceb3d/build]   \ud83d\udc33  docker exec cmd=[node /var/run/act/actions/actions-setup-python@v2/dist/setup/index.js] user= workdir=\n[607a8e71-be03-4c5d-a820-e0af474ceb3d/build]   \ud83d\udcac  ::debug::Semantic version spec of 3.6 is 3.6\n[607a8e71-be03-4c5d-a820-e0af474ceb3d/build]   \ud83d\udcac  ::debug::isExplicit: \n[607a8e71-be03-4c5d-a820-e0af474ceb3d/build]   \ud83d\udcac  ::debug::explicit? false\n[607a8e71-be03-4c5d-a820-e0af474ceb3d/build]   \ud83d\udcac  ::debug::isExplicit: 2.7.18\n[607a8e71-be03-4c5d-a820-e0af474ceb3d/build]   \ud83d\udcac  ::debug::explicit? true\n[607a8e71-be03-4c5d-a820-e0af474ceb3d/build]   \ud83d\udcac  ::debug::isExplicit: 3.5.10\n[607a8e71-be03-4c5d-a820-e0af474ceb3d/build]   \ud83d\udcac  ::debug::explicit? true\n[607a8e71-be03-4c5d-a820-e0af474ceb3d/build]   \ud83d\udcac  ::debug::isExplicit: 3.6.14\n[607a8e71-be03-4c5d-a820-e0af474ceb3d/build]   \ud83d\udcac  ::debug::explicit? true\n[607a8e71-be03-4c5d-a820-e0af474ceb3d/build]   \ud83d\udcac  ::debug::isExplicit: 3.7.11\n[607a8e71-be03-4c5d-a820-e0af474ceb3d/build]   \ud83d\udcac  ::debug::explicit? true\n[607a8e71-be03-4c5d-a820-e0af474ceb3d/build]   \ud83d\udcac  ::debug::isExplicit: 3.8.11\n[607a8e71-be03-4c5d-a820-e0af474ceb3d/build]   \ud83d\udcac  ::debug::explicit? true\n[607a8e71-be03-4c5d-a820-e0af474ceb3d/build]   \ud83d\udcac  ::debug::isExplicit: 3.9.6\n[607a8e71-be03-4c5d-a820-e0af474ceb3d/build]   \ud83d\udcac  ::debug::explicit? true\n[607a8e71-be03-4c5d-a820-e0af474ceb3d/build]   \ud83d\udcac  ::debug::evaluating 6 versions\n[607a8e71-be03-4c5d-a820-e0af474ceb3d/build]   \ud83d\udcac  ::debug::matched: 3.6.14\n[607a8e71-be03-4c5d-a820-e0af474ceb3d/build]   \ud83d\udcac  ::debug::checking cache: /opt/hostedtoolcache/Python/3.6.14/x64\n[607a8e71-be03-4c5d-a820-e0af474ceb3d/build]   \ud83d\udcac  ::debug::Found tool in cache Python 3.6.14 x64\n[607a8e71-be03-4c5d-a820-e0af474ceb3d/build]   | Successfully setup CPython (3.6.14)\n[607a8e71-be03-4c5d-a820-e0af474ceb3d/build]   \u2753 add-matcher /run/act/actions/actions-setup-python@v2/.github/python.json\n[607a8e71-be03-4c5d-a820-e0af474ceb3d/build]   \u2705  Success - Main Set up Python 3.6\n[607a8e71-be03-4c5d-a820-e0af474ceb3d/build]   \u2699  ::set-env:: pythonLocation=/opt/hostedtoolcache/Python/3.6.14/x64\n[607a8e71-be03-4c5d-a820-e0af474ceb3d/build]   \u2699  ::set-env:: LD_LIBRARY_PATH=/opt/hostedtoolcache/Python/3.6.14/x64/lib\n[607a8e71-be03-4c5d-a820-e0af474ceb3d/build]   \u2699  ::set-output:: python-version=3.6.14\n[607a8e71-be03-4c5d-a820-e0af474ceb3d/build]   \u2699  ::add-path:: /opt/hostedtoolcache/Python/3.6.14/x64\n[607a8e71-be03-4c5d-a820-e0af474ceb3d/build]   \u2699  ::add-path:: /opt/hostedtoolcache/Python/3.6.14/x64/bin\n[607a8e71-be03-4c5d-a820-e0af474ceb3d/build] \u2b50 Run Main Install dependencies\n[607a8e71-be03-4c5d-a820-e0af474ceb3d/build]   \ud83d\udc33  docker exec cmd=[bash --noprofile --norc -e -o pipefail /var/run/act/workflow/2] user= workdir=\n[607a8e71-be03-4c5d-a820-e0af474ceb3d/build]   | Requirement already satisfied: pip in /opt/hostedtoolcache/Python/3.6.14/x64/lib/python3.6/site-packages (21.2.4)\n[607a8e71-be03-4c5d-a820-e0af474ceb3d/build]   | Collecting pip\n[607a8e71-be03-4c5d-a820-e0af474ceb3d/build]   |   Downloading pip-21.3.1-py3-none-any.whl (1.7 MB)\n[607a8e71-be03-4c5d-a820-e0af474ceb3d/build]   | Installing collected packages: pip\n[607a8e71-be03-4c5d-a820-e0af474ceb3d/build]   |   Attempting uninstall: pip\n[607a8e71-be03-4c5d-a820-e0af474ceb3d/build]   |     Found existing installation: pip 21.2.4\n[607a8e71-be03-4c5d-a820-e0af474ceb3d/build]   |     Uninstalling pip-21.2.4:\n[607a8e71-be03-4c5d-a820-e0af474ceb3d/build]   |       Successfully uninstalled pip-21.2.4\n[607a8e71-be03-4c5d-a820-e0af474ceb3d/build]   | Successfully installed pip-21.3.1\n[607a8e71-be03-4c5d-a820-e0af474ceb3d/build]   | Collecting six<2.0.0,>=1.11.0\n[607a8e71-be03-4c5d-a820-e0af474ceb3d/build]   |   Downloading six-1.16.0-py2.py3-none-any.whl (11 kB)\n[607a8e71-be03-4c5d-a820-e0af474ceb3d/build]   | Collecting numpy\n[607a8e71-be03-4c5d-a820-e0af474ceb3d/build]   |   Downloading numpy-1.19.5-cp36-cp36m-manylinux2010_x86_64.whl (14.8 MB)\n[607a8e71-be03-4c5d-a820-e0af474ceb3d/build]   | Collecting click>=8.0.0\n[607a8e71-be03-4c5d-a820-e0af474ceb3d/build]   |   Downloading click-8.0.4-py3-none-any.whl (97 kB)\n[607a8e71-be03-4c5d-a820-e0af474ceb3d/build]   | Collecting flake8>=5.0.0\n[607a8e71-be03-4c5d-a820-e0af474ceb3d/build]   |   Downloading flake8-5.0.4-py2.py3-none-any.whl (61 kB)\n[607a8e71-be03-4c5d-a820-e0af474ceb3d/build]   | Collecting mypy>=0.620\n[607a8e71-be03-4c5d-a820-e0af474ceb3d/build]   |   Downloading mypy-0.971-cp36-cp36m-manylinux_2_5_x86_64.manylinux1_x86_64.manylinux_2_12_x86_64.manylinux2010_x86_64.whl (14.9 MB)\n[607a8e71-be03-4c5d-a820-e0af474ceb3d/build]   | Collecting tox<4.0.0,>=3.0.0\n[607a8e71-be03-4c5d-a820-e0af474ceb3d/build]   |   Downloading tox-3.28.0-py2.py3-none-any.whl (86 kB)\n[607a8e71-be03-4c5d-a820-e0af474ceb3d/build]   | Collecting isort<5.0.0,>=4.0.0\n[607a8e71-be03-4c5d-a820-e0af474ceb3d/build]   |   Downloading isort-4.3.21-py2.py3-none-any.whl (42 kB)\n[607a8e71-be03-4c5d-a820-e0af474ceb3d/build]   | Collecting pytest<5.0.0,>=4.0.0\n[607a8e71-be03-4c5d-a820-e0af474ceb3d/build]   |   Downloading pytest-4.6.11-py2.py3-none-any.whl (231 kB)\n[607a8e71-be03-4c5d-a820-e0af474ceb3d/build]   | Collecting pytest-cov==2.12.1\n[607a8e71-be03-4c5d-a820-e0af474ceb3d/build]   |   Downloading pytest_cov-2.12.1-py2.py3-none-any.whl (20 kB)\n[607a8e71-be03-4c5d-a820-e0af474ceb3d/build]   | Collecting coverage>=5.2.1\n[607a8e71-be03-4c5d-a820-e0af474ceb3d/build]   |   Downloading coverage-6.2-cp36-cp36m-manylinux_2_5_x86_64.manylinux1_x86_64.manylinux_2_12_x86_64.manylinux2010_x86_64.whl (212 kB)\n[607a8e71-be03-4c5d-a820-e0af474ceb3d/build]   | Collecting toml\n[607a8e71-be03-4c5d-a820-e0af474ceb3d/build]   |   Downloading toml-0.10.2-py2.py3-none-any.whl (16 kB)\n[607a8e71-be03-4c5d-a820-e0af474ceb3d/build]   | Collecting importlib-metadata\n[607a8e71-be03-4c5d-a820-e0af474ceb3d/build]   |   Downloading importlib_metadata-4.8.3-py3-none-any.whl (17 kB)\n[607a8e71-be03-4c5d-a820-e0af474ceb3d/build]   |   Downloading importlib_metadata-4.2.0-py3-none-any.whl (16 kB)\n[607a8e71-be03-4c5d-a820-e0af474ceb3d/build]   | Collecting pycodestyle<2.10.0,>=2.9.0\n[607a8e71-be03-4c5d-a820-e0af474ceb3d/build]   |   Downloading pycodestyle-2.9.1-py2.py3-none-any.whl (41 kB)\n[607a8e71-be03-4c5d-a820-e0af474ceb3d/build]   | Collecting pyflakes<2.6.0,>=2.5.0\n[607a8e71-be03-4c5d-a820-e0af474ceb3d/build]   |   Downloading pyflakes-2.5.0-py2.py3-none-any.whl (66 kB)\n[607a8e71-be03-4c5d-a820-e0af474ceb3d/build]   | Collecting mccabe<0.8.0,>=0.7.0\n[607a8e71-be03-4c5d-a820-e0af474ceb3d/build]   |   Downloading mccabe-0.7.0-py2.py3-none-any.whl (7.3 kB)\n[607a8e71-be03-4c5d-a820-e0af474ceb3d/build]   | Collecting mypy-extensions>=0.4.3\n[607a8e71-be03-4c5d-a820-e0af474ceb3d/build]   |   Downloading mypy_extensions-1.0.0-py3-none-any.whl (4.7 kB)\n[607a8e71-be03-4c5d-a820-e0af474ceb3d/build]   | Collecting typed-ast<2,>=1.4.0\n[607a8e71-be03-4c5d-a820-e0af474ceb3d/build]   |   Downloading typed_ast-1.5.4-cp36-cp36m-manylinux_2_5_x86_64.manylinux1_x86_64.manylinux_2_12_x86_64.manylinux2010_x86_64.whl (831 kB)\n[607a8e71-be03-4c5d-a820-e0af474ceb3d/build]   | Collecting tomli>=1.1.0\n[607a8e71-be03-4c5d-a820-e0af474ceb3d/build]   |   Downloading tomli-1.2.3-py3-none-any.whl (12 kB)\n[607a8e71-be03-4c5d-a820-e0af474ceb3d/build]   | Collecting typing-extensions>=3.10\n[607a8e71-be03-4c5d-a820-e0af474ceb3d/build]   |   Downloading typing_extensions-4.1.1-py3-none-any.whl (26 kB)\n[607a8e71-be03-4c5d-a820-e0af474ceb3d/build]   | Collecting filelock>=3.0.0\n[607a8e71-be03-4c5d-a820-e0af474ceb3d/build]   |   Downloading filelock-3.4.1-py3-none-any.whl (9.9 kB)\n[607a8e71-be03-4c5d-a820-e0af474ceb3d/build]   | Collecting virtualenv!=20.0.0,!=20.0.1,!=20.0.2,!=20.0.3,!=20.0.4,!=20.0.5,!=20.0.6,!=20.0.7,>=16.0.0\n[607a8e71-be03-4c5d-a820-e0af474ceb3d/build]   |   Downloading virtualenv-20.17.1-py3-none-any.whl (8.8 MB)\n[607a8e71-be03-4c5d-a820-e0af474ceb3d/build]   | Collecting pluggy>=0.12.0\n[607a8e71-be03-4c5d-a820-e0af474ceb3d/build]   |   Downloading pluggy-1.0.0-py2.py3-none-any.whl (13 kB)\n[607a8e71-be03-4c5d-a820-e0af474ceb3d/build]   | Collecting py>=1.4.17\n[607a8e71-be03-4c5d-a820-e0af474ceb3d/build]   |   Downloading py-1.11.0-py2.py3-none-any.whl (98 kB)\n[607a8e71-be03-4c5d-a820-e0af474ceb3d/build]   | Collecting packaging>=14\n[607a8e71-be03-4c5d-a820-e0af474ceb3d/build]   |   Downloading packaging-21.3-py3-none-any.whl (40 kB)\n[607a8e71-be03-4c5d-a820-e0af474ceb3d/build]   | Collecting attrs>=17.4.0\n[607a8e71-be03-4c5d-a820-e0af474ceb3d/build]   |   Downloading attrs-22.2.0-py3-none-any.whl (60 kB)\n[607a8e71-be03-4c5d-a820-e0af474ceb3d/build]   | Collecting wcwidth\n[607a8e71-be03-4c5d-a820-e0af474ceb3d/build]   |   Downloading wcwidth-0.2.6-py2.py3-none-any.whl (29 kB)\n[607a8e71-be03-4c5d-a820-e0af474ceb3d/build]   | Collecting more-itertools>=4.0.0\n[607a8e71-be03-4c5d-a820-e0af474ceb3d/build]   |   Downloading more_itertools-8.14.0-py3-none-any.whl (52 kB)\n[607a8e71-be03-4c5d-a820-e0af474ceb3d/build]   | Collecting pluggy>=0.12.0\n[607a8e71-be03-4c5d-a820-e0af474ceb3d/build]   |   Downloading pluggy-0.13.1-py2.py3-none-any.whl (18 kB)\n[607a8e71-be03-4c5d-a820-e0af474ceb3d/build]   | Collecting atomicwrites>=1.0\n[607a8e71-be03-4c5d-a820-e0af474ceb3d/build]   |   Downloading atomicwrites-1.4.1.tar.gz (14 kB)\n[607a8e71-be03-4c5d-a820-e0af474ceb3d/build]   |   Preparing metadata (setup.py): started\n[607a8e71-be03-4c5d-a820-e0af474ceb3d/build]   |   Preparing metadata (setup.py): finished with status 'done'\n[607a8e71-be03-4c5d-a820-e0af474ceb3d/build]   | Collecting zipp>=0.5\n[607a8e71-be03-4c5d-a820-e0af474ceb3d/build]   |   Downloading zipp-3.6.0-py3-none-any.whl (5.3 kB)\n[607a8e71-be03-4c5d-a820-e0af474ceb3d/build]   | Collecting pyparsing!=3.0.5,>=2.0.2\n[607a8e71-be03-4c5d-a820-e0af474ceb3d/build]   |   Downloading pyparsing-3.1.0-py3-none-any.whl (102 kB)\n[607a8e71-be03-4c5d-a820-e0af474ceb3d/build]   | Collecting distlib<1,>=0.3.6\n[607a8e71-be03-4c5d-a820-e0af474ceb3d/build]   |   Downloading distlib-0.3.6-py2.py3-none-any.whl (468 kB)\n[607a8e71-be03-4c5d-a820-e0af474ceb3d/build]   | Collecting virtualenv!=20.0.0,!=20.0.1,!=20.0.2,!=20.0.3,!=20.0.4,!=20.0.5,!=20.0.6,!=20.0.7,>=16.0.0\n[607a8e71-be03-4c5d-a820-e0af474ceb3d/build]   |   Downloading virtualenv-20.17.0-py3-none-any.whl (8.8 MB)\n[607a8e71-be03-4c5d-a820-e0af474ceb3d/build]   |   Downloading virtualenv-20.16.7-py3-none-any.whl (8.8 MB)\n[607a8e71-be03-4c5d-a820-e0af474ceb3d/build]   |   Downloading virtualenv-20.16.6-py3-none-any.whl (8.8 MB)\n[607a8e71-be03-4c5d-a820-e0af474ceb3d/build]   |   Downloading virtualenv-20.16.5-py3-none-any.whl (8.8 MB)\n[607a8e71-be03-4c5d-a820-e0af474ceb3d/build]   |   Downloading virtualenv-20.16.4-py3-none-any.whl (8.8 MB)\n[607a8e71-be03-4c5d-a820-e0af474ceb3d/build]   |   Downloading virtualenv-20.16.3-py2.py3-none-any.whl (8.8 MB)\n[607a8e71-be03-4c5d-a820-e0af474ceb3d/build]   |   Downloading virtualenv-20.16.2-py2.py3-none-any.whl (8.8 MB)\n[607a8e71-be03-4c5d-a820-e0af474ceb3d/build]   | Collecting platformdirs<3,>=2\n[607a8e71-be03-4c5d-a820-e0af474ceb3d/build]   |   Downloading platformdirs-2.4.0-py3-none-any.whl (14 kB)\n[607a8e71-be03-4c5d-a820-e0af474ceb3d/build]   | Collecting importlib-resources>=1.0\n[607a8e71-be03-4c5d-a820-e0af474ceb3d/build]   |   Downloading importlib_resources-5.4.0-py3-none-any.whl (28 kB)\n[607a8e71-be03-4c5d-a820-e0af474ceb3d/build]   | Using legacy 'setup.py install' for atomicwrites, since package 'wheel' is not installed.\n[607a8e71-be03-4c5d-a820-e0af474ceb3d/build]   | Installing collected packages: zipp, typing-extensions, pyparsing, importlib-metadata, wcwidth, six, py, pluggy, platformdirs, packaging, more-itertools, importlib-resources, filelock, distlib, attrs, atomicwrites, virtualenv, typed-ast, tomli, toml, pytest, pyflakes, pycodestyle, mypy-extensions, mccabe, coverage, tox, pytest-cov, numpy, mypy, isort, flake8, click\n[607a8e71-be03-4c5d-a820-e0af474ceb3d/build]   |     Running setup.py install for atomicwrites: started\n[607a8e71-be03-4c5d-a820-e0af474ceb3d/build]   |     Running setup.py install for atomicwrites: finished with status 'done'\n[607a8e71-be03-4c5d-a820-e0af474ceb3d/build]   | Successfully installed atomicwrites-1.4.1 attrs-22.2.0 click-8.0.4 coverage-6.2 distlib-0.3.6 filelock-3.4.1 flake8-5.0.4 importlib-metadata-4.2.0 importlib-resources-5.4.0 isort-4.3.21 mccabe-0.7.0 more-itertools-8.14.0 mypy-0.971 mypy-extensions-1.0.0 numpy-1.19.5 packaging-21.3 platformdirs-2.4.0 pluggy-0.13.1 py-1.11.0 pycodestyle-2.9.1 pyflakes-2.5.0 pyparsing-3.1.0 pytest-4.6.11 pytest-cov-2.12.1 six-1.16.0 toml-0.10.2 tomli-1.2.3 tox-3.28.0 typed-ast-1.5.4 typing-extensions-4.1.1 virtualenv-20.16.2 wcwidth-0.2.6 zipp-3.6.0\n[607a8e71-be03-4c5d-a820-e0af474ceb3d/build]   | Collecting coveralls\n[607a8e71-be03-4c5d-a820-e0af474ceb3d/build]   |   Downloading coveralls-3.3.1-py2.py3-none-any.whl (14 kB)\n[607a8e71-be03-4c5d-a820-e0af474ceb3d/build]   | Collecting requests>=1.0.0\n[607a8e71-be03-4c5d-a820-e0af474ceb3d/build]   |   Downloading requests-2.27.1-py2.py3-none-any.whl (63 kB)\n[607a8e71-be03-4c5d-a820-e0af474ceb3d/build]   | Collecting docopt>=0.6.1\n[607a8e71-be03-4c5d-a820-e0af474ceb3d/build]   |   Downloading docopt-0.6.2.tar.gz (25 kB)\n[607a8e71-be03-4c5d-a820-e0af474ceb3d/build]   |   Preparing metadata (setup.py): started\n[607a8e71-be03-4c5d-a820-e0af474ceb3d/build]   |   Preparing metadata (setup.py): finished with status 'done'\n[607a8e71-be03-4c5d-a820-e0af474ceb3d/build]   | Requirement already satisfied: coverage!=6.0.*,!=6.1,!=6.1.1,<7.0,>=4.1 in /opt/hostedtoolcache/Python/3.6.14/x64/lib/python3.6/site-packages (from coveralls) (6.2)\n[607a8e71-be03-4c5d-a820-e0af474ceb3d/build]   | Collecting charset-normalizer~=2.0.0\n[607a8e71-be03-4c5d-a820-e0af474ceb3d/build]   |   Downloading charset_normalizer-2.0.12-py3-none-any.whl (39 kB)\n[607a8e71-be03-4c5d-a820-e0af474ceb3d/build]   | Collecting idna<4,>=2.5\n[607a8e71-be03-4c5d-a820-e0af474ceb3d/build]   |   Downloading idna-3.4-py3-none-any.whl (61 kB)\n[607a8e71-be03-4c5d-a820-e0af474ceb3d/build]   | Collecting urllib3<1.27,>=1.21.1\n[607a8e71-be03-4c5d-a820-e0af474ceb3d/build]   |   Downloading urllib3-1.26.16-py2.py3-none-any.whl (143 kB)\n[607a8e71-be03-4c5d-a820-e0af474ceb3d/build]   | Collecting certifi>=2017.4.17\n[607a8e71-be03-4c5d-a820-e0af474ceb3d/build]   |   Downloading certifi-2023.5.7-py3-none-any.whl (156 kB)\n[607a8e71-be03-4c5d-a820-e0af474ceb3d/build]   | Using legacy 'setup.py install' for docopt, since package 'wheel' is not installed.\n[607a8e71-be03-4c5d-a820-e0af474ceb3d/build]   | Installing collected packages: urllib3, idna, charset-normalizer, certifi, requests, docopt, coveralls\n[607a8e71-be03-4c5d-a820-e0af474ceb3d/build]   |     Running setup.py install for docopt: started\n[607a8e71-be03-4c5d-a820-e0af474ceb3d/build]   |     Running setup.py install for docopt: finished with status 'done'\n[607a8e71-be03-4c5d-a820-e0af474ceb3d/build]   | Successfully installed certifi-2023.5.7 charset-normalizer-2.0.12 coveralls-3.3.1 docopt-0.6.2 idna-3.4 requests-2.27.1 urllib3-1.26.16\n[607a8e71-be03-4c5d-a820-e0af474ceb3d/build]   \u2705  Success - Main Install dependencies\n[607a8e71-be03-4c5d-a820-e0af474ceb3d/build] \u2b50 Run Main Lint\n[607a8e71-be03-4c5d-a820-e0af474ceb3d/build]   \ud83d\udc33  docker exec cmd=[bash --noprofile --norc -e -o pipefail /var/run/act/workflow/3] user= workdir=\n[607a8e71-be03-4c5d-a820-e0af474ceb3d/build]   \u2705  Success - Main Lint\n[607a8e71-be03-4c5d-a820-e0af474ceb3d/build] \u2b50 Run Main Test with pytest\n[607a8e71-be03-4c5d-a820-e0af474ceb3d/build]   \ud83d\udc33  docker exec cmd=[bash --noprofile --norc -e -o pipefail /var/run/act/workflow/4] user= workdir=\n[607a8e71-be03-4c5d-a820-e0af474ceb3d/build]   | ============================= test session starts ==============================\n[607a8e71-be03-4c5d-a820-e0af474ceb3d/build]   | platform linux -- Python 3.6.14, pytest-4.6.11, py-1.11.0, pluggy-0.13.1\n[607a8e71-be03-4c5d-a820-e0af474ceb3d/build]   | rootdir: /tmp/ad9c0f7e-1596-11ee-8a50-bb14de238602/eggachecat-jycm\n[607a8e71-be03-4c5d-a820-e0af474ceb3d/build]   | plugins: cov-2.12.1\n[607a8e71-be03-4c5d-a820-e0af474ceb3d/build]   | collected 25 items\n[607a8e71-be03-4c5d-a820-e0af474ceb3d/build]   | \n[607a8e71-be03-4c5d-a820-e0af474ceb3d/build]   | tests/test_helper.py .                                                   [  4%]\n[607a8e71-be03-4c5d-a820-e0af474ceb3d/build]   | tests/test_jycm.py .................                                     [ 72%]\n[607a8e71-be03-4c5d-a820-e0af474ceb3d/build]   | tests/test_main.py ..                                                    [ 80%]\n[607a8e71-be03-4c5d-a820-e0af474ceb3d/build]   | tests/test_operator.py .....                                             [100%]\n[607a8e71-be03-4c5d-a820-e0af474ceb3d/build]   | \n[607a8e71-be03-4c5d-a820-e0af474ceb3d/build]   | - generated xml file: /tmp/ad9c0f7e-1596-11ee-8a50-bb14de238602/eggachecat-jycm/report.xml -\n[607a8e71-be03-4c5d-a820-e0af474ceb3d/build]   | \n[607a8e71-be03-4c5d-a820-e0af474ceb3d/build]   | ---------- coverage: platform linux, python 3.6.14-final-0 -----------\n[607a8e71-be03-4c5d-a820-e0af474ceb3d/build]   | Name                  Stmts   Miss  Cover   Missing\n[607a8e71-be03-4c5d-a820-e0af474ceb3d/build]   | ---------------------------------------------------\n[607a8e71-be03-4c5d-a820-e0af474ceb3d/build]   | jycm/__version__.py       2      0   100%\n[607a8e71-be03-4c5d-a820-e0af474ceb3d/build]   | jycm/common.py            7      0   100%\n[607a8e71-be03-4c5d-a820-e0af474ceb3d/build]   | jycm/helper.py           28      1    96%   8\n[607a8e71-be03-4c5d-a820-e0af474ceb3d/build]   | jycm/jycm.py            365     27    93%   154-155, 509, 543, 546, 554, 602, 607, 613, 687, 711, 748, 781, 868-871, 892, 896, 900-901, 904-907, 927-928\n[607a8e71-be03-4c5d-a820-e0af474ceb3d/build]   | ---------------------------------------------------\n[607a8e71-be03-4c5d-a820-e0af474ceb3d/build]   | TOTAL                   402     28    93%\n[607a8e71-be03-4c5d-a820-e0af474ceb3d/build]   | \n[607a8e71-be03-4c5d-a820-e0af474ceb3d/build]   | ========================== 25 passed in 0.96 seconds ===========================\n[607a8e71-be03-4c5d-a820-e0af474ceb3d/build]   \u2705  Success - Main Test with pytest\n[607a8e71-be03-4c5d-a820-e0af474ceb3d/build] \u2b50 Run Main Coveralls\n[607a8e71-be03-4c5d-a820-e0af474ceb3d/build]   \ud83d\udc33  docker exec cmd=[bash --noprofile --norc -e -o pipefail /var/run/act/workflow/5] user= workdir=\n[607a8e71-be03-4c5d-a820-e0af474ceb3d/build]   | Submitting coverage to coveralls.io...\n[607a8e71-be03-4c5d-a820-e0af474ceb3d/build]   | resubmitting with id None\n[607a8e71-be03-4c5d-a820-e0af474ceb3d/build]   | Could not submit coverage: 422 Client Error: Unprocessable Entity for url: https://coveralls.io/api/v1/jobs\n[607a8e71-be03-4c5d-a820-e0af474ceb3d/build]   | Traceback (most recent call last):\n[607a8e71-be03-4c5d-a820-e0af474ceb3d/build]   |   File \"/opt/hostedtoolcache/Python/3.6.14/x64/lib/python3.6/site-packages/coveralls/api.py\", line 290, in submit_report\n[607a8e71-be03-4c5d-a820-e0af474ceb3d/build]   |     response.raise_for_status()\n[607a8e71-be03-4c5d-a820-e0af474ceb3d/build]   |   File \"/opt/hostedtoolcache/Python/3.6.14/x64/lib/python3.6/site-packages/requests/models.py\", line 960, in raise_for_status\n[607a8e71-be03-4c5d-a820-e0af474ceb3d/build]   |     raise HTTPError(http_error_msg, response=self)\n[607a8e71-be03-4c5d-a820-e0af474ceb3d/build]   | requests.exceptions.HTTPError: 422 Client Error: Unprocessable Entity for url: https://coveralls.io/api/v1/jobs\n[607a8e71-be03-4c5d-a820-e0af474ceb3d/build]   | \n[607a8e71-be03-4c5d-a820-e0af474ceb3d/build]   | The above exception was the direct cause of the following exception:\n[607a8e71-be03-4c5d-a820-e0af474ceb3d/build]   | \n[607a8e71-be03-4c5d-a820-e0af474ceb3d/build]   | Traceback (most recent call last):\n[607a8e71-be03-4c5d-a820-e0af474ceb3d/build]   |   File \"/opt/hostedtoolcache/Python/3.6.14/x64/lib/python3.6/site-packages/coveralls/cli.py\", line 95, in main\n[607a8e71-be03-4c5d-a820-e0af474ceb3d/build]   |     result = coverallz.wear()\n[607a8e71-be03-4c5d-a820-e0af474ceb3d/build]   |   File \"/opt/hostedtoolcache/Python/3.6.14/x64/lib/python3.6/site-packages/coveralls/api.py\", line 257, in wear\n[607a8e71-be03-4c5d-a820-e0af474ceb3d/build]   |     return self.submit_report(json_string)\n[607a8e71-be03-4c5d-a820-e0af474ceb3d/build]   |   File \"/opt/hostedtoolcache/Python/3.6.14/x64/lib/python3.6/site-packages/coveralls/api.py\", line 294, in submit_report\n[607a8e71-be03-4c5d-a820-e0af474ceb3d/build]   |     'Could not submit coverage: {}'.format(e)) from e\n[607a8e71-be03-4c5d-a820-e0af474ceb3d/build]   | coveralls.exception.CoverallsException: Could not submit coverage: 422 Client Error: Unprocessable Entity for url: https://coveralls.io/api/v1/jobs\n[607a8e71-be03-4c5d-a820-e0af474ceb3d/build]   \u274c  Failure - Main Coveralls\n[607a8e71-be03-4c5d-a820-e0af474ceb3d/build] exitcode '1': failure\n[607a8e71-be03-4c5d-a820-e0af474ceb3d/build] \ud83c\udfc1  Job failed\n",
        "stderr": "Error: Job 'build' failed\n",
        "workflow": "/tmp/ad9c0f7e-1596-11ee-8a50-bb14de238602/eggachecat-jycm/.github/workflows/on-push-crawler.yml",
        "build_tool": "pytest",
        "elapsed_time": 213.39998507499695
    }
}