{
    "repository": "epi052/recon-pipeline",
    "stars": 393,
    "language": "python",
    "size": 63776,
    "clone_url": "https://github.com/epi052/recon-pipeline.git",
    "timestamp": "2023-06-28T14:17:29.333349Z",
    "clone_success": true,
    "number_of_actions": 1,
    "number_of_test_actions": 1,
    "actions_successful": false,
    "actions_build_tools": [
        "pytest"
    ],
    "actions_test_build_tools": [
        "pytest"
    ],
    "actions_run": {
        "failed": true,
        "tests": [],
        "stdout": "[ff3e1bae-71fc-49d5-b76b-636575a3a6b7/test-unmocked-tool-installs] \ud83d\ude80  Start image=crawlergpt:latest\n[ff3e1bae-71fc-49d5-b76b-636575a3a6b7/test-web                   ] \ud83d\ude80  Start image=crawlergpt:latest\n[ff3e1bae-71fc-49d5-b76b-636575a3a6b7/lint                       ] \ud83d\ude80  Start image=crawlergpt:latest\n[ff3e1bae-71fc-49d5-b76b-636575a3a6b7/test-recon                 ] \ud83d\ude80  Start image=crawlergpt:latest\n[ff3e1bae-71fc-49d5-b76b-636575a3a6b7/test-models                ] \ud83d\ude80  Start image=crawlergpt:latest\n[ff3e1bae-71fc-49d5-b76b-636575a3a6b7/test-shell                 ] \ud83d\ude80  Start image=crawlergpt:latest\n[ff3e1bae-71fc-49d5-b76b-636575a3a6b7/test-models                ]   \ud83d\udc33  docker pull image=crawlergpt:latest platform= username= forcePull=false\n[ff3e1bae-71fc-49d5-b76b-636575a3a6b7/test-web                   ]   \ud83d\udc33  docker pull image=crawlergpt:latest platform= username= forcePull=false\n[ff3e1bae-71fc-49d5-b76b-636575a3a6b7/lint                       ]   \ud83d\udc33  docker pull image=crawlergpt:latest platform= username= forcePull=false\n[ff3e1bae-71fc-49d5-b76b-636575a3a6b7/test-unmocked-tool-installs]   \ud83d\udc33  docker pull image=crawlergpt:latest platform= username= forcePull=false\n[ff3e1bae-71fc-49d5-b76b-636575a3a6b7/test-recon                 ]   \ud83d\udc33  docker pull image=crawlergpt:latest platform= username= forcePull=false\n[ff3e1bae-71fc-49d5-b76b-636575a3a6b7/test-shell                 ]   \ud83d\udc33  docker pull image=crawlergpt:latest platform= username= forcePull=false\n[ff3e1bae-71fc-49d5-b76b-636575a3a6b7/test-models                ]   \ud83d\udc33  docker create image=crawlergpt:latest platform= entrypoint=[\"tail\" \"-f\" \"/dev/null\"] cmd=[]\n[ff3e1bae-71fc-49d5-b76b-636575a3a6b7/test-web                   ]   \ud83d\udc33  docker create image=crawlergpt:latest platform= entrypoint=[\"tail\" \"-f\" \"/dev/null\"] cmd=[]\n[ff3e1bae-71fc-49d5-b76b-636575a3a6b7/test-shell                 ]   \ud83d\udc33  docker create image=crawlergpt:latest platform= entrypoint=[\"tail\" \"-f\" \"/dev/null\"] cmd=[]\n[ff3e1bae-71fc-49d5-b76b-636575a3a6b7/lint                       ]   \ud83d\udc33  docker create image=crawlergpt:latest platform= entrypoint=[\"tail\" \"-f\" \"/dev/null\"] cmd=[]\n[ff3e1bae-71fc-49d5-b76b-636575a3a6b7/test-unmocked-tool-installs]   \ud83d\udc33  docker create image=crawlergpt:latest platform= entrypoint=[\"tail\" \"-f\" \"/dev/null\"] cmd=[]\n[ff3e1bae-71fc-49d5-b76b-636575a3a6b7/test-recon                 ]   \ud83d\udc33  docker create image=crawlergpt:latest platform= entrypoint=[\"tail\" \"-f\" \"/dev/null\"] cmd=[]\n[ff3e1bae-71fc-49d5-b76b-636575a3a6b7/test-recon                 ]   \ud83d\udc33  docker run image=crawlergpt:latest platform= entrypoint=[\"tail\" \"-f\" \"/dev/null\"] cmd=[]\n[ff3e1bae-71fc-49d5-b76b-636575a3a6b7/test-shell                 ]   \ud83d\udc33  docker run image=crawlergpt:latest platform= entrypoint=[\"tail\" \"-f\" \"/dev/null\"] cmd=[]\n[ff3e1bae-71fc-49d5-b76b-636575a3a6b7/test-unmocked-tool-installs]   \ud83d\udc33  docker run image=crawlergpt:latest platform= entrypoint=[\"tail\" \"-f\" \"/dev/null\"] cmd=[]\n[ff3e1bae-71fc-49d5-b76b-636575a3a6b7/test-web                   ]   \ud83d\udc33  docker run image=crawlergpt:latest platform= entrypoint=[\"tail\" \"-f\" \"/dev/null\"] cmd=[]\n[ff3e1bae-71fc-49d5-b76b-636575a3a6b7/lint                       ]   \ud83d\udc33  docker run image=crawlergpt:latest platform= entrypoint=[\"tail\" \"-f\" \"/dev/null\"] cmd=[]\n[ff3e1bae-71fc-49d5-b76b-636575a3a6b7/test-models                ]   \ud83d\udc33  docker run image=crawlergpt:latest platform= entrypoint=[\"tail\" \"-f\" \"/dev/null\"] cmd=[]\n[ff3e1bae-71fc-49d5-b76b-636575a3a6b7/test-models                ]   \ud83d\udc33  docker exec cmd=[chown -R 1012:1013 /tmp/ad9c0f7e-1596-11ee-8a50-bb14de238602/epi052-recon-pipeline] user=0 workdir=\n[ff3e1bae-71fc-49d5-b76b-636575a3a6b7/test-web                   ]   \ud83d\udc33  docker exec cmd=[chown -R 1012:1013 /tmp/ad9c0f7e-1596-11ee-8a50-bb14de238602/epi052-recon-pipeline] user=0 workdir=\n[ff3e1bae-71fc-49d5-b76b-636575a3a6b7/lint                       ]   \ud83d\udc33  docker exec cmd=[chown -R 1012:1013 /tmp/ad9c0f7e-1596-11ee-8a50-bb14de238602/epi052-recon-pipeline] user=0 workdir=\n[ff3e1bae-71fc-49d5-b76b-636575a3a6b7/test-shell                 ]   \ud83d\udc33  docker exec cmd=[chown -R 1012:1013 /tmp/ad9c0f7e-1596-11ee-8a50-bb14de238602/epi052-recon-pipeline] user=0 workdir=\n[ff3e1bae-71fc-49d5-b76b-636575a3a6b7/test-unmocked-tool-installs]   \ud83d\udc33  docker exec cmd=[chown -R 1012:1013 /tmp/ad9c0f7e-1596-11ee-8a50-bb14de238602/epi052-recon-pipeline] user=0 workdir=\n[ff3e1bae-71fc-49d5-b76b-636575a3a6b7/test-recon                 ]   \ud83d\udc33  docker exec cmd=[chown -R 1012:1013 /tmp/ad9c0f7e-1596-11ee-8a50-bb14de238602/epi052-recon-pipeline] user=0 workdir=\n[ff3e1bae-71fc-49d5-b76b-636575a3a6b7/lint                       ]   \u2601  git clone 'https://github.com/actions/setup-python' # ref=v1\n[ff3e1bae-71fc-49d5-b76b-636575a3a6b7/test-shell                 ]   \u2601  git clone 'https://github.com/actions/setup-python' # ref=v1\n[ff3e1bae-71fc-49d5-b76b-636575a3a6b7/test-web                   ]   \u2601  git clone 'https://github.com/actions/setup-python' # ref=v1\n[ff3e1bae-71fc-49d5-b76b-636575a3a6b7/test-models                ]   \u2601  git clone 'https://github.com/actions/setup-python' # ref=v1\n[ff3e1bae-71fc-49d5-b76b-636575a3a6b7/test-recon                 ]   \u2601  git clone 'https://github.com/actions/setup-python' # ref=v1\n[ff3e1bae-71fc-49d5-b76b-636575a3a6b7/test-unmocked-tool-installs]   \u2601  git clone 'https://github.com/actions/setup-python' # ref=v1\n[ff3e1bae-71fc-49d5-b76b-636575a3a6b7/lint                       ] \u2b50 Run Main actions/checkout@v1\n[ff3e1bae-71fc-49d5-b76b-636575a3a6b7/lint                       ]   \u2705  Success - Main actions/checkout@v1\n[ff3e1bae-71fc-49d5-b76b-636575a3a6b7/lint                       ] \u2b50 Run Main Set up Python 3.7\n[ff3e1bae-71fc-49d5-b76b-636575a3a6b7/test-shell                 ] \u2b50 Run Main actions/checkout@v1\n[ff3e1bae-71fc-49d5-b76b-636575a3a6b7/test-shell                 ]   \u2705  Success - Main actions/checkout@v1\n[ff3e1bae-71fc-49d5-b76b-636575a3a6b7/lint                       ]   \ud83d\udc33  docker cp src=/tmp/act-cache/1f438bd6-0471-49d3-8ecf-ee70150fd7f1/act/actions-setup-python@v1/ dst=/var/run/act/actions/actions-setup-python@v1/\n[ff3e1bae-71fc-49d5-b76b-636575a3a6b7/test-web                   ] \u2b50 Run Main actions/checkout@v1\n[ff3e1bae-71fc-49d5-b76b-636575a3a6b7/lint                       ]   \ud83d\udc33  docker exec cmd=[chown -R 1012:1013 /var/run/act/actions/actions-setup-python@v1/] user=0 workdir=\n[ff3e1bae-71fc-49d5-b76b-636575a3a6b7/test-shell                 ] \u2b50 Run Main Set up Python 3.7\n[ff3e1bae-71fc-49d5-b76b-636575a3a6b7/test-web                   ]   \u2705  Success - Main actions/checkout@v1\n[ff3e1bae-71fc-49d5-b76b-636575a3a6b7/test-shell                 ]   \ud83d\udc33  docker cp src=/tmp/act-cache/1f438bd6-0471-49d3-8ecf-ee70150fd7f1/act/actions-setup-python@v1/ dst=/var/run/act/actions/actions-setup-python@v1/\n[ff3e1bae-71fc-49d5-b76b-636575a3a6b7/test-models                ] \u2b50 Run Main actions/checkout@v1\n[ff3e1bae-71fc-49d5-b76b-636575a3a6b7/test-web                   ] \u2b50 Run Main Set up Python 3.7\n[ff3e1bae-71fc-49d5-b76b-636575a3a6b7/test-shell                 ]   \ud83d\udc33  docker exec cmd=[chown -R 1012:1013 /var/run/act/actions/actions-setup-python@v1/] user=0 workdir=\n[ff3e1bae-71fc-49d5-b76b-636575a3a6b7/test-models                ]   \u2705  Success - Main actions/checkout@v1\n[ff3e1bae-71fc-49d5-b76b-636575a3a6b7/test-web                   ]   \ud83d\udc33  docker cp src=/tmp/act-cache/1f438bd6-0471-49d3-8ecf-ee70150fd7f1/act/actions-setup-python@v1/ dst=/var/run/act/actions/actions-setup-python@v1/\n[ff3e1bae-71fc-49d5-b76b-636575a3a6b7/test-recon                 ] \u2b50 Run Main actions/checkout@v1\n[ff3e1bae-71fc-49d5-b76b-636575a3a6b7/test-web                   ]   \ud83d\udc33  docker exec cmd=[chown -R 1012:1013 /var/run/act/actions/actions-setup-python@v1/] user=0 workdir=\n[ff3e1bae-71fc-49d5-b76b-636575a3a6b7/test-models                ] \u2b50 Run Main Set up Python 3.7\n[ff3e1bae-71fc-49d5-b76b-636575a3a6b7/test-recon                 ]   \u2705  Success - Main actions/checkout@v1\n[ff3e1bae-71fc-49d5-b76b-636575a3a6b7/test-models                ]   \ud83d\udc33  docker cp src=/tmp/act-cache/1f438bd6-0471-49d3-8ecf-ee70150fd7f1/act/actions-setup-python@v1/ dst=/var/run/act/actions/actions-setup-python@v1/\n[ff3e1bae-71fc-49d5-b76b-636575a3a6b7/test-unmocked-tool-installs] \u2b50 Run Main actions/checkout@v1\n[ff3e1bae-71fc-49d5-b76b-636575a3a6b7/test-recon                 ] \u2b50 Run Main Set up Python 3.7\n[ff3e1bae-71fc-49d5-b76b-636575a3a6b7/test-models                ]   \ud83d\udc33  docker exec cmd=[chown -R 1012:1013 /var/run/act/actions/actions-setup-python@v1/] user=0 workdir=\n[ff3e1bae-71fc-49d5-b76b-636575a3a6b7/test-unmocked-tool-installs]   \u2705  Success - Main actions/checkout@v1\n[ff3e1bae-71fc-49d5-b76b-636575a3a6b7/test-recon                 ]   \ud83d\udc33  docker cp src=/tmp/act-cache/1f438bd6-0471-49d3-8ecf-ee70150fd7f1/act/actions-setup-python@v1/ dst=/var/run/act/actions/actions-setup-python@v1/\n[ff3e1bae-71fc-49d5-b76b-636575a3a6b7/test-unmocked-tool-installs] \u2b50 Run Main Set up Python 3.7\n[ff3e1bae-71fc-49d5-b76b-636575a3a6b7/test-recon                 ]   \ud83d\udc33  docker exec cmd=[chown -R 1012:1013 /var/run/act/actions/actions-setup-python@v1/] user=0 workdir=\n[ff3e1bae-71fc-49d5-b76b-636575a3a6b7/test-unmocked-tool-installs]   \ud83d\udc33  docker cp src=/tmp/act-cache/1f438bd6-0471-49d3-8ecf-ee70150fd7f1/act/actions-setup-python@v1/ dst=/var/run/act/actions/actions-setup-python@v1/\n[ff3e1bae-71fc-49d5-b76b-636575a3a6b7/test-unmocked-tool-installs]   \ud83d\udc33  docker exec cmd=[chown -R 1012:1013 /var/run/act/actions/actions-setup-python@v1/] user=0 workdir=\n[ff3e1bae-71fc-49d5-b76b-636575a3a6b7/lint                       ]   \ud83d\udc33  docker exec cmd=[node /var/run/act/actions/actions-setup-python@v1/dist/index.js] user= workdir=\n[ff3e1bae-71fc-49d5-b76b-636575a3a6b7/test-unmocked-tool-installs]   \ud83d\udc33  docker exec cmd=[node /var/run/act/actions/actions-setup-python@v1/dist/index.js] user= workdir=\n[ff3e1bae-71fc-49d5-b76b-636575a3a6b7/test-recon                 ]   \ud83d\udc33  docker exec cmd=[node /var/run/act/actions/actions-setup-python@v1/dist/index.js] user= workdir=\n[ff3e1bae-71fc-49d5-b76b-636575a3a6b7/test-models                ]   \ud83d\udc33  docker exec cmd=[node /var/run/act/actions/actions-setup-python@v1/dist/index.js] user= workdir=\n[ff3e1bae-71fc-49d5-b76b-636575a3a6b7/test-shell                 ]   \ud83d\udc33  docker exec cmd=[node /var/run/act/actions/actions-setup-python@v1/dist/index.js] user= workdir=\n[ff3e1bae-71fc-49d5-b76b-636575a3a6b7/test-web                   ]   \ud83d\udc33  docker exec cmd=[node /var/run/act/actions/actions-setup-python@v1/dist/index.js] user= workdir=\n[ff3e1bae-71fc-49d5-b76b-636575a3a6b7/test-recon                 ]   \ud83d\udcac  ::debug::Semantic version spec of 3.7 is 3.7\n[ff3e1bae-71fc-49d5-b76b-636575a3a6b7/test-shell                 ]   \ud83d\udcac  ::debug::Semantic version spec of 3.7 is 3.7\n[ff3e1bae-71fc-49d5-b76b-636575a3a6b7/test-recon                 ]   \ud83d\udcac  ::debug::isExplicit: \n[ff3e1bae-71fc-49d5-b76b-636575a3a6b7/test-shell                 ]   \ud83d\udcac  ::debug::isExplicit: \n[ff3e1bae-71fc-49d5-b76b-636575a3a6b7/test-recon                 ]   \ud83d\udcac  ::debug::explicit? false\n[ff3e1bae-71fc-49d5-b76b-636575a3a6b7/test-shell                 ]   \ud83d\udcac  ::debug::explicit? false\n[ff3e1bae-71fc-49d5-b76b-636575a3a6b7/test-recon                 ]   \ud83d\udcac  ::debug::isExplicit: 2.7.18\n[ff3e1bae-71fc-49d5-b76b-636575a3a6b7/test-recon                 ]   \ud83d\udcac  ::debug::explicit? true\n[ff3e1bae-71fc-49d5-b76b-636575a3a6b7/test-shell                 ]   \ud83d\udcac  ::debug::isExplicit: 2.7.18\n[ff3e1bae-71fc-49d5-b76b-636575a3a6b7/test-shell                 ]   \ud83d\udcac  ::debug::explicit? true\n[ff3e1bae-71fc-49d5-b76b-636575a3a6b7/test-shell                 ]   \ud83d\udcac  ::debug::isExplicit: 3.5.10\n[ff3e1bae-71fc-49d5-b76b-636575a3a6b7/test-shell                 ]   \ud83d\udcac  ::debug::explicit? true\n[ff3e1bae-71fc-49d5-b76b-636575a3a6b7/test-recon                 ]   \ud83d\udcac  ::debug::isExplicit: 3.5.10\n[ff3e1bae-71fc-49d5-b76b-636575a3a6b7/test-recon                 ]   \ud83d\udcac  ::debug::explicit? true\n[ff3e1bae-71fc-49d5-b76b-636575a3a6b7/test-recon                 ]   \ud83d\udcac  ::debug::isExplicit: 3.6.14\n[ff3e1bae-71fc-49d5-b76b-636575a3a6b7/test-shell                 ]   \ud83d\udcac  ::debug::isExplicit: 3.6.14\n[ff3e1bae-71fc-49d5-b76b-636575a3a6b7/test-recon                 ]   \ud83d\udcac  ::debug::explicit? true\n[ff3e1bae-71fc-49d5-b76b-636575a3a6b7/test-shell                 ]   \ud83d\udcac  ::debug::explicit? true\n[ff3e1bae-71fc-49d5-b76b-636575a3a6b7/test-recon                 ]   \ud83d\udcac  ::debug::isExplicit: 3.7.11\n[ff3e1bae-71fc-49d5-b76b-636575a3a6b7/test-recon                 ]   \ud83d\udcac  ::debug::explicit? true\n[ff3e1bae-71fc-49d5-b76b-636575a3a6b7/test-shell                 ]   \ud83d\udcac  ::debug::isExplicit: 3.7.11\n[ff3e1bae-71fc-49d5-b76b-636575a3a6b7/test-shell                 ]   \ud83d\udcac  ::debug::explicit? true\n[ff3e1bae-71fc-49d5-b76b-636575a3a6b7/test-shell                 ]   \ud83d\udcac  ::debug::isExplicit: 3.8.11\n[ff3e1bae-71fc-49d5-b76b-636575a3a6b7/test-shell                 ]   \ud83d\udcac  ::debug::explicit? true\n[ff3e1bae-71fc-49d5-b76b-636575a3a6b7/test-recon                 ]   \ud83d\udcac  ::debug::isExplicit: 3.8.11\n[ff3e1bae-71fc-49d5-b76b-636575a3a6b7/test-shell                 ]   \ud83d\udcac  ::debug::isExplicit: 3.9.6\n[ff3e1bae-71fc-49d5-b76b-636575a3a6b7/test-shell                 ]   \ud83d\udcac  ::debug::explicit? true\n[ff3e1bae-71fc-49d5-b76b-636575a3a6b7/test-recon                 ]   \ud83d\udcac  ::debug::explicit? true\n[ff3e1bae-71fc-49d5-b76b-636575a3a6b7/test-recon                 ]   \ud83d\udcac  ::debug::isExplicit: 3.9.6\n[ff3e1bae-71fc-49d5-b76b-636575a3a6b7/test-recon                 ]   \ud83d\udcac  ::debug::explicit? true\n[ff3e1bae-71fc-49d5-b76b-636575a3a6b7/test-shell                 ]   \ud83d\udcac  ::debug::evaluating 6 versions\n[ff3e1bae-71fc-49d5-b76b-636575a3a6b7/test-recon                 ]   \ud83d\udcac  ::debug::evaluating 6 versions\n[ff3e1bae-71fc-49d5-b76b-636575a3a6b7/lint                       ]   \ud83d\udcac  ::debug::Semantic version spec of 3.7 is 3.7\n[ff3e1bae-71fc-49d5-b76b-636575a3a6b7/test-models                ]   \ud83d\udcac  ::debug::Semantic version spec of 3.7 is 3.7\n[ff3e1bae-71fc-49d5-b76b-636575a3a6b7/test-models                ]   \ud83d\udcac  ::debug::isExplicit: \n[ff3e1bae-71fc-49d5-b76b-636575a3a6b7/test-models                ]   \ud83d\udcac  ::debug::explicit? false\n[ff3e1bae-71fc-49d5-b76b-636575a3a6b7/lint                       ]   \ud83d\udcac  ::debug::isExplicit: \n[ff3e1bae-71fc-49d5-b76b-636575a3a6b7/lint                       ]   \ud83d\udcac  ::debug::explicit? false\n[ff3e1bae-71fc-49d5-b76b-636575a3a6b7/test-models                ]   \ud83d\udcac  ::debug::isExplicit: 2.7.18\n[ff3e1bae-71fc-49d5-b76b-636575a3a6b7/test-models                ]   \ud83d\udcac  ::debug::explicit? true\n[ff3e1bae-71fc-49d5-b76b-636575a3a6b7/test-shell                 ]   \ud83d\udcac  ::debug::matched: 3.7.11\n[ff3e1bae-71fc-49d5-b76b-636575a3a6b7/test-shell                 ]   \ud83d\udcac  ::debug::checking cache: /opt/hostedtoolcache/Python/3.7.11/x64\n[ff3e1bae-71fc-49d5-b76b-636575a3a6b7/test-recon                 ]   \ud83d\udcac  ::debug::matched: 3.7.11\n[ff3e1bae-71fc-49d5-b76b-636575a3a6b7/test-shell                 ]   \ud83d\udcac  ::debug::Found tool in cache Python 3.7.11 x64\n[ff3e1bae-71fc-49d5-b76b-636575a3a6b7/test-models                ]   \ud83d\udcac  ::debug::isExplicit: 3.5.10\n[ff3e1bae-71fc-49d5-b76b-636575a3a6b7/test-models                ]   \ud83d\udcac  ::debug::explicit? true\n[ff3e1bae-71fc-49d5-b76b-636575a3a6b7/test-recon                 ]   \ud83d\udcac  ::debug::checking cache: /opt/hostedtoolcache/Python/3.7.11/x64\n[ff3e1bae-71fc-49d5-b76b-636575a3a6b7/test-recon                 ]   \ud83d\udcac  ::debug::Found tool in cache Python 3.7.11 x64\n[ff3e1bae-71fc-49d5-b76b-636575a3a6b7/test-models                ]   \ud83d\udcac  ::debug::isExplicit: 3.6.14\n[ff3e1bae-71fc-49d5-b76b-636575a3a6b7/test-models                ]   \ud83d\udcac  ::debug::explicit? true\n[ff3e1bae-71fc-49d5-b76b-636575a3a6b7/test-models                ]   \ud83d\udcac  ::debug::isExplicit: 3.7.11\n[ff3e1bae-71fc-49d5-b76b-636575a3a6b7/test-models                ]   \ud83d\udcac  ::debug::explicit? true\n[ff3e1bae-71fc-49d5-b76b-636575a3a6b7/lint                       ]   \ud83d\udcac  ::debug::isExplicit: 2.7.18\n[ff3e1bae-71fc-49d5-b76b-636575a3a6b7/lint                       ]   \ud83d\udcac  ::debug::explicit? true\n[ff3e1bae-71fc-49d5-b76b-636575a3a6b7/test-models                ]   \ud83d\udcac  ::debug::isExplicit: 3.8.11\n[ff3e1bae-71fc-49d5-b76b-636575a3a6b7/test-models                ]   \ud83d\udcac  ::debug::explicit? true\n[ff3e1bae-71fc-49d5-b76b-636575a3a6b7/lint                       ]   \ud83d\udcac  ::debug::isExplicit: 3.5.10\n[ff3e1bae-71fc-49d5-b76b-636575a3a6b7/lint                       ]   \ud83d\udcac  ::debug::explicit? true\n[ff3e1bae-71fc-49d5-b76b-636575a3a6b7/test-models                ]   \ud83d\udcac  ::debug::isExplicit: 3.9.6\n[ff3e1bae-71fc-49d5-b76b-636575a3a6b7/test-models                ]   \ud83d\udcac  ::debug::explicit? true\n[ff3e1bae-71fc-49d5-b76b-636575a3a6b7/lint                       ]   \ud83d\udcac  ::debug::isExplicit: 3.6.14\n[ff3e1bae-71fc-49d5-b76b-636575a3a6b7/lint                       ]   \ud83d\udcac  ::debug::explicit? true\n[ff3e1bae-71fc-49d5-b76b-636575a3a6b7/test-models                ]   \ud83d\udcac  ::debug::evaluating 6 versions\n[ff3e1bae-71fc-49d5-b76b-636575a3a6b7/lint                       ]   \ud83d\udcac  ::debug::isExplicit: 3.7.11\n[ff3e1bae-71fc-49d5-b76b-636575a3a6b7/lint                       ]   \ud83d\udcac  ::debug::explicit? true\n[ff3e1bae-71fc-49d5-b76b-636575a3a6b7/lint                       ]   \ud83d\udcac  ::debug::isExplicit: 3.8.11\n[ff3e1bae-71fc-49d5-b76b-636575a3a6b7/lint                       ]   \ud83d\udcac  ::debug::explicit? true\n[ff3e1bae-71fc-49d5-b76b-636575a3a6b7/lint                       ]   \ud83d\udcac  ::debug::isExplicit: 3.9.6\n[ff3e1bae-71fc-49d5-b76b-636575a3a6b7/lint                       ]   \ud83d\udcac  ::debug::explicit? true\n[ff3e1bae-71fc-49d5-b76b-636575a3a6b7/lint                       ]   \ud83d\udcac  ::debug::evaluating 6 versions\n[ff3e1bae-71fc-49d5-b76b-636575a3a6b7/test-shell                 ]   | Successfully setup CPython (3.7.11)\n[ff3e1bae-71fc-49d5-b76b-636575a3a6b7/test-shell                 ]   \u2753 add-matcher /run/act/actions/actions-setup-python@v1/.github/python.json\n[ff3e1bae-71fc-49d5-b76b-636575a3a6b7/test-recon                 ]   | Successfully setup CPython (3.7.11)\n[ff3e1bae-71fc-49d5-b76b-636575a3a6b7/test-recon                 ]   \u2753 add-matcher /run/act/actions/actions-setup-python@v1/.github/python.json\n[ff3e1bae-71fc-49d5-b76b-636575a3a6b7/test-unmocked-tool-installs]   \ud83d\udcac  ::debug::Semantic version spec of 3.7 is 3.7\n[ff3e1bae-71fc-49d5-b76b-636575a3a6b7/test-web                   ]   \ud83d\udcac  ::debug::Semantic version spec of 3.7 is 3.7\n[ff3e1bae-71fc-49d5-b76b-636575a3a6b7/test-unmocked-tool-installs]   \ud83d\udcac  ::debug::isExplicit: \n[ff3e1bae-71fc-49d5-b76b-636575a3a6b7/test-unmocked-tool-installs]   \ud83d\udcac  ::debug::explicit? false\n[ff3e1bae-71fc-49d5-b76b-636575a3a6b7/test-models                ]   \ud83d\udcac  ::debug::matched: 3.7.11\n[ff3e1bae-71fc-49d5-b76b-636575a3a6b7/test-models                ]   \ud83d\udcac  ::debug::checking cache: /opt/hostedtoolcache/Python/3.7.11/x64\n[ff3e1bae-71fc-49d5-b76b-636575a3a6b7/test-models                ]   \ud83d\udcac  ::debug::Found tool in cache Python 3.7.11 x64\n[ff3e1bae-71fc-49d5-b76b-636575a3a6b7/test-web                   ]   \ud83d\udcac  ::debug::isExplicit: \n[ff3e1bae-71fc-49d5-b76b-636575a3a6b7/test-unmocked-tool-installs]   \ud83d\udcac  ::debug::isExplicit: 2.7.18\n[ff3e1bae-71fc-49d5-b76b-636575a3a6b7/test-unmocked-tool-installs]   \ud83d\udcac  ::debug::explicit? true\n[ff3e1bae-71fc-49d5-b76b-636575a3a6b7/test-web                   ]   \ud83d\udcac  ::debug::explicit? false\n[ff3e1bae-71fc-49d5-b76b-636575a3a6b7/test-unmocked-tool-installs]   \ud83d\udcac  ::debug::isExplicit: 3.5.10\n[ff3e1bae-71fc-49d5-b76b-636575a3a6b7/test-unmocked-tool-installs]   \ud83d\udcac  ::debug::explicit? true\n[ff3e1bae-71fc-49d5-b76b-636575a3a6b7/test-unmocked-tool-installs]   \ud83d\udcac  ::debug::isExplicit: 3.6.14\n[ff3e1bae-71fc-49d5-b76b-636575a3a6b7/test-unmocked-tool-installs]   \ud83d\udcac  ::debug::explicit? true\n[ff3e1bae-71fc-49d5-b76b-636575a3a6b7/test-unmocked-tool-installs]   \ud83d\udcac  ::debug::isExplicit: 3.7.11\n[ff3e1bae-71fc-49d5-b76b-636575a3a6b7/test-unmocked-tool-installs]   \ud83d\udcac  ::debug::explicit? true\n[ff3e1bae-71fc-49d5-b76b-636575a3a6b7/test-unmocked-tool-installs]   \ud83d\udcac  ::debug::isExplicit: 3.8.11\n[ff3e1bae-71fc-49d5-b76b-636575a3a6b7/test-unmocked-tool-installs]   \ud83d\udcac  ::debug::explicit? true\n[ff3e1bae-71fc-49d5-b76b-636575a3a6b7/test-unmocked-tool-installs]   \ud83d\udcac  ::debug::isExplicit: 3.9.6\n[ff3e1bae-71fc-49d5-b76b-636575a3a6b7/test-unmocked-tool-installs]   \ud83d\udcac  ::debug::explicit? true\n[ff3e1bae-71fc-49d5-b76b-636575a3a6b7/test-unmocked-tool-installs]   \ud83d\udcac  ::debug::evaluating 6 versions\n[ff3e1bae-71fc-49d5-b76b-636575a3a6b7/lint                       ]   \ud83d\udcac  ::debug::matched: 3.7.11\n[ff3e1bae-71fc-49d5-b76b-636575a3a6b7/lint                       ]   \ud83d\udcac  ::debug::checking cache: /opt/hostedtoolcache/Python/3.7.11/x64\n[ff3e1bae-71fc-49d5-b76b-636575a3a6b7/test-web                   ]   \ud83d\udcac  ::debug::isExplicit: 2.7.18\n[ff3e1bae-71fc-49d5-b76b-636575a3a6b7/test-web                   ]   \ud83d\udcac  ::debug::explicit? true\n[ff3e1bae-71fc-49d5-b76b-636575a3a6b7/lint                       ]   \ud83d\udcac  ::debug::Found tool in cache Python 3.7.11 x64\n[ff3e1bae-71fc-49d5-b76b-636575a3a6b7/test-web                   ]   \ud83d\udcac  ::debug::isExplicit: 3.5.10\n[ff3e1bae-71fc-49d5-b76b-636575a3a6b7/test-web                   ]   \ud83d\udcac  ::debug::explicit? true\n[ff3e1bae-71fc-49d5-b76b-636575a3a6b7/test-web                   ]   \ud83d\udcac  ::debug::isExplicit: 3.6.14\n[ff3e1bae-71fc-49d5-b76b-636575a3a6b7/test-web                   ]   \ud83d\udcac  ::debug::explicit? true\n[ff3e1bae-71fc-49d5-b76b-636575a3a6b7/test-web                   ]   \ud83d\udcac  ::debug::isExplicit: 3.7.11\n[ff3e1bae-71fc-49d5-b76b-636575a3a6b7/test-web                   ]   \ud83d\udcac  ::debug::explicit? true\n[ff3e1bae-71fc-49d5-b76b-636575a3a6b7/test-web                   ]   \ud83d\udcac  ::debug::isExplicit: 3.8.11\n[ff3e1bae-71fc-49d5-b76b-636575a3a6b7/test-web                   ]   \ud83d\udcac  ::debug::explicit? true\n[ff3e1bae-71fc-49d5-b76b-636575a3a6b7/test-web                   ]   \ud83d\udcac  ::debug::isExplicit: 3.9.6\n[ff3e1bae-71fc-49d5-b76b-636575a3a6b7/test-web                   ]   \ud83d\udcac  ::debug::explicit? true\n[ff3e1bae-71fc-49d5-b76b-636575a3a6b7/test-models                ]   | Successfully setup CPython (3.7.11)\n[ff3e1bae-71fc-49d5-b76b-636575a3a6b7/test-models                ]   \u2753 add-matcher /run/act/actions/actions-setup-python@v1/.github/python.json\n[ff3e1bae-71fc-49d5-b76b-636575a3a6b7/test-web                   ]   \ud83d\udcac  ::debug::evaluating 6 versions\n[ff3e1bae-71fc-49d5-b76b-636575a3a6b7/test-shell                 ]   \u2705  Success - Main Set up Python 3.7\n[ff3e1bae-71fc-49d5-b76b-636575a3a6b7/test-recon                 ]   \u2705  Success - Main Set up Python 3.7\n[ff3e1bae-71fc-49d5-b76b-636575a3a6b7/lint                       ]   | Successfully setup CPython (3.7.11)\n[ff3e1bae-71fc-49d5-b76b-636575a3a6b7/lint                       ]   \u2753 add-matcher /run/act/actions/actions-setup-python@v1/.github/python.json\n[ff3e1bae-71fc-49d5-b76b-636575a3a6b7/test-unmocked-tool-installs]   \ud83d\udcac  ::debug::matched: 3.7.11\n[ff3e1bae-71fc-49d5-b76b-636575a3a6b7/test-unmocked-tool-installs]   \ud83d\udcac  ::debug::checking cache: /opt/hostedtoolcache/Python/3.7.11/x64\n[ff3e1bae-71fc-49d5-b76b-636575a3a6b7/test-unmocked-tool-installs]   \ud83d\udcac  ::debug::Found tool in cache Python 3.7.11 x64\n[ff3e1bae-71fc-49d5-b76b-636575a3a6b7/test-models                ]   \u2705  Success - Main Set up Python 3.7\n[ff3e1bae-71fc-49d5-b76b-636575a3a6b7/test-web                   ]   \ud83d\udcac  ::debug::matched: 3.7.11\n[ff3e1bae-71fc-49d5-b76b-636575a3a6b7/test-web                   ]   \ud83d\udcac  ::debug::checking cache: /opt/hostedtoolcache/Python/3.7.11/x64\n[ff3e1bae-71fc-49d5-b76b-636575a3a6b7/test-web                   ]   \ud83d\udcac  ::debug::Found tool in cache Python 3.7.11 x64\n[ff3e1bae-71fc-49d5-b76b-636575a3a6b7/lint                       ]   \u2705  Success - Main Set up Python 3.7\n[ff3e1bae-71fc-49d5-b76b-636575a3a6b7/test-unmocked-tool-installs]   | Successfully setup CPython (3.7.11)\n[ff3e1bae-71fc-49d5-b76b-636575a3a6b7/test-unmocked-tool-installs]   \u2753 add-matcher /run/act/actions/actions-setup-python@v1/.github/python.json\n[ff3e1bae-71fc-49d5-b76b-636575a3a6b7/test-web                   ]   | Successfully setup CPython (3.7.11)\n[ff3e1bae-71fc-49d5-b76b-636575a3a6b7/test-web                   ]   \u2753 add-matcher /run/act/actions/actions-setup-python@v1/.github/python.json\n[ff3e1bae-71fc-49d5-b76b-636575a3a6b7/test-unmocked-tool-installs]   \u2705  Success - Main Set up Python 3.7\n[ff3e1bae-71fc-49d5-b76b-636575a3a6b7/test-web                   ]   \u2705  Success - Main Set up Python 3.7\n[ff3e1bae-71fc-49d5-b76b-636575a3a6b7/test-web                   ]   \u2699  ::set-env:: pythonLocation=/opt/hostedtoolcache/Python/3.7.11/x64\n[ff3e1bae-71fc-49d5-b76b-636575a3a6b7/test-recon                 ]   \u2699  ::set-env:: pythonLocation=/opt/hostedtoolcache/Python/3.7.11/x64\n[ff3e1bae-71fc-49d5-b76b-636575a3a6b7/test-shell                 ]   \u2699  ::set-env:: pythonLocation=/opt/hostedtoolcache/Python/3.7.11/x64\n[ff3e1bae-71fc-49d5-b76b-636575a3a6b7/test-models                ]   \u2699  ::set-env:: pythonLocation=/opt/hostedtoolcache/Python/3.7.11/x64\n[ff3e1bae-71fc-49d5-b76b-636575a3a6b7/lint                       ]   \u2699  ::set-env:: pythonLocation=/opt/hostedtoolcache/Python/3.7.11/x64\n[ff3e1bae-71fc-49d5-b76b-636575a3a6b7/test-unmocked-tool-installs]   \u2699  ::set-env:: pythonLocation=/opt/hostedtoolcache/Python/3.7.11/x64\n[ff3e1bae-71fc-49d5-b76b-636575a3a6b7/test-shell                 ]   \u2699  ::set-output:: python-version=3.7.11\n[ff3e1bae-71fc-49d5-b76b-636575a3a6b7/test-web                   ]   \u2699  ::set-output:: python-version=3.7.11\n[ff3e1bae-71fc-49d5-b76b-636575a3a6b7/test-unmocked-tool-installs]   \u2699  ::set-output:: python-version=3.7.11\n[ff3e1bae-71fc-49d5-b76b-636575a3a6b7/test-models                ]   \u2699  ::set-output:: python-version=3.7.11\n[ff3e1bae-71fc-49d5-b76b-636575a3a6b7/lint                       ]   \u2699  ::set-output:: python-version=3.7.11\n[ff3e1bae-71fc-49d5-b76b-636575a3a6b7/test-recon                 ]   \u2699  ::set-output:: python-version=3.7.11\n[ff3e1bae-71fc-49d5-b76b-636575a3a6b7/test-web                   ]   \u2699  ::add-path:: /opt/hostedtoolcache/Python/3.7.11/x64\n[ff3e1bae-71fc-49d5-b76b-636575a3a6b7/test-models                ]   \u2699  ::add-path:: /opt/hostedtoolcache/Python/3.7.11/x64\n[ff3e1bae-71fc-49d5-b76b-636575a3a6b7/test-models                ]   \u2699  ::add-path:: /opt/hostedtoolcache/Python/3.7.11/x64/bin\n[ff3e1bae-71fc-49d5-b76b-636575a3a6b7/test-web                   ]   \u2699  ::add-path:: /opt/hostedtoolcache/Python/3.7.11/x64/bin\n[ff3e1bae-71fc-49d5-b76b-636575a3a6b7/lint                       ]   \u2699  ::add-path:: /opt/hostedtoolcache/Python/3.7.11/x64\n[ff3e1bae-71fc-49d5-b76b-636575a3a6b7/lint                       ]   \u2699  ::add-path:: /opt/hostedtoolcache/Python/3.7.11/x64/bin\n[ff3e1bae-71fc-49d5-b76b-636575a3a6b7/test-unmocked-tool-installs]   \u2699  ::add-path:: /opt/hostedtoolcache/Python/3.7.11/x64\n[ff3e1bae-71fc-49d5-b76b-636575a3a6b7/test-unmocked-tool-installs]   \u2699  ::add-path:: /opt/hostedtoolcache/Python/3.7.11/x64/bin\n[ff3e1bae-71fc-49d5-b76b-636575a3a6b7/test-recon                 ]   \u2699  ::add-path:: /opt/hostedtoolcache/Python/3.7.11/x64\n[ff3e1bae-71fc-49d5-b76b-636575a3a6b7/test-recon                 ]   \u2699  ::add-path:: /opt/hostedtoolcache/Python/3.7.11/x64/bin\n[ff3e1bae-71fc-49d5-b76b-636575a3a6b7/test-shell                 ]   \u2699  ::add-path:: /opt/hostedtoolcache/Python/3.7.11/x64\n[ff3e1bae-71fc-49d5-b76b-636575a3a6b7/test-shell                 ]   \u2699  ::add-path:: /opt/hostedtoolcache/Python/3.7.11/x64/bin\n[ff3e1bae-71fc-49d5-b76b-636575a3a6b7/test-models                ] \u2b50 Run Main Set up pipenv\n[ff3e1bae-71fc-49d5-b76b-636575a3a6b7/test-shell                 ] \u2b50 Run Main Set up pipenv\n[ff3e1bae-71fc-49d5-b76b-636575a3a6b7/test-recon                 ] \u2b50 Run Main Set up pipenv\n[ff3e1bae-71fc-49d5-b76b-636575a3a6b7/lint                       ] \u2b50 Run Main Set up pipenv\n[ff3e1bae-71fc-49d5-b76b-636575a3a6b7/test-unmocked-tool-installs] \u2b50 Run Main Set up pipenv\n[ff3e1bae-71fc-49d5-b76b-636575a3a6b7/test-web                   ] \u2b50 Run Main Set up pipenv\n[ff3e1bae-71fc-49d5-b76b-636575a3a6b7/test-recon                 ]   \ud83d\udc33  docker exec cmd=[bash --noprofile --norc -e -o pipefail /var/run/act/workflow/2] user= workdir=\n[ff3e1bae-71fc-49d5-b76b-636575a3a6b7/test-unmocked-tool-installs]   \ud83d\udc33  docker exec cmd=[bash --noprofile --norc -e -o pipefail /var/run/act/workflow/2] user= workdir=\n[ff3e1bae-71fc-49d5-b76b-636575a3a6b7/test-web                   ]   \ud83d\udc33  docker exec cmd=[bash --noprofile --norc -e -o pipefail /var/run/act/workflow/2] user= workdir=\n[ff3e1bae-71fc-49d5-b76b-636575a3a6b7/lint                       ]   \ud83d\udc33  docker exec cmd=[bash --noprofile --norc -e -o pipefail /var/run/act/workflow/2] user= workdir=\n[ff3e1bae-71fc-49d5-b76b-636575a3a6b7/test-shell                 ]   \ud83d\udc33  docker exec cmd=[bash --noprofile --norc -e -o pipefail /var/run/act/workflow/2] user= workdir=\n[ff3e1bae-71fc-49d5-b76b-636575a3a6b7/test-models                ]   \ud83d\udc33  docker exec cmd=[bash --noprofile --norc -e -o pipefail /var/run/act/workflow/2] user= workdir=\n[ff3e1bae-71fc-49d5-b76b-636575a3a6b7/test-unmocked-tool-installs]   | Requirement already satisfied: pip in /opt/hostedtoolcache/Python/3.7.11/x64/lib/python3.7/site-packages (21.2.4)\n[ff3e1bae-71fc-49d5-b76b-636575a3a6b7/lint                       ]   | Requirement already satisfied: pip in /opt/hostedtoolcache/Python/3.7.11/x64/lib/python3.7/site-packages (21.2.4)\n[ff3e1bae-71fc-49d5-b76b-636575a3a6b7/test-models                ]   | Requirement already satisfied: pip in /opt/hostedtoolcache/Python/3.7.11/x64/lib/python3.7/site-packages (21.2.4)\n[ff3e1bae-71fc-49d5-b76b-636575a3a6b7/test-shell                 ]   | Requirement already satisfied: pip in /opt/hostedtoolcache/Python/3.7.11/x64/lib/python3.7/site-packages (21.2.4)\n[ff3e1bae-71fc-49d5-b76b-636575a3a6b7/test-web                   ]   | Requirement already satisfied: pip in /opt/hostedtoolcache/Python/3.7.11/x64/lib/python3.7/site-packages (21.2.4)\n[ff3e1bae-71fc-49d5-b76b-636575a3a6b7/test-recon                 ]   | Requirement already satisfied: pip in /opt/hostedtoolcache/Python/3.7.11/x64/lib/python3.7/site-packages (21.2.4)\n[ff3e1bae-71fc-49d5-b76b-636575a3a6b7/test-unmocked-tool-installs]   | Collecting pip\n[ff3e1bae-71fc-49d5-b76b-636575a3a6b7/test-shell                 ]   | Collecting pip\n[ff3e1bae-71fc-49d5-b76b-636575a3a6b7/test-unmocked-tool-installs]   |   Downloading pip-23.1.2-py3-none-any.whl (2.1 MB)\n[ff3e1bae-71fc-49d5-b76b-636575a3a6b7/test-shell                 ]   |   Downloading pip-23.1.2-py3-none-any.whl (2.1 MB)\n[ff3e1bae-71fc-49d5-b76b-636575a3a6b7/test-models                ]   | Collecting pip\n[ff3e1bae-71fc-49d5-b76b-636575a3a6b7/lint                       ]   | Collecting pip\n[ff3e1bae-71fc-49d5-b76b-636575a3a6b7/test-web                   ]   | Collecting pip\n[ff3e1bae-71fc-49d5-b76b-636575a3a6b7/test-models                ]   |   Downloading pip-23.1.2-py3-none-any.whl (2.1 MB)\n[ff3e1bae-71fc-49d5-b76b-636575a3a6b7/test-web                   ]   |   Downloading pip-23.1.2-py3-none-any.whl (2.1 MB)\n[ff3e1bae-71fc-49d5-b76b-636575a3a6b7/lint                       ]   |   Downloading pip-23.1.2-py3-none-any.whl (2.1 MB)\n[ff3e1bae-71fc-49d5-b76b-636575a3a6b7/test-recon                 ]   | Collecting pip\n[ff3e1bae-71fc-49d5-b76b-636575a3a6b7/test-recon                 ]   |   Downloading pip-23.1.2-py3-none-any.whl (2.1 MB)\n[ff3e1bae-71fc-49d5-b76b-636575a3a6b7/test-shell                 ]   | Installing collected packages: pip\n[ff3e1bae-71fc-49d5-b76b-636575a3a6b7/test-shell                 ]   |   Attempting uninstall: pip\n[ff3e1bae-71fc-49d5-b76b-636575a3a6b7/test-shell                 ]   |     Found existing installation: pip 21.2.4\n[ff3e1bae-71fc-49d5-b76b-636575a3a6b7/lint                       ]   | Installing collected packages: pip\n[ff3e1bae-71fc-49d5-b76b-636575a3a6b7/lint                       ]   |   Attempting uninstall: pip\n[ff3e1bae-71fc-49d5-b76b-636575a3a6b7/lint                       ]   |     Found existing installation: pip 21.2.4\n[ff3e1bae-71fc-49d5-b76b-636575a3a6b7/test-models                ]   | Installing collected packages: pip\n[ff3e1bae-71fc-49d5-b76b-636575a3a6b7/test-models                ]   |   Attempting uninstall: pip\n[ff3e1bae-71fc-49d5-b76b-636575a3a6b7/test-models                ]   |     Found existing installation: pip 21.2.4\n[ff3e1bae-71fc-49d5-b76b-636575a3a6b7/test-web                   ]   | Installing collected packages: pip\n[ff3e1bae-71fc-49d5-b76b-636575a3a6b7/test-web                   ]   |   Attempting uninstall: pip\n[ff3e1bae-71fc-49d5-b76b-636575a3a6b7/test-web                   ]   |     Found existing installation: pip 21.2.4\n[ff3e1bae-71fc-49d5-b76b-636575a3a6b7/test-unmocked-tool-installs]   | Installing collected packages: pip\n[ff3e1bae-71fc-49d5-b76b-636575a3a6b7/test-unmocked-tool-installs]   |   Attempting uninstall: pip\n[ff3e1bae-71fc-49d5-b76b-636575a3a6b7/test-unmocked-tool-installs]   |     Found existing installation: pip 21.2.4\n[ff3e1bae-71fc-49d5-b76b-636575a3a6b7/test-shell                 ]   |     Uninstalling pip-21.2.4:\n[ff3e1bae-71fc-49d5-b76b-636575a3a6b7/test-recon                 ]   | Installing collected packages: pip\n[ff3e1bae-71fc-49d5-b76b-636575a3a6b7/test-recon                 ]   |   Attempting uninstall: pip\n[ff3e1bae-71fc-49d5-b76b-636575a3a6b7/test-recon                 ]   |     Found existing installation: pip 21.2.4\n[ff3e1bae-71fc-49d5-b76b-636575a3a6b7/lint                       ]   |     Uninstalling pip-21.2.4:\n[ff3e1bae-71fc-49d5-b76b-636575a3a6b7/test-models                ]   |     Uninstalling pip-21.2.4:\n[ff3e1bae-71fc-49d5-b76b-636575a3a6b7/test-web                   ]   |     Uninstalling pip-21.2.4:\n[ff3e1bae-71fc-49d5-b76b-636575a3a6b7/test-unmocked-tool-installs]   |     Uninstalling pip-21.2.4:\n[ff3e1bae-71fc-49d5-b76b-636575a3a6b7/test-recon                 ]   |     Uninstalling pip-21.2.4:\n[ff3e1bae-71fc-49d5-b76b-636575a3a6b7/test-shell                 ]   |       Successfully uninstalled pip-21.2.4\n[ff3e1bae-71fc-49d5-b76b-636575a3a6b7/lint                       ]   |       Successfully uninstalled pip-21.2.4\n[ff3e1bae-71fc-49d5-b76b-636575a3a6b7/test-models                ]   |       Successfully uninstalled pip-21.2.4\n[ff3e1bae-71fc-49d5-b76b-636575a3a6b7/test-web                   ]   |       Successfully uninstalled pip-21.2.4\n[ff3e1bae-71fc-49d5-b76b-636575a3a6b7/test-unmocked-tool-installs]   |       Successfully uninstalled pip-21.2.4\n[ff3e1bae-71fc-49d5-b76b-636575a3a6b7/test-recon                 ]   |       Successfully uninstalled pip-21.2.4\n[ff3e1bae-71fc-49d5-b76b-636575a3a6b7/test-recon                 ]   | Successfully installed pip-23.1.2\n[ff3e1bae-71fc-49d5-b76b-636575a3a6b7/lint                       ]   | Successfully installed pip-23.1.2\n[ff3e1bae-71fc-49d5-b76b-636575a3a6b7/test-shell                 ]   | Successfully installed pip-23.1.2\n[ff3e1bae-71fc-49d5-b76b-636575a3a6b7/test-unmocked-tool-installs]   | Successfully installed pip-23.1.2\n[ff3e1bae-71fc-49d5-b76b-636575a3a6b7/test-web                   ]   | Successfully installed pip-23.1.2\n[ff3e1bae-71fc-49d5-b76b-636575a3a6b7/test-models                ]   | Successfully installed pip-23.1.2\n[ff3e1bae-71fc-49d5-b76b-636575a3a6b7/lint                       ]   | Collecting pipenv\n[ff3e1bae-71fc-49d5-b76b-636575a3a6b7/test-recon                 ]   | Collecting pipenv\n[ff3e1bae-71fc-49d5-b76b-636575a3a6b7/test-shell                 ]   | Collecting pipenv\n[ff3e1bae-71fc-49d5-b76b-636575a3a6b7/test-unmocked-tool-installs]   | Collecting pipenv\n[ff3e1bae-71fc-49d5-b76b-636575a3a6b7/lint                       ]   |   Downloading pipenv-2023.6.26-py3-none-any.whl (2.8 MB)\n[ff3e1bae-71fc-49d5-b76b-636575a3a6b7/test-recon                 ]   |   Downloading pipenv-2023.6.26-py3-none-any.whl (2.8 MB)\n[ff3e1bae-71fc-49d5-b76b-636575a3a6b7/test-shell                 ]   |   Downloading pipenv-2023.6.26-py3-none-any.whl (2.8 MB)\n[ff3e1bae-71fc-49d5-b76b-636575a3a6b7/test-unmocked-tool-installs]   |   Downloading pipenv-2023.6.26-py3-none-any.whl (2.8 MB)\n[ff3e1bae-71fc-49d5-b76b-636575a3a6b7/lint                       ]   |      \u2501\u2501\u2501\u2501\u2501\u2501\u2501\u2501\u2501\u2501\u2501\u2501\u2501\u2501\u2501\u2501\u2501\u2501\u2501\u2501\u2501\u2501\u2501\u2501\u2501\u2501\u2501\u2501\u2501\u2501\u2501\u2501\u2501\u2501\u2501\u2501\u2501\u2501\u2501\u2501 2.8/2.8 MB 26.0 MB/s eta 0:00:00\n[ff3e1bae-71fc-49d5-b76b-636575a3a6b7/lint                       ]   | Collecting certifi (from pipenv)\n[ff3e1bae-71fc-49d5-b76b-636575a3a6b7/lint                       ]   |   Downloading certifi-2023.5.7-py3-none-any.whl (156 kB)\n[ff3e1bae-71fc-49d5-b76b-636575a3a6b7/lint                       ]   |      \u2501\u2501\u2501\u2501\u2501\u2501\u2501\u2501\u2501\u2501\u2501\u2501\u2501\u2501\u2501\u2501\u2501\u2501\u2501\u2501\u2501\u2501\u2501\u2501\u2501\u2501\u2501\u2501\u2501\u2501\u2501\u2501\u2501\u2501\u2501\u2501\u2501\u2501\u2501 157.0/157.0 kB 2.9 MB/s eta 0:00:00\n[ff3e1bae-71fc-49d5-b76b-636575a3a6b7/test-unmocked-tool-installs]   |      \u2501\u2501\u2501\u2501\u2501\u2501\u2501\u2501\u2501\u2501\u2501\u2501\u2501\u2501\u2501\u2501\u2501\u2501\u2501\u2501\u2501\u2501\u2501\u2501\u2501\u2501\u2501\u2501\u2501\u2501\u2501\u2501\u2501\u2501\u2501\u2501\u2501\u2501\u2501\u2501 2.8/2.8 MB 10.1 MB/s eta 0:00:00\n[ff3e1bae-71fc-49d5-b76b-636575a3a6b7/test-models                ]   | Collecting pipenv\n[ff3e1bae-71fc-49d5-b76b-636575a3a6b7/test-web                   ]   | Collecting pipenv\n[ff3e1bae-71fc-49d5-b76b-636575a3a6b7/test-models                ]   |   Downloading pipenv-2023.6.26-py3-none-any.whl (2.8 MB)\n[ff3e1bae-71fc-49d5-b76b-636575a3a6b7/test-web                   ]   |   Downloading pipenv-2023.6.26-py3-none-any.whl (2.8 MB)\n[ff3e1bae-71fc-49d5-b76b-636575a3a6b7/test-shell                 ]   |      \u2501\u2501\u2501\u2501\u2501\u2501\u2501\u2501\u2501\u2501\u2501\u2501\u2501\u2501\u2501\u2501\u2501\u2501\u2501\u2501\u2501\u2501\u2501\u2501\u2501\u2501\u2501\u2501\u2501\u2501\u2501\u2501\u2501\u2501\u2501\u2501\u2501\u2501\u2501\u2501 2.8/2.8 MB 7.7 MB/s eta 0:00:00\n[ff3e1bae-71fc-49d5-b76b-636575a3a6b7/test-unmocked-tool-installs]   | Collecting certifi (from pipenv)\n[ff3e1bae-71fc-49d5-b76b-636575a3a6b7/test-unmocked-tool-installs]   |   Downloading certifi-2023.5.7-py3-none-any.whl (156 kB)\n[ff3e1bae-71fc-49d5-b76b-636575a3a6b7/test-unmocked-tool-installs]   |      \u2501\u2501\u2501\u2501\u2501\u2501\u2501\u2501\u2501\u2501\u2501\u2501\u2501\u2501\u2501\u2501\u2501\u2501\u2501\u2501\u2501\u2501\u2501\u2501\u2501\u2501\u2501\u2501\u2501\u2501\u2501\u2501\u2501\u2501\u2501\u2501\u2501\u2501\u2501 157.0/157.0 kB 4.1 MB/s eta 0:00:00\n[ff3e1bae-71fc-49d5-b76b-636575a3a6b7/test-web                   ]   |      \u2501\u2501\u2501\u2501\u2501\u2501\u2501\u2501\u2501\u2501\u2501\u2501\u2501\u2501\u2501\u2501\u2501\u2501\u2501\u2501\u2501\u2501\u2501\u2501\u2501\u2501\u2501\u2501\u2501\u2501\u2501\u2501\u2501\u2501\u2501\u2501\u2501\u2501\u2501\u2501 2.8/2.8 MB 18.6 MB/s eta 0:00:00\n[ff3e1bae-71fc-49d5-b76b-636575a3a6b7/test-shell                 ]   | Collecting certifi (from pipenv)\n[ff3e1bae-71fc-49d5-b76b-636575a3a6b7/test-shell                 ]   |   Downloading certifi-2023.5.7-py3-none-any.whl (156 kB)\n[ff3e1bae-71fc-49d5-b76b-636575a3a6b7/test-shell                 ]   |      \u2501\u2501\u2501\u2501\u2501\u2501\u2501\u2501\u2501\u2501\u2501\u2501\u2501\u2501\u2501\u2501\u2501\u2501\u2501\u2501\u2501\u2501\u2501\u2501\u2501\u2501\u2501\u2501\u2501\u2501\u2501\u2501\u2501\u2501\u2501\u2501\u2501\u2501\u2501 157.0/157.0 kB 2.5 MB/s eta 0:00:00\n[ff3e1bae-71fc-49d5-b76b-636575a3a6b7/test-models                ]   |      \u2501\u2501\u2501\u2501\u2501\u2501\u2501\u2501\u2501\u2501\u2501\u2501\u2501\u2501\u2501\u2501\u2501\u2501\u2501\u2501\u2501\u2501\u2501\u2501\u2501\u2501\u2501\u2501\u2501\u2501\u2501\u2501\u2501\u2501\u2501\u2501\u2501\u2501\u2501\u2501 2.8/2.8 MB 10.7 MB/s eta 0:00:00\n[ff3e1bae-71fc-49d5-b76b-636575a3a6b7/test-recon                 ]   |      \u2501\u2501\u2501\u2501\u2501\u2501\u2501\u2501\u2501\u2501\u2501\u2501\u2501\u2501\u2501\u2501\u2501\u2501\u2501\u2501\u2501\u2501\u2501\u2501\u2501\u2501\u2501\u2501\u2501\u2501\u2501\u2501\u2501\u2501\u2501\u2501\u2501\u2501\u2501\u2501 2.8/2.8 MB 4.4 MB/s eta 0:00:00\n[ff3e1bae-71fc-49d5-b76b-636575a3a6b7/test-web                   ]   | Collecting certifi (from pipenv)\n[ff3e1bae-71fc-49d5-b76b-636575a3a6b7/test-web                   ]   |   Downloading certifi-2023.5.7-py3-none-any.whl (156 kB)\n[ff3e1bae-71fc-49d5-b76b-636575a3a6b7/test-web                   ]   |      \u2501\u2501\u2501\u2501\u2501\u2501\u2501\u2501\u2501\u2501\u2501\u2501\u2501\u2501\u2501\u2501\u2501\u2501\u2501\u2501\u2501\u2501\u2501\u2501\u2501\u2501\u2501\u2501\u2501\u2501\u2501\u2501\u2501\u2501\u2501\u2501\u2501\u2501\u2501 157.0/157.0 kB 3.3 MB/s eta 0:00:00\n[ff3e1bae-71fc-49d5-b76b-636575a3a6b7/test-recon                 ]   | Collecting certifi (from pipenv)\n[ff3e1bae-71fc-49d5-b76b-636575a3a6b7/test-models                ]   | Collecting certifi (from pipenv)\n[ff3e1bae-71fc-49d5-b76b-636575a3a6b7/test-models                ]   |   Downloading certifi-2023.5.7-py3-none-any.whl (156 kB)\n[ff3e1bae-71fc-49d5-b76b-636575a3a6b7/test-recon                 ]   |   Downloading certifi-2023.5.7-py3-none-any.whl (156 kB)\n[ff3e1bae-71fc-49d5-b76b-636575a3a6b7/test-models                ]   |      \u2501\u2501\u2501\u2501\u2501\u2501\u2501\u2501\u2501\u2501\u2501\u2501\u2501\u2501\u2501\u2501\u2501\u2501\u2501\u2501\u2501\u2501\u2501\u2501\u2501\u2501\u2501\u2501\u2501\u2501\u2501\u2501\u2501\u2501\u2501\u2501\u2501\u2501\u2501 157.0/157.0 kB 2.1 MB/s eta 0:00:00\n[ff3e1bae-71fc-49d5-b76b-636575a3a6b7/lint                       ]   | Collecting setuptools>=67.0.0 (from pipenv)\n[ff3e1bae-71fc-49d5-b76b-636575a3a6b7/test-recon                 ]   |      \u2501\u2501\u2501\u2501\u2501\u2501\u2501\u2501\u2501\u2501\u2501\u2501\u2501\u2501\u2501\u2501\u2501\u2501\u2501\u2501\u2501\u2501\u2501\u2501\u2501\u2501\u2501\u2501\u2501\u2501\u2501\u2501\u2501\u2501\u2501\u2501\u2501\u2501\u2501 157.0/157.0 kB 1.8 MB/s eta 0:00:00\n[ff3e1bae-71fc-49d5-b76b-636575a3a6b7/lint                       ]   |   Downloading setuptools-68.0.0-py3-none-any.whl (804 kB)\n[ff3e1bae-71fc-49d5-b76b-636575a3a6b7/lint                       ]   |      \u2501\u2501\u2501\u2501\u2501\u2501\u2501\u2501\u2501\u2501\u2501\u2501\u2501\u2501\u2501\u2501\u2501\u2501\u2501\u2501\u2501\u2501\u2501\u2501\u2501\u2501\u2501\u2501\u2501\u2501\u2501\u2501\u2501\u2501\u2501\u2501\u2501\u2501 804.0/804.0 kB 11.9 MB/s eta 0:00:00\n[ff3e1bae-71fc-49d5-b76b-636575a3a6b7/lint                       ]   | Collecting virtualenv-clone>=0.2.5 (from pipenv)\n[ff3e1bae-71fc-49d5-b76b-636575a3a6b7/lint                       ]   |   Downloading virtualenv_clone-0.5.7-py3-none-any.whl (6.6 kB)\n[ff3e1bae-71fc-49d5-b76b-636575a3a6b7/test-unmocked-tool-installs]   | Collecting setuptools>=67.0.0 (from pipenv)\n[ff3e1bae-71fc-49d5-b76b-636575a3a6b7/test-unmocked-tool-installs]   |   Downloading setuptools-68.0.0-py3-none-any.whl (804 kB)\n[ff3e1bae-71fc-49d5-b76b-636575a3a6b7/test-shell                 ]   | Collecting setuptools>=67.0.0 (from pipenv)\n[ff3e1bae-71fc-49d5-b76b-636575a3a6b7/test-unmocked-tool-installs]   |      \u2501\u2501\u2501\u2501\u2501\u2501\u2501\u2501\u2501\u2501\u2501\u2501\u2501\u2501\u2501\u2501\u2501\u2501\u2501\u2501\u2501\u2501\u2501\u2501\u2501\u2501\u2501\u2501\u2501\u2501\u2501\u2501\u2501\u2501\u2501\u2501\u2501\u2501\u2501 804.0/804.0 kB 7.7 MB/s eta 0:00:00\n[ff3e1bae-71fc-49d5-b76b-636575a3a6b7/test-shell                 ]   |   Downloading setuptools-68.0.0-py3-none-any.whl (804 kB)\n[ff3e1bae-71fc-49d5-b76b-636575a3a6b7/test-shell                 ]   |      \u2501\u2501\u2501\u2501\u2501\u2501\u2501\u2501\u2501\u2501\u2501\u2501\u2501\u2501\u2501\u2501\u2501\u2501\u2501\u2501\u2501\u2501\u2501\u2501\u2501\u2501\u2501\u2501\u2501\u2501\u2501\u2501\u2501\u2501\u2501\u2501\u2501\u2501 804.0/804.0 kB 12.2 MB/s eta 0:00:00\n[ff3e1bae-71fc-49d5-b76b-636575a3a6b7/test-unmocked-tool-installs]   | Collecting virtualenv-clone>=0.2.5 (from pipenv)\n[ff3e1bae-71fc-49d5-b76b-636575a3a6b7/test-web                   ]   | Collecting setuptools>=67.0.0 (from pipenv)\n[ff3e1bae-71fc-49d5-b76b-636575a3a6b7/test-unmocked-tool-installs]   |   Downloading virtualenv_clone-0.5.7-py3-none-any.whl (6.6 kB)\n[ff3e1bae-71fc-49d5-b76b-636575a3a6b7/test-web                   ]   |   Downloading setuptools-68.0.0-py3-none-any.whl (804 kB)\n[ff3e1bae-71fc-49d5-b76b-636575a3a6b7/lint                       ]   | Collecting virtualenv>=20.17.1 (from pipenv)\n[ff3e1bae-71fc-49d5-b76b-636575a3a6b7/test-shell                 ]   | Collecting virtualenv-clone>=0.2.5 (from pipenv)\n[ff3e1bae-71fc-49d5-b76b-636575a3a6b7/test-web                   ]   |      \u2501\u2501\u2501\u2501\u2501\u2501\u2501\u2501\u2501\u2501\u2501\u2501\u2501\u2501\u2501\u2501\u2501\u2501\u2501\u2501\u2501\u2501\u2501\u2501\u2501\u2501\u2501\u2501\u2501\u2501\u2501\u2501\u2501\u2501\u2501\u2501\u2501\u2501 804.0/804.0 kB 11.0 MB/s eta 0:00:00\n[ff3e1bae-71fc-49d5-b76b-636575a3a6b7/test-shell                 ]   |   Downloading virtualenv_clone-0.5.7-py3-none-any.whl (6.6 kB)\n[ff3e1bae-71fc-49d5-b76b-636575a3a6b7/test-recon                 ]   | Collecting setuptools>=67.0.0 (from pipenv)\n[ff3e1bae-71fc-49d5-b76b-636575a3a6b7/test-web                   ]   | Collecting virtualenv-clone>=0.2.5 (from pipenv)\n[ff3e1bae-71fc-49d5-b76b-636575a3a6b7/test-recon                 ]   |   Downloading setuptools-68.0.0-py3-none-any.whl (804 kB)\n[ff3e1bae-71fc-49d5-b76b-636575a3a6b7/lint                       ]   |   Downloading virtualenv-20.23.1-py3-none-any.whl (3.3 MB)\n[ff3e1bae-71fc-49d5-b76b-636575a3a6b7/test-web                   ]   |   Downloading virtualenv_clone-0.5.7-py3-none-any.whl (6.6 kB)\n[ff3e1bae-71fc-49d5-b76b-636575a3a6b7/test-models                ]   | Collecting setuptools>=67.0.0 (from pipenv)\n[ff3e1bae-71fc-49d5-b76b-636575a3a6b7/test-models                ]   |   Downloading setuptools-68.0.0-py3-none-any.whl (804 kB)\n[ff3e1bae-71fc-49d5-b76b-636575a3a6b7/test-models                ]   |      \u2501\u2501\u2501\u2501\u2501\u2501\u2501\u2501\u2501\u2501\u2501\u2501\u2501\u2501\u2501\u2501\u2501\u2501\u2501\u2501\u2501\u2501\u2501\u2501\u2501\u2501\u2501\u2501\u2501\u2501\u2501\u2501\u2501\u2501\u2501\u2501\u2501\u2501\u2501 804.0/804.0 kB 7.5 MB/s eta 0:00:00\n[ff3e1bae-71fc-49d5-b76b-636575a3a6b7/test-unmocked-tool-installs]   | Collecting virtualenv>=20.17.1 (from pipenv)\n[ff3e1bae-71fc-49d5-b76b-636575a3a6b7/test-unmocked-tool-installs]   |   Downloading virtualenv-20.23.1-py3-none-any.whl (3.3 MB)\n[ff3e1bae-71fc-49d5-b76b-636575a3a6b7/test-shell                 ]   | Collecting virtualenv>=20.17.1 (from pipenv)\n[ff3e1bae-71fc-49d5-b76b-636575a3a6b7/test-shell                 ]   |   Downloading virtualenv-20.23.1-py3-none-any.whl (3.3 MB)\n[ff3e1bae-71fc-49d5-b76b-636575a3a6b7/test-models                ]   | Collecting virtualenv-clone>=0.2.5 (from pipenv)\n[ff3e1bae-71fc-49d5-b76b-636575a3a6b7/lint                       ]   |      \u2501\u2501\u2501\u2501\u2501\u2501\u2501\u2501\u2501\u2501\u2501\u2501\u2501\u2501\u2501\u2501\u2501\u2501\u2501\u2501\u2501\u2501\u2501\u2501\u2501\u2501\u2501\u2501\u2501\u2501\u2501\u2501\u2501\u2501\u2501\u2501\u2501\u2501\u2501\u2501 3.3/3.3 MB 13.1 MB/s eta 0:00:00\n[ff3e1bae-71fc-49d5-b76b-636575a3a6b7/test-models                ]   |   Downloading virtualenv_clone-0.5.7-py3-none-any.whl (6.6 kB)\n[ff3e1bae-71fc-49d5-b76b-636575a3a6b7/test-recon                 ]   |      \u2501\u2501\u2501\u2501\u2501\u2501\u2501\u2501\u2501\u2501\u2501\u2501\u2501\u2501\u2501\u2501\u2501\u2501\u2501\u2501\u2501\u2501\u2501\u2501\u2501\u2501\u2501\u2501\u2501\u2501\u2501\u2501\u2501\u2501\u2501\u2501\u2501\u2501\u2501 804.0/804.0 kB 2.8 MB/s eta 0:00:00\n[ff3e1bae-71fc-49d5-b76b-636575a3a6b7/test-recon                 ]   | Collecting virtualenv-clone>=0.2.5 (from pipenv)\n[ff3e1bae-71fc-49d5-b76b-636575a3a6b7/test-recon                 ]   |   Downloading virtualenv_clone-0.5.7-py3-none-any.whl (6.6 kB)\n[ff3e1bae-71fc-49d5-b76b-636575a3a6b7/test-web                   ]   | Collecting virtualenv>=20.17.1 (from pipenv)\n[ff3e1bae-71fc-49d5-b76b-636575a3a6b7/test-web                   ]   |   Downloading virtualenv-20.23.1-py3-none-any.whl (3.3 MB)\n[ff3e1bae-71fc-49d5-b76b-636575a3a6b7/test-unmocked-tool-installs]   |      \u2501\u2501\u2501\u2501\u2501\u2501\u2501\u2501\u2501\u2501\u2501\u2501\u2501\u2501\u2501\u2501\u2501\u2501\u2501\u2501\u2501\u2501\u2501\u2501\u2501\u2501\u2501\u2501\u2501\u2501\u2501\u2501\u2501\u2501\u2501\u2501\u2501\u2501\u2501\u2501 3.3/3.3 MB 11.7 MB/s eta 0:00:00\n[ff3e1bae-71fc-49d5-b76b-636575a3a6b7/lint                       ]   | Collecting distlib<1,>=0.3.6 (from virtualenv>=20.17.1->pipenv)\n[ff3e1bae-71fc-49d5-b76b-636575a3a6b7/lint                       ]   |   Downloading distlib-0.3.6-py2.py3-none-any.whl (468 kB)\n[ff3e1bae-71fc-49d5-b76b-636575a3a6b7/test-models                ]   | Collecting virtualenv>=20.17.1 (from pipenv)\n[ff3e1bae-71fc-49d5-b76b-636575a3a6b7/test-models                ]   |   Downloading virtualenv-20.23.1-py3-none-any.whl (3.3 MB)\n[ff3e1bae-71fc-49d5-b76b-636575a3a6b7/test-web                   ]   |      \u2501\u2501\u2501\u2501\u2501\u2501\u2501\u2501\u2501\u2501\u2501\u2501\u2501\u2501\u2501\u2501\u2501\u2501\u2501\u2501\u2501\u2501\u2501\u2501\u2501\u2501\u2501\u2501\u2501\u2501\u2501\u2501\u2501\u2501\u2501\u2501\u2501\u2501\u2501\u2501 3.3/3.3 MB 20.6 MB/s eta 0:00:00\n[ff3e1bae-71fc-49d5-b76b-636575a3a6b7/lint                       ]   |      \u2501\u2501\u2501\u2501\u2501\u2501\u2501\u2501\u2501\u2501\u2501\u2501\u2501\u2501\u2501\u2501\u2501\u2501\u2501\u2501\u2501\u2501\u2501\u2501\u2501\u2501\u2501\u2501\u2501\u2501\u2501\u2501\u2501\u2501\u2501\u2501\u2501\u2501\u2501 468.5/468.5 kB 5.0 MB/s eta 0:00:00\n[ff3e1bae-71fc-49d5-b76b-636575a3a6b7/lint                       ]   | Collecting filelock<4,>=3.12 (from virtualenv>=20.17.1->pipenv)\n[ff3e1bae-71fc-49d5-b76b-636575a3a6b7/lint                       ]   |   Downloading filelock-3.12.2-py3-none-any.whl (10 kB)\n[ff3e1bae-71fc-49d5-b76b-636575a3a6b7/test-recon                 ]   | Collecting virtualenv>=20.17.1 (from pipenv)\n[ff3e1bae-71fc-49d5-b76b-636575a3a6b7/test-recon                 ]   |   Downloading virtualenv-20.23.1-py3-none-any.whl (3.3 MB)\n[ff3e1bae-71fc-49d5-b76b-636575a3a6b7/test-shell                 ]   |      \u2501\u2501\u2501\u2501\u2501\u2501\u2501\u2501\u2501\u2501\u2501\u2501\u2501\u2501\u2501\u2501\u2501\u2501\u2501\u2501\u2501\u2501\u2501\u2501\u2501\u2501\u2501\u2501\u2501\u2501\u2501\u2501\u2501\u2501\u2501\u2501\u2501\u2501\u2501\u2501 3.3/3.3 MB 6.5 MB/s eta 0:00:00\n[ff3e1bae-71fc-49d5-b76b-636575a3a6b7/test-unmocked-tool-installs]   | Collecting distlib<1,>=0.3.6 (from virtualenv>=20.17.1->pipenv)\n[ff3e1bae-71fc-49d5-b76b-636575a3a6b7/test-unmocked-tool-installs]   |   Downloading distlib-0.3.6-py2.py3-none-any.whl (468 kB)\n[ff3e1bae-71fc-49d5-b76b-636575a3a6b7/test-web                   ]   | Collecting distlib<1,>=0.3.6 (from virtualenv>=20.17.1->pipenv)\n[ff3e1bae-71fc-49d5-b76b-636575a3a6b7/test-web                   ]   |   Downloading distlib-0.3.6-py2.py3-none-any.whl (468 kB)\n[ff3e1bae-71fc-49d5-b76b-636575a3a6b7/test-unmocked-tool-installs]   |      \u2501\u2501\u2501\u2501\u2501\u2501\u2501\u2501\u2501\u2501\u2501\u2501\u2501\u2501\u2501\u2501\u2501\u2501\u2501\u2501\u2501\u2501\u2501\u2501\u2501\u2501\u2501\u2501\u2501\u2501\u2501\u2501\u2501\u2501\u2501\u2501\u2501\u2501\u2501 468.5/468.5 kB 5.4 MB/s eta 0:00:00\n[ff3e1bae-71fc-49d5-b76b-636575a3a6b7/lint                       ]   | Collecting importlib-metadata>=6.6 (from virtualenv>=20.17.1->pipenv)\n[ff3e1bae-71fc-49d5-b76b-636575a3a6b7/lint                       ]   |   Downloading importlib_metadata-6.7.0-py3-none-any.whl (22 kB)\n[ff3e1bae-71fc-49d5-b76b-636575a3a6b7/test-web                   ]   |      \u2501\u2501\u2501\u2501\u2501\u2501\u2501\u2501\u2501\u2501\u2501\u2501\u2501\u2501\u2501\u2501\u2501\u2501\u2501\u2501\u2501\u2501\u2501\u2501\u2501\u2501\u2501\u2501\u2501\u2501\u2501\u2501\u2501\u2501\u2501\u2501\u2501\u2501\u2501 468.5/468.5 kB 6.0 MB/s eta 0:00:00\n[ff3e1bae-71fc-49d5-b76b-636575a3a6b7/test-models                ]   |      \u2501\u2501\u2501\u2501\u2501\u2501\u2501\u2501\u2501\u2501\u2501\u2501\u2501\u2501\u2501\u2501\u2501\u2501\u2501\u2501\u2501\u2501\u2501\u2501\u2501\u2501\u2501\u2501\u2501\u2501\u2501\u2501\u2501\u2501\u2501\u2501\u2501\u2501\u2501\u2501 3.3/3.3 MB 8.6 MB/s eta 0:00:00\n[ff3e1bae-71fc-49d5-b76b-636575a3a6b7/test-unmocked-tool-installs]   | Collecting filelock<4,>=3.12 (from virtualenv>=20.17.1->pipenv)\n[ff3e1bae-71fc-49d5-b76b-636575a3a6b7/test-shell                 ]   | Collecting distlib<1,>=0.3.6 (from virtualenv>=20.17.1->pipenv)\n[ff3e1bae-71fc-49d5-b76b-636575a3a6b7/test-unmocked-tool-installs]   |   Downloading filelock-3.12.2-py3-none-any.whl (10 kB)\n[ff3e1bae-71fc-49d5-b76b-636575a3a6b7/test-shell                 ]   |   Downloading distlib-0.3.6-py2.py3-none-any.whl (468 kB)\n[ff3e1bae-71fc-49d5-b76b-636575a3a6b7/test-web                   ]   | Collecting filelock<4,>=3.12 (from virtualenv>=20.17.1->pipenv)\n[ff3e1bae-71fc-49d5-b76b-636575a3a6b7/test-web                   ]   |   Downloading filelock-3.12.2-py3-none-any.whl (10 kB)\n[ff3e1bae-71fc-49d5-b76b-636575a3a6b7/lint                       ]   | Collecting platformdirs<4,>=3.5.1 (from virtualenv>=20.17.1->pipenv)\n[ff3e1bae-71fc-49d5-b76b-636575a3a6b7/lint                       ]   |   Downloading platformdirs-3.8.0-py3-none-any.whl (16 kB)\n[ff3e1bae-71fc-49d5-b76b-636575a3a6b7/test-models                ]   | Collecting distlib<1,>=0.3.6 (from virtualenv>=20.17.1->pipenv)\n[ff3e1bae-71fc-49d5-b76b-636575a3a6b7/test-unmocked-tool-installs]   | Collecting importlib-metadata>=6.6 (from virtualenv>=20.17.1->pipenv)\n[ff3e1bae-71fc-49d5-b76b-636575a3a6b7/test-unmocked-tool-installs]   |   Downloading importlib_metadata-6.7.0-py3-none-any.whl (22 kB)\n[ff3e1bae-71fc-49d5-b76b-636575a3a6b7/test-models                ]   |   Downloading distlib-0.3.6-py2.py3-none-any.whl (468 kB)\n[ff3e1bae-71fc-49d5-b76b-636575a3a6b7/test-shell                 ]   |      \u2501\u2501\u2501\u2501\u2501\u2501\u2501\u2501\u2501\u2501\u2501\u2501\u2501\u2501\u2501\u2501\u2501\u2501\u2501\u2501\u2501\u2501\u2501\u2501\u2501\u2501\u2501\u2501\u2501\u2501\u2501\u2501\u2501\u2501\u2501\u2501\u2501\u2501\u2501 468.5/468.5 kB 2.1 MB/s eta 0:00:00\n[ff3e1bae-71fc-49d5-b76b-636575a3a6b7/lint                       ]   | Collecting zipp>=0.5 (from importlib-metadata>=6.6->virtualenv>=20.17.1->pipenv)\n[ff3e1bae-71fc-49d5-b76b-636575a3a6b7/lint                       ]   |   Downloading zipp-3.15.0-py3-none-any.whl (6.8 kB)\n[ff3e1bae-71fc-49d5-b76b-636575a3a6b7/test-unmocked-tool-installs]   | Collecting platformdirs<4,>=3.5.1 (from virtualenv>=20.17.1->pipenv)\n[ff3e1bae-71fc-49d5-b76b-636575a3a6b7/test-models                ]   |      \u2501\u2501\u2501\u2501\u2501\u2501\u2501\u2501\u2501\u2501\u2501\u2501\u2501\u2501\u2501\u2501\u2501\u2501\u2501\u2501\u2501\u2501\u2501\u2501\u2501\u2501\u2501\u2501\u2501\u2501\u2501\u2501\u2501\u2501\u2501\u2501\u2501\u2501\u2501 468.5/468.5 kB 4.2 MB/s eta 0:00:00\n[ff3e1bae-71fc-49d5-b76b-636575a3a6b7/test-unmocked-tool-installs]   |   Downloading platformdirs-3.8.0-py3-none-any.whl (16 kB)\n[ff3e1bae-71fc-49d5-b76b-636575a3a6b7/test-shell                 ]   | Collecting filelock<4,>=3.12 (from virtualenv>=20.17.1->pipenv)\n[ff3e1bae-71fc-49d5-b76b-636575a3a6b7/test-web                   ]   | Collecting importlib-metadata>=6.6 (from virtualenv>=20.17.1->pipenv)\n[ff3e1bae-71fc-49d5-b76b-636575a3a6b7/test-shell                 ]   |   Downloading filelock-3.12.2-py3-none-any.whl (10 kB)\n[ff3e1bae-71fc-49d5-b76b-636575a3a6b7/test-web                   ]   |   Downloading importlib_metadata-6.7.0-py3-none-any.whl (22 kB)\n[ff3e1bae-71fc-49d5-b76b-636575a3a6b7/test-models                ]   | Collecting filelock<4,>=3.12 (from virtualenv>=20.17.1->pipenv)\n[ff3e1bae-71fc-49d5-b76b-636575a3a6b7/lint                       ]   | Collecting typing-extensions>=3.6.4 (from importlib-metadata>=6.6->virtualenv>=20.17.1->pipenv)\n[ff3e1bae-71fc-49d5-b76b-636575a3a6b7/test-models                ]   |   Downloading filelock-3.12.2-py3-none-any.whl (10 kB)\n[ff3e1bae-71fc-49d5-b76b-636575a3a6b7/lint                       ]   |   Downloading typing_extensions-4.6.3-py3-none-any.whl (31 kB)\n[ff3e1bae-71fc-49d5-b76b-636575a3a6b7/test-recon                 ]   |      \u2501\u2501\u2501\u2501\u2501\u2501\u2501\u2501\u2501\u2501\u2501\u2501\u2501\u2501\u2501\u2501\u2501\u2501\u2501\u2501\u2501\u2501\u2501\u2501\u2501\u2501\u2501\u2501\u2501\u2501\u2501\u2501\u2501\u2501\u2501\u2501\u2501\u2501\u2501\u2501 3.3/3.3 MB 4.1 MB/s eta 0:00:00\n[ff3e1bae-71fc-49d5-b76b-636575a3a6b7/test-web                   ]   | Collecting platformdirs<4,>=3.5.1 (from virtualenv>=20.17.1->pipenv)\n[ff3e1bae-71fc-49d5-b76b-636575a3a6b7/test-web                   ]   |   Downloading platformdirs-3.8.0-py3-none-any.whl (16 kB)\n[ff3e1bae-71fc-49d5-b76b-636575a3a6b7/test-unmocked-tool-installs]   | Collecting zipp>=0.5 (from importlib-metadata>=6.6->virtualenv>=20.17.1->pipenv)\n[ff3e1bae-71fc-49d5-b76b-636575a3a6b7/test-unmocked-tool-installs]   |   Downloading zipp-3.15.0-py3-none-any.whl (6.8 kB)\n[ff3e1bae-71fc-49d5-b76b-636575a3a6b7/test-shell                 ]   | Collecting importlib-metadata>=6.6 (from virtualenv>=20.17.1->pipenv)\n[ff3e1bae-71fc-49d5-b76b-636575a3a6b7/test-shell                 ]   |   Downloading importlib_metadata-6.7.0-py3-none-any.whl (22 kB)\n[ff3e1bae-71fc-49d5-b76b-636575a3a6b7/test-unmocked-tool-installs]   | Collecting typing-extensions>=3.6.4 (from importlib-metadata>=6.6->virtualenv>=20.17.1->pipenv)\n[ff3e1bae-71fc-49d5-b76b-636575a3a6b7/test-unmocked-tool-installs]   |   Downloading typing_extensions-4.6.3-py3-none-any.whl (31 kB)\n[ff3e1bae-71fc-49d5-b76b-636575a3a6b7/test-models                ]   | Collecting importlib-metadata>=6.6 (from virtualenv>=20.17.1->pipenv)\n[ff3e1bae-71fc-49d5-b76b-636575a3a6b7/test-models                ]   |   Downloading importlib_metadata-6.7.0-py3-none-any.whl (22 kB)\n[ff3e1bae-71fc-49d5-b76b-636575a3a6b7/test-recon                 ]   | Collecting distlib<1,>=0.3.6 (from virtualenv>=20.17.1->pipenv)\n[ff3e1bae-71fc-49d5-b76b-636575a3a6b7/test-recon                 ]   |   Downloading distlib-0.3.6-py2.py3-none-any.whl (468 kB)\n[ff3e1bae-71fc-49d5-b76b-636575a3a6b7/test-shell                 ]   | Collecting platformdirs<4,>=3.5.1 (from virtualenv>=20.17.1->pipenv)\n[ff3e1bae-71fc-49d5-b76b-636575a3a6b7/test-shell                 ]   |   Downloading platformdirs-3.8.0-py3-none-any.whl (16 kB)\n[ff3e1bae-71fc-49d5-b76b-636575a3a6b7/test-web                   ]   | Collecting zipp>=0.5 (from importlib-metadata>=6.6->virtualenv>=20.17.1->pipenv)\n[ff3e1bae-71fc-49d5-b76b-636575a3a6b7/test-web                   ]   |   Downloading zipp-3.15.0-py3-none-any.whl (6.8 kB)\n[ff3e1bae-71fc-49d5-b76b-636575a3a6b7/test-models                ]   | Collecting platformdirs<4,>=3.5.1 (from virtualenv>=20.17.1->pipenv)\n[ff3e1bae-71fc-49d5-b76b-636575a3a6b7/test-models                ]   |   Downloading platformdirs-3.8.0-py3-none-any.whl (16 kB)\n[ff3e1bae-71fc-49d5-b76b-636575a3a6b7/test-recon                 ]   |      \u2501\u2501\u2501\u2501\u2501\u2501\u2501\u2501\u2501\u2501\u2501\u2501\u2501\u2501\u2501\u2501\u2501\u2501\u2501\u2501\u2501\u2501\u2501\u2501\u2501\u2501\u2501\u2501\u2501\u2501\u2501\u2501\u2501\u2501\u2501\u2501\u2501\u2501\u2501 468.5/468.5 kB 4.5 MB/s eta 0:00:00\n[ff3e1bae-71fc-49d5-b76b-636575a3a6b7/test-web                   ]   | Collecting typing-extensions>=3.6.4 (from importlib-metadata>=6.6->virtualenv>=20.17.1->pipenv)\n[ff3e1bae-71fc-49d5-b76b-636575a3a6b7/test-web                   ]   |   Downloading typing_extensions-4.6.3-py3-none-any.whl (31 kB)\n[ff3e1bae-71fc-49d5-b76b-636575a3a6b7/test-recon                 ]   | Collecting filelock<4,>=3.12 (from virtualenv>=20.17.1->pipenv)\n[ff3e1bae-71fc-49d5-b76b-636575a3a6b7/test-recon                 ]   |   Downloading filelock-3.12.2-py3-none-any.whl (10 kB)\n[ff3e1bae-71fc-49d5-b76b-636575a3a6b7/test-shell                 ]   | Collecting zipp>=0.5 (from importlib-metadata>=6.6->virtualenv>=20.17.1->pipenv)\n[ff3e1bae-71fc-49d5-b76b-636575a3a6b7/test-shell                 ]   |   Downloading zipp-3.15.0-py3-none-any.whl (6.8 kB)\n[ff3e1bae-71fc-49d5-b76b-636575a3a6b7/test-models                ]   | Collecting zipp>=0.5 (from importlib-metadata>=6.6->virtualenv>=20.17.1->pipenv)\n[ff3e1bae-71fc-49d5-b76b-636575a3a6b7/test-models                ]   |   Downloading zipp-3.15.0-py3-none-any.whl (6.8 kB)\n[ff3e1bae-71fc-49d5-b76b-636575a3a6b7/test-shell                 ]   | Collecting typing-extensions>=3.6.4 (from importlib-metadata>=6.6->virtualenv>=20.17.1->pipenv)\n[ff3e1bae-71fc-49d5-b76b-636575a3a6b7/test-shell                 ]   |   Downloading typing_extensions-4.6.3-py3-none-any.whl (31 kB)\n[ff3e1bae-71fc-49d5-b76b-636575a3a6b7/lint                       ]   | Installing collected packages: distlib, zipp, virtualenv-clone, typing-extensions, setuptools, filelock, certifi, platformdirs, importlib-metadata, virtualenv, pipenv\n[ff3e1bae-71fc-49d5-b76b-636575a3a6b7/test-recon                 ]   | Collecting importlib-metadata>=6.6 (from virtualenv>=20.17.1->pipenv)\n[ff3e1bae-71fc-49d5-b76b-636575a3a6b7/test-models                ]   | Collecting typing-extensions>=3.6.4 (from importlib-metadata>=6.6->virtualenv>=20.17.1->pipenv)\n[ff3e1bae-71fc-49d5-b76b-636575a3a6b7/test-recon                 ]   |   Downloading importlib_metadata-6.7.0-py3-none-any.whl (22 kB)\n[ff3e1bae-71fc-49d5-b76b-636575a3a6b7/test-unmocked-tool-installs]   | Installing collected packages: distlib, zipp, virtualenv-clone, typing-extensions, setuptools, filelock, certifi, platformdirs, importlib-metadata, virtualenv, pipenv\n[ff3e1bae-71fc-49d5-b76b-636575a3a6b7/test-models                ]   |   Downloading typing_extensions-4.6.3-py3-none-any.whl (31 kB)\n[ff3e1bae-71fc-49d5-b76b-636575a3a6b7/test-recon                 ]   | Collecting platformdirs<4,>=3.5.1 (from virtualenv>=20.17.1->pipenv)\n[ff3e1bae-71fc-49d5-b76b-636575a3a6b7/test-recon                 ]   |   Downloading platformdirs-3.8.0-py3-none-any.whl (16 kB)\n[ff3e1bae-71fc-49d5-b76b-636575a3a6b7/lint                       ]   |   Attempting uninstall: setuptools\n[ff3e1bae-71fc-49d5-b76b-636575a3a6b7/lint                       ]   |     Found existing installation: setuptools 47.1.0\n[ff3e1bae-71fc-49d5-b76b-636575a3a6b7/test-web                   ]   | Installing collected packages: distlib, zipp, virtualenv-clone, typing-extensions, setuptools, filelock, certifi, platformdirs, importlib-metadata, virtualenv, pipenv\n[ff3e1bae-71fc-49d5-b76b-636575a3a6b7/lint                       ]   |     Uninstalling setuptools-47.1.0:\n[ff3e1bae-71fc-49d5-b76b-636575a3a6b7/test-recon                 ]   | Collecting zipp>=0.5 (from importlib-metadata>=6.6->virtualenv>=20.17.1->pipenv)\n[ff3e1bae-71fc-49d5-b76b-636575a3a6b7/test-recon                 ]   |   Downloading zipp-3.15.0-py3-none-any.whl (6.8 kB)\n[ff3e1bae-71fc-49d5-b76b-636575a3a6b7/test-unmocked-tool-installs]   |   Attempting uninstall: setuptools\n[ff3e1bae-71fc-49d5-b76b-636575a3a6b7/test-unmocked-tool-installs]   |     Found existing installation: setuptools 47.1.0\n[ff3e1bae-71fc-49d5-b76b-636575a3a6b7/test-unmocked-tool-installs]   |     Uninstalling setuptools-47.1.0:\n[ff3e1bae-71fc-49d5-b76b-636575a3a6b7/test-recon                 ]   | Collecting typing-extensions>=3.6.4 (from importlib-metadata>=6.6->virtualenv>=20.17.1->pipenv)\n[ff3e1bae-71fc-49d5-b76b-636575a3a6b7/test-recon                 ]   |   Downloading typing_extensions-4.6.3-py3-none-any.whl (31 kB)\n[ff3e1bae-71fc-49d5-b76b-636575a3a6b7/test-models                ]   | Installing collected packages: distlib, zipp, virtualenv-clone, typing-extensions, setuptools, filelock, certifi, platformdirs, importlib-metadata, virtualenv, pipenv\n[ff3e1bae-71fc-49d5-b76b-636575a3a6b7/test-shell                 ]   | Installing collected packages: distlib, zipp, virtualenv-clone, typing-extensions, setuptools, filelock, certifi, platformdirs, importlib-metadata, virtualenv, pipenv\n[ff3e1bae-71fc-49d5-b76b-636575a3a6b7/lint                       ]   |       Successfully uninstalled setuptools-47.1.0\n[ff3e1bae-71fc-49d5-b76b-636575a3a6b7/test-unmocked-tool-installs]   |       Successfully uninstalled setuptools-47.1.0\n[ff3e1bae-71fc-49d5-b76b-636575a3a6b7/test-web                   ]   |   Attempting uninstall: setuptools\n[ff3e1bae-71fc-49d5-b76b-636575a3a6b7/test-web                   ]   |     Found existing installation: setuptools 47.1.0\n[ff3e1bae-71fc-49d5-b76b-636575a3a6b7/test-web                   ]   |     Uninstalling setuptools-47.1.0:\n[ff3e1bae-71fc-49d5-b76b-636575a3a6b7/test-models                ]   |   Attempting uninstall: setuptools\n[ff3e1bae-71fc-49d5-b76b-636575a3a6b7/test-models                ]   |     Found existing installation: setuptools 47.1.0\n[ff3e1bae-71fc-49d5-b76b-636575a3a6b7/test-models                ]   |     Uninstalling setuptools-47.1.0:\n[ff3e1bae-71fc-49d5-b76b-636575a3a6b7/test-shell                 ]   |   Attempting uninstall: setuptools\n[ff3e1bae-71fc-49d5-b76b-636575a3a6b7/test-shell                 ]   |     Found existing installation: setuptools 47.1.0\n[ff3e1bae-71fc-49d5-b76b-636575a3a6b7/test-web                   ]   |       Successfully uninstalled setuptools-47.1.0\n[ff3e1bae-71fc-49d5-b76b-636575a3a6b7/test-shell                 ]   |     Uninstalling setuptools-47.1.0:\n[ff3e1bae-71fc-49d5-b76b-636575a3a6b7/test-models                ]   |       Successfully uninstalled setuptools-47.1.0\n[ff3e1bae-71fc-49d5-b76b-636575a3a6b7/test-recon                 ]   | Installing collected packages: distlib, zipp, virtualenv-clone, typing-extensions, setuptools, filelock, certifi, platformdirs, importlib-metadata, virtualenv, pipenv\n[ff3e1bae-71fc-49d5-b76b-636575a3a6b7/test-shell                 ]   |       Successfully uninstalled setuptools-47.1.0\n[ff3e1bae-71fc-49d5-b76b-636575a3a6b7/test-recon                 ]   |   Attempting uninstall: setuptools\n[ff3e1bae-71fc-49d5-b76b-636575a3a6b7/test-recon                 ]   |     Found existing installation: setuptools 47.1.0\n[ff3e1bae-71fc-49d5-b76b-636575a3a6b7/test-recon                 ]   |     Uninstalling setuptools-47.1.0:\n[ff3e1bae-71fc-49d5-b76b-636575a3a6b7/test-recon                 ]   |       Successfully uninstalled setuptools-47.1.0\n[ff3e1bae-71fc-49d5-b76b-636575a3a6b7/lint                       ]   | Successfully installed certifi-2023.5.7 distlib-0.3.6 filelock-3.12.2 importlib-metadata-6.7.0 pipenv-2023.6.26 platformdirs-3.8.0 setuptools-68.0.0 typing-extensions-4.6.3 virtualenv-20.23.1 virtualenv-clone-0.5.7 zipp-3.15.0\n[ff3e1bae-71fc-49d5-b76b-636575a3a6b7/lint                       ]   | \n[ff3e1bae-71fc-49d5-b76b-636575a3a6b7/lint                       ]   | [notice] A new release of pip is available: 20.1.1 -> 23.1.2\n[ff3e1bae-71fc-49d5-b76b-636575a3a6b7/lint                       ]   | [notice] To update, run: pip install --upgrade pip\n[ff3e1bae-71fc-49d5-b76b-636575a3a6b7/test-unmocked-tool-installs]   | Successfully installed certifi-2023.5.7 distlib-0.3.6 filelock-3.12.2 importlib-metadata-6.7.0 pipenv-2023.6.26 platformdirs-3.8.0 setuptools-68.0.0 typing-extensions-4.6.3 virtualenv-20.23.1 virtualenv-clone-0.5.7 zipp-3.15.0\n[ff3e1bae-71fc-49d5-b76b-636575a3a6b7/test-unmocked-tool-installs]   | \n[ff3e1bae-71fc-49d5-b76b-636575a3a6b7/test-unmocked-tool-installs]   | [notice] A new release of pip is available: 20.1.1 -> 23.1.2\n[ff3e1bae-71fc-49d5-b76b-636575a3a6b7/test-unmocked-tool-installs]   | [notice] To update, run: pip install --upgrade pip\n[ff3e1bae-71fc-49d5-b76b-636575a3a6b7/test-models                ]   | Successfully installed certifi-2023.5.7 distlib-0.3.6 filelock-3.12.2 importlib-metadata-6.7.0 pipenv-2023.6.26 platformdirs-3.8.0 setuptools-68.0.0 typing-extensions-4.6.3 virtualenv-20.23.1 virtualenv-clone-0.5.7 zipp-3.15.0\n[ff3e1bae-71fc-49d5-b76b-636575a3a6b7/test-models                ]   | \n[ff3e1bae-71fc-49d5-b76b-636575a3a6b7/test-models                ]   | [notice] A new release of pip is available: 20.1.1 -> 23.1.2\n[ff3e1bae-71fc-49d5-b76b-636575a3a6b7/test-models                ]   | [notice] To update, run: pip install --upgrade pip\n[ff3e1bae-71fc-49d5-b76b-636575a3a6b7/test-web                   ]   | Successfully installed certifi-2023.5.7 distlib-0.3.6 filelock-3.12.2 importlib-metadata-6.7.0 pipenv-2023.6.26 platformdirs-3.8.0 setuptools-68.0.0 typing-extensions-4.6.3 virtualenv-20.23.1 virtualenv-clone-0.5.7 zipp-3.15.0\n[ff3e1bae-71fc-49d5-b76b-636575a3a6b7/test-shell                 ]   | Successfully installed certifi-2023.5.7 distlib-0.3.6 filelock-3.12.2 importlib-metadata-6.7.0 pipenv-2023.6.26 platformdirs-3.8.0 setuptools-68.0.0 typing-extensions-4.6.3 virtualenv-20.23.1 virtualenv-clone-0.5.7 zipp-3.15.0\n[ff3e1bae-71fc-49d5-b76b-636575a3a6b7/test-web                   ]   | \n[ff3e1bae-71fc-49d5-b76b-636575a3a6b7/test-web                   ]   | [notice] A new release of pip is available: 20.1.1 -> 23.1.2\n[ff3e1bae-71fc-49d5-b76b-636575a3a6b7/test-web                   ]   | [notice] To update, run: pip install --upgrade pip\n[ff3e1bae-71fc-49d5-b76b-636575a3a6b7/test-shell                 ]   | \n[ff3e1bae-71fc-49d5-b76b-636575a3a6b7/test-shell                 ]   | [notice] A new release of pip is available: 20.1.1 -> 23.1.2\n[ff3e1bae-71fc-49d5-b76b-636575a3a6b7/test-shell                 ]   | [notice] To update, run: pip install --upgrade pip\n[ff3e1bae-71fc-49d5-b76b-636575a3a6b7/test-recon                 ]   | Successfully installed certifi-2023.5.7 distlib-0.3.6 filelock-3.12.2 importlib-metadata-6.7.0 pipenv-2023.6.26 platformdirs-3.8.0 setuptools-68.0.0 typing-extensions-4.6.3 virtualenv-20.23.1 virtualenv-clone-0.5.7 zipp-3.15.0\n[ff3e1bae-71fc-49d5-b76b-636575a3a6b7/test-recon                 ]   | \n[ff3e1bae-71fc-49d5-b76b-636575a3a6b7/test-recon                 ]   | [notice] A new release of pip is available: 20.1.1 -> 23.1.2\n[ff3e1bae-71fc-49d5-b76b-636575a3a6b7/test-recon                 ]   | [notice] To update, run: pip install --upgrade pip\n[ff3e1bae-71fc-49d5-b76b-636575a3a6b7/lint                       ]   | Creating a virtualenv for this project...\n[ff3e1bae-71fc-49d5-b76b-636575a3a6b7/lint                       ]   | Pipfile: /tmp/ad9c0f7e-1596-11ee-8a50-bb14de238602/epi052-recon-pipeline/Pipfile\n[ff3e1bae-71fc-49d5-b76b-636575a3a6b7/lint                       ]   | Using /usr/local/bin/python (3.8.10) to create virtualenv...\n[ff3e1bae-71fc-49d5-b76b-636575a3a6b7/test-unmocked-tool-installs]   | Creating a virtualenv for this project...\n[ff3e1bae-71fc-49d5-b76b-636575a3a6b7/test-unmocked-tool-installs]   | Pipfile: /tmp/ad9c0f7e-1596-11ee-8a50-bb14de238602/epi052-recon-pipeline/Pipfile\n[ff3e1bae-71fc-49d5-b76b-636575a3a6b7/test-unmocked-tool-installs]   | Using /usr/local/bin/python (3.8.10) to create virtualenv...\n[ff3e1bae-71fc-49d5-b76b-636575a3a6b7/test-web                   ]   | Creating a virtualenv for this project...\n[ff3e1bae-71fc-49d5-b76b-636575a3a6b7/test-web                   ]   | Pipfile: /tmp/ad9c0f7e-1596-11ee-8a50-bb14de238602/epi052-recon-pipeline/Pipfile\n[ff3e1bae-71fc-49d5-b76b-636575a3a6b7/test-web                   ]   | Using /usr/local/bin/python (3.8.10) to create virtualenv...\n[ff3e1bae-71fc-49d5-b76b-636575a3a6b7/test-models                ]   | Creating a virtualenv for this project...\n[ff3e1bae-71fc-49d5-b76b-636575a3a6b7/test-models                ]   | Pipfile: /tmp/ad9c0f7e-1596-11ee-8a50-bb14de238602/epi052-recon-pipeline/Pipfile\n[ff3e1bae-71fc-49d5-b76b-636575a3a6b7/test-shell                 ]   | Creating a virtualenv for this project...\n[ff3e1bae-71fc-49d5-b76b-636575a3a6b7/test-shell                 ]   | Pipfile: /tmp/ad9c0f7e-1596-11ee-8a50-bb14de238602/epi052-recon-pipeline/Pipfile\n[ff3e1bae-71fc-49d5-b76b-636575a3a6b7/test-models                ]   | Using /usr/local/bin/python (3.8.10) to create virtualenv...\n[ff3e1bae-71fc-49d5-b76b-636575a3a6b7/test-shell                 ]   | Using /usr/local/bin/python (3.8.10) to create virtualenv...\n[ff3e1bae-71fc-49d5-b76b-636575a3a6b7/test-recon                 ]   | Creating a virtualenv for this project...\n[ff3e1bae-71fc-49d5-b76b-636575a3a6b7/test-recon                 ]   | Pipfile: /tmp/ad9c0f7e-1596-11ee-8a50-bb14de238602/epi052-recon-pipeline/Pipfile\n[ff3e1bae-71fc-49d5-b76b-636575a3a6b7/test-recon                 ]   | Using /usr/local/bin/python (3.8.10) to create virtualenv...\n[ff3e1bae-71fc-49d5-b76b-636575a3a6b7/lint                       ]   | created virtual environment CPython3.8.10.final.0-64 in 977ms\n[ff3e1bae-71fc-49d5-b76b-636575a3a6b7/lint                       ]   |   creator CPython3Posix(dest=/home/runneradmin/.local/share/virtualenvs/epi052-recon-pipeline-0j31QeFu, clear=False, no_vcs_ignore=False, global=False)\n[ff3e1bae-71fc-49d5-b76b-636575a3a6b7/lint                       ]   |   seeder FromAppData(download=False, pip=bundle, setuptools=bundle, wheel=bundle, via=copy, app_data_dir=/home/runneradmin/.local/share/virtualenv)\n[ff3e1bae-71fc-49d5-b76b-636575a3a6b7/lint                       ]   |     added seed packages: pip==23.1.2, setuptools==67.8.0, wheel==0.40.0\n[ff3e1bae-71fc-49d5-b76b-636575a3a6b7/lint                       ]   |   activators BashActivator,CShellActivator,FishActivator,NushellActivator,PowerShellActivator,PythonActivator\n[ff3e1bae-71fc-49d5-b76b-636575a3a6b7/lint                       ]   | \n[ff3e1bae-71fc-49d5-b76b-636575a3a6b7/lint                       ]   | Successfully created virtual environment!\n[ff3e1bae-71fc-49d5-b76b-636575a3a6b7/lint                       ]   | Virtualenv location: /home/runneradmin/.local/share/virtualenvs/epi052-recon-pipeline-0j31QeFu\n[ff3e1bae-71fc-49d5-b76b-636575a3a6b7/lint                       ]   | Installing dependencies from Pipfile.lock (87841e)...\n[ff3e1bae-71fc-49d5-b76b-636575a3a6b7/test-unmocked-tool-installs]   | created virtual environment CPython3.8.10.final.0-64 in 1170ms\n[ff3e1bae-71fc-49d5-b76b-636575a3a6b7/test-unmocked-tool-installs]   |   creator CPython3Posix(dest=/home/runneradmin/.local/share/virtualenvs/epi052-recon-pipeline-0j31QeFu, clear=False, no_vcs_ignore=False, global=False)\n[ff3e1bae-71fc-49d5-b76b-636575a3a6b7/test-unmocked-tool-installs]   |   seeder FromAppData(download=False, pip=bundle, setuptools=bundle, wheel=bundle, via=copy, app_data_dir=/home/runneradmin/.local/share/virtualenv)\n[ff3e1bae-71fc-49d5-b76b-636575a3a6b7/test-unmocked-tool-installs]   |     added seed packages: pip==23.1.2, setuptools==67.8.0, wheel==0.40.0\n[ff3e1bae-71fc-49d5-b76b-636575a3a6b7/test-unmocked-tool-installs]   |   activators BashActivator,CShellActivator,FishActivator,NushellActivator,PowerShellActivator,PythonActivator\n[ff3e1bae-71fc-49d5-b76b-636575a3a6b7/test-unmocked-tool-installs]   | \n[ff3e1bae-71fc-49d5-b76b-636575a3a6b7/test-unmocked-tool-installs]   | Successfully created virtual environment!\n[ff3e1bae-71fc-49d5-b76b-636575a3a6b7/test-unmocked-tool-installs]   | Virtualenv location: /home/runneradmin/.local/share/virtualenvs/epi052-recon-pipeline-0j31QeFu\n[ff3e1bae-71fc-49d5-b76b-636575a3a6b7/test-unmocked-tool-installs]   | Installing dependencies from Pipfile.lock (87841e)...\n[ff3e1bae-71fc-49d5-b76b-636575a3a6b7/test-shell                 ]   | created virtual environment CPython3.8.10.final.0-64 in 1055ms\n[ff3e1bae-71fc-49d5-b76b-636575a3a6b7/test-shell                 ]   |   creator CPython3Posix(dest=/home/runneradmin/.local/share/virtualenvs/epi052-recon-pipeline-0j31QeFu, clear=False, no_vcs_ignore=False, global=False)\n[ff3e1bae-71fc-49d5-b76b-636575a3a6b7/test-shell                 ]   |   seeder FromAppData(download=False, pip=bundle, setuptools=bundle, wheel=bundle, via=copy, app_data_dir=/home/runneradmin/.local/share/virtualenv)\n[ff3e1bae-71fc-49d5-b76b-636575a3a6b7/test-shell                 ]   |     added seed packages: pip==23.1.2, setuptools==67.8.0, wheel==0.40.0\n[ff3e1bae-71fc-49d5-b76b-636575a3a6b7/test-shell                 ]   |   activators BashActivator,CShellActivator,FishActivator,NushellActivator,PowerShellActivator,PythonActivator\n[ff3e1bae-71fc-49d5-b76b-636575a3a6b7/test-shell                 ]   | \n[ff3e1bae-71fc-49d5-b76b-636575a3a6b7/test-shell                 ]   | Successfully created virtual environment!\n[ff3e1bae-71fc-49d5-b76b-636575a3a6b7/test-web                   ]   | created virtual environment CPython3.8.10.final.0-64 in 1206ms\n[ff3e1bae-71fc-49d5-b76b-636575a3a6b7/test-web                   ]   |   creator CPython3Posix(dest=/home/runneradmin/.local/share/virtualenvs/epi052-recon-pipeline-0j31QeFu, clear=False, no_vcs_ignore=False, global=False)\n[ff3e1bae-71fc-49d5-b76b-636575a3a6b7/test-web                   ]   |   seeder FromAppData(download=False, pip=bundle, setuptools=bundle, wheel=bundle, via=copy, app_data_dir=/home/runneradmin/.local/share/virtualenv)\n[ff3e1bae-71fc-49d5-b76b-636575a3a6b7/test-web                   ]   |     added seed packages: pip==23.1.2, setuptools==67.8.0, wheel==0.40.0\n[ff3e1bae-71fc-49d5-b76b-636575a3a6b7/test-web                   ]   |   activators BashActivator,CShellActivator,FishActivator,NushellActivator,PowerShellActivator,PythonActivator\n[ff3e1bae-71fc-49d5-b76b-636575a3a6b7/test-web                   ]   | \n[ff3e1bae-71fc-49d5-b76b-636575a3a6b7/test-web                   ]   | Successfully created virtual environment!\n[ff3e1bae-71fc-49d5-b76b-636575a3a6b7/test-models                ]   | created virtual environment CPython3.8.10.final.0-64 in 1078ms\n[ff3e1bae-71fc-49d5-b76b-636575a3a6b7/test-models                ]   |   creator CPython3Posix(dest=/home/runneradmin/.local/share/virtualenvs/epi052-recon-pipeline-0j31QeFu, clear=False, no_vcs_ignore=False, global=False)\n[ff3e1bae-71fc-49d5-b76b-636575a3a6b7/test-models                ]   |   seeder FromAppData(download=False, pip=bundle, setuptools=bundle, wheel=bundle, via=copy, app_data_dir=/home/runneradmin/.local/share/virtualenv)\n[ff3e1bae-71fc-49d5-b76b-636575a3a6b7/test-models                ]   |     added seed packages: pip==23.1.2, setuptools==67.8.0, wheel==0.40.0\n[ff3e1bae-71fc-49d5-b76b-636575a3a6b7/test-models                ]   |   activators BashActivator,CShellActivator,FishActivator,NushellActivator,PowerShellActivator,PythonActivator\n[ff3e1bae-71fc-49d5-b76b-636575a3a6b7/test-models                ]   | \n[ff3e1bae-71fc-49d5-b76b-636575a3a6b7/test-models                ]   | Successfully created virtual environment!\n[ff3e1bae-71fc-49d5-b76b-636575a3a6b7/test-shell                 ]   | Virtualenv location: /home/runneradmin/.local/share/virtualenvs/epi052-recon-pipeline-0j31QeFu\n[ff3e1bae-71fc-49d5-b76b-636575a3a6b7/test-web                   ]   | Virtualenv location: /home/runneradmin/.local/share/virtualenvs/epi052-recon-pipeline-0j31QeFu\n[ff3e1bae-71fc-49d5-b76b-636575a3a6b7/test-models                ]   | Virtualenv location: /home/runneradmin/.local/share/virtualenvs/epi052-recon-pipeline-0j31QeFu\n[ff3e1bae-71fc-49d5-b76b-636575a3a6b7/test-shell                 ]   | Installing dependencies from Pipfile.lock (87841e)...\n[ff3e1bae-71fc-49d5-b76b-636575a3a6b7/test-web                   ]   | Installing dependencies from Pipfile.lock (87841e)...\n[ff3e1bae-71fc-49d5-b76b-636575a3a6b7/test-recon                 ]   | created virtual environment CPython3.8.10.final.0-64 in 1099ms\n[ff3e1bae-71fc-49d5-b76b-636575a3a6b7/test-recon                 ]   |   creator CPython3Posix(dest=/home/runneradmin/.local/share/virtualenvs/epi052-recon-pipeline-0j31QeFu, clear=False, no_vcs_ignore=False, global=False)\n[ff3e1bae-71fc-49d5-b76b-636575a3a6b7/test-recon                 ]   |   seeder FromAppData(download=False, pip=bundle, setuptools=bundle, wheel=bundle, via=copy, app_data_dir=/home/runneradmin/.local/share/virtualenv)\n[ff3e1bae-71fc-49d5-b76b-636575a3a6b7/test-recon                 ]   |     added seed packages: pip==23.1.2, setuptools==67.8.0, wheel==0.40.0\n[ff3e1bae-71fc-49d5-b76b-636575a3a6b7/test-recon                 ]   |   activators BashActivator,CShellActivator,FishActivator,NushellActivator,PowerShellActivator,PythonActivator\n[ff3e1bae-71fc-49d5-b76b-636575a3a6b7/test-recon                 ]   | \n[ff3e1bae-71fc-49d5-b76b-636575a3a6b7/test-recon                 ]   | Successfully created virtual environment!\n[ff3e1bae-71fc-49d5-b76b-636575a3a6b7/test-models                ]   | Installing dependencies from Pipfile.lock (87841e)...\n[ff3e1bae-71fc-49d5-b76b-636575a3a6b7/test-recon                 ]   | Virtualenv location: /home/runneradmin/.local/share/virtualenvs/epi052-recon-pipeline-0j31QeFu\n[ff3e1bae-71fc-49d5-b76b-636575a3a6b7/test-recon                 ]   | Installing dependencies from Pipfile.lock (87841e)...\n[ff3e1bae-71fc-49d5-b76b-636575a3a6b7/lint                       ]   | Installing dependencies from Pipfile.lock (87841e)...\n[ff3e1bae-71fc-49d5-b76b-636575a3a6b7/test-recon                 ]   | Installing dependencies from Pipfile.lock (87841e)...\n[ff3e1bae-71fc-49d5-b76b-636575a3a6b7/test-unmocked-tool-installs]   | Installing dependencies from Pipfile.lock (87841e)...\n[ff3e1bae-71fc-49d5-b76b-636575a3a6b7/test-models                ]   | Installing dependencies from Pipfile.lock (87841e)...\n[ff3e1bae-71fc-49d5-b76b-636575a3a6b7/test-shell                 ]   | Installing dependencies from Pipfile.lock (87841e)...\n[ff3e1bae-71fc-49d5-b76b-636575a3a6b7/test-web                   ]   | Installing dependencies from Pipfile.lock (87841e)...\n[ff3e1bae-71fc-49d5-b76b-636575a3a6b7/lint                       ]   | To activate this project's virtualenv, run pipenv shell.\n[ff3e1bae-71fc-49d5-b76b-636575a3a6b7/lint                       ]   | Alternatively, run a command inside the virtualenv with pipenv run.\n[ff3e1bae-71fc-49d5-b76b-636575a3a6b7/lint                       ]   \u2705  Success - Main Set up pipenv\n[ff3e1bae-71fc-49d5-b76b-636575a3a6b7/test-unmocked-tool-installs]   | To activate this project's virtualenv, run pipenv shell.\n[ff3e1bae-71fc-49d5-b76b-636575a3a6b7/test-unmocked-tool-installs]   | Alternatively, run a command inside the virtualenv with pipenv run.\n[ff3e1bae-71fc-49d5-b76b-636575a3a6b7/test-shell                 ]   | To activate this project's virtualenv, run pipenv shell.\n[ff3e1bae-71fc-49d5-b76b-636575a3a6b7/test-shell                 ]   | Alternatively, run a command inside the virtualenv with pipenv run.\n[ff3e1bae-71fc-49d5-b76b-636575a3a6b7/test-unmocked-tool-installs]   \u2705  Success - Main Set up pipenv\n[ff3e1bae-71fc-49d5-b76b-636575a3a6b7/lint                       ] \u2b50 Run Main Lint with flake8\n[ff3e1bae-71fc-49d5-b76b-636575a3a6b7/test-recon                 ]   | To activate this project's virtualenv, run pipenv shell.\n[ff3e1bae-71fc-49d5-b76b-636575a3a6b7/test-recon                 ]   | Alternatively, run a command inside the virtualenv with pipenv run.\n[ff3e1bae-71fc-49d5-b76b-636575a3a6b7/test-shell                 ]   \u2705  Success - Main Set up pipenv\n[ff3e1bae-71fc-49d5-b76b-636575a3a6b7/test-recon                 ]   \u2705  Success - Main Set up pipenv\n[ff3e1bae-71fc-49d5-b76b-636575a3a6b7/test-models                ]   | To activate this project's virtualenv, run pipenv shell.\n[ff3e1bae-71fc-49d5-b76b-636575a3a6b7/test-models                ]   | Alternatively, run a command inside the virtualenv with pipenv run.\n[ff3e1bae-71fc-49d5-b76b-636575a3a6b7/test-web                   ]   | To activate this project's virtualenv, run pipenv shell.\n[ff3e1bae-71fc-49d5-b76b-636575a3a6b7/test-web                   ]   | Alternatively, run a command inside the virtualenv with pipenv run.\n[ff3e1bae-71fc-49d5-b76b-636575a3a6b7/test-models                ]   \u2705  Success - Main Set up pipenv\n[ff3e1bae-71fc-49d5-b76b-636575a3a6b7/lint                       ]   \ud83d\udc33  docker exec cmd=[bash --noprofile --norc -e -o pipefail /var/run/act/workflow/3] user= workdir=\n[ff3e1bae-71fc-49d5-b76b-636575a3a6b7/test-web                   ]   \u2705  Success - Main Set up pipenv\n[ff3e1bae-71fc-49d5-b76b-636575a3a6b7/test-unmocked-tool-installs] \u2b50 Run Main Test with pytest\n[ff3e1bae-71fc-49d5-b76b-636575a3a6b7/test-shell                 ] \u2b50 Run Main Test with pytest\n[ff3e1bae-71fc-49d5-b76b-636575a3a6b7/test-recon                 ] \u2b50 Run Main Test with pytest\n[ff3e1bae-71fc-49d5-b76b-636575a3a6b7/test-models                ] \u2b50 Run Main Test with pytest\n[ff3e1bae-71fc-49d5-b76b-636575a3a6b7/test-unmocked-tool-installs]   \ud83d\udc33  docker exec cmd=[bash --noprofile --norc -e -o pipefail /var/run/act/workflow/3] user= workdir=\n[ff3e1bae-71fc-49d5-b76b-636575a3a6b7/test-shell                 ]   \ud83d\udc33  docker exec cmd=[bash --noprofile --norc -e -o pipefail /var/run/act/workflow/3] user= workdir=\n[ff3e1bae-71fc-49d5-b76b-636575a3a6b7/test-web                   ] \u2b50 Run Main Test with pytest\n[ff3e1bae-71fc-49d5-b76b-636575a3a6b7/test-models                ]   \ud83d\udc33  docker exec cmd=[bash --noprofile --norc -e -o pipefail /var/run/act/workflow/3] user= workdir=\n[ff3e1bae-71fc-49d5-b76b-636575a3a6b7/test-recon                 ]   \ud83d\udc33  docker exec cmd=[bash --noprofile --norc -e -o pipefail /var/run/act/workflow/3] user= workdir=\n[ff3e1bae-71fc-49d5-b76b-636575a3a6b7/test-web                   ]   \ud83d\udc33  docker exec cmd=[bash --noprofile --norc -e -o pipefail /var/run/act/workflow/3] user= workdir=\n[ff3e1bae-71fc-49d5-b76b-636575a3a6b7/lint                       ]   | Installing flake8...\n[ff3e1bae-71fc-49d5-b76b-636575a3a6b7/lint                       ]   | Resolving flake8...\n[ff3e1bae-71fc-49d5-b76b-636575a3a6b7/test-shell                 ]   | Installing pytest...\n[ff3e1bae-71fc-49d5-b76b-636575a3a6b7/test-models                ]   | Installing pytest...\n[ff3e1bae-71fc-49d5-b76b-636575a3a6b7/test-web                   ]   | Installing pytest...\n[ff3e1bae-71fc-49d5-b76b-636575a3a6b7/test-recon                 ]   | Installing pytest...\n[ff3e1bae-71fc-49d5-b76b-636575a3a6b7/test-shell                 ]   | Resolving pytest...\n[ff3e1bae-71fc-49d5-b76b-636575a3a6b7/test-models                ]   | Resolving pytest...\n[ff3e1bae-71fc-49d5-b76b-636575a3a6b7/test-web                   ]   | Resolving pytest...\n[ff3e1bae-71fc-49d5-b76b-636575a3a6b7/lint                       ]   | Adding flake8 to Pipfile's [packages] ...\n[ff3e1bae-71fc-49d5-b76b-636575a3a6b7/test-recon                 ]   | Resolving pytest...\n[ff3e1bae-71fc-49d5-b76b-636575a3a6b7/test-shell                 ]   | Adding pytest to Pipfile's [packages] ...\n[ff3e1bae-71fc-49d5-b76b-636575a3a6b7/test-models                ]   | Adding pytest to Pipfile's [packages] ...\n[ff3e1bae-71fc-49d5-b76b-636575a3a6b7/test-web                   ]   | Adding pytest to Pipfile's [packages] ...\n[ff3e1bae-71fc-49d5-b76b-636575a3a6b7/test-shell                 ]   | Installation Succeeded\n[ff3e1bae-71fc-49d5-b76b-636575a3a6b7/test-web                   ]   | Installation Succeeded\n[ff3e1bae-71fc-49d5-b76b-636575a3a6b7/test-models                ]   | Installation Succeeded\n[ff3e1bae-71fc-49d5-b76b-636575a3a6b7/test-models                ]   | Installing --junitxml=report.xml...\n[ff3e1bae-71fc-49d5-b76b-636575a3a6b7/test-shell                 ]   | Installing --junitxml=report.xml...\n[ff3e1bae-71fc-49d5-b76b-636575a3a6b7/test-web                   ]   | Installing --junitxml=report.xml...\n[ff3e1bae-71fc-49d5-b76b-636575a3a6b7/test-shell                 ]   | Resolving --junitxml=report.xml...\n[ff3e1bae-71fc-49d5-b76b-636575a3a6b7/test-models                ]   | Resolving --junitxml=report.xml...\n[ff3e1bae-71fc-49d5-b76b-636575a3a6b7/test-web                   ]   | Resolving --junitxml=report.xml...\n[ff3e1bae-71fc-49d5-b76b-636575a3a6b7/lint                       ]   | Installation Succeeded\n[ff3e1bae-71fc-49d5-b76b-636575a3a6b7/test-recon                 ]   | Adding pytest to Pipfile's [packages] ...\n[ff3e1bae-71fc-49d5-b76b-636575a3a6b7/test-shell                 ]   | Traceback (most recent call last):\n[ff3e1bae-71fc-49d5-b76b-636575a3a6b7/test-shell                 ]   |   File \"/opt/hostedtoolcache/Python/3.7.11/x64/lib/python3.7/site-packages/pipenv/patched/pip/_vendor/packaging/requirements.py\", line 102, in __init__\n[ff3e1bae-71fc-49d5-b76b-636575a3a6b7/test-shell                 ]   |     req = REQUIREMENT.parseString(requirement_string)\n[ff3e1bae-71fc-49d5-b76b-636575a3a6b7/test-shell                 ]   |   File \"/opt/hostedtoolcache/Python/3.7.11/x64/lib/python3.7/site-packages/pipenv/patched/pip/_vendor/pyparsing/core.py\", line 1141, in parse_string\n[ff3e1bae-71fc-49d5-b76b-636575a3a6b7/test-shell                 ]   |     raise exc.with_traceback(None)\n[ff3e1bae-71fc-49d5-b76b-636575a3a6b7/test-shell                 ]   | pipenv.patched.pip._vendor.pyparsing.exceptions.ParseException: Expected W:(0-9A-Za-z), found '-'  (at char 0), (line:1, col:1)\n[ff3e1bae-71fc-49d5-b76b-636575a3a6b7/test-shell                 ]   | \n[ff3e1bae-71fc-49d5-b76b-636575a3a6b7/test-shell                 ]   | During handling of the above exception, another exception occurred:\n[ff3e1bae-71fc-49d5-b76b-636575a3a6b7/test-shell                 ]   | \n[ff3e1bae-71fc-49d5-b76b-636575a3a6b7/test-shell                 ]   | Traceback (most recent call last):\n[ff3e1bae-71fc-49d5-b76b-636575a3a6b7/test-shell                 ]   |   File \"/opt/hostedtoolcache/Python/3.7.11/x64/lib/python3.7/site-packages/pipenv/vendor/requirementslib/models/requirements.py\", line 947, in _parse_name_from_line\n[ff3e1bae-71fc-49d5-b76b-636575a3a6b7/test-shell                 ]   |     self._requirement = init_requirement(self.line)\n[ff3e1bae-71fc-49d5-b76b-636575a3a6b7/test-shell                 ]   |   File \"/opt/hostedtoolcache/Python/3.7.11/x64/lib/python3.7/site-packages/pipenv/vendor/requirementslib/models/utils.py\", line 196, in init_requirement\n[ff3e1bae-71fc-49d5-b76b-636575a3a6b7/test-shell                 ]   |     req = HashableRequirement.parse(name)\n[ff3e1bae-71fc-49d5-b76b-636575a3a6b7/test-shell                 ]   |   File \"/opt/hostedtoolcache/Python/3.7.11/x64/lib/python3.7/site-packages/pipenv/vendor/requirementslib/models/utils.py\", line 187, in parse\n[ff3e1bae-71fc-49d5-b76b-636575a3a6b7/test-shell                 ]   |     HashableRequirement, join_continuation(map(drop_comment, yield_lines(s)))\n[ff3e1bae-71fc-49d5-b76b-636575a3a6b7/test-shell                 ]   |   File \"/opt/hostedtoolcache/Python/3.7.11/x64/lib/python3.7/site-packages/pipenv/patched/pip/_vendor/pkg_resources/__init__.py\", line 3173, in __init__\n[ff3e1bae-71fc-49d5-b76b-636575a3a6b7/test-shell                 ]   |     super(Requirement, self).__init__(requirement_string)\n[ff3e1bae-71fc-49d5-b76b-636575a3a6b7/test-shell                 ]   |   File \"/opt/hostedtoolcache/Python/3.7.11/x64/lib/python3.7/site-packages/pipenv/patched/pip/_vendor/packaging/requirements.py\", line 105, in __init__\n[ff3e1bae-71fc-49d5-b76b-636575a3a6b7/test-shell                 ]   |     f'Parse error at \"{ requirement_string[e.loc : e.loc + 8]!r}\": {e.msg}'\n[ff3e1bae-71fc-49d5-b76b-636575a3a6b7/test-shell                 ]   | pipenv.patched.pip._vendor.packaging.requirements.InvalidRequirement: Parse error at \"'--junitx'\": Expected W:(0-9A-Za-z)\n[ff3e1bae-71fc-49d5-b76b-636575a3a6b7/test-shell                 ]   | \n[ff3e1bae-71fc-49d5-b76b-636575a3a6b7/test-shell                 ]   | During handling of the above exception, another exception occurred:\n[ff3e1bae-71fc-49d5-b76b-636575a3a6b7/test-shell                 ]   | \n[ff3e1bae-71fc-49d5-b76b-636575a3a6b7/test-shell                 ]   | Traceback (most recent call last):\n[ff3e1bae-71fc-49d5-b76b-636575a3a6b7/test-shell                 ]   |   File \"/opt/hostedtoolcache/Python/3.7.11/x64/bin/pipenv\", line 8, in <module>\n[ff3e1bae-71fc-49d5-b76b-636575a3a6b7/test-shell                 ]   |     sys.exit(cli())\n[ff3e1bae-71fc-49d5-b76b-636575a3a6b7/test-shell                 ]   |   File \"/opt/hostedtoolcache/Python/3.7.11/x64/lib/python3.7/site-packages/pipenv/vendor/click/core.py\", line 1130, in __call__\n[ff3e1bae-71fc-49d5-b76b-636575a3a6b7/test-shell                 ]   |     return self.main(*args, **kwargs)\n[ff3e1bae-71fc-49d5-b76b-636575a3a6b7/test-shell                 ]   |   File \"/opt/hostedtoolcache/Python/3.7.11/x64/lib/python3.7/site-packages/pipenv/cli/options.py\", line 58, in main\n[ff3e1bae-71fc-49d5-b76b-636575a3a6b7/test-shell                 ]   |     return super().main(*args, **kwargs, windows_expand_args=False)\n[ff3e1bae-71fc-49d5-b76b-636575a3a6b7/test-shell                 ]   |   File \"/opt/hostedtoolcache/Python/3.7.11/x64/lib/python3.7/site-packages/pipenv/vendor/click/core.py\", line 1055, in main\n[ff3e1bae-71fc-49d5-b76b-636575a3a6b7/test-shell                 ]   |     rv = self.invoke(ctx)\n[ff3e1bae-71fc-49d5-b76b-636575a3a6b7/test-shell                 ]   |   File \"/opt/hostedtoolcache/Python/3.7.11/x64/lib/python3.7/site-packages/pipenv/vendor/click/core.py\", line 1657, in invoke\n[ff3e1bae-71fc-49d5-b76b-636575a3a6b7/test-shell                 ]   |     return _process_result(sub_ctx.command.invoke(sub_ctx))\n[ff3e1bae-71fc-49d5-b76b-636575a3a6b7/test-shell                 ]   |   File \"/opt/hostedtoolcache/Python/3.7.11/x64/lib/python3.7/site-packages/pipenv/vendor/click/core.py\", line 1404, in invoke\n[ff3e1bae-71fc-49d5-b76b-636575a3a6b7/test-shell                 ]   |     return ctx.invoke(self.callback, **ctx.params)\n[ff3e1bae-71fc-49d5-b76b-636575a3a6b7/test-shell                 ]   |   File \"/opt/hostedtoolcache/Python/3.7.11/x64/lib/python3.7/site-packages/pipenv/vendor/click/core.py\", line 760, in invoke\n[ff3e1bae-71fc-49d5-b76b-636575a3a6b7/test-shell                 ]   |     return __callback(*args, **kwargs)\n[ff3e1bae-71fc-49d5-b76b-636575a3a6b7/test-shell                 ]   |   File \"/opt/hostedtoolcache/Python/3.7.11/x64/lib/python3.7/site-packages/pipenv/vendor/click/decorators.py\", line 84, in new_func\n[ff3e1bae-71fc-49d5-b76b-636575a3a6b7/test-shell                 ]   |     return ctx.invoke(f, obj, *args, **kwargs)\n[ff3e1bae-71fc-49d5-b76b-636575a3a6b7/test-shell                 ]   |   File \"/opt/hostedtoolcache/Python/3.7.11/x64/lib/python3.7/site-packages/pipenv/vendor/click/core.py\", line 760, in invoke\n[ff3e1bae-71fc-49d5-b76b-636575a3a6b7/test-shell                 ]   |     return __callback(*args, **kwargs)\n[ff3e1bae-71fc-49d5-b76b-636575a3a6b7/test-shell                 ]   |   File \"/opt/hostedtoolcache/Python/3.7.11/x64/lib/python3.7/site-packages/pipenv/cli/command.py\", line 253, in install\n[ff3e1bae-71fc-49d5-b76b-636575a3a6b7/test-shell                 ]   |     categories=state.installstate.categories,\n[ff3e1bae-71fc-49d5-b76b-636575a3a6b7/test-shell                 ]   |   File \"/opt/hostedtoolcache/Python/3.7.11/x64/lib/python3.7/site-packages/pipenv/routines/install.py\", line 248, in do_install\n[ff3e1bae-71fc-49d5-b76b-636575a3a6b7/test-shell                 ]   |     pkg_requirement = Requirement.from_line(pkg_line)\n[ff3e1bae-71fc-49d5-b76b-636575a3a6b7/test-shell                 ]   |   File \"/opt/hostedtoolcache/Python/3.7.11/x64/lib/python3.7/site-packages/pipenv/vendor/requirementslib/models/requirements.py\", line 2490, in from_line\n[ff3e1bae-71fc-49d5-b76b-636575a3a6b7/test-shell                 ]   |     parsed_line = Line(line=line)\n[ff3e1bae-71fc-49d5-b76b-636575a3a6b7/test-shell                 ]   |   File \"/opt/hostedtoolcache/Python/3.7.11/x64/lib/python3.7/site-packages/pipenv/vendor/requirementslib/models/requirements.py\", line 164, in __init__\n[ff3e1bae-71fc-49d5-b76b-636575a3a6b7/test-shell                 ]   |     self.parse()\n[ff3e1bae-71fc-49d5-b76b-636575a3a6b7/test-shell                 ]   |   File \"/opt/hostedtoolcache/Python/3.7.11/x64/lib/python3.7/site-packages/pipenv/vendor/requirementslib/models/requirements.py\", line 1282, in parse\n[ff3e1bae-71fc-49d5-b76b-636575a3a6b7/test-shell                 ]   |     self.parse_name()\n[ff3e1bae-71fc-49d5-b76b-636575a3a6b7/test-shell                 ]   |   File \"/opt/hostedtoolcache/Python/3.7.11/x64/lib/python3.7/site-packages/pipenv/vendor/requirementslib/models/requirements.py\", line 1008, in parse_name\n[ff3e1bae-71fc-49d5-b76b-636575a3a6b7/test-shell                 ]   |     name = self._parse_name_from_line()\n[ff3e1bae-71fc-49d5-b76b-636575a3a6b7/test-shell                 ]   |   File \"/opt/hostedtoolcache/Python/3.7.11/x64/lib/python3.7/site-packages/pipenv/vendor/requirementslib/models/requirements.py\", line 950, in _parse_name_from_line\n[ff3e1bae-71fc-49d5-b76b-636575a3a6b7/test-shell                 ]   |     \"Failed parsing requirement from {0!r}\".format(self.line)\n[ff3e1bae-71fc-49d5-b76b-636575a3a6b7/test-shell                 ]   | pipenv.vendor.requirementslib.exceptions.RequirementError: Failed parsing requirement from '--junitxml=report.xml'\n[ff3e1bae-71fc-49d5-b76b-636575a3a6b7/test-unmocked-tool-installs]   | Installing pytest...\n[ff3e1bae-71fc-49d5-b76b-636575a3a6b7/test-models                ]   | Traceback (most recent call last):\n[ff3e1bae-71fc-49d5-b76b-636575a3a6b7/test-models                ]   |   File \"/opt/hostedtoolcache/Python/3.7.11/x64/lib/python3.7/site-packages/pipenv/patched/pip/_vendor/packaging/requirements.py\", line 102, in __init__\n[ff3e1bae-71fc-49d5-b76b-636575a3a6b7/test-models                ]   |     req = REQUIREMENT.parseString(requirement_string)\n[ff3e1bae-71fc-49d5-b76b-636575a3a6b7/test-models                ]   |   File \"/opt/hostedtoolcache/Python/3.7.11/x64/lib/python3.7/site-packages/pipenv/patched/pip/_vendor/pyparsing/core.py\", line 1141, in parse_string\n[ff3e1bae-71fc-49d5-b76b-636575a3a6b7/test-models                ]   |     raise exc.with_traceback(None)\n[ff3e1bae-71fc-49d5-b76b-636575a3a6b7/test-models                ]   | pipenv.patched.pip._vendor.pyparsing.exceptions.ParseException: Expected W:(0-9A-Za-z), found '-'  (at char 0), (line:1, col:1)\n[ff3e1bae-71fc-49d5-b76b-636575a3a6b7/test-models                ]   | \n[ff3e1bae-71fc-49d5-b76b-636575a3a6b7/test-models                ]   | During handling of the above exception, another exception occurred:\n[ff3e1bae-71fc-49d5-b76b-636575a3a6b7/test-models                ]   | \n[ff3e1bae-71fc-49d5-b76b-636575a3a6b7/test-models                ]   | Traceback (most recent call last):\n[ff3e1bae-71fc-49d5-b76b-636575a3a6b7/test-models                ]   |   File \"/opt/hostedtoolcache/Python/3.7.11/x64/lib/python3.7/site-packages/pipenv/vendor/requirementslib/models/requirements.py\", line 947, in _parse_name_from_line\n[ff3e1bae-71fc-49d5-b76b-636575a3a6b7/test-models                ]   |     self._requirement = init_requirement(self.line)\n[ff3e1bae-71fc-49d5-b76b-636575a3a6b7/test-models                ]   |   File \"/opt/hostedtoolcache/Python/3.7.11/x64/lib/python3.7/site-packages/pipenv/vendor/requirementslib/models/utils.py\", line 196, in init_requirement\n[ff3e1bae-71fc-49d5-b76b-636575a3a6b7/test-models                ]   |     req = HashableRequirement.parse(name)\n[ff3e1bae-71fc-49d5-b76b-636575a3a6b7/test-models                ]   |   File \"/opt/hostedtoolcache/Python/3.7.11/x64/lib/python3.7/site-packages/pipenv/vendor/requirementslib/models/utils.py\", line 187, in parse\n[ff3e1bae-71fc-49d5-b76b-636575a3a6b7/test-models                ]   |     HashableRequirement, join_continuation(map(drop_comment, yield_lines(s)))\n[ff3e1bae-71fc-49d5-b76b-636575a3a6b7/test-models                ]   |   File \"/opt/hostedtoolcache/Python/3.7.11/x64/lib/python3.7/site-packages/pipenv/patched/pip/_vendor/pkg_resources/__init__.py\", line 3173, in __init__\n[ff3e1bae-71fc-49d5-b76b-636575a3a6b7/test-models                ]   |     super(Requirement, self).__init__(requirement_string)\n[ff3e1bae-71fc-49d5-b76b-636575a3a6b7/test-models                ]   |   File \"/opt/hostedtoolcache/Python/3.7.11/x64/lib/python3.7/site-packages/pipenv/patched/pip/_vendor/packaging/requirements.py\", line 105, in __init__\n[ff3e1bae-71fc-49d5-b76b-636575a3a6b7/test-models                ]   |     f'Parse error at \"{ requirement_string[e.loc : e.loc + 8]!r}\": {e.msg}'\n[ff3e1bae-71fc-49d5-b76b-636575a3a6b7/test-models                ]   | pipenv.patched.pip._vendor.packaging.requirements.InvalidRequirement: Parse error at \"'--junitx'\": Expected W:(0-9A-Za-z)\n[ff3e1bae-71fc-49d5-b76b-636575a3a6b7/test-models                ]   | \n[ff3e1bae-71fc-49d5-b76b-636575a3a6b7/test-models                ]   | During handling of the above exception, another exception occurred:\n[ff3e1bae-71fc-49d5-b76b-636575a3a6b7/test-models                ]   | \n[ff3e1bae-71fc-49d5-b76b-636575a3a6b7/test-models                ]   | Traceback (most recent call last):\n[ff3e1bae-71fc-49d5-b76b-636575a3a6b7/test-models                ]   |   File \"/opt/hostedtoolcache/Python/3.7.11/x64/bin/pipenv\", line 8, in <module>\n[ff3e1bae-71fc-49d5-b76b-636575a3a6b7/test-models                ]   |     sys.exit(cli())\n[ff3e1bae-71fc-49d5-b76b-636575a3a6b7/test-models                ]   |   File \"/opt/hostedtoolcache/Python/3.7.11/x64/lib/python3.7/site-packages/pipenv/vendor/click/core.py\", line 1130, in __call__\n[ff3e1bae-71fc-49d5-b76b-636575a3a6b7/test-models                ]   |     return self.main(*args, **kwargs)\n[ff3e1bae-71fc-49d5-b76b-636575a3a6b7/test-models                ]   |   File \"/opt/hostedtoolcache/Python/3.7.11/x64/lib/python3.7/site-packages/pipenv/cli/options.py\", line 58, in main\n[ff3e1bae-71fc-49d5-b76b-636575a3a6b7/test-models                ]   |     return super().main(*args, **kwargs, windows_expand_args=False)\n[ff3e1bae-71fc-49d5-b76b-636575a3a6b7/test-models                ]   |   File \"/opt/hostedtoolcache/Python/3.7.11/x64/lib/python3.7/site-packages/pipenv/vendor/click/core.py\", line 1055, in main\n[ff3e1bae-71fc-49d5-b76b-636575a3a6b7/test-models                ]   |     rv = self.invoke(ctx)\n[ff3e1bae-71fc-49d5-b76b-636575a3a6b7/test-models                ]   |   File \"/opt/hostedtoolcache/Python/3.7.11/x64/lib/python3.7/site-packages/pipenv/vendor/click/core.py\", line 1657, in invoke\n[ff3e1bae-71fc-49d5-b76b-636575a3a6b7/test-models                ]   |     return _process_result(sub_ctx.command.invoke(sub_ctx))\n[ff3e1bae-71fc-49d5-b76b-636575a3a6b7/test-models                ]   |   File \"/opt/hostedtoolcache/Python/3.7.11/x64/lib/python3.7/site-packages/pipenv/vendor/click/core.py\", line 1404, in invoke\n[ff3e1bae-71fc-49d5-b76b-636575a3a6b7/test-models                ]   |     return ctx.invoke(self.callback, **ctx.params)\n[ff3e1bae-71fc-49d5-b76b-636575a3a6b7/test-models                ]   |   File \"/opt/hostedtoolcache/Python/3.7.11/x64/lib/python3.7/site-packages/pipenv/vendor/click/core.py\", line 760, in invoke\n[ff3e1bae-71fc-49d5-b76b-636575a3a6b7/test-models                ]   |     return __callback(*args, **kwargs)\n[ff3e1bae-71fc-49d5-b76b-636575a3a6b7/test-models                ]   |   File \"/opt/hostedtoolcache/Python/3.7.11/x64/lib/python3.7/site-packages/pipenv/vendor/click/decorators.py\", line 84, in new_func\n[ff3e1bae-71fc-49d5-b76b-636575a3a6b7/test-models                ]   |     return ctx.invoke(f, obj, *args, **kwargs)\n[ff3e1bae-71fc-49d5-b76b-636575a3a6b7/test-models                ]   |   File \"/opt/hostedtoolcache/Python/3.7.11/x64/lib/python3.7/site-packages/pipenv/vendor/click/core.py\", line 760, in invoke\n[ff3e1bae-71fc-49d5-b76b-636575a3a6b7/test-models                ]   |     return __callback(*args, **kwargs)\n[ff3e1bae-71fc-49d5-b76b-636575a3a6b7/test-models                ]   |   File \"/opt/hostedtoolcache/Python/3.7.11/x64/lib/python3.7/site-packages/pipenv/cli/command.py\", line 253, in install\n[ff3e1bae-71fc-49d5-b76b-636575a3a6b7/test-models                ]   |     categories=state.installstate.categories,\n[ff3e1bae-71fc-49d5-b76b-636575a3a6b7/test-models                ]   |   File \"/opt/hostedtoolcache/Python/3.7.11/x64/lib/python3.7/site-packages/pipenv/routines/install.py\", line 248, in do_install\n[ff3e1bae-71fc-49d5-b76b-636575a3a6b7/test-models                ]   |     pkg_requirement = Requirement.from_line(pkg_line)\n[ff3e1bae-71fc-49d5-b76b-636575a3a6b7/test-models                ]   |   File \"/opt/hostedtoolcache/Python/3.7.11/x64/lib/python3.7/site-packages/pipenv/vendor/requirementslib/models/requirements.py\", line 2490, in from_line\n[ff3e1bae-71fc-49d5-b76b-636575a3a6b7/test-models                ]   |     parsed_line = Line(line=line)\n[ff3e1bae-71fc-49d5-b76b-636575a3a6b7/test-models                ]   |   File \"/opt/hostedtoolcache/Python/3.7.11/x64/lib/python3.7/site-packages/pipenv/vendor/requirementslib/models/requirements.py\", line 164, in __init__\n[ff3e1bae-71fc-49d5-b76b-636575a3a6b7/test-models                ]   |     self.parse()\n[ff3e1bae-71fc-49d5-b76b-636575a3a6b7/test-models                ]   |   File \"/opt/hostedtoolcache/Python/3.7.11/x64/lib/python3.7/site-packages/pipenv/vendor/requirementslib/models/requirements.py\", line 1282, in parse\n[ff3e1bae-71fc-49d5-b76b-636575a3a6b7/test-models                ]   |     self.parse_name()\n[ff3e1bae-71fc-49d5-b76b-636575a3a6b7/test-models                ]   |   File \"/opt/hostedtoolcache/Python/3.7.11/x64/lib/python3.7/site-packages/pipenv/vendor/requirementslib/models/requirements.py\", line 1008, in parse_name\n[ff3e1bae-71fc-49d5-b76b-636575a3a6b7/test-models                ]   |     name = self._parse_name_from_line()\n[ff3e1bae-71fc-49d5-b76b-636575a3a6b7/test-models                ]   |   File \"/opt/hostedtoolcache/Python/3.7.11/x64/lib/python3.7/site-packages/pipenv/vendor/requirementslib/models/requirements.py\", line 950, in _parse_name_from_line\n[ff3e1bae-71fc-49d5-b76b-636575a3a6b7/test-models                ]   |     \"Failed parsing requirement from {0!r}\".format(self.line)\n[ff3e1bae-71fc-49d5-b76b-636575a3a6b7/test-models                ]   | pipenv.vendor.requirementslib.exceptions.RequirementError: Failed parsing requirement from '--junitxml=report.xml'\n[ff3e1bae-71fc-49d5-b76b-636575a3a6b7/test-web                   ]   | Traceback (most recent call last):\n[ff3e1bae-71fc-49d5-b76b-636575a3a6b7/test-web                   ]   |   File \"/opt/hostedtoolcache/Python/3.7.11/x64/lib/python3.7/site-packages/pipenv/patched/pip/_vendor/packaging/requirements.py\", line 102, in __init__\n[ff3e1bae-71fc-49d5-b76b-636575a3a6b7/test-web                   ]   |     req = REQUIREMENT.parseString(requirement_string)\n[ff3e1bae-71fc-49d5-b76b-636575a3a6b7/test-web                   ]   |   File \"/opt/hostedtoolcache/Python/3.7.11/x64/lib/python3.7/site-packages/pipenv/patched/pip/_vendor/pyparsing/core.py\", line 1141, in parse_string\n[ff3e1bae-71fc-49d5-b76b-636575a3a6b7/test-web                   ]   |     raise exc.with_traceback(None)\n[ff3e1bae-71fc-49d5-b76b-636575a3a6b7/test-web                   ]   | pipenv.patched.pip._vendor.pyparsing.exceptions.ParseException: Expected W:(0-9A-Za-z), found '-'  (at char 0), (line:1, col:1)\n[ff3e1bae-71fc-49d5-b76b-636575a3a6b7/test-web                   ]   | \n[ff3e1bae-71fc-49d5-b76b-636575a3a6b7/test-web                   ]   | During handling of the above exception, another exception occurred:\n[ff3e1bae-71fc-49d5-b76b-636575a3a6b7/test-web                   ]   | \n[ff3e1bae-71fc-49d5-b76b-636575a3a6b7/test-web                   ]   | Traceback (most recent call last):\n[ff3e1bae-71fc-49d5-b76b-636575a3a6b7/test-web                   ]   |   File \"/opt/hostedtoolcache/Python/3.7.11/x64/lib/python3.7/site-packages/pipenv/vendor/requirementslib/models/requirements.py\", line 947, in _parse_name_from_line\n[ff3e1bae-71fc-49d5-b76b-636575a3a6b7/test-web                   ]   |     self._requirement = init_requirement(self.line)\n[ff3e1bae-71fc-49d5-b76b-636575a3a6b7/test-web                   ]   |   File \"/opt/hostedtoolcache/Python/3.7.11/x64/lib/python3.7/site-packages/pipenv/vendor/requirementslib/models/utils.py\", line 196, in init_requirement\n[ff3e1bae-71fc-49d5-b76b-636575a3a6b7/test-web                   ]   |     req = HashableRequirement.parse(name)\n[ff3e1bae-71fc-49d5-b76b-636575a3a6b7/test-web                   ]   |   File \"/opt/hostedtoolcache/Python/3.7.11/x64/lib/python3.7/site-packages/pipenv/vendor/requirementslib/models/utils.py\", line 187, in parse\n[ff3e1bae-71fc-49d5-b76b-636575a3a6b7/test-web                   ]   |     HashableRequirement, join_continuation(map(drop_comment, yield_lines(s)))\n[ff3e1bae-71fc-49d5-b76b-636575a3a6b7/test-web                   ]   |   File \"/opt/hostedtoolcache/Python/3.7.11/x64/lib/python3.7/site-packages/pipenv/patched/pip/_vendor/pkg_resources/__init__.py\", line 3173, in __init__\n[ff3e1bae-71fc-49d5-b76b-636575a3a6b7/test-web                   ]   |     super(Requirement, self).__init__(requirement_string)\n[ff3e1bae-71fc-49d5-b76b-636575a3a6b7/test-web                   ]   |   File \"/opt/hostedtoolcache/Python/3.7.11/x64/lib/python3.7/site-packages/pipenv/patched/pip/_vendor/packaging/requirements.py\", line 105, in __init__\n[ff3e1bae-71fc-49d5-b76b-636575a3a6b7/test-web                   ]   |     f'Parse error at \"{ requirement_string[e.loc : e.loc + 8]!r}\": {e.msg}'\n[ff3e1bae-71fc-49d5-b76b-636575a3a6b7/test-web                   ]   | pipenv.patched.pip._vendor.packaging.requirements.InvalidRequirement: Parse error at \"'--junitx'\": Expected W:(0-9A-Za-z)\n[ff3e1bae-71fc-49d5-b76b-636575a3a6b7/test-web                   ]   | \n[ff3e1bae-71fc-49d5-b76b-636575a3a6b7/test-web                   ]   | During handling of the above exception, another exception occurred:\n[ff3e1bae-71fc-49d5-b76b-636575a3a6b7/test-web                   ]   | \n[ff3e1bae-71fc-49d5-b76b-636575a3a6b7/test-web                   ]   | Traceback (most recent call last):\n[ff3e1bae-71fc-49d5-b76b-636575a3a6b7/test-web                   ]   |   File \"/opt/hostedtoolcache/Python/3.7.11/x64/bin/pipenv\", line 8, in <module>\n[ff3e1bae-71fc-49d5-b76b-636575a3a6b7/test-web                   ]   |     sys.exit(cli())\n[ff3e1bae-71fc-49d5-b76b-636575a3a6b7/test-web                   ]   |   File \"/opt/hostedtoolcache/Python/3.7.11/x64/lib/python3.7/site-packages/pipenv/vendor/click/core.py\", line 1130, in __call__\n[ff3e1bae-71fc-49d5-b76b-636575a3a6b7/test-web                   ]   |     return self.main(*args, **kwargs)\n[ff3e1bae-71fc-49d5-b76b-636575a3a6b7/test-web                   ]   |   File \"/opt/hostedtoolcache/Python/3.7.11/x64/lib/python3.7/site-packages/pipenv/cli/options.py\", line 58, in main\n[ff3e1bae-71fc-49d5-b76b-636575a3a6b7/test-web                   ]   |     return super().main(*args, **kwargs, windows_expand_args=False)\n[ff3e1bae-71fc-49d5-b76b-636575a3a6b7/test-web                   ]   |   File \"/opt/hostedtoolcache/Python/3.7.11/x64/lib/python3.7/site-packages/pipenv/vendor/click/core.py\", line 1055, in main\n[ff3e1bae-71fc-49d5-b76b-636575a3a6b7/test-web                   ]   |     rv = self.invoke(ctx)\n[ff3e1bae-71fc-49d5-b76b-636575a3a6b7/test-web                   ]   |   File \"/opt/hostedtoolcache/Python/3.7.11/x64/lib/python3.7/site-packages/pipenv/vendor/click/core.py\", line 1657, in invoke\n[ff3e1bae-71fc-49d5-b76b-636575a3a6b7/test-web                   ]   |     return _process_result(sub_ctx.command.invoke(sub_ctx))\n[ff3e1bae-71fc-49d5-b76b-636575a3a6b7/test-web                   ]   |   File \"/opt/hostedtoolcache/Python/3.7.11/x64/lib/python3.7/site-packages/pipenv/vendor/click/core.py\", line 1404, in invoke\n[ff3e1bae-71fc-49d5-b76b-636575a3a6b7/test-web                   ]   |     return ctx.invoke(self.callback, **ctx.params)\n[ff3e1bae-71fc-49d5-b76b-636575a3a6b7/test-web                   ]   |   File \"/opt/hostedtoolcache/Python/3.7.11/x64/lib/python3.7/site-packages/pipenv/vendor/click/core.py\", line 760, in invoke\n[ff3e1bae-71fc-49d5-b76b-636575a3a6b7/test-web                   ]   |     return __callback(*args, **kwargs)\n[ff3e1bae-71fc-49d5-b76b-636575a3a6b7/test-web                   ]   |   File \"/opt/hostedtoolcache/Python/3.7.11/x64/lib/python3.7/site-packages/pipenv/vendor/click/decorators.py\", line 84, in new_func\n[ff3e1bae-71fc-49d5-b76b-636575a3a6b7/test-web                   ]   |     return ctx.invoke(f, obj, *args, **kwargs)\n[ff3e1bae-71fc-49d5-b76b-636575a3a6b7/test-web                   ]   |   File \"/opt/hostedtoolcache/Python/3.7.11/x64/lib/python3.7/site-packages/pipenv/vendor/click/core.py\", line 760, in invoke\n[ff3e1bae-71fc-49d5-b76b-636575a3a6b7/test-web                   ]   |     return __callback(*args, **kwargs)\n[ff3e1bae-71fc-49d5-b76b-636575a3a6b7/test-web                   ]   |   File \"/opt/hostedtoolcache/Python/3.7.11/x64/lib/python3.7/site-packages/pipenv/cli/command.py\", line 253, in install\n[ff3e1bae-71fc-49d5-b76b-636575a3a6b7/test-web                   ]   |     categories=state.installstate.categories,\n[ff3e1bae-71fc-49d5-b76b-636575a3a6b7/test-web                   ]   |   File \"/opt/hostedtoolcache/Python/3.7.11/x64/lib/python3.7/site-packages/pipenv/routines/install.py\", line 248, in do_install\n[ff3e1bae-71fc-49d5-b76b-636575a3a6b7/test-web                   ]   |     pkg_requirement = Requirement.from_line(pkg_line)\n[ff3e1bae-71fc-49d5-b76b-636575a3a6b7/test-web                   ]   |   File \"/opt/hostedtoolcache/Python/3.7.11/x64/lib/python3.7/site-packages/pipenv/vendor/requirementslib/models/requirements.py\", line 2490, in from_line\n[ff3e1bae-71fc-49d5-b76b-636575a3a6b7/test-web                   ]   |     parsed_line = Line(line=line)\n[ff3e1bae-71fc-49d5-b76b-636575a3a6b7/test-web                   ]   |   File \"/opt/hostedtoolcache/Python/3.7.11/x64/lib/python3.7/site-packages/pipenv/vendor/requirementslib/models/requirements.py\", line 164, in __init__\n[ff3e1bae-71fc-49d5-b76b-636575a3a6b7/test-web                   ]   |     self.parse()\n[ff3e1bae-71fc-49d5-b76b-636575a3a6b7/test-web                   ]   |   File \"/opt/hostedtoolcache/Python/3.7.11/x64/lib/python3.7/site-packages/pipenv/vendor/requirementslib/models/requirements.py\", line 1282, in parse\n[ff3e1bae-71fc-49d5-b76b-636575a3a6b7/test-web                   ]   |     self.parse_name()\n[ff3e1bae-71fc-49d5-b76b-636575a3a6b7/test-web                   ]   |   File \"/opt/hostedtoolcache/Python/3.7.11/x64/lib/python3.7/site-packages/pipenv/vendor/requirementslib/models/requirements.py\", line 1008, in parse_name\n[ff3e1bae-71fc-49d5-b76b-636575a3a6b7/test-web                   ]   |     name = self._parse_name_from_line()\n[ff3e1bae-71fc-49d5-b76b-636575a3a6b7/test-web                   ]   |   File \"/opt/hostedtoolcache/Python/3.7.11/x64/lib/python3.7/site-packages/pipenv/vendor/requirementslib/models/requirements.py\", line 950, in _parse_name_from_line\n[ff3e1bae-71fc-49d5-b76b-636575a3a6b7/test-web                   ]   |     \"Failed parsing requirement from {0!r}\".format(self.line)\n[ff3e1bae-71fc-49d5-b76b-636575a3a6b7/test-web                   ]   | pipenv.vendor.requirementslib.exceptions.RequirementError: Failed parsing requirement from '--junitxml=report.xml'\n[ff3e1bae-71fc-49d5-b76b-636575a3a6b7/test-recon                 ]   | Installation Succeeded\n[ff3e1bae-71fc-49d5-b76b-636575a3a6b7/test-recon                 ]   | Installing --junitxml=report.xml...\n[ff3e1bae-71fc-49d5-b76b-636575a3a6b7/test-unmocked-tool-installs]   | Resolving pytest...\n[ff3e1bae-71fc-49d5-b76b-636575a3a6b7/test-recon                 ]   | Resolving --junitxml=report.xml...\n[ff3e1bae-71fc-49d5-b76b-636575a3a6b7/lint                       ]   | Pipfile.lock (87841e) out of date, updating to (e8f1e3)...\n[ff3e1bae-71fc-49d5-b76b-636575a3a6b7/test-unmocked-tool-installs]   | Adding pytest to Pipfile's [packages] ...\n[ff3e1bae-71fc-49d5-b76b-636575a3a6b7/test-unmocked-tool-installs]   | Installation Succeeded\n[ff3e1bae-71fc-49d5-b76b-636575a3a6b7/lint                       ]   | Locking [packages] dependencies...\n[ff3e1bae-71fc-49d5-b76b-636575a3a6b7/test-unmocked-tool-installs]   | Installing --junitxml=report.xml...\n[ff3e1bae-71fc-49d5-b76b-636575a3a6b7/test-recon                 ]   | Traceback (most recent call last):\n[ff3e1bae-71fc-49d5-b76b-636575a3a6b7/test-recon                 ]   |   File \"/opt/hostedtoolcache/Python/3.7.11/x64/lib/python3.7/site-packages/pipenv/patched/pip/_vendor/packaging/requirements.py\", line 102, in __init__\n[ff3e1bae-71fc-49d5-b76b-636575a3a6b7/test-recon                 ]   |     req = REQUIREMENT.parseString(requirement_string)\n[ff3e1bae-71fc-49d5-b76b-636575a3a6b7/test-recon                 ]   |   File \"/opt/hostedtoolcache/Python/3.7.11/x64/lib/python3.7/site-packages/pipenv/patched/pip/_vendor/pyparsing/core.py\", line 1141, in parse_string\n[ff3e1bae-71fc-49d5-b76b-636575a3a6b7/test-recon                 ]   |     raise exc.with_traceback(None)\n[ff3e1bae-71fc-49d5-b76b-636575a3a6b7/test-recon                 ]   | pipenv.patched.pip._vendor.pyparsing.exceptions.ParseException: Expected W:(0-9A-Za-z), found '-'  (at char 0), (line:1, col:1)\n[ff3e1bae-71fc-49d5-b76b-636575a3a6b7/test-recon                 ]   | \n[ff3e1bae-71fc-49d5-b76b-636575a3a6b7/test-recon                 ]   | During handling of the above exception, another exception occurred:\n[ff3e1bae-71fc-49d5-b76b-636575a3a6b7/test-recon                 ]   | \n[ff3e1bae-71fc-49d5-b76b-636575a3a6b7/test-recon                 ]   | Traceback (most recent call last):\n[ff3e1bae-71fc-49d5-b76b-636575a3a6b7/test-recon                 ]   |   File \"/opt/hostedtoolcache/Python/3.7.11/x64/lib/python3.7/site-packages/pipenv/vendor/requirementslib/models/requirements.py\", line 947, in _parse_name_from_line\n[ff3e1bae-71fc-49d5-b76b-636575a3a6b7/test-recon                 ]   |     self._requirement = init_requirement(self.line)\n[ff3e1bae-71fc-49d5-b76b-636575a3a6b7/test-recon                 ]   |   File \"/opt/hostedtoolcache/Python/3.7.11/x64/lib/python3.7/site-packages/pipenv/vendor/requirementslib/models/utils.py\", line 196, in init_requirement\n[ff3e1bae-71fc-49d5-b76b-636575a3a6b7/test-recon                 ]   |     req = HashableRequirement.parse(name)\n[ff3e1bae-71fc-49d5-b76b-636575a3a6b7/test-recon                 ]   |   File \"/opt/hostedtoolcache/Python/3.7.11/x64/lib/python3.7/site-packages/pipenv/vendor/requirementslib/models/utils.py\", line 187, in parse\n[ff3e1bae-71fc-49d5-b76b-636575a3a6b7/test-recon                 ]   |     HashableRequirement, join_continuation(map(drop_comment, yield_lines(s)))\n[ff3e1bae-71fc-49d5-b76b-636575a3a6b7/test-recon                 ]   |   File \"/opt/hostedtoolcache/Python/3.7.11/x64/lib/python3.7/site-packages/pipenv/patched/pip/_vendor/pkg_resources/__init__.py\", line 3173, in __init__\n[ff3e1bae-71fc-49d5-b76b-636575a3a6b7/test-recon                 ]   |     super(Requirement, self).__init__(requirement_string)\n[ff3e1bae-71fc-49d5-b76b-636575a3a6b7/test-recon                 ]   |   File \"/opt/hostedtoolcache/Python/3.7.11/x64/lib/python3.7/site-packages/pipenv/patched/pip/_vendor/packaging/requirements.py\", line 105, in __init__\n[ff3e1bae-71fc-49d5-b76b-636575a3a6b7/test-recon                 ]   |     f'Parse error at \"{ requirement_string[e.loc : e.loc + 8]!r}\": {e.msg}'\n[ff3e1bae-71fc-49d5-b76b-636575a3a6b7/test-recon                 ]   | pipenv.patched.pip._vendor.packaging.requirements.InvalidRequirement: Parse error at \"'--junitx'\": Expected W:(0-9A-Za-z)\n[ff3e1bae-71fc-49d5-b76b-636575a3a6b7/test-recon                 ]   | \n[ff3e1bae-71fc-49d5-b76b-636575a3a6b7/test-recon                 ]   | During handling of the above exception, another exception occurred:\n[ff3e1bae-71fc-49d5-b76b-636575a3a6b7/test-recon                 ]   | \n[ff3e1bae-71fc-49d5-b76b-636575a3a6b7/test-recon                 ]   | Traceback (most recent call last):\n[ff3e1bae-71fc-49d5-b76b-636575a3a6b7/test-recon                 ]   |   File \"/opt/hostedtoolcache/Python/3.7.11/x64/bin/pipenv\", line 8, in <module>\n[ff3e1bae-71fc-49d5-b76b-636575a3a6b7/test-recon                 ]   |     sys.exit(cli())\n[ff3e1bae-71fc-49d5-b76b-636575a3a6b7/test-recon                 ]   |   File \"/opt/hostedtoolcache/Python/3.7.11/x64/lib/python3.7/site-packages/pipenv/vendor/click/core.py\", line 1130, in __call__\n[ff3e1bae-71fc-49d5-b76b-636575a3a6b7/test-recon                 ]   |     return self.main(*args, **kwargs)\n[ff3e1bae-71fc-49d5-b76b-636575a3a6b7/test-recon                 ]   |   File \"/opt/hostedtoolcache/Python/3.7.11/x64/lib/python3.7/site-packages/pipenv/cli/options.py\", line 58, in main\n[ff3e1bae-71fc-49d5-b76b-636575a3a6b7/test-recon                 ]   |     return super().main(*args, **kwargs, windows_expand_args=False)\n[ff3e1bae-71fc-49d5-b76b-636575a3a6b7/test-recon                 ]   |   File \"/opt/hostedtoolcache/Python/3.7.11/x64/lib/python3.7/site-packages/pipenv/vendor/click/core.py\", line 1055, in main\n[ff3e1bae-71fc-49d5-b76b-636575a3a6b7/test-recon                 ]   |     rv = self.invoke(ctx)\n[ff3e1bae-71fc-49d5-b76b-636575a3a6b7/test-recon                 ]   |   File \"/opt/hostedtoolcache/Python/3.7.11/x64/lib/python3.7/site-packages/pipenv/vendor/click/core.py\", line 1657, in invoke\n[ff3e1bae-71fc-49d5-b76b-636575a3a6b7/test-recon                 ]   |     return _process_result(sub_ctx.command.invoke(sub_ctx))\n[ff3e1bae-71fc-49d5-b76b-636575a3a6b7/test-recon                 ]   |   File \"/opt/hostedtoolcache/Python/3.7.11/x64/lib/python3.7/site-packages/pipenv/vendor/click/core.py\", line 1404, in invoke\n[ff3e1bae-71fc-49d5-b76b-636575a3a6b7/test-recon                 ]   |     return ctx.invoke(self.callback, **ctx.params)\n[ff3e1bae-71fc-49d5-b76b-636575a3a6b7/test-recon                 ]   |   File \"/opt/hostedtoolcache/Python/3.7.11/x64/lib/python3.7/site-packages/pipenv/vendor/click/core.py\", line 760, in invoke\n[ff3e1bae-71fc-49d5-b76b-636575a3a6b7/test-recon                 ]   |     return __callback(*args, **kwargs)\n[ff3e1bae-71fc-49d5-b76b-636575a3a6b7/test-recon                 ]   |   File \"/opt/hostedtoolcache/Python/3.7.11/x64/lib/python3.7/site-packages/pipenv/vendor/click/decorators.py\", line 84, in new_func\n[ff3e1bae-71fc-49d5-b76b-636575a3a6b7/test-recon                 ]   |     return ctx.invoke(f, obj, *args, **kwargs)\n[ff3e1bae-71fc-49d5-b76b-636575a3a6b7/test-recon                 ]   |   File \"/opt/hostedtoolcache/Python/3.7.11/x64/lib/python3.7/site-packages/pipenv/vendor/click/core.py\", line 760, in invoke\n[ff3e1bae-71fc-49d5-b76b-636575a3a6b7/test-recon                 ]   |     return __callback(*args, **kwargs)\n[ff3e1bae-71fc-49d5-b76b-636575a3a6b7/test-recon                 ]   |   File \"/opt/hostedtoolcache/Python/3.7.11/x64/lib/python3.7/site-packages/pipenv/cli/command.py\", line 253, in install\n[ff3e1bae-71fc-49d5-b76b-636575a3a6b7/test-recon                 ]   |     categories=state.installstate.categories,\n[ff3e1bae-71fc-49d5-b76b-636575a3a6b7/test-recon                 ]   |   File \"/opt/hostedtoolcache/Python/3.7.11/x64/lib/python3.7/site-packages/pipenv/routines/install.py\", line 248, in do_install\n[ff3e1bae-71fc-49d5-b76b-636575a3a6b7/test-recon                 ]   |     pkg_requirement = Requirement.from_line(pkg_line)\n[ff3e1bae-71fc-49d5-b76b-636575a3a6b7/test-recon                 ]   |   File \"/opt/hostedtoolcache/Python/3.7.11/x64/lib/python3.7/site-packages/pipenv/vendor/requirementslib/models/requirements.py\", line 2490, in from_line\n[ff3e1bae-71fc-49d5-b76b-636575a3a6b7/test-recon                 ]   |     parsed_line = Line(line=line)\n[ff3e1bae-71fc-49d5-b76b-636575a3a6b7/test-recon                 ]   |   File \"/opt/hostedtoolcache/Python/3.7.11/x64/lib/python3.7/site-packages/pipenv/vendor/requirementslib/models/requirements.py\", line 164, in __init__\n[ff3e1bae-71fc-49d5-b76b-636575a3a6b7/test-recon                 ]   |     self.parse()\n[ff3e1bae-71fc-49d5-b76b-636575a3a6b7/test-recon                 ]   |   File \"/opt/hostedtoolcache/Python/3.7.11/x64/lib/python3.7/site-packages/pipenv/vendor/requirementslib/models/requirements.py\", line 1282, in parse\n[ff3e1bae-71fc-49d5-b76b-636575a3a6b7/test-recon                 ]   |     self.parse_name()\n[ff3e1bae-71fc-49d5-b76b-636575a3a6b7/test-recon                 ]   |   File \"/opt/hostedtoolcache/Python/3.7.11/x64/lib/python3.7/site-packages/pipenv/vendor/requirementslib/models/requirements.py\", line 1008, in parse_name\n[ff3e1bae-71fc-49d5-b76b-636575a3a6b7/test-recon                 ]   |     name = self._parse_name_from_line()\n[ff3e1bae-71fc-49d5-b76b-636575a3a6b7/test-recon                 ]   |   File \"/opt/hostedtoolcache/Python/3.7.11/x64/lib/python3.7/site-packages/pipenv/vendor/requirementslib/models/requirements.py\", line 950, in _parse_name_from_line\n[ff3e1bae-71fc-49d5-b76b-636575a3a6b7/test-recon                 ]   |     \"Failed parsing requirement from {0!r}\".format(self.line)\n[ff3e1bae-71fc-49d5-b76b-636575a3a6b7/test-recon                 ]   | pipenv.vendor.requirementslib.exceptions.RequirementError: Failed parsing requirement from '--junitxml=report.xml'\n[ff3e1bae-71fc-49d5-b76b-636575a3a6b7/test-unmocked-tool-installs]   | Resolving --junitxml=report.xml...\n[ff3e1bae-71fc-49d5-b76b-636575a3a6b7/lint                       ]   | Building requirements...\n[ff3e1bae-71fc-49d5-b76b-636575a3a6b7/test-unmocked-tool-installs]   | Traceback (most recent call last):\n[ff3e1bae-71fc-49d5-b76b-636575a3a6b7/test-unmocked-tool-installs]   |   File \"/opt/hostedtoolcache/Python/3.7.11/x64/lib/python3.7/site-packages/pipenv/patched/pip/_vendor/packaging/requirements.py\", line 102, in __init__\n[ff3e1bae-71fc-49d5-b76b-636575a3a6b7/test-unmocked-tool-installs]   |     req = REQUIREMENT.parseString(requirement_string)\n[ff3e1bae-71fc-49d5-b76b-636575a3a6b7/test-unmocked-tool-installs]   |   File \"/opt/hostedtoolcache/Python/3.7.11/x64/lib/python3.7/site-packages/pipenv/patched/pip/_vendor/pyparsing/core.py\", line 1141, in parse_string\n[ff3e1bae-71fc-49d5-b76b-636575a3a6b7/test-unmocked-tool-installs]   |     raise exc.with_traceback(None)\n[ff3e1bae-71fc-49d5-b76b-636575a3a6b7/test-unmocked-tool-installs]   | pipenv.patched.pip._vendor.pyparsing.exceptions.ParseException: Expected W:(0-9A-Za-z), found '-'  (at char 0), (line:1, col:1)\n[ff3e1bae-71fc-49d5-b76b-636575a3a6b7/test-unmocked-tool-installs]   | \n[ff3e1bae-71fc-49d5-b76b-636575a3a6b7/test-unmocked-tool-installs]   | During handling of the above exception, another exception occurred:\n[ff3e1bae-71fc-49d5-b76b-636575a3a6b7/test-unmocked-tool-installs]   | \n[ff3e1bae-71fc-49d5-b76b-636575a3a6b7/test-unmocked-tool-installs]   | Traceback (most recent call last):\n[ff3e1bae-71fc-49d5-b76b-636575a3a6b7/test-unmocked-tool-installs]   |   File \"/opt/hostedtoolcache/Python/3.7.11/x64/lib/python3.7/site-packages/pipenv/vendor/requirementslib/models/requirements.py\", line 947, in _parse_name_from_line\n[ff3e1bae-71fc-49d5-b76b-636575a3a6b7/test-unmocked-tool-installs]   |     self._requirement = init_requirement(self.line)\n[ff3e1bae-71fc-49d5-b76b-636575a3a6b7/test-unmocked-tool-installs]   |   File \"/opt/hostedtoolcache/Python/3.7.11/x64/lib/python3.7/site-packages/pipenv/vendor/requirementslib/models/utils.py\", line 196, in init_requirement\n[ff3e1bae-71fc-49d5-b76b-636575a3a6b7/test-unmocked-tool-installs]   |     req = HashableRequirement.parse(name)\n[ff3e1bae-71fc-49d5-b76b-636575a3a6b7/test-unmocked-tool-installs]   |   File \"/opt/hostedtoolcache/Python/3.7.11/x64/lib/python3.7/site-packages/pipenv/vendor/requirementslib/models/utils.py\", line 187, in parse\n[ff3e1bae-71fc-49d5-b76b-636575a3a6b7/test-unmocked-tool-installs]   |     HashableRequirement, join_continuation(map(drop_comment, yield_lines(s)))\n[ff3e1bae-71fc-49d5-b76b-636575a3a6b7/test-unmocked-tool-installs]   |   File \"/opt/hostedtoolcache/Python/3.7.11/x64/lib/python3.7/site-packages/pipenv/patched/pip/_vendor/pkg_resources/__init__.py\", line 3173, in __init__\n[ff3e1bae-71fc-49d5-b76b-636575a3a6b7/test-unmocked-tool-installs]   |     super(Requirement, self).__init__(requirement_string)\n[ff3e1bae-71fc-49d5-b76b-636575a3a6b7/test-unmocked-tool-installs]   |   File \"/opt/hostedtoolcache/Python/3.7.11/x64/lib/python3.7/site-packages/pipenv/patched/pip/_vendor/packaging/requirements.py\", line 105, in __init__\n[ff3e1bae-71fc-49d5-b76b-636575a3a6b7/test-unmocked-tool-installs]   |     f'Parse error at \"{ requirement_string[e.loc : e.loc + 8]!r}\": {e.msg}'\n[ff3e1bae-71fc-49d5-b76b-636575a3a6b7/test-unmocked-tool-installs]   | pipenv.patched.pip._vendor.packaging.requirements.InvalidRequirement: Parse error at \"'--junitx'\": Expected W:(0-9A-Za-z)\n[ff3e1bae-71fc-49d5-b76b-636575a3a6b7/test-unmocked-tool-installs]   | \n[ff3e1bae-71fc-49d5-b76b-636575a3a6b7/test-unmocked-tool-installs]   | During handling of the above exception, another exception occurred:\n[ff3e1bae-71fc-49d5-b76b-636575a3a6b7/test-unmocked-tool-installs]   | \n[ff3e1bae-71fc-49d5-b76b-636575a3a6b7/test-unmocked-tool-installs]   | Traceback (most recent call last):\n[ff3e1bae-71fc-49d5-b76b-636575a3a6b7/test-unmocked-tool-installs]   |   File \"/opt/hostedtoolcache/Python/3.7.11/x64/bin/pipenv\", line 8, in <module>\n[ff3e1bae-71fc-49d5-b76b-636575a3a6b7/test-unmocked-tool-installs]   |     sys.exit(cli())\n[ff3e1bae-71fc-49d5-b76b-636575a3a6b7/test-unmocked-tool-installs]   |   File \"/opt/hostedtoolcache/Python/3.7.11/x64/lib/python3.7/site-packages/pipenv/vendor/click/core.py\", line 1130, in __call__\n[ff3e1bae-71fc-49d5-b76b-636575a3a6b7/test-unmocked-tool-installs]   |     return self.main(*args, **kwargs)\n[ff3e1bae-71fc-49d5-b76b-636575a3a6b7/test-unmocked-tool-installs]   |   File \"/opt/hostedtoolcache/Python/3.7.11/x64/lib/python3.7/site-packages/pipenv/cli/options.py\", line 58, in main\n[ff3e1bae-71fc-49d5-b76b-636575a3a6b7/test-unmocked-tool-installs]   |     return super().main(*args, **kwargs, windows_expand_args=False)\n[ff3e1bae-71fc-49d5-b76b-636575a3a6b7/test-unmocked-tool-installs]   |   File \"/opt/hostedtoolcache/Python/3.7.11/x64/lib/python3.7/site-packages/pipenv/vendor/click/core.py\", line 1055, in main\n[ff3e1bae-71fc-49d5-b76b-636575a3a6b7/test-unmocked-tool-installs]   |     rv = self.invoke(ctx)\n[ff3e1bae-71fc-49d5-b76b-636575a3a6b7/test-unmocked-tool-installs]   |   File \"/opt/hostedtoolcache/Python/3.7.11/x64/lib/python3.7/site-packages/pipenv/vendor/click/core.py\", line 1657, in invoke\n[ff3e1bae-71fc-49d5-b76b-636575a3a6b7/test-unmocked-tool-installs]   |     return _process_result(sub_ctx.command.invoke(sub_ctx))\n[ff3e1bae-71fc-49d5-b76b-636575a3a6b7/test-unmocked-tool-installs]   |   File \"/opt/hostedtoolcache/Python/3.7.11/x64/lib/python3.7/site-packages/pipenv/vendor/click/core.py\", line 1404, in invoke\n[ff3e1bae-71fc-49d5-b76b-636575a3a6b7/test-unmocked-tool-installs]   |     return ctx.invoke(self.callback, **ctx.params)\n[ff3e1bae-71fc-49d5-b76b-636575a3a6b7/test-unmocked-tool-installs]   |   File \"/opt/hostedtoolcache/Python/3.7.11/x64/lib/python3.7/site-packages/pipenv/vendor/click/core.py\", line 760, in invoke\n[ff3e1bae-71fc-49d5-b76b-636575a3a6b7/test-unmocked-tool-installs]   |     return __callback(*args, **kwargs)\n[ff3e1bae-71fc-49d5-b76b-636575a3a6b7/test-unmocked-tool-installs]   |   File \"/opt/hostedtoolcache/Python/3.7.11/x64/lib/python3.7/site-packages/pipenv/vendor/click/decorators.py\", line 84, in new_func\n[ff3e1bae-71fc-49d5-b76b-636575a3a6b7/test-unmocked-tool-installs]   |     return ctx.invoke(f, obj, *args, **kwargs)\n[ff3e1bae-71fc-49d5-b76b-636575a3a6b7/test-unmocked-tool-installs]   |   File \"/opt/hostedtoolcache/Python/3.7.11/x64/lib/python3.7/site-packages/pipenv/vendor/click/core.py\", line 760, in invoke\n[ff3e1bae-71fc-49d5-b76b-636575a3a6b7/test-unmocked-tool-installs]   |     return __callback(*args, **kwargs)\n[ff3e1bae-71fc-49d5-b76b-636575a3a6b7/test-unmocked-tool-installs]   |   File \"/opt/hostedtoolcache/Python/3.7.11/x64/lib/python3.7/site-packages/pipenv/cli/command.py\", line 253, in install\n[ff3e1bae-71fc-49d5-b76b-636575a3a6b7/test-unmocked-tool-installs]   |     categories=state.installstate.categories,\n[ff3e1bae-71fc-49d5-b76b-636575a3a6b7/test-unmocked-tool-installs]   |   File \"/opt/hostedtoolcache/Python/3.7.11/x64/lib/python3.7/site-packages/pipenv/routines/install.py\", line 248, in do_install\n[ff3e1bae-71fc-49d5-b76b-636575a3a6b7/test-unmocked-tool-installs]   |     pkg_requirement = Requirement.from_line(pkg_line)\n[ff3e1bae-71fc-49d5-b76b-636575a3a6b7/test-unmocked-tool-installs]   |   File \"/opt/hostedtoolcache/Python/3.7.11/x64/lib/python3.7/site-packages/pipenv/vendor/requirementslib/models/requirements.py\", line 2490, in from_line\n[ff3e1bae-71fc-49d5-b76b-636575a3a6b7/test-unmocked-tool-installs]   |     parsed_line = Line(line=line)\n[ff3e1bae-71fc-49d5-b76b-636575a3a6b7/test-unmocked-tool-installs]   |   File \"/opt/hostedtoolcache/Python/3.7.11/x64/lib/python3.7/site-packages/pipenv/vendor/requirementslib/models/requirements.py\", line 164, in __init__\n[ff3e1bae-71fc-49d5-b76b-636575a3a6b7/test-unmocked-tool-installs]   |     self.parse()\n[ff3e1bae-71fc-49d5-b76b-636575a3a6b7/test-unmocked-tool-installs]   |   File \"/opt/hostedtoolcache/Python/3.7.11/x64/lib/python3.7/site-packages/pipenv/vendor/requirementslib/models/requirements.py\", line 1282, in parse\n[ff3e1bae-71fc-49d5-b76b-636575a3a6b7/test-unmocked-tool-installs]   |     self.parse_name()\n[ff3e1bae-71fc-49d5-b76b-636575a3a6b7/test-unmocked-tool-installs]   |   File \"/opt/hostedtoolcache/Python/3.7.11/x64/lib/python3.7/site-packages/pipenv/vendor/requirementslib/models/requirements.py\", line 1008, in parse_name\n[ff3e1bae-71fc-49d5-b76b-636575a3a6b7/test-unmocked-tool-installs]   |     name = self._parse_name_from_line()\n[ff3e1bae-71fc-49d5-b76b-636575a3a6b7/test-unmocked-tool-installs]   |   File \"/opt/hostedtoolcache/Python/3.7.11/x64/lib/python3.7/site-packages/pipenv/vendor/requirementslib/models/requirements.py\", line 950, in _parse_name_from_line\n[ff3e1bae-71fc-49d5-b76b-636575a3a6b7/test-unmocked-tool-installs]   |     \"Failed parsing requirement from {0!r}\".format(self.line)\n[ff3e1bae-71fc-49d5-b76b-636575a3a6b7/test-unmocked-tool-installs]   | pipenv.vendor.requirementslib.exceptions.RequirementError: Failed parsing requirement from '--junitxml=report.xml'\n[ff3e1bae-71fc-49d5-b76b-636575a3a6b7/test-models                ]   \u274c  Failure - Main Test with pytest\n[ff3e1bae-71fc-49d5-b76b-636575a3a6b7/test-shell                 ]   \u274c  Failure - Main Test with pytest\n[ff3e1bae-71fc-49d5-b76b-636575a3a6b7/test-web                   ]   \u274c  Failure - Main Test with pytest\n[ff3e1bae-71fc-49d5-b76b-636575a3a6b7/test-unmocked-tool-installs]   \u274c  Failure - Main Test with pytest\n[ff3e1bae-71fc-49d5-b76b-636575a3a6b7/lint                       ]   | Resolving dependencies...\n[ff3e1bae-71fc-49d5-b76b-636575a3a6b7/test-recon                 ]   \u274c  Failure - Main Test with pytest\n[ff3e1bae-71fc-49d5-b76b-636575a3a6b7/test-unmocked-tool-installs] exitcode '1': failure\n[ff3e1bae-71fc-49d5-b76b-636575a3a6b7/test-shell                 ] exitcode '1': failure\n[ff3e1bae-71fc-49d5-b76b-636575a3a6b7/test-web                   ] exitcode '1': failure\n[ff3e1bae-71fc-49d5-b76b-636575a3a6b7/test-models                ] exitcode '1': failure\n[ff3e1bae-71fc-49d5-b76b-636575a3a6b7/test-recon                 ] exitcode '1': failure\n[ff3e1bae-71fc-49d5-b76b-636575a3a6b7/lint                       ]   | Success!\n[ff3e1bae-71fc-49d5-b76b-636575a3a6b7/lint                       ]   | Locking [dev-packages] dependencies...\n[ff3e1bae-71fc-49d5-b76b-636575a3a6b7/lint                       ]   | Building requirements...\n[ff3e1bae-71fc-49d5-b76b-636575a3a6b7/lint                       ]   | Resolving dependencies...\n[ff3e1bae-71fc-49d5-b76b-636575a3a6b7/lint                       ]   | Success!\n[ff3e1bae-71fc-49d5-b76b-636575a3a6b7/lint                       ]   | Updated Pipfile.lock (b3e254b15801b36d04d542ff58adb8a7df37cc13f71472b0bf8c966735e8f1e3)!\n[ff3e1bae-71fc-49d5-b76b-636575a3a6b7/lint                       ]   | Installing dependencies from Pipfile.lock (e8f1e3)...\n[ff3e1bae-71fc-49d5-b76b-636575a3a6b7/test-shell                 ] \ud83c\udfc1  Job failed\n[ff3e1bae-71fc-49d5-b76b-636575a3a6b7/test-recon                 ] \ud83c\udfc1  Job failed\n[ff3e1bae-71fc-49d5-b76b-636575a3a6b7/test-web                   ] \ud83c\udfc1  Job failed\n[ff3e1bae-71fc-49d5-b76b-636575a3a6b7/test-models                ] \ud83c\udfc1  Job failed\n[ff3e1bae-71fc-49d5-b76b-636575a3a6b7/test-unmocked-tool-installs] \ud83c\udfc1  Job failed\n[ff3e1bae-71fc-49d5-b76b-636575a3a6b7/lint                       ]   | To activate this project's virtualenv, run pipenv shell.\n[ff3e1bae-71fc-49d5-b76b-636575a3a6b7/lint                       ]   | Alternatively, run a command inside the virtualenv with pipenv run.\n[ff3e1bae-71fc-49d5-b76b-636575a3a6b7/lint                       ]   | 0\n[ff3e1bae-71fc-49d5-b76b-636575a3a6b7/lint                       ]   \u2705  Success - Main Lint with flake8\n[ff3e1bae-71fc-49d5-b76b-636575a3a6b7/lint                       ] \u2b50 Run Main Check code formatting with black\n[ff3e1bae-71fc-49d5-b76b-636575a3a6b7/lint                       ]   \ud83d\udc33  docker exec cmd=[bash --noprofile --norc -e -o pipefail /var/run/act/workflow/4] user= workdir=\n[ff3e1bae-71fc-49d5-b76b-636575a3a6b7/lint                       ]   | Installing black==19.10b0...\n[ff3e1bae-71fc-49d5-b76b-636575a3a6b7/lint                       ]   | Resolving black==19.10b0...\n[ff3e1bae-71fc-49d5-b76b-636575a3a6b7/lint                       ]   | Adding black to Pipfile's [packages] ...\n[ff3e1bae-71fc-49d5-b76b-636575a3a6b7/lint                       ]   | Installation Succeeded\n[ff3e1bae-71fc-49d5-b76b-636575a3a6b7/lint                       ]   | Pipfile.lock (e8f1e3) out of date, updating to (5e0d4c)...\n[ff3e1bae-71fc-49d5-b76b-636575a3a6b7/lint                       ]   | Locking [packages] dependencies...\n[ff3e1bae-71fc-49d5-b76b-636575a3a6b7/lint                       ]   | Building requirements...\n[ff3e1bae-71fc-49d5-b76b-636575a3a6b7/lint                       ]   | Resolving dependencies...\n[ff3e1bae-71fc-49d5-b76b-636575a3a6b7/lint                       ]   | Success!\n[ff3e1bae-71fc-49d5-b76b-636575a3a6b7/lint                       ]   | Locking [dev-packages] dependencies...\n[ff3e1bae-71fc-49d5-b76b-636575a3a6b7/lint                       ]   | Building requirements...\n[ff3e1bae-71fc-49d5-b76b-636575a3a6b7/lint                       ]   | Resolving dependencies...\n[ff3e1bae-71fc-49d5-b76b-636575a3a6b7/lint                       ]   | Success!\n[ff3e1bae-71fc-49d5-b76b-636575a3a6b7/lint                       ]   | Updated Pipfile.lock (e0988f643dc1a7ede5ad1d79b043349d47b4338c67ea1a8da14a0ca4785e0d4c)!\n[ff3e1bae-71fc-49d5-b76b-636575a3a6b7/lint                       ]   | Installing dependencies from Pipfile.lock (5e0d4c)...\n[ff3e1bae-71fc-49d5-b76b-636575a3a6b7/lint                       ]   | To activate this project's virtualenv, run pipenv shell.\n[ff3e1bae-71fc-49d5-b76b-636575a3a6b7/lint                       ]   | Alternatively, run a command inside the virtualenv with pipenv run.\n[ff3e1bae-71fc-49d5-b76b-636575a3a6b7/lint                       ]   | Traceback (most recent call last):\n[ff3e1bae-71fc-49d5-b76b-636575a3a6b7/lint                       ]   |   File \"/home/runneradmin/.local/share/virtualenvs/epi052-recon-pipeline-0j31QeFu/bin/black\", line 8, in <module>\n[ff3e1bae-71fc-49d5-b76b-636575a3a6b7/lint                       ]   |     sys.exit(patched_main())\n[ff3e1bae-71fc-49d5-b76b-636575a3a6b7/lint                       ]   |   File \"/home/runneradmin/.local/share/virtualenvs/epi052-recon-pipeline-0j31QeFu/lib/python3.8/site-packages/black.py\", line 4134, in patched_main\n[ff3e1bae-71fc-49d5-b76b-636575a3a6b7/lint                       ]   |     patch_click()\n[ff3e1bae-71fc-49d5-b76b-636575a3a6b7/lint                       ]   |   File \"/home/runneradmin/.local/share/virtualenvs/epi052-recon-pipeline-0j31QeFu/lib/python3.8/site-packages/black.py\", line 4123, in patch_click\n[ff3e1bae-71fc-49d5-b76b-636575a3a6b7/lint                       ]   |     from click import _unicodefun  # type: ignore\n[ff3e1bae-71fc-49d5-b76b-636575a3a6b7/lint                       ]   | ImportError: cannot import name '_unicodefun' from 'click' (/home/runneradmin/.local/share/virtualenvs/epi052-recon-pipeline-0j31QeFu/lib/python3.8/site-packages/click/__init__.py)\n[ff3e1bae-71fc-49d5-b76b-636575a3a6b7/lint                       ]   \u274c  Failure - Main Check code formatting with black\n[ff3e1bae-71fc-49d5-b76b-636575a3a6b7/lint                       ] exitcode '1': failure\n[ff3e1bae-71fc-49d5-b76b-636575a3a6b7/lint                       ] \ud83c\udfc1  Job failed\n",
        "stderr": "Error: Job 'test-unmocked-tool-installs' failed\n",
        "workflow": "/tmp/ad9c0f7e-1596-11ee-8a50-bb14de238602/epi052-recon-pipeline/.github/workflows/pythonapp-crawler.yml",
        "build_tool": "pytest",
        "elapsed_time": 400.49714040756226
    }
}