{
    "repository": "fitodic/centerline",
    "stars": 184,
    "language": "python",
    "size": 407,
    "clone_url": "https://github.com/fitodic/centerline.git",
    "timestamp": "2023-07-01T10:11:08.770425Z",
    "clone_success": true,
    "number_of_actions": 1,
    "number_of_test_actions": 1,
    "actions_successful": false,
    "actions_build_tools": [
        "pytest"
    ],
    "actions_test_build_tools": [
        "pytest"
    ],
    "actions_run": {
        "failed": true,
        "tests": [],
        "stdout": "[4259c81e-399f-4a22-8f15-8a874841beee/Run the linters   ] \ud83d\ude80  Start image=crawlergpt:latest\n[4259c81e-399f-4a22-8f15-8a874841beee/Run the test suite] \ud83d\ude80  Start image=crawlergpt:latest\n[4259c81e-399f-4a22-8f15-8a874841beee/Run the linters   ]   \ud83d\udc33  docker pull image=crawlergpt:latest platform= username= forcePull=false\n[4259c81e-399f-4a22-8f15-8a874841beee/Run the test suite]   \ud83d\udc33  docker pull image=crawlergpt:latest platform= username= forcePull=false\n[4259c81e-399f-4a22-8f15-8a874841beee/Run the test suite]   \ud83d\udc33  docker create image=crawlergpt:latest platform= entrypoint=[\"tail\" \"-f\" \"/dev/null\"] cmd=[]\n[4259c81e-399f-4a22-8f15-8a874841beee/Run the linters   ]   \ud83d\udc33  docker create image=crawlergpt:latest platform= entrypoint=[\"tail\" \"-f\" \"/dev/null\"] cmd=[]\n[4259c81e-399f-4a22-8f15-8a874841beee/Run the test suite]   \ud83d\udc33  docker run image=crawlergpt:latest platform= entrypoint=[\"tail\" \"-f\" \"/dev/null\"] cmd=[]\n[4259c81e-399f-4a22-8f15-8a874841beee/Run the linters   ]   \ud83d\udc33  docker run image=crawlergpt:latest platform= entrypoint=[\"tail\" \"-f\" \"/dev/null\"] cmd=[]\n[4259c81e-399f-4a22-8f15-8a874841beee/Run the linters   ]   \ud83d\udc33  docker exec cmd=[chown -R 1012:1013 /tmp/558156d8-17ed-11ee-8a50-bb14de238602/fitodic-centerline] user=0 workdir=\n[4259c81e-399f-4a22-8f15-8a874841beee/Run the test suite]   \ud83d\udc33  docker exec cmd=[chown -R 1012:1013 /tmp/558156d8-17ed-11ee-8a50-bb14de238602/fitodic-centerline] user=0 workdir=\n[4259c81e-399f-4a22-8f15-8a874841beee/Run the test suite]   \u2601  git clone 'https://github.com/actions/setup-python' # ref=v2\n[4259c81e-399f-4a22-8f15-8a874841beee/Run the linters   ]   \u2601  git clone 'https://github.com/actions/setup-python' # ref=v2\n[4259c81e-399f-4a22-8f15-8a874841beee/Run the test suite]   \u2601  git clone 'https://github.com/actions/cache' # ref=v2\n[4259c81e-399f-4a22-8f15-8a874841beee/Run the linters   ]   \u2601  git clone 'https://github.com/actions/cache' # ref=v2\n[4259c81e-399f-4a22-8f15-8a874841beee/Run the test suite]   \u2601  git clone 'https://github.com/actions/upload-artifact' # ref=v2\n[4259c81e-399f-4a22-8f15-8a874841beee/Run the linters   ] \ud83e\uddea  Matrix: map[python-version:3.10]\n[4259c81e-399f-4a22-8f15-8a874841beee/Run the linters   ] \u2b50 Run Main actions/checkout@v2\n[4259c81e-399f-4a22-8f15-8a874841beee/Run the linters   ]   \u2705  Success - Main actions/checkout@v2\n[4259c81e-399f-4a22-8f15-8a874841beee/Run the linters   ] \u2b50 Run Main Set up Python 3.10\n[4259c81e-399f-4a22-8f15-8a874841beee/Run the linters   ]   \ud83d\udc33  docker cp src=/tmp/act-cache/237e6139-02e9-4589-8b46-85abb1c8e299/act/actions-setup-python@v2/ dst=/var/run/act/actions/actions-setup-python@v2/\n[4259c81e-399f-4a22-8f15-8a874841beee/Run the linters   ]   \ud83d\udc33  docker exec cmd=[chown -R 1012:1013 /var/run/act/actions/actions-setup-python@v2/] user=0 workdir=\n[4259c81e-399f-4a22-8f15-8a874841beee/Run the test suite] \ud83e\uddea  Matrix: map[python-version:3.7]\n[4259c81e-399f-4a22-8f15-8a874841beee/Run the test suite] \u2b50 Run Main actions/checkout@v2\n[4259c81e-399f-4a22-8f15-8a874841beee/Run the test suite]   \u2705  Success - Main actions/checkout@v2\n[4259c81e-399f-4a22-8f15-8a874841beee/Run the test suite] \u2b50 Run Main Set up Python 3.7\n[4259c81e-399f-4a22-8f15-8a874841beee/Run the test suite]   \ud83d\udc33  docker cp src=/tmp/act-cache/237e6139-02e9-4589-8b46-85abb1c8e299/act/actions-setup-python@v2/ dst=/var/run/act/actions/actions-setup-python@v2/\n[4259c81e-399f-4a22-8f15-8a874841beee/Run the test suite]   \ud83d\udc33  docker exec cmd=[chown -R 1012:1013 /var/run/act/actions/actions-setup-python@v2/] user=0 workdir=\n[4259c81e-399f-4a22-8f15-8a874841beee/Run the linters   ]   \ud83d\udc33  docker exec cmd=[node /var/run/act/actions/actions-setup-python@v2/dist/setup/index.js] user= workdir=\n[4259c81e-399f-4a22-8f15-8a874841beee/Run the test suite]   \ud83d\udc33  docker exec cmd=[node /var/run/act/actions/actions-setup-python@v2/dist/setup/index.js] user= workdir=\n[4259c81e-399f-4a22-8f15-8a874841beee/Run the linters   ]   \ud83d\udcac  ::debug::Semantic version spec of 3.10 is 3.10\n[4259c81e-399f-4a22-8f15-8a874841beee/Run the linters   ]   \ud83d\udcac  ::debug::isExplicit: \n[4259c81e-399f-4a22-8f15-8a874841beee/Run the linters   ]   \ud83d\udcac  ::debug::explicit? false\n[4259c81e-399f-4a22-8f15-8a874841beee/Run the linters   ]   \ud83d\udcac  ::debug::isExplicit: 2.7.18\n[4259c81e-399f-4a22-8f15-8a874841beee/Run the linters   ]   \ud83d\udcac  ::debug::explicit? true\n[4259c81e-399f-4a22-8f15-8a874841beee/Run the linters   ]   \ud83d\udcac  ::debug::isExplicit: 3.5.10\n[4259c81e-399f-4a22-8f15-8a874841beee/Run the linters   ]   \ud83d\udcac  ::debug::explicit? true\n[4259c81e-399f-4a22-8f15-8a874841beee/Run the linters   ]   \ud83d\udcac  ::debug::isExplicit: 3.6.14\n[4259c81e-399f-4a22-8f15-8a874841beee/Run the linters   ]   \ud83d\udcac  ::debug::explicit? true\n[4259c81e-399f-4a22-8f15-8a874841beee/Run the linters   ]   \ud83d\udcac  ::debug::isExplicit: 3.7.11\n[4259c81e-399f-4a22-8f15-8a874841beee/Run the linters   ]   \ud83d\udcac  ::debug::explicit? true\n[4259c81e-399f-4a22-8f15-8a874841beee/Run the linters   ]   \ud83d\udcac  ::debug::isExplicit: 3.8.11\n[4259c81e-399f-4a22-8f15-8a874841beee/Run the linters   ]   \ud83d\udcac  ::debug::explicit? true\n[4259c81e-399f-4a22-8f15-8a874841beee/Run the linters   ]   \ud83d\udcac  ::debug::isExplicit: 3.9.6\n[4259c81e-399f-4a22-8f15-8a874841beee/Run the linters   ]   \ud83d\udcac  ::debug::explicit? true\n[4259c81e-399f-4a22-8f15-8a874841beee/Run the linters   ]   \ud83d\udcac  ::debug::evaluating 6 versions\n[4259c81e-399f-4a22-8f15-8a874841beee/Run the linters   ]   \ud83d\udcac  ::debug::match not found\n[4259c81e-399f-4a22-8f15-8a874841beee/Run the linters   ]   | Version 3.10 was not found in the local cache\n[4259c81e-399f-4a22-8f15-8a874841beee/Run the linters   ]   \ud83d\udcac  ::debug::set auth\n[4259c81e-399f-4a22-8f15-8a874841beee/Run the linters   ]   \ud83d\udcac  ::debug::check 3.12.0-beta.3 satisfies 3.10\n[4259c81e-399f-4a22-8f15-8a874841beee/Run the linters   ]   \ud83d\udcac  ::debug::check 3.12.0-beta.2 satisfies 3.10\n[4259c81e-399f-4a22-8f15-8a874841beee/Run the linters   ]   \ud83d\udcac  ::debug::check 3.12.0-beta.1 satisfies 3.10\n[4259c81e-399f-4a22-8f15-8a874841beee/Run the linters   ]   \ud83d\udcac  ::debug::check 3.12.0-alpha.7 satisfies 3.10\n[4259c81e-399f-4a22-8f15-8a874841beee/Run the linters   ]   \ud83d\udcac  ::debug::check 3.12.0-alpha.6 satisfies 3.10\n[4259c81e-399f-4a22-8f15-8a874841beee/Run the linters   ]   \ud83d\udcac  ::debug::check 3.12.0-alpha.5 satisfies 3.10\n[4259c81e-399f-4a22-8f15-8a874841beee/Run the linters   ]   \ud83d\udcac  ::debug::check 3.12.0-alpha.4 satisfies 3.10\n[4259c81e-399f-4a22-8f15-8a874841beee/Run the linters   ]   \ud83d\udcac  ::debug::check 3.12.0-alpha.3 satisfies 3.10\n[4259c81e-399f-4a22-8f15-8a874841beee/Run the linters   ]   \ud83d\udcac  ::debug::check 3.12.0-alpha.2 satisfies 3.10\n[4259c81e-399f-4a22-8f15-8a874841beee/Run the linters   ]   \ud83d\udcac  ::debug::check 3.12.0-alpha.1 satisfies 3.10\n[4259c81e-399f-4a22-8f15-8a874841beee/Run the linters   ]   \ud83d\udcac  ::debug::check 3.11.4 satisfies 3.10\n[4259c81e-399f-4a22-8f15-8a874841beee/Run the linters   ]   \ud83d\udcac  ::debug::check 3.11.3 satisfies 3.10\n[4259c81e-399f-4a22-8f15-8a874841beee/Run the linters   ]   \ud83d\udcac  ::debug::check 3.11.2 satisfies 3.10\n[4259c81e-399f-4a22-8f15-8a874841beee/Run the linters   ]   \ud83d\udcac  ::debug::check 3.11.1 satisfies 3.10\n[4259c81e-399f-4a22-8f15-8a874841beee/Run the linters   ]   \ud83d\udcac  ::debug::check 3.11.0 satisfies 3.10\n[4259c81e-399f-4a22-8f15-8a874841beee/Run the linters   ]   \ud83d\udcac  ::debug::check 3.11.0-rc.2 satisfies 3.10\n[4259c81e-399f-4a22-8f15-8a874841beee/Run the linters   ]   \ud83d\udcac  ::debug::check 3.11.0-rc.1 satisfies 3.10\n[4259c81e-399f-4a22-8f15-8a874841beee/Run the linters   ]   \ud83d\udcac  ::debug::check 3.11.0-beta.5 satisfies 3.10\n[4259c81e-399f-4a22-8f15-8a874841beee/Run the linters   ]   \ud83d\udcac  ::debug::check 3.11.0-beta.4 satisfies 3.10\n[4259c81e-399f-4a22-8f15-8a874841beee/Run the linters   ]   \ud83d\udcac  ::debug::check 3.11.0-beta.3 satisfies 3.10\n[4259c81e-399f-4a22-8f15-8a874841beee/Run the linters   ]   \ud83d\udcac  ::debug::check 3.11.0-beta.2 satisfies 3.10\n[4259c81e-399f-4a22-8f15-8a874841beee/Run the linters   ]   \ud83d\udcac  ::debug::check 3.11.0-beta.1 satisfies 3.10\n[4259c81e-399f-4a22-8f15-8a874841beee/Run the linters   ]   \ud83d\udcac  ::debug::check 3.11.0-alpha.7 satisfies 3.10\n[4259c81e-399f-4a22-8f15-8a874841beee/Run the linters   ]   \ud83d\udcac  ::debug::check 3.11.0-alpha.6 satisfies 3.10\n[4259c81e-399f-4a22-8f15-8a874841beee/Run the linters   ]   \ud83d\udcac  ::debug::check 3.11.0-alpha.5 satisfies 3.10\n[4259c81e-399f-4a22-8f15-8a874841beee/Run the linters   ]   \ud83d\udcac  ::debug::check 3.11.0-alpha.4 satisfies 3.10\n[4259c81e-399f-4a22-8f15-8a874841beee/Run the linters   ]   \ud83d\udcac  ::debug::check 3.11.0-alpha.3 satisfies 3.10\n[4259c81e-399f-4a22-8f15-8a874841beee/Run the linters   ]   \ud83d\udcac  ::debug::check 3.11.0-alpha.2 satisfies 3.10\n[4259c81e-399f-4a22-8f15-8a874841beee/Run the linters   ]   \ud83d\udcac  ::debug::check 3.11.0-alpha.1 satisfies 3.10\n[4259c81e-399f-4a22-8f15-8a874841beee/Run the linters   ]   \ud83d\udcac  ::debug::check 3.10.12 satisfies 3.10\n[4259c81e-399f-4a22-8f15-8a874841beee/Run the linters   ]   \ud83d\udcac  ::debug::x64===x64 && darwin===linux\n[4259c81e-399f-4a22-8f15-8a874841beee/Run the linters   ]   \ud83d\udcac  ::debug::x64===x64 && linux===linux\n[4259c81e-399f-4a22-8f15-8a874841beee/Run the linters   ]   \ud83d\udcac  ::debug::matched 3.10.12\n[4259c81e-399f-4a22-8f15-8a874841beee/Run the linters   ]   | Version 3.10 is available for downloading\n[4259c81e-399f-4a22-8f15-8a874841beee/Run the linters   ]   | Download from \"https://github.com/actions/python-versions/releases/download/3.10.12-5200619051/python-3.10.12-linux-20.04-x64.tar.gz\"\n[4259c81e-399f-4a22-8f15-8a874841beee/Run the linters   ]   \ud83d\udcac  ::debug::Downloading https://github.com/actions/python-versions/releases/download/3.10.12-5200619051/python-3.10.12-linux-20.04-x64.tar.gz\n[4259c81e-399f-4a22-8f15-8a874841beee/Run the linters   ]   \ud83d\udcac  ::debug::Destination /tmp/c5ac7703-c059-475b-ae91-241397f4faef\n[4259c81e-399f-4a22-8f15-8a874841beee/Run the linters   ]   \ud83d\udcac  ::debug::set auth\n[4259c81e-399f-4a22-8f15-8a874841beee/Run the linters   ]   \ud83d\udcac  ::debug::download complete\n[4259c81e-399f-4a22-8f15-8a874841beee/Run the linters   ]   | Extract downloaded archive\n[4259c81e-399f-4a22-8f15-8a874841beee/Run the linters   ]   \ud83d\udcac  ::debug::Checking tar --version\n[4259c81e-399f-4a22-8f15-8a874841beee/Run the linters   ]   \ud83d\udcac  ::debug::tar (GNU tar) 1.30%0ACopyright (C) 2017 Free Software Foundation, Inc.%0ALicense GPLv3+: GNU GPL version 3 or later <https://gnu.org/licenses/gpl.html>.%0AThis is free software: you are free to change and redistribute it.%0AThere is NO WARRANTY, to the extent permitted by law.%0A%0AWritten by John Gilmore and Jay Fenlason.\n[4259c81e-399f-4a22-8f15-8a874841beee/Run the linters   ]   | [command]/usr/bin/tar xz --warning=no-unknown-keyword -C /tmp/532770c9-2fb8-4c2e-b3ea-297390fe3ec5 -f /tmp/c5ac7703-c059-475b-ae91-241397f4faef\n[4259c81e-399f-4a22-8f15-8a874841beee/Run the linters   ]   | Execute installation script\n[4259c81e-399f-4a22-8f15-8a874841beee/Run the linters   ]   | Check if Python hostedtoolcache folder exist...\n[4259c81e-399f-4a22-8f15-8a874841beee/Run the linters   ]   | Create Python 3.10.12 folder\n[4259c81e-399f-4a22-8f15-8a874841beee/Run the linters   ]   | Copy Python binaries to hostedtoolcache folder\n[4259c81e-399f-4a22-8f15-8a874841beee/Run the linters   ]   | Create additional symlinks (Required for the UsePythonVersion Azure Pipelines task and the setup-python GitHub Action)\n[4259c81e-399f-4a22-8f15-8a874841beee/Run the linters   ]   | Upgrading pip...\n[4259c81e-399f-4a22-8f15-8a874841beee/Run the linters   ]   | Looking in links: /tmp/tmp20qh3eqz\n[4259c81e-399f-4a22-8f15-8a874841beee/Run the linters   ]   | Requirement already satisfied: setuptools in /opt/hostedtoolcache/Python/3.10.12/x64/lib/python3.10/site-packages (65.5.0)\n[4259c81e-399f-4a22-8f15-8a874841beee/Run the linters   ]   | Requirement already satisfied: pip in /opt/hostedtoolcache/Python/3.10.12/x64/lib/python3.10/site-packages (23.0.1)\n[4259c81e-399f-4a22-8f15-8a874841beee/Run the test suite]   \ud83d\udcac  ::debug::Semantic version spec of 3.7 is 3.7\n[4259c81e-399f-4a22-8f15-8a874841beee/Run the test suite]   \ud83d\udcac  ::debug::isExplicit: \n[4259c81e-399f-4a22-8f15-8a874841beee/Run the test suite]   \ud83d\udcac  ::debug::explicit? false\n[4259c81e-399f-4a22-8f15-8a874841beee/Run the test suite]   \ud83d\udcac  ::debug::isExplicit: 2.7.18\n[4259c81e-399f-4a22-8f15-8a874841beee/Run the test suite]   \ud83d\udcac  ::debug::explicit? true\n[4259c81e-399f-4a22-8f15-8a874841beee/Run the test suite]   \ud83d\udcac  ::debug::isExplicit: 3.5.10\n[4259c81e-399f-4a22-8f15-8a874841beee/Run the test suite]   \ud83d\udcac  ::debug::explicit? true\n[4259c81e-399f-4a22-8f15-8a874841beee/Run the test suite]   \ud83d\udcac  ::debug::isExplicit: 3.6.14\n[4259c81e-399f-4a22-8f15-8a874841beee/Run the test suite]   \ud83d\udcac  ::debug::explicit? true\n[4259c81e-399f-4a22-8f15-8a874841beee/Run the test suite]   \ud83d\udcac  ::debug::isExplicit: 3.7.11\n[4259c81e-399f-4a22-8f15-8a874841beee/Run the test suite]   \ud83d\udcac  ::debug::explicit? true\n[4259c81e-399f-4a22-8f15-8a874841beee/Run the test suite]   \ud83d\udcac  ::debug::isExplicit: 3.8.11\n[4259c81e-399f-4a22-8f15-8a874841beee/Run the test suite]   \ud83d\udcac  ::debug::explicit? true\n[4259c81e-399f-4a22-8f15-8a874841beee/Run the test suite]   \ud83d\udcac  ::debug::isExplicit: 3.9.6\n[4259c81e-399f-4a22-8f15-8a874841beee/Run the test suite]   \ud83d\udcac  ::debug::explicit? true\n[4259c81e-399f-4a22-8f15-8a874841beee/Run the test suite]   \ud83d\udcac  ::debug::evaluating 6 versions\n[4259c81e-399f-4a22-8f15-8a874841beee/Run the test suite]   \ud83d\udcac  ::debug::matched: 3.7.11\n[4259c81e-399f-4a22-8f15-8a874841beee/Run the test suite]   \ud83d\udcac  ::debug::checking cache: /opt/hostedtoolcache/Python/3.7.11/x64\n[4259c81e-399f-4a22-8f15-8a874841beee/Run the test suite]   \ud83d\udcac  ::debug::Found tool in cache Python 3.7.11 x64\n[4259c81e-399f-4a22-8f15-8a874841beee/Run the test suite]   | Successfully setup CPython (3.7.11)\n[4259c81e-399f-4a22-8f15-8a874841beee/Run the test suite]   \u2753 add-matcher /run/act/actions/actions-setup-python@v2/.github/python.json\n[4259c81e-399f-4a22-8f15-8a874841beee/Run the test suite]   \u2705  Success - Main Set up Python 3.7\n[4259c81e-399f-4a22-8f15-8a874841beee/Run the test suite]   \u2699  ::set-env:: pythonLocation=/opt/hostedtoolcache/Python/3.7.11/x64\n[4259c81e-399f-4a22-8f15-8a874841beee/Run the test suite]   \u2699  ::set-env:: LD_LIBRARY_PATH=/opt/hostedtoolcache/Python/3.7.11/x64/lib\n[4259c81e-399f-4a22-8f15-8a874841beee/Run the test suite]   \u2699  ::set-output:: python-version=3.7.11\n[4259c81e-399f-4a22-8f15-8a874841beee/Run the test suite]   \u2699  ::add-path:: /opt/hostedtoolcache/Python/3.7.11/x64\n[4259c81e-399f-4a22-8f15-8a874841beee/Run the test suite]   \u2699  ::add-path:: /opt/hostedtoolcache/Python/3.7.11/x64/bin\n[4259c81e-399f-4a22-8f15-8a874841beee/Run the test suite] \u2b50 Run Main Get pip cache dir\n[4259c81e-399f-4a22-8f15-8a874841beee/Run the test suite]   \ud83d\udc33  docker exec cmd=[bash --noprofile --norc -e -o pipefail /var/run/act/workflow/pip-cache] user= workdir=\n[4259c81e-399f-4a22-8f15-8a874841beee/Run the linters   ]   | Collecting pip\n[4259c81e-399f-4a22-8f15-8a874841beee/Run the linters   ]   | Downloading pip-23.1.2-py3-none-any.whl (2.1 MB)\n[4259c81e-399f-4a22-8f15-8a874841beee/Run the linters   ]   | \u2501\u2501\u2501\u2501\u2501\u2501\u2501\u2501\u2501\u2501\u2501\u2501\u2501\u2501\u2501\u2501\u2501\u2501\u2501\u2501\u2501\u2501\u2501\u2501\u2501\u2501\u2501\u2501\u2501\u2501\u2501\u2501\u2501\u2501\u2501\u2501\u2501\u2501\u2501\u2501 2.1/2.1 MB 10.6 MB/s eta 0:00:00\n[4259c81e-399f-4a22-8f15-8a874841beee/Run the linters   ]   | \n[4259c81e-399f-4a22-8f15-8a874841beee/Run the linters   ]   | Installing collected packages: pip\n[4259c81e-399f-4a22-8f15-8a874841beee/Run the linters   ]   | Successfully installed pip-23.1.2\n[4259c81e-399f-4a22-8f15-8a874841beee/Run the linters   ]   | Create complete file\n[4259c81e-399f-4a22-8f15-8a874841beee/Run the linters   ]   \ud83d\udcac  ::debug::isExplicit: \n[4259c81e-399f-4a22-8f15-8a874841beee/Run the linters   ]   \ud83d\udcac  ::debug::explicit? false\n[4259c81e-399f-4a22-8f15-8a874841beee/Run the linters   ]   \ud83d\udcac  ::debug::isExplicit: 2.7.18\n[4259c81e-399f-4a22-8f15-8a874841beee/Run the linters   ]   \ud83d\udcac  ::debug::explicit? true\n[4259c81e-399f-4a22-8f15-8a874841beee/Run the linters   ]   \ud83d\udcac  ::debug::isExplicit: 3.10.12\n[4259c81e-399f-4a22-8f15-8a874841beee/Run the linters   ]   \ud83d\udcac  ::debug::explicit? true\n[4259c81e-399f-4a22-8f15-8a874841beee/Run the linters   ]   \ud83d\udcac  ::debug::isExplicit: 3.5.10\n[4259c81e-399f-4a22-8f15-8a874841beee/Run the linters   ]   \ud83d\udcac  ::debug::explicit? true\n[4259c81e-399f-4a22-8f15-8a874841beee/Run the linters   ]   \ud83d\udcac  ::debug::isExplicit: 3.6.14\n[4259c81e-399f-4a22-8f15-8a874841beee/Run the linters   ]   \ud83d\udcac  ::debug::explicit? true\n[4259c81e-399f-4a22-8f15-8a874841beee/Run the linters   ]   \ud83d\udcac  ::debug::isExplicit: 3.7.11\n[4259c81e-399f-4a22-8f15-8a874841beee/Run the linters   ]   \ud83d\udcac  ::debug::explicit? true\n[4259c81e-399f-4a22-8f15-8a874841beee/Run the linters   ]   \ud83d\udcac  ::debug::isExplicit: 3.8.11\n[4259c81e-399f-4a22-8f15-8a874841beee/Run the linters   ]   \ud83d\udcac  ::debug::explicit? true\n[4259c81e-399f-4a22-8f15-8a874841beee/Run the linters   ]   \ud83d\udcac  ::debug::isExplicit: 3.9.6\n[4259c81e-399f-4a22-8f15-8a874841beee/Run the linters   ]   \ud83d\udcac  ::debug::explicit? true\n[4259c81e-399f-4a22-8f15-8a874841beee/Run the linters   ]   \ud83d\udcac  ::debug::evaluating 7 versions\n[4259c81e-399f-4a22-8f15-8a874841beee/Run the linters   ]   \ud83d\udcac  ::debug::matched: 3.10.12\n[4259c81e-399f-4a22-8f15-8a874841beee/Run the linters   ]   \ud83d\udcac  ::debug::checking cache: /opt/hostedtoolcache/Python/3.10.12/x64\n[4259c81e-399f-4a22-8f15-8a874841beee/Run the linters   ]   \ud83d\udcac  ::debug::Found tool in cache Python 3.10.12 x64\n[4259c81e-399f-4a22-8f15-8a874841beee/Run the linters   ]   | Successfully setup CPython (3.10.12)\n[4259c81e-399f-4a22-8f15-8a874841beee/Run the linters   ]   \u2753 add-matcher /run/act/actions/actions-setup-python@v2/.github/python.json\n[4259c81e-399f-4a22-8f15-8a874841beee/Run the linters   ]   \u2705  Success - Main Set up Python 3.10\n[4259c81e-399f-4a22-8f15-8a874841beee/Run the linters   ]   \u2699  ::set-env:: pythonLocation=/opt/hostedtoolcache/Python/3.10.12/x64\n[4259c81e-399f-4a22-8f15-8a874841beee/Run the linters   ]   \u2699  ::set-env:: LD_LIBRARY_PATH=/opt/hostedtoolcache/Python/3.10.12/x64/lib\n[4259c81e-399f-4a22-8f15-8a874841beee/Run the linters   ]   \u2699  ::set-output:: python-version=3.10.12\n[4259c81e-399f-4a22-8f15-8a874841beee/Run the linters   ]   \u2699  ::add-path:: /opt/hostedtoolcache/Python/3.10.12/x64\n[4259c81e-399f-4a22-8f15-8a874841beee/Run the linters   ]   \u2699  ::add-path:: /opt/hostedtoolcache/Python/3.10.12/x64/bin\n[4259c81e-399f-4a22-8f15-8a874841beee/Run the linters   ] \u2b50 Run Main Get pip cache dir\n[4259c81e-399f-4a22-8f15-8a874841beee/Run the linters   ]   \ud83d\udc33  docker exec cmd=[bash --noprofile --norc -e -o pipefail /var/run/act/workflow/pip-cache] user= workdir=\n[4259c81e-399f-4a22-8f15-8a874841beee/Run the test suite]   \u2699  ::set-output:: dir=/home/runneradmin/.cache/pip\n[4259c81e-399f-4a22-8f15-8a874841beee/Run the test suite]   \u2705  Success - Main Get pip cache dir\n[4259c81e-399f-4a22-8f15-8a874841beee/Run the linters   ]   \u2699  ::set-output:: dir=/home/runneradmin/.cache/pip\n[4259c81e-399f-4a22-8f15-8a874841beee/Run the linters   ]   \u2705  Success - Main Get pip cache dir\n[4259c81e-399f-4a22-8f15-8a874841beee/Run the test suite] \u2b50 Run Main Cache\n[4259c81e-399f-4a22-8f15-8a874841beee/Run the linters   ] \u2b50 Run Main Cache\n[4259c81e-399f-4a22-8f15-8a874841beee/Run the linters   ]   \ud83d\udc33  docker cp src=/tmp/act-cache/237e6139-02e9-4589-8b46-85abb1c8e299/act/actions-cache@v2/ dst=/var/run/act/actions/actions-cache@v2/\n[4259c81e-399f-4a22-8f15-8a874841beee/Run the test suite]   \ud83d\udc33  docker cp src=/tmp/act-cache/237e6139-02e9-4589-8b46-85abb1c8e299/act/actions-cache@v2/ dst=/var/run/act/actions/actions-cache@v2/\n[4259c81e-399f-4a22-8f15-8a874841beee/Run the linters   ]   \ud83d\udc33  docker exec cmd=[chown -R 1012:1013 /var/run/act/actions/actions-cache@v2/] user=0 workdir=\n[4259c81e-399f-4a22-8f15-8a874841beee/Run the test suite]   \ud83d\udc33  docker exec cmd=[chown -R 1012:1013 /var/run/act/actions/actions-cache@v2/] user=0 workdir=\n[4259c81e-399f-4a22-8f15-8a874841beee/Run the linters   ]   \ud83d\udc33  docker exec cmd=[node /var/run/act/actions/actions-cache@v2/dist/restore/index.js] user= workdir=\n[4259c81e-399f-4a22-8f15-8a874841beee/Run the test suite]   \ud83d\udc33  docker exec cmd=[node /var/run/act/actions/actions-cache@v2/dist/restore/index.js] user= workdir=\n[4259c81e-399f-4a22-8f15-8a874841beee/Run the test suite]   \ud83d\udcac  ::debug::Resolved Keys:\n[4259c81e-399f-4a22-8f15-8a874841beee/Run the test suite]   \ud83d\udcac  ::debug::[\"3.7-v1-861bd8e92c599d31e9ad9174694be5bf9e08d850a690eb45d585dabe3515e28c-aea0f1bc74c7881f8cae8232e6802c54a2d35d71bb4a59651cd09f7c5d282a7c\",\"3.7-v1-\"]\n[4259c81e-399f-4a22-8f15-8a874841beee/Run the test suite]   \ud83d\udcac  ::debug::Checking zstd --version\n[4259c81e-399f-4a22-8f15-8a874841beee/Run the test suite]   \ud83d\udcac  ::debug::*** zstd command line interface 64-bits v1.5.0, by Yann Collet ***\n[4259c81e-399f-4a22-8f15-8a874841beee/Run the test suite]   \ud83d\udcac  ::debug::Resource Url: http://130.242.72.40:40649/_apis/artifactcache/cache?keys=3.7-v1-861bd8e92c599d31e9ad9174694be5bf9e08d850a690eb45d585dabe3515e28c-aea0f1bc74c7881f8cae8232e6802c54a2d35d71bb4a59651cd09f7c5d282a7c%252C3.7-v1-&version=79a244514713d0ea96d5d8aab70186082a897848df6e845ec8308965d2f82f4f\n[4259c81e-399f-4a22-8f15-8a874841beee/Run the linters   ]   \ud83d\udcac  ::debug::Resolved Keys:\n[4259c81e-399f-4a22-8f15-8a874841beee/Run the linters   ]   \ud83d\udcac  ::debug::[\"3.10-v1-861bd8e92c599d31e9ad9174694be5bf9e08d850a690eb45d585dabe3515e28c-aea0f1bc74c7881f8cae8232e6802c54a2d35d71bb4a59651cd09f7c5d282a7c\",\"3.10-v1-\"]\n[4259c81e-399f-4a22-8f15-8a874841beee/Run the linters   ]   \ud83d\udcac  ::debug::Checking zstd --version\n[4259c81e-399f-4a22-8f15-8a874841beee/Run the test suite]   | Cache not found for input keys: 3.7-v1-861bd8e92c599d31e9ad9174694be5bf9e08d850a690eb45d585dabe3515e28c-aea0f1bc74c7881f8cae8232e6802c54a2d35d71bb4a59651cd09f7c5d282a7c, 3.7-v1-\n[4259c81e-399f-4a22-8f15-8a874841beee/Run the linters   ]   \ud83d\udcac  ::debug::*** zstd command line interface 64-bits v1.5.0, by Yann Collet ***\n[4259c81e-399f-4a22-8f15-8a874841beee/Run the linters   ]   \ud83d\udcac  ::debug::Resource Url: http://130.242.72.40:40649/_apis/artifactcache/cache?keys=3.10-v1-861bd8e92c599d31e9ad9174694be5bf9e08d850a690eb45d585dabe3515e28c-aea0f1bc74c7881f8cae8232e6802c54a2d35d71bb4a59651cd09f7c5d282a7c%252C3.10-v1-&version=79a244514713d0ea96d5d8aab70186082a897848df6e845ec8308965d2f82f4f\n[4259c81e-399f-4a22-8f15-8a874841beee/Run the test suite]   \u2705  Success - Main Cache\n[4259c81e-399f-4a22-8f15-8a874841beee/Run the linters   ]   | Cache not found for input keys: 3.10-v1-861bd8e92c599d31e9ad9174694be5bf9e08d850a690eb45d585dabe3515e28c-aea0f1bc74c7881f8cae8232e6802c54a2d35d71bb4a59651cd09f7c5d282a7c, 3.10-v1-\n[4259c81e-399f-4a22-8f15-8a874841beee/Run the linters   ]   \u2705  Success - Main Cache\n[4259c81e-399f-4a22-8f15-8a874841beee/Run the linters   ] \u2b50 Run Main Install dependencies\n[4259c81e-399f-4a22-8f15-8a874841beee/Run the test suite] \u2b50 Run Main Install dependencies\n[4259c81e-399f-4a22-8f15-8a874841beee/Run the test suite]   \ud83d\udc33  docker exec cmd=[bash --noprofile --norc -e -o pipefail /var/run/act/workflow/4] user= workdir=\n[4259c81e-399f-4a22-8f15-8a874841beee/Run the linters   ]   \ud83d\udc33  docker exec cmd=[bash --noprofile --norc -e -o pipefail /var/run/act/workflow/4] user= workdir=\n[4259c81e-399f-4a22-8f15-8a874841beee/Run the test suite]   | Requirement already satisfied: pip in /opt/hostedtoolcache/Python/3.7.11/x64/lib/python3.7/site-packages (21.2.4)\n[4259c81e-399f-4a22-8f15-8a874841beee/Run the linters   ]   | Requirement already satisfied: pip in /opt/hostedtoolcache/Python/3.10.12/x64/lib/python3.10/site-packages (23.0.1)\n[4259c81e-399f-4a22-8f15-8a874841beee/Run the test suite]   | Collecting pip\n[4259c81e-399f-4a22-8f15-8a874841beee/Run the linters   ]   | Collecting pip\n[4259c81e-399f-4a22-8f15-8a874841beee/Run the test suite]   |   Downloading pip-23.1.2-py3-none-any.whl (2.1 MB)\n[4259c81e-399f-4a22-8f15-8a874841beee/Run the linters   ]   |   Using cached pip-23.1.2-py3-none-any.whl (2.1 MB)\n[4259c81e-399f-4a22-8f15-8a874841beee/Run the linters   ]   | Installing collected packages: pip\n[4259c81e-399f-4a22-8f15-8a874841beee/Run the linters   ]   |   Attempting uninstall: pip\n[4259c81e-399f-4a22-8f15-8a874841beee/Run the linters   ]   |     Found existing installation: pip 23.0.1\n[4259c81e-399f-4a22-8f15-8a874841beee/Run the test suite]   | Installing collected packages: pip\n[4259c81e-399f-4a22-8f15-8a874841beee/Run the test suite]   |   Attempting uninstall: pip\n[4259c81e-399f-4a22-8f15-8a874841beee/Run the test suite]   |     Found existing installation: pip 21.2.4\n[4259c81e-399f-4a22-8f15-8a874841beee/Run the linters   ]   |     Uninstalling pip-23.0.1:\n[4259c81e-399f-4a22-8f15-8a874841beee/Run the linters   ]   |       Successfully uninstalled pip-23.0.1\n[4259c81e-399f-4a22-8f15-8a874841beee/Run the test suite]   |     Uninstalling pip-21.2.4:\n[4259c81e-399f-4a22-8f15-8a874841beee/Run the linters   ]   | Successfully installed pip-23.1.2\n[4259c81e-399f-4a22-8f15-8a874841beee/Run the test suite]   |       Successfully uninstalled pip-21.2.4\n[4259c81e-399f-4a22-8f15-8a874841beee/Run the linters   ]   | Collecting tox\n[4259c81e-399f-4a22-8f15-8a874841beee/Run the linters   ]   |   Downloading tox-4.6.3-py3-none-any.whl (152 kB)\n[4259c81e-399f-4a22-8f15-8a874841beee/Run the linters   ]   |      \u2501\u2501\u2501\u2501\u2501\u2501\u2501\u2501\u2501\u2501\u2501\u2501\u2501\u2501\u2501\u2501\u2501\u2501\u2501\u2501\u2501\u2501\u2501\u2501\u2501\u2501\u2501\u2501\u2501\u2501\u2501\u2501\u2501\u2501\u2501\u2501\u2501\u2501\u2501 152.2/152.2 kB 4.3 MB/s eta 0:00:00\n[4259c81e-399f-4a22-8f15-8a874841beee/Run the linters   ]   | Collecting cachetools>=5.3.1 (from tox)\n[4259c81e-399f-4a22-8f15-8a874841beee/Run the linters   ]   |   Downloading cachetools-5.3.1-py3-none-any.whl (9.3 kB)\n[4259c81e-399f-4a22-8f15-8a874841beee/Run the linters   ]   | Collecting chardet>=5.1 (from tox)\n[4259c81e-399f-4a22-8f15-8a874841beee/Run the linters   ]   |   Downloading chardet-5.1.0-py3-none-any.whl (199 kB)\n[4259c81e-399f-4a22-8f15-8a874841beee/Run the linters   ]   |      \u2501\u2501\u2501\u2501\u2501\u2501\u2501\u2501\u2501\u2501\u2501\u2501\u2501\u2501\u2501\u2501\u2501\u2501\u2501\u2501\u2501\u2501\u2501\u2501\u2501\u2501\u2501\u2501\u2501\u2501\u2501\u2501\u2501\u2501\u2501\u2501\u2501\u2501\u2501 199.1/199.1 kB 5.6 MB/s eta 0:00:00\n[4259c81e-399f-4a22-8f15-8a874841beee/Run the linters   ]   | Collecting colorama>=0.4.6 (from tox)\n[4259c81e-399f-4a22-8f15-8a874841beee/Run the linters   ]   |   Downloading colorama-0.4.6-py2.py3-none-any.whl (25 kB)\n[4259c81e-399f-4a22-8f15-8a874841beee/Run the linters   ]   | Collecting filelock>=3.12.2 (from tox)\n[4259c81e-399f-4a22-8f15-8a874841beee/Run the linters   ]   |   Downloading filelock-3.12.2-py3-none-any.whl (10 kB)\n[4259c81e-399f-4a22-8f15-8a874841beee/Run the linters   ]   | Collecting packaging>=23.1 (from tox)\n[4259c81e-399f-4a22-8f15-8a874841beee/Run the linters   ]   |   Downloading packaging-23.1-py3-none-any.whl (48 kB)\n[4259c81e-399f-4a22-8f15-8a874841beee/Run the linters   ]   |      \u2501\u2501\u2501\u2501\u2501\u2501\u2501\u2501\u2501\u2501\u2501\u2501\u2501\u2501\u2501\u2501\u2501\u2501\u2501\u2501\u2501\u2501\u2501\u2501\u2501\u2501\u2501\u2501\u2501\u2501\u2501\u2501\u2501\u2501\u2501\u2501\u2501\u2501\u2501\u2501 48.9/48.9 kB 5.0 MB/s eta 0:00:00\n[4259c81e-399f-4a22-8f15-8a874841beee/Run the linters   ]   | Collecting platformdirs>=3.5.3 (from tox)\n[4259c81e-399f-4a22-8f15-8a874841beee/Run the linters   ]   |   Downloading platformdirs-3.8.0-py3-none-any.whl (16 kB)\n[4259c81e-399f-4a22-8f15-8a874841beee/Run the linters   ]   | Collecting pluggy>=1 (from tox)\n[4259c81e-399f-4a22-8f15-8a874841beee/Run the linters   ]   |   Downloading pluggy-1.2.0-py3-none-any.whl (17 kB)\n[4259c81e-399f-4a22-8f15-8a874841beee/Run the linters   ]   | Collecting pyproject-api>=1.5.2 (from tox)\n[4259c81e-399f-4a22-8f15-8a874841beee/Run the linters   ]   |   Downloading pyproject_api-1.5.2-py3-none-any.whl (12 kB)\n[4259c81e-399f-4a22-8f15-8a874841beee/Run the linters   ]   | Collecting tomli>=2.0.1 (from tox)\n[4259c81e-399f-4a22-8f15-8a874841beee/Run the linters   ]   |   Downloading tomli-2.0.1-py3-none-any.whl (12 kB)\n[4259c81e-399f-4a22-8f15-8a874841beee/Run the linters   ]   | Collecting virtualenv>=20.23.1 (from tox)\n[4259c81e-399f-4a22-8f15-8a874841beee/Run the linters   ]   |   Downloading virtualenv-20.23.1-py3-none-any.whl (3.3 MB)\n[4259c81e-399f-4a22-8f15-8a874841beee/Run the linters   ]   |      \u2501\u2501\u2501\u2501\u2501\u2501\u2501\u2501\u2501\u2501\u2501\u2501\u2501\u2501\u2501\u2501\u2501\u2501\u2501\u2501\u2501\u2501\u2501\u2501\u2501\u2501\u2501\u2501\u2501\u2501\u2501\u2501\u2501\u2501\u2501\u2501\u2501\u2501\u2501\u2501 3.3/3.3 MB 24.0 MB/s eta 0:00:00\n[4259c81e-399f-4a22-8f15-8a874841beee/Run the linters   ]   | Collecting distlib<1,>=0.3.6 (from virtualenv>=20.23.1->tox)\n[4259c81e-399f-4a22-8f15-8a874841beee/Run the linters   ]   |   Downloading distlib-0.3.6-py2.py3-none-any.whl (468 kB)\n[4259c81e-399f-4a22-8f15-8a874841beee/Run the linters   ]   |      \u2501\u2501\u2501\u2501\u2501\u2501\u2501\u2501\u2501\u2501\u2501\u2501\u2501\u2501\u2501\u2501\u2501\u2501\u2501\u2501\u2501\u2501\u2501\u2501\u2501\u2501\u2501\u2501\u2501\u2501\u2501\u2501\u2501\u2501\u2501\u2501\u2501\u2501 468.5/468.5 kB 12.3 MB/s eta 0:00:00\n[4259c81e-399f-4a22-8f15-8a874841beee/Run the linters   ]   | Installing collected packages: distlib, tomli, pluggy, platformdirs, packaging, filelock, colorama, chardet, cachetools, virtualenv, pyproject-api, tox\n[4259c81e-399f-4a22-8f15-8a874841beee/Run the test suite]   | Successfully installed pip-23.1.2\n[4259c81e-399f-4a22-8f15-8a874841beee/Run the test suite]   | Obtaining file:///tmp/558156d8-17ed-11ee-8a50-bb14de238602/fitodic-centerline\n[4259c81e-399f-4a22-8f15-8a874841beee/Run the test suite]   |   Installing build dependencies: started\n[4259c81e-399f-4a22-8f15-8a874841beee/Run the linters   ]   | Successfully installed cachetools-5.3.1 chardet-5.1.0 colorama-0.4.6 distlib-0.3.6 filelock-3.12.2 packaging-23.1 platformdirs-3.8.0 pluggy-1.2.0 pyproject-api-1.5.2 tomli-2.0.1 tox-4.6.3 virtualenv-20.23.1\n[4259c81e-399f-4a22-8f15-8a874841beee/Run the linters   ]   \u2705  Success - Main Install dependencies\n[4259c81e-399f-4a22-8f15-8a874841beee/Run the linters   ] \u2b50 Run Main Test with tox\n[4259c81e-399f-4a22-8f15-8a874841beee/Run the linters   ]   \ud83d\udc33  docker exec cmd=[bash --noprofile --norc -e -o pipefail /var/run/act/workflow/5] user= workdir=\n[4259c81e-399f-4a22-8f15-8a874841beee/Run the test suite]   |   Installing build dependencies: finished with status 'done'\n[4259c81e-399f-4a22-8f15-8a874841beee/Run the test suite]   |   Checking if build backend supports build_editable: started\n[4259c81e-399f-4a22-8f15-8a874841beee/Run the test suite]   |   Checking if build backend supports build_editable: finished with status 'done'\n[4259c81e-399f-4a22-8f15-8a874841beee/Run the test suite]   |   Getting requirements to build editable: started\n[4259c81e-399f-4a22-8f15-8a874841beee/Run the test suite]   |   Getting requirements to build editable: finished with status 'done'\n[4259c81e-399f-4a22-8f15-8a874841beee/Run the test suite]   |   Preparing editable metadata (pyproject.toml): started\n[4259c81e-399f-4a22-8f15-8a874841beee/Run the test suite]   |   Preparing editable metadata (pyproject.toml): finished with status 'done'\n[4259c81e-399f-4a22-8f15-8a874841beee/Run the test suite]   | Collecting Fiona>=1.7.0 (from centerline==1.0.1)\n[4259c81e-399f-4a22-8f15-8a874841beee/Run the test suite]   |   Downloading Fiona-1.9.4.post1-cp37-cp37m-manylinux2014_x86_64.whl (16.5 MB)\n[4259c81e-399f-4a22-8f15-8a874841beee/Run the test suite]   |      \u2501\u2501\u2501\u2501\u2501\u2501\u2501\u2501\u2501\u2501\u2501\u2501\u2501\u2501\u2501\u2501\u2501\u2501\u2501\u2501\u2501\u2501\u2501\u2501\u2501\u2501\u2501\u2501\u2501\u2501\u2501\u2501\u2501\u2501\u2501\u2501\u2501\u2501\u2501\u2501 16.5/16.5 MB 24.8 MB/s eta 0:00:00\n[4259c81e-399f-4a22-8f15-8a874841beee/Run the test suite]   | Collecting Shapely>=1.5.13 (from centerline==1.0.1)\n[4259c81e-399f-4a22-8f15-8a874841beee/Run the test suite]   |   Downloading shapely-2.0.1-cp37-cp37m-manylinux_2_17_x86_64.manylinux2014_x86_64.whl (2.3 MB)\n[4259c81e-399f-4a22-8f15-8a874841beee/Run the test suite]   |      \u2501\u2501\u2501\u2501\u2501\u2501\u2501\u2501\u2501\u2501\u2501\u2501\u2501\u2501\u2501\u2501\u2501\u2501\u2501\u2501\u2501\u2501\u2501\u2501\u2501\u2501\u2501\u2501\u2501\u2501\u2501\u2501\u2501\u2501\u2501\u2501\u2501\u2501\u2501\u2501 2.3/2.3 MB 29.0 MB/s eta 0:00:00\n[4259c81e-399f-4a22-8f15-8a874841beee/Run the test suite]   | Collecting numpy>=1.10.4 (from centerline==1.0.1)\n[4259c81e-399f-4a22-8f15-8a874841beee/Run the test suite]   |   Downloading numpy-1.21.6-cp37-cp37m-manylinux_2_12_x86_64.manylinux2010_x86_64.whl (15.7 MB)\n[4259c81e-399f-4a22-8f15-8a874841beee/Run the test suite]   |      \u2501\u2501\u2501\u2501\u2501\u2501\u2501\u2501\u2501\u2501\u2501\u2501\u2501\u2501\u2501\u2501\u2501\u2501\u2501\u2501\u2501\u2501\u2501\u2501\u2501\u2501\u2501\u2501\u2501\u2501\u2501\u2501\u2501\u2501\u2501\u2501\u2501\u2501\u2501\u2501 15.7/15.7 MB 26.8 MB/s eta 0:00:00\n[4259c81e-399f-4a22-8f15-8a874841beee/Run the test suite]   | Collecting scipy>=0.16.1 (from centerline==1.0.1)\n[4259c81e-399f-4a22-8f15-8a874841beee/Run the test suite]   |   Downloading scipy-1.7.3-cp37-cp37m-manylinux_2_12_x86_64.manylinux2010_x86_64.whl (38.1 MB)\n[4259c81e-399f-4a22-8f15-8a874841beee/Run the test suite]   |      \u2501\u2501\u2501\u2501\u2501\u2501\u2501\u2501\u2501\u2501\u2501\u2501\u2501\u2501\u2501\u2501\u2501\u2501\u2501\u2501\u2501\u2501\u2501\u2501\u2501\u2501\u2501\u2501\u2501\u2501\u2501\u2501\u2501\u2501\u2501\u2501\u2501\u2501\u2501\u2501 38.1/38.1 MB 22.6 MB/s eta 0:00:00\n[4259c81e-399f-4a22-8f15-8a874841beee/Run the test suite]   | Collecting Click>=7.0 (from centerline==1.0.1)\n[4259c81e-399f-4a22-8f15-8a874841beee/Run the test suite]   |   Downloading click-8.1.3-py3-none-any.whl (96 kB)\n[4259c81e-399f-4a22-8f15-8a874841beee/Run the test suite]   |      \u2501\u2501\u2501\u2501\u2501\u2501\u2501\u2501\u2501\u2501\u2501\u2501\u2501\u2501\u2501\u2501\u2501\u2501\u2501\u2501\u2501\u2501\u2501\u2501\u2501\u2501\u2501\u2501\u2501\u2501\u2501\u2501\u2501\u2501\u2501\u2501\u2501\u2501\u2501\u2501 96.6/96.6 kB 12.5 MB/s eta 0:00:00\n[4259c81e-399f-4a22-8f15-8a874841beee/Run the linters   ]   | lint: install_deps> python -I -m pip install black flake8 isort\n[4259c81e-399f-4a22-8f15-8a874841beee/Run the test suite]   | Collecting coverage (from centerline==1.0.1)\n[4259c81e-399f-4a22-8f15-8a874841beee/Run the test suite]   |   Downloading coverage-7.2.7-cp37-cp37m-manylinux_2_5_x86_64.manylinux1_x86_64.manylinux_2_17_x86_64.manylinux2014_x86_64.whl (225 kB)\n[4259c81e-399f-4a22-8f15-8a874841beee/Run the test suite]   |      \u2501\u2501\u2501\u2501\u2501\u2501\u2501\u2501\u2501\u2501\u2501\u2501\u2501\u2501\u2501\u2501\u2501\u2501\u2501\u2501\u2501\u2501\u2501\u2501\u2501\u2501\u2501\u2501\u2501\u2501\u2501\u2501\u2501\u2501\u2501\u2501\u2501\u2501\u2501 225.6/225.6 kB 6.5 MB/s eta 0:00:00\n[4259c81e-399f-4a22-8f15-8a874841beee/Run the test suite]   | Collecting pytest>=4.0.0 (from centerline==1.0.1)\n[4259c81e-399f-4a22-8f15-8a874841beee/Run the test suite]   |   Downloading pytest-7.4.0-py3-none-any.whl (323 kB)\n[4259c81e-399f-4a22-8f15-8a874841beee/Run the test suite]   |      \u2501\u2501\u2501\u2501\u2501\u2501\u2501\u2501\u2501\u2501\u2501\u2501\u2501\u2501\u2501\u2501\u2501\u2501\u2501\u2501\u2501\u2501\u2501\u2501\u2501\u2501\u2501\u2501\u2501\u2501\u2501\u2501\u2501\u2501\u2501\u2501\u2501\u2501 323.6/323.6 kB 11.2 MB/s eta 0:00:00\n[4259c81e-399f-4a22-8f15-8a874841beee/Run the test suite]   | Collecting pytest-cov (from centerline==1.0.1)\n[4259c81e-399f-4a22-8f15-8a874841beee/Run the test suite]   |   Downloading pytest_cov-4.1.0-py3-none-any.whl (21 kB)\n[4259c81e-399f-4a22-8f15-8a874841beee/Run the test suite]   | Collecting pytest-sugar (from centerline==1.0.1)\n[4259c81e-399f-4a22-8f15-8a874841beee/Run the test suite]   |   Downloading pytest_sugar-0.9.7-py2.py3-none-any.whl (10 kB)\n[4259c81e-399f-4a22-8f15-8a874841beee/Run the test suite]   | Collecting pytest-runner (from centerline==1.0.1)\n[4259c81e-399f-4a22-8f15-8a874841beee/Run the test suite]   |   Downloading pytest_runner-6.0.0-py3-none-any.whl (7.2 kB)\n[4259c81e-399f-4a22-8f15-8a874841beee/Run the test suite]   | Collecting importlib-metadata (from Click>=7.0->centerline==1.0.1)\n[4259c81e-399f-4a22-8f15-8a874841beee/Run the test suite]   |   Downloading importlib_metadata-6.7.0-py3-none-any.whl (22 kB)\n[4259c81e-399f-4a22-8f15-8a874841beee/Run the test suite]   | Collecting attrs>=19.2.0 (from Fiona>=1.7.0->centerline==1.0.1)\n[4259c81e-399f-4a22-8f15-8a874841beee/Run the test suite]   |   Downloading attrs-23.1.0-py3-none-any.whl (61 kB)\n[4259c81e-399f-4a22-8f15-8a874841beee/Run the test suite]   |      \u2501\u2501\u2501\u2501\u2501\u2501\u2501\u2501\u2501\u2501\u2501\u2501\u2501\u2501\u2501\u2501\u2501\u2501\u2501\u2501\u2501\u2501\u2501\u2501\u2501\u2501\u2501\u2501\u2501\u2501\u2501\u2501\u2501\u2501\u2501\u2501\u2501\u2501\u2501\u2501 61.2/61.2 kB 2.2 MB/s eta 0:00:00\n[4259c81e-399f-4a22-8f15-8a874841beee/Run the test suite]   | Collecting certifi (from Fiona>=1.7.0->centerline==1.0.1)\n[4259c81e-399f-4a22-8f15-8a874841beee/Run the test suite]   |   Downloading certifi-2023.5.7-py3-none-any.whl (156 kB)\n[4259c81e-399f-4a22-8f15-8a874841beee/Run the test suite]   |      \u2501\u2501\u2501\u2501\u2501\u2501\u2501\u2501\u2501\u2501\u2501\u2501\u2501\u2501\u2501\u2501\u2501\u2501\u2501\u2501\u2501\u2501\u2501\u2501\u2501\u2501\u2501\u2501\u2501\u2501\u2501\u2501\u2501\u2501\u2501\u2501\u2501\u2501 157.0/157.0 kB 23.0 MB/s eta 0:00:00\n[4259c81e-399f-4a22-8f15-8a874841beee/Run the test suite]   | Collecting click-plugins>=1.0 (from Fiona>=1.7.0->centerline==1.0.1)\n[4259c81e-399f-4a22-8f15-8a874841beee/Run the test suite]   |   Downloading click_plugins-1.1.1-py2.py3-none-any.whl (7.5 kB)\n[4259c81e-399f-4a22-8f15-8a874841beee/Run the test suite]   | Collecting cligj>=0.5 (from Fiona>=1.7.0->centerline==1.0.1)\n[4259c81e-399f-4a22-8f15-8a874841beee/Run the test suite]   |   Downloading cligj-0.7.2-py3-none-any.whl (7.1 kB)\n[4259c81e-399f-4a22-8f15-8a874841beee/Run the test suite]   | Collecting six (from Fiona>=1.7.0->centerline==1.0.1)\n[4259c81e-399f-4a22-8f15-8a874841beee/Run the test suite]   |   Downloading six-1.16.0-py2.py3-none-any.whl (11 kB)\n[4259c81e-399f-4a22-8f15-8a874841beee/Run the test suite]   | Collecting iniconfig (from pytest>=4.0.0->centerline==1.0.1)\n[4259c81e-399f-4a22-8f15-8a874841beee/Run the test suite]   |   Downloading iniconfig-2.0.0-py3-none-any.whl (5.9 kB)\n[4259c81e-399f-4a22-8f15-8a874841beee/Run the test suite]   | Collecting packaging (from pytest>=4.0.0->centerline==1.0.1)\n[4259c81e-399f-4a22-8f15-8a874841beee/Run the test suite]   |   Downloading packaging-23.1-py3-none-any.whl (48 kB)\n[4259c81e-399f-4a22-8f15-8a874841beee/Run the test suite]   |      \u2501\u2501\u2501\u2501\u2501\u2501\u2501\u2501\u2501\u2501\u2501\u2501\u2501\u2501\u2501\u2501\u2501\u2501\u2501\u2501\u2501\u2501\u2501\u2501\u2501\u2501\u2501\u2501\u2501\u2501\u2501\u2501\u2501\u2501\u2501\u2501\u2501\u2501\u2501\u2501 48.9/48.9 kB 1.7 MB/s eta 0:00:00\n[4259c81e-399f-4a22-8f15-8a874841beee/Run the test suite]   | Collecting pluggy<2.0,>=0.12 (from pytest>=4.0.0->centerline==1.0.1)\n[4259c81e-399f-4a22-8f15-8a874841beee/Run the test suite]   |   Downloading pluggy-1.2.0-py3-none-any.whl (17 kB)\n[4259c81e-399f-4a22-8f15-8a874841beee/Run the test suite]   | Collecting exceptiongroup>=1.0.0rc8 (from pytest>=4.0.0->centerline==1.0.1)\n[4259c81e-399f-4a22-8f15-8a874841beee/Run the test suite]   |   Downloading exceptiongroup-1.1.1-py3-none-any.whl (14 kB)\n[4259c81e-399f-4a22-8f15-8a874841beee/Run the test suite]   | Collecting tomli>=1.0.0 (from pytest>=4.0.0->centerline==1.0.1)\n[4259c81e-399f-4a22-8f15-8a874841beee/Run the test suite]   |   Downloading tomli-2.0.1-py3-none-any.whl (12 kB)\n[4259c81e-399f-4a22-8f15-8a874841beee/Run the test suite]   | Collecting termcolor>=2.1.0 (from pytest-sugar->centerline==1.0.1)\n[4259c81e-399f-4a22-8f15-8a874841beee/Run the test suite]   |   Downloading termcolor-2.3.0-py3-none-any.whl (6.9 kB)\n[4259c81e-399f-4a22-8f15-8a874841beee/Run the test suite]   | Collecting zipp>=0.5 (from importlib-metadata->Click>=7.0->centerline==1.0.1)\n[4259c81e-399f-4a22-8f15-8a874841beee/Run the test suite]   |   Downloading zipp-3.15.0-py3-none-any.whl (6.8 kB)\n[4259c81e-399f-4a22-8f15-8a874841beee/Run the test suite]   | Collecting typing-extensions>=3.6.4 (from importlib-metadata->Click>=7.0->centerline==1.0.1)\n[4259c81e-399f-4a22-8f15-8a874841beee/Run the test suite]   |   Downloading typing_extensions-4.7.0-py3-none-any.whl (33 kB)\n[4259c81e-399f-4a22-8f15-8a874841beee/Run the test suite]   | Building wheels for collected packages: centerline\n[4259c81e-399f-4a22-8f15-8a874841beee/Run the test suite]   |   Building editable for centerline (pyproject.toml): started\n[4259c81e-399f-4a22-8f15-8a874841beee/Run the test suite]   |   Building editable for centerline (pyproject.toml): finished with status 'done'\n[4259c81e-399f-4a22-8f15-8a874841beee/Run the test suite]   |   Created wheel for centerline: filename=centerline-1.0.1-0.editable-py2.py3-none-any.whl size=3846 sha256=70bc827d6cd25bff1efd3334b1fb65aabfa9c172836def8c8d419b673385c279\n[4259c81e-399f-4a22-8f15-8a874841beee/Run the test suite]   |   Stored in directory: /tmp/pip-ephem-wheel-cache-8txi0695/wheels/52/54/51/f467347f1515b9ed868fdfbcb93a4d80e1a8a7b9a82b1f5293\n[4259c81e-399f-4a22-8f15-8a874841beee/Run the test suite]   | Successfully built centerline\n[4259c81e-399f-4a22-8f15-8a874841beee/Run the test suite]   | Installing collected packages: zipp, typing-extensions, tomli, termcolor, six, pytest-runner, packaging, numpy, iniconfig, exceptiongroup, coverage, certifi, Shapely, scipy, importlib-metadata, pluggy, Click, attrs, pytest, cligj, click-plugins, pytest-sugar, pytest-cov, Fiona, centerline\n[4259c81e-399f-4a22-8f15-8a874841beee/Run the linters   ]   | lint: freeze> python -m pip freeze --all\n[4259c81e-399f-4a22-8f15-8a874841beee/Run the linters   ]   | lint: black==23.3.0,click==8.1.3,flake8==6.0.0,isort==5.12.0,mccabe==0.7.0,mypy-extensions==1.0.0,packaging==23.1,pathspec==0.11.1,pip==23.1.2,platformdirs==3.8.0,pycodestyle==2.10.0,pyflakes==3.0.1,setuptools==67.8.0,tomli==2.0.1,wheel==0.40.0\n[4259c81e-399f-4a22-8f15-8a874841beee/Run the linters   ]   | lint: commands[0]> flake8\n[4259c81e-399f-4a22-8f15-8a874841beee/Run the linters   ]   | lint: commands[1]> isort . --check\n[4259c81e-399f-4a22-8f15-8a874841beee/Run the linters   ]   | Skipped 4 files\n[4259c81e-399f-4a22-8f15-8a874841beee/Run the linters   ]   | lint: commands[2]> black --check .\n[4259c81e-399f-4a22-8f15-8a874841beee/Run the linters   ]   | All done! \u2728 \ud83c\udf70 \u2728\n[4259c81e-399f-4a22-8f15-8a874841beee/Run the linters   ]   | 9 files would be left unchanged.\n[4259c81e-399f-4a22-8f15-8a874841beee/Run the linters   ]   |   lint: OK (8.59=setup[6.90]+cmd[0.76,0.28,0.64] seconds)\n[4259c81e-399f-4a22-8f15-8a874841beee/Run the linters   ]   |   congratulations :) (11.56 seconds)\n[4259c81e-399f-4a22-8f15-8a874841beee/Run the linters   ]   | manifest: install_deps> python -I -m pip install check-manifest\n[4259c81e-399f-4a22-8f15-8a874841beee/Run the linters   ]   | manifest: freeze> python -m pip freeze --all\n[4259c81e-399f-4a22-8f15-8a874841beee/Run the linters   ]   | manifest: build==0.10.0,check-manifest==0.49,packaging==23.1,pip==23.1.2,pyproject_hooks==1.0.0,setuptools==67.8.0,tomli==2.0.1,wheel==0.40.0\n[4259c81e-399f-4a22-8f15-8a874841beee/Run the linters   ]   | manifest: commands[0]> check-manifest\n[4259c81e-399f-4a22-8f15-8a874841beee/Run the test suite]   | Successfully installed Click-8.1.3 Fiona-1.9.4.post1 Shapely-2.0.1 attrs-23.1.0 centerline-1.0.1 certifi-2023.5.7 click-plugins-1.1.1 cligj-0.7.2 coverage-7.2.7 exceptiongroup-1.1.1 importlib-metadata-6.7.0 iniconfig-2.0.0 numpy-1.21.6 packaging-23.1 pluggy-1.2.0 pytest-7.4.0 pytest-cov-4.1.0 pytest-runner-6.0.0 pytest-sugar-0.9.7 scipy-1.7.3 six-1.16.0 termcolor-2.3.0 tomli-2.0.1 typing-extensions-4.7.0 zipp-3.15.0\n[4259c81e-399f-4a22-8f15-8a874841beee/Run the test suite]   | \n[4259c81e-399f-4a22-8f15-8a874841beee/Run the test suite]   | [notice] A new release of pip is available: 20.1.1 -> 23.1.2\n[4259c81e-399f-4a22-8f15-8a874841beee/Run the test suite]   | [notice] To update, run: pip install --upgrade pip\n[4259c81e-399f-4a22-8f15-8a874841beee/Run the linters   ]   | lists of files in version control and sdist match\n[4259c81e-399f-4a22-8f15-8a874841beee/Run the linters   ]   |   manifest: OK (5.13=setup[3.46]+cmd[1.67] seconds)\n[4259c81e-399f-4a22-8f15-8a874841beee/Run the linters   ]   |   congratulations :) (5.60 seconds)\n[4259c81e-399f-4a22-8f15-8a874841beee/Run the test suite]   \u2705  Success - Main Install dependencies\n[4259c81e-399f-4a22-8f15-8a874841beee/Run the test suite] \u2b50 Run Main Install GDAL\n[4259c81e-399f-4a22-8f15-8a874841beee/Run the test suite]   \ud83d\udc33  docker exec cmd=[bash --noprofile --norc -e -o pipefail /var/run/act/workflow/5] user= workdir=\n[4259c81e-399f-4a22-8f15-8a874841beee/Run the linters   ]   | changelog: install_deps> python -I -m pip install 'towncrier>=18.6.0'\n[4259c81e-399f-4a22-8f15-8a874841beee/Run the linters   ]   | changelog: freeze> python -m pip freeze --all\n[4259c81e-399f-4a22-8f15-8a874841beee/Run the linters   ]   | changelog: click==8.1.3,click-default-group==1.2.2,incremental==22.10.0,Jinja2==3.1.2,MarkupSafe==2.1.3,pip==23.1.2,setuptools==67.8.0,tomli==2.0.1,towncrier==23.6.0,wheel==0.40.0\n[4259c81e-399f-4a22-8f15-8a874841beee/Run the linters   ]   | changelog: commands[0]> towncrier --draft\n[4259c81e-399f-4a22-8f15-8a874841beee/Run the linters   ]   | Loading template...\n[4259c81e-399f-4a22-8f15-8a874841beee/Run the linters   ]   | Finding news fragments...\n[4259c81e-399f-4a22-8f15-8a874841beee/Run the linters   ]   | Rendering news fragments...\n[4259c81e-399f-4a22-8f15-8a874841beee/Run the linters   ]   | Draft only -- nothing has been written.\n[4259c81e-399f-4a22-8f15-8a874841beee/Run the linters   ]   | What is seen below is what would be written.\n[4259c81e-399f-4a22-8f15-8a874841beee/Run the linters   ]   | \n[4259c81e-399f-4a22-8f15-8a874841beee/Run the linters   ]   | v1.0.1 (2023-07-01)\n[4259c81e-399f-4a22-8f15-8a874841beee/Run the linters   ]   | -------------------\n[4259c81e-399f-4a22-8f15-8a874841beee/Run the linters   ]   | \n[4259c81e-399f-4a22-8f15-8a874841beee/Run the linters   ]   | No significant changes.\n[4259c81e-399f-4a22-8f15-8a874841beee/Run the linters   ]   | \n[4259c81e-399f-4a22-8f15-8a874841beee/Run the linters   ]   |   changelog: OK (8.05=setup[7.82]+cmd[0.22] seconds)\n[4259c81e-399f-4a22-8f15-8a874841beee/Run the linters   ]   |   congratulations :) (8.66 seconds)\n[4259c81e-399f-4a22-8f15-8a874841beee/Run the linters   ]   | docs: install_deps> python -I -m pip install sphinx\n[4259c81e-399f-4a22-8f15-8a874841beee/Run the test suite]   |  Official stable UbuntuGIS packages.\n[4259c81e-399f-4a22-8f15-8a874841beee/Run the test suite]   | \n[4259c81e-399f-4a22-8f15-8a874841beee/Run the test suite]   | \n[4259c81e-399f-4a22-8f15-8a874841beee/Run the test suite]   |  More info: https://launchpad.net/~ubuntugis/+archive/ubuntu/ppa\n[4259c81e-399f-4a22-8f15-8a874841beee/Run the test suite]   | Get:1 https://cloud.r-project.org/bin/linux/ubuntu focal-cran40/ InRelease [3622 B]\n[4259c81e-399f-4a22-8f15-8a874841beee/Run the test suite]   | Ign:2 https://dl.hhvm.com/ubuntu focal InRelease\n[4259c81e-399f-4a22-8f15-8a874841beee/Run the test suite]   | Err:3 https://dl.hhvm.com/ubuntu focal Release\n[4259c81e-399f-4a22-8f15-8a874841beee/Run the test suite]   |   Certificate verification failed: The certificate is NOT trusted. The certificate issuer is unknown.  Could not handshake: Error in the certificate verification. [IP: 108.157.214.54 443]\n[4259c81e-399f-4a22-8f15-8a874841beee/Run the test suite]   | Hit:4 http://ppa.launchpad.net/ubuntu-toolchain-r/test/ubuntu focal InRelease\n[4259c81e-399f-4a22-8f15-8a874841beee/Run the test suite]   | Get:5 http://dl.google.com/linux/chrome/deb stable InRelease [1825 B]\n[4259c81e-399f-4a22-8f15-8a874841beee/Run the test suite]   | Get:6 http://ppa.launchpad.net/ubuntugis/ppa/ubuntu focal InRelease [23.8 kB]\n[4259c81e-399f-4a22-8f15-8a874841beee/Run the test suite]   | Get:7 https://cloud.r-project.org/bin/linux/ubuntu focal-cran40/ Packages [81.0 kB]\n[4259c81e-399f-4a22-8f15-8a874841beee/Run the test suite]   | Hit:8 https://adoptopenjdk.jfrog.io/adoptopenjdk/deb focal InRelease\n[4259c81e-399f-4a22-8f15-8a874841beee/Run the test suite]   | Err:5 http://dl.google.com/linux/chrome/deb stable InRelease\n[4259c81e-399f-4a22-8f15-8a874841beee/Run the test suite]   |   The following signatures couldn't be verified because the public key is not available: NO_PUBKEY 4EB27DB2A3B88B8B\n[4259c81e-399f-4a22-8f15-8a874841beee/Run the test suite]   | Get:9 http://ppa.launchpad.net/ubuntugis/ppa/ubuntu focal/main amd64 Packages [63.5 kB]\n[4259c81e-399f-4a22-8f15-8a874841beee/Run the test suite]   | Get:10 http://security.ubuntu.com/ubuntu focal-security InRelease [114 kB]\n[4259c81e-399f-4a22-8f15-8a874841beee/Run the test suite]   | Get:11 https://packages.microsoft.com/ubuntu/20.04/prod focal InRelease [3611 B]\n[4259c81e-399f-4a22-8f15-8a874841beee/Run the test suite]   | Hit:12 http://archive.ubuntu.com/ubuntu focal InRelease\n[4259c81e-399f-4a22-8f15-8a874841beee/Run the test suite]   | Get:13 http://archive.ubuntu.com/ubuntu focal-updates InRelease [114 kB]\n[4259c81e-399f-4a22-8f15-8a874841beee/Run the test suite]   | Get:14 https://packages.microsoft.com/ubuntu/20.04/prod focal/main amd64 Packages [211 kB]\n[4259c81e-399f-4a22-8f15-8a874841beee/Run the test suite]   | Get:15 https://packages.microsoft.com/ubuntu/20.04/prod focal/main all Packages [2521 B]\n[4259c81e-399f-4a22-8f15-8a874841beee/Run the test suite]   | Get:16 http://security.ubuntu.com/ubuntu focal-security/restricted amd64 Packages [2479 kB]\n[4259c81e-399f-4a22-8f15-8a874841beee/Run the test suite]   | Get:17 http://archive.ubuntu.com/ubuntu focal-backports InRelease [108 kB]\n[4259c81e-399f-4a22-8f15-8a874841beee/Run the test suite]   | Get:18 http://security.ubuntu.com/ubuntu focal-security/restricted i386 Packages [36.9 kB]\n[4259c81e-399f-4a22-8f15-8a874841beee/Run the test suite]   | Get:19 http://security.ubuntu.com/ubuntu focal-security/main i386 Packages [764 kB]\n[4259c81e-399f-4a22-8f15-8a874841beee/Run the test suite]   | Get:20 http://security.ubuntu.com/ubuntu focal-security/main amd64 Packages [2856 kB]\n[4259c81e-399f-4a22-8f15-8a874841beee/Run the test suite]   | Get:21 http://security.ubuntu.com/ubuntu focal-security/multiverse i386 Packages [8141 B]\n[4259c81e-399f-4a22-8f15-8a874841beee/Run the test suite]   | Get:22 http://security.ubuntu.com/ubuntu focal-security/multiverse amd64 Packages [28.5 kB]\n[4259c81e-399f-4a22-8f15-8a874841beee/Run the test suite]   | Get:23 http://security.ubuntu.com/ubuntu focal-security/universe i386 Packages [744 kB]\n[4259c81e-399f-4a22-8f15-8a874841beee/Run the test suite]   | Get:24 http://security.ubuntu.com/ubuntu focal-security/universe amd64 Packages [1066 kB]\n[4259c81e-399f-4a22-8f15-8a874841beee/Run the test suite]   | Get:25 http://archive.ubuntu.com/ubuntu focal-updates/main amd64 Packages [3336 kB]\n[4259c81e-399f-4a22-8f15-8a874841beee/Run the test suite]   | Get:26 http://archive.ubuntu.com/ubuntu focal-updates/universe amd64 Packages [1366 kB]\n[4259c81e-399f-4a22-8f15-8a874841beee/Run the test suite]   | Get:27 http://archive.ubuntu.com/ubuntu focal-updates/multiverse amd64 Packages [39.5 kB]\n[4259c81e-399f-4a22-8f15-8a874841beee/Run the test suite]   | Get:28 http://archive.ubuntu.com/ubuntu focal-updates/restricted amd64 Packages [2636 kB]\n[4259c81e-399f-4a22-8f15-8a874841beee/Run the test suite]   | Get:29 http://archive.ubuntu.com/ubuntu focal-backports/universe amd64 Packages [28.6 kB]\n[4259c81e-399f-4a22-8f15-8a874841beee/Run the test suite]   | Get:30 http://archive.ubuntu.com/ubuntu focal-backports/main amd64 Packages [55.2 kB]\n[4259c81e-399f-4a22-8f15-8a874841beee/Run the test suite]   | Reading package lists...\n[4259c81e-399f-4a22-8f15-8a874841beee/Run the test suite]   | E: The repository 'https://dl.hhvm.com/ubuntu focal Release' no longer has a Release file.\n[4259c81e-399f-4a22-8f15-8a874841beee/Run the test suite]   | W: An error occurred during the signature verification. The repository is not updated and the previous index files will be used. GPG error: http://dl.google.com/linux/chrome/deb stable InRelease: The following signatures couldn't be verified because the public key is not available: NO_PUBKEY 4EB27DB2A3B88B8B\n[4259c81e-399f-4a22-8f15-8a874841beee/Run the test suite]   \u274c  Failure - Main Install GDAL\n[4259c81e-399f-4a22-8f15-8a874841beee/Run the test suite] exitcode '100': failure\n[4259c81e-399f-4a22-8f15-8a874841beee/Run the linters   ]   | .pkg: install_requires> python -I -m pip install 'setuptools>=40.7.0' 'wheel>=0.31.1'\n[4259c81e-399f-4a22-8f15-8a874841beee/Run the linters   ]   | .pkg: _optional_hooks> python /opt/hostedtoolcache/Python/3.10.12/x64/lib/python3.10/site-packages/pyproject_api/_backend.py True setuptools.build_meta __legacy__\n[4259c81e-399f-4a22-8f15-8a874841beee/Run the linters   ]   | .pkg: get_requires_for_build_editable> python /opt/hostedtoolcache/Python/3.10.12/x64/lib/python3.10/site-packages/pyproject_api/_backend.py True setuptools.build_meta __legacy__\n[4259c81e-399f-4a22-8f15-8a874841beee/Run the test suite] \ud83c\udfc1  Job failed\n[4259c81e-399f-4a22-8f15-8a874841beee/Run the linters   ]   | .pkg: install_requires_for_build_editable> python -I -m pip install wheel\n[4259c81e-399f-4a22-8f15-8a874841beee/Run the linters   ]   | .pkg: freeze> python -m pip freeze --all\n[4259c81e-399f-4a22-8f15-8a874841beee/Run the linters   ]   | .pkg: pip==23.1.2,setuptools==67.8.0,wheel==0.40.0\n[4259c81e-399f-4a22-8f15-8a874841beee/Run the linters   ]   | .pkg: build_editable> python /opt/hostedtoolcache/Python/3.10.12/x64/lib/python3.10/site-packages/pyproject_api/_backend.py True setuptools.build_meta __legacy__\n[4259c81e-399f-4a22-8f15-8a874841beee/Run the linters   ]   | docs: install_package_deps> python -I -m pip install 'Click>=7.0' 'Fiona>=1.7.0' 'Shapely>=1.5.13' coverage ipdb 'numpy>=1.10.4' pytest-cov pytest-runner pytest-sugar 'pytest>=4.0.0' 'scipy>=0.16.1' tox\n[4259c81e-399f-4a22-8f15-8a874841beee/Run the linters   ]   | docs: install_package> python -I -m pip install --force-reinstall --no-deps /tmp/558156d8-17ed-11ee-8a50-bb14de238602/fitodic-centerline/.tox/.tmp/package/1/centerline-1.0.1-0.editable-py2.py3-none-any.whl\n[4259c81e-399f-4a22-8f15-8a874841beee/Run the linters   ]   | docs: freeze> python -m pip freeze --all\n[4259c81e-399f-4a22-8f15-8a874841beee/Run the linters   ]   | docs: alabaster==0.7.13,asttokens==2.2.1,attrs==23.1.0,Babel==2.12.1,backcall==0.2.0,cachetools==5.3.1,centerline @ file:///tmp/558156d8-17ed-11ee-8a50-bb14de238602/fitodic-centerline/.tox/.tmp/package/1/centerline-1.0.1-0.editable-py2.py3-none-any.whl#sha256=e9eb214c16d0a72e78874ad2220d4c6f9cc7707aa4642f3f138417911c4566a1,certifi==2023.5.7,chardet==5.1.0,charset-normalizer==3.1.0,click==8.1.3,click-plugins==1.1.1,cligj==0.7.2,colorama==0.4.6,coverage==7.2.7,decorator==5.1.1,distlib==0.3.6,docutils==0.20.1,exceptiongroup==1.1.1,executing==1.2.0,filelock==3.12.2,Fiona==1.9.4.post1,idna==3.4,imagesize==1.4.1,iniconfig==2.0.0,ipdb==0.13.13,ipython==8.14.0,jedi==0.18.2,Jinja2==3.1.2,MarkupSafe==2.1.3,matplotlib-inline==0.1.6,numpy==1.25.0,packaging==23.1,parso==0.8.3,pexpect==4.8.0,pickleshare==0.7.5,pip==23.1.2,platformdirs==3.8.0,pluggy==1.2.0,prompt-toolkit==3.0.38,ptyprocess==0.7.0,pure-eval==0.2.2,Pygments==2.15.1,pyproject-api==1.5.2,pytest==7.4.0,pytest-cov==4.1.0,pytest-runner==6.0.0,pytest-sugar==0.9.7,requests==2.31.0,scipy==1.11.1,setuptools==67.8.0,shapely==2.0.1,six==1.16.0,snowballstemmer==2.2.0,Sphinx==7.0.1,sphinxcontrib-applehelp==1.0.4,sphinxcontrib-devhelp==1.0.2,sphinxcontrib-htmlhelp==2.0.1,sphinxcontrib-jsmath==1.0.1,sphinxcontrib-qthelp==1.0.3,sphinxcontrib-serializinghtml==1.1.5,stack-data==0.6.2,termcolor==2.3.0,tomli==2.0.1,tox==4.6.3,traitlets==5.9.0,urllib3==2.0.3,virtualenv==20.23.1,wcwidth==0.2.6,wheel==0.40.0\n[4259c81e-399f-4a22-8f15-8a874841beee/Run the linters   ]   | docs: commands[0] /tmp/558156d8-17ed-11ee-8a50-bb14de238602/fitodic-centerline/docs> make html\n[4259c81e-399f-4a22-8f15-8a874841beee/Run the linters   ]   | Traceback (most recent call last):\n[4259c81e-399f-4a22-8f15-8a874841beee/Run the linters   ]   |   File \"/tmp/558156d8-17ed-11ee-8a50-bb14de238602/fitodic-centerline/.tox/docs/bin/sphinx-build\", line 5, in <module>\n[4259c81e-399f-4a22-8f15-8a874841beee/Run the linters   ]   |     from sphinx.cmd.build import main\n[4259c81e-399f-4a22-8f15-8a874841beee/Run the linters   ]   |   File \"/tmp/558156d8-17ed-11ee-8a50-bb14de238602/fitodic-centerline/.tox/docs/lib/python3.10/site-packages/sphinx/cmd/build.py\", line 20, in <module>\n[4259c81e-399f-4a22-8f15-8a874841beee/Run the linters   ]   |     from sphinx.application import Sphinx\n[4259c81e-399f-4a22-8f15-8a874841beee/Run the linters   ]   |   File \"/tmp/558156d8-17ed-11ee-8a50-bb14de238602/fitodic-centerline/.tox/docs/lib/python3.10/site-packages/sphinx/application.py\", line 25, in <module>\n[4259c81e-399f-4a22-8f15-8a874841beee/Run the linters   ]   |     from sphinx.config import Config\n[4259c81e-399f-4a22-8f15-8a874841beee/Run the linters   ]   |   File \"/tmp/558156d8-17ed-11ee-8a50-bb14de238602/fitodic-centerline/.tox/docs/lib/python3.10/site-packages/sphinx/config.py\", line 14, in <module>\n[4259c81e-399f-4a22-8f15-8a874841beee/Run the linters   ]   |     from sphinx.util.i18n import format_date\n[4259c81e-399f-4a22-8f15-8a874841beee/Run the linters   ]   |   File \"/tmp/558156d8-17ed-11ee-8a50-bb14de238602/fitodic-centerline/.tox/docs/lib/python3.10/site-packages/sphinx/util/i18n.py\", line 11, in <module>\n[4259c81e-399f-4a22-8f15-8a874841beee/Run the linters   ]   |     import babel.dates\n[4259c81e-399f-4a22-8f15-8a874841beee/Run the linters   ]   |   File \"/tmp/558156d8-17ed-11ee-8a50-bb14de238602/fitodic-centerline/.tox/docs/lib/python3.10/site-packages/babel/dates.py\", line 34, in <module>\n[4259c81e-399f-4a22-8f15-8a874841beee/Run the linters   ]   |     from babel import localtime\n[4259c81e-399f-4a22-8f15-8a874841beee/Run the linters   ]   |   File \"/tmp/558156d8-17ed-11ee-8a50-bb14de238602/fitodic-centerline/.tox/docs/lib/python3.10/site-packages/babel/localtime/__init__.py\", line 41, in <module>\n[4259c81e-399f-4a22-8f15-8a874841beee/Run the linters   ]   |     LOCALTZ = get_localzone()\n[4259c81e-399f-4a22-8f15-8a874841beee/Run the linters   ]   |   File \"/tmp/558156d8-17ed-11ee-8a50-bb14de238602/fitodic-centerline/.tox/docs/lib/python3.10/site-packages/babel/localtime/__init__.py\", line 37, in get_localzone\n[4259c81e-399f-4a22-8f15-8a874841beee/Run the linters   ]   |     return _get_localzone()\n[4259c81e-399f-4a22-8f15-8a874841beee/Run the linters   ]   |   File \"/tmp/558156d8-17ed-11ee-8a50-bb14de238602/fitodic-centerline/.tox/docs/lib/python3.10/site-packages/babel/localtime/_unix.py\", line 49, in _get_localzone\n[4259c81e-399f-4a22-8f15-8a874841beee/Run the linters   ]   |     tzinfo = _get_tzinfo(zone_name)\n[4259c81e-399f-4a22-8f15-8a874841beee/Run the linters   ]   |   File \"/tmp/558156d8-17ed-11ee-8a50-bb14de238602/fitodic-centerline/.tox/docs/lib/python3.10/site-packages/babel/localtime/_helpers.py\", line 21, in _get_tzinfo\n[4259c81e-399f-4a22-8f15-8a874841beee/Run the linters   ]   |     return zoneinfo.ZoneInfo(tzenv)\n[4259c81e-399f-4a22-8f15-8a874841beee/Run the linters   ]   |   File \"/opt/hostedtoolcache/Python/3.10.12/x64/lib/python3.10/zoneinfo/_tzpath.py\", line 67, in find_tzfile\n[4259c81e-399f-4a22-8f15-8a874841beee/Run the linters   ]   |     _validate_tzfile_path(key)\n[4259c81e-399f-4a22-8f15-8a874841beee/Run the linters   ]   |   File \"/opt/hostedtoolcache/Python/3.10.12/x64/lib/python3.10/zoneinfo/_tzpath.py\", line 81, in _validate_tzfile_path\n[4259c81e-399f-4a22-8f15-8a874841beee/Run the linters   ]   |     raise ValueError(\n[4259c81e-399f-4a22-8f15-8a874841beee/Run the linters   ]   | ValueError: ZoneInfo keys may not be absolute paths, got: /UTC\n[4259c81e-399f-4a22-8f15-8a874841beee/Run the linters   ]   | make: *** [Makefile:20: html] Error 1\n[4259c81e-399f-4a22-8f15-8a874841beee/Run the linters   ]   | docs: exit 2 (0.28 seconds) /tmp/558156d8-17ed-11ee-8a50-bb14de238602/fitodic-centerline/docs> make html pid=585\n[4259c81e-399f-4a22-8f15-8a874841beee/Run the linters   ]   | .pkg: _exit> python /opt/hostedtoolcache/Python/3.10.12/x64/lib/python3.10/site-packages/pyproject_api/_backend.py True setuptools.build_meta __legacy__\n[4259c81e-399f-4a22-8f15-8a874841beee/Run the linters   ]   |   docs: FAIL code 2 (51.42=setup[51.14]+cmd[0.28] seconds)\n[4259c81e-399f-4a22-8f15-8a874841beee/Run the linters   ]   |   evaluation failed :( (52.07 seconds)\n[4259c81e-399f-4a22-8f15-8a874841beee/Run the linters   ]   \u274c  Failure - Main Test with tox\n[4259c81e-399f-4a22-8f15-8a874841beee/Run the linters   ] exitcode '2': failure\n[4259c81e-399f-4a22-8f15-8a874841beee/Run the linters   ] \ud83c\udfc1  Job failed\n",
        "stderr": "Error: Job 'Run the linters' failed\n",
        "workflow": {
            "path": "/tmp/558156d8-17ed-11ee-8a50-bb14de238602/fitodic-centerline/.github/workflows/ci-crawler.yml",
            "type": "pytest"
        },
        "workflow_name": "4259c81e-399f-4a22-8f15-8a874841beee",
        "build_tool": "pytest",
        "elapsed_time": 329.6716287136078
    }
}