{
    "repository": "flyingcircusio/pycountry",
    "stars": 489,
    "language": "python",
    "size": 35748,
    "clone_url": "https://github.com/flyingcircusio/pycountry.git",
    "timestamp": "2023-06-28T14:14:16.416099Z",
    "clone_success": true,
    "number_of_actions": 2,
    "number_of_test_actions": 1,
    "actions_successful": true,
    "actions_build_tools": [
        "unknown",
        "pytest"
    ],
    "actions_test_build_tools": [
        "pytest"
    ],
    "actions_run": {
        "failed": false,
        "tests": [
            {
                "classname": "src.pycountry.tests.test_general",
                "name": "test_country_list",
                "time": 0.012,
                "results": [
                    {
                        "result": "Passed",
                        "message": "",
                        "type": ""
                    }
                ],
                "stdout": null,
                "stderr": null
            },
            {
                "classname": "src.pycountry.tests.test_general",
                "name": "test_country_fuzzy_search",
                "time": 1.371,
                "results": [
                    {
                        "result": "Passed",
                        "message": "",
                        "type": ""
                    }
                ],
                "stdout": null,
                "stderr": null
            },
            {
                "classname": "src.pycountry.tests.test_general",
                "name": "test_historic_country_fuzzy_search",
                "time": 0.164,
                "results": [
                    {
                        "result": "Passed",
                        "message": "",
                        "type": ""
                    }
                ],
                "stdout": null,
                "stderr": null
            },
            {
                "classname": "src.pycountry.tests.test_general",
                "name": "test_germany_has_all_attributes",
                "time": 0.001,
                "results": [
                    {
                        "result": "Passed",
                        "message": "",
                        "type": ""
                    }
                ],
                "stdout": null,
                "stderr": null
            },
            {
                "classname": "src.pycountry.tests.test_general",
                "name": "test_subdivisions_directly_accessible",
                "time": 0.001,
                "results": [
                    {
                        "result": "Passed",
                        "message": "",
                        "type": ""
                    }
                ],
                "stdout": null,
                "stderr": null
            },
            {
                "classname": "src.pycountry.tests.test_general",
                "name": "test_subdivisions_have_subdivision_as_parent",
                "time": 0.001,
                "results": [
                    {
                        "result": "Passed",
                        "message": "",
                        "type": ""
                    }
                ],
                "stdout": null,
                "stderr": null
            },
            {
                "classname": "src.pycountry.tests.test_general",
                "name": "test_query_subdivisions_of_country",
                "time": 0.001,
                "results": [
                    {
                        "result": "Passed",
                        "message": "",
                        "type": ""
                    }
                ],
                "stdout": null,
                "stderr": null
            },
            {
                "classname": "src.pycountry.tests.test_general",
                "name": "test_scripts",
                "time": 0.003,
                "results": [
                    {
                        "result": "Passed",
                        "message": "",
                        "type": ""
                    }
                ],
                "stdout": null,
                "stderr": null
            },
            {
                "classname": "src.pycountry.tests.test_general",
                "name": "test_currencies",
                "time": 0.003,
                "results": [
                    {
                        "result": "Failure",
                        "message": "assert 181 == 170\n +  where 181 = len(<pycountry.Currencies object at 0x7fc1b5dcea50>)\n +    where <pycountry.Currencies object at 0x7fc1b5dcea50> = pycountry.currencies",
                        "type": null
                    }
                ],
                "stdout": null,
                "stderr": null
            },
            {
                "classname": "src.pycountry.tests.test_general",
                "name": "test_languages",
                "time": 0.096,
                "results": [
                    {
                        "result": "Failure",
                        "message": "assert 7910 == 7847\n +  where 7910 = len(<pycountry.Languages object at 0x7fc1b5cd6f10>)\n +    where <pycountry.Languages object at 0x7fc1b5cd6f10> = pycountry.languages",
                        "type": null
                    }
                ],
                "stdout": null,
                "stderr": null
            },
            {
                "classname": "src.pycountry.tests.test_general",
                "name": "test_language_families",
                "time": 0.002,
                "results": [
                    {
                        "result": "Passed",
                        "message": "",
                        "type": ""
                    }
                ],
                "stdout": null,
                "stderr": null
            },
            {
                "classname": "src.pycountry.tests.test_general",
                "name": "test_locales",
                "time": 0.001,
                "results": [
                    {
                        "result": "Failure",
                        "message": "FileNotFoundError: [Errno 2] No translation file found for domain: 'iso3166'",
                        "type": null
                    }
                ],
                "stdout": null,
                "stderr": null
            },
            {
                "classname": "src.pycountry.tests.test_general",
                "name": "test_removed_countries",
                "time": 0.001,
                "results": [
                    {
                        "result": "Passed",
                        "message": "",
                        "type": ""
                    }
                ],
                "stdout": null,
                "stderr": null
            },
            {
                "classname": "src.pycountry.tests.test_general",
                "name": "test_repr",
                "time": 0.003,
                "results": [
                    {
                        "result": "Passed",
                        "message": "",
                        "type": ""
                    }
                ],
                "stdout": null,
                "stderr": null
            },
            {
                "classname": "src.pycountry.tests.test_general",
                "name": "test_dir",
                "time": 0.001,
                "results": [
                    {
                        "result": "Passed",
                        "message": "",
                        "type": ""
                    }
                ],
                "stdout": null,
                "stderr": null
            },
            {
                "classname": "src.pycountry.tests.test_general",
                "name": "test_get",
                "time": 0.002,
                "results": [
                    {
                        "result": "Passed",
                        "message": "",
                        "type": ""
                    }
                ],
                "stdout": null,
                "stderr": null
            },
            {
                "classname": "src.pycountry.tests.test_general",
                "name": "test_lookup",
                "time": 0.001,
                "results": [
                    {
                        "result": "Passed",
                        "message": "",
                        "type": ""
                    }
                ],
                "stdout": null,
                "stderr": null
            },
            {
                "classname": "src.pycountry.tests.test_general",
                "name": "test_subdivision_parent",
                "time": 0.001,
                "results": [
                    {
                        "result": "Passed",
                        "message": "",
                        "type": ""
                    }
                ],
                "stdout": null,
                "stderr": null
            },
            {
                "classname": "src.pycountry.tests.test_general",
                "name": "test_subdivision_missing_code_raises_keyerror",
                "time": 0.001,
                "results": [
                    {
                        "result": "Passed",
                        "message": "",
                        "type": ""
                    }
                ],
                "stdout": null,
                "stderr": null
            },
            {
                "classname": "src.pycountry.tests.test_general",
                "name": "test_subdivision_empty_list",
                "time": 0.001,
                "results": [
                    {
                        "result": "Passed",
                        "message": "",
                        "type": ""
                    }
                ],
                "stdout": null,
                "stderr": null
            },
            {
                "classname": "src.pycountry.tests.test_general",
                "name": "test_has_version_attribute",
                "time": 0.001,
                "results": [
                    {
                        "result": "Passed",
                        "message": "",
                        "type": ""
                    }
                ],
                "stdout": null,
                "stderr": null
            }
        ],
        "stdout": "[7902314c-f2dd-479a-bcc0-d4a1dfa11ed5/build] \ud83d\ude80  Start image=crawlergpt:latest\n[7902314c-f2dd-479a-bcc0-d4a1dfa11ed5/build]   \ud83d\udc33  docker pull image=crawlergpt:latest platform= username= forcePull=false\n[7902314c-f2dd-479a-bcc0-d4a1dfa11ed5/build]   \ud83d\udc33  docker create image=crawlergpt:latest platform= entrypoint=[\"tail\" \"-f\" \"/dev/null\"] cmd=[]\n[7902314c-f2dd-479a-bcc0-d4a1dfa11ed5/build]   \ud83d\udc33  docker run image=crawlergpt:latest platform= entrypoint=[\"tail\" \"-f\" \"/dev/null\"] cmd=[]\n[7902314c-f2dd-479a-bcc0-d4a1dfa11ed5/build]   \ud83d\udc33  docker exec cmd=[chown -R 1012:1013 /tmp/ad9c0f7e-1596-11ee-8a50-bb14de238602/flyingcircusio-pycountry] user=0 workdir=\n[7902314c-f2dd-479a-bcc0-d4a1dfa11ed5/build]   \u2601  git clone 'https://github.com/actions/setup-python' # ref=v2\n[7902314c-f2dd-479a-bcc0-d4a1dfa11ed5/build]   \u2601  git clone 'https://github.com/actions/cache' # ref=v2\n[7902314c-f2dd-479a-bcc0-d4a1dfa11ed5/build]   \u2601  git clone 'https://github.com/snok/install-poetry' # ref=v1\n[7902314c-f2dd-479a-bcc0-d4a1dfa11ed5/build] \u2b50 Run Pre snok/install-poetry@v1\n[7902314c-f2dd-479a-bcc0-d4a1dfa11ed5/build]   \u2705  Success - Pre snok/install-poetry@v1\n[7902314c-f2dd-479a-bcc0-d4a1dfa11ed5/build]   \u2601  git clone 'https://github.com/actions/cache' # ref=v2\n[7902314c-f2dd-479a-bcc0-d4a1dfa11ed5/build] \ud83e\uddea  Matrix: map[python-version:3.7]\n[7902314c-f2dd-479a-bcc0-d4a1dfa11ed5/build] \u2b50 Run Main actions/checkout@v2\n[7902314c-f2dd-479a-bcc0-d4a1dfa11ed5/build]   \u2705  Success - Main actions/checkout@v2\n[7902314c-f2dd-479a-bcc0-d4a1dfa11ed5/build] \u2b50 Run Main actions/setup-python@v2\n[7902314c-f2dd-479a-bcc0-d4a1dfa11ed5/build]   \ud83d\udc33  docker cp src=/tmp/act-cache/5d43fbf3-9a0d-47e2-b559-9a37bcfef346/act/actions-setup-python@v2/ dst=/var/run/act/actions/actions-setup-python@v2/\n[7902314c-f2dd-479a-bcc0-d4a1dfa11ed5/build]   \ud83d\udc33  docker exec cmd=[chown -R 1012:1013 /var/run/act/actions/actions-setup-python@v2/] user=0 workdir=\n[7902314c-f2dd-479a-bcc0-d4a1dfa11ed5/build]   \ud83d\udc33  docker exec cmd=[node /var/run/act/actions/actions-setup-python@v2/dist/setup/index.js] user= workdir=\n[7902314c-f2dd-479a-bcc0-d4a1dfa11ed5/build]   \ud83d\udcac  ::debug::Semantic version spec of 3.7 is 3.7\n[7902314c-f2dd-479a-bcc0-d4a1dfa11ed5/build]   \ud83d\udcac  ::debug::isExplicit: \n[7902314c-f2dd-479a-bcc0-d4a1dfa11ed5/build]   \ud83d\udcac  ::debug::explicit? false\n[7902314c-f2dd-479a-bcc0-d4a1dfa11ed5/build]   \ud83d\udcac  ::debug::isExplicit: 2.7.18\n[7902314c-f2dd-479a-bcc0-d4a1dfa11ed5/build]   \ud83d\udcac  ::debug::explicit? true\n[7902314c-f2dd-479a-bcc0-d4a1dfa11ed5/build]   \ud83d\udcac  ::debug::isExplicit: 3.5.10\n[7902314c-f2dd-479a-bcc0-d4a1dfa11ed5/build]   \ud83d\udcac  ::debug::explicit? true\n[7902314c-f2dd-479a-bcc0-d4a1dfa11ed5/build]   \ud83d\udcac  ::debug::isExplicit: 3.6.14\n[7902314c-f2dd-479a-bcc0-d4a1dfa11ed5/build]   \ud83d\udcac  ::debug::explicit? true\n[7902314c-f2dd-479a-bcc0-d4a1dfa11ed5/build]   \ud83d\udcac  ::debug::isExplicit: 3.7.11\n[7902314c-f2dd-479a-bcc0-d4a1dfa11ed5/build]   \ud83d\udcac  ::debug::explicit? true\n[7902314c-f2dd-479a-bcc0-d4a1dfa11ed5/build]   \ud83d\udcac  ::debug::isExplicit: 3.8.11\n[7902314c-f2dd-479a-bcc0-d4a1dfa11ed5/build]   \ud83d\udcac  ::debug::explicit? true\n[7902314c-f2dd-479a-bcc0-d4a1dfa11ed5/build]   \ud83d\udcac  ::debug::isExplicit: 3.9.6\n[7902314c-f2dd-479a-bcc0-d4a1dfa11ed5/build]   \ud83d\udcac  ::debug::explicit? true\n[7902314c-f2dd-479a-bcc0-d4a1dfa11ed5/build]   \ud83d\udcac  ::debug::evaluating 6 versions\n[7902314c-f2dd-479a-bcc0-d4a1dfa11ed5/build]   \ud83d\udcac  ::debug::matched: 3.7.11\n[7902314c-f2dd-479a-bcc0-d4a1dfa11ed5/build]   \ud83d\udcac  ::debug::checking cache: /opt/hostedtoolcache/Python/3.7.11/x64\n[7902314c-f2dd-479a-bcc0-d4a1dfa11ed5/build]   \ud83d\udcac  ::debug::Found tool in cache Python 3.7.11 x64\n[7902314c-f2dd-479a-bcc0-d4a1dfa11ed5/build]   | Successfully setup CPython (3.7.11)\n[7902314c-f2dd-479a-bcc0-d4a1dfa11ed5/build]   \u2753 add-matcher /run/act/actions/actions-setup-python@v2/.github/python.json\n[7902314c-f2dd-479a-bcc0-d4a1dfa11ed5/build]   \u2705  Success - Main actions/setup-python@v2\n[7902314c-f2dd-479a-bcc0-d4a1dfa11ed5/build]   \u2699  ::set-env:: pythonLocation=/opt/hostedtoolcache/Python/3.7.11/x64\n[7902314c-f2dd-479a-bcc0-d4a1dfa11ed5/build]   \u2699  ::set-env:: LD_LIBRARY_PATH=/opt/hostedtoolcache/Python/3.7.11/x64/lib\n[7902314c-f2dd-479a-bcc0-d4a1dfa11ed5/build]   \u2699  ::set-output:: python-version=3.7.11\n[7902314c-f2dd-479a-bcc0-d4a1dfa11ed5/build]   \u2699  ::add-path:: /opt/hostedtoolcache/Python/3.7.11/x64\n[7902314c-f2dd-479a-bcc0-d4a1dfa11ed5/build]   \u2699  ::add-path:: /opt/hostedtoolcache/Python/3.7.11/x64/bin\n[7902314c-f2dd-479a-bcc0-d4a1dfa11ed5/build] \u2b50 Run Main cache poetry install\n[7902314c-f2dd-479a-bcc0-d4a1dfa11ed5/build]   \ud83d\udc33  docker cp src=/tmp/act-cache/5d43fbf3-9a0d-47e2-b559-9a37bcfef346/act/actions-cache@v2/ dst=/var/run/act/actions/actions-cache@v2/\n[7902314c-f2dd-479a-bcc0-d4a1dfa11ed5/build]   \ud83d\udc33  docker exec cmd=[chown -R 1012:1013 /var/run/act/actions/actions-cache@v2/] user=0 workdir=\n[7902314c-f2dd-479a-bcc0-d4a1dfa11ed5/build]   \ud83d\udc33  docker exec cmd=[node /var/run/act/actions/actions-cache@v2/dist/restore/index.js] user= workdir=\n[7902314c-f2dd-479a-bcc0-d4a1dfa11ed5/build]   \ud83d\udcac  ::debug::Resolved Keys:\n[7902314c-f2dd-479a-bcc0-d4a1dfa11ed5/build]   \ud83d\udcac  ::debug::[\"poetry-1.2.1-0\"]\n[7902314c-f2dd-479a-bcc0-d4a1dfa11ed5/build]   \ud83d\udcac  ::debug::Checking zstd --version\n[7902314c-f2dd-479a-bcc0-d4a1dfa11ed5/build]   \ud83d\udcac  ::debug::*** zstd command line interface 64-bits v1.5.0, by Yann Collet ***\n[7902314c-f2dd-479a-bcc0-d4a1dfa11ed5/build]   \ud83d\udcac  ::debug::Resource Url: http://130.242.72.40:34405/_apis/artifactcache/cache?keys=poetry-1.2.1-0&version=f4b5713a4657ae30a7c2804b2ad5dbc790b3736f71a74a904bcab1f478b0ed29\n[7902314c-f2dd-479a-bcc0-d4a1dfa11ed5/build]   | Cache not found for input keys: poetry-1.2.1-0\n[7902314c-f2dd-479a-bcc0-d4a1dfa11ed5/build]   \u2705  Success - Main cache poetry install\n[7902314c-f2dd-479a-bcc0-d4a1dfa11ed5/build] \u2b50 Run Main snok/install-poetry@v1\n[7902314c-f2dd-479a-bcc0-d4a1dfa11ed5/build]   \ud83d\udc33  docker cp src=/tmp/act-cache/5d43fbf3-9a0d-47e2-b559-9a37bcfef346/act/snok-install-poetry@v1/ dst=/var/run/act/actions/snok-install-poetry@v1/\n[7902314c-f2dd-479a-bcc0-d4a1dfa11ed5/build]   \ud83d\udc33  docker exec cmd=[chown -R 1012:1013 /var/run/act/actions/snok-install-poetry@v1/] user=0 workdir=\n[7902314c-f2dd-479a-bcc0-d4a1dfa11ed5/build] \u2b50 Run Main Install and configure Poetry\n[7902314c-f2dd-479a-bcc0-d4a1dfa11ed5/build]   \ud83d\udc33  docker exec cmd=[bash --noprofile --norc -e -o pipefail /var/run/act/workflow/3-composite-0.sh] user= workdir=\n[7902314c-f2dd-479a-bcc0-d4a1dfa11ed5/build]   | \n[7902314c-f2dd-479a-bcc0-d4a1dfa11ed5/build]   | \u001b[33mSetting Poetry installation path as /home/runneradmin/.local\u001b[0m\n[7902314c-f2dd-479a-bcc0-d4a1dfa11ed5/build]   | \n[7902314c-f2dd-479a-bcc0-d4a1dfa11ed5/build]   | \u001b[33mInstalling Poetry \ud83d\udc77\u001b[0m\n[7902314c-f2dd-479a-bcc0-d4a1dfa11ed5/build]   | \n[7902314c-f2dd-479a-bcc0-d4a1dfa11ed5/build]   | Retrieving Poetry metadata\n[7902314c-f2dd-479a-bcc0-d4a1dfa11ed5/build]   | \n[7902314c-f2dd-479a-bcc0-d4a1dfa11ed5/build]   | # Welcome to Poetry!\n[7902314c-f2dd-479a-bcc0-d4a1dfa11ed5/build]   | \n[7902314c-f2dd-479a-bcc0-d4a1dfa11ed5/build]   | This will download and install the latest version of Poetry,\n[7902314c-f2dd-479a-bcc0-d4a1dfa11ed5/build]   | a dependency and package manager for Python.\n[7902314c-f2dd-479a-bcc0-d4a1dfa11ed5/build]   | \n[7902314c-f2dd-479a-bcc0-d4a1dfa11ed5/build]   | It will add the `poetry` command to Poetry's bin directory, located at:\n[7902314c-f2dd-479a-bcc0-d4a1dfa11ed5/build]   | \n[7902314c-f2dd-479a-bcc0-d4a1dfa11ed5/build]   | /home/runneradmin/.local/bin\n[7902314c-f2dd-479a-bcc0-d4a1dfa11ed5/build]   | \n[7902314c-f2dd-479a-bcc0-d4a1dfa11ed5/build]   | You can uninstall at any time by executing this script with the --uninstall option,\n[7902314c-f2dd-479a-bcc0-d4a1dfa11ed5/build]   | and these changes will be reverted.\n[7902314c-f2dd-479a-bcc0-d4a1dfa11ed5/build]   | \n[7902314c-f2dd-479a-bcc0-d4a1dfa11ed5/build]   | Installing Poetry (1.2.1)\n[7902314c-f2dd-479a-bcc0-d4a1dfa11ed5/build]   | Installing Poetry (1.2.1): Creating environment\n[7902314c-f2dd-479a-bcc0-d4a1dfa11ed5/build]   | Installing Poetry (1.2.1): Installing Poetry\n[7902314c-f2dd-479a-bcc0-d4a1dfa11ed5/build]   | Installing Poetry (1.2.1): Creating script\n[7902314c-f2dd-479a-bcc0-d4a1dfa11ed5/build]   | Installing Poetry (1.2.1): Done\n[7902314c-f2dd-479a-bcc0-d4a1dfa11ed5/build]   | \n[7902314c-f2dd-479a-bcc0-d4a1dfa11ed5/build]   | Poetry (1.2.1) is installed now. Great!\n[7902314c-f2dd-479a-bcc0-d4a1dfa11ed5/build]   | \n[7902314c-f2dd-479a-bcc0-d4a1dfa11ed5/build]   | To get started you need Poetry's bin directory (/home/runneradmin/.local/bin) in your `PATH`\n[7902314c-f2dd-479a-bcc0-d4a1dfa11ed5/build]   | environment variable.\n[7902314c-f2dd-479a-bcc0-d4a1dfa11ed5/build]   | \n[7902314c-f2dd-479a-bcc0-d4a1dfa11ed5/build]   | Add `export PATH=\"/home/runneradmin/.local/bin:$PATH\"` to your shell configuration file.\n[7902314c-f2dd-479a-bcc0-d4a1dfa11ed5/build]   | \n[7902314c-f2dd-479a-bcc0-d4a1dfa11ed5/build]   | Alternatively, you can call Poetry explicitly with `/home/runneradmin/.local/bin/poetry`.\n[7902314c-f2dd-479a-bcc0-d4a1dfa11ed5/build]   | \n[7902314c-f2dd-479a-bcc0-d4a1dfa11ed5/build]   | You can test that everything is set up by executing:\n[7902314c-f2dd-479a-bcc0-d4a1dfa11ed5/build]   | \n[7902314c-f2dd-479a-bcc0-d4a1dfa11ed5/build]   | `poetry --version`\n[7902314c-f2dd-479a-bcc0-d4a1dfa11ed5/build]   | \n[7902314c-f2dd-479a-bcc0-d4a1dfa11ed5/build]   | \n[7902314c-f2dd-479a-bcc0-d4a1dfa11ed5/build]   | \u001b[33mInstallation completed. Configuring settings \ud83d\udee0\u001b[0m\n[7902314c-f2dd-479a-bcc0-d4a1dfa11ed5/build]   | \n[7902314c-f2dd-479a-bcc0-d4a1dfa11ed5/build]   | \u001b[33mDone \u2705\u001b[0m\n[7902314c-f2dd-479a-bcc0-d4a1dfa11ed5/build]   | \n[7902314c-f2dd-479a-bcc0-d4a1dfa11ed5/build]   | \u001b[33mIf you are creating a venv in your project, you can activate it by running 'source .venv/bin/activate'. If you're running this in an OS matrix, you can use 'source $VENV' instead, as an OS agnostic option\u001b[0m\n[7902314c-f2dd-479a-bcc0-d4a1dfa11ed5/build]   \u2705  Success - Main Install and configure Poetry\n[7902314c-f2dd-479a-bcc0-d4a1dfa11ed5/build]   \u2699  ::set-env:: VENV=.venv/bin/activate\n[7902314c-f2dd-479a-bcc0-d4a1dfa11ed5/build]   \u2699  ::add-path:: /home/runneradmin/.local/bin\n[7902314c-f2dd-479a-bcc0-d4a1dfa11ed5/build]   \u2705  Success - Main snok/install-poetry@v1\n[7902314c-f2dd-479a-bcc0-d4a1dfa11ed5/build]   \u2699  ::set-env:: VENV=.venv/bin/activate\n[7902314c-f2dd-479a-bcc0-d4a1dfa11ed5/build]   \u2699  ::add-path:: /home/runneradmin/.local/bin\n[7902314c-f2dd-479a-bcc0-d4a1dfa11ed5/build] \u2b50 Run Main cache deps\n[7902314c-f2dd-479a-bcc0-d4a1dfa11ed5/build]   \ud83d\udc33  docker cp src=/tmp/act-cache/5d43fbf3-9a0d-47e2-b559-9a37bcfef346/act/actions-cache@v2/ dst=/var/run/act/actions/actions-cache@v2/\n[7902314c-f2dd-479a-bcc0-d4a1dfa11ed5/build]   \ud83d\udc33  docker exec cmd=[chown -R 1012:1013 /var/run/act/actions/actions-cache@v2/] user=0 workdir=\n[7902314c-f2dd-479a-bcc0-d4a1dfa11ed5/build]   \ud83d\udc33  docker exec cmd=[node /var/run/act/actions/actions-cache@v2/dist/restore/index.js] user= workdir=\n[7902314c-f2dd-479a-bcc0-d4a1dfa11ed5/build]   \ud83d\udcac  ::debug::Resolved Keys:\n[7902314c-f2dd-479a-bcc0-d4a1dfa11ed5/build]   \ud83d\udcac  ::debug::[\"pydeps-ad94907b0430f823108472ac99c8de7948976a4f9337332fbddfbdbbf0a40f4d\"]\n[7902314c-f2dd-479a-bcc0-d4a1dfa11ed5/build]   \ud83d\udcac  ::debug::Checking zstd --version\n[7902314c-f2dd-479a-bcc0-d4a1dfa11ed5/build]   \ud83d\udcac  ::debug::*** zstd command line interface 64-bits v1.5.0, by Yann Collet ***\n[7902314c-f2dd-479a-bcc0-d4a1dfa11ed5/build]   \ud83d\udcac  ::debug::Resource Url: http://130.242.72.40:34405/_apis/artifactcache/cache?keys=pydeps-ad94907b0430f823108472ac99c8de7948976a4f9337332fbddfbdbbf0a40f4d&version=25e65b70d167147605b4332eb57b6d34df8e0303b88c4de252efb18cf3ed148a\n[7902314c-f2dd-479a-bcc0-d4a1dfa11ed5/build]   | Cache not found for input keys: pydeps-ad94907b0430f823108472ac99c8de7948976a4f9337332fbddfbdbbf0a40f4d\n[7902314c-f2dd-479a-bcc0-d4a1dfa11ed5/build]   \u2705  Success - Main cache deps\n[7902314c-f2dd-479a-bcc0-d4a1dfa11ed5/build] \u2b50 Run Main poetry install --no-interaction --no-root\n[7902314c-f2dd-479a-bcc0-d4a1dfa11ed5/build]   \ud83d\udc33  docker exec cmd=[bash --noprofile --norc -e -o pipefail /var/run/act/workflow/5] user= workdir=\n[7902314c-f2dd-479a-bcc0-d4a1dfa11ed5/build]   | Creating virtualenv pycountry in /tmp/ad9c0f7e-1596-11ee-8a50-bb14de238602/flyingcircusio-pycountry/.venv\n[7902314c-f2dd-479a-bcc0-d4a1dfa11ed5/build]   | Installing dependencies from lock file\n[7902314c-f2dd-479a-bcc0-d4a1dfa11ed5/build]   | \n[7902314c-f2dd-479a-bcc0-d4a1dfa11ed5/build]   | Package operations: 13 installs, 0 updates, 0 removals\n[7902314c-f2dd-479a-bcc0-d4a1dfa11ed5/build]   | \n[7902314c-f2dd-479a-bcc0-d4a1dfa11ed5/build]   |   \u2022 Installing typing-extensions (4.3.0)\n[7902314c-f2dd-479a-bcc0-d4a1dfa11ed5/build]   |   \u2022 Installing zipp (3.8.1)\n[7902314c-f2dd-479a-bcc0-d4a1dfa11ed5/build]   |   \u2022 Installing importlib-metadata (4.12.0)\n[7902314c-f2dd-479a-bcc0-d4a1dfa11ed5/build]   |   \u2022 Installing pyparsing (3.0.9)\n[7902314c-f2dd-479a-bcc0-d4a1dfa11ed5/build]   |   \u2022 Installing attrs (22.1.0)\n[7902314c-f2dd-479a-bcc0-d4a1dfa11ed5/build]   |   \u2022 Installing iniconfig (1.1.1)\n[7902314c-f2dd-479a-bcc0-d4a1dfa11ed5/build]   |   \u2022 Installing packaging (21.3)\n[7902314c-f2dd-479a-bcc0-d4a1dfa11ed5/build]   |   \u2022 Installing pluggy (1.0.0)\n[7902314c-f2dd-479a-bcc0-d4a1dfa11ed5/build]   |   \u2022 Installing py (1.11.0)\n[7902314c-f2dd-479a-bcc0-d4a1dfa11ed5/build]   |   \u2022 Installing tomli (2.0.1)\n[7902314c-f2dd-479a-bcc0-d4a1dfa11ed5/build]   |   \u2022 Installing coverage (6.4.4)\n[7902314c-f2dd-479a-bcc0-d4a1dfa11ed5/build]   |   \u2022 Installing pytest (7.1.3)\n[7902314c-f2dd-479a-bcc0-d4a1dfa11ed5/build]   |   \u2022 Installing pytest-cov (4.0.0)\n[7902314c-f2dd-479a-bcc0-d4a1dfa11ed5/build]   \u2705  Success - Main poetry install --no-interaction --no-root\n[7902314c-f2dd-479a-bcc0-d4a1dfa11ed5/build] \u2b50 Run Main poetry install\n[7902314c-f2dd-479a-bcc0-d4a1dfa11ed5/build]   \ud83d\udc33  docker exec cmd=[bash --noprofile --norc -e -o pipefail /var/run/act/workflow/6] user= workdir=\n[7902314c-f2dd-479a-bcc0-d4a1dfa11ed5/build]   | Installing dependencies from lock file\n[7902314c-f2dd-479a-bcc0-d4a1dfa11ed5/build]   | \n[7902314c-f2dd-479a-bcc0-d4a1dfa11ed5/build]   | No dependencies to install or update\n[7902314c-f2dd-479a-bcc0-d4a1dfa11ed5/build]   | \n[7902314c-f2dd-479a-bcc0-d4a1dfa11ed5/build]   | Installing the current project: pycountry (22.3.6.dev0)\n[7902314c-f2dd-479a-bcc0-d4a1dfa11ed5/build]   \u2705  Success - Main poetry install\n[7902314c-f2dd-479a-bcc0-d4a1dfa11ed5/build] \u2b50 Run Main poetry run pytest --junitxml=report.xml -vv\n[7902314c-f2dd-479a-bcc0-d4a1dfa11ed5/build]   \ud83d\udc33  docker exec cmd=[bash --noprofile --norc -e -o pipefail /var/run/act/workflow/7] user= workdir=\n[7902314c-f2dd-479a-bcc0-d4a1dfa11ed5/build]   | ============================= test session starts ==============================\n[7902314c-f2dd-479a-bcc0-d4a1dfa11ed5/build]   | platform linux -- Python 3.7.11, pytest-7.1.3, pluggy-1.0.0 -- /tmp/ad9c0f7e-1596-11ee-8a50-bb14de238602/flyingcircusio-pycountry/.venv/bin/python\n[7902314c-f2dd-479a-bcc0-d4a1dfa11ed5/build]   | cachedir: .pytest_cache\n[7902314c-f2dd-479a-bcc0-d4a1dfa11ed5/build]   | rootdir: /tmp/ad9c0f7e-1596-11ee-8a50-bb14de238602/flyingcircusio-pycountry, configfile: pytest.ini\n[7902314c-f2dd-479a-bcc0-d4a1dfa11ed5/build]   | plugins: cov-4.0.0\n[7902314c-f2dd-479a-bcc0-d4a1dfa11ed5/build]   | collecting ... collected 21 items\n[7902314c-f2dd-479a-bcc0-d4a1dfa11ed5/build]   | \n[7902314c-f2dd-479a-bcc0-d4a1dfa11ed5/build]   | src/pycountry/tests/test_general.py::test_country_list PASSED            [  4%]\n[7902314c-f2dd-479a-bcc0-d4a1dfa11ed5/build]   | src/pycountry/tests/test_general.py::test_country_fuzzy_search PASSED    [  9%]\n[7902314c-f2dd-479a-bcc0-d4a1dfa11ed5/build]   | src/pycountry/tests/test_general.py::test_historic_country_fuzzy_search PASSED [ 14%]\n[7902314c-f2dd-479a-bcc0-d4a1dfa11ed5/build]   | src/pycountry/tests/test_general.py::test_germany_has_all_attributes PASSED [ 19%]\n[7902314c-f2dd-479a-bcc0-d4a1dfa11ed5/build]   | src/pycountry/tests/test_general.py::test_subdivisions_directly_accessible PASSED [ 23%]\n[7902314c-f2dd-479a-bcc0-d4a1dfa11ed5/build]   | src/pycountry/tests/test_general.py::test_subdivisions_have_subdivision_as_parent PASSED [ 28%]\n[7902314c-f2dd-479a-bcc0-d4a1dfa11ed5/build]   | src/pycountry/tests/test_general.py::test_query_subdivisions_of_country PASSED [ 33%]\n[7902314c-f2dd-479a-bcc0-d4a1dfa11ed5/build]   | src/pycountry/tests/test_general.py::test_scripts PASSED                 [ 38%]\n[7902314c-f2dd-479a-bcc0-d4a1dfa11ed5/build]   | src/pycountry/tests/test_general.py::test_currencies FAILED              [ 42%]\n[7902314c-f2dd-479a-bcc0-d4a1dfa11ed5/build]   | src/pycountry/tests/test_general.py::test_languages FAILED               [ 47%]\n[7902314c-f2dd-479a-bcc0-d4a1dfa11ed5/build]   | src/pycountry/tests/test_general.py::test_language_families PASSED       [ 52%]\n[7902314c-f2dd-479a-bcc0-d4a1dfa11ed5/build]   | src/pycountry/tests/test_general.py::test_locales FAILED                 [ 57%]\n[7902314c-f2dd-479a-bcc0-d4a1dfa11ed5/build]   | src/pycountry/tests/test_general.py::test_removed_countries PASSED       [ 61%]\n[7902314c-f2dd-479a-bcc0-d4a1dfa11ed5/build]   | src/pycountry/tests/test_general.py::test_repr PASSED                    [ 66%]\n[7902314c-f2dd-479a-bcc0-d4a1dfa11ed5/build]   | src/pycountry/tests/test_general.py::test_dir PASSED                     [ 71%]\n[7902314c-f2dd-479a-bcc0-d4a1dfa11ed5/build]   | src/pycountry/tests/test_general.py::test_get PASSED                     [ 76%]\n[7902314c-f2dd-479a-bcc0-d4a1dfa11ed5/build]   | src/pycountry/tests/test_general.py::test_lookup PASSED                  [ 80%]\n[7902314c-f2dd-479a-bcc0-d4a1dfa11ed5/build]   | src/pycountry/tests/test_general.py::test_subdivision_parent PASSED      [ 85%]\n[7902314c-f2dd-479a-bcc0-d4a1dfa11ed5/build]   | src/pycountry/tests/test_general.py::test_subdivision_missing_code_raises_keyerror PASSED [ 90%]\n[7902314c-f2dd-479a-bcc0-d4a1dfa11ed5/build]   | src/pycountry/tests/test_general.py::test_subdivision_empty_list PASSED  [ 95%]\n[7902314c-f2dd-479a-bcc0-d4a1dfa11ed5/build]   | src/pycountry/tests/test_general.py::test_has_version_attribute PASSED   [100%]\n[7902314c-f2dd-479a-bcc0-d4a1dfa11ed5/build]   | \n[7902314c-f2dd-479a-bcc0-d4a1dfa11ed5/build]   | =================================== FAILURES ===================================\n[7902314c-f2dd-479a-bcc0-d4a1dfa11ed5/build]   | _______________________________ test_currencies ________________________________\n[7902314c-f2dd-479a-bcc0-d4a1dfa11ed5/build]   | Traceback (most recent call last):\n[7902314c-f2dd-479a-bcc0-d4a1dfa11ed5/build]   |   File \"/tmp/ad9c0f7e-1596-11ee-8a50-bb14de238602/flyingcircusio-pycountry/src/pycountry/tests/test_general.py\", line 117, in test_currencies\n[7902314c-f2dd-479a-bcc0-d4a1dfa11ed5/build]   |     assert len(pycountry.currencies) == 170\n[7902314c-f2dd-479a-bcc0-d4a1dfa11ed5/build]   | AssertionError: assert 181 == 170\n[7902314c-f2dd-479a-bcc0-d4a1dfa11ed5/build]   |  +  where 181 = len(<pycountry.Currencies object at 0x7fc1b5dcea50>)\n[7902314c-f2dd-479a-bcc0-d4a1dfa11ed5/build]   |  +    where <pycountry.Currencies object at 0x7fc1b5dcea50> = pycountry.currencies\n[7902314c-f2dd-479a-bcc0-d4a1dfa11ed5/build]   | ________________________________ test_languages ________________________________\n[7902314c-f2dd-479a-bcc0-d4a1dfa11ed5/build]   | Traceback (most recent call last):\n[7902314c-f2dd-479a-bcc0-d4a1dfa11ed5/build]   |   File \"/tmp/ad9c0f7e-1596-11ee-8a50-bb14de238602/flyingcircusio-pycountry/src/pycountry/tests/test_general.py\", line 127, in test_languages\n[7902314c-f2dd-479a-bcc0-d4a1dfa11ed5/build]   |     assert len(pycountry.languages) == 7847\n[7902314c-f2dd-479a-bcc0-d4a1dfa11ed5/build]   | AssertionError: assert 7910 == 7847\n[7902314c-f2dd-479a-bcc0-d4a1dfa11ed5/build]   |  +  where 7910 = len(<pycountry.Languages object at 0x7fc1b5cd6f10>)\n[7902314c-f2dd-479a-bcc0-d4a1dfa11ed5/build]   |  +    where <pycountry.Languages object at 0x7fc1b5cd6f10> = pycountry.languages\n[7902314c-f2dd-479a-bcc0-d4a1dfa11ed5/build]   | _________________________________ test_locales _________________________________\n[7902314c-f2dd-479a-bcc0-d4a1dfa11ed5/build]   | Traceback (most recent call last):\n[7902314c-f2dd-479a-bcc0-d4a1dfa11ed5/build]   |   File \"/tmp/ad9c0f7e-1596-11ee-8a50-bb14de238602/flyingcircusio-pycountry/src/pycountry/tests/test_general.py\", line 155, in test_locales\n[7902314c-f2dd-479a-bcc0-d4a1dfa11ed5/build]   |     \"iso3166\", pycountry.LOCALES_DIR, languages=[\"de\"]\n[7902314c-f2dd-479a-bcc0-d4a1dfa11ed5/build]   |   File \"/opt/hostedtoolcache/Python/3.7.11/x64/lib/python3.7/gettext.py\", line 524, in translation\n[7902314c-f2dd-479a-bcc0-d4a1dfa11ed5/build]   |     'No translation file found for domain', domain)\n[7902314c-f2dd-479a-bcc0-d4a1dfa11ed5/build]   | FileNotFoundError: [Errno 2] No translation file found for domain: 'iso3166'\n[7902314c-f2dd-479a-bcc0-d4a1dfa11ed5/build]   | =============================== warnings summary ===============================\n[7902314c-f2dd-479a-bcc0-d4a1dfa11ed5/build]   | .venv/lib/python3.7/site-packages/pkg_resources/__init__.py:121\n[7902314c-f2dd-479a-bcc0-d4a1dfa11ed5/build]   |   /tmp/ad9c0f7e-1596-11ee-8a50-bb14de238602/flyingcircusio-pycountry/.venv/lib/python3.7/site-packages/pkg_resources/__init__.py:121: DeprecationWarning: pkg_resources is deprecated as an API\n[7902314c-f2dd-479a-bcc0-d4a1dfa11ed5/build]   |     warnings.warn(\"pkg_resources is deprecated as an API\", DeprecationWarning)\n[7902314c-f2dd-479a-bcc0-d4a1dfa11ed5/build]   | \n[7902314c-f2dd-479a-bcc0-d4a1dfa11ed5/build]   | -- Docs: https://docs.pytest.org/en/stable/how-to/capture-warnings.html\n[7902314c-f2dd-479a-bcc0-d4a1dfa11ed5/build]   | - generated xml file: /tmp/ad9c0f7e-1596-11ee-8a50-bb14de238602/flyingcircusio-pycountry/report.xml -\n[7902314c-f2dd-479a-bcc0-d4a1dfa11ed5/build]   | \n[7902314c-f2dd-479a-bcc0-d4a1dfa11ed5/build]   | ---------- coverage: platform linux, python 3.7.11-final-0 -----------\n[7902314c-f2dd-479a-bcc0-d4a1dfa11ed5/build]   | Coverage HTML written to dir htmlcov\n[7902314c-f2dd-479a-bcc0-d4a1dfa11ed5/build]   | \n[7902314c-f2dd-479a-bcc0-d4a1dfa11ed5/build]   | =========================== short test summary info ============================\n[7902314c-f2dd-479a-bcc0-d4a1dfa11ed5/build]   | FAILED src/pycountry/tests/test_general.py::test_currencies - assert 181 == 170\n[7902314c-f2dd-479a-bcc0-d4a1dfa11ed5/build]   | FAILED src/pycountry/tests/test_general.py::test_languages - assert 7910 == 7847\n[7902314c-f2dd-479a-bcc0-d4a1dfa11ed5/build]   | FAILED src/pycountry/tests/test_general.py::test_locales - FileNotFoundError:...\n[7902314c-f2dd-479a-bcc0-d4a1dfa11ed5/build]   | =================== 3 failed, 18 passed, 1 warning in 3.51s ====================\n[7902314c-f2dd-479a-bcc0-d4a1dfa11ed5/build]   \u274c  Failure - Main poetry run pytest --junitxml=report.xml -vv\n[7902314c-f2dd-479a-bcc0-d4a1dfa11ed5/build] exitcode '1': failure\n[7902314c-f2dd-479a-bcc0-d4a1dfa11ed5/build] \u2b50 Run Post snok/install-poetry@v1\n[7902314c-f2dd-479a-bcc0-d4a1dfa11ed5/build]   \ud83d\udc33  docker cp src=/tmp/act-cache/5d43fbf3-9a0d-47e2-b559-9a37bcfef346/act/snok-install-poetry@v1/ dst=/var/run/act/actions/snok-install-poetry@v1/\n[7902314c-f2dd-479a-bcc0-d4a1dfa11ed5/build]   \ud83d\udc33  docker exec cmd=[chown -R 1012:1013 /var/run/act/actions/snok-install-poetry@v1/] user=0 workdir=\n[7902314c-f2dd-479a-bcc0-d4a1dfa11ed5/build]   \u2705  Success - Post snok/install-poetry@v1\n[7902314c-f2dd-479a-bcc0-d4a1dfa11ed5/build] \ud83c\udfc1  Job failed\n",
        "stderr": "Error: Job 'build' failed\n",
        "workflow": "/tmp/ad9c0f7e-1596-11ee-8a50-bb14de238602/flyingcircusio-pycountry/.github/workflows/test-crawler.yml",
        "build_tool": "pytest",
        "elapsed_time": 364.1868076324463
    }
}