{
    "repository": "hacarus/spm-image",
    "stars": 93,
    "language": "python",
    "size": 16153,
    "clone_url": "https://github.com/hacarus/spm-image.git",
    "timestamp": "2023-06-28T12:42:35.289936Z",
    "clone_success": true,
    "number_of_actions": 1,
    "number_of_test_actions": 1,
    "actions_successful": false,
    "actions_build_tools": [
        "unittest"
    ],
    "actions_test_build_tools": [
        "unittest"
    ],
    "actions_run": {
        "failed": true,
        "tests": [
            {
                "classname": "tests.test_linear_model_admm.TestQuadraticTrendFilteringADMM",
                "name": "test_generate_transform_matrix",
                "time": 0.002,
                "results": [
                    {
                        "result": "Passed",
                        "message": "",
                        "type": ""
                    }
                ],
                "stdout": null,
                "stderr": null
            },
            {
                "classname": "tests.test_linear_model_admm.TestQuadraticTrendFilteringADMM",
                "name": "test_trend_filtering",
                "time": 0.001,
                "results": [
                    {
                        "result": "Error",
                        "message": "'QuadraticTrendFilteringADMM' object has no attribute '_preprocess_data'",
                        "type": "AttributeError"
                    }
                ],
                "stdout": null,
                "stderr": null
            },
            {
                "classname": "tests.test_linear_model_admm.TestLassoADMM",
                "name": "test_lasso_admm",
                "time": 0.002,
                "results": [
                    {
                        "result": "Error",
                        "message": "'LassoADMM' object has no attribute '_preprocess_data'",
                        "type": "AttributeError"
                    }
                ],
                "stdout": null,
                "stderr": null
            },
            {
                "classname": "tests.test_linear_model_admm.TestLassoADMM",
                "name": "test_lasso_admm_multi",
                "time": 0.002,
                "results": [
                    {
                        "result": "Error",
                        "message": "'LassoADMM' object has no attribute '_preprocess_data'",
                        "type": "AttributeError"
                    }
                ],
                "stdout": null,
                "stderr": null
            },
            {
                "classname": "tests.test_linear_model_admm.TestLassoADMM",
                "name": "test_lasso_admm_toy",
                "time": 0.004,
                "results": [
                    {
                        "result": "Error",
                        "message": "'LassoADMM' object has no attribute '_preprocess_data'",
                        "type": "AttributeError"
                    }
                ],
                "stdout": null,
                "stderr": null
            },
            {
                "classname": "tests.test_linear_model_admm.TestLassoADMM",
                "name": "test_lasso_admm_toy_multi",
                "time": 0.001,
                "results": [
                    {
                        "result": "Error",
                        "message": "'LassoADMM' object has no attribute '_preprocess_data'",
                        "type": "AttributeError"
                    }
                ],
                "stdout": null,
                "stderr": null
            },
            {
                "classname": "tests.test_linear_model_admm.TestLassoADMM",
                "name": "test_lasso_admm_zero",
                "time": 0.001,
                "results": [
                    {
                        "result": "Error",
                        "message": "'LassoADMM' object has no attribute '_preprocess_data'",
                        "type": "AttributeError"
                    }
                ],
                "stdout": null,
                "stderr": null
            },
            {
                "classname": "tests.test_preprocessing_whitening.TestWhitening",
                "name": "test_fit_drop_minute",
                "time": 0.004,
                "results": [
                    {
                        "result": "Passed",
                        "message": "",
                        "type": ""
                    }
                ],
                "stdout": null,
                "stderr": null
            },
            {
                "classname": "tests.test_preprocessing_whitening.TestWhitening",
                "name": "test_fit_error",
                "time": 0.002,
                "results": [
                    {
                        "result": "Passed",
                        "message": "",
                        "type": ""
                    }
                ],
                "stdout": null,
                "stderr": null
            },
            {
                "classname": "tests.test_preprocessing_whitening.TestWhitening",
                "name": "test_fit_normalize",
                "time": 0.003,
                "results": [
                    {
                        "result": "Passed",
                        "message": "",
                        "type": ""
                    }
                ],
                "stdout": null,
                "stderr": null
            },
            {
                "classname": "tests.test_preprocessing_whitening.TestWhitening",
                "name": "test_fit_normalize_biased",
                "time": 0.003,
                "results": [
                    {
                        "result": "Passed",
                        "message": "",
                        "type": ""
                    }
                ],
                "stdout": null,
                "stderr": null
            },
            {
                "classname": "tests.test_preprocessing_whitening.TestWhitening",
                "name": "test_fit_normalize_drop_minute_zca",
                "time": 0.003,
                "results": [
                    {
                        "result": "Passed",
                        "message": "",
                        "type": ""
                    }
                ],
                "stdout": null,
                "stderr": null
            },
            {
                "classname": "tests.test_decomposition_dict_learning.TestDictLearning",
                "name": "test_sparse_encode_with_l21_norm",
                "time": 0.018,
                "results": [
                    {
                        "result": "Passed",
                        "message": "",
                        "type": ""
                    }
                ],
                "stdout": null,
                "stderr": null
            },
            {
                "classname": "tests.test_decomposition_dict_learning.TestDictLearning",
                "name": "test_sparse_encode_with_mask",
                "time": 0.174,
                "results": [
                    {
                        "result": "Passed",
                        "message": "",
                        "type": ""
                    }
                ],
                "stdout": null,
                "stderr": null
            },
            {
                "classname": "tests.test_decomposition_dict_learning.TestDictLearning",
                "name": "test_sparse_encode_with_no_mask",
                "time": 0.051,
                "results": [
                    {
                        "result": "Passed",
                        "message": "",
                        "type": ""
                    }
                ],
                "stdout": null,
                "stderr": null
            },
            {
                "classname": "tests.test_feature_extraction_image.TestImage",
                "name": "test_extract_simple_patches_2d_color",
                "time": 0.002,
                "results": [
                    {
                        "result": "Passed",
                        "message": "",
                        "type": ""
                    }
                ],
                "stdout": null,
                "stderr": null
            },
            {
                "classname": "tests.test_feature_extraction_image.TestImage",
                "name": "test_extract_simple_patches_2d_color_float",
                "time": 0.002,
                "results": [
                    {
                        "result": "Passed",
                        "message": "",
                        "type": ""
                    }
                ],
                "stdout": null,
                "stderr": null
            },
            {
                "classname": "tests.test_feature_extraction_image.TestImage",
                "name": "test_extract_simple_patches_2d_gray",
                "time": 0.002,
                "results": [
                    {
                        "result": "Passed",
                        "message": "",
                        "type": ""
                    }
                ],
                "stdout": null,
                "stderr": null
            },
            {
                "classname": "tests.test_feature_extraction_image.TestImage",
                "name": "test_extract_simple_patches_2d_gray_float",
                "time": 0.002,
                "results": [
                    {
                        "result": "Passed",
                        "message": "",
                        "type": ""
                    }
                ],
                "stdout": null,
                "stderr": null
            },
            {
                "classname": "tests.test_feature_extraction_image.TestImage",
                "name": "test_reconstruct_from_simple_patches_2d_color",
                "time": 0.002,
                "results": [
                    {
                        "result": "Passed",
                        "message": "",
                        "type": ""
                    }
                ],
                "stdout": null,
                "stderr": null
            },
            {
                "classname": "tests.test_feature_extraction_image.TestImage",
                "name": "test_reconstruct_from_simple_patches_2d_color_float",
                "time": 0.002,
                "results": [
                    {
                        "result": "Passed",
                        "message": "",
                        "type": ""
                    }
                ],
                "stdout": null,
                "stderr": null
            },
            {
                "classname": "tests.test_feature_extraction_image.TestImage",
                "name": "test_reconstruct_from_simple_patches_2d_gray",
                "time": 0.001,
                "results": [
                    {
                        "result": "Passed",
                        "message": "",
                        "type": ""
                    }
                ],
                "stdout": null,
                "stderr": null
            },
            {
                "classname": "tests.test_feature_extraction_image.TestImage",
                "name": "test_reconstruct_from_simple_patches_2d_gray_float",
                "time": 0.001,
                "results": [
                    {
                        "result": "Passed",
                        "message": "",
                        "type": ""
                    }
                ],
                "stdout": null,
                "stderr": null
            },
            {
                "classname": "tests.test_decomposition_ksvd.TestKSVD",
                "name": "test_approximate_ksvd",
                "time": 0.225,
                "results": [
                    {
                        "result": "Passed",
                        "message": "",
                        "type": ""
                    }
                ],
                "stdout": null,
                "stderr": null
            },
            {
                "classname": "tests.test_decomposition_ksvd.TestKSVD",
                "name": "test_approximate_ksvd_warm_start",
                "time": 0.226,
                "results": [
                    {
                        "result": "Passed",
                        "message": "",
                        "type": ""
                    }
                ],
                "stdout": null,
                "stderr": null
            },
            {
                "classname": "tests.test_decomposition_ksvd.TestKSVD",
                "name": "test_ksvd_attributes",
                "time": 0.001,
                "results": [
                    {
                        "result": "Passed",
                        "message": "",
                        "type": ""
                    }
                ],
                "stdout": null,
                "stderr": null
            },
            {
                "classname": "tests.test_decomposition_ksvd.TestKSVD",
                "name": "test_ksvd_dict_init",
                "time": 0.002,
                "results": [
                    {
                        "result": "Passed",
                        "message": "",
                        "type": ""
                    }
                ],
                "stdout": null,
                "stderr": null
            },
            {
                "classname": "tests.test_decomposition_ksvd.TestKSVD",
                "name": "test_ksvd_input_with_missing_values",
                "time": 0.665,
                "results": [
                    {
                        "result": "Passed",
                        "message": "",
                        "type": ""
                    }
                ],
                "stdout": null,
                "stderr": null
            },
            {
                "classname": "tests.test_decomposition_ksvd.TestKSVD",
                "name": "test_ksvd_normal_input",
                "time": 1.399,
                "results": [
                    {
                        "result": "Passed",
                        "message": "",
                        "type": ""
                    }
                ],
                "stdout": null,
                "stderr": null
            },
            {
                "classname": "tests.test_decomposition_ksvd.TestKSVD",
                "name": "test_ksvd_warm_start",
                "time": 0.172,
                "results": [
                    {
                        "result": "Passed",
                        "message": "",
                        "type": ""
                    }
                ],
                "stdout": null,
                "stderr": null
            },
            {
                "classname": "tests.test_decomposition_ksvd.TestKSVD",
                "name": "test_transform",
                "time": 0.153,
                "results": [
                    {
                        "result": "Passed",
                        "message": "",
                        "type": ""
                    }
                ],
                "stdout": null,
                "stderr": null
            },
            {
                "classname": "tests.test_decomposition_ksvd.TestKSVD",
                "name": "test_transform_with_mask",
                "time": 0.615,
                "results": [
                    {
                        "result": "Passed",
                        "message": "",
                        "type": ""
                    }
                ],
                "stdout": null,
                "stderr": null
            },
            {
                "classname": "tests.test_linear_model_admm.TestTrendFilteringADMM",
                "name": "test_generate_transform_matrix",
                "time": 0.002,
                "results": [
                    {
                        "result": "Passed",
                        "message": "",
                        "type": ""
                    }
                ],
                "stdout": null,
                "stderr": null
            },
            {
                "classname": "tests.test_linear_model_admm.TestTrendFilteringADMM",
                "name": "test_trend_filtering",
                "time": 0.001,
                "results": [
                    {
                        "result": "Error",
                        "message": "'TrendFilteringADMM' object has no attribute '_preprocess_data'",
                        "type": "AttributeError"
                    }
                ],
                "stdout": null,
                "stderr": null
            },
            {
                "classname": "tests.test_linear_model_hmlasso.TestHMLasso",
                "name": "test_lasso_admm",
                "time": 0.003,
                "results": [
                    {
                        "result": "Error",
                        "message": "module 'numpy' has no attribute 'float'. `np.float` was a deprecated alias for the builtin `float`. To avoid this error in existing code, use `float` by itself. Doing this will not modify any behavior and is safe. If you specifically wanted the numpy scalar type, use `np.float64` here. The aliases was originally deprecated in NumPy 1.20; for more details and guidance see the original release note at:     https://numpy.org/devdocs/release/1.20.0-notes.html#deprecations",
                        "type": "AttributeError"
                    }
                ],
                "stdout": null,
                "stderr": null
            },
            {
                "classname": "tests.test_linear_model_hmlasso.TestHMLasso",
                "name": "test_lasso_admm_multi",
                "time": 0.002,
                "results": [
                    {
                        "result": "Error",
                        "message": "module 'numpy' has no attribute 'float'. `np.float` was a deprecated alias for the builtin `float`. To avoid this error in existing code, use `float` by itself. Doing this will not modify any behavior and is safe. If you specifically wanted the numpy scalar type, use `np.float64` here. The aliases was originally deprecated in NumPy 1.20; for more details and guidance see the original release note at:     https://numpy.org/devdocs/release/1.20.0-notes.html#deprecations",
                        "type": "AttributeError"
                    }
                ],
                "stdout": null,
                "stderr": null
            },
            {
                "classname": "tests.test_linear_model_hmlasso.TestHMLasso",
                "name": "test_lasso_admm_toy",
                "time": 0.004,
                "results": [
                    {
                        "result": "Error",
                        "message": "module 'numpy' has no attribute 'float'. `np.float` was a deprecated alias for the builtin `float`. To avoid this error in existing code, use `float` by itself. Doing this will not modify any behavior and is safe. If you specifically wanted the numpy scalar type, use `np.float64` here. The aliases was originally deprecated in NumPy 1.20; for more details and guidance see the original release note at:     https://numpy.org/devdocs/release/1.20.0-notes.html#deprecations",
                        "type": "AttributeError"
                    }
                ],
                "stdout": null,
                "stderr": null
            },
            {
                "classname": "tests.test_linear_model_hmlasso.TestHMLasso",
                "name": "test_lasso_admm_toy_multi",
                "time": 0.002,
                "results": [
                    {
                        "result": "Error",
                        "message": "module 'numpy' has no attribute 'float'. `np.float` was a deprecated alias for the builtin `float`. To avoid this error in existing code, use `float` by itself. Doing this will not modify any behavior and is safe. If you specifically wanted the numpy scalar type, use `np.float64` here. The aliases was originally deprecated in NumPy 1.20; for more details and guidance see the original release note at:     https://numpy.org/devdocs/release/1.20.0-notes.html#deprecations",
                        "type": "AttributeError"
                    }
                ],
                "stdout": null,
                "stderr": null
            },
            {
                "classname": "tests.test_linear_model_hmlasso.TestHMLasso",
                "name": "test_lasso_admm_zero",
                "time": 0.001,
                "results": [
                    {
                        "result": "Error",
                        "message": "module 'numpy' has no attribute 'float'. `np.float` was a deprecated alias for the builtin `float`. To avoid this error in existing code, use `float` by itself. Doing this will not modify any behavior and is safe. If you specifically wanted the numpy scalar type, use `np.float64` here. The aliases was originally deprecated in NumPy 1.20; for more details and guidance see the original release note at:     https://numpy.org/devdocs/release/1.20.0-notes.html#deprecations",
                        "type": "AttributeError"
                    }
                ],
                "stdout": null,
                "stderr": null
            },
            {
                "classname": "tests.test_decomposition_dct.TestDCT",
                "name": "test_dct_complete",
                "time": 0.01,
                "results": [
                    {
                        "result": "Passed",
                        "message": "",
                        "type": ""
                    }
                ],
                "stdout": null,
                "stderr": null
            },
            {
                "classname": "tests.test_decomposition_dct.TestDCT",
                "name": "test_dct_less",
                "time": 0.008,
                "results": [
                    {
                        "result": "Passed",
                        "message": "",
                        "type": ""
                    }
                ],
                "stdout": null,
                "stderr": null
            },
            {
                "classname": "tests.test_decomposition_dct.TestDCT",
                "name": "test_zig_zag_index",
                "time": 0.002,
                "results": [
                    {
                        "result": "Passed",
                        "message": "",
                        "type": ""
                    }
                ],
                "stdout": null,
                "stderr": null
            },
            {
                "classname": "tests.test_experimental.TestExperimental",
                "name": "test_ppd_disabled",
                "time": 0.001,
                "results": [
                    {
                        "result": "Passed",
                        "message": "",
                        "type": ""
                    }
                ],
                "stdout": null,
                "stderr": null
            },
            {
                "classname": "tests.test_experimental.TestExperimental",
                "name": "test_ppd_enabled",
                "time": 0.003,
                "results": [
                    {
                        "result": "Passed",
                        "message": "",
                        "type": ""
                    }
                ],
                "stdout": null,
                "stderr": null
            },
            {
                "classname": "tests.test_linear_model_ppd.TestLassoPPD",
                "name": "test_DTv",
                "time": 0.002,
                "results": [
                    {
                        "result": "Passed",
                        "message": "",
                        "type": ""
                    }
                ],
                "stdout": null,
                "stderr": null
            },
            {
                "classname": "tests.test_linear_model_ppd.TestLassoPPD",
                "name": "test_Du",
                "time": 0.001,
                "results": [
                    {
                        "result": "Passed",
                        "message": "",
                        "type": ""
                    }
                ],
                "stdout": null,
                "stderr": null
            },
            {
                "classname": "tests.test_linear_model_ppd.TestLassoPPD",
                "name": "test_lasso_admm_zero",
                "time": 0.003,
                "results": [
                    {
                        "result": "Passed",
                        "message": "",
                        "type": ""
                    }
                ],
                "stdout": null,
                "stderr": null
            },
            {
                "classname": "tests.test_linear_model_admm.TestAdmmPath",
                "name": "test_admm_path_alphas",
                "time": 0.002,
                "results": [
                    {
                        "result": "Error",
                        "message": "'LassoADMM' object has no attribute '_preprocess_data'",
                        "type": "AttributeError"
                    }
                ],
                "stdout": null,
                "stderr": null
            },
            {
                "classname": "tests.test_linear_model_admm.TestAdmmPath",
                "name": "test_admm_path_coefs",
                "time": 0.001,
                "results": [
                    {
                        "result": "Error",
                        "message": "'LassoADMM' object has no attribute '_preprocess_data'",
                        "type": "AttributeError"
                    }
                ],
                "stdout": null,
                "stderr": null
            },
            {
                "classname": "tests.test_linear_model_admm.TestFusedLassoADMM",
                "name": "test_fused_lasso_alpha",
                "time": 0.002,
                "results": [
                    {
                        "result": "Error",
                        "message": "'FusedLassoADMM' object has no attribute '_preprocess_data'",
                        "type": "AttributeError"
                    }
                ],
                "stdout": null,
                "stderr": null
            },
            {
                "classname": "tests.test_linear_model_admm.TestFusedLassoADMM",
                "name": "test_fused_lasso_coef",
                "time": 0.003,
                "results": [
                    {
                        "result": "Error",
                        "message": "'FusedLassoADMM' object has no attribute '_preprocess_data'",
                        "type": "AttributeError"
                    }
                ],
                "stdout": null,
                "stderr": null
            },
            {
                "classname": "tests.test_linear_model_admm.TestFusedLassoADMM",
                "name": "test_simple_lasso",
                "time": 0.002,
                "results": [
                    {
                        "result": "Error",
                        "message": "'FusedLassoADMM' object has no attribute '_preprocess_data'",
                        "type": "AttributeError"
                    }
                ],
                "stdout": null,
                "stderr": null
            },
            {
                "classname": "tests.test_notebook.TestJupyterNotebook",
                "name": "test_all_notebooks",
                "time": 97.363,
                "results": [
                    {
                        "result": "Error",
                        "message": "name 'logger' is not defined",
                        "type": "NameError"
                    }
                ],
                "stdout": "Run:  ksvd_inpainting.ipynb\nRun:  hmlasso.ipynb\n",
                "stderr": null
            }
        ],
        "stdout": "[18d0ad17-2c1d-4860-bcfc-0323e345c562/ubuntu-latest Python 3.8] \ud83d\ude80  Start image=crawlergpt:latest\n[18d0ad17-2c1d-4860-bcfc-0323e345c562/ubuntu-latest Python 3.8]   \ud83d\udc33  docker pull image=crawlergpt:latest platform= username= forcePull=false\n[18d0ad17-2c1d-4860-bcfc-0323e345c562/ubuntu-latest Python 3.8]   \ud83d\udc33  docker create image=crawlergpt:latest platform= entrypoint=[\"tail\" \"-f\" \"/dev/null\"] cmd=[]\n[18d0ad17-2c1d-4860-bcfc-0323e345c562/ubuntu-latest Python 3.8]   \ud83d\udc33  docker run image=crawlergpt:latest platform= entrypoint=[\"tail\" \"-f\" \"/dev/null\"] cmd=[]\n[18d0ad17-2c1d-4860-bcfc-0323e345c562/ubuntu-latest Python 3.8]   \ud83d\udc33  docker exec cmd=[chown -R 1012:1013 /tmp/ad9c0f7e-1596-11ee-8a50-bb14de238602/hacarus-spm-image] user=0 workdir=\n[18d0ad17-2c1d-4860-bcfc-0323e345c562/ubuntu-latest Python 3.8]   \u2601  git clone 'https://github.com/actions/setup-python' # ref=v2\n[18d0ad17-2c1d-4860-bcfc-0323e345c562/ubuntu-latest Python 3.8]   \u2601  git clone 'https://github.com/actions/cache' # ref=v2\n[18d0ad17-2c1d-4860-bcfc-0323e345c562/ubuntu-latest Python 3.8] \ud83e\uddea  Matrix: map[config:map[os:ubuntu-latest pip:~/.cache/pip] python:3.8]\n[18d0ad17-2c1d-4860-bcfc-0323e345c562/ubuntu-latest Python 3.8] \u2b50 Run Main actions/checkout@v2\n[18d0ad17-2c1d-4860-bcfc-0323e345c562/ubuntu-latest Python 3.8]   \u2705  Success - Main actions/checkout@v2\n[18d0ad17-2c1d-4860-bcfc-0323e345c562/ubuntu-latest Python 3.8] \u2b50 Run Main Setup python\n[18d0ad17-2c1d-4860-bcfc-0323e345c562/ubuntu-latest Python 3.8]   \ud83d\udc33  docker cp src=/tmp/act-cache/811db31b-2eda-447b-a4fb-8c1a1f4fbbf6/act/actions-setup-python@v2/ dst=/var/run/act/actions/actions-setup-python@v2/\n[18d0ad17-2c1d-4860-bcfc-0323e345c562/ubuntu-latest Python 3.8]   \ud83d\udc33  docker exec cmd=[chown -R 1012:1013 /var/run/act/actions/actions-setup-python@v2/] user=0 workdir=\n[18d0ad17-2c1d-4860-bcfc-0323e345c562/ubuntu-latest Python 3.8]   \ud83d\udc33  docker exec cmd=[node /var/run/act/actions/actions-setup-python@v2/dist/setup/index.js] user= workdir=\n[18d0ad17-2c1d-4860-bcfc-0323e345c562/ubuntu-latest Python 3.8]   \ud83d\udcac  ::debug::Semantic version spec of 3.8 is 3.8\n[18d0ad17-2c1d-4860-bcfc-0323e345c562/ubuntu-latest Python 3.8]   \ud83d\udcac  ::debug::isExplicit: \n[18d0ad17-2c1d-4860-bcfc-0323e345c562/ubuntu-latest Python 3.8]   \ud83d\udcac  ::debug::explicit? false\n[18d0ad17-2c1d-4860-bcfc-0323e345c562/ubuntu-latest Python 3.8]   \ud83d\udcac  ::debug::isExplicit: 2.7.18\n[18d0ad17-2c1d-4860-bcfc-0323e345c562/ubuntu-latest Python 3.8]   \ud83d\udcac  ::debug::explicit? true\n[18d0ad17-2c1d-4860-bcfc-0323e345c562/ubuntu-latest Python 3.8]   \ud83d\udcac  ::debug::isExplicit: 3.5.10\n[18d0ad17-2c1d-4860-bcfc-0323e345c562/ubuntu-latest Python 3.8]   \ud83d\udcac  ::debug::explicit? true\n[18d0ad17-2c1d-4860-bcfc-0323e345c562/ubuntu-latest Python 3.8]   \ud83d\udcac  ::debug::isExplicit: 3.6.14\n[18d0ad17-2c1d-4860-bcfc-0323e345c562/ubuntu-latest Python 3.8]   \ud83d\udcac  ::debug::explicit? true\n[18d0ad17-2c1d-4860-bcfc-0323e345c562/ubuntu-latest Python 3.8]   \ud83d\udcac  ::debug::isExplicit: 3.7.11\n[18d0ad17-2c1d-4860-bcfc-0323e345c562/ubuntu-latest Python 3.8]   \ud83d\udcac  ::debug::explicit? true\n[18d0ad17-2c1d-4860-bcfc-0323e345c562/ubuntu-latest Python 3.8]   \ud83d\udcac  ::debug::isExplicit: 3.8.11\n[18d0ad17-2c1d-4860-bcfc-0323e345c562/ubuntu-latest Python 3.8]   \ud83d\udcac  ::debug::explicit? true\n[18d0ad17-2c1d-4860-bcfc-0323e345c562/ubuntu-latest Python 3.8]   \ud83d\udcac  ::debug::isExplicit: 3.9.6\n[18d0ad17-2c1d-4860-bcfc-0323e345c562/ubuntu-latest Python 3.8]   \ud83d\udcac  ::debug::explicit? true\n[18d0ad17-2c1d-4860-bcfc-0323e345c562/ubuntu-latest Python 3.8]   \ud83d\udcac  ::debug::evaluating 6 versions\n[18d0ad17-2c1d-4860-bcfc-0323e345c562/ubuntu-latest Python 3.8]   \ud83d\udcac  ::debug::matched: 3.8.11\n[18d0ad17-2c1d-4860-bcfc-0323e345c562/ubuntu-latest Python 3.8]   \ud83d\udcac  ::debug::checking cache: /opt/hostedtoolcache/Python/3.8.11/x64\n[18d0ad17-2c1d-4860-bcfc-0323e345c562/ubuntu-latest Python 3.8]   \ud83d\udcac  ::debug::Found tool in cache Python 3.8.11 x64\n[18d0ad17-2c1d-4860-bcfc-0323e345c562/ubuntu-latest Python 3.8]   | Successfully setup CPython (3.8.11)\n[18d0ad17-2c1d-4860-bcfc-0323e345c562/ubuntu-latest Python 3.8]   \u2753 add-matcher /run/act/actions/actions-setup-python@v2/.github/python.json\n[18d0ad17-2c1d-4860-bcfc-0323e345c562/ubuntu-latest Python 3.8]   \u2705  Success - Main Setup python\n[18d0ad17-2c1d-4860-bcfc-0323e345c562/ubuntu-latest Python 3.8]   \u2699  ::set-env:: pythonLocation=/opt/hostedtoolcache/Python/3.8.11/x64\n[18d0ad17-2c1d-4860-bcfc-0323e345c562/ubuntu-latest Python 3.8]   \u2699  ::set-env:: LD_LIBRARY_PATH=/opt/hostedtoolcache/Python/3.8.11/x64/lib\n[18d0ad17-2c1d-4860-bcfc-0323e345c562/ubuntu-latest Python 3.8]   \u2699  ::set-output:: python-version=3.8.11\n[18d0ad17-2c1d-4860-bcfc-0323e345c562/ubuntu-latest Python 3.8]   \u2699  ::add-path:: /opt/hostedtoolcache/Python/3.8.11/x64\n[18d0ad17-2c1d-4860-bcfc-0323e345c562/ubuntu-latest Python 3.8]   \u2699  ::add-path:: /opt/hostedtoolcache/Python/3.8.11/x64/bin\n[18d0ad17-2c1d-4860-bcfc-0323e345c562/ubuntu-latest Python 3.8] \u2b50 Run Main Cache\n[18d0ad17-2c1d-4860-bcfc-0323e345c562/ubuntu-latest Python 3.8]   \ud83d\udc33  docker cp src=/tmp/act-cache/811db31b-2eda-447b-a4fb-8c1a1f4fbbf6/act/actions-cache@v2/ dst=/var/run/act/actions/actions-cache@v2/\n[18d0ad17-2c1d-4860-bcfc-0323e345c562/ubuntu-latest Python 3.8]   \ud83d\udc33  docker exec cmd=[chown -R 1012:1013 /var/run/act/actions/actions-cache@v2/] user=0 workdir=\n[18d0ad17-2c1d-4860-bcfc-0323e345c562/ubuntu-latest Python 3.8]   \ud83d\udc33  docker exec cmd=[node /var/run/act/actions/actions-cache@v2/dist/restore/index.js] user= workdir=\n[18d0ad17-2c1d-4860-bcfc-0323e345c562/ubuntu-latest Python 3.8]   \ud83d\udcac  ::debug::Resolved Keys:\n[18d0ad17-2c1d-4860-bcfc-0323e345c562/ubuntu-latest Python 3.8]   \ud83d\udcac  ::debug::[\"Linux-pip-5c386afbaa3100b3fe7b35522854ac0b48a34352c934b52657206ff5b99a7ccb\",\"Linux-pip-\"]\n[18d0ad17-2c1d-4860-bcfc-0323e345c562/ubuntu-latest Python 3.8]   \ud83d\udcac  ::debug::Checking zstd --version\n[18d0ad17-2c1d-4860-bcfc-0323e345c562/ubuntu-latest Python 3.8]   \ud83d\udcac  ::debug::*** zstd command line interface 64-bits v1.5.0, by Yann Collet ***\n[18d0ad17-2c1d-4860-bcfc-0323e345c562/ubuntu-latest Python 3.8]   \ud83d\udcac  ::debug::Resource Url: http://130.242.72.40:44791/_apis/artifactcache/cache?keys=Linux-pip-5c386afbaa3100b3fe7b35522854ac0b48a34352c934b52657206ff5b99a7ccb%252CLinux-pip-&version=2a50607a47f0c27aad98b33e03fa13615fdc9c33dc4fff3945d2d5078a8f7664\n[18d0ad17-2c1d-4860-bcfc-0323e345c562/ubuntu-latest Python 3.8]   | Cache not found for input keys: Linux-pip-5c386afbaa3100b3fe7b35522854ac0b48a34352c934b52657206ff5b99a7ccb, Linux-pip-\n[18d0ad17-2c1d-4860-bcfc-0323e345c562/ubuntu-latest Python 3.8]   \u2705  Success - Main Cache\n[18d0ad17-2c1d-4860-bcfc-0323e345c562/ubuntu-latest Python 3.8] \u2b50 Run Main Install dependencies\n[18d0ad17-2c1d-4860-bcfc-0323e345c562/ubuntu-latest Python 3.8]   \ud83d\udc33  docker exec cmd=[bash --noprofile --norc -e -o pipefail /var/run/act/workflow/3] user= workdir=\n[18d0ad17-2c1d-4860-bcfc-0323e345c562/ubuntu-latest Python 3.8]   | Requirement already satisfied: pip in /opt/hostedtoolcache/Python/3.8.11/x64/lib/python3.8/site-packages (21.2.4)\n[18d0ad17-2c1d-4860-bcfc-0323e345c562/ubuntu-latest Python 3.8]   | Collecting pip\n[18d0ad17-2c1d-4860-bcfc-0323e345c562/ubuntu-latest Python 3.8]   |   Downloading pip-23.1.2-py3-none-any.whl (2.1 MB)\n[18d0ad17-2c1d-4860-bcfc-0323e345c562/ubuntu-latest Python 3.8]   | Installing collected packages: pip\n[18d0ad17-2c1d-4860-bcfc-0323e345c562/ubuntu-latest Python 3.8]   |   Attempting uninstall: pip\n[18d0ad17-2c1d-4860-bcfc-0323e345c562/ubuntu-latest Python 3.8]   |     Found existing installation: pip 21.2.4\n[18d0ad17-2c1d-4860-bcfc-0323e345c562/ubuntu-latest Python 3.8]   |     Uninstalling pip-21.2.4:\n[18d0ad17-2c1d-4860-bcfc-0323e345c562/ubuntu-latest Python 3.8]   |       Successfully uninstalled pip-21.2.4\n[18d0ad17-2c1d-4860-bcfc-0323e345c562/ubuntu-latest Python 3.8]   | Successfully installed pip-23.1.2\n[18d0ad17-2c1d-4860-bcfc-0323e345c562/ubuntu-latest Python 3.8]   | Collecting numpy (from -r requirements.txt (line 1))\n[18d0ad17-2c1d-4860-bcfc-0323e345c562/ubuntu-latest Python 3.8]   |   Downloading numpy-1.24.4-cp38-cp38-manylinux_2_17_x86_64.manylinux2014_x86_64.whl (17.3 MB)\n[18d0ad17-2c1d-4860-bcfc-0323e345c562/ubuntu-latest Python 3.8]   |      \u2501\u2501\u2501\u2501\u2501\u2501\u2501\u2501\u2501\u2501\u2501\u2501\u2501\u2501\u2501\u2501\u2501\u2501\u2501\u2501\u2501\u2501\u2501\u2501\u2501\u2501\u2501\u2501\u2501\u2501\u2501\u2501\u2501\u2501\u2501\u2501\u2501\u2501\u2501\u2501 17.3/17.3 MB 39.0 MB/s eta 0:00:00\n[18d0ad17-2c1d-4860-bcfc-0323e345c562/ubuntu-latest Python 3.8]   | Collecting scipy (from -r requirements.txt (line 2))\n[18d0ad17-2c1d-4860-bcfc-0323e345c562/ubuntu-latest Python 3.8]   |   Downloading scipy-1.10.1-cp38-cp38-manylinux_2_17_x86_64.manylinux2014_x86_64.whl (34.5 MB)\n[18d0ad17-2c1d-4860-bcfc-0323e345c562/ubuntu-latest Python 3.8]   |      \u2501\u2501\u2501\u2501\u2501\u2501\u2501\u2501\u2501\u2501\u2501\u2501\u2501\u2501\u2501\u2501\u2501\u2501\u2501\u2501\u2501\u2501\u2501\u2501\u2501\u2501\u2501\u2501\u2501\u2501\u2501\u2501\u2501\u2501\u2501\u2501\u2501\u2501\u2501\u2501 34.5/34.5 MB 10.4 MB/s eta 0:00:00\n[18d0ad17-2c1d-4860-bcfc-0323e345c562/ubuntu-latest Python 3.8]   | Collecting scikit-learn>=0.24.0 (from -r requirements.txt (line 3))\n[18d0ad17-2c1d-4860-bcfc-0323e345c562/ubuntu-latest Python 3.8]   |   Downloading scikit_learn-1.2.2-cp38-cp38-manylinux_2_17_x86_64.manylinux2014_x86_64.whl (9.8 MB)\n[18d0ad17-2c1d-4860-bcfc-0323e345c562/ubuntu-latest Python 3.8]   |      \u2501\u2501\u2501\u2501\u2501\u2501\u2501\u2501\u2501\u2501\u2501\u2501\u2501\u2501\u2501\u2501\u2501\u2501\u2501\u2501\u2501\u2501\u2501\u2501\u2501\u2501\u2501\u2501\u2501\u2501\u2501\u2501\u2501\u2501\u2501\u2501\u2501\u2501\u2501\u2501 9.8/9.8 MB 12.3 MB/s eta 0:00:00\n[18d0ad17-2c1d-4860-bcfc-0323e345c562/ubuntu-latest Python 3.8]   | Collecting joblib (from -r requirements.txt (line 4))\n[18d0ad17-2c1d-4860-bcfc-0323e345c562/ubuntu-latest Python 3.8]   |   Downloading joblib-1.2.0-py3-none-any.whl (297 kB)\n[18d0ad17-2c1d-4860-bcfc-0323e345c562/ubuntu-latest Python 3.8]   |      \u2501\u2501\u2501\u2501\u2501\u2501\u2501\u2501\u2501\u2501\u2501\u2501\u2501\u2501\u2501\u2501\u2501\u2501\u2501\u2501\u2501\u2501\u2501\u2501\u2501\u2501\u2501\u2501\u2501\u2501\u2501\u2501\u2501\u2501\u2501\u2501\u2501\u2501\u2501 298.0/298.0 kB 2.3 MB/s eta 0:00:00\n[18d0ad17-2c1d-4860-bcfc-0323e345c562/ubuntu-latest Python 3.8]   | Collecting jupyter (from -r examples_requirements.txt (line 2))\n[18d0ad17-2c1d-4860-bcfc-0323e345c562/ubuntu-latest Python 3.8]   |   Downloading jupyter-1.0.0-py2.py3-none-any.whl (2.7 kB)\n[18d0ad17-2c1d-4860-bcfc-0323e345c562/ubuntu-latest Python 3.8]   | Collecting jupyter_contrib_nbextensions (from -r examples_requirements.txt (line 3))\n[18d0ad17-2c1d-4860-bcfc-0323e345c562/ubuntu-latest Python 3.8]   |   Downloading jupyter_contrib_nbextensions-0.7.0.tar.gz (23.5 MB)\n[18d0ad17-2c1d-4860-bcfc-0323e345c562/ubuntu-latest Python 3.8]   |      \u2501\u2501\u2501\u2501\u2501\u2501\u2501\u2501\u2501\u2501\u2501\u2501\u2501\u2501\u2501\u2501\u2501\u2501\u2501\u2501\u2501\u2501\u2501\u2501\u2501\u2501\u2501\u2501\u2501\u2501\u2501\u2501\u2501\u2501\u2501\u2501\u2501\u2501\u2501\u2501 23.5/23.5 MB 11.6 MB/s eta 0:00:00\n[18d0ad17-2c1d-4860-bcfc-0323e345c562/ubuntu-latest Python 3.8]   |   Installing build dependencies: started\n[18d0ad17-2c1d-4860-bcfc-0323e345c562/ubuntu-latest Python 3.8]   |   Installing build dependencies: finished with status 'done'\n[18d0ad17-2c1d-4860-bcfc-0323e345c562/ubuntu-latest Python 3.8]   |   Getting requirements to build wheel: started\n[18d0ad17-2c1d-4860-bcfc-0323e345c562/ubuntu-latest Python 3.8]   |   Getting requirements to build wheel: finished with status 'done'\n[18d0ad17-2c1d-4860-bcfc-0323e345c562/ubuntu-latest Python 3.8]   |   Preparing metadata (pyproject.toml): started\n[18d0ad17-2c1d-4860-bcfc-0323e345c562/ubuntu-latest Python 3.8]   |   Preparing metadata (pyproject.toml): finished with status 'done'\n[18d0ad17-2c1d-4860-bcfc-0323e345c562/ubuntu-latest Python 3.8]   | Collecting scikit-image>=0.18 (from -r examples_requirements.txt (line 4))\n[18d0ad17-2c1d-4860-bcfc-0323e345c562/ubuntu-latest Python 3.8]   |   Downloading scikit_image-0.21.0-cp38-cp38-manylinux_2_17_x86_64.manylinux2014_x86_64.whl (13.9 MB)\n[18d0ad17-2c1d-4860-bcfc-0323e345c562/ubuntu-latest Python 3.8]   |      \u2501\u2501\u2501\u2501\u2501\u2501\u2501\u2501\u2501\u2501\u2501\u2501\u2501\u2501\u2501\u2501\u2501\u2501\u2501\u2501\u2501\u2501\u2501\u2501\u2501\u2501\u2501\u2501\u2501\u2501\u2501\u2501\u2501\u2501\u2501\u2501\u2501\u2501\u2501\u2501 13.9/13.9 MB 25.7 MB/s eta 0:00:00\n[18d0ad17-2c1d-4860-bcfc-0323e345c562/ubuntu-latest Python 3.8]   | Collecting seaborn (from -r examples_requirements.txt (line 5))\n[18d0ad17-2c1d-4860-bcfc-0323e345c562/ubuntu-latest Python 3.8]   |   Downloading seaborn-0.12.2-py3-none-any.whl (293 kB)\n[18d0ad17-2c1d-4860-bcfc-0323e345c562/ubuntu-latest Python 3.8]   |      \u2501\u2501\u2501\u2501\u2501\u2501\u2501\u2501\u2501\u2501\u2501\u2501\u2501\u2501\u2501\u2501\u2501\u2501\u2501\u2501\u2501\u2501\u2501\u2501\u2501\u2501\u2501\u2501\u2501\u2501\u2501\u2501\u2501\u2501\u2501\u2501\u2501\u2501 293.3/293.3 kB 13.5 MB/s eta 0:00:00\n[18d0ad17-2c1d-4860-bcfc-0323e345c562/ubuntu-latest Python 3.8]   | Collecting threadpoolctl>=2.0.0 (from scikit-learn>=0.24.0->-r requirements.txt (line 3))\n[18d0ad17-2c1d-4860-bcfc-0323e345c562/ubuntu-latest Python 3.8]   |   Downloading threadpoolctl-3.1.0-py3-none-any.whl (14 kB)\n[18d0ad17-2c1d-4860-bcfc-0323e345c562/ubuntu-latest Python 3.8]   | Collecting notebook (from jupyter->-r examples_requirements.txt (line 2))\n[18d0ad17-2c1d-4860-bcfc-0323e345c562/ubuntu-latest Python 3.8]   |   Downloading notebook-6.5.4-py3-none-any.whl (529 kB)\n[18d0ad17-2c1d-4860-bcfc-0323e345c562/ubuntu-latest Python 3.8]   |      \u2501\u2501\u2501\u2501\u2501\u2501\u2501\u2501\u2501\u2501\u2501\u2501\u2501\u2501\u2501\u2501\u2501\u2501\u2501\u2501\u2501\u2501\u2501\u2501\u2501\u2501\u2501\u2501\u2501\u2501\u2501\u2501\u2501\u2501\u2501\u2501\u2501\u2501 529.8/529.8 kB 21.5 MB/s eta 0:00:00\n[18d0ad17-2c1d-4860-bcfc-0323e345c562/ubuntu-latest Python 3.8]   | Collecting qtconsole (from jupyter->-r examples_requirements.txt (line 2))\n[18d0ad17-2c1d-4860-bcfc-0323e345c562/ubuntu-latest Python 3.8]   |   Downloading qtconsole-5.4.3-py3-none-any.whl (121 kB)\n[18d0ad17-2c1d-4860-bcfc-0323e345c562/ubuntu-latest Python 3.8]   |      \u2501\u2501\u2501\u2501\u2501\u2501\u2501\u2501\u2501\u2501\u2501\u2501\u2501\u2501\u2501\u2501\u2501\u2501\u2501\u2501\u2501\u2501\u2501\u2501\u2501\u2501\u2501\u2501\u2501\u2501\u2501\u2501\u2501\u2501\u2501\u2501\u2501\u2501\u2501 121.9/121.9 kB 5.5 MB/s eta 0:00:00\n[18d0ad17-2c1d-4860-bcfc-0323e345c562/ubuntu-latest Python 3.8]   | Collecting jupyter-console (from jupyter->-r examples_requirements.txt (line 2))\n[18d0ad17-2c1d-4860-bcfc-0323e345c562/ubuntu-latest Python 3.8]   |   Downloading jupyter_console-6.6.3-py3-none-any.whl (24 kB)\n[18d0ad17-2c1d-4860-bcfc-0323e345c562/ubuntu-latest Python 3.8]   | Collecting nbconvert (from jupyter->-r examples_requirements.txt (line 2))\n[18d0ad17-2c1d-4860-bcfc-0323e345c562/ubuntu-latest Python 3.8]   |   Downloading nbconvert-7.6.0-py3-none-any.whl (290 kB)\n[18d0ad17-2c1d-4860-bcfc-0323e345c562/ubuntu-latest Python 3.8]   |      \u2501\u2501\u2501\u2501\u2501\u2501\u2501\u2501\u2501\u2501\u2501\u2501\u2501\u2501\u2501\u2501\u2501\u2501\u2501\u2501\u2501\u2501\u2501\u2501\u2501\u2501\u2501\u2501\u2501\u2501\u2501\u2501\u2501\u2501\u2501\u2501\u2501\u2501 290.4/290.4 kB 13.7 MB/s eta 0:00:00\n[18d0ad17-2c1d-4860-bcfc-0323e345c562/ubuntu-latest Python 3.8]   | Collecting ipykernel (from jupyter->-r examples_requirements.txt (line 2))\n[18d0ad17-2c1d-4860-bcfc-0323e345c562/ubuntu-latest Python 3.8]   |   Downloading ipykernel-6.23.3-py3-none-any.whl (152 kB)\n[18d0ad17-2c1d-4860-bcfc-0323e345c562/ubuntu-latest Python 3.8]   |      \u2501\u2501\u2501\u2501\u2501\u2501\u2501\u2501\u2501\u2501\u2501\u2501\u2501\u2501\u2501\u2501\u2501\u2501\u2501\u2501\u2501\u2501\u2501\u2501\u2501\u2501\u2501\u2501\u2501\u2501\u2501\u2501\u2501\u2501\u2501\u2501\u2501\u2501\u2501 152.8/152.8 kB 3.1 MB/s eta 0:00:00\n[18d0ad17-2c1d-4860-bcfc-0323e345c562/ubuntu-latest Python 3.8]   | Collecting ipywidgets (from jupyter->-r examples_requirements.txt (line 2))\n[18d0ad17-2c1d-4860-bcfc-0323e345c562/ubuntu-latest Python 3.8]   |   Downloading ipywidgets-8.0.6-py3-none-any.whl (138 kB)\n[18d0ad17-2c1d-4860-bcfc-0323e345c562/ubuntu-latest Python 3.8]   |      \u2501\u2501\u2501\u2501\u2501\u2501\u2501\u2501\u2501\u2501\u2501\u2501\u2501\u2501\u2501\u2501\u2501\u2501\u2501\u2501\u2501\u2501\u2501\u2501\u2501\u2501\u2501\u2501\u2501\u2501\u2501\u2501\u2501\u2501\u2501\u2501\u2501\u2501\u2501 138.3/138.3 kB 1.6 MB/s eta 0:00:00\n[18d0ad17-2c1d-4860-bcfc-0323e345c562/ubuntu-latest Python 3.8]   | Collecting ipython-genutils (from jupyter_contrib_nbextensions->-r examples_requirements.txt (line 3))\n[18d0ad17-2c1d-4860-bcfc-0323e345c562/ubuntu-latest Python 3.8]   |   Downloading ipython_genutils-0.2.0-py2.py3-none-any.whl (26 kB)\n[18d0ad17-2c1d-4860-bcfc-0323e345c562/ubuntu-latest Python 3.8]   | Collecting jupyter-contrib-core>=0.3.3 (from jupyter_contrib_nbextensions->-r examples_requirements.txt (line 3))\n[18d0ad17-2c1d-4860-bcfc-0323e345c562/ubuntu-latest Python 3.8]   |   Downloading jupyter_contrib_core-0.4.2.tar.gz (17 kB)\n[18d0ad17-2c1d-4860-bcfc-0323e345c562/ubuntu-latest Python 3.8]   |   Installing build dependencies: started\n[18d0ad17-2c1d-4860-bcfc-0323e345c562/ubuntu-latest Python 3.8]   |   Installing build dependencies: finished with status 'done'\n[18d0ad17-2c1d-4860-bcfc-0323e345c562/ubuntu-latest Python 3.8]   |   Getting requirements to build wheel: started\n[18d0ad17-2c1d-4860-bcfc-0323e345c562/ubuntu-latest Python 3.8]   |   Getting requirements to build wheel: finished with status 'done'\n[18d0ad17-2c1d-4860-bcfc-0323e345c562/ubuntu-latest Python 3.8]   |   Preparing metadata (pyproject.toml): started\n[18d0ad17-2c1d-4860-bcfc-0323e345c562/ubuntu-latest Python 3.8]   |   Preparing metadata (pyproject.toml): finished with status 'done'\n[18d0ad17-2c1d-4860-bcfc-0323e345c562/ubuntu-latest Python 3.8]   | Collecting jupyter-core (from jupyter_contrib_nbextensions->-r examples_requirements.txt (line 3))\n[18d0ad17-2c1d-4860-bcfc-0323e345c562/ubuntu-latest Python 3.8]   |   Downloading jupyter_core-5.3.1-py3-none-any.whl (93 kB)\n[18d0ad17-2c1d-4860-bcfc-0323e345c562/ubuntu-latest Python 3.8]   |      \u2501\u2501\u2501\u2501\u2501\u2501\u2501\u2501\u2501\u2501\u2501\u2501\u2501\u2501\u2501\u2501\u2501\u2501\u2501\u2501\u2501\u2501\u2501\u2501\u2501\u2501\u2501\u2501\u2501\u2501\u2501\u2501\u2501\u2501\u2501\u2501\u2501\u2501\u2501\u2501 93.7/93.7 kB 2.8 MB/s eta 0:00:00\n[18d0ad17-2c1d-4860-bcfc-0323e345c562/ubuntu-latest Python 3.8]   | Collecting jupyter-highlight-selected-word>=0.1.1 (from jupyter_contrib_nbextensions->-r examples_requirements.txt (line 3))\n[18d0ad17-2c1d-4860-bcfc-0323e345c562/ubuntu-latest Python 3.8]   |   Downloading jupyter_highlight_selected_word-0.2.0-py2.py3-none-any.whl (11 kB)\n[18d0ad17-2c1d-4860-bcfc-0323e345c562/ubuntu-latest Python 3.8]   | Collecting jupyter-nbextensions-configurator>=0.4.0 (from jupyter_contrib_nbextensions->-r examples_requirements.txt (line 3))\n[18d0ad17-2c1d-4860-bcfc-0323e345c562/ubuntu-latest Python 3.8]   |   Downloading jupyter_nbextensions_configurator-0.6.3-py2.py3-none-any.whl (466 kB)\n[18d0ad17-2c1d-4860-bcfc-0323e345c562/ubuntu-latest Python 3.8]   |      \u2501\u2501\u2501\u2501\u2501\u2501\u2501\u2501\u2501\u2501\u2501\u2501\u2501\u2501\u2501\u2501\u2501\u2501\u2501\u2501\u2501\u2501\u2501\u2501\u2501\u2501\u2501\u2501\u2501\u2501\u2501\u2501\u2501\u2501\u2501\u2501\u2501\u2501 466.9/466.9 kB 20.0 MB/s eta 0:00:00\n[18d0ad17-2c1d-4860-bcfc-0323e345c562/ubuntu-latest Python 3.8]   | Collecting tornado (from jupyter_contrib_nbextensions->-r examples_requirements.txt (line 3))\n[18d0ad17-2c1d-4860-bcfc-0323e345c562/ubuntu-latest Python 3.8]   |   Downloading tornado-6.3.2-cp38-abi3-manylinux_2_5_x86_64.manylinux1_x86_64.manylinux_2_17_x86_64.manylinux2014_x86_64.whl (426 kB)\n[18d0ad17-2c1d-4860-bcfc-0323e345c562/ubuntu-latest Python 3.8]   |      \u2501\u2501\u2501\u2501\u2501\u2501\u2501\u2501\u2501\u2501\u2501\u2501\u2501\u2501\u2501\u2501\u2501\u2501\u2501\u2501\u2501\u2501\u2501\u2501\u2501\u2501\u2501\u2501\u2501\u2501\u2501\u2501\u2501\u2501\u2501\u2501\u2501\u2501 426.9/426.9 kB 11.0 MB/s eta 0:00:00\n[18d0ad17-2c1d-4860-bcfc-0323e345c562/ubuntu-latest Python 3.8]   | Collecting traitlets>=4.1 (from jupyter_contrib_nbextensions->-r examples_requirements.txt (line 3))\n[18d0ad17-2c1d-4860-bcfc-0323e345c562/ubuntu-latest Python 3.8]   |   Downloading traitlets-5.9.0-py3-none-any.whl (117 kB)\n[18d0ad17-2c1d-4860-bcfc-0323e345c562/ubuntu-latest Python 3.8]   |      \u2501\u2501\u2501\u2501\u2501\u2501\u2501\u2501\u2501\u2501\u2501\u2501\u2501\u2501\u2501\u2501\u2501\u2501\u2501\u2501\u2501\u2501\u2501\u2501\u2501\u2501\u2501\u2501\u2501\u2501\u2501\u2501\u2501\u2501\u2501\u2501\u2501\u2501\u2501 117.4/117.4 kB 1.9 MB/s eta 0:00:00\n[18d0ad17-2c1d-4860-bcfc-0323e345c562/ubuntu-latest Python 3.8]   | Collecting lxml (from jupyter_contrib_nbextensions->-r examples_requirements.txt (line 3))\n[18d0ad17-2c1d-4860-bcfc-0323e345c562/ubuntu-latest Python 3.8]   |   Downloading lxml-4.9.2-cp38-cp38-manylinux_2_17_x86_64.manylinux2014_x86_64.manylinux_2_24_x86_64.whl (7.1 MB)\n[18d0ad17-2c1d-4860-bcfc-0323e345c562/ubuntu-latest Python 3.8]   |      \u2501\u2501\u2501\u2501\u2501\u2501\u2501\u2501\u2501\u2501\u2501\u2501\u2501\u2501\u2501\u2501\u2501\u2501\u2501\u2501\u2501\u2501\u2501\u2501\u2501\u2501\u2501\u2501\u2501\u2501\u2501\u2501\u2501\u2501\u2501\u2501\u2501\u2501\u2501\u2501 7.1/7.1 MB 16.9 MB/s eta 0:00:00\n[18d0ad17-2c1d-4860-bcfc-0323e345c562/ubuntu-latest Python 3.8]   | Collecting networkx>=2.8 (from scikit-image>=0.18->-r examples_requirements.txt (line 4))\n[18d0ad17-2c1d-4860-bcfc-0323e345c562/ubuntu-latest Python 3.8]   |   Downloading networkx-3.1-py3-none-any.whl (2.1 MB)\n[18d0ad17-2c1d-4860-bcfc-0323e345c562/ubuntu-latest Python 3.8]   |      \u2501\u2501\u2501\u2501\u2501\u2501\u2501\u2501\u2501\u2501\u2501\u2501\u2501\u2501\u2501\u2501\u2501\u2501\u2501\u2501\u2501\u2501\u2501\u2501\u2501\u2501\u2501\u2501\u2501\u2501\u2501\u2501\u2501\u2501\u2501\u2501\u2501\u2501\u2501\u2501 2.1/2.1 MB 10.8 MB/s eta 0:00:00\n[18d0ad17-2c1d-4860-bcfc-0323e345c562/ubuntu-latest Python 3.8]   | Collecting pillow>=9.0.1 (from scikit-image>=0.18->-r examples_requirements.txt (line 4))\n[18d0ad17-2c1d-4860-bcfc-0323e345c562/ubuntu-latest Python 3.8]   |   Downloading Pillow-9.5.0-cp38-cp38-manylinux_2_28_x86_64.whl (3.4 MB)\n[18d0ad17-2c1d-4860-bcfc-0323e345c562/ubuntu-latest Python 3.8]   |      \u2501\u2501\u2501\u2501\u2501\u2501\u2501\u2501\u2501\u2501\u2501\u2501\u2501\u2501\u2501\u2501\u2501\u2501\u2501\u2501\u2501\u2501\u2501\u2501\u2501\u2501\u2501\u2501\u2501\u2501\u2501\u2501\u2501\u2501\u2501\u2501\u2501\u2501\u2501\u2501 3.4/3.4 MB 16.5 MB/s eta 0:00:00\n[18d0ad17-2c1d-4860-bcfc-0323e345c562/ubuntu-latest Python 3.8]   | Collecting imageio>=2.27 (from scikit-image>=0.18->-r examples_requirements.txt (line 4))\n[18d0ad17-2c1d-4860-bcfc-0323e345c562/ubuntu-latest Python 3.8]   |   Downloading imageio-2.31.1-py3-none-any.whl (313 kB)\n[18d0ad17-2c1d-4860-bcfc-0323e345c562/ubuntu-latest Python 3.8]   |      \u2501\u2501\u2501\u2501\u2501\u2501\u2501\u2501\u2501\u2501\u2501\u2501\u2501\u2501\u2501\u2501\u2501\u2501\u2501\u2501\u2501\u2501\u2501\u2501\u2501\u2501\u2501\u2501\u2501\u2501\u2501\u2501\u2501\u2501\u2501\u2501\u2501\u2501\u2501 313.2/313.2 kB 4.1 MB/s eta 0:00:00\n[18d0ad17-2c1d-4860-bcfc-0323e345c562/ubuntu-latest Python 3.8]   | Collecting tifffile>=2022.8.12 (from scikit-image>=0.18->-r examples_requirements.txt (line 4))\n[18d0ad17-2c1d-4860-bcfc-0323e345c562/ubuntu-latest Python 3.8]   |   Downloading tifffile-2023.4.12-py3-none-any.whl (219 kB)\n[18d0ad17-2c1d-4860-bcfc-0323e345c562/ubuntu-latest Python 3.8]   |      \u2501\u2501\u2501\u2501\u2501\u2501\u2501\u2501\u2501\u2501\u2501\u2501\u2501\u2501\u2501\u2501\u2501\u2501\u2501\u2501\u2501\u2501\u2501\u2501\u2501\u2501\u2501\u2501\u2501\u2501\u2501\u2501\u2501\u2501\u2501\u2501\u2501\u2501\u2501 219.4/219.4 kB 2.7 MB/s eta 0:00:00\n[18d0ad17-2c1d-4860-bcfc-0323e345c562/ubuntu-latest Python 3.8]   | Collecting PyWavelets>=1.1.1 (from scikit-image>=0.18->-r examples_requirements.txt (line 4))\n[18d0ad17-2c1d-4860-bcfc-0323e345c562/ubuntu-latest Python 3.8]   |   Downloading PyWavelets-1.4.1-cp38-cp38-manylinux_2_17_x86_64.manylinux2014_x86_64.whl (6.9 MB)\n[18d0ad17-2c1d-4860-bcfc-0323e345c562/ubuntu-latest Python 3.8]   |      \u2501\u2501\u2501\u2501\u2501\u2501\u2501\u2501\u2501\u2501\u2501\u2501\u2501\u2501\u2501\u2501\u2501\u2501\u2501\u2501\u2501\u2501\u2501\u2501\u2501\u2501\u2501\u2501\u2501\u2501\u2501\u2501\u2501\u2501\u2501\u2501\u2501\u2501\u2501\u2501 6.9/6.9 MB 25.1 MB/s eta 0:00:00\n[18d0ad17-2c1d-4860-bcfc-0323e345c562/ubuntu-latest Python 3.8]   | Collecting packaging>=21 (from scikit-image>=0.18->-r examples_requirements.txt (line 4))\n[18d0ad17-2c1d-4860-bcfc-0323e345c562/ubuntu-latest Python 3.8]   |   Downloading packaging-23.1-py3-none-any.whl (48 kB)\n[18d0ad17-2c1d-4860-bcfc-0323e345c562/ubuntu-latest Python 3.8]   |      \u2501\u2501\u2501\u2501\u2501\u2501\u2501\u2501\u2501\u2501\u2501\u2501\u2501\u2501\u2501\u2501\u2501\u2501\u2501\u2501\u2501\u2501\u2501\u2501\u2501\u2501\u2501\u2501\u2501\u2501\u2501\u2501\u2501\u2501\u2501\u2501\u2501\u2501\u2501 48.9/48.9 kB 871.1 kB/s eta 0:00:00\n[18d0ad17-2c1d-4860-bcfc-0323e345c562/ubuntu-latest Python 3.8]   | Collecting lazy_loader>=0.2 (from scikit-image>=0.18->-r examples_requirements.txt (line 4))\n[18d0ad17-2c1d-4860-bcfc-0323e345c562/ubuntu-latest Python 3.8]   |   Downloading lazy_loader-0.2-py3-none-any.whl (8.6 kB)\n[18d0ad17-2c1d-4860-bcfc-0323e345c562/ubuntu-latest Python 3.8]   | Collecting pandas>=0.25 (from seaborn->-r examples_requirements.txt (line 5))\n[18d0ad17-2c1d-4860-bcfc-0323e345c562/ubuntu-latest Python 3.8]   |   Downloading pandas-2.0.2-cp38-cp38-manylinux_2_17_x86_64.manylinux2014_x86_64.whl (12.3 MB)\n[18d0ad17-2c1d-4860-bcfc-0323e345c562/ubuntu-latest Python 3.8]   |      \u2501\u2501\u2501\u2501\u2501\u2501\u2501\u2501\u2501\u2501\u2501\u2501\u2501\u2501\u2501\u2501\u2501\u2501\u2501\u2501\u2501\u2501\u2501\u2501\u2501\u2501\u2501\u2501\u2501\u2501\u2501\u2501\u2501\u2501\u2501\u2501\u2501\u2501\u2501\u2501 12.3/12.3 MB 34.0 MB/s eta 0:00:00\n[18d0ad17-2c1d-4860-bcfc-0323e345c562/ubuntu-latest Python 3.8]   | Collecting matplotlib!=3.6.1,>=3.1 (from seaborn->-r examples_requirements.txt (line 5))\n[18d0ad17-2c1d-4860-bcfc-0323e345c562/ubuntu-latest Python 3.8]   |   Downloading matplotlib-3.7.1-cp38-cp38-manylinux_2_12_x86_64.manylinux2010_x86_64.whl (9.2 MB)\n[18d0ad17-2c1d-4860-bcfc-0323e345c562/ubuntu-latest Python 3.8]   |      \u2501\u2501\u2501\u2501\u2501\u2501\u2501\u2501\u2501\u2501\u2501\u2501\u2501\u2501\u2501\u2501\u2501\u2501\u2501\u2501\u2501\u2501\u2501\u2501\u2501\u2501\u2501\u2501\u2501\u2501\u2501\u2501\u2501\u2501\u2501\u2501\u2501\u2501\u2501\u2501 9.2/9.2 MB 29.2 MB/s eta 0:00:00\n[18d0ad17-2c1d-4860-bcfc-0323e345c562/ubuntu-latest Python 3.8]   | Requirement already satisfied: setuptools in /opt/hostedtoolcache/Python/3.8.11/x64/lib/python3.8/site-packages (from jupyter-contrib-core>=0.3.3->jupyter_contrib_nbextensions->-r examples_requirements.txt (line 3)) (56.0.0)\n[18d0ad17-2c1d-4860-bcfc-0323e345c562/ubuntu-latest Python 3.8]   | Collecting pyyaml (from jupyter-nbextensions-configurator>=0.4.0->jupyter_contrib_nbextensions->-r examples_requirements.txt (line 3))\n[18d0ad17-2c1d-4860-bcfc-0323e345c562/ubuntu-latest Python 3.8]   |   Downloading PyYAML-6.0-cp38-cp38-manylinux_2_5_x86_64.manylinux1_x86_64.manylinux_2_12_x86_64.manylinux2010_x86_64.whl (701 kB)\n[18d0ad17-2c1d-4860-bcfc-0323e345c562/ubuntu-latest Python 3.8]   |      \u2501\u2501\u2501\u2501\u2501\u2501\u2501\u2501\u2501\u2501\u2501\u2501\u2501\u2501\u2501\u2501\u2501\u2501\u2501\u2501\u2501\u2501\u2501\u2501\u2501\u2501\u2501\u2501\u2501\u2501\u2501\u2501\u2501\u2501\u2501\u2501\u2501\u2501\u2501 701.2/701.2 kB 6.5 MB/s eta 0:00:00\n[18d0ad17-2c1d-4860-bcfc-0323e345c562/ubuntu-latest Python 3.8]   | Collecting contourpy>=1.0.1 (from matplotlib!=3.6.1,>=3.1->seaborn->-r examples_requirements.txt (line 5))\n[18d0ad17-2c1d-4860-bcfc-0323e345c562/ubuntu-latest Python 3.8]   |   Downloading contourpy-1.1.0-cp38-cp38-manylinux_2_17_x86_64.manylinux2014_x86_64.whl (300 kB)\n[18d0ad17-2c1d-4860-bcfc-0323e345c562/ubuntu-latest Python 3.8]   |      \u2501\u2501\u2501\u2501\u2501\u2501\u2501\u2501\u2501\u2501\u2501\u2501\u2501\u2501\u2501\u2501\u2501\u2501\u2501\u2501\u2501\u2501\u2501\u2501\u2501\u2501\u2501\u2501\u2501\u2501\u2501\u2501\u2501\u2501\u2501\u2501\u2501\u2501\u2501 300.4/300.4 kB 2.4 MB/s eta 0:00:00\n[18d0ad17-2c1d-4860-bcfc-0323e345c562/ubuntu-latest Python 3.8]   | Collecting cycler>=0.10 (from matplotlib!=3.6.1,>=3.1->seaborn->-r examples_requirements.txt (line 5))\n[18d0ad17-2c1d-4860-bcfc-0323e345c562/ubuntu-latest Python 3.8]   |   Downloading cycler-0.11.0-py3-none-any.whl (6.4 kB)\n[18d0ad17-2c1d-4860-bcfc-0323e345c562/ubuntu-latest Python 3.8]   | Collecting fonttools>=4.22.0 (from matplotlib!=3.6.1,>=3.1->seaborn->-r examples_requirements.txt (line 5))\n[18d0ad17-2c1d-4860-bcfc-0323e345c562/ubuntu-latest Python 3.8]   |   Downloading fonttools-4.40.0-cp38-cp38-manylinux_2_17_x86_64.manylinux2014_x86_64.whl (4.4 MB)\n[18d0ad17-2c1d-4860-bcfc-0323e345c562/ubuntu-latest Python 3.8]   |      \u2501\u2501\u2501\u2501\u2501\u2501\u2501\u2501\u2501\u2501\u2501\u2501\u2501\u2501\u2501\u2501\u2501\u2501\u2501\u2501\u2501\u2501\u2501\u2501\u2501\u2501\u2501\u2501\u2501\u2501\u2501\u2501\u2501\u2501\u2501\u2501\u2501\u2501\u2501\u2501 4.4/4.4 MB 26.6 MB/s eta 0:00:00\n[18d0ad17-2c1d-4860-bcfc-0323e345c562/ubuntu-latest Python 3.8]   | Collecting kiwisolver>=1.0.1 (from matplotlib!=3.6.1,>=3.1->seaborn->-r examples_requirements.txt (line 5))\n[18d0ad17-2c1d-4860-bcfc-0323e345c562/ubuntu-latest Python 3.8]   |   Downloading kiwisolver-1.4.4-cp38-cp38-manylinux_2_5_x86_64.manylinux1_x86_64.whl (1.2 MB)\n[18d0ad17-2c1d-4860-bcfc-0323e345c562/ubuntu-latest Python 3.8]   |      \u2501\u2501\u2501\u2501\u2501\u2501\u2501\u2501\u2501\u2501\u2501\u2501\u2501\u2501\u2501\u2501\u2501\u2501\u2501\u2501\u2501\u2501\u2501\u2501\u2501\u2501\u2501\u2501\u2501\u2501\u2501\u2501\u2501\u2501\u2501\u2501\u2501\u2501\u2501\u2501 1.2/1.2 MB 12.5 MB/s eta 0:00:00\n[18d0ad17-2c1d-4860-bcfc-0323e345c562/ubuntu-latest Python 3.8]   | Collecting pyparsing>=2.3.1 (from matplotlib!=3.6.1,>=3.1->seaborn->-r examples_requirements.txt (line 5))\n[18d0ad17-2c1d-4860-bcfc-0323e345c562/ubuntu-latest Python 3.8]   |   Downloading pyparsing-3.1.0-py3-none-any.whl (102 kB)\n[18d0ad17-2c1d-4860-bcfc-0323e345c562/ubuntu-latest Python 3.8]   |      \u2501\u2501\u2501\u2501\u2501\u2501\u2501\u2501\u2501\u2501\u2501\u2501\u2501\u2501\u2501\u2501\u2501\u2501\u2501\u2501\u2501\u2501\u2501\u2501\u2501\u2501\u2501\u2501\u2501\u2501\u2501\u2501\u2501\u2501\u2501\u2501\u2501\u2501\u2501 102.6/102.6 kB 2.5 MB/s eta 0:00:00\n[18d0ad17-2c1d-4860-bcfc-0323e345c562/ubuntu-latest Python 3.8]   | Collecting python-dateutil>=2.7 (from matplotlib!=3.6.1,>=3.1->seaborn->-r examples_requirements.txt (line 5))\n[18d0ad17-2c1d-4860-bcfc-0323e345c562/ubuntu-latest Python 3.8]   |   Downloading python_dateutil-2.8.2-py2.py3-none-any.whl (247 kB)\n[18d0ad17-2c1d-4860-bcfc-0323e345c562/ubuntu-latest Python 3.8]   |      \u2501\u2501\u2501\u2501\u2501\u2501\u2501\u2501\u2501\u2501\u2501\u2501\u2501\u2501\u2501\u2501\u2501\u2501\u2501\u2501\u2501\u2501\u2501\u2501\u2501\u2501\u2501\u2501\u2501\u2501\u2501\u2501\u2501\u2501\u2501\u2501\u2501\u2501\u2501 247.7/247.7 kB 7.8 MB/s eta 0:00:00\n[18d0ad17-2c1d-4860-bcfc-0323e345c562/ubuntu-latest Python 3.8]   | Collecting importlib-resources>=3.2.0 (from matplotlib!=3.6.1,>=3.1->seaborn->-r examples_requirements.txt (line 5))\n[18d0ad17-2c1d-4860-bcfc-0323e345c562/ubuntu-latest Python 3.8]   |   Downloading importlib_resources-5.12.0-py3-none-any.whl (36 kB)\n[18d0ad17-2c1d-4860-bcfc-0323e345c562/ubuntu-latest Python 3.8]   | Collecting beautifulsoup4 (from nbconvert->jupyter->-r examples_requirements.txt (line 2))\n[18d0ad17-2c1d-4860-bcfc-0323e345c562/ubuntu-latest Python 3.8]   |   Downloading beautifulsoup4-4.12.2-py3-none-any.whl (142 kB)\n[18d0ad17-2c1d-4860-bcfc-0323e345c562/ubuntu-latest Python 3.8]   |      \u2501\u2501\u2501\u2501\u2501\u2501\u2501\u2501\u2501\u2501\u2501\u2501\u2501\u2501\u2501\u2501\u2501\u2501\u2501\u2501\u2501\u2501\u2501\u2501\u2501\u2501\u2501\u2501\u2501\u2501\u2501\u2501\u2501\u2501\u2501\u2501\u2501\u2501 143.0/143.0 kB 21.6 MB/s eta 0:00:00\n[18d0ad17-2c1d-4860-bcfc-0323e345c562/ubuntu-latest Python 3.8]   | Collecting bleach!=5.0.0 (from nbconvert->jupyter->-r examples_requirements.txt (line 2))\n[18d0ad17-2c1d-4860-bcfc-0323e345c562/ubuntu-latest Python 3.8]   |   Downloading bleach-6.0.0-py3-none-any.whl (162 kB)\n[18d0ad17-2c1d-4860-bcfc-0323e345c562/ubuntu-latest Python 3.8]   |      \u2501\u2501\u2501\u2501\u2501\u2501\u2501\u2501\u2501\u2501\u2501\u2501\u2501\u2501\u2501\u2501\u2501\u2501\u2501\u2501\u2501\u2501\u2501\u2501\u2501\u2501\u2501\u2501\u2501\u2501\u2501\u2501\u2501\u2501\u2501\u2501\u2501\u2501\u2501 162.5/162.5 kB 5.2 MB/s eta 0:00:00\n[18d0ad17-2c1d-4860-bcfc-0323e345c562/ubuntu-latest Python 3.8]   | Collecting defusedxml (from nbconvert->jupyter->-r examples_requirements.txt (line 2))\n[18d0ad17-2c1d-4860-bcfc-0323e345c562/ubuntu-latest Python 3.8]   |   Downloading defusedxml-0.7.1-py2.py3-none-any.whl (25 kB)\n[18d0ad17-2c1d-4860-bcfc-0323e345c562/ubuntu-latest Python 3.8]   | Collecting importlib-metadata>=3.6 (from nbconvert->jupyter->-r examples_requirements.txt (line 2))\n[18d0ad17-2c1d-4860-bcfc-0323e345c562/ubuntu-latest Python 3.8]   |   Downloading importlib_metadata-6.7.0-py3-none-any.whl (22 kB)\n[18d0ad17-2c1d-4860-bcfc-0323e345c562/ubuntu-latest Python 3.8]   | Collecting jinja2>=3.0 (from nbconvert->jupyter->-r examples_requirements.txt (line 2))\n[18d0ad17-2c1d-4860-bcfc-0323e345c562/ubuntu-latest Python 3.8]   |   Downloading Jinja2-3.1.2-py3-none-any.whl (133 kB)\n[18d0ad17-2c1d-4860-bcfc-0323e345c562/ubuntu-latest Python 3.8]   |      \u2501\u2501\u2501\u2501\u2501\u2501\u2501\u2501\u2501\u2501\u2501\u2501\u2501\u2501\u2501\u2501\u2501\u2501\u2501\u2501\u2501\u2501\u2501\u2501\u2501\u2501\u2501\u2501\u2501\u2501\u2501\u2501\u2501\u2501\u2501\u2501\u2501\u2501\u2501 133.1/133.1 kB 3.1 MB/s eta 0:00:00\n[18d0ad17-2c1d-4860-bcfc-0323e345c562/ubuntu-latest Python 3.8]   | Collecting jupyterlab-pygments (from nbconvert->jupyter->-r examples_requirements.txt (line 2))\n[18d0ad17-2c1d-4860-bcfc-0323e345c562/ubuntu-latest Python 3.8]   |   Downloading jupyterlab_pygments-0.2.2-py2.py3-none-any.whl (21 kB)\n[18d0ad17-2c1d-4860-bcfc-0323e345c562/ubuntu-latest Python 3.8]   | Collecting markupsafe>=2.0 (from nbconvert->jupyter->-r examples_requirements.txt (line 2))\n[18d0ad17-2c1d-4860-bcfc-0323e345c562/ubuntu-latest Python 3.8]   |   Downloading MarkupSafe-2.1.3-cp38-cp38-manylinux_2_17_x86_64.manylinux2014_x86_64.whl (25 kB)\n[18d0ad17-2c1d-4860-bcfc-0323e345c562/ubuntu-latest Python 3.8]   | Collecting mistune<4,>=2.0.3 (from nbconvert->jupyter->-r examples_requirements.txt (line 2))\n[18d0ad17-2c1d-4860-bcfc-0323e345c562/ubuntu-latest Python 3.8]   |   Downloading mistune-3.0.1-py3-none-any.whl (47 kB)\n[18d0ad17-2c1d-4860-bcfc-0323e345c562/ubuntu-latest Python 3.8]   |      \u2501\u2501\u2501\u2501\u2501\u2501\u2501\u2501\u2501\u2501\u2501\u2501\u2501\u2501\u2501\u2501\u2501\u2501\u2501\u2501\u2501\u2501\u2501\u2501\u2501\u2501\u2501\u2501\u2501\u2501\u2501\u2501\u2501\u2501\u2501\u2501\u2501\u2501\u2501 48.0/48.0 kB 620.9 kB/s eta 0:00:00\n[18d0ad17-2c1d-4860-bcfc-0323e345c562/ubuntu-latest Python 3.8]   | Collecting nbclient>=0.5.0 (from nbconvert->jupyter->-r examples_requirements.txt (line 2))\n[18d0ad17-2c1d-4860-bcfc-0323e345c562/ubuntu-latest Python 3.8]   |   Downloading nbclient-0.8.0-py3-none-any.whl (73 kB)\n[18d0ad17-2c1d-4860-bcfc-0323e345c562/ubuntu-latest Python 3.8]   |      \u2501\u2501\u2501\u2501\u2501\u2501\u2501\u2501\u2501\u2501\u2501\u2501\u2501\u2501\u2501\u2501\u2501\u2501\u2501\u2501\u2501\u2501\u2501\u2501\u2501\u2501\u2501\u2501\u2501\u2501\u2501\u2501\u2501\u2501\u2501\u2501\u2501\u2501\u2501\u2501 73.1/73.1 kB 1.8 MB/s eta 0:00:00\n[18d0ad17-2c1d-4860-bcfc-0323e345c562/ubuntu-latest Python 3.8]   | Collecting nbformat>=5.7 (from nbconvert->jupyter->-r examples_requirements.txt (line 2))\n[18d0ad17-2c1d-4860-bcfc-0323e345c562/ubuntu-latest Python 3.8]   |   Downloading nbformat-5.9.0-py3-none-any.whl (77 kB)\n[18d0ad17-2c1d-4860-bcfc-0323e345c562/ubuntu-latest Python 3.8]   |      \u2501\u2501\u2501\u2501\u2501\u2501\u2501\u2501\u2501\u2501\u2501\u2501\u2501\u2501\u2501\u2501\u2501\u2501\u2501\u2501\u2501\u2501\u2501\u2501\u2501\u2501\u2501\u2501\u2501\u2501\u2501\u2501\u2501\u2501\u2501\u2501\u2501\u2501\u2501\u2501 77.6/77.6 kB 1.9 MB/s eta 0:00:00\n[18d0ad17-2c1d-4860-bcfc-0323e345c562/ubuntu-latest Python 3.8]   | Collecting pandocfilters>=1.4.1 (from nbconvert->jupyter->-r examples_requirements.txt (line 2))\n[18d0ad17-2c1d-4860-bcfc-0323e345c562/ubuntu-latest Python 3.8]   |   Downloading pandocfilters-1.5.0-py2.py3-none-any.whl (8.7 kB)\n[18d0ad17-2c1d-4860-bcfc-0323e345c562/ubuntu-latest Python 3.8]   | Collecting pygments>=2.4.1 (from nbconvert->jupyter->-r examples_requirements.txt (line 2))\n[18d0ad17-2c1d-4860-bcfc-0323e345c562/ubuntu-latest Python 3.8]   |   Downloading Pygments-2.15.1-py3-none-any.whl (1.1 MB)\n[18d0ad17-2c1d-4860-bcfc-0323e345c562/ubuntu-latest Python 3.8]   |      \u2501\u2501\u2501\u2501\u2501\u2501\u2501\u2501\u2501\u2501\u2501\u2501\u2501\u2501\u2501\u2501\u2501\u2501\u2501\u2501\u2501\u2501\u2501\u2501\u2501\u2501\u2501\u2501\u2501\u2501\u2501\u2501\u2501\u2501\u2501\u2501\u2501\u2501\u2501\u2501 1.1/1.1 MB 10.0 MB/s eta 0:00:00\n[18d0ad17-2c1d-4860-bcfc-0323e345c562/ubuntu-latest Python 3.8]   | Collecting tinycss2 (from nbconvert->jupyter->-r examples_requirements.txt (line 2))\n[18d0ad17-2c1d-4860-bcfc-0323e345c562/ubuntu-latest Python 3.8]   |   Downloading tinycss2-1.2.1-py3-none-any.whl (21 kB)\n[18d0ad17-2c1d-4860-bcfc-0323e345c562/ubuntu-latest Python 3.8]   | Collecting platformdirs>=2.5 (from jupyter-core->jupyter_contrib_nbextensions->-r examples_requirements.txt (line 3))\n[18d0ad17-2c1d-4860-bcfc-0323e345c562/ubuntu-latest Python 3.8]   |   Downloading platformdirs-3.8.0-py3-none-any.whl (16 kB)\n[18d0ad17-2c1d-4860-bcfc-0323e345c562/ubuntu-latest Python 3.8]   | Collecting pyzmq>=17 (from notebook->jupyter->-r examples_requirements.txt (line 2))\n[18d0ad17-2c1d-4860-bcfc-0323e345c562/ubuntu-latest Python 3.8]   |   Downloading pyzmq-25.1.0-cp38-cp38-manylinux_2_12_x86_64.manylinux2010_x86_64.whl (1.1 MB)\n[18d0ad17-2c1d-4860-bcfc-0323e345c562/ubuntu-latest Python 3.8]   |      \u2501\u2501\u2501\u2501\u2501\u2501\u2501\u2501\u2501\u2501\u2501\u2501\u2501\u2501\u2501\u2501\u2501\u2501\u2501\u2501\u2501\u2501\u2501\u2501\u2501\u2501\u2501\u2501\u2501\u2501\u2501\u2501\u2501\u2501\u2501\u2501\u2501\u2501\u2501\u2501 1.1/1.1 MB 16.8 MB/s eta 0:00:00\n[18d0ad17-2c1d-4860-bcfc-0323e345c562/ubuntu-latest Python 3.8]   | Collecting argon2-cffi (from notebook->jupyter->-r examples_requirements.txt (line 2))\n[18d0ad17-2c1d-4860-bcfc-0323e345c562/ubuntu-latest Python 3.8]   |   Downloading argon2_cffi-21.3.0-py3-none-any.whl (14 kB)\n[18d0ad17-2c1d-4860-bcfc-0323e345c562/ubuntu-latest Python 3.8]   | Collecting jupyter-client>=5.3.4 (from notebook->jupyter->-r examples_requirements.txt (line 2))\n[18d0ad17-2c1d-4860-bcfc-0323e345c562/ubuntu-latest Python 3.8]   |   Downloading jupyter_client-8.3.0-py3-none-any.whl (103 kB)\n[18d0ad17-2c1d-4860-bcfc-0323e345c562/ubuntu-latest Python 3.8]   |      \u2501\u2501\u2501\u2501\u2501\u2501\u2501\u2501\u2501\u2501\u2501\u2501\u2501\u2501\u2501\u2501\u2501\u2501\u2501\u2501\u2501\u2501\u2501\u2501\u2501\u2501\u2501\u2501\u2501\u2501\u2501\u2501\u2501\u2501\u2501\u2501\u2501 103.2/103.2 kB 722.8 kB/s eta 0:00:00\n[18d0ad17-2c1d-4860-bcfc-0323e345c562/ubuntu-latest Python 3.8]   | Collecting nest-asyncio>=1.5 (from notebook->jupyter->-r examples_requirements.txt (line 2))\n[18d0ad17-2c1d-4860-bcfc-0323e345c562/ubuntu-latest Python 3.8]   |   Downloading nest_asyncio-1.5.6-py3-none-any.whl (5.2 kB)\n[18d0ad17-2c1d-4860-bcfc-0323e345c562/ubuntu-latest Python 3.8]   | Collecting Send2Trash>=1.8.0 (from notebook->jupyter->-r examples_requirements.txt (line 2))\n[18d0ad17-2c1d-4860-bcfc-0323e345c562/ubuntu-latest Python 3.8]   |   Downloading Send2Trash-1.8.2-py3-none-any.whl (18 kB)\n[18d0ad17-2c1d-4860-bcfc-0323e345c562/ubuntu-latest Python 3.8]   | Collecting terminado>=0.8.3 (from notebook->jupyter->-r examples_requirements.txt (line 2))\n[18d0ad17-2c1d-4860-bcfc-0323e345c562/ubuntu-latest Python 3.8]   |   Downloading terminado-0.17.1-py3-none-any.whl (17 kB)\n[18d0ad17-2c1d-4860-bcfc-0323e345c562/ubuntu-latest Python 3.8]   | Collecting prometheus-client (from notebook->jupyter->-r examples_requirements.txt (line 2))\n[18d0ad17-2c1d-4860-bcfc-0323e345c562/ubuntu-latest Python 3.8]   |   Downloading prometheus_client-0.17.0-py3-none-any.whl (60 kB)\n[18d0ad17-2c1d-4860-bcfc-0323e345c562/ubuntu-latest Python 3.8]   |      \u2501\u2501\u2501\u2501\u2501\u2501\u2501\u2501\u2501\u2501\u2501\u2501\u2501\u2501\u2501\u2501\u2501\u2501\u2501\u2501\u2501\u2501\u2501\u2501\u2501\u2501\u2501\u2501\u2501\u2501\u2501\u2501\u2501\u2501\u2501\u2501\u2501\u2501\u2501 60.6/60.6 kB 705.0 kB/s eta 0:00:00\n[18d0ad17-2c1d-4860-bcfc-0323e345c562/ubuntu-latest Python 3.8]   | Collecting nbclassic>=0.4.7 (from notebook->jupyter->-r examples_requirements.txt (line 2))\n[18d0ad17-2c1d-4860-bcfc-0323e345c562/ubuntu-latest Python 3.8]   |   Downloading nbclassic-1.0.0-py3-none-any.whl (10.0 MB)\n[18d0ad17-2c1d-4860-bcfc-0323e345c562/ubuntu-latest Python 3.8]   |      \u2501\u2501\u2501\u2501\u2501\u2501\u2501\u2501\u2501\u2501\u2501\u2501\u2501\u2501\u2501\u2501\u2501\u2501\u2501\u2501\u2501\u2501\u2501\u2501\u2501\u2501\u2501\u2501\u2501\u2501\u2501\u2501\u2501\u2501\u2501\u2501\u2501\u2501\u2501\u2501 10.0/10.0 MB 42.0 MB/s eta 0:00:00\n[18d0ad17-2c1d-4860-bcfc-0323e345c562/ubuntu-latest Python 3.8]   | Collecting pytz>=2020.1 (from pandas>=0.25->seaborn->-r examples_requirements.txt (line 5))\n[18d0ad17-2c1d-4860-bcfc-0323e345c562/ubuntu-latest Python 3.8]   |   Downloading pytz-2023.3-py2.py3-none-any.whl (502 kB)\n[18d0ad17-2c1d-4860-bcfc-0323e345c562/ubuntu-latest Python 3.8]   |      \u2501\u2501\u2501\u2501\u2501\u2501\u2501\u2501\u2501\u2501\u2501\u2501\u2501\u2501\u2501\u2501\u2501\u2501\u2501\u2501\u2501\u2501\u2501\u2501\u2501\u2501\u2501\u2501\u2501\u2501\u2501\u2501\u2501\u2501\u2501\u2501\u2501\u2501 502.3/502.3 kB 13.2 MB/s eta 0:00:00\n[18d0ad17-2c1d-4860-bcfc-0323e345c562/ubuntu-latest Python 3.8]   | Collecting tzdata>=2022.1 (from pandas>=0.25->seaborn->-r examples_requirements.txt (line 5))\n[18d0ad17-2c1d-4860-bcfc-0323e345c562/ubuntu-latest Python 3.8]   |   Downloading tzdata-2023.3-py2.py3-none-any.whl (341 kB)\n[18d0ad17-2c1d-4860-bcfc-0323e345c562/ubuntu-latest Python 3.8]   |      \u2501\u2501\u2501\u2501\u2501\u2501\u2501\u2501\u2501\u2501\u2501\u2501\u2501\u2501\u2501\u2501\u2501\u2501\u2501\u2501\u2501\u2501\u2501\u2501\u2501\u2501\u2501\u2501\u2501\u2501\u2501\u2501\u2501\u2501\u2501\u2501\u2501\u2501 341.8/341.8 kB 13.6 MB/s eta 0:00:00\n[18d0ad17-2c1d-4860-bcfc-0323e345c562/ubuntu-latest Python 3.8]   | Collecting comm>=0.1.1 (from ipykernel->jupyter->-r examples_requirements.txt (line 2))\n[18d0ad17-2c1d-4860-bcfc-0323e345c562/ubuntu-latest Python 3.8]   |   Downloading comm-0.1.3-py3-none-any.whl (6.6 kB)\n[18d0ad17-2c1d-4860-bcfc-0323e345c562/ubuntu-latest Python 3.8]   | Collecting debugpy>=1.6.5 (from ipykernel->jupyter->-r examples_requirements.txt (line 2))\n[18d0ad17-2c1d-4860-bcfc-0323e345c562/ubuntu-latest Python 3.8]   |   Downloading debugpy-1.6.7-cp38-cp38-manylinux_2_17_x86_64.manylinux2014_x86_64.whl (3.1 MB)\n[18d0ad17-2c1d-4860-bcfc-0323e345c562/ubuntu-latest Python 3.8]   |      \u2501\u2501\u2501\u2501\u2501\u2501\u2501\u2501\u2501\u2501\u2501\u2501\u2501\u2501\u2501\u2501\u2501\u2501\u2501\u2501\u2501\u2501\u2501\u2501\u2501\u2501\u2501\u2501\u2501\u2501\u2501\u2501\u2501\u2501\u2501\u2501\u2501\u2501\u2501\u2501 3.1/3.1 MB 36.6 MB/s eta 0:00:00\n[18d0ad17-2c1d-4860-bcfc-0323e345c562/ubuntu-latest Python 3.8]   | Collecting ipython>=7.23.1 (from ipykernel->jupyter->-r examples_requirements.txt (line 2))\n[18d0ad17-2c1d-4860-bcfc-0323e345c562/ubuntu-latest Python 3.8]   |   Downloading ipython-8.12.2-py3-none-any.whl (797 kB)\n[18d0ad17-2c1d-4860-bcfc-0323e345c562/ubuntu-latest Python 3.8]   |      \u2501\u2501\u2501\u2501\u2501\u2501\u2501\u2501\u2501\u2501\u2501\u2501\u2501\u2501\u2501\u2501\u2501\u2501\u2501\u2501\u2501\u2501\u2501\u2501\u2501\u2501\u2501\u2501\u2501\u2501\u2501\u2501\u2501\u2501\u2501\u2501\u2501\u2501 797.8/797.8 kB 10.8 MB/s eta 0:00:00\n[18d0ad17-2c1d-4860-bcfc-0323e345c562/ubuntu-latest Python 3.8]   | Collecting matplotlib-inline>=0.1 (from ipykernel->jupyter->-r examples_requirements.txt (line 2))\n[18d0ad17-2c1d-4860-bcfc-0323e345c562/ubuntu-latest Python 3.8]   |   Downloading matplotlib_inline-0.1.6-py3-none-any.whl (9.4 kB)\n[18d0ad17-2c1d-4860-bcfc-0323e345c562/ubuntu-latest Python 3.8]   | Collecting psutil (from ipykernel->jupyter->-r examples_requirements.txt (line 2))\n[18d0ad17-2c1d-4860-bcfc-0323e345c562/ubuntu-latest Python 3.8]   |   Downloading psutil-5.9.5-cp36-abi3-manylinux_2_12_x86_64.manylinux2010_x86_64.manylinux_2_17_x86_64.manylinux2014_x86_64.whl (282 kB)\n[18d0ad17-2c1d-4860-bcfc-0323e345c562/ubuntu-latest Python 3.8]   |      \u2501\u2501\u2501\u2501\u2501\u2501\u2501\u2501\u2501\u2501\u2501\u2501\u2501\u2501\u2501\u2501\u2501\u2501\u2501\u2501\u2501\u2501\u2501\u2501\u2501\u2501\u2501\u2501\u2501\u2501\u2501\u2501\u2501\u2501\u2501\u2501\u2501\u2501 282.1/282.1 kB 12.9 MB/s eta 0:00:00\n[18d0ad17-2c1d-4860-bcfc-0323e345c562/ubuntu-latest Python 3.8]   | Collecting widgetsnbextension~=4.0.7 (from ipywidgets->jupyter->-r examples_requirements.txt (line 2))\n[18d0ad17-2c1d-4860-bcfc-0323e345c562/ubuntu-latest Python 3.8]   |   Downloading widgetsnbextension-4.0.7-py3-none-any.whl (2.1 MB)\n[18d0ad17-2c1d-4860-bcfc-0323e345c562/ubuntu-latest Python 3.8]   |      \u2501\u2501\u2501\u2501\u2501\u2501\u2501\u2501\u2501\u2501\u2501\u2501\u2501\u2501\u2501\u2501\u2501\u2501\u2501\u2501\u2501\u2501\u2501\u2501\u2501\u2501\u2501\u2501\u2501\u2501\u2501\u2501\u2501\u2501\u2501\u2501\u2501\u2501\u2501\u2501 2.1/2.1 MB 30.5 MB/s eta 0:00:00\n[18d0ad17-2c1d-4860-bcfc-0323e345c562/ubuntu-latest Python 3.8]   | Collecting jupyterlab-widgets~=3.0.7 (from ipywidgets->jupyter->-r examples_requirements.txt (line 2))\n[18d0ad17-2c1d-4860-bcfc-0323e345c562/ubuntu-latest Python 3.8]   |   Downloading jupyterlab_widgets-3.0.7-py3-none-any.whl (198 kB)\n[18d0ad17-2c1d-4860-bcfc-0323e345c562/ubuntu-latest Python 3.8]   |      \u2501\u2501\u2501\u2501\u2501\u2501\u2501\u2501\u2501\u2501\u2501\u2501\u2501\u2501\u2501\u2501\u2501\u2501\u2501\u2501\u2501\u2501\u2501\u2501\u2501\u2501\u2501\u2501\u2501\u2501\u2501\u2501\u2501\u2501\u2501\u2501\u2501\u2501\u2501 198.2/198.2 kB 4.2 MB/s eta 0:00:00\n[18d0ad17-2c1d-4860-bcfc-0323e345c562/ubuntu-latest Python 3.8]   | Collecting prompt-toolkit>=3.0.30 (from jupyter-console->jupyter->-r examples_requirements.txt (line 2))\n[18d0ad17-2c1d-4860-bcfc-0323e345c562/ubuntu-latest Python 3.8]   |   Downloading prompt_toolkit-3.0.38-py3-none-any.whl (385 kB)\n[18d0ad17-2c1d-4860-bcfc-0323e345c562/ubuntu-latest Python 3.8]   |      \u2501\u2501\u2501\u2501\u2501\u2501\u2501\u2501\u2501\u2501\u2501\u2501\u2501\u2501\u2501\u2501\u2501\u2501\u2501\u2501\u2501\u2501\u2501\u2501\u2501\u2501\u2501\u2501\u2501\u2501\u2501\u2501\u2501\u2501\u2501\u2501\u2501\u2501\u2501 385.8/385.8 kB 2.9 MB/s eta 0:00:00\n[18d0ad17-2c1d-4860-bcfc-0323e345c562/ubuntu-latest Python 3.8]   | Collecting qtpy>=2.0.1 (from qtconsole->jupyter->-r examples_requirements.txt (line 2))\n[18d0ad17-2c1d-4860-bcfc-0323e345c562/ubuntu-latest Python 3.8]   |   Downloading QtPy-2.3.1-py3-none-any.whl (84 kB)\n[18d0ad17-2c1d-4860-bcfc-0323e345c562/ubuntu-latest Python 3.8]   |      \u2501\u2501\u2501\u2501\u2501\u2501\u2501\u2501\u2501\u2501\u2501\u2501\u2501\u2501\u2501\u2501\u2501\u2501\u2501\u2501\u2501\u2501\u2501\u2501\u2501\u2501\u2501\u2501\u2501\u2501\u2501\u2501\u2501\u2501\u2501\u2501\u2501\u2501\u2501 84.9/84.9 kB 608.8 kB/s eta 0:00:00\n[18d0ad17-2c1d-4860-bcfc-0323e345c562/ubuntu-latest Python 3.8]   | Collecting six>=1.9.0 (from bleach!=5.0.0->nbconvert->jupyter->-r examples_requirements.txt (line 2))\n[18d0ad17-2c1d-4860-bcfc-0323e345c562/ubuntu-latest Python 3.8]   |   Downloading six-1.16.0-py2.py3-none-any.whl (11 kB)\n[18d0ad17-2c1d-4860-bcfc-0323e345c562/ubuntu-latest Python 3.8]   | Collecting webencodings (from bleach!=5.0.0->nbconvert->jupyter->-r examples_requirements.txt (line 2))\n[18d0ad17-2c1d-4860-bcfc-0323e345c562/ubuntu-latest Python 3.8]   |   Downloading webencodings-0.5.1-py2.py3-none-any.whl (11 kB)\n[18d0ad17-2c1d-4860-bcfc-0323e345c562/ubuntu-latest Python 3.8]   | Collecting zipp>=0.5 (from importlib-metadata>=3.6->nbconvert->jupyter->-r examples_requirements.txt (line 2))\n[18d0ad17-2c1d-4860-bcfc-0323e345c562/ubuntu-latest Python 3.8]   |   Downloading zipp-3.15.0-py3-none-any.whl (6.8 kB)\n[18d0ad17-2c1d-4860-bcfc-0323e345c562/ubuntu-latest Python 3.8]   | Collecting backcall (from ipython>=7.23.1->ipykernel->jupyter->-r examples_requirements.txt (line 2))\n[18d0ad17-2c1d-4860-bcfc-0323e345c562/ubuntu-latest Python 3.8]   |   Downloading backcall-0.2.0-py2.py3-none-any.whl (11 kB)\n[18d0ad17-2c1d-4860-bcfc-0323e345c562/ubuntu-latest Python 3.8]   | Collecting decorator (from ipython>=7.23.1->ipykernel->jupyter->-r examples_requirements.txt (line 2))\n[18d0ad17-2c1d-4860-bcfc-0323e345c562/ubuntu-latest Python 3.8]   |   Downloading decorator-5.1.1-py3-none-any.whl (9.1 kB)\n[18d0ad17-2c1d-4860-bcfc-0323e345c562/ubuntu-latest Python 3.8]   | Collecting jedi>=0.16 (from ipython>=7.23.1->ipykernel->jupyter->-r examples_requirements.txt (line 2))\n[18d0ad17-2c1d-4860-bcfc-0323e345c562/ubuntu-latest Python 3.8]   |   Downloading jedi-0.18.2-py2.py3-none-any.whl (1.6 MB)\n[18d0ad17-2c1d-4860-bcfc-0323e345c562/ubuntu-latest Python 3.8]   |      \u2501\u2501\u2501\u2501\u2501\u2501\u2501\u2501\u2501\u2501\u2501\u2501\u2501\u2501\u2501\u2501\u2501\u2501\u2501\u2501\u2501\u2501\u2501\u2501\u2501\u2501\u2501\u2501\u2501\u2501\u2501\u2501\u2501\u2501\u2501\u2501\u2501\u2501\u2501\u2501 1.6/1.6 MB 18.0 MB/s eta 0:00:00\n[18d0ad17-2c1d-4860-bcfc-0323e345c562/ubuntu-latest Python 3.8]   | Collecting pickleshare (from ipython>=7.23.1->ipykernel->jupyter->-r examples_requirements.txt (line 2))\n[18d0ad17-2c1d-4860-bcfc-0323e345c562/ubuntu-latest Python 3.8]   |   Downloading pickleshare-0.7.5-py2.py3-none-any.whl (6.9 kB)\n[18d0ad17-2c1d-4860-bcfc-0323e345c562/ubuntu-latest Python 3.8]   | Collecting stack-data (from ipython>=7.23.1->ipykernel->jupyter->-r examples_requirements.txt (line 2))\n[18d0ad17-2c1d-4860-bcfc-0323e345c562/ubuntu-latest Python 3.8]   |   Downloading stack_data-0.6.2-py3-none-any.whl (24 kB)\n[18d0ad17-2c1d-4860-bcfc-0323e345c562/ubuntu-latest Python 3.8]   | Collecting typing-extensions (from ipython>=7.23.1->ipykernel->jupyter->-r examples_requirements.txt (line 2))\n[18d0ad17-2c1d-4860-bcfc-0323e345c562/ubuntu-latest Python 3.8]   |   Downloading typing_extensions-4.6.3-py3-none-any.whl (31 kB)\n[18d0ad17-2c1d-4860-bcfc-0323e345c562/ubuntu-latest Python 3.8]   | Collecting pexpect>4.3 (from ipython>=7.23.1->ipykernel->jupyter->-r examples_requirements.txt (line 2))\n[18d0ad17-2c1d-4860-bcfc-0323e345c562/ubuntu-latest Python 3.8]   |   Downloading pexpect-4.8.0-py2.py3-none-any.whl (59 kB)\n[18d0ad17-2c1d-4860-bcfc-0323e345c562/ubuntu-latest Python 3.8]   |      \u2501\u2501\u2501\u2501\u2501\u2501\u2501\u2501\u2501\u2501\u2501\u2501\u2501\u2501\u2501\u2501\u2501\u2501\u2501\u2501\u2501\u2501\u2501\u2501\u2501\u2501\u2501\u2501\u2501\u2501\u2501\u2501\u2501\u2501\u2501\u2501\u2501\u2501\u2501 59.0/59.0 kB 450.1 kB/s eta 0:00:00\n[18d0ad17-2c1d-4860-bcfc-0323e345c562/ubuntu-latest Python 3.8]   | Collecting jupyter-server>=1.8 (from nbclassic>=0.4.7->notebook->jupyter->-r examples_requirements.txt (line 2))\n[18d0ad17-2c1d-4860-bcfc-0323e345c562/ubuntu-latest Python 3.8]   |   Downloading jupyter_server-2.7.0-py3-none-any.whl (375 kB)\n[18d0ad17-2c1d-4860-bcfc-0323e345c562/ubuntu-latest Python 3.8]   |      \u2501\u2501\u2501\u2501\u2501\u2501\u2501\u2501\u2501\u2501\u2501\u2501\u2501\u2501\u2501\u2501\u2501\u2501\u2501\u2501\u2501\u2501\u2501\u2501\u2501\u2501\u2501\u2501\u2501\u2501\u2501\u2501\u2501\u2501\u2501\u2501\u2501\u2501 375.1/375.1 kB 30.3 MB/s eta 0:00:00\n[18d0ad17-2c1d-4860-bcfc-0323e345c562/ubuntu-latest Python 3.8]   | Collecting notebook-shim>=0.2.3 (from nbclassic>=0.4.7->notebook->jupyter->-r examples_requirements.txt (line 2))\n[18d0ad17-2c1d-4860-bcfc-0323e345c562/ubuntu-latest Python 3.8]   |   Downloading notebook_shim-0.2.3-py3-none-any.whl (13 kB)\n[18d0ad17-2c1d-4860-bcfc-0323e345c562/ubuntu-latest Python 3.8]   | Collecting fastjsonschema (from nbformat>=5.7->nbconvert->jupyter->-r examples_requirements.txt (line 2))\n[18d0ad17-2c1d-4860-bcfc-0323e345c562/ubuntu-latest Python 3.8]   |   Downloading fastjsonschema-2.17.1-py3-none-any.whl (23 kB)\n[18d0ad17-2c1d-4860-bcfc-0323e345c562/ubuntu-latest Python 3.8]   | Collecting jsonschema>=2.6 (from nbformat>=5.7->nbconvert->jupyter->-r examples_requirements.txt (line 2))\n[18d0ad17-2c1d-4860-bcfc-0323e345c562/ubuntu-latest Python 3.8]   |   Downloading jsonschema-4.17.3-py3-none-any.whl (90 kB)\n[18d0ad17-2c1d-4860-bcfc-0323e345c562/ubuntu-latest Python 3.8]   |      \u2501\u2501\u2501\u2501\u2501\u2501\u2501\u2501\u2501\u2501\u2501\u2501\u2501\u2501\u2501\u2501\u2501\u2501\u2501\u2501\u2501\u2501\u2501\u2501\u2501\u2501\u2501\u2501\u2501\u2501\u2501\u2501\u2501\u2501\u2501\u2501\u2501\u2501\u2501\u2501 90.4/90.4 kB 4.2 MB/s eta 0:00:00\n[18d0ad17-2c1d-4860-bcfc-0323e345c562/ubuntu-latest Python 3.8]   | Collecting wcwidth (from prompt-toolkit>=3.0.30->jupyter-console->jupyter->-r examples_requirements.txt (line 2))\n[18d0ad17-2c1d-4860-bcfc-0323e345c562/ubuntu-latest Python 3.8]   |   Downloading wcwidth-0.2.6-py2.py3-none-any.whl (29 kB)\n[18d0ad17-2c1d-4860-bcfc-0323e345c562/ubuntu-latest Python 3.8]   | Collecting ptyprocess (from terminado>=0.8.3->notebook->jupyter->-r examples_requirements.txt (line 2))\n[18d0ad17-2c1d-4860-bcfc-0323e345c562/ubuntu-latest Python 3.8]   |   Downloading ptyprocess-0.7.0-py2.py3-none-any.whl (13 kB)\n[18d0ad17-2c1d-4860-bcfc-0323e345c562/ubuntu-latest Python 3.8]   | Collecting argon2-cffi-bindings (from argon2-cffi->notebook->jupyter->-r examples_requirements.txt (line 2))\n[18d0ad17-2c1d-4860-bcfc-0323e345c562/ubuntu-latest Python 3.8]   |   Downloading argon2_cffi_bindings-21.2.0-cp36-abi3-manylinux_2_17_x86_64.manylinux2014_x86_64.whl (86 kB)\n[18d0ad17-2c1d-4860-bcfc-0323e345c562/ubuntu-latest Python 3.8]   |      \u2501\u2501\u2501\u2501\u2501\u2501\u2501\u2501\u2501\u2501\u2501\u2501\u2501\u2501\u2501\u2501\u2501\u2501\u2501\u2501\u2501\u2501\u2501\u2501\u2501\u2501\u2501\u2501\u2501\u2501\u2501\u2501\u2501\u2501\u2501\u2501\u2501\u2501\u2501\u2501 86.2/86.2 kB 2.2 MB/s eta 0:00:00\n[18d0ad17-2c1d-4860-bcfc-0323e345c562/ubuntu-latest Python 3.8]   | Collecting soupsieve>1.2 (from beautifulsoup4->nbconvert->jupyter->-r examples_requirements.txt (line 2))\n[18d0ad17-2c1d-4860-bcfc-0323e345c562/ubuntu-latest Python 3.8]   |   Downloading soupsieve-2.4.1-py3-none-any.whl (36 kB)\n[18d0ad17-2c1d-4860-bcfc-0323e345c562/ubuntu-latest Python 3.8]   | Collecting parso<0.9.0,>=0.8.0 (from jedi>=0.16->ipython>=7.23.1->ipykernel->jupyter->-r examples_requirements.txt (line 2))\n[18d0ad17-2c1d-4860-bcfc-0323e345c562/ubuntu-latest Python 3.8]   |   Downloading parso-0.8.3-py2.py3-none-any.whl (100 kB)\n[18d0ad17-2c1d-4860-bcfc-0323e345c562/ubuntu-latest Python 3.8]   |      \u2501\u2501\u2501\u2501\u2501\u2501\u2501\u2501\u2501\u2501\u2501\u2501\u2501\u2501\u2501\u2501\u2501\u2501\u2501\u2501\u2501\u2501\u2501\u2501\u2501\u2501\u2501\u2501\u2501\u2501\u2501\u2501\u2501\u2501\u2501\u2501\u2501\u2501\u2501 100.8/100.8 kB 6.6 MB/s eta 0:00:00\n[18d0ad17-2c1d-4860-bcfc-0323e345c562/ubuntu-latest Python 3.8]   | Collecting attrs>=17.4.0 (from jsonschema>=2.6->nbformat>=5.7->nbconvert->jupyter->-r examples_requirements.txt (line 2))\n[18d0ad17-2c1d-4860-bcfc-0323e345c562/ubuntu-latest Python 3.8]   |   Downloading attrs-23.1.0-py3-none-any.whl (61 kB)\n[18d0ad17-2c1d-4860-bcfc-0323e345c562/ubuntu-latest Python 3.8]   |      \u2501\u2501\u2501\u2501\u2501\u2501\u2501\u2501\u2501\u2501\u2501\u2501\u2501\u2501\u2501\u2501\u2501\u2501\u2501\u2501\u2501\u2501\u2501\u2501\u2501\u2501\u2501\u2501\u2501\u2501\u2501\u2501\u2501\u2501\u2501\u2501\u2501\u2501\u2501\u2501 61.2/61.2 kB 4.2 MB/s eta 0:00:00\n[18d0ad17-2c1d-4860-bcfc-0323e345c562/ubuntu-latest Python 3.8]   | Collecting pkgutil-resolve-name>=1.3.10 (from jsonschema>=2.6->nbformat>=5.7->nbconvert->jupyter->-r examples_requirements.txt (line 2))\n[18d0ad17-2c1d-4860-bcfc-0323e345c562/ubuntu-latest Python 3.8]   |   Downloading pkgutil_resolve_name-1.3.10-py3-none-any.whl (4.7 kB)\n[18d0ad17-2c1d-4860-bcfc-0323e345c562/ubuntu-latest Python 3.8]   | Collecting pyrsistent!=0.17.0,!=0.17.1,!=0.17.2,>=0.14.0 (from jsonschema>=2.6->nbformat>=5.7->nbconvert->jupyter->-r examples_requirements.txt (line 2))\n[18d0ad17-2c1d-4860-bcfc-0323e345c562/ubuntu-latest Python 3.8]   |   Downloading pyrsistent-0.19.3-py3-none-any.whl (57 kB)\n[18d0ad17-2c1d-4860-bcfc-0323e345c562/ubuntu-latest Python 3.8]   |      \u2501\u2501\u2501\u2501\u2501\u2501\u2501\u2501\u2501\u2501\u2501\u2501\u2501\u2501\u2501\u2501\u2501\u2501\u2501\u2501\u2501\u2501\u2501\u2501\u2501\u2501\u2501\u2501\u2501\u2501\u2501\u2501\u2501\u2501\u2501\u2501\u2501\u2501\u2501 57.5/57.5 kB 586.6 kB/s eta 0:00:00\n[18d0ad17-2c1d-4860-bcfc-0323e345c562/ubuntu-latest Python 3.8]   | Collecting anyio>=3.1.0 (from jupyter-server>=1.8->nbclassic>=0.4.7->notebook->jupyter->-r examples_requirements.txt (line 2))\n[18d0ad17-2c1d-4860-bcfc-0323e345c562/ubuntu-latest Python 3.8]   |   Downloading anyio-3.7.0-py3-none-any.whl (80 kB)\n[18d0ad17-2c1d-4860-bcfc-0323e345c562/ubuntu-latest Python 3.8]   |      \u2501\u2501\u2501\u2501\u2501\u2501\u2501\u2501\u2501\u2501\u2501\u2501\u2501\u2501\u2501\u2501\u2501\u2501\u2501\u2501\u2501\u2501\u2501\u2501\u2501\u2501\u2501\u2501\u2501\u2501\u2501\u2501\u2501\u2501\u2501\u2501\u2501\u2501\u2501\u2501 80.9/80.9 kB 2.1 MB/s eta 0:00:00\n[18d0ad17-2c1d-4860-bcfc-0323e345c562/ubuntu-latest Python 3.8]   | Collecting jupyter-events>=0.6.0 (from jupyter-server>=1.8->nbclassic>=0.4.7->notebook->jupyter->-r examples_requirements.txt (line 2))\n[18d0ad17-2c1d-4860-bcfc-0323e345c562/ubuntu-latest Python 3.8]   |   Downloading jupyter_events-0.6.3-py3-none-any.whl (18 kB)\n[18d0ad17-2c1d-4860-bcfc-0323e345c562/ubuntu-latest Python 3.8]   | Collecting jupyter-server-terminals (from jupyter-server>=1.8->nbclassic>=0.4.7->notebook->jupyter->-r examples_requirements.txt (line 2))\n[18d0ad17-2c1d-4860-bcfc-0323e345c562/ubuntu-latest Python 3.8]   |   Downloading jupyter_server_terminals-0.4.4-py3-none-any.whl (13 kB)\n[18d0ad17-2c1d-4860-bcfc-0323e345c562/ubuntu-latest Python 3.8]   | Collecting overrides (from jupyter-server>=1.8->nbclassic>=0.4.7->notebook->jupyter->-r examples_requirements.txt (line 2))\n[18d0ad17-2c1d-4860-bcfc-0323e345c562/ubuntu-latest Python 3.8]   |   Downloading overrides-7.3.1-py3-none-any.whl (17 kB)\n[18d0ad17-2c1d-4860-bcfc-0323e345c562/ubuntu-latest Python 3.8]   | Collecting websocket-client (from jupyter-server>=1.8->nbclassic>=0.4.7->notebook->jupyter->-r examples_requirements.txt (line 2))\n[18d0ad17-2c1d-4860-bcfc-0323e345c562/ubuntu-latest Python 3.8]   |   Downloading websocket_client-1.6.1-py3-none-any.whl (56 kB)\n[18d0ad17-2c1d-4860-bcfc-0323e345c562/ubuntu-latest Python 3.8]   |      \u2501\u2501\u2501\u2501\u2501\u2501\u2501\u2501\u2501\u2501\u2501\u2501\u2501\u2501\u2501\u2501\u2501\u2501\u2501\u2501\u2501\u2501\u2501\u2501\u2501\u2501\u2501\u2501\u2501\u2501\u2501\u2501\u2501\u2501\u2501\u2501\u2501\u2501\u2501\u2501 56.9/56.9 kB 4.2 MB/s eta 0:00:00\n[18d0ad17-2c1d-4860-bcfc-0323e345c562/ubuntu-latest Python 3.8]   | Collecting cffi>=1.0.1 (from argon2-cffi-bindings->argon2-cffi->notebook->jupyter->-r examples_requirements.txt (line 2))\n[18d0ad17-2c1d-4860-bcfc-0323e345c562/ubuntu-latest Python 3.8]   |   Downloading cffi-1.15.1-cp38-cp38-manylinux_2_17_x86_64.manylinux2014_x86_64.whl (442 kB)\n[18d0ad17-2c1d-4860-bcfc-0323e345c562/ubuntu-latest Python 3.8]   |      \u2501\u2501\u2501\u2501\u2501\u2501\u2501\u2501\u2501\u2501\u2501\u2501\u2501\u2501\u2501\u2501\u2501\u2501\u2501\u2501\u2501\u2501\u2501\u2501\u2501\u2501\u2501\u2501\u2501\u2501\u2501\u2501\u2501\u2501\u2501\u2501\u2501\u2501\u2501 442.7/442.7 kB 4.7 MB/s eta 0:00:00\n[18d0ad17-2c1d-4860-bcfc-0323e345c562/ubuntu-latest Python 3.8]   | Collecting executing>=1.2.0 (from stack-data->ipython>=7.23.1->ipykernel->jupyter->-r examples_requirements.txt (line 2))\n[18d0ad17-2c1d-4860-bcfc-0323e345c562/ubuntu-latest Python 3.8]   |   Downloading executing-1.2.0-py2.py3-none-any.whl (24 kB)\n[18d0ad17-2c1d-4860-bcfc-0323e345c562/ubuntu-latest Python 3.8]   | Collecting asttokens>=2.1.0 (from stack-data->ipython>=7.23.1->ipykernel->jupyter->-r examples_requirements.txt (line 2))\n[18d0ad17-2c1d-4860-bcfc-0323e345c562/ubuntu-latest Python 3.8]   |   Downloading asttokens-2.2.1-py2.py3-none-any.whl (26 kB)\n[18d0ad17-2c1d-4860-bcfc-0323e345c562/ubuntu-latest Python 3.8]   | Collecting pure-eval (from stack-data->ipython>=7.23.1->ipykernel->jupyter->-r examples_requirements.txt (line 2))\n[18d0ad17-2c1d-4860-bcfc-0323e345c562/ubuntu-latest Python 3.8]   |   Downloading pure_eval-0.2.2-py3-none-any.whl (11 kB)\n[18d0ad17-2c1d-4860-bcfc-0323e345c562/ubuntu-latest Python 3.8]   | Collecting idna>=2.8 (from anyio>=3.1.0->jupyter-server>=1.8->nbclassic>=0.4.7->notebook->jupyter->-r examples_requirements.txt (line 2))\n[18d0ad17-2c1d-4860-bcfc-0323e345c562/ubuntu-latest Python 3.8]   |   Downloading idna-3.4-py3-none-any.whl (61 kB)\n[18d0ad17-2c1d-4860-bcfc-0323e345c562/ubuntu-latest Python 3.8]   |      \u2501\u2501\u2501\u2501\u2501\u2501\u2501\u2501\u2501\u2501\u2501\u2501\u2501\u2501\u2501\u2501\u2501\u2501\u2501\u2501\u2501\u2501\u2501\u2501\u2501\u2501\u2501\u2501\u2501\u2501\u2501\u2501\u2501\u2501\u2501\u2501\u2501\u2501\u2501 61.5/61.5 kB 881.6 kB/s eta 0:00:00\n[18d0ad17-2c1d-4860-bcfc-0323e345c562/ubuntu-latest Python 3.8]   | Collecting sniffio>=1.1 (from anyio>=3.1.0->jupyter-server>=1.8->nbclassic>=0.4.7->notebook->jupyter->-r examples_requirements.txt (line 2))\n[18d0ad17-2c1d-4860-bcfc-0323e345c562/ubuntu-latest Python 3.8]   |   Downloading sniffio-1.3.0-py3-none-any.whl (10 kB)\n[18d0ad17-2c1d-4860-bcfc-0323e345c562/ubuntu-latest Python 3.8]   | Collecting exceptiongroup (from anyio>=3.1.0->jupyter-server>=1.8->nbclassic>=0.4.7->notebook->jupyter->-r examples_requirements.txt (line 2))\n[18d0ad17-2c1d-4860-bcfc-0323e345c562/ubuntu-latest Python 3.8]   |   Downloading exceptiongroup-1.1.1-py3-none-any.whl (14 kB)\n[18d0ad17-2c1d-4860-bcfc-0323e345c562/ubuntu-latest Python 3.8]   | Collecting pycparser (from cffi>=1.0.1->argon2-cffi-bindings->argon2-cffi->notebook->jupyter->-r examples_requirements.txt (line 2))\n[18d0ad17-2c1d-4860-bcfc-0323e345c562/ubuntu-latest Python 3.8]   |   Downloading pycparser-2.21-py2.py3-none-any.whl (118 kB)\n[18d0ad17-2c1d-4860-bcfc-0323e345c562/ubuntu-latest Python 3.8]   |      \u2501\u2501\u2501\u2501\u2501\u2501\u2501\u2501\u2501\u2501\u2501\u2501\u2501\u2501\u2501\u2501\u2501\u2501\u2501\u2501\u2501\u2501\u2501\u2501\u2501\u2501\u2501\u2501\u2501\u2501\u2501\u2501\u2501\u2501\u2501\u2501\u2501\u2501\u2501 118.7/118.7 kB 1.3 MB/s eta 0:00:00\n[18d0ad17-2c1d-4860-bcfc-0323e345c562/ubuntu-latest Python 3.8]   | Collecting python-json-logger>=2.0.4 (from jupyter-events>=0.6.0->jupyter-server>=1.8->nbclassic>=0.4.7->notebook->jupyter->-r examples_requirements.txt (line 2))\n[18d0ad17-2c1d-4860-bcfc-0323e345c562/ubuntu-latest Python 3.8]   |   Downloading python_json_logger-2.0.7-py3-none-any.whl (8.1 kB)\n[18d0ad17-2c1d-4860-bcfc-0323e345c562/ubuntu-latest Python 3.8]   | Collecting rfc3339-validator (from jupyter-events>=0.6.0->jupyter-server>=1.8->nbclassic>=0.4.7->notebook->jupyter->-r examples_requirements.txt (line 2))\n[18d0ad17-2c1d-4860-bcfc-0323e345c562/ubuntu-latest Python 3.8]   |   Downloading rfc3339_validator-0.1.4-py2.py3-none-any.whl (3.5 kB)\n[18d0ad17-2c1d-4860-bcfc-0323e345c562/ubuntu-latest Python 3.8]   | Collecting rfc3986-validator>=0.1.1 (from jupyter-events>=0.6.0->jupyter-server>=1.8->nbclassic>=0.4.7->notebook->jupyter->-r examples_requirements.txt (line 2))\n[18d0ad17-2c1d-4860-bcfc-0323e345c562/ubuntu-latest Python 3.8]   |   Downloading rfc3986_validator-0.1.1-py2.py3-none-any.whl (4.2 kB)\n[18d0ad17-2c1d-4860-bcfc-0323e345c562/ubuntu-latest Python 3.8]   | Collecting fqdn (from jsonschema>=2.6->nbformat>=5.7->nbconvert->jupyter->-r examples_requirements.txt (line 2))\n[18d0ad17-2c1d-4860-bcfc-0323e345c562/ubuntu-latest Python 3.8]   |   Downloading fqdn-1.5.1-py3-none-any.whl (9.1 kB)\n[18d0ad17-2c1d-4860-bcfc-0323e345c562/ubuntu-latest Python 3.8]   | Collecting isoduration (from jsonschema>=2.6->nbformat>=5.7->nbconvert->jupyter->-r examples_requirements.txt (line 2))\n[18d0ad17-2c1d-4860-bcfc-0323e345c562/ubuntu-latest Python 3.8]   |   Downloading isoduration-20.11.0-py3-none-any.whl (11 kB)\n[18d0ad17-2c1d-4860-bcfc-0323e345c562/ubuntu-latest Python 3.8]   | Collecting jsonpointer>1.13 (from jsonschema>=2.6->nbformat>=5.7->nbconvert->jupyter->-r examples_requirements.txt (line 2))\n[18d0ad17-2c1d-4860-bcfc-0323e345c562/ubuntu-latest Python 3.8]   |   Downloading jsonpointer-2.4-py2.py3-none-any.whl (7.8 kB)\n[18d0ad17-2c1d-4860-bcfc-0323e345c562/ubuntu-latest Python 3.8]   | Collecting uri-template (from jsonschema>=2.6->nbformat>=5.7->nbconvert->jupyter->-r examples_requirements.txt (line 2))\n[18d0ad17-2c1d-4860-bcfc-0323e345c562/ubuntu-latest Python 3.8]   |   Downloading uri_template-1.3.0-py3-none-any.whl (11 kB)\n[18d0ad17-2c1d-4860-bcfc-0323e345c562/ubuntu-latest Python 3.8]   | Collecting webcolors>=1.11 (from jsonschema>=2.6->nbformat>=5.7->nbconvert->jupyter->-r examples_requirements.txt (line 2))\n[18d0ad17-2c1d-4860-bcfc-0323e345c562/ubuntu-latest Python 3.8]   |   Downloading webcolors-1.13-py3-none-any.whl (14 kB)\n[18d0ad17-2c1d-4860-bcfc-0323e345c562/ubuntu-latest Python 3.8]   | Collecting arrow>=0.15.0 (from isoduration->jsonschema>=2.6->nbformat>=5.7->nbconvert->jupyter->-r examples_requirements.txt (line 2))\n[18d0ad17-2c1d-4860-bcfc-0323e345c562/ubuntu-latest Python 3.8]   |   Downloading arrow-1.2.3-py3-none-any.whl (66 kB)\n[18d0ad17-2c1d-4860-bcfc-0323e345c562/ubuntu-latest Python 3.8]   |      \u2501\u2501\u2501\u2501\u2501\u2501\u2501\u2501\u2501\u2501\u2501\u2501\u2501\u2501\u2501\u2501\u2501\u2501\u2501\u2501\u2501\u2501\u2501\u2501\u2501\u2501\u2501\u2501\u2501\u2501\u2501\u2501\u2501\u2501\u2501\u2501\u2501\u2501\u2501\u2501 66.4/66.4 kB 1.0 MB/s eta 0:00:00\n[18d0ad17-2c1d-4860-bcfc-0323e345c562/ubuntu-latest Python 3.8]   | Building wheels for collected packages: jupyter_contrib_nbextensions, jupyter-contrib-core\n[18d0ad17-2c1d-4860-bcfc-0323e345c562/ubuntu-latest Python 3.8]   |   Building wheel for jupyter_contrib_nbextensions (pyproject.toml): started\n[18d0ad17-2c1d-4860-bcfc-0323e345c562/ubuntu-latest Python 3.8]   |   Building wheel for jupyter_contrib_nbextensions (pyproject.toml): finished with status 'done'\n[18d0ad17-2c1d-4860-bcfc-0323e345c562/ubuntu-latest Python 3.8]   |   Created wheel for jupyter_contrib_nbextensions: filename=jupyter_contrib_nbextensions-0.7.0-py2.py3-none-any.whl size=23428785 sha256=f940e6b8ae73a43a24145c560737ea51fc2f8d83e59db117c86e6d55fdecaa2e\n[18d0ad17-2c1d-4860-bcfc-0323e345c562/ubuntu-latest Python 3.8]   |   Stored in directory: /home/runneradmin/.cache/pip/wheels/1a/60/9f/043697d3cd00df43b23bbf4e722366a2abfa68700b6d8411f4\n[18d0ad17-2c1d-4860-bcfc-0323e345c562/ubuntu-latest Python 3.8]   |   Building wheel for jupyter-contrib-core (pyproject.toml): started\n[18d0ad17-2c1d-4860-bcfc-0323e345c562/ubuntu-latest Python 3.8]   |   Building wheel for jupyter-contrib-core (pyproject.toml): finished with status 'done'\n[18d0ad17-2c1d-4860-bcfc-0323e345c562/ubuntu-latest Python 3.8]   |   Created wheel for jupyter-contrib-core: filename=jupyter_contrib_core-0.4.2-py2.py3-none-any.whl size=17484 sha256=438d058c2884b789fe168396b418e8c746acac0477996bfbc052e34cf41d8086\n[18d0ad17-2c1d-4860-bcfc-0323e345c562/ubuntu-latest Python 3.8]   |   Stored in directory: /home/runneradmin/.cache/pip/wheels/c5/75/d2/b881eea79157be355b125d974ec85f88d6e6742acd14387872\n[18d0ad17-2c1d-4860-bcfc-0323e345c562/ubuntu-latest Python 3.8]   | Successfully built jupyter_contrib_nbextensions jupyter-contrib-core\n[18d0ad17-2c1d-4860-bcfc-0323e345c562/ubuntu-latest Python 3.8]   | Installing collected packages: webencodings, wcwidth, pytz, pure-eval, ptyprocess, pickleshare, jupyter-highlight-selected-word, ipython-genutils, fastjsonschema, executing, backcall, zipp, widgetsnbextension, websocket-client, webcolors, uri-template, tzdata, typing-extensions, traitlets, tornado, tinycss2, threadpoolctl, soupsieve, sniffio, six, Send2Trash, rfc3986-validator, pyzmq, pyyaml, python-json-logger, pyrsistent, pyparsing, pygments, pycparser, psutil, prompt-toolkit, prometheus-client, platformdirs, pkgutil-resolve-name, pillow, pexpect, parso, pandocfilters, packaging, overrides, numpy, networkx, nest-asyncio, mistune, markupsafe, lxml, lazy_loader, kiwisolver, jupyterlab-widgets, jupyterlab-pygments, jsonpointer, joblib, idna, fqdn, fonttools, exceptiongroup, defusedxml, decorator, debugpy, cycler, attrs, tifffile, terminado, scipy, rfc3339-validator, qtpy, PyWavelets, python-dateutil, matplotlib-inline, jupyter-core, jinja2, jedi, importlib-resources, importlib-metadata, imageio, contourpy, comm, cffi, bleach, beautifulsoup4, asttokens, anyio, stack-data, scikit-learn, scikit-image, pandas, matplotlib, jupyter-server-terminals, jupyter-client, jsonschema, arrow, argon2-cffi-bindings, seaborn, nbformat, isoduration, ipython, argon2-cffi, nbclient, ipykernel, qtconsole, nbconvert, jupyter-events, jupyter-console, ipywidgets, jupyter-server, notebook-shim, nbclassic, notebook, jupyter-contrib-core, jupyter, jupyter-nbextensions-configurator, jupyter_contrib_nbextensions\n[18d0ad17-2c1d-4860-bcfc-0323e345c562/ubuntu-latest Python 3.8]   | Successfully installed PyWavelets-1.4.1 Send2Trash-1.8.2 anyio-3.7.0 argon2-cffi-21.3.0 argon2-cffi-bindings-21.2.0 arrow-1.2.3 asttokens-2.2.1 attrs-23.1.0 backcall-0.2.0 beautifulsoup4-4.12.2 bleach-6.0.0 cffi-1.15.1 comm-0.1.3 contourpy-1.1.0 cycler-0.11.0 debugpy-1.6.7 decorator-5.1.1 defusedxml-0.7.1 exceptiongroup-1.1.1 executing-1.2.0 fastjsonschema-2.17.1 fonttools-4.40.0 fqdn-1.5.1 idna-3.4 imageio-2.31.1 importlib-metadata-6.7.0 importlib-resources-5.12.0 ipykernel-6.23.3 ipython-8.12.2 ipython-genutils-0.2.0 ipywidgets-8.0.6 isoduration-20.11.0 jedi-0.18.2 jinja2-3.1.2 joblib-1.2.0 jsonpointer-2.4 jsonschema-4.17.3 jupyter-1.0.0 jupyter-client-8.3.0 jupyter-console-6.6.3 jupyter-contrib-core-0.4.2 jupyter-core-5.3.1 jupyter-events-0.6.3 jupyter-highlight-selected-word-0.2.0 jupyter-nbextensions-configurator-0.6.3 jupyter-server-2.7.0 jupyter-server-terminals-0.4.4 jupyter_contrib_nbextensions-0.7.0 jupyterlab-pygments-0.2.2 jupyterlab-widgets-3.0.7 kiwisolver-1.4.4 lazy_loader-0.2 lxml-4.9.2 markupsafe-2.1.3 matplotlib-3.7.1 matplotlib-inline-0.1.6 mistune-3.0.1 nbclassic-1.0.0 nbclient-0.8.0 nbconvert-7.6.0 nbformat-5.9.0 nest-asyncio-1.5.6 networkx-3.1 notebook-6.5.4 notebook-shim-0.2.3 numpy-1.24.4 overrides-7.3.1 packaging-23.1 pandas-2.0.2 pandocfilters-1.5.0 parso-0.8.3 pexpect-4.8.0 pickleshare-0.7.5 pillow-9.5.0 pkgutil-resolve-name-1.3.10 platformdirs-3.8.0 prometheus-client-0.17.0 prompt-toolkit-3.0.38 psutil-5.9.5 ptyprocess-0.7.0 pure-eval-0.2.2 pycparser-2.21 pygments-2.15.1 pyparsing-3.1.0 pyrsistent-0.19.3 python-dateutil-2.8.2 python-json-logger-2.0.7 pytz-2023.3 pyyaml-6.0 pyzmq-25.1.0 qtconsole-5.4.3 qtpy-2.3.1 rfc3339-validator-0.1.4 rfc3986-validator-0.1.1 scikit-image-0.21.0 scikit-learn-1.2.2 scipy-1.10.1 seaborn-0.12.2 six-1.16.0 sniffio-1.3.0 soupsieve-2.4.1 stack-data-0.6.2 terminado-0.17.1 threadpoolctl-3.1.0 tifffile-2023.4.12 tinycss2-1.2.1 tornado-6.3.2 traitlets-5.9.0 typing-extensions-4.6.3 tzdata-2023.3 uri-template-1.3.0 wcwidth-0.2.6 webcolors-1.13 webencodings-0.5.1 websocket-client-1.6.1 widgetsnbextension-4.0.7 zipp-3.15.0\n[18d0ad17-2c1d-4860-bcfc-0323e345c562/ubuntu-latest Python 3.8]   | \n[18d0ad17-2c1d-4860-bcfc-0323e345c562/ubuntu-latest Python 3.8]   | [notice] A new release of pip is available: 21.1.1 -> 23.1.2\n[18d0ad17-2c1d-4860-bcfc-0323e345c562/ubuntu-latest Python 3.8]   | [notice] To update, run: pip install --upgrade pip\n[18d0ad17-2c1d-4860-bcfc-0323e345c562/ubuntu-latest Python 3.8]   \u2705  Success - Main Install dependencies\n[18d0ad17-2c1d-4860-bcfc-0323e345c562/ubuntu-latest Python 3.8] \u2b50 Run Main Test\n[18d0ad17-2c1d-4860-bcfc-0323e345c562/ubuntu-latest Python 3.8]   \ud83d\udc33  docker exec cmd=[bash --noprofile --norc -e -o pipefail /var/run/act/workflow/4] user= workdir=\n[18d0ad17-2c1d-4860-bcfc-0323e345c562/ubuntu-latest Python 3.8]   | Collecting unittest-xml-reporting\n[18d0ad17-2c1d-4860-bcfc-0323e345c562/ubuntu-latest Python 3.8]   |   Downloading unittest_xml_reporting-3.2.0-py2.py3-none-any.whl (20 kB)\n[18d0ad17-2c1d-4860-bcfc-0323e345c562/ubuntu-latest Python 3.8]   | Requirement already satisfied: lxml in /opt/hostedtoolcache/Python/3.8.11/x64/lib/python3.8/site-packages (from unittest-xml-reporting) (4.9.2)\n[18d0ad17-2c1d-4860-bcfc-0323e345c562/ubuntu-latest Python 3.8]   | Installing collected packages: unittest-xml-reporting\n[18d0ad17-2c1d-4860-bcfc-0323e345c562/ubuntu-latest Python 3.8]   | Successfully installed unittest-xml-reporting-3.2.0\n[18d0ad17-2c1d-4860-bcfc-0323e345c562/ubuntu-latest Python 3.8]   | \n[18d0ad17-2c1d-4860-bcfc-0323e345c562/ubuntu-latest Python 3.8]   | [notice] A new release of pip is available: 21.1.1 -> 23.1.2\n[18d0ad17-2c1d-4860-bcfc-0323e345c562/ubuntu-latest Python 3.8]   | [notice] To update, run: pip install --upgrade pip\n[18d0ad17-2c1d-4860-bcfc-0323e345c562/ubuntu-latest Python 3.8]   | \n[18d0ad17-2c1d-4860-bcfc-0323e345c562/ubuntu-latest Python 3.8]   | Running tests...\n[18d0ad17-2c1d-4860-bcfc-0323e345c562/ubuntu-latest Python 3.8]   | ----------------------------------------------------------------------\n[18d0ad17-2c1d-4860-bcfc-0323e345c562/ubuntu-latest Python 3.8]   | .........................EEEEEEEEEE.E.EEEEEE...Run:  ksvd_inpainting.ipynb\n[18d0ad17-2c1d-4860-bcfc-0323e345c562/ubuntu-latest Python 3.8]   | Run:  hmlasso.ipynb\n[18d0ad17-2c1d-4860-bcfc-0323e345c562/ubuntu-latest Python 3.8]   | E.....\n[18d0ad17-2c1d-4860-bcfc-0323e345c562/ubuntu-latest Python 3.8]   | ======================================================================\n[18d0ad17-2c1d-4860-bcfc-0323e345c562/ubuntu-latest Python 3.8]   | ERROR [0.002s]: test_admm_path_alphas (tests.test_linear_model_admm.TestAdmmPath)\n[18d0ad17-2c1d-4860-bcfc-0323e345c562/ubuntu-latest Python 3.8]   | ----------------------------------------------------------------------\n[18d0ad17-2c1d-4860-bcfc-0323e345c562/ubuntu-latest Python 3.8]   | Traceback (most recent call last):\n[18d0ad17-2c1d-4860-bcfc-0323e345c562/ubuntu-latest Python 3.8]   |   File \"/tmp/ad9c0f7e-1596-11ee-8a50-bb14de238602/hacarus-spm-image/tests/test_linear_model_admm.py\", line 314, in test_admm_path_alphas\n[18d0ad17-2c1d-4860-bcfc-0323e345c562/ubuntu-latest Python 3.8]   |     actual_alphas, _, _ = admm_path(X, y, alphas=alphas)\n[18d0ad17-2c1d-4860-bcfc-0323e345c562/ubuntu-latest Python 3.8]   |   File \"/tmp/ad9c0f7e-1596-11ee-8a50-bb14de238602/hacarus-spm-image/spmimage/linear_model/admm.py\", line 76, in admm_path\n[18d0ad17-2c1d-4860-bcfc-0323e345c562/ubuntu-latest Python 3.8]   |     clf.fit(X, y)\n[18d0ad17-2c1d-4860-bcfc-0323e345c562/ubuntu-latest Python 3.8]   |   File \"/tmp/ad9c0f7e-1596-11ee-8a50-bb14de238602/hacarus-spm-image/spmimage/linear_model/admm.py\", line 164, in fit\n[18d0ad17-2c1d-4860-bcfc-0323e345c562/ubuntu-latest Python 3.8]   |     X_scale) = self._preprocess_data(X, y,\n[18d0ad17-2c1d-4860-bcfc-0323e345c562/ubuntu-latest Python 3.8]   | AttributeError: 'LassoADMM' object has no attribute '_preprocess_data'\n[18d0ad17-2c1d-4860-bcfc-0323e345c562/ubuntu-latest Python 3.8]   | \n[18d0ad17-2c1d-4860-bcfc-0323e345c562/ubuntu-latest Python 3.8]   | ======================================================================\n[18d0ad17-2c1d-4860-bcfc-0323e345c562/ubuntu-latest Python 3.8]   | ERROR [0.001s]: test_admm_path_coefs (tests.test_linear_model_admm.TestAdmmPath)\n[18d0ad17-2c1d-4860-bcfc-0323e345c562/ubuntu-latest Python 3.8]   | ----------------------------------------------------------------------\n[18d0ad17-2c1d-4860-bcfc-0323e345c562/ubuntu-latest Python 3.8]   | Traceback (most recent call last):\n[18d0ad17-2c1d-4860-bcfc-0323e345c562/ubuntu-latest Python 3.8]   |   File \"/tmp/ad9c0f7e-1596-11ee-8a50-bb14de238602/hacarus-spm-image/tests/test_linear_model_admm.py\", line 323, in test_admm_path_coefs\n[18d0ad17-2c1d-4860-bcfc-0323e345c562/ubuntu-latest Python 3.8]   |     _, coefs_actual, _ = admm_path(X, y,\n[18d0ad17-2c1d-4860-bcfc-0323e345c562/ubuntu-latest Python 3.8]   |   File \"/tmp/ad9c0f7e-1596-11ee-8a50-bb14de238602/hacarus-spm-image/spmimage/linear_model/admm.py\", line 76, in admm_path\n[18d0ad17-2c1d-4860-bcfc-0323e345c562/ubuntu-latest Python 3.8]   |     clf.fit(X, y)\n[18d0ad17-2c1d-4860-bcfc-0323e345c562/ubuntu-latest Python 3.8]   |   File \"/tmp/ad9c0f7e-1596-11ee-8a50-bb14de238602/hacarus-spm-image/spmimage/linear_model/admm.py\", line 164, in fit\n[18d0ad17-2c1d-4860-bcfc-0323e345c562/ubuntu-latest Python 3.8]   |     X_scale) = self._preprocess_data(X, y,\n[18d0ad17-2c1d-4860-bcfc-0323e345c562/ubuntu-latest Python 3.8]   | AttributeError: 'LassoADMM' object has no attribute '_preprocess_data'\n[18d0ad17-2c1d-4860-bcfc-0323e345c562/ubuntu-latest Python 3.8]   | \n[18d0ad17-2c1d-4860-bcfc-0323e345c562/ubuntu-latest Python 3.8]   | ======================================================================\n[18d0ad17-2c1d-4860-bcfc-0323e345c562/ubuntu-latest Python 3.8]   | ERROR [0.002s]: test_fused_lasso_alpha (tests.test_linear_model_admm.TestFusedLassoADMM)\n[18d0ad17-2c1d-4860-bcfc-0323e345c562/ubuntu-latest Python 3.8]   | ----------------------------------------------------------------------\n[18d0ad17-2c1d-4860-bcfc-0323e345c562/ubuntu-latest Python 3.8]   | Traceback (most recent call last):\n[18d0ad17-2c1d-4860-bcfc-0323e345c562/ubuntu-latest Python 3.8]   |   File \"/tmp/ad9c0f7e-1596-11ee-8a50-bb14de238602/hacarus-spm-image/tests/test_linear_model_admm.py\", line 162, in test_fused_lasso_alpha\n[18d0ad17-2c1d-4860-bcfc-0323e345c562/ubuntu-latest Python 3.8]   |     clf = FusedLassoADMM(alpha=1e-8).fit(self.X, y)\n[18d0ad17-2c1d-4860-bcfc-0323e345c562/ubuntu-latest Python 3.8]   |   File \"/tmp/ad9c0f7e-1596-11ee-8a50-bb14de238602/hacarus-spm-image/spmimage/linear_model/admm.py\", line 164, in fit\n[18d0ad17-2c1d-4860-bcfc-0323e345c562/ubuntu-latest Python 3.8]   |     X_scale) = self._preprocess_data(X, y,\n[18d0ad17-2c1d-4860-bcfc-0323e345c562/ubuntu-latest Python 3.8]   | AttributeError: 'FusedLassoADMM' object has no attribute '_preprocess_data'\n[18d0ad17-2c1d-4860-bcfc-0323e345c562/ubuntu-latest Python 3.8]   | \n[18d0ad17-2c1d-4860-bcfc-0323e345c562/ubuntu-latest Python 3.8]   | ======================================================================\n[18d0ad17-2c1d-4860-bcfc-0323e345c562/ubuntu-latest Python 3.8]   | ERROR [0.003s]: test_fused_lasso_coef (tests.test_linear_model_admm.TestFusedLassoADMM)\n[18d0ad17-2c1d-4860-bcfc-0323e345c562/ubuntu-latest Python 3.8]   | ----------------------------------------------------------------------\n[18d0ad17-2c1d-4860-bcfc-0323e345c562/ubuntu-latest Python 3.8]   | Traceback (most recent call last):\n[18d0ad17-2c1d-4860-bcfc-0323e345c562/ubuntu-latest Python 3.8]   |   File \"/tmp/ad9c0f7e-1596-11ee-8a50-bb14de238602/hacarus-spm-image/tests/test_linear_model_admm.py\", line 192, in test_fused_lasso_coef\n[18d0ad17-2c1d-4860-bcfc-0323e345c562/ubuntu-latest Python 3.8]   |     clf = FusedLassoADMM(alpha=1e-8, trend_coef=1e-4).fit(self.X, y)\n[18d0ad17-2c1d-4860-bcfc-0323e345c562/ubuntu-latest Python 3.8]   |   File \"/tmp/ad9c0f7e-1596-11ee-8a50-bb14de238602/hacarus-spm-image/spmimage/linear_model/admm.py\", line 164, in fit\n[18d0ad17-2c1d-4860-bcfc-0323e345c562/ubuntu-latest Python 3.8]   |     X_scale) = self._preprocess_data(X, y,\n[18d0ad17-2c1d-4860-bcfc-0323e345c562/ubuntu-latest Python 3.8]   | AttributeError: 'FusedLassoADMM' object has no attribute '_preprocess_data'\n[18d0ad17-2c1d-4860-bcfc-0323e345c562/ubuntu-latest Python 3.8]   | \n[18d0ad17-2c1d-4860-bcfc-0323e345c562/ubuntu-latest Python 3.8]   | ======================================================================\n[18d0ad17-2c1d-4860-bcfc-0323e345c562/ubuntu-latest Python 3.8]   | ERROR [0.002s]: test_simple_lasso (tests.test_linear_model_admm.TestFusedLassoADMM)\n[18d0ad17-2c1d-4860-bcfc-0323e345c562/ubuntu-latest Python 3.8]   | ----------------------------------------------------------------------\n[18d0ad17-2c1d-4860-bcfc-0323e345c562/ubuntu-latest Python 3.8]   | Traceback (most recent call last):\n[18d0ad17-2c1d-4860-bcfc-0323e345c562/ubuntu-latest Python 3.8]   |   File \"/tmp/ad9c0f7e-1596-11ee-8a50-bb14de238602/hacarus-spm-image/tests/test_linear_model_admm.py\", line 228, in test_simple_lasso\n[18d0ad17-2c1d-4860-bcfc-0323e345c562/ubuntu-latest Python 3.8]   |     clf = FusedLassoADMM(alpha=0.05, sparse_coef=1,\n[18d0ad17-2c1d-4860-bcfc-0323e345c562/ubuntu-latest Python 3.8]   |   File \"/tmp/ad9c0f7e-1596-11ee-8a50-bb14de238602/hacarus-spm-image/spmimage/linear_model/admm.py\", line 164, in fit\n[18d0ad17-2c1d-4860-bcfc-0323e345c562/ubuntu-latest Python 3.8]   |     X_scale) = self._preprocess_data(X, y,\n[18d0ad17-2c1d-4860-bcfc-0323e345c562/ubuntu-latest Python 3.8]   | AttributeError: 'FusedLassoADMM' object has no attribute '_preprocess_data'\n[18d0ad17-2c1d-4860-bcfc-0323e345c562/ubuntu-latest Python 3.8]   | \n[18d0ad17-2c1d-4860-bcfc-0323e345c562/ubuntu-latest Python 3.8]   | ======================================================================\n[18d0ad17-2c1d-4860-bcfc-0323e345c562/ubuntu-latest Python 3.8]   | ERROR [0.002s]: test_lasso_admm (tests.test_linear_model_admm.TestLassoADMM)\n[18d0ad17-2c1d-4860-bcfc-0323e345c562/ubuntu-latest Python 3.8]   | ----------------------------------------------------------------------\n[18d0ad17-2c1d-4860-bcfc-0323e345c562/ubuntu-latest Python 3.8]   | Traceback (most recent call last):\n[18d0ad17-2c1d-4860-bcfc-0323e345c562/ubuntu-latest Python 3.8]   |   File \"/tmp/ad9c0f7e-1596-11ee-8a50-bb14de238602/hacarus-spm-image/tests/test_linear_model_admm.py\", line 123, in test_lasso_admm\n[18d0ad17-2c1d-4860-bcfc-0323e345c562/ubuntu-latest Python 3.8]   |     clf = LassoADMM(alpha=0.05, tol=1e-8).fit(X, y)\n[18d0ad17-2c1d-4860-bcfc-0323e345c562/ubuntu-latest Python 3.8]   |   File \"/tmp/ad9c0f7e-1596-11ee-8a50-bb14de238602/hacarus-spm-image/spmimage/linear_model/admm.py\", line 164, in fit\n[18d0ad17-2c1d-4860-bcfc-0323e345c562/ubuntu-latest Python 3.8]   |     X_scale) = self._preprocess_data(X, y,\n[18d0ad17-2c1d-4860-bcfc-0323e345c562/ubuntu-latest Python 3.8]   | AttributeError: 'LassoADMM' object has no attribute '_preprocess_data'\n[18d0ad17-2c1d-4860-bcfc-0323e345c562/ubuntu-latest Python 3.8]   | \n[18d0ad17-2c1d-4860-bcfc-0323e345c562/ubuntu-latest Python 3.8]   | ======================================================================\n[18d0ad17-2c1d-4860-bcfc-0323e345c562/ubuntu-latest Python 3.8]   | ERROR [0.002s]: test_lasso_admm_multi (tests.test_linear_model_admm.TestLassoADMM)\n[18d0ad17-2c1d-4860-bcfc-0323e345c562/ubuntu-latest Python 3.8]   | ----------------------------------------------------------------------\n[18d0ad17-2c1d-4860-bcfc-0323e345c562/ubuntu-latest Python 3.8]   | Traceback (most recent call last):\n[18d0ad17-2c1d-4860-bcfc-0323e345c562/ubuntu-latest Python 3.8]   |   File \"/tmp/ad9c0f7e-1596-11ee-8a50-bb14de238602/hacarus-spm-image/tests/test_linear_model_admm.py\", line 137, in test_lasso_admm_multi\n[18d0ad17-2c1d-4860-bcfc-0323e345c562/ubuntu-latest Python 3.8]   |     clf = LassoADMM(alpha=0.05, tol=1e-8).fit(X, y)\n[18d0ad17-2c1d-4860-bcfc-0323e345c562/ubuntu-latest Python 3.8]   |   File \"/tmp/ad9c0f7e-1596-11ee-8a50-bb14de238602/hacarus-spm-image/spmimage/linear_model/admm.py\", line 164, in fit\n[18d0ad17-2c1d-4860-bcfc-0323e345c562/ubuntu-latest Python 3.8]   |     X_scale) = self._preprocess_data(X, y,\n[18d0ad17-2c1d-4860-bcfc-0323e345c562/ubuntu-latest Python 3.8]   | AttributeError: 'LassoADMM' object has no attribute '_preprocess_data'\n[18d0ad17-2c1d-4860-bcfc-0323e345c562/ubuntu-latest Python 3.8]   | \n[18d0ad17-2c1d-4860-bcfc-0323e345c562/ubuntu-latest Python 3.8]   | ======================================================================\n[18d0ad17-2c1d-4860-bcfc-0323e345c562/ubuntu-latest Python 3.8]   | ERROR [0.004s]: test_lasso_admm_toy (tests.test_linear_model_admm.TestLassoADMM)\n[18d0ad17-2c1d-4860-bcfc-0323e345c562/ubuntu-latest Python 3.8]   | ----------------------------------------------------------------------\n[18d0ad17-2c1d-4860-bcfc-0323e345c562/ubuntu-latest Python 3.8]   | Traceback (most recent call last):\n[18d0ad17-2c1d-4860-bcfc-0323e345c562/ubuntu-latest Python 3.8]   |   File \"/tmp/ad9c0f7e-1596-11ee-8a50-bb14de238602/hacarus-spm-image/tests/test_linear_model_admm.py\", line 61, in test_lasso_admm_toy\n[18d0ad17-2c1d-4860-bcfc-0323e345c562/ubuntu-latest Python 3.8]   |     clf.fit(X, Y)\n[18d0ad17-2c1d-4860-bcfc-0323e345c562/ubuntu-latest Python 3.8]   |   File \"/tmp/ad9c0f7e-1596-11ee-8a50-bb14de238602/hacarus-spm-image/spmimage/linear_model/admm.py\", line 164, in fit\n[18d0ad17-2c1d-4860-bcfc-0323e345c562/ubuntu-latest Python 3.8]   |     X_scale) = self._preprocess_data(X, y,\n[18d0ad17-2c1d-4860-bcfc-0323e345c562/ubuntu-latest Python 3.8]   | AttributeError: 'LassoADMM' object has no attribute '_preprocess_data'\n[18d0ad17-2c1d-4860-bcfc-0323e345c562/ubuntu-latest Python 3.8]   | \n[18d0ad17-2c1d-4860-bcfc-0323e345c562/ubuntu-latest Python 3.8]   | ======================================================================\n[18d0ad17-2c1d-4860-bcfc-0323e345c562/ubuntu-latest Python 3.8]   | ERROR [0.001s]: test_lasso_admm_toy_multi (tests.test_linear_model_admm.TestLassoADMM)\n[18d0ad17-2c1d-4860-bcfc-0323e345c562/ubuntu-latest Python 3.8]   | ----------------------------------------------------------------------\n[18d0ad17-2c1d-4860-bcfc-0323e345c562/ubuntu-latest Python 3.8]   | Traceback (most recent call last):\n[18d0ad17-2c1d-4860-bcfc-0323e345c562/ubuntu-latest Python 3.8]   |   File \"/tmp/ad9c0f7e-1596-11ee-8a50-bb14de238602/hacarus-spm-image/tests/test_linear_model_admm.py\", line 112, in test_lasso_admm_toy_multi\n[18d0ad17-2c1d-4860-bcfc-0323e345c562/ubuntu-latest Python 3.8]   |     clf = LassoADMM(alpha=0.05, tol=1e-8).fit(X, y)\n[18d0ad17-2c1d-4860-bcfc-0323e345c562/ubuntu-latest Python 3.8]   |   File \"/tmp/ad9c0f7e-1596-11ee-8a50-bb14de238602/hacarus-spm-image/spmimage/linear_model/admm.py\", line 164, in fit\n[18d0ad17-2c1d-4860-bcfc-0323e345c562/ubuntu-latest Python 3.8]   |     X_scale) = self._preprocess_data(X, y,\n[18d0ad17-2c1d-4860-bcfc-0323e345c562/ubuntu-latest Python 3.8]   | AttributeError: 'LassoADMM' object has no attribute '_preprocess_data'\n[18d0ad17-2c1d-4860-bcfc-0323e345c562/ubuntu-latest Python 3.8]   | \n[18d0ad17-2c1d-4860-bcfc-0323e345c562/ubuntu-latest Python 3.8]   | ======================================================================\n[18d0ad17-2c1d-4860-bcfc-0323e345c562/ubuntu-latest Python 3.8]   | ERROR [0.001s]: test_lasso_admm_zero (tests.test_linear_model_admm.TestLassoADMM)\n[18d0ad17-2c1d-4860-bcfc-0323e345c562/ubuntu-latest Python 3.8]   | ----------------------------------------------------------------------\n[18d0ad17-2c1d-4860-bcfc-0323e345c562/ubuntu-latest Python 3.8]   | Traceback (most recent call last):\n[18d0ad17-2c1d-4860-bcfc-0323e345c562/ubuntu-latest Python 3.8]   |   File \"/tmp/ad9c0f7e-1596-11ee-8a50-bb14de238602/hacarus-spm-image/tests/test_linear_model_admm.py\", line 39, in test_lasso_admm_zero\n[18d0ad17-2c1d-4860-bcfc-0323e345c562/ubuntu-latest Python 3.8]   |     clf = LassoADMM(alpha=0.1).fit(X, y)\n[18d0ad17-2c1d-4860-bcfc-0323e345c562/ubuntu-latest Python 3.8]   |   File \"/tmp/ad9c0f7e-1596-11ee-8a50-bb14de238602/hacarus-spm-image/spmimage/linear_model/admm.py\", line 164, in fit\n[18d0ad17-2c1d-4860-bcfc-0323e345c562/ubuntu-latest Python 3.8]   |     X_scale) = self._preprocess_data(X, y,\n[18d0ad17-2c1d-4860-bcfc-0323e345c562/ubuntu-latest Python 3.8]   | AttributeError: 'LassoADMM' object has no attribute '_preprocess_data'\n[18d0ad17-2c1d-4860-bcfc-0323e345c562/ubuntu-latest Python 3.8]   | \n[18d0ad17-2c1d-4860-bcfc-0323e345c562/ubuntu-latest Python 3.8]   | ======================================================================\n[18d0ad17-2c1d-4860-bcfc-0323e345c562/ubuntu-latest Python 3.8]   | ERROR [0.001s]: test_trend_filtering (tests.test_linear_model_admm.TestQuadraticTrendFilteringADMM)\n[18d0ad17-2c1d-4860-bcfc-0323e345c562/ubuntu-latest Python 3.8]   | ----------------------------------------------------------------------\n[18d0ad17-2c1d-4860-bcfc-0323e345c562/ubuntu-latest Python 3.8]   | Traceback (most recent call last):\n[18d0ad17-2c1d-4860-bcfc-0323e345c562/ubuntu-latest Python 3.8]   |   File \"/tmp/ad9c0f7e-1596-11ee-8a50-bb14de238602/hacarus-spm-image/tests/test_linear_model_admm.py\", line 300, in test_trend_filtering\n[18d0ad17-2c1d-4860-bcfc-0323e345c562/ubuntu-latest Python 3.8]   |     clf = QuadraticTrendFilteringADMM(alpha=1e-8).fit(self.X, y)\n[18d0ad17-2c1d-4860-bcfc-0323e345c562/ubuntu-latest Python 3.8]   |   File \"/tmp/ad9c0f7e-1596-11ee-8a50-bb14de238602/hacarus-spm-image/spmimage/linear_model/admm.py\", line 164, in fit\n[18d0ad17-2c1d-4860-bcfc-0323e345c562/ubuntu-latest Python 3.8]   |     X_scale) = self._preprocess_data(X, y,\n[18d0ad17-2c1d-4860-bcfc-0323e345c562/ubuntu-latest Python 3.8]   | AttributeError: 'QuadraticTrendFilteringADMM' object has no attribute '_preprocess_data'\n[18d0ad17-2c1d-4860-bcfc-0323e345c562/ubuntu-latest Python 3.8]   | \n[18d0ad17-2c1d-4860-bcfc-0323e345c562/ubuntu-latest Python 3.8]   | ======================================================================\n[18d0ad17-2c1d-4860-bcfc-0323e345c562/ubuntu-latest Python 3.8]   | ERROR [0.001s]: test_trend_filtering (tests.test_linear_model_admm.TestTrendFilteringADMM)\n[18d0ad17-2c1d-4860-bcfc-0323e345c562/ubuntu-latest Python 3.8]   | ----------------------------------------------------------------------\n[18d0ad17-2c1d-4860-bcfc-0323e345c562/ubuntu-latest Python 3.8]   | Traceback (most recent call last):\n[18d0ad17-2c1d-4860-bcfc-0323e345c562/ubuntu-latest Python 3.8]   |   File \"/tmp/ad9c0f7e-1596-11ee-8a50-bb14de238602/hacarus-spm-image/tests/test_linear_model_admm.py\", line 258, in test_trend_filtering\n[18d0ad17-2c1d-4860-bcfc-0323e345c562/ubuntu-latest Python 3.8]   |     clf = TrendFilteringADMM(alpha=1e-8).fit(self.X, y)\n[18d0ad17-2c1d-4860-bcfc-0323e345c562/ubuntu-latest Python 3.8]   |   File \"/tmp/ad9c0f7e-1596-11ee-8a50-bb14de238602/hacarus-spm-image/spmimage/linear_model/admm.py\", line 164, in fit\n[18d0ad17-2c1d-4860-bcfc-0323e345c562/ubuntu-latest Python 3.8]   |     X_scale) = self._preprocess_data(X, y,\n[18d0ad17-2c1d-4860-bcfc-0323e345c562/ubuntu-latest Python 3.8]   | AttributeError: 'TrendFilteringADMM' object has no attribute '_preprocess_data'\n[18d0ad17-2c1d-4860-bcfc-0323e345c562/ubuntu-latest Python 3.8]   | \n[18d0ad17-2c1d-4860-bcfc-0323e345c562/ubuntu-latest Python 3.8]   | ======================================================================\n[18d0ad17-2c1d-4860-bcfc-0323e345c562/ubuntu-latest Python 3.8]   | ERROR [0.003s]: test_lasso_admm (tests.test_linear_model_hmlasso.TestHMLasso)\n[18d0ad17-2c1d-4860-bcfc-0323e345c562/ubuntu-latest Python 3.8]   | ----------------------------------------------------------------------\n[18d0ad17-2c1d-4860-bcfc-0323e345c562/ubuntu-latest Python 3.8]   | Traceback (most recent call last):\n[18d0ad17-2c1d-4860-bcfc-0323e345c562/ubuntu-latest Python 3.8]   |   File \"/tmp/ad9c0f7e-1596-11ee-8a50-bb14de238602/hacarus-spm-image/tests/test_linear_model_hmlasso.py\", line 109, in test_lasso_admm\n[18d0ad17-2c1d-4860-bcfc-0323e345c562/ubuntu-latest Python 3.8]   |     clf = HMLasso(alpha=0.05, mu_cov=0.1, tol_coef=1e-8).fit(X, y)\n[18d0ad17-2c1d-4860-bcfc-0323e345c562/ubuntu-latest Python 3.8]   |   File \"/tmp/ad9c0f7e-1596-11ee-8a50-bb14de238602/hacarus-spm-image/spmimage/linear_model/hmlasso.py\", line 358, in fit\n[18d0ad17-2c1d-4860-bcfc-0323e345c562/ubuntu-latest Python 3.8]   |     not_missed = (~missed).astype(np.float)\n[18d0ad17-2c1d-4860-bcfc-0323e345c562/ubuntu-latest Python 3.8]   |   File \"/opt/hostedtoolcache/Python/3.8.11/x64/lib/python3.8/site-packages/numpy/__init__.py\", line 305, in __getattr__\n[18d0ad17-2c1d-4860-bcfc-0323e345c562/ubuntu-latest Python 3.8]   |     raise AttributeError(__former_attrs__[attr])\n[18d0ad17-2c1d-4860-bcfc-0323e345c562/ubuntu-latest Python 3.8]   | AttributeError: module 'numpy' has no attribute 'float'.\n[18d0ad17-2c1d-4860-bcfc-0323e345c562/ubuntu-latest Python 3.8]   | `np.float` was a deprecated alias for the builtin `float`. To avoid this error in existing code, use `float` by itself. Doing this will not modify any behavior and is safe. If you specifically wanted the numpy scalar type, use `np.float64` here.\n[18d0ad17-2c1d-4860-bcfc-0323e345c562/ubuntu-latest Python 3.8]   | The aliases was originally deprecated in NumPy 1.20; for more details and guidance see the original release note at:\n[18d0ad17-2c1d-4860-bcfc-0323e345c562/ubuntu-latest Python 3.8]   |     https://numpy.org/devdocs/release/1.20.0-notes.html#deprecations\n[18d0ad17-2c1d-4860-bcfc-0323e345c562/ubuntu-latest Python 3.8]   | \n[18d0ad17-2c1d-4860-bcfc-0323e345c562/ubuntu-latest Python 3.8]   | ======================================================================\n[18d0ad17-2c1d-4860-bcfc-0323e345c562/ubuntu-latest Python 3.8]   | ERROR [0.002s]: test_lasso_admm_multi (tests.test_linear_model_hmlasso.TestHMLasso)\n[18d0ad17-2c1d-4860-bcfc-0323e345c562/ubuntu-latest Python 3.8]   | ----------------------------------------------------------------------\n[18d0ad17-2c1d-4860-bcfc-0323e345c562/ubuntu-latest Python 3.8]   | Traceback (most recent call last):\n[18d0ad17-2c1d-4860-bcfc-0323e345c562/ubuntu-latest Python 3.8]   |   File \"/tmp/ad9c0f7e-1596-11ee-8a50-bb14de238602/hacarus-spm-image/tests/test_linear_model_hmlasso.py\", line 121, in test_lasso_admm_multi\n[18d0ad17-2c1d-4860-bcfc-0323e345c562/ubuntu-latest Python 3.8]   |     clf = HMLasso(alpha=0.05, mu_cov=0.1, tol_coef=1e-8).fit(X, y)\n[18d0ad17-2c1d-4860-bcfc-0323e345c562/ubuntu-latest Python 3.8]   |   File \"/tmp/ad9c0f7e-1596-11ee-8a50-bb14de238602/hacarus-spm-image/spmimage/linear_model/hmlasso.py\", line 358, in fit\n[18d0ad17-2c1d-4860-bcfc-0323e345c562/ubuntu-latest Python 3.8]   |     not_missed = (~missed).astype(np.float)\n[18d0ad17-2c1d-4860-bcfc-0323e345c562/ubuntu-latest Python 3.8]   |   File \"/opt/hostedtoolcache/Python/3.8.11/x64/lib/python3.8/site-packages/numpy/__init__.py\", line 305, in __getattr__\n[18d0ad17-2c1d-4860-bcfc-0323e345c562/ubuntu-latest Python 3.8]   |     raise AttributeError(__former_attrs__[attr])\n[18d0ad17-2c1d-4860-bcfc-0323e345c562/ubuntu-latest Python 3.8]   | AttributeError: module 'numpy' has no attribute 'float'.\n[18d0ad17-2c1d-4860-bcfc-0323e345c562/ubuntu-latest Python 3.8]   | `np.float` was a deprecated alias for the builtin `float`. To avoid this error in existing code, use `float` by itself. Doing this will not modify any behavior and is safe. If you specifically wanted the numpy scalar type, use `np.float64` here.\n[18d0ad17-2c1d-4860-bcfc-0323e345c562/ubuntu-latest Python 3.8]   | The aliases was originally deprecated in NumPy 1.20; for more details and guidance see the original release note at:\n[18d0ad17-2c1d-4860-bcfc-0323e345c562/ubuntu-latest Python 3.8]   |     https://numpy.org/devdocs/release/1.20.0-notes.html#deprecations\n[18d0ad17-2c1d-4860-bcfc-0323e345c562/ubuntu-latest Python 3.8]   | \n[18d0ad17-2c1d-4860-bcfc-0323e345c562/ubuntu-latest Python 3.8]   | ======================================================================\n[18d0ad17-2c1d-4860-bcfc-0323e345c562/ubuntu-latest Python 3.8]   | ERROR [0.004s]: test_lasso_admm_toy (tests.test_linear_model_hmlasso.TestHMLasso)\n[18d0ad17-2c1d-4860-bcfc-0323e345c562/ubuntu-latest Python 3.8]   | ----------------------------------------------------------------------\n[18d0ad17-2c1d-4860-bcfc-0323e345c562/ubuntu-latest Python 3.8]   | Traceback (most recent call last):\n[18d0ad17-2c1d-4860-bcfc-0323e345c562/ubuntu-latest Python 3.8]   |   File \"/tmp/ad9c0f7e-1596-11ee-8a50-bb14de238602/hacarus-spm-image/tests/test_linear_model_hmlasso.py\", line 56, in test_lasso_admm_toy\n[18d0ad17-2c1d-4860-bcfc-0323e345c562/ubuntu-latest Python 3.8]   |     clf.fit(X, Y)\n[18d0ad17-2c1d-4860-bcfc-0323e345c562/ubuntu-latest Python 3.8]   |   File \"/tmp/ad9c0f7e-1596-11ee-8a50-bb14de238602/hacarus-spm-image/spmimage/linear_model/hmlasso.py\", line 358, in fit\n[18d0ad17-2c1d-4860-bcfc-0323e345c562/ubuntu-latest Python 3.8]   |     not_missed = (~missed).astype(np.float)\n[18d0ad17-2c1d-4860-bcfc-0323e345c562/ubuntu-latest Python 3.8]   |   File \"/opt/hostedtoolcache/Python/3.8.11/x64/lib/python3.8/site-packages/numpy/__init__.py\", line 305, in __getattr__\n[18d0ad17-2c1d-4860-bcfc-0323e345c562/ubuntu-latest Python 3.8]   |     raise AttributeError(__former_attrs__[attr])\n[18d0ad17-2c1d-4860-bcfc-0323e345c562/ubuntu-latest Python 3.8]   | AttributeError: module 'numpy' has no attribute 'float'.\n[18d0ad17-2c1d-4860-bcfc-0323e345c562/ubuntu-latest Python 3.8]   | `np.float` was a deprecated alias for the builtin `float`. To avoid this error in existing code, use `float` by itself. Doing this will not modify any behavior and is safe. If you specifically wanted the numpy scalar type, use `np.float64` here.\n[18d0ad17-2c1d-4860-bcfc-0323e345c562/ubuntu-latest Python 3.8]   | The aliases was originally deprecated in NumPy 1.20; for more details and guidance see the original release note at:\n[18d0ad17-2c1d-4860-bcfc-0323e345c562/ubuntu-latest Python 3.8]   |     https://numpy.org/devdocs/release/1.20.0-notes.html#deprecations\n[18d0ad17-2c1d-4860-bcfc-0323e345c562/ubuntu-latest Python 3.8]   | \n[18d0ad17-2c1d-4860-bcfc-0323e345c562/ubuntu-latest Python 3.8]   | ======================================================================\n[18d0ad17-2c1d-4860-bcfc-0323e345c562/ubuntu-latest Python 3.8]   | ERROR [0.002s]: test_lasso_admm_toy_multi (tests.test_linear_model_hmlasso.TestHMLasso)\n[18d0ad17-2c1d-4860-bcfc-0323e345c562/ubuntu-latest Python 3.8]   | ----------------------------------------------------------------------\n[18d0ad17-2c1d-4860-bcfc-0323e345c562/ubuntu-latest Python 3.8]   | Traceback (most recent call last):\n[18d0ad17-2c1d-4860-bcfc-0323e345c562/ubuntu-latest Python 3.8]   |   File \"/tmp/ad9c0f7e-1596-11ee-8a50-bb14de238602/hacarus-spm-image/tests/test_linear_model_hmlasso.py\", line 101, in test_lasso_admm_toy_multi\n[18d0ad17-2c1d-4860-bcfc-0323e345c562/ubuntu-latest Python 3.8]   |     clf = HMLasso(alpha=0.05, tol_coef=1e-8).fit(X, y)\n[18d0ad17-2c1d-4860-bcfc-0323e345c562/ubuntu-latest Python 3.8]   |   File \"/tmp/ad9c0f7e-1596-11ee-8a50-bb14de238602/hacarus-spm-image/spmimage/linear_model/hmlasso.py\", line 358, in fit\n[18d0ad17-2c1d-4860-bcfc-0323e345c562/ubuntu-latest Python 3.8]   |     not_missed = (~missed).astype(np.float)\n[18d0ad17-2c1d-4860-bcfc-0323e345c562/ubuntu-latest Python 3.8]   |   File \"/opt/hostedtoolcache/Python/3.8.11/x64/lib/python3.8/site-packages/numpy/__init__.py\", line 305, in __getattr__\n[18d0ad17-2c1d-4860-bcfc-0323e345c562/ubuntu-latest Python 3.8]   |     raise AttributeError(__former_attrs__[attr])\n[18d0ad17-2c1d-4860-bcfc-0323e345c562/ubuntu-latest Python 3.8]   | AttributeError: module 'numpy' has no attribute 'float'.\n[18d0ad17-2c1d-4860-bcfc-0323e345c562/ubuntu-latest Python 3.8]   | `np.float` was a deprecated alias for the builtin `float`. To avoid this error in existing code, use `float` by itself. Doing this will not modify any behavior and is safe. If you specifically wanted the numpy scalar type, use `np.float64` here.\n[18d0ad17-2c1d-4860-bcfc-0323e345c562/ubuntu-latest Python 3.8]   | The aliases was originally deprecated in NumPy 1.20; for more details and guidance see the original release note at:\n[18d0ad17-2c1d-4860-bcfc-0323e345c562/ubuntu-latest Python 3.8]   |     https://numpy.org/devdocs/release/1.20.0-notes.html#deprecations\n[18d0ad17-2c1d-4860-bcfc-0323e345c562/ubuntu-latest Python 3.8]   | \n[18d0ad17-2c1d-4860-bcfc-0323e345c562/ubuntu-latest Python 3.8]   | ======================================================================\n[18d0ad17-2c1d-4860-bcfc-0323e345c562/ubuntu-latest Python 3.8]   | ERROR [0.001s]: test_lasso_admm_zero (tests.test_linear_model_hmlasso.TestHMLasso)\n[18d0ad17-2c1d-4860-bcfc-0323e345c562/ubuntu-latest Python 3.8]   | ----------------------------------------------------------------------\n[18d0ad17-2c1d-4860-bcfc-0323e345c562/ubuntu-latest Python 3.8]   | Traceback (most recent call last):\n[18d0ad17-2c1d-4860-bcfc-0323e345c562/ubuntu-latest Python 3.8]   |   File \"/tmp/ad9c0f7e-1596-11ee-8a50-bb14de238602/hacarus-spm-image/tests/test_linear_model_hmlasso.py\", line 34, in test_lasso_admm_zero\n[18d0ad17-2c1d-4860-bcfc-0323e345c562/ubuntu-latest Python 3.8]   |     clf = HMLasso(alpha=0.1).fit(X, y)\n[18d0ad17-2c1d-4860-bcfc-0323e345c562/ubuntu-latest Python 3.8]   |   File \"/tmp/ad9c0f7e-1596-11ee-8a50-bb14de238602/hacarus-spm-image/spmimage/linear_model/hmlasso.py\", line 358, in fit\n[18d0ad17-2c1d-4860-bcfc-0323e345c562/ubuntu-latest Python 3.8]   |     not_missed = (~missed).astype(np.float)\n[18d0ad17-2c1d-4860-bcfc-0323e345c562/ubuntu-latest Python 3.8]   |   File \"/opt/hostedtoolcache/Python/3.8.11/x64/lib/python3.8/site-packages/numpy/__init__.py\", line 305, in __getattr__\n[18d0ad17-2c1d-4860-bcfc-0323e345c562/ubuntu-latest Python 3.8]   |     raise AttributeError(__former_attrs__[attr])\n[18d0ad17-2c1d-4860-bcfc-0323e345c562/ubuntu-latest Python 3.8]   | AttributeError: module 'numpy' has no attribute 'float'.\n[18d0ad17-2c1d-4860-bcfc-0323e345c562/ubuntu-latest Python 3.8]   | `np.float` was a deprecated alias for the builtin `float`. To avoid this error in existing code, use `float` by itself. Doing this will not modify any behavior and is safe. If you specifically wanted the numpy scalar type, use `np.float64` here.\n[18d0ad17-2c1d-4860-bcfc-0323e345c562/ubuntu-latest Python 3.8]   | The aliases was originally deprecated in NumPy 1.20; for more details and guidance see the original release note at:\n[18d0ad17-2c1d-4860-bcfc-0323e345c562/ubuntu-latest Python 3.8]   |     https://numpy.org/devdocs/release/1.20.0-notes.html#deprecations\n[18d0ad17-2c1d-4860-bcfc-0323e345c562/ubuntu-latest Python 3.8]   | \n[18d0ad17-2c1d-4860-bcfc-0323e345c562/ubuntu-latest Python 3.8]   | ======================================================================\n[18d0ad17-2c1d-4860-bcfc-0323e345c562/ubuntu-latest Python 3.8]   | ERROR [97.363s]: test_all_notebooks (tests.test_notebook.TestJupyterNotebook)\n[18d0ad17-2c1d-4860-bcfc-0323e345c562/ubuntu-latest Python 3.8]   | ----------------------------------------------------------------------\n[18d0ad17-2c1d-4860-bcfc-0323e345c562/ubuntu-latest Python 3.8]   | Traceback (most recent call last):\n[18d0ad17-2c1d-4860-bcfc-0323e345c562/ubuntu-latest Python 3.8]   |   File \"/tmp/ad9c0f7e-1596-11ee-8a50-bb14de238602/hacarus-spm-image/tests/test_notebook.py\", line 120, in test_all_notebooks\n[18d0ad17-2c1d-4860-bcfc-0323e345c562/ubuntu-latest Python 3.8]   |     result = self.parse_notebook(notebook)\n[18d0ad17-2c1d-4860-bcfc-0323e345c562/ubuntu-latest Python 3.8]   |   File \"/tmp/ad9c0f7e-1596-11ee-8a50-bb14de238602/hacarus-spm-image/tests/test_notebook.py\", line 77, in parse_notebook\n[18d0ad17-2c1d-4860-bcfc-0323e345c562/ubuntu-latest Python 3.8]   |     logger.error(error_msg)\n[18d0ad17-2c1d-4860-bcfc-0323e345c562/ubuntu-latest Python 3.8]   | NameError: name 'logger' is not defined\n[18d0ad17-2c1d-4860-bcfc-0323e345c562/ubuntu-latest Python 3.8]   | \n[18d0ad17-2c1d-4860-bcfc-0323e345c562/ubuntu-latest Python 3.8]   | ----------------------------------------------------------------------\n[18d0ad17-2c1d-4860-bcfc-0323e345c562/ubuntu-latest Python 3.8]   | Ran 53 tests in 101.165s\n[18d0ad17-2c1d-4860-bcfc-0323e345c562/ubuntu-latest Python 3.8]   | \n[18d0ad17-2c1d-4860-bcfc-0323e345c562/ubuntu-latest Python 3.8]   | FAILED (errors=18)\n[18d0ad17-2c1d-4860-bcfc-0323e345c562/ubuntu-latest Python 3.8]   | \n[18d0ad17-2c1d-4860-bcfc-0323e345c562/ubuntu-latest Python 3.8]   | Generating XML reports...\n[18d0ad17-2c1d-4860-bcfc-0323e345c562/ubuntu-latest Python 3.8]   \u274c  Failure - Main Test\n[18d0ad17-2c1d-4860-bcfc-0323e345c562/ubuntu-latest Python 3.8] exitcode '1': failure\n[18d0ad17-2c1d-4860-bcfc-0323e345c562/ubuntu-latest Python 3.8] \ud83c\udfc1  Job failed\n",
        "stderr": "Error: Job '${{ matrix.config.os }} Python ${{ matrix.python }}' failed\n",
        "workflow": "/tmp/ad9c0f7e-1596-11ee-8a50-bb14de238602/hacarus-spm-image/.github/workflows/unittest-crawler.yml",
        "build_tool": "unittest",
        "elapsed_time": 388.78800320625305
    }
}