{
    "repository": "hugsy/ctfhub",
    "stars": 67,
    "language": "python",
    "size": 3929,
    "clone_url": "https://github.com/hugsy/ctfhub.git",
    "timestamp": "2023-07-01T15:48:58.526644Z",
    "clone_success": true,
    "number_of_actions": 3,
    "number_of_test_actions": 1,
    "actions_successful": false,
    "actions_build_tools": [
        "unknown",
        "unknown",
        "pytest"
    ],
    "actions_test_build_tools": [
        "pytest"
    ],
    "actions_run": {
        "failed": true,
        "tests": [],
        "stdout": "[dd913e42-a7ec-4e66-ac07-ba802ed1b05a/Run tests] \ud83d\ude80  Start image=crawlergpt:latest\n[dd913e42-a7ec-4e66-ac07-ba802ed1b05a/Run tests]   \ud83d\udc33  docker pull image=crawlergpt:latest platform= username= forcePull=false\n[dd913e42-a7ec-4e66-ac07-ba802ed1b05a/Run tests]   \ud83d\udc33  docker create image=crawlergpt:latest platform= entrypoint=[\"tail\" \"-f\" \"/dev/null\"] cmd=[]\n[dd913e42-a7ec-4e66-ac07-ba802ed1b05a/Run tests]   \ud83d\udc33  docker run image=crawlergpt:latest platform= entrypoint=[\"tail\" \"-f\" \"/dev/null\"] cmd=[]\n[dd913e42-a7ec-4e66-ac07-ba802ed1b05a/Run tests]   \ud83d\udc33  docker exec cmd=[chown -R 1012:1013 /tmp/558156d8-17ed-11ee-8a50-bb14de238602/hugsy-ctfhub] user=0 workdir=\n[dd913e42-a7ec-4e66-ac07-ba802ed1b05a/Run tests]   \u2601  git clone 'https://github.com/actions/setup-python' # ref=v4\n[dd913e42-a7ec-4e66-ac07-ba802ed1b05a/Run tests] \u2b50 Run Main Checkout\n[dd913e42-a7ec-4e66-ac07-ba802ed1b05a/Run tests]   \u2705  Success - Main Checkout\n[dd913e42-a7ec-4e66-ac07-ba802ed1b05a/Run tests] \u2b50 Run Main Setup environment vars\n[dd913e42-a7ec-4e66-ac07-ba802ed1b05a/Run tests]   \ud83d\udc33  docker exec cmd=[bash --noprofile --norc -e -o pipefail /var/run/act/workflow/1] user= workdir=\n[dd913e42-a7ec-4e66-ac07-ba802ed1b05a/Run tests]   \u2705  Success - Main Setup environment vars\n[dd913e42-a7ec-4e66-ac07-ba802ed1b05a/Run tests]   \u2699  ::set-env:: CTFPAD_HEDGEDOC_URL=http://localhost:3000\n[dd913e42-a7ec-4e66-ac07-ba802ed1b05a/Run tests]   \u2699  ::set-env:: CTFPAD_PROTOCOL=http\n[dd913e42-a7ec-4e66-ac07-ba802ed1b05a/Run tests]   \u2699  ::set-env:: CTFPAD_DOMAIN=localhost\n[dd913e42-a7ec-4e66-ac07-ba802ed1b05a/Run tests]   \u2699  ::set-env:: CTFPAD_DB_NAME=ctfhub\n[dd913e42-a7ec-4e66-ac07-ba802ed1b05a/Run tests]   \u2699  ::set-env:: CTFPAD_DB_PASSWORD=ctfhub\n[dd913e42-a7ec-4e66-ac07-ba802ed1b05a/Run tests]   \u2699  ::set-env:: CTFPAD_DB_PORT=5432\n[dd913e42-a7ec-4e66-ac07-ba802ed1b05a/Run tests]   \u2699  ::set-env:: CTFPAD_PORT=8000\n[dd913e42-a7ec-4e66-ac07-ba802ed1b05a/Run tests]   \u2699  ::set-env:: CTFPAD_DB_USER=ctfhub\n[dd913e42-a7ec-4e66-ac07-ba802ed1b05a/Run tests]   \u2699  ::set-env:: CTFPAD_DB_HOST=localhost\n[dd913e42-a7ec-4e66-ac07-ba802ed1b05a/Run tests]   \u2699  ::set-env:: CTFPAD_HEDGEDOC_IS_INTERNAL=0\n[dd913e42-a7ec-4e66-ac07-ba802ed1b05a/Run tests] \u2b50 Run Main Setup Python\n[dd913e42-a7ec-4e66-ac07-ba802ed1b05a/Run tests]   \ud83d\udc33  docker cp src=/tmp/act-cache/645aa5ae-ff5c-4d48-94fb-541484616435/act/actions-setup-python@v4/ dst=/var/run/act/actions/actions-setup-python@v4/\n[dd913e42-a7ec-4e66-ac07-ba802ed1b05a/Run tests]   \ud83d\udc33  docker exec cmd=[chown -R 1012:1013 /var/run/act/actions/actions-setup-python@v4/] user=0 workdir=\n[dd913e42-a7ec-4e66-ac07-ba802ed1b05a/Run tests]   \ud83d\udc33  docker exec cmd=[node /var/run/act/actions/actions-setup-python@v4/dist/setup/index.js] user= workdir=\n[dd913e42-a7ec-4e66-ac07-ba802ed1b05a/Run tests]   \ud83d\udcac  ::debug::Python is expected to be installed into /opt/hostedtoolcache\n[dd913e42-a7ec-4e66-ac07-ba802ed1b05a/Run tests]   \u2753  ::group::Installed versions\n[dd913e42-a7ec-4e66-ac07-ba802ed1b05a/Run tests]   \ud83d\udcac  ::debug::Semantic version spec of 3.10 is 3.10\n[dd913e42-a7ec-4e66-ac07-ba802ed1b05a/Run tests]   \ud83d\udcac  ::debug::isExplicit: \n[dd913e42-a7ec-4e66-ac07-ba802ed1b05a/Run tests]   \ud83d\udcac  ::debug::explicit? false\n[dd913e42-a7ec-4e66-ac07-ba802ed1b05a/Run tests]   \ud83d\udcac  ::debug::isExplicit: 2.7.18\n[dd913e42-a7ec-4e66-ac07-ba802ed1b05a/Run tests]   \ud83d\udcac  ::debug::explicit? true\n[dd913e42-a7ec-4e66-ac07-ba802ed1b05a/Run tests]   \ud83d\udcac  ::debug::isExplicit: 3.5.10\n[dd913e42-a7ec-4e66-ac07-ba802ed1b05a/Run tests]   \ud83d\udcac  ::debug::explicit? true\n[dd913e42-a7ec-4e66-ac07-ba802ed1b05a/Run tests]   \ud83d\udcac  ::debug::isExplicit: 3.6.14\n[dd913e42-a7ec-4e66-ac07-ba802ed1b05a/Run tests]   \ud83d\udcac  ::debug::explicit? true\n[dd913e42-a7ec-4e66-ac07-ba802ed1b05a/Run tests]   \ud83d\udcac  ::debug::isExplicit: 3.7.11\n[dd913e42-a7ec-4e66-ac07-ba802ed1b05a/Run tests]   \ud83d\udcac  ::debug::explicit? true\n[dd913e42-a7ec-4e66-ac07-ba802ed1b05a/Run tests]   \ud83d\udcac  ::debug::isExplicit: 3.8.11\n[dd913e42-a7ec-4e66-ac07-ba802ed1b05a/Run tests]   \ud83d\udcac  ::debug::explicit? true\n[dd913e42-a7ec-4e66-ac07-ba802ed1b05a/Run tests]   \ud83d\udcac  ::debug::isExplicit: 3.9.6\n[dd913e42-a7ec-4e66-ac07-ba802ed1b05a/Run tests]   \ud83d\udcac  ::debug::explicit? true\n[dd913e42-a7ec-4e66-ac07-ba802ed1b05a/Run tests]   \ud83d\udcac  ::debug::evaluating 6 versions\n[dd913e42-a7ec-4e66-ac07-ba802ed1b05a/Run tests]   \ud83d\udcac  ::debug::match not found\n[dd913e42-a7ec-4e66-ac07-ba802ed1b05a/Run tests]   | Version 3.10 was not found in the local cache\n[dd913e42-a7ec-4e66-ac07-ba802ed1b05a/Run tests]   \ud83d\udcac  ::debug::Getting manifest from actions/python-versions@main\n[dd913e42-a7ec-4e66-ac07-ba802ed1b05a/Run tests]   \ud83d\udcac  ::debug::set auth\n[dd913e42-a7ec-4e66-ac07-ba802ed1b05a/Run tests]   \ud83d\udcac  ::debug::check 3.12.0-beta.3 satisfies 3.10\n[dd913e42-a7ec-4e66-ac07-ba802ed1b05a/Run tests]   \ud83d\udcac  ::debug::check 3.12.0-beta.2 satisfies 3.10\n[dd913e42-a7ec-4e66-ac07-ba802ed1b05a/Run tests]   \ud83d\udcac  ::debug::check 3.12.0-beta.1 satisfies 3.10\n[dd913e42-a7ec-4e66-ac07-ba802ed1b05a/Run tests]   \ud83d\udcac  ::debug::check 3.12.0-alpha.7 satisfies 3.10\n[dd913e42-a7ec-4e66-ac07-ba802ed1b05a/Run tests]   \ud83d\udcac  ::debug::check 3.12.0-alpha.6 satisfies 3.10\n[dd913e42-a7ec-4e66-ac07-ba802ed1b05a/Run tests]   \ud83d\udcac  ::debug::check 3.12.0-alpha.5 satisfies 3.10\n[dd913e42-a7ec-4e66-ac07-ba802ed1b05a/Run tests]   \ud83d\udcac  ::debug::check 3.12.0-alpha.4 satisfies 3.10\n[dd913e42-a7ec-4e66-ac07-ba802ed1b05a/Run tests]   \ud83d\udcac  ::debug::check 3.12.0-alpha.3 satisfies 3.10\n[dd913e42-a7ec-4e66-ac07-ba802ed1b05a/Run tests]   \ud83d\udcac  ::debug::check 3.12.0-alpha.2 satisfies 3.10\n[dd913e42-a7ec-4e66-ac07-ba802ed1b05a/Run tests]   \ud83d\udcac  ::debug::check 3.12.0-alpha.1 satisfies 3.10\n[dd913e42-a7ec-4e66-ac07-ba802ed1b05a/Run tests]   \ud83d\udcac  ::debug::check 3.11.4 satisfies 3.10\n[dd913e42-a7ec-4e66-ac07-ba802ed1b05a/Run tests]   \ud83d\udcac  ::debug::check 3.11.3 satisfies 3.10\n[dd913e42-a7ec-4e66-ac07-ba802ed1b05a/Run tests]   \ud83d\udcac  ::debug::check 3.11.2 satisfies 3.10\n[dd913e42-a7ec-4e66-ac07-ba802ed1b05a/Run tests]   \ud83d\udcac  ::debug::check 3.11.1 satisfies 3.10\n[dd913e42-a7ec-4e66-ac07-ba802ed1b05a/Run tests]   \ud83d\udcac  ::debug::check 3.11.0 satisfies 3.10\n[dd913e42-a7ec-4e66-ac07-ba802ed1b05a/Run tests]   \ud83d\udcac  ::debug::check 3.11.0-rc.2 satisfies 3.10\n[dd913e42-a7ec-4e66-ac07-ba802ed1b05a/Run tests]   \ud83d\udcac  ::debug::check 3.11.0-rc.1 satisfies 3.10\n[dd913e42-a7ec-4e66-ac07-ba802ed1b05a/Run tests]   \ud83d\udcac  ::debug::check 3.11.0-beta.5 satisfies 3.10\n[dd913e42-a7ec-4e66-ac07-ba802ed1b05a/Run tests]   \ud83d\udcac  ::debug::check 3.11.0-beta.4 satisfies 3.10\n[dd913e42-a7ec-4e66-ac07-ba802ed1b05a/Run tests]   \ud83d\udcac  ::debug::check 3.11.0-beta.3 satisfies 3.10\n[dd913e42-a7ec-4e66-ac07-ba802ed1b05a/Run tests]   \ud83d\udcac  ::debug::check 3.11.0-beta.2 satisfies 3.10\n[dd913e42-a7ec-4e66-ac07-ba802ed1b05a/Run tests]   \ud83d\udcac  ::debug::check 3.11.0-beta.1 satisfies 3.10\n[dd913e42-a7ec-4e66-ac07-ba802ed1b05a/Run tests]   \ud83d\udcac  ::debug::check 3.11.0-alpha.7 satisfies 3.10\n[dd913e42-a7ec-4e66-ac07-ba802ed1b05a/Run tests]   \ud83d\udcac  ::debug::check 3.11.0-alpha.6 satisfies 3.10\n[dd913e42-a7ec-4e66-ac07-ba802ed1b05a/Run tests]   \ud83d\udcac  ::debug::check 3.11.0-alpha.5 satisfies 3.10\n[dd913e42-a7ec-4e66-ac07-ba802ed1b05a/Run tests]   \ud83d\udcac  ::debug::check 3.11.0-alpha.4 satisfies 3.10\n[dd913e42-a7ec-4e66-ac07-ba802ed1b05a/Run tests]   \ud83d\udcac  ::debug::check 3.11.0-alpha.3 satisfies 3.10\n[dd913e42-a7ec-4e66-ac07-ba802ed1b05a/Run tests]   \ud83d\udcac  ::debug::check 3.11.0-alpha.2 satisfies 3.10\n[dd913e42-a7ec-4e66-ac07-ba802ed1b05a/Run tests]   \ud83d\udcac  ::debug::check 3.11.0-alpha.1 satisfies 3.10\n[dd913e42-a7ec-4e66-ac07-ba802ed1b05a/Run tests]   \ud83d\udcac  ::debug::check 3.10.12 satisfies 3.10\n[dd913e42-a7ec-4e66-ac07-ba802ed1b05a/Run tests]   \ud83d\udcac  ::debug::x64===x64 && darwin===linux\n[dd913e42-a7ec-4e66-ac07-ba802ed1b05a/Run tests]   \ud83d\udcac  ::debug::x64===x64 && linux===linux\n[dd913e42-a7ec-4e66-ac07-ba802ed1b05a/Run tests]   \ud83d\udcac  ::debug::matched 3.10.12\n[dd913e42-a7ec-4e66-ac07-ba802ed1b05a/Run tests]   | Version 3.10 is available for downloading\n[dd913e42-a7ec-4e66-ac07-ba802ed1b05a/Run tests]   | Download from \"https://github.com/actions/python-versions/releases/download/3.10.12-5200619051/python-3.10.12-linux-20.04-x64.tar.gz\"\n[dd913e42-a7ec-4e66-ac07-ba802ed1b05a/Run tests]   \ud83d\udcac  ::debug::Downloading https://github.com/actions/python-versions/releases/download/3.10.12-5200619051/python-3.10.12-linux-20.04-x64.tar.gz\n[dd913e42-a7ec-4e66-ac07-ba802ed1b05a/Run tests]   \ud83d\udcac  ::debug::Destination /tmp/e55bed68-bf5e-447f-a396-c82a031a7757\n[dd913e42-a7ec-4e66-ac07-ba802ed1b05a/Run tests]   \ud83d\udcac  ::debug::set auth\n[dd913e42-a7ec-4e66-ac07-ba802ed1b05a/Run tests]   \ud83d\udcac  ::debug::download complete\n[dd913e42-a7ec-4e66-ac07-ba802ed1b05a/Run tests]   | Extract downloaded archive\n[dd913e42-a7ec-4e66-ac07-ba802ed1b05a/Run tests]   \ud83d\udcac  ::debug::Checking tar --version\n[dd913e42-a7ec-4e66-ac07-ba802ed1b05a/Run tests]   \ud83d\udcac  ::debug::tar (GNU tar) 1.30%0ACopyright (C) 2017 Free Software Foundation, Inc.%0ALicense GPLv3+: GNU GPL version 3 or later <https://gnu.org/licenses/gpl.html>.%0AThis is free software: you are free to change and redistribute it.%0AThere is NO WARRANTY, to the extent permitted by law.%0A%0AWritten by John Gilmore and Jay Fenlason.\n[dd913e42-a7ec-4e66-ac07-ba802ed1b05a/Run tests]   | [command]/usr/bin/tar xz --warning=no-unknown-keyword -C /tmp/72176571-88c8-475c-998e-05f2381137b4 -f /tmp/e55bed68-bf5e-447f-a396-c82a031a7757\n[dd913e42-a7ec-4e66-ac07-ba802ed1b05a/Run tests]   | Execute installation script\n[dd913e42-a7ec-4e66-ac07-ba802ed1b05a/Run tests]   | Check if Python hostedtoolcache folder exist...\n[dd913e42-a7ec-4e66-ac07-ba802ed1b05a/Run tests]   | Create Python 3.10.12 folder\n[dd913e42-a7ec-4e66-ac07-ba802ed1b05a/Run tests]   | Copy Python binaries to hostedtoolcache folder\n[dd913e42-a7ec-4e66-ac07-ba802ed1b05a/Run tests]   | Create additional symlinks (Required for the UsePythonVersion Azure Pipelines task and the setup-python GitHub Action)\n[dd913e42-a7ec-4e66-ac07-ba802ed1b05a/Run tests]   | Upgrading pip...\n[dd913e42-a7ec-4e66-ac07-ba802ed1b05a/Run tests]   | Looking in links: /tmp/tmpd32sero7\n[dd913e42-a7ec-4e66-ac07-ba802ed1b05a/Run tests]   | Requirement already satisfied: setuptools in /opt/hostedtoolcache/Python/3.10.12/x64/lib/python3.10/site-packages (65.5.0)\n[dd913e42-a7ec-4e66-ac07-ba802ed1b05a/Run tests]   | Requirement already satisfied: pip in /opt/hostedtoolcache/Python/3.10.12/x64/lib/python3.10/site-packages (23.0.1)\n[dd913e42-a7ec-4e66-ac07-ba802ed1b05a/Run tests]   | Collecting pip\n[dd913e42-a7ec-4e66-ac07-ba802ed1b05a/Run tests]   | Downloading pip-23.1.2-py3-none-any.whl (2.1 MB)\n[dd913e42-a7ec-4e66-ac07-ba802ed1b05a/Run tests]   | \u2501\u2501\u2501\u2501\u2501\u2501\u2501\u2501\u2501\u2501\u2501\u2501\u2501\u2501\u2501\u2501\u2501\u2501\u2501\u2501\u2501\u2501\u2501\u2501\u2501\u2501\u2501\u2501\u2501\u2501\u2501\u2501\u2501\u2501\u2501\u2501\u2501\u2501\u2501\u2501 2.1/2.1 MB 19.4 MB/s eta 0:00:00\n[dd913e42-a7ec-4e66-ac07-ba802ed1b05a/Run tests]   | \n[dd913e42-a7ec-4e66-ac07-ba802ed1b05a/Run tests]   | Installing collected packages: pip\n[dd913e42-a7ec-4e66-ac07-ba802ed1b05a/Run tests]   | Successfully installed pip-23.1.2\n[dd913e42-a7ec-4e66-ac07-ba802ed1b05a/Run tests]   | Create complete file\n[dd913e42-a7ec-4e66-ac07-ba802ed1b05a/Run tests]   \ud83d\udcac  ::debug::isExplicit: \n[dd913e42-a7ec-4e66-ac07-ba802ed1b05a/Run tests]   \ud83d\udcac  ::debug::explicit? false\n[dd913e42-a7ec-4e66-ac07-ba802ed1b05a/Run tests]   \ud83d\udcac  ::debug::isExplicit: 2.7.18\n[dd913e42-a7ec-4e66-ac07-ba802ed1b05a/Run tests]   \ud83d\udcac  ::debug::explicit? true\n[dd913e42-a7ec-4e66-ac07-ba802ed1b05a/Run tests]   \ud83d\udcac  ::debug::isExplicit: 3.10.12\n[dd913e42-a7ec-4e66-ac07-ba802ed1b05a/Run tests]   \ud83d\udcac  ::debug::explicit? true\n[dd913e42-a7ec-4e66-ac07-ba802ed1b05a/Run tests]   \ud83d\udcac  ::debug::isExplicit: 3.5.10\n[dd913e42-a7ec-4e66-ac07-ba802ed1b05a/Run tests]   \ud83d\udcac  ::debug::explicit? true\n[dd913e42-a7ec-4e66-ac07-ba802ed1b05a/Run tests]   \ud83d\udcac  ::debug::isExplicit: 3.6.14\n[dd913e42-a7ec-4e66-ac07-ba802ed1b05a/Run tests]   \ud83d\udcac  ::debug::explicit? true\n[dd913e42-a7ec-4e66-ac07-ba802ed1b05a/Run tests]   \ud83d\udcac  ::debug::isExplicit: 3.7.11\n[dd913e42-a7ec-4e66-ac07-ba802ed1b05a/Run tests]   \ud83d\udcac  ::debug::explicit? true\n[dd913e42-a7ec-4e66-ac07-ba802ed1b05a/Run tests]   \ud83d\udcac  ::debug::isExplicit: 3.8.11\n[dd913e42-a7ec-4e66-ac07-ba802ed1b05a/Run tests]   \ud83d\udcac  ::debug::explicit? true\n[dd913e42-a7ec-4e66-ac07-ba802ed1b05a/Run tests]   \ud83d\udcac  ::debug::isExplicit: 3.9.6\n[dd913e42-a7ec-4e66-ac07-ba802ed1b05a/Run tests]   \ud83d\udcac  ::debug::explicit? true\n[dd913e42-a7ec-4e66-ac07-ba802ed1b05a/Run tests]   \ud83d\udcac  ::debug::evaluating 7 versions\n[dd913e42-a7ec-4e66-ac07-ba802ed1b05a/Run tests]   \ud83d\udcac  ::debug::matched: 3.10.12\n[dd913e42-a7ec-4e66-ac07-ba802ed1b05a/Run tests]   \ud83d\udcac  ::debug::checking cache: /opt/hostedtoolcache/Python/3.10.12/x64\n[dd913e42-a7ec-4e66-ac07-ba802ed1b05a/Run tests]   \ud83d\udcac  ::debug::Found tool in cache Python 3.10.12 x64\n[dd913e42-a7ec-4e66-ac07-ba802ed1b05a/Run tests]   | Successfully set up CPython (3.10.12)\n[dd913e42-a7ec-4e66-ac07-ba802ed1b05a/Run tests]   \u2753  ::endgroup::\n[dd913e42-a7ec-4e66-ac07-ba802ed1b05a/Run tests]   \u2753 add-matcher /run/act/actions/actions-setup-python@v4/.github/python.json\n[dd913e42-a7ec-4e66-ac07-ba802ed1b05a/Run tests]   \u2705  Success - Main Setup Python\n[dd913e42-a7ec-4e66-ac07-ba802ed1b05a/Run tests]   \u2699  ::set-env:: Python_ROOT_DIR=/opt/hostedtoolcache/Python/3.10.12/x64\n[dd913e42-a7ec-4e66-ac07-ba802ed1b05a/Run tests]   \u2699  ::set-env:: Python2_ROOT_DIR=/opt/hostedtoolcache/Python/3.10.12/x64\n[dd913e42-a7ec-4e66-ac07-ba802ed1b05a/Run tests]   \u2699  ::set-env:: Python3_ROOT_DIR=/opt/hostedtoolcache/Python/3.10.12/x64\n[dd913e42-a7ec-4e66-ac07-ba802ed1b05a/Run tests]   \u2699  ::set-env:: LD_LIBRARY_PATH=/opt/hostedtoolcache/Python/3.10.12/x64/lib\n[dd913e42-a7ec-4e66-ac07-ba802ed1b05a/Run tests]   \u2699  ::set-env:: pythonLocation=/opt/hostedtoolcache/Python/3.10.12/x64\n[dd913e42-a7ec-4e66-ac07-ba802ed1b05a/Run tests]   \u2699  ::set-env:: PKG_CONFIG_PATH=/opt/hostedtoolcache/Python/3.10.12/x64/lib/pkgconfig\n[dd913e42-a7ec-4e66-ac07-ba802ed1b05a/Run tests]   \u2699  ::set-output:: python-version=3.10.12\n[dd913e42-a7ec-4e66-ac07-ba802ed1b05a/Run tests]   \u2699  ::set-output:: python-path=/opt/hostedtoolcache/Python/3.10.12/x64/bin/python\n[dd913e42-a7ec-4e66-ac07-ba802ed1b05a/Run tests]   \u2699  ::add-path:: /opt/hostedtoolcache/Python/3.10.12/x64\n[dd913e42-a7ec-4e66-ac07-ba802ed1b05a/Run tests]   \u2699  ::add-path:: /opt/hostedtoolcache/Python/3.10.12/x64/bin\n[dd913e42-a7ec-4e66-ac07-ba802ed1b05a/Run tests] \u2b50 Run Main Python pre-requisites\n[dd913e42-a7ec-4e66-ac07-ba802ed1b05a/Run tests]   \ud83d\udc33  docker exec cmd=[bash --noprofile --norc -e -o pipefail /var/run/act/workflow/3] user= workdir=\n[dd913e42-a7ec-4e66-ac07-ba802ed1b05a/Run tests]   | Requirement already satisfied: pip in /opt/hostedtoolcache/Python/3.10.12/x64/lib/python3.10/site-packages (23.0.1)\n[dd913e42-a7ec-4e66-ac07-ba802ed1b05a/Run tests]   | Collecting pip\n[dd913e42-a7ec-4e66-ac07-ba802ed1b05a/Run tests]   |   Using cached pip-23.1.2-py3-none-any.whl (2.1 MB)\n[dd913e42-a7ec-4e66-ac07-ba802ed1b05a/Run tests]   | Installing collected packages: pip\n[dd913e42-a7ec-4e66-ac07-ba802ed1b05a/Run tests]   |   WARNING: The scripts pip, pip3 and pip3.10 are installed in '/home/runneradmin/.local/bin' which is not on PATH.\n[dd913e42-a7ec-4e66-ac07-ba802ed1b05a/Run tests]   |   Consider adding this directory to PATH or, if you prefer to suppress this warning, use --no-warn-script-location.\n[dd913e42-a7ec-4e66-ac07-ba802ed1b05a/Run tests]   | Successfully installed pip-23.1.2\n[dd913e42-a7ec-4e66-ac07-ba802ed1b05a/Run tests]   | \n[dd913e42-a7ec-4e66-ac07-ba802ed1b05a/Run tests]   | [notice] A new release of pip is available: 23.0.1 -> 23.1.2\n[dd913e42-a7ec-4e66-ac07-ba802ed1b05a/Run tests]   | [notice] To update, run: pip install --upgrade pip\n[dd913e42-a7ec-4e66-ac07-ba802ed1b05a/Run tests]   | Collecting django>=4.2.2 (from -r requirements.txt (line 2))\n[dd913e42-a7ec-4e66-ac07-ba802ed1b05a/Run tests]   |   Downloading Django-4.2.2-py3-none-any.whl (8.0 MB)\n[dd913e42-a7ec-4e66-ac07-ba802ed1b05a/Run tests]   |      \u2501\u2501\u2501\u2501\u2501\u2501\u2501\u2501\u2501\u2501\u2501\u2501\u2501\u2501\u2501\u2501\u2501\u2501\u2501\u2501\u2501\u2501\u2501\u2501\u2501\u2501\u2501\u2501\u2501\u2501\u2501\u2501\u2501\u2501\u2501\u2501\u2501\u2501\u2501\u2501 8.0/8.0 MB 36.0 MB/s eta 0:00:00\n[dd913e42-a7ec-4e66-ac07-ba802ed1b05a/Run tests]   | Collecting Pillow (from -r requirements.txt (line 3))\n[dd913e42-a7ec-4e66-ac07-ba802ed1b05a/Run tests]   |   Downloading Pillow-10.0.0-cp310-cp310-manylinux_2_28_x86_64.whl (3.4 MB)\n[dd913e42-a7ec-4e66-ac07-ba802ed1b05a/Run tests]   |      \u2501\u2501\u2501\u2501\u2501\u2501\u2501\u2501\u2501\u2501\u2501\u2501\u2501\u2501\u2501\u2501\u2501\u2501\u2501\u2501\u2501\u2501\u2501\u2501\u2501\u2501\u2501\u2501\u2501\u2501\u2501\u2501\u2501\u2501\u2501\u2501\u2501\u2501\u2501\u2501 3.4/3.4 MB 12.7 MB/s eta 0:00:00\n[dd913e42-a7ec-4e66-ac07-ba802ed1b05a/Run tests]   | Collecting requests (from -r requirements.txt (line 4))\n[dd913e42-a7ec-4e66-ac07-ba802ed1b05a/Run tests]   |   Downloading requests-2.31.0-py3-none-any.whl (62 kB)\n[dd913e42-a7ec-4e66-ac07-ba802ed1b05a/Run tests]   |      \u2501\u2501\u2501\u2501\u2501\u2501\u2501\u2501\u2501\u2501\u2501\u2501\u2501\u2501\u2501\u2501\u2501\u2501\u2501\u2501\u2501\u2501\u2501\u2501\u2501\u2501\u2501\u2501\u2501\u2501\u2501\u2501\u2501\u2501\u2501\u2501\u2501\u2501\u2501\u2501 62.6/62.6 kB 1.2 MB/s eta 0:00:00\n[dd913e42-a7ec-4e66-ac07-ba802ed1b05a/Run tests]   | Collecting python-magic (from -r requirements.txt (line 5))\n[dd913e42-a7ec-4e66-ac07-ba802ed1b05a/Run tests]   |   Downloading python_magic-0.4.27-py2.py3-none-any.whl (13 kB)\n[dd913e42-a7ec-4e66-ac07-ba802ed1b05a/Run tests]   | Collecting psycopg2-binary (from -r requirements.txt (line 6))\n[dd913e42-a7ec-4e66-ac07-ba802ed1b05a/Run tests]   |   Downloading psycopg2_binary-2.9.6-cp310-cp310-manylinux_2_17_x86_64.manylinux2014_x86_64.whl (3.0 MB)\n[dd913e42-a7ec-4e66-ac07-ba802ed1b05a/Run tests]   |      \u2501\u2501\u2501\u2501\u2501\u2501\u2501\u2501\u2501\u2501\u2501\u2501\u2501\u2501\u2501\u2501\u2501\u2501\u2501\u2501\u2501\u2501\u2501\u2501\u2501\u2501\u2501\u2501\u2501\u2501\u2501\u2501\u2501\u2501\u2501\u2501\u2501\u2501\u2501\u2501 3.0/3.0 MB 14.9 MB/s eta 0:00:00\n[dd913e42-a7ec-4e66-ac07-ba802ed1b05a/Run tests]   | Collecting django-model-utils (from -r requirements.txt (line 7))\n[dd913e42-a7ec-4e66-ac07-ba802ed1b05a/Run tests]   |   Downloading django_model_utils-4.3.1-py3-none-any.whl (36 kB)\n[dd913e42-a7ec-4e66-ac07-ba802ed1b05a/Run tests]   | Collecting django-sendfile2 (from -r requirements.txt (line 8))\n[dd913e42-a7ec-4e66-ac07-ba802ed1b05a/Run tests]   |   Downloading django_sendfile2-0.7.0-py3-none-any.whl (10 kB)\n[dd913e42-a7ec-4e66-ac07-ba802ed1b05a/Run tests]   | Collecting bleach (from -r requirements.txt (line 9))\n[dd913e42-a7ec-4e66-ac07-ba802ed1b05a/Run tests]   |   Downloading bleach-6.0.0-py3-none-any.whl (162 kB)\n[dd913e42-a7ec-4e66-ac07-ba802ed1b05a/Run tests]   |      \u2501\u2501\u2501\u2501\u2501\u2501\u2501\u2501\u2501\u2501\u2501\u2501\u2501\u2501\u2501\u2501\u2501\u2501\u2501\u2501\u2501\u2501\u2501\u2501\u2501\u2501\u2501\u2501\u2501\u2501\u2501\u2501\u2501\u2501\u2501\u2501\u2501\u2501\u2501 162.5/162.5 kB 5.0 MB/s eta 0:00:00\n[dd913e42-a7ec-4e66-ac07-ba802ed1b05a/Run tests]   | Collecting pre-commit (from -r requirements.txt (line 12))\n[dd913e42-a7ec-4e66-ac07-ba802ed1b05a/Run tests]   |   Downloading pre_commit-3.3.3-py2.py3-none-any.whl (202 kB)\n[dd913e42-a7ec-4e66-ac07-ba802ed1b05a/Run tests]   |      \u2501\u2501\u2501\u2501\u2501\u2501\u2501\u2501\u2501\u2501\u2501\u2501\u2501\u2501\u2501\u2501\u2501\u2501\u2501\u2501\u2501\u2501\u2501\u2501\u2501\u2501\u2501\u2501\u2501\u2501\u2501\u2501\u2501\u2501\u2501\u2501\u2501\u2501\u2501 202.8/202.8 kB 2.3 MB/s eta 0:00:00\n[dd913e42-a7ec-4e66-ac07-ba802ed1b05a/Run tests]   | Collecting black (from -r requirements.txt (line 13))\n[dd913e42-a7ec-4e66-ac07-ba802ed1b05a/Run tests]   |   Downloading black-23.3.0-cp310-cp310-manylinux_2_17_x86_64.manylinux2014_x86_64.whl (1.7 MB)\n[dd913e42-a7ec-4e66-ac07-ba802ed1b05a/Run tests]   |      \u2501\u2501\u2501\u2501\u2501\u2501\u2501\u2501\u2501\u2501\u2501\u2501\u2501\u2501\u2501\u2501\u2501\u2501\u2501\u2501\u2501\u2501\u2501\u2501\u2501\u2501\u2501\u2501\u2501\u2501\u2501\u2501\u2501\u2501\u2501\u2501\u2501\u2501\u2501\u2501 1.7/1.7 MB 16.0 MB/s eta 0:00:00\n[dd913e42-a7ec-4e66-ac07-ba802ed1b05a/Run tests]   | Collecting pytest (from -r requirements.txt (line 16))\n[dd913e42-a7ec-4e66-ac07-ba802ed1b05a/Run tests]   |   Downloading pytest-7.4.0-py3-none-any.whl (323 kB)\n[dd913e42-a7ec-4e66-ac07-ba802ed1b05a/Run tests]   |      \u2501\u2501\u2501\u2501\u2501\u2501\u2501\u2501\u2501\u2501\u2501\u2501\u2501\u2501\u2501\u2501\u2501\u2501\u2501\u2501\u2501\u2501\u2501\u2501\u2501\u2501\u2501\u2501\u2501\u2501\u2501\u2501\u2501\u2501\u2501\u2501\u2501\u2501\u2501 323.6/323.6 kB 5.7 MB/s eta 0:00:00\n[dd913e42-a7ec-4e66-ac07-ba802ed1b05a/Run tests]   | Collecting pytest-django (from -r requirements.txt (line 17))\n[dd913e42-a7ec-4e66-ac07-ba802ed1b05a/Run tests]   |   Downloading pytest_django-4.5.2-py3-none-any.whl (20 kB)\n[dd913e42-a7ec-4e66-ac07-ba802ed1b05a/Run tests]   | Collecting asgiref<4,>=3.6.0 (from django>=4.2.2->-r requirements.txt (line 2))\n[dd913e42-a7ec-4e66-ac07-ba802ed1b05a/Run tests]   |   Downloading asgiref-3.7.2-py3-none-any.whl (24 kB)\n[dd913e42-a7ec-4e66-ac07-ba802ed1b05a/Run tests]   | Collecting sqlparse>=0.3.1 (from django>=4.2.2->-r requirements.txt (line 2))\n[dd913e42-a7ec-4e66-ac07-ba802ed1b05a/Run tests]   |   Downloading sqlparse-0.4.4-py3-none-any.whl (41 kB)\n[dd913e42-a7ec-4e66-ac07-ba802ed1b05a/Run tests]   |      \u2501\u2501\u2501\u2501\u2501\u2501\u2501\u2501\u2501\u2501\u2501\u2501\u2501\u2501\u2501\u2501\u2501\u2501\u2501\u2501\u2501\u2501\u2501\u2501\u2501\u2501\u2501\u2501\u2501\u2501\u2501\u2501\u2501\u2501\u2501\u2501\u2501\u2501\u2501 41.2/41.2 kB 710.2 kB/s eta 0:00:00\n[dd913e42-a7ec-4e66-ac07-ba802ed1b05a/Run tests]   | Collecting charset-normalizer<4,>=2 (from requests->-r requirements.txt (line 4))\n[dd913e42-a7ec-4e66-ac07-ba802ed1b05a/Run tests]   |   Downloading charset_normalizer-3.1.0-cp310-cp310-manylinux_2_17_x86_64.manylinux2014_x86_64.whl (199 kB)\n[dd913e42-a7ec-4e66-ac07-ba802ed1b05a/Run tests]   |      \u2501\u2501\u2501\u2501\u2501\u2501\u2501\u2501\u2501\u2501\u2501\u2501\u2501\u2501\u2501\u2501\u2501\u2501\u2501\u2501\u2501\u2501\u2501\u2501\u2501\u2501\u2501\u2501\u2501\u2501\u2501\u2501\u2501\u2501\u2501\u2501\u2501\u2501 199.3/199.3 kB 17.4 MB/s eta 0:00:00\n[dd913e42-a7ec-4e66-ac07-ba802ed1b05a/Run tests]   | Collecting idna<4,>=2.5 (from requests->-r requirements.txt (line 4))\n[dd913e42-a7ec-4e66-ac07-ba802ed1b05a/Run tests]   |   Downloading idna-3.4-py3-none-any.whl (61 kB)\n[dd913e42-a7ec-4e66-ac07-ba802ed1b05a/Run tests]   |      \u2501\u2501\u2501\u2501\u2501\u2501\u2501\u2501\u2501\u2501\u2501\u2501\u2501\u2501\u2501\u2501\u2501\u2501\u2501\u2501\u2501\u2501\u2501\u2501\u2501\u2501\u2501\u2501\u2501\u2501\u2501\u2501\u2501\u2501\u2501\u2501\u2501\u2501\u2501 61.5/61.5 kB 584.2 kB/s eta 0:00:00\n[dd913e42-a7ec-4e66-ac07-ba802ed1b05a/Run tests]   | Collecting urllib3<3,>=1.21.1 (from requests->-r requirements.txt (line 4))\n[dd913e42-a7ec-4e66-ac07-ba802ed1b05a/Run tests]   |   Downloading urllib3-2.0.3-py3-none-any.whl (123 kB)\n[dd913e42-a7ec-4e66-ac07-ba802ed1b05a/Run tests]   |      \u2501\u2501\u2501\u2501\u2501\u2501\u2501\u2501\u2501\u2501\u2501\u2501\u2501\u2501\u2501\u2501\u2501\u2501\u2501\u2501\u2501\u2501\u2501\u2501\u2501\u2501\u2501\u2501\u2501\u2501\u2501\u2501\u2501\u2501\u2501\u2501\u2501 123.6/123.6 kB 766.4 kB/s eta 0:00:00\n[dd913e42-a7ec-4e66-ac07-ba802ed1b05a/Run tests]   | Collecting certifi>=2017.4.17 (from requests->-r requirements.txt (line 4))\n[dd913e42-a7ec-4e66-ac07-ba802ed1b05a/Run tests]   |   Downloading certifi-2023.5.7-py3-none-any.whl (156 kB)\n[dd913e42-a7ec-4e66-ac07-ba802ed1b05a/Run tests]   |      \u2501\u2501\u2501\u2501\u2501\u2501\u2501\u2501\u2501\u2501\u2501\u2501\u2501\u2501\u2501\u2501\u2501\u2501\u2501\u2501\u2501\u2501\u2501\u2501\u2501\u2501\u2501\u2501\u2501\u2501\u2501\u2501\u2501\u2501\u2501\u2501\u2501\u2501\u2501 157.0/157.0 kB 1.4 MB/s eta 0:00:00\n[dd913e42-a7ec-4e66-ac07-ba802ed1b05a/Run tests]   | Collecting six>=1.9.0 (from bleach->-r requirements.txt (line 9))\n[dd913e42-a7ec-4e66-ac07-ba802ed1b05a/Run tests]   |   Downloading six-1.16.0-py2.py3-none-any.whl (11 kB)\n[dd913e42-a7ec-4e66-ac07-ba802ed1b05a/Run tests]   | Collecting webencodings (from bleach->-r requirements.txt (line 9))\n[dd913e42-a7ec-4e66-ac07-ba802ed1b05a/Run tests]   |   Downloading webencodings-0.5.1-py2.py3-none-any.whl (11 kB)\n[dd913e42-a7ec-4e66-ac07-ba802ed1b05a/Run tests]   | Collecting cfgv>=2.0.0 (from pre-commit->-r requirements.txt (line 12))\n[dd913e42-a7ec-4e66-ac07-ba802ed1b05a/Run tests]   |   Downloading cfgv-3.3.1-py2.py3-none-any.whl (7.3 kB)\n[dd913e42-a7ec-4e66-ac07-ba802ed1b05a/Run tests]   | Collecting identify>=1.0.0 (from pre-commit->-r requirements.txt (line 12))\n[dd913e42-a7ec-4e66-ac07-ba802ed1b05a/Run tests]   |   Downloading identify-2.5.24-py2.py3-none-any.whl (98 kB)\n[dd913e42-a7ec-4e66-ac07-ba802ed1b05a/Run tests]   |      \u2501\u2501\u2501\u2501\u2501\u2501\u2501\u2501\u2501\u2501\u2501\u2501\u2501\u2501\u2501\u2501\u2501\u2501\u2501\u2501\u2501\u2501\u2501\u2501\u2501\u2501\u2501\u2501\u2501\u2501\u2501\u2501\u2501\u2501\u2501\u2501\u2501\u2501\u2501\u2501 98.8/98.8 kB 2.3 MB/s eta 0:00:00\n[dd913e42-a7ec-4e66-ac07-ba802ed1b05a/Run tests]   | Collecting nodeenv>=0.11.1 (from pre-commit->-r requirements.txt (line 12))\n[dd913e42-a7ec-4e66-ac07-ba802ed1b05a/Run tests]   |   Downloading nodeenv-1.8.0-py2.py3-none-any.whl (22 kB)\n[dd913e42-a7ec-4e66-ac07-ba802ed1b05a/Run tests]   | Collecting pyyaml>=5.1 (from pre-commit->-r requirements.txt (line 12))\n[dd913e42-a7ec-4e66-ac07-ba802ed1b05a/Run tests]   |   Downloading PyYAML-6.0-cp310-cp310-manylinux_2_5_x86_64.manylinux1_x86_64.manylinux_2_12_x86_64.manylinux2010_x86_64.whl (682 kB)\n[dd913e42-a7ec-4e66-ac07-ba802ed1b05a/Run tests]   |      \u2501\u2501\u2501\u2501\u2501\u2501\u2501\u2501\u2501\u2501\u2501\u2501\u2501\u2501\u2501\u2501\u2501\u2501\u2501\u2501\u2501\u2501\u2501\u2501\u2501\u2501\u2501\u2501\u2501\u2501\u2501\u2501\u2501\u2501\u2501\u2501\u2501\u2501 682.2/682.2 kB 37.3 MB/s eta 0:00:00\n[dd913e42-a7ec-4e66-ac07-ba802ed1b05a/Run tests]   | Collecting virtualenv>=20.10.0 (from pre-commit->-r requirements.txt (line 12))\n[dd913e42-a7ec-4e66-ac07-ba802ed1b05a/Run tests]   |   Downloading virtualenv-20.23.1-py3-none-any.whl (3.3 MB)\n[dd913e42-a7ec-4e66-ac07-ba802ed1b05a/Run tests]   |      \u2501\u2501\u2501\u2501\u2501\u2501\u2501\u2501\u2501\u2501\u2501\u2501\u2501\u2501\u2501\u2501\u2501\u2501\u2501\u2501\u2501\u2501\u2501\u2501\u2501\u2501\u2501\u2501\u2501\u2501\u2501\u2501\u2501\u2501\u2501\u2501\u2501\u2501\u2501\u2501 3.3/3.3 MB 19.7 MB/s eta 0:00:00\n[dd913e42-a7ec-4e66-ac07-ba802ed1b05a/Run tests]   | Collecting click>=8.0.0 (from black->-r requirements.txt (line 13))\n[dd913e42-a7ec-4e66-ac07-ba802ed1b05a/Run tests]   |   Downloading click-8.1.3-py3-none-any.whl (96 kB)\n[dd913e42-a7ec-4e66-ac07-ba802ed1b05a/Run tests]   |      \u2501\u2501\u2501\u2501\u2501\u2501\u2501\u2501\u2501\u2501\u2501\u2501\u2501\u2501\u2501\u2501\u2501\u2501\u2501\u2501\u2501\u2501\u2501\u2501\u2501\u2501\u2501\u2501\u2501\u2501\u2501\u2501\u2501\u2501\u2501\u2501\u2501\u2501\u2501\u2501 96.6/96.6 kB 1.4 MB/s eta 0:00:00\n[dd913e42-a7ec-4e66-ac07-ba802ed1b05a/Run tests]   | Collecting mypy-extensions>=0.4.3 (from black->-r requirements.txt (line 13))\n[dd913e42-a7ec-4e66-ac07-ba802ed1b05a/Run tests]   |   Downloading mypy_extensions-1.0.0-py3-none-any.whl (4.7 kB)\n[dd913e42-a7ec-4e66-ac07-ba802ed1b05a/Run tests]   | Collecting packaging>=22.0 (from black->-r requirements.txt (line 13))\n[dd913e42-a7ec-4e66-ac07-ba802ed1b05a/Run tests]   |   Downloading packaging-23.1-py3-none-any.whl (48 kB)\n[dd913e42-a7ec-4e66-ac07-ba802ed1b05a/Run tests]   |      \u2501\u2501\u2501\u2501\u2501\u2501\u2501\u2501\u2501\u2501\u2501\u2501\u2501\u2501\u2501\u2501\u2501\u2501\u2501\u2501\u2501\u2501\u2501\u2501\u2501\u2501\u2501\u2501\u2501\u2501\u2501\u2501\u2501\u2501\u2501\u2501\u2501\u2501\u2501\u2501 48.9/48.9 kB 1.5 MB/s eta 0:00:00\n[dd913e42-a7ec-4e66-ac07-ba802ed1b05a/Run tests]   | Collecting pathspec>=0.9.0 (from black->-r requirements.txt (line 13))\n[dd913e42-a7ec-4e66-ac07-ba802ed1b05a/Run tests]   |   Downloading pathspec-0.11.1-py3-none-any.whl (29 kB)\n[dd913e42-a7ec-4e66-ac07-ba802ed1b05a/Run tests]   | Collecting platformdirs>=2 (from black->-r requirements.txt (line 13))\n[dd913e42-a7ec-4e66-ac07-ba802ed1b05a/Run tests]   |   Downloading platformdirs-3.8.0-py3-none-any.whl (16 kB)\n[dd913e42-a7ec-4e66-ac07-ba802ed1b05a/Run tests]   | Collecting tomli>=1.1.0 (from black->-r requirements.txt (line 13))\n[dd913e42-a7ec-4e66-ac07-ba802ed1b05a/Run tests]   |   Downloading tomli-2.0.1-py3-none-any.whl (12 kB)\n[dd913e42-a7ec-4e66-ac07-ba802ed1b05a/Run tests]   | Collecting iniconfig (from pytest->-r requirements.txt (line 16))\n[dd913e42-a7ec-4e66-ac07-ba802ed1b05a/Run tests]   |   Downloading iniconfig-2.0.0-py3-none-any.whl (5.9 kB)\n[dd913e42-a7ec-4e66-ac07-ba802ed1b05a/Run tests]   | Collecting pluggy<2.0,>=0.12 (from pytest->-r requirements.txt (line 16))\n[dd913e42-a7ec-4e66-ac07-ba802ed1b05a/Run tests]   |   Downloading pluggy-1.2.0-py3-none-any.whl (17 kB)\n[dd913e42-a7ec-4e66-ac07-ba802ed1b05a/Run tests]   | Collecting exceptiongroup>=1.0.0rc8 (from pytest->-r requirements.txt (line 16))\n[dd913e42-a7ec-4e66-ac07-ba802ed1b05a/Run tests]   |   Downloading exceptiongroup-1.1.1-py3-none-any.whl (14 kB)\n[dd913e42-a7ec-4e66-ac07-ba802ed1b05a/Run tests]   | Collecting typing-extensions>=4 (from asgiref<4,>=3.6.0->django>=4.2.2->-r requirements.txt (line 2))\n[dd913e42-a7ec-4e66-ac07-ba802ed1b05a/Run tests]   |   Downloading typing_extensions-4.7.0-py3-none-any.whl (33 kB)\n[dd913e42-a7ec-4e66-ac07-ba802ed1b05a/Run tests]   | Requirement already satisfied: setuptools in /opt/hostedtoolcache/Python/3.10.12/x64/lib/python3.10/site-packages (from nodeenv>=0.11.1->pre-commit->-r requirements.txt (line 12)) (65.5.0)\n[dd913e42-a7ec-4e66-ac07-ba802ed1b05a/Run tests]   | Collecting distlib<1,>=0.3.6 (from virtualenv>=20.10.0->pre-commit->-r requirements.txt (line 12))\n[dd913e42-a7ec-4e66-ac07-ba802ed1b05a/Run tests]   |   Downloading distlib-0.3.6-py2.py3-none-any.whl (468 kB)\n[dd913e42-a7ec-4e66-ac07-ba802ed1b05a/Run tests]   |      \u2501\u2501\u2501\u2501\u2501\u2501\u2501\u2501\u2501\u2501\u2501\u2501\u2501\u2501\u2501\u2501\u2501\u2501\u2501\u2501\u2501\u2501\u2501\u2501\u2501\u2501\u2501\u2501\u2501\u2501\u2501\u2501\u2501\u2501\u2501\u2501\u2501\u2501 468.5/468.5 kB 19.3 MB/s eta 0:00:00\n[dd913e42-a7ec-4e66-ac07-ba802ed1b05a/Run tests]   | Collecting filelock<4,>=3.12 (from virtualenv>=20.10.0->pre-commit->-r requirements.txt (line 12))\n[dd913e42-a7ec-4e66-ac07-ba802ed1b05a/Run tests]   |   Downloading filelock-3.12.2-py3-none-any.whl (10 kB)\n[dd913e42-a7ec-4e66-ac07-ba802ed1b05a/Run tests]   | Installing collected packages: webencodings, distlib, urllib3, typing-extensions, tomli, sqlparse, six, pyyaml, python-magic, psycopg2-binary, pluggy, platformdirs, Pillow, pathspec, packaging, nodeenv, mypy-extensions, iniconfig, idna, identify, filelock, exceptiongroup, click, charset-normalizer, cfgv, certifi, virtualenv, requests, pytest, bleach, black, asgiref, pytest-django, pre-commit, django, django-sendfile2, django-model-utils\n[dd913e42-a7ec-4e66-ac07-ba802ed1b05a/Run tests]   |   WARNING: The script sqlformat is installed in '/home/runneradmin/.local/bin' which is not on PATH.\n[dd913e42-a7ec-4e66-ac07-ba802ed1b05a/Run tests]   |   Consider adding this directory to PATH or, if you prefer to suppress this warning, use --no-warn-script-location.\n[dd913e42-a7ec-4e66-ac07-ba802ed1b05a/Run tests]   |   WARNING: The script nodeenv is installed in '/home/runneradmin/.local/bin' which is not on PATH.\n[dd913e42-a7ec-4e66-ac07-ba802ed1b05a/Run tests]   |   Consider adding this directory to PATH or, if you prefer to suppress this warning, use --no-warn-script-location.\n[dd913e42-a7ec-4e66-ac07-ba802ed1b05a/Run tests]   |   WARNING: The script identify-cli is installed in '/home/runneradmin/.local/bin' which is not on PATH.\n[dd913e42-a7ec-4e66-ac07-ba802ed1b05a/Run tests]   |   Consider adding this directory to PATH or, if you prefer to suppress this warning, use --no-warn-script-location.\n[dd913e42-a7ec-4e66-ac07-ba802ed1b05a/Run tests]   |   WARNING: The script normalizer is installed in '/home/runneradmin/.local/bin' which is not on PATH.\n[dd913e42-a7ec-4e66-ac07-ba802ed1b05a/Run tests]   |   Consider adding this directory to PATH or, if you prefer to suppress this warning, use --no-warn-script-location.\n[dd913e42-a7ec-4e66-ac07-ba802ed1b05a/Run tests]   |   WARNING: The script virtualenv is installed in '/home/runneradmin/.local/bin' which is not on PATH.\n[dd913e42-a7ec-4e66-ac07-ba802ed1b05a/Run tests]   |   Consider adding this directory to PATH or, if you prefer to suppress this warning, use --no-warn-script-location.\n[dd913e42-a7ec-4e66-ac07-ba802ed1b05a/Run tests]   |   WARNING: The scripts py.test and pytest are installed in '/home/runneradmin/.local/bin' which is not on PATH.\n[dd913e42-a7ec-4e66-ac07-ba802ed1b05a/Run tests]   |   Consider adding this directory to PATH or, if you prefer to suppress this warning, use --no-warn-script-location.\n[dd913e42-a7ec-4e66-ac07-ba802ed1b05a/Run tests]   |   WARNING: The scripts black and blackd are installed in '/home/runneradmin/.local/bin' which is not on PATH.\n[dd913e42-a7ec-4e66-ac07-ba802ed1b05a/Run tests]   |   Consider adding this directory to PATH or, if you prefer to suppress this warning, use --no-warn-script-location.\n[dd913e42-a7ec-4e66-ac07-ba802ed1b05a/Run tests]   |   WARNING: The script pre-commit is installed in '/home/runneradmin/.local/bin' which is not on PATH.\n[dd913e42-a7ec-4e66-ac07-ba802ed1b05a/Run tests]   |   Consider adding this directory to PATH or, if you prefer to suppress this warning, use --no-warn-script-location.\n[dd913e42-a7ec-4e66-ac07-ba802ed1b05a/Run tests]   |   WARNING: The script django-admin is installed in '/home/runneradmin/.local/bin' which is not on PATH.\n[dd913e42-a7ec-4e66-ac07-ba802ed1b05a/Run tests]   |   Consider adding this directory to PATH or, if you prefer to suppress this warning, use --no-warn-script-location.\n[dd913e42-a7ec-4e66-ac07-ba802ed1b05a/Run tests]   | Successfully installed Pillow-10.0.0 asgiref-3.7.2 black-23.3.0 bleach-6.0.0 certifi-2023.5.7 cfgv-3.3.1 charset-normalizer-3.1.0 click-8.1.3 distlib-0.3.6 django-4.2.2 django-model-utils-4.3.1 django-sendfile2-0.7.0 exceptiongroup-1.1.1 filelock-3.12.2 identify-2.5.24 idna-3.4 iniconfig-2.0.0 mypy-extensions-1.0.0 nodeenv-1.8.0 packaging-23.1 pathspec-0.11.1 platformdirs-3.8.0 pluggy-1.2.0 pre-commit-3.3.3 psycopg2-binary-2.9.6 pytest-7.4.0 pytest-django-4.5.2 python-magic-0.4.27 pyyaml-6.0 requests-2.31.0 six-1.16.0 sqlparse-0.4.4 tomli-2.0.1 typing-extensions-4.7.0 urllib3-2.0.3 virtualenv-20.23.1 webencodings-0.5.1\n[dd913e42-a7ec-4e66-ac07-ba802ed1b05a/Run tests]   \u2705  Success - Main Python pre-requisites\n[dd913e42-a7ec-4e66-ac07-ba802ed1b05a/Run tests] \u2b50 Run Main Migrate DB\n[dd913e42-a7ec-4e66-ac07-ba802ed1b05a/Run tests]   \ud83d\udc33  docker exec cmd=[bash --noprofile --norc -e -o pipefail /var/run/act/workflow/4] user= workdir=\n[dd913e42-a7ec-4e66-ac07-ba802ed1b05a/Run tests]   | Traceback (most recent call last):\n[dd913e42-a7ec-4e66-ac07-ba802ed1b05a/Run tests]   |   File \"/home/runneradmin/.local/lib/python3.10/site-packages/django/db/backends/base/base.py\", line 289, in ensure_connection\n[dd913e42-a7ec-4e66-ac07-ba802ed1b05a/Run tests]   |     self.connect()\n[dd913e42-a7ec-4e66-ac07-ba802ed1b05a/Run tests]   |   File \"/home/runneradmin/.local/lib/python3.10/site-packages/django/utils/asyncio.py\", line 26, in inner\n[dd913e42-a7ec-4e66-ac07-ba802ed1b05a/Run tests]   |     return func(*args, **kwargs)\n[dd913e42-a7ec-4e66-ac07-ba802ed1b05a/Run tests]   |   File \"/home/runneradmin/.local/lib/python3.10/site-packages/django/db/backends/base/base.py\", line 270, in connect\n[dd913e42-a7ec-4e66-ac07-ba802ed1b05a/Run tests]   |     self.connection = self.get_new_connection(conn_params)\n[dd913e42-a7ec-4e66-ac07-ba802ed1b05a/Run tests]   |   File \"/home/runneradmin/.local/lib/python3.10/site-packages/django/utils/asyncio.py\", line 26, in inner\n[dd913e42-a7ec-4e66-ac07-ba802ed1b05a/Run tests]   |     return func(*args, **kwargs)\n[dd913e42-a7ec-4e66-ac07-ba802ed1b05a/Run tests]   |   File \"/home/runneradmin/.local/lib/python3.10/site-packages/django/db/backends/postgresql/base.py\", line 275, in get_new_connection\n[dd913e42-a7ec-4e66-ac07-ba802ed1b05a/Run tests]   |     connection = self.Database.connect(**conn_params)\n[dd913e42-a7ec-4e66-ac07-ba802ed1b05a/Run tests]   |   File \"/home/runneradmin/.local/lib/python3.10/site-packages/psycopg2/__init__.py\", line 122, in connect\n[dd913e42-a7ec-4e66-ac07-ba802ed1b05a/Run tests]   |     conn = _connect(dsn, connection_factory=connection_factory, **kwasync)\n[dd913e42-a7ec-4e66-ac07-ba802ed1b05a/Run tests]   | psycopg2.OperationalError: connection to server at \"localhost\" (127.0.0.1), port 5432 failed: Connection refused\n[dd913e42-a7ec-4e66-ac07-ba802ed1b05a/Run tests]   | \tIs the server running on that host and accepting TCP/IP connections?\n[dd913e42-a7ec-4e66-ac07-ba802ed1b05a/Run tests]   | \n[dd913e42-a7ec-4e66-ac07-ba802ed1b05a/Run tests]   | \n[dd913e42-a7ec-4e66-ac07-ba802ed1b05a/Run tests]   | The above exception was the direct cause of the following exception:\n[dd913e42-a7ec-4e66-ac07-ba802ed1b05a/Run tests]   | \n[dd913e42-a7ec-4e66-ac07-ba802ed1b05a/Run tests]   | Traceback (most recent call last):\n[dd913e42-a7ec-4e66-ac07-ba802ed1b05a/Run tests]   |   File \"/tmp/558156d8-17ed-11ee-8a50-bb14de238602/hugsy-ctfhub/manage.py\", line 22, in <module>\n[dd913e42-a7ec-4e66-ac07-ba802ed1b05a/Run tests]   |     main()\n[dd913e42-a7ec-4e66-ac07-ba802ed1b05a/Run tests]   |   File \"/tmp/558156d8-17ed-11ee-8a50-bb14de238602/hugsy-ctfhub/manage.py\", line 18, in main\n[dd913e42-a7ec-4e66-ac07-ba802ed1b05a/Run tests]   |     execute_from_command_line(sys.argv)\n[dd913e42-a7ec-4e66-ac07-ba802ed1b05a/Run tests]   |   File \"/home/runneradmin/.local/lib/python3.10/site-packages/django/core/management/__init__.py\", line 442, in execute_from_command_line\n[dd913e42-a7ec-4e66-ac07-ba802ed1b05a/Run tests]   |     utility.execute()\n[dd913e42-a7ec-4e66-ac07-ba802ed1b05a/Run tests]   |   File \"/home/runneradmin/.local/lib/python3.10/site-packages/django/core/management/__init__.py\", line 436, in execute\n[dd913e42-a7ec-4e66-ac07-ba802ed1b05a/Run tests]   |     self.fetch_command(subcommand).run_from_argv(self.argv)\n[dd913e42-a7ec-4e66-ac07-ba802ed1b05a/Run tests]   |   File \"/home/runneradmin/.local/lib/python3.10/site-packages/django/core/management/base.py\", line 412, in run_from_argv\n[dd913e42-a7ec-4e66-ac07-ba802ed1b05a/Run tests]   |     self.execute(*args, **cmd_options)\n[dd913e42-a7ec-4e66-ac07-ba802ed1b05a/Run tests]   |   File \"/home/runneradmin/.local/lib/python3.10/site-packages/django/core/management/base.py\", line 458, in execute\n[dd913e42-a7ec-4e66-ac07-ba802ed1b05a/Run tests]   |     output = self.handle(*args, **options)\n[dd913e42-a7ec-4e66-ac07-ba802ed1b05a/Run tests]   |   File \"/home/runneradmin/.local/lib/python3.10/site-packages/django/core/management/base.py\", line 106, in wrapper\n[dd913e42-a7ec-4e66-ac07-ba802ed1b05a/Run tests]   |     res = handle_func(*args, **kwargs)\n[dd913e42-a7ec-4e66-ac07-ba802ed1b05a/Run tests]   |   File \"/home/runneradmin/.local/lib/python3.10/site-packages/django/core/management/commands/migrate.py\", line 117, in handle\n[dd913e42-a7ec-4e66-ac07-ba802ed1b05a/Run tests]   |     executor = MigrationExecutor(connection, self.migration_progress_callback)\n[dd913e42-a7ec-4e66-ac07-ba802ed1b05a/Run tests]   |   File \"/home/runneradmin/.local/lib/python3.10/site-packages/django/db/migrations/executor.py\", line 18, in __init__\n[dd913e42-a7ec-4e66-ac07-ba802ed1b05a/Run tests]   |     self.loader = MigrationLoader(self.connection)\n[dd913e42-a7ec-4e66-ac07-ba802ed1b05a/Run tests]   |   File \"/home/runneradmin/.local/lib/python3.10/site-packages/django/db/migrations/loader.py\", line 58, in __init__\n[dd913e42-a7ec-4e66-ac07-ba802ed1b05a/Run tests]   |     self.build_graph()\n[dd913e42-a7ec-4e66-ac07-ba802ed1b05a/Run tests]   |   File \"/home/runneradmin/.local/lib/python3.10/site-packages/django/db/migrations/loader.py\", line 235, in build_graph\n[dd913e42-a7ec-4e66-ac07-ba802ed1b05a/Run tests]   |     self.applied_migrations = recorder.applied_migrations()\n[dd913e42-a7ec-4e66-ac07-ba802ed1b05a/Run tests]   |   File \"/home/runneradmin/.local/lib/python3.10/site-packages/django/db/migrations/recorder.py\", line 81, in applied_migrations\n[dd913e42-a7ec-4e66-ac07-ba802ed1b05a/Run tests]   |     if self.has_table():\n[dd913e42-a7ec-4e66-ac07-ba802ed1b05a/Run tests]   |   File \"/home/runneradmin/.local/lib/python3.10/site-packages/django/db/migrations/recorder.py\", line 57, in has_table\n[dd913e42-a7ec-4e66-ac07-ba802ed1b05a/Run tests]   |     with self.connection.cursor() as cursor:\n[dd913e42-a7ec-4e66-ac07-ba802ed1b05a/Run tests]   |   File \"/home/runneradmin/.local/lib/python3.10/site-packages/django/utils/asyncio.py\", line 26, in inner\n[dd913e42-a7ec-4e66-ac07-ba802ed1b05a/Run tests]   |     return func(*args, **kwargs)\n[dd913e42-a7ec-4e66-ac07-ba802ed1b05a/Run tests]   |   File \"/home/runneradmin/.local/lib/python3.10/site-packages/django/db/backends/base/base.py\", line 330, in cursor\n[dd913e42-a7ec-4e66-ac07-ba802ed1b05a/Run tests]   |     return self._cursor()\n[dd913e42-a7ec-4e66-ac07-ba802ed1b05a/Run tests]   |   File \"/home/runneradmin/.local/lib/python3.10/site-packages/django/db/backends/base/base.py\", line 306, in _cursor\n[dd913e42-a7ec-4e66-ac07-ba802ed1b05a/Run tests]   |     self.ensure_connection()\n[dd913e42-a7ec-4e66-ac07-ba802ed1b05a/Run tests]   |   File \"/home/runneradmin/.local/lib/python3.10/site-packages/django/utils/asyncio.py\", line 26, in inner\n[dd913e42-a7ec-4e66-ac07-ba802ed1b05a/Run tests]   |     return func(*args, **kwargs)\n[dd913e42-a7ec-4e66-ac07-ba802ed1b05a/Run tests]   |   File \"/home/runneradmin/.local/lib/python3.10/site-packages/django/db/backends/base/base.py\", line 288, in ensure_connection\n[dd913e42-a7ec-4e66-ac07-ba802ed1b05a/Run tests]   |     with self.wrap_database_errors:\n[dd913e42-a7ec-4e66-ac07-ba802ed1b05a/Run tests]   |   File \"/home/runneradmin/.local/lib/python3.10/site-packages/django/db/utils.py\", line 91, in __exit__\n[dd913e42-a7ec-4e66-ac07-ba802ed1b05a/Run tests]   |     raise dj_exc_value.with_traceback(traceback) from exc_value\n[dd913e42-a7ec-4e66-ac07-ba802ed1b05a/Run tests]   |   File \"/home/runneradmin/.local/lib/python3.10/site-packages/django/db/backends/base/base.py\", line 289, in ensure_connection\n[dd913e42-a7ec-4e66-ac07-ba802ed1b05a/Run tests]   |     self.connect()\n[dd913e42-a7ec-4e66-ac07-ba802ed1b05a/Run tests]   |   File \"/home/runneradmin/.local/lib/python3.10/site-packages/django/utils/asyncio.py\", line 26, in inner\n[dd913e42-a7ec-4e66-ac07-ba802ed1b05a/Run tests]   |     return func(*args, **kwargs)\n[dd913e42-a7ec-4e66-ac07-ba802ed1b05a/Run tests]   |   File \"/home/runneradmin/.local/lib/python3.10/site-packages/django/db/backends/base/base.py\", line 270, in connect\n[dd913e42-a7ec-4e66-ac07-ba802ed1b05a/Run tests]   |     self.connection = self.get_new_connection(conn_params)\n[dd913e42-a7ec-4e66-ac07-ba802ed1b05a/Run tests]   |   File \"/home/runneradmin/.local/lib/python3.10/site-packages/django/utils/asyncio.py\", line 26, in inner\n[dd913e42-a7ec-4e66-ac07-ba802ed1b05a/Run tests]   |     return func(*args, **kwargs)\n[dd913e42-a7ec-4e66-ac07-ba802ed1b05a/Run tests]   |   File \"/home/runneradmin/.local/lib/python3.10/site-packages/django/db/backends/postgresql/base.py\", line 275, in get_new_connection\n[dd913e42-a7ec-4e66-ac07-ba802ed1b05a/Run tests]   |     connection = self.Database.connect(**conn_params)\n[dd913e42-a7ec-4e66-ac07-ba802ed1b05a/Run tests]   |   File \"/home/runneradmin/.local/lib/python3.10/site-packages/psycopg2/__init__.py\", line 122, in connect\n[dd913e42-a7ec-4e66-ac07-ba802ed1b05a/Run tests]   |     conn = _connect(dsn, connection_factory=connection_factory, **kwasync)\n[dd913e42-a7ec-4e66-ac07-ba802ed1b05a/Run tests]   | django.db.utils.OperationalError: connection to server at \"localhost\" (127.0.0.1), port 5432 failed: Connection refused\n[dd913e42-a7ec-4e66-ac07-ba802ed1b05a/Run tests]   | \tIs the server running on that host and accepting TCP/IP connections?\n[dd913e42-a7ec-4e66-ac07-ba802ed1b05a/Run tests]   | \n[dd913e42-a7ec-4e66-ac07-ba802ed1b05a/Run tests]   \u274c  Failure - Main Migrate DB\n[dd913e42-a7ec-4e66-ac07-ba802ed1b05a/Run tests] exitcode '1': failure\n[dd913e42-a7ec-4e66-ac07-ba802ed1b05a/Run tests] \ud83c\udfc1  Job failed\n",
        "stderr": "Error: Job 'Run tests' failed\n",
        "workflow": {
            "path": "/tmp/558156d8-17ed-11ee-8a50-bb14de238602/hugsy-ctfhub/.github/workflows/test-crawler.yml",
            "type": "pytest"
        },
        "workflow_name": "dd913e42-a7ec-4e66-ac07-ba802ed1b05a",
        "build_tool": "pytest",
        "elapsed_time": 403.86967968940735
    }
}