{
    "repository": "InstituteforDiseaseModeling/covasim",
    "stars": 225,
    "language": "python",
    "size": 15249,
    "clone_url": "https://github.com/InstituteforDiseaseModeling/covasim.git",
    "timestamp": "2023-07-01T14:37:54.771007Z",
    "clone_success": true,
    "number_of_actions": 1,
    "number_of_test_actions": 1,
    "actions_successful": false,
    "actions_build_tools": [
        "pytest"
    ],
    "actions_test_build_tools": [
        "pytest"
    ],
    "actions_run": {
        "failed": true,
        "tests": [],
        "stdout": "[5966dc02-daf2-4d9b-a3ee-21b36b8f09e8/Run tests] \ud83d\ude80  Start image=crawlergpt:latest\n[5966dc02-daf2-4d9b-a3ee-21b36b8f09e8/Run tests]   \ud83d\udc33  docker pull image=crawlergpt:latest platform= username= forcePull=false\n[5966dc02-daf2-4d9b-a3ee-21b36b8f09e8/Run tests]   \ud83d\udc33  docker create image=crawlergpt:latest platform= entrypoint=[\"tail\" \"-f\" \"/dev/null\"] cmd=[]\n[5966dc02-daf2-4d9b-a3ee-21b36b8f09e8/Run tests]   \ud83d\udc33  docker run image=crawlergpt:latest platform= entrypoint=[\"tail\" \"-f\" \"/dev/null\"] cmd=[]\n[5966dc02-daf2-4d9b-a3ee-21b36b8f09e8/Run tests]   \ud83d\udc33  docker exec cmd=[chown -R 1012:1013 /tmp/558156d8-17ed-11ee-8a50-bb14de238602/InstituteforDiseaseModeling-covasim] user=0 workdir=\n[5966dc02-daf2-4d9b-a3ee-21b36b8f09e8/Run tests]   \u2601  git clone 'https://github.com/actions/setup-python' # ref=master\n[5966dc02-daf2-4d9b-a3ee-21b36b8f09e8/Run tests]   \u2601  git clone 'https://github.com/EnricoMi/publish-unit-test-result-action' # ref=v2\n[5966dc02-daf2-4d9b-a3ee-21b36b8f09e8/Run tests] \ud83e\uddea  Matrix: map[python-version:3.9]\n[5966dc02-daf2-4d9b-a3ee-21b36b8f09e8/Run tests] \u2b50 Run Main Checkout sources\n[5966dc02-daf2-4d9b-a3ee-21b36b8f09e8/Run tests]   \u2705  Success - Main Checkout sources\n[5966dc02-daf2-4d9b-a3ee-21b36b8f09e8/Run tests] \u2b50 Run Main actions/setup-python@master\n[5966dc02-daf2-4d9b-a3ee-21b36b8f09e8/Run tests]   \ud83d\udc33  docker cp src=/tmp/act-cache/daf2ea78-9b5f-4fd6-8424-6f04d352c32b/act/actions-setup-python@master/ dst=/var/run/act/actions/actions-setup-python@master/\n[5966dc02-daf2-4d9b-a3ee-21b36b8f09e8/Run tests]   \ud83d\udc33  docker exec cmd=[chown -R 1012:1013 /var/run/act/actions/actions-setup-python@master/] user=0 workdir=\n[5966dc02-daf2-4d9b-a3ee-21b36b8f09e8/Run tests]   \ud83d\udc33  docker exec cmd=[node /var/run/act/actions/actions-setup-python@master/dist/index.js] user= workdir=\n[5966dc02-daf2-4d9b-a3ee-21b36b8f09e8/Run tests]   \ud83d\udcac  ::debug::Semantic version spec of 3.9 is 3.9\n[5966dc02-daf2-4d9b-a3ee-21b36b8f09e8/Run tests]   \ud83d\udcac  ::debug::isExplicit: \n[5966dc02-daf2-4d9b-a3ee-21b36b8f09e8/Run tests]   \ud83d\udcac  ::debug::explicit? false\n[5966dc02-daf2-4d9b-a3ee-21b36b8f09e8/Run tests]   \ud83d\udcac  ::debug::isExplicit: 2.7.18\n[5966dc02-daf2-4d9b-a3ee-21b36b8f09e8/Run tests]   \ud83d\udcac  ::debug::explicit? true\n[5966dc02-daf2-4d9b-a3ee-21b36b8f09e8/Run tests]   \ud83d\udcac  ::debug::isExplicit: 3.5.10\n[5966dc02-daf2-4d9b-a3ee-21b36b8f09e8/Run tests]   \ud83d\udcac  ::debug::explicit? true\n[5966dc02-daf2-4d9b-a3ee-21b36b8f09e8/Run tests]   \ud83d\udcac  ::debug::isExplicit: 3.6.14\n[5966dc02-daf2-4d9b-a3ee-21b36b8f09e8/Run tests]   \ud83d\udcac  ::debug::explicit? true\n[5966dc02-daf2-4d9b-a3ee-21b36b8f09e8/Run tests]   \ud83d\udcac  ::debug::isExplicit: 3.7.11\n[5966dc02-daf2-4d9b-a3ee-21b36b8f09e8/Run tests]   \ud83d\udcac  ::debug::explicit? true\n[5966dc02-daf2-4d9b-a3ee-21b36b8f09e8/Run tests]   \ud83d\udcac  ::debug::isExplicit: 3.8.11\n[5966dc02-daf2-4d9b-a3ee-21b36b8f09e8/Run tests]   \ud83d\udcac  ::debug::explicit? true\n[5966dc02-daf2-4d9b-a3ee-21b36b8f09e8/Run tests]   \ud83d\udcac  ::debug::isExplicit: 3.9.6\n[5966dc02-daf2-4d9b-a3ee-21b36b8f09e8/Run tests]   \ud83d\udcac  ::debug::explicit? true\n[5966dc02-daf2-4d9b-a3ee-21b36b8f09e8/Run tests]   \ud83d\udcac  ::debug::evaluating 6 versions\n[5966dc02-daf2-4d9b-a3ee-21b36b8f09e8/Run tests]   \ud83d\udcac  ::debug::matched: 3.9.6\n[5966dc02-daf2-4d9b-a3ee-21b36b8f09e8/Run tests]   \ud83d\udcac  ::debug::checking cache: /opt/hostedtoolcache/Python/3.9.6/x64\n[5966dc02-daf2-4d9b-a3ee-21b36b8f09e8/Run tests]   \ud83d\udcac  ::debug::Found tool in cache Python 3.9.6 x64\n[5966dc02-daf2-4d9b-a3ee-21b36b8f09e8/Run tests]   \u2699  ::set-env:: pythonLocation=/opt/hostedtoolcache/Python/3.9.6/x64\n[5966dc02-daf2-4d9b-a3ee-21b36b8f09e8/Run tests]   \u2699  ::add-path:: /opt/hostedtoolcache/Python/3.9.6/x64\n[5966dc02-daf2-4d9b-a3ee-21b36b8f09e8/Run tests]   \u2699  ::add-path:: /opt/hostedtoolcache/Python/3.9.6/x64/bin\n[5966dc02-daf2-4d9b-a3ee-21b36b8f09e8/Run tests]   \u2699  ::set-output:: python-version=3.9.6\n[5966dc02-daf2-4d9b-a3ee-21b36b8f09e8/Run tests]   | Successfully setup CPython (3.9.6)\n[5966dc02-daf2-4d9b-a3ee-21b36b8f09e8/Run tests]   \u2753 add-matcher /run/act/actions/actions-setup-python@master/.github/python.json\n[5966dc02-daf2-4d9b-a3ee-21b36b8f09e8/Run tests]   \u2705  Success - Main actions/setup-python@master\n[5966dc02-daf2-4d9b-a3ee-21b36b8f09e8/Run tests] \u2b50 Run Main Install Covasim\n[5966dc02-daf2-4d9b-a3ee-21b36b8f09e8/Run tests]   \ud83d\udc33  docker exec cmd=[bash --noprofile --norc -e -o pipefail /var/run/act/workflow/2] user= workdir=\n[5966dc02-daf2-4d9b-a3ee-21b36b8f09e8/Run tests]   | Obtaining file:///tmp/558156d8-17ed-11ee-8a50-bb14de238602/InstituteforDiseaseModeling-covasim\n[5966dc02-daf2-4d9b-a3ee-21b36b8f09e8/Run tests]   | Collecting numpy\n[5966dc02-daf2-4d9b-a3ee-21b36b8f09e8/Run tests]   |   Downloading numpy-1.25.0-cp39-cp39-manylinux_2_17_x86_64.manylinux2014_x86_64.whl (17.7 MB)\n[5966dc02-daf2-4d9b-a3ee-21b36b8f09e8/Run tests]   | Collecting numba\n[5966dc02-daf2-4d9b-a3ee-21b36b8f09e8/Run tests]   |   Downloading numba-0.57.1-cp39-cp39-manylinux2014_x86_64.manylinux_2_17_x86_64.whl (3.6 MB)\n[5966dc02-daf2-4d9b-a3ee-21b36b8f09e8/Run tests]   | Collecting pandas\n[5966dc02-daf2-4d9b-a3ee-21b36b8f09e8/Run tests]   |   Downloading pandas-2.0.3-cp39-cp39-manylinux_2_17_x86_64.manylinux2014_x86_64.whl (12.4 MB)\n[5966dc02-daf2-4d9b-a3ee-21b36b8f09e8/Run tests]   | Collecting scipy\n[5966dc02-daf2-4d9b-a3ee-21b36b8f09e8/Run tests]   |   Downloading scipy-1.11.1-cp39-cp39-manylinux_2_17_x86_64.manylinux2014_x86_64.whl (36.5 MB)\n[5966dc02-daf2-4d9b-a3ee-21b36b8f09e8/Run tests]   | Collecting statsmodels\n[5966dc02-daf2-4d9b-a3ee-21b36b8f09e8/Run tests]   |   Downloading statsmodels-0.14.0-cp39-cp39-manylinux_2_17_x86_64.manylinux2014_x86_64.whl (10.1 MB)\n[5966dc02-daf2-4d9b-a3ee-21b36b8f09e8/Run tests]   | Collecting matplotlib\n[5966dc02-daf2-4d9b-a3ee-21b36b8f09e8/Run tests]   |   Downloading matplotlib-3.7.1-cp39-cp39-manylinux_2_17_x86_64.manylinux2014_x86_64.whl (11.6 MB)\n[5966dc02-daf2-4d9b-a3ee-21b36b8f09e8/Run tests]   | Collecting sciris>=2.0.4\n[5966dc02-daf2-4d9b-a3ee-21b36b8f09e8/Run tests]   |   Downloading sciris-3.0.0-py3-none-any.whl (213 kB)\n[5966dc02-daf2-4d9b-a3ee-21b36b8f09e8/Run tests]   | Collecting memory-profiler\n[5966dc02-daf2-4d9b-a3ee-21b36b8f09e8/Run tests]   |   Downloading memory_profiler-0.61.0-py3-none-any.whl (31 kB)\n[5966dc02-daf2-4d9b-a3ee-21b36b8f09e8/Run tests]   | Collecting multiprocess\n[5966dc02-daf2-4d9b-a3ee-21b36b8f09e8/Run tests]   |   Downloading multiprocess-0.70.14-py39-none-any.whl (132 kB)\n[5966dc02-daf2-4d9b-a3ee-21b36b8f09e8/Run tests]   | Collecting zstandard\n[5966dc02-daf2-4d9b-a3ee-21b36b8f09e8/Run tests]   |   Downloading zstandard-0.21.0-cp39-cp39-manylinux_2_17_x86_64.manylinux2014_x86_64.whl (2.7 MB)\n[5966dc02-daf2-4d9b-a3ee-21b36b8f09e8/Run tests]   | Collecting jellyfish\n[5966dc02-daf2-4d9b-a3ee-21b36b8f09e8/Run tests]   |   Downloading jellyfish-1.0.0-cp39-cp39-manylinux_2_17_x86_64.manylinux2014_x86_64.whl (1.2 MB)\n[5966dc02-daf2-4d9b-a3ee-21b36b8f09e8/Run tests]   | Collecting tqdm\n[5966dc02-daf2-4d9b-a3ee-21b36b8f09e8/Run tests]   |   Downloading tqdm-4.65.0-py3-none-any.whl (77 kB)\n[5966dc02-daf2-4d9b-a3ee-21b36b8f09e8/Run tests]   | Collecting xlsxwriter\n[5966dc02-daf2-4d9b-a3ee-21b36b8f09e8/Run tests]   |   Downloading XlsxWriter-3.1.2-py3-none-any.whl (153 kB)\n[5966dc02-daf2-4d9b-a3ee-21b36b8f09e8/Run tests]   | Collecting psutil\n[5966dc02-daf2-4d9b-a3ee-21b36b8f09e8/Run tests]   |   Downloading psutil-5.9.5-cp36-abi3-manylinux_2_12_x86_64.manylinux2010_x86_64.manylinux_2_17_x86_64.manylinux2014_x86_64.whl (282 kB)\n[5966dc02-daf2-4d9b-a3ee-21b36b8f09e8/Run tests]   | Collecting line-profiler\n[5966dc02-daf2-4d9b-a3ee-21b36b8f09e8/Run tests]   |   Downloading line_profiler-4.0.3-cp39-cp39-manylinux_2_17_x86_64.manylinux2014_x86_64.whl (662 kB)\n[5966dc02-daf2-4d9b-a3ee-21b36b8f09e8/Run tests]   | Collecting dill\n[5966dc02-daf2-4d9b-a3ee-21b36b8f09e8/Run tests]   |   Downloading dill-0.3.6-py3-none-any.whl (110 kB)\n[5966dc02-daf2-4d9b-a3ee-21b36b8f09e8/Run tests]   | Collecting jsonpickle\n[5966dc02-daf2-4d9b-a3ee-21b36b8f09e8/Run tests]   |   Downloading jsonpickle-3.0.1-py2.py3-none-any.whl (40 kB)\n[5966dc02-daf2-4d9b-a3ee-21b36b8f09e8/Run tests]   | Collecting gitpython\n[5966dc02-daf2-4d9b-a3ee-21b36b8f09e8/Run tests]   |   Downloading GitPython-3.1.31-py3-none-any.whl (184 kB)\n[5966dc02-daf2-4d9b-a3ee-21b36b8f09e8/Run tests]   | Collecting openpyxl\n[5966dc02-daf2-4d9b-a3ee-21b36b8f09e8/Run tests]   |   Downloading openpyxl-3.1.2-py2.py3-none-any.whl (249 kB)\n[5966dc02-daf2-4d9b-a3ee-21b36b8f09e8/Run tests]   | Collecting pyyaml\n[5966dc02-daf2-4d9b-a3ee-21b36b8f09e8/Run tests]   |   Downloading PyYAML-6.0-cp39-cp39-manylinux_2_5_x86_64.manylinux1_x86_64.manylinux_2_12_x86_64.manylinux2010_x86_64.whl (661 kB)\n[5966dc02-daf2-4d9b-a3ee-21b36b8f09e8/Run tests]   | Collecting packaging\n[5966dc02-daf2-4d9b-a3ee-21b36b8f09e8/Run tests]   |   Downloading packaging-23.1-py3-none-any.whl (48 kB)\n[5966dc02-daf2-4d9b-a3ee-21b36b8f09e8/Run tests]   | Collecting gitdb<5,>=4.0.1\n[5966dc02-daf2-4d9b-a3ee-21b36b8f09e8/Run tests]   |   Downloading gitdb-4.0.10-py3-none-any.whl (62 kB)\n[5966dc02-daf2-4d9b-a3ee-21b36b8f09e8/Run tests]   | Collecting smmap<6,>=3.0.1\n[5966dc02-daf2-4d9b-a3ee-21b36b8f09e8/Run tests]   |   Downloading smmap-5.0.0-py3-none-any.whl (24 kB)\n[5966dc02-daf2-4d9b-a3ee-21b36b8f09e8/Run tests]   | Collecting importlib-resources>=3.2.0\n[5966dc02-daf2-4d9b-a3ee-21b36b8f09e8/Run tests]   |   Downloading importlib_resources-5.12.0-py3-none-any.whl (36 kB)\n[5966dc02-daf2-4d9b-a3ee-21b36b8f09e8/Run tests]   | Collecting python-dateutil>=2.7\n[5966dc02-daf2-4d9b-a3ee-21b36b8f09e8/Run tests]   |   Downloading python_dateutil-2.8.2-py2.py3-none-any.whl (247 kB)\n[5966dc02-daf2-4d9b-a3ee-21b36b8f09e8/Run tests]   | Collecting pyparsing>=2.3.1\n[5966dc02-daf2-4d9b-a3ee-21b36b8f09e8/Run tests]   |   Downloading pyparsing-3.1.0-py3-none-any.whl (102 kB)\n[5966dc02-daf2-4d9b-a3ee-21b36b8f09e8/Run tests]   | Collecting pillow>=6.2.0\n[5966dc02-daf2-4d9b-a3ee-21b36b8f09e8/Run tests]   |   Downloading Pillow-9.5.0-cp39-cp39-manylinux_2_28_x86_64.whl (3.4 MB)\n[5966dc02-daf2-4d9b-a3ee-21b36b8f09e8/Run tests]   | Collecting contourpy>=1.0.1\n[5966dc02-daf2-4d9b-a3ee-21b36b8f09e8/Run tests]   |   Downloading contourpy-1.1.0-cp39-cp39-manylinux_2_17_x86_64.manylinux2014_x86_64.whl (300 kB)\n[5966dc02-daf2-4d9b-a3ee-21b36b8f09e8/Run tests]   | Collecting fonttools>=4.22.0\n[5966dc02-daf2-4d9b-a3ee-21b36b8f09e8/Run tests]   |   Downloading fonttools-4.40.0-cp39-cp39-manylinux_2_17_x86_64.manylinux2014_x86_64.whl (4.4 MB)\n[5966dc02-daf2-4d9b-a3ee-21b36b8f09e8/Run tests]   | Collecting kiwisolver>=1.0.1\n[5966dc02-daf2-4d9b-a3ee-21b36b8f09e8/Run tests]   |   Downloading kiwisolver-1.4.4-cp39-cp39-manylinux_2_12_x86_64.manylinux2010_x86_64.whl (1.6 MB)\n[5966dc02-daf2-4d9b-a3ee-21b36b8f09e8/Run tests]   | Collecting cycler>=0.10\n[5966dc02-daf2-4d9b-a3ee-21b36b8f09e8/Run tests]   |   Downloading cycler-0.11.0-py3-none-any.whl (6.4 kB)\n[5966dc02-daf2-4d9b-a3ee-21b36b8f09e8/Run tests]   | Collecting zipp>=3.1.0\n[5966dc02-daf2-4d9b-a3ee-21b36b8f09e8/Run tests]   |   Downloading zipp-3.15.0-py3-none-any.whl (6.8 kB)\n[5966dc02-daf2-4d9b-a3ee-21b36b8f09e8/Run tests]   | Collecting six>=1.5\n[5966dc02-daf2-4d9b-a3ee-21b36b8f09e8/Run tests]   |   Downloading six-1.16.0-py2.py3-none-any.whl (11 kB)\n[5966dc02-daf2-4d9b-a3ee-21b36b8f09e8/Run tests]   | Collecting numpy\n[5966dc02-daf2-4d9b-a3ee-21b36b8f09e8/Run tests]   |   Downloading numpy-1.24.4-cp39-cp39-manylinux_2_17_x86_64.manylinux2014_x86_64.whl (17.3 MB)\n[5966dc02-daf2-4d9b-a3ee-21b36b8f09e8/Run tests]   | Collecting llvmlite<0.41,>=0.40.0dev0\n[5966dc02-daf2-4d9b-a3ee-21b36b8f09e8/Run tests]   |   Downloading llvmlite-0.40.1-cp39-cp39-manylinux_2_17_x86_64.manylinux2014_x86_64.whl (42.1 MB)\n[5966dc02-daf2-4d9b-a3ee-21b36b8f09e8/Run tests]   | Collecting et-xmlfile\n[5966dc02-daf2-4d9b-a3ee-21b36b8f09e8/Run tests]   |   Downloading et_xmlfile-1.1.0-py3-none-any.whl (4.7 kB)\n[5966dc02-daf2-4d9b-a3ee-21b36b8f09e8/Run tests]   | Collecting pytz>=2020.1\n[5966dc02-daf2-4d9b-a3ee-21b36b8f09e8/Run tests]   |   Downloading pytz-2023.3-py2.py3-none-any.whl (502 kB)\n[5966dc02-daf2-4d9b-a3ee-21b36b8f09e8/Run tests]   | Collecting tzdata>=2022.1\n[5966dc02-daf2-4d9b-a3ee-21b36b8f09e8/Run tests]   |   Downloading tzdata-2023.3-py2.py3-none-any.whl (341 kB)\n[5966dc02-daf2-4d9b-a3ee-21b36b8f09e8/Run tests]   | Collecting patsy>=0.5.2\n[5966dc02-daf2-4d9b-a3ee-21b36b8f09e8/Run tests]   |   Downloading patsy-0.5.3-py2.py3-none-any.whl (233 kB)\n[5966dc02-daf2-4d9b-a3ee-21b36b8f09e8/Run tests]   | Installing collected packages: zipp, smmap, six, numpy, tzdata, pytz, python-dateutil, pyparsing, psutil, pillow, packaging, kiwisolver, importlib-resources, gitdb, fonttools, et-xmlfile, dill, cycler, contourpy, zstandard, xlsxwriter, tqdm, scipy, pyyaml, patsy, pandas, openpyxl, multiprocess, memory-profiler, matplotlib, llvmlite, line-profiler, jsonpickle, jellyfish, gitpython, statsmodels, sciris, numba, covasim\n[5966dc02-daf2-4d9b-a3ee-21b36b8f09e8/Run tests]   |   Running setup.py develop for covasim\n[5966dc02-daf2-4d9b-a3ee-21b36b8f09e8/Run tests]   | Successfully installed contourpy-1.1.0 covasim-3.1.4 cycler-0.11.0 dill-0.3.6 et-xmlfile-1.1.0 fonttools-4.40.0 gitdb-4.0.10 gitpython-3.1.31 importlib-resources-5.12.0 jellyfish-1.0.0 jsonpickle-3.0.1 kiwisolver-1.4.4 line-profiler-4.0.3 llvmlite-0.40.1 matplotlib-3.7.1 memory-profiler-0.61.0 multiprocess-0.70.14 numba-0.57.1 numpy-1.24.4 openpyxl-3.1.2 packaging-23.1 pandas-2.0.3 patsy-0.5.3 pillow-9.5.0 psutil-5.9.5 pyparsing-3.1.0 python-dateutil-2.8.2 pytz-2023.3 pyyaml-6.0 scipy-1.11.1 sciris-3.0.0 six-1.16.0 smmap-5.0.0 statsmodels-0.14.0 tqdm-4.65.0 tzdata-2023.3 xlsxwriter-3.1.2 zipp-3.15.0 zstandard-0.21.0\n[5966dc02-daf2-4d9b-a3ee-21b36b8f09e8/Run tests]   | WARNING: You are using pip version 21.2.4; however, version 23.1.2 is available.\n[5966dc02-daf2-4d9b-a3ee-21b36b8f09e8/Run tests]   | You should consider upgrading via the '/opt/hostedtoolcache/Python/3.9.6/x64/bin/python -m pip install --upgrade pip' command.\n[5966dc02-daf2-4d9b-a3ee-21b36b8f09e8/Run tests]   \u2705  Success - Main Install Covasim\n[5966dc02-daf2-4d9b-a3ee-21b36b8f09e8/Run tests] \u2b50 Run Main Install tests\n[5966dc02-daf2-4d9b-a3ee-21b36b8f09e8/Run tests]   \ud83d\udc33  docker exec cmd=[bash --noprofile --norc -e -o pipefail /var/run/act/workflow/3] user= workdir=./tests\n[5966dc02-daf2-4d9b-a3ee-21b36b8f09e8/Run tests]   | Collecting pytest\n[5966dc02-daf2-4d9b-a3ee-21b36b8f09e8/Run tests]   |   Downloading pytest-7.4.0-py3-none-any.whl (323 kB)\n[5966dc02-daf2-4d9b-a3ee-21b36b8f09e8/Run tests]   | Collecting pytest-cov\n[5966dc02-daf2-4d9b-a3ee-21b36b8f09e8/Run tests]   |   Downloading pytest_cov-4.1.0-py3-none-any.whl (21 kB)\n[5966dc02-daf2-4d9b-a3ee-21b36b8f09e8/Run tests]   | Collecting pytest-parallel\n[5966dc02-daf2-4d9b-a3ee-21b36b8f09e8/Run tests]   |   Downloading pytest_parallel-0.1.1-py3-none-any.whl (7.0 kB)\n[5966dc02-daf2-4d9b-a3ee-21b36b8f09e8/Run tests]   | Collecting optuna\n[5966dc02-daf2-4d9b-a3ee-21b36b8f09e8/Run tests]   |   Downloading optuna-3.2.0-py3-none-any.whl (390 kB)\n[5966dc02-daf2-4d9b-a3ee-21b36b8f09e8/Run tests]   | Collecting exceptiongroup>=1.0.0rc8\n[5966dc02-daf2-4d9b-a3ee-21b36b8f09e8/Run tests]   |   Downloading exceptiongroup-1.1.1-py3-none-any.whl (14 kB)\n[5966dc02-daf2-4d9b-a3ee-21b36b8f09e8/Run tests]   | Collecting tomli>=1.0.0\n[5966dc02-daf2-4d9b-a3ee-21b36b8f09e8/Run tests]   |   Downloading tomli-2.0.1-py3-none-any.whl (12 kB)\n[5966dc02-daf2-4d9b-a3ee-21b36b8f09e8/Run tests]   | Collecting iniconfig\n[5966dc02-daf2-4d9b-a3ee-21b36b8f09e8/Run tests]   |   Downloading iniconfig-2.0.0-py3-none-any.whl (5.9 kB)\n[5966dc02-daf2-4d9b-a3ee-21b36b8f09e8/Run tests]   | Requirement already satisfied: packaging in /opt/hostedtoolcache/Python/3.9.6/x64/lib/python3.9/site-packages (from pytest->-r requirements_test.txt (line 1)) (23.1)\n[5966dc02-daf2-4d9b-a3ee-21b36b8f09e8/Run tests]   | Collecting pluggy<2.0,>=0.12\n[5966dc02-daf2-4d9b-a3ee-21b36b8f09e8/Run tests]   |   Downloading pluggy-1.2.0-py3-none-any.whl (17 kB)\n[5966dc02-daf2-4d9b-a3ee-21b36b8f09e8/Run tests]   | Collecting coverage[toml]>=5.2.1\n[5966dc02-daf2-4d9b-a3ee-21b36b8f09e8/Run tests]   |   Downloading coverage-7.2.7-cp39-cp39-manylinux_2_5_x86_64.manylinux1_x86_64.manylinux_2_17_x86_64.manylinux2014_x86_64.whl (228 kB)\n[5966dc02-daf2-4d9b-a3ee-21b36b8f09e8/Run tests]   | Collecting tblib\n[5966dc02-daf2-4d9b-a3ee-21b36b8f09e8/Run tests]   |   Downloading tblib-2.0.0-py3-none-any.whl (11 kB)\n[5966dc02-daf2-4d9b-a3ee-21b36b8f09e8/Run tests]   | Collecting colorlog\n[5966dc02-daf2-4d9b-a3ee-21b36b8f09e8/Run tests]   |   Downloading colorlog-6.7.0-py2.py3-none-any.whl (11 kB)\n[5966dc02-daf2-4d9b-a3ee-21b36b8f09e8/Run tests]   | Requirement already satisfied: numpy in /opt/hostedtoolcache/Python/3.9.6/x64/lib/python3.9/site-packages (from optuna->-r requirements_test.txt (line 4)) (1.24.4)\n[5966dc02-daf2-4d9b-a3ee-21b36b8f09e8/Run tests]   | Collecting alembic>=1.5.0\n[5966dc02-daf2-4d9b-a3ee-21b36b8f09e8/Run tests]   |   Downloading alembic-1.11.1-py3-none-any.whl (224 kB)\n[5966dc02-daf2-4d9b-a3ee-21b36b8f09e8/Run tests]   | Collecting sqlalchemy>=1.3.0\n[5966dc02-daf2-4d9b-a3ee-21b36b8f09e8/Run tests]   |   Downloading SQLAlchemy-2.0.17-cp39-cp39-manylinux_2_17_x86_64.manylinux2014_x86_64.whl (2.8 MB)\n[5966dc02-daf2-4d9b-a3ee-21b36b8f09e8/Run tests]   | Collecting cmaes>=0.9.1\n[5966dc02-daf2-4d9b-a3ee-21b36b8f09e8/Run tests]   |   Downloading cmaes-0.9.1-py3-none-any.whl (21 kB)\n[5966dc02-daf2-4d9b-a3ee-21b36b8f09e8/Run tests]   | Requirement already satisfied: tqdm in /opt/hostedtoolcache/Python/3.9.6/x64/lib/python3.9/site-packages (from optuna->-r requirements_test.txt (line 4)) (4.65.0)\n[5966dc02-daf2-4d9b-a3ee-21b36b8f09e8/Run tests]   | Requirement already satisfied: PyYAML in /opt/hostedtoolcache/Python/3.9.6/x64/lib/python3.9/site-packages (from optuna->-r requirements_test.txt (line 4)) (6.0)\n[5966dc02-daf2-4d9b-a3ee-21b36b8f09e8/Run tests]   | Collecting Mako\n[5966dc02-daf2-4d9b-a3ee-21b36b8f09e8/Run tests]   |   Downloading Mako-1.2.4-py3-none-any.whl (78 kB)\n[5966dc02-daf2-4d9b-a3ee-21b36b8f09e8/Run tests]   | Collecting typing-extensions>=4\n[5966dc02-daf2-4d9b-a3ee-21b36b8f09e8/Run tests]   |   Downloading typing_extensions-4.7.0-py3-none-any.whl (33 kB)\n[5966dc02-daf2-4d9b-a3ee-21b36b8f09e8/Run tests]   | Collecting greenlet!=0.4.17\n[5966dc02-daf2-4d9b-a3ee-21b36b8f09e8/Run tests]   |   Downloading greenlet-2.0.2-cp39-cp39-manylinux_2_17_x86_64.manylinux2014_x86_64.whl (610 kB)\n[5966dc02-daf2-4d9b-a3ee-21b36b8f09e8/Run tests]   | Collecting MarkupSafe>=0.9.2\n[5966dc02-daf2-4d9b-a3ee-21b36b8f09e8/Run tests]   |   Downloading MarkupSafe-2.1.3-cp39-cp39-manylinux_2_17_x86_64.manylinux2014_x86_64.whl (25 kB)\n[5966dc02-daf2-4d9b-a3ee-21b36b8f09e8/Run tests]   | Installing collected packages: typing-extensions, MarkupSafe, greenlet, tomli, sqlalchemy, pluggy, Mako, iniconfig, exceptiongroup, coverage, tblib, pytest, colorlog, cmaes, alembic, pytest-parallel, pytest-cov, optuna\n[5966dc02-daf2-4d9b-a3ee-21b36b8f09e8/Run tests]   | Successfully installed Mako-1.2.4 MarkupSafe-2.1.3 alembic-1.11.1 cmaes-0.9.1 colorlog-6.7.0 coverage-7.2.7 exceptiongroup-1.1.1 greenlet-2.0.2 iniconfig-2.0.0 optuna-3.2.0 pluggy-1.2.0 pytest-7.4.0 pytest-cov-4.1.0 pytest-parallel-0.1.1 sqlalchemy-2.0.17 tblib-2.0.0 tomli-2.0.1 typing-extensions-4.7.0\n[5966dc02-daf2-4d9b-a3ee-21b36b8f09e8/Run tests]   | WARNING: You are using pip version 21.2.4; however, version 23.1.2 is available.\n[5966dc02-daf2-4d9b-a3ee-21b36b8f09e8/Run tests]   | You should consider upgrading via the '/opt/hostedtoolcache/Python/3.9.6/x64/bin/python -m pip install --upgrade pip' command.\n[5966dc02-daf2-4d9b-a3ee-21b36b8f09e8/Run tests]   \u2705  Success - Main Install tests\n[5966dc02-daf2-4d9b-a3ee-21b36b8f09e8/Run tests] \u2b50 Run Main Run integration tests\n[5966dc02-daf2-4d9b-a3ee-21b36b8f09e8/Run tests]   \ud83d\udc33  docker exec cmd=[bash --noprofile --norc -e -o pipefail /var/run/act/workflow/4] user= workdir=./tests\n[5966dc02-daf2-4d9b-a3ee-21b36b8f09e8/Run tests]   | INTERNALERROR> Traceback (most recent call last):\n[5966dc02-daf2-4d9b-a3ee-21b36b8f09e8/Run tests]   | INTERNALERROR>   File \"/opt/hostedtoolcache/Python/3.9.6/x64/lib/python3.9/site-packages/_pytest/main.py\", line 266, in wrap_session\n[5966dc02-daf2-4d9b-a3ee-21b36b8f09e8/Run tests]   | INTERNALERROR>     config._do_configure()\n[5966dc02-daf2-4d9b-a3ee-21b36b8f09e8/Run tests]   | INTERNALERROR>   File \"/opt/hostedtoolcache/Python/3.9.6/x64/lib/python3.9/site-packages/_pytest/config/__init__.py\", line 1054, in _do_configure\n[5966dc02-daf2-4d9b-a3ee-21b36b8f09e8/Run tests]   | INTERNALERROR>     self.hook.pytest_configure.call_historic(kwargs=dict(config=self))\n[5966dc02-daf2-4d9b-a3ee-21b36b8f09e8/Run tests]   | INTERNALERROR>   File \"/opt/hostedtoolcache/Python/3.9.6/x64/lib/python3.9/site-packages/pluggy/_hooks.py\", line 452, in call_historic\n[5966dc02-daf2-4d9b-a3ee-21b36b8f09e8/Run tests]   | INTERNALERROR>     res = self._hookexec(self.name, self._hookimpls, kwargs, False)\n[5966dc02-daf2-4d9b-a3ee-21b36b8f09e8/Run tests]   | INTERNALERROR>   File \"/opt/hostedtoolcache/Python/3.9.6/x64/lib/python3.9/site-packages/pluggy/_manager.py\", line 112, in _hookexec\n[5966dc02-daf2-4d9b-a3ee-21b36b8f09e8/Run tests]   | INTERNALERROR>     return self._inner_hookexec(hook_name, methods, kwargs, firstresult)\n[5966dc02-daf2-4d9b-a3ee-21b36b8f09e8/Run tests]   | INTERNALERROR>   File \"/opt/hostedtoolcache/Python/3.9.6/x64/lib/python3.9/site-packages/pluggy/_callers.py\", line 116, in _multicall\n[5966dc02-daf2-4d9b-a3ee-21b36b8f09e8/Run tests]   | INTERNALERROR>     raise exception.with_traceback(exception.__traceback__)\n[5966dc02-daf2-4d9b-a3ee-21b36b8f09e8/Run tests]   | INTERNALERROR>   File \"/opt/hostedtoolcache/Python/3.9.6/x64/lib/python3.9/site-packages/pluggy/_callers.py\", line 80, in _multicall\n[5966dc02-daf2-4d9b-a3ee-21b36b8f09e8/Run tests]   | INTERNALERROR>     res = hook_impl.function(*args)\n[5966dc02-daf2-4d9b-a3ee-21b36b8f09e8/Run tests]   | INTERNALERROR>   File \"/opt/hostedtoolcache/Python/3.9.6/x64/lib/python3.9/site-packages/pytest_parallel/__init__.py\", line 111, in pytest_configure\n[5966dc02-daf2-4d9b-a3ee-21b36b8f09e8/Run tests]   | INTERNALERROR>     config.pluginmanager.register(ParallelRunner(config), 'parallelrunner')\n[5966dc02-daf2-4d9b-a3ee-21b36b8f09e8/Run tests]   | INTERNALERROR>   File \"/opt/hostedtoolcache/Python/3.9.6/x64/lib/python3.9/site-packages/pytest_parallel/__init__.py\", line 196, in __init__\n[5966dc02-daf2-4d9b-a3ee-21b36b8f09e8/Run tests]   | INTERNALERROR>     self._log = py.log.Producer('pytest-parallel')\n[5966dc02-daf2-4d9b-a3ee-21b36b8f09e8/Run tests]   | INTERNALERROR> AttributeError: module 'py' has no attribute 'log'\n[5966dc02-daf2-4d9b-a3ee-21b36b8f09e8/Run tests]   \u274c  Failure - Main Run integration tests\n[5966dc02-daf2-4d9b-a3ee-21b36b8f09e8/Run tests] exitcode '3': failure\n[5966dc02-daf2-4d9b-a3ee-21b36b8f09e8/Run tests] \u2b50 Run Main Publish test Results\n[5966dc02-daf2-4d9b-a3ee-21b36b8f09e8/Run tests]   \ud83d\udc33  docker pull image=ghcr.io/enricomi/publish-unit-test-result-action:v2.8.0 platform= username= forcePull=false\n[5966dc02-daf2-4d9b-a3ee-21b36b8f09e8/Run tests]   \ud83d\udc33  docker create image=ghcr.io/enricomi/publish-unit-test-result-action:v2.8.0 platform= entrypoint=[] cmd=[]\n[5966dc02-daf2-4d9b-a3ee-21b36b8f09e8/Run tests]   \ud83d\udc33  docker run image=ghcr.io/enricomi/publish-unit-test-result-action:v2.8.0 platform= entrypoint=[] cmd=[]\n[5966dc02-daf2-4d9b-a3ee-21b36b8f09e8/Run tests]   | Traceback (most recent call last):\n[5966dc02-daf2-4d9b-a3ee-21b36b8f09e8/Run tests]   |   File \"/action/publish_test_results.py\", line 545, in <module>\n[5966dc02-daf2-4d9b-a3ee-21b36b8f09e8/Run tests]   |     settings = get_settings(options, gha)\n[5966dc02-daf2-4d9b-a3ee-21b36b8f09e8/Run tests]   |   File \"/action/publish_test_results.py\", line 506, in get_settings\n[5966dc02-daf2-4d9b-a3ee-21b36b8f09e8/Run tests]   |     check_var(settings.commit, 'COMMIT, GITHUB_SHA or event file', 'Commit SHA')\n[5966dc02-daf2-4d9b-a3ee-21b36b8f09e8/Run tests]   |   File \"/action/publish_test_results.py\", line 352, in check_var\n[5966dc02-daf2-4d9b-a3ee-21b36b8f09e8/Run tests]   |     raise RuntimeError(f'{label} must be provided via action input or environment variable {name}')\n[5966dc02-daf2-4d9b-a3ee-21b36b8f09e8/Run tests]   | RuntimeError: Commit SHA must be provided via action input or environment variable COMMIT, GITHUB_SHA or event file\n[5966dc02-daf2-4d9b-a3ee-21b36b8f09e8/Run tests]   \u274c  Failure - Main Publish test Results\n[5966dc02-daf2-4d9b-a3ee-21b36b8f09e8/Run tests] exit with `FAILURE`: 1\n[5966dc02-daf2-4d9b-a3ee-21b36b8f09e8/Run tests] \ud83c\udfc1  Job failed\n",
        "stderr": "Error: Job 'Run tests' failed\n",
        "workflow": {
            "path": "/tmp/558156d8-17ed-11ee-8a50-bb14de238602/InstituteforDiseaseModeling-covasim/.github/workflows/tests-crawler.yaml",
            "type": "pytest"
        },
        "workflow_name": "5966dc02-daf2-4d9b-a3ee-21b36b8f09e8",
        "build_tool": "pytest",
        "elapsed_time": 318.52533316612244
    }
}