{
    "repository": "iocage/iocage",
    "stars": 562,
    "language": "python",
    "size": 6710,
    "clone_url": "https://github.com/iocage/iocage.git",
    "timestamp": "2023-06-28T11:46:12.053158Z",
    "clone_success": true,
    "number_of_actions": 1,
    "number_of_test_actions": 1,
    "actions_successful": true,
    "actions_build_tools": [
        "pytest"
    ],
    "actions_test_build_tools": [
        "pytest"
    ],
    "actions_run": {
        "failed": false,
        "tests": [
            {
                "classname": "tests.unit_tests.1000_lib_start_test",
                "name": "test_should_return_mtu_of_first_member",
                "time": 0.013,
                "results": [
                    {
                        "result": "Passed",
                        "message": "",
                        "type": ""
                    }
                ],
                "stdout": null,
                "stderr": null
            },
            {
                "classname": "tests.unit_tests.1000_lib_start_test",
                "name": "test_should_return_mtu_of_first_member_with_description",
                "time": 0.017,
                "results": [
                    {
                        "result": "Passed",
                        "message": "",
                        "type": ""
                    }
                ],
                "stdout": null,
                "stderr": null
            },
            {
                "classname": "tests.unit_tests.1000_lib_start_test",
                "name": "test_should_return_default_mtu_if_no_members",
                "time": 0.013,
                "results": [
                    {
                        "result": "Failure",
                        "message": "AttributeError: 'called_with' is not a valid assertion. Use a spec for the mock if 'called_with' is meant to be an attribute.",
                        "type": null
                    }
                ],
                "stdout": null,
                "stderr": null
            },
            {
                "classname": "tests.unit_tests.1000_lib_start_test",
                "name": "test_should_return_default_interface[test_input0-inet0]",
                "time": 0.025,
                "results": [
                    {
                        "result": "Passed",
                        "message": "",
                        "type": ""
                    }
                ],
                "stdout": null,
                "stderr": null
            },
            {
                "classname": "tests.unit_tests.1000_lib_start_test",
                "name": "test_should_return_default_interface[test_input1-inet0]",
                "time": 0.002,
                "results": [
                    {
                        "result": "Passed",
                        "message": "",
                        "type": ""
                    }
                ],
                "stdout": null,
                "stderr": null
            },
            {
                "classname": "tests.unit_tests.1000_lib_start_test",
                "name": "test_should_return_default_interface[test_input2-mgmt0]",
                "time": 0.002,
                "results": [
                    {
                        "result": "Passed",
                        "message": "",
                        "type": ""
                    }
                ],
                "stdout": null,
                "stderr": null
            },
            {
                "classname": "tests.unit_tests.1000_lib_start_test",
                "name": "test_should_return_default_interface[test_input3-Exception]",
                "time": 0.002,
                "results": [
                    {
                        "result": "Passed",
                        "message": "",
                        "type": ""
                    }
                ],
                "stdout": null,
                "stderr": null
            },
            {
                "classname": "tests.unit_tests.1000_lib_start_test",
                "name": "test_should_return_default_gateway[test_input0-expected0]",
                "time": 0.002,
                "results": [
                    {
                        "result": "Passed",
                        "message": "",
                        "type": ""
                    }
                ],
                "stdout": null,
                "stderr": null
            },
            {
                "classname": "tests.unit_tests.1000_lib_start_test",
                "name": "test_should_return_default_gateway[test_input1-expected1]",
                "time": 0.002,
                "results": [
                    {
                        "result": "Passed",
                        "message": "",
                        "type": ""
                    }
                ],
                "stdout": null,
                "stderr": null
            },
            {
                "classname": "tests.unit_tests.1000_lib_start_test",
                "name": "test_should_return_default_gateway[test_input2-expected2]",
                "time": 0.007,
                "results": [
                    {
                        "result": "Passed",
                        "message": "",
                        "type": ""
                    }
                ],
                "stdout": null,
                "stderr": null
            },
            {
                "classname": "tests.unit_tests.1000_lib_start_test",
                "name": "test_should_return_default_gateway[test_input3-expected3]",
                "time": 0.002,
                "results": [
                    {
                        "result": "Passed",
                        "message": "",
                        "type": ""
                    }
                ],
                "stdout": null,
                "stderr": null
            },
            {
                "classname": "tests.unit_tests.1000_lib_start_test",
                "name": "test_should_return_default_gateway[test_input4-expected4]",
                "time": 0.002,
                "results": [
                    {
                        "result": "Passed",
                        "message": "",
                        "type": ""
                    }
                ],
                "stdout": null,
                "stderr": null
            },
            {
                "classname": "tests.unit_tests.1001_lib_cpuset_validation_test",
                "name": "test_01_full_range",
                "time": 0.004,
                "results": [
                    {
                        "result": "Passed",
                        "message": "",
                        "type": ""
                    }
                ],
                "stdout": null,
                "stderr": null
            },
            {
                "classname": "tests.unit_tests.1001_lib_cpuset_validation_test",
                "name": "test_02_subset_of_complete_range",
                "time": 0.001,
                "results": [
                    {
                        "result": "Passed",
                        "message": "",
                        "type": ""
                    }
                ],
                "stdout": null,
                "stderr": null
            },
            {
                "classname": "tests.unit_tests.1001_lib_cpuset_validation_test",
                "name": "test_03_order_is_irrelevant",
                "time": 0.012,
                "results": [
                    {
                        "result": "Passed",
                        "message": "",
                        "type": ""
                    }
                ],
                "stdout": null,
                "stderr": null
            },
            {
                "classname": "tests.unit_tests.1001_lib_cpuset_validation_test",
                "name": "test_04_duplicates_are_not_allowed",
                "time": 0.002,
                "results": [
                    {
                        "result": "Passed",
                        "message": "",
                        "type": ""
                    }
                ],
                "stdout": null,
                "stderr": null
            },
            {
                "classname": "tests.unit_tests.1001_lib_cpuset_validation_test",
                "name": "test_05_order_for_commas_to_be_respected",
                "time": 0.001,
                "results": [
                    {
                        "result": "Passed",
                        "message": "",
                        "type": ""
                    }
                ],
                "stdout": null,
                "stderr": null
            },
            {
                "classname": "tests.unit_tests.1001_lib_cpuset_validation_test",
                "name": "test_06_invalid_cpuset_value_not_allowed",
                "time": 0.015,
                "results": [
                    {
                        "result": "Passed",
                        "message": "",
                        "type": ""
                    }
                ],
                "stdout": null,
                "stderr": null
            },
            {
                "classname": "tests.unit_tests.1001_lib_cpuset_validation_test",
                "name": "test_07_cpuset_value_not_retrieved",
                "time": 0.023,
                "results": [
                    {
                        "result": "Passed",
                        "message": "",
                        "type": ""
                    }
                ],
                "stdout": null,
                "stderr": null
            },
            {
                "classname": "tests.unit_tests.1001_lib_cpuset_validation_test",
                "name": "test_08_single_cpuset_value",
                "time": 0.004,
                "results": [
                    {
                        "result": "Passed",
                        "message": "",
                        "type": ""
                    }
                ],
                "stdout": null,
                "stderr": null
            },
            {
                "classname": "tests.unit_tests.1001_lib_cpuset_validation_test",
                "name": "test_09_valid_range",
                "time": 0.001,
                "results": [
                    {
                        "result": "Passed",
                        "message": "",
                        "type": ""
                    }
                ],
                "stdout": null,
                "stderr": null
            },
            {
                "classname": "tests.unit_tests.1001_lib_cpuset_validation_test",
                "name": "test_10_invalid_range_not_allowed",
                "time": 0.001,
                "results": [
                    {
                        "result": "Passed",
                        "message": "",
                        "type": ""
                    }
                ],
                "stdout": null,
                "stderr": null
            },
            {
                "classname": "tests.unit_tests.1001_lib_cpuset_validation_test",
                "name": "test_11_subset_of_cpus_in_range",
                "time": 0.001,
                "results": [
                    {
                        "result": "Passed",
                        "message": "",
                        "type": ""
                    }
                ],
                "stdout": null,
                "stderr": null
            },
            {
                "classname": "tests.unit_tests.1001_lib_cpuset_validation_test",
                "name": "test_12_off_value",
                "time": 0.016,
                "results": [
                    {
                        "result": "Passed",
                        "message": "",
                        "type": ""
                    }
                ],
                "stdout": null,
                "stderr": null
            },
            {
                "classname": "tests.unit_tests.1001_lib_cpuset_validation_test",
                "name": "test_13_all_value",
                "time": 0.007,
                "results": [
                    {
                        "result": "Passed",
                        "message": "",
                        "type": ""
                    }
                ],
                "stdout": null,
                "stderr": null
            },
            {
                "classname": "tests.unit_tests.1001_lib_cpuset_validation_test",
                "name": "test_14_invalid_value_not_allowed",
                "time": 0.008,
                "results": [
                    {
                        "result": "Passed",
                        "message": "",
                        "type": ""
                    }
                ],
                "stdout": null,
                "stderr": null
            },
            {
                "classname": "tests.unit_tests.1002_lib_pkg_parsing_test",
                "name": "test_01_version_check",
                "time": 0.001,
                "results": [
                    {
                        "result": "Passed",
                        "message": "",
                        "type": ""
                    }
                ],
                "stdout": null,
                "stderr": null
            },
            {
                "classname": "tests.unit_tests.1002_lib_pkg_parsing_test",
                "name": "test_02_revision",
                "time": 0.001,
                "results": [
                    {
                        "result": "Passed",
                        "message": "",
                        "type": ""
                    }
                ],
                "stdout": null,
                "stderr": null
            },
            {
                "classname": "tests.unit_tests.1002_lib_pkg_parsing_test",
                "name": "test_03_epoch",
                "time": 0.001,
                "results": [
                    {
                        "result": "Passed",
                        "message": "",
                        "type": ""
                    }
                ],
                "stdout": null,
                "stderr": null
            },
            {
                "classname": "tests.unit_tests.1002_lib_pkg_parsing_test",
                "name": "test_04_version_revision_epoch",
                "time": 0.001,
                "results": [
                    {
                        "result": "Passed",
                        "message": "",
                        "type": ""
                    }
                ],
                "stdout": null,
                "stderr": null
            },
            {
                "classname": "tests.unit_tests.1003_lib_host_gateways_test",
                "name": "test_01_get_host_gateways",
                "time": 0.002,
                "results": [
                    {
                        "result": "Passed",
                        "message": "",
                        "type": ""
                    }
                ],
                "stdout": null,
                "stderr": null
            },
            {
                "classname": "tests.unit_tests.1004_lib_plugin_manifest_test",
                "name": "test_validate_plugin_manifest",
                "time": 0.004,
                "results": [
                    {
                        "result": "Passed",
                        "message": "",
                        "type": ""
                    }
                ],
                "stdout": null,
                "stderr": null
            },
            {
                "classname": "tests.unit_tests.1004_lib_plugin_manifest_test",
                "name": "test_missing_required_fields[name]",
                "time": 0.044,
                "results": [
                    {
                        "result": "Passed",
                        "message": "",
                        "type": ""
                    }
                ],
                "stdout": null,
                "stderr": null
            },
            {
                "classname": "tests.unit_tests.1004_lib_plugin_manifest_test",
                "name": "test_missing_required_fields[release]",
                "time": 0.003,
                "results": [
                    {
                        "result": "Passed",
                        "message": "",
                        "type": ""
                    }
                ],
                "stdout": null,
                "stderr": null
            },
            {
                "classname": "tests.unit_tests.1004_lib_plugin_manifest_test",
                "name": "test_missing_required_fields[pkgs]",
                "time": 0.002,
                "results": [
                    {
                        "result": "Passed",
                        "message": "",
                        "type": ""
                    }
                ],
                "stdout": null,
                "stderr": null
            },
            {
                "classname": "tests.unit_tests.1004_lib_plugin_manifest_test",
                "name": "test_missing_required_fields[packagesite]",
                "time": 0.002,
                "results": [
                    {
                        "result": "Passed",
                        "message": "",
                        "type": ""
                    }
                ],
                "stdout": null,
                "stderr": null
            },
            {
                "classname": "tests.unit_tests.1004_lib_plugin_manifest_test",
                "name": "test_missing_required_fields[fingerprints]",
                "time": 0.002,
                "results": [
                    {
                        "result": "Passed",
                        "message": "",
                        "type": ""
                    }
                ],
                "stdout": null,
                "stderr": null
            },
            {
                "classname": "tests.unit_tests.1004_lib_plugin_manifest_test",
                "name": "test_missing_required_fields[artifact]",
                "time": 0.009,
                "results": [
                    {
                        "result": "Passed",
                        "message": "",
                        "type": ""
                    }
                ],
                "stdout": null,
                "stderr": null
            },
            {
                "classname": "tests.unit_tests.1004_lib_plugin_manifest_test",
                "name": "test_missing_multiple_required_fields",
                "time": 0.002,
                "results": [
                    {
                        "result": "Passed",
                        "message": "",
                        "type": ""
                    }
                ],
                "stdout": null,
                "stderr": null
            },
            {
                "classname": "tests.unit_tests.1004_lib_plugin_manifest_test",
                "name": "test_devfs_ruleset_not_dict",
                "time": 0.002,
                "results": [
                    {
                        "result": "Passed",
                        "message": "",
                        "type": ""
                    }
                ],
                "stdout": null,
                "stderr": null
            },
            {
                "classname": "tests.unit_tests.1004_lib_plugin_manifest_test",
                "name": "test_devfs_ruleset_missing_paths",
                "time": 0.002,
                "results": [
                    {
                        "result": "Passed",
                        "message": "",
                        "type": ""
                    }
                ],
                "stdout": null,
                "stderr": null
            },
            {
                "classname": "tests.unit_tests.1004_lib_plugin_manifest_test",
                "name": "test_devfs_ruleset_invalid_paths_type",
                "time": 0.006,
                "results": [
                    {
                        "result": "Passed",
                        "message": "",
                        "type": ""
                    }
                ],
                "stdout": null,
                "stderr": null
            },
            {
                "classname": "tests.unit_tests.1004_lib_plugin_manifest_test",
                "name": "test_devfs_ruleset_invalid_includes_type",
                "time": 0.024,
                "results": [
                    {
                        "result": "Passed",
                        "message": "",
                        "type": ""
                    }
                ],
                "stdout": null,
                "stderr": null
            },
            {
                "classname": "tests.unit_tests.1004_lib_plugin_manifest_test",
                "name": "test_valid_devfs_ruleset",
                "time": 0.005,
                "results": [
                    {
                        "result": "Passed",
                        "message": "",
                        "type": ""
                    }
                ],
                "stdout": null,
                "stderr": null
            }
        ],
        "stdout": "[d8a1e34b-6e08-4ceb-b9e4-5a658fcff1d3/test] \ud83d\ude80  Start image=crawlergpt:latest\n[d8a1e34b-6e08-4ceb-b9e4-5a658fcff1d3/test]   \ud83d\udc33  docker pull image=crawlergpt:latest platform= username= forcePull=false\n[d8a1e34b-6e08-4ceb-b9e4-5a658fcff1d3/test]   \ud83d\udc33  docker create image=crawlergpt:latest platform= entrypoint=[\"tail\" \"-f\" \"/dev/null\"] cmd=[]\n[d8a1e34b-6e08-4ceb-b9e4-5a658fcff1d3/test]   \ud83d\udc33  docker run image=crawlergpt:latest platform= entrypoint=[\"tail\" \"-f\" \"/dev/null\"] cmd=[]\n[d8a1e34b-6e08-4ceb-b9e4-5a658fcff1d3/test]   \ud83d\udc33  docker exec cmd=[chown -R 1012:1013 /tmp/ad9c0f7e-1596-11ee-8a50-bb14de238602/iocage-iocage] user=0 workdir=\n[d8a1e34b-6e08-4ceb-b9e4-5a658fcff1d3/test]   \u2601  git clone 'https://github.com/actions/setup-python' # ref=v2\n[d8a1e34b-6e08-4ceb-b9e4-5a658fcff1d3/test] \ud83e\uddea  Matrix: map[python-version:3.6]\n[d8a1e34b-6e08-4ceb-b9e4-5a658fcff1d3/test] \u2b50 Run Main actions/checkout@v2\n[d8a1e34b-6e08-4ceb-b9e4-5a658fcff1d3/test]   \u2705  Success - Main actions/checkout@v2\n[d8a1e34b-6e08-4ceb-b9e4-5a658fcff1d3/test] \u2b50 Run Main Set up Python 3.6\n[d8a1e34b-6e08-4ceb-b9e4-5a658fcff1d3/test]   \ud83d\udc33  docker cp src=/tmp/act-cache/bdb02297-d218-410e-b661-332ee822a1a1/act/actions-setup-python@v2/ dst=/var/run/act/actions/actions-setup-python@v2/\n[d8a1e34b-6e08-4ceb-b9e4-5a658fcff1d3/test]   \ud83d\udc33  docker exec cmd=[chown -R 1012:1013 /var/run/act/actions/actions-setup-python@v2/] user=0 workdir=\n[d8a1e34b-6e08-4ceb-b9e4-5a658fcff1d3/test]   \ud83d\udc33  docker exec cmd=[node /var/run/act/actions/actions-setup-python@v2/dist/setup/index.js] user= workdir=\n[d8a1e34b-6e08-4ceb-b9e4-5a658fcff1d3/test]   \ud83d\udcac  ::debug::Semantic version spec of 3.6 is 3.6\n[d8a1e34b-6e08-4ceb-b9e4-5a658fcff1d3/test]   \ud83d\udcac  ::debug::isExplicit: \n[d8a1e34b-6e08-4ceb-b9e4-5a658fcff1d3/test]   \ud83d\udcac  ::debug::explicit? false\n[d8a1e34b-6e08-4ceb-b9e4-5a658fcff1d3/test]   \ud83d\udcac  ::debug::isExplicit: 2.7.18\n[d8a1e34b-6e08-4ceb-b9e4-5a658fcff1d3/test]   \ud83d\udcac  ::debug::explicit? true\n[d8a1e34b-6e08-4ceb-b9e4-5a658fcff1d3/test]   \ud83d\udcac  ::debug::isExplicit: 3.5.10\n[d8a1e34b-6e08-4ceb-b9e4-5a658fcff1d3/test]   \ud83d\udcac  ::debug::explicit? true\n[d8a1e34b-6e08-4ceb-b9e4-5a658fcff1d3/test]   \ud83d\udcac  ::debug::isExplicit: 3.6.14\n[d8a1e34b-6e08-4ceb-b9e4-5a658fcff1d3/test]   \ud83d\udcac  ::debug::explicit? true\n[d8a1e34b-6e08-4ceb-b9e4-5a658fcff1d3/test]   \ud83d\udcac  ::debug::isExplicit: 3.7.11\n[d8a1e34b-6e08-4ceb-b9e4-5a658fcff1d3/test]   \ud83d\udcac  ::debug::explicit? true\n[d8a1e34b-6e08-4ceb-b9e4-5a658fcff1d3/test]   \ud83d\udcac  ::debug::isExplicit: 3.8.11\n[d8a1e34b-6e08-4ceb-b9e4-5a658fcff1d3/test]   \ud83d\udcac  ::debug::explicit? true\n[d8a1e34b-6e08-4ceb-b9e4-5a658fcff1d3/test]   \ud83d\udcac  ::debug::isExplicit: 3.9.6\n[d8a1e34b-6e08-4ceb-b9e4-5a658fcff1d3/test]   \ud83d\udcac  ::debug::explicit? true\n[d8a1e34b-6e08-4ceb-b9e4-5a658fcff1d3/test]   \ud83d\udcac  ::debug::evaluating 6 versions\n[d8a1e34b-6e08-4ceb-b9e4-5a658fcff1d3/test]   \ud83d\udcac  ::debug::matched: 3.6.14\n[d8a1e34b-6e08-4ceb-b9e4-5a658fcff1d3/test]   \ud83d\udcac  ::debug::checking cache: /opt/hostedtoolcache/Python/3.6.14/x64\n[d8a1e34b-6e08-4ceb-b9e4-5a658fcff1d3/test]   \ud83d\udcac  ::debug::Found tool in cache Python 3.6.14 x64\n[d8a1e34b-6e08-4ceb-b9e4-5a658fcff1d3/test]   | Successfully setup CPython (3.6.14)\n[d8a1e34b-6e08-4ceb-b9e4-5a658fcff1d3/test]   \u2753 add-matcher /run/act/actions/actions-setup-python@v2/.github/python.json\n[d8a1e34b-6e08-4ceb-b9e4-5a658fcff1d3/test]   \u2705  Success - Main Set up Python 3.6\n[d8a1e34b-6e08-4ceb-b9e4-5a658fcff1d3/test]   \u2699  ::set-env:: pythonLocation=/opt/hostedtoolcache/Python/3.6.14/x64\n[d8a1e34b-6e08-4ceb-b9e4-5a658fcff1d3/test]   \u2699  ::set-env:: LD_LIBRARY_PATH=/opt/hostedtoolcache/Python/3.6.14/x64/lib\n[d8a1e34b-6e08-4ceb-b9e4-5a658fcff1d3/test]   \u2699  ::set-output:: python-version=3.6.14\n[d8a1e34b-6e08-4ceb-b9e4-5a658fcff1d3/test]   \u2699  ::add-path:: /opt/hostedtoolcache/Python/3.6.14/x64\n[d8a1e34b-6e08-4ceb-b9e4-5a658fcff1d3/test]   \u2699  ::add-path:: /opt/hostedtoolcache/Python/3.6.14/x64/bin\n[d8a1e34b-6e08-4ceb-b9e4-5a658fcff1d3/test] \u2b50 Run Main Install dependencies\n[d8a1e34b-6e08-4ceb-b9e4-5a658fcff1d3/test]   \ud83d\udc33  docker exec cmd=[bash --noprofile --norc -e -o pipefail /var/run/act/workflow/2] user= workdir=\n[d8a1e34b-6e08-4ceb-b9e4-5a658fcff1d3/test]   | Requirement already satisfied: pip in /opt/hostedtoolcache/Python/3.6.14/x64/lib/python3.6/site-packages (21.2.4)\n[d8a1e34b-6e08-4ceb-b9e4-5a658fcff1d3/test]   | Collecting pip\n[d8a1e34b-6e08-4ceb-b9e4-5a658fcff1d3/test]   |   Downloading pip-21.3.1-py3-none-any.whl (1.7 MB)\n[d8a1e34b-6e08-4ceb-b9e4-5a658fcff1d3/test]   | Installing collected packages: pip\n[d8a1e34b-6e08-4ceb-b9e4-5a658fcff1d3/test]   |   Attempting uninstall: pip\n[d8a1e34b-6e08-4ceb-b9e4-5a658fcff1d3/test]   |     Found existing installation: pip 21.2.4\n[d8a1e34b-6e08-4ceb-b9e4-5a658fcff1d3/test]   |     Uninstalling pip-21.2.4:\n[d8a1e34b-6e08-4ceb-b9e4-5a658fcff1d3/test]   |       Successfully uninstalled pip-21.2.4\n[d8a1e34b-6e08-4ceb-b9e4-5a658fcff1d3/test]   | Successfully installed pip-21.3.1\n[d8a1e34b-6e08-4ceb-b9e4-5a658fcff1d3/test]   | Collecting pytest\n[d8a1e34b-6e08-4ceb-b9e4-5a658fcff1d3/test]   |   Downloading pytest-7.0.1-py3-none-any.whl (296 kB)\n[d8a1e34b-6e08-4ceb-b9e4-5a658fcff1d3/test]   | Collecting pytest-cov\n[d8a1e34b-6e08-4ceb-b9e4-5a658fcff1d3/test]   |   Downloading pytest_cov-4.0.0-py3-none-any.whl (21 kB)\n[d8a1e34b-6e08-4ceb-b9e4-5a658fcff1d3/test]   | Collecting pytest-pep8\n[d8a1e34b-6e08-4ceb-b9e4-5a658fcff1d3/test]   |   Downloading pytest-pep8-1.0.6.tar.gz (7.3 kB)\n[d8a1e34b-6e08-4ceb-b9e4-5a658fcff1d3/test]   |   Preparing metadata (setup.py): started\n[d8a1e34b-6e08-4ceb-b9e4-5a658fcff1d3/test]   |   Preparing metadata (setup.py): finished with status 'done'\n[d8a1e34b-6e08-4ceb-b9e4-5a658fcff1d3/test]   | Collecting pytest-mock\n[d8a1e34b-6e08-4ceb-b9e4-5a658fcff1d3/test]   |   Downloading pytest_mock-3.6.1-py3-none-any.whl (12 kB)\n[d8a1e34b-6e08-4ceb-b9e4-5a658fcff1d3/test]   | Collecting mock\n[d8a1e34b-6e08-4ceb-b9e4-5a658fcff1d3/test]   |   Downloading mock-5.0.2-py3-none-any.whl (30 kB)\n[d8a1e34b-6e08-4ceb-b9e4-5a658fcff1d3/test]   | Collecting pluggy<2.0,>=0.12\n[d8a1e34b-6e08-4ceb-b9e4-5a658fcff1d3/test]   |   Downloading pluggy-1.0.0-py2.py3-none-any.whl (13 kB)\n[d8a1e34b-6e08-4ceb-b9e4-5a658fcff1d3/test]   | Collecting packaging\n[d8a1e34b-6e08-4ceb-b9e4-5a658fcff1d3/test]   |   Downloading packaging-21.3-py3-none-any.whl (40 kB)\n[d8a1e34b-6e08-4ceb-b9e4-5a658fcff1d3/test]   | Collecting importlib-metadata>=0.12\n[d8a1e34b-6e08-4ceb-b9e4-5a658fcff1d3/test]   |   Downloading importlib_metadata-4.8.3-py3-none-any.whl (17 kB)\n[d8a1e34b-6e08-4ceb-b9e4-5a658fcff1d3/test]   | Collecting py>=1.8.2\n[d8a1e34b-6e08-4ceb-b9e4-5a658fcff1d3/test]   |   Downloading py-1.11.0-py2.py3-none-any.whl (98 kB)\n[d8a1e34b-6e08-4ceb-b9e4-5a658fcff1d3/test]   | Collecting tomli>=1.0.0\n[d8a1e34b-6e08-4ceb-b9e4-5a658fcff1d3/test]   |   Downloading tomli-1.2.3-py3-none-any.whl (12 kB)\n[d8a1e34b-6e08-4ceb-b9e4-5a658fcff1d3/test]   | Collecting iniconfig\n[d8a1e34b-6e08-4ceb-b9e4-5a658fcff1d3/test]   |   Downloading iniconfig-1.1.1-py2.py3-none-any.whl (5.0 kB)\n[d8a1e34b-6e08-4ceb-b9e4-5a658fcff1d3/test]   | Collecting attrs>=19.2.0\n[d8a1e34b-6e08-4ceb-b9e4-5a658fcff1d3/test]   |   Downloading attrs-22.2.0-py3-none-any.whl (60 kB)\n[d8a1e34b-6e08-4ceb-b9e4-5a658fcff1d3/test]   | Collecting coverage[toml]>=5.2.1\n[d8a1e34b-6e08-4ceb-b9e4-5a658fcff1d3/test]   |   Downloading coverage-6.2-cp36-cp36m-manylinux_2_5_x86_64.manylinux1_x86_64.manylinux_2_12_x86_64.manylinux2010_x86_64.whl (212 kB)\n[d8a1e34b-6e08-4ceb-b9e4-5a658fcff1d3/test]   | Collecting pytest-cache\n[d8a1e34b-6e08-4ceb-b9e4-5a658fcff1d3/test]   |   Downloading pytest-cache-1.0.tar.gz (16 kB)\n[d8a1e34b-6e08-4ceb-b9e4-5a658fcff1d3/test]   |   Preparing metadata (setup.py): started\n[d8a1e34b-6e08-4ceb-b9e4-5a658fcff1d3/test]   |   Preparing metadata (setup.py): finished with status 'done'\n[d8a1e34b-6e08-4ceb-b9e4-5a658fcff1d3/test]   | Collecting pep8>=1.3\n[d8a1e34b-6e08-4ceb-b9e4-5a658fcff1d3/test]   |   Downloading pep8-1.7.1-py2.py3-none-any.whl (41 kB)\n[d8a1e34b-6e08-4ceb-b9e4-5a658fcff1d3/test]   | Collecting typing-extensions>=3.6.4\n[d8a1e34b-6e08-4ceb-b9e4-5a658fcff1d3/test]   |   Downloading typing_extensions-4.1.1-py3-none-any.whl (26 kB)\n[d8a1e34b-6e08-4ceb-b9e4-5a658fcff1d3/test]   | Collecting zipp>=0.5\n[d8a1e34b-6e08-4ceb-b9e4-5a658fcff1d3/test]   |   Downloading zipp-3.6.0-py3-none-any.whl (5.3 kB)\n[d8a1e34b-6e08-4ceb-b9e4-5a658fcff1d3/test]   | Collecting pyparsing!=3.0.5,>=2.0.2\n[d8a1e34b-6e08-4ceb-b9e4-5a658fcff1d3/test]   |   Downloading pyparsing-3.1.0-py3-none-any.whl (102 kB)\n[d8a1e34b-6e08-4ceb-b9e4-5a658fcff1d3/test]   | Collecting execnet>=1.1.dev1\n[d8a1e34b-6e08-4ceb-b9e4-5a658fcff1d3/test]   |   Downloading execnet-1.9.0-py2.py3-none-any.whl (39 kB)\n[d8a1e34b-6e08-4ceb-b9e4-5a658fcff1d3/test]   | Using legacy 'setup.py install' for pytest-pep8, since package 'wheel' is not installed.\n[d8a1e34b-6e08-4ceb-b9e4-5a658fcff1d3/test]   | Using legacy 'setup.py install' for pytest-cache, since package 'wheel' is not installed.\n[d8a1e34b-6e08-4ceb-b9e4-5a658fcff1d3/test]   | Installing collected packages: zipp, typing-extensions, pyparsing, importlib-metadata, tomli, py, pluggy, packaging, iniconfig, attrs, pytest, execnet, coverage, pytest-cache, pep8, pytest-pep8, pytest-mock, pytest-cov, mock\n[d8a1e34b-6e08-4ceb-b9e4-5a658fcff1d3/test]   |     Running setup.py install for pytest-cache: started\n[d8a1e34b-6e08-4ceb-b9e4-5a658fcff1d3/test]   |     Running setup.py install for pytest-cache: finished with status 'done'\n[d8a1e34b-6e08-4ceb-b9e4-5a658fcff1d3/test]   |     Running setup.py install for pytest-pep8: started\n[d8a1e34b-6e08-4ceb-b9e4-5a658fcff1d3/test]   |     Running setup.py install for pytest-pep8: finished with status 'done'\n[d8a1e34b-6e08-4ceb-b9e4-5a658fcff1d3/test]   | Successfully installed attrs-22.2.0 coverage-6.2 execnet-1.9.0 importlib-metadata-4.8.3 iniconfig-1.1.1 mock-5.0.2 packaging-21.3 pep8-1.7.1 pluggy-1.0.0 py-1.11.0 pyparsing-3.1.0 pytest-7.0.1 pytest-cache-1.0 pytest-cov-4.0.0 pytest-mock-3.6.1 pytest-pep8-1.0.6 tomli-1.2.3 typing-extensions-4.1.1 zipp-3.6.0\n[d8a1e34b-6e08-4ceb-b9e4-5a658fcff1d3/test]   | Collecting click>=6.7\n[d8a1e34b-6e08-4ceb-b9e4-5a658fcff1d3/test]   |   Downloading click-8.0.4-py3-none-any.whl (97 kB)\n[d8a1e34b-6e08-4ceb-b9e4-5a658fcff1d3/test]   | Collecting texttable>=1.2.1\n[d8a1e34b-6e08-4ceb-b9e4-5a658fcff1d3/test]   |   Downloading texttable-1.6.7-py2.py3-none-any.whl (10 kB)\n[d8a1e34b-6e08-4ceb-b9e4-5a658fcff1d3/test]   | Collecting requests>=2.18.4\n[d8a1e34b-6e08-4ceb-b9e4-5a658fcff1d3/test]   |   Downloading requests-2.27.1-py2.py3-none-any.whl (63 kB)\n[d8a1e34b-6e08-4ceb-b9e4-5a658fcff1d3/test]   | Collecting coloredlogs>=9.0\n[d8a1e34b-6e08-4ceb-b9e4-5a658fcff1d3/test]   |   Downloading coloredlogs-15.0.1-py2.py3-none-any.whl (46 kB)\n[d8a1e34b-6e08-4ceb-b9e4-5a658fcff1d3/test]   | Collecting netifaces>=0.10.8\n[d8a1e34b-6e08-4ceb-b9e4-5a658fcff1d3/test]   |   Downloading netifaces-0.11.0-cp36-cp36m-manylinux_2_5_x86_64.manylinux1_x86_64.whl (32 kB)\n[d8a1e34b-6e08-4ceb-b9e4-5a658fcff1d3/test]   | Collecting GitPython>=2.1.11\n[d8a1e34b-6e08-4ceb-b9e4-5a658fcff1d3/test]   |   Downloading GitPython-3.1.18-py3-none-any.whl (170 kB)\n[d8a1e34b-6e08-4ceb-b9e4-5a658fcff1d3/test]   | Collecting dnspython>=1.15.0\n[d8a1e34b-6e08-4ceb-b9e4-5a658fcff1d3/test]   |   Downloading dnspython-2.2.1-py3-none-any.whl (269 kB)\n[d8a1e34b-6e08-4ceb-b9e4-5a658fcff1d3/test]   | Collecting six>=1.15.0\n[d8a1e34b-6e08-4ceb-b9e4-5a658fcff1d3/test]   |   Downloading six-1.16.0-py2.py3-none-any.whl (11 kB)\n[d8a1e34b-6e08-4ceb-b9e4-5a658fcff1d3/test]   | Collecting jsonschema>=3.2.0\n[d8a1e34b-6e08-4ceb-b9e4-5a658fcff1d3/test]   |   Downloading jsonschema-3.2.0-py2.py3-none-any.whl (56 kB)\n[d8a1e34b-6e08-4ceb-b9e4-5a658fcff1d3/test]   | Requirement already satisfied: importlib-metadata in /opt/hostedtoolcache/Python/3.6.14/x64/lib/python3.6/site-packages (from click>=6.7->-r requirements.txt (line 1)) (4.8.3)\n[d8a1e34b-6e08-4ceb-b9e4-5a658fcff1d3/test]   | Collecting idna<4,>=2.5\n[d8a1e34b-6e08-4ceb-b9e4-5a658fcff1d3/test]   |   Downloading idna-3.4-py3-none-any.whl (61 kB)\n[d8a1e34b-6e08-4ceb-b9e4-5a658fcff1d3/test]   | Collecting charset-normalizer~=2.0.0\n[d8a1e34b-6e08-4ceb-b9e4-5a658fcff1d3/test]   |   Downloading charset_normalizer-2.0.12-py3-none-any.whl (39 kB)\n[d8a1e34b-6e08-4ceb-b9e4-5a658fcff1d3/test]   | Collecting urllib3<1.27,>=1.21.1\n[d8a1e34b-6e08-4ceb-b9e4-5a658fcff1d3/test]   |   Downloading urllib3-1.26.16-py2.py3-none-any.whl (143 kB)\n[d8a1e34b-6e08-4ceb-b9e4-5a658fcff1d3/test]   | Collecting certifi>=2017.4.17\n[d8a1e34b-6e08-4ceb-b9e4-5a658fcff1d3/test]   |   Downloading certifi-2023.5.7-py3-none-any.whl (156 kB)\n[d8a1e34b-6e08-4ceb-b9e4-5a658fcff1d3/test]   | Collecting humanfriendly>=9.1\n[d8a1e34b-6e08-4ceb-b9e4-5a658fcff1d3/test]   |   Downloading humanfriendly-10.0-py2.py3-none-any.whl (86 kB)\n[d8a1e34b-6e08-4ceb-b9e4-5a658fcff1d3/test]   | Collecting gitdb<5,>=4.0.1\n[d8a1e34b-6e08-4ceb-b9e4-5a658fcff1d3/test]   |   Downloading gitdb-4.0.9-py3-none-any.whl (63 kB)\n[d8a1e34b-6e08-4ceb-b9e4-5a658fcff1d3/test]   | Requirement already satisfied: typing-extensions>=3.7.4.0 in /opt/hostedtoolcache/Python/3.6.14/x64/lib/python3.6/site-packages (from GitPython>=2.1.11->-r requirements.txt (line 6)) (4.1.1)\n[d8a1e34b-6e08-4ceb-b9e4-5a658fcff1d3/test]   | Requirement already satisfied: setuptools in /opt/hostedtoolcache/Python/3.6.14/x64/lib/python3.6/site-packages (from jsonschema>=3.2.0->-r requirements.txt (line 9)) (40.6.2)\n[d8a1e34b-6e08-4ceb-b9e4-5a658fcff1d3/test]   | Requirement already satisfied: attrs>=17.4.0 in /opt/hostedtoolcache/Python/3.6.14/x64/lib/python3.6/site-packages (from jsonschema>=3.2.0->-r requirements.txt (line 9)) (22.2.0)\n[d8a1e34b-6e08-4ceb-b9e4-5a658fcff1d3/test]   | Collecting pyrsistent>=0.14.0\n[d8a1e34b-6e08-4ceb-b9e4-5a658fcff1d3/test]   |   Downloading pyrsistent-0.18.0-cp36-cp36m-manylinux1_x86_64.whl (117 kB)\n[d8a1e34b-6e08-4ceb-b9e4-5a658fcff1d3/test]   | Collecting smmap<6,>=3.0.1\n[d8a1e34b-6e08-4ceb-b9e4-5a658fcff1d3/test]   |   Downloading smmap-5.0.0-py3-none-any.whl (24 kB)\n[d8a1e34b-6e08-4ceb-b9e4-5a658fcff1d3/test]   | Requirement already satisfied: zipp>=0.5 in /opt/hostedtoolcache/Python/3.6.14/x64/lib/python3.6/site-packages (from importlib-metadata->click>=6.7->-r requirements.txt (line 1)) (3.6.0)\n[d8a1e34b-6e08-4ceb-b9e4-5a658fcff1d3/test]   | Installing collected packages: smmap, urllib3, six, pyrsistent, idna, humanfriendly, gitdb, charset-normalizer, certifi, texttable, requests, netifaces, jsonschema, GitPython, dnspython, coloredlogs, click\n[d8a1e34b-6e08-4ceb-b9e4-5a658fcff1d3/test]   | Successfully installed GitPython-3.1.18 certifi-2023.5.7 charset-normalizer-2.0.12 click-8.0.4 coloredlogs-15.0.1 dnspython-2.2.1 gitdb-4.0.9 humanfriendly-10.0 idna-3.4 jsonschema-3.2.0 netifaces-0.11.0 pyrsistent-0.18.0 requests-2.27.1 six-1.16.0 smmap-5.0.0 texttable-1.6.7 urllib3-1.26.16\n[d8a1e34b-6e08-4ceb-b9e4-5a658fcff1d3/test]   \u2705  Success - Main Install dependencies\n[d8a1e34b-6e08-4ceb-b9e4-5a658fcff1d3/test] \u2b50 Run Main Unit test\n[d8a1e34b-6e08-4ceb-b9e4-5a658fcff1d3/test]   \ud83d\udc33  docker exec cmd=[bash --noprofile --norc -e -o pipefail /var/run/act/workflow/3] user= workdir=\n[d8a1e34b-6e08-4ceb-b9e4-5a658fcff1d3/test]   | ============================= test session starts ==============================\n[d8a1e34b-6e08-4ceb-b9e4-5a658fcff1d3/test]   | platform linux -- Python 3.6.14, pytest-7.0.1, pluggy-1.0.0 -- /opt/hostedtoolcache/Python/3.6.14/x64/bin/python\n[d8a1e34b-6e08-4ceb-b9e4-5a658fcff1d3/test]   | cachedir: .pytest_cache\n[d8a1e34b-6e08-4ceb-b9e4-5a658fcff1d3/test]   | rootdir: /tmp/ad9c0f7e-1596-11ee-8a50-bb14de238602/iocage-iocage, configfile: pytest.ini\n[d8a1e34b-6e08-4ceb-b9e4-5a658fcff1d3/test]   | plugins: pep8-1.0.6, cov-4.0.0, mock-3.6.1\n[d8a1e34b-6e08-4ceb-b9e4-5a658fcff1d3/test]   | collecting ... collected 44 items\n[d8a1e34b-6e08-4ceb-b9e4-5a658fcff1d3/test]   | \n[d8a1e34b-6e08-4ceb-b9e4-5a658fcff1d3/test]   | tests/unit_tests/1000_lib_start_test.py::test_should_return_mtu_of_first_member PASSED [  2%]\n[d8a1e34b-6e08-4ceb-b9e4-5a658fcff1d3/test]   | tests/unit_tests/1000_lib_start_test.py::test_should_return_mtu_of_first_member_with_description PASSED [  4%]\n[d8a1e34b-6e08-4ceb-b9e4-5a658fcff1d3/test]   | tests/unit_tests/1000_lib_start_test.py::test_should_return_default_mtu_if_no_members FAILED [  6%]\n[d8a1e34b-6e08-4ceb-b9e4-5a658fcff1d3/test]   | tests/unit_tests/1000_lib_start_test.py::test_should_return_default_interface[test_input0-inet0] PASSED [  9%]\n[d8a1e34b-6e08-4ceb-b9e4-5a658fcff1d3/test]   | tests/unit_tests/1000_lib_start_test.py::test_should_return_default_interface[test_input1-inet0] PASSED [ 11%]\n[d8a1e34b-6e08-4ceb-b9e4-5a658fcff1d3/test]   | tests/unit_tests/1000_lib_start_test.py::test_should_return_default_interface[test_input2-mgmt0] PASSED [ 13%]\n[d8a1e34b-6e08-4ceb-b9e4-5a658fcff1d3/test]   | tests/unit_tests/1000_lib_start_test.py::test_should_return_default_interface[test_input3-Exception] PASSED [ 15%]\n[d8a1e34b-6e08-4ceb-b9e4-5a658fcff1d3/test]   | tests/unit_tests/1000_lib_start_test.py::test_should_return_default_gateway[test_input0-expected0] PASSED [ 18%]\n[d8a1e34b-6e08-4ceb-b9e4-5a658fcff1d3/test]   | tests/unit_tests/1000_lib_start_test.py::test_should_return_default_gateway[test_input1-expected1] PASSED [ 20%]\n[d8a1e34b-6e08-4ceb-b9e4-5a658fcff1d3/test]   | tests/unit_tests/1000_lib_start_test.py::test_should_return_default_gateway[test_input2-expected2] PASSED [ 22%]\n[d8a1e34b-6e08-4ceb-b9e4-5a658fcff1d3/test]   | tests/unit_tests/1000_lib_start_test.py::test_should_return_default_gateway[test_input3-expected3] PASSED [ 25%]\n[d8a1e34b-6e08-4ceb-b9e4-5a658fcff1d3/test]   | tests/unit_tests/1000_lib_start_test.py::test_should_return_default_gateway[test_input4-expected4] PASSED [ 27%]\n[d8a1e34b-6e08-4ceb-b9e4-5a658fcff1d3/test]   | tests/unit_tests/1001_lib_cpuset_validation_test.py::test_01_full_range PASSED [ 29%]\n[d8a1e34b-6e08-4ceb-b9e4-5a658fcff1d3/test]   | tests/unit_tests/1001_lib_cpuset_validation_test.py::test_02_subset_of_complete_range PASSED [ 31%]\n[d8a1e34b-6e08-4ceb-b9e4-5a658fcff1d3/test]   | tests/unit_tests/1001_lib_cpuset_validation_test.py::test_03_order_is_irrelevant PASSED [ 34%]\n[d8a1e34b-6e08-4ceb-b9e4-5a658fcff1d3/test]   | tests/unit_tests/1001_lib_cpuset_validation_test.py::test_04_duplicates_are_not_allowed PASSED [ 36%]\n[d8a1e34b-6e08-4ceb-b9e4-5a658fcff1d3/test]   | tests/unit_tests/1001_lib_cpuset_validation_test.py::test_05_order_for_commas_to_be_respected PASSED [ 38%]\n[d8a1e34b-6e08-4ceb-b9e4-5a658fcff1d3/test]   | tests/unit_tests/1001_lib_cpuset_validation_test.py::test_06_invalid_cpuset_value_not_allowed PASSED [ 40%]\n[d8a1e34b-6e08-4ceb-b9e4-5a658fcff1d3/test]   | tests/unit_tests/1001_lib_cpuset_validation_test.py::test_07_cpuset_value_not_retrieved PASSED [ 43%]\n[d8a1e34b-6e08-4ceb-b9e4-5a658fcff1d3/test]   | tests/unit_tests/1001_lib_cpuset_validation_test.py::test_08_single_cpuset_value PASSED [ 45%]\n[d8a1e34b-6e08-4ceb-b9e4-5a658fcff1d3/test]   | tests/unit_tests/1001_lib_cpuset_validation_test.py::test_09_valid_range PASSED [ 47%]\n[d8a1e34b-6e08-4ceb-b9e4-5a658fcff1d3/test]   | tests/unit_tests/1001_lib_cpuset_validation_test.py::test_10_invalid_range_not_allowed PASSED [ 50%]\n[d8a1e34b-6e08-4ceb-b9e4-5a658fcff1d3/test]   | tests/unit_tests/1001_lib_cpuset_validation_test.py::test_11_subset_of_cpus_in_range PASSED [ 52%]\n[d8a1e34b-6e08-4ceb-b9e4-5a658fcff1d3/test]   | tests/unit_tests/1001_lib_cpuset_validation_test.py::test_12_off_value PASSED [ 54%]\n[d8a1e34b-6e08-4ceb-b9e4-5a658fcff1d3/test]   | tests/unit_tests/1001_lib_cpuset_validation_test.py::test_13_all_value PASSED [ 56%]\n[d8a1e34b-6e08-4ceb-b9e4-5a658fcff1d3/test]   | tests/unit_tests/1001_lib_cpuset_validation_test.py::test_14_invalid_value_not_allowed PASSED [ 59%]\n[d8a1e34b-6e08-4ceb-b9e4-5a658fcff1d3/test]   | tests/unit_tests/1002_lib_pkg_parsing_test.py::test_01_version_check PASSED [ 61%]\n[d8a1e34b-6e08-4ceb-b9e4-5a658fcff1d3/test]   | tests/unit_tests/1002_lib_pkg_parsing_test.py::test_02_revision PASSED   [ 63%]\n[d8a1e34b-6e08-4ceb-b9e4-5a658fcff1d3/test]   | tests/unit_tests/1002_lib_pkg_parsing_test.py::test_03_epoch PASSED      [ 65%]\n[d8a1e34b-6e08-4ceb-b9e4-5a658fcff1d3/test]   | tests/unit_tests/1002_lib_pkg_parsing_test.py::test_04_version_revision_epoch PASSED [ 68%]\n[d8a1e34b-6e08-4ceb-b9e4-5a658fcff1d3/test]   | tests/unit_tests/1003_lib_host_gateways_test.py::test_01_get_host_gateways PASSED [ 70%]\n[d8a1e34b-6e08-4ceb-b9e4-5a658fcff1d3/test]   | tests/unit_tests/1004_lib_plugin_manifest_test.py::test_validate_plugin_manifest PASSED [ 72%]\n[d8a1e34b-6e08-4ceb-b9e4-5a658fcff1d3/test]   | tests/unit_tests/1004_lib_plugin_manifest_test.py::test_missing_required_fields[name] PASSED [ 75%]\n[d8a1e34b-6e08-4ceb-b9e4-5a658fcff1d3/test]   | tests/unit_tests/1004_lib_plugin_manifest_test.py::test_missing_required_fields[release] PASSED [ 77%]\n[d8a1e34b-6e08-4ceb-b9e4-5a658fcff1d3/test]   | tests/unit_tests/1004_lib_plugin_manifest_test.py::test_missing_required_fields[pkgs] PASSED [ 79%]\n[d8a1e34b-6e08-4ceb-b9e4-5a658fcff1d3/test]   | tests/unit_tests/1004_lib_plugin_manifest_test.py::test_missing_required_fields[packagesite] PASSED [ 81%]\n[d8a1e34b-6e08-4ceb-b9e4-5a658fcff1d3/test]   | tests/unit_tests/1004_lib_plugin_manifest_test.py::test_missing_required_fields[fingerprints] PASSED [ 84%]\n[d8a1e34b-6e08-4ceb-b9e4-5a658fcff1d3/test]   | tests/unit_tests/1004_lib_plugin_manifest_test.py::test_missing_required_fields[artifact] PASSED [ 86%]\n[d8a1e34b-6e08-4ceb-b9e4-5a658fcff1d3/test]   | tests/unit_tests/1004_lib_plugin_manifest_test.py::test_missing_multiple_required_fields PASSED [ 88%]\n[d8a1e34b-6e08-4ceb-b9e4-5a658fcff1d3/test]   | tests/unit_tests/1004_lib_plugin_manifest_test.py::test_devfs_ruleset_not_dict PASSED [ 90%]\n[d8a1e34b-6e08-4ceb-b9e4-5a658fcff1d3/test]   | tests/unit_tests/1004_lib_plugin_manifest_test.py::test_devfs_ruleset_missing_paths PASSED [ 93%]\n[d8a1e34b-6e08-4ceb-b9e4-5a658fcff1d3/test]   | tests/unit_tests/1004_lib_plugin_manifest_test.py::test_devfs_ruleset_invalid_paths_type PASSED [ 95%]\n[d8a1e34b-6e08-4ceb-b9e4-5a658fcff1d3/test]   | tests/unit_tests/1004_lib_plugin_manifest_test.py::test_devfs_ruleset_invalid_includes_type PASSED [ 97%]\n[d8a1e34b-6e08-4ceb-b9e4-5a658fcff1d3/test]   | tests/unit_tests/1004_lib_plugin_manifest_test.py::test_valid_devfs_ruleset PASSED [100%]\n[d8a1e34b-6e08-4ceb-b9e4-5a658fcff1d3/test]   | \n[d8a1e34b-6e08-4ceb-b9e4-5a658fcff1d3/test]   | =================================== FAILURES ===================================\n[d8a1e34b-6e08-4ceb-b9e4-5a658fcff1d3/test]   | _________________ test_should_return_default_mtu_if_no_members _________________\n[d8a1e34b-6e08-4ceb-b9e4-5a658fcff1d3/test]   | \n[d8a1e34b-6e08-4ceb-b9e4-5a658fcff1d3/test]   | mock_checkoutput = <MagicMock name='checkoutput' id='140675982457712'>\n[d8a1e34b-6e08-4ceb-b9e4-5a658fcff1d3/test]   | \n[d8a1e34b-6e08-4ceb-b9e4-5a658fcff1d3/test]   |     @mock.patch('iocage_lib.ioc_common.checkoutput')\n[d8a1e34b-6e08-4ceb-b9e4-5a658fcff1d3/test]   |     def test_should_return_default_mtu_if_no_members(mock_checkoutput):\n[d8a1e34b-6e08-4ceb-b9e4-5a658fcff1d3/test]   |         mock_checkoutput.side_effect = [bridge_with_no_members_if_config,\n[d8a1e34b-6e08-4ceb-b9e4-5a658fcff1d3/test]   |                                         member_if_config]\n[d8a1e34b-6e08-4ceb-b9e4-5a658fcff1d3/test]   |     \n[d8a1e34b-6e08-4ceb-b9e4-5a658fcff1d3/test]   |         # IOCStart.get() is not implemented in test mode. We need it for this test.\n[d8a1e34b-6e08-4ceb-b9e4-5a658fcff1d3/test]   |         # So provide a dummy implementation which gives us the default MTU.\n[d8a1e34b-6e08-4ceb-b9e4-5a658fcff1d3/test]   |         def _mock_iocstart_get(prop):\n[d8a1e34b-6e08-4ceb-b9e4-5a658fcff1d3/test]   |             if prop=='vnet_default_mtu':\n[d8a1e34b-6e08-4ceb-b9e4-5a658fcff1d3/test]   |                 return \"1500\"\n[d8a1e34b-6e08-4ceb-b9e4-5a658fcff1d3/test]   |             raise AttributeError(prop)\n[d8a1e34b-6e08-4ceb-b9e4-5a658fcff1d3/test]   |     \n[d8a1e34b-6e08-4ceb-b9e4-5a658fcff1d3/test]   |         iocs = ioc_start.IOCStart(\"\", \"\", unit_test=True)\n[d8a1e34b-6e08-4ceb-b9e4-5a658fcff1d3/test]   |         iocs.get = _mock_iocstart_get\n[d8a1e34b-6e08-4ceb-b9e4-5a658fcff1d3/test]   |         mtu = iocs.find_bridge_mtu('bridge0')\n[d8a1e34b-6e08-4ceb-b9e4-5a658fcff1d3/test]   |         assert mtu == '1500'\n[d8a1e34b-6e08-4ceb-b9e4-5a658fcff1d3/test]   | >       mock_checkoutput.called_with([\"ifconfig\", \"bridge0\"])\n[d8a1e34b-6e08-4ceb-b9e4-5a658fcff1d3/test]   | \n[d8a1e34b-6e08-4ceb-b9e4-5a658fcff1d3/test]   | tests/unit_tests/1000_lib_start_test.py:66: \n[d8a1e34b-6e08-4ceb-b9e4-5a658fcff1d3/test]   | _ _ _ _ _ _ _ _ _ _ _ _ _ _ _ _ _ _ _ _ _ _ _ _ _ _ _ _ _ _ _ _ _ _ _ _ _ _ _ _ \n[d8a1e34b-6e08-4ceb-b9e4-5a658fcff1d3/test]   | \n[d8a1e34b-6e08-4ceb-b9e4-5a658fcff1d3/test]   | self = <MagicMock name='checkoutput' id='140675982457712'>, name = 'called_with'\n[d8a1e34b-6e08-4ceb-b9e4-5a658fcff1d3/test]   | \n[d8a1e34b-6e08-4ceb-b9e4-5a658fcff1d3/test]   |     def __getattr__(self, name):\n[d8a1e34b-6e08-4ceb-b9e4-5a658fcff1d3/test]   |         if name in {'_mock_methods', '_mock_unsafe'}:\n[d8a1e34b-6e08-4ceb-b9e4-5a658fcff1d3/test]   |             raise AttributeError(name)\n[d8a1e34b-6e08-4ceb-b9e4-5a658fcff1d3/test]   |         elif self._mock_methods is not None:\n[d8a1e34b-6e08-4ceb-b9e4-5a658fcff1d3/test]   |             if name not in self._mock_methods or name in _all_magics:\n[d8a1e34b-6e08-4ceb-b9e4-5a658fcff1d3/test]   |                 raise AttributeError(\"Mock object has no attribute %r\" % name)\n[d8a1e34b-6e08-4ceb-b9e4-5a658fcff1d3/test]   |         elif _is_magic(name):\n[d8a1e34b-6e08-4ceb-b9e4-5a658fcff1d3/test]   |             raise AttributeError(name)\n[d8a1e34b-6e08-4ceb-b9e4-5a658fcff1d3/test]   |         if not self._mock_unsafe and (not self._mock_methods or name not in self._mock_methods):\n[d8a1e34b-6e08-4ceb-b9e4-5a658fcff1d3/test]   |             if name.startswith(('assert', 'assret', 'asert', 'aseert', 'assrt')) or name in _ATTRIB_DENY_LIST:\n[d8a1e34b-6e08-4ceb-b9e4-5a658fcff1d3/test]   |                 raise AttributeError(\n[d8a1e34b-6e08-4ceb-b9e4-5a658fcff1d3/test]   | >                   f\"{name!r} is not a valid assertion. Use a spec \"\n[d8a1e34b-6e08-4ceb-b9e4-5a658fcff1d3/test]   |                     f\"for the mock if {name!r} is meant to be an attribute.\")\n[d8a1e34b-6e08-4ceb-b9e4-5a658fcff1d3/test]   | E               AttributeError: 'called_with' is not a valid assertion. Use a spec for the mock if 'called_with' is meant to be an attribute.\n[d8a1e34b-6e08-4ceb-b9e4-5a658fcff1d3/test]   | \n[d8a1e34b-6e08-4ceb-b9e4-5a658fcff1d3/test]   | /opt/hostedtoolcache/Python/3.6.14/x64/lib/python3.6/site-packages/mock/mock.py:667: AttributeError\n[d8a1e34b-6e08-4ceb-b9e4-5a658fcff1d3/test]   | - generated xml file: /tmp/ad9c0f7e-1596-11ee-8a50-bb14de238602/iocage-iocage/report.xml -\n[d8a1e34b-6e08-4ceb-b9e4-5a658fcff1d3/test]   | \n[d8a1e34b-6e08-4ceb-b9e4-5a658fcff1d3/test]   | ---------- coverage: platform linux, python 3.6.14-final-0 -----------\n[d8a1e34b-6e08-4ceb-b9e4-5a658fcff1d3/test]   | Name                           Stmts   Miss Branch BrPart  Cover   Missing\n[d8a1e34b-6e08-4ceb-b9e4-5a658fcff1d3/test]   | --------------------------------------------------------------------------\n[d8a1e34b-6e08-4ceb-b9e4-5a658fcff1d3/test]   | iocage_cli/__init__.py           122    122     46      0     0%   24-265\n[d8a1e34b-6e08-4ceb-b9e4-5a658fcff1d3/test]   | iocage_cli/activate.py             9      9      0      0     0%   24-39\n[d8a1e34b-6e08-4ceb-b9e4-5a658fcff1d3/test]   | iocage_cli/chroot.py               9      9      2      0     0%   24-40\n[d8a1e34b-6e08-4ceb-b9e4-5a658fcff1d3/test]   | iocage_cli/clean.py               31     31     16      0     0%   24-96\n[d8a1e34b-6e08-4ceb-b9e4-5a658fcff1d3/test]   | iocage_cli/clone.py               27     27      6      0     0%   24-71\n[d8a1e34b-6e08-4ceb-b9e4-5a658fcff1d3/test]   | iocage_cli/console.py              8      8      0      0     0%   24-42\n[d8a1e34b-6e08-4ceb-b9e4-5a658fcff1d3/test]   | iocage_cli/create.py              89     89     30      0     0%   24-246\n[d8a1e34b-6e08-4ceb-b9e4-5a658fcff1d3/test]   | iocage_cli/debug.py                7      7      0      0     0%   24-40\n[d8a1e34b-6e08-4ceb-b9e4-5a658fcff1d3/test]   | iocage_cli/destroy.py             67     67     40      0     0%   24-158\n[d8a1e34b-6e08-4ceb-b9e4-5a658fcff1d3/test]   | iocage_cli/df.py                  20     20      4      0     0%   24-71\n[d8a1e34b-6e08-4ceb-b9e4-5a658fcff1d3/test]   | iocage_cli/exec.py                22     22      6      0     0%   24-74\n[d8a1e34b-6e08-4ceb-b9e4-5a658fcff1d3/test]   | iocage_cli/export.py               8      8      0      0     0%   24-42\n[d8a1e34b-6e08-4ceb-b9e4-5a658fcff1d3/test]   | iocage_cli/fetch.py               55     55     10      0     0%   24-181\n[d8a1e34b-6e08-4ceb-b9e4-5a658fcff1d3/test]   | iocage_cli/fstab.py               55     55     18      0     0%   24-137\n[d8a1e34b-6e08-4ceb-b9e4-5a658fcff1d3/test]   | iocage_cli/get.py                 55     55     30      0     0%   24-150\n[d8a1e34b-6e08-4ceb-b9e4-5a658fcff1d3/test]   | iocage_cli/import.py               9      9      0      0     0%   24-48\n[d8a1e34b-6e08-4ceb-b9e4-5a658fcff1d3/test]   | iocage_cli/list.py                39     39     20      0     0%   24-99\n[d8a1e34b-6e08-4ceb-b9e4-5a658fcff1d3/test]   | iocage_cli/migrate.py             67     67     12      0     0%   24-173\n[d8a1e34b-6e08-4ceb-b9e4-5a658fcff1d3/test]   | iocage_cli/pkg.py                  9      9      0      0     0%   24-41\n[d8a1e34b-6e08-4ceb-b9e4-5a658fcff1d3/test]   | iocage_cli/rename.py               8      8      0      0     0%   24-39\n[d8a1e34b-6e08-4ceb-b9e4-5a658fcff1d3/test]   | iocage_cli/restart.py              8      8      0      0     0%   24-41\n[d8a1e34b-6e08-4ceb-b9e4-5a658fcff1d3/test]   | iocage_cli/rollback.py            14     14      4      0     0%   24-51\n[d8a1e34b-6e08-4ceb-b9e4-5a658fcff1d3/test]   | iocage_cli/set.py                 13     13      4      0     0%   24-58\n[d8a1e34b-6e08-4ceb-b9e4-5a658fcff1d3/test]   | iocage_cli/snaplist.py            19     19      4      0     0%   24-56\n[d8a1e34b-6e08-4ceb-b9e4-5a658fcff1d3/test]   | iocage_cli/snapremove.py           7      7      0      0     0%   24-37\n[d8a1e34b-6e08-4ceb-b9e4-5a658fcff1d3/test]   | iocage_cli/snapshot.py             8      8      0      0     0%   24-39\n[d8a1e34b-6e08-4ceb-b9e4-5a658fcff1d3/test]   | iocage_cli/start.py               15     15      6      0     0%   24-60\n[d8a1e34b-6e08-4ceb-b9e4-5a658fcff1d3/test]   | iocage_cli/stop.py                16     16      6      0     0%   24-67\n[d8a1e34b-6e08-4ceb-b9e4-5a658fcff1d3/test]   | iocage_cli/update.py               9      9      0      0     0%   24-45\n[d8a1e34b-6e08-4ceb-b9e4-5a658fcff1d3/test]   | iocage_cli/upgrade.py              9      9      0      0     0%   24-40\n[d8a1e34b-6e08-4ceb-b9e4-5a658fcff1d3/test]   | iocage_lib/__init__.py             0      0      0      0   100%\n[d8a1e34b-6e08-4ceb-b9e4-5a658fcff1d3/test]   | iocage_lib/cache.py               91     59     48      0    27%   24-28, 32, 35-53, 57-64, 68-77, 80, 83-99, 102-104, 108, 111-119\n[d8a1e34b-6e08-4ceb-b9e4-5a658fcff1d3/test]   | iocage_lib/dataset.py             98     59     28      0    36%   22-38, 41-42, 45-49, 52-54, 58-62, 65, 68, 74, 79, 82-87, 91, 97-98, 101-102, 105, 108-109, 117-119, 122, 126, 129, 133, 138, 141, 145, 148, 156-157, 160-163, 168-177\n[d8a1e34b-6e08-4ceb-b9e4-5a658fcff1d3/test]   | iocage_lib/ioc_check.py           60     60     24      0     0%   24-163\n[d8a1e34b-6e08-4ceb-b9e4-5a658fcff1d3/test]   | iocage_lib/ioc_clean.py           37     37      4      0     0%   24-138\n[d8a1e34b-6e08-4ceb-b9e4-5a658fcff1d3/test]   | iocage_lib/ioc_common.py         627    496    300     11    17%   67, 69, 73, 75, 77, 79, 80->exit, 84-96, 103, 106, 117-123, 127-132, 136-185, 191-196, 201-209, 214-225, 231-235, 241, 247, 253, 259, 265, 271, 287-335, 341, 346-360, 367-368, 374, 380-390, 395-397, 405-407, 415-504, 511-537, 557-568, 592-603, 609-617, 622-629, 633-672, 679-705, 710-723, 730-748, 757-836, 844-862, 875-888, 895-932, 937-949, 953, 957, 962-965, 970, 980, 984, 990-998, 1003-1016, 1028-1042, 1055-1086, 1122-1123, 1128->1117, 1137, 1164-1193, 1207-1265, 1274-1275, 1287-1292\n[d8a1e34b-6e08-4ceb-b9e4-5a658fcff1d3/test]   | iocage_lib/ioc_create.py         467    438    191      0     5%   58-83, 87-103, 117-697, 706-737, 745-1002, 1009-1046, 1050-1081\n[d8a1e34b-6e08-4ceb-b9e4-5a658fcff1d3/test]   | iocage_lib/ioc_debug.py           91     91     26      0     0%   24-188\n[d8a1e34b-6e08-4ceb-b9e4-5a658fcff1d3/test]   | iocage_lib/ioc_destroy.py        137    122     68      0     8%   42-51, 54-96, 102-164, 168-197, 207-257, 264-284\n[d8a1e34b-6e08-4ceb-b9e4-5a658fcff1d3/test]   | iocage_lib/ioc_exceptions.py      39     12     28      0    73%   32-39, 88-99\n[d8a1e34b-6e08-4ceb-b9e4-5a658fcff1d3/test]   | iocage_lib/ioc_exec.py           147     95     68      1    27%   89-105, 116-121, 124-145, 148-194, 212-262, 271-275, 280-322\n[d8a1e34b-6e08-4ceb-b9e4-5a658fcff1d3/test]   | iocage_lib/ioc_fetch.py          446    446    228      0     0%   24-1021\n[d8a1e34b-6e08-4ceb-b9e4-5a658fcff1d3/test]   | iocage_lib/ioc_fstab.py          256    223    112      0    10%   75-110, 117-154, 157-200, 204-372, 376-386, 399-430, 434-453, 461-473, 482-528, 532-550, 558-566, 574-582\n[d8a1e34b-6e08-4ceb-b9e4-5a658fcff1d3/test]   | iocage_lib/ioc_image.py          140    140     44      0     0%   24-324\n[d8a1e34b-6e08-4ceb-b9e4-5a658fcff1d3/test]   | iocage_lib/ioc_json.py          1066    975    574      1     7%   58-67, 71, 74-77, 81, 84-120, 124-128, 131-150, 153-165, 173, 176-188, 199-206, 249-259, 281, 285-301, 304-317, 320-333, 337-350, 360-412, 424-432, 437-439, 443-572, 576-611, 615-619, 624-660, 677-748, 755-914, 917-919, 929-1108, 1112-1117, 1258-1305, 1368-1382, 1385-1399, 1404-1420, 1424-1479, 1483-1706, 1710-1744, 1748-2018, 2031-2501, 2510-2525, 2529-2578, 2581-2684, 2689-2828\n[d8a1e34b-6e08-4ceb-b9e4-5a658fcff1d3/test]   | iocage_lib/ioc_list.py           231    213     90      0     6%   52-64, 68-114, 118-185, 189-464, 468-482, 487-494\n[d8a1e34b-6e08-4ceb-b9e4-5a658fcff1d3/test]   | iocage_lib/ioc_plugin.py         629    555    223      0     9%   82-136, 139, 146-193, 197-219, 223-255, 259, 264-268, 271-300, 304-347, 352-445, 455-560, 564-603, 608-731, 741-888, 894-995, 1003-1035, 1040-1076, 1079-1167, 1171-1210, 1221-1246, 1255-1272, 1275-1346, 1351-1354, 1363-1372, 1375-1393, 1397-1415, 1419-1450, 1460-1472, 1475, 1483, 1492-1505, 1515-1516, 1520-1529, 1536-1642\n[d8a1e34b-6e08-4ceb-b9e4-5a658fcff1d3/test]   | iocage_lib/ioc_start.py          776    692    339      3     9%   73-87, 100-995, 1006-1036, 1045-1133, 1145-1203, 1215-1319, 1330-1351, 1354-1366, 1369-1387, 1390-1395, 1398-1401, 1409-1423, 1427-1471, 1474-1485, 1537-1538, 1544-1552, 1572-1581, 1584-1599, 1602-1619, 1624-1649, 1657-1700, 1703-1760, 1763-1776\n[d8a1e34b-6e08-4ceb-b9e4-5a658fcff1d3/test]   | iocage_lib/ioc_stop.py           146    134     53      0     7%   44-62, 65-400\n[d8a1e34b-6e08-4ceb-b9e4-5a658fcff1d3/test]   | iocage_lib/ioc_upgrade.py        155    133     44      0    12%   50-91, 95-211, 214-350, 354-374, 386-390, 393-394, 398-402, 405-407, 410-414\n[d8a1e34b-6e08-4ceb-b9e4-5a658fcff1d3/test]   | iocage_lib/iocage.py             893    893    424      0     0%   25-2171\n[d8a1e34b-6e08-4ceb-b9e4-5a658fcff1d3/test]   | iocage_lib/pools.py               51     27     16      0    42%   21-23, 27, 33, 36-42, 45-50, 53-56, 59, 62-64, 68, 72, 76, 80-81, 89-90\n[d8a1e34b-6e08-4ceb-b9e4-5a658fcff1d3/test]   | iocage_lib/release.py             38     38     19      0     0%   1-72\n[d8a1e34b-6e08-4ceb-b9e4-5a658fcff1d3/test]   | iocage_lib/resource.py            60     33     24      0    42%   15-17, 21-30, 33-34, 37-38, 41, 44, 47, 50, 53-56, 60, 64, 72-73, 79, 82-84, 93, 96-98\n[d8a1e34b-6e08-4ceb-b9e4-5a658fcff1d3/test]   | iocage_lib/snapshot.py             1      0      0      0   100%\n[d8a1e34b-6e08-4ceb-b9e4-5a658fcff1d3/test]   | iocage_lib/utils.py               19      4      8      1    74%   10, 23-25\n[d8a1e34b-6e08-4ceb-b9e4-5a658fcff1d3/test]   | iocage_lib/zfs.py                130     94     44      0    22%   9-23, 28-29, 32, 39, 46, 50, 63-82, 86, 90, 94-98, 102-107, 111, 115-123, 127-128, 139, 143, 147, 151-155, 163-169, 182-187, 191, 195, 201, 207-212, 216-221, 225-230, 234, 238, 242, 246\n[d8a1e34b-6e08-4ceb-b9e4-5a658fcff1d3/test]   | --------------------------------------------------------------------------\n[d8a1e34b-6e08-4ceb-b9e4-5a658fcff1d3/test]   | TOTAL                           7665   6903   3291     17     8%\n[d8a1e34b-6e08-4ceb-b9e4-5a658fcff1d3/test]   | \n[d8a1e34b-6e08-4ceb-b9e4-5a658fcff1d3/test]   | ========================= 1 failed, 43 passed in 2.78s =========================\n[d8a1e34b-6e08-4ceb-b9e4-5a658fcff1d3/test]   \u274c  Failure - Main Unit test\n[d8a1e34b-6e08-4ceb-b9e4-5a658fcff1d3/test] exitcode '1': failure\n[d8a1e34b-6e08-4ceb-b9e4-5a658fcff1d3/test] \ud83c\udfc1  Job failed\n",
        "stderr": "Error: Job 'test' failed\n",
        "workflow": "/tmp/ad9c0f7e-1596-11ee-8a50-bb14de238602/iocage-iocage/.github/workflows/test-crawler.yaml",
        "build_tool": "pytest",
        "elapsed_time": 191.57775568962097
    }
}