{
    "repository": "kedder/ofxstatement",
    "stars": 227,
    "language": "python",
    "size": 484,
    "clone_url": "https://github.com/kedder/ofxstatement.git",
    "timestamp": "2023-07-01T09:23:37.029719Z",
    "clone_success": true,
    "number_of_actions": 1,
    "number_of_test_actions": 1,
    "actions_successful": false,
    "actions_build_tools": [
        "pytest"
    ],
    "actions_test_build_tools": [
        "pytest"
    ],
    "actions_run": {
        "failed": true,
        "tests": [
            {
                "classname": "src.ofxstatement.tests.test_configuration.ConfigurationTest",
                "name": "test_configuration",
                "time": 0.004,
                "results": [
                    {
                        "result": "Passed",
                        "message": "",
                        "type": ""
                    }
                ],
                "stdout": null,
                "stderr": null
            },
            {
                "classname": "src.ofxstatement.tests.test_configuration.ConfigurationTest",
                "name": "test_default_configuration",
                "time": 0.001,
                "results": [
                    {
                        "result": "Passed",
                        "message": "",
                        "type": ""
                    }
                ],
                "stdout": null,
                "stderr": null
            },
            {
                "classname": "src.ofxstatement.tests.test_configuration.ConfigurationTest",
                "name": "test_missing_configuration",
                "time": 0.001,
                "results": [
                    {
                        "result": "Passed",
                        "message": "",
                        "type": ""
                    }
                ],
                "stdout": null,
                "stderr": null
            },
            {
                "classname": "src.ofxstatement.tests.test_configuration.ConfigurationTest",
                "name": "test_missing_section",
                "time": 0.002,
                "results": [
                    {
                        "result": "Passed",
                        "message": "",
                        "type": ""
                    }
                ],
                "stdout": null,
                "stderr": null
            },
            {
                "classname": "src.ofxstatement.tests.test_ofx.OfxWriterTest",
                "name": "test_ofxWriter",
                "time": 0.012,
                "results": [
                    {
                        "result": "Passed",
                        "message": "",
                        "type": ""
                    }
                ],
                "stdout": null,
                "stderr": null
            },
            {
                "classname": "src.ofxstatement.tests.test_ofx.OfxWriterTest",
                "name": "test_ofxWriter_pretty",
                "time": 0.002,
                "results": [
                    {
                        "result": "Passed",
                        "message": "",
                        "type": ""
                    }
                ],
                "stdout": null,
                "stderr": null
            },
            {
                "classname": "src.ofxstatement.tests.test_ofx_invest.OfxInvestLinesWriterTest",
                "name": "test_ofxWriter",
                "time": 0.005,
                "results": [
                    {
                        "result": "Passed",
                        "message": "",
                        "type": ""
                    }
                ],
                "stdout": null,
                "stderr": null
            },
            {
                "classname": "src.ofxstatement.tests.test_parser.CsvStatementParserTest",
                "name": "test_simple_csv_parser",
                "time": 0.005,
                "results": [
                    {
                        "result": "Passed",
                        "message": "",
                        "type": ""
                    }
                ],
                "stdout": null,
                "stderr": null
            },
            {
                "classname": "src.ofxstatement.tests.test_plugin.PluginTest",
                "name": "test_get_plugin",
                "time": 0.003,
                "results": [
                    {
                        "result": "Passed",
                        "message": "",
                        "type": ""
                    }
                ],
                "stdout": null,
                "stderr": null
            },
            {
                "classname": "src.ofxstatement.tests.test_plugin.PluginTest",
                "name": "test_get_plugin_conflict",
                "time": 0.002,
                "results": [
                    {
                        "result": "Passed",
                        "message": "",
                        "type": ""
                    }
                ],
                "stdout": null,
                "stderr": null
            },
            {
                "classname": "src.ofxstatement.tests.test_plugin.PluginTest",
                "name": "test_get_plugin_not_found",
                "time": 0.008,
                "results": [
                    {
                        "result": "Passed",
                        "message": "",
                        "type": ""
                    }
                ],
                "stdout": null,
                "stderr": null
            },
            {
                "classname": "src.ofxstatement.tests.test_statement.StatementTests",
                "name": "test_generate_transaction_id_idempotent",
                "time": 0.001,
                "results": [
                    {
                        "result": "Passed",
                        "message": "",
                        "type": ""
                    }
                ],
                "stdout": null,
                "stderr": null
            },
            {
                "classname": "src.ofxstatement.tests.test_statement.StatementTests",
                "name": "test_generate_transaction_id_identifying",
                "time": 0.001,
                "results": [
                    {
                        "result": "Passed",
                        "message": "",
                        "type": ""
                    }
                ],
                "stdout": null,
                "stderr": null
            },
            {
                "classname": "src.ofxstatement.tests.test_statement.StatementTests",
                "name": "test_generate_unique_transaction_id",
                "time": 0.001,
                "results": [
                    {
                        "result": "Passed",
                        "message": "",
                        "type": ""
                    }
                ],
                "stdout": null,
                "stderr": null
            },
            {
                "classname": "src.ofxstatement.tests.test_tool.ToolTests",
                "name": "test_convert_configured",
                "time": 0.008,
                "results": [
                    {
                        "result": "Passed",
                        "message": "",
                        "type": ""
                    }
                ],
                "stdout": null,
                "stderr": null
            },
            {
                "classname": "src.ofxstatement.tests.test_tool.ToolTests",
                "name": "test_convert_noconf",
                "time": 0.005,
                "results": [
                    {
                        "result": "Passed",
                        "message": "",
                        "type": ""
                    }
                ],
                "stdout": null,
                "stderr": null
            },
            {
                "classname": "src.ofxstatement.tests.test_tool.ToolTests",
                "name": "test_convert_parseerror",
                "time": 0.007,
                "results": [
                    {
                        "result": "Passed",
                        "message": "",
                        "type": ""
                    }
                ],
                "stdout": null,
                "stderr": null
            },
            {
                "classname": "src.ofxstatement.tests.test_tool.ToolTests",
                "name": "test_editconfig_existing",
                "time": 0.004,
                "results": [
                    {
                        "result": "Passed",
                        "message": "",
                        "type": ""
                    }
                ],
                "stdout": null,
                "stderr": null
            },
            {
                "classname": "src.ofxstatement.tests.test_tool.ToolTests",
                "name": "test_editconfig_noconfdir",
                "time": 0.005,
                "results": [
                    {
                        "result": "Passed",
                        "message": "",
                        "type": ""
                    }
                ],
                "stdout": null,
                "stderr": null
            },
            {
                "classname": "src.ofxstatement.tests.test_tool.ToolTests",
                "name": "test_list_plugins_noplugins",
                "time": 0.006,
                "results": [
                    {
                        "result": "Passed",
                        "message": "",
                        "type": ""
                    }
                ],
                "stdout": null,
                "stderr": null
            },
            {
                "classname": "src.ofxstatement.tests.test_tool.ToolTests",
                "name": "test_list_plugins_plugins",
                "time": 0.005,
                "results": [
                    {
                        "result": "Passed",
                        "message": "",
                        "type": ""
                    }
                ],
                "stdout": null,
                "stderr": null
            }
        ],
        "stdout": "[cf5df0dd-1d88-4b45-9d1a-605d7494783c/test] \ud83d\ude80  Start image=crawlergpt:latest\n[cf5df0dd-1d88-4b45-9d1a-605d7494783c/test]   \ud83d\udc33  docker pull image=crawlergpt:latest platform= username= forcePull=false\n[cf5df0dd-1d88-4b45-9d1a-605d7494783c/test]   \ud83d\udc33  docker create image=crawlergpt:latest platform= entrypoint=[\"tail\" \"-f\" \"/dev/null\"] cmd=[]\n[cf5df0dd-1d88-4b45-9d1a-605d7494783c/test]   \ud83d\udc33  docker run image=crawlergpt:latest platform= entrypoint=[\"tail\" \"-f\" \"/dev/null\"] cmd=[]\n[cf5df0dd-1d88-4b45-9d1a-605d7494783c/test]   \ud83d\udc33  docker exec cmd=[chown -R 1012:1013 /tmp/558156d8-17ed-11ee-8a50-bb14de238602/kedder-ofxstatement] user=0 workdir=\n[cf5df0dd-1d88-4b45-9d1a-605d7494783c/test]   \u2601  git clone 'https://github.com/actions/setup-python' # ref=v2\n[cf5df0dd-1d88-4b45-9d1a-605d7494783c/test] \ud83e\uddea  Matrix: map[python-version:3.8]\n[cf5df0dd-1d88-4b45-9d1a-605d7494783c/test] \u2b50 Run Main actions/checkout@v2\n[cf5df0dd-1d88-4b45-9d1a-605d7494783c/test]   \u2705  Success - Main actions/checkout@v2\n[cf5df0dd-1d88-4b45-9d1a-605d7494783c/test] \u2b50 Run Main Set up Python 3.8\n[cf5df0dd-1d88-4b45-9d1a-605d7494783c/test]   \ud83d\udc33  docker cp src=/tmp/act-cache/72feaf42-f3c9-4311-bc15-5cb1c28ba5bc/act/actions-setup-python@v2/ dst=/var/run/act/actions/actions-setup-python@v2/\n[cf5df0dd-1d88-4b45-9d1a-605d7494783c/test]   \ud83d\udc33  docker exec cmd=[chown -R 1012:1013 /var/run/act/actions/actions-setup-python@v2/] user=0 workdir=\n[cf5df0dd-1d88-4b45-9d1a-605d7494783c/test]   \ud83d\udc33  docker exec cmd=[node /var/run/act/actions/actions-setup-python@v2/dist/setup/index.js] user= workdir=\n[cf5df0dd-1d88-4b45-9d1a-605d7494783c/test]   \ud83d\udcac  ::debug::Semantic version spec of 3.8 is 3.8\n[cf5df0dd-1d88-4b45-9d1a-605d7494783c/test]   \ud83d\udcac  ::debug::isExplicit: \n[cf5df0dd-1d88-4b45-9d1a-605d7494783c/test]   \ud83d\udcac  ::debug::explicit? false\n[cf5df0dd-1d88-4b45-9d1a-605d7494783c/test]   \ud83d\udcac  ::debug::isExplicit: 2.7.18\n[cf5df0dd-1d88-4b45-9d1a-605d7494783c/test]   \ud83d\udcac  ::debug::explicit? true\n[cf5df0dd-1d88-4b45-9d1a-605d7494783c/test]   \ud83d\udcac  ::debug::isExplicit: 3.5.10\n[cf5df0dd-1d88-4b45-9d1a-605d7494783c/test]   \ud83d\udcac  ::debug::explicit? true\n[cf5df0dd-1d88-4b45-9d1a-605d7494783c/test]   \ud83d\udcac  ::debug::isExplicit: 3.6.14\n[cf5df0dd-1d88-4b45-9d1a-605d7494783c/test]   \ud83d\udcac  ::debug::explicit? true\n[cf5df0dd-1d88-4b45-9d1a-605d7494783c/test]   \ud83d\udcac  ::debug::isExplicit: 3.7.11\n[cf5df0dd-1d88-4b45-9d1a-605d7494783c/test]   \ud83d\udcac  ::debug::explicit? true\n[cf5df0dd-1d88-4b45-9d1a-605d7494783c/test]   \ud83d\udcac  ::debug::isExplicit: 3.8.11\n[cf5df0dd-1d88-4b45-9d1a-605d7494783c/test]   \ud83d\udcac  ::debug::explicit? true\n[cf5df0dd-1d88-4b45-9d1a-605d7494783c/test]   \ud83d\udcac  ::debug::isExplicit: 3.9.6\n[cf5df0dd-1d88-4b45-9d1a-605d7494783c/test]   \ud83d\udcac  ::debug::explicit? true\n[cf5df0dd-1d88-4b45-9d1a-605d7494783c/test]   \ud83d\udcac  ::debug::evaluating 6 versions\n[cf5df0dd-1d88-4b45-9d1a-605d7494783c/test]   \ud83d\udcac  ::debug::matched: 3.8.11\n[cf5df0dd-1d88-4b45-9d1a-605d7494783c/test]   \ud83d\udcac  ::debug::checking cache: /opt/hostedtoolcache/Python/3.8.11/x64\n[cf5df0dd-1d88-4b45-9d1a-605d7494783c/test]   \ud83d\udcac  ::debug::Found tool in cache Python 3.8.11 x64\n[cf5df0dd-1d88-4b45-9d1a-605d7494783c/test]   | Successfully setup CPython (3.8.11)\n[cf5df0dd-1d88-4b45-9d1a-605d7494783c/test]   \u2753 add-matcher /run/act/actions/actions-setup-python@v2/.github/python.json\n[cf5df0dd-1d88-4b45-9d1a-605d7494783c/test]   \u2705  Success - Main Set up Python 3.8\n[cf5df0dd-1d88-4b45-9d1a-605d7494783c/test]   \u2699  ::set-env:: pythonLocation=/opt/hostedtoolcache/Python/3.8.11/x64\n[cf5df0dd-1d88-4b45-9d1a-605d7494783c/test]   \u2699  ::set-env:: LD_LIBRARY_PATH=/opt/hostedtoolcache/Python/3.8.11/x64/lib\n[cf5df0dd-1d88-4b45-9d1a-605d7494783c/test]   \u2699  ::set-output:: python-version=3.8.11\n[cf5df0dd-1d88-4b45-9d1a-605d7494783c/test]   \u2699  ::add-path:: /opt/hostedtoolcache/Python/3.8.11/x64\n[cf5df0dd-1d88-4b45-9d1a-605d7494783c/test]   \u2699  ::add-path:: /opt/hostedtoolcache/Python/3.8.11/x64/bin\n[cf5df0dd-1d88-4b45-9d1a-605d7494783c/test] \u2b50 Run Main Install dependencies\n[cf5df0dd-1d88-4b45-9d1a-605d7494783c/test]   \ud83d\udc33  docker exec cmd=[bash --noprofile --norc -e -o pipefail /var/run/act/workflow/2] user= workdir=\n[cf5df0dd-1d88-4b45-9d1a-605d7494783c/test]   | Requirement already satisfied: pip in /opt/hostedtoolcache/Python/3.8.11/x64/lib/python3.8/site-packages (21.2.4)\n[cf5df0dd-1d88-4b45-9d1a-605d7494783c/test]   | Collecting pip\n[cf5df0dd-1d88-4b45-9d1a-605d7494783c/test]   |   Downloading pip-23.1.2-py3-none-any.whl (2.1 MB)\n[cf5df0dd-1d88-4b45-9d1a-605d7494783c/test]   | Installing collected packages: pip\n[cf5df0dd-1d88-4b45-9d1a-605d7494783c/test]   |   Attempting uninstall: pip\n[cf5df0dd-1d88-4b45-9d1a-605d7494783c/test]   |     Found existing installation: pip 21.2.4\n[cf5df0dd-1d88-4b45-9d1a-605d7494783c/test]   |     Uninstalling pip-21.2.4:\n[cf5df0dd-1d88-4b45-9d1a-605d7494783c/test]   |       Successfully uninstalled pip-21.2.4\n[cf5df0dd-1d88-4b45-9d1a-605d7494783c/test]   | Successfully installed pip-23.1.2\n[cf5df0dd-1d88-4b45-9d1a-605d7494783c/test]   | Collecting pipenv\n[cf5df0dd-1d88-4b45-9d1a-605d7494783c/test]   |   Downloading pipenv-2023.6.26-py3-none-any.whl (2.8 MB)\n[cf5df0dd-1d88-4b45-9d1a-605d7494783c/test]   |      \u2501\u2501\u2501\u2501\u2501\u2501\u2501\u2501\u2501\u2501\u2501\u2501\u2501\u2501\u2501\u2501\u2501\u2501\u2501\u2501\u2501\u2501\u2501\u2501\u2501\u2501\u2501\u2501\u2501\u2501\u2501\u2501\u2501\u2501\u2501\u2501\u2501\u2501\u2501\u2501 2.8/2.8 MB 24.0 MB/s eta 0:00:00\n[cf5df0dd-1d88-4b45-9d1a-605d7494783c/test]   | Collecting coveralls\n[cf5df0dd-1d88-4b45-9d1a-605d7494783c/test]   |   Downloading coveralls-3.3.1-py2.py3-none-any.whl (14 kB)\n[cf5df0dd-1d88-4b45-9d1a-605d7494783c/test]   | Collecting certifi (from pipenv)\n[cf5df0dd-1d88-4b45-9d1a-605d7494783c/test]   |   Downloading certifi-2023.5.7-py3-none-any.whl (156 kB)\n[cf5df0dd-1d88-4b45-9d1a-605d7494783c/test]   |      \u2501\u2501\u2501\u2501\u2501\u2501\u2501\u2501\u2501\u2501\u2501\u2501\u2501\u2501\u2501\u2501\u2501\u2501\u2501\u2501\u2501\u2501\u2501\u2501\u2501\u2501\u2501\u2501\u2501\u2501\u2501\u2501\u2501\u2501\u2501\u2501\u2501\u2501 157.0/157.0 kB 14.1 MB/s eta 0:00:00\n[cf5df0dd-1d88-4b45-9d1a-605d7494783c/test]   | Collecting setuptools>=67.0.0 (from pipenv)\n[cf5df0dd-1d88-4b45-9d1a-605d7494783c/test]   |   Downloading setuptools-68.0.0-py3-none-any.whl (804 kB)\n[cf5df0dd-1d88-4b45-9d1a-605d7494783c/test]   |      \u2501\u2501\u2501\u2501\u2501\u2501\u2501\u2501\u2501\u2501\u2501\u2501\u2501\u2501\u2501\u2501\u2501\u2501\u2501\u2501\u2501\u2501\u2501\u2501\u2501\u2501\u2501\u2501\u2501\u2501\u2501\u2501\u2501\u2501\u2501\u2501\u2501\u2501 804.0/804.0 kB 30.3 MB/s eta 0:00:00\n[cf5df0dd-1d88-4b45-9d1a-605d7494783c/test]   | Collecting virtualenv-clone>=0.2.5 (from pipenv)\n[cf5df0dd-1d88-4b45-9d1a-605d7494783c/test]   |   Downloading virtualenv_clone-0.5.7-py3-none-any.whl (6.6 kB)\n[cf5df0dd-1d88-4b45-9d1a-605d7494783c/test]   | Collecting virtualenv>=20.17.1 (from pipenv)\n[cf5df0dd-1d88-4b45-9d1a-605d7494783c/test]   |   Downloading virtualenv-20.23.1-py3-none-any.whl (3.3 MB)\n[cf5df0dd-1d88-4b45-9d1a-605d7494783c/test]   |      \u2501\u2501\u2501\u2501\u2501\u2501\u2501\u2501\u2501\u2501\u2501\u2501\u2501\u2501\u2501\u2501\u2501\u2501\u2501\u2501\u2501\u2501\u2501\u2501\u2501\u2501\u2501\u2501\u2501\u2501\u2501\u2501\u2501\u2501\u2501\u2501\u2501\u2501\u2501\u2501 3.3/3.3 MB 32.2 MB/s eta 0:00:00\n[cf5df0dd-1d88-4b45-9d1a-605d7494783c/test]   | Collecting coverage!=6.0.*,!=6.1,!=6.1.1,<7.0,>=4.1 (from coveralls)\n[cf5df0dd-1d88-4b45-9d1a-605d7494783c/test]   |   Downloading coverage-6.5.0-cp38-cp38-manylinux_2_5_x86_64.manylinux1_x86_64.manylinux_2_17_x86_64.manylinux2014_x86_64.whl (214 kB)\n[cf5df0dd-1d88-4b45-9d1a-605d7494783c/test]   |      \u2501\u2501\u2501\u2501\u2501\u2501\u2501\u2501\u2501\u2501\u2501\u2501\u2501\u2501\u2501\u2501\u2501\u2501\u2501\u2501\u2501\u2501\u2501\u2501\u2501\u2501\u2501\u2501\u2501\u2501\u2501\u2501\u2501\u2501\u2501\u2501\u2501\u2501 214.4/214.4 kB 19.0 MB/s eta 0:00:00\n[cf5df0dd-1d88-4b45-9d1a-605d7494783c/test]   | Collecting docopt>=0.6.1 (from coveralls)\n[cf5df0dd-1d88-4b45-9d1a-605d7494783c/test]   |   Downloading docopt-0.6.2.tar.gz (25 kB)\n[cf5df0dd-1d88-4b45-9d1a-605d7494783c/test]   |   Installing build dependencies: started\n[cf5df0dd-1d88-4b45-9d1a-605d7494783c/test]   |   Installing build dependencies: finished with status 'done'\n[cf5df0dd-1d88-4b45-9d1a-605d7494783c/test]   |   Getting requirements to build wheel: started\n[cf5df0dd-1d88-4b45-9d1a-605d7494783c/test]   |   Getting requirements to build wheel: finished with status 'done'\n[cf5df0dd-1d88-4b45-9d1a-605d7494783c/test]   |   Preparing metadata (pyproject.toml): started\n[cf5df0dd-1d88-4b45-9d1a-605d7494783c/test]   |   Preparing metadata (pyproject.toml): finished with status 'done'\n[cf5df0dd-1d88-4b45-9d1a-605d7494783c/test]   | Collecting requests>=1.0.0 (from coveralls)\n[cf5df0dd-1d88-4b45-9d1a-605d7494783c/test]   |   Downloading requests-2.31.0-py3-none-any.whl (62 kB)\n[cf5df0dd-1d88-4b45-9d1a-605d7494783c/test]   |      \u2501\u2501\u2501\u2501\u2501\u2501\u2501\u2501\u2501\u2501\u2501\u2501\u2501\u2501\u2501\u2501\u2501\u2501\u2501\u2501\u2501\u2501\u2501\u2501\u2501\u2501\u2501\u2501\u2501\u2501\u2501\u2501\u2501\u2501\u2501\u2501\u2501\u2501\u2501\u2501 62.6/62.6 kB 2.1 MB/s eta 0:00:00\n[cf5df0dd-1d88-4b45-9d1a-605d7494783c/test]   | Collecting charset-normalizer<4,>=2 (from requests>=1.0.0->coveralls)\n[cf5df0dd-1d88-4b45-9d1a-605d7494783c/test]   |   Downloading charset_normalizer-3.1.0-cp38-cp38-manylinux_2_17_x86_64.manylinux2014_x86_64.whl (195 kB)\n[cf5df0dd-1d88-4b45-9d1a-605d7494783c/test]   |      \u2501\u2501\u2501\u2501\u2501\u2501\u2501\u2501\u2501\u2501\u2501\u2501\u2501\u2501\u2501\u2501\u2501\u2501\u2501\u2501\u2501\u2501\u2501\u2501\u2501\u2501\u2501\u2501\u2501\u2501\u2501\u2501\u2501\u2501\u2501\u2501\u2501\u2501\u2501 195.9/195.9 kB 6.8 MB/s eta 0:00:00\n[cf5df0dd-1d88-4b45-9d1a-605d7494783c/test]   | Collecting idna<4,>=2.5 (from requests>=1.0.0->coveralls)\n[cf5df0dd-1d88-4b45-9d1a-605d7494783c/test]   |   Downloading idna-3.4-py3-none-any.whl (61 kB)\n[cf5df0dd-1d88-4b45-9d1a-605d7494783c/test]   |      \u2501\u2501\u2501\u2501\u2501\u2501\u2501\u2501\u2501\u2501\u2501\u2501\u2501\u2501\u2501\u2501\u2501\u2501\u2501\u2501\u2501\u2501\u2501\u2501\u2501\u2501\u2501\u2501\u2501\u2501\u2501\u2501\u2501\u2501\u2501\u2501\u2501\u2501\u2501\u2501 61.5/61.5 kB 7.3 MB/s eta 0:00:00\n[cf5df0dd-1d88-4b45-9d1a-605d7494783c/test]   | Collecting urllib3<3,>=1.21.1 (from requests>=1.0.0->coveralls)\n[cf5df0dd-1d88-4b45-9d1a-605d7494783c/test]   |   Downloading urllib3-2.0.3-py3-none-any.whl (123 kB)\n[cf5df0dd-1d88-4b45-9d1a-605d7494783c/test]   |      \u2501\u2501\u2501\u2501\u2501\u2501\u2501\u2501\u2501\u2501\u2501\u2501\u2501\u2501\u2501\u2501\u2501\u2501\u2501\u2501\u2501\u2501\u2501\u2501\u2501\u2501\u2501\u2501\u2501\u2501\u2501\u2501\u2501\u2501\u2501\u2501\u2501\u2501\u2501 123.6/123.6 kB 8.7 MB/s eta 0:00:00\n[cf5df0dd-1d88-4b45-9d1a-605d7494783c/test]   | Collecting distlib<1,>=0.3.6 (from virtualenv>=20.17.1->pipenv)\n[cf5df0dd-1d88-4b45-9d1a-605d7494783c/test]   |   Downloading distlib-0.3.6-py2.py3-none-any.whl (468 kB)\n[cf5df0dd-1d88-4b45-9d1a-605d7494783c/test]   |      \u2501\u2501\u2501\u2501\u2501\u2501\u2501\u2501\u2501\u2501\u2501\u2501\u2501\u2501\u2501\u2501\u2501\u2501\u2501\u2501\u2501\u2501\u2501\u2501\u2501\u2501\u2501\u2501\u2501\u2501\u2501\u2501\u2501\u2501\u2501\u2501\u2501\u2501 468.5/468.5 kB 26.6 MB/s eta 0:00:00\n[cf5df0dd-1d88-4b45-9d1a-605d7494783c/test]   | Collecting filelock<4,>=3.12 (from virtualenv>=20.17.1->pipenv)\n[cf5df0dd-1d88-4b45-9d1a-605d7494783c/test]   |   Downloading filelock-3.12.2-py3-none-any.whl (10 kB)\n[cf5df0dd-1d88-4b45-9d1a-605d7494783c/test]   | Collecting platformdirs<4,>=3.5.1 (from virtualenv>=20.17.1->pipenv)\n[cf5df0dd-1d88-4b45-9d1a-605d7494783c/test]   |   Downloading platformdirs-3.8.0-py3-none-any.whl (16 kB)\n[cf5df0dd-1d88-4b45-9d1a-605d7494783c/test]   | Building wheels for collected packages: docopt\n[cf5df0dd-1d88-4b45-9d1a-605d7494783c/test]   |   Building wheel for docopt (pyproject.toml): started\n[cf5df0dd-1d88-4b45-9d1a-605d7494783c/test]   |   Building wheel for docopt (pyproject.toml): finished with status 'done'\n[cf5df0dd-1d88-4b45-9d1a-605d7494783c/test]   |   Created wheel for docopt: filename=docopt-0.6.2-py2.py3-none-any.whl size=13707 sha256=83e719c47b778200a5e94ba8e846cc5f63b67dbe4357e28c5b5b292e052164c5\n[cf5df0dd-1d88-4b45-9d1a-605d7494783c/test]   |   Stored in directory: /home/runneradmin/.cache/pip/wheels/56/ea/58/ead137b087d9e326852a851351d1debf4ada529b6ac0ec4e8c\n[cf5df0dd-1d88-4b45-9d1a-605d7494783c/test]   | Successfully built docopt\n[cf5df0dd-1d88-4b45-9d1a-605d7494783c/test]   | Installing collected packages: docopt, distlib, virtualenv-clone, urllib3, setuptools, platformdirs, idna, filelock, coverage, charset-normalizer, certifi, virtualenv, requests, pipenv, coveralls\n[cf5df0dd-1d88-4b45-9d1a-605d7494783c/test]   |   Attempting uninstall: setuptools\n[cf5df0dd-1d88-4b45-9d1a-605d7494783c/test]   |     Found existing installation: setuptools 56.0.0\n[cf5df0dd-1d88-4b45-9d1a-605d7494783c/test]   |     Uninstalling setuptools-56.0.0:\n[cf5df0dd-1d88-4b45-9d1a-605d7494783c/test]   |       Successfully uninstalled setuptools-56.0.0\n[cf5df0dd-1d88-4b45-9d1a-605d7494783c/test]   | Successfully installed certifi-2023.5.7 charset-normalizer-3.1.0 coverage-6.5.0 coveralls-3.3.1 distlib-0.3.6 docopt-0.6.2 filelock-3.12.2 idna-3.4 pipenv-2023.6.26 platformdirs-3.8.0 requests-2.31.0 setuptools-68.0.0 urllib3-2.0.3 virtualenv-20.23.1 virtualenv-clone-0.5.7\n[cf5df0dd-1d88-4b45-9d1a-605d7494783c/test]   | \n[cf5df0dd-1d88-4b45-9d1a-605d7494783c/test]   | [notice] A new release of pip is available: 21.1.1 -> 23.1.2\n[cf5df0dd-1d88-4b45-9d1a-605d7494783c/test]   | [notice] To update, run: pip install --upgrade pip\n[cf5df0dd-1d88-4b45-9d1a-605d7494783c/test]   | Creating a virtualenv for this project...\n[cf5df0dd-1d88-4b45-9d1a-605d7494783c/test]   | Pipfile: /tmp/558156d8-17ed-11ee-8a50-bb14de238602/kedder-ofxstatement/Pipfile\n[cf5df0dd-1d88-4b45-9d1a-605d7494783c/test]   | Using default python from /opt/hostedtoolcache/Python/3.8.11/x64/bin/python (3.8.11) to create virtualenv...\n[cf5df0dd-1d88-4b45-9d1a-605d7494783c/test]   | created virtual environment CPython3.8.11.final.0-64 in 587ms\n[cf5df0dd-1d88-4b45-9d1a-605d7494783c/test]   |   creator CPython3Posix(dest=/home/runneradmin/.local/share/virtualenvs/kedder-ofxstatement-xFrD6Ve3, clear=False, no_vcs_ignore=False, global=False)\n[cf5df0dd-1d88-4b45-9d1a-605d7494783c/test]   |   seeder FromAppData(download=False, pip=bundle, setuptools=bundle, wheel=bundle, via=copy, app_data_dir=/home/runneradmin/.local/share/virtualenv)\n[cf5df0dd-1d88-4b45-9d1a-605d7494783c/test]   |     added seed packages: pip==23.1.2, setuptools==67.8.0, wheel==0.40.0\n[cf5df0dd-1d88-4b45-9d1a-605d7494783c/test]   |   activators BashActivator,CShellActivator,FishActivator,NushellActivator,PowerShellActivator,PythonActivator\n[cf5df0dd-1d88-4b45-9d1a-605d7494783c/test]   | \n[cf5df0dd-1d88-4b45-9d1a-605d7494783c/test]   | Successfully created virtual environment!\n[cf5df0dd-1d88-4b45-9d1a-605d7494783c/test]   | Virtualenv location: /home/runneradmin/.local/share/virtualenvs/kedder-ofxstatement-xFrD6Ve3\n[cf5df0dd-1d88-4b45-9d1a-605d7494783c/test]   | Installing dependencies from Pipfile.lock (1cbd72)...\n[cf5df0dd-1d88-4b45-9d1a-605d7494783c/test]   | INFO:root:running egg_info\n[cf5df0dd-1d88-4b45-9d1a-605d7494783c/test]   | INFO:root:creating /tmp/558156d8-17ed-11ee-8a50-bb14de238602/kedder-ofxstatement/reqlib-metadata/ofxstatement.egg-info\n[cf5df0dd-1d88-4b45-9d1a-605d7494783c/test]   | INFO:root:writing /tmp/558156d8-17ed-11ee-8a50-bb14de238602/kedder-ofxstatement/reqlib-metadata/ofxstatement.egg-info/PKG-INFO\n[cf5df0dd-1d88-4b45-9d1a-605d7494783c/test]   | INFO:root:writing dependency_links to /tmp/558156d8-17ed-11ee-8a50-bb14de238602/kedder-ofxstatement/reqlib-metadata/ofxstatement.egg-info/dependency_links.txt\n[cf5df0dd-1d88-4b45-9d1a-605d7494783c/test]   | INFO:root:writing entry points to /tmp/558156d8-17ed-11ee-8a50-bb14de238602/kedder-ofxstatement/reqlib-metadata/ofxstatement.egg-info/entry_points.txt\n[cf5df0dd-1d88-4b45-9d1a-605d7494783c/test]   | INFO:root:writing namespace_packages to /tmp/558156d8-17ed-11ee-8a50-bb14de238602/kedder-ofxstatement/reqlib-metadata/ofxstatement.egg-info/namespace_packages.txt\n[cf5df0dd-1d88-4b45-9d1a-605d7494783c/test]   | INFO:root:writing requirements to /tmp/558156d8-17ed-11ee-8a50-bb14de238602/kedder-ofxstatement/reqlib-metadata/ofxstatement.egg-info/requires.txt\n[cf5df0dd-1d88-4b45-9d1a-605d7494783c/test]   | INFO:root:writing top-level names to /tmp/558156d8-17ed-11ee-8a50-bb14de238602/kedder-ofxstatement/reqlib-metadata/ofxstatement.egg-info/top_level.txt\n[cf5df0dd-1d88-4b45-9d1a-605d7494783c/test]   | INFO:root:writing manifest file '/tmp/558156d8-17ed-11ee-8a50-bb14de238602/kedder-ofxstatement/reqlib-metadata/ofxstatement.egg-info/SOURCES.txt'\n[cf5df0dd-1d88-4b45-9d1a-605d7494783c/test]   | INFO:root:reading manifest file '/tmp/558156d8-17ed-11ee-8a50-bb14de238602/kedder-ofxstatement/reqlib-metadata/ofxstatement.egg-info/SOURCES.txt'\n[cf5df0dd-1d88-4b45-9d1a-605d7494783c/test]   | INFO:root:reading manifest template 'MANIFEST.in'\n[cf5df0dd-1d88-4b45-9d1a-605d7494783c/test]   | INFO:root:adding license file 'LICENSE.txt'\n[cf5df0dd-1d88-4b45-9d1a-605d7494783c/test]   | INFO:root:writing manifest file '/tmp/558156d8-17ed-11ee-8a50-bb14de238602/kedder-ofxstatement/reqlib-metadata/ofxstatement.egg-info/SOURCES.txt'\n[cf5df0dd-1d88-4b45-9d1a-605d7494783c/test]   | INFO:root:running egg_info\n[cf5df0dd-1d88-4b45-9d1a-605d7494783c/test]   | INFO:root:writing /tmp/558156d8-17ed-11ee-8a50-bb14de238602/kedder-ofxstatement/reqlib-metadata/ofxstatement.egg-info/PKG-INFO\n[cf5df0dd-1d88-4b45-9d1a-605d7494783c/test]   | INFO:root:writing dependency_links to /tmp/558156d8-17ed-11ee-8a50-bb14de238602/kedder-ofxstatement/reqlib-metadata/ofxstatement.egg-info/dependency_links.txt\n[cf5df0dd-1d88-4b45-9d1a-605d7494783c/test]   | INFO:root:writing entry points to /tmp/558156d8-17ed-11ee-8a50-bb14de238602/kedder-ofxstatement/reqlib-metadata/ofxstatement.egg-info/entry_points.txt\n[cf5df0dd-1d88-4b45-9d1a-605d7494783c/test]   | INFO:root:writing namespace_packages to /tmp/558156d8-17ed-11ee-8a50-bb14de238602/kedder-ofxstatement/reqlib-metadata/ofxstatement.egg-info/namespace_packages.txt\n[cf5df0dd-1d88-4b45-9d1a-605d7494783c/test]   | INFO:root:writing requirements to /tmp/558156d8-17ed-11ee-8a50-bb14de238602/kedder-ofxstatement/reqlib-metadata/ofxstatement.egg-info/requires.txt\n[cf5df0dd-1d88-4b45-9d1a-605d7494783c/test]   | INFO:root:writing top-level names to /tmp/558156d8-17ed-11ee-8a50-bb14de238602/kedder-ofxstatement/reqlib-metadata/ofxstatement.egg-info/top_level.txt\n[cf5df0dd-1d88-4b45-9d1a-605d7494783c/test]   | INFO:root:reading manifest file '/tmp/558156d8-17ed-11ee-8a50-bb14de238602/kedder-ofxstatement/reqlib-metadata/ofxstatement.egg-info/SOURCES.txt'\n[cf5df0dd-1d88-4b45-9d1a-605d7494783c/test]   | INFO:root:reading manifest template 'MANIFEST.in'\n[cf5df0dd-1d88-4b45-9d1a-605d7494783c/test]   | INFO:root:adding license file 'LICENSE.txt'\n[cf5df0dd-1d88-4b45-9d1a-605d7494783c/test]   | INFO:root:writing manifest file '/tmp/558156d8-17ed-11ee-8a50-bb14de238602/kedder-ofxstatement/reqlib-metadata/ofxstatement.egg-info/SOURCES.txt'\n[cf5df0dd-1d88-4b45-9d1a-605d7494783c/test]   | An error occurred while installing -e .! Will try again.\n[cf5df0dd-1d88-4b45-9d1a-605d7494783c/test]   | An error occurred while installing -e .! Will try again.\n[cf5df0dd-1d88-4b45-9d1a-605d7494783c/test]   | Installing initially failed dependencies...\n[cf5df0dd-1d88-4b45-9d1a-605d7494783c/test]   | Installing dependencies from Pipfile.lock (1cbd72)...\n[cf5df0dd-1d88-4b45-9d1a-605d7494783c/test]   | To activate this project's virtualenv, run pipenv shell.\n[cf5df0dd-1d88-4b45-9d1a-605d7494783c/test]   | Alternatively, run a command inside the virtualenv with pipenv run.\n[cf5df0dd-1d88-4b45-9d1a-605d7494783c/test]   | All dependencies are now up-to-date!\n[cf5df0dd-1d88-4b45-9d1a-605d7494783c/test]   \u2705  Success - Main Install dependencies\n[cf5df0dd-1d88-4b45-9d1a-605d7494783c/test] \u2b50 Run Main Test with pytest\n[cf5df0dd-1d88-4b45-9d1a-605d7494783c/test]   \ud83d\udc33  docker exec cmd=[bash --noprofile --norc -e -o pipefail /var/run/act/workflow/3] user= workdir=\n[cf5df0dd-1d88-4b45-9d1a-605d7494783c/test]   | ============================= test session starts ==============================\n[cf5df0dd-1d88-4b45-9d1a-605d7494783c/test]   | platform linux -- Python 3.8.11, pytest-7.4.0, pluggy-1.2.0 -- /home/runneradmin/.local/share/virtualenvs/kedder-ofxstatement-xFrD6Ve3/bin/python\n[cf5df0dd-1d88-4b45-9d1a-605d7494783c/test]   | cachedir: .pytest_cache\n[cf5df0dd-1d88-4b45-9d1a-605d7494783c/test]   | rootdir: /tmp/558156d8-17ed-11ee-8a50-bb14de238602/kedder-ofxstatement\n[cf5df0dd-1d88-4b45-9d1a-605d7494783c/test]   | configfile: pytest.ini\n[cf5df0dd-1d88-4b45-9d1a-605d7494783c/test]   | plugins: cov-4.1.0\n[cf5df0dd-1d88-4b45-9d1a-605d7494783c/test]   | collecting ... collected 21 items\n[cf5df0dd-1d88-4b45-9d1a-605d7494783c/test]   | \n[cf5df0dd-1d88-4b45-9d1a-605d7494783c/test]   | src/ofxstatement/tests/test_configuration.py::ConfigurationTest::test_configuration PASSED [  4%]\n[cf5df0dd-1d88-4b45-9d1a-605d7494783c/test]   | src/ofxstatement/tests/test_configuration.py::ConfigurationTest::test_default_configuration PASSED [  9%]\n[cf5df0dd-1d88-4b45-9d1a-605d7494783c/test]   | src/ofxstatement/tests/test_configuration.py::ConfigurationTest::test_missing_configuration PASSED [ 14%]\n[cf5df0dd-1d88-4b45-9d1a-605d7494783c/test]   | src/ofxstatement/tests/test_configuration.py::ConfigurationTest::test_missing_section PASSED [ 19%]\n[cf5df0dd-1d88-4b45-9d1a-605d7494783c/test]   | src/ofxstatement/tests/test_ofx.py::OfxWriterTest::test_ofxWriter PASSED [ 23%]\n[cf5df0dd-1d88-4b45-9d1a-605d7494783c/test]   | src/ofxstatement/tests/test_ofx.py::OfxWriterTest::test_ofxWriter_pretty PASSED [ 28%]\n[cf5df0dd-1d88-4b45-9d1a-605d7494783c/test]   | src/ofxstatement/tests/test_ofx_invest.py::OfxInvestLinesWriterTest::test_ofxWriter PASSED [ 33%]\n[cf5df0dd-1d88-4b45-9d1a-605d7494783c/test]   | src/ofxstatement/tests/test_parser.py::CsvStatementParserTest::test_simple_csv_parser PASSED [ 38%]\n[cf5df0dd-1d88-4b45-9d1a-605d7494783c/test]   | src/ofxstatement/tests/test_plugin.py::PluginTest::test_get_plugin PASSED [ 42%]\n[cf5df0dd-1d88-4b45-9d1a-605d7494783c/test]   | src/ofxstatement/tests/test_plugin.py::PluginTest::test_get_plugin_conflict PASSED [ 47%]\n[cf5df0dd-1d88-4b45-9d1a-605d7494783c/test]   | src/ofxstatement/tests/test_plugin.py::PluginTest::test_get_plugin_not_found PASSED [ 52%]\n[cf5df0dd-1d88-4b45-9d1a-605d7494783c/test]   | src/ofxstatement/tests/test_statement.py::StatementTests::test_generate_transaction_id_idempotent PASSED [ 57%]\n[cf5df0dd-1d88-4b45-9d1a-605d7494783c/test]   | src/ofxstatement/tests/test_statement.py::StatementTests::test_generate_transaction_id_identifying PASSED [ 61%]\n[cf5df0dd-1d88-4b45-9d1a-605d7494783c/test]   | src/ofxstatement/tests/test_statement.py::StatementTests::test_generate_unique_transaction_id PASSED [ 66%]\n[cf5df0dd-1d88-4b45-9d1a-605d7494783c/test]   | src/ofxstatement/tests/test_tool.py::ToolTests::test_convert_configured \n[cf5df0dd-1d88-4b45-9d1a-605d7494783c/test]   | -------------------------------- live log call ---------------------------------\n[cf5df0dd-1d88-4b45-9d1a-605d7494783c/test]   | 2023-07-01 09:24:44 [    INFO] Conversion completed: /tmp/tmpf6ywirhsofxstatement/input (tool.py:197)\n[cf5df0dd-1d88-4b45-9d1a-605d7494783c/test]   | PASSED                                                                   [ 71%]\n[cf5df0dd-1d88-4b45-9d1a-605d7494783c/test]   | src/ofxstatement/tests/test_tool.py::ToolTests::test_convert_noconf \n[cf5df0dd-1d88-4b45-9d1a-605d7494783c/test]   | -------------------------------- live log call ---------------------------------\n[cf5df0dd-1d88-4b45-9d1a-605d7494783c/test]   | 2023-07-01 09:24:44 [    INFO] Conversion completed: /tmp/tmprlopzr0eofxstatement/input (tool.py:197)\n[cf5df0dd-1d88-4b45-9d1a-605d7494783c/test]   | PASSED                                                                   [ 76%]\n[cf5df0dd-1d88-4b45-9d1a-605d7494783c/test]   | src/ofxstatement/tests/test_tool.py::ToolTests::test_convert_parseerror \n[cf5df0dd-1d88-4b45-9d1a-605d7494783c/test]   | -------------------------------- live log call ---------------------------------\n[cf5df0dd-1d88-4b45-9d1a-605d7494783c/test]   | 2023-07-01 09:24:44 [   ERROR] Parse error on line 23: Catastrophic error (tool.py:183)\n[cf5df0dd-1d88-4b45-9d1a-605d7494783c/test]   | PASSED                                                                   [ 80%]\n[cf5df0dd-1d88-4b45-9d1a-605d7494783c/test]   | src/ofxstatement/tests/test_tool.py::ToolTests::test_editconfig_existing \n[cf5df0dd-1d88-4b45-9d1a-605d7494783c/test]   | -------------------------------- live log call ---------------------------------\n[cf5df0dd-1d88-4b45-9d1a-605d7494783c/test]   | 2023-07-01 09:24:44 [    INFO] Running editor: vim /tmp/tmpq39p5q5vofxstatement/config.ini (tool.py:142)\n[cf5df0dd-1d88-4b45-9d1a-605d7494783c/test]   | PASSED                                                                   [ 85%]\n[cf5df0dd-1d88-4b45-9d1a-605d7494783c/test]   | src/ofxstatement/tests/test_tool.py::ToolTests::test_editconfig_noconfdir \n[cf5df0dd-1d88-4b45-9d1a-605d7494783c/test]   | -------------------------------- live log call ---------------------------------\n[cf5df0dd-1d88-4b45-9d1a-605d7494783c/test]   | 2023-07-01 09:24:44 [    INFO] Creating confugration directory: /tmp/tmp5o78gy8pofxstatement/config (tool.py:140)\n[cf5df0dd-1d88-4b45-9d1a-605d7494783c/test]   | 2023-07-01 09:24:44 [    INFO] Running editor: notepad.exe /tmp/tmp5o78gy8pofxstatement/config/config.ini (tool.py:142)\n[cf5df0dd-1d88-4b45-9d1a-605d7494783c/test]   | PASSED                                                                   [ 90%]\n[cf5df0dd-1d88-4b45-9d1a-605d7494783c/test]   | src/ofxstatement/tests/test_tool.py::ToolTests::test_list_plugins_noplugins PASSED [ 95%]\n[cf5df0dd-1d88-4b45-9d1a-605d7494783c/test]   | src/ofxstatement/tests/test_tool.py::ToolTests::test_list_plugins_plugins PASSED [100%]\n[cf5df0dd-1d88-4b45-9d1a-605d7494783c/test]   | \n[cf5df0dd-1d88-4b45-9d1a-605d7494783c/test]   | =============================== warnings summary ===============================\n[cf5df0dd-1d88-4b45-9d1a-605d7494783c/test]   | src/ofxstatement/plugin.py:7\n[cf5df0dd-1d88-4b45-9d1a-605d7494783c/test]   |   /tmp/558156d8-17ed-11ee-8a50-bb14de238602/kedder-ofxstatement/src/ofxstatement/plugin.py:7: DeprecationWarning: pkg_resources is deprecated as an API. See https://setuptools.pypa.io/en/latest/pkg_resources.html\n[cf5df0dd-1d88-4b45-9d1a-605d7494783c/test]   |     import pkg_resources\n[cf5df0dd-1d88-4b45-9d1a-605d7494783c/test]   | \n[cf5df0dd-1d88-4b45-9d1a-605d7494783c/test]   | ../../../home/runneradmin/.local/share/virtualenvs/kedder-ofxstatement-xFrD6Ve3/lib/python3.8/site-packages/pkg_resources/__init__.py:2871\n[cf5df0dd-1d88-4b45-9d1a-605d7494783c/test]   |   /home/runneradmin/.local/share/virtualenvs/kedder-ofxstatement-xFrD6Ve3/lib/python3.8/site-packages/pkg_resources/__init__.py:2871: DeprecationWarning: Deprecated call to `pkg_resources.declare_namespace('ofxstatement')`.\n[cf5df0dd-1d88-4b45-9d1a-605d7494783c/test]   |   Implementing implicit namespace packages (as specified in PEP 420) is preferred to `pkg_resources.declare_namespace`. See https://setuptools.pypa.io/en/latest/references/keywords.html#keyword-namespace-packages\n[cf5df0dd-1d88-4b45-9d1a-605d7494783c/test]   |     declare_namespace(pkg)\n[cf5df0dd-1d88-4b45-9d1a-605d7494783c/test]   | \n[cf5df0dd-1d88-4b45-9d1a-605d7494783c/test]   | ../../../home/runneradmin/.local/share/virtualenvs/kedder-ofxstatement-xFrD6Ve3/lib/python3.8/site-packages/pkg_resources/__init__.py:2871\n[cf5df0dd-1d88-4b45-9d1a-605d7494783c/test]   |   /home/runneradmin/.local/share/virtualenvs/kedder-ofxstatement-xFrD6Ve3/lib/python3.8/site-packages/pkg_resources/__init__.py:2871: DeprecationWarning: Deprecated call to `pkg_resources.declare_namespace('ofxstatement.plugins')`.\n[cf5df0dd-1d88-4b45-9d1a-605d7494783c/test]   |   Implementing implicit namespace packages (as specified in PEP 420) is preferred to `pkg_resources.declare_namespace`. See https://setuptools.pypa.io/en/latest/references/keywords.html#keyword-namespace-packages\n[cf5df0dd-1d88-4b45-9d1a-605d7494783c/test]   |     declare_namespace(pkg)\n[cf5df0dd-1d88-4b45-9d1a-605d7494783c/test]   | \n[cf5df0dd-1d88-4b45-9d1a-605d7494783c/test]   | ../../../home/runneradmin/.local/share/virtualenvs/kedder-ofxstatement-xFrD6Ve3/lib/python3.8/site-packages/pkg_resources/__init__.py:2350\n[cf5df0dd-1d88-4b45-9d1a-605d7494783c/test]   |   /home/runneradmin/.local/share/virtualenvs/kedder-ofxstatement-xFrD6Ve3/lib/python3.8/site-packages/pkg_resources/__init__.py:2350: DeprecationWarning: Deprecated call to `pkg_resources.declare_namespace('ofxstatement')`.\n[cf5df0dd-1d88-4b45-9d1a-605d7494783c/test]   |   Implementing implicit namespace packages (as specified in PEP 420) is preferred to `pkg_resources.declare_namespace`. See https://setuptools.pypa.io/en/latest/references/keywords.html#keyword-namespace-packages\n[cf5df0dd-1d88-4b45-9d1a-605d7494783c/test]   |     declare_namespace(parent)\n[cf5df0dd-1d88-4b45-9d1a-605d7494783c/test]   | \n[cf5df0dd-1d88-4b45-9d1a-605d7494783c/test]   | -- Docs: https://docs.pytest.org/en/stable/how-to/capture-warnings.html\n[cf5df0dd-1d88-4b45-9d1a-605d7494783c/test]   | - generated xml file: /tmp/558156d8-17ed-11ee-8a50-bb14de238602/kedder-ofxstatement/report.xml -\n[cf5df0dd-1d88-4b45-9d1a-605d7494783c/test]   | \n[cf5df0dd-1d88-4b45-9d1a-605d7494783c/test]   | ---------- coverage: platform linux, python 3.8.11-final-0 -----------\n[cf5df0dd-1d88-4b45-9d1a-605d7494783c/test]   | Name                                           Stmts   Miss  Cover   Missing\n[cf5df0dd-1d88-4b45-9d1a-605d7494783c/test]   | ----------------------------------------------------------------------------\n[cf5df0dd-1d88-4b45-9d1a-605d7494783c/test]   | src/ofxstatement/__init__.py                       1      1     0%   1\n[cf5df0dd-1d88-4b45-9d1a-605d7494783c/test]   | src/ofxstatement/configuration.py                 24      2    92%   34-35\n[cf5df0dd-1d88-4b45-9d1a-605d7494783c/test]   | src/ofxstatement/exceptions.py                     6      0   100%\n[cf5df0dd-1d88-4b45-9d1a-605d7494783c/test]   | src/ofxstatement/ofx.py                          213      2    99%   204, 304\n[cf5df0dd-1d88-4b45-9d1a-605d7494783c/test]   | src/ofxstatement/parser.py                        58      2    97%   63, 103\n[cf5df0dd-1d88-4b45-9d1a-605d7494783c/test]   | src/ofxstatement/plugin.py                        26      3    88%   29-30, 51\n[cf5df0dd-1d88-4b45-9d1a-605d7494783c/test]   | src/ofxstatement/plugins/__init__.py               1      1     0%   1\n[cf5df0dd-1d88-4b45-9d1a-605d7494783c/test]   | src/ofxstatement/statement.py                    130      8    94%   191, 252, 320, 393-398\n[cf5df0dd-1d88-4b45-9d1a-605d7494783c/test]   | src/ofxstatement/tests/__init__.py                 0      0   100%\n[cf5df0dd-1d88-4b45-9d1a-605d7494783c/test]   | src/ofxstatement/tests/test_configuration.py      24      0   100%\n[cf5df0dd-1d88-4b45-9d1a-605d7494783c/test]   | src/ofxstatement/tests/test_ofx.py                31      0   100%\n[cf5df0dd-1d88-4b45-9d1a-605d7494783c/test]   | src/ofxstatement/tests/test_ofx_invest.py         34      0   100%\n[cf5df0dd-1d88-4b45-9d1a-605d7494783c/test]   | src/ofxstatement/tests/test_parser.py             15      0   100%\n[cf5df0dd-1d88-4b45-9d1a-605d7494783c/test]   | src/ofxstatement/tests/test_plugin.py             23      1    96%   12\n[cf5df0dd-1d88-4b45-9d1a-605d7494783c/test]   | src/ofxstatement/tests/test_statement.py          25      0   100%\n[cf5df0dd-1d88-4b45-9d1a-605d7494783c/test]   | src/ofxstatement/tests/test_tool.py              112      0   100%\n[cf5df0dd-1d88-4b45-9d1a-605d7494783c/test]   | src/ofxstatement/tool.py                         110     15    86%   34, 130, 157-162, 168-169, 174-176, 189-191, 207-208\n[cf5df0dd-1d88-4b45-9d1a-605d7494783c/test]   | src/ofxstatement/ui.py                             9      3    67%   8, 11, 14\n[cf5df0dd-1d88-4b45-9d1a-605d7494783c/test]   | ----------------------------------------------------------------------------\n[cf5df0dd-1d88-4b45-9d1a-605d7494783c/test]   | TOTAL                                            842     38    95%\n[cf5df0dd-1d88-4b45-9d1a-605d7494783c/test]   | \n[cf5df0dd-1d88-4b45-9d1a-605d7494783c/test]   | ======================== 21 passed, 4 warnings in 0.57s ========================\n[cf5df0dd-1d88-4b45-9d1a-605d7494783c/test]   | /home/runneradmin/.local/share/virtualenvs/kedder-ofxstatement-xFrD6Ve3/lib/python3.8/site-packages/coverage/inorout.py:523: CoverageWarning: Module ofxstatement was previously imported, but not measured (module-not-measured)\n[cf5df0dd-1d88-4b45-9d1a-605d7494783c/test]   |   self.warn(msg, slug=\"module-not-measured\")\n[cf5df0dd-1d88-4b45-9d1a-605d7494783c/test]   \u2705  Success - Main Test with pytest\n[cf5df0dd-1d88-4b45-9d1a-605d7494783c/test] \u2b50 Run Main Check with mypy\n[cf5df0dd-1d88-4b45-9d1a-605d7494783c/test]   \ud83d\udc33  docker exec cmd=[bash --noprofile --norc -e -o pipefail /var/run/act/workflow/4] user= workdir=\n[cf5df0dd-1d88-4b45-9d1a-605d7494783c/test]   | Success: no issues found in 18 source files\n[cf5df0dd-1d88-4b45-9d1a-605d7494783c/test]   \u2705  Success - Main Check with mypy\n[cf5df0dd-1d88-4b45-9d1a-605d7494783c/test] \u2b50 Run Main Check with black\n[cf5df0dd-1d88-4b45-9d1a-605d7494783c/test]   \ud83d\udc33  docker exec cmd=[bash --noprofile --norc -e -o pipefail /var/run/act/workflow/5] user= workdir=\n[cf5df0dd-1d88-4b45-9d1a-605d7494783c/test]   | All done! \u2728 \ud83c\udf70 \u2728\n[cf5df0dd-1d88-4b45-9d1a-605d7494783c/test]   | 19 files would be left unchanged.\n[cf5df0dd-1d88-4b45-9d1a-605d7494783c/test]   \u2705  Success - Main Check with black\n[cf5df0dd-1d88-4b45-9d1a-605d7494783c/test] \u2b50 Run Main Coveralls\n[cf5df0dd-1d88-4b45-9d1a-605d7494783c/test]   \ud83d\udc33  docker exec cmd=[bash --noprofile --norc -e -o pipefail /var/run/act/workflow/6] user= workdir=\n[cf5df0dd-1d88-4b45-9d1a-605d7494783c/test]   | Submitting coverage to coveralls.io...\n[cf5df0dd-1d88-4b45-9d1a-605d7494783c/test]   | Could not submit coverage: 422 Client Error: Unprocessable Entity for url: https://coveralls.io/api/v1/jobs\n[cf5df0dd-1d88-4b45-9d1a-605d7494783c/test]   | Traceback (most recent call last):\n[cf5df0dd-1d88-4b45-9d1a-605d7494783c/test]   |   File \"/opt/hostedtoolcache/Python/3.8.11/x64/lib/python3.8/site-packages/coveralls/api.py\", line 290, in submit_report\n[cf5df0dd-1d88-4b45-9d1a-605d7494783c/test]   |     response.raise_for_status()\n[cf5df0dd-1d88-4b45-9d1a-605d7494783c/test]   |   File \"/opt/hostedtoolcache/Python/3.8.11/x64/lib/python3.8/site-packages/requests/models.py\", line 1021, in raise_for_status\n[cf5df0dd-1d88-4b45-9d1a-605d7494783c/test]   |     raise HTTPError(http_error_msg, response=self)\n[cf5df0dd-1d88-4b45-9d1a-605d7494783c/test]   | requests.exceptions.HTTPError: 422 Client Error: Unprocessable Entity for url: https://coveralls.io/api/v1/jobs\n[cf5df0dd-1d88-4b45-9d1a-605d7494783c/test]   | \n[cf5df0dd-1d88-4b45-9d1a-605d7494783c/test]   | The above exception was the direct cause of the following exception:\n[cf5df0dd-1d88-4b45-9d1a-605d7494783c/test]   | \n[cf5df0dd-1d88-4b45-9d1a-605d7494783c/test]   | Traceback (most recent call last):\n[cf5df0dd-1d88-4b45-9d1a-605d7494783c/test]   |   File \"/opt/hostedtoolcache/Python/3.8.11/x64/lib/python3.8/site-packages/coveralls/cli.py\", line 95, in main\n[cf5df0dd-1d88-4b45-9d1a-605d7494783c/test]   |     result = coverallz.wear()\n[cf5df0dd-1d88-4b45-9d1a-605d7494783c/test]   |   File \"/opt/hostedtoolcache/Python/3.8.11/x64/lib/python3.8/site-packages/coveralls/api.py\", line 257, in wear\n[cf5df0dd-1d88-4b45-9d1a-605d7494783c/test]   |     return self.submit_report(json_string)\n[cf5df0dd-1d88-4b45-9d1a-605d7494783c/test]   |   File \"/opt/hostedtoolcache/Python/3.8.11/x64/lib/python3.8/site-packages/coveralls/api.py\", line 293, in submit_report\n[cf5df0dd-1d88-4b45-9d1a-605d7494783c/test]   |     raise CoverallsException(\n[cf5df0dd-1d88-4b45-9d1a-605d7494783c/test]   | coveralls.exception.CoverallsException: Could not submit coverage: 422 Client Error: Unprocessable Entity for url: https://coveralls.io/api/v1/jobs\n[cf5df0dd-1d88-4b45-9d1a-605d7494783c/test]   | resubmitting with id None\n[cf5df0dd-1d88-4b45-9d1a-605d7494783c/test]   \u274c  Failure - Main Coveralls\n[cf5df0dd-1d88-4b45-9d1a-605d7494783c/test] exitcode '1': failure\n[cf5df0dd-1d88-4b45-9d1a-605d7494783c/test] \ud83c\udfc1  Job failed\n",
        "stderr": "Error: Job 'test' failed\n",
        "workflow": {
            "path": "/tmp/558156d8-17ed-11ee-8a50-bb14de238602/kedder-ofxstatement/.github/workflows/test-crawler.yml",
            "type": "pytest"
        },
        "workflow_name": "cf5df0dd-1d88-4b45-9d1a-605d7494783c",
        "build_tool": "pytest",
        "elapsed_time": 82.90531945228577
    }
}