{
    "repository": "lovasoa/marshmallow_dataclass",
    "stars": 410,
    "language": "python",
    "size": 1174,
    "clone_url": "https://github.com/lovasoa/marshmallow_dataclass.git",
    "timestamp": "2023-06-28T13:37:29.590122Z",
    "clone_success": true,
    "number_of_actions": 3,
    "number_of_test_actions": 1,
    "actions_successful": true,
    "actions_build_tools": [
        "unknown",
        "pytest",
        "unknown"
    ],
    "actions_test_build_tools": [
        "pytest"
    ],
    "actions_run": {
        "failed": false,
        "tests": [
            {
                "classname": "tests.test_attribute_copy.TestAttributesCopy",
                "name": "test_custom_method_not_copied",
                "time": 0.002,
                "results": [
                    {
                        "result": "Passed",
                        "message": "",
                        "type": ""
                    }
                ],
                "stdout": null,
                "stderr": null
            },
            {
                "classname": "tests.test_attribute_copy.TestAttributesCopy",
                "name": "test_custom_property_not_copied",
                "time": 0.002,
                "results": [
                    {
                        "result": "Passed",
                        "message": "",
                        "type": ""
                    }
                ],
                "stdout": null,
                "stderr": null
            },
            {
                "classname": "tests.test_attribute_copy.TestAttributesCopy",
                "name": "test_meta_class_copied",
                "time": 0.002,
                "results": [
                    {
                        "result": "Passed",
                        "message": "",
                        "type": ""
                    }
                ],
                "stdout": null,
                "stderr": null
            },
            {
                "classname": "tests.test_attribute_copy.TestAttributesCopy",
                "name": "test_validates_schema_copied",
                "time": 0.002,
                "results": [
                    {
                        "result": "Passed",
                        "message": "",
                        "type": ""
                    }
                ],
                "stdout": null,
                "stderr": null
            },
            {
                "classname": "tests.test_city_building_examples.TestCityBuildingExample",
                "name": "test_back_and_forth",
                "time": 0.001,
                "results": [
                    {
                        "result": "Passed",
                        "message": "",
                        "type": ""
                    }
                ],
                "stdout": null,
                "stderr": null
            },
            {
                "classname": "tests.test_city_building_examples.TestCityBuildingExample",
                "name": "test_load",
                "time": 0.001,
                "results": [
                    {
                        "result": "Passed",
                        "message": "",
                        "type": ""
                    }
                ],
                "stdout": null,
                "stderr": null
            },
            {
                "classname": "tests.test_class_schema.TestClassSchema",
                "name": "test_any_none",
                "time": 0.002,
                "results": [
                    {
                        "result": "Passed",
                        "message": "",
                        "type": ""
                    }
                ],
                "stdout": null,
                "stderr": null
            },
            {
                "classname": "tests.test_class_schema.TestClassSchema",
                "name": "test_any_none_disallowed",
                "time": 0.002,
                "results": [
                    {
                        "result": "Passed",
                        "message": "",
                        "type": ""
                    }
                ],
                "stdout": null,
                "stderr": null
            },
            {
                "classname": "tests.test_class_schema.TestClassSchema",
                "name": "test_cyclic_reference",
                "time": 0.004,
                "results": [
                    {
                        "result": "Passed",
                        "message": "",
                        "type": ""
                    }
                ],
                "stdout": null,
                "stderr": null
            },
            {
                "classname": "tests.test_class_schema.TestClassSchema",
                "name": "test_filtering_list_schema",
                "time": 0.012,
                "results": [
                    {
                        "result": "Passed",
                        "message": "",
                        "type": ""
                    }
                ],
                "stdout": null,
                "stderr": null
            },
            {
                "classname": "tests.test_class_schema.TestClassSchema",
                "name": "test_final",
                "time": 0.002,
                "results": [
                    {
                        "result": "Passed",
                        "message": "",
                        "type": ""
                    }
                ],
                "stdout": null,
                "stderr": null
            },
            {
                "classname": "tests.test_class_schema.TestClassSchema",
                "name": "test_final_infers_type_any_from_field_default_factory",
                "time": 0.003,
                "results": [
                    {
                        "result": "Passed",
                        "message": "",
                        "type": ""
                    }
                ],
                "stdout": null,
                "stderr": null
            },
            {
                "classname": "tests.test_class_schema.TestClassSchema",
                "name": "test_final_infers_type_from_default",
                "time": 0.006,
                "results": [
                    {
                        "result": "Passed",
                        "message": "",
                        "type": ""
                    }
                ],
                "stdout": null,
                "stderr": null
            },
            {
                "classname": "tests.test_class_schema.TestClassSchema",
                "name": "test_literal",
                "time": 0.002,
                "results": [
                    {
                        "result": "Passed",
                        "message": "",
                        "type": ""
                    }
                ],
                "stdout": null,
                "stderr": null
            },
            {
                "classname": "tests.test_class_schema.TestClassSchema",
                "name": "test_literal_multiple_types",
                "time": 0.003,
                "results": [
                    {
                        "result": "Passed",
                        "message": "",
                        "type": ""
                    }
                ],
                "stdout": null,
                "stderr": null
            },
            {
                "classname": "tests.test_class_schema.TestClassSchema",
                "name": "test_nested_schema_with_passed_frame",
                "time": 0.054,
                "results": [
                    {
                        "result": "Passed",
                        "message": "",
                        "type": ""
                    }
                ],
                "stdout": null,
                "stderr": null
            },
            {
                "classname": "tests.test_class_schema.TestClassSchema",
                "name": "test_recursive_reference",
                "time": 0.002,
                "results": [
                    {
                        "result": "Passed",
                        "message": "",
                        "type": ""
                    }
                ],
                "stdout": null,
                "stderr": null
            },
            {
                "classname": "tests.test_class_schema.TestClassSchema",
                "name": "test_simple_unique_schemas",
                "time": 0.017,
                "results": [
                    {
                        "result": "Passed",
                        "message": "",
                        "type": ""
                    }
                ],
                "stdout": null,
                "stderr": null
            },
            {
                "classname": "tests.test_class_schema.TestClassSchema",
                "name": "test_use_type_mapping_from_base_schema",
                "time": 0.003,
                "results": [
                    {
                        "result": "Passed",
                        "message": "",
                        "type": ""
                    }
                ],
                "stdout": null,
                "stderr": null
            },
            {
                "classname": "tests.test_class_schema.TestClassSchema",
                "name": "test_validator_stacking",
                "time": 0.011,
                "results": [
                    {
                        "result": "Passed",
                        "message": "",
                        "type": ""
                    }
                ],
                "stdout": null,
                "stderr": null
            },
            {
                "classname": "tests.test_collection.TestSequenceField",
                "name": "test_nested_sequence",
                "time": 0.003,
                "results": [
                    {
                        "result": "Passed",
                        "message": "",
                        "type": ""
                    }
                ],
                "stdout": null,
                "stderr": null
            },
            {
                "classname": "tests.test_collection.TestSequenceField",
                "name": "test_optional_sequence",
                "time": 0.003,
                "results": [
                    {
                        "result": "Passed",
                        "message": "",
                        "type": ""
                    }
                ],
                "stdout": null,
                "stderr": null
            },
            {
                "classname": "tests.test_collection.TestSequenceField",
                "name": "test_sequence_no_arg",
                "time": 0.002,
                "results": [
                    {
                        "result": "Passed",
                        "message": "",
                        "type": ""
                    }
                ],
                "stdout": null,
                "stderr": null
            },
            {
                "classname": "tests.test_collection.TestSequenceField",
                "name": "test_sequence_of_dataclass",
                "time": 0.004,
                "results": [
                    {
                        "result": "Passed",
                        "message": "",
                        "type": ""
                    }
                ],
                "stdout": null,
                "stderr": null
            },
            {
                "classname": "tests.test_collection.TestSequenceField",
                "name": "test_sequence_of_optional",
                "time": 0.002,
                "results": [
                    {
                        "result": "Passed",
                        "message": "",
                        "type": ""
                    }
                ],
                "stdout": null,
                "stderr": null
            },
            {
                "classname": "tests.test_collection.TestSequenceField",
                "name": "test_sequence_of_optional_dataclass",
                "time": 0.004,
                "results": [
                    {
                        "result": "Passed",
                        "message": "",
                        "type": ""
                    }
                ],
                "stdout": null,
                "stderr": null
            },
            {
                "classname": "tests.test_collection.TestSequenceField",
                "name": "test_simple",
                "time": 0.004,
                "results": [
                    {
                        "result": "Passed",
                        "message": "",
                        "type": ""
                    }
                ],
                "stdout": null,
                "stderr": null
            },
            {
                "classname": "tests.test_collection.TestSetField",
                "name": "test_frozen_set",
                "time": 0.003,
                "results": [
                    {
                        "result": "Passed",
                        "message": "",
                        "type": ""
                    }
                ],
                "stdout": null,
                "stderr": null
            },
            {
                "classname": "tests.test_collection.TestSetField",
                "name": "test_nested_frozenset",
                "time": 0.003,
                "results": [
                    {
                        "result": "Passed",
                        "message": "",
                        "type": ""
                    }
                ],
                "stdout": null,
                "stderr": null
            },
            {
                "classname": "tests.test_collection.TestSetField",
                "name": "test_optional_set",
                "time": 0.002,
                "results": [
                    {
                        "result": "Passed",
                        "message": "",
                        "type": ""
                    }
                ],
                "stdout": null,
                "stderr": null
            },
            {
                "classname": "tests.test_collection.TestSetField",
                "name": "test_set_no_arg",
                "time": 0.003,
                "results": [
                    {
                        "result": "Passed",
                        "message": "",
                        "type": ""
                    }
                ],
                "stdout": null,
                "stderr": null
            },
            {
                "classname": "tests.test_collection.TestSetField",
                "name": "test_set_of_frozen_dataclass",
                "time": 0.004,
                "results": [
                    {
                        "result": "Passed",
                        "message": "",
                        "type": ""
                    }
                ],
                "stdout": null,
                "stderr": null
            },
            {
                "classname": "tests.test_collection.TestSetField",
                "name": "test_set_of_optional",
                "time": 0.003,
                "results": [
                    {
                        "result": "Passed",
                        "message": "",
                        "type": ""
                    }
                ],
                "stdout": null,
                "stderr": null
            },
            {
                "classname": "tests.test_collection.TestSetField",
                "name": "test_set_of_optional_dataclass",
                "time": 0.004,
                "results": [
                    {
                        "result": "Passed",
                        "message": "",
                        "type": ""
                    }
                ],
                "stdout": null,
                "stderr": null
            },
            {
                "classname": "tests.test_collection.TestSetField",
                "name": "test_set_only_work_in_hashable_types",
                "time": 0.005,
                "results": [
                    {
                        "result": "Passed",
                        "message": "",
                        "type": ""
                    }
                ],
                "stdout": null,
                "stderr": null
            },
            {
                "classname": "tests.test_collection.TestSetField",
                "name": "test_simple",
                "time": 0.003,
                "results": [
                    {
                        "result": "Passed",
                        "message": "",
                        "type": ""
                    }
                ],
                "stdout": null,
                "stderr": null
            },
            {
                "classname": "tests.test_collection.TestMappingField",
                "name": "test_mapping_no_arg",
                "time": 0.003,
                "results": [
                    {
                        "result": "Passed",
                        "message": "",
                        "type": ""
                    }
                ],
                "stdout": null,
                "stderr": null
            },
            {
                "classname": "tests.test_collection.TestMappingField",
                "name": "test_mapping_of_frozen_dataclass",
                "time": 0.004,
                "results": [
                    {
                        "result": "Passed",
                        "message": "",
                        "type": ""
                    }
                ],
                "stdout": null,
                "stderr": null
            },
            {
                "classname": "tests.test_collection.TestMappingField",
                "name": "test_simple",
                "time": 0.003,
                "results": [
                    {
                        "result": "Passed",
                        "message": "",
                        "type": ""
                    }
                ],
                "stdout": null,
                "stderr": null
            },
            {
                "classname": "tests.test_collection.TestBuiltinGenerics",
                "name": "test_builtin",
                "time": 0.001,
                "results": [
                    {
                        "result": "Skipped",
                        "message": "builtin generics are only available in python 3.9 upwards",
                        "type": "pytest.skip"
                    }
                ],
                "stdout": null,
                "stderr": null
            },
            {
                "classname": "tests.test_field_for_schema.TestFieldForSchema",
                "name": "test_any",
                "time": 0.001,
                "results": [
                    {
                        "result": "Passed",
                        "message": "",
                        "type": ""
                    }
                ],
                "stdout": null,
                "stderr": null
            },
            {
                "classname": "tests.test_field_for_schema.TestFieldForSchema",
                "name": "test_builtin_dict",
                "time": 0.001,
                "results": [
                    {
                        "result": "Passed",
                        "message": "",
                        "type": ""
                    }
                ],
                "stdout": null,
                "stderr": null
            },
            {
                "classname": "tests.test_field_for_schema.TestFieldForSchema",
                "name": "test_builtin_frozenset",
                "time": 0.001,
                "results": [
                    {
                        "result": "Passed",
                        "message": "",
                        "type": ""
                    }
                ],
                "stdout": null,
                "stderr": null
            },
            {
                "classname": "tests.test_field_for_schema.TestFieldForSchema",
                "name": "test_builtin_list",
                "time": 0.001,
                "results": [
                    {
                        "result": "Passed",
                        "message": "",
                        "type": ""
                    }
                ],
                "stdout": null,
                "stderr": null
            },
            {
                "classname": "tests.test_field_for_schema.TestFieldForSchema",
                "name": "test_builtin_set",
                "time": 0.001,
                "results": [
                    {
                        "result": "Passed",
                        "message": "",
                        "type": ""
                    }
                ],
                "stdout": null,
                "stderr": null
            },
            {
                "classname": "tests.test_field_for_schema.TestFieldForSchema",
                "name": "test_dict_from_typing",
                "time": 0.001,
                "results": [
                    {
                        "result": "Passed",
                        "message": "",
                        "type": ""
                    }
                ],
                "stdout": null,
                "stderr": null
            },
            {
                "classname": "tests.test_field_for_schema.TestFieldForSchema",
                "name": "test_dict_from_typing_wo_args",
                "time": 0.001,
                "results": [
                    {
                        "result": "Passed",
                        "message": "",
                        "type": ""
                    }
                ],
                "stdout": null,
                "stderr": null
            },
            {
                "classname": "tests.test_field_for_schema.TestFieldForSchema",
                "name": "test_enum",
                "time": 0.001,
                "results": [
                    {
                        "result": "Passed",
                        "message": "",
                        "type": ""
                    }
                ],
                "stdout": null,
                "stderr": null
            },
            {
                "classname": "tests.test_field_for_schema.TestFieldForSchema",
                "name": "test_explicit_field",
                "time": 0.001,
                "results": [
                    {
                        "result": "Passed",
                        "message": "",
                        "type": ""
                    }
                ],
                "stdout": null,
                "stderr": null
            },
            {
                "classname": "tests.test_field_for_schema.TestFieldForSchema",
                "name": "test_final",
                "time": 0.001,
                "results": [
                    {
                        "result": "Passed",
                        "message": "",
                        "type": ""
                    }
                ],
                "stdout": null,
                "stderr": null
            },
            {
                "classname": "tests.test_field_for_schema.TestFieldForSchema",
                "name": "test_final_without_type",
                "time": 0.001,
                "results": [
                    {
                        "result": "Passed",
                        "message": "",
                        "type": ""
                    }
                ],
                "stdout": null,
                "stderr": null
            },
            {
                "classname": "tests.test_field_for_schema.TestFieldForSchema",
                "name": "test_frozenset_from_typing",
                "time": 0.001,
                "results": [
                    {
                        "result": "Passed",
                        "message": "",
                        "type": ""
                    }
                ],
                "stdout": null,
                "stderr": null
            },
            {
                "classname": "tests.test_field_for_schema.TestFieldForSchema",
                "name": "test_frozenset_from_typing_wo_args",
                "time": 0.001,
                "results": [
                    {
                        "result": "Passed",
                        "message": "",
                        "type": ""
                    }
                ],
                "stdout": null,
                "stderr": null
            },
            {
                "classname": "tests.test_field_for_schema.TestFieldForSchema",
                "name": "test_homogeneous_tuple",
                "time": 0.001,
                "results": [
                    {
                        "result": "Skipped",
                        "message": "PEP 585 unsupported",
                        "type": "pytest.skip"
                    }
                ],
                "stdout": null,
                "stderr": null
            },
            {
                "classname": "tests.test_field_for_schema.TestFieldForSchema",
                "name": "test_homogeneous_tuple_from_typing",
                "time": 0.001,
                "results": [
                    {
                        "result": "Passed",
                        "message": "",
                        "type": ""
                    }
                ],
                "stdout": null,
                "stderr": null
            },
            {
                "classname": "tests.test_field_for_schema.TestFieldForSchema",
                "name": "test_int",
                "time": 0.001,
                "results": [
                    {
                        "result": "Passed",
                        "message": "",
                        "type": ""
                    }
                ],
                "stdout": null,
                "stderr": null
            },
            {
                "classname": "tests.test_field_for_schema.TestFieldForSchema",
                "name": "test_list_from_typing",
                "time": 0.001,
                "results": [
                    {
                        "result": "Passed",
                        "message": "",
                        "type": ""
                    }
                ],
                "stdout": null,
                "stderr": null
            },
            {
                "classname": "tests.test_field_for_schema.TestFieldForSchema",
                "name": "test_list_from_typing_wo_args",
                "time": 0.001,
                "results": [
                    {
                        "result": "Passed",
                        "message": "",
                        "type": ""
                    }
                ],
                "stdout": null,
                "stderr": null
            },
            {
                "classname": "tests.test_field_for_schema.TestFieldForSchema",
                "name": "test_literal",
                "time": 0.001,
                "results": [
                    {
                        "result": "Passed",
                        "message": "",
                        "type": ""
                    }
                ],
                "stdout": null,
                "stderr": null
            },
            {
                "classname": "tests.test_field_for_schema.TestFieldForSchema",
                "name": "test_literal_multiple_types",
                "time": 0.001,
                "results": [
                    {
                        "result": "Passed",
                        "message": "",
                        "type": ""
                    }
                ],
                "stdout": null,
                "stderr": null
            },
            {
                "classname": "tests.test_field_for_schema.TestFieldForSchema",
                "name": "test_mapping",
                "time": 0.02,
                "results": [
                    {
                        "result": "Passed",
                        "message": "",
                        "type": ""
                    }
                ],
                "stdout": null,
                "stderr": null
            },
            {
                "classname": "tests.test_field_for_schema.TestFieldForSchema",
                "name": "test_marshmallow_dataclass",
                "time": 0.002,
                "results": [
                    {
                        "result": "Passed",
                        "message": "",
                        "type": ""
                    }
                ],
                "stdout": null,
                "stderr": null
            },
            {
                "classname": "tests.test_field_for_schema.TestFieldForSchema",
                "name": "test_newtype",
                "time": 0.001,
                "results": [
                    {
                        "result": "Passed",
                        "message": "",
                        "type": ""
                    }
                ],
                "stdout": null,
                "stderr": null
            },
            {
                "classname": "tests.test_field_for_schema.TestFieldForSchema",
                "name": "test_optional_multiple_types",
                "time": 0.004,
                "results": [
                    {
                        "result": "Failure",
                        "message": "AssertionError: {'dum[394 chars]ass 'str'>, <fields.String(dump_default=<marsh[777 chars]>)]\"} != {'dum[394 chars]ass 'int'>, <fields.Integer(dump_default=<mars[777 chars]>)]\"}\nDiff is 2530 characters long. Set self.maxDiff to None to see it.",
                        "type": null
                    }
                ],
                "stdout": null,
                "stderr": null
            },
            {
                "classname": "tests.test_field_for_schema.TestFieldForSchema",
                "name": "test_optional_str",
                "time": 0.001,
                "results": [
                    {
                        "result": "Passed",
                        "message": "",
                        "type": ""
                    }
                ],
                "stdout": null,
                "stderr": null
            },
            {
                "classname": "tests.test_field_for_schema.TestFieldForSchema",
                "name": "test_override_container_type_with_type_mapping",
                "time": 0.002,
                "results": [
                    {
                        "result": "Passed",
                        "message": "",
                        "type": ""
                    }
                ],
                "stdout": null,
                "stderr": null
            },
            {
                "classname": "tests.test_field_for_schema.TestFieldForSchema",
                "name": "test_sequence",
                "time": 0.001,
                "results": [
                    {
                        "result": "Passed",
                        "message": "",
                        "type": ""
                    }
                ],
                "stdout": null,
                "stderr": null
            },
            {
                "classname": "tests.test_field_for_schema.TestFieldForSchema",
                "name": "test_sequence_wo_args",
                "time": 0.001,
                "results": [
                    {
                        "result": "Passed",
                        "message": "",
                        "type": ""
                    }
                ],
                "stdout": null,
                "stderr": null
            },
            {
                "classname": "tests.test_field_for_schema.TestFieldForSchema",
                "name": "test_set_from_typing",
                "time": 0.001,
                "results": [
                    {
                        "result": "Passed",
                        "message": "",
                        "type": ""
                    }
                ],
                "stdout": null,
                "stderr": null
            },
            {
                "classname": "tests.test_field_for_schema.TestFieldForSchema",
                "name": "test_set_from_typing_wo_args",
                "time": 0.001,
                "results": [
                    {
                        "result": "Passed",
                        "message": "",
                        "type": ""
                    }
                ],
                "stdout": null,
                "stderr": null
            },
            {
                "classname": "tests.test_field_for_schema.TestFieldForSchema",
                "name": "test_str",
                "time": 0.001,
                "results": [
                    {
                        "result": "Passed",
                        "message": "",
                        "type": ""
                    }
                ],
                "stdout": null,
                "stderr": null
            },
            {
                "classname": "tests.test_field_for_schema.TestFieldForSchema",
                "name": "test_union",
                "time": 0.001,
                "results": [
                    {
                        "result": "Passed",
                        "message": "",
                        "type": ""
                    }
                ],
                "stdout": null,
                "stderr": null
            },
            {
                "classname": "tests.test_field_for_schema.TestFieldForSchema",
                "name": "test_union_multiple_types_with_none",
                "time": 0.002,
                "results": [
                    {
                        "result": "Passed",
                        "message": "",
                        "type": ""
                    }
                ],
                "stdout": null,
                "stderr": null
            },
            {
                "classname": "tests.test_forward_references.TestForwardReferences",
                "name": "test_forward_references_for_basic_types",
                "time": 0.002,
                "results": [
                    {
                        "result": "Passed",
                        "message": "",
                        "type": ""
                    }
                ],
                "stdout": null,
                "stderr": null
            },
            {
                "classname": "tests.test_forward_references.TestForwardReferences",
                "name": "test_global_circular_reference",
                "time": 0.003,
                "results": [
                    {
                        "result": "Passed",
                        "message": "",
                        "type": ""
                    }
                ],
                "stdout": null,
                "stderr": null
            },
            {
                "classname": "tests.test_forward_references.TestForwardReferences",
                "name": "test_global_forward_references",
                "time": 0.002,
                "results": [
                    {
                        "result": "Passed",
                        "message": "",
                        "type": ""
                    }
                ],
                "stdout": null,
                "stderr": null
            },
            {
                "classname": "tests.test_forward_references.TestForwardReferences",
                "name": "test_global_recursive_type",
                "time": 0.002,
                "results": [
                    {
                        "result": "Passed",
                        "message": "",
                        "type": ""
                    }
                ],
                "stdout": null,
                "stderr": null
            },
            {
                "classname": "tests.test_forward_references.TestForwardReferences",
                "name": "test_global_self_recursive_type",
                "time": 0.002,
                "results": [
                    {
                        "result": "Passed",
                        "message": "",
                        "type": ""
                    }
                ],
                "stdout": null,
                "stderr": null
            },
            {
                "classname": "tests.test_forward_references.TestForwardReferences",
                "name": "test_late_evaluated_types",
                "time": 0.002,
                "results": [
                    {
                        "result": "Passed",
                        "message": "",
                        "type": ""
                    }
                ],
                "stdout": null,
                "stderr": null
            },
            {
                "classname": "tests.test_forward_references.TestForwardReferences",
                "name": "test_local_forward_references",
                "time": 0.003,
                "results": [
                    {
                        "result": "Passed",
                        "message": "",
                        "type": ""
                    }
                ],
                "stdout": null,
                "stderr": null
            },
            {
                "classname": "tests.test_forward_references.TestForwardReferences",
                "name": "test_local_recursive_type",
                "time": 0.002,
                "results": [
                    {
                        "result": "Passed",
                        "message": "",
                        "type": ""
                    }
                ],
                "stdout": null,
                "stderr": null
            },
            {
                "classname": "tests.test_forward_references.TestForwardReferences",
                "name": "test_local_self_recursive_type",
                "time": 0.002,
                "results": [
                    {
                        "result": "Passed",
                        "message": "",
                        "type": ""
                    }
                ],
                "stdout": null,
                "stderr": null
            },
            {
                "classname": "tests.test_forward_references.TestForwardReferences",
                "name": "test_name_collisions",
                "time": 0.005,
                "results": [
                    {
                        "result": "Passed",
                        "message": "",
                        "type": ""
                    }
                ],
                "stdout": null,
                "stderr": null
            },
            {
                "classname": "tests.test_mypy.yml",
                "name": "NewType_basic",
                "time": 3.63,
                "results": [
                    {
                        "result": "Passed",
                        "message": "",
                        "type": ""
                    }
                ],
                "stdout": null,
                "stderr": null
            },
            {
                "classname": "tests.test_mypy.yml",
                "name": "marshmallow_dataclass_keyword_arguments",
                "time": 0.646,
                "results": [
                    {
                        "result": "Passed",
                        "message": "",
                        "type": ""
                    }
                ],
                "stdout": null,
                "stderr": null
            },
            {
                "classname": "tests.test_mypy.yml",
                "name": "public_custom_types",
                "time": 0.545,
                "results": [
                    {
                        "result": "Passed",
                        "message": "",
                        "type": ""
                    }
                ],
                "stdout": null,
                "stderr": null
            },
            {
                "classname": "tests.test_mypy.yml",
                "name": "dataclasses_field_not_a_default",
                "time": 0.54,
                "results": [
                    {
                        "result": "Passed",
                        "message": "",
                        "type": ""
                    }
                ],
                "stdout": null,
                "stderr": null
            },
            {
                "classname": "tests.test_optional.TestOptionalField",
                "name": "test_optional_field",
                "time": 0.004,
                "results": [
                    {
                        "result": "Passed",
                        "message": "",
                        "type": ""
                    }
                ],
                "stdout": null,
                "stderr": null
            },
            {
                "classname": "tests.test_optional.TestOptionalField",
                "name": "test_optional_field_not_none",
                "time": 0.002,
                "results": [
                    {
                        "result": "Passed",
                        "message": "",
                        "type": ""
                    }
                ],
                "stdout": null,
                "stderr": null
            },
            {
                "classname": "tests.test_optional.TestOptionalField",
                "name": "test_required_optional_field",
                "time": 0.002,
                "results": [
                    {
                        "result": "Passed",
                        "message": "",
                        "type": ""
                    }
                ],
                "stdout": null,
                "stderr": null
            },
            {
                "classname": "tests.test_post_load.TestPostLoad",
                "name": "test_load_many",
                "time": 0.002,
                "results": [
                    {
                        "result": "Passed",
                        "message": "",
                        "type": ""
                    }
                ],
                "stdout": null,
                "stderr": null
            },
            {
                "classname": "tests.test_post_load.TestPostLoad",
                "name": "test_post_load_method_naming_does_not_affect_data",
                "time": 0.001,
                "results": [
                    {
                        "result": "Passed",
                        "message": "",
                        "type": ""
                    }
                ],
                "stdout": null,
                "stderr": null
            },
            {
                "classname": "tests.test_postdump.TestPostDump",
                "name": "test_class_schema",
                "time": 0.008,
                "results": [
                    {
                        "result": "Passed",
                        "message": "",
                        "type": ""
                    }
                ],
                "stdout": null,
                "stderr": null
            },
            {
                "classname": "tests.test_postdump.TestPostDump",
                "name": "test_inside_schema",
                "time": 0.006,
                "results": [
                    {
                        "result": "Passed",
                        "message": "",
                        "type": ""
                    }
                ],
                "stdout": null,
                "stderr": null
            },
            {
                "classname": "tests.test_union.TestClassSchema",
                "name": "test_list_union_builtin",
                "time": 0.003,
                "results": [
                    {
                        "result": "Passed",
                        "message": "",
                        "type": ""
                    }
                ],
                "stdout": null,
                "stderr": null
            },
            {
                "classname": "tests.test_union.TestClassSchema",
                "name": "test_list_union_object",
                "time": 0.003,
                "results": [
                    {
                        "result": "Passed",
                        "message": "",
                        "type": ""
                    }
                ],
                "stdout": null,
                "stderr": null
            },
            {
                "classname": "tests.test_union.TestClassSchema",
                "name": "test_many_nested_union",
                "time": 0.004,
                "results": [
                    {
                        "result": "Passed",
                        "message": "",
                        "type": ""
                    }
                ],
                "stdout": null,
                "stderr": null
            },
            {
                "classname": "tests.test_union.TestClassSchema",
                "name": "test_pep604_union",
                "time": 0.001,
                "results": [
                    {
                        "result": "Skipped",
                        "message": "No PEP604 support in py<310",
                        "type": "pytest.skip"
                    }
                ],
                "stdout": null,
                "stderr": null
            },
            {
                "classname": "tests.test_union.TestClassSchema",
                "name": "test_required_optional_simple_union",
                "time": 0.003,
                "results": [
                    {
                        "result": "Passed",
                        "message": "",
                        "type": ""
                    }
                ],
                "stdout": null,
                "stderr": null
            },
            {
                "classname": "tests.test_union.TestClassSchema",
                "name": "test_simple_union",
                "time": 0.002,
                "results": [
                    {
                        "result": "Passed",
                        "message": "",
                        "type": ""
                    }
                ],
                "stdout": null,
                "stderr": null
            },
            {
                "classname": "tests.test_union.TestClassSchema",
                "name": "test_union_dict",
                "time": 0.003,
                "results": [
                    {
                        "result": "Passed",
                        "message": "",
                        "type": ""
                    }
                ],
                "stdout": null,
                "stderr": null
            },
            {
                "classname": "tests.test_union.TestClassSchema",
                "name": "test_union_list",
                "time": 0.005,
                "results": [
                    {
                        "result": "Passed",
                        "message": "",
                        "type": ""
                    }
                ],
                "stdout": null,
                "stderr": null
            },
            {
                "classname": "tests.test_union.TestClassSchema",
                "name": "test_union_list_dict",
                "time": 0.003,
                "results": [
                    {
                        "result": "Passed",
                        "message": "",
                        "type": ""
                    }
                ],
                "stdout": null,
                "stderr": null
            },
            {
                "classname": "tests.test_union.TestClassSchema",
                "name": "test_union_noschema",
                "time": 0.002,
                "results": [
                    {
                        "result": "Passed",
                        "message": "",
                        "type": ""
                    }
                ],
                "stdout": null,
                "stderr": null
            },
            {
                "classname": "tests.test_union.TestClassSchema",
                "name": "test_union_optional_object",
                "time": 0.004,
                "results": [
                    {
                        "result": "Passed",
                        "message": "",
                        "type": ""
                    }
                ],
                "stdout": null,
                "stderr": null
            },
            {
                "classname": "tests.test_union.TestClassSchema",
                "name": "test_union_with_default",
                "time": 0.002,
                "results": [
                    {
                        "result": "Passed",
                        "message": "",
                        "type": ""
                    }
                ],
                "stdout": null,
                "stderr": null
            }
        ],
        "stdout": "[80ba09eb-5e1f-4c74-a826-4e98444ac612/build-2] \ud83d\ude80  Start image=crawlergpt:latest\n[80ba09eb-5e1f-4c74-a826-4e98444ac612/build-1] \ud83d\ude80  Start image=crawlergpt:latest\n[80ba09eb-5e1f-4c74-a826-4e98444ac612/build-2]   \ud83d\udc33  docker pull image=crawlergpt:latest platform= username= forcePull=false\n[80ba09eb-5e1f-4c74-a826-4e98444ac612/build-1]   \ud83d\udc33  docker pull image=crawlergpt:latest platform= username= forcePull=false\n[80ba09eb-5e1f-4c74-a826-4e98444ac612/build-2]   \ud83d\udc33  docker create image=crawlergpt:latest platform= entrypoint=[\"tail\" \"-f\" \"/dev/null\"] cmd=[]\n[80ba09eb-5e1f-4c74-a826-4e98444ac612/build-1]   \ud83d\udc33  docker create image=crawlergpt:latest platform= entrypoint=[\"tail\" \"-f\" \"/dev/null\"] cmd=[]\n[80ba09eb-5e1f-4c74-a826-4e98444ac612/build-2]   \ud83d\udc33  docker run image=crawlergpt:latest platform= entrypoint=[\"tail\" \"-f\" \"/dev/null\"] cmd=[]\n[80ba09eb-5e1f-4c74-a826-4e98444ac612/build-1]   \ud83d\udc33  docker run image=crawlergpt:latest platform= entrypoint=[\"tail\" \"-f\" \"/dev/null\"] cmd=[]\n[80ba09eb-5e1f-4c74-a826-4e98444ac612/build-2]   \ud83d\udc33  docker exec cmd=[chown -R 1012:1013 /tmp/ad9c0f7e-1596-11ee-8a50-bb14de238602/lovasoa-marshmallow_dataclass] user=0 workdir=\n[80ba09eb-5e1f-4c74-a826-4e98444ac612/build-1]   \ud83d\udc33  docker exec cmd=[chown -R 1012:1013 /tmp/ad9c0f7e-1596-11ee-8a50-bb14de238602/lovasoa-marshmallow_dataclass] user=0 workdir=\n[80ba09eb-5e1f-4c74-a826-4e98444ac612/build-2]   \u2601  git clone 'https://github.com/actions/setup-python' # ref=v4\n[80ba09eb-5e1f-4c74-a826-4e98444ac612/build-1]   \u2601  git clone 'https://github.com/actions/setup-python' # ref=v4\n[80ba09eb-5e1f-4c74-a826-4e98444ac612/build-2]   \u2601  git clone 'https://github.com/actions/cache' # ref=v3\n[80ba09eb-5e1f-4c74-a826-4e98444ac612/build-1]   \u2601  git clone 'https://github.com/actions/cache' # ref=v3\n[80ba09eb-5e1f-4c74-a826-4e98444ac612/build-2] \ud83e\uddea  Matrix: map[os:ubuntu-latest python_version:3.6]\n[80ba09eb-5e1f-4c74-a826-4e98444ac612/build-2] \u2b50 Run Main actions/checkout@v3\n[80ba09eb-5e1f-4c74-a826-4e98444ac612/build-2]   \u2705  Success - Main actions/checkout@v3\n[80ba09eb-5e1f-4c74-a826-4e98444ac612/build-2] \u2b50 Run Main Set up Python \n[80ba09eb-5e1f-4c74-a826-4e98444ac612/build-2]   \ud83d\udc33  docker cp src=/tmp/act-cache/34dc4b08-ccb8-411a-a71c-49d9eda0defd/act/actions-setup-python@v4/ dst=/var/run/act/actions/actions-setup-python@v4/\n[80ba09eb-5e1f-4c74-a826-4e98444ac612/build-2]   \ud83d\udc33  docker exec cmd=[chown -R 1012:1013 /var/run/act/actions/actions-setup-python@v4/] user=0 workdir=\n[80ba09eb-5e1f-4c74-a826-4e98444ac612/build-1] \ud83e\uddea  Matrix: map[os:ubuntu-latest python_version:3.7]\n[80ba09eb-5e1f-4c74-a826-4e98444ac612/build-2]   \ud83d\udc33  docker exec cmd=[node /var/run/act/actions/actions-setup-python@v4/dist/setup/index.js] user= workdir=\n[80ba09eb-5e1f-4c74-a826-4e98444ac612/build-1] \u2b50 Run Main actions/checkout@v3\n[80ba09eb-5e1f-4c74-a826-4e98444ac612/build-1]   \u2705  Success - Main actions/checkout@v3\n[80ba09eb-5e1f-4c74-a826-4e98444ac612/build-2]   \ud83d\udcac  ::debug::Python is expected to be installed into /opt/hostedtoolcache\n[80ba09eb-5e1f-4c74-a826-4e98444ac612/build-2]   \u2753  ::group::Installed versions\n[80ba09eb-5e1f-4c74-a826-4e98444ac612/build-2]   \ud83d\udcac  ::debug::Semantic version spec of 3.6 is 3.6\n[80ba09eb-5e1f-4c74-a826-4e98444ac612/build-2]   \ud83d\udcac  ::debug::isExplicit: \n[80ba09eb-5e1f-4c74-a826-4e98444ac612/build-2]   \ud83d\udcac  ::debug::explicit? false\n[80ba09eb-5e1f-4c74-a826-4e98444ac612/build-2]   \ud83d\udcac  ::debug::isExplicit: 2.7.18\n[80ba09eb-5e1f-4c74-a826-4e98444ac612/build-2]   \ud83d\udcac  ::debug::explicit? true\n[80ba09eb-5e1f-4c74-a826-4e98444ac612/build-2]   \ud83d\udcac  ::debug::isExplicit: 3.5.10\n[80ba09eb-5e1f-4c74-a826-4e98444ac612/build-2]   \ud83d\udcac  ::debug::explicit? true\n[80ba09eb-5e1f-4c74-a826-4e98444ac612/build-2]   \ud83d\udcac  ::debug::isExplicit: 3.6.14\n[80ba09eb-5e1f-4c74-a826-4e98444ac612/build-2]   \ud83d\udcac  ::debug::explicit? true\n[80ba09eb-5e1f-4c74-a826-4e98444ac612/build-2]   \ud83d\udcac  ::debug::isExplicit: 3.7.11\n[80ba09eb-5e1f-4c74-a826-4e98444ac612/build-2]   \ud83d\udcac  ::debug::explicit? true\n[80ba09eb-5e1f-4c74-a826-4e98444ac612/build-2]   \ud83d\udcac  ::debug::isExplicit: 3.8.11\n[80ba09eb-5e1f-4c74-a826-4e98444ac612/build-2]   \ud83d\udcac  ::debug::explicit? true\n[80ba09eb-5e1f-4c74-a826-4e98444ac612/build-2]   \ud83d\udcac  ::debug::isExplicit: 3.9.6\n[80ba09eb-5e1f-4c74-a826-4e98444ac612/build-2]   \ud83d\udcac  ::debug::explicit? true\n[80ba09eb-5e1f-4c74-a826-4e98444ac612/build-2]   \ud83d\udcac  ::debug::evaluating 6 versions\n[80ba09eb-5e1f-4c74-a826-4e98444ac612/build-2]   \ud83d\udcac  ::debug::matched: 3.6.14\n[80ba09eb-5e1f-4c74-a826-4e98444ac612/build-2]   \ud83d\udcac  ::debug::checking cache: /opt/hostedtoolcache/Python/3.6.14/x64\n[80ba09eb-5e1f-4c74-a826-4e98444ac612/build-2]   \ud83d\udcac  ::debug::Found tool in cache Python 3.6.14 x64\n[80ba09eb-5e1f-4c74-a826-4e98444ac612/build-2]   | Successfully set up CPython (3.6.14)\n[80ba09eb-5e1f-4c74-a826-4e98444ac612/build-2]   \u2753  ::endgroup::\n[80ba09eb-5e1f-4c74-a826-4e98444ac612/build-2]   \u2753 add-matcher /run/act/actions/actions-setup-python@v4/.github/python.json\n[80ba09eb-5e1f-4c74-a826-4e98444ac612/build-2]   \u2705  Success - Main Set up Python \n[80ba09eb-5e1f-4c74-a826-4e98444ac612/build-2]   \u2699  ::set-env:: PKG_CONFIG_PATH=/opt/hostedtoolcache/Python/3.6.14/x64/lib/pkgconfig\n[80ba09eb-5e1f-4c74-a826-4e98444ac612/build-2]   \u2699  ::set-env:: Python_ROOT_DIR=/opt/hostedtoolcache/Python/3.6.14/x64\n[80ba09eb-5e1f-4c74-a826-4e98444ac612/build-2]   \u2699  ::set-env:: Python2_ROOT_DIR=/opt/hostedtoolcache/Python/3.6.14/x64\n[80ba09eb-5e1f-4c74-a826-4e98444ac612/build-2]   \u2699  ::set-env:: Python3_ROOT_DIR=/opt/hostedtoolcache/Python/3.6.14/x64\n[80ba09eb-5e1f-4c74-a826-4e98444ac612/build-2]   \u2699  ::set-env:: LD_LIBRARY_PATH=/opt/hostedtoolcache/Python/3.6.14/x64/lib\n[80ba09eb-5e1f-4c74-a826-4e98444ac612/build-2]   \u2699  ::set-env:: pythonLocation=/opt/hostedtoolcache/Python/3.6.14/x64\n[80ba09eb-5e1f-4c74-a826-4e98444ac612/build-1] \u2b50 Run Main Set up Python \n[80ba09eb-5e1f-4c74-a826-4e98444ac612/build-2]   \u2699  ::set-output:: python-version=3.6.14\n[80ba09eb-5e1f-4c74-a826-4e98444ac612/build-2]   \u2699  ::set-output:: python-path=/opt/hostedtoolcache/Python/3.6.14/x64/bin/python\n[80ba09eb-5e1f-4c74-a826-4e98444ac612/build-1]   \ud83d\udc33  docker cp src=/tmp/act-cache/34dc4b08-ccb8-411a-a71c-49d9eda0defd/act/actions-setup-python@v4/ dst=/var/run/act/actions/actions-setup-python@v4/\n[80ba09eb-5e1f-4c74-a826-4e98444ac612/build-2]   \u2699  ::add-path:: /opt/hostedtoolcache/Python/3.6.14/x64\n[80ba09eb-5e1f-4c74-a826-4e98444ac612/build-2]   \u2699  ::add-path:: /opt/hostedtoolcache/Python/3.6.14/x64/bin\n[80ba09eb-5e1f-4c74-a826-4e98444ac612/build-2] \u2b50 Run Main set pre-commit cache\n[80ba09eb-5e1f-4c74-a826-4e98444ac612/build-2]   \ud83d\udc33  docker cp src=/tmp/act-cache/34dc4b08-ccb8-411a-a71c-49d9eda0defd/act/actions-cache@v3/ dst=/var/run/act/actions/actions-cache@v3/\n[80ba09eb-5e1f-4c74-a826-4e98444ac612/build-1]   \ud83d\udc33  docker exec cmd=[chown -R 1012:1013 /var/run/act/actions/actions-setup-python@v4/] user=0 workdir=\n[80ba09eb-5e1f-4c74-a826-4e98444ac612/build-1]   \ud83d\udc33  docker exec cmd=[node /var/run/act/actions/actions-setup-python@v4/dist/setup/index.js] user= workdir=\n[80ba09eb-5e1f-4c74-a826-4e98444ac612/build-2]   \ud83d\udc33  docker exec cmd=[chown -R 1012:1013 /var/run/act/actions/actions-cache@v3/] user=0 workdir=\n[80ba09eb-5e1f-4c74-a826-4e98444ac612/build-1]   \ud83d\udcac  ::debug::Python is expected to be installed into /opt/hostedtoolcache\n[80ba09eb-5e1f-4c74-a826-4e98444ac612/build-1]   \u2753  ::group::Installed versions\n[80ba09eb-5e1f-4c74-a826-4e98444ac612/build-1]   \ud83d\udcac  ::debug::Semantic version spec of 3.7 is 3.7\n[80ba09eb-5e1f-4c74-a826-4e98444ac612/build-1]   \ud83d\udcac  ::debug::isExplicit: \n[80ba09eb-5e1f-4c74-a826-4e98444ac612/build-1]   \ud83d\udcac  ::debug::explicit? false\n[80ba09eb-5e1f-4c74-a826-4e98444ac612/build-1]   \ud83d\udcac  ::debug::isExplicit: 2.7.18\n[80ba09eb-5e1f-4c74-a826-4e98444ac612/build-1]   \ud83d\udcac  ::debug::explicit? true\n[80ba09eb-5e1f-4c74-a826-4e98444ac612/build-1]   \ud83d\udcac  ::debug::isExplicit: 3.5.10\n[80ba09eb-5e1f-4c74-a826-4e98444ac612/build-1]   \ud83d\udcac  ::debug::explicit? true\n[80ba09eb-5e1f-4c74-a826-4e98444ac612/build-1]   \ud83d\udcac  ::debug::isExplicit: 3.6.14\n[80ba09eb-5e1f-4c74-a826-4e98444ac612/build-1]   \ud83d\udcac  ::debug::explicit? true\n[80ba09eb-5e1f-4c74-a826-4e98444ac612/build-1]   \ud83d\udcac  ::debug::isExplicit: 3.7.11\n[80ba09eb-5e1f-4c74-a826-4e98444ac612/build-1]   \ud83d\udcac  ::debug::explicit? true\n[80ba09eb-5e1f-4c74-a826-4e98444ac612/build-1]   \ud83d\udcac  ::debug::isExplicit: 3.8.11\n[80ba09eb-5e1f-4c74-a826-4e98444ac612/build-1]   \ud83d\udcac  ::debug::explicit? true\n[80ba09eb-5e1f-4c74-a826-4e98444ac612/build-1]   \ud83d\udcac  ::debug::isExplicit: 3.9.6\n[80ba09eb-5e1f-4c74-a826-4e98444ac612/build-1]   \ud83d\udcac  ::debug::explicit? true\n[80ba09eb-5e1f-4c74-a826-4e98444ac612/build-1]   \ud83d\udcac  ::debug::evaluating 6 versions\n[80ba09eb-5e1f-4c74-a826-4e98444ac612/build-1]   \ud83d\udcac  ::debug::matched: 3.7.11\n[80ba09eb-5e1f-4c74-a826-4e98444ac612/build-1]   \ud83d\udcac  ::debug::checking cache: /opt/hostedtoolcache/Python/3.7.11/x64\n[80ba09eb-5e1f-4c74-a826-4e98444ac612/build-1]   \ud83d\udcac  ::debug::Found tool in cache Python 3.7.11 x64\n[80ba09eb-5e1f-4c74-a826-4e98444ac612/build-1]   | Successfully set up CPython (3.7.11)\n[80ba09eb-5e1f-4c74-a826-4e98444ac612/build-1]   \u2753  ::endgroup::\n[80ba09eb-5e1f-4c74-a826-4e98444ac612/build-1]   \u2753 add-matcher /run/act/actions/actions-setup-python@v4/.github/python.json\n[80ba09eb-5e1f-4c74-a826-4e98444ac612/build-1]   \u2705  Success - Main Set up Python \n[80ba09eb-5e1f-4c74-a826-4e98444ac612/build-2]   \ud83d\udc33  docker exec cmd=[node /var/run/act/actions/actions-cache@v3/dist/restore/index.js] user= workdir=\n[80ba09eb-5e1f-4c74-a826-4e98444ac612/build-1]   \u2699  ::set-env:: pythonLocation=/opt/hostedtoolcache/Python/3.7.11/x64\n[80ba09eb-5e1f-4c74-a826-4e98444ac612/build-1]   \u2699  ::set-env:: PKG_CONFIG_PATH=/opt/hostedtoolcache/Python/3.7.11/x64/lib/pkgconfig\n[80ba09eb-5e1f-4c74-a826-4e98444ac612/build-1]   \u2699  ::set-env:: Python_ROOT_DIR=/opt/hostedtoolcache/Python/3.7.11/x64\n[80ba09eb-5e1f-4c74-a826-4e98444ac612/build-1]   \u2699  ::set-env:: Python2_ROOT_DIR=/opt/hostedtoolcache/Python/3.7.11/x64\n[80ba09eb-5e1f-4c74-a826-4e98444ac612/build-1]   \u2699  ::set-env:: Python3_ROOT_DIR=/opt/hostedtoolcache/Python/3.7.11/x64\n[80ba09eb-5e1f-4c74-a826-4e98444ac612/build-1]   \u2699  ::set-env:: LD_LIBRARY_PATH=/opt/hostedtoolcache/Python/3.7.11/x64/lib\n[80ba09eb-5e1f-4c74-a826-4e98444ac612/build-1]   \u2699  ::set-output:: python-version=3.7.11\n[80ba09eb-5e1f-4c74-a826-4e98444ac612/build-1]   \u2699  ::set-output:: python-path=/opt/hostedtoolcache/Python/3.7.11/x64/bin/python\n[80ba09eb-5e1f-4c74-a826-4e98444ac612/build-1]   \u2699  ::add-path:: /opt/hostedtoolcache/Python/3.7.11/x64\n[80ba09eb-5e1f-4c74-a826-4e98444ac612/build-1]   \u2699  ::add-path:: /opt/hostedtoolcache/Python/3.7.11/x64/bin\n[80ba09eb-5e1f-4c74-a826-4e98444ac612/build-1] \u2b50 Run Main set pre-commit cache\n[80ba09eb-5e1f-4c74-a826-4e98444ac612/build-2]   \ud83d\udcac  ::debug::Resolved Keys:\n[80ba09eb-5e1f-4c74-a826-4e98444ac612/build-2]   \ud83d\udcac  ::debug::[\"3.6-917524ce0885eaa1b39fec0824b548404dca4dd39e6839daed15c0d7937a2977-65084d18f50e2cc3f96a4bbcf34dbdc964fd716ea336d079a727c71eda0d538c\"]\n[80ba09eb-5e1f-4c74-a826-4e98444ac612/build-2]   \ud83d\udcac  ::debug::Checking zstd --quiet --version\n[80ba09eb-5e1f-4c74-a826-4e98444ac612/build-2]   \ud83d\udcac  ::debug::1.5.0\n[80ba09eb-5e1f-4c74-a826-4e98444ac612/build-2]   \ud83d\udcac  ::debug::zstd version: 1.5.0\n[80ba09eb-5e1f-4c74-a826-4e98444ac612/build-2]   \ud83d\udcac  ::debug::Resource Url: http://130.242.72.40:42019/_apis/artifactcache/cache?keys=3.6-917524ce0885eaa1b39fec0824b548404dca4dd39e6839daed15c0d7937a2977-65084d18f50e2cc3f96a4bbcf34dbdc964fd716ea336d079a727c71eda0d538c&version=e41bb8ceae13abf403533935f868b4d89889d1765a02f85006dafe0e6335cdca\n[80ba09eb-5e1f-4c74-a826-4e98444ac612/build-2]   \ud83d\udcac  ::debug::Failed to delete archive: Error: ENOENT: no such file or directory, unlink ''\n[80ba09eb-5e1f-4c74-a826-4e98444ac612/build-2]   | Cache not found for input keys: 3.6-917524ce0885eaa1b39fec0824b548404dca4dd39e6839daed15c0d7937a2977-65084d18f50e2cc3f96a4bbcf34dbdc964fd716ea336d079a727c71eda0d538c\n[80ba09eb-5e1f-4c74-a826-4e98444ac612/build-2]   \u2705  Success - Main set pre-commit cache\n[80ba09eb-5e1f-4c74-a826-4e98444ac612/build-1]   \ud83d\udc33  docker cp src=/tmp/act-cache/34dc4b08-ccb8-411a-a71c-49d9eda0defd/act/actions-cache@v3/ dst=/var/run/act/actions/actions-cache@v3/\n[80ba09eb-5e1f-4c74-a826-4e98444ac612/build-2] \u2b50 Run Main Use latest pip\n[80ba09eb-5e1f-4c74-a826-4e98444ac612/build-2]   \ud83d\udc33  docker exec cmd=[bash --noprofile --norc -e -o pipefail /var/run/act/workflow/3] user= workdir=\n[80ba09eb-5e1f-4c74-a826-4e98444ac612/build-1]   \ud83d\udc33  docker exec cmd=[chown -R 1012:1013 /var/run/act/actions/actions-cache@v3/] user=0 workdir=\n[80ba09eb-5e1f-4c74-a826-4e98444ac612/build-1]   \ud83d\udc33  docker exec cmd=[node /var/run/act/actions/actions-cache@v3/dist/restore/index.js] user= workdir=\n[80ba09eb-5e1f-4c74-a826-4e98444ac612/build-1]   \ud83d\udcac  ::debug::Resolved Keys:\n[80ba09eb-5e1f-4c74-a826-4e98444ac612/build-1]   \ud83d\udcac  ::debug::[\"3.7-917524ce0885eaa1b39fec0824b548404dca4dd39e6839daed15c0d7937a2977-65084d18f50e2cc3f96a4bbcf34dbdc964fd716ea336d079a727c71eda0d538c\"]\n[80ba09eb-5e1f-4c74-a826-4e98444ac612/build-1]   \ud83d\udcac  ::debug::Checking zstd --quiet --version\n[80ba09eb-5e1f-4c74-a826-4e98444ac612/build-1]   \ud83d\udcac  ::debug::1.5.0\n[80ba09eb-5e1f-4c74-a826-4e98444ac612/build-1]   \ud83d\udcac  ::debug::zstd version: 1.5.0\n[80ba09eb-5e1f-4c74-a826-4e98444ac612/build-1]   \ud83d\udcac  ::debug::Resource Url: http://130.242.72.40:42019/_apis/artifactcache/cache?keys=3.7-917524ce0885eaa1b39fec0824b548404dca4dd39e6839daed15c0d7937a2977-65084d18f50e2cc3f96a4bbcf34dbdc964fd716ea336d079a727c71eda0d538c&version=e41bb8ceae13abf403533935f868b4d89889d1765a02f85006dafe0e6335cdca\n[80ba09eb-5e1f-4c74-a826-4e98444ac612/build-1]   \ud83d\udcac  ::debug::Failed to delete archive: Error: ENOENT: no such file or directory, unlink ''\n[80ba09eb-5e1f-4c74-a826-4e98444ac612/build-1]   | Cache not found for input keys: 3.7-917524ce0885eaa1b39fec0824b548404dca4dd39e6839daed15c0d7937a2977-65084d18f50e2cc3f96a4bbcf34dbdc964fd716ea336d079a727c71eda0d538c\n[80ba09eb-5e1f-4c74-a826-4e98444ac612/build-1]   \u2705  Success - Main set pre-commit cache\n[80ba09eb-5e1f-4c74-a826-4e98444ac612/build-1] \u2b50 Run Main Use latest pip\n[80ba09eb-5e1f-4c74-a826-4e98444ac612/build-1]   \ud83d\udc33  docker exec cmd=[bash --noprofile --norc -e -o pipefail /var/run/act/workflow/3] user= workdir=\n[80ba09eb-5e1f-4c74-a826-4e98444ac612/build-2]   | Requirement already satisfied: pip in /opt/hostedtoolcache/Python/3.6.14/x64/lib/python3.6/site-packages (21.2.4)\n[80ba09eb-5e1f-4c74-a826-4e98444ac612/build-2]   | Collecting pip\n[80ba09eb-5e1f-4c74-a826-4e98444ac612/build-2]   |   Downloading pip-21.3.1-py3-none-any.whl (1.7 MB)\n[80ba09eb-5e1f-4c74-a826-4e98444ac612/build-2]   | Installing collected packages: pip\n[80ba09eb-5e1f-4c74-a826-4e98444ac612/build-2]   |   Attempting uninstall: pip\n[80ba09eb-5e1f-4c74-a826-4e98444ac612/build-2]   |     Found existing installation: pip 21.2.4\n[80ba09eb-5e1f-4c74-a826-4e98444ac612/build-1]   | Requirement already satisfied: pip in /opt/hostedtoolcache/Python/3.7.11/x64/lib/python3.7/site-packages (21.2.4)\n[80ba09eb-5e1f-4c74-a826-4e98444ac612/build-2]   |     Uninstalling pip-21.2.4:\n[80ba09eb-5e1f-4c74-a826-4e98444ac612/build-1]   | Collecting pip\n[80ba09eb-5e1f-4c74-a826-4e98444ac612/build-1]   |   Downloading pip-23.1.2-py3-none-any.whl (2.1 MB)\n[80ba09eb-5e1f-4c74-a826-4e98444ac612/build-1]   | Installing collected packages: pip\n[80ba09eb-5e1f-4c74-a826-4e98444ac612/build-1]   |   Attempting uninstall: pip\n[80ba09eb-5e1f-4c74-a826-4e98444ac612/build-1]   |     Found existing installation: pip 21.2.4\n[80ba09eb-5e1f-4c74-a826-4e98444ac612/build-1]   |     Uninstalling pip-21.2.4:\n[80ba09eb-5e1f-4c74-a826-4e98444ac612/build-2]   |       Successfully uninstalled pip-21.2.4\n[80ba09eb-5e1f-4c74-a826-4e98444ac612/build-1]   |       Successfully uninstalled pip-21.2.4\n[80ba09eb-5e1f-4c74-a826-4e98444ac612/build-2]   | Successfully installed pip-21.3.1\n[80ba09eb-5e1f-4c74-a826-4e98444ac612/build-2]   \u2705  Success - Main Use latest pip\n[80ba09eb-5e1f-4c74-a826-4e98444ac612/build-1]   | Successfully installed pip-23.1.2\n[80ba09eb-5e1f-4c74-a826-4e98444ac612/build-2] \u2b50 Run Main Install dependencies\n[80ba09eb-5e1f-4c74-a826-4e98444ac612/build-1]   \u2705  Success - Main Use latest pip\n[80ba09eb-5e1f-4c74-a826-4e98444ac612/build-2]   \ud83d\udc33  docker exec cmd=[bash --noprofile --norc -e -o pipefail /var/run/act/workflow/5] user= workdir=\n[80ba09eb-5e1f-4c74-a826-4e98444ac612/build-1] \u2b50 Run Main Install dependencies\n[80ba09eb-5e1f-4c74-a826-4e98444ac612/build-1]   \ud83d\udc33  docker exec cmd=[bash --noprofile --norc -e -o pipefail /var/run/act/workflow/5] user= workdir=\n[80ba09eb-5e1f-4c74-a826-4e98444ac612/build-1]   | Obtaining file:///tmp/ad9c0f7e-1596-11ee-8a50-bb14de238602/lovasoa-marshmallow_dataclass\n[80ba09eb-5e1f-4c74-a826-4e98444ac612/build-1]   |   Installing build dependencies: started\n[80ba09eb-5e1f-4c74-a826-4e98444ac612/build-2]   | Obtaining file:///tmp/ad9c0f7e-1596-11ee-8a50-bb14de238602/lovasoa-marshmallow_dataclass\n[80ba09eb-5e1f-4c74-a826-4e98444ac612/build-2]   |   Installing build dependencies: started\n[80ba09eb-5e1f-4c74-a826-4e98444ac612/build-2]   |   Installing build dependencies: finished with status 'done'\n[80ba09eb-5e1f-4c74-a826-4e98444ac612/build-2]   |   Checking if build backend supports build_editable: started\n[80ba09eb-5e1f-4c74-a826-4e98444ac612/build-1]   |   Installing build dependencies: finished with status 'done'\n[80ba09eb-5e1f-4c74-a826-4e98444ac612/build-1]   |   Checking if build backend supports build_editable: started\n[80ba09eb-5e1f-4c74-a826-4e98444ac612/build-1]   |   Checking if build backend supports build_editable: finished with status 'done'\n[80ba09eb-5e1f-4c74-a826-4e98444ac612/build-1]   |   Getting requirements to build editable: started\n[80ba09eb-5e1f-4c74-a826-4e98444ac612/build-2]   |   Checking if build backend supports build_editable: finished with status 'done'\n[80ba09eb-5e1f-4c74-a826-4e98444ac612/build-2]   |   Getting requirements to build wheel: started\n[80ba09eb-5e1f-4c74-a826-4e98444ac612/build-1]   |   Getting requirements to build editable: finished with status 'done'\n[80ba09eb-5e1f-4c74-a826-4e98444ac612/build-1]   |   Preparing editable metadata (pyproject.toml): started\n[80ba09eb-5e1f-4c74-a826-4e98444ac612/build-1]   |   Preparing editable metadata (pyproject.toml): finished with status 'done'\n[80ba09eb-5e1f-4c74-a826-4e98444ac612/build-2]   |   Getting requirements to build wheel: finished with status 'done'\n[80ba09eb-5e1f-4c74-a826-4e98444ac612/build-2]   |   Preparing metadata (pyproject.toml): started\n[80ba09eb-5e1f-4c74-a826-4e98444ac612/build-1]   | Collecting marshmallow<4.0,>=3.13.0 (from marshmallow-dataclass==8.5.14)\n[80ba09eb-5e1f-4c74-a826-4e98444ac612/build-1]   |   Downloading marshmallow-3.19.0-py3-none-any.whl (49 kB)\n[80ba09eb-5e1f-4c74-a826-4e98444ac612/build-1]   |      \u2501\u2501\u2501\u2501\u2501\u2501\u2501\u2501\u2501\u2501\u2501\u2501\u2501\u2501\u2501\u2501\u2501\u2501\u2501\u2501\u2501\u2501\u2501\u2501\u2501\u2501\u2501\u2501\u2501\u2501\u2501\u2501\u2501\u2501\u2501\u2501\u2501\u2501\u2501\u2501 49.1/49.1 kB 2.2 MB/s eta 0:00:00\n[80ba09eb-5e1f-4c74-a826-4e98444ac612/build-1]   | Collecting typing-inspect<1.0,>=0.8.0 (from marshmallow-dataclass==8.5.14)\n[80ba09eb-5e1f-4c74-a826-4e98444ac612/build-1]   |   Downloading typing_inspect-0.9.0-py3-none-any.whl (8.8 kB)\n[80ba09eb-5e1f-4c74-a826-4e98444ac612/build-2]   |   Preparing metadata (pyproject.toml): finished with status 'done'\n[80ba09eb-5e1f-4c74-a826-4e98444ac612/build-1]   | Collecting typing-extensions>=4.2.0 (from marshmallow-dataclass==8.5.14)\n[80ba09eb-5e1f-4c74-a826-4e98444ac612/build-1]   |   Downloading typing_extensions-4.7.0rc1-py3-none-any.whl (32 kB)\n[80ba09eb-5e1f-4c74-a826-4e98444ac612/build-2]   | Collecting dataclasses\n[80ba09eb-5e1f-4c74-a826-4e98444ac612/build-2]   |   Downloading dataclasses-0.8-py3-none-any.whl (19 kB)\n[80ba09eb-5e1f-4c74-a826-4e98444ac612/build-1]   | Collecting typeguard<4.0.0,>=2.4.1 (from marshmallow-dataclass==8.5.14)\n[80ba09eb-5e1f-4c74-a826-4e98444ac612/build-1]   |   Downloading typeguard-3.0.2-py3-none-any.whl (30 kB)\n[80ba09eb-5e1f-4c74-a826-4e98444ac612/build-2]   | Collecting typing-inspect<1.0,>=0.8.0\n[80ba09eb-5e1f-4c74-a826-4e98444ac612/build-2]   |   Downloading typing_inspect-0.9.0-py3-none-any.whl (8.8 kB)\n[80ba09eb-5e1f-4c74-a826-4e98444ac612/build-1]   | Collecting pre-commit~=2.17 (from marshmallow-dataclass==8.5.14)\n[80ba09eb-5e1f-4c74-a826-4e98444ac612/build-1]   |   Downloading pre_commit-2.21.0-py2.py3-none-any.whl (201 kB)\n[80ba09eb-5e1f-4c74-a826-4e98444ac612/build-1]   |      \u2501\u2501\u2501\u2501\u2501\u2501\u2501\u2501\u2501\u2501\u2501\u2501\u2501\u2501\u2501\u2501\u2501\u2501\u2501\u2501\u2501\u2501\u2501\u2501\u2501\u2501\u2501\u2501\u2501\u2501\u2501\u2501\u2501\u2501\u2501\u2501\u2501\u2501\u2501 201.9/201.9 kB 1.6 MB/s eta 0:00:00\n[80ba09eb-5e1f-4c74-a826-4e98444ac612/build-2]   | Collecting marshmallow<4.0,>=3.13.0\n[80ba09eb-5e1f-4c74-a826-4e98444ac612/build-2]   |   Downloading marshmallow-3.14.1-py3-none-any.whl (47 kB)\n[80ba09eb-5e1f-4c74-a826-4e98444ac612/build-1]   | Collecting sphinx (from marshmallow-dataclass==8.5.14)\n[80ba09eb-5e1f-4c74-a826-4e98444ac612/build-1]   |   Downloading sphinx-5.3.0-py3-none-any.whl (3.2 MB)\n[80ba09eb-5e1f-4c74-a826-4e98444ac612/build-2]   | Collecting types-dataclasses<0.6.4\n[80ba09eb-5e1f-4c74-a826-4e98444ac612/build-2]   |   Downloading types_dataclasses-0.6.3-py3-none-any.whl (2.7 kB)\n[80ba09eb-5e1f-4c74-a826-4e98444ac612/build-1]   |      \u2501\u2501\u2501\u2501\u2501\u2501\u2501\u2501\u2501\u2501\u2501\u2501\u2501\u2501\u2501\u2501\u2501\u2501\u2501\u2501\u2501\u2501\u2501\u2501\u2501\u2501\u2501\u2501\u2501\u2501\u2501\u2501\u2501\u2501\u2501\u2501\u2501\u2501\u2501\u2501 3.2/3.2 MB 20.9 MB/s eta 0:00:00\n[80ba09eb-5e1f-4c74-a826-4e98444ac612/build-2]   | Collecting typing-extensions>=3.7.2\n[80ba09eb-5e1f-4c74-a826-4e98444ac612/build-2]   |   Downloading typing_extensions-4.1.1-py3-none-any.whl (26 kB)\n[80ba09eb-5e1f-4c74-a826-4e98444ac612/build-1]   | Collecting pytest>=5.4 (from marshmallow-dataclass==8.5.14)\n[80ba09eb-5e1f-4c74-a826-4e98444ac612/build-1]   |   Downloading pytest-7.4.0-py3-none-any.whl (323 kB)\n[80ba09eb-5e1f-4c74-a826-4e98444ac612/build-2]   | Collecting typeguard<4.0.0,>=2.4.1\n[80ba09eb-5e1f-4c74-a826-4e98444ac612/build-2]   |   Downloading typeguard-2.13.3-py3-none-any.whl (17 kB)\n[80ba09eb-5e1f-4c74-a826-4e98444ac612/build-1]   |      \u2501\u2501\u2501\u2501\u2501\u2501\u2501\u2501\u2501\u2501\u2501\u2501\u2501\u2501\u2501\u2501\u2501\u2501\u2501\u2501\u2501\u2501\u2501\u2501\u2501\u2501\u2501\u2501\u2501\u2501\u2501\u2501\u2501\u2501\u2501\u2501\u2501\u2501\u2501 323.6/323.6 kB 2.8 MB/s eta 0:00:00\n[80ba09eb-5e1f-4c74-a826-4e98444ac612/build-1]   | Collecting pytest-mypy-plugins>=1.2.0 (from marshmallow-dataclass==8.5.14)\n[80ba09eb-5e1f-4c74-a826-4e98444ac612/build-1]   |   Downloading pytest_mypy_plugins-1.11.1-py3-none-any.whl (16 kB)\n[80ba09eb-5e1f-4c74-a826-4e98444ac612/build-1]   | Collecting packaging>=17.0 (from marshmallow<4.0,>=3.13.0->marshmallow-dataclass==8.5.14)\n[80ba09eb-5e1f-4c74-a826-4e98444ac612/build-1]   |   Downloading packaging-23.1-py3-none-any.whl (48 kB)\n[80ba09eb-5e1f-4c74-a826-4e98444ac612/build-1]   |      \u2501\u2501\u2501\u2501\u2501\u2501\u2501\u2501\u2501\u2501\u2501\u2501\u2501\u2501\u2501\u2501\u2501\u2501\u2501\u2501\u2501\u2501\u2501\u2501\u2501\u2501\u2501\u2501\u2501\u2501\u2501\u2501\u2501\u2501\u2501\u2501\u2501\u2501\u2501 48.9/48.9 kB 555.5 kB/s eta 0:00:00\n[80ba09eb-5e1f-4c74-a826-4e98444ac612/build-2]   | Collecting sphinx\n[80ba09eb-5e1f-4c74-a826-4e98444ac612/build-2]   |   Downloading sphinx-5.3.0-py3-none-any.whl (3.2 MB)\n[80ba09eb-5e1f-4c74-a826-4e98444ac612/build-1]   | Collecting cfgv>=2.0.0 (from pre-commit~=2.17->marshmallow-dataclass==8.5.14)\n[80ba09eb-5e1f-4c74-a826-4e98444ac612/build-1]   |   Downloading cfgv-3.3.1-py2.py3-none-any.whl (7.3 kB)\n[80ba09eb-5e1f-4c74-a826-4e98444ac612/build-2]   | Collecting pytest-mypy-plugins>=1.2.0\n[80ba09eb-5e1f-4c74-a826-4e98444ac612/build-1]   | Collecting identify>=1.0.0 (from pre-commit~=2.17->marshmallow-dataclass==8.5.14)\n[80ba09eb-5e1f-4c74-a826-4e98444ac612/build-1]   |   Downloading identify-2.5.24-py2.py3-none-any.whl (98 kB)\n[80ba09eb-5e1f-4c74-a826-4e98444ac612/build-1]   |      \u2501\u2501\u2501\u2501\u2501\u2501\u2501\u2501\u2501\u2501\u2501\u2501\u2501\u2501\u2501\u2501\u2501\u2501\u2501\u2501\u2501\u2501\u2501\u2501\u2501\u2501\u2501\u2501\u2501\u2501\u2501\u2501\u2501\u2501\u2501\u2501\u2501\u2501\u2501\u2501 98.8/98.8 kB 3.0 MB/s eta 0:00:00\n[80ba09eb-5e1f-4c74-a826-4e98444ac612/build-2]   |   Downloading pytest_mypy_plugins-1.9.3-py3-none-any.whl (16 kB)\n[80ba09eb-5e1f-4c74-a826-4e98444ac612/build-1]   | Collecting nodeenv>=0.11.1 (from pre-commit~=2.17->marshmallow-dataclass==8.5.14)\n[80ba09eb-5e1f-4c74-a826-4e98444ac612/build-1]   |   Downloading nodeenv-1.8.0-py2.py3-none-any.whl (22 kB)\n[80ba09eb-5e1f-4c74-a826-4e98444ac612/build-1]   | Collecting pyyaml>=5.1 (from pre-commit~=2.17->marshmallow-dataclass==8.5.14)\n[80ba09eb-5e1f-4c74-a826-4e98444ac612/build-1]   |   Downloading PyYAML-6.0-cp37-cp37m-manylinux_2_5_x86_64.manylinux1_x86_64.manylinux_2_12_x86_64.manylinux2010_x86_64.whl (596 kB)\n[80ba09eb-5e1f-4c74-a826-4e98444ac612/build-2]   | Collecting pre-commit~=2.17\n[80ba09eb-5e1f-4c74-a826-4e98444ac612/build-2]   |   Downloading pre_commit-2.17.0-py2.py3-none-any.whl (195 kB)\n[80ba09eb-5e1f-4c74-a826-4e98444ac612/build-1]   |      \u2501\u2501\u2501\u2501\u2501\u2501\u2501\u2501\u2501\u2501\u2501\u2501\u2501\u2501\u2501\u2501\u2501\u2501\u2501\u2501\u2501\u2501\u2501\u2501\u2501\u2501\u2501\u2501\u2501\u2501\u2501\u2501\u2501\u2501\u2501\u2501\u2501\u2501\u2501 596.3/596.3 kB 6.3 MB/s eta 0:00:00\n[80ba09eb-5e1f-4c74-a826-4e98444ac612/build-1]   | Collecting virtualenv>=20.10.0 (from pre-commit~=2.17->marshmallow-dataclass==8.5.14)\n[80ba09eb-5e1f-4c74-a826-4e98444ac612/build-2]   | Collecting pytest>=5.4\n[80ba09eb-5e1f-4c74-a826-4e98444ac612/build-1]   |   Downloading virtualenv-20.23.1-py3-none-any.whl (3.3 MB)\n[80ba09eb-5e1f-4c74-a826-4e98444ac612/build-2]   |   Downloading pytest-7.0.1-py3-none-any.whl (296 kB)\n[80ba09eb-5e1f-4c74-a826-4e98444ac612/build-2]   | Collecting marshmallow-enum\n[80ba09eb-5e1f-4c74-a826-4e98444ac612/build-2]   |   Downloading marshmallow_enum-1.5.1-py2.py3-none-any.whl (4.2 kB)\n[80ba09eb-5e1f-4c74-a826-4e98444ac612/build-2]   | Collecting nodeenv>=0.11.1\n[80ba09eb-5e1f-4c74-a826-4e98444ac612/build-2]   |   Downloading nodeenv-1.6.0-py2.py3-none-any.whl (21 kB)\n[80ba09eb-5e1f-4c74-a826-4e98444ac612/build-1]   |      \u2501\u2501\u2501\u2501\u2501\u2501\u2501\u2501\u2501\u2501\u2501\u2501\u2501\u2501\u2501\u2501\u2501\u2501\u2501\u2501\u2501\u2501\u2501\u2501\u2501\u2501\u2501\u2501\u2501\u2501\u2501\u2501\u2501\u2501\u2501\u2501\u2501\u2501\u2501\u2501 3.3/3.3 MB 6.8 MB/s eta 0:00:00\n[80ba09eb-5e1f-4c74-a826-4e98444ac612/build-1]   | Collecting importlib-metadata (from pre-commit~=2.17->marshmallow-dataclass==8.5.14)\n[80ba09eb-5e1f-4c74-a826-4e98444ac612/build-1]   |   Downloading importlib_metadata-6.7.0-py3-none-any.whl (22 kB)\n[80ba09eb-5e1f-4c74-a826-4e98444ac612/build-2]   | Collecting pyyaml>=5.1\n[80ba09eb-5e1f-4c74-a826-4e98444ac612/build-2]   |   Downloading PyYAML-6.0-cp36-cp36m-manylinux_2_5_x86_64.manylinux1_x86_64.manylinux_2_12_x86_64.manylinux2010_x86_64.whl (603 kB)\n[80ba09eb-5e1f-4c74-a826-4e98444ac612/build-1]   | Collecting iniconfig (from pytest>=5.4->marshmallow-dataclass==8.5.14)\n[80ba09eb-5e1f-4c74-a826-4e98444ac612/build-1]   |   Downloading iniconfig-2.0.0-py3-none-any.whl (5.9 kB)\n[80ba09eb-5e1f-4c74-a826-4e98444ac612/build-1]   | Collecting pluggy<2.0,>=0.12 (from pytest>=5.4->marshmallow-dataclass==8.5.14)\n[80ba09eb-5e1f-4c74-a826-4e98444ac612/build-1]   |   Downloading pluggy-1.2.0-py3-none-any.whl (17 kB)\n[80ba09eb-5e1f-4c74-a826-4e98444ac612/build-1]   | Collecting exceptiongroup>=1.0.0rc8 (from pytest>=5.4->marshmallow-dataclass==8.5.14)\n[80ba09eb-5e1f-4c74-a826-4e98444ac612/build-1]   |   Downloading exceptiongroup-1.1.1-py3-none-any.whl (14 kB)\n[80ba09eb-5e1f-4c74-a826-4e98444ac612/build-1]   | Collecting tomli>=1.0.0 (from pytest>=5.4->marshmallow-dataclass==8.5.14)\n[80ba09eb-5e1f-4c74-a826-4e98444ac612/build-1]   |   Downloading tomli-2.0.1-py3-none-any.whl (12 kB)\n[80ba09eb-5e1f-4c74-a826-4e98444ac612/build-2]   | Collecting virtualenv>=20.0.8\n[80ba09eb-5e1f-4c74-a826-4e98444ac612/build-2]   |   Downloading virtualenv-20.17.1-py3-none-any.whl (8.8 MB)\n[80ba09eb-5e1f-4c74-a826-4e98444ac612/build-1]   | Collecting mypy>=0.970 (from pytest-mypy-plugins>=1.2.0->marshmallow-dataclass==8.5.14)\n[80ba09eb-5e1f-4c74-a826-4e98444ac612/build-1]   |   Downloading mypy-1.4.1-cp37-cp37m-manylinux_2_17_x86_64.manylinux2014_x86_64.whl (11.6 MB)\n[80ba09eb-5e1f-4c74-a826-4e98444ac612/build-2]   | Collecting importlib-resources<5.3\n[80ba09eb-5e1f-4c74-a826-4e98444ac612/build-2]   |   Downloading importlib_resources-5.2.3-py3-none-any.whl (27 kB)\n[80ba09eb-5e1f-4c74-a826-4e98444ac612/build-1]   |      \u2501\u2501\u2501\u2501\u2501\u2501\u2501\u2501\u2501\u2501\u2501\u2501\u2501\u2501\u2501\u2501\u2501\u2501\u2501\u2501\u2501\u2501\u2501\u2501\u2501\u2501\u2501\u2501\u2501\u2501\u2501\u2501\u2501\u2501\u2501\u2501\u2501\u2501\u2501\u2501 11.6/11.6 MB 12.5 MB/s eta 0:00:00\n[80ba09eb-5e1f-4c74-a826-4e98444ac612/build-2]   | Collecting identify>=1.0.0\n[80ba09eb-5e1f-4c74-a826-4e98444ac612/build-2]   |   Downloading identify-2.4.4-py2.py3-none-any.whl (98 kB)\n[80ba09eb-5e1f-4c74-a826-4e98444ac612/build-1]   | Collecting decorator (from pytest-mypy-plugins>=1.2.0->marshmallow-dataclass==8.5.14)\n[80ba09eb-5e1f-4c74-a826-4e98444ac612/build-1]   |   Downloading decorator-5.1.1-py3-none-any.whl (9.1 kB)\n[80ba09eb-5e1f-4c74-a826-4e98444ac612/build-2]   | Collecting toml\n[80ba09eb-5e1f-4c74-a826-4e98444ac612/build-2]   |   Downloading toml-0.10.2-py2.py3-none-any.whl (16 kB)\n[80ba09eb-5e1f-4c74-a826-4e98444ac612/build-1]   | Collecting chevron (from pytest-mypy-plugins>=1.2.0->marshmallow-dataclass==8.5.14)\n[80ba09eb-5e1f-4c74-a826-4e98444ac612/build-1]   |   Downloading chevron-0.14.0-py3-none-any.whl (11 kB)\n[80ba09eb-5e1f-4c74-a826-4e98444ac612/build-2]   | Collecting importlib-metadata\n[80ba09eb-5e1f-4c74-a826-4e98444ac612/build-2]   |   Downloading importlib_metadata-4.8.3-py3-none-any.whl (17 kB)\n[80ba09eb-5e1f-4c74-a826-4e98444ac612/build-2]   | Collecting cfgv>=2.0.0\n[80ba09eb-5e1f-4c74-a826-4e98444ac612/build-2]   |   Downloading cfgv-3.3.1-py2.py3-none-any.whl (7.3 kB)\n[80ba09eb-5e1f-4c74-a826-4e98444ac612/build-2]   | Collecting tomli>=1.0.0\n[80ba09eb-5e1f-4c74-a826-4e98444ac612/build-2]   |   Downloading tomli-1.2.3-py3-none-any.whl (12 kB)\n[80ba09eb-5e1f-4c74-a826-4e98444ac612/build-2]   | Collecting py>=1.8.2\n[80ba09eb-5e1f-4c74-a826-4e98444ac612/build-2]   |   Downloading py-1.11.0-py2.py3-none-any.whl (98 kB)\n[80ba09eb-5e1f-4c74-a826-4e98444ac612/build-2]   | Collecting attrs>=19.2.0\n[80ba09eb-5e1f-4c74-a826-4e98444ac612/build-2]   |   Downloading attrs-22.2.0-py3-none-any.whl (60 kB)\n[80ba09eb-5e1f-4c74-a826-4e98444ac612/build-2]   | Collecting pluggy<2.0,>=0.12\n[80ba09eb-5e1f-4c74-a826-4e98444ac612/build-2]   |   Downloading pluggy-1.0.0-py2.py3-none-any.whl (13 kB)\n[80ba09eb-5e1f-4c74-a826-4e98444ac612/build-2]   | Collecting iniconfig\n[80ba09eb-5e1f-4c74-a826-4e98444ac612/build-2]   |   Downloading iniconfig-1.1.1-py2.py3-none-any.whl (5.0 kB)\n[80ba09eb-5e1f-4c74-a826-4e98444ac612/build-1]   | Collecting regex (from pytest-mypy-plugins>=1.2.0->marshmallow-dataclass==8.5.14)\n[80ba09eb-5e1f-4c74-a826-4e98444ac612/build-2]   | Collecting packaging\n[80ba09eb-5e1f-4c74-a826-4e98444ac612/build-2]   |   Downloading packaging-21.3-py3-none-any.whl (40 kB)\n[80ba09eb-5e1f-4c74-a826-4e98444ac612/build-1]   |   Downloading regex-2023.6.3-cp37-cp37m-manylinux_2_17_x86_64.manylinux2014_x86_64.whl (755 kB)\n[80ba09eb-5e1f-4c74-a826-4e98444ac612/build-1]   |      \u2501\u2501\u2501\u2501\u2501\u2501\u2501\u2501\u2501\u2501\u2501\u2501\u2501\u2501\u2501\u2501\u2501\u2501\u2501\u2501\u2501\u2501\u2501\u2501\u2501\u2501\u2501\u2501\u2501\u2501\u2501\u2501\u2501\u2501\u2501\u2501\u2501\u2501 755.7/755.7 kB 17.5 MB/s eta 0:00:00\n[80ba09eb-5e1f-4c74-a826-4e98444ac612/build-1]   | Collecting mypy-extensions>=0.3.0 (from typing-inspect<1.0,>=0.8.0->marshmallow-dataclass==8.5.14)\n[80ba09eb-5e1f-4c74-a826-4e98444ac612/build-1]   |   Downloading mypy_extensions-1.0.0-py3-none-any.whl (4.7 kB)\n[80ba09eb-5e1f-4c74-a826-4e98444ac612/build-1]   | Collecting sphinxcontrib-applehelp (from sphinx->marshmallow-dataclass==8.5.14)\n[80ba09eb-5e1f-4c74-a826-4e98444ac612/build-1]   |   Downloading sphinxcontrib_applehelp-1.0.2-py2.py3-none-any.whl (121 kB)\n[80ba09eb-5e1f-4c74-a826-4e98444ac612/build-1]   |      \u2501\u2501\u2501\u2501\u2501\u2501\u2501\u2501\u2501\u2501\u2501\u2501\u2501\u2501\u2501\u2501\u2501\u2501\u2501\u2501\u2501\u2501\u2501\u2501\u2501\u2501\u2501\u2501\u2501\u2501\u2501\u2501\u2501\u2501\u2501\u2501\u2501\u2501 121.2/121.2 kB 10.3 MB/s eta 0:00:00\n[80ba09eb-5e1f-4c74-a826-4e98444ac612/build-1]   | Collecting sphinxcontrib-devhelp (from sphinx->marshmallow-dataclass==8.5.14)\n[80ba09eb-5e1f-4c74-a826-4e98444ac612/build-1]   |   Downloading sphinxcontrib_devhelp-1.0.2-py2.py3-none-any.whl (84 kB)\n[80ba09eb-5e1f-4c74-a826-4e98444ac612/build-1]   |      \u2501\u2501\u2501\u2501\u2501\u2501\u2501\u2501\u2501\u2501\u2501\u2501\u2501\u2501\u2501\u2501\u2501\u2501\u2501\u2501\u2501\u2501\u2501\u2501\u2501\u2501\u2501\u2501\u2501\u2501\u2501\u2501\u2501\u2501\u2501\u2501\u2501\u2501\u2501\u2501 84.7/84.7 kB 10.4 MB/s eta 0:00:00\n[80ba09eb-5e1f-4c74-a826-4e98444ac612/build-1]   | Collecting sphinxcontrib-jsmath (from sphinx->marshmallow-dataclass==8.5.14)\n[80ba09eb-5e1f-4c74-a826-4e98444ac612/build-1]   |   Downloading sphinxcontrib_jsmath-1.0.1-py2.py3-none-any.whl (5.1 kB)\n[80ba09eb-5e1f-4c74-a826-4e98444ac612/build-1]   | Collecting sphinxcontrib-htmlhelp>=2.0.0 (from sphinx->marshmallow-dataclass==8.5.14)\n[80ba09eb-5e1f-4c74-a826-4e98444ac612/build-1]   |   Downloading sphinxcontrib_htmlhelp-2.0.0-py2.py3-none-any.whl (100 kB)\n[80ba09eb-5e1f-4c74-a826-4e98444ac612/build-1]   |      \u2501\u2501\u2501\u2501\u2501\u2501\u2501\u2501\u2501\u2501\u2501\u2501\u2501\u2501\u2501\u2501\u2501\u2501\u2501\u2501\u2501\u2501\u2501\u2501\u2501\u2501\u2501\u2501\u2501\u2501\u2501\u2501\u2501\u2501\u2501\u2501\u2501\u2501\u2501 100.5/100.5 kB 4.1 MB/s eta 0:00:00\n[80ba09eb-5e1f-4c74-a826-4e98444ac612/build-1]   | Collecting sphinxcontrib-serializinghtml>=1.1.5 (from sphinx->marshmallow-dataclass==8.5.14)\n[80ba09eb-5e1f-4c74-a826-4e98444ac612/build-1]   |   Downloading sphinxcontrib_serializinghtml-1.1.5-py2.py3-none-any.whl (94 kB)\n[80ba09eb-5e1f-4c74-a826-4e98444ac612/build-1]   |      \u2501\u2501\u2501\u2501\u2501\u2501\u2501\u2501\u2501\u2501\u2501\u2501\u2501\u2501\u2501\u2501\u2501\u2501\u2501\u2501\u2501\u2501\u2501\u2501\u2501\u2501\u2501\u2501\u2501\u2501\u2501\u2501\u2501\u2501\u2501\u2501\u2501\u2501\u2501 94.0/94.0 kB 916.0 kB/s eta 0:00:00\n[80ba09eb-5e1f-4c74-a826-4e98444ac612/build-1]   | Collecting sphinxcontrib-qthelp (from sphinx->marshmallow-dataclass==8.5.14)\n[80ba09eb-5e1f-4c74-a826-4e98444ac612/build-1]   |   Downloading sphinxcontrib_qthelp-1.0.3-py2.py3-none-any.whl (90 kB)\n[80ba09eb-5e1f-4c74-a826-4e98444ac612/build-1]   |      \u2501\u2501\u2501\u2501\u2501\u2501\u2501\u2501\u2501\u2501\u2501\u2501\u2501\u2501\u2501\u2501\u2501\u2501\u2501\u2501\u2501\u2501\u2501\u2501\u2501\u2501\u2501\u2501\u2501\u2501\u2501\u2501\u2501\u2501\u2501\u2501\u2501\u2501\u2501 90.6/90.6 kB 545.1 kB/s eta 0:00:00\n[80ba09eb-5e1f-4c74-a826-4e98444ac612/build-1]   | Collecting Jinja2>=3.0 (from sphinx->marshmallow-dataclass==8.5.14)\n[80ba09eb-5e1f-4c74-a826-4e98444ac612/build-1]   |   Downloading Jinja2-3.1.2-py3-none-any.whl (133 kB)\n[80ba09eb-5e1f-4c74-a826-4e98444ac612/build-1]   |      \u2501\u2501\u2501\u2501\u2501\u2501\u2501\u2501\u2501\u2501\u2501\u2501\u2501\u2501\u2501\u2501\u2501\u2501\u2501\u2501\u2501\u2501\u2501\u2501\u2501\u2501\u2501\u2501\u2501\u2501\u2501\u2501\u2501\u2501\u2501\u2501\u2501\u2501\u2501 133.1/133.1 kB 1.5 MB/s eta 0:00:00\n[80ba09eb-5e1f-4c74-a826-4e98444ac612/build-1]   | Collecting Pygments>=2.12 (from sphinx->marshmallow-dataclass==8.5.14)\n[80ba09eb-5e1f-4c74-a826-4e98444ac612/build-1]   |   Downloading Pygments-2.15.1-py3-none-any.whl (1.1 MB)\n[80ba09eb-5e1f-4c74-a826-4e98444ac612/build-1]   |      \u2501\u2501\u2501\u2501\u2501\u2501\u2501\u2501\u2501\u2501\u2501\u2501\u2501\u2501\u2501\u2501\u2501\u2501\u2501\u2501\u2501\u2501\u2501\u2501\u2501\u2501\u2501\u2501\u2501\u2501\u2501\u2501\u2501\u2501\u2501\u2501\u2501\u2501\u2501\u2501 1.1/1.1 MB 16.0 MB/s eta 0:00:00\n[80ba09eb-5e1f-4c74-a826-4e98444ac612/build-1]   | Collecting docutils<0.20,>=0.14 (from sphinx->marshmallow-dataclass==8.5.14)\n[80ba09eb-5e1f-4c74-a826-4e98444ac612/build-1]   |   Downloading docutils-0.19-py3-none-any.whl (570 kB)\n[80ba09eb-5e1f-4c74-a826-4e98444ac612/build-1]   |      \u2501\u2501\u2501\u2501\u2501\u2501\u2501\u2501\u2501\u2501\u2501\u2501\u2501\u2501\u2501\u2501\u2501\u2501\u2501\u2501\u2501\u2501\u2501\u2501\u2501\u2501\u2501\u2501\u2501\u2501\u2501\u2501\u2501\u2501\u2501\u2501\u2501\u2501 570.5/570.5 kB 12.5 MB/s eta 0:00:00\n[80ba09eb-5e1f-4c74-a826-4e98444ac612/build-1]   | Collecting snowballstemmer>=2.0 (from sphinx->marshmallow-dataclass==8.5.14)\n[80ba09eb-5e1f-4c74-a826-4e98444ac612/build-1]   |   Downloading snowballstemmer-2.2.0-py2.py3-none-any.whl (93 kB)\n[80ba09eb-5e1f-4c74-a826-4e98444ac612/build-1]   |      \u2501\u2501\u2501\u2501\u2501\u2501\u2501\u2501\u2501\u2501\u2501\u2501\u2501\u2501\u2501\u2501\u2501\u2501\u2501\u2501\u2501\u2501\u2501\u2501\u2501\u2501\u2501\u2501\u2501\u2501\u2501\u2501\u2501\u2501\u2501\u2501\u2501\u2501\u2501\u2501 93.0/93.0 kB 12.0 MB/s eta 0:00:00\n[80ba09eb-5e1f-4c74-a826-4e98444ac612/build-1]   | Collecting babel>=2.9 (from sphinx->marshmallow-dataclass==8.5.14)\n[80ba09eb-5e1f-4c74-a826-4e98444ac612/build-1]   |   Downloading Babel-2.12.1-py3-none-any.whl (10.1 MB)\n[80ba09eb-5e1f-4c74-a826-4e98444ac612/build-2]   | Collecting regex\n[80ba09eb-5e1f-4c74-a826-4e98444ac612/build-2]   |   Downloading regex-2023.6.3-cp36-cp36m-manylinux_2_17_x86_64.manylinux2014_x86_64.whl (756 kB)\n[80ba09eb-5e1f-4c74-a826-4e98444ac612/build-2]   | Collecting decorator\n[80ba09eb-5e1f-4c74-a826-4e98444ac612/build-2]   |   Downloading decorator-5.1.1-py3-none-any.whl (9.1 kB)\n[80ba09eb-5e1f-4c74-a826-4e98444ac612/build-1]   |      \u2501\u2501\u2501\u2501\u2501\u2501\u2501\u2501\u2501\u2501\u2501\u2501\u2501\u2501\u2501\u2501\u2501\u2501\u2501\u2501\u2501\u2501\u2501\u2501\u2501\u2501\u2501\u2501\u2501\u2501\u2501\u2501\u2501\u2501\u2501\u2501\u2501\u2501\u2501\u2501 10.1/10.1 MB 11.0 MB/s eta 0:00:00\n[80ba09eb-5e1f-4c74-a826-4e98444ac612/build-1]   | Collecting alabaster<0.8,>=0.7 (from sphinx->marshmallow-dataclass==8.5.14)\n[80ba09eb-5e1f-4c74-a826-4e98444ac612/build-1]   |   Downloading alabaster-0.7.13-py3-none-any.whl (13 kB)\n[80ba09eb-5e1f-4c74-a826-4e98444ac612/build-1]   | Collecting imagesize>=1.3 (from sphinx->marshmallow-dataclass==8.5.14)\n[80ba09eb-5e1f-4c74-a826-4e98444ac612/build-1]   |   Downloading imagesize-1.4.1-py2.py3-none-any.whl (8.8 kB)\n[80ba09eb-5e1f-4c74-a826-4e98444ac612/build-1]   | Collecting requests>=2.5.0 (from sphinx->marshmallow-dataclass==8.5.14)\n[80ba09eb-5e1f-4c74-a826-4e98444ac612/build-1]   |   Downloading requests-2.31.0-py3-none-any.whl (62 kB)\n[80ba09eb-5e1f-4c74-a826-4e98444ac612/build-2]   | Collecting mypy>=0.900\n[80ba09eb-5e1f-4c74-a826-4e98444ac612/build-1]   |      \u2501\u2501\u2501\u2501\u2501\u2501\u2501\u2501\u2501\u2501\u2501\u2501\u2501\u2501\u2501\u2501\u2501\u2501\u2501\u2501\u2501\u2501\u2501\u2501\u2501\u2501\u2501\u2501\u2501\u2501\u2501\u2501\u2501\u2501\u2501\u2501\u2501\u2501\u2501\u2501 62.6/62.6 kB 8.1 MB/s eta 0:00:00\n[80ba09eb-5e1f-4c74-a826-4e98444ac612/build-2]   |   Downloading mypy-0.971-cp36-cp36m-manylinux_2_5_x86_64.manylinux1_x86_64.manylinux_2_12_x86_64.manylinux2010_x86_64.whl (14.9 MB)\n[80ba09eb-5e1f-4c74-a826-4e98444ac612/build-1]   | Collecting pytz>=2015.7 (from babel>=2.9->sphinx->marshmallow-dataclass==8.5.14)\n[80ba09eb-5e1f-4c74-a826-4e98444ac612/build-1]   |   Downloading pytz-2023.3-py2.py3-none-any.whl (502 kB)\n[80ba09eb-5e1f-4c74-a826-4e98444ac612/build-1]   |      \u2501\u2501\u2501\u2501\u2501\u2501\u2501\u2501\u2501\u2501\u2501\u2501\u2501\u2501\u2501\u2501\u2501\u2501\u2501\u2501\u2501\u2501\u2501\u2501\u2501\u2501\u2501\u2501\u2501\u2501\u2501\u2501\u2501\u2501\u2501\u2501\u2501\u2501\u2501 502.3/502.3 kB 6.5 MB/s eta 0:00:00\n[80ba09eb-5e1f-4c74-a826-4e98444ac612/build-1]   | Collecting zipp>=0.5 (from importlib-metadata->pre-commit~=2.17->marshmallow-dataclass==8.5.14)\n[80ba09eb-5e1f-4c74-a826-4e98444ac612/build-1]   |   Downloading zipp-3.15.0-py3-none-any.whl (6.8 kB)\n[80ba09eb-5e1f-4c74-a826-4e98444ac612/build-1]   | Collecting MarkupSafe>=2.0 (from Jinja2>=3.0->sphinx->marshmallow-dataclass==8.5.14)\n[80ba09eb-5e1f-4c74-a826-4e98444ac612/build-1]   |   Downloading MarkupSafe-2.1.3-cp37-cp37m-manylinux_2_17_x86_64.manylinux2014_x86_64.whl (25 kB)\n[80ba09eb-5e1f-4c74-a826-4e98444ac612/build-2]   | Collecting chevron\n[80ba09eb-5e1f-4c74-a826-4e98444ac612/build-2]   |   Downloading chevron-0.14.0-py3-none-any.whl (11 kB)\n[80ba09eb-5e1f-4c74-a826-4e98444ac612/build-1]   | Collecting typed-ast<2,>=1.4.0 (from mypy>=0.970->pytest-mypy-plugins>=1.2.0->marshmallow-dataclass==8.5.14)\n[80ba09eb-5e1f-4c74-a826-4e98444ac612/build-1]   |   Downloading typed_ast-1.5.4-cp37-cp37m-manylinux_2_5_x86_64.manylinux1_x86_64.manylinux_2_12_x86_64.manylinux2010_x86_64.whl (843 kB)\n[80ba09eb-5e1f-4c74-a826-4e98444ac612/build-2]   | Collecting mypy-extensions>=0.3.0\n[80ba09eb-5e1f-4c74-a826-4e98444ac612/build-2]   |   Downloading mypy_extensions-1.0.0-py3-none-any.whl (4.7 kB)\n[80ba09eb-5e1f-4c74-a826-4e98444ac612/build-1]   |      \u2501\u2501\u2501\u2501\u2501\u2501\u2501\u2501\u2501\u2501\u2501\u2501\u2501\u2501\u2501\u2501\u2501\u2501\u2501\u2501\u2501\u2501\u2501\u2501\u2501\u2501\u2501\u2501\u2501\u2501\u2501\u2501\u2501\u2501\u2501\u2501\u2501\u2501 843.7/843.7 kB 14.3 MB/s eta 0:00:00\n[80ba09eb-5e1f-4c74-a826-4e98444ac612/build-1]   | Requirement already satisfied: setuptools in /opt/hostedtoolcache/Python/3.7.11/x64/lib/python3.7/site-packages (from nodeenv>=0.11.1->pre-commit~=2.17->marshmallow-dataclass==8.5.14) (47.1.0)\n[80ba09eb-5e1f-4c74-a826-4e98444ac612/build-2]   | Collecting sphinxcontrib-serializinghtml>=1.1.5\n[80ba09eb-5e1f-4c74-a826-4e98444ac612/build-2]   |   Downloading sphinxcontrib_serializinghtml-1.1.5-py2.py3-none-any.whl (94 kB)\n[80ba09eb-5e1f-4c74-a826-4e98444ac612/build-1]   | Collecting charset-normalizer<4,>=2 (from requests>=2.5.0->sphinx->marshmallow-dataclass==8.5.14)\n[80ba09eb-5e1f-4c74-a826-4e98444ac612/build-2]   | Collecting Pygments>=2.12\n[80ba09eb-5e1f-4c74-a826-4e98444ac612/build-1]   |   Downloading charset_normalizer-3.1.0-cp37-cp37m-manylinux_2_17_x86_64.manylinux2014_x86_64.whl (171 kB)\n[80ba09eb-5e1f-4c74-a826-4e98444ac612/build-2]   |   Downloading Pygments-2.14.0-py3-none-any.whl (1.1 MB)\n[80ba09eb-5e1f-4c74-a826-4e98444ac612/build-1]   |      \u2501\u2501\u2501\u2501\u2501\u2501\u2501\u2501\u2501\u2501\u2501\u2501\u2501\u2501\u2501\u2501\u2501\u2501\u2501\u2501\u2501\u2501\u2501\u2501\u2501\u2501\u2501\u2501\u2501\u2501\u2501\u2501\u2501\u2501\u2501\u2501\u2501\u2501\u2501 171.0/171.0 kB 3.8 MB/s eta 0:00:00\n[80ba09eb-5e1f-4c74-a826-4e98444ac612/build-1]   | Collecting idna<4,>=2.5 (from requests>=2.5.0->sphinx->marshmallow-dataclass==8.5.14)\n[80ba09eb-5e1f-4c74-a826-4e98444ac612/build-1]   |   Downloading idna-3.4-py3-none-any.whl (61 kB)\n[80ba09eb-5e1f-4c74-a826-4e98444ac612/build-2]   | Collecting sphinxcontrib-devhelp\n[80ba09eb-5e1f-4c74-a826-4e98444ac612/build-2]   |   Downloading sphinxcontrib_devhelp-1.0.2-py2.py3-none-any.whl (84 kB)\n[80ba09eb-5e1f-4c74-a826-4e98444ac612/build-1]   |      \u2501\u2501\u2501\u2501\u2501\u2501\u2501\u2501\u2501\u2501\u2501\u2501\u2501\u2501\u2501\u2501\u2501\u2501\u2501\u2501\u2501\u2501\u2501\u2501\u2501\u2501\u2501\u2501\u2501\u2501\u2501\u2501\u2501\u2501\u2501\u2501\u2501\u2501\u2501\u2501 61.5/61.5 kB 3.5 MB/s eta 0:00:00\n[80ba09eb-5e1f-4c74-a826-4e98444ac612/build-2]   | Collecting sphinxcontrib-applehelp\n[80ba09eb-5e1f-4c74-a826-4e98444ac612/build-2]   |   Downloading sphinxcontrib_applehelp-1.0.2-py2.py3-none-any.whl (121 kB)\n[80ba09eb-5e1f-4c74-a826-4e98444ac612/build-1]   | Collecting urllib3<3,>=1.21.1 (from requests>=2.5.0->sphinx->marshmallow-dataclass==8.5.14)\n[80ba09eb-5e1f-4c74-a826-4e98444ac612/build-1]   |   Downloading urllib3-2.0.3-py3-none-any.whl (123 kB)\n[80ba09eb-5e1f-4c74-a826-4e98444ac612/build-1]   |      \u2501\u2501\u2501\u2501\u2501\u2501\u2501\u2501\u2501\u2501\u2501\u2501\u2501\u2501\u2501\u2501\u2501\u2501\u2501\u2501\u2501\u2501\u2501\u2501\u2501\u2501\u2501\u2501\u2501\u2501\u2501\u2501\u2501\u2501\u2501\u2501\u2501\u2501\u2501 123.6/123.6 kB 6.4 MB/s eta 0:00:00\n[80ba09eb-5e1f-4c74-a826-4e98444ac612/build-2]   | Collecting Jinja2>=3.0\n[80ba09eb-5e1f-4c74-a826-4e98444ac612/build-2]   |   Downloading Jinja2-3.0.3-py3-none-any.whl (133 kB)\n[80ba09eb-5e1f-4c74-a826-4e98444ac612/build-1]   | Collecting certifi>=2017.4.17 (from requests>=2.5.0->sphinx->marshmallow-dataclass==8.5.14)\n[80ba09eb-5e1f-4c74-a826-4e98444ac612/build-1]   |   Downloading certifi-2023.5.7-py3-none-any.whl (156 kB)\n[80ba09eb-5e1f-4c74-a826-4e98444ac612/build-1]   |      \u2501\u2501\u2501\u2501\u2501\u2501\u2501\u2501\u2501\u2501\u2501\u2501\u2501\u2501\u2501\u2501\u2501\u2501\u2501\u2501\u2501\u2501\u2501\u2501\u2501\u2501\u2501\u2501\u2501\u2501\u2501\u2501\u2501\u2501\u2501\u2501\u2501\u2501\u2501 157.0/157.0 kB 6.7 MB/s eta 0:00:00\n[80ba09eb-5e1f-4c74-a826-4e98444ac612/build-2]   | Collecting babel>=2.9\n[80ba09eb-5e1f-4c74-a826-4e98444ac612/build-2]   |   Downloading Babel-2.11.0-py3-none-any.whl (9.5 MB)\n[80ba09eb-5e1f-4c74-a826-4e98444ac612/build-1]   | Collecting distlib<1,>=0.3.6 (from virtualenv>=20.10.0->pre-commit~=2.17->marshmallow-dataclass==8.5.14)\n[80ba09eb-5e1f-4c74-a826-4e98444ac612/build-1]   |   Downloading distlib-0.3.6-py2.py3-none-any.whl (468 kB)\n[80ba09eb-5e1f-4c74-a826-4e98444ac612/build-1]   |      \u2501\u2501\u2501\u2501\u2501\u2501\u2501\u2501\u2501\u2501\u2501\u2501\u2501\u2501\u2501\u2501\u2501\u2501\u2501\u2501\u2501\u2501\u2501\u2501\u2501\u2501\u2501\u2501\u2501\u2501\u2501\u2501\u2501\u2501\u2501\u2501\u2501\u2501\u2501 468.5/468.5 kB 6.9 MB/s eta 0:00:00\n[80ba09eb-5e1f-4c74-a826-4e98444ac612/build-1]   | Collecting filelock<4,>=3.12 (from virtualenv>=20.10.0->pre-commit~=2.17->marshmallow-dataclass==8.5.14)\n[80ba09eb-5e1f-4c74-a826-4e98444ac612/build-1]   |   Downloading filelock-3.12.2-py3-none-any.whl (10 kB)\n[80ba09eb-5e1f-4c74-a826-4e98444ac612/build-1]   | Collecting platformdirs<4,>=3.5.1 (from virtualenv>=20.10.0->pre-commit~=2.17->marshmallow-dataclass==8.5.14)\n[80ba09eb-5e1f-4c74-a826-4e98444ac612/build-1]   |   Downloading platformdirs-3.8.0-py3-none-any.whl (16 kB)\n[80ba09eb-5e1f-4c74-a826-4e98444ac612/build-2]   | Collecting imagesize>=1.3\n[80ba09eb-5e1f-4c74-a826-4e98444ac612/build-2]   |   Downloading imagesize-1.4.1-py2.py3-none-any.whl (8.8 kB)\n[80ba09eb-5e1f-4c74-a826-4e98444ac612/build-2]   | Collecting requests>=2.5.0\n[80ba09eb-5e1f-4c74-a826-4e98444ac612/build-2]   |   Downloading requests-2.27.1-py2.py3-none-any.whl (63 kB)\n[80ba09eb-5e1f-4c74-a826-4e98444ac612/build-2]   | Collecting sphinxcontrib-htmlhelp>=2.0.0\n[80ba09eb-5e1f-4c74-a826-4e98444ac612/build-2]   |   Downloading sphinxcontrib_htmlhelp-2.0.0-py2.py3-none-any.whl (100 kB)\n[80ba09eb-5e1f-4c74-a826-4e98444ac612/build-1]   | Building wheels for collected packages: marshmallow-dataclass\n[80ba09eb-5e1f-4c74-a826-4e98444ac612/build-1]   |   Building editable for marshmallow-dataclass (pyproject.toml): started\n[80ba09eb-5e1f-4c74-a826-4e98444ac612/build-2]   | Collecting snowballstemmer>=2.0\n[80ba09eb-5e1f-4c74-a826-4e98444ac612/build-2]   |   Downloading snowballstemmer-2.2.0-py2.py3-none-any.whl (93 kB)\n[80ba09eb-5e1f-4c74-a826-4e98444ac612/build-2]   | Collecting sphinxcontrib-qthelp\n[80ba09eb-5e1f-4c74-a826-4e98444ac612/build-2]   |   Downloading sphinxcontrib_qthelp-1.0.3-py2.py3-none-any.whl (90 kB)\n[80ba09eb-5e1f-4c74-a826-4e98444ac612/build-2]   | Collecting docutils<0.20,>=0.14\n[80ba09eb-5e1f-4c74-a826-4e98444ac612/build-2]   |   Downloading docutils-0.18.1-py2.py3-none-any.whl (570 kB)\n[80ba09eb-5e1f-4c74-a826-4e98444ac612/build-2]   | Collecting alabaster<0.8,>=0.7\n[80ba09eb-5e1f-4c74-a826-4e98444ac612/build-1]   |   Building editable for marshmallow-dataclass (pyproject.toml): finished with status 'done'\n[80ba09eb-5e1f-4c74-a826-4e98444ac612/build-1]   |   Created wheel for marshmallow-dataclass: filename=marshmallow_dataclass-8.5.14-0.editable-py3-none-any.whl size=7270 sha256=3cfb530bdb3e7bb661d38a7fbf2d8c900cd767a529476c1df9c3d8af9d208d29\n[80ba09eb-5e1f-4c74-a826-4e98444ac612/build-1]   |   Stored in directory: /tmp/pip-ephem-wheel-cache-4juulcu4/wheels/ff/5f/16/dd5d8f269b79b1f9b177db7eaa77efa80fd89af61f89cbde8d\n[80ba09eb-5e1f-4c74-a826-4e98444ac612/build-1]   | Successfully built marshmallow-dataclass\n[80ba09eb-5e1f-4c74-a826-4e98444ac612/build-2]   |   Downloading alabaster-0.7.13-py3-none-any.whl (13 kB)\n[80ba09eb-5e1f-4c74-a826-4e98444ac612/build-2]   | Collecting sphinxcontrib-jsmath\n[80ba09eb-5e1f-4c74-a826-4e98444ac612/build-2]   |   Downloading sphinxcontrib_jsmath-1.0.1-py2.py3-none-any.whl (5.1 kB)\n[80ba09eb-5e1f-4c74-a826-4e98444ac612/build-1]   | Installing collected packages: snowballstemmer, pytz, distlib, chevron, zipp, urllib3, typing-extensions, typed-ast, tomli, sphinxcontrib-serializinghtml, sphinxcontrib-qthelp, sphinxcontrib-jsmath, sphinxcontrib-htmlhelp, sphinxcontrib-devhelp, sphinxcontrib-applehelp, regex, pyyaml, Pygments, packaging, nodeenv, mypy-extensions, MarkupSafe, iniconfig, imagesize, idna, identify, filelock, exceptiongroup, docutils, decorator, charset-normalizer, cfgv, certifi, babel, alabaster, typing-inspect, requests, platformdirs, mypy, marshmallow, Jinja2, importlib-metadata, virtualenv, typeguard, sphinx, pluggy, marshmallow-dataclass, pytest, pre-commit, pytest-mypy-plugins\n[80ba09eb-5e1f-4c74-a826-4e98444ac612/build-2]   | Collecting pytz>=2015.7\n[80ba09eb-5e1f-4c74-a826-4e98444ac612/build-2]   |   Downloading pytz-2023.3-py2.py3-none-any.whl (502 kB)\n[80ba09eb-5e1f-4c74-a826-4e98444ac612/build-2]   | Collecting zipp>=0.5\n[80ba09eb-5e1f-4c74-a826-4e98444ac612/build-2]   |   Downloading zipp-3.6.0-py3-none-any.whl (5.3 kB)\n[80ba09eb-5e1f-4c74-a826-4e98444ac612/build-2]   | Collecting MarkupSafe>=2.0\n[80ba09eb-5e1f-4c74-a826-4e98444ac612/build-2]   |   Downloading MarkupSafe-2.0.1-cp36-cp36m-manylinux_2_5_x86_64.manylinux1_x86_64.manylinux_2_12_x86_64.manylinux2010_x86_64.whl (30 kB)\n[80ba09eb-5e1f-4c74-a826-4e98444ac612/build-2]   | Collecting typed-ast<2,>=1.4.0\n[80ba09eb-5e1f-4c74-a826-4e98444ac612/build-2]   |   Downloading typed_ast-1.5.4-cp36-cp36m-manylinux_2_5_x86_64.manylinux1_x86_64.manylinux_2_12_x86_64.manylinux2010_x86_64.whl (831 kB)\n[80ba09eb-5e1f-4c74-a826-4e98444ac612/build-2]   | Collecting pyparsing!=3.0.5,>=2.0.2\n[80ba09eb-5e1f-4c74-a826-4e98444ac612/build-2]   |   Downloading pyparsing-3.1.0-py3-none-any.whl (102 kB)\n[80ba09eb-5e1f-4c74-a826-4e98444ac612/build-2]   | Collecting certifi>=2017.4.17\n[80ba09eb-5e1f-4c74-a826-4e98444ac612/build-2]   |   Downloading certifi-2023.5.7-py3-none-any.whl (156 kB)\n[80ba09eb-5e1f-4c74-a826-4e98444ac612/build-2]   | Collecting urllib3<1.27,>=1.21.1\n[80ba09eb-5e1f-4c74-a826-4e98444ac612/build-2]   |   Downloading urllib3-1.26.16-py2.py3-none-any.whl (143 kB)\n[80ba09eb-5e1f-4c74-a826-4e98444ac612/build-2]   | Collecting idna<4,>=2.5\n[80ba09eb-5e1f-4c74-a826-4e98444ac612/build-2]   |   Downloading idna-3.4-py3-none-any.whl (61 kB)\n[80ba09eb-5e1f-4c74-a826-4e98444ac612/build-2]   | Collecting charset-normalizer~=2.0.0\n[80ba09eb-5e1f-4c74-a826-4e98444ac612/build-2]   |   Downloading charset_normalizer-2.0.12-py3-none-any.whl (39 kB)\n[80ba09eb-5e1f-4c74-a826-4e98444ac612/build-2]   | Collecting distlib<1,>=0.3.6\n[80ba09eb-5e1f-4c74-a826-4e98444ac612/build-2]   |   Downloading distlib-0.3.6-py2.py3-none-any.whl (468 kB)\n[80ba09eb-5e1f-4c74-a826-4e98444ac612/build-2]   | Collecting virtualenv>=20.0.8\n[80ba09eb-5e1f-4c74-a826-4e98444ac612/build-2]   |   Downloading virtualenv-20.17.0-py3-none-any.whl (8.8 MB)\n[80ba09eb-5e1f-4c74-a826-4e98444ac612/build-2]   |   Downloading virtualenv-20.16.7-py3-none-any.whl (8.8 MB)\n[80ba09eb-5e1f-4c74-a826-4e98444ac612/build-2]   |   Downloading virtualenv-20.16.6-py3-none-any.whl (8.8 MB)\n[80ba09eb-5e1f-4c74-a826-4e98444ac612/build-2]   |   Downloading virtualenv-20.16.5-py3-none-any.whl (8.8 MB)\n[80ba09eb-5e1f-4c74-a826-4e98444ac612/build-2]   |   Downloading virtualenv-20.16.4-py3-none-any.whl (8.8 MB)\n[80ba09eb-5e1f-4c74-a826-4e98444ac612/build-2]   |   Downloading virtualenv-20.16.3-py2.py3-none-any.whl (8.8 MB)\n[80ba09eb-5e1f-4c74-a826-4e98444ac612/build-2]   |   Downloading virtualenv-20.16.2-py2.py3-none-any.whl (8.8 MB)\n[80ba09eb-5e1f-4c74-a826-4e98444ac612/build-2]   | Collecting filelock<4,>=3.2\n[80ba09eb-5e1f-4c74-a826-4e98444ac612/build-2]   |   Downloading filelock-3.4.1-py3-none-any.whl (9.9 kB)\n[80ba09eb-5e1f-4c74-a826-4e98444ac612/build-2]   | Collecting platformdirs<3,>=2\n[80ba09eb-5e1f-4c74-a826-4e98444ac612/build-2]   |   Downloading platformdirs-2.4.0-py3-none-any.whl (14 kB)\n[80ba09eb-5e1f-4c74-a826-4e98444ac612/build-2]   | Installing collected packages: zipp, typing-extensions, pyparsing, importlib-metadata, urllib3, typed-ast, tomli, pytz, py, pluggy, platformdirs, packaging, mypy-extensions, MarkupSafe, iniconfig, importlib-resources, idna, filelock, distlib, charset-normalizer, certifi, attrs, virtualenv, typing-inspect, types-dataclasses, toml, sphinxcontrib-serializinghtml, sphinxcontrib-qthelp, sphinxcontrib-jsmath, sphinxcontrib-htmlhelp, sphinxcontrib-devhelp, sphinxcontrib-applehelp, snowballstemmer, requests, regex, pyyaml, pytest, Pygments, nodeenv, mypy, marshmallow, Jinja2, imagesize, identify, docutils, decorator, dataclasses, chevron, cfgv, babel, alabaster, typeguard, sphinx, pytest-mypy-plugins, pre-commit, marshmallow-enum, marshmallow-dataclass\n[80ba09eb-5e1f-4c74-a826-4e98444ac612/build-1]   | Successfully installed Jinja2-3.1.2 MarkupSafe-2.1.3 Pygments-2.15.1 alabaster-0.7.13 babel-2.12.1 certifi-2023.5.7 cfgv-3.3.1 charset-normalizer-3.1.0 chevron-0.14.0 decorator-5.1.1 distlib-0.3.6 docutils-0.19 exceptiongroup-1.1.1 filelock-3.12.2 identify-2.5.24 idna-3.4 imagesize-1.4.1 importlib-metadata-6.7.0 iniconfig-2.0.0 marshmallow-3.19.0 marshmallow-dataclass-8.5.14 mypy-1.4.1 mypy-extensions-1.0.0 nodeenv-1.8.0 packaging-23.1 platformdirs-3.8.0 pluggy-1.2.0 pre-commit-2.21.0 pytest-7.4.0 pytest-mypy-plugins-1.11.1 pytz-2023.3 pyyaml-6.0 regex-2023.6.3 requests-2.31.0 snowballstemmer-2.2.0 sphinx-5.3.0 sphinxcontrib-applehelp-1.0.2 sphinxcontrib-devhelp-1.0.2 sphinxcontrib-htmlhelp-2.0.0 sphinxcontrib-jsmath-1.0.1 sphinxcontrib-qthelp-1.0.3 sphinxcontrib-serializinghtml-1.1.5 tomli-2.0.1 typed-ast-1.5.4 typeguard-3.0.2 typing-extensions-4.7.0rc1 typing-inspect-0.9.0 urllib3-2.0.3 virtualenv-20.23.1 zipp-3.15.0\n[80ba09eb-5e1f-4c74-a826-4e98444ac612/build-1]   | \n[80ba09eb-5e1f-4c74-a826-4e98444ac612/build-1]   | [notice] A new release of pip is available: 20.1.1 -> 23.1.2\n[80ba09eb-5e1f-4c74-a826-4e98444ac612/build-1]   | [notice] To update, run: pip install --upgrade pip\n[80ba09eb-5e1f-4c74-a826-4e98444ac612/build-1]   \u2705  Success - Main Install dependencies\n[80ba09eb-5e1f-4c74-a826-4e98444ac612/build-1] \u2b50 Run Main Pre-commit hooks\n[80ba09eb-5e1f-4c74-a826-4e98444ac612/build-1]   \ud83d\udc33  docker exec cmd=[bash --noprofile --norc -e -o pipefail /var/run/act/workflow/6] user= workdir=\n[80ba09eb-5e1f-4c74-a826-4e98444ac612/build-1]   | [INFO] Initializing environment for https://github.com/asottile/pyupgrade.\n[80ba09eb-5e1f-4c74-a826-4e98444ac612/build-1]   | [INFO] Initializing environment for https://github.com/python/black.\n[80ba09eb-5e1f-4c74-a826-4e98444ac612/build-1]   | [INFO] Initializing environment for https://github.com/PyCQA/flake8.\n[80ba09eb-5e1f-4c74-a826-4e98444ac612/build-1]   | [INFO] Initializing environment for https://github.com/PyCQA/flake8:flake8-bugbear==22.10.27.\n[80ba09eb-5e1f-4c74-a826-4e98444ac612/build-1]   | [INFO] Initializing environment for https://github.com/pre-commit/mirrors-mypy.\n[80ba09eb-5e1f-4c74-a826-4e98444ac612/build-1]   | [INFO] Initializing environment for https://github.com/pre-commit/mirrors-mypy:marshmallow,marshmallow-enum,typeguard.\n[80ba09eb-5e1f-4c74-a826-4e98444ac612/build-1]   | [INFO] Initializing environment for https://github.com/asottile/blacken-docs.\n[80ba09eb-5e1f-4c74-a826-4e98444ac612/build-2]   |   Running setup.py develop for marshmallow-dataclass\n[80ba09eb-5e1f-4c74-a826-4e98444ac612/build-1]   | [INFO] Initializing environment for https://github.com/asottile/blacken-docs:black==22.8.0.\n[80ba09eb-5e1f-4c74-a826-4e98444ac612/build-2]   | Successfully installed Jinja2-3.0.3 MarkupSafe-2.0.1 Pygments-2.14.0 alabaster-0.7.13 attrs-22.2.0 babel-2.11.0 certifi-2023.5.7 cfgv-3.3.1 charset-normalizer-2.0.12 chevron-0.14.0 dataclasses-0.8 decorator-5.1.1 distlib-0.3.6 docutils-0.18.1 filelock-3.4.1 identify-2.4.4 idna-3.4 imagesize-1.4.1 importlib-metadata-4.8.3 importlib-resources-5.2.3 iniconfig-1.1.1 marshmallow-3.14.1 marshmallow-dataclass-8.5.14 marshmallow-enum-1.5.1 mypy-0.971 mypy-extensions-1.0.0 nodeenv-1.6.0 packaging-21.3 platformdirs-2.4.0 pluggy-1.0.0 pre-commit-2.17.0 py-1.11.0 pyparsing-3.1.0 pytest-7.0.1 pytest-mypy-plugins-1.9.3 pytz-2023.3 pyyaml-6.0 regex-2023.6.3 requests-2.27.1 snowballstemmer-2.2.0 sphinx-5.3.0 sphinxcontrib-applehelp-1.0.2 sphinxcontrib-devhelp-1.0.2 sphinxcontrib-htmlhelp-2.0.0 sphinxcontrib-jsmath-1.0.1 sphinxcontrib-qthelp-1.0.3 sphinxcontrib-serializinghtml-1.1.5 toml-0.10.2 tomli-1.2.3 typed-ast-1.5.4 typeguard-2.13.3 types-dataclasses-0.6.3 typing-extensions-4.1.1 typing-inspect-0.9.0 urllib3-1.26.16 virtualenv-20.16.2 zipp-3.6.0\n[80ba09eb-5e1f-4c74-a826-4e98444ac612/build-2]   \u2705  Success - Main Install dependencies\n[80ba09eb-5e1f-4c74-a826-4e98444ac612/build-1]   | [INFO] Installing environment for https://github.com/asottile/pyupgrade.\n[80ba09eb-5e1f-4c74-a826-4e98444ac612/build-1]   | [INFO] Once installed this environment will be reused.\n[80ba09eb-5e1f-4c74-a826-4e98444ac612/build-1]   | [INFO] This may take a few minutes...\n[80ba09eb-5e1f-4c74-a826-4e98444ac612/build-2] \u2b50 Run Main Test with pytest\n[80ba09eb-5e1f-4c74-a826-4e98444ac612/build-2]   \ud83d\udc33  docker exec cmd=[bash --noprofile --norc -e -o pipefail /var/run/act/workflow/7] user= workdir=\n[80ba09eb-5e1f-4c74-a826-4e98444ac612/build-1]   | [INFO] Installing environment for https://github.com/python/black.\n[80ba09eb-5e1f-4c74-a826-4e98444ac612/build-1]   | [INFO] Once installed this environment will be reused.\n[80ba09eb-5e1f-4c74-a826-4e98444ac612/build-1]   | [INFO] This may take a few minutes...\n[80ba09eb-5e1f-4c74-a826-4e98444ac612/build-1]   | [INFO] Installing environment for https://github.com/PyCQA/flake8.\n[80ba09eb-5e1f-4c74-a826-4e98444ac612/build-1]   | [INFO] Once installed this environment will be reused.\n[80ba09eb-5e1f-4c74-a826-4e98444ac612/build-1]   | [INFO] This may take a few minutes...\n[80ba09eb-5e1f-4c74-a826-4e98444ac612/build-1]   | [INFO] Installing environment for https://github.com/pre-commit/mirrors-mypy.\n[80ba09eb-5e1f-4c74-a826-4e98444ac612/build-1]   | [INFO] Once installed this environment will be reused.\n[80ba09eb-5e1f-4c74-a826-4e98444ac612/build-1]   | [INFO] This may take a few minutes...\n[80ba09eb-5e1f-4c74-a826-4e98444ac612/build-1]   | [INFO] Installing environment for https://github.com/asottile/blacken-docs.\n[80ba09eb-5e1f-4c74-a826-4e98444ac612/build-1]   | [INFO] Once installed this environment will be reused.\n[80ba09eb-5e1f-4c74-a826-4e98444ac612/build-1]   | [INFO] This may take a few minutes...\n[80ba09eb-5e1f-4c74-a826-4e98444ac612/build-2]   | ============================= test session starts ==============================\n[80ba09eb-5e1f-4c74-a826-4e98444ac612/build-2]   | platform linux -- Python 3.6.14, pytest-7.0.1, pluggy-1.0.0\n[80ba09eb-5e1f-4c74-a826-4e98444ac612/build-2]   | rootdir: /tmp/ad9c0f7e-1596-11ee-8a50-bb14de238602/lovasoa-marshmallow_dataclass, configfile: pyproject.toml\n[80ba09eb-5e1f-4c74-a826-4e98444ac612/build-2]   | plugins: typeguard-2.13.3, mypy-plugins-1.9.3\n[80ba09eb-5e1f-4c74-a826-4e98444ac612/build-2]   | collected 106 items\n[80ba09eb-5e1f-4c74-a826-4e98444ac612/build-2]   | \n[80ba09eb-5e1f-4c74-a826-4e98444ac612/build-2]   | tests/test_attribute_copy.py ....                                        [  3%]\n[80ba09eb-5e1f-4c74-a826-4e98444ac612/build-2]   | tests/test_city_building_examples.py ..                                  [  5%]\n[80ba09eb-5e1f-4c74-a826-4e98444ac612/build-2]   | tests/test_class_schema.py ..............                                [ 18%]\n[80ba09eb-5e1f-4c74-a826-4e98444ac612/build-2]   | tests/test_collection.py ...................s                            [ 37%]\n[80ba09eb-5e1f-4c74-a826-4e98444ac612/build-2]   | tests/test_field_for_schema.py .............s...................         [ 68%]\n[80ba09eb-5e1f-4c74-a826-4e98444ac612/build-2]   | tests/test_forward_references.py ..........                              [ 78%]\n[80ba09eb-5e1f-4c74-a826-4e98444ac612/build-1]   | pyupgrade................................................................Passed\n[80ba09eb-5e1f-4c74-a826-4e98444ac612/build-1]   | black....................................................................Passed\n[80ba09eb-5e1f-4c74-a826-4e98444ac612/build-2]   | tests/test_mypy.yml ....                                                 [ 82%]\n[80ba09eb-5e1f-4c74-a826-4e98444ac612/build-2]   | tests/test_optional.py ...                                               [ 84%]\n[80ba09eb-5e1f-4c74-a826-4e98444ac612/build-2]   | tests/test_post_load.py ..                                               [ 86%]\n[80ba09eb-5e1f-4c74-a826-4e98444ac612/build-2]   | tests/test_postdump.py ..                                                [ 88%]\n[80ba09eb-5e1f-4c74-a826-4e98444ac612/build-2]   | tests/test_union.py ...s........                                         [100%]\n[80ba09eb-5e1f-4c74-a826-4e98444ac612/build-2]   | \n[80ba09eb-5e1f-4c74-a826-4e98444ac612/build-2]   | - generated xml file: /tmp/ad9c0f7e-1596-11ee-8a50-bb14de238602/lovasoa-marshmallow_dataclass/report.xml -\n[80ba09eb-5e1f-4c74-a826-4e98444ac612/build-2]   | ======================== 103 passed, 3 skipped in 6.20s ========================\n[80ba09eb-5e1f-4c74-a826-4e98444ac612/build-1]   | flake8...................................................................Passed\n[80ba09eb-5e1f-4c74-a826-4e98444ac612/build-2]   \u2705  Success - Main Test with pytest\n[80ba09eb-5e1f-4c74-a826-4e98444ac612/build-2] \u2b50 Run Post set pre-commit cache\n[80ba09eb-5e1f-4c74-a826-4e98444ac612/build-2]   \ud83d\udc33  docker exec cmd=[node /var/run/act/actions/actions-cache@v3/dist/save/index.js] user= workdir=\n[80ba09eb-5e1f-4c74-a826-4e98444ac612/build-2]   \ud83d\udcac  ::debug::Checking zstd --quiet --version\n[80ba09eb-5e1f-4c74-a826-4e98444ac612/build-2]   \ud83d\udcac  ::debug::1.5.0\n[80ba09eb-5e1f-4c74-a826-4e98444ac612/build-2]   \ud83d\udcac  ::debug::zstd version: 1.5.0\n[80ba09eb-5e1f-4c74-a826-4e98444ac612/build-2]   \ud83d\udcac  ::debug::implicitDescendants 'false'\n[80ba09eb-5e1f-4c74-a826-4e98444ac612/build-2]   \ud83d\udcac  ::debug::followSymbolicLinks 'true'\n[80ba09eb-5e1f-4c74-a826-4e98444ac612/build-2]   \ud83d\udcac  ::debug::implicitDescendants 'false'\n[80ba09eb-5e1f-4c74-a826-4e98444ac612/build-2]   \ud83d\udcac  ::debug::omitBrokenSymbolicLinks 'true'\n[80ba09eb-5e1f-4c74-a826-4e98444ac612/build-2]   \ud83d\udcac  ::debug::Search path '/home/runneradmin/.cache/pre-commit'\n[80ba09eb-5e1f-4c74-a826-4e98444ac612/build-2]   \ud83d\udcac  ::debug::Search path '/home/runneradmin/.cache/pip'\n[80ba09eb-5e1f-4c74-a826-4e98444ac612/build-2]   \ud83d\udcac  ::debug::Matched: ../../../home/runneradmin/.cache/pip\n[80ba09eb-5e1f-4c74-a826-4e98444ac612/build-2]   \ud83d\udcac  ::debug::Cache Paths:\n[80ba09eb-5e1f-4c74-a826-4e98444ac612/build-2]   \ud83d\udcac  ::debug::[\"../../../home/runneradmin/.cache/pip\"]\n[80ba09eb-5e1f-4c74-a826-4e98444ac612/build-2]   \ud83d\udcac  ::debug::Archive Path: /tmp/0b2518c9-d78e-491e-8863-e8f09a7e4571/cache.tzst\n[80ba09eb-5e1f-4c74-a826-4e98444ac612/build-2]   | [command]/usr/bin/tar --posix -cf cache.tzst --exclude cache.tzst -P -C /tmp/ad9c0f7e-1596-11ee-8a50-bb14de238602/lovasoa-marshmallow_dataclass --files-from manifest.txt --use-compress-program zstdmt\n[80ba09eb-5e1f-4c74-a826-4e98444ac612/build-2]   \ud83d\udcac  ::debug::File Size: 100738858\n[80ba09eb-5e1f-4c74-a826-4e98444ac612/build-2]   \ud83d\udcac  ::debug::Reserving Cache\n[80ba09eb-5e1f-4c74-a826-4e98444ac612/build-2]   \ud83d\udcac  ::debug::Resource Url: http://130.242.72.40:42019/_apis/artifactcache/caches\n[80ba09eb-5e1f-4c74-a826-4e98444ac612/build-2]   \ud83d\udcac  ::debug::Saving Cache (ID: 1)\n[80ba09eb-5e1f-4c74-a826-4e98444ac612/build-2]   \ud83d\udcac  ::debug::Upload cache\n[80ba09eb-5e1f-4c74-a826-4e98444ac612/build-2]   \ud83d\udcac  ::debug::Resource Url: http://130.242.72.40:42019/_apis/artifactcache/caches/1\n[80ba09eb-5e1f-4c74-a826-4e98444ac612/build-2]   \ud83d\udcac  ::debug::Upload concurrency: 4\n[80ba09eb-5e1f-4c74-a826-4e98444ac612/build-2]   \ud83d\udcac  ::debug::Upload chunk size: 33554432\n[80ba09eb-5e1f-4c74-a826-4e98444ac612/build-2]   \ud83d\udcac  ::debug::Awaiting all uploads\n[80ba09eb-5e1f-4c74-a826-4e98444ac612/build-2]   \ud83d\udcac  ::debug::Uploading chunk of size 33554432 bytes at offset 0 with content range: bytes 0-33554431/*\n[80ba09eb-5e1f-4c74-a826-4e98444ac612/build-2]   \ud83d\udcac  ::debug::Uploading chunk of size 33554432 bytes at offset 33554432 with content range: bytes 33554432-67108863/*\n[80ba09eb-5e1f-4c74-a826-4e98444ac612/build-2]   \ud83d\udcac  ::debug::Uploading chunk of size 33554432 bytes at offset 67108864 with content range: bytes 67108864-100663295/*\n[80ba09eb-5e1f-4c74-a826-4e98444ac612/build-2]   \ud83d\udcac  ::debug::Uploading chunk of size 75562 bytes at offset 100663296 with content range: bytes 100663296-100738857/*\n[80ba09eb-5e1f-4c74-a826-4e98444ac612/build-2]   \ud83d\udcac  ::debug::Commiting cache\n[80ba09eb-5e1f-4c74-a826-4e98444ac612/build-2]   | Cache Size: ~96 MB (100738858 B)\n[80ba09eb-5e1f-4c74-a826-4e98444ac612/build-2]   \ud83d\udcac  ::debug::Resource Url: http://130.242.72.40:42019/_apis/artifactcache/caches/1\n[80ba09eb-5e1f-4c74-a826-4e98444ac612/build-2]   | Cache saved successfully\n[80ba09eb-5e1f-4c74-a826-4e98444ac612/build-2]   | Cache saved with key: 3.6-917524ce0885eaa1b39fec0824b548404dca4dd39e6839daed15c0d7937a2977-65084d18f50e2cc3f96a4bbcf34dbdc964fd716ea336d079a727c71eda0d538c\n[80ba09eb-5e1f-4c74-a826-4e98444ac612/build-2]   \u2705  Success - Post set pre-commit cache\n[80ba09eb-5e1f-4c74-a826-4e98444ac612/build-2] \u2b50 Run Post Set up Python \n[80ba09eb-5e1f-4c74-a826-4e98444ac612/build-2]   \ud83d\udc33  docker exec cmd=[node /var/run/act/actions/actions-setup-python@v4/dist/cache-save/index.js] user= workdir=\n[80ba09eb-5e1f-4c74-a826-4e98444ac612/build-2]   \u2705  Success - Post Set up Python \n[80ba09eb-5e1f-4c74-a826-4e98444ac612/build-2] \ud83c\udfc1  Job succeeded\n[80ba09eb-5e1f-4c74-a826-4e98444ac612/build-1]   | mypy.....................................................................Passed\n[80ba09eb-5e1f-4c74-a826-4e98444ac612/build-1]   | blacken-docs.............................................................Passed\n[80ba09eb-5e1f-4c74-a826-4e98444ac612/build-1]   \u2705  Success - Main Pre-commit hooks\n[80ba09eb-5e1f-4c74-a826-4e98444ac612/build-1] \u2b50 Run Main Test with pytest\n[80ba09eb-5e1f-4c74-a826-4e98444ac612/build-1]   \ud83d\udc33  docker exec cmd=[bash --noprofile --norc -e -o pipefail /var/run/act/workflow/7] user= workdir=\n[80ba09eb-5e1f-4c74-a826-4e98444ac612/build-1]   | ============================= test session starts ==============================\n[80ba09eb-5e1f-4c74-a826-4e98444ac612/build-1]   | platform linux -- Python 3.7.11, pytest-7.4.0, pluggy-1.2.0\n[80ba09eb-5e1f-4c74-a826-4e98444ac612/build-1]   | rootdir: /tmp/ad9c0f7e-1596-11ee-8a50-bb14de238602/lovasoa-marshmallow_dataclass\n[80ba09eb-5e1f-4c74-a826-4e98444ac612/build-1]   | configfile: pyproject.toml\n[80ba09eb-5e1f-4c74-a826-4e98444ac612/build-1]   | plugins: mypy-plugins-1.11.1, typeguard-3.0.2\n[80ba09eb-5e1f-4c74-a826-4e98444ac612/build-1]   | collected 106 items\n[80ba09eb-5e1f-4c74-a826-4e98444ac612/build-1]   | \n[80ba09eb-5e1f-4c74-a826-4e98444ac612/build-1]   | tests/test_attribute_copy.py ....                                        [  3%]\n[80ba09eb-5e1f-4c74-a826-4e98444ac612/build-1]   | tests/test_city_building_examples.py ..                                  [  5%]\n[80ba09eb-5e1f-4c74-a826-4e98444ac612/build-1]   | tests/test_class_schema.py ..............                                [ 18%]\n[80ba09eb-5e1f-4c74-a826-4e98444ac612/build-1]   | tests/test_collection.py ...................s                            [ 37%]\n[80ba09eb-5e1f-4c74-a826-4e98444ac612/build-1]   | tests/test_field_for_schema.py .............s.........F.........         [ 68%]\n[80ba09eb-5e1f-4c74-a826-4e98444ac612/build-1]   | tests/test_forward_references.py ..........                              [ 78%]\n[80ba09eb-5e1f-4c74-a826-4e98444ac612/build-1]   | tests/test_mypy.yml ....                                                 [ 82%]\n[80ba09eb-5e1f-4c74-a826-4e98444ac612/build-1]   | tests/test_optional.py ...                                               [ 84%]\n[80ba09eb-5e1f-4c74-a826-4e98444ac612/build-1]   | tests/test_post_load.py ..                                               [ 86%]\n[80ba09eb-5e1f-4c74-a826-4e98444ac612/build-1]   | tests/test_postdump.py ..                                                [ 88%]\n[80ba09eb-5e1f-4c74-a826-4e98444ac612/build-1]   | tests/test_union.py ...s........                                         [100%]\n[80ba09eb-5e1f-4c74-a826-4e98444ac612/build-1]   | \n[80ba09eb-5e1f-4c74-a826-4e98444ac612/build-1]   | =================================== FAILURES ===================================\n[80ba09eb-5e1f-4c74-a826-4e98444ac612/build-1]   | _______________ TestFieldForSchema.test_optional_multiple_types ________________\n[80ba09eb-5e1f-4c74-a826-4e98444ac612/build-1]   | \n[80ba09eb-5e1f-4c74-a826-4e98444ac612/build-1]   | self = <tests.test_field_for_schema.TestFieldForSchema testMethod=test_optional_multiple_types>\n[80ba09eb-5e1f-4c74-a826-4e98444ac612/build-1]   | \n[80ba09eb-5e1f-4c74-a826-4e98444ac612/build-1]   |     def test_optional_multiple_types(self):\n[80ba09eb-5e1f-4c74-a826-4e98444ac612/build-1]   |         self.assertFieldsEqual(\n[80ba09eb-5e1f-4c74-a826-4e98444ac612/build-1]   |             field_for_schema(Optional[Union[int, str]]),\n[80ba09eb-5e1f-4c74-a826-4e98444ac612/build-1]   |             union_field.Union(\n[80ba09eb-5e1f-4c74-a826-4e98444ac612/build-1]   |                 [\n[80ba09eb-5e1f-4c74-a826-4e98444ac612/build-1]   |                     (int, fields.Integer(required=True)),\n[80ba09eb-5e1f-4c74-a826-4e98444ac612/build-1]   |                     (str, fields.String(required=True)),\n[80ba09eb-5e1f-4c74-a826-4e98444ac612/build-1]   |                 ],\n[80ba09eb-5e1f-4c74-a826-4e98444ac612/build-1]   |                 required=False,\n[80ba09eb-5e1f-4c74-a826-4e98444ac612/build-1]   |                 dump_default=None,\n[80ba09eb-5e1f-4c74-a826-4e98444ac612/build-1]   | >               load_default=None,\n[80ba09eb-5e1f-4c74-a826-4e98444ac612/build-1]   |             ),\n[80ba09eb-5e1f-4c74-a826-4e98444ac612/build-1]   |         )\n[80ba09eb-5e1f-4c74-a826-4e98444ac612/build-1]   | \n[80ba09eb-5e1f-4c74-a826-4e98444ac612/build-1]   | tests/test_field_for_schema.py:193: \n[80ba09eb-5e1f-4c74-a826-4e98444ac612/build-1]   | _ _ _ _ _ _ _ _ _ _ _ _ _ _ _ _ _ _ _ _ _ _ _ _ _ _ _ _ _ _ _ _ _ _ _ _ _ _ _ _ \n[80ba09eb-5e1f-4c74-a826-4e98444ac612/build-1]   | tests/test_field_for_schema.py:34: in assertFieldsEqual\n[80ba09eb-5e1f-4c74-a826-4e98444ac612/build-1]   |     self.assertEqual(attrs(a), attrs(b))\n[80ba09eb-5e1f-4c74-a826-4e98444ac612/build-1]   | E   AssertionError: {'dum[394 chars]ass 'str'>, <fields.String(dump_default=<marsh[777 chars]>)]\"} != {'dum[394 chars]ass 'int'>, <fields.Integer(dump_default=<mars[777 chars]>)]\"}\n[80ba09eb-5e1f-4c74-a826-4e98444ac612/build-1]   | E   Diff is 2530 characters long. Set self.maxDiff to None to see it.\n[80ba09eb-5e1f-4c74-a826-4e98444ac612/build-1]   | - generated xml file: /tmp/ad9c0f7e-1596-11ee-8a50-bb14de238602/lovasoa-marshmallow_dataclass/report.xml -\n[80ba09eb-5e1f-4c74-a826-4e98444ac612/build-1]   | =========================== short test summary info ============================\n[80ba09eb-5e1f-4c74-a826-4e98444ac612/build-1]   | FAILED tests/test_field_for_schema.py::TestFieldForSchema::test_optional_multiple_types - AssertionError: {'dum[394 chars]ass 'str'>, <fields.String(dump_default=<marsh[777 chars]>)]\"} != {'dum[394 chars]ass 'int'>, <fields.Integer(dump_default=<mars[777 chars]>)]\"}\n[80ba09eb-5e1f-4c74-a826-4e98444ac612/build-1]   | Diff is 2530 characters long. Set self.maxDiff to None to see it.\n[80ba09eb-5e1f-4c74-a826-4e98444ac612/build-1]   | =================== 1 failed, 102 passed, 3 skipped in 6.13s ===================\n[80ba09eb-5e1f-4c74-a826-4e98444ac612/build-1]   \u274c  Failure - Main Test with pytest\n[80ba09eb-5e1f-4c74-a826-4e98444ac612/build-1] exitcode '1': failure\n[80ba09eb-5e1f-4c74-a826-4e98444ac612/build-1] \ud83c\udfc1  Job failed\n",
        "stderr": "Error: Job 'build' failed\n",
        "workflow": "/tmp/ad9c0f7e-1596-11ee-8a50-bb14de238602/lovasoa-marshmallow_dataclass/.github/workflows/python-package-crawler.yml",
        "build_tool": "pytest",
        "elapsed_time": 276.6374776363373
    }
}