{
    "repository": "lvyufeng/Cybertron",
    "stars": 52,
    "language": "python",
    "size": 478,
    "clone_url": "https://github.com/lvyufeng/Cybertron.git",
    "timestamp": "2023-07-01T16:45:15.284711Z",
    "clone_success": true,
    "number_of_actions": 2,
    "number_of_test_actions": 1,
    "actions_successful": true,
    "actions_build_tools": [
        "unknown",
        "pytest"
    ],
    "actions_test_build_tools": [
        "pytest"
    ],
    "actions_run": {
        "failed": false,
        "tests": [
            {
                "classname": "tests.test_load_from_cache.TestLoadFromCache",
                "name": "test_load_from_cache_default_path",
                "time": 0.199,
                "results": [
                    {
                        "result": "Passed",
                        "message": "",
                        "type": ""
                    }
                ],
                "stdout": null,
                "stderr": null
            },
            {
                "classname": "tests.test_load_from_cache.TestLoadFromCache",
                "name": "test_load_from_cache_default_path_force_download",
                "time": 0.518,
                "results": [
                    {
                        "result": "Passed",
                        "message": "",
                        "type": ""
                    }
                ],
                "stdout": null,
                "stderr": null
            },
            {
                "classname": "tests.test_comparison.test_bert.TestBertComparison",
                "name": "test_bert_comparsion",
                "time": 1.122,
                "results": [
                    {
                        "result": "Failure",
                        "message": "assert False\n +  where False = <function allclose at 0x7fba610e0c20>(array([[[-0.9913407 ,  1.6393721 ,  0.15607226, ..., -0.26847136,\\n         -1.2509736 ,  0.12259789],\\n        [-0.1857...\\n        [-1.3523016 ,  1.3124268 , -0.2743597 , ...,  0.269645  ,\\n         -0.49746275, -0.17333494]]], dtype=float32), array([[[-0.47390202,  1.6511074 ,  0.10667676, ..., -0.35688818,\\n         -1.0629447 , -0.48178568],\\n        [ 0.3427...\\n        [-0.8659893 ,  1.3294399 , -0.34783316, ...,  0.20226045,\\n         -0.30101493, -0.7919349 ]]], dtype=float32), atol=1e-05)\n +    where <function allclose at 0x7fba610e0c20> = np.allclose\n +    and   array([[[-0.9913407 ,  1.6393721 ,  0.15607226, ..., -0.26847136,\\n         -1.2509736 ,  0.12259789],\\n        [-0.1857...\\n        [-1.3523016 ,  1.3124268 , -0.2743597 , ...,  0.269645  ,\\n         -0.49746275, -0.17333494]]], dtype=float32) = <bound method _stub_method.<locals>.fun of Tensor(shape=[1, 512, 256], dtype=Float32, value=\\n[[[-9.91340697e-01,  1.63...4e-01],\\n  [-1.35230160e+00,  1.31242681e+00, -2.74359703e-01 ...  2.69645005e-01, -4.97462749e-01, -1.73334941e-01]]])>()\n +      where <bound method _stub_method.<locals>.fun of Tensor(shape=[1, 512, 256], dtype=Float32, value=\\n[[[-9.91340697e-01,  1.63...4e-01],\\n  [-1.35230160e+00,  1.31242681e+00, -2.74359703e-01 ...  2.69645005e-01, -4.97462749e-01, -1.73334941e-01]]])> = Tensor(shape=[1, 512, 256], dtype=Float32, value=\\n[[[-9.91340697e-01,  1.63937211e+00,  1.56072259e-01 ... -2.68471360...94e-01],\\n  [-1.35230160e+00,  1.31242681e+00, -2.74359703e-01 ...  2.69645005e-01, -4.97462749e-01, -1.73334941e-01]]]).asnumpy\n +    and   array([[[-0.47390202,  1.6511074 ,  0.10667676, ..., -0.35688818,\\n         -1.0629447 , -0.48178568],\\n        [ 0.3427...\\n        [-0.8659893 ,  1.3294399 , -0.34783316, ...,  0.20226045,\\n         -0.30101493, -0.7919349 ]]], dtype=float32) = <built-in method numpy of Tensor object at 0x7fb93bc44c50>()\n +      where <built-in method numpy of Tensor object at 0x7fb93bc44c50> = tensor([[[-0.4739,  1.6511,  0.1067,  ..., -0.3569, -1.0629, -0.4818],\\n         [ 0.3427,  0.4934, -0.9194,  ...,  0.4...41, -0.5336,  ...,  0.6875, -0.5163, -0.0179],\\n         [-0.8660,  1.3294, -0.3478,  ...,  0.2023, -0.3010, -0.7919]]]).numpy\n +        where tensor([[[-0.4739,  1.6511,  0.1067,  ..., -0.3569, -1.0629, -0.4818],\\n         [ 0.3427,  0.4934, -0.9194,  ...,  0.4...41, -0.5336,  ...,  0.6875, -0.5163, -0.0179],\\n         [-0.8660,  1.3294, -0.3478,  ...,  0.2023, -0.3010, -0.7919]]]) = <built-in method detach of Tensor object at 0x7fb93bd33590>()\n +          where <built-in method detach of Tensor object at 0x7fb93bd33590> = tensor([[[-0.4739,  1.6511,  0.1067,  ..., -0.3569, -1.0629, -0.4818],\\n         [ 0.3427,  0.4934, -0.9194,  ...,  0.4...9],\\n         [-0.8660,  1.3294, -0.3478,  ...,  0.2023, -0.3010, -0.7919]]],\\n       grad_fn=<NativeLayerNormBackward0>).detach",
                        "type": null
                    }
                ],
                "stdout": null,
                "stderr": null
            },
            {
                "classname": "tests.test_comparison.test_bert.TestBertComparison",
                "name": "test_bert_sequence_comparison",
                "time": 0.582,
                "results": [
                    {
                        "result": "Failure",
                        "message": "assert False\n +  where False = <function allclose at 0x7fba610e0c20>(array([[0.06991106, 0.07505491]], dtype=float32), array([[0.0722196 , 0.06046958]], dtype=float32), atol=1e-05)\n +    where <function allclose at 0x7fba610e0c20> = np.allclose\n +    and   array([[0.06991106, 0.07505491]], dtype=float32) = <bound method _stub_method.<locals>.fun of Tensor(shape=[1, 2], dtype=Float32, value=\\n[[ 6.99110553e-02,  7.50549063e-02]])>()\n +      where <bound method _stub_method.<locals>.fun of Tensor(shape=[1, 2], dtype=Float32, value=\\n[[ 6.99110553e-02,  7.50549063e-02]])> = Tensor(shape=[1, 2], dtype=Float32, value=\\n[[ 6.99110553e-02,  7.50549063e-02]]).asnumpy\n +    and   array([[0.0722196 , 0.06046958]], dtype=float32) = <built-in method numpy of Tensor object at 0x7fb8f03bd950>()\n +      where <built-in method numpy of Tensor object at 0x7fb8f03bd950> = tensor([[0.0722, 0.0605]]).numpy\n +        where tensor([[0.0722, 0.0605]]) = <built-in method detach of Tensor object at 0x7fb8f03c24d0>()\n +          where <built-in method detach of Tensor object at 0x7fb8f03c24d0> = tensor([[0.0722, 0.0605]], grad_fn=<AddmmBackward0>).detach",
                        "type": null
                    }
                ],
                "stdout": null,
                "stderr": null
            },
            {
                "classname": "tests.test_comparison.test_gpt.TestGPTComparison",
                "name": "test_gpt_comparison",
                "time": 6.541,
                "results": [
                    {
                        "result": "Passed",
                        "message": "",
                        "type": ""
                    }
                ],
                "stdout": null,
                "stderr": null
            },
            {
                "classname": "tests.test_comparison.test_xlnet.TestXLNetComparison",
                "name": "test_xlnet_comparison",
                "time": 2.418,
                "results": [
                    {
                        "result": "Passed",
                        "message": "",
                        "type": ""
                    }
                ],
                "stdout": null,
                "stderr": null
            },
            {
                "classname": "tests.test_models.test_modeling_bart.TestModelingBert",
                "name": "test_modeling_bert_1_True",
                "time": 7.174,
                "results": [
                    {
                        "result": "Failure",
                        "message": "TypeError: Multiply values for specific argument: encoder_attn_mask\n\n----------------------------------------------------\n- The Traceback of Net Construct Code:\n----------------------------------------------------\nThe function call stack (See file '/tmp/558156d8-17ed-11ee-8a50-bb14de238602/lvyufeng-Cybertron/rank_0/om/analyze_fail.ir' for more details. Get instructions about `analyze_fail.ir` at https://www.mindspore.cn/search?inputValue=analyze_fail.ir):\n# 0 In file /tmp/558156d8-17ed-11ee-8a50-bb14de238602/lvyufeng-Cybertron/tests/test_models/test_modeling_bart.py:27\n            decoder_outputs, encoder_outputs = model(input_ids)\n                                               ^\n# 1 In file /tmp/558156d8-17ed-11ee-8a50-bb14de238602/lvyufeng-Cybertron/cybertron/models/bart.py:794\n        assert decoder_input_ids is not None\n        ^\n# 2 In file /tmp/558156d8-17ed-11ee-8a50-bb14de238602/lvyufeng-Cybertron/tests/test_models/test_modeling_bart.py:27\n            decoder_outputs, encoder_outputs = model(input_ids)\n                                               ^\n# 3 In file /tmp/558156d8-17ed-11ee-8a50-bb14de238602/lvyufeng-Cybertron/cybertron/models/bart.py:803\n        assert isinstance(encoder_outputs, tuple)\n        ^\n# 4 In file /tmp/558156d8-17ed-11ee-8a50-bb14de238602/lvyufeng-Cybertron/cybertron/models/bart.py:805\n        decoder_outputs = self.decoder(\n# 5 In file /tmp/558156d8-17ed-11ee-8a50-bb14de238602/lvyufeng-Cybertron/cybertron/models/bart.py:805\n        decoder_outputs = self.decoder(\n                          ^\n# 6 In file /tmp/558156d8-17ed-11ee-8a50-bb14de238602/lvyufeng-Cybertron/cybertron/models/bart.py:466\n        for idx, decoder_layer in enumerate(self.layers):\n        ^\n# 7 In file /tmp/558156d8-17ed-11ee-8a50-bb14de238602/lvyufeng-Cybertron/cybertron/models/bart.py:805\n        decoder_outputs = self.decoder(\n                          ^\n# 8 In file /tmp/558156d8-17ed-11ee-8a50-bb14de238602/lvyufeng-Cybertron/cybertron/models/bart.py:471\n            if self.training and (dropout_probability < self.layerdrop):\n            ^\n# 9 In file /tmp/558156d8-17ed-11ee-8a50-bb14de238602/lvyufeng-Cybertron/cybertron/models/bart.py:805\n        decoder_outputs = self.decoder(\n                          ^\n# 10 In file /tmp/558156d8-17ed-11ee-8a50-bb14de238602/lvyufeng-Cybertron/cybertron/models/bart.py:489\n            if self.layer_norm and (idx == len(self.layers) - 1):  # last layer of mbart\n            ^\n# 11 In file /tmp/558156d8-17ed-11ee-8a50-bb14de238602/lvyufeng-Cybertron/cybertron/models/bart.py:476\n            x, layer_self_attn, layer_past = decoder_layer(\n\n----------------------------------------------------\n- C++ Call Stack: (For framework developers)\n----------------------------------------------------\nmindspore/core/ir/func_graph_extends.cc:171 GenerateKwParams",
                        "type": null
                    }
                ],
                "stdout": null,
                "stderr": null
            },
            {
                "classname": "tests.test_models.test_modeling_bart.TestModelingBert",
                "name": "test_modeling_bert_2_False",
                "time": 0.88,
                "results": [
                    {
                        "result": "Passed",
                        "message": "",
                        "type": ""
                    }
                ],
                "stdout": null,
                "stderr": null
            },
            {
                "classname": "tests.test_models.test_modeling_bert.TestModelingBert",
                "name": "test_modeling_bert_1_True",
                "time": 3.253,
                "results": [
                    {
                        "result": "Passed",
                        "message": "",
                        "type": ""
                    }
                ],
                "stdout": null,
                "stderr": null
            },
            {
                "classname": "tests.test_models.test_modeling_bert.TestModelingBert",
                "name": "test_modeling_bert_2_False",
                "time": 0.444,
                "results": [
                    {
                        "result": "Passed",
                        "message": "",
                        "type": ""
                    }
                ],
                "stdout": null,
                "stderr": null
            },
            {
                "classname": "tests.test_models.test_modeling_bert.TestModelingBert",
                "name": "test_modeling_bert_pretraining_1_True",
                "time": 3.27,
                "results": [
                    {
                        "result": "Passed",
                        "message": "",
                        "type": ""
                    }
                ],
                "stdout": null,
                "stderr": null
            },
            {
                "classname": "tests.test_models.test_modeling_bert.TestModelingBert",
                "name": "test_modeling_bert_pretraining_2_False",
                "time": 0.473,
                "results": [
                    {
                        "result": "Passed",
                        "message": "",
                        "type": ""
                    }
                ],
                "stdout": null,
                "stderr": null
            },
            {
                "classname": "tests.test_models.test_modeling_ernie.TestModelingBert",
                "name": "test_modeling_bert",
                "time": 0.002,
                "results": [
                    {
                        "result": "Passed",
                        "message": "",
                        "type": ""
                    }
                ],
                "stdout": null,
                "stderr": null
            },
            {
                "classname": "tests.test_models.test_modeling_gpt.TestModelingGPT",
                "name": "test_modeling_gpt_1_True",
                "time": 4.112,
                "results": [
                    {
                        "result": "Passed",
                        "message": "",
                        "type": ""
                    }
                ],
                "stdout": null,
                "stderr": null
            },
            {
                "classname": "tests.test_models.test_modeling_gpt.TestModelingGPT",
                "name": "test_modeling_gpt_2_False",
                "time": 0.596,
                "results": [
                    {
                        "result": "Passed",
                        "message": "",
                        "type": ""
                    }
                ],
                "stdout": null,
                "stderr": null
            },
            {
                "classname": "tests.test_models.test_modeling_roberta.TestModelingRoberta",
                "name": "test_modeling_roberta_1_True",
                "time": 3.097,
                "results": [
                    {
                        "result": "Passed",
                        "message": "",
                        "type": ""
                    }
                ],
                "stdout": null,
                "stderr": null
            },
            {
                "classname": "tests.test_models.test_modeling_roberta.TestModelingRoberta",
                "name": "test_modeling_roberta_2_False",
                "time": 0.31,
                "results": [
                    {
                        "result": "Passed",
                        "message": "",
                        "type": ""
                    }
                ],
                "stdout": null,
                "stderr": null
            },
            {
                "classname": "tests.test_models.test_modeling_roberta.TestModelingRoberta",
                "name": "test_roberta_for_masked_lm_1_True",
                "time": 3.148,
                "results": [
                    {
                        "result": "Passed",
                        "message": "",
                        "type": ""
                    }
                ],
                "stdout": null,
                "stderr": null
            },
            {
                "classname": "tests.test_models.test_modeling_roberta.TestModelingRoberta",
                "name": "test_roberta_for_masked_lm_2_False",
                "time": 0.442,
                "results": [
                    {
                        "result": "Passed",
                        "message": "",
                        "type": ""
                    }
                ],
                "stdout": null,
                "stderr": null
            },
            {
                "classname": "tests.test_models.test_modeling_roberta.TestModelingRoberta",
                "name": "test_roberta_for_sequence_classification_1_True",
                "time": 4.267,
                "results": [
                    {
                        "result": "Passed",
                        "message": "",
                        "type": ""
                    }
                ],
                "stdout": null,
                "stderr": null
            },
            {
                "classname": "tests.test_models.test_modeling_roberta.TestModelingRoberta",
                "name": "test_roberta_for_sequence_classification_2_False",
                "time": 0.376,
                "results": [
                    {
                        "result": "Passed",
                        "message": "",
                        "type": ""
                    }
                ],
                "stdout": null,
                "stderr": null
            },
            {
                "classname": "tests.test_models.test_modeling_xlnet.TestModelingXLNet",
                "name": "test_modeling_xlnet_1_True",
                "time": 3.947,
                "results": [
                    {
                        "result": "Passed",
                        "message": "",
                        "type": ""
                    }
                ],
                "stdout": null,
                "stderr": null
            },
            {
                "classname": "tests.test_models.test_modeling_xlnet.TestModelingXLNet",
                "name": "test_modeling_xlnet_2_False",
                "time": 1.16,
                "results": [
                    {
                        "result": "Passed",
                        "message": "",
                        "type": ""
                    }
                ],
                "stdout": null,
                "stderr": null
            },
            {
                "classname": "tests.test_optimization.test_bert_adam.ScheduleInitTest",
                "name": "test_bert_sched_init",
                "time": 0.018,
                "results": [
                    {
                        "result": "Passed",
                        "message": "",
                        "type": ""
                    }
                ],
                "stdout": null,
                "stderr": null
            },
            {
                "classname": "tests.test_tokenizers.test_bert_tokenizer.TestBertTokenizer",
                "name": "test_bert_tokenizer",
                "time": 0.912,
                "results": [
                    {
                        "result": "Passed",
                        "message": "",
                        "type": ""
                    }
                ],
                "stdout": null,
                "stderr": null
            }
        ],
        "stdout": "[bb7231c6-fc69-44f2-814b-e1172c6d3f88/kaggle-gpu] \ud83d\ude80  Start image=crawlergpt:latest\n[bb7231c6-fc69-44f2-814b-e1172c6d3f88/ut-test   ] \ud83d\ude80  Start image=crawlergpt:latest\n[bb7231c6-fc69-44f2-814b-e1172c6d3f88/ut-test   ]   \ud83d\udc33  docker pull image=crawlergpt:latest platform= username= forcePull=false\n[bb7231c6-fc69-44f2-814b-e1172c6d3f88/kaggle-gpu]   \ud83d\udc33  docker pull image=crawlergpt:latest platform= username= forcePull=false\n[bb7231c6-fc69-44f2-814b-e1172c6d3f88/ut-test   ]   \ud83d\udc33  docker create image=crawlergpt:latest platform= entrypoint=[\"tail\" \"-f\" \"/dev/null\"] cmd=[]\n[bb7231c6-fc69-44f2-814b-e1172c6d3f88/kaggle-gpu]   \ud83d\udc33  docker create image=crawlergpt:latest platform= entrypoint=[\"tail\" \"-f\" \"/dev/null\"] cmd=[]\n[bb7231c6-fc69-44f2-814b-e1172c6d3f88/kaggle-gpu]   \ud83d\udc33  docker run image=crawlergpt:latest platform= entrypoint=[\"tail\" \"-f\" \"/dev/null\"] cmd=[]\n[bb7231c6-fc69-44f2-814b-e1172c6d3f88/ut-test   ]   \ud83d\udc33  docker run image=crawlergpt:latest platform= entrypoint=[\"tail\" \"-f\" \"/dev/null\"] cmd=[]\n[bb7231c6-fc69-44f2-814b-e1172c6d3f88/ut-test   ]   \ud83d\udc33  docker exec cmd=[chown -R 1012:1013 /tmp/558156d8-17ed-11ee-8a50-bb14de238602/lvyufeng-Cybertron] user=0 workdir=\n[bb7231c6-fc69-44f2-814b-e1172c6d3f88/kaggle-gpu]   \ud83d\udc33  docker exec cmd=[chown -R 1012:1013 /tmp/558156d8-17ed-11ee-8a50-bb14de238602/lvyufeng-Cybertron] user=0 workdir=\n[bb7231c6-fc69-44f2-814b-e1172c6d3f88/ut-test   ]   \u2601  git clone 'https://github.com/actions/setup-python' # ref=v3\n[bb7231c6-fc69-44f2-814b-e1172c6d3f88/ut-test   ] \ud83e\uddea  Matrix: map[os:ubuntu-latest python:3.7]\n[bb7231c6-fc69-44f2-814b-e1172c6d3f88/ut-test   ] \u2b50 Run Main actions/checkout@v3\n[bb7231c6-fc69-44f2-814b-e1172c6d3f88/ut-test   ]   \u2705  Success - Main actions/checkout@v3\n[bb7231c6-fc69-44f2-814b-e1172c6d3f88/ut-test   ] \u2b50 Run Main Set up Python\n[bb7231c6-fc69-44f2-814b-e1172c6d3f88/ut-test   ]   \ud83d\udc33  docker cp src=/tmp/act-cache/92efa979-d163-4b15-a862-12a52707340a/act/actions-setup-python@v3/ dst=/var/run/act/actions/actions-setup-python@v3/\n[bb7231c6-fc69-44f2-814b-e1172c6d3f88/ut-test   ]   \ud83d\udc33  docker exec cmd=[chown -R 1012:1013 /var/run/act/actions/actions-setup-python@v3/] user=0 workdir=\n[bb7231c6-fc69-44f2-814b-e1172c6d3f88/kaggle-gpu]   \u2601  git clone 'https://github.com/actions/setup-python' # ref=v3\n[bb7231c6-fc69-44f2-814b-e1172c6d3f88/kaggle-gpu]   \u2601  git clone 'https://github.com/lvyufeng/action-kaggle-gpu-test' # ref=latest\n[bb7231c6-fc69-44f2-814b-e1172c6d3f88/ut-test   ]   \ud83d\udc33  docker exec cmd=[node /var/run/act/actions/actions-setup-python@v3/dist/setup/index.js] user= workdir=\n[bb7231c6-fc69-44f2-814b-e1172c6d3f88/kaggle-gpu] \u2b50 Run Pre lvyufeng/action-kaggle-gpu-test@latest\n[bb7231c6-fc69-44f2-814b-e1172c6d3f88/kaggle-gpu]   \u2705  Success - Pre lvyufeng/action-kaggle-gpu-test@latest\n[bb7231c6-fc69-44f2-814b-e1172c6d3f88/ut-test   ]   \ud83d\udcac  ::debug::Semantic version spec of 3.7 is 3.7\n[bb7231c6-fc69-44f2-814b-e1172c6d3f88/ut-test   ]   \ud83d\udcac  ::debug::isExplicit: \n[bb7231c6-fc69-44f2-814b-e1172c6d3f88/ut-test   ]   \ud83d\udcac  ::debug::explicit? false\n[bb7231c6-fc69-44f2-814b-e1172c6d3f88/ut-test   ]   \ud83d\udcac  ::debug::isExplicit: 2.7.18\n[bb7231c6-fc69-44f2-814b-e1172c6d3f88/ut-test   ]   \ud83d\udcac  ::debug::explicit? true\n[bb7231c6-fc69-44f2-814b-e1172c6d3f88/ut-test   ]   \ud83d\udcac  ::debug::isExplicit: 3.5.10\n[bb7231c6-fc69-44f2-814b-e1172c6d3f88/ut-test   ]   \ud83d\udcac  ::debug::explicit? true\n[bb7231c6-fc69-44f2-814b-e1172c6d3f88/ut-test   ]   \ud83d\udcac  ::debug::isExplicit: 3.6.14\n[bb7231c6-fc69-44f2-814b-e1172c6d3f88/ut-test   ]   \ud83d\udcac  ::debug::explicit? true\n[bb7231c6-fc69-44f2-814b-e1172c6d3f88/ut-test   ]   \ud83d\udcac  ::debug::isExplicit: 3.7.11\n[bb7231c6-fc69-44f2-814b-e1172c6d3f88/ut-test   ]   \ud83d\udcac  ::debug::explicit? true\n[bb7231c6-fc69-44f2-814b-e1172c6d3f88/ut-test   ]   \ud83d\udcac  ::debug::isExplicit: 3.8.11\n[bb7231c6-fc69-44f2-814b-e1172c6d3f88/ut-test   ]   \ud83d\udcac  ::debug::explicit? true\n[bb7231c6-fc69-44f2-814b-e1172c6d3f88/ut-test   ]   \ud83d\udcac  ::debug::isExplicit: 3.9.6\n[bb7231c6-fc69-44f2-814b-e1172c6d3f88/ut-test   ]   \ud83d\udcac  ::debug::explicit? true\n[bb7231c6-fc69-44f2-814b-e1172c6d3f88/ut-test   ]   \ud83d\udcac  ::debug::evaluating 6 versions\n[bb7231c6-fc69-44f2-814b-e1172c6d3f88/ut-test   ]   \ud83d\udcac  ::debug::matched: 3.7.11\n[bb7231c6-fc69-44f2-814b-e1172c6d3f88/ut-test   ]   \ud83d\udcac  ::debug::checking cache: /opt/hostedtoolcache/Python/3.7.11/x64\n[bb7231c6-fc69-44f2-814b-e1172c6d3f88/ut-test   ]   \ud83d\udcac  ::debug::Found tool in cache Python 3.7.11 x64\n[bb7231c6-fc69-44f2-814b-e1172c6d3f88/ut-test   ]   | Successfully setup CPython (3.7.11)\n[bb7231c6-fc69-44f2-814b-e1172c6d3f88/ut-test   ]   \u2753 add-matcher /run/act/actions/actions-setup-python@v3/.github/python.json\n[bb7231c6-fc69-44f2-814b-e1172c6d3f88/ut-test   ]   \u2705  Success - Main Set up Python\n[bb7231c6-fc69-44f2-814b-e1172c6d3f88/ut-test   ]   \u2699  ::set-env:: pythonLocation=/opt/hostedtoolcache/Python/3.7.11/x64\n[bb7231c6-fc69-44f2-814b-e1172c6d3f88/ut-test   ]   \u2699  ::set-env:: LD_LIBRARY_PATH=/opt/hostedtoolcache/Python/3.7.11/x64/lib\n[bb7231c6-fc69-44f2-814b-e1172c6d3f88/ut-test   ]   \u2699  ::set-output:: python-version=3.7.11\n[bb7231c6-fc69-44f2-814b-e1172c6d3f88/ut-test   ]   \u2699  ::add-path:: /opt/hostedtoolcache/Python/3.7.11/x64\n[bb7231c6-fc69-44f2-814b-e1172c6d3f88/ut-test   ]   \u2699  ::add-path:: /opt/hostedtoolcache/Python/3.7.11/x64/bin\n[bb7231c6-fc69-44f2-814b-e1172c6d3f88/kaggle-gpu] \u2b50 Run Main actions/checkout@v3\n[bb7231c6-fc69-44f2-814b-e1172c6d3f88/ut-test   ] \u2b50 Run Main Install dependencies\n[bb7231c6-fc69-44f2-814b-e1172c6d3f88/kaggle-gpu]   \u2705  Success - Main actions/checkout@v3\n[bb7231c6-fc69-44f2-814b-e1172c6d3f88/ut-test   ]   \ud83d\udc33  docker exec cmd=[bash --noprofile --norc -e -o pipefail /var/run/act/workflow/2] user= workdir=\n[bb7231c6-fc69-44f2-814b-e1172c6d3f88/kaggle-gpu] \u2b50 Run Main Set up Python 3.7\n[bb7231c6-fc69-44f2-814b-e1172c6d3f88/kaggle-gpu]   \ud83d\udc33  docker cp src=/tmp/act-cache/92efa979-d163-4b15-a862-12a52707340a/act/actions-setup-python@v3/ dst=/var/run/act/actions/actions-setup-python@v3/\n[bb7231c6-fc69-44f2-814b-e1172c6d3f88/kaggle-gpu]   \ud83d\udc33  docker exec cmd=[chown -R 1012:1013 /var/run/act/actions/actions-setup-python@v3/] user=0 workdir=\n[bb7231c6-fc69-44f2-814b-e1172c6d3f88/kaggle-gpu]   \ud83d\udc33  docker exec cmd=[node /var/run/act/actions/actions-setup-python@v3/dist/setup/index.js] user= workdir=\n[bb7231c6-fc69-44f2-814b-e1172c6d3f88/kaggle-gpu]   \ud83d\udcac  ::debug::Semantic version spec of 3.7 is 3.7\n[bb7231c6-fc69-44f2-814b-e1172c6d3f88/kaggle-gpu]   \ud83d\udcac  ::debug::isExplicit: \n[bb7231c6-fc69-44f2-814b-e1172c6d3f88/kaggle-gpu]   \ud83d\udcac  ::debug::explicit? false\n[bb7231c6-fc69-44f2-814b-e1172c6d3f88/kaggle-gpu]   \ud83d\udcac  ::debug::isExplicit: 2.7.18\n[bb7231c6-fc69-44f2-814b-e1172c6d3f88/kaggle-gpu]   \ud83d\udcac  ::debug::explicit? true\n[bb7231c6-fc69-44f2-814b-e1172c6d3f88/kaggle-gpu]   \ud83d\udcac  ::debug::isExplicit: 3.5.10\n[bb7231c6-fc69-44f2-814b-e1172c6d3f88/kaggle-gpu]   \ud83d\udcac  ::debug::explicit? true\n[bb7231c6-fc69-44f2-814b-e1172c6d3f88/kaggle-gpu]   \ud83d\udcac  ::debug::isExplicit: 3.6.14\n[bb7231c6-fc69-44f2-814b-e1172c6d3f88/kaggle-gpu]   \ud83d\udcac  ::debug::explicit? true\n[bb7231c6-fc69-44f2-814b-e1172c6d3f88/kaggle-gpu]   \ud83d\udcac  ::debug::isExplicit: 3.7.11\n[bb7231c6-fc69-44f2-814b-e1172c6d3f88/kaggle-gpu]   \ud83d\udcac  ::debug::explicit? true\n[bb7231c6-fc69-44f2-814b-e1172c6d3f88/kaggle-gpu]   \ud83d\udcac  ::debug::isExplicit: 3.8.11\n[bb7231c6-fc69-44f2-814b-e1172c6d3f88/kaggle-gpu]   \ud83d\udcac  ::debug::explicit? true\n[bb7231c6-fc69-44f2-814b-e1172c6d3f88/kaggle-gpu]   \ud83d\udcac  ::debug::isExplicit: 3.9.6\n[bb7231c6-fc69-44f2-814b-e1172c6d3f88/kaggle-gpu]   \ud83d\udcac  ::debug::explicit? true\n[bb7231c6-fc69-44f2-814b-e1172c6d3f88/kaggle-gpu]   \ud83d\udcac  ::debug::evaluating 6 versions\n[bb7231c6-fc69-44f2-814b-e1172c6d3f88/kaggle-gpu]   \ud83d\udcac  ::debug::matched: 3.7.11\n[bb7231c6-fc69-44f2-814b-e1172c6d3f88/kaggle-gpu]   \ud83d\udcac  ::debug::checking cache: /opt/hostedtoolcache/Python/3.7.11/x64\n[bb7231c6-fc69-44f2-814b-e1172c6d3f88/kaggle-gpu]   \ud83d\udcac  ::debug::Found tool in cache Python 3.7.11 x64\n[bb7231c6-fc69-44f2-814b-e1172c6d3f88/kaggle-gpu]   | Successfully setup CPython (3.7.11)\n[bb7231c6-fc69-44f2-814b-e1172c6d3f88/kaggle-gpu]   \u2753 add-matcher /run/act/actions/actions-setup-python@v3/.github/python.json\n[bb7231c6-fc69-44f2-814b-e1172c6d3f88/kaggle-gpu]   \u2705  Success - Main Set up Python 3.7\n[bb7231c6-fc69-44f2-814b-e1172c6d3f88/kaggle-gpu]   \u2699  ::set-env:: LD_LIBRARY_PATH=/opt/hostedtoolcache/Python/3.7.11/x64/lib\n[bb7231c6-fc69-44f2-814b-e1172c6d3f88/kaggle-gpu]   \u2699  ::set-env:: pythonLocation=/opt/hostedtoolcache/Python/3.7.11/x64\n[bb7231c6-fc69-44f2-814b-e1172c6d3f88/ut-test   ]   | Requirement already satisfied: pip in /opt/hostedtoolcache/Python/3.7.11/x64/lib/python3.7/site-packages (21.2.4)\n[bb7231c6-fc69-44f2-814b-e1172c6d3f88/kaggle-gpu]   \u2699  ::set-output:: python-version=3.7.11\n[bb7231c6-fc69-44f2-814b-e1172c6d3f88/kaggle-gpu]   \u2699  ::add-path:: /opt/hostedtoolcache/Python/3.7.11/x64\n[bb7231c6-fc69-44f2-814b-e1172c6d3f88/kaggle-gpu]   \u2699  ::add-path:: /opt/hostedtoolcache/Python/3.7.11/x64/bin\n[bb7231c6-fc69-44f2-814b-e1172c6d3f88/kaggle-gpu] \u2b50 Run Main lvyufeng/action-kaggle-gpu-test@latest\n[bb7231c6-fc69-44f2-814b-e1172c6d3f88/ut-test   ]   | Collecting pip\n[bb7231c6-fc69-44f2-814b-e1172c6d3f88/ut-test   ]   |   Downloading pip-23.1.2-py3-none-any.whl (2.1 MB)\n[bb7231c6-fc69-44f2-814b-e1172c6d3f88/ut-test   ]   | Installing collected packages: pip\n[bb7231c6-fc69-44f2-814b-e1172c6d3f88/ut-test   ]   |   Attempting uninstall: pip\n[bb7231c6-fc69-44f2-814b-e1172c6d3f88/ut-test   ]   |     Found existing installation: pip 21.2.4\n[bb7231c6-fc69-44f2-814b-e1172c6d3f88/ut-test   ]   |     Uninstalling pip-21.2.4:\n[bb7231c6-fc69-44f2-814b-e1172c6d3f88/ut-test   ]   |       Successfully uninstalled pip-21.2.4\n[bb7231c6-fc69-44f2-814b-e1172c6d3f88/kaggle-gpu]   \ud83d\udc33  docker cp src=/tmp/act-cache/92efa979-d163-4b15-a862-12a52707340a/act/lvyufeng-action-kaggle-gpu-test@latest/ dst=/var/run/act/actions/lvyufeng-action-kaggle-gpu-test@latest/\n[bb7231c6-fc69-44f2-814b-e1172c6d3f88/kaggle-gpu]   \ud83d\udc33  docker exec cmd=[chown -R 1012:1013 /var/run/act/actions/lvyufeng-action-kaggle-gpu-test@latest/] user=0 workdir=\n[bb7231c6-fc69-44f2-814b-e1172c6d3f88/ut-test   ]   | Successfully installed pip-23.1.2\n[bb7231c6-fc69-44f2-814b-e1172c6d3f88/ut-test   ]   | Collecting pytest (from -r requirements/dev_requirements.txt (line 1))\n[bb7231c6-fc69-44f2-814b-e1172c6d3f88/ut-test   ]   |   Downloading pytest-7.4.0-py3-none-any.whl (323 kB)\n[bb7231c6-fc69-44f2-814b-e1172c6d3f88/ut-test   ]   |      \u2501\u2501\u2501\u2501\u2501\u2501\u2501\u2501\u2501\u2501\u2501\u2501\u2501\u2501\u2501\u2501\u2501\u2501\u2501\u2501\u2501\u2501\u2501\u2501\u2501\u2501\u2501\u2501\u2501\u2501\u2501\u2501\u2501\u2501\u2501\u2501\u2501\u2501\u2501 323.6/323.6 kB 4.3 MB/s eta 0:00:00\n[bb7231c6-fc69-44f2-814b-e1172c6d3f88/ut-test   ]   | Collecting pylint (from -r requirements/dev_requirements.txt (line 2))\n[bb7231c6-fc69-44f2-814b-e1172c6d3f88/ut-test   ]   |   Downloading pylint-2.17.4-py3-none-any.whl (536 kB)\n[bb7231c6-fc69-44f2-814b-e1172c6d3f88/ut-test   ]   |      \u2501\u2501\u2501\u2501\u2501\u2501\u2501\u2501\u2501\u2501\u2501\u2501\u2501\u2501\u2501\u2501\u2501\u2501\u2501\u2501\u2501\u2501\u2501\u2501\u2501\u2501\u2501\u2501\u2501\u2501\u2501\u2501\u2501\u2501\u2501\u2501\u2501\u2501 536.6/536.6 kB 18.0 MB/s eta 0:00:00\n[bb7231c6-fc69-44f2-814b-e1172c6d3f88/ut-test   ]   | Collecting mindspore-dev (from -r requirements/dev_requirements.txt (line 3))\n[bb7231c6-fc69-44f2-814b-e1172c6d3f88/ut-test   ]   |   Downloading mindspore_dev-2.1.0.dev20230604-cp37-cp37m-manylinux1_x86_64.whl (881.1 MB)\n[bb7231c6-fc69-44f2-814b-e1172c6d3f88/kaggle-gpu] \u2b50 Run Main install-kaggle-cli\n[bb7231c6-fc69-44f2-814b-e1172c6d3f88/kaggle-gpu]   \ud83d\udc33  docker exec cmd=[bash --noprofile --norc -e -o pipefail /var/run/act/workflow/2-composite-0.sh] user= workdir=\n[bb7231c6-fc69-44f2-814b-e1172c6d3f88/kaggle-gpu]   | Collecting kaggle\n[bb7231c6-fc69-44f2-814b-e1172c6d3f88/kaggle-gpu]   |   Downloading kaggle-1.5.15.tar.gz (77 kB)\n[bb7231c6-fc69-44f2-814b-e1172c6d3f88/kaggle-gpu]   | Collecting six>=1.10\n[bb7231c6-fc69-44f2-814b-e1172c6d3f88/kaggle-gpu]   |   Downloading six-1.16.0-py2.py3-none-any.whl (11 kB)\n[bb7231c6-fc69-44f2-814b-e1172c6d3f88/kaggle-gpu]   | Collecting certifi\n[bb7231c6-fc69-44f2-814b-e1172c6d3f88/kaggle-gpu]   |   Downloading certifi-2023.5.7-py3-none-any.whl (156 kB)\n[bb7231c6-fc69-44f2-814b-e1172c6d3f88/kaggle-gpu]   | Collecting python-dateutil\n[bb7231c6-fc69-44f2-814b-e1172c6d3f88/kaggle-gpu]   |   Downloading python_dateutil-2.8.2-py2.py3-none-any.whl (247 kB)\n[bb7231c6-fc69-44f2-814b-e1172c6d3f88/kaggle-gpu]   | Collecting requests\n[bb7231c6-fc69-44f2-814b-e1172c6d3f88/kaggle-gpu]   |   Downloading requests-2.31.0-py3-none-any.whl (62 kB)\n[bb7231c6-fc69-44f2-814b-e1172c6d3f88/kaggle-gpu]   | Collecting tqdm\n[bb7231c6-fc69-44f2-814b-e1172c6d3f88/kaggle-gpu]   |   Downloading tqdm-4.65.0-py3-none-any.whl (77 kB)\n[bb7231c6-fc69-44f2-814b-e1172c6d3f88/kaggle-gpu]   | Collecting python-slugify\n[bb7231c6-fc69-44f2-814b-e1172c6d3f88/kaggle-gpu]   |   Downloading python_slugify-8.0.1-py2.py3-none-any.whl (9.7 kB)\n[bb7231c6-fc69-44f2-814b-e1172c6d3f88/kaggle-gpu]   | Collecting urllib3\n[bb7231c6-fc69-44f2-814b-e1172c6d3f88/kaggle-gpu]   |   Downloading urllib3-2.0.3-py3-none-any.whl (123 kB)\n[bb7231c6-fc69-44f2-814b-e1172c6d3f88/kaggle-gpu]   | Collecting bleach\n[bb7231c6-fc69-44f2-814b-e1172c6d3f88/kaggle-gpu]   |   Downloading bleach-6.0.0-py3-none-any.whl (162 kB)\n[bb7231c6-fc69-44f2-814b-e1172c6d3f88/kaggle-gpu]   | Collecting webencodings\n[bb7231c6-fc69-44f2-814b-e1172c6d3f88/kaggle-gpu]   |   Downloading webencodings-0.5.1-py2.py3-none-any.whl (11 kB)\n[bb7231c6-fc69-44f2-814b-e1172c6d3f88/kaggle-gpu]   | Collecting text-unidecode>=1.3\n[bb7231c6-fc69-44f2-814b-e1172c6d3f88/kaggle-gpu]   |   Downloading text_unidecode-1.3-py2.py3-none-any.whl (78 kB)\n[bb7231c6-fc69-44f2-814b-e1172c6d3f88/kaggle-gpu]   | Collecting charset-normalizer<4,>=2\n[bb7231c6-fc69-44f2-814b-e1172c6d3f88/kaggle-gpu]   |   Downloading charset_normalizer-3.1.0-cp37-cp37m-manylinux_2_17_x86_64.manylinux2014_x86_64.whl (171 kB)\n[bb7231c6-fc69-44f2-814b-e1172c6d3f88/kaggle-gpu]   | Collecting idna<4,>=2.5\n[bb7231c6-fc69-44f2-814b-e1172c6d3f88/kaggle-gpu]   |   Downloading idna-3.4-py3-none-any.whl (61 kB)\n[bb7231c6-fc69-44f2-814b-e1172c6d3f88/kaggle-gpu]   | Using legacy 'setup.py install' for kaggle, since package 'wheel' is not installed.\n[bb7231c6-fc69-44f2-814b-e1172c6d3f88/kaggle-gpu]   | Installing collected packages: webencodings, urllib3, text-unidecode, six, idna, charset-normalizer, certifi, tqdm, requests, python-slugify, python-dateutil, bleach, kaggle\n[bb7231c6-fc69-44f2-814b-e1172c6d3f88/kaggle-gpu]   |   WARNING: The script normalizer is installed in '/home/runneradmin/.local/bin' which is not on PATH.\n[bb7231c6-fc69-44f2-814b-e1172c6d3f88/kaggle-gpu]   |   Consider adding this directory to PATH or, if you prefer to suppress this warning, use --no-warn-script-location.\n[bb7231c6-fc69-44f2-814b-e1172c6d3f88/kaggle-gpu]   |   WARNING: The script tqdm is installed in '/home/runneradmin/.local/bin' which is not on PATH.\n[bb7231c6-fc69-44f2-814b-e1172c6d3f88/kaggle-gpu]   |   Consider adding this directory to PATH or, if you prefer to suppress this warning, use --no-warn-script-location.\n[bb7231c6-fc69-44f2-814b-e1172c6d3f88/kaggle-gpu]   |   WARNING: The script slugify is installed in '/home/runneradmin/.local/bin' which is not on PATH.\n[bb7231c6-fc69-44f2-814b-e1172c6d3f88/kaggle-gpu]   |   Consider adding this directory to PATH or, if you prefer to suppress this warning, use --no-warn-script-location.\n[bb7231c6-fc69-44f2-814b-e1172c6d3f88/kaggle-gpu]   |     Running setup.py install for kaggle: started\n[bb7231c6-fc69-44f2-814b-e1172c6d3f88/kaggle-gpu]   |     Running setup.py install for kaggle: finished with status 'done'\n[bb7231c6-fc69-44f2-814b-e1172c6d3f88/kaggle-gpu]   | Successfully installed bleach-6.0.0 certifi-2023.5.7 charset-normalizer-3.1.0 idna-3.4 kaggle-1.5.15 python-dateutil-2.8.2 python-slugify-8.0.1 requests-2.31.0 six-1.16.0 text-unidecode-1.3 tqdm-4.65.0 urllib3-2.0.3 webencodings-0.5.1\n[bb7231c6-fc69-44f2-814b-e1172c6d3f88/kaggle-gpu]   | WARNING: You are using pip version 21.2.4; however, version 23.1.2 is available.\n[bb7231c6-fc69-44f2-814b-e1172c6d3f88/kaggle-gpu]   | You should consider upgrading via the '/opt/hostedtoolcache/Python/3.7.11/x64/bin/python -m pip install --upgrade pip' command.\n[bb7231c6-fc69-44f2-814b-e1172c6d3f88/kaggle-gpu]   | chmod: cannot access '/home/runner/.kaggle/kaggle.json': No such file or directory\n[bb7231c6-fc69-44f2-814b-e1172c6d3f88/kaggle-gpu]   \u274c  Failure - Main install-kaggle-cli\n[bb7231c6-fc69-44f2-814b-e1172c6d3f88/kaggle-gpu] exitcode '1': failure\n[bb7231c6-fc69-44f2-814b-e1172c6d3f88/kaggle-gpu]   \u2699  ::set-output:: upload_url=\n[bb7231c6-fc69-44f2-814b-e1172c6d3f88/kaggle-gpu]   \u2699  ::set-output:: automatic_releases_tag=\n[bb7231c6-fc69-44f2-814b-e1172c6d3f88/kaggle-gpu]   \u274c  Failure - Main lvyufeng/action-kaggle-gpu-test@latest\n[bb7231c6-fc69-44f2-814b-e1172c6d3f88/kaggle-gpu] exitcode '1': failure\n[bb7231c6-fc69-44f2-814b-e1172c6d3f88/kaggle-gpu] \u2b50 Run Post lvyufeng/action-kaggle-gpu-test@latest\n[bb7231c6-fc69-44f2-814b-e1172c6d3f88/kaggle-gpu]   \ud83d\udc33  docker cp src=/tmp/act-cache/92efa979-d163-4b15-a862-12a52707340a/act/lvyufeng-action-kaggle-gpu-test@latest/ dst=/var/run/act/actions/lvyufeng-action-kaggle-gpu-test@latest/\n[bb7231c6-fc69-44f2-814b-e1172c6d3f88/kaggle-gpu]   \ud83d\udc33  docker exec cmd=[chown -R 1012:1013 /var/run/act/actions/lvyufeng-action-kaggle-gpu-test@latest/] user=0 workdir=\n[bb7231c6-fc69-44f2-814b-e1172c6d3f88/kaggle-gpu]   \u2705  Success - Post lvyufeng/action-kaggle-gpu-test@latest\n[bb7231c6-fc69-44f2-814b-e1172c6d3f88/kaggle-gpu] \ud83c\udfc1  Job failed\n[bb7231c6-fc69-44f2-814b-e1172c6d3f88/ut-test   ]   |      \u2501\u2501\u2501\u2501\u2501\u2501\u2501\u2501\u2501\u2501\u2501\u2501\u2501\u2501\u2501\u2501\u2501\u2501\u2501\u2501\u2501\u2501\u2501\u2501\u2501\u2501\u2501\u2501\u2501\u2501\u2501\u2501\u2501\u2501\u2501\u2501\u2501\u2501\u2501 881.1/881.1 MB 1.4 MB/s eta 0:00:00\n[bb7231c6-fc69-44f2-814b-e1172c6d3f88/ut-test   ]   | Collecting torch (from -r requirements/dev_requirements.txt (line 4))\n[bb7231c6-fc69-44f2-814b-e1172c6d3f88/ut-test   ]   |   Downloading torch-1.13.1-cp37-cp37m-manylinux1_x86_64.whl (887.5 MB)\n[bb7231c6-fc69-44f2-814b-e1172c6d3f88/ut-test   ]   |      \u2501\u2501\u2501\u2501\u2501\u2501\u2501\u2501\u2501\u2501\u2501\u2501\u2501\u2501\u2501\u2501\u2501\u2501\u2501\u2501\u2501\u2501\u2501\u2501\u2501\u2501\u2501\u2501\u2501\u2501\u2501\u2501\u2501\u2501\u2501\u2501\u2501\u2501\u2501 887.5/887.5 MB 2.1 MB/s eta 0:00:00\n[bb7231c6-fc69-44f2-814b-e1172c6d3f88/ut-test   ]   | Collecting numpy (from -r requirements/dev_requirements.txt (line 5))\n[bb7231c6-fc69-44f2-814b-e1172c6d3f88/ut-test   ]   |   Downloading numpy-1.21.6-cp37-cp37m-manylinux_2_12_x86_64.manylinux2010_x86_64.whl (15.7 MB)\n[bb7231c6-fc69-44f2-814b-e1172c6d3f88/ut-test   ]   |      \u2501\u2501\u2501\u2501\u2501\u2501\u2501\u2501\u2501\u2501\u2501\u2501\u2501\u2501\u2501\u2501\u2501\u2501\u2501\u2501\u2501\u2501\u2501\u2501\u2501\u2501\u2501\u2501\u2501\u2501\u2501\u2501\u2501\u2501\u2501\u2501\u2501\u2501\u2501\u2501 15.7/15.7 MB 28.1 MB/s eta 0:00:00\n[bb7231c6-fc69-44f2-814b-e1172c6d3f88/ut-test   ]   | Collecting requests (from -r requirements/dev_requirements.txt (line 6))\n[bb7231c6-fc69-44f2-814b-e1172c6d3f88/ut-test   ]   |   Downloading requests-2.31.0-py3-none-any.whl (62 kB)\n[bb7231c6-fc69-44f2-814b-e1172c6d3f88/ut-test   ]   |      \u2501\u2501\u2501\u2501\u2501\u2501\u2501\u2501\u2501\u2501\u2501\u2501\u2501\u2501\u2501\u2501\u2501\u2501\u2501\u2501\u2501\u2501\u2501\u2501\u2501\u2501\u2501\u2501\u2501\u2501\u2501\u2501\u2501\u2501\u2501\u2501\u2501\u2501\u2501 62.6/62.6 kB 892.1 kB/s eta 0:00:00\n[bb7231c6-fc69-44f2-814b-e1172c6d3f88/ut-test   ]   | Collecting tqdm (from -r requirements/dev_requirements.txt (line 7))\n[bb7231c6-fc69-44f2-814b-e1172c6d3f88/ut-test   ]   |   Downloading tqdm-4.65.0-py3-none-any.whl (77 kB)\n[bb7231c6-fc69-44f2-814b-e1172c6d3f88/ut-test   ]   |      \u2501\u2501\u2501\u2501\u2501\u2501\u2501\u2501\u2501\u2501\u2501\u2501\u2501\u2501\u2501\u2501\u2501\u2501\u2501\u2501\u2501\u2501\u2501\u2501\u2501\u2501\u2501\u2501\u2501\u2501\u2501\u2501\u2501\u2501\u2501\u2501\u2501\u2501\u2501 77.1/77.1 kB 588.0 kB/s eta 0:00:00\n[bb7231c6-fc69-44f2-814b-e1172c6d3f88/ut-test   ]   | Collecting ddt (from -r requirements/dev_requirements.txt (line 8))\n[bb7231c6-fc69-44f2-814b-e1172c6d3f88/ut-test   ]   |   Downloading ddt-1.6.0-py2.py3-none-any.whl (7.1 kB)\n[bb7231c6-fc69-44f2-814b-e1172c6d3f88/ut-test   ]   | Collecting transformers==3.0.0 (from -r requirements/dev_requirements.txt (line 9))\n[bb7231c6-fc69-44f2-814b-e1172c6d3f88/ut-test   ]   |   Downloading transformers-3.0.0-py3-none-any.whl (754 kB)\n[bb7231c6-fc69-44f2-814b-e1172c6d3f88/ut-test   ]   |      \u2501\u2501\u2501\u2501\u2501\u2501\u2501\u2501\u2501\u2501\u2501\u2501\u2501\u2501\u2501\u2501\u2501\u2501\u2501\u2501\u2501\u2501\u2501\u2501\u2501\u2501\u2501\u2501\u2501\u2501\u2501\u2501\u2501\u2501\u2501\u2501\u2501\u2501\u2501 754.6/754.6 kB 8.2 MB/s eta 0:00:00\n[bb7231c6-fc69-44f2-814b-e1172c6d3f88/ut-test   ]   | Collecting tokenizers==0.8.0-rc4 (from transformers==3.0.0->-r requirements/dev_requirements.txt (line 9))\n[bb7231c6-fc69-44f2-814b-e1172c6d3f88/ut-test   ]   |   Downloading tokenizers-0.8.0rc4-cp37-cp37m-manylinux1_x86_64.whl (3.0 MB)\n[bb7231c6-fc69-44f2-814b-e1172c6d3f88/ut-test   ]   |      \u2501\u2501\u2501\u2501\u2501\u2501\u2501\u2501\u2501\u2501\u2501\u2501\u2501\u2501\u2501\u2501\u2501\u2501\u2501\u2501\u2501\u2501\u2501\u2501\u2501\u2501\u2501\u2501\u2501\u2501\u2501\u2501\u2501\u2501\u2501\u2501\u2501\u2501\u2501\u2501 3.0/3.0 MB 15.6 MB/s eta 0:00:00\n[bb7231c6-fc69-44f2-814b-e1172c6d3f88/ut-test   ]   | Collecting packaging (from transformers==3.0.0->-r requirements/dev_requirements.txt (line 9))\n[bb7231c6-fc69-44f2-814b-e1172c6d3f88/ut-test   ]   |   Downloading packaging-23.1-py3-none-any.whl (48 kB)\n[bb7231c6-fc69-44f2-814b-e1172c6d3f88/ut-test   ]   |      \u2501\u2501\u2501\u2501\u2501\u2501\u2501\u2501\u2501\u2501\u2501\u2501\u2501\u2501\u2501\u2501\u2501\u2501\u2501\u2501\u2501\u2501\u2501\u2501\u2501\u2501\u2501\u2501\u2501\u2501\u2501\u2501\u2501\u2501\u2501\u2501\u2501\u2501\u2501 48.9/48.9 kB 959.1 kB/s eta 0:00:00\n[bb7231c6-fc69-44f2-814b-e1172c6d3f88/ut-test   ]   | Collecting filelock (from transformers==3.0.0->-r requirements/dev_requirements.txt (line 9))\n[bb7231c6-fc69-44f2-814b-e1172c6d3f88/ut-test   ]   |   Downloading filelock-3.12.2-py3-none-any.whl (10 kB)\n[bb7231c6-fc69-44f2-814b-e1172c6d3f88/ut-test   ]   | Collecting regex!=2019.12.17 (from transformers==3.0.0->-r requirements/dev_requirements.txt (line 9))\n[bb7231c6-fc69-44f2-814b-e1172c6d3f88/ut-test   ]   |   Downloading regex-2023.6.3-cp37-cp37m-manylinux_2_17_x86_64.manylinux2014_x86_64.whl (755 kB)\n[bb7231c6-fc69-44f2-814b-e1172c6d3f88/ut-test   ]   |      \u2501\u2501\u2501\u2501\u2501\u2501\u2501\u2501\u2501\u2501\u2501\u2501\u2501\u2501\u2501\u2501\u2501\u2501\u2501\u2501\u2501\u2501\u2501\u2501\u2501\u2501\u2501\u2501\u2501\u2501\u2501\u2501\u2501\u2501\u2501\u2501\u2501\u2501 755.7/755.7 kB 25.8 MB/s eta 0:00:00\n[bb7231c6-fc69-44f2-814b-e1172c6d3f88/ut-test   ]   | Collecting sentencepiece (from transformers==3.0.0->-r requirements/dev_requirements.txt (line 9))\n[bb7231c6-fc69-44f2-814b-e1172c6d3f88/ut-test   ]   |   Downloading sentencepiece-0.1.99-cp37-cp37m-manylinux_2_17_x86_64.manylinux2014_x86_64.whl (1.3 MB)\n[bb7231c6-fc69-44f2-814b-e1172c6d3f88/ut-test   ]   |      \u2501\u2501\u2501\u2501\u2501\u2501\u2501\u2501\u2501\u2501\u2501\u2501\u2501\u2501\u2501\u2501\u2501\u2501\u2501\u2501\u2501\u2501\u2501\u2501\u2501\u2501\u2501\u2501\u2501\u2501\u2501\u2501\u2501\u2501\u2501\u2501\u2501\u2501\u2501\u2501 1.3/1.3 MB 18.6 MB/s eta 0:00:00\n[bb7231c6-fc69-44f2-814b-e1172c6d3f88/ut-test   ]   | Collecting sacremoses (from transformers==3.0.0->-r requirements/dev_requirements.txt (line 9))\n[bb7231c6-fc69-44f2-814b-e1172c6d3f88/ut-test   ]   |   Downloading sacremoses-0.0.53.tar.gz (880 kB)\n[bb7231c6-fc69-44f2-814b-e1172c6d3f88/ut-test   ]   |      \u2501\u2501\u2501\u2501\u2501\u2501\u2501\u2501\u2501\u2501\u2501\u2501\u2501\u2501\u2501\u2501\u2501\u2501\u2501\u2501\u2501\u2501\u2501\u2501\u2501\u2501\u2501\u2501\u2501\u2501\u2501\u2501\u2501\u2501\u2501\u2501\u2501\u2501\u2501 880.6/880.6 kB 9.3 MB/s eta 0:00:00\n[bb7231c6-fc69-44f2-814b-e1172c6d3f88/ut-test   ]   |   Installing build dependencies: started\n[bb7231c6-fc69-44f2-814b-e1172c6d3f88/ut-test   ]   |   Installing build dependencies: finished with status 'done'\n[bb7231c6-fc69-44f2-814b-e1172c6d3f88/ut-test   ]   |   Getting requirements to build wheel: started\n[bb7231c6-fc69-44f2-814b-e1172c6d3f88/ut-test   ]   |   Getting requirements to build wheel: finished with status 'done'\n[bb7231c6-fc69-44f2-814b-e1172c6d3f88/ut-test   ]   |   Preparing metadata (pyproject.toml): started\n[bb7231c6-fc69-44f2-814b-e1172c6d3f88/ut-test   ]   |   Preparing metadata (pyproject.toml): finished with status 'done'\n[bb7231c6-fc69-44f2-814b-e1172c6d3f88/ut-test   ]   | Collecting iniconfig (from pytest->-r requirements/dev_requirements.txt (line 1))\n[bb7231c6-fc69-44f2-814b-e1172c6d3f88/ut-test   ]   |   Downloading iniconfig-2.0.0-py3-none-any.whl (5.9 kB)\n[bb7231c6-fc69-44f2-814b-e1172c6d3f88/ut-test   ]   | Collecting pluggy<2.0,>=0.12 (from pytest->-r requirements/dev_requirements.txt (line 1))\n[bb7231c6-fc69-44f2-814b-e1172c6d3f88/ut-test   ]   |   Downloading pluggy-1.2.0-py3-none-any.whl (17 kB)\n[bb7231c6-fc69-44f2-814b-e1172c6d3f88/ut-test   ]   | Collecting exceptiongroup>=1.0.0rc8 (from pytest->-r requirements/dev_requirements.txt (line 1))\n[bb7231c6-fc69-44f2-814b-e1172c6d3f88/ut-test   ]   |   Downloading exceptiongroup-1.1.1-py3-none-any.whl (14 kB)\n[bb7231c6-fc69-44f2-814b-e1172c6d3f88/ut-test   ]   | Collecting tomli>=1.0.0 (from pytest->-r requirements/dev_requirements.txt (line 1))\n[bb7231c6-fc69-44f2-814b-e1172c6d3f88/ut-test   ]   |   Downloading tomli-2.0.1-py3-none-any.whl (12 kB)\n[bb7231c6-fc69-44f2-814b-e1172c6d3f88/ut-test   ]   | Collecting importlib-metadata>=0.12 (from pytest->-r requirements/dev_requirements.txt (line 1))\n[bb7231c6-fc69-44f2-814b-e1172c6d3f88/ut-test   ]   |   Downloading importlib_metadata-6.7.0-py3-none-any.whl (22 kB)\n[bb7231c6-fc69-44f2-814b-e1172c6d3f88/ut-test   ]   | Collecting platformdirs>=2.2.0 (from pylint->-r requirements/dev_requirements.txt (line 2))\n[bb7231c6-fc69-44f2-814b-e1172c6d3f88/ut-test   ]   |   Downloading platformdirs-3.8.0-py3-none-any.whl (16 kB)\n[bb7231c6-fc69-44f2-814b-e1172c6d3f88/ut-test   ]   | Collecting astroid<=2.17.0-dev0,>=2.15.4 (from pylint->-r requirements/dev_requirements.txt (line 2))\n[bb7231c6-fc69-44f2-814b-e1172c6d3f88/ut-test   ]   |   Downloading astroid-2.15.5-py3-none-any.whl (278 kB)\n[bb7231c6-fc69-44f2-814b-e1172c6d3f88/ut-test   ]   |      \u2501\u2501\u2501\u2501\u2501\u2501\u2501\u2501\u2501\u2501\u2501\u2501\u2501\u2501\u2501\u2501\u2501\u2501\u2501\u2501\u2501\u2501\u2501\u2501\u2501\u2501\u2501\u2501\u2501\u2501\u2501\u2501\u2501\u2501\u2501\u2501\u2501\u2501 278.1/278.1 kB 32.2 MB/s eta 0:00:00\n[bb7231c6-fc69-44f2-814b-e1172c6d3f88/ut-test   ]   | Collecting isort<6,>=4.2.5 (from pylint->-r requirements/dev_requirements.txt (line 2))\n[bb7231c6-fc69-44f2-814b-e1172c6d3f88/ut-test   ]   |   Downloading isort-5.11.5-py3-none-any.whl (104 kB)\n[bb7231c6-fc69-44f2-814b-e1172c6d3f88/ut-test   ]   |      \u2501\u2501\u2501\u2501\u2501\u2501\u2501\u2501\u2501\u2501\u2501\u2501\u2501\u2501\u2501\u2501\u2501\u2501\u2501\u2501\u2501\u2501\u2501\u2501\u2501\u2501\u2501\u2501\u2501\u2501\u2501\u2501\u2501\u2501\u2501\u2501\u2501\u2501\u2501 104.1/104.1 kB 1.8 MB/s eta 0:00:00\n[bb7231c6-fc69-44f2-814b-e1172c6d3f88/ut-test   ]   | Collecting mccabe<0.8,>=0.6 (from pylint->-r requirements/dev_requirements.txt (line 2))\n[bb7231c6-fc69-44f2-814b-e1172c6d3f88/ut-test   ]   |   Downloading mccabe-0.7.0-py2.py3-none-any.whl (7.3 kB)\n[bb7231c6-fc69-44f2-814b-e1172c6d3f88/ut-test   ]   | Collecting tomlkit>=0.10.1 (from pylint->-r requirements/dev_requirements.txt (line 2))\n[bb7231c6-fc69-44f2-814b-e1172c6d3f88/ut-test   ]   |   Downloading tomlkit-0.11.8-py3-none-any.whl (35 kB)\n[bb7231c6-fc69-44f2-814b-e1172c6d3f88/ut-test   ]   | Collecting typing-extensions>=3.10.0 (from pylint->-r requirements/dev_requirements.txt (line 2))\n[bb7231c6-fc69-44f2-814b-e1172c6d3f88/ut-test   ]   |   Downloading typing_extensions-4.7.0-py3-none-any.whl (33 kB)\n[bb7231c6-fc69-44f2-814b-e1172c6d3f88/ut-test   ]   | Collecting dill>=0.2 (from pylint->-r requirements/dev_requirements.txt (line 2))\n[bb7231c6-fc69-44f2-814b-e1172c6d3f88/ut-test   ]   |   Downloading dill-0.3.6-py3-none-any.whl (110 kB)\n[bb7231c6-fc69-44f2-814b-e1172c6d3f88/ut-test   ]   |      \u2501\u2501\u2501\u2501\u2501\u2501\u2501\u2501\u2501\u2501\u2501\u2501\u2501\u2501\u2501\u2501\u2501\u2501\u2501\u2501\u2501\u2501\u2501\u2501\u2501\u2501\u2501\u2501\u2501\u2501\u2501\u2501\u2501\u2501\u2501\u2501\u2501\u2501\u2501 110.5/110.5 kB 9.7 MB/s eta 0:00:00\n[bb7231c6-fc69-44f2-814b-e1172c6d3f88/ut-test   ]   | Collecting protobuf>=3.13.0 (from mindspore-dev->-r requirements/dev_requirements.txt (line 3))\n[bb7231c6-fc69-44f2-814b-e1172c6d3f88/ut-test   ]   |   Downloading protobuf-4.23.3-cp37-abi3-manylinux2014_x86_64.whl (304 kB)\n[bb7231c6-fc69-44f2-814b-e1172c6d3f88/ut-test   ]   |      \u2501\u2501\u2501\u2501\u2501\u2501\u2501\u2501\u2501\u2501\u2501\u2501\u2501\u2501\u2501\u2501\u2501\u2501\u2501\u2501\u2501\u2501\u2501\u2501\u2501\u2501\u2501\u2501\u2501\u2501\u2501\u2501\u2501\u2501\u2501\u2501\u2501\u2501\u2501 304.5/304.5 kB 9.5 MB/s eta 0:00:00\n[bb7231c6-fc69-44f2-814b-e1172c6d3f88/ut-test   ]   | Collecting asttokens>=2.0.4 (from mindspore-dev->-r requirements/dev_requirements.txt (line 3))\n[bb7231c6-fc69-44f2-814b-e1172c6d3f88/ut-test   ]   |   Downloading asttokens-2.2.1-py2.py3-none-any.whl (26 kB)\n[bb7231c6-fc69-44f2-814b-e1172c6d3f88/ut-test   ]   | Collecting pillow>=6.2.0 (from mindspore-dev->-r requirements/dev_requirements.txt (line 3))\n[bb7231c6-fc69-44f2-814b-e1172c6d3f88/ut-test   ]   |   Downloading Pillow-9.5.0-cp37-cp37m-manylinux_2_28_x86_64.whl (3.4 MB)\n[bb7231c6-fc69-44f2-814b-e1172c6d3f88/ut-test   ]   |      \u2501\u2501\u2501\u2501\u2501\u2501\u2501\u2501\u2501\u2501\u2501\u2501\u2501\u2501\u2501\u2501\u2501\u2501\u2501\u2501\u2501\u2501\u2501\u2501\u2501\u2501\u2501\u2501\u2501\u2501\u2501\u2501\u2501\u2501\u2501\u2501\u2501\u2501\u2501\u2501 3.4/3.4 MB 29.7 MB/s eta 0:00:00\n[bb7231c6-fc69-44f2-814b-e1172c6d3f88/ut-test   ]   | Collecting scipy>=1.5.4 (from mindspore-dev->-r requirements/dev_requirements.txt (line 3))\n[bb7231c6-fc69-44f2-814b-e1172c6d3f88/ut-test   ]   |   Downloading scipy-1.7.3-cp37-cp37m-manylinux_2_12_x86_64.manylinux2010_x86_64.whl (38.1 MB)\n[bb7231c6-fc69-44f2-814b-e1172c6d3f88/ut-test   ]   |      \u2501\u2501\u2501\u2501\u2501\u2501\u2501\u2501\u2501\u2501\u2501\u2501\u2501\u2501\u2501\u2501\u2501\u2501\u2501\u2501\u2501\u2501\u2501\u2501\u2501\u2501\u2501\u2501\u2501\u2501\u2501\u2501\u2501\u2501\u2501\u2501\u2501\u2501\u2501\u2501 38.1/38.1 MB 12.9 MB/s eta 0:00:00\n[bb7231c6-fc69-44f2-814b-e1172c6d3f88/ut-test   ]   | Collecting psutil>=5.6.1 (from mindspore-dev->-r requirements/dev_requirements.txt (line 3))\n[bb7231c6-fc69-44f2-814b-e1172c6d3f88/ut-test   ]   |   Downloading psutil-5.9.5-cp36-abi3-manylinux_2_12_x86_64.manylinux2010_x86_64.manylinux_2_17_x86_64.manylinux2014_x86_64.whl (282 kB)\n[bb7231c6-fc69-44f2-814b-e1172c6d3f88/ut-test   ]   |      \u2501\u2501\u2501\u2501\u2501\u2501\u2501\u2501\u2501\u2501\u2501\u2501\u2501\u2501\u2501\u2501\u2501\u2501\u2501\u2501\u2501\u2501\u2501\u2501\u2501\u2501\u2501\u2501\u2501\u2501\u2501\u2501\u2501\u2501\u2501\u2501\u2501\u2501\u2501 282.1/282.1 kB 7.5 MB/s eta 0:00:00\n[bb7231c6-fc69-44f2-814b-e1172c6d3f88/ut-test   ]   | Collecting astunparse>=1.6.3 (from mindspore-dev->-r requirements/dev_requirements.txt (line 3))\n[bb7231c6-fc69-44f2-814b-e1172c6d3f88/ut-test   ]   |   Downloading astunparse-1.6.3-py2.py3-none-any.whl (12 kB)\n[bb7231c6-fc69-44f2-814b-e1172c6d3f88/ut-test   ]   | Collecting nvidia-cuda-runtime-cu11==11.7.99 (from torch->-r requirements/dev_requirements.txt (line 4))\n[bb7231c6-fc69-44f2-814b-e1172c6d3f88/ut-test   ]   |   Downloading nvidia_cuda_runtime_cu11-11.7.99-py3-none-manylinux1_x86_64.whl (849 kB)\n[bb7231c6-fc69-44f2-814b-e1172c6d3f88/ut-test   ]   |      \u2501\u2501\u2501\u2501\u2501\u2501\u2501\u2501\u2501\u2501\u2501\u2501\u2501\u2501\u2501\u2501\u2501\u2501\u2501\u2501\u2501\u2501\u2501\u2501\u2501\u2501\u2501\u2501\u2501\u2501\u2501\u2501\u2501\u2501\u2501\u2501\u2501\u2501\u2501 849.3/849.3 kB 6.8 MB/s eta 0:00:00\n[bb7231c6-fc69-44f2-814b-e1172c6d3f88/ut-test   ]   | Collecting nvidia-cudnn-cu11==8.5.0.96 (from torch->-r requirements/dev_requirements.txt (line 4))\n[bb7231c6-fc69-44f2-814b-e1172c6d3f88/ut-test   ]   |   Downloading nvidia_cudnn_cu11-8.5.0.96-2-py3-none-manylinux1_x86_64.whl (557.1 MB)\n[bb7231c6-fc69-44f2-814b-e1172c6d3f88/ut-test   ]   |      \u2501\u2501\u2501\u2501\u2501\u2501\u2501\u2501\u2501\u2501\u2501\u2501\u2501\u2501\u2501\u2501\u2501\u2501\u2501\u2501\u2501\u2501\u2501\u2501\u2501\u2501\u2501\u2501\u2501\u2501\u2501\u2501\u2501\u2501\u2501\u2501\u2501\u2501\u2501 557.1/557.1 MB 2.6 MB/s eta 0:00:00\n[bb7231c6-fc69-44f2-814b-e1172c6d3f88/ut-test   ]   | Collecting nvidia-cublas-cu11==11.10.3.66 (from torch->-r requirements/dev_requirements.txt (line 4))\n[bb7231c6-fc69-44f2-814b-e1172c6d3f88/ut-test   ]   |   Downloading nvidia_cublas_cu11-11.10.3.66-py3-none-manylinux1_x86_64.whl (317.1 MB)\n[bb7231c6-fc69-44f2-814b-e1172c6d3f88/ut-test   ]   |      \u2501\u2501\u2501\u2501\u2501\u2501\u2501\u2501\u2501\u2501\u2501\u2501\u2501\u2501\u2501\u2501\u2501\u2501\u2501\u2501\u2501\u2501\u2501\u2501\u2501\u2501\u2501\u2501\u2501\u2501\u2501\u2501\u2501\u2501\u2501\u2501\u2501\u2501\u2501 317.1/317.1 MB 4.5 MB/s eta 0:00:00\n[bb7231c6-fc69-44f2-814b-e1172c6d3f88/ut-test   ]   | Collecting nvidia-cuda-nvrtc-cu11==11.7.99 (from torch->-r requirements/dev_requirements.txt (line 4))\n[bb7231c6-fc69-44f2-814b-e1172c6d3f88/ut-test   ]   |   Downloading nvidia_cuda_nvrtc_cu11-11.7.99-2-py3-none-manylinux1_x86_64.whl (21.0 MB)\n[bb7231c6-fc69-44f2-814b-e1172c6d3f88/ut-test   ]   |      \u2501\u2501\u2501\u2501\u2501\u2501\u2501\u2501\u2501\u2501\u2501\u2501\u2501\u2501\u2501\u2501\u2501\u2501\u2501\u2501\u2501\u2501\u2501\u2501\u2501\u2501\u2501\u2501\u2501\u2501\u2501\u2501\u2501\u2501\u2501\u2501\u2501\u2501\u2501\u2501 21.0/21.0 MB 18.4 MB/s eta 0:00:00\n[bb7231c6-fc69-44f2-814b-e1172c6d3f88/ut-test   ]   | Requirement already satisfied: setuptools in /opt/hostedtoolcache/Python/3.7.11/x64/lib/python3.7/site-packages (from nvidia-cublas-cu11==11.10.3.66->torch->-r requirements/dev_requirements.txt (line 4)) (47.1.0)\n[bb7231c6-fc69-44f2-814b-e1172c6d3f88/ut-test   ]   | Collecting wheel (from nvidia-cublas-cu11==11.10.3.66->torch->-r requirements/dev_requirements.txt (line 4))\n[bb7231c6-fc69-44f2-814b-e1172c6d3f88/ut-test   ]   |   Using cached wheel-0.40.0-py3-none-any.whl (64 kB)\n[bb7231c6-fc69-44f2-814b-e1172c6d3f88/ut-test   ]   | Collecting charset-normalizer<4,>=2 (from requests->-r requirements/dev_requirements.txt (line 6))\n[bb7231c6-fc69-44f2-814b-e1172c6d3f88/ut-test   ]   |   Downloading charset_normalizer-3.1.0-cp37-cp37m-manylinux_2_17_x86_64.manylinux2014_x86_64.whl (171 kB)\n[bb7231c6-fc69-44f2-814b-e1172c6d3f88/ut-test   ]   |      \u2501\u2501\u2501\u2501\u2501\u2501\u2501\u2501\u2501\u2501\u2501\u2501\u2501\u2501\u2501\u2501\u2501\u2501\u2501\u2501\u2501\u2501\u2501\u2501\u2501\u2501\u2501\u2501\u2501\u2501\u2501\u2501\u2501\u2501\u2501\u2501\u2501\u2501\u2501 171.0/171.0 kB 4.0 MB/s eta 0:00:00\n[bb7231c6-fc69-44f2-814b-e1172c6d3f88/ut-test   ]   | Collecting idna<4,>=2.5 (from requests->-r requirements/dev_requirements.txt (line 6))\n[bb7231c6-fc69-44f2-814b-e1172c6d3f88/ut-test   ]   |   Downloading idna-3.4-py3-none-any.whl (61 kB)\n[bb7231c6-fc69-44f2-814b-e1172c6d3f88/ut-test   ]   |      \u2501\u2501\u2501\u2501\u2501\u2501\u2501\u2501\u2501\u2501\u2501\u2501\u2501\u2501\u2501\u2501\u2501\u2501\u2501\u2501\u2501\u2501\u2501\u2501\u2501\u2501\u2501\u2501\u2501\u2501\u2501\u2501\u2501\u2501\u2501\u2501\u2501\u2501\u2501\u2501 61.5/61.5 kB 6.2 MB/s eta 0:00:00\n[bb7231c6-fc69-44f2-814b-e1172c6d3f88/ut-test   ]   | Collecting urllib3<3,>=1.21.1 (from requests->-r requirements/dev_requirements.txt (line 6))\n[bb7231c6-fc69-44f2-814b-e1172c6d3f88/ut-test   ]   |   Downloading urllib3-2.0.3-py3-none-any.whl (123 kB)\n[bb7231c6-fc69-44f2-814b-e1172c6d3f88/ut-test   ]   |      \u2501\u2501\u2501\u2501\u2501\u2501\u2501\u2501\u2501\u2501\u2501\u2501\u2501\u2501\u2501\u2501\u2501\u2501\u2501\u2501\u2501\u2501\u2501\u2501\u2501\u2501\u2501\u2501\u2501\u2501\u2501\u2501\u2501\u2501\u2501\u2501\u2501\u2501\u2501 123.6/123.6 kB 9.8 MB/s eta 0:00:00\n[bb7231c6-fc69-44f2-814b-e1172c6d3f88/ut-test   ]   | Collecting certifi>=2017.4.17 (from requests->-r requirements/dev_requirements.txt (line 6))\n[bb7231c6-fc69-44f2-814b-e1172c6d3f88/ut-test   ]   |   Downloading certifi-2023.5.7-py3-none-any.whl (156 kB)\n[bb7231c6-fc69-44f2-814b-e1172c6d3f88/ut-test   ]   |      \u2501\u2501\u2501\u2501\u2501\u2501\u2501\u2501\u2501\u2501\u2501\u2501\u2501\u2501\u2501\u2501\u2501\u2501\u2501\u2501\u2501\u2501\u2501\u2501\u2501\u2501\u2501\u2501\u2501\u2501\u2501\u2501\u2501\u2501\u2501\u2501\u2501\u2501 157.0/157.0 kB 11.0 MB/s eta 0:00:00\n[bb7231c6-fc69-44f2-814b-e1172c6d3f88/ut-test   ]   | Collecting lazy-object-proxy>=1.4.0 (from astroid<=2.17.0-dev0,>=2.15.4->pylint->-r requirements/dev_requirements.txt (line 2))\n[bb7231c6-fc69-44f2-814b-e1172c6d3f88/ut-test   ]   |   Downloading lazy_object_proxy-1.9.0-cp37-cp37m-manylinux_2_5_x86_64.manylinux1_x86_64.manylinux_2_17_x86_64.manylinux2014_x86_64.whl (58 kB)\n[bb7231c6-fc69-44f2-814b-e1172c6d3f88/ut-test   ]   |      \u2501\u2501\u2501\u2501\u2501\u2501\u2501\u2501\u2501\u2501\u2501\u2501\u2501\u2501\u2501\u2501\u2501\u2501\u2501\u2501\u2501\u2501\u2501\u2501\u2501\u2501\u2501\u2501\u2501\u2501\u2501\u2501\u2501\u2501\u2501\u2501\u2501\u2501\u2501\u2501 58.5/58.5 kB 1.4 MB/s eta 0:00:00\n[bb7231c6-fc69-44f2-814b-e1172c6d3f88/ut-test   ]   | Collecting typed-ast<2.0,>=1.4.0 (from astroid<=2.17.0-dev0,>=2.15.4->pylint->-r requirements/dev_requirements.txt (line 2))\n[bb7231c6-fc69-44f2-814b-e1172c6d3f88/ut-test   ]   |   Downloading typed_ast-1.5.4-cp37-cp37m-manylinux_2_5_x86_64.manylinux1_x86_64.manylinux_2_12_x86_64.manylinux2010_x86_64.whl (843 kB)\n[bb7231c6-fc69-44f2-814b-e1172c6d3f88/ut-test   ]   |      \u2501\u2501\u2501\u2501\u2501\u2501\u2501\u2501\u2501\u2501\u2501\u2501\u2501\u2501\u2501\u2501\u2501\u2501\u2501\u2501\u2501\u2501\u2501\u2501\u2501\u2501\u2501\u2501\u2501\u2501\u2501\u2501\u2501\u2501\u2501\u2501\u2501\u2501 843.7/843.7 kB 23.9 MB/s eta 0:00:00\n[bb7231c6-fc69-44f2-814b-e1172c6d3f88/ut-test   ]   | Collecting wrapt<2,>=1.11 (from astroid<=2.17.0-dev0,>=2.15.4->pylint->-r requirements/dev_requirements.txt (line 2))\n[bb7231c6-fc69-44f2-814b-e1172c6d3f88/ut-test   ]   |   Downloading wrapt-1.15.0-cp37-cp37m-manylinux_2_5_x86_64.manylinux1_x86_64.manylinux_2_17_x86_64.manylinux2014_x86_64.whl (75 kB)\n[bb7231c6-fc69-44f2-814b-e1172c6d3f88/ut-test   ]   |      \u2501\u2501\u2501\u2501\u2501\u2501\u2501\u2501\u2501\u2501\u2501\u2501\u2501\u2501\u2501\u2501\u2501\u2501\u2501\u2501\u2501\u2501\u2501\u2501\u2501\u2501\u2501\u2501\u2501\u2501\u2501\u2501\u2501\u2501\u2501\u2501\u2501\u2501\u2501\u2501 75.7/75.7 kB 5.7 MB/s eta 0:00:00\n[bb7231c6-fc69-44f2-814b-e1172c6d3f88/ut-test   ]   | Collecting six (from asttokens>=2.0.4->mindspore-dev->-r requirements/dev_requirements.txt (line 3))\n[bb7231c6-fc69-44f2-814b-e1172c6d3f88/ut-test   ]   |   Downloading six-1.16.0-py2.py3-none-any.whl (11 kB)\n[bb7231c6-fc69-44f2-814b-e1172c6d3f88/ut-test   ]   | Collecting zipp>=0.5 (from importlib-metadata>=0.12->pytest->-r requirements/dev_requirements.txt (line 1))\n[bb7231c6-fc69-44f2-814b-e1172c6d3f88/ut-test   ]   |   Downloading zipp-3.15.0-py3-none-any.whl (6.8 kB)\n[bb7231c6-fc69-44f2-814b-e1172c6d3f88/ut-test   ]   | Collecting click (from sacremoses->transformers==3.0.0->-r requirements/dev_requirements.txt (line 9))\n[bb7231c6-fc69-44f2-814b-e1172c6d3f88/ut-test   ]   |   Downloading click-8.1.3-py3-none-any.whl (96 kB)\n[bb7231c6-fc69-44f2-814b-e1172c6d3f88/ut-test   ]   |      \u2501\u2501\u2501\u2501\u2501\u2501\u2501\u2501\u2501\u2501\u2501\u2501\u2501\u2501\u2501\u2501\u2501\u2501\u2501\u2501\u2501\u2501\u2501\u2501\u2501\u2501\u2501\u2501\u2501\u2501\u2501\u2501\u2501\u2501\u2501\u2501\u2501\u2501\u2501\u2501 96.6/96.6 kB 2.0 MB/s eta 0:00:00\n[bb7231c6-fc69-44f2-814b-e1172c6d3f88/ut-test   ]   | Collecting joblib (from sacremoses->transformers==3.0.0->-r requirements/dev_requirements.txt (line 9))\n[bb7231c6-fc69-44f2-814b-e1172c6d3f88/ut-test   ]   |   Downloading joblib-1.3.1-py3-none-any.whl (301 kB)\n[bb7231c6-fc69-44f2-814b-e1172c6d3f88/ut-test   ]   |      \u2501\u2501\u2501\u2501\u2501\u2501\u2501\u2501\u2501\u2501\u2501\u2501\u2501\u2501\u2501\u2501\u2501\u2501\u2501\u2501\u2501\u2501\u2501\u2501\u2501\u2501\u2501\u2501\u2501\u2501\u2501\u2501\u2501\u2501\u2501\u2501\u2501\u2501\u2501 302.0/302.0 kB 6.2 MB/s eta 0:00:00\n[bb7231c6-fc69-44f2-814b-e1172c6d3f88/ut-test   ]   | Building wheels for collected packages: sacremoses\n[bb7231c6-fc69-44f2-814b-e1172c6d3f88/ut-test   ]   |   Building wheel for sacremoses (pyproject.toml): started\n[bb7231c6-fc69-44f2-814b-e1172c6d3f88/ut-test   ]   |   Building wheel for sacremoses (pyproject.toml): finished with status 'done'\n[bb7231c6-fc69-44f2-814b-e1172c6d3f88/ut-test   ]   |   Created wheel for sacremoses: filename=sacremoses-0.0.53-py3-none-any.whl size=895241 sha256=ea083ea0031564a454a6e5c8cc5f4b00d68f9cb57a949158e604124bc89b753a\n[bb7231c6-fc69-44f2-814b-e1172c6d3f88/ut-test   ]   |   Stored in directory: /home/runneradmin/.cache/pip/wheels/87/39/dd/a83eeef36d0bf98e7a4d1933a4ad2d660295a40613079bafc9\n[bb7231c6-fc69-44f2-814b-e1172c6d3f88/ut-test   ]   | Successfully built sacremoses\n[bb7231c6-fc69-44f2-814b-e1172c6d3f88/ut-test   ]   | Installing collected packages: tokenizers, sentencepiece, ddt, zipp, wrapt, wheel, urllib3, typing-extensions, typed-ast, tqdm, tomlkit, tomli, six, regex, psutil, protobuf, pillow, packaging, nvidia-cuda-nvrtc-cu11, numpy, mccabe, lazy-object-proxy, joblib, isort, iniconfig, idna, filelock, exceptiongroup, dill, charset-normalizer, certifi, scipy, requests, platformdirs, nvidia-cuda-runtime-cu11, nvidia-cublas-cu11, importlib-metadata, astunparse, asttokens, astroid, pylint, pluggy, nvidia-cudnn-cu11, mindspore-dev, click, torch, sacremoses, pytest, transformers\n[bb7231c6-fc69-44f2-814b-e1172c6d3f88/ut-test   ]   | Successfully installed astroid-2.15.5 asttokens-2.2.1 astunparse-1.6.3 certifi-2023.5.7 charset-normalizer-3.1.0 click-8.1.3 ddt-1.6.0 dill-0.3.6 exceptiongroup-1.1.1 filelock-3.12.2 idna-3.4 importlib-metadata-6.7.0 iniconfig-2.0.0 isort-5.11.5 joblib-1.3.1 lazy-object-proxy-1.9.0 mccabe-0.7.0 mindspore-dev-2.1.0.dev20230604 numpy-1.21.6 nvidia-cublas-cu11-11.10.3.66 nvidia-cuda-nvrtc-cu11-11.7.99 nvidia-cuda-runtime-cu11-11.7.99 nvidia-cudnn-cu11-8.5.0.96 packaging-23.1 pillow-9.5.0 platformdirs-3.8.0 pluggy-1.2.0 protobuf-4.23.3 psutil-5.9.5 pylint-2.17.4 pytest-7.4.0 regex-2023.6.3 requests-2.31.0 sacremoses-0.0.53 scipy-1.7.3 sentencepiece-0.1.99 six-1.16.0 tokenizers-0.8.0rc4 tomli-2.0.1 tomlkit-0.11.8 torch-1.13.1 tqdm-4.65.0 transformers-3.0.0 typed-ast-1.5.4 typing-extensions-4.7.0 urllib3-2.0.3 wheel-0.40.0 wrapt-1.15.0 zipp-3.15.0\n[bb7231c6-fc69-44f2-814b-e1172c6d3f88/ut-test   ]   | \n[bb7231c6-fc69-44f2-814b-e1172c6d3f88/ut-test   ]   | [notice] A new release of pip is available: 20.1.1 -> 23.1.2\n[bb7231c6-fc69-44f2-814b-e1172c6d3f88/ut-test   ]   | [notice] To update, run: pip install --upgrade pip\n[bb7231c6-fc69-44f2-814b-e1172c6d3f88/ut-test   ]   \u2705  Success - Main Install dependencies\n[bb7231c6-fc69-44f2-814b-e1172c6d3f88/ut-test   ] \u2b50 Run Main Test with pytest\n[bb7231c6-fc69-44f2-814b-e1172c6d3f88/ut-test   ]   \ud83d\udc33  docker exec cmd=[bash --noprofile --norc -e -o pipefail /var/run/act/workflow/3] user= workdir=\n[bb7231c6-fc69-44f2-814b-e1172c6d3f88/ut-test   ]   | ============================= test session starts ==============================\n[bb7231c6-fc69-44f2-814b-e1172c6d3f88/ut-test   ]   | platform linux -- Python 3.7.11, pytest-7.4.0, pluggy-1.2.0\n[bb7231c6-fc69-44f2-814b-e1172c6d3f88/ut-test   ]   | rootdir: /tmp/558156d8-17ed-11ee-8a50-bb14de238602/lvyufeng-Cybertron\n[bb7231c6-fc69-44f2-814b-e1172c6d3f88/ut-test   ]   | collected 29 items / 4 deselected / 25 selected\n[bb7231c6-fc69-44f2-814b-e1172c6d3f88/ut-test   ]   | \n[bb7231c6-fc69-44f2-814b-e1172c6d3f88/ut-test   ]   | tests/test_load_from_cache.py ..                                         [  8%]\n[bb7231c6-fc69-44f2-814b-e1172c6d3f88/ut-test   ]   | tests/test_comparison/test_bert.py FF                                    [ 16%]\n[bb7231c6-fc69-44f2-814b-e1172c6d3f88/ut-test   ]   | tests/test_comparison/test_gpt.py .                                      [ 20%]\n[bb7231c6-fc69-44f2-814b-e1172c6d3f88/ut-test   ]   | tests/test_comparison/test_xlnet.py .                                    [ 24%]\n[bb7231c6-fc69-44f2-814b-e1172c6d3f88/ut-test   ]   | tests/test_models/test_modeling_bart.py F.                               [ 32%]\n[bb7231c6-fc69-44f2-814b-e1172c6d3f88/ut-test   ]   | tests/test_models/test_modeling_bert.py ....                             [ 48%]\n[bb7231c6-fc69-44f2-814b-e1172c6d3f88/ut-test   ]   | tests/test_models/test_modeling_ernie.py .                               [ 52%]\n[bb7231c6-fc69-44f2-814b-e1172c6d3f88/ut-test   ]   | tests/test_models/test_modeling_gpt.py ..                                [ 60%]\n[bb7231c6-fc69-44f2-814b-e1172c6d3f88/ut-test   ]   | tests/test_models/test_modeling_roberta.py ......                        [ 84%]\n[bb7231c6-fc69-44f2-814b-e1172c6d3f88/ut-test   ]   | tests/test_models/test_modeling_xlnet.py ..                              [ 92%]\n[bb7231c6-fc69-44f2-814b-e1172c6d3f88/ut-test   ]   | tests/test_optimization/test_bert_adam.py .                              [ 96%]\n[bb7231c6-fc69-44f2-814b-e1172c6d3f88/ut-test   ]   | tests/test_tokenizers/test_bert_tokenizer.py .                           [100%]\n[bb7231c6-fc69-44f2-814b-e1172c6d3f88/ut-test   ]   | \n[bb7231c6-fc69-44f2-814b-e1172c6d3f88/ut-test   ]   | =================================== FAILURES ===================================\n[bb7231c6-fc69-44f2-814b-e1172c6d3f88/ut-test   ]   | ___________________ TestBertComparison.test_bert_comparsion ____________________\n[bb7231c6-fc69-44f2-814b-e1172c6d3f88/ut-test   ]   | \n[bb7231c6-fc69-44f2-814b-e1172c6d3f88/ut-test   ]   | self = <tests.test_comparison.test_bert.TestBertComparison testMethod=test_bert_comparsion>\n[bb7231c6-fc69-44f2-814b-e1172c6d3f88/ut-test   ]   | \n[bb7231c6-fc69-44f2-814b-e1172c6d3f88/ut-test   ]   |     def test_bert_comparsion(self):\n[bb7231c6-fc69-44f2-814b-e1172c6d3f88/ut-test   ]   |         model = BertModel(self.ms_config)\n[bb7231c6-fc69-44f2-814b-e1172c6d3f88/ut-test   ]   |         model.set_train(False)\n[bb7231c6-fc69-44f2-814b-e1172c6d3f88/ut-test   ]   |         input_ids = [0, 1, 2, 3, 4, 5, 6, 7, 8, 9, 10, 11] + [0] * 500\n[bb7231c6-fc69-44f2-814b-e1172c6d3f88/ut-test   ]   |     \n[bb7231c6-fc69-44f2-814b-e1172c6d3f88/ut-test   ]   |         pt_model = ptBertModel(self.pt_config)\n[bb7231c6-fc69-44f2-814b-e1172c6d3f88/ut-test   ]   |         pt_model.eval()\n[bb7231c6-fc69-44f2-814b-e1172c6d3f88/ut-test   ]   |         pt_input_ids = torch.IntTensor(input_ids).reshape(1, -1)\n[bb7231c6-fc69-44f2-814b-e1172c6d3f88/ut-test   ]   |         outputs_pt, pooled_pt = pt_model(input_ids=pt_input_ids)\n[bb7231c6-fc69-44f2-814b-e1172c6d3f88/ut-test   ]   |     \n[bb7231c6-fc69-44f2-814b-e1172c6d3f88/ut-test   ]   |         ms_dict = convert_state_dict(pt_model, 'bert')\n[bb7231c6-fc69-44f2-814b-e1172c6d3f88/ut-test   ]   |         mindspore.load_param_into_net(model, ms_dict)\n[bb7231c6-fc69-44f2-814b-e1172c6d3f88/ut-test   ]   |     \n[bb7231c6-fc69-44f2-814b-e1172c6d3f88/ut-test   ]   |         ms_input_ids = Tensor(input_ids, mindspore.int32).reshape(1, -1)\n[bb7231c6-fc69-44f2-814b-e1172c6d3f88/ut-test   ]   |         outputs, pooled = model(ms_input_ids)\n[bb7231c6-fc69-44f2-814b-e1172c6d3f88/ut-test   ]   |     \n[bb7231c6-fc69-44f2-814b-e1172c6d3f88/ut-test   ]   | >       assert np.allclose(outputs.asnumpy(), outputs_pt.detach().numpy(), atol=1e-5)\n[bb7231c6-fc69-44f2-814b-e1172c6d3f88/ut-test   ]   | E       assert False\n[bb7231c6-fc69-44f2-814b-e1172c6d3f88/ut-test   ]   | E        +  where False = <function allclose at 0x7fba610e0c20>(array([[[-0.9913407 ,  1.6393721 ,  0.15607226, ..., -0.26847136,\\n         -1.2509736 ,  0.12259789],\\n        [-0.1857...\\n        [-1.3523016 ,  1.3124268 , -0.2743597 , ...,  0.269645  ,\\n         -0.49746275, -0.17333494]]], dtype=float32), array([[[-0.47390202,  1.6511074 ,  0.10667676, ..., -0.35688818,\\n         -1.0629447 , -0.48178568],\\n        [ 0.3427...\\n        [-0.8659893 ,  1.3294399 , -0.34783316, ...,  0.20226045,\\n         -0.30101493, -0.7919349 ]]], dtype=float32), atol=1e-05)\n[bb7231c6-fc69-44f2-814b-e1172c6d3f88/ut-test   ]   | E        +    where <function allclose at 0x7fba610e0c20> = np.allclose\n[bb7231c6-fc69-44f2-814b-e1172c6d3f88/ut-test   ]   | E        +    and   array([[[-0.9913407 ,  1.6393721 ,  0.15607226, ..., -0.26847136,\\n         -1.2509736 ,  0.12259789],\\n        [-0.1857...\\n        [-1.3523016 ,  1.3124268 , -0.2743597 , ...,  0.269645  ,\\n         -0.49746275, -0.17333494]]], dtype=float32) = <bound method _stub_method.<locals>.fun of Tensor(shape=[1, 512, 256], dtype=Float32, value=\\n[[[-9.91340697e-01,  1.63...4e-01],\\n  [-1.35230160e+00,  1.31242681e+00, -2.74359703e-01 ...  2.69645005e-01, -4.97462749e-01, -1.73334941e-01]]])>()\n[bb7231c6-fc69-44f2-814b-e1172c6d3f88/ut-test   ]   | E        +      where <bound method _stub_method.<locals>.fun of Tensor(shape=[1, 512, 256], dtype=Float32, value=\\n[[[-9.91340697e-01,  1.63...4e-01],\\n  [-1.35230160e+00,  1.31242681e+00, -2.74359703e-01 ...  2.69645005e-01, -4.97462749e-01, -1.73334941e-01]]])> = Tensor(shape=[1, 512, 256], dtype=Float32, value=\\n[[[-9.91340697e-01,  1.63937211e+00,  1.56072259e-01 ... -2.68471360...94e-01],\\n  [-1.35230160e+00,  1.31242681e+00, -2.74359703e-01 ...  2.69645005e-01, -4.97462749e-01, -1.73334941e-01]]]).asnumpy\n[bb7231c6-fc69-44f2-814b-e1172c6d3f88/ut-test   ]   | E        +    and   array([[[-0.47390202,  1.6511074 ,  0.10667676, ..., -0.35688818,\\n         -1.0629447 , -0.48178568],\\n        [ 0.3427...\\n        [-0.8659893 ,  1.3294399 , -0.34783316, ...,  0.20226045,\\n         -0.30101493, -0.7919349 ]]], dtype=float32) = <built-in method numpy of Tensor object at 0x7fb93bc44c50>()\n[bb7231c6-fc69-44f2-814b-e1172c6d3f88/ut-test   ]   | E        +      where <built-in method numpy of Tensor object at 0x7fb93bc44c50> = tensor([[[-0.4739,  1.6511,  0.1067,  ..., -0.3569, -1.0629, -0.4818],\\n         [ 0.3427,  0.4934, -0.9194,  ...,  0.4...41, -0.5336,  ...,  0.6875, -0.5163, -0.0179],\\n         [-0.8660,  1.3294, -0.3478,  ...,  0.2023, -0.3010, -0.7919]]]).numpy\n[bb7231c6-fc69-44f2-814b-e1172c6d3f88/ut-test   ]   | E        +        where tensor([[[-0.4739,  1.6511,  0.1067,  ..., -0.3569, -1.0629, -0.4818],\\n         [ 0.3427,  0.4934, -0.9194,  ...,  0.4...41, -0.5336,  ...,  0.6875, -0.5163, -0.0179],\\n         [-0.8660,  1.3294, -0.3478,  ...,  0.2023, -0.3010, -0.7919]]]) = <built-in method detach of Tensor object at 0x7fb93bd33590>()\n[bb7231c6-fc69-44f2-814b-e1172c6d3f88/ut-test   ]   | E        +          where <built-in method detach of Tensor object at 0x7fb93bd33590> = tensor([[[-0.4739,  1.6511,  0.1067,  ..., -0.3569, -1.0629, -0.4818],\\n         [ 0.3427,  0.4934, -0.9194,  ...,  0.4...9],\\n         [-0.8660,  1.3294, -0.3478,  ...,  0.2023, -0.3010, -0.7919]]],\\n       grad_fn=<NativeLayerNormBackward0>).detach\n[bb7231c6-fc69-44f2-814b-e1172c6d3f88/ut-test   ]   | \n[bb7231c6-fc69-44f2-814b-e1172c6d3f88/ut-test   ]   | tests/test_comparison/test_bert.py:41: AssertionError\n[bb7231c6-fc69-44f2-814b-e1172c6d3f88/ut-test   ]   | ----------------------------- Captured stderr call -----------------------------\n[bb7231c6-fc69-44f2-814b-e1172c6d3f88/ut-test   ]   | [WARNING] ME(117:140438490584896,MainProcess):2023-07-01-16:54:00.558.146 [mindspore/nn/layer/basic.py:172] For Dropout, this parameter `keep_prob` will be deprecated, please use `p` instead.\n[bb7231c6-fc69-44f2-814b-e1172c6d3f88/ut-test   ]   | [WARNING] ME(117:140438490584896,MainProcess):2023-07-01-16:54:00.586.665 [mindspore/nn/layer/basic.py:172] For Dropout, this parameter `keep_prob` will be deprecated, please use `p` instead.\n[bb7231c6-fc69-44f2-814b-e1172c6d3f88/ut-test   ]   | [WARNING] ME(117:140438490584896,MainProcess):2023-07-01-16:54:00.594.444 [mindspore/nn/layer/basic.py:172] For Dropout, this parameter `keep_prob` will be deprecated, please use `p` instead.\n[bb7231c6-fc69-44f2-814b-e1172c6d3f88/ut-test   ]   | [WARNING] ME(117:140438490584896,MainProcess):2023-07-01-16:54:00.611.421 [mindspore/nn/layer/basic.py:172] For Dropout, this parameter `keep_prob` will be deprecated, please use `p` instead.\n[bb7231c6-fc69-44f2-814b-e1172c6d3f88/ut-test   ]   | [WARNING] ME(117:140438490584896,MainProcess):2023-07-01-16:54:00.634.284 [mindspore/nn/layer/basic.py:172] For Dropout, this parameter `keep_prob` will be deprecated, please use `p` instead.\n[bb7231c6-fc69-44f2-814b-e1172c6d3f88/ut-test   ]   | [WARNING] ME(117:140438490584896,MainProcess):2023-07-01-16:54:00.645.818 [mindspore/nn/layer/basic.py:172] For Dropout, this parameter `keep_prob` will be deprecated, please use `p` instead.\n[bb7231c6-fc69-44f2-814b-e1172c6d3f88/ut-test   ]   | [WARNING] ME(117:140438490584896,MainProcess):2023-07-01-16:54:00.691.927 [mindspore/nn/layer/basic.py:172] For Dropout, this parameter `keep_prob` will be deprecated, please use `p` instead.\n[bb7231c6-fc69-44f2-814b-e1172c6d3f88/ut-test   ]   | [WARNING] ME(117:140438490584896,MainProcess):2023-07-01-16:54:00.737.570 [mindspore/nn/layer/basic.py:172] For Dropout, this parameter `keep_prob` will be deprecated, please use `p` instead.\n[bb7231c6-fc69-44f2-814b-e1172c6d3f88/ut-test   ]   | [WARNING] ME(117:140438490584896,MainProcess):2023-07-01-16:54:00.747.849 [mindspore/nn/layer/basic.py:172] For Dropout, this parameter `keep_prob` will be deprecated, please use `p` instead.\n[bb7231c6-fc69-44f2-814b-e1172c6d3f88/ut-test   ]   | [WARNING] ME(117:140438490584896,MainProcess):2023-07-01-16:54:00.769.275 [mindspore/nn/layer/basic.py:172] For Dropout, this parameter `keep_prob` will be deprecated, please use `p` instead.\n[bb7231c6-fc69-44f2-814b-e1172c6d3f88/ut-test   ]   | [WARNING] ME(117:140438490584896,MainProcess):2023-07-01-16:54:00.795.288 [mindspore/nn/layer/basic.py:172] For Dropout, this parameter `keep_prob` will be deprecated, please use `p` instead.\n[bb7231c6-fc69-44f2-814b-e1172c6d3f88/ut-test   ]   | [WARNING] ME(117:140438490584896,MainProcess):2023-07-01-16:54:00.804.059 [mindspore/nn/layer/basic.py:172] For Dropout, this parameter `keep_prob` will be deprecated, please use `p` instead.\n[bb7231c6-fc69-44f2-814b-e1172c6d3f88/ut-test   ]   | [WARNING] ME(117:140438490584896,MainProcess):2023-07-01-16:54:00.828.017 [mindspore/nn/layer/basic.py:172] For Dropout, this parameter `keep_prob` will be deprecated, please use `p` instead.\n[bb7231c6-fc69-44f2-814b-e1172c6d3f88/ut-test   ]   | [WARNING] ME(117:140438490584896,MainProcess):2023-07-01-16:54:01.125.332 [mindspore/train/serialization.py:1186] For 'load_param_into_net', 24 parameters in the 'net' are not loaded, because they are not in the 'parameter_dict', please check whether the network structure is consistent when training and loading checkpoint.\n[bb7231c6-fc69-44f2-814b-e1172c6d3f88/ut-test   ]   | [WARNING] ME(117:140438490584896,MainProcess):2023-07-01-16:54:01.125.525 [mindspore/train/serialization.py:1188] encoder.layer.0.attention.self_attn.query.weight is not loaded.\n[bb7231c6-fc69-44f2-814b-e1172c6d3f88/ut-test   ]   | [WARNING] ME(117:140438490584896,MainProcess):2023-07-01-16:54:01.125.590 [mindspore/train/serialization.py:1188] encoder.layer.0.attention.self_attn.query.bias is not loaded.\n[bb7231c6-fc69-44f2-814b-e1172c6d3f88/ut-test   ]   | [WARNING] ME(117:140438490584896,MainProcess):2023-07-01-16:54:01.125.645 [mindspore/train/serialization.py:1188] encoder.layer.0.attention.self_attn.key.weight is not loaded.\n[bb7231c6-fc69-44f2-814b-e1172c6d3f88/ut-test   ]   | [WARNING] ME(117:140438490584896,MainProcess):2023-07-01-16:54:01.125.699 [mindspore/train/serialization.py:1188] encoder.layer.0.attention.self_attn.key.bias is not loaded.\n[bb7231c6-fc69-44f2-814b-e1172c6d3f88/ut-test   ]   | [WARNING] ME(117:140438490584896,MainProcess):2023-07-01-16:54:01.125.752 [mindspore/train/serialization.py:1188] encoder.layer.0.attention.self_attn.value.weight is not loaded.\n[bb7231c6-fc69-44f2-814b-e1172c6d3f88/ut-test   ]   | [WARNING] ME(117:140438490584896,MainProcess):2023-07-01-16:54:01.125.807 [mindspore/train/serialization.py:1188] encoder.layer.0.attention.self_attn.value.bias is not loaded.\n[bb7231c6-fc69-44f2-814b-e1172c6d3f88/ut-test   ]   | [WARNING] ME(117:140438490584896,MainProcess):2023-07-01-16:54:01.125.864 [mindspore/train/serialization.py:1188] encoder.layer.1.attention.self_attn.query.weight is not loaded.\n[bb7231c6-fc69-44f2-814b-e1172c6d3f88/ut-test   ]   | [WARNING] ME(117:140438490584896,MainProcess):2023-07-01-16:54:01.125.916 [mindspore/train/serialization.py:1188] encoder.layer.1.attention.self_attn.query.bias is not loaded.\n[bb7231c6-fc69-44f2-814b-e1172c6d3f88/ut-test   ]   | [WARNING] ME(117:140438490584896,MainProcess):2023-07-01-16:54:01.125.981 [mindspore/train/serialization.py:1188] encoder.layer.1.attention.self_attn.key.weight is not loaded.\n[bb7231c6-fc69-44f2-814b-e1172c6d3f88/ut-test   ]   | [WARNING] ME(117:140438490584896,MainProcess):2023-07-01-16:54:01.126.035 [mindspore/train/serialization.py:1188] encoder.layer.1.attention.self_attn.key.bias is not loaded.\n[bb7231c6-fc69-44f2-814b-e1172c6d3f88/ut-test   ]   | [WARNING] ME(117:140438490584896,MainProcess):2023-07-01-16:54:01.126.087 [mindspore/train/serialization.py:1188] encoder.layer.1.attention.self_attn.value.weight is not loaded.\n[bb7231c6-fc69-44f2-814b-e1172c6d3f88/ut-test   ]   | [WARNING] ME(117:140438490584896,MainProcess):2023-07-01-16:54:01.126.143 [mindspore/train/serialization.py:1188] encoder.layer.1.attention.self_attn.value.bias is not loaded.\n[bb7231c6-fc69-44f2-814b-e1172c6d3f88/ut-test   ]   | [WARNING] ME(117:140438490584896,MainProcess):2023-07-01-16:54:01.126.195 [mindspore/train/serialization.py:1188] encoder.layer.2.attention.self_attn.query.weight is not loaded.\n[bb7231c6-fc69-44f2-814b-e1172c6d3f88/ut-test   ]   | [WARNING] ME(117:140438490584896,MainProcess):2023-07-01-16:54:01.126.247 [mindspore/train/serialization.py:1188] encoder.layer.2.attention.self_attn.query.bias is not loaded.\n[bb7231c6-fc69-44f2-814b-e1172c6d3f88/ut-test   ]   | [WARNING] ME(117:140438490584896,MainProcess):2023-07-01-16:54:01.126.299 [mindspore/train/serialization.py:1188] encoder.layer.2.attention.self_attn.key.weight is not loaded.\n[bb7231c6-fc69-44f2-814b-e1172c6d3f88/ut-test   ]   | [WARNING] ME(117:140438490584896,MainProcess):2023-07-01-16:54:01.126.350 [mindspore/train/serialization.py:1188] encoder.layer.2.attention.self_attn.key.bias is not loaded.\n[bb7231c6-fc69-44f2-814b-e1172c6d3f88/ut-test   ]   | [WARNING] ME(117:140438490584896,MainProcess):2023-07-01-16:54:01.126.403 [mindspore/train/serialization.py:1188] encoder.layer.2.attention.self_attn.value.weight is not loaded.\n[bb7231c6-fc69-44f2-814b-e1172c6d3f88/ut-test   ]   | [WARNING] ME(117:140438490584896,MainProcess):2023-07-01-16:54:01.126.464 [mindspore/train/serialization.py:1188] encoder.layer.2.attention.self_attn.value.bias is not loaded.\n[bb7231c6-fc69-44f2-814b-e1172c6d3f88/ut-test   ]   | [WARNING] ME(117:140438490584896,MainProcess):2023-07-01-16:54:01.126.519 [mindspore/train/serialization.py:1188] encoder.layer.3.attention.self_attn.query.weight is not loaded.\n[bb7231c6-fc69-44f2-814b-e1172c6d3f88/ut-test   ]   | [WARNING] ME(117:140438490584896,MainProcess):2023-07-01-16:54:01.126.573 [mindspore/train/serialization.py:1188] encoder.layer.3.attention.self_attn.query.bias is not loaded.\n[bb7231c6-fc69-44f2-814b-e1172c6d3f88/ut-test   ]   | [WARNING] ME(117:140438490584896,MainProcess):2023-07-01-16:54:01.126.626 [mindspore/train/serialization.py:1188] encoder.layer.3.attention.self_attn.key.weight is not loaded.\n[bb7231c6-fc69-44f2-814b-e1172c6d3f88/ut-test   ]   | [WARNING] ME(117:140438490584896,MainProcess):2023-07-01-16:54:01.126.680 [mindspore/train/serialization.py:1188] encoder.layer.3.attention.self_attn.key.bias is not loaded.\n[bb7231c6-fc69-44f2-814b-e1172c6d3f88/ut-test   ]   | [WARNING] ME(117:140438490584896,MainProcess):2023-07-01-16:54:01.126.735 [mindspore/train/serialization.py:1188] encoder.layer.3.attention.self_attn.value.weight is not loaded.\n[bb7231c6-fc69-44f2-814b-e1172c6d3f88/ut-test   ]   | [WARNING] ME(117:140438490584896,MainProcess):2023-07-01-16:54:01.126.793 [mindspore/train/serialization.py:1188] encoder.layer.3.attention.self_attn.value.bias is not loaded.\n[bb7231c6-fc69-44f2-814b-e1172c6d3f88/ut-test   ]   | _______________ TestBertComparison.test_bert_sequence_comparison _______________\n[bb7231c6-fc69-44f2-814b-e1172c6d3f88/ut-test   ]   | \n[bb7231c6-fc69-44f2-814b-e1172c6d3f88/ut-test   ]   | self = <tests.test_comparison.test_bert.TestBertComparison testMethod=test_bert_sequence_comparison>\n[bb7231c6-fc69-44f2-814b-e1172c6d3f88/ut-test   ]   | \n[bb7231c6-fc69-44f2-814b-e1172c6d3f88/ut-test   ]   |     def test_bert_sequence_comparison(self):\n[bb7231c6-fc69-44f2-814b-e1172c6d3f88/ut-test   ]   |         model = BertForSequenceClassification(self.ms_config)\n[bb7231c6-fc69-44f2-814b-e1172c6d3f88/ut-test   ]   |         model.set_train(False)\n[bb7231c6-fc69-44f2-814b-e1172c6d3f88/ut-test   ]   |         input_ids = [0, 1, 2, 3, 4, 5, 6, 7, 8, 9, 10, 11] + [0] * 500\n[bb7231c6-fc69-44f2-814b-e1172c6d3f88/ut-test   ]   |     \n[bb7231c6-fc69-44f2-814b-e1172c6d3f88/ut-test   ]   |     \n[bb7231c6-fc69-44f2-814b-e1172c6d3f88/ut-test   ]   |         pt_model = ptBertForSequenceClassification(self.pt_config)\n[bb7231c6-fc69-44f2-814b-e1172c6d3f88/ut-test   ]   |         pt_model.eval()\n[bb7231c6-fc69-44f2-814b-e1172c6d3f88/ut-test   ]   |     \n[bb7231c6-fc69-44f2-814b-e1172c6d3f88/ut-test   ]   |         ms_dict = convert_state_dict(pt_model, 'bert')\n[bb7231c6-fc69-44f2-814b-e1172c6d3f88/ut-test   ]   |         mindspore.load_param_into_net(model, ms_dict)\n[bb7231c6-fc69-44f2-814b-e1172c6d3f88/ut-test   ]   |         model.classifier.weight.set_data(mindspore.Tensor(pt_model.classifier.weight.detach().numpy()))\n[bb7231c6-fc69-44f2-814b-e1172c6d3f88/ut-test   ]   |         model.classifier.bias.set_data(mindspore.Tensor(pt_model.classifier.bias.detach().numpy()))\n[bb7231c6-fc69-44f2-814b-e1172c6d3f88/ut-test   ]   |     \n[bb7231c6-fc69-44f2-814b-e1172c6d3f88/ut-test   ]   |         ms_input_ids = Tensor(input_ids, mindspore.int32).reshape(1, -1)\n[bb7231c6-fc69-44f2-814b-e1172c6d3f88/ut-test   ]   |         (outputs, ) = model(ms_input_ids)\n[bb7231c6-fc69-44f2-814b-e1172c6d3f88/ut-test   ]   |         pt_input_ids = torch.IntTensor(input_ids).reshape(1, -1)\n[bb7231c6-fc69-44f2-814b-e1172c6d3f88/ut-test   ]   |         (outputs_pt,) = pt_model(input_ids=pt_input_ids)\n[bb7231c6-fc69-44f2-814b-e1172c6d3f88/ut-test   ]   |     \n[bb7231c6-fc69-44f2-814b-e1172c6d3f88/ut-test   ]   | >       assert np.allclose(outputs.asnumpy(), outputs_pt.detach().numpy(), atol=1e-5)\n[bb7231c6-fc69-44f2-814b-e1172c6d3f88/ut-test   ]   | E       assert False\n[bb7231c6-fc69-44f2-814b-e1172c6d3f88/ut-test   ]   | E        +  where False = <function allclose at 0x7fba610e0c20>(array([[0.06991106, 0.07505491]], dtype=float32), array([[0.0722196 , 0.06046958]], dtype=float32), atol=1e-05)\n[bb7231c6-fc69-44f2-814b-e1172c6d3f88/ut-test   ]   | E        +    where <function allclose at 0x7fba610e0c20> = np.allclose\n[bb7231c6-fc69-44f2-814b-e1172c6d3f88/ut-test   ]   | E        +    and   array([[0.06991106, 0.07505491]], dtype=float32) = <bound method _stub_method.<locals>.fun of Tensor(shape=[1, 2], dtype=Float32, value=\\n[[ 6.99110553e-02,  7.50549063e-02]])>()\n[bb7231c6-fc69-44f2-814b-e1172c6d3f88/ut-test   ]   | E        +      where <bound method _stub_method.<locals>.fun of Tensor(shape=[1, 2], dtype=Float32, value=\\n[[ 6.99110553e-02,  7.50549063e-02]])> = Tensor(shape=[1, 2], dtype=Float32, value=\\n[[ 6.99110553e-02,  7.50549063e-02]]).asnumpy\n[bb7231c6-fc69-44f2-814b-e1172c6d3f88/ut-test   ]   | E        +    and   array([[0.0722196 , 0.06046958]], dtype=float32) = <built-in method numpy of Tensor object at 0x7fb8f03bd950>()\n[bb7231c6-fc69-44f2-814b-e1172c6d3f88/ut-test   ]   | E        +      where <built-in method numpy of Tensor object at 0x7fb8f03bd950> = tensor([[0.0722, 0.0605]]).numpy\n[bb7231c6-fc69-44f2-814b-e1172c6d3f88/ut-test   ]   | E        +        where tensor([[0.0722, 0.0605]]) = <built-in method detach of Tensor object at 0x7fb8f03c24d0>()\n[bb7231c6-fc69-44f2-814b-e1172c6d3f88/ut-test   ]   | E        +          where <built-in method detach of Tensor object at 0x7fb8f03c24d0> = tensor([[0.0722, 0.0605]], grad_fn=<AddmmBackward0>).detach\n[bb7231c6-fc69-44f2-814b-e1172c6d3f88/ut-test   ]   | \n[bb7231c6-fc69-44f2-814b-e1172c6d3f88/ut-test   ]   | tests/test_comparison/test_bert.py:63: AssertionError\n[bb7231c6-fc69-44f2-814b-e1172c6d3f88/ut-test   ]   | ----------------------------- Captured stderr call -----------------------------\n[bb7231c6-fc69-44f2-814b-e1172c6d3f88/ut-test   ]   | [WARNING] ME(117:140438490584896,MainProcess):2023-07-01-16:54:02.980.00 [mindspore/nn/layer/basic.py:172] For Dropout, this parameter `keep_prob` will be deprecated, please use `p` instead.\n[bb7231c6-fc69-44f2-814b-e1172c6d3f88/ut-test   ]   | [WARNING] ME(117:140438490584896,MainProcess):2023-07-01-16:54:02.116.420 [mindspore/nn/layer/basic.py:172] For Dropout, this parameter `keep_prob` will be deprecated, please use `p` instead.\n[bb7231c6-fc69-44f2-814b-e1172c6d3f88/ut-test   ]   | [WARNING] ME(117:140438490584896,MainProcess):2023-07-01-16:54:02.123.209 [mindspore/nn/layer/basic.py:172] For Dropout, this parameter `keep_prob` will be deprecated, please use `p` instead.\n[bb7231c6-fc69-44f2-814b-e1172c6d3f88/ut-test   ]   | [WARNING] ME(117:140438490584896,MainProcess):2023-07-01-16:54:02.139.046 [mindspore/nn/layer/basic.py:172] For Dropout, this parameter `keep_prob` will be deprecated, please use `p` instead.\n[bb7231c6-fc69-44f2-814b-e1172c6d3f88/ut-test   ]   | [WARNING] ME(117:140438490584896,MainProcess):2023-07-01-16:54:02.158.951 [mindspore/nn/layer/basic.py:172] For Dropout, this parameter `keep_prob` will be deprecated, please use `p` instead.\n[bb7231c6-fc69-44f2-814b-e1172c6d3f88/ut-test   ]   | [WARNING] ME(117:140438490584896,MainProcess):2023-07-01-16:54:02.178.608 [mindspore/nn/layer/basic.py:172] For Dropout, this parameter `keep_prob` will be deprecated, please use `p` instead.\n[bb7231c6-fc69-44f2-814b-e1172c6d3f88/ut-test   ]   | [WARNING] ME(117:140438490584896,MainProcess):2023-07-01-16:54:02.197.957 [mindspore/nn/layer/basic.py:172] For Dropout, this parameter `keep_prob` will be deprecated, please use `p` instead.\n[bb7231c6-fc69-44f2-814b-e1172c6d3f88/ut-test   ]   | [WARNING] ME(117:140438490584896,MainProcess):2023-07-01-16:54:02.223.527 [mindspore/nn/layer/basic.py:172] For Dropout, this parameter `keep_prob` will be deprecated, please use `p` instead.\n[bb7231c6-fc69-44f2-814b-e1172c6d3f88/ut-test   ]   | [WARNING] ME(117:140438490584896,MainProcess):2023-07-01-16:54:02.231.453 [mindspore/nn/layer/basic.py:172] For Dropout, this parameter `keep_prob` will be deprecated, please use `p` instead.\n[bb7231c6-fc69-44f2-814b-e1172c6d3f88/ut-test   ]   | [WARNING] ME(117:140438490584896,MainProcess):2023-07-01-16:54:02.247.081 [mindspore/nn/layer/basic.py:172] For Dropout, this parameter `keep_prob` will be deprecated, please use `p` instead.\n[bb7231c6-fc69-44f2-814b-e1172c6d3f88/ut-test   ]   | [WARNING] ME(117:140438490584896,MainProcess):2023-07-01-16:54:02.274.297 [mindspore/nn/layer/basic.py:172] For Dropout, this parameter `keep_prob` will be deprecated, please use `p` instead.\n[bb7231c6-fc69-44f2-814b-e1172c6d3f88/ut-test   ]   | [WARNING] ME(117:140438490584896,MainProcess):2023-07-01-16:54:02.287.361 [mindspore/nn/layer/basic.py:172] For Dropout, this parameter `keep_prob` will be deprecated, please use `p` instead.\n[bb7231c6-fc69-44f2-814b-e1172c6d3f88/ut-test   ]   | [WARNING] ME(117:140438490584896,MainProcess):2023-07-01-16:54:02.305.341 [mindspore/nn/layer/basic.py:172] For Dropout, this parameter `keep_prob` will be deprecated, please use `p` instead.\n[bb7231c6-fc69-44f2-814b-e1172c6d3f88/ut-test   ]   | [WARNING] ME(117:140438490584896,MainProcess):2023-07-01-16:54:02.315.895 [mindspore/nn/layer/basic.py:172] For Dropout, this parameter `keep_prob` will be deprecated, please use `p` instead.\n[bb7231c6-fc69-44f2-814b-e1172c6d3f88/ut-test   ]   | [WARNING] ME(117:140438490584896,MainProcess):2023-07-01-16:54:02.402.110 [mindspore/train/serialization.py:1186] For 'load_param_into_net', 24 parameters in the 'net' are not loaded, because they are not in the 'parameter_dict', please check whether the network structure is consistent when training and loading checkpoint.\n[bb7231c6-fc69-44f2-814b-e1172c6d3f88/ut-test   ]   | [WARNING] ME(117:140438490584896,MainProcess):2023-07-01-16:54:02.402.315 [mindspore/train/serialization.py:1188] bert.encoder.layer.0.attention.self_attn.query.weight is not loaded.\n[bb7231c6-fc69-44f2-814b-e1172c6d3f88/ut-test   ]   | [WARNING] ME(117:140438490584896,MainProcess):2023-07-01-16:54:02.402.367 [mindspore/train/serialization.py:1188] bert.encoder.layer.0.attention.self_attn.query.bias is not loaded.\n[bb7231c6-fc69-44f2-814b-e1172c6d3f88/ut-test   ]   | [WARNING] ME(117:140438490584896,MainProcess):2023-07-01-16:54:02.402.410 [mindspore/train/serialization.py:1188] bert.encoder.layer.0.attention.self_attn.key.weight is not loaded.\n[bb7231c6-fc69-44f2-814b-e1172c6d3f88/ut-test   ]   | [WARNING] ME(117:140438490584896,MainProcess):2023-07-01-16:54:02.402.450 [mindspore/train/serialization.py:1188] bert.encoder.layer.0.attention.self_attn.key.bias is not loaded.\n[bb7231c6-fc69-44f2-814b-e1172c6d3f88/ut-test   ]   | [WARNING] ME(117:140438490584896,MainProcess):2023-07-01-16:54:02.402.494 [mindspore/train/serialization.py:1188] bert.encoder.layer.0.attention.self_attn.value.weight is not loaded.\n[bb7231c6-fc69-44f2-814b-e1172c6d3f88/ut-test   ]   | [WARNING] ME(117:140438490584896,MainProcess):2023-07-01-16:54:02.402.534 [mindspore/train/serialization.py:1188] bert.encoder.layer.0.attention.self_attn.value.bias is not loaded.\n[bb7231c6-fc69-44f2-814b-e1172c6d3f88/ut-test   ]   | [WARNING] ME(117:140438490584896,MainProcess):2023-07-01-16:54:02.402.589 [mindspore/train/serialization.py:1188] bert.encoder.layer.1.attention.self_attn.query.weight is not loaded.\n[bb7231c6-fc69-44f2-814b-e1172c6d3f88/ut-test   ]   | [WARNING] ME(117:140438490584896,MainProcess):2023-07-01-16:54:02.402.629 [mindspore/train/serialization.py:1188] bert.encoder.layer.1.attention.self_attn.query.bias is not loaded.\n[bb7231c6-fc69-44f2-814b-e1172c6d3f88/ut-test   ]   | [WARNING] ME(117:140438490584896,MainProcess):2023-07-01-16:54:02.402.668 [mindspore/train/serialization.py:1188] bert.encoder.layer.1.attention.self_attn.key.weight is not loaded.\n[bb7231c6-fc69-44f2-814b-e1172c6d3f88/ut-test   ]   | [WARNING] ME(117:140438490584896,MainProcess):2023-07-01-16:54:02.402.707 [mindspore/train/serialization.py:1188] bert.encoder.layer.1.attention.self_attn.key.bias is not loaded.\n[bb7231c6-fc69-44f2-814b-e1172c6d3f88/ut-test   ]   | [WARNING] ME(117:140438490584896,MainProcess):2023-07-01-16:54:02.402.745 [mindspore/train/serialization.py:1188] bert.encoder.layer.1.attention.self_attn.value.weight is not loaded.\n[bb7231c6-fc69-44f2-814b-e1172c6d3f88/ut-test   ]   | [WARNING] ME(117:140438490584896,MainProcess):2023-07-01-16:54:02.402.785 [mindspore/train/serialization.py:1188] bert.encoder.layer.1.attention.self_attn.value.bias is not loaded.\n[bb7231c6-fc69-44f2-814b-e1172c6d3f88/ut-test   ]   | [WARNING] ME(117:140438490584896,MainProcess):2023-07-01-16:54:02.402.823 [mindspore/train/serialization.py:1188] bert.encoder.layer.2.attention.self_attn.query.weight is not loaded.\n[bb7231c6-fc69-44f2-814b-e1172c6d3f88/ut-test   ]   | [WARNING] ME(117:140438490584896,MainProcess):2023-07-01-16:54:02.402.863 [mindspore/train/serialization.py:1188] bert.encoder.layer.2.attention.self_attn.query.bias is not loaded.\n[bb7231c6-fc69-44f2-814b-e1172c6d3f88/ut-test   ]   | [WARNING] ME(117:140438490584896,MainProcess):2023-07-01-16:54:02.402.902 [mindspore/train/serialization.py:1188] bert.encoder.layer.2.attention.self_attn.key.weight is not loaded.\n[bb7231c6-fc69-44f2-814b-e1172c6d3f88/ut-test   ]   | [WARNING] ME(117:140438490584896,MainProcess):2023-07-01-16:54:02.402.941 [mindspore/train/serialization.py:1188] bert.encoder.layer.2.attention.self_attn.key.bias is not loaded.\n[bb7231c6-fc69-44f2-814b-e1172c6d3f88/ut-test   ]   | [WARNING] ME(117:140438490584896,MainProcess):2023-07-01-16:54:02.402.981 [mindspore/train/serialization.py:1188] bert.encoder.layer.2.attention.self_attn.value.weight is not loaded.\n[bb7231c6-fc69-44f2-814b-e1172c6d3f88/ut-test   ]   | [WARNING] ME(117:140438490584896,MainProcess):2023-07-01-16:54:02.403.019 [mindspore/train/serialization.py:1188] bert.encoder.layer.2.attention.self_attn.value.bias is not loaded.\n[bb7231c6-fc69-44f2-814b-e1172c6d3f88/ut-test   ]   | [WARNING] ME(117:140438490584896,MainProcess):2023-07-01-16:54:02.403.059 [mindspore/train/serialization.py:1188] bert.encoder.layer.3.attention.self_attn.query.weight is not loaded.\n[bb7231c6-fc69-44f2-814b-e1172c6d3f88/ut-test   ]   | [WARNING] ME(117:140438490584896,MainProcess):2023-07-01-16:54:02.403.097 [mindspore/train/serialization.py:1188] bert.encoder.layer.3.attention.self_attn.query.bias is not loaded.\n[bb7231c6-fc69-44f2-814b-e1172c6d3f88/ut-test   ]   | [WARNING] ME(117:140438490584896,MainProcess):2023-07-01-16:54:02.403.136 [mindspore/train/serialization.py:1188] bert.encoder.layer.3.attention.self_attn.key.weight is not loaded.\n[bb7231c6-fc69-44f2-814b-e1172c6d3f88/ut-test   ]   | [WARNING] ME(117:140438490584896,MainProcess):2023-07-01-16:54:02.403.174 [mindspore/train/serialization.py:1188] bert.encoder.layer.3.attention.self_attn.key.bias is not loaded.\n[bb7231c6-fc69-44f2-814b-e1172c6d3f88/ut-test   ]   | [WARNING] ME(117:140438490584896,MainProcess):2023-07-01-16:54:02.403.212 [mindspore/train/serialization.py:1188] bert.encoder.layer.3.attention.self_attn.value.weight is not loaded.\n[bb7231c6-fc69-44f2-814b-e1172c6d3f88/ut-test   ]   | [WARNING] ME(117:140438490584896,MainProcess):2023-07-01-16:54:02.403.252 [mindspore/train/serialization.py:1188] bert.encoder.layer.3.attention.self_attn.value.bias is not loaded.\n[bb7231c6-fc69-44f2-814b-e1172c6d3f88/ut-test   ]   | __________________ TestModelingBert.test_modeling_bert_1_True __________________\n[bb7231c6-fc69-44f2-814b-e1172c6d3f88/ut-test   ]   | \n[bb7231c6-fc69-44f2-814b-e1172c6d3f88/ut-test   ]   | self = <tests.test_models.test_modeling_bart.TestModelingBert testMethod=test_modeling_bert_1_True>\n[bb7231c6-fc69-44f2-814b-e1172c6d3f88/ut-test   ]   | mode = True\n[bb7231c6-fc69-44f2-814b-e1172c6d3f88/ut-test   ]   | \n[bb7231c6-fc69-44f2-814b-e1172c6d3f88/ut-test   ]   |     @data(True, False)\n[bb7231c6-fc69-44f2-814b-e1172c6d3f88/ut-test   ]   |     def test_modeling_bert(self, mode):\n[bb7231c6-fc69-44f2-814b-e1172c6d3f88/ut-test   ]   |         model = BartModel(self.config)\n[bb7231c6-fc69-44f2-814b-e1172c6d3f88/ut-test   ]   |         input_ids = model.dummy_inputs['input_ids']\n[bb7231c6-fc69-44f2-814b-e1172c6d3f88/ut-test   ]   |     \n[bb7231c6-fc69-44f2-814b-e1172c6d3f88/ut-test   ]   |         def forward(input_ids):\n[bb7231c6-fc69-44f2-814b-e1172c6d3f88/ut-test   ]   |             decoder_outputs, encoder_outputs = model(input_ids)\n[bb7231c6-fc69-44f2-814b-e1172c6d3f88/ut-test   ]   |             return decoder_outputs, encoder_outputs\n[bb7231c6-fc69-44f2-814b-e1172c6d3f88/ut-test   ]   |     \n[bb7231c6-fc69-44f2-814b-e1172c6d3f88/ut-test   ]   |         if mode:\n[bb7231c6-fc69-44f2-814b-e1172c6d3f88/ut-test   ]   |             forward = ms.jit(forward)\n[bb7231c6-fc69-44f2-814b-e1172c6d3f88/ut-test   ]   |     \n[bb7231c6-fc69-44f2-814b-e1172c6d3f88/ut-test   ]   | >       decoder_outputs, encoder_outputs = forward(input_ids)\n[bb7231c6-fc69-44f2-814b-e1172c6d3f88/ut-test   ]   | \n[bb7231c6-fc69-44f2-814b-e1172c6d3f88/ut-test   ]   | tests/test_models/test_modeling_bart.py:33: \n[bb7231c6-fc69-44f2-814b-e1172c6d3f88/ut-test   ]   | _ _ _ _ _ _ _ _ _ _ _ _ _ _ _ _ _ _ _ _ _ _ _ _ _ _ _ _ _ _ _ _ _ _ _ _ _ _ _ _ \n[bb7231c6-fc69-44f2-814b-e1172c6d3f88/ut-test   ]   | /opt/hostedtoolcache/Python/3.7.11/x64/lib/python3.7/site-packages/mindspore/common/api.py:627: in staging_specialize\n[bb7231c6-fc69-44f2-814b-e1172c6d3f88/ut-test   ]   |     return executor(*args, **kwargs)\n[bb7231c6-fc69-44f2-814b-e1172c6d3f88/ut-test   ]   | /opt/hostedtoolcache/Python/3.7.11/x64/lib/python3.7/site-packages/mindspore/common/api.py:105: in wrapper\n[bb7231c6-fc69-44f2-814b-e1172c6d3f88/ut-test   ]   |     results = fn(*arg, **kwargs)\n[bb7231c6-fc69-44f2-814b-e1172c6d3f88/ut-test   ]   | /opt/hostedtoolcache/Python/3.7.11/x64/lib/python3.7/site-packages/mindspore/common/api.py:340: in __call__\n[bb7231c6-fc69-44f2-814b-e1172c6d3f88/ut-test   ]   |     raise err\n[bb7231c6-fc69-44f2-814b-e1172c6d3f88/ut-test   ]   | /opt/hostedtoolcache/Python/3.7.11/x64/lib/python3.7/site-packages/mindspore/common/api.py:334: in __call__\n[bb7231c6-fc69-44f2-814b-e1172c6d3f88/ut-test   ]   |     phase = self.compile(self.fn.__name__, *args_list, **kwargs)\n[bb7231c6-fc69-44f2-814b-e1172c6d3f88/ut-test   ]   | _ _ _ _ _ _ _ _ _ _ _ _ _ _ _ _ _ _ _ _ _ _ _ _ _ _ _ _ _ _ _ _ _ _ _ _ _ _ _ _ \n[bb7231c6-fc69-44f2-814b-e1172c6d3f88/ut-test   ]   | \n[bb7231c6-fc69-44f2-814b-e1172c6d3f88/ut-test   ]   | self = <mindspore.common.api._MindsporeFunctionExecutor object at 0x7fb8f02d9090>\n[bb7231c6-fc69-44f2-814b-e1172c6d3f88/ut-test   ]   | method_name = 'forward'\n[bb7231c6-fc69-44f2-814b-e1172c6d3f88/ut-test   ]   | args = (<[RuntimeError(\"The pointer[ptr_] is null.\\n\\n----------------------------------------------------\\n- Framework Unexp...vice/cpu/hal/device/cpu_device_address.cc:133 SyncDeviceToHost\\n\") raised in repr()] Tensor object at 0x7fb8f01aacb0>,)\n[bb7231c6-fc69-44f2-814b-e1172c6d3f88/ut-test   ]   | kwargs = {}\n[bb7231c6-fc69-44f2-814b-e1172c6d3f88/ut-test   ]   | compile_args = (<[RuntimeError(\"The pointer[ptr_] is null.\\n\\n----------------------------------------------------\\n- Framework Unexp...vice/cpu/hal/device/cpu_device_address.cc:133 SyncDeviceToHost\\n\") raised in repr()] Tensor object at 0x7fb8f01aacb0>,)\n[bb7231c6-fc69-44f2-814b-e1172c6d3f88/ut-test   ]   | generate_name = 'tests.test_models.test_modeling_bart.forward./tmp/558156d8-17ed-11ee-8a50-bb14de238602/lvyufeng-Cybertron/tests/test_models/test_modeling_bart.py.26.1688230452230907392'\n[bb7231c6-fc69-44f2-814b-e1172c6d3f88/ut-test   ]   | key = 0\n[bb7231c6-fc69-44f2-814b-e1172c6d3f88/ut-test   ]   | phase = 'tests.test_models.test_modeling_bart.forward./tmp/558156d8-17ed-11ee-8a50-bb14de238602/lvyufeng-Cybertron/tests/test_models/test_modeling_bart.py.26.1688230452230907392.0'\n[bb7231c6-fc69-44f2-814b-e1172c6d3f88/ut-test   ]   | \n[bb7231c6-fc69-44f2-814b-e1172c6d3f88/ut-test   ]   |     def compile(self, method_name, *args, **kwargs):\n[bb7231c6-fc69-44f2-814b-e1172c6d3f88/ut-test   ]   |         \"\"\"Returns pipeline for the given args.\"\"\"\n[bb7231c6-fc69-44f2-814b-e1172c6d3f88/ut-test   ]   |         # Check whether hook function registered on Cell object.\n[bb7231c6-fc69-44f2-814b-e1172c6d3f88/ut-test   ]   |         if self.obj and hasattr(self.obj, \"_hook_fn_registered\"):\n[bb7231c6-fc69-44f2-814b-e1172c6d3f88/ut-test   ]   |             if self.obj._hook_fn_registered():\n[bb7231c6-fc69-44f2-814b-e1172c6d3f88/ut-test   ]   |                 logger.warning(f\"For 'Cell', it's not support hook function when using 'jit' decorator. \"\n[bb7231c6-fc69-44f2-814b-e1172c6d3f88/ut-test   ]   |                                f\"If you want to use hook function, please use context.set_context to set \"\n[bb7231c6-fc69-44f2-814b-e1172c6d3f88/ut-test   ]   |                                f\"pynative mode and remove 'jit' decorator.\")\n[bb7231c6-fc69-44f2-814b-e1172c6d3f88/ut-test   ]   |         # Chose dynamic shape tensors or actual input tensors as compile args.\n[bb7231c6-fc69-44f2-814b-e1172c6d3f88/ut-test   ]   |         compile_args = self._generate_compile_args(args)\n[bb7231c6-fc69-44f2-814b-e1172c6d3f88/ut-test   ]   |         # Restore the mutable attr for every arg.\n[bb7231c6-fc69-44f2-814b-e1172c6d3f88/ut-test   ]   |         compile_args = _restore_mutable_attr(args, compile_args)\n[bb7231c6-fc69-44f2-814b-e1172c6d3f88/ut-test   ]   |     \n[bb7231c6-fc69-44f2-814b-e1172c6d3f88/ut-test   ]   |         generate_name = self.fn.__module__ + \".\" + self.fn.__name__ + \".\" + self.fn.__code__.co_filename + \".\" + \\\n[bb7231c6-fc69-44f2-814b-e1172c6d3f88/ut-test   ]   |                         str(self.fn.__code__.co_firstlineno)\n[bb7231c6-fc69-44f2-814b-e1172c6d3f88/ut-test   ]   |         if _pynative_executor.grad_flag():\n[bb7231c6-fc69-44f2-814b-e1172c6d3f88/ut-test   ]   |             generate_name = generate_name + \".grad\"\n[bb7231c6-fc69-44f2-814b-e1172c6d3f88/ut-test   ]   |         if _is_pynative_parallel():\n[bb7231c6-fc69-44f2-814b-e1172c6d3f88/ut-test   ]   |             generate_name = generate_name[:generate_name.rfind(str(id(self.fn)))] + str(id(self.shard_parent_obj))\n[bb7231c6-fc69-44f2-814b-e1172c6d3f88/ut-test   ]   |     \n[bb7231c6-fc69-44f2-814b-e1172c6d3f88/ut-test   ]   |         # Add key with obj\n[bb7231c6-fc69-44f2-814b-e1172c6d3f88/ut-test   ]   |         if self.obj is not None:\n[bb7231c6-fc69-44f2-814b-e1172c6d3f88/ut-test   ]   |             if self.obj.__module__ != self.fn.__module__:\n[bb7231c6-fc69-44f2-814b-e1172c6d3f88/ut-test   ]   |                 logger.info(\n[bb7231c6-fc69-44f2-814b-e1172c6d3f88/ut-test   ]   |                     f'The module of `self.obj`: `{self.obj.__module__}` is not same with the module of `self.fn`: '\n[bb7231c6-fc69-44f2-814b-e1172c6d3f88/ut-test   ]   |                     f'`{self.fn.__module__}`')\n[bb7231c6-fc69-44f2-814b-e1172c6d3f88/ut-test   ]   |             self.obj.__parse_method__ = method_name\n[bb7231c6-fc69-44f2-814b-e1172c6d3f88/ut-test   ]   |             if isinstance(self.obj, ms.nn.Cell):\n[bb7231c6-fc69-44f2-814b-e1172c6d3f88/ut-test   ]   |                 generate_name = generate_name + '.' + str(self.obj.create_time)\n[bb7231c6-fc69-44f2-814b-e1172c6d3f88/ut-test   ]   |             else:\n[bb7231c6-fc69-44f2-814b-e1172c6d3f88/ut-test   ]   |                 generate_name = generate_name + '.' + str(self._create_time)\n[bb7231c6-fc69-44f2-814b-e1172c6d3f88/ut-test   ]   |             generate_name = generate_name + '.' + str(id(self.obj))\n[bb7231c6-fc69-44f2-814b-e1172c6d3f88/ut-test   ]   |         else:\n[bb7231c6-fc69-44f2-814b-e1172c6d3f88/ut-test   ]   |             # Different instance of same class may use same memory(means same obj_id) at diff times.\n[bb7231c6-fc69-44f2-814b-e1172c6d3f88/ut-test   ]   |             # To avoid unexpected phase matched, add create_time to generate_name.\n[bb7231c6-fc69-44f2-814b-e1172c6d3f88/ut-test   ]   |             generate_name = generate_name + '.' + str(self._create_time)\n[bb7231c6-fc69-44f2-814b-e1172c6d3f88/ut-test   ]   |     \n[bb7231c6-fc69-44f2-814b-e1172c6d3f88/ut-test   ]   |         self.enable_tuple_broaden = False\n[bb7231c6-fc69-44f2-814b-e1172c6d3f88/ut-test   ]   |         if hasattr(self.obj, \"enable_tuple_broaden\"):\n[bb7231c6-fc69-44f2-814b-e1172c6d3f88/ut-test   ]   |             self.enable_tuple_broaden = self.obj.enable_tuple_broaden\n[bb7231c6-fc69-44f2-814b-e1172c6d3f88/ut-test   ]   |     \n[bb7231c6-fc69-44f2-814b-e1172c6d3f88/ut-test   ]   |         self._graph_executor.set_enable_tuple_broaden(self.enable_tuple_broaden)\n[bb7231c6-fc69-44f2-814b-e1172c6d3f88/ut-test   ]   |         key = self._graph_executor.generate_arguments_key(self.fn, compile_args, kwargs, self.enable_tuple_broaden)\n[bb7231c6-fc69-44f2-814b-e1172c6d3f88/ut-test   ]   |         phase = generate_name + '.' + str(key)\n[bb7231c6-fc69-44f2-814b-e1172c6d3f88/ut-test   ]   |         if phase in self.compile_cache:\n[bb7231c6-fc69-44f2-814b-e1172c6d3f88/ut-test   ]   |             return phase\n[bb7231c6-fc69-44f2-814b-e1172c6d3f88/ut-test   ]   |     \n[bb7231c6-fc69-44f2-814b-e1172c6d3f88/ut-test   ]   |         # If enable compile cache, get the dependency files list and set to graph executor.\n[bb7231c6-fc69-44f2-814b-e1172c6d3f88/ut-test   ]   |         self._set_compile_cache_dep_files()\n[bb7231c6-fc69-44f2-814b-e1172c6d3f88/ut-test   ]   |         if self.jit_config_dict:\n[bb7231c6-fc69-44f2-814b-e1172c6d3f88/ut-test   ]   |             self._graph_executor.set_jit_config(self.jit_config_dict)\n[bb7231c6-fc69-44f2-814b-e1172c6d3f88/ut-test   ]   |     \n[bb7231c6-fc69-44f2-814b-e1172c6d3f88/ut-test   ]   |         if self.obj is None:\n[bb7231c6-fc69-44f2-814b-e1172c6d3f88/ut-test   ]   | >           is_compile = self._graph_executor.compile(self.fn, compile_args, kwargs, phase, True)\n[bb7231c6-fc69-44f2-814b-e1172c6d3f88/ut-test   ]   | E           TypeError: Multiply values for specific argument: encoder_attn_mask\n[bb7231c6-fc69-44f2-814b-e1172c6d3f88/ut-test   ]   | E           \n[bb7231c6-fc69-44f2-814b-e1172c6d3f88/ut-test   ]   | E           ----------------------------------------------------\n[bb7231c6-fc69-44f2-814b-e1172c6d3f88/ut-test   ]   | E           - The Traceback of Net Construct Code:\n[bb7231c6-fc69-44f2-814b-e1172c6d3f88/ut-test   ]   | E           ----------------------------------------------------\n[bb7231c6-fc69-44f2-814b-e1172c6d3f88/ut-test   ]   | E           The function call stack (See file '/tmp/558156d8-17ed-11ee-8a50-bb14de238602/lvyufeng-Cybertron/rank_0/om/analyze_fail.ir' for more details. Get instructions about `analyze_fail.ir` at https://www.mindspore.cn/search?inputValue=analyze_fail.ir):\n[bb7231c6-fc69-44f2-814b-e1172c6d3f88/ut-test   ]   | E           # 0 In file /tmp/558156d8-17ed-11ee-8a50-bb14de238602/lvyufeng-Cybertron/tests/test_models/test_modeling_bart.py:27\n[bb7231c6-fc69-44f2-814b-e1172c6d3f88/ut-test   ]   | E                       decoder_outputs, encoder_outputs = model(input_ids)\n[bb7231c6-fc69-44f2-814b-e1172c6d3f88/ut-test   ]   | E                                                          ^\n[bb7231c6-fc69-44f2-814b-e1172c6d3f88/ut-test   ]   | E           # 1 In file /tmp/558156d8-17ed-11ee-8a50-bb14de238602/lvyufeng-Cybertron/cybertron/models/bart.py:794\n[bb7231c6-fc69-44f2-814b-e1172c6d3f88/ut-test   ]   | E                   assert decoder_input_ids is not None\n[bb7231c6-fc69-44f2-814b-e1172c6d3f88/ut-test   ]   | E                   ^\n[bb7231c6-fc69-44f2-814b-e1172c6d3f88/ut-test   ]   | E           # 2 In file /tmp/558156d8-17ed-11ee-8a50-bb14de238602/lvyufeng-Cybertron/tests/test_models/test_modeling_bart.py:27\n[bb7231c6-fc69-44f2-814b-e1172c6d3f88/ut-test   ]   | E                       decoder_outputs, encoder_outputs = model(input_ids)\n[bb7231c6-fc69-44f2-814b-e1172c6d3f88/ut-test   ]   | E                                                          ^\n[bb7231c6-fc69-44f2-814b-e1172c6d3f88/ut-test   ]   | E           # 3 In file /tmp/558156d8-17ed-11ee-8a50-bb14de238602/lvyufeng-Cybertron/cybertron/models/bart.py:803\n[bb7231c6-fc69-44f2-814b-e1172c6d3f88/ut-test   ]   | E                   assert isinstance(encoder_outputs, tuple)\n[bb7231c6-fc69-44f2-814b-e1172c6d3f88/ut-test   ]   | E                   ^\n[bb7231c6-fc69-44f2-814b-e1172c6d3f88/ut-test   ]   | E           # 4 In file /tmp/558156d8-17ed-11ee-8a50-bb14de238602/lvyufeng-Cybertron/cybertron/models/bart.py:805\n[bb7231c6-fc69-44f2-814b-e1172c6d3f88/ut-test   ]   | E                   decoder_outputs = self.decoder(\n[bb7231c6-fc69-44f2-814b-e1172c6d3f88/ut-test   ]   | E           # 5 In file /tmp/558156d8-17ed-11ee-8a50-bb14de238602/lvyufeng-Cybertron/cybertron/models/bart.py:805\n[bb7231c6-fc69-44f2-814b-e1172c6d3f88/ut-test   ]   | E                   decoder_outputs = self.decoder(\n[bb7231c6-fc69-44f2-814b-e1172c6d3f88/ut-test   ]   | E                                     ^\n[bb7231c6-fc69-44f2-814b-e1172c6d3f88/ut-test   ]   | E           # 6 In file /tmp/558156d8-17ed-11ee-8a50-bb14de238602/lvyufeng-Cybertron/cybertron/models/bart.py:466\n[bb7231c6-fc69-44f2-814b-e1172c6d3f88/ut-test   ]   | E                   for idx, decoder_layer in enumerate(self.layers):\n[bb7231c6-fc69-44f2-814b-e1172c6d3f88/ut-test   ]   | E                   ^\n[bb7231c6-fc69-44f2-814b-e1172c6d3f88/ut-test   ]   | E           # 7 In file /tmp/558156d8-17ed-11ee-8a50-bb14de238602/lvyufeng-Cybertron/cybertron/models/bart.py:805\n[bb7231c6-fc69-44f2-814b-e1172c6d3f88/ut-test   ]   | E                   decoder_outputs = self.decoder(\n[bb7231c6-fc69-44f2-814b-e1172c6d3f88/ut-test   ]   | E                                     ^\n[bb7231c6-fc69-44f2-814b-e1172c6d3f88/ut-test   ]   | E           # 8 In file /tmp/558156d8-17ed-11ee-8a50-bb14de238602/lvyufeng-Cybertron/cybertron/models/bart.py:471\n[bb7231c6-fc69-44f2-814b-e1172c6d3f88/ut-test   ]   | E                       if self.training and (dropout_probability < self.layerdrop):\n[bb7231c6-fc69-44f2-814b-e1172c6d3f88/ut-test   ]   | E                       ^\n[bb7231c6-fc69-44f2-814b-e1172c6d3f88/ut-test   ]   | E           # 9 In file /tmp/558156d8-17ed-11ee-8a50-bb14de238602/lvyufeng-Cybertron/cybertron/models/bart.py:805\n[bb7231c6-fc69-44f2-814b-e1172c6d3f88/ut-test   ]   | E                   decoder_outputs = self.decoder(\n[bb7231c6-fc69-44f2-814b-e1172c6d3f88/ut-test   ]   | E                                     ^\n[bb7231c6-fc69-44f2-814b-e1172c6d3f88/ut-test   ]   | E           # 10 In file /tmp/558156d8-17ed-11ee-8a50-bb14de238602/lvyufeng-Cybertron/cybertron/models/bart.py:489\n[bb7231c6-fc69-44f2-814b-e1172c6d3f88/ut-test   ]   | E                       if self.layer_norm and (idx == len(self.layers) - 1):  # last layer of mbart\n[bb7231c6-fc69-44f2-814b-e1172c6d3f88/ut-test   ]   | E                       ^\n[bb7231c6-fc69-44f2-814b-e1172c6d3f88/ut-test   ]   | E           # 11 In file /tmp/558156d8-17ed-11ee-8a50-bb14de238602/lvyufeng-Cybertron/cybertron/models/bart.py:476\n[bb7231c6-fc69-44f2-814b-e1172c6d3f88/ut-test   ]   | E                       x, layer_self_attn, layer_past = decoder_layer(\n[bb7231c6-fc69-44f2-814b-e1172c6d3f88/ut-test   ]   | E           \n[bb7231c6-fc69-44f2-814b-e1172c6d3f88/ut-test   ]   | E           ----------------------------------------------------\n[bb7231c6-fc69-44f2-814b-e1172c6d3f88/ut-test   ]   | E           - C++ Call Stack: (For framework developers)\n[bb7231c6-fc69-44f2-814b-e1172c6d3f88/ut-test   ]   | E           ----------------------------------------------------\n[bb7231c6-fc69-44f2-814b-e1172c6d3f88/ut-test   ]   | E           mindspore/core/ir/func_graph_extends.cc:171 GenerateKwParams\n[bb7231c6-fc69-44f2-814b-e1172c6d3f88/ut-test   ]   | \n[bb7231c6-fc69-44f2-814b-e1172c6d3f88/ut-test   ]   | /opt/hostedtoolcache/Python/3.7.11/x64/lib/python3.7/site-packages/mindspore/common/api.py:420: TypeError\n[bb7231c6-fc69-44f2-814b-e1172c6d3f88/ut-test   ]   | ----------------------------- Captured stderr call -----------------------------\n[bb7231c6-fc69-44f2-814b-e1172c6d3f88/ut-test   ]   | [WARNING] UTILS(117,7fb832ffe700,python):2023-07-01-16:54:16.561.378 [mindspore/ccsrc/utils/comm_manager.cc:80] GetInstance] CommManager instance for CPU not found, return default instance.\n[bb7231c6-fc69-44f2-814b-e1172c6d3f88/ut-test   ]   | [WARNING] DEVICE(117,7fb8b37fe700,python):2023-07-01-16:54:18.777.385 [mindspore/ccsrc/runtime/pynative/async/backend_op_task.cc:36] Run] Op build failed, no need to launch.\n[bb7231c6-fc69-44f2-814b-e1172c6d3f88/ut-test   ]   | =============================== warnings summary ===============================\n[bb7231c6-fc69-44f2-814b-e1172c6d3f88/ut-test   ]   | tests/test_models/test_modeling_bert.py:53\n[bb7231c6-fc69-44f2-814b-e1172c6d3f88/ut-test   ]   |   /tmp/558156d8-17ed-11ee-8a50-bb14de238602/lvyufeng-Cybertron/tests/test_models/test_modeling_bert.py:53: PytestUnknownMarkWarning: Unknown pytest.mark.local - is this a typo?  You can register custom marks to avoid this warning - for details, see https://docs.pytest.org/en/stable/how-to/mark.html\n[bb7231c6-fc69-44f2-814b-e1172c6d3f88/ut-test   ]   |     @pytest.mark.local\n[bb7231c6-fc69-44f2-814b-e1172c6d3f88/ut-test   ]   | \n[bb7231c6-fc69-44f2-814b-e1172c6d3f88/ut-test   ]   | tests/test_models/test_modeling_gpt.py:35\n[bb7231c6-fc69-44f2-814b-e1172c6d3f88/ut-test   ]   |   /tmp/558156d8-17ed-11ee-8a50-bb14de238602/lvyufeng-Cybertron/tests/test_models/test_modeling_gpt.py:35: PytestUnknownMarkWarning: Unknown pytest.mark.local - is this a typo?  You can register custom marks to avoid this warning - for details, see https://docs.pytest.org/en/stable/how-to/mark.html\n[bb7231c6-fc69-44f2-814b-e1172c6d3f88/ut-test   ]   |     @pytest.mark.local\n[bb7231c6-fc69-44f2-814b-e1172c6d3f88/ut-test   ]   | \n[bb7231c6-fc69-44f2-814b-e1172c6d3f88/ut-test   ]   | tests/test_models/test_modeling_roberta.py:35\n[bb7231c6-fc69-44f2-814b-e1172c6d3f88/ut-test   ]   |   /tmp/558156d8-17ed-11ee-8a50-bb14de238602/lvyufeng-Cybertron/tests/test_models/test_modeling_roberta.py:35: PytestUnknownMarkWarning: Unknown pytest.mark.local - is this a typo?  You can register custom marks to avoid this warning - for details, see https://docs.pytest.org/en/stable/how-to/mark.html\n[bb7231c6-fc69-44f2-814b-e1172c6d3f88/ut-test   ]   |     @pytest.mark.local\n[bb7231c6-fc69-44f2-814b-e1172c6d3f88/ut-test   ]   | \n[bb7231c6-fc69-44f2-814b-e1172c6d3f88/ut-test   ]   | tests/test_models/test_modeling_xlnet.py:29\n[bb7231c6-fc69-44f2-814b-e1172c6d3f88/ut-test   ]   |   /tmp/558156d8-17ed-11ee-8a50-bb14de238602/lvyufeng-Cybertron/tests/test_models/test_modeling_xlnet.py:29: PytestUnknownMarkWarning: Unknown pytest.mark.local - is this a typo?  You can register custom marks to avoid this warning - for details, see https://docs.pytest.org/en/stable/how-to/mark.html\n[bb7231c6-fc69-44f2-814b-e1172c6d3f88/ut-test   ]   |     @pytest.mark.local\n[bb7231c6-fc69-44f2-814b-e1172c6d3f88/ut-test   ]   | \n[bb7231c6-fc69-44f2-814b-e1172c6d3f88/ut-test   ]   | -- Docs: https://docs.pytest.org/en/stable/how-to/capture-warnings.html\n[bb7231c6-fc69-44f2-814b-e1172c6d3f88/ut-test   ]   | - generated xml file: /tmp/558156d8-17ed-11ee-8a50-bb14de238602/lvyufeng-Cybertron/report.xml -\n[bb7231c6-fc69-44f2-814b-e1172c6d3f88/ut-test   ]   | =========================== short test summary info ============================\n[bb7231c6-fc69-44f2-814b-e1172c6d3f88/ut-test   ]   | FAILED tests/test_comparison/test_bert.py::TestBertComparison::test_bert_comparsion - assert False\n[bb7231c6-fc69-44f2-814b-e1172c6d3f88/ut-test   ]   |  +  where False = <function allclose at 0x7fba610e0c20>(array([[[-0.9913407 ,  1.6393721 ,  0.15607226, ..., -0.26847136,\\n         -1.2509736 ,  0.12259789],\\n        [-0.1857...\\n        [-1.3523016 ,  1.3124268 , -0.2743597 , ...,  0.269645  ,\\n         -0.49746275, -0.17333494]]], dtype=float32), array([[[-0.47390202,  1.6511074 ,  0.10667676, ..., -0.35688818,\\n         -1.0629447 , -0.48178568],\\n        [ 0.3427...\\n        [-0.8659893 ,  1.3294399 , -0.34783316, ...,  0.20226045,\\n         -0.30101493, -0.7919349 ]]], dtype=float32), atol=1e-05)\n[bb7231c6-fc69-44f2-814b-e1172c6d3f88/ut-test   ]   |  +    where <function allclose at 0x7fba610e0c20> = np.allclose\n[bb7231c6-fc69-44f2-814b-e1172c6d3f88/ut-test   ]   |  +    and   array([[[-0.9913407 ,  1.6393721 ,  0.15607226, ..., -0.26847136,\\n         -1.2509736 ,  0.12259789],\\n        [-0.1857...\\n        [-1.3523016 ,  1.3124268 , -0.2743597 , ...,  0.269645  ,\\n         -0.49746275, -0.17333494]]], dtype=float32) = <bound method _stub_method.<locals>.fun of Tensor(shape=[1, 512, 256], dtype=Float32, value=\\n[[[-9.91340697e-01,  1.63...4e-01],\\n  [-1.35230160e+00,  1.31242681e+00, -2.74359703e-01 ...  2.69645005e-01, -4.97462749e-01, -1.73334941e-01]]])>()\n[bb7231c6-fc69-44f2-814b-e1172c6d3f88/ut-test   ]   |  +      where <bound method _stub_method.<locals>.fun of Tensor(shape=[1, 512, 256], dtype=Float32, value=\\n[[[-9.91340697e-01,  1.63...4e-01],\\n  [-1.35230160e+00,  1.31242681e+00, -2.74359703e-01 ...  2.69645005e-01, -4.97462749e-01, -1.73334941e-01]]])> = Tensor(shape=[1, 512, 256], dtype=Float32, value=\\n[[[-9.91340697e-01,  1.63937211e+00,  1.56072259e-01 ... -2.68471360...94e-01],\\n  [-1.35230160e+00,  1.31242681e+00, -2.74359703e-01 ...  2.69645005e-01, -4.97462749e-01, -1.73334941e-01]]]).asnumpy\n[bb7231c6-fc69-44f2-814b-e1172c6d3f88/ut-test   ]   |  +    and   array([[[-0.47390202,  1.6511074 ,  0.10667676, ..., -0.35688818,\\n         -1.0629447 , -0.48178568],\\n        [ 0.3427...\\n        [-0.8659893 ,  1.3294399 , -0.34783316, ...,  0.20226045,\\n         -0.30101493, -0.7919349 ]]], dtype=float32) = <built-in method numpy of Tensor object at 0x7fb93bc44c50>()\n[bb7231c6-fc69-44f2-814b-e1172c6d3f88/ut-test   ]   |  +      where <built-in method numpy of Tensor object at 0x7fb93bc44c50> = tensor([[[-0.4739,  1.6511,  0.1067,  ..., -0.3569, -1.0629, -0.4818],\\n         [ 0.3427,  0.4934, -0.9194,  ...,  0.4...41, -0.5336,  ...,  0.6875, -0.5163, -0.0179],\\n         [-0.8660,  1.3294, -0.3478,  ...,  0.2023, -0.3010, -0.7919]]]).numpy\n[bb7231c6-fc69-44f2-814b-e1172c6d3f88/ut-test   ]   |  +        where tensor([[[-0.4739,  1.6511,  0.1067,  ..., -0.3569, -1.0629, -0.4818],\\n         [ 0.3427,  0.4934, -0.9194,  ...,  0.4...41, -0.5336,  ...,  0.6875, -0.5163, -0.0179],\\n         [-0.8660,  1.3294, -0.3478,  ...,  0.2023, -0.3010, -0.7919]]]) = <built-in method detach of Tensor object at 0x7fb93bd33590>()\n[bb7231c6-fc69-44f2-814b-e1172c6d3f88/ut-test   ]   |  +          where <built-in method detach of Tensor object at 0x7fb93bd33590> = tensor([[[-0.4739,  1.6511,  0.1067,  ..., -0.3569, -1.0629, -0.4818],\\n         [ 0.3427,  0.4934, -0.9194,  ...,  0.4...9],\\n         [-0.8660,  1.3294, -0.3478,  ...,  0.2023, -0.3010, -0.7919]]],\\n       grad_fn=<NativeLayerNormBackward0>).detach\n[bb7231c6-fc69-44f2-814b-e1172c6d3f88/ut-test   ]   | FAILED tests/test_comparison/test_bert.py::TestBertComparison::test_bert_sequence_comparison - assert False\n[bb7231c6-fc69-44f2-814b-e1172c6d3f88/ut-test   ]   |  +  where False = <function allclose at 0x7fba610e0c20>(array([[0.06991106, 0.07505491]], dtype=float32), array([[0.0722196 , 0.06046958]], dtype=float32), atol=1e-05)\n[bb7231c6-fc69-44f2-814b-e1172c6d3f88/ut-test   ]   |  +    where <function allclose at 0x7fba610e0c20> = np.allclose\n[bb7231c6-fc69-44f2-814b-e1172c6d3f88/ut-test   ]   |  +    and   array([[0.06991106, 0.07505491]], dtype=float32) = <bound method _stub_method.<locals>.fun of Tensor(shape=[1, 2], dtype=Float32, value=\\n[[ 6.99110553e-02,  7.50549063e-02]])>()\n[bb7231c6-fc69-44f2-814b-e1172c6d3f88/ut-test   ]   |  +      where <bound method _stub_method.<locals>.fun of Tensor(shape=[1, 2], dtype=Float32, value=\\n[[ 6.99110553e-02,  7.50549063e-02]])> = Tensor(shape=[1, 2], dtype=Float32, value=\\n[[ 6.99110553e-02,  7.50549063e-02]]).asnumpy\n[bb7231c6-fc69-44f2-814b-e1172c6d3f88/ut-test   ]   |  +    and   array([[0.0722196 , 0.06046958]], dtype=float32) = <built-in method numpy of Tensor object at 0x7fb8f03bd950>()\n[bb7231c6-fc69-44f2-814b-e1172c6d3f88/ut-test   ]   |  +      where <built-in method numpy of Tensor object at 0x7fb8f03bd950> = tensor([[0.0722, 0.0605]]).numpy\n[bb7231c6-fc69-44f2-814b-e1172c6d3f88/ut-test   ]   |  +        where tensor([[0.0722, 0.0605]]) = <built-in method detach of Tensor object at 0x7fb8f03c24d0>()\n[bb7231c6-fc69-44f2-814b-e1172c6d3f88/ut-test   ]   |  +          where <built-in method detach of Tensor object at 0x7fb8f03c24d0> = tensor([[0.0722, 0.0605]], grad_fn=<AddmmBackward0>).detach\n[bb7231c6-fc69-44f2-814b-e1172c6d3f88/ut-test   ]   | FAILED tests/test_models/test_modeling_bart.py::TestModelingBert::test_modeling_bert_1_True - TypeError: Multiply values for specific argument: encoder_attn_mask\n[bb7231c6-fc69-44f2-814b-e1172c6d3f88/ut-test   ]   | \n[bb7231c6-fc69-44f2-814b-e1172c6d3f88/ut-test   ]   | ----------------------------------------------------\n[bb7231c6-fc69-44f2-814b-e1172c6d3f88/ut-test   ]   | - The Traceback of Net Construct Code:\n[bb7231c6-fc69-44f2-814b-e1172c6d3f88/ut-test   ]   | ----------------------------------------------------\n[bb7231c6-fc69-44f2-814b-e1172c6d3f88/ut-test   ]   | The function call stack (See file '/tmp/558156d8-17ed-11ee-8a50-bb14de238602/lvyufeng-Cybertron/rank_0/om/analyze_fail.ir' for more details. Get instructions about `analyze_fail.ir` at https://www.mindspore.cn/search?inputValue=analyze_fail.ir):\n[bb7231c6-fc69-44f2-814b-e1172c6d3f88/ut-test   ]   | # 0 In file /tmp/558156d8-17ed-11ee-8a50-bb14de238602/lvyufeng-Cybertron/tests/test_models/test_modeling_bart.py:27\n[bb7231c6-fc69-44f2-814b-e1172c6d3f88/ut-test   ]   |             decoder_outputs, encoder_outputs = model(input_ids)\n[bb7231c6-fc69-44f2-814b-e1172c6d3f88/ut-test   ]   |                                                ^\n[bb7231c6-fc69-44f2-814b-e1172c6d3f88/ut-test   ]   | # 1 In file /tmp/558156d8-17ed-11ee-8a50-bb14de238602/lvyufeng-Cybertron/cybertron/models/bart.py:794\n[bb7231c6-fc69-44f2-814b-e1172c6d3f88/ut-test   ]   |         assert decoder_input_ids is not None\n[bb7231c6-fc69-44f2-814b-e1172c6d3f88/ut-test   ]   |         ^\n[bb7231c6-fc69-44f2-814b-e1172c6d3f88/ut-test   ]   | # 2 In file /tmp/558156d8-17ed-11ee-8a50-bb14de238602/lvyufeng-Cybertron/tests/test_models/test_modeling_bart.py:27\n[bb7231c6-fc69-44f2-814b-e1172c6d3f88/ut-test   ]   |             decoder_outputs, encoder_outputs = model(input_ids)\n[bb7231c6-fc69-44f2-814b-e1172c6d3f88/ut-test   ]   |                                                ^\n[bb7231c6-fc69-44f2-814b-e1172c6d3f88/ut-test   ]   | # 3 In file /tmp/558156d8-17ed-11ee-8a50-bb14de238602/lvyufeng-Cybertron/cybertron/models/bart.py:803\n[bb7231c6-fc69-44f2-814b-e1172c6d3f88/ut-test   ]   |         assert isinstance(encoder_outputs, tuple)\n[bb7231c6-fc69-44f2-814b-e1172c6d3f88/ut-test   ]   |         ^\n[bb7231c6-fc69-44f2-814b-e1172c6d3f88/ut-test   ]   | # 4 In file /tmp/558156d8-17ed-11ee-8a50-bb14de238602/lvyufeng-Cybertron/cybertron/models/bart.py:805\n[bb7231c6-fc69-44f2-814b-e1172c6d3f88/ut-test   ]   |         decoder_outputs = self.decoder(\n[bb7231c6-fc69-44f2-814b-e1172c6d3f88/ut-test   ]   | # 5 In file /tmp/558156d8-17ed-11ee-8a50-bb14de238602/lvyufeng-Cybertron/cybertron/models/bart.py:805\n[bb7231c6-fc69-44f2-814b-e1172c6d3f88/ut-test   ]   |         decoder_outputs = self.decoder(\n[bb7231c6-fc69-44f2-814b-e1172c6d3f88/ut-test   ]   |                           ^\n[bb7231c6-fc69-44f2-814b-e1172c6d3f88/ut-test   ]   | # 6 In file /tmp/558156d8-17ed-11ee-8a50-bb14de238602/lvyufeng-Cybertron/cybertron/models/bart.py:466\n[bb7231c6-fc69-44f2-814b-e1172c6d3f88/ut-test   ]   |         for idx, decoder_layer in enumerate(self.layers):\n[bb7231c6-fc69-44f2-814b-e1172c6d3f88/ut-test   ]   |         ^\n[bb7231c6-fc69-44f2-814b-e1172c6d3f88/ut-test   ]   | # 7 In file /tmp/558156d8-17ed-11ee-8a50-bb14de238602/lvyufeng-Cybertron/cybertron/models/bart.py:805\n[bb7231c6-fc69-44f2-814b-e1172c6d3f88/ut-test   ]   |         decoder_outputs = self.decoder(\n[bb7231c6-fc69-44f2-814b-e1172c6d3f88/ut-test   ]   |                           ^\n[bb7231c6-fc69-44f2-814b-e1172c6d3f88/ut-test   ]   | # 8 In file /tmp/558156d8-17ed-11ee-8a50-bb14de238602/lvyufeng-Cybertron/cybertron/models/bart.py:471\n[bb7231c6-fc69-44f2-814b-e1172c6d3f88/ut-test   ]   |             if self.training and (dropout_probability < self.layerdrop):\n[bb7231c6-fc69-44f2-814b-e1172c6d3f88/ut-test   ]   |             ^\n[bb7231c6-fc69-44f2-814b-e1172c6d3f88/ut-test   ]   | # 9 In file /tmp/558156d8-17ed-11ee-8a50-bb14de238602/lvyufeng-Cybertron/cybertron/models/bart.py:805\n[bb7231c6-fc69-44f2-814b-e1172c6d3f88/ut-test   ]   |         decoder_outputs = self.decoder(\n[bb7231c6-fc69-44f2-814b-e1172c6d3f88/ut-test   ]   |                           ^\n[bb7231c6-fc69-44f2-814b-e1172c6d3f88/ut-test   ]   | # 10 In file /tmp/558156d8-17ed-11ee-8a50-bb14de238602/lvyufeng-Cybertron/cybertron/models/bart.py:489\n[bb7231c6-fc69-44f2-814b-e1172c6d3f88/ut-test   ]   |             if self.layer_norm and (idx == len(self.layers) - 1):  # last layer of mbart\n[bb7231c6-fc69-44f2-814b-e1172c6d3f88/ut-test   ]   |             ^\n[bb7231c6-fc69-44f2-814b-e1172c6d3f88/ut-test   ]   | # 11 In file /tmp/558156d8-17ed-11ee-8a50-bb14de238602/lvyufeng-Cybertron/cybertron/models/bart.py:476\n[bb7231c6-fc69-44f2-814b-e1172c6d3f88/ut-test   ]   |             x, layer_self_attn, layer_past = decoder_layer(\n[bb7231c6-fc69-44f2-814b-e1172c6d3f88/ut-test   ]   | \n[bb7231c6-fc69-44f2-814b-e1172c6d3f88/ut-test   ]   | ----------------------------------------------------\n[bb7231c6-fc69-44f2-814b-e1172c6d3f88/ut-test   ]   | - C++ Call Stack: (For framework developers)\n[bb7231c6-fc69-44f2-814b-e1172c6d3f88/ut-test   ]   | ----------------------------------------------------\n[bb7231c6-fc69-44f2-814b-e1172c6d3f88/ut-test   ]   | mindspore/core/ir/func_graph_extends.cc:171 GenerateKwParams\n[bb7231c6-fc69-44f2-814b-e1172c6d3f88/ut-test   ]   | =========== 3 failed, 22 passed, 4 deselected, 4 warnings in 53.91s ============\n[bb7231c6-fc69-44f2-814b-e1172c6d3f88/ut-test   ]   \u274c  Failure - Main Test with pytest\n[bb7231c6-fc69-44f2-814b-e1172c6d3f88/ut-test   ] exitcode '1': failure\n[bb7231c6-fc69-44f2-814b-e1172c6d3f88/ut-test   ] \ud83c\udfc1  Job failed\n",
        "stderr": "Error: Job 'kaggle-gpu' failed\n",
        "workflow": {
            "path": "/tmp/558156d8-17ed-11ee-8a50-bb14de238602/lvyufeng-Cybertron/.github/workflows/run_tests-crawler.yml",
            "type": "pytest"
        },
        "workflow_name": "bb7231c6-fc69-44f2-814b-e1172c6d3f88",
        "build_tool": "pytest",
        "elapsed_time": 579.1088705062866
    }
}