{
    "repository": "master/tensorflow-riemopt",
    "stars": 91,
    "language": "python",
    "size": 929,
    "clone_url": "https://github.com/master/tensorflow-riemopt.git",
    "timestamp": "2023-06-28T16:04:02.054679Z",
    "clone_success": true,
    "number_of_actions": 1,
    "number_of_test_actions": 1,
    "actions_successful": false,
    "actions_build_tools": [
        "pytest"
    ],
    "actions_test_build_tools": [
        "pytest"
    ],
    "actions_run": {
        "failed": true,
        "tests": [],
        "stdout": "[0ccb0ce0-75e9-4f68-89c1-ab0ce3323a79/build] \ud83d\ude80  Start image=crawlergpt:latest\n[0ccb0ce0-75e9-4f68-89c1-ab0ce3323a79/build]   \ud83d\udc33  docker pull image=crawlergpt:latest platform= username= forcePull=false\n[0ccb0ce0-75e9-4f68-89c1-ab0ce3323a79/build]   \ud83d\udc33  docker create image=crawlergpt:latest platform= entrypoint=[\"tail\" \"-f\" \"/dev/null\"] cmd=[]\n[0ccb0ce0-75e9-4f68-89c1-ab0ce3323a79/build]   \ud83d\udc33  docker run image=crawlergpt:latest platform= entrypoint=[\"tail\" \"-f\" \"/dev/null\"] cmd=[]\n[0ccb0ce0-75e9-4f68-89c1-ab0ce3323a79/build]   \ud83d\udc33  docker exec cmd=[chown -R 1012:1013 /tmp/ad9c0f7e-1596-11ee-8a50-bb14de238602/master-tensorflow-riemopt] user=0 workdir=\n[0ccb0ce0-75e9-4f68-89c1-ab0ce3323a79/build]   \u2601  git clone 'https://github.com/actions/setup-python' # ref=v2\n[0ccb0ce0-75e9-4f68-89c1-ab0ce3323a79/build] \ud83e\uddea  Matrix: map[python-version:3.8]\n[0ccb0ce0-75e9-4f68-89c1-ab0ce3323a79/build] \u2b50 Run Main actions/checkout@v2\n[0ccb0ce0-75e9-4f68-89c1-ab0ce3323a79/build]   \u2705  Success - Main actions/checkout@v2\n[0ccb0ce0-75e9-4f68-89c1-ab0ce3323a79/build] \u2b50 Run Main Set up Python 3.8\n[0ccb0ce0-75e9-4f68-89c1-ab0ce3323a79/build]   \ud83d\udc33  docker cp src=/tmp/act-cache/14200067-9578-45f8-8bdc-489f55eb12ed/act/actions-setup-python@v2/ dst=/var/run/act/actions/actions-setup-python@v2/\n[0ccb0ce0-75e9-4f68-89c1-ab0ce3323a79/build]   \ud83d\udc33  docker exec cmd=[chown -R 1012:1013 /var/run/act/actions/actions-setup-python@v2/] user=0 workdir=\n[0ccb0ce0-75e9-4f68-89c1-ab0ce3323a79/build]   \ud83d\udc33  docker exec cmd=[node /var/run/act/actions/actions-setup-python@v2/dist/setup/index.js] user= workdir=\n[0ccb0ce0-75e9-4f68-89c1-ab0ce3323a79/build]   \ud83d\udcac  ::debug::Semantic version spec of 3.8 is 3.8\n[0ccb0ce0-75e9-4f68-89c1-ab0ce3323a79/build]   \ud83d\udcac  ::debug::isExplicit: \n[0ccb0ce0-75e9-4f68-89c1-ab0ce3323a79/build]   \ud83d\udcac  ::debug::explicit? false\n[0ccb0ce0-75e9-4f68-89c1-ab0ce3323a79/build]   \ud83d\udcac  ::debug::isExplicit: 2.7.18\n[0ccb0ce0-75e9-4f68-89c1-ab0ce3323a79/build]   \ud83d\udcac  ::debug::explicit? true\n[0ccb0ce0-75e9-4f68-89c1-ab0ce3323a79/build]   \ud83d\udcac  ::debug::isExplicit: 3.5.10\n[0ccb0ce0-75e9-4f68-89c1-ab0ce3323a79/build]   \ud83d\udcac  ::debug::explicit? true\n[0ccb0ce0-75e9-4f68-89c1-ab0ce3323a79/build]   \ud83d\udcac  ::debug::isExplicit: 3.6.14\n[0ccb0ce0-75e9-4f68-89c1-ab0ce3323a79/build]   \ud83d\udcac  ::debug::explicit? true\n[0ccb0ce0-75e9-4f68-89c1-ab0ce3323a79/build]   \ud83d\udcac  ::debug::isExplicit: 3.7.11\n[0ccb0ce0-75e9-4f68-89c1-ab0ce3323a79/build]   \ud83d\udcac  ::debug::explicit? true\n[0ccb0ce0-75e9-4f68-89c1-ab0ce3323a79/build]   \ud83d\udcac  ::debug::isExplicit: 3.8.11\n[0ccb0ce0-75e9-4f68-89c1-ab0ce3323a79/build]   \ud83d\udcac  ::debug::explicit? true\n[0ccb0ce0-75e9-4f68-89c1-ab0ce3323a79/build]   \ud83d\udcac  ::debug::isExplicit: 3.9.6\n[0ccb0ce0-75e9-4f68-89c1-ab0ce3323a79/build]   \ud83d\udcac  ::debug::explicit? true\n[0ccb0ce0-75e9-4f68-89c1-ab0ce3323a79/build]   \ud83d\udcac  ::debug::evaluating 6 versions\n[0ccb0ce0-75e9-4f68-89c1-ab0ce3323a79/build]   \ud83d\udcac  ::debug::matched: 3.8.11\n[0ccb0ce0-75e9-4f68-89c1-ab0ce3323a79/build]   \ud83d\udcac  ::debug::checking cache: /opt/hostedtoolcache/Python/3.8.11/x64\n[0ccb0ce0-75e9-4f68-89c1-ab0ce3323a79/build]   \ud83d\udcac  ::debug::Found tool in cache Python 3.8.11 x64\n[0ccb0ce0-75e9-4f68-89c1-ab0ce3323a79/build]   | Successfully setup CPython (3.8.11)\n[0ccb0ce0-75e9-4f68-89c1-ab0ce3323a79/build]   \u2753 add-matcher /run/act/actions/actions-setup-python@v2/.github/python.json\n[0ccb0ce0-75e9-4f68-89c1-ab0ce3323a79/build]   \u2705  Success - Main Set up Python 3.8\n[0ccb0ce0-75e9-4f68-89c1-ab0ce3323a79/build]   \u2699  ::set-env:: LD_LIBRARY_PATH=/opt/hostedtoolcache/Python/3.8.11/x64/lib\n[0ccb0ce0-75e9-4f68-89c1-ab0ce3323a79/build]   \u2699  ::set-env:: pythonLocation=/opt/hostedtoolcache/Python/3.8.11/x64\n[0ccb0ce0-75e9-4f68-89c1-ab0ce3323a79/build]   \u2699  ::set-output:: python-version=3.8.11\n[0ccb0ce0-75e9-4f68-89c1-ab0ce3323a79/build]   \u2699  ::add-path:: /opt/hostedtoolcache/Python/3.8.11/x64\n[0ccb0ce0-75e9-4f68-89c1-ab0ce3323a79/build]   \u2699  ::add-path:: /opt/hostedtoolcache/Python/3.8.11/x64/bin\n[0ccb0ce0-75e9-4f68-89c1-ab0ce3323a79/build] \u2b50 Run Main Install dependencies\n[0ccb0ce0-75e9-4f68-89c1-ab0ce3323a79/build]   \ud83d\udc33  docker exec cmd=[bash --noprofile --norc -e -o pipefail /var/run/act/workflow/2] user= workdir=\n[0ccb0ce0-75e9-4f68-89c1-ab0ce3323a79/build]   | Requirement already satisfied: pip in /opt/hostedtoolcache/Python/3.8.11/x64/lib/python3.8/site-packages (21.2.4)\n[0ccb0ce0-75e9-4f68-89c1-ab0ce3323a79/build]   | Collecting pip\n[0ccb0ce0-75e9-4f68-89c1-ab0ce3323a79/build]   |   Downloading pip-23.1.2-py3-none-any.whl (2.1 MB)\n[0ccb0ce0-75e9-4f68-89c1-ab0ce3323a79/build]   | Installing collected packages: pip\n[0ccb0ce0-75e9-4f68-89c1-ab0ce3323a79/build]   |   Attempting uninstall: pip\n[0ccb0ce0-75e9-4f68-89c1-ab0ce3323a79/build]   |     Found existing installation: pip 21.2.4\n[0ccb0ce0-75e9-4f68-89c1-ab0ce3323a79/build]   |     Uninstalling pip-21.2.4:\n[0ccb0ce0-75e9-4f68-89c1-ab0ce3323a79/build]   |       Successfully uninstalled pip-21.2.4\n[0ccb0ce0-75e9-4f68-89c1-ab0ce3323a79/build]   | Successfully installed pip-23.1.2\n[0ccb0ce0-75e9-4f68-89c1-ab0ce3323a79/build]   | Requirement already satisfied: pip>=20.0.0 in /opt/hostedtoolcache/Python/3.8.11/x64/lib/python3.8/site-packages (from -r requirements_dev.txt (line 1)) (21.1.1)\n[0ccb0ce0-75e9-4f68-89c1-ab0ce3323a79/build]   | Collecting black (from -r requirements_dev.txt (line 2))\n[0ccb0ce0-75e9-4f68-89c1-ab0ce3323a79/build]   |   Downloading black-23.3.0-cp38-cp38-manylinux_2_17_x86_64.manylinux2014_x86_64.whl (1.6 MB)\n[0ccb0ce0-75e9-4f68-89c1-ab0ce3323a79/build]   |      \u2501\u2501\u2501\u2501\u2501\u2501\u2501\u2501\u2501\u2501\u2501\u2501\u2501\u2501\u2501\u2501\u2501\u2501\u2501\u2501\u2501\u2501\u2501\u2501\u2501\u2501\u2501\u2501\u2501\u2501\u2501\u2501\u2501\u2501\u2501\u2501\u2501\u2501\u2501\u2501 1.6/1.6 MB 19.1 MB/s eta 0:00:00\n[0ccb0ce0-75e9-4f68-89c1-ab0ce3323a79/build]   | Collecting coveralls (from -r requirements_dev.txt (line 3))\n[0ccb0ce0-75e9-4f68-89c1-ab0ce3323a79/build]   |   Downloading coveralls-3.3.1-py2.py3-none-any.whl (14 kB)\n[0ccb0ce0-75e9-4f68-89c1-ab0ce3323a79/build]   | Collecting pytest-cov (from -r requirements_dev.txt (line 4))\n[0ccb0ce0-75e9-4f68-89c1-ab0ce3323a79/build]   |   Downloading pytest_cov-4.1.0-py3-none-any.whl (21 kB)\n[0ccb0ce0-75e9-4f68-89c1-ab0ce3323a79/build]   | Collecting click>=8.0.0 (from black->-r requirements_dev.txt (line 2))\n[0ccb0ce0-75e9-4f68-89c1-ab0ce3323a79/build]   |   Downloading click-8.1.3-py3-none-any.whl (96 kB)\n[0ccb0ce0-75e9-4f68-89c1-ab0ce3323a79/build]   |      \u2501\u2501\u2501\u2501\u2501\u2501\u2501\u2501\u2501\u2501\u2501\u2501\u2501\u2501\u2501\u2501\u2501\u2501\u2501\u2501\u2501\u2501\u2501\u2501\u2501\u2501\u2501\u2501\u2501\u2501\u2501\u2501\u2501\u2501\u2501\u2501\u2501\u2501\u2501\u2501 96.6/96.6 kB 5.9 MB/s eta 0:00:00\n[0ccb0ce0-75e9-4f68-89c1-ab0ce3323a79/build]   | Collecting mypy-extensions>=0.4.3 (from black->-r requirements_dev.txt (line 2))\n[0ccb0ce0-75e9-4f68-89c1-ab0ce3323a79/build]   |   Downloading mypy_extensions-1.0.0-py3-none-any.whl (4.7 kB)\n[0ccb0ce0-75e9-4f68-89c1-ab0ce3323a79/build]   | Collecting packaging>=22.0 (from black->-r requirements_dev.txt (line 2))\n[0ccb0ce0-75e9-4f68-89c1-ab0ce3323a79/build]   |   Downloading packaging-23.1-py3-none-any.whl (48 kB)\n[0ccb0ce0-75e9-4f68-89c1-ab0ce3323a79/build]   |      \u2501\u2501\u2501\u2501\u2501\u2501\u2501\u2501\u2501\u2501\u2501\u2501\u2501\u2501\u2501\u2501\u2501\u2501\u2501\u2501\u2501\u2501\u2501\u2501\u2501\u2501\u2501\u2501\u2501\u2501\u2501\u2501\u2501\u2501\u2501\u2501\u2501\u2501\u2501\u2501 48.9/48.9 kB 5.2 MB/s eta 0:00:00\n[0ccb0ce0-75e9-4f68-89c1-ab0ce3323a79/build]   | Collecting pathspec>=0.9.0 (from black->-r requirements_dev.txt (line 2))\n[0ccb0ce0-75e9-4f68-89c1-ab0ce3323a79/build]   |   Downloading pathspec-0.11.1-py3-none-any.whl (29 kB)\n[0ccb0ce0-75e9-4f68-89c1-ab0ce3323a79/build]   | Collecting platformdirs>=2 (from black->-r requirements_dev.txt (line 2))\n[0ccb0ce0-75e9-4f68-89c1-ab0ce3323a79/build]   |   Downloading platformdirs-3.8.0-py3-none-any.whl (16 kB)\n[0ccb0ce0-75e9-4f68-89c1-ab0ce3323a79/build]   | Collecting tomli>=1.1.0 (from black->-r requirements_dev.txt (line 2))\n[0ccb0ce0-75e9-4f68-89c1-ab0ce3323a79/build]   |   Downloading tomli-2.0.1-py3-none-any.whl (12 kB)\n[0ccb0ce0-75e9-4f68-89c1-ab0ce3323a79/build]   | Collecting typing-extensions>=3.10.0.0 (from black->-r requirements_dev.txt (line 2))\n[0ccb0ce0-75e9-4f68-89c1-ab0ce3323a79/build]   |   Downloading typing_extensions-4.6.3-py3-none-any.whl (31 kB)\n[0ccb0ce0-75e9-4f68-89c1-ab0ce3323a79/build]   | Collecting coverage!=6.0.*,!=6.1,!=6.1.1,<7.0,>=4.1 (from coveralls->-r requirements_dev.txt (line 3))\n[0ccb0ce0-75e9-4f68-89c1-ab0ce3323a79/build]   |   Downloading coverage-6.5.0-cp38-cp38-manylinux_2_5_x86_64.manylinux1_x86_64.manylinux_2_17_x86_64.manylinux2014_x86_64.whl (214 kB)\n[0ccb0ce0-75e9-4f68-89c1-ab0ce3323a79/build]   |      \u2501\u2501\u2501\u2501\u2501\u2501\u2501\u2501\u2501\u2501\u2501\u2501\u2501\u2501\u2501\u2501\u2501\u2501\u2501\u2501\u2501\u2501\u2501\u2501\u2501\u2501\u2501\u2501\u2501\u2501\u2501\u2501\u2501\u2501\u2501\u2501\u2501\u2501\u2501 214.4/214.4 kB 8.7 MB/s eta 0:00:00\n[0ccb0ce0-75e9-4f68-89c1-ab0ce3323a79/build]   | Collecting docopt>=0.6.1 (from coveralls->-r requirements_dev.txt (line 3))\n[0ccb0ce0-75e9-4f68-89c1-ab0ce3323a79/build]   |   Downloading docopt-0.6.2.tar.gz (25 kB)\n[0ccb0ce0-75e9-4f68-89c1-ab0ce3323a79/build]   |   Installing build dependencies: started\n[0ccb0ce0-75e9-4f68-89c1-ab0ce3323a79/build]   |   Installing build dependencies: finished with status 'done'\n[0ccb0ce0-75e9-4f68-89c1-ab0ce3323a79/build]   |   Getting requirements to build wheel: started\n[0ccb0ce0-75e9-4f68-89c1-ab0ce3323a79/build]   |   Getting requirements to build wheel: finished with status 'done'\n[0ccb0ce0-75e9-4f68-89c1-ab0ce3323a79/build]   |   Preparing metadata (pyproject.toml): started\n[0ccb0ce0-75e9-4f68-89c1-ab0ce3323a79/build]   |   Preparing metadata (pyproject.toml): finished with status 'done'\n[0ccb0ce0-75e9-4f68-89c1-ab0ce3323a79/build]   | Collecting requests>=1.0.0 (from coveralls->-r requirements_dev.txt (line 3))\n[0ccb0ce0-75e9-4f68-89c1-ab0ce3323a79/build]   |   Downloading requests-2.31.0-py3-none-any.whl (62 kB)\n[0ccb0ce0-75e9-4f68-89c1-ab0ce3323a79/build]   |      \u2501\u2501\u2501\u2501\u2501\u2501\u2501\u2501\u2501\u2501\u2501\u2501\u2501\u2501\u2501\u2501\u2501\u2501\u2501\u2501\u2501\u2501\u2501\u2501\u2501\u2501\u2501\u2501\u2501\u2501\u2501\u2501\u2501\u2501\u2501\u2501\u2501\u2501\u2501 62.6/62.6 kB 412.5 kB/s eta 0:00:00\n[0ccb0ce0-75e9-4f68-89c1-ab0ce3323a79/build]   | Collecting pytest>=4.6 (from pytest-cov->-r requirements_dev.txt (line 4))\n[0ccb0ce0-75e9-4f68-89c1-ab0ce3323a79/build]   |   Downloading pytest-7.4.0-py3-none-any.whl (323 kB)\n[0ccb0ce0-75e9-4f68-89c1-ab0ce3323a79/build]   |      \u2501\u2501\u2501\u2501\u2501\u2501\u2501\u2501\u2501\u2501\u2501\u2501\u2501\u2501\u2501\u2501\u2501\u2501\u2501\u2501\u2501\u2501\u2501\u2501\u2501\u2501\u2501\u2501\u2501\u2501\u2501\u2501\u2501\u2501\u2501\u2501\u2501\u2501 323.6/323.6 kB 33.6 MB/s eta 0:00:00\n[0ccb0ce0-75e9-4f68-89c1-ab0ce3323a79/build]   | Collecting coverage[toml]>=5.2.1 (from pytest-cov->-r requirements_dev.txt (line 4))\n[0ccb0ce0-75e9-4f68-89c1-ab0ce3323a79/build]   |   Downloading coverage-7.2.7-cp38-cp38-manylinux_2_5_x86_64.manylinux1_x86_64.manylinux_2_17_x86_64.manylinux2014_x86_64.whl (229 kB)\n[0ccb0ce0-75e9-4f68-89c1-ab0ce3323a79/build]   |      \u2501\u2501\u2501\u2501\u2501\u2501\u2501\u2501\u2501\u2501\u2501\u2501\u2501\u2501\u2501\u2501\u2501\u2501\u2501\u2501\u2501\u2501\u2501\u2501\u2501\u2501\u2501\u2501\u2501\u2501\u2501\u2501\u2501\u2501\u2501\u2501\u2501\u2501 229.9/229.9 kB 22.5 MB/s eta 0:00:00\n[0ccb0ce0-75e9-4f68-89c1-ab0ce3323a79/build]   | INFO: pip is looking at multiple versions of coverage[toml] to determine which version is compatible with other requirements. This could take a while.\n[0ccb0ce0-75e9-4f68-89c1-ab0ce3323a79/build]   |   Downloading coverage-7.2.6-cp38-cp38-manylinux_2_5_x86_64.manylinux1_x86_64.manylinux_2_17_x86_64.manylinux2014_x86_64.whl (229 kB)\n[0ccb0ce0-75e9-4f68-89c1-ab0ce3323a79/build]   |      \u2501\u2501\u2501\u2501\u2501\u2501\u2501\u2501\u2501\u2501\u2501\u2501\u2501\u2501\u2501\u2501\u2501\u2501\u2501\u2501\u2501\u2501\u2501\u2501\u2501\u2501\u2501\u2501\u2501\u2501\u2501\u2501\u2501\u2501\u2501\u2501\u2501\u2501 229.8/229.8 kB 17.2 MB/s eta 0:00:00\n[0ccb0ce0-75e9-4f68-89c1-ab0ce3323a79/build]   |   Downloading coverage-7.2.5-cp38-cp38-manylinux_2_5_x86_64.manylinux1_x86_64.manylinux_2_17_x86_64.manylinux2014_x86_64.whl (229 kB)\n[0ccb0ce0-75e9-4f68-89c1-ab0ce3323a79/build]   |      \u2501\u2501\u2501\u2501\u2501\u2501\u2501\u2501\u2501\u2501\u2501\u2501\u2501\u2501\u2501\u2501\u2501\u2501\u2501\u2501\u2501\u2501\u2501\u2501\u2501\u2501\u2501\u2501\u2501\u2501\u2501\u2501\u2501\u2501\u2501\u2501\u2501\u2501\u2501 229.3/229.3 kB 5.5 MB/s eta 0:00:00\n[0ccb0ce0-75e9-4f68-89c1-ab0ce3323a79/build]   |   Downloading coverage-7.2.4-cp38-cp38-manylinux_2_5_x86_64.manylinux1_x86_64.manylinux_2_17_x86_64.manylinux2014_x86_64.whl (229 kB)\n[0ccb0ce0-75e9-4f68-89c1-ab0ce3323a79/build]   |      \u2501\u2501\u2501\u2501\u2501\u2501\u2501\u2501\u2501\u2501\u2501\u2501\u2501\u2501\u2501\u2501\u2501\u2501\u2501\u2501\u2501\u2501\u2501\u2501\u2501\u2501\u2501\u2501\u2501\u2501\u2501\u2501\u2501\u2501\u2501\u2501\u2501\u2501\u2501 229.3/229.3 kB 1.6 MB/s eta 0:00:00\n[0ccb0ce0-75e9-4f68-89c1-ab0ce3323a79/build]   |   Downloading coverage-7.2.3-cp38-cp38-manylinux_2_5_x86_64.manylinux1_x86_64.manylinux_2_17_x86_64.manylinux2014_x86_64.whl (229 kB)\n[0ccb0ce0-75e9-4f68-89c1-ab0ce3323a79/build]   |      \u2501\u2501\u2501\u2501\u2501\u2501\u2501\u2501\u2501\u2501\u2501\u2501\u2501\u2501\u2501\u2501\u2501\u2501\u2501\u2501\u2501\u2501\u2501\u2501\u2501\u2501\u2501\u2501\u2501\u2501\u2501\u2501\u2501\u2501\u2501\u2501\u2501\u2501\u2501 229.1/229.1 kB 2.3 MB/s eta 0:00:00\n[0ccb0ce0-75e9-4f68-89c1-ab0ce3323a79/build]   |   Downloading coverage-7.2.2-cp38-cp38-manylinux_2_5_x86_64.manylinux1_x86_64.manylinux_2_17_x86_64.manylinux2014_x86_64.whl (228 kB)\n[0ccb0ce0-75e9-4f68-89c1-ab0ce3323a79/build]   |      \u2501\u2501\u2501\u2501\u2501\u2501\u2501\u2501\u2501\u2501\u2501\u2501\u2501\u2501\u2501\u2501\u2501\u2501\u2501\u2501\u2501\u2501\u2501\u2501\u2501\u2501\u2501\u2501\u2501\u2501\u2501\u2501\u2501\u2501\u2501\u2501\u2501\u2501\u2501 228.6/228.6 kB 5.5 MB/s eta 0:00:00\n[0ccb0ce0-75e9-4f68-89c1-ab0ce3323a79/build]   |   Downloading coverage-7.2.1-cp38-cp38-manylinux_2_5_x86_64.manylinux1_x86_64.manylinux_2_17_x86_64.manylinux2014_x86_64.whl (228 kB)\n[0ccb0ce0-75e9-4f68-89c1-ab0ce3323a79/build]   |      \u2501\u2501\u2501\u2501\u2501\u2501\u2501\u2501\u2501\u2501\u2501\u2501\u2501\u2501\u2501\u2501\u2501\u2501\u2501\u2501\u2501\u2501\u2501\u2501\u2501\u2501\u2501\u2501\u2501\u2501\u2501\u2501\u2501\u2501\u2501\u2501\u2501\u2501\u2501 228.5/228.5 kB 9.9 MB/s eta 0:00:00\n[0ccb0ce0-75e9-4f68-89c1-ab0ce3323a79/build]   |   Downloading coverage-7.2.0-cp38-cp38-manylinux_2_5_x86_64.manylinux1_x86_64.manylinux_2_17_x86_64.manylinux2014_x86_64.whl (228 kB)\n[0ccb0ce0-75e9-4f68-89c1-ab0ce3323a79/build]   |      \u2501\u2501\u2501\u2501\u2501\u2501\u2501\u2501\u2501\u2501\u2501\u2501\u2501\u2501\u2501\u2501\u2501\u2501\u2501\u2501\u2501\u2501\u2501\u2501\u2501\u2501\u2501\u2501\u2501\u2501\u2501\u2501\u2501\u2501\u2501\u2501\u2501\u2501\u2501 228.5/228.5 kB 3.3 MB/s eta 0:00:00\n[0ccb0ce0-75e9-4f68-89c1-ab0ce3323a79/build]   | INFO: pip is looking at multiple versions of coverage[toml] to determine which version is compatible with other requirements. This could take a while.\n[0ccb0ce0-75e9-4f68-89c1-ab0ce3323a79/build]   |   Downloading coverage-7.1.0-cp38-cp38-manylinux_2_5_x86_64.manylinux1_x86_64.manylinux_2_17_x86_64.manylinux2014_x86_64.whl (227 kB)\n[0ccb0ce0-75e9-4f68-89c1-ab0ce3323a79/build]   |      \u2501\u2501\u2501\u2501\u2501\u2501\u2501\u2501\u2501\u2501\u2501\u2501\u2501\u2501\u2501\u2501\u2501\u2501\u2501\u2501\u2501\u2501\u2501\u2501\u2501\u2501\u2501\u2501\u2501\u2501\u2501\u2501\u2501\u2501\u2501\u2501\u2501\u2501 227.8/227.8 kB 13.7 MB/s eta 0:00:00\n[0ccb0ce0-75e9-4f68-89c1-ab0ce3323a79/build]   |   Downloading coverage-7.0.5-cp38-cp38-manylinux_2_5_x86_64.manylinux1_x86_64.manylinux_2_17_x86_64.manylinux2014_x86_64.whl (227 kB)\n[0ccb0ce0-75e9-4f68-89c1-ab0ce3323a79/build]   |      \u2501\u2501\u2501\u2501\u2501\u2501\u2501\u2501\u2501\u2501\u2501\u2501\u2501\u2501\u2501\u2501\u2501\u2501\u2501\u2501\u2501\u2501\u2501\u2501\u2501\u2501\u2501\u2501\u2501\u2501\u2501\u2501\u2501\u2501\u2501\u2501\u2501\u2501 227.0/227.0 kB 12.3 MB/s eta 0:00:00\n[0ccb0ce0-75e9-4f68-89c1-ab0ce3323a79/build]   |   Downloading coverage-7.0.4-cp38-cp38-manylinux_2_5_x86_64.manylinux1_x86_64.manylinux_2_17_x86_64.manylinux2014_x86_64.whl (226 kB)\n[0ccb0ce0-75e9-4f68-89c1-ab0ce3323a79/build]   |      \u2501\u2501\u2501\u2501\u2501\u2501\u2501\u2501\u2501\u2501\u2501\u2501\u2501\u2501\u2501\u2501\u2501\u2501\u2501\u2501\u2501\u2501\u2501\u2501\u2501\u2501\u2501\u2501\u2501\u2501\u2501\u2501\u2501\u2501\u2501\u2501\u2501\u2501 226.5/226.5 kB 10.7 MB/s eta 0:00:00\n[0ccb0ce0-75e9-4f68-89c1-ab0ce3323a79/build]   |   Downloading coverage-7.0.3-cp38-cp38-manylinux_2_5_x86_64.manylinux1_x86_64.manylinux_2_17_x86_64.manylinux2014_x86_64.whl (225 kB)\n[0ccb0ce0-75e9-4f68-89c1-ab0ce3323a79/build]   |      \u2501\u2501\u2501\u2501\u2501\u2501\u2501\u2501\u2501\u2501\u2501\u2501\u2501\u2501\u2501\u2501\u2501\u2501\u2501\u2501\u2501\u2501\u2501\u2501\u2501\u2501\u2501\u2501\u2501\u2501\u2501\u2501\u2501\u2501\u2501\u2501\u2501\u2501\u2501 225.9/225.9 kB 3.0 MB/s eta 0:00:00\n[0ccb0ce0-75e9-4f68-89c1-ab0ce3323a79/build]   |   Downloading coverage-7.0.2-cp38-cp38-manylinux_2_5_x86_64.manylinux1_x86_64.manylinux_2_17_x86_64.manylinux2014_x86_64.whl (225 kB)\n[0ccb0ce0-75e9-4f68-89c1-ab0ce3323a79/build]   |      \u2501\u2501\u2501\u2501\u2501\u2501\u2501\u2501\u2501\u2501\u2501\u2501\u2501\u2501\u2501\u2501\u2501\u2501\u2501\u2501\u2501\u2501\u2501\u2501\u2501\u2501\u2501\u2501\u2501\u2501\u2501\u2501\u2501\u2501\u2501\u2501\u2501\u2501\u2501 225.5/225.5 kB 1.9 MB/s eta 0:00:00\n[0ccb0ce0-75e9-4f68-89c1-ab0ce3323a79/build]   | INFO: This is taking longer than usual. You might need to provide the dependency resolver with stricter constraints to reduce runtime. See https://pip.pypa.io/warnings/backtracking for guidance. If you want to abort this run, press Ctrl + C.\n[0ccb0ce0-75e9-4f68-89c1-ab0ce3323a79/build]   |   Downloading coverage-7.0.1-cp38-cp38-manylinux_2_5_x86_64.manylinux1_x86_64.manylinux_2_17_x86_64.manylinux2014_x86_64.whl (217 kB)\n[0ccb0ce0-75e9-4f68-89c1-ab0ce3323a79/build]   |      \u2501\u2501\u2501\u2501\u2501\u2501\u2501\u2501\u2501\u2501\u2501\u2501\u2501\u2501\u2501\u2501\u2501\u2501\u2501\u2501\u2501\u2501\u2501\u2501\u2501\u2501\u2501\u2501\u2501\u2501\u2501\u2501\u2501\u2501\u2501\u2501\u2501\u2501\u2501 217.1/217.1 kB 5.2 MB/s eta 0:00:00\n[0ccb0ce0-75e9-4f68-89c1-ab0ce3323a79/build]   |   Downloading coverage-7.0.0-cp38-cp38-manylinux_2_5_x86_64.manylinux1_x86_64.manylinux_2_17_x86_64.manylinux2014_x86_64.whl (217 kB)\n[0ccb0ce0-75e9-4f68-89c1-ab0ce3323a79/build]   |      \u2501\u2501\u2501\u2501\u2501\u2501\u2501\u2501\u2501\u2501\u2501\u2501\u2501\u2501\u2501\u2501\u2501\u2501\u2501\u2501\u2501\u2501\u2501\u2501\u2501\u2501\u2501\u2501\u2501\u2501\u2501\u2501\u2501\u2501\u2501\u2501\u2501\u2501\u2501 217.1/217.1 kB 3.8 MB/s eta 0:00:00\n[0ccb0ce0-75e9-4f68-89c1-ab0ce3323a79/build]   | Collecting iniconfig (from pytest>=4.6->pytest-cov->-r requirements_dev.txt (line 4))\n[0ccb0ce0-75e9-4f68-89c1-ab0ce3323a79/build]   |   Downloading iniconfig-2.0.0-py3-none-any.whl (5.9 kB)\n[0ccb0ce0-75e9-4f68-89c1-ab0ce3323a79/build]   | Collecting pluggy<2.0,>=0.12 (from pytest>=4.6->pytest-cov->-r requirements_dev.txt (line 4))\n[0ccb0ce0-75e9-4f68-89c1-ab0ce3323a79/build]   |   Downloading pluggy-1.2.0-py3-none-any.whl (17 kB)\n[0ccb0ce0-75e9-4f68-89c1-ab0ce3323a79/build]   | Collecting exceptiongroup>=1.0.0rc8 (from pytest>=4.6->pytest-cov->-r requirements_dev.txt (line 4))\n[0ccb0ce0-75e9-4f68-89c1-ab0ce3323a79/build]   |   Downloading exceptiongroup-1.1.1-py3-none-any.whl (14 kB)\n[0ccb0ce0-75e9-4f68-89c1-ab0ce3323a79/build]   | Collecting charset-normalizer<4,>=2 (from requests>=1.0.0->coveralls->-r requirements_dev.txt (line 3))\n[0ccb0ce0-75e9-4f68-89c1-ab0ce3323a79/build]   |   Downloading charset_normalizer-3.1.0-cp38-cp38-manylinux_2_17_x86_64.manylinux2014_x86_64.whl (195 kB)\n[0ccb0ce0-75e9-4f68-89c1-ab0ce3323a79/build]   |      \u2501\u2501\u2501\u2501\u2501\u2501\u2501\u2501\u2501\u2501\u2501\u2501\u2501\u2501\u2501\u2501\u2501\u2501\u2501\u2501\u2501\u2501\u2501\u2501\u2501\u2501\u2501\u2501\u2501\u2501\u2501\u2501\u2501\u2501\u2501\u2501\u2501\u2501\u2501 195.9/195.9 kB 2.3 MB/s eta 0:00:00\n[0ccb0ce0-75e9-4f68-89c1-ab0ce3323a79/build]   | Collecting idna<4,>=2.5 (from requests>=1.0.0->coveralls->-r requirements_dev.txt (line 3))\n[0ccb0ce0-75e9-4f68-89c1-ab0ce3323a79/build]   |   Downloading idna-3.4-py3-none-any.whl (61 kB)\n[0ccb0ce0-75e9-4f68-89c1-ab0ce3323a79/build]   |      \u2501\u2501\u2501\u2501\u2501\u2501\u2501\u2501\u2501\u2501\u2501\u2501\u2501\u2501\u2501\u2501\u2501\u2501\u2501\u2501\u2501\u2501\u2501\u2501\u2501\u2501\u2501\u2501\u2501\u2501\u2501\u2501\u2501\u2501\u2501\u2501\u2501\u2501\u2501\u2501 61.5/61.5 kB 1.7 MB/s eta 0:00:00\n[0ccb0ce0-75e9-4f68-89c1-ab0ce3323a79/build]   | Collecting urllib3<3,>=1.21.1 (from requests>=1.0.0->coveralls->-r requirements_dev.txt (line 3))\n[0ccb0ce0-75e9-4f68-89c1-ab0ce3323a79/build]   |   Downloading urllib3-2.0.3-py3-none-any.whl (123 kB)\n[0ccb0ce0-75e9-4f68-89c1-ab0ce3323a79/build]   |      \u2501\u2501\u2501\u2501\u2501\u2501\u2501\u2501\u2501\u2501\u2501\u2501\u2501\u2501\u2501\u2501\u2501\u2501\u2501\u2501\u2501\u2501\u2501\u2501\u2501\u2501\u2501\u2501\u2501\u2501\u2501\u2501\u2501\u2501\u2501\u2501\u2501\u2501\u2501 123.6/123.6 kB 5.9 MB/s eta 0:00:00\n[0ccb0ce0-75e9-4f68-89c1-ab0ce3323a79/build]   | Collecting certifi>=2017.4.17 (from requests>=1.0.0->coveralls->-r requirements_dev.txt (line 3))\n[0ccb0ce0-75e9-4f68-89c1-ab0ce3323a79/build]   |   Downloading certifi-2023.5.7-py3-none-any.whl (156 kB)\n[0ccb0ce0-75e9-4f68-89c1-ab0ce3323a79/build]   |      \u2501\u2501\u2501\u2501\u2501\u2501\u2501\u2501\u2501\u2501\u2501\u2501\u2501\u2501\u2501\u2501\u2501\u2501\u2501\u2501\u2501\u2501\u2501\u2501\u2501\u2501\u2501\u2501\u2501\u2501\u2501\u2501\u2501\u2501\u2501\u2501\u2501\u2501\u2501 157.0/157.0 kB 1.9 MB/s eta 0:00:00\n[0ccb0ce0-75e9-4f68-89c1-ab0ce3323a79/build]   | Building wheels for collected packages: docopt\n[0ccb0ce0-75e9-4f68-89c1-ab0ce3323a79/build]   |   Building wheel for docopt (pyproject.toml): started\n[0ccb0ce0-75e9-4f68-89c1-ab0ce3323a79/build]   |   Building wheel for docopt (pyproject.toml): finished with status 'done'\n[0ccb0ce0-75e9-4f68-89c1-ab0ce3323a79/build]   |   Created wheel for docopt: filename=docopt-0.6.2-py2.py3-none-any.whl size=13707 sha256=2523b7a10a16a6e9ad2cec13bf9c286e0338fba8739cb9c1313ea8ef9f50e0db\n[0ccb0ce0-75e9-4f68-89c1-ab0ce3323a79/build]   |   Stored in directory: /home/runneradmin/.cache/pip/wheels/56/ea/58/ead137b087d9e326852a851351d1debf4ada529b6ac0ec4e8c\n[0ccb0ce0-75e9-4f68-89c1-ab0ce3323a79/build]   | Successfully built docopt\n[0ccb0ce0-75e9-4f68-89c1-ab0ce3323a79/build]   | Installing collected packages: docopt, urllib3, typing-extensions, tomli, pluggy, platformdirs, pathspec, packaging, mypy-extensions, iniconfig, idna, exceptiongroup, coverage, click, charset-normalizer, certifi, requests, pytest, black, pytest-cov, coveralls\n[0ccb0ce0-75e9-4f68-89c1-ab0ce3323a79/build]   | Successfully installed black-23.3.0 certifi-2023.5.7 charset-normalizer-3.1.0 click-8.1.3 coverage-6.5.0 coveralls-3.3.1 docopt-0.6.2 exceptiongroup-1.1.1 idna-3.4 iniconfig-2.0.0 mypy-extensions-1.0.0 packaging-23.1 pathspec-0.11.1 platformdirs-3.8.0 pluggy-1.2.0 pytest-7.4.0 pytest-cov-4.1.0 requests-2.31.0 tomli-2.0.1 typing-extensions-4.6.3 urllib3-2.0.3\n[0ccb0ce0-75e9-4f68-89c1-ab0ce3323a79/build]   | \n[0ccb0ce0-75e9-4f68-89c1-ab0ce3323a79/build]   | [notice] A new release of pip is available: 21.1.1 -> 23.1.2\n[0ccb0ce0-75e9-4f68-89c1-ab0ce3323a79/build]   | [notice] To update, run: pip install --upgrade pip\n[0ccb0ce0-75e9-4f68-89c1-ab0ce3323a79/build]   | running develop\n[0ccb0ce0-75e9-4f68-89c1-ab0ce3323a79/build]   | running egg_info\n[0ccb0ce0-75e9-4f68-89c1-ab0ce3323a79/build]   | creating tensorflow_riemopt.egg-info\n[0ccb0ce0-75e9-4f68-89c1-ab0ce3323a79/build]   | writing tensorflow_riemopt.egg-info/PKG-INFO\n[0ccb0ce0-75e9-4f68-89c1-ab0ce3323a79/build]   | writing dependency_links to tensorflow_riemopt.egg-info/dependency_links.txt\n[0ccb0ce0-75e9-4f68-89c1-ab0ce3323a79/build]   | writing requirements to tensorflow_riemopt.egg-info/requires.txt\n[0ccb0ce0-75e9-4f68-89c1-ab0ce3323a79/build]   | writing top-level names to tensorflow_riemopt.egg-info/top_level.txt\n[0ccb0ce0-75e9-4f68-89c1-ab0ce3323a79/build]   | writing manifest file 'tensorflow_riemopt.egg-info/SOURCES.txt'\n[0ccb0ce0-75e9-4f68-89c1-ab0ce3323a79/build]   | adding license file 'LICENSE' (matched pattern 'LICEN[CS]E*')\n[0ccb0ce0-75e9-4f68-89c1-ab0ce3323a79/build]   | reading manifest file 'tensorflow_riemopt.egg-info/SOURCES.txt'\n[0ccb0ce0-75e9-4f68-89c1-ab0ce3323a79/build]   | writing manifest file 'tensorflow_riemopt.egg-info/SOURCES.txt'\n[0ccb0ce0-75e9-4f68-89c1-ab0ce3323a79/build]   | running build_ext\n[0ccb0ce0-75e9-4f68-89c1-ab0ce3323a79/build]   | Creating /opt/hostedtoolcache/Python/3.8.11/x64/lib/python3.8/site-packages/tensorflow-riemopt.egg-link (link to .)\n[0ccb0ce0-75e9-4f68-89c1-ab0ce3323a79/build]   | Adding tensorflow-riemopt 0.2.0 to easy-install.pth file\n[0ccb0ce0-75e9-4f68-89c1-ab0ce3323a79/build]   | \n[0ccb0ce0-75e9-4f68-89c1-ab0ce3323a79/build]   | Installed /tmp/ad9c0f7e-1596-11ee-8a50-bb14de238602/master-tensorflow-riemopt\n[0ccb0ce0-75e9-4f68-89c1-ab0ce3323a79/build]   | Processing dependencies for tensorflow-riemopt==0.2.0\n[0ccb0ce0-75e9-4f68-89c1-ab0ce3323a79/build]   | Searching for protobuf<3.20,>=3.9.2\n[0ccb0ce0-75e9-4f68-89c1-ab0ce3323a79/build]   | Reading https://pypi.org/simple/protobuf/\n[0ccb0ce0-75e9-4f68-89c1-ab0ce3323a79/build]   | Downloading https://files.pythonhosted.org/packages/3c/f8/b6d7fd81464553e24a07f9d444126db3beb902b6bff6fcd6524d8284097f/protobuf-3.19.6-cp38-cp38-manylinux_2_17_x86_64.manylinux2014_x86_64.whl#sha256=7a552af4dc34793803f4e735aabe97ffc45962dfd3a237bdde242bff5a3de684\n[0ccb0ce0-75e9-4f68-89c1-ab0ce3323a79/build]   | Best match: protobuf 3.19.6\n[0ccb0ce0-75e9-4f68-89c1-ab0ce3323a79/build]   | Processing protobuf-3.19.6-cp38-cp38-manylinux_2_17_x86_64.manylinux2014_x86_64.whl\n[0ccb0ce0-75e9-4f68-89c1-ab0ce3323a79/build]   | Installing protobuf-3.19.6-cp38-cp38-manylinux_2_17_x86_64.manylinux2014_x86_64.whl to /opt/hostedtoolcache/Python/3.8.11/x64/lib/python3.8/site-packages\n[0ccb0ce0-75e9-4f68-89c1-ab0ce3323a79/build]   | Adding protobuf 3.19.6 to easy-install.pth file\n[0ccb0ce0-75e9-4f68-89c1-ab0ce3323a79/build]   | \n[0ccb0ce0-75e9-4f68-89c1-ab0ce3323a79/build]   | Installed /opt/hostedtoolcache/Python/3.8.11/x64/lib/python3.8/site-packages/protobuf-3.19.6-py3.8-linux-x86_64.egg\n[0ccb0ce0-75e9-4f68-89c1-ab0ce3323a79/build]   | Searching for keras<2.12.0\n[0ccb0ce0-75e9-4f68-89c1-ab0ce3323a79/build]   | Reading https://pypi.org/simple/keras/\n[0ccb0ce0-75e9-4f68-89c1-ab0ce3323a79/build]   | Downloading https://files.pythonhosted.org/packages/de/44/bf1b0eef5b13e6201aef076ff34b91bc40aace8591cd273c1c2a94a9cc00/keras-2.11.0-py2.py3-none-any.whl#sha256=38c6fff0ea9a8b06a2717736565c92a73c8cd9b1c239e7125ccb188b7848f65e\n[0ccb0ce0-75e9-4f68-89c1-ab0ce3323a79/build]   | Best match: keras 2.11.0\n[0ccb0ce0-75e9-4f68-89c1-ab0ce3323a79/build]   | Processing keras-2.11.0-py2.py3-none-any.whl\n[0ccb0ce0-75e9-4f68-89c1-ab0ce3323a79/build]   | Installing keras-2.11.0-py2.py3-none-any.whl to /opt/hostedtoolcache/Python/3.8.11/x64/lib/python3.8/site-packages\n[0ccb0ce0-75e9-4f68-89c1-ab0ce3323a79/build]   | Adding keras 2.11.0 to easy-install.pth file\n[0ccb0ce0-75e9-4f68-89c1-ab0ce3323a79/build]   | \n[0ccb0ce0-75e9-4f68-89c1-ab0ce3323a79/build]   | Installed /opt/hostedtoolcache/Python/3.8.11/x64/lib/python3.8/site-packages/keras-2.11.0-py3.8.egg\n[0ccb0ce0-75e9-4f68-89c1-ab0ce3323a79/build]   | Searching for tensorflow<2.12.0\n[0ccb0ce0-75e9-4f68-89c1-ab0ce3323a79/build]   | Reading https://pypi.org/simple/tensorflow/\n[0ccb0ce0-75e9-4f68-89c1-ab0ce3323a79/build]   | Downloading https://files.pythonhosted.org/packages/d9/ab/038c68864bc84f2463936aa3dedf64136c61623f7ed300b9e9ea5783be2e/tensorflow-2.11.1-cp38-cp38-manylinux_2_17_x86_64.manylinux2014_x86_64.whl#sha256=76cd4279cb500074a8ab28af116af7f060f0b015651bef552769d51e55d6fd5c\n[0ccb0ce0-75e9-4f68-89c1-ab0ce3323a79/build]   | Best match: tensorflow 2.11.1\n[0ccb0ce0-75e9-4f68-89c1-ab0ce3323a79/build]   | Processing tensorflow-2.11.1-cp38-cp38-manylinux_2_17_x86_64.manylinux2014_x86_64.whl\n[0ccb0ce0-75e9-4f68-89c1-ab0ce3323a79/build]   | Installing tensorflow-2.11.1-cp38-cp38-manylinux_2_17_x86_64.manylinux2014_x86_64.whl to /opt/hostedtoolcache/Python/3.8.11/x64/lib/python3.8/site-packages\n[0ccb0ce0-75e9-4f68-89c1-ab0ce3323a79/build]   | Adding tensorflow 2.11.1 to easy-install.pth file\n[0ccb0ce0-75e9-4f68-89c1-ab0ce3323a79/build]   | Installing estimator_ckpt_converter script to /opt/hostedtoolcache/Python/3.8.11/x64/bin\n[0ccb0ce0-75e9-4f68-89c1-ab0ce3323a79/build]   | Installing import_pb_to_tensorboard script to /opt/hostedtoolcache/Python/3.8.11/x64/bin\n[0ccb0ce0-75e9-4f68-89c1-ab0ce3323a79/build]   | Installing saved_model_cli script to /opt/hostedtoolcache/Python/3.8.11/x64/bin\n[0ccb0ce0-75e9-4f68-89c1-ab0ce3323a79/build]   | Installing tensorboard script to /opt/hostedtoolcache/Python/3.8.11/x64/bin\n[0ccb0ce0-75e9-4f68-89c1-ab0ce3323a79/build]   | Installing tf_upgrade_v2 script to /opt/hostedtoolcache/Python/3.8.11/x64/bin\n[0ccb0ce0-75e9-4f68-89c1-ab0ce3323a79/build]   | Installing tflite_convert script to /opt/hostedtoolcache/Python/3.8.11/x64/bin\n[0ccb0ce0-75e9-4f68-89c1-ab0ce3323a79/build]   | Installing toco script to /opt/hostedtoolcache/Python/3.8.11/x64/bin\n[0ccb0ce0-75e9-4f68-89c1-ab0ce3323a79/build]   | Installing toco_from_protos script to /opt/hostedtoolcache/Python/3.8.11/x64/bin\n[0ccb0ce0-75e9-4f68-89c1-ab0ce3323a79/build]   | \n[0ccb0ce0-75e9-4f68-89c1-ab0ce3323a79/build]   | Installed /opt/hostedtoolcache/Python/3.8.11/x64/lib/python3.8/site-packages/tensorflow-2.11.1-py3.8-linux-x86_64.egg\n[0ccb0ce0-75e9-4f68-89c1-ab0ce3323a79/build]   | Searching for wrapt>=1.11.0\n[0ccb0ce0-75e9-4f68-89c1-ab0ce3323a79/build]   | Reading https://pypi.org/simple/wrapt/\n[0ccb0ce0-75e9-4f68-89c1-ab0ce3323a79/build]   | Downloading https://files.pythonhosted.org/packages/f8/f8/e068dafbb844c1447c55b23c921f3d338cddaba4ea53187a7dd0058452d9/wrapt-1.15.0-py3-none-any.whl#sha256=64b1df0f83706b4ef4cfb4fb0e4c2669100fd7ecacfb59e091fad300d4e04640\n[0ccb0ce0-75e9-4f68-89c1-ab0ce3323a79/build]   | Best match: wrapt 1.15.0\n[0ccb0ce0-75e9-4f68-89c1-ab0ce3323a79/build]   | Processing wrapt-1.15.0-py3-none-any.whl\n[0ccb0ce0-75e9-4f68-89c1-ab0ce3323a79/build]   | Installing wrapt-1.15.0-py3-none-any.whl to /opt/hostedtoolcache/Python/3.8.11/x64/lib/python3.8/site-packages\n[0ccb0ce0-75e9-4f68-89c1-ab0ce3323a79/build]   | Adding wrapt 1.15.0 to easy-install.pth file\n[0ccb0ce0-75e9-4f68-89c1-ab0ce3323a79/build]   | \n[0ccb0ce0-75e9-4f68-89c1-ab0ce3323a79/build]   | Installed /opt/hostedtoolcache/Python/3.8.11/x64/lib/python3.8/site-packages/wrapt-1.15.0-py3.8.egg\n[0ccb0ce0-75e9-4f68-89c1-ab0ce3323a79/build]   | Searching for termcolor>=1.1.0\n[0ccb0ce0-75e9-4f68-89c1-ab0ce3323a79/build]   | Reading https://pypi.org/simple/termcolor/\n[0ccb0ce0-75e9-4f68-89c1-ab0ce3323a79/build]   | Downloading https://files.pythonhosted.org/packages/67/e1/434566ffce04448192369c1a282931cf4ae593e91907558eaecd2e9f2801/termcolor-2.3.0-py3-none-any.whl#sha256=3afb05607b89aed0ffe25202399ee0867ad4d3cb4180d98aaf8eefa6a5f7d475\n[0ccb0ce0-75e9-4f68-89c1-ab0ce3323a79/build]   | Best match: termcolor 2.3.0\n[0ccb0ce0-75e9-4f68-89c1-ab0ce3323a79/build]   | Processing termcolor-2.3.0-py3-none-any.whl\n[0ccb0ce0-75e9-4f68-89c1-ab0ce3323a79/build]   | Installing termcolor-2.3.0-py3-none-any.whl to /opt/hostedtoolcache/Python/3.8.11/x64/lib/python3.8/site-packages\n[0ccb0ce0-75e9-4f68-89c1-ab0ce3323a79/build]   | Adding termcolor 2.3.0 to easy-install.pth file\n[0ccb0ce0-75e9-4f68-89c1-ab0ce3323a79/build]   | \n[0ccb0ce0-75e9-4f68-89c1-ab0ce3323a79/build]   | Installed /opt/hostedtoolcache/Python/3.8.11/x64/lib/python3.8/site-packages/termcolor-2.3.0-py3.8.egg\n[0ccb0ce0-75e9-4f68-89c1-ab0ce3323a79/build]   | Searching for tensorflow-io-gcs-filesystem>=0.23.1\n[0ccb0ce0-75e9-4f68-89c1-ab0ce3323a79/build]   | Reading https://pypi.org/simple/tensorflow-io-gcs-filesystem/\n[0ccb0ce0-75e9-4f68-89c1-ab0ce3323a79/build]   | Downloading https://files.pythonhosted.org/packages/e1/10/1dc513724b5366b192989859160477c4944810440646f4d55318ca0a2917/tensorflow_io_gcs_filesystem-0.32.0-cp38-cp38-manylinux_2_12_x86_64.manylinux2010_x86_64.whl#sha256=79fdd02103b8ae9f8b89af41f744c013fa1caaea709de19833917795e3063857\n[0ccb0ce0-75e9-4f68-89c1-ab0ce3323a79/build]   | Best match: tensorflow-io-gcs-filesystem 0.32.0\n[0ccb0ce0-75e9-4f68-89c1-ab0ce3323a79/build]   | Processing tensorflow_io_gcs_filesystem-0.32.0-cp38-cp38-manylinux_2_12_x86_64.manylinux2010_x86_64.whl\n[0ccb0ce0-75e9-4f68-89c1-ab0ce3323a79/build]   | Installing tensorflow_io_gcs_filesystem-0.32.0-cp38-cp38-manylinux_2_12_x86_64.manylinux2010_x86_64.whl to /opt/hostedtoolcache/Python/3.8.11/x64/lib/python3.8/site-packages\n[0ccb0ce0-75e9-4f68-89c1-ab0ce3323a79/build]   | Adding tensorflow-io-gcs-filesystem 0.32.0 to easy-install.pth file\n[0ccb0ce0-75e9-4f68-89c1-ab0ce3323a79/build]   | \n[0ccb0ce0-75e9-4f68-89c1-ab0ce3323a79/build]   | Installed /opt/hostedtoolcache/Python/3.8.11/x64/lib/python3.8/site-packages/tensorflow_io_gcs_filesystem-0.32.0-py3.8-linux-x86_64.egg\n[0ccb0ce0-75e9-4f68-89c1-ab0ce3323a79/build]   | Searching for tensorflow-estimator<2.12,>=2.11.0\n[0ccb0ce0-75e9-4f68-89c1-ab0ce3323a79/build]   | Reading https://pypi.org/simple/tensorflow-estimator/\n[0ccb0ce0-75e9-4f68-89c1-ab0ce3323a79/build]   | Downloading https://files.pythonhosted.org/packages/bb/e2/8bf618c7c30a525054230ee6d40b036d3e5abc2c4ff67cf7c7420a519204/tensorflow_estimator-2.11.0-py2.py3-none-any.whl#sha256=ea3b64acfff3d9a244f06178c9bdedcbdd3f125b67d0888dba8229498d06468b\n[0ccb0ce0-75e9-4f68-89c1-ab0ce3323a79/build]   | Best match: tensorflow-estimator 2.11.0\n[0ccb0ce0-75e9-4f68-89c1-ab0ce3323a79/build]   | Processing tensorflow_estimator-2.11.0-py2.py3-none-any.whl\n[0ccb0ce0-75e9-4f68-89c1-ab0ce3323a79/build]   | Installing tensorflow_estimator-2.11.0-py2.py3-none-any.whl to /opt/hostedtoolcache/Python/3.8.11/x64/lib/python3.8/site-packages\n[0ccb0ce0-75e9-4f68-89c1-ab0ce3323a79/build]   | Adding tensorflow-estimator 2.11.0 to easy-install.pth file\n[0ccb0ce0-75e9-4f68-89c1-ab0ce3323a79/build]   | \n[0ccb0ce0-75e9-4f68-89c1-ab0ce3323a79/build]   | Installed /opt/hostedtoolcache/Python/3.8.11/x64/lib/python3.8/site-packages/tensorflow_estimator-2.11.0-py3.8.egg\n[0ccb0ce0-75e9-4f68-89c1-ab0ce3323a79/build]   | Searching for tensorboard<2.12,>=2.11\n[0ccb0ce0-75e9-4f68-89c1-ab0ce3323a79/build]   | Reading https://pypi.org/simple/tensorboard/\n[0ccb0ce0-75e9-4f68-89c1-ab0ce3323a79/build]   | Downloading https://files.pythonhosted.org/packages/6f/77/e624b4916531721e674aa105151ffa5223fb224d3ca4bd5c10574664f944/tensorboard-2.11.2-py3-none-any.whl#sha256=cbaa2210c375f3af1509f8571360a19ccc3ded1d9641533414874b5deca47e89\n[0ccb0ce0-75e9-4f68-89c1-ab0ce3323a79/build]   | Best match: tensorboard 2.11.2\n[0ccb0ce0-75e9-4f68-89c1-ab0ce3323a79/build]   | Processing tensorboard-2.11.2-py3-none-any.whl\n[0ccb0ce0-75e9-4f68-89c1-ab0ce3323a79/build]   | Installing tensorboard-2.11.2-py3-none-any.whl to /opt/hostedtoolcache/Python/3.8.11/x64/lib/python3.8/site-packages\n[0ccb0ce0-75e9-4f68-89c1-ab0ce3323a79/build]   | Adding tensorboard 2.11.2 to easy-install.pth file\n[0ccb0ce0-75e9-4f68-89c1-ab0ce3323a79/build]   | Installing tensorboard script to /opt/hostedtoolcache/Python/3.8.11/x64/bin\n[0ccb0ce0-75e9-4f68-89c1-ab0ce3323a79/build]   | \n[0ccb0ce0-75e9-4f68-89c1-ab0ce3323a79/build]   | Installed /opt/hostedtoolcache/Python/3.8.11/x64/lib/python3.8/site-packages/tensorboard-2.11.2-py3.8.egg\n[0ccb0ce0-75e9-4f68-89c1-ab0ce3323a79/build]   | Searching for six>=1.12.0\n[0ccb0ce0-75e9-4f68-89c1-ab0ce3323a79/build]   | Reading https://pypi.org/simple/six/\n[0ccb0ce0-75e9-4f68-89c1-ab0ce3323a79/build]   | Downloading https://files.pythonhosted.org/packages/d9/5a/e7c31adbe875f2abbb91bd84cf2dc52d792b5a01506781dbcf25c91daf11/six-1.16.0-py2.py3-none-any.whl#sha256=8abb2f1d86890a2dfb989f9a77cfcfd3e47c2a354b01111771326f8aa26e0254\n[0ccb0ce0-75e9-4f68-89c1-ab0ce3323a79/build]   | Best match: six 1.16.0\n[0ccb0ce0-75e9-4f68-89c1-ab0ce3323a79/build]   | Processing six-1.16.0-py2.py3-none-any.whl\n[0ccb0ce0-75e9-4f68-89c1-ab0ce3323a79/build]   | Installing six-1.16.0-py2.py3-none-any.whl to /opt/hostedtoolcache/Python/3.8.11/x64/lib/python3.8/site-packages\n[0ccb0ce0-75e9-4f68-89c1-ab0ce3323a79/build]   | Adding six 1.16.0 to easy-install.pth file\n[0ccb0ce0-75e9-4f68-89c1-ab0ce3323a79/build]   | \n[0ccb0ce0-75e9-4f68-89c1-ab0ce3323a79/build]   | Installed /opt/hostedtoolcache/Python/3.8.11/x64/lib/python3.8/site-packages/six-1.16.0-py3.8.egg\n[0ccb0ce0-75e9-4f68-89c1-ab0ce3323a79/build]   | Searching for opt-einsum>=2.3.2\n[0ccb0ce0-75e9-4f68-89c1-ab0ce3323a79/build]   | Reading https://pypi.org/simple/opt-einsum/\n[0ccb0ce0-75e9-4f68-89c1-ab0ce3323a79/build]   | Downloading https://files.pythonhosted.org/packages/bc/19/404708a7e54ad2798907210462fd950c3442ea51acc8790f3da48d2bee8b/opt_einsum-3.3.0-py3-none-any.whl#sha256=2455e59e3947d3c275477df7f5205b30635e266fe6dc300e3d9f9646bfcea147\n[0ccb0ce0-75e9-4f68-89c1-ab0ce3323a79/build]   | Best match: opt-einsum 3.3.0\n[0ccb0ce0-75e9-4f68-89c1-ab0ce3323a79/build]   | Processing opt_einsum-3.3.0-py3-none-any.whl\n[0ccb0ce0-75e9-4f68-89c1-ab0ce3323a79/build]   | Installing opt_einsum-3.3.0-py3-none-any.whl to /opt/hostedtoolcache/Python/3.8.11/x64/lib/python3.8/site-packages\n[0ccb0ce0-75e9-4f68-89c1-ab0ce3323a79/build]   | Adding opt-einsum 3.3.0 to easy-install.pth file\n[0ccb0ce0-75e9-4f68-89c1-ab0ce3323a79/build]   | \n[0ccb0ce0-75e9-4f68-89c1-ab0ce3323a79/build]   | Installed /opt/hostedtoolcache/Python/3.8.11/x64/lib/python3.8/site-packages/opt_einsum-3.3.0-py3.8.egg\n[0ccb0ce0-75e9-4f68-89c1-ab0ce3323a79/build]   | Searching for numpy>=1.20\n[0ccb0ce0-75e9-4f68-89c1-ab0ce3323a79/build]   | Reading https://pypi.org/simple/numpy/\n[0ccb0ce0-75e9-4f68-89c1-ab0ce3323a79/build]   | Downloading https://files.pythonhosted.org/packages/d0/b2/fe774844d1857804cc884bba67bec38f649c99d0dc1ee7cbbf1da601357c/numpy-1.25.0.tar.gz#sha256=f1accae9a28dc3cda46a91de86acf69de0d1b5f4edd44a9b0c3ceb8036dfff19\n[0ccb0ce0-75e9-4f68-89c1-ab0ce3323a79/build]   | Best match: numpy 1.25.0\n[0ccb0ce0-75e9-4f68-89c1-ab0ce3323a79/build]   | Processing numpy-1.25.0.tar.gz\n[0ccb0ce0-75e9-4f68-89c1-ab0ce3323a79/build]   | Writing /tmp/easy_install-jd17e21o/numpy-1.25.0/setup.cfg\n[0ccb0ce0-75e9-4f68-89c1-ab0ce3323a79/build]   | Running numpy-1.25.0/setup.py -q bdist_egg --dist-dir /tmp/easy_install-jd17e21o/numpy-1.25.0/egg-dist-tmp-2x9vlnh0\n[0ccb0ce0-75e9-4f68-89c1-ab0ce3323a79/build]   | /opt/hostedtoolcache/Python/3.8.11/x64/lib/python3.8/site-packages/setuptools/dist.py:642: UserWarning: Usage of dash-separated 'description-file' will not be supported in future versions. Please use the underscore name 'description_file' instead\n[0ccb0ce0-75e9-4f68-89c1-ab0ce3323a79/build]   |   warnings.warn(\n[0ccb0ce0-75e9-4f68-89c1-ab0ce3323a79/build]   | Traceback (most recent call last):\n[0ccb0ce0-75e9-4f68-89c1-ab0ce3323a79/build]   |   File \"/opt/hostedtoolcache/Python/3.8.11/x64/lib/python3.8/site-packages/setuptools/sandbox.py\", line 152, in save_modules\n[0ccb0ce0-75e9-4f68-89c1-ab0ce3323a79/build]   |     yield saved\n[0ccb0ce0-75e9-4f68-89c1-ab0ce3323a79/build]   |   File \"/opt/hostedtoolcache/Python/3.8.11/x64/lib/python3.8/site-packages/setuptools/sandbox.py\", line 193, in setup_context\n[0ccb0ce0-75e9-4f68-89c1-ab0ce3323a79/build]   |     yield\n[0ccb0ce0-75e9-4f68-89c1-ab0ce3323a79/build]   |   File \"/opt/hostedtoolcache/Python/3.8.11/x64/lib/python3.8/site-packages/setuptools/sandbox.py\", line 254, in run_setup\n[0ccb0ce0-75e9-4f68-89c1-ab0ce3323a79/build]   |     _execfile(setup_script, ns)\n[0ccb0ce0-75e9-4f68-89c1-ab0ce3323a79/build]   |   File \"/opt/hostedtoolcache/Python/3.8.11/x64/lib/python3.8/site-packages/setuptools/sandbox.py\", line 43, in _execfile\n[0ccb0ce0-75e9-4f68-89c1-ab0ce3323a79/build]   |     exec(code, globals, locals)\n[0ccb0ce0-75e9-4f68-89c1-ab0ce3323a79/build]   |   File \"/tmp/easy_install-jd17e21o/numpy-1.25.0/setup.py\", line 22, in <module>\n[0ccb0ce0-75e9-4f68-89c1-ab0ce3323a79/build]   |     \"Programming Language :: Python :: 3.6\",\n[0ccb0ce0-75e9-4f68-89c1-ab0ce3323a79/build]   | RuntimeError: Python version >= 3.9 required.\n[0ccb0ce0-75e9-4f68-89c1-ab0ce3323a79/build]   | \n[0ccb0ce0-75e9-4f68-89c1-ab0ce3323a79/build]   | During handling of the above exception, another exception occurred:\n[0ccb0ce0-75e9-4f68-89c1-ab0ce3323a79/build]   | \n[0ccb0ce0-75e9-4f68-89c1-ab0ce3323a79/build]   | Traceback (most recent call last):\n[0ccb0ce0-75e9-4f68-89c1-ab0ce3323a79/build]   |   File \"setup.py\", line 4, in <module>\n[0ccb0ce0-75e9-4f68-89c1-ab0ce3323a79/build]   |     setup(\n[0ccb0ce0-75e9-4f68-89c1-ab0ce3323a79/build]   |   File \"/opt/hostedtoolcache/Python/3.8.11/x64/lib/python3.8/site-packages/setuptools/__init__.py\", line 153, in setup\n[0ccb0ce0-75e9-4f68-89c1-ab0ce3323a79/build]   |     return distutils.core.setup(**attrs)\n[0ccb0ce0-75e9-4f68-89c1-ab0ce3323a79/build]   |   File \"/opt/hostedtoolcache/Python/3.8.11/x64/lib/python3.8/distutils/core.py\", line 148, in setup\n[0ccb0ce0-75e9-4f68-89c1-ab0ce3323a79/build]   |     dist.run_commands()\n[0ccb0ce0-75e9-4f68-89c1-ab0ce3323a79/build]   |   File \"/opt/hostedtoolcache/Python/3.8.11/x64/lib/python3.8/distutils/dist.py\", line 966, in run_commands\n[0ccb0ce0-75e9-4f68-89c1-ab0ce3323a79/build]   |     self.run_command(cmd)\n[0ccb0ce0-75e9-4f68-89c1-ab0ce3323a79/build]   |   File \"/opt/hostedtoolcache/Python/3.8.11/x64/lib/python3.8/distutils/dist.py\", line 985, in run_command\n[0ccb0ce0-75e9-4f68-89c1-ab0ce3323a79/build]   |     cmd_obj.run()\n[0ccb0ce0-75e9-4f68-89c1-ab0ce3323a79/build]   |   File \"/opt/hostedtoolcache/Python/3.8.11/x64/lib/python3.8/site-packages/setuptools/command/develop.py\", line 34, in run\n[0ccb0ce0-75e9-4f68-89c1-ab0ce3323a79/build]   |     self.install_for_development()\n[0ccb0ce0-75e9-4f68-89c1-ab0ce3323a79/build]   |   File \"/opt/hostedtoolcache/Python/3.8.11/x64/lib/python3.8/site-packages/setuptools/command/develop.py\", line 151, in install_for_development\n[0ccb0ce0-75e9-4f68-89c1-ab0ce3323a79/build]   |     self.process_distribution(None, self.dist, not self.no_deps)\n[0ccb0ce0-75e9-4f68-89c1-ab0ce3323a79/build]   |   File \"/opt/hostedtoolcache/Python/3.8.11/x64/lib/python3.8/site-packages/setuptools/command/easy_install.py\", line 744, in process_distribution\n[0ccb0ce0-75e9-4f68-89c1-ab0ce3323a79/build]   |     distros = WorkingSet([]).resolve(\n[0ccb0ce0-75e9-4f68-89c1-ab0ce3323a79/build]   |   File \"/opt/hostedtoolcache/Python/3.8.11/x64/lib/python3.8/site-packages/pkg_resources/__init__.py\", line 766, in resolve\n[0ccb0ce0-75e9-4f68-89c1-ab0ce3323a79/build]   |     dist = best[req.key] = env.best_match(\n[0ccb0ce0-75e9-4f68-89c1-ab0ce3323a79/build]   |   File \"/opt/hostedtoolcache/Python/3.8.11/x64/lib/python3.8/site-packages/pkg_resources/__init__.py\", line 1051, in best_match\n[0ccb0ce0-75e9-4f68-89c1-ab0ce3323a79/build]   |     return self.obtain(req, installer)\n[0ccb0ce0-75e9-4f68-89c1-ab0ce3323a79/build]   |   File \"/opt/hostedtoolcache/Python/3.8.11/x64/lib/python3.8/site-packages/pkg_resources/__init__.py\", line 1063, in obtain\n[0ccb0ce0-75e9-4f68-89c1-ab0ce3323a79/build]   |     return installer(requirement)\n[0ccb0ce0-75e9-4f68-89c1-ab0ce3323a79/build]   |   File \"/opt/hostedtoolcache/Python/3.8.11/x64/lib/python3.8/site-packages/setuptools/command/easy_install.py\", line 669, in easy_install\n[0ccb0ce0-75e9-4f68-89c1-ab0ce3323a79/build]   |     return self.install_item(spec, dist.location, tmpdir, deps)\n[0ccb0ce0-75e9-4f68-89c1-ab0ce3323a79/build]   |   File \"/opt/hostedtoolcache/Python/3.8.11/x64/lib/python3.8/site-packages/setuptools/command/easy_install.py\", line 695, in install_item\n[0ccb0ce0-75e9-4f68-89c1-ab0ce3323a79/build]   |     dists = self.install_eggs(spec, download, tmpdir)\n[0ccb0ce0-75e9-4f68-89c1-ab0ce3323a79/build]   |   File \"/opt/hostedtoolcache/Python/3.8.11/x64/lib/python3.8/site-packages/setuptools/command/easy_install.py\", line 890, in install_eggs\n[0ccb0ce0-75e9-4f68-89c1-ab0ce3323a79/build]   |     return self.build_and_install(setup_script, setup_base)\n[0ccb0ce0-75e9-4f68-89c1-ab0ce3323a79/build]   |   File \"/opt/hostedtoolcache/Python/3.8.11/x64/lib/python3.8/site-packages/setuptools/command/easy_install.py\", line 1162, in build_and_install\n[0ccb0ce0-75e9-4f68-89c1-ab0ce3323a79/build]   |     self.run_setup(setup_script, setup_base, args)\n[0ccb0ce0-75e9-4f68-89c1-ab0ce3323a79/build]   |   File \"/opt/hostedtoolcache/Python/3.8.11/x64/lib/python3.8/site-packages/setuptools/command/easy_install.py\", line 1146, in run_setup\n[0ccb0ce0-75e9-4f68-89c1-ab0ce3323a79/build]   |     run_setup(setup_script, args)\n[0ccb0ce0-75e9-4f68-89c1-ab0ce3323a79/build]   |   File \"/opt/hostedtoolcache/Python/3.8.11/x64/lib/python3.8/site-packages/setuptools/sandbox.py\", line 257, in run_setup\n[0ccb0ce0-75e9-4f68-89c1-ab0ce3323a79/build]   |     raise\n[0ccb0ce0-75e9-4f68-89c1-ab0ce3323a79/build]   |   File \"/opt/hostedtoolcache/Python/3.8.11/x64/lib/python3.8/contextlib.py\", line 131, in __exit__\n[0ccb0ce0-75e9-4f68-89c1-ab0ce3323a79/build]   |     self.gen.throw(type, value, traceback)\n[0ccb0ce0-75e9-4f68-89c1-ab0ce3323a79/build]   |   File \"/opt/hostedtoolcache/Python/3.8.11/x64/lib/python3.8/site-packages/setuptools/sandbox.py\", line 193, in setup_context\n[0ccb0ce0-75e9-4f68-89c1-ab0ce3323a79/build]   |     yield\n[0ccb0ce0-75e9-4f68-89c1-ab0ce3323a79/build]   |   File \"/opt/hostedtoolcache/Python/3.8.11/x64/lib/python3.8/contextlib.py\", line 131, in __exit__\n[0ccb0ce0-75e9-4f68-89c1-ab0ce3323a79/build]   |     self.gen.throw(type, value, traceback)\n[0ccb0ce0-75e9-4f68-89c1-ab0ce3323a79/build]   |   File \"/opt/hostedtoolcache/Python/3.8.11/x64/lib/python3.8/site-packages/setuptools/sandbox.py\", line 164, in save_modules\n[0ccb0ce0-75e9-4f68-89c1-ab0ce3323a79/build]   |     saved_exc.resume()\n[0ccb0ce0-75e9-4f68-89c1-ab0ce3323a79/build]   |   File \"/opt/hostedtoolcache/Python/3.8.11/x64/lib/python3.8/site-packages/setuptools/sandbox.py\", line 139, in resume\n[0ccb0ce0-75e9-4f68-89c1-ab0ce3323a79/build]   |     raise exc.with_traceback(self._tb)\n[0ccb0ce0-75e9-4f68-89c1-ab0ce3323a79/build]   |   File \"/opt/hostedtoolcache/Python/3.8.11/x64/lib/python3.8/site-packages/setuptools/sandbox.py\", line 152, in save_modules\n[0ccb0ce0-75e9-4f68-89c1-ab0ce3323a79/build]   |     yield saved\n[0ccb0ce0-75e9-4f68-89c1-ab0ce3323a79/build]   |   File \"/opt/hostedtoolcache/Python/3.8.11/x64/lib/python3.8/site-packages/setuptools/sandbox.py\", line 193, in setup_context\n[0ccb0ce0-75e9-4f68-89c1-ab0ce3323a79/build]   |     yield\n[0ccb0ce0-75e9-4f68-89c1-ab0ce3323a79/build]   |   File \"/opt/hostedtoolcache/Python/3.8.11/x64/lib/python3.8/site-packages/setuptools/sandbox.py\", line 254, in run_setup\n[0ccb0ce0-75e9-4f68-89c1-ab0ce3323a79/build]   |     _execfile(setup_script, ns)\n[0ccb0ce0-75e9-4f68-89c1-ab0ce3323a79/build]   |   File \"/opt/hostedtoolcache/Python/3.8.11/x64/lib/python3.8/site-packages/setuptools/sandbox.py\", line 43, in _execfile\n[0ccb0ce0-75e9-4f68-89c1-ab0ce3323a79/build]   |     exec(code, globals, locals)\n[0ccb0ce0-75e9-4f68-89c1-ab0ce3323a79/build]   |   File \"/tmp/easy_install-jd17e21o/numpy-1.25.0/setup.py\", line 22, in <module>\n[0ccb0ce0-75e9-4f68-89c1-ab0ce3323a79/build]   |     \"Programming Language :: Python :: 3.6\",\n[0ccb0ce0-75e9-4f68-89c1-ab0ce3323a79/build]   | RuntimeError: Python version >= 3.9 required.\n[0ccb0ce0-75e9-4f68-89c1-ab0ce3323a79/build]   \u274c  Failure - Main Install dependencies\n[0ccb0ce0-75e9-4f68-89c1-ab0ce3323a79/build] exitcode '1': failure\n[0ccb0ce0-75e9-4f68-89c1-ab0ce3323a79/build] \ud83c\udfc1  Job failed\n",
        "stderr": "Error: Job 'build' failed\n",
        "workflow": "/tmp/ad9c0f7e-1596-11ee-8a50-bb14de238602/master-tensorflow-riemopt/.github/workflows/build-crawler.yml",
        "build_tool": "pytest",
        "elapsed_time": 204.6637179851532
    }
}