{
    "repository": "mercadopago/sdk-python",
    "stars": 139,
    "language": "python",
    "size": 429,
    "clone_url": "https://github.com/mercadopago/sdk-python.git",
    "timestamp": "2023-07-01T09:30:26.934769Z",
    "clone_success": true,
    "number_of_actions": 3,
    "number_of_test_actions": 1,
    "actions_successful": true,
    "actions_build_tools": [
        "unknown",
        "unknown",
        "unittest"
    ],
    "actions_test_build_tools": [
        "unittest"
    ],
    "actions_run": {
        "failed": false,
        "tests": [
            {
                "classname": "test_card_token.TestCardToken",
                "name": "test_all",
                "time": 0.909,
                "results": [
                    {
                        "result": "Passed",
                        "message": "",
                        "type": ""
                    }
                ],
                "stdout": null,
                "stderr": null
            },
            {
                "classname": "test_preapproval.TestPreApproval",
                "name": "test_create",
                "time": 0.001,
                "results": [
                    {
                        "result": "Passed",
                        "message": "",
                        "type": ""
                    }
                ],
                "stdout": null,
                "stderr": null
            },
            {
                "classname": "test_plan.TestPlan",
                "name": "test_all",
                "time": 2.522,
                "results": [
                    {
                        "result": "Passed",
                        "message": "",
                        "type": ""
                    }
                ],
                "stdout": null,
                "stderr": null
            },
            {
                "classname": "test_chargeback.TestChargeback",
                "name": "test_search_chargeback",
                "time": 0.451,
                "results": [
                    {
                        "result": "Passed",
                        "message": "",
                        "type": ""
                    }
                ],
                "stdout": null,
                "stderr": null
            },
            {
                "classname": "test_subscription.TestSubscription",
                "name": "test_create_subscriptions_without_a_plan",
                "time": 2.335,
                "results": [
                    {
                        "result": "Passed",
                        "message": "",
                        "type": ""
                    }
                ],
                "stdout": null,
                "stderr": null
            },
            {
                "classname": "test_subscription.TestSubscription",
                "name": "test_all",
                "time": 1.139,
                "results": [
                    {
                        "result": "Failure",
                        "message": "400 != 201",
                        "type": "AssertionError"
                    }
                ],
                "stdout": null,
                "stderr": null
            },
            {
                "classname": "test_card.TestCard",
                "name": "test_all",
                "time": 2.306,
                "results": [
                    {
                        "result": "Passed",
                        "message": "",
                        "type": ""
                    }
                ],
                "stdout": "\n{'status': 201, 'response': {'id': 'ee0ef8242480ed70e5590fec9297f761', 'first_six_digits': '407409', 'expiration_month': 12, 'expiration_year': 2023, 'last_four_digits': '0004', 'cardholder': {'identification': {}, 'name': 'APRO'}, 'status': 'active', 'date_created': '2023-07-01T05:32:15.790-04:00', 'date_last_updated': '2023-07-01T05:32:15.790-04:00', 'date_due': '2023-07-09T05:32:15.790-04:00', 'luhn_validation': True, 'live_mode': True, 'require_esc': False, 'card_number_length': 16, 'security_code_length': 3}}\n\t\t",
                "stderr": null
            },
            {
                "classname": "test_identification_type.TestIdentificationType",
                "name": "test_find_all",
                "time": 0.402,
                "results": [
                    {
                        "result": "Passed",
                        "message": "",
                        "type": ""
                    }
                ],
                "stdout": null,
                "stderr": null
            },
            {
                "classname": "test_payment.TestPayment",
                "name": "test_create_and_find",
                "time": 2.019,
                "results": [
                    {
                        "result": "Passed",
                        "message": "",
                        "type": ""
                    }
                ],
                "stdout": null,
                "stderr": null
            },
            {
                "classname": "test_customer.TestCustomer",
                "name": "test_all",
                "time": 2.012,
                "results": [
                    {
                        "result": "Passed",
                        "message": "",
                        "type": ""
                    }
                ],
                "stdout": null,
                "stderr": null
            },
            {
                "classname": "test_advanced_payment.TestAdvancedPayment",
                "name": "test_all",
                "time": 0.012,
                "results": [
                    {
                        "result": "Skipped",
                        "message": "Outdated API usage",
                        "type": "skip"
                    }
                ],
                "stdout": null,
                "stderr": null
            },
            {
                "classname": "test_merchant_order.TestMerchantOrder",
                "name": "test_all",
                "time": 2.352,
                "results": [
                    {
                        "result": "Passed",
                        "message": "",
                        "type": ""
                    }
                ],
                "stdout": null,
                "stderr": null
            },
            {
                "classname": "test_user.TestUser",
                "name": "test_find_user",
                "time": 0.396,
                "results": [
                    {
                        "result": "Passed",
                        "message": "",
                        "type": ""
                    }
                ],
                "stdout": null,
                "stderr": null
            },
            {
                "classname": "test_preference.TestPreference",
                "name": "test_all",
                "time": 1.701,
                "results": [
                    {
                        "result": "Passed",
                        "message": "",
                        "type": ""
                    }
                ],
                "stdout": null,
                "stderr": null
            },
            {
                "classname": "test_payment_methods.TestPaymentMethods",
                "name": "test_find",
                "time": 0.542,
                "results": [
                    {
                        "result": "Passed",
                        "message": "",
                        "type": ""
                    }
                ],
                "stdout": null,
                "stderr": null
            }
        ],
        "stdout": "[0ee0fbeb-4f3d-4970-8958-ac0125b2ff8a/build] \ud83d\ude80  Start image=crawlergpt:latest\n[0ee0fbeb-4f3d-4970-8958-ac0125b2ff8a/build]   \ud83d\udc33  docker pull image=crawlergpt:latest platform= username= forcePull=false\n[0ee0fbeb-4f3d-4970-8958-ac0125b2ff8a/build]   \ud83d\udc33  docker create image=crawlergpt:latest platform= entrypoint=[\"tail\" \"-f\" \"/dev/null\"] cmd=[]\n[0ee0fbeb-4f3d-4970-8958-ac0125b2ff8a/build]   \ud83d\udc33  docker run image=crawlergpt:latest platform= entrypoint=[\"tail\" \"-f\" \"/dev/null\"] cmd=[]\n[0ee0fbeb-4f3d-4970-8958-ac0125b2ff8a/build]   \ud83d\udc33  docker exec cmd=[chown -R 1012:1013 /tmp/558156d8-17ed-11ee-8a50-bb14de238602/mercadopago-sdk-python] user=0 workdir=\n[0ee0fbeb-4f3d-4970-8958-ac0125b2ff8a/build]   \u2601  git clone 'https://github.com/actions/setup-python' # ref=v2\n[0ee0fbeb-4f3d-4970-8958-ac0125b2ff8a/build] \ud83e\uddea  Matrix: map[python-version:3.7]\n[0ee0fbeb-4f3d-4970-8958-ac0125b2ff8a/build] \u2b50 Run Main actions/checkout@v2\n[0ee0fbeb-4f3d-4970-8958-ac0125b2ff8a/build]   \u2705  Success - Main actions/checkout@v2\n[0ee0fbeb-4f3d-4970-8958-ac0125b2ff8a/build] \u2b50 Run Main Set up Python 3.7\n[0ee0fbeb-4f3d-4970-8958-ac0125b2ff8a/build]   \ud83d\udc33  docker cp src=/tmp/act-cache/eb9a3330-8a81-444f-ac6a-11dc5dbf2b6c/act/actions-setup-python@v2/ dst=/var/run/act/actions/actions-setup-python@v2/\n[0ee0fbeb-4f3d-4970-8958-ac0125b2ff8a/build]   \ud83d\udc33  docker exec cmd=[chown -R 1012:1013 /var/run/act/actions/actions-setup-python@v2/] user=0 workdir=\n[0ee0fbeb-4f3d-4970-8958-ac0125b2ff8a/build]   \ud83d\udc33  docker exec cmd=[node /var/run/act/actions/actions-setup-python@v2/dist/setup/index.js] user= workdir=\n[0ee0fbeb-4f3d-4970-8958-ac0125b2ff8a/build]   \ud83d\udcac  ::debug::Semantic version spec of 3.7 is 3.7\n[0ee0fbeb-4f3d-4970-8958-ac0125b2ff8a/build]   \ud83d\udcac  ::debug::isExplicit: \n[0ee0fbeb-4f3d-4970-8958-ac0125b2ff8a/build]   \ud83d\udcac  ::debug::explicit? false\n[0ee0fbeb-4f3d-4970-8958-ac0125b2ff8a/build]   \ud83d\udcac  ::debug::isExplicit: 2.7.18\n[0ee0fbeb-4f3d-4970-8958-ac0125b2ff8a/build]   \ud83d\udcac  ::debug::explicit? true\n[0ee0fbeb-4f3d-4970-8958-ac0125b2ff8a/build]   \ud83d\udcac  ::debug::isExplicit: 3.5.10\n[0ee0fbeb-4f3d-4970-8958-ac0125b2ff8a/build]   \ud83d\udcac  ::debug::explicit? true\n[0ee0fbeb-4f3d-4970-8958-ac0125b2ff8a/build]   \ud83d\udcac  ::debug::isExplicit: 3.6.14\n[0ee0fbeb-4f3d-4970-8958-ac0125b2ff8a/build]   \ud83d\udcac  ::debug::explicit? true\n[0ee0fbeb-4f3d-4970-8958-ac0125b2ff8a/build]   \ud83d\udcac  ::debug::isExplicit: 3.7.11\n[0ee0fbeb-4f3d-4970-8958-ac0125b2ff8a/build]   \ud83d\udcac  ::debug::explicit? true\n[0ee0fbeb-4f3d-4970-8958-ac0125b2ff8a/build]   \ud83d\udcac  ::debug::isExplicit: 3.8.11\n[0ee0fbeb-4f3d-4970-8958-ac0125b2ff8a/build]   \ud83d\udcac  ::debug::explicit? true\n[0ee0fbeb-4f3d-4970-8958-ac0125b2ff8a/build]   \ud83d\udcac  ::debug::isExplicit: 3.9.6\n[0ee0fbeb-4f3d-4970-8958-ac0125b2ff8a/build]   \ud83d\udcac  ::debug::explicit? true\n[0ee0fbeb-4f3d-4970-8958-ac0125b2ff8a/build]   \ud83d\udcac  ::debug::evaluating 6 versions\n[0ee0fbeb-4f3d-4970-8958-ac0125b2ff8a/build]   \ud83d\udcac  ::debug::matched: 3.7.11\n[0ee0fbeb-4f3d-4970-8958-ac0125b2ff8a/build]   \ud83d\udcac  ::debug::checking cache: /opt/hostedtoolcache/Python/3.7.11/x64\n[0ee0fbeb-4f3d-4970-8958-ac0125b2ff8a/build]   \ud83d\udcac  ::debug::Found tool in cache Python 3.7.11 x64\n[0ee0fbeb-4f3d-4970-8958-ac0125b2ff8a/build]   | Successfully setup CPython (3.7.11)\n[0ee0fbeb-4f3d-4970-8958-ac0125b2ff8a/build]   \u2753 add-matcher /run/act/actions/actions-setup-python@v2/.github/python.json\n[0ee0fbeb-4f3d-4970-8958-ac0125b2ff8a/build]   \u2705  Success - Main Set up Python 3.7\n[0ee0fbeb-4f3d-4970-8958-ac0125b2ff8a/build]   \u2699  ::set-env:: pythonLocation=/opt/hostedtoolcache/Python/3.7.11/x64\n[0ee0fbeb-4f3d-4970-8958-ac0125b2ff8a/build]   \u2699  ::set-env:: LD_LIBRARY_PATH=/opt/hostedtoolcache/Python/3.7.11/x64/lib\n[0ee0fbeb-4f3d-4970-8958-ac0125b2ff8a/build]   \u2699  ::set-output:: python-version=3.7.11\n[0ee0fbeb-4f3d-4970-8958-ac0125b2ff8a/build]   \u2699  ::add-path:: /opt/hostedtoolcache/Python/3.7.11/x64\n[0ee0fbeb-4f3d-4970-8958-ac0125b2ff8a/build]   \u2699  ::add-path:: /opt/hostedtoolcache/Python/3.7.11/x64/bin\n[0ee0fbeb-4f3d-4970-8958-ac0125b2ff8a/build] \u2b50 Run Main Install dependencies\n[0ee0fbeb-4f3d-4970-8958-ac0125b2ff8a/build]   \ud83d\udc33  docker exec cmd=[bash --noprofile --norc -e -o pipefail /var/run/act/workflow/2] user= workdir=\n[0ee0fbeb-4f3d-4970-8958-ac0125b2ff8a/build]   | Requirement already satisfied: pip in /opt/hostedtoolcache/Python/3.7.11/x64/lib/python3.7/site-packages (21.2.4)\n[0ee0fbeb-4f3d-4970-8958-ac0125b2ff8a/build]   | Collecting pip\n[0ee0fbeb-4f3d-4970-8958-ac0125b2ff8a/build]   |   Downloading pip-23.1.2-py3-none-any.whl (2.1 MB)\n[0ee0fbeb-4f3d-4970-8958-ac0125b2ff8a/build]   | Installing collected packages: pip\n[0ee0fbeb-4f3d-4970-8958-ac0125b2ff8a/build]   |   Attempting uninstall: pip\n[0ee0fbeb-4f3d-4970-8958-ac0125b2ff8a/build]   |     Found existing installation: pip 21.2.4\n[0ee0fbeb-4f3d-4970-8958-ac0125b2ff8a/build]   |     Uninstalling pip-21.2.4:\n[0ee0fbeb-4f3d-4970-8958-ac0125b2ff8a/build]   |       Successfully uninstalled pip-21.2.4\n[0ee0fbeb-4f3d-4970-8958-ac0125b2ff8a/build]   | Successfully installed pip-23.1.2\n[0ee0fbeb-4f3d-4970-8958-ac0125b2ff8a/build]   | Collecting requests\n[0ee0fbeb-4f3d-4970-8958-ac0125b2ff8a/build]   |   Downloading requests-2.31.0-py3-none-any.whl (62 kB)\n[0ee0fbeb-4f3d-4970-8958-ac0125b2ff8a/build]   |      \u2501\u2501\u2501\u2501\u2501\u2501\u2501\u2501\u2501\u2501\u2501\u2501\u2501\u2501\u2501\u2501\u2501\u2501\u2501\u2501\u2501\u2501\u2501\u2501\u2501\u2501\u2501\u2501\u2501\u2501\u2501\u2501\u2501\u2501\u2501\u2501\u2501\u2501\u2501\u2501 62.6/62.6 kB 5.9 MB/s eta 0:00:00\n[0ee0fbeb-4f3d-4970-8958-ac0125b2ff8a/build]   | Collecting charset-normalizer<4,>=2 (from requests)\n[0ee0fbeb-4f3d-4970-8958-ac0125b2ff8a/build]   |   Downloading charset_normalizer-3.1.0-cp37-cp37m-manylinux_2_17_x86_64.manylinux2014_x86_64.whl (171 kB)\n[0ee0fbeb-4f3d-4970-8958-ac0125b2ff8a/build]   |      \u2501\u2501\u2501\u2501\u2501\u2501\u2501\u2501\u2501\u2501\u2501\u2501\u2501\u2501\u2501\u2501\u2501\u2501\u2501\u2501\u2501\u2501\u2501\u2501\u2501\u2501\u2501\u2501\u2501\u2501\u2501\u2501\u2501\u2501\u2501\u2501\u2501\u2501 171.0/171.0 kB 15.8 MB/s eta 0:00:00\n[0ee0fbeb-4f3d-4970-8958-ac0125b2ff8a/build]   | Collecting idna<4,>=2.5 (from requests)\n[0ee0fbeb-4f3d-4970-8958-ac0125b2ff8a/build]   |   Downloading idna-3.4-py3-none-any.whl (61 kB)\n[0ee0fbeb-4f3d-4970-8958-ac0125b2ff8a/build]   |      \u2501\u2501\u2501\u2501\u2501\u2501\u2501\u2501\u2501\u2501\u2501\u2501\u2501\u2501\u2501\u2501\u2501\u2501\u2501\u2501\u2501\u2501\u2501\u2501\u2501\u2501\u2501\u2501\u2501\u2501\u2501\u2501\u2501\u2501\u2501\u2501\u2501\u2501\u2501\u2501 61.5/61.5 kB 2.4 MB/s eta 0:00:00\n[0ee0fbeb-4f3d-4970-8958-ac0125b2ff8a/build]   | Collecting urllib3<3,>=1.21.1 (from requests)\n[0ee0fbeb-4f3d-4970-8958-ac0125b2ff8a/build]   |   Downloading urllib3-2.0.3-py3-none-any.whl (123 kB)\n[0ee0fbeb-4f3d-4970-8958-ac0125b2ff8a/build]   |      \u2501\u2501\u2501\u2501\u2501\u2501\u2501\u2501\u2501\u2501\u2501\u2501\u2501\u2501\u2501\u2501\u2501\u2501\u2501\u2501\u2501\u2501\u2501\u2501\u2501\u2501\u2501\u2501\u2501\u2501\u2501\u2501\u2501\u2501\u2501\u2501\u2501\u2501\u2501 123.6/123.6 kB 8.9 MB/s eta 0:00:00\n[0ee0fbeb-4f3d-4970-8958-ac0125b2ff8a/build]   | Collecting certifi>=2017.4.17 (from requests)\n[0ee0fbeb-4f3d-4970-8958-ac0125b2ff8a/build]   |   Downloading certifi-2023.5.7-py3-none-any.whl (156 kB)\n[0ee0fbeb-4f3d-4970-8958-ac0125b2ff8a/build]   |      \u2501\u2501\u2501\u2501\u2501\u2501\u2501\u2501\u2501\u2501\u2501\u2501\u2501\u2501\u2501\u2501\u2501\u2501\u2501\u2501\u2501\u2501\u2501\u2501\u2501\u2501\u2501\u2501\u2501\u2501\u2501\u2501\u2501\u2501\u2501\u2501\u2501\u2501\u2501 157.0/157.0 kB 8.9 MB/s eta 0:00:00\n[0ee0fbeb-4f3d-4970-8958-ac0125b2ff8a/build]   | Installing collected packages: urllib3, idna, charset-normalizer, certifi, requests\n[0ee0fbeb-4f3d-4970-8958-ac0125b2ff8a/build]   | Successfully installed certifi-2023.5.7 charset-normalizer-3.1.0 idna-3.4 requests-2.31.0 urllib3-2.0.3\n[0ee0fbeb-4f3d-4970-8958-ac0125b2ff8a/build]   | \n[0ee0fbeb-4f3d-4970-8958-ac0125b2ff8a/build]   | [notice] A new release of pip is available: 20.1.1 -> 23.1.2\n[0ee0fbeb-4f3d-4970-8958-ac0125b2ff8a/build]   | [notice] To update, run: pip install --upgrade pip\n[0ee0fbeb-4f3d-4970-8958-ac0125b2ff8a/build]   \u2705  Success - Main Install dependencies\n[0ee0fbeb-4f3d-4970-8958-ac0125b2ff8a/build] \u2b50 Run Main Lint with Pylint\n[0ee0fbeb-4f3d-4970-8958-ac0125b2ff8a/build]   \ud83d\udc33  docker exec cmd=[bash --noprofile --norc -e -o pipefail /var/run/act/workflow/3] user= workdir=\n[0ee0fbeb-4f3d-4970-8958-ac0125b2ff8a/build]   | Collecting pylint\n[0ee0fbeb-4f3d-4970-8958-ac0125b2ff8a/build]   |   Downloading pylint-2.17.4-py3-none-any.whl (536 kB)\n[0ee0fbeb-4f3d-4970-8958-ac0125b2ff8a/build]   |      \u2501\u2501\u2501\u2501\u2501\u2501\u2501\u2501\u2501\u2501\u2501\u2501\u2501\u2501\u2501\u2501\u2501\u2501\u2501\u2501\u2501\u2501\u2501\u2501\u2501\u2501\u2501\u2501\u2501\u2501\u2501\u2501\u2501\u2501\u2501\u2501\u2501\u2501 536.6/536.6 kB 13.8 MB/s eta 0:00:00\n[0ee0fbeb-4f3d-4970-8958-ac0125b2ff8a/build]   | Collecting platformdirs>=2.2.0 (from pylint)\n[0ee0fbeb-4f3d-4970-8958-ac0125b2ff8a/build]   |   Downloading platformdirs-3.8.0-py3-none-any.whl (16 kB)\n[0ee0fbeb-4f3d-4970-8958-ac0125b2ff8a/build]   | Collecting astroid<=2.17.0-dev0,>=2.15.4 (from pylint)\n[0ee0fbeb-4f3d-4970-8958-ac0125b2ff8a/build]   |   Downloading astroid-2.15.5-py3-none-any.whl (278 kB)\n[0ee0fbeb-4f3d-4970-8958-ac0125b2ff8a/build]   |      \u2501\u2501\u2501\u2501\u2501\u2501\u2501\u2501\u2501\u2501\u2501\u2501\u2501\u2501\u2501\u2501\u2501\u2501\u2501\u2501\u2501\u2501\u2501\u2501\u2501\u2501\u2501\u2501\u2501\u2501\u2501\u2501\u2501\u2501\u2501\u2501\u2501\u2501 278.1/278.1 kB 14.4 MB/s eta 0:00:00\n[0ee0fbeb-4f3d-4970-8958-ac0125b2ff8a/build]   | Collecting isort<6,>=4.2.5 (from pylint)\n[0ee0fbeb-4f3d-4970-8958-ac0125b2ff8a/build]   |   Downloading isort-5.11.5-py3-none-any.whl (104 kB)\n[0ee0fbeb-4f3d-4970-8958-ac0125b2ff8a/build]   |      \u2501\u2501\u2501\u2501\u2501\u2501\u2501\u2501\u2501\u2501\u2501\u2501\u2501\u2501\u2501\u2501\u2501\u2501\u2501\u2501\u2501\u2501\u2501\u2501\u2501\u2501\u2501\u2501\u2501\u2501\u2501\u2501\u2501\u2501\u2501\u2501\u2501\u2501 104.1/104.1 kB 11.9 MB/s eta 0:00:00\n[0ee0fbeb-4f3d-4970-8958-ac0125b2ff8a/build]   | Collecting mccabe<0.8,>=0.6 (from pylint)\n[0ee0fbeb-4f3d-4970-8958-ac0125b2ff8a/build]   |   Downloading mccabe-0.7.0-py2.py3-none-any.whl (7.3 kB)\n[0ee0fbeb-4f3d-4970-8958-ac0125b2ff8a/build]   | Collecting tomlkit>=0.10.1 (from pylint)\n[0ee0fbeb-4f3d-4970-8958-ac0125b2ff8a/build]   |   Downloading tomlkit-0.11.8-py3-none-any.whl (35 kB)\n[0ee0fbeb-4f3d-4970-8958-ac0125b2ff8a/build]   | Collecting typing-extensions>=3.10.0 (from pylint)\n[0ee0fbeb-4f3d-4970-8958-ac0125b2ff8a/build]   |   Downloading typing_extensions-4.7.0-py3-none-any.whl (33 kB)\n[0ee0fbeb-4f3d-4970-8958-ac0125b2ff8a/build]   | Collecting dill>=0.2 (from pylint)\n[0ee0fbeb-4f3d-4970-8958-ac0125b2ff8a/build]   |   Downloading dill-0.3.6-py3-none-any.whl (110 kB)\n[0ee0fbeb-4f3d-4970-8958-ac0125b2ff8a/build]   |      \u2501\u2501\u2501\u2501\u2501\u2501\u2501\u2501\u2501\u2501\u2501\u2501\u2501\u2501\u2501\u2501\u2501\u2501\u2501\u2501\u2501\u2501\u2501\u2501\u2501\u2501\u2501\u2501\u2501\u2501\u2501\u2501\u2501\u2501\u2501\u2501\u2501\u2501\u2501 110.5/110.5 kB 2.0 MB/s eta 0:00:00\n[0ee0fbeb-4f3d-4970-8958-ac0125b2ff8a/build]   | Collecting tomli>=1.1.0 (from pylint)\n[0ee0fbeb-4f3d-4970-8958-ac0125b2ff8a/build]   |   Downloading tomli-2.0.1-py3-none-any.whl (12 kB)\n[0ee0fbeb-4f3d-4970-8958-ac0125b2ff8a/build]   | Collecting lazy-object-proxy>=1.4.0 (from astroid<=2.17.0-dev0,>=2.15.4->pylint)\n[0ee0fbeb-4f3d-4970-8958-ac0125b2ff8a/build]   |   Downloading lazy_object_proxy-1.9.0-cp37-cp37m-manylinux_2_5_x86_64.manylinux1_x86_64.manylinux_2_17_x86_64.manylinux2014_x86_64.whl (58 kB)\n[0ee0fbeb-4f3d-4970-8958-ac0125b2ff8a/build]   |      \u2501\u2501\u2501\u2501\u2501\u2501\u2501\u2501\u2501\u2501\u2501\u2501\u2501\u2501\u2501\u2501\u2501\u2501\u2501\u2501\u2501\u2501\u2501\u2501\u2501\u2501\u2501\u2501\u2501\u2501\u2501\u2501\u2501\u2501\u2501\u2501\u2501\u2501\u2501 58.5/58.5 kB 822.2 kB/s eta 0:00:00\n[0ee0fbeb-4f3d-4970-8958-ac0125b2ff8a/build]   | Collecting typed-ast<2.0,>=1.4.0 (from astroid<=2.17.0-dev0,>=2.15.4->pylint)\n[0ee0fbeb-4f3d-4970-8958-ac0125b2ff8a/build]   |   Downloading typed_ast-1.5.4-cp37-cp37m-manylinux_2_5_x86_64.manylinux1_x86_64.manylinux_2_12_x86_64.manylinux2010_x86_64.whl (843 kB)\n[0ee0fbeb-4f3d-4970-8958-ac0125b2ff8a/build]   |      \u2501\u2501\u2501\u2501\u2501\u2501\u2501\u2501\u2501\u2501\u2501\u2501\u2501\u2501\u2501\u2501\u2501\u2501\u2501\u2501\u2501\u2501\u2501\u2501\u2501\u2501\u2501\u2501\u2501\u2501\u2501\u2501\u2501\u2501\u2501\u2501\u2501\u2501 843.7/843.7 kB 17.4 MB/s eta 0:00:00\n[0ee0fbeb-4f3d-4970-8958-ac0125b2ff8a/build]   | Collecting wrapt<2,>=1.11 (from astroid<=2.17.0-dev0,>=2.15.4->pylint)\n[0ee0fbeb-4f3d-4970-8958-ac0125b2ff8a/build]   |   Downloading wrapt-1.15.0-cp37-cp37m-manylinux_2_5_x86_64.manylinux1_x86_64.manylinux_2_17_x86_64.manylinux2014_x86_64.whl (75 kB)\n[0ee0fbeb-4f3d-4970-8958-ac0125b2ff8a/build]   |      \u2501\u2501\u2501\u2501\u2501\u2501\u2501\u2501\u2501\u2501\u2501\u2501\u2501\u2501\u2501\u2501\u2501\u2501\u2501\u2501\u2501\u2501\u2501\u2501\u2501\u2501\u2501\u2501\u2501\u2501\u2501\u2501\u2501\u2501\u2501\u2501\u2501\u2501\u2501\u2501 75.7/75.7 kB 1.2 MB/s eta 0:00:00\n[0ee0fbeb-4f3d-4970-8958-ac0125b2ff8a/build]   | Installing collected packages: wrapt, typing-extensions, typed-ast, tomlkit, tomli, mccabe, lazy-object-proxy, isort, dill, platformdirs, astroid, pylint\n[0ee0fbeb-4f3d-4970-8958-ac0125b2ff8a/build]   | Successfully installed astroid-2.15.5 dill-0.3.6 isort-5.11.5 lazy-object-proxy-1.9.0 mccabe-0.7.0 platformdirs-3.8.0 pylint-2.17.4 tomli-2.0.1 tomlkit-0.11.8 typed-ast-1.5.4 typing-extensions-4.7.0 wrapt-1.15.0\n[0ee0fbeb-4f3d-4970-8958-ac0125b2ff8a/build]   | \n[0ee0fbeb-4f3d-4970-8958-ac0125b2ff8a/build]   | [notice] A new release of pip is available: 20.1.1 -> 23.1.2\n[0ee0fbeb-4f3d-4970-8958-ac0125b2ff8a/build]   | [notice] To update, run: pip install --upgrade pip\n[0ee0fbeb-4f3d-4970-8958-ac0125b2ff8a/build]   | \n[0ee0fbeb-4f3d-4970-8958-ac0125b2ff8a/build]   | ------------------------------------\n[0ee0fbeb-4f3d-4970-8958-ac0125b2ff8a/build]   | Your code has been rated at 10.00/10\n[0ee0fbeb-4f3d-4970-8958-ac0125b2ff8a/build]   | \n[0ee0fbeb-4f3d-4970-8958-ac0125b2ff8a/build]   | \n[0ee0fbeb-4f3d-4970-8958-ac0125b2ff8a/build]   | ------------------------------------\n[0ee0fbeb-4f3d-4970-8958-ac0125b2ff8a/build]   | Your code has been rated at 10.00/10\n[0ee0fbeb-4f3d-4970-8958-ac0125b2ff8a/build]   | \n[0ee0fbeb-4f3d-4970-8958-ac0125b2ff8a/build]   \u2705  Success - Main Lint with Pylint\n[0ee0fbeb-4f3d-4970-8958-ac0125b2ff8a/build] \u2b50 Run Main Lint with Isort\n[0ee0fbeb-4f3d-4970-8958-ac0125b2ff8a/build]   \ud83d\udc33  docker exec cmd=[bash --noprofile --norc -e -o pipefail /var/run/act/workflow/4] user= workdir=\n[0ee0fbeb-4f3d-4970-8958-ac0125b2ff8a/build]   | Requirement already satisfied: isort in /opt/hostedtoolcache/Python/3.7.11/x64/lib/python3.7/site-packages (5.11.5)\n[0ee0fbeb-4f3d-4970-8958-ac0125b2ff8a/build]   | \n[0ee0fbeb-4f3d-4970-8958-ac0125b2ff8a/build]   | [notice] A new release of pip is available: 20.1.1 -> 23.1.2\n[0ee0fbeb-4f3d-4970-8958-ac0125b2ff8a/build]   | [notice] To update, run: pip install --upgrade pip\n[0ee0fbeb-4f3d-4970-8958-ac0125b2ff8a/build]   | Fixing /tmp/558156d8-17ed-11ee-8a50-bb14de238602/mercadopago-sdk-python/tests/test_subscription.py\n[0ee0fbeb-4f3d-4970-8958-ac0125b2ff8a/build]   | Fixing /tmp/558156d8-17ed-11ee-8a50-bb14de238602/mercadopago-sdk-python/tests/test_plan.py\n[0ee0fbeb-4f3d-4970-8958-ac0125b2ff8a/build]   | Skipped 5 files\n[0ee0fbeb-4f3d-4970-8958-ac0125b2ff8a/build]   \u2705  Success - Main Lint with Isort\n[0ee0fbeb-4f3d-4970-8958-ac0125b2ff8a/build] \u2b50 Run Main Test with unittest\n[0ee0fbeb-4f3d-4970-8958-ac0125b2ff8a/build]   \ud83d\udc33  docker exec cmd=[bash --noprofile --norc -e -o pipefail /var/run/act/workflow/5] user= workdir=\n[0ee0fbeb-4f3d-4970-8958-ac0125b2ff8a/build]   | Collecting unittest-xml-reporting\n[0ee0fbeb-4f3d-4970-8958-ac0125b2ff8a/build]   |   Downloading unittest_xml_reporting-3.2.0-py2.py3-none-any.whl (20 kB)\n[0ee0fbeb-4f3d-4970-8958-ac0125b2ff8a/build]   | Collecting lxml (from unittest-xml-reporting)\n[0ee0fbeb-4f3d-4970-8958-ac0125b2ff8a/build]   |   Downloading lxml-4.9.2-cp37-cp37m-manylinux_2_17_x86_64.manylinux2014_x86_64.manylinux_2_24_x86_64.whl (6.6 MB)\n[0ee0fbeb-4f3d-4970-8958-ac0125b2ff8a/build]   |      \u2501\u2501\u2501\u2501\u2501\u2501\u2501\u2501\u2501\u2501\u2501\u2501\u2501\u2501\u2501\u2501\u2501\u2501\u2501\u2501\u2501\u2501\u2501\u2501\u2501\u2501\u2501\u2501\u2501\u2501\u2501\u2501\u2501\u2501\u2501\u2501\u2501\u2501\u2501\u2501 6.6/6.6 MB 42.1 MB/s eta 0:00:00\n[0ee0fbeb-4f3d-4970-8958-ac0125b2ff8a/build]   | Installing collected packages: lxml, unittest-xml-reporting\n[0ee0fbeb-4f3d-4970-8958-ac0125b2ff8a/build]   | Successfully installed lxml-4.9.2 unittest-xml-reporting-3.2.0\n[0ee0fbeb-4f3d-4970-8958-ac0125b2ff8a/build]   | \n[0ee0fbeb-4f3d-4970-8958-ac0125b2ff8a/build]   | [notice] A new release of pip is available: 20.1.1 -> 23.1.2\n[0ee0fbeb-4f3d-4970-8958-ac0125b2ff8a/build]   | [notice] To update, run: pip install --upgrade pip\n[0ee0fbeb-4f3d-4970-8958-ac0125b2ff8a/build]   | \n[0ee0fbeb-4f3d-4970-8958-ac0125b2ff8a/build]   | Running tests...\n[0ee0fbeb-4f3d-4970-8958-ac0125b2ff8a/build]   | ----------------------------------------------------------------------\n[0ee0fbeb-4f3d-4970-8958-ac0125b2ff8a/build]   | s{'status': 201, 'response': {'id': '1411529159-YnWlHtEPXDI7Dm', 'email': 'test_payer_359346@testuser.com', 'first_name': 'Rafa', 'last_name': 'Williner', 'phone': {'area_code': '03492', 'number': '432334'}, 'identification': {'type': 'DNI', 'number': '29804555'}, 'address': {'id': None, 'zip_code': None, 'street_name': None, 'street_number': None}, 'date_registered': None, 'description': 'customer description', 'date_created': '2023-07-01T05:32:15.341-04:00', 'date_last_updated': '2023-07-01T05:32:15.341-04:00', 'default_card': None, 'default_address': None, 'cards': [], 'addresses': [], 'live_mode': True, 'user_id': 1411529159, 'merchant_id': 471763966, 'client_id': 558881221729581, 'status': 'active'}}\n[0ee0fbeb-4f3d-4970-8958-ac0125b2ff8a/build]   | {'status': 201, 'response': {'id': 'ee0ef8242480ed70e5590fec9297f761', 'first_six_digits': '407409', 'expiration_month': 12, 'expiration_year': 2023, 'last_four_digits': '0004', 'cardholder': {'identification': {}, 'name': 'APRO'}, 'status': 'active', 'date_created': '2023-07-01T05:32:15.790-04:00', 'date_last_updated': '2023-07-01T05:32:15.790-04:00', 'date_due': '2023-07-09T05:32:15.790-04:00', 'luhn_validation': True, 'live_mode': True, 'require_esc': False, 'card_number_length': 16, 'security_code_length': 3}}\n[0ee0fbeb-4f3d-4970-8958-ac0125b2ff8a/build]   | ...........F..\n[0ee0fbeb-4f3d-4970-8958-ac0125b2ff8a/build]   | ======================================================================\n[0ee0fbeb-4f3d-4970-8958-ac0125b2ff8a/build]   | FAIL [1.139s]: test_all (test_subscription.TestSubscription)\n[0ee0fbeb-4f3d-4970-8958-ac0125b2ff8a/build]   | Test Module: Subscription\n[0ee0fbeb-4f3d-4970-8958-ac0125b2ff8a/build]   | ----------------------------------------------------------------------\n[0ee0fbeb-4f3d-4970-8958-ac0125b2ff8a/build]   | Traceback (most recent call last):\n[0ee0fbeb-4f3d-4970-8958-ac0125b2ff8a/build]   |   File \"/tmp/558156d8-17ed-11ee-8a50-bb14de238602/mercadopago-sdk-python/tests/test_subscription.py\", line 52, in test_all\n[0ee0fbeb-4f3d-4970-8958-ac0125b2ff8a/build]   |     self.assertEqual(subscription_response[\"status\"], 201)\n[0ee0fbeb-4f3d-4970-8958-ac0125b2ff8a/build]   | AssertionError: 400 != 201\n[0ee0fbeb-4f3d-4970-8958-ac0125b2ff8a/build]   | \n[0ee0fbeb-4f3d-4970-8958-ac0125b2ff8a/build]   | ----------------------------------------------------------------------\n[0ee0fbeb-4f3d-4970-8958-ac0125b2ff8a/build]   | Ran 15 tests in 21.964s\n[0ee0fbeb-4f3d-4970-8958-ac0125b2ff8a/build]   | \n[0ee0fbeb-4f3d-4970-8958-ac0125b2ff8a/build]   | FAILED (failures=1, skipped=1)\n[0ee0fbeb-4f3d-4970-8958-ac0125b2ff8a/build]   | \n[0ee0fbeb-4f3d-4970-8958-ac0125b2ff8a/build]   | Generating XML reports...\n[0ee0fbeb-4f3d-4970-8958-ac0125b2ff8a/build]   \u274c  Failure - Main Test with unittest\n[0ee0fbeb-4f3d-4970-8958-ac0125b2ff8a/build] exitcode '1': failure\n[0ee0fbeb-4f3d-4970-8958-ac0125b2ff8a/build] \ud83c\udfc1  Job failed\n",
        "stderr": "Error: Job 'build' failed\n",
        "workflow": {
            "path": "/tmp/558156d8-17ed-11ee-8a50-bb14de238602/mercadopago-sdk-python/.github/workflows/ci-crawler.yml",
            "type": "unittest"
        },
        "workflow_name": "0ee0fbeb-4f3d-4970-8958-ac0125b2ff8a",
        "build_tool": "unittest",
        "elapsed_time": 133.72079634666443
    }
}