{
    "repository": "mjwestcott/runnel",
    "stars": 109,
    "language": "python",
    "size": 6901,
    "clone_url": "https://github.com/mjwestcott/runnel.git",
    "timestamp": "2023-07-01T15:21:35.155650Z",
    "clone_success": true,
    "number_of_actions": 2,
    "number_of_test_actions": 1,
    "actions_successful": false,
    "actions_build_tools": [
        "unknown",
        "pytest"
    ],
    "actions_test_build_tools": [
        "pytest"
    ],
    "actions_run": {
        "failed": true,
        "tests": [],
        "stdout": "[d71b326e-b429-4c22-822b-06202f1402d7/mypy ] \ud83d\ude80  Start image=crawlergpt:latest\n[d71b326e-b429-4c22-822b-06202f1402d7/tests] \ud83d\ude80  Start image=crawlergpt:latest\n[d71b326e-b429-4c22-822b-06202f1402d7/mypy ]   \ud83d\udc33  docker pull image=crawlergpt:latest platform= username= forcePull=false\n[d71b326e-b429-4c22-822b-06202f1402d7/tests]   \ud83d\udc33  docker pull image=crawlergpt:latest platform= username= forcePull=false\n[d71b326e-b429-4c22-822b-06202f1402d7/tests]   \ud83d\udc33  docker create image=crawlergpt:latest platform= entrypoint=[\"tail\" \"-f\" \"/dev/null\"] cmd=[]\n[d71b326e-b429-4c22-822b-06202f1402d7/mypy ]   \ud83d\udc33  docker create image=crawlergpt:latest platform= entrypoint=[\"tail\" \"-f\" \"/dev/null\"] cmd=[]\n[d71b326e-b429-4c22-822b-06202f1402d7/tests]   \ud83d\udc33  docker run image=crawlergpt:latest platform= entrypoint=[\"tail\" \"-f\" \"/dev/null\"] cmd=[]\n[d71b326e-b429-4c22-822b-06202f1402d7/mypy ]   \ud83d\udc33  docker run image=crawlergpt:latest platform= entrypoint=[\"tail\" \"-f\" \"/dev/null\"] cmd=[]\n[d71b326e-b429-4c22-822b-06202f1402d7/tests]   \ud83d\udc33  docker exec cmd=[chown -R 1012:1013 /tmp/558156d8-17ed-11ee-8a50-bb14de238602/mjwestcott-runnel] user=0 workdir=\n[d71b326e-b429-4c22-822b-06202f1402d7/mypy ]   \ud83d\udc33  docker exec cmd=[chown -R 1012:1013 /tmp/558156d8-17ed-11ee-8a50-bb14de238602/mjwestcott-runnel] user=0 workdir=\n[d71b326e-b429-4c22-822b-06202f1402d7/mypy ]   \u2601  git clone 'https://github.com/actions/setup-python' # ref=v2\n[d71b326e-b429-4c22-822b-06202f1402d7/tests]   \u2601  git clone 'https://github.com/actions/setup-python' # ref=v2\n[d71b326e-b429-4c22-822b-06202f1402d7/mypy ] \u2b50 Run Main actions/checkout@v2\n[d71b326e-b429-4c22-822b-06202f1402d7/mypy ]   \u2705  Success - Main actions/checkout@v2\n[d71b326e-b429-4c22-822b-06202f1402d7/tests]   \u2601  git clone 'https://github.com/Gr1N/setup-poetry' # ref=v2\n[d71b326e-b429-4c22-822b-06202f1402d7/mypy ] \u2b50 Run Main actions/setup-python@v2\n[d71b326e-b429-4c22-822b-06202f1402d7/mypy ]   \ud83d\udc33  docker cp src=/tmp/act-cache/f205ab52-edfc-45bc-99c6-84aa3e176c78/act/actions-setup-python@v2/ dst=/var/run/act/actions/actions-setup-python@v2/\n[d71b326e-b429-4c22-822b-06202f1402d7/mypy ]   \ud83d\udc33  docker exec cmd=[chown -R 1012:1013 /var/run/act/actions/actions-setup-python@v2/] user=0 workdir=\n[d71b326e-b429-4c22-822b-06202f1402d7/tests]   \u2601  git clone 'https://github.com/actions/cache' # ref=v2\n[d71b326e-b429-4c22-822b-06202f1402d7/mypy ]   \ud83d\udc33  docker exec cmd=[node /var/run/act/actions/actions-setup-python@v2/dist/setup/index.js] user= workdir=\n[d71b326e-b429-4c22-822b-06202f1402d7/mypy ]   \ud83d\udcac  ::debug::Semantic version spec of 3.x is 3.x\n[d71b326e-b429-4c22-822b-06202f1402d7/mypy ]   \ud83d\udcac  ::debug::isExplicit: \n[d71b326e-b429-4c22-822b-06202f1402d7/mypy ]   \ud83d\udcac  ::debug::explicit? false\n[d71b326e-b429-4c22-822b-06202f1402d7/mypy ]   \ud83d\udcac  ::debug::isExplicit: 2.7.18\n[d71b326e-b429-4c22-822b-06202f1402d7/mypy ]   \ud83d\udcac  ::debug::explicit? true\n[d71b326e-b429-4c22-822b-06202f1402d7/mypy ]   \ud83d\udcac  ::debug::isExplicit: 3.5.10\n[d71b326e-b429-4c22-822b-06202f1402d7/mypy ]   \ud83d\udcac  ::debug::explicit? true\n[d71b326e-b429-4c22-822b-06202f1402d7/mypy ]   \ud83d\udcac  ::debug::isExplicit: 3.6.14\n[d71b326e-b429-4c22-822b-06202f1402d7/mypy ]   \ud83d\udcac  ::debug::explicit? true\n[d71b326e-b429-4c22-822b-06202f1402d7/mypy ]   \ud83d\udcac  ::debug::isExplicit: 3.7.11\n[d71b326e-b429-4c22-822b-06202f1402d7/mypy ]   \ud83d\udcac  ::debug::explicit? true\n[d71b326e-b429-4c22-822b-06202f1402d7/mypy ]   \ud83d\udcac  ::debug::isExplicit: 3.8.11\n[d71b326e-b429-4c22-822b-06202f1402d7/mypy ]   \ud83d\udcac  ::debug::explicit? true\n[d71b326e-b429-4c22-822b-06202f1402d7/mypy ]   \ud83d\udcac  ::debug::isExplicit: 3.9.6\n[d71b326e-b429-4c22-822b-06202f1402d7/mypy ]   \ud83d\udcac  ::debug::explicit? true\n[d71b326e-b429-4c22-822b-06202f1402d7/mypy ]   \ud83d\udcac  ::debug::evaluating 6 versions\n[d71b326e-b429-4c22-822b-06202f1402d7/mypy ]   \ud83d\udcac  ::debug::matched: 3.9.6\n[d71b326e-b429-4c22-822b-06202f1402d7/mypy ]   \ud83d\udcac  ::debug::checking cache: /opt/hostedtoolcache/Python/3.9.6/x64\n[d71b326e-b429-4c22-822b-06202f1402d7/mypy ]   \ud83d\udcac  ::debug::Found tool in cache Python 3.9.6 x64\n[d71b326e-b429-4c22-822b-06202f1402d7/mypy ]   | Successfully setup CPython (3.9.6)\n[d71b326e-b429-4c22-822b-06202f1402d7/mypy ]   \u2753 add-matcher /run/act/actions/actions-setup-python@v2/.github/python.json\n[d71b326e-b429-4c22-822b-06202f1402d7/mypy ]   \u2705  Success - Main actions/setup-python@v2\n[d71b326e-b429-4c22-822b-06202f1402d7/mypy ]   \u2699  ::set-env:: pythonLocation=/opt/hostedtoolcache/Python/3.9.6/x64\n[d71b326e-b429-4c22-822b-06202f1402d7/mypy ]   \u2699  ::set-env:: LD_LIBRARY_PATH=/opt/hostedtoolcache/Python/3.9.6/x64/lib\n[d71b326e-b429-4c22-822b-06202f1402d7/mypy ]   \u2699  ::set-output:: python-version=3.9.6\n[d71b326e-b429-4c22-822b-06202f1402d7/mypy ]   \u2699  ::add-path:: /opt/hostedtoolcache/Python/3.9.6/x64\n[d71b326e-b429-4c22-822b-06202f1402d7/mypy ]   \u2699  ::add-path:: /opt/hostedtoolcache/Python/3.9.6/x64/bin\n[d71b326e-b429-4c22-822b-06202f1402d7/mypy ] \u2b50 Run Main pip install mypy pydantic\n[d71b326e-b429-4c22-822b-06202f1402d7/mypy ]   \ud83d\udc33  docker exec cmd=[bash --noprofile --norc -e -o pipefail /var/run/act/workflow/2] user= workdir=\n[d71b326e-b429-4c22-822b-06202f1402d7/tests] \ud83e\uddea  Matrix: map[python-version:3.7]\n[d71b326e-b429-4c22-822b-06202f1402d7/tests] \u2b50 Run Main actions/checkout@v2\n[d71b326e-b429-4c22-822b-06202f1402d7/tests]   \u2705  Success - Main actions/checkout@v2\n[d71b326e-b429-4c22-822b-06202f1402d7/tests] \u2b50 Run Main actions/setup-python@v2\n[d71b326e-b429-4c22-822b-06202f1402d7/tests]   \ud83d\udc33  docker cp src=/tmp/act-cache/f205ab52-edfc-45bc-99c6-84aa3e176c78/act/actions-setup-python@v2/ dst=/var/run/act/actions/actions-setup-python@v2/\n[d71b326e-b429-4c22-822b-06202f1402d7/tests]   \ud83d\udc33  docker exec cmd=[chown -R 1012:1013 /var/run/act/actions/actions-setup-python@v2/] user=0 workdir=\n[d71b326e-b429-4c22-822b-06202f1402d7/mypy ]   | Collecting mypy\n[d71b326e-b429-4c22-822b-06202f1402d7/mypy ]   |   Downloading mypy-1.4.1-cp39-cp39-manylinux_2_17_x86_64.manylinux2014_x86_64.whl (12.0 MB)\n[d71b326e-b429-4c22-822b-06202f1402d7/mypy ]   | Collecting pydantic\n[d71b326e-b429-4c22-822b-06202f1402d7/mypy ]   |   Downloading pydantic-2.0-py3-none-any.whl (355 kB)\n[d71b326e-b429-4c22-822b-06202f1402d7/mypy ]   | Collecting tomli>=1.1.0\n[d71b326e-b429-4c22-822b-06202f1402d7/mypy ]   |   Downloading tomli-2.0.1-py3-none-any.whl (12 kB)\n[d71b326e-b429-4c22-822b-06202f1402d7/mypy ]   | Collecting typing-extensions>=4.1.0\n[d71b326e-b429-4c22-822b-06202f1402d7/mypy ]   |   Downloading typing_extensions-4.7.0-py3-none-any.whl (33 kB)\n[d71b326e-b429-4c22-822b-06202f1402d7/mypy ]   | Collecting mypy-extensions>=1.0.0\n[d71b326e-b429-4c22-822b-06202f1402d7/mypy ]   |   Downloading mypy_extensions-1.0.0-py3-none-any.whl (4.7 kB)\n[d71b326e-b429-4c22-822b-06202f1402d7/mypy ]   | Collecting annotated-types>=0.4.0\n[d71b326e-b429-4c22-822b-06202f1402d7/mypy ]   |   Downloading annotated_types-0.5.0-py3-none-any.whl (11 kB)\n[d71b326e-b429-4c22-822b-06202f1402d7/mypy ]   | Collecting pydantic-core==2.0.1\n[d71b326e-b429-4c22-822b-06202f1402d7/mypy ]   |   Downloading pydantic_core-2.0.1-cp39-cp39-manylinux_2_17_x86_64.manylinux2014_x86_64.whl (1.5 MB)\n[d71b326e-b429-4c22-822b-06202f1402d7/mypy ]   | Installing collected packages: typing-extensions, tomli, pydantic-core, mypy-extensions, annotated-types, pydantic, mypy\n[d71b326e-b429-4c22-822b-06202f1402d7/tests]   \ud83d\udc33  docker exec cmd=[node /var/run/act/actions/actions-setup-python@v2/dist/setup/index.js] user= workdir=\n[d71b326e-b429-4c22-822b-06202f1402d7/mypy ]   | Successfully installed annotated-types-0.5.0 mypy-1.4.1 mypy-extensions-1.0.0 pydantic-2.0 pydantic-core-2.0.1 tomli-2.0.1 typing-extensions-4.7.0\n[d71b326e-b429-4c22-822b-06202f1402d7/mypy ]   | WARNING: You are using pip version 21.2.4; however, version 23.1.2 is available.\n[d71b326e-b429-4c22-822b-06202f1402d7/mypy ]   | You should consider upgrading via the '/opt/hostedtoolcache/Python/3.9.6/x64/bin/python -m pip install --upgrade pip' command.\n[d71b326e-b429-4c22-822b-06202f1402d7/mypy ]   \u2705  Success - Main pip install mypy pydantic\n[d71b326e-b429-4c22-822b-06202f1402d7/mypy ] \u2b50 Run Main mypy runnel\n[d71b326e-b429-4c22-822b-06202f1402d7/mypy ]   \ud83d\udc33  docker exec cmd=[bash --noprofile --norc -e -o pipefail /var/run/act/workflow/3] user= workdir=\n[d71b326e-b429-4c22-822b-06202f1402d7/tests]   \ud83d\udcac  ::debug::Semantic version spec of 3.7 is 3.7\n[d71b326e-b429-4c22-822b-06202f1402d7/tests]   \ud83d\udcac  ::debug::isExplicit: \n[d71b326e-b429-4c22-822b-06202f1402d7/tests]   \ud83d\udcac  ::debug::explicit? false\n[d71b326e-b429-4c22-822b-06202f1402d7/tests]   \ud83d\udcac  ::debug::isExplicit: 2.7.18\n[d71b326e-b429-4c22-822b-06202f1402d7/tests]   \ud83d\udcac  ::debug::explicit? true\n[d71b326e-b429-4c22-822b-06202f1402d7/tests]   \ud83d\udcac  ::debug::isExplicit: 3.5.10\n[d71b326e-b429-4c22-822b-06202f1402d7/tests]   \ud83d\udcac  ::debug::explicit? true\n[d71b326e-b429-4c22-822b-06202f1402d7/tests]   \ud83d\udcac  ::debug::isExplicit: 3.6.14\n[d71b326e-b429-4c22-822b-06202f1402d7/tests]   \ud83d\udcac  ::debug::explicit? true\n[d71b326e-b429-4c22-822b-06202f1402d7/tests]   \ud83d\udcac  ::debug::isExplicit: 3.7.11\n[d71b326e-b429-4c22-822b-06202f1402d7/tests]   \ud83d\udcac  ::debug::explicit? true\n[d71b326e-b429-4c22-822b-06202f1402d7/tests]   \ud83d\udcac  ::debug::isExplicit: 3.8.11\n[d71b326e-b429-4c22-822b-06202f1402d7/tests]   \ud83d\udcac  ::debug::explicit? true\n[d71b326e-b429-4c22-822b-06202f1402d7/tests]   \ud83d\udcac  ::debug::isExplicit: 3.9.6\n[d71b326e-b429-4c22-822b-06202f1402d7/tests]   \ud83d\udcac  ::debug::explicit? true\n[d71b326e-b429-4c22-822b-06202f1402d7/tests]   \ud83d\udcac  ::debug::evaluating 6 versions\n[d71b326e-b429-4c22-822b-06202f1402d7/tests]   \ud83d\udcac  ::debug::matched: 3.7.11\n[d71b326e-b429-4c22-822b-06202f1402d7/tests]   \ud83d\udcac  ::debug::checking cache: /opt/hostedtoolcache/Python/3.7.11/x64\n[d71b326e-b429-4c22-822b-06202f1402d7/tests]   \ud83d\udcac  ::debug::Found tool in cache Python 3.7.11 x64\n[d71b326e-b429-4c22-822b-06202f1402d7/tests]   | Successfully setup CPython (3.7.11)\n[d71b326e-b429-4c22-822b-06202f1402d7/tests]   \u2753 add-matcher /run/act/actions/actions-setup-python@v2/.github/python.json\n[d71b326e-b429-4c22-822b-06202f1402d7/tests]   \u2705  Success - Main actions/setup-python@v2\n[d71b326e-b429-4c22-822b-06202f1402d7/tests]   \u2699  ::set-env:: pythonLocation=/opt/hostedtoolcache/Python/3.7.11/x64\n[d71b326e-b429-4c22-822b-06202f1402d7/tests]   \u2699  ::set-env:: LD_LIBRARY_PATH=/opt/hostedtoolcache/Python/3.7.11/x64/lib\n[d71b326e-b429-4c22-822b-06202f1402d7/tests]   \u2699  ::set-output:: python-version=3.7.11\n[d71b326e-b429-4c22-822b-06202f1402d7/tests]   \u2699  ::add-path:: /opt/hostedtoolcache/Python/3.7.11/x64\n[d71b326e-b429-4c22-822b-06202f1402d7/tests]   \u2699  ::add-path:: /opt/hostedtoolcache/Python/3.7.11/x64/bin\n[d71b326e-b429-4c22-822b-06202f1402d7/tests] \u2b50 Run Main Gr1N/setup-poetry@v2\n[d71b326e-b429-4c22-822b-06202f1402d7/tests]   \ud83d\udc33  docker cp src=/tmp/act-cache/f205ab52-edfc-45bc-99c6-84aa3e176c78/act/Gr1N-setup-poetry@v2/ dst=/var/run/act/actions/Gr1N-setup-poetry@v2/\n[d71b326e-b429-4c22-822b-06202f1402d7/tests]   \ud83d\udc33  docker exec cmd=[chown -R 1012:1013 /var/run/act/actions/Gr1N-setup-poetry@v2/] user=0 workdir=\n[d71b326e-b429-4c22-822b-06202f1402d7/tests]   \ud83d\udc33  docker exec cmd=[node /var/run/act/actions/Gr1N-setup-poetry@v2/dist/index.js] user= workdir=\n[d71b326e-b429-4c22-822b-06202f1402d7/mypy ]   | runnel/utils.py:9: error: Library stubs not installed for \"croniter.croniter\"  [import]\n[d71b326e-b429-4c22-822b-06202f1402d7/mypy ]   | runnel/utils.py:9: note: Hint: \"python3 -m pip install types-croniter\"\n[d71b326e-b429-4c22-822b-06202f1402d7/mypy ]   | runnel/settings.py:4: error: Library stubs not installed for \"pytz\"  [import]\n[d71b326e-b429-4c22-822b-06202f1402d7/mypy ]   | runnel/settings.py:4: note: Hint: \"python3 -m pip install types-pytz\"\n[d71b326e-b429-4c22-822b-06202f1402d7/mypy ]   | runnel/settings.py:4: note: (or run \"mypy --install-types\" to install all missing stub packages)\n[d71b326e-b429-4c22-822b-06202f1402d7/mypy ]   | runnel/settings.py:4: note: See https://mypy.readthedocs.io/en/stable/running_mypy.html#missing-imports\n[d71b326e-b429-4c22-822b-06202f1402d7/mypy ]   | runnel/settings.py:10: error: Variable \"pydantic.BaseSettings\" is not valid as a type  [valid-type]\n[d71b326e-b429-4c22-822b-06202f1402d7/mypy ]   | runnel/settings.py:10: note: See https://mypy.readthedocs.io/en/stable/common_issues.html#variables-vs-type-aliases\n[d71b326e-b429-4c22-822b-06202f1402d7/mypy ]   | runnel/settings.py:10: error: Invalid base class \"BaseSettings\"  [misc]\n[d71b326e-b429-4c22-822b-06202f1402d7/mypy ]   | runnel/settings.py:107: error: Variable \"pydantic.PyObject\" is not valid as a type  [valid-type]\n[d71b326e-b429-4c22-822b-06202f1402d7/mypy ]   | runnel/settings.py:107: note: See https://mypy.readthedocs.io/en/stable/common_issues.html#variables-vs-type-aliases\n[d71b326e-b429-4c22-822b-06202f1402d7/mypy ]   | runnel/settings.py:108: error: Variable \"pydantic.PyObject\" is not valid as a type  [valid-type]\n[d71b326e-b429-4c22-822b-06202f1402d7/mypy ]   | runnel/settings.py:108: note: See https://mypy.readthedocs.io/en/stable/common_issues.html#variables-vs-type-aliases\n[d71b326e-b429-4c22-822b-06202f1402d7/mypy ]   | Found 6 errors in 2 files (checked 29 source files)\n[d71b326e-b429-4c22-822b-06202f1402d7/mypy ]   \u274c  Failure - Main mypy runnel\n[d71b326e-b429-4c22-822b-06202f1402d7/mypy ] exitcode '1': failure\n[d71b326e-b429-4c22-822b-06202f1402d7/tests]   \ud83d\udcac  ::debug::Downloading https://raw.githubusercontent.com/python-poetry/poetry/master/get-poetry.py\n[d71b326e-b429-4c22-822b-06202f1402d7/tests]   \ud83d\udcac  ::debug::Destination /tmp/77a54654-0d7b-41ee-aa23-a273b8be12f7\n[d71b326e-b429-4c22-822b-06202f1402d7/tests]   \ud83d\udcac  ::debug::Failed to download from \"https://raw.githubusercontent.com/python-poetry/poetry/master/get-poetry.py\". Code(404) Message(Not Found)\n[d71b326e-b429-4c22-822b-06202f1402d7/tests]   \u2757  ::error::Unexpected HTTP response: 404\n[d71b326e-b429-4c22-822b-06202f1402d7/tests]   \u274c  Failure - Main Gr1N/setup-poetry@v2\n[d71b326e-b429-4c22-822b-06202f1402d7/tests] exitcode '1': failure\n[d71b326e-b429-4c22-822b-06202f1402d7/mypy ] \ud83c\udfc1  Job failed\n[d71b326e-b429-4c22-822b-06202f1402d7/tests] \ud83c\udfc1  Job failed\n",
        "stderr": "Error: Job 'mypy' failed\n",
        "workflow": {
            "path": "/tmp/558156d8-17ed-11ee-8a50-bb14de238602/mjwestcott-runnel/.github/workflows/tests-crawler.yml",
            "type": "pytest"
        },
        "workflow_name": "d71b326e-b429-4c22-822b-06202f1402d7",
        "build_tool": "pytest",
        "elapsed_time": 322.13651752471924
    }
}