{
    "repository": "momegas/megabots",
    "stars": 304,
    "language": "python",
    "size": 144,
    "clone_url": "https://github.com/momegas/megabots.git",
    "timestamp": "2023-06-28T18:54:49.333729Z",
    "clone_success": true,
    "number_of_actions": 2,
    "number_of_test_actions": 1,
    "actions_successful": true,
    "actions_build_tools": [
        "unknown",
        "pytest"
    ],
    "actions_test_build_tools": [
        "pytest"
    ],
    "actions_run": {
        "failed": false,
        "tests": [
            {
                "classname": "tests.test_bots",
                "name": "test_ask",
                "time": 0.002,
                "results": [
                    {
                        "result": "Failure",
                        "message": "pydantic.error_wrappers.ValidationError: 1 validation error for ChatOpenAI\n__root__\n  Did not find openai_api_key, please add an environment variable `OPENAI_API_KEY` which contains it, or pass  `openai_api_key` as a named parameter. (type=value_error)",
                        "type": null
                    }
                ],
                "stdout": null,
                "stderr": null
            },
            {
                "classname": "tests.test_bots",
                "name": "test_save_load_index",
                "time": 0.002,
                "results": [
                    {
                        "result": "Failure",
                        "message": "pydantic.error_wrappers.ValidationError: 1 validation error for ChatOpenAI\n__root__\n  Did not find openai_api_key, please add an environment variable `OPENAI_API_KEY` which contains it, or pass  `openai_api_key` as a named parameter. (type=value_error)",
                        "type": null
                    }
                ],
                "stdout": null,
                "stderr": null
            },
            {
                "classname": "tests.test_memory",
                "name": "test_memory_conversation_buffer",
                "time": 0.001,
                "results": [
                    {
                        "result": "Passed",
                        "message": "",
                        "type": ""
                    }
                ],
                "stdout": null,
                "stderr": null
            },
            {
                "classname": "tests.test_memory",
                "name": "test_memory_conversation_buffer_window",
                "time": 0.001,
                "results": [
                    {
                        "result": "Passed",
                        "message": "",
                        "type": ""
                    }
                ],
                "stdout": null,
                "stderr": null
            },
            {
                "classname": "tests.test_memory",
                "name": "test_memory_unsupported_name",
                "time": 0.001,
                "results": [
                    {
                        "result": "Passed",
                        "message": "",
                        "type": ""
                    }
                ],
                "stdout": null,
                "stderr": null
            },
            {
                "classname": "tests.test_memory",
                "name": "test_memory_no_name",
                "time": 0.001,
                "results": [
                    {
                        "result": "Passed",
                        "message": "",
                        "type": ""
                    }
                ],
                "stdout": null,
                "stderr": null
            },
            {
                "classname": "tests.test_ui",
                "name": "test_create_interface",
                "time": 0.312,
                "results": [
                    {
                        "result": "Passed",
                        "message": "",
                        "type": ""
                    }
                ],
                "stdout": null,
                "stderr": null
            }
        ],
        "stdout": "[e70c98dd-49c4-4f47-a200-d7d1338fadb2/build_and_test] \ud83d\ude80  Start image=crawlergpt:latest\n[e70c98dd-49c4-4f47-a200-d7d1338fadb2/build_and_test]   \ud83d\udc33  docker pull image=crawlergpt:latest platform= username= forcePull=false\n[e70c98dd-49c4-4f47-a200-d7d1338fadb2/build_and_test]   \ud83d\udc33  docker create image=crawlergpt:latest platform= entrypoint=[\"tail\" \"-f\" \"/dev/null\"] cmd=[]\n[e70c98dd-49c4-4f47-a200-d7d1338fadb2/build_and_test]   \ud83d\udc33  docker run image=crawlergpt:latest platform= entrypoint=[\"tail\" \"-f\" \"/dev/null\"] cmd=[]\n[e70c98dd-49c4-4f47-a200-d7d1338fadb2/build_and_test]   \ud83d\udc33  docker exec cmd=[chown -R 1012:1013 /tmp/ad9c0f7e-1596-11ee-8a50-bb14de238602/momegas-megabots] user=0 workdir=\n[e70c98dd-49c4-4f47-a200-d7d1338fadb2/build_and_test]   \u2601  git clone 'https://github.com/actions/setup-python' # ref=v3\n[e70c98dd-49c4-4f47-a200-d7d1338fadb2/build_and_test] \ud83e\uddea  Matrix: map[python-version:3.10]\n[e70c98dd-49c4-4f47-a200-d7d1338fadb2/build_and_test] \u2b50 Run Main actions/checkout@v3\n[e70c98dd-49c4-4f47-a200-d7d1338fadb2/build_and_test]   \u2705  Success - Main actions/checkout@v3\n[e70c98dd-49c4-4f47-a200-d7d1338fadb2/build_and_test] \u2b50 Run Main Set up Python 3.10\n[e70c98dd-49c4-4f47-a200-d7d1338fadb2/build_and_test]   \ud83d\udc33  docker cp src=/tmp/act-cache/6b7b0b4b-c782-4f27-abf9-1d74c5e13426/act/actions-setup-python@v3/ dst=/var/run/act/actions/actions-setup-python@v3/\n[e70c98dd-49c4-4f47-a200-d7d1338fadb2/build_and_test]   \ud83d\udc33  docker exec cmd=[chown -R 1012:1013 /var/run/act/actions/actions-setup-python@v3/] user=0 workdir=\n[e70c98dd-49c4-4f47-a200-d7d1338fadb2/build_and_test]   \ud83d\udc33  docker exec cmd=[node /var/run/act/actions/actions-setup-python@v3/dist/setup/index.js] user= workdir=\n[e70c98dd-49c4-4f47-a200-d7d1338fadb2/build_and_test]   \ud83d\udcac  ::debug::Semantic version spec of 3.10 is 3.10\n[e70c98dd-49c4-4f47-a200-d7d1338fadb2/build_and_test]   \ud83d\udcac  ::debug::isExplicit: \n[e70c98dd-49c4-4f47-a200-d7d1338fadb2/build_and_test]   \ud83d\udcac  ::debug::explicit? false\n[e70c98dd-49c4-4f47-a200-d7d1338fadb2/build_and_test]   \ud83d\udcac  ::debug::isExplicit: 2.7.18\n[e70c98dd-49c4-4f47-a200-d7d1338fadb2/build_and_test]   \ud83d\udcac  ::debug::explicit? true\n[e70c98dd-49c4-4f47-a200-d7d1338fadb2/build_and_test]   \ud83d\udcac  ::debug::isExplicit: 3.5.10\n[e70c98dd-49c4-4f47-a200-d7d1338fadb2/build_and_test]   \ud83d\udcac  ::debug::explicit? true\n[e70c98dd-49c4-4f47-a200-d7d1338fadb2/build_and_test]   \ud83d\udcac  ::debug::isExplicit: 3.6.14\n[e70c98dd-49c4-4f47-a200-d7d1338fadb2/build_and_test]   \ud83d\udcac  ::debug::explicit? true\n[e70c98dd-49c4-4f47-a200-d7d1338fadb2/build_and_test]   \ud83d\udcac  ::debug::isExplicit: 3.7.11\n[e70c98dd-49c4-4f47-a200-d7d1338fadb2/build_and_test]   \ud83d\udcac  ::debug::explicit? true\n[e70c98dd-49c4-4f47-a200-d7d1338fadb2/build_and_test]   \ud83d\udcac  ::debug::isExplicit: 3.8.11\n[e70c98dd-49c4-4f47-a200-d7d1338fadb2/build_and_test]   \ud83d\udcac  ::debug::explicit? true\n[e70c98dd-49c4-4f47-a200-d7d1338fadb2/build_and_test]   \ud83d\udcac  ::debug::isExplicit: 3.9.6\n[e70c98dd-49c4-4f47-a200-d7d1338fadb2/build_and_test]   \ud83d\udcac  ::debug::explicit? true\n[e70c98dd-49c4-4f47-a200-d7d1338fadb2/build_and_test]   \ud83d\udcac  ::debug::evaluating 6 versions\n[e70c98dd-49c4-4f47-a200-d7d1338fadb2/build_and_test]   \ud83d\udcac  ::debug::match not found\n[e70c98dd-49c4-4f47-a200-d7d1338fadb2/build_and_test]   | Version 3.10 was not found in the local cache\n[e70c98dd-49c4-4f47-a200-d7d1338fadb2/build_and_test]   \ud83d\udcac  ::debug::set auth\n[e70c98dd-49c4-4f47-a200-d7d1338fadb2/build_and_test]   \ud83d\udcac  ::debug::check 3.12.0-beta.3 satisfies 3.10\n[e70c98dd-49c4-4f47-a200-d7d1338fadb2/build_and_test]   \ud83d\udcac  ::debug::check 3.12.0-beta.2 satisfies 3.10\n[e70c98dd-49c4-4f47-a200-d7d1338fadb2/build_and_test]   \ud83d\udcac  ::debug::check 3.12.0-beta.1 satisfies 3.10\n[e70c98dd-49c4-4f47-a200-d7d1338fadb2/build_and_test]   \ud83d\udcac  ::debug::check 3.12.0-alpha.7 satisfies 3.10\n[e70c98dd-49c4-4f47-a200-d7d1338fadb2/build_and_test]   \ud83d\udcac  ::debug::check 3.12.0-alpha.6 satisfies 3.10\n[e70c98dd-49c4-4f47-a200-d7d1338fadb2/build_and_test]   \ud83d\udcac  ::debug::check 3.12.0-alpha.5 satisfies 3.10\n[e70c98dd-49c4-4f47-a200-d7d1338fadb2/build_and_test]   \ud83d\udcac  ::debug::check 3.12.0-alpha.4 satisfies 3.10\n[e70c98dd-49c4-4f47-a200-d7d1338fadb2/build_and_test]   \ud83d\udcac  ::debug::check 3.12.0-alpha.3 satisfies 3.10\n[e70c98dd-49c4-4f47-a200-d7d1338fadb2/build_and_test]   \ud83d\udcac  ::debug::check 3.12.0-alpha.2 satisfies 3.10\n[e70c98dd-49c4-4f47-a200-d7d1338fadb2/build_and_test]   \ud83d\udcac  ::debug::check 3.12.0-alpha.1 satisfies 3.10\n[e70c98dd-49c4-4f47-a200-d7d1338fadb2/build_and_test]   \ud83d\udcac  ::debug::check 3.11.4 satisfies 3.10\n[e70c98dd-49c4-4f47-a200-d7d1338fadb2/build_and_test]   \ud83d\udcac  ::debug::check 3.11.3 satisfies 3.10\n[e70c98dd-49c4-4f47-a200-d7d1338fadb2/build_and_test]   \ud83d\udcac  ::debug::check 3.11.2 satisfies 3.10\n[e70c98dd-49c4-4f47-a200-d7d1338fadb2/build_and_test]   \ud83d\udcac  ::debug::check 3.11.1 satisfies 3.10\n[e70c98dd-49c4-4f47-a200-d7d1338fadb2/build_and_test]   \ud83d\udcac  ::debug::check 3.11.0 satisfies 3.10\n[e70c98dd-49c4-4f47-a200-d7d1338fadb2/build_and_test]   \ud83d\udcac  ::debug::check 3.11.0-rc.2 satisfies 3.10\n[e70c98dd-49c4-4f47-a200-d7d1338fadb2/build_and_test]   \ud83d\udcac  ::debug::check 3.11.0-rc.1 satisfies 3.10\n[e70c98dd-49c4-4f47-a200-d7d1338fadb2/build_and_test]   \ud83d\udcac  ::debug::check 3.11.0-beta.5 satisfies 3.10\n[e70c98dd-49c4-4f47-a200-d7d1338fadb2/build_and_test]   \ud83d\udcac  ::debug::check 3.11.0-beta.4 satisfies 3.10\n[e70c98dd-49c4-4f47-a200-d7d1338fadb2/build_and_test]   \ud83d\udcac  ::debug::check 3.11.0-beta.3 satisfies 3.10\n[e70c98dd-49c4-4f47-a200-d7d1338fadb2/build_and_test]   \ud83d\udcac  ::debug::check 3.11.0-beta.2 satisfies 3.10\n[e70c98dd-49c4-4f47-a200-d7d1338fadb2/build_and_test]   \ud83d\udcac  ::debug::check 3.11.0-beta.1 satisfies 3.10\n[e70c98dd-49c4-4f47-a200-d7d1338fadb2/build_and_test]   \ud83d\udcac  ::debug::check 3.11.0-alpha.7 satisfies 3.10\n[e70c98dd-49c4-4f47-a200-d7d1338fadb2/build_and_test]   \ud83d\udcac  ::debug::check 3.11.0-alpha.6 satisfies 3.10\n[e70c98dd-49c4-4f47-a200-d7d1338fadb2/build_and_test]   \ud83d\udcac  ::debug::check 3.11.0-alpha.5 satisfies 3.10\n[e70c98dd-49c4-4f47-a200-d7d1338fadb2/build_and_test]   \ud83d\udcac  ::debug::check 3.11.0-alpha.4 satisfies 3.10\n[e70c98dd-49c4-4f47-a200-d7d1338fadb2/build_and_test]   \ud83d\udcac  ::debug::check 3.11.0-alpha.3 satisfies 3.10\n[e70c98dd-49c4-4f47-a200-d7d1338fadb2/build_and_test]   \ud83d\udcac  ::debug::check 3.11.0-alpha.2 satisfies 3.10\n[e70c98dd-49c4-4f47-a200-d7d1338fadb2/build_and_test]   \ud83d\udcac  ::debug::check 3.11.0-alpha.1 satisfies 3.10\n[e70c98dd-49c4-4f47-a200-d7d1338fadb2/build_and_test]   \ud83d\udcac  ::debug::check 3.10.12 satisfies 3.10\n[e70c98dd-49c4-4f47-a200-d7d1338fadb2/build_and_test]   \ud83d\udcac  ::debug::x64===x64 && darwin===linux\n[e70c98dd-49c4-4f47-a200-d7d1338fadb2/build_and_test]   \ud83d\udcac  ::debug::x64===x64 && linux===linux\n[e70c98dd-49c4-4f47-a200-d7d1338fadb2/build_and_test]   \ud83d\udcac  ::debug::matched 3.10.12\n[e70c98dd-49c4-4f47-a200-d7d1338fadb2/build_and_test]   | Version 3.10 is available for downloading\n[e70c98dd-49c4-4f47-a200-d7d1338fadb2/build_and_test]   | Download from \"https://github.com/actions/python-versions/releases/download/3.10.12-5200619051/python-3.10.12-linux-20.04-x64.tar.gz\"\n[e70c98dd-49c4-4f47-a200-d7d1338fadb2/build_and_test]   \ud83d\udcac  ::debug::Downloading https://github.com/actions/python-versions/releases/download/3.10.12-5200619051/python-3.10.12-linux-20.04-x64.tar.gz\n[e70c98dd-49c4-4f47-a200-d7d1338fadb2/build_and_test]   \ud83d\udcac  ::debug::Destination /tmp/f8ebbc44-7211-420d-8139-59eb60402275\n[e70c98dd-49c4-4f47-a200-d7d1338fadb2/build_and_test]   \ud83d\udcac  ::debug::set auth\n[e70c98dd-49c4-4f47-a200-d7d1338fadb2/build_and_test]   \ud83d\udcac  ::debug::download complete\n[e70c98dd-49c4-4f47-a200-d7d1338fadb2/build_and_test]   | Extract downloaded archive\n[e70c98dd-49c4-4f47-a200-d7d1338fadb2/build_and_test]   \ud83d\udcac  ::debug::Checking tar --version\n[e70c98dd-49c4-4f47-a200-d7d1338fadb2/build_and_test]   \ud83d\udcac  ::debug::tar (GNU tar) 1.30%0ACopyright (C) 2017 Free Software Foundation, Inc.%0ALicense GPLv3+: GNU GPL version 3 or later <https://gnu.org/licenses/gpl.html>.%0AThis is free software: you are free to change and redistribute it.%0AThere is NO WARRANTY, to the extent permitted by law.%0A%0AWritten by John Gilmore and Jay Fenlason.\n[e70c98dd-49c4-4f47-a200-d7d1338fadb2/build_and_test]   | [command]/usr/bin/tar xz --warning=no-unknown-keyword -C /tmp/329b29b5-5931-4e3e-87fc-7afee4263d4d -f /tmp/f8ebbc44-7211-420d-8139-59eb60402275\n[e70c98dd-49c4-4f47-a200-d7d1338fadb2/build_and_test]   | Execute installation script\n[e70c98dd-49c4-4f47-a200-d7d1338fadb2/build_and_test]   | Check if Python hostedtoolcache folder exist...\n[e70c98dd-49c4-4f47-a200-d7d1338fadb2/build_and_test]   | Create Python 3.10.12 folder\n[e70c98dd-49c4-4f47-a200-d7d1338fadb2/build_and_test]   | Copy Python binaries to hostedtoolcache folder\n[e70c98dd-49c4-4f47-a200-d7d1338fadb2/build_and_test]   | Create additional symlinks (Required for the UsePythonVersion Azure Pipelines task and the setup-python GitHub Action)\n[e70c98dd-49c4-4f47-a200-d7d1338fadb2/build_and_test]   | Upgrading pip...\n[e70c98dd-49c4-4f47-a200-d7d1338fadb2/build_and_test]   | Looking in links: /tmp/tmpxaco_hpp\n[e70c98dd-49c4-4f47-a200-d7d1338fadb2/build_and_test]   | Requirement already satisfied: setuptools in /opt/hostedtoolcache/Python/3.10.12/x64/lib/python3.10/site-packages (65.5.0)\n[e70c98dd-49c4-4f47-a200-d7d1338fadb2/build_and_test]   | Requirement already satisfied: pip in /opt/hostedtoolcache/Python/3.10.12/x64/lib/python3.10/site-packages (23.0.1)\n[e70c98dd-49c4-4f47-a200-d7d1338fadb2/build_and_test]   | Collecting pip\n[e70c98dd-49c4-4f47-a200-d7d1338fadb2/build_and_test]   | Downloading pip-23.1.2-py3-none-any.whl (2.1 MB)\n[e70c98dd-49c4-4f47-a200-d7d1338fadb2/build_and_test]   | \u2501\u2501\u2501\u2501\u2501\u2501\u2501\u2501\u2501\u2501\u2501\u2501\u2501\u2501\u2501\u2501\u2501\u2501\u2501\u2501\u2501\u2501\u2501\u2501\u2501\u2501\u2501\u2501\u2501\u2501\u2501\u2501\u2501\u2501\u2501\u2501\u2501\u2501\u2501\u2501 2.1/2.1 MB 5.7 MB/s eta 0:00:00\n[e70c98dd-49c4-4f47-a200-d7d1338fadb2/build_and_test]   | \n[e70c98dd-49c4-4f47-a200-d7d1338fadb2/build_and_test]   | Installing collected packages: pip\n[e70c98dd-49c4-4f47-a200-d7d1338fadb2/build_and_test]   | Successfully installed pip-23.1.2\n[e70c98dd-49c4-4f47-a200-d7d1338fadb2/build_and_test]   | Create complete file\n[e70c98dd-49c4-4f47-a200-d7d1338fadb2/build_and_test]   \ud83d\udcac  ::debug::isExplicit: \n[e70c98dd-49c4-4f47-a200-d7d1338fadb2/build_and_test]   \ud83d\udcac  ::debug::explicit? false\n[e70c98dd-49c4-4f47-a200-d7d1338fadb2/build_and_test]   \ud83d\udcac  ::debug::isExplicit: 2.7.18\n[e70c98dd-49c4-4f47-a200-d7d1338fadb2/build_and_test]   \ud83d\udcac  ::debug::explicit? true\n[e70c98dd-49c4-4f47-a200-d7d1338fadb2/build_and_test]   \ud83d\udcac  ::debug::isExplicit: 3.10.12\n[e70c98dd-49c4-4f47-a200-d7d1338fadb2/build_and_test]   \ud83d\udcac  ::debug::explicit? true\n[e70c98dd-49c4-4f47-a200-d7d1338fadb2/build_and_test]   \ud83d\udcac  ::debug::isExplicit: 3.5.10\n[e70c98dd-49c4-4f47-a200-d7d1338fadb2/build_and_test]   \ud83d\udcac  ::debug::explicit? true\n[e70c98dd-49c4-4f47-a200-d7d1338fadb2/build_and_test]   \ud83d\udcac  ::debug::isExplicit: 3.6.14\n[e70c98dd-49c4-4f47-a200-d7d1338fadb2/build_and_test]   \ud83d\udcac  ::debug::explicit? true\n[e70c98dd-49c4-4f47-a200-d7d1338fadb2/build_and_test]   \ud83d\udcac  ::debug::isExplicit: 3.7.11\n[e70c98dd-49c4-4f47-a200-d7d1338fadb2/build_and_test]   \ud83d\udcac  ::debug::explicit? true\n[e70c98dd-49c4-4f47-a200-d7d1338fadb2/build_and_test]   \ud83d\udcac  ::debug::isExplicit: 3.8.11\n[e70c98dd-49c4-4f47-a200-d7d1338fadb2/build_and_test]   \ud83d\udcac  ::debug::explicit? true\n[e70c98dd-49c4-4f47-a200-d7d1338fadb2/build_and_test]   \ud83d\udcac  ::debug::isExplicit: 3.9.6\n[e70c98dd-49c4-4f47-a200-d7d1338fadb2/build_and_test]   \ud83d\udcac  ::debug::explicit? true\n[e70c98dd-49c4-4f47-a200-d7d1338fadb2/build_and_test]   \ud83d\udcac  ::debug::evaluating 7 versions\n[e70c98dd-49c4-4f47-a200-d7d1338fadb2/build_and_test]   \ud83d\udcac  ::debug::matched: 3.10.12\n[e70c98dd-49c4-4f47-a200-d7d1338fadb2/build_and_test]   \ud83d\udcac  ::debug::checking cache: /opt/hostedtoolcache/Python/3.10.12/x64\n[e70c98dd-49c4-4f47-a200-d7d1338fadb2/build_and_test]   \ud83d\udcac  ::debug::Found tool in cache Python 3.10.12 x64\n[e70c98dd-49c4-4f47-a200-d7d1338fadb2/build_and_test]   | Successfully setup CPython (3.10.12)\n[e70c98dd-49c4-4f47-a200-d7d1338fadb2/build_and_test]   \u2753 add-matcher /run/act/actions/actions-setup-python@v3/.github/python.json\n[e70c98dd-49c4-4f47-a200-d7d1338fadb2/build_and_test]   \u2705  Success - Main Set up Python 3.10\n[e70c98dd-49c4-4f47-a200-d7d1338fadb2/build_and_test]   \u2699  ::set-env:: pythonLocation=/opt/hostedtoolcache/Python/3.10.12/x64\n[e70c98dd-49c4-4f47-a200-d7d1338fadb2/build_and_test]   \u2699  ::set-env:: LD_LIBRARY_PATH=/opt/hostedtoolcache/Python/3.10.12/x64/lib\n[e70c98dd-49c4-4f47-a200-d7d1338fadb2/build_and_test]   \u2699  ::set-output:: python-version=3.10.12\n[e70c98dd-49c4-4f47-a200-d7d1338fadb2/build_and_test]   \u2699  ::add-path:: /opt/hostedtoolcache/Python/3.10.12/x64\n[e70c98dd-49c4-4f47-a200-d7d1338fadb2/build_and_test]   \u2699  ::add-path:: /opt/hostedtoolcache/Python/3.10.12/x64/bin\n[e70c98dd-49c4-4f47-a200-d7d1338fadb2/build_and_test] \u2b50 Run Main Install dependencies\n[e70c98dd-49c4-4f47-a200-d7d1338fadb2/build_and_test]   \ud83d\udc33  docker exec cmd=[bash --noprofile --norc -e -o pipefail /var/run/act/workflow/2] user= workdir=\n[e70c98dd-49c4-4f47-a200-d7d1338fadb2/build_and_test]   | Requirement already satisfied: pip in /opt/hostedtoolcache/Python/3.10.12/x64/lib/python3.10/site-packages (23.0.1)\n[e70c98dd-49c4-4f47-a200-d7d1338fadb2/build_and_test]   | Collecting pip\n[e70c98dd-49c4-4f47-a200-d7d1338fadb2/build_and_test]   |   Using cached pip-23.1.2-py3-none-any.whl (2.1 MB)\n[e70c98dd-49c4-4f47-a200-d7d1338fadb2/build_and_test]   | Installing collected packages: pip\n[e70c98dd-49c4-4f47-a200-d7d1338fadb2/build_and_test]   |   Attempting uninstall: pip\n[e70c98dd-49c4-4f47-a200-d7d1338fadb2/build_and_test]   |     Found existing installation: pip 23.0.1\n[e70c98dd-49c4-4f47-a200-d7d1338fadb2/build_and_test]   |     Uninstalling pip-23.0.1:\n[e70c98dd-49c4-4f47-a200-d7d1338fadb2/build_and_test]   |       Successfully uninstalled pip-23.0.1\n[e70c98dd-49c4-4f47-a200-d7d1338fadb2/build_and_test]   | Successfully installed pip-23.1.2\n[e70c98dd-49c4-4f47-a200-d7d1338fadb2/build_and_test]   | Collecting faiss-cpu>=1.7 (from -r requirements.txt (line 1))\n[e70c98dd-49c4-4f47-a200-d7d1338fadb2/build_and_test]   |   Downloading faiss_cpu-1.7.4-cp310-cp310-manylinux_2_17_x86_64.manylinux2014_x86_64.whl (17.6 MB)\n[e70c98dd-49c4-4f47-a200-d7d1338fadb2/build_and_test]   |      \u2501\u2501\u2501\u2501\u2501\u2501\u2501\u2501\u2501\u2501\u2501\u2501\u2501\u2501\u2501\u2501\u2501\u2501\u2501\u2501\u2501\u2501\u2501\u2501\u2501\u2501\u2501\u2501\u2501\u2501\u2501\u2501\u2501\u2501\u2501\u2501\u2501\u2501\u2501\u2501 17.6/17.6 MB 30.7 MB/s eta 0:00:00\n[e70c98dd-49c4-4f47-a200-d7d1338fadb2/build_and_test]   | Collecting fastapi>=0.95 (from -r requirements.txt (line 2))\n[e70c98dd-49c4-4f47-a200-d7d1338fadb2/build_and_test]   |   Downloading fastapi-0.98.0-py3-none-any.whl (56 kB)\n[e70c98dd-49c4-4f47-a200-d7d1338fadb2/build_and_test]   |      \u2501\u2501\u2501\u2501\u2501\u2501\u2501\u2501\u2501\u2501\u2501\u2501\u2501\u2501\u2501\u2501\u2501\u2501\u2501\u2501\u2501\u2501\u2501\u2501\u2501\u2501\u2501\u2501\u2501\u2501\u2501\u2501\u2501\u2501\u2501\u2501\u2501\u2501\u2501 57.0/57.0 kB 265.2 kB/s eta 0:00:00\n[e70c98dd-49c4-4f47-a200-d7d1338fadb2/build_and_test]   | Collecting gradio==3.26.0 (from -r requirements.txt (line 3))\n[e70c98dd-49c4-4f47-a200-d7d1338fadb2/build_and_test]   |   Downloading gradio-3.26.0-py3-none-any.whl (17.3 MB)\n[e70c98dd-49c4-4f47-a200-d7d1338fadb2/build_and_test]   |      \u2501\u2501\u2501\u2501\u2501\u2501\u2501\u2501\u2501\u2501\u2501\u2501\u2501\u2501\u2501\u2501\u2501\u2501\u2501\u2501\u2501\u2501\u2501\u2501\u2501\u2501\u2501\u2501\u2501\u2501\u2501\u2501\u2501\u2501\u2501\u2501\u2501\u2501\u2501\u2501 17.3/17.3 MB 27.0 MB/s eta 0:00:00\n[e70c98dd-49c4-4f47-a200-d7d1338fadb2/build_and_test]   | Collecting gradio_client>=0.1 (from -r requirements.txt (line 4))\n[e70c98dd-49c4-4f47-a200-d7d1338fadb2/build_and_test]   |   Downloading gradio_client-0.2.7-py3-none-any.whl (288 kB)\n[e70c98dd-49c4-4f47-a200-d7d1338fadb2/build_and_test]   |      \u2501\u2501\u2501\u2501\u2501\u2501\u2501\u2501\u2501\u2501\u2501\u2501\u2501\u2501\u2501\u2501\u2501\u2501\u2501\u2501\u2501\u2501\u2501\u2501\u2501\u2501\u2501\u2501\u2501\u2501\u2501\u2501\u2501\u2501\u2501\u2501\u2501\u2501\u2501 288.4/288.4 kB 8.0 MB/s eta 0:00:00\n[e70c98dd-49c4-4f47-a200-d7d1338fadb2/build_and_test]   | Collecting httpx==0.23 (from -r requirements.txt (line 5))\n[e70c98dd-49c4-4f47-a200-d7d1338fadb2/build_and_test]   |   Downloading httpx-0.23.0-py3-none-any.whl (84 kB)\n[e70c98dd-49c4-4f47-a200-d7d1338fadb2/build_and_test]   |      \u2501\u2501\u2501\u2501\u2501\u2501\u2501\u2501\u2501\u2501\u2501\u2501\u2501\u2501\u2501\u2501\u2501\u2501\u2501\u2501\u2501\u2501\u2501\u2501\u2501\u2501\u2501\u2501\u2501\u2501\u2501\u2501\u2501\u2501\u2501\u2501\u2501\u2501\u2501\u2501 84.8/84.8 kB 1.8 MB/s eta 0:00:00\n[e70c98dd-49c4-4f47-a200-d7d1338fadb2/build_and_test]   | Collecting langchain==0.0.137 (from -r requirements.txt (line 6))\n[e70c98dd-49c4-4f47-a200-d7d1338fadb2/build_and_test]   |   Downloading langchain-0.0.137-py3-none-any.whl (518 kB)\n[e70c98dd-49c4-4f47-a200-d7d1338fadb2/build_and_test]   |      \u2501\u2501\u2501\u2501\u2501\u2501\u2501\u2501\u2501\u2501\u2501\u2501\u2501\u2501\u2501\u2501\u2501\u2501\u2501\u2501\u2501\u2501\u2501\u2501\u2501\u2501\u2501\u2501\u2501\u2501\u2501\u2501\u2501\u2501\u2501\u2501\u2501\u2501 518.3/518.3 kB 11.4 MB/s eta 0:00:00\n[e70c98dd-49c4-4f47-a200-d7d1338fadb2/build_and_test]   | Collecting openai>=0.27 (from -r requirements.txt (line 7))\n[e70c98dd-49c4-4f47-a200-d7d1338fadb2/build_and_test]   |   Downloading openai-0.27.8-py3-none-any.whl (73 kB)\n[e70c98dd-49c4-4f47-a200-d7d1338fadb2/build_and_test]   |      \u2501\u2501\u2501\u2501\u2501\u2501\u2501\u2501\u2501\u2501\u2501\u2501\u2501\u2501\u2501\u2501\u2501\u2501\u2501\u2501\u2501\u2501\u2501\u2501\u2501\u2501\u2501\u2501\u2501\u2501\u2501\u2501\u2501\u2501\u2501\u2501\u2501\u2501\u2501\u2501 73.6/73.6 kB 8.2 MB/s eta 0:00:00\n[e70c98dd-49c4-4f47-a200-d7d1338fadb2/build_and_test]   | Collecting pytest>=7.3 (from -r requirements.txt (line 8))\n[e70c98dd-49c4-4f47-a200-d7d1338fadb2/build_and_test]   |   Downloading pytest-7.4.0-py3-none-any.whl (323 kB)\n[e70c98dd-49c4-4f47-a200-d7d1338fadb2/build_and_test]   |      \u2501\u2501\u2501\u2501\u2501\u2501\u2501\u2501\u2501\u2501\u2501\u2501\u2501\u2501\u2501\u2501\u2501\u2501\u2501\u2501\u2501\u2501\u2501\u2501\u2501\u2501\u2501\u2501\u2501\u2501\u2501\u2501\u2501\u2501\u2501\u2501\u2501\u2501\u2501 323.6/323.6 kB 7.5 MB/s eta 0:00:00\n[e70c98dd-49c4-4f47-a200-d7d1338fadb2/build_and_test]   | Collecting rich (from -r requirements.txt (line 9))\n[e70c98dd-49c4-4f47-a200-d7d1338fadb2/build_and_test]   |   Downloading rich-13.4.2-py3-none-any.whl (239 kB)\n[e70c98dd-49c4-4f47-a200-d7d1338fadb2/build_and_test]   |      \u2501\u2501\u2501\u2501\u2501\u2501\u2501\u2501\u2501\u2501\u2501\u2501\u2501\u2501\u2501\u2501\u2501\u2501\u2501\u2501\u2501\u2501\u2501\u2501\u2501\u2501\u2501\u2501\u2501\u2501\u2501\u2501\u2501\u2501\u2501\u2501\u2501\u2501\u2501 239.4/239.4 kB 6.5 MB/s eta 0:00:00\n[e70c98dd-49c4-4f47-a200-d7d1338fadb2/build_and_test]   | Collecting unstructured>=0.5 (from -r requirements.txt (line 10))\n[e70c98dd-49c4-4f47-a200-d7d1338fadb2/build_and_test]   |   Downloading unstructured-0.7.9-py3-none-any.whl (1.4 MB)\n[e70c98dd-49c4-4f47-a200-d7d1338fadb2/build_and_test]   |      \u2501\u2501\u2501\u2501\u2501\u2501\u2501\u2501\u2501\u2501\u2501\u2501\u2501\u2501\u2501\u2501\u2501\u2501\u2501\u2501\u2501\u2501\u2501\u2501\u2501\u2501\u2501\u2501\u2501\u2501\u2501\u2501\u2501\u2501\u2501\u2501\u2501\u2501\u2501\u2501 1.4/1.4 MB 21.4 MB/s eta 0:00:00\n[e70c98dd-49c4-4f47-a200-d7d1338fadb2/build_and_test]   | Collecting python-dotenv==1.0.0 (from -r requirements.txt (line 11))\n[e70c98dd-49c4-4f47-a200-d7d1338fadb2/build_and_test]   |   Downloading python_dotenv-1.0.0-py3-none-any.whl (19 kB)\n[e70c98dd-49c4-4f47-a200-d7d1338fadb2/build_and_test]   | Collecting pdfminer.six (from -r requirements.txt (line 12))\n[e70c98dd-49c4-4f47-a200-d7d1338fadb2/build_and_test]   |   Downloading pdfminer.six-20221105-py3-none-any.whl (5.6 MB)\n[e70c98dd-49c4-4f47-a200-d7d1338fadb2/build_and_test]   |      \u2501\u2501\u2501\u2501\u2501\u2501\u2501\u2501\u2501\u2501\u2501\u2501\u2501\u2501\u2501\u2501\u2501\u2501\u2501\u2501\u2501\u2501\u2501\u2501\u2501\u2501\u2501\u2501\u2501\u2501\u2501\u2501\u2501\u2501\u2501\u2501\u2501\u2501\u2501\u2501 5.6/5.6 MB 23.1 MB/s eta 0:00:00\n[e70c98dd-49c4-4f47-a200-d7d1338fadb2/build_and_test]   | Collecting tiktoken==0.3.3 (from -r requirements.txt (line 13))\n[e70c98dd-49c4-4f47-a200-d7d1338fadb2/build_and_test]   |   Downloading tiktoken-0.3.3-cp310-cp310-manylinux_2_17_x86_64.manylinux2014_x86_64.whl (1.7 MB)\n[e70c98dd-49c4-4f47-a200-d7d1338fadb2/build_and_test]   |      \u2501\u2501\u2501\u2501\u2501\u2501\u2501\u2501\u2501\u2501\u2501\u2501\u2501\u2501\u2501\u2501\u2501\u2501\u2501\u2501\u2501\u2501\u2501\u2501\u2501\u2501\u2501\u2501\u2501\u2501\u2501\u2501\u2501\u2501\u2501\u2501\u2501\u2501\u2501\u2501 1.7/1.7 MB 11.2 MB/s eta 0:00:00\n[e70c98dd-49c4-4f47-a200-d7d1338fadb2/build_and_test]   | Collecting aiofiles (from gradio==3.26.0->-r requirements.txt (line 3))\n[e70c98dd-49c4-4f47-a200-d7d1338fadb2/build_and_test]   |   Downloading aiofiles-23.1.0-py3-none-any.whl (14 kB)\n[e70c98dd-49c4-4f47-a200-d7d1338fadb2/build_and_test]   | Collecting aiohttp (from gradio==3.26.0->-r requirements.txt (line 3))\n[e70c98dd-49c4-4f47-a200-d7d1338fadb2/build_and_test]   |   Downloading aiohttp-3.8.4-cp310-cp310-manylinux_2_17_x86_64.manylinux2014_x86_64.whl (1.0 MB)\n[e70c98dd-49c4-4f47-a200-d7d1338fadb2/build_and_test]   |      \u2501\u2501\u2501\u2501\u2501\u2501\u2501\u2501\u2501\u2501\u2501\u2501\u2501\u2501\u2501\u2501\u2501\u2501\u2501\u2501\u2501\u2501\u2501\u2501\u2501\u2501\u2501\u2501\u2501\u2501\u2501\u2501\u2501\u2501\u2501\u2501\u2501\u2501\u2501\u2501 1.0/1.0 MB 11.4 MB/s eta 0:00:00\n[e70c98dd-49c4-4f47-a200-d7d1338fadb2/build_and_test]   | Collecting altair>=4.2.0 (from gradio==3.26.0->-r requirements.txt (line 3))\n[e70c98dd-49c4-4f47-a200-d7d1338fadb2/build_and_test]   |   Downloading altair-5.0.1-py3-none-any.whl (471 kB)\n[e70c98dd-49c4-4f47-a200-d7d1338fadb2/build_and_test]   |      \u2501\u2501\u2501\u2501\u2501\u2501\u2501\u2501\u2501\u2501\u2501\u2501\u2501\u2501\u2501\u2501\u2501\u2501\u2501\u2501\u2501\u2501\u2501\u2501\u2501\u2501\u2501\u2501\u2501\u2501\u2501\u2501\u2501\u2501\u2501\u2501\u2501\u2501\u2501 471.5/471.5 kB 6.2 MB/s eta 0:00:00\n[e70c98dd-49c4-4f47-a200-d7d1338fadb2/build_and_test]   | Collecting ffmpy (from gradio==3.26.0->-r requirements.txt (line 3))\n[e70c98dd-49c4-4f47-a200-d7d1338fadb2/build_and_test]   |   Downloading ffmpy-0.3.0.tar.gz (4.8 kB)\n[e70c98dd-49c4-4f47-a200-d7d1338fadb2/build_and_test]   |   Installing build dependencies: started\n[e70c98dd-49c4-4f47-a200-d7d1338fadb2/build_and_test]   |   Installing build dependencies: finished with status 'done'\n[e70c98dd-49c4-4f47-a200-d7d1338fadb2/build_and_test]   |   Getting requirements to build wheel: started\n[e70c98dd-49c4-4f47-a200-d7d1338fadb2/build_and_test]   |   Getting requirements to build wheel: finished with status 'done'\n[e70c98dd-49c4-4f47-a200-d7d1338fadb2/build_and_test]   |   Preparing metadata (pyproject.toml): started\n[e70c98dd-49c4-4f47-a200-d7d1338fadb2/build_and_test]   |   Preparing metadata (pyproject.toml): finished with status 'done'\n[e70c98dd-49c4-4f47-a200-d7d1338fadb2/build_and_test]   | Collecting gradio_client>=0.1 (from -r requirements.txt (line 4))\n[e70c98dd-49c4-4f47-a200-d7d1338fadb2/build_and_test]   |   Downloading gradio_client-0.1.2-py3-none-any.whl (286 kB)\n[e70c98dd-49c4-4f47-a200-d7d1338fadb2/build_and_test]   |      \u2501\u2501\u2501\u2501\u2501\u2501\u2501\u2501\u2501\u2501\u2501\u2501\u2501\u2501\u2501\u2501\u2501\u2501\u2501\u2501\u2501\u2501\u2501\u2501\u2501\u2501\u2501\u2501\u2501\u2501\u2501\u2501\u2501\u2501\u2501\u2501\u2501\u2501\u2501 286.1/286.1 kB 2.7 MB/s eta 0:00:00\n[e70c98dd-49c4-4f47-a200-d7d1338fadb2/build_and_test]   | Collecting huggingface-hub>=0.13.0 (from gradio==3.26.0->-r requirements.txt (line 3))\n[e70c98dd-49c4-4f47-a200-d7d1338fadb2/build_and_test]   |   Downloading huggingface_hub-0.15.1-py3-none-any.whl (236 kB)\n[e70c98dd-49c4-4f47-a200-d7d1338fadb2/build_and_test]   |      \u2501\u2501\u2501\u2501\u2501\u2501\u2501\u2501\u2501\u2501\u2501\u2501\u2501\u2501\u2501\u2501\u2501\u2501\u2501\u2501\u2501\u2501\u2501\u2501\u2501\u2501\u2501\u2501\u2501\u2501\u2501\u2501\u2501\u2501\u2501\u2501\u2501\u2501\u2501 236.8/236.8 kB 8.1 MB/s eta 0:00:00\n[e70c98dd-49c4-4f47-a200-d7d1338fadb2/build_and_test]   | Collecting jinja2 (from gradio==3.26.0->-r requirements.txt (line 3))\n[e70c98dd-49c4-4f47-a200-d7d1338fadb2/build_and_test]   |   Downloading Jinja2-3.1.2-py3-none-any.whl (133 kB)\n[e70c98dd-49c4-4f47-a200-d7d1338fadb2/build_and_test]   |      \u2501\u2501\u2501\u2501\u2501\u2501\u2501\u2501\u2501\u2501\u2501\u2501\u2501\u2501\u2501\u2501\u2501\u2501\u2501\u2501\u2501\u2501\u2501\u2501\u2501\u2501\u2501\u2501\u2501\u2501\u2501\u2501\u2501\u2501\u2501\u2501\u2501\u2501\u2501 133.1/133.1 kB 1.1 MB/s eta 0:00:00\n[e70c98dd-49c4-4f47-a200-d7d1338fadb2/build_and_test]   | Collecting markdown-it-py[linkify]>=2.0.0 (from gradio==3.26.0->-r requirements.txt (line 3))\n[e70c98dd-49c4-4f47-a200-d7d1338fadb2/build_and_test]   |   Downloading markdown_it_py-3.0.0-py3-none-any.whl (87 kB)\n[e70c98dd-49c4-4f47-a200-d7d1338fadb2/build_and_test]   |      \u2501\u2501\u2501\u2501\u2501\u2501\u2501\u2501\u2501\u2501\u2501\u2501\u2501\u2501\u2501\u2501\u2501\u2501\u2501\u2501\u2501\u2501\u2501\u2501\u2501\u2501\u2501\u2501\u2501\u2501\u2501\u2501\u2501\u2501\u2501\u2501\u2501\u2501\u2501 87.5/87.5 kB 769.4 kB/s eta 0:00:00\n[e70c98dd-49c4-4f47-a200-d7d1338fadb2/build_and_test]   | Collecting markupsafe (from gradio==3.26.0->-r requirements.txt (line 3))\n[e70c98dd-49c4-4f47-a200-d7d1338fadb2/build_and_test]   |   Downloading MarkupSafe-2.1.3-cp310-cp310-manylinux_2_17_x86_64.manylinux2014_x86_64.whl (25 kB)\n[e70c98dd-49c4-4f47-a200-d7d1338fadb2/build_and_test]   | Collecting matplotlib (from gradio==3.26.0->-r requirements.txt (line 3))\n[e70c98dd-49c4-4f47-a200-d7d1338fadb2/build_and_test]   |   Downloading matplotlib-3.7.1-cp310-cp310-manylinux_2_17_x86_64.manylinux2014_x86_64.whl (11.6 MB)\n[e70c98dd-49c4-4f47-a200-d7d1338fadb2/build_and_test]   |      \u2501\u2501\u2501\u2501\u2501\u2501\u2501\u2501\u2501\u2501\u2501\u2501\u2501\u2501\u2501\u2501\u2501\u2501\u2501\u2501\u2501\u2501\u2501\u2501\u2501\u2501\u2501\u2501\u2501\u2501\u2501\u2501\u2501\u2501\u2501\u2501\u2501\u2501\u2501\u2501 11.6/11.6 MB 10.0 MB/s eta 0:00:00\n[e70c98dd-49c4-4f47-a200-d7d1338fadb2/build_and_test]   | Collecting mdit-py-plugins<=0.3.3 (from gradio==3.26.0->-r requirements.txt (line 3))\n[e70c98dd-49c4-4f47-a200-d7d1338fadb2/build_and_test]   |   Downloading mdit_py_plugins-0.3.3-py3-none-any.whl (50 kB)\n[e70c98dd-49c4-4f47-a200-d7d1338fadb2/build_and_test]   |      \u2501\u2501\u2501\u2501\u2501\u2501\u2501\u2501\u2501\u2501\u2501\u2501\u2501\u2501\u2501\u2501\u2501\u2501\u2501\u2501\u2501\u2501\u2501\u2501\u2501\u2501\u2501\u2501\u2501\u2501\u2501\u2501\u2501\u2501\u2501\u2501\u2501\u2501\u2501\u2501 50.5/50.5 kB 4.8 MB/s eta 0:00:00\n[e70c98dd-49c4-4f47-a200-d7d1338fadb2/build_and_test]   | Collecting numpy (from gradio==3.26.0->-r requirements.txt (line 3))\n[e70c98dd-49c4-4f47-a200-d7d1338fadb2/build_and_test]   |   Downloading numpy-1.25.0-cp310-cp310-manylinux_2_17_x86_64.manylinux2014_x86_64.whl (17.6 MB)\n[e70c98dd-49c4-4f47-a200-d7d1338fadb2/build_and_test]   |      \u2501\u2501\u2501\u2501\u2501\u2501\u2501\u2501\u2501\u2501\u2501\u2501\u2501\u2501\u2501\u2501\u2501\u2501\u2501\u2501\u2501\u2501\u2501\u2501\u2501\u2501\u2501\u2501\u2501\u2501\u2501\u2501\u2501\u2501\u2501\u2501\u2501\u2501\u2501\u2501 17.6/17.6 MB 4.9 MB/s eta 0:00:00\n[e70c98dd-49c4-4f47-a200-d7d1338fadb2/build_and_test]   | Collecting orjson (from gradio==3.26.0->-r requirements.txt (line 3))\n[e70c98dd-49c4-4f47-a200-d7d1338fadb2/build_and_test]   |   Downloading orjson-3.9.1-cp310-cp310-manylinux_2_17_x86_64.manylinux2014_x86_64.whl (136 kB)\n[e70c98dd-49c4-4f47-a200-d7d1338fadb2/build_and_test]   |      \u2501\u2501\u2501\u2501\u2501\u2501\u2501\u2501\u2501\u2501\u2501\u2501\u2501\u2501\u2501\u2501\u2501\u2501\u2501\u2501\u2501\u2501\u2501\u2501\u2501\u2501\u2501\u2501\u2501\u2501\u2501\u2501\u2501\u2501\u2501\u2501\u2501\u2501\u2501 137.0/137.0 kB 2.5 MB/s eta 0:00:00\n[e70c98dd-49c4-4f47-a200-d7d1338fadb2/build_and_test]   | Collecting pandas (from gradio==3.26.0->-r requirements.txt (line 3))\n[e70c98dd-49c4-4f47-a200-d7d1338fadb2/build_and_test]   |   Downloading pandas-2.0.2-cp310-cp310-manylinux_2_17_x86_64.manylinux2014_x86_64.whl (12.3 MB)\n[e70c98dd-49c4-4f47-a200-d7d1338fadb2/build_and_test]   |      \u2501\u2501\u2501\u2501\u2501\u2501\u2501\u2501\u2501\u2501\u2501\u2501\u2501\u2501\u2501\u2501\u2501\u2501\u2501\u2501\u2501\u2501\u2501\u2501\u2501\u2501\u2501\u2501\u2501\u2501\u2501\u2501\u2501\u2501\u2501\u2501\u2501\u2501\u2501\u2501 12.3/12.3 MB 7.4 MB/s eta 0:00:00\n[e70c98dd-49c4-4f47-a200-d7d1338fadb2/build_and_test]   | Collecting pillow (from gradio==3.26.0->-r requirements.txt (line 3))\n[e70c98dd-49c4-4f47-a200-d7d1338fadb2/build_and_test]   |   Downloading Pillow-9.5.0-cp310-cp310-manylinux_2_28_x86_64.whl (3.4 MB)\n[e70c98dd-49c4-4f47-a200-d7d1338fadb2/build_and_test]   |      \u2501\u2501\u2501\u2501\u2501\u2501\u2501\u2501\u2501\u2501\u2501\u2501\u2501\u2501\u2501\u2501\u2501\u2501\u2501\u2501\u2501\u2501\u2501\u2501\u2501\u2501\u2501\u2501\u2501\u2501\u2501\u2501\u2501\u2501\u2501\u2501\u2501\u2501\u2501\u2501 3.4/3.4 MB 18.9 MB/s eta 0:00:00\n[e70c98dd-49c4-4f47-a200-d7d1338fadb2/build_and_test]   | Collecting pydantic (from gradio==3.26.0->-r requirements.txt (line 3))\n[e70c98dd-49c4-4f47-a200-d7d1338fadb2/build_and_test]   |   Downloading pydantic-1.10.9-cp310-cp310-manylinux_2_17_x86_64.manylinux2014_x86_64.whl (3.1 MB)\n[e70c98dd-49c4-4f47-a200-d7d1338fadb2/build_and_test]   |      \u2501\u2501\u2501\u2501\u2501\u2501\u2501\u2501\u2501\u2501\u2501\u2501\u2501\u2501\u2501\u2501\u2501\u2501\u2501\u2501\u2501\u2501\u2501\u2501\u2501\u2501\u2501\u2501\u2501\u2501\u2501\u2501\u2501\u2501\u2501\u2501\u2501\u2501\u2501\u2501 3.1/3.1 MB 13.4 MB/s eta 0:00:00\n[e70c98dd-49c4-4f47-a200-d7d1338fadb2/build_and_test]   | Collecting pydub (from gradio==3.26.0->-r requirements.txt (line 3))\n[e70c98dd-49c4-4f47-a200-d7d1338fadb2/build_and_test]   |   Downloading pydub-0.25.1-py2.py3-none-any.whl (32 kB)\n[e70c98dd-49c4-4f47-a200-d7d1338fadb2/build_and_test]   | Collecting python-multipart (from gradio==3.26.0->-r requirements.txt (line 3))\n[e70c98dd-49c4-4f47-a200-d7d1338fadb2/build_and_test]   |   Downloading python_multipart-0.0.6-py3-none-any.whl (45 kB)\n[e70c98dd-49c4-4f47-a200-d7d1338fadb2/build_and_test]   |      \u2501\u2501\u2501\u2501\u2501\u2501\u2501\u2501\u2501\u2501\u2501\u2501\u2501\u2501\u2501\u2501\u2501\u2501\u2501\u2501\u2501\u2501\u2501\u2501\u2501\u2501\u2501\u2501\u2501\u2501\u2501\u2501\u2501\u2501\u2501\u2501\u2501\u2501\u2501\u2501 45.7/45.7 kB 1.9 MB/s eta 0:00:00\n[e70c98dd-49c4-4f47-a200-d7d1338fadb2/build_and_test]   | Collecting pyyaml (from gradio==3.26.0->-r requirements.txt (line 3))\n[e70c98dd-49c4-4f47-a200-d7d1338fadb2/build_and_test]   |   Downloading PyYAML-6.0-cp310-cp310-manylinux_2_5_x86_64.manylinux1_x86_64.manylinux_2_12_x86_64.manylinux2010_x86_64.whl (682 kB)\n[e70c98dd-49c4-4f47-a200-d7d1338fadb2/build_and_test]   |      \u2501\u2501\u2501\u2501\u2501\u2501\u2501\u2501\u2501\u2501\u2501\u2501\u2501\u2501\u2501\u2501\u2501\u2501\u2501\u2501\u2501\u2501\u2501\u2501\u2501\u2501\u2501\u2501\u2501\u2501\u2501\u2501\u2501\u2501\u2501\u2501\u2501\u2501 682.2/682.2 kB 10.3 MB/s eta 0:00:00\n[e70c98dd-49c4-4f47-a200-d7d1338fadb2/build_and_test]   | Collecting requests (from gradio==3.26.0->-r requirements.txt (line 3))\n[e70c98dd-49c4-4f47-a200-d7d1338fadb2/build_and_test]   |   Downloading requests-2.31.0-py3-none-any.whl (62 kB)\n[e70c98dd-49c4-4f47-a200-d7d1338fadb2/build_and_test]   |      \u2501\u2501\u2501\u2501\u2501\u2501\u2501\u2501\u2501\u2501\u2501\u2501\u2501\u2501\u2501\u2501\u2501\u2501\u2501\u2501\u2501\u2501\u2501\u2501\u2501\u2501\u2501\u2501\u2501\u2501\u2501\u2501\u2501\u2501\u2501\u2501\u2501\u2501\u2501\u2501 62.6/62.6 kB 1.0 MB/s eta 0:00:00\n[e70c98dd-49c4-4f47-a200-d7d1338fadb2/build_and_test]   | Collecting semantic-version (from gradio==3.26.0->-r requirements.txt (line 3))\n[e70c98dd-49c4-4f47-a200-d7d1338fadb2/build_and_test]   |   Downloading semantic_version-2.10.0-py2.py3-none-any.whl (15 kB)\n[e70c98dd-49c4-4f47-a200-d7d1338fadb2/build_and_test]   | Collecting typing-extensions (from gradio==3.26.0->-r requirements.txt (line 3))\n[e70c98dd-49c4-4f47-a200-d7d1338fadb2/build_and_test]   |   Downloading typing_extensions-4.6.3-py3-none-any.whl (31 kB)\n[e70c98dd-49c4-4f47-a200-d7d1338fadb2/build_and_test]   | Collecting uvicorn (from gradio==3.26.0->-r requirements.txt (line 3))\n[e70c98dd-49c4-4f47-a200-d7d1338fadb2/build_and_test]   |   Downloading uvicorn-0.22.0-py3-none-any.whl (58 kB)\n[e70c98dd-49c4-4f47-a200-d7d1338fadb2/build_and_test]   |      \u2501\u2501\u2501\u2501\u2501\u2501\u2501\u2501\u2501\u2501\u2501\u2501\u2501\u2501\u2501\u2501\u2501\u2501\u2501\u2501\u2501\u2501\u2501\u2501\u2501\u2501\u2501\u2501\u2501\u2501\u2501\u2501\u2501\u2501\u2501\u2501\u2501\u2501\u2501\u2501 58.3/58.3 kB 5.5 MB/s eta 0:00:00\n[e70c98dd-49c4-4f47-a200-d7d1338fadb2/build_and_test]   | Collecting websockets>=10.0 (from gradio==3.26.0->-r requirements.txt (line 3))\n[e70c98dd-49c4-4f47-a200-d7d1338fadb2/build_and_test]   |   Downloading websockets-11.0.3-cp310-cp310-manylinux_2_5_x86_64.manylinux1_x86_64.manylinux_2_17_x86_64.manylinux2014_x86_64.whl (129 kB)\n[e70c98dd-49c4-4f47-a200-d7d1338fadb2/build_and_test]   |      \u2501\u2501\u2501\u2501\u2501\u2501\u2501\u2501\u2501\u2501\u2501\u2501\u2501\u2501\u2501\u2501\u2501\u2501\u2501\u2501\u2501\u2501\u2501\u2501\u2501\u2501\u2501\u2501\u2501\u2501\u2501\u2501\u2501\u2501\u2501\u2501\u2501\u2501\u2501 129.9/129.9 kB 5.7 MB/s eta 0:00:00\n[e70c98dd-49c4-4f47-a200-d7d1338fadb2/build_and_test]   | Collecting fsspec (from gradio_client>=0.1->-r requirements.txt (line 4))\n[e70c98dd-49c4-4f47-a200-d7d1338fadb2/build_and_test]   |   Downloading fsspec-2023.6.0-py3-none-any.whl (163 kB)\n[e70c98dd-49c4-4f47-a200-d7d1338fadb2/build_and_test]   |      \u2501\u2501\u2501\u2501\u2501\u2501\u2501\u2501\u2501\u2501\u2501\u2501\u2501\u2501\u2501\u2501\u2501\u2501\u2501\u2501\u2501\u2501\u2501\u2501\u2501\u2501\u2501\u2501\u2501\u2501\u2501\u2501\u2501\u2501\u2501\u2501\u2501\u2501 163.8/163.8 kB 12.7 MB/s eta 0:00:00\n[e70c98dd-49c4-4f47-a200-d7d1338fadb2/build_and_test]   | Collecting packaging (from gradio_client>=0.1->-r requirements.txt (line 4))\n[e70c98dd-49c4-4f47-a200-d7d1338fadb2/build_and_test]   |   Downloading packaging-23.1-py3-none-any.whl (48 kB)\n[e70c98dd-49c4-4f47-a200-d7d1338fadb2/build_and_test]   |      \u2501\u2501\u2501\u2501\u2501\u2501\u2501\u2501\u2501\u2501\u2501\u2501\u2501\u2501\u2501\u2501\u2501\u2501\u2501\u2501\u2501\u2501\u2501\u2501\u2501\u2501\u2501\u2501\u2501\u2501\u2501\u2501\u2501\u2501\u2501\u2501\u2501\u2501\u2501 48.9/48.9 kB 295.6 kB/s eta 0:00:00\n[e70c98dd-49c4-4f47-a200-d7d1338fadb2/build_and_test]   | Collecting certifi (from httpx==0.23->-r requirements.txt (line 5))\n[e70c98dd-49c4-4f47-a200-d7d1338fadb2/build_and_test]   |   Downloading certifi-2023.5.7-py3-none-any.whl (156 kB)\n[e70c98dd-49c4-4f47-a200-d7d1338fadb2/build_and_test]   |      \u2501\u2501\u2501\u2501\u2501\u2501\u2501\u2501\u2501\u2501\u2501\u2501\u2501\u2501\u2501\u2501\u2501\u2501\u2501\u2501\u2501\u2501\u2501\u2501\u2501\u2501\u2501\u2501\u2501\u2501\u2501\u2501\u2501\u2501\u2501\u2501\u2501\u2501\u2501 157.0/157.0 kB 9.8 MB/s eta 0:00:00\n[e70c98dd-49c4-4f47-a200-d7d1338fadb2/build_and_test]   | Collecting sniffio (from httpx==0.23->-r requirements.txt (line 5))\n[e70c98dd-49c4-4f47-a200-d7d1338fadb2/build_and_test]   |   Downloading sniffio-1.3.0-py3-none-any.whl (10 kB)\n[e70c98dd-49c4-4f47-a200-d7d1338fadb2/build_and_test]   | Collecting rfc3986[idna2008]<2,>=1.3 (from httpx==0.23->-r requirements.txt (line 5))\n[e70c98dd-49c4-4f47-a200-d7d1338fadb2/build_and_test]   |   Downloading rfc3986-1.5.0-py2.py3-none-any.whl (31 kB)\n[e70c98dd-49c4-4f47-a200-d7d1338fadb2/build_and_test]   | Collecting httpcore<0.16.0,>=0.15.0 (from httpx==0.23->-r requirements.txt (line 5))\n[e70c98dd-49c4-4f47-a200-d7d1338fadb2/build_and_test]   |   Downloading httpcore-0.15.0-py3-none-any.whl (68 kB)\n[e70c98dd-49c4-4f47-a200-d7d1338fadb2/build_and_test]   |      \u2501\u2501\u2501\u2501\u2501\u2501\u2501\u2501\u2501\u2501\u2501\u2501\u2501\u2501\u2501\u2501\u2501\u2501\u2501\u2501\u2501\u2501\u2501\u2501\u2501\u2501\u2501\u2501\u2501\u2501\u2501\u2501\u2501\u2501\u2501\u2501\u2501\u2501\u2501\u2501 68.4/68.4 kB 3.1 MB/s eta 0:00:00\n[e70c98dd-49c4-4f47-a200-d7d1338fadb2/build_and_test]   | Collecting SQLAlchemy<2,>=1 (from langchain==0.0.137->-r requirements.txt (line 6))\n[e70c98dd-49c4-4f47-a200-d7d1338fadb2/build_and_test]   |   Downloading SQLAlchemy-1.4.48-cp310-cp310-manylinux_2_5_x86_64.manylinux1_x86_64.manylinux_2_17_x86_64.manylinux2014_x86_64.whl (1.6 MB)\n[e70c98dd-49c4-4f47-a200-d7d1338fadb2/build_and_test]   |      \u2501\u2501\u2501\u2501\u2501\u2501\u2501\u2501\u2501\u2501\u2501\u2501\u2501\u2501\u2501\u2501\u2501\u2501\u2501\u2501\u2501\u2501\u2501\u2501\u2501\u2501\u2501\u2501\u2501\u2501\u2501\u2501\u2501\u2501\u2501\u2501\u2501\u2501\u2501\u2501 1.6/1.6 MB 13.3 MB/s eta 0:00:00\n[e70c98dd-49c4-4f47-a200-d7d1338fadb2/build_and_test]   | Collecting async-timeout<5.0.0,>=4.0.0 (from langchain==0.0.137->-r requirements.txt (line 6))\n[e70c98dd-49c4-4f47-a200-d7d1338fadb2/build_and_test]   |   Downloading async_timeout-4.0.2-py3-none-any.whl (5.8 kB)\n[e70c98dd-49c4-4f47-a200-d7d1338fadb2/build_and_test]   | Collecting dataclasses-json<0.6.0,>=0.5.7 (from langchain==0.0.137->-r requirements.txt (line 6))\n[e70c98dd-49c4-4f47-a200-d7d1338fadb2/build_and_test]   |   Downloading dataclasses_json-0.5.8-py3-none-any.whl (26 kB)\n[e70c98dd-49c4-4f47-a200-d7d1338fadb2/build_and_test]   | Collecting openapi-schema-pydantic<2.0,>=1.2 (from langchain==0.0.137->-r requirements.txt (line 6))\n[e70c98dd-49c4-4f47-a200-d7d1338fadb2/build_and_test]   |   Downloading openapi_schema_pydantic-1.2.4-py3-none-any.whl (90 kB)\n[e70c98dd-49c4-4f47-a200-d7d1338fadb2/build_and_test]   |      \u2501\u2501\u2501\u2501\u2501\u2501\u2501\u2501\u2501\u2501\u2501\u2501\u2501\u2501\u2501\u2501\u2501\u2501\u2501\u2501\u2501\u2501\u2501\u2501\u2501\u2501\u2501\u2501\u2501\u2501\u2501\u2501\u2501\u2501\u2501\u2501\u2501\u2501\u2501\u2501 90.0/90.0 kB 2.1 MB/s eta 0:00:00\n[e70c98dd-49c4-4f47-a200-d7d1338fadb2/build_and_test]   | Collecting tenacity<9.0.0,>=8.1.0 (from langchain==0.0.137->-r requirements.txt (line 6))\n[e70c98dd-49c4-4f47-a200-d7d1338fadb2/build_and_test]   |   Downloading tenacity-8.2.2-py3-none-any.whl (24 kB)\n[e70c98dd-49c4-4f47-a200-d7d1338fadb2/build_and_test]   | Collecting regex>=2022.1.18 (from tiktoken==0.3.3->-r requirements.txt (line 13))\n[e70c98dd-49c4-4f47-a200-d7d1338fadb2/build_and_test]   |   Downloading regex-2023.6.3-cp310-cp310-manylinux_2_17_x86_64.manylinux2014_x86_64.whl (770 kB)\n[e70c98dd-49c4-4f47-a200-d7d1338fadb2/build_and_test]   |      \u2501\u2501\u2501\u2501\u2501\u2501\u2501\u2501\u2501\u2501\u2501\u2501\u2501\u2501\u2501\u2501\u2501\u2501\u2501\u2501\u2501\u2501\u2501\u2501\u2501\u2501\u2501\u2501\u2501\u2501\u2501\u2501\u2501\u2501\u2501\u2501\u2501\u2501 770.4/770.4 kB 13.1 MB/s eta 0:00:00\n[e70c98dd-49c4-4f47-a200-d7d1338fadb2/build_and_test]   | Collecting starlette<0.28.0,>=0.27.0 (from fastapi>=0.95->-r requirements.txt (line 2))\n[e70c98dd-49c4-4f47-a200-d7d1338fadb2/build_and_test]   |   Downloading starlette-0.27.0-py3-none-any.whl (66 kB)\n[e70c98dd-49c4-4f47-a200-d7d1338fadb2/build_and_test]   |      \u2501\u2501\u2501\u2501\u2501\u2501\u2501\u2501\u2501\u2501\u2501\u2501\u2501\u2501\u2501\u2501\u2501\u2501\u2501\u2501\u2501\u2501\u2501\u2501\u2501\u2501\u2501\u2501\u2501\u2501\u2501\u2501\u2501\u2501\u2501\u2501\u2501\u2501\u2501\u2501 67.0/67.0 kB 4.3 MB/s eta 0:00:00\n[e70c98dd-49c4-4f47-a200-d7d1338fadb2/build_and_test]   | Collecting tqdm (from openai>=0.27->-r requirements.txt (line 7))\n[e70c98dd-49c4-4f47-a200-d7d1338fadb2/build_and_test]   |   Downloading tqdm-4.65.0-py3-none-any.whl (77 kB)\n[e70c98dd-49c4-4f47-a200-d7d1338fadb2/build_and_test]   |      \u2501\u2501\u2501\u2501\u2501\u2501\u2501\u2501\u2501\u2501\u2501\u2501\u2501\u2501\u2501\u2501\u2501\u2501\u2501\u2501\u2501\u2501\u2501\u2501\u2501\u2501\u2501\u2501\u2501\u2501\u2501\u2501\u2501\u2501\u2501\u2501\u2501\u2501\u2501\u2501 77.1/77.1 kB 7.6 MB/s eta 0:00:00\n[e70c98dd-49c4-4f47-a200-d7d1338fadb2/build_and_test]   | Collecting iniconfig (from pytest>=7.3->-r requirements.txt (line 8))\n[e70c98dd-49c4-4f47-a200-d7d1338fadb2/build_and_test]   |   Downloading iniconfig-2.0.0-py3-none-any.whl (5.9 kB)\n[e70c98dd-49c4-4f47-a200-d7d1338fadb2/build_and_test]   | Collecting pluggy<2.0,>=0.12 (from pytest>=7.3->-r requirements.txt (line 8))\n[e70c98dd-49c4-4f47-a200-d7d1338fadb2/build_and_test]   |   Downloading pluggy-1.2.0-py3-none-any.whl (17 kB)\n[e70c98dd-49c4-4f47-a200-d7d1338fadb2/build_and_test]   | Collecting exceptiongroup>=1.0.0rc8 (from pytest>=7.3->-r requirements.txt (line 8))\n[e70c98dd-49c4-4f47-a200-d7d1338fadb2/build_and_test]   |   Downloading exceptiongroup-1.1.1-py3-none-any.whl (14 kB)\n[e70c98dd-49c4-4f47-a200-d7d1338fadb2/build_and_test]   | Collecting tomli>=1.0.0 (from pytest>=7.3->-r requirements.txt (line 8))\n[e70c98dd-49c4-4f47-a200-d7d1338fadb2/build_and_test]   |   Downloading tomli-2.0.1-py3-none-any.whl (12 kB)\n[e70c98dd-49c4-4f47-a200-d7d1338fadb2/build_and_test]   | Collecting pygments<3.0.0,>=2.13.0 (from rich->-r requirements.txt (line 9))\n[e70c98dd-49c4-4f47-a200-d7d1338fadb2/build_and_test]   |   Downloading Pygments-2.15.1-py3-none-any.whl (1.1 MB)\n[e70c98dd-49c4-4f47-a200-d7d1338fadb2/build_and_test]   |      \u2501\u2501\u2501\u2501\u2501\u2501\u2501\u2501\u2501\u2501\u2501\u2501\u2501\u2501\u2501\u2501\u2501\u2501\u2501\u2501\u2501\u2501\u2501\u2501\u2501\u2501\u2501\u2501\u2501\u2501\u2501\u2501\u2501\u2501\u2501\u2501\u2501\u2501\u2501\u2501 1.1/1.1 MB 10.7 MB/s eta 0:00:00\n[e70c98dd-49c4-4f47-a200-d7d1338fadb2/build_and_test]   | Collecting argilla (from unstructured>=0.5->-r requirements.txt (line 10))\n[e70c98dd-49c4-4f47-a200-d7d1338fadb2/build_and_test]   |   Downloading argilla-1.11.0-py3-none-any.whl (2.5 MB)\n[e70c98dd-49c4-4f47-a200-d7d1338fadb2/build_and_test]   |      \u2501\u2501\u2501\u2501\u2501\u2501\u2501\u2501\u2501\u2501\u2501\u2501\u2501\u2501\u2501\u2501\u2501\u2501\u2501\u2501\u2501\u2501\u2501\u2501\u2501\u2501\u2501\u2501\u2501\u2501\u2501\u2501\u2501\u2501\u2501\u2501\u2501\u2501\u2501\u2501 2.5/2.5 MB 20.9 MB/s eta 0:00:00\n[e70c98dd-49c4-4f47-a200-d7d1338fadb2/build_and_test]   | Collecting chardet (from unstructured>=0.5->-r requirements.txt (line 10))\n[e70c98dd-49c4-4f47-a200-d7d1338fadb2/build_and_test]   |   Downloading chardet-5.1.0-py3-none-any.whl (199 kB)\n[e70c98dd-49c4-4f47-a200-d7d1338fadb2/build_and_test]   |      \u2501\u2501\u2501\u2501\u2501\u2501\u2501\u2501\u2501\u2501\u2501\u2501\u2501\u2501\u2501\u2501\u2501\u2501\u2501\u2501\u2501\u2501\u2501\u2501\u2501\u2501\u2501\u2501\u2501\u2501\u2501\u2501\u2501\u2501\u2501\u2501\u2501\u2501\u2501 199.1/199.1 kB 4.3 MB/s eta 0:00:00\n[e70c98dd-49c4-4f47-a200-d7d1338fadb2/build_and_test]   | Collecting filetype (from unstructured>=0.5->-r requirements.txt (line 10))\n[e70c98dd-49c4-4f47-a200-d7d1338fadb2/build_and_test]   |   Downloading filetype-1.2.0-py2.py3-none-any.whl (19 kB)\n[e70c98dd-49c4-4f47-a200-d7d1338fadb2/build_and_test]   | Collecting lxml (from unstructured>=0.5->-r requirements.txt (line 10))\n[e70c98dd-49c4-4f47-a200-d7d1338fadb2/build_and_test]   |   Downloading lxml-4.9.2-cp310-cp310-manylinux_2_17_x86_64.manylinux2014_x86_64.manylinux_2_24_x86_64.whl (7.1 MB)\n[e70c98dd-49c4-4f47-a200-d7d1338fadb2/build_and_test]   |      \u2501\u2501\u2501\u2501\u2501\u2501\u2501\u2501\u2501\u2501\u2501\u2501\u2501\u2501\u2501\u2501\u2501\u2501\u2501\u2501\u2501\u2501\u2501\u2501\u2501\u2501\u2501\u2501\u2501\u2501\u2501\u2501\u2501\u2501\u2501\u2501\u2501\u2501\u2501\u2501 7.1/7.1 MB 18.4 MB/s eta 0:00:00\n[e70c98dd-49c4-4f47-a200-d7d1338fadb2/build_and_test]   | Collecting msg-parser (from unstructured>=0.5->-r requirements.txt (line 10))\n[e70c98dd-49c4-4f47-a200-d7d1338fadb2/build_and_test]   |   Downloading msg_parser-1.2.0-py2.py3-none-any.whl (101 kB)\n[e70c98dd-49c4-4f47-a200-d7d1338fadb2/build_and_test]   |      \u2501\u2501\u2501\u2501\u2501\u2501\u2501\u2501\u2501\u2501\u2501\u2501\u2501\u2501\u2501\u2501\u2501\u2501\u2501\u2501\u2501\u2501\u2501\u2501\u2501\u2501\u2501\u2501\u2501\u2501\u2501\u2501\u2501\u2501\u2501\u2501\u2501\u2501\u2501 101.8/101.8 kB 9.3 MB/s eta 0:00:00\n[e70c98dd-49c4-4f47-a200-d7d1338fadb2/build_and_test]   | Collecting nltk (from unstructured>=0.5->-r requirements.txt (line 10))\n[e70c98dd-49c4-4f47-a200-d7d1338fadb2/build_and_test]   |   Downloading nltk-3.8.1-py3-none-any.whl (1.5 MB)\n[e70c98dd-49c4-4f47-a200-d7d1338fadb2/build_and_test]   |      \u2501\u2501\u2501\u2501\u2501\u2501\u2501\u2501\u2501\u2501\u2501\u2501\u2501\u2501\u2501\u2501\u2501\u2501\u2501\u2501\u2501\u2501\u2501\u2501\u2501\u2501\u2501\u2501\u2501\u2501\u2501\u2501\u2501\u2501\u2501\u2501\u2501\u2501\u2501\u2501 1.5/1.5 MB 9.2 MB/s eta 0:00:00\n[e70c98dd-49c4-4f47-a200-d7d1338fadb2/build_and_test]   | Collecting openpyxl (from unstructured>=0.5->-r requirements.txt (line 10))\n[e70c98dd-49c4-4f47-a200-d7d1338fadb2/build_and_test]   |   Downloading openpyxl-3.1.2-py2.py3-none-any.whl (249 kB)\n[e70c98dd-49c4-4f47-a200-d7d1338fadb2/build_and_test]   |      \u2501\u2501\u2501\u2501\u2501\u2501\u2501\u2501\u2501\u2501\u2501\u2501\u2501\u2501\u2501\u2501\u2501\u2501\u2501\u2501\u2501\u2501\u2501\u2501\u2501\u2501\u2501\u2501\u2501\u2501\u2501\u2501\u2501\u2501\u2501\u2501\u2501\u2501\u2501 250.0/250.0 kB 3.2 MB/s eta 0:00:00\n[e70c98dd-49c4-4f47-a200-d7d1338fadb2/build_and_test]   | Collecting pdf2image (from unstructured>=0.5->-r requirements.txt (line 10))\n[e70c98dd-49c4-4f47-a200-d7d1338fadb2/build_and_test]   |   Downloading pdf2image-1.16.3-py3-none-any.whl (11 kB)\n[e70c98dd-49c4-4f47-a200-d7d1338fadb2/build_and_test]   | Collecting pypandoc (from unstructured>=0.5->-r requirements.txt (line 10))\n[e70c98dd-49c4-4f47-a200-d7d1338fadb2/build_and_test]   |   Downloading pypandoc-1.11-py3-none-any.whl (20 kB)\n[e70c98dd-49c4-4f47-a200-d7d1338fadb2/build_and_test]   | Collecting python-docx (from unstructured>=0.5->-r requirements.txt (line 10))\n[e70c98dd-49c4-4f47-a200-d7d1338fadb2/build_and_test]   |   Downloading python-docx-0.8.11.tar.gz (5.6 MB)\n[e70c98dd-49c4-4f47-a200-d7d1338fadb2/build_and_test]   |      \u2501\u2501\u2501\u2501\u2501\u2501\u2501\u2501\u2501\u2501\u2501\u2501\u2501\u2501\u2501\u2501\u2501\u2501\u2501\u2501\u2501\u2501\u2501\u2501\u2501\u2501\u2501\u2501\u2501\u2501\u2501\u2501\u2501\u2501\u2501\u2501\u2501\u2501\u2501\u2501 5.6/5.6 MB 11.3 MB/s eta 0:00:00\n[e70c98dd-49c4-4f47-a200-d7d1338fadb2/build_and_test]   |   Installing build dependencies: started\n[e70c98dd-49c4-4f47-a200-d7d1338fadb2/build_and_test]   |   Installing build dependencies: finished with status 'done'\n[e70c98dd-49c4-4f47-a200-d7d1338fadb2/build_and_test]   |   Getting requirements to build wheel: started\n[e70c98dd-49c4-4f47-a200-d7d1338fadb2/build_and_test]   |   Getting requirements to build wheel: finished with status 'done'\n[e70c98dd-49c4-4f47-a200-d7d1338fadb2/build_and_test]   |   Preparing metadata (pyproject.toml): started\n[e70c98dd-49c4-4f47-a200-d7d1338fadb2/build_and_test]   |   Preparing metadata (pyproject.toml): finished with status 'done'\n[e70c98dd-49c4-4f47-a200-d7d1338fadb2/build_and_test]   | Collecting python-pptx (from unstructured>=0.5->-r requirements.txt (line 10))\n[e70c98dd-49c4-4f47-a200-d7d1338fadb2/build_and_test]   |   Downloading python-pptx-0.6.21.tar.gz (10.1 MB)\n[e70c98dd-49c4-4f47-a200-d7d1338fadb2/build_and_test]   |      \u2501\u2501\u2501\u2501\u2501\u2501\u2501\u2501\u2501\u2501\u2501\u2501\u2501\u2501\u2501\u2501\u2501\u2501\u2501\u2501\u2501\u2501\u2501\u2501\u2501\u2501\u2501\u2501\u2501\u2501\u2501\u2501\u2501\u2501\u2501\u2501\u2501\u2501\u2501\u2501 10.1/10.1 MB 21.1 MB/s eta 0:00:00\n[e70c98dd-49c4-4f47-a200-d7d1338fadb2/build_and_test]   |   Installing build dependencies: started\n[e70c98dd-49c4-4f47-a200-d7d1338fadb2/build_and_test]   |   Installing build dependencies: finished with status 'done'\n[e70c98dd-49c4-4f47-a200-d7d1338fadb2/build_and_test]   |   Getting requirements to build wheel: started\n[e70c98dd-49c4-4f47-a200-d7d1338fadb2/build_and_test]   |   Getting requirements to build wheel: finished with status 'done'\n[e70c98dd-49c4-4f47-a200-d7d1338fadb2/build_and_test]   |   Preparing metadata (pyproject.toml): started\n[e70c98dd-49c4-4f47-a200-d7d1338fadb2/build_and_test]   |   Preparing metadata (pyproject.toml): finished with status 'done'\n[e70c98dd-49c4-4f47-a200-d7d1338fadb2/build_and_test]   | Collecting python-magic (from unstructured>=0.5->-r requirements.txt (line 10))\n[e70c98dd-49c4-4f47-a200-d7d1338fadb2/build_and_test]   |   Downloading python_magic-0.4.27-py2.py3-none-any.whl (13 kB)\n[e70c98dd-49c4-4f47-a200-d7d1338fadb2/build_and_test]   | Collecting markdown (from unstructured>=0.5->-r requirements.txt (line 10))\n[e70c98dd-49c4-4f47-a200-d7d1338fadb2/build_and_test]   |   Downloading Markdown-3.4.3-py3-none-any.whl (93 kB)\n[e70c98dd-49c4-4f47-a200-d7d1338fadb2/build_and_test]   |      \u2501\u2501\u2501\u2501\u2501\u2501\u2501\u2501\u2501\u2501\u2501\u2501\u2501\u2501\u2501\u2501\u2501\u2501\u2501\u2501\u2501\u2501\u2501\u2501\u2501\u2501\u2501\u2501\u2501\u2501\u2501\u2501\u2501\u2501\u2501\u2501\u2501\u2501\u2501\u2501 93.9/93.9 kB 12.6 MB/s eta 0:00:00\n[e70c98dd-49c4-4f47-a200-d7d1338fadb2/build_and_test]   | Collecting tabulate (from unstructured>=0.5->-r requirements.txt (line 10))\n[e70c98dd-49c4-4f47-a200-d7d1338fadb2/build_and_test]   |   Downloading tabulate-0.9.0-py3-none-any.whl (35 kB)\n[e70c98dd-49c4-4f47-a200-d7d1338fadb2/build_and_test]   | Collecting xlrd (from unstructured>=0.5->-r requirements.txt (line 10))\n[e70c98dd-49c4-4f47-a200-d7d1338fadb2/build_and_test]   |   Downloading xlrd-2.0.1-py2.py3-none-any.whl (96 kB)\n[e70c98dd-49c4-4f47-a200-d7d1338fadb2/build_and_test]   |      \u2501\u2501\u2501\u2501\u2501\u2501\u2501\u2501\u2501\u2501\u2501\u2501\u2501\u2501\u2501\u2501\u2501\u2501\u2501\u2501\u2501\u2501\u2501\u2501\u2501\u2501\u2501\u2501\u2501\u2501\u2501\u2501\u2501\u2501\u2501\u2501\u2501\u2501\u2501\u2501 96.5/96.5 kB 2.5 MB/s eta 0:00:00\n[e70c98dd-49c4-4f47-a200-d7d1338fadb2/build_and_test]   | Collecting charset-normalizer>=2.0.0 (from pdfminer.six->-r requirements.txt (line 12))\n[e70c98dd-49c4-4f47-a200-d7d1338fadb2/build_and_test]   |   Downloading charset_normalizer-3.1.0-cp310-cp310-manylinux_2_17_x86_64.manylinux2014_x86_64.whl (199 kB)\n[e70c98dd-49c4-4f47-a200-d7d1338fadb2/build_and_test]   |      \u2501\u2501\u2501\u2501\u2501\u2501\u2501\u2501\u2501\u2501\u2501\u2501\u2501\u2501\u2501\u2501\u2501\u2501\u2501\u2501\u2501\u2501\u2501\u2501\u2501\u2501\u2501\u2501\u2501\u2501\u2501\u2501\u2501\u2501\u2501\u2501\u2501\u2501\u2501 199.3/199.3 kB 3.9 MB/s eta 0:00:00\n[e70c98dd-49c4-4f47-a200-d7d1338fadb2/build_and_test]   | Collecting cryptography>=36.0.0 (from pdfminer.six->-r requirements.txt (line 12))\n[e70c98dd-49c4-4f47-a200-d7d1338fadb2/build_and_test]   |   Downloading cryptography-41.0.1-cp37-abi3-manylinux_2_28_x86_64.whl (4.3 MB)\n[e70c98dd-49c4-4f47-a200-d7d1338fadb2/build_and_test]   |      \u2501\u2501\u2501\u2501\u2501\u2501\u2501\u2501\u2501\u2501\u2501\u2501\u2501\u2501\u2501\u2501\u2501\u2501\u2501\u2501\u2501\u2501\u2501\u2501\u2501\u2501\u2501\u2501\u2501\u2501\u2501\u2501\u2501\u2501\u2501\u2501\u2501\u2501\u2501\u2501 4.3/4.3 MB 15.6 MB/s eta 0:00:00\n[e70c98dd-49c4-4f47-a200-d7d1338fadb2/build_and_test]   | Collecting attrs>=17.3.0 (from aiohttp->gradio==3.26.0->-r requirements.txt (line 3))\n[e70c98dd-49c4-4f47-a200-d7d1338fadb2/build_and_test]   |   Downloading attrs-23.1.0-py3-none-any.whl (61 kB)\n[e70c98dd-49c4-4f47-a200-d7d1338fadb2/build_and_test]   |      \u2501\u2501\u2501\u2501\u2501\u2501\u2501\u2501\u2501\u2501\u2501\u2501\u2501\u2501\u2501\u2501\u2501\u2501\u2501\u2501\u2501\u2501\u2501\u2501\u2501\u2501\u2501\u2501\u2501\u2501\u2501\u2501\u2501\u2501\u2501\u2501\u2501\u2501\u2501\u2501 61.2/61.2 kB 4.7 MB/s eta 0:00:00\n[e70c98dd-49c4-4f47-a200-d7d1338fadb2/build_and_test]   | Collecting multidict<7.0,>=4.5 (from aiohttp->gradio==3.26.0->-r requirements.txt (line 3))\n[e70c98dd-49c4-4f47-a200-d7d1338fadb2/build_and_test]   |   Downloading multidict-6.0.4-cp310-cp310-manylinux_2_17_x86_64.manylinux2014_x86_64.whl (114 kB)\n[e70c98dd-49c4-4f47-a200-d7d1338fadb2/build_and_test]   |      \u2501\u2501\u2501\u2501\u2501\u2501\u2501\u2501\u2501\u2501\u2501\u2501\u2501\u2501\u2501\u2501\u2501\u2501\u2501\u2501\u2501\u2501\u2501\u2501\u2501\u2501\u2501\u2501\u2501\u2501\u2501\u2501\u2501\u2501\u2501\u2501\u2501\u2501\u2501 114.5/114.5 kB 3.2 MB/s eta 0:00:00\n[e70c98dd-49c4-4f47-a200-d7d1338fadb2/build_and_test]   | Collecting yarl<2.0,>=1.0 (from aiohttp->gradio==3.26.0->-r requirements.txt (line 3))\n[e70c98dd-49c4-4f47-a200-d7d1338fadb2/build_and_test]   |   Downloading yarl-1.9.2-cp310-cp310-manylinux_2_17_x86_64.manylinux2014_x86_64.whl (268 kB)\n[e70c98dd-49c4-4f47-a200-d7d1338fadb2/build_and_test]   |      \u2501\u2501\u2501\u2501\u2501\u2501\u2501\u2501\u2501\u2501\u2501\u2501\u2501\u2501\u2501\u2501\u2501\u2501\u2501\u2501\u2501\u2501\u2501\u2501\u2501\u2501\u2501\u2501\u2501\u2501\u2501\u2501\u2501\u2501\u2501\u2501\u2501\u2501\u2501 268.8/268.8 kB 3.9 MB/s eta 0:00:00\n[e70c98dd-49c4-4f47-a200-d7d1338fadb2/build_and_test]   | Collecting frozenlist>=1.1.1 (from aiohttp->gradio==3.26.0->-r requirements.txt (line 3))\n[e70c98dd-49c4-4f47-a200-d7d1338fadb2/build_and_test]   |   Downloading frozenlist-1.3.3-cp310-cp310-manylinux_2_5_x86_64.manylinux1_x86_64.manylinux_2_17_x86_64.manylinux2014_x86_64.whl (149 kB)\n[e70c98dd-49c4-4f47-a200-d7d1338fadb2/build_and_test]   |      \u2501\u2501\u2501\u2501\u2501\u2501\u2501\u2501\u2501\u2501\u2501\u2501\u2501\u2501\u2501\u2501\u2501\u2501\u2501\u2501\u2501\u2501\u2501\u2501\u2501\u2501\u2501\u2501\u2501\u2501\u2501\u2501\u2501\u2501\u2501\u2501\u2501\u2501\u2501 149.6/149.6 kB 4.0 MB/s eta 0:00:00\n[e70c98dd-49c4-4f47-a200-d7d1338fadb2/build_and_test]   | Collecting aiosignal>=1.1.2 (from aiohttp->gradio==3.26.0->-r requirements.txt (line 3))\n[e70c98dd-49c4-4f47-a200-d7d1338fadb2/build_and_test]   |   Downloading aiosignal-1.3.1-py3-none-any.whl (7.6 kB)\n[e70c98dd-49c4-4f47-a200-d7d1338fadb2/build_and_test]   | Collecting jsonschema>=3.0 (from altair>=4.2.0->gradio==3.26.0->-r requirements.txt (line 3))\n[e70c98dd-49c4-4f47-a200-d7d1338fadb2/build_and_test]   |   Downloading jsonschema-4.17.3-py3-none-any.whl (90 kB)\n[e70c98dd-49c4-4f47-a200-d7d1338fadb2/build_and_test]   |      \u2501\u2501\u2501\u2501\u2501\u2501\u2501\u2501\u2501\u2501\u2501\u2501\u2501\u2501\u2501\u2501\u2501\u2501\u2501\u2501\u2501\u2501\u2501\u2501\u2501\u2501\u2501\u2501\u2501\u2501\u2501\u2501\u2501\u2501\u2501\u2501\u2501\u2501\u2501\u2501 90.4/90.4 kB 16.2 MB/s eta 0:00:00\n[e70c98dd-49c4-4f47-a200-d7d1338fadb2/build_and_test]   | Collecting toolz (from altair>=4.2.0->gradio==3.26.0->-r requirements.txt (line 3))\n[e70c98dd-49c4-4f47-a200-d7d1338fadb2/build_and_test]   |   Downloading toolz-0.12.0-py3-none-any.whl (55 kB)\n[e70c98dd-49c4-4f47-a200-d7d1338fadb2/build_and_test]   |      \u2501\u2501\u2501\u2501\u2501\u2501\u2501\u2501\u2501\u2501\u2501\u2501\u2501\u2501\u2501\u2501\u2501\u2501\u2501\u2501\u2501\u2501\u2501\u2501\u2501\u2501\u2501\u2501\u2501\u2501\u2501\u2501\u2501\u2501\u2501\u2501\u2501\u2501\u2501\u2501 55.8/55.8 kB 11.9 MB/s eta 0:00:00\n[e70c98dd-49c4-4f47-a200-d7d1338fadb2/build_and_test]   | Collecting cffi>=1.12 (from cryptography>=36.0.0->pdfminer.six->-r requirements.txt (line 12))\n[e70c98dd-49c4-4f47-a200-d7d1338fadb2/build_and_test]   |   Downloading cffi-1.15.1-cp310-cp310-manylinux_2_17_x86_64.manylinux2014_x86_64.whl (441 kB)\n[e70c98dd-49c4-4f47-a200-d7d1338fadb2/build_and_test]   |      \u2501\u2501\u2501\u2501\u2501\u2501\u2501\u2501\u2501\u2501\u2501\u2501\u2501\u2501\u2501\u2501\u2501\u2501\u2501\u2501\u2501\u2501\u2501\u2501\u2501\u2501\u2501\u2501\u2501\u2501\u2501\u2501\u2501\u2501\u2501\u2501\u2501\u2501 441.8/441.8 kB 33.8 MB/s eta 0:00:00\n[e70c98dd-49c4-4f47-a200-d7d1338fadb2/build_and_test]   | Collecting marshmallow<4.0.0,>=3.3.0 (from dataclasses-json<0.6.0,>=0.5.7->langchain==0.0.137->-r requirements.txt (line 6))\n[e70c98dd-49c4-4f47-a200-d7d1338fadb2/build_and_test]   |   Downloading marshmallow-3.19.0-py3-none-any.whl (49 kB)\n[e70c98dd-49c4-4f47-a200-d7d1338fadb2/build_and_test]   |      \u2501\u2501\u2501\u2501\u2501\u2501\u2501\u2501\u2501\u2501\u2501\u2501\u2501\u2501\u2501\u2501\u2501\u2501\u2501\u2501\u2501\u2501\u2501\u2501\u2501\u2501\u2501\u2501\u2501\u2501\u2501\u2501\u2501\u2501\u2501\u2501\u2501\u2501\u2501\u2501 49.1/49.1 kB 3.5 MB/s eta 0:00:00\n[e70c98dd-49c4-4f47-a200-d7d1338fadb2/build_and_test]   | Collecting marshmallow-enum<2.0.0,>=1.5.1 (from dataclasses-json<0.6.0,>=0.5.7->langchain==0.0.137->-r requirements.txt (line 6))\n[e70c98dd-49c4-4f47-a200-d7d1338fadb2/build_and_test]   |   Downloading marshmallow_enum-1.5.1-py2.py3-none-any.whl (4.2 kB)\n[e70c98dd-49c4-4f47-a200-d7d1338fadb2/build_and_test]   | Collecting typing-inspect>=0.4.0 (from dataclasses-json<0.6.0,>=0.5.7->langchain==0.0.137->-r requirements.txt (line 6))\n[e70c98dd-49c4-4f47-a200-d7d1338fadb2/build_and_test]   |   Downloading typing_inspect-0.9.0-py3-none-any.whl (8.8 kB)\n[e70c98dd-49c4-4f47-a200-d7d1338fadb2/build_and_test]   | Collecting h11<0.13,>=0.11 (from httpcore<0.16.0,>=0.15.0->httpx==0.23->-r requirements.txt (line 5))\n[e70c98dd-49c4-4f47-a200-d7d1338fadb2/build_and_test]   |   Downloading h11-0.12.0-py3-none-any.whl (54 kB)\n[e70c98dd-49c4-4f47-a200-d7d1338fadb2/build_and_test]   |      \u2501\u2501\u2501\u2501\u2501\u2501\u2501\u2501\u2501\u2501\u2501\u2501\u2501\u2501\u2501\u2501\u2501\u2501\u2501\u2501\u2501\u2501\u2501\u2501\u2501\u2501\u2501\u2501\u2501\u2501\u2501\u2501\u2501\u2501\u2501\u2501\u2501\u2501\u2501\u2501 54.9/54.9 kB 1.1 MB/s eta 0:00:00\n[e70c98dd-49c4-4f47-a200-d7d1338fadb2/build_and_test]   | Collecting anyio==3.* (from httpcore<0.16.0,>=0.15.0->httpx==0.23->-r requirements.txt (line 5))\n[e70c98dd-49c4-4f47-a200-d7d1338fadb2/build_and_test]   |   Downloading anyio-3.7.0-py3-none-any.whl (80 kB)\n[e70c98dd-49c4-4f47-a200-d7d1338fadb2/build_and_test]   |      \u2501\u2501\u2501\u2501\u2501\u2501\u2501\u2501\u2501\u2501\u2501\u2501\u2501\u2501\u2501\u2501\u2501\u2501\u2501\u2501\u2501\u2501\u2501\u2501\u2501\u2501\u2501\u2501\u2501\u2501\u2501\u2501\u2501\u2501\u2501\u2501\u2501\u2501\u2501\u2501 80.9/80.9 kB 2.1 MB/s eta 0:00:00\n[e70c98dd-49c4-4f47-a200-d7d1338fadb2/build_and_test]   | Collecting idna>=2.8 (from anyio==3.*->httpcore<0.16.0,>=0.15.0->httpx==0.23->-r requirements.txt (line 5))\n[e70c98dd-49c4-4f47-a200-d7d1338fadb2/build_and_test]   |   Downloading idna-3.4-py3-none-any.whl (61 kB)\n[e70c98dd-49c4-4f47-a200-d7d1338fadb2/build_and_test]   |      \u2501\u2501\u2501\u2501\u2501\u2501\u2501\u2501\u2501\u2501\u2501\u2501\u2501\u2501\u2501\u2501\u2501\u2501\u2501\u2501\u2501\u2501\u2501\u2501\u2501\u2501\u2501\u2501\u2501\u2501\u2501\u2501\u2501\u2501\u2501\u2501\u2501\u2501\u2501\u2501 61.5/61.5 kB 7.7 MB/s eta 0:00:00\n[e70c98dd-49c4-4f47-a200-d7d1338fadb2/build_and_test]   | Collecting filelock (from huggingface-hub>=0.13.0->gradio==3.26.0->-r requirements.txt (line 3))\n[e70c98dd-49c4-4f47-a200-d7d1338fadb2/build_and_test]   |   Downloading filelock-3.12.2-py3-none-any.whl (10 kB)\n[e70c98dd-49c4-4f47-a200-d7d1338fadb2/build_and_test]   | Collecting mdurl~=0.1 (from markdown-it-py[linkify]>=2.0.0->gradio==3.26.0->-r requirements.txt (line 3))\n[e70c98dd-49c4-4f47-a200-d7d1338fadb2/build_and_test]   |   Downloading mdurl-0.1.2-py3-none-any.whl (10.0 kB)\n[e70c98dd-49c4-4f47-a200-d7d1338fadb2/build_and_test]   | Collecting linkify-it-py<3,>=1 (from markdown-it-py[linkify]>=2.0.0->gradio==3.26.0->-r requirements.txt (line 3))\n[e70c98dd-49c4-4f47-a200-d7d1338fadb2/build_and_test]   |   Downloading linkify_it_py-2.0.2-py3-none-any.whl (19 kB)\n[e70c98dd-49c4-4f47-a200-d7d1338fadb2/build_and_test]   | INFO: pip is looking at multiple versions of mdit-py-plugins to determine which version is compatible with other requirements. This could take a while.\n[e70c98dd-49c4-4f47-a200-d7d1338fadb2/build_and_test]   | Collecting mdit-py-plugins<=0.3.3 (from gradio==3.26.0->-r requirements.txt (line 3))\n[e70c98dd-49c4-4f47-a200-d7d1338fadb2/build_and_test]   |   Downloading mdit_py_plugins-0.3.2-py3-none-any.whl (50 kB)\n[e70c98dd-49c4-4f47-a200-d7d1338fadb2/build_and_test]   |      \u2501\u2501\u2501\u2501\u2501\u2501\u2501\u2501\u2501\u2501\u2501\u2501\u2501\u2501\u2501\u2501\u2501\u2501\u2501\u2501\u2501\u2501\u2501\u2501\u2501\u2501\u2501\u2501\u2501\u2501\u2501\u2501\u2501\u2501\u2501\u2501\u2501\u2501\u2501\u2501 50.4/50.4 kB 2.3 MB/s eta 0:00:00\n[e70c98dd-49c4-4f47-a200-d7d1338fadb2/build_and_test]   |   Downloading mdit_py_plugins-0.3.1-py3-none-any.whl (46 kB)\n[e70c98dd-49c4-4f47-a200-d7d1338fadb2/build_and_test]   |      \u2501\u2501\u2501\u2501\u2501\u2501\u2501\u2501\u2501\u2501\u2501\u2501\u2501\u2501\u2501\u2501\u2501\u2501\u2501\u2501\u2501\u2501\u2501\u2501\u2501\u2501\u2501\u2501\u2501\u2501\u2501\u2501\u2501\u2501\u2501\u2501\u2501\u2501\u2501\u2501 46.5/46.5 kB 4.5 MB/s eta 0:00:00\n[e70c98dd-49c4-4f47-a200-d7d1338fadb2/build_and_test]   |   Downloading mdit_py_plugins-0.3.0-py3-none-any.whl (43 kB)\n[e70c98dd-49c4-4f47-a200-d7d1338fadb2/build_and_test]   |      \u2501\u2501\u2501\u2501\u2501\u2501\u2501\u2501\u2501\u2501\u2501\u2501\u2501\u2501\u2501\u2501\u2501\u2501\u2501\u2501\u2501\u2501\u2501\u2501\u2501\u2501\u2501\u2501\u2501\u2501\u2501\u2501\u2501\u2501\u2501\u2501\u2501\u2501\u2501 43.7/43.7 kB 765.5 kB/s eta 0:00:00\n[e70c98dd-49c4-4f47-a200-d7d1338fadb2/build_and_test]   |   Downloading mdit_py_plugins-0.2.8-py3-none-any.whl (41 kB)\n[e70c98dd-49c4-4f47-a200-d7d1338fadb2/build_and_test]   |      \u2501\u2501\u2501\u2501\u2501\u2501\u2501\u2501\u2501\u2501\u2501\u2501\u2501\u2501\u2501\u2501\u2501\u2501\u2501\u2501\u2501\u2501\u2501\u2501\u2501\u2501\u2501\u2501\u2501\u2501\u2501\u2501\u2501\u2501\u2501\u2501\u2501\u2501\u2501\u2501 41.0/41.0 kB 6.1 MB/s eta 0:00:00\n[e70c98dd-49c4-4f47-a200-d7d1338fadb2/build_and_test]   |   Downloading mdit_py_plugins-0.2.7-py3-none-any.whl (41 kB)\n[e70c98dd-49c4-4f47-a200-d7d1338fadb2/build_and_test]   |      \u2501\u2501\u2501\u2501\u2501\u2501\u2501\u2501\u2501\u2501\u2501\u2501\u2501\u2501\u2501\u2501\u2501\u2501\u2501\u2501\u2501\u2501\u2501\u2501\u2501\u2501\u2501\u2501\u2501\u2501\u2501\u2501\u2501\u2501\u2501\u2501\u2501\u2501\u2501\u2501 41.0/41.0 kB 1.6 MB/s eta 0:00:00\n[e70c98dd-49c4-4f47-a200-d7d1338fadb2/build_and_test]   |   Downloading mdit_py_plugins-0.2.6-py3-none-any.whl (39 kB)\n[e70c98dd-49c4-4f47-a200-d7d1338fadb2/build_and_test]   |   Downloading mdit_py_plugins-0.2.5-py3-none-any.whl (39 kB)\n[e70c98dd-49c4-4f47-a200-d7d1338fadb2/build_and_test]   | INFO: pip is looking at multiple versions of mdit-py-plugins to determine which version is compatible with other requirements. This could take a while.\n[e70c98dd-49c4-4f47-a200-d7d1338fadb2/build_and_test]   |   Downloading mdit_py_plugins-0.2.4-py3-none-any.whl (39 kB)\n[e70c98dd-49c4-4f47-a200-d7d1338fadb2/build_and_test]   |   Downloading mdit_py_plugins-0.2.3-py3-none-any.whl (39 kB)\n[e70c98dd-49c4-4f47-a200-d7d1338fadb2/build_and_test]   |   Downloading mdit_py_plugins-0.2.2-py3-none-any.whl (39 kB)\n[e70c98dd-49c4-4f47-a200-d7d1338fadb2/build_and_test]   |   Downloading mdit_py_plugins-0.2.1-py3-none-any.whl (38 kB)\n[e70c98dd-49c4-4f47-a200-d7d1338fadb2/build_and_test]   |   Downloading mdit_py_plugins-0.2.0-py3-none-any.whl (38 kB)\n[e70c98dd-49c4-4f47-a200-d7d1338fadb2/build_and_test]   | INFO: This is taking longer than usual. You might need to provide the dependency resolver with stricter constraints to reduce runtime. See https://pip.pypa.io/warnings/backtracking for guidance. If you want to abort this run, press Ctrl + C.\n[e70c98dd-49c4-4f47-a200-d7d1338fadb2/build_and_test]   |   Downloading mdit_py_plugins-0.1.0-py3-none-any.whl (37 kB)\n[e70c98dd-49c4-4f47-a200-d7d1338fadb2/build_and_test]   | Collecting markdown-it-py[linkify]>=2.0.0 (from gradio==3.26.0->-r requirements.txt (line 3))\n[e70c98dd-49c4-4f47-a200-d7d1338fadb2/build_and_test]   |   Downloading markdown_it_py-2.2.0-py3-none-any.whl (84 kB)\n[e70c98dd-49c4-4f47-a200-d7d1338fadb2/build_and_test]   |      \u2501\u2501\u2501\u2501\u2501\u2501\u2501\u2501\u2501\u2501\u2501\u2501\u2501\u2501\u2501\u2501\u2501\u2501\u2501\u2501\u2501\u2501\u2501\u2501\u2501\u2501\u2501\u2501\u2501\u2501\u2501\u2501\u2501\u2501\u2501\u2501\u2501\u2501\u2501\u2501 84.5/84.5 kB 5.8 MB/s eta 0:00:00\n[e70c98dd-49c4-4f47-a200-d7d1338fadb2/build_and_test]   | Collecting python-dateutil>=2.8.2 (from pandas->gradio==3.26.0->-r requirements.txt (line 3))\n[e70c98dd-49c4-4f47-a200-d7d1338fadb2/build_and_test]   |   Downloading python_dateutil-2.8.2-py2.py3-none-any.whl (247 kB)\n[e70c98dd-49c4-4f47-a200-d7d1338fadb2/build_and_test]   |      \u2501\u2501\u2501\u2501\u2501\u2501\u2501\u2501\u2501\u2501\u2501\u2501\u2501\u2501\u2501\u2501\u2501\u2501\u2501\u2501\u2501\u2501\u2501\u2501\u2501\u2501\u2501\u2501\u2501\u2501\u2501\u2501\u2501\u2501\u2501\u2501\u2501\u2501\u2501 247.7/247.7 kB 6.7 MB/s eta 0:00:00\n[e70c98dd-49c4-4f47-a200-d7d1338fadb2/build_and_test]   | Collecting pytz>=2020.1 (from pandas->gradio==3.26.0->-r requirements.txt (line 3))\n[e70c98dd-49c4-4f47-a200-d7d1338fadb2/build_and_test]   |   Downloading pytz-2023.3-py2.py3-none-any.whl (502 kB)\n[e70c98dd-49c4-4f47-a200-d7d1338fadb2/build_and_test]   |      \u2501\u2501\u2501\u2501\u2501\u2501\u2501\u2501\u2501\u2501\u2501\u2501\u2501\u2501\u2501\u2501\u2501\u2501\u2501\u2501\u2501\u2501\u2501\u2501\u2501\u2501\u2501\u2501\u2501\u2501\u2501\u2501\u2501\u2501\u2501\u2501\u2501\u2501 502.3/502.3 kB 12.5 MB/s eta 0:00:00\n[e70c98dd-49c4-4f47-a200-d7d1338fadb2/build_and_test]   | Collecting tzdata>=2022.1 (from pandas->gradio==3.26.0->-r requirements.txt (line 3))\n[e70c98dd-49c4-4f47-a200-d7d1338fadb2/build_and_test]   |   Downloading tzdata-2023.3-py2.py3-none-any.whl (341 kB)\n[e70c98dd-49c4-4f47-a200-d7d1338fadb2/build_and_test]   |      \u2501\u2501\u2501\u2501\u2501\u2501\u2501\u2501\u2501\u2501\u2501\u2501\u2501\u2501\u2501\u2501\u2501\u2501\u2501\u2501\u2501\u2501\u2501\u2501\u2501\u2501\u2501\u2501\u2501\u2501\u2501\u2501\u2501\u2501\u2501\u2501\u2501\u2501 341.8/341.8 kB 11.0 MB/s eta 0:00:00\n[e70c98dd-49c4-4f47-a200-d7d1338fadb2/build_and_test]   | Collecting urllib3<3,>=1.21.1 (from requests->gradio==3.26.0->-r requirements.txt (line 3))\n[e70c98dd-49c4-4f47-a200-d7d1338fadb2/build_and_test]   |   Downloading urllib3-2.0.3-py3-none-any.whl (123 kB)\n[e70c98dd-49c4-4f47-a200-d7d1338fadb2/build_and_test]   |      \u2501\u2501\u2501\u2501\u2501\u2501\u2501\u2501\u2501\u2501\u2501\u2501\u2501\u2501\u2501\u2501\u2501\u2501\u2501\u2501\u2501\u2501\u2501\u2501\u2501\u2501\u2501\u2501\u2501\u2501\u2501\u2501\u2501\u2501\u2501\u2501\u2501\u2501\u2501 123.6/123.6 kB 4.0 MB/s eta 0:00:00\n[e70c98dd-49c4-4f47-a200-d7d1338fadb2/build_and_test]   | Collecting greenlet!=0.4.17 (from SQLAlchemy<2,>=1->langchain==0.0.137->-r requirements.txt (line 6))\n[e70c98dd-49c4-4f47-a200-d7d1338fadb2/build_and_test]   |   Downloading greenlet-2.0.2-cp310-cp310-manylinux_2_17_x86_64.manylinux2014_x86_64.whl (613 kB)\n[e70c98dd-49c4-4f47-a200-d7d1338fadb2/build_and_test]   |      \u2501\u2501\u2501\u2501\u2501\u2501\u2501\u2501\u2501\u2501\u2501\u2501\u2501\u2501\u2501\u2501\u2501\u2501\u2501\u2501\u2501\u2501\u2501\u2501\u2501\u2501\u2501\u2501\u2501\u2501\u2501\u2501\u2501\u2501\u2501\u2501\u2501\u2501\u2501 613.7/613.7 kB 6.1 MB/s eta 0:00:00\n[e70c98dd-49c4-4f47-a200-d7d1338fadb2/build_and_test]   | Collecting deprecated~=1.2.0 (from argilla->unstructured>=0.5->-r requirements.txt (line 10))\n[e70c98dd-49c4-4f47-a200-d7d1338fadb2/build_and_test]   |   Downloading Deprecated-1.2.14-py2.py3-none-any.whl (9.6 kB)\n[e70c98dd-49c4-4f47-a200-d7d1338fadb2/build_and_test]   | Collecting pandas (from gradio==3.26.0->-r requirements.txt (line 3))\n[e70c98dd-49c4-4f47-a200-d7d1338fadb2/build_and_test]   |   Downloading pandas-1.5.3-cp310-cp310-manylinux_2_17_x86_64.manylinux2014_x86_64.whl (12.1 MB)\n[e70c98dd-49c4-4f47-a200-d7d1338fadb2/build_and_test]   |      \u2501\u2501\u2501\u2501\u2501\u2501\u2501\u2501\u2501\u2501\u2501\u2501\u2501\u2501\u2501\u2501\u2501\u2501\u2501\u2501\u2501\u2501\u2501\u2501\u2501\u2501\u2501\u2501\u2501\u2501\u2501\u2501\u2501\u2501\u2501\u2501\u2501\u2501\u2501\u2501 12.1/12.1 MB 16.1 MB/s eta 0:00:00\n[e70c98dd-49c4-4f47-a200-d7d1338fadb2/build_and_test]   | Collecting wrapt<1.15,>=1.13 (from argilla->unstructured>=0.5->-r requirements.txt (line 10))\n[e70c98dd-49c4-4f47-a200-d7d1338fadb2/build_and_test]   |   Downloading wrapt-1.14.1-cp310-cp310-manylinux_2_5_x86_64.manylinux1_x86_64.manylinux_2_17_x86_64.manylinux2014_x86_64.whl (77 kB)\n[e70c98dd-49c4-4f47-a200-d7d1338fadb2/build_and_test]   |      \u2501\u2501\u2501\u2501\u2501\u2501\u2501\u2501\u2501\u2501\u2501\u2501\u2501\u2501\u2501\u2501\u2501\u2501\u2501\u2501\u2501\u2501\u2501\u2501\u2501\u2501\u2501\u2501\u2501\u2501\u2501\u2501\u2501\u2501\u2501\u2501\u2501\u2501\u2501 77.9/77.9 kB 869.0 kB/s eta 0:00:00\n[e70c98dd-49c4-4f47-a200-d7d1338fadb2/build_and_test]   | Collecting numpy (from gradio==3.26.0->-r requirements.txt (line 3))\n[e70c98dd-49c4-4f47-a200-d7d1338fadb2/build_and_test]   |   Downloading numpy-1.23.5-cp310-cp310-manylinux_2_17_x86_64.manylinux2014_x86_64.whl (17.1 MB)\n[e70c98dd-49c4-4f47-a200-d7d1338fadb2/build_and_test]   |      \u2501\u2501\u2501\u2501\u2501\u2501\u2501\u2501\u2501\u2501\u2501\u2501\u2501\u2501\u2501\u2501\u2501\u2501\u2501\u2501\u2501\u2501\u2501\u2501\u2501\u2501\u2501\u2501\u2501\u2501\u2501\u2501\u2501\u2501\u2501\u2501\u2501\u2501\u2501\u2501 17.1/17.1 MB 18.9 MB/s eta 0:00:00\n[e70c98dd-49c4-4f47-a200-d7d1338fadb2/build_and_test]   | Collecting backoff (from argilla->unstructured>=0.5->-r requirements.txt (line 10))\n[e70c98dd-49c4-4f47-a200-d7d1338fadb2/build_and_test]   |   Downloading backoff-2.2.1-py3-none-any.whl (15 kB)\n[e70c98dd-49c4-4f47-a200-d7d1338fadb2/build_and_test]   | Collecting monotonic (from argilla->unstructured>=0.5->-r requirements.txt (line 10))\n[e70c98dd-49c4-4f47-a200-d7d1338fadb2/build_and_test]   |   Downloading monotonic-1.6-py2.py3-none-any.whl (8.2 kB)\n[e70c98dd-49c4-4f47-a200-d7d1338fadb2/build_and_test]   | Collecting rich (from -r requirements.txt (line 9))\n[e70c98dd-49c4-4f47-a200-d7d1338fadb2/build_and_test]   |   Downloading rich-13.0.1-py3-none-any.whl (238 kB)\n[e70c98dd-49c4-4f47-a200-d7d1338fadb2/build_and_test]   |      \u2501\u2501\u2501\u2501\u2501\u2501\u2501\u2501\u2501\u2501\u2501\u2501\u2501\u2501\u2501\u2501\u2501\u2501\u2501\u2501\u2501\u2501\u2501\u2501\u2501\u2501\u2501\u2501\u2501\u2501\u2501\u2501\u2501\u2501\u2501\u2501\u2501\u2501\u2501 238.1/238.1 kB 3.1 MB/s eta 0:00:00\n[e70c98dd-49c4-4f47-a200-d7d1338fadb2/build_and_test]   | Collecting typer<1.0.0,>=0.6.0 (from argilla->unstructured>=0.5->-r requirements.txt (line 10))\n[e70c98dd-49c4-4f47-a200-d7d1338fadb2/build_and_test]   |   Downloading typer-0.9.0-py3-none-any.whl (45 kB)\n[e70c98dd-49c4-4f47-a200-d7d1338fadb2/build_and_test]   |      \u2501\u2501\u2501\u2501\u2501\u2501\u2501\u2501\u2501\u2501\u2501\u2501\u2501\u2501\u2501\u2501\u2501\u2501\u2501\u2501\u2501\u2501\u2501\u2501\u2501\u2501\u2501\u2501\u2501\u2501\u2501\u2501\u2501\u2501\u2501\u2501\u2501\u2501\u2501\u2501 45.9/45.9 kB 1.8 MB/s eta 0:00:00\n[e70c98dd-49c4-4f47-a200-d7d1338fadb2/build_and_test]   | Collecting commonmark<0.10.0,>=0.9.0 (from rich->-r requirements.txt (line 9))\n[e70c98dd-49c4-4f47-a200-d7d1338fadb2/build_and_test]   |   Downloading commonmark-0.9.1-py2.py3-none-any.whl (51 kB)\n[e70c98dd-49c4-4f47-a200-d7d1338fadb2/build_and_test]   |      \u2501\u2501\u2501\u2501\u2501\u2501\u2501\u2501\u2501\u2501\u2501\u2501\u2501\u2501\u2501\u2501\u2501\u2501\u2501\u2501\u2501\u2501\u2501\u2501\u2501\u2501\u2501\u2501\u2501\u2501\u2501\u2501\u2501\u2501\u2501\u2501\u2501\u2501\u2501\u2501 51.1/51.1 kB 4.0 MB/s eta 0:00:00\n[e70c98dd-49c4-4f47-a200-d7d1338fadb2/build_and_test]   | Collecting contourpy>=1.0.1 (from matplotlib->gradio==3.26.0->-r requirements.txt (line 3))\n[e70c98dd-49c4-4f47-a200-d7d1338fadb2/build_and_test]   |   Downloading contourpy-1.1.0-cp310-cp310-manylinux_2_17_x86_64.manylinux2014_x86_64.whl (300 kB)\n[e70c98dd-49c4-4f47-a200-d7d1338fadb2/build_and_test]   |      \u2501\u2501\u2501\u2501\u2501\u2501\u2501\u2501\u2501\u2501\u2501\u2501\u2501\u2501\u2501\u2501\u2501\u2501\u2501\u2501\u2501\u2501\u2501\u2501\u2501\u2501\u2501\u2501\u2501\u2501\u2501\u2501\u2501\u2501\u2501\u2501\u2501\u2501 300.7/300.7 kB 14.5 MB/s eta 0:00:00\n[e70c98dd-49c4-4f47-a200-d7d1338fadb2/build_and_test]   | Collecting cycler>=0.10 (from matplotlib->gradio==3.26.0->-r requirements.txt (line 3))\n[e70c98dd-49c4-4f47-a200-d7d1338fadb2/build_and_test]   |   Downloading cycler-0.11.0-py3-none-any.whl (6.4 kB)\n[e70c98dd-49c4-4f47-a200-d7d1338fadb2/build_and_test]   | Collecting fonttools>=4.22.0 (from matplotlib->gradio==3.26.0->-r requirements.txt (line 3))\n[e70c98dd-49c4-4f47-a200-d7d1338fadb2/build_and_test]   |   Downloading fonttools-4.40.0-cp310-cp310-manylinux_2_17_x86_64.manylinux2014_x86_64.whl (4.2 MB)\n[e70c98dd-49c4-4f47-a200-d7d1338fadb2/build_and_test]   |      \u2501\u2501\u2501\u2501\u2501\u2501\u2501\u2501\u2501\u2501\u2501\u2501\u2501\u2501\u2501\u2501\u2501\u2501\u2501\u2501\u2501\u2501\u2501\u2501\u2501\u2501\u2501\u2501\u2501\u2501\u2501\u2501\u2501\u2501\u2501\u2501\u2501\u2501\u2501\u2501 4.2/4.2 MB 10.9 MB/s eta 0:00:00\n[e70c98dd-49c4-4f47-a200-d7d1338fadb2/build_and_test]   | Collecting kiwisolver>=1.0.1 (from matplotlib->gradio==3.26.0->-r requirements.txt (line 3))\n[e70c98dd-49c4-4f47-a200-d7d1338fadb2/build_and_test]   |   Downloading kiwisolver-1.4.4-cp310-cp310-manylinux_2_12_x86_64.manylinux2010_x86_64.whl (1.6 MB)\n[e70c98dd-49c4-4f47-a200-d7d1338fadb2/build_and_test]   |      \u2501\u2501\u2501\u2501\u2501\u2501\u2501\u2501\u2501\u2501\u2501\u2501\u2501\u2501\u2501\u2501\u2501\u2501\u2501\u2501\u2501\u2501\u2501\u2501\u2501\u2501\u2501\u2501\u2501\u2501\u2501\u2501\u2501\u2501\u2501\u2501\u2501\u2501\u2501\u2501 1.6/1.6 MB 7.1 MB/s eta 0:00:00\n[e70c98dd-49c4-4f47-a200-d7d1338fadb2/build_and_test]   | Collecting pyparsing>=2.3.1 (from matplotlib->gradio==3.26.0->-r requirements.txt (line 3))\n[e70c98dd-49c4-4f47-a200-d7d1338fadb2/build_and_test]   |   Downloading pyparsing-3.1.0-py3-none-any.whl (102 kB)\n[e70c98dd-49c4-4f47-a200-d7d1338fadb2/build_and_test]   |      \u2501\u2501\u2501\u2501\u2501\u2501\u2501\u2501\u2501\u2501\u2501\u2501\u2501\u2501\u2501\u2501\u2501\u2501\u2501\u2501\u2501\u2501\u2501\u2501\u2501\u2501\u2501\u2501\u2501\u2501\u2501\u2501\u2501\u2501\u2501\u2501\u2501\u2501\u2501 102.6/102.6 kB 1.1 MB/s eta 0:00:00\n[e70c98dd-49c4-4f47-a200-d7d1338fadb2/build_and_test]   | Collecting olefile>=0.46 (from msg-parser->unstructured>=0.5->-r requirements.txt (line 10))\n[e70c98dd-49c4-4f47-a200-d7d1338fadb2/build_and_test]   |   Downloading olefile-0.46.zip (112 kB)\n[e70c98dd-49c4-4f47-a200-d7d1338fadb2/build_and_test]   |      \u2501\u2501\u2501\u2501\u2501\u2501\u2501\u2501\u2501\u2501\u2501\u2501\u2501\u2501\u2501\u2501\u2501\u2501\u2501\u2501\u2501\u2501\u2501\u2501\u2501\u2501\u2501\u2501\u2501\u2501\u2501\u2501\u2501\u2501\u2501\u2501\u2501\u2501\u2501 112.2/112.2 kB 2.0 MB/s eta 0:00:00\n[e70c98dd-49c4-4f47-a200-d7d1338fadb2/build_and_test]   |   Installing build dependencies: started\n[e70c98dd-49c4-4f47-a200-d7d1338fadb2/build_and_test]   |   Installing build dependencies: finished with status 'done'\n[e70c98dd-49c4-4f47-a200-d7d1338fadb2/build_and_test]   |   Getting requirements to build wheel: started\n[e70c98dd-49c4-4f47-a200-d7d1338fadb2/build_and_test]   |   Getting requirements to build wheel: finished with status 'done'\n[e70c98dd-49c4-4f47-a200-d7d1338fadb2/build_and_test]   |   Preparing metadata (pyproject.toml): started\n[e70c98dd-49c4-4f47-a200-d7d1338fadb2/build_and_test]   |   Preparing metadata (pyproject.toml): finished with status 'done'\n[e70c98dd-49c4-4f47-a200-d7d1338fadb2/build_and_test]   | Collecting click (from nltk->unstructured>=0.5->-r requirements.txt (line 10))\n[e70c98dd-49c4-4f47-a200-d7d1338fadb2/build_and_test]   |   Downloading click-8.1.3-py3-none-any.whl (96 kB)\n[e70c98dd-49c4-4f47-a200-d7d1338fadb2/build_and_test]   |      \u2501\u2501\u2501\u2501\u2501\u2501\u2501\u2501\u2501\u2501\u2501\u2501\u2501\u2501\u2501\u2501\u2501\u2501\u2501\u2501\u2501\u2501\u2501\u2501\u2501\u2501\u2501\u2501\u2501\u2501\u2501\u2501\u2501\u2501\u2501\u2501\u2501\u2501\u2501\u2501 96.6/96.6 kB 5.4 MB/s eta 0:00:00\n[e70c98dd-49c4-4f47-a200-d7d1338fadb2/build_and_test]   | Collecting joblib (from nltk->unstructured>=0.5->-r requirements.txt (line 10))\n[e70c98dd-49c4-4f47-a200-d7d1338fadb2/build_and_test]   |   Downloading joblib-1.3.0-py3-none-any.whl (301 kB)\n[e70c98dd-49c4-4f47-a200-d7d1338fadb2/build_and_test]   |      \u2501\u2501\u2501\u2501\u2501\u2501\u2501\u2501\u2501\u2501\u2501\u2501\u2501\u2501\u2501\u2501\u2501\u2501\u2501\u2501\u2501\u2501\u2501\u2501\u2501\u2501\u2501\u2501\u2501\u2501\u2501\u2501\u2501\u2501\u2501\u2501\u2501\u2501\u2501 301.9/301.9 kB 8.4 MB/s eta 0:00:00\n[e70c98dd-49c4-4f47-a200-d7d1338fadb2/build_and_test]   | Collecting et-xmlfile (from openpyxl->unstructured>=0.5->-r requirements.txt (line 10))\n[e70c98dd-49c4-4f47-a200-d7d1338fadb2/build_and_test]   |   Downloading et_xmlfile-1.1.0-py3-none-any.whl (4.7 kB)\n[e70c98dd-49c4-4f47-a200-d7d1338fadb2/build_and_test]   | Collecting XlsxWriter>=0.5.7 (from python-pptx->unstructured>=0.5->-r requirements.txt (line 10))\n[e70c98dd-49c4-4f47-a200-d7d1338fadb2/build_and_test]   |   Downloading XlsxWriter-3.1.2-py3-none-any.whl (153 kB)\n[e70c98dd-49c4-4f47-a200-d7d1338fadb2/build_and_test]   |      \u2501\u2501\u2501\u2501\u2501\u2501\u2501\u2501\u2501\u2501\u2501\u2501\u2501\u2501\u2501\u2501\u2501\u2501\u2501\u2501\u2501\u2501\u2501\u2501\u2501\u2501\u2501\u2501\u2501\u2501\u2501\u2501\u2501\u2501\u2501\u2501\u2501\u2501\u2501 153.0/153.0 kB 2.2 MB/s eta 0:00:00\n[e70c98dd-49c4-4f47-a200-d7d1338fadb2/build_and_test]   | Collecting pycparser (from cffi>=1.12->cryptography>=36.0.0->pdfminer.six->-r requirements.txt (line 12))\n[e70c98dd-49c4-4f47-a200-d7d1338fadb2/build_and_test]   |   Downloading pycparser-2.21-py2.py3-none-any.whl (118 kB)\n[e70c98dd-49c4-4f47-a200-d7d1338fadb2/build_and_test]   |      \u2501\u2501\u2501\u2501\u2501\u2501\u2501\u2501\u2501\u2501\u2501\u2501\u2501\u2501\u2501\u2501\u2501\u2501\u2501\u2501\u2501\u2501\u2501\u2501\u2501\u2501\u2501\u2501\u2501\u2501\u2501\u2501\u2501\u2501\u2501\u2501\u2501\u2501\u2501 118.7/118.7 kB 2.7 MB/s eta 0:00:00\n[e70c98dd-49c4-4f47-a200-d7d1338fadb2/build_and_test]   | Collecting pyrsistent!=0.17.0,!=0.17.1,!=0.17.2,>=0.14.0 (from jsonschema>=3.0->altair>=4.2.0->gradio==3.26.0->-r requirements.txt (line 3))\n[e70c98dd-49c4-4f47-a200-d7d1338fadb2/build_and_test]   |   Downloading pyrsistent-0.19.3-py3-none-any.whl (57 kB)\n[e70c98dd-49c4-4f47-a200-d7d1338fadb2/build_and_test]   |      \u2501\u2501\u2501\u2501\u2501\u2501\u2501\u2501\u2501\u2501\u2501\u2501\u2501\u2501\u2501\u2501\u2501\u2501\u2501\u2501\u2501\u2501\u2501\u2501\u2501\u2501\u2501\u2501\u2501\u2501\u2501\u2501\u2501\u2501\u2501\u2501\u2501\u2501\u2501\u2501 57.5/57.5 kB 2.2 MB/s eta 0:00:00\n[e70c98dd-49c4-4f47-a200-d7d1338fadb2/build_and_test]   | Collecting uc-micro-py (from linkify-it-py<3,>=1->markdown-it-py[linkify]>=2.0.0->gradio==3.26.0->-r requirements.txt (line 3))\n[e70c98dd-49c4-4f47-a200-d7d1338fadb2/build_and_test]   |   Downloading uc_micro_py-1.0.2-py3-none-any.whl (6.2 kB)\n[e70c98dd-49c4-4f47-a200-d7d1338fadb2/build_and_test]   | Collecting six>=1.5 (from python-dateutil>=2.8.2->pandas->gradio==3.26.0->-r requirements.txt (line 3))\n[e70c98dd-49c4-4f47-a200-d7d1338fadb2/build_and_test]   |   Downloading six-1.16.0-py2.py3-none-any.whl (11 kB)\n[e70c98dd-49c4-4f47-a200-d7d1338fadb2/build_and_test]   | Collecting mypy-extensions>=0.3.0 (from typing-inspect>=0.4.0->dataclasses-json<0.6.0,>=0.5.7->langchain==0.0.137->-r requirements.txt (line 6))\n[e70c98dd-49c4-4f47-a200-d7d1338fadb2/build_and_test]   |   Downloading mypy_extensions-1.0.0-py3-none-any.whl (4.7 kB)\n[e70c98dd-49c4-4f47-a200-d7d1338fadb2/build_and_test]   | Building wheels for collected packages: ffmpy, python-docx, python-pptx, olefile\n[e70c98dd-49c4-4f47-a200-d7d1338fadb2/build_and_test]   |   Building wheel for ffmpy (pyproject.toml): started\n[e70c98dd-49c4-4f47-a200-d7d1338fadb2/build_and_test]   |   Building wheel for ffmpy (pyproject.toml): finished with status 'done'\n[e70c98dd-49c4-4f47-a200-d7d1338fadb2/build_and_test]   |   Created wheel for ffmpy: filename=ffmpy-0.3.0-py3-none-any.whl size=4694 sha256=b2e2fb8458fc0d3229a8a974ea109a25db489e29bae97b30820263c06b85418c\n[e70c98dd-49c4-4f47-a200-d7d1338fadb2/build_and_test]   |   Stored in directory: /home/runneradmin/.cache/pip/wheels/0c/c2/0e/3b9c6845c6a4e35beb90910cc70d9ac9ab5d47402bd62af0df\n[e70c98dd-49c4-4f47-a200-d7d1338fadb2/build_and_test]   |   Building wheel for python-docx (pyproject.toml): started\n[e70c98dd-49c4-4f47-a200-d7d1338fadb2/build_and_test]   |   Building wheel for python-docx (pyproject.toml): finished with status 'done'\n[e70c98dd-49c4-4f47-a200-d7d1338fadb2/build_and_test]   |   Created wheel for python-docx: filename=python_docx-0.8.11-py3-none-any.whl size=184491 sha256=042eb4e432acd6a05cc24b740f156d1699bdc37578e950eb428950f045d58ef6\n[e70c98dd-49c4-4f47-a200-d7d1338fadb2/build_and_test]   |   Stored in directory: /home/runneradmin/.cache/pip/wheels/80/27/06/837436d4c3bd989b957a91679966f207bfd71d358d63a8194d\n[e70c98dd-49c4-4f47-a200-d7d1338fadb2/build_and_test]   |   Building wheel for python-pptx (pyproject.toml): started\n[e70c98dd-49c4-4f47-a200-d7d1338fadb2/build_and_test]   |   Building wheel for python-pptx (pyproject.toml): finished with status 'done'\n[e70c98dd-49c4-4f47-a200-d7d1338fadb2/build_and_test]   |   Created wheel for python-pptx: filename=python_pptx-0.6.21-py3-none-any.whl size=470935 sha256=8c29338dfae4564b162eb62f12982b08eaaf6be1acd2b3696a684c3a16af3a84\n[e70c98dd-49c4-4f47-a200-d7d1338fadb2/build_and_test]   |   Stored in directory: /home/runneradmin/.cache/pip/wheels/ea/dd/74/01b3ec7256a0800b99384e9a0f7620e358afc3a51a59bf9b49\n[e70c98dd-49c4-4f47-a200-d7d1338fadb2/build_and_test]   |   Building wheel for olefile (pyproject.toml): started\n[e70c98dd-49c4-4f47-a200-d7d1338fadb2/build_and_test]   |   Building wheel for olefile (pyproject.toml): finished with status 'done'\n[e70c98dd-49c4-4f47-a200-d7d1338fadb2/build_and_test]   |   Created wheel for olefile: filename=olefile-0.46-py2.py3-none-any.whl size=35417 sha256=2233e31a3642e2bd2ad37d97dbb7f112e7822588f7b20e30a918f06c2848dcee\n[e70c98dd-49c4-4f47-a200-d7d1338fadb2/build_and_test]   |   Stored in directory: /home/runneradmin/.cache/pip/wheels/02/39/c0/9eb1f7a42b4b38f6f333b6314d4ed11c46f12a0f7b78194f0d\n[e70c98dd-49c4-4f47-a200-d7d1338fadb2/build_and_test]   | Successfully built ffmpy python-docx python-pptx olefile\n[e70c98dd-49c4-4f47-a200-d7d1338fadb2/build_and_test]   | Installing collected packages: rfc3986, pytz, pydub, monotonic, filetype, ffmpy, faiss-cpu, commonmark, XlsxWriter, xlrd, wrapt, websockets, urllib3, uc-micro-py, typing-extensions, tqdm, toolz, tomli, tenacity, tabulate, sniffio, six, semantic-version, regex, pyyaml, python-multipart, python-magic, python-dotenv, pyrsistent, pyparsing, pypandoc, pygments, pycparser, pluggy, pillow, packaging, orjson, olefile, numpy, mypy-extensions, multidict, mdurl, markupsafe, markdown, lxml, kiwisolver, joblib, iniconfig, idna, h11, greenlet, fsspec, frozenlist, fonttools, filelock, exceptiongroup, et-xmlfile, cycler, click, charset-normalizer, chardet, certifi, backoff, attrs, async-timeout, aiofiles, yarl, uvicorn, typing-inspect, typer, SQLAlchemy, rich, requests, python-pptx, python-docx, python-dateutil, pytest, pydantic, pdf2image, openpyxl, nltk, msg-parser, marshmallow, markdown-it-py, linkify-it-py, jsonschema, jinja2, deprecated, contourpy, cffi, anyio, aiosignal, tiktoken, starlette, pandas, openapi-schema-pydantic, mdit-py-plugins, matplotlib, marshmallow-enum, huggingface-hub, httpcore, cryptography, aiohttp, pdfminer.six, openai, httpx, fastapi, dataclasses-json, altair, langchain, gradio_client, argilla, unstructured, gradio\n[e70c98dd-49c4-4f47-a200-d7d1338fadb2/build_and_test]   | Successfully installed SQLAlchemy-1.4.48 XlsxWriter-3.1.2 aiofiles-23.1.0 aiohttp-3.8.4 aiosignal-1.3.1 altair-5.0.1 anyio-3.7.0 argilla-1.11.0 async-timeout-4.0.2 attrs-23.1.0 backoff-2.2.1 certifi-2023.5.7 cffi-1.15.1 chardet-5.1.0 charset-normalizer-3.1.0 click-8.1.3 commonmark-0.9.1 contourpy-1.1.0 cryptography-41.0.1 cycler-0.11.0 dataclasses-json-0.5.8 deprecated-1.2.14 et-xmlfile-1.1.0 exceptiongroup-1.1.1 faiss-cpu-1.7.4 fastapi-0.98.0 ffmpy-0.3.0 filelock-3.12.2 filetype-1.2.0 fonttools-4.40.0 frozenlist-1.3.3 fsspec-2023.6.0 gradio-3.26.0 gradio_client-0.1.2 greenlet-2.0.2 h11-0.12.0 httpcore-0.15.0 httpx-0.23.0 huggingface-hub-0.15.1 idna-3.4 iniconfig-2.0.0 jinja2-3.1.2 joblib-1.3.0 jsonschema-4.17.3 kiwisolver-1.4.4 langchain-0.0.137 linkify-it-py-2.0.2 lxml-4.9.2 markdown-3.4.3 markdown-it-py-2.2.0 markupsafe-2.1.3 marshmallow-3.19.0 marshmallow-enum-1.5.1 matplotlib-3.7.1 mdit-py-plugins-0.3.3 mdurl-0.1.2 monotonic-1.6 msg-parser-1.2.0 multidict-6.0.4 mypy-extensions-1.0.0 nltk-3.8.1 numpy-1.23.5 olefile-0.46 openai-0.27.8 openapi-schema-pydantic-1.2.4 openpyxl-3.1.2 orjson-3.9.1 packaging-23.1 pandas-1.5.3 pdf2image-1.16.3 pdfminer.six-20221105 pillow-9.5.0 pluggy-1.2.0 pycparser-2.21 pydantic-1.10.9 pydub-0.25.1 pygments-2.15.1 pypandoc-1.11 pyparsing-3.1.0 pyrsistent-0.19.3 pytest-7.4.0 python-dateutil-2.8.2 python-docx-0.8.11 python-dotenv-1.0.0 python-magic-0.4.27 python-multipart-0.0.6 python-pptx-0.6.21 pytz-2023.3 pyyaml-6.0 regex-2023.6.3 requests-2.31.0 rfc3986-1.5.0 rich-13.0.1 semantic-version-2.10.0 six-1.16.0 sniffio-1.3.0 starlette-0.27.0 tabulate-0.9.0 tenacity-8.2.2 tiktoken-0.3.3 tomli-2.0.1 toolz-0.12.0 tqdm-4.65.0 typer-0.9.0 typing-extensions-4.6.3 typing-inspect-0.9.0 uc-micro-py-1.0.2 unstructured-0.7.9 urllib3-2.0.3 uvicorn-0.22.0 websockets-11.0.3 wrapt-1.14.1 xlrd-2.0.1 yarl-1.9.2\n[e70c98dd-49c4-4f47-a200-d7d1338fadb2/build_and_test]   \u2705  Success - Main Install dependencies\n[e70c98dd-49c4-4f47-a200-d7d1338fadb2/build_and_test] \u2b50 Run Main Test with pytest\n[e70c98dd-49c4-4f47-a200-d7d1338fadb2/build_and_test]   \ud83d\udc33  docker exec cmd=[bash --noprofile --norc -e -o pipefail /var/run/act/workflow/3] user= workdir=\n[e70c98dd-49c4-4f47-a200-d7d1338fadb2/build_and_test]   | ============================= test session starts ==============================\n[e70c98dd-49c4-4f47-a200-d7d1338fadb2/build_and_test]   | platform linux -- Python 3.10.12, pytest-7.4.0, pluggy-1.2.0\n[e70c98dd-49c4-4f47-a200-d7d1338fadb2/build_and_test]   | rootdir: /tmp/ad9c0f7e-1596-11ee-8a50-bb14de238602/momegas-megabots\n[e70c98dd-49c4-4f47-a200-d7d1338fadb2/build_and_test]   | plugins: anyio-3.7.0\n[e70c98dd-49c4-4f47-a200-d7d1338fadb2/build_and_test]   | collected 7 items\n[e70c98dd-49c4-4f47-a200-d7d1338fadb2/build_and_test]   | \n[e70c98dd-49c4-4f47-a200-d7d1338fadb2/build_and_test]   | tests/test_bots.py FF                                                    [ 28%]\n[e70c98dd-49c4-4f47-a200-d7d1338fadb2/build_and_test]   | tests/test_memory.py ....                                                [ 85%]\n[e70c98dd-49c4-4f47-a200-d7d1338fadb2/build_and_test]   | tests/test_ui.py .                                                       [100%]\n[e70c98dd-49c4-4f47-a200-d7d1338fadb2/build_and_test]   | \n[e70c98dd-49c4-4f47-a200-d7d1338fadb2/build_and_test]   | =================================== FAILURES ===================================\n[e70c98dd-49c4-4f47-a200-d7d1338fadb2/build_and_test]   | ___________________________________ test_ask ___________________________________\n[e70c98dd-49c4-4f47-a200-d7d1338fadb2/build_and_test]   | \n[e70c98dd-49c4-4f47-a200-d7d1338fadb2/build_and_test]   |     def test_ask():\n[e70c98dd-49c4-4f47-a200-d7d1338fadb2/build_and_test]   | >       qnabot = bot(\"qna-over-docs\", index=test_directory)\n[e70c98dd-49c4-4f47-a200-d7d1338fadb2/build_and_test]   | \n[e70c98dd-49c4-4f47-a200-d7d1338fadb2/build_and_test]   | tests/test_bots.py:16: \n[e70c98dd-49c4-4f47-a200-d7d1338fadb2/build_and_test]   | _ _ _ _ _ _ _ _ _ _ _ _ _ _ _ _ _ _ _ _ _ _ _ _ _ _ _ _ _ _ _ _ _ _ _ _ _ _ _ _ \n[e70c98dd-49c4-4f47-a200-d7d1338fadb2/build_and_test]   | megabots/bot.py:193: in bot\n[e70c98dd-49c4-4f47-a200-d7d1338fadb2/build_and_test]   |     return SUPPORTED_TASKS[task][\"impl\"](\n[e70c98dd-49c4-4f47-a200-d7d1338fadb2/build_and_test]   | megabots/bot.py:34: in __init__\n[e70c98dd-49c4-4f47-a200-d7d1338fadb2/build_and_test]   |     self.select_model(model, temperature)\n[e70c98dd-49c4-4f47-a200-d7d1338fadb2/build_and_test]   | megabots/bot.py:67: in select_model\n[e70c98dd-49c4-4f47-a200-d7d1338fadb2/build_and_test]   |     self.llm = ChatOpenAI(temperature=temperature)\n[e70c98dd-49c4-4f47-a200-d7d1338fadb2/build_and_test]   | _ _ _ _ _ _ _ _ _ _ _ _ _ _ _ _ _ _ _ _ _ _ _ _ _ _ _ _ _ _ _ _ _ _ _ _ _ _ _ _ \n[e70c98dd-49c4-4f47-a200-d7d1338fadb2/build_and_test]   | \n[e70c98dd-49c4-4f47-a200-d7d1338fadb2/build_and_test]   | >   ???\n[e70c98dd-49c4-4f47-a200-d7d1338fadb2/build_and_test]   | E   pydantic.error_wrappers.ValidationError: 1 validation error for ChatOpenAI\n[e70c98dd-49c4-4f47-a200-d7d1338fadb2/build_and_test]   | E   __root__\n[e70c98dd-49c4-4f47-a200-d7d1338fadb2/build_and_test]   | E     Did not find openai_api_key, please add an environment variable `OPENAI_API_KEY` which contains it, or pass  `openai_api_key` as a named parameter. (type=value_error)\n[e70c98dd-49c4-4f47-a200-d7d1338fadb2/build_and_test]   | \n[e70c98dd-49c4-4f47-a200-d7d1338fadb2/build_and_test]   | pydantic/main.py:341: ValidationError\n[e70c98dd-49c4-4f47-a200-d7d1338fadb2/build_and_test]   | ----------------------------- Captured stdout call -----------------------------\n[e70c98dd-49c4-4f47-a200-d7d1338fadb2/build_and_test]   | Using model: gpt-3.5-turbo\n[e70c98dd-49c4-4f47-a200-d7d1338fadb2/build_and_test]   | _____________________________ test_save_load_index _____________________________\n[e70c98dd-49c4-4f47-a200-d7d1338fadb2/build_and_test]   | \n[e70c98dd-49c4-4f47-a200-d7d1338fadb2/build_and_test]   |     def test_save_load_index():\n[e70c98dd-49c4-4f47-a200-d7d1338fadb2/build_and_test]   |         # Create a temporary directory and file path for the test index\n[e70c98dd-49c4-4f47-a200-d7d1338fadb2/build_and_test]   |         with tempfile.TemporaryDirectory() as temp_dir:\n[e70c98dd-49c4-4f47-a200-d7d1338fadb2/build_and_test]   |             index_path = os.path.join(temp_dir, \"test_index.pkl\")\n[e70c98dd-49c4-4f47-a200-d7d1338fadb2/build_and_test]   |     \n[e70c98dd-49c4-4f47-a200-d7d1338fadb2/build_and_test]   |             # Create a bot and save the index to the temporary file path\n[e70c98dd-49c4-4f47-a200-d7d1338fadb2/build_and_test]   | >           qnabot = bot(\"qna-over-docs\", index=test_directory)\n[e70c98dd-49c4-4f47-a200-d7d1338fadb2/build_and_test]   | \n[e70c98dd-49c4-4f47-a200-d7d1338fadb2/build_and_test]   | tests/test_bots.py:33: \n[e70c98dd-49c4-4f47-a200-d7d1338fadb2/build_and_test]   | _ _ _ _ _ _ _ _ _ _ _ _ _ _ _ _ _ _ _ _ _ _ _ _ _ _ _ _ _ _ _ _ _ _ _ _ _ _ _ _ \n[e70c98dd-49c4-4f47-a200-d7d1338fadb2/build_and_test]   | megabots/bot.py:193: in bot\n[e70c98dd-49c4-4f47-a200-d7d1338fadb2/build_and_test]   |     return SUPPORTED_TASKS[task][\"impl\"](\n[e70c98dd-49c4-4f47-a200-d7d1338fadb2/build_and_test]   | megabots/bot.py:34: in __init__\n[e70c98dd-49c4-4f47-a200-d7d1338fadb2/build_and_test]   |     self.select_model(model, temperature)\n[e70c98dd-49c4-4f47-a200-d7d1338fadb2/build_and_test]   | megabots/bot.py:67: in select_model\n[e70c98dd-49c4-4f47-a200-d7d1338fadb2/build_and_test]   |     self.llm = ChatOpenAI(temperature=temperature)\n[e70c98dd-49c4-4f47-a200-d7d1338fadb2/build_and_test]   | _ _ _ _ _ _ _ _ _ _ _ _ _ _ _ _ _ _ _ _ _ _ _ _ _ _ _ _ _ _ _ _ _ _ _ _ _ _ _ _ \n[e70c98dd-49c4-4f47-a200-d7d1338fadb2/build_and_test]   | \n[e70c98dd-49c4-4f47-a200-d7d1338fadb2/build_and_test]   | >   ???\n[e70c98dd-49c4-4f47-a200-d7d1338fadb2/build_and_test]   | E   pydantic.error_wrappers.ValidationError: 1 validation error for ChatOpenAI\n[e70c98dd-49c4-4f47-a200-d7d1338fadb2/build_and_test]   | E   __root__\n[e70c98dd-49c4-4f47-a200-d7d1338fadb2/build_and_test]   | E     Did not find openai_api_key, please add an environment variable `OPENAI_API_KEY` which contains it, or pass  `openai_api_key` as a named parameter. (type=value_error)\n[e70c98dd-49c4-4f47-a200-d7d1338fadb2/build_and_test]   | \n[e70c98dd-49c4-4f47-a200-d7d1338fadb2/build_and_test]   | pydantic/main.py:341: ValidationError\n[e70c98dd-49c4-4f47-a200-d7d1338fadb2/build_and_test]   | ----------------------------- Captured stdout call -----------------------------\n[e70c98dd-49c4-4f47-a200-d7d1338fadb2/build_and_test]   | Using model: gpt-3.5-turbo\n[e70c98dd-49c4-4f47-a200-d7d1338fadb2/build_and_test]   | - generated xml file: /tmp/ad9c0f7e-1596-11ee-8a50-bb14de238602/momegas-megabots/report.xml -\n[e70c98dd-49c4-4f47-a200-d7d1338fadb2/build_and_test]   | =========================== short test summary info ============================\n[e70c98dd-49c4-4f47-a200-d7d1338fadb2/build_and_test]   | FAILED tests/test_bots.py::test_ask - pydantic.error_wrappers.ValidationError: 1 validation error for ChatOpenAI\n[e70c98dd-49c4-4f47-a200-d7d1338fadb2/build_and_test]   | __root__\n[e70c98dd-49c4-4f47-a200-d7d1338fadb2/build_and_test]   |   Did not find openai_api_key, please add an environment variable `OPENAI_API_KEY` which contains it, or pass  `openai_api_key` as a named parameter. (type=value_error)\n[e70c98dd-49c4-4f47-a200-d7d1338fadb2/build_and_test]   | FAILED tests/test_bots.py::test_save_load_index - pydantic.error_wrappers.ValidationError: 1 validation error for ChatOpenAI\n[e70c98dd-49c4-4f47-a200-d7d1338fadb2/build_and_test]   | __root__\n[e70c98dd-49c4-4f47-a200-d7d1338fadb2/build_and_test]   |   Did not find openai_api_key, please add an environment variable `OPENAI_API_KEY` which contains it, or pass  `openai_api_key` as a named parameter. (type=value_error)\n[e70c98dd-49c4-4f47-a200-d7d1338fadb2/build_and_test]   | ========================= 2 failed, 5 passed in 7.95s ==========================\n[e70c98dd-49c4-4f47-a200-d7d1338fadb2/build_and_test]   \u274c  Failure - Main Test with pytest\n[e70c98dd-49c4-4f47-a200-d7d1338fadb2/build_and_test] exitcode '1': failure\n[e70c98dd-49c4-4f47-a200-d7d1338fadb2/build_and_test] \ud83c\udfc1  Job failed\n",
        "stderr": "Error: Job 'build_and_test' failed\n",
        "workflow": "/tmp/ad9c0f7e-1596-11ee-8a50-bb14de238602/momegas-megabots/.github/workflows/python-package-crawler.yml",
        "build_tool": "pytest",
        "elapsed_time": 479.95762276649475
    }
}