{
    "repository": "mozilla/pontoon",
    "stars": 1290,
    "language": "python",
    "size": 41557,
    "clone_url": "https://github.com/mozilla/pontoon.git",
    "timestamp": "2023-07-01T09:12:58.582664Z",
    "clone_success": true,
    "number_of_actions": 6,
    "number_of_test_actions": 1,
    "actions_successful": false,
    "actions_build_tools": [
        "unknown",
        "unknown",
        "pytest",
        "unknown",
        "unknown",
        "unknown"
    ],
    "actions_test_build_tools": [
        "pytest"
    ],
    "actions_run": {
        "failed": true,
        "tests": [],
        "stdout": "[bab060d2-90f1-457a-ab45-026e6292bd2a/pytest] \ud83d\ude80  Start image=crawlergpt:latest\n[bab060d2-90f1-457a-ab45-026e6292bd2a/pytest]   \ud83d\udc33  docker pull image=crawlergpt:latest platform= username= forcePull=false\n[bab060d2-90f1-457a-ab45-026e6292bd2a/pytest]   \ud83d\udc33  docker create image=crawlergpt:latest platform= entrypoint=[\"tail\" \"-f\" \"/dev/null\"] cmd=[]\n[bab060d2-90f1-457a-ab45-026e6292bd2a/pytest]   \ud83d\udc33  docker run image=crawlergpt:latest platform= entrypoint=[\"tail\" \"-f\" \"/dev/null\"] cmd=[]\n[bab060d2-90f1-457a-ab45-026e6292bd2a/pytest]   \ud83d\udc33  docker exec cmd=[chown -R 1012:1013 /tmp/558156d8-17ed-11ee-8a50-bb14de238602/mozilla-pontoon] user=0 workdir=\n[bab060d2-90f1-457a-ab45-026e6292bd2a/pytest]   \u2601  git clone 'https://github.com/codecov/codecov-action' # ref=v3\n[bab060d2-90f1-457a-ab45-026e6292bd2a/pytest] \u2b50 Run Main actions/checkout@v2\n[bab060d2-90f1-457a-ab45-026e6292bd2a/pytest]   \u2705  Success - Main actions/checkout@v2\n[bab060d2-90f1-457a-ab45-026e6292bd2a/pytest] \u2b50 Run Main Build\n[bab060d2-90f1-457a-ab45-026e6292bd2a/pytest]   \ud83d\udc33  docker exec cmd=[bash --noprofile --norc -e -o pipefail /var/run/act/workflow/1] user= workdir=\n[bab060d2-90f1-457a-ab45-026e6292bd2a/pytest]   | npm install\n[bab060d2-90f1-457a-ab45-026e6292bd2a/pytest]   | npm ERR! code ENOTSUP\n[bab060d2-90f1-457a-ab45-026e6292bd2a/pytest]   | npm ERR! notsup Unsupported engine for pontoon@0.1.0: wanted: {\"npm\":\">= 7\"} (current: {\"node\":\"14.17.6\",\"npm\":\"6.14.15\"})\n[bab060d2-90f1-457a-ab45-026e6292bd2a/pytest]   | npm ERR! notsup Not compatible with your version of node/npm: pontoon@0.1.0\n[bab060d2-90f1-457a-ab45-026e6292bd2a/pytest]   | npm ERR! notsup Not compatible with your version of node/npm: pontoon@0.1.0\n[bab060d2-90f1-457a-ab45-026e6292bd2a/pytest]   | npm ERR! notsup Required: {\"npm\":\">= 7\"}\n[bab060d2-90f1-457a-ab45-026e6292bd2a/pytest]   | npm ERR! notsup Actual:   {\"npm\":\"6.14.15\",\"node\":\"14.17.6\"}\n[bab060d2-90f1-457a-ab45-026e6292bd2a/pytest]   | \n[bab060d2-90f1-457a-ab45-026e6292bd2a/pytest]   | npm ERR! A complete log of this run can be found in:\n[bab060d2-90f1-457a-ab45-026e6292bd2a/pytest]   | npm ERR!     /home/runneradmin/.npm/_logs/2023-07-01T09_15_09_822Z-debug.log\n[bab060d2-90f1-457a-ab45-026e6292bd2a/pytest]   | make: *** [Makefile:55: node_modules] Error 1\n[bab060d2-90f1-457a-ab45-026e6292bd2a/pytest]   \u274c  Failure - Main Build\n[bab060d2-90f1-457a-ab45-026e6292bd2a/pytest] exitcode '2': failure\n[bab060d2-90f1-457a-ab45-026e6292bd2a/pytest] \ud83c\udfc1  Job failed\n",
        "stderr": "Error: Job 'pytest' failed\n",
        "workflow": {
            "path": "/tmp/558156d8-17ed-11ee-8a50-bb14de238602/mozilla-pontoon/.github/workflows/backend-crawler.yml",
            "type": "pytest"
        },
        "workflow_name": "bab060d2-90f1-457a-ab45-026e6292bd2a",
        "build_tool": "pytest",
        "elapsed_time": 45.983330726623535
    }
}