{
    "repository": "nalgeon/pokitoki",
    "stars": 202,
    "language": "python",
    "size": 1673,
    "clone_url": "https://github.com/nalgeon/pokitoki.git",
    "timestamp": "2023-07-01T18:13:35.209572Z",
    "clone_success": true,
    "number_of_actions": 1,
    "number_of_test_actions": 1,
    "actions_successful": false,
    "actions_build_tools": [
        "unittest"
    ],
    "actions_test_build_tools": [
        "unittest"
    ],
    "actions_run": {
        "failed": true,
        "tests": [
            {
                "classname": "tests.test_commands.RetryTest",
                "name": "test_retry",
                "time": 0.003,
                "results": [
                    {
                        "result": "Passed",
                        "message": "",
                        "type": ""
                    }
                ],
                "stdout": null,
                "stderr": null
            },
            {
                "classname": "tests.test_config.MigrateTest",
                "name": "test_migrate_v1",
                "time": 0.001,
                "results": [
                    {
                        "result": "Passed",
                        "message": "",
                        "type": ""
                    }
                ],
                "stdout": null,
                "stderr": null
            },
            {
                "classname": "tests.test_config.MigrateTest",
                "name": "test_migrate_v2",
                "time": 0.001,
                "results": [
                    {
                        "result": "Passed",
                        "message": "",
                        "type": ""
                    }
                ],
                "stdout": null,
                "stderr": null
            },
            {
                "classname": "tests.test_config.MigrateTest",
                "name": "test_migrate_v3",
                "time": 0.001,
                "results": [
                    {
                        "result": "Passed",
                        "message": "",
                        "type": ""
                    }
                ],
                "stdout": null,
                "stderr": null
            },
            {
                "classname": "tests.test_config.MigrateTest",
                "name": "test_not_changed",
                "time": 0.001,
                "results": [
                    {
                        "result": "Passed",
                        "message": "",
                        "type": ""
                    }
                ],
                "stdout": null,
                "stderr": null
            },
            {
                "classname": "tests.test_models.UserMessagesTest",
                "name": "test_add",
                "time": 0.001,
                "results": [
                    {
                        "result": "Passed",
                        "message": "",
                        "type": ""
                    }
                ],
                "stdout": null,
                "stderr": null
            },
            {
                "classname": "tests.test_models.UserMessagesTest",
                "name": "test_as_list",
                "time": 0.001,
                "results": [
                    {
                        "result": "Passed",
                        "message": "",
                        "type": ""
                    }
                ],
                "stdout": null,
                "stderr": null
            },
            {
                "classname": "tests.test_models.UserMessagesTest",
                "name": "test_clear",
                "time": 0.001,
                "results": [
                    {
                        "result": "Passed",
                        "message": "",
                        "type": ""
                    }
                ],
                "stdout": null,
                "stderr": null
            },
            {
                "classname": "tests.test_models.UserMessagesTest",
                "name": "test_init",
                "time": 0.001,
                "results": [
                    {
                        "result": "Passed",
                        "message": "",
                        "type": ""
                    }
                ],
                "stdout": null,
                "stderr": null
            },
            {
                "classname": "tests.test_models.UserMessagesTest",
                "name": "test_last",
                "time": 0.001,
                "results": [
                    {
                        "result": "Passed",
                        "message": "",
                        "type": ""
                    }
                ],
                "stdout": null,
                "stderr": null
            },
            {
                "classname": "tests.test_models.UserMessagesTest",
                "name": "test_pop",
                "time": 0.001,
                "results": [
                    {
                        "result": "Passed",
                        "message": "",
                        "type": ""
                    }
                ],
                "stdout": null,
                "stderr": null
            },
            {
                "classname": "tests.test_commands.MessageGroupTest",
                "name": "test_message",
                "time": 0.003,
                "results": [
                    {
                        "result": "Passed",
                        "message": "",
                        "type": ""
                    }
                ],
                "stdout": null,
                "stderr": null
            },
            {
                "classname": "tests.test_commands.MessageGroupTest",
                "name": "test_no_mention",
                "time": 0.002,
                "results": [
                    {
                        "result": "Passed",
                        "message": "",
                        "type": ""
                    }
                ],
                "stdout": null,
                "stderr": null
            },
            {
                "classname": "tests.test_filters.FiltersTest",
                "name": "test_init",
                "time": 0.001,
                "results": [
                    {
                        "result": "Passed",
                        "message": "",
                        "type": ""
                    }
                ],
                "stdout": null,
                "stderr": null
            },
            {
                "classname": "tests.test_filters.FiltersTest",
                "name": "test_is_known_user",
                "time": 0.001,
                "results": [
                    {
                        "result": "Passed",
                        "message": "",
                        "type": ""
                    }
                ],
                "stdout": null,
                "stderr": null
            },
            {
                "classname": "tests.test_filters.FiltersTest",
                "name": "test_reload",
                "time": 0.001,
                "results": [
                    {
                        "result": "Passed",
                        "message": "",
                        "type": ""
                    }
                ],
                "stdout": null,
                "stderr": null
            },
            {
                "classname": "tests.test_ai.ShortenTest",
                "name": "test_do_not_shorten",
                "time": 0.002,
                "results": [
                    {
                        "result": "Passed",
                        "message": "",
                        "type": ""
                    }
                ],
                "stdout": null,
                "stderr": null
            },
            {
                "classname": "tests.test_ai.ShortenTest",
                "name": "test_remove_messages_1",
                "time": 0.001,
                "results": [
                    {
                        "result": "Passed",
                        "message": "",
                        "type": ""
                    }
                ],
                "stdout": null,
                "stderr": null
            },
            {
                "classname": "tests.test_ai.ShortenTest",
                "name": "test_remove_messages_2",
                "time": 0.001,
                "results": [
                    {
                        "result": "Passed",
                        "message": "",
                        "type": ""
                    }
                ],
                "stdout": null,
                "stderr": null
            },
            {
                "classname": "tests.test_ai.ShortenTest",
                "name": "test_shorten_question",
                "time": 0.001,
                "results": [
                    {
                        "result": "Passed",
                        "message": "",
                        "type": ""
                    }
                ],
                "stdout": null,
                "stderr": null
            },
            {
                "classname": "tests.test_config.GetValueTest",
                "name": "test_dict",
                "time": 0.0,
                "results": [
                    {
                        "result": "Passed",
                        "message": "",
                        "type": ""
                    }
                ],
                "stdout": null,
                "stderr": null
            },
            {
                "classname": "tests.test_config.GetValueTest",
                "name": "test_dict_value",
                "time": 0.0,
                "results": [
                    {
                        "result": "Passed",
                        "message": "",
                        "type": ""
                    }
                ],
                "stdout": null,
                "stderr": null
            },
            {
                "classname": "tests.test_config.GetValueTest",
                "name": "test_dict_value_does_not_exist",
                "time": 0.0,
                "results": [
                    {
                        "result": "Passed",
                        "message": "",
                        "type": ""
                    }
                ],
                "stdout": null,
                "stderr": null
            },
            {
                "classname": "tests.test_config.GetValueTest",
                "name": "test_does_not_exist",
                "time": 0.0,
                "results": [
                    {
                        "result": "Passed",
                        "message": "",
                        "type": ""
                    }
                ],
                "stdout": null,
                "stderr": null
            },
            {
                "classname": "tests.test_config.GetValueTest",
                "name": "test_float",
                "time": 0.0,
                "results": [
                    {
                        "result": "Passed",
                        "message": "",
                        "type": ""
                    }
                ],
                "stdout": null,
                "stderr": null
            },
            {
                "classname": "tests.test_config.GetValueTest",
                "name": "test_int",
                "time": 0.0,
                "results": [
                    {
                        "result": "Passed",
                        "message": "",
                        "type": ""
                    }
                ],
                "stdout": null,
                "stderr": null
            },
            {
                "classname": "tests.test_config.GetValueTest",
                "name": "test_list",
                "time": 0.0,
                "results": [
                    {
                        "result": "Passed",
                        "message": "",
                        "type": ""
                    }
                ],
                "stdout": null,
                "stderr": null
            },
            {
                "classname": "tests.test_config.GetValueTest",
                "name": "test_not_allowed",
                "time": 0.0,
                "results": [
                    {
                        "result": "Passed",
                        "message": "",
                        "type": ""
                    }
                ],
                "stdout": null,
                "stderr": null
            },
            {
                "classname": "tests.test_config.GetValueTest",
                "name": "test_object",
                "time": 0.001,
                "results": [
                    {
                        "result": "Passed",
                        "message": "",
                        "type": ""
                    }
                ],
                "stdout": null,
                "stderr": null
            },
            {
                "classname": "tests.test_config.GetValueTest",
                "name": "test_object_attr",
                "time": 0.0,
                "results": [
                    {
                        "result": "Passed",
                        "message": "",
                        "type": ""
                    }
                ],
                "stdout": null,
                "stderr": null
            },
            {
                "classname": "tests.test_config.GetValueTest",
                "name": "test_object_attr_not_exist",
                "time": 0.0,
                "results": [
                    {
                        "result": "Passed",
                        "message": "",
                        "type": ""
                    }
                ],
                "stdout": null,
                "stderr": null
            },
            {
                "classname": "tests.test_config.GetValueTest",
                "name": "test_str",
                "time": 0.0,
                "results": [
                    {
                        "result": "Passed",
                        "message": "",
                        "type": ""
                    }
                ],
                "stdout": null,
                "stderr": null
            },
            {
                "classname": "tests.test_askers.CreateTest",
                "name": "test_imagine_asker",
                "time": 0.0,
                "results": [
                    {
                        "result": "Passed",
                        "message": "",
                        "type": ""
                    }
                ],
                "stdout": null,
                "stderr": null
            },
            {
                "classname": "tests.test_askers.CreateTest",
                "name": "test_text_asker",
                "time": 0.0,
                "results": [
                    {
                        "result": "Passed",
                        "message": "",
                        "type": ""
                    }
                ],
                "stdout": null,
                "stderr": null
            },
            {
                "classname": "tests.test_questions.ExtractGroupTest",
                "name": "test_mention",
                "time": 0.001,
                "results": [
                    {
                        "result": "Passed",
                        "message": "",
                        "type": ""
                    }
                ],
                "stdout": null,
                "stderr": null
            },
            {
                "classname": "tests.test_questions.ExtractGroupTest",
                "name": "test_mention_case_insensitive",
                "time": 0.001,
                "results": [
                    {
                        "result": "Passed",
                        "message": "",
                        "type": ""
                    }
                ],
                "stdout": null,
                "stderr": null
            },
            {
                "classname": "tests.test_questions.ExtractGroupTest",
                "name": "test_mention_in_reply",
                "time": 0.001,
                "results": [
                    {
                        "result": "Passed",
                        "message": "",
                        "type": ""
                    }
                ],
                "stdout": null,
                "stderr": null
            },
            {
                "classname": "tests.test_questions.ExtractGroupTest",
                "name": "test_mention_in_the_middle",
                "time": 0.001,
                "results": [
                    {
                        "result": "Passed",
                        "message": "",
                        "type": ""
                    }
                ],
                "stdout": null,
                "stderr": null
            },
            {
                "classname": "tests.test_questions.ExtractGroupTest",
                "name": "test_mention_other_user",
                "time": 0.001,
                "results": [
                    {
                        "result": "Passed",
                        "message": "",
                        "type": ""
                    }
                ],
                "stdout": null,
                "stderr": null
            },
            {
                "classname": "tests.test_questions.ExtractGroupTest",
                "name": "test_message",
                "time": 0.001,
                "results": [
                    {
                        "result": "Passed",
                        "message": "",
                        "type": ""
                    }
                ],
                "stdout": null,
                "stderr": null
            },
            {
                "classname": "tests.test_questions.ExtractGroupTest",
                "name": "test_reply_to_bot",
                "time": 0.001,
                "results": [
                    {
                        "result": "Passed",
                        "message": "",
                        "type": ""
                    }
                ],
                "stdout": null,
                "stderr": null
            },
            {
                "classname": "tests.test_questions.ExtractGroupTest",
                "name": "test_reply_to_other_user",
                "time": 0.001,
                "results": [
                    {
                        "result": "Passed",
                        "message": "",
                        "type": ""
                    }
                ],
                "stdout": null,
                "stderr": null
            },
            {
                "classname": "tests.test_commands.MessageLimitTest",
                "name": "test_expired",
                "time": 0.004,
                "results": [
                    {
                        "result": "Passed",
                        "message": "",
                        "type": ""
                    }
                ],
                "stdout": null,
                "stderr": null
            },
            {
                "classname": "tests.test_commands.MessageLimitTest",
                "name": "test_known_user",
                "time": 0.003,
                "results": [
                    {
                        "result": "Passed",
                        "message": "",
                        "type": ""
                    }
                ],
                "stdout": null,
                "stderr": null
            },
            {
                "classname": "tests.test_commands.MessageLimitTest",
                "name": "test_unknown_user",
                "time": 0.003,
                "results": [
                    {
                        "result": "Passed",
                        "message": "",
                        "type": ""
                    }
                ],
                "stdout": null,
                "stderr": null
            },
            {
                "classname": "tests.test_commands.MessageLimitTest",
                "name": "test_unlimited",
                "time": 0.004,
                "results": [
                    {
                        "result": "Passed",
                        "message": "",
                        "type": ""
                    }
                ],
                "stdout": null,
                "stderr": null
            },
            {
                "classname": "tests.test_questions.TestPrepare",
                "name": "test_follow_up",
                "time": 0.0,
                "results": [
                    {
                        "result": "Passed",
                        "message": "",
                        "type": ""
                    }
                ],
                "stdout": null,
                "stderr": null
            },
            {
                "classname": "tests.test_questions.TestPrepare",
                "name": "test_ordinary",
                "time": 0.0,
                "results": [
                    {
                        "result": "Passed",
                        "message": "",
                        "type": ""
                    }
                ],
                "stdout": null,
                "stderr": null
            },
            {
                "classname": "tests.test_questions.TestPrepare",
                "name": "test_shortcut",
                "time": 0.0,
                "results": [
                    {
                        "result": "Passed",
                        "message": "",
                        "type": ""
                    }
                ],
                "stdout": null,
                "stderr": null
            },
            {
                "classname": "tests.test_commands.ConfigTest",
                "name": "test_change",
                "time": 0.003,
                "results": [
                    {
                        "result": "Passed",
                        "message": "",
                        "type": ""
                    }
                ],
                "stdout": null,
                "stderr": null
            },
            {
                "classname": "tests.test_commands.ConfigTest",
                "name": "test_conversation_depth",
                "time": 0.003,
                "results": [
                    {
                        "result": "Passed",
                        "message": "",
                        "type": ""
                    }
                ],
                "stdout": null,
                "stderr": null
            },
            {
                "classname": "tests.test_commands.ConfigTest",
                "name": "test_delayed",
                "time": 0.003,
                "results": [
                    {
                        "result": "Passed",
                        "message": "",
                        "type": ""
                    }
                ],
                "stdout": null,
                "stderr": null
            },
            {
                "classname": "tests.test_commands.ConfigTest",
                "name": "test_help",
                "time": 0.003,
                "results": [
                    {
                        "result": "Passed",
                        "message": "",
                        "type": ""
                    }
                ],
                "stdout": null,
                "stderr": null
            },
            {
                "classname": "tests.test_commands.ConfigTest",
                "name": "test_not_changed",
                "time": 0.003,
                "results": [
                    {
                        "result": "Passed",
                        "message": "",
                        "type": ""
                    }
                ],
                "stdout": null,
                "stderr": null
            },
            {
                "classname": "tests.test_commands.ConfigTest",
                "name": "test_telegram_admins",
                "time": 0.003,
                "results": [
                    {
                        "result": "Passed",
                        "message": "",
                        "type": ""
                    }
                ],
                "stdout": null,
                "stderr": null
            },
            {
                "classname": "tests.test_commands.ConfigTest",
                "name": "test_telegram_chat_ids",
                "time": 0.003,
                "results": [
                    {
                        "result": "Passed",
                        "message": "",
                        "type": ""
                    }
                ],
                "stdout": null,
                "stderr": null
            },
            {
                "classname": "tests.test_commands.ConfigTest",
                "name": "test_telegram_usernames",
                "time": 0.003,
                "results": [
                    {
                        "result": "Passed",
                        "message": "",
                        "type": ""
                    }
                ],
                "stdout": null,
                "stderr": null
            },
            {
                "classname": "tests.test_commands.ConfigTest",
                "name": "test_view",
                "time": 0.003,
                "results": [
                    {
                        "result": "Passed",
                        "message": "",
                        "type": ""
                    }
                ],
                "stdout": null,
                "stderr": null
            },
            {
                "classname": "tests.test_shortcuts.ExtractTest",
                "name": "test_extract",
                "time": 0.0,
                "results": [
                    {
                        "result": "Passed",
                        "message": "",
                        "type": ""
                    }
                ],
                "stdout": null,
                "stderr": null
            },
            {
                "classname": "tests.test_shortcuts.ExtractTest",
                "name": "test_failed",
                "time": 0.0,
                "results": [
                    {
                        "result": "Passed",
                        "message": "",
                        "type": ""
                    }
                ],
                "stdout": null,
                "stderr": null
            },
            {
                "classname": "tests.test_markdown.Test",
                "name": "test_ticks",
                "time": 0.001,
                "results": [
                    {
                        "result": "Passed",
                        "message": "",
                        "type": ""
                    }
                ],
                "stdout": null,
                "stderr": null
            },
            {
                "classname": "tests.test_markdown.Test",
                "name": "test_to_html",
                "time": 0.0,
                "results": [
                    {
                        "result": "Passed",
                        "message": "",
                        "type": ""
                    }
                ],
                "stdout": null,
                "stderr": null
            },
            {
                "classname": "tests.test_askers.TextAskerTest",
                "name": "test_ask",
                "time": 0.003,
                "results": [
                    {
                        "result": "Passed",
                        "message": "",
                        "type": ""
                    }
                ],
                "stdout": null,
                "stderr": null
            },
            {
                "classname": "tests.test_askers.TextAskerTest",
                "name": "test_reply",
                "time": 0.003,
                "results": [
                    {
                        "result": "Passed",
                        "message": "",
                        "type": ""
                    }
                ],
                "stdout": null,
                "stderr": null
            },
            {
                "classname": "tests.test_fetcher.FetcherTest",
                "name": "test_nothing_to_substitute",
                "time": 0.013,
                "results": [
                    {
                        "result": "Passed",
                        "message": "",
                        "type": ""
                    }
                ],
                "stdout": null,
                "stderr": null
            },
            {
                "classname": "tests.test_fetcher.FetcherTest",
                "name": "test_substitute_urls",
                "time": 0.015,
                "results": [
                    {
                        "result": "Passed",
                        "message": "",
                        "type": ""
                    }
                ],
                "stdout": null,
                "stderr": null
            },
            {
                "classname": "tests.test_filters.EmptyTest",
                "name": "test_init",
                "time": 0.001,
                "results": [
                    {
                        "result": "Passed",
                        "message": "",
                        "type": ""
                    }
                ],
                "stdout": null,
                "stderr": null
            },
            {
                "classname": "tests.test_filters.EmptyTest",
                "name": "test_is_known_user",
                "time": 0.001,
                "results": [
                    {
                        "result": "Passed",
                        "message": "",
                        "type": ""
                    }
                ],
                "stdout": null,
                "stderr": null
            },
            {
                "classname": "tests.test_filters.EmptyTest",
                "name": "test_reload",
                "time": 0.001,
                "results": [
                    {
                        "result": "Passed",
                        "message": "",
                        "type": ""
                    }
                ],
                "stdout": null,
                "stderr": null
            },
            {
                "classname": "tests.test_models.UserDataTest",
                "name": "test_init",
                "time": 0.001,
                "results": [
                    {
                        "result": "Passed",
                        "message": "",
                        "type": ""
                    }
                ],
                "stdout": null,
                "stderr": null
            },
            {
                "classname": "tests.test_models.UserDataTest",
                "name": "test_message_counter",
                "time": 0.001,
                "results": [
                    {
                        "result": "Passed",
                        "message": "",
                        "type": ""
                    }
                ],
                "stdout": null,
                "stderr": null
            },
            {
                "classname": "tests.test_models.UserDataTest",
                "name": "test_messages",
                "time": 0.001,
                "results": [
                    {
                        "result": "Passed",
                        "message": "",
                        "type": ""
                    }
                ],
                "stdout": null,
                "stderr": null
            },
            {
                "classname": "tests.test_config.ConfigTest",
                "name": "test_as_dict",
                "time": 0.002,
                "results": [
                    {
                        "result": "Passed",
                        "message": "",
                        "type": ""
                    }
                ],
                "stdout": null,
                "stderr": null
            },
            {
                "classname": "tests.test_config.ConfigTest",
                "name": "test_init",
                "time": 0.002,
                "results": [
                    {
                        "result": "Passed",
                        "message": "",
                        "type": ""
                    }
                ],
                "stdout": null,
                "stderr": null
            },
            {
                "classname": "tests.test_fetcher.ContentTest",
                "name": "test_extract_as_is",
                "time": 0.001,
                "results": [
                    {
                        "result": "Passed",
                        "message": "",
                        "type": ""
                    }
                ],
                "stdout": null,
                "stderr": null
            },
            {
                "classname": "tests.test_fetcher.ContentTest",
                "name": "test_extract_html",
                "time": 0.001,
                "results": [
                    {
                        "result": "Passed",
                        "message": "",
                        "type": ""
                    }
                ],
                "stdout": null,
                "stderr": null
            },
            {
                "classname": "tests.test_fetcher.ContentTest",
                "name": "test_extract_unknown",
                "time": 0.001,
                "results": [
                    {
                        "result": "Passed",
                        "message": "",
                        "type": ""
                    }
                ],
                "stdout": null,
                "stderr": null
            },
            {
                "classname": "tests.test_models.FormatTimedeltaTest",
                "name": "test_hours",
                "time": 0.0,
                "results": [
                    {
                        "result": "Passed",
                        "message": "",
                        "type": ""
                    }
                ],
                "stdout": null,
                "stderr": null
            },
            {
                "classname": "tests.test_models.FormatTimedeltaTest",
                "name": "test_minutes",
                "time": 0.0,
                "results": [
                    {
                        "result": "Passed",
                        "message": "",
                        "type": ""
                    }
                ],
                "stdout": null,
                "stderr": null
            },
            {
                "classname": "tests.test_models.FormatTimedeltaTest",
                "name": "test_one_hour",
                "time": 0.0,
                "results": [
                    {
                        "result": "Passed",
                        "message": "",
                        "type": ""
                    }
                ],
                "stdout": null,
                "stderr": null
            },
            {
                "classname": "tests.test_models.FormatTimedeltaTest",
                "name": "test_seconds",
                "time": 0.0,
                "results": [
                    {
                        "result": "Passed",
                        "message": "",
                        "type": ""
                    }
                ],
                "stdout": null,
                "stderr": null
            },
            {
                "classname": "tests.test_models.FormatTimedeltaTest",
                "name": "test_zero",
                "time": 0.0,
                "results": [
                    {
                        "result": "Passed",
                        "message": "",
                        "type": ""
                    }
                ],
                "stdout": null,
                "stderr": null
            },
            {
                "classname": "tests.test_commands.ImagineTest",
                "name": "test_disabled",
                "time": 0.003,
                "results": [
                    {
                        "result": "Passed",
                        "message": "",
                        "type": ""
                    }
                ],
                "stdout": null,
                "stderr": null
            },
            {
                "classname": "tests.test_commands.ImagineTest",
                "name": "test_imagine",
                "time": 0.003,
                "results": [
                    {
                        "result": "Passed",
                        "message": "",
                        "type": ""
                    }
                ],
                "stdout": null,
                "stderr": null
            },
            {
                "classname": "tests.test_commands.ImagineTest",
                "name": "test_users_and_groups",
                "time": 0.003,
                "results": [
                    {
                        "result": "Passed",
                        "message": "",
                        "type": ""
                    }
                ],
                "stdout": null,
                "stderr": null
            },
            {
                "classname": "tests.test_commands.ImagineTest",
                "name": "test_users_only",
                "time": 0.003,
                "results": [
                    {
                        "result": "Passed",
                        "message": "",
                        "type": ""
                    }
                ],
                "stdout": null,
                "stderr": null
            },
            {
                "classname": "tests.test_models.TimestampedValueTest",
                "name": "test_init",
                "time": 0.001,
                "results": [
                    {
                        "result": "Passed",
                        "message": "",
                        "type": ""
                    }
                ],
                "stdout": null,
                "stderr": null
            },
            {
                "classname": "tests.test_models.TimestampedValueTest",
                "name": "test_init_initial",
                "time": 0.001,
                "results": [
                    {
                        "result": "Passed",
                        "message": "",
                        "type": ""
                    }
                ],
                "stdout": null,
                "stderr": null
            },
            {
                "classname": "tests.test_models.TimestampedValueTest",
                "name": "test_timestamp",
                "time": 0.001,
                "results": [
                    {
                        "result": "Passed",
                        "message": "",
                        "type": ""
                    }
                ],
                "stdout": null,
                "stderr": null
            },
            {
                "classname": "tests.test_models.TimestampedValueTest",
                "name": "test_value",
                "time": 0.001,
                "results": [
                    {
                        "result": "Passed",
                        "message": "",
                        "type": ""
                    }
                ],
                "stdout": null,
                "stderr": null
            },
            {
                "classname": "tests.test_models.ExpiringCounterTest",
                "name": "test_expires_after",
                "time": 0.001,
                "results": [
                    {
                        "result": "Passed",
                        "message": "",
                        "type": ""
                    }
                ],
                "stdout": null,
                "stderr": null
            },
            {
                "classname": "tests.test_models.ExpiringCounterTest",
                "name": "test_increment",
                "time": 0.001,
                "results": [
                    {
                        "result": "Passed",
                        "message": "",
                        "type": ""
                    }
                ],
                "stdout": null,
                "stderr": null
            },
            {
                "classname": "tests.test_models.ExpiringCounterTest",
                "name": "test_increment_expired",
                "time": 0.001,
                "results": [
                    {
                        "result": "Passed",
                        "message": "",
                        "type": ""
                    }
                ],
                "stdout": null,
                "stderr": null
            },
            {
                "classname": "tests.test_models.ExpiringCounterTest",
                "name": "test_is_expired",
                "time": 0.001,
                "results": [
                    {
                        "result": "Passed",
                        "message": "",
                        "type": ""
                    }
                ],
                "stdout": null,
                "stderr": null
            },
            {
                "classname": "tests.test_commands.HelpTest",
                "name": "test_help",
                "time": 0.003,
                "results": [
                    {
                        "result": "Passed",
                        "message": "",
                        "type": ""
                    }
                ],
                "stdout": null,
                "stderr": null
            },
            {
                "classname": "tests.test_commands.StartTest",
                "name": "test_start",
                "time": 0.003,
                "results": [
                    {
                        "result": "Passed",
                        "message": "",
                        "type": ""
                    }
                ],
                "stdout": null,
                "stderr": null
            },
            {
                "classname": "tests.test_commands.StartTest",
                "name": "test_start_unknown",
                "time": 0.003,
                "results": [
                    {
                        "result": "Passed",
                        "message": "",
                        "type": ""
                    }
                ],
                "stdout": null,
                "stderr": null
            },
            {
                "classname": "tests.test_commands.VersionTest",
                "name": "test_version",
                "time": 0.003,
                "results": [
                    {
                        "result": "Passed",
                        "message": "",
                        "type": ""
                    }
                ],
                "stdout": null,
                "stderr": null
            },
            {
                "classname": "tests.test_commands.MessageTest",
                "name": "test_document",
                "time": 0.004,
                "results": [
                    {
                        "result": "Passed",
                        "message": "",
                        "type": ""
                    }
                ],
                "stdout": null,
                "stderr": null
            },
            {
                "classname": "tests.test_commands.MessageTest",
                "name": "test_exception",
                "time": 0.003,
                "results": [
                    {
                        "result": "Passed",
                        "message": "",
                        "type": ""
                    }
                ],
                "stdout": null,
                "stderr": null
            },
            {
                "classname": "tests.test_commands.MessageTest",
                "name": "test_follow_up",
                "time": 0.005,
                "results": [
                    {
                        "result": "Passed",
                        "message": "",
                        "type": ""
                    }
                ],
                "stdout": null,
                "stderr": null
            },
            {
                "classname": "tests.test_commands.MessageTest",
                "name": "test_forward",
                "time": 0.003,
                "results": [
                    {
                        "result": "Passed",
                        "message": "",
                        "type": ""
                    }
                ],
                "stdout": null,
                "stderr": null
            },
            {
                "classname": "tests.test_commands.MessageTest",
                "name": "test_message",
                "time": 0.003,
                "results": [
                    {
                        "result": "Passed",
                        "message": "",
                        "type": ""
                    }
                ],
                "stdout": null,
                "stderr": null
            },
            {
                "classname": "tests.test_commands.ErrorTest",
                "name": "test_error",
                "time": 0.004,
                "results": [
                    {
                        "result": "Passed",
                        "message": "",
                        "type": ""
                    }
                ],
                "stdout": null,
                "stderr": null
            },
            {
                "classname": "tests.test_questions.ExtractPrivateTest",
                "name": "test_extract_private_no_reply",
                "time": 0.001,
                "results": [
                    {
                        "result": "Passed",
                        "message": "",
                        "type": ""
                    }
                ],
                "stdout": null,
                "stderr": null
            },
            {
                "classname": "tests.test_questions.ExtractPrivateTest",
                "name": "test_extract_private_with_reply",
                "time": 0.001,
                "results": [
                    {
                        "result": "Passed",
                        "message": "",
                        "type": ""
                    }
                ],
                "stdout": null,
                "stderr": null
            },
            {
                "classname": "tests.test_askers.ImagineAskerTest",
                "name": "test_ask",
                "time": 0.004,
                "results": [
                    {
                        "result": "Passed",
                        "message": "",
                        "type": ""
                    }
                ],
                "stdout": null,
                "stderr": null
            },
            {
                "classname": "tests.test_askers.ImagineAskerTest",
                "name": "test_extract_caption",
                "time": 0.003,
                "results": [
                    {
                        "result": "Passed",
                        "message": "",
                        "type": ""
                    }
                ],
                "stdout": null,
                "stderr": null
            },
            {
                "classname": "tests.test_askers.ImagineAskerTest",
                "name": "test_extract_size",
                "time": 0.002,
                "results": [
                    {
                        "result": "Passed",
                        "message": "",
                        "type": ""
                    }
                ],
                "stdout": null,
                "stderr": null
            },
            {
                "classname": "tests.test_askers.ImagineAskerTest",
                "name": "test_reply",
                "time": 0.003,
                "results": [
                    {
                        "result": "Passed",
                        "message": "",
                        "type": ""
                    }
                ],
                "stdout": null,
                "stderr": null
            },
            {
                "classname": "tests.test_models.ParsePeriodTest",
                "name": "test_invalid_period",
                "time": 0.0,
                "results": [
                    {
                        "result": "Passed",
                        "message": "",
                        "type": ""
                    }
                ],
                "stdout": null,
                "stderr": null
            },
            {
                "classname": "tests.test_models.ParsePeriodTest",
                "name": "test_invalid_value",
                "time": 0.0,
                "results": [
                    {
                        "result": "Passed",
                        "message": "",
                        "type": ""
                    }
                ],
                "stdout": null,
                "stderr": null
            },
            {
                "classname": "tests.test_models.ParsePeriodTest",
                "name": "test_parse",
                "time": 0.001,
                "results": [
                    {
                        "result": "Passed",
                        "message": "",
                        "type": ""
                    }
                ],
                "stdout": null,
                "stderr": null
            },
            {
                "classname": "tests.test_models.ParsePeriodTest",
                "name": "test_zero",
                "time": 0.001,
                "results": [
                    {
                        "result": "Passed",
                        "message": "",
                        "type": ""
                    }
                ],
                "stdout": null,
                "stderr": null
            },
            {
                "classname": "tests.test_shortcuts.ApplyTest",
                "name": "test_apply",
                "time": 0.0,
                "results": [
                    {
                        "result": "Passed",
                        "message": "",
                        "type": ""
                    }
                ],
                "stdout": null,
                "stderr": null
            },
            {
                "classname": "tests.test_shortcuts.ApplyTest",
                "name": "test_unknown_shortcut",
                "time": 0.0,
                "results": [
                    {
                        "result": "Passed",
                        "message": "",
                        "type": ""
                    }
                ],
                "stdout": null,
                "stderr": null
            },
            {
                "classname": "tests.test_config.SetValueTest",
                "name": "test_dict",
                "time": 0.001,
                "results": [
                    {
                        "result": "Passed",
                        "message": "",
                        "type": ""
                    }
                ],
                "stdout": null,
                "stderr": null
            },
            {
                "classname": "tests.test_config.SetValueTest",
                "name": "test_dict_value",
                "time": 0.001,
                "results": [
                    {
                        "result": "Passed",
                        "message": "",
                        "type": ""
                    }
                ],
                "stdout": null,
                "stderr": null
            },
            {
                "classname": "tests.test_config.SetValueTest",
                "name": "test_dict_value_does_not_exist",
                "time": 0.001,
                "results": [
                    {
                        "result": "Passed",
                        "message": "",
                        "type": ""
                    }
                ],
                "stdout": null,
                "stderr": null
            },
            {
                "classname": "tests.test_config.SetValueTest",
                "name": "test_does_not_exist",
                "time": 0.001,
                "results": [
                    {
                        "result": "Passed",
                        "message": "",
                        "type": ""
                    }
                ],
                "stdout": null,
                "stderr": null
            },
            {
                "classname": "tests.test_config.SetValueTest",
                "name": "test_float",
                "time": 0.001,
                "results": [
                    {
                        "result": "Passed",
                        "message": "",
                        "type": ""
                    }
                ],
                "stdout": null,
                "stderr": null
            },
            {
                "classname": "tests.test_config.SetValueTest",
                "name": "test_has_changed",
                "time": 0.001,
                "results": [
                    {
                        "result": "Passed",
                        "message": "",
                        "type": ""
                    }
                ],
                "stdout": null,
                "stderr": null
            },
            {
                "classname": "tests.test_config.SetValueTest",
                "name": "test_has_not_changed",
                "time": 0.001,
                "results": [
                    {
                        "result": "Passed",
                        "message": "",
                        "type": ""
                    }
                ],
                "stdout": null,
                "stderr": null
            },
            {
                "classname": "tests.test_config.SetValueTest",
                "name": "test_int",
                "time": 0.001,
                "results": [
                    {
                        "result": "Passed",
                        "message": "",
                        "type": ""
                    }
                ],
                "stdout": null,
                "stderr": null
            },
            {
                "classname": "tests.test_config.SetValueTest",
                "name": "test_invalid_type_1",
                "time": 0.0,
                "results": [
                    {
                        "result": "Passed",
                        "message": "",
                        "type": ""
                    }
                ],
                "stdout": null,
                "stderr": null
            },
            {
                "classname": "tests.test_config.SetValueTest",
                "name": "test_invalid_type_2",
                "time": 0.001,
                "results": [
                    {
                        "result": "Passed",
                        "message": "",
                        "type": ""
                    }
                ],
                "stdout": null,
                "stderr": null
            },
            {
                "classname": "tests.test_config.SetValueTest",
                "name": "test_invalid_type_3",
                "time": 0.001,
                "results": [
                    {
                        "result": "Passed",
                        "message": "",
                        "type": ""
                    }
                ],
                "stdout": null,
                "stderr": null
            },
            {
                "classname": "tests.test_config.SetValueTest",
                "name": "test_invalid_value",
                "time": 0.0,
                "results": [
                    {
                        "result": "Passed",
                        "message": "",
                        "type": ""
                    }
                ],
                "stdout": null,
                "stderr": null
            },
            {
                "classname": "tests.test_config.SetValueTest",
                "name": "test_is_delayed",
                "time": 0.001,
                "results": [
                    {
                        "result": "Passed",
                        "message": "",
                        "type": ""
                    }
                ],
                "stdout": null,
                "stderr": null
            },
            {
                "classname": "tests.test_config.SetValueTest",
                "name": "test_is_immediate_1",
                "time": 0.001,
                "results": [
                    {
                        "result": "Passed",
                        "message": "",
                        "type": ""
                    }
                ],
                "stdout": null,
                "stderr": null
            },
            {
                "classname": "tests.test_config.SetValueTest",
                "name": "test_is_immediate_2",
                "time": 0.001,
                "results": [
                    {
                        "result": "Passed",
                        "message": "",
                        "type": ""
                    }
                ],
                "stdout": null,
                "stderr": null
            },
            {
                "classname": "tests.test_config.SetValueTest",
                "name": "test_list",
                "time": 0.001,
                "results": [
                    {
                        "result": "Passed",
                        "message": "",
                        "type": ""
                    }
                ],
                "stdout": null,
                "stderr": null
            },
            {
                "classname": "tests.test_config.SetValueTest",
                "name": "test_list_add",
                "time": 0.001,
                "results": [
                    {
                        "result": "Passed",
                        "message": "",
                        "type": ""
                    }
                ],
                "stdout": null,
                "stderr": null
            },
            {
                "classname": "tests.test_config.SetValueTest",
                "name": "test_list_remove",
                "time": 0.001,
                "results": [
                    {
                        "result": "Passed",
                        "message": "",
                        "type": ""
                    }
                ],
                "stdout": null,
                "stderr": null
            },
            {
                "classname": "tests.test_config.SetValueTest",
                "name": "test_not_allowed",
                "time": 0.0,
                "results": [
                    {
                        "result": "Passed",
                        "message": "",
                        "type": ""
                    }
                ],
                "stdout": null,
                "stderr": null
            },
            {
                "classname": "tests.test_config.SetValueTest",
                "name": "test_object",
                "time": 0.001,
                "results": [
                    {
                        "result": "Passed",
                        "message": "",
                        "type": ""
                    }
                ],
                "stdout": null,
                "stderr": null
            },
            {
                "classname": "tests.test_config.SetValueTest",
                "name": "test_object_attr",
                "time": 0.001,
                "results": [
                    {
                        "result": "Passed",
                        "message": "",
                        "type": ""
                    }
                ],
                "stdout": null,
                "stderr": null
            },
            {
                "classname": "tests.test_config.SetValueTest",
                "name": "test_object_attr_not_exist",
                "time": 0.0,
                "results": [
                    {
                        "result": "Passed",
                        "message": "",
                        "type": ""
                    }
                ],
                "stdout": null,
                "stderr": null
            },
            {
                "classname": "tests.test_config.SetValueTest",
                "name": "test_readonly",
                "time": 0.0,
                "results": [
                    {
                        "result": "Passed",
                        "message": "",
                        "type": ""
                    }
                ],
                "stdout": null,
                "stderr": null
            },
            {
                "classname": "tests.test_ai.ModelTest",
                "name": "test_generate_messages",
                "time": 0.007,
                "results": [
                    {
                        "result": "Passed",
                        "message": "",
                        "type": ""
                    }
                ],
                "stdout": null,
                "stderr": null
            }
        ],
        "stdout": "[d57e9018-69be-437b-b127-3966bddfce0d/build] \ud83d\ude80  Start image=crawlergpt:latest\n[d57e9018-69be-437b-b127-3966bddfce0d/build]   \ud83d\udc33  docker pull image=crawlergpt:latest platform= username= forcePull=false\n[d57e9018-69be-437b-b127-3966bddfce0d/build]   \ud83d\udc33  docker create image=crawlergpt:latest platform= entrypoint=[\"tail\" \"-f\" \"/dev/null\"] cmd=[]\n[d57e9018-69be-437b-b127-3966bddfce0d/build]   \ud83d\udc33  docker run image=crawlergpt:latest platform= entrypoint=[\"tail\" \"-f\" \"/dev/null\"] cmd=[]\n[d57e9018-69be-437b-b127-3966bddfce0d/build]   \ud83d\udc33  docker exec cmd=[chown -R 1012:1013 /tmp/558156d8-17ed-11ee-8a50-bb14de238602/nalgeon-pokitoki] user=0 workdir=\n[d57e9018-69be-437b-b127-3966bddfce0d/build]   \u2601  git clone 'https://github.com/actions/setup-python' # ref=v4\n[d57e9018-69be-437b-b127-3966bddfce0d/build] \u2b50 Run Main actions/checkout@v3\n[d57e9018-69be-437b-b127-3966bddfce0d/build]   \u2705  Success - Main actions/checkout@v3\n[d57e9018-69be-437b-b127-3966bddfce0d/build] \u2b50 Run Main Set up Python\n[d57e9018-69be-437b-b127-3966bddfce0d/build]   \ud83d\udc33  docker cp src=/tmp/act-cache/6a9c6642-0839-4ccf-93cb-50de99bb3a20/act/actions-setup-python@v4/ dst=/var/run/act/actions/actions-setup-python@v4/\n[d57e9018-69be-437b-b127-3966bddfce0d/build]   \ud83d\udc33  docker exec cmd=[chown -R 1012:1013 /var/run/act/actions/actions-setup-python@v4/] user=0 workdir=\n[d57e9018-69be-437b-b127-3966bddfce0d/build]   \ud83d\udc33  docker exec cmd=[node /var/run/act/actions/actions-setup-python@v4/dist/setup/index.js] user= workdir=\n[d57e9018-69be-437b-b127-3966bddfce0d/build]   \ud83d\udcac  ::debug::Python is expected to be installed into /opt/hostedtoolcache\n[d57e9018-69be-437b-b127-3966bddfce0d/build]   \u2753  ::group::Installed versions\n[d57e9018-69be-437b-b127-3966bddfce0d/build]   \ud83d\udcac  ::debug::Semantic version spec of 3.11 is 3.11\n[d57e9018-69be-437b-b127-3966bddfce0d/build]   \ud83d\udcac  ::debug::isExplicit: \n[d57e9018-69be-437b-b127-3966bddfce0d/build]   \ud83d\udcac  ::debug::explicit? false\n[d57e9018-69be-437b-b127-3966bddfce0d/build]   \ud83d\udcac  ::debug::isExplicit: 2.7.18\n[d57e9018-69be-437b-b127-3966bddfce0d/build]   \ud83d\udcac  ::debug::explicit? true\n[d57e9018-69be-437b-b127-3966bddfce0d/build]   \ud83d\udcac  ::debug::isExplicit: 3.5.10\n[d57e9018-69be-437b-b127-3966bddfce0d/build]   \ud83d\udcac  ::debug::explicit? true\n[d57e9018-69be-437b-b127-3966bddfce0d/build]   \ud83d\udcac  ::debug::isExplicit: 3.6.14\n[d57e9018-69be-437b-b127-3966bddfce0d/build]   \ud83d\udcac  ::debug::explicit? true\n[d57e9018-69be-437b-b127-3966bddfce0d/build]   \ud83d\udcac  ::debug::isExplicit: 3.7.11\n[d57e9018-69be-437b-b127-3966bddfce0d/build]   \ud83d\udcac  ::debug::explicit? true\n[d57e9018-69be-437b-b127-3966bddfce0d/build]   \ud83d\udcac  ::debug::isExplicit: 3.8.11\n[d57e9018-69be-437b-b127-3966bddfce0d/build]   \ud83d\udcac  ::debug::explicit? true\n[d57e9018-69be-437b-b127-3966bddfce0d/build]   \ud83d\udcac  ::debug::isExplicit: 3.9.6\n[d57e9018-69be-437b-b127-3966bddfce0d/build]   \ud83d\udcac  ::debug::explicit? true\n[d57e9018-69be-437b-b127-3966bddfce0d/build]   \ud83d\udcac  ::debug::evaluating 6 versions\n[d57e9018-69be-437b-b127-3966bddfce0d/build]   \ud83d\udcac  ::debug::match not found\n[d57e9018-69be-437b-b127-3966bddfce0d/build]   | Version 3.11 was not found in the local cache\n[d57e9018-69be-437b-b127-3966bddfce0d/build]   \ud83d\udcac  ::debug::Getting manifest from actions/python-versions@main\n[d57e9018-69be-437b-b127-3966bddfce0d/build]   \ud83d\udcac  ::debug::set auth\n[d57e9018-69be-437b-b127-3966bddfce0d/build]   \ud83d\udcac  ::debug::check 3.12.0-beta.3 satisfies 3.11\n[d57e9018-69be-437b-b127-3966bddfce0d/build]   \ud83d\udcac  ::debug::check 3.12.0-beta.2 satisfies 3.11\n[d57e9018-69be-437b-b127-3966bddfce0d/build]   \ud83d\udcac  ::debug::check 3.12.0-beta.1 satisfies 3.11\n[d57e9018-69be-437b-b127-3966bddfce0d/build]   \ud83d\udcac  ::debug::check 3.12.0-alpha.7 satisfies 3.11\n[d57e9018-69be-437b-b127-3966bddfce0d/build]   \ud83d\udcac  ::debug::check 3.12.0-alpha.6 satisfies 3.11\n[d57e9018-69be-437b-b127-3966bddfce0d/build]   \ud83d\udcac  ::debug::check 3.12.0-alpha.5 satisfies 3.11\n[d57e9018-69be-437b-b127-3966bddfce0d/build]   \ud83d\udcac  ::debug::check 3.12.0-alpha.4 satisfies 3.11\n[d57e9018-69be-437b-b127-3966bddfce0d/build]   \ud83d\udcac  ::debug::check 3.12.0-alpha.3 satisfies 3.11\n[d57e9018-69be-437b-b127-3966bddfce0d/build]   \ud83d\udcac  ::debug::check 3.12.0-alpha.2 satisfies 3.11\n[d57e9018-69be-437b-b127-3966bddfce0d/build]   \ud83d\udcac  ::debug::check 3.12.0-alpha.1 satisfies 3.11\n[d57e9018-69be-437b-b127-3966bddfce0d/build]   \ud83d\udcac  ::debug::check 3.11.4 satisfies 3.11\n[d57e9018-69be-437b-b127-3966bddfce0d/build]   \ud83d\udcac  ::debug::arm64===x64 && darwin===linux\n[d57e9018-69be-437b-b127-3966bddfce0d/build]   \ud83d\udcac  ::debug::x64===x64 && darwin===linux\n[d57e9018-69be-437b-b127-3966bddfce0d/build]   \ud83d\udcac  ::debug::x64===x64 && linux===linux\n[d57e9018-69be-437b-b127-3966bddfce0d/build]   \ud83d\udcac  ::debug::matched 3.11.4\n[d57e9018-69be-437b-b127-3966bddfce0d/build]   | Version 3.11 is available for downloading\n[d57e9018-69be-437b-b127-3966bddfce0d/build]   | Download from \"https://github.com/actions/python-versions/releases/download/3.11.4-5199054971/python-3.11.4-linux-20.04-x64.tar.gz\"\n[d57e9018-69be-437b-b127-3966bddfce0d/build]   \ud83d\udcac  ::debug::Downloading https://github.com/actions/python-versions/releases/download/3.11.4-5199054971/python-3.11.4-linux-20.04-x64.tar.gz\n[d57e9018-69be-437b-b127-3966bddfce0d/build]   \ud83d\udcac  ::debug::Destination /tmp/53d0c1e5-61bc-42d1-b3f6-0941ad3bc789\n[d57e9018-69be-437b-b127-3966bddfce0d/build]   \ud83d\udcac  ::debug::set auth\n[d57e9018-69be-437b-b127-3966bddfce0d/build]   \ud83d\udcac  ::debug::download complete\n[d57e9018-69be-437b-b127-3966bddfce0d/build]   | Extract downloaded archive\n[d57e9018-69be-437b-b127-3966bddfce0d/build]   \ud83d\udcac  ::debug::Checking tar --version\n[d57e9018-69be-437b-b127-3966bddfce0d/build]   \ud83d\udcac  ::debug::tar (GNU tar) 1.30%0ACopyright (C) 2017 Free Software Foundation, Inc.%0ALicense GPLv3+: GNU GPL version 3 or later <https://gnu.org/licenses/gpl.html>.%0AThis is free software: you are free to change and redistribute it.%0AThere is NO WARRANTY, to the extent permitted by law.%0A%0AWritten by John Gilmore and Jay Fenlason.\n[d57e9018-69be-437b-b127-3966bddfce0d/build]   | [command]/usr/bin/tar xz --warning=no-unknown-keyword -C /tmp/3053d016-e582-4771-853f-647fa727cbf9 -f /tmp/53d0c1e5-61bc-42d1-b3f6-0941ad3bc789\n[d57e9018-69be-437b-b127-3966bddfce0d/build]   | Execute installation script\n[d57e9018-69be-437b-b127-3966bddfce0d/build]   | Check if Python hostedtoolcache folder exist...\n[d57e9018-69be-437b-b127-3966bddfce0d/build]   | Create Python 3.11.4 folder\n[d57e9018-69be-437b-b127-3966bddfce0d/build]   | Copy Python binaries to hostedtoolcache folder\n[d57e9018-69be-437b-b127-3966bddfce0d/build]   | Create additional symlinks (Required for the UsePythonVersion Azure Pipelines task and the setup-python GitHub Action)\n[d57e9018-69be-437b-b127-3966bddfce0d/build]   | Upgrading pip...\n[d57e9018-69be-437b-b127-3966bddfce0d/build]   | Looking in links: /tmp/tmpv_74aerj\n[d57e9018-69be-437b-b127-3966bddfce0d/build]   | Requirement already satisfied: setuptools in /opt/hostedtoolcache/Python/3.11.4/x64/lib/python3.11/site-packages (65.5.0)\n[d57e9018-69be-437b-b127-3966bddfce0d/build]   | Requirement already satisfied: pip in /opt/hostedtoolcache/Python/3.11.4/x64/lib/python3.11/site-packages (23.1.2)\n[d57e9018-69be-437b-b127-3966bddfce0d/build]   | Collecting pip\n[d57e9018-69be-437b-b127-3966bddfce0d/build]   | Downloading pip-23.1.2-py3-none-any.whl (2.1 MB)\n[d57e9018-69be-437b-b127-3966bddfce0d/build]   | \u2501\u2501\u2501\u2501\u2501\u2501\u2501\u2501\u2501\u2501\u2501\u2501\u2501\u2501\u2501\u2501\u2501\u2501\u2501\u2501\u2501\u2501\u2501\u2501\u2501\u2501\u2501\u2501\u2501\u2501\u2501\u2501\u2501\u2501\u2501\u2501\u2501\u2501\u2501\u2501 2.1/2.1 MB 6.9 MB/s eta 0:00:00\n[d57e9018-69be-437b-b127-3966bddfce0d/build]   | \n[d57e9018-69be-437b-b127-3966bddfce0d/build]   | Installing collected packages: pip\n[d57e9018-69be-437b-b127-3966bddfce0d/build]   | Successfully installed pip-23.1.2\n[d57e9018-69be-437b-b127-3966bddfce0d/build]   | Create complete file\n[d57e9018-69be-437b-b127-3966bddfce0d/build]   \ud83d\udcac  ::debug::isExplicit: \n[d57e9018-69be-437b-b127-3966bddfce0d/build]   \ud83d\udcac  ::debug::explicit? false\n[d57e9018-69be-437b-b127-3966bddfce0d/build]   \ud83d\udcac  ::debug::isExplicit: 2.7.18\n[d57e9018-69be-437b-b127-3966bddfce0d/build]   \ud83d\udcac  ::debug::explicit? true\n[d57e9018-69be-437b-b127-3966bddfce0d/build]   \ud83d\udcac  ::debug::isExplicit: 3.11.4\n[d57e9018-69be-437b-b127-3966bddfce0d/build]   \ud83d\udcac  ::debug::explicit? true\n[d57e9018-69be-437b-b127-3966bddfce0d/build]   \ud83d\udcac  ::debug::isExplicit: 3.5.10\n[d57e9018-69be-437b-b127-3966bddfce0d/build]   \ud83d\udcac  ::debug::explicit? true\n[d57e9018-69be-437b-b127-3966bddfce0d/build]   \ud83d\udcac  ::debug::isExplicit: 3.6.14\n[d57e9018-69be-437b-b127-3966bddfce0d/build]   \ud83d\udcac  ::debug::explicit? true\n[d57e9018-69be-437b-b127-3966bddfce0d/build]   \ud83d\udcac  ::debug::isExplicit: 3.7.11\n[d57e9018-69be-437b-b127-3966bddfce0d/build]   \ud83d\udcac  ::debug::explicit? true\n[d57e9018-69be-437b-b127-3966bddfce0d/build]   \ud83d\udcac  ::debug::isExplicit: 3.8.11\n[d57e9018-69be-437b-b127-3966bddfce0d/build]   \ud83d\udcac  ::debug::explicit? true\n[d57e9018-69be-437b-b127-3966bddfce0d/build]   \ud83d\udcac  ::debug::isExplicit: 3.9.6\n[d57e9018-69be-437b-b127-3966bddfce0d/build]   \ud83d\udcac  ::debug::explicit? true\n[d57e9018-69be-437b-b127-3966bddfce0d/build]   \ud83d\udcac  ::debug::evaluating 7 versions\n[d57e9018-69be-437b-b127-3966bddfce0d/build]   \ud83d\udcac  ::debug::matched: 3.11.4\n[d57e9018-69be-437b-b127-3966bddfce0d/build]   \ud83d\udcac  ::debug::checking cache: /opt/hostedtoolcache/Python/3.11.4/x64\n[d57e9018-69be-437b-b127-3966bddfce0d/build]   \ud83d\udcac  ::debug::Found tool in cache Python 3.11.4 x64\n[d57e9018-69be-437b-b127-3966bddfce0d/build]   | Successfully set up CPython (3.11.4)\n[d57e9018-69be-437b-b127-3966bddfce0d/build]   \u2753  ::endgroup::\n[d57e9018-69be-437b-b127-3966bddfce0d/build]   \u2753 add-matcher /run/act/actions/actions-setup-python@v4/.github/python.json\n[d57e9018-69be-437b-b127-3966bddfce0d/build]   \u2705  Success - Main Set up Python\n[d57e9018-69be-437b-b127-3966bddfce0d/build]   \u2699  ::set-env:: Python2_ROOT_DIR=/opt/hostedtoolcache/Python/3.11.4/x64\n[d57e9018-69be-437b-b127-3966bddfce0d/build]   \u2699  ::set-env:: Python3_ROOT_DIR=/opt/hostedtoolcache/Python/3.11.4/x64\n[d57e9018-69be-437b-b127-3966bddfce0d/build]   \u2699  ::set-env:: LD_LIBRARY_PATH=/opt/hostedtoolcache/Python/3.11.4/x64/lib\n[d57e9018-69be-437b-b127-3966bddfce0d/build]   \u2699  ::set-env:: pythonLocation=/opt/hostedtoolcache/Python/3.11.4/x64\n[d57e9018-69be-437b-b127-3966bddfce0d/build]   \u2699  ::set-env:: PKG_CONFIG_PATH=/opt/hostedtoolcache/Python/3.11.4/x64/lib/pkgconfig\n[d57e9018-69be-437b-b127-3966bddfce0d/build]   \u2699  ::set-env:: Python_ROOT_DIR=/opt/hostedtoolcache/Python/3.11.4/x64\n[d57e9018-69be-437b-b127-3966bddfce0d/build]   \u2699  ::set-output:: python-version=3.11.4\n[d57e9018-69be-437b-b127-3966bddfce0d/build]   \u2699  ::set-output:: python-path=/opt/hostedtoolcache/Python/3.11.4/x64/bin/python\n[d57e9018-69be-437b-b127-3966bddfce0d/build]   \u2699  ::add-path:: /opt/hostedtoolcache/Python/3.11.4/x64\n[d57e9018-69be-437b-b127-3966bddfce0d/build]   \u2699  ::add-path:: /opt/hostedtoolcache/Python/3.11.4/x64/bin\n[d57e9018-69be-437b-b127-3966bddfce0d/build] \u2b50 Run Main Install dependencies\n[d57e9018-69be-437b-b127-3966bddfce0d/build]   \ud83d\udc33  docker exec cmd=[bash --noprofile --norc -e -o pipefail /var/run/act/workflow/2] user= workdir=\n[d57e9018-69be-437b-b127-3966bddfce0d/build]   | Requirement already satisfied: pip in /opt/hostedtoolcache/Python/3.11.4/x64/lib/python3.11/site-packages (23.1.2)\n[d57e9018-69be-437b-b127-3966bddfce0d/build]   | Collecting httpx==0.23.3 (from -r requirements.txt (line 1))\n[d57e9018-69be-437b-b127-3966bddfce0d/build]   |   Downloading httpx-0.23.3-py3-none-any.whl (71 kB)\n[d57e9018-69be-437b-b127-3966bddfce0d/build]   |      \u2501\u2501\u2501\u2501\u2501\u2501\u2501\u2501\u2501\u2501\u2501\u2501\u2501\u2501\u2501\u2501\u2501\u2501\u2501\u2501\u2501\u2501\u2501\u2501\u2501\u2501\u2501\u2501\u2501\u2501\u2501\u2501\u2501\u2501\u2501\u2501\u2501\u2501\u2501\u2501 71.5/71.5 kB 7.1 MB/s eta 0:00:00\n[d57e9018-69be-437b-b127-3966bddfce0d/build]   | Collecting openai==0.27.2 (from -r requirements.txt (line 2))\n[d57e9018-69be-437b-b127-3966bddfce0d/build]   |   Downloading openai-0.27.2-py3-none-any.whl (70 kB)\n[d57e9018-69be-437b-b127-3966bddfce0d/build]   |      \u2501\u2501\u2501\u2501\u2501\u2501\u2501\u2501\u2501\u2501\u2501\u2501\u2501\u2501\u2501\u2501\u2501\u2501\u2501\u2501\u2501\u2501\u2501\u2501\u2501\u2501\u2501\u2501\u2501\u2501\u2501\u2501\u2501\u2501\u2501\u2501\u2501\u2501\u2501\u2501 70.1/70.1 kB 6.9 MB/s eta 0:00:00\n[d57e9018-69be-437b-b127-3966bddfce0d/build]   | Collecting beautifulsoup4==4.12.0 (from -r requirements.txt (line 3))\n[d57e9018-69be-437b-b127-3966bddfce0d/build]   |   Downloading beautifulsoup4-4.12.0-py3-none-any.whl (132 kB)\n[d57e9018-69be-437b-b127-3966bddfce0d/build]   |      \u2501\u2501\u2501\u2501\u2501\u2501\u2501\u2501\u2501\u2501\u2501\u2501\u2501\u2501\u2501\u2501\u2501\u2501\u2501\u2501\u2501\u2501\u2501\u2501\u2501\u2501\u2501\u2501\u2501\u2501\u2501\u2501\u2501\u2501\u2501\u2501\u2501\u2501\u2501 132.2/132.2 kB 5.5 MB/s eta 0:00:00\n[d57e9018-69be-437b-b127-3966bddfce0d/build]   | Collecting python-telegram-bot==20.2 (from -r requirements.txt (line 4))\n[d57e9018-69be-437b-b127-3966bddfce0d/build]   |   Downloading python_telegram_bot-20.2-py3-none-any.whl (535 kB)\n[d57e9018-69be-437b-b127-3966bddfce0d/build]   |      \u2501\u2501\u2501\u2501\u2501\u2501\u2501\u2501\u2501\u2501\u2501\u2501\u2501\u2501\u2501\u2501\u2501\u2501\u2501\u2501\u2501\u2501\u2501\u2501\u2501\u2501\u2501\u2501\u2501\u2501\u2501\u2501\u2501\u2501\u2501\u2501\u2501\u2501\u2501 535.8/535.8 kB 2.9 MB/s eta 0:00:00\n[d57e9018-69be-437b-b127-3966bddfce0d/build]   | Collecting PyYAML==6.0 (from -r requirements.txt (line 5))\n[d57e9018-69be-437b-b127-3966bddfce0d/build]   |   Downloading PyYAML-6.0-cp311-cp311-manylinux_2_17_x86_64.manylinux2014_x86_64.whl (757 kB)\n[d57e9018-69be-437b-b127-3966bddfce0d/build]   |      \u2501\u2501\u2501\u2501\u2501\u2501\u2501\u2501\u2501\u2501\u2501\u2501\u2501\u2501\u2501\u2501\u2501\u2501\u2501\u2501\u2501\u2501\u2501\u2501\u2501\u2501\u2501\u2501\u2501\u2501\u2501\u2501\u2501\u2501\u2501\u2501\u2501\u2501\u2501 757.9/757.9 kB 6.6 MB/s eta 0:00:00\n[d57e9018-69be-437b-b127-3966bddfce0d/build]   | Collecting tiktoken==0.3.3 (from -r requirements.txt (line 6))\n[d57e9018-69be-437b-b127-3966bddfce0d/build]   |   Downloading tiktoken-0.3.3-cp311-cp311-manylinux_2_17_x86_64.manylinux2014_x86_64.whl (1.7 MB)\n[d57e9018-69be-437b-b127-3966bddfce0d/build]   |      \u2501\u2501\u2501\u2501\u2501\u2501\u2501\u2501\u2501\u2501\u2501\u2501\u2501\u2501\u2501\u2501\u2501\u2501\u2501\u2501\u2501\u2501\u2501\u2501\u2501\u2501\u2501\u2501\u2501\u2501\u2501\u2501\u2501\u2501\u2501\u2501\u2501\u2501\u2501\u2501 1.7/1.7 MB 10.0 MB/s eta 0:00:00\n[d57e9018-69be-437b-b127-3966bddfce0d/build]   | Collecting certifi (from httpx==0.23.3->-r requirements.txt (line 1))\n[d57e9018-69be-437b-b127-3966bddfce0d/build]   |   Downloading certifi-2023.5.7-py3-none-any.whl (156 kB)\n[d57e9018-69be-437b-b127-3966bddfce0d/build]   |      \u2501\u2501\u2501\u2501\u2501\u2501\u2501\u2501\u2501\u2501\u2501\u2501\u2501\u2501\u2501\u2501\u2501\u2501\u2501\u2501\u2501\u2501\u2501\u2501\u2501\u2501\u2501\u2501\u2501\u2501\u2501\u2501\u2501\u2501\u2501\u2501\u2501\u2501 157.0/157.0 kB 16.7 MB/s eta 0:00:00\n[d57e9018-69be-437b-b127-3966bddfce0d/build]   | Collecting httpcore<0.17.0,>=0.15.0 (from httpx==0.23.3->-r requirements.txt (line 1))\n[d57e9018-69be-437b-b127-3966bddfce0d/build]   |   Downloading httpcore-0.16.3-py3-none-any.whl (69 kB)\n[d57e9018-69be-437b-b127-3966bddfce0d/build]   |      \u2501\u2501\u2501\u2501\u2501\u2501\u2501\u2501\u2501\u2501\u2501\u2501\u2501\u2501\u2501\u2501\u2501\u2501\u2501\u2501\u2501\u2501\u2501\u2501\u2501\u2501\u2501\u2501\u2501\u2501\u2501\u2501\u2501\u2501\u2501\u2501\u2501\u2501\u2501 69.6/69.6 kB 940.1 kB/s eta 0:00:00\n[d57e9018-69be-437b-b127-3966bddfce0d/build]   | Collecting rfc3986[idna2008]<2,>=1.3 (from httpx==0.23.3->-r requirements.txt (line 1))\n[d57e9018-69be-437b-b127-3966bddfce0d/build]   |   Downloading rfc3986-1.5.0-py2.py3-none-any.whl (31 kB)\n[d57e9018-69be-437b-b127-3966bddfce0d/build]   | Collecting sniffio (from httpx==0.23.3->-r requirements.txt (line 1))\n[d57e9018-69be-437b-b127-3966bddfce0d/build]   |   Downloading sniffio-1.3.0-py3-none-any.whl (10 kB)\n[d57e9018-69be-437b-b127-3966bddfce0d/build]   | Collecting requests>=2.20 (from openai==0.27.2->-r requirements.txt (line 2))\n[d57e9018-69be-437b-b127-3966bddfce0d/build]   |   Downloading requests-2.31.0-py3-none-any.whl (62 kB)\n[d57e9018-69be-437b-b127-3966bddfce0d/build]   |      \u2501\u2501\u2501\u2501\u2501\u2501\u2501\u2501\u2501\u2501\u2501\u2501\u2501\u2501\u2501\u2501\u2501\u2501\u2501\u2501\u2501\u2501\u2501\u2501\u2501\u2501\u2501\u2501\u2501\u2501\u2501\u2501\u2501\u2501\u2501\u2501\u2501\u2501\u2501\u2501 62.6/62.6 kB 8.3 MB/s eta 0:00:00\n[d57e9018-69be-437b-b127-3966bddfce0d/build]   | Collecting tqdm (from openai==0.27.2->-r requirements.txt (line 2))\n[d57e9018-69be-437b-b127-3966bddfce0d/build]   |   Downloading tqdm-4.65.0-py3-none-any.whl (77 kB)\n[d57e9018-69be-437b-b127-3966bddfce0d/build]   |      \u2501\u2501\u2501\u2501\u2501\u2501\u2501\u2501\u2501\u2501\u2501\u2501\u2501\u2501\u2501\u2501\u2501\u2501\u2501\u2501\u2501\u2501\u2501\u2501\u2501\u2501\u2501\u2501\u2501\u2501\u2501\u2501\u2501\u2501\u2501\u2501\u2501\u2501\u2501 77.1/77.1 kB 763.2 kB/s eta 0:00:00\n[d57e9018-69be-437b-b127-3966bddfce0d/build]   | Collecting aiohttp (from openai==0.27.2->-r requirements.txt (line 2))\n[d57e9018-69be-437b-b127-3966bddfce0d/build]   |   Downloading aiohttp-3.8.4-cp311-cp311-manylinux_2_17_x86_64.manylinux2014_x86_64.whl (1.0 MB)\n[d57e9018-69be-437b-b127-3966bddfce0d/build]   |      \u2501\u2501\u2501\u2501\u2501\u2501\u2501\u2501\u2501\u2501\u2501\u2501\u2501\u2501\u2501\u2501\u2501\u2501\u2501\u2501\u2501\u2501\u2501\u2501\u2501\u2501\u2501\u2501\u2501\u2501\u2501\u2501\u2501\u2501\u2501\u2501\u2501\u2501\u2501\u2501 1.0/1.0 MB 13.8 MB/s eta 0:00:00\n[d57e9018-69be-437b-b127-3966bddfce0d/build]   | Collecting soupsieve>1.2 (from beautifulsoup4==4.12.0->-r requirements.txt (line 3))\n[d57e9018-69be-437b-b127-3966bddfce0d/build]   |   Downloading soupsieve-2.4.1-py3-none-any.whl (36 kB)\n[d57e9018-69be-437b-b127-3966bddfce0d/build]   | Collecting regex>=2022.1.18 (from tiktoken==0.3.3->-r requirements.txt (line 6))\n[d57e9018-69be-437b-b127-3966bddfce0d/build]   |   Downloading regex-2023.6.3-cp311-cp311-manylinux_2_17_x86_64.manylinux2014_x86_64.whl (781 kB)\n[d57e9018-69be-437b-b127-3966bddfce0d/build]   |      \u2501\u2501\u2501\u2501\u2501\u2501\u2501\u2501\u2501\u2501\u2501\u2501\u2501\u2501\u2501\u2501\u2501\u2501\u2501\u2501\u2501\u2501\u2501\u2501\u2501\u2501\u2501\u2501\u2501\u2501\u2501\u2501\u2501\u2501\u2501\u2501\u2501\u2501\u2501 781.9/781.9 kB 9.6 MB/s eta 0:00:00\n[d57e9018-69be-437b-b127-3966bddfce0d/build]   | Collecting h11<0.15,>=0.13 (from httpcore<0.17.0,>=0.15.0->httpx==0.23.3->-r requirements.txt (line 1))\n[d57e9018-69be-437b-b127-3966bddfce0d/build]   |   Downloading h11-0.14.0-py3-none-any.whl (58 kB)\n[d57e9018-69be-437b-b127-3966bddfce0d/build]   |      \u2501\u2501\u2501\u2501\u2501\u2501\u2501\u2501\u2501\u2501\u2501\u2501\u2501\u2501\u2501\u2501\u2501\u2501\u2501\u2501\u2501\u2501\u2501\u2501\u2501\u2501\u2501\u2501\u2501\u2501\u2501\u2501\u2501\u2501\u2501\u2501\u2501\u2501\u2501\u2501 58.3/58.3 kB 2.1 MB/s eta 0:00:00\n[d57e9018-69be-437b-b127-3966bddfce0d/build]   | Collecting anyio<5.0,>=3.0 (from httpcore<0.17.0,>=0.15.0->httpx==0.23.3->-r requirements.txt (line 1))\n[d57e9018-69be-437b-b127-3966bddfce0d/build]   |   Downloading anyio-3.7.0-py3-none-any.whl (80 kB)\n[d57e9018-69be-437b-b127-3966bddfce0d/build]   |      \u2501\u2501\u2501\u2501\u2501\u2501\u2501\u2501\u2501\u2501\u2501\u2501\u2501\u2501\u2501\u2501\u2501\u2501\u2501\u2501\u2501\u2501\u2501\u2501\u2501\u2501\u2501\u2501\u2501\u2501\u2501\u2501\u2501\u2501\u2501\u2501\u2501\u2501\u2501\u2501 80.9/80.9 kB 1.7 MB/s eta 0:00:00\n[d57e9018-69be-437b-b127-3966bddfce0d/build]   | Collecting charset-normalizer<4,>=2 (from requests>=2.20->openai==0.27.2->-r requirements.txt (line 2))\n[d57e9018-69be-437b-b127-3966bddfce0d/build]   |   Downloading charset_normalizer-3.1.0-cp311-cp311-manylinux_2_17_x86_64.manylinux2014_x86_64.whl (197 kB)\n[d57e9018-69be-437b-b127-3966bddfce0d/build]   |      \u2501\u2501\u2501\u2501\u2501\u2501\u2501\u2501\u2501\u2501\u2501\u2501\u2501\u2501\u2501\u2501\u2501\u2501\u2501\u2501\u2501\u2501\u2501\u2501\u2501\u2501\u2501\u2501\u2501\u2501\u2501\u2501\u2501\u2501\u2501\u2501\u2501\u2501\u2501 197.3/197.3 kB 3.1 MB/s eta 0:00:00\n[d57e9018-69be-437b-b127-3966bddfce0d/build]   | Collecting idna<4,>=2.5 (from requests>=2.20->openai==0.27.2->-r requirements.txt (line 2))\n[d57e9018-69be-437b-b127-3966bddfce0d/build]   |   Downloading idna-3.4-py3-none-any.whl (61 kB)\n[d57e9018-69be-437b-b127-3966bddfce0d/build]   |      \u2501\u2501\u2501\u2501\u2501\u2501\u2501\u2501\u2501\u2501\u2501\u2501\u2501\u2501\u2501\u2501\u2501\u2501\u2501\u2501\u2501\u2501\u2501\u2501\u2501\u2501\u2501\u2501\u2501\u2501\u2501\u2501\u2501\u2501\u2501\u2501\u2501\u2501\u2501 61.5/61.5 kB 950.7 kB/s eta 0:00:00\n[d57e9018-69be-437b-b127-3966bddfce0d/build]   | Collecting urllib3<3,>=1.21.1 (from requests>=2.20->openai==0.27.2->-r requirements.txt (line 2))\n[d57e9018-69be-437b-b127-3966bddfce0d/build]   |   Downloading urllib3-2.0.3-py3-none-any.whl (123 kB)\n[d57e9018-69be-437b-b127-3966bddfce0d/build]   |      \u2501\u2501\u2501\u2501\u2501\u2501\u2501\u2501\u2501\u2501\u2501\u2501\u2501\u2501\u2501\u2501\u2501\u2501\u2501\u2501\u2501\u2501\u2501\u2501\u2501\u2501\u2501\u2501\u2501\u2501\u2501\u2501\u2501\u2501\u2501\u2501\u2501\u2501\u2501 123.6/123.6 kB 1.3 MB/s eta 0:00:00\n[d57e9018-69be-437b-b127-3966bddfce0d/build]   | Collecting attrs>=17.3.0 (from aiohttp->openai==0.27.2->-r requirements.txt (line 2))\n[d57e9018-69be-437b-b127-3966bddfce0d/build]   |   Downloading attrs-23.1.0-py3-none-any.whl (61 kB)\n[d57e9018-69be-437b-b127-3966bddfce0d/build]   |      \u2501\u2501\u2501\u2501\u2501\u2501\u2501\u2501\u2501\u2501\u2501\u2501\u2501\u2501\u2501\u2501\u2501\u2501\u2501\u2501\u2501\u2501\u2501\u2501\u2501\u2501\u2501\u2501\u2501\u2501\u2501\u2501\u2501\u2501\u2501\u2501\u2501\u2501\u2501\u2501 61.2/61.2 kB 1.5 MB/s eta 0:00:00\n[d57e9018-69be-437b-b127-3966bddfce0d/build]   | Collecting multidict<7.0,>=4.5 (from aiohttp->openai==0.27.2->-r requirements.txt (line 2))\n[d57e9018-69be-437b-b127-3966bddfce0d/build]   |   Downloading multidict-6.0.4-cp311-cp311-manylinux_2_17_x86_64.manylinux2014_x86_64.whl (117 kB)\n[d57e9018-69be-437b-b127-3966bddfce0d/build]   |      \u2501\u2501\u2501\u2501\u2501\u2501\u2501\u2501\u2501\u2501\u2501\u2501\u2501\u2501\u2501\u2501\u2501\u2501\u2501\u2501\u2501\u2501\u2501\u2501\u2501\u2501\u2501\u2501\u2501\u2501\u2501\u2501\u2501\u2501\u2501\u2501\u2501\u2501\u2501 117.4/117.4 kB 3.1 MB/s eta 0:00:00\n[d57e9018-69be-437b-b127-3966bddfce0d/build]   | Collecting async-timeout<5.0,>=4.0.0a3 (from aiohttp->openai==0.27.2->-r requirements.txt (line 2))\n[d57e9018-69be-437b-b127-3966bddfce0d/build]   |   Downloading async_timeout-4.0.2-py3-none-any.whl (5.8 kB)\n[d57e9018-69be-437b-b127-3966bddfce0d/build]   | Collecting yarl<2.0,>=1.0 (from aiohttp->openai==0.27.2->-r requirements.txt (line 2))\n[d57e9018-69be-437b-b127-3966bddfce0d/build]   |   Downloading yarl-1.9.2-cp311-cp311-manylinux_2_17_x86_64.manylinux2014_x86_64.whl (282 kB)\n[d57e9018-69be-437b-b127-3966bddfce0d/build]   |      \u2501\u2501\u2501\u2501\u2501\u2501\u2501\u2501\u2501\u2501\u2501\u2501\u2501\u2501\u2501\u2501\u2501\u2501\u2501\u2501\u2501\u2501\u2501\u2501\u2501\u2501\u2501\u2501\u2501\u2501\u2501\u2501\u2501\u2501\u2501\u2501\u2501\u2501\u2501 282.8/282.8 kB 3.9 MB/s eta 0:00:00\n[d57e9018-69be-437b-b127-3966bddfce0d/build]   | Collecting frozenlist>=1.1.1 (from aiohttp->openai==0.27.2->-r requirements.txt (line 2))\n[d57e9018-69be-437b-b127-3966bddfce0d/build]   |   Downloading frozenlist-1.3.3-cp311-cp311-manylinux_2_5_x86_64.manylinux1_x86_64.manylinux_2_17_x86_64.manylinux2014_x86_64.whl (154 kB)\n[d57e9018-69be-437b-b127-3966bddfce0d/build]   |      \u2501\u2501\u2501\u2501\u2501\u2501\u2501\u2501\u2501\u2501\u2501\u2501\u2501\u2501\u2501\u2501\u2501\u2501\u2501\u2501\u2501\u2501\u2501\u2501\u2501\u2501\u2501\u2501\u2501\u2501\u2501\u2501\u2501\u2501\u2501\u2501\u2501\u2501\u2501 154.3/154.3 kB 3.5 MB/s eta 0:00:00\n[d57e9018-69be-437b-b127-3966bddfce0d/build]   | Collecting aiosignal>=1.1.2 (from aiohttp->openai==0.27.2->-r requirements.txt (line 2))\n[d57e9018-69be-437b-b127-3966bddfce0d/build]   |   Downloading aiosignal-1.3.1-py3-none-any.whl (7.6 kB)\n[d57e9018-69be-437b-b127-3966bddfce0d/build]   | Installing collected packages: rfc3986, urllib3, tqdm, soupsieve, sniffio, regex, PyYAML, multidict, idna, h11, frozenlist, charset-normalizer, certifi, attrs, async-timeout, yarl, requests, beautifulsoup4, anyio, aiosignal, tiktoken, httpcore, aiohttp, openai, httpx, python-telegram-bot\n[d57e9018-69be-437b-b127-3966bddfce0d/build]   | Successfully installed PyYAML-6.0 aiohttp-3.8.4 aiosignal-1.3.1 anyio-3.7.0 async-timeout-4.0.2 attrs-23.1.0 beautifulsoup4-4.12.0 certifi-2023.5.7 charset-normalizer-3.1.0 frozenlist-1.3.3 h11-0.14.0 httpcore-0.16.3 httpx-0.23.3 idna-3.4 multidict-6.0.4 openai-0.27.2 python-telegram-bot-20.2 regex-2023.6.3 requests-2.31.0 rfc3986-1.5.0 sniffio-1.3.0 soupsieve-2.4.1 tiktoken-0.3.3 tqdm-4.65.0 urllib3-2.0.3 yarl-1.9.2\n[d57e9018-69be-437b-b127-3966bddfce0d/build]   \u2705  Success - Main Install dependencies\n[d57e9018-69be-437b-b127-3966bddfce0d/build] \u2b50 Run Main Run tests\n[d57e9018-69be-437b-b127-3966bddfce0d/build]   \ud83d\udc33  docker exec cmd=[bash --noprofile --norc -e -o pipefail /var/run/act/workflow/3] user= workdir=\n[d57e9018-69be-437b-b127-3966bddfce0d/build]   | Collecting unittest-xml-reporting\n[d57e9018-69be-437b-b127-3966bddfce0d/build]   |   Downloading unittest_xml_reporting-3.2.0-py2.py3-none-any.whl (20 kB)\n[d57e9018-69be-437b-b127-3966bddfce0d/build]   | Collecting lxml (from unittest-xml-reporting)\n[d57e9018-69be-437b-b127-3966bddfce0d/build]   |   Downloading lxml-4.9.2-cp311-cp311-manylinux_2_17_x86_64.manylinux2014_x86_64.manylinux_2_24_x86_64.whl (7.2 MB)\n[d57e9018-69be-437b-b127-3966bddfce0d/build]   |      \u2501\u2501\u2501\u2501\u2501\u2501\u2501\u2501\u2501\u2501\u2501\u2501\u2501\u2501\u2501\u2501\u2501\u2501\u2501\u2501\u2501\u2501\u2501\u2501\u2501\u2501\u2501\u2501\u2501\u2501\u2501\u2501\u2501\u2501\u2501\u2501\u2501\u2501\u2501\u2501 7.2/7.2 MB 12.8 MB/s eta 0:00:00\n[d57e9018-69be-437b-b127-3966bddfce0d/build]   | Installing collected packages: lxml, unittest-xml-reporting\n[d57e9018-69be-437b-b127-3966bddfce0d/build]   | Successfully installed lxml-4.9.2 unittest-xml-reporting-3.2.0\n[d57e9018-69be-437b-b127-3966bddfce0d/build]   | \n[d57e9018-69be-437b-b127-3966bddfce0d/build]   | Running tests...\n[d57e9018-69be-437b-b127-3966bddfce0d/build]   | ----------------------------------------------------------------------\n[d57e9018-69be-437b-b127-3966bddfce0d/build]   | ......................2023-07-01 18:18:58,659 WARNING bot.commands.error Exception while handling an update Update(message=Message(channel_chat_created=False, chat=Chat(id=1, type=<ChatType.PRIVATE>), date=datetime.datetime(2023, 7, 1, 18, 18, 58, 659150), delete_chat_photo=False, from_user=User(first_name='Alice', id=1, is_bot=False, username='alice'), group_chat_created=False, message_id=11, supergroup_chat_created=False, text='Something went wrong'), update_id=11): builtins.Exception: Something went wrong\n[d57e9018-69be-437b-b127-3966bddfce0d/build]   | ...2023-07-01 18:18:58,671 INFO bot.bot -> question id=11, user=alice, n_chars=14\n[d57e9018-69be-437b-b127-3966bddfce0d/build]   | 2023-07-01 18:18:58,671 INFO bot.bot <- answer id=11, user=alice, n_chars=5, len_history=0, took=0ms\n[d57e9018-69be-437b-b127-3966bddfce0d/build]   | .2023-07-01 18:18:58,675 INFO bot.bot -> question id=11, user=bob, n_chars=14\n[d57e9018-69be-437b-b127-3966bddfce0d/build]   | 2023-07-01 18:18:58,676 INFO bot.bot <- answer id=11, user=bob, n_chars=5, len_history=0, took=0ms\n[d57e9018-69be-437b-b127-3966bddfce0d/build]   | ..2023-07-01 18:18:58,683 INFO bot.bot -> question id=11, user=alice, n_chars=18\n[d57e9018-69be-437b-b127-3966bddfce0d/build]   | 2023-07-01 18:18:58,683 INFO bot.bot <- answer id=11, user=alice, n_chars=18, len_history=0, took=0ms\n[d57e9018-69be-437b-b127-3966bddfce0d/build]   | ..2023-07-01 18:18:58,691 INFO bot.bot -> question id=11, user=bob, n_chars=18\n[d57e9018-69be-437b-b127-3966bddfce0d/build]   | 2023-07-01 18:18:58,691 INFO bot.bot <- answer id=11, user=bob, n_chars=18, len_history=0, took=0ms\n[d57e9018-69be-437b-b127-3966bddfce0d/build]   | .2023-07-01 18:18:58,695 INFO bot.bot -> question id=11, user=alice, n_chars=18\n[d57e9018-69be-437b-b127-3966bddfce0d/build]   | 2023-07-01 18:18:58,695 INFO bot.bot <- answer id=11, user=alice, n_chars=18, len_history=0, took=0ms\n[d57e9018-69be-437b-b127-3966bddfce0d/build]   | 2023-07-01 18:18:58,696 INFO bot.bot -> question id=12, user=alice, n_chars=19\n[d57e9018-69be-437b-b127-3966bddfce0d/build]   | 2023-07-01 18:18:58,696 INFO bot.bot <- answer id=12, user=alice, n_chars=19, len_history=0, took=0ms\n[d57e9018-69be-437b-b127-3966bddfce0d/build]   | .2023-07-01 18:18:58,700 INFO bot.bot -> question id=11, user=bob, n_chars=18\n[d57e9018-69be-437b-b127-3966bddfce0d/build]   | 2023-07-01 18:18:58,700 INFO bot.bot <- answer id=11, user=bob, n_chars=18, len_history=0, took=0ms\n[d57e9018-69be-437b-b127-3966bddfce0d/build]   | .2023-07-01 18:18:58,704 INFO bot.bot -> question id=11, user=bob, n_chars=18\n[d57e9018-69be-437b-b127-3966bddfce0d/build]   | 2023-07-01 18:18:58,704 INFO bot.bot <- answer id=11, user=bob, n_chars=18, len_history=0, took=0ms\n[d57e9018-69be-437b-b127-3966bddfce0d/build]   | 2023-07-01 18:18:58,705 INFO bot.bot -> question id=12, user=bob, n_chars=19\n[d57e9018-69be-437b-b127-3966bddfce0d/build]   | 2023-07-01 18:18:58,705 INFO bot.bot <- answer id=12, user=bob, n_chars=19, len_history=0, took=0ms\n[d57e9018-69be-437b-b127-3966bddfce0d/build]   | .2023-07-01 18:18:58,709 INFO bot.bot -> question id=11, user=alice, n_chars=5021\n[d57e9018-69be-437b-b127-3966bddfce0d/build]   | 2023-07-01 18:18:58,709 INFO bot.bot <- answer id=11, user=alice, n_chars=5021, len_history=0, took=0ms\n[d57e9018-69be-437b-b127-3966bddfce0d/build]   | .2023-07-01 18:18:58,714 INFO bot.bot -> question id=11, user=alice, n_chars=18\n[d57e9018-69be-437b-b127-3966bddfce0d/build]   | 2023-07-01 18:18:58,714 ERROR bot.bot Failed to answer. Reason: builtins.Exception: connection timeout\n[d57e9018-69be-437b-b127-3966bddfce0d/build]   | .2023-07-01 18:18:58,718 INFO bot.bot -> question id=11, user=alice, n_chars=18\n[d57e9018-69be-437b-b127-3966bddfce0d/build]   | 2023-07-01 18:18:58,718 INFO bot.bot <- answer id=11, user=alice, n_chars=18, len_history=0, took=0ms\n[d57e9018-69be-437b-b127-3966bddfce0d/build]   | 2023-07-01 18:18:58,719 INFO bot.bot -> question id=12, user=alice, n_chars=18\n[d57e9018-69be-437b-b127-3966bddfce0d/build]   | 2023-07-01 18:18:58,719 INFO bot.bot <- answer id=12, user=alice, n_chars=16, len_history=1, took=0ms\n[d57e9018-69be-437b-b127-3966bddfce0d/build]   | 2023-07-01 18:18:58,719 INFO bot.bot -> question id=13, user=alice, n_chars=16\n[d57e9018-69be-437b-b127-3966bddfce0d/build]   | 2023-07-01 18:18:58,719 INFO bot.bot <- answer id=13, user=alice, n_chars=14, len_history=2, took=0ms\n[d57e9018-69be-437b-b127-3966bddfce0d/build]   | ..2023-07-01 18:18:58,727 INFO bot.bot -> question id=11, user=alice, n_chars=18\n[d57e9018-69be-437b-b127-3966bddfce0d/build]   | 2023-07-01 18:18:58,727 INFO bot.bot <- answer id=11, user=alice, n_chars=18, len_history=0, took=0ms\n[d57e9018-69be-437b-b127-3966bddfce0d/build]   | .2023-07-01 18:18:58,731 INFO bot.bot -> question id=11, user=alice, n_chars=18\n[d57e9018-69be-437b-b127-3966bddfce0d/build]   | 2023-07-01 18:18:58,731 INFO bot.bot <- answer id=11, user=alice, n_chars=18, len_history=0, took=0ms\n[d57e9018-69be-437b-b127-3966bddfce0d/build]   | .....................................................................................................\n[d57e9018-69be-437b-b127-3966bddfce0d/build]   | ----------------------------------------------------------------------\n[d57e9018-69be-437b-b127-3966bddfce0d/build]   | Ran 140 tests in 0.261s\n[d57e9018-69be-437b-b127-3966bddfce0d/build]   | \n[d57e9018-69be-437b-b127-3966bddfce0d/build]   | OK\n[d57e9018-69be-437b-b127-3966bddfce0d/build]   | \n[d57e9018-69be-437b-b127-3966bddfce0d/build]   | Generating XML reports...\n[d57e9018-69be-437b-b127-3966bddfce0d/build]   \u2705  Success - Main Run tests\n[d57e9018-69be-437b-b127-3966bddfce0d/build] \u2b50 Run Post Set up Python\n[d57e9018-69be-437b-b127-3966bddfce0d/build]   \ud83d\udc33  docker exec cmd=[node /var/run/act/actions/actions-setup-python@v4/dist/cache-save/index.js] user= workdir=\n[d57e9018-69be-437b-b127-3966bddfce0d/build]   \u2705  Success - Post Set up Python\n[d57e9018-69be-437b-b127-3966bddfce0d/build] failed to remove container: Delete \"http://%2Fvar%2Frun%2Fdocker.sock/v1.41/containers/5f1855366f33e0c53d885196e7bd63755e70c5d7eb31351519ddf23d843b0103?force=1&v=1\": context deadline exceeded\n[d57e9018-69be-437b-b127-3966bddfce0d/build] \ud83c\udfc1  Job succeeded\n",
        "stderr": "Error: Error occurred running finally: Error occurred running finally: context deadline exceeded (original error: <nil>) (original error: <nil>)\n",
        "workflow": {
            "path": "/tmp/558156d8-17ed-11ee-8a50-bb14de238602/nalgeon-pokitoki/.github/workflows/build-crawler.yml",
            "type": "unittest"
        },
        "workflow_name": "d57e9018-69be-437b-b127-3966bddfce0d",
        "build_tool": "unittest",
        "elapsed_time": 405.62246799468994
    }
}