{
    "repository": "nccgroup/ScoutSuite",
    "stars": 5443,
    "language": "python",
    "size": 20341,
    "clone_url": "https://github.com/nccgroup/ScoutSuite.git",
    "timestamp": "2023-06-28T13:19:41.475422Z",
    "clone_success": true,
    "number_of_actions": 2,
    "number_of_test_actions": 1,
    "actions_successful": true,
    "actions_build_tools": [
        "unknown",
        "pytest"
    ],
    "actions_test_build_tools": [
        "pytest"
    ],
    "actions_run": {
        "failed": false,
        "tests": [
            {
                "classname": "tests.test_aws_provider.TestAWSProviderClass",
                "name": "test_authenticate",
                "time": 0.006,
                "results": [
                    {
                        "result": "Passed",
                        "message": "",
                        "type": ""
                    }
                ],
                "stdout": null,
                "stderr": null
            },
            {
                "classname": "tests.test_aws_provider.TestAWSProviderClass",
                "name": "test_get_report_name",
                "time": 0.229,
                "results": [
                    {
                        "result": "Passed",
                        "message": "",
                        "type": ""
                    }
                ],
                "stdout": null,
                "stderr": null
            },
            {
                "classname": "tests.test_aws_provider.TestAWSProviderClass",
                "name": "test_identify_user_data_secrets",
                "time": 0.005,
                "results": [
                    {
                        "result": "Skipped",
                        "message": "pytest does not reproduce actual behavior",
                        "type": "pytest.skip"
                    }
                ],
                "stdout": null,
                "stderr": null
            },
            {
                "classname": "tests.test_azure_provider.TestAzureProviderClass",
                "name": "test_authenticate",
                "time": 0.003,
                "results": [
                    {
                        "result": "Passed",
                        "message": "",
                        "type": ""
                    }
                ],
                "stdout": null,
                "stderr": null
            },
            {
                "classname": "tests.test_azure_provider.TestAzureProviderClass",
                "name": "test_authenticate_CLI",
                "time": 0.003,
                "results": [
                    {
                        "result": "Passed",
                        "message": "",
                        "type": ""
                    }
                ],
                "stdout": null,
                "stderr": null
            },
            {
                "classname": "tests.test_core.TestScoutCore",
                "name": "test_argument_parser",
                "time": 0.009,
                "results": [
                    {
                        "result": "Passed",
                        "message": "",
                        "type": ""
                    }
                ],
                "stdout": null,
                "stderr": null
            },
            {
                "classname": "tests.test_core.TestScoutCore",
                "name": "test_prompt",
                "time": 0.001,
                "results": [
                    {
                        "result": "Passed",
                        "message": "",
                        "type": ""
                    }
                ],
                "stdout": null,
                "stderr": null
            },
            {
                "classname": "tests.test_core.TestScoutCore",
                "name": "test_prompt_overwrite",
                "time": 0.001,
                "results": [
                    {
                        "result": "Passed",
                        "message": "",
                        "type": ""
                    }
                ],
                "stdout": null,
                "stderr": null
            },
            {
                "classname": "tests.test_core.TestScoutCore",
                "name": "test_prompt_value",
                "time": 0.003,
                "results": [
                    {
                        "result": "Passed",
                        "message": "",
                        "type": ""
                    }
                ],
                "stdout": null,
                "stderr": null
            },
            {
                "classname": "tests.test_main.TestMainClass",
                "name": "test_aws_provider",
                "time": 0.007,
                "results": [
                    {
                        "result": "Passed",
                        "message": "",
                        "type": ""
                    }
                ],
                "stdout": null,
                "stderr": null
            },
            {
                "classname": "tests.test_main.TestMainClass",
                "name": "test_azure_provider",
                "time": 0.017,
                "results": [
                    {
                        "result": "Passed",
                        "message": "",
                        "type": ""
                    }
                ],
                "stdout": null,
                "stderr": null
            },
            {
                "classname": "tests.test_main.TestMainClass",
                "name": "test_empty",
                "time": 0.009,
                "results": [
                    {
                        "result": "Passed",
                        "message": "",
                        "type": ""
                    }
                ],
                "stdout": null,
                "stderr": null
            },
            {
                "classname": "tests.test_main.TestMainClass",
                "name": "test_gcp_provider",
                "time": 0.007,
                "results": [
                    {
                        "result": "Passed",
                        "message": "",
                        "type": ""
                    }
                ],
                "stdout": null,
                "stderr": null
            },
            {
                "classname": "tests.test_main.TestMainClass",
                "name": "test_keyboardinterrupted",
                "time": 0.009,
                "results": [
                    {
                        "result": "Passed",
                        "message": "",
                        "type": ""
                    }
                ],
                "stdout": null,
                "stderr": null
            },
            {
                "classname": "tests.test_main.TestMainClass",
                "name": "test_unauthenticated",
                "time": 0.007,
                "results": [
                    {
                        "result": "Passed",
                        "message": "",
                        "type": ""
                    }
                ],
                "stdout": null,
                "stderr": null
            },
            {
                "classname": "tests.test_output.TestScoutOutput",
                "name": "test_get_filename",
                "time": 0.002,
                "results": [
                    {
                        "result": "Passed",
                        "message": "",
                        "type": ""
                    }
                ],
                "stdout": null,
                "stderr": null
            },
            {
                "classname": "tests.test_output.TestScoutOutput",
                "name": "test_html_report",
                "time": 0.002,
                "results": [
                    {
                        "result": "Passed",
                        "message": "",
                        "type": ""
                    }
                ],
                "stdout": null,
                "stderr": null
            },
            {
                "classname": "tests.test_resources.TestResources",
                "name": "test_composite_resource",
                "time": 0.003,
                "results": [
                    {
                        "result": "Passed",
                        "message": "",
                        "type": ""
                    }
                ],
                "stdout": null,
                "stderr": null
            },
            {
                "classname": "tests.test_rules_processingengine.TestScoutRulesProcessingEngine",
                "name": "test_all_finding_rules",
                "time": 1.838,
                "results": [
                    {
                        "result": "Passed",
                        "message": "",
                        "type": ""
                    }
                ],
                "stdout": null,
                "stderr": null
            },
            {
                "classname": "tests.test_rules_ruleset.TestScoutRulesRuleset",
                "name": "test_file_search",
                "time": 0.364,
                "results": [
                    {
                        "result": "Passed",
                        "message": "",
                        "type": ""
                    }
                ],
                "stdout": null,
                "stderr": null
            },
            {
                "classname": "tests.test_rules_ruleset.TestScoutRulesRuleset",
                "name": "test_find_file",
                "time": 0.347,
                "results": [
                    {
                        "result": "Passed",
                        "message": "",
                        "type": ""
                    }
                ],
                "stdout": null,
                "stderr": null
            },
            {
                "classname": "tests.test_rules_ruleset.TestScoutRulesRuleset",
                "name": "test_path_for_cloud_providers",
                "time": 0.003,
                "results": [
                    {
                        "result": "Passed",
                        "message": "",
                        "type": ""
                    }
                ],
                "stdout": null,
                "stderr": null
            },
            {
                "classname": "tests.test_rules_ruleset.TestScoutRulesRuleset",
                "name": "test_path_for_ruletypes",
                "time": 0.398,
                "results": [
                    {
                        "result": "Passed",
                        "message": "",
                        "type": ""
                    }
                ],
                "stdout": null,
                "stderr": null
            },
            {
                "classname": "tests.test_rules_ruleset.TestScoutRulesRuleset",
                "name": "test_ruleset_class",
                "time": 0.165,
                "results": [
                    {
                        "result": "Passed",
                        "message": "",
                        "type": ""
                    }
                ],
                "stdout": null,
                "stderr": null
            },
            {
                "classname": "tests.test_rules_ruleset.TestScoutRulesRuleset",
                "name": "test_ruleset_file_not_exist",
                "time": 0.002,
                "results": [
                    {
                        "result": "Passed",
                        "message": "",
                        "type": ""
                    }
                ],
                "stdout": null,
                "stderr": null
            },
            {
                "classname": "tests.test_rules_ruleset.TestScoutRulesRuleset",
                "name": "test_ruleset_invalid",
                "time": 0.002,
                "results": [
                    {
                        "result": "Passed",
                        "message": "",
                        "type": ""
                    }
                ],
                "stdout": null,
                "stderr": null
            },
            {
                "classname": "tests.test_rules_ruleset.TestScoutRulesRuleset",
                "name": "test_search_ruleset",
                "time": 0.175,
                "results": [
                    {
                        "result": "Passed",
                        "message": "",
                        "type": ""
                    }
                ],
                "stdout": null,
                "stderr": null
            },
            {
                "classname": "tests.test_scoutsuite.TestScoutSuiteClass",
                "name": "test_scout_suite_default_run",
                "time": 0.003,
                "results": [
                    {
                        "result": "Skipped",
                        "message": "",
                        "type": "pytest.xfail"
                    }
                ],
                "stdout": null,
                "stderr": null
            },
            {
                "classname": "tests.test_scoutsuite.TestScoutSuiteClass",
                "name": "test_scout_suite_help",
                "time": 1.764,
                "results": [
                    {
                        "result": "Passed",
                        "message": "",
                        "type": ""
                    }
                ],
                "stdout": null,
                "stderr": null
            },
            {
                "classname": "tests.test_utils.TestScoutUtilsClass",
                "name": "test_format_service_name",
                "time": 0.002,
                "results": [
                    {
                        "result": "Passed",
                        "message": "",
                        "type": ""
                    }
                ],
                "stdout": null,
                "stderr": null
            },
            {
                "classname": "tests.test_utils.TestScoutUtilsClass",
                "name": "test_get_identity",
                "time": 0.002,
                "results": [
                    {
                        "result": "Passed",
                        "message": "",
                        "type": ""
                    }
                ],
                "stdout": null,
                "stderr": null
            },
            {
                "classname": "tests.test_utils.TestScoutUtilsClass",
                "name": "test_get_keys",
                "time": 0.002,
                "results": [
                    {
                        "result": "Passed",
                        "message": "",
                        "type": ""
                    }
                ],
                "stdout": null,
                "stderr": null
            },
            {
                "classname": "tests.test_utils.TestScoutUtilsClass",
                "name": "test_get_name",
                "time": 0.002,
                "results": [
                    {
                        "result": "Passed",
                        "message": "",
                        "type": ""
                    }
                ],
                "stdout": null,
                "stderr": null
            },
            {
                "classname": "tests.test_utils.TestScoutUtilsClass",
                "name": "test_get_partition_name",
                "time": 0.002,
                "results": [
                    {
                        "result": "Passed",
                        "message": "",
                        "type": ""
                    }
                ],
                "stdout": null,
                "stderr": null
            },
            {
                "classname": "tests.test_utils.TestScoutUtilsClass",
                "name": "test_is_throttled",
                "time": 0.003,
                "results": [
                    {
                        "result": "Failure",
                        "message": "AssertionError: assert not True\n +  where True = is_throttled(CustomException(response={'Error': {'Code': 'Not Throttling'}}))",
                        "type": null
                    }
                ],
                "stdout": null,
                "stderr": null
            },
            {
                "classname": "tests.test_utils.TestScoutUtilsClass",
                "name": "test_no_camel",
                "time": 0.001,
                "results": [
                    {
                        "result": "Passed",
                        "message": "",
                        "type": ""
                    }
                ],
                "stdout": null,
                "stderr": null
            },
            {
                "classname": "tests.test_utils.TestScoutUtilsClass",
                "name": "test_snake_case",
                "time": 0.002,
                "results": [
                    {
                        "result": "Passed",
                        "message": "",
                        "type": ""
                    }
                ],
                "stdout": null,
                "stderr": null
            },
            {
                "classname": "tests.test_utils_conditions.TestOpinelConditionClass",
                "name": "test___prepare_age_test",
                "time": 0.001,
                "results": [
                    {
                        "result": "Passed",
                        "message": "",
                        "type": ""
                    }
                ],
                "stdout": null,
                "stderr": null
            },
            {
                "classname": "tests.test_utils_conditions.TestOpinelConditionClass",
                "name": "test_pass_condition",
                "time": 0.265,
                "results": [
                    {
                        "result": "Passed",
                        "message": "",
                        "type": ""
                    }
                ],
                "stdout": null,
                "stderr": null
            },
            {
                "classname": "tests.test_utils_console.TestOpinelUtilsConsoleClass",
                "name": "test_configPrintException",
                "time": 0.003,
                "results": [
                    {
                        "result": "Passed",
                        "message": "",
                        "type": ""
                    }
                ],
                "stdout": null,
                "stderr": null
            },
            {
                "classname": "tests.test_utils_console.TestOpinelUtilsConsoleClass",
                "name": "test_printDebug",
                "time": 0.002,
                "results": [
                    {
                        "result": "Passed",
                        "message": "",
                        "type": ""
                    }
                ],
                "stdout": null,
                "stderr": null
            },
            {
                "classname": "tests.test_utils_console.TestOpinelUtilsConsoleClass",
                "name": "test_printError",
                "time": 0.008,
                "results": [
                    {
                        "result": "Passed",
                        "message": "",
                        "type": ""
                    }
                ],
                "stdout": null,
                "stderr": null
            },
            {
                "classname": "tests.test_utils_console.TestOpinelUtilsConsoleClass",
                "name": "test_printException",
                "time": 0.004,
                "results": [
                    {
                        "result": "Passed",
                        "message": "",
                        "type": ""
                    }
                ],
                "stdout": null,
                "stderr": null
            },
            {
                "classname": "tests.test_utils_console.TestOpinelUtilsConsoleClass",
                "name": "test_printGeneric",
                "time": 0.001,
                "results": [
                    {
                        "result": "Passed",
                        "message": "",
                        "type": ""
                    }
                ],
                "stdout": null,
                "stderr": null
            },
            {
                "classname": "tests.test_utils_console.TestOpinelUtilsConsoleClass",
                "name": "test_printInfo",
                "time": 0.003,
                "results": [
                    {
                        "result": "Passed",
                        "message": "",
                        "type": ""
                    }
                ],
                "stdout": null,
                "stderr": null
            },
            {
                "classname": "tests.test_utils_console.TestOpinelUtilsConsoleClass",
                "name": "test_prompt",
                "time": 0.001,
                "results": [
                    {
                        "result": "Passed",
                        "message": "",
                        "type": ""
                    }
                ],
                "stdout": null,
                "stderr": null
            },
            {
                "classname": "tests.test_utils_console.TestOpinelUtilsConsoleClass",
                "name": "test_prompt_4_value",
                "time": 0.009,
                "results": [
                    {
                        "result": "Passed",
                        "message": "",
                        "type": ""
                    }
                ],
                "stdout": null,
                "stderr": null
            },
            {
                "classname": "tests.test_utils_console.TestOpinelUtilsConsoleClass",
                "name": "test_prompt_4_yes_no",
                "time": 0.006,
                "results": [
                    {
                        "result": "Passed",
                        "message": "",
                        "type": ""
                    }
                ],
                "stdout": null,
                "stderr": null
            },
            {
                "classname": "tests.test_utils_fs.TestOpinelFsClass",
                "name": "test_CustomJSONEncoder",
                "time": 0.002,
                "results": [
                    {
                        "result": "Passed",
                        "message": "",
                        "type": ""
                    }
                ],
                "stdout": null,
                "stderr": null
            },
            {
                "classname": "tests.test_utils_fs.TestOpinelFsClass",
                "name": "test_load_data",
                "time": 0.028,
                "results": [
                    {
                        "result": "Passed",
                        "message": "",
                        "type": ""
                    }
                ],
                "stdout": null,
                "stderr": null
            },
            {
                "classname": "tests.test_utils_fs.TestOpinelFsClass",
                "name": "test_read_ip_ranges",
                "time": 0.048,
                "results": [
                    {
                        "result": "Passed",
                        "message": "",
                        "type": ""
                    }
                ],
                "stdout": null,
                "stderr": null
            },
            {
                "classname": "tests.test_utils_fs.TestOpinelFsClass",
                "name": "test_save_blob_as_json",
                "time": 0.004,
                "results": [
                    {
                        "result": "Passed",
                        "message": "",
                        "type": ""
                    }
                ],
                "stdout": null,
                "stderr": null
            }
        ],
        "stdout": "[63347127-1513-4c26-8a1b-a7c1b01a1fb7/build] \ud83d\ude80  Start image=crawlergpt:latest\n[63347127-1513-4c26-8a1b-a7c1b01a1fb7/build]   \ud83d\udc33  docker pull image=crawlergpt:latest platform= username= forcePull=false\n[63347127-1513-4c26-8a1b-a7c1b01a1fb7/build]   \ud83d\udc33  docker create image=crawlergpt:latest platform= entrypoint=[\"tail\" \"-f\" \"/dev/null\"] cmd=[]\n[63347127-1513-4c26-8a1b-a7c1b01a1fb7/build]   \ud83d\udc33  docker run image=crawlergpt:latest platform= entrypoint=[\"tail\" \"-f\" \"/dev/null\"] cmd=[]\n[63347127-1513-4c26-8a1b-a7c1b01a1fb7/build]   \ud83d\udc33  docker exec cmd=[chown -R 1012:1013 /tmp/ad9c0f7e-1596-11ee-8a50-bb14de238602/nccgroup-ScoutSuite] user=0 workdir=\n[63347127-1513-4c26-8a1b-a7c1b01a1fb7/build]   \u2601  git clone 'https://github.com/actions/setup-python' # ref=v2\n[63347127-1513-4c26-8a1b-a7c1b01a1fb7/build]   \u2601  git clone 'https://github.com/actions/cache' # ref=v2\n[63347127-1513-4c26-8a1b-a7c1b01a1fb7/build]   \u2601  git clone 'https://github.com/codecov/codecov-action' # ref=v1\n[63347127-1513-4c26-8a1b-a7c1b01a1fb7/build] \ud83e\uddea  Matrix: map[python-version:3.6]\n[63347127-1513-4c26-8a1b-a7c1b01a1fb7/build] \u2b50 Run Main actions/checkout@v2\n[63347127-1513-4c26-8a1b-a7c1b01a1fb7/build]   \u2705  Success - Main actions/checkout@v2\n[63347127-1513-4c26-8a1b-a7c1b01a1fb7/build] \u2b50 Run Main Set up Python 3.6\n[63347127-1513-4c26-8a1b-a7c1b01a1fb7/build]   \ud83d\udc33  docker cp src=/tmp/act-cache/d921b5cf-9d9c-40a1-9f61-6393aa50327e/act/actions-setup-python@v2/ dst=/var/run/act/actions/actions-setup-python@v2/\n[63347127-1513-4c26-8a1b-a7c1b01a1fb7/build]   \ud83d\udc33  docker exec cmd=[chown -R 1012:1013 /var/run/act/actions/actions-setup-python@v2/] user=0 workdir=\n[63347127-1513-4c26-8a1b-a7c1b01a1fb7/build]   \ud83d\udc33  docker exec cmd=[node /var/run/act/actions/actions-setup-python@v2/dist/setup/index.js] user= workdir=\n[63347127-1513-4c26-8a1b-a7c1b01a1fb7/build]   \ud83d\udcac  ::debug::Semantic version spec of 3.6 is 3.6\n[63347127-1513-4c26-8a1b-a7c1b01a1fb7/build]   \ud83d\udcac  ::debug::isExplicit: \n[63347127-1513-4c26-8a1b-a7c1b01a1fb7/build]   \ud83d\udcac  ::debug::explicit? false\n[63347127-1513-4c26-8a1b-a7c1b01a1fb7/build]   \ud83d\udcac  ::debug::isExplicit: 2.7.18\n[63347127-1513-4c26-8a1b-a7c1b01a1fb7/build]   \ud83d\udcac  ::debug::explicit? true\n[63347127-1513-4c26-8a1b-a7c1b01a1fb7/build]   \ud83d\udcac  ::debug::isExplicit: 3.5.10\n[63347127-1513-4c26-8a1b-a7c1b01a1fb7/build]   \ud83d\udcac  ::debug::explicit? true\n[63347127-1513-4c26-8a1b-a7c1b01a1fb7/build]   \ud83d\udcac  ::debug::isExplicit: 3.6.14\n[63347127-1513-4c26-8a1b-a7c1b01a1fb7/build]   \ud83d\udcac  ::debug::explicit? true\n[63347127-1513-4c26-8a1b-a7c1b01a1fb7/build]   \ud83d\udcac  ::debug::isExplicit: 3.7.11\n[63347127-1513-4c26-8a1b-a7c1b01a1fb7/build]   \ud83d\udcac  ::debug::explicit? true\n[63347127-1513-4c26-8a1b-a7c1b01a1fb7/build]   \ud83d\udcac  ::debug::isExplicit: 3.8.11\n[63347127-1513-4c26-8a1b-a7c1b01a1fb7/build]   \ud83d\udcac  ::debug::explicit? true\n[63347127-1513-4c26-8a1b-a7c1b01a1fb7/build]   \ud83d\udcac  ::debug::isExplicit: 3.9.6\n[63347127-1513-4c26-8a1b-a7c1b01a1fb7/build]   \ud83d\udcac  ::debug::explicit? true\n[63347127-1513-4c26-8a1b-a7c1b01a1fb7/build]   \ud83d\udcac  ::debug::evaluating 6 versions\n[63347127-1513-4c26-8a1b-a7c1b01a1fb7/build]   \ud83d\udcac  ::debug::matched: 3.6.14\n[63347127-1513-4c26-8a1b-a7c1b01a1fb7/build]   \ud83d\udcac  ::debug::checking cache: /opt/hostedtoolcache/Python/3.6.14/x64\n[63347127-1513-4c26-8a1b-a7c1b01a1fb7/build]   \ud83d\udcac  ::debug::Found tool in cache Python 3.6.14 x64\n[63347127-1513-4c26-8a1b-a7c1b01a1fb7/build]   | Successfully setup CPython (3.6.14)\n[63347127-1513-4c26-8a1b-a7c1b01a1fb7/build]   \u2753 add-matcher /run/act/actions/actions-setup-python@v2/.github/python.json\n[63347127-1513-4c26-8a1b-a7c1b01a1fb7/build]   \u2705  Success - Main Set up Python 3.6\n[63347127-1513-4c26-8a1b-a7c1b01a1fb7/build]   \u2699  ::set-env:: pythonLocation=/opt/hostedtoolcache/Python/3.6.14/x64\n[63347127-1513-4c26-8a1b-a7c1b01a1fb7/build]   \u2699  ::set-env:: LD_LIBRARY_PATH=/opt/hostedtoolcache/Python/3.6.14/x64/lib\n[63347127-1513-4c26-8a1b-a7c1b01a1fb7/build]   \u2699  ::set-output:: python-version=3.6.14\n[63347127-1513-4c26-8a1b-a7c1b01a1fb7/build]   \u2699  ::add-path:: /opt/hostedtoolcache/Python/3.6.14/x64\n[63347127-1513-4c26-8a1b-a7c1b01a1fb7/build]   \u2699  ::add-path:: /opt/hostedtoolcache/Python/3.6.14/x64/bin\n[63347127-1513-4c26-8a1b-a7c1b01a1fb7/build] \u2b50 Run Main Cache pip\n[63347127-1513-4c26-8a1b-a7c1b01a1fb7/build]   \ud83d\udc33  docker cp src=/tmp/act-cache/d921b5cf-9d9c-40a1-9f61-6393aa50327e/act/actions-cache@v2/ dst=/var/run/act/actions/actions-cache@v2/\n[63347127-1513-4c26-8a1b-a7c1b01a1fb7/build]   \ud83d\udc33  docker exec cmd=[chown -R 1012:1013 /var/run/act/actions/actions-cache@v2/] user=0 workdir=\n[63347127-1513-4c26-8a1b-a7c1b01a1fb7/build]   \ud83d\udc33  docker exec cmd=[node /var/run/act/actions/actions-cache@v2/dist/restore/index.js] user= workdir=\n[63347127-1513-4c26-8a1b-a7c1b01a1fb7/build]   \ud83d\udcac  ::debug::Resolved Keys:\n[63347127-1513-4c26-8a1b-a7c1b01a1fb7/build]   \ud83d\udcac  ::debug::[\"Linux-pip-573dbb01bdc7e9a861e2e93c206ff9ca7e55262d56276145f4b4745981583f3b\",\"Linux-pip-\",\"Linux-\"]\n[63347127-1513-4c26-8a1b-a7c1b01a1fb7/build]   \ud83d\udcac  ::debug::Checking zstd --version\n[63347127-1513-4c26-8a1b-a7c1b01a1fb7/build]   \ud83d\udcac  ::debug::*** zstd command line interface 64-bits v1.5.0, by Yann Collet ***\n[63347127-1513-4c26-8a1b-a7c1b01a1fb7/build]   \ud83d\udcac  ::debug::Resource Url: http://130.242.72.40:38931/_apis/artifactcache/cache?keys=Linux-pip-573dbb01bdc7e9a861e2e93c206ff9ca7e55262d56276145f4b4745981583f3b%252CLinux-pip-%252CLinux-&version=2a50607a47f0c27aad98b33e03fa13615fdc9c33dc4fff3945d2d5078a8f7664\n[63347127-1513-4c26-8a1b-a7c1b01a1fb7/build]   | Cache not found for input keys: Linux-pip-573dbb01bdc7e9a861e2e93c206ff9ca7e55262d56276145f4b4745981583f3b, Linux-pip-, Linux-\n[63347127-1513-4c26-8a1b-a7c1b01a1fb7/build]   \u2705  Success - Main Cache pip\n[63347127-1513-4c26-8a1b-a7c1b01a1fb7/build] \u2b50 Run Main Install dependencies\n[63347127-1513-4c26-8a1b-a7c1b01a1fb7/build]   \ud83d\udc33  docker exec cmd=[bash --noprofile --norc -e -o pipefail /var/run/act/workflow/3] user= workdir=\n[63347127-1513-4c26-8a1b-a7c1b01a1fb7/build]   | Requirement already satisfied: pip in /opt/hostedtoolcache/Python/3.6.14/x64/lib/python3.6/site-packages (21.2.4)\n[63347127-1513-4c26-8a1b-a7c1b01a1fb7/build]   | Collecting pip\n[63347127-1513-4c26-8a1b-a7c1b01a1fb7/build]   |   Downloading pip-21.3.1-py3-none-any.whl (1.7 MB)\n[63347127-1513-4c26-8a1b-a7c1b01a1fb7/build]   | Installing collected packages: pip\n[63347127-1513-4c26-8a1b-a7c1b01a1fb7/build]   |   Attempting uninstall: pip\n[63347127-1513-4c26-8a1b-a7c1b01a1fb7/build]   |     Found existing installation: pip 21.2.4\n[63347127-1513-4c26-8a1b-a7c1b01a1fb7/build]   |     Uninstalling pip-21.2.4:\n[63347127-1513-4c26-8a1b-a7c1b01a1fb7/build]   |       Successfully uninstalled pip-21.2.4\n[63347127-1513-4c26-8a1b-a7c1b01a1fb7/build]   | Successfully installed pip-21.3.1\n[63347127-1513-4c26-8a1b-a7c1b01a1fb7/build]   | Requirement already satisfied: setuptools in /opt/hostedtoolcache/Python/3.6.14/x64/lib/python3.6/site-packages (40.6.2)\n[63347127-1513-4c26-8a1b-a7c1b01a1fb7/build]   | Collecting setuptools\n[63347127-1513-4c26-8a1b-a7c1b01a1fb7/build]   |   Downloading setuptools-59.6.0-py3-none-any.whl (952 kB)\n[63347127-1513-4c26-8a1b-a7c1b01a1fb7/build]   | Installing collected packages: setuptools\n[63347127-1513-4c26-8a1b-a7c1b01a1fb7/build]   |   Attempting uninstall: setuptools\n[63347127-1513-4c26-8a1b-a7c1b01a1fb7/build]   |     Found existing installation: setuptools 40.6.2\n[63347127-1513-4c26-8a1b-a7c1b01a1fb7/build]   |     Uninstalling setuptools-40.6.2:\n[63347127-1513-4c26-8a1b-a7c1b01a1fb7/build]   |       Successfully uninstalled setuptools-40.6.2\n[63347127-1513-4c26-8a1b-a7c1b01a1fb7/build]   | Successfully installed setuptools-59.6.0\n[63347127-1513-4c26-8a1b-a7c1b01a1fb7/build]   | Collecting python-dateutil<2.8.1,>=2.1\n[63347127-1513-4c26-8a1b-a7c1b01a1fb7/build]   |   Downloading python_dateutil-2.8.0-py2.py3-none-any.whl (226 kB)\n[63347127-1513-4c26-8a1b-a7c1b01a1fb7/build]   | Collecting netaddr>=0.8.0\n[63347127-1513-4c26-8a1b-a7c1b01a1fb7/build]   |   Downloading netaddr-0.8.0-py2.py3-none-any.whl (1.9 MB)\n[63347127-1513-4c26-8a1b-a7c1b01a1fb7/build]   | Collecting sqlitedict>=1.6.0\n[63347127-1513-4c26-8a1b-a7c1b01a1fb7/build]   |   Downloading sqlitedict-2.1.0.tar.gz (21 kB)\n[63347127-1513-4c26-8a1b-a7c1b01a1fb7/build]   |   Preparing metadata (setup.py): started\n[63347127-1513-4c26-8a1b-a7c1b01a1fb7/build]   |   Preparing metadata (setup.py): finished with status 'done'\n[63347127-1513-4c26-8a1b-a7c1b01a1fb7/build]   | Collecting cherrypy>=18.1.0\n[63347127-1513-4c26-8a1b-a7c1b01a1fb7/build]   |   Downloading CherryPy-18.8.0-py2.py3-none-any.whl (348 kB)\n[63347127-1513-4c26-8a1b-a7c1b01a1fb7/build]   | Collecting cherrypy-cors>=1.6\n[63347127-1513-4c26-8a1b-a7c1b01a1fb7/build]   |   Downloading cherrypy_cors-1.6-py2.py3-none-any.whl (6.0 kB)\n[63347127-1513-4c26-8a1b-a7c1b01a1fb7/build]   | Collecting coloredlogs<=10.0\n[63347127-1513-4c26-8a1b-a7c1b01a1fb7/build]   |   Downloading coloredlogs-10.0-py2.py3-none-any.whl (47 kB)\n[63347127-1513-4c26-8a1b-a7c1b01a1fb7/build]   | Collecting asyncio-throttle==0.1.1\n[63347127-1513-4c26-8a1b-a7c1b01a1fb7/build]   |   Downloading asyncio_throttle-0.1.1-py3-none-any.whl (5.4 kB)\n[63347127-1513-4c26-8a1b-a7c1b01a1fb7/build]   | Collecting botocore>=1.20.21\n[63347127-1513-4c26-8a1b-a7c1b01a1fb7/build]   |   Downloading botocore-1.26.10-py3-none-any.whl (8.8 MB)\n[63347127-1513-4c26-8a1b-a7c1b01a1fb7/build]   | Collecting boto3>=1.9.210\n[63347127-1513-4c26-8a1b-a7c1b01a1fb7/build]   |   Downloading boto3-1.23.10-py3-none-any.whl (132 kB)\n[63347127-1513-4c26-8a1b-a7c1b01a1fb7/build]   | Collecting policyuniverse>=1.3.2.0\n[63347127-1513-4c26-8a1b-a7c1b01a1fb7/build]   |   Downloading policyuniverse-1.4.0.20220414-py2.py3-none-any.whl (397 kB)\n[63347127-1513-4c26-8a1b-a7c1b01a1fb7/build]   | Collecting grpcio>=1.18.0\n[63347127-1513-4c26-8a1b-a7c1b01a1fb7/build]   |   Downloading grpcio-1.48.2-cp36-cp36m-manylinux_2_17_x86_64.manylinux2014_x86_64.whl (4.6 MB)\n[63347127-1513-4c26-8a1b-a7c1b01a1fb7/build]   | Collecting google-cloud-container>=2.1.0\n[63347127-1513-4c26-8a1b-a7c1b01a1fb7/build]   |   Downloading google_cloud_container-2.10.8-py2.py3-none-any.whl (192 kB)\n[63347127-1513-4c26-8a1b-a7c1b01a1fb7/build]   | Collecting google-cloud-core>=0.29.1\n[63347127-1513-4c26-8a1b-a7c1b01a1fb7/build]   |   Downloading google_cloud_core-2.3.1-py2.py3-none-any.whl (29 kB)\n[63347127-1513-4c26-8a1b-a7c1b01a1fb7/build]   | Collecting google-cloud-iam>=0.1.0\n[63347127-1513-4c26-8a1b-a7c1b01a1fb7/build]   |   Downloading google_cloud_iam-2.7.0-py2.py3-none-any.whl (76 kB)\n[63347127-1513-4c26-8a1b-a7c1b01a1fb7/build]   | Collecting google-cloud-logging>=2.2.0\n[63347127-1513-4c26-8a1b-a7c1b01a1fb7/build]   |   Downloading google_cloud_logging-3.1.2-py2.py3-none-any.whl (188 kB)\n[63347127-1513-4c26-8a1b-a7c1b01a1fb7/build]   | Collecting google-cloud-monitoring==1.1.0\n[63347127-1513-4c26-8a1b-a7c1b01a1fb7/build]   |   Downloading google_cloud_monitoring-1.1.0-py2.py3-none-any.whl (235 kB)\n[63347127-1513-4c26-8a1b-a7c1b01a1fb7/build]   | Collecting google-cloud-resource-manager>=0.28.3\n[63347127-1513-4c26-8a1b-a7c1b01a1fb7/build]   |   Downloading google_cloud_resource_manager-1.5.1-py2.py3-none-any.whl (230 kB)\n[63347127-1513-4c26-8a1b-a7c1b01a1fb7/build]   | Collecting google-cloud-storage>=1.13.2\n[63347127-1513-4c26-8a1b-a7c1b01a1fb7/build]   |   Downloading google_cloud_storage-2.0.0-py2.py3-none-any.whl (106 kB)\n[63347127-1513-4c26-8a1b-a7c1b01a1fb7/build]   | Collecting google-cloud-kms==1.3.0\n[63347127-1513-4c26-8a1b-a7c1b01a1fb7/build]   |   Downloading google_cloud_kms-1.3.0-py2.py3-none-any.whl (65 kB)\n[63347127-1513-4c26-8a1b-a7c1b01a1fb7/build]   | Collecting google-api-python-client>=2.47.0\n[63347127-1513-4c26-8a1b-a7c1b01a1fb7/build]   |   Downloading google_api_python_client-2.52.0-py2.py3-none-any.whl (8.7 MB)\n[63347127-1513-4c26-8a1b-a7c1b01a1fb7/build]   | Collecting oauth2client>=4.1.3\n[63347127-1513-4c26-8a1b-a7c1b01a1fb7/build]   |   Downloading oauth2client-4.1.3-py2.py3-none-any.whl (98 kB)\n[63347127-1513-4c26-8a1b-a7c1b01a1fb7/build]   | Collecting httplib2shim>=0.0.3\n[63347127-1513-4c26-8a1b-a7c1b01a1fb7/build]   |   Downloading httplib2shim-0.0.3.tar.gz (17 kB)\n[63347127-1513-4c26-8a1b-a7c1b01a1fb7/build]   |   Preparing metadata (setup.py): started\n[63347127-1513-4c26-8a1b-a7c1b01a1fb7/build]   |   Preparing metadata (setup.py): finished with status 'done'\n[63347127-1513-4c26-8a1b-a7c1b01a1fb7/build]   | Collecting azure-identity==1.5.0\n[63347127-1513-4c26-8a1b-a7c1b01a1fb7/build]   |   Downloading azure_identity-1.5.0-py2.py3-none-any.whl (103 kB)\n[63347127-1513-4c26-8a1b-a7c1b01a1fb7/build]   | Collecting azure-mgmt-resource==15.0.0\n[63347127-1513-4c26-8a1b-a7c1b01a1fb7/build]   |   Downloading azure_mgmt_resource-15.0.0-py2.py3-none-any.whl (1.6 MB)\n[63347127-1513-4c26-8a1b-a7c1b01a1fb7/build]   | Collecting azure-mgmt-storage==16.0.0\n[63347127-1513-4c26-8a1b-a7c1b01a1fb7/build]   |   Downloading azure_mgmt_storage-16.0.0-py2.py3-none-any.whl (811 kB)\n[63347127-1513-4c26-8a1b-a7c1b01a1fb7/build]   | Collecting azure-mgmt-monitor==2.0.0\n[63347127-1513-4c26-8a1b-a7c1b01a1fb7/build]   |   Downloading azure_mgmt_monitor-2.0.0-py2.py3-none-any.whl (607 kB)\n[63347127-1513-4c26-8a1b-a7c1b01a1fb7/build]   | Collecting azure-mgmt-sql==1.0.0\n[63347127-1513-4c26-8a1b-a7c1b01a1fb7/build]   |   Downloading azure_mgmt_sql-1.0.0-py2.py3-none-any.whl (711 kB)\n[63347127-1513-4c26-8a1b-a7c1b01a1fb7/build]   | Collecting azure-mgmt-security==1.0.0\n[63347127-1513-4c26-8a1b-a7c1b01a1fb7/build]   |   Downloading azure_mgmt_security-1.0.0-py2.py3-none-any.whl (391 kB)\n[63347127-1513-4c26-8a1b-a7c1b01a1fb7/build]   | Collecting azure-mgmt-keyvault==8.0.0\n[63347127-1513-4c26-8a1b-a7c1b01a1fb7/build]   |   Downloading azure_mgmt_keyvault-8.0.0-py2.py3-none-any.whl (197 kB)\n[63347127-1513-4c26-8a1b-a7c1b01a1fb7/build]   | Collecting azure-mgmt-network==17.1.0\n[63347127-1513-4c26-8a1b-a7c1b01a1fb7/build]   |   Downloading azure_mgmt_network-17.1.0-py2.py3-none-any.whl (18.8 MB)\n[63347127-1513-4c26-8a1b-a7c1b01a1fb7/build]   | Collecting azure-mgmt-redis==12.0.0\n[63347127-1513-4c26-8a1b-a7c1b01a1fb7/build]   |   Downloading azure_mgmt_redis-12.0.0-py2.py3-none-any.whl (58 kB)\n[63347127-1513-4c26-8a1b-a7c1b01a1fb7/build]   | Collecting azure-mgmt-web==1.0.0\n[63347127-1513-4c26-8a1b-a7c1b01a1fb7/build]   |   Downloading azure_mgmt_web-1.0.0-py2.py3-none-any.whl (1.4 MB)\n[63347127-1513-4c26-8a1b-a7c1b01a1fb7/build]   | Collecting azure-mgmt-compute==18.2.0\n[63347127-1513-4c26-8a1b-a7c1b01a1fb7/build]   |   Downloading azure_mgmt_compute-18.2.0-py2.py3-none-any.whl (3.1 MB)\n[63347127-1513-4c26-8a1b-a7c1b01a1fb7/build]   | Collecting azure-mgmt-authorization==1.0.0\n[63347127-1513-4c26-8a1b-a7c1b01a1fb7/build]   |   Downloading azure_mgmt_authorization-1.0.0-py2.py3-none-any.whl (141 kB)\n[63347127-1513-4c26-8a1b-a7c1b01a1fb7/build]   | Collecting azure-mgmt-rdbms==8.0.0\n[63347127-1513-4c26-8a1b-a7c1b01a1fb7/build]   |   Downloading azure_mgmt_rdbms-8.0.0-py2.py3-none-any.whl (624 kB)\n[63347127-1513-4c26-8a1b-a7c1b01a1fb7/build]   | Collecting msgraph-core==0.2.2\n[63347127-1513-4c26-8a1b-a7c1b01a1fb7/build]   |   Downloading msgraph_core-0.2.2-py3-none-any.whl (15 kB)\n[63347127-1513-4c26-8a1b-a7c1b01a1fb7/build]   | Collecting aliyun-python-sdk-core>=2.13.4\n[63347127-1513-4c26-8a1b-a7c1b01a1fb7/build]   |   Downloading aliyun-python-sdk-core-2.13.36.tar.gz (440 kB)\n[63347127-1513-4c26-8a1b-a7c1b01a1fb7/build]   |   Preparing metadata (setup.py): started\n[63347127-1513-4c26-8a1b-a7c1b01a1fb7/build]   |   Preparing metadata (setup.py): finished with status 'done'\n[63347127-1513-4c26-8a1b-a7c1b01a1fb7/build]   | Collecting aliyun-python-sdk-ram>=3.0.1\n[63347127-1513-4c26-8a1b-a7c1b01a1fb7/build]   |   Downloading aliyun_python_sdk_ram-3.3.0-py2.py3-none-any.whl (65 kB)\n[63347127-1513-4c26-8a1b-a7c1b01a1fb7/build]   | Collecting aliyun-python-sdk-ocs>=0.0.4\n[63347127-1513-4c26-8a1b-a7c1b01a1fb7/build]   |   Downloading aliyun-python-sdk-ocs-0.0.4.tar.gz (5.2 kB)\n[63347127-1513-4c26-8a1b-a7c1b01a1fb7/build]   |   Preparing metadata (setup.py): started\n[63347127-1513-4c26-8a1b-a7c1b01a1fb7/build]   |   Preparing metadata (setup.py): finished with status 'done'\n[63347127-1513-4c26-8a1b-a7c1b01a1fb7/build]   | Collecting aliyun-python-sdk-sts>=3.0.1\n[63347127-1513-4c26-8a1b-a7c1b01a1fb7/build]   |   Downloading aliyun_python_sdk_sts-3.1.1-py2.py3-none-any.whl (8.0 kB)\n[63347127-1513-4c26-8a1b-a7c1b01a1fb7/build]   | Collecting aliyun-python-sdk-actiontrail>=2.0.0\n[63347127-1513-4c26-8a1b-a7c1b01a1fb7/build]   |   Downloading aliyun_python_sdk_actiontrail-2.2.0-py2.py3-none-any.whl (22 kB)\n[63347127-1513-4c26-8a1b-a7c1b01a1fb7/build]   | Collecting aliyun-python-sdk-vpc>=3.0.5\n[63347127-1513-4c26-8a1b-a7c1b01a1fb7/build]   |   Downloading aliyun_python_sdk_vpc-3.0.42-py2.py3-none-any.whl (429 kB)\n[63347127-1513-4c26-8a1b-a7c1b01a1fb7/build]   | Collecting aliyun-python-sdk-ecs>=4.16.10\n[63347127-1513-4c26-8a1b-a7c1b01a1fb7/build]   |   Downloading aliyun_python_sdk_ecs-4.24.64-py2.py3-none-any.whl (445 kB)\n[63347127-1513-4c26-8a1b-a7c1b01a1fb7/build]   | Collecting aliyun-python-sdk-rds>=2.3.9\n[63347127-1513-4c26-8a1b-a7c1b01a1fb7/build]   |   Downloading aliyun_python_sdk_rds-2.7.8-py2.py3-none-any.whl (302 kB)\n[63347127-1513-4c26-8a1b-a7c1b01a1fb7/build]   | Collecting aliyun-python-sdk-kms>=2.6.0\n[63347127-1513-4c26-8a1b-a7c1b01a1fb7/build]   |   Downloading aliyun_python_sdk_kms-2.16.1-py2.py3-none-any.whl (70 kB)\n[63347127-1513-4c26-8a1b-a7c1b01a1fb7/build]   | Collecting oss2>=2.8.0\n[63347127-1513-4c26-8a1b-a7c1b01a1fb7/build]   |   Downloading oss2-2.18.0.tar.gz (270 kB)\n[63347127-1513-4c26-8a1b-a7c1b01a1fb7/build]   |   Preparing metadata (setup.py): started\n[63347127-1513-4c26-8a1b-a7c1b01a1fb7/build]   |   Preparing metadata (setup.py): finished with status 'done'\n[63347127-1513-4c26-8a1b-a7c1b01a1fb7/build]   | Collecting oci>=2.2.4\n[63347127-1513-4c26-8a1b-a7c1b01a1fb7/build]   |   Downloading oci-2.105.0-py3-none-any.whl (20.8 MB)\n[63347127-1513-4c26-8a1b-a7c1b01a1fb7/build]   | Collecting flake8\n[63347127-1513-4c26-8a1b-a7c1b01a1fb7/build]   |   Downloading flake8-5.0.4-py2.py3-none-any.whl (61 kB)\n[63347127-1513-4c26-8a1b-a7c1b01a1fb7/build]   | Collecting codecov\n[63347127-1513-4c26-8a1b-a7c1b01a1fb7/build]   |   Downloading codecov-2.1.13-py2.py3-none-any.whl (16 kB)\n[63347127-1513-4c26-8a1b-a7c1b01a1fb7/build]   | Collecting coveralls\n[63347127-1513-4c26-8a1b-a7c1b01a1fb7/build]   |   Downloading coveralls-3.3.1-py2.py3-none-any.whl (14 kB)\n[63347127-1513-4c26-8a1b-a7c1b01a1fb7/build]   | Collecting autopep8\n[63347127-1513-4c26-8a1b-a7c1b01a1fb7/build]   |   Downloading autopep8-2.0.2-py2.py3-none-any.whl (45 kB)\n[63347127-1513-4c26-8a1b-a7c1b01a1fb7/build]   | Collecting pytest>=5.*\n[63347127-1513-4c26-8a1b-a7c1b01a1fb7/build]   |   Downloading pytest-7.0.1-py3-none-any.whl (296 kB)\n[63347127-1513-4c26-8a1b-a7c1b01a1fb7/build]   | Collecting pytest-cov\n[63347127-1513-4c26-8a1b-a7c1b01a1fb7/build]   |   Downloading pytest_cov-4.0.0-py3-none-any.whl (21 kB)\n[63347127-1513-4c26-8a1b-a7c1b01a1fb7/build]   | Collecting mypy\n[63347127-1513-4c26-8a1b-a7c1b01a1fb7/build]   |   Downloading mypy-0.971-cp36-cp36m-manylinux_2_5_x86_64.manylinux1_x86_64.manylinux_2_12_x86_64.manylinux2010_x86_64.whl (14.9 MB)\n[63347127-1513-4c26-8a1b-a7c1b01a1fb7/build]   | Collecting google-api-core[grpc]<2.0.0dev,>=1.14.0\n[63347127-1513-4c26-8a1b-a7c1b01a1fb7/build]   |   Downloading google_api_core-1.32.0-py2.py3-none-any.whl (93 kB)\n[63347127-1513-4c26-8a1b-a7c1b01a1fb7/build]   | Collecting grpc-google-iam-v1<0.13dev,>=0.12.3\n[63347127-1513-4c26-8a1b-a7c1b01a1fb7/build]   |   Downloading grpc_google_iam_v1-0.12.4-py2.py3-none-any.whl (26 kB)\n[63347127-1513-4c26-8a1b-a7c1b01a1fb7/build]   | Collecting msal<2.0.0,>=1.6.0\n[63347127-1513-4c26-8a1b-a7c1b01a1fb7/build]   |   Downloading msal-1.22.0-py2.py3-none-any.whl (90 kB)\n[63347127-1513-4c26-8a1b-a7c1b01a1fb7/build]   | Collecting six>=1.6\n[63347127-1513-4c26-8a1b-a7c1b01a1fb7/build]   |   Downloading six-1.16.0-py2.py3-none-any.whl (11 kB)\n[63347127-1513-4c26-8a1b-a7c1b01a1fb7/build]   | Collecting msal-extensions~=0.3.0\n[63347127-1513-4c26-8a1b-a7c1b01a1fb7/build]   |   Downloading msal_extensions-0.3.1-py2.py3-none-any.whl (18 kB)\n[63347127-1513-4c26-8a1b-a7c1b01a1fb7/build]   | Collecting azure-core<2.0.0,>=1.0.0\n[63347127-1513-4c26-8a1b-a7c1b01a1fb7/build]   |   Downloading azure_core-1.24.2-py3-none-any.whl (178 kB)\n[63347127-1513-4c26-8a1b-a7c1b01a1fb7/build]   | Collecting cryptography>=2.1.4\n[63347127-1513-4c26-8a1b-a7c1b01a1fb7/build]   |   Downloading cryptography-40.0.2-cp36-abi3-manylinux_2_28_x86_64.whl (3.7 MB)\n[63347127-1513-4c26-8a1b-a7c1b01a1fb7/build]   | Collecting azure-common~=1.1\n[63347127-1513-4c26-8a1b-a7c1b01a1fb7/build]   |   Downloading azure_common-1.1.28-py2.py3-none-any.whl (14 kB)\n[63347127-1513-4c26-8a1b-a7c1b01a1fb7/build]   | Collecting msrest>=0.5.0\n[63347127-1513-4c26-8a1b-a7c1b01a1fb7/build]   |   Downloading msrest-0.7.1-py3-none-any.whl (85 kB)\n[63347127-1513-4c26-8a1b-a7c1b01a1fb7/build]   | Collecting azure-mgmt-core<2.0.0,>=1.2.0\n[63347127-1513-4c26-8a1b-a7c1b01a1fb7/build]   |   Downloading azure_mgmt_core-1.3.2-py3-none-any.whl (26 kB)\n[63347127-1513-4c26-8a1b-a7c1b01a1fb7/build]   | Collecting importlib-resources\n[63347127-1513-4c26-8a1b-a7c1b01a1fb7/build]   |   Downloading importlib_resources-5.4.0-py3-none-any.whl (28 kB)\n[63347127-1513-4c26-8a1b-a7c1b01a1fb7/build]   | Collecting cheroot>=8.2.1\n[63347127-1513-4c26-8a1b-a7c1b01a1fb7/build]   |   Downloading cheroot-10.0.0-py3-none-any.whl (101 kB)\n[63347127-1513-4c26-8a1b-a7c1b01a1fb7/build]   | Collecting more-itertools\n[63347127-1513-4c26-8a1b-a7c1b01a1fb7/build]   |   Downloading more_itertools-8.14.0-py3-none-any.whl (52 kB)\n[63347127-1513-4c26-8a1b-a7c1b01a1fb7/build]   | Collecting zc.lockfile\n[63347127-1513-4c26-8a1b-a7c1b01a1fb7/build]   |   Downloading zc.lockfile-2.0-py2.py3-none-any.whl (9.7 kB)\n[63347127-1513-4c26-8a1b-a7c1b01a1fb7/build]   | Collecting jaraco.collections\n[63347127-1513-4c26-8a1b-a7c1b01a1fb7/build]   |   Downloading jaraco.collections-3.4.0-py3-none-any.whl (10 kB)\n[63347127-1513-4c26-8a1b-a7c1b01a1fb7/build]   | Collecting portend>=2.1.1\n[63347127-1513-4c26-8a1b-a7c1b01a1fb7/build]   |   Downloading portend-3.0.0-py3-none-any.whl (5.3 kB)\n[63347127-1513-4c26-8a1b-a7c1b01a1fb7/build]   | Collecting httpagentparser>=1.5\n[63347127-1513-4c26-8a1b-a7c1b01a1fb7/build]   |   Downloading httpagentparser-1.9.5.tar.gz (7.7 kB)\n[63347127-1513-4c26-8a1b-a7c1b01a1fb7/build]   |   Preparing metadata (setup.py): started\n[63347127-1513-4c26-8a1b-a7c1b01a1fb7/build]   |   Preparing metadata (setup.py): finished with status 'done'\n[63347127-1513-4c26-8a1b-a7c1b01a1fb7/build]   | Collecting humanfriendly>=4.7\n[63347127-1513-4c26-8a1b-a7c1b01a1fb7/build]   |   Downloading humanfriendly-10.0-py2.py3-none-any.whl (86 kB)\n[63347127-1513-4c26-8a1b-a7c1b01a1fb7/build]   | Collecting urllib3<1.27,>=1.25.4\n[63347127-1513-4c26-8a1b-a7c1b01a1fb7/build]   |   Downloading urllib3-1.26.16-py2.py3-none-any.whl (143 kB)\n[63347127-1513-4c26-8a1b-a7c1b01a1fb7/build]   | Collecting jmespath<2.0.0,>=0.7.1\n[63347127-1513-4c26-8a1b-a7c1b01a1fb7/build]   |   Downloading jmespath-0.10.0-py2.py3-none-any.whl (24 kB)\n[63347127-1513-4c26-8a1b-a7c1b01a1fb7/build]   | Collecting s3transfer<0.6.0,>=0.5.0\n[63347127-1513-4c26-8a1b-a7c1b01a1fb7/build]   |   Downloading s3transfer-0.5.2-py3-none-any.whl (79 kB)\n[63347127-1513-4c26-8a1b-a7c1b01a1fb7/build]   | Collecting protobuf<4.0.0dev,>=3.19.0\n[63347127-1513-4c26-8a1b-a7c1b01a1fb7/build]   |   Downloading protobuf-3.19.6-cp36-cp36m-manylinux_2_17_x86_64.manylinux2014_x86_64.whl (1.1 MB)\n[63347127-1513-4c26-8a1b-a7c1b01a1fb7/build]   | Collecting proto-plus<2.0.0dev,>=1.15.0\n[63347127-1513-4c26-8a1b-a7c1b01a1fb7/build]   |   Downloading proto_plus-1.22.3-py3-none-any.whl (48 kB)\n[63347127-1513-4c26-8a1b-a7c1b01a1fb7/build]   | Collecting google-api-core!=2.0.*,!=2.1.*,!=2.2.*,!=2.3.0,<3.0.0dev,>=1.31.5\n[63347127-1513-4c26-8a1b-a7c1b01a1fb7/build]   |   Downloading google_api_core-2.8.2-py3-none-any.whl (114 kB)\n[63347127-1513-4c26-8a1b-a7c1b01a1fb7/build]   | Collecting google-auth<3.0dev,>=1.25.0\n[63347127-1513-4c26-8a1b-a7c1b01a1fb7/build]   |   Downloading google_auth-2.21.0-py2.py3-none-any.whl (182 kB)\n[63347127-1513-4c26-8a1b-a7c1b01a1fb7/build]   | Collecting google-cloud-audit-log<1.0.0dev,>=0.1.0\n[63347127-1513-4c26-8a1b-a7c1b01a1fb7/build]   |   Downloading google_cloud_audit_log-0.2.2-py2.py3-none-any.whl (12 kB)\n[63347127-1513-4c26-8a1b-a7c1b01a1fb7/build]   | Collecting google-cloud-appengine-logging<2.0.0dev,>=0.1.0\n[63347127-1513-4c26-8a1b-a7c1b01a1fb7/build]   |   Downloading google_cloud_appengine_logging-1.1.2-py2.py3-none-any.whl (14 kB)\n[63347127-1513-4c26-8a1b-a7c1b01a1fb7/build]   | Collecting requests<3.0.0dev,>=2.18.0\n[63347127-1513-4c26-8a1b-a7c1b01a1fb7/build]   |   Downloading requests-2.27.1-py2.py3-none-any.whl (63 kB)\n[63347127-1513-4c26-8a1b-a7c1b01a1fb7/build]   | Collecting google-resumable-media>=1.3.0\n[63347127-1513-4c26-8a1b-a7c1b01a1fb7/build]   |   Downloading google_resumable_media-2.3.3-py2.py3-none-any.whl (76 kB)\n[63347127-1513-4c26-8a1b-a7c1b01a1fb7/build]   | Collecting uritemplate<5,>=3.0.1\n[63347127-1513-4c26-8a1b-a7c1b01a1fb7/build]   |   Downloading uritemplate-4.1.1-py2.py3-none-any.whl (10 kB)\n[63347127-1513-4c26-8a1b-a7c1b01a1fb7/build]   | Collecting google-auth-httplib2>=0.1.0\n[63347127-1513-4c26-8a1b-a7c1b01a1fb7/build]   |   Downloading google_auth_httplib2-0.1.0-py2.py3-none-any.whl (9.3 kB)\n[63347127-1513-4c26-8a1b-a7c1b01a1fb7/build]   | Collecting httplib2<1dev,>=0.15.0\n[63347127-1513-4c26-8a1b-a7c1b01a1fb7/build]   |   Downloading httplib2-0.22.0-py3-none-any.whl (96 kB)\n[63347127-1513-4c26-8a1b-a7c1b01a1fb7/build]   | Collecting pyasn1-modules>=0.0.5\n[63347127-1513-4c26-8a1b-a7c1b01a1fb7/build]   |   Downloading pyasn1_modules-0.3.0-py2.py3-none-any.whl (181 kB)\n[63347127-1513-4c26-8a1b-a7c1b01a1fb7/build]   | Collecting pyasn1>=0.1.7\n[63347127-1513-4c26-8a1b-a7c1b01a1fb7/build]   |   Downloading pyasn1-0.5.0-py2.py3-none-any.whl (83 kB)\n[63347127-1513-4c26-8a1b-a7c1b01a1fb7/build]   | Collecting rsa>=3.1.4\n[63347127-1513-4c26-8a1b-a7c1b01a1fb7/build]   |   Downloading rsa-4.9-py3-none-any.whl (34 kB)\n[63347127-1513-4c26-8a1b-a7c1b01a1fb7/build]   | Collecting certifi\n[63347127-1513-4c26-8a1b-a7c1b01a1fb7/build]   |   Downloading certifi-2023.5.7-py3-none-any.whl (156 kB)\n[63347127-1513-4c26-8a1b-a7c1b01a1fb7/build]   | Collecting crcmod>=1.7\n[63347127-1513-4c26-8a1b-a7c1b01a1fb7/build]   |   Downloading crcmod-1.7.tar.gz (89 kB)\n[63347127-1513-4c26-8a1b-a7c1b01a1fb7/build]   |   Preparing metadata (setup.py): started\n[63347127-1513-4c26-8a1b-a7c1b01a1fb7/build]   |   Preparing metadata (setup.py): finished with status 'done'\n[63347127-1513-4c26-8a1b-a7c1b01a1fb7/build]   | Collecting pycryptodome>=3.4.7\n[63347127-1513-4c26-8a1b-a7c1b01a1fb7/build]   |   Downloading pycryptodome-3.18.0-cp35-abi3-manylinux_2_17_x86_64.manylinux2014_x86_64.whl (2.1 MB)\n[63347127-1513-4c26-8a1b-a7c1b01a1fb7/build]   | Collecting cryptography>=2.1.4\n[63347127-1513-4c26-8a1b-a7c1b01a1fb7/build]   |   Downloading cryptography-39.0.2-cp36-abi3-manylinux_2_28_x86_64.whl (4.2 MB)\n[63347127-1513-4c26-8a1b-a7c1b01a1fb7/build]   | Collecting pytz>=2016.10\n[63347127-1513-4c26-8a1b-a7c1b01a1fb7/build]   |   Downloading pytz-2023.3-py2.py3-none-any.whl (502 kB)\n[63347127-1513-4c26-8a1b-a7c1b01a1fb7/build]   | Collecting circuitbreaker<2.0.0,>=1.3.1\n[63347127-1513-4c26-8a1b-a7c1b01a1fb7/build]   |   Downloading circuitbreaker-1.4.0.tar.gz (9.7 kB)\n[63347127-1513-4c26-8a1b-a7c1b01a1fb7/build]   |   Preparing metadata (setup.py): started\n[63347127-1513-4c26-8a1b-a7c1b01a1fb7/build]   |   Preparing metadata (setup.py): finished with status 'done'\n[63347127-1513-4c26-8a1b-a7c1b01a1fb7/build]   | Collecting pyOpenSSL<24.0.0,>=17.5.0\n[63347127-1513-4c26-8a1b-a7c1b01a1fb7/build]   |   Downloading pyOpenSSL-23.2.0-py3-none-any.whl (59 kB)\n[63347127-1513-4c26-8a1b-a7c1b01a1fb7/build]   | Collecting importlib-metadata<4.3,>=1.1.0\n[63347127-1513-4c26-8a1b-a7c1b01a1fb7/build]   |   Downloading importlib_metadata-4.2.0-py3-none-any.whl (16 kB)\n[63347127-1513-4c26-8a1b-a7c1b01a1fb7/build]   | Collecting pyflakes<2.6.0,>=2.5.0\n[63347127-1513-4c26-8a1b-a7c1b01a1fb7/build]   |   Downloading pyflakes-2.5.0-py2.py3-none-any.whl (66 kB)\n[63347127-1513-4c26-8a1b-a7c1b01a1fb7/build]   | Collecting mccabe<0.8.0,>=0.7.0\n[63347127-1513-4c26-8a1b-a7c1b01a1fb7/build]   |   Downloading mccabe-0.7.0-py2.py3-none-any.whl (7.3 kB)\n[63347127-1513-4c26-8a1b-a7c1b01a1fb7/build]   | Collecting pycodestyle<2.10.0,>=2.9.0\n[63347127-1513-4c26-8a1b-a7c1b01a1fb7/build]   |   Downloading pycodestyle-2.9.1-py2.py3-none-any.whl (41 kB)\n[63347127-1513-4c26-8a1b-a7c1b01a1fb7/build]   | Collecting coverage\n[63347127-1513-4c26-8a1b-a7c1b01a1fb7/build]   |   Downloading coverage-6.2-cp36-cp36m-manylinux_2_5_x86_64.manylinux1_x86_64.manylinux_2_12_x86_64.manylinux2010_x86_64.whl (212 kB)\n[63347127-1513-4c26-8a1b-a7c1b01a1fb7/build]   | Collecting docopt>=0.6.1\n[63347127-1513-4c26-8a1b-a7c1b01a1fb7/build]   |   Downloading docopt-0.6.2.tar.gz (25 kB)\n[63347127-1513-4c26-8a1b-a7c1b01a1fb7/build]   |   Preparing metadata (setup.py): started\n[63347127-1513-4c26-8a1b-a7c1b01a1fb7/build]   |   Preparing metadata (setup.py): finished with status 'done'\n[63347127-1513-4c26-8a1b-a7c1b01a1fb7/build]   | Collecting tomli\n[63347127-1513-4c26-8a1b-a7c1b01a1fb7/build]   |   Downloading tomli-1.2.3-py3-none-any.whl (12 kB)\n[63347127-1513-4c26-8a1b-a7c1b01a1fb7/build]   | Collecting autopep8\n[63347127-1513-4c26-8a1b-a7c1b01a1fb7/build]   |   Downloading autopep8-2.0.1-py2.py3-none-any.whl (45 kB)\n[63347127-1513-4c26-8a1b-a7c1b01a1fb7/build]   |   Downloading autopep8-2.0.0-py2.py3-none-any.whl (45 kB)\n[63347127-1513-4c26-8a1b-a7c1b01a1fb7/build]   | Collecting packaging\n[63347127-1513-4c26-8a1b-a7c1b01a1fb7/build]   |   Downloading packaging-21.3-py3-none-any.whl (40 kB)\n[63347127-1513-4c26-8a1b-a7c1b01a1fb7/build]   | Collecting py>=1.8.2\n[63347127-1513-4c26-8a1b-a7c1b01a1fb7/build]   |   Downloading py-1.11.0-py2.py3-none-any.whl (98 kB)\n[63347127-1513-4c26-8a1b-a7c1b01a1fb7/build]   | Collecting attrs>=19.2.0\n[63347127-1513-4c26-8a1b-a7c1b01a1fb7/build]   |   Downloading attrs-22.2.0-py3-none-any.whl (60 kB)\n[63347127-1513-4c26-8a1b-a7c1b01a1fb7/build]   | Collecting iniconfig\n[63347127-1513-4c26-8a1b-a7c1b01a1fb7/build]   |   Downloading iniconfig-1.1.1-py2.py3-none-any.whl (5.0 kB)\n[63347127-1513-4c26-8a1b-a7c1b01a1fb7/build]   | Collecting pluggy<2.0,>=0.12\n[63347127-1513-4c26-8a1b-a7c1b01a1fb7/build]   |   Downloading pluggy-1.0.0-py2.py3-none-any.whl (13 kB)\n[63347127-1513-4c26-8a1b-a7c1b01a1fb7/build]   | Collecting typed-ast<2,>=1.4.0\n[63347127-1513-4c26-8a1b-a7c1b01a1fb7/build]   |   Downloading typed_ast-1.5.4-cp36-cp36m-manylinux_2_5_x86_64.manylinux1_x86_64.manylinux_2_12_x86_64.manylinux2010_x86_64.whl (831 kB)\n[63347127-1513-4c26-8a1b-a7c1b01a1fb7/build]   | Collecting mypy-extensions>=0.4.3\n[63347127-1513-4c26-8a1b-a7c1b01a1fb7/build]   |   Downloading mypy_extensions-1.0.0-py3-none-any.whl (4.7 kB)\n[63347127-1513-4c26-8a1b-a7c1b01a1fb7/build]   | Collecting typing-extensions>=3.10\n[63347127-1513-4c26-8a1b-a7c1b01a1fb7/build]   |   Downloading typing_extensions-4.1.1-py3-none-any.whl (26 kB)\n[63347127-1513-4c26-8a1b-a7c1b01a1fb7/build]   | Collecting jaraco.functools\n[63347127-1513-4c26-8a1b-a7c1b01a1fb7/build]   |   Downloading jaraco.functools-3.4.0-py3-none-any.whl (6.9 kB)\n[63347127-1513-4c26-8a1b-a7c1b01a1fb7/build]   | Collecting cffi>=1.12\n[63347127-1513-4c26-8a1b-a7c1b01a1fb7/build]   |   Downloading cffi-1.15.1-cp36-cp36m-manylinux_2_5_x86_64.manylinux1_x86_64.whl (402 kB)\n[63347127-1513-4c26-8a1b-a7c1b01a1fb7/build]   | Collecting googleapis-common-protos<2.0dev,>=1.56.2\n[63347127-1513-4c26-8a1b-a7c1b01a1fb7/build]   |   Downloading googleapis_common_protos-1.56.3-py2.py3-none-any.whl (211 kB)\n[63347127-1513-4c26-8a1b-a7c1b01a1fb7/build]   | Requirement already satisfied: setuptools>=40.3.0 in /opt/hostedtoolcache/Python/3.6.14/x64/lib/python3.6/site-packages (from google-api-core[grpc]<2.0.0dev,>=1.14.0->google-cloud-monitoring==1.1.0->-r requirements.txt (line 22)) (59.6.0)\n[63347127-1513-4c26-8a1b-a7c1b01a1fb7/build]   | Collecting google-auth<3.0dev,>=1.25.0\n[63347127-1513-4c26-8a1b-a7c1b01a1fb7/build]   |   Downloading google_auth-1.35.0-py2.py3-none-any.whl (152 kB)\n[63347127-1513-4c26-8a1b-a7c1b01a1fb7/build]   | Collecting cachetools<5.0,>=2.0.0\n[63347127-1513-4c26-8a1b-a7c1b01a1fb7/build]   |   Downloading cachetools-4.2.4-py3-none-any.whl (10 kB)\n[63347127-1513-4c26-8a1b-a7c1b01a1fb7/build]   | Collecting google-crc32c<2.0dev,>=1.0\n[63347127-1513-4c26-8a1b-a7c1b01a1fb7/build]   |   Downloading google_crc32c-1.3.0-cp36-cp36m-manylinux_2_12_x86_64.manylinux2010_x86_64.whl (37 kB)\n[63347127-1513-4c26-8a1b-a7c1b01a1fb7/build]   | Collecting pyparsing!=3.0.0,!=3.0.1,!=3.0.2,!=3.0.3,<4,>=2.4.2\n[63347127-1513-4c26-8a1b-a7c1b01a1fb7/build]   |   Downloading pyparsing-3.1.0-py3-none-any.whl (102 kB)\n[63347127-1513-4c26-8a1b-a7c1b01a1fb7/build]   | Collecting zipp>=0.5\n[63347127-1513-4c26-8a1b-a7c1b01a1fb7/build]   |   Downloading zipp-3.6.0-py3-none-any.whl (5.3 kB)\n[63347127-1513-4c26-8a1b-a7c1b01a1fb7/build]   | Collecting PyJWT[crypto]<3,>=1.0.0\n[63347127-1513-4c26-8a1b-a7c1b01a1fb7/build]   |   Downloading PyJWT-2.4.0-py3-none-any.whl (18 kB)\n[63347127-1513-4c26-8a1b-a7c1b01a1fb7/build]   | Collecting portalocker<3,>=1.0\n[63347127-1513-4c26-8a1b-a7c1b01a1fb7/build]   |   Downloading portalocker-2.7.0-py2.py3-none-any.whl (15 kB)\n[63347127-1513-4c26-8a1b-a7c1b01a1fb7/build]   | Collecting isodate>=0.6.0\n[63347127-1513-4c26-8a1b-a7c1b01a1fb7/build]   |   Downloading isodate-0.6.1-py2.py3-none-any.whl (41 kB)\n[63347127-1513-4c26-8a1b-a7c1b01a1fb7/build]   | Collecting requests-oauthlib>=0.5.0\n[63347127-1513-4c26-8a1b-a7c1b01a1fb7/build]   |   Downloading requests_oauthlib-1.3.1-py2.py3-none-any.whl (23 kB)\n[63347127-1513-4c26-8a1b-a7c1b01a1fb7/build]   | Collecting tempora>=1.8\n[63347127-1513-4c26-8a1b-a7c1b01a1fb7/build]   |   Downloading tempora-4.1.2-py3-none-any.whl (15 kB)\n[63347127-1513-4c26-8a1b-a7c1b01a1fb7/build]   | Collecting charset-normalizer~=2.0.0\n[63347127-1513-4c26-8a1b-a7c1b01a1fb7/build]   |   Downloading charset_normalizer-2.0.12-py3-none-any.whl (39 kB)\n[63347127-1513-4c26-8a1b-a7c1b01a1fb7/build]   | Collecting idna<4,>=2.5\n[63347127-1513-4c26-8a1b-a7c1b01a1fb7/build]   |   Downloading idna-3.4-py3-none-any.whl (61 kB)\n[63347127-1513-4c26-8a1b-a7c1b01a1fb7/build]   | Collecting jaraco.text\n[63347127-1513-4c26-8a1b-a7c1b01a1fb7/build]   |   Downloading jaraco.text-3.7.0-py3-none-any.whl (8.6 kB)\n[63347127-1513-4c26-8a1b-a7c1b01a1fb7/build]   | Collecting jaraco.classes\n[63347127-1513-4c26-8a1b-a7c1b01a1fb7/build]   |   Downloading jaraco.classes-3.2.1-py3-none-any.whl (5.6 kB)\n[63347127-1513-4c26-8a1b-a7c1b01a1fb7/build]   | Collecting pycparser\n[63347127-1513-4c26-8a1b-a7c1b01a1fb7/build]   |   Downloading pycparser-2.21-py2.py3-none-any.whl (118 kB)\n[63347127-1513-4c26-8a1b-a7c1b01a1fb7/build]   | Collecting oauthlib>=3.0.0\n[63347127-1513-4c26-8a1b-a7c1b01a1fb7/build]   |   Downloading oauthlib-3.2.2-py3-none-any.whl (151 kB)\n[63347127-1513-4c26-8a1b-a7c1b01a1fb7/build]   | Collecting jaraco.context>=4.1\n[63347127-1513-4c26-8a1b-a7c1b01a1fb7/build]   |   Downloading jaraco.context-4.1.1-py3-none-any.whl (4.4 kB)\n[63347127-1513-4c26-8a1b-a7c1b01a1fb7/build]   | Using legacy 'setup.py install' for sqlitedict, since package 'wheel' is not installed.\n[63347127-1513-4c26-8a1b-a7c1b01a1fb7/build]   | Using legacy 'setup.py install' for httplib2shim, since package 'wheel' is not installed.\n[63347127-1513-4c26-8a1b-a7c1b01a1fb7/build]   | Using legacy 'setup.py install' for aliyun-python-sdk-core, since package 'wheel' is not installed.\n[63347127-1513-4c26-8a1b-a7c1b01a1fb7/build]   | Using legacy 'setup.py install' for aliyun-python-sdk-ocs, since package 'wheel' is not installed.\n[63347127-1513-4c26-8a1b-a7c1b01a1fb7/build]   | Using legacy 'setup.py install' for oss2, since package 'wheel' is not installed.\n[63347127-1513-4c26-8a1b-a7c1b01a1fb7/build]   | Using legacy 'setup.py install' for circuitbreaker, since package 'wheel' is not installed.\n[63347127-1513-4c26-8a1b-a7c1b01a1fb7/build]   | Using legacy 'setup.py install' for crcmod, since package 'wheel' is not installed.\n[63347127-1513-4c26-8a1b-a7c1b01a1fb7/build]   | Using legacy 'setup.py install' for docopt, since package 'wheel' is not installed.\n[63347127-1513-4c26-8a1b-a7c1b01a1fb7/build]   | Using legacy 'setup.py install' for httpagentparser, since package 'wheel' is not installed.\n[63347127-1513-4c26-8a1b-a7c1b01a1fb7/build]   | Installing collected packages: pycparser, pyasn1, zipp, urllib3, six, rsa, pyparsing, pyasn1-modules, protobuf, more-itertools, idna, charset-normalizer, cffi, certifi, cachetools, typing-extensions, requests, pytz, PyJWT, packaging, jaraco.functools, jaraco.context, importlib-resources, googleapis-common-protos, google-auth, cryptography, tempora, python-dateutil, oauthlib, jmespath, jaraco.text, jaraco.classes, importlib-metadata, grpcio, google-api-core, zc.lockfile, tomli, requests-oauthlib, py, proto-plus, portend, portalocker, pluggy, msal, jaraco.collections, isodate, iniconfig, httplib2, google-crc32c, coverage, cheroot, botocore, azure-core, attrs, aliyun-python-sdk-core, uritemplate, typed-ast, s3transfer, pytest, pyOpenSSL, pyflakes, pycryptodome, pycodestyle, mypy-extensions, msrest, msal-extensions, mccabe, humanfriendly, httpagentparser, grpc-google-iam-v1, google-resumable-media, google-cloud-core, google-cloud-audit-log, google-cloud-appengine-logging, google-auth-httplib2, docopt, crcmod, circuitbreaker, cherrypy, azure-mgmt-core, azure-common, aliyun-python-sdk-kms, sqlitedict, pytest-cov, policyuniverse, oss2, oci, oauth2client, netaddr, mypy, msgraph-core, httplib2shim, google-cloud-storage, google-cloud-resource-manager, google-cloud-monitoring, google-cloud-logging, google-cloud-kms, google-cloud-iam, google-cloud-container, google-api-python-client, flake8, coveralls, coloredlogs, codecov, cherrypy-cors, boto3, azure-mgmt-web, azure-mgmt-storage, azure-mgmt-sql, azure-mgmt-security, azure-mgmt-resource, azure-mgmt-redis, azure-mgmt-rdbms, azure-mgmt-network, azure-mgmt-monitor, azure-mgmt-keyvault, azure-mgmt-compute, azure-mgmt-authorization, azure-identity, autopep8, asyncio-throttle, aliyun-python-sdk-vpc, aliyun-python-sdk-sts, aliyun-python-sdk-rds, aliyun-python-sdk-ram, aliyun-python-sdk-ocs, aliyun-python-sdk-ecs, aliyun-python-sdk-actiontrail\n[63347127-1513-4c26-8a1b-a7c1b01a1fb7/build]   |     Running setup.py install for aliyun-python-sdk-core: started\n[63347127-1513-4c26-8a1b-a7c1b01a1fb7/build]   |     Running setup.py install for aliyun-python-sdk-core: finished with status 'done'\n[63347127-1513-4c26-8a1b-a7c1b01a1fb7/build]   |     Running setup.py install for httpagentparser: started\n[63347127-1513-4c26-8a1b-a7c1b01a1fb7/build]   |     Running setup.py install for httpagentparser: finished with status 'done'\n[63347127-1513-4c26-8a1b-a7c1b01a1fb7/build]   |     Running setup.py install for docopt: started\n[63347127-1513-4c26-8a1b-a7c1b01a1fb7/build]   |     Running setup.py install for docopt: finished with status 'done'\n[63347127-1513-4c26-8a1b-a7c1b01a1fb7/build]   |     Running setup.py install for crcmod: started\n[63347127-1513-4c26-8a1b-a7c1b01a1fb7/build]   |     Running setup.py install for crcmod: finished with status 'done'\n[63347127-1513-4c26-8a1b-a7c1b01a1fb7/build]   |     Running setup.py install for circuitbreaker: started\n[63347127-1513-4c26-8a1b-a7c1b01a1fb7/build]   |     Running setup.py install for circuitbreaker: finished with status 'done'\n[63347127-1513-4c26-8a1b-a7c1b01a1fb7/build]   |     Running setup.py install for sqlitedict: started\n[63347127-1513-4c26-8a1b-a7c1b01a1fb7/build]   |     Running setup.py install for sqlitedict: finished with status 'done'\n[63347127-1513-4c26-8a1b-a7c1b01a1fb7/build]   |     Running setup.py install for oss2: started\n[63347127-1513-4c26-8a1b-a7c1b01a1fb7/build]   |     Running setup.py install for oss2: finished with status 'done'\n[63347127-1513-4c26-8a1b-a7c1b01a1fb7/build]   |     Running setup.py install for httplib2shim: started\n[63347127-1513-4c26-8a1b-a7c1b01a1fb7/build]   |     Running setup.py install for httplib2shim: finished with status 'done'\n[63347127-1513-4c26-8a1b-a7c1b01a1fb7/build]   |     Running setup.py install for aliyun-python-sdk-ocs: started\n[63347127-1513-4c26-8a1b-a7c1b01a1fb7/build]   |     Running setup.py install for aliyun-python-sdk-ocs: finished with status 'done'\n[63347127-1513-4c26-8a1b-a7c1b01a1fb7/build]   | Successfully installed PyJWT-2.4.0 aliyun-python-sdk-actiontrail-2.2.0 aliyun-python-sdk-core-2.13.36 aliyun-python-sdk-ecs-4.24.64 aliyun-python-sdk-kms-2.16.1 aliyun-python-sdk-ocs-0.0.4 aliyun-python-sdk-ram-3.3.0 aliyun-python-sdk-rds-2.7.8 aliyun-python-sdk-sts-3.1.1 aliyun-python-sdk-vpc-3.0.42 asyncio-throttle-0.1.1 attrs-22.2.0 autopep8-2.0.0 azure-common-1.1.28 azure-core-1.24.2 azure-identity-1.5.0 azure-mgmt-authorization-1.0.0 azure-mgmt-compute-18.2.0 azure-mgmt-core-1.3.2 azure-mgmt-keyvault-8.0.0 azure-mgmt-monitor-2.0.0 azure-mgmt-network-17.1.0 azure-mgmt-rdbms-8.0.0 azure-mgmt-redis-12.0.0 azure-mgmt-resource-15.0.0 azure-mgmt-security-1.0.0 azure-mgmt-sql-1.0.0 azure-mgmt-storage-16.0.0 azure-mgmt-web-1.0.0 boto3-1.23.10 botocore-1.26.10 cachetools-4.2.4 certifi-2023.5.7 cffi-1.15.1 charset-normalizer-2.0.12 cheroot-10.0.0 cherrypy-18.8.0 cherrypy-cors-1.6 circuitbreaker-1.4.0 codecov-2.1.13 coloredlogs-10.0 coverage-6.2 coveralls-3.3.1 crcmod-1.7 cryptography-39.0.2 docopt-0.6.2 flake8-5.0.4 google-api-core-1.32.0 google-api-python-client-2.52.0 google-auth-1.35.0 google-auth-httplib2-0.1.0 google-cloud-appengine-logging-1.1.2 google-cloud-audit-log-0.2.2 google-cloud-container-2.10.8 google-cloud-core-2.3.1 google-cloud-iam-2.7.0 google-cloud-kms-1.3.0 google-cloud-logging-3.1.2 google-cloud-monitoring-1.1.0 google-cloud-resource-manager-1.5.1 google-cloud-storage-2.0.0 google-crc32c-1.3.0 google-resumable-media-2.3.3 googleapis-common-protos-1.56.3 grpc-google-iam-v1-0.12.4 grpcio-1.48.2 httpagentparser-1.9.5 httplib2-0.22.0 httplib2shim-0.0.3 humanfriendly-10.0 idna-3.4 importlib-metadata-4.2.0 importlib-resources-5.4.0 iniconfig-1.1.1 isodate-0.6.1 jaraco.classes-3.2.1 jaraco.collections-3.4.0 jaraco.context-4.1.1 jaraco.functools-3.4.0 jaraco.text-3.7.0 jmespath-0.10.0 mccabe-0.7.0 more-itertools-8.14.0 msal-1.22.0 msal-extensions-0.3.1 msgraph-core-0.2.2 msrest-0.7.1 mypy-0.971 mypy-extensions-1.0.0 netaddr-0.8.0 oauth2client-4.1.3 oauthlib-3.2.2 oci-2.105.0 oss2-2.18.0 packaging-21.3 pluggy-1.0.0 policyuniverse-1.4.0.20220414 portalocker-2.7.0 portend-3.0.0 proto-plus-1.22.3 protobuf-3.19.6 py-1.11.0 pyOpenSSL-23.2.0 pyasn1-0.5.0 pyasn1-modules-0.3.0 pycodestyle-2.9.1 pycparser-2.21 pycryptodome-3.18.0 pyflakes-2.5.0 pyparsing-3.1.0 pytest-7.0.1 pytest-cov-4.0.0 python-dateutil-2.8.0 pytz-2023.3 requests-2.27.1 requests-oauthlib-1.3.1 rsa-4.9 s3transfer-0.5.2 six-1.16.0 sqlitedict-2.1.0 tempora-4.1.2 tomli-1.2.3 typed-ast-1.5.4 typing-extensions-4.1.1 uritemplate-4.1.1 urllib3-1.26.16 zc.lockfile-2.0 zipp-3.6.0\n[63347127-1513-4c26-8a1b-a7c1b01a1fb7/build]   \u2705  Success - Main Install dependencies\n[63347127-1513-4c26-8a1b-a7c1b01a1fb7/build] \u2b50 Run Main Lint with flake8\n[63347127-1513-4c26-8a1b-a7c1b01a1fb7/build]   \ud83d\udc33  docker exec cmd=[bash --noprofile --norc -e -o pipefail /var/run/act/workflow/4] user= workdir=\n[63347127-1513-4c26-8a1b-a7c1b01a1fb7/build]   | 0\n[63347127-1513-4c26-8a1b-a7c1b01a1fb7/build]   \u2705  Success - Main Lint with flake8\n[63347127-1513-4c26-8a1b-a7c1b01a1fb7/build] \u2b50 Run Main Autopep 8\n[63347127-1513-4c26-8a1b-a7c1b01a1fb7/build]   \ud83d\udc33  docker exec cmd=[bash --noprofile --norc -e -o pipefail /var/run/act/workflow/5] user= workdir=\n[63347127-1513-4c26-8a1b-a7c1b01a1fb7/build]   \u2705  Success - Main Autopep 8\n[63347127-1513-4c26-8a1b-a7c1b01a1fb7/build] \u2b50 Run Main Test with pytest and generate coverage report\n[63347127-1513-4c26-8a1b-a7c1b01a1fb7/build]   \ud83d\udc33  docker exec cmd=[bash --noprofile --norc -e -o pipefail /var/run/act/workflow/6] user= workdir=\n[63347127-1513-4c26-8a1b-a7c1b01a1fb7/build]   | ============================= test session starts ==============================\n[63347127-1513-4c26-8a1b-a7c1b01a1fb7/build]   | platform linux -- Python 3.6.14, pytest-7.0.1, pluggy-1.0.0\n[63347127-1513-4c26-8a1b-a7c1b01a1fb7/build]   | rootdir: /tmp/ad9c0f7e-1596-11ee-8a50-bb14de238602/nccgroup-ScoutSuite, configfile: pytest.ini\n[63347127-1513-4c26-8a1b-a7c1b01a1fb7/build]   | plugins: cov-4.0.0\n[63347127-1513-4c26-8a1b-a7c1b01a1fb7/build]   | collected 52 items\n[63347127-1513-4c26-8a1b-a7c1b01a1fb7/build]   | \n[63347127-1513-4c26-8a1b-a7c1b01a1fb7/build]   | tests/test_aws_provider.py ..s                                           [  5%]\n[63347127-1513-4c26-8a1b-a7c1b01a1fb7/build]   | tests/test_azure_provider.py ..                                          [  9%]\n[63347127-1513-4c26-8a1b-a7c1b01a1fb7/build]   | tests/test_core.py ....                                                  [ 17%]\n[63347127-1513-4c26-8a1b-a7c1b01a1fb7/build]   | tests/test_main.py ......                                                [ 28%]\n[63347127-1513-4c26-8a1b-a7c1b01a1fb7/build]   | tests/test_output.py ..                                                  [ 32%]\n[63347127-1513-4c26-8a1b-a7c1b01a1fb7/build]   | tests/test_resources.py .                                                [ 34%]\n[63347127-1513-4c26-8a1b-a7c1b01a1fb7/build]   | tests/test_rules_processingengine.py .                                   [ 36%]\n[63347127-1513-4c26-8a1b-a7c1b01a1fb7/build]   | tests/test_rules_ruleset.py ........                                     [ 51%]\n[63347127-1513-4c26-8a1b-a7c1b01a1fb7/build]   | tests/test_scoutsuite.py x.                                              [ 55%]\n[63347127-1513-4c26-8a1b-a7c1b01a1fb7/build]   | tests/test_utils.py .....F..                                             [ 71%]\n[63347127-1513-4c26-8a1b-a7c1b01a1fb7/build]   | tests/test_utils_conditions.py ..                                        [ 75%]\n[63347127-1513-4c26-8a1b-a7c1b01a1fb7/build]   | tests/test_utils_console.py .........                                    [ 92%]\n[63347127-1513-4c26-8a1b-a7c1b01a1fb7/build]   | tests/test_utils_fs.py ....                                              [100%]\n[63347127-1513-4c26-8a1b-a7c1b01a1fb7/build]   | \n[63347127-1513-4c26-8a1b-a7c1b01a1fb7/build]   | =================================== FAILURES ===================================\n[63347127-1513-4c26-8a1b-a7c1b01a1fb7/build]   | ____________________ TestScoutUtilsClass.test_is_throttled _____________________\n[63347127-1513-4c26-8a1b-a7c1b01a1fb7/build]   | \n[63347127-1513-4c26-8a1b-a7c1b01a1fb7/build]   | self = <test_utils.TestScoutUtilsClass testMethod=test_is_throttled>\n[63347127-1513-4c26-8a1b-a7c1b01a1fb7/build]   | \n[63347127-1513-4c26-8a1b-a7c1b01a1fb7/build]   |     def test_is_throttled(self):\n[63347127-1513-4c26-8a1b-a7c1b01a1fb7/build]   |         CustomException = collections.namedtuple(\"CustomException\", \"response\")\n[63347127-1513-4c26-8a1b-a7c1b01a1fb7/build]   |         # test the throttling cases\n[63347127-1513-4c26-8a1b-a7c1b01a1fb7/build]   |         for t in [\"Throttling\", \"RequestLimitExceeded\", \"ThrottlingException\"]:\n[63347127-1513-4c26-8a1b-a7c1b01a1fb7/build]   |             e = CustomException(response={\"Error\": {\"Code\": t}})\n[63347127-1513-4c26-8a1b-a7c1b01a1fb7/build]   |             assert is_throttled(e)\n[63347127-1513-4c26-8a1b-a7c1b01a1fb7/build]   |         # test the non-throttling exception\n[63347127-1513-4c26-8a1b-a7c1b01a1fb7/build]   |         e = CustomException(response={\"Error\": {\"Code\": \"Not Throttling\"}})\n[63347127-1513-4c26-8a1b-a7c1b01a1fb7/build]   | >       assert not is_throttled(e)\n[63347127-1513-4c26-8a1b-a7c1b01a1fb7/build]   | E       AssertionError: assert not True\n[63347127-1513-4c26-8a1b-a7c1b01a1fb7/build]   | E        +  where True = is_throttled(CustomException(response={'Error': {'Code': 'Not Throttling'}}))\n[63347127-1513-4c26-8a1b-a7c1b01a1fb7/build]   | \n[63347127-1513-4c26-8a1b-a7c1b01a1fb7/build]   | tests/test_utils.py:45: AssertionError\n[63347127-1513-4c26-8a1b-a7c1b01a1fb7/build]   | =============================== warnings summary ===============================\n[63347127-1513-4c26-8a1b-a7c1b01a1fb7/build]   | ../../../opt/hostedtoolcache/Python/3.6.14/x64/lib/python3.6/site-packages/OpenSSL/_util.py:6\n[63347127-1513-4c26-8a1b-a7c1b01a1fb7/build]   |   /opt/hostedtoolcache/Python/3.6.14/x64/lib/python3.6/site-packages/OpenSSL/_util.py:6: CryptographyDeprecationWarning: Python 3.6 is no longer supported by the Python core team. Therefore, support for it is deprecated in cryptography. The next release of cryptography (40.0) will be the last to support Python 3.6.\n[63347127-1513-4c26-8a1b-a7c1b01a1fb7/build]   |     from cryptography.hazmat.bindings.openssl.binding import Binding\n[63347127-1513-4c26-8a1b-a7c1b01a1fb7/build]   | \n[63347127-1513-4c26-8a1b-a7c1b01a1fb7/build]   | ../../../opt/hostedtoolcache/Python/3.6.14/x64/lib/python3.6/site-packages/botocore/httpsession.py:41\n[63347127-1513-4c26-8a1b-a7c1b01a1fb7/build]   |   /opt/hostedtoolcache/Python/3.6.14/x64/lib/python3.6/site-packages/botocore/httpsession.py:41: DeprecationWarning: 'urllib3.contrib.pyopenssl' module is deprecated and will be removed in a future release of urllib3 2.x. Read more in this issue: https://github.com/urllib3/urllib3/issues/2680\n[63347127-1513-4c26-8a1b-a7c1b01a1fb7/build]   |     from urllib3.contrib.pyopenssl import orig_util_SSLContext as SSLContext\n[63347127-1513-4c26-8a1b-a7c1b01a1fb7/build]   | \n[63347127-1513-4c26-8a1b-a7c1b01a1fb7/build]   | ScoutSuite/providers/utils.py:137\n[63347127-1513-4c26-8a1b-a7c1b01a1fb7/build]   |   /tmp/ad9c0f7e-1596-11ee-8a50-bb14de238602/nccgroup-ScoutSuite/ScoutSuite/providers/utils.py:137: DeprecationWarning: invalid escape sequence \\-\n[63347127-1513-4c26-8a1b-a7c1b01a1fb7/build]   |     re.compile(\"(adobe[a-z0-9_ .\\-,]{0,25})(=|>|:=|\\|\\|:|<=|=>|:).{0,5}['\\\"]([a-f0-9]{32})['\\\"]\"),\n[63347127-1513-4c26-8a1b-a7c1b01a1fb7/build]   | \n[63347127-1513-4c26-8a1b-a7c1b01a1fb7/build]   | ScoutSuite/providers/utils.py:143\n[63347127-1513-4c26-8a1b-a7c1b01a1fb7/build]   |   /tmp/ad9c0f7e-1596-11ee-8a50-bb14de238602/nccgroup-ScoutSuite/ScoutSuite/providers/utils.py:143: DeprecationWarning: invalid escape sequence \\-\n[63347127-1513-4c26-8a1b-a7c1b01a1fb7/build]   |     re.compile(\"(alibaba[a-z0-9_ .\\-,]{0,25})(=|>|:=|\\|\\|:|<=|=>|:).{0,5}['\\\"]([a-z0-9]{30})['\\\"]\"),\n[63347127-1513-4c26-8a1b-a7c1b01a1fb7/build]   | \n[63347127-1513-4c26-8a1b-a7c1b01a1fb7/build]   | ScoutSuite/providers/utils.py:145\n[63347127-1513-4c26-8a1b-a7c1b01a1fb7/build]   |   /tmp/ad9c0f7e-1596-11ee-8a50-bb14de238602/nccgroup-ScoutSuite/ScoutSuite/providers/utils.py:145: DeprecationWarning: invalid escape sequence \\-\n[63347127-1513-4c26-8a1b-a7c1b01a1fb7/build]   |     re.compile(\"(asana[a-z0-9_ .\\-,]{0,25})(=|>|:=|\\|\\|:|<=|=>|:).{0,5}['\\\"]([0-9]{16})['\\\"]\"),\n[63347127-1513-4c26-8a1b-a7c1b01a1fb7/build]   | \n[63347127-1513-4c26-8a1b-a7c1b01a1fb7/build]   | ScoutSuite/providers/utils.py:147\n[63347127-1513-4c26-8a1b-a7c1b01a1fb7/build]   |   /tmp/ad9c0f7e-1596-11ee-8a50-bb14de238602/nccgroup-ScoutSuite/ScoutSuite/providers/utils.py:147: DeprecationWarning: invalid escape sequence \\-\n[63347127-1513-4c26-8a1b-a7c1b01a1fb7/build]   |     re.compile(\"(asana[a-z0-9_ .\\-,]{0,25})(=|>|:=|\\|\\|:|<=|=>|:).{0,5}['\\\"]([a-z0-9]{32})['\\\"]\"),\n[63347127-1513-4c26-8a1b-a7c1b01a1fb7/build]   | \n[63347127-1513-4c26-8a1b-a7c1b01a1fb7/build]   | ScoutSuite/providers/utils.py:149\n[63347127-1513-4c26-8a1b-a7c1b01a1fb7/build]   |   /tmp/ad9c0f7e-1596-11ee-8a50-bb14de238602/nccgroup-ScoutSuite/ScoutSuite/providers/utils.py:149: DeprecationWarning: invalid escape sequence \\-\n[63347127-1513-4c26-8a1b-a7c1b01a1fb7/build]   |     re.compile(\"(atlassian[a-z0-9_ .\\-,]{0,25})(=|>|:=|\\|\\|:|<=|=>|:).{0,5}['\\\"]([a-z0-9]{24})['\\\"]\"),\n[63347127-1513-4c26-8a1b-a7c1b01a1fb7/build]   | \n[63347127-1513-4c26-8a1b-a7c1b01a1fb7/build]   | ScoutSuite/providers/utils.py:151\n[63347127-1513-4c26-8a1b-a7c1b01a1fb7/build]   |   /tmp/ad9c0f7e-1596-11ee-8a50-bb14de238602/nccgroup-ScoutSuite/ScoutSuite/providers/utils.py:151: DeprecationWarning: invalid escape sequence \\-\n[63347127-1513-4c26-8a1b-a7c1b01a1fb7/build]   |     re.compile(\"(beamer[a-z0-9_ .\\-,]{0,25})(=|>|:=|\\|\\|:|<=|=>|:).{0,5}['\\\"](b_[a-z0-9=_\\-]{44})['\\\"]\"),\n[63347127-1513-4c26-8a1b-a7c1b01a1fb7/build]   | \n[63347127-1513-4c26-8a1b-a7c1b01a1fb7/build]   | ScoutSuite/providers/utils.py:153\n[63347127-1513-4c26-8a1b-a7c1b01a1fb7/build]   |   /tmp/ad9c0f7e-1596-11ee-8a50-bb14de238602/nccgroup-ScoutSuite/ScoutSuite/providers/utils.py:153: DeprecationWarning: invalid escape sequence \\-\n[63347127-1513-4c26-8a1b-a7c1b01a1fb7/build]   |     re.compile(\"(bitbucket[a-z0-9_ .\\-,]{0,25})(=|>|:=|\\|\\|:|<=|=>|:).{0,5}['\\\"]([a-z0-9]{32})['\\\"]\"),\n[63347127-1513-4c26-8a1b-a7c1b01a1fb7/build]   | \n[63347127-1513-4c26-8a1b-a7c1b01a1fb7/build]   | ScoutSuite/providers/utils.py:155\n[63347127-1513-4c26-8a1b-a7c1b01a1fb7/build]   |   /tmp/ad9c0f7e-1596-11ee-8a50-bb14de238602/nccgroup-ScoutSuite/ScoutSuite/providers/utils.py:155: DeprecationWarning: invalid escape sequence \\-\n[63347127-1513-4c26-8a1b-a7c1b01a1fb7/build]   |     re.compile(\"(bitbucket[a-z0-9_ .\\-,]{0,25})(=|>|:=|\\|\\|:|<=|=>|:).{0,5}['\\\"]([a-z0-9_\\-]{64})['\\\"]\"),\n[63347127-1513-4c26-8a1b-a7c1b01a1fb7/build]   | \n[63347127-1513-4c26-8a1b-a7c1b01a1fb7/build]   | ScoutSuite/providers/utils.py:159\n[63347127-1513-4c26-8a1b-a7c1b01a1fb7/build]   |   /tmp/ad9c0f7e-1596-11ee-8a50-bb14de238602/nccgroup-ScoutSuite/ScoutSuite/providers/utils.py:159: DeprecationWarning: invalid escape sequence \\-\n[63347127-1513-4c26-8a1b-a7c1b01a1fb7/build]   |     re.compile(\"(contentful[a-z0-9_ .\\-,]{0,25})(=|>|:=|\\|\\|:|<=|=>|:).{0,5}['\\\"]([a-z0-9\\-=_]{43})['\\\"]\"),\n[63347127-1513-4c26-8a1b-a7c1b01a1fb7/build]   | \n[63347127-1513-4c26-8a1b-a7c1b01a1fb7/build]   | ScoutSuite/providers/utils.py:163\n[63347127-1513-4c26-8a1b-a7c1b01a1fb7/build]   |   /tmp/ad9c0f7e-1596-11ee-8a50-bb14de238602/nccgroup-ScoutSuite/ScoutSuite/providers/utils.py:163: DeprecationWarning: invalid escape sequence \\-\n[63347127-1513-4c26-8a1b-a7c1b01a1fb7/build]   |     re.compile(\"(discord[a-z0-9_ .\\-,]{0,25})(=|>|:=|\\|\\|:|<=|=>|:).{0,5}['\\\"]([a-h0-9]{64})['\\\"]\"),\n[63347127-1513-4c26-8a1b-a7c1b01a1fb7/build]   | \n[63347127-1513-4c26-8a1b-a7c1b01a1fb7/build]   | ScoutSuite/providers/utils.py:165\n[63347127-1513-4c26-8a1b-a7c1b01a1fb7/build]   |   /tmp/ad9c0f7e-1596-11ee-8a50-bb14de238602/nccgroup-ScoutSuite/ScoutSuite/providers/utils.py:165: DeprecationWarning: invalid escape sequence \\-\n[63347127-1513-4c26-8a1b-a7c1b01a1fb7/build]   |     re.compile(\"(discord[a-z0-9_ .\\-,]{0,25})(=|>|:=|\\|\\|:|<=|=>|:).{0,5}['\\\"]([0-9]{18})['\\\"]\"),\n[63347127-1513-4c26-8a1b-a7c1b01a1fb7/build]   | \n[63347127-1513-4c26-8a1b-a7c1b01a1fb7/build]   | ScoutSuite/providers/utils.py:167\n[63347127-1513-4c26-8a1b-a7c1b01a1fb7/build]   |   /tmp/ad9c0f7e-1596-11ee-8a50-bb14de238602/nccgroup-ScoutSuite/ScoutSuite/providers/utils.py:167: DeprecationWarning: invalid escape sequence \\-\n[63347127-1513-4c26-8a1b-a7c1b01a1fb7/build]   |     re.compile(\"(discord[a-z0-9_ .\\-,]{0,25})(=|>|:=|\\|\\|:|<=|=>|:).{0,5}['\\\"]([a-z0-9=_\\-]{32})['\\\"]\"),\n[63347127-1513-4c26-8a1b-a7c1b01a1fb7/build]   | \n[63347127-1513-4c26-8a1b-a7c1b01a1fb7/build]   | ScoutSuite/providers/utils.py:169\n[63347127-1513-4c26-8a1b-a7c1b01a1fb7/build]   |   /tmp/ad9c0f7e-1596-11ee-8a50-bb14de238602/nccgroup-ScoutSuite/ScoutSuite/providers/utils.py:169: DeprecationWarning: invalid escape sequence \\.\n[63347127-1513-4c26-8a1b-a7c1b01a1fb7/build]   |     re.compile(\"['\\\"](dp\\.pt\\.)(?i)[a-z0-9]{43}['\\\"]\"),\n[63347127-1513-4c26-8a1b-a7c1b01a1fb7/build]   | \n[63347127-1513-4c26-8a1b-a7c1b01a1fb7/build]   | ScoutSuite/providers/utils.py:171\n[63347127-1513-4c26-8a1b-a7c1b01a1fb7/build]   |   /tmp/ad9c0f7e-1596-11ee-8a50-bb14de238602/nccgroup-ScoutSuite/ScoutSuite/providers/utils.py:171: DeprecationWarning: invalid escape sequence \\-\n[63347127-1513-4c26-8a1b-a7c1b01a1fb7/build]   |     re.compile(\"(dropbox[a-z0-9_ .\\-,]{0,25})(=|>|:=|\\|\\|:|<=|=>|:).{0,5}['\\\"]([a-z0-9]{15})['\\\"]\"),\n[63347127-1513-4c26-8a1b-a7c1b01a1fb7/build]   | \n[63347127-1513-4c26-8a1b-a7c1b01a1fb7/build]   | ScoutSuite/providers/utils.py:174\n[63347127-1513-4c26-8a1b-a7c1b01a1fb7/build]   |   /tmp/ad9c0f7e-1596-11ee-8a50-bb14de238602/nccgroup-ScoutSuite/ScoutSuite/providers/utils.py:174: DeprecationWarning: invalid escape sequence \\-\n[63347127-1513-4c26-8a1b-a7c1b01a1fb7/build]   |     \"(dropbox[a-z0-9_ .\\-,]{0,25})(=|>|:=|\\|\\|:|<=|=>|:).{0,5}['\\\"][a-z0-9]{11}(AAAAAAAAAA)[a-z0-9\\-_=]{43}['\\\"]\"),\n[63347127-1513-4c26-8a1b-a7c1b01a1fb7/build]   | \n[63347127-1513-4c26-8a1b-a7c1b01a1fb7/build]   | ScoutSuite/providers/utils.py:177\n[63347127-1513-4c26-8a1b-a7c1b01a1fb7/build]   |   /tmp/ad9c0f7e-1596-11ee-8a50-bb14de238602/nccgroup-ScoutSuite/ScoutSuite/providers/utils.py:177: DeprecationWarning: invalid escape sequence \\-\n[63347127-1513-4c26-8a1b-a7c1b01a1fb7/build]   |     \"(dropbox[a-z0-9_ .\\-,]{0,25})(=|>|:=|\\|\\|:|<=|=>|:).{0,5}['\\\"](sl\\.[a-z0-9\\-=_]{135})['\\\"]\"),\n[63347127-1513-4c26-8a1b-a7c1b01a1fb7/build]   | \n[63347127-1513-4c26-8a1b-a7c1b01a1fb7/build]   | ScoutSuite/providers/utils.py:181\n[63347127-1513-4c26-8a1b-a7c1b01a1fb7/build]   |   /tmp/ad9c0f7e-1596-11ee-8a50-bb14de238602/nccgroup-ScoutSuite/ScoutSuite/providers/utils.py:181: DeprecationWarning: invalid escape sequence \\.\n[63347127-1513-4c26-8a1b-a7c1b01a1fb7/build]   |     re.compile(\"['\\\"]dt0c01\\.(?i)[a-z0-9]{24}\\.[a-z0-9]{64}['\\\"]\"),\n[63347127-1513-4c26-8a1b-a7c1b01a1fb7/build]   | \n[63347127-1513-4c26-8a1b-a7c1b01a1fb7/build]   | ScoutSuite/providers/utils.py:187\n[63347127-1513-4c26-8a1b-a7c1b01a1fb7/build]   |   /tmp/ad9c0f7e-1596-11ee-8a50-bb14de238602/nccgroup-ScoutSuite/ScoutSuite/providers/utils.py:187: DeprecationWarning: invalid escape sequence \\-\n[63347127-1513-4c26-8a1b-a7c1b01a1fb7/build]   |     re.compile(\"(fastly[a-z0-9_ .\\-,]{0,25})(=|>|:=|\\|\\|:|<=|=>|:).{0,5}['\\\"]([a-z0-9\\-=_]{32})['\\\"]\"),\n[63347127-1513-4c26-8a1b-a7c1b01a1fb7/build]   | \n[63347127-1513-4c26-8a1b-a7c1b01a1fb7/build]   | ScoutSuite/providers/utils.py:189\n[63347127-1513-4c26-8a1b-a7c1b01a1fb7/build]   |   /tmp/ad9c0f7e-1596-11ee-8a50-bb14de238602/nccgroup-ScoutSuite/ScoutSuite/providers/utils.py:189: DeprecationWarning: invalid escape sequence \\-\n[63347127-1513-4c26-8a1b-a7c1b01a1fb7/build]   |     re.compile(\"(finicity[a-z0-9_ .\\-,]{0,25})(=|>|:=|\\|\\|:|<=|=>|:).{0,5}['\\\"]([a-f0-9]{32})['\\\"]\"),\n[63347127-1513-4c26-8a1b-a7c1b01a1fb7/build]   | \n[63347127-1513-4c26-8a1b-a7c1b01a1fb7/build]   | ScoutSuite/providers/utils.py:191\n[63347127-1513-4c26-8a1b-a7c1b01a1fb7/build]   |   /tmp/ad9c0f7e-1596-11ee-8a50-bb14de238602/nccgroup-ScoutSuite/ScoutSuite/providers/utils.py:191: DeprecationWarning: invalid escape sequence \\-\n[63347127-1513-4c26-8a1b-a7c1b01a1fb7/build]   |     re.compile(\"(finicity[a-z0-9_ .\\-,]{0,25})(=|>|:=|\\|\\|:|<=|=>|:).{0,5}['\\\"]([a-z0-9]{20})['\\\"]\"),\n[63347127-1513-4c26-8a1b-a7c1b01a1fb7/build]   | \n[63347127-1513-4c26-8a1b-a7c1b01a1fb7/build]   | ScoutSuite/providers/utils.py:199\n[63347127-1513-4c26-8a1b-a7c1b01a1fb7/build]   |   /tmp/ad9c0f7e-1596-11ee-8a50-bb14de238602/nccgroup-ScoutSuite/ScoutSuite/providers/utils.py:199: DeprecationWarning: invalid escape sequence \\-\n[63347127-1513-4c26-8a1b-a7c1b01a1fb7/build]   |     re.compile(\"fio-u-(?i)[a-z0-9\\-_=]{64}\"),\n[63347127-1513-4c26-8a1b-a7c1b01a1fb7/build]   | \n[63347127-1513-4c26-8a1b-a7c1b01a1fb7/build]   | ScoutSuite/providers/utils.py:202\n[63347127-1513-4c26-8a1b-a7c1b01a1fb7/build]   |   /tmp/ad9c0f7e-1596-11ee-8a50-bb14de238602/nccgroup-ScoutSuite/ScoutSuite/providers/utils.py:202: DeprecationWarning: invalid escape sequence \\-\n[63347127-1513-4c26-8a1b-a7c1b01a1fb7/build]   |     \"((key|api[^Version]|token|secret|password)[a-z0-9_ .\\-,]{0,25})(=|>|:=|\\|\\|:|<=|=>|:).{0,5}['\\\"]([0-9a-zA-Z\\-_=]{8,64})['\\\"]\"),\n[63347127-1513-4c26-8a1b-a7c1b01a1fb7/build]   | \n[63347127-1513-4c26-8a1b-a7c1b01a1fb7/build]   | ScoutSuite/providers/utils.py:216\n[63347127-1513-4c26-8a1b-a7c1b01a1fb7/build]   |   /tmp/ad9c0f7e-1596-11ee-8a50-bb14de238602/nccgroup-ScoutSuite/ScoutSuite/providers/utils.py:216: DeprecationWarning: invalid escape sequence \\-\n[63347127-1513-4c26-8a1b-a7c1b01a1fb7/build]   |     re.compile(\"glpat-[0-9a-zA-Z\\-\\_]{20}\"),\n[63347127-1513-4c26-8a1b-a7c1b01a1fb7/build]   | \n[63347127-1513-4c26-8a1b-a7c1b01a1fb7/build]   | ScoutSuite/providers/utils.py:218\n[63347127-1513-4c26-8a1b-a7c1b01a1fb7/build]   |   /tmp/ad9c0f7e-1596-11ee-8a50-bb14de238602/nccgroup-ScoutSuite/ScoutSuite/providers/utils.py:218: DeprecationWarning: invalid escape sequence \\-\n[63347127-1513-4c26-8a1b-a7c1b01a1fb7/build]   |     re.compile(\"['\\\"]live_(?i)[a-z0-9\\-_=]{40}['\\\"]\"),\n[63347127-1513-4c26-8a1b-a7c1b01a1fb7/build]   | \n[63347127-1513-4c26-8a1b-a7c1b01a1fb7/build]   | ScoutSuite/providers/utils.py:222\n[63347127-1513-4c26-8a1b-a7c1b01a1fb7/build]   |   /tmp/ad9c0f7e-1596-11ee-8a50-bb14de238602/nccgroup-ScoutSuite/ScoutSuite/providers/utils.py:222: DeprecationWarning: invalid escape sequence \\-\n[63347127-1513-4c26-8a1b-a7c1b01a1fb7/build]   |     re.compile(\"['\\\"]eyJrIjoi(?i)[a-z0-9\\-_=]{72,92}['\\\"]\"),\n[63347127-1513-4c26-8a1b-a7c1b01a1fb7/build]   | \n[63347127-1513-4c26-8a1b-a7c1b01a1fb7/build]   | ScoutSuite/providers/utils.py:224\n[63347127-1513-4c26-8a1b-a7c1b01a1fb7/build]   |   /tmp/ad9c0f7e-1596-11ee-8a50-bb14de238602/nccgroup-ScoutSuite/ScoutSuite/providers/utils.py:224: DeprecationWarning: invalid escape sequence \\.\n[63347127-1513-4c26-8a1b-a7c1b01a1fb7/build]   |     re.compile(\"['\\\"](?i)[a-z0-9]{14}\\.atlasv1\\.[a-z0-9\\-_=]{60,70}['\\\"]\"),\n[63347127-1513-4c26-8a1b-a7c1b01a1fb7/build]   | \n[63347127-1513-4c26-8a1b-a7c1b01a1fb7/build]   | ScoutSuite/providers/utils.py:227\n[63347127-1513-4c26-8a1b-a7c1b01a1fb7/build]   |   /tmp/ad9c0f7e-1596-11ee-8a50-bb14de238602/nccgroup-ScoutSuite/ScoutSuite/providers/utils.py:227: DeprecationWarning: invalid escape sequence \\-\n[63347127-1513-4c26-8a1b-a7c1b01a1fb7/build]   |     \"(heroku[a-z0-9_ .\\-,]{0,25})(=|>|:=|\\|\\|:|<=|=>|:).{0,5}['\\\"]([0-9A-F]{8}-[0-9A-F]{4}-[0-9A-F]{4}-[0-9A-F]{4}-[0-9A-F]{12})['\\\"]\"),\n[63347127-1513-4c26-8a1b-a7c1b01a1fb7/build]   | \n[63347127-1513-4c26-8a1b-a7c1b01a1fb7/build]   | ScoutSuite/providers/utils.py:229\n[63347127-1513-4c26-8a1b-a7c1b01a1fb7/build]   |   /tmp/ad9c0f7e-1596-11ee-8a50-bb14de238602/nccgroup-ScoutSuite/ScoutSuite/providers/utils.py:229: DeprecationWarning: invalid escape sequence \\-\n[63347127-1513-4c26-8a1b-a7c1b01a1fb7/build]   |     re.compile(\"(intercom[a-z0-9_ .\\-,]{0,25})(=|>|:=|\\|\\|:|<=|=>|:).{0,5}['\\\"]([a-z0-9=_]{60})['\\\"]\"),\n[63347127-1513-4c26-8a1b-a7c1b01a1fb7/build]   | \n[63347127-1513-4c26-8a1b-a7c1b01a1fb7/build]   | ScoutSuite/providers/utils.py:232\n[63347127-1513-4c26-8a1b-a7c1b01a1fb7/build]   |   /tmp/ad9c0f7e-1596-11ee-8a50-bb14de238602/nccgroup-ScoutSuite/ScoutSuite/providers/utils.py:232: DeprecationWarning: invalid escape sequence \\-\n[63347127-1513-4c26-8a1b-a7c1b01a1fb7/build]   |     \"(intercom[a-z0-9_ .\\-,]{0,25})(=|>|:=|\\|\\|:|<=|=>|:).{0,5}['\\\"]([a-h0-9]{8}-[a-h0-9]{4}-[a-h0-9]{4}-[a-h0-9]{4}-[a-h0-9]{12})['\\\"]\"),\n[63347127-1513-4c26-8a1b-a7c1b01a1fb7/build]   | \n[63347127-1513-4c26-8a1b-a7c1b01a1fb7/build]   | ScoutSuite/providers/utils.py:234\n[63347127-1513-4c26-8a1b-a7c1b01a1fb7/build]   |   /tmp/ad9c0f7e-1596-11ee-8a50-bb14de238602/nccgroup-ScoutSuite/ScoutSuite/providers/utils.py:234: DeprecationWarning: invalid escape sequence \\-\n[63347127-1513-4c26-8a1b-a7c1b01a1fb7/build]   |     re.compile(\"(ionic[a-z0-9_ .\\-,]{0,25})(=|>|:=|\\|\\|:|<=|=>|:).{0,5}['\\\"](ion_[a-z0-9]{42})['\\\"]\"),\n[63347127-1513-4c26-8a1b-a7c1b01a1fb7/build]   | \n[63347127-1513-4c26-8a1b-a7c1b01a1fb7/build]   | ScoutSuite/providers/utils.py:238\n[63347127-1513-4c26-8a1b-a7c1b01a1fb7/build]   |   /tmp/ad9c0f7e-1596-11ee-8a50-bb14de238602/nccgroup-ScoutSuite/ScoutSuite/providers/utils.py:238: DeprecationWarning: invalid escape sequence \\-\n[63347127-1513-4c26-8a1b-a7c1b01a1fb7/build]   |     re.compile(\"(linear[a-z0-9_ .\\-,]{0,25})(=|>|:=|\\|\\|:|<=|=>|:).{0,5}['\\\"]([a-f0-9]{32})['\\\"]\"),\n[63347127-1513-4c26-8a1b-a7c1b01a1fb7/build]   | \n[63347127-1513-4c26-8a1b-a7c1b01a1fb7/build]   | ScoutSuite/providers/utils.py:240\n[63347127-1513-4c26-8a1b-a7c1b01a1fb7/build]   |   /tmp/ad9c0f7e-1596-11ee-8a50-bb14de238602/nccgroup-ScoutSuite/ScoutSuite/providers/utils.py:240: DeprecationWarning: invalid escape sequence \\-\n[63347127-1513-4c26-8a1b-a7c1b01a1fb7/build]   |     re.compile(\"(linkedin[a-z0-9_ .\\-,]{0,25})(=|>|:=|\\|\\|:|<=|=>|:).{0,5}['\\\"]([a-z0-9]{14})['\\\"]\"),\n[63347127-1513-4c26-8a1b-a7c1b01a1fb7/build]   | \n[63347127-1513-4c26-8a1b-a7c1b01a1fb7/build]   | ScoutSuite/providers/utils.py:242\n[63347127-1513-4c26-8a1b-a7c1b01a1fb7/build]   |   /tmp/ad9c0f7e-1596-11ee-8a50-bb14de238602/nccgroup-ScoutSuite/ScoutSuite/providers/utils.py:242: DeprecationWarning: invalid escape sequence \\-\n[63347127-1513-4c26-8a1b-a7c1b01a1fb7/build]   |     re.compile(\"(linkedin[a-z0-9_ .\\-,]{0,25})(=|>|:=|\\|\\|:|<=|=>|:).{0,5}['\\\"]([a-z]{16})['\\\"]\"),\n[63347127-1513-4c26-8a1b-a7c1b01a1fb7/build]   | \n[63347127-1513-4c26-8a1b-a7c1b01a1fb7/build]   | ScoutSuite/providers/utils.py:244\n[63347127-1513-4c26-8a1b-a7c1b01a1fb7/build]   |   /tmp/ad9c0f7e-1596-11ee-8a50-bb14de238602/nccgroup-ScoutSuite/ScoutSuite/providers/utils.py:244: DeprecationWarning: invalid escape sequence \\-\n[63347127-1513-4c26-8a1b-a7c1b01a1fb7/build]   |     re.compile(\"(lob[a-z0-9_ .\\-,]{0,25})(=|>|:=|\\|\\|:|<=|=>|:).{0,5}['\\\"]((live|test)_[a-f0-9]{35})['\\\"]\"),\n[63347127-1513-4c26-8a1b-a7c1b01a1fb7/build]   | \n[63347127-1513-4c26-8a1b-a7c1b01a1fb7/build]   | ScoutSuite/providers/utils.py:247\n[63347127-1513-4c26-8a1b-a7c1b01a1fb7/build]   |   /tmp/ad9c0f7e-1596-11ee-8a50-bb14de238602/nccgroup-ScoutSuite/ScoutSuite/providers/utils.py:247: DeprecationWarning: invalid escape sequence \\-\n[63347127-1513-4c26-8a1b-a7c1b01a1fb7/build]   |     \"(lob[a-z0-9_ .\\-,]{0,25})(=|>|:=|\\|\\|:|<=|=>|:).{0,5}['\\\"]((test|live)_pub_[a-f0-9]{31})['\\\"]\"),\n[63347127-1513-4c26-8a1b-a7c1b01a1fb7/build]   | \n[63347127-1513-4c26-8a1b-a7c1b01a1fb7/build]   | ScoutSuite/providers/utils.py:249\n[63347127-1513-4c26-8a1b-a7c1b01a1fb7/build]   |   /tmp/ad9c0f7e-1596-11ee-8a50-bb14de238602/nccgroup-ScoutSuite/ScoutSuite/providers/utils.py:249: DeprecationWarning: invalid escape sequence \\-\n[63347127-1513-4c26-8a1b-a7c1b01a1fb7/build]   |     re.compile(\"(mailchimp[a-z0-9_ .\\-,]{0,25})(=|>|:=|\\|\\|:|<=|=>|:).{0,5}['\\\"]([a-f0-9]{32}-us20)['\\\"]\"),\n[63347127-1513-4c26-8a1b-a7c1b01a1fb7/build]   | \n[63347127-1513-4c26-8a1b-a7c1b01a1fb7/build]   | ScoutSuite/providers/utils.py:251\n[63347127-1513-4c26-8a1b-a7c1b01a1fb7/build]   |   /tmp/ad9c0f7e-1596-11ee-8a50-bb14de238602/nccgroup-ScoutSuite/ScoutSuite/providers/utils.py:251: DeprecationWarning: invalid escape sequence \\-\n[63347127-1513-4c26-8a1b-a7c1b01a1fb7/build]   |     re.compile(\"(mailgun[a-z0-9_ .\\-,]{0,25})(=|>|:=|\\|\\|:|<=|=>|:).{0,5}['\\\"](key-[a-f0-9]{32})['\\\"]\"),\n[63347127-1513-4c26-8a1b-a7c1b01a1fb7/build]   | \n[63347127-1513-4c26-8a1b-a7c1b01a1fb7/build]   | ScoutSuite/providers/utils.py:253\n[63347127-1513-4c26-8a1b-a7c1b01a1fb7/build]   |   /tmp/ad9c0f7e-1596-11ee-8a50-bb14de238602/nccgroup-ScoutSuite/ScoutSuite/providers/utils.py:253: DeprecationWarning: invalid escape sequence \\-\n[63347127-1513-4c26-8a1b-a7c1b01a1fb7/build]   |     re.compile(\"(mailgun[a-z0-9_ .\\-,]{0,25})(=|>|:=|\\|\\|:|<=|=>|:).{0,5}['\\\"](pubkey-[a-f0-9]{32})['\\\"]\"),\n[63347127-1513-4c26-8a1b-a7c1b01a1fb7/build]   | \n[63347127-1513-4c26-8a1b-a7c1b01a1fb7/build]   | ScoutSuite/providers/utils.py:256\n[63347127-1513-4c26-8a1b-a7c1b01a1fb7/build]   |   /tmp/ad9c0f7e-1596-11ee-8a50-bb14de238602/nccgroup-ScoutSuite/ScoutSuite/providers/utils.py:256: DeprecationWarning: invalid escape sequence \\-\n[63347127-1513-4c26-8a1b-a7c1b01a1fb7/build]   |     \"(mailgun[a-z0-9_ .\\-,]{0,25})(=|>|:=|\\|\\|:|<=|=>|:).{0,5}['\\\"]([a-h0-9]{32}-[a-h0-9]{8}-[a-h0-9]{8})['\\\"]\"),\n[63347127-1513-4c26-8a1b-a7c1b01a1fb7/build]   | \n[63347127-1513-4c26-8a1b-a7c1b01a1fb7/build]   | ScoutSuite/providers/utils.py:258\n[63347127-1513-4c26-8a1b-a7c1b01a1fb7/build]   |   /tmp/ad9c0f7e-1596-11ee-8a50-bb14de238602/nccgroup-ScoutSuite/ScoutSuite/providers/utils.py:258: DeprecationWarning: invalid escape sequence \\-\n[63347127-1513-4c26-8a1b-a7c1b01a1fb7/build]   |     re.compile(\"(messagebird[a-z0-9_ .\\-,]{0,25})(=|>|:=|\\|\\|:|<=|=>|:).{0,5}['\\\"]([a-z0-9]{25})['\\\"]\"),\n[63347127-1513-4c26-8a1b-a7c1b01a1fb7/build]   | \n[63347127-1513-4c26-8a1b-a7c1b01a1fb7/build]   | ScoutSuite/providers/utils.py:262\n[63347127-1513-4c26-8a1b-a7c1b01a1fb7/build]   |   /tmp/ad9c0f7e-1596-11ee-8a50-bb14de238602/nccgroup-ScoutSuite/ScoutSuite/providers/utils.py:262: DeprecationWarning: invalid escape sequence \\-\n[63347127-1513-4c26-8a1b-a7c1b01a1fb7/build]   |     re.compile(\"(newrelic[a-z0-9_ .\\-,]{0,25})(=|>|:=|\\|\\|:|<=|=>|:).{0,5}['\\\"]([A-Z0-9]{64})['\\\"]\"),\n[63347127-1513-4c26-8a1b-a7c1b01a1fb7/build]   | \n[63347127-1513-4c26-8a1b-a7c1b01a1fb7/build]   | ScoutSuite/providers/utils.py:270\n[63347127-1513-4c26-8a1b-a7c1b01a1fb7/build]   |   /tmp/ad9c0f7e-1596-11ee-8a50-bb14de238602/nccgroup-ScoutSuite/ScoutSuite/providers/utils.py:270: DeprecationWarning: invalid escape sequence \\-\n[63347127-1513-4c26-8a1b-a7c1b01a1fb7/build]   |     re.compile(\"pscale_tkn_(?i)[a-z0-9\\-_\\.]{43}\"),\n[63347127-1513-4c26-8a1b-a7c1b01a1fb7/build]   | \n[63347127-1513-4c26-8a1b-a7c1b01a1fb7/build]   | ScoutSuite/providers/utils.py:272\n[63347127-1513-4c26-8a1b-a7c1b01a1fb7/build]   |   /tmp/ad9c0f7e-1596-11ee-8a50-bb14de238602/nccgroup-ScoutSuite/ScoutSuite/providers/utils.py:272: DeprecationWarning: invalid escape sequence \\-\n[63347127-1513-4c26-8a1b-a7c1b01a1fb7/build]   |     re.compile(\"pscale_pw_(?i)[a-z0-9\\-_\\.]{43}\"),\n[63347127-1513-4c26-8a1b-a7c1b01a1fb7/build]   | \n[63347127-1513-4c26-8a1b-a7c1b01a1fb7/build]   | ScoutSuite/providers/utils.py:274\n[63347127-1513-4c26-8a1b-a7c1b01a1fb7/build]   |   /tmp/ad9c0f7e-1596-11ee-8a50-bb14de238602/nccgroup-ScoutSuite/ScoutSuite/providers/utils.py:274: DeprecationWarning: invalid escape sequence \\-\n[63347127-1513-4c26-8a1b-a7c1b01a1fb7/build]   |     re.compile(\"PMAK-(?i)[a-f0-9]{24}\\-[a-f0-9]{34}\"),\n[63347127-1513-4c26-8a1b-a7c1b01a1fb7/build]   | \n[63347127-1513-4c26-8a1b-a7c1b01a1fb7/build]   | ScoutSuite/providers/utils.py:278\n[63347127-1513-4c26-8a1b-a7c1b01a1fb7/build]   |   /tmp/ad9c0f7e-1596-11ee-8a50-bb14de238602/nccgroup-ScoutSuite/ScoutSuite/providers/utils.py:278: DeprecationWarning: invalid escape sequence \\-\n[63347127-1513-4c26-8a1b-a7c1b01a1fb7/build]   |     re.compile(\"pypi-AgEIcHlwaS5vcmc[A-Za-z0-9\\-_]{50,1000}\"),\n[63347127-1513-4c26-8a1b-a7c1b01a1fb7/build]   | \n[63347127-1513-4c26-8a1b-a7c1b01a1fb7/build]   | ScoutSuite/providers/utils.py:290\n[63347127-1513-4c26-8a1b-a7c1b01a1fb7/build]   |   /tmp/ad9c0f7e-1596-11ee-8a50-bb14de238602/nccgroup-ScoutSuite/ScoutSuite/providers/utils.py:290: DeprecationWarning: invalid escape sequence \\.\n[63347127-1513-4c26-8a1b-a7c1b01a1fb7/build]   |     re.compile(\"SG\\.(?i)[a-z0-9_\\-\\.]{66}\"),\n[63347127-1513-4c26-8a1b-a7c1b01a1fb7/build]   | \n[63347127-1513-4c26-8a1b-a7c1b01a1fb7/build]   | ScoutSuite/providers/utils.py:292\n[63347127-1513-4c26-8a1b-a7c1b01a1fb7/build]   |   /tmp/ad9c0f7e-1596-11ee-8a50-bb14de238602/nccgroup-ScoutSuite/ScoutSuite/providers/utils.py:292: DeprecationWarning: invalid escape sequence \\-\n[63347127-1513-4c26-8a1b-a7c1b01a1fb7/build]   |     re.compile(\"xkeysib-[a-f0-9]{64}\\-(?i)[a-z0-9]{16}\"),\n[63347127-1513-4c26-8a1b-a7c1b01a1fb7/build]   | \n[63347127-1513-4c26-8a1b-a7c1b01a1fb7/build]   | ScoutSuite/providers/utils.py:308\n[63347127-1513-4c26-8a1b-a7c1b01a1fb7/build]   |   /tmp/ad9c0f7e-1596-11ee-8a50-bb14de238602/nccgroup-ScoutSuite/ScoutSuite/providers/utils.py:308: DeprecationWarning: invalid escape sequence \\-\n[63347127-1513-4c26-8a1b-a7c1b01a1fb7/build]   |     re.compile(\"(twitch[a-z0-9_ .\\-,]{0,25})(=|>|:=|\\|\\|:|<=|=>|:).{0,5}['\\\"]([a-z0-9]{30})['\\\"]\"),\n[63347127-1513-4c26-8a1b-a7c1b01a1fb7/build]   | \n[63347127-1513-4c26-8a1b-a7c1b01a1fb7/build]   | ScoutSuite/providers/utils.py:310\n[63347127-1513-4c26-8a1b-a7c1b01a1fb7/build]   |   /tmp/ad9c0f7e-1596-11ee-8a50-bb14de238602/nccgroup-ScoutSuite/ScoutSuite/providers/utils.py:310: DeprecationWarning: invalid escape sequence \\-\n[63347127-1513-4c26-8a1b-a7c1b01a1fb7/build]   |     re.compile(\"(twitter[a-z0-9_ .\\-,]{0,25})(=|>|:=|\\|\\|:|<=|=>|:).{0,5}['\\\"]([a-f0-9]{35,44})['\\\"]\"),\n[63347127-1513-4c26-8a1b-a7c1b01a1fb7/build]   | \n[63347127-1513-4c26-8a1b-a7c1b01a1fb7/build]   | ScoutSuite/providers/utils.py:312\n[63347127-1513-4c26-8a1b-a7c1b01a1fb7/build]   |   /tmp/ad9c0f7e-1596-11ee-8a50-bb14de238602/nccgroup-ScoutSuite/ScoutSuite/providers/utils.py:312: DeprecationWarning: invalid escape sequence \\-\n[63347127-1513-4c26-8a1b-a7c1b01a1fb7/build]   |     re.compile(\"(typeform[a-z0-9_ .\\-,]{0,25})(=|>|:=|\\|\\|:|<=|=>|:).{0,5}(tfp_[a-z0-9\\-_\\.=]{59})\"),\n[63347127-1513-4c26-8a1b-a7c1b01a1fb7/build]   | \n[63347127-1513-4c26-8a1b-a7c1b01a1fb7/build]   | ScoutSuite/providers/utils.py:139\n[63347127-1513-4c26-8a1b-a7c1b01a1fb7/build]   |   /tmp/ad9c0f7e-1596-11ee-8a50-bb14de238602/nccgroup-ScoutSuite/ScoutSuite/providers/utils.py:139: DeprecationWarning: Flags not at the start of the expression '(p8e-)(?i)[a-z0-9]{3' (truncated)\n[63347127-1513-4c26-8a1b-a7c1b01a1fb7/build]   |     re.compile(\"(p8e-)(?i)[a-z0-9]{32}\"),\n[63347127-1513-4c26-8a1b-a7c1b01a1fb7/build]   | \n[63347127-1513-4c26-8a1b-a7c1b01a1fb7/build]   | ScoutSuite/providers/utils.py:141\n[63347127-1513-4c26-8a1b-a7c1b01a1fb7/build]   |   /tmp/ad9c0f7e-1596-11ee-8a50-bb14de238602/nccgroup-ScoutSuite/ScoutSuite/providers/utils.py:141: DeprecationWarning: Flags not at the start of the expression '(LTAI)(?i)[a-z0-9]{2' (truncated)\n[63347127-1513-4c26-8a1b-a7c1b01a1fb7/build]   |     re.compile(\"(LTAI)(?i)[a-z0-9]{20}\"),\n[63347127-1513-4c26-8a1b-a7c1b01a1fb7/build]   | \n[63347127-1513-4c26-8a1b-a7c1b01a1fb7/build]   | ScoutSuite/providers/utils.py:157\n[63347127-1513-4c26-8a1b-a7c1b01a1fb7/build]   |   /tmp/ad9c0f7e-1596-11ee-8a50-bb14de238602/nccgroup-ScoutSuite/ScoutSuite/providers/utils.py:157: DeprecationWarning: Flags not at the start of the expression '(CLOJARS_)(?i)[a-z0-' (truncated)\n[63347127-1513-4c26-8a1b-a7c1b01a1fb7/build]   |     re.compile(\"(CLOJARS_)(?i)[a-z0-9]{60}\"),\n[63347127-1513-4c26-8a1b-a7c1b01a1fb7/build]   | \n[63347127-1513-4c26-8a1b-a7c1b01a1fb7/build]   | ScoutSuite/providers/utils.py:169\n[63347127-1513-4c26-8a1b-a7c1b01a1fb7/build]   |   /tmp/ad9c0f7e-1596-11ee-8a50-bb14de238602/nccgroup-ScoutSuite/ScoutSuite/providers/utils.py:169: DeprecationWarning: Flags not at the start of the expression '[\\'\"](dp\\\\.pt\\\\.)(?i)[a' (truncated)\n[63347127-1513-4c26-8a1b-a7c1b01a1fb7/build]   |     re.compile(\"['\\\"](dp\\.pt\\.)(?i)[a-z0-9]{43}['\\\"]\"),\n[63347127-1513-4c26-8a1b-a7c1b01a1fb7/build]   | \n[63347127-1513-4c26-8a1b-a7c1b01a1fb7/build]   | ScoutSuite/providers/utils.py:179\n[63347127-1513-4c26-8a1b-a7c1b01a1fb7/build]   |   /tmp/ad9c0f7e-1596-11ee-8a50-bb14de238602/nccgroup-ScoutSuite/ScoutSuite/providers/utils.py:179: DeprecationWarning: Flags not at the start of the expression '[\\'\"]duffel_(test|liv' (truncated)\n[63347127-1513-4c26-8a1b-a7c1b01a1fb7/build]   |     re.compile(\"['\\\"]duffel_(test|live)_(?i)[a-z0-9_-]{43}['\\\"]\"),\n[63347127-1513-4c26-8a1b-a7c1b01a1fb7/build]   | \n[63347127-1513-4c26-8a1b-a7c1b01a1fb7/build]   | ScoutSuite/providers/utils.py:181\n[63347127-1513-4c26-8a1b-a7c1b01a1fb7/build]   |   /tmp/ad9c0f7e-1596-11ee-8a50-bb14de238602/nccgroup-ScoutSuite/ScoutSuite/providers/utils.py:181: DeprecationWarning: Flags not at the start of the expression '[\\'\"]dt0c01\\\\.(?i)[a-z' (truncated)\n[63347127-1513-4c26-8a1b-a7c1b01a1fb7/build]   |     re.compile(\"['\\\"]dt0c01\\.(?i)[a-z0-9]{24}\\.[a-z0-9]{64}['\\\"]\"),\n[63347127-1513-4c26-8a1b-a7c1b01a1fb7/build]   | \n[63347127-1513-4c26-8a1b-a7c1b01a1fb7/build]   | ScoutSuite/providers/utils.py:183\n[63347127-1513-4c26-8a1b-a7c1b01a1fb7/build]   |   /tmp/ad9c0f7e-1596-11ee-8a50-bb14de238602/nccgroup-ScoutSuite/ScoutSuite/providers/utils.py:183: DeprecationWarning: Flags not at the start of the expression '[\\'\"]EZAK(?i)[a-z0-9]' (truncated)\n[63347127-1513-4c26-8a1b-a7c1b01a1fb7/build]   |     re.compile(\"['\\\"]EZAK(?i)[a-z0-9]{54}['\\\"]\"),\n[63347127-1513-4c26-8a1b-a7c1b01a1fb7/build]   | \n[63347127-1513-4c26-8a1b-a7c1b01a1fb7/build]   | ScoutSuite/providers/utils.py:185\n[63347127-1513-4c26-8a1b-a7c1b01a1fb7/build]   |   /tmp/ad9c0f7e-1596-11ee-8a50-bb14de238602/nccgroup-ScoutSuite/ScoutSuite/providers/utils.py:185: DeprecationWarning: Flags not at the start of the expression '[\\'\"]EZTK(?i)[a-z0-9]' (truncated)\n[63347127-1513-4c26-8a1b-a7c1b01a1fb7/build]   |     re.compile(\"['\\\"]EZTK(?i)[a-z0-9]{54}['\\\"]\"),\n[63347127-1513-4c26-8a1b-a7c1b01a1fb7/build]   | \n[63347127-1513-4c26-8a1b-a7c1b01a1fb7/build]   | ScoutSuite/providers/utils.py:195\n[63347127-1513-4c26-8a1b-a7c1b01a1fb7/build]   |   /tmp/ad9c0f7e-1596-11ee-8a50-bb14de238602/nccgroup-ScoutSuite/ScoutSuite/providers/utils.py:195: DeprecationWarning: Flags not at the start of the expression 'FLWPUBK_TEST-(?i)[a-' (truncated)\n[63347127-1513-4c26-8a1b-a7c1b01a1fb7/build]   |     re.compile(\"FLWPUBK_TEST-(?i)[a-h0-9]{32}-X\"),\n[63347127-1513-4c26-8a1b-a7c1b01a1fb7/build]   | \n[63347127-1513-4c26-8a1b-a7c1b01a1fb7/build]   | ScoutSuite/providers/utils.py:197\n[63347127-1513-4c26-8a1b-a7c1b01a1fb7/build]   |   /tmp/ad9c0f7e-1596-11ee-8a50-bb14de238602/nccgroup-ScoutSuite/ScoutSuite/providers/utils.py:197: DeprecationWarning: Flags not at the start of the expression 'FLWSECK_TEST-(?i)[a-' (truncated)\n[63347127-1513-4c26-8a1b-a7c1b01a1fb7/build]   |     re.compile(\"FLWSECK_TEST-(?i)[a-h0-9]{32}-X\"),\n[63347127-1513-4c26-8a1b-a7c1b01a1fb7/build]   | \n[63347127-1513-4c26-8a1b-a7c1b01a1fb7/build]   | ScoutSuite/providers/utils.py:199\n[63347127-1513-4c26-8a1b-a7c1b01a1fb7/build]   |   /tmp/ad9c0f7e-1596-11ee-8a50-bb14de238602/nccgroup-ScoutSuite/ScoutSuite/providers/utils.py:199: DeprecationWarning: Flags not at the start of the expression 'fio-u-(?i)[a-z0-9\\\\-_' (truncated)\n[63347127-1513-4c26-8a1b-a7c1b01a1fb7/build]   |     re.compile(\"fio-u-(?i)[a-z0-9\\-_=]{64}\"),\n[63347127-1513-4c26-8a1b-a7c1b01a1fb7/build]   | \n[63347127-1513-4c26-8a1b-a7c1b01a1fb7/build]   | ScoutSuite/providers/utils.py:218\n[63347127-1513-4c26-8a1b-a7c1b01a1fb7/build]   |   /tmp/ad9c0f7e-1596-11ee-8a50-bb14de238602/nccgroup-ScoutSuite/ScoutSuite/providers/utils.py:218: DeprecationWarning: Flags not at the start of the expression '[\\'\"]live_(?i)[a-z0-9' (truncated)\n[63347127-1513-4c26-8a1b-a7c1b01a1fb7/build]   |     re.compile(\"['\\\"]live_(?i)[a-z0-9\\-_=]{40}['\\\"]\"),\n[63347127-1513-4c26-8a1b-a7c1b01a1fb7/build]   | \n[63347127-1513-4c26-8a1b-a7c1b01a1fb7/build]   | ScoutSuite/providers/utils.py:222\n[63347127-1513-4c26-8a1b-a7c1b01a1fb7/build]   |   /tmp/ad9c0f7e-1596-11ee-8a50-bb14de238602/nccgroup-ScoutSuite/ScoutSuite/providers/utils.py:222: DeprecationWarning: Flags not at the start of the expression '[\\'\"]eyJrIjoi(?i)[a-z' (truncated)\n[63347127-1513-4c26-8a1b-a7c1b01a1fb7/build]   |     re.compile(\"['\\\"]eyJrIjoi(?i)[a-z0-9\\-_=]{72,92}['\\\"]\"),\n[63347127-1513-4c26-8a1b-a7c1b01a1fb7/build]   | \n[63347127-1513-4c26-8a1b-a7c1b01a1fb7/build]   | ScoutSuite/providers/utils.py:224\n[63347127-1513-4c26-8a1b-a7c1b01a1fb7/build]   |   /tmp/ad9c0f7e-1596-11ee-8a50-bb14de238602/nccgroup-ScoutSuite/ScoutSuite/providers/utils.py:224: DeprecationWarning: Flags not at the start of the expression '[\\'\"](?i)[a-z0-9]{14}' (truncated)\n[63347127-1513-4c26-8a1b-a7c1b01a1fb7/build]   |     re.compile(\"['\\\"](?i)[a-z0-9]{14}\\.atlasv1\\.[a-z0-9\\-_=]{60,70}['\\\"]\"),\n[63347127-1513-4c26-8a1b-a7c1b01a1fb7/build]   | \n[63347127-1513-4c26-8a1b-a7c1b01a1fb7/build]   | ScoutSuite/providers/utils.py:236\n[63347127-1513-4c26-8a1b-a7c1b01a1fb7/build]   |   /tmp/ad9c0f7e-1596-11ee-8a50-bb14de238602/nccgroup-ScoutSuite/ScoutSuite/providers/utils.py:236: DeprecationWarning: Flags not at the start of the expression 'lin_api_(?i)[a-z0-9]' (truncated)\n[63347127-1513-4c26-8a1b-a7c1b01a1fb7/build]   |     re.compile(\"lin_api_(?i)[a-z0-9]{40}\"),\n[63347127-1513-4c26-8a1b-a7c1b01a1fb7/build]   | \n[63347127-1513-4c26-8a1b-a7c1b01a1fb7/build]   | ScoutSuite/providers/utils.py:270\n[63347127-1513-4c26-8a1b-a7c1b01a1fb7/build]   |   /tmp/ad9c0f7e-1596-11ee-8a50-bb14de238602/nccgroup-ScoutSuite/ScoutSuite/providers/utils.py:270: DeprecationWarning: Flags not at the start of the expression 'pscale_tkn_(?i)[a-z0' (truncated)\n[63347127-1513-4c26-8a1b-a7c1b01a1fb7/build]   |     re.compile(\"pscale_tkn_(?i)[a-z0-9\\-_\\.]{43}\"),\n[63347127-1513-4c26-8a1b-a7c1b01a1fb7/build]   | \n[63347127-1513-4c26-8a1b-a7c1b01a1fb7/build]   | ScoutSuite/providers/utils.py:272\n[63347127-1513-4c26-8a1b-a7c1b01a1fb7/build]   |   /tmp/ad9c0f7e-1596-11ee-8a50-bb14de238602/nccgroup-ScoutSuite/ScoutSuite/providers/utils.py:272: DeprecationWarning: Flags not at the start of the expression 'pscale_pw_(?i)[a-z0-' (truncated)\n[63347127-1513-4c26-8a1b-a7c1b01a1fb7/build]   |     re.compile(\"pscale_pw_(?i)[a-z0-9\\-_\\.]{43}\"),\n[63347127-1513-4c26-8a1b-a7c1b01a1fb7/build]   | \n[63347127-1513-4c26-8a1b-a7c1b01a1fb7/build]   | ScoutSuite/providers/utils.py:274\n[63347127-1513-4c26-8a1b-a7c1b01a1fb7/build]   |   /tmp/ad9c0f7e-1596-11ee-8a50-bb14de238602/nccgroup-ScoutSuite/ScoutSuite/providers/utils.py:274: DeprecationWarning: Flags not at the start of the expression 'PMAK-(?i)[a-f0-9]{24' (truncated)\n[63347127-1513-4c26-8a1b-a7c1b01a1fb7/build]   |     re.compile(\"PMAK-(?i)[a-f0-9]{24}\\-[a-f0-9]{34}\"),\n[63347127-1513-4c26-8a1b-a7c1b01a1fb7/build]   | \n[63347127-1513-4c26-8a1b-a7c1b01a1fb7/build]   | ScoutSuite/providers/utils.py:290\n[63347127-1513-4c26-8a1b-a7c1b01a1fb7/build]   |   /tmp/ad9c0f7e-1596-11ee-8a50-bb14de238602/nccgroup-ScoutSuite/ScoutSuite/providers/utils.py:290: DeprecationWarning: Flags not at the start of the expression 'SG\\\\.(?i)[a-z0-9_\\\\-\\\\.' (truncated)\n[63347127-1513-4c26-8a1b-a7c1b01a1fb7/build]   |     re.compile(\"SG\\.(?i)[a-z0-9_\\-\\.]{66}\"),\n[63347127-1513-4c26-8a1b-a7c1b01a1fb7/build]   | \n[63347127-1513-4c26-8a1b-a7c1b01a1fb7/build]   | ScoutSuite/providers/utils.py:292\n[63347127-1513-4c26-8a1b-a7c1b01a1fb7/build]   |   /tmp/ad9c0f7e-1596-11ee-8a50-bb14de238602/nccgroup-ScoutSuite/ScoutSuite/providers/utils.py:292: DeprecationWarning: Flags not at the start of the expression 'xkeysib-[a-f0-9]{64}' (truncated)\n[63347127-1513-4c26-8a1b-a7c1b01a1fb7/build]   |     re.compile(\"xkeysib-[a-f0-9]{64}\\-(?i)[a-z0-9]{16}\"),\n[63347127-1513-4c26-8a1b-a7c1b01a1fb7/build]   | \n[63347127-1513-4c26-8a1b-a7c1b01a1fb7/build]   | ScoutSuite/providers/utils.py:314\n[63347127-1513-4c26-8a1b-a7c1b01a1fb7/build]   |   /tmp/ad9c0f7e-1596-11ee-8a50-bb14de238602/nccgroup-ScoutSuite/ScoutSuite/providers/utils.py:314: DeprecationWarning: Flags not at the start of the expression '[\\'\"](npm_(?i)[a-z0-9' (truncated)\n[63347127-1513-4c26-8a1b-a7c1b01a1fb7/build]   |     re.compile(\"['\\\"](npm_(?i)[a-z0-9]{36})['\\\"]\")\n[63347127-1513-4c26-8a1b-a7c1b01a1fb7/build]   | \n[63347127-1513-4c26-8a1b-a7c1b01a1fb7/build]   | tests/test_main.py::TestMainClass::test_aws_provider\n[63347127-1513-4c26-8a1b-a7c1b01a1fb7/build]   |   /opt/hostedtoolcache/Python/3.6.14/x64/lib/python3.6/unittest/case.py:605: RuntimeWarning: coroutine 'TestMainClass.test_aws_provider' was never awaited\n[63347127-1513-4c26-8a1b-a7c1b01a1fb7/build]   |     testMethod()\n[63347127-1513-4c26-8a1b-a7c1b01a1fb7/build]   | \n[63347127-1513-4c26-8a1b-a7c1b01a1fb7/build]   | tests/test_main.py::TestMainClass::test_azure_provider\n[63347127-1513-4c26-8a1b-a7c1b01a1fb7/build]   |   /opt/hostedtoolcache/Python/3.6.14/x64/lib/python3.6/unittest/case.py:605: RuntimeWarning: coroutine 'TestMainClass.test_azure_provider' was never awaited\n[63347127-1513-4c26-8a1b-a7c1b01a1fb7/build]   |     testMethod()\n[63347127-1513-4c26-8a1b-a7c1b01a1fb7/build]   | \n[63347127-1513-4c26-8a1b-a7c1b01a1fb7/build]   | tests/test_main.py::TestMainClass::test_empty\n[63347127-1513-4c26-8a1b-a7c1b01a1fb7/build]   |   /opt/hostedtoolcache/Python/3.6.14/x64/lib/python3.6/unittest/case.py:605: RuntimeWarning: coroutine 'TestMainClass.test_empty' was never awaited\n[63347127-1513-4c26-8a1b-a7c1b01a1fb7/build]   |     testMethod()\n[63347127-1513-4c26-8a1b-a7c1b01a1fb7/build]   | \n[63347127-1513-4c26-8a1b-a7c1b01a1fb7/build]   | tests/test_main.py::TestMainClass::test_gcp_provider\n[63347127-1513-4c26-8a1b-a7c1b01a1fb7/build]   |   /opt/hostedtoolcache/Python/3.6.14/x64/lib/python3.6/unittest/case.py:605: RuntimeWarning: coroutine 'TestMainClass.test_gcp_provider' was never awaited\n[63347127-1513-4c26-8a1b-a7c1b01a1fb7/build]   |     testMethod()\n[63347127-1513-4c26-8a1b-a7c1b01a1fb7/build]   | \n[63347127-1513-4c26-8a1b-a7c1b01a1fb7/build]   | tests/test_main.py::TestMainClass::test_keyboardinterrupted\n[63347127-1513-4c26-8a1b-a7c1b01a1fb7/build]   |   /opt/hostedtoolcache/Python/3.6.14/x64/lib/python3.6/unittest/case.py:605: RuntimeWarning: coroutine 'TestMainClass.test_keyboardinterrupted' was never awaited\n[63347127-1513-4c26-8a1b-a7c1b01a1fb7/build]   |     testMethod()\n[63347127-1513-4c26-8a1b-a7c1b01a1fb7/build]   | \n[63347127-1513-4c26-8a1b-a7c1b01a1fb7/build]   | tests/test_main.py::TestMainClass::test_unauthenticated\n[63347127-1513-4c26-8a1b-a7c1b01a1fb7/build]   |   /opt/hostedtoolcache/Python/3.6.14/x64/lib/python3.6/unittest/case.py:605: RuntimeWarning: coroutine 'TestMainClass.test_unauthenticated' was never awaited\n[63347127-1513-4c26-8a1b-a7c1b01a1fb7/build]   |     testMethod()\n[63347127-1513-4c26-8a1b-a7c1b01a1fb7/build]   | \n[63347127-1513-4c26-8a1b-a7c1b01a1fb7/build]   | tests/test_utils.py::TestScoutUtilsClass::test_snake_case\n[63347127-1513-4c26-8a1b-a7c1b01a1fb7/build]   |   /tmp/ad9c0f7e-1596-11ee-8a50-bb14de238602/nccgroup-ScoutSuite/tests/test_utils.py:133: DeprecationWarning: Please use assertEqual instead.\n[63347127-1513-4c26-8a1b-a7c1b01a1fb7/build]   |     self.assertEquals(d, dest)\n[63347127-1513-4c26-8a1b-a7c1b01a1fb7/build]   | \n[63347127-1513-4c26-8a1b-a7c1b01a1fb7/build]   | -- Docs: https://docs.pytest.org/en/stable/how-to/capture-warnings.html\n[63347127-1513-4c26-8a1b-a7c1b01a1fb7/build]   | - generated xml file: /tmp/ad9c0f7e-1596-11ee-8a50-bb14de238602/nccgroup-ScoutSuite/report.xml -\n[63347127-1513-4c26-8a1b-a7c1b01a1fb7/build]   | \n[63347127-1513-4c26-8a1b-a7c1b01a1fb7/build]   | ---------- coverage: platform linux, python 3.6.14-final-0 -----------\n[63347127-1513-4c26-8a1b-a7c1b01a1fb7/build]   | Coverage XML written to file coverage.xml\n[63347127-1513-4c26-8a1b-a7c1b01a1fb7/build]   | \n[63347127-1513-4c26-8a1b-a7c1b01a1fb7/build]   | =========================== short test summary info ============================\n[63347127-1513-4c26-8a1b-a7c1b01a1fb7/build]   | FAILED tests/test_utils.py::TestScoutUtilsClass::test_is_throttled - Assertio...\n[63347127-1513-4c26-8a1b-a7c1b01a1fb7/build]   | ======= 1 failed, 49 passed, 1 skipped, 1 xfailed, 80 warnings in 14.33s =======\n[63347127-1513-4c26-8a1b-a7c1b01a1fb7/build]   \u274c  Failure - Main Test with pytest and generate coverage report\n[63347127-1513-4c26-8a1b-a7c1b01a1fb7/build] exitcode '1': failure\n[63347127-1513-4c26-8a1b-a7c1b01a1fb7/build] \ud83c\udfc1  Job failed\n",
        "stderr": "Error: Job 'build' failed\n",
        "workflow": "/tmp/ad9c0f7e-1596-11ee-8a50-bb14de238602/nccgroup-ScoutSuite/.github/workflows/testing-crawler.yml",
        "build_tool": "pytest",
        "elapsed_time": 495.08775520324707
    }
}