{
    "repository": "open-mmlab/mmtracking",
    "stars": 2997,
    "language": "python",
    "size": 2984,
    "clone_url": "https://github.com/open-mmlab/mmtracking.git",
    "timestamp": "2023-06-28T15:55:55.975091Z",
    "clone_success": true,
    "number_of_actions": 4,
    "number_of_test_actions": 1,
    "actions_successful": false,
    "actions_build_tools": [
        "unknown",
        "unknown",
        "unknown",
        "pytest"
    ],
    "actions_test_build_tools": [
        "pytest"
    ],
    "actions_run": {
        "failed": true,
        "tests": [
            {
                "classname": "",
                "name": "tests.test_version",
                "time": 0.0,
                "results": [
                    {
                        "result": "Error",
                        "message": "collection failure",
                        "type": null
                    }
                ],
                "stdout": null,
                "stderr": null
            },
            {
                "classname": "",
                "name": "tests.test_core.test_bbox.test_bbox_transforms",
                "time": 0.0,
                "results": [
                    {
                        "result": "Error",
                        "message": "collection failure",
                        "type": null
                    }
                ],
                "stdout": null,
                "stderr": null
            },
            {
                "classname": "",
                "name": "tests.test_core.test_motion.test_flow",
                "time": 0.0,
                "results": [
                    {
                        "result": "Error",
                        "message": "collection failure",
                        "type": null
                    }
                ],
                "stdout": null,
                "stderr": null
            },
            {
                "classname": "",
                "name": "tests.test_core.test_track.test_transforms",
                "time": 0.0,
                "results": [
                    {
                        "result": "Error",
                        "message": "collection failure",
                        "type": null
                    }
                ],
                "stdout": null,
                "stderr": null
            },
            {
                "classname": "",
                "name": "tests.test_core.test_utils.test_visualization",
                "time": 0.0,
                "results": [
                    {
                        "result": "Error",
                        "message": "collection failure",
                        "type": null
                    }
                ],
                "stdout": null,
                "stderr": null
            },
            {
                "classname": "",
                "name": "tests.test_data.test_datasets.test_coco_video_dataset",
                "time": 0.0,
                "results": [
                    {
                        "result": "Error",
                        "message": "collection failure",
                        "type": null
                    }
                ],
                "stdout": null,
                "stderr": null
            },
            {
                "classname": "",
                "name": "tests.test_data.test_datasets.test_common",
                "time": 0.0,
                "results": [
                    {
                        "result": "Error",
                        "message": "collection failure",
                        "type": null
                    }
                ],
                "stdout": null,
                "stderr": null
            },
            {
                "classname": "",
                "name": "tests.test_data.test_datasets.test_dataset_wrapers",
                "time": 0.0,
                "results": [
                    {
                        "result": "Error",
                        "message": "collection failure",
                        "type": null
                    }
                ],
                "stdout": null,
                "stderr": null
            },
            {
                "classname": "",
                "name": "tests.test_data.test_datasets.test_mot_challenge_dataset",
                "time": 0.0,
                "results": [
                    {
                        "result": "Error",
                        "message": "collection failure",
                        "type": null
                    }
                ],
                "stdout": null,
                "stderr": null
            },
            {
                "classname": "",
                "name": "tests.test_data.test_datasets.test_reid_dataset",
                "time": 0.0,
                "results": [
                    {
                        "result": "Error",
                        "message": "collection failure",
                        "type": null
                    }
                ],
                "stdout": null,
                "stderr": null
            },
            {
                "classname": "",
                "name": "tests.test_data.test_datasets.test_sot_dataset",
                "time": 0.0,
                "results": [
                    {
                        "result": "Error",
                        "message": "collection failure",
                        "type": null
                    }
                ],
                "stdout": null,
                "stderr": null
            },
            {
                "classname": "",
                "name": "tests.test_data.test_datasets.test_sot_train_dataset",
                "time": 0.0,
                "results": [
                    {
                        "result": "Error",
                        "message": "collection failure",
                        "type": null
                    }
                ],
                "stdout": null,
                "stderr": null
            },
            {
                "classname": "",
                "name": "tests.test_data.test_datasets.test_tao_dataset",
                "time": 0.0,
                "results": [
                    {
                        "result": "Error",
                        "message": "collection failure",
                        "type": null
                    }
                ],
                "stdout": null,
                "stderr": null
            },
            {
                "classname": "",
                "name": "tests.test_data.test_datasets.test_vis_dataset",
                "time": 0.0,
                "results": [
                    {
                        "result": "Error",
                        "message": "collection failure",
                        "type": null
                    }
                ],
                "stdout": null,
                "stderr": null
            },
            {
                "classname": "",
                "name": "tests.test_data.test_pipelines.test_formatting",
                "time": 0.0,
                "results": [
                    {
                        "result": "Error",
                        "message": "collection failure",
                        "type": null
                    }
                ],
                "stdout": null,
                "stderr": null
            },
            {
                "classname": "",
                "name": "tests.test_data.test_pipelines.test_loading",
                "time": 0.0,
                "results": [
                    {
                        "result": "Error",
                        "message": "collection failure",
                        "type": null
                    }
                ],
                "stdout": null,
                "stderr": null
            },
            {
                "classname": "",
                "name": "tests.test_data.test_pipelines.test_processing",
                "time": 0.0,
                "results": [
                    {
                        "result": "Error",
                        "message": "collection failure",
                        "type": null
                    }
                ],
                "stdout": null,
                "stderr": null
            },
            {
                "classname": "",
                "name": "tests.test_data.test_pipelines.test_transform",
                "time": 0.0,
                "results": [
                    {
                        "result": "Error",
                        "message": "collection failure",
                        "type": null
                    }
                ],
                "stdout": null,
                "stderr": null
            },
            {
                "classname": "",
                "name": "tests.test_models.test_aggregators.test_embed_aggregator",
                "time": 0.0,
                "results": [
                    {
                        "result": "Error",
                        "message": "collection failure",
                        "type": null
                    }
                ],
                "stdout": null,
                "stderr": null
            },
            {
                "classname": "",
                "name": "tests.test_models.test_aggregators.test_selsa_aggregator",
                "time": 0.0,
                "results": [
                    {
                        "result": "Error",
                        "message": "collection failure",
                        "type": null
                    }
                ],
                "stdout": null,
                "stderr": null
            },
            {
                "classname": "",
                "name": "tests.test_models.test_backones.test_mixformer_backbone",
                "time": 0.0,
                "results": [
                    {
                        "result": "Error",
                        "message": "collection failure",
                        "type": null
                    }
                ],
                "stdout": null,
                "stderr": null
            },
            {
                "classname": "",
                "name": "tests.test_models.test_backones.test_sot_resnet",
                "time": 0.0,
                "results": [
                    {
                        "result": "Error",
                        "message": "collection failure",
                        "type": null
                    }
                ],
                "stdout": null,
                "stderr": null
            },
            {
                "classname": "",
                "name": "tests.test_models.test_forward.test_mot_forward",
                "time": 0.0,
                "results": [
                    {
                        "result": "Error",
                        "message": "collection failure",
                        "type": null
                    }
                ],
                "stdout": null,
                "stderr": null
            },
            {
                "classname": "",
                "name": "tests.test_models.test_forward.test_sot_forward",
                "time": 0.0,
                "results": [
                    {
                        "result": "Error",
                        "message": "collection failure",
                        "type": null
                    }
                ],
                "stdout": null,
                "stderr": null
            },
            {
                "classname": "",
                "name": "tests.test_models.test_losses.test_multi_pos_cross_entropy_loss",
                "time": 0.0,
                "results": [
                    {
                        "result": "Error",
                        "message": "collection failure",
                        "type": null
                    }
                ],
                "stdout": null,
                "stderr": null
            },
            {
                "classname": "",
                "name": "tests.test_models.test_losses.test_triplet_loss",
                "time": 0.0,
                "results": [
                    {
                        "result": "Error",
                        "message": "collection failure",
                        "type": null
                    }
                ],
                "stdout": null,
                "stderr": null
            },
            {
                "classname": "",
                "name": "tests.test_models.test_motion.test_camera_motion_compensation",
                "time": 0.0,
                "results": [
                    {
                        "result": "Error",
                        "message": "collection failure",
                        "type": null
                    }
                ],
                "stdout": null,
                "stderr": null
            },
            {
                "classname": "",
                "name": "tests.test_models.test_motion.test_flownet_simple",
                "time": 0.0,
                "results": [
                    {
                        "result": "Error",
                        "message": "collection failure",
                        "type": null
                    }
                ],
                "stdout": null,
                "stderr": null
            },
            {
                "classname": "",
                "name": "tests.test_models.test_motion.test_linear_motion",
                "time": 0.0,
                "results": [
                    {
                        "result": "Error",
                        "message": "collection failure",
                        "type": null
                    }
                ],
                "stdout": null,
                "stderr": null
            },
            {
                "classname": "",
                "name": "tests.test_models.test_reid.test_base_reid",
                "time": 0.0,
                "results": [
                    {
                        "result": "Error",
                        "message": "collection failure",
                        "type": null
                    }
                ],
                "stdout": null,
                "stderr": null
            },
            {
                "classname": "",
                "name": "tests.test_models.test_roi_heads.test_bbox_heads.test_selsa_bbox_head",
                "time": 0.0,
                "results": [
                    {
                        "result": "Error",
                        "message": "collection failure",
                        "type": null
                    }
                ],
                "stdout": null,
                "stderr": null
            },
            {
                "classname": "",
                "name": "tests.test_models.test_roi_heads.test_roi_extractors.test_single_level_roi_extractor",
                "time": 0.0,
                "results": [
                    {
                        "result": "Error",
                        "message": "collection failure",
                        "type": null
                    }
                ],
                "stdout": null,
                "stderr": null
            },
            {
                "classname": "",
                "name": "tests.test_models.test_roi_heads.test_roi_extractors.test_temporal_roi_align",
                "time": 0.0,
                "results": [
                    {
                        "result": "Error",
                        "message": "collection failure",
                        "type": null
                    }
                ],
                "stdout": null,
                "stderr": null
            },
            {
                "classname": "",
                "name": "tests.test_models.test_track_heads.test_mixformer_head",
                "time": 0.0,
                "results": [
                    {
                        "result": "Error",
                        "message": "collection failure",
                        "type": null
                    }
                ],
                "stdout": null,
                "stderr": null
            },
            {
                "classname": "",
                "name": "tests.test_models.test_track_heads.test_quasi_dense_embed_head",
                "time": 0.0,
                "results": [
                    {
                        "result": "Error",
                        "message": "collection failure",
                        "type": null
                    }
                ],
                "stdout": null,
                "stderr": null
            },
            {
                "classname": "",
                "name": "tests.test_models.test_track_heads.test_roi_embed_head",
                "time": 0.0,
                "results": [
                    {
                        "result": "Error",
                        "message": "collection failure",
                        "type": null
                    }
                ],
                "stdout": null,
                "stderr": null
            },
            {
                "classname": "",
                "name": "tests.test_models.test_track_heads.test_siamese_rpn_head",
                "time": 0.0,
                "results": [
                    {
                        "result": "Error",
                        "message": "collection failure",
                        "type": null
                    }
                ],
                "stdout": null,
                "stderr": null
            },
            {
                "classname": "",
                "name": "tests.test_models.test_track_heads.test_stark_head",
                "time": 0.0,
                "results": [
                    {
                        "result": "Error",
                        "message": "collection failure",
                        "type": null
                    }
                ],
                "stdout": null,
                "stderr": null
            },
            {
                "classname": "",
                "name": "tests.test_models.test_trackers.test_base_tracker",
                "time": 0.0,
                "results": [
                    {
                        "result": "Error",
                        "message": "collection failure",
                        "type": null
                    }
                ],
                "stdout": null,
                "stderr": null
            },
            {
                "classname": "",
                "name": "tests.test_models.test_trackers.test_bytetracker",
                "time": 0.0,
                "results": [
                    {
                        "result": "Error",
                        "message": "collection failure",
                        "type": null
                    }
                ],
                "stdout": null,
                "stderr": null
            },
            {
                "classname": "",
                "name": "tests.test_models.test_trackers.test_masktrack_rcnn_tracker",
                "time": 0.0,
                "results": [
                    {
                        "result": "Error",
                        "message": "collection failure",
                        "type": null
                    }
                ],
                "stdout": null,
                "stderr": null
            },
            {
                "classname": "",
                "name": "tests.test_models.test_trackers.test_ocsort_tracker",
                "time": 0.0,
                "results": [
                    {
                        "result": "Error",
                        "message": "collection failure",
                        "type": null
                    }
                ],
                "stdout": null,
                "stderr": null
            },
            {
                "classname": "",
                "name": "tests.test_models.test_trackers.test_quasi_dense_embed_tracker",
                "time": 0.0,
                "results": [
                    {
                        "result": "Error",
                        "message": "collection failure",
                        "type": null
                    }
                ],
                "stdout": null,
                "stderr": null
            },
            {
                "classname": "",
                "name": "tests.test_models.test_trackers.test_quasi_dense_tao_trakcer",
                "time": 0.0,
                "results": [
                    {
                        "result": "Error",
                        "message": "collection failure",
                        "type": null
                    }
                ],
                "stdout": null,
                "stderr": null
            }
        ],
        "stdout": "[3e4dfc60-55cf-40ac-9fe0-5183791faa40/build_cuda101] \ud83d\ude80  Start image=pytorch/pytorch:1.6.0-cuda10.1-cudnn7-devel\n[3e4dfc60-55cf-40ac-9fe0-5183791faa40/build_cuda102] \ud83d\ude80  Start image=pytorch/pytorch:1.9.0-cuda10.2-cudnn7-devel\n[3e4dfc60-55cf-40ac-9fe0-5183791faa40/build_cpu    ] \ud83d\ude80  Start image=crawlergpt:latest\n[3e4dfc60-55cf-40ac-9fe0-5183791faa40/test_windows ] \ud83d\ude80  Start image=crawlergpt:latest\n[3e4dfc60-55cf-40ac-9fe0-5183791faa40/test_windows ]   \ud83d\udc33  docker pull image=crawlergpt:latest platform= username= forcePull=false\n[3e4dfc60-55cf-40ac-9fe0-5183791faa40/build_cpu    ]   \ud83d\udc33  docker pull image=crawlergpt:latest platform= username= forcePull=false\n[3e4dfc60-55cf-40ac-9fe0-5183791faa40/build_cuda102]   \ud83d\udc33  docker pull image=pytorch/pytorch:1.9.0-cuda10.2-cudnn7-devel platform= username= forcePull=false\n[3e4dfc60-55cf-40ac-9fe0-5183791faa40/build_cuda101]   \ud83d\udc33  docker pull image=pytorch/pytorch:1.6.0-cuda10.1-cudnn7-devel platform= username= forcePull=false\n[3e4dfc60-55cf-40ac-9fe0-5183791faa40/test_windows ]   \ud83d\udc33  docker create image=crawlergpt:latest platform= entrypoint=[\"tail\" \"-f\" \"/dev/null\"] cmd=[]\n[3e4dfc60-55cf-40ac-9fe0-5183791faa40/build_cpu    ]   \ud83d\udc33  docker create image=crawlergpt:latest platform= entrypoint=[\"tail\" \"-f\" \"/dev/null\"] cmd=[]\n[3e4dfc60-55cf-40ac-9fe0-5183791faa40/build_cuda102]   \ud83d\udc33  docker create image=pytorch/pytorch:1.9.0-cuda10.2-cudnn7-devel platform= entrypoint=[\"tail\" \"-f\" \"/dev/null\"] cmd=[]\n[3e4dfc60-55cf-40ac-9fe0-5183791faa40/build_cuda101]   \ud83d\udc33  docker create image=pytorch/pytorch:1.6.0-cuda10.1-cudnn7-devel platform= entrypoint=[\"tail\" \"-f\" \"/dev/null\"] cmd=[]\n[3e4dfc60-55cf-40ac-9fe0-5183791faa40/build_cuda101]   \ud83d\udc33  docker run image=pytorch/pytorch:1.6.0-cuda10.1-cudnn7-devel platform= entrypoint=[\"tail\" \"-f\" \"/dev/null\"] cmd=[]\n[3e4dfc60-55cf-40ac-9fe0-5183791faa40/test_windows ]   \ud83d\udc33  docker run image=crawlergpt:latest platform= entrypoint=[\"tail\" \"-f\" \"/dev/null\"] cmd=[]\n[3e4dfc60-55cf-40ac-9fe0-5183791faa40/build_cpu    ]   \ud83d\udc33  docker run image=crawlergpt:latest platform= entrypoint=[\"tail\" \"-f\" \"/dev/null\"] cmd=[]\n[3e4dfc60-55cf-40ac-9fe0-5183791faa40/build_cuda102]   \ud83d\udc33  docker run image=pytorch/pytorch:1.9.0-cuda10.2-cudnn7-devel platform= entrypoint=[\"tail\" \"-f\" \"/dev/null\"] cmd=[]\n[3e4dfc60-55cf-40ac-9fe0-5183791faa40/build_cpu    ]   \ud83d\udc33  docker exec cmd=[chown -R 1012:1013 /tmp/ad9c0f7e-1596-11ee-8a50-bb14de238602/open-mmlab-mmtracking] user=0 workdir=\n[3e4dfc60-55cf-40ac-9fe0-5183791faa40/build_cuda101]   \u2601  git clone 'https://github.com/actions/setup-python' # ref=v2\n[3e4dfc60-55cf-40ac-9fe0-5183791faa40/build_cuda102]   \u2601  git clone 'https://github.com/actions/setup-python' # ref=v2\n[3e4dfc60-55cf-40ac-9fe0-5183791faa40/test_windows ]   \ud83d\udc33  docker exec cmd=[chown -R 1012:1013 /tmp/ad9c0f7e-1596-11ee-8a50-bb14de238602/open-mmlab-mmtracking] user=0 workdir=\n[3e4dfc60-55cf-40ac-9fe0-5183791faa40/build_cpu    ]   \u2601  git clone 'https://github.com/actions/setup-python' # ref=v2\n[3e4dfc60-55cf-40ac-9fe0-5183791faa40/test_windows ]   \u2601  git clone 'https://github.com/actions/setup-python' # ref=v2\n[3e4dfc60-55cf-40ac-9fe0-5183791faa40/build_cuda101]   \u2601  git clone 'https://github.com/codecov/codecov-action' # ref=v1.0.10\n[3e4dfc60-55cf-40ac-9fe0-5183791faa40/build_cuda102]   \u2601  git clone 'https://github.com/codecov/codecov-action' # ref=v2\n[3e4dfc60-55cf-40ac-9fe0-5183791faa40/build_cpu    ] \ud83e\uddea  Matrix: map[python-version:3.7 torch:1.5.1 torch_version:torch1.5 torchvision:0.6.1]\n[3e4dfc60-55cf-40ac-9fe0-5183791faa40/build_cpu    ] \u2b50 Run Main actions/checkout@v2\n[3e4dfc60-55cf-40ac-9fe0-5183791faa40/build_cpu    ]   \u2705  Success - Main actions/checkout@v2\n[3e4dfc60-55cf-40ac-9fe0-5183791faa40/build_cpu    ] \u2b50 Run Main Set up Python 3.7\n[3e4dfc60-55cf-40ac-9fe0-5183791faa40/test_windows ] \ud83e\uddea  Matrix: map[os:ubuntu-latest platform:cpu python:3.8]\n[3e4dfc60-55cf-40ac-9fe0-5183791faa40/test_windows ] \u2b50 Run Main actions/checkout@v2\n[3e4dfc60-55cf-40ac-9fe0-5183791faa40/build_cpu    ]   \ud83d\udc33  docker cp src=/tmp/act-cache/e3821d64-72ca-4b4d-a885-67b1a21111cb/act/actions-setup-python@v2/ dst=/var/run/act/actions/actions-setup-python@v2/\n[3e4dfc60-55cf-40ac-9fe0-5183791faa40/test_windows ]   \u2705  Success - Main actions/checkout@v2\n[3e4dfc60-55cf-40ac-9fe0-5183791faa40/build_cpu    ]   \ud83d\udc33  docker exec cmd=[chown -R 1012:1013 /var/run/act/actions/actions-setup-python@v2/] user=0 workdir=\n[3e4dfc60-55cf-40ac-9fe0-5183791faa40/test_windows ] \u2b50 Run Main Set up Python 3.8\n[3e4dfc60-55cf-40ac-9fe0-5183791faa40/test_windows ]   \ud83d\udc33  docker cp src=/tmp/act-cache/e3821d64-72ca-4b4d-a885-67b1a21111cb/act/actions-setup-python@v2/ dst=/var/run/act/actions/actions-setup-python@v2/\n[3e4dfc60-55cf-40ac-9fe0-5183791faa40/test_windows ]   \ud83d\udc33  docker exec cmd=[chown -R 1012:1013 /var/run/act/actions/actions-setup-python@v2/] user=0 workdir=\n[3e4dfc60-55cf-40ac-9fe0-5183791faa40/test_windows ]   \ud83d\udc33  docker exec cmd=[node /var/run/act/actions/actions-setup-python@v2/dist/setup/index.js] user= workdir=\n[3e4dfc60-55cf-40ac-9fe0-5183791faa40/build_cpu    ]   \ud83d\udc33  docker exec cmd=[node /var/run/act/actions/actions-setup-python@v2/dist/setup/index.js] user= workdir=\n[3e4dfc60-55cf-40ac-9fe0-5183791faa40/build_cpu    ]   \ud83d\udcac  ::debug::Semantic version spec of 3.7 is 3.7\n[3e4dfc60-55cf-40ac-9fe0-5183791faa40/build_cpu    ]   \ud83d\udcac  ::debug::isExplicit: \n[3e4dfc60-55cf-40ac-9fe0-5183791faa40/build_cpu    ]   \ud83d\udcac  ::debug::explicit? false\n[3e4dfc60-55cf-40ac-9fe0-5183791faa40/build_cpu    ]   \ud83d\udcac  ::debug::isExplicit: 2.7.18\n[3e4dfc60-55cf-40ac-9fe0-5183791faa40/build_cpu    ]   \ud83d\udcac  ::debug::explicit? true\n[3e4dfc60-55cf-40ac-9fe0-5183791faa40/build_cpu    ]   \ud83d\udcac  ::debug::isExplicit: 3.5.10\n[3e4dfc60-55cf-40ac-9fe0-5183791faa40/build_cpu    ]   \ud83d\udcac  ::debug::explicit? true\n[3e4dfc60-55cf-40ac-9fe0-5183791faa40/build_cpu    ]   \ud83d\udcac  ::debug::isExplicit: 3.6.14\n[3e4dfc60-55cf-40ac-9fe0-5183791faa40/build_cpu    ]   \ud83d\udcac  ::debug::explicit? true\n[3e4dfc60-55cf-40ac-9fe0-5183791faa40/build_cpu    ]   \ud83d\udcac  ::debug::isExplicit: 3.7.11\n[3e4dfc60-55cf-40ac-9fe0-5183791faa40/build_cpu    ]   \ud83d\udcac  ::debug::explicit? true\n[3e4dfc60-55cf-40ac-9fe0-5183791faa40/build_cpu    ]   \ud83d\udcac  ::debug::isExplicit: 3.8.11\n[3e4dfc60-55cf-40ac-9fe0-5183791faa40/build_cpu    ]   \ud83d\udcac  ::debug::explicit? true\n[3e4dfc60-55cf-40ac-9fe0-5183791faa40/build_cpu    ]   \ud83d\udcac  ::debug::isExplicit: 3.9.6\n[3e4dfc60-55cf-40ac-9fe0-5183791faa40/build_cpu    ]   \ud83d\udcac  ::debug::explicit? true\n[3e4dfc60-55cf-40ac-9fe0-5183791faa40/build_cpu    ]   \ud83d\udcac  ::debug::evaluating 6 versions\n[3e4dfc60-55cf-40ac-9fe0-5183791faa40/build_cpu    ]   \ud83d\udcac  ::debug::matched: 3.7.11\n[3e4dfc60-55cf-40ac-9fe0-5183791faa40/build_cpu    ]   \ud83d\udcac  ::debug::checking cache: /opt/hostedtoolcache/Python/3.7.11/x64\n[3e4dfc60-55cf-40ac-9fe0-5183791faa40/build_cpu    ]   \ud83d\udcac  ::debug::Found tool in cache Python 3.7.11 x64\n[3e4dfc60-55cf-40ac-9fe0-5183791faa40/build_cpu    ]   | Successfully setup CPython (3.7.11)\n[3e4dfc60-55cf-40ac-9fe0-5183791faa40/build_cpu    ]   \u2753 add-matcher /run/act/actions/actions-setup-python@v2/.github/python.json\n[3e4dfc60-55cf-40ac-9fe0-5183791faa40/test_windows ]   \ud83d\udcac  ::debug::Semantic version spec of 3.8 is 3.8\n[3e4dfc60-55cf-40ac-9fe0-5183791faa40/test_windows ]   \ud83d\udcac  ::debug::isExplicit: \n[3e4dfc60-55cf-40ac-9fe0-5183791faa40/test_windows ]   \ud83d\udcac  ::debug::explicit? false\n[3e4dfc60-55cf-40ac-9fe0-5183791faa40/build_cpu    ]   \u2705  Success - Main Set up Python 3.7\n[3e4dfc60-55cf-40ac-9fe0-5183791faa40/test_windows ]   \ud83d\udcac  ::debug::isExplicit: 2.7.18\n[3e4dfc60-55cf-40ac-9fe0-5183791faa40/test_windows ]   \ud83d\udcac  ::debug::explicit? true\n[3e4dfc60-55cf-40ac-9fe0-5183791faa40/test_windows ]   \ud83d\udcac  ::debug::isExplicit: 3.5.10\n[3e4dfc60-55cf-40ac-9fe0-5183791faa40/test_windows ]   \ud83d\udcac  ::debug::explicit? true\n[3e4dfc60-55cf-40ac-9fe0-5183791faa40/test_windows ]   \ud83d\udcac  ::debug::isExplicit: 3.6.14\n[3e4dfc60-55cf-40ac-9fe0-5183791faa40/test_windows ]   \ud83d\udcac  ::debug::explicit? true\n[3e4dfc60-55cf-40ac-9fe0-5183791faa40/test_windows ]   \ud83d\udcac  ::debug::isExplicit: 3.7.11\n[3e4dfc60-55cf-40ac-9fe0-5183791faa40/test_windows ]   \ud83d\udcac  ::debug::explicit? true\n[3e4dfc60-55cf-40ac-9fe0-5183791faa40/test_windows ]   \ud83d\udcac  ::debug::isExplicit: 3.8.11\n[3e4dfc60-55cf-40ac-9fe0-5183791faa40/test_windows ]   \ud83d\udcac  ::debug::explicit? true\n[3e4dfc60-55cf-40ac-9fe0-5183791faa40/test_windows ]   \ud83d\udcac  ::debug::isExplicit: 3.9.6\n[3e4dfc60-55cf-40ac-9fe0-5183791faa40/test_windows ]   \ud83d\udcac  ::debug::explicit? true\n[3e4dfc60-55cf-40ac-9fe0-5183791faa40/test_windows ]   \ud83d\udcac  ::debug::evaluating 6 versions\n[3e4dfc60-55cf-40ac-9fe0-5183791faa40/test_windows ]   \ud83d\udcac  ::debug::matched: 3.8.11\n[3e4dfc60-55cf-40ac-9fe0-5183791faa40/test_windows ]   \ud83d\udcac  ::debug::checking cache: /opt/hostedtoolcache/Python/3.8.11/x64\n[3e4dfc60-55cf-40ac-9fe0-5183791faa40/test_windows ]   \ud83d\udcac  ::debug::Found tool in cache Python 3.8.11 x64\n[3e4dfc60-55cf-40ac-9fe0-5183791faa40/test_windows ]   | Successfully setup CPython (3.8.11)\n[3e4dfc60-55cf-40ac-9fe0-5183791faa40/test_windows ]   \u2753 add-matcher /run/act/actions/actions-setup-python@v2/.github/python.json\n[3e4dfc60-55cf-40ac-9fe0-5183791faa40/test_windows ]   \u2705  Success - Main Set up Python 3.8\n[3e4dfc60-55cf-40ac-9fe0-5183791faa40/build_cpu    ]   \u2699  ::set-env:: pythonLocation=/opt/hostedtoolcache/Python/3.7.11/x64\n[3e4dfc60-55cf-40ac-9fe0-5183791faa40/build_cpu    ]   \u2699  ::set-env:: LD_LIBRARY_PATH=/opt/hostedtoolcache/Python/3.7.11/x64/lib\n[3e4dfc60-55cf-40ac-9fe0-5183791faa40/test_windows ]   \u2699  ::set-env:: pythonLocation=/opt/hostedtoolcache/Python/3.8.11/x64\n[3e4dfc60-55cf-40ac-9fe0-5183791faa40/test_windows ]   \u2699  ::set-env:: LD_LIBRARY_PATH=/opt/hostedtoolcache/Python/3.8.11/x64/lib\n[3e4dfc60-55cf-40ac-9fe0-5183791faa40/test_windows ]   \u2699  ::set-output:: python-version=3.8.11\n[3e4dfc60-55cf-40ac-9fe0-5183791faa40/build_cpu    ]   \u2699  ::set-output:: python-version=3.7.11\n[3e4dfc60-55cf-40ac-9fe0-5183791faa40/build_cpu    ]   \u2699  ::add-path:: /opt/hostedtoolcache/Python/3.7.11/x64\n[3e4dfc60-55cf-40ac-9fe0-5183791faa40/build_cpu    ]   \u2699  ::add-path:: /opt/hostedtoolcache/Python/3.7.11/x64/bin\n[3e4dfc60-55cf-40ac-9fe0-5183791faa40/test_windows ]   \u2699  ::add-path:: /opt/hostedtoolcache/Python/3.8.11/x64\n[3e4dfc60-55cf-40ac-9fe0-5183791faa40/test_windows ]   \u2699  ::add-path:: /opt/hostedtoolcache/Python/3.8.11/x64/bin\n[3e4dfc60-55cf-40ac-9fe0-5183791faa40/build_cpu    ] \u2b50 Run Main Install PyTorch\n[3e4dfc60-55cf-40ac-9fe0-5183791faa40/test_windows ] \u2b50 Run Main Upgrade pip\n[3e4dfc60-55cf-40ac-9fe0-5183791faa40/test_windows ]   \ud83d\udc33  docker exec cmd=[bash --noprofile --norc -e -o pipefail /var/run/act/workflow/2] user= workdir=\n[3e4dfc60-55cf-40ac-9fe0-5183791faa40/build_cpu    ]   \ud83d\udc33  docker exec cmd=[bash --noprofile --norc -e -o pipefail /var/run/act/workflow/2] user= workdir=\n[3e4dfc60-55cf-40ac-9fe0-5183791faa40/test_windows ]   | Requirement already satisfied: pip in /opt/hostedtoolcache/Python/3.8.11/x64/lib/python3.8/site-packages (21.2.4)\n[3e4dfc60-55cf-40ac-9fe0-5183791faa40/build_cpu    ]   | Looking in links: https://download.pytorch.org/whl/torch_stable.html\n[3e4dfc60-55cf-40ac-9fe0-5183791faa40/test_windows ]   | Collecting pip\n[3e4dfc60-55cf-40ac-9fe0-5183791faa40/test_windows ]   |   Downloading pip-23.1.2-py3-none-any.whl (2.1 MB)\n[3e4dfc60-55cf-40ac-9fe0-5183791faa40/test_windows ]   | Installing collected packages: pip\n[3e4dfc60-55cf-40ac-9fe0-5183791faa40/build_cpu    ]   | Collecting torch==1.5.1+cpu\n[3e4dfc60-55cf-40ac-9fe0-5183791faa40/test_windows ]   |   WARNING: The scripts pip, pip3, pip3.10 and pip3.8 are installed in '/home/runneradmin/.local/bin' which is not on PATH.\n[3e4dfc60-55cf-40ac-9fe0-5183791faa40/test_windows ]   |   Consider adding this directory to PATH or, if you prefer to suppress this warning, use --no-warn-script-location.\n[3e4dfc60-55cf-40ac-9fe0-5183791faa40/test_windows ]   | Successfully installed pip-23.1.2\n[3e4dfc60-55cf-40ac-9fe0-5183791faa40/test_windows ]   | WARNING: You are using pip version 21.2.4; however, version 23.1.2 is available.\n[3e4dfc60-55cf-40ac-9fe0-5183791faa40/test_windows ]   | You should consider upgrading via the '/opt/hostedtoolcache/Python/3.8.11/x64/bin/python -m pip install --upgrade pip' command.\n[3e4dfc60-55cf-40ac-9fe0-5183791faa40/test_windows ]   \u2705  Success - Main Upgrade pip\n[3e4dfc60-55cf-40ac-9fe0-5183791faa40/build_cpu    ]   |   Downloading https://download.pytorch.org/whl/cpu/torch-1.5.1%2Bcpu-cp37-cp37m-linux_x86_64.whl (127.3 MB)\n[3e4dfc60-55cf-40ac-9fe0-5183791faa40/test_windows ] \u2b50 Run Main Install PyTorch\n[3e4dfc60-55cf-40ac-9fe0-5183791faa40/test_windows ]   \ud83d\udc33  docker exec cmd=[bash --noprofile --norc -e -o pipefail /var/run/act/workflow/3] user= workdir=\n[3e4dfc60-55cf-40ac-9fe0-5183791faa40/build_cpu    ]   | Collecting torchvision==0.6.1+cpu\n[3e4dfc60-55cf-40ac-9fe0-5183791faa40/build_cpu    ]   |   Downloading https://download.pytorch.org/whl/cpu/torchvision-0.6.1%2Bcpu-cp37-cp37m-linux_x86_64.whl (5.7 MB)\n[3e4dfc60-55cf-40ac-9fe0-5183791faa40/build_cpu    ]   | Collecting future\n[3e4dfc60-55cf-40ac-9fe0-5183791faa40/build_cpu    ]   |   Downloading future-0.18.3.tar.gz (840 kB)\n[3e4dfc60-55cf-40ac-9fe0-5183791faa40/build_cpu    ]   | Collecting numpy\n[3e4dfc60-55cf-40ac-9fe0-5183791faa40/build_cpu    ]   |   Downloading numpy-1.21.6-cp37-cp37m-manylinux_2_12_x86_64.manylinux2010_x86_64.whl (15.7 MB)\n[3e4dfc60-55cf-40ac-9fe0-5183791faa40/build_cpu    ]   | Collecting pillow>=4.1.1\n[3e4dfc60-55cf-40ac-9fe0-5183791faa40/build_cpu    ]   |   Downloading Pillow-9.5.0-cp37-cp37m-manylinux_2_28_x86_64.whl (3.4 MB)\n[3e4dfc60-55cf-40ac-9fe0-5183791faa40/build_cpu    ]   | Using legacy 'setup.py install' for future, since package 'wheel' is not installed.\n[3e4dfc60-55cf-40ac-9fe0-5183791faa40/build_cpu    ]   | Installing collected packages: numpy, future, torch, pillow, torchvision\n[3e4dfc60-55cf-40ac-9fe0-5183791faa40/build_cpu    ]   |     Running setup.py install for future: started\n[3e4dfc60-55cf-40ac-9fe0-5183791faa40/build_cpu    ]   |     Running setup.py install for future: finished with status 'done'\n[3e4dfc60-55cf-40ac-9fe0-5183791faa40/build_cpu    ]   | Successfully installed future-0.18.3 numpy-1.21.6 pillow-9.5.0 torch-1.5.1+cpu torchvision-0.6.1+cpu\n[3e4dfc60-55cf-40ac-9fe0-5183791faa40/build_cuda101] \ud83e\uddea  Matrix: map[python-version:3.7 torch:1.5.1+cu101 torch_version:torch1.5 torchvision:0.6.1+cu101]\n[3e4dfc60-55cf-40ac-9fe0-5183791faa40/build_cuda101] \u2b50 Run Main actions/checkout@v2\n[3e4dfc60-55cf-40ac-9fe0-5183791faa40/build_cuda101]   \u2705  Success - Main actions/checkout@v2\n[3e4dfc60-55cf-40ac-9fe0-5183791faa40/build_cuda101] \u2b50 Run Main Set up Python 3.7\n[3e4dfc60-55cf-40ac-9fe0-5183791faa40/build_cuda101]   \ud83d\udc33  docker cp src=/tmp/act-cache/e3821d64-72ca-4b4d-a885-67b1a21111cb/act/actions-setup-python@v2/ dst=/var/run/act/actions/actions-setup-python@v2/\n[3e4dfc60-55cf-40ac-9fe0-5183791faa40/build_cuda101]   \ud83d\udc33  docker exec cmd=[node /var/run/act/actions/actions-setup-python@v2/dist/setup/index.js] user= workdir=\n[3e4dfc60-55cf-40ac-9fe0-5183791faa40/build_cpu    ]   | WARNING: You are using pip version 21.2.4; however, version 23.1.2 is available.\n[3e4dfc60-55cf-40ac-9fe0-5183791faa40/build_cpu    ]   | You should consider upgrading via the '/opt/hostedtoolcache/Python/3.7.11/x64/bin/python -m pip install --upgrade pip' command.\n[3e4dfc60-55cf-40ac-9fe0-5183791faa40/build_cpu    ]   \u2705  Success - Main Install PyTorch\n[3e4dfc60-55cf-40ac-9fe0-5183791faa40/build_cpu    ] \u2b50 Run Main Install mmtrack dependencies\n[3e4dfc60-55cf-40ac-9fe0-5183791faa40/build_cpu    ]   \ud83d\udc33  docker exec cmd=[bash --noprofile --norc -e -o pipefail /var/run/act/workflow/3] user= workdir=\n[3e4dfc60-55cf-40ac-9fe0-5183791faa40/test_windows ]   | Looking in links: https://download.pytorch.org/whl/lts/1.8/torch_lts.html\n[3e4dfc60-55cf-40ac-9fe0-5183791faa40/test_windows ]   | Collecting torch==1.8.2+cpu\n[3e4dfc60-55cf-40ac-9fe0-5183791faa40/test_windows ]   |   Downloading https://download.pytorch.org/whl/lts/1.8/cpu/torch-1.8.2%2Bcpu-cp38-cp38-linux_x86_64.whl (169.1 MB)\n[3e4dfc60-55cf-40ac-9fe0-5183791faa40/build_cuda101]   | OCI runtime exec failed: exec failed: unable to start container process: exec: \"node\": executable file not found in $PATH: unknown\r\n[3e4dfc60-55cf-40ac-9fe0-5183791faa40/build_cuda101]   \u274c  Failure - Main Set up Python 3.7\n[3e4dfc60-55cf-40ac-9fe0-5183791faa40/build_cuda101] exitcode '126': failure\n[3e4dfc60-55cf-40ac-9fe0-5183791faa40/build_cpu    ]   | Collecting git+https://github.com/votchallenge/toolkit.git\n[3e4dfc60-55cf-40ac-9fe0-5183791faa40/build_cpu    ]   |   Cloning https://github.com/votchallenge/toolkit.git to /tmp/pip-req-build-2jcm80r_\n[3e4dfc60-55cf-40ac-9fe0-5183791faa40/build_cpu    ]   |   Running command git clone -q https://github.com/votchallenge/toolkit.git /tmp/pip-req-build-2jcm80r_\n[3e4dfc60-55cf-40ac-9fe0-5183791faa40/build_cpu    ]   |   Resolved https://github.com/votchallenge/toolkit.git to commit 41bd50230d270f52555c484c25def9ce3f650244\n[3e4dfc60-55cf-40ac-9fe0-5183791faa40/build_cpu    ]   | Collecting vot-trax>=4.0.1\n[3e4dfc60-55cf-40ac-9fe0-5183791faa40/build_cpu    ]   |   Downloading vot-trax-4.0.1.tar.gz (62 kB)\n[3e4dfc60-55cf-40ac-9fe0-5183791faa40/build_cpu    ]   | Collecting tqdm>=4.37\n[3e4dfc60-55cf-40ac-9fe0-5183791faa40/build_cpu    ]   |   Downloading tqdm-4.65.0-py3-none-any.whl (77 kB)\n[3e4dfc60-55cf-40ac-9fe0-5183791faa40/build_cpu    ]   | Requirement already satisfied: numpy>=1.16 in /opt/hostedtoolcache/Python/3.7.11/x64/lib/python3.7/site-packages (from vot-toolkit==0.6.4) (1.21.6)\n[3e4dfc60-55cf-40ac-9fe0-5183791faa40/build_cpu    ]   | Collecting opencv-python>=4.0\n[3e4dfc60-55cf-40ac-9fe0-5183791faa40/build_cpu    ]   |   Downloading opencv_python-4.7.0.72-cp37-abi3-manylinux_2_17_x86_64.manylinux2014_x86_64.whl (61.8 MB)\n[3e4dfc60-55cf-40ac-9fe0-5183791faa40/test_windows ]   |      \u2501\u2501\u2501\u2501\u2501\u2501\u2501\u2501\u2501\u2501\u2501\u2501\u2501\u2501\u2501\u2501\u2501\u2501\u2501\u2501\u2501\u2501\u2501\u2501\u2501\u2501\u2501\u2501\u2501\u2501\u2501\u2501\u2501\u2501\u2501\u2501\u2501\u2501\u2501 169.1/169.1 MB 4.9 MB/s eta 0:00:00\n[3e4dfc60-55cf-40ac-9fe0-5183791faa40/test_windows ]   | Collecting torchvision==0.9.2+cpu\n[3e4dfc60-55cf-40ac-9fe0-5183791faa40/build_cpu    ]   | Collecting six\n[3e4dfc60-55cf-40ac-9fe0-5183791faa40/build_cpu    ]   |   Downloading six-1.16.0-py2.py3-none-any.whl (11 kB)\n[3e4dfc60-55cf-40ac-9fe0-5183791faa40/build_cpu    ]   | Collecting pylatex>=1.3\n[3e4dfc60-55cf-40ac-9fe0-5183791faa40/test_windows ]   |   Downloading https://download.pytorch.org/whl/lts/1.8/cpu/torchvision-0.9.2%2Bcpu-cp38-cp38-linux_x86_64.whl (13.3 MB)\n[3e4dfc60-55cf-40ac-9fe0-5183791faa40/build_cpu    ]   |   Downloading PyLaTeX-1.4.1.tar.gz (84 kB)\n[3e4dfc60-55cf-40ac-9fe0-5183791faa40/build_cpu    ]   | Collecting jsonschema>=3.2\n[3e4dfc60-55cf-40ac-9fe0-5183791faa40/build_cpu    ]   |   Downloading jsonschema-4.17.3-py3-none-any.whl (90 kB)\n[3e4dfc60-55cf-40ac-9fe0-5183791faa40/test_windows ]   |      \u2501\u2501\u2501\u2501\u2501\u2501\u2501\u2501\u2501\u2501\u2501\u2501\u2501\u2501\u2501\u2501\u2501\u2501\u2501\u2501\u2501\u2501\u2501\u2501\u2501\u2501\u2501\u2501\u2501\u2501\u2501\u2501\u2501\u2501\u2501\u2501\u2501\u2501\u2501\u2501 13.3/13.3 MB 21.9 MB/s eta 0:00:00\n[3e4dfc60-55cf-40ac-9fe0-5183791faa40/build_cpu    ]   | Collecting pyYAML>=5.3\n[3e4dfc60-55cf-40ac-9fe0-5183791faa40/build_cpu    ]   |   Downloading PyYAML-6.0-cp37-cp37m-manylinux_2_5_x86_64.manylinux1_x86_64.manylinux_2_12_x86_64.manylinux2010_x86_64.whl (596 kB)\n[3e4dfc60-55cf-40ac-9fe0-5183791faa40/test_windows ]   | Collecting typing-extensions (from torch==1.8.2+cpu)\n[3e4dfc60-55cf-40ac-9fe0-5183791faa40/test_windows ]   |   Downloading typing_extensions-4.6.3-py3-none-any.whl (31 kB)\n[3e4dfc60-55cf-40ac-9fe0-5183791faa40/build_cpu    ]   | Collecting matplotlib>=3.0\n[3e4dfc60-55cf-40ac-9fe0-5183791faa40/build_cpu    ]   |   Downloading matplotlib-3.5.3-cp37-cp37m-manylinux_2_5_x86_64.manylinux1_x86_64.whl (11.2 MB)\n[3e4dfc60-55cf-40ac-9fe0-5183791faa40/build_cpu    ]   | Requirement already satisfied: Pillow>=7.0 in /opt/hostedtoolcache/Python/3.7.11/x64/lib/python3.7/site-packages (from vot-toolkit==0.6.4) (9.5.0)\n[3e4dfc60-55cf-40ac-9fe0-5183791faa40/test_windows ]   | Collecting numpy (from torch==1.8.2+cpu)\n[3e4dfc60-55cf-40ac-9fe0-5183791faa40/test_windows ]   |   Downloading numpy-1.24.4-cp38-cp38-manylinux_2_17_x86_64.manylinux2014_x86_64.whl (17.3 MB)\n[3e4dfc60-55cf-40ac-9fe0-5183791faa40/build_cpu    ]   | Collecting numba>=0.47\n[3e4dfc60-55cf-40ac-9fe0-5183791faa40/build_cpu    ]   |   Downloading numba-0.56.4-cp37-cp37m-manylinux2014_x86_64.manylinux_2_17_x86_64.whl (3.5 MB)\n[3e4dfc60-55cf-40ac-9fe0-5183791faa40/test_windows ]   |      \u2501\u2501\u2501\u2501\u2501\u2501\u2501\u2501\u2501\u2501\u2501\u2501\u2501\u2501\u2501\u2501\u2501\u2501\u2501\u2501\u2501\u2501\u2501\u2501\u2501\u2501\u2501\u2501\u2501\u2501\u2501\u2501\u2501\u2501\u2501\u2501\u2501\u2501\u2501\u2501 17.3/17.3 MB 22.5 MB/s eta 0:00:00\n[3e4dfc60-55cf-40ac-9fe0-5183791faa40/build_cpu    ]   | Collecting requests>=2.22\n[3e4dfc60-55cf-40ac-9fe0-5183791faa40/build_cpu    ]   |   Downloading requests-2.31.0-py3-none-any.whl (62 kB)\n[3e4dfc60-55cf-40ac-9fe0-5183791faa40/build_cpu    ]   | Collecting colorama>=0.4.3\n[3e4dfc60-55cf-40ac-9fe0-5183791faa40/build_cpu    ]   |   Downloading colorama-0.4.6-py2.py3-none-any.whl (25 kB)\n[3e4dfc60-55cf-40ac-9fe0-5183791faa40/build_cpu    ]   | Collecting packaging>=20\n[3e4dfc60-55cf-40ac-9fe0-5183791faa40/build_cpu    ]   |   Downloading packaging-23.1-py3-none-any.whl (48 kB)\n[3e4dfc60-55cf-40ac-9fe0-5183791faa40/build_cpu    ]   | Collecting dominate>=2.5\n[3e4dfc60-55cf-40ac-9fe0-5183791faa40/build_cpu    ]   |   Downloading dominate-2.8.0-py2.py3-none-any.whl (29 kB)\n[3e4dfc60-55cf-40ac-9fe0-5183791faa40/build_cpu    ]   | Collecting cachetools>=4.1\n[3e4dfc60-55cf-40ac-9fe0-5183791faa40/build_cpu    ]   |   Downloading cachetools-5.3.1-py3-none-any.whl (9.3 kB)\n[3e4dfc60-55cf-40ac-9fe0-5183791faa40/build_cpu    ]   | Collecting bidict>=0.19\n[3e4dfc60-55cf-40ac-9fe0-5183791faa40/build_cpu    ]   |   Downloading bidict-0.22.1-py3-none-any.whl (35 kB)\n[3e4dfc60-55cf-40ac-9fe0-5183791faa40/test_windows ]   | Collecting pillow>=4.1.1 (from torchvision==0.9.2+cpu)\n[3e4dfc60-55cf-40ac-9fe0-5183791faa40/test_windows ]   |   Downloading Pillow-9.5.0-cp38-cp38-manylinux_2_28_x86_64.whl (3.4 MB)\n[3e4dfc60-55cf-40ac-9fe0-5183791faa40/build_cpu    ]   | Collecting phx-class-registry>=3.0\n[3e4dfc60-55cf-40ac-9fe0-5183791faa40/build_cpu    ]   |   Downloading phx_class_registry-4.0.6-py3-none-any.whl (13 kB)\n[3e4dfc60-55cf-40ac-9fe0-5183791faa40/test_windows ]   |      \u2501\u2501\u2501\u2501\u2501\u2501\u2501\u2501\u2501\u2501\u2501\u2501\u2501\u2501\u2501\u2501\u2501\u2501\u2501\u2501\u2501\u2501\u2501\u2501\u2501\u2501\u2501\u2501\u2501\u2501\u2501\u2501\u2501\u2501\u2501\u2501\u2501\u2501\u2501\u2501 3.4/3.4 MB 24.8 MB/s eta 0:00:00\n[3e4dfc60-55cf-40ac-9fe0-5183791faa40/build_cpu    ]   | Collecting attributee>=0.1.8\n[3e4dfc60-55cf-40ac-9fe0-5183791faa40/build_cpu    ]   |   Downloading attributee-0.1.8.tar.gz (11 kB)\n[3e4dfc60-55cf-40ac-9fe0-5183791faa40/test_windows ]   | Installing collected packages: typing-extensions, pillow, numpy, torch, torchvision\n[3e4dfc60-55cf-40ac-9fe0-5183791faa40/build_cpu    ]   | Collecting lazy-object-proxy>=1.9\n[3e4dfc60-55cf-40ac-9fe0-5183791faa40/build_cpu    ]   |   Downloading lazy_object_proxy-1.9.0-cp37-cp37m-manylinux_2_5_x86_64.manylinux1_x86_64.manylinux_2_17_x86_64.manylinux2014_x86_64.whl (58 kB)\n[3e4dfc60-55cf-40ac-9fe0-5183791faa40/build_cpu    ]   | Collecting importlib-resources>=1.4.0\n[3e4dfc60-55cf-40ac-9fe0-5183791faa40/build_cpu    ]   |   Downloading importlib_resources-5.12.0-py3-none-any.whl (36 kB)\n[3e4dfc60-55cf-40ac-9fe0-5183791faa40/build_cpu    ]   | Collecting typing-extensions\n[3e4dfc60-55cf-40ac-9fe0-5183791faa40/build_cpu    ]   |   Downloading typing_extensions-4.6.3-py3-none-any.whl (31 kB)\n[3e4dfc60-55cf-40ac-9fe0-5183791faa40/build_cpu    ]   | Collecting pyrsistent!=0.17.0,!=0.17.1,!=0.17.2,>=0.14.0\n[3e4dfc60-55cf-40ac-9fe0-5183791faa40/build_cpu    ]   |   Downloading pyrsistent-0.19.3-py3-none-any.whl (57 kB)\n[3e4dfc60-55cf-40ac-9fe0-5183791faa40/build_cpu    ]   | Collecting attrs>=17.4.0\n[3e4dfc60-55cf-40ac-9fe0-5183791faa40/build_cpu    ]   |   Downloading attrs-23.1.0-py3-none-any.whl (61 kB)\n[3e4dfc60-55cf-40ac-9fe0-5183791faa40/build_cpu    ]   | Collecting importlib-metadata\n[3e4dfc60-55cf-40ac-9fe0-5183791faa40/build_cpu    ]   |   Downloading importlib_metadata-6.7.0-py3-none-any.whl (22 kB)\n[3e4dfc60-55cf-40ac-9fe0-5183791faa40/build_cpu    ]   | Collecting pkgutil-resolve-name>=1.3.10\n[3e4dfc60-55cf-40ac-9fe0-5183791faa40/build_cpu    ]   |   Downloading pkgutil_resolve_name-1.3.10-py3-none-any.whl (4.7 kB)\n[3e4dfc60-55cf-40ac-9fe0-5183791faa40/build_cpu    ]   | Collecting zipp>=3.1.0\n[3e4dfc60-55cf-40ac-9fe0-5183791faa40/build_cpu    ]   |   Downloading zipp-3.15.0-py3-none-any.whl (6.8 kB)\n[3e4dfc60-55cf-40ac-9fe0-5183791faa40/build_cpu    ]   | Collecting fonttools>=4.22.0\n[3e4dfc60-55cf-40ac-9fe0-5183791faa40/build_cpu    ]   |   Downloading fonttools-4.38.0-py3-none-any.whl (965 kB)\n[3e4dfc60-55cf-40ac-9fe0-5183791faa40/build_cpu    ]   | Collecting cycler>=0.10\n[3e4dfc60-55cf-40ac-9fe0-5183791faa40/build_cpu    ]   |   Downloading cycler-0.11.0-py3-none-any.whl (6.4 kB)\n[3e4dfc60-55cf-40ac-9fe0-5183791faa40/build_cuda101] \ud83c\udfc1  Job failed\n[3e4dfc60-55cf-40ac-9fe0-5183791faa40/build_cpu    ]   | Collecting kiwisolver>=1.0.1\n[3e4dfc60-55cf-40ac-9fe0-5183791faa40/build_cpu    ]   |   Downloading kiwisolver-1.4.4-cp37-cp37m-manylinux_2_5_x86_64.manylinux1_x86_64.whl (1.1 MB)\n[3e4dfc60-55cf-40ac-9fe0-5183791faa40/build_cpu    ]   | Collecting pyparsing>=2.2.1\n[3e4dfc60-55cf-40ac-9fe0-5183791faa40/build_cpu    ]   |   Downloading pyparsing-3.1.0-py3-none-any.whl (102 kB)\n[3e4dfc60-55cf-40ac-9fe0-5183791faa40/build_cpu    ]   | Collecting python-dateutil>=2.7\n[3e4dfc60-55cf-40ac-9fe0-5183791faa40/build_cpu    ]   |   Downloading python_dateutil-2.8.2-py2.py3-none-any.whl (247 kB)\n[3e4dfc60-55cf-40ac-9fe0-5183791faa40/build_cpu    ]   | Requirement already satisfied: setuptools in /opt/hostedtoolcache/Python/3.7.11/x64/lib/python3.7/site-packages (from numba>=0.47->vot-toolkit==0.6.4) (47.1.0)\n[3e4dfc60-55cf-40ac-9fe0-5183791faa40/build_cpu    ]   | Collecting llvmlite<0.40,>=0.39.0dev0\n[3e4dfc60-55cf-40ac-9fe0-5183791faa40/build_cpu    ]   |   Downloading llvmlite-0.39.1-cp37-cp37m-manylinux_2_17_x86_64.manylinux2014_x86_64.whl (34.6 MB)\n[3e4dfc60-55cf-40ac-9fe0-5183791faa40/build_cpu    ]   | Collecting ordered-set\n[3e4dfc60-55cf-40ac-9fe0-5183791faa40/build_cpu    ]   |   Downloading ordered_set-4.1.0-py3-none-any.whl (7.6 kB)\n[3e4dfc60-55cf-40ac-9fe0-5183791faa40/build_cpu    ]   | Collecting charset-normalizer<4,>=2\n[3e4dfc60-55cf-40ac-9fe0-5183791faa40/build_cpu    ]   |   Downloading charset_normalizer-3.1.0-cp37-cp37m-manylinux_2_17_x86_64.manylinux2014_x86_64.whl (171 kB)\n[3e4dfc60-55cf-40ac-9fe0-5183791faa40/build_cpu    ]   | Collecting urllib3<3,>=1.21.1\n[3e4dfc60-55cf-40ac-9fe0-5183791faa40/build_cpu    ]   |   Downloading urllib3-2.0.3-py3-none-any.whl (123 kB)\n[3e4dfc60-55cf-40ac-9fe0-5183791faa40/build_cpu    ]   | Collecting certifi>=2017.4.17\n[3e4dfc60-55cf-40ac-9fe0-5183791faa40/build_cpu    ]   |   Downloading certifi-2023.5.7-py3-none-any.whl (156 kB)\n[3e4dfc60-55cf-40ac-9fe0-5183791faa40/build_cpu    ]   | Collecting idna<4,>=2.5\n[3e4dfc60-55cf-40ac-9fe0-5183791faa40/build_cpu    ]   |   Downloading idna-3.4-py3-none-any.whl (61 kB)\n[3e4dfc60-55cf-40ac-9fe0-5183791faa40/build_cpu    ]   | Using legacy 'setup.py install' for vot-toolkit, since package 'wheel' is not installed.\n[3e4dfc60-55cf-40ac-9fe0-5183791faa40/build_cpu    ]   | Using legacy 'setup.py install' for attributee, since package 'wheel' is not installed.\n[3e4dfc60-55cf-40ac-9fe0-5183791faa40/build_cpu    ]   | Using legacy 'setup.py install' for pylatex, since package 'wheel' is not installed.\n[3e4dfc60-55cf-40ac-9fe0-5183791faa40/build_cpu    ]   | Using legacy 'setup.py install' for vot-trax, since package 'wheel' is not installed.\n[3e4dfc60-55cf-40ac-9fe0-5183791faa40/build_cpu    ]   | Installing collected packages: zipp, typing-extensions, six, importlib-metadata, urllib3, python-dateutil, pyrsistent, pyparsing, pkgutil-resolve-name, packaging, ordered-set, llvmlite, kiwisolver, importlib-resources, idna, fonttools, cycler, charset-normalizer, certifi, attrs, vot-trax, tqdm, requests, pyYAML, pylatex, phx-class-registry, opencv-python, numba, matplotlib, lazy-object-proxy, jsonschema, dominate, colorama, cachetools, bidict, attributee, vot-toolkit\n[3e4dfc60-55cf-40ac-9fe0-5183791faa40/build_cpu    ]   |     Running setup.py install for vot-trax: started\n[3e4dfc60-55cf-40ac-9fe0-5183791faa40/test_windows ]   | Successfully installed numpy-1.24.4 pillow-9.5.0 torch-1.8.2+cpu torchvision-0.9.2+cpu typing-extensions-4.6.3\n[3e4dfc60-55cf-40ac-9fe0-5183791faa40/test_windows ]   \u2705  Success - Main Install PyTorch\n[3e4dfc60-55cf-40ac-9fe0-5183791faa40/test_windows ] \u2b50 Run Main Install votchallenge toolkit\n[3e4dfc60-55cf-40ac-9fe0-5183791faa40/build_cuda102] \ud83e\uddea  Matrix: map[python-version:3.6 torch:1.9.0+cu102 torch_version:torch1.9 torchvision:0.10.0+cu102]\n[3e4dfc60-55cf-40ac-9fe0-5183791faa40/build_cuda102] \u2b50 Run Main actions/checkout@v2\n[3e4dfc60-55cf-40ac-9fe0-5183791faa40/build_cuda102]   \u2705  Success - Main actions/checkout@v2\n[3e4dfc60-55cf-40ac-9fe0-5183791faa40/test_windows ]   \ud83d\udc33  docker exec cmd=[bash --noprofile --norc -e -o pipefail /var/run/act/workflow/4] user= workdir=\n[3e4dfc60-55cf-40ac-9fe0-5183791faa40/build_cuda102] \u2b50 Run Main Set up Python 3.6\n[3e4dfc60-55cf-40ac-9fe0-5183791faa40/build_cuda102]   \ud83d\udc33  docker cp src=/tmp/act-cache/e3821d64-72ca-4b4d-a885-67b1a21111cb/act/actions-setup-python@v2/ dst=/var/run/act/actions/actions-setup-python@v2/\n[3e4dfc60-55cf-40ac-9fe0-5183791faa40/build_cuda102]   \ud83d\udc33  docker exec cmd=[node /var/run/act/actions/actions-setup-python@v2/dist/setup/index.js] user= workdir=\n[3e4dfc60-55cf-40ac-9fe0-5183791faa40/build_cpu    ]   |     Running setup.py install for vot-trax: finished with status 'done'\n[3e4dfc60-55cf-40ac-9fe0-5183791faa40/build_cpu    ]   |     Running setup.py install for pylatex: started\n[3e4dfc60-55cf-40ac-9fe0-5183791faa40/build_cpu    ]   |     Running setup.py install for pylatex: finished with status 'done'\n[3e4dfc60-55cf-40ac-9fe0-5183791faa40/build_cuda102]   | OCI runtime exec failed: exec failed: unable to start container process: exec: \"node\": executable file not found in $PATH: unknown\r\n[3e4dfc60-55cf-40ac-9fe0-5183791faa40/build_cuda102]   \u274c  Failure - Main Set up Python 3.6\n[3e4dfc60-55cf-40ac-9fe0-5183791faa40/build_cuda102] exitcode '126': failure\n[3e4dfc60-55cf-40ac-9fe0-5183791faa40/test_windows ]   | Collecting git+https://github.com/votchallenge/toolkit.git\n[3e4dfc60-55cf-40ac-9fe0-5183791faa40/test_windows ]   |   Cloning https://github.com/votchallenge/toolkit.git to /tmp/pip-req-build-zt6thfcc\n[3e4dfc60-55cf-40ac-9fe0-5183791faa40/test_windows ]   |   Running command git clone --filter=blob:none --quiet https://github.com/votchallenge/toolkit.git /tmp/pip-req-build-zt6thfcc\n[3e4dfc60-55cf-40ac-9fe0-5183791faa40/test_windows ]   |   Resolved https://github.com/votchallenge/toolkit.git to commit 41bd50230d270f52555c484c25def9ce3f650244\n[3e4dfc60-55cf-40ac-9fe0-5183791faa40/test_windows ]   |   Installing build dependencies: started\n[3e4dfc60-55cf-40ac-9fe0-5183791faa40/test_windows ]   |   Installing build dependencies: finished with status 'done'\n[3e4dfc60-55cf-40ac-9fe0-5183791faa40/test_windows ]   |   Getting requirements to build wheel: started\n[3e4dfc60-55cf-40ac-9fe0-5183791faa40/test_windows ]   |   Getting requirements to build wheel: finished with status 'done'\n[3e4dfc60-55cf-40ac-9fe0-5183791faa40/test_windows ]   |   Preparing metadata (pyproject.toml): started\n[3e4dfc60-55cf-40ac-9fe0-5183791faa40/test_windows ]   |   Preparing metadata (pyproject.toml): finished with status 'done'\n[3e4dfc60-55cf-40ac-9fe0-5183791faa40/test_windows ]   | Collecting vot-trax>=4.0.1 (from vot-toolkit==0.6.4)\n[3e4dfc60-55cf-40ac-9fe0-5183791faa40/test_windows ]   |   Downloading vot-trax-4.0.1.tar.gz (62 kB)\n[3e4dfc60-55cf-40ac-9fe0-5183791faa40/test_windows ]   |      \u2501\u2501\u2501\u2501\u2501\u2501\u2501\u2501\u2501\u2501\u2501\u2501\u2501\u2501\u2501\u2501\u2501\u2501\u2501\u2501\u2501\u2501\u2501\u2501\u2501\u2501\u2501\u2501\u2501\u2501\u2501\u2501\u2501\u2501\u2501\u2501\u2501\u2501\u2501\u2501 62.4/62.4 kB 3.1 MB/s eta 0:00:00\n[3e4dfc60-55cf-40ac-9fe0-5183791faa40/test_windows ]   |   Installing build dependencies: started\n[3e4dfc60-55cf-40ac-9fe0-5183791faa40/build_cpu    ]   |     Running setup.py install for attributee: started\n[3e4dfc60-55cf-40ac-9fe0-5183791faa40/build_cpu    ]   |     Running setup.py install for attributee: finished with status 'done'\n[3e4dfc60-55cf-40ac-9fe0-5183791faa40/build_cpu    ]   |     Running setup.py install for vot-toolkit: started\n[3e4dfc60-55cf-40ac-9fe0-5183791faa40/test_windows ]   |   Installing build dependencies: finished with status 'done'\n[3e4dfc60-55cf-40ac-9fe0-5183791faa40/test_windows ]   |   Getting requirements to build wheel: started\n[3e4dfc60-55cf-40ac-9fe0-5183791faa40/test_windows ]   |   Getting requirements to build wheel: finished with status 'done'\n[3e4dfc60-55cf-40ac-9fe0-5183791faa40/test_windows ]   |   Preparing metadata (pyproject.toml): started\n[3e4dfc60-55cf-40ac-9fe0-5183791faa40/build_cpu    ]   |     Running setup.py install for vot-toolkit: finished with status 'done'\n[3e4dfc60-55cf-40ac-9fe0-5183791faa40/build_cpu    ]   | Successfully installed attributee-0.1.8 attrs-23.1.0 bidict-0.22.1 cachetools-5.3.1 certifi-2023.5.7 charset-normalizer-3.1.0 colorama-0.4.6 cycler-0.11.0 dominate-2.8.0 fonttools-4.38.0 idna-3.4 importlib-metadata-6.7.0 importlib-resources-5.12.0 jsonschema-4.17.3 kiwisolver-1.4.4 lazy-object-proxy-1.9.0 llvmlite-0.39.1 matplotlib-3.5.3 numba-0.56.4 opencv-python-4.7.0.72 ordered-set-4.1.0 packaging-23.1 phx-class-registry-4.0.6 pkgutil-resolve-name-1.3.10 pyYAML-6.0 pylatex-1.4.1 pyparsing-3.1.0 pyrsistent-0.19.3 python-dateutil-2.8.2 requests-2.31.0 six-1.16.0 tqdm-4.65.0 typing-extensions-4.6.3 urllib3-2.0.3 vot-toolkit-0.6.4 vot-trax-4.0.1 zipp-3.15.0\n[3e4dfc60-55cf-40ac-9fe0-5183791faa40/build_cpu    ]   | WARNING: You are using pip version 21.2.4; however, version 23.1.2 is available.\n[3e4dfc60-55cf-40ac-9fe0-5183791faa40/build_cpu    ]   | You should consider upgrading via the '/opt/hostedtoolcache/Python/3.7.11/x64/bin/python -m pip install --upgrade pip' command.\n[3e4dfc60-55cf-40ac-9fe0-5183791faa40/test_windows ]   |   Preparing metadata (pyproject.toml): finished with status 'done'\n[3e4dfc60-55cf-40ac-9fe0-5183791faa40/build_cuda102] \ud83c\udfc1  Job failed\n[3e4dfc60-55cf-40ac-9fe0-5183791faa40/test_windows ]   | Collecting tqdm>=4.37 (from vot-toolkit==0.6.4)\n[3e4dfc60-55cf-40ac-9fe0-5183791faa40/test_windows ]   |   Downloading tqdm-4.65.0-py3-none-any.whl (77 kB)\n[3e4dfc60-55cf-40ac-9fe0-5183791faa40/test_windows ]   |      \u2501\u2501\u2501\u2501\u2501\u2501\u2501\u2501\u2501\u2501\u2501\u2501\u2501\u2501\u2501\u2501\u2501\u2501\u2501\u2501\u2501\u2501\u2501\u2501\u2501\u2501\u2501\u2501\u2501\u2501\u2501\u2501\u2501\u2501\u2501\u2501\u2501\u2501\u2501\u2501 77.1/77.1 kB 3.9 MB/s eta 0:00:00\n[3e4dfc60-55cf-40ac-9fe0-5183791faa40/test_windows ]   | Requirement already satisfied: numpy>=1.16 in /opt/hostedtoolcache/Python/3.8.11/x64/lib/python3.8/site-packages (from vot-toolkit==0.6.4) (1.24.4)\n[3e4dfc60-55cf-40ac-9fe0-5183791faa40/test_windows ]   | Collecting opencv-python>=4.0 (from vot-toolkit==0.6.4)\n[3e4dfc60-55cf-40ac-9fe0-5183791faa40/test_windows ]   |   Downloading opencv_python-4.7.0.72-cp37-abi3-manylinux_2_17_x86_64.manylinux2014_x86_64.whl (61.8 MB)\n[3e4dfc60-55cf-40ac-9fe0-5183791faa40/build_cpu    ]   | Looking in links: https://download.openmmlab.com/mmcv/dist/cpu/torch1.5/index.html\n[3e4dfc60-55cf-40ac-9fe0-5183791faa40/test_windows ]   |      \u2501\u2501\u2501\u2501\u2501\u2501\u2501\u2501\u2501\u2501\u2501\u2501\u2501\u2501\u2501\u2501\u2501\u2501\u2501\u2501\u2501\u2501\u2501\u2501\u2501\u2501\u2501\u2501\u2501\u2501\u2501\u2501\u2501\u2501\u2501\u2501\u2501\u2501\u2501\u2501 61.8/61.8 MB 14.5 MB/s eta 0:00:00\n[3e4dfc60-55cf-40ac-9fe0-5183791faa40/test_windows ]   | Collecting six (from vot-toolkit==0.6.4)\n[3e4dfc60-55cf-40ac-9fe0-5183791faa40/test_windows ]   |   Downloading six-1.16.0-py2.py3-none-any.whl (11 kB)\n[3e4dfc60-55cf-40ac-9fe0-5183791faa40/test_windows ]   | Collecting pylatex>=1.3 (from vot-toolkit==0.6.4)\n[3e4dfc60-55cf-40ac-9fe0-5183791faa40/test_windows ]   |   Downloading PyLaTeX-1.4.1.tar.gz (84 kB)\n[3e4dfc60-55cf-40ac-9fe0-5183791faa40/test_windows ]   |      \u2501\u2501\u2501\u2501\u2501\u2501\u2501\u2501\u2501\u2501\u2501\u2501\u2501\u2501\u2501\u2501\u2501\u2501\u2501\u2501\u2501\u2501\u2501\u2501\u2501\u2501\u2501\u2501\u2501\u2501\u2501\u2501\u2501\u2501\u2501\u2501\u2501\u2501\u2501\u2501 85.0/85.0 kB 5.1 MB/s eta 0:00:00\n[3e4dfc60-55cf-40ac-9fe0-5183791faa40/test_windows ]   |   Installing build dependencies: started\n[3e4dfc60-55cf-40ac-9fe0-5183791faa40/build_cpu    ]   | Collecting mmcv-full\n[3e4dfc60-55cf-40ac-9fe0-5183791faa40/test_windows ]   |   Installing build dependencies: finished with status 'done'\n[3e4dfc60-55cf-40ac-9fe0-5183791faa40/test_windows ]   |   Getting requirements to build wheel: started\n[3e4dfc60-55cf-40ac-9fe0-5183791faa40/test_windows ]   |   Getting requirements to build wheel: finished with status 'done'\n[3e4dfc60-55cf-40ac-9fe0-5183791faa40/test_windows ]   |   Preparing metadata (pyproject.toml): started\n[3e4dfc60-55cf-40ac-9fe0-5183791faa40/test_windows ]   |   Preparing metadata (pyproject.toml): finished with status 'done'\n[3e4dfc60-55cf-40ac-9fe0-5183791faa40/test_windows ]   | Collecting jsonschema>=3.2 (from vot-toolkit==0.6.4)\n[3e4dfc60-55cf-40ac-9fe0-5183791faa40/build_cpu    ]   |   Downloading https://download.openmmlab.com/mmcv/dist/cpu/torch1.5.0/mmcv_full-1.7.1-cp37-cp37m-manylinux1_x86_64.whl (31.2 MB)\n[3e4dfc60-55cf-40ac-9fe0-5183791faa40/test_windows ]   |   Downloading jsonschema-4.17.3-py3-none-any.whl (90 kB)\n[3e4dfc60-55cf-40ac-9fe0-5183791faa40/test_windows ]   |      \u2501\u2501\u2501\u2501\u2501\u2501\u2501\u2501\u2501\u2501\u2501\u2501\u2501\u2501\u2501\u2501\u2501\u2501\u2501\u2501\u2501\u2501\u2501\u2501\u2501\u2501\u2501\u2501\u2501\u2501\u2501\u2501\u2501\u2501\u2501\u2501\u2501\u2501\u2501\u2501 90.4/90.4 kB 10.2 MB/s eta 0:00:00\n[3e4dfc60-55cf-40ac-9fe0-5183791faa40/test_windows ]   | Collecting pyYAML>=5.3 (from vot-toolkit==0.6.4)\n[3e4dfc60-55cf-40ac-9fe0-5183791faa40/test_windows ]   |   Downloading PyYAML-6.0-cp38-cp38-manylinux_2_5_x86_64.manylinux1_x86_64.manylinux_2_12_x86_64.manylinux2010_x86_64.whl (701 kB)\n[3e4dfc60-55cf-40ac-9fe0-5183791faa40/test_windows ]   |      \u2501\u2501\u2501\u2501\u2501\u2501\u2501\u2501\u2501\u2501\u2501\u2501\u2501\u2501\u2501\u2501\u2501\u2501\u2501\u2501\u2501\u2501\u2501\u2501\u2501\u2501\u2501\u2501\u2501\u2501\u2501\u2501\u2501\u2501\u2501\u2501\u2501\u2501 701.2/701.2 kB 19.4 MB/s eta 0:00:00\n[3e4dfc60-55cf-40ac-9fe0-5183791faa40/test_windows ]   | Collecting matplotlib>=3.0 (from vot-toolkit==0.6.4)\n[3e4dfc60-55cf-40ac-9fe0-5183791faa40/test_windows ]   |   Downloading matplotlib-3.7.1-cp38-cp38-manylinux_2_12_x86_64.manylinux2010_x86_64.whl (9.2 MB)\n[3e4dfc60-55cf-40ac-9fe0-5183791faa40/test_windows ]   |      \u2501\u2501\u2501\u2501\u2501\u2501\u2501\u2501\u2501\u2501\u2501\u2501\u2501\u2501\u2501\u2501\u2501\u2501\u2501\u2501\u2501\u2501\u2501\u2501\u2501\u2501\u2501\u2501\u2501\u2501\u2501\u2501\u2501\u2501\u2501\u2501\u2501\u2501\u2501\u2501 9.2/9.2 MB 27.1 MB/s eta 0:00:00\n[3e4dfc60-55cf-40ac-9fe0-5183791faa40/test_windows ]   | Requirement already satisfied: Pillow>=7.0 in /opt/hostedtoolcache/Python/3.8.11/x64/lib/python3.8/site-packages (from vot-toolkit==0.6.4) (9.5.0)\n[3e4dfc60-55cf-40ac-9fe0-5183791faa40/test_windows ]   | Collecting numba>=0.47 (from vot-toolkit==0.6.4)\n[3e4dfc60-55cf-40ac-9fe0-5183791faa40/test_windows ]   |   Downloading numba-0.57.1-cp38-cp38-manylinux2014_x86_64.manylinux_2_17_x86_64.whl (3.6 MB)\n[3e4dfc60-55cf-40ac-9fe0-5183791faa40/test_windows ]   |      \u2501\u2501\u2501\u2501\u2501\u2501\u2501\u2501\u2501\u2501\u2501\u2501\u2501\u2501\u2501\u2501\u2501\u2501\u2501\u2501\u2501\u2501\u2501\u2501\u2501\u2501\u2501\u2501\u2501\u2501\u2501\u2501\u2501\u2501\u2501\u2501\u2501\u2501\u2501\u2501 3.6/3.6 MB 26.2 MB/s eta 0:00:00\n[3e4dfc60-55cf-40ac-9fe0-5183791faa40/test_windows ]   | Collecting requests>=2.22 (from vot-toolkit==0.6.4)\n[3e4dfc60-55cf-40ac-9fe0-5183791faa40/test_windows ]   |   Downloading requests-2.31.0-py3-none-any.whl (62 kB)\n[3e4dfc60-55cf-40ac-9fe0-5183791faa40/test_windows ]   |      \u2501\u2501\u2501\u2501\u2501\u2501\u2501\u2501\u2501\u2501\u2501\u2501\u2501\u2501\u2501\u2501\u2501\u2501\u2501\u2501\u2501\u2501\u2501\u2501\u2501\u2501\u2501\u2501\u2501\u2501\u2501\u2501\u2501\u2501\u2501\u2501\u2501\u2501\u2501\u2501 62.6/62.6 kB 7.2 MB/s eta 0:00:00\n[3e4dfc60-55cf-40ac-9fe0-5183791faa40/test_windows ]   | Collecting colorama>=0.4.3 (from vot-toolkit==0.6.4)\n[3e4dfc60-55cf-40ac-9fe0-5183791faa40/test_windows ]   |   Downloading colorama-0.4.6-py2.py3-none-any.whl (25 kB)\n[3e4dfc60-55cf-40ac-9fe0-5183791faa40/test_windows ]   | Collecting packaging>=20 (from vot-toolkit==0.6.4)\n[3e4dfc60-55cf-40ac-9fe0-5183791faa40/test_windows ]   |   Downloading packaging-23.1-py3-none-any.whl (48 kB)\n[3e4dfc60-55cf-40ac-9fe0-5183791faa40/test_windows ]   |      \u2501\u2501\u2501\u2501\u2501\u2501\u2501\u2501\u2501\u2501\u2501\u2501\u2501\u2501\u2501\u2501\u2501\u2501\u2501\u2501\u2501\u2501\u2501\u2501\u2501\u2501\u2501\u2501\u2501\u2501\u2501\u2501\u2501\u2501\u2501\u2501\u2501\u2501\u2501\u2501 48.9/48.9 kB 1.1 MB/s eta 0:00:00\n[3e4dfc60-55cf-40ac-9fe0-5183791faa40/test_windows ]   | Collecting dominate>=2.5 (from vot-toolkit==0.6.4)\n[3e4dfc60-55cf-40ac-9fe0-5183791faa40/test_windows ]   |   Downloading dominate-2.8.0-py2.py3-none-any.whl (29 kB)\n[3e4dfc60-55cf-40ac-9fe0-5183791faa40/test_windows ]   | Collecting cachetools>=4.1 (from vot-toolkit==0.6.4)\n[3e4dfc60-55cf-40ac-9fe0-5183791faa40/test_windows ]   |   Downloading cachetools-5.3.1-py3-none-any.whl (9.3 kB)\n[3e4dfc60-55cf-40ac-9fe0-5183791faa40/test_windows ]   | Collecting bidict>=0.19 (from vot-toolkit==0.6.4)\n[3e4dfc60-55cf-40ac-9fe0-5183791faa40/test_windows ]   |   Downloading bidict-0.22.1-py3-none-any.whl (35 kB)\n[3e4dfc60-55cf-40ac-9fe0-5183791faa40/test_windows ]   | Collecting phx-class-registry>=3.0 (from vot-toolkit==0.6.4)\n[3e4dfc60-55cf-40ac-9fe0-5183791faa40/test_windows ]   |   Downloading phx_class_registry-4.0.6-py3-none-any.whl (13 kB)\n[3e4dfc60-55cf-40ac-9fe0-5183791faa40/test_windows ]   | Collecting attributee>=0.1.8 (from vot-toolkit==0.6.4)\n[3e4dfc60-55cf-40ac-9fe0-5183791faa40/test_windows ]   |   Downloading attributee-0.1.8.tar.gz (11 kB)\n[3e4dfc60-55cf-40ac-9fe0-5183791faa40/test_windows ]   |   Installing build dependencies: started\n[3e4dfc60-55cf-40ac-9fe0-5183791faa40/build_cpu    ]   | Requirement already satisfied: opencv-python>=3 in /opt/hostedtoolcache/Python/3.7.11/x64/lib/python3.7/site-packages (from mmcv-full) (4.7.0.72)\n[3e4dfc60-55cf-40ac-9fe0-5183791faa40/build_cpu    ]   | Requirement already satisfied: numpy in /opt/hostedtoolcache/Python/3.7.11/x64/lib/python3.7/site-packages (from mmcv-full) (1.21.6)\n[3e4dfc60-55cf-40ac-9fe0-5183791faa40/build_cpu    ]   | Collecting yapf\n[3e4dfc60-55cf-40ac-9fe0-5183791faa40/build_cpu    ]   |   Downloading yapf-0.40.1-py3-none-any.whl (250 kB)\n[3e4dfc60-55cf-40ac-9fe0-5183791faa40/build_cpu    ]   | Requirement already satisfied: Pillow in /opt/hostedtoolcache/Python/3.7.11/x64/lib/python3.7/site-packages (from mmcv-full) (9.5.0)\n[3e4dfc60-55cf-40ac-9fe0-5183791faa40/build_cpu    ]   | Requirement already satisfied: pyyaml in /opt/hostedtoolcache/Python/3.7.11/x64/lib/python3.7/site-packages (from mmcv-full) (6.0)\n[3e4dfc60-55cf-40ac-9fe0-5183791faa40/build_cpu    ]   | Collecting addict\n[3e4dfc60-55cf-40ac-9fe0-5183791faa40/build_cpu    ]   |   Downloading addict-2.4.0-py3-none-any.whl (3.8 kB)\n[3e4dfc60-55cf-40ac-9fe0-5183791faa40/build_cpu    ]   | Requirement already satisfied: packaging in /opt/hostedtoolcache/Python/3.7.11/x64/lib/python3.7/site-packages (from mmcv-full) (23.1)\n[3e4dfc60-55cf-40ac-9fe0-5183791faa40/build_cpu    ]   | Collecting tomli>=2.0.1\n[3e4dfc60-55cf-40ac-9fe0-5183791faa40/build_cpu    ]   |   Downloading tomli-2.0.1-py3-none-any.whl (12 kB)\n[3e4dfc60-55cf-40ac-9fe0-5183791faa40/build_cpu    ]   | Requirement already satisfied: importlib-metadata>=6.6.0 in /opt/hostedtoolcache/Python/3.7.11/x64/lib/python3.7/site-packages (from yapf->mmcv-full) (6.7.0)\n[3e4dfc60-55cf-40ac-9fe0-5183791faa40/build_cpu    ]   | Collecting platformdirs>=3.5.1\n[3e4dfc60-55cf-40ac-9fe0-5183791faa40/build_cpu    ]   |   Downloading platformdirs-3.8.0-py3-none-any.whl (16 kB)\n[3e4dfc60-55cf-40ac-9fe0-5183791faa40/build_cpu    ]   | Requirement already satisfied: typing-extensions>=3.6.4 in /opt/hostedtoolcache/Python/3.7.11/x64/lib/python3.7/site-packages (from importlib-metadata>=6.6.0->yapf->mmcv-full) (4.6.3)\n[3e4dfc60-55cf-40ac-9fe0-5183791faa40/build_cpu    ]   | Requirement already satisfied: zipp>=0.5 in /opt/hostedtoolcache/Python/3.7.11/x64/lib/python3.7/site-packages (from importlib-metadata>=6.6.0->yapf->mmcv-full) (3.15.0)\n[3e4dfc60-55cf-40ac-9fe0-5183791faa40/build_cpu    ]   | Installing collected packages: tomli, platformdirs, yapf, addict, mmcv-full\n[3e4dfc60-55cf-40ac-9fe0-5183791faa40/test_windows ]   |   Installing build dependencies: finished with status 'done'\n[3e4dfc60-55cf-40ac-9fe0-5183791faa40/test_windows ]   |   Getting requirements to build wheel: started\n[3e4dfc60-55cf-40ac-9fe0-5183791faa40/test_windows ]   |   Getting requirements to build wheel: finished with status 'done'\n[3e4dfc60-55cf-40ac-9fe0-5183791faa40/test_windows ]   |   Preparing metadata (pyproject.toml): started\n[3e4dfc60-55cf-40ac-9fe0-5183791faa40/build_cpu    ]   | Successfully installed addict-2.4.0 mmcv-full-1.7.1 platformdirs-3.8.0 tomli-2.0.1 yapf-0.40.1\n[3e4dfc60-55cf-40ac-9fe0-5183791faa40/build_cpu    ]   | WARNING: You are using pip version 21.2.4; however, version 23.1.2 is available.\n[3e4dfc60-55cf-40ac-9fe0-5183791faa40/build_cpu    ]   | You should consider upgrading via the '/opt/hostedtoolcache/Python/3.7.11/x64/bin/python -m pip install --upgrade pip' command.\n[3e4dfc60-55cf-40ac-9fe0-5183791faa40/test_windows ]   |   Preparing metadata (pyproject.toml): finished with status 'done'\n[3e4dfc60-55cf-40ac-9fe0-5183791faa40/test_windows ]   | Collecting lazy-object-proxy>=1.9 (from vot-toolkit==0.6.4)\n[3e4dfc60-55cf-40ac-9fe0-5183791faa40/test_windows ]   |   Downloading lazy_object_proxy-1.9.0-cp38-cp38-manylinux_2_5_x86_64.manylinux1_x86_64.manylinux_2_17_x86_64.manylinux2014_x86_64.whl (61 kB)\n[3e4dfc60-55cf-40ac-9fe0-5183791faa40/test_windows ]   |      \u2501\u2501\u2501\u2501\u2501\u2501\u2501\u2501\u2501\u2501\u2501\u2501\u2501\u2501\u2501\u2501\u2501\u2501\u2501\u2501\u2501\u2501\u2501\u2501\u2501\u2501\u2501\u2501\u2501\u2501\u2501\u2501\u2501\u2501\u2501\u2501\u2501\u2501\u2501\u2501 61.4/61.4 kB 6.9 MB/s eta 0:00:00\n[3e4dfc60-55cf-40ac-9fe0-5183791faa40/test_windows ]   | Collecting attrs>=17.4.0 (from jsonschema>=3.2->vot-toolkit==0.6.4)\n[3e4dfc60-55cf-40ac-9fe0-5183791faa40/test_windows ]   |   Downloading attrs-23.1.0-py3-none-any.whl (61 kB)\n[3e4dfc60-55cf-40ac-9fe0-5183791faa40/test_windows ]   |      \u2501\u2501\u2501\u2501\u2501\u2501\u2501\u2501\u2501\u2501\u2501\u2501\u2501\u2501\u2501\u2501\u2501\u2501\u2501\u2501\u2501\u2501\u2501\u2501\u2501\u2501\u2501\u2501\u2501\u2501\u2501\u2501\u2501\u2501\u2501\u2501\u2501\u2501\u2501\u2501 61.2/61.2 kB 7.3 MB/s eta 0:00:00\n[3e4dfc60-55cf-40ac-9fe0-5183791faa40/test_windows ]   | Collecting importlib-resources>=1.4.0 (from jsonschema>=3.2->vot-toolkit==0.6.4)\n[3e4dfc60-55cf-40ac-9fe0-5183791faa40/test_windows ]   |   Downloading importlib_resources-5.12.0-py3-none-any.whl (36 kB)\n[3e4dfc60-55cf-40ac-9fe0-5183791faa40/test_windows ]   | Collecting pkgutil-resolve-name>=1.3.10 (from jsonschema>=3.2->vot-toolkit==0.6.4)\n[3e4dfc60-55cf-40ac-9fe0-5183791faa40/test_windows ]   |   Downloading pkgutil_resolve_name-1.3.10-py3-none-any.whl (4.7 kB)\n[3e4dfc60-55cf-40ac-9fe0-5183791faa40/build_cpu    ]   | Collecting mmdet\n[3e4dfc60-55cf-40ac-9fe0-5183791faa40/build_cpu    ]   |   Downloading mmdet-3.0.0-py3-none-any.whl (1.7 MB)\n[3e4dfc60-55cf-40ac-9fe0-5183791faa40/test_windows ]   | Collecting pyrsistent!=0.17.0,!=0.17.1,!=0.17.2,>=0.14.0 (from jsonschema>=3.2->vot-toolkit==0.6.4)\n[3e4dfc60-55cf-40ac-9fe0-5183791faa40/test_windows ]   |   Downloading pyrsistent-0.19.3-py3-none-any.whl (57 kB)\n[3e4dfc60-55cf-40ac-9fe0-5183791faa40/test_windows ]   |      \u2501\u2501\u2501\u2501\u2501\u2501\u2501\u2501\u2501\u2501\u2501\u2501\u2501\u2501\u2501\u2501\u2501\u2501\u2501\u2501\u2501\u2501\u2501\u2501\u2501\u2501\u2501\u2501\u2501\u2501\u2501\u2501\u2501\u2501\u2501\u2501\u2501\u2501\u2501\u2501 57.5/57.5 kB 7.1 MB/s eta 0:00:00\n[3e4dfc60-55cf-40ac-9fe0-5183791faa40/build_cpu    ]   | Requirement already satisfied: six in /opt/hostedtoolcache/Python/3.7.11/x64/lib/python3.7/site-packages (from mmdet) (1.16.0)\n[3e4dfc60-55cf-40ac-9fe0-5183791faa40/build_cpu    ]   | Requirement already satisfied: numpy in /opt/hostedtoolcache/Python/3.7.11/x64/lib/python3.7/site-packages (from mmdet) (1.21.6)\n[3e4dfc60-55cf-40ac-9fe0-5183791faa40/test_windows ]   | Collecting contourpy>=1.0.1 (from matplotlib>=3.0->vot-toolkit==0.6.4)\n[3e4dfc60-55cf-40ac-9fe0-5183791faa40/test_windows ]   |   Downloading contourpy-1.1.0-cp38-cp38-manylinux_2_17_x86_64.manylinux2014_x86_64.whl (300 kB)\n[3e4dfc60-55cf-40ac-9fe0-5183791faa40/test_windows ]   |      \u2501\u2501\u2501\u2501\u2501\u2501\u2501\u2501\u2501\u2501\u2501\u2501\u2501\u2501\u2501\u2501\u2501\u2501\u2501\u2501\u2501\u2501\u2501\u2501\u2501\u2501\u2501\u2501\u2501\u2501\u2501\u2501\u2501\u2501\u2501\u2501\u2501\u2501 300.4/300.4 kB 22.5 MB/s eta 0:00:00\n[3e4dfc60-55cf-40ac-9fe0-5183791faa40/test_windows ]   | Collecting cycler>=0.10 (from matplotlib>=3.0->vot-toolkit==0.6.4)\n[3e4dfc60-55cf-40ac-9fe0-5183791faa40/test_windows ]   |   Downloading cycler-0.11.0-py3-none-any.whl (6.4 kB)\n[3e4dfc60-55cf-40ac-9fe0-5183791faa40/test_windows ]   | Collecting fonttools>=4.22.0 (from matplotlib>=3.0->vot-toolkit==0.6.4)\n[3e4dfc60-55cf-40ac-9fe0-5183791faa40/test_windows ]   |   Downloading fonttools-4.40.0-cp38-cp38-manylinux_2_17_x86_64.manylinux2014_x86_64.whl (4.4 MB)\n[3e4dfc60-55cf-40ac-9fe0-5183791faa40/test_windows ]   |      \u2501\u2501\u2501\u2501\u2501\u2501\u2501\u2501\u2501\u2501\u2501\u2501\u2501\u2501\u2501\u2501\u2501\u2501\u2501\u2501\u2501\u2501\u2501\u2501\u2501\u2501\u2501\u2501\u2501\u2501\u2501\u2501\u2501\u2501\u2501\u2501\u2501\u2501\u2501\u2501 4.4/4.4 MB 30.5 MB/s eta 0:00:00\n[3e4dfc60-55cf-40ac-9fe0-5183791faa40/build_cpu    ]   | Collecting scipy\n[3e4dfc60-55cf-40ac-9fe0-5183791faa40/build_cpu    ]   |   Downloading scipy-1.7.3-cp37-cp37m-manylinux_2_12_x86_64.manylinux2010_x86_64.whl (38.1 MB)\n[3e4dfc60-55cf-40ac-9fe0-5183791faa40/test_windows ]   | Collecting kiwisolver>=1.0.1 (from matplotlib>=3.0->vot-toolkit==0.6.4)\n[3e4dfc60-55cf-40ac-9fe0-5183791faa40/test_windows ]   |   Downloading kiwisolver-1.4.4-cp38-cp38-manylinux_2_5_x86_64.manylinux1_x86_64.whl (1.2 MB)\n[3e4dfc60-55cf-40ac-9fe0-5183791faa40/test_windows ]   |      \u2501\u2501\u2501\u2501\u2501\u2501\u2501\u2501\u2501\u2501\u2501\u2501\u2501\u2501\u2501\u2501\u2501\u2501\u2501\u2501\u2501\u2501\u2501\u2501\u2501\u2501\u2501\u2501\u2501\u2501\u2501\u2501\u2501\u2501\u2501\u2501\u2501\u2501\u2501\u2501 1.2/1.2 MB 14.6 MB/s eta 0:00:00\n[3e4dfc60-55cf-40ac-9fe0-5183791faa40/test_windows ]   | Collecting pyparsing>=2.3.1 (from matplotlib>=3.0->vot-toolkit==0.6.4)\n[3e4dfc60-55cf-40ac-9fe0-5183791faa40/test_windows ]   |   Downloading pyparsing-3.1.0-py3-none-any.whl (102 kB)\n[3e4dfc60-55cf-40ac-9fe0-5183791faa40/test_windows ]   |      \u2501\u2501\u2501\u2501\u2501\u2501\u2501\u2501\u2501\u2501\u2501\u2501\u2501\u2501\u2501\u2501\u2501\u2501\u2501\u2501\u2501\u2501\u2501\u2501\u2501\u2501\u2501\u2501\u2501\u2501\u2501\u2501\u2501\u2501\u2501\u2501\u2501\u2501\u2501 102.6/102.6 kB 2.9 MB/s eta 0:00:00\n[3e4dfc60-55cf-40ac-9fe0-5183791faa40/test_windows ]   | Collecting python-dateutil>=2.7 (from matplotlib>=3.0->vot-toolkit==0.6.4)\n[3e4dfc60-55cf-40ac-9fe0-5183791faa40/test_windows ]   |   Downloading python_dateutil-2.8.2-py2.py3-none-any.whl (247 kB)\n[3e4dfc60-55cf-40ac-9fe0-5183791faa40/test_windows ]   |      \u2501\u2501\u2501\u2501\u2501\u2501\u2501\u2501\u2501\u2501\u2501\u2501\u2501\u2501\u2501\u2501\u2501\u2501\u2501\u2501\u2501\u2501\u2501\u2501\u2501\u2501\u2501\u2501\u2501\u2501\u2501\u2501\u2501\u2501\u2501\u2501\u2501\u2501 247.7/247.7 kB 14.9 MB/s eta 0:00:00\n[3e4dfc60-55cf-40ac-9fe0-5183791faa40/test_windows ]   | Collecting llvmlite<0.41,>=0.40.0dev0 (from numba>=0.47->vot-toolkit==0.6.4)\n[3e4dfc60-55cf-40ac-9fe0-5183791faa40/test_windows ]   |   Downloading llvmlite-0.40.1-cp38-cp38-manylinux_2_17_x86_64.manylinux2014_x86_64.whl (42.1 MB)\n[3e4dfc60-55cf-40ac-9fe0-5183791faa40/build_cpu    ]   | Requirement already satisfied: matplotlib in /opt/hostedtoolcache/Python/3.7.11/x64/lib/python3.7/site-packages (from mmdet) (3.5.3)\n[3e4dfc60-55cf-40ac-9fe0-5183791faa40/build_cpu    ]   | Collecting pycocotools\n[3e4dfc60-55cf-40ac-9fe0-5183791faa40/build_cpu    ]   |   Downloading pycocotools-2.0.6.tar.gz (24 kB)\n[3e4dfc60-55cf-40ac-9fe0-5183791faa40/test_windows ]   |      \u2501\u2501\u2501\u2501\u2501\u2501\u2501\u2501\u2501\u2501\u2501\u2501\u2501\u2501\u2501\u2501\u2501\u2501\u2501\u2501\u2501\u2501\u2501\u2501\u2501\u2501\u2501\u2501\u2501\u2501\u2501\u2501\u2501\u2501\u2501\u2501\u2501\u2501\u2501\u2501 42.1/42.1 MB 24.2 MB/s eta 0:00:00\n[3e4dfc60-55cf-40ac-9fe0-5183791faa40/test_windows ]   | Collecting importlib-metadata (from numba>=0.47->vot-toolkit==0.6.4)\n[3e4dfc60-55cf-40ac-9fe0-5183791faa40/test_windows ]   |   Downloading importlib_metadata-6.7.0-py3-none-any.whl (22 kB)\n[3e4dfc60-55cf-40ac-9fe0-5183791faa40/build_cpu    ]   |   Installing build dependencies: started\n[3e4dfc60-55cf-40ac-9fe0-5183791faa40/test_windows ]   | Collecting ordered-set (from pylatex>=1.3->vot-toolkit==0.6.4)\n[3e4dfc60-55cf-40ac-9fe0-5183791faa40/test_windows ]   |   Downloading ordered_set-4.1.0-py3-none-any.whl (7.6 kB)\n[3e4dfc60-55cf-40ac-9fe0-5183791faa40/test_windows ]   | Collecting charset-normalizer<4,>=2 (from requests>=2.22->vot-toolkit==0.6.4)\n[3e4dfc60-55cf-40ac-9fe0-5183791faa40/test_windows ]   |   Downloading charset_normalizer-3.1.0-cp38-cp38-manylinux_2_17_x86_64.manylinux2014_x86_64.whl (195 kB)\n[3e4dfc60-55cf-40ac-9fe0-5183791faa40/test_windows ]   |      \u2501\u2501\u2501\u2501\u2501\u2501\u2501\u2501\u2501\u2501\u2501\u2501\u2501\u2501\u2501\u2501\u2501\u2501\u2501\u2501\u2501\u2501\u2501\u2501\u2501\u2501\u2501\u2501\u2501\u2501\u2501\u2501\u2501\u2501\u2501\u2501\u2501\u2501\u2501 195.9/195.9 kB 8.1 MB/s eta 0:00:00\n[3e4dfc60-55cf-40ac-9fe0-5183791faa40/test_windows ]   | Collecting idna<4,>=2.5 (from requests>=2.22->vot-toolkit==0.6.4)\n[3e4dfc60-55cf-40ac-9fe0-5183791faa40/test_windows ]   |   Downloading idna-3.4-py3-none-any.whl (61 kB)\n[3e4dfc60-55cf-40ac-9fe0-5183791faa40/test_windows ]   |      \u2501\u2501\u2501\u2501\u2501\u2501\u2501\u2501\u2501\u2501\u2501\u2501\u2501\u2501\u2501\u2501\u2501\u2501\u2501\u2501\u2501\u2501\u2501\u2501\u2501\u2501\u2501\u2501\u2501\u2501\u2501\u2501\u2501\u2501\u2501\u2501\u2501\u2501\u2501\u2501 61.5/61.5 kB 7.1 MB/s eta 0:00:00\n[3e4dfc60-55cf-40ac-9fe0-5183791faa40/test_windows ]   | Collecting urllib3<3,>=1.21.1 (from requests>=2.22->vot-toolkit==0.6.4)\n[3e4dfc60-55cf-40ac-9fe0-5183791faa40/test_windows ]   |   Downloading urllib3-2.0.3-py3-none-any.whl (123 kB)\n[3e4dfc60-55cf-40ac-9fe0-5183791faa40/test_windows ]   |      \u2501\u2501\u2501\u2501\u2501\u2501\u2501\u2501\u2501\u2501\u2501\u2501\u2501\u2501\u2501\u2501\u2501\u2501\u2501\u2501\u2501\u2501\u2501\u2501\u2501\u2501\u2501\u2501\u2501\u2501\u2501\u2501\u2501\u2501\u2501\u2501\u2501\u2501 123.6/123.6 kB 26.7 MB/s eta 0:00:00\n[3e4dfc60-55cf-40ac-9fe0-5183791faa40/test_windows ]   | Collecting certifi>=2017.4.17 (from requests>=2.22->vot-toolkit==0.6.4)\n[3e4dfc60-55cf-40ac-9fe0-5183791faa40/test_windows ]   |   Downloading certifi-2023.5.7-py3-none-any.whl (156 kB)\n[3e4dfc60-55cf-40ac-9fe0-5183791faa40/test_windows ]   |      \u2501\u2501\u2501\u2501\u2501\u2501\u2501\u2501\u2501\u2501\u2501\u2501\u2501\u2501\u2501\u2501\u2501\u2501\u2501\u2501\u2501\u2501\u2501\u2501\u2501\u2501\u2501\u2501\u2501\u2501\u2501\u2501\u2501\u2501\u2501\u2501\u2501\u2501 157.0/157.0 kB 16.4 MB/s eta 0:00:00\n[3e4dfc60-55cf-40ac-9fe0-5183791faa40/test_windows ]   | Collecting zipp>=3.1.0 (from importlib-resources>=1.4.0->jsonschema>=3.2->vot-toolkit==0.6.4)\n[3e4dfc60-55cf-40ac-9fe0-5183791faa40/test_windows ]   |   Downloading zipp-3.15.0-py3-none-any.whl (6.8 kB)\n[3e4dfc60-55cf-40ac-9fe0-5183791faa40/test_windows ]   | Building wheels for collected packages: vot-toolkit, attributee, pylatex, vot-trax\n[3e4dfc60-55cf-40ac-9fe0-5183791faa40/test_windows ]   |   Building wheel for vot-toolkit (pyproject.toml): started\n[3e4dfc60-55cf-40ac-9fe0-5183791faa40/test_windows ]   |   Building wheel for vot-toolkit (pyproject.toml): finished with status 'done'\n[3e4dfc60-55cf-40ac-9fe0-5183791faa40/test_windows ]   |   Created wheel for vot-toolkit: filename=vot_toolkit-0.6.4-py3-none-any.whl size=206687 sha256=a59c63a1a1442cc8e09cca057c2946694c3303cb663d7ac3338c439c3e1cf365\n[3e4dfc60-55cf-40ac-9fe0-5183791faa40/test_windows ]   |   Stored in directory: /tmp/pip-ephem-wheel-cache-l67go_ml/wheels/63/de/eb/31ab27b70542899fb254ecf1d82cb3551d6a6f85435f01e4b2\n[3e4dfc60-55cf-40ac-9fe0-5183791faa40/test_windows ]   |   Building wheel for attributee (pyproject.toml): started\n[3e4dfc60-55cf-40ac-9fe0-5183791faa40/test_windows ]   |   Building wheel for attributee (pyproject.toml): finished with status 'done'\n[3e4dfc60-55cf-40ac-9fe0-5183791faa40/test_windows ]   |   Created wheel for attributee: filename=attributee-0.1.8-py3-none-any.whl size=12859 sha256=41a61e1ce64db57bc47e7be209d3588f7c01ea0451e45b2706b4dfe3b3eb4c3a\n[3e4dfc60-55cf-40ac-9fe0-5183791faa40/test_windows ]   |   Stored in directory: /home/runneradmin/.cache/pip/wheels/80/54/a2/7aa1c8a59b06a6cfb1182663bf0239997f1666474a51ddf8b8\n[3e4dfc60-55cf-40ac-9fe0-5183791faa40/test_windows ]   |   Building wheel for pylatex (pyproject.toml): started\n[3e4dfc60-55cf-40ac-9fe0-5183791faa40/test_windows ]   |   Building wheel for pylatex (pyproject.toml): finished with status 'done'\n[3e4dfc60-55cf-40ac-9fe0-5183791faa40/test_windows ]   |   Created wheel for pylatex: filename=PyLaTeX-1.4.1-py3-none-any.whl size=42802 sha256=43eee43a09dafd49b9b983dd3091e67a24bf5a4b3f96a46ce5bc6cebc96ed170\n[3e4dfc60-55cf-40ac-9fe0-5183791faa40/test_windows ]   |   Stored in directory: /home/runneradmin/.cache/pip/wheels/11/33/be/8b396510c8b5aaf308d22248f7cb1cf90fef1039583f7a7e15\n[3e4dfc60-55cf-40ac-9fe0-5183791faa40/test_windows ]   |   Building wheel for vot-trax (pyproject.toml): started\n[3e4dfc60-55cf-40ac-9fe0-5183791faa40/test_windows ]   |   Building wheel for vot-trax (pyproject.toml): finished with status 'done'\n[3e4dfc60-55cf-40ac-9fe0-5183791faa40/test_windows ]   |   Created wheel for vot-trax: filename=vot_trax-4.0.1-cp38-cp38-linux_x86_64.whl size=355185 sha256=7009a989e2d303ab7dda594a630dcfa1a95926b5ee53277f9dde169bfa152d0c\n[3e4dfc60-55cf-40ac-9fe0-5183791faa40/test_windows ]   |   Stored in directory: /home/runneradmin/.cache/pip/wheels/f7/7c/d9/6c34dcb4d05e80eda79b681ed95f0027b6b15eafc355c11ce2\n[3e4dfc60-55cf-40ac-9fe0-5183791faa40/test_windows ]   | Successfully built vot-toolkit attributee pylatex vot-trax\n[3e4dfc60-55cf-40ac-9fe0-5183791faa40/test_windows ]   | Installing collected packages: zipp, urllib3, tqdm, six, pyYAML, pyrsistent, pyparsing, pkgutil-resolve-name, phx-class-registry, packaging, ordered-set, opencv-python, llvmlite, lazy-object-proxy, kiwisolver, idna, fonttools, dominate, cycler, contourpy, colorama, charset-normalizer, certifi, cachetools, bidict, attrs, attributee, vot-trax, requests, python-dateutil, pylatex, importlib-resources, importlib-metadata, numba, matplotlib, jsonschema, vot-toolkit\n[3e4dfc60-55cf-40ac-9fe0-5183791faa40/build_cpu    ]   |   Installing build dependencies: finished with status 'done'\n[3e4dfc60-55cf-40ac-9fe0-5183791faa40/build_cpu    ]   |   Getting requirements to build wheel: started\n[3e4dfc60-55cf-40ac-9fe0-5183791faa40/build_cpu    ]   |   Getting requirements to build wheel: finished with status 'done'\n[3e4dfc60-55cf-40ac-9fe0-5183791faa40/build_cpu    ]   |     Preparing wheel metadata: started\n[3e4dfc60-55cf-40ac-9fe0-5183791faa40/build_cpu    ]   |     Preparing wheel metadata: finished with status 'done'\n[3e4dfc60-55cf-40ac-9fe0-5183791faa40/build_cpu    ]   | Collecting terminaltables\n[3e4dfc60-55cf-40ac-9fe0-5183791faa40/build_cpu    ]   |   Downloading terminaltables-3.1.10-py2.py3-none-any.whl (15 kB)\n[3e4dfc60-55cf-40ac-9fe0-5183791faa40/build_cpu    ]   | Collecting shapely\n[3e4dfc60-55cf-40ac-9fe0-5183791faa40/build_cpu    ]   |   Downloading shapely-2.0.1-cp37-cp37m-manylinux_2_17_x86_64.manylinux2014_x86_64.whl (2.3 MB)\n[3e4dfc60-55cf-40ac-9fe0-5183791faa40/build_cpu    ]   | Requirement already satisfied: python-dateutil>=2.7 in /opt/hostedtoolcache/Python/3.7.11/x64/lib/python3.7/site-packages (from matplotlib->mmdet) (2.8.2)\n[3e4dfc60-55cf-40ac-9fe0-5183791faa40/build_cpu    ]   | Requirement already satisfied: pillow>=6.2.0 in /opt/hostedtoolcache/Python/3.7.11/x64/lib/python3.7/site-packages (from matplotlib->mmdet) (9.5.0)\n[3e4dfc60-55cf-40ac-9fe0-5183791faa40/build_cpu    ]   | Requirement already satisfied: packaging>=20.0 in /opt/hostedtoolcache/Python/3.7.11/x64/lib/python3.7/site-packages (from matplotlib->mmdet) (23.1)\n[3e4dfc60-55cf-40ac-9fe0-5183791faa40/build_cpu    ]   | Requirement already satisfied: fonttools>=4.22.0 in /opt/hostedtoolcache/Python/3.7.11/x64/lib/python3.7/site-packages (from matplotlib->mmdet) (4.38.0)\n[3e4dfc60-55cf-40ac-9fe0-5183791faa40/build_cpu    ]   | Requirement already satisfied: cycler>=0.10 in /opt/hostedtoolcache/Python/3.7.11/x64/lib/python3.7/site-packages (from matplotlib->mmdet) (0.11.0)\n[3e4dfc60-55cf-40ac-9fe0-5183791faa40/build_cpu    ]   | Requirement already satisfied: kiwisolver>=1.0.1 in /opt/hostedtoolcache/Python/3.7.11/x64/lib/python3.7/site-packages (from matplotlib->mmdet) (1.4.4)\n[3e4dfc60-55cf-40ac-9fe0-5183791faa40/build_cpu    ]   | Requirement already satisfied: pyparsing>=2.2.1 in /opt/hostedtoolcache/Python/3.7.11/x64/lib/python3.7/site-packages (from matplotlib->mmdet) (3.1.0)\n[3e4dfc60-55cf-40ac-9fe0-5183791faa40/build_cpu    ]   | Requirement already satisfied: typing-extensions in /opt/hostedtoolcache/Python/3.7.11/x64/lib/python3.7/site-packages (from kiwisolver>=1.0.1->matplotlib->mmdet) (4.6.3)\n[3e4dfc60-55cf-40ac-9fe0-5183791faa40/build_cpu    ]   | Building wheels for collected packages: pycocotools\n[3e4dfc60-55cf-40ac-9fe0-5183791faa40/build_cpu    ]   |   Building wheel for pycocotools (PEP 517): started\n[3e4dfc60-55cf-40ac-9fe0-5183791faa40/build_cpu    ]   |   Building wheel for pycocotools (PEP 517): finished with status 'done'\n[3e4dfc60-55cf-40ac-9fe0-5183791faa40/build_cpu    ]   |   Created wheel for pycocotools: filename=pycocotools-2.0.6-cp37-cp37m-linux_x86_64.whl size=374103 sha256=adc28a7381dcc2b6ac4f70a60e3d0b69aef5d2345fb5e3203fcfe84532f69ad4\n[3e4dfc60-55cf-40ac-9fe0-5183791faa40/build_cpu    ]   |   Stored in directory: /home/runneradmin/.cache/pip/wheels/06/f6/f9/9cc49c6de8e3cf27dfddd91bf46595a057141d4583a2adaf03\n[3e4dfc60-55cf-40ac-9fe0-5183791faa40/build_cpu    ]   | Successfully built pycocotools\n[3e4dfc60-55cf-40ac-9fe0-5183791faa40/build_cpu    ]   | Installing collected packages: terminaltables, shapely, scipy, pycocotools, mmdet\n[3e4dfc60-55cf-40ac-9fe0-5183791faa40/test_windows ]   | Successfully installed attributee-0.1.8 attrs-23.1.0 bidict-0.22.1 cachetools-5.3.1 certifi-2023.5.7 charset-normalizer-3.1.0 colorama-0.4.6 contourpy-1.1.0 cycler-0.11.0 dominate-2.8.0 fonttools-4.40.0 idna-3.4 importlib-metadata-6.7.0 importlib-resources-5.12.0 jsonschema-4.17.3 kiwisolver-1.4.4 lazy-object-proxy-1.9.0 llvmlite-0.40.1 matplotlib-3.7.1 numba-0.57.1 opencv-python-4.7.0.72 ordered-set-4.1.0 packaging-23.1 phx-class-registry-4.0.6 pkgutil-resolve-name-1.3.10 pyYAML-6.0 pylatex-1.4.1 pyparsing-3.1.0 pyrsistent-0.19.3 python-dateutil-2.8.2 requests-2.31.0 six-1.16.0 tqdm-4.65.0 urllib3-2.0.3 vot-toolkit-0.6.4 vot-trax-4.0.1 zipp-3.15.0\n[3e4dfc60-55cf-40ac-9fe0-5183791faa40/test_windows ]   \u2705  Success - Main Install votchallenge toolkit\n[3e4dfc60-55cf-40ac-9fe0-5183791faa40/test_windows ] \u2b50 Run Main Install MMCV\n[3e4dfc60-55cf-40ac-9fe0-5183791faa40/test_windows ]   \ud83d\udc33  docker exec cmd=[bash --noprofile --norc -e -o pipefail /var/run/act/workflow/5] user= workdir=\n[3e4dfc60-55cf-40ac-9fe0-5183791faa40/build_cpu    ]   | Successfully installed mmdet-3.0.0 pycocotools-2.0.6 scipy-1.7.3 shapely-2.0.1 terminaltables-3.1.10\n[3e4dfc60-55cf-40ac-9fe0-5183791faa40/build_cpu    ]   | WARNING: You are using pip version 21.2.4; however, version 23.1.2 is available.\n[3e4dfc60-55cf-40ac-9fe0-5183791faa40/build_cpu    ]   | You should consider upgrading via the '/opt/hostedtoolcache/Python/3.7.11/x64/bin/python -m pip install --upgrade pip' command.\n[3e4dfc60-55cf-40ac-9fe0-5183791faa40/build_cpu    ]   | Collecting cython\n[3e4dfc60-55cf-40ac-9fe0-5183791faa40/build_cpu    ]   |   Using cached Cython-0.29.35-cp37-cp37m-manylinux_2_17_x86_64.manylinux2014_x86_64.manylinux_2_24_x86_64.whl (1.9 MB)\n[3e4dfc60-55cf-40ac-9fe0-5183791faa40/build_cpu    ]   | Requirement already satisfied: numpy in /opt/hostedtoolcache/Python/3.7.11/x64/lib/python3.7/site-packages (from -r requirements/build.txt (line 2)) (1.21.6)\n[3e4dfc60-55cf-40ac-9fe0-5183791faa40/build_cpu    ]   | Requirement already satisfied: attributee in /opt/hostedtoolcache/Python/3.7.11/x64/lib/python3.7/site-packages (from -r requirements/runtime.txt (line 1)) (0.1.8)\n[3e4dfc60-55cf-40ac-9fe0-5183791faa40/build_cpu    ]   | Collecting dotty_dict\n[3e4dfc60-55cf-40ac-9fe0-5183791faa40/build_cpu    ]   |   Downloading dotty_dict-1.3.1-py3-none-any.whl (7.0 kB)\n[3e4dfc60-55cf-40ac-9fe0-5183791faa40/build_cpu    ]   | Collecting einops\n[3e4dfc60-55cf-40ac-9fe0-5183791faa40/build_cpu    ]   |   Downloading einops-0.6.1-py3-none-any.whl (42 kB)\n[3e4dfc60-55cf-40ac-9fe0-5183791faa40/build_cpu    ]   | Collecting lap\n[3e4dfc60-55cf-40ac-9fe0-5183791faa40/build_cpu    ]   |   Downloading lap-0.4.0.tar.gz (1.5 MB)\n[3e4dfc60-55cf-40ac-9fe0-5183791faa40/build_cpu    ]   | Requirement already satisfied: matplotlib in /opt/hostedtoolcache/Python/3.7.11/x64/lib/python3.7/site-packages (from -r requirements/runtime.txt (line 5)) (3.5.3)\n[3e4dfc60-55cf-40ac-9fe0-5183791faa40/build_cpu    ]   | Collecting mmcls<1.0.0,>=0.16.0\n[3e4dfc60-55cf-40ac-9fe0-5183791faa40/build_cpu    ]   |   Downloading mmcls-0.25.0-py2.py3-none-any.whl (648 kB)\n[3e4dfc60-55cf-40ac-9fe0-5183791faa40/build_cpu    ]   | Collecting motmetrics\n[3e4dfc60-55cf-40ac-9fe0-5183791faa40/build_cpu    ]   |   Downloading motmetrics-1.4.0-py3-none-any.whl (161 kB)\n[3e4dfc60-55cf-40ac-9fe0-5183791faa40/build_cpu    ]   | Requirement already satisfied: packaging in /opt/hostedtoolcache/Python/3.7.11/x64/lib/python3.7/site-packages (from -r requirements/runtime.txt (line 8)) (23.1)\n[3e4dfc60-55cf-40ac-9fe0-5183791faa40/test_windows ]   | Looking in links: https://download.openmmlab.com/mmcv/dist/cpu/torch1.8/index.html\n[3e4dfc60-55cf-40ac-9fe0-5183791faa40/build_cpu    ]   | Collecting pandas<=1.3.5\n[3e4dfc60-55cf-40ac-9fe0-5183791faa40/build_cpu    ]   |   Downloading pandas-1.3.5-cp37-cp37m-manylinux_2_17_x86_64.manylinux2014_x86_64.whl (11.3 MB)\n[3e4dfc60-55cf-40ac-9fe0-5183791faa40/build_cpu    ]   | Requirement already satisfied: pycocotools in /opt/hostedtoolcache/Python/3.7.11/x64/lib/python3.7/site-packages (from -r requirements/runtime.txt (line 10)) (2.0.6)\n[3e4dfc60-55cf-40ac-9fe0-5183791faa40/build_cpu    ]   | Requirement already satisfied: scipy<=1.7.3 in /opt/hostedtoolcache/Python/3.7.11/x64/lib/python3.7/site-packages (from -r requirements/runtime.txt (line 11)) (1.7.3)\n[3e4dfc60-55cf-40ac-9fe0-5183791faa40/build_cpu    ]   | Collecting seaborn\n[3e4dfc60-55cf-40ac-9fe0-5183791faa40/build_cpu    ]   |   Downloading seaborn-0.12.2-py3-none-any.whl (293 kB)\n[3e4dfc60-55cf-40ac-9fe0-5183791faa40/build_cpu    ]   | Requirement already satisfied: terminaltables in /opt/hostedtoolcache/Python/3.7.11/x64/lib/python3.7/site-packages (from -r requirements/runtime.txt (line 13)) (3.1.10)\n[3e4dfc60-55cf-40ac-9fe0-5183791faa40/build_cpu    ]   | Requirement already satisfied: tqdm in /opt/hostedtoolcache/Python/3.7.11/x64/lib/python3.7/site-packages (from -r requirements/runtime.txt (line 14)) (4.65.0)\n[3e4dfc60-55cf-40ac-9fe0-5183791faa40/build_cpu    ]   | Collecting asynctest\n[3e4dfc60-55cf-40ac-9fe0-5183791faa40/build_cpu    ]   |   Downloading asynctest-0.13.0-py3-none-any.whl (26 kB)\n[3e4dfc60-55cf-40ac-9fe0-5183791faa40/build_cpu    ]   | Collecting codecov\n[3e4dfc60-55cf-40ac-9fe0-5183791faa40/build_cpu    ]   |   Downloading codecov-2.1.13-py2.py3-none-any.whl (16 kB)\n[3e4dfc60-55cf-40ac-9fe0-5183791faa40/build_cpu    ]   | Collecting flake8\n[3e4dfc60-55cf-40ac-9fe0-5183791faa40/build_cpu    ]   |   Downloading flake8-5.0.4-py2.py3-none-any.whl (61 kB)\n[3e4dfc60-55cf-40ac-9fe0-5183791faa40/build_cpu    ]   | Collecting interrogate\n[3e4dfc60-55cf-40ac-9fe0-5183791faa40/build_cpu    ]   |   Downloading interrogate-1.5.0-py3-none-any.whl (45 kB)\n[3e4dfc60-55cf-40ac-9fe0-5183791faa40/test_windows ]   | Collecting mmcv-full\n[3e4dfc60-55cf-40ac-9fe0-5183791faa40/build_cpu    ]   | Collecting isort==4.3.21\n[3e4dfc60-55cf-40ac-9fe0-5183791faa40/build_cpu    ]   |   Downloading isort-4.3.21-py2.py3-none-any.whl (42 kB)\n[3e4dfc60-55cf-40ac-9fe0-5183791faa40/build_cpu    ]   | Collecting kwarray\n[3e4dfc60-55cf-40ac-9fe0-5183791faa40/build_cpu    ]   |   Downloading kwarray-0.6.13-py3-none-any.whl (105 kB)\n[3e4dfc60-55cf-40ac-9fe0-5183791faa40/build_cpu    ]   | Collecting pytest\n[3e4dfc60-55cf-40ac-9fe0-5183791faa40/build_cpu    ]   |   Downloading pytest-7.4.0-py3-none-any.whl (323 kB)\n[3e4dfc60-55cf-40ac-9fe0-5183791faa40/test_windows ]   |   Downloading https://download.openmmlab.com/mmcv/dist/cpu/torch1.8.0/mmcv_full-1.7.1-cp38-cp38-manylinux1_x86_64.whl (32.5 MB)\n[3e4dfc60-55cf-40ac-9fe0-5183791faa40/build_cpu    ]   | Collecting ubelt\n[3e4dfc60-55cf-40ac-9fe0-5183791faa40/build_cpu    ]   |   Downloading ubelt-1.3.2-py3-none-any.whl (215 kB)\n[3e4dfc60-55cf-40ac-9fe0-5183791faa40/build_cpu    ]   | Collecting xdoctest>=0.10.0\n[3e4dfc60-55cf-40ac-9fe0-5183791faa40/build_cpu    ]   |   Downloading xdoctest-1.1.1-py3-none-any.whl (137 kB)\n[3e4dfc60-55cf-40ac-9fe0-5183791faa40/build_cpu    ]   | Requirement already satisfied: yapf in /opt/hostedtoolcache/Python/3.7.11/x64/lib/python3.7/site-packages (from -r requirements/tests.txt (line 11)) (0.40.1)\n[3e4dfc60-55cf-40ac-9fe0-5183791faa40/build_cpu    ]   | Requirement already satisfied: kiwisolver>=1.0.1 in /opt/hostedtoolcache/Python/3.7.11/x64/lib/python3.7/site-packages (from matplotlib->-r requirements/runtime.txt (line 5)) (1.4.4)\n[3e4dfc60-55cf-40ac-9fe0-5183791faa40/build_cpu    ]   | Requirement already satisfied: cycler>=0.10 in /opt/hostedtoolcache/Python/3.7.11/x64/lib/python3.7/site-packages (from matplotlib->-r requirements/runtime.txt (line 5)) (0.11.0)\n[3e4dfc60-55cf-40ac-9fe0-5183791faa40/build_cpu    ]   | Requirement already satisfied: pillow>=6.2.0 in /opt/hostedtoolcache/Python/3.7.11/x64/lib/python3.7/site-packages (from matplotlib->-r requirements/runtime.txt (line 5)) (9.5.0)\n[3e4dfc60-55cf-40ac-9fe0-5183791faa40/build_cpu    ]   | Requirement already satisfied: pyparsing>=2.2.1 in /opt/hostedtoolcache/Python/3.7.11/x64/lib/python3.7/site-packages (from matplotlib->-r requirements/runtime.txt (line 5)) (3.1.0)\n[3e4dfc60-55cf-40ac-9fe0-5183791faa40/build_cpu    ]   | Requirement already satisfied: python-dateutil>=2.7 in /opt/hostedtoolcache/Python/3.7.11/x64/lib/python3.7/site-packages (from matplotlib->-r requirements/runtime.txt (line 5)) (2.8.2)\n[3e4dfc60-55cf-40ac-9fe0-5183791faa40/build_cpu    ]   | Requirement already satisfied: fonttools>=4.22.0 in /opt/hostedtoolcache/Python/3.7.11/x64/lib/python3.7/site-packages (from matplotlib->-r requirements/runtime.txt (line 5)) (4.38.0)\n[3e4dfc60-55cf-40ac-9fe0-5183791faa40/build_cpu    ]   | Collecting xmltodict>=0.12.0\n[3e4dfc60-55cf-40ac-9fe0-5183791faa40/build_cpu    ]   |   Downloading xmltodict-0.13.0-py2.py3-none-any.whl (10.0 kB)\n[3e4dfc60-55cf-40ac-9fe0-5183791faa40/build_cpu    ]   | Collecting pytz>=2017.3\n[3e4dfc60-55cf-40ac-9fe0-5183791faa40/build_cpu    ]   |   Downloading pytz-2023.3-py2.py3-none-any.whl (502 kB)\n[3e4dfc60-55cf-40ac-9fe0-5183791faa40/build_cpu    ]   | Requirement already satisfied: typing_extensions in /opt/hostedtoolcache/Python/3.7.11/x64/lib/python3.7/site-packages (from seaborn->-r requirements/runtime.txt (line 12)) (4.6.3)\n[3e4dfc60-55cf-40ac-9fe0-5183791faa40/build_cpu    ]   | Collecting coverage\n[3e4dfc60-55cf-40ac-9fe0-5183791faa40/build_cpu    ]   |   Downloading coverage-7.2.7-cp37-cp37m-manylinux_2_5_x86_64.manylinux1_x86_64.manylinux_2_17_x86_64.manylinux2014_x86_64.whl (225 kB)\n[3e4dfc60-55cf-40ac-9fe0-5183791faa40/build_cpu    ]   | Requirement already satisfied: requests>=2.7.9 in /opt/hostedtoolcache/Python/3.7.11/x64/lib/python3.7/site-packages (from codecov->-r requirements/tests.txt (line 2)) (2.31.0)\n[3e4dfc60-55cf-40ac-9fe0-5183791faa40/build_cpu    ]   | Collecting importlib-metadata<4.3,>=1.1.0\n[3e4dfc60-55cf-40ac-9fe0-5183791faa40/build_cpu    ]   |   Downloading importlib_metadata-4.2.0-py3-none-any.whl (16 kB)\n[3e4dfc60-55cf-40ac-9fe0-5183791faa40/build_cpu    ]   | Collecting pycodestyle<2.10.0,>=2.9.0\n[3e4dfc60-55cf-40ac-9fe0-5183791faa40/build_cpu    ]   |   Downloading pycodestyle-2.9.1-py2.py3-none-any.whl (41 kB)\n[3e4dfc60-55cf-40ac-9fe0-5183791faa40/build_cpu    ]   | Collecting pyflakes<2.6.0,>=2.5.0\n[3e4dfc60-55cf-40ac-9fe0-5183791faa40/build_cpu    ]   |   Downloading pyflakes-2.5.0-py2.py3-none-any.whl (66 kB)\n[3e4dfc60-55cf-40ac-9fe0-5183791faa40/build_cpu    ]   | Collecting mccabe<0.8.0,>=0.7.0\n[3e4dfc60-55cf-40ac-9fe0-5183791faa40/build_cpu    ]   |   Downloading mccabe-0.7.0-py2.py3-none-any.whl (7.3 kB)\n[3e4dfc60-55cf-40ac-9fe0-5183791faa40/build_cpu    ]   | Requirement already satisfied: attrs in /opt/hostedtoolcache/Python/3.7.11/x64/lib/python3.7/site-packages (from interrogate->-r requirements/tests.txt (line 4)) (23.1.0)\n[3e4dfc60-55cf-40ac-9fe0-5183791faa40/build_cpu    ]   | Collecting tabulate\n[3e4dfc60-55cf-40ac-9fe0-5183791faa40/build_cpu    ]   |   Downloading tabulate-0.9.0-py3-none-any.whl (35 kB)\n[3e4dfc60-55cf-40ac-9fe0-5183791faa40/build_cpu    ]   | Collecting click>=7.1\n[3e4dfc60-55cf-40ac-9fe0-5183791faa40/build_cpu    ]   |   Downloading click-8.1.3-py3-none-any.whl (96 kB)\n[3e4dfc60-55cf-40ac-9fe0-5183791faa40/build_cpu    ]   | Collecting py\n[3e4dfc60-55cf-40ac-9fe0-5183791faa40/build_cpu    ]   |   Downloading py-1.11.0-py2.py3-none-any.whl (98 kB)\n[3e4dfc60-55cf-40ac-9fe0-5183791faa40/build_cpu    ]   | Collecting toml\n[3e4dfc60-55cf-40ac-9fe0-5183791faa40/build_cpu    ]   |   Downloading toml-0.10.2-py2.py3-none-any.whl (16 kB)\n[3e4dfc60-55cf-40ac-9fe0-5183791faa40/build_cpu    ]   | Requirement already satisfied: colorama in /opt/hostedtoolcache/Python/3.7.11/x64/lib/python3.7/site-packages (from interrogate->-r requirements/tests.txt (line 4)) (0.4.6)\n[3e4dfc60-55cf-40ac-9fe0-5183791faa40/test_windows ]   |      \u2501\u2501\u2501\u2501\u2501\u2501\u2501\u2501\u2501\u2501\u2501\u2501\u2501\u2501\u2501\u2501\u2501\u2501\u2501\u2501\u2501\u2501\u2501\u2501\u2501\u2501\u2501\u2501\u2501\u2501\u2501\u2501\u2501\u2501\u2501\u2501\u2501\u2501\u2501\u2501 32.5/32.5 MB 6.9 MB/s eta 0:00:00\n[3e4dfc60-55cf-40ac-9fe0-5183791faa40/test_windows ]   | Collecting addict (from mmcv-full)\n[3e4dfc60-55cf-40ac-9fe0-5183791faa40/build_cpu    ]   | Collecting iniconfig\n[3e4dfc60-55cf-40ac-9fe0-5183791faa40/test_windows ]   |   Downloading addict-2.4.0-py3-none-any.whl (3.8 kB)\n[3e4dfc60-55cf-40ac-9fe0-5183791faa40/build_cpu    ]   |   Downloading iniconfig-2.0.0-py3-none-any.whl (5.9 kB)\n[3e4dfc60-55cf-40ac-9fe0-5183791faa40/test_windows ]   | Requirement already satisfied: numpy in /opt/hostedtoolcache/Python/3.8.11/x64/lib/python3.8/site-packages (from mmcv-full) (1.24.4)\n[3e4dfc60-55cf-40ac-9fe0-5183791faa40/test_windows ]   | Requirement already satisfied: packaging in /opt/hostedtoolcache/Python/3.8.11/x64/lib/python3.8/site-packages (from mmcv-full) (23.1)\n[3e4dfc60-55cf-40ac-9fe0-5183791faa40/test_windows ]   | Requirement already satisfied: Pillow in /opt/hostedtoolcache/Python/3.8.11/x64/lib/python3.8/site-packages (from mmcv-full) (9.5.0)\n[3e4dfc60-55cf-40ac-9fe0-5183791faa40/test_windows ]   | Requirement already satisfied: pyyaml in /opt/hostedtoolcache/Python/3.8.11/x64/lib/python3.8/site-packages (from mmcv-full) (6.0)\n[3e4dfc60-55cf-40ac-9fe0-5183791faa40/build_cpu    ]   | Collecting pluggy<2.0,>=0.12\n[3e4dfc60-55cf-40ac-9fe0-5183791faa40/build_cpu    ]   |   Downloading pluggy-1.2.0-py3-none-any.whl (17 kB)\n[3e4dfc60-55cf-40ac-9fe0-5183791faa40/test_windows ]   | Collecting yapf (from mmcv-full)\n[3e4dfc60-55cf-40ac-9fe0-5183791faa40/test_windows ]   |   Downloading yapf-0.40.1-py3-none-any.whl (250 kB)\n[3e4dfc60-55cf-40ac-9fe0-5183791faa40/build_cpu    ]   | Requirement already satisfied: tomli>=1.0.0 in /opt/hostedtoolcache/Python/3.7.11/x64/lib/python3.7/site-packages (from pytest->-r requirements/tests.txt (line 8)) (2.0.1)\n[3e4dfc60-55cf-40ac-9fe0-5183791faa40/test_windows ]   |      \u2501\u2501\u2501\u2501\u2501\u2501\u2501\u2501\u2501\u2501\u2501\u2501\u2501\u2501\u2501\u2501\u2501\u2501\u2501\u2501\u2501\u2501\u2501\u2501\u2501\u2501\u2501\u2501\u2501\u2501\u2501\u2501\u2501\u2501\u2501\u2501\u2501\u2501 250.3/250.3 kB 14.5 MB/s eta 0:00:00\n[3e4dfc60-55cf-40ac-9fe0-5183791faa40/test_windows ]   | Requirement already satisfied: opencv-python>=3 in /opt/hostedtoolcache/Python/3.8.11/x64/lib/python3.8/site-packages (from mmcv-full) (4.7.0.72)\n[3e4dfc60-55cf-40ac-9fe0-5183791faa40/build_cpu    ]   | Collecting exceptiongroup>=1.0.0rc8\n[3e4dfc60-55cf-40ac-9fe0-5183791faa40/test_windows ]   | Requirement already satisfied: importlib-metadata>=6.6.0 in /opt/hostedtoolcache/Python/3.8.11/x64/lib/python3.8/site-packages (from yapf->mmcv-full) (6.7.0)\n[3e4dfc60-55cf-40ac-9fe0-5183791faa40/build_cpu    ]   |   Downloading exceptiongroup-1.1.1-py3-none-any.whl (14 kB)\n[3e4dfc60-55cf-40ac-9fe0-5183791faa40/test_windows ]   | Collecting platformdirs>=3.5.1 (from yapf->mmcv-full)\n[3e4dfc60-55cf-40ac-9fe0-5183791faa40/test_windows ]   |   Downloading platformdirs-3.8.0-py3-none-any.whl (16 kB)\n[3e4dfc60-55cf-40ac-9fe0-5183791faa40/test_windows ]   | Collecting tomli>=2.0.1 (from yapf->mmcv-full)\n[3e4dfc60-55cf-40ac-9fe0-5183791faa40/test_windows ]   |   Downloading tomli-2.0.1-py3-none-any.whl (12 kB)\n[3e4dfc60-55cf-40ac-9fe0-5183791faa40/test_windows ]   | Requirement already satisfied: zipp>=0.5 in /opt/hostedtoolcache/Python/3.8.11/x64/lib/python3.8/site-packages (from importlib-metadata>=6.6.0->yapf->mmcv-full) (3.15.0)\n[3e4dfc60-55cf-40ac-9fe0-5183791faa40/test_windows ]   | Installing collected packages: addict, tomli, platformdirs, yapf, mmcv-full\n[3e4dfc60-55cf-40ac-9fe0-5183791faa40/build_cpu    ]   | Requirement already satisfied: six in /opt/hostedtoolcache/Python/3.7.11/x64/lib/python3.7/site-packages (from xdoctest>=0.10.0->-r requirements/tests.txt (line 10)) (1.16.0)\n[3e4dfc60-55cf-40ac-9fe0-5183791faa40/build_cpu    ]   | Collecting yapf\n[3e4dfc60-55cf-40ac-9fe0-5183791faa40/build_cpu    ]   |   Downloading yapf-0.40.0-py3-none-any.whl (250 kB)\n[3e4dfc60-55cf-40ac-9fe0-5183791faa40/build_cpu    ]   |   Downloading yapf-0.33.0-py2.py3-none-any.whl (200 kB)\n[3e4dfc60-55cf-40ac-9fe0-5183791faa40/build_cpu    ]   | Requirement already satisfied: zipp>=0.5 in /opt/hostedtoolcache/Python/3.7.11/x64/lib/python3.7/site-packages (from importlib-metadata<4.3,>=1.1.0->flake8->-r requirements/tests.txt (line 3)) (3.15.0)\n[3e4dfc60-55cf-40ac-9fe0-5183791faa40/build_cpu    ]   | Requirement already satisfied: idna<4,>=2.5 in /opt/hostedtoolcache/Python/3.7.11/x64/lib/python3.7/site-packages (from requests>=2.7.9->codecov->-r requirements/tests.txt (line 2)) (3.4)\n[3e4dfc60-55cf-40ac-9fe0-5183791faa40/build_cpu    ]   | Requirement already satisfied: certifi>=2017.4.17 in /opt/hostedtoolcache/Python/3.7.11/x64/lib/python3.7/site-packages (from requests>=2.7.9->codecov->-r requirements/tests.txt (line 2)) (2023.5.7)\n[3e4dfc60-55cf-40ac-9fe0-5183791faa40/build_cpu    ]   | Requirement already satisfied: urllib3<3,>=1.21.1 in /opt/hostedtoolcache/Python/3.7.11/x64/lib/python3.7/site-packages (from requests>=2.7.9->codecov->-r requirements/tests.txt (line 2)) (2.0.3)\n[3e4dfc60-55cf-40ac-9fe0-5183791faa40/build_cpu    ]   | Requirement already satisfied: charset-normalizer<4,>=2 in /opt/hostedtoolcache/Python/3.7.11/x64/lib/python3.7/site-packages (from requests>=2.7.9->codecov->-r requirements/tests.txt (line 2)) (3.1.0)\n[3e4dfc60-55cf-40ac-9fe0-5183791faa40/build_cpu    ]   | Using legacy 'setup.py install' for lap, since package 'wheel' is not installed.\n[3e4dfc60-55cf-40ac-9fe0-5183791faa40/test_windows ]   | Successfully installed addict-2.4.0 mmcv-full-1.7.1 platformdirs-3.8.0 tomli-2.0.1 yapf-0.40.1\n[3e4dfc60-55cf-40ac-9fe0-5183791faa40/test_windows ]   \u2705  Success - Main Install MMCV\n[3e4dfc60-55cf-40ac-9fe0-5183791faa40/build_cpu    ]   | Installing collected packages: pytz, importlib-metadata, xmltodict, ubelt, toml, tabulate, pyflakes, pycodestyle, py, pluggy, pandas, mccabe, iniconfig, exceptiongroup, coverage, click, yapf, xdoctest, seaborn, pytest, motmetrics, mmcls, lap, kwarray, isort, interrogate, flake8, einops, dotty-dict, cython, codecov, asynctest\n[3e4dfc60-55cf-40ac-9fe0-5183791faa40/build_cpu    ]   |   Attempting uninstall: importlib-metadata\n[3e4dfc60-55cf-40ac-9fe0-5183791faa40/build_cpu    ]   |     Found existing installation: importlib-metadata 6.7.0\n[3e4dfc60-55cf-40ac-9fe0-5183791faa40/build_cpu    ]   |     Uninstalling importlib-metadata-6.7.0:\n[3e4dfc60-55cf-40ac-9fe0-5183791faa40/build_cpu    ]   |       Successfully uninstalled importlib-metadata-6.7.0\n[3e4dfc60-55cf-40ac-9fe0-5183791faa40/test_windows ] \u2b50 Run Main Install mmdet\n[3e4dfc60-55cf-40ac-9fe0-5183791faa40/test_windows ]   \ud83d\udc33  docker exec cmd=[bash --noprofile --norc -e -o pipefail /var/run/act/workflow/6] user= workdir=\n[3e4dfc60-55cf-40ac-9fe0-5183791faa40/test_windows ]   | Collecting mmdet\n[3e4dfc60-55cf-40ac-9fe0-5183791faa40/test_windows ]   |   Downloading mmdet-3.0.0-py3-none-any.whl (1.7 MB)\n[3e4dfc60-55cf-40ac-9fe0-5183791faa40/test_windows ]   |      \u2501\u2501\u2501\u2501\u2501\u2501\u2501\u2501\u2501\u2501\u2501\u2501\u2501\u2501\u2501\u2501\u2501\u2501\u2501\u2501\u2501\u2501\u2501\u2501\u2501\u2501\u2501\u2501\u2501\u2501\u2501\u2501\u2501\u2501\u2501\u2501\u2501\u2501\u2501\u2501 1.7/1.7 MB 15.8 MB/s eta 0:00:00\n[3e4dfc60-55cf-40ac-9fe0-5183791faa40/test_windows ]   | Requirement already satisfied: matplotlib in /opt/hostedtoolcache/Python/3.8.11/x64/lib/python3.8/site-packages (from mmdet) (3.7.1)\n[3e4dfc60-55cf-40ac-9fe0-5183791faa40/test_windows ]   | Requirement already satisfied: numpy in /opt/hostedtoolcache/Python/3.8.11/x64/lib/python3.8/site-packages (from mmdet) (1.24.4)\n[3e4dfc60-55cf-40ac-9fe0-5183791faa40/build_cpu    ]   |   Attempting uninstall: yapf\n[3e4dfc60-55cf-40ac-9fe0-5183791faa40/build_cpu    ]   |     Found existing installation: yapf 0.40.1\n[3e4dfc60-55cf-40ac-9fe0-5183791faa40/test_windows ]   | Collecting pycocotools (from mmdet)\n[3e4dfc60-55cf-40ac-9fe0-5183791faa40/test_windows ]   |   Downloading pycocotools-2.0.6.tar.gz (24 kB)\n[3e4dfc60-55cf-40ac-9fe0-5183791faa40/build_cpu    ]   |     Uninstalling yapf-0.40.1:\n[3e4dfc60-55cf-40ac-9fe0-5183791faa40/test_windows ]   |   Installing build dependencies: started\n[3e4dfc60-55cf-40ac-9fe0-5183791faa40/build_cpu    ]   |       Successfully uninstalled yapf-0.40.1\n[3e4dfc60-55cf-40ac-9fe0-5183791faa40/build_cpu    ]   |     Running setup.py install for lap: started\n[3e4dfc60-55cf-40ac-9fe0-5183791faa40/test_windows ]   |   Installing build dependencies: finished with status 'done'\n[3e4dfc60-55cf-40ac-9fe0-5183791faa40/test_windows ]   |   Getting requirements to build wheel: started\n[3e4dfc60-55cf-40ac-9fe0-5183791faa40/test_windows ]   |   Getting requirements to build wheel: finished with status 'done'\n[3e4dfc60-55cf-40ac-9fe0-5183791faa40/test_windows ]   |   Preparing metadata (pyproject.toml): started\n[3e4dfc60-55cf-40ac-9fe0-5183791faa40/test_windows ]   |   Preparing metadata (pyproject.toml): finished with status 'done'\n[3e4dfc60-55cf-40ac-9fe0-5183791faa40/test_windows ]   | Collecting scipy (from mmdet)\n[3e4dfc60-55cf-40ac-9fe0-5183791faa40/test_windows ]   |   Downloading scipy-1.10.1-cp38-cp38-manylinux_2_17_x86_64.manylinux2014_x86_64.whl (34.5 MB)\n[3e4dfc60-55cf-40ac-9fe0-5183791faa40/build_cpu    ]   |     Running setup.py install for lap: finished with status 'done'\n[3e4dfc60-55cf-40ac-9fe0-5183791faa40/build_cpu    ]   | Successfully installed asynctest-0.13.0 click-8.1.3 codecov-2.1.13 coverage-7.2.7 cython-0.29.35 dotty-dict-1.3.1 einops-0.6.1 exceptiongroup-1.1.1 flake8-5.0.4 importlib-metadata-4.2.0 iniconfig-2.0.0 interrogate-1.5.0 isort-4.3.21 kwarray-0.6.13 lap-0.4.0 mccabe-0.7.0 mmcls-0.25.0 motmetrics-1.4.0 pandas-1.3.5 pluggy-1.2.0 py-1.11.0 pycodestyle-2.9.1 pyflakes-2.5.0 pytest-7.4.0 pytz-2023.3 seaborn-0.12.2 tabulate-0.9.0 toml-0.10.2 ubelt-1.3.2 xdoctest-1.1.1 xmltodict-0.13.0 yapf-0.33.0\n[3e4dfc60-55cf-40ac-9fe0-5183791faa40/build_cpu    ]   | WARNING: You are using pip version 21.2.4; however, version 23.1.2 is available.\n[3e4dfc60-55cf-40ac-9fe0-5183791faa40/build_cpu    ]   | You should consider upgrading via the '/opt/hostedtoolcache/Python/3.7.11/x64/bin/python -m pip install --upgrade pip' command.\n[3e4dfc60-55cf-40ac-9fe0-5183791faa40/build_cpu    ]   | Collecting git+https://github.com/JonathonLuiten/TrackEval.git\n[3e4dfc60-55cf-40ac-9fe0-5183791faa40/build_cpu    ]   |   Cloning https://github.com/JonathonLuiten/TrackEval.git to /tmp/pip-req-build-02wxzpk_\n[3e4dfc60-55cf-40ac-9fe0-5183791faa40/build_cpu    ]   |   Running command git clone -q https://github.com/JonathonLuiten/TrackEval.git /tmp/pip-req-build-02wxzpk_\n[3e4dfc60-55cf-40ac-9fe0-5183791faa40/build_cpu    ]   |   Resolved https://github.com/JonathonLuiten/TrackEval.git to commit 12c8791b303e0a0b50f753af204249e622d0281a\n[3e4dfc60-55cf-40ac-9fe0-5183791faa40/build_cpu    ]   |   Installing build dependencies: started\n[3e4dfc60-55cf-40ac-9fe0-5183791faa40/build_cpu    ]   |   Installing build dependencies: finished with status 'done'\n[3e4dfc60-55cf-40ac-9fe0-5183791faa40/build_cpu    ]   |   Getting requirements to build wheel: started\n[3e4dfc60-55cf-40ac-9fe0-5183791faa40/build_cpu    ]   |   Getting requirements to build wheel: finished with status 'done'\n[3e4dfc60-55cf-40ac-9fe0-5183791faa40/build_cpu    ]   |     Preparing wheel metadata: started\n[3e4dfc60-55cf-40ac-9fe0-5183791faa40/build_cpu    ]   |     Preparing wheel metadata: finished with status 'done'\n[3e4dfc60-55cf-40ac-9fe0-5183791faa40/build_cpu    ]   | Requirement already satisfied: numpy in /opt/hostedtoolcache/Python/3.7.11/x64/lib/python3.7/site-packages (from trackeval==1.0.dev1) (1.21.6)\n[3e4dfc60-55cf-40ac-9fe0-5183791faa40/build_cpu    ]   | Requirement already satisfied: scipy in /opt/hostedtoolcache/Python/3.7.11/x64/lib/python3.7/site-packages (from trackeval==1.0.dev1) (1.7.3)\n[3e4dfc60-55cf-40ac-9fe0-5183791faa40/build_cpu    ]   | Building wheels for collected packages: trackeval\n[3e4dfc60-55cf-40ac-9fe0-5183791faa40/build_cpu    ]   |   Building wheel for trackeval (PEP 517): started\n[3e4dfc60-55cf-40ac-9fe0-5183791faa40/build_cpu    ]   |   Building wheel for trackeval (PEP 517): finished with status 'done'\n[3e4dfc60-55cf-40ac-9fe0-5183791faa40/build_cpu    ]   |   Created wheel for trackeval: filename=trackeval-1.0.dev1-py3-none-any.whl size=149965 sha256=0d87a6ec05499bd82671f0ed0167720840ee7b96b04a672e4ce3b1946b586407\n[3e4dfc60-55cf-40ac-9fe0-5183791faa40/build_cpu    ]   |   Stored in directory: /tmp/pip-ephem-wheel-cache-e93bl_wc/wheels/f3/ca/38/409a5a8b4faf77d7e99a90462e20a4723c5b0f20fa12364aa7\n[3e4dfc60-55cf-40ac-9fe0-5183791faa40/build_cpu    ]   | Successfully built trackeval\n[3e4dfc60-55cf-40ac-9fe0-5183791faa40/build_cpu    ]   | Installing collected packages: trackeval\n[3e4dfc60-55cf-40ac-9fe0-5183791faa40/build_cpu    ]   | Successfully installed trackeval-1.0.dev1\n[3e4dfc60-55cf-40ac-9fe0-5183791faa40/build_cpu    ]   | WARNING: You are using pip version 21.2.4; however, version 23.1.2 is available.\n[3e4dfc60-55cf-40ac-9fe0-5183791faa40/build_cpu    ]   | You should consider upgrading via the '/opt/hostedtoolcache/Python/3.7.11/x64/bin/python -m pip install --upgrade pip' command.\n[3e4dfc60-55cf-40ac-9fe0-5183791faa40/build_cpu    ]   | Collecting git+https://github.com/lvis-dataset/lvis-api.git\n[3e4dfc60-55cf-40ac-9fe0-5183791faa40/build_cpu    ]   |   Cloning https://github.com/lvis-dataset/lvis-api.git to /tmp/pip-req-build-_xxhrxu8\n[3e4dfc60-55cf-40ac-9fe0-5183791faa40/build_cpu    ]   |   Running command git clone -q https://github.com/lvis-dataset/lvis-api.git /tmp/pip-req-build-_xxhrxu8\n[3e4dfc60-55cf-40ac-9fe0-5183791faa40/test_windows ]   |      \u2501\u2501\u2501\u2501\u2501\u2501\u2501\u2501\u2501\u2501\u2501\u2501\u2501\u2501\u2501\u2501\u2501\u2501\u2501\u2501\u2501\u2501\u2501\u2501\u2501\u2501\u2501\u2501\u2501\u2501\u2501\u2501\u2501\u2501\u2501\u2501\u2501\u2501\u2501\u2501 34.5/34.5 MB 2.5 MB/s eta 0:00:00\n[3e4dfc60-55cf-40ac-9fe0-5183791faa40/build_cpu    ]   |   Resolved https://github.com/lvis-dataset/lvis-api.git to commit da5f65d16237637d848a51713556c48ca521bc18\n[3e4dfc60-55cf-40ac-9fe0-5183791faa40/test_windows ]   | Collecting shapely (from mmdet)\n[3e4dfc60-55cf-40ac-9fe0-5183791faa40/test_windows ]   |   Downloading shapely-2.0.1-cp38-cp38-manylinux_2_17_x86_64.manylinux2014_x86_64.whl (2.3 MB)\n[3e4dfc60-55cf-40ac-9fe0-5183791faa40/build_cpu    ]   | Requirement already satisfied: cycler>=0.10.0 in /opt/hostedtoolcache/Python/3.7.11/x64/lib/python3.7/site-packages (from lvis==0.5.3) (0.11.0)\n[3e4dfc60-55cf-40ac-9fe0-5183791faa40/build_cpu    ]   | Requirement already satisfied: Cython>=0.29.12 in /opt/hostedtoolcache/Python/3.7.11/x64/lib/python3.7/site-packages (from lvis==0.5.3) (0.29.35)\n[3e4dfc60-55cf-40ac-9fe0-5183791faa40/build_cpu    ]   | Requirement already satisfied: kiwisolver>=1.1.0 in /opt/hostedtoolcache/Python/3.7.11/x64/lib/python3.7/site-packages (from lvis==0.5.3) (1.4.4)\n[3e4dfc60-55cf-40ac-9fe0-5183791faa40/build_cpu    ]   | Requirement already satisfied: matplotlib>=3.1.1 in /opt/hostedtoolcache/Python/3.7.11/x64/lib/python3.7/site-packages (from lvis==0.5.3) (3.5.3)\n[3e4dfc60-55cf-40ac-9fe0-5183791faa40/build_cpu    ]   | Requirement already satisfied: numpy>=1.18.2 in /opt/hostedtoolcache/Python/3.7.11/x64/lib/python3.7/site-packages (from lvis==0.5.3) (1.21.6)\n[3e4dfc60-55cf-40ac-9fe0-5183791faa40/build_cpu    ]   | Requirement already satisfied: opencv-python>=4.1.0.25 in /opt/hostedtoolcache/Python/3.7.11/x64/lib/python3.7/site-packages (from lvis==0.5.3) (4.7.0.72)\n[3e4dfc60-55cf-40ac-9fe0-5183791faa40/build_cpu    ]   | Requirement already satisfied: pyparsing>=2.4.0 in /opt/hostedtoolcache/Python/3.7.11/x64/lib/python3.7/site-packages (from lvis==0.5.3) (3.1.0)\n[3e4dfc60-55cf-40ac-9fe0-5183791faa40/build_cpu    ]   | Requirement already satisfied: python-dateutil>=2.8.0 in /opt/hostedtoolcache/Python/3.7.11/x64/lib/python3.7/site-packages (from lvis==0.5.3) (2.8.2)\n[3e4dfc60-55cf-40ac-9fe0-5183791faa40/build_cpu    ]   | Requirement already satisfied: six>=1.12.0 in /opt/hostedtoolcache/Python/3.7.11/x64/lib/python3.7/site-packages (from lvis==0.5.3) (1.16.0)\n[3e4dfc60-55cf-40ac-9fe0-5183791faa40/build_cpu    ]   | Requirement already satisfied: typing-extensions in /opt/hostedtoolcache/Python/3.7.11/x64/lib/python3.7/site-packages (from kiwisolver>=1.1.0->lvis==0.5.3) (4.6.3)\n[3e4dfc60-55cf-40ac-9fe0-5183791faa40/build_cpu    ]   | Requirement already satisfied: packaging>=20.0 in /opt/hostedtoolcache/Python/3.7.11/x64/lib/python3.7/site-packages (from matplotlib>=3.1.1->lvis==0.5.3) (23.1)\n[3e4dfc60-55cf-40ac-9fe0-5183791faa40/build_cpu    ]   | Requirement already satisfied: pillow>=6.2.0 in /opt/hostedtoolcache/Python/3.7.11/x64/lib/python3.7/site-packages (from matplotlib>=3.1.1->lvis==0.5.3) (9.5.0)\n[3e4dfc60-55cf-40ac-9fe0-5183791faa40/build_cpu    ]   | Requirement already satisfied: fonttools>=4.22.0 in /opt/hostedtoolcache/Python/3.7.11/x64/lib/python3.7/site-packages (from matplotlib>=3.1.1->lvis==0.5.3) (4.38.0)\n[3e4dfc60-55cf-40ac-9fe0-5183791faa40/build_cpu    ]   | Using legacy 'setup.py install' for lvis, since package 'wheel' is not installed.\n[3e4dfc60-55cf-40ac-9fe0-5183791faa40/build_cpu    ]   | Installing collected packages: lvis\n[3e4dfc60-55cf-40ac-9fe0-5183791faa40/build_cpu    ]   |     Running setup.py install for lvis: started\n[3e4dfc60-55cf-40ac-9fe0-5183791faa40/build_cpu    ]   |     Running setup.py install for lvis: finished with status 'done'\n[3e4dfc60-55cf-40ac-9fe0-5183791faa40/build_cpu    ]   | Successfully installed lvis-0.5.3\n[3e4dfc60-55cf-40ac-9fe0-5183791faa40/build_cpu    ]   | WARNING: You are using pip version 21.2.4; however, version 23.1.2 is available.\n[3e4dfc60-55cf-40ac-9fe0-5183791faa40/build_cpu    ]   | You should consider upgrading via the '/opt/hostedtoolcache/Python/3.7.11/x64/bin/python -m pip install --upgrade pip' command.\n[3e4dfc60-55cf-40ac-9fe0-5183791faa40/build_cpu    ]   | Collecting git+https://github.com/TAO-Dataset/tao.git\n[3e4dfc60-55cf-40ac-9fe0-5183791faa40/build_cpu    ]   |   Cloning https://github.com/TAO-Dataset/tao.git to /tmp/pip-req-build-b5ptu85d\n[3e4dfc60-55cf-40ac-9fe0-5183791faa40/build_cpu    ]   |   Running command git clone -q https://github.com/TAO-Dataset/tao.git /tmp/pip-req-build-b5ptu85d\n[3e4dfc60-55cf-40ac-9fe0-5183791faa40/test_windows ]   |      \u2501\u2501\u2501\u2501\u2501\u2501\u2501\u2501\u2501\u2501\u2501\u2501\u2501\u2501\u2501\u2501\u2501\u2501\u2501\u2501\u2501\u2501\u2501\u2501\u2501\u2501\u2501\u2501\u2501\u2501\u2501\u2501\u2501\u2501\u2501\u2501\u2501\u2501\u2501\u2501 2.3/2.3 MB 560.5 kB/s eta 0:00:00\n[3e4dfc60-55cf-40ac-9fe0-5183791faa40/test_windows ]   | Requirement already satisfied: six in /opt/hostedtoolcache/Python/3.8.11/x64/lib/python3.8/site-packages (from mmdet) (1.16.0)\n[3e4dfc60-55cf-40ac-9fe0-5183791faa40/test_windows ]   | Collecting terminaltables (from mmdet)\n[3e4dfc60-55cf-40ac-9fe0-5183791faa40/test_windows ]   |   Downloading terminaltables-3.1.10-py2.py3-none-any.whl (15 kB)\n[3e4dfc60-55cf-40ac-9fe0-5183791faa40/test_windows ]   | Requirement already satisfied: contourpy>=1.0.1 in /opt/hostedtoolcache/Python/3.8.11/x64/lib/python3.8/site-packages (from matplotlib->mmdet) (1.1.0)\n[3e4dfc60-55cf-40ac-9fe0-5183791faa40/test_windows ]   | Requirement already satisfied: cycler>=0.10 in /opt/hostedtoolcache/Python/3.8.11/x64/lib/python3.8/site-packages (from matplotlib->mmdet) (0.11.0)\n[3e4dfc60-55cf-40ac-9fe0-5183791faa40/test_windows ]   | Requirement already satisfied: fonttools>=4.22.0 in /opt/hostedtoolcache/Python/3.8.11/x64/lib/python3.8/site-packages (from matplotlib->mmdet) (4.40.0)\n[3e4dfc60-55cf-40ac-9fe0-5183791faa40/test_windows ]   | Requirement already satisfied: kiwisolver>=1.0.1 in /opt/hostedtoolcache/Python/3.8.11/x64/lib/python3.8/site-packages (from matplotlib->mmdet) (1.4.4)\n[3e4dfc60-55cf-40ac-9fe0-5183791faa40/test_windows ]   | Requirement already satisfied: packaging>=20.0 in /opt/hostedtoolcache/Python/3.8.11/x64/lib/python3.8/site-packages (from matplotlib->mmdet) (23.1)\n[3e4dfc60-55cf-40ac-9fe0-5183791faa40/test_windows ]   | Requirement already satisfied: pillow>=6.2.0 in /opt/hostedtoolcache/Python/3.8.11/x64/lib/python3.8/site-packages (from matplotlib->mmdet) (9.5.0)\n[3e4dfc60-55cf-40ac-9fe0-5183791faa40/test_windows ]   | Requirement already satisfied: pyparsing>=2.3.1 in /opt/hostedtoolcache/Python/3.8.11/x64/lib/python3.8/site-packages (from matplotlib->mmdet) (3.1.0)\n[3e4dfc60-55cf-40ac-9fe0-5183791faa40/test_windows ]   | Requirement already satisfied: python-dateutil>=2.7 in /opt/hostedtoolcache/Python/3.8.11/x64/lib/python3.8/site-packages (from matplotlib->mmdet) (2.8.2)\n[3e4dfc60-55cf-40ac-9fe0-5183791faa40/test_windows ]   | Requirement already satisfied: importlib-resources>=3.2.0 in /opt/hostedtoolcache/Python/3.8.11/x64/lib/python3.8/site-packages (from matplotlib->mmdet) (5.12.0)\n[3e4dfc60-55cf-40ac-9fe0-5183791faa40/test_windows ]   | Requirement already satisfied: zipp>=3.1.0 in /opt/hostedtoolcache/Python/3.8.11/x64/lib/python3.8/site-packages (from importlib-resources>=3.2.0->matplotlib->mmdet) (3.15.0)\n[3e4dfc60-55cf-40ac-9fe0-5183791faa40/build_cpu    ]   |   Resolved https://github.com/TAO-Dataset/tao.git to commit 0f9f4bd654b775f5b59086cb8a8cf2bd91b91f98\n[3e4dfc60-55cf-40ac-9fe0-5183791faa40/test_windows ]   | Building wheels for collected packages: pycocotools\n[3e4dfc60-55cf-40ac-9fe0-5183791faa40/test_windows ]   |   Building wheel for pycocotools (pyproject.toml): started\n[3e4dfc60-55cf-40ac-9fe0-5183791faa40/build_cpu    ]   | Collecting script_utils@ git+https://github.com/achalddave/python-script-utils.git@v0.0.2#egg=script_utils\n[3e4dfc60-55cf-40ac-9fe0-5183791faa40/build_cpu    ]   |   Cloning https://github.com/achalddave/python-script-utils.git (to revision v0.0.2) to /tmp/pip-install-1wezfhsk/script-utils_a764554099f84cfb8c91d558871da320\n[3e4dfc60-55cf-40ac-9fe0-5183791faa40/build_cpu    ]   |   Running command git clone -q https://github.com/achalddave/python-script-utils.git /tmp/pip-install-1wezfhsk/script-utils_a764554099f84cfb8c91d558871da320\n[3e4dfc60-55cf-40ac-9fe0-5183791faa40/build_cpu    ]   |   Running command git checkout -q 26dcd3b0c3487f46d31b4997c824e43a1ec5c897\n[3e4dfc60-55cf-40ac-9fe0-5183791faa40/build_cpu    ]   |   Resolved https://github.com/achalddave/python-script-utils.git to commit 26dcd3b0c3487f46d31b4997c824e43a1ec5c897\n[3e4dfc60-55cf-40ac-9fe0-5183791faa40/build_cpu    ]   |   Running command git submodule update --init --recursive -q\n[3e4dfc60-55cf-40ac-9fe0-5183791faa40/build_cpu    ]   | Collecting moviepy~=0.2\n[3e4dfc60-55cf-40ac-9fe0-5183791faa40/build_cpu    ]   |   Downloading moviepy-0.2.3.5.tar.gz (372 kB)\n[3e4dfc60-55cf-40ac-9fe0-5183791faa40/build_cpu    ]   | Requirement already satisfied: scipy in /opt/hostedtoolcache/Python/3.7.11/x64/lib/python3.7/site-packages (from tao==0.1.0) (1.7.3)\n[3e4dfc60-55cf-40ac-9fe0-5183791faa40/build_cpu    ]   | Collecting natsort\n[3e4dfc60-55cf-40ac-9fe0-5183791faa40/build_cpu    ]   |   Downloading natsort-8.4.0-py3-none-any.whl (38 kB)\n[3e4dfc60-55cf-40ac-9fe0-5183791faa40/build_cpu    ]   | Requirement already satisfied: tqdm in /opt/hostedtoolcache/Python/3.7.11/x64/lib/python3.7/site-packages (from tao==0.1.0) (4.65.0)\n[3e4dfc60-55cf-40ac-9fe0-5183791faa40/build_cpu    ]   | Collecting yacs\n[3e4dfc60-55cf-40ac-9fe0-5183791faa40/build_cpu    ]   |   Downloading yacs-0.1.8-py3-none-any.whl (14 kB)\n[3e4dfc60-55cf-40ac-9fe0-5183791faa40/test_windows ]   |   Building wheel for pycocotools (pyproject.toml): finished with status 'done'\n[3e4dfc60-55cf-40ac-9fe0-5183791faa40/test_windows ]   |   Created wheel for pycocotools: filename=pycocotools-2.0.6-cp38-cp38-linux_x86_64.whl size=425920 sha256=9dbe42a1bd6422e06208eda0b45c2e002d92a17ba03cc60ed9aca4265a8b08bd\n[3e4dfc60-55cf-40ac-9fe0-5183791faa40/test_windows ]   |   Stored in directory: /home/runneradmin/.cache/pip/wheels/3e/08/ac/58126fe59992032701437336493f6132e1b72381a62d00b595\n[3e4dfc60-55cf-40ac-9fe0-5183791faa40/test_windows ]   | Successfully built pycocotools\n[3e4dfc60-55cf-40ac-9fe0-5183791faa40/build_cpu    ]   | Collecting boto3\n[3e4dfc60-55cf-40ac-9fe0-5183791faa40/build_cpu    ]   |   Downloading boto3-1.26.162-py3-none-any.whl (135 kB)\n[3e4dfc60-55cf-40ac-9fe0-5183791faa40/test_windows ]   | Installing collected packages: terminaltables, shapely, scipy, pycocotools, mmdet\n[3e4dfc60-55cf-40ac-9fe0-5183791faa40/build_cpu    ]   | Collecting youtube_dl\n[3e4dfc60-55cf-40ac-9fe0-5183791faa40/build_cpu    ]   |   Downloading youtube_dl-2021.12.17-py2.py3-none-any.whl (1.9 MB)\n[3e4dfc60-55cf-40ac-9fe0-5183791faa40/build_cpu    ]   | Requirement already satisfied: numba in /opt/hostedtoolcache/Python/3.7.11/x64/lib/python3.7/site-packages (from tao==0.1.0) (0.56.4)\n[3e4dfc60-55cf-40ac-9fe0-5183791faa40/build_cpu    ]   | Requirement already satisfied: motmetrics in /opt/hostedtoolcache/Python/3.7.11/x64/lib/python3.7/site-packages (from tao==0.1.0) (1.4.0)\n[3e4dfc60-55cf-40ac-9fe0-5183791faa40/build_cpu    ]   | Collecting decorator<5.0,>=4.0.2\n[3e4dfc60-55cf-40ac-9fe0-5183791faa40/build_cpu    ]   |   Downloading decorator-4.4.2-py2.py3-none-any.whl (9.2 kB)\n[3e4dfc60-55cf-40ac-9fe0-5183791faa40/build_cpu    ]   | Collecting imageio<3.0,>=2.1.2\n[3e4dfc60-55cf-40ac-9fe0-5183791faa40/build_cpu    ]   |   Downloading imageio-2.31.1-py3-none-any.whl (313 kB)\n[3e4dfc60-55cf-40ac-9fe0-5183791faa40/build_cpu    ]   | Requirement already satisfied: numpy in /opt/hostedtoolcache/Python/3.7.11/x64/lib/python3.7/site-packages (from moviepy~=0.2->tao==0.1.0) (1.21.6)\n[3e4dfc60-55cf-40ac-9fe0-5183791faa40/build_cpu    ]   | Requirement already satisfied: pillow>=8.3.2 in /opt/hostedtoolcache/Python/3.7.11/x64/lib/python3.7/site-packages (from imageio<3.0,>=2.1.2->moviepy~=0.2->tao==0.1.0) (9.5.0)\n[3e4dfc60-55cf-40ac-9fe0-5183791faa40/build_cpu    ]   | Collecting jmespath<2.0.0,>=0.7.1\n[3e4dfc60-55cf-40ac-9fe0-5183791faa40/build_cpu    ]   |   Downloading jmespath-1.0.1-py3-none-any.whl (20 kB)\n[3e4dfc60-55cf-40ac-9fe0-5183791faa40/build_cpu    ]   | Collecting botocore<1.30.0,>=1.29.162\n[3e4dfc60-55cf-40ac-9fe0-5183791faa40/build_cpu    ]   |   Downloading botocore-1.29.162-py3-none-any.whl (11.0 MB)\n[3e4dfc60-55cf-40ac-9fe0-5183791faa40/test_windows ]   | Successfully installed mmdet-3.0.0 pycocotools-2.0.6 scipy-1.10.1 shapely-2.0.1 terminaltables-3.1.10\n[3e4dfc60-55cf-40ac-9fe0-5183791faa40/test_windows ]   \u2705  Success - Main Install mmdet\n[3e4dfc60-55cf-40ac-9fe0-5183791faa40/test_windows ] \u2b50 Run Main Install unittest dependencies\n[3e4dfc60-55cf-40ac-9fe0-5183791faa40/test_windows ]   \ud83d\udc33  docker exec cmd=[bash --noprofile --norc -e -o pipefail /var/run/act/workflow/7] user= workdir=\n[3e4dfc60-55cf-40ac-9fe0-5183791faa40/build_cpu    ]   | Collecting s3transfer<0.7.0,>=0.6.0\n[3e4dfc60-55cf-40ac-9fe0-5183791faa40/build_cpu    ]   |   Downloading s3transfer-0.6.1-py3-none-any.whl (79 kB)\n[3e4dfc60-55cf-40ac-9fe0-5183791faa40/build_cpu    ]   | Requirement already satisfied: python-dateutil<3.0.0,>=2.1 in /opt/hostedtoolcache/Python/3.7.11/x64/lib/python3.7/site-packages (from botocore<1.30.0,>=1.29.162->boto3->tao==0.1.0) (2.8.2)\n[3e4dfc60-55cf-40ac-9fe0-5183791faa40/build_cpu    ]   | Collecting urllib3<1.27,>=1.25.4\n[3e4dfc60-55cf-40ac-9fe0-5183791faa40/build_cpu    ]   |   Downloading urllib3-1.26.16-py2.py3-none-any.whl (143 kB)\n[3e4dfc60-55cf-40ac-9fe0-5183791faa40/build_cpu    ]   | Requirement already satisfied: six>=1.5 in /opt/hostedtoolcache/Python/3.7.11/x64/lib/python3.7/site-packages (from python-dateutil<3.0.0,>=2.1->botocore<1.30.0,>=1.29.162->boto3->tao==0.1.0) (1.16.0)\n[3e4dfc60-55cf-40ac-9fe0-5183791faa40/build_cpu    ]   | Requirement already satisfied: xmltodict>=0.12.0 in /opt/hostedtoolcache/Python/3.7.11/x64/lib/python3.7/site-packages (from motmetrics->tao==0.1.0) (0.13.0)\n[3e4dfc60-55cf-40ac-9fe0-5183791faa40/build_cpu    ]   | Requirement already satisfied: pandas>=0.23.1 in /opt/hostedtoolcache/Python/3.7.11/x64/lib/python3.7/site-packages (from motmetrics->tao==0.1.0) (1.3.5)\n[3e4dfc60-55cf-40ac-9fe0-5183791faa40/build_cpu    ]   | Requirement already satisfied: pytz>=2017.3 in /opt/hostedtoolcache/Python/3.7.11/x64/lib/python3.7/site-packages (from pandas>=0.23.1->motmetrics->tao==0.1.0) (2023.3)\n[3e4dfc60-55cf-40ac-9fe0-5183791faa40/build_cpu    ]   | Requirement already satisfied: importlib-metadata in /opt/hostedtoolcache/Python/3.7.11/x64/lib/python3.7/site-packages (from numba->tao==0.1.0) (4.2.0)\n[3e4dfc60-55cf-40ac-9fe0-5183791faa40/build_cpu    ]   | Requirement already satisfied: setuptools in /opt/hostedtoolcache/Python/3.7.11/x64/lib/python3.7/site-packages (from numba->tao==0.1.0) (47.1.0)\n[3e4dfc60-55cf-40ac-9fe0-5183791faa40/build_cpu    ]   | Requirement already satisfied: llvmlite<0.40,>=0.39.0dev0 in /opt/hostedtoolcache/Python/3.7.11/x64/lib/python3.7/site-packages (from numba->tao==0.1.0) (0.39.1)\n[3e4dfc60-55cf-40ac-9fe0-5183791faa40/build_cpu    ]   | Requirement already satisfied: zipp>=0.5 in /opt/hostedtoolcache/Python/3.7.11/x64/lib/python3.7/site-packages (from importlib-metadata->numba->tao==0.1.0) (3.15.0)\n[3e4dfc60-55cf-40ac-9fe0-5183791faa40/build_cpu    ]   | Requirement already satisfied: typing-extensions>=3.6.4 in /opt/hostedtoolcache/Python/3.7.11/x64/lib/python3.7/site-packages (from importlib-metadata->numba->tao==0.1.0) (4.6.3)\n[3e4dfc60-55cf-40ac-9fe0-5183791faa40/build_cpu    ]   | Collecting termcolor\n[3e4dfc60-55cf-40ac-9fe0-5183791faa40/build_cpu    ]   |   Downloading termcolor-2.3.0-py3-none-any.whl (6.9 kB)\n[3e4dfc60-55cf-40ac-9fe0-5183791faa40/build_cpu    ]   | Requirement already satisfied: PyYAML in /opt/hostedtoolcache/Python/3.7.11/x64/lib/python3.7/site-packages (from yacs->tao==0.1.0) (6.0)\n[3e4dfc60-55cf-40ac-9fe0-5183791faa40/build_cpu    ]   | Using legacy 'setup.py install' for tao, since package 'wheel' is not installed.\n[3e4dfc60-55cf-40ac-9fe0-5183791faa40/build_cpu    ]   | Using legacy 'setup.py install' for moviepy, since package 'wheel' is not installed.\n[3e4dfc60-55cf-40ac-9fe0-5183791faa40/build_cpu    ]   | Using legacy 'setup.py install' for script-utils, since package 'wheel' is not installed.\n[3e4dfc60-55cf-40ac-9fe0-5183791faa40/build_cpu    ]   | Installing collected packages: urllib3, jmespath, botocore, termcolor, s3transfer, imageio, decorator, youtube-dl, yacs, script-utils, natsort, moviepy, boto3, tao\n[3e4dfc60-55cf-40ac-9fe0-5183791faa40/build_cpu    ]   |   Attempting uninstall: urllib3\n[3e4dfc60-55cf-40ac-9fe0-5183791faa40/build_cpu    ]   |     Found existing installation: urllib3 2.0.3\n[3e4dfc60-55cf-40ac-9fe0-5183791faa40/build_cpu    ]   |     Uninstalling urllib3-2.0.3:\n[3e4dfc60-55cf-40ac-9fe0-5183791faa40/build_cpu    ]   |       Successfully uninstalled urllib3-2.0.3\n[3e4dfc60-55cf-40ac-9fe0-5183791faa40/build_cpu    ]   |     Running setup.py install for script-utils: started\n[3e4dfc60-55cf-40ac-9fe0-5183791faa40/build_cpu    ]   |     Running setup.py install for script-utils: finished with status 'done'\n[3e4dfc60-55cf-40ac-9fe0-5183791faa40/build_cpu    ]   |     Running setup.py install for moviepy: started\n[3e4dfc60-55cf-40ac-9fe0-5183791faa40/build_cpu    ]   |     Running setup.py install for moviepy: finished with status 'done'\n[3e4dfc60-55cf-40ac-9fe0-5183791faa40/build_cpu    ]   |     Running setup.py install for tao: started\n[3e4dfc60-55cf-40ac-9fe0-5183791faa40/build_cpu    ]   |     Running setup.py install for tao: finished with status 'done'\n[3e4dfc60-55cf-40ac-9fe0-5183791faa40/build_cpu    ]   | Successfully installed boto3-1.26.162 botocore-1.29.162 decorator-4.4.2 imageio-2.31.1 jmespath-1.0.1 moviepy-0.2.3.5 natsort-8.4.0 s3transfer-0.6.1 script-utils-0.0.1 tao-0.1.0 termcolor-2.3.0 urllib3-1.26.16 yacs-0.1.8 youtube-dl-2021.12.17\n[3e4dfc60-55cf-40ac-9fe0-5183791faa40/build_cpu    ]   | WARNING: You are using pip version 21.2.4; however, version 23.1.2 is available.\n[3e4dfc60-55cf-40ac-9fe0-5183791faa40/build_cpu    ]   | You should consider upgrading via the '/opt/hostedtoolcache/Python/3.7.11/x64/bin/python -m pip install --upgrade pip' command.\n[3e4dfc60-55cf-40ac-9fe0-5183791faa40/build_cpu    ]   \u2705  Success - Main Install mmtrack dependencies\n[3e4dfc60-55cf-40ac-9fe0-5183791faa40/build_cpu    ] \u2b50 Run Main Build and install\n[3e4dfc60-55cf-40ac-9fe0-5183791faa40/build_cpu    ]   \ud83d\udc33  docker exec cmd=[bash --noprofile --norc -e -o pipefail /var/run/act/workflow/4] user= workdir=\n[3e4dfc60-55cf-40ac-9fe0-5183791faa40/test_windows ]   | Collecting asynctest (from -r requirements/tests.txt (line 1))\n[3e4dfc60-55cf-40ac-9fe0-5183791faa40/test_windows ]   |   Downloading asynctest-0.13.0-py3-none-any.whl (26 kB)\n[3e4dfc60-55cf-40ac-9fe0-5183791faa40/test_windows ]   | Collecting codecov (from -r requirements/tests.txt (line 2))\n[3e4dfc60-55cf-40ac-9fe0-5183791faa40/test_windows ]   |   Downloading codecov-2.1.13-py2.py3-none-any.whl (16 kB)\n[3e4dfc60-55cf-40ac-9fe0-5183791faa40/test_windows ]   | Collecting flake8 (from -r requirements/tests.txt (line 3))\n[3e4dfc60-55cf-40ac-9fe0-5183791faa40/test_windows ]   |   Downloading flake8-6.0.0-py2.py3-none-any.whl (57 kB)\n[3e4dfc60-55cf-40ac-9fe0-5183791faa40/test_windows ]   |      \u2501\u2501\u2501\u2501\u2501\u2501\u2501\u2501\u2501\u2501\u2501\u2501\u2501\u2501\u2501\u2501\u2501\u2501\u2501\u2501\u2501\u2501\u2501\u2501\u2501\u2501\u2501\u2501\u2501\u2501\u2501\u2501\u2501\u2501\u2501\u2501\u2501\u2501\u2501\u2501 57.8/57.8 kB 2.5 MB/s eta 0:00:00\n[3e4dfc60-55cf-40ac-9fe0-5183791faa40/test_windows ]   | Collecting interrogate (from -r requirements/tests.txt (line 4))\n[3e4dfc60-55cf-40ac-9fe0-5183791faa40/test_windows ]   |   Downloading interrogate-1.5.0-py3-none-any.whl (45 kB)\n[3e4dfc60-55cf-40ac-9fe0-5183791faa40/test_windows ]   |      \u2501\u2501\u2501\u2501\u2501\u2501\u2501\u2501\u2501\u2501\u2501\u2501\u2501\u2501\u2501\u2501\u2501\u2501\u2501\u2501\u2501\u2501\u2501\u2501\u2501\u2501\u2501\u2501\u2501\u2501\u2501\u2501\u2501\u2501\u2501\u2501\u2501\u2501\u2501 45.3/45.3 kB 628.8 kB/s eta 0:00:00\n[3e4dfc60-55cf-40ac-9fe0-5183791faa40/test_windows ]   | Collecting isort==4.3.21 (from -r requirements/tests.txt (line 5))\n[3e4dfc60-55cf-40ac-9fe0-5183791faa40/test_windows ]   |   Downloading isort-4.3.21-py2.py3-none-any.whl (42 kB)\n[3e4dfc60-55cf-40ac-9fe0-5183791faa40/test_windows ]   |      \u2501\u2501\u2501\u2501\u2501\u2501\u2501\u2501\u2501\u2501\u2501\u2501\u2501\u2501\u2501\u2501\u2501\u2501\u2501\u2501\u2501\u2501\u2501\u2501\u2501\u2501\u2501\u2501\u2501\u2501\u2501\u2501\u2501\u2501\u2501\u2501\u2501\u2501\u2501\u2501 42.3/42.3 kB 5.7 MB/s eta 0:00:00\n[3e4dfc60-55cf-40ac-9fe0-5183791faa40/test_windows ]   | Collecting kwarray (from -r requirements/tests.txt (line 7))\n[3e4dfc60-55cf-40ac-9fe0-5183791faa40/test_windows ]   |   Downloading kwarray-0.6.13-py3-none-any.whl (105 kB)\n[3e4dfc60-55cf-40ac-9fe0-5183791faa40/test_windows ]   |      \u2501\u2501\u2501\u2501\u2501\u2501\u2501\u2501\u2501\u2501\u2501\u2501\u2501\u2501\u2501\u2501\u2501\u2501\u2501\u2501\u2501\u2501\u2501\u2501\u2501\u2501\u2501\u2501\u2501\u2501\u2501\u2501\u2501\u2501\u2501\u2501\u2501\u2501 105.6/105.6 kB 12.5 MB/s eta 0:00:00\n[3e4dfc60-55cf-40ac-9fe0-5183791faa40/test_windows ]   | Collecting pytest (from -r requirements/tests.txt (line 8))\n[3e4dfc60-55cf-40ac-9fe0-5183791faa40/test_windows ]   |   Downloading pytest-7.4.0-py3-none-any.whl (323 kB)\n[3e4dfc60-55cf-40ac-9fe0-5183791faa40/test_windows ]   |      \u2501\u2501\u2501\u2501\u2501\u2501\u2501\u2501\u2501\u2501\u2501\u2501\u2501\u2501\u2501\u2501\u2501\u2501\u2501\u2501\u2501\u2501\u2501\u2501\u2501\u2501\u2501\u2501\u2501\u2501\u2501\u2501\u2501\u2501\u2501\u2501\u2501\u2501 323.6/323.6 kB 21.0 MB/s eta 0:00:00\n[3e4dfc60-55cf-40ac-9fe0-5183791faa40/test_windows ]   | Collecting ubelt (from -r requirements/tests.txt (line 9))\n[3e4dfc60-55cf-40ac-9fe0-5183791faa40/test_windows ]   |   Downloading ubelt-1.3.2-py3-none-any.whl (215 kB)\n[3e4dfc60-55cf-40ac-9fe0-5183791faa40/test_windows ]   |      \u2501\u2501\u2501\u2501\u2501\u2501\u2501\u2501\u2501\u2501\u2501\u2501\u2501\u2501\u2501\u2501\u2501\u2501\u2501\u2501\u2501\u2501\u2501\u2501\u2501\u2501\u2501\u2501\u2501\u2501\u2501\u2501\u2501\u2501\u2501\u2501\u2501\u2501 215.8/215.8 kB 11.2 MB/s eta 0:00:00\n[3e4dfc60-55cf-40ac-9fe0-5183791faa40/test_windows ]   | Collecting xdoctest>=0.10.0 (from -r requirements/tests.txt (line 10))\n[3e4dfc60-55cf-40ac-9fe0-5183791faa40/test_windows ]   |   Downloading xdoctest-1.1.1-py3-none-any.whl (137 kB)\n[3e4dfc60-55cf-40ac-9fe0-5183791faa40/test_windows ]   |      \u2501\u2501\u2501\u2501\u2501\u2501\u2501\u2501\u2501\u2501\u2501\u2501\u2501\u2501\u2501\u2501\u2501\u2501\u2501\u2501\u2501\u2501\u2501\u2501\u2501\u2501\u2501\u2501\u2501\u2501\u2501\u2501\u2501\u2501\u2501\u2501\u2501\u2501 137.6/137.6 kB 14.1 MB/s eta 0:00:00\n[3e4dfc60-55cf-40ac-9fe0-5183791faa40/test_windows ]   | Requirement already satisfied: yapf in /opt/hostedtoolcache/Python/3.8.11/x64/lib/python3.8/site-packages (from -r requirements/tests.txt (line 11)) (0.40.1)\n[3e4dfc60-55cf-40ac-9fe0-5183791faa40/test_windows ]   | Requirement already satisfied: attributee in /opt/hostedtoolcache/Python/3.8.11/x64/lib/python3.8/site-packages (from -r requirements/runtime.txt (line 1)) (0.1.8)\n[3e4dfc60-55cf-40ac-9fe0-5183791faa40/test_windows ]   | Collecting dotty_dict (from -r requirements/runtime.txt (line 2))\n[3e4dfc60-55cf-40ac-9fe0-5183791faa40/test_windows ]   |   Downloading dotty_dict-1.3.1-py3-none-any.whl (7.0 kB)\n[3e4dfc60-55cf-40ac-9fe0-5183791faa40/test_windows ]   | Collecting einops (from -r requirements/runtime.txt (line 3))\n[3e4dfc60-55cf-40ac-9fe0-5183791faa40/test_windows ]   |   Downloading einops-0.6.1-py3-none-any.whl (42 kB)\n[3e4dfc60-55cf-40ac-9fe0-5183791faa40/test_windows ]   |      \u2501\u2501\u2501\u2501\u2501\u2501\u2501\u2501\u2501\u2501\u2501\u2501\u2501\u2501\u2501\u2501\u2501\u2501\u2501\u2501\u2501\u2501\u2501\u2501\u2501\u2501\u2501\u2501\u2501\u2501\u2501\u2501\u2501\u2501\u2501\u2501\u2501\u2501\u2501 42.2/42.2 kB 545.8 kB/s eta 0:00:00\n[3e4dfc60-55cf-40ac-9fe0-5183791faa40/test_windows ]   | Collecting lap (from -r requirements/runtime.txt (line 4))\n[3e4dfc60-55cf-40ac-9fe0-5183791faa40/test_windows ]   |   Downloading lap-0.4.0.tar.gz (1.5 MB)\n[3e4dfc60-55cf-40ac-9fe0-5183791faa40/test_windows ]   |      \u2501\u2501\u2501\u2501\u2501\u2501\u2501\u2501\u2501\u2501\u2501\u2501\u2501\u2501\u2501\u2501\u2501\u2501\u2501\u2501\u2501\u2501\u2501\u2501\u2501\u2501\u2501\u2501\u2501\u2501\u2501\u2501\u2501\u2501\u2501\u2501\u2501\u2501\u2501\u2501 1.5/1.5 MB 32.8 MB/s eta 0:00:00\n[3e4dfc60-55cf-40ac-9fe0-5183791faa40/test_windows ]   |   Installing build dependencies: started\n[3e4dfc60-55cf-40ac-9fe0-5183791faa40/test_windows ]   |   Installing build dependencies: finished with status 'done'\n[3e4dfc60-55cf-40ac-9fe0-5183791faa40/test_windows ]   |   Getting requirements to build wheel: started\n[3e4dfc60-55cf-40ac-9fe0-5183791faa40/test_windows ]   |   Getting requirements to build wheel: finished with status 'done'\n[3e4dfc60-55cf-40ac-9fe0-5183791faa40/test_windows ]   |   Preparing metadata (pyproject.toml): started\n[3e4dfc60-55cf-40ac-9fe0-5183791faa40/test_windows ]   |   Preparing metadata (pyproject.toml): finished with status 'error'\n[3e4dfc60-55cf-40ac-9fe0-5183791faa40/test_windows ]   |   error: subprocess-exited-with-error\n[3e4dfc60-55cf-40ac-9fe0-5183791faa40/test_windows ]   |   \n[3e4dfc60-55cf-40ac-9fe0-5183791faa40/test_windows ]   |   \u00d7 Preparing metadata (pyproject.toml) did not run successfully.\n[3e4dfc60-55cf-40ac-9fe0-5183791faa40/test_windows ]   |   \u2502 exit code: 1\n[3e4dfc60-55cf-40ac-9fe0-5183791faa40/test_windows ]   |   \u2570\u2500> [21 lines of output]\n[3e4dfc60-55cf-40ac-9fe0-5183791faa40/test_windows ]   |       <string>:4: DeprecationWarning: pkg_resources is deprecated as an API. See https://setuptools.pypa.io/en/latest/pkg_resources.html\n[3e4dfc60-55cf-40ac-9fe0-5183791faa40/test_windows ]   |       Partial import of lap during the build process.\n[3e4dfc60-55cf-40ac-9fe0-5183791faa40/test_windows ]   |       Traceback (most recent call last):\n[3e4dfc60-55cf-40ac-9fe0-5183791faa40/test_windows ]   |         File \"<string>\", line 127, in get_numpy_status\n[3e4dfc60-55cf-40ac-9fe0-5183791faa40/test_windows ]   |       ModuleNotFoundError: No module named 'numpy'\n[3e4dfc60-55cf-40ac-9fe0-5183791faa40/test_windows ]   |       Traceback (most recent call last):\n[3e4dfc60-55cf-40ac-9fe0-5183791faa40/test_windows ]   |         File \"/home/runneradmin/.local/lib/python3.8/site-packages/pip/_vendor/pyproject_hooks/_in_process/_in_process.py\", line 353, in <module>\n[3e4dfc60-55cf-40ac-9fe0-5183791faa40/test_windows ]   |           main()\n[3e4dfc60-55cf-40ac-9fe0-5183791faa40/test_windows ]   |         File \"/home/runneradmin/.local/lib/python3.8/site-packages/pip/_vendor/pyproject_hooks/_in_process/_in_process.py\", line 335, in main\n[3e4dfc60-55cf-40ac-9fe0-5183791faa40/test_windows ]   |           json_out['return_val'] = hook(**hook_input['kwargs'])\n[3e4dfc60-55cf-40ac-9fe0-5183791faa40/test_windows ]   |         File \"/home/runneradmin/.local/lib/python3.8/site-packages/pip/_vendor/pyproject_hooks/_in_process/_in_process.py\", line 149, in prepare_metadata_for_build_wheel\n[3e4dfc60-55cf-40ac-9fe0-5183791faa40/test_windows ]   |           return hook(metadata_directory, config_settings)\n[3e4dfc60-55cf-40ac-9fe0-5183791faa40/test_windows ]   |         File \"/tmp/pip-build-env-4ksw4dn_/overlay/lib/python3.8/site-packages/setuptools/build_meta.py\", line 380, in prepare_metadata_for_build_wheel\n[3e4dfc60-55cf-40ac-9fe0-5183791faa40/test_windows ]   |           self.run_setup()\n[3e4dfc60-55cf-40ac-9fe0-5183791faa40/test_windows ]   |         File \"/tmp/pip-build-env-4ksw4dn_/overlay/lib/python3.8/site-packages/setuptools/build_meta.py\", line 487, in run_setup\n[3e4dfc60-55cf-40ac-9fe0-5183791faa40/test_windows ]   |           super(_BuildMetaLegacyBackend,\n[3e4dfc60-55cf-40ac-9fe0-5183791faa40/test_windows ]   |         File \"/tmp/pip-build-env-4ksw4dn_/overlay/lib/python3.8/site-packages/setuptools/build_meta.py\", line 338, in run_setup\n[3e4dfc60-55cf-40ac-9fe0-5183791faa40/test_windows ]   |           exec(code, locals())\n[3e4dfc60-55cf-40ac-9fe0-5183791faa40/test_windows ]   |         File \"<string>\", line 236, in <module>\n[3e4dfc60-55cf-40ac-9fe0-5183791faa40/test_windows ]   |         File \"<string>\", line 220, in setup_package\n[3e4dfc60-55cf-40ac-9fe0-5183791faa40/test_windows ]   |       ImportError: lap requires numpy, please \"pip install numpy\".\n[3e4dfc60-55cf-40ac-9fe0-5183791faa40/test_windows ]   |       [end of output]\n[3e4dfc60-55cf-40ac-9fe0-5183791faa40/test_windows ]   |   \n[3e4dfc60-55cf-40ac-9fe0-5183791faa40/test_windows ]   |   note: This error originates from a subprocess, and is likely not a problem with pip.\n[3e4dfc60-55cf-40ac-9fe0-5183791faa40/test_windows ]   | error: metadata-generation-failed\n[3e4dfc60-55cf-40ac-9fe0-5183791faa40/test_windows ]   | \n[3e4dfc60-55cf-40ac-9fe0-5183791faa40/test_windows ]   | \u00d7 Encountered error while generating package metadata.\n[3e4dfc60-55cf-40ac-9fe0-5183791faa40/test_windows ]   | \u2570\u2500> See above for output.\n[3e4dfc60-55cf-40ac-9fe0-5183791faa40/test_windows ]   | \n[3e4dfc60-55cf-40ac-9fe0-5183791faa40/test_windows ]   | note: This is an issue with the package mentioned above, not pip.\n[3e4dfc60-55cf-40ac-9fe0-5183791faa40/test_windows ]   | hint: See above for details.\n[3e4dfc60-55cf-40ac-9fe0-5183791faa40/test_windows ]   \u274c  Failure - Main Install unittest dependencies\n[3e4dfc60-55cf-40ac-9fe0-5183791faa40/test_windows ] exitcode '1': failure\n[3e4dfc60-55cf-40ac-9fe0-5183791faa40/build_cpu    ]   | Obtaining file:///tmp/ad9c0f7e-1596-11ee-8a50-bb14de238602/open-mmlab-mmtracking\n[3e4dfc60-55cf-40ac-9fe0-5183791faa40/build_cpu    ]   | Requirement already satisfied: attributee in /opt/hostedtoolcache/Python/3.7.11/x64/lib/python3.7/site-packages (from mmtrack==0.14.0) (0.1.8)\n[3e4dfc60-55cf-40ac-9fe0-5183791faa40/build_cpu    ]   | Requirement already satisfied: dotty_dict in /opt/hostedtoolcache/Python/3.7.11/x64/lib/python3.7/site-packages (from mmtrack==0.14.0) (1.3.1)\n[3e4dfc60-55cf-40ac-9fe0-5183791faa40/build_cpu    ]   | Requirement already satisfied: einops in /opt/hostedtoolcache/Python/3.7.11/x64/lib/python3.7/site-packages (from mmtrack==0.14.0) (0.6.1)\n[3e4dfc60-55cf-40ac-9fe0-5183791faa40/build_cpu    ]   | Requirement already satisfied: lap in /opt/hostedtoolcache/Python/3.7.11/x64/lib/python3.7/site-packages (from mmtrack==0.14.0) (0.4.0)\n[3e4dfc60-55cf-40ac-9fe0-5183791faa40/build_cpu    ]   | Requirement already satisfied: matplotlib in /opt/hostedtoolcache/Python/3.7.11/x64/lib/python3.7/site-packages (from mmtrack==0.14.0) (3.5.3)\n[3e4dfc60-55cf-40ac-9fe0-5183791faa40/build_cpu    ]   | Requirement already satisfied: mmcls<1.0.0,>=0.16.0 in /opt/hostedtoolcache/Python/3.7.11/x64/lib/python3.7/site-packages (from mmtrack==0.14.0) (0.25.0)\n[3e4dfc60-55cf-40ac-9fe0-5183791faa40/build_cpu    ]   | Requirement already satisfied: motmetrics in /opt/hostedtoolcache/Python/3.7.11/x64/lib/python3.7/site-packages (from mmtrack==0.14.0) (1.4.0)\n[3e4dfc60-55cf-40ac-9fe0-5183791faa40/build_cpu    ]   | Requirement already satisfied: packaging in /opt/hostedtoolcache/Python/3.7.11/x64/lib/python3.7/site-packages (from mmtrack==0.14.0) (23.1)\n[3e4dfc60-55cf-40ac-9fe0-5183791faa40/build_cpu    ]   | Requirement already satisfied: pandas<=1.3.5 in /opt/hostedtoolcache/Python/3.7.11/x64/lib/python3.7/site-packages (from mmtrack==0.14.0) (1.3.5)\n[3e4dfc60-55cf-40ac-9fe0-5183791faa40/build_cpu    ]   | Requirement already satisfied: pycocotools in /opt/hostedtoolcache/Python/3.7.11/x64/lib/python3.7/site-packages (from mmtrack==0.14.0) (2.0.6)\n[3e4dfc60-55cf-40ac-9fe0-5183791faa40/build_cpu    ]   | Requirement already satisfied: scipy<=1.7.3 in /opt/hostedtoolcache/Python/3.7.11/x64/lib/python3.7/site-packages (from mmtrack==0.14.0) (1.7.3)\n[3e4dfc60-55cf-40ac-9fe0-5183791faa40/build_cpu    ]   | Requirement already satisfied: seaborn in /opt/hostedtoolcache/Python/3.7.11/x64/lib/python3.7/site-packages (from mmtrack==0.14.0) (0.12.2)\n[3e4dfc60-55cf-40ac-9fe0-5183791faa40/build_cpu    ]   | Requirement already satisfied: terminaltables in /opt/hostedtoolcache/Python/3.7.11/x64/lib/python3.7/site-packages (from mmtrack==0.14.0) (3.1.10)\n[3e4dfc60-55cf-40ac-9fe0-5183791faa40/build_cpu    ]   | Requirement already satisfied: tqdm in /opt/hostedtoolcache/Python/3.7.11/x64/lib/python3.7/site-packages (from mmtrack==0.14.0) (4.65.0)\n[3e4dfc60-55cf-40ac-9fe0-5183791faa40/build_cpu    ]   | Requirement already satisfied: numpy in /opt/hostedtoolcache/Python/3.7.11/x64/lib/python3.7/site-packages (from mmcls<1.0.0,>=0.16.0->mmtrack==0.14.0) (1.21.6)\n[3e4dfc60-55cf-40ac-9fe0-5183791faa40/build_cpu    ]   | Requirement already satisfied: kiwisolver>=1.0.1 in /opt/hostedtoolcache/Python/3.7.11/x64/lib/python3.7/site-packages (from matplotlib->mmtrack==0.14.0) (1.4.4)\n[3e4dfc60-55cf-40ac-9fe0-5183791faa40/build_cpu    ]   | Requirement already satisfied: python-dateutil>=2.7 in /opt/hostedtoolcache/Python/3.7.11/x64/lib/python3.7/site-packages (from matplotlib->mmtrack==0.14.0) (2.8.2)\n[3e4dfc60-55cf-40ac-9fe0-5183791faa40/build_cpu    ]   | Requirement already satisfied: pillow>=6.2.0 in /opt/hostedtoolcache/Python/3.7.11/x64/lib/python3.7/site-packages (from matplotlib->mmtrack==0.14.0) (9.5.0)\n[3e4dfc60-55cf-40ac-9fe0-5183791faa40/build_cpu    ]   | Requirement already satisfied: fonttools>=4.22.0 in /opt/hostedtoolcache/Python/3.7.11/x64/lib/python3.7/site-packages (from matplotlib->mmtrack==0.14.0) (4.38.0)\n[3e4dfc60-55cf-40ac-9fe0-5183791faa40/build_cpu    ]   | Requirement already satisfied: cycler>=0.10 in /opt/hostedtoolcache/Python/3.7.11/x64/lib/python3.7/site-packages (from matplotlib->mmtrack==0.14.0) (0.11.0)\n[3e4dfc60-55cf-40ac-9fe0-5183791faa40/build_cpu    ]   | Requirement already satisfied: pyparsing>=2.2.1 in /opt/hostedtoolcache/Python/3.7.11/x64/lib/python3.7/site-packages (from matplotlib->mmtrack==0.14.0) (3.1.0)\n[3e4dfc60-55cf-40ac-9fe0-5183791faa40/build_cpu    ]   | Requirement already satisfied: typing-extensions in /opt/hostedtoolcache/Python/3.7.11/x64/lib/python3.7/site-packages (from kiwisolver>=1.0.1->matplotlib->mmtrack==0.14.0) (4.6.3)\n[3e4dfc60-55cf-40ac-9fe0-5183791faa40/build_cpu    ]   | Requirement already satisfied: pytz>=2017.3 in /opt/hostedtoolcache/Python/3.7.11/x64/lib/python3.7/site-packages (from pandas<=1.3.5->mmtrack==0.14.0) (2023.3)\n[3e4dfc60-55cf-40ac-9fe0-5183791faa40/build_cpu    ]   | Requirement already satisfied: six>=1.5 in /opt/hostedtoolcache/Python/3.7.11/x64/lib/python3.7/site-packages (from python-dateutil>=2.7->matplotlib->mmtrack==0.14.0) (1.16.0)\n[3e4dfc60-55cf-40ac-9fe0-5183791faa40/build_cpu    ]   | Requirement already satisfied: xmltodict>=0.12.0 in /opt/hostedtoolcache/Python/3.7.11/x64/lib/python3.7/site-packages (from motmetrics->mmtrack==0.14.0) (0.13.0)\n[3e4dfc60-55cf-40ac-9fe0-5183791faa40/build_cpu    ]   | Installing collected packages: mmtrack\n[3e4dfc60-55cf-40ac-9fe0-5183791faa40/build_cpu    ]   |   Running setup.py develop for mmtrack\n[3e4dfc60-55cf-40ac-9fe0-5183791faa40/test_windows ] \ud83c\udfc1  Job failed\n[3e4dfc60-55cf-40ac-9fe0-5183791faa40/build_cpu    ]   | Successfully installed mmtrack-0.14.0\n[3e4dfc60-55cf-40ac-9fe0-5183791faa40/build_cpu    ]   | WARNING: You are using pip version 21.2.4; however, version 23.1.2 is available.\n[3e4dfc60-55cf-40ac-9fe0-5183791faa40/build_cpu    ]   | You should consider upgrading via the '/opt/hostedtoolcache/Python/3.7.11/x64/bin/python -m pip install --upgrade pip' command.\n[3e4dfc60-55cf-40ac-9fe0-5183791faa40/build_cpu    ]   \u2705  Success - Main Build and install\n[3e4dfc60-55cf-40ac-9fe0-5183791faa40/build_cpu    ] \u2b50 Run Main Run unittests and generate coverage report\n[3e4dfc60-55cf-40ac-9fe0-5183791faa40/build_cpu    ]   \ud83d\udc33  docker exec cmd=[bash --noprofile --norc -e -o pipefail /var/run/act/workflow/5] user= workdir=\n[3e4dfc60-55cf-40ac-9fe0-5183791faa40/build_cpu    ]   | ============================= test session starts ==============================\n[3e4dfc60-55cf-40ac-9fe0-5183791faa40/build_cpu    ]   | platform linux -- Python 3.7.11, pytest-7.4.0, pluggy-1.2.0\n[3e4dfc60-55cf-40ac-9fe0-5183791faa40/build_cpu    ]   | rootdir: /tmp/ad9c0f7e-1596-11ee-8a50-bb14de238602/open-mmlab-mmtracking\n[3e4dfc60-55cf-40ac-9fe0-5183791faa40/build_cpu    ]   | plugins: xdoctest-1.1.1\n[3e4dfc60-55cf-40ac-9fe0-5183791faa40/build_cpu    ]   | collected 7 items / 44 errors\n[3e4dfc60-55cf-40ac-9fe0-5183791faa40/build_cpu    ]   | \n[3e4dfc60-55cf-40ac-9fe0-5183791faa40/build_cpu    ]   | ==================================== ERRORS ====================================\n[3e4dfc60-55cf-40ac-9fe0-5183791faa40/build_cpu    ]   | ____________________ ERROR collecting tests/test_version.py ____________________\n[3e4dfc60-55cf-40ac-9fe0-5183791faa40/build_cpu    ]   | ImportError while importing test module '/tmp/ad9c0f7e-1596-11ee-8a50-bb14de238602/open-mmlab-mmtracking/tests/test_version.py'.\n[3e4dfc60-55cf-40ac-9fe0-5183791faa40/build_cpu    ]   | Hint: make sure your test modules/packages have valid Python names.\n[3e4dfc60-55cf-40ac-9fe0-5183791faa40/build_cpu    ]   | Traceback:\n[3e4dfc60-55cf-40ac-9fe0-5183791faa40/build_cpu    ]   | /opt/hostedtoolcache/Python/3.7.11/x64/lib/python3.7/importlib/__init__.py:127: in import_module\n[3e4dfc60-55cf-40ac-9fe0-5183791faa40/build_cpu    ]   |     return _bootstrap._gcd_import(name[level:], package, level)\n[3e4dfc60-55cf-40ac-9fe0-5183791faa40/build_cpu    ]   | tests/test_version.py:2: in <module>\n[3e4dfc60-55cf-40ac-9fe0-5183791faa40/build_cpu    ]   |     from mmtrack import digit_version\n[3e4dfc60-55cf-40ac-9fe0-5183791faa40/build_cpu    ]   | mmtrack/__init__.py:5: in <module>\n[3e4dfc60-55cf-40ac-9fe0-5183791faa40/build_cpu    ]   |     import mmdet\n[3e4dfc60-55cf-40ac-9fe0-5183791faa40/build_cpu    ]   | /opt/hostedtoolcache/Python/3.7.11/x64/lib/python3.7/site-packages/mmdet/__init__.py:3: in <module>\n[3e4dfc60-55cf-40ac-9fe0-5183791faa40/build_cpu    ]   |     import mmengine\n[3e4dfc60-55cf-40ac-9fe0-5183791faa40/build_cpu    ]   | E   ModuleNotFoundError: No module named 'mmengine'\n[3e4dfc60-55cf-40ac-9fe0-5183791faa40/build_cpu    ]   | ______ ERROR collecting tests/test_core/test_bbox/test_bbox_transforms.py ______\n[3e4dfc60-55cf-40ac-9fe0-5183791faa40/build_cpu    ]   | ImportError while importing test module '/tmp/ad9c0f7e-1596-11ee-8a50-bb14de238602/open-mmlab-mmtracking/tests/test_core/test_bbox/test_bbox_transforms.py'.\n[3e4dfc60-55cf-40ac-9fe0-5183791faa40/build_cpu    ]   | Hint: make sure your test modules/packages have valid Python names.\n[3e4dfc60-55cf-40ac-9fe0-5183791faa40/build_cpu    ]   | Traceback:\n[3e4dfc60-55cf-40ac-9fe0-5183791faa40/build_cpu    ]   | /opt/hostedtoolcache/Python/3.7.11/x64/lib/python3.7/importlib/__init__.py:127: in import_module\n[3e4dfc60-55cf-40ac-9fe0-5183791faa40/build_cpu    ]   |     return _bootstrap._gcd_import(name[level:], package, level)\n[3e4dfc60-55cf-40ac-9fe0-5183791faa40/build_cpu    ]   | tests/test_core/test_bbox/test_bbox_transforms.py:4: in <module>\n[3e4dfc60-55cf-40ac-9fe0-5183791faa40/build_cpu    ]   |     from mmtrack.core.bbox import (bbox_cxcyah_to_xyxy, bbox_cxcywh_to_x1y1wh,\n[3e4dfc60-55cf-40ac-9fe0-5183791faa40/build_cpu    ]   | mmtrack/__init__.py:5: in <module>\n[3e4dfc60-55cf-40ac-9fe0-5183791faa40/build_cpu    ]   |     import mmdet\n[3e4dfc60-55cf-40ac-9fe0-5183791faa40/build_cpu    ]   | /opt/hostedtoolcache/Python/3.7.11/x64/lib/python3.7/site-packages/mmdet/__init__.py:3: in <module>\n[3e4dfc60-55cf-40ac-9fe0-5183791faa40/build_cpu    ]   |     import mmengine\n[3e4dfc60-55cf-40ac-9fe0-5183791faa40/build_cpu    ]   | E   ModuleNotFoundError: No module named 'mmengine'\n[3e4dfc60-55cf-40ac-9fe0-5183791faa40/build_cpu    ]   | __________ ERROR collecting tests/test_core/test_motion/test_flow.py ___________\n[3e4dfc60-55cf-40ac-9fe0-5183791faa40/build_cpu    ]   | ImportError while importing test module '/tmp/ad9c0f7e-1596-11ee-8a50-bb14de238602/open-mmlab-mmtracking/tests/test_core/test_motion/test_flow.py'.\n[3e4dfc60-55cf-40ac-9fe0-5183791faa40/build_cpu    ]   | Hint: make sure your test modules/packages have valid Python names.\n[3e4dfc60-55cf-40ac-9fe0-5183791faa40/build_cpu    ]   | Traceback:\n[3e4dfc60-55cf-40ac-9fe0-5183791faa40/build_cpu    ]   | /opt/hostedtoolcache/Python/3.7.11/x64/lib/python3.7/importlib/__init__.py:127: in import_module\n[3e4dfc60-55cf-40ac-9fe0-5183791faa40/build_cpu    ]   |     return _bootstrap._gcd_import(name[level:], package, level)\n[3e4dfc60-55cf-40ac-9fe0-5183791faa40/build_cpu    ]   | tests/test_core/test_motion/test_flow.py:5: in <module>\n[3e4dfc60-55cf-40ac-9fe0-5183791faa40/build_cpu    ]   |     from mmtrack.core import flow_warp_feats\n[3e4dfc60-55cf-40ac-9fe0-5183791faa40/build_cpu    ]   | mmtrack/__init__.py:5: in <module>\n[3e4dfc60-55cf-40ac-9fe0-5183791faa40/build_cpu    ]   |     import mmdet\n[3e4dfc60-55cf-40ac-9fe0-5183791faa40/build_cpu    ]   | /opt/hostedtoolcache/Python/3.7.11/x64/lib/python3.7/site-packages/mmdet/__init__.py:3: in <module>\n[3e4dfc60-55cf-40ac-9fe0-5183791faa40/build_cpu    ]   |     import mmengine\n[3e4dfc60-55cf-40ac-9fe0-5183791faa40/build_cpu    ]   | E   ModuleNotFoundError: No module named 'mmengine'\n[3e4dfc60-55cf-40ac-9fe0-5183791faa40/build_cpu    ]   | ________ ERROR collecting tests/test_core/test_track/test_transforms.py ________\n[3e4dfc60-55cf-40ac-9fe0-5183791faa40/build_cpu    ]   | ImportError while importing test module '/tmp/ad9c0f7e-1596-11ee-8a50-bb14de238602/open-mmlab-mmtracking/tests/test_core/test_track/test_transforms.py'.\n[3e4dfc60-55cf-40ac-9fe0-5183791faa40/build_cpu    ]   | Hint: make sure your test modules/packages have valid Python names.\n[3e4dfc60-55cf-40ac-9fe0-5183791faa40/build_cpu    ]   | Traceback:\n[3e4dfc60-55cf-40ac-9fe0-5183791faa40/build_cpu    ]   | /opt/hostedtoolcache/Python/3.7.11/x64/lib/python3.7/importlib/__init__.py:127: in import_module\n[3e4dfc60-55cf-40ac-9fe0-5183791faa40/build_cpu    ]   |     return _bootstrap._gcd_import(name[level:], package, level)\n[3e4dfc60-55cf-40ac-9fe0-5183791faa40/build_cpu    ]   | tests/test_core/test_track/test_transforms.py:4: in <module>\n[3e4dfc60-55cf-40ac-9fe0-5183791faa40/build_cpu    ]   |     from mmdet.core.bbox.demodata import random_boxes\n[3e4dfc60-55cf-40ac-9fe0-5183791faa40/build_cpu    ]   | /opt/hostedtoolcache/Python/3.7.11/x64/lib/python3.7/site-packages/mmdet/__init__.py:3: in <module>\n[3e4dfc60-55cf-40ac-9fe0-5183791faa40/build_cpu    ]   |     import mmengine\n[3e4dfc60-55cf-40ac-9fe0-5183791faa40/build_cpu    ]   | E   ModuleNotFoundError: No module named 'mmengine'\n[3e4dfc60-55cf-40ac-9fe0-5183791faa40/build_cpu    ]   | ______ ERROR collecting tests/test_core/test_utils/test_visualization.py _______\n[3e4dfc60-55cf-40ac-9fe0-5183791faa40/build_cpu    ]   | ImportError while importing test module '/tmp/ad9c0f7e-1596-11ee-8a50-bb14de238602/open-mmlab-mmtracking/tests/test_core/test_utils/test_visualization.py'.\n[3e4dfc60-55cf-40ac-9fe0-5183791faa40/build_cpu    ]   | Hint: make sure your test modules/packages have valid Python names.\n[3e4dfc60-55cf-40ac-9fe0-5183791faa40/build_cpu    ]   | Traceback:\n[3e4dfc60-55cf-40ac-9fe0-5183791faa40/build_cpu    ]   | /opt/hostedtoolcache/Python/3.7.11/x64/lib/python3.7/importlib/__init__.py:127: in import_module\n[3e4dfc60-55cf-40ac-9fe0-5183791faa40/build_cpu    ]   |     return _bootstrap._gcd_import(name[level:], package, level)\n[3e4dfc60-55cf-40ac-9fe0-5183791faa40/build_cpu    ]   | tests/test_core/test_utils/test_visualization.py:9: in <module>\n[3e4dfc60-55cf-40ac-9fe0-5183791faa40/build_cpu    ]   |     from mmtrack.core.utils import visualization as vis\n[3e4dfc60-55cf-40ac-9fe0-5183791faa40/build_cpu    ]   | mmtrack/__init__.py:5: in <module>\n[3e4dfc60-55cf-40ac-9fe0-5183791faa40/build_cpu    ]   |     import mmdet\n[3e4dfc60-55cf-40ac-9fe0-5183791faa40/build_cpu    ]   | /opt/hostedtoolcache/Python/3.7.11/x64/lib/python3.7/site-packages/mmdet/__init__.py:3: in <module>\n[3e4dfc60-55cf-40ac-9fe0-5183791faa40/build_cpu    ]   |     import mmengine\n[3e4dfc60-55cf-40ac-9fe0-5183791faa40/build_cpu    ]   | E   ModuleNotFoundError: No module named 'mmengine'\n[3e4dfc60-55cf-40ac-9fe0-5183791faa40/build_cpu    ]   | __ ERROR collecting tests/test_data/test_datasets/test_coco_video_dataset.py ___\n[3e4dfc60-55cf-40ac-9fe0-5183791faa40/build_cpu    ]   | ImportError while importing test module '/tmp/ad9c0f7e-1596-11ee-8a50-bb14de238602/open-mmlab-mmtracking/tests/test_data/test_datasets/test_coco_video_dataset.py'.\n[3e4dfc60-55cf-40ac-9fe0-5183791faa40/build_cpu    ]   | Hint: make sure your test modules/packages have valid Python names.\n[3e4dfc60-55cf-40ac-9fe0-5183791faa40/build_cpu    ]   | Traceback:\n[3e4dfc60-55cf-40ac-9fe0-5183791faa40/build_cpu    ]   | /opt/hostedtoolcache/Python/3.7.11/x64/lib/python3.7/importlib/__init__.py:127: in import_module\n[3e4dfc60-55cf-40ac-9fe0-5183791faa40/build_cpu    ]   |     return _bootstrap._gcd_import(name[level:], package, level)\n[3e4dfc60-55cf-40ac-9fe0-5183791faa40/build_cpu    ]   | tests/test_data/test_datasets/test_coco_video_dataset.py:6: in <module>\n[3e4dfc60-55cf-40ac-9fe0-5183791faa40/build_cpu    ]   |     from mmtrack.datasets import DATASETS as DATASETS\n[3e4dfc60-55cf-40ac-9fe0-5183791faa40/build_cpu    ]   | mmtrack/__init__.py:5: in <module>\n[3e4dfc60-55cf-40ac-9fe0-5183791faa40/build_cpu    ]   |     import mmdet\n[3e4dfc60-55cf-40ac-9fe0-5183791faa40/build_cpu    ]   | /opt/hostedtoolcache/Python/3.7.11/x64/lib/python3.7/site-packages/mmdet/__init__.py:3: in <module>\n[3e4dfc60-55cf-40ac-9fe0-5183791faa40/build_cpu    ]   |     import mmengine\n[3e4dfc60-55cf-40ac-9fe0-5183791faa40/build_cpu    ]   | E   ModuleNotFoundError: No module named 'mmengine'\n[3e4dfc60-55cf-40ac-9fe0-5183791faa40/build_cpu    ]   | ________ ERROR collecting tests/test_data/test_datasets/test_common.py _________\n[3e4dfc60-55cf-40ac-9fe0-5183791faa40/build_cpu    ]   | ImportError while importing test module '/tmp/ad9c0f7e-1596-11ee-8a50-bb14de238602/open-mmlab-mmtracking/tests/test_data/test_datasets/test_common.py'.\n[3e4dfc60-55cf-40ac-9fe0-5183791faa40/build_cpu    ]   | Hint: make sure your test modules/packages have valid Python names.\n[3e4dfc60-55cf-40ac-9fe0-5183791faa40/build_cpu    ]   | Traceback:\n[3e4dfc60-55cf-40ac-9fe0-5183791faa40/build_cpu    ]   | /opt/hostedtoolcache/Python/3.7.11/x64/lib/python3.7/importlib/__init__.py:127: in import_module\n[3e4dfc60-55cf-40ac-9fe0-5183791faa40/build_cpu    ]   |     return _bootstrap._gcd_import(name[level:], package, level)\n[3e4dfc60-55cf-40ac-9fe0-5183791faa40/build_cpu    ]   | tests/test_data/test_datasets/test_common.py:12: in <module>\n[3e4dfc60-55cf-40ac-9fe0-5183791faa40/build_cpu    ]   |     from mmtrack.core.evaluation import DistEvalHook, EvalHook\n[3e4dfc60-55cf-40ac-9fe0-5183791faa40/build_cpu    ]   | mmtrack/__init__.py:5: in <module>\n[3e4dfc60-55cf-40ac-9fe0-5183791faa40/build_cpu    ]   |     import mmdet\n[3e4dfc60-55cf-40ac-9fe0-5183791faa40/build_cpu    ]   | /opt/hostedtoolcache/Python/3.7.11/x64/lib/python3.7/site-packages/mmdet/__init__.py:3: in <module>\n[3e4dfc60-55cf-40ac-9fe0-5183791faa40/build_cpu    ]   |     import mmengine\n[3e4dfc60-55cf-40ac-9fe0-5183791faa40/build_cpu    ]   | E   ModuleNotFoundError: No module named 'mmengine'\n[3e4dfc60-55cf-40ac-9fe0-5183791faa40/build_cpu    ]   | ____ ERROR collecting tests/test_data/test_datasets/test_dataset_wrapers.py ____\n[3e4dfc60-55cf-40ac-9fe0-5183791faa40/build_cpu    ]   | ImportError while importing test module '/tmp/ad9c0f7e-1596-11ee-8a50-bb14de238602/open-mmlab-mmtracking/tests/test_data/test_datasets/test_dataset_wrapers.py'.\n[3e4dfc60-55cf-40ac-9fe0-5183791faa40/build_cpu    ]   | Hint: make sure your test modules/packages have valid Python names.\n[3e4dfc60-55cf-40ac-9fe0-5183791faa40/build_cpu    ]   | Traceback:\n[3e4dfc60-55cf-40ac-9fe0-5183791faa40/build_cpu    ]   | /opt/hostedtoolcache/Python/3.7.11/x64/lib/python3.7/importlib/__init__.py:127: in import_module\n[3e4dfc60-55cf-40ac-9fe0-5183791faa40/build_cpu    ]   |     return _bootstrap._gcd_import(name[level:], package, level)\n[3e4dfc60-55cf-40ac-9fe0-5183791faa40/build_cpu    ]   | tests/test_data/test_datasets/test_dataset_wrapers.py:4: in <module>\n[3e4dfc60-55cf-40ac-9fe0-5183791faa40/build_cpu    ]   |     from mmtrack.datasets import build_dataset\n[3e4dfc60-55cf-40ac-9fe0-5183791faa40/build_cpu    ]   | mmtrack/__init__.py:5: in <module>\n[3e4dfc60-55cf-40ac-9fe0-5183791faa40/build_cpu    ]   |     import mmdet\n[3e4dfc60-55cf-40ac-9fe0-5183791faa40/build_cpu    ]   | /opt/hostedtoolcache/Python/3.7.11/x64/lib/python3.7/site-packages/mmdet/__init__.py:3: in <module>\n[3e4dfc60-55cf-40ac-9fe0-5183791faa40/build_cpu    ]   |     import mmengine\n[3e4dfc60-55cf-40ac-9fe0-5183791faa40/build_cpu    ]   | E   ModuleNotFoundError: No module named 'mmengine'\n[3e4dfc60-55cf-40ac-9fe0-5183791faa40/build_cpu    ]   | _ ERROR collecting tests/test_data/test_datasets/test_mot_challenge_dataset.py _\n[3e4dfc60-55cf-40ac-9fe0-5183791faa40/build_cpu    ]   | ImportError while importing test module '/tmp/ad9c0f7e-1596-11ee-8a50-bb14de238602/open-mmlab-mmtracking/tests/test_data/test_datasets/test_mot_challenge_dataset.py'.\n[3e4dfc60-55cf-40ac-9fe0-5183791faa40/build_cpu    ]   | Hint: make sure your test modules/packages have valid Python names.\n[3e4dfc60-55cf-40ac-9fe0-5183791faa40/build_cpu    ]   | Traceback:\n[3e4dfc60-55cf-40ac-9fe0-5183791faa40/build_cpu    ]   | /opt/hostedtoolcache/Python/3.7.11/x64/lib/python3.7/importlib/__init__.py:127: in import_module\n[3e4dfc60-55cf-40ac-9fe0-5183791faa40/build_cpu    ]   |     return _bootstrap._gcd_import(name[level:], package, level)\n[3e4dfc60-55cf-40ac-9fe0-5183791faa40/build_cpu    ]   | tests/test_data/test_datasets/test_mot_challenge_dataset.py:11: in <module>\n[3e4dfc60-55cf-40ac-9fe0-5183791faa40/build_cpu    ]   |     from mmtrack.datasets import DATASETS as DATASETS\n[3e4dfc60-55cf-40ac-9fe0-5183791faa40/build_cpu    ]   | mmtrack/__init__.py:5: in <module>\n[3e4dfc60-55cf-40ac-9fe0-5183791faa40/build_cpu    ]   |     import mmdet\n[3e4dfc60-55cf-40ac-9fe0-5183791faa40/build_cpu    ]   | /opt/hostedtoolcache/Python/3.7.11/x64/lib/python3.7/site-packages/mmdet/__init__.py:3: in <module>\n[3e4dfc60-55cf-40ac-9fe0-5183791faa40/build_cpu    ]   |     import mmengine\n[3e4dfc60-55cf-40ac-9fe0-5183791faa40/build_cpu    ]   | E   ModuleNotFoundError: No module named 'mmengine'\n[3e4dfc60-55cf-40ac-9fe0-5183791faa40/build_cpu    ]   | _____ ERROR collecting tests/test_data/test_datasets/test_reid_dataset.py ______\n[3e4dfc60-55cf-40ac-9fe0-5183791faa40/build_cpu    ]   | ImportError while importing test module '/tmp/ad9c0f7e-1596-11ee-8a50-bb14de238602/open-mmlab-mmtracking/tests/test_data/test_datasets/test_reid_dataset.py'.\n[3e4dfc60-55cf-40ac-9fe0-5183791faa40/build_cpu    ]   | Hint: make sure your test modules/packages have valid Python names.\n[3e4dfc60-55cf-40ac-9fe0-5183791faa40/build_cpu    ]   | Traceback:\n[3e4dfc60-55cf-40ac-9fe0-5183791faa40/build_cpu    ]   | /opt/hostedtoolcache/Python/3.7.11/x64/lib/python3.7/importlib/__init__.py:127: in import_module\n[3e4dfc60-55cf-40ac-9fe0-5183791faa40/build_cpu    ]   |     return _bootstrap._gcd_import(name[level:], package, level)\n[3e4dfc60-55cf-40ac-9fe0-5183791faa40/build_cpu    ]   | tests/test_data/test_datasets/test_reid_dataset.py:7: in <module>\n[3e4dfc60-55cf-40ac-9fe0-5183791faa40/build_cpu    ]   |     from mmtrack.datasets import DATASETS as DATASETS\n[3e4dfc60-55cf-40ac-9fe0-5183791faa40/build_cpu    ]   | mmtrack/__init__.py:5: in <module>\n[3e4dfc60-55cf-40ac-9fe0-5183791faa40/build_cpu    ]   |     import mmdet\n[3e4dfc60-55cf-40ac-9fe0-5183791faa40/build_cpu    ]   | /opt/hostedtoolcache/Python/3.7.11/x64/lib/python3.7/site-packages/mmdet/__init__.py:3: in <module>\n[3e4dfc60-55cf-40ac-9fe0-5183791faa40/build_cpu    ]   |     import mmengine\n[3e4dfc60-55cf-40ac-9fe0-5183791faa40/build_cpu    ]   | E   ModuleNotFoundError: No module named 'mmengine'\n[3e4dfc60-55cf-40ac-9fe0-5183791faa40/build_cpu    ]   | ______ ERROR collecting tests/test_data/test_datasets/test_sot_dataset.py ______\n[3e4dfc60-55cf-40ac-9fe0-5183791faa40/build_cpu    ]   | ImportError while importing test module '/tmp/ad9c0f7e-1596-11ee-8a50-bb14de238602/open-mmlab-mmtracking/tests/test_data/test_datasets/test_sot_dataset.py'.\n[3e4dfc60-55cf-40ac-9fe0-5183791faa40/build_cpu    ]   | Hint: make sure your test modules/packages have valid Python names.\n[3e4dfc60-55cf-40ac-9fe0-5183791faa40/build_cpu    ]   | Traceback:\n[3e4dfc60-55cf-40ac-9fe0-5183791faa40/build_cpu    ]   | /opt/hostedtoolcache/Python/3.7.11/x64/lib/python3.7/importlib/__init__.py:127: in import_module\n[3e4dfc60-55cf-40ac-9fe0-5183791faa40/build_cpu    ]   |     return _bootstrap._gcd_import(name[level:], package, level)\n[3e4dfc60-55cf-40ac-9fe0-5183791faa40/build_cpu    ]   | tests/test_data/test_datasets/test_sot_dataset.py:10: in <module>\n[3e4dfc60-55cf-40ac-9fe0-5183791faa40/build_cpu    ]   |     from mmtrack.datasets import DATASETS as DATASETS\n[3e4dfc60-55cf-40ac-9fe0-5183791faa40/build_cpu    ]   | mmtrack/__init__.py:5: in <module>\n[3e4dfc60-55cf-40ac-9fe0-5183791faa40/build_cpu    ]   |     import mmdet\n[3e4dfc60-55cf-40ac-9fe0-5183791faa40/build_cpu    ]   | /opt/hostedtoolcache/Python/3.7.11/x64/lib/python3.7/site-packages/mmdet/__init__.py:3: in <module>\n[3e4dfc60-55cf-40ac-9fe0-5183791faa40/build_cpu    ]   |     import mmengine\n[3e4dfc60-55cf-40ac-9fe0-5183791faa40/build_cpu    ]   | E   ModuleNotFoundError: No module named 'mmengine'\n[3e4dfc60-55cf-40ac-9fe0-5183791faa40/build_cpu    ]   | ___ ERROR collecting tests/test_data/test_datasets/test_sot_train_dataset.py ___\n[3e4dfc60-55cf-40ac-9fe0-5183791faa40/build_cpu    ]   | ImportError while importing test module '/tmp/ad9c0f7e-1596-11ee-8a50-bb14de238602/open-mmlab-mmtracking/tests/test_data/test_datasets/test_sot_train_dataset.py'.\n[3e4dfc60-55cf-40ac-9fe0-5183791faa40/build_cpu    ]   | Hint: make sure your test modules/packages have valid Python names.\n[3e4dfc60-55cf-40ac-9fe0-5183791faa40/build_cpu    ]   | Traceback:\n[3e4dfc60-55cf-40ac-9fe0-5183791faa40/build_cpu    ]   | /opt/hostedtoolcache/Python/3.7.11/x64/lib/python3.7/importlib/__init__.py:127: in import_module\n[3e4dfc60-55cf-40ac-9fe0-5183791faa40/build_cpu    ]   |     return _bootstrap._gcd_import(name[level:], package, level)\n[3e4dfc60-55cf-40ac-9fe0-5183791faa40/build_cpu    ]   | tests/test_data/test_datasets/test_sot_train_dataset.py:6: in <module>\n[3e4dfc60-55cf-40ac-9fe0-5183791faa40/build_cpu    ]   |     from mmtrack.datasets import DATASETS as DATASETS\n[3e4dfc60-55cf-40ac-9fe0-5183791faa40/build_cpu    ]   | mmtrack/__init__.py:5: in <module>\n[3e4dfc60-55cf-40ac-9fe0-5183791faa40/build_cpu    ]   |     import mmdet\n[3e4dfc60-55cf-40ac-9fe0-5183791faa40/build_cpu    ]   | /opt/hostedtoolcache/Python/3.7.11/x64/lib/python3.7/site-packages/mmdet/__init__.py:3: in <module>\n[3e4dfc60-55cf-40ac-9fe0-5183791faa40/build_cpu    ]   |     import mmengine\n[3e4dfc60-55cf-40ac-9fe0-5183791faa40/build_cpu    ]   | E   ModuleNotFoundError: No module named 'mmengine'\n[3e4dfc60-55cf-40ac-9fe0-5183791faa40/build_cpu    ]   | ______ ERROR collecting tests/test_data/test_datasets/test_tao_dataset.py ______\n[3e4dfc60-55cf-40ac-9fe0-5183791faa40/build_cpu    ]   | ImportError while importing test module '/tmp/ad9c0f7e-1596-11ee-8a50-bb14de238602/open-mmlab-mmtracking/tests/test_data/test_datasets/test_tao_dataset.py'.\n[3e4dfc60-55cf-40ac-9fe0-5183791faa40/build_cpu    ]   | Hint: make sure your test modules/packages have valid Python names.\n[3e4dfc60-55cf-40ac-9fe0-5183791faa40/build_cpu    ]   | Traceback:\n[3e4dfc60-55cf-40ac-9fe0-5183791faa40/build_cpu    ]   | /opt/hostedtoolcache/Python/3.7.11/x64/lib/python3.7/importlib/__init__.py:127: in import_module\n[3e4dfc60-55cf-40ac-9fe0-5183791faa40/build_cpu    ]   |     return _bootstrap._gcd_import(name[level:], package, level)\n[3e4dfc60-55cf-40ac-9fe0-5183791faa40/build_cpu    ]   | tests/test_data/test_datasets/test_tao_dataset.py:4: in <module>\n[3e4dfc60-55cf-40ac-9fe0-5183791faa40/build_cpu    ]   |     from mmtrack.datasets import DATASETS as DATASETS\n[3e4dfc60-55cf-40ac-9fe0-5183791faa40/build_cpu    ]   | mmtrack/__init__.py:5: in <module>\n[3e4dfc60-55cf-40ac-9fe0-5183791faa40/build_cpu    ]   |     import mmdet\n[3e4dfc60-55cf-40ac-9fe0-5183791faa40/build_cpu    ]   | /opt/hostedtoolcache/Python/3.7.11/x64/lib/python3.7/site-packages/mmdet/__init__.py:3: in <module>\n[3e4dfc60-55cf-40ac-9fe0-5183791faa40/build_cpu    ]   |     import mmengine\n[3e4dfc60-55cf-40ac-9fe0-5183791faa40/build_cpu    ]   | E   ModuleNotFoundError: No module named 'mmengine'\n[3e4dfc60-55cf-40ac-9fe0-5183791faa40/build_cpu    ]   | ______ ERROR collecting tests/test_data/test_datasets/test_vis_dataset.py ______\n[3e4dfc60-55cf-40ac-9fe0-5183791faa40/build_cpu    ]   | ImportError while importing test module '/tmp/ad9c0f7e-1596-11ee-8a50-bb14de238602/open-mmlab-mmtracking/tests/test_data/test_datasets/test_vis_dataset.py'.\n[3e4dfc60-55cf-40ac-9fe0-5183791faa40/build_cpu    ]   | Hint: make sure your test modules/packages have valid Python names.\n[3e4dfc60-55cf-40ac-9fe0-5183791faa40/build_cpu    ]   | Traceback:\n[3e4dfc60-55cf-40ac-9fe0-5183791faa40/build_cpu    ]   | /opt/hostedtoolcache/Python/3.7.11/x64/lib/python3.7/importlib/__init__.py:127: in import_module\n[3e4dfc60-55cf-40ac-9fe0-5183791faa40/build_cpu    ]   |     return _bootstrap._gcd_import(name[level:], package, level)\n[3e4dfc60-55cf-40ac-9fe0-5183791faa40/build_cpu    ]   | tests/test_data/test_datasets/test_vis_dataset.py:8: in <module>\n[3e4dfc60-55cf-40ac-9fe0-5183791faa40/build_cpu    ]   |     from mmtrack.datasets import DATASETS as DATASETS\n[3e4dfc60-55cf-40ac-9fe0-5183791faa40/build_cpu    ]   | mmtrack/__init__.py:5: in <module>\n[3e4dfc60-55cf-40ac-9fe0-5183791faa40/build_cpu    ]   |     import mmdet\n[3e4dfc60-55cf-40ac-9fe0-5183791faa40/build_cpu    ]   | /opt/hostedtoolcache/Python/3.7.11/x64/lib/python3.7/site-packages/mmdet/__init__.py:3: in <module>\n[3e4dfc60-55cf-40ac-9fe0-5183791faa40/build_cpu    ]   |     import mmengine\n[3e4dfc60-55cf-40ac-9fe0-5183791faa40/build_cpu    ]   | E   ModuleNotFoundError: No module named 'mmengine'\n[3e4dfc60-55cf-40ac-9fe0-5183791faa40/build_cpu    ]   | ______ ERROR collecting tests/test_data/test_pipelines/test_formatting.py ______\n[3e4dfc60-55cf-40ac-9fe0-5183791faa40/build_cpu    ]   | ImportError while importing test module '/tmp/ad9c0f7e-1596-11ee-8a50-bb14de238602/open-mmlab-mmtracking/tests/test_data/test_pipelines/test_formatting.py'.\n[3e4dfc60-55cf-40ac-9fe0-5183791faa40/build_cpu    ]   | Hint: make sure your test modules/packages have valid Python names.\n[3e4dfc60-55cf-40ac-9fe0-5183791faa40/build_cpu    ]   | Traceback:\n[3e4dfc60-55cf-40ac-9fe0-5183791faa40/build_cpu    ]   | /opt/hostedtoolcache/Python/3.7.11/x64/lib/python3.7/importlib/__init__.py:127: in import_module\n[3e4dfc60-55cf-40ac-9fe0-5183791faa40/build_cpu    ]   |     return _bootstrap._gcd_import(name[level:], package, level)\n[3e4dfc60-55cf-40ac-9fe0-5183791faa40/build_cpu    ]   | tests/test_data/test_pipelines/test_formatting.py:9: in <module>\n[3e4dfc60-55cf-40ac-9fe0-5183791faa40/build_cpu    ]   |     from mmtrack.datasets import PIPELINES\n[3e4dfc60-55cf-40ac-9fe0-5183791faa40/build_cpu    ]   | mmtrack/__init__.py:5: in <module>\n[3e4dfc60-55cf-40ac-9fe0-5183791faa40/build_cpu    ]   |     import mmdet\n[3e4dfc60-55cf-40ac-9fe0-5183791faa40/build_cpu    ]   | /opt/hostedtoolcache/Python/3.7.11/x64/lib/python3.7/site-packages/mmdet/__init__.py:3: in <module>\n[3e4dfc60-55cf-40ac-9fe0-5183791faa40/build_cpu    ]   |     import mmengine\n[3e4dfc60-55cf-40ac-9fe0-5183791faa40/build_cpu    ]   | E   ModuleNotFoundError: No module named 'mmengine'\n[3e4dfc60-55cf-40ac-9fe0-5183791faa40/build_cpu    ]   | _______ ERROR collecting tests/test_data/test_pipelines/test_loading.py ________\n[3e4dfc60-55cf-40ac-9fe0-5183791faa40/build_cpu    ]   | ImportError while importing test module '/tmp/ad9c0f7e-1596-11ee-8a50-bb14de238602/open-mmlab-mmtracking/tests/test_data/test_pipelines/test_loading.py'.\n[3e4dfc60-55cf-40ac-9fe0-5183791faa40/build_cpu    ]   | Hint: make sure your test modules/packages have valid Python names.\n[3e4dfc60-55cf-40ac-9fe0-5183791faa40/build_cpu    ]   | Traceback:\n[3e4dfc60-55cf-40ac-9fe0-5183791faa40/build_cpu    ]   | /opt/hostedtoolcache/Python/3.7.11/x64/lib/python3.7/importlib/__init__.py:127: in import_module\n[3e4dfc60-55cf-40ac-9fe0-5183791faa40/build_cpu    ]   |     return _bootstrap._gcd_import(name[level:], package, level)\n[3e4dfc60-55cf-40ac-9fe0-5183791faa40/build_cpu    ]   | tests/test_data/test_pipelines/test_loading.py:7: in <module>\n[3e4dfc60-55cf-40ac-9fe0-5183791faa40/build_cpu    ]   |     from mmtrack.datasets import PIPELINES\n[3e4dfc60-55cf-40ac-9fe0-5183791faa40/build_cpu    ]   | mmtrack/__init__.py:5: in <module>\n[3e4dfc60-55cf-40ac-9fe0-5183791faa40/build_cpu    ]   |     import mmdet\n[3e4dfc60-55cf-40ac-9fe0-5183791faa40/build_cpu    ]   | /opt/hostedtoolcache/Python/3.7.11/x64/lib/python3.7/site-packages/mmdet/__init__.py:3: in <module>\n[3e4dfc60-55cf-40ac-9fe0-5183791faa40/build_cpu    ]   |     import mmengine\n[3e4dfc60-55cf-40ac-9fe0-5183791faa40/build_cpu    ]   | E   ModuleNotFoundError: No module named 'mmengine'\n[3e4dfc60-55cf-40ac-9fe0-5183791faa40/build_cpu    ]   | ______ ERROR collecting tests/test_data/test_pipelines/test_processing.py ______\n[3e4dfc60-55cf-40ac-9fe0-5183791faa40/build_cpu    ]   | ImportError while importing test module '/tmp/ad9c0f7e-1596-11ee-8a50-bb14de238602/open-mmlab-mmtracking/tests/test_data/test_pipelines/test_processing.py'.\n[3e4dfc60-55cf-40ac-9fe0-5183791faa40/build_cpu    ]   | Hint: make sure your test modules/packages have valid Python names.\n[3e4dfc60-55cf-40ac-9fe0-5183791faa40/build_cpu    ]   | Traceback:\n[3e4dfc60-55cf-40ac-9fe0-5183791faa40/build_cpu    ]   | /opt/hostedtoolcache/Python/3.7.11/x64/lib/python3.7/importlib/__init__.py:127: in import_module\n[3e4dfc60-55cf-40ac-9fe0-5183791faa40/build_cpu    ]   |     return _bootstrap._gcd_import(name[level:], package, level)\n[3e4dfc60-55cf-40ac-9fe0-5183791faa40/build_cpu    ]   | tests/test_data/test_pipelines/test_processing.py:5: in <module>\n[3e4dfc60-55cf-40ac-9fe0-5183791faa40/build_cpu    ]   |     from mmtrack.datasets import PIPELINES\n[3e4dfc60-55cf-40ac-9fe0-5183791faa40/build_cpu    ]   | mmtrack/__init__.py:5: in <module>\n[3e4dfc60-55cf-40ac-9fe0-5183791faa40/build_cpu    ]   |     import mmdet\n[3e4dfc60-55cf-40ac-9fe0-5183791faa40/build_cpu    ]   | /opt/hostedtoolcache/Python/3.7.11/x64/lib/python3.7/site-packages/mmdet/__init__.py:3: in <module>\n[3e4dfc60-55cf-40ac-9fe0-5183791faa40/build_cpu    ]   |     import mmengine\n[3e4dfc60-55cf-40ac-9fe0-5183791faa40/build_cpu    ]   | E   ModuleNotFoundError: No module named 'mmengine'\n[3e4dfc60-55cf-40ac-9fe0-5183791faa40/build_cpu    ]   | ______ ERROR collecting tests/test_data/test_pipelines/test_transform.py _______\n[3e4dfc60-55cf-40ac-9fe0-5183791faa40/build_cpu    ]   | ImportError while importing test module '/tmp/ad9c0f7e-1596-11ee-8a50-bb14de238602/open-mmlab-mmtracking/tests/test_data/test_pipelines/test_transform.py'.\n[3e4dfc60-55cf-40ac-9fe0-5183791faa40/build_cpu    ]   | Hint: make sure your test modules/packages have valid Python names.\n[3e4dfc60-55cf-40ac-9fe0-5183791faa40/build_cpu    ]   | Traceback:\n[3e4dfc60-55cf-40ac-9fe0-5183791faa40/build_cpu    ]   | /opt/hostedtoolcache/Python/3.7.11/x64/lib/python3.7/importlib/__init__.py:127: in import_module\n[3e4dfc60-55cf-40ac-9fe0-5183791faa40/build_cpu    ]   |     return _bootstrap._gcd_import(name[level:], package, level)\n[3e4dfc60-55cf-40ac-9fe0-5183791faa40/build_cpu    ]   | tests/test_data/test_pipelines/test_transform.py:8: in <module>\n[3e4dfc60-55cf-40ac-9fe0-5183791faa40/build_cpu    ]   |     from mmdet.core.bbox.demodata import random_boxes\n[3e4dfc60-55cf-40ac-9fe0-5183791faa40/build_cpu    ]   | /opt/hostedtoolcache/Python/3.7.11/x64/lib/python3.7/site-packages/mmdet/__init__.py:3: in <module>\n[3e4dfc60-55cf-40ac-9fe0-5183791faa40/build_cpu    ]   |     import mmengine\n[3e4dfc60-55cf-40ac-9fe0-5183791faa40/build_cpu    ]   | E   ModuleNotFoundError: No module named 'mmengine'\n[3e4dfc60-55cf-40ac-9fe0-5183791faa40/build_cpu    ]   | _ ERROR collecting tests/test_models/test_aggregators/test_embed_aggregator.py _\n[3e4dfc60-55cf-40ac-9fe0-5183791faa40/build_cpu    ]   | ImportError while importing test module '/tmp/ad9c0f7e-1596-11ee-8a50-bb14de238602/open-mmlab-mmtracking/tests/test_models/test_aggregators/test_embed_aggregator.py'.\n[3e4dfc60-55cf-40ac-9fe0-5183791faa40/build_cpu    ]   | Hint: make sure your test modules/packages have valid Python names.\n[3e4dfc60-55cf-40ac-9fe0-5183791faa40/build_cpu    ]   | Traceback:\n[3e4dfc60-55cf-40ac-9fe0-5183791faa40/build_cpu    ]   | /opt/hostedtoolcache/Python/3.7.11/x64/lib/python3.7/importlib/__init__.py:127: in import_module\n[3e4dfc60-55cf-40ac-9fe0-5183791faa40/build_cpu    ]   |     return _bootstrap._gcd_import(name[level:], package, level)\n[3e4dfc60-55cf-40ac-9fe0-5183791faa40/build_cpu    ]   | tests/test_models/test_aggregators/test_embed_aggregator.py:5: in <module>\n[3e4dfc60-55cf-40ac-9fe0-5183791faa40/build_cpu    ]   |     from mmtrack.models.aggregators import EmbedAggregator\n[3e4dfc60-55cf-40ac-9fe0-5183791faa40/build_cpu    ]   | mmtrack/__init__.py:5: in <module>\n[3e4dfc60-55cf-40ac-9fe0-5183791faa40/build_cpu    ]   |     import mmdet\n[3e4dfc60-55cf-40ac-9fe0-5183791faa40/build_cpu    ]   | /opt/hostedtoolcache/Python/3.7.11/x64/lib/python3.7/site-packages/mmdet/__init__.py:3: in <module>\n[3e4dfc60-55cf-40ac-9fe0-5183791faa40/build_cpu    ]   |     import mmengine\n[3e4dfc60-55cf-40ac-9fe0-5183791faa40/build_cpu    ]   | E   ModuleNotFoundError: No module named 'mmengine'\n[3e4dfc60-55cf-40ac-9fe0-5183791faa40/build_cpu    ]   | _ ERROR collecting tests/test_models/test_aggregators/test_selsa_aggregator.py _\n[3e4dfc60-55cf-40ac-9fe0-5183791faa40/build_cpu    ]   | ImportError while importing test module '/tmp/ad9c0f7e-1596-11ee-8a50-bb14de238602/open-mmlab-mmtracking/tests/test_models/test_aggregators/test_selsa_aggregator.py'.\n[3e4dfc60-55cf-40ac-9fe0-5183791faa40/build_cpu    ]   | Hint: make sure your test modules/packages have valid Python names.\n[3e4dfc60-55cf-40ac-9fe0-5183791faa40/build_cpu    ]   | Traceback:\n[3e4dfc60-55cf-40ac-9fe0-5183791faa40/build_cpu    ]   | /opt/hostedtoolcache/Python/3.7.11/x64/lib/python3.7/importlib/__init__.py:127: in import_module\n[3e4dfc60-55cf-40ac-9fe0-5183791faa40/build_cpu    ]   |     return _bootstrap._gcd_import(name[level:], package, level)\n[3e4dfc60-55cf-40ac-9fe0-5183791faa40/build_cpu    ]   | tests/test_models/test_aggregators/test_selsa_aggregator.py:4: in <module>\n[3e4dfc60-55cf-40ac-9fe0-5183791faa40/build_cpu    ]   |     from mmtrack.models.aggregators import SelsaAggregator\n[3e4dfc60-55cf-40ac-9fe0-5183791faa40/build_cpu    ]   | mmtrack/__init__.py:5: in <module>\n[3e4dfc60-55cf-40ac-9fe0-5183791faa40/build_cpu    ]   |     import mmdet\n[3e4dfc60-55cf-40ac-9fe0-5183791faa40/build_cpu    ]   | /opt/hostedtoolcache/Python/3.7.11/x64/lib/python3.7/site-packages/mmdet/__init__.py:3: in <module>\n[3e4dfc60-55cf-40ac-9fe0-5183791faa40/build_cpu    ]   |     import mmengine\n[3e4dfc60-55cf-40ac-9fe0-5183791faa40/build_cpu    ]   | E   ModuleNotFoundError: No module named 'mmengine'\n[3e4dfc60-55cf-40ac-9fe0-5183791faa40/build_cpu    ]   | _ ERROR collecting tests/test_models/test_backones/test_mixformer_backbone.py __\n[3e4dfc60-55cf-40ac-9fe0-5183791faa40/build_cpu    ]   | ImportError while importing test module '/tmp/ad9c0f7e-1596-11ee-8a50-bb14de238602/open-mmlab-mmtracking/tests/test_models/test_backones/test_mixformer_backbone.py'.\n[3e4dfc60-55cf-40ac-9fe0-5183791faa40/build_cpu    ]   | Hint: make sure your test modules/packages have valid Python names.\n[3e4dfc60-55cf-40ac-9fe0-5183791faa40/build_cpu    ]   | Traceback:\n[3e4dfc60-55cf-40ac-9fe0-5183791faa40/build_cpu    ]   | /opt/hostedtoolcache/Python/3.7.11/x64/lib/python3.7/importlib/__init__.py:127: in import_module\n[3e4dfc60-55cf-40ac-9fe0-5183791faa40/build_cpu    ]   |     return _bootstrap._gcd_import(name[level:], package, level)\n[3e4dfc60-55cf-40ac-9fe0-5183791faa40/build_cpu    ]   | tests/test_models/test_backones/test_mixformer_backbone.py:4: in <module>\n[3e4dfc60-55cf-40ac-9fe0-5183791faa40/build_cpu    ]   |     from mmtrack.models.backbones import ConvVisionTransformer\n[3e4dfc60-55cf-40ac-9fe0-5183791faa40/build_cpu    ]   | mmtrack/__init__.py:5: in <module>\n[3e4dfc60-55cf-40ac-9fe0-5183791faa40/build_cpu    ]   |     import mmdet\n[3e4dfc60-55cf-40ac-9fe0-5183791faa40/build_cpu    ]   | /opt/hostedtoolcache/Python/3.7.11/x64/lib/python3.7/site-packages/mmdet/__init__.py:3: in <module>\n[3e4dfc60-55cf-40ac-9fe0-5183791faa40/build_cpu    ]   |     import mmengine\n[3e4dfc60-55cf-40ac-9fe0-5183791faa40/build_cpu    ]   | E   ModuleNotFoundError: No module named 'mmengine'\n[3e4dfc60-55cf-40ac-9fe0-5183791faa40/build_cpu    ]   | _____ ERROR collecting tests/test_models/test_backones/test_sot_resnet.py ______\n[3e4dfc60-55cf-40ac-9fe0-5183791faa40/build_cpu    ]   | ImportError while importing test module '/tmp/ad9c0f7e-1596-11ee-8a50-bb14de238602/open-mmlab-mmtracking/tests/test_models/test_backones/test_sot_resnet.py'.\n[3e4dfc60-55cf-40ac-9fe0-5183791faa40/build_cpu    ]   | Hint: make sure your test modules/packages have valid Python names.\n[3e4dfc60-55cf-40ac-9fe0-5183791faa40/build_cpu    ]   | Traceback:\n[3e4dfc60-55cf-40ac-9fe0-5183791faa40/build_cpu    ]   | /opt/hostedtoolcache/Python/3.7.11/x64/lib/python3.7/importlib/__init__.py:127: in import_module\n[3e4dfc60-55cf-40ac-9fe0-5183791faa40/build_cpu    ]   |     return _bootstrap._gcd_import(name[level:], package, level)\n[3e4dfc60-55cf-40ac-9fe0-5183791faa40/build_cpu    ]   | tests/test_models/test_backones/test_sot_resnet.py:5: in <module>\n[3e4dfc60-55cf-40ac-9fe0-5183791faa40/build_cpu    ]   |     from mmtrack.models.backbones import SOTResNet\n[3e4dfc60-55cf-40ac-9fe0-5183791faa40/build_cpu    ]   | mmtrack/__init__.py:5: in <module>\n[3e4dfc60-55cf-40ac-9fe0-5183791faa40/build_cpu    ]   |     import mmdet\n[3e4dfc60-55cf-40ac-9fe0-5183791faa40/build_cpu    ]   | /opt/hostedtoolcache/Python/3.7.11/x64/lib/python3.7/site-packages/mmdet/__init__.py:3: in <module>\n[3e4dfc60-55cf-40ac-9fe0-5183791faa40/build_cpu    ]   |     import mmengine\n[3e4dfc60-55cf-40ac-9fe0-5183791faa40/build_cpu    ]   | E   ModuleNotFoundError: No module named 'mmengine'\n[3e4dfc60-55cf-40ac-9fe0-5183791faa40/build_cpu    ]   | _____ ERROR collecting tests/test_models/test_forward/test_mot_forward.py ______\n[3e4dfc60-55cf-40ac-9fe0-5183791faa40/build_cpu    ]   | ImportError while importing test module '/tmp/ad9c0f7e-1596-11ee-8a50-bb14de238602/open-mmlab-mmtracking/tests/test_models/test_forward/test_mot_forward.py'.\n[3e4dfc60-55cf-40ac-9fe0-5183791faa40/build_cpu    ]   | Hint: make sure your test modules/packages have valid Python names.\n[3e4dfc60-55cf-40ac-9fe0-5183791faa40/build_cpu    ]   | Traceback:\n[3e4dfc60-55cf-40ac-9fe0-5183791faa40/build_cpu    ]   | /opt/hostedtoolcache/Python/3.7.11/x64/lib/python3.7/importlib/__init__.py:127: in import_module\n[3e4dfc60-55cf-40ac-9fe0-5183791faa40/build_cpu    ]   |     return _bootstrap._gcd_import(name[level:], package, level)\n[3e4dfc60-55cf-40ac-9fe0-5183791faa40/build_cpu    ]   | tests/test_models/test_forward/test_mot_forward.py:8: in <module>\n[3e4dfc60-55cf-40ac-9fe0-5183791faa40/build_cpu    ]   |     from mmtrack.datasets.pipelines.processing import MatchInstances\n[3e4dfc60-55cf-40ac-9fe0-5183791faa40/build_cpu    ]   | mmtrack/__init__.py:5: in <module>\n[3e4dfc60-55cf-40ac-9fe0-5183791faa40/build_cpu    ]   |     import mmdet\n[3e4dfc60-55cf-40ac-9fe0-5183791faa40/build_cpu    ]   | /opt/hostedtoolcache/Python/3.7.11/x64/lib/python3.7/site-packages/mmdet/__init__.py:3: in <module>\n[3e4dfc60-55cf-40ac-9fe0-5183791faa40/build_cpu    ]   |     import mmengine\n[3e4dfc60-55cf-40ac-9fe0-5183791faa40/build_cpu    ]   | E   ModuleNotFoundError: No module named 'mmengine'\n[3e4dfc60-55cf-40ac-9fe0-5183791faa40/build_cpu    ]   | _____ ERROR collecting tests/test_models/test_forward/test_sot_forward.py ______\n[3e4dfc60-55cf-40ac-9fe0-5183791faa40/build_cpu    ]   | ImportError while importing test module '/tmp/ad9c0f7e-1596-11ee-8a50-bb14de238602/open-mmlab-mmtracking/tests/test_models/test_forward/test_sot_forward.py'.\n[3e4dfc60-55cf-40ac-9fe0-5183791faa40/build_cpu    ]   | Hint: make sure your test modules/packages have valid Python names.\n[3e4dfc60-55cf-40ac-9fe0-5183791faa40/build_cpu    ]   | Traceback:\n[3e4dfc60-55cf-40ac-9fe0-5183791faa40/build_cpu    ]   | /opt/hostedtoolcache/Python/3.7.11/x64/lib/python3.7/importlib/__init__.py:127: in import_module\n[3e4dfc60-55cf-40ac-9fe0-5183791faa40/build_cpu    ]   |     return _bootstrap._gcd_import(name[level:], package, level)\n[3e4dfc60-55cf-40ac-9fe0-5183791faa40/build_cpu    ]   | tests/test_models/test_forward/test_sot_forward.py:8: in <module>\n[3e4dfc60-55cf-40ac-9fe0-5183791faa40/build_cpu    ]   |     from mmtrack.models import build_model\n[3e4dfc60-55cf-40ac-9fe0-5183791faa40/build_cpu    ]   | mmtrack/__init__.py:5: in <module>\n[3e4dfc60-55cf-40ac-9fe0-5183791faa40/build_cpu    ]   |     import mmdet\n[3e4dfc60-55cf-40ac-9fe0-5183791faa40/build_cpu    ]   | /opt/hostedtoolcache/Python/3.7.11/x64/lib/python3.7/site-packages/mmdet/__init__.py:3: in <module>\n[3e4dfc60-55cf-40ac-9fe0-5183791faa40/build_cpu    ]   |     import mmengine\n[3e4dfc60-55cf-40ac-9fe0-5183791faa40/build_cpu    ]   | E   ModuleNotFoundError: No module named 'mmengine'\n[3e4dfc60-55cf-40ac-9fe0-5183791faa40/build_cpu    ]   | _ ERROR collecting tests/test_models/test_losses/test_multi_pos_cross_entropy_loss.py _\n[3e4dfc60-55cf-40ac-9fe0-5183791faa40/build_cpu    ]   | ImportError while importing test module '/tmp/ad9c0f7e-1596-11ee-8a50-bb14de238602/open-mmlab-mmtracking/tests/test_models/test_losses/test_multi_pos_cross_entropy_loss.py'.\n[3e4dfc60-55cf-40ac-9fe0-5183791faa40/build_cpu    ]   | Hint: make sure your test modules/packages have valid Python names.\n[3e4dfc60-55cf-40ac-9fe0-5183791faa40/build_cpu    ]   | Traceback:\n[3e4dfc60-55cf-40ac-9fe0-5183791faa40/build_cpu    ]   | /opt/hostedtoolcache/Python/3.7.11/x64/lib/python3.7/importlib/__init__.py:127: in import_module\n[3e4dfc60-55cf-40ac-9fe0-5183791faa40/build_cpu    ]   |     return _bootstrap._gcd_import(name[level:], package, level)\n[3e4dfc60-55cf-40ac-9fe0-5183791faa40/build_cpu    ]   | tests/test_models/test_losses/test_multi_pos_cross_entropy_loss.py:4: in <module>\n[3e4dfc60-55cf-40ac-9fe0-5183791faa40/build_cpu    ]   |     from mmtrack.models import MultiPosCrossEntropyLoss\n[3e4dfc60-55cf-40ac-9fe0-5183791faa40/build_cpu    ]   | mmtrack/__init__.py:5: in <module>\n[3e4dfc60-55cf-40ac-9fe0-5183791faa40/build_cpu    ]   |     import mmdet\n[3e4dfc60-55cf-40ac-9fe0-5183791faa40/build_cpu    ]   | /opt/hostedtoolcache/Python/3.7.11/x64/lib/python3.7/site-packages/mmdet/__init__.py:3: in <module>\n[3e4dfc60-55cf-40ac-9fe0-5183791faa40/build_cpu    ]   |     import mmengine\n[3e4dfc60-55cf-40ac-9fe0-5183791faa40/build_cpu    ]   | E   ModuleNotFoundError: No module named 'mmengine'\n[3e4dfc60-55cf-40ac-9fe0-5183791faa40/build_cpu    ]   | _____ ERROR collecting tests/test_models/test_losses/test_triplet_loss.py ______\n[3e4dfc60-55cf-40ac-9fe0-5183791faa40/build_cpu    ]   | ImportError while importing test module '/tmp/ad9c0f7e-1596-11ee-8a50-bb14de238602/open-mmlab-mmtracking/tests/test_models/test_losses/test_triplet_loss.py'.\n[3e4dfc60-55cf-40ac-9fe0-5183791faa40/build_cpu    ]   | Hint: make sure your test modules/packages have valid Python names.\n[3e4dfc60-55cf-40ac-9fe0-5183791faa40/build_cpu    ]   | Traceback:\n[3e4dfc60-55cf-40ac-9fe0-5183791faa40/build_cpu    ]   | /opt/hostedtoolcache/Python/3.7.11/x64/lib/python3.7/importlib/__init__.py:127: in import_module\n[3e4dfc60-55cf-40ac-9fe0-5183791faa40/build_cpu    ]   |     return _bootstrap._gcd_import(name[level:], package, level)\n[3e4dfc60-55cf-40ac-9fe0-5183791faa40/build_cpu    ]   | tests/test_models/test_losses/test_triplet_loss.py:4: in <module>\n[3e4dfc60-55cf-40ac-9fe0-5183791faa40/build_cpu    ]   |     from mmtrack.models import TripletLoss\n[3e4dfc60-55cf-40ac-9fe0-5183791faa40/build_cpu    ]   | mmtrack/__init__.py:5: in <module>\n[3e4dfc60-55cf-40ac-9fe0-5183791faa40/build_cpu    ]   |     import mmdet\n[3e4dfc60-55cf-40ac-9fe0-5183791faa40/build_cpu    ]   | /opt/hostedtoolcache/Python/3.7.11/x64/lib/python3.7/site-packages/mmdet/__init__.py:3: in <module>\n[3e4dfc60-55cf-40ac-9fe0-5183791faa40/build_cpu    ]   |     import mmengine\n[3e4dfc60-55cf-40ac-9fe0-5183791faa40/build_cpu    ]   | E   ModuleNotFoundError: No module named 'mmengine'\n[3e4dfc60-55cf-40ac-9fe0-5183791faa40/build_cpu    ]   | _ ERROR collecting tests/test_models/test_motion/test_camera_motion_compensation.py _\n[3e4dfc60-55cf-40ac-9fe0-5183791faa40/build_cpu    ]   | ImportError while importing test module '/tmp/ad9c0f7e-1596-11ee-8a50-bb14de238602/open-mmlab-mmtracking/tests/test_models/test_motion/test_camera_motion_compensation.py'.\n[3e4dfc60-55cf-40ac-9fe0-5183791faa40/build_cpu    ]   | Hint: make sure your test modules/packages have valid Python names.\n[3e4dfc60-55cf-40ac-9fe0-5183791faa40/build_cpu    ]   | Traceback:\n[3e4dfc60-55cf-40ac-9fe0-5183791faa40/build_cpu    ]   | /opt/hostedtoolcache/Python/3.7.11/x64/lib/python3.7/importlib/__init__.py:127: in import_module\n[3e4dfc60-55cf-40ac-9fe0-5183791faa40/build_cpu    ]   |     return _bootstrap._gcd_import(name[level:], package, level)\n[3e4dfc60-55cf-40ac-9fe0-5183791faa40/build_cpu    ]   | tests/test_models/test_motion/test_camera_motion_compensation.py:4: in <module>\n[3e4dfc60-55cf-40ac-9fe0-5183791faa40/build_cpu    ]   |     from mmdet.core.bbox.demodata import random_boxes\n[3e4dfc60-55cf-40ac-9fe0-5183791faa40/build_cpu    ]   | /opt/hostedtoolcache/Python/3.7.11/x64/lib/python3.7/site-packages/mmdet/__init__.py:3: in <module>\n[3e4dfc60-55cf-40ac-9fe0-5183791faa40/build_cpu    ]   |     import mmengine\n[3e4dfc60-55cf-40ac-9fe0-5183791faa40/build_cpu    ]   | E   ModuleNotFoundError: No module named 'mmengine'\n[3e4dfc60-55cf-40ac-9fe0-5183791faa40/build_cpu    ]   | ____ ERROR collecting tests/test_models/test_motion/test_flownet_simple.py _____\n[3e4dfc60-55cf-40ac-9fe0-5183791faa40/build_cpu    ]   | ImportError while importing test module '/tmp/ad9c0f7e-1596-11ee-8a50-bb14de238602/open-mmlab-mmtracking/tests/test_models/test_motion/test_flownet_simple.py'.\n[3e4dfc60-55cf-40ac-9fe0-5183791faa40/build_cpu    ]   | Hint: make sure your test modules/packages have valid Python names.\n[3e4dfc60-55cf-40ac-9fe0-5183791faa40/build_cpu    ]   | Traceback:\n[3e4dfc60-55cf-40ac-9fe0-5183791faa40/build_cpu    ]   | /opt/hostedtoolcache/Python/3.7.11/x64/lib/python3.7/importlib/__init__.py:127: in import_module\n[3e4dfc60-55cf-40ac-9fe0-5183791faa40/build_cpu    ]   |     return _bootstrap._gcd_import(name[level:], package, level)\n[3e4dfc60-55cf-40ac-9fe0-5183791faa40/build_cpu    ]   | tests/test_models/test_motion/test_flownet_simple.py:4: in <module>\n[3e4dfc60-55cf-40ac-9fe0-5183791faa40/build_cpu    ]   |     from mmtrack.models.motion import FlowNetSimple\n[3e4dfc60-55cf-40ac-9fe0-5183791faa40/build_cpu    ]   | mmtrack/__init__.py:5: in <module>\n[3e4dfc60-55cf-40ac-9fe0-5183791faa40/build_cpu    ]   |     import mmdet\n[3e4dfc60-55cf-40ac-9fe0-5183791faa40/build_cpu    ]   | /opt/hostedtoolcache/Python/3.7.11/x64/lib/python3.7/site-packages/mmdet/__init__.py:3: in <module>\n[3e4dfc60-55cf-40ac-9fe0-5183791faa40/build_cpu    ]   |     import mmengine\n[3e4dfc60-55cf-40ac-9fe0-5183791faa40/build_cpu    ]   | E   ModuleNotFoundError: No module named 'mmengine'\n[3e4dfc60-55cf-40ac-9fe0-5183791faa40/build_cpu    ]   | _____ ERROR collecting tests/test_models/test_motion/test_linear_motion.py _____\n[3e4dfc60-55cf-40ac-9fe0-5183791faa40/build_cpu    ]   | ImportError while importing test module '/tmp/ad9c0f7e-1596-11ee-8a50-bb14de238602/open-mmlab-mmtracking/tests/test_models/test_motion/test_linear_motion.py'.\n[3e4dfc60-55cf-40ac-9fe0-5183791faa40/build_cpu    ]   | Hint: make sure your test modules/packages have valid Python names.\n[3e4dfc60-55cf-40ac-9fe0-5183791faa40/build_cpu    ]   | Traceback:\n[3e4dfc60-55cf-40ac-9fe0-5183791faa40/build_cpu    ]   | /opt/hostedtoolcache/Python/3.7.11/x64/lib/python3.7/importlib/__init__.py:127: in import_module\n[3e4dfc60-55cf-40ac-9fe0-5183791faa40/build_cpu    ]   |     return _bootstrap._gcd_import(name[level:], package, level)\n[3e4dfc60-55cf-40ac-9fe0-5183791faa40/build_cpu    ]   | tests/test_models/test_motion/test_linear_motion.py:4: in <module>\n[3e4dfc60-55cf-40ac-9fe0-5183791faa40/build_cpu    ]   |     from mmtrack.models.motion import LinearMotion\n[3e4dfc60-55cf-40ac-9fe0-5183791faa40/build_cpu    ]   | mmtrack/__init__.py:5: in <module>\n[3e4dfc60-55cf-40ac-9fe0-5183791faa40/build_cpu    ]   |     import mmdet\n[3e4dfc60-55cf-40ac-9fe0-5183791faa40/build_cpu    ]   | /opt/hostedtoolcache/Python/3.7.11/x64/lib/python3.7/site-packages/mmdet/__init__.py:3: in <module>\n[3e4dfc60-55cf-40ac-9fe0-5183791faa40/build_cpu    ]   |     import mmengine\n[3e4dfc60-55cf-40ac-9fe0-5183791faa40/build_cpu    ]   | E   ModuleNotFoundError: No module named 'mmengine'\n[3e4dfc60-55cf-40ac-9fe0-5183791faa40/build_cpu    ]   | ________ ERROR collecting tests/test_models/test_reid/test_base_reid.py ________\n[3e4dfc60-55cf-40ac-9fe0-5183791faa40/build_cpu    ]   | ImportError while importing test module '/tmp/ad9c0f7e-1596-11ee-8a50-bb14de238602/open-mmlab-mmtracking/tests/test_models/test_reid/test_base_reid.py'.\n[3e4dfc60-55cf-40ac-9fe0-5183791faa40/build_cpu    ]   | Hint: make sure your test modules/packages have valid Python names.\n[3e4dfc60-55cf-40ac-9fe0-5183791faa40/build_cpu    ]   | Traceback:\n[3e4dfc60-55cf-40ac-9fe0-5183791faa40/build_cpu    ]   | /opt/hostedtoolcache/Python/3.7.11/x64/lib/python3.7/importlib/__init__.py:127: in import_module\n[3e4dfc60-55cf-40ac-9fe0-5183791faa40/build_cpu    ]   |     return _bootstrap._gcd_import(name[level:], package, level)\n[3e4dfc60-55cf-40ac-9fe0-5183791faa40/build_cpu    ]   | tests/test_models/test_reid/test_base_reid.py:5: in <module>\n[3e4dfc60-55cf-40ac-9fe0-5183791faa40/build_cpu    ]   |     from mmtrack.models import REID\n[3e4dfc60-55cf-40ac-9fe0-5183791faa40/build_cpu    ]   | mmtrack/__init__.py:5: in <module>\n[3e4dfc60-55cf-40ac-9fe0-5183791faa40/build_cpu    ]   |     import mmdet\n[3e4dfc60-55cf-40ac-9fe0-5183791faa40/build_cpu    ]   | /opt/hostedtoolcache/Python/3.7.11/x64/lib/python3.7/site-packages/mmdet/__init__.py:3: in <module>\n[3e4dfc60-55cf-40ac-9fe0-5183791faa40/build_cpu    ]   |     import mmengine\n[3e4dfc60-55cf-40ac-9fe0-5183791faa40/build_cpu    ]   | E   ModuleNotFoundError: No module named 'mmengine'\n[3e4dfc60-55cf-40ac-9fe0-5183791faa40/build_cpu    ]   | _ ERROR collecting tests/test_models/test_roi_heads/test_bbox_heads/test_selsa_bbox_head.py _\n[3e4dfc60-55cf-40ac-9fe0-5183791faa40/build_cpu    ]   | ImportError while importing test module '/tmp/ad9c0f7e-1596-11ee-8a50-bb14de238602/open-mmlab-mmtracking/tests/test_models/test_roi_heads/test_bbox_heads/test_selsa_bbox_head.py'.\n[3e4dfc60-55cf-40ac-9fe0-5183791faa40/build_cpu    ]   | Hint: make sure your test modules/packages have valid Python names.\n[3e4dfc60-55cf-40ac-9fe0-5183791faa40/build_cpu    ]   | Traceback:\n[3e4dfc60-55cf-40ac-9fe0-5183791faa40/build_cpu    ]   | /opt/hostedtoolcache/Python/3.7.11/x64/lib/python3.7/importlib/__init__.py:127: in import_module\n[3e4dfc60-55cf-40ac-9fe0-5183791faa40/build_cpu    ]   |     return _bootstrap._gcd_import(name[level:], package, level)\n[3e4dfc60-55cf-40ac-9fe0-5183791faa40/build_cpu    ]   | tests/test_models/test_roi_heads/test_bbox_heads/test_selsa_bbox_head.py:4: in <module>\n[3e4dfc60-55cf-40ac-9fe0-5183791faa40/build_cpu    ]   |     from mmdet.core import bbox2roi, build_assigner, build_sampler\n[3e4dfc60-55cf-40ac-9fe0-5183791faa40/build_cpu    ]   | /opt/hostedtoolcache/Python/3.7.11/x64/lib/python3.7/site-packages/mmdet/__init__.py:3: in <module>\n[3e4dfc60-55cf-40ac-9fe0-5183791faa40/build_cpu    ]   |     import mmengine\n[3e4dfc60-55cf-40ac-9fe0-5183791faa40/build_cpu    ]   | E   ModuleNotFoundError: No module named 'mmengine'\n[3e4dfc60-55cf-40ac-9fe0-5183791faa40/build_cpu    ]   | _ ERROR collecting tests/test_models/test_roi_heads/test_roi_extractors/test_single_level_roi_extractor.py _\n[3e4dfc60-55cf-40ac-9fe0-5183791faa40/build_cpu    ]   | ImportError while importing test module '/tmp/ad9c0f7e-1596-11ee-8a50-bb14de238602/open-mmlab-mmtracking/tests/test_models/test_roi_heads/test_roi_extractors/test_single_level_roi_extractor.py'.\n[3e4dfc60-55cf-40ac-9fe0-5183791faa40/build_cpu    ]   | Hint: make sure your test modules/packages have valid Python names.\n[3e4dfc60-55cf-40ac-9fe0-5183791faa40/build_cpu    ]   | Traceback:\n[3e4dfc60-55cf-40ac-9fe0-5183791faa40/build_cpu    ]   | /opt/hostedtoolcache/Python/3.7.11/x64/lib/python3.7/importlib/__init__.py:127: in import_module\n[3e4dfc60-55cf-40ac-9fe0-5183791faa40/build_cpu    ]   |     return _bootstrap._gcd_import(name[level:], package, level)\n[3e4dfc60-55cf-40ac-9fe0-5183791faa40/build_cpu    ]   | tests/test_models/test_roi_heads/test_roi_extractors/test_single_level_roi_extractor.py:4: in <module>\n[3e4dfc60-55cf-40ac-9fe0-5183791faa40/build_cpu    ]   |     from mmtrack.models.roi_heads.roi_extractors import SingleRoIExtractor\n[3e4dfc60-55cf-40ac-9fe0-5183791faa40/build_cpu    ]   | mmtrack/__init__.py:5: in <module>\n[3e4dfc60-55cf-40ac-9fe0-5183791faa40/build_cpu    ]   |     import mmdet\n[3e4dfc60-55cf-40ac-9fe0-5183791faa40/build_cpu    ]   | /opt/hostedtoolcache/Python/3.7.11/x64/lib/python3.7/site-packages/mmdet/__init__.py:3: in <module>\n[3e4dfc60-55cf-40ac-9fe0-5183791faa40/build_cpu    ]   |     import mmengine\n[3e4dfc60-55cf-40ac-9fe0-5183791faa40/build_cpu    ]   | E   ModuleNotFoundError: No module named 'mmengine'\n[3e4dfc60-55cf-40ac-9fe0-5183791faa40/build_cpu    ]   | _ ERROR collecting tests/test_models/test_roi_heads/test_roi_extractors/test_temporal_roi_align.py _\n[3e4dfc60-55cf-40ac-9fe0-5183791faa40/build_cpu    ]   | ImportError while importing test module '/tmp/ad9c0f7e-1596-11ee-8a50-bb14de238602/open-mmlab-mmtracking/tests/test_models/test_roi_heads/test_roi_extractors/test_temporal_roi_align.py'.\n[3e4dfc60-55cf-40ac-9fe0-5183791faa40/build_cpu    ]   | Hint: make sure your test modules/packages have valid Python names.\n[3e4dfc60-55cf-40ac-9fe0-5183791faa40/build_cpu    ]   | Traceback:\n[3e4dfc60-55cf-40ac-9fe0-5183791faa40/build_cpu    ]   | /opt/hostedtoolcache/Python/3.7.11/x64/lib/python3.7/importlib/__init__.py:127: in import_module\n[3e4dfc60-55cf-40ac-9fe0-5183791faa40/build_cpu    ]   |     return _bootstrap._gcd_import(name[level:], package, level)\n[3e4dfc60-55cf-40ac-9fe0-5183791faa40/build_cpu    ]   | tests/test_models/test_roi_heads/test_roi_extractors/test_temporal_roi_align.py:4: in <module>\n[3e4dfc60-55cf-40ac-9fe0-5183791faa40/build_cpu    ]   |     from mmtrack.models.roi_heads.roi_extractors import TemporalRoIAlign\n[3e4dfc60-55cf-40ac-9fe0-5183791faa40/build_cpu    ]   | mmtrack/__init__.py:5: in <module>\n[3e4dfc60-55cf-40ac-9fe0-5183791faa40/build_cpu    ]   |     import mmdet\n[3e4dfc60-55cf-40ac-9fe0-5183791faa40/build_cpu    ]   | /opt/hostedtoolcache/Python/3.7.11/x64/lib/python3.7/site-packages/mmdet/__init__.py:3: in <module>\n[3e4dfc60-55cf-40ac-9fe0-5183791faa40/build_cpu    ]   |     import mmengine\n[3e4dfc60-55cf-40ac-9fe0-5183791faa40/build_cpu    ]   | E   ModuleNotFoundError: No module named 'mmengine'\n[3e4dfc60-55cf-40ac-9fe0-5183791faa40/build_cpu    ]   | __ ERROR collecting tests/test_models/test_track_heads/test_mixformer_head.py __\n[3e4dfc60-55cf-40ac-9fe0-5183791faa40/build_cpu    ]   | ImportError while importing test module '/tmp/ad9c0f7e-1596-11ee-8a50-bb14de238602/open-mmlab-mmtracking/tests/test_models/test_track_heads/test_mixformer_head.py'.\n[3e4dfc60-55cf-40ac-9fe0-5183791faa40/build_cpu    ]   | Hint: make sure your test modules/packages have valid Python names.\n[3e4dfc60-55cf-40ac-9fe0-5183791faa40/build_cpu    ]   | Traceback:\n[3e4dfc60-55cf-40ac-9fe0-5183791faa40/build_cpu    ]   | /opt/hostedtoolcache/Python/3.7.11/x64/lib/python3.7/importlib/__init__.py:127: in import_module\n[3e4dfc60-55cf-40ac-9fe0-5183791faa40/build_cpu    ]   |     return _bootstrap._gcd_import(name[level:], package, level)\n[3e4dfc60-55cf-40ac-9fe0-5183791faa40/build_cpu    ]   | tests/test_models/test_track_heads/test_mixformer_head.py:5: in <module>\n[3e4dfc60-55cf-40ac-9fe0-5183791faa40/build_cpu    ]   |     from mmtrack.models.track_heads.mixformer_head import (MixFormerHead,\n[3e4dfc60-55cf-40ac-9fe0-5183791faa40/build_cpu    ]   | mmtrack/__init__.py:5: in <module>\n[3e4dfc60-55cf-40ac-9fe0-5183791faa40/build_cpu    ]   |     import mmdet\n[3e4dfc60-55cf-40ac-9fe0-5183791faa40/build_cpu    ]   | /opt/hostedtoolcache/Python/3.7.11/x64/lib/python3.7/site-packages/mmdet/__init__.py:3: in <module>\n[3e4dfc60-55cf-40ac-9fe0-5183791faa40/build_cpu    ]   |     import mmengine\n[3e4dfc60-55cf-40ac-9fe0-5183791faa40/build_cpu    ]   | E   ModuleNotFoundError: No module named 'mmengine'\n[3e4dfc60-55cf-40ac-9fe0-5183791faa40/build_cpu    ]   | _ ERROR collecting tests/test_models/test_track_heads/test_quasi_dense_embed_head.py _\n[3e4dfc60-55cf-40ac-9fe0-5183791faa40/build_cpu    ]   | ImportError while importing test module '/tmp/ad9c0f7e-1596-11ee-8a50-bb14de238602/open-mmlab-mmtracking/tests/test_models/test_track_heads/test_quasi_dense_embed_head.py'.\n[3e4dfc60-55cf-40ac-9fe0-5183791faa40/build_cpu    ]   | Hint: make sure your test modules/packages have valid Python names.\n[3e4dfc60-55cf-40ac-9fe0-5183791faa40/build_cpu    ]   | Traceback:\n[3e4dfc60-55cf-40ac-9fe0-5183791faa40/build_cpu    ]   | /opt/hostedtoolcache/Python/3.7.11/x64/lib/python3.7/importlib/__init__.py:127: in import_module\n[3e4dfc60-55cf-40ac-9fe0-5183791faa40/build_cpu    ]   |     return _bootstrap._gcd_import(name[level:], package, level)\n[3e4dfc60-55cf-40ac-9fe0-5183791faa40/build_cpu    ]   | tests/test_models/test_track_heads/test_quasi_dense_embed_head.py:4: in <module>\n[3e4dfc60-55cf-40ac-9fe0-5183791faa40/build_cpu    ]   |     from mmdet.core import build_assigner, build_sampler\n[3e4dfc60-55cf-40ac-9fe0-5183791faa40/build_cpu    ]   | /opt/hostedtoolcache/Python/3.7.11/x64/lib/python3.7/site-packages/mmdet/__init__.py:3: in <module>\n[3e4dfc60-55cf-40ac-9fe0-5183791faa40/build_cpu    ]   |     import mmengine\n[3e4dfc60-55cf-40ac-9fe0-5183791faa40/build_cpu    ]   | E   ModuleNotFoundError: No module named 'mmengine'\n[3e4dfc60-55cf-40ac-9fe0-5183791faa40/build_cpu    ]   | __ ERROR collecting tests/test_models/test_track_heads/test_roi_embed_head.py __\n[3e4dfc60-55cf-40ac-9fe0-5183791faa40/build_cpu    ]   | ImportError while importing test module '/tmp/ad9c0f7e-1596-11ee-8a50-bb14de238602/open-mmlab-mmtracking/tests/test_models/test_track_heads/test_roi_embed_head.py'.\n[3e4dfc60-55cf-40ac-9fe0-5183791faa40/build_cpu    ]   | Hint: make sure your test modules/packages have valid Python names.\n[3e4dfc60-55cf-40ac-9fe0-5183791faa40/build_cpu    ]   | Traceback:\n[3e4dfc60-55cf-40ac-9fe0-5183791faa40/build_cpu    ]   | /opt/hostedtoolcache/Python/3.7.11/x64/lib/python3.7/importlib/__init__.py:127: in import_module\n[3e4dfc60-55cf-40ac-9fe0-5183791faa40/build_cpu    ]   |     return _bootstrap._gcd_import(name[level:], package, level)\n[3e4dfc60-55cf-40ac-9fe0-5183791faa40/build_cpu    ]   | tests/test_models/test_track_heads/test_roi_embed_head.py:4: in <module>\n[3e4dfc60-55cf-40ac-9fe0-5183791faa40/build_cpu    ]   |     from mmdet.core import build_assigner, build_sampler\n[3e4dfc60-55cf-40ac-9fe0-5183791faa40/build_cpu    ]   | /opt/hostedtoolcache/Python/3.7.11/x64/lib/python3.7/site-packages/mmdet/__init__.py:3: in <module>\n[3e4dfc60-55cf-40ac-9fe0-5183791faa40/build_cpu    ]   |     import mmengine\n[3e4dfc60-55cf-40ac-9fe0-5183791faa40/build_cpu    ]   | E   ModuleNotFoundError: No module named 'mmengine'\n[3e4dfc60-55cf-40ac-9fe0-5183791faa40/build_cpu    ]   | _ ERROR collecting tests/test_models/test_track_heads/test_siamese_rpn_head.py _\n[3e4dfc60-55cf-40ac-9fe0-5183791faa40/build_cpu    ]   | ImportError while importing test module '/tmp/ad9c0f7e-1596-11ee-8a50-bb14de238602/open-mmlab-mmtracking/tests/test_models/test_track_heads/test_siamese_rpn_head.py'.\n[3e4dfc60-55cf-40ac-9fe0-5183791faa40/build_cpu    ]   | Hint: make sure your test modules/packages have valid Python names.\n[3e4dfc60-55cf-40ac-9fe0-5183791faa40/build_cpu    ]   | Traceback:\n[3e4dfc60-55cf-40ac-9fe0-5183791faa40/build_cpu    ]   | /opt/hostedtoolcache/Python/3.7.11/x64/lib/python3.7/importlib/__init__.py:127: in import_module\n[3e4dfc60-55cf-40ac-9fe0-5183791faa40/build_cpu    ]   |     return _bootstrap._gcd_import(name[level:], package, level)\n[3e4dfc60-55cf-40ac-9fe0-5183791faa40/build_cpu    ]   | tests/test_models/test_track_heads/test_siamese_rpn_head.py:5: in <module>\n[3e4dfc60-55cf-40ac-9fe0-5183791faa40/build_cpu    ]   |     from mmtrack.models.track_heads import CorrelationHead, SiameseRPNHead\n[3e4dfc60-55cf-40ac-9fe0-5183791faa40/build_cpu    ]   | mmtrack/__init__.py:5: in <module>\n[3e4dfc60-55cf-40ac-9fe0-5183791faa40/build_cpu    ]   |     import mmdet\n[3e4dfc60-55cf-40ac-9fe0-5183791faa40/build_cpu    ]   | /opt/hostedtoolcache/Python/3.7.11/x64/lib/python3.7/site-packages/mmdet/__init__.py:3: in <module>\n[3e4dfc60-55cf-40ac-9fe0-5183791faa40/build_cpu    ]   |     import mmengine\n[3e4dfc60-55cf-40ac-9fe0-5183791faa40/build_cpu    ]   | E   ModuleNotFoundError: No module named 'mmengine'\n[3e4dfc60-55cf-40ac-9fe0-5183791faa40/build_cpu    ]   | ____ ERROR collecting tests/test_models/test_track_heads/test_stark_head.py ____\n[3e4dfc60-55cf-40ac-9fe0-5183791faa40/build_cpu    ]   | ImportError while importing test module '/tmp/ad9c0f7e-1596-11ee-8a50-bb14de238602/open-mmlab-mmtracking/tests/test_models/test_track_heads/test_stark_head.py'.\n[3e4dfc60-55cf-40ac-9fe0-5183791faa40/build_cpu    ]   | Hint: make sure your test modules/packages have valid Python names.\n[3e4dfc60-55cf-40ac-9fe0-5183791faa40/build_cpu    ]   | Traceback:\n[3e4dfc60-55cf-40ac-9fe0-5183791faa40/build_cpu    ]   | /opt/hostedtoolcache/Python/3.7.11/x64/lib/python3.7/importlib/__init__.py:127: in import_module\n[3e4dfc60-55cf-40ac-9fe0-5183791faa40/build_cpu    ]   |     return _bootstrap._gcd_import(name[level:], package, level)\n[3e4dfc60-55cf-40ac-9fe0-5183791faa40/build_cpu    ]   | tests/test_models/test_track_heads/test_stark_head.py:5: in <module>\n[3e4dfc60-55cf-40ac-9fe0-5183791faa40/build_cpu    ]   |     from mmtrack.models.track_heads.stark_head import (CornerPredictorHead,\n[3e4dfc60-55cf-40ac-9fe0-5183791faa40/build_cpu    ]   | mmtrack/__init__.py:5: in <module>\n[3e4dfc60-55cf-40ac-9fe0-5183791faa40/build_cpu    ]   |     import mmdet\n[3e4dfc60-55cf-40ac-9fe0-5183791faa40/build_cpu    ]   | /opt/hostedtoolcache/Python/3.7.11/x64/lib/python3.7/site-packages/mmdet/__init__.py:3: in <module>\n[3e4dfc60-55cf-40ac-9fe0-5183791faa40/build_cpu    ]   |     import mmengine\n[3e4dfc60-55cf-40ac-9fe0-5183791faa40/build_cpu    ]   | E   ModuleNotFoundError: No module named 'mmengine'\n[3e4dfc60-55cf-40ac-9fe0-5183791faa40/build_cpu    ]   | ____ ERROR collecting tests/test_models/test_trackers/test_base_tracker.py _____\n[3e4dfc60-55cf-40ac-9fe0-5183791faa40/build_cpu    ]   | ImportError while importing test module '/tmp/ad9c0f7e-1596-11ee-8a50-bb14de238602/open-mmlab-mmtracking/tests/test_models/test_trackers/test_base_tracker.py'.\n[3e4dfc60-55cf-40ac-9fe0-5183791faa40/build_cpu    ]   | Hint: make sure your test modules/packages have valid Python names.\n[3e4dfc60-55cf-40ac-9fe0-5183791faa40/build_cpu    ]   | Traceback:\n[3e4dfc60-55cf-40ac-9fe0-5183791faa40/build_cpu    ]   | /opt/hostedtoolcache/Python/3.7.11/x64/lib/python3.7/importlib/__init__.py:127: in import_module\n[3e4dfc60-55cf-40ac-9fe0-5183791faa40/build_cpu    ]   |     return _bootstrap._gcd_import(name[level:], package, level)\n[3e4dfc60-55cf-40ac-9fe0-5183791faa40/build_cpu    ]   | tests/test_models/test_trackers/test_base_tracker.py:3: in <module>\n[3e4dfc60-55cf-40ac-9fe0-5183791faa40/build_cpu    ]   |     from mmdet.core.bbox.demodata import random_boxes\n[3e4dfc60-55cf-40ac-9fe0-5183791faa40/build_cpu    ]   | /opt/hostedtoolcache/Python/3.7.11/x64/lib/python3.7/site-packages/mmdet/__init__.py:3: in <module>\n[3e4dfc60-55cf-40ac-9fe0-5183791faa40/build_cpu    ]   |     import mmengine\n[3e4dfc60-55cf-40ac-9fe0-5183791faa40/build_cpu    ]   | E   ModuleNotFoundError: No module named 'mmengine'\n[3e4dfc60-55cf-40ac-9fe0-5183791faa40/build_cpu    ]   | _____ ERROR collecting tests/test_models/test_trackers/test_bytetracker.py _____\n[3e4dfc60-55cf-40ac-9fe0-5183791faa40/build_cpu    ]   | ImportError while importing test module '/tmp/ad9c0f7e-1596-11ee-8a50-bb14de238602/open-mmlab-mmtracking/tests/test_models/test_trackers/test_bytetracker.py'.\n[3e4dfc60-55cf-40ac-9fe0-5183791faa40/build_cpu    ]   | Hint: make sure your test modules/packages have valid Python names.\n[3e4dfc60-55cf-40ac-9fe0-5183791faa40/build_cpu    ]   | Traceback:\n[3e4dfc60-55cf-40ac-9fe0-5183791faa40/build_cpu    ]   | /opt/hostedtoolcache/Python/3.7.11/x64/lib/python3.7/importlib/__init__.py:127: in import_module\n[3e4dfc60-55cf-40ac-9fe0-5183791faa40/build_cpu    ]   |     return _bootstrap._gcd_import(name[level:], package, level)\n[3e4dfc60-55cf-40ac-9fe0-5183791faa40/build_cpu    ]   | tests/test_models/test_trackers/test_bytetracker.py:5: in <module>\n[3e4dfc60-55cf-40ac-9fe0-5183791faa40/build_cpu    ]   |     from mmdet.core.bbox.demodata import random_boxes\n[3e4dfc60-55cf-40ac-9fe0-5183791faa40/build_cpu    ]   | /opt/hostedtoolcache/Python/3.7.11/x64/lib/python3.7/site-packages/mmdet/__init__.py:3: in <module>\n[3e4dfc60-55cf-40ac-9fe0-5183791faa40/build_cpu    ]   |     import mmengine\n[3e4dfc60-55cf-40ac-9fe0-5183791faa40/build_cpu    ]   | E   ModuleNotFoundError: No module named 'mmengine'\n[3e4dfc60-55cf-40ac-9fe0-5183791faa40/build_cpu    ]   | _ ERROR collecting tests/test_models/test_trackers/test_masktrack_rcnn_tracker.py _\n[3e4dfc60-55cf-40ac-9fe0-5183791faa40/build_cpu    ]   | ImportError while importing test module '/tmp/ad9c0f7e-1596-11ee-8a50-bb14de238602/open-mmlab-mmtracking/tests/test_models/test_trackers/test_masktrack_rcnn_tracker.py'.\n[3e4dfc60-55cf-40ac-9fe0-5183791faa40/build_cpu    ]   | Hint: make sure your test modules/packages have valid Python names.\n[3e4dfc60-55cf-40ac-9fe0-5183791faa40/build_cpu    ]   | Traceback:\n[3e4dfc60-55cf-40ac-9fe0-5183791faa40/build_cpu    ]   | /opt/hostedtoolcache/Python/3.7.11/x64/lib/python3.7/importlib/__init__.py:127: in import_module\n[3e4dfc60-55cf-40ac-9fe0-5183791faa40/build_cpu    ]   |     return _bootstrap._gcd_import(name[level:], package, level)\n[3e4dfc60-55cf-40ac-9fe0-5183791faa40/build_cpu    ]   | tests/test_models/test_trackers/test_masktrack_rcnn_tracker.py:5: in <module>\n[3e4dfc60-55cf-40ac-9fe0-5183791faa40/build_cpu    ]   |     from mmdet.core.bbox.demodata import random_boxes\n[3e4dfc60-55cf-40ac-9fe0-5183791faa40/build_cpu    ]   | /opt/hostedtoolcache/Python/3.7.11/x64/lib/python3.7/site-packages/mmdet/__init__.py:3: in <module>\n[3e4dfc60-55cf-40ac-9fe0-5183791faa40/build_cpu    ]   |     import mmengine\n[3e4dfc60-55cf-40ac-9fe0-5183791faa40/build_cpu    ]   | E   ModuleNotFoundError: No module named 'mmengine'\n[3e4dfc60-55cf-40ac-9fe0-5183791faa40/build_cpu    ]   | ___ ERROR collecting tests/test_models/test_trackers/test_ocsort_tracker.py ____\n[3e4dfc60-55cf-40ac-9fe0-5183791faa40/build_cpu    ]   | ImportError while importing test module '/tmp/ad9c0f7e-1596-11ee-8a50-bb14de238602/open-mmlab-mmtracking/tests/test_models/test_trackers/test_ocsort_tracker.py'.\n[3e4dfc60-55cf-40ac-9fe0-5183791faa40/build_cpu    ]   | Hint: make sure your test modules/packages have valid Python names.\n[3e4dfc60-55cf-40ac-9fe0-5183791faa40/build_cpu    ]   | Traceback:\n[3e4dfc60-55cf-40ac-9fe0-5183791faa40/build_cpu    ]   | /opt/hostedtoolcache/Python/3.7.11/x64/lib/python3.7/importlib/__init__.py:127: in import_module\n[3e4dfc60-55cf-40ac-9fe0-5183791faa40/build_cpu    ]   |     return _bootstrap._gcd_import(name[level:], package, level)\n[3e4dfc60-55cf-40ac-9fe0-5183791faa40/build_cpu    ]   | tests/test_models/test_trackers/test_ocsort_tracker.py:5: in <module>\n[3e4dfc60-55cf-40ac-9fe0-5183791faa40/build_cpu    ]   |     from mmdet.core.bbox.demodata import random_boxes\n[3e4dfc60-55cf-40ac-9fe0-5183791faa40/build_cpu    ]   | /opt/hostedtoolcache/Python/3.7.11/x64/lib/python3.7/site-packages/mmdet/__init__.py:3: in <module>\n[3e4dfc60-55cf-40ac-9fe0-5183791faa40/build_cpu    ]   |     import mmengine\n[3e4dfc60-55cf-40ac-9fe0-5183791faa40/build_cpu    ]   | E   ModuleNotFoundError: No module named 'mmengine'\n[3e4dfc60-55cf-40ac-9fe0-5183791faa40/build_cpu    ]   | _ ERROR collecting tests/test_models/test_trackers/test_quasi_dense_embed_tracker.py _\n[3e4dfc60-55cf-40ac-9fe0-5183791faa40/build_cpu    ]   | ImportError while importing test module '/tmp/ad9c0f7e-1596-11ee-8a50-bb14de238602/open-mmlab-mmtracking/tests/test_models/test_trackers/test_quasi_dense_embed_tracker.py'.\n[3e4dfc60-55cf-40ac-9fe0-5183791faa40/build_cpu    ]   | Hint: make sure your test modules/packages have valid Python names.\n[3e4dfc60-55cf-40ac-9fe0-5183791faa40/build_cpu    ]   | Traceback:\n[3e4dfc60-55cf-40ac-9fe0-5183791faa40/build_cpu    ]   | /opt/hostedtoolcache/Python/3.7.11/x64/lib/python3.7/importlib/__init__.py:127: in import_module\n[3e4dfc60-55cf-40ac-9fe0-5183791faa40/build_cpu    ]   |     return _bootstrap._gcd_import(name[level:], package, level)\n[3e4dfc60-55cf-40ac-9fe0-5183791faa40/build_cpu    ]   | tests/test_models/test_trackers/test_quasi_dense_embed_tracker.py:5: in <module>\n[3e4dfc60-55cf-40ac-9fe0-5183791faa40/build_cpu    ]   |     from mmdet.core.bbox.demodata import random_boxes\n[3e4dfc60-55cf-40ac-9fe0-5183791faa40/build_cpu    ]   | /opt/hostedtoolcache/Python/3.7.11/x64/lib/python3.7/site-packages/mmdet/__init__.py:3: in <module>\n[3e4dfc60-55cf-40ac-9fe0-5183791faa40/build_cpu    ]   |     import mmengine\n[3e4dfc60-55cf-40ac-9fe0-5183791faa40/build_cpu    ]   | E   ModuleNotFoundError: No module named 'mmengine'\n[3e4dfc60-55cf-40ac-9fe0-5183791faa40/build_cpu    ]   | _ ERROR collecting tests/test_models/test_trackers/test_quasi_dense_tao_trakcer.py _\n[3e4dfc60-55cf-40ac-9fe0-5183791faa40/build_cpu    ]   | ImportError while importing test module '/tmp/ad9c0f7e-1596-11ee-8a50-bb14de238602/open-mmlab-mmtracking/tests/test_models/test_trackers/test_quasi_dense_tao_trakcer.py'.\n[3e4dfc60-55cf-40ac-9fe0-5183791faa40/build_cpu    ]   | Hint: make sure your test modules/packages have valid Python names.\n[3e4dfc60-55cf-40ac-9fe0-5183791faa40/build_cpu    ]   | Traceback:\n[3e4dfc60-55cf-40ac-9fe0-5183791faa40/build_cpu    ]   | /opt/hostedtoolcache/Python/3.7.11/x64/lib/python3.7/importlib/__init__.py:127: in import_module\n[3e4dfc60-55cf-40ac-9fe0-5183791faa40/build_cpu    ]   |     return _bootstrap._gcd_import(name[level:], package, level)\n[3e4dfc60-55cf-40ac-9fe0-5183791faa40/build_cpu    ]   | tests/test_models/test_trackers/test_quasi_dense_tao_trakcer.py:5: in <module>\n[3e4dfc60-55cf-40ac-9fe0-5183791faa40/build_cpu    ]   |     from mmdet.core.bbox.demodata import random_boxes\n[3e4dfc60-55cf-40ac-9fe0-5183791faa40/build_cpu    ]   | /opt/hostedtoolcache/Python/3.7.11/x64/lib/python3.7/site-packages/mmdet/__init__.py:3: in <module>\n[3e4dfc60-55cf-40ac-9fe0-5183791faa40/build_cpu    ]   |     import mmengine\n[3e4dfc60-55cf-40ac-9fe0-5183791faa40/build_cpu    ]   | E   ModuleNotFoundError: No module named 'mmengine'\n[3e4dfc60-55cf-40ac-9fe0-5183791faa40/build_cpu    ]   | =============================== warnings summary ===============================\n[3e4dfc60-55cf-40ac-9fe0-5183791faa40/build_cpu    ]   | ../../../opt/hostedtoolcache/Python/3.7.11/x64/lib/python3.7/site-packages/torch/utils/cpp_extension.py:4\n[3e4dfc60-55cf-40ac-9fe0-5183791faa40/build_cpu    ]   |   /opt/hostedtoolcache/Python/3.7.11/x64/lib/python3.7/site-packages/torch/utils/cpp_extension.py:4: DeprecationWarning: the imp module is deprecated in favour of importlib; see the module's documentation for alternative uses\n[3e4dfc60-55cf-40ac-9fe0-5183791faa40/build_cpu    ]   |     import imp\n[3e4dfc60-55cf-40ac-9fe0-5183791faa40/build_cpu    ]   | \n[3e4dfc60-55cf-40ac-9fe0-5183791faa40/build_cpu    ]   | ../../../opt/hostedtoolcache/Python/3.7.11/x64/lib/python3.7/site-packages/mmcv/__init__.py:21\n[3e4dfc60-55cf-40ac-9fe0-5183791faa40/build_cpu    ]   |   /opt/hostedtoolcache/Python/3.7.11/x64/lib/python3.7/site-packages/mmcv/__init__.py:21: UserWarning: On January 1, 2023, MMCV will release v2.0.0, in which it will remove components related to the training process and add a data transformation module. In addition, it will rename the package names mmcv to mmcv-lite and mmcv-full to mmcv. See https://github.com/open-mmlab/mmcv/blob/master/docs/en/compatibility.md for more details.\n[3e4dfc60-55cf-40ac-9fe0-5183791faa40/build_cpu    ]   |     'On January 1, 2023, MMCV will release v2.0.0, in which it will remove '\n[3e4dfc60-55cf-40ac-9fe0-5183791faa40/build_cpu    ]   | \n[3e4dfc60-55cf-40ac-9fe0-5183791faa40/build_cpu    ]   | -- Docs: https://docs.pytest.org/en/stable/how-to/capture-warnings.html\n[3e4dfc60-55cf-40ac-9fe0-5183791faa40/build_cpu    ]   | - generated xml file: /tmp/ad9c0f7e-1596-11ee-8a50-bb14de238602/open-mmlab-mmtracking/report.xml -\n[3e4dfc60-55cf-40ac-9fe0-5183791faa40/build_cpu    ]   | =========================== short test summary info ============================\n[3e4dfc60-55cf-40ac-9fe0-5183791faa40/build_cpu    ]   | ERROR tests/test_version.py\n[3e4dfc60-55cf-40ac-9fe0-5183791faa40/build_cpu    ]   | ERROR tests/test_core/test_bbox/test_bbox_transforms.py\n[3e4dfc60-55cf-40ac-9fe0-5183791faa40/build_cpu    ]   | ERROR tests/test_core/test_motion/test_flow.py\n[3e4dfc60-55cf-40ac-9fe0-5183791faa40/build_cpu    ]   | ERROR tests/test_core/test_track/test_transforms.py\n[3e4dfc60-55cf-40ac-9fe0-5183791faa40/build_cpu    ]   | ERROR tests/test_core/test_utils/test_visualization.py\n[3e4dfc60-55cf-40ac-9fe0-5183791faa40/build_cpu    ]   | ERROR tests/test_data/test_datasets/test_coco_video_dataset.py\n[3e4dfc60-55cf-40ac-9fe0-5183791faa40/build_cpu    ]   | ERROR tests/test_data/test_datasets/test_common.py\n[3e4dfc60-55cf-40ac-9fe0-5183791faa40/build_cpu    ]   | ERROR tests/test_data/test_datasets/test_dataset_wrapers.py\n[3e4dfc60-55cf-40ac-9fe0-5183791faa40/build_cpu    ]   | ERROR tests/test_data/test_datasets/test_mot_challenge_dataset.py\n[3e4dfc60-55cf-40ac-9fe0-5183791faa40/build_cpu    ]   | ERROR tests/test_data/test_datasets/test_reid_dataset.py\n[3e4dfc60-55cf-40ac-9fe0-5183791faa40/build_cpu    ]   | ERROR tests/test_data/test_datasets/test_sot_dataset.py\n[3e4dfc60-55cf-40ac-9fe0-5183791faa40/build_cpu    ]   | ERROR tests/test_data/test_datasets/test_sot_train_dataset.py\n[3e4dfc60-55cf-40ac-9fe0-5183791faa40/build_cpu    ]   | ERROR tests/test_data/test_datasets/test_tao_dataset.py\n[3e4dfc60-55cf-40ac-9fe0-5183791faa40/build_cpu    ]   | ERROR tests/test_data/test_datasets/test_vis_dataset.py\n[3e4dfc60-55cf-40ac-9fe0-5183791faa40/build_cpu    ]   | ERROR tests/test_data/test_pipelines/test_formatting.py\n[3e4dfc60-55cf-40ac-9fe0-5183791faa40/build_cpu    ]   | ERROR tests/test_data/test_pipelines/test_loading.py\n[3e4dfc60-55cf-40ac-9fe0-5183791faa40/build_cpu    ]   | ERROR tests/test_data/test_pipelines/test_processing.py\n[3e4dfc60-55cf-40ac-9fe0-5183791faa40/build_cpu    ]   | ERROR tests/test_data/test_pipelines/test_transform.py\n[3e4dfc60-55cf-40ac-9fe0-5183791faa40/build_cpu    ]   | ERROR tests/test_models/test_aggregators/test_embed_aggregator.py\n[3e4dfc60-55cf-40ac-9fe0-5183791faa40/build_cpu    ]   | ERROR tests/test_models/test_aggregators/test_selsa_aggregator.py\n[3e4dfc60-55cf-40ac-9fe0-5183791faa40/build_cpu    ]   | ERROR tests/test_models/test_backones/test_mixformer_backbone.py\n[3e4dfc60-55cf-40ac-9fe0-5183791faa40/build_cpu    ]   | ERROR tests/test_models/test_backones/test_sot_resnet.py\n[3e4dfc60-55cf-40ac-9fe0-5183791faa40/build_cpu    ]   | ERROR tests/test_models/test_forward/test_mot_forward.py\n[3e4dfc60-55cf-40ac-9fe0-5183791faa40/build_cpu    ]   | ERROR tests/test_models/test_forward/test_sot_forward.py\n[3e4dfc60-55cf-40ac-9fe0-5183791faa40/build_cpu    ]   | ERROR tests/test_models/test_losses/test_multi_pos_cross_entropy_loss.py\n[3e4dfc60-55cf-40ac-9fe0-5183791faa40/build_cpu    ]   | ERROR tests/test_models/test_losses/test_triplet_loss.py\n[3e4dfc60-55cf-40ac-9fe0-5183791faa40/build_cpu    ]   | ERROR tests/test_models/test_motion/test_camera_motion_compensation.py\n[3e4dfc60-55cf-40ac-9fe0-5183791faa40/build_cpu    ]   | ERROR tests/test_models/test_motion/test_flownet_simple.py\n[3e4dfc60-55cf-40ac-9fe0-5183791faa40/build_cpu    ]   | ERROR tests/test_models/test_motion/test_linear_motion.py\n[3e4dfc60-55cf-40ac-9fe0-5183791faa40/build_cpu    ]   | ERROR tests/test_models/test_reid/test_base_reid.py\n[3e4dfc60-55cf-40ac-9fe0-5183791faa40/build_cpu    ]   | ERROR tests/test_models/test_roi_heads/test_bbox_heads/test_selsa_bbox_head.py\n[3e4dfc60-55cf-40ac-9fe0-5183791faa40/build_cpu    ]   | ERROR tests/test_models/test_roi_heads/test_roi_extractors/test_single_level_roi_extractor.py\n[3e4dfc60-55cf-40ac-9fe0-5183791faa40/build_cpu    ]   | ERROR tests/test_models/test_roi_heads/test_roi_extractors/test_temporal_roi_align.py\n[3e4dfc60-55cf-40ac-9fe0-5183791faa40/build_cpu    ]   | ERROR tests/test_models/test_track_heads/test_mixformer_head.py\n[3e4dfc60-55cf-40ac-9fe0-5183791faa40/build_cpu    ]   | ERROR tests/test_models/test_track_heads/test_quasi_dense_embed_head.py\n[3e4dfc60-55cf-40ac-9fe0-5183791faa40/build_cpu    ]   | ERROR tests/test_models/test_track_heads/test_roi_embed_head.py\n[3e4dfc60-55cf-40ac-9fe0-5183791faa40/build_cpu    ]   | ERROR tests/test_models/test_track_heads/test_siamese_rpn_head.py\n[3e4dfc60-55cf-40ac-9fe0-5183791faa40/build_cpu    ]   | ERROR tests/test_models/test_track_heads/test_stark_head.py\n[3e4dfc60-55cf-40ac-9fe0-5183791faa40/build_cpu    ]   | ERROR tests/test_models/test_trackers/test_base_tracker.py\n[3e4dfc60-55cf-40ac-9fe0-5183791faa40/build_cpu    ]   | ERROR tests/test_models/test_trackers/test_bytetracker.py\n[3e4dfc60-55cf-40ac-9fe0-5183791faa40/build_cpu    ]   | ERROR tests/test_models/test_trackers/test_masktrack_rcnn_tracker.py\n[3e4dfc60-55cf-40ac-9fe0-5183791faa40/build_cpu    ]   | ERROR tests/test_models/test_trackers/test_ocsort_tracker.py\n[3e4dfc60-55cf-40ac-9fe0-5183791faa40/build_cpu    ]   | ERROR tests/test_models/test_trackers/test_quasi_dense_embed_tracker.py\n[3e4dfc60-55cf-40ac-9fe0-5183791faa40/build_cpu    ]   | ERROR tests/test_models/test_trackers/test_quasi_dense_tao_trakcer.py\n[3e4dfc60-55cf-40ac-9fe0-5183791faa40/build_cpu    ]   | !!!!!!!!!!!!!!!!!!! Interrupted: 44 errors during collection !!!!!!!!!!!!!!!!!!!\n[3e4dfc60-55cf-40ac-9fe0-5183791faa40/build_cpu    ]   | ======================== 2 warnings, 44 errors in 4.75s ========================\n[3e4dfc60-55cf-40ac-9fe0-5183791faa40/build_cpu    ]   \u274c  Failure - Main Run unittests and generate coverage report\n[3e4dfc60-55cf-40ac-9fe0-5183791faa40/build_cpu    ] exitcode '2': failure\n[3e4dfc60-55cf-40ac-9fe0-5183791faa40/build_cpu    ] \ud83c\udfc1  Job failed\n",
        "stderr": "Error: Job 'build_cuda102' failed\n",
        "workflow": "/tmp/ad9c0f7e-1596-11ee-8a50-bb14de238602/open-mmlab-mmtracking/.github/workflows/build-crawler.yml",
        "build_tool": "pytest",
        "elapsed_time": 556.2755727767944
    }
}