{
    "repository": "pydron/ifaddr",
    "stars": 60,
    "language": "python",
    "size": 165,
    "clone_url": "https://github.com/pydron/ifaddr.git",
    "timestamp": "2023-06-28T10:34:42.496893Z",
    "clone_success": true,
    "number_of_actions": 1,
    "number_of_test_actions": 1,
    "actions_successful": false,
    "actions_build_tools": [
        "pytest"
    ],
    "actions_test_build_tools": [
        "pytest"
    ],
    "actions_run": {
        "failed": true,
        "tests": [
            {
                "classname": "ifaddr.test_ifaddr.TestIfaddr",
                "name": "test_get_adapters_contains_localhost",
                "time": 0.011,
                "results": [
                    {
                        "result": "Passed",
                        "message": "",
                        "type": ""
                    }
                ],
                "stdout": null,
                "stderr": null
            },
            {
                "classname": "ifaddr.test_ifaddr",
                "name": "test_netifaces_compatibility",
                "time": 0.008,
                "results": [
                    {
                        "result": "Passed",
                        "message": "",
                        "type": ""
                    }
                ],
                "stdout": null,
                "stderr": null
            }
        ],
        "stdout": "[802ec0d8-1321-4263-80f9-cf255d868854/build] \ud83d\ude80  Start image=crawlergpt:latest\n[802ec0d8-1321-4263-80f9-cf255d868854/build]   \ud83d\udc33  docker pull image=crawlergpt:latest platform= username= forcePull=false\n[802ec0d8-1321-4263-80f9-cf255d868854/build]   \ud83d\udc33  docker create image=crawlergpt:latest platform= entrypoint=[\"tail\" \"-f\" \"/dev/null\"] cmd=[]\n[802ec0d8-1321-4263-80f9-cf255d868854/build]   \ud83d\udc33  docker run image=crawlergpt:latest platform= entrypoint=[\"tail\" \"-f\" \"/dev/null\"] cmd=[]\n[802ec0d8-1321-4263-80f9-cf255d868854/build]   \ud83d\udc33  docker exec cmd=[chown -R 1012:1013 /tmp/ad9c0f7e-1596-11ee-8a50-bb14de238602/pydron-ifaddr] user=0 workdir=\n[802ec0d8-1321-4263-80f9-cf255d868854/build]   \u2601  git clone 'https://github.com/actions/setup-python' # ref=v4\n[802ec0d8-1321-4263-80f9-cf255d868854/build]   \u2601  git clone 'https://github.com/codecov/codecov-action' # ref=v1\n[802ec0d8-1321-4263-80f9-cf255d868854/build] \ud83e\uddea  Matrix: map[os:ubuntu-latest python-version:3.7]\n[802ec0d8-1321-4263-80f9-cf255d868854/build] \u2b50 Run Main actions/checkout@v2\n[802ec0d8-1321-4263-80f9-cf255d868854/build]   \u2705  Success - Main actions/checkout@v2\n[802ec0d8-1321-4263-80f9-cf255d868854/build] \u2b50 Run Main Set up Python 3.7\n[802ec0d8-1321-4263-80f9-cf255d868854/build]   \ud83d\udc33  docker cp src=/tmp/act-cache/5708b1ed-2138-46f6-8231-4e6f5401c542/act/actions-setup-python@v4/ dst=/var/run/act/actions/actions-setup-python@v4/\n[802ec0d8-1321-4263-80f9-cf255d868854/build]   \ud83d\udc33  docker exec cmd=[chown -R 1012:1013 /var/run/act/actions/actions-setup-python@v4/] user=0 workdir=\n[802ec0d8-1321-4263-80f9-cf255d868854/build]   \ud83d\udc33  docker exec cmd=[node /var/run/act/actions/actions-setup-python@v4/dist/setup/index.js] user= workdir=\n[802ec0d8-1321-4263-80f9-cf255d868854/build]   \ud83d\udcac  ::debug::Python is expected to be installed into /opt/hostedtoolcache\n[802ec0d8-1321-4263-80f9-cf255d868854/build]   \u2753  ::group::Installed versions\n[802ec0d8-1321-4263-80f9-cf255d868854/build]   \ud83d\udcac  ::debug::Semantic version spec of 3.7 is 3.7\n[802ec0d8-1321-4263-80f9-cf255d868854/build]   \ud83d\udcac  ::debug::isExplicit: \n[802ec0d8-1321-4263-80f9-cf255d868854/build]   \ud83d\udcac  ::debug::explicit? false\n[802ec0d8-1321-4263-80f9-cf255d868854/build]   \ud83d\udcac  ::debug::isExplicit: 2.7.18\n[802ec0d8-1321-4263-80f9-cf255d868854/build]   \ud83d\udcac  ::debug::explicit? true\n[802ec0d8-1321-4263-80f9-cf255d868854/build]   \ud83d\udcac  ::debug::isExplicit: 3.5.10\n[802ec0d8-1321-4263-80f9-cf255d868854/build]   \ud83d\udcac  ::debug::explicit? true\n[802ec0d8-1321-4263-80f9-cf255d868854/build]   \ud83d\udcac  ::debug::isExplicit: 3.6.14\n[802ec0d8-1321-4263-80f9-cf255d868854/build]   \ud83d\udcac  ::debug::explicit? true\n[802ec0d8-1321-4263-80f9-cf255d868854/build]   \ud83d\udcac  ::debug::isExplicit: 3.7.11\n[802ec0d8-1321-4263-80f9-cf255d868854/build]   \ud83d\udcac  ::debug::explicit? true\n[802ec0d8-1321-4263-80f9-cf255d868854/build]   \ud83d\udcac  ::debug::isExplicit: 3.8.11\n[802ec0d8-1321-4263-80f9-cf255d868854/build]   \ud83d\udcac  ::debug::explicit? true\n[802ec0d8-1321-4263-80f9-cf255d868854/build]   \ud83d\udcac  ::debug::isExplicit: 3.9.6\n[802ec0d8-1321-4263-80f9-cf255d868854/build]   \ud83d\udcac  ::debug::explicit? true\n[802ec0d8-1321-4263-80f9-cf255d868854/build]   \ud83d\udcac  ::debug::evaluating 6 versions\n[802ec0d8-1321-4263-80f9-cf255d868854/build]   \ud83d\udcac  ::debug::matched: 3.7.11\n[802ec0d8-1321-4263-80f9-cf255d868854/build]   \ud83d\udcac  ::debug::checking cache: /opt/hostedtoolcache/Python/3.7.11/x64\n[802ec0d8-1321-4263-80f9-cf255d868854/build]   \ud83d\udcac  ::debug::Found tool in cache Python 3.7.11 x64\n[802ec0d8-1321-4263-80f9-cf255d868854/build]   | Successfully set up CPython (3.7.11)\n[802ec0d8-1321-4263-80f9-cf255d868854/build]   \u2753  ::endgroup::\n[802ec0d8-1321-4263-80f9-cf255d868854/build]   \u2753 add-matcher /run/act/actions/actions-setup-python@v4/.github/python.json\n[802ec0d8-1321-4263-80f9-cf255d868854/build]   \u2705  Success - Main Set up Python 3.7\n[802ec0d8-1321-4263-80f9-cf255d868854/build]   \u2699  ::set-env:: pythonLocation=/opt/hostedtoolcache/Python/3.7.11/x64\n[802ec0d8-1321-4263-80f9-cf255d868854/build]   \u2699  ::set-env:: PKG_CONFIG_PATH=/opt/hostedtoolcache/Python/3.7.11/x64/lib/pkgconfig\n[802ec0d8-1321-4263-80f9-cf255d868854/build]   \u2699  ::set-env:: Python_ROOT_DIR=/opt/hostedtoolcache/Python/3.7.11/x64\n[802ec0d8-1321-4263-80f9-cf255d868854/build]   \u2699  ::set-env:: Python2_ROOT_DIR=/opt/hostedtoolcache/Python/3.7.11/x64\n[802ec0d8-1321-4263-80f9-cf255d868854/build]   \u2699  ::set-env:: Python3_ROOT_DIR=/opt/hostedtoolcache/Python/3.7.11/x64\n[802ec0d8-1321-4263-80f9-cf255d868854/build]   \u2699  ::set-env:: LD_LIBRARY_PATH=/opt/hostedtoolcache/Python/3.7.11/x64/lib\n[802ec0d8-1321-4263-80f9-cf255d868854/build]   \u2699  ::set-output:: python-version=3.7.11\n[802ec0d8-1321-4263-80f9-cf255d868854/build]   \u2699  ::set-output:: python-path=/opt/hostedtoolcache/Python/3.7.11/x64/bin/python\n[802ec0d8-1321-4263-80f9-cf255d868854/build]   \u2699  ::add-path:: /opt/hostedtoolcache/Python/3.7.11/x64\n[802ec0d8-1321-4263-80f9-cf255d868854/build]   \u2699  ::add-path:: /opt/hostedtoolcache/Python/3.7.11/x64/bin\n[802ec0d8-1321-4263-80f9-cf255d868854/build] \u2b50 Run Main Install dependencies\n[802ec0d8-1321-4263-80f9-cf255d868854/build]   \ud83d\udc33  docker exec cmd=[bash --noprofile --norc -e -o pipefail /var/run/act/workflow/2] user= workdir=\n[802ec0d8-1321-4263-80f9-cf255d868854/build]   | Collecting black\n[802ec0d8-1321-4263-80f9-cf255d868854/build]   |   Downloading black-23.3.0-cp37-cp37m-manylinux_2_17_x86_64.manylinux2014_x86_64.whl (1.6 MB)\n[802ec0d8-1321-4263-80f9-cf255d868854/build]   | Collecting mypy\n[802ec0d8-1321-4263-80f9-cf255d868854/build]   |   Downloading mypy-1.4.1-cp37-cp37m-manylinux_2_17_x86_64.manylinux2014_x86_64.whl (11.6 MB)\n[802ec0d8-1321-4263-80f9-cf255d868854/build]   | Collecting netifaces\n[802ec0d8-1321-4263-80f9-cf255d868854/build]   |   Downloading netifaces-0.11.0-cp37-cp37m-manylinux_2_5_x86_64.manylinux1_x86_64.whl (32 kB)\n[802ec0d8-1321-4263-80f9-cf255d868854/build]   | Collecting pytest\n[802ec0d8-1321-4263-80f9-cf255d868854/build]   |   Downloading pytest-7.4.0-py3-none-any.whl (323 kB)\n[802ec0d8-1321-4263-80f9-cf255d868854/build]   | Collecting pytest-cov\n[802ec0d8-1321-4263-80f9-cf255d868854/build]   |   Downloading pytest_cov-4.1.0-py3-none-any.whl (21 kB)\n[802ec0d8-1321-4263-80f9-cf255d868854/build]   | Collecting pathspec>=0.9.0\n[802ec0d8-1321-4263-80f9-cf255d868854/build]   |   Downloading pathspec-0.11.1-py3-none-any.whl (29 kB)\n[802ec0d8-1321-4263-80f9-cf255d868854/build]   | Collecting packaging>=22.0\n[802ec0d8-1321-4263-80f9-cf255d868854/build]   |   Downloading packaging-23.1-py3-none-any.whl (48 kB)\n[802ec0d8-1321-4263-80f9-cf255d868854/build]   | Collecting click>=8.0.0\n[802ec0d8-1321-4263-80f9-cf255d868854/build]   |   Downloading click-8.1.3-py3-none-any.whl (96 kB)\n[802ec0d8-1321-4263-80f9-cf255d868854/build]   | Collecting typed-ast>=1.4.2\n[802ec0d8-1321-4263-80f9-cf255d868854/build]   |   Downloading typed_ast-1.5.4-cp37-cp37m-manylinux_2_5_x86_64.manylinux1_x86_64.manylinux_2_12_x86_64.manylinux2010_x86_64.whl (843 kB)\n[802ec0d8-1321-4263-80f9-cf255d868854/build]   | Collecting mypy-extensions>=0.4.3\n[802ec0d8-1321-4263-80f9-cf255d868854/build]   |   Downloading mypy_extensions-1.0.0-py3-none-any.whl (4.7 kB)\n[802ec0d8-1321-4263-80f9-cf255d868854/build]   | Collecting typing-extensions>=3.10.0.0\n[802ec0d8-1321-4263-80f9-cf255d868854/build]   |   Downloading typing_extensions-4.6.3-py3-none-any.whl (31 kB)\n[802ec0d8-1321-4263-80f9-cf255d868854/build]   | Collecting platformdirs>=2\n[802ec0d8-1321-4263-80f9-cf255d868854/build]   |   Downloading platformdirs-3.8.0-py3-none-any.whl (16 kB)\n[802ec0d8-1321-4263-80f9-cf255d868854/build]   | Collecting tomli>=1.1.0\n[802ec0d8-1321-4263-80f9-cf255d868854/build]   |   Downloading tomli-2.0.1-py3-none-any.whl (12 kB)\n[802ec0d8-1321-4263-80f9-cf255d868854/build]   | Collecting exceptiongroup>=1.0.0rc8\n[802ec0d8-1321-4263-80f9-cf255d868854/build]   |   Downloading exceptiongroup-1.1.1-py3-none-any.whl (14 kB)\n[802ec0d8-1321-4263-80f9-cf255d868854/build]   | Collecting pluggy<2.0,>=0.12\n[802ec0d8-1321-4263-80f9-cf255d868854/build]   |   Downloading pluggy-1.2.0-py3-none-any.whl (17 kB)\n[802ec0d8-1321-4263-80f9-cf255d868854/build]   | Collecting iniconfig\n[802ec0d8-1321-4263-80f9-cf255d868854/build]   |   Downloading iniconfig-2.0.0-py3-none-any.whl (5.9 kB)\n[802ec0d8-1321-4263-80f9-cf255d868854/build]   | Collecting importlib-metadata>=0.12\n[802ec0d8-1321-4263-80f9-cf255d868854/build]   |   Downloading importlib_metadata-6.7.0-py3-none-any.whl (22 kB)\n[802ec0d8-1321-4263-80f9-cf255d868854/build]   | Collecting coverage[toml]>=5.2.1\n[802ec0d8-1321-4263-80f9-cf255d868854/build]   |   Downloading coverage-7.2.7-cp37-cp37m-manylinux_2_5_x86_64.manylinux1_x86_64.manylinux_2_17_x86_64.manylinux2014_x86_64.whl (225 kB)\n[802ec0d8-1321-4263-80f9-cf255d868854/build]   | Collecting zipp>=0.5\n[802ec0d8-1321-4263-80f9-cf255d868854/build]   |   Downloading zipp-3.15.0-py3-none-any.whl (6.8 kB)\n[802ec0d8-1321-4263-80f9-cf255d868854/build]   | Installing collected packages: zipp, typing-extensions, importlib-metadata, tomli, pluggy, packaging, iniconfig, exceptiongroup, coverage, typed-ast, pytest, platformdirs, pathspec, mypy-extensions, click, pytest-cov, netifaces, mypy, black\n[802ec0d8-1321-4263-80f9-cf255d868854/build]   | Successfully installed black-23.3.0 click-8.1.3 coverage-7.2.7 exceptiongroup-1.1.1 importlib-metadata-6.7.0 iniconfig-2.0.0 mypy-1.4.1 mypy-extensions-1.0.0 netifaces-0.11.0 packaging-23.1 pathspec-0.11.1 platformdirs-3.8.0 pluggy-1.2.0 pytest-7.4.0 pytest-cov-4.1.0 tomli-2.0.1 typed-ast-1.5.4 typing-extensions-4.6.3 zipp-3.15.0\n[802ec0d8-1321-4263-80f9-cf255d868854/build]   | WARNING: You are using pip version 21.2.4; however, version 23.1.2 is available.\n[802ec0d8-1321-4263-80f9-cf255d868854/build]   | You should consider upgrading via the '/opt/hostedtoolcache/Python/3.7.11/x64/bin/python -m pip install --upgrade pip' command.\n[802ec0d8-1321-4263-80f9-cf255d868854/build]   | Processing /tmp/ad9c0f7e-1596-11ee-8a50-bb14de238602/pydron-ifaddr\n[802ec0d8-1321-4263-80f9-cf255d868854/build]   |   DEPRECATION: A future pip version will change local packages to be built in-place without first copying to a temporary directory. We recommend you use --use-feature=in-tree-build to test your packages with this new behavior before it becomes the default.\n[802ec0d8-1321-4263-80f9-cf255d868854/build]   |    pip 21.3 will remove support for this functionality. You can find discussion regarding this at https://github.com/pypa/pip/issues/7555.\n[802ec0d8-1321-4263-80f9-cf255d868854/build]   |   Installing build dependencies: started\n[802ec0d8-1321-4263-80f9-cf255d868854/build]   |   Installing build dependencies: finished with status 'done'\n[802ec0d8-1321-4263-80f9-cf255d868854/build]   |   Getting requirements to build wheel: started\n[802ec0d8-1321-4263-80f9-cf255d868854/build]   |   Getting requirements to build wheel: finished with status 'done'\n[802ec0d8-1321-4263-80f9-cf255d868854/build]   |     Preparing wheel metadata: started\n[802ec0d8-1321-4263-80f9-cf255d868854/build]   |     Preparing wheel metadata: finished with status 'done'\n[802ec0d8-1321-4263-80f9-cf255d868854/build]   | Building wheels for collected packages: ifaddr\n[802ec0d8-1321-4263-80f9-cf255d868854/build]   |   Building wheel for ifaddr (PEP 517): started\n[802ec0d8-1321-4263-80f9-cf255d868854/build]   |   Building wheel for ifaddr (PEP 517): finished with status 'done'\n[802ec0d8-1321-4263-80f9-cf255d868854/build]   |   Created wheel for ifaddr: filename=ifaddr-0.2.0-py3-none-any.whl size=12299 sha256=b38b26915f44cbce3173b244328c09d25cef12ed2498061d94abe997ad1d500a\n[802ec0d8-1321-4263-80f9-cf255d868854/build]   |   Stored in directory: /home/runneradmin/.cache/pip/wheels/48/f9/19/f8689b9aeddbcb38750e55ea5c64697d04c84182f90c504b8c\n[802ec0d8-1321-4263-80f9-cf255d868854/build]   | Successfully built ifaddr\n[802ec0d8-1321-4263-80f9-cf255d868854/build]   | Installing collected packages: ifaddr\n[802ec0d8-1321-4263-80f9-cf255d868854/build]   | Successfully installed ifaddr-0.2.0\n[802ec0d8-1321-4263-80f9-cf255d868854/build]   | WARNING: You are using pip version 21.2.4; however, version 23.1.2 is available.\n[802ec0d8-1321-4263-80f9-cf255d868854/build]   | You should consider upgrading via the '/opt/hostedtoolcache/Python/3.7.11/x64/bin/python -m pip install --upgrade pip' command.\n[802ec0d8-1321-4263-80f9-cf255d868854/build]   \u2705  Success - Main Install dependencies\n[802ec0d8-1321-4263-80f9-cf255d868854/build] \u2b50 Run Main Run tests\n[802ec0d8-1321-4263-80f9-cf255d868854/build]   \ud83d\udc33  docker exec cmd=[bash --noprofile --norc -e -o pipefail /var/run/act/workflow/3.sh] user= workdir=\n[802ec0d8-1321-4263-80f9-cf255d868854/build]   | ============================= test session starts ==============================\n[802ec0d8-1321-4263-80f9-cf255d868854/build]   | platform linux -- Python 3.7.11, pytest-7.4.0, pluggy-1.2.0 -- /opt/hostedtoolcache/Python/3.7.11/x64/bin/python\n[802ec0d8-1321-4263-80f9-cf255d868854/build]   | cachedir: .pytest_cache\n[802ec0d8-1321-4263-80f9-cf255d868854/build]   | rootdir: /tmp/ad9c0f7e-1596-11ee-8a50-bb14de238602/pydron-ifaddr\n[802ec0d8-1321-4263-80f9-cf255d868854/build]   | configfile: pytest.ini\n[802ec0d8-1321-4263-80f9-cf255d868854/build]   | plugins: cov-4.1.0\n[802ec0d8-1321-4263-80f9-cf255d868854/build]   | collecting ... collected 2 items\n[802ec0d8-1321-4263-80f9-cf255d868854/build]   | \n[802ec0d8-1321-4263-80f9-cf255d868854/build]   | ifaddr/test_ifaddr.py::TestIfaddr::test_get_adapters_contains_localhost PASSED [ 50%]\n[802ec0d8-1321-4263-80f9-cf255d868854/build]   | ifaddr/test_ifaddr.py::test_netifaces_compatibility PASSED               [100%]\n[802ec0d8-1321-4263-80f9-cf255d868854/build]   | \n[802ec0d8-1321-4263-80f9-cf255d868854/build]   | - generated xml file: /tmp/ad9c0f7e-1596-11ee-8a50-bb14de238602/pydron-ifaddr/report.xml -\n[802ec0d8-1321-4263-80f9-cf255d868854/build]   | \n[802ec0d8-1321-4263-80f9-cf255d868854/build]   | ---------- coverage: platform linux, python 3.7.11-final-0 -----------\n[802ec0d8-1321-4263-80f9-cf255d868854/build]   | Name                    Stmts   Miss Branch BrPart  Cover   Missing\n[802ec0d8-1321-4263-80f9-cf255d868854/build]   | -------------------------------------------------------------------\n[802ec0d8-1321-4263-80f9-cf255d868854/build]   | ifaddr/__init__.py          8      2      4      2    67%   27, 31\n[802ec0d8-1321-4263-80f9-cf255d868854/build]   | ifaddr/_posix.py           48      5     16      2    89%   55-56, 67-68, 78\n[802ec0d8-1321-4263-80f9-cf255d868854/build]   | ifaddr/_shared.py          62      8     12      2    86%   105, 113, 128-145, 178->191\n[802ec0d8-1321-4263-80f9-cf255d868854/build]   | ifaddr/_win32.py           58     58     16      0     0%   22-145\n[802ec0d8-1321-4263-80f9-cf255d868854/build]   | ifaddr/netifaces.py         5      0      2      0   100%\n[802ec0d8-1321-4263-80f9-cf255d868854/build]   | ifaddr/test_ifaddr.py      22      2      6      0    93%   13-14\n[802ec0d8-1321-4263-80f9-cf255d868854/build]   | -------------------------------------------------------------------\n[802ec0d8-1321-4263-80f9-cf255d868854/build]   | TOTAL                     203     75     56      6    63%\n[802ec0d8-1321-4263-80f9-cf255d868854/build]   | Coverage HTML written to dir htmlcov\n[802ec0d8-1321-4263-80f9-cf255d868854/build]   | Coverage XML written to file coverage.xml\n[802ec0d8-1321-4263-80f9-cf255d868854/build]   | \n[802ec0d8-1321-4263-80f9-cf255d868854/build]   | ============================== 2 passed in 0.48s ===============================\n[802ec0d8-1321-4263-80f9-cf255d868854/build]   | /opt/hostedtoolcache/Python/3.7.11/x64/bin/mypy\n[802ec0d8-1321-4263-80f9-cf255d868854/build]   | ifaddr/_shared.py:177: error: Function \"_ctypes.pointer\" is not valid as a type  [valid-type]\n[802ec0d8-1321-4263-80f9-cf255d868854/build]   | ifaddr/_shared.py:177: note: Perhaps you need \"Callable[...]\" or a callback protocol?\n[802ec0d8-1321-4263-80f9-cf255d868854/build]   | ifaddr/_shared.py:179: error: Value of type \"ctypes.pointer?[ifaddr._shared.sockaddr]\" is not indexable  [index]\n[802ec0d8-1321-4263-80f9-cf255d868854/build]   | ifaddr/_shared.py:184: error: Value of type \"ctypes.pointer?[ifaddr._shared.sockaddr]\" is not indexable  [index]\n[802ec0d8-1321-4263-80f9-cf255d868854/build]   | Found 3 errors in 1 file (checked 6 source files)\n[802ec0d8-1321-4263-80f9-cf255d868854/build]   \u274c  Failure - Main Run tests\n[802ec0d8-1321-4263-80f9-cf255d868854/build] exitcode '1': failure\n[802ec0d8-1321-4263-80f9-cf255d868854/build] \ud83c\udfc1  Job failed\n",
        "stderr": "Error: Job 'build' failed\n",
        "workflow": "/tmp/ad9c0f7e-1596-11ee-8a50-bb14de238602/pydron-ifaddr/.github/workflows/ci-crawler.yml",
        "build_tool": "pytest",
        "elapsed_time": 122.06504607200623
    }
}