{
    "repository": "python-telegram-bot/ptbcontrib",
    "stars": 85,
    "language": "python",
    "size": 975,
    "clone_url": "https://github.com/python-telegram-bot/ptbcontrib.git",
    "timestamp": "2023-06-28T16:09:37.356458Z",
    "clone_success": true,
    "number_of_actions": 2,
    "number_of_test_actions": 1,
    "actions_successful": false,
    "actions_build_tools": [
        "unknown",
        "pytest"
    ],
    "actions_test_build_tools": [
        "pytest"
    ],
    "actions_run": {
        "failed": true,
        "tests": [],
        "stdout": "[06501c9c-9923-4d01-ba15-032304101be6/pytest-1] \ud83d\ude80  Start image=crawlergpt:latest\n[06501c9c-9923-4d01-ba15-032304101be6/pytest-2] \ud83d\ude80  Start image=crawlergpt:latest\n[06501c9c-9923-4d01-ba15-032304101be6/pytest-1]   \ud83d\udc33  docker pull image=crawlergpt:latest platform= username= forcePull=false\n[06501c9c-9923-4d01-ba15-032304101be6/pytest-2]   \ud83d\udc33  docker pull image=crawlergpt:latest platform= username= forcePull=false\n[06501c9c-9923-4d01-ba15-032304101be6/pytest-2]   \ud83d\udc33  docker create image=crawlergpt:latest platform= entrypoint=[\"tail\" \"-f\" \"/dev/null\"] cmd=[]\n[06501c9c-9923-4d01-ba15-032304101be6/pytest-1]   \ud83d\udc33  docker create image=crawlergpt:latest platform= entrypoint=[\"tail\" \"-f\" \"/dev/null\"] cmd=[]\n[06501c9c-9923-4d01-ba15-032304101be6/pytest-1]   \ud83d\udc33  docker run image=crawlergpt:latest platform= entrypoint=[\"tail\" \"-f\" \"/dev/null\"] cmd=[]\n[06501c9c-9923-4d01-ba15-032304101be6/pytest-2]   \ud83d\udc33  docker run image=crawlergpt:latest platform= entrypoint=[\"tail\" \"-f\" \"/dev/null\"] cmd=[]\n[06501c9c-9923-4d01-ba15-032304101be6/pytest-1]   \ud83d\udc33  docker exec cmd=[chown -R 1012:1013 /tmp/ad9c0f7e-1596-11ee-8a50-bb14de238602/python-telegram-bot-ptbcontrib] user=0 workdir=\n[06501c9c-9923-4d01-ba15-032304101be6/pytest-2]   \ud83d\udc33  docker exec cmd=[chown -R 1012:1013 /tmp/ad9c0f7e-1596-11ee-8a50-bb14de238602/python-telegram-bot-ptbcontrib] user=0 workdir=\n[06501c9c-9923-4d01-ba15-032304101be6/pytest-2]   \u2601  git clone 'https://github.com/actions/setup-python' # ref=v4\n[06501c9c-9923-4d01-ba15-032304101be6/pytest-1]   \u2601  git clone 'https://github.com/actions/setup-python' # ref=v4\n[06501c9c-9923-4d01-ba15-032304101be6/pytest-2]   \u2601  git clone 'https://github.com/supercharge/mongodb-github-action' # ref=1.8.0\n[06501c9c-9923-4d01-ba15-032304101be6/pytest-1]   \u2601  git clone 'https://github.com/supercharge/mongodb-github-action' # ref=1.8.0\n[06501c9c-9923-4d01-ba15-032304101be6/pytest-2] \ud83e\uddea  Matrix: map[os:ubuntu-latest python-version:3.7 test-build:true]\n[06501c9c-9923-4d01-ba15-032304101be6/pytest-2] \u2b50 Run Main actions/checkout@v3\n[06501c9c-9923-4d01-ba15-032304101be6/pytest-2]   \u2705  Success - Main actions/checkout@v3\n[06501c9c-9923-4d01-ba15-032304101be6/pytest-1] \ud83e\uddea  Matrix: map[os:ubuntu-latest python-version:3.7]\n[06501c9c-9923-4d01-ba15-032304101be6/pytest-1] \u2b50 Run Main actions/checkout@v3\n[06501c9c-9923-4d01-ba15-032304101be6/pytest-2] \u2b50 Run Main Initialize vendored libs\n[06501c9c-9923-4d01-ba15-032304101be6/pytest-1]   \u2705  Success - Main actions/checkout@v3\n[06501c9c-9923-4d01-ba15-032304101be6/pytest-2]   \ud83d\udc33  docker exec cmd=[bash --noprofile --norc -e -o pipefail /var/run/act/workflow/1] user= workdir=\n[06501c9c-9923-4d01-ba15-032304101be6/pytest-1] \u2b50 Run Main Initialize vendored libs\n[06501c9c-9923-4d01-ba15-032304101be6/pytest-1]   \ud83d\udc33  docker exec cmd=[bash --noprofile --norc -e -o pipefail /var/run/act/workflow/1] user= workdir=\n[06501c9c-9923-4d01-ba15-032304101be6/pytest-2]   \u2705  Success - Main Initialize vendored libs\n[06501c9c-9923-4d01-ba15-032304101be6/pytest-1]   \u2705  Success - Main Initialize vendored libs\n[06501c9c-9923-4d01-ba15-032304101be6/pytest-2] \u2b50 Run Main Set up Python 3.7\n[06501c9c-9923-4d01-ba15-032304101be6/pytest-1] \u2b50 Run Main Set up Python 3.7\n[06501c9c-9923-4d01-ba15-032304101be6/pytest-2]   \ud83d\udc33  docker cp src=/tmp/act-cache/c07885e4-cdbb-4f3c-aa65-bb00c02069ce/act/actions-setup-python@v4/ dst=/var/run/act/actions/actions-setup-python@v4/\n[06501c9c-9923-4d01-ba15-032304101be6/pytest-1]   \ud83d\udc33  docker cp src=/tmp/act-cache/c07885e4-cdbb-4f3c-aa65-bb00c02069ce/act/actions-setup-python@v4/ dst=/var/run/act/actions/actions-setup-python@v4/\n[06501c9c-9923-4d01-ba15-032304101be6/pytest-2]   \ud83d\udc33  docker exec cmd=[chown -R 1012:1013 /var/run/act/actions/actions-setup-python@v4/] user=0 workdir=\n[06501c9c-9923-4d01-ba15-032304101be6/pytest-1]   \ud83d\udc33  docker exec cmd=[chown -R 1012:1013 /var/run/act/actions/actions-setup-python@v4/] user=0 workdir=\n[06501c9c-9923-4d01-ba15-032304101be6/pytest-1]   \ud83d\udc33  docker exec cmd=[node /var/run/act/actions/actions-setup-python@v4/dist/setup/index.js] user= workdir=\n[06501c9c-9923-4d01-ba15-032304101be6/pytest-2]   \ud83d\udc33  docker exec cmd=[node /var/run/act/actions/actions-setup-python@v4/dist/setup/index.js] user= workdir=\n[06501c9c-9923-4d01-ba15-032304101be6/pytest-1]   \ud83d\udcac  ::debug::Python is expected to be installed into /opt/hostedtoolcache\n[06501c9c-9923-4d01-ba15-032304101be6/pytest-1]   \u2753  ::group::Installed versions\n[06501c9c-9923-4d01-ba15-032304101be6/pytest-1]   \ud83d\udcac  ::debug::Semantic version spec of 3.7 is 3.7\n[06501c9c-9923-4d01-ba15-032304101be6/pytest-1]   \ud83d\udcac  ::debug::isExplicit: \n[06501c9c-9923-4d01-ba15-032304101be6/pytest-1]   \ud83d\udcac  ::debug::explicit? false\n[06501c9c-9923-4d01-ba15-032304101be6/pytest-1]   \ud83d\udcac  ::debug::isExplicit: 2.7.18\n[06501c9c-9923-4d01-ba15-032304101be6/pytest-1]   \ud83d\udcac  ::debug::explicit? true\n[06501c9c-9923-4d01-ba15-032304101be6/pytest-1]   \ud83d\udcac  ::debug::isExplicit: 3.5.10\n[06501c9c-9923-4d01-ba15-032304101be6/pytest-1]   \ud83d\udcac  ::debug::explicit? true\n[06501c9c-9923-4d01-ba15-032304101be6/pytest-1]   \ud83d\udcac  ::debug::isExplicit: 3.6.14\n[06501c9c-9923-4d01-ba15-032304101be6/pytest-1]   \ud83d\udcac  ::debug::explicit? true\n[06501c9c-9923-4d01-ba15-032304101be6/pytest-1]   \ud83d\udcac  ::debug::isExplicit: 3.7.11\n[06501c9c-9923-4d01-ba15-032304101be6/pytest-1]   \ud83d\udcac  ::debug::explicit? true\n[06501c9c-9923-4d01-ba15-032304101be6/pytest-1]   \ud83d\udcac  ::debug::isExplicit: 3.8.11\n[06501c9c-9923-4d01-ba15-032304101be6/pytest-1]   \ud83d\udcac  ::debug::explicit? true\n[06501c9c-9923-4d01-ba15-032304101be6/pytest-1]   \ud83d\udcac  ::debug::isExplicit: 3.9.6\n[06501c9c-9923-4d01-ba15-032304101be6/pytest-1]   \ud83d\udcac  ::debug::explicit? true\n[06501c9c-9923-4d01-ba15-032304101be6/pytest-1]   \ud83d\udcac  ::debug::evaluating 6 versions\n[06501c9c-9923-4d01-ba15-032304101be6/pytest-1]   \ud83d\udcac  ::debug::matched: 3.7.11\n[06501c9c-9923-4d01-ba15-032304101be6/pytest-1]   \ud83d\udcac  ::debug::checking cache: /opt/hostedtoolcache/Python/3.7.11/x64\n[06501c9c-9923-4d01-ba15-032304101be6/pytest-1]   \ud83d\udcac  ::debug::Found tool in cache Python 3.7.11 x64\n[06501c9c-9923-4d01-ba15-032304101be6/pytest-1]   | Successfully set up CPython (3.7.11)\n[06501c9c-9923-4d01-ba15-032304101be6/pytest-1]   \u2753  ::endgroup::\n[06501c9c-9923-4d01-ba15-032304101be6/pytest-1]   \u2753 add-matcher /run/act/actions/actions-setup-python@v4/.github/python.json\n[06501c9c-9923-4d01-ba15-032304101be6/pytest-2]   \ud83d\udcac  ::debug::Python is expected to be installed into /opt/hostedtoolcache\n[06501c9c-9923-4d01-ba15-032304101be6/pytest-2]   \u2753  ::group::Installed versions\n[06501c9c-9923-4d01-ba15-032304101be6/pytest-2]   \ud83d\udcac  ::debug::Semantic version spec of 3.7 is 3.7\n[06501c9c-9923-4d01-ba15-032304101be6/pytest-2]   \ud83d\udcac  ::debug::isExplicit: \n[06501c9c-9923-4d01-ba15-032304101be6/pytest-2]   \ud83d\udcac  ::debug::explicit? false\n[06501c9c-9923-4d01-ba15-032304101be6/pytest-2]   \ud83d\udcac  ::debug::isExplicit: 2.7.18\n[06501c9c-9923-4d01-ba15-032304101be6/pytest-2]   \ud83d\udcac  ::debug::explicit? true\n[06501c9c-9923-4d01-ba15-032304101be6/pytest-2]   \ud83d\udcac  ::debug::isExplicit: 3.5.10\n[06501c9c-9923-4d01-ba15-032304101be6/pytest-2]   \ud83d\udcac  ::debug::explicit? true\n[06501c9c-9923-4d01-ba15-032304101be6/pytest-2]   \ud83d\udcac  ::debug::isExplicit: 3.6.14\n[06501c9c-9923-4d01-ba15-032304101be6/pytest-2]   \ud83d\udcac  ::debug::explicit? true\n[06501c9c-9923-4d01-ba15-032304101be6/pytest-2]   \ud83d\udcac  ::debug::isExplicit: 3.7.11\n[06501c9c-9923-4d01-ba15-032304101be6/pytest-2]   \ud83d\udcac  ::debug::explicit? true\n[06501c9c-9923-4d01-ba15-032304101be6/pytest-2]   \ud83d\udcac  ::debug::isExplicit: 3.8.11\n[06501c9c-9923-4d01-ba15-032304101be6/pytest-2]   \ud83d\udcac  ::debug::explicit? true\n[06501c9c-9923-4d01-ba15-032304101be6/pytest-2]   \ud83d\udcac  ::debug::isExplicit: 3.9.6\n[06501c9c-9923-4d01-ba15-032304101be6/pytest-2]   \ud83d\udcac  ::debug::explicit? true\n[06501c9c-9923-4d01-ba15-032304101be6/pytest-2]   \ud83d\udcac  ::debug::evaluating 6 versions\n[06501c9c-9923-4d01-ba15-032304101be6/pytest-1]   \u2705  Success - Main Set up Python 3.7\n[06501c9c-9923-4d01-ba15-032304101be6/pytest-2]   \ud83d\udcac  ::debug::matched: 3.7.11\n[06501c9c-9923-4d01-ba15-032304101be6/pytest-2]   \ud83d\udcac  ::debug::checking cache: /opt/hostedtoolcache/Python/3.7.11/x64\n[06501c9c-9923-4d01-ba15-032304101be6/pytest-2]   \ud83d\udcac  ::debug::Found tool in cache Python 3.7.11 x64\n[06501c9c-9923-4d01-ba15-032304101be6/pytest-2]   | Successfully set up CPython (3.7.11)\n[06501c9c-9923-4d01-ba15-032304101be6/pytest-2]   \u2753  ::endgroup::\n[06501c9c-9923-4d01-ba15-032304101be6/pytest-2]   \u2753 add-matcher /run/act/actions/actions-setup-python@v4/.github/python.json\n[06501c9c-9923-4d01-ba15-032304101be6/pytest-2]   \u2705  Success - Main Set up Python 3.7\n[06501c9c-9923-4d01-ba15-032304101be6/pytest-1]   \u2699  ::set-env:: Python_ROOT_DIR=/opt/hostedtoolcache/Python/3.7.11/x64\n[06501c9c-9923-4d01-ba15-032304101be6/pytest-1]   \u2699  ::set-env:: Python2_ROOT_DIR=/opt/hostedtoolcache/Python/3.7.11/x64\n[06501c9c-9923-4d01-ba15-032304101be6/pytest-1]   \u2699  ::set-env:: Python3_ROOT_DIR=/opt/hostedtoolcache/Python/3.7.11/x64\n[06501c9c-9923-4d01-ba15-032304101be6/pytest-1]   \u2699  ::set-env:: LD_LIBRARY_PATH=/opt/hostedtoolcache/Python/3.7.11/x64/lib\n[06501c9c-9923-4d01-ba15-032304101be6/pytest-1]   \u2699  ::set-env:: pythonLocation=/opt/hostedtoolcache/Python/3.7.11/x64\n[06501c9c-9923-4d01-ba15-032304101be6/pytest-1]   \u2699  ::set-env:: PKG_CONFIG_PATH=/opt/hostedtoolcache/Python/3.7.11/x64/lib/pkgconfig\n[06501c9c-9923-4d01-ba15-032304101be6/pytest-2]   \u2699  ::set-env:: pythonLocation=/opt/hostedtoolcache/Python/3.7.11/x64\n[06501c9c-9923-4d01-ba15-032304101be6/pytest-2]   \u2699  ::set-env:: PKG_CONFIG_PATH=/opt/hostedtoolcache/Python/3.7.11/x64/lib/pkgconfig\n[06501c9c-9923-4d01-ba15-032304101be6/pytest-2]   \u2699  ::set-env:: Python_ROOT_DIR=/opt/hostedtoolcache/Python/3.7.11/x64\n[06501c9c-9923-4d01-ba15-032304101be6/pytest-2]   \u2699  ::set-env:: Python2_ROOT_DIR=/opt/hostedtoolcache/Python/3.7.11/x64\n[06501c9c-9923-4d01-ba15-032304101be6/pytest-2]   \u2699  ::set-env:: Python3_ROOT_DIR=/opt/hostedtoolcache/Python/3.7.11/x64\n[06501c9c-9923-4d01-ba15-032304101be6/pytest-2]   \u2699  ::set-env:: LD_LIBRARY_PATH=/opt/hostedtoolcache/Python/3.7.11/x64/lib\n[06501c9c-9923-4d01-ba15-032304101be6/pytest-1]   \u2699  ::set-output:: python-path=/opt/hostedtoolcache/Python/3.7.11/x64/bin/python\n[06501c9c-9923-4d01-ba15-032304101be6/pytest-1]   \u2699  ::set-output:: python-version=3.7.11\n[06501c9c-9923-4d01-ba15-032304101be6/pytest-2]   \u2699  ::set-output:: python-version=3.7.11\n[06501c9c-9923-4d01-ba15-032304101be6/pytest-2]   \u2699  ::set-output:: python-path=/opt/hostedtoolcache/Python/3.7.11/x64/bin/python\n[06501c9c-9923-4d01-ba15-032304101be6/pytest-1]   \u2699  ::add-path:: /opt/hostedtoolcache/Python/3.7.11/x64\n[06501c9c-9923-4d01-ba15-032304101be6/pytest-1]   \u2699  ::add-path:: /opt/hostedtoolcache/Python/3.7.11/x64/bin\n[06501c9c-9923-4d01-ba15-032304101be6/pytest-2]   \u2699  ::add-path:: /opt/hostedtoolcache/Python/3.7.11/x64\n[06501c9c-9923-4d01-ba15-032304101be6/pytest-2]   \u2699  ::add-path:: /opt/hostedtoolcache/Python/3.7.11/x64/bin\n[06501c9c-9923-4d01-ba15-032304101be6/pytest-1] \u2b50 Run Main Start MongoDB\n[06501c9c-9923-4d01-ba15-032304101be6/pytest-2] \u2b50 Run Main Start MongoDB\n[06501c9c-9923-4d01-ba15-032304101be6/pytest-1]   \ud83d\udc33  docker build -t act-supercharge-mongodb-github-action-1-8-0-dockeraction:latest /tmp/act-cache/c07885e4-cdbb-4f3c-aa65-bb00c02069ce/act/supercharge-mongodb-github-action@1.8.0/\n[06501c9c-9923-4d01-ba15-032304101be6/pytest-2]   \ud83d\udc33  docker build -t act-supercharge-mongodb-github-action-1-8-0-dockeraction:latest /tmp/act-cache/c07885e4-cdbb-4f3c-aa65-bb00c02069ce/act/supercharge-mongodb-github-action@1.8.0/\n[06501c9c-9923-4d01-ba15-032304101be6/pytest-2]   \ud83d\udc33  docker pull image=act-supercharge-mongodb-github-action-1-8-0-dockeraction:latest platform= username= forcePull=false\n[06501c9c-9923-4d01-ba15-032304101be6/pytest-1]   \ud83d\udc33  docker pull image=act-supercharge-mongodb-github-action-1-8-0-dockeraction:latest platform= username= forcePull=false\n[06501c9c-9923-4d01-ba15-032304101be6/pytest-2]   \ud83d\udc33  docker create image=act-supercharge-mongodb-github-action-1-8-0-dockeraction:latest platform= entrypoint=[] cmd=[\"latest\" \"\" \"27017\" \"\" \"\" \"\"]\n[06501c9c-9923-4d01-ba15-032304101be6/pytest-1]   \ud83d\udc33  docker create image=act-supercharge-mongodb-github-action-1-8-0-dockeraction:latest platform= entrypoint=[] cmd=[\"latest\" \"\" \"27017\" \"\" \"\" \"\"]\n[06501c9c-9923-4d01-ba15-032304101be6/pytest-1]   \ud83d\udc33  docker run image=act-supercharge-mongodb-github-action-1-8-0-dockeraction:latest platform= entrypoint=[] cmd=[\"latest\" \"\" \"27017\" \"\" \"\" \"\"]\n[06501c9c-9923-4d01-ba15-032304101be6/pytest-2]   \ud83d\udc33  docker run image=act-supercharge-mongodb-github-action-1-8-0-dockeraction:latest platform= entrypoint=[] cmd=[\"latest\" \"\" \"27017\" \"\" \"\" \"\"]\n[06501c9c-9923-4d01-ba15-032304101be6/pytest-1]   \u2753  ::group::Selecting correct MongoDB client\n[06501c9c-9923-4d01-ba15-032304101be6/pytest-2]   \u2753  ::group::Selecting correct MongoDB client\n[06501c9c-9923-4d01-ba15-032304101be6/pytest-1]   |   - Using [mongosh --quiet]\n[06501c9c-9923-4d01-ba15-032304101be6/pytest-1]   | \n[06501c9c-9923-4d01-ba15-032304101be6/pytest-1]   \u2753  ::endgroup::\n[06501c9c-9923-4d01-ba15-032304101be6/pytest-1]   \u2753  ::group::Starting single-node instance, no replica set\n[06501c9c-9923-4d01-ba15-032304101be6/pytest-1]   |   - port [27017]\n[06501c9c-9923-4d01-ba15-032304101be6/pytest-1]   |   - version [latest]\n[06501c9c-9923-4d01-ba15-032304101be6/pytest-1]   |   - database []\n[06501c9c-9923-4d01-ba15-032304101be6/pytest-1]   |   - credentials [:]\n[06501c9c-9923-4d01-ba15-032304101be6/pytest-1]   | \n[06501c9c-9923-4d01-ba15-032304101be6/pytest-2]   |   - Using [mongosh --quiet]\n[06501c9c-9923-4d01-ba15-032304101be6/pytest-2]   | \n[06501c9c-9923-4d01-ba15-032304101be6/pytest-2]   \u2753  ::endgroup::\n[06501c9c-9923-4d01-ba15-032304101be6/pytest-2]   \u2753  ::group::Starting single-node instance, no replica set\n[06501c9c-9923-4d01-ba15-032304101be6/pytest-2]   |   - port [27017]\n[06501c9c-9923-4d01-ba15-032304101be6/pytest-2]   |   - version [latest]\n[06501c9c-9923-4d01-ba15-032304101be6/pytest-2]   |   - database []\n[06501c9c-9923-4d01-ba15-032304101be6/pytest-2]   |   - credentials [:]\n[06501c9c-9923-4d01-ba15-032304101be6/pytest-2]   | \n[06501c9c-9923-4d01-ba15-032304101be6/pytest-2]   | docker: Got permission denied while trying to connect to the Docker daemon socket at unix:///var/run/docker.sock: Post http://%2Fvar%2Frun%2Fdocker.sock/v1.40/containers/create?name=mongodb: dial unix /var/run/docker.sock: connect: permission denied.\n[06501c9c-9923-4d01-ba15-032304101be6/pytest-2]   | See 'docker run --help'.\n[06501c9c-9923-4d01-ba15-032304101be6/pytest-2]   \u2753  ::endgroup::\n[06501c9c-9923-4d01-ba15-032304101be6/pytest-1]   | docker: Got permission denied while trying to connect to the Docker daemon socket at unix:///var/run/docker.sock: Post http://%2Fvar%2Frun%2Fdocker.sock/v1.40/containers/create?name=mongodb: dial unix /var/run/docker.sock: connect: permission denied.\n[06501c9c-9923-4d01-ba15-032304101be6/pytest-1]   | See 'docker run --help'.\n[06501c9c-9923-4d01-ba15-032304101be6/pytest-1]   \u2753  ::endgroup::\n[06501c9c-9923-4d01-ba15-032304101be6/pytest-2]   \u2705  Success - Main Start MongoDB\n[06501c9c-9923-4d01-ba15-032304101be6/pytest-2] \u2b50 Run Main Install dependencies\n[06501c9c-9923-4d01-ba15-032304101be6/pytest-2]   \ud83d\udc33  docker exec cmd=[bash --noprofile --norc -e -o pipefail /var/run/act/workflow/4] user= workdir=\n[06501c9c-9923-4d01-ba15-032304101be6/pytest-1]   \u2705  Success - Main Start MongoDB\n[06501c9c-9923-4d01-ba15-032304101be6/pytest-1] \u2b50 Run Main Install dependencies\n[06501c9c-9923-4d01-ba15-032304101be6/pytest-1]   \ud83d\udc33  docker exec cmd=[bash --noprofile --norc -e -o pipefail /var/run/act/workflow/4] user= workdir=\n[06501c9c-9923-4d01-ba15-032304101be6/pytest-1]   | Requirement already satisfied: pip in /opt/hostedtoolcache/Python/3.7.11/x64/lib/python3.7/site-packages (21.2.4)\n[06501c9c-9923-4d01-ba15-032304101be6/pytest-2]   | Requirement already satisfied: pip in /opt/hostedtoolcache/Python/3.7.11/x64/lib/python3.7/site-packages (21.2.4)\n[06501c9c-9923-4d01-ba15-032304101be6/pytest-1]   | Collecting pip\n[06501c9c-9923-4d01-ba15-032304101be6/pytest-1]   |   Downloading pip-23.1.2-py3-none-any.whl (2.1 MB)\n[06501c9c-9923-4d01-ba15-032304101be6/pytest-2]   | Collecting pip\n[06501c9c-9923-4d01-ba15-032304101be6/pytest-2]   |   Downloading pip-23.1.2-py3-none-any.whl (2.1 MB)\n[06501c9c-9923-4d01-ba15-032304101be6/pytest-1]   | Installing collected packages: pip\n[06501c9c-9923-4d01-ba15-032304101be6/pytest-1]   |   Attempting uninstall: pip\n[06501c9c-9923-4d01-ba15-032304101be6/pytest-1]   |     Found existing installation: pip 21.2.4\n[06501c9c-9923-4d01-ba15-032304101be6/pytest-2]   | Installing collected packages: pip\n[06501c9c-9923-4d01-ba15-032304101be6/pytest-2]   |   Attempting uninstall: pip\n[06501c9c-9923-4d01-ba15-032304101be6/pytest-2]   |     Found existing installation: pip 21.2.4\n[06501c9c-9923-4d01-ba15-032304101be6/pytest-1]   |     Uninstalling pip-21.2.4:\n[06501c9c-9923-4d01-ba15-032304101be6/pytest-2]   |     Uninstalling pip-21.2.4:\n[06501c9c-9923-4d01-ba15-032304101be6/pytest-1]   |       Successfully uninstalled pip-21.2.4\n[06501c9c-9923-4d01-ba15-032304101be6/pytest-2]   |       Successfully uninstalled pip-21.2.4\n[06501c9c-9923-4d01-ba15-032304101be6/pytest-2]   | Successfully installed pip-23.1.2\n[06501c9c-9923-4d01-ba15-032304101be6/pytest-1]   | Successfully installed pip-23.1.2\n[06501c9c-9923-4d01-ba15-032304101be6/pytest-2]   | Collecting python-telegram-bot (from -r requirements.txt (line 1))\n[06501c9c-9923-4d01-ba15-032304101be6/pytest-2]   |   Downloading python_telegram_bot-20.3-py3-none-any.whl (545 kB)\n[06501c9c-9923-4d01-ba15-032304101be6/pytest-1]   | Collecting python-telegram-bot (from -r requirements.txt (line 1))\n[06501c9c-9923-4d01-ba15-032304101be6/pytest-1]   |   Downloading python_telegram_bot-20.3-py3-none-any.whl (545 kB)\n[06501c9c-9923-4d01-ba15-032304101be6/pytest-2]   |      \u2501\u2501\u2501\u2501\u2501\u2501\u2501\u2501\u2501\u2501\u2501\u2501\u2501\u2501\u2501\u2501\u2501\u2501\u2501\u2501\u2501\u2501\u2501\u2501\u2501\u2501\u2501\u2501\u2501\u2501\u2501\u2501\u2501\u2501\u2501\u2501\u2501\u2501\u2501 545.4/545.4 kB 6.6 MB/s eta 0:00:00\n[06501c9c-9923-4d01-ba15-032304101be6/pytest-1]   |      \u2501\u2501\u2501\u2501\u2501\u2501\u2501\u2501\u2501\u2501\u2501\u2501\u2501\u2501\u2501\u2501\u2501\u2501\u2501\u2501\u2501\u2501\u2501\u2501\u2501\u2501\u2501\u2501\u2501\u2501\u2501\u2501\u2501\u2501\u2501\u2501\u2501\u2501\u2501 545.4/545.4 kB 4.5 MB/s eta 0:00:00\n[06501c9c-9923-4d01-ba15-032304101be6/pytest-2]   | Collecting httpx~=0.24.0 (from python-telegram-bot->-r requirements.txt (line 1))\n[06501c9c-9923-4d01-ba15-032304101be6/pytest-2]   |   Downloading httpx-0.24.1-py3-none-any.whl (75 kB)\n[06501c9c-9923-4d01-ba15-032304101be6/pytest-1]   | Collecting httpx~=0.24.0 (from python-telegram-bot->-r requirements.txt (line 1))\n[06501c9c-9923-4d01-ba15-032304101be6/pytest-1]   |   Downloading httpx-0.24.1-py3-none-any.whl (75 kB)\n[06501c9c-9923-4d01-ba15-032304101be6/pytest-2]   |      \u2501\u2501\u2501\u2501\u2501\u2501\u2501\u2501\u2501\u2501\u2501\u2501\u2501\u2501\u2501\u2501\u2501\u2501\u2501\u2501\u2501\u2501\u2501\u2501\u2501\u2501\u2501\u2501\u2501\u2501\u2501\u2501\u2501\u2501\u2501\u2501\u2501\u2501\u2501 75.4/75.4 kB 815.2 kB/s eta 0:00:00\n[06501c9c-9923-4d01-ba15-032304101be6/pytest-1]   |      \u2501\u2501\u2501\u2501\u2501\u2501\u2501\u2501\u2501\u2501\u2501\u2501\u2501\u2501\u2501\u2501\u2501\u2501\u2501\u2501\u2501\u2501\u2501\u2501\u2501\u2501\u2501\u2501\u2501\u2501\u2501\u2501\u2501\u2501\u2501\u2501\u2501\u2501\u2501\u2501 75.4/75.4 kB 1.8 MB/s eta 0:00:00\n[06501c9c-9923-4d01-ba15-032304101be6/pytest-2]   | Collecting certifi (from httpx~=0.24.0->python-telegram-bot->-r requirements.txt (line 1))\n[06501c9c-9923-4d01-ba15-032304101be6/pytest-2]   |   Downloading certifi-2023.5.7-py3-none-any.whl (156 kB)\n[06501c9c-9923-4d01-ba15-032304101be6/pytest-1]   | Collecting certifi (from httpx~=0.24.0->python-telegram-bot->-r requirements.txt (line 1))\n[06501c9c-9923-4d01-ba15-032304101be6/pytest-2]   |      \u2501\u2501\u2501\u2501\u2501\u2501\u2501\u2501\u2501\u2501\u2501\u2501\u2501\u2501\u2501\u2501\u2501\u2501\u2501\u2501\u2501\u2501\u2501\u2501\u2501\u2501\u2501\u2501\u2501\u2501\u2501\u2501\u2501\u2501\u2501\u2501\u2501\u2501\u2501 157.0/157.0 kB 3.1 MB/s eta 0:00:00\n[06501c9c-9923-4d01-ba15-032304101be6/pytest-1]   |   Downloading certifi-2023.5.7-py3-none-any.whl (156 kB)\n[06501c9c-9923-4d01-ba15-032304101be6/pytest-1]   |      \u2501\u2501\u2501\u2501\u2501\u2501\u2501\u2501\u2501\u2501\u2501\u2501\u2501\u2501\u2501\u2501\u2501\u2501\u2501\u2501\u2501\u2501\u2501\u2501\u2501\u2501\u2501\u2501\u2501\u2501\u2501\u2501\u2501\u2501\u2501\u2501\u2501\u2501\u2501 157.0/157.0 kB 8.0 MB/s eta 0:00:00\n[06501c9c-9923-4d01-ba15-032304101be6/pytest-2]   | Collecting httpcore<0.18.0,>=0.15.0 (from httpx~=0.24.0->python-telegram-bot->-r requirements.txt (line 1))\n[06501c9c-9923-4d01-ba15-032304101be6/pytest-2]   |   Downloading httpcore-0.17.2-py3-none-any.whl (72 kB)\n[06501c9c-9923-4d01-ba15-032304101be6/pytest-2]   |      \u2501\u2501\u2501\u2501\u2501\u2501\u2501\u2501\u2501\u2501\u2501\u2501\u2501\u2501\u2501\u2501\u2501\u2501\u2501\u2501\u2501\u2501\u2501\u2501\u2501\u2501\u2501\u2501\u2501\u2501\u2501\u2501\u2501\u2501\u2501\u2501\u2501\u2501\u2501\u2501 72.5/72.5 kB 11.1 MB/s eta 0:00:00\n[06501c9c-9923-4d01-ba15-032304101be6/pytest-1]   | Collecting httpcore<0.18.0,>=0.15.0 (from httpx~=0.24.0->python-telegram-bot->-r requirements.txt (line 1))\n[06501c9c-9923-4d01-ba15-032304101be6/pytest-1]   |   Downloading httpcore-0.17.2-py3-none-any.whl (72 kB)\n[06501c9c-9923-4d01-ba15-032304101be6/pytest-1]   |      \u2501\u2501\u2501\u2501\u2501\u2501\u2501\u2501\u2501\u2501\u2501\u2501\u2501\u2501\u2501\u2501\u2501\u2501\u2501\u2501\u2501\u2501\u2501\u2501\u2501\u2501\u2501\u2501\u2501\u2501\u2501\u2501\u2501\u2501\u2501\u2501\u2501\u2501\u2501\u2501 72.5/72.5 kB 7.8 MB/s eta 0:00:00\n[06501c9c-9923-4d01-ba15-032304101be6/pytest-2]   | Collecting idna (from httpx~=0.24.0->python-telegram-bot->-r requirements.txt (line 1))\n[06501c9c-9923-4d01-ba15-032304101be6/pytest-1]   | Collecting idna (from httpx~=0.24.0->python-telegram-bot->-r requirements.txt (line 1))\n[06501c9c-9923-4d01-ba15-032304101be6/pytest-2]   |   Downloading idna-3.4-py3-none-any.whl (61 kB)\n[06501c9c-9923-4d01-ba15-032304101be6/pytest-1]   |   Downloading idna-3.4-py3-none-any.whl (61 kB)\n[06501c9c-9923-4d01-ba15-032304101be6/pytest-2]   |      \u2501\u2501\u2501\u2501\u2501\u2501\u2501\u2501\u2501\u2501\u2501\u2501\u2501\u2501\u2501\u2501\u2501\u2501\u2501\u2501\u2501\u2501\u2501\u2501\u2501\u2501\u2501\u2501\u2501\u2501\u2501\u2501\u2501\u2501\u2501\u2501\u2501\u2501\u2501 61.5/61.5 kB 860.6 kB/s eta 0:00:00\n[06501c9c-9923-4d01-ba15-032304101be6/pytest-1]   |      \u2501\u2501\u2501\u2501\u2501\u2501\u2501\u2501\u2501\u2501\u2501\u2501\u2501\u2501\u2501\u2501\u2501\u2501\u2501\u2501\u2501\u2501\u2501\u2501\u2501\u2501\u2501\u2501\u2501\u2501\u2501\u2501\u2501\u2501\u2501\u2501\u2501\u2501\u2501 61.5/61.5 kB 980.5 kB/s eta 0:00:00\n[06501c9c-9923-4d01-ba15-032304101be6/pytest-1]   | Collecting sniffio (from httpx~=0.24.0->python-telegram-bot->-r requirements.txt (line 1))\n[06501c9c-9923-4d01-ba15-032304101be6/pytest-1]   |   Downloading sniffio-1.3.0-py3-none-any.whl (10 kB)\n[06501c9c-9923-4d01-ba15-032304101be6/pytest-2]   | Collecting sniffio (from httpx~=0.24.0->python-telegram-bot->-r requirements.txt (line 1))\n[06501c9c-9923-4d01-ba15-032304101be6/pytest-2]   |   Downloading sniffio-1.3.0-py3-none-any.whl (10 kB)\n[06501c9c-9923-4d01-ba15-032304101be6/pytest-2]   | Collecting h11<0.15,>=0.13 (from httpcore<0.18.0,>=0.15.0->httpx~=0.24.0->python-telegram-bot->-r requirements.txt (line 1))\n[06501c9c-9923-4d01-ba15-032304101be6/pytest-2]   |   Downloading h11-0.14.0-py3-none-any.whl (58 kB)\n[06501c9c-9923-4d01-ba15-032304101be6/pytest-1]   | Collecting h11<0.15,>=0.13 (from httpcore<0.18.0,>=0.15.0->httpx~=0.24.0->python-telegram-bot->-r requirements.txt (line 1))\n[06501c9c-9923-4d01-ba15-032304101be6/pytest-1]   |   Downloading h11-0.14.0-py3-none-any.whl (58 kB)\n[06501c9c-9923-4d01-ba15-032304101be6/pytest-2]   |      \u2501\u2501\u2501\u2501\u2501\u2501\u2501\u2501\u2501\u2501\u2501\u2501\u2501\u2501\u2501\u2501\u2501\u2501\u2501\u2501\u2501\u2501\u2501\u2501\u2501\u2501\u2501\u2501\u2501\u2501\u2501\u2501\u2501\u2501\u2501\u2501\u2501\u2501\u2501 58.3/58.3 kB 394.5 kB/s eta 0:00:00\n[06501c9c-9923-4d01-ba15-032304101be6/pytest-1]   |      \u2501\u2501\u2501\u2501\u2501\u2501\u2501\u2501\u2501\u2501\u2501\u2501\u2501\u2501\u2501\u2501\u2501\u2501\u2501\u2501\u2501\u2501\u2501\u2501\u2501\u2501\u2501\u2501\u2501\u2501\u2501\u2501\u2501\u2501\u2501\u2501\u2501\u2501\u2501 58.3/58.3 kB 430.4 kB/s eta 0:00:00\n[06501c9c-9923-4d01-ba15-032304101be6/pytest-2]   | Collecting anyio<5.0,>=3.0 (from httpcore<0.18.0,>=0.15.0->httpx~=0.24.0->python-telegram-bot->-r requirements.txt (line 1))\n[06501c9c-9923-4d01-ba15-032304101be6/pytest-1]   | Collecting anyio<5.0,>=3.0 (from httpcore<0.18.0,>=0.15.0->httpx~=0.24.0->python-telegram-bot->-r requirements.txt (line 1))\n[06501c9c-9923-4d01-ba15-032304101be6/pytest-2]   |   Downloading anyio-3.7.0-py3-none-any.whl (80 kB)\n[06501c9c-9923-4d01-ba15-032304101be6/pytest-1]   |   Downloading anyio-3.7.0-py3-none-any.whl (80 kB)\n[06501c9c-9923-4d01-ba15-032304101be6/pytest-2]   |      \u2501\u2501\u2501\u2501\u2501\u2501\u2501\u2501\u2501\u2501\u2501\u2501\u2501\u2501\u2501\u2501\u2501\u2501\u2501\u2501\u2501\u2501\u2501\u2501\u2501\u2501\u2501\u2501\u2501\u2501\u2501\u2501\u2501\u2501\u2501\u2501\u2501\u2501\u2501 80.9/80.9 kB 553.0 kB/s eta 0:00:00\n[06501c9c-9923-4d01-ba15-032304101be6/pytest-1]   |      \u2501\u2501\u2501\u2501\u2501\u2501\u2501\u2501\u2501\u2501\u2501\u2501\u2501\u2501\u2501\u2501\u2501\u2501\u2501\u2501\u2501\u2501\u2501\u2501\u2501\u2501\u2501\u2501\u2501\u2501\u2501\u2501\u2501\u2501\u2501\u2501\u2501\u2501\u2501 80.9/80.9 kB 739.5 kB/s eta 0:00:00\n[06501c9c-9923-4d01-ba15-032304101be6/pytest-2]   | Collecting exceptiongroup (from anyio<5.0,>=3.0->httpcore<0.18.0,>=0.15.0->httpx~=0.24.0->python-telegram-bot->-r requirements.txt (line 1))\n[06501c9c-9923-4d01-ba15-032304101be6/pytest-1]   | Collecting exceptiongroup (from anyio<5.0,>=3.0->httpcore<0.18.0,>=0.15.0->httpx~=0.24.0->python-telegram-bot->-r requirements.txt (line 1))\n[06501c9c-9923-4d01-ba15-032304101be6/pytest-1]   |   Downloading exceptiongroup-1.1.1-py3-none-any.whl (14 kB)\n[06501c9c-9923-4d01-ba15-032304101be6/pytest-2]   |   Downloading exceptiongroup-1.1.1-py3-none-any.whl (14 kB)\n[06501c9c-9923-4d01-ba15-032304101be6/pytest-1]   | Collecting typing-extensions (from anyio<5.0,>=3.0->httpcore<0.18.0,>=0.15.0->httpx~=0.24.0->python-telegram-bot->-r requirements.txt (line 1))\n[06501c9c-9923-4d01-ba15-032304101be6/pytest-2]   | Collecting typing-extensions (from anyio<5.0,>=3.0->httpcore<0.18.0,>=0.15.0->httpx~=0.24.0->python-telegram-bot->-r requirements.txt (line 1))\n[06501c9c-9923-4d01-ba15-032304101be6/pytest-1]   |   Downloading typing_extensions-4.6.3-py3-none-any.whl (31 kB)\n[06501c9c-9923-4d01-ba15-032304101be6/pytest-2]   |   Downloading typing_extensions-4.6.3-py3-none-any.whl (31 kB)\n[06501c9c-9923-4d01-ba15-032304101be6/pytest-1]   | Installing collected packages: typing-extensions, sniffio, idna, exceptiongroup, certifi, h11, anyio, httpcore, httpx, python-telegram-bot\n[06501c9c-9923-4d01-ba15-032304101be6/pytest-2]   | Installing collected packages: typing-extensions, sniffio, idna, exceptiongroup, certifi, h11, anyio, httpcore, httpx, python-telegram-bot\n[06501c9c-9923-4d01-ba15-032304101be6/pytest-2]   | Successfully installed anyio-3.7.0 certifi-2023.5.7 exceptiongroup-1.1.1 h11-0.14.0 httpcore-0.17.2 httpx-0.24.1 idna-3.4 python-telegram-bot-20.3 sniffio-1.3.0 typing-extensions-4.6.3\n[06501c9c-9923-4d01-ba15-032304101be6/pytest-1]   | Successfully installed anyio-3.7.0 certifi-2023.5.7 exceptiongroup-1.1.1 h11-0.14.0 httpcore-0.17.2 httpx-0.24.1 idna-3.4 python-telegram-bot-20.3 sniffio-1.3.0 typing-extensions-4.6.3\n[06501c9c-9923-4d01-ba15-032304101be6/pytest-2]   | \n[06501c9c-9923-4d01-ba15-032304101be6/pytest-2]   | [notice] A new release of pip is available: 20.1.1 -> 23.1.2\n[06501c9c-9923-4d01-ba15-032304101be6/pytest-2]   | [notice] To update, run: pip install --upgrade pip\n[06501c9c-9923-4d01-ba15-032304101be6/pytest-1]   | \n[06501c9c-9923-4d01-ba15-032304101be6/pytest-1]   | [notice] A new release of pip is available: 20.1.1 -> 23.1.2\n[06501c9c-9923-4d01-ba15-032304101be6/pytest-1]   | [notice] To update, run: pip install --upgrade pip\n[06501c9c-9923-4d01-ba15-032304101be6/pytest-1]   | Collecting cryptography!=3.4,!=3.4.1,!=3.4.2,!=3.4.3 (from -r requirements-dev.txt (line 2))\n[06501c9c-9923-4d01-ba15-032304101be6/pytest-2]   | Collecting cryptography!=3.4,!=3.4.1,!=3.4.2,!=3.4.3 (from -r requirements-dev.txt (line 2))\n[06501c9c-9923-4d01-ba15-032304101be6/pytest-1]   |   Downloading cryptography-41.0.1-cp37-abi3-manylinux_2_28_x86_64.whl (4.3 MB)\n[06501c9c-9923-4d01-ba15-032304101be6/pytest-2]   |   Downloading cryptography-41.0.1-cp37-abi3-manylinux_2_28_x86_64.whl (4.3 MB)\n[06501c9c-9923-4d01-ba15-032304101be6/pytest-2]   |      \u2501\u2501\u2501\u2501\u2501\u2501\u2501\u2501\u2501\u2501\u2501\u2501\u2501\u2501\u2501\u2501\u2501\u2501\u2501\u2501\u2501\u2501\u2501\u2501\u2501\u2501\u2501\u2501\u2501\u2501\u2501\u2501\u2501\u2501\u2501\u2501\u2501\u2501\u2501\u2501 4.3/4.3 MB 11.3 MB/s eta 0:00:00\n[06501c9c-9923-4d01-ba15-032304101be6/pytest-1]   |      \u2501\u2501\u2501\u2501\u2501\u2501\u2501\u2501\u2501\u2501\u2501\u2501\u2501\u2501\u2501\u2501\u2501\u2501\u2501\u2501\u2501\u2501\u2501\u2501\u2501\u2501\u2501\u2501\u2501\u2501\u2501\u2501\u2501\u2501\u2501\u2501\u2501\u2501\u2501\u2501 4.3/4.3 MB 8.6 MB/s eta 0:00:00\n[06501c9c-9923-4d01-ba15-032304101be6/pytest-2]   | Collecting pygit2==1.9.1 (from -r requirements-dev.txt (line 3))\n[06501c9c-9923-4d01-ba15-032304101be6/pytest-1]   | Collecting pygit2==1.9.1 (from -r requirements-dev.txt (line 3))\n[06501c9c-9923-4d01-ba15-032304101be6/pytest-2]   |   Downloading pygit2-1.9.1-cp37-cp37m-manylinux_2_17_x86_64.manylinux2014_x86_64.whl (4.5 MB)\n[06501c9c-9923-4d01-ba15-032304101be6/pytest-1]   |   Downloading pygit2-1.9.1-cp37-cp37m-manylinux_2_17_x86_64.manylinux2014_x86_64.whl (4.5 MB)\n[06501c9c-9923-4d01-ba15-032304101be6/pytest-2]   |      \u2501\u2501\u2501\u2501\u2501\u2501\u2501\u2501\u2501\u2501\u2501\u2501\u2501\u2501\u2501\u2501\u2501\u2501\u2501\u2501\u2501\u2501\u2501\u2501\u2501\u2501\u2501\u2501\u2501\u2501\u2501\u2501\u2501\u2501\u2501\u2501\u2501\u2501\u2501\u2501 4.5/4.5 MB 6.8 MB/s eta 0:00:00\n[06501c9c-9923-4d01-ba15-032304101be6/pytest-1]   |      \u2501\u2501\u2501\u2501\u2501\u2501\u2501\u2501\u2501\u2501\u2501\u2501\u2501\u2501\u2501\u2501\u2501\u2501\u2501\u2501\u2501\u2501\u2501\u2501\u2501\u2501\u2501\u2501\u2501\u2501\u2501\u2501\u2501\u2501\u2501\u2501\u2501\u2501\u2501\u2501 4.5/4.5 MB 7.1 MB/s eta 0:00:00\n[06501c9c-9923-4d01-ba15-032304101be6/pytest-2]   | Collecting pre-commit (from -r requirements-dev.txt (line 5))\n[06501c9c-9923-4d01-ba15-032304101be6/pytest-1]   | Collecting pre-commit (from -r requirements-dev.txt (line 5))\n[06501c9c-9923-4d01-ba15-032304101be6/pytest-2]   |   Downloading pre_commit-2.21.0-py2.py3-none-any.whl (201 kB)\n[06501c9c-9923-4d01-ba15-032304101be6/pytest-1]   |   Downloading pre_commit-2.21.0-py2.py3-none-any.whl (201 kB)\n[06501c9c-9923-4d01-ba15-032304101be6/pytest-2]   |      \u2501\u2501\u2501\u2501\u2501\u2501\u2501\u2501\u2501\u2501\u2501\u2501\u2501\u2501\u2501\u2501\u2501\u2501\u2501\u2501\u2501\u2501\u2501\u2501\u2501\u2501\u2501\u2501\u2501\u2501\u2501\u2501\u2501\u2501\u2501\u2501\u2501\u2501\u2501 201.9/201.9 kB 8.7 MB/s eta 0:00:00\n[06501c9c-9923-4d01-ba15-032304101be6/pytest-1]   |      \u2501\u2501\u2501\u2501\u2501\u2501\u2501\u2501\u2501\u2501\u2501\u2501\u2501\u2501\u2501\u2501\u2501\u2501\u2501\u2501\u2501\u2501\u2501\u2501\u2501\u2501\u2501\u2501\u2501\u2501\u2501\u2501\u2501\u2501\u2501\u2501\u2501\u2501 201.9/201.9 kB 13.4 MB/s eta 0:00:00\n[06501c9c-9923-4d01-ba15-032304101be6/pytest-2]   | Collecting pytest==7.1.2 (from -r requirements-dev.txt (line 7))\n[06501c9c-9923-4d01-ba15-032304101be6/pytest-2]   |   Downloading pytest-7.1.2-py3-none-any.whl (297 kB)\n[06501c9c-9923-4d01-ba15-032304101be6/pytest-1]   | Collecting pytest==7.1.2 (from -r requirements-dev.txt (line 7))\n[06501c9c-9923-4d01-ba15-032304101be6/pytest-1]   |   Downloading pytest-7.1.2-py3-none-any.whl (297 kB)\n[06501c9c-9923-4d01-ba15-032304101be6/pytest-2]   |      \u2501\u2501\u2501\u2501\u2501\u2501\u2501\u2501\u2501\u2501\u2501\u2501\u2501\u2501\u2501\u2501\u2501\u2501\u2501\u2501\u2501\u2501\u2501\u2501\u2501\u2501\u2501\u2501\u2501\u2501\u2501\u2501\u2501\u2501\u2501\u2501\u2501\u2501\u2501 297.0/297.0 kB 6.7 MB/s eta 0:00:00\n[06501c9c-9923-4d01-ba15-032304101be6/pytest-1]   |      \u2501\u2501\u2501\u2501\u2501\u2501\u2501\u2501\u2501\u2501\u2501\u2501\u2501\u2501\u2501\u2501\u2501\u2501\u2501\u2501\u2501\u2501\u2501\u2501\u2501\u2501\u2501\u2501\u2501\u2501\u2501\u2501\u2501\u2501\u2501\u2501\u2501\u2501 297.0/297.0 kB 20.4 MB/s eta 0:00:00\n[06501c9c-9923-4d01-ba15-032304101be6/pytest-2]   | Collecting pytest-asyncio==0.20.1 (from -r requirements-dev.txt (line 8))\n[06501c9c-9923-4d01-ba15-032304101be6/pytest-2]   |   Downloading pytest_asyncio-0.20.1-py3-none-any.whl (14 kB)\n[06501c9c-9923-4d01-ba15-032304101be6/pytest-1]   | Collecting pytest-asyncio==0.20.1 (from -r requirements-dev.txt (line 8))\n[06501c9c-9923-4d01-ba15-032304101be6/pytest-1]   |   Downloading pytest_asyncio-0.20.1-py3-none-any.whl (14 kB)\n[06501c9c-9923-4d01-ba15-032304101be6/pytest-2]   | Collecting wheel (from -r requirements-dev.txt (line 10))\n[06501c9c-9923-4d01-ba15-032304101be6/pytest-1]   | Collecting wheel (from -r requirements-dev.txt (line 10))\n[06501c9c-9923-4d01-ba15-032304101be6/pytest-2]   |   Downloading wheel-0.40.0-py3-none-any.whl (64 kB)\n[06501c9c-9923-4d01-ba15-032304101be6/pytest-1]   |   Downloading wheel-0.40.0-py3-none-any.whl (64 kB)\n[06501c9c-9923-4d01-ba15-032304101be6/pytest-2]   |      \u2501\u2501\u2501\u2501\u2501\u2501\u2501\u2501\u2501\u2501\u2501\u2501\u2501\u2501\u2501\u2501\u2501\u2501\u2501\u2501\u2501\u2501\u2501\u2501\u2501\u2501\u2501\u2501\u2501\u2501\u2501\u2501\u2501\u2501\u2501\u2501\u2501\u2501\u2501\u2501 64.5/64.5 kB 1.7 MB/s eta 0:00:00\n[06501c9c-9923-4d01-ba15-032304101be6/pytest-1]   |      \u2501\u2501\u2501\u2501\u2501\u2501\u2501\u2501\u2501\u2501\u2501\u2501\u2501\u2501\u2501\u2501\u2501\u2501\u2501\u2501\u2501\u2501\u2501\u2501\u2501\u2501\u2501\u2501\u2501\u2501\u2501\u2501\u2501\u2501\u2501\u2501\u2501\u2501\u2501\u2501 64.5/64.5 kB 2.5 MB/s eta 0:00:00\n[06501c9c-9923-4d01-ba15-032304101be6/pytest-2]   | Collecting cffi>=1.9.1 (from pygit2==1.9.1->-r requirements-dev.txt (line 3))\n[06501c9c-9923-4d01-ba15-032304101be6/pytest-2]   |   Downloading cffi-1.15.1-cp37-cp37m-manylinux_2_17_x86_64.manylinux2014_x86_64.whl (427 kB)\n[06501c9c-9923-4d01-ba15-032304101be6/pytest-1]   | Collecting cffi>=1.9.1 (from pygit2==1.9.1->-r requirements-dev.txt (line 3))\n[06501c9c-9923-4d01-ba15-032304101be6/pytest-1]   |   Downloading cffi-1.15.1-cp37-cp37m-manylinux_2_17_x86_64.manylinux2014_x86_64.whl (427 kB)\n[06501c9c-9923-4d01-ba15-032304101be6/pytest-2]   |      \u2501\u2501\u2501\u2501\u2501\u2501\u2501\u2501\u2501\u2501\u2501\u2501\u2501\u2501\u2501\u2501\u2501\u2501\u2501\u2501\u2501\u2501\u2501\u2501\u2501\u2501\u2501\u2501\u2501\u2501\u2501\u2501\u2501\u2501\u2501\u2501\u2501\u2501\u2501 427.9/427.9 kB 4.5 MB/s eta 0:00:00\n[06501c9c-9923-4d01-ba15-032304101be6/pytest-1]   |      \u2501\u2501\u2501\u2501\u2501\u2501\u2501\u2501\u2501\u2501\u2501\u2501\u2501\u2501\u2501\u2501\u2501\u2501\u2501\u2501\u2501\u2501\u2501\u2501\u2501\u2501\u2501\u2501\u2501\u2501\u2501\u2501\u2501\u2501\u2501\u2501\u2501\u2501\u2501 427.9/427.9 kB 8.5 MB/s eta 0:00:00\n[06501c9c-9923-4d01-ba15-032304101be6/pytest-2]   | Collecting cached-property (from pygit2==1.9.1->-r requirements-dev.txt (line 3))\n[06501c9c-9923-4d01-ba15-032304101be6/pytest-1]   | Collecting cached-property (from pygit2==1.9.1->-r requirements-dev.txt (line 3))\n[06501c9c-9923-4d01-ba15-032304101be6/pytest-2]   |   Downloading cached_property-1.5.2-py2.py3-none-any.whl (7.6 kB)\n[06501c9c-9923-4d01-ba15-032304101be6/pytest-1]   |   Downloading cached_property-1.5.2-py2.py3-none-any.whl (7.6 kB)\n[06501c9c-9923-4d01-ba15-032304101be6/pytest-1]   | Collecting attrs>=19.2.0 (from pytest==7.1.2->-r requirements-dev.txt (line 7))\n[06501c9c-9923-4d01-ba15-032304101be6/pytest-1]   |   Downloading attrs-23.1.0-py3-none-any.whl (61 kB)\n[06501c9c-9923-4d01-ba15-032304101be6/pytest-2]   | Collecting attrs>=19.2.0 (from pytest==7.1.2->-r requirements-dev.txt (line 7))\n[06501c9c-9923-4d01-ba15-032304101be6/pytest-1]   |      \u2501\u2501\u2501\u2501\u2501\u2501\u2501\u2501\u2501\u2501\u2501\u2501\u2501\u2501\u2501\u2501\u2501\u2501\u2501\u2501\u2501\u2501\u2501\u2501\u2501\u2501\u2501\u2501\u2501\u2501\u2501\u2501\u2501\u2501\u2501\u2501\u2501\u2501\u2501\u2501 61.2/61.2 kB 3.1 MB/s eta 0:00:00\n[06501c9c-9923-4d01-ba15-032304101be6/pytest-2]   |   Downloading attrs-23.1.0-py3-none-any.whl (61 kB)\n[06501c9c-9923-4d01-ba15-032304101be6/pytest-2]   |      \u2501\u2501\u2501\u2501\u2501\u2501\u2501\u2501\u2501\u2501\u2501\u2501\u2501\u2501\u2501\u2501\u2501\u2501\u2501\u2501\u2501\u2501\u2501\u2501\u2501\u2501\u2501\u2501\u2501\u2501\u2501\u2501\u2501\u2501\u2501\u2501\u2501\u2501\u2501\u2501 61.2/61.2 kB 4.1 MB/s eta 0:00:00\n[06501c9c-9923-4d01-ba15-032304101be6/pytest-1]   | Collecting iniconfig (from pytest==7.1.2->-r requirements-dev.txt (line 7))\n[06501c9c-9923-4d01-ba15-032304101be6/pytest-1]   |   Downloading iniconfig-2.0.0-py3-none-any.whl (5.9 kB)\n[06501c9c-9923-4d01-ba15-032304101be6/pytest-2]   | Collecting iniconfig (from pytest==7.1.2->-r requirements-dev.txt (line 7))\n[06501c9c-9923-4d01-ba15-032304101be6/pytest-2]   |   Downloading iniconfig-2.0.0-py3-none-any.whl (5.9 kB)\n[06501c9c-9923-4d01-ba15-032304101be6/pytest-1]   | Collecting packaging (from pytest==7.1.2->-r requirements-dev.txt (line 7))\n[06501c9c-9923-4d01-ba15-032304101be6/pytest-1]   |   Downloading packaging-23.1-py3-none-any.whl (48 kB)\n[06501c9c-9923-4d01-ba15-032304101be6/pytest-2]   | Collecting packaging (from pytest==7.1.2->-r requirements-dev.txt (line 7))\n[06501c9c-9923-4d01-ba15-032304101be6/pytest-1]   |      \u2501\u2501\u2501\u2501\u2501\u2501\u2501\u2501\u2501\u2501\u2501\u2501\u2501\u2501\u2501\u2501\u2501\u2501\u2501\u2501\u2501\u2501\u2501\u2501\u2501\u2501\u2501\u2501\u2501\u2501\u2501\u2501\u2501\u2501\u2501\u2501\u2501\u2501\u2501\u2501 48.9/48.9 kB 2.3 MB/s eta 0:00:00\n[06501c9c-9923-4d01-ba15-032304101be6/pytest-2]   |   Downloading packaging-23.1-py3-none-any.whl (48 kB)\n[06501c9c-9923-4d01-ba15-032304101be6/pytest-2]   |      \u2501\u2501\u2501\u2501\u2501\u2501\u2501\u2501\u2501\u2501\u2501\u2501\u2501\u2501\u2501\u2501\u2501\u2501\u2501\u2501\u2501\u2501\u2501\u2501\u2501\u2501\u2501\u2501\u2501\u2501\u2501\u2501\u2501\u2501\u2501\u2501\u2501\u2501\u2501\u2501 48.9/48.9 kB 1.5 MB/s eta 0:00:00\n[06501c9c-9923-4d01-ba15-032304101be6/pytest-1]   | Collecting pluggy<2.0,>=0.12 (from pytest==7.1.2->-r requirements-dev.txt (line 7))\n[06501c9c-9923-4d01-ba15-032304101be6/pytest-1]   |   Downloading pluggy-1.2.0-py3-none-any.whl (17 kB)\n[06501c9c-9923-4d01-ba15-032304101be6/pytest-2]   | Collecting pluggy<2.0,>=0.12 (from pytest==7.1.2->-r requirements-dev.txt (line 7))\n[06501c9c-9923-4d01-ba15-032304101be6/pytest-2]   |   Downloading pluggy-1.2.0-py3-none-any.whl (17 kB)\n[06501c9c-9923-4d01-ba15-032304101be6/pytest-2]   | Collecting py>=1.8.2 (from pytest==7.1.2->-r requirements-dev.txt (line 7))\n[06501c9c-9923-4d01-ba15-032304101be6/pytest-1]   | Collecting py>=1.8.2 (from pytest==7.1.2->-r requirements-dev.txt (line 7))\n[06501c9c-9923-4d01-ba15-032304101be6/pytest-2]   |   Downloading py-1.11.0-py2.py3-none-any.whl (98 kB)\n[06501c9c-9923-4d01-ba15-032304101be6/pytest-1]   |   Downloading py-1.11.0-py2.py3-none-any.whl (98 kB)\n[06501c9c-9923-4d01-ba15-032304101be6/pytest-2]   |      \u2501\u2501\u2501\u2501\u2501\u2501\u2501\u2501\u2501\u2501\u2501\u2501\u2501\u2501\u2501\u2501\u2501\u2501\u2501\u2501\u2501\u2501\u2501\u2501\u2501\u2501\u2501\u2501\u2501\u2501\u2501\u2501\u2501\u2501\u2501\u2501\u2501\u2501\u2501\u2501 98.7/98.7 kB 1.4 MB/s eta 0:00:00\n[06501c9c-9923-4d01-ba15-032304101be6/pytest-1]   |      \u2501\u2501\u2501\u2501\u2501\u2501\u2501\u2501\u2501\u2501\u2501\u2501\u2501\u2501\u2501\u2501\u2501\u2501\u2501\u2501\u2501\u2501\u2501\u2501\u2501\u2501\u2501\u2501\u2501\u2501\u2501\u2501\u2501\u2501\u2501\u2501\u2501\u2501\u2501\u2501 98.7/98.7 kB 1.4 MB/s eta 0:00:00\n[06501c9c-9923-4d01-ba15-032304101be6/pytest-1]   | Collecting tomli>=1.0.0 (from pytest==7.1.2->-r requirements-dev.txt (line 7))\n[06501c9c-9923-4d01-ba15-032304101be6/pytest-2]   | Collecting tomli>=1.0.0 (from pytest==7.1.2->-r requirements-dev.txt (line 7))\n[06501c9c-9923-4d01-ba15-032304101be6/pytest-1]   |   Downloading tomli-2.0.1-py3-none-any.whl (12 kB)\n[06501c9c-9923-4d01-ba15-032304101be6/pytest-2]   |   Downloading tomli-2.0.1-py3-none-any.whl (12 kB)\n[06501c9c-9923-4d01-ba15-032304101be6/pytest-1]   | Collecting importlib-metadata>=0.12 (from pytest==7.1.2->-r requirements-dev.txt (line 7))\n[06501c9c-9923-4d01-ba15-032304101be6/pytest-1]   |   Downloading importlib_metadata-6.7.0-py3-none-any.whl (22 kB)\n[06501c9c-9923-4d01-ba15-032304101be6/pytest-2]   | Collecting importlib-metadata>=0.12 (from pytest==7.1.2->-r requirements-dev.txt (line 7))\n[06501c9c-9923-4d01-ba15-032304101be6/pytest-2]   |   Downloading importlib_metadata-6.7.0-py3-none-any.whl (22 kB)\n[06501c9c-9923-4d01-ba15-032304101be6/pytest-1]   | Requirement already satisfied: typing-extensions>=3.7.2 in /opt/hostedtoolcache/Python/3.7.11/x64/lib/python3.7/site-packages (from pytest-asyncio==0.20.1->-r requirements-dev.txt (line 8)) (4.6.3)\n[06501c9c-9923-4d01-ba15-032304101be6/pytest-2]   | Requirement already satisfied: typing-extensions>=3.7.2 in /opt/hostedtoolcache/Python/3.7.11/x64/lib/python3.7/site-packages (from pytest-asyncio==0.20.1->-r requirements-dev.txt (line 8)) (4.6.3)\n[06501c9c-9923-4d01-ba15-032304101be6/pytest-2]   | Collecting cfgv>=2.0.0 (from pre-commit->-r requirements-dev.txt (line 5))\n[06501c9c-9923-4d01-ba15-032304101be6/pytest-1]   | Collecting cfgv>=2.0.0 (from pre-commit->-r requirements-dev.txt (line 5))\n[06501c9c-9923-4d01-ba15-032304101be6/pytest-1]   |   Downloading cfgv-3.3.1-py2.py3-none-any.whl (7.3 kB)\n[06501c9c-9923-4d01-ba15-032304101be6/pytest-2]   |   Downloading cfgv-3.3.1-py2.py3-none-any.whl (7.3 kB)\n[06501c9c-9923-4d01-ba15-032304101be6/pytest-1]   | Collecting identify>=1.0.0 (from pre-commit->-r requirements-dev.txt (line 5))\n[06501c9c-9923-4d01-ba15-032304101be6/pytest-1]   |   Downloading identify-2.5.24-py2.py3-none-any.whl (98 kB)\n[06501c9c-9923-4d01-ba15-032304101be6/pytest-2]   | Collecting identify>=1.0.0 (from pre-commit->-r requirements-dev.txt (line 5))\n[06501c9c-9923-4d01-ba15-032304101be6/pytest-2]   |   Downloading identify-2.5.24-py2.py3-none-any.whl (98 kB)\n[06501c9c-9923-4d01-ba15-032304101be6/pytest-1]   |      \u2501\u2501\u2501\u2501\u2501\u2501\u2501\u2501\u2501\u2501\u2501\u2501\u2501\u2501\u2501\u2501\u2501\u2501\u2501\u2501\u2501\u2501\u2501\u2501\u2501\u2501\u2501\u2501\u2501\u2501\u2501\u2501\u2501\u2501\u2501\u2501\u2501\u2501\u2501\u2501 98.8/98.8 kB 2.5 MB/s eta 0:00:00\n[06501c9c-9923-4d01-ba15-032304101be6/pytest-2]   |      \u2501\u2501\u2501\u2501\u2501\u2501\u2501\u2501\u2501\u2501\u2501\u2501\u2501\u2501\u2501\u2501\u2501\u2501\u2501\u2501\u2501\u2501\u2501\u2501\u2501\u2501\u2501\u2501\u2501\u2501\u2501\u2501\u2501\u2501\u2501\u2501\u2501\u2501\u2501\u2501 98.8/98.8 kB 1.2 MB/s eta 0:00:00\n[06501c9c-9923-4d01-ba15-032304101be6/pytest-1]   | Collecting nodeenv>=0.11.1 (from pre-commit->-r requirements-dev.txt (line 5))\n[06501c9c-9923-4d01-ba15-032304101be6/pytest-1]   |   Downloading nodeenv-1.8.0-py2.py3-none-any.whl (22 kB)\n[06501c9c-9923-4d01-ba15-032304101be6/pytest-2]   | Collecting nodeenv>=0.11.1 (from pre-commit->-r requirements-dev.txt (line 5))\n[06501c9c-9923-4d01-ba15-032304101be6/pytest-2]   |   Downloading nodeenv-1.8.0-py2.py3-none-any.whl (22 kB)\n[06501c9c-9923-4d01-ba15-032304101be6/pytest-1]   | Collecting pyyaml>=5.1 (from pre-commit->-r requirements-dev.txt (line 5))\n[06501c9c-9923-4d01-ba15-032304101be6/pytest-1]   |   Downloading PyYAML-6.0-cp37-cp37m-manylinux_2_5_x86_64.manylinux1_x86_64.manylinux_2_12_x86_64.manylinux2010_x86_64.whl (596 kB)\n[06501c9c-9923-4d01-ba15-032304101be6/pytest-2]   | Collecting pyyaml>=5.1 (from pre-commit->-r requirements-dev.txt (line 5))\n[06501c9c-9923-4d01-ba15-032304101be6/pytest-1]   |      \u2501\u2501\u2501\u2501\u2501\u2501\u2501\u2501\u2501\u2501\u2501\u2501\u2501\u2501\u2501\u2501\u2501\u2501\u2501\u2501\u2501\u2501\u2501\u2501\u2501\u2501\u2501\u2501\u2501\u2501\u2501\u2501\u2501\u2501\u2501\u2501\u2501\u2501 596.3/596.3 kB 24.6 MB/s eta 0:00:00\n[06501c9c-9923-4d01-ba15-032304101be6/pytest-2]   |   Downloading PyYAML-6.0-cp37-cp37m-manylinux_2_5_x86_64.manylinux1_x86_64.manylinux_2_12_x86_64.manylinux2010_x86_64.whl (596 kB)\n[06501c9c-9923-4d01-ba15-032304101be6/pytest-2]   |      \u2501\u2501\u2501\u2501\u2501\u2501\u2501\u2501\u2501\u2501\u2501\u2501\u2501\u2501\u2501\u2501\u2501\u2501\u2501\u2501\u2501\u2501\u2501\u2501\u2501\u2501\u2501\u2501\u2501\u2501\u2501\u2501\u2501\u2501\u2501\u2501\u2501\u2501\u2501 596.3/596.3 kB 4.8 MB/s eta 0:00:00\n[06501c9c-9923-4d01-ba15-032304101be6/pytest-1]   | Collecting virtualenv>=20.10.0 (from pre-commit->-r requirements-dev.txt (line 5))\n[06501c9c-9923-4d01-ba15-032304101be6/pytest-1]   |   Downloading virtualenv-20.23.1-py3-none-any.whl (3.3 MB)\n[06501c9c-9923-4d01-ba15-032304101be6/pytest-2]   | Collecting virtualenv>=20.10.0 (from pre-commit->-r requirements-dev.txt (line 5))\n[06501c9c-9923-4d01-ba15-032304101be6/pytest-2]   |   Downloading virtualenv-20.23.1-py3-none-any.whl (3.3 MB)\n[06501c9c-9923-4d01-ba15-032304101be6/pytest-1]   |      \u2501\u2501\u2501\u2501\u2501\u2501\u2501\u2501\u2501\u2501\u2501\u2501\u2501\u2501\u2501\u2501\u2501\u2501\u2501\u2501\u2501\u2501\u2501\u2501\u2501\u2501\u2501\u2501\u2501\u2501\u2501\u2501\u2501\u2501\u2501\u2501\u2501\u2501\u2501\u2501 3.3/3.3 MB 17.0 MB/s eta 0:00:00\n[06501c9c-9923-4d01-ba15-032304101be6/pytest-1]   | Collecting pycparser (from cffi>=1.9.1->pygit2==1.9.1->-r requirements-dev.txt (line 3))\n[06501c9c-9923-4d01-ba15-032304101be6/pytest-1]   |   Downloading pycparser-2.21-py2.py3-none-any.whl (118 kB)\n[06501c9c-9923-4d01-ba15-032304101be6/pytest-2]   |      \u2501\u2501\u2501\u2501\u2501\u2501\u2501\u2501\u2501\u2501\u2501\u2501\u2501\u2501\u2501\u2501\u2501\u2501\u2501\u2501\u2501\u2501\u2501\u2501\u2501\u2501\u2501\u2501\u2501\u2501\u2501\u2501\u2501\u2501\u2501\u2501\u2501\u2501\u2501\u2501 3.3/3.3 MB 13.8 MB/s eta 0:00:00\n[06501c9c-9923-4d01-ba15-032304101be6/pytest-1]   |      \u2501\u2501\u2501\u2501\u2501\u2501\u2501\u2501\u2501\u2501\u2501\u2501\u2501\u2501\u2501\u2501\u2501\u2501\u2501\u2501\u2501\u2501\u2501\u2501\u2501\u2501\u2501\u2501\u2501\u2501\u2501\u2501\u2501\u2501\u2501\u2501\u2501\u2501\u2501 118.7/118.7 kB 4.1 MB/s eta 0:00:00\n[06501c9c-9923-4d01-ba15-032304101be6/pytest-2]   | Collecting pycparser (from cffi>=1.9.1->pygit2==1.9.1->-r requirements-dev.txt (line 3))\n[06501c9c-9923-4d01-ba15-032304101be6/pytest-2]   |   Downloading pycparser-2.21-py2.py3-none-any.whl (118 kB)\n[06501c9c-9923-4d01-ba15-032304101be6/pytest-1]   | Collecting zipp>=0.5 (from importlib-metadata>=0.12->pytest==7.1.2->-r requirements-dev.txt (line 7))\n[06501c9c-9923-4d01-ba15-032304101be6/pytest-2]   |      \u2501\u2501\u2501\u2501\u2501\u2501\u2501\u2501\u2501\u2501\u2501\u2501\u2501\u2501\u2501\u2501\u2501\u2501\u2501\u2501\u2501\u2501\u2501\u2501\u2501\u2501\u2501\u2501\u2501\u2501\u2501\u2501\u2501\u2501\u2501\u2501\u2501\u2501\u2501 118.7/118.7 kB 2.3 MB/s eta 0:00:00\n[06501c9c-9923-4d01-ba15-032304101be6/pytest-1]   |   Downloading zipp-3.15.0-py3-none-any.whl (6.8 kB)\n[06501c9c-9923-4d01-ba15-032304101be6/pytest-1]   | Requirement already satisfied: setuptools in /opt/hostedtoolcache/Python/3.7.11/x64/lib/python3.7/site-packages (from nodeenv>=0.11.1->pre-commit->-r requirements-dev.txt (line 5)) (47.1.0)\n[06501c9c-9923-4d01-ba15-032304101be6/pytest-2]   | Collecting zipp>=0.5 (from importlib-metadata>=0.12->pytest==7.1.2->-r requirements-dev.txt (line 7))\n[06501c9c-9923-4d01-ba15-032304101be6/pytest-2]   |   Downloading zipp-3.15.0-py3-none-any.whl (6.8 kB)\n[06501c9c-9923-4d01-ba15-032304101be6/pytest-1]   | Collecting distlib<1,>=0.3.6 (from virtualenv>=20.10.0->pre-commit->-r requirements-dev.txt (line 5))\n[06501c9c-9923-4d01-ba15-032304101be6/pytest-2]   | Requirement already satisfied: setuptools in /opt/hostedtoolcache/Python/3.7.11/x64/lib/python3.7/site-packages (from nodeenv>=0.11.1->pre-commit->-r requirements-dev.txt (line 5)) (47.1.0)\n[06501c9c-9923-4d01-ba15-032304101be6/pytest-1]   |   Downloading distlib-0.3.6-py2.py3-none-any.whl (468 kB)\n[06501c9c-9923-4d01-ba15-032304101be6/pytest-1]   |      \u2501\u2501\u2501\u2501\u2501\u2501\u2501\u2501\u2501\u2501\u2501\u2501\u2501\u2501\u2501\u2501\u2501\u2501\u2501\u2501\u2501\u2501\u2501\u2501\u2501\u2501\u2501\u2501\u2501\u2501\u2501\u2501\u2501\u2501\u2501\u2501\u2501\u2501 468.5/468.5 kB 14.0 MB/s eta 0:00:00\n[06501c9c-9923-4d01-ba15-032304101be6/pytest-1]   | Collecting filelock<4,>=3.12 (from virtualenv>=20.10.0->pre-commit->-r requirements-dev.txt (line 5))\n[06501c9c-9923-4d01-ba15-032304101be6/pytest-1]   |   Downloading filelock-3.12.2-py3-none-any.whl (10 kB)\n[06501c9c-9923-4d01-ba15-032304101be6/pytest-2]   | Collecting distlib<1,>=0.3.6 (from virtualenv>=20.10.0->pre-commit->-r requirements-dev.txt (line 5))\n[06501c9c-9923-4d01-ba15-032304101be6/pytest-2]   |   Downloading distlib-0.3.6-py2.py3-none-any.whl (468 kB)\n[06501c9c-9923-4d01-ba15-032304101be6/pytest-2]   |      \u2501\u2501\u2501\u2501\u2501\u2501\u2501\u2501\u2501\u2501\u2501\u2501\u2501\u2501\u2501\u2501\u2501\u2501\u2501\u2501\u2501\u2501\u2501\u2501\u2501\u2501\u2501\u2501\u2501\u2501\u2501\u2501\u2501\u2501\u2501\u2501\u2501\u2501 468.5/468.5 kB 14.4 MB/s eta 0:00:00\n[06501c9c-9923-4d01-ba15-032304101be6/pytest-1]   | Collecting platformdirs<4,>=3.5.1 (from virtualenv>=20.10.0->pre-commit->-r requirements-dev.txt (line 5))\n[06501c9c-9923-4d01-ba15-032304101be6/pytest-1]   |   Downloading platformdirs-3.8.0-py3-none-any.whl (16 kB)\n[06501c9c-9923-4d01-ba15-032304101be6/pytest-2]   | Collecting filelock<4,>=3.12 (from virtualenv>=20.10.0->pre-commit->-r requirements-dev.txt (line 5))\n[06501c9c-9923-4d01-ba15-032304101be6/pytest-2]   |   Downloading filelock-3.12.2-py3-none-any.whl (10 kB)\n[06501c9c-9923-4d01-ba15-032304101be6/pytest-2]   | Collecting platformdirs<4,>=3.5.1 (from virtualenv>=20.10.0->pre-commit->-r requirements-dev.txt (line 5))\n[06501c9c-9923-4d01-ba15-032304101be6/pytest-2]   |   Downloading platformdirs-3.8.0-py3-none-any.whl (16 kB)\n[06501c9c-9923-4d01-ba15-032304101be6/pytest-1]   | Installing collected packages: distlib, cached-property, zipp, wheel, tomli, pyyaml, pycparser, py, platformdirs, packaging, nodeenv, iniconfig, identify, filelock, cfgv, importlib-metadata, cffi, virtualenv, pygit2, pluggy, cryptography, attrs, pytest, pre-commit, pytest-asyncio\n[06501c9c-9923-4d01-ba15-032304101be6/pytest-2]   | Installing collected packages: distlib, cached-property, zipp, wheel, tomli, pyyaml, pycparser, py, platformdirs, packaging, nodeenv, iniconfig, identify, filelock, cfgv, importlib-metadata, cffi, virtualenv, pygit2, pluggy, cryptography, attrs, pytest, pre-commit, pytest-asyncio\n[06501c9c-9923-4d01-ba15-032304101be6/pytest-1]   | Successfully installed attrs-23.1.0 cached-property-1.5.2 cffi-1.15.1 cfgv-3.3.1 cryptography-41.0.1 distlib-0.3.6 filelock-3.12.2 identify-2.5.24 importlib-metadata-6.7.0 iniconfig-2.0.0 nodeenv-1.8.0 packaging-23.1 platformdirs-3.8.0 pluggy-1.2.0 pre-commit-2.21.0 py-1.11.0 pycparser-2.21 pygit2-1.9.1 pytest-7.1.2 pytest-asyncio-0.20.1 pyyaml-6.0 tomli-2.0.1 virtualenv-20.23.1 wheel-0.40.0 zipp-3.15.0\n[06501c9c-9923-4d01-ba15-032304101be6/pytest-1]   | \n[06501c9c-9923-4d01-ba15-032304101be6/pytest-1]   | [notice] A new release of pip is available: 20.1.1 -> 23.1.2\n[06501c9c-9923-4d01-ba15-032304101be6/pytest-1]   | [notice] To update, run: pip install --upgrade pip\n[06501c9c-9923-4d01-ba15-032304101be6/pytest-1]   \u2705  Success - Main Install dependencies\n[06501c9c-9923-4d01-ba15-032304101be6/pytest-2]   | Successfully installed attrs-23.1.0 cached-property-1.5.2 cffi-1.15.1 cfgv-3.3.1 cryptography-41.0.1 distlib-0.3.6 filelock-3.12.2 identify-2.5.24 importlib-metadata-6.7.0 iniconfig-2.0.0 nodeenv-1.8.0 packaging-23.1 platformdirs-3.8.0 pluggy-1.2.0 pre-commit-2.21.0 py-1.11.0 pycparser-2.21 pygit2-1.9.1 pytest-7.1.2 pytest-asyncio-0.20.1 pyyaml-6.0 tomli-2.0.1 virtualenv-20.23.1 wheel-0.40.0 zipp-3.15.0\n[06501c9c-9923-4d01-ba15-032304101be6/pytest-2]   | \n[06501c9c-9923-4d01-ba15-032304101be6/pytest-2]   | [notice] A new release of pip is available: 20.1.1 -> 23.1.2\n[06501c9c-9923-4d01-ba15-032304101be6/pytest-2]   | [notice] To update, run: pip install --upgrade pip\n[06501c9c-9923-4d01-ba15-032304101be6/pytest-2]   \u2705  Success - Main Install dependencies\n[06501c9c-9923-4d01-ba15-032304101be6/pytest-1] \u2b50 Run Main Test with pytest\n[06501c9c-9923-4d01-ba15-032304101be6/pytest-1]   \ud83d\udc33  docker exec cmd=[bash --noprofile --norc /var/run/act/workflow/5] user= workdir=\n[06501c9c-9923-4d01-ba15-032304101be6/pytest-2] \u2b50 Run Main Test with pytest\n[06501c9c-9923-4d01-ba15-032304101be6/pytest-2]   \ud83d\udc33  docker exec cmd=[bash --noprofile --norc /var/run/act/workflow/5] user= workdir=\n[06501c9c-9923-4d01-ba15-032304101be6/pytest-1]   | Requirement already satisfied: python-telegram-bot~=20.0 in /opt/hostedtoolcache/Python/3.7.11/x64/lib/python3.7/site-packages (from -r /tmp/ad9c0f7e-1596-11ee-8a50-bb14de238602/python-telegram-bot-ptbcontrib/ptbcontrib/roles/requirements.txt (line 1)) (20.3)\n[06501c9c-9923-4d01-ba15-032304101be6/pytest-2]   | Requirement already satisfied: python-telegram-bot~=20.0 in /opt/hostedtoolcache/Python/3.7.11/x64/lib/python3.7/site-packages (from -r /tmp/ad9c0f7e-1596-11ee-8a50-bb14de238602/python-telegram-bot-ptbcontrib/ptbcontrib/roles/requirements.txt (line 1)) (20.3)\n[06501c9c-9923-4d01-ba15-032304101be6/pytest-1]   | Requirement already satisfied: httpx~=0.24.0 in /opt/hostedtoolcache/Python/3.7.11/x64/lib/python3.7/site-packages (from python-telegram-bot~=20.0->-r /tmp/ad9c0f7e-1596-11ee-8a50-bb14de238602/python-telegram-bot-ptbcontrib/ptbcontrib/roles/requirements.txt (line 1)) (0.24.1)\n[06501c9c-9923-4d01-ba15-032304101be6/pytest-1]   | Requirement already satisfied: certifi in /opt/hostedtoolcache/Python/3.7.11/x64/lib/python3.7/site-packages (from httpx~=0.24.0->python-telegram-bot~=20.0->-r /tmp/ad9c0f7e-1596-11ee-8a50-bb14de238602/python-telegram-bot-ptbcontrib/ptbcontrib/roles/requirements.txt (line 1)) (2023.5.7)\n[06501c9c-9923-4d01-ba15-032304101be6/pytest-1]   | Requirement already satisfied: httpcore<0.18.0,>=0.15.0 in /opt/hostedtoolcache/Python/3.7.11/x64/lib/python3.7/site-packages (from httpx~=0.24.0->python-telegram-bot~=20.0->-r /tmp/ad9c0f7e-1596-11ee-8a50-bb14de238602/python-telegram-bot-ptbcontrib/ptbcontrib/roles/requirements.txt (line 1)) (0.17.2)\n[06501c9c-9923-4d01-ba15-032304101be6/pytest-1]   | Requirement already satisfied: idna in /opt/hostedtoolcache/Python/3.7.11/x64/lib/python3.7/site-packages (from httpx~=0.24.0->python-telegram-bot~=20.0->-r /tmp/ad9c0f7e-1596-11ee-8a50-bb14de238602/python-telegram-bot-ptbcontrib/ptbcontrib/roles/requirements.txt (line 1)) (3.4)\n[06501c9c-9923-4d01-ba15-032304101be6/pytest-1]   | Requirement already satisfied: sniffio in /opt/hostedtoolcache/Python/3.7.11/x64/lib/python3.7/site-packages (from httpx~=0.24.0->python-telegram-bot~=20.0->-r /tmp/ad9c0f7e-1596-11ee-8a50-bb14de238602/python-telegram-bot-ptbcontrib/ptbcontrib/roles/requirements.txt (line 1)) (1.3.0)\n[06501c9c-9923-4d01-ba15-032304101be6/pytest-1]   | Requirement already satisfied: h11<0.15,>=0.13 in /opt/hostedtoolcache/Python/3.7.11/x64/lib/python3.7/site-packages (from httpcore<0.18.0,>=0.15.0->httpx~=0.24.0->python-telegram-bot~=20.0->-r /tmp/ad9c0f7e-1596-11ee-8a50-bb14de238602/python-telegram-bot-ptbcontrib/ptbcontrib/roles/requirements.txt (line 1)) (0.14.0)\n[06501c9c-9923-4d01-ba15-032304101be6/pytest-1]   | Requirement already satisfied: anyio<5.0,>=3.0 in /opt/hostedtoolcache/Python/3.7.11/x64/lib/python3.7/site-packages (from httpcore<0.18.0,>=0.15.0->httpx~=0.24.0->python-telegram-bot~=20.0->-r /tmp/ad9c0f7e-1596-11ee-8a50-bb14de238602/python-telegram-bot-ptbcontrib/ptbcontrib/roles/requirements.txt (line 1)) (3.7.0)\n[06501c9c-9923-4d01-ba15-032304101be6/pytest-2]   | Requirement already satisfied: httpx~=0.24.0 in /opt/hostedtoolcache/Python/3.7.11/x64/lib/python3.7/site-packages (from python-telegram-bot~=20.0->-r /tmp/ad9c0f7e-1596-11ee-8a50-bb14de238602/python-telegram-bot-ptbcontrib/ptbcontrib/roles/requirements.txt (line 1)) (0.24.1)\n[06501c9c-9923-4d01-ba15-032304101be6/pytest-2]   | Requirement already satisfied: certifi in /opt/hostedtoolcache/Python/3.7.11/x64/lib/python3.7/site-packages (from httpx~=0.24.0->python-telegram-bot~=20.0->-r /tmp/ad9c0f7e-1596-11ee-8a50-bb14de238602/python-telegram-bot-ptbcontrib/ptbcontrib/roles/requirements.txt (line 1)) (2023.5.7)\n[06501c9c-9923-4d01-ba15-032304101be6/pytest-2]   | Requirement already satisfied: httpcore<0.18.0,>=0.15.0 in /opt/hostedtoolcache/Python/3.7.11/x64/lib/python3.7/site-packages (from httpx~=0.24.0->python-telegram-bot~=20.0->-r /tmp/ad9c0f7e-1596-11ee-8a50-bb14de238602/python-telegram-bot-ptbcontrib/ptbcontrib/roles/requirements.txt (line 1)) (0.17.2)\n[06501c9c-9923-4d01-ba15-032304101be6/pytest-2]   | Requirement already satisfied: idna in /opt/hostedtoolcache/Python/3.7.11/x64/lib/python3.7/site-packages (from httpx~=0.24.0->python-telegram-bot~=20.0->-r /tmp/ad9c0f7e-1596-11ee-8a50-bb14de238602/python-telegram-bot-ptbcontrib/ptbcontrib/roles/requirements.txt (line 1)) (3.4)\n[06501c9c-9923-4d01-ba15-032304101be6/pytest-2]   | Requirement already satisfied: sniffio in /opt/hostedtoolcache/Python/3.7.11/x64/lib/python3.7/site-packages (from httpx~=0.24.0->python-telegram-bot~=20.0->-r /tmp/ad9c0f7e-1596-11ee-8a50-bb14de238602/python-telegram-bot-ptbcontrib/ptbcontrib/roles/requirements.txt (line 1)) (1.3.0)\n[06501c9c-9923-4d01-ba15-032304101be6/pytest-2]   | Requirement already satisfied: h11<0.15,>=0.13 in /opt/hostedtoolcache/Python/3.7.11/x64/lib/python3.7/site-packages (from httpcore<0.18.0,>=0.15.0->httpx~=0.24.0->python-telegram-bot~=20.0->-r /tmp/ad9c0f7e-1596-11ee-8a50-bb14de238602/python-telegram-bot-ptbcontrib/ptbcontrib/roles/requirements.txt (line 1)) (0.14.0)\n[06501c9c-9923-4d01-ba15-032304101be6/pytest-2]   | Requirement already satisfied: anyio<5.0,>=3.0 in /opt/hostedtoolcache/Python/3.7.11/x64/lib/python3.7/site-packages (from httpcore<0.18.0,>=0.15.0->httpx~=0.24.0->python-telegram-bot~=20.0->-r /tmp/ad9c0f7e-1596-11ee-8a50-bb14de238602/python-telegram-bot-ptbcontrib/ptbcontrib/roles/requirements.txt (line 1)) (3.7.0)\n[06501c9c-9923-4d01-ba15-032304101be6/pytest-1]   | Requirement already satisfied: exceptiongroup in /opt/hostedtoolcache/Python/3.7.11/x64/lib/python3.7/site-packages (from anyio<5.0,>=3.0->httpcore<0.18.0,>=0.15.0->httpx~=0.24.0->python-telegram-bot~=20.0->-r /tmp/ad9c0f7e-1596-11ee-8a50-bb14de238602/python-telegram-bot-ptbcontrib/ptbcontrib/roles/requirements.txt (line 1)) (1.1.1)\n[06501c9c-9923-4d01-ba15-032304101be6/pytest-1]   | Requirement already satisfied: typing-extensions in /opt/hostedtoolcache/Python/3.7.11/x64/lib/python3.7/site-packages (from anyio<5.0,>=3.0->httpcore<0.18.0,>=0.15.0->httpx~=0.24.0->python-telegram-bot~=20.0->-r /tmp/ad9c0f7e-1596-11ee-8a50-bb14de238602/python-telegram-bot-ptbcontrib/ptbcontrib/roles/requirements.txt (line 1)) (4.6.3)\n[06501c9c-9923-4d01-ba15-032304101be6/pytest-2]   | Requirement already satisfied: exceptiongroup in /opt/hostedtoolcache/Python/3.7.11/x64/lib/python3.7/site-packages (from anyio<5.0,>=3.0->httpcore<0.18.0,>=0.15.0->httpx~=0.24.0->python-telegram-bot~=20.0->-r /tmp/ad9c0f7e-1596-11ee-8a50-bb14de238602/python-telegram-bot-ptbcontrib/ptbcontrib/roles/requirements.txt (line 1)) (1.1.1)\n[06501c9c-9923-4d01-ba15-032304101be6/pytest-2]   | Requirement already satisfied: typing-extensions in /opt/hostedtoolcache/Python/3.7.11/x64/lib/python3.7/site-packages (from anyio<5.0,>=3.0->httpcore<0.18.0,>=0.15.0->httpx~=0.24.0->python-telegram-bot~=20.0->-r /tmp/ad9c0f7e-1596-11ee-8a50-bb14de238602/python-telegram-bot-ptbcontrib/ptbcontrib/roles/requirements.txt (line 1)) (4.6.3)\n[06501c9c-9923-4d01-ba15-032304101be6/pytest-1]   | \n[06501c9c-9923-4d01-ba15-032304101be6/pytest-1]   | [notice] A new release of pip is available: 20.1.1 -> 23.1.2\n[06501c9c-9923-4d01-ba15-032304101be6/pytest-1]   | [notice] To update, run: pip install --upgrade pip\n[06501c9c-9923-4d01-ba15-032304101be6/pytest-2]   | \n[06501c9c-9923-4d01-ba15-032304101be6/pytest-2]   | [notice] A new release of pip is available: 20.1.1 -> 23.1.2\n[06501c9c-9923-4d01-ba15-032304101be6/pytest-2]   | [notice] To update, run: pip install --upgrade pip\n[06501c9c-9923-4d01-ba15-032304101be6/pytest-2]   | INTERNALERROR> Traceback (most recent call last):\n[06501c9c-9923-4d01-ba15-032304101be6/pytest-2]   | INTERNALERROR>   File \"/opt/hostedtoolcache/Python/3.7.11/x64/lib/python3.7/site-packages/_pytest/main.py\", line 264, in wrap_session\n[06501c9c-9923-4d01-ba15-032304101be6/pytest-2]   | INTERNALERROR>     config._do_configure()\n[06501c9c-9923-4d01-ba15-032304101be6/pytest-2]   | INTERNALERROR>   File \"/opt/hostedtoolcache/Python/3.7.11/x64/lib/python3.7/site-packages/_pytest/config/__init__.py\", line 995, in _do_configure\n[06501c9c-9923-4d01-ba15-032304101be6/pytest-2]   | INTERNALERROR>     self.hook.pytest_configure.call_historic(kwargs=dict(config=self))\n[06501c9c-9923-4d01-ba15-032304101be6/pytest-2]   | INTERNALERROR>   File \"/opt/hostedtoolcache/Python/3.7.11/x64/lib/python3.7/site-packages/pluggy/_hooks.py\", line 452, in call_historic\n[06501c9c-9923-4d01-ba15-032304101be6/pytest-2]   | INTERNALERROR>     res = self._hookexec(self.name, self._hookimpls, kwargs, False)\n[06501c9c-9923-4d01-ba15-032304101be6/pytest-2]   | INTERNALERROR>   File \"/opt/hostedtoolcache/Python/3.7.11/x64/lib/python3.7/site-packages/pluggy/_manager.py\", line 112, in _hookexec\n[06501c9c-9923-4d01-ba15-032304101be6/pytest-2]   | INTERNALERROR>     return self._inner_hookexec(hook_name, methods, kwargs, firstresult)\n[06501c9c-9923-4d01-ba15-032304101be6/pytest-2]   | INTERNALERROR>   File \"/opt/hostedtoolcache/Python/3.7.11/x64/lib/python3.7/site-packages/pluggy/_callers.py\", line 116, in _multicall\n[06501c9c-9923-4d01-ba15-032304101be6/pytest-2]   | INTERNALERROR>     raise exception.with_traceback(exception.__traceback__)\n[06501c9c-9923-4d01-ba15-032304101be6/pytest-2]   | INTERNALERROR>   File \"/opt/hostedtoolcache/Python/3.7.11/x64/lib/python3.7/site-packages/pluggy/_callers.py\", line 80, in _multicall\n[06501c9c-9923-4d01-ba15-032304101be6/pytest-2]   | INTERNALERROR>     res = hook_impl.function(*args)\n[06501c9c-9923-4d01-ba15-032304101be6/pytest-2]   | INTERNALERROR>   File \"/tmp/ad9c0f7e-1596-11ee-8a50-bb14de238602/python-telegram-bot-ptbcontrib/tests/plugin_github_group.py\", line 38, in pytest_configure\n[06501c9c-9923-4d01-ba15-032304101be6/pytest-2]   | INTERNALERROR>     for hookimpl in config.pluginmanager.hook.pytest_terminal_summary._nonwrappers:\n[06501c9c-9923-4d01-ba15-032304101be6/pytest-2]   | INTERNALERROR> AttributeError: '_HookCaller' object has no attribute '_nonwrappers'\n[06501c9c-9923-4d01-ba15-032304101be6/pytest-1]   | INTERNALERROR> Traceback (most recent call last):\n[06501c9c-9923-4d01-ba15-032304101be6/pytest-1]   | INTERNALERROR>   File \"/opt/hostedtoolcache/Python/3.7.11/x64/lib/python3.7/site-packages/_pytest/main.py\", line 264, in wrap_session\n[06501c9c-9923-4d01-ba15-032304101be6/pytest-1]   | INTERNALERROR>     config._do_configure()\n[06501c9c-9923-4d01-ba15-032304101be6/pytest-1]   | INTERNALERROR>   File \"/opt/hostedtoolcache/Python/3.7.11/x64/lib/python3.7/site-packages/_pytest/config/__init__.py\", line 995, in _do_configure\n[06501c9c-9923-4d01-ba15-032304101be6/pytest-1]   | INTERNALERROR>     self.hook.pytest_configure.call_historic(kwargs=dict(config=self))\n[06501c9c-9923-4d01-ba15-032304101be6/pytest-1]   | INTERNALERROR>   File \"/opt/hostedtoolcache/Python/3.7.11/x64/lib/python3.7/site-packages/pluggy/_hooks.py\", line 452, in call_historic\n[06501c9c-9923-4d01-ba15-032304101be6/pytest-1]   | INTERNALERROR>     res = self._hookexec(self.name, self._hookimpls, kwargs, False)\n[06501c9c-9923-4d01-ba15-032304101be6/pytest-1]   | INTERNALERROR>   File \"/opt/hostedtoolcache/Python/3.7.11/x64/lib/python3.7/site-packages/pluggy/_manager.py\", line 112, in _hookexec\n[06501c9c-9923-4d01-ba15-032304101be6/pytest-1]   | INTERNALERROR>     return self._inner_hookexec(hook_name, methods, kwargs, firstresult)\n[06501c9c-9923-4d01-ba15-032304101be6/pytest-1]   | INTERNALERROR>   File \"/opt/hostedtoolcache/Python/3.7.11/x64/lib/python3.7/site-packages/pluggy/_callers.py\", line 116, in _multicall\n[06501c9c-9923-4d01-ba15-032304101be6/pytest-1]   | INTERNALERROR>     raise exception.with_traceback(exception.__traceback__)\n[06501c9c-9923-4d01-ba15-032304101be6/pytest-1]   | INTERNALERROR>   File \"/opt/hostedtoolcache/Python/3.7.11/x64/lib/python3.7/site-packages/pluggy/_callers.py\", line 80, in _multicall\n[06501c9c-9923-4d01-ba15-032304101be6/pytest-1]   | INTERNALERROR>     res = hook_impl.function(*args)\n[06501c9c-9923-4d01-ba15-032304101be6/pytest-1]   | INTERNALERROR>   File \"/tmp/ad9c0f7e-1596-11ee-8a50-bb14de238602/python-telegram-bot-ptbcontrib/tests/plugin_github_group.py\", line 38, in pytest_configure\n[06501c9c-9923-4d01-ba15-032304101be6/pytest-1]   | INTERNALERROR>     for hookimpl in config.pluginmanager.hook.pytest_terminal_summary._nonwrappers:\n[06501c9c-9923-4d01-ba15-032304101be6/pytest-1]   | INTERNALERROR> AttributeError: '_HookCaller' object has no attribute '_nonwrappers'\n[06501c9c-9923-4d01-ba15-032304101be6/pytest-2]   | Requirement already satisfied: python-telegram-bot~=20.0 in /opt/hostedtoolcache/Python/3.7.11/x64/lib/python3.7/site-packages (from -r /tmp/ad9c0f7e-1596-11ee-8a50-bb14de238602/python-telegram-bot-ptbcontrib/ptbcontrib/get_chat_link/requirements.txt (line 1)) (20.3)\n[06501c9c-9923-4d01-ba15-032304101be6/pytest-2]   | Requirement already satisfied: httpx~=0.24.0 in /opt/hostedtoolcache/Python/3.7.11/x64/lib/python3.7/site-packages (from python-telegram-bot~=20.0->-r /tmp/ad9c0f7e-1596-11ee-8a50-bb14de238602/python-telegram-bot-ptbcontrib/ptbcontrib/get_chat_link/requirements.txt (line 1)) (0.24.1)\n[06501c9c-9923-4d01-ba15-032304101be6/pytest-2]   | Requirement already satisfied: certifi in /opt/hostedtoolcache/Python/3.7.11/x64/lib/python3.7/site-packages (from httpx~=0.24.0->python-telegram-bot~=20.0->-r /tmp/ad9c0f7e-1596-11ee-8a50-bb14de238602/python-telegram-bot-ptbcontrib/ptbcontrib/get_chat_link/requirements.txt (line 1)) (2023.5.7)\n[06501c9c-9923-4d01-ba15-032304101be6/pytest-2]   | Requirement already satisfied: httpcore<0.18.0,>=0.15.0 in /opt/hostedtoolcache/Python/3.7.11/x64/lib/python3.7/site-packages (from httpx~=0.24.0->python-telegram-bot~=20.0->-r /tmp/ad9c0f7e-1596-11ee-8a50-bb14de238602/python-telegram-bot-ptbcontrib/ptbcontrib/get_chat_link/requirements.txt (line 1)) (0.17.2)\n[06501c9c-9923-4d01-ba15-032304101be6/pytest-2]   | Requirement already satisfied: idna in /opt/hostedtoolcache/Python/3.7.11/x64/lib/python3.7/site-packages (from httpx~=0.24.0->python-telegram-bot~=20.0->-r /tmp/ad9c0f7e-1596-11ee-8a50-bb14de238602/python-telegram-bot-ptbcontrib/ptbcontrib/get_chat_link/requirements.txt (line 1)) (3.4)\n[06501c9c-9923-4d01-ba15-032304101be6/pytest-2]   | Requirement already satisfied: sniffio in /opt/hostedtoolcache/Python/3.7.11/x64/lib/python3.7/site-packages (from httpx~=0.24.0->python-telegram-bot~=20.0->-r /tmp/ad9c0f7e-1596-11ee-8a50-bb14de238602/python-telegram-bot-ptbcontrib/ptbcontrib/get_chat_link/requirements.txt (line 1)) (1.3.0)\n[06501c9c-9923-4d01-ba15-032304101be6/pytest-2]   | Requirement already satisfied: h11<0.15,>=0.13 in /opt/hostedtoolcache/Python/3.7.11/x64/lib/python3.7/site-packages (from httpcore<0.18.0,>=0.15.0->httpx~=0.24.0->python-telegram-bot~=20.0->-r /tmp/ad9c0f7e-1596-11ee-8a50-bb14de238602/python-telegram-bot-ptbcontrib/ptbcontrib/get_chat_link/requirements.txt (line 1)) (0.14.0)\n[06501c9c-9923-4d01-ba15-032304101be6/pytest-2]   | Requirement already satisfied: anyio<5.0,>=3.0 in /opt/hostedtoolcache/Python/3.7.11/x64/lib/python3.7/site-packages (from httpcore<0.18.0,>=0.15.0->httpx~=0.24.0->python-telegram-bot~=20.0->-r /tmp/ad9c0f7e-1596-11ee-8a50-bb14de238602/python-telegram-bot-ptbcontrib/ptbcontrib/get_chat_link/requirements.txt (line 1)) (3.7.0)\n[06501c9c-9923-4d01-ba15-032304101be6/pytest-1]   | Requirement already satisfied: python-telegram-bot~=20.0 in /opt/hostedtoolcache/Python/3.7.11/x64/lib/python3.7/site-packages (from -r /tmp/ad9c0f7e-1596-11ee-8a50-bb14de238602/python-telegram-bot-ptbcontrib/ptbcontrib/get_chat_link/requirements.txt (line 1)) (20.3)\n[06501c9c-9923-4d01-ba15-032304101be6/pytest-2]   | Requirement already satisfied: exceptiongroup in /opt/hostedtoolcache/Python/3.7.11/x64/lib/python3.7/site-packages (from anyio<5.0,>=3.0->httpcore<0.18.0,>=0.15.0->httpx~=0.24.0->python-telegram-bot~=20.0->-r /tmp/ad9c0f7e-1596-11ee-8a50-bb14de238602/python-telegram-bot-ptbcontrib/ptbcontrib/get_chat_link/requirements.txt (line 1)) (1.1.1)\n[06501c9c-9923-4d01-ba15-032304101be6/pytest-2]   | Requirement already satisfied: typing-extensions in /opt/hostedtoolcache/Python/3.7.11/x64/lib/python3.7/site-packages (from anyio<5.0,>=3.0->httpcore<0.18.0,>=0.15.0->httpx~=0.24.0->python-telegram-bot~=20.0->-r /tmp/ad9c0f7e-1596-11ee-8a50-bb14de238602/python-telegram-bot-ptbcontrib/ptbcontrib/get_chat_link/requirements.txt (line 1)) (4.6.3)\n[06501c9c-9923-4d01-ba15-032304101be6/pytest-1]   | Requirement already satisfied: httpx~=0.24.0 in /opt/hostedtoolcache/Python/3.7.11/x64/lib/python3.7/site-packages (from python-telegram-bot~=20.0->-r /tmp/ad9c0f7e-1596-11ee-8a50-bb14de238602/python-telegram-bot-ptbcontrib/ptbcontrib/get_chat_link/requirements.txt (line 1)) (0.24.1)\n[06501c9c-9923-4d01-ba15-032304101be6/pytest-1]   | Requirement already satisfied: certifi in /opt/hostedtoolcache/Python/3.7.11/x64/lib/python3.7/site-packages (from httpx~=0.24.0->python-telegram-bot~=20.0->-r /tmp/ad9c0f7e-1596-11ee-8a50-bb14de238602/python-telegram-bot-ptbcontrib/ptbcontrib/get_chat_link/requirements.txt (line 1)) (2023.5.7)\n[06501c9c-9923-4d01-ba15-032304101be6/pytest-1]   | Requirement already satisfied: httpcore<0.18.0,>=0.15.0 in /opt/hostedtoolcache/Python/3.7.11/x64/lib/python3.7/site-packages (from httpx~=0.24.0->python-telegram-bot~=20.0->-r /tmp/ad9c0f7e-1596-11ee-8a50-bb14de238602/python-telegram-bot-ptbcontrib/ptbcontrib/get_chat_link/requirements.txt (line 1)) (0.17.2)\n[06501c9c-9923-4d01-ba15-032304101be6/pytest-1]   | Requirement already satisfied: idna in /opt/hostedtoolcache/Python/3.7.11/x64/lib/python3.7/site-packages (from httpx~=0.24.0->python-telegram-bot~=20.0->-r /tmp/ad9c0f7e-1596-11ee-8a50-bb14de238602/python-telegram-bot-ptbcontrib/ptbcontrib/get_chat_link/requirements.txt (line 1)) (3.4)\n[06501c9c-9923-4d01-ba15-032304101be6/pytest-1]   | Requirement already satisfied: sniffio in /opt/hostedtoolcache/Python/3.7.11/x64/lib/python3.7/site-packages (from httpx~=0.24.0->python-telegram-bot~=20.0->-r /tmp/ad9c0f7e-1596-11ee-8a50-bb14de238602/python-telegram-bot-ptbcontrib/ptbcontrib/get_chat_link/requirements.txt (line 1)) (1.3.0)\n[06501c9c-9923-4d01-ba15-032304101be6/pytest-1]   | Requirement already satisfied: h11<0.15,>=0.13 in /opt/hostedtoolcache/Python/3.7.11/x64/lib/python3.7/site-packages (from httpcore<0.18.0,>=0.15.0->httpx~=0.24.0->python-telegram-bot~=20.0->-r /tmp/ad9c0f7e-1596-11ee-8a50-bb14de238602/python-telegram-bot-ptbcontrib/ptbcontrib/get_chat_link/requirements.txt (line 1)) (0.14.0)\n[06501c9c-9923-4d01-ba15-032304101be6/pytest-1]   | Requirement already satisfied: anyio<5.0,>=3.0 in /opt/hostedtoolcache/Python/3.7.11/x64/lib/python3.7/site-packages (from httpcore<0.18.0,>=0.15.0->httpx~=0.24.0->python-telegram-bot~=20.0->-r /tmp/ad9c0f7e-1596-11ee-8a50-bb14de238602/python-telegram-bot-ptbcontrib/ptbcontrib/get_chat_link/requirements.txt (line 1)) (3.7.0)\n[06501c9c-9923-4d01-ba15-032304101be6/pytest-1]   | Requirement already satisfied: exceptiongroup in /opt/hostedtoolcache/Python/3.7.11/x64/lib/python3.7/site-packages (from anyio<5.0,>=3.0->httpcore<0.18.0,>=0.15.0->httpx~=0.24.0->python-telegram-bot~=20.0->-r /tmp/ad9c0f7e-1596-11ee-8a50-bb14de238602/python-telegram-bot-ptbcontrib/ptbcontrib/get_chat_link/requirements.txt (line 1)) (1.1.1)\n[06501c9c-9923-4d01-ba15-032304101be6/pytest-1]   | Requirement already satisfied: typing-extensions in /opt/hostedtoolcache/Python/3.7.11/x64/lib/python3.7/site-packages (from anyio<5.0,>=3.0->httpcore<0.18.0,>=0.15.0->httpx~=0.24.0->python-telegram-bot~=20.0->-r /tmp/ad9c0f7e-1596-11ee-8a50-bb14de238602/python-telegram-bot-ptbcontrib/ptbcontrib/get_chat_link/requirements.txt (line 1)) (4.6.3)\n[06501c9c-9923-4d01-ba15-032304101be6/pytest-2]   | \n[06501c9c-9923-4d01-ba15-032304101be6/pytest-2]   | [notice] A new release of pip is available: 20.1.1 -> 23.1.2\n[06501c9c-9923-4d01-ba15-032304101be6/pytest-2]   | [notice] To update, run: pip install --upgrade pip\n[06501c9c-9923-4d01-ba15-032304101be6/pytest-1]   | \n[06501c9c-9923-4d01-ba15-032304101be6/pytest-1]   | [notice] A new release of pip is available: 20.1.1 -> 23.1.2\n[06501c9c-9923-4d01-ba15-032304101be6/pytest-1]   | [notice] To update, run: pip install --upgrade pip\n[06501c9c-9923-4d01-ba15-032304101be6/pytest-2]   | INTERNALERROR> Traceback (most recent call last):\n[06501c9c-9923-4d01-ba15-032304101be6/pytest-2]   | INTERNALERROR>   File \"/opt/hostedtoolcache/Python/3.7.11/x64/lib/python3.7/site-packages/_pytest/main.py\", line 264, in wrap_session\n[06501c9c-9923-4d01-ba15-032304101be6/pytest-2]   | INTERNALERROR>     config._do_configure()\n[06501c9c-9923-4d01-ba15-032304101be6/pytest-2]   | INTERNALERROR>   File \"/opt/hostedtoolcache/Python/3.7.11/x64/lib/python3.7/site-packages/_pytest/config/__init__.py\", line 995, in _do_configure\n[06501c9c-9923-4d01-ba15-032304101be6/pytest-2]   | INTERNALERROR>     self.hook.pytest_configure.call_historic(kwargs=dict(config=self))\n[06501c9c-9923-4d01-ba15-032304101be6/pytest-2]   | INTERNALERROR>   File \"/opt/hostedtoolcache/Python/3.7.11/x64/lib/python3.7/site-packages/pluggy/_hooks.py\", line 452, in call_historic\n[06501c9c-9923-4d01-ba15-032304101be6/pytest-2]   | INTERNALERROR>     res = self._hookexec(self.name, self._hookimpls, kwargs, False)\n[06501c9c-9923-4d01-ba15-032304101be6/pytest-2]   | INTERNALERROR>   File \"/opt/hostedtoolcache/Python/3.7.11/x64/lib/python3.7/site-packages/pluggy/_manager.py\", line 112, in _hookexec\n[06501c9c-9923-4d01-ba15-032304101be6/pytest-2]   | INTERNALERROR>     return self._inner_hookexec(hook_name, methods, kwargs, firstresult)\n[06501c9c-9923-4d01-ba15-032304101be6/pytest-2]   | INTERNALERROR>   File \"/opt/hostedtoolcache/Python/3.7.11/x64/lib/python3.7/site-packages/pluggy/_callers.py\", line 116, in _multicall\n[06501c9c-9923-4d01-ba15-032304101be6/pytest-2]   | INTERNALERROR>     raise exception.with_traceback(exception.__traceback__)\n[06501c9c-9923-4d01-ba15-032304101be6/pytest-2]   | INTERNALERROR>   File \"/opt/hostedtoolcache/Python/3.7.11/x64/lib/python3.7/site-packages/pluggy/_callers.py\", line 80, in _multicall\n[06501c9c-9923-4d01-ba15-032304101be6/pytest-2]   | INTERNALERROR>     res = hook_impl.function(*args)\n[06501c9c-9923-4d01-ba15-032304101be6/pytest-2]   | INTERNALERROR>   File \"/tmp/ad9c0f7e-1596-11ee-8a50-bb14de238602/python-telegram-bot-ptbcontrib/tests/plugin_github_group.py\", line 38, in pytest_configure\n[06501c9c-9923-4d01-ba15-032304101be6/pytest-2]   | INTERNALERROR>     for hookimpl in config.pluginmanager.hook.pytest_terminal_summary._nonwrappers:\n[06501c9c-9923-4d01-ba15-032304101be6/pytest-2]   | INTERNALERROR> AttributeError: '_HookCaller' object has no attribute '_nonwrappers'\n[06501c9c-9923-4d01-ba15-032304101be6/pytest-1]   | INTERNALERROR> Traceback (most recent call last):\n[06501c9c-9923-4d01-ba15-032304101be6/pytest-1]   | INTERNALERROR>   File \"/opt/hostedtoolcache/Python/3.7.11/x64/lib/python3.7/site-packages/_pytest/main.py\", line 264, in wrap_session\n[06501c9c-9923-4d01-ba15-032304101be6/pytest-1]   | INTERNALERROR>     config._do_configure()\n[06501c9c-9923-4d01-ba15-032304101be6/pytest-1]   | INTERNALERROR>   File \"/opt/hostedtoolcache/Python/3.7.11/x64/lib/python3.7/site-packages/_pytest/config/__init__.py\", line 995, in _do_configure\n[06501c9c-9923-4d01-ba15-032304101be6/pytest-1]   | INTERNALERROR>     self.hook.pytest_configure.call_historic(kwargs=dict(config=self))\n[06501c9c-9923-4d01-ba15-032304101be6/pytest-1]   | INTERNALERROR>   File \"/opt/hostedtoolcache/Python/3.7.11/x64/lib/python3.7/site-packages/pluggy/_hooks.py\", line 452, in call_historic\n[06501c9c-9923-4d01-ba15-032304101be6/pytest-1]   | INTERNALERROR>     res = self._hookexec(self.name, self._hookimpls, kwargs, False)\n[06501c9c-9923-4d01-ba15-032304101be6/pytest-1]   | INTERNALERROR>   File \"/opt/hostedtoolcache/Python/3.7.11/x64/lib/python3.7/site-packages/pluggy/_manager.py\", line 112, in _hookexec\n[06501c9c-9923-4d01-ba15-032304101be6/pytest-1]   | INTERNALERROR>     return self._inner_hookexec(hook_name, methods, kwargs, firstresult)\n[06501c9c-9923-4d01-ba15-032304101be6/pytest-1]   | INTERNALERROR>   File \"/opt/hostedtoolcache/Python/3.7.11/x64/lib/python3.7/site-packages/pluggy/_callers.py\", line 116, in _multicall\n[06501c9c-9923-4d01-ba15-032304101be6/pytest-1]   | INTERNALERROR>     raise exception.with_traceback(exception.__traceback__)\n[06501c9c-9923-4d01-ba15-032304101be6/pytest-1]   | INTERNALERROR>   File \"/opt/hostedtoolcache/Python/3.7.11/x64/lib/python3.7/site-packages/pluggy/_callers.py\", line 80, in _multicall\n[06501c9c-9923-4d01-ba15-032304101be6/pytest-1]   | INTERNALERROR>     res = hook_impl.function(*args)\n[06501c9c-9923-4d01-ba15-032304101be6/pytest-1]   | INTERNALERROR>   File \"/tmp/ad9c0f7e-1596-11ee-8a50-bb14de238602/python-telegram-bot-ptbcontrib/tests/plugin_github_group.py\", line 38, in pytest_configure\n[06501c9c-9923-4d01-ba15-032304101be6/pytest-1]   | INTERNALERROR>     for hookimpl in config.pluginmanager.hook.pytest_terminal_summary._nonwrappers:\n[06501c9c-9923-4d01-ba15-032304101be6/pytest-1]   | INTERNALERROR> AttributeError: '_HookCaller' object has no attribute '_nonwrappers'\n[06501c9c-9923-4d01-ba15-032304101be6/pytest-2]   | Collecting python-telegram-bot<20,>=13.0 (from -r /tmp/ad9c0f7e-1596-11ee-8a50-bb14de238602/python-telegram-bot-ptbcontrib/ptbcontrib/longbotcommand/requirements.txt (line 1))\n[06501c9c-9923-4d01-ba15-032304101be6/pytest-2]   |   Downloading python_telegram_bot-13.15-py3-none-any.whl (519 kB)\n[06501c9c-9923-4d01-ba15-032304101be6/pytest-1]   | Collecting python-telegram-bot<20,>=13.0 (from -r /tmp/ad9c0f7e-1596-11ee-8a50-bb14de238602/python-telegram-bot-ptbcontrib/ptbcontrib/longbotcommand/requirements.txt (line 1))\n[06501c9c-9923-4d01-ba15-032304101be6/pytest-2]   |      \u2501\u2501\u2501\u2501\u2501\u2501\u2501\u2501\u2501\u2501\u2501\u2501\u2501\u2501\u2501\u2501\u2501\u2501\u2501\u2501\u2501\u2501\u2501\u2501\u2501\u2501\u2501\u2501\u2501\u2501\u2501\u2501\u2501\u2501\u2501\u2501\u2501\u2501\u2501 519.2/519.2 kB 9.9 MB/s eta 0:00:00\n[06501c9c-9923-4d01-ba15-032304101be6/pytest-2]   | Requirement already satisfied: certifi in /opt/hostedtoolcache/Python/3.7.11/x64/lib/python3.7/site-packages (from python-telegram-bot<20,>=13.0->-r /tmp/ad9c0f7e-1596-11ee-8a50-bb14de238602/python-telegram-bot-ptbcontrib/ptbcontrib/longbotcommand/requirements.txt (line 1)) (2023.5.7)\n[06501c9c-9923-4d01-ba15-032304101be6/pytest-1]   |   Downloading python_telegram_bot-13.15-py3-none-any.whl (519 kB)\n[06501c9c-9923-4d01-ba15-032304101be6/pytest-1]   |      \u2501\u2501\u2501\u2501\u2501\u2501\u2501\u2501\u2501\u2501\u2501\u2501\u2501\u2501\u2501\u2501\u2501\u2501\u2501\u2501\u2501\u2501\u2501\u2501\u2501\u2501\u2501\u2501\u2501\u2501\u2501\u2501\u2501\u2501\u2501\u2501\u2501\u2501 519.2/519.2 kB 13.8 MB/s eta 0:00:00\n[06501c9c-9923-4d01-ba15-032304101be6/pytest-1]   | Requirement already satisfied: certifi in /opt/hostedtoolcache/Python/3.7.11/x64/lib/python3.7/site-packages (from python-telegram-bot<20,>=13.0->-r /tmp/ad9c0f7e-1596-11ee-8a50-bb14de238602/python-telegram-bot-ptbcontrib/ptbcontrib/longbotcommand/requirements.txt (line 1)) (2023.5.7)\n[06501c9c-9923-4d01-ba15-032304101be6/pytest-2]   | Collecting tornado==6.1 (from python-telegram-bot<20,>=13.0->-r /tmp/ad9c0f7e-1596-11ee-8a50-bb14de238602/python-telegram-bot-ptbcontrib/ptbcontrib/longbotcommand/requirements.txt (line 1))\n[06501c9c-9923-4d01-ba15-032304101be6/pytest-1]   | Collecting tornado==6.1 (from python-telegram-bot<20,>=13.0->-r /tmp/ad9c0f7e-1596-11ee-8a50-bb14de238602/python-telegram-bot-ptbcontrib/ptbcontrib/longbotcommand/requirements.txt (line 1))\n[06501c9c-9923-4d01-ba15-032304101be6/pytest-2]   |   Downloading tornado-6.1-cp37-cp37m-manylinux2010_x86_64.whl (428 kB)\n[06501c9c-9923-4d01-ba15-032304101be6/pytest-1]   |   Downloading tornado-6.1-cp37-cp37m-manylinux2010_x86_64.whl (428 kB)\n[06501c9c-9923-4d01-ba15-032304101be6/pytest-1]   |      \u2501\u2501\u2501\u2501\u2501\u2501\u2501\u2501\u2501\u2501\u2501\u2501\u2501\u2501\u2501\u2501\u2501\u2501\u2501\u2501\u2501\u2501\u2501\u2501\u2501\u2501\u2501\u2501\u2501\u2501\u2501\u2501\u2501\u2501\u2501\u2501\u2501\u2501\u2501 428.5/428.5 kB 9.6 MB/s eta 0:00:00\n[06501c9c-9923-4d01-ba15-032304101be6/pytest-2]   |      \u2501\u2501\u2501\u2501\u2501\u2501\u2501\u2501\u2501\u2501\u2501\u2501\u2501\u2501\u2501\u2501\u2501\u2501\u2501\u2501\u2501\u2501\u2501\u2501\u2501\u2501\u2501\u2501\u2501\u2501\u2501\u2501\u2501\u2501\u2501\u2501\u2501\u2501\u2501 428.5/428.5 kB 5.2 MB/s eta 0:00:00\n[06501c9c-9923-4d01-ba15-032304101be6/pytest-1]   | Collecting APScheduler==3.6.3 (from python-telegram-bot<20,>=13.0->-r /tmp/ad9c0f7e-1596-11ee-8a50-bb14de238602/python-telegram-bot-ptbcontrib/ptbcontrib/longbotcommand/requirements.txt (line 1))\n[06501c9c-9923-4d01-ba15-032304101be6/pytest-2]   | Collecting APScheduler==3.6.3 (from python-telegram-bot<20,>=13.0->-r /tmp/ad9c0f7e-1596-11ee-8a50-bb14de238602/python-telegram-bot-ptbcontrib/ptbcontrib/longbotcommand/requirements.txt (line 1))\n[06501c9c-9923-4d01-ba15-032304101be6/pytest-1]   |   Downloading APScheduler-3.6.3-py2.py3-none-any.whl (58 kB)\n[06501c9c-9923-4d01-ba15-032304101be6/pytest-2]   |   Downloading APScheduler-3.6.3-py2.py3-none-any.whl (58 kB)\n[06501c9c-9923-4d01-ba15-032304101be6/pytest-2]   |      \u2501\u2501\u2501\u2501\u2501\u2501\u2501\u2501\u2501\u2501\u2501\u2501\u2501\u2501\u2501\u2501\u2501\u2501\u2501\u2501\u2501\u2501\u2501\u2501\u2501\u2501\u2501\u2501\u2501\u2501\u2501\u2501\u2501\u2501\u2501\u2501\u2501\u2501\u2501\u2501 58.9/58.9 kB 2.9 MB/s eta 0:00:00\n[06501c9c-9923-4d01-ba15-032304101be6/pytest-1]   |      \u2501\u2501\u2501\u2501\u2501\u2501\u2501\u2501\u2501\u2501\u2501\u2501\u2501\u2501\u2501\u2501\u2501\u2501\u2501\u2501\u2501\u2501\u2501\u2501\u2501\u2501\u2501\u2501\u2501\u2501\u2501\u2501\u2501\u2501\u2501\u2501\u2501\u2501\u2501\u2501 58.9/58.9 kB 2.6 MB/s eta 0:00:00\n[06501c9c-9923-4d01-ba15-032304101be6/pytest-1]   | Collecting pytz>=2018.6 (from python-telegram-bot<20,>=13.0->-r /tmp/ad9c0f7e-1596-11ee-8a50-bb14de238602/python-telegram-bot-ptbcontrib/ptbcontrib/longbotcommand/requirements.txt (line 1))\n[06501c9c-9923-4d01-ba15-032304101be6/pytest-2]   | Collecting pytz>=2018.6 (from python-telegram-bot<20,>=13.0->-r /tmp/ad9c0f7e-1596-11ee-8a50-bb14de238602/python-telegram-bot-ptbcontrib/ptbcontrib/longbotcommand/requirements.txt (line 1))\n[06501c9c-9923-4d01-ba15-032304101be6/pytest-1]   |   Downloading pytz-2023.3-py2.py3-none-any.whl (502 kB)\n[06501c9c-9923-4d01-ba15-032304101be6/pytest-2]   |   Downloading pytz-2023.3-py2.py3-none-any.whl (502 kB)\n[06501c9c-9923-4d01-ba15-032304101be6/pytest-1]   |      \u2501\u2501\u2501\u2501\u2501\u2501\u2501\u2501\u2501\u2501\u2501\u2501\u2501\u2501\u2501\u2501\u2501\u2501\u2501\u2501\u2501\u2501\u2501\u2501\u2501\u2501\u2501\u2501\u2501\u2501\u2501\u2501\u2501\u2501\u2501\u2501\u2501\u2501 502.3/502.3 kB 13.4 MB/s eta 0:00:00\n[06501c9c-9923-4d01-ba15-032304101be6/pytest-2]   |      \u2501\u2501\u2501\u2501\u2501\u2501\u2501\u2501\u2501\u2501\u2501\u2501\u2501\u2501\u2501\u2501\u2501\u2501\u2501\u2501\u2501\u2501\u2501\u2501\u2501\u2501\u2501\u2501\u2501\u2501\u2501\u2501\u2501\u2501\u2501\u2501\u2501\u2501 502.3/502.3 kB 13.9 MB/s eta 0:00:00\n[06501c9c-9923-4d01-ba15-032304101be6/pytest-1]   | Collecting cachetools==4.2.2 (from python-telegram-bot<20,>=13.0->-r /tmp/ad9c0f7e-1596-11ee-8a50-bb14de238602/python-telegram-bot-ptbcontrib/ptbcontrib/longbotcommand/requirements.txt (line 1))\n[06501c9c-9923-4d01-ba15-032304101be6/pytest-1]   |   Downloading cachetools-4.2.2-py3-none-any.whl (11 kB)\n[06501c9c-9923-4d01-ba15-032304101be6/pytest-2]   | Collecting cachetools==4.2.2 (from python-telegram-bot<20,>=13.0->-r /tmp/ad9c0f7e-1596-11ee-8a50-bb14de238602/python-telegram-bot-ptbcontrib/ptbcontrib/longbotcommand/requirements.txt (line 1))\n[06501c9c-9923-4d01-ba15-032304101be6/pytest-2]   |   Downloading cachetools-4.2.2-py3-none-any.whl (11 kB)\n[06501c9c-9923-4d01-ba15-032304101be6/pytest-1]   | Requirement already satisfied: setuptools>=0.7 in /opt/hostedtoolcache/Python/3.7.11/x64/lib/python3.7/site-packages (from APScheduler==3.6.3->python-telegram-bot<20,>=13.0->-r /tmp/ad9c0f7e-1596-11ee-8a50-bb14de238602/python-telegram-bot-ptbcontrib/ptbcontrib/longbotcommand/requirements.txt (line 1)) (47.1.0)\n[06501c9c-9923-4d01-ba15-032304101be6/pytest-2]   | Requirement already satisfied: setuptools>=0.7 in /opt/hostedtoolcache/Python/3.7.11/x64/lib/python3.7/site-packages (from APScheduler==3.6.3->python-telegram-bot<20,>=13.0->-r /tmp/ad9c0f7e-1596-11ee-8a50-bb14de238602/python-telegram-bot-ptbcontrib/ptbcontrib/longbotcommand/requirements.txt (line 1)) (47.1.0)\n[06501c9c-9923-4d01-ba15-032304101be6/pytest-2]   | Collecting six>=1.4.0 (from APScheduler==3.6.3->python-telegram-bot<20,>=13.0->-r /tmp/ad9c0f7e-1596-11ee-8a50-bb14de238602/python-telegram-bot-ptbcontrib/ptbcontrib/longbotcommand/requirements.txt (line 1))\n[06501c9c-9923-4d01-ba15-032304101be6/pytest-2]   |   Downloading six-1.16.0-py2.py3-none-any.whl (11 kB)\n[06501c9c-9923-4d01-ba15-032304101be6/pytest-1]   | Collecting six>=1.4.0 (from APScheduler==3.6.3->python-telegram-bot<20,>=13.0->-r /tmp/ad9c0f7e-1596-11ee-8a50-bb14de238602/python-telegram-bot-ptbcontrib/ptbcontrib/longbotcommand/requirements.txt (line 1))\n[06501c9c-9923-4d01-ba15-032304101be6/pytest-1]   |   Downloading six-1.16.0-py2.py3-none-any.whl (11 kB)\n[06501c9c-9923-4d01-ba15-032304101be6/pytest-2]   | Collecting tzlocal>=1.2 (from APScheduler==3.6.3->python-telegram-bot<20,>=13.0->-r /tmp/ad9c0f7e-1596-11ee-8a50-bb14de238602/python-telegram-bot-ptbcontrib/ptbcontrib/longbotcommand/requirements.txt (line 1))\n[06501c9c-9923-4d01-ba15-032304101be6/pytest-1]   | Collecting tzlocal>=1.2 (from APScheduler==3.6.3->python-telegram-bot<20,>=13.0->-r /tmp/ad9c0f7e-1596-11ee-8a50-bb14de238602/python-telegram-bot-ptbcontrib/ptbcontrib/longbotcommand/requirements.txt (line 1))\n[06501c9c-9923-4d01-ba15-032304101be6/pytest-2]   |   Downloading tzlocal-5.0.1-py3-none-any.whl (20 kB)\n[06501c9c-9923-4d01-ba15-032304101be6/pytest-1]   |   Downloading tzlocal-5.0.1-py3-none-any.whl (20 kB)\n[06501c9c-9923-4d01-ba15-032304101be6/pytest-2]   | Collecting backports.zoneinfo (from tzlocal>=1.2->APScheduler==3.6.3->python-telegram-bot<20,>=13.0->-r /tmp/ad9c0f7e-1596-11ee-8a50-bb14de238602/python-telegram-bot-ptbcontrib/ptbcontrib/longbotcommand/requirements.txt (line 1))\n[06501c9c-9923-4d01-ba15-032304101be6/pytest-1]   | Collecting backports.zoneinfo (from tzlocal>=1.2->APScheduler==3.6.3->python-telegram-bot<20,>=13.0->-r /tmp/ad9c0f7e-1596-11ee-8a50-bb14de238602/python-telegram-bot-ptbcontrib/ptbcontrib/longbotcommand/requirements.txt (line 1))\n[06501c9c-9923-4d01-ba15-032304101be6/pytest-1]   |   Downloading backports.zoneinfo-0.2.1-cp37-cp37m-manylinux1_x86_64.whl (70 kB)\n[06501c9c-9923-4d01-ba15-032304101be6/pytest-1]   |      \u2501\u2501\u2501\u2501\u2501\u2501\u2501\u2501\u2501\u2501\u2501\u2501\u2501\u2501\u2501\u2501\u2501\u2501\u2501\u2501\u2501\u2501\u2501\u2501\u2501\u2501\u2501\u2501\u2501\u2501\u2501\u2501\u2501\u2501\u2501\u2501\u2501\u2501\u2501\u2501 70.7/70.7 kB 3.0 MB/s eta 0:00:00\n[06501c9c-9923-4d01-ba15-032304101be6/pytest-2]   |   Downloading backports.zoneinfo-0.2.1-cp37-cp37m-manylinux1_x86_64.whl (70 kB)\n[06501c9c-9923-4d01-ba15-032304101be6/pytest-2]   |      \u2501\u2501\u2501\u2501\u2501\u2501\u2501\u2501\u2501\u2501\u2501\u2501\u2501\u2501\u2501\u2501\u2501\u2501\u2501\u2501\u2501\u2501\u2501\u2501\u2501\u2501\u2501\u2501\u2501\u2501\u2501\u2501\u2501\u2501\u2501\u2501\u2501\u2501\u2501 70.7/70.7 kB 814.5 kB/s eta 0:00:00\n[06501c9c-9923-4d01-ba15-032304101be6/pytest-1]   | Installing collected packages: pytz, tornado, six, cachetools, backports.zoneinfo, tzlocal, APScheduler, python-telegram-bot\n[06501c9c-9923-4d01-ba15-032304101be6/pytest-2]   | Installing collected packages: pytz, tornado, six, cachetools, backports.zoneinfo, tzlocal, APScheduler, python-telegram-bot\n[06501c9c-9923-4d01-ba15-032304101be6/pytest-2]   |   Attempting uninstall: python-telegram-bot\n[06501c9c-9923-4d01-ba15-032304101be6/pytest-1]   |   Attempting uninstall: python-telegram-bot\n[06501c9c-9923-4d01-ba15-032304101be6/pytest-2]   |     Found existing installation: python-telegram-bot 20.3\n[06501c9c-9923-4d01-ba15-032304101be6/pytest-1]   |     Found existing installation: python-telegram-bot 20.3\n[06501c9c-9923-4d01-ba15-032304101be6/pytest-1]   |     Uninstalling python-telegram-bot-20.3:\n[06501c9c-9923-4d01-ba15-032304101be6/pytest-1]   |       Successfully uninstalled python-telegram-bot-20.3\n[06501c9c-9923-4d01-ba15-032304101be6/pytest-2]   |     Uninstalling python-telegram-bot-20.3:\n[06501c9c-9923-4d01-ba15-032304101be6/pytest-2]   |       Successfully uninstalled python-telegram-bot-20.3\n[06501c9c-9923-4d01-ba15-032304101be6/pytest-1]   | Successfully installed APScheduler-3.6.3 backports.zoneinfo-0.2.1 cachetools-4.2.2 python-telegram-bot-13.15 pytz-2023.3 six-1.16.0 tornado-6.1 tzlocal-5.0.1\n[06501c9c-9923-4d01-ba15-032304101be6/pytest-1]   | \n[06501c9c-9923-4d01-ba15-032304101be6/pytest-1]   | [notice] A new release of pip is available: 20.1.1 -> 23.1.2\n[06501c9c-9923-4d01-ba15-032304101be6/pytest-1]   | [notice] To update, run: pip install --upgrade pip\n[06501c9c-9923-4d01-ba15-032304101be6/pytest-2]   | Successfully installed APScheduler-3.6.3 backports.zoneinfo-0.2.1 cachetools-4.2.2 python-telegram-bot-13.15 pytz-2023.3 six-1.16.0 tornado-6.1 tzlocal-5.0.1\n[06501c9c-9923-4d01-ba15-032304101be6/pytest-2]   | \n[06501c9c-9923-4d01-ba15-032304101be6/pytest-2]   | [notice] A new release of pip is available: 20.1.1 -> 23.1.2\n[06501c9c-9923-4d01-ba15-032304101be6/pytest-2]   | [notice] To update, run: pip install --upgrade pip\n[06501c9c-9923-4d01-ba15-032304101be6/pytest-1]   | INTERNALERROR> Traceback (most recent call last):\n[06501c9c-9923-4d01-ba15-032304101be6/pytest-1]   | INTERNALERROR>   File \"/opt/hostedtoolcache/Python/3.7.11/x64/lib/python3.7/site-packages/_pytest/main.py\", line 264, in wrap_session\n[06501c9c-9923-4d01-ba15-032304101be6/pytest-1]   | INTERNALERROR>     config._do_configure()\n[06501c9c-9923-4d01-ba15-032304101be6/pytest-1]   | INTERNALERROR>   File \"/opt/hostedtoolcache/Python/3.7.11/x64/lib/python3.7/site-packages/_pytest/config/__init__.py\", line 995, in _do_configure\n[06501c9c-9923-4d01-ba15-032304101be6/pytest-1]   | INTERNALERROR>     self.hook.pytest_configure.call_historic(kwargs=dict(config=self))\n[06501c9c-9923-4d01-ba15-032304101be6/pytest-1]   | INTERNALERROR>   File \"/opt/hostedtoolcache/Python/3.7.11/x64/lib/python3.7/site-packages/pluggy/_hooks.py\", line 452, in call_historic\n[06501c9c-9923-4d01-ba15-032304101be6/pytest-1]   | INTERNALERROR>     res = self._hookexec(self.name, self._hookimpls, kwargs, False)\n[06501c9c-9923-4d01-ba15-032304101be6/pytest-1]   | INTERNALERROR>   File \"/opt/hostedtoolcache/Python/3.7.11/x64/lib/python3.7/site-packages/pluggy/_manager.py\", line 112, in _hookexec\n[06501c9c-9923-4d01-ba15-032304101be6/pytest-1]   | INTERNALERROR>     return self._inner_hookexec(hook_name, methods, kwargs, firstresult)\n[06501c9c-9923-4d01-ba15-032304101be6/pytest-1]   | INTERNALERROR>   File \"/opt/hostedtoolcache/Python/3.7.11/x64/lib/python3.7/site-packages/pluggy/_callers.py\", line 116, in _multicall\n[06501c9c-9923-4d01-ba15-032304101be6/pytest-1]   | INTERNALERROR>     raise exception.with_traceback(exception.__traceback__)\n[06501c9c-9923-4d01-ba15-032304101be6/pytest-1]   | INTERNALERROR>   File \"/opt/hostedtoolcache/Python/3.7.11/x64/lib/python3.7/site-packages/pluggy/_callers.py\", line 80, in _multicall\n[06501c9c-9923-4d01-ba15-032304101be6/pytest-1]   | INTERNALERROR>     res = hook_impl.function(*args)\n[06501c9c-9923-4d01-ba15-032304101be6/pytest-1]   | INTERNALERROR>   File \"/tmp/ad9c0f7e-1596-11ee-8a50-bb14de238602/python-telegram-bot-ptbcontrib/tests/plugin_github_group.py\", line 38, in pytest_configure\n[06501c9c-9923-4d01-ba15-032304101be6/pytest-1]   | INTERNALERROR>     for hookimpl in config.pluginmanager.hook.pytest_terminal_summary._nonwrappers:\n[06501c9c-9923-4d01-ba15-032304101be6/pytest-1]   | INTERNALERROR> AttributeError: '_HookCaller' object has no attribute '_nonwrappers'\n[06501c9c-9923-4d01-ba15-032304101be6/pytest-2]   | INTERNALERROR> Traceback (most recent call last):\n[06501c9c-9923-4d01-ba15-032304101be6/pytest-2]   | INTERNALERROR>   File \"/opt/hostedtoolcache/Python/3.7.11/x64/lib/python3.7/site-packages/_pytest/main.py\", line 264, in wrap_session\n[06501c9c-9923-4d01-ba15-032304101be6/pytest-2]   | INTERNALERROR>     config._do_configure()\n[06501c9c-9923-4d01-ba15-032304101be6/pytest-2]   | INTERNALERROR>   File \"/opt/hostedtoolcache/Python/3.7.11/x64/lib/python3.7/site-packages/_pytest/config/__init__.py\", line 995, in _do_configure\n[06501c9c-9923-4d01-ba15-032304101be6/pytest-2]   | INTERNALERROR>     self.hook.pytest_configure.call_historic(kwargs=dict(config=self))\n[06501c9c-9923-4d01-ba15-032304101be6/pytest-2]   | INTERNALERROR>   File \"/opt/hostedtoolcache/Python/3.7.11/x64/lib/python3.7/site-packages/pluggy/_hooks.py\", line 452, in call_historic\n[06501c9c-9923-4d01-ba15-032304101be6/pytest-2]   | INTERNALERROR>     res = self._hookexec(self.name, self._hookimpls, kwargs, False)\n[06501c9c-9923-4d01-ba15-032304101be6/pytest-2]   | INTERNALERROR>   File \"/opt/hostedtoolcache/Python/3.7.11/x64/lib/python3.7/site-packages/pluggy/_manager.py\", line 112, in _hookexec\n[06501c9c-9923-4d01-ba15-032304101be6/pytest-2]   | INTERNALERROR>     return self._inner_hookexec(hook_name, methods, kwargs, firstresult)\n[06501c9c-9923-4d01-ba15-032304101be6/pytest-2]   | INTERNALERROR>   File \"/opt/hostedtoolcache/Python/3.7.11/x64/lib/python3.7/site-packages/pluggy/_callers.py\", line 116, in _multicall\n[06501c9c-9923-4d01-ba15-032304101be6/pytest-2]   | INTERNALERROR>     raise exception.with_traceback(exception.__traceback__)\n[06501c9c-9923-4d01-ba15-032304101be6/pytest-2]   | INTERNALERROR>   File \"/opt/hostedtoolcache/Python/3.7.11/x64/lib/python3.7/site-packages/pluggy/_callers.py\", line 80, in _multicall\n[06501c9c-9923-4d01-ba15-032304101be6/pytest-2]   | INTERNALERROR>     res = hook_impl.function(*args)\n[06501c9c-9923-4d01-ba15-032304101be6/pytest-2]   | INTERNALERROR>   File \"/tmp/ad9c0f7e-1596-11ee-8a50-bb14de238602/python-telegram-bot-ptbcontrib/tests/plugin_github_group.py\", line 38, in pytest_configure\n[06501c9c-9923-4d01-ba15-032304101be6/pytest-2]   | INTERNALERROR>     for hookimpl in config.pluginmanager.hook.pytest_terminal_summary._nonwrappers:\n[06501c9c-9923-4d01-ba15-032304101be6/pytest-2]   | INTERNALERROR> AttributeError: '_HookCaller' object has no attribute '_nonwrappers'\n[06501c9c-9923-4d01-ba15-032304101be6/pytest-1]   | Collecting python-telegram-bot~=20.0 (from -r /tmp/ad9c0f7e-1596-11ee-8a50-bb14de238602/python-telegram-bot-ptbcontrib/ptbcontrib/send_by_kwargs/requirements.txt (line 1))\n[06501c9c-9923-4d01-ba15-032304101be6/pytest-1]   |   Using cached python_telegram_bot-20.3-py3-none-any.whl (545 kB)\n[06501c9c-9923-4d01-ba15-032304101be6/pytest-1]   | Requirement already satisfied: httpx~=0.24.0 in /opt/hostedtoolcache/Python/3.7.11/x64/lib/python3.7/site-packages (from python-telegram-bot~=20.0->-r /tmp/ad9c0f7e-1596-11ee-8a50-bb14de238602/python-telegram-bot-ptbcontrib/ptbcontrib/send_by_kwargs/requirements.txt (line 1)) (0.24.1)\n[06501c9c-9923-4d01-ba15-032304101be6/pytest-1]   | Requirement already satisfied: certifi in /opt/hostedtoolcache/Python/3.7.11/x64/lib/python3.7/site-packages (from httpx~=0.24.0->python-telegram-bot~=20.0->-r /tmp/ad9c0f7e-1596-11ee-8a50-bb14de238602/python-telegram-bot-ptbcontrib/ptbcontrib/send_by_kwargs/requirements.txt (line 1)) (2023.5.7)\n[06501c9c-9923-4d01-ba15-032304101be6/pytest-1]   | Requirement already satisfied: httpcore<0.18.0,>=0.15.0 in /opt/hostedtoolcache/Python/3.7.11/x64/lib/python3.7/site-packages (from httpx~=0.24.0->python-telegram-bot~=20.0->-r /tmp/ad9c0f7e-1596-11ee-8a50-bb14de238602/python-telegram-bot-ptbcontrib/ptbcontrib/send_by_kwargs/requirements.txt (line 1)) (0.17.2)\n[06501c9c-9923-4d01-ba15-032304101be6/pytest-1]   | Requirement already satisfied: idna in /opt/hostedtoolcache/Python/3.7.11/x64/lib/python3.7/site-packages (from httpx~=0.24.0->python-telegram-bot~=20.0->-r /tmp/ad9c0f7e-1596-11ee-8a50-bb14de238602/python-telegram-bot-ptbcontrib/ptbcontrib/send_by_kwargs/requirements.txt (line 1)) (3.4)\n[06501c9c-9923-4d01-ba15-032304101be6/pytest-1]   | Requirement already satisfied: sniffio in /opt/hostedtoolcache/Python/3.7.11/x64/lib/python3.7/site-packages (from httpx~=0.24.0->python-telegram-bot~=20.0->-r /tmp/ad9c0f7e-1596-11ee-8a50-bb14de238602/python-telegram-bot-ptbcontrib/ptbcontrib/send_by_kwargs/requirements.txt (line 1)) (1.3.0)\n[06501c9c-9923-4d01-ba15-032304101be6/pytest-1]   | Requirement already satisfied: h11<0.15,>=0.13 in /opt/hostedtoolcache/Python/3.7.11/x64/lib/python3.7/site-packages (from httpcore<0.18.0,>=0.15.0->httpx~=0.24.0->python-telegram-bot~=20.0->-r /tmp/ad9c0f7e-1596-11ee-8a50-bb14de238602/python-telegram-bot-ptbcontrib/ptbcontrib/send_by_kwargs/requirements.txt (line 1)) (0.14.0)\n[06501c9c-9923-4d01-ba15-032304101be6/pytest-1]   | Requirement already satisfied: anyio<5.0,>=3.0 in /opt/hostedtoolcache/Python/3.7.11/x64/lib/python3.7/site-packages (from httpcore<0.18.0,>=0.15.0->httpx~=0.24.0->python-telegram-bot~=20.0->-r /tmp/ad9c0f7e-1596-11ee-8a50-bb14de238602/python-telegram-bot-ptbcontrib/ptbcontrib/send_by_kwargs/requirements.txt (line 1)) (3.7.0)\n[06501c9c-9923-4d01-ba15-032304101be6/pytest-1]   | Requirement already satisfied: exceptiongroup in /opt/hostedtoolcache/Python/3.7.11/x64/lib/python3.7/site-packages (from anyio<5.0,>=3.0->httpcore<0.18.0,>=0.15.0->httpx~=0.24.0->python-telegram-bot~=20.0->-r /tmp/ad9c0f7e-1596-11ee-8a50-bb14de238602/python-telegram-bot-ptbcontrib/ptbcontrib/send_by_kwargs/requirements.txt (line 1)) (1.1.1)\n[06501c9c-9923-4d01-ba15-032304101be6/pytest-1]   | Requirement already satisfied: typing-extensions in /opt/hostedtoolcache/Python/3.7.11/x64/lib/python3.7/site-packages (from anyio<5.0,>=3.0->httpcore<0.18.0,>=0.15.0->httpx~=0.24.0->python-telegram-bot~=20.0->-r /tmp/ad9c0f7e-1596-11ee-8a50-bb14de238602/python-telegram-bot-ptbcontrib/ptbcontrib/send_by_kwargs/requirements.txt (line 1)) (4.6.3)\n[06501c9c-9923-4d01-ba15-032304101be6/pytest-2]   | Collecting python-telegram-bot~=20.0 (from -r /tmp/ad9c0f7e-1596-11ee-8a50-bb14de238602/python-telegram-bot-ptbcontrib/ptbcontrib/send_by_kwargs/requirements.txt (line 1))\n[06501c9c-9923-4d01-ba15-032304101be6/pytest-2]   |   Using cached python_telegram_bot-20.3-py3-none-any.whl (545 kB)\n[06501c9c-9923-4d01-ba15-032304101be6/pytest-2]   | Requirement already satisfied: httpx~=0.24.0 in /opt/hostedtoolcache/Python/3.7.11/x64/lib/python3.7/site-packages (from python-telegram-bot~=20.0->-r /tmp/ad9c0f7e-1596-11ee-8a50-bb14de238602/python-telegram-bot-ptbcontrib/ptbcontrib/send_by_kwargs/requirements.txt (line 1)) (0.24.1)\n[06501c9c-9923-4d01-ba15-032304101be6/pytest-2]   | Requirement already satisfied: certifi in /opt/hostedtoolcache/Python/3.7.11/x64/lib/python3.7/site-packages (from httpx~=0.24.0->python-telegram-bot~=20.0->-r /tmp/ad9c0f7e-1596-11ee-8a50-bb14de238602/python-telegram-bot-ptbcontrib/ptbcontrib/send_by_kwargs/requirements.txt (line 1)) (2023.5.7)\n[06501c9c-9923-4d01-ba15-032304101be6/pytest-2]   | Requirement already satisfied: httpcore<0.18.0,>=0.15.0 in /opt/hostedtoolcache/Python/3.7.11/x64/lib/python3.7/site-packages (from httpx~=0.24.0->python-telegram-bot~=20.0->-r /tmp/ad9c0f7e-1596-11ee-8a50-bb14de238602/python-telegram-bot-ptbcontrib/ptbcontrib/send_by_kwargs/requirements.txt (line 1)) (0.17.2)\n[06501c9c-9923-4d01-ba15-032304101be6/pytest-2]   | Requirement already satisfied: idna in /opt/hostedtoolcache/Python/3.7.11/x64/lib/python3.7/site-packages (from httpx~=0.24.0->python-telegram-bot~=20.0->-r /tmp/ad9c0f7e-1596-11ee-8a50-bb14de238602/python-telegram-bot-ptbcontrib/ptbcontrib/send_by_kwargs/requirements.txt (line 1)) (3.4)\n[06501c9c-9923-4d01-ba15-032304101be6/pytest-2]   | Requirement already satisfied: sniffio in /opt/hostedtoolcache/Python/3.7.11/x64/lib/python3.7/site-packages (from httpx~=0.24.0->python-telegram-bot~=20.0->-r /tmp/ad9c0f7e-1596-11ee-8a50-bb14de238602/python-telegram-bot-ptbcontrib/ptbcontrib/send_by_kwargs/requirements.txt (line 1)) (1.3.0)\n[06501c9c-9923-4d01-ba15-032304101be6/pytest-2]   | Requirement already satisfied: h11<0.15,>=0.13 in /opt/hostedtoolcache/Python/3.7.11/x64/lib/python3.7/site-packages (from httpcore<0.18.0,>=0.15.0->httpx~=0.24.0->python-telegram-bot~=20.0->-r /tmp/ad9c0f7e-1596-11ee-8a50-bb14de238602/python-telegram-bot-ptbcontrib/ptbcontrib/send_by_kwargs/requirements.txt (line 1)) (0.14.0)\n[06501c9c-9923-4d01-ba15-032304101be6/pytest-2]   | Requirement already satisfied: anyio<5.0,>=3.0 in /opt/hostedtoolcache/Python/3.7.11/x64/lib/python3.7/site-packages (from httpcore<0.18.0,>=0.15.0->httpx~=0.24.0->python-telegram-bot~=20.0->-r /tmp/ad9c0f7e-1596-11ee-8a50-bb14de238602/python-telegram-bot-ptbcontrib/ptbcontrib/send_by_kwargs/requirements.txt (line 1)) (3.7.0)\n[06501c9c-9923-4d01-ba15-032304101be6/pytest-2]   | Requirement already satisfied: exceptiongroup in /opt/hostedtoolcache/Python/3.7.11/x64/lib/python3.7/site-packages (from anyio<5.0,>=3.0->httpcore<0.18.0,>=0.15.0->httpx~=0.24.0->python-telegram-bot~=20.0->-r /tmp/ad9c0f7e-1596-11ee-8a50-bb14de238602/python-telegram-bot-ptbcontrib/ptbcontrib/send_by_kwargs/requirements.txt (line 1)) (1.1.1)\n[06501c9c-9923-4d01-ba15-032304101be6/pytest-2]   | Requirement already satisfied: typing-extensions in /opt/hostedtoolcache/Python/3.7.11/x64/lib/python3.7/site-packages (from anyio<5.0,>=3.0->httpcore<0.18.0,>=0.15.0->httpx~=0.24.0->python-telegram-bot~=20.0->-r /tmp/ad9c0f7e-1596-11ee-8a50-bb14de238602/python-telegram-bot-ptbcontrib/ptbcontrib/send_by_kwargs/requirements.txt (line 1)) (4.6.3)\n[06501c9c-9923-4d01-ba15-032304101be6/pytest-1]   | Installing collected packages: python-telegram-bot\n[06501c9c-9923-4d01-ba15-032304101be6/pytest-1]   |   Attempting uninstall: python-telegram-bot\n[06501c9c-9923-4d01-ba15-032304101be6/pytest-1]   |     Found existing installation: python-telegram-bot 13.15\n[06501c9c-9923-4d01-ba15-032304101be6/pytest-1]   |     Uninstalling python-telegram-bot-13.15:\n[06501c9c-9923-4d01-ba15-032304101be6/pytest-1]   |       Successfully uninstalled python-telegram-bot-13.15\n[06501c9c-9923-4d01-ba15-032304101be6/pytest-2]   | Installing collected packages: python-telegram-bot\n[06501c9c-9923-4d01-ba15-032304101be6/pytest-2]   |   Attempting uninstall: python-telegram-bot\n[06501c9c-9923-4d01-ba15-032304101be6/pytest-2]   |     Found existing installation: python-telegram-bot 13.15\n[06501c9c-9923-4d01-ba15-032304101be6/pytest-2]   |     Uninstalling python-telegram-bot-13.15:\n[06501c9c-9923-4d01-ba15-032304101be6/pytest-1]   | Successfully installed python-telegram-bot-20.3\n[06501c9c-9923-4d01-ba15-032304101be6/pytest-1]   | \n[06501c9c-9923-4d01-ba15-032304101be6/pytest-1]   | [notice] A new release of pip is available: 20.1.1 -> 23.1.2\n[06501c9c-9923-4d01-ba15-032304101be6/pytest-1]   | [notice] To update, run: pip install --upgrade pip\n[06501c9c-9923-4d01-ba15-032304101be6/pytest-2]   |       Successfully uninstalled python-telegram-bot-13.15\n[06501c9c-9923-4d01-ba15-032304101be6/pytest-2]   | Successfully installed python-telegram-bot-20.3\n[06501c9c-9923-4d01-ba15-032304101be6/pytest-2]   | \n[06501c9c-9923-4d01-ba15-032304101be6/pytest-2]   | [notice] A new release of pip is available: 20.1.1 -> 23.1.2\n[06501c9c-9923-4d01-ba15-032304101be6/pytest-2]   | [notice] To update, run: pip install --upgrade pip\n[06501c9c-9923-4d01-ba15-032304101be6/pytest-2]   | INTERNALERROR> Traceback (most recent call last):\n[06501c9c-9923-4d01-ba15-032304101be6/pytest-2]   | INTERNALERROR>   File \"/opt/hostedtoolcache/Python/3.7.11/x64/lib/python3.7/site-packages/_pytest/main.py\", line 264, in wrap_session\n[06501c9c-9923-4d01-ba15-032304101be6/pytest-2]   | INTERNALERROR>     config._do_configure()\n[06501c9c-9923-4d01-ba15-032304101be6/pytest-2]   | INTERNALERROR>   File \"/opt/hostedtoolcache/Python/3.7.11/x64/lib/python3.7/site-packages/_pytest/config/__init__.py\", line 995, in _do_configure\n[06501c9c-9923-4d01-ba15-032304101be6/pytest-2]   | INTERNALERROR>     self.hook.pytest_configure.call_historic(kwargs=dict(config=self))\n[06501c9c-9923-4d01-ba15-032304101be6/pytest-2]   | INTERNALERROR>   File \"/opt/hostedtoolcache/Python/3.7.11/x64/lib/python3.7/site-packages/pluggy/_hooks.py\", line 452, in call_historic\n[06501c9c-9923-4d01-ba15-032304101be6/pytest-2]   | INTERNALERROR>     res = self._hookexec(self.name, self._hookimpls, kwargs, False)\n[06501c9c-9923-4d01-ba15-032304101be6/pytest-2]   | INTERNALERROR>   File \"/opt/hostedtoolcache/Python/3.7.11/x64/lib/python3.7/site-packages/pluggy/_manager.py\", line 112, in _hookexec\n[06501c9c-9923-4d01-ba15-032304101be6/pytest-2]   | INTERNALERROR>     return self._inner_hookexec(hook_name, methods, kwargs, firstresult)\n[06501c9c-9923-4d01-ba15-032304101be6/pytest-2]   | INTERNALERROR>   File \"/opt/hostedtoolcache/Python/3.7.11/x64/lib/python3.7/site-packages/pluggy/_callers.py\", line 116, in _multicall\n[06501c9c-9923-4d01-ba15-032304101be6/pytest-2]   | INTERNALERROR>     raise exception.with_traceback(exception.__traceback__)\n[06501c9c-9923-4d01-ba15-032304101be6/pytest-2]   | INTERNALERROR>   File \"/opt/hostedtoolcache/Python/3.7.11/x64/lib/python3.7/site-packages/pluggy/_callers.py\", line 80, in _multicall\n[06501c9c-9923-4d01-ba15-032304101be6/pytest-2]   | INTERNALERROR>     res = hook_impl.function(*args)\n[06501c9c-9923-4d01-ba15-032304101be6/pytest-2]   | INTERNALERROR>   File \"/tmp/ad9c0f7e-1596-11ee-8a50-bb14de238602/python-telegram-bot-ptbcontrib/tests/plugin_github_group.py\", line 38, in pytest_configure\n[06501c9c-9923-4d01-ba15-032304101be6/pytest-2]   | INTERNALERROR>     for hookimpl in config.pluginmanager.hook.pytest_terminal_summary._nonwrappers:\n[06501c9c-9923-4d01-ba15-032304101be6/pytest-2]   | INTERNALERROR> AttributeError: '_HookCaller' object has no attribute '_nonwrappers'\n[06501c9c-9923-4d01-ba15-032304101be6/pytest-1]   | INTERNALERROR> Traceback (most recent call last):\n[06501c9c-9923-4d01-ba15-032304101be6/pytest-1]   | INTERNALERROR>   File \"/opt/hostedtoolcache/Python/3.7.11/x64/lib/python3.7/site-packages/_pytest/main.py\", line 264, in wrap_session\n[06501c9c-9923-4d01-ba15-032304101be6/pytest-1]   | INTERNALERROR>     config._do_configure()\n[06501c9c-9923-4d01-ba15-032304101be6/pytest-1]   | INTERNALERROR>   File \"/opt/hostedtoolcache/Python/3.7.11/x64/lib/python3.7/site-packages/_pytest/config/__init__.py\", line 995, in _do_configure\n[06501c9c-9923-4d01-ba15-032304101be6/pytest-1]   | INTERNALERROR>     self.hook.pytest_configure.call_historic(kwargs=dict(config=self))\n[06501c9c-9923-4d01-ba15-032304101be6/pytest-1]   | INTERNALERROR>   File \"/opt/hostedtoolcache/Python/3.7.11/x64/lib/python3.7/site-packages/pluggy/_hooks.py\", line 452, in call_historic\n[06501c9c-9923-4d01-ba15-032304101be6/pytest-1]   | INTERNALERROR>     res = self._hookexec(self.name, self._hookimpls, kwargs, False)\n[06501c9c-9923-4d01-ba15-032304101be6/pytest-1]   | INTERNALERROR>   File \"/opt/hostedtoolcache/Python/3.7.11/x64/lib/python3.7/site-packages/pluggy/_manager.py\", line 112, in _hookexec\n[06501c9c-9923-4d01-ba15-032304101be6/pytest-1]   | INTERNALERROR>     return self._inner_hookexec(hook_name, methods, kwargs, firstresult)\n[06501c9c-9923-4d01-ba15-032304101be6/pytest-1]   | INTERNALERROR>   File \"/opt/hostedtoolcache/Python/3.7.11/x64/lib/python3.7/site-packages/pluggy/_callers.py\", line 116, in _multicall\n[06501c9c-9923-4d01-ba15-032304101be6/pytest-1]   | INTERNALERROR>     raise exception.with_traceback(exception.__traceback__)\n[06501c9c-9923-4d01-ba15-032304101be6/pytest-1]   | INTERNALERROR>   File \"/opt/hostedtoolcache/Python/3.7.11/x64/lib/python3.7/site-packages/pluggy/_callers.py\", line 80, in _multicall\n[06501c9c-9923-4d01-ba15-032304101be6/pytest-1]   | INTERNALERROR>     res = hook_impl.function(*args)\n[06501c9c-9923-4d01-ba15-032304101be6/pytest-1]   | INTERNALERROR>   File \"/tmp/ad9c0f7e-1596-11ee-8a50-bb14de238602/python-telegram-bot-ptbcontrib/tests/plugin_github_group.py\", line 38, in pytest_configure\n[06501c9c-9923-4d01-ba15-032304101be6/pytest-1]   | INTERNALERROR>     for hookimpl in config.pluginmanager.hook.pytest_terminal_summary._nonwrappers:\n[06501c9c-9923-4d01-ba15-032304101be6/pytest-1]   | INTERNALERROR> AttributeError: '_HookCaller' object has no attribute '_nonwrappers'\n[06501c9c-9923-4d01-ba15-032304101be6/pytest-2]   | Requirement already satisfied: python-telegram-bot~=20.0 in /opt/hostedtoolcache/Python/3.7.11/x64/lib/python3.7/site-packages (from -r /tmp/ad9c0f7e-1596-11ee-8a50-bb14de238602/python-telegram-bot-ptbcontrib/ptbcontrib/postgres_persistence/requirements.txt (line 1)) (20.3)\n[06501c9c-9923-4d01-ba15-032304101be6/pytest-1]   | Requirement already satisfied: python-telegram-bot~=20.0 in /opt/hostedtoolcache/Python/3.7.11/x64/lib/python3.7/site-packages (from -r /tmp/ad9c0f7e-1596-11ee-8a50-bb14de238602/python-telegram-bot-ptbcontrib/ptbcontrib/postgres_persistence/requirements.txt (line 1)) (20.3)\n[06501c9c-9923-4d01-ba15-032304101be6/pytest-1]   | Collecting SQLAlchemy==1.4.46 (from -r /tmp/ad9c0f7e-1596-11ee-8a50-bb14de238602/python-telegram-bot-ptbcontrib/ptbcontrib/postgres_persistence/requirements.txt (line 2))\n[06501c9c-9923-4d01-ba15-032304101be6/pytest-1]   |   Downloading SQLAlchemy-1.4.46-cp37-cp37m-manylinux_2_5_x86_64.manylinux1_x86_64.manylinux_2_17_x86_64.manylinux2014_x86_64.whl (1.6 MB)\n[06501c9c-9923-4d01-ba15-032304101be6/pytest-1]   |      \u2501\u2501\u2501\u2501\u2501\u2501\u2501\u2501\u2501\u2501\u2501\u2501\u2501\u2501\u2501\u2501\u2501\u2501\u2501\u2501\u2501\u2501\u2501\u2501\u2501\u2501\u2501\u2501\u2501\u2501\u2501\u2501\u2501\u2501\u2501\u2501\u2501\u2501\u2501\u2501 1.6/1.6 MB 43.8 MB/s eta 0:00:00\n[06501c9c-9923-4d01-ba15-032304101be6/pytest-2]   | Collecting SQLAlchemy==1.4.46 (from -r /tmp/ad9c0f7e-1596-11ee-8a50-bb14de238602/python-telegram-bot-ptbcontrib/ptbcontrib/postgres_persistence/requirements.txt (line 2))\n[06501c9c-9923-4d01-ba15-032304101be6/pytest-2]   |   Downloading SQLAlchemy-1.4.46-cp37-cp37m-manylinux_2_5_x86_64.manylinux1_x86_64.manylinux_2_17_x86_64.manylinux2014_x86_64.whl (1.6 MB)\n[06501c9c-9923-4d01-ba15-032304101be6/pytest-2]   |      \u2501\u2501\u2501\u2501\u2501\u2501\u2501\u2501\u2501\u2501\u2501\u2501\u2501\u2501\u2501\u2501\u2501\u2501\u2501\u2501\u2501\u2501\u2501\u2501\u2501\u2501\u2501\u2501\u2501\u2501\u2501\u2501\u2501\u2501\u2501\u2501\u2501\u2501\u2501\u2501 1.6/1.6 MB 37.0 MB/s eta 0:00:00\n[06501c9c-9923-4d01-ba15-032304101be6/pytest-1]   | Requirement already satisfied: importlib-metadata in /opt/hostedtoolcache/Python/3.7.11/x64/lib/python3.7/site-packages (from SQLAlchemy==1.4.46->-r /tmp/ad9c0f7e-1596-11ee-8a50-bb14de238602/python-telegram-bot-ptbcontrib/ptbcontrib/postgres_persistence/requirements.txt (line 2)) (6.7.0)\n[06501c9c-9923-4d01-ba15-032304101be6/pytest-2]   | Requirement already satisfied: importlib-metadata in /opt/hostedtoolcache/Python/3.7.11/x64/lib/python3.7/site-packages (from SQLAlchemy==1.4.46->-r /tmp/ad9c0f7e-1596-11ee-8a50-bb14de238602/python-telegram-bot-ptbcontrib/ptbcontrib/postgres_persistence/requirements.txt (line 2)) (6.7.0)\n[06501c9c-9923-4d01-ba15-032304101be6/pytest-1]   | Collecting greenlet!=0.4.17 (from SQLAlchemy==1.4.46->-r /tmp/ad9c0f7e-1596-11ee-8a50-bb14de238602/python-telegram-bot-ptbcontrib/ptbcontrib/postgres_persistence/requirements.txt (line 2))\n[06501c9c-9923-4d01-ba15-032304101be6/pytest-1]   |   Downloading greenlet-2.0.2-cp37-cp37m-manylinux_2_17_x86_64.manylinux2014_x86_64.whl (566 kB)\n[06501c9c-9923-4d01-ba15-032304101be6/pytest-1]   |      \u2501\u2501\u2501\u2501\u2501\u2501\u2501\u2501\u2501\u2501\u2501\u2501\u2501\u2501\u2501\u2501\u2501\u2501\u2501\u2501\u2501\u2501\u2501\u2501\u2501\u2501\u2501\u2501\u2501\u2501\u2501\u2501\u2501\u2501\u2501\u2501\u2501\u2501 566.1/566.1 kB 11.6 MB/s eta 0:00:00\n[06501c9c-9923-4d01-ba15-032304101be6/pytest-1]   | Requirement already satisfied: httpx~=0.24.0 in /opt/hostedtoolcache/Python/3.7.11/x64/lib/python3.7/site-packages (from python-telegram-bot~=20.0->-r /tmp/ad9c0f7e-1596-11ee-8a50-bb14de238602/python-telegram-bot-ptbcontrib/ptbcontrib/postgres_persistence/requirements.txt (line 1)) (0.24.1)\n[06501c9c-9923-4d01-ba15-032304101be6/pytest-1]   | Requirement already satisfied: certifi in /opt/hostedtoolcache/Python/3.7.11/x64/lib/python3.7/site-packages (from httpx~=0.24.0->python-telegram-bot~=20.0->-r /tmp/ad9c0f7e-1596-11ee-8a50-bb14de238602/python-telegram-bot-ptbcontrib/ptbcontrib/postgres_persistence/requirements.txt (line 1)) (2023.5.7)\n[06501c9c-9923-4d01-ba15-032304101be6/pytest-1]   | Requirement already satisfied: httpcore<0.18.0,>=0.15.0 in /opt/hostedtoolcache/Python/3.7.11/x64/lib/python3.7/site-packages (from httpx~=0.24.0->python-telegram-bot~=20.0->-r /tmp/ad9c0f7e-1596-11ee-8a50-bb14de238602/python-telegram-bot-ptbcontrib/ptbcontrib/postgres_persistence/requirements.txt (line 1)) (0.17.2)\n[06501c9c-9923-4d01-ba15-032304101be6/pytest-1]   | Requirement already satisfied: idna in /opt/hostedtoolcache/Python/3.7.11/x64/lib/python3.7/site-packages (from httpx~=0.24.0->python-telegram-bot~=20.0->-r /tmp/ad9c0f7e-1596-11ee-8a50-bb14de238602/python-telegram-bot-ptbcontrib/ptbcontrib/postgres_persistence/requirements.txt (line 1)) (3.4)\n[06501c9c-9923-4d01-ba15-032304101be6/pytest-1]   | Requirement already satisfied: sniffio in /opt/hostedtoolcache/Python/3.7.11/x64/lib/python3.7/site-packages (from httpx~=0.24.0->python-telegram-bot~=20.0->-r /tmp/ad9c0f7e-1596-11ee-8a50-bb14de238602/python-telegram-bot-ptbcontrib/ptbcontrib/postgres_persistence/requirements.txt (line 1)) (1.3.0)\n[06501c9c-9923-4d01-ba15-032304101be6/pytest-1]   | Requirement already satisfied: zipp>=0.5 in /opt/hostedtoolcache/Python/3.7.11/x64/lib/python3.7/site-packages (from importlib-metadata->SQLAlchemy==1.4.46->-r /tmp/ad9c0f7e-1596-11ee-8a50-bb14de238602/python-telegram-bot-ptbcontrib/ptbcontrib/postgres_persistence/requirements.txt (line 2)) (3.15.0)\n[06501c9c-9923-4d01-ba15-032304101be6/pytest-1]   | Requirement already satisfied: typing-extensions>=3.6.4 in /opt/hostedtoolcache/Python/3.7.11/x64/lib/python3.7/site-packages (from importlib-metadata->SQLAlchemy==1.4.46->-r /tmp/ad9c0f7e-1596-11ee-8a50-bb14de238602/python-telegram-bot-ptbcontrib/ptbcontrib/postgres_persistence/requirements.txt (line 2)) (4.6.3)\n[06501c9c-9923-4d01-ba15-032304101be6/pytest-2]   | Collecting greenlet!=0.4.17 (from SQLAlchemy==1.4.46->-r /tmp/ad9c0f7e-1596-11ee-8a50-bb14de238602/python-telegram-bot-ptbcontrib/ptbcontrib/postgres_persistence/requirements.txt (line 2))\n[06501c9c-9923-4d01-ba15-032304101be6/pytest-1]   | Requirement already satisfied: h11<0.15,>=0.13 in /opt/hostedtoolcache/Python/3.7.11/x64/lib/python3.7/site-packages (from httpcore<0.18.0,>=0.15.0->httpx~=0.24.0->python-telegram-bot~=20.0->-r /tmp/ad9c0f7e-1596-11ee-8a50-bb14de238602/python-telegram-bot-ptbcontrib/ptbcontrib/postgres_persistence/requirements.txt (line 1)) (0.14.0)\n[06501c9c-9923-4d01-ba15-032304101be6/pytest-1]   | Requirement already satisfied: anyio<5.0,>=3.0 in /opt/hostedtoolcache/Python/3.7.11/x64/lib/python3.7/site-packages (from httpcore<0.18.0,>=0.15.0->httpx~=0.24.0->python-telegram-bot~=20.0->-r /tmp/ad9c0f7e-1596-11ee-8a50-bb14de238602/python-telegram-bot-ptbcontrib/ptbcontrib/postgres_persistence/requirements.txt (line 1)) (3.7.0)\n[06501c9c-9923-4d01-ba15-032304101be6/pytest-2]   |   Downloading greenlet-2.0.2-cp37-cp37m-manylinux_2_17_x86_64.manylinux2014_x86_64.whl (566 kB)\n[06501c9c-9923-4d01-ba15-032304101be6/pytest-2]   |      \u2501\u2501\u2501\u2501\u2501\u2501\u2501\u2501\u2501\u2501\u2501\u2501\u2501\u2501\u2501\u2501\u2501\u2501\u2501\u2501\u2501\u2501\u2501\u2501\u2501\u2501\u2501\u2501\u2501\u2501\u2501\u2501\u2501\u2501\u2501\u2501\u2501\u2501 566.1/566.1 kB 11.6 MB/s eta 0:00:00\n[06501c9c-9923-4d01-ba15-032304101be6/pytest-1]   | Requirement already satisfied: exceptiongroup in /opt/hostedtoolcache/Python/3.7.11/x64/lib/python3.7/site-packages (from anyio<5.0,>=3.0->httpcore<0.18.0,>=0.15.0->httpx~=0.24.0->python-telegram-bot~=20.0->-r /tmp/ad9c0f7e-1596-11ee-8a50-bb14de238602/python-telegram-bot-ptbcontrib/ptbcontrib/postgres_persistence/requirements.txt (line 1)) (1.1.1)\n[06501c9c-9923-4d01-ba15-032304101be6/pytest-2]   | Requirement already satisfied: httpx~=0.24.0 in /opt/hostedtoolcache/Python/3.7.11/x64/lib/python3.7/site-packages (from python-telegram-bot~=20.0->-r /tmp/ad9c0f7e-1596-11ee-8a50-bb14de238602/python-telegram-bot-ptbcontrib/ptbcontrib/postgres_persistence/requirements.txt (line 1)) (0.24.1)\n[06501c9c-9923-4d01-ba15-032304101be6/pytest-2]   | Requirement already satisfied: certifi in /opt/hostedtoolcache/Python/3.7.11/x64/lib/python3.7/site-packages (from httpx~=0.24.0->python-telegram-bot~=20.0->-r /tmp/ad9c0f7e-1596-11ee-8a50-bb14de238602/python-telegram-bot-ptbcontrib/ptbcontrib/postgres_persistence/requirements.txt (line 1)) (2023.5.7)\n[06501c9c-9923-4d01-ba15-032304101be6/pytest-2]   | Requirement already satisfied: httpcore<0.18.0,>=0.15.0 in /opt/hostedtoolcache/Python/3.7.11/x64/lib/python3.7/site-packages (from httpx~=0.24.0->python-telegram-bot~=20.0->-r /tmp/ad9c0f7e-1596-11ee-8a50-bb14de238602/python-telegram-bot-ptbcontrib/ptbcontrib/postgres_persistence/requirements.txt (line 1)) (0.17.2)\n[06501c9c-9923-4d01-ba15-032304101be6/pytest-2]   | Requirement already satisfied: idna in /opt/hostedtoolcache/Python/3.7.11/x64/lib/python3.7/site-packages (from httpx~=0.24.0->python-telegram-bot~=20.0->-r /tmp/ad9c0f7e-1596-11ee-8a50-bb14de238602/python-telegram-bot-ptbcontrib/ptbcontrib/postgres_persistence/requirements.txt (line 1)) (3.4)\n[06501c9c-9923-4d01-ba15-032304101be6/pytest-2]   | Requirement already satisfied: sniffio in /opt/hostedtoolcache/Python/3.7.11/x64/lib/python3.7/site-packages (from httpx~=0.24.0->python-telegram-bot~=20.0->-r /tmp/ad9c0f7e-1596-11ee-8a50-bb14de238602/python-telegram-bot-ptbcontrib/ptbcontrib/postgres_persistence/requirements.txt (line 1)) (1.3.0)\n[06501c9c-9923-4d01-ba15-032304101be6/pytest-2]   | Requirement already satisfied: zipp>=0.5 in /opt/hostedtoolcache/Python/3.7.11/x64/lib/python3.7/site-packages (from importlib-metadata->SQLAlchemy==1.4.46->-r /tmp/ad9c0f7e-1596-11ee-8a50-bb14de238602/python-telegram-bot-ptbcontrib/ptbcontrib/postgres_persistence/requirements.txt (line 2)) (3.15.0)\n[06501c9c-9923-4d01-ba15-032304101be6/pytest-2]   | Requirement already satisfied: typing-extensions>=3.6.4 in /opt/hostedtoolcache/Python/3.7.11/x64/lib/python3.7/site-packages (from importlib-metadata->SQLAlchemy==1.4.46->-r /tmp/ad9c0f7e-1596-11ee-8a50-bb14de238602/python-telegram-bot-ptbcontrib/ptbcontrib/postgres_persistence/requirements.txt (line 2)) (4.6.3)\n[06501c9c-9923-4d01-ba15-032304101be6/pytest-2]   | Requirement already satisfied: h11<0.15,>=0.13 in /opt/hostedtoolcache/Python/3.7.11/x64/lib/python3.7/site-packages (from httpcore<0.18.0,>=0.15.0->httpx~=0.24.0->python-telegram-bot~=20.0->-r /tmp/ad9c0f7e-1596-11ee-8a50-bb14de238602/python-telegram-bot-ptbcontrib/ptbcontrib/postgres_persistence/requirements.txt (line 1)) (0.14.0)\n[06501c9c-9923-4d01-ba15-032304101be6/pytest-2]   | Requirement already satisfied: anyio<5.0,>=3.0 in /opt/hostedtoolcache/Python/3.7.11/x64/lib/python3.7/site-packages (from httpcore<0.18.0,>=0.15.0->httpx~=0.24.0->python-telegram-bot~=20.0->-r /tmp/ad9c0f7e-1596-11ee-8a50-bb14de238602/python-telegram-bot-ptbcontrib/ptbcontrib/postgres_persistence/requirements.txt (line 1)) (3.7.0)\n[06501c9c-9923-4d01-ba15-032304101be6/pytest-2]   | Requirement already satisfied: exceptiongroup in /opt/hostedtoolcache/Python/3.7.11/x64/lib/python3.7/site-packages (from anyio<5.0,>=3.0->httpcore<0.18.0,>=0.15.0->httpx~=0.24.0->python-telegram-bot~=20.0->-r /tmp/ad9c0f7e-1596-11ee-8a50-bb14de238602/python-telegram-bot-ptbcontrib/ptbcontrib/postgres_persistence/requirements.txt (line 1)) (1.1.1)\n[06501c9c-9923-4d01-ba15-032304101be6/pytest-1]   | Installing collected packages: greenlet, SQLAlchemy\n[06501c9c-9923-4d01-ba15-032304101be6/pytest-2]   | Installing collected packages: greenlet, SQLAlchemy\n[06501c9c-9923-4d01-ba15-032304101be6/pytest-1]   | Successfully installed SQLAlchemy-1.4.46 greenlet-2.0.2\n[06501c9c-9923-4d01-ba15-032304101be6/pytest-1]   | \n[06501c9c-9923-4d01-ba15-032304101be6/pytest-1]   | [notice] A new release of pip is available: 20.1.1 -> 23.1.2\n[06501c9c-9923-4d01-ba15-032304101be6/pytest-1]   | [notice] To update, run: pip install --upgrade pip\n[06501c9c-9923-4d01-ba15-032304101be6/pytest-2]   | Successfully installed SQLAlchemy-1.4.46 greenlet-2.0.2\n[06501c9c-9923-4d01-ba15-032304101be6/pytest-2]   | \n[06501c9c-9923-4d01-ba15-032304101be6/pytest-2]   | [notice] A new release of pip is available: 20.1.1 -> 23.1.2\n[06501c9c-9923-4d01-ba15-032304101be6/pytest-2]   | [notice] To update, run: pip install --upgrade pip\n[06501c9c-9923-4d01-ba15-032304101be6/pytest-1]   | INTERNALERROR> Traceback (most recent call last):\n[06501c9c-9923-4d01-ba15-032304101be6/pytest-1]   | INTERNALERROR>   File \"/opt/hostedtoolcache/Python/3.7.11/x64/lib/python3.7/site-packages/_pytest/main.py\", line 264, in wrap_session\n[06501c9c-9923-4d01-ba15-032304101be6/pytest-1]   | INTERNALERROR>     config._do_configure()\n[06501c9c-9923-4d01-ba15-032304101be6/pytest-1]   | INTERNALERROR>   File \"/opt/hostedtoolcache/Python/3.7.11/x64/lib/python3.7/site-packages/_pytest/config/__init__.py\", line 995, in _do_configure\n[06501c9c-9923-4d01-ba15-032304101be6/pytest-1]   | INTERNALERROR>     self.hook.pytest_configure.call_historic(kwargs=dict(config=self))\n[06501c9c-9923-4d01-ba15-032304101be6/pytest-1]   | INTERNALERROR>   File \"/opt/hostedtoolcache/Python/3.7.11/x64/lib/python3.7/site-packages/pluggy/_hooks.py\", line 452, in call_historic\n[06501c9c-9923-4d01-ba15-032304101be6/pytest-1]   | INTERNALERROR>     res = self._hookexec(self.name, self._hookimpls, kwargs, False)\n[06501c9c-9923-4d01-ba15-032304101be6/pytest-1]   | INTERNALERROR>   File \"/opt/hostedtoolcache/Python/3.7.11/x64/lib/python3.7/site-packages/pluggy/_manager.py\", line 112, in _hookexec\n[06501c9c-9923-4d01-ba15-032304101be6/pytest-1]   | INTERNALERROR>     return self._inner_hookexec(hook_name, methods, kwargs, firstresult)\n[06501c9c-9923-4d01-ba15-032304101be6/pytest-1]   | INTERNALERROR>   File \"/opt/hostedtoolcache/Python/3.7.11/x64/lib/python3.7/site-packages/pluggy/_callers.py\", line 116, in _multicall\n[06501c9c-9923-4d01-ba15-032304101be6/pytest-1]   | INTERNALERROR>     raise exception.with_traceback(exception.__traceback__)\n[06501c9c-9923-4d01-ba15-032304101be6/pytest-1]   | INTERNALERROR>   File \"/opt/hostedtoolcache/Python/3.7.11/x64/lib/python3.7/site-packages/pluggy/_callers.py\", line 80, in _multicall\n[06501c9c-9923-4d01-ba15-032304101be6/pytest-1]   | INTERNALERROR>     res = hook_impl.function(*args)\n[06501c9c-9923-4d01-ba15-032304101be6/pytest-1]   | INTERNALERROR>   File \"/tmp/ad9c0f7e-1596-11ee-8a50-bb14de238602/python-telegram-bot-ptbcontrib/tests/plugin_github_group.py\", line 38, in pytest_configure\n[06501c9c-9923-4d01-ba15-032304101be6/pytest-1]   | INTERNALERROR>     for hookimpl in config.pluginmanager.hook.pytest_terminal_summary._nonwrappers:\n[06501c9c-9923-4d01-ba15-032304101be6/pytest-1]   | INTERNALERROR> AttributeError: '_HookCaller' object has no attribute '_nonwrappers'\n[06501c9c-9923-4d01-ba15-032304101be6/pytest-1]   | Requirement already satisfied: python-telegram-bot~=20.0 in /opt/hostedtoolcache/Python/3.7.11/x64/lib/python3.7/site-packages (from -r /tmp/ad9c0f7e-1596-11ee-8a50-bb14de238602/python-telegram-bot-ptbcontrib/ptbcontrib/reply_to_message_filter/requirements.txt (line 1)) (20.3)\n[06501c9c-9923-4d01-ba15-032304101be6/pytest-1]   | Requirement already satisfied: httpx~=0.24.0 in /opt/hostedtoolcache/Python/3.7.11/x64/lib/python3.7/site-packages (from python-telegram-bot~=20.0->-r /tmp/ad9c0f7e-1596-11ee-8a50-bb14de238602/python-telegram-bot-ptbcontrib/ptbcontrib/reply_to_message_filter/requirements.txt (line 1)) (0.24.1)\n[06501c9c-9923-4d01-ba15-032304101be6/pytest-1]   | Requirement already satisfied: certifi in /opt/hostedtoolcache/Python/3.7.11/x64/lib/python3.7/site-packages (from httpx~=0.24.0->python-telegram-bot~=20.0->-r /tmp/ad9c0f7e-1596-11ee-8a50-bb14de238602/python-telegram-bot-ptbcontrib/ptbcontrib/reply_to_message_filter/requirements.txt (line 1)) (2023.5.7)\n[06501c9c-9923-4d01-ba15-032304101be6/pytest-1]   | Requirement already satisfied: httpcore<0.18.0,>=0.15.0 in /opt/hostedtoolcache/Python/3.7.11/x64/lib/python3.7/site-packages (from httpx~=0.24.0->python-telegram-bot~=20.0->-r /tmp/ad9c0f7e-1596-11ee-8a50-bb14de238602/python-telegram-bot-ptbcontrib/ptbcontrib/reply_to_message_filter/requirements.txt (line 1)) (0.17.2)\n[06501c9c-9923-4d01-ba15-032304101be6/pytest-1]   | Requirement already satisfied: idna in /opt/hostedtoolcache/Python/3.7.11/x64/lib/python3.7/site-packages (from httpx~=0.24.0->python-telegram-bot~=20.0->-r /tmp/ad9c0f7e-1596-11ee-8a50-bb14de238602/python-telegram-bot-ptbcontrib/ptbcontrib/reply_to_message_filter/requirements.txt (line 1)) (3.4)\n[06501c9c-9923-4d01-ba15-032304101be6/pytest-1]   | Requirement already satisfied: sniffio in /opt/hostedtoolcache/Python/3.7.11/x64/lib/python3.7/site-packages (from httpx~=0.24.0->python-telegram-bot~=20.0->-r /tmp/ad9c0f7e-1596-11ee-8a50-bb14de238602/python-telegram-bot-ptbcontrib/ptbcontrib/reply_to_message_filter/requirements.txt (line 1)) (1.3.0)\n[06501c9c-9923-4d01-ba15-032304101be6/pytest-1]   | Requirement already satisfied: h11<0.15,>=0.13 in /opt/hostedtoolcache/Python/3.7.11/x64/lib/python3.7/site-packages (from httpcore<0.18.0,>=0.15.0->httpx~=0.24.0->python-telegram-bot~=20.0->-r /tmp/ad9c0f7e-1596-11ee-8a50-bb14de238602/python-telegram-bot-ptbcontrib/ptbcontrib/reply_to_message_filter/requirements.txt (line 1)) (0.14.0)\n[06501c9c-9923-4d01-ba15-032304101be6/pytest-1]   | Requirement already satisfied: anyio<5.0,>=3.0 in /opt/hostedtoolcache/Python/3.7.11/x64/lib/python3.7/site-packages (from httpcore<0.18.0,>=0.15.0->httpx~=0.24.0->python-telegram-bot~=20.0->-r /tmp/ad9c0f7e-1596-11ee-8a50-bb14de238602/python-telegram-bot-ptbcontrib/ptbcontrib/reply_to_message_filter/requirements.txt (line 1)) (3.7.0)\n[06501c9c-9923-4d01-ba15-032304101be6/pytest-1]   | Requirement already satisfied: exceptiongroup in /opt/hostedtoolcache/Python/3.7.11/x64/lib/python3.7/site-packages (from anyio<5.0,>=3.0->httpcore<0.18.0,>=0.15.0->httpx~=0.24.0->python-telegram-bot~=20.0->-r /tmp/ad9c0f7e-1596-11ee-8a50-bb14de238602/python-telegram-bot-ptbcontrib/ptbcontrib/reply_to_message_filter/requirements.txt (line 1)) (1.1.1)\n[06501c9c-9923-4d01-ba15-032304101be6/pytest-1]   | Requirement already satisfied: typing-extensions in /opt/hostedtoolcache/Python/3.7.11/x64/lib/python3.7/site-packages (from anyio<5.0,>=3.0->httpcore<0.18.0,>=0.15.0->httpx~=0.24.0->python-telegram-bot~=20.0->-r /tmp/ad9c0f7e-1596-11ee-8a50-bb14de238602/python-telegram-bot-ptbcontrib/ptbcontrib/reply_to_message_filter/requirements.txt (line 1)) (4.6.3)\n[06501c9c-9923-4d01-ba15-032304101be6/pytest-2]   | INTERNALERROR> Traceback (most recent call last):\n[06501c9c-9923-4d01-ba15-032304101be6/pytest-2]   | INTERNALERROR>   File \"/opt/hostedtoolcache/Python/3.7.11/x64/lib/python3.7/site-packages/_pytest/main.py\", line 264, in wrap_session\n[06501c9c-9923-4d01-ba15-032304101be6/pytest-2]   | INTERNALERROR>     config._do_configure()\n[06501c9c-9923-4d01-ba15-032304101be6/pytest-2]   | INTERNALERROR>   File \"/opt/hostedtoolcache/Python/3.7.11/x64/lib/python3.7/site-packages/_pytest/config/__init__.py\", line 995, in _do_configure\n[06501c9c-9923-4d01-ba15-032304101be6/pytest-2]   | INTERNALERROR>     self.hook.pytest_configure.call_historic(kwargs=dict(config=self))\n[06501c9c-9923-4d01-ba15-032304101be6/pytest-2]   | INTERNALERROR>   File \"/opt/hostedtoolcache/Python/3.7.11/x64/lib/python3.7/site-packages/pluggy/_hooks.py\", line 452, in call_historic\n[06501c9c-9923-4d01-ba15-032304101be6/pytest-2]   | INTERNALERROR>     res = self._hookexec(self.name, self._hookimpls, kwargs, False)\n[06501c9c-9923-4d01-ba15-032304101be6/pytest-2]   | INTERNALERROR>   File \"/opt/hostedtoolcache/Python/3.7.11/x64/lib/python3.7/site-packages/pluggy/_manager.py\", line 112, in _hookexec\n[06501c9c-9923-4d01-ba15-032304101be6/pytest-2]   | INTERNALERROR>     return self._inner_hookexec(hook_name, methods, kwargs, firstresult)\n[06501c9c-9923-4d01-ba15-032304101be6/pytest-2]   | INTERNALERROR>   File \"/opt/hostedtoolcache/Python/3.7.11/x64/lib/python3.7/site-packages/pluggy/_callers.py\", line 116, in _multicall\n[06501c9c-9923-4d01-ba15-032304101be6/pytest-2]   | INTERNALERROR>     raise exception.with_traceback(exception.__traceback__)\n[06501c9c-9923-4d01-ba15-032304101be6/pytest-2]   | INTERNALERROR>   File \"/opt/hostedtoolcache/Python/3.7.11/x64/lib/python3.7/site-packages/pluggy/_callers.py\", line 80, in _multicall\n[06501c9c-9923-4d01-ba15-032304101be6/pytest-2]   | INTERNALERROR>     res = hook_impl.function(*args)\n[06501c9c-9923-4d01-ba15-032304101be6/pytest-2]   | INTERNALERROR>   File \"/tmp/ad9c0f7e-1596-11ee-8a50-bb14de238602/python-telegram-bot-ptbcontrib/tests/plugin_github_group.py\", line 38, in pytest_configure\n[06501c9c-9923-4d01-ba15-032304101be6/pytest-2]   | INTERNALERROR>     for hookimpl in config.pluginmanager.hook.pytest_terminal_summary._nonwrappers:\n[06501c9c-9923-4d01-ba15-032304101be6/pytest-2]   | INTERNALERROR> AttributeError: '_HookCaller' object has no attribute '_nonwrappers'\n[06501c9c-9923-4d01-ba15-032304101be6/pytest-1]   | \n[06501c9c-9923-4d01-ba15-032304101be6/pytest-1]   | [notice] A new release of pip is available: 20.1.1 -> 23.1.2\n[06501c9c-9923-4d01-ba15-032304101be6/pytest-1]   | [notice] To update, run: pip install --upgrade pip\n[06501c9c-9923-4d01-ba15-032304101be6/pytest-2]   | Requirement already satisfied: python-telegram-bot~=20.0 in /opt/hostedtoolcache/Python/3.7.11/x64/lib/python3.7/site-packages (from -r /tmp/ad9c0f7e-1596-11ee-8a50-bb14de238602/python-telegram-bot-ptbcontrib/ptbcontrib/reply_to_message_filter/requirements.txt (line 1)) (20.3)\n[06501c9c-9923-4d01-ba15-032304101be6/pytest-2]   | Requirement already satisfied: httpx~=0.24.0 in /opt/hostedtoolcache/Python/3.7.11/x64/lib/python3.7/site-packages (from python-telegram-bot~=20.0->-r /tmp/ad9c0f7e-1596-11ee-8a50-bb14de238602/python-telegram-bot-ptbcontrib/ptbcontrib/reply_to_message_filter/requirements.txt (line 1)) (0.24.1)\n[06501c9c-9923-4d01-ba15-032304101be6/pytest-2]   | Requirement already satisfied: certifi in /opt/hostedtoolcache/Python/3.7.11/x64/lib/python3.7/site-packages (from httpx~=0.24.0->python-telegram-bot~=20.0->-r /tmp/ad9c0f7e-1596-11ee-8a50-bb14de238602/python-telegram-bot-ptbcontrib/ptbcontrib/reply_to_message_filter/requirements.txt (line 1)) (2023.5.7)\n[06501c9c-9923-4d01-ba15-032304101be6/pytest-2]   | Requirement already satisfied: httpcore<0.18.0,>=0.15.0 in /opt/hostedtoolcache/Python/3.7.11/x64/lib/python3.7/site-packages (from httpx~=0.24.0->python-telegram-bot~=20.0->-r /tmp/ad9c0f7e-1596-11ee-8a50-bb14de238602/python-telegram-bot-ptbcontrib/ptbcontrib/reply_to_message_filter/requirements.txt (line 1)) (0.17.2)\n[06501c9c-9923-4d01-ba15-032304101be6/pytest-2]   | Requirement already satisfied: idna in /opt/hostedtoolcache/Python/3.7.11/x64/lib/python3.7/site-packages (from httpx~=0.24.0->python-telegram-bot~=20.0->-r /tmp/ad9c0f7e-1596-11ee-8a50-bb14de238602/python-telegram-bot-ptbcontrib/ptbcontrib/reply_to_message_filter/requirements.txt (line 1)) (3.4)\n[06501c9c-9923-4d01-ba15-032304101be6/pytest-2]   | Requirement already satisfied: sniffio in /opt/hostedtoolcache/Python/3.7.11/x64/lib/python3.7/site-packages (from httpx~=0.24.0->python-telegram-bot~=20.0->-r /tmp/ad9c0f7e-1596-11ee-8a50-bb14de238602/python-telegram-bot-ptbcontrib/ptbcontrib/reply_to_message_filter/requirements.txt (line 1)) (1.3.0)\n[06501c9c-9923-4d01-ba15-032304101be6/pytest-2]   | Requirement already satisfied: h11<0.15,>=0.13 in /opt/hostedtoolcache/Python/3.7.11/x64/lib/python3.7/site-packages (from httpcore<0.18.0,>=0.15.0->httpx~=0.24.0->python-telegram-bot~=20.0->-r /tmp/ad9c0f7e-1596-11ee-8a50-bb14de238602/python-telegram-bot-ptbcontrib/ptbcontrib/reply_to_message_filter/requirements.txt (line 1)) (0.14.0)\n[06501c9c-9923-4d01-ba15-032304101be6/pytest-2]   | Requirement already satisfied: anyio<5.0,>=3.0 in /opt/hostedtoolcache/Python/3.7.11/x64/lib/python3.7/site-packages (from httpcore<0.18.0,>=0.15.0->httpx~=0.24.0->python-telegram-bot~=20.0->-r /tmp/ad9c0f7e-1596-11ee-8a50-bb14de238602/python-telegram-bot-ptbcontrib/ptbcontrib/reply_to_message_filter/requirements.txt (line 1)) (3.7.0)\n[06501c9c-9923-4d01-ba15-032304101be6/pytest-2]   | Requirement already satisfied: exceptiongroup in /opt/hostedtoolcache/Python/3.7.11/x64/lib/python3.7/site-packages (from anyio<5.0,>=3.0->httpcore<0.18.0,>=0.15.0->httpx~=0.24.0->python-telegram-bot~=20.0->-r /tmp/ad9c0f7e-1596-11ee-8a50-bb14de238602/python-telegram-bot-ptbcontrib/ptbcontrib/reply_to_message_filter/requirements.txt (line 1)) (1.1.1)\n[06501c9c-9923-4d01-ba15-032304101be6/pytest-2]   | Requirement already satisfied: typing-extensions in /opt/hostedtoolcache/Python/3.7.11/x64/lib/python3.7/site-packages (from anyio<5.0,>=3.0->httpcore<0.18.0,>=0.15.0->httpx~=0.24.0->python-telegram-bot~=20.0->-r /tmp/ad9c0f7e-1596-11ee-8a50-bb14de238602/python-telegram-bot-ptbcontrib/ptbcontrib/reply_to_message_filter/requirements.txt (line 1)) (4.6.3)\n[06501c9c-9923-4d01-ba15-032304101be6/pytest-2]   | \n[06501c9c-9923-4d01-ba15-032304101be6/pytest-2]   | [notice] A new release of pip is available: 20.1.1 -> 23.1.2\n[06501c9c-9923-4d01-ba15-032304101be6/pytest-2]   | [notice] To update, run: pip install --upgrade pip\n[06501c9c-9923-4d01-ba15-032304101be6/pytest-1]   | INTERNALERROR> Traceback (most recent call last):\n[06501c9c-9923-4d01-ba15-032304101be6/pytest-1]   | INTERNALERROR>   File \"/opt/hostedtoolcache/Python/3.7.11/x64/lib/python3.7/site-packages/_pytest/main.py\", line 264, in wrap_session\n[06501c9c-9923-4d01-ba15-032304101be6/pytest-1]   | INTERNALERROR>     config._do_configure()\n[06501c9c-9923-4d01-ba15-032304101be6/pytest-1]   | INTERNALERROR>   File \"/opt/hostedtoolcache/Python/3.7.11/x64/lib/python3.7/site-packages/_pytest/config/__init__.py\", line 995, in _do_configure\n[06501c9c-9923-4d01-ba15-032304101be6/pytest-1]   | INTERNALERROR>     self.hook.pytest_configure.call_historic(kwargs=dict(config=self))\n[06501c9c-9923-4d01-ba15-032304101be6/pytest-1]   | INTERNALERROR>   File \"/opt/hostedtoolcache/Python/3.7.11/x64/lib/python3.7/site-packages/pluggy/_hooks.py\", line 452, in call_historic\n[06501c9c-9923-4d01-ba15-032304101be6/pytest-1]   | INTERNALERROR>     res = self._hookexec(self.name, self._hookimpls, kwargs, False)\n[06501c9c-9923-4d01-ba15-032304101be6/pytest-1]   | INTERNALERROR>   File \"/opt/hostedtoolcache/Python/3.7.11/x64/lib/python3.7/site-packages/pluggy/_manager.py\", line 112, in _hookexec\n[06501c9c-9923-4d01-ba15-032304101be6/pytest-1]   | INTERNALERROR>     return self._inner_hookexec(hook_name, methods, kwargs, firstresult)\n[06501c9c-9923-4d01-ba15-032304101be6/pytest-1]   | INTERNALERROR>   File \"/opt/hostedtoolcache/Python/3.7.11/x64/lib/python3.7/site-packages/pluggy/_callers.py\", line 116, in _multicall\n[06501c9c-9923-4d01-ba15-032304101be6/pytest-1]   | INTERNALERROR>     raise exception.with_traceback(exception.__traceback__)\n[06501c9c-9923-4d01-ba15-032304101be6/pytest-1]   | INTERNALERROR>   File \"/opt/hostedtoolcache/Python/3.7.11/x64/lib/python3.7/site-packages/pluggy/_callers.py\", line 80, in _multicall\n[06501c9c-9923-4d01-ba15-032304101be6/pytest-1]   | INTERNALERROR>     res = hook_impl.function(*args)\n[06501c9c-9923-4d01-ba15-032304101be6/pytest-1]   | INTERNALERROR>   File \"/tmp/ad9c0f7e-1596-11ee-8a50-bb14de238602/python-telegram-bot-ptbcontrib/tests/plugin_github_group.py\", line 38, in pytest_configure\n[06501c9c-9923-4d01-ba15-032304101be6/pytest-1]   | INTERNALERROR>     for hookimpl in config.pluginmanager.hook.pytest_terminal_summary._nonwrappers:\n[06501c9c-9923-4d01-ba15-032304101be6/pytest-1]   | INTERNALERROR> AttributeError: '_HookCaller' object has no attribute '_nonwrappers'\n[06501c9c-9923-4d01-ba15-032304101be6/pytest-1]   | Requirement already satisfied: python-telegram-bot~=20.0 in /opt/hostedtoolcache/Python/3.7.11/x64/lib/python3.7/site-packages (from -r /tmp/ad9c0f7e-1596-11ee-8a50-bb14de238602/python-telegram-bot-ptbcontrib/ptbcontrib/username_to_chat_api/requirements.txt (line 1)) (20.3)\n[06501c9c-9923-4d01-ba15-032304101be6/pytest-2]   | INTERNALERROR> Traceback (most recent call last):\n[06501c9c-9923-4d01-ba15-032304101be6/pytest-2]   | INTERNALERROR>   File \"/opt/hostedtoolcache/Python/3.7.11/x64/lib/python3.7/site-packages/_pytest/main.py\", line 264, in wrap_session\n[06501c9c-9923-4d01-ba15-032304101be6/pytest-2]   | INTERNALERROR>     config._do_configure()\n[06501c9c-9923-4d01-ba15-032304101be6/pytest-2]   | INTERNALERROR>   File \"/opt/hostedtoolcache/Python/3.7.11/x64/lib/python3.7/site-packages/_pytest/config/__init__.py\", line 995, in _do_configure\n[06501c9c-9923-4d01-ba15-032304101be6/pytest-2]   | INTERNALERROR>     self.hook.pytest_configure.call_historic(kwargs=dict(config=self))\n[06501c9c-9923-4d01-ba15-032304101be6/pytest-2]   | INTERNALERROR>   File \"/opt/hostedtoolcache/Python/3.7.11/x64/lib/python3.7/site-packages/pluggy/_hooks.py\", line 452, in call_historic\n[06501c9c-9923-4d01-ba15-032304101be6/pytest-2]   | INTERNALERROR>     res = self._hookexec(self.name, self._hookimpls, kwargs, False)\n[06501c9c-9923-4d01-ba15-032304101be6/pytest-2]   | INTERNALERROR>   File \"/opt/hostedtoolcache/Python/3.7.11/x64/lib/python3.7/site-packages/pluggy/_manager.py\", line 112, in _hookexec\n[06501c9c-9923-4d01-ba15-032304101be6/pytest-2]   | INTERNALERROR>     return self._inner_hookexec(hook_name, methods, kwargs, firstresult)\n[06501c9c-9923-4d01-ba15-032304101be6/pytest-2]   | INTERNALERROR>   File \"/opt/hostedtoolcache/Python/3.7.11/x64/lib/python3.7/site-packages/pluggy/_callers.py\", line 116, in _multicall\n[06501c9c-9923-4d01-ba15-032304101be6/pytest-2]   | INTERNALERROR>     raise exception.with_traceback(exception.__traceback__)\n[06501c9c-9923-4d01-ba15-032304101be6/pytest-2]   | INTERNALERROR>   File \"/opt/hostedtoolcache/Python/3.7.11/x64/lib/python3.7/site-packages/pluggy/_callers.py\", line 80, in _multicall\n[06501c9c-9923-4d01-ba15-032304101be6/pytest-2]   | INTERNALERROR>     res = hook_impl.function(*args)\n[06501c9c-9923-4d01-ba15-032304101be6/pytest-2]   | INTERNALERROR>   File \"/tmp/ad9c0f7e-1596-11ee-8a50-bb14de238602/python-telegram-bot-ptbcontrib/tests/plugin_github_group.py\", line 38, in pytest_configure\n[06501c9c-9923-4d01-ba15-032304101be6/pytest-2]   | INTERNALERROR>     for hookimpl in config.pluginmanager.hook.pytest_terminal_summary._nonwrappers:\n[06501c9c-9923-4d01-ba15-032304101be6/pytest-2]   | INTERNALERROR> AttributeError: '_HookCaller' object has no attribute '_nonwrappers'\n[06501c9c-9923-4d01-ba15-032304101be6/pytest-1]   | Collecting httpx~=0.23.0 (from -r /tmp/ad9c0f7e-1596-11ee-8a50-bb14de238602/python-telegram-bot-ptbcontrib/ptbcontrib/username_to_chat_api/requirements.txt (line 2))\n[06501c9c-9923-4d01-ba15-032304101be6/pytest-1]   |   Downloading httpx-0.23.3-py3-none-any.whl (71 kB)\n[06501c9c-9923-4d01-ba15-032304101be6/pytest-1]   |      \u2501\u2501\u2501\u2501\u2501\u2501\u2501\u2501\u2501\u2501\u2501\u2501\u2501\u2501\u2501\u2501\u2501\u2501\u2501\u2501\u2501\u2501\u2501\u2501\u2501\u2501\u2501\u2501\u2501\u2501\u2501\u2501\u2501\u2501\u2501\u2501\u2501\u2501\u2501 71.5/71.5 kB 640.9 kB/s eta 0:00:00\n[06501c9c-9923-4d01-ba15-032304101be6/pytest-1]   | INFO: pip is looking at multiple versions of python-telegram-bot to determine which version is compatible with other requirements. This could take a while.\n[06501c9c-9923-4d01-ba15-032304101be6/pytest-1]   | Collecting python-telegram-bot~=20.0 (from -r /tmp/ad9c0f7e-1596-11ee-8a50-bb14de238602/python-telegram-bot-ptbcontrib/ptbcontrib/username_to_chat_api/requirements.txt (line 1))\n[06501c9c-9923-4d01-ba15-032304101be6/pytest-1]   |   Downloading python_telegram_bot-20.2-py3-none-any.whl (535 kB)\n[06501c9c-9923-4d01-ba15-032304101be6/pytest-2]   | Requirement already satisfied: python-telegram-bot~=20.0 in /opt/hostedtoolcache/Python/3.7.11/x64/lib/python3.7/site-packages (from -r /tmp/ad9c0f7e-1596-11ee-8a50-bb14de238602/python-telegram-bot-ptbcontrib/ptbcontrib/username_to_chat_api/requirements.txt (line 1)) (20.3)\n[06501c9c-9923-4d01-ba15-032304101be6/pytest-2]   | Collecting httpx~=0.23.0 (from -r /tmp/ad9c0f7e-1596-11ee-8a50-bb14de238602/python-telegram-bot-ptbcontrib/ptbcontrib/username_to_chat_api/requirements.txt (line 2))\n[06501c9c-9923-4d01-ba15-032304101be6/pytest-2]   |   Downloading httpx-0.23.3-py3-none-any.whl (71 kB)\n[06501c9c-9923-4d01-ba15-032304101be6/pytest-2]   |      \u2501\u2501\u2501\u2501\u2501\u2501\u2501\u2501\u2501\u2501\u2501\u2501\u2501\u2501\u2501\u2501\u2501\u2501\u2501\u2501\u2501\u2501\u2501\u2501\u2501\u2501\u2501\u2501\u2501\u2501\u2501\u2501\u2501\u2501\u2501\u2501\u2501\u2501\u2501\u2501 71.5/71.5 kB 7.7 MB/s eta 0:00:00\n[06501c9c-9923-4d01-ba15-032304101be6/pytest-2]   | INFO: pip is looking at multiple versions of python-telegram-bot to determine which version is compatible with other requirements. This could take a while.\n[06501c9c-9923-4d01-ba15-032304101be6/pytest-2]   | Collecting python-telegram-bot~=20.0 (from -r /tmp/ad9c0f7e-1596-11ee-8a50-bb14de238602/python-telegram-bot-ptbcontrib/ptbcontrib/username_to_chat_api/requirements.txt (line 1))\n[06501c9c-9923-4d01-ba15-032304101be6/pytest-2]   |   Downloading python_telegram_bot-20.2-py3-none-any.whl (535 kB)\n[06501c9c-9923-4d01-ba15-032304101be6/pytest-2]   |      \u2501\u2501\u2501\u2501\u2501\u2501\u2501\u2501\u2501\u2501\u2501\u2501\u2501\u2501\u2501\u2501\u2501\u2501\u2501\u2501\u2501\u2501\u2501\u2501\u2501\u2501\u2501\u2501\u2501\u2501\u2501\u2501\u2501\u2501\u2501\u2501\u2501\u2501\u2501 535.8/535.8 kB 3.8 MB/s eta 0:00:00\n[06501c9c-9923-4d01-ba15-032304101be6/pytest-2]   | Requirement already satisfied: certifi in /opt/hostedtoolcache/Python/3.7.11/x64/lib/python3.7/site-packages (from httpx~=0.23.0->-r /tmp/ad9c0f7e-1596-11ee-8a50-bb14de238602/python-telegram-bot-ptbcontrib/ptbcontrib/username_to_chat_api/requirements.txt (line 2)) (2023.5.7)\n[06501c9c-9923-4d01-ba15-032304101be6/pytest-2]   | Collecting httpcore<0.17.0,>=0.15.0 (from httpx~=0.23.0->-r /tmp/ad9c0f7e-1596-11ee-8a50-bb14de238602/python-telegram-bot-ptbcontrib/ptbcontrib/username_to_chat_api/requirements.txt (line 2))\n[06501c9c-9923-4d01-ba15-032304101be6/pytest-2]   |   Downloading httpcore-0.16.3-py3-none-any.whl (69 kB)\n[06501c9c-9923-4d01-ba15-032304101be6/pytest-2]   |      \u2501\u2501\u2501\u2501\u2501\u2501\u2501\u2501\u2501\u2501\u2501\u2501\u2501\u2501\u2501\u2501\u2501\u2501\u2501\u2501\u2501\u2501\u2501\u2501\u2501\u2501\u2501\u2501\u2501\u2501\u2501\u2501\u2501\u2501\u2501\u2501\u2501\u2501\u2501\u2501 69.6/69.6 kB 6.4 MB/s eta 0:00:00\n[06501c9c-9923-4d01-ba15-032304101be6/pytest-2]   | Collecting rfc3986[idna2008]<2,>=1.3 (from httpx~=0.23.0->-r /tmp/ad9c0f7e-1596-11ee-8a50-bb14de238602/python-telegram-bot-ptbcontrib/ptbcontrib/username_to_chat_api/requirements.txt (line 2))\n[06501c9c-9923-4d01-ba15-032304101be6/pytest-2]   |   Downloading rfc3986-1.5.0-py2.py3-none-any.whl (31 kB)\n[06501c9c-9923-4d01-ba15-032304101be6/pytest-2]   | Requirement already satisfied: sniffio in /opt/hostedtoolcache/Python/3.7.11/x64/lib/python3.7/site-packages (from httpx~=0.23.0->-r /tmp/ad9c0f7e-1596-11ee-8a50-bb14de238602/python-telegram-bot-ptbcontrib/ptbcontrib/username_to_chat_api/requirements.txt (line 2)) (1.3.0)\n[06501c9c-9923-4d01-ba15-032304101be6/pytest-2]   | Requirement already satisfied: h11<0.15,>=0.13 in /opt/hostedtoolcache/Python/3.7.11/x64/lib/python3.7/site-packages (from httpcore<0.17.0,>=0.15.0->httpx~=0.23.0->-r /tmp/ad9c0f7e-1596-11ee-8a50-bb14de238602/python-telegram-bot-ptbcontrib/ptbcontrib/username_to_chat_api/requirements.txt (line 2)) (0.14.0)\n[06501c9c-9923-4d01-ba15-032304101be6/pytest-2]   | Requirement already satisfied: anyio<5.0,>=3.0 in /opt/hostedtoolcache/Python/3.7.11/x64/lib/python3.7/site-packages (from httpcore<0.17.0,>=0.15.0->httpx~=0.23.0->-r /tmp/ad9c0f7e-1596-11ee-8a50-bb14de238602/python-telegram-bot-ptbcontrib/ptbcontrib/username_to_chat_api/requirements.txt (line 2)) (3.7.0)\n[06501c9c-9923-4d01-ba15-032304101be6/pytest-2]   | Requirement already satisfied: idna in /opt/hostedtoolcache/Python/3.7.11/x64/lib/python3.7/site-packages (from rfc3986[idna2008]<2,>=1.3->httpx~=0.23.0->-r /tmp/ad9c0f7e-1596-11ee-8a50-bb14de238602/python-telegram-bot-ptbcontrib/ptbcontrib/username_to_chat_api/requirements.txt (line 2)) (3.4)\n[06501c9c-9923-4d01-ba15-032304101be6/pytest-2]   | Requirement already satisfied: exceptiongroup in /opt/hostedtoolcache/Python/3.7.11/x64/lib/python3.7/site-packages (from anyio<5.0,>=3.0->httpcore<0.17.0,>=0.15.0->httpx~=0.23.0->-r /tmp/ad9c0f7e-1596-11ee-8a50-bb14de238602/python-telegram-bot-ptbcontrib/ptbcontrib/username_to_chat_api/requirements.txt (line 2)) (1.1.1)\n[06501c9c-9923-4d01-ba15-032304101be6/pytest-2]   | Requirement already satisfied: typing-extensions in /opt/hostedtoolcache/Python/3.7.11/x64/lib/python3.7/site-packages (from anyio<5.0,>=3.0->httpcore<0.17.0,>=0.15.0->httpx~=0.23.0->-r /tmp/ad9c0f7e-1596-11ee-8a50-bb14de238602/python-telegram-bot-ptbcontrib/ptbcontrib/username_to_chat_api/requirements.txt (line 2)) (4.6.3)\n[06501c9c-9923-4d01-ba15-032304101be6/pytest-2]   | Installing collected packages: rfc3986, httpcore, httpx, python-telegram-bot\n[06501c9c-9923-4d01-ba15-032304101be6/pytest-1]   |      \u2501\u2501\u2501\u2501\u2501\u2501\u2501\u2501\u2501\u2501\u2501\u2501\u2501\u2501\u2501\u2501\u2501\u2501\u2501\u2501\u2501\u2501\u2501\u2501\u2501\u2501\u2501\u2501\u2501\u2501\u2501\u2501\u2501\u2501\u2501\u2501\u2501 535.8/535.8 kB 237.5 kB/s eta 0:00:00\n[06501c9c-9923-4d01-ba15-032304101be6/pytest-1]   | Requirement already satisfied: certifi in /opt/hostedtoolcache/Python/3.7.11/x64/lib/python3.7/site-packages (from httpx~=0.23.0->-r /tmp/ad9c0f7e-1596-11ee-8a50-bb14de238602/python-telegram-bot-ptbcontrib/ptbcontrib/username_to_chat_api/requirements.txt (line 2)) (2023.5.7)\n[06501c9c-9923-4d01-ba15-032304101be6/pytest-2]   |   Attempting uninstall: httpcore\n[06501c9c-9923-4d01-ba15-032304101be6/pytest-2]   |     Found existing installation: httpcore 0.17.2\n[06501c9c-9923-4d01-ba15-032304101be6/pytest-2]   |     Uninstalling httpcore-0.17.2:\n[06501c9c-9923-4d01-ba15-032304101be6/pytest-2]   |       Successfully uninstalled httpcore-0.17.2\n[06501c9c-9923-4d01-ba15-032304101be6/pytest-1]   | Collecting httpcore<0.17.0,>=0.15.0 (from httpx~=0.23.0->-r /tmp/ad9c0f7e-1596-11ee-8a50-bb14de238602/python-telegram-bot-ptbcontrib/ptbcontrib/username_to_chat_api/requirements.txt (line 2))\n[06501c9c-9923-4d01-ba15-032304101be6/pytest-1]   |   Downloading httpcore-0.16.3-py3-none-any.whl (69 kB)\n[06501c9c-9923-4d01-ba15-032304101be6/pytest-1]   |      \u2501\u2501\u2501\u2501\u2501\u2501\u2501\u2501\u2501\u2501\u2501\u2501\u2501\u2501\u2501\u2501\u2501\u2501\u2501\u2501\u2501\u2501\u2501\u2501\u2501\u2501\u2501\u2501\u2501\u2501\u2501\u2501\u2501\u2501\u2501\u2501\u2501\u2501\u2501 69.6/69.6 kB 357.7 kB/s eta 0:00:00\n[06501c9c-9923-4d01-ba15-032304101be6/pytest-2]   |   Attempting uninstall: httpx\n[06501c9c-9923-4d01-ba15-032304101be6/pytest-2]   |     Found existing installation: httpx 0.24.1\n[06501c9c-9923-4d01-ba15-032304101be6/pytest-2]   |     Uninstalling httpx-0.24.1:\n[06501c9c-9923-4d01-ba15-032304101be6/pytest-2]   |       Successfully uninstalled httpx-0.24.1\n[06501c9c-9923-4d01-ba15-032304101be6/pytest-1]   | Collecting rfc3986[idna2008]<2,>=1.3 (from httpx~=0.23.0->-r /tmp/ad9c0f7e-1596-11ee-8a50-bb14de238602/python-telegram-bot-ptbcontrib/ptbcontrib/username_to_chat_api/requirements.txt (line 2))\n[06501c9c-9923-4d01-ba15-032304101be6/pytest-1]   |   Downloading rfc3986-1.5.0-py2.py3-none-any.whl (31 kB)\n[06501c9c-9923-4d01-ba15-032304101be6/pytest-1]   | Requirement already satisfied: sniffio in /opt/hostedtoolcache/Python/3.7.11/x64/lib/python3.7/site-packages (from httpx~=0.23.0->-r /tmp/ad9c0f7e-1596-11ee-8a50-bb14de238602/python-telegram-bot-ptbcontrib/ptbcontrib/username_to_chat_api/requirements.txt (line 2)) (1.3.0)\n[06501c9c-9923-4d01-ba15-032304101be6/pytest-1]   | Requirement already satisfied: h11<0.15,>=0.13 in /opt/hostedtoolcache/Python/3.7.11/x64/lib/python3.7/site-packages (from httpcore<0.17.0,>=0.15.0->httpx~=0.23.0->-r /tmp/ad9c0f7e-1596-11ee-8a50-bb14de238602/python-telegram-bot-ptbcontrib/ptbcontrib/username_to_chat_api/requirements.txt (line 2)) (0.14.0)\n[06501c9c-9923-4d01-ba15-032304101be6/pytest-1]   | Requirement already satisfied: anyio<5.0,>=3.0 in /opt/hostedtoolcache/Python/3.7.11/x64/lib/python3.7/site-packages (from httpcore<0.17.0,>=0.15.0->httpx~=0.23.0->-r /tmp/ad9c0f7e-1596-11ee-8a50-bb14de238602/python-telegram-bot-ptbcontrib/ptbcontrib/username_to_chat_api/requirements.txt (line 2)) (3.7.0)\n[06501c9c-9923-4d01-ba15-032304101be6/pytest-1]   | Requirement already satisfied: idna in /opt/hostedtoolcache/Python/3.7.11/x64/lib/python3.7/site-packages (from rfc3986[idna2008]<2,>=1.3->httpx~=0.23.0->-r /tmp/ad9c0f7e-1596-11ee-8a50-bb14de238602/python-telegram-bot-ptbcontrib/ptbcontrib/username_to_chat_api/requirements.txt (line 2)) (3.4)\n[06501c9c-9923-4d01-ba15-032304101be6/pytest-2]   |   Attempting uninstall: python-telegram-bot\n[06501c9c-9923-4d01-ba15-032304101be6/pytest-2]   |     Found existing installation: python-telegram-bot 20.3\n[06501c9c-9923-4d01-ba15-032304101be6/pytest-1]   | Requirement already satisfied: exceptiongroup in /opt/hostedtoolcache/Python/3.7.11/x64/lib/python3.7/site-packages (from anyio<5.0,>=3.0->httpcore<0.17.0,>=0.15.0->httpx~=0.23.0->-r /tmp/ad9c0f7e-1596-11ee-8a50-bb14de238602/python-telegram-bot-ptbcontrib/ptbcontrib/username_to_chat_api/requirements.txt (line 2)) (1.1.1)\n[06501c9c-9923-4d01-ba15-032304101be6/pytest-1]   | Requirement already satisfied: typing-extensions in /opt/hostedtoolcache/Python/3.7.11/x64/lib/python3.7/site-packages (from anyio<5.0,>=3.0->httpcore<0.17.0,>=0.15.0->httpx~=0.23.0->-r /tmp/ad9c0f7e-1596-11ee-8a50-bb14de238602/python-telegram-bot-ptbcontrib/ptbcontrib/username_to_chat_api/requirements.txt (line 2)) (4.6.3)\n[06501c9c-9923-4d01-ba15-032304101be6/pytest-2]   |     Uninstalling python-telegram-bot-20.3:\n[06501c9c-9923-4d01-ba15-032304101be6/pytest-2]   |       Successfully uninstalled python-telegram-bot-20.3\n[06501c9c-9923-4d01-ba15-032304101be6/pytest-2]   | Successfully installed httpcore-0.16.3 httpx-0.23.3 python-telegram-bot-20.2 rfc3986-1.5.0\n[06501c9c-9923-4d01-ba15-032304101be6/pytest-2]   | \n[06501c9c-9923-4d01-ba15-032304101be6/pytest-2]   | [notice] A new release of pip is available: 20.1.1 -> 23.1.2\n[06501c9c-9923-4d01-ba15-032304101be6/pytest-2]   | [notice] To update, run: pip install --upgrade pip\n[06501c9c-9923-4d01-ba15-032304101be6/pytest-1]   | Installing collected packages: rfc3986, httpcore, httpx, python-telegram-bot\n[06501c9c-9923-4d01-ba15-032304101be6/pytest-1]   |   Attempting uninstall: httpcore\n[06501c9c-9923-4d01-ba15-032304101be6/pytest-1]   |     Found existing installation: httpcore 0.17.2\n[06501c9c-9923-4d01-ba15-032304101be6/pytest-1]   |     Uninstalling httpcore-0.17.2:\n[06501c9c-9923-4d01-ba15-032304101be6/pytest-1]   |       Successfully uninstalled httpcore-0.17.2\n[06501c9c-9923-4d01-ba15-032304101be6/pytest-1]   |   Attempting uninstall: httpx\n[06501c9c-9923-4d01-ba15-032304101be6/pytest-1]   |     Found existing installation: httpx 0.24.1\n[06501c9c-9923-4d01-ba15-032304101be6/pytest-1]   |     Uninstalling httpx-0.24.1:\n[06501c9c-9923-4d01-ba15-032304101be6/pytest-1]   |       Successfully uninstalled httpx-0.24.1\n[06501c9c-9923-4d01-ba15-032304101be6/pytest-1]   |   Attempting uninstall: python-telegram-bot\n[06501c9c-9923-4d01-ba15-032304101be6/pytest-1]   |     Found existing installation: python-telegram-bot 20.3\n[06501c9c-9923-4d01-ba15-032304101be6/pytest-1]   |     Uninstalling python-telegram-bot-20.3:\n[06501c9c-9923-4d01-ba15-032304101be6/pytest-1]   |       Successfully uninstalled python-telegram-bot-20.3\n[06501c9c-9923-4d01-ba15-032304101be6/pytest-1]   | Successfully installed httpcore-0.16.3 httpx-0.23.3 python-telegram-bot-20.2 rfc3986-1.5.0\n[06501c9c-9923-4d01-ba15-032304101be6/pytest-1]   | \n[06501c9c-9923-4d01-ba15-032304101be6/pytest-1]   | [notice] A new release of pip is available: 20.1.1 -> 23.1.2\n[06501c9c-9923-4d01-ba15-032304101be6/pytest-1]   | [notice] To update, run: pip install --upgrade pip\n[06501c9c-9923-4d01-ba15-032304101be6/pytest-2]   | INTERNALERROR> Traceback (most recent call last):\n[06501c9c-9923-4d01-ba15-032304101be6/pytest-2]   | INTERNALERROR>   File \"/opt/hostedtoolcache/Python/3.7.11/x64/lib/python3.7/site-packages/_pytest/main.py\", line 264, in wrap_session\n[06501c9c-9923-4d01-ba15-032304101be6/pytest-2]   | INTERNALERROR>     config._do_configure()\n[06501c9c-9923-4d01-ba15-032304101be6/pytest-2]   | INTERNALERROR>   File \"/opt/hostedtoolcache/Python/3.7.11/x64/lib/python3.7/site-packages/_pytest/config/__init__.py\", line 995, in _do_configure\n[06501c9c-9923-4d01-ba15-032304101be6/pytest-2]   | INTERNALERROR>     self.hook.pytest_configure.call_historic(kwargs=dict(config=self))\n[06501c9c-9923-4d01-ba15-032304101be6/pytest-2]   | INTERNALERROR>   File \"/opt/hostedtoolcache/Python/3.7.11/x64/lib/python3.7/site-packages/pluggy/_hooks.py\", line 452, in call_historic\n[06501c9c-9923-4d01-ba15-032304101be6/pytest-2]   | INTERNALERROR>     res = self._hookexec(self.name, self._hookimpls, kwargs, False)\n[06501c9c-9923-4d01-ba15-032304101be6/pytest-2]   | INTERNALERROR>   File \"/opt/hostedtoolcache/Python/3.7.11/x64/lib/python3.7/site-packages/pluggy/_manager.py\", line 112, in _hookexec\n[06501c9c-9923-4d01-ba15-032304101be6/pytest-2]   | INTERNALERROR>     return self._inner_hookexec(hook_name, methods, kwargs, firstresult)\n[06501c9c-9923-4d01-ba15-032304101be6/pytest-2]   | INTERNALERROR>   File \"/opt/hostedtoolcache/Python/3.7.11/x64/lib/python3.7/site-packages/pluggy/_callers.py\", line 116, in _multicall\n[06501c9c-9923-4d01-ba15-032304101be6/pytest-2]   | INTERNALERROR>     raise exception.with_traceback(exception.__traceback__)\n[06501c9c-9923-4d01-ba15-032304101be6/pytest-2]   | INTERNALERROR>   File \"/opt/hostedtoolcache/Python/3.7.11/x64/lib/python3.7/site-packages/pluggy/_callers.py\", line 80, in _multicall\n[06501c9c-9923-4d01-ba15-032304101be6/pytest-2]   | INTERNALERROR>     res = hook_impl.function(*args)\n[06501c9c-9923-4d01-ba15-032304101be6/pytest-2]   | INTERNALERROR>   File \"/tmp/ad9c0f7e-1596-11ee-8a50-bb14de238602/python-telegram-bot-ptbcontrib/tests/plugin_github_group.py\", line 38, in pytest_configure\n[06501c9c-9923-4d01-ba15-032304101be6/pytest-2]   | INTERNALERROR>     for hookimpl in config.pluginmanager.hook.pytest_terminal_summary._nonwrappers:\n[06501c9c-9923-4d01-ba15-032304101be6/pytest-2]   | INTERNALERROR> AttributeError: '_HookCaller' object has no attribute '_nonwrappers'\n[06501c9c-9923-4d01-ba15-032304101be6/pytest-2]   | Requirement already satisfied: python-telegram-bot[job-queue]<=21.0,>=20.0 in /opt/hostedtoolcache/Python/3.7.11/x64/lib/python3.7/site-packages (from -r /tmp/ad9c0f7e-1596-11ee-8a50-bb14de238602/python-telegram-bot-ptbcontrib/ptbcontrib/ptb_jobstores/requirements.txt (line 1)) (20.2)\n[06501c9c-9923-4d01-ba15-032304101be6/pytest-1]   | INTERNALERROR> Traceback (most recent call last):\n[06501c9c-9923-4d01-ba15-032304101be6/pytest-1]   | INTERNALERROR>   File \"/opt/hostedtoolcache/Python/3.7.11/x64/lib/python3.7/site-packages/_pytest/main.py\", line 264, in wrap_session\n[06501c9c-9923-4d01-ba15-032304101be6/pytest-1]   | INTERNALERROR>     config._do_configure()\n[06501c9c-9923-4d01-ba15-032304101be6/pytest-1]   | INTERNALERROR>   File \"/opt/hostedtoolcache/Python/3.7.11/x64/lib/python3.7/site-packages/_pytest/config/__init__.py\", line 995, in _do_configure\n[06501c9c-9923-4d01-ba15-032304101be6/pytest-1]   | INTERNALERROR>     self.hook.pytest_configure.call_historic(kwargs=dict(config=self))\n[06501c9c-9923-4d01-ba15-032304101be6/pytest-1]   | INTERNALERROR>   File \"/opt/hostedtoolcache/Python/3.7.11/x64/lib/python3.7/site-packages/pluggy/_hooks.py\", line 452, in call_historic\n[06501c9c-9923-4d01-ba15-032304101be6/pytest-1]   | INTERNALERROR>     res = self._hookexec(self.name, self._hookimpls, kwargs, False)\n[06501c9c-9923-4d01-ba15-032304101be6/pytest-1]   | INTERNALERROR>   File \"/opt/hostedtoolcache/Python/3.7.11/x64/lib/python3.7/site-packages/pluggy/_manager.py\", line 112, in _hookexec\n[06501c9c-9923-4d01-ba15-032304101be6/pytest-1]   | INTERNALERROR>     return self._inner_hookexec(hook_name, methods, kwargs, firstresult)\n[06501c9c-9923-4d01-ba15-032304101be6/pytest-1]   | INTERNALERROR>   File \"/opt/hostedtoolcache/Python/3.7.11/x64/lib/python3.7/site-packages/pluggy/_callers.py\", line 116, in _multicall\n[06501c9c-9923-4d01-ba15-032304101be6/pytest-1]   | INTERNALERROR>     raise exception.with_traceback(exception.__traceback__)\n[06501c9c-9923-4d01-ba15-032304101be6/pytest-1]   | INTERNALERROR>   File \"/opt/hostedtoolcache/Python/3.7.11/x64/lib/python3.7/site-packages/pluggy/_callers.py\", line 80, in _multicall\n[06501c9c-9923-4d01-ba15-032304101be6/pytest-1]   | INTERNALERROR>     res = hook_impl.function(*args)\n[06501c9c-9923-4d01-ba15-032304101be6/pytest-1]   | INTERNALERROR>   File \"/tmp/ad9c0f7e-1596-11ee-8a50-bb14de238602/python-telegram-bot-ptbcontrib/tests/plugin_github_group.py\", line 38, in pytest_configure\n[06501c9c-9923-4d01-ba15-032304101be6/pytest-1]   | INTERNALERROR>     for hookimpl in config.pluginmanager.hook.pytest_terminal_summary._nonwrappers:\n[06501c9c-9923-4d01-ba15-032304101be6/pytest-1]   | INTERNALERROR> AttributeError: '_HookCaller' object has no attribute '_nonwrappers'\n[06501c9c-9923-4d01-ba15-032304101be6/pytest-1]   | Requirement already satisfied: python-telegram-bot[job-queue]<=21.0,>=20.0 in /opt/hostedtoolcache/Python/3.7.11/x64/lib/python3.7/site-packages (from -r /tmp/ad9c0f7e-1596-11ee-8a50-bb14de238602/python-telegram-bot-ptbcontrib/ptbcontrib/ptb_jobstores/requirements.txt (line 1)) (20.2)\n[06501c9c-9923-4d01-ba15-032304101be6/pytest-1]   | Collecting pymongo<5,>=4.1 (from -r /tmp/ad9c0f7e-1596-11ee-8a50-bb14de238602/python-telegram-bot-ptbcontrib/ptbcontrib/ptb_jobstores/requirements.txt (line 2))\n[06501c9c-9923-4d01-ba15-032304101be6/pytest-1]   |   Downloading pymongo-4.4.0-cp37-cp37m-manylinux_2_17_x86_64.manylinux2014_x86_64.whl (631 kB)\n[06501c9c-9923-4d01-ba15-032304101be6/pytest-1]   |      \u2501\u2501\u2501\u2501\u2501\u2501\u2501\u2501\u2501\u2501\u2501\u2501\u2501\u2501\u2501\u2501\u2501\u2501\u2501\u2501\u2501\u2501\u2501\u2501\u2501\u2501\u2501\u2501\u2501\u2501\u2501\u2501\u2501\u2501\u2501\u2501\u2501\u2501 631.8/631.8 kB 14.5 MB/s eta 0:00:00\n[06501c9c-9923-4d01-ba15-032304101be6/pytest-1]   | Requirement already satisfied: SQLAlchemy~=1.4.46 in /opt/hostedtoolcache/Python/3.7.11/x64/lib/python3.7/site-packages (from -r /tmp/ad9c0f7e-1596-11ee-8a50-bb14de238602/python-telegram-bot-ptbcontrib/ptbcontrib/ptb_jobstores/requirements.txt (line 3)) (1.4.46)\n[06501c9c-9923-4d01-ba15-032304101be6/pytest-1]   | Requirement already satisfied: httpx~=0.23.3 in /opt/hostedtoolcache/Python/3.7.11/x64/lib/python3.7/site-packages (from python-telegram-bot[job-queue]<=21.0,>=20.0->-r /tmp/ad9c0f7e-1596-11ee-8a50-bb14de238602/python-telegram-bot-ptbcontrib/ptbcontrib/ptb_jobstores/requirements.txt (line 1)) (0.23.3)\n[06501c9c-9923-4d01-ba15-032304101be6/pytest-1]   | Collecting APScheduler~=3.10.1 (from python-telegram-bot[job-queue]<=21.0,>=20.0->-r /tmp/ad9c0f7e-1596-11ee-8a50-bb14de238602/python-telegram-bot-ptbcontrib/ptbcontrib/ptb_jobstores/requirements.txt (line 1))\n[06501c9c-9923-4d01-ba15-032304101be6/pytest-1]   |   Downloading APScheduler-3.10.1-py3-none-any.whl (59 kB)\n[06501c9c-9923-4d01-ba15-032304101be6/pytest-1]   |      \u2501\u2501\u2501\u2501\u2501\u2501\u2501\u2501\u2501\u2501\u2501\u2501\u2501\u2501\u2501\u2501\u2501\u2501\u2501\u2501\u2501\u2501\u2501\u2501\u2501\u2501\u2501\u2501\u2501\u2501\u2501\u2501\u2501\u2501\u2501\u2501\u2501\u2501\u2501\u2501 59.2/59.2 kB 5.5 MB/s eta 0:00:00\n[06501c9c-9923-4d01-ba15-032304101be6/pytest-1]   | Requirement already satisfied: pytz>=2018.6 in /opt/hostedtoolcache/Python/3.7.11/x64/lib/python3.7/site-packages (from python-telegram-bot[job-queue]<=21.0,>=20.0->-r /tmp/ad9c0f7e-1596-11ee-8a50-bb14de238602/python-telegram-bot-ptbcontrib/ptbcontrib/ptb_jobstores/requirements.txt (line 1)) (2023.3)\n[06501c9c-9923-4d01-ba15-032304101be6/pytest-2]   | Collecting pymongo<5,>=4.1 (from -r /tmp/ad9c0f7e-1596-11ee-8a50-bb14de238602/python-telegram-bot-ptbcontrib/ptbcontrib/ptb_jobstores/requirements.txt (line 2))\n[06501c9c-9923-4d01-ba15-032304101be6/pytest-2]   |   Downloading pymongo-4.4.0-cp37-cp37m-manylinux_2_17_x86_64.manylinux2014_x86_64.whl (631 kB)\n[06501c9c-9923-4d01-ba15-032304101be6/pytest-2]   |      \u2501\u2501\u2501\u2501\u2501\u2501\u2501\u2501\u2501\u2501\u2501\u2501\u2501\u2501\u2501\u2501\u2501\u2501\u2501\u2501\u2501\u2501\u2501\u2501\u2501\u2501\u2501\u2501\u2501\u2501\u2501\u2501\u2501\u2501\u2501\u2501\u2501\u2501 631.8/631.8 kB 12.9 MB/s eta 0:00:00\n[06501c9c-9923-4d01-ba15-032304101be6/pytest-2]   | Requirement already satisfied: SQLAlchemy~=1.4.46 in /opt/hostedtoolcache/Python/3.7.11/x64/lib/python3.7/site-packages (from -r /tmp/ad9c0f7e-1596-11ee-8a50-bb14de238602/python-telegram-bot-ptbcontrib/ptbcontrib/ptb_jobstores/requirements.txt (line 3)) (1.4.46)\n[06501c9c-9923-4d01-ba15-032304101be6/pytest-1]   | Collecting dnspython<3.0.0,>=1.16.0 (from pymongo<5,>=4.1->-r /tmp/ad9c0f7e-1596-11ee-8a50-bb14de238602/python-telegram-bot-ptbcontrib/ptbcontrib/ptb_jobstores/requirements.txt (line 2))\n[06501c9c-9923-4d01-ba15-032304101be6/pytest-1]   |   Downloading dnspython-2.3.0-py3-none-any.whl (283 kB)\n[06501c9c-9923-4d01-ba15-032304101be6/pytest-2]   | Requirement already satisfied: httpx~=0.23.3 in /opt/hostedtoolcache/Python/3.7.11/x64/lib/python3.7/site-packages (from python-telegram-bot[job-queue]<=21.0,>=20.0->-r /tmp/ad9c0f7e-1596-11ee-8a50-bb14de238602/python-telegram-bot-ptbcontrib/ptbcontrib/ptb_jobstores/requirements.txt (line 1)) (0.23.3)\n[06501c9c-9923-4d01-ba15-032304101be6/pytest-1]   |      \u2501\u2501\u2501\u2501\u2501\u2501\u2501\u2501\u2501\u2501\u2501\u2501\u2501\u2501\u2501\u2501\u2501\u2501\u2501\u2501\u2501\u2501\u2501\u2501\u2501\u2501\u2501\u2501\u2501\u2501\u2501\u2501\u2501\u2501\u2501\u2501\u2501\u2501\u2501 283.7/283.7 kB 8.6 MB/s eta 0:00:00\n[06501c9c-9923-4d01-ba15-032304101be6/pytest-2]   | Collecting APScheduler~=3.10.1 (from python-telegram-bot[job-queue]<=21.0,>=20.0->-r /tmp/ad9c0f7e-1596-11ee-8a50-bb14de238602/python-telegram-bot-ptbcontrib/ptbcontrib/ptb_jobstores/requirements.txt (line 1))\n[06501c9c-9923-4d01-ba15-032304101be6/pytest-2]   |   Downloading APScheduler-3.10.1-py3-none-any.whl (59 kB)\n[06501c9c-9923-4d01-ba15-032304101be6/pytest-1]   | Requirement already satisfied: importlib-metadata in /opt/hostedtoolcache/Python/3.7.11/x64/lib/python3.7/site-packages (from SQLAlchemy~=1.4.46->-r /tmp/ad9c0f7e-1596-11ee-8a50-bb14de238602/python-telegram-bot-ptbcontrib/ptbcontrib/ptb_jobstores/requirements.txt (line 3)) (6.7.0)\n[06501c9c-9923-4d01-ba15-032304101be6/pytest-1]   | Requirement already satisfied: greenlet!=0.4.17 in /opt/hostedtoolcache/Python/3.7.11/x64/lib/python3.7/site-packages (from SQLAlchemy~=1.4.46->-r /tmp/ad9c0f7e-1596-11ee-8a50-bb14de238602/python-telegram-bot-ptbcontrib/ptbcontrib/ptb_jobstores/requirements.txt (line 3)) (2.0.2)\n[06501c9c-9923-4d01-ba15-032304101be6/pytest-2]   |      \u2501\u2501\u2501\u2501\u2501\u2501\u2501\u2501\u2501\u2501\u2501\u2501\u2501\u2501\u2501\u2501\u2501\u2501\u2501\u2501\u2501\u2501\u2501\u2501\u2501\u2501\u2501\u2501\u2501\u2501\u2501\u2501\u2501\u2501\u2501\u2501\u2501\u2501\u2501\u2501 59.2/59.2 kB 1.1 MB/s eta 0:00:00\n[06501c9c-9923-4d01-ba15-032304101be6/pytest-2]   | Requirement already satisfied: pytz>=2018.6 in /opt/hostedtoolcache/Python/3.7.11/x64/lib/python3.7/site-packages (from python-telegram-bot[job-queue]<=21.0,>=20.0->-r /tmp/ad9c0f7e-1596-11ee-8a50-bb14de238602/python-telegram-bot-ptbcontrib/ptbcontrib/ptb_jobstores/requirements.txt (line 1)) (2023.3)\n[06501c9c-9923-4d01-ba15-032304101be6/pytest-1]   | Requirement already satisfied: setuptools>=0.7 in /opt/hostedtoolcache/Python/3.7.11/x64/lib/python3.7/site-packages (from APScheduler~=3.10.1->python-telegram-bot[job-queue]<=21.0,>=20.0->-r /tmp/ad9c0f7e-1596-11ee-8a50-bb14de238602/python-telegram-bot-ptbcontrib/ptbcontrib/ptb_jobstores/requirements.txt (line 1)) (47.1.0)\n[06501c9c-9923-4d01-ba15-032304101be6/pytest-1]   | Requirement already satisfied: six>=1.4.0 in /opt/hostedtoolcache/Python/3.7.11/x64/lib/python3.7/site-packages (from APScheduler~=3.10.1->python-telegram-bot[job-queue]<=21.0,>=20.0->-r /tmp/ad9c0f7e-1596-11ee-8a50-bb14de238602/python-telegram-bot-ptbcontrib/ptbcontrib/ptb_jobstores/requirements.txt (line 1)) (1.16.0)\n[06501c9c-9923-4d01-ba15-032304101be6/pytest-1]   | Requirement already satisfied: tzlocal!=3.*,>=2.0 in /opt/hostedtoolcache/Python/3.7.11/x64/lib/python3.7/site-packages (from APScheduler~=3.10.1->python-telegram-bot[job-queue]<=21.0,>=20.0->-r /tmp/ad9c0f7e-1596-11ee-8a50-bb14de238602/python-telegram-bot-ptbcontrib/ptbcontrib/ptb_jobstores/requirements.txt (line 1)) (5.0.1)\n[06501c9c-9923-4d01-ba15-032304101be6/pytest-2]   | Collecting dnspython<3.0.0,>=1.16.0 (from pymongo<5,>=4.1->-r /tmp/ad9c0f7e-1596-11ee-8a50-bb14de238602/python-telegram-bot-ptbcontrib/ptbcontrib/ptb_jobstores/requirements.txt (line 2))\n[06501c9c-9923-4d01-ba15-032304101be6/pytest-1]   | Requirement already satisfied: certifi in /opt/hostedtoolcache/Python/3.7.11/x64/lib/python3.7/site-packages (from httpx~=0.23.3->python-telegram-bot[job-queue]<=21.0,>=20.0->-r /tmp/ad9c0f7e-1596-11ee-8a50-bb14de238602/python-telegram-bot-ptbcontrib/ptbcontrib/ptb_jobstores/requirements.txt (line 1)) (2023.5.7)\n[06501c9c-9923-4d01-ba15-032304101be6/pytest-1]   | Requirement already satisfied: httpcore<0.17.0,>=0.15.0 in /opt/hostedtoolcache/Python/3.7.11/x64/lib/python3.7/site-packages (from httpx~=0.23.3->python-telegram-bot[job-queue]<=21.0,>=20.0->-r /tmp/ad9c0f7e-1596-11ee-8a50-bb14de238602/python-telegram-bot-ptbcontrib/ptbcontrib/ptb_jobstores/requirements.txt (line 1)) (0.16.3)\n[06501c9c-9923-4d01-ba15-032304101be6/pytest-1]   | Requirement already satisfied: rfc3986[idna2008]<2,>=1.3 in /opt/hostedtoolcache/Python/3.7.11/x64/lib/python3.7/site-packages (from httpx~=0.23.3->python-telegram-bot[job-queue]<=21.0,>=20.0->-r /tmp/ad9c0f7e-1596-11ee-8a50-bb14de238602/python-telegram-bot-ptbcontrib/ptbcontrib/ptb_jobstores/requirements.txt (line 1)) (1.5.0)\n[06501c9c-9923-4d01-ba15-032304101be6/pytest-1]   | Requirement already satisfied: sniffio in /opt/hostedtoolcache/Python/3.7.11/x64/lib/python3.7/site-packages (from httpx~=0.23.3->python-telegram-bot[job-queue]<=21.0,>=20.0->-r /tmp/ad9c0f7e-1596-11ee-8a50-bb14de238602/python-telegram-bot-ptbcontrib/ptbcontrib/ptb_jobstores/requirements.txt (line 1)) (1.3.0)\n[06501c9c-9923-4d01-ba15-032304101be6/pytest-2]   |   Downloading dnspython-2.3.0-py3-none-any.whl (283 kB)\n[06501c9c-9923-4d01-ba15-032304101be6/pytest-2]   |      \u2501\u2501\u2501\u2501\u2501\u2501\u2501\u2501\u2501\u2501\u2501\u2501\u2501\u2501\u2501\u2501\u2501\u2501\u2501\u2501\u2501\u2501\u2501\u2501\u2501\u2501\u2501\u2501\u2501\u2501\u2501\u2501\u2501\u2501\u2501\u2501\u2501\u2501 283.7/283.7 kB 11.4 MB/s eta 0:00:00\n[06501c9c-9923-4d01-ba15-032304101be6/pytest-1]   | Requirement already satisfied: zipp>=0.5 in /opt/hostedtoolcache/Python/3.7.11/x64/lib/python3.7/site-packages (from importlib-metadata->SQLAlchemy~=1.4.46->-r /tmp/ad9c0f7e-1596-11ee-8a50-bb14de238602/python-telegram-bot-ptbcontrib/ptbcontrib/ptb_jobstores/requirements.txt (line 3)) (3.15.0)\n[06501c9c-9923-4d01-ba15-032304101be6/pytest-1]   | Requirement already satisfied: typing-extensions>=3.6.4 in /opt/hostedtoolcache/Python/3.7.11/x64/lib/python3.7/site-packages (from importlib-metadata->SQLAlchemy~=1.4.46->-r /tmp/ad9c0f7e-1596-11ee-8a50-bb14de238602/python-telegram-bot-ptbcontrib/ptbcontrib/ptb_jobstores/requirements.txt (line 3)) (4.6.3)\n[06501c9c-9923-4d01-ba15-032304101be6/pytest-1]   | Requirement already satisfied: h11<0.15,>=0.13 in /opt/hostedtoolcache/Python/3.7.11/x64/lib/python3.7/site-packages (from httpcore<0.17.0,>=0.15.0->httpx~=0.23.3->python-telegram-bot[job-queue]<=21.0,>=20.0->-r /tmp/ad9c0f7e-1596-11ee-8a50-bb14de238602/python-telegram-bot-ptbcontrib/ptbcontrib/ptb_jobstores/requirements.txt (line 1)) (0.14.0)\n[06501c9c-9923-4d01-ba15-032304101be6/pytest-1]   | Requirement already satisfied: anyio<5.0,>=3.0 in /opt/hostedtoolcache/Python/3.7.11/x64/lib/python3.7/site-packages (from httpcore<0.17.0,>=0.15.0->httpx~=0.23.3->python-telegram-bot[job-queue]<=21.0,>=20.0->-r /tmp/ad9c0f7e-1596-11ee-8a50-bb14de238602/python-telegram-bot-ptbcontrib/ptbcontrib/ptb_jobstores/requirements.txt (line 1)) (3.7.0)\n[06501c9c-9923-4d01-ba15-032304101be6/pytest-1]   | Requirement already satisfied: idna in /opt/hostedtoolcache/Python/3.7.11/x64/lib/python3.7/site-packages (from rfc3986[idna2008]<2,>=1.3->httpx~=0.23.3->python-telegram-bot[job-queue]<=21.0,>=20.0->-r /tmp/ad9c0f7e-1596-11ee-8a50-bb14de238602/python-telegram-bot-ptbcontrib/ptbcontrib/ptb_jobstores/requirements.txt (line 1)) (3.4)\n[06501c9c-9923-4d01-ba15-032304101be6/pytest-2]   | Requirement already satisfied: importlib-metadata in /opt/hostedtoolcache/Python/3.7.11/x64/lib/python3.7/site-packages (from SQLAlchemy~=1.4.46->-r /tmp/ad9c0f7e-1596-11ee-8a50-bb14de238602/python-telegram-bot-ptbcontrib/ptbcontrib/ptb_jobstores/requirements.txt (line 3)) (6.7.0)\n[06501c9c-9923-4d01-ba15-032304101be6/pytest-1]   | Requirement already satisfied: backports.zoneinfo in /opt/hostedtoolcache/Python/3.7.11/x64/lib/python3.7/site-packages (from tzlocal!=3.*,>=2.0->APScheduler~=3.10.1->python-telegram-bot[job-queue]<=21.0,>=20.0->-r /tmp/ad9c0f7e-1596-11ee-8a50-bb14de238602/python-telegram-bot-ptbcontrib/ptbcontrib/ptb_jobstores/requirements.txt (line 1)) (0.2.1)\n[06501c9c-9923-4d01-ba15-032304101be6/pytest-2]   | Requirement already satisfied: greenlet!=0.4.17 in /opt/hostedtoolcache/Python/3.7.11/x64/lib/python3.7/site-packages (from SQLAlchemy~=1.4.46->-r /tmp/ad9c0f7e-1596-11ee-8a50-bb14de238602/python-telegram-bot-ptbcontrib/ptbcontrib/ptb_jobstores/requirements.txt (line 3)) (2.0.2)\n[06501c9c-9923-4d01-ba15-032304101be6/pytest-2]   | Requirement already satisfied: setuptools>=0.7 in /opt/hostedtoolcache/Python/3.7.11/x64/lib/python3.7/site-packages (from APScheduler~=3.10.1->python-telegram-bot[job-queue]<=21.0,>=20.0->-r /tmp/ad9c0f7e-1596-11ee-8a50-bb14de238602/python-telegram-bot-ptbcontrib/ptbcontrib/ptb_jobstores/requirements.txt (line 1)) (47.1.0)\n[06501c9c-9923-4d01-ba15-032304101be6/pytest-2]   | Requirement already satisfied: six>=1.4.0 in /opt/hostedtoolcache/Python/3.7.11/x64/lib/python3.7/site-packages (from APScheduler~=3.10.1->python-telegram-bot[job-queue]<=21.0,>=20.0->-r /tmp/ad9c0f7e-1596-11ee-8a50-bb14de238602/python-telegram-bot-ptbcontrib/ptbcontrib/ptb_jobstores/requirements.txt (line 1)) (1.16.0)\n[06501c9c-9923-4d01-ba15-032304101be6/pytest-2]   | Requirement already satisfied: tzlocal!=3.*,>=2.0 in /opt/hostedtoolcache/Python/3.7.11/x64/lib/python3.7/site-packages (from APScheduler~=3.10.1->python-telegram-bot[job-queue]<=21.0,>=20.0->-r /tmp/ad9c0f7e-1596-11ee-8a50-bb14de238602/python-telegram-bot-ptbcontrib/ptbcontrib/ptb_jobstores/requirements.txt (line 1)) (5.0.1)\n[06501c9c-9923-4d01-ba15-032304101be6/pytest-1]   | Requirement already satisfied: exceptiongroup in /opt/hostedtoolcache/Python/3.7.11/x64/lib/python3.7/site-packages (from anyio<5.0,>=3.0->httpcore<0.17.0,>=0.15.0->httpx~=0.23.3->python-telegram-bot[job-queue]<=21.0,>=20.0->-r /tmp/ad9c0f7e-1596-11ee-8a50-bb14de238602/python-telegram-bot-ptbcontrib/ptbcontrib/ptb_jobstores/requirements.txt (line 1)) (1.1.1)\n[06501c9c-9923-4d01-ba15-032304101be6/pytest-2]   | Requirement already satisfied: certifi in /opt/hostedtoolcache/Python/3.7.11/x64/lib/python3.7/site-packages (from httpx~=0.23.3->python-telegram-bot[job-queue]<=21.0,>=20.0->-r /tmp/ad9c0f7e-1596-11ee-8a50-bb14de238602/python-telegram-bot-ptbcontrib/ptbcontrib/ptb_jobstores/requirements.txt (line 1)) (2023.5.7)\n[06501c9c-9923-4d01-ba15-032304101be6/pytest-2]   | Requirement already satisfied: httpcore<0.17.0,>=0.15.0 in /opt/hostedtoolcache/Python/3.7.11/x64/lib/python3.7/site-packages (from httpx~=0.23.3->python-telegram-bot[job-queue]<=21.0,>=20.0->-r /tmp/ad9c0f7e-1596-11ee-8a50-bb14de238602/python-telegram-bot-ptbcontrib/ptbcontrib/ptb_jobstores/requirements.txt (line 1)) (0.16.3)\n[06501c9c-9923-4d01-ba15-032304101be6/pytest-2]   | Requirement already satisfied: rfc3986[idna2008]<2,>=1.3 in /opt/hostedtoolcache/Python/3.7.11/x64/lib/python3.7/site-packages (from httpx~=0.23.3->python-telegram-bot[job-queue]<=21.0,>=20.0->-r /tmp/ad9c0f7e-1596-11ee-8a50-bb14de238602/python-telegram-bot-ptbcontrib/ptbcontrib/ptb_jobstores/requirements.txt (line 1)) (1.5.0)\n[06501c9c-9923-4d01-ba15-032304101be6/pytest-2]   | Requirement already satisfied: sniffio in /opt/hostedtoolcache/Python/3.7.11/x64/lib/python3.7/site-packages (from httpx~=0.23.3->python-telegram-bot[job-queue]<=21.0,>=20.0->-r /tmp/ad9c0f7e-1596-11ee-8a50-bb14de238602/python-telegram-bot-ptbcontrib/ptbcontrib/ptb_jobstores/requirements.txt (line 1)) (1.3.0)\n[06501c9c-9923-4d01-ba15-032304101be6/pytest-2]   | Requirement already satisfied: zipp>=0.5 in /opt/hostedtoolcache/Python/3.7.11/x64/lib/python3.7/site-packages (from importlib-metadata->SQLAlchemy~=1.4.46->-r /tmp/ad9c0f7e-1596-11ee-8a50-bb14de238602/python-telegram-bot-ptbcontrib/ptbcontrib/ptb_jobstores/requirements.txt (line 3)) (3.15.0)\n[06501c9c-9923-4d01-ba15-032304101be6/pytest-2]   | Requirement already satisfied: typing-extensions>=3.6.4 in /opt/hostedtoolcache/Python/3.7.11/x64/lib/python3.7/site-packages (from importlib-metadata->SQLAlchemy~=1.4.46->-r /tmp/ad9c0f7e-1596-11ee-8a50-bb14de238602/python-telegram-bot-ptbcontrib/ptbcontrib/ptb_jobstores/requirements.txt (line 3)) (4.6.3)\n[06501c9c-9923-4d01-ba15-032304101be6/pytest-2]   | Requirement already satisfied: h11<0.15,>=0.13 in /opt/hostedtoolcache/Python/3.7.11/x64/lib/python3.7/site-packages (from httpcore<0.17.0,>=0.15.0->httpx~=0.23.3->python-telegram-bot[job-queue]<=21.0,>=20.0->-r /tmp/ad9c0f7e-1596-11ee-8a50-bb14de238602/python-telegram-bot-ptbcontrib/ptbcontrib/ptb_jobstores/requirements.txt (line 1)) (0.14.0)\n[06501c9c-9923-4d01-ba15-032304101be6/pytest-2]   | Requirement already satisfied: anyio<5.0,>=3.0 in /opt/hostedtoolcache/Python/3.7.11/x64/lib/python3.7/site-packages (from httpcore<0.17.0,>=0.15.0->httpx~=0.23.3->python-telegram-bot[job-queue]<=21.0,>=20.0->-r /tmp/ad9c0f7e-1596-11ee-8a50-bb14de238602/python-telegram-bot-ptbcontrib/ptbcontrib/ptb_jobstores/requirements.txt (line 1)) (3.7.0)\n[06501c9c-9923-4d01-ba15-032304101be6/pytest-2]   | Requirement already satisfied: idna in /opt/hostedtoolcache/Python/3.7.11/x64/lib/python3.7/site-packages (from rfc3986[idna2008]<2,>=1.3->httpx~=0.23.3->python-telegram-bot[job-queue]<=21.0,>=20.0->-r /tmp/ad9c0f7e-1596-11ee-8a50-bb14de238602/python-telegram-bot-ptbcontrib/ptbcontrib/ptb_jobstores/requirements.txt (line 1)) (3.4)\n[06501c9c-9923-4d01-ba15-032304101be6/pytest-2]   | Requirement already satisfied: backports.zoneinfo in /opt/hostedtoolcache/Python/3.7.11/x64/lib/python3.7/site-packages (from tzlocal!=3.*,>=2.0->APScheduler~=3.10.1->python-telegram-bot[job-queue]<=21.0,>=20.0->-r /tmp/ad9c0f7e-1596-11ee-8a50-bb14de238602/python-telegram-bot-ptbcontrib/ptbcontrib/ptb_jobstores/requirements.txt (line 1)) (0.2.1)\n[06501c9c-9923-4d01-ba15-032304101be6/pytest-2]   | Requirement already satisfied: exceptiongroup in /opt/hostedtoolcache/Python/3.7.11/x64/lib/python3.7/site-packages (from anyio<5.0,>=3.0->httpcore<0.17.0,>=0.15.0->httpx~=0.23.3->python-telegram-bot[job-queue]<=21.0,>=20.0->-r /tmp/ad9c0f7e-1596-11ee-8a50-bb14de238602/python-telegram-bot-ptbcontrib/ptbcontrib/ptb_jobstores/requirements.txt (line 1)) (1.1.1)\n[06501c9c-9923-4d01-ba15-032304101be6/pytest-1]   | Installing collected packages: dnspython, pymongo, APScheduler\n[06501c9c-9923-4d01-ba15-032304101be6/pytest-2]   | Installing collected packages: dnspython, pymongo, APScheduler\n[06501c9c-9923-4d01-ba15-032304101be6/pytest-1]   |   Attempting uninstall: APScheduler\n[06501c9c-9923-4d01-ba15-032304101be6/pytest-1]   |     Found existing installation: APScheduler 3.6.3\n[06501c9c-9923-4d01-ba15-032304101be6/pytest-1]   |     Uninstalling APScheduler-3.6.3:\n[06501c9c-9923-4d01-ba15-032304101be6/pytest-1]   |       Successfully uninstalled APScheduler-3.6.3\n[06501c9c-9923-4d01-ba15-032304101be6/pytest-1]   | Successfully installed APScheduler-3.10.1 dnspython-2.3.0 pymongo-4.4.0\n[06501c9c-9923-4d01-ba15-032304101be6/pytest-1]   | \n[06501c9c-9923-4d01-ba15-032304101be6/pytest-1]   | [notice] A new release of pip is available: 20.1.1 -> 23.1.2\n[06501c9c-9923-4d01-ba15-032304101be6/pytest-1]   | [notice] To update, run: pip install --upgrade pip\n[06501c9c-9923-4d01-ba15-032304101be6/pytest-2]   |   Attempting uninstall: APScheduler\n[06501c9c-9923-4d01-ba15-032304101be6/pytest-2]   |     Found existing installation: APScheduler 3.6.3\n[06501c9c-9923-4d01-ba15-032304101be6/pytest-2]   |     Uninstalling APScheduler-3.6.3:\n[06501c9c-9923-4d01-ba15-032304101be6/pytest-2]   |       Successfully uninstalled APScheduler-3.6.3\n[06501c9c-9923-4d01-ba15-032304101be6/pytest-2]   | Successfully installed APScheduler-3.10.1 dnspython-2.3.0 pymongo-4.4.0\n[06501c9c-9923-4d01-ba15-032304101be6/pytest-2]   | \n[06501c9c-9923-4d01-ba15-032304101be6/pytest-2]   | [notice] A new release of pip is available: 20.1.1 -> 23.1.2\n[06501c9c-9923-4d01-ba15-032304101be6/pytest-2]   | [notice] To update, run: pip install --upgrade pip\n[06501c9c-9923-4d01-ba15-032304101be6/pytest-1]   | INTERNALERROR> Traceback (most recent call last):\n[06501c9c-9923-4d01-ba15-032304101be6/pytest-1]   | INTERNALERROR>   File \"/opt/hostedtoolcache/Python/3.7.11/x64/lib/python3.7/site-packages/_pytest/main.py\", line 264, in wrap_session\n[06501c9c-9923-4d01-ba15-032304101be6/pytest-1]   | INTERNALERROR>     config._do_configure()\n[06501c9c-9923-4d01-ba15-032304101be6/pytest-1]   | INTERNALERROR>   File \"/opt/hostedtoolcache/Python/3.7.11/x64/lib/python3.7/site-packages/_pytest/config/__init__.py\", line 995, in _do_configure\n[06501c9c-9923-4d01-ba15-032304101be6/pytest-1]   | INTERNALERROR>     self.hook.pytest_configure.call_historic(kwargs=dict(config=self))\n[06501c9c-9923-4d01-ba15-032304101be6/pytest-1]   | INTERNALERROR>   File \"/opt/hostedtoolcache/Python/3.7.11/x64/lib/python3.7/site-packages/pluggy/_hooks.py\", line 452, in call_historic\n[06501c9c-9923-4d01-ba15-032304101be6/pytest-1]   | INTERNALERROR>     res = self._hookexec(self.name, self._hookimpls, kwargs, False)\n[06501c9c-9923-4d01-ba15-032304101be6/pytest-1]   | INTERNALERROR>   File \"/opt/hostedtoolcache/Python/3.7.11/x64/lib/python3.7/site-packages/pluggy/_manager.py\", line 112, in _hookexec\n[06501c9c-9923-4d01-ba15-032304101be6/pytest-1]   | INTERNALERROR>     return self._inner_hookexec(hook_name, methods, kwargs, firstresult)\n[06501c9c-9923-4d01-ba15-032304101be6/pytest-1]   | INTERNALERROR>   File \"/opt/hostedtoolcache/Python/3.7.11/x64/lib/python3.7/site-packages/pluggy/_callers.py\", line 116, in _multicall\n[06501c9c-9923-4d01-ba15-032304101be6/pytest-1]   | INTERNALERROR>     raise exception.with_traceback(exception.__traceback__)\n[06501c9c-9923-4d01-ba15-032304101be6/pytest-1]   | INTERNALERROR>   File \"/opt/hostedtoolcache/Python/3.7.11/x64/lib/python3.7/site-packages/pluggy/_callers.py\", line 80, in _multicall\n[06501c9c-9923-4d01-ba15-032304101be6/pytest-1]   | INTERNALERROR>     res = hook_impl.function(*args)\n[06501c9c-9923-4d01-ba15-032304101be6/pytest-1]   | INTERNALERROR>   File \"/tmp/ad9c0f7e-1596-11ee-8a50-bb14de238602/python-telegram-bot-ptbcontrib/tests/plugin_github_group.py\", line 38, in pytest_configure\n[06501c9c-9923-4d01-ba15-032304101be6/pytest-1]   | INTERNALERROR>     for hookimpl in config.pluginmanager.hook.pytest_terminal_summary._nonwrappers:\n[06501c9c-9923-4d01-ba15-032304101be6/pytest-1]   | INTERNALERROR> AttributeError: '_HookCaller' object has no attribute '_nonwrappers'\n[06501c9c-9923-4d01-ba15-032304101be6/pytest-2]   | INTERNALERROR> Traceback (most recent call last):\n[06501c9c-9923-4d01-ba15-032304101be6/pytest-2]   | INTERNALERROR>   File \"/opt/hostedtoolcache/Python/3.7.11/x64/lib/python3.7/site-packages/_pytest/main.py\", line 264, in wrap_session\n[06501c9c-9923-4d01-ba15-032304101be6/pytest-2]   | INTERNALERROR>     config._do_configure()\n[06501c9c-9923-4d01-ba15-032304101be6/pytest-2]   | INTERNALERROR>   File \"/opt/hostedtoolcache/Python/3.7.11/x64/lib/python3.7/site-packages/_pytest/config/__init__.py\", line 995, in _do_configure\n[06501c9c-9923-4d01-ba15-032304101be6/pytest-2]   | INTERNALERROR>     self.hook.pytest_configure.call_historic(kwargs=dict(config=self))\n[06501c9c-9923-4d01-ba15-032304101be6/pytest-2]   | INTERNALERROR>   File \"/opt/hostedtoolcache/Python/3.7.11/x64/lib/python3.7/site-packages/pluggy/_hooks.py\", line 452, in call_historic\n[06501c9c-9923-4d01-ba15-032304101be6/pytest-2]   | INTERNALERROR>     res = self._hookexec(self.name, self._hookimpls, kwargs, False)\n[06501c9c-9923-4d01-ba15-032304101be6/pytest-2]   | INTERNALERROR>   File \"/opt/hostedtoolcache/Python/3.7.11/x64/lib/python3.7/site-packages/pluggy/_manager.py\", line 112, in _hookexec\n[06501c9c-9923-4d01-ba15-032304101be6/pytest-2]   | INTERNALERROR>     return self._inner_hookexec(hook_name, methods, kwargs, firstresult)\n[06501c9c-9923-4d01-ba15-032304101be6/pytest-2]   | INTERNALERROR>   File \"/opt/hostedtoolcache/Python/3.7.11/x64/lib/python3.7/site-packages/pluggy/_callers.py\", line 116, in _multicall\n[06501c9c-9923-4d01-ba15-032304101be6/pytest-2]   | INTERNALERROR>     raise exception.with_traceback(exception.__traceback__)\n[06501c9c-9923-4d01-ba15-032304101be6/pytest-2]   | INTERNALERROR>   File \"/opt/hostedtoolcache/Python/3.7.11/x64/lib/python3.7/site-packages/pluggy/_callers.py\", line 80, in _multicall\n[06501c9c-9923-4d01-ba15-032304101be6/pytest-2]   | INTERNALERROR>     res = hook_impl.function(*args)\n[06501c9c-9923-4d01-ba15-032304101be6/pytest-2]   | INTERNALERROR>   File \"/tmp/ad9c0f7e-1596-11ee-8a50-bb14de238602/python-telegram-bot-ptbcontrib/tests/plugin_github_group.py\", line 38, in pytest_configure\n[06501c9c-9923-4d01-ba15-032304101be6/pytest-2]   | INTERNALERROR>     for hookimpl in config.pluginmanager.hook.pytest_terminal_summary._nonwrappers:\n[06501c9c-9923-4d01-ba15-032304101be6/pytest-2]   | INTERNALERROR> AttributeError: '_HookCaller' object has no attribute '_nonwrappers'\n[06501c9c-9923-4d01-ba15-032304101be6/pytest-1]   | Requirement already satisfied: python-telegram-bot>=12.0 in /opt/hostedtoolcache/Python/3.7.11/x64/lib/python3.7/site-packages (from -r /tmp/ad9c0f7e-1596-11ee-8a50-bb14de238602/python-telegram-bot-ptbcontrib/ptbcontrib/extract_urls/requirements.txt (line 1)) (20.2)\n[06501c9c-9923-4d01-ba15-032304101be6/pytest-1]   | Requirement already satisfied: httpx~=0.23.3 in /opt/hostedtoolcache/Python/3.7.11/x64/lib/python3.7/site-packages (from python-telegram-bot>=12.0->-r /tmp/ad9c0f7e-1596-11ee-8a50-bb14de238602/python-telegram-bot-ptbcontrib/ptbcontrib/extract_urls/requirements.txt (line 1)) (0.23.3)\n[06501c9c-9923-4d01-ba15-032304101be6/pytest-1]   | Requirement already satisfied: certifi in /opt/hostedtoolcache/Python/3.7.11/x64/lib/python3.7/site-packages (from httpx~=0.23.3->python-telegram-bot>=12.0->-r /tmp/ad9c0f7e-1596-11ee-8a50-bb14de238602/python-telegram-bot-ptbcontrib/ptbcontrib/extract_urls/requirements.txt (line 1)) (2023.5.7)\n[06501c9c-9923-4d01-ba15-032304101be6/pytest-1]   | Requirement already satisfied: httpcore<0.17.0,>=0.15.0 in /opt/hostedtoolcache/Python/3.7.11/x64/lib/python3.7/site-packages (from httpx~=0.23.3->python-telegram-bot>=12.0->-r /tmp/ad9c0f7e-1596-11ee-8a50-bb14de238602/python-telegram-bot-ptbcontrib/ptbcontrib/extract_urls/requirements.txt (line 1)) (0.16.3)\n[06501c9c-9923-4d01-ba15-032304101be6/pytest-1]   | Requirement already satisfied: rfc3986[idna2008]<2,>=1.3 in /opt/hostedtoolcache/Python/3.7.11/x64/lib/python3.7/site-packages (from httpx~=0.23.3->python-telegram-bot>=12.0->-r /tmp/ad9c0f7e-1596-11ee-8a50-bb14de238602/python-telegram-bot-ptbcontrib/ptbcontrib/extract_urls/requirements.txt (line 1)) (1.5.0)\n[06501c9c-9923-4d01-ba15-032304101be6/pytest-1]   | Requirement already satisfied: sniffio in /opt/hostedtoolcache/Python/3.7.11/x64/lib/python3.7/site-packages (from httpx~=0.23.3->python-telegram-bot>=12.0->-r /tmp/ad9c0f7e-1596-11ee-8a50-bb14de238602/python-telegram-bot-ptbcontrib/ptbcontrib/extract_urls/requirements.txt (line 1)) (1.3.0)\n[06501c9c-9923-4d01-ba15-032304101be6/pytest-1]   | Requirement already satisfied: h11<0.15,>=0.13 in /opt/hostedtoolcache/Python/3.7.11/x64/lib/python3.7/site-packages (from httpcore<0.17.0,>=0.15.0->httpx~=0.23.3->python-telegram-bot>=12.0->-r /tmp/ad9c0f7e-1596-11ee-8a50-bb14de238602/python-telegram-bot-ptbcontrib/ptbcontrib/extract_urls/requirements.txt (line 1)) (0.14.0)\n[06501c9c-9923-4d01-ba15-032304101be6/pytest-1]   | Requirement already satisfied: anyio<5.0,>=3.0 in /opt/hostedtoolcache/Python/3.7.11/x64/lib/python3.7/site-packages (from httpcore<0.17.0,>=0.15.0->httpx~=0.23.3->python-telegram-bot>=12.0->-r /tmp/ad9c0f7e-1596-11ee-8a50-bb14de238602/python-telegram-bot-ptbcontrib/ptbcontrib/extract_urls/requirements.txt (line 1)) (3.7.0)\n[06501c9c-9923-4d01-ba15-032304101be6/pytest-1]   | Requirement already satisfied: idna in /opt/hostedtoolcache/Python/3.7.11/x64/lib/python3.7/site-packages (from rfc3986[idna2008]<2,>=1.3->httpx~=0.23.3->python-telegram-bot>=12.0->-r /tmp/ad9c0f7e-1596-11ee-8a50-bb14de238602/python-telegram-bot-ptbcontrib/ptbcontrib/extract_urls/requirements.txt (line 1)) (3.4)\n[06501c9c-9923-4d01-ba15-032304101be6/pytest-1]   | Requirement already satisfied: exceptiongroup in /opt/hostedtoolcache/Python/3.7.11/x64/lib/python3.7/site-packages (from anyio<5.0,>=3.0->httpcore<0.17.0,>=0.15.0->httpx~=0.23.3->python-telegram-bot>=12.0->-r /tmp/ad9c0f7e-1596-11ee-8a50-bb14de238602/python-telegram-bot-ptbcontrib/ptbcontrib/extract_urls/requirements.txt (line 1)) (1.1.1)\n[06501c9c-9923-4d01-ba15-032304101be6/pytest-1]   | Requirement already satisfied: typing-extensions in /opt/hostedtoolcache/Python/3.7.11/x64/lib/python3.7/site-packages (from anyio<5.0,>=3.0->httpcore<0.17.0,>=0.15.0->httpx~=0.23.3->python-telegram-bot>=12.0->-r /tmp/ad9c0f7e-1596-11ee-8a50-bb14de238602/python-telegram-bot-ptbcontrib/ptbcontrib/extract_urls/requirements.txt (line 1)) (4.6.3)\n[06501c9c-9923-4d01-ba15-032304101be6/pytest-2]   | Requirement already satisfied: python-telegram-bot>=12.0 in /opt/hostedtoolcache/Python/3.7.11/x64/lib/python3.7/site-packages (from -r /tmp/ad9c0f7e-1596-11ee-8a50-bb14de238602/python-telegram-bot-ptbcontrib/ptbcontrib/extract_urls/requirements.txt (line 1)) (20.2)\n[06501c9c-9923-4d01-ba15-032304101be6/pytest-2]   | Requirement already satisfied: httpx~=0.23.3 in /opt/hostedtoolcache/Python/3.7.11/x64/lib/python3.7/site-packages (from python-telegram-bot>=12.0->-r /tmp/ad9c0f7e-1596-11ee-8a50-bb14de238602/python-telegram-bot-ptbcontrib/ptbcontrib/extract_urls/requirements.txt (line 1)) (0.23.3)\n[06501c9c-9923-4d01-ba15-032304101be6/pytest-2]   | Requirement already satisfied: certifi in /opt/hostedtoolcache/Python/3.7.11/x64/lib/python3.7/site-packages (from httpx~=0.23.3->python-telegram-bot>=12.0->-r /tmp/ad9c0f7e-1596-11ee-8a50-bb14de238602/python-telegram-bot-ptbcontrib/ptbcontrib/extract_urls/requirements.txt (line 1)) (2023.5.7)\n[06501c9c-9923-4d01-ba15-032304101be6/pytest-2]   | Requirement already satisfied: httpcore<0.17.0,>=0.15.0 in /opt/hostedtoolcache/Python/3.7.11/x64/lib/python3.7/site-packages (from httpx~=0.23.3->python-telegram-bot>=12.0->-r /tmp/ad9c0f7e-1596-11ee-8a50-bb14de238602/python-telegram-bot-ptbcontrib/ptbcontrib/extract_urls/requirements.txt (line 1)) (0.16.3)\n[06501c9c-9923-4d01-ba15-032304101be6/pytest-2]   | Requirement already satisfied: rfc3986[idna2008]<2,>=1.3 in /opt/hostedtoolcache/Python/3.7.11/x64/lib/python3.7/site-packages (from httpx~=0.23.3->python-telegram-bot>=12.0->-r /tmp/ad9c0f7e-1596-11ee-8a50-bb14de238602/python-telegram-bot-ptbcontrib/ptbcontrib/extract_urls/requirements.txt (line 1)) (1.5.0)\n[06501c9c-9923-4d01-ba15-032304101be6/pytest-2]   | Requirement already satisfied: sniffio in /opt/hostedtoolcache/Python/3.7.11/x64/lib/python3.7/site-packages (from httpx~=0.23.3->python-telegram-bot>=12.0->-r /tmp/ad9c0f7e-1596-11ee-8a50-bb14de238602/python-telegram-bot-ptbcontrib/ptbcontrib/extract_urls/requirements.txt (line 1)) (1.3.0)\n[06501c9c-9923-4d01-ba15-032304101be6/pytest-2]   | Requirement already satisfied: h11<0.15,>=0.13 in /opt/hostedtoolcache/Python/3.7.11/x64/lib/python3.7/site-packages (from httpcore<0.17.0,>=0.15.0->httpx~=0.23.3->python-telegram-bot>=12.0->-r /tmp/ad9c0f7e-1596-11ee-8a50-bb14de238602/python-telegram-bot-ptbcontrib/ptbcontrib/extract_urls/requirements.txt (line 1)) (0.14.0)\n[06501c9c-9923-4d01-ba15-032304101be6/pytest-2]   | Requirement already satisfied: anyio<5.0,>=3.0 in /opt/hostedtoolcache/Python/3.7.11/x64/lib/python3.7/site-packages (from httpcore<0.17.0,>=0.15.0->httpx~=0.23.3->python-telegram-bot>=12.0->-r /tmp/ad9c0f7e-1596-11ee-8a50-bb14de238602/python-telegram-bot-ptbcontrib/ptbcontrib/extract_urls/requirements.txt (line 1)) (3.7.0)\n[06501c9c-9923-4d01-ba15-032304101be6/pytest-2]   | Requirement already satisfied: idna in /opt/hostedtoolcache/Python/3.7.11/x64/lib/python3.7/site-packages (from rfc3986[idna2008]<2,>=1.3->httpx~=0.23.3->python-telegram-bot>=12.0->-r /tmp/ad9c0f7e-1596-11ee-8a50-bb14de238602/python-telegram-bot-ptbcontrib/ptbcontrib/extract_urls/requirements.txt (line 1)) (3.4)\n[06501c9c-9923-4d01-ba15-032304101be6/pytest-2]   | Requirement already satisfied: exceptiongroup in /opt/hostedtoolcache/Python/3.7.11/x64/lib/python3.7/site-packages (from anyio<5.0,>=3.0->httpcore<0.17.0,>=0.15.0->httpx~=0.23.3->python-telegram-bot>=12.0->-r /tmp/ad9c0f7e-1596-11ee-8a50-bb14de238602/python-telegram-bot-ptbcontrib/ptbcontrib/extract_urls/requirements.txt (line 1)) (1.1.1)\n[06501c9c-9923-4d01-ba15-032304101be6/pytest-2]   | Requirement already satisfied: typing-extensions in /opt/hostedtoolcache/Python/3.7.11/x64/lib/python3.7/site-packages (from anyio<5.0,>=3.0->httpcore<0.17.0,>=0.15.0->httpx~=0.23.3->python-telegram-bot>=12.0->-r /tmp/ad9c0f7e-1596-11ee-8a50-bb14de238602/python-telegram-bot-ptbcontrib/ptbcontrib/extract_urls/requirements.txt (line 1)) (4.6.3)\n[06501c9c-9923-4d01-ba15-032304101be6/pytest-1]   | \n[06501c9c-9923-4d01-ba15-032304101be6/pytest-1]   | [notice] A new release of pip is available: 20.1.1 -> 23.1.2\n[06501c9c-9923-4d01-ba15-032304101be6/pytest-1]   | [notice] To update, run: pip install --upgrade pip\n[06501c9c-9923-4d01-ba15-032304101be6/pytest-2]   | \n[06501c9c-9923-4d01-ba15-032304101be6/pytest-2]   | [notice] A new release of pip is available: 20.1.1 -> 23.1.2\n[06501c9c-9923-4d01-ba15-032304101be6/pytest-2]   | [notice] To update, run: pip install --upgrade pip\n[06501c9c-9923-4d01-ba15-032304101be6/pytest-1]   | INTERNALERROR> Traceback (most recent call last):\n[06501c9c-9923-4d01-ba15-032304101be6/pytest-1]   | INTERNALERROR>   File \"/opt/hostedtoolcache/Python/3.7.11/x64/lib/python3.7/site-packages/_pytest/main.py\", line 264, in wrap_session\n[06501c9c-9923-4d01-ba15-032304101be6/pytest-1]   | INTERNALERROR>     config._do_configure()\n[06501c9c-9923-4d01-ba15-032304101be6/pytest-1]   | INTERNALERROR>   File \"/opt/hostedtoolcache/Python/3.7.11/x64/lib/python3.7/site-packages/_pytest/config/__init__.py\", line 995, in _do_configure\n[06501c9c-9923-4d01-ba15-032304101be6/pytest-1]   | INTERNALERROR>     self.hook.pytest_configure.call_historic(kwargs=dict(config=self))\n[06501c9c-9923-4d01-ba15-032304101be6/pytest-1]   | INTERNALERROR>   File \"/opt/hostedtoolcache/Python/3.7.11/x64/lib/python3.7/site-packages/pluggy/_hooks.py\", line 452, in call_historic\n[06501c9c-9923-4d01-ba15-032304101be6/pytest-1]   | INTERNALERROR>     res = self._hookexec(self.name, self._hookimpls, kwargs, False)\n[06501c9c-9923-4d01-ba15-032304101be6/pytest-1]   | INTERNALERROR>   File \"/opt/hostedtoolcache/Python/3.7.11/x64/lib/python3.7/site-packages/pluggy/_manager.py\", line 112, in _hookexec\n[06501c9c-9923-4d01-ba15-032304101be6/pytest-1]   | INTERNALERROR>     return self._inner_hookexec(hook_name, methods, kwargs, firstresult)\n[06501c9c-9923-4d01-ba15-032304101be6/pytest-1]   | INTERNALERROR>   File \"/opt/hostedtoolcache/Python/3.7.11/x64/lib/python3.7/site-packages/pluggy/_callers.py\", line 116, in _multicall\n[06501c9c-9923-4d01-ba15-032304101be6/pytest-1]   | INTERNALERROR>     raise exception.with_traceback(exception.__traceback__)\n[06501c9c-9923-4d01-ba15-032304101be6/pytest-1]   | INTERNALERROR>   File \"/opt/hostedtoolcache/Python/3.7.11/x64/lib/python3.7/site-packages/pluggy/_callers.py\", line 80, in _multicall\n[06501c9c-9923-4d01-ba15-032304101be6/pytest-1]   | INTERNALERROR>     res = hook_impl.function(*args)\n[06501c9c-9923-4d01-ba15-032304101be6/pytest-1]   | INTERNALERROR>   File \"/tmp/ad9c0f7e-1596-11ee-8a50-bb14de238602/python-telegram-bot-ptbcontrib/tests/plugin_github_group.py\", line 38, in pytest_configure\n[06501c9c-9923-4d01-ba15-032304101be6/pytest-1]   | INTERNALERROR>     for hookimpl in config.pluginmanager.hook.pytest_terminal_summary._nonwrappers:\n[06501c9c-9923-4d01-ba15-032304101be6/pytest-1]   | INTERNALERROR> AttributeError: '_HookCaller' object has no attribute '_nonwrappers'\n[06501c9c-9923-4d01-ba15-032304101be6/pytest-2]   | INTERNALERROR> Traceback (most recent call last):\n[06501c9c-9923-4d01-ba15-032304101be6/pytest-2]   | INTERNALERROR>   File \"/opt/hostedtoolcache/Python/3.7.11/x64/lib/python3.7/site-packages/_pytest/main.py\", line 264, in wrap_session\n[06501c9c-9923-4d01-ba15-032304101be6/pytest-2]   | INTERNALERROR>     config._do_configure()\n[06501c9c-9923-4d01-ba15-032304101be6/pytest-2]   | INTERNALERROR>   File \"/opt/hostedtoolcache/Python/3.7.11/x64/lib/python3.7/site-packages/_pytest/config/__init__.py\", line 995, in _do_configure\n[06501c9c-9923-4d01-ba15-032304101be6/pytest-2]   | INTERNALERROR>     self.hook.pytest_configure.call_historic(kwargs=dict(config=self))\n[06501c9c-9923-4d01-ba15-032304101be6/pytest-2]   | INTERNALERROR>   File \"/opt/hostedtoolcache/Python/3.7.11/x64/lib/python3.7/site-packages/pluggy/_hooks.py\", line 452, in call_historic\n[06501c9c-9923-4d01-ba15-032304101be6/pytest-2]   | INTERNALERROR>     res = self._hookexec(self.name, self._hookimpls, kwargs, False)\n[06501c9c-9923-4d01-ba15-032304101be6/pytest-2]   | INTERNALERROR>   File \"/opt/hostedtoolcache/Python/3.7.11/x64/lib/python3.7/site-packages/pluggy/_manager.py\", line 112, in _hookexec\n[06501c9c-9923-4d01-ba15-032304101be6/pytest-2]   | INTERNALERROR>     return self._inner_hookexec(hook_name, methods, kwargs, firstresult)\n[06501c9c-9923-4d01-ba15-032304101be6/pytest-2]   | INTERNALERROR>   File \"/opt/hostedtoolcache/Python/3.7.11/x64/lib/python3.7/site-packages/pluggy/_callers.py\", line 116, in _multicall\n[06501c9c-9923-4d01-ba15-032304101be6/pytest-2]   | INTERNALERROR>     raise exception.with_traceback(exception.__traceback__)\n[06501c9c-9923-4d01-ba15-032304101be6/pytest-2]   | INTERNALERROR>   File \"/opt/hostedtoolcache/Python/3.7.11/x64/lib/python3.7/site-packages/pluggy/_callers.py\", line 80, in _multicall\n[06501c9c-9923-4d01-ba15-032304101be6/pytest-2]   | INTERNALERROR>     res = hook_impl.function(*args)\n[06501c9c-9923-4d01-ba15-032304101be6/pytest-2]   | INTERNALERROR>   File \"/tmp/ad9c0f7e-1596-11ee-8a50-bb14de238602/python-telegram-bot-ptbcontrib/tests/plugin_github_group.py\", line 38, in pytest_configure\n[06501c9c-9923-4d01-ba15-032304101be6/pytest-2]   | INTERNALERROR>     for hookimpl in config.pluginmanager.hook.pytest_terminal_summary._nonwrappers:\n[06501c9c-9923-4d01-ba15-032304101be6/pytest-2]   | INTERNALERROR> AttributeError: '_HookCaller' object has no attribute '_nonwrappers'\n[06501c9c-9923-4d01-ba15-032304101be6/pytest-1]   | INTERNALERROR> Traceback (most recent call last):\n[06501c9c-9923-4d01-ba15-032304101be6/pytest-1]   | INTERNALERROR>   File \"/opt/hostedtoolcache/Python/3.7.11/x64/lib/python3.7/site-packages/_pytest/main.py\", line 264, in wrap_session\n[06501c9c-9923-4d01-ba15-032304101be6/pytest-1]   | INTERNALERROR>     config._do_configure()\n[06501c9c-9923-4d01-ba15-032304101be6/pytest-1]   | INTERNALERROR>   File \"/opt/hostedtoolcache/Python/3.7.11/x64/lib/python3.7/site-packages/_pytest/config/__init__.py\", line 995, in _do_configure\n[06501c9c-9923-4d01-ba15-032304101be6/pytest-1]   | INTERNALERROR>     self.hook.pytest_configure.call_historic(kwargs=dict(config=self))\n[06501c9c-9923-4d01-ba15-032304101be6/pytest-1]   | INTERNALERROR>   File \"/opt/hostedtoolcache/Python/3.7.11/x64/lib/python3.7/site-packages/pluggy/_hooks.py\", line 452, in call_historic\n[06501c9c-9923-4d01-ba15-032304101be6/pytest-1]   | INTERNALERROR>     res = self._hookexec(self.name, self._hookimpls, kwargs, False)\n[06501c9c-9923-4d01-ba15-032304101be6/pytest-1]   | INTERNALERROR>   File \"/opt/hostedtoolcache/Python/3.7.11/x64/lib/python3.7/site-packages/pluggy/_manager.py\", line 112, in _hookexec\n[06501c9c-9923-4d01-ba15-032304101be6/pytest-1]   | INTERNALERROR>     return self._inner_hookexec(hook_name, methods, kwargs, firstresult)\n[06501c9c-9923-4d01-ba15-032304101be6/pytest-1]   | INTERNALERROR>   File \"/opt/hostedtoolcache/Python/3.7.11/x64/lib/python3.7/site-packages/pluggy/_callers.py\", line 116, in _multicall\n[06501c9c-9923-4d01-ba15-032304101be6/pytest-1]   | INTERNALERROR>     raise exception.with_traceback(exception.__traceback__)\n[06501c9c-9923-4d01-ba15-032304101be6/pytest-1]   | INTERNALERROR>   File \"/opt/hostedtoolcache/Python/3.7.11/x64/lib/python3.7/site-packages/pluggy/_callers.py\", line 80, in _multicall\n[06501c9c-9923-4d01-ba15-032304101be6/pytest-1]   | INTERNALERROR>     res = hook_impl.function(*args)\n[06501c9c-9923-4d01-ba15-032304101be6/pytest-1]   | INTERNALERROR>   File \"/tmp/ad9c0f7e-1596-11ee-8a50-bb14de238602/python-telegram-bot-ptbcontrib/tests/plugin_github_group.py\", line 38, in pytest_configure\n[06501c9c-9923-4d01-ba15-032304101be6/pytest-1]   | INTERNALERROR>     for hookimpl in config.pluginmanager.hook.pytest_terminal_summary._nonwrappers:\n[06501c9c-9923-4d01-ba15-032304101be6/pytest-1]   | INTERNALERROR> AttributeError: '_HookCaller' object has no attribute '_nonwrappers'\n[06501c9c-9923-4d01-ba15-032304101be6/pytest-1]   \u274c  Failure - Main Test with pytest\n[06501c9c-9923-4d01-ba15-032304101be6/pytest-2]   | INTERNALERROR> Traceback (most recent call last):\n[06501c9c-9923-4d01-ba15-032304101be6/pytest-2]   | INTERNALERROR>   File \"/opt/hostedtoolcache/Python/3.7.11/x64/lib/python3.7/site-packages/_pytest/main.py\", line 264, in wrap_session\n[06501c9c-9923-4d01-ba15-032304101be6/pytest-2]   | INTERNALERROR>     config._do_configure()\n[06501c9c-9923-4d01-ba15-032304101be6/pytest-2]   | INTERNALERROR>   File \"/opt/hostedtoolcache/Python/3.7.11/x64/lib/python3.7/site-packages/_pytest/config/__init__.py\", line 995, in _do_configure\n[06501c9c-9923-4d01-ba15-032304101be6/pytest-2]   | INTERNALERROR>     self.hook.pytest_configure.call_historic(kwargs=dict(config=self))\n[06501c9c-9923-4d01-ba15-032304101be6/pytest-2]   | INTERNALERROR>   File \"/opt/hostedtoolcache/Python/3.7.11/x64/lib/python3.7/site-packages/pluggy/_hooks.py\", line 452, in call_historic\n[06501c9c-9923-4d01-ba15-032304101be6/pytest-2]   | INTERNALERROR>     res = self._hookexec(self.name, self._hookimpls, kwargs, False)\n[06501c9c-9923-4d01-ba15-032304101be6/pytest-2]   | INTERNALERROR>   File \"/opt/hostedtoolcache/Python/3.7.11/x64/lib/python3.7/site-packages/pluggy/_manager.py\", line 112, in _hookexec\n[06501c9c-9923-4d01-ba15-032304101be6/pytest-2]   | INTERNALERROR>     return self._inner_hookexec(hook_name, methods, kwargs, firstresult)\n[06501c9c-9923-4d01-ba15-032304101be6/pytest-2]   | INTERNALERROR>   File \"/opt/hostedtoolcache/Python/3.7.11/x64/lib/python3.7/site-packages/pluggy/_callers.py\", line 116, in _multicall\n[06501c9c-9923-4d01-ba15-032304101be6/pytest-2]   | INTERNALERROR>     raise exception.with_traceback(exception.__traceback__)\n[06501c9c-9923-4d01-ba15-032304101be6/pytest-2]   | INTERNALERROR>   File \"/opt/hostedtoolcache/Python/3.7.11/x64/lib/python3.7/site-packages/pluggy/_callers.py\", line 80, in _multicall\n[06501c9c-9923-4d01-ba15-032304101be6/pytest-2]   | INTERNALERROR>     res = hook_impl.function(*args)\n[06501c9c-9923-4d01-ba15-032304101be6/pytest-2]   | INTERNALERROR>   File \"/tmp/ad9c0f7e-1596-11ee-8a50-bb14de238602/python-telegram-bot-ptbcontrib/tests/plugin_github_group.py\", line 38, in pytest_configure\n[06501c9c-9923-4d01-ba15-032304101be6/pytest-2]   | INTERNALERROR>     for hookimpl in config.pluginmanager.hook.pytest_terminal_summary._nonwrappers:\n[06501c9c-9923-4d01-ba15-032304101be6/pytest-2]   | INTERNALERROR> AttributeError: '_HookCaller' object has no attribute '_nonwrappers'\n[06501c9c-9923-4d01-ba15-032304101be6/pytest-2]   \u274c  Failure - Main Test with pytest\n[06501c9c-9923-4d01-ba15-032304101be6/pytest-1] exitcode '3': failure\n[06501c9c-9923-4d01-ba15-032304101be6/pytest-2] exitcode '3': failure\n[06501c9c-9923-4d01-ba15-032304101be6/pytest-1] failed to remove container: Delete \"http://%2Fvar%2Frun%2Fdocker.sock/v1.41/containers/dede17aad554fb2ba671f35b468dcc144d405a32769e5eb87f6e5e9ee585ead8?force=1&v=1\": context deadline exceeded\n[06501c9c-9923-4d01-ba15-032304101be6/pytest-1] \ud83c\udfc1  Job failed\n[06501c9c-9923-4d01-ba15-032304101be6/pytest-2] failed to remove container: Delete \"http://%2Fvar%2Frun%2Fdocker.sock/v1.41/containers/bb3b70f529c235e7273e0dcc3585ffd41492d95fcaa40850b88fb182ad16c5f2?force=1&v=1\": context deadline exceeded\n[06501c9c-9923-4d01-ba15-032304101be6/pytest-2] \ud83c\udfc1  Job failed\n",
        "stderr": "Error: Error occurred running finally: Error occurred running finally: context deadline exceeded (original error: <nil>) (original error: <nil>)\n",
        "workflow": "/tmp/ad9c0f7e-1596-11ee-8a50-bb14de238602/python-telegram-bot-ptbcontrib/.github/workflows/test-crawler.yml",
        "build_tool": "pytest",
        "elapsed_time": 278.81235909461975
    }
}