{
    "repository": "r9y9/pysptk",
    "stars": 396,
    "language": "python",
    "size": 16047,
    "clone_url": "https://github.com/r9y9/pysptk.git",
    "timestamp": "2023-06-28T11:02:36.444084Z",
    "clone_success": true,
    "number_of_actions": 1,
    "number_of_test_actions": 1,
    "actions_successful": false,
    "actions_build_tools": [
        "pytest"
    ],
    "actions_test_build_tools": [
        "pytest"
    ],
    "actions_run": {
        "failed": true,
        "tests": [],
        "stdout": "[330fc31f-cf38-4824-bfa0-28b42363e639/build] \ud83d\ude80  Start image=crawlergpt:latest\n[330fc31f-cf38-4824-bfa0-28b42363e639/build]   \ud83d\udc33  docker pull image=crawlergpt:latest platform= username= forcePull=false\n[330fc31f-cf38-4824-bfa0-28b42363e639/build]   \ud83d\udc33  docker create image=crawlergpt:latest platform= entrypoint=[\"tail\" \"-f\" \"/dev/null\"] cmd=[]\n[330fc31f-cf38-4824-bfa0-28b42363e639/build]   \ud83d\udc33  docker run image=crawlergpt:latest platform= entrypoint=[\"tail\" \"-f\" \"/dev/null\"] cmd=[]\n[330fc31f-cf38-4824-bfa0-28b42363e639/build]   \ud83d\udc33  docker exec cmd=[chown -R 1012:1013 /tmp/ad9c0f7e-1596-11ee-8a50-bb14de238602/r9y9-pysptk] user=0 workdir=\n[330fc31f-cf38-4824-bfa0-28b42363e639/build]   \u2601  git clone 'https://github.com/actions/setup-python' # ref=v1\n[330fc31f-cf38-4824-bfa0-28b42363e639/build] \ud83e\uddea  Matrix: map[os:ubuntu-latest python-version:3.7]\n[330fc31f-cf38-4824-bfa0-28b42363e639/build] \u2b50 Run Main actions/checkout@v2\n[330fc31f-cf38-4824-bfa0-28b42363e639/build]   \u2705  Success - Main actions/checkout@v2\n[330fc31f-cf38-4824-bfa0-28b42363e639/build] \u2b50 Run Main Set up Python 3.7\n[330fc31f-cf38-4824-bfa0-28b42363e639/build]   \ud83d\udc33  docker cp src=/tmp/act-cache/ed141329-2f77-4f5c-92ce-8913344e479b/act/actions-setup-python@v1/ dst=/var/run/act/actions/actions-setup-python@v1/\n[330fc31f-cf38-4824-bfa0-28b42363e639/build]   \ud83d\udc33  docker exec cmd=[chown -R 1012:1013 /var/run/act/actions/actions-setup-python@v1/] user=0 workdir=\n[330fc31f-cf38-4824-bfa0-28b42363e639/build]   \ud83d\udc33  docker exec cmd=[node /var/run/act/actions/actions-setup-python@v1/dist/index.js] user= workdir=\n[330fc31f-cf38-4824-bfa0-28b42363e639/build]   \ud83d\udcac  ::debug::Semantic version spec of 3.7 is 3.7\n[330fc31f-cf38-4824-bfa0-28b42363e639/build]   \ud83d\udcac  ::debug::isExplicit: \n[330fc31f-cf38-4824-bfa0-28b42363e639/build]   \ud83d\udcac  ::debug::explicit? false\n[330fc31f-cf38-4824-bfa0-28b42363e639/build]   \ud83d\udcac  ::debug::isExplicit: 2.7.18\n[330fc31f-cf38-4824-bfa0-28b42363e639/build]   \ud83d\udcac  ::debug::explicit? true\n[330fc31f-cf38-4824-bfa0-28b42363e639/build]   \ud83d\udcac  ::debug::isExplicit: 3.5.10\n[330fc31f-cf38-4824-bfa0-28b42363e639/build]   \ud83d\udcac  ::debug::explicit? true\n[330fc31f-cf38-4824-bfa0-28b42363e639/build]   \ud83d\udcac  ::debug::isExplicit: 3.6.14\n[330fc31f-cf38-4824-bfa0-28b42363e639/build]   \ud83d\udcac  ::debug::explicit? true\n[330fc31f-cf38-4824-bfa0-28b42363e639/build]   \ud83d\udcac  ::debug::isExplicit: 3.7.11\n[330fc31f-cf38-4824-bfa0-28b42363e639/build]   \ud83d\udcac  ::debug::explicit? true\n[330fc31f-cf38-4824-bfa0-28b42363e639/build]   \ud83d\udcac  ::debug::isExplicit: 3.8.11\n[330fc31f-cf38-4824-bfa0-28b42363e639/build]   \ud83d\udcac  ::debug::explicit? true\n[330fc31f-cf38-4824-bfa0-28b42363e639/build]   \ud83d\udcac  ::debug::isExplicit: 3.9.6\n[330fc31f-cf38-4824-bfa0-28b42363e639/build]   \ud83d\udcac  ::debug::explicit? true\n[330fc31f-cf38-4824-bfa0-28b42363e639/build]   \ud83d\udcac  ::debug::evaluating 6 versions\n[330fc31f-cf38-4824-bfa0-28b42363e639/build]   \ud83d\udcac  ::debug::matched: 3.7.11\n[330fc31f-cf38-4824-bfa0-28b42363e639/build]   \ud83d\udcac  ::debug::checking cache: /opt/hostedtoolcache/Python/3.7.11/x64\n[330fc31f-cf38-4824-bfa0-28b42363e639/build]   \ud83d\udcac  ::debug::Found tool in cache Python 3.7.11 x64\n[330fc31f-cf38-4824-bfa0-28b42363e639/build]   | Successfully setup CPython (3.7.11)\n[330fc31f-cf38-4824-bfa0-28b42363e639/build]   \u2753 add-matcher /run/act/actions/actions-setup-python@v1/.github/python.json\n[330fc31f-cf38-4824-bfa0-28b42363e639/build]   \u2705  Success - Main Set up Python 3.7\n[330fc31f-cf38-4824-bfa0-28b42363e639/build]   \u2699  ::set-env:: pythonLocation=/opt/hostedtoolcache/Python/3.7.11/x64\n[330fc31f-cf38-4824-bfa0-28b42363e639/build]   \u2699  ::set-output:: python-version=3.7.11\n[330fc31f-cf38-4824-bfa0-28b42363e639/build]   \u2699  ::add-path:: /opt/hostedtoolcache/Python/3.7.11/x64\n[330fc31f-cf38-4824-bfa0-28b42363e639/build]   \u2699  ::add-path:: /opt/hostedtoolcache/Python/3.7.11/x64/bin\n[330fc31f-cf38-4824-bfa0-28b42363e639/build] \u2b50 Run Main Install OS dependencies\n[330fc31f-cf38-4824-bfa0-28b42363e639/build]   \ud83d\udc33  docker exec cmd=[bash -l /var/run/act/workflow/2] user= workdir=\n[330fc31f-cf38-4824-bfa0-28b42363e639/build]   | Reading package lists...\n[330fc31f-cf38-4824-bfa0-28b42363e639/build]   | Building dependency tree...\n[330fc31f-cf38-4824-bfa0-28b42363e639/build]   | Reading state information...\n[330fc31f-cf38-4824-bfa0-28b42363e639/build]   | The following additional packages will be installed:\n[330fc31f-cf38-4824-bfa0-28b42363e639/build]   |   libflac8 libvorbisenc2\n[330fc31f-cf38-4824-bfa0-28b42363e639/build]   | The following NEW packages will be installed:\n[330fc31f-cf38-4824-bfa0-28b42363e639/build]   |   libflac8 libsamplerate0 libsndfile1 libvorbisenc2\n[330fc31f-cf38-4824-bfa0-28b42363e639/build]   | 0 upgraded, 4 newly installed, 0 to remove and 20 not upgraded.\n[330fc31f-cf38-4824-bfa0-28b42363e639/build]   | Need to get 1283 kB of archives.\n[330fc31f-cf38-4824-bfa0-28b42363e639/build]   | After this operation, 3062 kB of additional disk space will be used.\n[330fc31f-cf38-4824-bfa0-28b42363e639/build]   | Get:1 http://archive.ubuntu.com/ubuntu focal/main amd64 libflac8 amd64 1.3.3-1build1 [103 kB]\n[330fc31f-cf38-4824-bfa0-28b42363e639/build]   | Get:2 http://archive.ubuntu.com/ubuntu focal/main amd64 libsamplerate0 amd64 0.1.9-2 [939 kB]\n[330fc31f-cf38-4824-bfa0-28b42363e639/build]   | Get:3 http://archive.ubuntu.com/ubuntu focal/main amd64 libvorbisenc2 amd64 1.3.6-2ubuntu1 [70.7 kB]\n[330fc31f-cf38-4824-bfa0-28b42363e639/build]   | Get:4 http://archive.ubuntu.com/ubuntu focal-updates/main amd64 libsndfile1 amd64 1.0.28-7ubuntu0.1 [170 kB]\n[330fc31f-cf38-4824-bfa0-28b42363e639/build]   | Fetched 1283 kB in 0s (3603 kB/s)\n[330fc31f-cf38-4824-bfa0-28b42363e639/build]   | Selecting previously unselected package libflac8:amd64.\r\n[330fc31f-cf38-4824-bfa0-28b42363e639/build]   | (Reading database ... \r(Reading database ... 5%\r(Reading database ... 10%\r(Reading database ... 15%\r(Reading database ... 20%\r(Reading database ... 25%\r(Reading database ... 30%\r(Reading database ... 35%\r(Reading database ... 40%\r(Reading database ... 45%\r(Reading database ... 50%\r(Reading database ... 55%\r(Reading database ... 60%\r(Reading database ... 65%\r(Reading database ... 70%\r(Reading database ... 75%\r(Reading database ... 80%\r(Reading database ... 85%\r(Reading database ... 90%\r(Reading database ... 95%\r(Reading database ... 100%\r(Reading database ... 193678 files and directories currently installed.)\r\n[330fc31f-cf38-4824-bfa0-28b42363e639/build]   | Preparing to unpack .../libflac8_1.3.3-1build1_amd64.deb ...\r\n[330fc31f-cf38-4824-bfa0-28b42363e639/build]   | Unpacking libflac8:amd64 (1.3.3-1build1) ...\r\n[330fc31f-cf38-4824-bfa0-28b42363e639/build]   | Selecting previously unselected package libsamplerate0:amd64.\r\n[330fc31f-cf38-4824-bfa0-28b42363e639/build]   | Preparing to unpack .../libsamplerate0_0.1.9-2_amd64.deb ...\r\n[330fc31f-cf38-4824-bfa0-28b42363e639/build]   | Unpacking libsamplerate0:amd64 (0.1.9-2) ...\r\n[330fc31f-cf38-4824-bfa0-28b42363e639/build]   | Selecting previously unselected package libvorbisenc2:amd64.\r\n[330fc31f-cf38-4824-bfa0-28b42363e639/build]   | Preparing to unpack .../libvorbisenc2_1.3.6-2ubuntu1_amd64.deb ...\r\n[330fc31f-cf38-4824-bfa0-28b42363e639/build]   | Unpacking libvorbisenc2:amd64 (1.3.6-2ubuntu1) ...\r\n[330fc31f-cf38-4824-bfa0-28b42363e639/build]   | Selecting previously unselected package libsndfile1:amd64.\r\n[330fc31f-cf38-4824-bfa0-28b42363e639/build]   | Preparing to unpack .../libsndfile1_1.0.28-7ubuntu0.1_amd64.deb ...\r\n[330fc31f-cf38-4824-bfa0-28b42363e639/build]   | Unpacking libsndfile1:amd64 (1.0.28-7ubuntu0.1) ...\r\n[330fc31f-cf38-4824-bfa0-28b42363e639/build]   | Setting up libflac8:amd64 (1.3.3-1build1) ...\r\n[330fc31f-cf38-4824-bfa0-28b42363e639/build]   | Setting up libsamplerate0:amd64 (0.1.9-2) ...\r\n[330fc31f-cf38-4824-bfa0-28b42363e639/build]   | Setting up libvorbisenc2:amd64 (1.3.6-2ubuntu1) ...\r\n[330fc31f-cf38-4824-bfa0-28b42363e639/build]   | Setting up libsndfile1:amd64 (1.0.28-7ubuntu0.1) ...\r\n[330fc31f-cf38-4824-bfa0-28b42363e639/build]   | Processing triggers for libc-bin (2.31-0ubuntu9.2) ...\r\n[330fc31f-cf38-4824-bfa0-28b42363e639/build]   \u2705  Success - Main Install OS dependencies\n[330fc31f-cf38-4824-bfa0-28b42363e639/build] \u2b50 Run Main Install dependencies\n[330fc31f-cf38-4824-bfa0-28b42363e639/build]   \ud83d\udc33  docker exec cmd=[bash --noprofile --norc -e -o pipefail /var/run/act/workflow/3] user= workdir=\n[330fc31f-cf38-4824-bfa0-28b42363e639/build]   | Requirement already satisfied: pip in /opt/hostedtoolcache/Python/3.7.11/x64/lib/python3.7/site-packages (21.2.4)\n[330fc31f-cf38-4824-bfa0-28b42363e639/build]   | Collecting pip\n[330fc31f-cf38-4824-bfa0-28b42363e639/build]   |   Downloading pip-23.1.2-py3-none-any.whl (2.1 MB)\n[330fc31f-cf38-4824-bfa0-28b42363e639/build]   | Installing collected packages: pip\n[330fc31f-cf38-4824-bfa0-28b42363e639/build]   |   Attempting uninstall: pip\n[330fc31f-cf38-4824-bfa0-28b42363e639/build]   |     Found existing installation: pip 21.2.4\n[330fc31f-cf38-4824-bfa0-28b42363e639/build]   |     Uninstalling pip-21.2.4:\n[330fc31f-cf38-4824-bfa0-28b42363e639/build]   |       Successfully uninstalled pip-21.2.4\n[330fc31f-cf38-4824-bfa0-28b42363e639/build]   | Successfully installed pip-23.1.2\n[330fc31f-cf38-4824-bfa0-28b42363e639/build]   | Obtaining file:///tmp/ad9c0f7e-1596-11ee-8a50-bb14de238602/r9y9-pysptk\n[330fc31f-cf38-4824-bfa0-28b42363e639/build]   |   Installing build dependencies: started\n[330fc31f-cf38-4824-bfa0-28b42363e639/build]   |   Installing build dependencies: finished with status 'done'\n[330fc31f-cf38-4824-bfa0-28b42363e639/build]   |   Checking if build backend supports build_editable: started\n[330fc31f-cf38-4824-bfa0-28b42363e639/build]   |   Checking if build backend supports build_editable: finished with status 'done'\n[330fc31f-cf38-4824-bfa0-28b42363e639/build]   |   Getting requirements to build editable: started\n[330fc31f-cf38-4824-bfa0-28b42363e639/build]   |   Getting requirements to build editable: finished with status 'done'\n[330fc31f-cf38-4824-bfa0-28b42363e639/build]   |   Preparing editable metadata (pyproject.toml): started\n[330fc31f-cf38-4824-bfa0-28b42363e639/build]   |   Preparing editable metadata (pyproject.toml): finished with status 'done'\n[330fc31f-cf38-4824-bfa0-28b42363e639/build]   | Collecting scipy (from pysptk==0.2.0+968bf76)\n[330fc31f-cf38-4824-bfa0-28b42363e639/build]   |   Using cached scipy-1.7.3-cp37-cp37m-manylinux_2_12_x86_64.manylinux2010_x86_64.whl (38.1 MB)\n[330fc31f-cf38-4824-bfa0-28b42363e639/build]   | Collecting decorator (from pysptk==0.2.0+968bf76)\n[330fc31f-cf38-4824-bfa0-28b42363e639/build]   |   Downloading decorator-5.1.1-py3-none-any.whl (9.1 kB)\n[330fc31f-cf38-4824-bfa0-28b42363e639/build]   | Collecting cython>=0.28.0 (from pysptk==0.2.0+968bf76)\n[330fc31f-cf38-4824-bfa0-28b42363e639/build]   |   Using cached Cython-0.29.35-cp37-cp37m-manylinux_2_17_x86_64.manylinux2014_x86_64.manylinux_2_24_x86_64.whl (1.9 MB)\n[330fc31f-cf38-4824-bfa0-28b42363e639/build]   | Collecting pysen (from pysptk==0.2.0+968bf76)\n[330fc31f-cf38-4824-bfa0-28b42363e639/build]   |   Downloading pysen-0.10.4-py3-none-any.whl (58 kB)\n[330fc31f-cf38-4824-bfa0-28b42363e639/build]   |      \u2501\u2501\u2501\u2501\u2501\u2501\u2501\u2501\u2501\u2501\u2501\u2501\u2501\u2501\u2501\u2501\u2501\u2501\u2501\u2501\u2501\u2501\u2501\u2501\u2501\u2501\u2501\u2501\u2501\u2501\u2501\u2501\u2501\u2501\u2501\u2501\u2501\u2501\u2501 58.2/58.2 kB 968.3 kB/s eta 0:00:00\n[330fc31f-cf38-4824-bfa0-28b42363e639/build]   | Collecting types-setuptools (from pysptk==0.2.0+968bf76)\n[330fc31f-cf38-4824-bfa0-28b42363e639/build]   |   Downloading types_setuptools-68.0.0.0-py3-none-any.whl (44 kB)\n[330fc31f-cf38-4824-bfa0-28b42363e639/build]   |      \u2501\u2501\u2501\u2501\u2501\u2501\u2501\u2501\u2501\u2501\u2501\u2501\u2501\u2501\u2501\u2501\u2501\u2501\u2501\u2501\u2501\u2501\u2501\u2501\u2501\u2501\u2501\u2501\u2501\u2501\u2501\u2501\u2501\u2501\u2501\u2501\u2501\u2501\u2501 44.8/44.8 kB 544.0 kB/s eta 0:00:00\n[330fc31f-cf38-4824-bfa0-28b42363e639/build]   | Collecting mypy<=0.910 (from pysptk==0.2.0+968bf76)\n[330fc31f-cf38-4824-bfa0-28b42363e639/build]   |   Downloading mypy-0.910-cp37-cp37m-manylinux2010_x86_64.whl (21.5 MB)\n[330fc31f-cf38-4824-bfa0-28b42363e639/build]   |      \u2501\u2501\u2501\u2501\u2501\u2501\u2501\u2501\u2501\u2501\u2501\u2501\u2501\u2501\u2501\u2501\u2501\u2501\u2501\u2501\u2501\u2501\u2501\u2501\u2501\u2501\u2501\u2501\u2501\u2501\u2501\u2501\u2501\u2501\u2501\u2501\u2501\u2501\u2501\u2501 21.5/21.5 MB 9.8 MB/s eta 0:00:00\n[330fc31f-cf38-4824-bfa0-28b42363e639/build]   | Collecting black<=20.8,>=19.19b0 (from pysptk==0.2.0+968bf76)\n[330fc31f-cf38-4824-bfa0-28b42363e639/build]   |   Downloading black-20.8b1.tar.gz (1.1 MB)\n[330fc31f-cf38-4824-bfa0-28b42363e639/build]   |      \u2501\u2501\u2501\u2501\u2501\u2501\u2501\u2501\u2501\u2501\u2501\u2501\u2501\u2501\u2501\u2501\u2501\u2501\u2501\u2501\u2501\u2501\u2501\u2501\u2501\u2501\u2501\u2501\u2501\u2501\u2501\u2501\u2501\u2501\u2501\u2501\u2501\u2501\u2501\u2501 1.1/1.1 MB 33.5 MB/s eta 0:00:00\n[330fc31f-cf38-4824-bfa0-28b42363e639/build]   |   Installing build dependencies: started\n[330fc31f-cf38-4824-bfa0-28b42363e639/build]   |   Installing build dependencies: finished with status 'done'\n[330fc31f-cf38-4824-bfa0-28b42363e639/build]   |   Getting requirements to build wheel: started\n[330fc31f-cf38-4824-bfa0-28b42363e639/build]   |   Getting requirements to build wheel: finished with status 'done'\n[330fc31f-cf38-4824-bfa0-28b42363e639/build]   |   Preparing metadata (pyproject.toml): started\n[330fc31f-cf38-4824-bfa0-28b42363e639/build]   |   Preparing metadata (pyproject.toml): finished with status 'done'\n[330fc31f-cf38-4824-bfa0-28b42363e639/build]   | Collecting click<8.1.0 (from pysptk==0.2.0+968bf76)\n[330fc31f-cf38-4824-bfa0-28b42363e639/build]   |   Downloading click-8.0.4-py3-none-any.whl (97 kB)\n[330fc31f-cf38-4824-bfa0-28b42363e639/build]   |      \u2501\u2501\u2501\u2501\u2501\u2501\u2501\u2501\u2501\u2501\u2501\u2501\u2501\u2501\u2501\u2501\u2501\u2501\u2501\u2501\u2501\u2501\u2501\u2501\u2501\u2501\u2501\u2501\u2501\u2501\u2501\u2501\u2501\u2501\u2501\u2501\u2501\u2501\u2501\u2501 97.5/97.5 kB 1.7 MB/s eta 0:00:00\n[330fc31f-cf38-4824-bfa0-28b42363e639/build]   | Collecting flake8<4,>=3.7 (from pysptk==0.2.0+968bf76)\n[330fc31f-cf38-4824-bfa0-28b42363e639/build]   |   Downloading flake8-3.9.2-py2.py3-none-any.whl (73 kB)\n[330fc31f-cf38-4824-bfa0-28b42363e639/build]   |      \u2501\u2501\u2501\u2501\u2501\u2501\u2501\u2501\u2501\u2501\u2501\u2501\u2501\u2501\u2501\u2501\u2501\u2501\u2501\u2501\u2501\u2501\u2501\u2501\u2501\u2501\u2501\u2501\u2501\u2501\u2501\u2501\u2501\u2501\u2501\u2501\u2501\u2501\u2501\u2501 73.1/73.1 kB 2.4 MB/s eta 0:00:00\n[330fc31f-cf38-4824-bfa0-28b42363e639/build]   | Collecting flake8-bugbear (from pysptk==0.2.0+968bf76)\n[330fc31f-cf38-4824-bfa0-28b42363e639/build]   |   Downloading flake8_bugbear-23.3.12-py3-none-any.whl (28 kB)\n[330fc31f-cf38-4824-bfa0-28b42363e639/build]   | Collecting isort<5.2.0,>=4.3 (from pysptk==0.2.0+968bf76)\n[330fc31f-cf38-4824-bfa0-28b42363e639/build]   |   Downloading isort-5.1.4-py3-none-any.whl (87 kB)\n[330fc31f-cf38-4824-bfa0-28b42363e639/build]   |      \u2501\u2501\u2501\u2501\u2501\u2501\u2501\u2501\u2501\u2501\u2501\u2501\u2501\u2501\u2501\u2501\u2501\u2501\u2501\u2501\u2501\u2501\u2501\u2501\u2501\u2501\u2501\u2501\u2501\u2501\u2501\u2501\u2501\u2501\u2501\u2501\u2501\u2501\u2501\u2501 87.3/87.3 kB 9.0 MB/s eta 0:00:00\n[330fc31f-cf38-4824-bfa0-28b42363e639/build]   | Collecting types-decorator (from pysptk==0.2.0+968bf76)\n[330fc31f-cf38-4824-bfa0-28b42363e639/build]   |   Downloading types_decorator-5.1.8.3-py3-none-any.whl (2.8 kB)\n[330fc31f-cf38-4824-bfa0-28b42363e639/build]   | Collecting importlib-metadata<5.0 (from pysptk==0.2.0+968bf76)\n[330fc31f-cf38-4824-bfa0-28b42363e639/build]   |   Downloading importlib_metadata-4.13.0-py3-none-any.whl (23 kB)\n[330fc31f-cf38-4824-bfa0-28b42363e639/build]   | Collecting pytest (from pysptk==0.2.0+968bf76)\n[330fc31f-cf38-4824-bfa0-28b42363e639/build]   |   Downloading pytest-7.4.0-py3-none-any.whl (323 kB)\n[330fc31f-cf38-4824-bfa0-28b42363e639/build]   |      \u2501\u2501\u2501\u2501\u2501\u2501\u2501\u2501\u2501\u2501\u2501\u2501\u2501\u2501\u2501\u2501\u2501\u2501\u2501\u2501\u2501\u2501\u2501\u2501\u2501\u2501\u2501\u2501\u2501\u2501\u2501\u2501\u2501\u2501\u2501\u2501\u2501\u2501 323.6/323.6 kB 12.6 MB/s eta 0:00:00\n[330fc31f-cf38-4824-bfa0-28b42363e639/build]   | Collecting pytest-cov (from pysptk==0.2.0+968bf76)\n[330fc31f-cf38-4824-bfa0-28b42363e639/build]   |   Downloading pytest_cov-4.1.0-py3-none-any.whl (21 kB)\n[330fc31f-cf38-4824-bfa0-28b42363e639/build]   | Collecting coverage (from pysptk==0.2.0+968bf76)\n[330fc31f-cf38-4824-bfa0-28b42363e639/build]   |   Downloading coverage-7.2.7-cp37-cp37m-manylinux_2_5_x86_64.manylinux1_x86_64.manylinux_2_17_x86_64.manylinux2014_x86_64.whl (225 kB)\n[330fc31f-cf38-4824-bfa0-28b42363e639/build]   |      \u2501\u2501\u2501\u2501\u2501\u2501\u2501\u2501\u2501\u2501\u2501\u2501\u2501\u2501\u2501\u2501\u2501\u2501\u2501\u2501\u2501\u2501\u2501\u2501\u2501\u2501\u2501\u2501\u2501\u2501\u2501\u2501\u2501\u2501\u2501\u2501\u2501\u2501\u2501 225.6/225.6 kB 2.1 MB/s eta 0:00:00\n[330fc31f-cf38-4824-bfa0-28b42363e639/build]   | Collecting appdirs (from black<=20.8,>=19.19b0->pysptk==0.2.0+968bf76)\n[330fc31f-cf38-4824-bfa0-28b42363e639/build]   |   Downloading appdirs-1.4.4-py2.py3-none-any.whl (9.6 kB)\n[330fc31f-cf38-4824-bfa0-28b42363e639/build]   | Collecting toml>=0.10.1 (from black<=20.8,>=19.19b0->pysptk==0.2.0+968bf76)\n[330fc31f-cf38-4824-bfa0-28b42363e639/build]   |   Downloading toml-0.10.2-py2.py3-none-any.whl (16 kB)\n[330fc31f-cf38-4824-bfa0-28b42363e639/build]   | Collecting typed-ast>=1.4.0 (from black<=20.8,>=19.19b0->pysptk==0.2.0+968bf76)\n[330fc31f-cf38-4824-bfa0-28b42363e639/build]   |   Downloading typed_ast-1.5.4-cp37-cp37m-manylinux_2_5_x86_64.manylinux1_x86_64.manylinux_2_12_x86_64.manylinux2010_x86_64.whl (843 kB)\n[330fc31f-cf38-4824-bfa0-28b42363e639/build]   |      \u2501\u2501\u2501\u2501\u2501\u2501\u2501\u2501\u2501\u2501\u2501\u2501\u2501\u2501\u2501\u2501\u2501\u2501\u2501\u2501\u2501\u2501\u2501\u2501\u2501\u2501\u2501\u2501\u2501\u2501\u2501\u2501\u2501\u2501\u2501\u2501\u2501\u2501\u2501 843.7/843.7 kB 7.8 MB/s eta 0:00:00\n[330fc31f-cf38-4824-bfa0-28b42363e639/build]   | Collecting regex>=2020.1.8 (from black<=20.8,>=19.19b0->pysptk==0.2.0+968bf76)\n[330fc31f-cf38-4824-bfa0-28b42363e639/build]   |   Downloading regex-2023.6.3-cp37-cp37m-manylinux_2_17_x86_64.manylinux2014_x86_64.whl (755 kB)\n[330fc31f-cf38-4824-bfa0-28b42363e639/build]   |      \u2501\u2501\u2501\u2501\u2501\u2501\u2501\u2501\u2501\u2501\u2501\u2501\u2501\u2501\u2501\u2501\u2501\u2501\u2501\u2501\u2501\u2501\u2501\u2501\u2501\u2501\u2501\u2501\u2501\u2501\u2501\u2501\u2501\u2501\u2501\u2501\u2501\u2501 755.7/755.7 kB 10.2 MB/s eta 0:00:00\n[330fc31f-cf38-4824-bfa0-28b42363e639/build]   | Collecting pathspec<1,>=0.6 (from black<=20.8,>=19.19b0->pysptk==0.2.0+968bf76)\n[330fc31f-cf38-4824-bfa0-28b42363e639/build]   |   Downloading pathspec-0.11.1-py3-none-any.whl (29 kB)\n[330fc31f-cf38-4824-bfa0-28b42363e639/build]   | Collecting typing-extensions>=3.7.4 (from black<=20.8,>=19.19b0->pysptk==0.2.0+968bf76)\n[330fc31f-cf38-4824-bfa0-28b42363e639/build]   |   Using cached typing_extensions-4.6.3-py3-none-any.whl (31 kB)\n[330fc31f-cf38-4824-bfa0-28b42363e639/build]   | Collecting mypy-extensions>=0.4.3 (from black<=20.8,>=19.19b0->pysptk==0.2.0+968bf76)\n[330fc31f-cf38-4824-bfa0-28b42363e639/build]   |   Downloading mypy_extensions-1.0.0-py3-none-any.whl (4.7 kB)\n[330fc31f-cf38-4824-bfa0-28b42363e639/build]   | Collecting pyflakes<2.4.0,>=2.3.0 (from flake8<4,>=3.7->pysptk==0.2.0+968bf76)\n[330fc31f-cf38-4824-bfa0-28b42363e639/build]   |   Downloading pyflakes-2.3.1-py2.py3-none-any.whl (68 kB)\n[330fc31f-cf38-4824-bfa0-28b42363e639/build]   |      \u2501\u2501\u2501\u2501\u2501\u2501\u2501\u2501\u2501\u2501\u2501\u2501\u2501\u2501\u2501\u2501\u2501\u2501\u2501\u2501\u2501\u2501\u2501\u2501\u2501\u2501\u2501\u2501\u2501\u2501\u2501\u2501\u2501\u2501\u2501\u2501\u2501\u2501\u2501\u2501 68.8/68.8 kB 3.2 MB/s eta 0:00:00\n[330fc31f-cf38-4824-bfa0-28b42363e639/build]   | Collecting pycodestyle<2.8.0,>=2.7.0 (from flake8<4,>=3.7->pysptk==0.2.0+968bf76)\n[330fc31f-cf38-4824-bfa0-28b42363e639/build]   |   Downloading pycodestyle-2.7.0-py2.py3-none-any.whl (41 kB)\n[330fc31f-cf38-4824-bfa0-28b42363e639/build]   |      \u2501\u2501\u2501\u2501\u2501\u2501\u2501\u2501\u2501\u2501\u2501\u2501\u2501\u2501\u2501\u2501\u2501\u2501\u2501\u2501\u2501\u2501\u2501\u2501\u2501\u2501\u2501\u2501\u2501\u2501\u2501\u2501\u2501\u2501\u2501\u2501\u2501\u2501\u2501\u2501 41.7/41.7 kB 1.6 MB/s eta 0:00:00\n[330fc31f-cf38-4824-bfa0-28b42363e639/build]   | Collecting mccabe<0.7.0,>=0.6.0 (from flake8<4,>=3.7->pysptk==0.2.0+968bf76)\n[330fc31f-cf38-4824-bfa0-28b42363e639/build]   |   Downloading mccabe-0.6.1-py2.py3-none-any.whl (8.6 kB)\n[330fc31f-cf38-4824-bfa0-28b42363e639/build]   | Collecting zipp>=0.5 (from importlib-metadata<5.0->pysptk==0.2.0+968bf76)\n[330fc31f-cf38-4824-bfa0-28b42363e639/build]   |   Using cached zipp-3.15.0-py3-none-any.whl (6.8 kB)\n[330fc31f-cf38-4824-bfa0-28b42363e639/build]   | Collecting mypy-extensions>=0.4.3 (from black<=20.8,>=19.19b0->pysptk==0.2.0+968bf76)\n[330fc31f-cf38-4824-bfa0-28b42363e639/build]   |   Downloading mypy_extensions-0.4.4.tar.gz (4.2 kB)\n[330fc31f-cf38-4824-bfa0-28b42363e639/build]   |   Installing build dependencies: started\n[330fc31f-cf38-4824-bfa0-28b42363e639/build]   |   Installing build dependencies: finished with status 'done'\n[330fc31f-cf38-4824-bfa0-28b42363e639/build]   |   Getting requirements to build wheel: started\n[330fc31f-cf38-4824-bfa0-28b42363e639/build]   |   Getting requirements to build wheel: finished with status 'done'\n[330fc31f-cf38-4824-bfa0-28b42363e639/build]   |   Preparing metadata (pyproject.toml): started\n[330fc31f-cf38-4824-bfa0-28b42363e639/build]   |   Preparing metadata (pyproject.toml): finished with status 'done'\n[330fc31f-cf38-4824-bfa0-28b42363e639/build]   | Collecting typed-ast>=1.4.0 (from black<=20.8,>=19.19b0->pysptk==0.2.0+968bf76)\n[330fc31f-cf38-4824-bfa0-28b42363e639/build]   |   Downloading typed_ast-1.4.3-cp37-cp37m-manylinux1_x86_64.whl (743 kB)\n[330fc31f-cf38-4824-bfa0-28b42363e639/build]   |      \u2501\u2501\u2501\u2501\u2501\u2501\u2501\u2501\u2501\u2501\u2501\u2501\u2501\u2501\u2501\u2501\u2501\u2501\u2501\u2501\u2501\u2501\u2501\u2501\u2501\u2501\u2501\u2501\u2501\u2501\u2501\u2501\u2501\u2501\u2501\u2501\u2501\u2501 743.4/743.4 kB 36.9 MB/s eta 0:00:00\n[330fc31f-cf38-4824-bfa0-28b42363e639/build]   | Collecting attrs>=19.2.0 (from flake8-bugbear->pysptk==0.2.0+968bf76)\n[330fc31f-cf38-4824-bfa0-28b42363e639/build]   |   Downloading attrs-23.1.0-py3-none-any.whl (61 kB)\n[330fc31f-cf38-4824-bfa0-28b42363e639/build]   |      \u2501\u2501\u2501\u2501\u2501\u2501\u2501\u2501\u2501\u2501\u2501\u2501\u2501\u2501\u2501\u2501\u2501\u2501\u2501\u2501\u2501\u2501\u2501\u2501\u2501\u2501\u2501\u2501\u2501\u2501\u2501\u2501\u2501\u2501\u2501\u2501\u2501\u2501\u2501\u2501 61.2/61.2 kB 9.2 MB/s eta 0:00:00\n[330fc31f-cf38-4824-bfa0-28b42363e639/build]   | Collecting GitPython<4.0.0,>=3.0.0 (from pysen->pysptk==0.2.0+968bf76)\n[330fc31f-cf38-4824-bfa0-28b42363e639/build]   |   Downloading GitPython-3.1.31-py3-none-any.whl (184 kB)\n[330fc31f-cf38-4824-bfa0-28b42363e639/build]   |      \u2501\u2501\u2501\u2501\u2501\u2501\u2501\u2501\u2501\u2501\u2501\u2501\u2501\u2501\u2501\u2501\u2501\u2501\u2501\u2501\u2501\u2501\u2501\u2501\u2501\u2501\u2501\u2501\u2501\u2501\u2501\u2501\u2501\u2501\u2501\u2501\u2501\u2501 184.3/184.3 kB 21.3 MB/s eta 0:00:00\n[330fc31f-cf38-4824-bfa0-28b42363e639/build]   | Collecting colorlog<5.0.0,>=4.0.0 (from pysen->pysptk==0.2.0+968bf76)\n[330fc31f-cf38-4824-bfa0-28b42363e639/build]   |   Downloading colorlog-4.8.0-py2.py3-none-any.whl (10 kB)\n[330fc31f-cf38-4824-bfa0-28b42363e639/build]   | Collecting dacite<2.0.0,>=1.1.0 (from pysen->pysptk==0.2.0+968bf76)\n[330fc31f-cf38-4824-bfa0-28b42363e639/build]   |   Downloading dacite-1.8.1-py3-none-any.whl (14 kB)\n[330fc31f-cf38-4824-bfa0-28b42363e639/build]   | Collecting tomlkit<1.0.0,>=0.5.11 (from pysen->pysptk==0.2.0+968bf76)\n[330fc31f-cf38-4824-bfa0-28b42363e639/build]   |   Downloading tomlkit-0.11.8-py3-none-any.whl (35 kB)\n[330fc31f-cf38-4824-bfa0-28b42363e639/build]   | Collecting unidiff<1.0.0,>=0.6.0 (from pysen->pysptk==0.2.0+968bf76)\n[330fc31f-cf38-4824-bfa0-28b42363e639/build]   |   Downloading unidiff-0.7.5-py2.py3-none-any.whl (14 kB)\n[330fc31f-cf38-4824-bfa0-28b42363e639/build]   | Collecting iniconfig (from pytest->pysptk==0.2.0+968bf76)\n[330fc31f-cf38-4824-bfa0-28b42363e639/build]   |   Downloading iniconfig-2.0.0-py3-none-any.whl (5.9 kB)\n[330fc31f-cf38-4824-bfa0-28b42363e639/build]   | Collecting packaging (from pytest->pysptk==0.2.0+968bf76)\n[330fc31f-cf38-4824-bfa0-28b42363e639/build]   |   Using cached packaging-23.1-py3-none-any.whl (48 kB)\n[330fc31f-cf38-4824-bfa0-28b42363e639/build]   | Collecting pluggy<2.0,>=0.12 (from pytest->pysptk==0.2.0+968bf76)\n[330fc31f-cf38-4824-bfa0-28b42363e639/build]   |   Downloading pluggy-1.2.0-py3-none-any.whl (17 kB)\n[330fc31f-cf38-4824-bfa0-28b42363e639/build]   | Collecting exceptiongroup>=1.0.0rc8 (from pytest->pysptk==0.2.0+968bf76)\n[330fc31f-cf38-4824-bfa0-28b42363e639/build]   |   Downloading exceptiongroup-1.1.1-py3-none-any.whl (14 kB)\n[330fc31f-cf38-4824-bfa0-28b42363e639/build]   | Collecting tomli>=1.0.0 (from pytest->pysptk==0.2.0+968bf76)\n[330fc31f-cf38-4824-bfa0-28b42363e639/build]   |   Using cached tomli-2.0.1-py3-none-any.whl (12 kB)\n[330fc31f-cf38-4824-bfa0-28b42363e639/build]   | Collecting numpy<1.23.0,>=1.16.5 (from scipy->pysptk==0.2.0+968bf76)\n[330fc31f-cf38-4824-bfa0-28b42363e639/build]   |   Using cached numpy-1.21.6-cp37-cp37m-manylinux_2_12_x86_64.manylinux2010_x86_64.whl (15.7 MB)\n[330fc31f-cf38-4824-bfa0-28b42363e639/build]   | Collecting gitdb<5,>=4.0.1 (from GitPython<4.0.0,>=3.0.0->pysen->pysptk==0.2.0+968bf76)\n[330fc31f-cf38-4824-bfa0-28b42363e639/build]   |   Downloading gitdb-4.0.10-py3-none-any.whl (62 kB)\n[330fc31f-cf38-4824-bfa0-28b42363e639/build]   |      \u2501\u2501\u2501\u2501\u2501\u2501\u2501\u2501\u2501\u2501\u2501\u2501\u2501\u2501\u2501\u2501\u2501\u2501\u2501\u2501\u2501\u2501\u2501\u2501\u2501\u2501\u2501\u2501\u2501\u2501\u2501\u2501\u2501\u2501\u2501\u2501\u2501\u2501\u2501\u2501 62.7/62.7 kB 2.6 MB/s eta 0:00:00\n[330fc31f-cf38-4824-bfa0-28b42363e639/build]   | Collecting smmap<6,>=3.0.1 (from gitdb<5,>=4.0.1->GitPython<4.0.0,>=3.0.0->pysen->pysptk==0.2.0+968bf76)\n[330fc31f-cf38-4824-bfa0-28b42363e639/build]   |   Downloading smmap-5.0.0-py3-none-any.whl (24 kB)\n[330fc31f-cf38-4824-bfa0-28b42363e639/build]   | Building wheels for collected packages: black, pysptk, mypy-extensions\n[330fc31f-cf38-4824-bfa0-28b42363e639/build]   |   Building wheel for black (pyproject.toml): started\n[330fc31f-cf38-4824-bfa0-28b42363e639/build]   |   Building wheel for black (pyproject.toml): finished with status 'done'\n[330fc31f-cf38-4824-bfa0-28b42363e639/build]   |   Created wheel for black: filename=black-20.8b1-py3-none-any.whl size=124177 sha256=76cdcdcfe64ccfce7679f2dc94419d7ad212dbcb8f5de2c31d7ed28a06b8761e\n[330fc31f-cf38-4824-bfa0-28b42363e639/build]   |   Stored in directory: /home/runneradmin/.cache/pip/wheels/c5/85/79/f3af8daaf8037c0bf14beb3b7a1511a39b6e6902ca2aaf494e\n[330fc31f-cf38-4824-bfa0-28b42363e639/build]   |   Building editable for pysptk (pyproject.toml): started\n[330fc31f-cf38-4824-bfa0-28b42363e639/build]   |   Building editable for pysptk (pyproject.toml): finished with status 'error'\n[330fc31f-cf38-4824-bfa0-28b42363e639/build]   |   error: subprocess-exited-with-error\n[330fc31f-cf38-4824-bfa0-28b42363e639/build]   |   \n[330fc31f-cf38-4824-bfa0-28b42363e639/build]   |   \u00d7 Building editable for pysptk (pyproject.toml) did not run successfully.\n[330fc31f-cf38-4824-bfa0-28b42363e639/build]   |   \u2502 exit code: 1\n[330fc31f-cf38-4824-bfa0-28b42363e639/build]   |   \u2570\u2500> [110 lines of output]\n[330fc31f-cf38-4824-bfa0-28b42363e639/build]   |       running editable_wheel\n[330fc31f-cf38-4824-bfa0-28b42363e639/build]   |       creating /tmp/pip-wheel-rdshi5z9/.tmp-_7r8bazv/pysptk.egg-info\n[330fc31f-cf38-4824-bfa0-28b42363e639/build]   |       writing /tmp/pip-wheel-rdshi5z9/.tmp-_7r8bazv/pysptk.egg-info/PKG-INFO\n[330fc31f-cf38-4824-bfa0-28b42363e639/build]   |       writing dependency_links to /tmp/pip-wheel-rdshi5z9/.tmp-_7r8bazv/pysptk.egg-info/dependency_links.txt\n[330fc31f-cf38-4824-bfa0-28b42363e639/build]   |       writing requirements to /tmp/pip-wheel-rdshi5z9/.tmp-_7r8bazv/pysptk.egg-info/requires.txt\n[330fc31f-cf38-4824-bfa0-28b42363e639/build]   |       writing top-level names to /tmp/pip-wheel-rdshi5z9/.tmp-_7r8bazv/pysptk.egg-info/top_level.txt\n[330fc31f-cf38-4824-bfa0-28b42363e639/build]   |       writing manifest file '/tmp/pip-wheel-rdshi5z9/.tmp-_7r8bazv/pysptk.egg-info/SOURCES.txt'\n[330fc31f-cf38-4824-bfa0-28b42363e639/build]   |       reading manifest file '/tmp/pip-wheel-rdshi5z9/.tmp-_7r8bazv/pysptk.egg-info/SOURCES.txt'\n[330fc31f-cf38-4824-bfa0-28b42363e639/build]   |       reading manifest template 'MANIFEST.in'\n[330fc31f-cf38-4824-bfa0-28b42363e639/build]   |       /tmp/ad9c0f7e-1596-11ee-8a50-bb14de238602/r9y9-pysptk/setup.py:58: DeprecationWarning: distutils Version classes are deprecated. Use packaging.version instead.\n[330fc31f-cf38-4824-bfa0-28b42363e639/build]   |         _CYTHON_INSTALLED = ver >= LooseVersion(min_cython_ver)\n[330fc31f-cf38-4824-bfa0-28b42363e639/build]   |       warning: no files found matching '*.c' under directory 'lib'\n[330fc31f-cf38-4824-bfa0-28b42363e639/build]   |       warning: no files found matching '*.h' under directory 'lib'\n[330fc31f-cf38-4824-bfa0-28b42363e639/build]   |       warning: no files found matching 'COPYING' under directory 'lib'\n[330fc31f-cf38-4824-bfa0-28b42363e639/build]   |       warning: no files found matching '*.c' under directory 'pysptk'\n[330fc31f-cf38-4824-bfa0-28b42363e639/build]   |       adding license file 'LICENSE.md'\n[330fc31f-cf38-4824-bfa0-28b42363e639/build]   |       writing manifest file '/tmp/pip-wheel-rdshi5z9/.tmp-_7r8bazv/pysptk.egg-info/SOURCES.txt'\n[330fc31f-cf38-4824-bfa0-28b42363e639/build]   |       creating '/tmp/pip-wheel-rdshi5z9/.tmp-_7r8bazv/pysptk-0.2.0+968bf76.dist-info'\n[330fc31f-cf38-4824-bfa0-28b42363e639/build]   |       creating /tmp/pip-wheel-rdshi5z9/.tmp-_7r8bazv/pysptk-0.2.0+968bf76.dist-info/WHEEL\n[330fc31f-cf38-4824-bfa0-28b42363e639/build]   |       running build_py\n[330fc31f-cf38-4824-bfa0-28b42363e639/build]   |       -- Building version 0.2.0+968bf76\n[330fc31f-cf38-4824-bfa0-28b42363e639/build]   |       running build_ext\n[330fc31f-cf38-4824-bfa0-28b42363e639/build]   |       cythoning pysptk/_sptk.pyx to pysptk/_sptk.c\n[330fc31f-cf38-4824-bfa0-28b42363e639/build]   |       building 'pysptk._sptk' extension\n[330fc31f-cf38-4824-bfa0-28b42363e639/build]   |       creating /tmp/tmpi86cg1u_.build-temp/lib\n[330fc31f-cf38-4824-bfa0-28b42363e639/build]   |       creating /tmp/tmpi86cg1u_.build-temp/lib/SPTK\n[330fc31f-cf38-4824-bfa0-28b42363e639/build]   |       creating /tmp/tmpi86cg1u_.build-temp/lib/SPTK/bin\n[330fc31f-cf38-4824-bfa0-28b42363e639/build]   |       creating /tmp/tmpi86cg1u_.build-temp/lib/SPTK/bin/pitch\n[330fc31f-cf38-4824-bfa0-28b42363e639/build]   |       creating /tmp/tmpi86cg1u_.build-temp/lib/SPTK/bin/pitch/snack\n[330fc31f-cf38-4824-bfa0-28b42363e639/build]   |       creating /tmp/tmpi86cg1u_.build-temp/lib/SPTK/bin/pitch/swipe\n[330fc31f-cf38-4824-bfa0-28b42363e639/build]   |       creating /tmp/tmpi86cg1u_.build-temp/pysptk\n[330fc31f-cf38-4824-bfa0-28b42363e639/build]   |       gcc -pthread -Wno-unused-result -Wsign-compare -DNDEBUG -g -fwrapv -O3 -Wall -fPIC -I/tmp/pip-build-env-4dt1y_gy/overlay/lib/python3.7/site-packages/numpy/core/include -I/tmp/ad9c0f7e-1596-11ee-8a50-bb14de238602/r9y9-pysptk/lib/SPTK/include -I/opt/hostedtoolcache/Python/3.7.11/x64/include/python3.7m -c lib/SPTK/bin/pitch/snack/jkGetF0.c -o /tmp/tmpi86cg1u_.build-temp/lib/SPTK/bin/pitch/snack/jkGetF0.o -std=c99\n[330fc31f-cf38-4824-bfa0-28b42363e639/build]   |       gcc: error: lib/SPTK/bin/pitch/snack/jkGetF0.c: No such file or directory\n[330fc31f-cf38-4824-bfa0-28b42363e639/build]   |       gcc: fatal error: no input files\n[330fc31f-cf38-4824-bfa0-28b42363e639/build]   |       compilation terminated.\n[330fc31f-cf38-4824-bfa0-28b42363e639/build]   |       /tmp/pip-build-env-4dt1y_gy/overlay/lib/python3.7/site-packages/Cython/Compiler/Main.py:369: FutureWarning: Cython directive 'language_level' not set, using 2 for now (Py2). This will change in a later release! File: /tmp/ad9c0f7e-1596-11ee-8a50-bb14de238602/r9y9-pysptk/pysptk/_sptk.pxd\n[330fc31f-cf38-4824-bfa0-28b42363e639/build]   |         tree = Parsing.p_module(s, pxd, full_module_name)\n[330fc31f-cf38-4824-bfa0-28b42363e639/build]   |       Traceback (most recent call last):\n[330fc31f-cf38-4824-bfa0-28b42363e639/build]   |         File \"/tmp/pip-build-env-4dt1y_gy/overlay/lib/python3.7/site-packages/setuptools/_distutils/unixccompiler.py\", line 185, in _compile\n[330fc31f-cf38-4824-bfa0-28b42363e639/build]   |           self.spawn(compiler_so + cc_args + [src, '-o', obj] + extra_postargs)\n[330fc31f-cf38-4824-bfa0-28b42363e639/build]   |         File \"/tmp/pip-build-env-4dt1y_gy/overlay/lib/python3.7/site-packages/setuptools/_distutils/ccompiler.py\", line 1041, in spawn\n[330fc31f-cf38-4824-bfa0-28b42363e639/build]   |           spawn(cmd, dry_run=self.dry_run, **kwargs)\n[330fc31f-cf38-4824-bfa0-28b42363e639/build]   |         File \"/tmp/pip-build-env-4dt1y_gy/overlay/lib/python3.7/site-packages/setuptools/_distutils/spawn.py\", line 71, in spawn\n[330fc31f-cf38-4824-bfa0-28b42363e639/build]   |           \"command {!r} failed with exit code {}\".format(cmd, exitcode)\n[330fc31f-cf38-4824-bfa0-28b42363e639/build]   |       distutils.errors.DistutilsExecError: command '/usr/bin/gcc' failed with exit code 1\n[330fc31f-cf38-4824-bfa0-28b42363e639/build]   |       \n[330fc31f-cf38-4824-bfa0-28b42363e639/build]   |       During handling of the above exception, another exception occurred:\n[330fc31f-cf38-4824-bfa0-28b42363e639/build]   |       \n[330fc31f-cf38-4824-bfa0-28b42363e639/build]   |       Traceback (most recent call last):\n[330fc31f-cf38-4824-bfa0-28b42363e639/build]   |         File \"/tmp/pip-build-env-4dt1y_gy/overlay/lib/python3.7/site-packages/setuptools/command/editable_wheel.py\", line 155, in run\n[330fc31f-cf38-4824-bfa0-28b42363e639/build]   |           self._create_wheel_file(bdist_wheel)\n[330fc31f-cf38-4824-bfa0-28b42363e639/build]   |         File \"/tmp/pip-build-env-4dt1y_gy/overlay/lib/python3.7/site-packages/setuptools/command/editable_wheel.py\", line 344, in _create_wheel_file\n[330fc31f-cf38-4824-bfa0-28b42363e639/build]   |           files, mapping = self._run_build_commands(dist_name, unpacked, lib, tmp)\n[330fc31f-cf38-4824-bfa0-28b42363e639/build]   |         File \"/tmp/pip-build-env-4dt1y_gy/overlay/lib/python3.7/site-packages/setuptools/command/editable_wheel.py\", line 267, in _run_build_commands\n[330fc31f-cf38-4824-bfa0-28b42363e639/build]   |           self._run_build_subcommands()\n[330fc31f-cf38-4824-bfa0-28b42363e639/build]   |         File \"/tmp/pip-build-env-4dt1y_gy/overlay/lib/python3.7/site-packages/setuptools/command/editable_wheel.py\", line 294, in _run_build_subcommands\n[330fc31f-cf38-4824-bfa0-28b42363e639/build]   |           self.run_command(name)\n[330fc31f-cf38-4824-bfa0-28b42363e639/build]   |         File \"/tmp/pip-build-env-4dt1y_gy/overlay/lib/python3.7/site-packages/setuptools/_distutils/cmd.py\", line 318, in run_command\n[330fc31f-cf38-4824-bfa0-28b42363e639/build]   |           self.distribution.run_command(command)\n[330fc31f-cf38-4824-bfa0-28b42363e639/build]   |         File \"/tmp/pip-build-env-4dt1y_gy/overlay/lib/python3.7/site-packages/setuptools/dist.py\", line 1234, in run_command\n[330fc31f-cf38-4824-bfa0-28b42363e639/build]   |           super().run_command(command)\n[330fc31f-cf38-4824-bfa0-28b42363e639/build]   |         File \"/tmp/pip-build-env-4dt1y_gy/overlay/lib/python3.7/site-packages/setuptools/_distutils/dist.py\", line 988, in run_command\n[330fc31f-cf38-4824-bfa0-28b42363e639/build]   |           cmd_obj.run()\n[330fc31f-cf38-4824-bfa0-28b42363e639/build]   |         File \"/tmp/pip-build-env-4dt1y_gy/overlay/lib/python3.7/site-packages/Cython/Distutils/old_build_ext.py\", line 186, in run\n[330fc31f-cf38-4824-bfa0-28b42363e639/build]   |           _build_ext.build_ext.run(self)\n[330fc31f-cf38-4824-bfa0-28b42363e639/build]   |         File \"/tmp/pip-build-env-4dt1y_gy/overlay/lib/python3.7/site-packages/setuptools/_distutils/command/build_ext.py\", line 345, in run\n[330fc31f-cf38-4824-bfa0-28b42363e639/build]   |           self.build_extensions()\n[330fc31f-cf38-4824-bfa0-28b42363e639/build]   |         File \"/tmp/pip-build-env-4dt1y_gy/overlay/lib/python3.7/site-packages/Cython/Distutils/old_build_ext.py\", line 195, in build_extensions\n[330fc31f-cf38-4824-bfa0-28b42363e639/build]   |           _build_ext.build_ext.build_extensions(self)\n[330fc31f-cf38-4824-bfa0-28b42363e639/build]   |         File \"/tmp/pip-build-env-4dt1y_gy/overlay/lib/python3.7/site-packages/setuptools/_distutils/command/build_ext.py\", line 467, in build_extensions\n[330fc31f-cf38-4824-bfa0-28b42363e639/build]   |           self._build_extensions_serial()\n[330fc31f-cf38-4824-bfa0-28b42363e639/build]   |         File \"/tmp/pip-build-env-4dt1y_gy/overlay/lib/python3.7/site-packages/setuptools/_distutils/command/build_ext.py\", line 493, in _build_extensions_serial\n[330fc31f-cf38-4824-bfa0-28b42363e639/build]   |           self.build_extension(ext)\n[330fc31f-cf38-4824-bfa0-28b42363e639/build]   |         File \"/tmp/pip-build-env-4dt1y_gy/overlay/lib/python3.7/site-packages/setuptools/_distutils/command/build_ext.py\", line 555, in build_extension\n[330fc31f-cf38-4824-bfa0-28b42363e639/build]   |           depends=ext.depends,\n[330fc31f-cf38-4824-bfa0-28b42363e639/build]   |         File \"/tmp/pip-build-env-4dt1y_gy/overlay/lib/python3.7/site-packages/setuptools/_distutils/ccompiler.py\", line 600, in compile\n[330fc31f-cf38-4824-bfa0-28b42363e639/build]   |           self._compile(obj, src, ext, cc_args, extra_postargs, pp_opts)\n[330fc31f-cf38-4824-bfa0-28b42363e639/build]   |         File \"/tmp/pip-build-env-4dt1y_gy/overlay/lib/python3.7/site-packages/setuptools/_distutils/unixccompiler.py\", line 187, in _compile\n[330fc31f-cf38-4824-bfa0-28b42363e639/build]   |           raise CompileError(msg)\n[330fc31f-cf38-4824-bfa0-28b42363e639/build]   |       distutils.errors.CompileError: command '/usr/bin/gcc' failed with exit code 1\n[330fc31f-cf38-4824-bfa0-28b42363e639/build]   |       /tmp/pip-build-env-4dt1y_gy/overlay/lib/python3.7/site-packages/setuptools/_distutils/dist.py:988: _DebuggingTips: Problem in editable installation.\n[330fc31f-cf38-4824-bfa0-28b42363e639/build]   |       !!\n[330fc31f-cf38-4824-bfa0-28b42363e639/build]   |       \n[330fc31f-cf38-4824-bfa0-28b42363e639/build]   |               ********************************************************************************\n[330fc31f-cf38-4824-bfa0-28b42363e639/build]   |               An error happened while installing `pysptk` in editable mode.\n[330fc31f-cf38-4824-bfa0-28b42363e639/build]   |       \n[330fc31f-cf38-4824-bfa0-28b42363e639/build]   |               The following steps are recommended to help debug this problem:\n[330fc31f-cf38-4824-bfa0-28b42363e639/build]   |       \n[330fc31f-cf38-4824-bfa0-28b42363e639/build]   |               - Try to install the project normally, without using the editable mode.\n[330fc31f-cf38-4824-bfa0-28b42363e639/build]   |                 Does the error still persist?\n[330fc31f-cf38-4824-bfa0-28b42363e639/build]   |                 (If it does, try fixing the problem before attempting the editable mode).\n[330fc31f-cf38-4824-bfa0-28b42363e639/build]   |               - If you are using binary extensions, make sure you have all OS-level\n[330fc31f-cf38-4824-bfa0-28b42363e639/build]   |                 dependencies installed (e.g. compilers, toolchains, binary libraries, ...).\n[330fc31f-cf38-4824-bfa0-28b42363e639/build]   |               - Try the latest version of setuptools (maybe the error was already fixed).\n[330fc31f-cf38-4824-bfa0-28b42363e639/build]   |               - If you (or your project dependencies) are using any setuptools extension\n[330fc31f-cf38-4824-bfa0-28b42363e639/build]   |                 or customization, make sure they support the editable mode.\n[330fc31f-cf38-4824-bfa0-28b42363e639/build]   |       \n[330fc31f-cf38-4824-bfa0-28b42363e639/build]   |               After following the steps above, if the problem still persists and\n[330fc31f-cf38-4824-bfa0-28b42363e639/build]   |               you think this is related to how setuptools handles editable installations,\n[330fc31f-cf38-4824-bfa0-28b42363e639/build]   |               please submit a reproducible example\n[330fc31f-cf38-4824-bfa0-28b42363e639/build]   |               (see https://stackoverflow.com/help/minimal-reproducible-example) to:\n[330fc31f-cf38-4824-bfa0-28b42363e639/build]   |       \n[330fc31f-cf38-4824-bfa0-28b42363e639/build]   |                   https://github.com/pypa/setuptools/issues\n[330fc31f-cf38-4824-bfa0-28b42363e639/build]   |       \n[330fc31f-cf38-4824-bfa0-28b42363e639/build]   |               See https://setuptools.pypa.io/en/latest/userguide/development_mode.html for details.\n[330fc31f-cf38-4824-bfa0-28b42363e639/build]   |               ********************************************************************************\n[330fc31f-cf38-4824-bfa0-28b42363e639/build]   |       \n[330fc31f-cf38-4824-bfa0-28b42363e639/build]   |       !!\n[330fc31f-cf38-4824-bfa0-28b42363e639/build]   |         cmd_obj.run()\n[330fc31f-cf38-4824-bfa0-28b42363e639/build]   |       error: command '/usr/bin/gcc' failed with exit code 1\n[330fc31f-cf38-4824-bfa0-28b42363e639/build]   |       [end of output]\n[330fc31f-cf38-4824-bfa0-28b42363e639/build]   |   \n[330fc31f-cf38-4824-bfa0-28b42363e639/build]   |   note: This error originates from a subprocess, and is likely not a problem with pip.\n[330fc31f-cf38-4824-bfa0-28b42363e639/build]   |   ERROR: Failed building editable for pysptk\n[330fc31f-cf38-4824-bfa0-28b42363e639/build]   |   Building wheel for mypy-extensions (pyproject.toml): started\n[330fc31f-cf38-4824-bfa0-28b42363e639/build]   |   Building wheel for mypy-extensions (pyproject.toml): finished with status 'done'\n[330fc31f-cf38-4824-bfa0-28b42363e639/build]   |   Created wheel for mypy-extensions: filename=mypy_extensions-0.4.4-py2.py3-none-any.whl size=4474 sha256=88bff3e4596b316453f1c72440d2c9fd531adf3ce7873820d9c28a4f51f809d6\n[330fc31f-cf38-4824-bfa0-28b42363e639/build]   |   Stored in directory: /home/runneradmin/.cache/pip/wheels/97/cf/58/bf015bb6184d3acc0945bae055dd1966df277e81de6ded76dc\n[330fc31f-cf38-4824-bfa0-28b42363e639/build]   | Successfully built black mypy-extensions\n[330fc31f-cf38-4824-bfa0-28b42363e639/build]   | Failed to build pysptk\n[330fc31f-cf38-4824-bfa0-28b42363e639/build]   | ERROR: Could not build wheels for pysptk, which is required to install pyproject.toml-based projects\n[330fc31f-cf38-4824-bfa0-28b42363e639/build]   | \n[330fc31f-cf38-4824-bfa0-28b42363e639/build]   | [notice] A new release of pip is available: 20.1.1 -> 23.1.2\n[330fc31f-cf38-4824-bfa0-28b42363e639/build]   | [notice] To update, run: pip install --upgrade pip\n[330fc31f-cf38-4824-bfa0-28b42363e639/build]   \u274c  Failure - Main Install dependencies\n[330fc31f-cf38-4824-bfa0-28b42363e639/build] exitcode '1': failure\n[330fc31f-cf38-4824-bfa0-28b42363e639/build] \ud83c\udfc1  Job failed\n",
        "stderr": "Error: Job 'build' failed\n",
        "workflow": "/tmp/ad9c0f7e-1596-11ee-8a50-bb14de238602/r9y9-pysptk/.github/workflows/ci-crawler.yaml",
        "build_tool": "pytest",
        "elapsed_time": 142.0330526828766
    }
}