{
    "repository": "redzej/graphene-permissions",
    "stars": 77,
    "language": "python",
    "size": 49,
    "clone_url": "https://github.com/redzej/graphene-permissions.git",
    "timestamp": "2023-07-01T11:45:42.591191Z",
    "clone_success": true,
    "number_of_actions": 2,
    "number_of_test_actions": 1,
    "actions_successful": false,
    "actions_build_tools": [
        "pytest",
        "unknown"
    ],
    "actions_test_build_tools": [
        "pytest"
    ],
    "actions_run": {
        "failed": true,
        "tests": [],
        "stdout": "[07638ada-71ff-4e23-aef3-3c080fa164ec/build] \ud83d\ude80  Start image=crawlergpt:latest\n[07638ada-71ff-4e23-aef3-3c080fa164ec/build]   \ud83d\udc33  docker pull image=crawlergpt:latest platform= username= forcePull=false\n[07638ada-71ff-4e23-aef3-3c080fa164ec/build]   \ud83d\udc33  docker create image=crawlergpt:latest platform= entrypoint=[\"tail\" \"-f\" \"/dev/null\"] cmd=[]\n[07638ada-71ff-4e23-aef3-3c080fa164ec/build]   \ud83d\udc33  docker run image=crawlergpt:latest platform= entrypoint=[\"tail\" \"-f\" \"/dev/null\"] cmd=[]\n[07638ada-71ff-4e23-aef3-3c080fa164ec/build]   \ud83d\udc33  docker exec cmd=[chown -R 1012:1013 /tmp/558156d8-17ed-11ee-8a50-bb14de238602/redzej-graphene-permissions] user=0 workdir=\n[07638ada-71ff-4e23-aef3-3c080fa164ec/build]   \u2601  git clone 'https://github.com/actions/setup-python' # ref=v2\n[07638ada-71ff-4e23-aef3-3c080fa164ec/build] \ud83e\uddea  Matrix: map[django-version:2.2.* python-version:3.6]\n[07638ada-71ff-4e23-aef3-3c080fa164ec/build] \u2b50 Run Main actions/checkout@v2\n[07638ada-71ff-4e23-aef3-3c080fa164ec/build]   \u2705  Success - Main actions/checkout@v2\n[07638ada-71ff-4e23-aef3-3c080fa164ec/build] \u2b50 Run Main Set up Python 3.6\n[07638ada-71ff-4e23-aef3-3c080fa164ec/build]   \ud83d\udc33  docker cp src=/tmp/act-cache/83e49b93-b86b-4b39-be61-c281eb8fdb8a/act/actions-setup-python@v2/ dst=/var/run/act/actions/actions-setup-python@v2/\n[07638ada-71ff-4e23-aef3-3c080fa164ec/build]   \ud83d\udc33  docker exec cmd=[chown -R 1012:1013 /var/run/act/actions/actions-setup-python@v2/] user=0 workdir=\n[07638ada-71ff-4e23-aef3-3c080fa164ec/build]   \ud83d\udc33  docker exec cmd=[node /var/run/act/actions/actions-setup-python@v2/dist/setup/index.js] user= workdir=\n[07638ada-71ff-4e23-aef3-3c080fa164ec/build]   \ud83d\udcac  ::debug::Semantic version spec of 3.6 is 3.6\n[07638ada-71ff-4e23-aef3-3c080fa164ec/build]   \ud83d\udcac  ::debug::isExplicit: \n[07638ada-71ff-4e23-aef3-3c080fa164ec/build]   \ud83d\udcac  ::debug::explicit? false\n[07638ada-71ff-4e23-aef3-3c080fa164ec/build]   \ud83d\udcac  ::debug::isExplicit: 2.7.18\n[07638ada-71ff-4e23-aef3-3c080fa164ec/build]   \ud83d\udcac  ::debug::explicit? true\n[07638ada-71ff-4e23-aef3-3c080fa164ec/build]   \ud83d\udcac  ::debug::isExplicit: 3.5.10\n[07638ada-71ff-4e23-aef3-3c080fa164ec/build]   \ud83d\udcac  ::debug::explicit? true\n[07638ada-71ff-4e23-aef3-3c080fa164ec/build]   \ud83d\udcac  ::debug::isExplicit: 3.6.14\n[07638ada-71ff-4e23-aef3-3c080fa164ec/build]   \ud83d\udcac  ::debug::explicit? true\n[07638ada-71ff-4e23-aef3-3c080fa164ec/build]   \ud83d\udcac  ::debug::isExplicit: 3.7.11\n[07638ada-71ff-4e23-aef3-3c080fa164ec/build]   \ud83d\udcac  ::debug::explicit? true\n[07638ada-71ff-4e23-aef3-3c080fa164ec/build]   \ud83d\udcac  ::debug::isExplicit: 3.8.11\n[07638ada-71ff-4e23-aef3-3c080fa164ec/build]   \ud83d\udcac  ::debug::explicit? true\n[07638ada-71ff-4e23-aef3-3c080fa164ec/build]   \ud83d\udcac  ::debug::isExplicit: 3.9.6\n[07638ada-71ff-4e23-aef3-3c080fa164ec/build]   \ud83d\udcac  ::debug::explicit? true\n[07638ada-71ff-4e23-aef3-3c080fa164ec/build]   \ud83d\udcac  ::debug::evaluating 6 versions\n[07638ada-71ff-4e23-aef3-3c080fa164ec/build]   \ud83d\udcac  ::debug::matched: 3.6.14\n[07638ada-71ff-4e23-aef3-3c080fa164ec/build]   \ud83d\udcac  ::debug::checking cache: /opt/hostedtoolcache/Python/3.6.14/x64\n[07638ada-71ff-4e23-aef3-3c080fa164ec/build]   \ud83d\udcac  ::debug::Found tool in cache Python 3.6.14 x64\n[07638ada-71ff-4e23-aef3-3c080fa164ec/build]   | Successfully setup CPython (3.6.14)\n[07638ada-71ff-4e23-aef3-3c080fa164ec/build]   \u2753 add-matcher /run/act/actions/actions-setup-python@v2/.github/python.json\n[07638ada-71ff-4e23-aef3-3c080fa164ec/build]   \u2705  Success - Main Set up Python 3.6\n[07638ada-71ff-4e23-aef3-3c080fa164ec/build]   \u2699  ::set-env:: pythonLocation=/opt/hostedtoolcache/Python/3.6.14/x64\n[07638ada-71ff-4e23-aef3-3c080fa164ec/build]   \u2699  ::set-env:: LD_LIBRARY_PATH=/opt/hostedtoolcache/Python/3.6.14/x64/lib\n[07638ada-71ff-4e23-aef3-3c080fa164ec/build]   \u2699  ::set-output:: python-version=3.6.14\n[07638ada-71ff-4e23-aef3-3c080fa164ec/build]   \u2699  ::add-path:: /opt/hostedtoolcache/Python/3.6.14/x64\n[07638ada-71ff-4e23-aef3-3c080fa164ec/build]   \u2699  ::add-path:: /opt/hostedtoolcache/Python/3.6.14/x64/bin\n[07638ada-71ff-4e23-aef3-3c080fa164ec/build] \u2b50 Run Main Install dependencies\n[07638ada-71ff-4e23-aef3-3c080fa164ec/build]   \ud83d\udc33  docker exec cmd=[bash --noprofile --norc -e -o pipefail /var/run/act/workflow/2] user= workdir=\n[07638ada-71ff-4e23-aef3-3c080fa164ec/build]   | Requirement already satisfied: pip in /opt/hostedtoolcache/Python/3.6.14/x64/lib/python3.6/site-packages (21.2.4)\n[07638ada-71ff-4e23-aef3-3c080fa164ec/build]   | Collecting pip\n[07638ada-71ff-4e23-aef3-3c080fa164ec/build]   |   Downloading pip-21.3.1-py3-none-any.whl (1.7 MB)\n[07638ada-71ff-4e23-aef3-3c080fa164ec/build]   | Installing collected packages: pip\n[07638ada-71ff-4e23-aef3-3c080fa164ec/build]   |   Attempting uninstall: pip\n[07638ada-71ff-4e23-aef3-3c080fa164ec/build]   |     Found existing installation: pip 21.2.4\n[07638ada-71ff-4e23-aef3-3c080fa164ec/build]   |     Uninstalling pip-21.2.4:\n[07638ada-71ff-4e23-aef3-3c080fa164ec/build]   |       Successfully uninstalled pip-21.2.4\n[07638ada-71ff-4e23-aef3-3c080fa164ec/build]   | Successfully installed pip-21.3.1\n[07638ada-71ff-4e23-aef3-3c080fa164ec/build]   | Collecting Django==2.2.*\n[07638ada-71ff-4e23-aef3-3c080fa164ec/build]   |   Downloading Django-2.2.28-py3-none-any.whl (7.5 MB)\n[07638ada-71ff-4e23-aef3-3c080fa164ec/build]   | Collecting pytz\n[07638ada-71ff-4e23-aef3-3c080fa164ec/build]   |   Downloading pytz-2023.3-py2.py3-none-any.whl (502 kB)\n[07638ada-71ff-4e23-aef3-3c080fa164ec/build]   | Collecting sqlparse>=0.2.2\n[07638ada-71ff-4e23-aef3-3c080fa164ec/build]   |   Downloading sqlparse-0.4.4-py3-none-any.whl (41 kB)\n[07638ada-71ff-4e23-aef3-3c080fa164ec/build]   | Installing collected packages: sqlparse, pytz, Django\n[07638ada-71ff-4e23-aef3-3c080fa164ec/build]   | Successfully installed Django-2.2.28 pytz-2023.3 sqlparse-0.4.4\n[07638ada-71ff-4e23-aef3-3c080fa164ec/build]   | Obtaining file:///tmp/558156d8-17ed-11ee-8a50-bb14de238602/redzej-graphene-permissions\n[07638ada-71ff-4e23-aef3-3c080fa164ec/build]   |   Preparing metadata (setup.py): started\n[07638ada-71ff-4e23-aef3-3c080fa164ec/build]   |   Preparing metadata (setup.py): finished with status 'done'\n[07638ada-71ff-4e23-aef3-3c080fa164ec/build]   | Collecting django-filter\n[07638ada-71ff-4e23-aef3-3c080fa164ec/build]   |   Downloading django_filter-21.1-py3-none-any.whl (81 kB)\n[07638ada-71ff-4e23-aef3-3c080fa164ec/build]   | Collecting graphene\n[07638ada-71ff-4e23-aef3-3c080fa164ec/build]   |   Downloading graphene-3.2.2-py2.py3-none-any.whl (125 kB)\n[07638ada-71ff-4e23-aef3-3c080fa164ec/build]   | Collecting graphene-django\n[07638ada-71ff-4e23-aef3-3c080fa164ec/build]   |   Downloading graphene_django-3.1.2-py2.py3-none-any.whl (106 kB)\n[07638ada-71ff-4e23-aef3-3c080fa164ec/build]   | Requirement already satisfied: Django>=2.2 in /opt/hostedtoolcache/Python/3.6.14/x64/lib/python3.6/site-packages (from django-filter->graphene-permissions==1.1.4) (2.2.28)\n[07638ada-71ff-4e23-aef3-3c080fa164ec/build]   | Collecting graphql-core<3.3,>=3.1\n[07638ada-71ff-4e23-aef3-3c080fa164ec/build]   |   Downloading graphql_core-3.2.3-py3-none-any.whl (202 kB)\n[07638ada-71ff-4e23-aef3-3c080fa164ec/build]   | Collecting graphql-relay<3.3,>=3.1\n[07638ada-71ff-4e23-aef3-3c080fa164ec/build]   |   Downloading graphql_relay-3.2.0-py3-none-any.whl (16 kB)\n[07638ada-71ff-4e23-aef3-3c080fa164ec/build]   | Collecting aniso8601<10,>=8\n[07638ada-71ff-4e23-aef3-3c080fa164ec/build]   |   Downloading aniso8601-9.0.1-py2.py3-none-any.whl (52 kB)\n[07638ada-71ff-4e23-aef3-3c080fa164ec/build]   | Collecting promise>=2.1\n[07638ada-71ff-4e23-aef3-3c080fa164ec/build]   |   Downloading promise-2.3.tar.gz (19 kB)\n[07638ada-71ff-4e23-aef3-3c080fa164ec/build]   |   Preparing metadata (setup.py): started\n[07638ada-71ff-4e23-aef3-3c080fa164ec/build]   |   Preparing metadata (setup.py): finished with status 'done'\n[07638ada-71ff-4e23-aef3-3c080fa164ec/build]   | Collecting Django>=2.2\n[07638ada-71ff-4e23-aef3-3c080fa164ec/build]   |   Downloading Django-3.2.19-py3-none-any.whl (7.9 MB)\n[07638ada-71ff-4e23-aef3-3c080fa164ec/build]   | Collecting text-unidecode\n[07638ada-71ff-4e23-aef3-3c080fa164ec/build]   |   Downloading text_unidecode-1.3-py2.py3-none-any.whl (78 kB)\n[07638ada-71ff-4e23-aef3-3c080fa164ec/build]   | Requirement already satisfied: sqlparse>=0.2.2 in /opt/hostedtoolcache/Python/3.6.14/x64/lib/python3.6/site-packages (from Django>=2.2->django-filter->graphene-permissions==1.1.4) (0.4.4)\n[07638ada-71ff-4e23-aef3-3c080fa164ec/build]   | Requirement already satisfied: pytz in /opt/hostedtoolcache/Python/3.6.14/x64/lib/python3.6/site-packages (from Django>=2.2->django-filter->graphene-permissions==1.1.4) (2023.3)\n[07638ada-71ff-4e23-aef3-3c080fa164ec/build]   | Collecting asgiref<4,>=3.3.2\n[07638ada-71ff-4e23-aef3-3c080fa164ec/build]   |   Downloading asgiref-3.4.1-py3-none-any.whl (25 kB)\n[07638ada-71ff-4e23-aef3-3c080fa164ec/build]   | Collecting graphql-core<3.3,>=3.1\n[07638ada-71ff-4e23-aef3-3c080fa164ec/build]   |   Downloading graphql_core-3.2.2-py3-none-any.whl (202 kB)\n[07638ada-71ff-4e23-aef3-3c080fa164ec/build]   |   Downloading graphql_core-3.2.1-py3-none-any.whl (202 kB)\n[07638ada-71ff-4e23-aef3-3c080fa164ec/build]   | Collecting typing-extensions<5,>=4.1\n[07638ada-71ff-4e23-aef3-3c080fa164ec/build]   |   Downloading typing_extensions-4.1.1-py3-none-any.whl (26 kB)\n[07638ada-71ff-4e23-aef3-3c080fa164ec/build]   | Collecting six\n[07638ada-71ff-4e23-aef3-3c080fa164ec/build]   |   Downloading six-1.16.0-py2.py3-none-any.whl (11 kB)\n[07638ada-71ff-4e23-aef3-3c080fa164ec/build]   | Using legacy 'setup.py install' for promise, since package 'wheel' is not installed.\n[07638ada-71ff-4e23-aef3-3c080fa164ec/build]   | Installing collected packages: typing-extensions, graphql-core, six, graphql-relay, asgiref, aniso8601, text-unidecode, promise, graphene, Django, graphene-django, django-filter, graphene-permissions\n[07638ada-71ff-4e23-aef3-3c080fa164ec/build]   |     Running setup.py install for promise: started\n[07638ada-71ff-4e23-aef3-3c080fa164ec/build]   |     Running setup.py install for promise: finished with status 'done'\n[07638ada-71ff-4e23-aef3-3c080fa164ec/build]   |   Attempting uninstall: Django\n[07638ada-71ff-4e23-aef3-3c080fa164ec/build]   |     Found existing installation: Django 2.2.28\n[07638ada-71ff-4e23-aef3-3c080fa164ec/build]   |     Uninstalling Django-2.2.28:\n[07638ada-71ff-4e23-aef3-3c080fa164ec/build]   |       Successfully uninstalled Django-2.2.28\n[07638ada-71ff-4e23-aef3-3c080fa164ec/build]   |   Running setup.py develop for graphene-permissions\n[07638ada-71ff-4e23-aef3-3c080fa164ec/build]   | Successfully installed Django-3.2.19 aniso8601-9.0.1 asgiref-3.4.1 django-filter-21.1 graphene-3.2.2 graphene-django-3.1.2 graphene-permissions-1.1.4 graphql-core-3.2.1 graphql-relay-3.2.0 promise-2.3 six-1.16.0 text-unidecode-1.3 typing-extensions-4.1.1\n[07638ada-71ff-4e23-aef3-3c080fa164ec/build]   | Collecting flake8==3.8.4\n[07638ada-71ff-4e23-aef3-3c080fa164ec/build]   |   Downloading flake8-3.8.4-py2.py3-none-any.whl (72 kB)\n[07638ada-71ff-4e23-aef3-3c080fa164ec/build]   | Collecting isort==5.7.0\n[07638ada-71ff-4e23-aef3-3c080fa164ec/build]   |   Downloading isort-5.7.0-py3-none-any.whl (104 kB)\n[07638ada-71ff-4e23-aef3-3c080fa164ec/build]   | Collecting mypy==0.790\n[07638ada-71ff-4e23-aef3-3c080fa164ec/build]   |   Downloading mypy-0.790-cp36-cp36m-manylinux1_x86_64.whl (21.0 MB)\n[07638ada-71ff-4e23-aef3-3c080fa164ec/build]   | Collecting pytest==6.2.1\n[07638ada-71ff-4e23-aef3-3c080fa164ec/build]   |   Downloading pytest-6.2.1-py3-none-any.whl (279 kB)\n[07638ada-71ff-4e23-aef3-3c080fa164ec/build]   | Collecting pytest-cov>=2.10.1\n[07638ada-71ff-4e23-aef3-3c080fa164ec/build]   |   Downloading pytest_cov-4.0.0-py3-none-any.whl (21 kB)\n[07638ada-71ff-4e23-aef3-3c080fa164ec/build]   | Collecting pytest-django>=4.1.0\n[07638ada-71ff-4e23-aef3-3c080fa164ec/build]   |   Downloading pytest_django-4.5.2-py3-none-any.whl (20 kB)\n[07638ada-71ff-4e23-aef3-3c080fa164ec/build]   | Collecting pyyaml==5.3.1\n[07638ada-71ff-4e23-aef3-3c080fa164ec/build]   |   Downloading PyYAML-5.3.1.tar.gz (269 kB)\n[07638ada-71ff-4e23-aef3-3c080fa164ec/build]   |   Preparing metadata (setup.py): started\n[07638ada-71ff-4e23-aef3-3c080fa164ec/build]   |   Preparing metadata (setup.py): finished with status 'done'\n[07638ada-71ff-4e23-aef3-3c080fa164ec/build]   | Collecting twine==3.3.0\n[07638ada-71ff-4e23-aef3-3c080fa164ec/build]   |   Downloading twine-3.3.0-py3-none-any.whl (34 kB)\n[07638ada-71ff-4e23-aef3-3c080fa164ec/build]   | Collecting pycodestyle<2.7.0,>=2.6.0a1\n[07638ada-71ff-4e23-aef3-3c080fa164ec/build]   |   Downloading pycodestyle-2.6.0-py2.py3-none-any.whl (41 kB)\n[07638ada-71ff-4e23-aef3-3c080fa164ec/build]   | Collecting pyflakes<2.3.0,>=2.2.0\n[07638ada-71ff-4e23-aef3-3c080fa164ec/build]   |   Downloading pyflakes-2.2.0-py2.py3-none-any.whl (66 kB)\n[07638ada-71ff-4e23-aef3-3c080fa164ec/build]   | Collecting mccabe<0.7.0,>=0.6.0\n[07638ada-71ff-4e23-aef3-3c080fa164ec/build]   |   Downloading mccabe-0.6.1-py2.py3-none-any.whl (8.6 kB)\n[07638ada-71ff-4e23-aef3-3c080fa164ec/build]   | Collecting importlib-metadata\n[07638ada-71ff-4e23-aef3-3c080fa164ec/build]   |   Downloading importlib_metadata-4.8.3-py3-none-any.whl (17 kB)\n[07638ada-71ff-4e23-aef3-3c080fa164ec/build]   | Collecting mypy-extensions<0.5.0,>=0.4.3\n[07638ada-71ff-4e23-aef3-3c080fa164ec/build]   |   Downloading mypy_extensions-0.4.4.tar.gz (4.2 kB)\n[07638ada-71ff-4e23-aef3-3c080fa164ec/build]   |   Preparing metadata (setup.py): started\n[07638ada-71ff-4e23-aef3-3c080fa164ec/build]   |   Preparing metadata (setup.py): finished with status 'done'\n[07638ada-71ff-4e23-aef3-3c080fa164ec/build]   | Requirement already satisfied: typing-extensions>=3.7.4 in /opt/hostedtoolcache/Python/3.6.14/x64/lib/python3.6/site-packages (from mypy==0.790->-r requirements/requirements-test.txt (line 3)) (4.1.1)\n[07638ada-71ff-4e23-aef3-3c080fa164ec/build]   | Collecting typed-ast<1.5.0,>=1.4.0\n[07638ada-71ff-4e23-aef3-3c080fa164ec/build]   |   Downloading typed_ast-1.4.3-cp36-cp36m-manylinux1_x86_64.whl (743 kB)\n[07638ada-71ff-4e23-aef3-3c080fa164ec/build]   | Collecting pluggy<1.0.0a1,>=0.12\n[07638ada-71ff-4e23-aef3-3c080fa164ec/build]   |   Downloading pluggy-0.13.1-py2.py3-none-any.whl (18 kB)\n[07638ada-71ff-4e23-aef3-3c080fa164ec/build]   | Collecting iniconfig\n[07638ada-71ff-4e23-aef3-3c080fa164ec/build]   |   Downloading iniconfig-1.1.1-py2.py3-none-any.whl (5.0 kB)\n[07638ada-71ff-4e23-aef3-3c080fa164ec/build]   | Collecting attrs>=19.2.0\n[07638ada-71ff-4e23-aef3-3c080fa164ec/build]   |   Downloading attrs-22.2.0-py3-none-any.whl (60 kB)\n[07638ada-71ff-4e23-aef3-3c080fa164ec/build]   | Collecting packaging\n[07638ada-71ff-4e23-aef3-3c080fa164ec/build]   |   Downloading packaging-21.3-py3-none-any.whl (40 kB)\n[07638ada-71ff-4e23-aef3-3c080fa164ec/build]   | Collecting toml\n[07638ada-71ff-4e23-aef3-3c080fa164ec/build]   |   Downloading toml-0.10.2-py2.py3-none-any.whl (16 kB)\n[07638ada-71ff-4e23-aef3-3c080fa164ec/build]   | Collecting py>=1.8.2\n[07638ada-71ff-4e23-aef3-3c080fa164ec/build]   |   Downloading py-1.11.0-py2.py3-none-any.whl (98 kB)\n[07638ada-71ff-4e23-aef3-3c080fa164ec/build]   | Collecting keyring>=15.1\n[07638ada-71ff-4e23-aef3-3c080fa164ec/build]   |   Downloading keyring-23.4.1-py3-none-any.whl (33 kB)\n[07638ada-71ff-4e23-aef3-3c080fa164ec/build]   | Collecting pkginfo>=1.4.2\n[07638ada-71ff-4e23-aef3-3c080fa164ec/build]   |   Downloading pkginfo-1.9.6-py3-none-any.whl (30 kB)\n[07638ada-71ff-4e23-aef3-3c080fa164ec/build]   | Collecting readme-renderer>=21.0\n[07638ada-71ff-4e23-aef3-3c080fa164ec/build]   |   Downloading readme_renderer-34.0-py3-none-any.whl (16 kB)\n[07638ada-71ff-4e23-aef3-3c080fa164ec/build]   | Collecting colorama>=0.4.3\n[07638ada-71ff-4e23-aef3-3c080fa164ec/build]   |   Downloading colorama-0.4.5-py2.py3-none-any.whl (16 kB)\n[07638ada-71ff-4e23-aef3-3c080fa164ec/build]   | Collecting requests-toolbelt!=0.9.0,>=0.8.0\n[07638ada-71ff-4e23-aef3-3c080fa164ec/build]   |   Downloading requests_toolbelt-1.0.0-py2.py3-none-any.whl (54 kB)\n[07638ada-71ff-4e23-aef3-3c080fa164ec/build]   | Collecting requests>=2.20\n[07638ada-71ff-4e23-aef3-3c080fa164ec/build]   |   Downloading requests-2.27.1-py2.py3-none-any.whl (63 kB)\n[07638ada-71ff-4e23-aef3-3c080fa164ec/build]   | Requirement already satisfied: setuptools>=0.7.0 in /opt/hostedtoolcache/Python/3.6.14/x64/lib/python3.6/site-packages (from twine==3.3.0->-r requirements/requirements-test.txt (line 8)) (40.6.2)\n[07638ada-71ff-4e23-aef3-3c080fa164ec/build]   | Collecting rfc3986>=1.4.0\n[07638ada-71ff-4e23-aef3-3c080fa164ec/build]   |   Downloading rfc3986-1.5.0-py2.py3-none-any.whl (31 kB)\n[07638ada-71ff-4e23-aef3-3c080fa164ec/build]   | Collecting tqdm>=4.14\n[07638ada-71ff-4e23-aef3-3c080fa164ec/build]   |   Downloading tqdm-4.64.1-py2.py3-none-any.whl (78 kB)\n[07638ada-71ff-4e23-aef3-3c080fa164ec/build]   | Collecting coverage[toml]>=5.2.1\n[07638ada-71ff-4e23-aef3-3c080fa164ec/build]   |   Downloading coverage-6.2-cp36-cp36m-manylinux_2_5_x86_64.manylinux1_x86_64.manylinux_2_12_x86_64.manylinux2010_x86_64.whl (212 kB)\n[07638ada-71ff-4e23-aef3-3c080fa164ec/build]   | Collecting tomli\n[07638ada-71ff-4e23-aef3-3c080fa164ec/build]   |   Downloading tomli-1.2.3-py3-none-any.whl (12 kB)\n[07638ada-71ff-4e23-aef3-3c080fa164ec/build]   | Collecting zipp>=0.5\n[07638ada-71ff-4e23-aef3-3c080fa164ec/build]   |   Downloading zipp-3.6.0-py3-none-any.whl (5.3 kB)\n[07638ada-71ff-4e23-aef3-3c080fa164ec/build]   | Collecting SecretStorage>=3.2\n[07638ada-71ff-4e23-aef3-3c080fa164ec/build]   |   Downloading SecretStorage-3.3.3-py3-none-any.whl (15 kB)\n[07638ada-71ff-4e23-aef3-3c080fa164ec/build]   | Collecting jeepney>=0.4.2\n[07638ada-71ff-4e23-aef3-3c080fa164ec/build]   |   Downloading jeepney-0.7.1-py3-none-any.whl (54 kB)\n[07638ada-71ff-4e23-aef3-3c080fa164ec/build]   | Collecting Pygments>=2.5.1\n[07638ada-71ff-4e23-aef3-3c080fa164ec/build]   |   Downloading Pygments-2.14.0-py3-none-any.whl (1.1 MB)\n[07638ada-71ff-4e23-aef3-3c080fa164ec/build]   | Collecting bleach>=2.1.0\n[07638ada-71ff-4e23-aef3-3c080fa164ec/build]   |   Downloading bleach-4.1.0-py2.py3-none-any.whl (157 kB)\n[07638ada-71ff-4e23-aef3-3c080fa164ec/build]   | Collecting docutils>=0.13.1\n[07638ada-71ff-4e23-aef3-3c080fa164ec/build]   |   Downloading docutils-0.18.1-py2.py3-none-any.whl (570 kB)\n[07638ada-71ff-4e23-aef3-3c080fa164ec/build]   | Collecting charset-normalizer~=2.0.0\n[07638ada-71ff-4e23-aef3-3c080fa164ec/build]   |   Downloading charset_normalizer-2.0.12-py3-none-any.whl (39 kB)\n[07638ada-71ff-4e23-aef3-3c080fa164ec/build]   | Collecting urllib3<1.27,>=1.21.1\n[07638ada-71ff-4e23-aef3-3c080fa164ec/build]   |   Downloading urllib3-1.26.16-py2.py3-none-any.whl (143 kB)\n[07638ada-71ff-4e23-aef3-3c080fa164ec/build]   | Collecting certifi>=2017.4.17\n[07638ada-71ff-4e23-aef3-3c080fa164ec/build]   |   Downloading certifi-2023.5.7-py3-none-any.whl (156 kB)\n[07638ada-71ff-4e23-aef3-3c080fa164ec/build]   | Collecting idna<4,>=2.5\n[07638ada-71ff-4e23-aef3-3c080fa164ec/build]   |   Downloading idna-3.4-py3-none-any.whl (61 kB)\n[07638ada-71ff-4e23-aef3-3c080fa164ec/build]   | Collecting importlib-resources\n[07638ada-71ff-4e23-aef3-3c080fa164ec/build]   |   Downloading importlib_resources-5.4.0-py3-none-any.whl (28 kB)\n[07638ada-71ff-4e23-aef3-3c080fa164ec/build]   | Collecting pyparsing!=3.0.5,>=2.0.2\n[07638ada-71ff-4e23-aef3-3c080fa164ec/build]   |   Downloading pyparsing-3.1.0-py3-none-any.whl (102 kB)\n[07638ada-71ff-4e23-aef3-3c080fa164ec/build]   | Collecting webencodings\n[07638ada-71ff-4e23-aef3-3c080fa164ec/build]   |   Downloading webencodings-0.5.1-py2.py3-none-any.whl (11 kB)\n[07638ada-71ff-4e23-aef3-3c080fa164ec/build]   | Requirement already satisfied: six>=1.9.0 in /opt/hostedtoolcache/Python/3.6.14/x64/lib/python3.6/site-packages (from bleach>=2.1.0->readme-renderer>=21.0->twine==3.3.0->-r requirements/requirements-test.txt (line 8)) (1.16.0)\n[07638ada-71ff-4e23-aef3-3c080fa164ec/build]   | Collecting cryptography>=2.0\n[07638ada-71ff-4e23-aef3-3c080fa164ec/build]   |   Downloading cryptography-40.0.2-cp36-abi3-manylinux_2_28_x86_64.whl (3.7 MB)\n[07638ada-71ff-4e23-aef3-3c080fa164ec/build]   | Collecting cffi>=1.12\n[07638ada-71ff-4e23-aef3-3c080fa164ec/build]   |   Downloading cffi-1.15.1-cp36-cp36m-manylinux_2_5_x86_64.manylinux1_x86_64.whl (402 kB)\n[07638ada-71ff-4e23-aef3-3c080fa164ec/build]   | Collecting pycparser\n[07638ada-71ff-4e23-aef3-3c080fa164ec/build]   |   Downloading pycparser-2.21-py2.py3-none-any.whl (118 kB)\n[07638ada-71ff-4e23-aef3-3c080fa164ec/build]   | Using legacy 'setup.py install' for pyyaml, since package 'wheel' is not installed.\n[07638ada-71ff-4e23-aef3-3c080fa164ec/build]   | Using legacy 'setup.py install' for mypy-extensions, since package 'wheel' is not installed.\n[07638ada-71ff-4e23-aef3-3c080fa164ec/build]   | Installing collected packages: pycparser, zipp, pyparsing, cffi, webencodings, urllib3, packaging, jeepney, importlib-metadata, idna, cryptography, charset-normalizer, certifi, tomli, toml, SecretStorage, requests, Pygments, py, pluggy, iniconfig, importlib-resources, docutils, coverage, bleach, attrs, typed-ast, tqdm, rfc3986, requests-toolbelt, readme-renderer, pytest, pyflakes, pycodestyle, pkginfo, mypy-extensions, mccabe, keyring, colorama, twine, pyyaml, pytest-django, pytest-cov, mypy, isort, flake8\n[07638ada-71ff-4e23-aef3-3c080fa164ec/build]   |     Running setup.py install for mypy-extensions: started\n[07638ada-71ff-4e23-aef3-3c080fa164ec/build]   |     Running setup.py install for mypy-extensions: finished with status 'done'\n[07638ada-71ff-4e23-aef3-3c080fa164ec/build]   |     Running setup.py install for pyyaml: started\n[07638ada-71ff-4e23-aef3-3c080fa164ec/build]   |     Running setup.py install for pyyaml: finished with status 'done'\n[07638ada-71ff-4e23-aef3-3c080fa164ec/build]   | Successfully installed Pygments-2.14.0 SecretStorage-3.3.3 attrs-22.2.0 bleach-4.1.0 certifi-2023.5.7 cffi-1.15.1 charset-normalizer-2.0.12 colorama-0.4.5 coverage-6.2 cryptography-40.0.2 docutils-0.18.1 flake8-3.8.4 idna-3.4 importlib-metadata-4.8.3 importlib-resources-5.4.0 iniconfig-1.1.1 isort-5.7.0 jeepney-0.7.1 keyring-23.4.1 mccabe-0.6.1 mypy-0.790 mypy-extensions-0.4.4 packaging-21.3 pkginfo-1.9.6 pluggy-0.13.1 py-1.11.0 pycodestyle-2.6.0 pycparser-2.21 pyflakes-2.2.0 pyparsing-3.1.0 pytest-6.2.1 pytest-cov-4.0.0 pytest-django-4.5.2 pyyaml-5.3.1 readme-renderer-34.0 requests-2.27.1 requests-toolbelt-1.0.0 rfc3986-1.5.0 toml-0.10.2 tomli-1.2.3 tqdm-4.64.1 twine-3.3.0 typed-ast-1.4.3 urllib3-1.26.16 webencodings-0.5.1 zipp-3.6.0\n[07638ada-71ff-4e23-aef3-3c080fa164ec/build]   \u2705  Success - Main Install dependencies\n[07638ada-71ff-4e23-aef3-3c080fa164ec/build] \u2b50 Run Main Migrate test db\n[07638ada-71ff-4e23-aef3-3c080fa164ec/build]   \ud83d\udc33  docker exec cmd=[bash --noprofile --norc -e -o pipefail /var/run/act/workflow/3] user= workdir=\n[07638ada-71ff-4e23-aef3-3c080fa164ec/build]   | Traceback (most recent call last):\n[07638ada-71ff-4e23-aef3-3c080fa164ec/build]   |   File \"/opt/hostedtoolcache/Python/3.6.14/x64/lib/python3.6/site-packages/django/apps/config.py\", line 244, in create\n[07638ada-71ff-4e23-aef3-3c080fa164ec/build]   |     app_module = import_module(app_name)\n[07638ada-71ff-4e23-aef3-3c080fa164ec/build]   |   File \"/opt/hostedtoolcache/Python/3.6.14/x64/lib/python3.6/importlib/__init__.py\", line 126, in import_module\n[07638ada-71ff-4e23-aef3-3c080fa164ec/build]   |     return _bootstrap._gcd_import(name[level:], package, level)\n[07638ada-71ff-4e23-aef3-3c080fa164ec/build]   |   File \"<frozen importlib._bootstrap>\", line 994, in _gcd_import\n[07638ada-71ff-4e23-aef3-3c080fa164ec/build]   |   File \"<frozen importlib._bootstrap>\", line 971, in _find_and_load\n[07638ada-71ff-4e23-aef3-3c080fa164ec/build]   |   File \"<frozen importlib._bootstrap>\", line 953, in _find_and_load_unlocked\n[07638ada-71ff-4e23-aef3-3c080fa164ec/build]   | ModuleNotFoundError: No module named 'polls'\n[07638ada-71ff-4e23-aef3-3c080fa164ec/build]   | \n[07638ada-71ff-4e23-aef3-3c080fa164ec/build]   | During handling of the above exception, another exception occurred:\n[07638ada-71ff-4e23-aef3-3c080fa164ec/build]   | \n[07638ada-71ff-4e23-aef3-3c080fa164ec/build]   | Traceback (most recent call last):\n[07638ada-71ff-4e23-aef3-3c080fa164ec/build]   |   File \"tests/test_app/manage.py\", line 22, in <module>\n[07638ada-71ff-4e23-aef3-3c080fa164ec/build]   |     main()\n[07638ada-71ff-4e23-aef3-3c080fa164ec/build]   |   File \"tests/test_app/manage.py\", line 18, in main\n[07638ada-71ff-4e23-aef3-3c080fa164ec/build]   |     execute_from_command_line(sys.argv)\n[07638ada-71ff-4e23-aef3-3c080fa164ec/build]   |   File \"/opt/hostedtoolcache/Python/3.6.14/x64/lib/python3.6/site-packages/django/core/management/__init__.py\", line 419, in execute_from_command_line\n[07638ada-71ff-4e23-aef3-3c080fa164ec/build]   |     utility.execute()\n[07638ada-71ff-4e23-aef3-3c080fa164ec/build]   |   File \"/opt/hostedtoolcache/Python/3.6.14/x64/lib/python3.6/site-packages/django/core/management/__init__.py\", line 395, in execute\n[07638ada-71ff-4e23-aef3-3c080fa164ec/build]   |     django.setup()\n[07638ada-71ff-4e23-aef3-3c080fa164ec/build]   |   File \"/opt/hostedtoolcache/Python/3.6.14/x64/lib/python3.6/site-packages/django/__init__.py\", line 24, in setup\n[07638ada-71ff-4e23-aef3-3c080fa164ec/build]   |     apps.populate(settings.INSTALLED_APPS)\n[07638ada-71ff-4e23-aef3-3c080fa164ec/build]   |   File \"/opt/hostedtoolcache/Python/3.6.14/x64/lib/python3.6/site-packages/django/apps/registry.py\", line 91, in populate\n[07638ada-71ff-4e23-aef3-3c080fa164ec/build]   |     app_config = AppConfig.create(entry)\n[07638ada-71ff-4e23-aef3-3c080fa164ec/build]   |   File \"/opt/hostedtoolcache/Python/3.6.14/x64/lib/python3.6/site-packages/django/apps/config.py\", line 250, in create\n[07638ada-71ff-4e23-aef3-3c080fa164ec/build]   |     app_config_class.__qualname__,\n[07638ada-71ff-4e23-aef3-3c080fa164ec/build]   | django.core.exceptions.ImproperlyConfigured: Cannot import 'polls'. Check that 'tests.test_app.demo_app.apps.PollsConfig.name' is correct.\n[07638ada-71ff-4e23-aef3-3c080fa164ec/build]   \u274c  Failure - Main Migrate test db\n[07638ada-71ff-4e23-aef3-3c080fa164ec/build] exitcode '1': failure\n[07638ada-71ff-4e23-aef3-3c080fa164ec/build] \ud83c\udfc1  Job failed\n",
        "stderr": "Error: Job 'build' failed\n",
        "workflow": {
            "path": "/tmp/558156d8-17ed-11ee-8a50-bb14de238602/redzej-graphene-permissions/.github/workflows/pytest-crawler.yml",
            "type": "pytest"
        },
        "workflow_name": "07638ada-71ff-4e23-aef3-3c080fa164ec",
        "build_tool": "pytest",
        "elapsed_time": 208.85059118270874
    }
}