{
    "repository": "replicate/replicate-python",
    "stars": 295,
    "language": "python",
    "size": 117,
    "clone_url": "https://github.com/replicate/replicate-python.git",
    "timestamp": "2023-07-01T17:33:14.280390Z",
    "clone_success": true,
    "number_of_actions": 2,
    "number_of_test_actions": 1,
    "actions_successful": false,
    "actions_build_tools": [
        "unknown",
        "pytest"
    ],
    "actions_test_build_tools": [
        "pytest"
    ],
    "actions_run": {
        "failed": true,
        "tests": [
            {
                "classname": "tests.test_client",
                "name": "test_client_sets_authorization_token_and_user_agent_headers",
                "time": 0.003,
                "results": [
                    {
                        "result": "Passed",
                        "message": "",
                        "type": ""
                    }
                ],
                "stdout": null,
                "stderr": null
            },
            {
                "classname": "tests.test_client",
                "name": "test_run",
                "time": 0.507,
                "results": [
                    {
                        "result": "Passed",
                        "message": "",
                        "type": ""
                    }
                ],
                "stdout": null,
                "stderr": null
            },
            {
                "classname": "tests.test_client",
                "name": "test_run_with_iterator",
                "time": 0.51,
                "results": [
                    {
                        "result": "Passed",
                        "message": "",
                        "type": ""
                    }
                ],
                "stdout": null,
                "stderr": null
            },
            {
                "classname": "tests.test_client",
                "name": "test_run_with_list",
                "time": 0.51,
                "results": [
                    {
                        "result": "Passed",
                        "message": "",
                        "type": ""
                    }
                ],
                "stdout": null,
                "stderr": null
            },
            {
                "classname": "tests.test_client",
                "name": "test_run_with_iterator_backwards_compatibility_cog_0_3_8",
                "time": 0.51,
                "results": [
                    {
                        "result": "Passed",
                        "message": "",
                        "type": ""
                    }
                ],
                "stdout": null,
                "stderr": null
            },
            {
                "classname": "tests.test_client",
                "name": "test_predict_with_iterator_with_failed_prediction",
                "time": 0.51,
                "results": [
                    {
                        "result": "Passed",
                        "message": "",
                        "type": ""
                    }
                ],
                "stdout": null,
                "stderr": null
            },
            {
                "classname": "tests.test_model",
                "name": "test_versions",
                "time": 0.004,
                "results": [
                    {
                        "result": "Passed",
                        "message": "",
                        "type": ""
                    }
                ],
                "stdout": null,
                "stderr": null
            },
            {
                "classname": "tests.test_prediction",
                "name": "test_create_works_with_webhooks",
                "time": 0.004,
                "results": [
                    {
                        "result": "Passed",
                        "message": "",
                        "type": ""
                    }
                ],
                "stdout": null,
                "stderr": null
            },
            {
                "classname": "tests.test_prediction",
                "name": "test_cancel",
                "time": 0.019,
                "results": [
                    {
                        "result": "Passed",
                        "message": "",
                        "type": ""
                    }
                ],
                "stdout": null,
                "stderr": null
            },
            {
                "classname": "tests.test_prediction",
                "name": "test_async_timings",
                "time": 0.507,
                "results": [
                    {
                        "result": "Passed",
                        "message": "",
                        "type": ""
                    }
                ],
                "stdout": null,
                "stderr": null
            },
            {
                "classname": "tests.test_training",
                "name": "test_create_works_with_webhooks",
                "time": 0.004,
                "results": [
                    {
                        "result": "Passed",
                        "message": "",
                        "type": ""
                    }
                ],
                "stdout": null,
                "stderr": null
            },
            {
                "classname": "tests.test_training",
                "name": "test_cancel",
                "time": 0.005,
                "results": [
                    {
                        "result": "Passed",
                        "message": "",
                        "type": ""
                    }
                ],
                "stdout": null,
                "stderr": null
            },
            {
                "classname": "tests.test_training",
                "name": "test_async_timings",
                "time": 0.005,
                "results": [
                    {
                        "result": "Passed",
                        "message": "",
                        "type": ""
                    }
                ],
                "stdout": null,
                "stderr": null
            },
            {
                "classname": "tests.test_version",
                "name": "test_predict",
                "time": 0.507,
                "results": [
                    {
                        "result": "Passed",
                        "message": "",
                        "type": ""
                    }
                ],
                "stdout": null,
                "stderr": null
            },
            {
                "classname": "tests.test_version",
                "name": "test_predict_with_iterator",
                "time": 0.507,
                "results": [
                    {
                        "result": "Passed",
                        "message": "",
                        "type": ""
                    }
                ],
                "stdout": null,
                "stderr": null
            },
            {
                "classname": "tests.test_version",
                "name": "test_predict_with_list",
                "time": 0.507,
                "results": [
                    {
                        "result": "Passed",
                        "message": "",
                        "type": ""
                    }
                ],
                "stdout": null,
                "stderr": null
            },
            {
                "classname": "tests.test_version",
                "name": "test_predict_with_iterator_backwards_compatibility_cog_0_3_8",
                "time": 0.518,
                "results": [
                    {
                        "result": "Passed",
                        "message": "",
                        "type": ""
                    }
                ],
                "stdout": null,
                "stderr": null
            },
            {
                "classname": "tests.test_version",
                "name": "test_predict_with_iterator_with_failed_prediction",
                "time": 0.509,
                "results": [
                    {
                        "result": "Passed",
                        "message": "",
                        "type": ""
                    }
                ],
                "stdout": null,
                "stderr": null
            }
        ],
        "stdout": "[ee21282d-d174-4491-b542-fa43c6c4d615/Test Python 3.8] \ud83d\ude80  Start image=crawlergpt:latest\n[ee21282d-d174-4491-b542-fa43c6c4d615/Test Python 3.8]   \ud83d\udc33  docker pull image=crawlergpt:latest platform= username= forcePull=false\n[ee21282d-d174-4491-b542-fa43c6c4d615/Test Python 3.8]   \ud83d\udc33  docker create image=crawlergpt:latest platform= entrypoint=[\"tail\" \"-f\" \"/dev/null\"] cmd=[]\n[ee21282d-d174-4491-b542-fa43c6c4d615/Test Python 3.8]   \ud83d\udc33  docker run image=crawlergpt:latest platform= entrypoint=[\"tail\" \"-f\" \"/dev/null\"] cmd=[]\n[ee21282d-d174-4491-b542-fa43c6c4d615/Test Python 3.8]   \ud83d\udc33  docker exec cmd=[chown -R 1012:1013 /tmp/558156d8-17ed-11ee-8a50-bb14de238602/replicate-replicate-python] user=0 workdir=\n[ee21282d-d174-4491-b542-fa43c6c4d615/Test Python 3.8]   \u2601  git clone 'https://github.com/actions/setup-python' # ref=v3\n[ee21282d-d174-4491-b542-fa43c6c4d615/Test Python 3.8] \ud83e\uddea  Matrix: map[python-version:3.8]\n[ee21282d-d174-4491-b542-fa43c6c4d615/Test Python 3.8] \u2b50 Run Main actions/checkout@v3\n[ee21282d-d174-4491-b542-fa43c6c4d615/Test Python 3.8]   \u2705  Success - Main actions/checkout@v3\n[ee21282d-d174-4491-b542-fa43c6c4d615/Test Python 3.8] \u2b50 Run Main actions/setup-python@v3\n[ee21282d-d174-4491-b542-fa43c6c4d615/Test Python 3.8]   \ud83d\udc33  docker cp src=/tmp/act-cache/9742cab6-1151-490e-bc45-ba8705780598/act/actions-setup-python@v3/ dst=/var/run/act/actions/actions-setup-python@v3/\n[ee21282d-d174-4491-b542-fa43c6c4d615/Test Python 3.8]   \ud83d\udc33  docker exec cmd=[chown -R 1012:1013 /var/run/act/actions/actions-setup-python@v3/] user=0 workdir=\n[ee21282d-d174-4491-b542-fa43c6c4d615/Test Python 3.8]   \ud83d\udc33  docker exec cmd=[node /var/run/act/actions/actions-setup-python@v3/dist/setup/index.js] user= workdir=\n[ee21282d-d174-4491-b542-fa43c6c4d615/Test Python 3.8]   \ud83d\udcac  ::debug::Semantic version spec of 3.8 is 3.8\n[ee21282d-d174-4491-b542-fa43c6c4d615/Test Python 3.8]   \ud83d\udcac  ::debug::isExplicit: \n[ee21282d-d174-4491-b542-fa43c6c4d615/Test Python 3.8]   \ud83d\udcac  ::debug::explicit? false\n[ee21282d-d174-4491-b542-fa43c6c4d615/Test Python 3.8]   \ud83d\udcac  ::debug::isExplicit: 2.7.18\n[ee21282d-d174-4491-b542-fa43c6c4d615/Test Python 3.8]   \ud83d\udcac  ::debug::explicit? true\n[ee21282d-d174-4491-b542-fa43c6c4d615/Test Python 3.8]   \ud83d\udcac  ::debug::isExplicit: 3.5.10\n[ee21282d-d174-4491-b542-fa43c6c4d615/Test Python 3.8]   \ud83d\udcac  ::debug::explicit? true\n[ee21282d-d174-4491-b542-fa43c6c4d615/Test Python 3.8]   \ud83d\udcac  ::debug::isExplicit: 3.6.14\n[ee21282d-d174-4491-b542-fa43c6c4d615/Test Python 3.8]   \ud83d\udcac  ::debug::explicit? true\n[ee21282d-d174-4491-b542-fa43c6c4d615/Test Python 3.8]   \ud83d\udcac  ::debug::isExplicit: 3.7.11\n[ee21282d-d174-4491-b542-fa43c6c4d615/Test Python 3.8]   \ud83d\udcac  ::debug::explicit? true\n[ee21282d-d174-4491-b542-fa43c6c4d615/Test Python 3.8]   \ud83d\udcac  ::debug::isExplicit: 3.8.11\n[ee21282d-d174-4491-b542-fa43c6c4d615/Test Python 3.8]   \ud83d\udcac  ::debug::explicit? true\n[ee21282d-d174-4491-b542-fa43c6c4d615/Test Python 3.8]   \ud83d\udcac  ::debug::isExplicit: 3.9.6\n[ee21282d-d174-4491-b542-fa43c6c4d615/Test Python 3.8]   \ud83d\udcac  ::debug::explicit? true\n[ee21282d-d174-4491-b542-fa43c6c4d615/Test Python 3.8]   \ud83d\udcac  ::debug::evaluating 6 versions\n[ee21282d-d174-4491-b542-fa43c6c4d615/Test Python 3.8]   \ud83d\udcac  ::debug::matched: 3.8.11\n[ee21282d-d174-4491-b542-fa43c6c4d615/Test Python 3.8]   \ud83d\udcac  ::debug::checking cache: /opt/hostedtoolcache/Python/3.8.11/x64\n[ee21282d-d174-4491-b542-fa43c6c4d615/Test Python 3.8]   \ud83d\udcac  ::debug::Found tool in cache Python 3.8.11 x64\n[ee21282d-d174-4491-b542-fa43c6c4d615/Test Python 3.8]   | Successfully setup CPython (3.8.11)\n[ee21282d-d174-4491-b542-fa43c6c4d615/Test Python 3.8]   \ud83d\udcac  ::debug::followSymbolicLinks 'true'\n[ee21282d-d174-4491-b542-fa43c6c4d615/Test Python 3.8]   \ud83d\udcac  ::debug::followSymbolicLinks 'true'\n[ee21282d-d174-4491-b542-fa43c6c4d615/Test Python 3.8]   \ud83d\udcac  ::debug::implicitDescendants 'true'\n[ee21282d-d174-4491-b542-fa43c6c4d615/Test Python 3.8]   \ud83d\udcac  ::debug::matchDirectories 'true'\n[ee21282d-d174-4491-b542-fa43c6c4d615/Test Python 3.8]   \ud83d\udcac  ::debug::omitBrokenSymbolicLinks 'true'\n[ee21282d-d174-4491-b542-fa43c6c4d615/Test Python 3.8]   \ud83d\udcac  ::debug::Search path '/tmp/558156d8-17ed-11ee-8a50-bb14de238602/replicate-replicate-python'\n[ee21282d-d174-4491-b542-fa43c6c4d615/Test Python 3.8]   \ud83d\udcac  ::debug::/tmp/558156d8-17ed-11ee-8a50-bb14de238602/replicate-replicate-python/requirements.txt\n[ee21282d-d174-4491-b542-fa43c6c4d615/Test Python 3.8]   \ud83d\udcac  ::debug::Found 1 files to hash.\n[ee21282d-d174-4491-b542-fa43c6c4d615/Test Python 3.8]   | [command]/opt/hostedtoolcache/Python/3.8.11/x64/bin/pip cache dir\n[ee21282d-d174-4491-b542-fa43c6c4d615/Test Python 3.8]   | /home/runneradmin/.cache/pip\n[ee21282d-d174-4491-b542-fa43c6c4d615/Test Python 3.8]   \ud83d\udcac  ::debug::global cache directory path is /home/runneradmin/.cache/pip\n[ee21282d-d174-4491-b542-fa43c6c4d615/Test Python 3.8]   \ud83d\udcac  ::debug::Resolved Keys:\n[ee21282d-d174-4491-b542-fa43c6c4d615/Test Python 3.8]   \ud83d\udcac  ::debug::[\"setup-python-Linux-python-3.8.11-pip-cf39c801df7354cd4b30d65ef0ff00846119a2e1a52a1f7d4d77e50e6df42fb7\",\"setup-python-Linux-python-3.8.11-pip\"]\n[ee21282d-d174-4491-b542-fa43c6c4d615/Test Python 3.8]   \ud83d\udcac  ::debug::Checking zstd --version\n[ee21282d-d174-4491-b542-fa43c6c4d615/Test Python 3.8]   \ud83d\udcac  ::debug::*** zstd command line interface 64-bits v1.5.0, by Yann Collet ***\n[ee21282d-d174-4491-b542-fa43c6c4d615/Test Python 3.8]   \ud83d\udcac  ::debug::Resource Url: http://130.242.72.40:36859/_apis/artifactcache/cache?keys=setup-python-Linux-python-3.8.11-pip-cf39c801df7354cd4b30d65ef0ff00846119a2e1a52a1f7d4d77e50e6df42fb7%252Csetup-python-Linux-python-3.8.11-pip&version=79a244514713d0ea96d5d8aab70186082a897848df6e845ec8308965d2f82f4f\n[ee21282d-d174-4491-b542-fa43c6c4d615/Test Python 3.8]   | pip cache is not found\n[ee21282d-d174-4491-b542-fa43c6c4d615/Test Python 3.8]   \u2753 add-matcher /run/act/actions/actions-setup-python@v3/.github/python.json\n[ee21282d-d174-4491-b542-fa43c6c4d615/Test Python 3.8]   \u2705  Success - Main actions/setup-python@v3\n[ee21282d-d174-4491-b542-fa43c6c4d615/Test Python 3.8]   \u2699  ::set-env:: pythonLocation=/opt/hostedtoolcache/Python/3.8.11/x64\n[ee21282d-d174-4491-b542-fa43c6c4d615/Test Python 3.8]   \u2699  ::set-env:: LD_LIBRARY_PATH=/opt/hostedtoolcache/Python/3.8.11/x64/lib\n[ee21282d-d174-4491-b542-fa43c6c4d615/Test Python 3.8]   \u2699  ::set-output:: python-version=3.8.11\n[ee21282d-d174-4491-b542-fa43c6c4d615/Test Python 3.8]   \u2699  ::set-output:: cache-hit=false\n[ee21282d-d174-4491-b542-fa43c6c4d615/Test Python 3.8]   \u2699  ::add-path:: /opt/hostedtoolcache/Python/3.8.11/x64\n[ee21282d-d174-4491-b542-fa43c6c4d615/Test Python 3.8]   \u2699  ::add-path:: /opt/hostedtoolcache/Python/3.8.11/x64/bin\n[ee21282d-d174-4491-b542-fa43c6c4d615/Test Python 3.8] \u2b50 Run Main Install dependencies\n[ee21282d-d174-4491-b542-fa43c6c4d615/Test Python 3.8]   \ud83d\udc33  docker exec cmd=[bash --noprofile --norc -e -o pipefail /var/run/act/workflow/2.sh] user= workdir=\n[ee21282d-d174-4491-b542-fa43c6c4d615/Test Python 3.8]   | Processing /tmp/558156d8-17ed-11ee-8a50-bb14de238602/replicate-replicate-python\n[ee21282d-d174-4491-b542-fa43c6c4d615/Test Python 3.8]   |   DEPRECATION: A future pip version will change local packages to be built in-place without first copying to a temporary directory. We recommend you use --use-feature=in-tree-build to test your packages with this new behavior before it becomes the default.\n[ee21282d-d174-4491-b542-fa43c6c4d615/Test Python 3.8]   |    pip 21.3 will remove support for this functionality. You can find discussion regarding this at https://github.com/pypa/pip/issues/7555.\n[ee21282d-d174-4491-b542-fa43c6c4d615/Test Python 3.8]   |   Installing build dependencies: started\n[ee21282d-d174-4491-b542-fa43c6c4d615/Test Python 3.8]   |   Installing build dependencies: finished with status 'done'\n[ee21282d-d174-4491-b542-fa43c6c4d615/Test Python 3.8]   |   Getting requirements to build wheel: started\n[ee21282d-d174-4491-b542-fa43c6c4d615/Test Python 3.8]   |   Getting requirements to build wheel: finished with status 'done'\n[ee21282d-d174-4491-b542-fa43c6c4d615/Test Python 3.8]   |     Preparing wheel metadata: started\n[ee21282d-d174-4491-b542-fa43c6c4d615/Test Python 3.8]   |     Preparing wheel metadata: finished with status 'done'\n[ee21282d-d174-4491-b542-fa43c6c4d615/Test Python 3.8]   | Collecting certifi==2022.12.7\n[ee21282d-d174-4491-b542-fa43c6c4d615/Test Python 3.8]   |   Downloading certifi-2022.12.7-py3-none-any.whl (155 kB)\n[ee21282d-d174-4491-b542-fa43c6c4d615/Test Python 3.8]   | Collecting charset-normalizer==3.1.0\n[ee21282d-d174-4491-b542-fa43c6c4d615/Test Python 3.8]   |   Downloading charset_normalizer-3.1.0-cp38-cp38-manylinux_2_17_x86_64.manylinux2014_x86_64.whl (195 kB)\n[ee21282d-d174-4491-b542-fa43c6c4d615/Test Python 3.8]   | Collecting idna==3.4\n[ee21282d-d174-4491-b542-fa43c6c4d615/Test Python 3.8]   |   Downloading idna-3.4-py3-none-any.whl (61 kB)\n[ee21282d-d174-4491-b542-fa43c6c4d615/Test Python 3.8]   | Collecting packaging==23.0\n[ee21282d-d174-4491-b542-fa43c6c4d615/Test Python 3.8]   |   Downloading packaging-23.0-py3-none-any.whl (42 kB)\n[ee21282d-d174-4491-b542-fa43c6c4d615/Test Python 3.8]   | Collecting pydantic==1.10.7\n[ee21282d-d174-4491-b542-fa43c6c4d615/Test Python 3.8]   |   Downloading pydantic-1.10.7-cp38-cp38-manylinux_2_17_x86_64.manylinux2014_x86_64.whl (3.2 MB)\n[ee21282d-d174-4491-b542-fa43c6c4d615/Test Python 3.8]   | Collecting requests==2.28.2\n[ee21282d-d174-4491-b542-fa43c6c4d615/Test Python 3.8]   |   Downloading requests-2.28.2-py3-none-any.whl (62 kB)\n[ee21282d-d174-4491-b542-fa43c6c4d615/Test Python 3.8]   | Collecting typing-extensions==4.5.0\n[ee21282d-d174-4491-b542-fa43c6c4d615/Test Python 3.8]   |   Downloading typing_extensions-4.5.0-py3-none-any.whl (27 kB)\n[ee21282d-d174-4491-b542-fa43c6c4d615/Test Python 3.8]   | Collecting urllib3==1.26.15\n[ee21282d-d174-4491-b542-fa43c6c4d615/Test Python 3.8]   |   Downloading urllib3-1.26.15-py2.py3-none-any.whl (140 kB)\n[ee21282d-d174-4491-b542-fa43c6c4d615/Test Python 3.8]   | Collecting attrs==22.2.0\n[ee21282d-d174-4491-b542-fa43c6c4d615/Test Python 3.8]   |   Downloading attrs-22.2.0-py3-none-any.whl (60 kB)\n[ee21282d-d174-4491-b542-fa43c6c4d615/Test Python 3.8]   | Collecting black==23.3.0\n[ee21282d-d174-4491-b542-fa43c6c4d615/Test Python 3.8]   |   Downloading black-23.3.0-cp38-cp38-manylinux_2_17_x86_64.manylinux2014_x86_64.whl (1.6 MB)\n[ee21282d-d174-4491-b542-fa43c6c4d615/Test Python 3.8]   | Collecting click==8.1.3\n[ee21282d-d174-4491-b542-fa43c6c4d615/Test Python 3.8]   |   Downloading click-8.1.3-py3-none-any.whl (96 kB)\n[ee21282d-d174-4491-b542-fa43c6c4d615/Test Python 3.8]   | Collecting iniconfig==2.0.0\n[ee21282d-d174-4491-b542-fa43c6c4d615/Test Python 3.8]   |   Downloading iniconfig-2.0.0-py3-none-any.whl (5.9 kB)\n[ee21282d-d174-4491-b542-fa43c6c4d615/Test Python 3.8]   | Collecting mypy==1.2.0\n[ee21282d-d174-4491-b542-fa43c6c4d615/Test Python 3.8]   |   Downloading mypy-1.2.0-cp38-cp38-manylinux_2_17_x86_64.manylinux2014_x86_64.whl (12.2 MB)\n[ee21282d-d174-4491-b542-fa43c6c4d615/Test Python 3.8]   | Collecting mypy-extensions==1.0.0\n[ee21282d-d174-4491-b542-fa43c6c4d615/Test Python 3.8]   |   Downloading mypy_extensions-1.0.0-py3-none-any.whl (4.7 kB)\n[ee21282d-d174-4491-b542-fa43c6c4d615/Test Python 3.8]   | Collecting pathspec==0.11.1\n[ee21282d-d174-4491-b542-fa43c6c4d615/Test Python 3.8]   |   Downloading pathspec-0.11.1-py3-none-any.whl (29 kB)\n[ee21282d-d174-4491-b542-fa43c6c4d615/Test Python 3.8]   | Collecting platformdirs==3.2.0\n[ee21282d-d174-4491-b542-fa43c6c4d615/Test Python 3.8]   |   Downloading platformdirs-3.2.0-py3-none-any.whl (14 kB)\n[ee21282d-d174-4491-b542-fa43c6c4d615/Test Python 3.8]   | Collecting pluggy==1.0.0\n[ee21282d-d174-4491-b542-fa43c6c4d615/Test Python 3.8]   |   Downloading pluggy-1.0.0-py2.py3-none-any.whl (13 kB)\n[ee21282d-d174-4491-b542-fa43c6c4d615/Test Python 3.8]   | Collecting pytest==7.2.2\n[ee21282d-d174-4491-b542-fa43c6c4d615/Test Python 3.8]   |   Downloading pytest-7.2.2-py3-none-any.whl (317 kB)\n[ee21282d-d174-4491-b542-fa43c6c4d615/Test Python 3.8]   | Collecting pyyaml==6.0\n[ee21282d-d174-4491-b542-fa43c6c4d615/Test Python 3.8]   |   Downloading PyYAML-6.0-cp38-cp38-manylinux_2_5_x86_64.manylinux1_x86_64.manylinux_2_12_x86_64.manylinux2010_x86_64.whl (701 kB)\n[ee21282d-d174-4491-b542-fa43c6c4d615/Test Python 3.8]   | Collecting responses==0.23.1\n[ee21282d-d174-4491-b542-fa43c6c4d615/Test Python 3.8]   |   Downloading responses-0.23.1-py3-none-any.whl (52 kB)\n[ee21282d-d174-4491-b542-fa43c6c4d615/Test Python 3.8]   | Collecting ruff==0.0.261\n[ee21282d-d174-4491-b542-fa43c6c4d615/Test Python 3.8]   |   Downloading ruff-0.0.261-py3-none-manylinux_2_17_x86_64.manylinux2014_x86_64.whl (5.3 MB)\n[ee21282d-d174-4491-b542-fa43c6c4d615/Test Python 3.8]   | Collecting types-pyyaml==6.0.12.9\n[ee21282d-d174-4491-b542-fa43c6c4d615/Test Python 3.8]   |   Downloading types_PyYAML-6.0.12.9-py3-none-any.whl (14 kB)\n[ee21282d-d174-4491-b542-fa43c6c4d615/Test Python 3.8]   | Collecting tomli>=1.1.0\n[ee21282d-d174-4491-b542-fa43c6c4d615/Test Python 3.8]   |   Downloading tomli-2.0.1-py3-none-any.whl (12 kB)\n[ee21282d-d174-4491-b542-fa43c6c4d615/Test Python 3.8]   | Collecting exceptiongroup>=1.0.0rc8\n[ee21282d-d174-4491-b542-fa43c6c4d615/Test Python 3.8]   |   Downloading exceptiongroup-1.1.1-py3-none-any.whl (14 kB)\n[ee21282d-d174-4491-b542-fa43c6c4d615/Test Python 3.8]   | Building wheels for collected packages: replicate\n[ee21282d-d174-4491-b542-fa43c6c4d615/Test Python 3.8]   |   Building wheel for replicate (PEP 517): started\n[ee21282d-d174-4491-b542-fa43c6c4d615/Test Python 3.8]   |   Building wheel for replicate (PEP 517): finished with status 'done'\n[ee21282d-d174-4491-b542-fa43c6c4d615/Test Python 3.8]   |   Created wheel for replicate: filename=replicate-0.8.3-py3-none-any.whl size=21392 sha256=d2e299e8bf75f6be0d803569435bd2fcbc944b18f021b6060ad6a8cb235e7bcf\n[ee21282d-d174-4491-b542-fa43c6c4d615/Test Python 3.8]   |   Stored in directory: /home/runneradmin/.cache/pip/wheels/f9/9f/1d/82f2e5373a86b439a2fed1ae2bb7b6cc8a9befab8c552fd4b4\n[ee21282d-d174-4491-b542-fa43c6c4d615/Test Python 3.8]   | Successfully built replicate\n[ee21282d-d174-4491-b542-fa43c6c4d615/Test Python 3.8]   | Installing collected packages: urllib3, typing-extensions, idna, charset-normalizer, certifi, types-pyyaml, tomli, requests, pyyaml, pydantic, pluggy, platformdirs, pathspec, packaging, mypy-extensions, iniconfig, exceptiongroup, click, attrs, ruff, responses, replicate, pytest, mypy, black\n[ee21282d-d174-4491-b542-fa43c6c4d615/Test Python 3.8]   | Successfully installed attrs-22.2.0 black-23.3.0 certifi-2022.12.7 charset-normalizer-3.1.0 click-8.1.3 exceptiongroup-1.1.1 idna-3.4 iniconfig-2.0.0 mypy-1.2.0 mypy-extensions-1.0.0 packaging-23.0 pathspec-0.11.1 platformdirs-3.2.0 pluggy-1.0.0 pydantic-1.10.7 pytest-7.2.2 pyyaml-6.0 replicate-0.8.3 requests-2.28.2 responses-0.23.1 ruff-0.0.261 tomli-2.0.1 types-pyyaml-6.0.12.9 typing-extensions-4.5.0 urllib3-1.26.15\n[ee21282d-d174-4491-b542-fa43c6c4d615/Test Python 3.8]   | WARNING: You are using pip version 21.2.4; however, version 23.1.2 is available.\n[ee21282d-d174-4491-b542-fa43c6c4d615/Test Python 3.8]   | You should consider upgrading via the '/opt/hostedtoolcache/Python/3.8.11/x64/bin/python -m pip install --upgrade pip' command.\n[ee21282d-d174-4491-b542-fa43c6c4d615/Test Python 3.8]   | replicate/files.py:7: error: Library stubs not installed for \"requests\"  [import]\n[ee21282d-d174-4491-b542-fa43c6c4d615/Test Python 3.8]   | replicate/client.py:6: error: Library stubs not installed for \"requests\"  [import]\n[ee21282d-d174-4491-b542-fa43c6c4d615/Test Python 3.8]   | replicate/client.py:7: error: Library stubs not installed for \"requests.adapters\"  [import]\n[ee21282d-d174-4491-b542-fa43c6c4d615/Test Python 3.8]   | replicate/client.py:7: note: Hint: \"python3 -m pip install types-requests\"\n[ee21282d-d174-4491-b542-fa43c6c4d615/Test Python 3.8]   | replicate/client.py:7: note: (or run \"mypy --install-types\" to install all missing stub packages)\n[ee21282d-d174-4491-b542-fa43c6c4d615/Test Python 3.8]   | replicate/client.py:7: note: See https://mypy.readthedocs.io/en/stable/running_mypy.html#missing-imports\n[ee21282d-d174-4491-b542-fa43c6c4d615/Test Python 3.8]   | replicate/client.py:8: error: Library stubs not installed for \"requests.cookies\"  [import]\n[ee21282d-d174-4491-b542-fa43c6c4d615/Test Python 3.8]   | Found 4 errors in 2 files (checked 13 source files)\n[ee21282d-d174-4491-b542-fa43c6c4d615/Test Python 3.8]   | \n[ee21282d-d174-4491-b542-fa43c6c4d615/Test Python 3.8]   | Installing missing stub packages:\n[ee21282d-d174-4491-b542-fa43c6c4d615/Test Python 3.8]   | /opt/hostedtoolcache/Python/3.8.11/x64/bin/python -m pip install types-requests\n[ee21282d-d174-4491-b542-fa43c6c4d615/Test Python 3.8]   | \n[ee21282d-d174-4491-b542-fa43c6c4d615/Test Python 3.8]   | Install? [yN] Collecting types-requests\n[ee21282d-d174-4491-b542-fa43c6c4d615/Test Python 3.8]   |   Downloading types_requests-2.31.0.1-py3-none-any.whl (14 kB)\n[ee21282d-d174-4491-b542-fa43c6c4d615/Test Python 3.8]   | Collecting types-urllib3\n[ee21282d-d174-4491-b542-fa43c6c4d615/Test Python 3.8]   |   Downloading types_urllib3-1.26.25.13-py3-none-any.whl (15 kB)\n[ee21282d-d174-4491-b542-fa43c6c4d615/Test Python 3.8]   | Installing collected packages: types-urllib3, types-requests\n[ee21282d-d174-4491-b542-fa43c6c4d615/Test Python 3.8]   | Successfully installed types-requests-2.31.0.1 types-urllib3-1.26.25.13\n[ee21282d-d174-4491-b542-fa43c6c4d615/Test Python 3.8]   | WARNING: You are using pip version 21.2.4; however, version 23.1.2 is available.\n[ee21282d-d174-4491-b542-fa43c6c4d615/Test Python 3.8]   | You should consider upgrading via the '/opt/hostedtoolcache/Python/3.8.11/x64/bin/python -m pip install --upgrade pip' command.\n[ee21282d-d174-4491-b542-fa43c6c4d615/Test Python 3.8]   | \n[ee21282d-d174-4491-b542-fa43c6c4d615/Test Python 3.8]   | \n[ee21282d-d174-4491-b542-fa43c6c4d615/Test Python 3.8]   | note: Run mypy again for up-to-date results with installed types\n[ee21282d-d174-4491-b542-fa43c6c4d615/Test Python 3.8]   \u2705  Success - Main Install dependencies\n[ee21282d-d174-4491-b542-fa43c6c4d615/Test Python 3.8] \u2b50 Run Main Lint\n[ee21282d-d174-4491-b542-fa43c6c4d615/Test Python 3.8]   \ud83d\udc33  docker exec cmd=[bash --noprofile --norc -e -o pipefail /var/run/act/workflow/3.sh] user= workdir=\n[ee21282d-d174-4491-b542-fa43c6c4d615/Test Python 3.8]   | Success: no issues found in 13 source files\n[ee21282d-d174-4491-b542-fa43c6c4d615/Test Python 3.8]   | All done! \u2728 \ud83c\udf70 \u2728\n[ee21282d-d174-4491-b542-fa43c6c4d615/Test Python 3.8]   | 20 files would be left unchanged.\n[ee21282d-d174-4491-b542-fa43c6c4d615/Test Python 3.8]   \u2705  Success - Main Lint\n[ee21282d-d174-4491-b542-fa43c6c4d615/Test Python 3.8] \u2b50 Run Main Test\n[ee21282d-d174-4491-b542-fa43c6c4d615/Test Python 3.8]   \ud83d\udc33  docker exec cmd=[bash --noprofile --norc -e -o pipefail /var/run/act/workflow/4.sh] user= workdir=\n[ee21282d-d174-4491-b542-fa43c6c4d615/Test Python 3.8]   | ============================= test session starts ==============================\n[ee21282d-d174-4491-b542-fa43c6c4d615/Test Python 3.8]   | platform linux -- Python 3.8.11, pytest-7.2.2, pluggy-1.0.0\n[ee21282d-d174-4491-b542-fa43c6c4d615/Test Python 3.8]   | rootdir: /tmp/558156d8-17ed-11ee-8a50-bb14de238602/replicate-replicate-python, configfile: pyproject.toml, testpaths: tests/\n[ee21282d-d174-4491-b542-fa43c6c4d615/Test Python 3.8]   | collected 18 items\n[ee21282d-d174-4491-b542-fa43c6c4d615/Test Python 3.8]   | \n[ee21282d-d174-4491-b542-fa43c6c4d615/Test Python 3.8]   | tests/test_client.py ......                                              [ 33%]\n[ee21282d-d174-4491-b542-fa43c6c4d615/Test Python 3.8]   | tests/test_model.py .                                                    [ 38%]\n[ee21282d-d174-4491-b542-fa43c6c4d615/Test Python 3.8]   | tests/test_prediction.py ...                                             [ 55%]\n[ee21282d-d174-4491-b542-fa43c6c4d615/Test Python 3.8]   | tests/test_training.py ...                                               [ 72%]\n[ee21282d-d174-4491-b542-fa43c6c4d615/Test Python 3.8]   | tests/test_version.py .....                                              [100%]\n[ee21282d-d174-4491-b542-fa43c6c4d615/Test Python 3.8]   | \n[ee21282d-d174-4491-b542-fa43c6c4d615/Test Python 3.8]   | =============================== warnings summary ===============================\n[ee21282d-d174-4491-b542-fa43c6c4d615/Test Python 3.8]   | tests/test_version.py::test_predict\n[ee21282d-d174-4491-b542-fa43c6c4d615/Test Python 3.8]   | tests/test_version.py::test_predict_with_iterator\n[ee21282d-d174-4491-b542-fa43c6c4d615/Test Python 3.8]   | tests/test_version.py::test_predict_with_list\n[ee21282d-d174-4491-b542-fa43c6c4d615/Test Python 3.8]   | tests/test_version.py::test_predict_with_iterator_backwards_compatibility_cog_0_3_8\n[ee21282d-d174-4491-b542-fa43c6c4d615/Test Python 3.8]   | tests/test_version.py::test_predict_with_iterator_with_failed_prediction\n[ee21282d-d174-4491-b542-fa43c6c4d615/Test Python 3.8]   |   /tmp/558156d8-17ed-11ee-8a50-bb14de238602/replicate-replicate-python/replicate/version.py:23: DeprecationWarning: version.predict() is deprecated. Use replicate.run() instead. It will be removed before version 1.0.\n[ee21282d-d174-4491-b542-fa43c6c4d615/Test Python 3.8]   |     warnings.warn(\n[ee21282d-d174-4491-b542-fa43c6c4d615/Test Python 3.8]   | \n[ee21282d-d174-4491-b542-fa43c6c4d615/Test Python 3.8]   | -- Docs: https://docs.pytest.org/en/stable/how-to/capture-warnings.html\n[ee21282d-d174-4491-b542-fa43c6c4d615/Test Python 3.8]   | - generated xml file: /tmp/558156d8-17ed-11ee-8a50-bb14de238602/replicate-replicate-python/report.xml -\n[ee21282d-d174-4491-b542-fa43c6c4d615/Test Python 3.8]   | ======================== 18 passed, 5 warnings in 5.95s ========================\n[ee21282d-d174-4491-b542-fa43c6c4d615/Test Python 3.8]   \u2705  Success - Main Test\n[ee21282d-d174-4491-b542-fa43c6c4d615/Test Python 3.8] \u2b50 Run Post actions/setup-python@v3\n[ee21282d-d174-4491-b542-fa43c6c4d615/Test Python 3.8]   \ud83d\udc33  docker exec cmd=[node /var/run/act/actions/actions-setup-python@v3/dist/cache-save/index.js] user= workdir=\n[ee21282d-d174-4491-b542-fa43c6c4d615/Test Python 3.8]   \ud83d\udcac  ::debug::paths for caching are /home/runneradmin/.cache/pip\n[ee21282d-d174-4491-b542-fa43c6c4d615/Test Python 3.8]   \ud83d\udcac  ::debug::Checking zstd --version\n[ee21282d-d174-4491-b542-fa43c6c4d615/Test Python 3.8]   \ud83d\udcac  ::debug::*** zstd command line interface 64-bits v1.5.0, by Yann Collet ***\n[ee21282d-d174-4491-b542-fa43c6c4d615/Test Python 3.8]   \ud83d\udcac  ::debug::implicitDescendants 'false'\n[ee21282d-d174-4491-b542-fa43c6c4d615/Test Python 3.8]   \ud83d\udcac  ::debug::followSymbolicLinks 'true'\n[ee21282d-d174-4491-b542-fa43c6c4d615/Test Python 3.8]   \ud83d\udcac  ::debug::implicitDescendants 'false'\n[ee21282d-d174-4491-b542-fa43c6c4d615/Test Python 3.8]   \ud83d\udcac  ::debug::omitBrokenSymbolicLinks 'true'\n[ee21282d-d174-4491-b542-fa43c6c4d615/Test Python 3.8]   \ud83d\udcac  ::debug::Search path '/home/runneradmin/.cache/pip'\n[ee21282d-d174-4491-b542-fa43c6c4d615/Test Python 3.8]   \ud83d\udcac  ::debug::Matched: ../../../home/runneradmin/.cache/pip\n[ee21282d-d174-4491-b542-fa43c6c4d615/Test Python 3.8]   \ud83d\udcac  ::debug::Cache Paths:\n[ee21282d-d174-4491-b542-fa43c6c4d615/Test Python 3.8]   \ud83d\udcac  ::debug::[\"../../../home/runneradmin/.cache/pip\"]\n[ee21282d-d174-4491-b542-fa43c6c4d615/Test Python 3.8]   \ud83d\udcac  ::debug::Archive Path: /tmp/de12ded3-540c-4de6-9d1e-ad9d109accd4/cache.tzst\n[ee21282d-d174-4491-b542-fa43c6c4d615/Test Python 3.8]   | [command]/usr/bin/tar --posix --use-compress-program zstd -T0 -cf cache.tzst -P -C /tmp/558156d8-17ed-11ee-8a50-bb14de238602/replicate-replicate-python --files-from manifest.txt\n[ee21282d-d174-4491-b542-fa43c6c4d615/Test Python 3.8]   \ud83d\udcac  ::debug::File Size: 25851912\n[ee21282d-d174-4491-b542-fa43c6c4d615/Test Python 3.8]   \ud83d\udcac  ::debug::Reserving Cache\n[ee21282d-d174-4491-b542-fa43c6c4d615/Test Python 3.8]   \ud83d\udcac  ::debug::Resource Url: http://130.242.72.40:36859/_apis/artifactcache/caches\n[ee21282d-d174-4491-b542-fa43c6c4d615/Test Python 3.8]   \ud83d\udcac  ::debug::Saving Cache (ID: 1)\n[ee21282d-d174-4491-b542-fa43c6c4d615/Test Python 3.8]   \ud83d\udcac  ::debug::Upload cache\n[ee21282d-d174-4491-b542-fa43c6c4d615/Test Python 3.8]   \ud83d\udcac  ::debug::Resource Url: http://130.242.72.40:36859/_apis/artifactcache/caches/1\n[ee21282d-d174-4491-b542-fa43c6c4d615/Test Python 3.8]   \ud83d\udcac  ::debug::Upload concurrency: 4\n[ee21282d-d174-4491-b542-fa43c6c4d615/Test Python 3.8]   \ud83d\udcac  ::debug::Upload chunk size: 33554432\n[ee21282d-d174-4491-b542-fa43c6c4d615/Test Python 3.8]   \ud83d\udcac  ::debug::Awaiting all uploads\n[ee21282d-d174-4491-b542-fa43c6c4d615/Test Python 3.8]   \ud83d\udcac  ::debug::Uploading chunk of size 25851912 bytes at offset 0 with content range: bytes 0-25851911/*\n[ee21282d-d174-4491-b542-fa43c6c4d615/Test Python 3.8]   \ud83d\udcac  ::debug::Commiting cache\n[ee21282d-d174-4491-b542-fa43c6c4d615/Test Python 3.8]   | Cache Size: ~25 MB (25851912 B)\n[ee21282d-d174-4491-b542-fa43c6c4d615/Test Python 3.8]   \ud83d\udcac  ::debug::Resource Url: http://130.242.72.40:36859/_apis/artifactcache/caches/1\n[ee21282d-d174-4491-b542-fa43c6c4d615/Test Python 3.8]   | Cache saved successfully\n[ee21282d-d174-4491-b542-fa43c6c4d615/Test Python 3.8]   | Cache saved with the key: setup-python-Linux-python-3.8.11-pip-cf39c801df7354cd4b30d65ef0ff00846119a2e1a52a1f7d4d77e50e6df42fb7\n[ee21282d-d174-4491-b542-fa43c6c4d615/Test Python 3.8]   \u2705  Success - Post actions/setup-python@v3\n[ee21282d-d174-4491-b542-fa43c6c4d615/Test Python 3.8] failed to remove container: Delete \"http://%2Fvar%2Frun%2Fdocker.sock/v1.41/containers/a05e7c92156df535136eee41da1237d32c67a10443e7e26f1adcffa65f282c66?force=1&v=1\": context deadline exceeded\n[ee21282d-d174-4491-b542-fa43c6c4d615/Test Python 3.8] \ud83c\udfc1  Job succeeded\n",
        "stderr": "Error: Error occurred running finally: Error occurred running finally: context deadline exceeded (original error: <nil>) (original error: <nil>)\n",
        "workflow": {
            "path": "/tmp/558156d8-17ed-11ee-8a50-bb14de238602/replicate-replicate-python/.github/workflows/ci-crawler.yaml",
            "type": "pytest"
        },
        "workflow_name": "ee21282d-d174-4491-b542-fa43c6c4d615",
        "build_tool": "pytest",
        "elapsed_time": 494.2534396648407
    }
}