{
    "repository": "Roznoshchik/Lurnby",
    "stars": 662,
    "language": "python",
    "size": 74204,
    "clone_url": "https://github.com/Roznoshchik/Lurnby.git",
    "timestamp": "2023-06-28T15:23:17.516569Z",
    "clone_success": true,
    "number_of_actions": 1,
    "number_of_test_actions": 1,
    "actions_successful": true,
    "actions_build_tools": [
        "pytest"
    ],
    "actions_test_build_tools": [
        "pytest"
    ],
    "actions_run": {
        "failed": false,
        "tests": [
            {
                "classname": "tests.test_email.SendEmail",
                "name": "test_send_email",
                "time": 0.408,
                "results": [
                    {
                        "result": "Passed",
                        "message": "",
                        "type": ""
                    }
                ],
                "stdout": null,
                "stderr": null
            },
            {
                "classname": "tests.api.test_articles.AddArticleApiTests",
                "name": "test_add_manual_entry",
                "time": 0.302,
                "results": [
                    {
                        "result": "Passed",
                        "message": "",
                        "type": ""
                    }
                ],
                "stdout": null,
                "stderr": null
            },
            {
                "classname": "tests.api.test_articles.AddArticleApiTests",
                "name": "test_add_supplied_epub_article",
                "time": 0.343,
                "results": [
                    {
                        "result": "Passed",
                        "message": "",
                        "type": ""
                    }
                ],
                "stdout": null,
                "stderr": null
            },
            {
                "classname": "tests.api.test_articles.AddArticleApiTests",
                "name": "test_add_supplied_pdf_article",
                "time": 0.21,
                "results": [
                    {
                        "result": "Passed",
                        "message": "",
                        "type": ""
                    }
                ],
                "stdout": null,
                "stderr": null
            },
            {
                "classname": "tests.api.test_articles.AddArticleApiTests",
                "name": "test_add_upload_article",
                "time": 0.303,
                "results": [
                    {
                        "result": "Passed",
                        "message": "",
                        "type": ""
                    }
                ],
                "stdout": null,
                "stderr": null
            },
            {
                "classname": "tests.api.test_articles.AddArticleApiTests",
                "name": "test_add_url_entry",
                "time": 0.629,
                "results": [
                    {
                        "result": "Failure",
                        "message": "AssertionError: 400 != 201",
                        "type": null
                    }
                ],
                "stdout": null,
                "stderr": null
            },
            {
                "classname": "tests.api.test_articles.AddArticleApiTests",
                "name": "test_article_uploaded_returns_error_without_query_args",
                "time": 0.151,
                "results": [
                    {
                        "result": "Passed",
                        "message": "",
                        "type": ""
                    }
                ],
                "stdout": null,
                "stderr": null
            },
            {
                "classname": "tests.api.test_articles.AddArticleApiTests",
                "name": "test_article_uploaded_returns_task_id",
                "time": 0.384,
                "results": [
                    {
                        "result": "Passed",
                        "message": "",
                        "type": ""
                    }
                ],
                "stdout": null,
                "stderr": null
            },
            {
                "classname": "tests.api.test_articles.AddArticleApiTests",
                "name": "test_bad_data_returns_400",
                "time": 1.119,
                "results": [
                    {
                        "result": "Passed",
                        "message": "",
                        "type": ""
                    }
                ],
                "stdout": null,
                "stderr": null
            },
            {
                "classname": "tests.api.test_articles.GetArticleApiTests",
                "name": "test_get_articles",
                "time": 0.48,
                "results": [
                    {
                        "result": "Passed",
                        "message": "",
                        "type": ""
                    }
                ],
                "stdout": null,
                "stderr": null
            },
            {
                "classname": "tests.api.test_articles.UpdateArticleApiTests",
                "name": "test_article_updates_only_allowed_fields",
                "time": 0.171,
                "results": [
                    {
                        "result": "Passed",
                        "message": "",
                        "type": ""
                    }
                ],
                "stdout": null,
                "stderr": null
            },
            {
                "classname": "tests.api.test_articles.UpdateArticleApiTests",
                "name": "test_article_updates_tags",
                "time": 0.331,
                "results": [
                    {
                        "result": "Passed",
                        "message": "",
                        "type": ""
                    }
                ],
                "stdout": null,
                "stderr": null
            },
            {
                "classname": "tests.api.test_articles.UpdateArticleApiTests",
                "name": "test_no_article_returns_error",
                "time": 0.146,
                "results": [
                    {
                        "result": "Passed",
                        "message": "",
                        "type": ""
                    }
                ],
                "stdout": null,
                "stderr": null
            },
            {
                "classname": "tests.api.test_articles.UpdateArticleApiTests",
                "name": "test_no_data_returns_error",
                "time": 0.153,
                "results": [
                    {
                        "result": "Passed",
                        "message": "",
                        "type": ""
                    }
                ],
                "stdout": null,
                "stderr": null
            },
            {
                "classname": "tests.api.test_articles.DeleteArticleApiTests",
                "name": "test_article_deletes",
                "time": 0.173,
                "results": [
                    {
                        "result": "Passed",
                        "message": "",
                        "type": ""
                    }
                ],
                "stdout": null,
                "stderr": null
            },
            {
                "classname": "tests.api.test_articles.DeleteArticleApiTests",
                "name": "test_no_article_returns_error",
                "time": 0.137,
                "results": [
                    {
                        "result": "Passed",
                        "message": "",
                        "type": ""
                    }
                ],
                "stdout": null,
                "stderr": null
            },
            {
                "classname": "tests.api.test_articles.ExportArticleApiTests",
                "name": "test_export_article_returns_task",
                "time": 0.156,
                "results": [
                    {
                        "result": "Passed",
                        "message": "",
                        "type": ""
                    }
                ],
                "stdout": null,
                "stderr": null
            },
            {
                "classname": "tests.api.test_highlights.GetHighlightsApiTests",
                "name": "test_get_all_tagged_highlights",
                "time": 0.213,
                "results": [
                    {
                        "result": "Passed",
                        "message": "",
                        "type": ""
                    }
                ],
                "stdout": null,
                "stderr": null
            },
            {
                "classname": "tests.api.test_highlights.GetHighlightsApiTests",
                "name": "test_get_archived_highlights",
                "time": 0.245,
                "results": [
                    {
                        "result": "Passed",
                        "message": "",
                        "type": ""
                    }
                ],
                "stdout": null,
                "stderr": null
            },
            {
                "classname": "tests.api.test_highlights.GetHighlightsApiTests",
                "name": "test_get_highlights_with_pagination",
                "time": 0.235,
                "results": [
                    {
                        "result": "Passed",
                        "message": "",
                        "type": ""
                    }
                ],
                "stdout": null,
                "stderr": null
            },
            {
                "classname": "tests.api.test_highlights.GetHighlightsApiTests",
                "name": "test_get_highlights_with_search_phrase",
                "time": 0.442,
                "results": [
                    {
                        "result": "Passed",
                        "message": "",
                        "type": ""
                    }
                ],
                "stdout": null,
                "stderr": null
            },
            {
                "classname": "tests.api.test_highlights.GetHighlightsApiTests",
                "name": "test_get_highlights_with_sorting",
                "time": 0.177,
                "results": [
                    {
                        "result": "Passed",
                        "message": "",
                        "type": ""
                    }
                ],
                "stdout": null,
                "stderr": null
            },
            {
                "classname": "tests.api.test_highlights.GetHighlightsApiTests",
                "name": "test_get_highlights_with_specific_tags",
                "time": 0.147,
                "results": [
                    {
                        "result": "Passed",
                        "message": "",
                        "type": ""
                    }
                ],
                "stdout": null,
                "stderr": null
            },
            {
                "classname": "tests.api.test_highlights.GetHighlightsApiTests",
                "name": "test_get_unarchived_highlights",
                "time": 0.127,
                "results": [
                    {
                        "result": "Passed",
                        "message": "",
                        "type": ""
                    }
                ],
                "stdout": null,
                "stderr": null
            },
            {
                "classname": "tests.api.test_highlights.GetHighlightsApiTests",
                "name": "test_get_untagged_highlights",
                "time": 0.115,
                "results": [
                    {
                        "result": "Passed",
                        "message": "",
                        "type": ""
                    }
                ],
                "stdout": null,
                "stderr": null
            },
            {
                "classname": "tests.api.test_highlights.AddHighlightApiTests",
                "name": "test_add_new_highlight",
                "time": 0.083,
                "results": [
                    {
                        "result": "Passed",
                        "message": "",
                        "type": ""
                    }
                ],
                "stdout": null,
                "stderr": null
            },
            {
                "classname": "tests.api.test_highlights.AddHighlightApiTests",
                "name": "test_add_new_highlight_attributes_source",
                "time": 0.097,
                "results": [
                    {
                        "result": "Passed",
                        "message": "",
                        "type": ""
                    }
                ],
                "stdout": null,
                "stderr": null
            },
            {
                "classname": "tests.api.test_highlights.AddHighlightApiTests",
                "name": "test_add_new_highlight_fails_with_bad_data",
                "time": 0.083,
                "results": [
                    {
                        "result": "Passed",
                        "message": "",
                        "type": ""
                    }
                ],
                "stdout": null,
                "stderr": null
            },
            {
                "classname": "tests.api.test_highlights.AddHighlightApiTests",
                "name": "test_add_new_highlight_with_passed_uuid",
                "time": 0.088,
                "results": [
                    {
                        "result": "Passed",
                        "message": "",
                        "type": ""
                    }
                ],
                "stdout": null,
                "stderr": null
            },
            {
                "classname": "tests.api.test_highlights.AddHighlightApiTests",
                "name": "test_add_new_highlight_with_tags",
                "time": 0.229,
                "results": [
                    {
                        "result": "Passed",
                        "message": "",
                        "type": ""
                    }
                ],
                "stdout": null,
                "stderr": null
            },
            {
                "classname": "tests.api.test_highlights.GetHighlightApiTests",
                "name": "test_highlight_returns",
                "time": 0.107,
                "results": [
                    {
                        "result": "Passed",
                        "message": "",
                        "type": ""
                    }
                ],
                "stdout": null,
                "stderr": null
            },
            {
                "classname": "tests.api.test_highlights.GetHighlightApiTests",
                "name": "test_no_highlight_returns_error",
                "time": 0.086,
                "results": [
                    {
                        "result": "Passed",
                        "message": "",
                        "type": ""
                    }
                ],
                "stdout": null,
                "stderr": null
            },
            {
                "classname": "tests.api.test_highlights.UpdateHighlightApiTests",
                "name": "test_update_highlight",
                "time": 0.093,
                "results": [
                    {
                        "result": "Passed",
                        "message": "",
                        "type": ""
                    }
                ],
                "stdout": null,
                "stderr": null
            },
            {
                "classname": "tests.api.test_highlights.UpdateHighlightApiTests",
                "name": "test_update_highlight_errors",
                "time": 0.087,
                "results": [
                    {
                        "result": "Passed",
                        "message": "",
                        "type": ""
                    }
                ],
                "stdout": null,
                "stderr": null
            },
            {
                "classname": "tests.api.test_highlights.UpdateHighlightApiTests",
                "name": "test_update_highlight_ignores_fields",
                "time": 0.098,
                "results": [
                    {
                        "result": "Passed",
                        "message": "",
                        "type": ""
                    }
                ],
                "stdout": null,
                "stderr": null
            },
            {
                "classname": "tests.api.test_highlights.UpdateHighlightApiTests",
                "name": "test_update_highlight_tags",
                "time": 0.102,
                "results": [
                    {
                        "result": "Passed",
                        "message": "",
                        "type": ""
                    }
                ],
                "stdout": null,
                "stderr": null
            },
            {
                "classname": "tests.api.test_highlights.DeleteHighlightApiTests",
                "name": "test_highlight_deletes",
                "time": 0.091,
                "results": [
                    {
                        "result": "Passed",
                        "message": "",
                        "type": ""
                    }
                ],
                "stdout": null,
                "stderr": null
            },
            {
                "classname": "tests.api.test_highlights.DeleteHighlightApiTests",
                "name": "test_no_highlight_returns_error",
                "time": 0.082,
                "results": [
                    {
                        "result": "Passed",
                        "message": "",
                        "type": ""
                    }
                ],
                "stdout": null,
                "stderr": null
            },
            {
                "classname": "tests.api.test_highlights.ExportHighlightApiTests",
                "name": "test_export_article_returns_task",
                "time": 0.101,
                "results": [
                    {
                        "result": "Passed",
                        "message": "",
                        "type": ""
                    }
                ],
                "stdout": null,
                "stderr": null
            },
            {
                "classname": "tests.api.test_highlights.ReviewHighlightApiTests",
                "name": "test_get_highlights_for_review",
                "time": 0.242,
                "results": [
                    {
                        "result": "Passed",
                        "message": "",
                        "type": ""
                    }
                ],
                "stdout": null,
                "stderr": null
            },
            {
                "classname": "tests.api.test_highlights.ReviewHighlightApiTests",
                "name": "test_per_tier_max",
                "time": 0.133,
                "results": [
                    {
                        "result": "Passed",
                        "message": "",
                        "type": ""
                    }
                ],
                "stdout": null,
                "stderr": null
            },
            {
                "classname": "tests.api.test_highlights.ReviewHighlightApiTests",
                "name": "test_review_errors",
                "time": 0.106,
                "results": [
                    {
                        "result": "Passed",
                        "message": "",
                        "type": ""
                    }
                ],
                "stdout": null,
                "stderr": null
            },
            {
                "classname": "tests.api.test_highlights.ReviewHighlightApiTests",
                "name": "test_review_with_tags",
                "time": 0.12,
                "results": [
                    {
                        "result": "Passed",
                        "message": "",
                        "type": ""
                    }
                ],
                "stdout": null,
                "stderr": null
            },
            {
                "classname": "tests.api.test_tags.GetTagsApiTests",
                "name": "test_get_all_tags",
                "time": 0.086,
                "results": [
                    {
                        "result": "Passed",
                        "message": "",
                        "type": ""
                    }
                ],
                "stdout": null,
                "stderr": null
            },
            {
                "classname": "tests.api.test_tags.GetTagsApiTests",
                "name": "test_get_archived_tags",
                "time": 0.085,
                "results": [
                    {
                        "result": "Passed",
                        "message": "",
                        "type": ""
                    }
                ],
                "stdout": null,
                "stderr": null
            },
            {
                "classname": "tests.api.test_tags.GetTagsApiTests",
                "name": "test_get_unarchived_tags",
                "time": 0.102,
                "results": [
                    {
                        "result": "Passed",
                        "message": "",
                        "type": ""
                    }
                ],
                "stdout": null,
                "stderr": null
            },
            {
                "classname": "tests.api.test_tags.GetTagsApiTests",
                "name": "test_pagination",
                "time": 0.09,
                "results": [
                    {
                        "result": "Passed",
                        "message": "",
                        "type": ""
                    }
                ],
                "stdout": null,
                "stderr": null
            },
            {
                "classname": "tests.api.test_tags.AddTagApiTests",
                "name": "test_add_new_highlight",
                "time": 0.08,
                "results": [
                    {
                        "result": "Passed",
                        "message": "",
                        "type": ""
                    }
                ],
                "stdout": null,
                "stderr": null
            },
            {
                "classname": "tests.api.test_tags.AddTagApiTests",
                "name": "test_add_new_tag_with_passed_uuid",
                "time": 0.08,
                "results": [
                    {
                        "result": "Passed",
                        "message": "",
                        "type": ""
                    }
                ],
                "stdout": null,
                "stderr": null
            },
            {
                "classname": "tests.api.test_tags.GetTagApiTests",
                "name": "test_no_tag_returns_error",
                "time": 0.076,
                "results": [
                    {
                        "result": "Passed",
                        "message": "",
                        "type": ""
                    }
                ],
                "stdout": null,
                "stderr": null
            },
            {
                "classname": "tests.api.test_tags.GetTagApiTests",
                "name": "test_tag_returns",
                "time": 0.29,
                "results": [
                    {
                        "result": "Passed",
                        "message": "",
                        "type": ""
                    }
                ],
                "stdout": null,
                "stderr": null
            },
            {
                "classname": "tests.api.test_tags.UpdateTagApiTests",
                "name": "test_update_tag",
                "time": 0.084,
                "results": [
                    {
                        "result": "Passed",
                        "message": "",
                        "type": ""
                    }
                ],
                "stdout": null,
                "stderr": null
            },
            {
                "classname": "tests.api.test_tags.UpdateTagApiTests",
                "name": "test_update_tag_errors",
                "time": 0.091,
                "results": [
                    {
                        "result": "Passed",
                        "message": "",
                        "type": ""
                    }
                ],
                "stdout": null,
                "stderr": null
            },
            {
                "classname": "tests.api.test_tags.UpdateTagApiTests",
                "name": "test_update_tag_ignores_fields",
                "time": 0.091,
                "results": [
                    {
                        "result": "Passed",
                        "message": "",
                        "type": ""
                    }
                ],
                "stdout": null,
                "stderr": null
            },
            {
                "classname": "tests.api.test_tags.DeleteTagApiTests",
                "name": "test_no_tag_returns_error",
                "time": 0.078,
                "results": [
                    {
                        "result": "Passed",
                        "message": "",
                        "type": ""
                    }
                ],
                "stdout": null,
                "stderr": null
            },
            {
                "classname": "tests.api.test_tags.DeleteTagApiTests",
                "name": "test_tag_deletes",
                "time": 0.091,
                "results": [
                    {
                        "result": "Passed",
                        "message": "",
                        "type": ""
                    }
                ],
                "stdout": null,
                "stderr": null
            },
            {
                "classname": "tests.api.test_tasks.TasksApiTests",
                "name": "test_article_uploaded_returns_error_without_query_args",
                "time": 11.148,
                "results": [
                    {
                        "result": "Passed",
                        "message": "",
                        "type": ""
                    }
                ],
                "stdout": null,
                "stderr": null
            },
            {
                "classname": "tests.api.test_users.UserApiTests",
                "name": "test_approved_senders",
                "time": 0.225,
                "results": [
                    {
                        "result": "Passed",
                        "message": "",
                        "type": ""
                    }
                ],
                "stdout": null,
                "stderr": null
            },
            {
                "classname": "tests.api.test_users.UserApiTests",
                "name": "test_create_user",
                "time": 0.304,
                "results": [
                    {
                        "result": "Passed",
                        "message": "",
                        "type": ""
                    }
                ],
                "stdout": null,
                "stderr": null
            },
            {
                "classname": "tests.api.test_users.UserApiTests",
                "name": "test_create_user_fails_without_data",
                "time": 0.146,
                "results": [
                    {
                        "result": "Passed",
                        "message": "",
                        "type": ""
                    }
                ],
                "stdout": null,
                "stderr": null
            },
            {
                "classname": "tests.api.test_users.UserApiTests",
                "name": "test_delete_user",
                "time": 0.409,
                "results": [
                    {
                        "result": "Passed",
                        "message": "",
                        "type": ""
                    }
                ],
                "stdout": null,
                "stderr": null
            },
            {
                "classname": "tests.api.test_users.UserApiTests",
                "name": "test_enable_add_by_email",
                "time": 0.119,
                "results": [
                    {
                        "result": "Passed",
                        "message": "",
                        "type": ""
                    }
                ],
                "stdout": null,
                "stderr": null
            },
            {
                "classname": "tests.api.test_users.UserApiTests",
                "name": "test_get_user",
                "time": 0.127,
                "results": [
                    {
                        "result": "Passed",
                        "message": "",
                        "type": ""
                    }
                ],
                "stdout": null,
                "stderr": null
            },
            {
                "classname": "tests.api.test_users.UserApiTests",
                "name": "test_get_user_comms",
                "time": 0.1,
                "results": [
                    {
                        "result": "Passed",
                        "message": "",
                        "type": ""
                    }
                ],
                "stdout": null,
                "stderr": null
            },
            {
                "classname": "tests.api.test_users.UserApiTests",
                "name": "test_update_user",
                "time": 0.116,
                "results": [
                    {
                        "result": "Passed",
                        "message": "",
                        "type": ""
                    }
                ],
                "stdout": null,
                "stderr": null
            },
            {
                "classname": "tests.api.test_users.UserApiTests",
                "name": "test_update_user_comms",
                "time": 0.089,
                "results": [
                    {
                        "result": "Passed",
                        "message": "",
                        "type": ""
                    }
                ],
                "stdout": null,
                "stderr": null
            },
            {
                "classname": "tests.helpers.test_ebooks.EbookProcessingTests",
                "name": "test_process_images",
                "time": 0.116,
                "results": [
                    {
                        "result": "Passed",
                        "message": "",
                        "type": ""
                    }
                ],
                "stdout": null,
                "stderr": null
            },
            {
                "classname": "tests.helpers.test_ebooks.EbookProcessingTests",
                "name": "test_process_links",
                "time": 0.14,
                "results": [
                    {
                        "result": "Passed",
                        "message": "",
                        "type": ""
                    }
                ],
                "stdout": null,
                "stderr": null
            },
            {
                "classname": "tests.helpers.test_export_helpers.ExportArticleTests",
                "name": "test_export_to_csv",
                "time": 0.226,
                "results": [
                    {
                        "result": "Passed",
                        "message": "",
                        "type": ""
                    }
                ],
                "stdout": null,
                "stderr": null
            },
            {
                "classname": "tests.helpers.test_export_helpers.ExportArticleTests",
                "name": "test_export_to_json",
                "time": 0.225,
                "results": [
                    {
                        "result": "Passed",
                        "message": "",
                        "type": ""
                    }
                ],
                "stdout": null,
                "stderr": null
            },
            {
                "classname": "tests.helpers.test_export_helpers.ExportArticleTests",
                "name": "test_export_to_text",
                "time": 0.386,
                "results": [
                    {
                        "result": "Passed",
                        "message": "",
                        "type": ""
                    }
                ],
                "stdout": null,
                "stderr": null
            },
            {
                "classname": "tests.helpers.test_export_helpers.ExportArticleTests",
                "name": "test_get_zip_file_fails_with_wrong_ext",
                "time": 0.198,
                "results": [
                    {
                        "result": "Passed",
                        "message": "",
                        "type": ""
                    }
                ],
                "stdout": null,
                "stderr": null
            },
            {
                "classname": "tests.helpers.test_export_helpers.ExportArticleTests",
                "name": "test_zip_file_exists",
                "time": 0.206,
                "results": [
                    {
                        "result": "Passed",
                        "message": "",
                        "type": ""
                    }
                ],
                "stdout": null,
                "stderr": null
            },
            {
                "classname": "tests.helpers.test_export_helpers.ExportHighlightTests",
                "name": "test_export_to_csv",
                "time": 0.254,
                "results": [
                    {
                        "result": "Passed",
                        "message": "",
                        "type": ""
                    }
                ],
                "stdout": null,
                "stderr": null
            },
            {
                "classname": "tests.helpers.test_export_helpers.ExportHighlightTests",
                "name": "test_export_to_json",
                "time": 0.284,
                "results": [
                    {
                        "result": "Passed",
                        "message": "",
                        "type": ""
                    }
                ],
                "stdout": null,
                "stderr": null
            },
            {
                "classname": "tests.helpers.test_export_helpers.ExportHighlightTests",
                "name": "test_export_to_text",
                "time": 0.276,
                "results": [
                    {
                        "result": "Passed",
                        "message": "",
                        "type": ""
                    }
                ],
                "stdout": null,
                "stderr": null
            },
            {
                "classname": "tests.helpers.test_export_helpers.ExportHighlightTests",
                "name": "test_get_zip_file_fails_with_wrong_ext",
                "time": 0.203,
                "results": [
                    {
                        "result": "Passed",
                        "message": "",
                        "type": ""
                    }
                ],
                "stdout": null,
                "stderr": null
            },
            {
                "classname": "tests.helpers.test_export_helpers.ExportHighlightTests",
                "name": "test_zip_file_exists",
                "time": 0.466,
                "results": [
                    {
                        "result": "Passed",
                        "message": "",
                        "type": ""
                    }
                ],
                "stdout": null,
                "stderr": null
            },
            {
                "classname": "tests.helpers.test_pdf.PDFProcessingTests",
                "name": "test_create_sizes_to_header_tags_dict",
                "time": 0.139,
                "results": [
                    {
                        "result": "Passed",
                        "message": "",
                        "type": ""
                    }
                ],
                "stdout": null,
                "stderr": null
            },
            {
                "classname": "tests.helpers.test_pdf.PDFProcessingTests",
                "name": "test_process_images",
                "time": 0.154,
                "results": [
                    {
                        "result": "Passed",
                        "message": "",
                        "type": ""
                    }
                ],
                "stdout": null,
                "stderr": null
            },
            {
                "classname": "tests.models.test_comms_model.CommsTest",
                "name": "test_defaults",
                "time": 0.139,
                "results": [
                    {
                        "result": "Passed",
                        "message": "",
                        "type": ""
                    }
                ],
                "stdout": null,
                "stderr": null
            },
            {
                "classname": "tests.models.test_comms_model.CommsTest",
                "name": "test_repr",
                "time": 0.139,
                "results": [
                    {
                        "result": "Passed",
                        "message": "",
                        "type": ""
                    }
                ],
                "stdout": null,
                "stderr": null
            },
            {
                "classname": "tests.models.test_comms_model.CommsTest",
                "name": "test_to_dict",
                "time": 0.163,
                "results": [
                    {
                        "result": "Passed",
                        "message": "",
                        "type": ""
                    }
                ],
                "stdout": null,
                "stderr": null
            },
            {
                "classname": "tests.models.test_events_model.EventTest",
                "name": "test_add_event",
                "time": 0.152,
                "results": [
                    {
                        "result": "Passed",
                        "message": "",
                        "type": ""
                    }
                ],
                "stdout": null,
                "stderr": null
            },
            {
                "classname": "tests.models.test_highlight_model.HighlightModelCase",
                "name": "test_highlights_topics",
                "time": 0.182,
                "results": [
                    {
                        "result": "Passed",
                        "message": "",
                        "type": ""
                    }
                ],
                "stdout": null,
                "stderr": null
            },
            {
                "classname": "tests.models.test_highlight_model.HighlightModelCase",
                "name": "test_show_members",
                "time": 0.192,
                "results": [
                    {
                        "result": "Passed",
                        "message": "",
                        "type": ""
                    }
                ],
                "stdout": null,
                "stderr": null
            },
            {
                "classname": "tests.models.test_tag_model.TagModelCase",
                "name": "test_add_removing_tags",
                "time": 0.468,
                "results": [
                    {
                        "result": "Passed",
                        "message": "",
                        "type": ""
                    }
                ],
                "stdout": null,
                "stderr": null
            },
            {
                "classname": "tests.models.test_tag_model.TagModelCase",
                "name": "test_show_members",
                "time": 0.242,
                "results": [
                    {
                        "result": "Passed",
                        "message": "",
                        "type": ""
                    }
                ],
                "stdout": null,
                "stderr": null
            },
            {
                "classname": "tests.models.test_user_model.UserTest",
                "name": "test_check_token",
                "time": 0.112,
                "results": [
                    {
                        "result": "Passed",
                        "message": "",
                        "type": ""
                    }
                ],
                "stdout": null,
                "stderr": null
            },
            {
                "classname": "tests.models.test_user_model.UserTest",
                "name": "test_create_lurnby_email",
                "time": 0.091,
                "results": [
                    {
                        "result": "Passed",
                        "message": "",
                        "type": ""
                    }
                ],
                "stdout": null,
                "stderr": null
            },
            {
                "classname": "tests.models.test_user_model.UserTest",
                "name": "test_create_user",
                "time": 0.089,
                "results": [
                    {
                        "result": "Passed",
                        "message": "",
                        "type": ""
                    }
                ],
                "stdout": null,
                "stderr": null
            },
            {
                "classname": "tests.models.test_user_model.UserTest",
                "name": "test_from_dict",
                "time": 0.233,
                "results": [
                    {
                        "result": "Passed",
                        "message": "",
                        "type": ""
                    }
                ],
                "stdout": null,
                "stderr": null
            },
            {
                "classname": "tests.models.test_user_model.UserTest",
                "name": "test_get_tags_dict",
                "time": 0.081,
                "results": [
                    {
                        "result": "Passed",
                        "message": "",
                        "type": ""
                    }
                ],
                "stdout": null,
                "stderr": null
            },
            {
                "classname": "tests.models.test_user_model.UserTest",
                "name": "test_get_token",
                "time": 0.076,
                "results": [
                    {
                        "result": "Passed",
                        "message": "",
                        "type": ""
                    }
                ],
                "stdout": null,
                "stderr": null
            },
            {
                "classname": "tests.models.test_user_model.UserTest",
                "name": "test_relationships",
                "time": 0.103,
                "results": [
                    {
                        "result": "Passed",
                        "message": "",
                        "type": ""
                    }
                ],
                "stdout": null,
                "stderr": null
            },
            {
                "classname": "tests.models.test_user_model.UserTest",
                "name": "test_revoke_token",
                "time": 0.075,
                "results": [
                    {
                        "result": "Passed",
                        "message": "",
                        "type": ""
                    }
                ],
                "stdout": null,
                "stderr": null
            },
            {
                "classname": "tests.models.test_user_model.UserTest",
                "name": "test_set_lurnby_email",
                "time": 0.077,
                "results": [
                    {
                        "result": "Passed",
                        "message": "",
                        "type": ""
                    }
                ],
                "stdout": null,
                "stderr": null
            },
            {
                "classname": "tests.models.test_user_model.UserTest",
                "name": "test_to_dict",
                "time": 0.286,
                "results": [
                    {
                        "result": "Passed",
                        "message": "",
                        "type": ""
                    }
                ],
                "stdout": null,
                "stderr": null
            },
            {
                "classname": "tests.tasks.test_create_recall_text.RecallTextCase",
                "name": "test_highlight_found",
                "time": 0.081,
                "results": [
                    {
                        "result": "Passed",
                        "message": "",
                        "type": ""
                    }
                ],
                "stdout": null,
                "stderr": null
            },
            {
                "classname": "tests.tasks.test_create_recall_text.RecallTextCase",
                "name": "test_highlight_not_found",
                "time": 0.083,
                "results": [
                    {
                        "result": "Passed",
                        "message": "",
                        "type": ""
                    }
                ],
                "stdout": null,
                "stderr": null
            },
            {
                "classname": "tests.tasks.test_delete_user.DeleteUser",
                "name": "test_delete_user",
                "time": 0.127,
                "results": [
                    {
                        "result": "Passed",
                        "message": "",
                        "type": ""
                    }
                ],
                "stdout": null,
                "stderr": null
            }
        ],
        "stdout": "[e1d997b3-9670-4fd2-9578-c3ba1e06273f/python] \ud83d\ude80  Start image=crawlergpt:latest\n[e1d997b3-9670-4fd2-9578-c3ba1e06273f/python]   \ud83d\udc33  docker pull image=crawlergpt:latest platform= username= forcePull=false\n[e1d997b3-9670-4fd2-9578-c3ba1e06273f/python]   \ud83d\udc33  docker create image=crawlergpt:latest platform= entrypoint=[\"tail\" \"-f\" \"/dev/null\"] cmd=[]\n[e1d997b3-9670-4fd2-9578-c3ba1e06273f/python]   \ud83d\udc33  docker run image=crawlergpt:latest platform= entrypoint=[\"tail\" \"-f\" \"/dev/null\"] cmd=[]\n[e1d997b3-9670-4fd2-9578-c3ba1e06273f/python]   \ud83d\udc33  docker exec cmd=[chown -R 1012:1013 /tmp/ad9c0f7e-1596-11ee-8a50-bb14de238602/Roznoshchik-Lurnby] user=0 workdir=\n[e1d997b3-9670-4fd2-9578-c3ba1e06273f/python]   \u2601  git clone 'https://github.com/actions/setup-python' # ref=v3\n[e1d997b3-9670-4fd2-9578-c3ba1e06273f/python]   \u2601  git clone 'https://github.com/codecov/codecov-action' # ref=v3\n[e1d997b3-9670-4fd2-9578-c3ba1e06273f/python] \u2b50 Run Main actions/checkout@v3\n[e1d997b3-9670-4fd2-9578-c3ba1e06273f/python]   \u2705  Success - Main actions/checkout@v3\n[e1d997b3-9670-4fd2-9578-c3ba1e06273f/python] \u2b50 Run Main Set up Python 3.9\n[e1d997b3-9670-4fd2-9578-c3ba1e06273f/python]   \ud83d\udc33  docker cp src=/tmp/act-cache/53ff4922-6a50-4206-a27a-5989eb682e75/act/actions-setup-python@v3/ dst=/var/run/act/actions/actions-setup-python@v3/\n[e1d997b3-9670-4fd2-9578-c3ba1e06273f/python]   \ud83d\udc33  docker exec cmd=[chown -R 1012:1013 /var/run/act/actions/actions-setup-python@v3/] user=0 workdir=\n[e1d997b3-9670-4fd2-9578-c3ba1e06273f/python]   \ud83d\udc33  docker exec cmd=[node /var/run/act/actions/actions-setup-python@v3/dist/setup/index.js] user= workdir=\n[e1d997b3-9670-4fd2-9578-c3ba1e06273f/python]   \ud83d\udcac  ::debug::Semantic version spec of 3.9 is 3.9\n[e1d997b3-9670-4fd2-9578-c3ba1e06273f/python]   \ud83d\udcac  ::debug::isExplicit: \n[e1d997b3-9670-4fd2-9578-c3ba1e06273f/python]   \ud83d\udcac  ::debug::explicit? false\n[e1d997b3-9670-4fd2-9578-c3ba1e06273f/python]   \ud83d\udcac  ::debug::isExplicit: 2.7.18\n[e1d997b3-9670-4fd2-9578-c3ba1e06273f/python]   \ud83d\udcac  ::debug::explicit? true\n[e1d997b3-9670-4fd2-9578-c3ba1e06273f/python]   \ud83d\udcac  ::debug::isExplicit: 3.5.10\n[e1d997b3-9670-4fd2-9578-c3ba1e06273f/python]   \ud83d\udcac  ::debug::explicit? true\n[e1d997b3-9670-4fd2-9578-c3ba1e06273f/python]   \ud83d\udcac  ::debug::isExplicit: 3.6.14\n[e1d997b3-9670-4fd2-9578-c3ba1e06273f/python]   \ud83d\udcac  ::debug::explicit? true\n[e1d997b3-9670-4fd2-9578-c3ba1e06273f/python]   \ud83d\udcac  ::debug::isExplicit: 3.7.11\n[e1d997b3-9670-4fd2-9578-c3ba1e06273f/python]   \ud83d\udcac  ::debug::explicit? true\n[e1d997b3-9670-4fd2-9578-c3ba1e06273f/python]   \ud83d\udcac  ::debug::isExplicit: 3.8.11\n[e1d997b3-9670-4fd2-9578-c3ba1e06273f/python]   \ud83d\udcac  ::debug::explicit? true\n[e1d997b3-9670-4fd2-9578-c3ba1e06273f/python]   \ud83d\udcac  ::debug::isExplicit: 3.9.6\n[e1d997b3-9670-4fd2-9578-c3ba1e06273f/python]   \ud83d\udcac  ::debug::explicit? true\n[e1d997b3-9670-4fd2-9578-c3ba1e06273f/python]   \ud83d\udcac  ::debug::evaluating 6 versions\n[e1d997b3-9670-4fd2-9578-c3ba1e06273f/python]   \ud83d\udcac  ::debug::matched: 3.9.6\n[e1d997b3-9670-4fd2-9578-c3ba1e06273f/python]   \ud83d\udcac  ::debug::checking cache: /opt/hostedtoolcache/Python/3.9.6/x64\n[e1d997b3-9670-4fd2-9578-c3ba1e06273f/python]   \ud83d\udcac  ::debug::Found tool in cache Python 3.9.6 x64\n[e1d997b3-9670-4fd2-9578-c3ba1e06273f/python]   | Successfully setup CPython (3.9.6)\n[e1d997b3-9670-4fd2-9578-c3ba1e06273f/python]   \u2753 add-matcher /run/act/actions/actions-setup-python@v3/.github/python.json\n[e1d997b3-9670-4fd2-9578-c3ba1e06273f/python]   \u2705  Success - Main Set up Python 3.9\n[e1d997b3-9670-4fd2-9578-c3ba1e06273f/python]   \u2699  ::set-env:: pythonLocation=/opt/hostedtoolcache/Python/3.9.6/x64\n[e1d997b3-9670-4fd2-9578-c3ba1e06273f/python]   \u2699  ::set-env:: LD_LIBRARY_PATH=/opt/hostedtoolcache/Python/3.9.6/x64/lib\n[e1d997b3-9670-4fd2-9578-c3ba1e06273f/python]   \u2699  ::set-output:: python-version=3.9.6\n[e1d997b3-9670-4fd2-9578-c3ba1e06273f/python]   \u2699  ::add-path:: /opt/hostedtoolcache/Python/3.9.6/x64\n[e1d997b3-9670-4fd2-9578-c3ba1e06273f/python]   \u2699  ::add-path:: /opt/hostedtoolcache/Python/3.9.6/x64/bin\n[e1d997b3-9670-4fd2-9578-c3ba1e06273f/python] \u2b50 Run Main Install dependencies\n[e1d997b3-9670-4fd2-9578-c3ba1e06273f/python]   \ud83d\udc33  docker exec cmd=[bash --noprofile --norc -e -o pipefail /var/run/act/workflow/2] user= workdir=\n[e1d997b3-9670-4fd2-9578-c3ba1e06273f/python]   | Requirement already satisfied: pip in /opt/hostedtoolcache/Python/3.9.6/x64/lib/python3.9/site-packages (21.2.4)\n[e1d997b3-9670-4fd2-9578-c3ba1e06273f/python]   | Collecting pip\n[e1d997b3-9670-4fd2-9578-c3ba1e06273f/python]   |   Downloading pip-23.1.2-py3-none-any.whl (2.1 MB)\n[e1d997b3-9670-4fd2-9578-c3ba1e06273f/python]   | Installing collected packages: pip\n[e1d997b3-9670-4fd2-9578-c3ba1e06273f/python]   |   Attempting uninstall: pip\n[e1d997b3-9670-4fd2-9578-c3ba1e06273f/python]   |     Found existing installation: pip 21.2.4\n[e1d997b3-9670-4fd2-9578-c3ba1e06273f/python]   |     Uninstalling pip-21.2.4:\n[e1d997b3-9670-4fd2-9578-c3ba1e06273f/python]   |       Successfully uninstalled pip-21.2.4\n[e1d997b3-9670-4fd2-9578-c3ba1e06273f/python]   | Successfully installed pip-23.1.2\n[e1d997b3-9670-4fd2-9578-c3ba1e06273f/python]   | Collecting alembic==1.7.5 (from -r requirements.txt (line 1))\n[e1d997b3-9670-4fd2-9578-c3ba1e06273f/python]   |   Downloading alembic-1.7.5-py3-none-any.whl (209 kB)\n[e1d997b3-9670-4fd2-9578-c3ba1e06273f/python]   |      \u2501\u2501\u2501\u2501\u2501\u2501\u2501\u2501\u2501\u2501\u2501\u2501\u2501\u2501\u2501\u2501\u2501\u2501\u2501\u2501\u2501\u2501\u2501\u2501\u2501\u2501\u2501\u2501\u2501\u2501\u2501\u2501\u2501\u2501\u2501\u2501\u2501\u2501\u2501 209.7/209.7 kB 4.0 MB/s eta 0:00:00\n[e1d997b3-9670-4fd2-9578-c3ba1e06273f/python]   | Collecting attrs==21.2.0 (from -r requirements.txt (line 2))\n[e1d997b3-9670-4fd2-9578-c3ba1e06273f/python]   |   Downloading attrs-21.2.0-py2.py3-none-any.whl (53 kB)\n[e1d997b3-9670-4fd2-9578-c3ba1e06273f/python]   |      \u2501\u2501\u2501\u2501\u2501\u2501\u2501\u2501\u2501\u2501\u2501\u2501\u2501\u2501\u2501\u2501\u2501\u2501\u2501\u2501\u2501\u2501\u2501\u2501\u2501\u2501\u2501\u2501\u2501\u2501\u2501\u2501\u2501\u2501\u2501\u2501\u2501\u2501\u2501\u2501 53.7/53.7 kB 3.0 MB/s eta 0:00:00\n[e1d997b3-9670-4fd2-9578-c3ba1e06273f/python]   | Collecting beautifulsoup4==4.9.1 (from -r requirements.txt (line 3))\n[e1d997b3-9670-4fd2-9578-c3ba1e06273f/python]   |   Downloading beautifulsoup4-4.9.1-py3-none-any.whl (115 kB)\n[e1d997b3-9670-4fd2-9578-c3ba1e06273f/python]   |      \u2501\u2501\u2501\u2501\u2501\u2501\u2501\u2501\u2501\u2501\u2501\u2501\u2501\u2501\u2501\u2501\u2501\u2501\u2501\u2501\u2501\u2501\u2501\u2501\u2501\u2501\u2501\u2501\u2501\u2501\u2501\u2501\u2501\u2501\u2501\u2501\u2501\u2501\u2501 115.1/115.1 kB 2.1 MB/s eta 0:00:00\n[e1d997b3-9670-4fd2-9578-c3ba1e06273f/python]   | Collecting black==22.12.0 (from -r requirements.txt (line 4))\n[e1d997b3-9670-4fd2-9578-c3ba1e06273f/python]   |   Downloading black-22.12.0-cp39-cp39-manylinux_2_17_x86_64.manylinux2014_x86_64.whl (1.6 MB)\n[e1d997b3-9670-4fd2-9578-c3ba1e06273f/python]   |      \u2501\u2501\u2501\u2501\u2501\u2501\u2501\u2501\u2501\u2501\u2501\u2501\u2501\u2501\u2501\u2501\u2501\u2501\u2501\u2501\u2501\u2501\u2501\u2501\u2501\u2501\u2501\u2501\u2501\u2501\u2501\u2501\u2501\u2501\u2501\u2501\u2501\u2501\u2501\u2501 1.6/1.6 MB 19.2 MB/s eta 0:00:00\n[e1d997b3-9670-4fd2-9578-c3ba1e06273f/python]   | Collecting blinker==1.4 (from -r requirements.txt (line 5))\n[e1d997b3-9670-4fd2-9578-c3ba1e06273f/python]   |   Downloading blinker-1.4.tar.gz (111 kB)\n[e1d997b3-9670-4fd2-9578-c3ba1e06273f/python]   |      \u2501\u2501\u2501\u2501\u2501\u2501\u2501\u2501\u2501\u2501\u2501\u2501\u2501\u2501\u2501\u2501\u2501\u2501\u2501\u2501\u2501\u2501\u2501\u2501\u2501\u2501\u2501\u2501\u2501\u2501\u2501\u2501\u2501\u2501\u2501\u2501\u2501\u2501\u2501 111.5/111.5 kB 1.4 MB/s eta 0:00:00\n[e1d997b3-9670-4fd2-9578-c3ba1e06273f/python]   |   Installing build dependencies: started\n[e1d997b3-9670-4fd2-9578-c3ba1e06273f/python]   |   Installing build dependencies: finished with status 'done'\n[e1d997b3-9670-4fd2-9578-c3ba1e06273f/python]   |   Getting requirements to build wheel: started\n[e1d997b3-9670-4fd2-9578-c3ba1e06273f/python]   |   Getting requirements to build wheel: finished with status 'done'\n[e1d997b3-9670-4fd2-9578-c3ba1e06273f/python]   |   Preparing metadata (pyproject.toml): started\n[e1d997b3-9670-4fd2-9578-c3ba1e06273f/python]   |   Preparing metadata (pyproject.toml): finished with status 'done'\n[e1d997b3-9670-4fd2-9578-c3ba1e06273f/python]   | Collecting boto3==1.17.12 (from -r requirements.txt (line 6))\n[e1d997b3-9670-4fd2-9578-c3ba1e06273f/python]   |   Downloading boto3-1.17.12-py2.py3-none-any.whl (130 kB)\n[e1d997b3-9670-4fd2-9578-c3ba1e06273f/python]   |      \u2501\u2501\u2501\u2501\u2501\u2501\u2501\u2501\u2501\u2501\u2501\u2501\u2501\u2501\u2501\u2501\u2501\u2501\u2501\u2501\u2501\u2501\u2501\u2501\u2501\u2501\u2501\u2501\u2501\u2501\u2501\u2501\u2501\u2501\u2501\u2501\u2501\u2501\u2501 130.3/130.3 kB 2.0 MB/s eta 0:00:00\n[e1d997b3-9670-4fd2-9578-c3ba1e06273f/python]   | Collecting botocore==1.20.112 (from -r requirements.txt (line 7))\n[e1d997b3-9670-4fd2-9578-c3ba1e06273f/python]   |   Downloading botocore-1.20.112-py2.py3-none-any.whl (7.7 MB)\n[e1d997b3-9670-4fd2-9578-c3ba1e06273f/python]   |      \u2501\u2501\u2501\u2501\u2501\u2501\u2501\u2501\u2501\u2501\u2501\u2501\u2501\u2501\u2501\u2501\u2501\u2501\u2501\u2501\u2501\u2501\u2501\u2501\u2501\u2501\u2501\u2501\u2501\u2501\u2501\u2501\u2501\u2501\u2501\u2501\u2501\u2501\u2501\u2501 7.7/7.7 MB 26.9 MB/s eta 0:00:00\n[e1d997b3-9670-4fd2-9578-c3ba1e06273f/python]   | Collecting certifi==2021.10.8 (from -r requirements.txt (line 8))\n[e1d997b3-9670-4fd2-9578-c3ba1e06273f/python]   |   Downloading certifi-2021.10.8-py2.py3-none-any.whl (149 kB)\n[e1d997b3-9670-4fd2-9578-c3ba1e06273f/python]   |      \u2501\u2501\u2501\u2501\u2501\u2501\u2501\u2501\u2501\u2501\u2501\u2501\u2501\u2501\u2501\u2501\u2501\u2501\u2501\u2501\u2501\u2501\u2501\u2501\u2501\u2501\u2501\u2501\u2501\u2501\u2501\u2501\u2501\u2501\u2501\u2501\u2501\u2501\u2501 149.2/149.2 kB 4.4 MB/s eta 0:00:00\n[e1d997b3-9670-4fd2-9578-c3ba1e06273f/python]   | Collecting chardet==3.0.4 (from -r requirements.txt (line 9))\n[e1d997b3-9670-4fd2-9578-c3ba1e06273f/python]   |   Downloading chardet-3.0.4-py2.py3-none-any.whl (133 kB)\n[e1d997b3-9670-4fd2-9578-c3ba1e06273f/python]   |      \u2501\u2501\u2501\u2501\u2501\u2501\u2501\u2501\u2501\u2501\u2501\u2501\u2501\u2501\u2501\u2501\u2501\u2501\u2501\u2501\u2501\u2501\u2501\u2501\u2501\u2501\u2501\u2501\u2501\u2501\u2501\u2501\u2501\u2501\u2501\u2501\u2501\u2501\u2501 133.4/133.4 kB 7.3 MB/s eta 0:00:00\n[e1d997b3-9670-4fd2-9578-c3ba1e06273f/python]   | Collecting charset-normalizer==2.0.12 (from -r requirements.txt (line 10))\n[e1d997b3-9670-4fd2-9578-c3ba1e06273f/python]   |   Downloading charset_normalizer-2.0.12-py3-none-any.whl (39 kB)\n[e1d997b3-9670-4fd2-9578-c3ba1e06273f/python]   | Collecting click==8.1.3 (from -r requirements.txt (line 11))\n[e1d997b3-9670-4fd2-9578-c3ba1e06273f/python]   |   Downloading click-8.1.3-py3-none-any.whl (96 kB)\n[e1d997b3-9670-4fd2-9578-c3ba1e06273f/python]   |      \u2501\u2501\u2501\u2501\u2501\u2501\u2501\u2501\u2501\u2501\u2501\u2501\u2501\u2501\u2501\u2501\u2501\u2501\u2501\u2501\u2501\u2501\u2501\u2501\u2501\u2501\u2501\u2501\u2501\u2501\u2501\u2501\u2501\u2501\u2501\u2501\u2501\u2501\u2501\u2501 96.6/96.6 kB 4.4 MB/s eta 0:00:00\n[e1d997b3-9670-4fd2-9578-c3ba1e06273f/python]   | Collecting coverage==7.1.0 (from -r requirements.txt (line 12))\n[e1d997b3-9670-4fd2-9578-c3ba1e06273f/python]   |   Downloading coverage-7.1.0-cp39-cp39-manylinux_2_5_x86_64.manylinux1_x86_64.manylinux_2_17_x86_64.manylinux2014_x86_64.whl (226 kB)\n[e1d997b3-9670-4fd2-9578-c3ba1e06273f/python]   |      \u2501\u2501\u2501\u2501\u2501\u2501\u2501\u2501\u2501\u2501\u2501\u2501\u2501\u2501\u2501\u2501\u2501\u2501\u2501\u2501\u2501\u2501\u2501\u2501\u2501\u2501\u2501\u2501\u2501\u2501\u2501\u2501\u2501\u2501\u2501\u2501\u2501\u2501 226.2/226.2 kB 14.9 MB/s eta 0:00:00\n[e1d997b3-9670-4fd2-9578-c3ba1e06273f/python]   | Collecting cssselect==1.1.0 (from -r requirements.txt (line 13))\n[e1d997b3-9670-4fd2-9578-c3ba1e06273f/python]   |   Downloading cssselect-1.1.0-py2.py3-none-any.whl (16 kB)\n[e1d997b3-9670-4fd2-9578-c3ba1e06273f/python]   | Collecting decorator==5.1.0 (from -r requirements.txt (line 14))\n[e1d997b3-9670-4fd2-9578-c3ba1e06273f/python]   |   Downloading decorator-5.1.0-py3-none-any.whl (9.1 kB)\n[e1d997b3-9670-4fd2-9578-c3ba1e06273f/python]   | Collecting Deprecated==1.2.13 (from -r requirements.txt (line 15))\n[e1d997b3-9670-4fd2-9578-c3ba1e06273f/python]   |   Downloading Deprecated-1.2.13-py2.py3-none-any.whl (9.6 kB)\n[e1d997b3-9670-4fd2-9578-c3ba1e06273f/python]   | Collecting dnspython==2.1.0 (from -r requirements.txt (line 16))\n[e1d997b3-9670-4fd2-9578-c3ba1e06273f/python]   |   Downloading dnspython-2.1.0-py3-none-any.whl (241 kB)\n[e1d997b3-9670-4fd2-9578-c3ba1e06273f/python]   |      \u2501\u2501\u2501\u2501\u2501\u2501\u2501\u2501\u2501\u2501\u2501\u2501\u2501\u2501\u2501\u2501\u2501\u2501\u2501\u2501\u2501\u2501\u2501\u2501\u2501\u2501\u2501\u2501\u2501\u2501\u2501\u2501\u2501\u2501\u2501\u2501\u2501\u2501 242.0/242.0 kB 37.6 MB/s eta 0:00:00\n[e1d997b3-9670-4fd2-9578-c3ba1e06273f/python]   | Collecting EbookLib==0.17.1 (from -r requirements.txt (line 17))\n[e1d997b3-9670-4fd2-9578-c3ba1e06273f/python]   |   Downloading EbookLib-0.17.1.tar.gz (111 kB)\n[e1d997b3-9670-4fd2-9578-c3ba1e06273f/python]   |      \u2501\u2501\u2501\u2501\u2501\u2501\u2501\u2501\u2501\u2501\u2501\u2501\u2501\u2501\u2501\u2501\u2501\u2501\u2501\u2501\u2501\u2501\u2501\u2501\u2501\u2501\u2501\u2501\u2501\u2501\u2501\u2501\u2501\u2501\u2501\u2501\u2501\u2501 111.6/111.6 kB 17.4 MB/s eta 0:00:00\n[e1d997b3-9670-4fd2-9578-c3ba1e06273f/python]   |   Installing build dependencies: started\n[e1d997b3-9670-4fd2-9578-c3ba1e06273f/python]   |   Installing build dependencies: finished with status 'done'\n[e1d997b3-9670-4fd2-9578-c3ba1e06273f/python]   |   Getting requirements to build wheel: started\n[e1d997b3-9670-4fd2-9578-c3ba1e06273f/python]   |   Getting requirements to build wheel: finished with status 'done'\n[e1d997b3-9670-4fd2-9578-c3ba1e06273f/python]   |   Preparing metadata (pyproject.toml): started\n[e1d997b3-9670-4fd2-9578-c3ba1e06273f/python]   |   Preparing metadata (pyproject.toml): finished with status 'done'\n[e1d997b3-9670-4fd2-9578-c3ba1e06273f/python]   | Collecting email-validator==1.1.1 (from -r requirements.txt (line 18))\n[e1d997b3-9670-4fd2-9578-c3ba1e06273f/python]   |   Downloading email_validator-1.1.1-py2.py3-none-any.whl (17 kB)\n[e1d997b3-9670-4fd2-9578-c3ba1e06273f/python]   | Collecting exceptiongroup==1.1.0 (from -r requirements.txt (line 19))\n[e1d997b3-9670-4fd2-9578-c3ba1e06273f/python]   |   Downloading exceptiongroup-1.1.0-py3-none-any.whl (14 kB)\n[e1d997b3-9670-4fd2-9578-c3ba1e06273f/python]   | Collecting Faker==8.10.1 (from -r requirements.txt (line 20))\n[e1d997b3-9670-4fd2-9578-c3ba1e06273f/python]   |   Downloading Faker-8.10.1-py3-none-any.whl (1.2 MB)\n[e1d997b3-9670-4fd2-9578-c3ba1e06273f/python]   |      \u2501\u2501\u2501\u2501\u2501\u2501\u2501\u2501\u2501\u2501\u2501\u2501\u2501\u2501\u2501\u2501\u2501\u2501\u2501\u2501\u2501\u2501\u2501\u2501\u2501\u2501\u2501\u2501\u2501\u2501\u2501\u2501\u2501\u2501\u2501\u2501\u2501\u2501\u2501\u2501 1.2/1.2 MB 5.4 MB/s eta 0:00:00\n[e1d997b3-9670-4fd2-9578-c3ba1e06273f/python]   | Collecting flake8==6.0.0 (from -r requirements.txt (line 21))\n[e1d997b3-9670-4fd2-9578-c3ba1e06273f/python]   |   Downloading flake8-6.0.0-py2.py3-none-any.whl (57 kB)\n[e1d997b3-9670-4fd2-9578-c3ba1e06273f/python]   |      \u2501\u2501\u2501\u2501\u2501\u2501\u2501\u2501\u2501\u2501\u2501\u2501\u2501\u2501\u2501\u2501\u2501\u2501\u2501\u2501\u2501\u2501\u2501\u2501\u2501\u2501\u2501\u2501\u2501\u2501\u2501\u2501\u2501\u2501\u2501\u2501\u2501\u2501\u2501 57.8/57.8 kB 537.2 kB/s eta 0:00:00\n[e1d997b3-9670-4fd2-9578-c3ba1e06273f/python]   | Collecting Flask==2.2.2 (from -r requirements.txt (line 22))\n[e1d997b3-9670-4fd2-9578-c3ba1e06273f/python]   |   Downloading Flask-2.2.2-py3-none-any.whl (101 kB)\n[e1d997b3-9670-4fd2-9578-c3ba1e06273f/python]   |      \u2501\u2501\u2501\u2501\u2501\u2501\u2501\u2501\u2501\u2501\u2501\u2501\u2501\u2501\u2501\u2501\u2501\u2501\u2501\u2501\u2501\u2501\u2501\u2501\u2501\u2501\u2501\u2501\u2501\u2501\u2501\u2501\u2501\u2501\u2501\u2501\u2501\u2501\u2501 101.5/101.5 kB 2.8 MB/s eta 0:00:00\n[e1d997b3-9670-4fd2-9578-c3ba1e06273f/python]   | Collecting Flask-Cors==3.0.9 (from -r requirements.txt (line 23))\n[e1d997b3-9670-4fd2-9578-c3ba1e06273f/python]   |   Downloading Flask_Cors-3.0.9-py2.py3-none-any.whl (14 kB)\n[e1d997b3-9670-4fd2-9578-c3ba1e06273f/python]   | Collecting Flask-HTTPAuth==4.7.0 (from -r requirements.txt (line 24))\n[e1d997b3-9670-4fd2-9578-c3ba1e06273f/python]   |   Downloading Flask_HTTPAuth-4.7.0-py3-none-any.whl (6.9 kB)\n[e1d997b3-9670-4fd2-9578-c3ba1e06273f/python]   | Collecting Flask-Login==0.6.2 (from -r requirements.txt (line 25))\n[e1d997b3-9670-4fd2-9578-c3ba1e06273f/python]   |   Downloading Flask_Login-0.6.2-py3-none-any.whl (17 kB)\n[e1d997b3-9670-4fd2-9578-c3ba1e06273f/python]   | Collecting Flask-Mail==0.9.1 (from -r requirements.txt (line 26))\n[e1d997b3-9670-4fd2-9578-c3ba1e06273f/python]   |   Downloading Flask-Mail-0.9.1.tar.gz (45 kB)\n[e1d997b3-9670-4fd2-9578-c3ba1e06273f/python]   |      \u2501\u2501\u2501\u2501\u2501\u2501\u2501\u2501\u2501\u2501\u2501\u2501\u2501\u2501\u2501\u2501\u2501\u2501\u2501\u2501\u2501\u2501\u2501\u2501\u2501\u2501\u2501\u2501\u2501\u2501\u2501\u2501\u2501\u2501\u2501\u2501\u2501\u2501\u2501\u2501 45.7/45.7 kB 3.5 MB/s eta 0:00:00\n[e1d997b3-9670-4fd2-9578-c3ba1e06273f/python]   |   Installing build dependencies: started\n[e1d997b3-9670-4fd2-9578-c3ba1e06273f/python]   |   Installing build dependencies: finished with status 'done'\n[e1d997b3-9670-4fd2-9578-c3ba1e06273f/python]   |   Getting requirements to build wheel: started\n[e1d997b3-9670-4fd2-9578-c3ba1e06273f/python]   |   Getting requirements to build wheel: finished with status 'done'\n[e1d997b3-9670-4fd2-9578-c3ba1e06273f/python]   |   Preparing metadata (pyproject.toml): started\n[e1d997b3-9670-4fd2-9578-c3ba1e06273f/python]   |   Preparing metadata (pyproject.toml): finished with status 'done'\n[e1d997b3-9670-4fd2-9578-c3ba1e06273f/python]   | Collecting Flask-Migrate==2.5.3 (from -r requirements.txt (line 27))\n[e1d997b3-9670-4fd2-9578-c3ba1e06273f/python]   |   Downloading Flask_Migrate-2.5.3-py2.py3-none-any.whl (13 kB)\n[e1d997b3-9670-4fd2-9578-c3ba1e06273f/python]   | Collecting Flask-SQLAlchemy==3.0.2 (from -r requirements.txt (line 28))\n[e1d997b3-9670-4fd2-9578-c3ba1e06273f/python]   |   Downloading Flask_SQLAlchemy-3.0.2-py3-none-any.whl (24 kB)\n[e1d997b3-9670-4fd2-9578-c3ba1e06273f/python]   | Collecting flask-talisman==0.7.0 (from -r requirements.txt (line 29))\n[e1d997b3-9670-4fd2-9578-c3ba1e06273f/python]   |   Downloading flask_talisman-0.7.0-py2.py3-none-any.whl (12 kB)\n[e1d997b3-9670-4fd2-9578-c3ba1e06273f/python]   | Collecting Flask-WTF==1.0.1 (from -r requirements.txt (line 30))\n[e1d997b3-9670-4fd2-9578-c3ba1e06273f/python]   |   Downloading Flask_WTF-1.0.1-py3-none-any.whl (12 kB)\n[e1d997b3-9670-4fd2-9578-c3ba1e06273f/python]   | Collecting gunicorn==20.1.0 (from -r requirements.txt (line 31))\n[e1d997b3-9670-4fd2-9578-c3ba1e06273f/python]   |   Downloading gunicorn-20.1.0-py3-none-any.whl (79 kB)\n[e1d997b3-9670-4fd2-9578-c3ba1e06273f/python]   |      \u2501\u2501\u2501\u2501\u2501\u2501\u2501\u2501\u2501\u2501\u2501\u2501\u2501\u2501\u2501\u2501\u2501\u2501\u2501\u2501\u2501\u2501\u2501\u2501\u2501\u2501\u2501\u2501\u2501\u2501\u2501\u2501\u2501\u2501\u2501\u2501\u2501\u2501\u2501\u2501 79.5/79.5 kB 4.8 MB/s eta 0:00:00\n[e1d997b3-9670-4fd2-9578-c3ba1e06273f/python]   | Collecting html5lib==1.1 (from -r requirements.txt (line 32))\n[e1d997b3-9670-4fd2-9578-c3ba1e06273f/python]   |   Downloading html5lib-1.1-py2.py3-none-any.whl (112 kB)\n[e1d997b3-9670-4fd2-9578-c3ba1e06273f/python]   |      \u2501\u2501\u2501\u2501\u2501\u2501\u2501\u2501\u2501\u2501\u2501\u2501\u2501\u2501\u2501\u2501\u2501\u2501\u2501\u2501\u2501\u2501\u2501\u2501\u2501\u2501\u2501\u2501\u2501\u2501\u2501\u2501\u2501\u2501\u2501\u2501\u2501\u2501\u2501 112.2/112.2 kB 2.9 MB/s eta 0:00:00\n[e1d997b3-9670-4fd2-9578-c3ba1e06273f/python]   | Collecting idna==2.10 (from -r requirements.txt (line 33))\n[e1d997b3-9670-4fd2-9578-c3ba1e06273f/python]   |   Downloading idna-2.10-py2.py3-none-any.whl (58 kB)\n[e1d997b3-9670-4fd2-9578-c3ba1e06273f/python]   |      \u2501\u2501\u2501\u2501\u2501\u2501\u2501\u2501\u2501\u2501\u2501\u2501\u2501\u2501\u2501\u2501\u2501\u2501\u2501\u2501\u2501\u2501\u2501\u2501\u2501\u2501\u2501\u2501\u2501\u2501\u2501\u2501\u2501\u2501\u2501\u2501\u2501\u2501\u2501\u2501 58.8/58.8 kB 2.0 MB/s eta 0:00:00\n[e1d997b3-9670-4fd2-9578-c3ba1e06273f/python]   | Collecting importlib-metadata==6.0.0 (from -r requirements.txt (line 34))\n[e1d997b3-9670-4fd2-9578-c3ba1e06273f/python]   |   Downloading importlib_metadata-6.0.0-py3-none-any.whl (21 kB)\n[e1d997b3-9670-4fd2-9578-c3ba1e06273f/python]   | Collecting infinity==1.5 (from -r requirements.txt (line 35))\n[e1d997b3-9670-4fd2-9578-c3ba1e06273f/python]   |   Downloading infinity-1.5.tar.gz (5.4 kB)\n[e1d997b3-9670-4fd2-9578-c3ba1e06273f/python]   |   Installing build dependencies: started\n[e1d997b3-9670-4fd2-9578-c3ba1e06273f/python]   |   Installing build dependencies: finished with status 'done'\n[e1d997b3-9670-4fd2-9578-c3ba1e06273f/python]   |   Getting requirements to build wheel: started\n[e1d997b3-9670-4fd2-9578-c3ba1e06273f/python]   |   Getting requirements to build wheel: finished with status 'done'\n[e1d997b3-9670-4fd2-9578-c3ba1e06273f/python]   |   Preparing metadata (pyproject.toml): started\n[e1d997b3-9670-4fd2-9578-c3ba1e06273f/python]   |   Preparing metadata (pyproject.toml): finished with status 'done'\n[e1d997b3-9670-4fd2-9578-c3ba1e06273f/python]   | Collecting iniconfig==1.1.1 (from -r requirements.txt (line 36))\n[e1d997b3-9670-4fd2-9578-c3ba1e06273f/python]   |   Downloading iniconfig-1.1.1-py2.py3-none-any.whl (5.0 kB)\n[e1d997b3-9670-4fd2-9578-c3ba1e06273f/python]   | Collecting intervals==0.9.2 (from -r requirements.txt (line 37))\n[e1d997b3-9670-4fd2-9578-c3ba1e06273f/python]   |   Downloading intervals-0.9.2-py3-none-any.whl (8.5 kB)\n[e1d997b3-9670-4fd2-9578-c3ba1e06273f/python]   | Collecting itsdangerous==2.0.1 (from -r requirements.txt (line 38))\n[e1d997b3-9670-4fd2-9578-c3ba1e06273f/python]   |   Downloading itsdangerous-2.0.1-py3-none-any.whl (18 kB)\n[e1d997b3-9670-4fd2-9578-c3ba1e06273f/python]   | Collecting Jinja2==3.0.3 (from -r requirements.txt (line 39))\n[e1d997b3-9670-4fd2-9578-c3ba1e06273f/python]   |   Downloading Jinja2-3.0.3-py3-none-any.whl (133 kB)\n[e1d997b3-9670-4fd2-9578-c3ba1e06273f/python]   |      \u2501\u2501\u2501\u2501\u2501\u2501\u2501\u2501\u2501\u2501\u2501\u2501\u2501\u2501\u2501\u2501\u2501\u2501\u2501\u2501\u2501\u2501\u2501\u2501\u2501\u2501\u2501\u2501\u2501\u2501\u2501\u2501\u2501\u2501\u2501\u2501\u2501\u2501\u2501 133.6/133.6 kB 5.4 MB/s eta 0:00:00\n[e1d997b3-9670-4fd2-9578-c3ba1e06273f/python]   | Collecting jmespath==0.10.0 (from -r requirements.txt (line 40))\n[e1d997b3-9670-4fd2-9578-c3ba1e06273f/python]   |   Downloading jmespath-0.10.0-py2.py3-none-any.whl (24 kB)\n[e1d997b3-9670-4fd2-9578-c3ba1e06273f/python]   | Collecting lxml==4.6.5 (from -r requirements.txt (line 41))\n[e1d997b3-9670-4fd2-9578-c3ba1e06273f/python]   |   Downloading lxml-4.6.5-cp39-cp39-manylinux_2_17_x86_64.manylinux2014_x86_64.manylinux_2_24_x86_64.whl (6.9 MB)\n[e1d997b3-9670-4fd2-9578-c3ba1e06273f/python]   |      \u2501\u2501\u2501\u2501\u2501\u2501\u2501\u2501\u2501\u2501\u2501\u2501\u2501\u2501\u2501\u2501\u2501\u2501\u2501\u2501\u2501\u2501\u2501\u2501\u2501\u2501\u2501\u2501\u2501\u2501\u2501\u2501\u2501\u2501\u2501\u2501\u2501\u2501\u2501\u2501 6.9/6.9 MB 23.7 MB/s eta 0:00:00\n[e1d997b3-9670-4fd2-9578-c3ba1e06273f/python]   | Collecting Mako==1.1.6 (from -r requirements.txt (line 42))\n[e1d997b3-9670-4fd2-9578-c3ba1e06273f/python]   |   Downloading Mako-1.1.6-py2.py3-none-any.whl (75 kB)\n[e1d997b3-9670-4fd2-9578-c3ba1e06273f/python]   |      \u2501\u2501\u2501\u2501\u2501\u2501\u2501\u2501\u2501\u2501\u2501\u2501\u2501\u2501\u2501\u2501\u2501\u2501\u2501\u2501\u2501\u2501\u2501\u2501\u2501\u2501\u2501\u2501\u2501\u2501\u2501\u2501\u2501\u2501\u2501\u2501\u2501\u2501\u2501\u2501 75.7/75.7 kB 3.9 MB/s eta 0:00:00\n[e1d997b3-9670-4fd2-9578-c3ba1e06273f/python]   | Collecting MarkupSafe==2.1.1 (from -r requirements.txt (line 43))\n[e1d997b3-9670-4fd2-9578-c3ba1e06273f/python]   |   Downloading MarkupSafe-2.1.1-cp39-cp39-manylinux_2_17_x86_64.manylinux2014_x86_64.whl (25 kB)\n[e1d997b3-9670-4fd2-9578-c3ba1e06273f/python]   | Collecting mccabe==0.7.0 (from -r requirements.txt (line 44))\n[e1d997b3-9670-4fd2-9578-c3ba1e06273f/python]   |   Downloading mccabe-0.7.0-py2.py3-none-any.whl (7.3 kB)\n[e1d997b3-9670-4fd2-9578-c3ba1e06273f/python]   | Collecting mypy-extensions==0.4.3 (from -r requirements.txt (line 45))\n[e1d997b3-9670-4fd2-9578-c3ba1e06273f/python]   |   Downloading mypy_extensions-0.4.3-py2.py3-none-any.whl (4.5 kB)\n[e1d997b3-9670-4fd2-9578-c3ba1e06273f/python]   | Collecting oauthlib==3.1.0 (from -r requirements.txt (line 46))\n[e1d997b3-9670-4fd2-9578-c3ba1e06273f/python]   |   Downloading oauthlib-3.1.0-py2.py3-none-any.whl (147 kB)\n[e1d997b3-9670-4fd2-9578-c3ba1e06273f/python]   |      \u2501\u2501\u2501\u2501\u2501\u2501\u2501\u2501\u2501\u2501\u2501\u2501\u2501\u2501\u2501\u2501\u2501\u2501\u2501\u2501\u2501\u2501\u2501\u2501\u2501\u2501\u2501\u2501\u2501\u2501\u2501\u2501\u2501\u2501\u2501\u2501\u2501\u2501\u2501 147.4/147.4 kB 2.3 MB/s eta 0:00:00\n[e1d997b3-9670-4fd2-9578-c3ba1e06273f/python]   | Collecting packaging==21.3 (from -r requirements.txt (line 47))\n[e1d997b3-9670-4fd2-9578-c3ba1e06273f/python]   |   Downloading packaging-21.3-py3-none-any.whl (40 kB)\n[e1d997b3-9670-4fd2-9578-c3ba1e06273f/python]   |      \u2501\u2501\u2501\u2501\u2501\u2501\u2501\u2501\u2501\u2501\u2501\u2501\u2501\u2501\u2501\u2501\u2501\u2501\u2501\u2501\u2501\u2501\u2501\u2501\u2501\u2501\u2501\u2501\u2501\u2501\u2501\u2501\u2501\u2501\u2501\u2501\u2501\u2501\u2501\u2501 40.8/40.8 kB 2.4 MB/s eta 0:00:00\n[e1d997b3-9670-4fd2-9578-c3ba1e06273f/python]   | Collecting pathspec==0.10.3 (from -r requirements.txt (line 48))\n[e1d997b3-9670-4fd2-9578-c3ba1e06273f/python]   |   Downloading pathspec-0.10.3-py3-none-any.whl (29 kB)\n[e1d997b3-9670-4fd2-9578-c3ba1e06273f/python]   | Collecting pipdeptree==2.2.0 (from -r requirements.txt (line 49))\n[e1d997b3-9670-4fd2-9578-c3ba1e06273f/python]   |   Downloading pipdeptree-2.2.0-py3-none-any.whl (21 kB)\n[e1d997b3-9670-4fd2-9578-c3ba1e06273f/python]   | Collecting platformdirs==2.6.2 (from -r requirements.txt (line 50))\n[e1d997b3-9670-4fd2-9578-c3ba1e06273f/python]   |   Downloading platformdirs-2.6.2-py3-none-any.whl (14 kB)\n[e1d997b3-9670-4fd2-9578-c3ba1e06273f/python]   | Collecting pluggy==1.0.0 (from -r requirements.txt (line 51))\n[e1d997b3-9670-4fd2-9578-c3ba1e06273f/python]   |   Downloading pluggy-1.0.0-py2.py3-none-any.whl (13 kB)\n[e1d997b3-9670-4fd2-9578-c3ba1e06273f/python]   | Collecting psycopg2==2.8.5 (from -r requirements.txt (line 52))\n[e1d997b3-9670-4fd2-9578-c3ba1e06273f/python]   |   Downloading psycopg2-2.8.5.tar.gz (380 kB)\n[e1d997b3-9670-4fd2-9578-c3ba1e06273f/python]   |      \u2501\u2501\u2501\u2501\u2501\u2501\u2501\u2501\u2501\u2501\u2501\u2501\u2501\u2501\u2501\u2501\u2501\u2501\u2501\u2501\u2501\u2501\u2501\u2501\u2501\u2501\u2501\u2501\u2501\u2501\u2501\u2501\u2501\u2501\u2501\u2501\u2501\u2501 380.9/380.9 kB 26.0 MB/s eta 0:00:00\n[e1d997b3-9670-4fd2-9578-c3ba1e06273f/python]   |   Installing build dependencies: started\n[e1d997b3-9670-4fd2-9578-c3ba1e06273f/python]   |   Installing build dependencies: finished with status 'done'\n[e1d997b3-9670-4fd2-9578-c3ba1e06273f/python]   |   Getting requirements to build wheel: started\n[e1d997b3-9670-4fd2-9578-c3ba1e06273f/python]   |   Getting requirements to build wheel: finished with status 'done'\n[e1d997b3-9670-4fd2-9578-c3ba1e06273f/python]   |   Preparing metadata (pyproject.toml): started\n[e1d997b3-9670-4fd2-9578-c3ba1e06273f/python]   |   Preparing metadata (pyproject.toml): finished with status 'done'\n[e1d997b3-9670-4fd2-9578-c3ba1e06273f/python]   | Collecting py==1.11.0 (from -r requirements.txt (line 53))\n[e1d997b3-9670-4fd2-9578-c3ba1e06273f/python]   |   Downloading py-1.11.0-py2.py3-none-any.whl (98 kB)\n[e1d997b3-9670-4fd2-9578-c3ba1e06273f/python]   |      \u2501\u2501\u2501\u2501\u2501\u2501\u2501\u2501\u2501\u2501\u2501\u2501\u2501\u2501\u2501\u2501\u2501\u2501\u2501\u2501\u2501\u2501\u2501\u2501\u2501\u2501\u2501\u2501\u2501\u2501\u2501\u2501\u2501\u2501\u2501\u2501\u2501\u2501\u2501\u2501 98.7/98.7 kB 14.1 MB/s eta 0:00:00\n[e1d997b3-9670-4fd2-9578-c3ba1e06273f/python]   | Collecting pycodestyle==2.10.0 (from -r requirements.txt (line 54))\n[e1d997b3-9670-4fd2-9578-c3ba1e06273f/python]   |   Downloading pycodestyle-2.10.0-py2.py3-none-any.whl (41 kB)\n[e1d997b3-9670-4fd2-9578-c3ba1e06273f/python]   |      \u2501\u2501\u2501\u2501\u2501\u2501\u2501\u2501\u2501\u2501\u2501\u2501\u2501\u2501\u2501\u2501\u2501\u2501\u2501\u2501\u2501\u2501\u2501\u2501\u2501\u2501\u2501\u2501\u2501\u2501\u2501\u2501\u2501\u2501\u2501\u2501\u2501\u2501\u2501 41.3/41.3 kB 831.0 kB/s eta 0:00:00\n[e1d997b3-9670-4fd2-9578-c3ba1e06273f/python]   | Collecting pyflakes==3.0.1 (from -r requirements.txt (line 55))\n[e1d997b3-9670-4fd2-9578-c3ba1e06273f/python]   |   Downloading pyflakes-3.0.1-py2.py3-none-any.whl (62 kB)\n[e1d997b3-9670-4fd2-9578-c3ba1e06273f/python]   |      \u2501\u2501\u2501\u2501\u2501\u2501\u2501\u2501\u2501\u2501\u2501\u2501\u2501\u2501\u2501\u2501\u2501\u2501\u2501\u2501\u2501\u2501\u2501\u2501\u2501\u2501\u2501\u2501\u2501\u2501\u2501\u2501\u2501\u2501\u2501\u2501\u2501\u2501\u2501\u2501 62.8/62.8 kB 3.0 MB/s eta 0:00:00\n[e1d997b3-9670-4fd2-9578-c3ba1e06273f/python]   | Collecting PyJWT==2.6.0 (from -r requirements.txt (line 56))\n[e1d997b3-9670-4fd2-9578-c3ba1e06273f/python]   |   Downloading PyJWT-2.6.0-py3-none-any.whl (20 kB)\n[e1d997b3-9670-4fd2-9578-c3ba1e06273f/python]   | Collecting PyMuPDF==1.19.2 (from -r requirements.txt (line 57))\n[e1d997b3-9670-4fd2-9578-c3ba1e06273f/python]   |   Downloading PyMuPDF-1.19.2-cp39-cp39-manylinux_2_12_x86_64.manylinux2010_x86_64.whl (8.7 MB)\n[e1d997b3-9670-4fd2-9578-c3ba1e06273f/python]   |      \u2501\u2501\u2501\u2501\u2501\u2501\u2501\u2501\u2501\u2501\u2501\u2501\u2501\u2501\u2501\u2501\u2501\u2501\u2501\u2501\u2501\u2501\u2501\u2501\u2501\u2501\u2501\u2501\u2501\u2501\u2501\u2501\u2501\u2501\u2501\u2501\u2501\u2501\u2501\u2501 8.7/8.7 MB 8.9 MB/s eta 0:00:00\n[e1d997b3-9670-4fd2-9578-c3ba1e06273f/python]   | Collecting pyngrok==5.1.0 (from -r requirements.txt (line 58))\n[e1d997b3-9670-4fd2-9578-c3ba1e06273f/python]   |   Downloading pyngrok-5.1.0.tar.gz (745 kB)\n[e1d997b3-9670-4fd2-9578-c3ba1e06273f/python]   |      \u2501\u2501\u2501\u2501\u2501\u2501\u2501\u2501\u2501\u2501\u2501\u2501\u2501\u2501\u2501\u2501\u2501\u2501\u2501\u2501\u2501\u2501\u2501\u2501\u2501\u2501\u2501\u2501\u2501\u2501\u2501\u2501\u2501\u2501\u2501\u2501\u2501\u2501\u2501 745.3/745.3 kB 9.4 MB/s eta 0:00:00\n[e1d997b3-9670-4fd2-9578-c3ba1e06273f/python]   |   Installing build dependencies: started\n[e1d997b3-9670-4fd2-9578-c3ba1e06273f/python]   |   Installing build dependencies: finished with status 'done'\n[e1d997b3-9670-4fd2-9578-c3ba1e06273f/python]   |   Getting requirements to build wheel: started\n[e1d997b3-9670-4fd2-9578-c3ba1e06273f/python]   |   Getting requirements to build wheel: finished with status 'done'\n[e1d997b3-9670-4fd2-9578-c3ba1e06273f/python]   |   Preparing metadata (pyproject.toml): started\n[e1d997b3-9670-4fd2-9578-c3ba1e06273f/python]   |   Preparing metadata (pyproject.toml): finished with status 'done'\n[e1d997b3-9670-4fd2-9578-c3ba1e06273f/python]   | Collecting pyparsing==3.0.6 (from -r requirements.txt (line 59))\n[e1d997b3-9670-4fd2-9578-c3ba1e06273f/python]   |   Downloading pyparsing-3.0.6-py3-none-any.whl (97 kB)\n[e1d997b3-9670-4fd2-9578-c3ba1e06273f/python]   |      \u2501\u2501\u2501\u2501\u2501\u2501\u2501\u2501\u2501\u2501\u2501\u2501\u2501\u2501\u2501\u2501\u2501\u2501\u2501\u2501\u2501\u2501\u2501\u2501\u2501\u2501\u2501\u2501\u2501\u2501\u2501\u2501\u2501\u2501\u2501\u2501\u2501\u2501\u2501\u2501 97.6/97.6 kB 7.6 MB/s eta 0:00:00\n[e1d997b3-9670-4fd2-9578-c3ba1e06273f/python]   | Collecting pytest==7.2.1 (from -r requirements.txt (line 60))\n[e1d997b3-9670-4fd2-9578-c3ba1e06273f/python]   |   Downloading pytest-7.2.1-py3-none-any.whl (317 kB)\n[e1d997b3-9670-4fd2-9578-c3ba1e06273f/python]   |      \u2501\u2501\u2501\u2501\u2501\u2501\u2501\u2501\u2501\u2501\u2501\u2501\u2501\u2501\u2501\u2501\u2501\u2501\u2501\u2501\u2501\u2501\u2501\u2501\u2501\u2501\u2501\u2501\u2501\u2501\u2501\u2501\u2501\u2501\u2501\u2501\u2501\u2501\u2501 317.1/317.1 kB 4.7 MB/s eta 0:00:00\n[e1d997b3-9670-4fd2-9578-c3ba1e06273f/python]   | Collecting pytest-cov==4.0.0 (from -r requirements.txt (line 61))\n[e1d997b3-9670-4fd2-9578-c3ba1e06273f/python]   |   Downloading pytest_cov-4.0.0-py3-none-any.whl (21 kB)\n[e1d997b3-9670-4fd2-9578-c3ba1e06273f/python]   | Collecting python-dateutil==2.8.2 (from -r requirements.txt (line 62))\n[e1d997b3-9670-4fd2-9578-c3ba1e06273f/python]   |   Downloading python_dateutil-2.8.2-py2.py3-none-any.whl (247 kB)\n[e1d997b3-9670-4fd2-9578-c3ba1e06273f/python]   |      \u2501\u2501\u2501\u2501\u2501\u2501\u2501\u2501\u2501\u2501\u2501\u2501\u2501\u2501\u2501\u2501\u2501\u2501\u2501\u2501\u2501\u2501\u2501\u2501\u2501\u2501\u2501\u2501\u2501\u2501\u2501\u2501\u2501\u2501\u2501\u2501\u2501\u2501\u2501 247.7/247.7 kB 7.5 MB/s eta 0:00:00\n[e1d997b3-9670-4fd2-9578-c3ba1e06273f/python]   | Collecting python-dotenv==0.13.0 (from -r requirements.txt (line 63))\n[e1d997b3-9670-4fd2-9578-c3ba1e06273f/python]   |   Downloading python_dotenv-0.13.0-py2.py3-none-any.whl (17 kB)\n[e1d997b3-9670-4fd2-9578-c3ba1e06273f/python]   | Collecting PyYAML==6.0 (from -r requirements.txt (line 64))\n[e1d997b3-9670-4fd2-9578-c3ba1e06273f/python]   |   Downloading PyYAML-6.0-cp39-cp39-manylinux_2_5_x86_64.manylinux1_x86_64.manylinux_2_12_x86_64.manylinux2010_x86_64.whl (661 kB)\n[e1d997b3-9670-4fd2-9578-c3ba1e06273f/python]   |      \u2501\u2501\u2501\u2501\u2501\u2501\u2501\u2501\u2501\u2501\u2501\u2501\u2501\u2501\u2501\u2501\u2501\u2501\u2501\u2501\u2501\u2501\u2501\u2501\u2501\u2501\u2501\u2501\u2501\u2501\u2501\u2501\u2501\u2501\u2501\u2501\u2501\u2501\u2501 661.8/661.8 kB 5.5 MB/s eta 0:00:00\n[e1d997b3-9670-4fd2-9578-c3ba1e06273f/python]   | Collecting readability-lxml==0.8.1 (from -r requirements.txt (line 65))\n[e1d997b3-9670-4fd2-9578-c3ba1e06273f/python]   |   Downloading readability_lxml-0.8.1-py3-none-any.whl (20 kB)\n[e1d997b3-9670-4fd2-9578-c3ba1e06273f/python]   | Collecting redis==3.5.3 (from -r requirements.txt (line 66))\n[e1d997b3-9670-4fd2-9578-c3ba1e06273f/python]   |   Downloading redis-3.5.3-py2.py3-none-any.whl (72 kB)\n[e1d997b3-9670-4fd2-9578-c3ba1e06273f/python]   |      \u2501\u2501\u2501\u2501\u2501\u2501\u2501\u2501\u2501\u2501\u2501\u2501\u2501\u2501\u2501\u2501\u2501\u2501\u2501\u2501\u2501\u2501\u2501\u2501\u2501\u2501\u2501\u2501\u2501\u2501\u2501\u2501\u2501\u2501\u2501\u2501\u2501\u2501\u2501\u2501 72.1/72.1 kB 1.4 MB/s eta 0:00:00\n[e1d997b3-9670-4fd2-9578-c3ba1e06273f/python]   | Collecting regex==2020.5.14 (from -r requirements.txt (line 67))\n[e1d997b3-9670-4fd2-9578-c3ba1e06273f/python]   |   Downloading regex-2020.5.14.tar.gz (696 kB)\n[e1d997b3-9670-4fd2-9578-c3ba1e06273f/python]   |      \u2501\u2501\u2501\u2501\u2501\u2501\u2501\u2501\u2501\u2501\u2501\u2501\u2501\u2501\u2501\u2501\u2501\u2501\u2501\u2501\u2501\u2501\u2501\u2501\u2501\u2501\u2501\u2501\u2501\u2501\u2501\u2501\u2501\u2501\u2501\u2501\u2501\u2501\u2501 696.9/696.9 kB 8.2 MB/s eta 0:00:00\n[e1d997b3-9670-4fd2-9578-c3ba1e06273f/python]   |   Installing build dependencies: started\n[e1d997b3-9670-4fd2-9578-c3ba1e06273f/python]   |   Installing build dependencies: finished with status 'done'\n[e1d997b3-9670-4fd2-9578-c3ba1e06273f/python]   |   Getting requirements to build wheel: started\n[e1d997b3-9670-4fd2-9578-c3ba1e06273f/python]   |   Getting requirements to build wheel: finished with status 'done'\n[e1d997b3-9670-4fd2-9578-c3ba1e06273f/python]   |   Preparing metadata (pyproject.toml): started\n[e1d997b3-9670-4fd2-9578-c3ba1e06273f/python]   |   Preparing metadata (pyproject.toml): finished with status 'done'\n[e1d997b3-9670-4fd2-9578-c3ba1e06273f/python]   | Collecting requests==2.27.1 (from -r requirements.txt (line 68))\n[e1d997b3-9670-4fd2-9578-c3ba1e06273f/python]   |   Downloading requests-2.27.1-py2.py3-none-any.whl (63 kB)\n[e1d997b3-9670-4fd2-9578-c3ba1e06273f/python]   |      \u2501\u2501\u2501\u2501\u2501\u2501\u2501\u2501\u2501\u2501\u2501\u2501\u2501\u2501\u2501\u2501\u2501\u2501\u2501\u2501\u2501\u2501\u2501\u2501\u2501\u2501\u2501\u2501\u2501\u2501\u2501\u2501\u2501\u2501\u2501\u2501\u2501\u2501\u2501 63.1/63.1 kB 734.1 kB/s eta 0:00:00\n[e1d997b3-9670-4fd2-9578-c3ba1e06273f/python]   | Collecting rq==1.12.0 (from -r requirements.txt (line 69))\n[e1d997b3-9670-4fd2-9578-c3ba1e06273f/python]   |   Downloading rq-1.12.0-py2.py3-none-any.whl (76 kB)\n[e1d997b3-9670-4fd2-9578-c3ba1e06273f/python]   |      \u2501\u2501\u2501\u2501\u2501\u2501\u2501\u2501\u2501\u2501\u2501\u2501\u2501\u2501\u2501\u2501\u2501\u2501\u2501\u2501\u2501\u2501\u2501\u2501\u2501\u2501\u2501\u2501\u2501\u2501\u2501\u2501\u2501\u2501\u2501\u2501\u2501\u2501\u2501\u2501 76.2/76.2 kB 1.2 MB/s eta 0:00:00\n[e1d997b3-9670-4fd2-9578-c3ba1e06273f/python]   | Collecting s3transfer==0.3.7 (from -r requirements.txt (line 70))\n[e1d997b3-9670-4fd2-9578-c3ba1e06273f/python]   |   Downloading s3transfer-0.3.7-py2.py3-none-any.whl (73 kB)\n[e1d997b3-9670-4fd2-9578-c3ba1e06273f/python]   |      \u2501\u2501\u2501\u2501\u2501\u2501\u2501\u2501\u2501\u2501\u2501\u2501\u2501\u2501\u2501\u2501\u2501\u2501\u2501\u2501\u2501\u2501\u2501\u2501\u2501\u2501\u2501\u2501\u2501\u2501\u2501\u2501\u2501\u2501\u2501\u2501\u2501\u2501\u2501\u2501 73.4/73.4 kB 1.7 MB/s eta 0:00:00\n[e1d997b3-9670-4fd2-9578-c3ba1e06273f/python]   | Collecting six==1.16.0 (from -r requirements.txt (line 71))\n[e1d997b3-9670-4fd2-9578-c3ba1e06273f/python]   |   Downloading six-1.16.0-py2.py3-none-any.whl (11 kB)\n[e1d997b3-9670-4fd2-9578-c3ba1e06273f/python]   | Collecting soupsieve==2.3.1 (from -r requirements.txt (line 72))\n[e1d997b3-9670-4fd2-9578-c3ba1e06273f/python]   |   Downloading soupsieve-2.3.1-py3-none-any.whl (37 kB)\n[e1d997b3-9670-4fd2-9578-c3ba1e06273f/python]   | Collecting SQLAlchemy==1.4.46 (from -r requirements.txt (line 73))\n[e1d997b3-9670-4fd2-9578-c3ba1e06273f/python]   |   Downloading SQLAlchemy-1.4.46-cp39-cp39-manylinux_2_5_x86_64.manylinux1_x86_64.manylinux_2_17_x86_64.manylinux2014_x86_64.whl (1.6 MB)\n[e1d997b3-9670-4fd2-9578-c3ba1e06273f/python]   |      \u2501\u2501\u2501\u2501\u2501\u2501\u2501\u2501\u2501\u2501\u2501\u2501\u2501\u2501\u2501\u2501\u2501\u2501\u2501\u2501\u2501\u2501\u2501\u2501\u2501\u2501\u2501\u2501\u2501\u2501\u2501\u2501\u2501\u2501\u2501\u2501\u2501\u2501\u2501\u2501 1.6/1.6 MB 11.6 MB/s eta 0:00:00\n[e1d997b3-9670-4fd2-9578-c3ba1e06273f/python]   | Collecting SQLAlchemy-Utils==0.39.0 (from -r requirements.txt (line 74))\n[e1d997b3-9670-4fd2-9578-c3ba1e06273f/python]   |   Downloading SQLAlchemy_Utils-0.39.0-py3-none-any.whl (92 kB)\n[e1d997b3-9670-4fd2-9578-c3ba1e06273f/python]   |      \u2501\u2501\u2501\u2501\u2501\u2501\u2501\u2501\u2501\u2501\u2501\u2501\u2501\u2501\u2501\u2501\u2501\u2501\u2501\u2501\u2501\u2501\u2501\u2501\u2501\u2501\u2501\u2501\u2501\u2501\u2501\u2501\u2501\u2501\u2501\u2501\u2501\u2501\u2501\u2501 92.5/92.5 kB 2.1 MB/s eta 0:00:00\n[e1d997b3-9670-4fd2-9578-c3ba1e06273f/python]   | Collecting text-unidecode==1.3 (from -r requirements.txt (line 75))\n[e1d997b3-9670-4fd2-9578-c3ba1e06273f/python]   |   Downloading text_unidecode-1.3-py2.py3-none-any.whl (78 kB)\n[e1d997b3-9670-4fd2-9578-c3ba1e06273f/python]   |      \u2501\u2501\u2501\u2501\u2501\u2501\u2501\u2501\u2501\u2501\u2501\u2501\u2501\u2501\u2501\u2501\u2501\u2501\u2501\u2501\u2501\u2501\u2501\u2501\u2501\u2501\u2501\u2501\u2501\u2501\u2501\u2501\u2501\u2501\u2501\u2501\u2501\u2501\u2501\u2501 78.2/78.2 kB 2.4 MB/s eta 0:00:00\n[e1d997b3-9670-4fd2-9578-c3ba1e06273f/python]   | Collecting toml==0.10.2 (from -r requirements.txt (line 76))\n[e1d997b3-9670-4fd2-9578-c3ba1e06273f/python]   |   Downloading toml-0.10.2-py2.py3-none-any.whl (16 kB)\n[e1d997b3-9670-4fd2-9578-c3ba1e06273f/python]   | Collecting tomli==2.0.1 (from -r requirements.txt (line 77))\n[e1d997b3-9670-4fd2-9578-c3ba1e06273f/python]   |   Downloading tomli-2.0.1-py3-none-any.whl (12 kB)\n[e1d997b3-9670-4fd2-9578-c3ba1e06273f/python]   | Collecting typing_extensions==4.4.0 (from -r requirements.txt (line 78))\n[e1d997b3-9670-4fd2-9578-c3ba1e06273f/python]   |   Downloading typing_extensions-4.4.0-py3-none-any.whl (26 kB)\n[e1d997b3-9670-4fd2-9578-c3ba1e06273f/python]   | Collecting urllib3==1.26.5 (from -r requirements.txt (line 79))\n[e1d997b3-9670-4fd2-9578-c3ba1e06273f/python]   |   Downloading urllib3-1.26.5-py2.py3-none-any.whl (138 kB)\n[e1d997b3-9670-4fd2-9578-c3ba1e06273f/python]   |      \u2501\u2501\u2501\u2501\u2501\u2501\u2501\u2501\u2501\u2501\u2501\u2501\u2501\u2501\u2501\u2501\u2501\u2501\u2501\u2501\u2501\u2501\u2501\u2501\u2501\u2501\u2501\u2501\u2501\u2501\u2501\u2501\u2501\u2501\u2501\u2501\u2501\u2501\u2501 138.1/138.1 kB 3.4 MB/s eta 0:00:00\n[e1d997b3-9670-4fd2-9578-c3ba1e06273f/python]   | Collecting validators==0.15.0 (from -r requirements.txt (line 80))\n[e1d997b3-9670-4fd2-9578-c3ba1e06273f/python]   |   Downloading validators-0.15.0.tar.gz (27 kB)\n[e1d997b3-9670-4fd2-9578-c3ba1e06273f/python]   |   Installing build dependencies: started\n[e1d997b3-9670-4fd2-9578-c3ba1e06273f/python]   |   Installing build dependencies: finished with status 'done'\n[e1d997b3-9670-4fd2-9578-c3ba1e06273f/python]   |   Getting requirements to build wheel: started\n[e1d997b3-9670-4fd2-9578-c3ba1e06273f/python]   |   Getting requirements to build wheel: finished with status 'done'\n[e1d997b3-9670-4fd2-9578-c3ba1e06273f/python]   |   Preparing metadata (pyproject.toml): started\n[e1d997b3-9670-4fd2-9578-c3ba1e06273f/python]   |   Preparing metadata (pyproject.toml): finished with status 'done'\n[e1d997b3-9670-4fd2-9578-c3ba1e06273f/python]   | Collecting webencodings==0.5.1 (from -r requirements.txt (line 81))\n[e1d997b3-9670-4fd2-9578-c3ba1e06273f/python]   |   Downloading webencodings-0.5.1-py2.py3-none-any.whl (11 kB)\n[e1d997b3-9670-4fd2-9578-c3ba1e06273f/python]   | Collecting Werkzeug==2.2.2 (from -r requirements.txt (line 82))\n[e1d997b3-9670-4fd2-9578-c3ba1e06273f/python]   |   Downloading Werkzeug-2.2.2-py3-none-any.whl (232 kB)\n[e1d997b3-9670-4fd2-9578-c3ba1e06273f/python]   |      \u2501\u2501\u2501\u2501\u2501\u2501\u2501\u2501\u2501\u2501\u2501\u2501\u2501\u2501\u2501\u2501\u2501\u2501\u2501\u2501\u2501\u2501\u2501\u2501\u2501\u2501\u2501\u2501\u2501\u2501\u2501\u2501\u2501\u2501\u2501\u2501\u2501\u2501 232.7/232.7 kB 10.7 MB/s eta 0:00:00\n[e1d997b3-9670-4fd2-9578-c3ba1e06273f/python]   | Collecting wrapt==1.13.3 (from -r requirements.txt (line 83))\n[e1d997b3-9670-4fd2-9578-c3ba1e06273f/python]   |   Downloading wrapt-1.13.3-cp39-cp39-manylinux_2_5_x86_64.manylinux1_x86_64.manylinux_2_12_x86_64.manylinux2010_x86_64.whl (81 kB)\n[e1d997b3-9670-4fd2-9578-c3ba1e06273f/python]   |      \u2501\u2501\u2501\u2501\u2501\u2501\u2501\u2501\u2501\u2501\u2501\u2501\u2501\u2501\u2501\u2501\u2501\u2501\u2501\u2501\u2501\u2501\u2501\u2501\u2501\u2501\u2501\u2501\u2501\u2501\u2501\u2501\u2501\u2501\u2501\u2501\u2501\u2501\u2501\u2501 81.3/81.3 kB 8.3 MB/s eta 0:00:00\n[e1d997b3-9670-4fd2-9578-c3ba1e06273f/python]   | Collecting WTForms==2.3.1 (from -r requirements.txt (line 84))\n[e1d997b3-9670-4fd2-9578-c3ba1e06273f/python]   |   Downloading WTForms-2.3.1-py2.py3-none-any.whl (169 kB)\n[e1d997b3-9670-4fd2-9578-c3ba1e06273f/python]   |      \u2501\u2501\u2501\u2501\u2501\u2501\u2501\u2501\u2501\u2501\u2501\u2501\u2501\u2501\u2501\u2501\u2501\u2501\u2501\u2501\u2501\u2501\u2501\u2501\u2501\u2501\u2501\u2501\u2501\u2501\u2501\u2501\u2501\u2501\u2501\u2501\u2501\u2501\u2501 169.1/169.1 kB 6.0 MB/s eta 0:00:00\n[e1d997b3-9670-4fd2-9578-c3ba1e06273f/python]   | Collecting WTForms-Components==0.10.4 (from -r requirements.txt (line 85))\n[e1d997b3-9670-4fd2-9578-c3ba1e06273f/python]   |   Downloading WTForms-Components-0.10.4.tar.gz (24 kB)\n[e1d997b3-9670-4fd2-9578-c3ba1e06273f/python]   |   Installing build dependencies: started\n[e1d997b3-9670-4fd2-9578-c3ba1e06273f/python]   |   Installing build dependencies: finished with status 'done'\n[e1d997b3-9670-4fd2-9578-c3ba1e06273f/python]   |   Getting requirements to build wheel: started\n[e1d997b3-9670-4fd2-9578-c3ba1e06273f/python]   |   Getting requirements to build wheel: finished with status 'done'\n[e1d997b3-9670-4fd2-9578-c3ba1e06273f/python]   |   Preparing metadata (pyproject.toml): started\n[e1d997b3-9670-4fd2-9578-c3ba1e06273f/python]   |   Preparing metadata (pyproject.toml): finished with status 'done'\n[e1d997b3-9670-4fd2-9578-c3ba1e06273f/python]   | Collecting zipp==3.11.0 (from -r requirements.txt (line 86))\n[e1d997b3-9670-4fd2-9578-c3ba1e06273f/python]   |   Downloading zipp-3.11.0-py3-none-any.whl (6.6 kB)\n[e1d997b3-9670-4fd2-9578-c3ba1e06273f/python]   | Requirement already satisfied: setuptools>=3.0 in /opt/hostedtoolcache/Python/3.9.6/x64/lib/python3.9/site-packages (from gunicorn==20.1.0->-r requirements.txt (line 31)) (56.0.0)\n[e1d997b3-9670-4fd2-9578-c3ba1e06273f/python]   | Requirement already satisfied: pip>=6.0.0 in /opt/hostedtoolcache/Python/3.9.6/x64/lib/python3.9/site-packages (from pipdeptree==2.2.0->-r requirements.txt (line 49)) (21.1.3)\n[e1d997b3-9670-4fd2-9578-c3ba1e06273f/python]   | Collecting coverage[toml]>=5.2.1 (from pytest-cov==4.0.0->-r requirements.txt (line 61))\n[e1d997b3-9670-4fd2-9578-c3ba1e06273f/python]   |   Downloading coverage-7.2.7-cp39-cp39-manylinux_2_5_x86_64.manylinux1_x86_64.manylinux_2_17_x86_64.manylinux2014_x86_64.whl (228 kB)\n[e1d997b3-9670-4fd2-9578-c3ba1e06273f/python]   |      \u2501\u2501\u2501\u2501\u2501\u2501\u2501\u2501\u2501\u2501\u2501\u2501\u2501\u2501\u2501\u2501\u2501\u2501\u2501\u2501\u2501\u2501\u2501\u2501\u2501\u2501\u2501\u2501\u2501\u2501\u2501\u2501\u2501\u2501\u2501\u2501\u2501 228.3/228.3 kB 963.5 kB/s eta 0:00:00\n[e1d997b3-9670-4fd2-9578-c3ba1e06273f/python]   | Collecting greenlet!=0.4.17 (from SQLAlchemy==1.4.46->-r requirements.txt (line 73))\n[e1d997b3-9670-4fd2-9578-c3ba1e06273f/python]   |   Downloading greenlet-2.0.2-cp39-cp39-manylinux_2_17_x86_64.manylinux2014_x86_64.whl (610 kB)\n[e1d997b3-9670-4fd2-9578-c3ba1e06273f/python]   |      \u2501\u2501\u2501\u2501\u2501\u2501\u2501\u2501\u2501\u2501\u2501\u2501\u2501\u2501\u2501\u2501\u2501\u2501\u2501\u2501\u2501\u2501\u2501\u2501\u2501\u2501\u2501\u2501\u2501\u2501\u2501\u2501\u2501\u2501\u2501\u2501\u2501\u2501\u2501 610.9/610.9 kB 9.4 MB/s eta 0:00:00\n[e1d997b3-9670-4fd2-9578-c3ba1e06273f/python]   | INFO: pip is looking at multiple versions of coverage[toml] to determine which version is compatible with other requirements. This could take a while.\n[e1d997b3-9670-4fd2-9578-c3ba1e06273f/python]   | Collecting coverage[toml]>=5.2.1 (from pytest-cov==4.0.0->-r requirements.txt (line 61))\n[e1d997b3-9670-4fd2-9578-c3ba1e06273f/python]   |   Downloading coverage-7.2.6-cp39-cp39-manylinux_2_5_x86_64.manylinux1_x86_64.manylinux_2_17_x86_64.manylinux2014_x86_64.whl (228 kB)\n[e1d997b3-9670-4fd2-9578-c3ba1e06273f/python]   |      \u2501\u2501\u2501\u2501\u2501\u2501\u2501\u2501\u2501\u2501\u2501\u2501\u2501\u2501\u2501\u2501\u2501\u2501\u2501\u2501\u2501\u2501\u2501\u2501\u2501\u2501\u2501\u2501\u2501\u2501\u2501\u2501\u2501\u2501\u2501\u2501\u2501\u2501\u2501 228.2/228.2 kB 4.8 MB/s eta 0:00:00\n[e1d997b3-9670-4fd2-9578-c3ba1e06273f/python]   |   Downloading coverage-7.2.5-cp39-cp39-manylinux_2_5_x86_64.manylinux1_x86_64.manylinux_2_17_x86_64.manylinux2014_x86_64.whl (227 kB)\n[e1d997b3-9670-4fd2-9578-c3ba1e06273f/python]   |      \u2501\u2501\u2501\u2501\u2501\u2501\u2501\u2501\u2501\u2501\u2501\u2501\u2501\u2501\u2501\u2501\u2501\u2501\u2501\u2501\u2501\u2501\u2501\u2501\u2501\u2501\u2501\u2501\u2501\u2501\u2501\u2501\u2501\u2501\u2501\u2501\u2501\u2501 227.7/227.7 kB 32.6 MB/s eta 0:00:00\n[e1d997b3-9670-4fd2-9578-c3ba1e06273f/python]   |   Downloading coverage-7.2.4-cp39-cp39-manylinux_2_5_x86_64.manylinux1_x86_64.manylinux_2_17_x86_64.manylinux2014_x86_64.whl (227 kB)\n[e1d997b3-9670-4fd2-9578-c3ba1e06273f/python]   |      \u2501\u2501\u2501\u2501\u2501\u2501\u2501\u2501\u2501\u2501\u2501\u2501\u2501\u2501\u2501\u2501\u2501\u2501\u2501\u2501\u2501\u2501\u2501\u2501\u2501\u2501\u2501\u2501\u2501\u2501\u2501\u2501\u2501\u2501\u2501\u2501\u2501\u2501\u2501 227.7/227.7 kB 3.4 MB/s eta 0:00:00\n[e1d997b3-9670-4fd2-9578-c3ba1e06273f/python]   |   Downloading coverage-7.2.3-cp39-cp39-manylinux_2_5_x86_64.manylinux1_x86_64.manylinux_2_17_x86_64.manylinux2014_x86_64.whl (227 kB)\n[e1d997b3-9670-4fd2-9578-c3ba1e06273f/python]   |      \u2501\u2501\u2501\u2501\u2501\u2501\u2501\u2501\u2501\u2501\u2501\u2501\u2501\u2501\u2501\u2501\u2501\u2501\u2501\u2501\u2501\u2501\u2501\u2501\u2501\u2501\u2501\u2501\u2501\u2501\u2501\u2501\u2501\u2501\u2501\u2501\u2501\u2501\u2501 227.5/227.5 kB 9.1 MB/s eta 0:00:00\n[e1d997b3-9670-4fd2-9578-c3ba1e06273f/python]   |   Downloading coverage-7.2.2-cp39-cp39-manylinux_2_5_x86_64.manylinux1_x86_64.manylinux_2_17_x86_64.manylinux2014_x86_64.whl (227 kB)\n[e1d997b3-9670-4fd2-9578-c3ba1e06273f/python]   |      \u2501\u2501\u2501\u2501\u2501\u2501\u2501\u2501\u2501\u2501\u2501\u2501\u2501\u2501\u2501\u2501\u2501\u2501\u2501\u2501\u2501\u2501\u2501\u2501\u2501\u2501\u2501\u2501\u2501\u2501\u2501\u2501\u2501\u2501\u2501\u2501\u2501\u2501\u2501 227.0/227.0 kB 3.1 MB/s eta 0:00:00\n[e1d997b3-9670-4fd2-9578-c3ba1e06273f/python]   |   Downloading coverage-7.2.1-cp39-cp39-manylinux_2_5_x86_64.manylinux1_x86_64.manylinux_2_17_x86_64.manylinux2014_x86_64.whl (226 kB)\n[e1d997b3-9670-4fd2-9578-c3ba1e06273f/python]   |      \u2501\u2501\u2501\u2501\u2501\u2501\u2501\u2501\u2501\u2501\u2501\u2501\u2501\u2501\u2501\u2501\u2501\u2501\u2501\u2501\u2501\u2501\u2501\u2501\u2501\u2501\u2501\u2501\u2501\u2501\u2501\u2501\u2501\u2501\u2501\u2501\u2501\u2501\u2501 226.9/226.9 kB 6.1 MB/s eta 0:00:00\n[e1d997b3-9670-4fd2-9578-c3ba1e06273f/python]   |   Downloading coverage-7.2.0-cp39-cp39-manylinux_2_5_x86_64.manylinux1_x86_64.manylinux_2_17_x86_64.manylinux2014_x86_64.whl (226 kB)\n[e1d997b3-9670-4fd2-9578-c3ba1e06273f/python]   |      \u2501\u2501\u2501\u2501\u2501\u2501\u2501\u2501\u2501\u2501\u2501\u2501\u2501\u2501\u2501\u2501\u2501\u2501\u2501\u2501\u2501\u2501\u2501\u2501\u2501\u2501\u2501\u2501\u2501\u2501\u2501\u2501\u2501\u2501\u2501\u2501\u2501\u2501\u2501 226.9/226.9 kB 6.2 MB/s eta 0:00:00\n[e1d997b3-9670-4fd2-9578-c3ba1e06273f/python]   | INFO: pip is looking at multiple versions of coverage[toml] to determine which version is compatible with other requirements. This could take a while.\n[e1d997b3-9670-4fd2-9578-c3ba1e06273f/python]   | WARNING: The candidate selected for download or install is a yanked version: 'validators' candidate (version 0.15.0 at https://files.pythonhosted.org/packages/c4/4a/4f9c892f9a9f08ee5f99c32bbd4297499099c2c5f7eff8c617a57d31a7d8/validators-0.15.0.tar.gz (from https://pypi.org/simple/validators/))\n[e1d997b3-9670-4fd2-9578-c3ba1e06273f/python]   | Reason for being yanked: Missing python_requires in setup.py\n[e1d997b3-9670-4fd2-9578-c3ba1e06273f/python]   | Building wheels for collected packages: blinker, EbookLib, Flask-Mail, infinity, psycopg2, pyngrok, regex, validators, WTForms-Components\n[e1d997b3-9670-4fd2-9578-c3ba1e06273f/python]   |   Building wheel for blinker (pyproject.toml): started\n[e1d997b3-9670-4fd2-9578-c3ba1e06273f/python]   |   Building wheel for blinker (pyproject.toml): finished with status 'done'\n[e1d997b3-9670-4fd2-9578-c3ba1e06273f/python]   |   Created wheel for blinker: filename=blinker-1.4-py3-none-any.whl size=13458 sha256=6a2b7f9064dcc19d9c5d5749cdb0dff48359fd4b392de67af3a5b45c39a0c568\n[e1d997b3-9670-4fd2-9578-c3ba1e06273f/python]   |   Stored in directory: /home/runneradmin/.cache/pip/wheels/50/93/f8/4f0a42a03a06626d675f13907b6982ad5ecff383530af5a900\n[e1d997b3-9670-4fd2-9578-c3ba1e06273f/python]   |   Building wheel for EbookLib (pyproject.toml): started\n[e1d997b3-9670-4fd2-9578-c3ba1e06273f/python]   |   Building wheel for EbookLib (pyproject.toml): finished with status 'done'\n[e1d997b3-9670-4fd2-9578-c3ba1e06273f/python]   |   Created wheel for EbookLib: filename=EbookLib-0.17.1-py3-none-any.whl size=38169 sha256=e53aa1dc03f6515f2ccd9a51ac732886a443eba9d9005cd17030964898e2c0cb\n[e1d997b3-9670-4fd2-9578-c3ba1e06273f/python]   |   Stored in directory: /home/runneradmin/.cache/pip/wheels/b3/81/87/9b2b38976b783a8c2baffb72b320d2af59f8da80e6cb6410fd\n[e1d997b3-9670-4fd2-9578-c3ba1e06273f/python]   |   Building wheel for Flask-Mail (pyproject.toml): started\n[e1d997b3-9670-4fd2-9578-c3ba1e06273f/python]   |   Building wheel for Flask-Mail (pyproject.toml): finished with status 'done'\n[e1d997b3-9670-4fd2-9578-c3ba1e06273f/python]   |   Created wheel for Flask-Mail: filename=Flask_Mail-0.9.1-py3-none-any.whl size=7579 sha256=f6a7cb4e599981cd677e45cf7a60c7fe9b71c98fb6cd21e66a3610bfae1f37be\n[e1d997b3-9670-4fd2-9578-c3ba1e06273f/python]   |   Stored in directory: /home/runneradmin/.cache/pip/wheels/46/f9/d1/7fb1d1ae35210f02223b4502e2724235cffaed49e22df5007f\n[e1d997b3-9670-4fd2-9578-c3ba1e06273f/python]   |   Building wheel for infinity (pyproject.toml): started\n[e1d997b3-9670-4fd2-9578-c3ba1e06273f/python]   |   Building wheel for infinity (pyproject.toml): finished with status 'done'\n[e1d997b3-9670-4fd2-9578-c3ba1e06273f/python]   |   Created wheel for infinity: filename=infinity-1.5-py3-none-any.whl size=3092 sha256=095a69c65480ae12a0242b04542dcecaac65585f8c07c84dd0a8a624c9c6811f\n[e1d997b3-9670-4fd2-9578-c3ba1e06273f/python]   |   Stored in directory: /home/runneradmin/.cache/pip/wheels/1e/88/76/5045a7c50b29a2e55ee8a73a8c8d0215f84ee54e9355492d82\n[e1d997b3-9670-4fd2-9578-c3ba1e06273f/python]   |   Building wheel for psycopg2 (pyproject.toml): started\n[e1d997b3-9670-4fd2-9578-c3ba1e06273f/python]   |   Building wheel for psycopg2 (pyproject.toml): finished with status 'done'\n[e1d997b3-9670-4fd2-9578-c3ba1e06273f/python]   |   Created wheel for psycopg2: filename=psycopg2-2.8.5-cp39-cp39-linux_x86_64.whl size=520760 sha256=70bfe06fe9ffe8879fd9f1412c7f5c9a0b3154284a244455fdab90eafc4af68d\n[e1d997b3-9670-4fd2-9578-c3ba1e06273f/python]   |   Stored in directory: /home/runneradmin/.cache/pip/wheels/c2/17/82/f619fa1d1a361445c4ff28634f734936f2d54891c79840b345\n[e1d997b3-9670-4fd2-9578-c3ba1e06273f/python]   |   Building wheel for pyngrok (pyproject.toml): started\n[e1d997b3-9670-4fd2-9578-c3ba1e06273f/python]   |   Building wheel for pyngrok (pyproject.toml): finished with status 'done'\n[e1d997b3-9670-4fd2-9578-c3ba1e06273f/python]   |   Created wheel for pyngrok: filename=pyngrok-5.1.0-py3-none-any.whl size=18985 sha256=d6b15333638825275a9519a983b8470c154957e512c2e064d0b12219b1c91ac0\n[e1d997b3-9670-4fd2-9578-c3ba1e06273f/python]   |   Stored in directory: /home/runneradmin/.cache/pip/wheels/a8/05/30/c9d9f2417546c7a7c329f5bba09e2cfba9991c030ad8bfb043\n[e1d997b3-9670-4fd2-9578-c3ba1e06273f/python]   |   Building wheel for regex (pyproject.toml): started\n[e1d997b3-9670-4fd2-9578-c3ba1e06273f/python]   |   Building wheel for regex (pyproject.toml): finished with status 'done'\n[e1d997b3-9670-4fd2-9578-c3ba1e06273f/python]   |   Created wheel for regex: filename=regex-2020.5.14-cp39-cp39-linux_x86_64.whl size=753341 sha256=3d43fd2f37434825f19c7d785529fb657b72a784e9d7431a489693f84c8fc08b\n[e1d997b3-9670-4fd2-9578-c3ba1e06273f/python]   |   Stored in directory: /home/runneradmin/.cache/pip/wheels/d6/8c/71/431bc655d995b523f5d7af2c4513dbceac53113cfeee0a258a\n[e1d997b3-9670-4fd2-9578-c3ba1e06273f/python]   |   Building wheel for validators (pyproject.toml): started\n[e1d997b3-9670-4fd2-9578-c3ba1e06273f/python]   |   Building wheel for validators (pyproject.toml): finished with status 'done'\n[e1d997b3-9670-4fd2-9578-c3ba1e06273f/python]   |   Created wheel for validators: filename=validators-0.15.0-py3-none-any.whl size=18385 sha256=847624447329e664b4981054bc341861ea27315528e72ddb4993a8d745309b0a\n[e1d997b3-9670-4fd2-9578-c3ba1e06273f/python]   |   Stored in directory: /home/runneradmin/.cache/pip/wheels/1e/79/2a/0668c057b8387578a4a5fad73ac34af509eb7b5bc9f852fcdc\n[e1d997b3-9670-4fd2-9578-c3ba1e06273f/python]   |   Building wheel for WTForms-Components (pyproject.toml): started\n[e1d997b3-9670-4fd2-9578-c3ba1e06273f/python]   |   Building wheel for WTForms-Components (pyproject.toml): finished with status 'done'\n[e1d997b3-9670-4fd2-9578-c3ba1e06273f/python]   |   Created wheel for WTForms-Components: filename=WTForms_Components-0.10.4-py2.py3-none-any.whl size=15028 sha256=9942f9715ccf791838de8cbbea33bf2f1eb677281247a3818965697be1195da1\n[e1d997b3-9670-4fd2-9578-c3ba1e06273f/python]   |   Stored in directory: /home/runneradmin/.cache/pip/wheels/8f/76/b7/0bbcf249bfdc192f85399f1b039bb6b19388e956288a6e881f\n[e1d997b3-9670-4fd2-9578-c3ba1e06273f/python]   | Successfully built blinker EbookLib Flask-Mail infinity psycopg2 pyngrok regex validators WTForms-Components\n[e1d997b3-9670-4fd2-9578-c3ba1e06273f/python]   | Installing collected packages: webencodings, text-unidecode, regex, python-dotenv, mypy-extensions, iniconfig, infinity, chardet, certifi, blinker, zipp, wrapt, urllib3, typing_extensions, tomli, toml, soupsieve, six, redis, PyYAML, pyparsing, PyMuPDF, PyJWT, pyflakes, pycodestyle, py, psycopg2, pluggy, platformdirs, pipdeptree, pathspec, oauthlib, mccabe, MarkupSafe, lxml, jmespath, itsdangerous, intervals, idna, gunicorn, greenlet, exceptiongroup, dnspython, decorator, cssselect, coverage, click, charset-normalizer, attrs, WTForms, Werkzeug, validators, SQLAlchemy, rq, requests, readability-lxml, python-dateutil, pyngrok, packaging, Mako, Jinja2, importlib-metadata, html5lib, flask-talisman, flake8, email-validator, EbookLib, Deprecated, black, beautifulsoup4, WTForms-Components, SQLAlchemy-Utils, pytest, Flask, Faker, botocore, alembic, s3transfer, pytest-cov, Flask-WTF, Flask-SQLAlchemy, Flask-Mail, Flask-Login, Flask-HTTPAuth, Flask-Cors, Flask-Migrate, boto3\n[e1d997b3-9670-4fd2-9578-c3ba1e06273f/python]   | Successfully installed Deprecated-1.2.13 EbookLib-0.17.1 Faker-8.10.1 Flask-2.2.2 Flask-Cors-3.0.9 Flask-HTTPAuth-4.7.0 Flask-Login-0.6.2 Flask-Mail-0.9.1 Flask-Migrate-2.5.3 Flask-SQLAlchemy-3.0.2 Flask-WTF-1.0.1 Jinja2-3.0.3 Mako-1.1.6 MarkupSafe-2.1.1 PyJWT-2.6.0 PyMuPDF-1.19.2 PyYAML-6.0 SQLAlchemy-1.4.46 SQLAlchemy-Utils-0.39.0 WTForms-2.3.1 WTForms-Components-0.10.4 Werkzeug-2.2.2 alembic-1.7.5 attrs-21.2.0 beautifulsoup4-4.9.1 black-22.12.0 blinker-1.4 boto3-1.17.12 botocore-1.20.112 certifi-2021.10.8 chardet-3.0.4 charset-normalizer-2.0.12 click-8.1.3 coverage-7.1.0 cssselect-1.1.0 decorator-5.1.0 dnspython-2.1.0 email-validator-1.1.1 exceptiongroup-1.1.0 flake8-6.0.0 flask-talisman-0.7.0 greenlet-2.0.2 gunicorn-20.1.0 html5lib-1.1 idna-2.10 importlib-metadata-6.0.0 infinity-1.5 iniconfig-1.1.1 intervals-0.9.2 itsdangerous-2.0.1 jmespath-0.10.0 lxml-4.6.5 mccabe-0.7.0 mypy-extensions-0.4.3 oauthlib-3.1.0 packaging-21.3 pathspec-0.10.3 pipdeptree-2.2.0 platformdirs-2.6.2 pluggy-1.0.0 psycopg2-2.8.5 py-1.11.0 pycodestyle-2.10.0 pyflakes-3.0.1 pyngrok-5.1.0 pyparsing-3.0.6 pytest-7.2.1 pytest-cov-4.0.0 python-dateutil-2.8.2 python-dotenv-0.13.0 readability-lxml-0.8.1 redis-3.5.3 regex-2020.5.14 requests-2.27.1 rq-1.12.0 s3transfer-0.3.7 six-1.16.0 soupsieve-2.3.1 text-unidecode-1.3 toml-0.10.2 tomli-2.0.1 typing_extensions-4.4.0 urllib3-1.26.5 validators-0.15.0 webencodings-0.5.1 wrapt-1.13.3 zipp-3.11.0\n[e1d997b3-9670-4fd2-9578-c3ba1e06273f/python]   | \n[e1d997b3-9670-4fd2-9578-c3ba1e06273f/python]   | [notice] A new release of pip is available: 21.1.3 -> 23.1.2\n[e1d997b3-9670-4fd2-9578-c3ba1e06273f/python]   | [notice] To update, run: pip install --upgrade pip\n[e1d997b3-9670-4fd2-9578-c3ba1e06273f/python]   \u2705  Success - Main Install dependencies\n[e1d997b3-9670-4fd2-9578-c3ba1e06273f/python] \u2b50 Run Main Install npm dependencies\n[e1d997b3-9670-4fd2-9578-c3ba1e06273f/python]   \ud83d\udc33  docker exec cmd=[bash --noprofile --norc -e -o pipefail /var/run/act/workflow/3] user= workdir=\n[e1d997b3-9670-4fd2-9578-c3ba1e06273f/python]   | npm notice created a lockfile as package-lock.json. You should commit this file.\n[e1d997b3-9670-4fd2-9578-c3ba1e06273f/python]   | npm WARN notsup Unsupported engine for jsdom@22.1.0: wanted: {\"node\":\">=16\"} (current: {\"node\":\"14.17.6\",\"npm\":\"6.14.15\"})\n[e1d997b3-9670-4fd2-9578-c3ba1e06273f/python]   | npm WARN notsup Not compatible with your version of node/npm: jsdom@22.1.0\n[e1d997b3-9670-4fd2-9578-c3ba1e06273f/python]   | \n[e1d997b3-9670-4fd2-9578-c3ba1e06273f/python]   | added 45 packages from 45 contributors and audited 45 packages in 2.6s\n[e1d997b3-9670-4fd2-9578-c3ba1e06273f/python]   | \n[e1d997b3-9670-4fd2-9578-c3ba1e06273f/python]   | 3 packages are looking for funding\n[e1d997b3-9670-4fd2-9578-c3ba1e06273f/python]   |   run `npm fund` for details\n[e1d997b3-9670-4fd2-9578-c3ba1e06273f/python]   | \n[e1d997b3-9670-4fd2-9578-c3ba1e06273f/python]   | found 0 vulnerabilities\n[e1d997b3-9670-4fd2-9578-c3ba1e06273f/python]   | \n[e1d997b3-9670-4fd2-9578-c3ba1e06273f/python]   \u2705  Success - Main Install npm dependencies\n[e1d997b3-9670-4fd2-9578-c3ba1e06273f/python] \u2b50 Run Main Lint with flake8\n[e1d997b3-9670-4fd2-9578-c3ba1e06273f/python]   \ud83d\udc33  docker exec cmd=[bash --noprofile --norc -e -o pipefail /var/run/act/workflow/4] user= workdir=\n[e1d997b3-9670-4fd2-9578-c3ba1e06273f/python]   | 0\n[e1d997b3-9670-4fd2-9578-c3ba1e06273f/python]   | ./app/__init__.py:89:1: C901 'create_app' is too complex (12)\n[e1d997b3-9670-4fd2-9578-c3ba1e06273f/python]   | ./app/api/articles.py:98:1: C901 'add_article' is too complex (11)\n[e1d997b3-9670-4fd2-9578-c3ba1e06273f/python]   | ./app/export.py:46:1: C901 'article_export' is too complex (14)\n[e1d997b3-9670-4fd2-9578-c3ba1e06273f/python]   | ./app/helpers/on_demand/absolute_urls.py:7:1: C901 'set_absolute_urls' is too complex (11)\n[e1d997b3-9670-4fd2-9578-c3ba1e06273f/python]   | ./app/helpers/pdf.py:76:1: C901 'create_sizes_to_header_tags_dict' is too complex (12)\n[e1d997b3-9670-4fd2-9578-c3ba1e06273f/python]   | ./app/helpers/review.py:47:1: C901 'order_highlights' is too complex (26)\n[e1d997b3-9670-4fd2-9578-c3ba1e06273f/python]   | ./app/main/routes.py:62:1: C901 'articles' is too complex (15)\n[e1d997b3-9670-4fd2-9578-c3ba1e06273f/python]   | ./app/main/routes.py:267:1: C901 'export_highlights' is too complex (12)\n[e1d997b3-9670-4fd2-9578-c3ba1e06273f/python]   | ./app/main/routes.py:415:1: C901 'add_by_email' is too complex (26)\n[e1d997b3-9670-4fd2-9578-c3ba1e06273f/python]   | ./app/main/routes.py:745:1: C901 'add_article' is too complex (26)\n[e1d997b3-9670-4fd2-9578-c3ba1e06273f/python]   | ./app/main/routes.py:1288:1: C901 'updateArticle' is too complex (16)\n[e1d997b3-9670-4fd2-9578-c3ba1e06273f/python]   | ./app/main/routes.py:1723:1: C901 'highlights' is too complex (11)\n[e1d997b3-9670-4fd2-9578-c3ba1e06273f/python]   | ./app/main/routes.py:1853:1: C901 'review' is too complex (11)\n[e1d997b3-9670-4fd2-9578-c3ba1e06273f/python]   | ./app/models.py:20:1: F401 'traceback' imported but unused\n[e1d997b3-9670-4fd2-9578-c3ba1e06273f/python]   | ./app/models.py:589:5: C901 'Article.return_articles_with_count' is too complex (12)\n[e1d997b3-9670-4fd2-9578-c3ba1e06273f/python]   | ./app/models.py:1209:58: E712 comparison to False should be 'if cond is False:' or 'if not cond:'\n[e1d997b3-9670-4fd2-9578-c3ba1e06273f/python]   | ./app/models.py:1227:128: E501 line too long (132 > 127 characters)\n[e1d997b3-9670-4fd2-9578-c3ba1e06273f/python]   | ./app/tasks.py:164:1: C901 'export_legacy_highlights' is too complex (15)\n[e1d997b3-9670-4fd2-9578-c3ba1e06273f/python]   | ./app/tasks.py:454:1: C901 'bg_add_article' is too complex (11)\n[e1d997b3-9670-4fd2-9578-c3ba1e06273f/python]   | ./app/tasks.py:545:1: C901 'set_absolute_urls' is too complex (12)\n[e1d997b3-9670-4fd2-9578-c3ba1e06273f/python]   | ./app/tasks.py:585:9: F402 import 'text' from line 13 shadowed by loop variable\n[e1d997b3-9670-4fd2-9578-c3ba1e06273f/python]   | ./tests/helpers/test_ebooks.py:6:1: F401 'unittest.mock.call' imported but unused\n[e1d997b3-9670-4fd2-9578-c3ba1e06273f/python]   | ./tests/helpers/test_ebooks.py:7:1: F401 'zipfile.ZipFile' imported but unused\n[e1d997b3-9670-4fd2-9578-c3ba1e06273f/python]   | ./tests/helpers/test_ebooks.py:54:48: F841 local variable 'mock_s3' is assigned to but never used\n[e1d997b3-9670-4fd2-9578-c3ba1e06273f/python]   | ./tests/helpers/test_ebooks.py:65:13: W503 line break before binary operator\n[e1d997b3-9670-4fd2-9578-c3ba1e06273f/python]   | ./tests/helpers/test_ebooks.py:69:13: W503 line break before binary operator\n[e1d997b3-9670-4fd2-9578-c3ba1e06273f/python]   | ./tests/helpers/test_pdf.py:6:1: F401 'unittest.mock.call' imported but unused\n[e1d997b3-9670-4fd2-9578-c3ba1e06273f/python]   | ./tests/helpers/test_pdf.py:61:45: F841 local variable 'mock_s3' is assigned to but never used\n[e1d997b3-9670-4fd2-9578-c3ba1e06273f/python]   | ./tests/models/test_user_model.py:115:13: W503 line break before binary operator\n[e1d997b3-9670-4fd2-9578-c3ba1e06273f/python]   | ./tests/models/test_user_model.py:125:13: W503 line break before binary operator\n[e1d997b3-9670-4fd2-9578-c3ba1e06273f/python]   | ./tests/tasks/test_create_recall_text.py:4:1: F401 'app.models.User' imported but unused\n[e1d997b3-9670-4fd2-9578-c3ba1e06273f/python]   | ./tests/tasks/test_create_recall_text.py:4:1: F401 'app.models.Approved_Sender' imported but unused\n[e1d997b3-9670-4fd2-9578-c3ba1e06273f/python]   | ./tests/tasks/test_create_recall_text.py:4:1: F401 'app.models.Tag' imported but unused\n[e1d997b3-9670-4fd2-9578-c3ba1e06273f/python]   | ./tests/tasks/test_create_recall_text.py:4:1: F401 'app.models.Article' imported but unused\n[e1d997b3-9670-4fd2-9578-c3ba1e06273f/python]   | ./tests/tasks/test_create_recall_text.py:4:1: F401 'app.models.Comms' imported but unused\n[e1d997b3-9670-4fd2-9578-c3ba1e06273f/python]   | ./tests/test_email.py:3:1: F401 'unittest.mock.call' imported but unused\n[e1d997b3-9670-4fd2-9578-c3ba1e06273f/python]   | 17    C901 'create_app' is too complex (12)\n[e1d997b3-9670-4fd2-9578-c3ba1e06273f/python]   | 1     E501 line too long (132 > 127 characters)\n[e1d997b3-9670-4fd2-9578-c3ba1e06273f/python]   | 1     E712 comparison to False should be 'if cond is False:' or 'if not cond:'\n[e1d997b3-9670-4fd2-9578-c3ba1e06273f/python]   | 10    F401 'traceback' imported but unused\n[e1d997b3-9670-4fd2-9578-c3ba1e06273f/python]   | 1     F402 import 'text' from line 13 shadowed by loop variable\n[e1d997b3-9670-4fd2-9578-c3ba1e06273f/python]   | 2     F841 local variable 'mock_s3' is assigned to but never used\n[e1d997b3-9670-4fd2-9578-c3ba1e06273f/python]   | 4     W503 line break before binary operator\n[e1d997b3-9670-4fd2-9578-c3ba1e06273f/python]   | 36\n[e1d997b3-9670-4fd2-9578-c3ba1e06273f/python]   \u2705  Success - Main Lint with flake8\n[e1d997b3-9670-4fd2-9578-c3ba1e06273f/python] \u2b50 Run Main Test with pytest\n[e1d997b3-9670-4fd2-9578-c3ba1e06273f/python]   \ud83d\udc33  docker exec cmd=[bash --noprofile --norc -e -o pipefail /var/run/act/workflow/5] user= workdir=\n[e1d997b3-9670-4fd2-9578-c3ba1e06273f/python]   | ============================= test session starts ==============================\n[e1d997b3-9670-4fd2-9578-c3ba1e06273f/python]   | platform linux -- Python 3.9.6, pytest-7.2.1, pluggy-1.0.0\n[e1d997b3-9670-4fd2-9578-c3ba1e06273f/python]   | rootdir: /tmp/ad9c0f7e-1596-11ee-8a50-bb14de238602/Roznoshchik-Lurnby\n[e1d997b3-9670-4fd2-9578-c3ba1e06273f/python]   | plugins: cov-4.0.0, Faker-8.10.1\n[e1d997b3-9670-4fd2-9578-c3ba1e06273f/python]   | collected 101 items\n[e1d997b3-9670-4fd2-9578-c3ba1e06273f/python]   | \n[e1d997b3-9670-4fd2-9578-c3ba1e06273f/python]   | tests/test_email.py .                                                    [  0%]\n[e1d997b3-9670-4fd2-9578-c3ba1e06273f/python]   | tests/api/test_articles.py ....F...........                              [ 16%]\n[e1d997b3-9670-4fd2-9578-c3ba1e06273f/python]   | tests/api/test_highlights.py ..........................                  [ 42%]\n[e1d997b3-9670-4fd2-9578-c3ba1e06273f/python]   | tests/api/test_tags.py .............                                     [ 55%]\n[e1d997b3-9670-4fd2-9578-c3ba1e06273f/python]   | tests/api/test_tasks.py .                                                [ 56%]\n[e1d997b3-9670-4fd2-9578-c3ba1e06273f/python]   | tests/api/test_users.py .........                                        [ 65%]\n[e1d997b3-9670-4fd2-9578-c3ba1e06273f/python]   | tests/helpers/test_ebooks.py ..                                          [ 67%]\n[e1d997b3-9670-4fd2-9578-c3ba1e06273f/python]   | tests/helpers/test_export_helpers.py ..........                          [ 77%]\n[e1d997b3-9670-4fd2-9578-c3ba1e06273f/python]   | tests/helpers/test_pdf.py ..                                             [ 79%]\n[e1d997b3-9670-4fd2-9578-c3ba1e06273f/python]   | tests/models/test_comms_model.py ...                                     [ 82%]\n[e1d997b3-9670-4fd2-9578-c3ba1e06273f/python]   | tests/models/test_events_model.py .                                      [ 83%]\n[e1d997b3-9670-4fd2-9578-c3ba1e06273f/python]   | tests/models/test_highlight_model.py ..                                  [ 85%]\n[e1d997b3-9670-4fd2-9578-c3ba1e06273f/python]   | tests/models/test_tag_model.py ..                                        [ 87%]\n[e1d997b3-9670-4fd2-9578-c3ba1e06273f/python]   | tests/models/test_user_model.py ..........                               [ 97%]\n[e1d997b3-9670-4fd2-9578-c3ba1e06273f/python]   | tests/tasks/test_create_recall_text.py ..                                [ 99%]\n[e1d997b3-9670-4fd2-9578-c3ba1e06273f/python]   | tests/tasks/test_delete_user.py .                                        [100%]\n[e1d997b3-9670-4fd2-9578-c3ba1e06273f/python]   | \n[e1d997b3-9670-4fd2-9578-c3ba1e06273f/python]   | =================================== FAILURES ===================================\n[e1d997b3-9670-4fd2-9578-c3ba1e06273f/python]   | ____________________ AddArticleApiTests.test_add_url_entry _____________________\n[e1d997b3-9670-4fd2-9578-c3ba1e06273f/python]   | \n[e1d997b3-9670-4fd2-9578-c3ba1e06273f/python]   | self = <tests.api.test_articles.AddArticleApiTests testMethod=test_add_url_entry>\n[e1d997b3-9670-4fd2-9578-c3ba1e06273f/python]   | mock_check_token = <MagicMock name='check_token' id='140616939543184'>\n[e1d997b3-9670-4fd2-9578-c3ba1e06273f/python]   | mock_get = <MagicMock name='get' id='140616940803600'>\n[e1d997b3-9670-4fd2-9578-c3ba1e06273f/python]   | \n[e1d997b3-9670-4fd2-9578-c3ba1e06273f/python]   |     @patch(\"app.helpers.pulltext.requests.get\")\n[e1d997b3-9670-4fd2-9578-c3ba1e06273f/python]   |     @patch(\"app.models.User.check_token\")\n[e1d997b3-9670-4fd2-9578-c3ba1e06273f/python]   |     def test_add_url_entry(self, mock_check_token, mock_get):\n[e1d997b3-9670-4fd2-9578-c3ba1e06273f/python]   |         mock_check_token.return_value = User.query.first()\n[e1d997b3-9670-4fd2-9578-c3ba1e06273f/python]   |         with open(\n[e1d997b3-9670-4fd2-9578-c3ba1e06273f/python]   |             f\"{Path(os.path.dirname(__file__)).parent}/mocks/mock_html_req.txt\",\n[e1d997b3-9670-4fd2-9578-c3ba1e06273f/python]   |             \"r\",\n[e1d997b3-9670-4fd2-9578-c3ba1e06273f/python]   |         ) as file:\n[e1d997b3-9670-4fd2-9578-c3ba1e06273f/python]   |             html = file.read()\n[e1d997b3-9670-4fd2-9578-c3ba1e06273f/python]   |     \n[e1d997b3-9670-4fd2-9578-c3ba1e06273f/python]   |         mock_get.return_value = MockResponse(html)\n[e1d997b3-9670-4fd2-9578-c3ba1e06273f/python]   |     \n[e1d997b3-9670-4fd2-9578-c3ba1e06273f/python]   |         payload = {\"url\": \"https://www.mock.com\"}\n[e1d997b3-9670-4fd2-9578-c3ba1e06273f/python]   |     \n[e1d997b3-9670-4fd2-9578-c3ba1e06273f/python]   |         res = self.client.post(\n[e1d997b3-9670-4fd2-9578-c3ba1e06273f/python]   |             \"/api/articles\",\n[e1d997b3-9670-4fd2-9578-c3ba1e06273f/python]   |             data={\"data\": json.dumps(payload)},\n[e1d997b3-9670-4fd2-9578-c3ba1e06273f/python]   |             headers={\"Authorization\": \"Bearer abc123\"},\n[e1d997b3-9670-4fd2-9578-c3ba1e06273f/python]   |         )\n[e1d997b3-9670-4fd2-9578-c3ba1e06273f/python]   |         article = Article.query.filter_by(id=1).first()\n[e1d997b3-9670-4fd2-9578-c3ba1e06273f/python]   |     \n[e1d997b3-9670-4fd2-9578-c3ba1e06273f/python]   | >       self.assertEqual(res.status_code, 201)\n[e1d997b3-9670-4fd2-9578-c3ba1e06273f/python]   | E       AssertionError: 400 != 201\n[e1d997b3-9670-4fd2-9578-c3ba1e06273f/python]   | \n[e1d997b3-9670-4fd2-9578-c3ba1e06273f/python]   | tests/api/test_articles.py:178: AssertionError\n[e1d997b3-9670-4fd2-9578-c3ba1e06273f/python]   | ----------------------------- Captured stdout call -----------------------------\n[e1d997b3-9670-4fd2-9578-c3ba1e06273f/python]   | 2023-06-28 15:30:11,541 [API] ERROR    add_article_methods.py:process_url_entry - Couldn't parse url: https://www.mock.com\n[e1d997b3-9670-4fd2-9578-c3ba1e06273f/python]   | ----------------------------- Captured stderr call -----------------------------\n[e1d997b3-9670-4fd2-9578-c3ba1e06273f/python]   | /tmp/ad9c0f7e-1596-11ee-8a50-bb14de238602/Roznoshchik-Lurnby/app/ReadabiliPy/node_modules/jsdom/lib/jsdom/living/nodes/HTMLInputElement-impl.js:583\n[e1d997b3-9670-4fd2-9578-c3ba1e06273f/python]   |       this[filesSymbol] ||= FileList.createImpl(this._globalObject);\n[e1d997b3-9670-4fd2-9578-c3ba1e06273f/python]   |                         ^^^\n[e1d997b3-9670-4fd2-9578-c3ba1e06273f/python]   | \n[e1d997b3-9670-4fd2-9578-c3ba1e06273f/python]   | SyntaxError: Unexpected token '||='\n[e1d997b3-9670-4fd2-9578-c3ba1e06273f/python]   |     at wrapSafe (internal/modules/cjs/loader.js:988:16)\n[e1d997b3-9670-4fd2-9578-c3ba1e06273f/python]   |     at Module._compile (internal/modules/cjs/loader.js:1036:27)\n[e1d997b3-9670-4fd2-9578-c3ba1e06273f/python]   |     at Object.Module._extensions..js (internal/modules/cjs/loader.js:1101:10)\n[e1d997b3-9670-4fd2-9578-c3ba1e06273f/python]   |     at Module.load (internal/modules/cjs/loader.js:937:32)\n[e1d997b3-9670-4fd2-9578-c3ba1e06273f/python]   |     at Function.Module._load (internal/modules/cjs/loader.js:778:12)\n[e1d997b3-9670-4fd2-9578-c3ba1e06273f/python]   |     at Module.require (internal/modules/cjs/loader.js:961:19)\n[e1d997b3-9670-4fd2-9578-c3ba1e06273f/python]   |     at require (internal/modules/cjs/helpers.js:92:18)\n[e1d997b3-9670-4fd2-9578-c3ba1e06273f/python]   |     at Object.<anonymous> (/tmp/ad9c0f7e-1596-11ee-8a50-bb14de238602/Roznoshchik-Lurnby/app/ReadabiliPy/node_modules/jsdom/lib/jsdom/living/generated/HTMLInputElement.js:1875:14)\n[e1d997b3-9670-4fd2-9578-c3ba1e06273f/python]   |     at Module._compile (internal/modules/cjs/loader.js:1072:14)\n[e1d997b3-9670-4fd2-9578-c3ba1e06273f/python]   |     at Object.Module._extensions..js (internal/modules/cjs/loader.js:1101:10)\n[e1d997b3-9670-4fd2-9578-c3ba1e06273f/python]   | ------------------------------ Captured log call -------------------------------\n[e1d997b3-9670-4fd2-9578-c3ba1e06273f/python]   | INFO     app:__init__.py:195 Lurnby\n[e1d997b3-9670-4fd2-9578-c3ba1e06273f/python]   | - generated xml file: /tmp/ad9c0f7e-1596-11ee-8a50-bb14de238602/Roznoshchik-Lurnby/report.xml -\n[e1d997b3-9670-4fd2-9578-c3ba1e06273f/python]   | =========================== short test summary info ============================\n[e1d997b3-9670-4fd2-9578-c3ba1e06273f/python]   | FAILED tests/api/test_articles.py::AddArticleApiTests::test_add_url_entry - AssertionError: 400 != 201\n[e1d997b3-9670-4fd2-9578-c3ba1e06273f/python]   | ======================== 1 failed, 100 passed in 34.73s ========================\n[e1d997b3-9670-4fd2-9578-c3ba1e06273f/python]   \u274c  Failure - Main Test with pytest\n[e1d997b3-9670-4fd2-9578-c3ba1e06273f/python] exitcode '1': failure\n[e1d997b3-9670-4fd2-9578-c3ba1e06273f/python] \ud83c\udfc1  Job failed\n",
        "stderr": "Error: Job 'python' failed\n",
        "workflow": "/tmp/ad9c0f7e-1596-11ee-8a50-bb14de238602/Roznoshchik-Lurnby/.github/workflows/run_tests-crawler.yml",
        "build_tool": "pytest",
        "elapsed_time": 428.5911340713501
    }
}