{
    "repository": "sabeechen/hassio-google-drive-backup",
    "stars": 2457,
    "language": "python",
    "size": 57214,
    "clone_url": "https://github.com/sabeechen/hassio-google-drive-backup.git",
    "timestamp": "2023-06-28T13:44:57.884340Z",
    "clone_success": true,
    "number_of_actions": 7,
    "number_of_test_actions": 1,
    "actions_successful": false,
    "actions_build_tools": [
        "unknown",
        "unknown",
        "unknown",
        "unknown",
        "pytest",
        "unknown",
        "unknown"
    ],
    "actions_test_build_tools": [
        "pytest"
    ],
    "actions_run": {
        "failed": true,
        "tests": [],
        "stdout": "[34b5ff0b-527b-4c0d-b21e-ece53a27403b/run-pytest] \ud83d\ude80  Start image=crawlergpt:latest\n[34b5ff0b-527b-4c0d-b21e-ece53a27403b/run-pytest]   \ud83d\udc33  docker pull image=crawlergpt:latest platform= username= forcePull=false\n[34b5ff0b-527b-4c0d-b21e-ece53a27403b/run-pytest]   \ud83d\udc33  docker create image=crawlergpt:latest platform= entrypoint=[\"tail\" \"-f\" \"/dev/null\"] cmd=[]\n[34b5ff0b-527b-4c0d-b21e-ece53a27403b/run-pytest]   \ud83d\udc33  docker run image=crawlergpt:latest platform= entrypoint=[\"tail\" \"-f\" \"/dev/null\"] cmd=[]\n[34b5ff0b-527b-4c0d-b21e-ece53a27403b/run-pytest]   \ud83d\udc33  docker exec cmd=[chown -R 1012:1013 /tmp/ad9c0f7e-1596-11ee-8a50-bb14de238602/sabeechen-hassio-google-drive-backup] user=0 workdir=\n[34b5ff0b-527b-4c0d-b21e-ece53a27403b/run-pytest]   \u2601  git clone 'https://github.com/actions/setup-python' # ref=v4\n[34b5ff0b-527b-4c0d-b21e-ece53a27403b/run-pytest]   \u2601  git clone 'https://github.com/actions/upload-artifact' # ref=v3\n[34b5ff0b-527b-4c0d-b21e-ece53a27403b/run-pytest]   \u2601  git clone 'https://github.com/EnricoMi/publish-unit-test-result-action' # ref=v2\n[34b5ff0b-527b-4c0d-b21e-ece53a27403b/run-pytest]   \u2601  git clone 'https://github.com/codecov/codecov-action' # ref=v3.1.4\n[34b5ff0b-527b-4c0d-b21e-ece53a27403b/run-pytest] \u2b50 Run Main actions/checkout@v3\n[34b5ff0b-527b-4c0d-b21e-ece53a27403b/run-pytest]   \u2705  Success - Main actions/checkout@v3\n[34b5ff0b-527b-4c0d-b21e-ece53a27403b/run-pytest] \u2b50 Run Main Set up Python\n[34b5ff0b-527b-4c0d-b21e-ece53a27403b/run-pytest]   \ud83d\udc33  docker cp src=/tmp/act-cache/b1d930e0-1faf-4e91-9cb4-ab78c2d83451/act/actions-setup-python@v4/ dst=/var/run/act/actions/actions-setup-python@v4/\n[34b5ff0b-527b-4c0d-b21e-ece53a27403b/run-pytest]   \ud83d\udc33  docker exec cmd=[chown -R 1012:1013 /var/run/act/actions/actions-setup-python@v4/] user=0 workdir=\n[34b5ff0b-527b-4c0d-b21e-ece53a27403b/run-pytest]   \ud83d\udc33  docker exec cmd=[node /var/run/act/actions/actions-setup-python@v4/dist/setup/index.js] user= workdir=\n[34b5ff0b-527b-4c0d-b21e-ece53a27403b/run-pytest]   \ud83d\udcac  ::debug::Python is expected to be installed into /opt/hostedtoolcache\n[34b5ff0b-527b-4c0d-b21e-ece53a27403b/run-pytest]   \u2753  ::group::Installed versions\n[34b5ff0b-527b-4c0d-b21e-ece53a27403b/run-pytest]   \ud83d\udcac  ::debug::Semantic version spec of 3.8 is 3.8\n[34b5ff0b-527b-4c0d-b21e-ece53a27403b/run-pytest]   \ud83d\udcac  ::debug::isExplicit: \n[34b5ff0b-527b-4c0d-b21e-ece53a27403b/run-pytest]   \ud83d\udcac  ::debug::explicit? false\n[34b5ff0b-527b-4c0d-b21e-ece53a27403b/run-pytest]   \ud83d\udcac  ::debug::isExplicit: 2.7.18\n[34b5ff0b-527b-4c0d-b21e-ece53a27403b/run-pytest]   \ud83d\udcac  ::debug::explicit? true\n[34b5ff0b-527b-4c0d-b21e-ece53a27403b/run-pytest]   \ud83d\udcac  ::debug::isExplicit: 3.5.10\n[34b5ff0b-527b-4c0d-b21e-ece53a27403b/run-pytest]   \ud83d\udcac  ::debug::explicit? true\n[34b5ff0b-527b-4c0d-b21e-ece53a27403b/run-pytest]   \ud83d\udcac  ::debug::isExplicit: 3.6.14\n[34b5ff0b-527b-4c0d-b21e-ece53a27403b/run-pytest]   \ud83d\udcac  ::debug::explicit? true\n[34b5ff0b-527b-4c0d-b21e-ece53a27403b/run-pytest]   \ud83d\udcac  ::debug::isExplicit: 3.7.11\n[34b5ff0b-527b-4c0d-b21e-ece53a27403b/run-pytest]   \ud83d\udcac  ::debug::explicit? true\n[34b5ff0b-527b-4c0d-b21e-ece53a27403b/run-pytest]   \ud83d\udcac  ::debug::isExplicit: 3.8.11\n[34b5ff0b-527b-4c0d-b21e-ece53a27403b/run-pytest]   \ud83d\udcac  ::debug::explicit? true\n[34b5ff0b-527b-4c0d-b21e-ece53a27403b/run-pytest]   \ud83d\udcac  ::debug::isExplicit: 3.9.6\n[34b5ff0b-527b-4c0d-b21e-ece53a27403b/run-pytest]   \ud83d\udcac  ::debug::explicit? true\n[34b5ff0b-527b-4c0d-b21e-ece53a27403b/run-pytest]   \ud83d\udcac  ::debug::evaluating 6 versions\n[34b5ff0b-527b-4c0d-b21e-ece53a27403b/run-pytest]   \ud83d\udcac  ::debug::matched: 3.8.11\n[34b5ff0b-527b-4c0d-b21e-ece53a27403b/run-pytest]   \ud83d\udcac  ::debug::checking cache: /opt/hostedtoolcache/Python/3.8.11/x64\n[34b5ff0b-527b-4c0d-b21e-ece53a27403b/run-pytest]   \ud83d\udcac  ::debug::Found tool in cache Python 3.8.11 x64\n[34b5ff0b-527b-4c0d-b21e-ece53a27403b/run-pytest]   | Successfully set up CPython (3.8.11)\n[34b5ff0b-527b-4c0d-b21e-ece53a27403b/run-pytest]   \u2753  ::endgroup::\n[34b5ff0b-527b-4c0d-b21e-ece53a27403b/run-pytest]   \u2753 add-matcher /run/act/actions/actions-setup-python@v4/.github/python.json\n[34b5ff0b-527b-4c0d-b21e-ece53a27403b/run-pytest]   \u2705  Success - Main Set up Python\n[34b5ff0b-527b-4c0d-b21e-ece53a27403b/run-pytest]   \u2699  ::set-env:: pythonLocation=/opt/hostedtoolcache/Python/3.8.11/x64\n[34b5ff0b-527b-4c0d-b21e-ece53a27403b/run-pytest]   \u2699  ::set-env:: PKG_CONFIG_PATH=/opt/hostedtoolcache/Python/3.8.11/x64/lib/pkgconfig\n[34b5ff0b-527b-4c0d-b21e-ece53a27403b/run-pytest]   \u2699  ::set-env:: Python_ROOT_DIR=/opt/hostedtoolcache/Python/3.8.11/x64\n[34b5ff0b-527b-4c0d-b21e-ece53a27403b/run-pytest]   \u2699  ::set-env:: Python2_ROOT_DIR=/opt/hostedtoolcache/Python/3.8.11/x64\n[34b5ff0b-527b-4c0d-b21e-ece53a27403b/run-pytest]   \u2699  ::set-env:: Python3_ROOT_DIR=/opt/hostedtoolcache/Python/3.8.11/x64\n[34b5ff0b-527b-4c0d-b21e-ece53a27403b/run-pytest]   \u2699  ::set-env:: LD_LIBRARY_PATH=/opt/hostedtoolcache/Python/3.8.11/x64/lib\n[34b5ff0b-527b-4c0d-b21e-ece53a27403b/run-pytest]   \u2699  ::set-output:: python-version=3.8.11\n[34b5ff0b-527b-4c0d-b21e-ece53a27403b/run-pytest]   \u2699  ::set-output:: python-path=/opt/hostedtoolcache/Python/3.8.11/x64/bin/python\n[34b5ff0b-527b-4c0d-b21e-ece53a27403b/run-pytest]   \u2699  ::add-path:: /opt/hostedtoolcache/Python/3.8.11/x64\n[34b5ff0b-527b-4c0d-b21e-ece53a27403b/run-pytest]   \u2699  ::add-path:: /opt/hostedtoolcache/Python/3.8.11/x64/bin\n[34b5ff0b-527b-4c0d-b21e-ece53a27403b/run-pytest] \u2b50 Run Main Install dependencies\n[34b5ff0b-527b-4c0d-b21e-ece53a27403b/run-pytest]   \ud83d\udc33  docker exec cmd=[bash --noprofile --norc -e -o pipefail /var/run/act/workflow/2] user= workdir=\n[34b5ff0b-527b-4c0d-b21e-ece53a27403b/run-pytest]   | Requirement already satisfied: pip in /opt/hostedtoolcache/Python/3.8.11/x64/lib/python3.8/site-packages (21.2.4)\n[34b5ff0b-527b-4c0d-b21e-ece53a27403b/run-pytest]   | Collecting pip\n[34b5ff0b-527b-4c0d-b21e-ece53a27403b/run-pytest]   |   Downloading pip-23.1.2-py3-none-any.whl (2.1 MB)\n[34b5ff0b-527b-4c0d-b21e-ece53a27403b/run-pytest]   | Installing collected packages: pip\n[34b5ff0b-527b-4c0d-b21e-ece53a27403b/run-pytest]   |   Attempting uninstall: pip\n[34b5ff0b-527b-4c0d-b21e-ece53a27403b/run-pytest]   |     Found existing installation: pip 21.2.4\n[34b5ff0b-527b-4c0d-b21e-ece53a27403b/run-pytest]   |     Uninstalling pip-21.2.4:\n[34b5ff0b-527b-4c0d-b21e-ece53a27403b/run-pytest]   |       Successfully uninstalled pip-21.2.4\n[34b5ff0b-527b-4c0d-b21e-ece53a27403b/run-pytest]   | Successfully installed pip-23.1.2\n[34b5ff0b-527b-4c0d-b21e-ece53a27403b/run-pytest]   | Collecting google-api-python-client (from -r .devcontainer/requirements-dev.txt (line 1))\n[34b5ff0b-527b-4c0d-b21e-ece53a27403b/run-pytest]   |   Downloading google_api_python_client-2.90.0-py2.py3-none-any.whl (11.4 MB)\n[34b5ff0b-527b-4c0d-b21e-ece53a27403b/run-pytest]   |      \u2501\u2501\u2501\u2501\u2501\u2501\u2501\u2501\u2501\u2501\u2501\u2501\u2501\u2501\u2501\u2501\u2501\u2501\u2501\u2501\u2501\u2501\u2501\u2501\u2501\u2501\u2501\u2501\u2501\u2501\u2501\u2501\u2501\u2501\u2501\u2501\u2501\u2501\u2501\u2501 11.4/11.4 MB 26.4 MB/s eta 0:00:00\n[34b5ff0b-527b-4c0d-b21e-ece53a27403b/run-pytest]   | Collecting google-auth-httplib2 (from -r .devcontainer/requirements-dev.txt (line 2))\n[34b5ff0b-527b-4c0d-b21e-ece53a27403b/run-pytest]   |   Downloading google_auth_httplib2-0.1.0-py2.py3-none-any.whl (9.3 kB)\n[34b5ff0b-527b-4c0d-b21e-ece53a27403b/run-pytest]   | Collecting google-auth-oauthlib (from -r .devcontainer/requirements-dev.txt (line 3))\n[34b5ff0b-527b-4c0d-b21e-ece53a27403b/run-pytest]   |   Downloading google_auth_oauthlib-1.0.0-py2.py3-none-any.whl (18 kB)\n[34b5ff0b-527b-4c0d-b21e-ece53a27403b/run-pytest]   | Collecting oauth2client (from -r .devcontainer/requirements-dev.txt (line 4))\n[34b5ff0b-527b-4c0d-b21e-ece53a27403b/run-pytest]   |   Downloading oauth2client-4.1.3-py2.py3-none-any.whl (98 kB)\n[34b5ff0b-527b-4c0d-b21e-ece53a27403b/run-pytest]   |      \u2501\u2501\u2501\u2501\u2501\u2501\u2501\u2501\u2501\u2501\u2501\u2501\u2501\u2501\u2501\u2501\u2501\u2501\u2501\u2501\u2501\u2501\u2501\u2501\u2501\u2501\u2501\u2501\u2501\u2501\u2501\u2501\u2501\u2501\u2501\u2501\u2501\u2501\u2501\u2501 98.2/98.2 kB 5.2 MB/s eta 0:00:00\n[34b5ff0b-527b-4c0d-b21e-ece53a27403b/run-pytest]   | Collecting requests (from -r .devcontainer/requirements-dev.txt (line 5))\n[34b5ff0b-527b-4c0d-b21e-ece53a27403b/run-pytest]   |   Downloading requests-2.31.0-py3-none-any.whl (62 kB)\n[34b5ff0b-527b-4c0d-b21e-ece53a27403b/run-pytest]   |      \u2501\u2501\u2501\u2501\u2501\u2501\u2501\u2501\u2501\u2501\u2501\u2501\u2501\u2501\u2501\u2501\u2501\u2501\u2501\u2501\u2501\u2501\u2501\u2501\u2501\u2501\u2501\u2501\u2501\u2501\u2501\u2501\u2501\u2501\u2501\u2501\u2501\u2501\u2501\u2501 62.6/62.6 kB 1.3 MB/s eta 0:00:00\n[34b5ff0b-527b-4c0d-b21e-ece53a27403b/run-pytest]   | Collecting python-dateutil==2.6.1 (from -r .devcontainer/requirements-dev.txt (line 6))\n[34b5ff0b-527b-4c0d-b21e-ece53a27403b/run-pytest]   |   Downloading python_dateutil-2.6.1-py2.py3-none-any.whl (194 kB)\n[34b5ff0b-527b-4c0d-b21e-ece53a27403b/run-pytest]   |      \u2501\u2501\u2501\u2501\u2501\u2501\u2501\u2501\u2501\u2501\u2501\u2501\u2501\u2501\u2501\u2501\u2501\u2501\u2501\u2501\u2501\u2501\u2501\u2501\u2501\u2501\u2501\u2501\u2501\u2501\u2501\u2501\u2501\u2501\u2501\u2501\u2501\u2501 194.2/194.2 kB 14.4 MB/s eta 0:00:00\n[34b5ff0b-527b-4c0d-b21e-ece53a27403b/run-pytest]   | Collecting watchdog (from -r .devcontainer/requirements-dev.txt (line 7))\n[34b5ff0b-527b-4c0d-b21e-ece53a27403b/run-pytest]   |   Downloading watchdog-3.0.0-py3-none-manylinux2014_x86_64.whl (82 kB)\n[34b5ff0b-527b-4c0d-b21e-ece53a27403b/run-pytest]   |      \u2501\u2501\u2501\u2501\u2501\u2501\u2501\u2501\u2501\u2501\u2501\u2501\u2501\u2501\u2501\u2501\u2501\u2501\u2501\u2501\u2501\u2501\u2501\u2501\u2501\u2501\u2501\u2501\u2501\u2501\u2501\u2501\u2501\u2501\u2501\u2501\u2501\u2501\u2501\u2501 82.1/82.1 kB 3.6 MB/s eta 0:00:00\n[34b5ff0b-527b-4c0d-b21e-ece53a27403b/run-pytest]   | Collecting pyyaml (from -r .devcontainer/requirements-dev.txt (line 8))\n[34b5ff0b-527b-4c0d-b21e-ece53a27403b/run-pytest]   |   Downloading PyYAML-6.0-cp38-cp38-manylinux_2_5_x86_64.manylinux1_x86_64.manylinux_2_12_x86_64.manylinux2010_x86_64.whl (701 kB)\n[34b5ff0b-527b-4c0d-b21e-ece53a27403b/run-pytest]   |      \u2501\u2501\u2501\u2501\u2501\u2501\u2501\u2501\u2501\u2501\u2501\u2501\u2501\u2501\u2501\u2501\u2501\u2501\u2501\u2501\u2501\u2501\u2501\u2501\u2501\u2501\u2501\u2501\u2501\u2501\u2501\u2501\u2501\u2501\u2501\u2501\u2501\u2501 701.2/701.2 kB 27.7 MB/s eta 0:00:00\n[34b5ff0b-527b-4c0d-b21e-ece53a27403b/run-pytest]   | Collecting dnspython (from -r .devcontainer/requirements-dev.txt (line 9))\n[34b5ff0b-527b-4c0d-b21e-ece53a27403b/run-pytest]   |   Downloading dnspython-2.3.0-py3-none-any.whl (283 kB)\n[34b5ff0b-527b-4c0d-b21e-ece53a27403b/run-pytest]   |      \u2501\u2501\u2501\u2501\u2501\u2501\u2501\u2501\u2501\u2501\u2501\u2501\u2501\u2501\u2501\u2501\u2501\u2501\u2501\u2501\u2501\u2501\u2501\u2501\u2501\u2501\u2501\u2501\u2501\u2501\u2501\u2501\u2501\u2501\u2501\u2501\u2501\u2501 283.7/283.7 kB 10.8 MB/s eta 0:00:00\n[34b5ff0b-527b-4c0d-b21e-ece53a27403b/run-pytest]   | Collecting pytest>=5.4.0 (from -r .devcontainer/requirements-dev.txt (line 10))\n[34b5ff0b-527b-4c0d-b21e-ece53a27403b/run-pytest]   |   Downloading pytest-7.4.0-py3-none-any.whl (323 kB)\n[34b5ff0b-527b-4c0d-b21e-ece53a27403b/run-pytest]   |      \u2501\u2501\u2501\u2501\u2501\u2501\u2501\u2501\u2501\u2501\u2501\u2501\u2501\u2501\u2501\u2501\u2501\u2501\u2501\u2501\u2501\u2501\u2501\u2501\u2501\u2501\u2501\u2501\u2501\u2501\u2501\u2501\u2501\u2501\u2501\u2501\u2501\u2501 323.6/323.6 kB 15.6 MB/s eta 0:00:00\n[34b5ff0b-527b-4c0d-b21e-ece53a27403b/run-pytest]   | Collecting pytest-timeout (from -r .devcontainer/requirements-dev.txt (line 11))\n[34b5ff0b-527b-4c0d-b21e-ece53a27403b/run-pytest]   |   Downloading pytest_timeout-2.1.0-py3-none-any.whl (12 kB)\n[34b5ff0b-527b-4c0d-b21e-ece53a27403b/run-pytest]   | Collecting pytest-repeat (from -r .devcontainer/requirements-dev.txt (line 12))\n[34b5ff0b-527b-4c0d-b21e-ece53a27403b/run-pytest]   |   Downloading pytest_repeat-0.9.1-py2.py3-none-any.whl (4.3 kB)\n[34b5ff0b-527b-4c0d-b21e-ece53a27403b/run-pytest]   | Collecting pytest-asyncio (from -r .devcontainer/requirements-dev.txt (line 13))\n[34b5ff0b-527b-4c0d-b21e-ece53a27403b/run-pytest]   |   Downloading pytest_asyncio-0.21.0-py3-none-any.whl (13 kB)\n[34b5ff0b-527b-4c0d-b21e-ece53a27403b/run-pytest]   | Collecting flake8 (from -r .devcontainer/requirements-dev.txt (line 14))\n[34b5ff0b-527b-4c0d-b21e-ece53a27403b/run-pytest]   |   Downloading flake8-6.0.0-py2.py3-none-any.whl (57 kB)\n[34b5ff0b-527b-4c0d-b21e-ece53a27403b/run-pytest]   |      \u2501\u2501\u2501\u2501\u2501\u2501\u2501\u2501\u2501\u2501\u2501\u2501\u2501\u2501\u2501\u2501\u2501\u2501\u2501\u2501\u2501\u2501\u2501\u2501\u2501\u2501\u2501\u2501\u2501\u2501\u2501\u2501\u2501\u2501\u2501\u2501\u2501\u2501\u2501\u2501 57.8/57.8 kB 2.9 MB/s eta 0:00:00\n[34b5ff0b-527b-4c0d-b21e-ece53a27403b/run-pytest]   | Collecting mypy (from -r .devcontainer/requirements-dev.txt (line 15))\n[34b5ff0b-527b-4c0d-b21e-ece53a27403b/run-pytest]   |   Downloading mypy-1.4.1-cp38-cp38-manylinux_2_17_x86_64.manylinux2014_x86_64.whl (11.9 MB)\n[34b5ff0b-527b-4c0d-b21e-ece53a27403b/run-pytest]   |      \u2501\u2501\u2501\u2501\u2501\u2501\u2501\u2501\u2501\u2501\u2501\u2501\u2501\u2501\u2501\u2501\u2501\u2501\u2501\u2501\u2501\u2501\u2501\u2501\u2501\u2501\u2501\u2501\u2501\u2501\u2501\u2501\u2501\u2501\u2501\u2501\u2501\u2501\u2501\u2501 11.9/11.9 MB 28.7 MB/s eta 0:00:00\n[34b5ff0b-527b-4c0d-b21e-ece53a27403b/run-pytest]   | Collecting aiorun (from -r .devcontainer/requirements-dev.txt (line 16))\n[34b5ff0b-527b-4c0d-b21e-ece53a27403b/run-pytest]   |   Downloading aiorun-2022.11.1-py3-none-any.whl (18 kB)\n[34b5ff0b-527b-4c0d-b21e-ece53a27403b/run-pytest]   | Collecting aiohttp (from -r .devcontainer/requirements-dev.txt (line 17))\n[34b5ff0b-527b-4c0d-b21e-ece53a27403b/run-pytest]   |   Downloading aiohttp-3.8.4-cp38-cp38-manylinux_2_17_x86_64.manylinux2014_x86_64.whl (1.0 MB)\n[34b5ff0b-527b-4c0d-b21e-ece53a27403b/run-pytest]   |      \u2501\u2501\u2501\u2501\u2501\u2501\u2501\u2501\u2501\u2501\u2501\u2501\u2501\u2501\u2501\u2501\u2501\u2501\u2501\u2501\u2501\u2501\u2501\u2501\u2501\u2501\u2501\u2501\u2501\u2501\u2501\u2501\u2501\u2501\u2501\u2501\u2501\u2501\u2501\u2501 1.0/1.0 MB 23.9 MB/s eta 0:00:00\n[34b5ff0b-527b-4c0d-b21e-ece53a27403b/run-pytest]   | Collecting aiodns (from -r .devcontainer/requirements-dev.txt (line 18))\n[34b5ff0b-527b-4c0d-b21e-ece53a27403b/run-pytest]   |   Downloading aiodns-3.0.0-py3-none-any.whl (5.0 kB)\n[34b5ff0b-527b-4c0d-b21e-ece53a27403b/run-pytest]   | Collecting aiofiles (from -r .devcontainer/requirements-dev.txt (line 19))\n[34b5ff0b-527b-4c0d-b21e-ece53a27403b/run-pytest]   |   Downloading aiofiles-23.1.0-py3-none-any.whl (14 kB)\n[34b5ff0b-527b-4c0d-b21e-ece53a27403b/run-pytest]   | Collecting injector (from -r .devcontainer/requirements-dev.txt (line 20))\n[34b5ff0b-527b-4c0d-b21e-ece53a27403b/run-pytest]   |   Downloading injector-0.20.1-py2.py3-none-any.whl (19 kB)\n[34b5ff0b-527b-4c0d-b21e-ece53a27403b/run-pytest]   | Collecting autopep8 (from -r .devcontainer/requirements-dev.txt (line 21))\n[34b5ff0b-527b-4c0d-b21e-ece53a27403b/run-pytest]   |   Downloading autopep8-2.0.2-py2.py3-none-any.whl (45 kB)\n[34b5ff0b-527b-4c0d-b21e-ece53a27403b/run-pytest]   |      \u2501\u2501\u2501\u2501\u2501\u2501\u2501\u2501\u2501\u2501\u2501\u2501\u2501\u2501\u2501\u2501\u2501\u2501\u2501\u2501\u2501\u2501\u2501\u2501\u2501\u2501\u2501\u2501\u2501\u2501\u2501\u2501\u2501\u2501\u2501\u2501\u2501\u2501\u2501\u2501 45.2/45.2 kB 3.7 MB/s eta 0:00:00\n[34b5ff0b-527b-4c0d-b21e-ece53a27403b/run-pytest]   | Collecting colorlog (from -r .devcontainer/requirements-dev.txt (line 22))\n[34b5ff0b-527b-4c0d-b21e-ece53a27403b/run-pytest]   |   Downloading colorlog-6.7.0-py2.py3-none-any.whl (11 kB)\n[34b5ff0b-527b-4c0d-b21e-ece53a27403b/run-pytest]   | Collecting debugpy (from -r .devcontainer/requirements-dev.txt (line 23))\n[34b5ff0b-527b-4c0d-b21e-ece53a27403b/run-pytest]   |   Downloading debugpy-1.6.7-cp38-cp38-manylinux_2_17_x86_64.manylinux2014_x86_64.whl (3.1 MB)\n[34b5ff0b-527b-4c0d-b21e-ece53a27403b/run-pytest]   |      \u2501\u2501\u2501\u2501\u2501\u2501\u2501\u2501\u2501\u2501\u2501\u2501\u2501\u2501\u2501\u2501\u2501\u2501\u2501\u2501\u2501\u2501\u2501\u2501\u2501\u2501\u2501\u2501\u2501\u2501\u2501\u2501\u2501\u2501\u2501\u2501\u2501\u2501\u2501\u2501 3.1/3.1 MB 21.7 MB/s eta 0:00:00\n[34b5ff0b-527b-4c0d-b21e-ece53a27403b/run-pytest]   | Collecting google-cloud-logging (from -r .devcontainer/requirements-dev.txt (line 24))\n[34b5ff0b-527b-4c0d-b21e-ece53a27403b/run-pytest]   |   Downloading google_cloud_logging-3.5.0-py2.py3-none-any.whl (195 kB)\n[34b5ff0b-527b-4c0d-b21e-ece53a27403b/run-pytest]   |      \u2501\u2501\u2501\u2501\u2501\u2501\u2501\u2501\u2501\u2501\u2501\u2501\u2501\u2501\u2501\u2501\u2501\u2501\u2501\u2501\u2501\u2501\u2501\u2501\u2501\u2501\u2501\u2501\u2501\u2501\u2501\u2501\u2501\u2501\u2501\u2501\u2501\u2501 195.8/195.8 kB 10.3 MB/s eta 0:00:00\n[34b5ff0b-527b-4c0d-b21e-ece53a27403b/run-pytest]   | Collecting google-cloud-firestore (from -r .devcontainer/requirements-dev.txt (line 25))\n[34b5ff0b-527b-4c0d-b21e-ece53a27403b/run-pytest]   |   Downloading google_cloud_firestore-2.11.1-py2.py3-none-any.whl (283 kB)\n[34b5ff0b-527b-4c0d-b21e-ece53a27403b/run-pytest]   |      \u2501\u2501\u2501\u2501\u2501\u2501\u2501\u2501\u2501\u2501\u2501\u2501\u2501\u2501\u2501\u2501\u2501\u2501\u2501\u2501\u2501\u2501\u2501\u2501\u2501\u2501\u2501\u2501\u2501\u2501\u2501\u2501\u2501\u2501\u2501\u2501\u2501\u2501\u2501 283.8/283.8 kB 5.3 MB/s eta 0:00:00\n[34b5ff0b-527b-4c0d-b21e-ece53a27403b/run-pytest]   | Collecting aiohttp-jinja2 (from -r .devcontainer/requirements-dev.txt (line 26))\n[34b5ff0b-527b-4c0d-b21e-ece53a27403b/run-pytest]   |   Downloading aiohttp_jinja2-1.5.1-py3-none-any.whl (11 kB)\n[34b5ff0b-527b-4c0d-b21e-ece53a27403b/run-pytest]   | Collecting beautifulsoup4 (from -r .devcontainer/requirements-dev.txt (line 27))\n[34b5ff0b-527b-4c0d-b21e-ece53a27403b/run-pytest]   |   Downloading beautifulsoup4-4.12.2-py3-none-any.whl (142 kB)\n[34b5ff0b-527b-4c0d-b21e-ece53a27403b/run-pytest]   |      \u2501\u2501\u2501\u2501\u2501\u2501\u2501\u2501\u2501\u2501\u2501\u2501\u2501\u2501\u2501\u2501\u2501\u2501\u2501\u2501\u2501\u2501\u2501\u2501\u2501\u2501\u2501\u2501\u2501\u2501\u2501\u2501\u2501\u2501\u2501\u2501\u2501\u2501\u2501 143.0/143.0 kB 9.8 MB/s eta 0:00:00\n[34b5ff0b-527b-4c0d-b21e-ece53a27403b/run-pytest]   | Collecting firebase-admin (from -r .devcontainer/requirements-dev.txt (line 28))\n[34b5ff0b-527b-4c0d-b21e-ece53a27403b/run-pytest]   |   Downloading firebase_admin-6.2.0-py3-none-any.whl (119 kB)\n[34b5ff0b-527b-4c0d-b21e-ece53a27403b/run-pytest]   |      \u2501\u2501\u2501\u2501\u2501\u2501\u2501\u2501\u2501\u2501\u2501\u2501\u2501\u2501\u2501\u2501\u2501\u2501\u2501\u2501\u2501\u2501\u2501\u2501\u2501\u2501\u2501\u2501\u2501\u2501\u2501\u2501\u2501\u2501\u2501\u2501\u2501\u2501\u2501 119.9/119.9 kB 4.6 MB/s eta 0:00:00\n[34b5ff0b-527b-4c0d-b21e-ece53a27403b/run-pytest]   | Collecting aiofile (from -r .devcontainer/requirements-dev.txt (line 29))\n[34b5ff0b-527b-4c0d-b21e-ece53a27403b/run-pytest]   |   Downloading aiofile-3.8.7-py3-none-any.whl (19 kB)\n[34b5ff0b-527b-4c0d-b21e-ece53a27403b/run-pytest]   | Collecting grpcio (from -r .devcontainer/requirements-dev.txt (line 30))\n[34b5ff0b-527b-4c0d-b21e-ece53a27403b/run-pytest]   |   Downloading grpcio-1.56.0-cp38-cp38-manylinux_2_17_x86_64.manylinux2014_x86_64.whl (5.2 MB)\n[34b5ff0b-527b-4c0d-b21e-ece53a27403b/run-pytest]   |      \u2501\u2501\u2501\u2501\u2501\u2501\u2501\u2501\u2501\u2501\u2501\u2501\u2501\u2501\u2501\u2501\u2501\u2501\u2501\u2501\u2501\u2501\u2501\u2501\u2501\u2501\u2501\u2501\u2501\u2501\u2501\u2501\u2501\u2501\u2501\u2501\u2501\u2501\u2501\u2501 5.2/5.2 MB 21.9 MB/s eta 0:00:00\n[34b5ff0b-527b-4c0d-b21e-ece53a27403b/run-pytest]   | Collecting aioping (from -r .devcontainer/requirements-dev.txt (line 31))\n[34b5ff0b-527b-4c0d-b21e-ece53a27403b/run-pytest]   |   Downloading aioping-0.3.1-py3-none-any.whl (11 kB)\n[34b5ff0b-527b-4c0d-b21e-ece53a27403b/run-pytest]   | Collecting pytz (from -r .devcontainer/requirements-dev.txt (line 32))\n[34b5ff0b-527b-4c0d-b21e-ece53a27403b/run-pytest]   |   Downloading pytz-2023.3-py2.py3-none-any.whl (502 kB)\n[34b5ff0b-527b-4c0d-b21e-ece53a27403b/run-pytest]   |      \u2501\u2501\u2501\u2501\u2501\u2501\u2501\u2501\u2501\u2501\u2501\u2501\u2501\u2501\u2501\u2501\u2501\u2501\u2501\u2501\u2501\u2501\u2501\u2501\u2501\u2501\u2501\u2501\u2501\u2501\u2501\u2501\u2501\u2501\u2501\u2501\u2501\u2501\u2501 502.3/502.3 kB 6.7 MB/s eta 0:00:00\n[34b5ff0b-527b-4c0d-b21e-ece53a27403b/run-pytest]   | Collecting tzlocal (from -r .devcontainer/requirements-dev.txt (line 33))\n[34b5ff0b-527b-4c0d-b21e-ece53a27403b/run-pytest]   |   Downloading tzlocal-5.0.1-py3-none-any.whl (20 kB)\n[34b5ff0b-527b-4c0d-b21e-ece53a27403b/run-pytest]   | Collecting pytest-cov (from -r .devcontainer/requirements-dev.txt (line 34))\n[34b5ff0b-527b-4c0d-b21e-ece53a27403b/run-pytest]   |   Downloading pytest_cov-4.1.0-py3-none-any.whl (21 kB)\n[34b5ff0b-527b-4c0d-b21e-ece53a27403b/run-pytest]   | Collecting six>=1.5 (from python-dateutil==2.6.1->-r .devcontainer/requirements-dev.txt (line 6))\n[34b5ff0b-527b-4c0d-b21e-ece53a27403b/run-pytest]   |   Downloading six-1.16.0-py2.py3-none-any.whl (11 kB)\n[34b5ff0b-527b-4c0d-b21e-ece53a27403b/run-pytest]   | Collecting httplib2<1.dev0,>=0.15.0 (from google-api-python-client->-r .devcontainer/requirements-dev.txt (line 1))\n[34b5ff0b-527b-4c0d-b21e-ece53a27403b/run-pytest]   |   Downloading httplib2-0.22.0-py3-none-any.whl (96 kB)\n[34b5ff0b-527b-4c0d-b21e-ece53a27403b/run-pytest]   |      \u2501\u2501\u2501\u2501\u2501\u2501\u2501\u2501\u2501\u2501\u2501\u2501\u2501\u2501\u2501\u2501\u2501\u2501\u2501\u2501\u2501\u2501\u2501\u2501\u2501\u2501\u2501\u2501\u2501\u2501\u2501\u2501\u2501\u2501\u2501\u2501\u2501\u2501\u2501\u2501 96.9/96.9 kB 5.4 MB/s eta 0:00:00\n[34b5ff0b-527b-4c0d-b21e-ece53a27403b/run-pytest]   | Collecting google-auth<3.0.0.dev0,>=1.19.0 (from google-api-python-client->-r .devcontainer/requirements-dev.txt (line 1))\n[34b5ff0b-527b-4c0d-b21e-ece53a27403b/run-pytest]   |   Downloading google_auth-2.21.0-py2.py3-none-any.whl (182 kB)\n[34b5ff0b-527b-4c0d-b21e-ece53a27403b/run-pytest]   |      \u2501\u2501\u2501\u2501\u2501\u2501\u2501\u2501\u2501\u2501\u2501\u2501\u2501\u2501\u2501\u2501\u2501\u2501\u2501\u2501\u2501\u2501\u2501\u2501\u2501\u2501\u2501\u2501\u2501\u2501\u2501\u2501\u2501\u2501\u2501\u2501\u2501\u2501 182.1/182.1 kB 10.5 MB/s eta 0:00:00\n[34b5ff0b-527b-4c0d-b21e-ece53a27403b/run-pytest]   | Collecting google-api-core!=2.0.*,!=2.1.*,!=2.2.*,!=2.3.0,<3.0.0.dev0,>=1.31.5 (from google-api-python-client->-r .devcontainer/requirements-dev.txt (line 1))\n[34b5ff0b-527b-4c0d-b21e-ece53a27403b/run-pytest]   |   Downloading google_api_core-2.11.1-py3-none-any.whl (120 kB)\n[34b5ff0b-527b-4c0d-b21e-ece53a27403b/run-pytest]   |      \u2501\u2501\u2501\u2501\u2501\u2501\u2501\u2501\u2501\u2501\u2501\u2501\u2501\u2501\u2501\u2501\u2501\u2501\u2501\u2501\u2501\u2501\u2501\u2501\u2501\u2501\u2501\u2501\u2501\u2501\u2501\u2501\u2501\u2501\u2501\u2501\u2501\u2501 120.5/120.5 kB 11.8 MB/s eta 0:00:00\n[34b5ff0b-527b-4c0d-b21e-ece53a27403b/run-pytest]   | Collecting uritemplate<5,>=3.0.1 (from google-api-python-client->-r .devcontainer/requirements-dev.txt (line 1))\n[34b5ff0b-527b-4c0d-b21e-ece53a27403b/run-pytest]   |   Downloading uritemplate-4.1.1-py2.py3-none-any.whl (10 kB)\n[34b5ff0b-527b-4c0d-b21e-ece53a27403b/run-pytest]   | Collecting requests-oauthlib>=0.7.0 (from google-auth-oauthlib->-r .devcontainer/requirements-dev.txt (line 3))\n[34b5ff0b-527b-4c0d-b21e-ece53a27403b/run-pytest]   |   Downloading requests_oauthlib-1.3.1-py2.py3-none-any.whl (23 kB)\n[34b5ff0b-527b-4c0d-b21e-ece53a27403b/run-pytest]   | Collecting pyasn1>=0.1.7 (from oauth2client->-r .devcontainer/requirements-dev.txt (line 4))\n[34b5ff0b-527b-4c0d-b21e-ece53a27403b/run-pytest]   |   Downloading pyasn1-0.5.0-py2.py3-none-any.whl (83 kB)\n[34b5ff0b-527b-4c0d-b21e-ece53a27403b/run-pytest]   |      \u2501\u2501\u2501\u2501\u2501\u2501\u2501\u2501\u2501\u2501\u2501\u2501\u2501\u2501\u2501\u2501\u2501\u2501\u2501\u2501\u2501\u2501\u2501\u2501\u2501\u2501\u2501\u2501\u2501\u2501\u2501\u2501\u2501\u2501\u2501\u2501\u2501\u2501\u2501\u2501 83.9/83.9 kB 3.2 MB/s eta 0:00:00\n[34b5ff0b-527b-4c0d-b21e-ece53a27403b/run-pytest]   | Collecting pyasn1-modules>=0.0.5 (from oauth2client->-r .devcontainer/requirements-dev.txt (line 4))\n[34b5ff0b-527b-4c0d-b21e-ece53a27403b/run-pytest]   |   Downloading pyasn1_modules-0.3.0-py2.py3-none-any.whl (181 kB)\n[34b5ff0b-527b-4c0d-b21e-ece53a27403b/run-pytest]   |      \u2501\u2501\u2501\u2501\u2501\u2501\u2501\u2501\u2501\u2501\u2501\u2501\u2501\u2501\u2501\u2501\u2501\u2501\u2501\u2501\u2501\u2501\u2501\u2501\u2501\u2501\u2501\u2501\u2501\u2501\u2501\u2501\u2501\u2501\u2501\u2501\u2501\u2501\u2501 181.3/181.3 kB 7.1 MB/s eta 0:00:00\n[34b5ff0b-527b-4c0d-b21e-ece53a27403b/run-pytest]   | Collecting rsa>=3.1.4 (from oauth2client->-r .devcontainer/requirements-dev.txt (line 4))\n[34b5ff0b-527b-4c0d-b21e-ece53a27403b/run-pytest]   |   Downloading rsa-4.9-py3-none-any.whl (34 kB)\n[34b5ff0b-527b-4c0d-b21e-ece53a27403b/run-pytest]   | Collecting charset-normalizer<4,>=2 (from requests->-r .devcontainer/requirements-dev.txt (line 5))\n[34b5ff0b-527b-4c0d-b21e-ece53a27403b/run-pytest]   |   Downloading charset_normalizer-3.1.0-cp38-cp38-manylinux_2_17_x86_64.manylinux2014_x86_64.whl (195 kB)\n[34b5ff0b-527b-4c0d-b21e-ece53a27403b/run-pytest]   |      \u2501\u2501\u2501\u2501\u2501\u2501\u2501\u2501\u2501\u2501\u2501\u2501\u2501\u2501\u2501\u2501\u2501\u2501\u2501\u2501\u2501\u2501\u2501\u2501\u2501\u2501\u2501\u2501\u2501\u2501\u2501\u2501\u2501\u2501\u2501\u2501\u2501\u2501\u2501 195.9/195.9 kB 2.9 MB/s eta 0:00:00\n[34b5ff0b-527b-4c0d-b21e-ece53a27403b/run-pytest]   | Collecting idna<4,>=2.5 (from requests->-r .devcontainer/requirements-dev.txt (line 5))\n[34b5ff0b-527b-4c0d-b21e-ece53a27403b/run-pytest]   |   Downloading idna-3.4-py3-none-any.whl (61 kB)\n[34b5ff0b-527b-4c0d-b21e-ece53a27403b/run-pytest]   |      \u2501\u2501\u2501\u2501\u2501\u2501\u2501\u2501\u2501\u2501\u2501\u2501\u2501\u2501\u2501\u2501\u2501\u2501\u2501\u2501\u2501\u2501\u2501\u2501\u2501\u2501\u2501\u2501\u2501\u2501\u2501\u2501\u2501\u2501\u2501\u2501\u2501\u2501\u2501\u2501 61.5/61.5 kB 2.9 MB/s eta 0:00:00\n[34b5ff0b-527b-4c0d-b21e-ece53a27403b/run-pytest]   | Collecting urllib3<3,>=1.21.1 (from requests->-r .devcontainer/requirements-dev.txt (line 5))\n[34b5ff0b-527b-4c0d-b21e-ece53a27403b/run-pytest]   |   Downloading urllib3-2.0.3-py3-none-any.whl (123 kB)\n[34b5ff0b-527b-4c0d-b21e-ece53a27403b/run-pytest]   |      \u2501\u2501\u2501\u2501\u2501\u2501\u2501\u2501\u2501\u2501\u2501\u2501\u2501\u2501\u2501\u2501\u2501\u2501\u2501\u2501\u2501\u2501\u2501\u2501\u2501\u2501\u2501\u2501\u2501\u2501\u2501\u2501\u2501\u2501\u2501\u2501\u2501\u2501\u2501 123.6/123.6 kB 3.1 MB/s eta 0:00:00\n[34b5ff0b-527b-4c0d-b21e-ece53a27403b/run-pytest]   | Collecting certifi>=2017.4.17 (from requests->-r .devcontainer/requirements-dev.txt (line 5))\n[34b5ff0b-527b-4c0d-b21e-ece53a27403b/run-pytest]   |   Downloading certifi-2023.5.7-py3-none-any.whl (156 kB)\n[34b5ff0b-527b-4c0d-b21e-ece53a27403b/run-pytest]   |      \u2501\u2501\u2501\u2501\u2501\u2501\u2501\u2501\u2501\u2501\u2501\u2501\u2501\u2501\u2501\u2501\u2501\u2501\u2501\u2501\u2501\u2501\u2501\u2501\u2501\u2501\u2501\u2501\u2501\u2501\u2501\u2501\u2501\u2501\u2501\u2501\u2501\u2501\u2501 157.0/157.0 kB 3.7 MB/s eta 0:00:00\n[34b5ff0b-527b-4c0d-b21e-ece53a27403b/run-pytest]   | Collecting iniconfig (from pytest>=5.4.0->-r .devcontainer/requirements-dev.txt (line 10))\n[34b5ff0b-527b-4c0d-b21e-ece53a27403b/run-pytest]   |   Downloading iniconfig-2.0.0-py3-none-any.whl (5.9 kB)\n[34b5ff0b-527b-4c0d-b21e-ece53a27403b/run-pytest]   | Collecting packaging (from pytest>=5.4.0->-r .devcontainer/requirements-dev.txt (line 10))\n[34b5ff0b-527b-4c0d-b21e-ece53a27403b/run-pytest]   |   Downloading packaging-23.1-py3-none-any.whl (48 kB)\n[34b5ff0b-527b-4c0d-b21e-ece53a27403b/run-pytest]   |      \u2501\u2501\u2501\u2501\u2501\u2501\u2501\u2501\u2501\u2501\u2501\u2501\u2501\u2501\u2501\u2501\u2501\u2501\u2501\u2501\u2501\u2501\u2501\u2501\u2501\u2501\u2501\u2501\u2501\u2501\u2501\u2501\u2501\u2501\u2501\u2501\u2501\u2501\u2501\u2501 48.9/48.9 kB 10.4 MB/s eta 0:00:00\n[34b5ff0b-527b-4c0d-b21e-ece53a27403b/run-pytest]   | Collecting pluggy<2.0,>=0.12 (from pytest>=5.4.0->-r .devcontainer/requirements-dev.txt (line 10))\n[34b5ff0b-527b-4c0d-b21e-ece53a27403b/run-pytest]   |   Downloading pluggy-1.2.0-py3-none-any.whl (17 kB)\n[34b5ff0b-527b-4c0d-b21e-ece53a27403b/run-pytest]   | Collecting exceptiongroup>=1.0.0rc8 (from pytest>=5.4.0->-r .devcontainer/requirements-dev.txt (line 10))\n[34b5ff0b-527b-4c0d-b21e-ece53a27403b/run-pytest]   |   Downloading exceptiongroup-1.1.1-py3-none-any.whl (14 kB)\n[34b5ff0b-527b-4c0d-b21e-ece53a27403b/run-pytest]   | Collecting tomli>=1.0.0 (from pytest>=5.4.0->-r .devcontainer/requirements-dev.txt (line 10))\n[34b5ff0b-527b-4c0d-b21e-ece53a27403b/run-pytest]   |   Downloading tomli-2.0.1-py3-none-any.whl (12 kB)\n[34b5ff0b-527b-4c0d-b21e-ece53a27403b/run-pytest]   | Collecting mccabe<0.8.0,>=0.7.0 (from flake8->-r .devcontainer/requirements-dev.txt (line 14))\n[34b5ff0b-527b-4c0d-b21e-ece53a27403b/run-pytest]   |   Downloading mccabe-0.7.0-py2.py3-none-any.whl (7.3 kB)\n[34b5ff0b-527b-4c0d-b21e-ece53a27403b/run-pytest]   | Collecting pycodestyle<2.11.0,>=2.10.0 (from flake8->-r .devcontainer/requirements-dev.txt (line 14))\n[34b5ff0b-527b-4c0d-b21e-ece53a27403b/run-pytest]   |   Downloading pycodestyle-2.10.0-py2.py3-none-any.whl (41 kB)\n[34b5ff0b-527b-4c0d-b21e-ece53a27403b/run-pytest]   |      \u2501\u2501\u2501\u2501\u2501\u2501\u2501\u2501\u2501\u2501\u2501\u2501\u2501\u2501\u2501\u2501\u2501\u2501\u2501\u2501\u2501\u2501\u2501\u2501\u2501\u2501\u2501\u2501\u2501\u2501\u2501\u2501\u2501\u2501\u2501\u2501\u2501\u2501\u2501\u2501 41.3/41.3 kB 4.7 MB/s eta 0:00:00\n[34b5ff0b-527b-4c0d-b21e-ece53a27403b/run-pytest]   | Collecting pyflakes<3.1.0,>=3.0.0 (from flake8->-r .devcontainer/requirements-dev.txt (line 14))\n[34b5ff0b-527b-4c0d-b21e-ece53a27403b/run-pytest]   |   Downloading pyflakes-3.0.1-py2.py3-none-any.whl (62 kB)\n[34b5ff0b-527b-4c0d-b21e-ece53a27403b/run-pytest]   |      \u2501\u2501\u2501\u2501\u2501\u2501\u2501\u2501\u2501\u2501\u2501\u2501\u2501\u2501\u2501\u2501\u2501\u2501\u2501\u2501\u2501\u2501\u2501\u2501\u2501\u2501\u2501\u2501\u2501\u2501\u2501\u2501\u2501\u2501\u2501\u2501\u2501\u2501\u2501 62.8/62.8 kB 712.3 kB/s eta 0:00:00\n[34b5ff0b-527b-4c0d-b21e-ece53a27403b/run-pytest]   | Collecting typing-extensions>=4.1.0 (from mypy->-r .devcontainer/requirements-dev.txt (line 15))\n[34b5ff0b-527b-4c0d-b21e-ece53a27403b/run-pytest]   |   Downloading typing_extensions-4.6.3-py3-none-any.whl (31 kB)\n[34b5ff0b-527b-4c0d-b21e-ece53a27403b/run-pytest]   | Collecting mypy-extensions>=1.0.0 (from mypy->-r .devcontainer/requirements-dev.txt (line 15))\n[34b5ff0b-527b-4c0d-b21e-ece53a27403b/run-pytest]   |   Downloading mypy_extensions-1.0.0-py3-none-any.whl (4.7 kB)\n[34b5ff0b-527b-4c0d-b21e-ece53a27403b/run-pytest]   | Collecting attrs>=17.3.0 (from aiohttp->-r .devcontainer/requirements-dev.txt (line 17))\n[34b5ff0b-527b-4c0d-b21e-ece53a27403b/run-pytest]   |   Downloading attrs-23.1.0-py3-none-any.whl (61 kB)\n[34b5ff0b-527b-4c0d-b21e-ece53a27403b/run-pytest]   |      \u2501\u2501\u2501\u2501\u2501\u2501\u2501\u2501\u2501\u2501\u2501\u2501\u2501\u2501\u2501\u2501\u2501\u2501\u2501\u2501\u2501\u2501\u2501\u2501\u2501\u2501\u2501\u2501\u2501\u2501\u2501\u2501\u2501\u2501\u2501\u2501\u2501\u2501\u2501\u2501 61.2/61.2 kB 2.1 MB/s eta 0:00:00\n[34b5ff0b-527b-4c0d-b21e-ece53a27403b/run-pytest]   | Collecting multidict<7.0,>=4.5 (from aiohttp->-r .devcontainer/requirements-dev.txt (line 17))\n[34b5ff0b-527b-4c0d-b21e-ece53a27403b/run-pytest]   |   Downloading multidict-6.0.4-cp38-cp38-manylinux_2_17_x86_64.manylinux2014_x86_64.whl (121 kB)\n[34b5ff0b-527b-4c0d-b21e-ece53a27403b/run-pytest]   |      \u2501\u2501\u2501\u2501\u2501\u2501\u2501\u2501\u2501\u2501\u2501\u2501\u2501\u2501\u2501\u2501\u2501\u2501\u2501\u2501\u2501\u2501\u2501\u2501\u2501\u2501\u2501\u2501\u2501\u2501\u2501\u2501\u2501\u2501\u2501\u2501\u2501\u2501\u2501 121.3/121.3 kB 8.2 MB/s eta 0:00:00\n[34b5ff0b-527b-4c0d-b21e-ece53a27403b/run-pytest]   | Collecting async-timeout<5.0,>=4.0.0a3 (from aiohttp->-r .devcontainer/requirements-dev.txt (line 17))\n[34b5ff0b-527b-4c0d-b21e-ece53a27403b/run-pytest]   |   Downloading async_timeout-4.0.2-py3-none-any.whl (5.8 kB)\n[34b5ff0b-527b-4c0d-b21e-ece53a27403b/run-pytest]   | Collecting yarl<2.0,>=1.0 (from aiohttp->-r .devcontainer/requirements-dev.txt (line 17))\n[34b5ff0b-527b-4c0d-b21e-ece53a27403b/run-pytest]   |   Downloading yarl-1.9.2-cp38-cp38-manylinux_2_17_x86_64.manylinux2014_x86_64.whl (266 kB)\n[34b5ff0b-527b-4c0d-b21e-ece53a27403b/run-pytest]   |      \u2501\u2501\u2501\u2501\u2501\u2501\u2501\u2501\u2501\u2501\u2501\u2501\u2501\u2501\u2501\u2501\u2501\u2501\u2501\u2501\u2501\u2501\u2501\u2501\u2501\u2501\u2501\u2501\u2501\u2501\u2501\u2501\u2501\u2501\u2501\u2501\u2501\u2501 266.9/266.9 kB 11.0 MB/s eta 0:00:00\n[34b5ff0b-527b-4c0d-b21e-ece53a27403b/run-pytest]   | Collecting frozenlist>=1.1.1 (from aiohttp->-r .devcontainer/requirements-dev.txt (line 17))\n[34b5ff0b-527b-4c0d-b21e-ece53a27403b/run-pytest]   |   Downloading frozenlist-1.3.3-cp38-cp38-manylinux_2_5_x86_64.manylinux1_x86_64.manylinux_2_17_x86_64.manylinux2014_x86_64.whl (161 kB)\n[34b5ff0b-527b-4c0d-b21e-ece53a27403b/run-pytest]   |      \u2501\u2501\u2501\u2501\u2501\u2501\u2501\u2501\u2501\u2501\u2501\u2501\u2501\u2501\u2501\u2501\u2501\u2501\u2501\u2501\u2501\u2501\u2501\u2501\u2501\u2501\u2501\u2501\u2501\u2501\u2501\u2501\u2501\u2501\u2501\u2501\u2501\u2501\u2501 161.3/161.3 kB 3.5 MB/s eta 0:00:00\n[34b5ff0b-527b-4c0d-b21e-ece53a27403b/run-pytest]   | Collecting aiosignal>=1.1.2 (from aiohttp->-r .devcontainer/requirements-dev.txt (line 17))\n[34b5ff0b-527b-4c0d-b21e-ece53a27403b/run-pytest]   |   Downloading aiosignal-1.3.1-py3-none-any.whl (7.6 kB)\n[34b5ff0b-527b-4c0d-b21e-ece53a27403b/run-pytest]   | Collecting pycares>=4.0.0 (from aiodns->-r .devcontainer/requirements-dev.txt (line 18))\n[34b5ff0b-527b-4c0d-b21e-ece53a27403b/run-pytest]   |   Downloading pycares-4.3.0-cp38-cp38-manylinux_2_17_x86_64.manylinux2014_x86_64.whl (288 kB)\n[34b5ff0b-527b-4c0d-b21e-ece53a27403b/run-pytest]   |      \u2501\u2501\u2501\u2501\u2501\u2501\u2501\u2501\u2501\u2501\u2501\u2501\u2501\u2501\u2501\u2501\u2501\u2501\u2501\u2501\u2501\u2501\u2501\u2501\u2501\u2501\u2501\u2501\u2501\u2501\u2501\u2501\u2501\u2501\u2501\u2501\u2501\u2501 289.0/289.0 kB 10.7 MB/s eta 0:00:00\n[34b5ff0b-527b-4c0d-b21e-ece53a27403b/run-pytest]   | Collecting google-cloud-appengine-logging<2.0.0dev,>=0.1.0 (from google-cloud-logging->-r .devcontainer/requirements-dev.txt (line 24))\n[34b5ff0b-527b-4c0d-b21e-ece53a27403b/run-pytest]   |   Downloading google_cloud_appengine_logging-1.3.0-py2.py3-none-any.whl (15 kB)\n[34b5ff0b-527b-4c0d-b21e-ece53a27403b/run-pytest]   | Collecting google-cloud-audit-log<1.0.0dev,>=0.1.0 (from google-cloud-logging->-r .devcontainer/requirements-dev.txt (line 24))\n[34b5ff0b-527b-4c0d-b21e-ece53a27403b/run-pytest]   |   Downloading google_cloud_audit_log-0.2.5-py2.py3-none-any.whl (12 kB)\n[34b5ff0b-527b-4c0d-b21e-ece53a27403b/run-pytest]   | Collecting google-cloud-core<3.0.0dev,>=2.0.0 (from google-cloud-logging->-r .devcontainer/requirements-dev.txt (line 24))\n[34b5ff0b-527b-4c0d-b21e-ece53a27403b/run-pytest]   |   Downloading google_cloud_core-2.3.2-py2.py3-none-any.whl (29 kB)\n[34b5ff0b-527b-4c0d-b21e-ece53a27403b/run-pytest]   | Collecting grpc-google-iam-v1<1.0.0dev,>=0.12.4 (from google-cloud-logging->-r .devcontainer/requirements-dev.txt (line 24))\n[34b5ff0b-527b-4c0d-b21e-ece53a27403b/run-pytest]   |   Downloading grpc_google_iam_v1-0.12.6-py2.py3-none-any.whl (26 kB)\n[34b5ff0b-527b-4c0d-b21e-ece53a27403b/run-pytest]   | Collecting proto-plus<2.0.0dev,>=1.22.0 (from google-cloud-logging->-r .devcontainer/requirements-dev.txt (line 24))\n[34b5ff0b-527b-4c0d-b21e-ece53a27403b/run-pytest]   |   Downloading proto_plus-1.22.3-py3-none-any.whl (48 kB)\n[34b5ff0b-527b-4c0d-b21e-ece53a27403b/run-pytest]   |      \u2501\u2501\u2501\u2501\u2501\u2501\u2501\u2501\u2501\u2501\u2501\u2501\u2501\u2501\u2501\u2501\u2501\u2501\u2501\u2501\u2501\u2501\u2501\u2501\u2501\u2501\u2501\u2501\u2501\u2501\u2501\u2501\u2501\u2501\u2501\u2501\u2501\u2501\u2501 48.1/48.1 kB 514.1 kB/s eta 0:00:00\n[34b5ff0b-527b-4c0d-b21e-ece53a27403b/run-pytest]   | Collecting protobuf!=3.20.0,!=3.20.1,!=4.21.0,!=4.21.1,!=4.21.2,!=4.21.3,!=4.21.4,!=4.21.5,<5.0.0dev,>=3.19.5 (from google-cloud-logging->-r .devcontainer/requirements-dev.txt (line 24))\n[34b5ff0b-527b-4c0d-b21e-ece53a27403b/run-pytest]   |   Downloading protobuf-4.23.3-cp37-abi3-manylinux2014_x86_64.whl (304 kB)\n[34b5ff0b-527b-4c0d-b21e-ece53a27403b/run-pytest]   |      \u2501\u2501\u2501\u2501\u2501\u2501\u2501\u2501\u2501\u2501\u2501\u2501\u2501\u2501\u2501\u2501\u2501\u2501\u2501\u2501\u2501\u2501\u2501\u2501\u2501\u2501\u2501\u2501\u2501\u2501\u2501\u2501\u2501\u2501\u2501\u2501\u2501\u2501\u2501 304.5/304.5 kB 6.3 MB/s eta 0:00:00\n[34b5ff0b-527b-4c0d-b21e-ece53a27403b/run-pytest]   | Collecting jinja2>=3.0.0 (from aiohttp-jinja2->-r .devcontainer/requirements-dev.txt (line 26))\n[34b5ff0b-527b-4c0d-b21e-ece53a27403b/run-pytest]   |   Downloading Jinja2-3.1.2-py3-none-any.whl (133 kB)\n[34b5ff0b-527b-4c0d-b21e-ece53a27403b/run-pytest]   |      \u2501\u2501\u2501\u2501\u2501\u2501\u2501\u2501\u2501\u2501\u2501\u2501\u2501\u2501\u2501\u2501\u2501\u2501\u2501\u2501\u2501\u2501\u2501\u2501\u2501\u2501\u2501\u2501\u2501\u2501\u2501\u2501\u2501\u2501\u2501\u2501\u2501\u2501\u2501 133.1/133.1 kB 2.6 MB/s eta 0:00:00\n[34b5ff0b-527b-4c0d-b21e-ece53a27403b/run-pytest]   | Collecting soupsieve>1.2 (from beautifulsoup4->-r .devcontainer/requirements-dev.txt (line 27))\n[34b5ff0b-527b-4c0d-b21e-ece53a27403b/run-pytest]   |   Downloading soupsieve-2.4.1-py3-none-any.whl (36 kB)\n[34b5ff0b-527b-4c0d-b21e-ece53a27403b/run-pytest]   | Collecting cachecontrol>=0.12.6 (from firebase-admin->-r .devcontainer/requirements-dev.txt (line 28))\n[34b5ff0b-527b-4c0d-b21e-ece53a27403b/run-pytest]   |   Downloading cachecontrol-0.13.1-py3-none-any.whl (22 kB)\n[34b5ff0b-527b-4c0d-b21e-ece53a27403b/run-pytest]   | Collecting google-cloud-storage>=1.37.1 (from firebase-admin->-r .devcontainer/requirements-dev.txt (line 28))\n[34b5ff0b-527b-4c0d-b21e-ece53a27403b/run-pytest]   |   Downloading google_cloud_storage-2.10.0-py2.py3-none-any.whl (114 kB)\n[34b5ff0b-527b-4c0d-b21e-ece53a27403b/run-pytest]   |      \u2501\u2501\u2501\u2501\u2501\u2501\u2501\u2501\u2501\u2501\u2501\u2501\u2501\u2501\u2501\u2501\u2501\u2501\u2501\u2501\u2501\u2501\u2501\u2501\u2501\u2501\u2501\u2501\u2501\u2501\u2501\u2501\u2501\u2501\u2501\u2501\u2501\u2501 114.6/114.6 kB 16.8 MB/s eta 0:00:00\n[34b5ff0b-527b-4c0d-b21e-ece53a27403b/run-pytest]   | Collecting pyjwt[crypto]>=2.5.0 (from firebase-admin->-r .devcontainer/requirements-dev.txt (line 28))\n[34b5ff0b-527b-4c0d-b21e-ece53a27403b/run-pytest]   |   Downloading PyJWT-2.7.0-py3-none-any.whl (22 kB)\n[34b5ff0b-527b-4c0d-b21e-ece53a27403b/run-pytest]   | Collecting caio~=0.9.0 (from aiofile->-r .devcontainer/requirements-dev.txt (line 29))\n[34b5ff0b-527b-4c0d-b21e-ece53a27403b/run-pytest]   |   Downloading caio-0.9.12-cp38-cp38-manylinux_2_12_x86_64.manylinux2010_x86_64.manylinux_2_17_x86_64.manylinux2014_x86_64.whl (79 kB)\n[34b5ff0b-527b-4c0d-b21e-ece53a27403b/run-pytest]   |      \u2501\u2501\u2501\u2501\u2501\u2501\u2501\u2501\u2501\u2501\u2501\u2501\u2501\u2501\u2501\u2501\u2501\u2501\u2501\u2501\u2501\u2501\u2501\u2501\u2501\u2501\u2501\u2501\u2501\u2501\u2501\u2501\u2501\u2501\u2501\u2501\u2501\u2501\u2501\u2501 79.7/79.7 kB 2.7 MB/s eta 0:00:00\n[34b5ff0b-527b-4c0d-b21e-ece53a27403b/run-pytest]   | Collecting backports.zoneinfo (from tzlocal->-r .devcontainer/requirements-dev.txt (line 33))\n[34b5ff0b-527b-4c0d-b21e-ece53a27403b/run-pytest]   |   Downloading backports.zoneinfo-0.2.1-cp38-cp38-manylinux1_x86_64.whl (74 kB)\n[34b5ff0b-527b-4c0d-b21e-ece53a27403b/run-pytest]   |      \u2501\u2501\u2501\u2501\u2501\u2501\u2501\u2501\u2501\u2501\u2501\u2501\u2501\u2501\u2501\u2501\u2501\u2501\u2501\u2501\u2501\u2501\u2501\u2501\u2501\u2501\u2501\u2501\u2501\u2501\u2501\u2501\u2501\u2501\u2501\u2501\u2501\u2501\u2501\u2501 74.0/74.0 kB 2.2 MB/s eta 0:00:00\n[34b5ff0b-527b-4c0d-b21e-ece53a27403b/run-pytest]   | Collecting coverage[toml]>=5.2.1 (from pytest-cov->-r .devcontainer/requirements-dev.txt (line 34))\n[34b5ff0b-527b-4c0d-b21e-ece53a27403b/run-pytest]   |   Downloading coverage-7.2.7-cp38-cp38-manylinux_2_5_x86_64.manylinux1_x86_64.manylinux_2_17_x86_64.manylinux2014_x86_64.whl (229 kB)\n[34b5ff0b-527b-4c0d-b21e-ece53a27403b/run-pytest]   |      \u2501\u2501\u2501\u2501\u2501\u2501\u2501\u2501\u2501\u2501\u2501\u2501\u2501\u2501\u2501\u2501\u2501\u2501\u2501\u2501\u2501\u2501\u2501\u2501\u2501\u2501\u2501\u2501\u2501\u2501\u2501\u2501\u2501\u2501\u2501\u2501\u2501\u2501\u2501 229.9/229.9 kB 8.6 MB/s eta 0:00:00\n[34b5ff0b-527b-4c0d-b21e-ece53a27403b/run-pytest]   | Collecting msgpack>=0.5.2 (from cachecontrol>=0.12.6->firebase-admin->-r .devcontainer/requirements-dev.txt (line 28))\n[34b5ff0b-527b-4c0d-b21e-ece53a27403b/run-pytest]   |   Downloading msgpack-1.0.5-cp38-cp38-manylinux_2_17_x86_64.manylinux2014_x86_64.whl (322 kB)\n[34b5ff0b-527b-4c0d-b21e-ece53a27403b/run-pytest]   |      \u2501\u2501\u2501\u2501\u2501\u2501\u2501\u2501\u2501\u2501\u2501\u2501\u2501\u2501\u2501\u2501\u2501\u2501\u2501\u2501\u2501\u2501\u2501\u2501\u2501\u2501\u2501\u2501\u2501\u2501\u2501\u2501\u2501\u2501\u2501\u2501\u2501\u2501\u2501 322.4/322.4 kB 6.8 MB/s eta 0:00:00\n[34b5ff0b-527b-4c0d-b21e-ece53a27403b/run-pytest]   | Collecting googleapis-common-protos<2.0.dev0,>=1.56.2 (from google-api-core!=2.0.*,!=2.1.*,!=2.2.*,!=2.3.0,<3.0.0.dev0,>=1.31.5->google-api-python-client->-r .devcontainer/requirements-dev.txt (line 1))\n[34b5ff0b-527b-4c0d-b21e-ece53a27403b/run-pytest]   |   Downloading googleapis_common_protos-1.59.1-py2.py3-none-any.whl (224 kB)\n[34b5ff0b-527b-4c0d-b21e-ece53a27403b/run-pytest]   |      \u2501\u2501\u2501\u2501\u2501\u2501\u2501\u2501\u2501\u2501\u2501\u2501\u2501\u2501\u2501\u2501\u2501\u2501\u2501\u2501\u2501\u2501\u2501\u2501\u2501\u2501\u2501\u2501\u2501\u2501\u2501\u2501\u2501\u2501\u2501\u2501\u2501\u2501\u2501 224.5/224.5 kB 5.8 MB/s eta 0:00:00\n[34b5ff0b-527b-4c0d-b21e-ece53a27403b/run-pytest]   | Collecting grpcio-status<2.0.dev0,>=1.33.2 (from google-api-core!=2.0.*,!=2.1.*,!=2.2.*,!=2.3.0,<3.0.0.dev0,>=1.31.5->google-api-python-client->-r .devcontainer/requirements-dev.txt (line 1))\n[34b5ff0b-527b-4c0d-b21e-ece53a27403b/run-pytest]   |   Downloading grpcio_status-1.56.0-py3-none-any.whl (5.1 kB)\n[34b5ff0b-527b-4c0d-b21e-ece53a27403b/run-pytest]   | Collecting cachetools<6.0,>=2.0.0 (from google-auth<3.0.0.dev0,>=1.19.0->google-api-python-client->-r .devcontainer/requirements-dev.txt (line 1))\n[34b5ff0b-527b-4c0d-b21e-ece53a27403b/run-pytest]   |   Downloading cachetools-5.3.1-py3-none-any.whl (9.3 kB)\n[34b5ff0b-527b-4c0d-b21e-ece53a27403b/run-pytest]   | Collecting urllib3<3,>=1.21.1 (from requests->-r .devcontainer/requirements-dev.txt (line 5))\n[34b5ff0b-527b-4c0d-b21e-ece53a27403b/run-pytest]   |   Downloading urllib3-1.26.16-py2.py3-none-any.whl (143 kB)\n[34b5ff0b-527b-4c0d-b21e-ece53a27403b/run-pytest]   |      \u2501\u2501\u2501\u2501\u2501\u2501\u2501\u2501\u2501\u2501\u2501\u2501\u2501\u2501\u2501\u2501\u2501\u2501\u2501\u2501\u2501\u2501\u2501\u2501\u2501\u2501\u2501\u2501\u2501\u2501\u2501\u2501\u2501\u2501\u2501\u2501\u2501\u2501\u2501 143.1/143.1 kB 5.3 MB/s eta 0:00:00\n[34b5ff0b-527b-4c0d-b21e-ece53a27403b/run-pytest]   | Collecting google-resumable-media>=2.3.2 (from google-cloud-storage>=1.37.1->firebase-admin->-r .devcontainer/requirements-dev.txt (line 28))\n[34b5ff0b-527b-4c0d-b21e-ece53a27403b/run-pytest]   |   Downloading google_resumable_media-2.5.0-py2.py3-none-any.whl (77 kB)\n[34b5ff0b-527b-4c0d-b21e-ece53a27403b/run-pytest]   |      \u2501\u2501\u2501\u2501\u2501\u2501\u2501\u2501\u2501\u2501\u2501\u2501\u2501\u2501\u2501\u2501\u2501\u2501\u2501\u2501\u2501\u2501\u2501\u2501\u2501\u2501\u2501\u2501\u2501\u2501\u2501\u2501\u2501\u2501\u2501\u2501\u2501\u2501\u2501\u2501 77.7/77.7 kB 1.1 MB/s eta 0:00:00\n[34b5ff0b-527b-4c0d-b21e-ece53a27403b/run-pytest]   | Collecting pyparsing!=3.0.0,!=3.0.1,!=3.0.2,!=3.0.3,<4,>=2.4.2 (from httplib2<1.dev0,>=0.15.0->google-api-python-client->-r .devcontainer/requirements-dev.txt (line 1))\n[34b5ff0b-527b-4c0d-b21e-ece53a27403b/run-pytest]   |   Downloading pyparsing-3.1.0-py3-none-any.whl (102 kB)\n[34b5ff0b-527b-4c0d-b21e-ece53a27403b/run-pytest]   |      \u2501\u2501\u2501\u2501\u2501\u2501\u2501\u2501\u2501\u2501\u2501\u2501\u2501\u2501\u2501\u2501\u2501\u2501\u2501\u2501\u2501\u2501\u2501\u2501\u2501\u2501\u2501\u2501\u2501\u2501\u2501\u2501\u2501\u2501\u2501\u2501\u2501\u2501 102.6/102.6 kB 17.9 MB/s eta 0:00:00\n[34b5ff0b-527b-4c0d-b21e-ece53a27403b/run-pytest]   | Collecting MarkupSafe>=2.0 (from jinja2>=3.0.0->aiohttp-jinja2->-r .devcontainer/requirements-dev.txt (line 26))\n[34b5ff0b-527b-4c0d-b21e-ece53a27403b/run-pytest]   |   Downloading MarkupSafe-2.1.3-cp38-cp38-manylinux_2_17_x86_64.manylinux2014_x86_64.whl (25 kB)\n[34b5ff0b-527b-4c0d-b21e-ece53a27403b/run-pytest]   | Collecting cffi>=1.5.0 (from pycares>=4.0.0->aiodns->-r .devcontainer/requirements-dev.txt (line 18))\n[34b5ff0b-527b-4c0d-b21e-ece53a27403b/run-pytest]   |   Downloading cffi-1.15.1-cp38-cp38-manylinux_2_17_x86_64.manylinux2014_x86_64.whl (442 kB)\n[34b5ff0b-527b-4c0d-b21e-ece53a27403b/run-pytest]   |      \u2501\u2501\u2501\u2501\u2501\u2501\u2501\u2501\u2501\u2501\u2501\u2501\u2501\u2501\u2501\u2501\u2501\u2501\u2501\u2501\u2501\u2501\u2501\u2501\u2501\u2501\u2501\u2501\u2501\u2501\u2501\u2501\u2501\u2501\u2501\u2501\u2501\u2501 442.7/442.7 kB 19.0 MB/s eta 0:00:00\n[34b5ff0b-527b-4c0d-b21e-ece53a27403b/run-pytest]   | Collecting cryptography>=3.4.0 (from pyjwt[crypto]>=2.5.0->firebase-admin->-r .devcontainer/requirements-dev.txt (line 28))\n[34b5ff0b-527b-4c0d-b21e-ece53a27403b/run-pytest]   |   Downloading cryptography-41.0.1-cp37-abi3-manylinux_2_28_x86_64.whl (4.3 MB)\n[34b5ff0b-527b-4c0d-b21e-ece53a27403b/run-pytest]   |      \u2501\u2501\u2501\u2501\u2501\u2501\u2501\u2501\u2501\u2501\u2501\u2501\u2501\u2501\u2501\u2501\u2501\u2501\u2501\u2501\u2501\u2501\u2501\u2501\u2501\u2501\u2501\u2501\u2501\u2501\u2501\u2501\u2501\u2501\u2501\u2501\u2501\u2501\u2501\u2501 4.3/4.3 MB 9.7 MB/s eta 0:00:00\n[34b5ff0b-527b-4c0d-b21e-ece53a27403b/run-pytest]   | Collecting oauthlib>=3.0.0 (from requests-oauthlib>=0.7.0->google-auth-oauthlib->-r .devcontainer/requirements-dev.txt (line 3))\n[34b5ff0b-527b-4c0d-b21e-ece53a27403b/run-pytest]   |   Downloading oauthlib-3.2.2-py3-none-any.whl (151 kB)\n[34b5ff0b-527b-4c0d-b21e-ece53a27403b/run-pytest]   |      \u2501\u2501\u2501\u2501\u2501\u2501\u2501\u2501\u2501\u2501\u2501\u2501\u2501\u2501\u2501\u2501\u2501\u2501\u2501\u2501\u2501\u2501\u2501\u2501\u2501\u2501\u2501\u2501\u2501\u2501\u2501\u2501\u2501\u2501\u2501\u2501\u2501\u2501\u2501 151.7/151.7 kB 1.7 MB/s eta 0:00:00\n[34b5ff0b-527b-4c0d-b21e-ece53a27403b/run-pytest]   | Collecting pycparser (from cffi>=1.5.0->pycares>=4.0.0->aiodns->-r .devcontainer/requirements-dev.txt (line 18))\n[34b5ff0b-527b-4c0d-b21e-ece53a27403b/run-pytest]   |   Downloading pycparser-2.21-py2.py3-none-any.whl (118 kB)\n[34b5ff0b-527b-4c0d-b21e-ece53a27403b/run-pytest]   |      \u2501\u2501\u2501\u2501\u2501\u2501\u2501\u2501\u2501\u2501\u2501\u2501\u2501\u2501\u2501\u2501\u2501\u2501\u2501\u2501\u2501\u2501\u2501\u2501\u2501\u2501\u2501\u2501\u2501\u2501\u2501\u2501\u2501\u2501\u2501\u2501\u2501\u2501 118.7/118.7 kB 11.1 MB/s eta 0:00:00\n[34b5ff0b-527b-4c0d-b21e-ece53a27403b/run-pytest]   | Collecting google-crc32c<2.0dev,>=1.0 (from google-resumable-media>=2.3.2->google-cloud-storage>=1.37.1->firebase-admin->-r .devcontainer/requirements-dev.txt (line 28))\n[34b5ff0b-527b-4c0d-b21e-ece53a27403b/run-pytest]   |   Downloading google_crc32c-1.5.0-cp38-cp38-manylinux_2_17_x86_64.manylinux2014_x86_64.whl (32 kB)\n[34b5ff0b-527b-4c0d-b21e-ece53a27403b/run-pytest]   | Installing collected packages: pytz, msgpack, watchdog, urllib3, uritemplate, typing-extensions, tomli, soupsieve, six, pyyaml, pyparsing, pyjwt, pyflakes, pycparser, pycodestyle, pyasn1, protobuf, pluggy, packaging, oauthlib, mypy-extensions, multidict, mccabe, MarkupSafe, iniconfig, idna, grpcio, google-crc32c, frozenlist, exceptiongroup, dnspython, debugpy, coverage, colorlog, charset-normalizer, certifi, caio, cachetools, backports.zoneinfo, attrs, async-timeout, aiorun, aiofiles, yarl, tzlocal, rsa, requests, python-dateutil, pytest, pyasn1-modules, proto-plus, mypy, jinja2, injector, httplib2, googleapis-common-protos, google-resumable-media, flake8, cffi, beautifulsoup4, autopep8, aiosignal, aiofile, requests-oauthlib, pytest-timeout, pytest-repeat, pytest-cov, pytest-asyncio, pycares, oauth2client, grpcio-status, google-cloud-audit-log, google-auth, cryptography, cachecontrol, aiohttp, grpc-google-iam-v1, google-auth-oauthlib, google-auth-httplib2, google-api-core, aiohttp-jinja2, aiodns, google-cloud-core, google-api-python-client, aioping, google-cloud-storage, google-cloud-firestore, google-cloud-appengine-logging, google-cloud-logging, firebase-admin\n[34b5ff0b-527b-4c0d-b21e-ece53a27403b/run-pytest]   | Successfully installed MarkupSafe-2.1.3 aiodns-3.0.0 aiofile-3.8.7 aiofiles-23.1.0 aiohttp-3.8.4 aiohttp-jinja2-1.5.1 aioping-0.3.1 aiorun-2022.11.1 aiosignal-1.3.1 async-timeout-4.0.2 attrs-23.1.0 autopep8-2.0.2 backports.zoneinfo-0.2.1 beautifulsoup4-4.12.2 cachecontrol-0.13.1 cachetools-5.3.1 caio-0.9.12 certifi-2023.5.7 cffi-1.15.1 charset-normalizer-3.1.0 colorlog-6.7.0 coverage-7.2.7 cryptography-41.0.1 debugpy-1.6.7 dnspython-2.3.0 exceptiongroup-1.1.1 firebase-admin-6.2.0 flake8-6.0.0 frozenlist-1.3.3 google-api-core-2.11.1 google-api-python-client-2.90.0 google-auth-2.21.0 google-auth-httplib2-0.1.0 google-auth-oauthlib-1.0.0 google-cloud-appengine-logging-1.3.0 google-cloud-audit-log-0.2.5 google-cloud-core-2.3.2 google-cloud-firestore-2.11.1 google-cloud-logging-3.5.0 google-cloud-storage-2.10.0 google-crc32c-1.5.0 google-resumable-media-2.5.0 googleapis-common-protos-1.59.1 grpc-google-iam-v1-0.12.6 grpcio-1.56.0 grpcio-status-1.56.0 httplib2-0.22.0 idna-3.4 iniconfig-2.0.0 injector-0.20.1 jinja2-3.1.2 mccabe-0.7.0 msgpack-1.0.5 multidict-6.0.4 mypy-1.4.1 mypy-extensions-1.0.0 oauth2client-4.1.3 oauthlib-3.2.2 packaging-23.1 pluggy-1.2.0 proto-plus-1.22.3 protobuf-4.23.3 pyasn1-0.5.0 pyasn1-modules-0.3.0 pycares-4.3.0 pycodestyle-2.10.0 pycparser-2.21 pyflakes-3.0.1 pyjwt-2.7.0 pyparsing-3.1.0 pytest-7.4.0 pytest-asyncio-0.21.0 pytest-cov-4.1.0 pytest-repeat-0.9.1 pytest-timeout-2.1.0 python-dateutil-2.6.1 pytz-2023.3 pyyaml-6.0 requests-2.31.0 requests-oauthlib-1.3.1 rsa-4.9 six-1.16.0 soupsieve-2.4.1 tomli-2.0.1 typing-extensions-4.6.3 tzlocal-5.0.1 uritemplate-4.1.1 urllib3-1.26.16 watchdog-3.0.0 yarl-1.9.2\n[34b5ff0b-527b-4c0d-b21e-ece53a27403b/run-pytest]   | \n[34b5ff0b-527b-4c0d-b21e-ece53a27403b/run-pytest]   | [notice] A new release of pip is available: 21.1.1 -> 23.1.2\n[34b5ff0b-527b-4c0d-b21e-ece53a27403b/run-pytest]   | [notice] To update, run: pip install --upgrade pip\n[34b5ff0b-527b-4c0d-b21e-ece53a27403b/run-pytest]   \u2705  Success - Main Install dependencies\n[34b5ff0b-527b-4c0d-b21e-ece53a27403b/run-pytest] \u2b50 Run Main Install fping\n[34b5ff0b-527b-4c0d-b21e-ece53a27403b/run-pytest]   \ud83d\udc33  docker exec cmd=[bash --noprofile --norc -e -o pipefail /var/run/act/workflow/3] user= workdir=\n[34b5ff0b-527b-4c0d-b21e-ece53a27403b/run-pytest]   | Reading package lists...\n[34b5ff0b-527b-4c0d-b21e-ece53a27403b/run-pytest]   | Building dependency tree...\n[34b5ff0b-527b-4c0d-b21e-ece53a27403b/run-pytest]   | Reading state information...\n[34b5ff0b-527b-4c0d-b21e-ece53a27403b/run-pytest]   | The following NEW packages will be installed:\n[34b5ff0b-527b-4c0d-b21e-ece53a27403b/run-pytest]   |   fping\n[34b5ff0b-527b-4c0d-b21e-ece53a27403b/run-pytest]   | 0 upgraded, 1 newly installed, 0 to remove and 20 not upgraded.\n[34b5ff0b-527b-4c0d-b21e-ece53a27403b/run-pytest]   | Need to get 32.4 kB of archives.\n[34b5ff0b-527b-4c0d-b21e-ece53a27403b/run-pytest]   | After this operation, 89.1 kB of additional disk space will be used.\n[34b5ff0b-527b-4c0d-b21e-ece53a27403b/run-pytest]   | Get:1 http://archive.ubuntu.com/ubuntu focal/universe amd64 fping amd64 4.2-1 [32.4 kB]\n[34b5ff0b-527b-4c0d-b21e-ece53a27403b/run-pytest]   | Fetched 32.4 kB in 0s (75.1 kB/s)\n[34b5ff0b-527b-4c0d-b21e-ece53a27403b/run-pytest]   | Selecting previously unselected package fping.\r\n[34b5ff0b-527b-4c0d-b21e-ece53a27403b/run-pytest]   | (Reading database ... \r(Reading database ... 5%\r(Reading database ... 10%\r(Reading database ... 15%\r(Reading database ... 20%\r(Reading database ... 25%\r(Reading database ... 30%\r(Reading database ... 35%\r(Reading database ... 40%\r(Reading database ... 45%\r(Reading database ... 50%\r(Reading database ... 55%\r(Reading database ... 60%\r(Reading database ... 65%\r(Reading database ... 70%\r(Reading database ... 75%\r(Reading database ... 80%\r(Reading database ... 85%\r(Reading database ... 90%\r(Reading database ... 95%\r(Reading database ... 100%\r(Reading database ... 193678 files and directories currently installed.)\r\n[34b5ff0b-527b-4c0d-b21e-ece53a27403b/run-pytest]   | Preparing to unpack .../archives/fping_4.2-1_amd64.deb ...\r\n[34b5ff0b-527b-4c0d-b21e-ece53a27403b/run-pytest]   | Unpacking fping (4.2-1) ...\r\n[34b5ff0b-527b-4c0d-b21e-ece53a27403b/run-pytest]   | Setting up fping (4.2-1) ...\r\n[34b5ff0b-527b-4c0d-b21e-ece53a27403b/run-pytest]   \u2705  Success - Main Install fping\n[34b5ff0b-527b-4c0d-b21e-ece53a27403b/run-pytest] \u2b50 Run Main Lint with flake8\n[34b5ff0b-527b-4c0d-b21e-ece53a27403b/run-pytest]   \ud83d\udc33  docker exec cmd=[bash --noprofile --norc -e -o pipefail /var/run/act/workflow/4] user= workdir=\n[34b5ff0b-527b-4c0d-b21e-ece53a27403b/run-pytest]   | 0\n[34b5ff0b-527b-4c0d-b21e-ece53a27403b/run-pytest]   | ./hassio-google-drive-backup/backup/config/version.py:4:1: E302 expected 2 blank lines, found 1\n[34b5ff0b-527b-4c0d-b21e-ece53a27403b/run-pytest]   | ./hassio-google-drive-backup/backup/config/version.py:56:14: E275 missing whitespace after keyword\n[34b5ff0b-527b-4c0d-b21e-ece53a27403b/run-pytest]   | ./hassio-google-drive-backup/backup/exceptions/exceptions.py:451:33: E252 missing whitespace around parameter equals\n[34b5ff0b-527b-4c0d-b21e-ece53a27403b/run-pytest]   | ./hassio-google-drive-backup/backup/exceptions/exceptions.py:451:34: E252 missing whitespace around parameter equals\n[34b5ff0b-527b-4c0d-b21e-ece53a27403b/run-pytest]   | ./hassio-google-drive-backup/backup/exceptions/exceptions.py:467:33: E252 missing whitespace around parameter equals\n[34b5ff0b-527b-4c0d-b21e-ece53a27403b/run-pytest]   | ./hassio-google-drive-backup/backup/exceptions/exceptions.py:467:34: E252 missing whitespace around parameter equals\n[34b5ff0b-527b-4c0d-b21e-ece53a27403b/run-pytest]   | ./hassio-google-drive-backup/backup/file/__init__.py:1:1: F401 '.jsonfilesaver.JsonFileSaver' imported but unused\n[34b5ff0b-527b-4c0d-b21e-ece53a27403b/run-pytest]   | ./hassio-google-drive-backup/backup/file/__init__.py:2:1: F401 '.file.File' imported but unused\n[34b5ff0b-527b-4c0d-b21e-ece53a27403b/run-pytest]   | ./hassio-google-drive-backup/backup/file/__init__.py:2:23: W292 no newline at end of file\n[34b5ff0b-527b-4c0d-b21e-ece53a27403b/run-pytest]   | ./hassio-google-drive-backup/backup/file/file.py:52:114: W291 trailing whitespace\n[34b5ff0b-527b-4c0d-b21e-ece53a27403b/run-pytest]   | ./hassio-google-drive-backup/backup/file/jsonfilesaver.py:51:113: W291 trailing whitespace\n[34b5ff0b-527b-4c0d-b21e-ece53a27403b/run-pytest]   | ./hassio-google-drive-backup/backup/file/jsonfilesaver.py:71:1: W391 blank line at end of file\n[34b5ff0b-527b-4c0d-b21e-ece53a27403b/run-pytest]   | ./hassio-google-drive-backup/backup/ha/harequests.py:76:1: W293 blank line contains whitespace\n[34b5ff0b-527b-4c0d-b21e-ece53a27403b/run-pytest]   | ./hassio-google-drive-backup/backup/ha/hasource.py:12:1: F401 '..config.Version' imported but unused\n[34b5ff0b-527b-4c0d-b21e-ece53a27403b/run-pytest]   | ./hassio-google-drive-backup/backup/ha/hasource.py:27:1: E302 expected 2 blank lines, found 1\n[34b5ff0b-527b-4c0d-b21e-ece53a27403b/run-pytest]   | ./hassio-google-drive-backup/backup/model/backupscheme.py:77:9: E731 do not assign a lambda expression, use a def\n[34b5ff0b-527b-4c0d-b21e-ece53a27403b/run-pytest]   | ./hassio-google-drive-backup/backup/model/model.py:48:1: W293 blank line contains whitespace\n[34b5ff0b-527b-4c0d-b21e-ece53a27403b/run-pytest]   | ./hassio-google-drive-backup/backup/model/precache.py:15:13: W292 no newline at end of file\n[34b5ff0b-527b-4c0d-b21e-ece53a27403b/run-pytest]   | ./hassio-google-drive-backup/backup/time.py:67:1: E302 expected 2 blank lines, found 1\n[34b5ff0b-527b-4c0d-b21e-ece53a27403b/run-pytest]   | ./hassio-google-drive-backup/backup/ui/uiserver.py:757:33: E128 continuation line under-indented for visual indent\n[34b5ff0b-527b-4c0d-b21e-ece53a27403b/run-pytest]   | ./hassio-google-drive-backup/backup/ui/uiserver.py:790:29: E128 continuation line under-indented for visual indent\n[34b5ff0b-527b-4c0d-b21e-ece53a27403b/run-pytest]   | ./hassio-google-drive-backup/backup/util/data_cache.py:9:1: F401 'json' imported but unused\n[34b5ff0b-527b-4c0d-b21e-ece53a27403b/run-pytest]   | ./hassio-google-drive-backup/backup/util/data_cache.py:10:1: F401 'os' imported but unused\n[34b5ff0b-527b-4c0d-b21e-ece53a27403b/run-pytest]   | ./hassio-google-drive-backup/backup/util/error_analyzer.py:17:10: E275 missing whitespace after keyword\n[34b5ff0b-527b-4c0d-b21e-ece53a27403b/run-pytest]   | ./hassio-google-drive-backup/backup/watcher.py:15:1: F401 'os.path.join' imported but unused\n[34b5ff0b-527b-4c0d-b21e-ece53a27403b/run-pytest]   | ./hassio-google-drive-backup/backup/watcher.py:15:1: F401 'os.path.abspath' imported but unused\n[34b5ff0b-527b-4c0d-b21e-ece53a27403b/run-pytest]   | ./hassio-google-drive-backup/dev/simulated_google.py:8:1: F401 'backup.creds.KEY_ACCESS_TOKEN' imported but unused\n[34b5ff0b-527b-4c0d-b21e-ece53a27403b/run-pytest]   | ./hassio-google-drive-backup/dev/simulated_supervisor.py:189:1: W293 blank line contains whitespace\n[34b5ff0b-527b-4c0d-b21e-ece53a27403b/run-pytest]   | ./hassio-google-drive-backup/tests/test_addon_stopper.py:25:1: E302 expected 2 blank lines, found 1\n[34b5ff0b-527b-4c0d-b21e-ece53a27403b/run-pytest]   | ./hassio-google-drive-backup/tests/test_asynchttpgetter.py:35:1: E302 expected 2 blank lines, found 1\n[34b5ff0b-527b-4c0d-b21e-ece53a27403b/run-pytest]   | ./hassio-google-drive-backup/tests/test_debugworker.py:30:1: E302 expected 2 blank lines, found 1\n[34b5ff0b-527b-4c0d-b21e-ece53a27403b/run-pytest]   | ./hassio-google-drive-backup/tests/test_durationasstringvalidator.py:3:1: F401 'datetime.timedelta' imported but unused\n[34b5ff0b-527b-4c0d-b21e-ece53a27403b/run-pytest]   | ./hassio-google-drive-backup/tests/test_estimator.py:6:1: E302 expected 2 blank lines, found 1\n[34b5ff0b-527b-4c0d-b21e-ece53a27403b/run-pytest]   | ./hassio-google-drive-backup/tests/test_file.py:7:1: F401 'json' imported but unused\n[34b5ff0b-527b-4c0d-b21e-ece53a27403b/run-pytest]   | ./hassio-google-drive-backup/tests/test_file.py:51:1: E302 expected 2 blank lines, found 1\n[34b5ff0b-527b-4c0d-b21e-ece53a27403b/run-pytest]   | ./hassio-google-drive-backup/tests/test_hasource.py:1142:99: W291 trailing whitespace\n[34b5ff0b-527b-4c0d-b21e-ece53a27403b/run-pytest]   | ./hassio-google-drive-backup/tests/test_hasource.py:1152:101: W291 trailing whitespace\n[34b5ff0b-527b-4c0d-b21e-ece53a27403b/run-pytest]   | ./hassio-google-drive-backup/tests/test_jsonfilesaver.py:54:1: E302 expected 2 blank lines, found 1\n[34b5ff0b-527b-4c0d-b21e-ece53a27403b/run-pytest]   | ./hassio-google-drive-backup/tests/test_model.py:566:1: E303 too many blank lines (3)\n[34b5ff0b-527b-4c0d-b21e-ece53a27403b/run-pytest]   | ./hassio-google-drive-backup/tests/test_model.py:861:131: W291 trailing whitespace\n[34b5ff0b-527b-4c0d-b21e-ece53a27403b/run-pytest]   | ./hassio-google-drive-backup/tests/test_model.py:862:121: W291 trailing whitespace\n[34b5ff0b-527b-4c0d-b21e-ece53a27403b/run-pytest]   | 2     E128 continuation line under-indented for visual indent\n[34b5ff0b-527b-4c0d-b21e-ece53a27403b/run-pytest]   | 4     E252 missing whitespace around parameter equals\n[34b5ff0b-527b-4c0d-b21e-ece53a27403b/run-pytest]   | 2     E275 missing whitespace after keyword\n[34b5ff0b-527b-4c0d-b21e-ece53a27403b/run-pytest]   | 9     E302 expected 2 blank lines, found 1\n[34b5ff0b-527b-4c0d-b21e-ece53a27403b/run-pytest]   | 1     E303 too many blank lines (3)\n[34b5ff0b-527b-4c0d-b21e-ece53a27403b/run-pytest]   | 1     E731 do not assign a lambda expression, use a def\n[34b5ff0b-527b-4c0d-b21e-ece53a27403b/run-pytest]   | 10    F401 '.jsonfilesaver.JsonFileSaver' imported but unused\n[34b5ff0b-527b-4c0d-b21e-ece53a27403b/run-pytest]   | 6     W291 trailing whitespace\n[34b5ff0b-527b-4c0d-b21e-ece53a27403b/run-pytest]   | 2     W292 no newline at end of file\n[34b5ff0b-527b-4c0d-b21e-ece53a27403b/run-pytest]   | 3     W293 blank line contains whitespace\n[34b5ff0b-527b-4c0d-b21e-ece53a27403b/run-pytest]   | 1     W391 blank line at end of file\n[34b5ff0b-527b-4c0d-b21e-ece53a27403b/run-pytest]   | 41\n[34b5ff0b-527b-4c0d-b21e-ece53a27403b/run-pytest]   \u2705  Success - Main Lint with flake8\n[34b5ff0b-527b-4c0d-b21e-ece53a27403b/run-pytest] \u2b50 Run Main Test with pytest\n[34b5ff0b-527b-4c0d-b21e-ece53a27403b/run-pytest]   \ud83d\udc33  docker exec cmd=[bash --noprofile --norc -e -o pipefail /var/run/act/workflow/5] user= workdir=\n[34b5ff0b-527b-4c0d-b21e-ece53a27403b/run-pytest]   | \n[34b5ff0b-527b-4c0d-b21e-ece53a27403b/run-pytest]   | Usage:   \n[34b5ff0b-527b-4c0d-b21e-ece53a27403b/run-pytest]   |   pip install [options] <requirement specifier> [package-index-options] ...\n[34b5ff0b-527b-4c0d-b21e-ece53a27403b/run-pytest]   |   pip install [options] -r <requirements file> [package-index-options] ...\n[34b5ff0b-527b-4c0d-b21e-ece53a27403b/run-pytest]   |   pip install [options] [-e] <vcs project url> ...\n[34b5ff0b-527b-4c0d-b21e-ece53a27403b/run-pytest]   |   pip install [options] [-e] <local project path> ...\n[34b5ff0b-527b-4c0d-b21e-ece53a27403b/run-pytest]   |   pip install [options] <archive url/path> ...\n[34b5ff0b-527b-4c0d-b21e-ece53a27403b/run-pytest]   | \n[34b5ff0b-527b-4c0d-b21e-ece53a27403b/run-pytest]   | no such option: --junitxml\n[34b5ff0b-527b-4c0d-b21e-ece53a27403b/run-pytest]   \u274c  Failure - Main Test with pytest\n[34b5ff0b-527b-4c0d-b21e-ece53a27403b/run-pytest] exitcode '2': failure\n[34b5ff0b-527b-4c0d-b21e-ece53a27403b/run-pytest] \u2b50 Run Main Upload pytest test results\n[34b5ff0b-527b-4c0d-b21e-ece53a27403b/run-pytest]   \ud83d\udc33  docker cp src=/tmp/act-cache/b1d930e0-1faf-4e91-9cb4-ab78c2d83451/act/actions-upload-artifact@v3/ dst=/var/run/act/actions/actions-upload-artifact@v3/\n[34b5ff0b-527b-4c0d-b21e-ece53a27403b/run-pytest]   \ud83d\udc33  docker exec cmd=[chown -R 1012:1013 /var/run/act/actions/actions-upload-artifact@v3/] user=0 workdir=\n[34b5ff0b-527b-4c0d-b21e-ece53a27403b/run-pytest]   \ud83d\udc33  docker exec cmd=[node /var/run/act/actions/actions-upload-artifact@v3/dist/index.js] user= workdir=\n[34b5ff0b-527b-4c0d-b21e-ece53a27403b/run-pytest]   \ud83d\udcac  ::debug::followSymbolicLinks 'true'\n[34b5ff0b-527b-4c0d-b21e-ece53a27403b/run-pytest]   \ud83d\udcac  ::debug::implicitDescendants 'true'\n[34b5ff0b-527b-4c0d-b21e-ece53a27403b/run-pytest]   \ud83d\udcac  ::debug::omitBrokenSymbolicLinks 'true'\n[34b5ff0b-527b-4c0d-b21e-ece53a27403b/run-pytest]   \ud83d\udcac  ::debug::followSymbolicLinks 'true'\n[34b5ff0b-527b-4c0d-b21e-ece53a27403b/run-pytest]   \ud83d\udcac  ::debug::implicitDescendants 'true'\n[34b5ff0b-527b-4c0d-b21e-ece53a27403b/run-pytest]   \ud83d\udcac  ::debug::matchDirectories 'true'\n[34b5ff0b-527b-4c0d-b21e-ece53a27403b/run-pytest]   \ud83d\udcac  ::debug::omitBrokenSymbolicLinks 'true'\n[34b5ff0b-527b-4c0d-b21e-ece53a27403b/run-pytest]   \ud83d\udcac  ::debug::Search path '/tmp/ad9c0f7e-1596-11ee-8a50-bb14de238602/sabeechen-hassio-google-drive-backup/junit/test-results.xml'\n[34b5ff0b-527b-4c0d-b21e-ece53a27403b/run-pytest]   \ud83d\udea7  ::warning::No files were found with the provided path: junit/test-results.xml. No artifacts will be uploaded.\n[34b5ff0b-527b-4c0d-b21e-ece53a27403b/run-pytest]   \u2705  Success - Main Upload pytest test results\n[34b5ff0b-527b-4c0d-b21e-ece53a27403b/run-pytest] \u2b50 Run Main Publish Unit Test Results\n[34b5ff0b-527b-4c0d-b21e-ece53a27403b/run-pytest]   \ud83d\udc33  docker pull image=ghcr.io/enricomi/publish-unit-test-result-action:v2.8.0 platform= username= forcePull=false\n[34b5ff0b-527b-4c0d-b21e-ece53a27403b/run-pytest]   \ud83d\udc33  docker create image=ghcr.io/enricomi/publish-unit-test-result-action:v2.8.0 platform= entrypoint=[] cmd=[]\n[34b5ff0b-527b-4c0d-b21e-ece53a27403b/run-pytest]   \ud83d\udc33  docker run image=ghcr.io/enricomi/publish-unit-test-result-action:v2.8.0 platform= entrypoint=[] cmd=[]\n[34b5ff0b-527b-4c0d-b21e-ece53a27403b/run-pytest]   | 2023-06-28 13:49:33 +0000 - publish -  INFO - Available memory to read files: 456.5 GiB\n[34b5ff0b-527b-4c0d-b21e-ece53a27403b/run-pytest]   | 2023-06-28 13:49:33 +0000 - publish - WARNING - Could not find any files for junit/**/*.xml\n[34b5ff0b-527b-4c0d-b21e-ece53a27403b/run-pytest]   | 2023-06-28 13:49:33 +0000 - publish -  INFO - Finished reading 0 files in 0.00 seconds\n[34b5ff0b-527b-4c0d-b21e-ece53a27403b/run-pytest]   | 2023-06-28 13:49:33 +0000 - publish -  INFO - Publishing neutral results for commit 80f9f14e0e1a76e32d13317ff26c460df174f169\n[34b5ff0b-527b-4c0d-b21e-ece53a27403b/run-pytest]   | 2023-06-28 13:49:34 +0000 - publish - WARNING - Request POST /repos/sabeechen/hassio-google-drive-backup/check-runs failed: Forbidden\n[34b5ff0b-527b-4c0d-b21e-ece53a27403b/run-pytest]   | 2023-06-28 13:49:34 +0000 - publish - WARNING - Request POST /repos/sabeechen/hassio-google-drive-backup/check-runs failed with 403: Forbidden\n[34b5ff0b-527b-4c0d-b21e-ece53a27403b/run-pytest]   | 2023-06-28 13:49:34 +0000 - publish -  INFO - There is no Retry-After given in the response header\n[34b5ff0b-527b-4c0d-b21e-ece53a27403b/run-pytest]   | 2023-06-28 13:49:34 +0000 - publish -  INFO - Response message does not indicate retry-able error\n[34b5ff0b-527b-4c0d-b21e-ece53a27403b/run-pytest]   \ud83d\udea7  ::warning::Could not find any files for junit/**/*.xml\n[34b5ff0b-527b-4c0d-b21e-ece53a27403b/run-pytest]   \ud83d\udea7  ::warning::Request POST /repos/sabeechen/hassio-google-drive-backup/check-runs failed with 403: Forbidden\n[34b5ff0b-527b-4c0d-b21e-ece53a27403b/run-pytest]   | Traceback (most recent call last):\n[34b5ff0b-527b-4c0d-b21e-ece53a27403b/run-pytest]   |   File \"/action/publish_test_results.py\", line 548, in <module>\n[34b5ff0b-527b-4c0d-b21e-ece53a27403b/run-pytest]   |     main(settings, gha)\n[34b5ff0b-527b-4c0d-b21e-ece53a27403b/run-pytest]   |   File \"/action/publish_test_results.py\", line 255, in main\n[34b5ff0b-527b-4c0d-b21e-ece53a27403b/run-pytest]   |     Publisher(settings, gh, gha).publish(stats, results.case_results, conclusion)\n[34b5ff0b-527b-4c0d-b21e-ece53a27403b/run-pytest]   |   File \"/action/publish/publisher.py\", line 211, in publish\n[34b5ff0b-527b-4c0d-b21e-ece53a27403b/run-pytest]   |     check_run, before_check_run = self.publish_check(stats, cases, conclusion)\n[34b5ff0b-527b-4c0d-b21e-ece53a27403b/run-pytest]   |   File \"/action/publish/publisher.py\", line 421, in publish_check\n[34b5ff0b-527b-4c0d-b21e-ece53a27403b/run-pytest]   |     check_run = self._repo.create_check_run(name=self._settings.check_name,\n[34b5ff0b-527b-4c0d-b21e-ece53a27403b/run-pytest]   |   File \"/usr/local/lib/python3.8/site-packages/github/Repository.py\", line 3745, in create_check_run\n[34b5ff0b-527b-4c0d-b21e-ece53a27403b/run-pytest]   |     headers, data = self._requester.requestJsonAndCheck(\n[34b5ff0b-527b-4c0d-b21e-ece53a27403b/run-pytest]   |   File \"/usr/local/lib/python3.8/site-packages/github/Requester.py\", line 399, in requestJsonAndCheck\n[34b5ff0b-527b-4c0d-b21e-ece53a27403b/run-pytest]   |     *self.requestJson(\n[34b5ff0b-527b-4c0d-b21e-ece53a27403b/run-pytest]   |   File \"/usr/local/lib/python3.8/site-packages/github/Requester.py\", line 499, in requestJson\n[34b5ff0b-527b-4c0d-b21e-ece53a27403b/run-pytest]   |     return self.__requestEncode(cnx, verb, url, parameters, headers, input, encode)\n[34b5ff0b-527b-4c0d-b21e-ece53a27403b/run-pytest]   |   File \"/usr/local/lib/python3.8/site-packages/github/Requester.py\", line 573, in __requestEncode\n[34b5ff0b-527b-4c0d-b21e-ece53a27403b/run-pytest]   |     status, responseHeaders, output = self.__requestRaw(\n[34b5ff0b-527b-4c0d-b21e-ece53a27403b/run-pytest]   |   File \"/action/publish_test_results.py\", line 283, in throttled_gh_request_raw\n[34b5ff0b-527b-4c0d-b21e-ece53a27403b/run-pytest]   |     return gh_request_raw(cnx, verb, url, requestHeaders, input)\n[34b5ff0b-527b-4c0d-b21e-ece53a27403b/run-pytest]   |   File \"/usr/local/lib/python3.8/site-packages/github/Requester.py\", line 600, in __requestRaw\n[34b5ff0b-527b-4c0d-b21e-ece53a27403b/run-pytest]   |     response = cnx.getresponse()\n[34b5ff0b-527b-4c0d-b21e-ece53a27403b/run-pytest]   |   File \"/usr/local/lib/python3.8/site-packages/github/Requester.py\", line 131, in getresponse\n[34b5ff0b-527b-4c0d-b21e-ece53a27403b/run-pytest]   |     r = verb(\n[34b5ff0b-527b-4c0d-b21e-ece53a27403b/run-pytest]   |   File \"/usr/local/lib/python3.8/site-packages/requests/sessions.py\", line 637, in post\n[34b5ff0b-527b-4c0d-b21e-ece53a27403b/run-pytest]   |     return self.request(\"POST\", url, data=data, json=json, **kwargs)\n[34b5ff0b-527b-4c0d-b21e-ece53a27403b/run-pytest]   |   File \"/usr/local/lib/python3.8/site-packages/requests/sessions.py\", line 589, in request\n[34b5ff0b-527b-4c0d-b21e-ece53a27403b/run-pytest]   |     resp = self.send(prep, **send_kwargs)\n[34b5ff0b-527b-4c0d-b21e-ece53a27403b/run-pytest]   |   File \"/usr/local/lib/python3.8/site-packages/requests/sessions.py\", line 703, in send\n[34b5ff0b-527b-4c0d-b21e-ece53a27403b/run-pytest]   |     r = adapter.send(request, **kwargs)\n[34b5ff0b-527b-4c0d-b21e-ece53a27403b/run-pytest]   |   File \"/usr/local/lib/python3.8/site-packages/requests/adapters.py\", line 486, in send\n[34b5ff0b-527b-4c0d-b21e-ece53a27403b/run-pytest]   |     resp = conn.urlopen(\n[34b5ff0b-527b-4c0d-b21e-ece53a27403b/run-pytest]   |   File \"/usr/local/lib/python3.8/site-packages/urllib3/connectionpool.py\", line 879, in urlopen\n[34b5ff0b-527b-4c0d-b21e-ece53a27403b/run-pytest]   |     retries = retries.increment(method, url, response=response, _pool=self)\n[34b5ff0b-527b-4c0d-b21e-ece53a27403b/run-pytest]   |   File \"/action/publish/retry.py\", line 101, in increment\n[34b5ff0b-527b-4c0d-b21e-ece53a27403b/run-pytest]   |     raise GithubException(response.status, content, response.headers)\n[34b5ff0b-527b-4c0d-b21e-ece53a27403b/run-pytest]   | github.GithubException.GithubException: 403 {\"message\": \"Resource not accessible by personal access token\", \"documentation_url\": \"https://docs.github.com/rest/reference/checks#create-a-check-run\"}\n[34b5ff0b-527b-4c0d-b21e-ece53a27403b/run-pytest]   \u274c  Failure - Main Publish Unit Test Results\n[34b5ff0b-527b-4c0d-b21e-ece53a27403b/run-pytest] exit with `FAILURE`: 1\n[34b5ff0b-527b-4c0d-b21e-ece53a27403b/run-pytest] \ud83c\udfc1  Job failed\n",
        "stderr": "Error: Job 'run-pytest' failed\n",
        "workflow": "/tmp/ad9c0f7e-1596-11ee-8a50-bb14de238602/sabeechen-hassio-google-drive-backup/.github/workflows/pytest-crawler.yml",
        "build_tool": "pytest",
        "elapsed_time": 240.3441400527954
    }
}