{
    "repository": "snok/django-guid",
    "stars": 355,
    "language": "python",
    "size": 31993,
    "clone_url": "https://github.com/snok/django-guid.git",
    "timestamp": "2023-06-28T14:43:30.581151Z",
    "clone_success": true,
    "number_of_actions": 2,
    "number_of_test_actions": 1,
    "actions_successful": false,
    "actions_build_tools": [
        "unknown",
        "pytest"
    ],
    "actions_test_build_tools": [
        "pytest"
    ],
    "actions_run": {
        "failed": true,
        "tests": [],
        "stdout": "[9bb7b370-ce44-4328-8a4d-d3580cda04d2/linting] \ud83d\ude80  Start image=crawlergpt:latest\n[9bb7b370-ce44-4328-8a4d-d3580cda04d2/test   ] \ud83d\ude80  Start image=crawlergpt:latest\n[9bb7b370-ce44-4328-8a4d-d3580cda04d2/linting]   \ud83d\udc33  docker pull image=crawlergpt:latest platform= username= forcePull=false\n[9bb7b370-ce44-4328-8a4d-d3580cda04d2/test   ]   \ud83d\udc33  docker pull image=crawlergpt:latest platform= username= forcePull=false\n[9bb7b370-ce44-4328-8a4d-d3580cda04d2/linting]   \ud83d\udc33  docker create image=crawlergpt:latest platform= entrypoint=[\"tail\" \"-f\" \"/dev/null\"] cmd=[]\n[9bb7b370-ce44-4328-8a4d-d3580cda04d2/test   ]   \ud83d\udc33  docker create image=crawlergpt:latest platform= entrypoint=[\"tail\" \"-f\" \"/dev/null\"] cmd=[]\n[9bb7b370-ce44-4328-8a4d-d3580cda04d2/test   ]   \ud83d\udc33  docker run image=crawlergpt:latest platform= entrypoint=[\"tail\" \"-f\" \"/dev/null\"] cmd=[]\n[9bb7b370-ce44-4328-8a4d-d3580cda04d2/linting]   \ud83d\udc33  docker run image=crawlergpt:latest platform= entrypoint=[\"tail\" \"-f\" \"/dev/null\"] cmd=[]\n[9bb7b370-ce44-4328-8a4d-d3580cda04d2/test   ]   \ud83d\udc33  docker exec cmd=[chown -R 1012:1013 /tmp/ad9c0f7e-1596-11ee-8a50-bb14de238602/snok-django-guid] user=0 workdir=\n[9bb7b370-ce44-4328-8a4d-d3580cda04d2/linting]   \ud83d\udc33  docker exec cmd=[chown -R 1012:1013 /tmp/ad9c0f7e-1596-11ee-8a50-bb14de238602/snok-django-guid] user=0 workdir=\n[9bb7b370-ce44-4328-8a4d-d3580cda04d2/linting]   \u2601  git clone 'https://github.com/actions/setup-python' # ref=v4\n[9bb7b370-ce44-4328-8a4d-d3580cda04d2/test   ]   \u2601  git clone 'https://github.com/actions/setup-python' # ref=v4\n[9bb7b370-ce44-4328-8a4d-d3580cda04d2/linting]   \u2601  git clone 'https://github.com/actions/cache' # ref=v3\n[9bb7b370-ce44-4328-8a4d-d3580cda04d2/test   ]   \u2601  git clone 'https://github.com/actions/cache' # ref=v3\n[9bb7b370-ce44-4328-8a4d-d3580cda04d2/linting] \u2b50 Run Main actions/checkout@v3\n[9bb7b370-ce44-4328-8a4d-d3580cda04d2/linting]   \u2705  Success - Main actions/checkout@v3\n[9bb7b370-ce44-4328-8a4d-d3580cda04d2/linting] \u2b50 Run Main actions/setup-python@v4\n[9bb7b370-ce44-4328-8a4d-d3580cda04d2/linting]   \ud83d\udc33  docker cp src=/tmp/act-cache/05751f50-199a-4c65-a185-e59d54dfcbaf/act/actions-setup-python@v4/ dst=/var/run/act/actions/actions-setup-python@v4/\n[9bb7b370-ce44-4328-8a4d-d3580cda04d2/test   ]   \u2601  git clone 'https://github.com/snok/install-poetry' # ref=v1\n[9bb7b370-ce44-4328-8a4d-d3580cda04d2/linting]   \ud83d\udc33  docker exec cmd=[chown -R 1012:1013 /var/run/act/actions/actions-setup-python@v4/] user=0 workdir=\n[9bb7b370-ce44-4328-8a4d-d3580cda04d2/linting]   \ud83d\udc33  docker exec cmd=[node /var/run/act/actions/actions-setup-python@v4/dist/setup/index.js] user= workdir=\n[9bb7b370-ce44-4328-8a4d-d3580cda04d2/linting]   \ud83d\udcac  ::debug::Python is expected to be installed into /opt/hostedtoolcache\n[9bb7b370-ce44-4328-8a4d-d3580cda04d2/linting]   \u2753  ::group::Installed versions\n[9bb7b370-ce44-4328-8a4d-d3580cda04d2/linting]   \ud83d\udcac  ::debug::Semantic version spec of 3.11.0 is 3.11.0\n[9bb7b370-ce44-4328-8a4d-d3580cda04d2/linting]   \ud83d\udcac  ::debug::isExplicit: 3.11.0\n[9bb7b370-ce44-4328-8a4d-d3580cda04d2/linting]   \ud83d\udcac  ::debug::explicit? true\n[9bb7b370-ce44-4328-8a4d-d3580cda04d2/linting]   \ud83d\udcac  ::debug::checking cache: /opt/hostedtoolcache/Python/3.11.0/x64\n[9bb7b370-ce44-4328-8a4d-d3580cda04d2/linting]   \ud83d\udcac  ::debug::not found\n[9bb7b370-ce44-4328-8a4d-d3580cda04d2/linting]   | Version 3.11.0 was not found in the local cache\n[9bb7b370-ce44-4328-8a4d-d3580cda04d2/linting]   \ud83d\udcac  ::debug::Getting manifest from actions/python-versions@main\n[9bb7b370-ce44-4328-8a4d-d3580cda04d2/linting]   \ud83d\udcac  ::debug::set auth\n[9bb7b370-ce44-4328-8a4d-d3580cda04d2/test   ] \u2b50 Run Pre snok/install-poetry@v1\n[9bb7b370-ce44-4328-8a4d-d3580cda04d2/test   ]   \u2705  Success - Pre snok/install-poetry@v1\n[9bb7b370-ce44-4328-8a4d-d3580cda04d2/test   ]   \u2601  git clone 'https://github.com/actions/cache' # ref=v3\n[9bb7b370-ce44-4328-8a4d-d3580cda04d2/linting]   \ud83d\udcac  ::debug::check 3.12.0-beta.3 satisfies 3.11.0\n[9bb7b370-ce44-4328-8a4d-d3580cda04d2/linting]   \ud83d\udcac  ::debug::check 3.12.0-beta.2 satisfies 3.11.0\n[9bb7b370-ce44-4328-8a4d-d3580cda04d2/linting]   \ud83d\udcac  ::debug::check 3.12.0-beta.1 satisfies 3.11.0\n[9bb7b370-ce44-4328-8a4d-d3580cda04d2/linting]   \ud83d\udcac  ::debug::check 3.12.0-alpha.7 satisfies 3.11.0\n[9bb7b370-ce44-4328-8a4d-d3580cda04d2/linting]   \ud83d\udcac  ::debug::check 3.12.0-alpha.6 satisfies 3.11.0\n[9bb7b370-ce44-4328-8a4d-d3580cda04d2/linting]   \ud83d\udcac  ::debug::check 3.12.0-alpha.5 satisfies 3.11.0\n[9bb7b370-ce44-4328-8a4d-d3580cda04d2/linting]   \ud83d\udcac  ::debug::check 3.12.0-alpha.4 satisfies 3.11.0\n[9bb7b370-ce44-4328-8a4d-d3580cda04d2/linting]   \ud83d\udcac  ::debug::check 3.12.0-alpha.3 satisfies 3.11.0\n[9bb7b370-ce44-4328-8a4d-d3580cda04d2/linting]   \ud83d\udcac  ::debug::check 3.12.0-alpha.2 satisfies 3.11.0\n[9bb7b370-ce44-4328-8a4d-d3580cda04d2/linting]   \ud83d\udcac  ::debug::check 3.12.0-alpha.1 satisfies 3.11.0\n[9bb7b370-ce44-4328-8a4d-d3580cda04d2/linting]   \ud83d\udcac  ::debug::check 3.11.4 satisfies 3.11.0\n[9bb7b370-ce44-4328-8a4d-d3580cda04d2/linting]   \ud83d\udcac  ::debug::check 3.11.3 satisfies 3.11.0\n[9bb7b370-ce44-4328-8a4d-d3580cda04d2/linting]   \ud83d\udcac  ::debug::check 3.11.2 satisfies 3.11.0\n[9bb7b370-ce44-4328-8a4d-d3580cda04d2/linting]   \ud83d\udcac  ::debug::check 3.11.1 satisfies 3.11.0\n[9bb7b370-ce44-4328-8a4d-d3580cda04d2/linting]   \ud83d\udcac  ::debug::check 3.11.0 satisfies 3.11.0\n[9bb7b370-ce44-4328-8a4d-d3580cda04d2/linting]   \ud83d\udcac  ::debug::x64===x64 && darwin===linux\n[9bb7b370-ce44-4328-8a4d-d3580cda04d2/linting]   \ud83d\udcac  ::debug::x64===x64 && linux===linux\n[9bb7b370-ce44-4328-8a4d-d3580cda04d2/linting]   \ud83d\udcac  ::debug::x64===x64 && linux===linux\n[9bb7b370-ce44-4328-8a4d-d3580cda04d2/linting]   \ud83d\udcac  ::debug::matched 3.11.0\n[9bb7b370-ce44-4328-8a4d-d3580cda04d2/linting]   | Version 3.11.0 is available for downloading\n[9bb7b370-ce44-4328-8a4d-d3580cda04d2/linting]   | Download from \"https://github.com/actions/python-versions/releases/download/3.11.0-3730290910/python-3.11.0-linux-20.04-x64.tar.gz\"\n[9bb7b370-ce44-4328-8a4d-d3580cda04d2/linting]   \ud83d\udcac  ::debug::Downloading https://github.com/actions/python-versions/releases/download/3.11.0-3730290910/python-3.11.0-linux-20.04-x64.tar.gz\n[9bb7b370-ce44-4328-8a4d-d3580cda04d2/linting]   \ud83d\udcac  ::debug::Destination /tmp/693ed25c-b53e-43fb-ba5c-88aeb05480ab\n[9bb7b370-ce44-4328-8a4d-d3580cda04d2/linting]   \ud83d\udcac  ::debug::set auth\n[9bb7b370-ce44-4328-8a4d-d3580cda04d2/test   ]   \u2601  git clone 'https://github.com/codecov/codecov-action' # ref=v2\n[9bb7b370-ce44-4328-8a4d-d3580cda04d2/linting]   \ud83d\udcac  ::debug::download complete\n[9bb7b370-ce44-4328-8a4d-d3580cda04d2/linting]   | Extract downloaded archive\n[9bb7b370-ce44-4328-8a4d-d3580cda04d2/linting]   \ud83d\udcac  ::debug::Checking tar --version\n[9bb7b370-ce44-4328-8a4d-d3580cda04d2/linting]   \ud83d\udcac  ::debug::tar (GNU tar) 1.30%0ACopyright (C) 2017 Free Software Foundation, Inc.%0ALicense GPLv3+: GNU GPL version 3 or later <https://gnu.org/licenses/gpl.html>.%0AThis is free software: you are free to change and redistribute it.%0AThere is NO WARRANTY, to the extent permitted by law.%0A%0AWritten by John Gilmore and Jay Fenlason.\n[9bb7b370-ce44-4328-8a4d-d3580cda04d2/linting]   | [command]/usr/bin/tar xz --warning=no-unknown-keyword -C /tmp/40c7d87c-41ee-4aae-bea5-cedf9b1f2c96 -f /tmp/693ed25c-b53e-43fb-ba5c-88aeb05480ab\n[9bb7b370-ce44-4328-8a4d-d3580cda04d2/linting]   | Execute installation script\n[9bb7b370-ce44-4328-8a4d-d3580cda04d2/linting]   | Check if Python hostedtoolcache folder exist...\n[9bb7b370-ce44-4328-8a4d-d3580cda04d2/linting]   | Create Python 3.11.0 folder\n[9bb7b370-ce44-4328-8a4d-d3580cda04d2/linting]   | Copy Python binaries to hostedtoolcache folder\n[9bb7b370-ce44-4328-8a4d-d3580cda04d2/linting]   | Create additional symlinks (Required for the UsePythonVersion Azure Pipelines task and the setup-python GitHub Action)\n[9bb7b370-ce44-4328-8a4d-d3580cda04d2/linting]   | Upgrading pip...\n[9bb7b370-ce44-4328-8a4d-d3580cda04d2/linting]   | Looking in links: /tmp/tmpqyrg673m\n[9bb7b370-ce44-4328-8a4d-d3580cda04d2/linting]   | Requirement already satisfied: setuptools in /opt/hostedtoolcache/Python/3.11.0/x64/lib/python3.11/site-packages (65.5.0)\n[9bb7b370-ce44-4328-8a4d-d3580cda04d2/linting]   | Requirement already satisfied: pip in /opt/hostedtoolcache/Python/3.11.0/x64/lib/python3.11/site-packages (22.3)\n[9bb7b370-ce44-4328-8a4d-d3580cda04d2/linting]   | Collecting pip\n[9bb7b370-ce44-4328-8a4d-d3580cda04d2/linting]   | Downloading pip-23.1.2-py3-none-any.whl (2.1 MB)\n[9bb7b370-ce44-4328-8a4d-d3580cda04d2/linting]   | \u2501\u2501\u2501\u2501\u2501\u2501\u2501\u2501\u2501\u2501\u2501\u2501\u2501\u2501\u2501\u2501\u2501\u2501\u2501\u2501\u2501\u2501\u2501\u2501\u2501\u2501\u2501\u2501\u2501\u2501\u2501\u2501\u2501\u2501\u2501\u2501\u2501\u2501\u2501\u2501 2.1/2.1 MB 25.4 MB/s eta 0:00:00\n[9bb7b370-ce44-4328-8a4d-d3580cda04d2/linting]   | \n[9bb7b370-ce44-4328-8a4d-d3580cda04d2/linting]   | Installing collected packages: pip\n[9bb7b370-ce44-4328-8a4d-d3580cda04d2/linting]   | Successfully installed pip-22.3\n[9bb7b370-ce44-4328-8a4d-d3580cda04d2/linting]   | Create complete file\n[9bb7b370-ce44-4328-8a4d-d3580cda04d2/linting]   \ud83d\udcac  ::debug::isExplicit: 3.11.0\n[9bb7b370-ce44-4328-8a4d-d3580cda04d2/linting]   \ud83d\udcac  ::debug::explicit? true\n[9bb7b370-ce44-4328-8a4d-d3580cda04d2/linting]   \ud83d\udcac  ::debug::checking cache: /opt/hostedtoolcache/Python/3.11.0/x64\n[9bb7b370-ce44-4328-8a4d-d3580cda04d2/linting]   \ud83d\udcac  ::debug::Found tool in cache Python 3.11.0 x64\n[9bb7b370-ce44-4328-8a4d-d3580cda04d2/linting]   | Successfully set up CPython (3.11.0)\n[9bb7b370-ce44-4328-8a4d-d3580cda04d2/linting]   \u2753  ::endgroup::\n[9bb7b370-ce44-4328-8a4d-d3580cda04d2/linting]   \u2753 add-matcher /run/act/actions/actions-setup-python@v4/.github/python.json\n[9bb7b370-ce44-4328-8a4d-d3580cda04d2/linting]   \u2705  Success - Main actions/setup-python@v4\n[9bb7b370-ce44-4328-8a4d-d3580cda04d2/linting]   \u2699  ::set-env:: Python3_ROOT_DIR=/opt/hostedtoolcache/Python/3.11.0/x64\n[9bb7b370-ce44-4328-8a4d-d3580cda04d2/linting]   \u2699  ::set-env:: LD_LIBRARY_PATH=/opt/hostedtoolcache/Python/3.11.0/x64/lib\n[9bb7b370-ce44-4328-8a4d-d3580cda04d2/linting]   \u2699  ::set-env:: pythonLocation=/opt/hostedtoolcache/Python/3.11.0/x64\n[9bb7b370-ce44-4328-8a4d-d3580cda04d2/linting]   \u2699  ::set-env:: PKG_CONFIG_PATH=/opt/hostedtoolcache/Python/3.11.0/x64/lib/pkgconfig\n[9bb7b370-ce44-4328-8a4d-d3580cda04d2/linting]   \u2699  ::set-env:: Python_ROOT_DIR=/opt/hostedtoolcache/Python/3.11.0/x64\n[9bb7b370-ce44-4328-8a4d-d3580cda04d2/linting]   \u2699  ::set-env:: Python2_ROOT_DIR=/opt/hostedtoolcache/Python/3.11.0/x64\n[9bb7b370-ce44-4328-8a4d-d3580cda04d2/linting]   \u2699  ::set-output:: python-version=3.11.0\n[9bb7b370-ce44-4328-8a4d-d3580cda04d2/linting]   \u2699  ::set-output:: python-path=/opt/hostedtoolcache/Python/3.11.0/x64/bin/python\n[9bb7b370-ce44-4328-8a4d-d3580cda04d2/linting]   \u2699  ::add-path:: /opt/hostedtoolcache/Python/3.11.0/x64\n[9bb7b370-ce44-4328-8a4d-d3580cda04d2/linting]   \u2699  ::add-path:: /opt/hostedtoolcache/Python/3.11.0/x64/bin\n[9bb7b370-ce44-4328-8a4d-d3580cda04d2/linting] \u2b50 Run Main pip install pre-commit\n[9bb7b370-ce44-4328-8a4d-d3580cda04d2/linting]   \ud83d\udc33  docker exec cmd=[bash --noprofile --norc -e -o pipefail /var/run/act/workflow/2] user= workdir=\n[9bb7b370-ce44-4328-8a4d-d3580cda04d2/linting]   | Collecting pre-commit\n[9bb7b370-ce44-4328-8a4d-d3580cda04d2/linting]   |   Downloading pre_commit-3.3.3-py2.py3-none-any.whl (202 kB)\n[9bb7b370-ce44-4328-8a4d-d3580cda04d2/linting]   |      \u2501\u2501\u2501\u2501\u2501\u2501\u2501\u2501\u2501\u2501\u2501\u2501\u2501\u2501\u2501\u2501\u2501\u2501\u2501\u2501\u2501\u2501\u2501\u2501\u2501\u2501\u2501\u2501\u2501\u2501\u2501\u2501\u2501\u2501\u2501\u2501\u2501\u2501\u2501 202.8/202.8 kB 3.6 MB/s eta 0:00:00\n[9bb7b370-ce44-4328-8a4d-d3580cda04d2/linting]   | Collecting cfgv>=2.0.0 (from pre-commit)\n[9bb7b370-ce44-4328-8a4d-d3580cda04d2/linting]   |   Downloading cfgv-3.3.1-py2.py3-none-any.whl (7.3 kB)\n[9bb7b370-ce44-4328-8a4d-d3580cda04d2/linting]   | Collecting identify>=1.0.0 (from pre-commit)\n[9bb7b370-ce44-4328-8a4d-d3580cda04d2/linting]   |   Downloading identify-2.5.24-py2.py3-none-any.whl (98 kB)\n[9bb7b370-ce44-4328-8a4d-d3580cda04d2/linting]   |      \u2501\u2501\u2501\u2501\u2501\u2501\u2501\u2501\u2501\u2501\u2501\u2501\u2501\u2501\u2501\u2501\u2501\u2501\u2501\u2501\u2501\u2501\u2501\u2501\u2501\u2501\u2501\u2501\u2501\u2501\u2501\u2501\u2501\u2501\u2501\u2501\u2501\u2501\u2501\u2501 98.8/98.8 kB 3.0 MB/s eta 0:00:00\n[9bb7b370-ce44-4328-8a4d-d3580cda04d2/linting]   | Collecting nodeenv>=0.11.1 (from pre-commit)\n[9bb7b370-ce44-4328-8a4d-d3580cda04d2/linting]   |   Downloading nodeenv-1.8.0-py2.py3-none-any.whl (22 kB)\n[9bb7b370-ce44-4328-8a4d-d3580cda04d2/linting]   | Collecting pyyaml>=5.1 (from pre-commit)\n[9bb7b370-ce44-4328-8a4d-d3580cda04d2/linting]   |   Downloading PyYAML-6.0-cp311-cp311-manylinux_2_17_x86_64.manylinux2014_x86_64.whl (757 kB)\n[9bb7b370-ce44-4328-8a4d-d3580cda04d2/linting]   |      \u2501\u2501\u2501\u2501\u2501\u2501\u2501\u2501\u2501\u2501\u2501\u2501\u2501\u2501\u2501\u2501\u2501\u2501\u2501\u2501\u2501\u2501\u2501\u2501\u2501\u2501\u2501\u2501\u2501\u2501\u2501\u2501\u2501\u2501\u2501\u2501\u2501\u2501 757.9/757.9 kB 19.8 MB/s eta 0:00:00\n[9bb7b370-ce44-4328-8a4d-d3580cda04d2/linting]   | Collecting virtualenv>=20.10.0 (from pre-commit)\n[9bb7b370-ce44-4328-8a4d-d3580cda04d2/linting]   |   Downloading virtualenv-20.23.1-py3-none-any.whl (3.3 MB)\n[9bb7b370-ce44-4328-8a4d-d3580cda04d2/linting]   |      \u2501\u2501\u2501\u2501\u2501\u2501\u2501\u2501\u2501\u2501\u2501\u2501\u2501\u2501\u2501\u2501\u2501\u2501\u2501\u2501\u2501\u2501\u2501\u2501\u2501\u2501\u2501\u2501\u2501\u2501\u2501\u2501\u2501\u2501\u2501\u2501\u2501\u2501\u2501\u2501 3.3/3.3 MB 19.8 MB/s eta 0:00:00\n[9bb7b370-ce44-4328-8a4d-d3580cda04d2/linting]   | Requirement already satisfied: setuptools in /opt/hostedtoolcache/Python/3.11.0/x64/lib/python3.11/site-packages (from nodeenv>=0.11.1->pre-commit) (65.5.0)\n[9bb7b370-ce44-4328-8a4d-d3580cda04d2/linting]   | Collecting distlib<1,>=0.3.6 (from virtualenv>=20.10.0->pre-commit)\n[9bb7b370-ce44-4328-8a4d-d3580cda04d2/linting]   |   Downloading distlib-0.3.6-py2.py3-none-any.whl (468 kB)\n[9bb7b370-ce44-4328-8a4d-d3580cda04d2/linting]   |      \u2501\u2501\u2501\u2501\u2501\u2501\u2501\u2501\u2501\u2501\u2501\u2501\u2501\u2501\u2501\u2501\u2501\u2501\u2501\u2501\u2501\u2501\u2501\u2501\u2501\u2501\u2501\u2501\u2501\u2501\u2501\u2501\u2501\u2501\u2501\u2501\u2501\u2501 468.5/468.5 kB 11.6 MB/s eta 0:00:00\n[9bb7b370-ce44-4328-8a4d-d3580cda04d2/linting]   | Collecting filelock<4,>=3.12 (from virtualenv>=20.10.0->pre-commit)\n[9bb7b370-ce44-4328-8a4d-d3580cda04d2/linting]   |   Downloading filelock-3.12.2-py3-none-any.whl (10 kB)\n[9bb7b370-ce44-4328-8a4d-d3580cda04d2/linting]   | Collecting platformdirs<4,>=3.5.1 (from virtualenv>=20.10.0->pre-commit)\n[9bb7b370-ce44-4328-8a4d-d3580cda04d2/linting]   |   Downloading platformdirs-3.8.0-py3-none-any.whl (16 kB)\n[9bb7b370-ce44-4328-8a4d-d3580cda04d2/linting]   | Installing collected packages: distlib, pyyaml, platformdirs, nodeenv, identify, filelock, cfgv, virtualenv, pre-commit\n[9bb7b370-ce44-4328-8a4d-d3580cda04d2/linting]   | Successfully installed cfgv-3.3.1 distlib-0.3.6 filelock-3.12.2 identify-2.5.24 nodeenv-1.8.0 platformdirs-3.8.0 pre-commit-3.3.3 pyyaml-6.0 virtualenv-20.23.1\n[9bb7b370-ce44-4328-8a4d-d3580cda04d2/linting]   | \n[9bb7b370-ce44-4328-8a4d-d3580cda04d2/linting]   | [notice] A new release of pip is available: 22.3 -> 23.1.2\n[9bb7b370-ce44-4328-8a4d-d3580cda04d2/linting]   | [notice] To update, run: pip install --upgrade pip\n[9bb7b370-ce44-4328-8a4d-d3580cda04d2/linting]   \u2705  Success - Main pip install pre-commit\n[9bb7b370-ce44-4328-8a4d-d3580cda04d2/linting] \u2b50 Run Main actions/cache@v3\n[9bb7b370-ce44-4328-8a4d-d3580cda04d2/linting]   \ud83d\udc33  docker cp src=/tmp/act-cache/05751f50-199a-4c65-a185-e59d54dfcbaf/act/actions-cache@v3/ dst=/var/run/act/actions/actions-cache@v3/\n[9bb7b370-ce44-4328-8a4d-d3580cda04d2/linting]   \ud83d\udc33  docker exec cmd=[chown -R 1012:1013 /var/run/act/actions/actions-cache@v3/] user=0 workdir=\n[9bb7b370-ce44-4328-8a4d-d3580cda04d2/linting]   \ud83d\udc33  docker exec cmd=[node /var/run/act/actions/actions-cache@v3/dist/restore/index.js] user= workdir=\n[9bb7b370-ce44-4328-8a4d-d3580cda04d2/linting]   \ud83d\udcac  ::debug::Resolved Keys:\n[9bb7b370-ce44-4328-8a4d-d3580cda04d2/linting]   \ud83d\udcac  ::debug::[\"key-0\"]\n[9bb7b370-ce44-4328-8a4d-d3580cda04d2/linting]   \ud83d\udcac  ::debug::Checking zstd --quiet --version\n[9bb7b370-ce44-4328-8a4d-d3580cda04d2/linting]   \ud83d\udcac  ::debug::1.5.0\n[9bb7b370-ce44-4328-8a4d-d3580cda04d2/linting]   \ud83d\udcac  ::debug::zstd version: 1.5.0\n[9bb7b370-ce44-4328-8a4d-d3580cda04d2/linting]   \ud83d\udcac  ::debug::Resource Url: http://130.242.72.40:39079/_apis/artifactcache/cache?keys=key-0&version=356db49e6bae2290b5c998bce2b5407d52ba33e30aa3d911773d957b563a16ad\n[9bb7b370-ce44-4328-8a4d-d3580cda04d2/linting]   \ud83d\udcac  ::debug::Failed to delete archive: Error: ENOENT: no such file or directory, unlink ''\n[9bb7b370-ce44-4328-8a4d-d3580cda04d2/linting]   | Cache not found for input keys: key-0\n[9bb7b370-ce44-4328-8a4d-d3580cda04d2/linting]   \u2705  Success - Main actions/cache@v3\n[9bb7b370-ce44-4328-8a4d-d3580cda04d2/linting] \u2b50 Run Main pre-commit run --all-files\n[9bb7b370-ce44-4328-8a4d-d3580cda04d2/linting]   \ud83d\udc33  docker exec cmd=[bash --noprofile --norc -e -o pipefail /var/run/act/workflow/4] user= workdir=\n[9bb7b370-ce44-4328-8a4d-d3580cda04d2/linting]   | [INFO] Initializing environment for https://github.com/ambv/black.\n[9bb7b370-ce44-4328-8a4d-d3580cda04d2/test   ] \ud83e\uddea  Matrix: map[django-version:3.2 python-version:3.7.15]\n[9bb7b370-ce44-4328-8a4d-d3580cda04d2/test   ] \u2b50 Run Main actions/checkout@v3\n[9bb7b370-ce44-4328-8a4d-d3580cda04d2/test   ]   \u2705  Success - Main actions/checkout@v3\n[9bb7b370-ce44-4328-8a4d-d3580cda04d2/linting]   | [INFO] Initializing environment for https://github.com/pre-commit/pre-commit-hooks.\n[9bb7b370-ce44-4328-8a4d-d3580cda04d2/test   ] \u2b50 Run Main actions/setup-python@v4\n[9bb7b370-ce44-4328-8a4d-d3580cda04d2/test   ]   \ud83d\udc33  docker cp src=/tmp/act-cache/05751f50-199a-4c65-a185-e59d54dfcbaf/act/actions-setup-python@v4/ dst=/var/run/act/actions/actions-setup-python@v4/\n[9bb7b370-ce44-4328-8a4d-d3580cda04d2/test   ]   \ud83d\udc33  docker exec cmd=[chown -R 1012:1013 /var/run/act/actions/actions-setup-python@v4/] user=0 workdir=\n[9bb7b370-ce44-4328-8a4d-d3580cda04d2/linting]   | [INFO] Initializing environment for https://github.com/pycqa/flake8.\n[9bb7b370-ce44-4328-8a4d-d3580cda04d2/linting]   | [INFO] Initializing environment for https://github.com/pycqa/flake8:flake8-bugbear,flake8-comprehensions,flake8-deprecated,flake8-use-fstring,flake8-print,flake8-docstrings,flake8-type-checking,flake8-annotations.\n[9bb7b370-ce44-4328-8a4d-d3580cda04d2/linting]   | [INFO] Initializing environment for https://github.com/asottile/pyupgrade.\n[9bb7b370-ce44-4328-8a4d-d3580cda04d2/test   ]   \ud83d\udc33  docker exec cmd=[node /var/run/act/actions/actions-setup-python@v4/dist/setup/index.js] user= workdir=\n[9bb7b370-ce44-4328-8a4d-d3580cda04d2/linting]   | [INFO] Initializing environment for https://github.com/pycqa/isort.\n[9bb7b370-ce44-4328-8a4d-d3580cda04d2/test   ]   \ud83d\udcac  ::debug::Python is expected to be installed into /opt/hostedtoolcache\n[9bb7b370-ce44-4328-8a4d-d3580cda04d2/test   ]   \u2753  ::group::Installed versions\n[9bb7b370-ce44-4328-8a4d-d3580cda04d2/test   ]   \ud83d\udcac  ::debug::Semantic version spec of 3.7.15 is 3.7.15\n[9bb7b370-ce44-4328-8a4d-d3580cda04d2/test   ]   \ud83d\udcac  ::debug::isExplicit: 3.7.15\n[9bb7b370-ce44-4328-8a4d-d3580cda04d2/test   ]   \ud83d\udcac  ::debug::explicit? true\n[9bb7b370-ce44-4328-8a4d-d3580cda04d2/test   ]   \ud83d\udcac  ::debug::checking cache: /opt/hostedtoolcache/Python/3.7.15/x64\n[9bb7b370-ce44-4328-8a4d-d3580cda04d2/test   ]   \ud83d\udcac  ::debug::not found\n[9bb7b370-ce44-4328-8a4d-d3580cda04d2/test   ]   | Version 3.7.15 was not found in the local cache\n[9bb7b370-ce44-4328-8a4d-d3580cda04d2/test   ]   \ud83d\udcac  ::debug::Getting manifest from actions/python-versions@main\n[9bb7b370-ce44-4328-8a4d-d3580cda04d2/test   ]   \ud83d\udcac  ::debug::set auth\n[9bb7b370-ce44-4328-8a4d-d3580cda04d2/linting]   | [INFO] Initializing environment for https://github.com/pre-commit/mirrors-mypy.\n[9bb7b370-ce44-4328-8a4d-d3580cda04d2/test   ]   \ud83d\udcac  ::debug::check 3.12.0-beta.3 satisfies 3.7.15\n[9bb7b370-ce44-4328-8a4d-d3580cda04d2/test   ]   \ud83d\udcac  ::debug::check 3.12.0-beta.2 satisfies 3.7.15\n[9bb7b370-ce44-4328-8a4d-d3580cda04d2/test   ]   \ud83d\udcac  ::debug::check 3.12.0-beta.1 satisfies 3.7.15\n[9bb7b370-ce44-4328-8a4d-d3580cda04d2/test   ]   \ud83d\udcac  ::debug::check 3.12.0-alpha.7 satisfies 3.7.15\n[9bb7b370-ce44-4328-8a4d-d3580cda04d2/test   ]   \ud83d\udcac  ::debug::check 3.12.0-alpha.6 satisfies 3.7.15\n[9bb7b370-ce44-4328-8a4d-d3580cda04d2/test   ]   \ud83d\udcac  ::debug::check 3.12.0-alpha.5 satisfies 3.7.15\n[9bb7b370-ce44-4328-8a4d-d3580cda04d2/test   ]   \ud83d\udcac  ::debug::check 3.12.0-alpha.4 satisfies 3.7.15\n[9bb7b370-ce44-4328-8a4d-d3580cda04d2/test   ]   \ud83d\udcac  ::debug::check 3.12.0-alpha.3 satisfies 3.7.15\n[9bb7b370-ce44-4328-8a4d-d3580cda04d2/test   ]   \ud83d\udcac  ::debug::check 3.12.0-alpha.2 satisfies 3.7.15\n[9bb7b370-ce44-4328-8a4d-d3580cda04d2/test   ]   \ud83d\udcac  ::debug::check 3.12.0-alpha.1 satisfies 3.7.15\n[9bb7b370-ce44-4328-8a4d-d3580cda04d2/test   ]   \ud83d\udcac  ::debug::check 3.11.4 satisfies 3.7.15\n[9bb7b370-ce44-4328-8a4d-d3580cda04d2/test   ]   \ud83d\udcac  ::debug::check 3.11.3 satisfies 3.7.15\n[9bb7b370-ce44-4328-8a4d-d3580cda04d2/test   ]   \ud83d\udcac  ::debug::check 3.11.2 satisfies 3.7.15\n[9bb7b370-ce44-4328-8a4d-d3580cda04d2/test   ]   \ud83d\udcac  ::debug::check 3.11.1 satisfies 3.7.15\n[9bb7b370-ce44-4328-8a4d-d3580cda04d2/test   ]   \ud83d\udcac  ::debug::check 3.11.0 satisfies 3.7.15\n[9bb7b370-ce44-4328-8a4d-d3580cda04d2/test   ]   \ud83d\udcac  ::debug::check 3.11.0-rc.2 satisfies 3.7.15\n[9bb7b370-ce44-4328-8a4d-d3580cda04d2/test   ]   \ud83d\udcac  ::debug::check 3.11.0-rc.1 satisfies 3.7.15\n[9bb7b370-ce44-4328-8a4d-d3580cda04d2/test   ]   \ud83d\udcac  ::debug::check 3.11.0-beta.5 satisfies 3.7.15\n[9bb7b370-ce44-4328-8a4d-d3580cda04d2/test   ]   \ud83d\udcac  ::debug::check 3.11.0-beta.4 satisfies 3.7.15\n[9bb7b370-ce44-4328-8a4d-d3580cda04d2/test   ]   \ud83d\udcac  ::debug::check 3.11.0-beta.3 satisfies 3.7.15\n[9bb7b370-ce44-4328-8a4d-d3580cda04d2/test   ]   \ud83d\udcac  ::debug::check 3.11.0-beta.2 satisfies 3.7.15\n[9bb7b370-ce44-4328-8a4d-d3580cda04d2/test   ]   \ud83d\udcac  ::debug::check 3.11.0-beta.1 satisfies 3.7.15\n[9bb7b370-ce44-4328-8a4d-d3580cda04d2/test   ]   \ud83d\udcac  ::debug::check 3.11.0-alpha.7 satisfies 3.7.15\n[9bb7b370-ce44-4328-8a4d-d3580cda04d2/test   ]   \ud83d\udcac  ::debug::check 3.11.0-alpha.6 satisfies 3.7.15\n[9bb7b370-ce44-4328-8a4d-d3580cda04d2/test   ]   \ud83d\udcac  ::debug::check 3.11.0-alpha.5 satisfies 3.7.15\n[9bb7b370-ce44-4328-8a4d-d3580cda04d2/test   ]   \ud83d\udcac  ::debug::check 3.11.0-alpha.4 satisfies 3.7.15\n[9bb7b370-ce44-4328-8a4d-d3580cda04d2/test   ]   \ud83d\udcac  ::debug::check 3.11.0-alpha.3 satisfies 3.7.15\n[9bb7b370-ce44-4328-8a4d-d3580cda04d2/test   ]   \ud83d\udcac  ::debug::check 3.11.0-alpha.2 satisfies 3.7.15\n[9bb7b370-ce44-4328-8a4d-d3580cda04d2/test   ]   \ud83d\udcac  ::debug::check 3.11.0-alpha.1 satisfies 3.7.15\n[9bb7b370-ce44-4328-8a4d-d3580cda04d2/test   ]   \ud83d\udcac  ::debug::check 3.10.12 satisfies 3.7.15\n[9bb7b370-ce44-4328-8a4d-d3580cda04d2/test   ]   \ud83d\udcac  ::debug::check 3.10.11 satisfies 3.7.15\n[9bb7b370-ce44-4328-8a4d-d3580cda04d2/test   ]   \ud83d\udcac  ::debug::check 3.10.10 satisfies 3.7.15\n[9bb7b370-ce44-4328-8a4d-d3580cda04d2/test   ]   \ud83d\udcac  ::debug::check 3.10.9 satisfies 3.7.15\n[9bb7b370-ce44-4328-8a4d-d3580cda04d2/test   ]   \ud83d\udcac  ::debug::check 3.10.8 satisfies 3.7.15\n[9bb7b370-ce44-4328-8a4d-d3580cda04d2/test   ]   \ud83d\udcac  ::debug::check 3.10.7 satisfies 3.7.15\n[9bb7b370-ce44-4328-8a4d-d3580cda04d2/test   ]   \ud83d\udcac  ::debug::check 3.10.6 satisfies 3.7.15\n[9bb7b370-ce44-4328-8a4d-d3580cda04d2/test   ]   \ud83d\udcac  ::debug::check 3.10.5 satisfies 3.7.15\n[9bb7b370-ce44-4328-8a4d-d3580cda04d2/test   ]   \ud83d\udcac  ::debug::check 3.10.4 satisfies 3.7.15\n[9bb7b370-ce44-4328-8a4d-d3580cda04d2/test   ]   \ud83d\udcac  ::debug::check 3.10.3 satisfies 3.7.15\n[9bb7b370-ce44-4328-8a4d-d3580cda04d2/test   ]   \ud83d\udcac  ::debug::check 3.10.2 satisfies 3.7.15\n[9bb7b370-ce44-4328-8a4d-d3580cda04d2/test   ]   \ud83d\udcac  ::debug::check 3.10.1 satisfies 3.7.15\n[9bb7b370-ce44-4328-8a4d-d3580cda04d2/test   ]   \ud83d\udcac  ::debug::check 3.10.0 satisfies 3.7.15\n[9bb7b370-ce44-4328-8a4d-d3580cda04d2/test   ]   \ud83d\udcac  ::debug::check 3.10.0-rc.2 satisfies 3.7.15\n[9bb7b370-ce44-4328-8a4d-d3580cda04d2/test   ]   \ud83d\udcac  ::debug::check 3.10.0-rc.1 satisfies 3.7.15\n[9bb7b370-ce44-4328-8a4d-d3580cda04d2/test   ]   \ud83d\udcac  ::debug::check 3.10.0-beta.4 satisfies 3.7.15\n[9bb7b370-ce44-4328-8a4d-d3580cda04d2/test   ]   \ud83d\udcac  ::debug::check 3.10.0-beta.3 satisfies 3.7.15\n[9bb7b370-ce44-4328-8a4d-d3580cda04d2/test   ]   \ud83d\udcac  ::debug::check 3.10.0-beta.2 satisfies 3.7.15\n[9bb7b370-ce44-4328-8a4d-d3580cda04d2/test   ]   \ud83d\udcac  ::debug::check 3.10.0-beta.1 satisfies 3.7.15\n[9bb7b370-ce44-4328-8a4d-d3580cda04d2/test   ]   \ud83d\udcac  ::debug::check 3.10.0-alpha.7 satisfies 3.7.15\n[9bb7b370-ce44-4328-8a4d-d3580cda04d2/test   ]   \ud83d\udcac  ::debug::check 3.10.0-alpha.6 satisfies 3.7.15\n[9bb7b370-ce44-4328-8a4d-d3580cda04d2/test   ]   \ud83d\udcac  ::debug::check 3.10.0-alpha.5 satisfies 3.7.15\n[9bb7b370-ce44-4328-8a4d-d3580cda04d2/test   ]   \ud83d\udcac  ::debug::check 3.10.0-alpha.4 satisfies 3.7.15\n[9bb7b370-ce44-4328-8a4d-d3580cda04d2/test   ]   \ud83d\udcac  ::debug::check 3.10.0-alpha.3 satisfies 3.7.15\n[9bb7b370-ce44-4328-8a4d-d3580cda04d2/test   ]   \ud83d\udcac  ::debug::check 3.10.0-alpha.2 satisfies 3.7.15\n[9bb7b370-ce44-4328-8a4d-d3580cda04d2/test   ]   \ud83d\udcac  ::debug::check 3.10.0-alpha.1 satisfies 3.7.15\n[9bb7b370-ce44-4328-8a4d-d3580cda04d2/test   ]   \ud83d\udcac  ::debug::check 3.9.17 satisfies 3.7.15\n[9bb7b370-ce44-4328-8a4d-d3580cda04d2/test   ]   \ud83d\udcac  ::debug::check 3.9.16 satisfies 3.7.15\n[9bb7b370-ce44-4328-8a4d-d3580cda04d2/test   ]   \ud83d\udcac  ::debug::check 3.9.15 satisfies 3.7.15\n[9bb7b370-ce44-4328-8a4d-d3580cda04d2/test   ]   \ud83d\udcac  ::debug::check 3.9.14 satisfies 3.7.15\n[9bb7b370-ce44-4328-8a4d-d3580cda04d2/test   ]   \ud83d\udcac  ::debug::check 3.9.13 satisfies 3.7.15\n[9bb7b370-ce44-4328-8a4d-d3580cda04d2/test   ]   \ud83d\udcac  ::debug::check 3.9.12 satisfies 3.7.15\n[9bb7b370-ce44-4328-8a4d-d3580cda04d2/test   ]   \ud83d\udcac  ::debug::check 3.9.11 satisfies 3.7.15\n[9bb7b370-ce44-4328-8a4d-d3580cda04d2/test   ]   \ud83d\udcac  ::debug::check 3.9.10 satisfies 3.7.15\n[9bb7b370-ce44-4328-8a4d-d3580cda04d2/test   ]   \ud83d\udcac  ::debug::check 3.9.9 satisfies 3.7.15\n[9bb7b370-ce44-4328-8a4d-d3580cda04d2/test   ]   \ud83d\udcac  ::debug::check 3.9.8 satisfies 3.7.15\n[9bb7b370-ce44-4328-8a4d-d3580cda04d2/test   ]   \ud83d\udcac  ::debug::check 3.9.7 satisfies 3.7.15\n[9bb7b370-ce44-4328-8a4d-d3580cda04d2/test   ]   \ud83d\udcac  ::debug::check 3.9.6 satisfies 3.7.15\n[9bb7b370-ce44-4328-8a4d-d3580cda04d2/test   ]   \ud83d\udcac  ::debug::check 3.9.5 satisfies 3.7.15\n[9bb7b370-ce44-4328-8a4d-d3580cda04d2/test   ]   \ud83d\udcac  ::debug::check 3.9.4 satisfies 3.7.15\n[9bb7b370-ce44-4328-8a4d-d3580cda04d2/test   ]   \ud83d\udcac  ::debug::check 3.9.3 satisfies 3.7.15\n[9bb7b370-ce44-4328-8a4d-d3580cda04d2/test   ]   \ud83d\udcac  ::debug::check 3.9.2 satisfies 3.7.15\n[9bb7b370-ce44-4328-8a4d-d3580cda04d2/test   ]   \ud83d\udcac  ::debug::check 3.9.2-rc.1 satisfies 3.7.15\n[9bb7b370-ce44-4328-8a4d-d3580cda04d2/test   ]   \ud83d\udcac  ::debug::check 3.9.1 satisfies 3.7.15\n[9bb7b370-ce44-4328-8a4d-d3580cda04d2/test   ]   \ud83d\udcac  ::debug::check 3.9.1-rc.1 satisfies 3.7.15\n[9bb7b370-ce44-4328-8a4d-d3580cda04d2/test   ]   \ud83d\udcac  ::debug::check 3.9.0 satisfies 3.7.15\n[9bb7b370-ce44-4328-8a4d-d3580cda04d2/test   ]   \ud83d\udcac  ::debug::check 3.9.0-rc.2 satisfies 3.7.15\n[9bb7b370-ce44-4328-8a4d-d3580cda04d2/test   ]   \ud83d\udcac  ::debug::check 3.9.0-rc.1 satisfies 3.7.15\n[9bb7b370-ce44-4328-8a4d-d3580cda04d2/test   ]   \ud83d\udcac  ::debug::check 3.9.0-beta.5 satisfies 3.7.15\n[9bb7b370-ce44-4328-8a4d-d3580cda04d2/test   ]   \ud83d\udcac  ::debug::check 3.9.0-beta.4 satisfies 3.7.15\n[9bb7b370-ce44-4328-8a4d-d3580cda04d2/test   ]   \ud83d\udcac  ::debug::check 3.8.17 satisfies 3.7.15\n[9bb7b370-ce44-4328-8a4d-d3580cda04d2/test   ]   \ud83d\udcac  ::debug::check 3.8.16 satisfies 3.7.15\n[9bb7b370-ce44-4328-8a4d-d3580cda04d2/test   ]   \ud83d\udcac  ::debug::check 3.8.15 satisfies 3.7.15\n[9bb7b370-ce44-4328-8a4d-d3580cda04d2/test   ]   \ud83d\udcac  ::debug::check 3.8.14 satisfies 3.7.15\n[9bb7b370-ce44-4328-8a4d-d3580cda04d2/test   ]   \ud83d\udcac  ::debug::check 3.8.13 satisfies 3.7.15\n[9bb7b370-ce44-4328-8a4d-d3580cda04d2/test   ]   \ud83d\udcac  ::debug::check 3.8.12 satisfies 3.7.15\n[9bb7b370-ce44-4328-8a4d-d3580cda04d2/test   ]   \ud83d\udcac  ::debug::check 3.8.11 satisfies 3.7.15\n[9bb7b370-ce44-4328-8a4d-d3580cda04d2/test   ]   \ud83d\udcac  ::debug::check 3.8.10 satisfies 3.7.15\n[9bb7b370-ce44-4328-8a4d-d3580cda04d2/test   ]   \ud83d\udcac  ::debug::check 3.8.9 satisfies 3.7.15\n[9bb7b370-ce44-4328-8a4d-d3580cda04d2/test   ]   \ud83d\udcac  ::debug::check 3.8.8 satisfies 3.7.15\n[9bb7b370-ce44-4328-8a4d-d3580cda04d2/test   ]   \ud83d\udcac  ::debug::check 3.8.7 satisfies 3.7.15\n[9bb7b370-ce44-4328-8a4d-d3580cda04d2/test   ]   \ud83d\udcac  ::debug::check 3.8.6 satisfies 3.7.15\n[9bb7b370-ce44-4328-8a4d-d3580cda04d2/test   ]   \ud83d\udcac  ::debug::check 3.8.5 satisfies 3.7.15\n[9bb7b370-ce44-4328-8a4d-d3580cda04d2/test   ]   \ud83d\udcac  ::debug::check 3.8.4 satisfies 3.7.15\n[9bb7b370-ce44-4328-8a4d-d3580cda04d2/test   ]   \ud83d\udcac  ::debug::check 3.8.3 satisfies 3.7.15\n[9bb7b370-ce44-4328-8a4d-d3580cda04d2/test   ]   \ud83d\udcac  ::debug::check 3.8.2 satisfies 3.7.15\n[9bb7b370-ce44-4328-8a4d-d3580cda04d2/test   ]   \ud83d\udcac  ::debug::check 3.8.1 satisfies 3.7.15\n[9bb7b370-ce44-4328-8a4d-d3580cda04d2/test   ]   \ud83d\udcac  ::debug::check 3.8.0 satisfies 3.7.15\n[9bb7b370-ce44-4328-8a4d-d3580cda04d2/test   ]   \ud83d\udcac  ::debug::check 3.7.17 satisfies 3.7.15\n[9bb7b370-ce44-4328-8a4d-d3580cda04d2/test   ]   \ud83d\udcac  ::debug::check 3.7.16 satisfies 3.7.15\n[9bb7b370-ce44-4328-8a4d-d3580cda04d2/test   ]   \ud83d\udcac  ::debug::check 3.7.15 satisfies 3.7.15\n[9bb7b370-ce44-4328-8a4d-d3580cda04d2/test   ]   \ud83d\udcac  ::debug::x64===x64 && darwin===linux\n[9bb7b370-ce44-4328-8a4d-d3580cda04d2/test   ]   \ud83d\udcac  ::debug::x64===x64 && linux===linux\n[9bb7b370-ce44-4328-8a4d-d3580cda04d2/test   ]   \ud83d\udcac  ::debug::x64===x64 && linux===linux\n[9bb7b370-ce44-4328-8a4d-d3580cda04d2/test   ]   \ud83d\udcac  ::debug::matched 3.7.15\n[9bb7b370-ce44-4328-8a4d-d3580cda04d2/test   ]   | Version 3.7.15 is available for downloading\n[9bb7b370-ce44-4328-8a4d-d3580cda04d2/test   ]   | Download from \"https://github.com/actions/python-versions/releases/download/3.7.15-3272001243/python-3.7.15-linux-20.04-x64.tar.gz\"\n[9bb7b370-ce44-4328-8a4d-d3580cda04d2/test   ]   \ud83d\udcac  ::debug::Downloading https://github.com/actions/python-versions/releases/download/3.7.15-3272001243/python-3.7.15-linux-20.04-x64.tar.gz\n[9bb7b370-ce44-4328-8a4d-d3580cda04d2/test   ]   \ud83d\udcac  ::debug::Destination /tmp/13985947-7ba0-41d2-8d5e-543facaf5c56\n[9bb7b370-ce44-4328-8a4d-d3580cda04d2/test   ]   \ud83d\udcac  ::debug::set auth\n[9bb7b370-ce44-4328-8a4d-d3580cda04d2/linting]   | [INFO] Initializing environment for https://github.com/pre-commit/mirrors-mypy:django.\n[9bb7b370-ce44-4328-8a4d-d3580cda04d2/linting]   | [INFO] Installing environment for https://github.com/ambv/black.\n[9bb7b370-ce44-4328-8a4d-d3580cda04d2/linting]   | [INFO] Once installed this environment will be reused.\n[9bb7b370-ce44-4328-8a4d-d3580cda04d2/linting]   | [INFO] This may take a few minutes...\n[9bb7b370-ce44-4328-8a4d-d3580cda04d2/test   ]   \ud83d\udcac  ::debug::download complete\n[9bb7b370-ce44-4328-8a4d-d3580cda04d2/test   ]   | Extract downloaded archive\n[9bb7b370-ce44-4328-8a4d-d3580cda04d2/test   ]   \ud83d\udcac  ::debug::Checking tar --version\n[9bb7b370-ce44-4328-8a4d-d3580cda04d2/test   ]   \ud83d\udcac  ::debug::tar (GNU tar) 1.30%0ACopyright (C) 2017 Free Software Foundation, Inc.%0ALicense GPLv3+: GNU GPL version 3 or later <https://gnu.org/licenses/gpl.html>.%0AThis is free software: you are free to change and redistribute it.%0AThere is NO WARRANTY, to the extent permitted by law.%0A%0AWritten by John Gilmore and Jay Fenlason.\n[9bb7b370-ce44-4328-8a4d-d3580cda04d2/test   ]   | [command]/usr/bin/tar xz --warning=no-unknown-keyword -C /tmp/774ae021-4a36-468d-87b2-d081ee92ce3c -f /tmp/13985947-7ba0-41d2-8d5e-543facaf5c56\n[9bb7b370-ce44-4328-8a4d-d3580cda04d2/test   ]   | Execute installation script\n[9bb7b370-ce44-4328-8a4d-d3580cda04d2/test   ]   | Check if Python hostedtoolcache folder exist...\n[9bb7b370-ce44-4328-8a4d-d3580cda04d2/test   ]   | Create Python 3.7.15 folder\n[9bb7b370-ce44-4328-8a4d-d3580cda04d2/test   ]   | Copy Python binaries to hostedtoolcache folder\n[9bb7b370-ce44-4328-8a4d-d3580cda04d2/test   ]   | Create additional symlinks (Required for the UsePythonVersion Azure Pipelines task and the setup-python GitHub Action)\n[9bb7b370-ce44-4328-8a4d-d3580cda04d2/test   ]   | Upgrading pip...\n[9bb7b370-ce44-4328-8a4d-d3580cda04d2/test   ]   | Looking in links: /tmp/tmpvv3yp67m\n[9bb7b370-ce44-4328-8a4d-d3580cda04d2/test   ]   | Requirement already satisfied: setuptools in /opt/hostedtoolcache/Python/3.7.15/x64/lib/python3.7/site-packages (47.1.0)\n[9bb7b370-ce44-4328-8a4d-d3580cda04d2/test   ]   | Requirement already satisfied: pip in /opt/hostedtoolcache/Python/3.7.15/x64/lib/python3.7/site-packages (22.0.4)\n[9bb7b370-ce44-4328-8a4d-d3580cda04d2/linting]   | [INFO] Installing environment for https://github.com/pre-commit/pre-commit-hooks.\n[9bb7b370-ce44-4328-8a4d-d3580cda04d2/linting]   | [INFO] Once installed this environment will be reused.\n[9bb7b370-ce44-4328-8a4d-d3580cda04d2/linting]   | [INFO] This may take a few minutes...\n[9bb7b370-ce44-4328-8a4d-d3580cda04d2/test   ]   | Collecting pip\n[9bb7b370-ce44-4328-8a4d-d3580cda04d2/test   ]   | Downloading pip-23.1.2-py3-none-any.whl (2.1 MB)\n[9bb7b370-ce44-4328-8a4d-d3580cda04d2/test   ]   | \u2501\u2501\u2501\u2501\u2501\u2501\u2501\u2501\u2501\u2501\u2501\u2501\u2501\u2501\u2501\u2501\u2501\u2501\u2501\u2501\u2501\u2501\u2501\u2501\u2501\u2501\u2501\u2501\u2501\u2501\u2501\u2501\u2501\u2501\u2501\u2501\u2501\u2501\u2501\u2501 2.1/2.1 MB 9.4 MB/s eta 0:00:00\n[9bb7b370-ce44-4328-8a4d-d3580cda04d2/test   ]   | \n[9bb7b370-ce44-4328-8a4d-d3580cda04d2/test   ]   | Installing collected packages: pip\n[9bb7b370-ce44-4328-8a4d-d3580cda04d2/linting]   | [INFO] Installing environment for https://github.com/pycqa/flake8.\n[9bb7b370-ce44-4328-8a4d-d3580cda04d2/linting]   | [INFO] Once installed this environment will be reused.\n[9bb7b370-ce44-4328-8a4d-d3580cda04d2/linting]   | [INFO] This may take a few minutes...\n[9bb7b370-ce44-4328-8a4d-d3580cda04d2/test   ]   | Successfully installed pip-23.1.2\n[9bb7b370-ce44-4328-8a4d-d3580cda04d2/test   ]   | Create complete file\n[9bb7b370-ce44-4328-8a4d-d3580cda04d2/test   ]   \ud83d\udcac  ::debug::isExplicit: 3.7.15\n[9bb7b370-ce44-4328-8a4d-d3580cda04d2/test   ]   \ud83d\udcac  ::debug::explicit? true\n[9bb7b370-ce44-4328-8a4d-d3580cda04d2/test   ]   \ud83d\udcac  ::debug::checking cache: /opt/hostedtoolcache/Python/3.7.15/x64\n[9bb7b370-ce44-4328-8a4d-d3580cda04d2/test   ]   \ud83d\udcac  ::debug::Found tool in cache Python 3.7.15 x64\n[9bb7b370-ce44-4328-8a4d-d3580cda04d2/test   ]   | Successfully set up CPython (3.7.15)\n[9bb7b370-ce44-4328-8a4d-d3580cda04d2/test   ]   \u2753  ::endgroup::\n[9bb7b370-ce44-4328-8a4d-d3580cda04d2/test   ]   \u2753 add-matcher /run/act/actions/actions-setup-python@v4/.github/python.json\n[9bb7b370-ce44-4328-8a4d-d3580cda04d2/test   ]   \u2705  Success - Main actions/setup-python@v4\n[9bb7b370-ce44-4328-8a4d-d3580cda04d2/test   ]   \u2699  ::set-env:: Python_ROOT_DIR=/opt/hostedtoolcache/Python/3.7.15/x64\n[9bb7b370-ce44-4328-8a4d-d3580cda04d2/test   ]   \u2699  ::set-env:: Python2_ROOT_DIR=/opt/hostedtoolcache/Python/3.7.15/x64\n[9bb7b370-ce44-4328-8a4d-d3580cda04d2/test   ]   \u2699  ::set-env:: Python3_ROOT_DIR=/opt/hostedtoolcache/Python/3.7.15/x64\n[9bb7b370-ce44-4328-8a4d-d3580cda04d2/test   ]   \u2699  ::set-env:: LD_LIBRARY_PATH=/opt/hostedtoolcache/Python/3.7.15/x64/lib\n[9bb7b370-ce44-4328-8a4d-d3580cda04d2/test   ]   \u2699  ::set-env:: pythonLocation=/opt/hostedtoolcache/Python/3.7.15/x64\n[9bb7b370-ce44-4328-8a4d-d3580cda04d2/test   ]   \u2699  ::set-env:: PKG_CONFIG_PATH=/opt/hostedtoolcache/Python/3.7.15/x64/lib/pkgconfig\n[9bb7b370-ce44-4328-8a4d-d3580cda04d2/test   ]   \u2699  ::set-output:: python-version=3.7.15\n[9bb7b370-ce44-4328-8a4d-d3580cda04d2/test   ]   \u2699  ::set-output:: python-path=/opt/hostedtoolcache/Python/3.7.15/x64/bin/python\n[9bb7b370-ce44-4328-8a4d-d3580cda04d2/test   ]   \u2699  ::add-path:: /opt/hostedtoolcache/Python/3.7.15/x64\n[9bb7b370-ce44-4328-8a4d-d3580cda04d2/test   ]   \u2699  ::add-path:: /opt/hostedtoolcache/Python/3.7.15/x64/bin\n[9bb7b370-ce44-4328-8a4d-d3580cda04d2/test   ] \u2b50 Run Main actions/cache@v3\n[9bb7b370-ce44-4328-8a4d-d3580cda04d2/test   ]   \ud83d\udc33  docker cp src=/tmp/act-cache/05751f50-199a-4c65-a185-e59d54dfcbaf/act/actions-cache@v3/ dst=/var/run/act/actions/actions-cache@v3/\n[9bb7b370-ce44-4328-8a4d-d3580cda04d2/test   ]   \ud83d\udc33  docker exec cmd=[chown -R 1012:1013 /var/run/act/actions/actions-cache@v3/] user=0 workdir=\n[9bb7b370-ce44-4328-8a4d-d3580cda04d2/test   ]   \ud83d\udc33  docker exec cmd=[node /var/run/act/actions/actions-cache@v3/dist/restore/index.js] user= workdir=\n[9bb7b370-ce44-4328-8a4d-d3580cda04d2/test   ]   \ud83d\udcac  ::debug::Resolved Keys:\n[9bb7b370-ce44-4328-8a4d-d3580cda04d2/test   ]   \ud83d\udcac  ::debug::[\"key-4\"]\n[9bb7b370-ce44-4328-8a4d-d3580cda04d2/test   ]   \ud83d\udcac  ::debug::Checking zstd --quiet --version\n[9bb7b370-ce44-4328-8a4d-d3580cda04d2/test   ]   \ud83d\udcac  ::debug::1.5.0\n[9bb7b370-ce44-4328-8a4d-d3580cda04d2/test   ]   \ud83d\udcac  ::debug::zstd version: 1.5.0\n[9bb7b370-ce44-4328-8a4d-d3580cda04d2/test   ]   \ud83d\udcac  ::debug::Resource Url: http://130.242.72.40:39079/_apis/artifactcache/cache?keys=key-4&version=f4b5713a4657ae30a7c2804b2ad5dbc790b3736f71a74a904bcab1f478b0ed29\n[9bb7b370-ce44-4328-8a4d-d3580cda04d2/test   ]   \ud83d\udcac  ::debug::Failed to delete archive: Error: ENOENT: no such file or directory, unlink ''\n[9bb7b370-ce44-4328-8a4d-d3580cda04d2/test   ]   | Cache not found for input keys: key-4\n[9bb7b370-ce44-4328-8a4d-d3580cda04d2/test   ]   \u2705  Success - Main actions/cache@v3\n[9bb7b370-ce44-4328-8a4d-d3580cda04d2/test   ] \u2b50 Run Main snok/install-poetry@v1\n[9bb7b370-ce44-4328-8a4d-d3580cda04d2/test   ]   \ud83d\udc33  docker cp src=/tmp/act-cache/05751f50-199a-4c65-a185-e59d54dfcbaf/act/snok-install-poetry@v1/ dst=/var/run/act/actions/snok-install-poetry@v1/\n[9bb7b370-ce44-4328-8a4d-d3580cda04d2/test   ]   \ud83d\udc33  docker exec cmd=[chown -R 1012:1013 /var/run/act/actions/snok-install-poetry@v1/] user=0 workdir=\n[9bb7b370-ce44-4328-8a4d-d3580cda04d2/test   ] \u2b50 Run Main Install and configure Poetry\n[9bb7b370-ce44-4328-8a4d-d3580cda04d2/test   ]   \ud83d\udc33  docker exec cmd=[bash --noprofile --norc -e -o pipefail /var/run/act/workflow/3-composite-0.sh] user= workdir=\n[9bb7b370-ce44-4328-8a4d-d3580cda04d2/linting]   | [INFO] Installing environment for https://github.com/asottile/pyupgrade.\n[9bb7b370-ce44-4328-8a4d-d3580cda04d2/linting]   | [INFO] Once installed this environment will be reused.\n[9bb7b370-ce44-4328-8a4d-d3580cda04d2/linting]   | [INFO] This may take a few minutes...\n[9bb7b370-ce44-4328-8a4d-d3580cda04d2/test   ]   | \n[9bb7b370-ce44-4328-8a4d-d3580cda04d2/test   ]   | \u001b[33mSetting Poetry installation path as /home/runneradmin/.local\u001b[0m\n[9bb7b370-ce44-4328-8a4d-d3580cda04d2/test   ]   | \n[9bb7b370-ce44-4328-8a4d-d3580cda04d2/test   ]   | \u001b[33mInstalling Poetry \ud83d\udc77\u001b[0m\n[9bb7b370-ce44-4328-8a4d-d3580cda04d2/test   ]   | \n[9bb7b370-ce44-4328-8a4d-d3580cda04d2/linting]   | [INFO] Installing environment for https://github.com/pycqa/isort.\n[9bb7b370-ce44-4328-8a4d-d3580cda04d2/linting]   | [INFO] Once installed this environment will be reused.\n[9bb7b370-ce44-4328-8a4d-d3580cda04d2/linting]   | [INFO] This may take a few minutes...\n[9bb7b370-ce44-4328-8a4d-d3580cda04d2/linting]   | An unexpected error has occurred: CalledProcessError: command: ('/home/runneradmin/.cache/pre-commit/repo3a_rrxtz/py_env-python3/bin/python', '-mpip', 'install', '.')\n[9bb7b370-ce44-4328-8a4d-d3580cda04d2/linting]   | return code: 1\n[9bb7b370-ce44-4328-8a4d-d3580cda04d2/linting]   | stdout:\n[9bb7b370-ce44-4328-8a4d-d3580cda04d2/linting]   |     Processing /home/runneradmin/.cache/pre-commit/repo3a_rrxtz\n[9bb7b370-ce44-4328-8a4d-d3580cda04d2/linting]   |       Installing build dependencies: started\n[9bb7b370-ce44-4328-8a4d-d3580cda04d2/linting]   |       Installing build dependencies: finished with status 'done'\n[9bb7b370-ce44-4328-8a4d-d3580cda04d2/linting]   |       Getting requirements to build wheel: started\n[9bb7b370-ce44-4328-8a4d-d3580cda04d2/linting]   |       Getting requirements to build wheel: finished with status 'done'\n[9bb7b370-ce44-4328-8a4d-d3580cda04d2/linting]   |       Preparing metadata (pyproject.toml): started\n[9bb7b370-ce44-4328-8a4d-d3580cda04d2/linting]   |       Preparing metadata (pyproject.toml): finished with status 'error'\n[9bb7b370-ce44-4328-8a4d-d3580cda04d2/linting]   | stderr:\n[9bb7b370-ce44-4328-8a4d-d3580cda04d2/linting]   |       error: subprocess-exited-with-error\n[9bb7b370-ce44-4328-8a4d-d3580cda04d2/linting]   |       \n[9bb7b370-ce44-4328-8a4d-d3580cda04d2/linting]   |       \u00d7 Preparing metadata (pyproject.toml) did not run successfully.\n[9bb7b370-ce44-4328-8a4d-d3580cda04d2/linting]   |       \u2502 exit code: 1\n[9bb7b370-ce44-4328-8a4d-d3580cda04d2/linting]   |       \u2570\u2500> [17 lines of output]\n[9bb7b370-ce44-4328-8a4d-d3580cda04d2/linting]   |           Traceback (most recent call last):\n[9bb7b370-ce44-4328-8a4d-d3580cda04d2/linting]   |             File \"/home/runneradmin/.cache/pre-commit/repo3a_rrxtz/py_env-python3/lib/python3.11/site-packages/pip/_vendor/pyproject_hooks/_in_process/_in_process.py\", line 353, in <module>\n[9bb7b370-ce44-4328-8a4d-d3580cda04d2/linting]   |               main()\n[9bb7b370-ce44-4328-8a4d-d3580cda04d2/linting]   |             File \"/home/runneradmin/.cache/pre-commit/repo3a_rrxtz/py_env-python3/lib/python3.11/site-packages/pip/_vendor/pyproject_hooks/_in_process/_in_process.py\", line 335, in main\n[9bb7b370-ce44-4328-8a4d-d3580cda04d2/linting]   |               json_out['return_val'] = hook(**hook_input['kwargs'])\n[9bb7b370-ce44-4328-8a4d-d3580cda04d2/linting]   |                                        ^^^^^^^^^^^^^^^^^^^^^^^^^^^^\n[9bb7b370-ce44-4328-8a4d-d3580cda04d2/linting]   |             File \"/home/runneradmin/.cache/pre-commit/repo3a_rrxtz/py_env-python3/lib/python3.11/site-packages/pip/_vendor/pyproject_hooks/_in_process/_in_process.py\", line 149, in prepare_metadata_for_build_wheel\n[9bb7b370-ce44-4328-8a4d-d3580cda04d2/linting]   |               return hook(metadata_directory, config_settings)\n[9bb7b370-ce44-4328-8a4d-d3580cda04d2/linting]   |                      ^^^^^^^^^^^^^^^^^^^^^^^^^^^^^^^^^^^^^^^^^\n[9bb7b370-ce44-4328-8a4d-d3580cda04d2/linting]   |             File \"/tmp/pip-build-env-6l4yzrdh/overlay/lib/python3.11/site-packages/poetry/core/masonry/api.py\", line 41, in prepare_metadata_for_build_wheel\n[9bb7b370-ce44-4328-8a4d-d3580cda04d2/linting]   |               poetry = Factory().create_poetry(Path(\".\").resolve(), with_groups=False)\n[9bb7b370-ce44-4328-8a4d-d3580cda04d2/linting]   |                        ^^^^^^^^^^^^^^^^^^^^^^^^^^^^^^^^^^^^^^^^^^^^^^^^^^^^^^^^^^^^^^^\n[9bb7b370-ce44-4328-8a4d-d3580cda04d2/linting]   |             File \"/tmp/pip-build-env-6l4yzrdh/overlay/lib/python3.11/site-packages/poetry/core/factory.py\", line 58, in create_poetry\n[9bb7b370-ce44-4328-8a4d-d3580cda04d2/linting]   |               raise RuntimeError(\"The Poetry configuration is invalid:\\n\" + message)\n[9bb7b370-ce44-4328-8a4d-d3580cda04d2/linting]   |           RuntimeError: The Poetry configuration is invalid:\n[9bb7b370-ce44-4328-8a4d-d3580cda04d2/linting]   |             - [extras.pipfile_deprecated_finder.2] 'pip-shims<=0.3.4' does not match '^[a-zA-Z-_.0-9]+$'\n[9bb7b370-ce44-4328-8a4d-d3580cda04d2/linting]   |           \n[9bb7b370-ce44-4328-8a4d-d3580cda04d2/linting]   |           [end of output]\n[9bb7b370-ce44-4328-8a4d-d3580cda04d2/linting]   |       \n[9bb7b370-ce44-4328-8a4d-d3580cda04d2/linting]   |       note: This error originates from a subprocess, and is likely not a problem with pip.\n[9bb7b370-ce44-4328-8a4d-d3580cda04d2/linting]   |     error: metadata-generation-failed\n[9bb7b370-ce44-4328-8a4d-d3580cda04d2/linting]   |     \n[9bb7b370-ce44-4328-8a4d-d3580cda04d2/linting]   |     \u00d7 Encountered error while generating package metadata.\n[9bb7b370-ce44-4328-8a4d-d3580cda04d2/linting]   |     \u2570\u2500> See above for output.\n[9bb7b370-ce44-4328-8a4d-d3580cda04d2/linting]   |     \n[9bb7b370-ce44-4328-8a4d-d3580cda04d2/linting]   |     note: This is an issue with the package mentioned above, not pip.\n[9bb7b370-ce44-4328-8a4d-d3580cda04d2/linting]   |     hint: See above for details.\n[9bb7b370-ce44-4328-8a4d-d3580cda04d2/linting]   | Check the log at /home/runneradmin/.cache/pre-commit/pre-commit.log\n[9bb7b370-ce44-4328-8a4d-d3580cda04d2/linting]   \u274c  Failure - Main pre-commit run --all-files\n[9bb7b370-ce44-4328-8a4d-d3580cda04d2/linting] exitcode '3': failure\n[9bb7b370-ce44-4328-8a4d-d3580cda04d2/linting] \ud83c\udfc1  Job failed\n[9bb7b370-ce44-4328-8a4d-d3580cda04d2/test   ]   | Retrieving Poetry metadata\n[9bb7b370-ce44-4328-8a4d-d3580cda04d2/test   ]   | \n[9bb7b370-ce44-4328-8a4d-d3580cda04d2/test   ]   | # Welcome to Poetry!\n[9bb7b370-ce44-4328-8a4d-d3580cda04d2/test   ]   | \n[9bb7b370-ce44-4328-8a4d-d3580cda04d2/test   ]   | This will download and install the latest version of Poetry,\n[9bb7b370-ce44-4328-8a4d-d3580cda04d2/test   ]   | a dependency and package manager for Python.\n[9bb7b370-ce44-4328-8a4d-d3580cda04d2/test   ]   | \n[9bb7b370-ce44-4328-8a4d-d3580cda04d2/test   ]   | It will add the `poetry` command to Poetry's bin directory, located at:\n[9bb7b370-ce44-4328-8a4d-d3580cda04d2/test   ]   | \n[9bb7b370-ce44-4328-8a4d-d3580cda04d2/test   ]   | /home/runneradmin/.local/bin\n[9bb7b370-ce44-4328-8a4d-d3580cda04d2/test   ]   | \n[9bb7b370-ce44-4328-8a4d-d3580cda04d2/test   ]   | You can uninstall at any time by executing this script with the --uninstall option,\n[9bb7b370-ce44-4328-8a4d-d3580cda04d2/test   ]   | and these changes will be reverted.\n[9bb7b370-ce44-4328-8a4d-d3580cda04d2/test   ]   | \n[9bb7b370-ce44-4328-8a4d-d3580cda04d2/test   ]   | Installing Poetry (1.2.2)\n[9bb7b370-ce44-4328-8a4d-d3580cda04d2/test   ]   | Installing Poetry (1.2.2): Creating environment\n[9bb7b370-ce44-4328-8a4d-d3580cda04d2/test   ]   | Installing Poetry (1.2.2): Installing Poetry\n[9bb7b370-ce44-4328-8a4d-d3580cda04d2/test   ]   | Installing Poetry (1.2.2): Creating script\n[9bb7b370-ce44-4328-8a4d-d3580cda04d2/test   ]   | Installing Poetry (1.2.2): Done\n[9bb7b370-ce44-4328-8a4d-d3580cda04d2/test   ]   | \n[9bb7b370-ce44-4328-8a4d-d3580cda04d2/test   ]   | Poetry (1.2.2) is installed now. Great!\n[9bb7b370-ce44-4328-8a4d-d3580cda04d2/test   ]   | \n[9bb7b370-ce44-4328-8a4d-d3580cda04d2/test   ]   | To get started you need Poetry's bin directory (/home/runneradmin/.local/bin) in your `PATH`\n[9bb7b370-ce44-4328-8a4d-d3580cda04d2/test   ]   | environment variable.\n[9bb7b370-ce44-4328-8a4d-d3580cda04d2/test   ]   | \n[9bb7b370-ce44-4328-8a4d-d3580cda04d2/test   ]   | Add `export PATH=\"/home/runneradmin/.local/bin:$PATH\"` to your shell configuration file.\n[9bb7b370-ce44-4328-8a4d-d3580cda04d2/test   ]   | \n[9bb7b370-ce44-4328-8a4d-d3580cda04d2/test   ]   | Alternatively, you can call Poetry explicitly with `/home/runneradmin/.local/bin/poetry`.\n[9bb7b370-ce44-4328-8a4d-d3580cda04d2/test   ]   | \n[9bb7b370-ce44-4328-8a4d-d3580cda04d2/test   ]   | You can test that everything is set up by executing:\n[9bb7b370-ce44-4328-8a4d-d3580cda04d2/test   ]   | \n[9bb7b370-ce44-4328-8a4d-d3580cda04d2/test   ]   | `poetry --version`\n[9bb7b370-ce44-4328-8a4d-d3580cda04d2/test   ]   | \n[9bb7b370-ce44-4328-8a4d-d3580cda04d2/test   ]   | \n[9bb7b370-ce44-4328-8a4d-d3580cda04d2/test   ]   | \u001b[33mInstallation completed. Configuring settings \ud83d\udee0\u001b[0m\n[9bb7b370-ce44-4328-8a4d-d3580cda04d2/test   ]   | \n[9bb7b370-ce44-4328-8a4d-d3580cda04d2/test   ]   | \u001b[33mDone \u2705\u001b[0m\n[9bb7b370-ce44-4328-8a4d-d3580cda04d2/test   ]   \u2705  Success - Main Install and configure Poetry\n[9bb7b370-ce44-4328-8a4d-d3580cda04d2/test   ]   \u2699  ::set-env:: VENV=.venv/bin/activate\n[9bb7b370-ce44-4328-8a4d-d3580cda04d2/test   ]   \u2699  ::add-path:: /home/runneradmin/.local/bin\n[9bb7b370-ce44-4328-8a4d-d3580cda04d2/test   ]   \u2705  Success - Main snok/install-poetry@v1\n[9bb7b370-ce44-4328-8a4d-d3580cda04d2/test   ]   \u2699  ::set-env:: VENV=.venv/bin/activate\n[9bb7b370-ce44-4328-8a4d-d3580cda04d2/test   ]   \u2699  ::add-path:: /home/runneradmin/.local/bin\n[9bb7b370-ce44-4328-8a4d-d3580cda04d2/test   ] \u2b50 Run Main actions/cache@v3\n[9bb7b370-ce44-4328-8a4d-d3580cda04d2/test   ]   \ud83d\udc33  docker cp src=/tmp/act-cache/05751f50-199a-4c65-a185-e59d54dfcbaf/act/actions-cache@v3/ dst=/var/run/act/actions/actions-cache@v3/\n[9bb7b370-ce44-4328-8a4d-d3580cda04d2/test   ]   \ud83d\udc33  docker exec cmd=[chown -R 1012:1013 /var/run/act/actions/actions-cache@v3/] user=0 workdir=\n[9bb7b370-ce44-4328-8a4d-d3580cda04d2/test   ]   \ud83d\udc33  docker exec cmd=[node /var/run/act/actions/actions-cache@v3/dist/restore/index.js] user= workdir=\n[9bb7b370-ce44-4328-8a4d-d3580cda04d2/test   ]   \ud83d\udcac  ::debug::Resolved Keys:\n[9bb7b370-ce44-4328-8a4d-d3580cda04d2/test   ]   \ud83d\udcac  ::debug::[\"e3dc7fbc69dc86865c986ae5266a2be0859da1345c0e296f104c9c9aa33cc1d0-5\"]\n[9bb7b370-ce44-4328-8a4d-d3580cda04d2/test   ]   \ud83d\udcac  ::debug::Checking zstd --quiet --version\n[9bb7b370-ce44-4328-8a4d-d3580cda04d2/test   ]   \ud83d\udcac  ::debug::1.5.0\n[9bb7b370-ce44-4328-8a4d-d3580cda04d2/test   ]   \ud83d\udcac  ::debug::zstd version: 1.5.0\n[9bb7b370-ce44-4328-8a4d-d3580cda04d2/test   ]   \ud83d\udcac  ::debug::Resource Url: http://130.242.72.40:39079/_apis/artifactcache/cache?keys=e3dc7fbc69dc86865c986ae5266a2be0859da1345c0e296f104c9c9aa33cc1d0-5&version=25e65b70d167147605b4332eb57b6d34df8e0303b88c4de252efb18cf3ed148a\n[9bb7b370-ce44-4328-8a4d-d3580cda04d2/test   ]   \ud83d\udcac  ::debug::Failed to delete archive: Error: ENOENT: no such file or directory, unlink ''\n[9bb7b370-ce44-4328-8a4d-d3580cda04d2/test   ]   | Cache not found for input keys: e3dc7fbc69dc86865c986ae5266a2be0859da1345c0e296f104c9c9aa33cc1d0-5\n[9bb7b370-ce44-4328-8a4d-d3580cda04d2/test   ]   \u2705  Success - Main actions/cache@v3\n[9bb7b370-ce44-4328-8a4d-d3580cda04d2/test   ] \u2b50 Run Main pip install virtualenv\nvirtualenv .venv\nsource .venv/bin/activate\npip install pip setuptools wheel -U\npoetry install --no-interaction --no-root\n[9bb7b370-ce44-4328-8a4d-d3580cda04d2/test   ]   \ud83d\udc33  docker exec cmd=[bash --noprofile --norc -e -o pipefail /var/run/act/workflow/5] user= workdir=\n[9bb7b370-ce44-4328-8a4d-d3580cda04d2/test   ]   | Collecting virtualenv\n[9bb7b370-ce44-4328-8a4d-d3580cda04d2/test   ]   |   Using cached virtualenv-20.23.1-py3-none-any.whl (3.3 MB)\n[9bb7b370-ce44-4328-8a4d-d3580cda04d2/test   ]   | Collecting distlib<1,>=0.3.6 (from virtualenv)\n[9bb7b370-ce44-4328-8a4d-d3580cda04d2/test   ]   |   Using cached distlib-0.3.6-py2.py3-none-any.whl (468 kB)\n[9bb7b370-ce44-4328-8a4d-d3580cda04d2/test   ]   | Collecting filelock<4,>=3.12 (from virtualenv)\n[9bb7b370-ce44-4328-8a4d-d3580cda04d2/test   ]   |   Using cached filelock-3.12.2-py3-none-any.whl (10 kB)\n[9bb7b370-ce44-4328-8a4d-d3580cda04d2/test   ]   | Collecting importlib-metadata>=6.6 (from virtualenv)\n[9bb7b370-ce44-4328-8a4d-d3580cda04d2/test   ]   |   Downloading importlib_metadata-6.7.0-py3-none-any.whl (22 kB)\n[9bb7b370-ce44-4328-8a4d-d3580cda04d2/test   ]   | Collecting platformdirs<4,>=3.5.1 (from virtualenv)\n[9bb7b370-ce44-4328-8a4d-d3580cda04d2/test   ]   |   Downloading platformdirs-3.8.0-py3-none-any.whl (16 kB)\n[9bb7b370-ce44-4328-8a4d-d3580cda04d2/test   ]   | Collecting zipp>=0.5 (from importlib-metadata>=6.6->virtualenv)\n[9bb7b370-ce44-4328-8a4d-d3580cda04d2/test   ]   |   Using cached zipp-3.15.0-py3-none-any.whl (6.8 kB)\n[9bb7b370-ce44-4328-8a4d-d3580cda04d2/test   ]   | Collecting typing-extensions>=3.6.4 (from importlib-metadata>=6.6->virtualenv)\n[9bb7b370-ce44-4328-8a4d-d3580cda04d2/test   ]   |   Using cached typing_extensions-4.6.3-py3-none-any.whl (31 kB)\n[9bb7b370-ce44-4328-8a4d-d3580cda04d2/test   ]   | Installing collected packages: distlib, zipp, typing-extensions, filelock, platformdirs, importlib-metadata, virtualenv\n[9bb7b370-ce44-4328-8a4d-d3580cda04d2/test   ]   | Successfully installed distlib-0.3.6 filelock-3.12.2 importlib-metadata-6.7.0 platformdirs-3.8.0 typing-extensions-4.6.3 virtualenv-20.23.1 zipp-3.15.0\n[9bb7b370-ce44-4328-8a4d-d3580cda04d2/test   ]   | \n[9bb7b370-ce44-4328-8a4d-d3580cda04d2/test   ]   | [notice] A new release of pip is available: 22.0.4 -> 23.1.2\n[9bb7b370-ce44-4328-8a4d-d3580cda04d2/test   ]   | [notice] To update, run: pip install --upgrade pip\n[9bb7b370-ce44-4328-8a4d-d3580cda04d2/test   ]   | created virtual environment CPython3.7.15.final.0-64 in 963ms\n[9bb7b370-ce44-4328-8a4d-d3580cda04d2/test   ]   |   creator CPython3Posix(dest=/tmp/ad9c0f7e-1596-11ee-8a50-bb14de238602/snok-django-guid/.venv, clear=False, no_vcs_ignore=False, global=False)\n[9bb7b370-ce44-4328-8a4d-d3580cda04d2/test   ]   |   seeder FromAppData(download=False, pip=bundle, setuptools=bundle, wheel=bundle, via=copy, app_data_dir=/home/runneradmin/.local/share/virtualenv)\n[9bb7b370-ce44-4328-8a4d-d3580cda04d2/test   ]   |     added seed packages: pip==23.1.2, setuptools==67.8.0, wheel==0.40.0\n[9bb7b370-ce44-4328-8a4d-d3580cda04d2/test   ]   |   activators BashActivator,CShellActivator,FishActivator,NushellActivator,PowerShellActivator,PythonActivator\n[9bb7b370-ce44-4328-8a4d-d3580cda04d2/test   ]   | Requirement already satisfied: pip in ./.venv/lib/python3.7/site-packages (23.1.2)\n[9bb7b370-ce44-4328-8a4d-d3580cda04d2/test   ]   | Requirement already satisfied: setuptools in ./.venv/lib/python3.7/site-packages (67.8.0)\n[9bb7b370-ce44-4328-8a4d-d3580cda04d2/test   ]   | Collecting setuptools\n[9bb7b370-ce44-4328-8a4d-d3580cda04d2/test   ]   |   Downloading setuptools-68.0.0-py3-none-any.whl (804 kB)\n[9bb7b370-ce44-4328-8a4d-d3580cda04d2/test   ]   |      \u2501\u2501\u2501\u2501\u2501\u2501\u2501\u2501\u2501\u2501\u2501\u2501\u2501\u2501\u2501\u2501\u2501\u2501\u2501\u2501\u2501\u2501\u2501\u2501\u2501\u2501\u2501\u2501\u2501\u2501\u2501\u2501\u2501\u2501\u2501\u2501\u2501\u2501 804.0/804.0 kB 25.8 MB/s eta 0:00:00\n[9bb7b370-ce44-4328-8a4d-d3580cda04d2/test   ]   | Requirement already satisfied: wheel in ./.venv/lib/python3.7/site-packages (0.40.0)\n[9bb7b370-ce44-4328-8a4d-d3580cda04d2/test   ]   | Installing collected packages: setuptools\n[9bb7b370-ce44-4328-8a4d-d3580cda04d2/test   ]   |   Attempting uninstall: setuptools\n[9bb7b370-ce44-4328-8a4d-d3580cda04d2/test   ]   |     Found existing installation: setuptools 67.8.0\n[9bb7b370-ce44-4328-8a4d-d3580cda04d2/test   ]   |     Uninstalling setuptools-67.8.0:\n[9bb7b370-ce44-4328-8a4d-d3580cda04d2/test   ]   |       Successfully uninstalled setuptools-67.8.0\n[9bb7b370-ce44-4328-8a4d-d3580cda04d2/test   ]   | Successfully installed setuptools-68.0.0\n[9bb7b370-ce44-4328-8a4d-d3580cda04d2/test   ]   | Installing dependencies from lock file\n[9bb7b370-ce44-4328-8a4d-d3580cda04d2/test   ]   | \n[9bb7b370-ce44-4328-8a4d-d3580cda04d2/test   ]   | Package operations: 70 installs, 1 update, 0 removals\n[9bb7b370-ce44-4328-8a4d-d3580cda04d2/test   ]   | \n[9bb7b370-ce44-4328-8a4d-d3580cda04d2/test   ]   |   \u2022 Installing typing-extensions (4.4.0)\n[9bb7b370-ce44-4328-8a4d-d3580cda04d2/test   ]   |   \u2022 Installing zipp (3.11.0)\n[9bb7b370-ce44-4328-8a4d-d3580cda04d2/test   ]   |   \u2022 Installing certifi (2022.12.7)\n[9bb7b370-ce44-4328-8a4d-d3580cda04d2/test   ]   |   \u2022 Installing charset-normalizer (2.1.1)\n[9bb7b370-ce44-4328-8a4d-d3580cda04d2/test   ]   |   \u2022 Installing idna (3.4)\n[9bb7b370-ce44-4328-8a4d-d3580cda04d2/test   ]   |   \u2022 Installing importlib-metadata (5.1.0)\n[9bb7b370-ce44-4328-8a4d-d3580cda04d2/test   ]   |   \u2022 Installing markupsafe (2.1.1)\n[9bb7b370-ce44-4328-8a4d-d3580cda04d2/test   ]   |   \u2022 Installing pyparsing (3.0.9)\n[9bb7b370-ce44-4328-8a4d-d3580cda04d2/test   ]   |   \u2022 Installing pytz (2022.6)\n[9bb7b370-ce44-4328-8a4d-d3580cda04d2/test   ]   |   \u2022 Installing urllib3 (1.26.13)\n[9bb7b370-ce44-4328-8a4d-d3580cda04d2/test   ]   |   \u2022 Installing vine (5.0.0)\n[9bb7b370-ce44-4328-8a4d-d3580cda04d2/test   ]   |   \u2022 Installing wcwidth (0.2.5)\n[9bb7b370-ce44-4328-8a4d-d3580cda04d2/test   ]   |   \u2022 Installing alabaster (0.7.12)\n[9bb7b370-ce44-4328-8a4d-d3580cda04d2/test   ]   |   \u2022 Installing amqp (5.1.1)\n[9bb7b370-ce44-4328-8a4d-d3580cda04d2/test   ]   |   \u2022 Installing asgiref (3.5.2)\n[9bb7b370-ce44-4328-8a4d-d3580cda04d2/test   ]   |   \u2022 Installing attrs (22.1.0)\n[9bb7b370-ce44-4328-8a4d-d3580cda04d2/test   ]   |   \u2022 Installing babel (2.11.0)\n[9bb7b370-ce44-4328-8a4d-d3580cda04d2/test   ]   |   \u2022 Installing cached-property (1.5.2)\n[9bb7b370-ce44-4328-8a4d-d3580cda04d2/test   ]   |   \u2022 Installing click (7.1.2)\n[9bb7b370-ce44-4328-8a4d-d3580cda04d2/test   ]   |   \u2022 Installing distlib (0.3.6)\n[9bb7b370-ce44-4328-8a4d-d3580cda04d2/test   ]   |   \u2022 Installing docutils (0.17.1)\n[9bb7b370-ce44-4328-8a4d-d3580cda04d2/test   ]   |   \u2022 Installing filelock (3.8.0)\n[9bb7b370-ce44-4328-8a4d-d3580cda04d2/test   ]   |   \u2022 Installing imagesize (1.4.1)\n[9bb7b370-ce44-4328-8a4d-d3580cda04d2/test   ]   |   \u2022 Installing iniconfig (1.1.1)\n[9bb7b370-ce44-4328-8a4d-d3580cda04d2/test   ]   |   \u2022 Installing jinja2 (3.1.2)\n[9bb7b370-ce44-4328-8a4d-d3580cda04d2/test   ]   |   \u2022 Installing packaging (21.3)\n[9bb7b370-ce44-4328-8a4d-d3580cda04d2/test   ]   |   \u2022 Installing platformdirs (2.5.4)\n[9bb7b370-ce44-4328-8a4d-d3580cda04d2/test   ]   |   \u2022 Installing pluggy (1.0.0)\n[9bb7b370-ce44-4328-8a4d-d3580cda04d2/test   ]   |   \u2022 Installing prompt-toolkit (3.0.33)\n[9bb7b370-ce44-4328-8a4d-d3580cda04d2/test   ]   |   \u2022 Installing py (1.11.0)\n[9bb7b370-ce44-4328-8a4d-d3580cda04d2/test   ]   |   \u2022 Installing pygments (2.13.0)\n[9bb7b370-ce44-4328-8a4d-d3580cda04d2/test   ]   |   \u2022 Installing requests (2.28.1)\n[9bb7b370-ce44-4328-8a4d-d3580cda04d2/test   ]   |   \u2022 Updating setuptools (68.0.0 -> 65.6.3)\n[9bb7b370-ce44-4328-8a4d-d3580cda04d2/test   ]   |   \u2022 Installing six (1.16.0)\n[9bb7b370-ce44-4328-8a4d-d3580cda04d2/test   ]   |   \u2022 Installing snowballstemmer (2.2.0)\n[9bb7b370-ce44-4328-8a4d-d3580cda04d2/test   ]   |   \u2022 Installing sphinxcontrib-applehelp (1.0.2)\n[9bb7b370-ce44-4328-8a4d-d3580cda04d2/test   ]   |   \u2022 Installing sphinxcontrib-devhelp (1.0.2)\n[9bb7b370-ce44-4328-8a4d-d3580cda04d2/test   ]   |   \u2022 Installing sphinxcontrib-htmlhelp (2.0.0)\n[9bb7b370-ce44-4328-8a4d-d3580cda04d2/test   ]   |   \u2022 Installing sphinxcontrib-jsmath (1.0.1)\n[9bb7b370-ce44-4328-8a4d-d3580cda04d2/test   ]   |   \u2022 Installing sphinxcontrib-qthelp (1.0.3)\n[9bb7b370-ce44-4328-8a4d-d3580cda04d2/test   ]   |   \u2022 Installing sphinxcontrib-serializinghtml (1.1.5)\n[9bb7b370-ce44-4328-8a4d-d3580cda04d2/test   ]   |   \u2022 Installing sqlparse (0.4.3)\n[9bb7b370-ce44-4328-8a4d-d3580cda04d2/test   ]   |   \u2022 Installing toml (0.10.2)\n[9bb7b370-ce44-4328-8a4d-d3580cda04d2/test   ]   |   \u2022 Installing billiard (3.6.4.0)\n[9bb7b370-ce44-4328-8a4d-d3580cda04d2/test   ]   |   \u2022 Installing cfgv (3.3.1)\n[9bb7b370-ce44-4328-8a4d-d3580cda04d2/test   ]   |   \u2022 Installing click-didyoumean (0.3.0)\n[9bb7b370-ce44-4328-8a4d-d3580cda04d2/test   ]   |   \u2022 Installing click-plugins (1.1.1)\n[9bb7b370-ce44-4328-8a4d-d3580cda04d2/test   ]   |   \u2022 Installing click-repl (0.2.0)\n[9bb7b370-ce44-4328-8a4d-d3580cda04d2/test   ]   |   \u2022 Installing django (3.2.16)\n[9bb7b370-ce44-4328-8a4d-d3580cda04d2/test   ]   |   \u2022 Installing h11 (0.14.0)\n[9bb7b370-ce44-4328-8a4d-d3580cda04d2/test   ]   |   \u2022 Installing identify (2.5.9)\n[9bb7b370-ce44-4328-8a4d-d3580cda04d2/test   ]   |   \u2022 Installing kombu (5.2.4)\n[9bb7b370-ce44-4328-8a4d-d3580cda04d2/test   ]   |   \u2022 Installing nodeenv (1.7.0)\n[9bb7b370-ce44-4328-8a4d-d3580cda04d2/test   ]   |   \u2022 Installing pytest (6.2.5)\n[9bb7b370-ce44-4328-8a4d-d3580cda04d2/test   ]   |   \u2022 Installing pyyaml (6.0)\n[9bb7b370-ce44-4328-8a4d-d3580cda04d2/test   ]   |   \u2022 Installing sphinx (2.4.5)\n[9bb7b370-ce44-4328-8a4d-d3580cda04d2/test   ]   |   \u2022 Installing tomli (2.0.1)\n[9bb7b370-ce44-4328-8a4d-d3580cda04d2/test   ]   |   \u2022 Installing virtualenv (20.16.7)\n[9bb7b370-ce44-4328-8a4d-d3580cda04d2/test   ]   |   \u2022 Installing celery (5.1.2)\n[9bb7b370-ce44-4328-8a4d-d3580cda04d2/test   ]   |   \u2022 Installing coverage (6.5.0)\n[9bb7b370-ce44-4328-8a4d-d3580cda04d2/test   ]   |   \u2022 Installing djangorestframework (3.14.0)\n[9bb7b370-ce44-4328-8a4d-d3580cda04d2/test   ]   |   \u2022 Installing gunicorn (20.1.0)\n[9bb7b370-ce44-4328-8a4d-d3580cda04d2/test   ]   |   \u2022 Installing pre-commit (2.20.0)\n[9bb7b370-ce44-4328-8a4d-d3580cda04d2/test   ]   |   \u2022 Installing pytest-asyncio (0.20.2)\n[9bb7b370-ce44-4328-8a4d-d3580cda04d2/test   ]   |   \u2022 Installing pytest-django (4.5.2)\n[9bb7b370-ce44-4328-8a4d-d3580cda04d2/test   ]   |   \u2022 Installing pytest-mock (3.10.0)\n[9bb7b370-ce44-4328-8a4d-d3580cda04d2/test   ]   |   \u2022 Installing pytest-subtests (0.3.2)\n[9bb7b370-ce44-4328-8a4d-d3580cda04d2/test   ]   |   \u2022 Installing redis (3.5.3)\n[9bb7b370-ce44-4328-8a4d-d3580cda04d2/test   ]   |   \u2022 Installing sentry-sdk (0.14.4)\n[9bb7b370-ce44-4328-8a4d-d3580cda04d2/test   ]   |   \u2022 Installing sphinx-rtd-theme (0.4.3)\n[9bb7b370-ce44-4328-8a4d-d3580cda04d2/test   ]   |   \u2022 Installing uvicorn (0.12.3)\n[9bb7b370-ce44-4328-8a4d-d3580cda04d2/test   ]   \u2705  Success - Main pip install virtualenv\nvirtualenv .venv\nsource .venv/bin/activate\npip install pip setuptools wheel -U\npoetry install --no-interaction --no-root\n[9bb7b370-ce44-4328-8a4d-d3580cda04d2/test   ] \u2b50 Run Main source .venv/bin/activate\npip install \"Django==3.2\"\n[9bb7b370-ce44-4328-8a4d-d3580cda04d2/test   ]   \ud83d\udc33  docker exec cmd=[bash --noprofile --norc -e -o pipefail /var/run/act/workflow/6] user= workdir=\n[9bb7b370-ce44-4328-8a4d-d3580cda04d2/test   ]   | Collecting Django==3.2\n[9bb7b370-ce44-4328-8a4d-d3580cda04d2/test   ]   |   Downloading Django-3.2-py3-none-any.whl (7.9 MB)\n[9bb7b370-ce44-4328-8a4d-d3580cda04d2/test   ]   |      \u2501\u2501\u2501\u2501\u2501\u2501\u2501\u2501\u2501\u2501\u2501\u2501\u2501\u2501\u2501\u2501\u2501\u2501\u2501\u2501\u2501\u2501\u2501\u2501\u2501\u2501\u2501\u2501\u2501\u2501\u2501\u2501\u2501\u2501\u2501\u2501\u2501\u2501\u2501\u2501 7.9/7.9 MB 12.6 MB/s eta 0:00:00\n[9bb7b370-ce44-4328-8a4d-d3580cda04d2/test   ]   | Requirement already satisfied: asgiref<4,>=3.3.2 in ./.venv/lib/python3.7/site-packages (from Django==3.2) (3.5.2)\n[9bb7b370-ce44-4328-8a4d-d3580cda04d2/test   ]   | Requirement already satisfied: pytz in ./.venv/lib/python3.7/site-packages (from Django==3.2) (2022.6)\n[9bb7b370-ce44-4328-8a4d-d3580cda04d2/test   ]   | Requirement already satisfied: sqlparse>=0.2.2 in ./.venv/lib/python3.7/site-packages (from Django==3.2) (0.4.3)\n[9bb7b370-ce44-4328-8a4d-d3580cda04d2/test   ]   | Requirement already satisfied: typing-extensions in ./.venv/lib/python3.7/site-packages (from asgiref<4,>=3.3.2->Django==3.2) (4.4.0)\n[9bb7b370-ce44-4328-8a4d-d3580cda04d2/test   ]   | Installing collected packages: Django\n[9bb7b370-ce44-4328-8a4d-d3580cda04d2/test   ]   |   Attempting uninstall: Django\n[9bb7b370-ce44-4328-8a4d-d3580cda04d2/test   ]   |     Found existing installation: Django 3.2.16\n[9bb7b370-ce44-4328-8a4d-d3580cda04d2/test   ]   |     Uninstalling Django-3.2.16:\n[9bb7b370-ce44-4328-8a4d-d3580cda04d2/test   ]   |       Successfully uninstalled Django-3.2.16\n[9bb7b370-ce44-4328-8a4d-d3580cda04d2/test   ]   | Successfully installed Django-3.2\n[9bb7b370-ce44-4328-8a4d-d3580cda04d2/test   ]   \u2705  Success - Main source .venv/bin/activate\npip install \"Django==3.2\"\n[9bb7b370-ce44-4328-8a4d-d3580cda04d2/test   ] \u2b50 Run Main Run tests\n[9bb7b370-ce44-4328-8a4d-d3580cda04d2/test   ]   \ud83d\udc33  docker exec cmd=[bash --noprofile --norc -e -o pipefail /var/run/act/workflow/7] user= workdir=\n[9bb7b370-ce44-4328-8a4d-d3580cda04d2/test   ]   | Traceback (most recent call last):\n[9bb7b370-ce44-4328-8a4d-d3580cda04d2/test   ]   |   File \"/tmp/ad9c0f7e-1596-11ee-8a50-bb14de238602/snok-django-guid/.venv/lib/python3.7/site-packages/pytest_django/plugin.py\", line 179, in _handle_import_error\n[9bb7b370-ce44-4328-8a4d-d3580cda04d2/test   ]   |     yield\n[9bb7b370-ce44-4328-8a4d-d3580cda04d2/test   ]   |   File \"/tmp/ad9c0f7e-1596-11ee-8a50-bb14de238602/snok-django-guid/.venv/lib/python3.7/site-packages/pytest_django/plugin.py\", line 351, in pytest_load_initial_conftests\n[9bb7b370-ce44-4328-8a4d-d3580cda04d2/test   ]   |     dj_settings.DATABASES\n[9bb7b370-ce44-4328-8a4d-d3580cda04d2/test   ]   |   File \"/tmp/ad9c0f7e-1596-11ee-8a50-bb14de238602/snok-django-guid/.venv/lib/python3.7/site-packages/django/conf/__init__.py\", line 82, in __getattr__\n[9bb7b370-ce44-4328-8a4d-d3580cda04d2/test   ]   |     self._setup(name)\n[9bb7b370-ce44-4328-8a4d-d3580cda04d2/test   ]   |   File \"/tmp/ad9c0f7e-1596-11ee-8a50-bb14de238602/snok-django-guid/.venv/lib/python3.7/site-packages/django/conf/__init__.py\", line 69, in _setup\n[9bb7b370-ce44-4328-8a4d-d3580cda04d2/test   ]   |     self._wrapped = Settings(settings_module)\n[9bb7b370-ce44-4328-8a4d-d3580cda04d2/test   ]   |   File \"/tmp/ad9c0f7e-1596-11ee-8a50-bb14de238602/snok-django-guid/.venv/lib/python3.7/site-packages/django/conf/__init__.py\", line 170, in __init__\n[9bb7b370-ce44-4328-8a4d-d3580cda04d2/test   ]   |     mod = importlib.import_module(self.SETTINGS_MODULE)\n[9bb7b370-ce44-4328-8a4d-d3580cda04d2/test   ]   |   File \"/opt/hostedtoolcache/Python/3.7.15/x64/lib/python3.7/importlib/__init__.py\", line 127, in import_module\n[9bb7b370-ce44-4328-8a4d-d3580cda04d2/test   ]   |     return _bootstrap._gcd_import(name[level:], package, level)\n[9bb7b370-ce44-4328-8a4d-d3580cda04d2/test   ]   |   File \"<frozen importlib._bootstrap>\", line 1006, in _gcd_import\n[9bb7b370-ce44-4328-8a4d-d3580cda04d2/test   ]   |   File \"<frozen importlib._bootstrap>\", line 983, in _find_and_load\n[9bb7b370-ce44-4328-8a4d-d3580cda04d2/test   ]   |   File \"<frozen importlib._bootstrap>\", line 967, in _find_and_load_unlocked\n[9bb7b370-ce44-4328-8a4d-d3580cda04d2/test   ]   |   File \"<frozen importlib._bootstrap>\", line 677, in _load_unlocked\n[9bb7b370-ce44-4328-8a4d-d3580cda04d2/test   ]   |   File \"<frozen importlib._bootstrap_external>\", line 728, in exec_module\n[9bb7b370-ce44-4328-8a4d-d3580cda04d2/test   ]   |   File \"<frozen importlib._bootstrap>\", line 219, in _call_with_frames_removed\n[9bb7b370-ce44-4328-8a4d-d3580cda04d2/test   ]   |   File \"/tmp/ad9c0f7e-1596-11ee-8a50-bb14de238602/snok-django-guid/demoproj/settings.py\", line 16, in <module>\n[9bb7b370-ce44-4328-8a4d-d3580cda04d2/test   ]   |     from celery.schedules import crontab\n[9bb7b370-ce44-4328-8a4d-d3580cda04d2/test   ]   |   File \"/tmp/ad9c0f7e-1596-11ee-8a50-bb14de238602/snok-django-guid/.venv/lib/python3.7/site-packages/celery/schedules.py\", line 12, in <module>\n[9bb7b370-ce44-4328-8a4d-d3580cda04d2/test   ]   |     from . import current_app\n[9bb7b370-ce44-4328-8a4d-d3580cda04d2/test   ]   | ImportError: cannot import name 'current_app' from 'celery' (/tmp/ad9c0f7e-1596-11ee-8a50-bb14de238602/snok-django-guid/.venv/lib/python3.7/site-packages/celery/__init__.py)\n[9bb7b370-ce44-4328-8a4d-d3580cda04d2/test   ]   | \n[9bb7b370-ce44-4328-8a4d-d3580cda04d2/test   ]   | During handling of the above exception, another exception occurred:\n[9bb7b370-ce44-4328-8a4d-d3580cda04d2/test   ]   | \n[9bb7b370-ce44-4328-8a4d-d3580cda04d2/test   ]   | Traceback (most recent call last):\n[9bb7b370-ce44-4328-8a4d-d3580cda04d2/test   ]   |   File \"/tmp/ad9c0f7e-1596-11ee-8a50-bb14de238602/snok-django-guid/.venv/lib/python3.7/site-packages/pytest/__main__.py\", line 5, in <module>\n[9bb7b370-ce44-4328-8a4d-d3580cda04d2/test   ]   |     raise SystemExit(pytest.console_main())\n[9bb7b370-ce44-4328-8a4d-d3580cda04d2/test   ]   |   File \"/tmp/ad9c0f7e-1596-11ee-8a50-bb14de238602/snok-django-guid/.venv/lib/python3.7/site-packages/_pytest/config/__init__.py\", line 185, in console_main\n[9bb7b370-ce44-4328-8a4d-d3580cda04d2/test   ]   |     code = main()\n[9bb7b370-ce44-4328-8a4d-d3580cda04d2/test   ]   |   File \"/tmp/ad9c0f7e-1596-11ee-8a50-bb14de238602/snok-django-guid/.venv/lib/python3.7/site-packages/_pytest/config/__init__.py\", line 143, in main\n[9bb7b370-ce44-4328-8a4d-d3580cda04d2/test   ]   |     config = _prepareconfig(args, plugins)\n[9bb7b370-ce44-4328-8a4d-d3580cda04d2/test   ]   |   File \"/tmp/ad9c0f7e-1596-11ee-8a50-bb14de238602/snok-django-guid/.venv/lib/python3.7/site-packages/_pytest/config/__init__.py\", line 319, in _prepareconfig\n[9bb7b370-ce44-4328-8a4d-d3580cda04d2/test   ]   |     pluginmanager=pluginmanager, args=args\n[9bb7b370-ce44-4328-8a4d-d3580cda04d2/test   ]   |   File \"/tmp/ad9c0f7e-1596-11ee-8a50-bb14de238602/snok-django-guid/.venv/lib/python3.7/site-packages/pluggy/_hooks.py\", line 265, in __call__\n[9bb7b370-ce44-4328-8a4d-d3580cda04d2/test   ]   |     return self._hookexec(self.name, self.get_hookimpls(), kwargs, firstresult)\n[9bb7b370-ce44-4328-8a4d-d3580cda04d2/test   ]   |   File \"/tmp/ad9c0f7e-1596-11ee-8a50-bb14de238602/snok-django-guid/.venv/lib/python3.7/site-packages/pluggy/_manager.py\", line 80, in _hookexec\n[9bb7b370-ce44-4328-8a4d-d3580cda04d2/test   ]   |     return self._inner_hookexec(hook_name, methods, kwargs, firstresult)\n[9bb7b370-ce44-4328-8a4d-d3580cda04d2/test   ]   |   File \"/tmp/ad9c0f7e-1596-11ee-8a50-bb14de238602/snok-django-guid/.venv/lib/python3.7/site-packages/pluggy/_callers.py\", line 55, in _multicall\n[9bb7b370-ce44-4328-8a4d-d3580cda04d2/test   ]   |     gen.send(outcome)\n[9bb7b370-ce44-4328-8a4d-d3580cda04d2/test   ]   |   File \"/tmp/ad9c0f7e-1596-11ee-8a50-bb14de238602/snok-django-guid/.venv/lib/python3.7/site-packages/_pytest/helpconfig.py\", line 100, in pytest_cmdline_parse\n[9bb7b370-ce44-4328-8a4d-d3580cda04d2/test   ]   |     config: Config = outcome.get_result()\n[9bb7b370-ce44-4328-8a4d-d3580cda04d2/test   ]   |   File \"/tmp/ad9c0f7e-1596-11ee-8a50-bb14de238602/snok-django-guid/.venv/lib/python3.7/site-packages/pluggy/_result.py\", line 60, in get_result\n[9bb7b370-ce44-4328-8a4d-d3580cda04d2/test   ]   |     raise ex[1].with_traceback(ex[2])\n[9bb7b370-ce44-4328-8a4d-d3580cda04d2/test   ]   |   File \"/tmp/ad9c0f7e-1596-11ee-8a50-bb14de238602/snok-django-guid/.venv/lib/python3.7/site-packages/pluggy/_callers.py\", line 39, in _multicall\n[9bb7b370-ce44-4328-8a4d-d3580cda04d2/test   ]   |     res = hook_impl.function(*args)\n[9bb7b370-ce44-4328-8a4d-d3580cda04d2/test   ]   |   File \"/tmp/ad9c0f7e-1596-11ee-8a50-bb14de238602/snok-django-guid/.venv/lib/python3.7/site-packages/_pytest/config/__init__.py\", line 1003, in pytest_cmdline_parse\n[9bb7b370-ce44-4328-8a4d-d3580cda04d2/test   ]   |     self.parse(args)\n[9bb7b370-ce44-4328-8a4d-d3580cda04d2/test   ]   |   File \"/tmp/ad9c0f7e-1596-11ee-8a50-bb14de238602/snok-django-guid/.venv/lib/python3.7/site-packages/_pytest/config/__init__.py\", line 1283, in parse\n[9bb7b370-ce44-4328-8a4d-d3580cda04d2/test   ]   |     self._preparse(args, addopts=addopts)\n[9bb7b370-ce44-4328-8a4d-d3580cda04d2/test   ]   |   File \"/tmp/ad9c0f7e-1596-11ee-8a50-bb14de238602/snok-django-guid/.venv/lib/python3.7/site-packages/_pytest/config/__init__.py\", line 1192, in _preparse\n[9bb7b370-ce44-4328-8a4d-d3580cda04d2/test   ]   |     early_config=self, args=args, parser=self._parser\n[9bb7b370-ce44-4328-8a4d-d3580cda04d2/test   ]   |   File \"/tmp/ad9c0f7e-1596-11ee-8a50-bb14de238602/snok-django-guid/.venv/lib/python3.7/site-packages/pluggy/_hooks.py\", line 265, in __call__\n[9bb7b370-ce44-4328-8a4d-d3580cda04d2/test   ]   |     return self._hookexec(self.name, self.get_hookimpls(), kwargs, firstresult)\n[9bb7b370-ce44-4328-8a4d-d3580cda04d2/test   ]   |   File \"/tmp/ad9c0f7e-1596-11ee-8a50-bb14de238602/snok-django-guid/.venv/lib/python3.7/site-packages/pluggy/_manager.py\", line 80, in _hookexec\n[9bb7b370-ce44-4328-8a4d-d3580cda04d2/test   ]   |     return self._inner_hookexec(hook_name, methods, kwargs, firstresult)\n[9bb7b370-ce44-4328-8a4d-d3580cda04d2/test   ]   |   File \"/tmp/ad9c0f7e-1596-11ee-8a50-bb14de238602/snok-django-guid/.venv/lib/python3.7/site-packages/pluggy/_callers.py\", line 60, in _multicall\n[9bb7b370-ce44-4328-8a4d-d3580cda04d2/test   ]   |     return outcome.get_result()\n[9bb7b370-ce44-4328-8a4d-d3580cda04d2/test   ]   |   File \"/tmp/ad9c0f7e-1596-11ee-8a50-bb14de238602/snok-django-guid/.venv/lib/python3.7/site-packages/pluggy/_result.py\", line 60, in get_result\n[9bb7b370-ce44-4328-8a4d-d3580cda04d2/test   ]   |     raise ex[1].with_traceback(ex[2])\n[9bb7b370-ce44-4328-8a4d-d3580cda04d2/test   ]   |   File \"/tmp/ad9c0f7e-1596-11ee-8a50-bb14de238602/snok-django-guid/.venv/lib/python3.7/site-packages/pluggy/_callers.py\", line 39, in _multicall\n[9bb7b370-ce44-4328-8a4d-d3580cda04d2/test   ]   |     res = hook_impl.function(*args)\n[9bb7b370-ce44-4328-8a4d-d3580cda04d2/test   ]   |   File \"/tmp/ad9c0f7e-1596-11ee-8a50-bb14de238602/snok-django-guid/.venv/lib/python3.7/site-packages/pytest_django/plugin.py\", line 351, in pytest_load_initial_conftests\n[9bb7b370-ce44-4328-8a4d-d3580cda04d2/test   ]   |     dj_settings.DATABASES\n[9bb7b370-ce44-4328-8a4d-d3580cda04d2/test   ]   |   File \"/opt/hostedtoolcache/Python/3.7.15/x64/lib/python3.7/contextlib.py\", line 130, in __exit__\n[9bb7b370-ce44-4328-8a4d-d3580cda04d2/test   ]   |     self.gen.throw(type, value, traceback)\n[9bb7b370-ce44-4328-8a4d-d3580cda04d2/test   ]   |   File \"/tmp/ad9c0f7e-1596-11ee-8a50-bb14de238602/snok-django-guid/.venv/lib/python3.7/site-packages/pytest_django/plugin.py\", line 183, in _handle_import_error\n[9bb7b370-ce44-4328-8a4d-d3580cda04d2/test   ]   |     raise ImportError(msg)\n[9bb7b370-ce44-4328-8a4d-d3580cda04d2/test   ]   | ImportError: cannot import name 'current_app' from 'celery' (/tmp/ad9c0f7e-1596-11ee-8a50-bb14de238602/snok-django-guid/.venv/lib/python3.7/site-packages/celery/__init__.py)\n[9bb7b370-ce44-4328-8a4d-d3580cda04d2/test   ]   | \n[9bb7b370-ce44-4328-8a4d-d3580cda04d2/test   ]   | pytest-django found a Django project in . (it contains manage.py) and added it to the Python path.\n[9bb7b370-ce44-4328-8a4d-d3580cda04d2/test   ]   | If this is wrong, add \"django_find_project = false\" to pytest.ini and explicitly manage your Python path.\n[9bb7b370-ce44-4328-8a4d-d3580cda04d2/test   ]   \u274c  Failure - Main Run tests\n[9bb7b370-ce44-4328-8a4d-d3580cda04d2/test   ] exitcode '1': failure\n[9bb7b370-ce44-4328-8a4d-d3580cda04d2/test   ] \u2b50 Run Post snok/install-poetry@v1\n[9bb7b370-ce44-4328-8a4d-d3580cda04d2/test   ]   \ud83d\udc33  docker cp src=/tmp/act-cache/05751f50-199a-4c65-a185-e59d54dfcbaf/act/snok-install-poetry@v1/ dst=/var/run/act/actions/snok-install-poetry@v1/\n[9bb7b370-ce44-4328-8a4d-d3580cda04d2/test   ]   \ud83d\udc33  docker exec cmd=[chown -R 1012:1013 /var/run/act/actions/snok-install-poetry@v1/] user=0 workdir=\n[9bb7b370-ce44-4328-8a4d-d3580cda04d2/test   ]   \u2705  Success - Post snok/install-poetry@v1\n[9bb7b370-ce44-4328-8a4d-d3580cda04d2/test   ] \ud83c\udfc1  Job failed\n",
        "stderr": "Error: Job 'linting' failed\n",
        "workflow": "/tmp/ad9c0f7e-1596-11ee-8a50-bb14de238602/snok-django-guid/.github/workflows/test-crawler.yml",
        "build_tool": "pytest",
        "elapsed_time": 342.5162773132324
    }
}