{
    "repository": "sonic182/aiosonic",
    "stars": 96,
    "language": "python",
    "size": 1201,
    "clone_url": "https://github.com/sonic182/aiosonic.git",
    "timestamp": "2023-07-01T13:37:54.842346Z",
    "clone_success": true,
    "number_of_actions": 1,
    "number_of_test_actions": 1,
    "actions_successful": false,
    "actions_build_tools": [
        "pytest"
    ],
    "actions_test_build_tools": [
        "pytest"
    ],
    "actions_run": {
        "failed": true,
        "tests": [],
        "stdout": "[138d9fda-0a9c-4647-b0d8-325369659c31/build] \ud83d\ude80  Start image=crawlergpt:latest\n[138d9fda-0a9c-4647-b0d8-325369659c31/build]   \ud83d\udc33  docker pull image=crawlergpt:latest platform= username= forcePull=false\n[138d9fda-0a9c-4647-b0d8-325369659c31/build]   \ud83d\udc33  docker create image=crawlergpt:latest platform= entrypoint=[\"tail\" \"-f\" \"/dev/null\"] cmd=[]\n[138d9fda-0a9c-4647-b0d8-325369659c31/build]   \ud83d\udc33  docker run image=crawlergpt:latest platform= entrypoint=[\"tail\" \"-f\" \"/dev/null\"] cmd=[]\n[138d9fda-0a9c-4647-b0d8-325369659c31/build]   \ud83d\udc33  docker exec cmd=[chown -R 1012:1013 /tmp/558156d8-17ed-11ee-8a50-bb14de238602/sonic182-aiosonic] user=0 workdir=\n[138d9fda-0a9c-4647-b0d8-325369659c31/build]   \u2601  git clone 'https://github.com/actions/setup-python' # ref=v4\n[138d9fda-0a9c-4647-b0d8-325369659c31/build]   \u2601  git clone 'https://github.com/actions/setup-node' # ref=v3\n[138d9fda-0a9c-4647-b0d8-325369659c31/build] \ud83e\uddea  Matrix: map[os:ubuntu-latest python-version:3.7]\n[138d9fda-0a9c-4647-b0d8-325369659c31/build] \u2b50 Run Main actions/checkout@v3\n[138d9fda-0a9c-4647-b0d8-325369659c31/build]   \u2705  Success - Main actions/checkout@v3\n[138d9fda-0a9c-4647-b0d8-325369659c31/build] \u2b50 Run Main Set up Python 3.7\n[138d9fda-0a9c-4647-b0d8-325369659c31/build]   \ud83d\udc33  docker cp src=/tmp/act-cache/c4fa7476-2131-49b8-8cad-2e7084db8636/act/actions-setup-python@v4/ dst=/var/run/act/actions/actions-setup-python@v4/\n[138d9fda-0a9c-4647-b0d8-325369659c31/build]   \ud83d\udc33  docker exec cmd=[chown -R 1012:1013 /var/run/act/actions/actions-setup-python@v4/] user=0 workdir=\n[138d9fda-0a9c-4647-b0d8-325369659c31/build]   \ud83d\udc33  docker exec cmd=[node /var/run/act/actions/actions-setup-python@v4/dist/setup/index.js] user= workdir=\n[138d9fda-0a9c-4647-b0d8-325369659c31/build]   \ud83d\udcac  ::debug::Python is expected to be installed into /opt/hostedtoolcache\n[138d9fda-0a9c-4647-b0d8-325369659c31/build]   \u2753  ::group::Installed versions\n[138d9fda-0a9c-4647-b0d8-325369659c31/build]   \ud83d\udcac  ::debug::Semantic version spec of 3.7 is 3.7\n[138d9fda-0a9c-4647-b0d8-325369659c31/build]   \ud83d\udcac  ::debug::isExplicit: \n[138d9fda-0a9c-4647-b0d8-325369659c31/build]   \ud83d\udcac  ::debug::explicit? false\n[138d9fda-0a9c-4647-b0d8-325369659c31/build]   \ud83d\udcac  ::debug::isExplicit: 2.7.18\n[138d9fda-0a9c-4647-b0d8-325369659c31/build]   \ud83d\udcac  ::debug::explicit? true\n[138d9fda-0a9c-4647-b0d8-325369659c31/build]   \ud83d\udcac  ::debug::isExplicit: 3.5.10\n[138d9fda-0a9c-4647-b0d8-325369659c31/build]   \ud83d\udcac  ::debug::explicit? true\n[138d9fda-0a9c-4647-b0d8-325369659c31/build]   \ud83d\udcac  ::debug::isExplicit: 3.6.14\n[138d9fda-0a9c-4647-b0d8-325369659c31/build]   \ud83d\udcac  ::debug::explicit? true\n[138d9fda-0a9c-4647-b0d8-325369659c31/build]   \ud83d\udcac  ::debug::isExplicit: 3.7.11\n[138d9fda-0a9c-4647-b0d8-325369659c31/build]   \ud83d\udcac  ::debug::explicit? true\n[138d9fda-0a9c-4647-b0d8-325369659c31/build]   \ud83d\udcac  ::debug::isExplicit: 3.8.11\n[138d9fda-0a9c-4647-b0d8-325369659c31/build]   \ud83d\udcac  ::debug::explicit? true\n[138d9fda-0a9c-4647-b0d8-325369659c31/build]   \ud83d\udcac  ::debug::isExplicit: 3.9.6\n[138d9fda-0a9c-4647-b0d8-325369659c31/build]   \ud83d\udcac  ::debug::explicit? true\n[138d9fda-0a9c-4647-b0d8-325369659c31/build]   \ud83d\udcac  ::debug::evaluating 6 versions\n[138d9fda-0a9c-4647-b0d8-325369659c31/build]   \ud83d\udcac  ::debug::matched: 3.7.11\n[138d9fda-0a9c-4647-b0d8-325369659c31/build]   \ud83d\udcac  ::debug::checking cache: /opt/hostedtoolcache/Python/3.7.11/x64\n[138d9fda-0a9c-4647-b0d8-325369659c31/build]   \ud83d\udcac  ::debug::Found tool in cache Python 3.7.11 x64\n[138d9fda-0a9c-4647-b0d8-325369659c31/build]   | Successfully set up CPython (3.7.11)\n[138d9fda-0a9c-4647-b0d8-325369659c31/build]   \u2753  ::endgroup::\n[138d9fda-0a9c-4647-b0d8-325369659c31/build]   \u2753 add-matcher /run/act/actions/actions-setup-python@v4/.github/python.json\n[138d9fda-0a9c-4647-b0d8-325369659c31/build]   \u2705  Success - Main Set up Python 3.7\n[138d9fda-0a9c-4647-b0d8-325369659c31/build]   \u2699  ::set-env:: LD_LIBRARY_PATH=/opt/hostedtoolcache/Python/3.7.11/x64/lib\n[138d9fda-0a9c-4647-b0d8-325369659c31/build]   \u2699  ::set-env:: pythonLocation=/opt/hostedtoolcache/Python/3.7.11/x64\n[138d9fda-0a9c-4647-b0d8-325369659c31/build]   \u2699  ::set-env:: PKG_CONFIG_PATH=/opt/hostedtoolcache/Python/3.7.11/x64/lib/pkgconfig\n[138d9fda-0a9c-4647-b0d8-325369659c31/build]   \u2699  ::set-env:: Python_ROOT_DIR=/opt/hostedtoolcache/Python/3.7.11/x64\n[138d9fda-0a9c-4647-b0d8-325369659c31/build]   \u2699  ::set-env:: Python2_ROOT_DIR=/opt/hostedtoolcache/Python/3.7.11/x64\n[138d9fda-0a9c-4647-b0d8-325369659c31/build]   \u2699  ::set-env:: Python3_ROOT_DIR=/opt/hostedtoolcache/Python/3.7.11/x64\n[138d9fda-0a9c-4647-b0d8-325369659c31/build]   \u2699  ::set-output:: python-version=3.7.11\n[138d9fda-0a9c-4647-b0d8-325369659c31/build]   \u2699  ::set-output:: python-path=/opt/hostedtoolcache/Python/3.7.11/x64/bin/python\n[138d9fda-0a9c-4647-b0d8-325369659c31/build]   \u2699  ::add-path:: /opt/hostedtoolcache/Python/3.7.11/x64\n[138d9fda-0a9c-4647-b0d8-325369659c31/build]   \u2699  ::add-path:: /opt/hostedtoolcache/Python/3.7.11/x64/bin\n[138d9fda-0a9c-4647-b0d8-325369659c31/build] \u2b50 Run Main Use Node.js 12\n[138d9fda-0a9c-4647-b0d8-325369659c31/build]   \ud83d\udc33  docker cp src=/tmp/act-cache/c4fa7476-2131-49b8-8cad-2e7084db8636/act/actions-setup-node@v3/ dst=/var/run/act/actions/actions-setup-node@v3/\n[138d9fda-0a9c-4647-b0d8-325369659c31/build]   \ud83d\udc33  docker exec cmd=[chown -R 1012:1013 /var/run/act/actions/actions-setup-node@v3/] user=0 workdir=\n[138d9fda-0a9c-4647-b0d8-325369659c31/build]   \ud83d\udc33  docker exec cmd=[node /var/run/act/actions/actions-setup-node@v3/dist/setup/index.js] user= workdir=\n[138d9fda-0a9c-4647-b0d8-325369659c31/build]   \ud83d\udcac  ::debug::isExplicit: \n[138d9fda-0a9c-4647-b0d8-325369659c31/build]   \ud83d\udcac  ::debug::explicit? false\n[138d9fda-0a9c-4647-b0d8-325369659c31/build]   \ud83d\udcac  ::debug::isExplicit: 10.24.1\n[138d9fda-0a9c-4647-b0d8-325369659c31/build]   \ud83d\udcac  ::debug::explicit? true\n[138d9fda-0a9c-4647-b0d8-325369659c31/build]   \ud83d\udcac  ::debug::isExplicit: 12.22.6\n[138d9fda-0a9c-4647-b0d8-325369659c31/build]   \ud83d\udcac  ::debug::explicit? true\n[138d9fda-0a9c-4647-b0d8-325369659c31/build]   \ud83d\udcac  ::debug::isExplicit: 14.17.5\n[138d9fda-0a9c-4647-b0d8-325369659c31/build]   \ud83d\udcac  ::debug::explicit? true\n[138d9fda-0a9c-4647-b0d8-325369659c31/build]   \ud83d\udcac  ::debug::isExplicit: 14.17.6\n[138d9fda-0a9c-4647-b0d8-325369659c31/build]   \ud83d\udcac  ::debug::explicit? true\n[138d9fda-0a9c-4647-b0d8-325369659c31/build]   \ud83d\udcac  ::debug::evaluating 3 versions\n[138d9fda-0a9c-4647-b0d8-325369659c31/build]   \ud83d\udcac  ::debug::matched: 12.22.6\n[138d9fda-0a9c-4647-b0d8-325369659c31/build]   \ud83d\udcac  ::debug::checking cache: /opt/hostedtoolcache/node/12.22.6/x64\n[138d9fda-0a9c-4647-b0d8-325369659c31/build]   \ud83d\udcac  ::debug::Found tool in cache node 12.22.6 x64\n[138d9fda-0a9c-4647-b0d8-325369659c31/build]   | Found in cache @ /opt/hostedtoolcache/node/12.22.6/x64\n[138d9fda-0a9c-4647-b0d8-325369659c31/build]   \u2753  ::group::Environment details\n[138d9fda-0a9c-4647-b0d8-325369659c31/build]   | node: v12.22.6\n[138d9fda-0a9c-4647-b0d8-325369659c31/build]   | npm: 6.14.15\n[138d9fda-0a9c-4647-b0d8-325369659c31/build]   | yarn: 1.22.11\n[138d9fda-0a9c-4647-b0d8-325369659c31/build]   \u2753  ::endgroup::\n[138d9fda-0a9c-4647-b0d8-325369659c31/build]   \u2753 add-matcher /run/act/actions/actions-setup-node@v3/.github/tsc.json\n[138d9fda-0a9c-4647-b0d8-325369659c31/build]   \u2753 add-matcher /run/act/actions/actions-setup-node@v3/.github/eslint-stylish.json\n[138d9fda-0a9c-4647-b0d8-325369659c31/build]   \u2753 add-matcher /run/act/actions/actions-setup-node@v3/.github/eslint-compact.json\n[138d9fda-0a9c-4647-b0d8-325369659c31/build]   \u2705  Success - Main Use Node.js 12\n[138d9fda-0a9c-4647-b0d8-325369659c31/build]   \u2699  ::set-output:: node-version=v12.22.6\n[138d9fda-0a9c-4647-b0d8-325369659c31/build]   \u2699  ::add-path:: /opt/hostedtoolcache/node/12.22.6/x64/bin\n[138d9fda-0a9c-4647-b0d8-325369659c31/build] \u2b50 Run Main Install dependencies\n[138d9fda-0a9c-4647-b0d8-325369659c31/build]   \ud83d\udc33  docker exec cmd=[bash --noprofile --norc -e -o pipefail /var/run/act/workflow/3] user= workdir=\n[138d9fda-0a9c-4647-b0d8-325369659c31/build]   | Requirement already satisfied: pip in /opt/hostedtoolcache/Python/3.7.11/x64/lib/python3.7/site-packages (21.2.4)\n[138d9fda-0a9c-4647-b0d8-325369659c31/build]   | Collecting pip\n[138d9fda-0a9c-4647-b0d8-325369659c31/build]   |   Downloading pip-23.1.2-py3-none-any.whl (2.1 MB)\n[138d9fda-0a9c-4647-b0d8-325369659c31/build]   | Installing collected packages: pip\n[138d9fda-0a9c-4647-b0d8-325369659c31/build]   |   Attempting uninstall: pip\n[138d9fda-0a9c-4647-b0d8-325369659c31/build]   |     Found existing installation: pip 21.2.4\n[138d9fda-0a9c-4647-b0d8-325369659c31/build]   |     Uninstalling pip-21.2.4:\n[138d9fda-0a9c-4647-b0d8-325369659c31/build]   |       Successfully uninstalled pip-21.2.4\n[138d9fda-0a9c-4647-b0d8-325369659c31/build]   | Successfully installed pip-23.1.2\n[138d9fda-0a9c-4647-b0d8-325369659c31/build]   | Obtaining file:///tmp/558156d8-17ed-11ee-8a50-bb14de238602/sonic182-aiosonic\n[138d9fda-0a9c-4647-b0d8-325369659c31/build]   |   Installing build dependencies: started\n[138d9fda-0a9c-4647-b0d8-325369659c31/build]   |   Installing build dependencies: finished with status 'done'\n[138d9fda-0a9c-4647-b0d8-325369659c31/build]   |   Checking if build backend supports build_editable: started\n[138d9fda-0a9c-4647-b0d8-325369659c31/build]   |   Checking if build backend supports build_editable: finished with status 'done'\n[138d9fda-0a9c-4647-b0d8-325369659c31/build]   |   Getting requirements to build editable: started\n[138d9fda-0a9c-4647-b0d8-325369659c31/build]   |   Getting requirements to build editable: finished with status 'done'\n[138d9fda-0a9c-4647-b0d8-325369659c31/build]   |   Installing backend dependencies: started\n[138d9fda-0a9c-4647-b0d8-325369659c31/build]   |   Installing backend dependencies: finished with status 'done'\n[138d9fda-0a9c-4647-b0d8-325369659c31/build]   |   Preparing editable metadata (pyproject.toml): started\n[138d9fda-0a9c-4647-b0d8-325369659c31/build]   |   Preparing editable metadata (pyproject.toml): finished with status 'done'\n[138d9fda-0a9c-4647-b0d8-325369659c31/build]   | Collecting charset-normalizer==3.1.0 (from aiosonic==0.16.1)\n[138d9fda-0a9c-4647-b0d8-325369659c31/build]   |   Downloading charset_normalizer-3.1.0-cp37-cp37m-manylinux_2_17_x86_64.manylinux2014_x86_64.whl (171 kB)\n[138d9fda-0a9c-4647-b0d8-325369659c31/build]   |      \u2501\u2501\u2501\u2501\u2501\u2501\u2501\u2501\u2501\u2501\u2501\u2501\u2501\u2501\u2501\u2501\u2501\u2501\u2501\u2501\u2501\u2501\u2501\u2501\u2501\u2501\u2501\u2501\u2501\u2501\u2501\u2501\u2501\u2501\u2501\u2501\u2501\u2501\u2501 171.0/171.0 kB 1.6 MB/s eta 0:00:00\n[138d9fda-0a9c-4647-b0d8-325369659c31/build]   | Collecting h2==4.1.0 (from aiosonic==0.16.1)\n[138d9fda-0a9c-4647-b0d8-325369659c31/build]   |   Downloading h2-4.1.0-py3-none-any.whl (57 kB)\n[138d9fda-0a9c-4647-b0d8-325369659c31/build]   |      \u2501\u2501\u2501\u2501\u2501\u2501\u2501\u2501\u2501\u2501\u2501\u2501\u2501\u2501\u2501\u2501\u2501\u2501\u2501\u2501\u2501\u2501\u2501\u2501\u2501\u2501\u2501\u2501\u2501\u2501\u2501\u2501\u2501\u2501\u2501\u2501\u2501\u2501\u2501\u2501 57.5/57.5 kB 4.9 MB/s eta 0:00:00\n[138d9fda-0a9c-4647-b0d8-325369659c31/build]   | Collecting hpack==4.0.0 (from aiosonic==0.16.1)\n[138d9fda-0a9c-4647-b0d8-325369659c31/build]   |   Downloading hpack-4.0.0-py3-none-any.whl (32 kB)\n[138d9fda-0a9c-4647-b0d8-325369659c31/build]   | Collecting hyperframe==6.0.1 (from aiosonic==0.16.1)\n[138d9fda-0a9c-4647-b0d8-325369659c31/build]   |   Downloading hyperframe-6.0.1-py3-none-any.whl (12 kB)\n[138d9fda-0a9c-4647-b0d8-325369659c31/build]   | Collecting onecache==0.5.0 (from aiosonic==0.16.1)\n[138d9fda-0a9c-4647-b0d8-325369659c31/build]   |   Downloading onecache-0.5.0.tar.gz (45 kB)\n[138d9fda-0a9c-4647-b0d8-325369659c31/build]   |      \u2501\u2501\u2501\u2501\u2501\u2501\u2501\u2501\u2501\u2501\u2501\u2501\u2501\u2501\u2501\u2501\u2501\u2501\u2501\u2501\u2501\u2501\u2501\u2501\u2501\u2501\u2501\u2501\u2501\u2501\u2501\u2501\u2501\u2501\u2501\u2501\u2501\u2501\u2501\u2501 45.0/45.0 kB 1.9 MB/s eta 0:00:00\n[138d9fda-0a9c-4647-b0d8-325369659c31/build]   |   Installing build dependencies: started\n[138d9fda-0a9c-4647-b0d8-325369659c31/build]   |   Installing build dependencies: finished with status 'done'\n[138d9fda-0a9c-4647-b0d8-325369659c31/build]   |   Getting requirements to build wheel: started\n[138d9fda-0a9c-4647-b0d8-325369659c31/build]   |   Getting requirements to build wheel: finished with status 'done'\n[138d9fda-0a9c-4647-b0d8-325369659c31/build]   |   Preparing metadata (pyproject.toml): started\n[138d9fda-0a9c-4647-b0d8-325369659c31/build]   |   Preparing metadata (pyproject.toml): finished with status 'done'\n[138d9fda-0a9c-4647-b0d8-325369659c31/build]   | Collecting aiodns==3.0.0 (from aiosonic==0.16.1)\n[138d9fda-0a9c-4647-b0d8-325369659c31/build]   |   Downloading aiodns-3.0.0-py3-none-any.whl (5.0 kB)\n[138d9fda-0a9c-4647-b0d8-325369659c31/build]   | Collecting aiohttp==3.8.4 (from aiosonic==0.16.1)\n[138d9fda-0a9c-4647-b0d8-325369659c31/build]   |   Downloading aiohttp-3.8.4-cp37-cp37m-manylinux_2_17_x86_64.manylinux2014_x86_64.whl (948 kB)\n[138d9fda-0a9c-4647-b0d8-325369659c31/build]   |      \u2501\u2501\u2501\u2501\u2501\u2501\u2501\u2501\u2501\u2501\u2501\u2501\u2501\u2501\u2501\u2501\u2501\u2501\u2501\u2501\u2501\u2501\u2501\u2501\u2501\u2501\u2501\u2501\u2501\u2501\u2501\u2501\u2501\u2501\u2501\u2501\u2501\u2501 948.1/948.1 kB 36.1 MB/s eta 0:00:00\n[138d9fda-0a9c-4647-b0d8-325369659c31/build]   | Collecting aiosignal==1.3.1 (from aiosonic==0.16.1)\n[138d9fda-0a9c-4647-b0d8-325369659c31/build]   |   Downloading aiosignal-1.3.1-py3-none-any.whl (7.6 kB)\n[138d9fda-0a9c-4647-b0d8-325369659c31/build]   | Collecting anyio==3.6.2 (from aiosonic==0.16.1)\n[138d9fda-0a9c-4647-b0d8-325369659c31/build]   |   Downloading anyio-3.6.2-py3-none-any.whl (80 kB)\n[138d9fda-0a9c-4647-b0d8-325369659c31/build]   |      \u2501\u2501\u2501\u2501\u2501\u2501\u2501\u2501\u2501\u2501\u2501\u2501\u2501\u2501\u2501\u2501\u2501\u2501\u2501\u2501\u2501\u2501\u2501\u2501\u2501\u2501\u2501\u2501\u2501\u2501\u2501\u2501\u2501\u2501\u2501\u2501\u2501\u2501\u2501\u2501 80.6/80.6 kB 7.3 MB/s eta 0:00:00\n[138d9fda-0a9c-4647-b0d8-325369659c31/build]   | Collecting asgiref==3.4.1 (from aiosonic==0.16.1)\n[138d9fda-0a9c-4647-b0d8-325369659c31/build]   |   Downloading asgiref-3.4.1-py3-none-any.whl (25 kB)\n[138d9fda-0a9c-4647-b0d8-325369659c31/build]   | Collecting async-timeout==4.0.2 (from aiosonic==0.16.1)\n[138d9fda-0a9c-4647-b0d8-325369659c31/build]   |   Downloading async_timeout-4.0.2-py3-none-any.whl (5.8 kB)\n[138d9fda-0a9c-4647-b0d8-325369659c31/build]   | Collecting attrs==22.2.0 (from aiosonic==0.16.1)\n[138d9fda-0a9c-4647-b0d8-325369659c31/build]   |   Downloading attrs-22.2.0-py3-none-any.whl (60 kB)\n[138d9fda-0a9c-4647-b0d8-325369659c31/build]   |      \u2501\u2501\u2501\u2501\u2501\u2501\u2501\u2501\u2501\u2501\u2501\u2501\u2501\u2501\u2501\u2501\u2501\u2501\u2501\u2501\u2501\u2501\u2501\u2501\u2501\u2501\u2501\u2501\u2501\u2501\u2501\u2501\u2501\u2501\u2501\u2501\u2501\u2501\u2501\u2501 60.0/60.0 kB 5.7 MB/s eta 0:00:00\n[138d9fda-0a9c-4647-b0d8-325369659c31/build]   | Collecting black==23.1.0 (from aiosonic==0.16.1)\n[138d9fda-0a9c-4647-b0d8-325369659c31/build]   |   Downloading black-23.1.0-cp37-cp37m-manylinux_2_17_x86_64.manylinux2014_x86_64.whl (1.5 MB)\n[138d9fda-0a9c-4647-b0d8-325369659c31/build]   |      \u2501\u2501\u2501\u2501\u2501\u2501\u2501\u2501\u2501\u2501\u2501\u2501\u2501\u2501\u2501\u2501\u2501\u2501\u2501\u2501\u2501\u2501\u2501\u2501\u2501\u2501\u2501\u2501\u2501\u2501\u2501\u2501\u2501\u2501\u2501\u2501\u2501\u2501\u2501\u2501 1.5/1.5 MB 7.8 MB/s eta 0:00:00\n[138d9fda-0a9c-4647-b0d8-325369659c31/build]   | Collecting certifi==2022.12.7 (from aiosonic==0.16.1)\n[138d9fda-0a9c-4647-b0d8-325369659c31/build]   |   Downloading certifi-2022.12.7-py3-none-any.whl (155 kB)\n[138d9fda-0a9c-4647-b0d8-325369659c31/build]   |      \u2501\u2501\u2501\u2501\u2501\u2501\u2501\u2501\u2501\u2501\u2501\u2501\u2501\u2501\u2501\u2501\u2501\u2501\u2501\u2501\u2501\u2501\u2501\u2501\u2501\u2501\u2501\u2501\u2501\u2501\u2501\u2501\u2501\u2501\u2501\u2501\u2501\u2501\u2501 155.3/155.3 kB 5.7 MB/s eta 0:00:00\n[138d9fda-0a9c-4647-b0d8-325369659c31/build]   | Collecting cffi==1.15.1 (from aiosonic==0.16.1)\n[138d9fda-0a9c-4647-b0d8-325369659c31/build]   |   Downloading cffi-1.15.1-cp37-cp37m-manylinux_2_17_x86_64.manylinux2014_x86_64.whl (427 kB)\n[138d9fda-0a9c-4647-b0d8-325369659c31/build]   |      \u2501\u2501\u2501\u2501\u2501\u2501\u2501\u2501\u2501\u2501\u2501\u2501\u2501\u2501\u2501\u2501\u2501\u2501\u2501\u2501\u2501\u2501\u2501\u2501\u2501\u2501\u2501\u2501\u2501\u2501\u2501\u2501\u2501\u2501\u2501\u2501\u2501\u2501\u2501 427.9/427.9 kB 4.2 MB/s eta 0:00:00\n[138d9fda-0a9c-4647-b0d8-325369659c31/build]   | Collecting click==8.0.4 (from aiosonic==0.16.1)\n[138d9fda-0a9c-4647-b0d8-325369659c31/build]   |   Downloading click-8.0.4-py3-none-any.whl (97 kB)\n[138d9fda-0a9c-4647-b0d8-325369659c31/build]   |      \u2501\u2501\u2501\u2501\u2501\u2501\u2501\u2501\u2501\u2501\u2501\u2501\u2501\u2501\u2501\u2501\u2501\u2501\u2501\u2501\u2501\u2501\u2501\u2501\u2501\u2501\u2501\u2501\u2501\u2501\u2501\u2501\u2501\u2501\u2501\u2501\u2501\u2501\u2501 97.5/97.5 kB 333.2 kB/s eta 0:00:00\n[138d9fda-0a9c-4647-b0d8-325369659c31/build]   | Collecting coverage[toml]==6.5.0 (from aiosonic==0.16.1)\n[138d9fda-0a9c-4647-b0d8-325369659c31/build]   |   Downloading coverage-6.5.0-cp37-cp37m-manylinux_2_5_x86_64.manylinux1_x86_64.manylinux_2_17_x86_64.manylinux2014_x86_64.whl (210 kB)\n[138d9fda-0a9c-4647-b0d8-325369659c31/build]   |      \u2501\u2501\u2501\u2501\u2501\u2501\u2501\u2501\u2501\u2501\u2501\u2501\u2501\u2501\u2501\u2501\u2501\u2501\u2501\u2501\u2501\u2501\u2501\u2501\u2501\u2501\u2501\u2501\u2501\u2501\u2501\u2501\u2501\u2501\u2501\u2501\u2501\u2501\u2501 210.1/210.1 kB 2.7 MB/s eta 0:00:00\n[138d9fda-0a9c-4647-b0d8-325369659c31/build]   | Collecting coveralls==3.3.1 (from aiosonic==0.16.1)\n[138d9fda-0a9c-4647-b0d8-325369659c31/build]   |   Downloading coveralls-3.3.1-py2.py3-none-any.whl (14 kB)\n[138d9fda-0a9c-4647-b0d8-325369659c31/build]   | Collecting django==3.2.18 (from aiosonic==0.16.1)\n[138d9fda-0a9c-4647-b0d8-325369659c31/build]   |   Downloading Django-3.2.18-py3-none-any.whl (7.9 MB)\n[138d9fda-0a9c-4647-b0d8-325369659c31/build]   |      \u2501\u2501\u2501\u2501\u2501\u2501\u2501\u2501\u2501\u2501\u2501\u2501\u2501\u2501\u2501\u2501\u2501\u2501\u2501\u2501\u2501\u2501\u2501\u2501\u2501\u2501\u2501\u2501\u2501\u2501\u2501\u2501\u2501\u2501\u2501\u2501\u2501\u2501\u2501\u2501 7.9/7.9 MB 9.3 MB/s eta 0:00:00\n[138d9fda-0a9c-4647-b0d8-325369659c31/build]   | Collecting docopt==0.6.2 (from aiosonic==0.16.1)\n[138d9fda-0a9c-4647-b0d8-325369659c31/build]   |   Downloading docopt-0.6.2.tar.gz (25 kB)\n[138d9fda-0a9c-4647-b0d8-325369659c31/build]   |   Installing build dependencies: started\n[138d9fda-0a9c-4647-b0d8-325369659c31/build]   |   Installing build dependencies: finished with status 'done'\n[138d9fda-0a9c-4647-b0d8-325369659c31/build]   |   Getting requirements to build wheel: started\n[138d9fda-0a9c-4647-b0d8-325369659c31/build]   |   Getting requirements to build wheel: finished with status 'done'\n[138d9fda-0a9c-4647-b0d8-325369659c31/build]   |   Preparing metadata (pyproject.toml): started\n[138d9fda-0a9c-4647-b0d8-325369659c31/build]   |   Preparing metadata (pyproject.toml): finished with status 'done'\n[138d9fda-0a9c-4647-b0d8-325369659c31/build]   | Collecting exceptiongroup==1.1.1 (from aiosonic==0.16.1)\n[138d9fda-0a9c-4647-b0d8-325369659c31/build]   |   Downloading exceptiongroup-1.1.1-py3-none-any.whl (14 kB)\n[138d9fda-0a9c-4647-b0d8-325369659c31/build]   | Collecting filelock==3.10.6 (from aiosonic==0.16.1)\n[138d9fda-0a9c-4647-b0d8-325369659c31/build]   |   Downloading filelock-3.10.6-py3-none-any.whl (10 kB)\n[138d9fda-0a9c-4647-b0d8-325369659c31/build]   | Collecting frozenlist==1.3.3 (from aiosonic==0.16.1)\n[138d9fda-0a9c-4647-b0d8-325369659c31/build]   |   Downloading frozenlist-1.3.3-cp37-cp37m-manylinux_2_5_x86_64.manylinux1_x86_64.manylinux_2_17_x86_64.manylinux2014_x86_64.whl (148 kB)\n[138d9fda-0a9c-4647-b0d8-325369659c31/build]   |      \u2501\u2501\u2501\u2501\u2501\u2501\u2501\u2501\u2501\u2501\u2501\u2501\u2501\u2501\u2501\u2501\u2501\u2501\u2501\u2501\u2501\u2501\u2501\u2501\u2501\u2501\u2501\u2501\u2501\u2501\u2501\u2501\u2501\u2501\u2501\u2501\u2501\u2501\u2501 148.0/148.0 kB 1.2 MB/s eta 0:00:00\n[138d9fda-0a9c-4647-b0d8-325369659c31/build]   | Collecting h11==0.14.0 (from aiosonic==0.16.1)\n[138d9fda-0a9c-4647-b0d8-325369659c31/build]   |   Downloading h11-0.14.0-py3-none-any.whl (58 kB)\n[138d9fda-0a9c-4647-b0d8-325369659c31/build]   |      \u2501\u2501\u2501\u2501\u2501\u2501\u2501\u2501\u2501\u2501\u2501\u2501\u2501\u2501\u2501\u2501\u2501\u2501\u2501\u2501\u2501\u2501\u2501\u2501\u2501\u2501\u2501\u2501\u2501\u2501\u2501\u2501\u2501\u2501\u2501\u2501\u2501\u2501\u2501 58.3/58.3 kB 811.7 kB/s eta 0:00:00\n[138d9fda-0a9c-4647-b0d8-325369659c31/build]   | Collecting httpcore==0.16.3 (from aiosonic==0.16.1)\n[138d9fda-0a9c-4647-b0d8-325369659c31/build]   |   Downloading httpcore-0.16.3-py3-none-any.whl (69 kB)\n[138d9fda-0a9c-4647-b0d8-325369659c31/build]   |      \u2501\u2501\u2501\u2501\u2501\u2501\u2501\u2501\u2501\u2501\u2501\u2501\u2501\u2501\u2501\u2501\u2501\u2501\u2501\u2501\u2501\u2501\u2501\u2501\u2501\u2501\u2501\u2501\u2501\u2501\u2501\u2501\u2501\u2501\u2501\u2501\u2501\u2501\u2501\u2501 69.6/69.6 kB 6.4 MB/s eta 0:00:00\n[138d9fda-0a9c-4647-b0d8-325369659c31/build]   | Collecting httpx==0.23.3 (from aiosonic==0.16.1)\n[138d9fda-0a9c-4647-b0d8-325369659c31/build]   |   Downloading httpx-0.23.3-py3-none-any.whl (71 kB)\n[138d9fda-0a9c-4647-b0d8-325369659c31/build]   |      \u2501\u2501\u2501\u2501\u2501\u2501\u2501\u2501\u2501\u2501\u2501\u2501\u2501\u2501\u2501\u2501\u2501\u2501\u2501\u2501\u2501\u2501\u2501\u2501\u2501\u2501\u2501\u2501\u2501\u2501\u2501\u2501\u2501\u2501\u2501\u2501\u2501\u2501\u2501\u2501 71.5/71.5 kB 2.4 MB/s eta 0:00:00\n[138d9fda-0a9c-4647-b0d8-325369659c31/build]   | Collecting idna==3.4 (from aiosonic==0.16.1)\n[138d9fda-0a9c-4647-b0d8-325369659c31/build]   |   Downloading idna-3.4-py3-none-any.whl (61 kB)\n[138d9fda-0a9c-4647-b0d8-325369659c31/build]   |      \u2501\u2501\u2501\u2501\u2501\u2501\u2501\u2501\u2501\u2501\u2501\u2501\u2501\u2501\u2501\u2501\u2501\u2501\u2501\u2501\u2501\u2501\u2501\u2501\u2501\u2501\u2501\u2501\u2501\u2501\u2501\u2501\u2501\u2501\u2501\u2501\u2501\u2501\u2501\u2501 61.5/61.5 kB 5.9 MB/s eta 0:00:00\n[138d9fda-0a9c-4647-b0d8-325369659c31/build]   | Collecting iniconfig==2.0.0 (from aiosonic==0.16.1)\n[138d9fda-0a9c-4647-b0d8-325369659c31/build]   |   Downloading iniconfig-2.0.0-py3-none-any.whl (5.9 kB)\n[138d9fda-0a9c-4647-b0d8-325369659c31/build]   | Collecting multidict==6.0.4 (from aiosonic==0.16.1)\n[138d9fda-0a9c-4647-b0d8-325369659c31/build]   |   Downloading multidict-6.0.4-cp37-cp37m-manylinux_2_17_x86_64.manylinux2014_x86_64.whl (94 kB)\n[138d9fda-0a9c-4647-b0d8-325369659c31/build]   |      \u2501\u2501\u2501\u2501\u2501\u2501\u2501\u2501\u2501\u2501\u2501\u2501\u2501\u2501\u2501\u2501\u2501\u2501\u2501\u2501\u2501\u2501\u2501\u2501\u2501\u2501\u2501\u2501\u2501\u2501\u2501\u2501\u2501\u2501\u2501\u2501\u2501\u2501\u2501\u2501 94.8/94.8 kB 1.3 MB/s eta 0:00:00\n[138d9fda-0a9c-4647-b0d8-325369659c31/build]   | Collecting packaging==23.0 (from aiosonic==0.16.1)\n[138d9fda-0a9c-4647-b0d8-325369659c31/build]   |   Downloading packaging-23.0-py3-none-any.whl (42 kB)\n[138d9fda-0a9c-4647-b0d8-325369659c31/build]   |      \u2501\u2501\u2501\u2501\u2501\u2501\u2501\u2501\u2501\u2501\u2501\u2501\u2501\u2501\u2501\u2501\u2501\u2501\u2501\u2501\u2501\u2501\u2501\u2501\u2501\u2501\u2501\u2501\u2501\u2501\u2501\u2501\u2501\u2501\u2501\u2501\u2501\u2501\u2501 42.7/42.7 kB 427.4 kB/s eta 0:00:00\n[138d9fda-0a9c-4647-b0d8-325369659c31/build]   | Collecting pathspec==0.11.1 (from aiosonic==0.16.1)\n[138d9fda-0a9c-4647-b0d8-325369659c31/build]   |   Downloading pathspec-0.11.1-py3-none-any.whl (29 kB)\n[138d9fda-0a9c-4647-b0d8-325369659c31/build]   | Collecting platformdirs==3.2.0 (from aiosonic==0.16.1)\n[138d9fda-0a9c-4647-b0d8-325369659c31/build]   |   Downloading platformdirs-3.2.0-py3-none-any.whl (14 kB)\n[138d9fda-0a9c-4647-b0d8-325369659c31/build]   | Collecting pluggy==1.0.0 (from aiosonic==0.16.1)\n[138d9fda-0a9c-4647-b0d8-325369659c31/build]   |   Downloading pluggy-1.0.0-py2.py3-none-any.whl (13 kB)\n[138d9fda-0a9c-4647-b0d8-325369659c31/build]   | Collecting proxy-py==2.4.3 (from aiosonic==0.16.1)\n[138d9fda-0a9c-4647-b0d8-325369659c31/build]   |   Downloading proxy.py-2.4.3-py3-none-any.whl (206 kB)\n[138d9fda-0a9c-4647-b0d8-325369659c31/build]   |      \u2501\u2501\u2501\u2501\u2501\u2501\u2501\u2501\u2501\u2501\u2501\u2501\u2501\u2501\u2501\u2501\u2501\u2501\u2501\u2501\u2501\u2501\u2501\u2501\u2501\u2501\u2501\u2501\u2501\u2501\u2501\u2501\u2501\u2501\u2501\u2501\u2501\u2501 206.1/206.1 kB 11.6 MB/s eta 0:00:00\n[138d9fda-0a9c-4647-b0d8-325369659c31/build]   | Collecting pycares==4.3.0 (from aiosonic==0.16.1)\n[138d9fda-0a9c-4647-b0d8-325369659c31/build]   |   Downloading pycares-4.3.0-cp37-cp37m-manylinux_2_17_x86_64.manylinux2014_x86_64.whl (288 kB)\n[138d9fda-0a9c-4647-b0d8-325369659c31/build]   |      \u2501\u2501\u2501\u2501\u2501\u2501\u2501\u2501\u2501\u2501\u2501\u2501\u2501\u2501\u2501\u2501\u2501\u2501\u2501\u2501\u2501\u2501\u2501\u2501\u2501\u2501\u2501\u2501\u2501\u2501\u2501\u2501\u2501\u2501\u2501\u2501\u2501\u2501\u2501 288.1/288.1 kB 5.4 MB/s eta 0:00:00\n[138d9fda-0a9c-4647-b0d8-325369659c31/build]   | Collecting pycparser==2.21 (from aiosonic==0.16.1)\n[138d9fda-0a9c-4647-b0d8-325369659c31/build]   |   Downloading pycparser-2.21-py2.py3-none-any.whl (118 kB)\n[138d9fda-0a9c-4647-b0d8-325369659c31/build]   |      \u2501\u2501\u2501\u2501\u2501\u2501\u2501\u2501\u2501\u2501\u2501\u2501\u2501\u2501\u2501\u2501\u2501\u2501\u2501\u2501\u2501\u2501\u2501\u2501\u2501\u2501\u2501\u2501\u2501\u2501\u2501\u2501\u2501\u2501\u2501\u2501\u2501\u2501\u2501 118.7/118.7 kB 6.0 MB/s eta 0:00:00\n[138d9fda-0a9c-4647-b0d8-325369659c31/build]   | Collecting pytest==7.2.2 (from aiosonic==0.16.1)\n[138d9fda-0a9c-4647-b0d8-325369659c31/build]   |   Downloading pytest-7.2.2-py3-none-any.whl (317 kB)\n[138d9fda-0a9c-4647-b0d8-325369659c31/build]   |      \u2501\u2501\u2501\u2501\u2501\u2501\u2501\u2501\u2501\u2501\u2501\u2501\u2501\u2501\u2501\u2501\u2501\u2501\u2501\u2501\u2501\u2501\u2501\u2501\u2501\u2501\u2501\u2501\u2501\u2501\u2501\u2501\u2501\u2501\u2501\u2501\u2501\u2501\u2501 317.2/317.2 kB 9.7 MB/s eta 0:00:00\n[138d9fda-0a9c-4647-b0d8-325369659c31/build]   | Collecting pytest-aiohttp==1.0.4 (from aiosonic==0.16.1)\n[138d9fda-0a9c-4647-b0d8-325369659c31/build]   |   Downloading pytest_aiohttp-1.0.4-py3-none-any.whl (8.6 kB)\n[138d9fda-0a9c-4647-b0d8-325369659c31/build]   | Collecting pytest-asyncio==0.21.0 (from aiosonic==0.16.1)\n[138d9fda-0a9c-4647-b0d8-325369659c31/build]   |   Downloading pytest_asyncio-0.21.0-py3-none-any.whl (13 kB)\n[138d9fda-0a9c-4647-b0d8-325369659c31/build]   | Collecting pytest-black==0.3.12 (from aiosonic==0.16.1)\n[138d9fda-0a9c-4647-b0d8-325369659c31/build]   |   Downloading pytest-black-0.3.12.tar.gz (6.9 kB)\n[138d9fda-0a9c-4647-b0d8-325369659c31/build]   |   Installing build dependencies: started\n[138d9fda-0a9c-4647-b0d8-325369659c31/build]   |   Installing build dependencies: finished with status 'done'\n[138d9fda-0a9c-4647-b0d8-325369659c31/build]   |   Getting requirements to build wheel: started\n[138d9fda-0a9c-4647-b0d8-325369659c31/build]   |   Getting requirements to build wheel: finished with status 'done'\n[138d9fda-0a9c-4647-b0d8-325369659c31/build]   |   Installing backend dependencies: started\n[138d9fda-0a9c-4647-b0d8-325369659c31/build]   |   Installing backend dependencies: finished with status 'done'\n[138d9fda-0a9c-4647-b0d8-325369659c31/build]   |   Preparing metadata (pyproject.toml): started\n[138d9fda-0a9c-4647-b0d8-325369659c31/build]   |   Preparing metadata (pyproject.toml): finished with status 'done'\n[138d9fda-0a9c-4647-b0d8-325369659c31/build]   | Collecting pytest-cov==4.0.0 (from aiosonic==0.16.1)\n[138d9fda-0a9c-4647-b0d8-325369659c31/build]   |   Downloading pytest_cov-4.0.0-py3-none-any.whl (21 kB)\n[138d9fda-0a9c-4647-b0d8-325369659c31/build]   | Collecting pytest-django==4.5.2 (from aiosonic==0.16.1)\n[138d9fda-0a9c-4647-b0d8-325369659c31/build]   |   Downloading pytest_django-4.5.2-py3-none-any.whl (20 kB)\n[138d9fda-0a9c-4647-b0d8-325369659c31/build]   | Collecting pytest-mock==3.10.0 (from aiosonic==0.16.1)\n[138d9fda-0a9c-4647-b0d8-325369659c31/build]   |   Downloading pytest_mock-3.10.0-py3-none-any.whl (9.3 kB)\n[138d9fda-0a9c-4647-b0d8-325369659c31/build]   | Collecting pytest-sugar==0.9.6 (from aiosonic==0.16.1)\n[138d9fda-0a9c-4647-b0d8-325369659c31/build]   |   Downloading pytest_sugar-0.9.6-py2.py3-none-any.whl (9.1 kB)\n[138d9fda-0a9c-4647-b0d8-325369659c31/build]   | Collecting pytest-timeout==2.1.0 (from aiosonic==0.16.1)\n[138d9fda-0a9c-4647-b0d8-325369659c31/build]   |   Downloading pytest_timeout-2.1.0-py3-none-any.whl (12 kB)\n[138d9fda-0a9c-4647-b0d8-325369659c31/build]   | Collecting pytz==2023.2 (from aiosonic==0.16.1)\n[138d9fda-0a9c-4647-b0d8-325369659c31/build]   |   Downloading pytz-2023.2-py2.py3-none-any.whl (502 kB)\n[138d9fda-0a9c-4647-b0d8-325369659c31/build]   |      \u2501\u2501\u2501\u2501\u2501\u2501\u2501\u2501\u2501\u2501\u2501\u2501\u2501\u2501\u2501\u2501\u2501\u2501\u2501\u2501\u2501\u2501\u2501\u2501\u2501\u2501\u2501\u2501\u2501\u2501\u2501\u2501\u2501\u2501\u2501\u2501\u2501\u2501 502.1/502.1 kB 10.6 MB/s eta 0:00:00\n[138d9fda-0a9c-4647-b0d8-325369659c31/build]   | Collecting requests==2.28.2 (from aiosonic==0.16.1)\n[138d9fda-0a9c-4647-b0d8-325369659c31/build]   |   Downloading requests-2.28.2-py3-none-any.whl (62 kB)\n[138d9fda-0a9c-4647-b0d8-325369659c31/build]   |      \u2501\u2501\u2501\u2501\u2501\u2501\u2501\u2501\u2501\u2501\u2501\u2501\u2501\u2501\u2501\u2501\u2501\u2501\u2501\u2501\u2501\u2501\u2501\u2501\u2501\u2501\u2501\u2501\u2501\u2501\u2501\u2501\u2501\u2501\u2501\u2501\u2501\u2501\u2501 62.8/62.8 kB 733.7 kB/s eta 0:00:00\n[138d9fda-0a9c-4647-b0d8-325369659c31/build]   | Collecting rfc3986[idna2008]==1.5.0 (from aiosonic==0.16.1)\n[138d9fda-0a9c-4647-b0d8-325369659c31/build]   |   Downloading rfc3986-1.5.0-py2.py3-none-any.whl (31 kB)\n[138d9fda-0a9c-4647-b0d8-325369659c31/build]   | Collecting sniffio==1.3.0 (from aiosonic==0.16.1)\n[138d9fda-0a9c-4647-b0d8-325369659c31/build]   |   Downloading sniffio-1.3.0-py3-none-any.whl (10 kB)\n[138d9fda-0a9c-4647-b0d8-325369659c31/build]   | Collecting sqlparse==0.4.3 (from aiosonic==0.16.1)\n[138d9fda-0a9c-4647-b0d8-325369659c31/build]   |   Downloading sqlparse-0.4.3-py3-none-any.whl (42 kB)\n[138d9fda-0a9c-4647-b0d8-325369659c31/build]   |      \u2501\u2501\u2501\u2501\u2501\u2501\u2501\u2501\u2501\u2501\u2501\u2501\u2501\u2501\u2501\u2501\u2501\u2501\u2501\u2501\u2501\u2501\u2501\u2501\u2501\u2501\u2501\u2501\u2501\u2501\u2501\u2501\u2501\u2501\u2501\u2501\u2501\u2501\u2501 42.8/42.8 kB 730.6 kB/s eta 0:00:00\n[138d9fda-0a9c-4647-b0d8-325369659c31/build]   | Collecting termcolor==2.2.0 (from aiosonic==0.16.1)\n[138d9fda-0a9c-4647-b0d8-325369659c31/build]   |   Downloading termcolor-2.2.0-py3-none-any.whl (6.6 kB)\n[138d9fda-0a9c-4647-b0d8-325369659c31/build]   | Collecting toml==0.10.2 (from aiosonic==0.16.1)\n[138d9fda-0a9c-4647-b0d8-325369659c31/build]   |   Downloading toml-0.10.2-py2.py3-none-any.whl (16 kB)\n[138d9fda-0a9c-4647-b0d8-325369659c31/build]   | Collecting tomli==2.0.1 (from aiosonic==0.16.1)\n[138d9fda-0a9c-4647-b0d8-325369659c31/build]   |   Using cached tomli-2.0.1-py3-none-any.whl (12 kB)\n[138d9fda-0a9c-4647-b0d8-325369659c31/build]   | Collecting typing-extensions==4.5.0 (from aiosonic==0.16.1)\n[138d9fda-0a9c-4647-b0d8-325369659c31/build]   |   Downloading typing_extensions-4.5.0-py3-none-any.whl (27 kB)\n[138d9fda-0a9c-4647-b0d8-325369659c31/build]   | Collecting urllib3==1.26.15 (from aiosonic==0.16.1)\n[138d9fda-0a9c-4647-b0d8-325369659c31/build]   |   Downloading urllib3-1.26.15-py2.py3-none-any.whl (140 kB)\n[138d9fda-0a9c-4647-b0d8-325369659c31/build]   |      \u2501\u2501\u2501\u2501\u2501\u2501\u2501\u2501\u2501\u2501\u2501\u2501\u2501\u2501\u2501\u2501\u2501\u2501\u2501\u2501\u2501\u2501\u2501\u2501\u2501\u2501\u2501\u2501\u2501\u2501\u2501\u2501\u2501\u2501\u2501\u2501\u2501\u2501\u2501 140.9/140.9 kB 2.4 MB/s eta 0:00:00\n[138d9fda-0a9c-4647-b0d8-325369659c31/build]   | Collecting uvicorn==0.21.1 (from aiosonic==0.16.1)\n[138d9fda-0a9c-4647-b0d8-325369659c31/build]   |   Downloading uvicorn-0.21.1-py3-none-any.whl (57 kB)\n[138d9fda-0a9c-4647-b0d8-325369659c31/build]   |      \u2501\u2501\u2501\u2501\u2501\u2501\u2501\u2501\u2501\u2501\u2501\u2501\u2501\u2501\u2501\u2501\u2501\u2501\u2501\u2501\u2501\u2501\u2501\u2501\u2501\u2501\u2501\u2501\u2501\u2501\u2501\u2501\u2501\u2501\u2501\u2501\u2501\u2501\u2501 57.8/57.8 kB 360.8 kB/s eta 0:00:00\n[138d9fda-0a9c-4647-b0d8-325369659c31/build]   | Collecting yarl==1.8.2 (from aiosonic==0.16.1)\n[138d9fda-0a9c-4647-b0d8-325369659c31/build]   |   Downloading yarl-1.8.2-cp37-cp37m-manylinux_2_17_x86_64.manylinux2014_x86_64.whl (231 kB)\n[138d9fda-0a9c-4647-b0d8-325369659c31/build]   |      \u2501\u2501\u2501\u2501\u2501\u2501\u2501\u2501\u2501\u2501\u2501\u2501\u2501\u2501\u2501\u2501\u2501\u2501\u2501\u2501\u2501\u2501\u2501\u2501\u2501\u2501\u2501\u2501\u2501\u2501\u2501\u2501\u2501\u2501\u2501\u2501\u2501\u2501\u2501 231.4/231.4 kB 7.6 MB/s eta 0:00:00\n[138d9fda-0a9c-4647-b0d8-325369659c31/build]   | Collecting mypy==1.1.1 (from aiosonic==0.16.1)\n[138d9fda-0a9c-4647-b0d8-325369659c31/build]   |   Downloading mypy-1.1.1-cp37-cp37m-manylinux_2_17_x86_64.manylinux2014_x86_64.whl (11.7 MB)\n[138d9fda-0a9c-4647-b0d8-325369659c31/build]   |      \u2501\u2501\u2501\u2501\u2501\u2501\u2501\u2501\u2501\u2501\u2501\u2501\u2501\u2501\u2501\u2501\u2501\u2501\u2501\u2501\u2501\u2501\u2501\u2501\u2501\u2501\u2501\u2501\u2501\u2501\u2501\u2501\u2501\u2501\u2501\u2501\u2501\u2501\u2501\u2501 11.7/11.7 MB 7.4 MB/s eta 0:00:00\n[138d9fda-0a9c-4647-b0d8-325369659c31/build]   | Collecting mypy-extensions==1.0.0 (from aiosonic==0.16.1)\n[138d9fda-0a9c-4647-b0d8-325369659c31/build]   |   Downloading mypy_extensions-1.0.0-py3-none-any.whl (4.7 kB)\n[138d9fda-0a9c-4647-b0d8-325369659c31/build]   | Collecting pytest-mypy==0.10.3 (from aiosonic==0.16.1)\n[138d9fda-0a9c-4647-b0d8-325369659c31/build]   |   Downloading pytest_mypy-0.10.3-py3-none-any.whl (7.1 kB)\n[138d9fda-0a9c-4647-b0d8-325369659c31/build]   | Collecting asynctest==0.13.0 (from aiohttp==3.8.4->aiosonic==0.16.1)\n[138d9fda-0a9c-4647-b0d8-325369659c31/build]   |   Downloading asynctest-0.13.0-py3-none-any.whl (26 kB)\n[138d9fda-0a9c-4647-b0d8-325369659c31/build]   | Collecting typed-ast>=1.4.2 (from black==23.1.0->aiosonic==0.16.1)\n[138d9fda-0a9c-4647-b0d8-325369659c31/build]   |   Downloading typed_ast-1.5.4-cp37-cp37m-manylinux_2_5_x86_64.manylinux1_x86_64.manylinux_2_12_x86_64.manylinux2010_x86_64.whl (843 kB)\n[138d9fda-0a9c-4647-b0d8-325369659c31/build]   |      \u2501\u2501\u2501\u2501\u2501\u2501\u2501\u2501\u2501\u2501\u2501\u2501\u2501\u2501\u2501\u2501\u2501\u2501\u2501\u2501\u2501\u2501\u2501\u2501\u2501\u2501\u2501\u2501\u2501\u2501\u2501\u2501\u2501\u2501\u2501\u2501\u2501\u2501\u2501 843.7/843.7 kB 1.6 MB/s eta 0:00:00\n[138d9fda-0a9c-4647-b0d8-325369659c31/build]   | Collecting importlib-metadata (from click==8.0.4->aiosonic==0.16.1)\n[138d9fda-0a9c-4647-b0d8-325369659c31/build]   |   Using cached importlib_metadata-6.7.0-py3-none-any.whl (22 kB)\n[138d9fda-0a9c-4647-b0d8-325369659c31/build]   | Collecting zipp>=0.5 (from importlib-metadata->click==8.0.4->aiosonic==0.16.1)\n[138d9fda-0a9c-4647-b0d8-325369659c31/build]   |   Using cached zipp-3.15.0-py3-none-any.whl (6.8 kB)\n[138d9fda-0a9c-4647-b0d8-325369659c31/build]   | Building wheels for collected packages: docopt, onecache, pytest-black, aiosonic\n[138d9fda-0a9c-4647-b0d8-325369659c31/build]   |   Building wheel for docopt (pyproject.toml): started\n[138d9fda-0a9c-4647-b0d8-325369659c31/build]   |   Building wheel for docopt (pyproject.toml): finished with status 'done'\n[138d9fda-0a9c-4647-b0d8-325369659c31/build]   |   Created wheel for docopt: filename=docopt-0.6.2-py2.py3-none-any.whl size=13707 sha256=89a4f290838bb9f90d1aa23331b670b9b14554a38ebb69f4d651844cbefc4eaa\n[138d9fda-0a9c-4647-b0d8-325369659c31/build]   |   Stored in directory: /home/runneradmin/.cache/pip/wheels/72/b0/3f/1d95f96ff986c7dfffe46ce2be4062f38ebd04b506c77c81b9\n[138d9fda-0a9c-4647-b0d8-325369659c31/build]   |   Building wheel for onecache (pyproject.toml): started\n[138d9fda-0a9c-4647-b0d8-325369659c31/build]   |   Building wheel for onecache (pyproject.toml): finished with status 'done'\n[138d9fda-0a9c-4647-b0d8-325369659c31/build]   |   Created wheel for onecache: filename=onecache-0.5.0-cp37-cp37m-linux_x86_64.whl size=112210 sha256=fb5b89c9fe4b0f90f2b41cf75bc5672a20cc0906c3ffed2bda84344e3ff4705f\n[138d9fda-0a9c-4647-b0d8-325369659c31/build]   |   Stored in directory: /home/runneradmin/.cache/pip/wheels/e9/7b/fc/0136f71969d3913a6af51ab5d2b15dcb408c453bbae0e9c27c\n[138d9fda-0a9c-4647-b0d8-325369659c31/build]   |   Building wheel for pytest-black (pyproject.toml): started\n[138d9fda-0a9c-4647-b0d8-325369659c31/build]   |   Building wheel for pytest-black (pyproject.toml): finished with status 'done'\n[138d9fda-0a9c-4647-b0d8-325369659c31/build]   |   Created wheel for pytest-black: filename=pytest_black-0.3.12-py3-none-any.whl size=4628 sha256=87c197a4013d3ab091a96dcbcff27956a405c1d32bccb33b9375aac6ed26329b\n[138d9fda-0a9c-4647-b0d8-325369659c31/build]   |   Stored in directory: /home/runneradmin/.cache/pip/wheels/c0/dd/c1/fcb9973db6641886c29dbc17b6dbbbfd407aac7905a350d0b0\n[138d9fda-0a9c-4647-b0d8-325369659c31/build]   |   Building editable for aiosonic (pyproject.toml): started\n[138d9fda-0a9c-4647-b0d8-325369659c31/build]   |   Building editable for aiosonic (pyproject.toml): finished with status 'done'\n[138d9fda-0a9c-4647-b0d8-325369659c31/build]   |   Created wheel for aiosonic: filename=aiosonic-0.16.1-0.editable-py3-none-any.whl size=5818 sha256=d921c13ee8646f67ff18a7d24beccc4c00e56a97a13a35e57bb6d3eb27021207\n[138d9fda-0a9c-4647-b0d8-325369659c31/build]   |   Stored in directory: /tmp/pip-ephem-wheel-cache-yc9ua2pu/wheels/bc/1b/c6/0819448cd7a174505e20a7752f907963b42ef5371a1ee96e10\n[138d9fda-0a9c-4647-b0d8-325369659c31/build]   | Successfully built docopt onecache pytest-black aiosonic\n[138d9fda-0a9c-4647-b0d8-325369659c31/build]   | Installing collected packages: rfc3986, pytz, onecache, docopt, zipp, urllib3, typing-extensions, typed-ast, tomli, toml, termcolor, sqlparse, sniffio, pycparser, proxy-py, pathspec, packaging, mypy-extensions, multidict, iniconfig, idna, hyperframe, hpack, frozenlist, filelock, exceptiongroup, coverage, charset-normalizer, certifi, attrs, asynctest, yarl, requests, platformdirs, mypy, importlib-metadata, h2, h11, cffi, async-timeout, asgiref, anyio, aiosignal, pycares, pluggy, httpcore, django, coveralls, click, aiosonic, aiohttp, uvicorn, pytest, httpx, black, aiodns, pytest-timeout, pytest-sugar, pytest-mypy, pytest-mock, pytest-django, pytest-cov, pytest-black, pytest-asyncio, pytest-aiohttp\n[138d9fda-0a9c-4647-b0d8-325369659c31/build]   | Successfully installed aiodns-3.0.0 aiohttp-3.8.4 aiosignal-1.3.1 aiosonic-0.16.1 anyio-3.6.2 asgiref-3.4.1 async-timeout-4.0.2 asynctest-0.13.0 attrs-22.2.0 black-23.1.0 certifi-2022.12.7 cffi-1.15.1 charset-normalizer-3.1.0 click-8.0.4 coverage-6.5.0 coveralls-3.3.1 django-3.2.18 docopt-0.6.2 exceptiongroup-1.1.1 filelock-3.10.6 frozenlist-1.3.3 h11-0.14.0 h2-4.1.0 hpack-4.0.0 httpcore-0.16.3 httpx-0.23.3 hyperframe-6.0.1 idna-3.4 importlib-metadata-6.7.0 iniconfig-2.0.0 multidict-6.0.4 mypy-1.1.1 mypy-extensions-1.0.0 onecache-0.5.0 packaging-23.0 pathspec-0.11.1 platformdirs-3.2.0 pluggy-1.0.0 proxy-py-2.4.3 pycares-4.3.0 pycparser-2.21 pytest-7.2.2 pytest-aiohttp-1.0.4 pytest-asyncio-0.21.0 pytest-black-0.3.12 pytest-cov-4.0.0 pytest-django-4.5.2 pytest-mock-3.10.0 pytest-mypy-0.10.3 pytest-sugar-0.9.6 pytest-timeout-2.1.0 pytz-2023.2 requests-2.28.2 rfc3986-1.5.0 sniffio-1.3.0 sqlparse-0.4.3 termcolor-2.2.0 toml-0.10.2 tomli-2.0.1 typed-ast-1.5.4 typing-extensions-4.5.0 urllib3-1.26.15 uvicorn-0.21.1 yarl-1.8.2 zipp-3.15.0\n[138d9fda-0a9c-4647-b0d8-325369659c31/build]   | \n[138d9fda-0a9c-4647-b0d8-325369659c31/build]   | [notice] A new release of pip is available: 20.1.1 -> 23.1.2\n[138d9fda-0a9c-4647-b0d8-325369659c31/build]   | [notice] To update, run: pip install --upgrade pip\n[138d9fda-0a9c-4647-b0d8-325369659c31/build]   \u2705  Success - Main Install dependencies\n[138d9fda-0a9c-4647-b0d8-325369659c31/build] \u2b50 Run Main Test with pytest\n[138d9fda-0a9c-4647-b0d8-325369659c31/build]   \ud83d\udc33  docker exec cmd=[bash --noprofile --norc -e -o pipefail /var/run/act/workflow/4] user= workdir=\n[138d9fda-0a9c-4647-b0d8-325369659c31/build]   | Traceback (most recent call last):\n[138d9fda-0a9c-4647-b0d8-325369659c31/build]   |   File \"/opt/hostedtoolcache/Python/3.7.11/x64/lib/python3.7/site-packages/pytest_django/plugin.py\", line 179, in _handle_import_error\n[138d9fda-0a9c-4647-b0d8-325369659c31/build]   |     yield\n[138d9fda-0a9c-4647-b0d8-325369659c31/build]   |   File \"/opt/hostedtoolcache/Python/3.7.11/x64/lib/python3.7/site-packages/pytest_django/plugin.py\", line 351, in pytest_load_initial_conftests\n[138d9fda-0a9c-4647-b0d8-325369659c31/build]   |     dj_settings.DATABASES\n[138d9fda-0a9c-4647-b0d8-325369659c31/build]   |   File \"/opt/hostedtoolcache/Python/3.7.11/x64/lib/python3.7/site-packages/django/conf/__init__.py\", line 82, in __getattr__\n[138d9fda-0a9c-4647-b0d8-325369659c31/build]   |     self._setup(name)\n[138d9fda-0a9c-4647-b0d8-325369659c31/build]   |   File \"/opt/hostedtoolcache/Python/3.7.11/x64/lib/python3.7/site-packages/django/conf/__init__.py\", line 69, in _setup\n[138d9fda-0a9c-4647-b0d8-325369659c31/build]   |     self._wrapped = Settings(settings_module)\n[138d9fda-0a9c-4647-b0d8-325369659c31/build]   |   File \"/opt/hostedtoolcache/Python/3.7.11/x64/lib/python3.7/site-packages/django/conf/__init__.py\", line 170, in __init__\n[138d9fda-0a9c-4647-b0d8-325369659c31/build]   |     mod = importlib.import_module(self.SETTINGS_MODULE)\n[138d9fda-0a9c-4647-b0d8-325369659c31/build]   |   File \"/opt/hostedtoolcache/Python/3.7.11/x64/lib/python3.7/importlib/__init__.py\", line 127, in import_module\n[138d9fda-0a9c-4647-b0d8-325369659c31/build]   |     return _bootstrap._gcd_import(name[level:], package, level)\n[138d9fda-0a9c-4647-b0d8-325369659c31/build]   |   File \"<frozen importlib._bootstrap>\", line 1006, in _gcd_import\n[138d9fda-0a9c-4647-b0d8-325369659c31/build]   |   File \"<frozen importlib._bootstrap>\", line 983, in _find_and_load\n[138d9fda-0a9c-4647-b0d8-325369659c31/build]   |   File \"<frozen importlib._bootstrap>\", line 953, in _find_and_load_unlocked\n[138d9fda-0a9c-4647-b0d8-325369659c31/build]   |   File \"<frozen importlib._bootstrap>\", line 219, in _call_with_frames_removed\n[138d9fda-0a9c-4647-b0d8-325369659c31/build]   |   File \"<frozen importlib._bootstrap>\", line 1006, in _gcd_import\n[138d9fda-0a9c-4647-b0d8-325369659c31/build]   |   File \"<frozen importlib._bootstrap>\", line 983, in _find_and_load\n[138d9fda-0a9c-4647-b0d8-325369659c31/build]   |   File \"<frozen importlib._bootstrap>\", line 953, in _find_and_load_unlocked\n[138d9fda-0a9c-4647-b0d8-325369659c31/build]   |   File \"<frozen importlib._bootstrap>\", line 219, in _call_with_frames_removed\n[138d9fda-0a9c-4647-b0d8-325369659c31/build]   |   File \"<frozen importlib._bootstrap>\", line 1006, in _gcd_import\n[138d9fda-0a9c-4647-b0d8-325369659c31/build]   |   File \"<frozen importlib._bootstrap>\", line 983, in _find_and_load\n[138d9fda-0a9c-4647-b0d8-325369659c31/build]   |   File \"<frozen importlib._bootstrap>\", line 965, in _find_and_load_unlocked\n[138d9fda-0a9c-4647-b0d8-325369659c31/build]   | ModuleNotFoundError: No module named 'djangotestproj'\n[138d9fda-0a9c-4647-b0d8-325369659c31/build]   | \n[138d9fda-0a9c-4647-b0d8-325369659c31/build]   | During handling of the above exception, another exception occurred:\n[138d9fda-0a9c-4647-b0d8-325369659c31/build]   | \n[138d9fda-0a9c-4647-b0d8-325369659c31/build]   | Traceback (most recent call last):\n[138d9fda-0a9c-4647-b0d8-325369659c31/build]   |   File \"/opt/hostedtoolcache/Python/3.7.11/x64/bin/pytest\", line 8, in <module>\n[138d9fda-0a9c-4647-b0d8-325369659c31/build]   |     sys.exit(console_main())\n[138d9fda-0a9c-4647-b0d8-325369659c31/build]   |   File \"/opt/hostedtoolcache/Python/3.7.11/x64/lib/python3.7/site-packages/_pytest/config/__init__.py\", line 190, in console_main\n[138d9fda-0a9c-4647-b0d8-325369659c31/build]   |     code = main()\n[138d9fda-0a9c-4647-b0d8-325369659c31/build]   |   File \"/opt/hostedtoolcache/Python/3.7.11/x64/lib/python3.7/site-packages/_pytest/config/__init__.py\", line 148, in main\n[138d9fda-0a9c-4647-b0d8-325369659c31/build]   |     config = _prepareconfig(args, plugins)\n[138d9fda-0a9c-4647-b0d8-325369659c31/build]   |   File \"/opt/hostedtoolcache/Python/3.7.11/x64/lib/python3.7/site-packages/_pytest/config/__init__.py\", line 330, in _prepareconfig\n[138d9fda-0a9c-4647-b0d8-325369659c31/build]   |     pluginmanager=pluginmanager, args=args\n[138d9fda-0a9c-4647-b0d8-325369659c31/build]   |   File \"/opt/hostedtoolcache/Python/3.7.11/x64/lib/python3.7/site-packages/pluggy/_hooks.py\", line 265, in __call__\n[138d9fda-0a9c-4647-b0d8-325369659c31/build]   |     return self._hookexec(self.name, self.get_hookimpls(), kwargs, firstresult)\n[138d9fda-0a9c-4647-b0d8-325369659c31/build]   |   File \"/opt/hostedtoolcache/Python/3.7.11/x64/lib/python3.7/site-packages/pluggy/_manager.py\", line 80, in _hookexec\n[138d9fda-0a9c-4647-b0d8-325369659c31/build]   |     return self._inner_hookexec(hook_name, methods, kwargs, firstresult)\n[138d9fda-0a9c-4647-b0d8-325369659c31/build]   |   File \"/opt/hostedtoolcache/Python/3.7.11/x64/lib/python3.7/site-packages/pluggy/_callers.py\", line 55, in _multicall\n[138d9fda-0a9c-4647-b0d8-325369659c31/build]   |     gen.send(outcome)\n[138d9fda-0a9c-4647-b0d8-325369659c31/build]   |   File \"/opt/hostedtoolcache/Python/3.7.11/x64/lib/python3.7/site-packages/_pytest/helpconfig.py\", line 103, in pytest_cmdline_parse\n[138d9fda-0a9c-4647-b0d8-325369659c31/build]   |     config: Config = outcome.get_result()\n[138d9fda-0a9c-4647-b0d8-325369659c31/build]   |   File \"/opt/hostedtoolcache/Python/3.7.11/x64/lib/python3.7/site-packages/pluggy/_result.py\", line 60, in get_result\n[138d9fda-0a9c-4647-b0d8-325369659c31/build]   |     raise ex[1].with_traceback(ex[2])\n[138d9fda-0a9c-4647-b0d8-325369659c31/build]   |   File \"/opt/hostedtoolcache/Python/3.7.11/x64/lib/python3.7/site-packages/pluggy/_callers.py\", line 39, in _multicall\n[138d9fda-0a9c-4647-b0d8-325369659c31/build]   |     res = hook_impl.function(*args)\n[138d9fda-0a9c-4647-b0d8-325369659c31/build]   |   File \"/opt/hostedtoolcache/Python/3.7.11/x64/lib/python3.7/site-packages/_pytest/config/__init__.py\", line 1060, in pytest_cmdline_parse\n[138d9fda-0a9c-4647-b0d8-325369659c31/build]   |     self.parse(args)\n[138d9fda-0a9c-4647-b0d8-325369659c31/build]   |   File \"/opt/hostedtoolcache/Python/3.7.11/x64/lib/python3.7/site-packages/_pytest/config/__init__.py\", line 1348, in parse\n[138d9fda-0a9c-4647-b0d8-325369659c31/build]   |     self._preparse(args, addopts=addopts)\n[138d9fda-0a9c-4647-b0d8-325369659c31/build]   |   File \"/opt/hostedtoolcache/Python/3.7.11/x64/lib/python3.7/site-packages/_pytest/config/__init__.py\", line 1251, in _preparse\n[138d9fda-0a9c-4647-b0d8-325369659c31/build]   |     early_config=self, args=args, parser=self._parser\n[138d9fda-0a9c-4647-b0d8-325369659c31/build]   |   File \"/opt/hostedtoolcache/Python/3.7.11/x64/lib/python3.7/site-packages/pluggy/_hooks.py\", line 265, in __call__\n[138d9fda-0a9c-4647-b0d8-325369659c31/build]   |     return self._hookexec(self.name, self.get_hookimpls(), kwargs, firstresult)\n[138d9fda-0a9c-4647-b0d8-325369659c31/build]   |   File \"/opt/hostedtoolcache/Python/3.7.11/x64/lib/python3.7/site-packages/pluggy/_manager.py\", line 80, in _hookexec\n[138d9fda-0a9c-4647-b0d8-325369659c31/build]   |     return self._inner_hookexec(hook_name, methods, kwargs, firstresult)\n[138d9fda-0a9c-4647-b0d8-325369659c31/build]   |   File \"/opt/hostedtoolcache/Python/3.7.11/x64/lib/python3.7/site-packages/pluggy/_callers.py\", line 60, in _multicall\n[138d9fda-0a9c-4647-b0d8-325369659c31/build]   |     return outcome.get_result()\n[138d9fda-0a9c-4647-b0d8-325369659c31/build]   |   File \"/opt/hostedtoolcache/Python/3.7.11/x64/lib/python3.7/site-packages/pluggy/_result.py\", line 60, in get_result\n[138d9fda-0a9c-4647-b0d8-325369659c31/build]   |     raise ex[1].with_traceback(ex[2])\n[138d9fda-0a9c-4647-b0d8-325369659c31/build]   |   File \"/opt/hostedtoolcache/Python/3.7.11/x64/lib/python3.7/site-packages/pluggy/_callers.py\", line 39, in _multicall\n[138d9fda-0a9c-4647-b0d8-325369659c31/build]   |     res = hook_impl.function(*args)\n[138d9fda-0a9c-4647-b0d8-325369659c31/build]   |   File \"/opt/hostedtoolcache/Python/3.7.11/x64/lib/python3.7/site-packages/pytest_django/plugin.py\", line 351, in pytest_load_initial_conftests\n[138d9fda-0a9c-4647-b0d8-325369659c31/build]   |     dj_settings.DATABASES\n[138d9fda-0a9c-4647-b0d8-325369659c31/build]   |   File \"/opt/hostedtoolcache/Python/3.7.11/x64/lib/python3.7/contextlib.py\", line 130, in __exit__\n[138d9fda-0a9c-4647-b0d8-325369659c31/build]   |     self.gen.throw(type, value, traceback)\n[138d9fda-0a9c-4647-b0d8-325369659c31/build]   |   File \"/opt/hostedtoolcache/Python/3.7.11/x64/lib/python3.7/site-packages/pytest_django/plugin.py\", line 183, in _handle_import_error\n[138d9fda-0a9c-4647-b0d8-325369659c31/build]   |     raise ImportError(msg)\n[138d9fda-0a9c-4647-b0d8-325369659c31/build]   | ImportError: No module named 'djangotestproj'\n[138d9fda-0a9c-4647-b0d8-325369659c31/build]   | \n[138d9fda-0a9c-4647-b0d8-325369659c31/build]   | pytest-django could not find a Django project (no manage.py file could be found). You must explicitly add your Django project to the Python path to have it picked up.\n[138d9fda-0a9c-4647-b0d8-325369659c31/build]   \u274c  Failure - Main Test with pytest\n[138d9fda-0a9c-4647-b0d8-325369659c31/build] exitcode '1': failure\n[138d9fda-0a9c-4647-b0d8-325369659c31/build] \ud83c\udfc1  Job failed\n",
        "stderr": "Error: Job 'build' failed\n",
        "workflow": {
            "path": "/tmp/558156d8-17ed-11ee-8a50-bb14de238602/sonic182-aiosonic/.github/workflows/python-crawler.yml",
            "type": "pytest"
        },
        "workflow_name": "138d9fda-0a9c-4647-b0d8-325369659c31",
        "build_tool": "pytest",
        "elapsed_time": 263.0458836555481
    }
}