{
    "repository": "starburstdata/dbt-trino",
    "stars": 137,
    "language": "python",
    "size": 685,
    "clone_url": "https://github.com/starburstdata/dbt-trino.git",
    "timestamp": "2023-07-01T16:38:27.300574Z",
    "clone_success": true,
    "number_of_actions": 6,
    "number_of_test_actions": 1,
    "actions_successful": false,
    "actions_build_tools": [
        "unknown",
        "unknown",
        "unknown",
        "unknown",
        "unknown",
        "pytest"
    ],
    "actions_test_build_tools": [
        "pytest"
    ],
    "actions_run": {
        "failed": true,
        "tests": [],
        "stdout": "[19016325-0643-47d6-825d-cfd320df0f24/test  ] \ud83d\ude80  Start image=crawlergpt:latest\n[19016325-0643-47d6-825d-cfd320df0f24/checks] \ud83d\ude80  Start image=crawlergpt:latest\n[19016325-0643-47d6-825d-cfd320df0f24/test  ]   \ud83d\udc33  docker pull image=crawlergpt:latest platform= username= forcePull=false\n[19016325-0643-47d6-825d-cfd320df0f24/checks]   \ud83d\udc33  docker pull image=crawlergpt:latest platform= username= forcePull=false\n[19016325-0643-47d6-825d-cfd320df0f24/checks]   \ud83d\udc33  docker create image=crawlergpt:latest platform= entrypoint=[\"tail\" \"-f\" \"/dev/null\"] cmd=[]\n[19016325-0643-47d6-825d-cfd320df0f24/test  ]   \ud83d\udc33  docker create image=crawlergpt:latest platform= entrypoint=[\"tail\" \"-f\" \"/dev/null\"] cmd=[]\n[19016325-0643-47d6-825d-cfd320df0f24/test  ]   \ud83d\udc33  docker run image=crawlergpt:latest platform= entrypoint=[\"tail\" \"-f\" \"/dev/null\"] cmd=[]\n[19016325-0643-47d6-825d-cfd320df0f24/checks]   \ud83d\udc33  docker run image=crawlergpt:latest platform= entrypoint=[\"tail\" \"-f\" \"/dev/null\"] cmd=[]\n[19016325-0643-47d6-825d-cfd320df0f24/test  ]   \ud83d\udc33  docker exec cmd=[chown -R 1012:1013 /tmp/558156d8-17ed-11ee-8a50-bb14de238602/starburstdata-dbt-trino] user=0 workdir=\n[19016325-0643-47d6-825d-cfd320df0f24/checks]   \ud83d\udc33  docker exec cmd=[chown -R 1012:1013 /tmp/558156d8-17ed-11ee-8a50-bb14de238602/starburstdata-dbt-trino] user=0 workdir=\n[19016325-0643-47d6-825d-cfd320df0f24/test  ]   \u2601  git clone 'https://github.com/actions/setup-python' # ref=v4\n[19016325-0643-47d6-825d-cfd320df0f24/checks]   \u2601  git clone 'https://github.com/actions/setup-python' # ref=v4\n[19016325-0643-47d6-825d-cfd320df0f24/test  ] \ud83e\uddea  Matrix: map[engine:trino isStarburstBranch:true python:3.9]\n[19016325-0643-47d6-825d-cfd320df0f24/test  ] \u2b50 Run Main Checkout\n[19016325-0643-47d6-825d-cfd320df0f24/test  ]   \u2705  Success - Main Checkout\n[19016325-0643-47d6-825d-cfd320df0f24/test  ] \u2b50 Run Main Setup Python\n[19016325-0643-47d6-825d-cfd320df0f24/checks] \u2b50 Run Main Checkout the source code\n[19016325-0643-47d6-825d-cfd320df0f24/test  ]   \ud83d\udc33  docker cp src=/tmp/act-cache/e72aad6f-461f-46a6-b832-d2e41f709477/act/actions-setup-python@v4/ dst=/var/run/act/actions/actions-setup-python@v4/\n[19016325-0643-47d6-825d-cfd320df0f24/checks]   \u2705  Success - Main Checkout the source code\n[19016325-0643-47d6-825d-cfd320df0f24/test  ]   \ud83d\udc33  docker exec cmd=[chown -R 1012:1013 /var/run/act/actions/actions-setup-python@v4/] user=0 workdir=\n[19016325-0643-47d6-825d-cfd320df0f24/checks] \u2b50 Run Main Install Python\n[19016325-0643-47d6-825d-cfd320df0f24/checks]   \ud83d\udc33  docker cp src=/tmp/act-cache/e72aad6f-461f-46a6-b832-d2e41f709477/act/actions-setup-python@v4/ dst=/var/run/act/actions/actions-setup-python@v4/\n[19016325-0643-47d6-825d-cfd320df0f24/checks]   \ud83d\udc33  docker exec cmd=[chown -R 1012:1013 /var/run/act/actions/actions-setup-python@v4/] user=0 workdir=\n[19016325-0643-47d6-825d-cfd320df0f24/checks]   \ud83d\udc33  docker exec cmd=[node /var/run/act/actions/actions-setup-python@v4/dist/setup/index.js] user= workdir=\n[19016325-0643-47d6-825d-cfd320df0f24/test  ]   \ud83d\udc33  docker exec cmd=[node /var/run/act/actions/actions-setup-python@v4/dist/setup/index.js] user= workdir=\n[19016325-0643-47d6-825d-cfd320df0f24/test  ]   \ud83d\udcac  ::debug::Python is expected to be installed into /opt/hostedtoolcache\n[19016325-0643-47d6-825d-cfd320df0f24/test  ]   \u2753  ::group::Installed versions\n[19016325-0643-47d6-825d-cfd320df0f24/test  ]   \ud83d\udcac  ::debug::Semantic version spec of 3.9 is 3.9\n[19016325-0643-47d6-825d-cfd320df0f24/test  ]   \ud83d\udcac  ::debug::isExplicit: \n[19016325-0643-47d6-825d-cfd320df0f24/test  ]   \ud83d\udcac  ::debug::explicit? false\n[19016325-0643-47d6-825d-cfd320df0f24/test  ]   \ud83d\udcac  ::debug::isExplicit: 2.7.18\n[19016325-0643-47d6-825d-cfd320df0f24/test  ]   \ud83d\udcac  ::debug::explicit? true\n[19016325-0643-47d6-825d-cfd320df0f24/test  ]   \ud83d\udcac  ::debug::isExplicit: 3.5.10\n[19016325-0643-47d6-825d-cfd320df0f24/test  ]   \ud83d\udcac  ::debug::explicit? true\n[19016325-0643-47d6-825d-cfd320df0f24/test  ]   \ud83d\udcac  ::debug::isExplicit: 3.6.14\n[19016325-0643-47d6-825d-cfd320df0f24/test  ]   \ud83d\udcac  ::debug::explicit? true\n[19016325-0643-47d6-825d-cfd320df0f24/test  ]   \ud83d\udcac  ::debug::isExplicit: 3.7.11\n[19016325-0643-47d6-825d-cfd320df0f24/test  ]   \ud83d\udcac  ::debug::explicit? true\n[19016325-0643-47d6-825d-cfd320df0f24/test  ]   \ud83d\udcac  ::debug::isExplicit: 3.8.11\n[19016325-0643-47d6-825d-cfd320df0f24/test  ]   \ud83d\udcac  ::debug::explicit? true\n[19016325-0643-47d6-825d-cfd320df0f24/test  ]   \ud83d\udcac  ::debug::isExplicit: 3.9.6\n[19016325-0643-47d6-825d-cfd320df0f24/test  ]   \ud83d\udcac  ::debug::explicit? true\n[19016325-0643-47d6-825d-cfd320df0f24/test  ]   \ud83d\udcac  ::debug::evaluating 6 versions\n[19016325-0643-47d6-825d-cfd320df0f24/test  ]   \ud83d\udcac  ::debug::matched: 3.9.6\n[19016325-0643-47d6-825d-cfd320df0f24/test  ]   \ud83d\udcac  ::debug::checking cache: /opt/hostedtoolcache/Python/3.9.6/x64\n[19016325-0643-47d6-825d-cfd320df0f24/test  ]   \ud83d\udcac  ::debug::Found tool in cache Python 3.9.6 x64\n[19016325-0643-47d6-825d-cfd320df0f24/test  ]   | Successfully set up CPython (3.9.6)\n[19016325-0643-47d6-825d-cfd320df0f24/test  ]   \u2753  ::endgroup::\n[19016325-0643-47d6-825d-cfd320df0f24/test  ]   \u2753 add-matcher /run/act/actions/actions-setup-python@v4/.github/python.json\n[19016325-0643-47d6-825d-cfd320df0f24/test  ]   \u2705  Success - Main Setup Python\n[19016325-0643-47d6-825d-cfd320df0f24/checks]   \ud83d\udcac  ::debug::Python is expected to be installed into /opt/hostedtoolcache\n[19016325-0643-47d6-825d-cfd320df0f24/checks]   | [warning]Neither 'python-version' nor 'python-version-file' inputs were supplied. Attempting to find '.python-version' file.\n[19016325-0643-47d6-825d-cfd320df0f24/checks]   | [warning].python-version doesn't exist.\n[19016325-0643-47d6-825d-cfd320df0f24/checks]   \ud83d\udea7  ::warning::The `python-version` input is not set.  The version of Python currently in `PATH` will be used.\n[19016325-0643-47d6-825d-cfd320df0f24/checks]   \u2753 add-matcher /run/act/actions/actions-setup-python@v4/.github/python.json\n[19016325-0643-47d6-825d-cfd320df0f24/checks]   \u2705  Success - Main Install Python\n[19016325-0643-47d6-825d-cfd320df0f24/test  ]   \u2699  ::set-env:: PKG_CONFIG_PATH=/opt/hostedtoolcache/Python/3.9.6/x64/lib/pkgconfig\n[19016325-0643-47d6-825d-cfd320df0f24/test  ]   \u2699  ::set-env:: Python_ROOT_DIR=/opt/hostedtoolcache/Python/3.9.6/x64\n[19016325-0643-47d6-825d-cfd320df0f24/test  ]   \u2699  ::set-env:: Python2_ROOT_DIR=/opt/hostedtoolcache/Python/3.9.6/x64\n[19016325-0643-47d6-825d-cfd320df0f24/test  ]   \u2699  ::set-env:: Python3_ROOT_DIR=/opt/hostedtoolcache/Python/3.9.6/x64\n[19016325-0643-47d6-825d-cfd320df0f24/test  ]   \u2699  ::set-env:: LD_LIBRARY_PATH=/opt/hostedtoolcache/Python/3.9.6/x64/lib\n[19016325-0643-47d6-825d-cfd320df0f24/test  ]   \u2699  ::set-env:: pythonLocation=/opt/hostedtoolcache/Python/3.9.6/x64\n[19016325-0643-47d6-825d-cfd320df0f24/test  ]   \u2699  ::set-output:: python-path=/opt/hostedtoolcache/Python/3.9.6/x64/bin/python\n[19016325-0643-47d6-825d-cfd320df0f24/test  ]   \u2699  ::set-output:: python-version=3.9.6\n[19016325-0643-47d6-825d-cfd320df0f24/test  ]   \u2699  ::add-path:: /opt/hostedtoolcache/Python/3.9.6/x64\n[19016325-0643-47d6-825d-cfd320df0f24/test  ]   \u2699  ::add-path:: /opt/hostedtoolcache/Python/3.9.6/x64/bin\n[19016325-0643-47d6-825d-cfd320df0f24/checks] \u2b50 Run Main Install dev requirements\n[19016325-0643-47d6-825d-cfd320df0f24/test  ] \u2b50 Run Main Run dbt-trino tests against trino on python 3.9\n[19016325-0643-47d6-825d-cfd320df0f24/test  ]   \ud83d\udc33  docker exec cmd=[bash --noprofile --norc -e -o pipefail /var/run/act/workflow/2] user= workdir=\n[19016325-0643-47d6-825d-cfd320df0f24/checks]   \ud83d\udc33  docker exec cmd=[bash --noprofile --norc -e -o pipefail /var/run/act/workflow/2] user= workdir=\n[19016325-0643-47d6-825d-cfd320df0f24/test  ]   | docker network create dbt-net || true\n[19016325-0643-47d6-825d-cfd320df0f24/test  ]   | Got permission denied while trying to connect to the Docker daemon socket at unix:///var/run/docker.sock: Post \"http://%2Fvar%2Frun%2Fdocker.sock/v1.24/networks/create\": dial unix /var/run/docker.sock: connect: permission denied\n[19016325-0643-47d6-825d-cfd320df0f24/test  ]   | ./docker/init_trino.bash\n[19016325-0643-47d6-825d-cfd320df0f24/test  ]   | + docker-compose -f docker-compose-trino.yml build\n[19016325-0643-47d6-825d-cfd320df0f24/test  ]   | [60] Failed to execute script docker-compose\n[19016325-0643-47d6-825d-cfd320df0f24/test  ]   | Traceback (most recent call last):\n[19016325-0643-47d6-825d-cfd320df0f24/test  ]   |   File \"urllib3/connectionpool.py\", line 677, in urlopen\n[19016325-0643-47d6-825d-cfd320df0f24/test  ]   |   File \"urllib3/connectionpool.py\", line 392, in _make_request\n[19016325-0643-47d6-825d-cfd320df0f24/test  ]   |   File \"http/client.py\", line 1277, in request\n[19016325-0643-47d6-825d-cfd320df0f24/test  ]   |   File \"http/client.py\", line 1323, in _send_request\n[19016325-0643-47d6-825d-cfd320df0f24/test  ]   |   File \"http/client.py\", line 1272, in endheaders\n[19016325-0643-47d6-825d-cfd320df0f24/test  ]   |   File \"http/client.py\", line 1032, in _send_output\n[19016325-0643-47d6-825d-cfd320df0f24/test  ]   |   File \"http/client.py\", line 972, in send\n[19016325-0643-47d6-825d-cfd320df0f24/test  ]   |   File \"docker/transport/unixconn.py\", line 43, in connect\n[19016325-0643-47d6-825d-cfd320df0f24/test  ]   | PermissionError: [Errno 13] Permission denied\n[19016325-0643-47d6-825d-cfd320df0f24/test  ]   | \n[19016325-0643-47d6-825d-cfd320df0f24/test  ]   | During handling of the above exception, another exception occurred:\n[19016325-0643-47d6-825d-cfd320df0f24/test  ]   | \n[19016325-0643-47d6-825d-cfd320df0f24/test  ]   | Traceback (most recent call last):\n[19016325-0643-47d6-825d-cfd320df0f24/test  ]   |   File \"requests/adapters.py\", line 449, in send\n[19016325-0643-47d6-825d-cfd320df0f24/test  ]   |   File \"urllib3/connectionpool.py\", line 727, in urlopen\n[19016325-0643-47d6-825d-cfd320df0f24/test  ]   |   File \"urllib3/util/retry.py\", line 410, in increment\n[19016325-0643-47d6-825d-cfd320df0f24/test  ]   |   File \"urllib3/packages/six.py\", line 734, in reraise\n[19016325-0643-47d6-825d-cfd320df0f24/test  ]   |   File \"urllib3/connectionpool.py\", line 677, in urlopen\n[19016325-0643-47d6-825d-cfd320df0f24/test  ]   |   File \"urllib3/connectionpool.py\", line 392, in _make_request\n[19016325-0643-47d6-825d-cfd320df0f24/test  ]   |   File \"http/client.py\", line 1277, in request\n[19016325-0643-47d6-825d-cfd320df0f24/test  ]   |   File \"http/client.py\", line 1323, in _send_request\n[19016325-0643-47d6-825d-cfd320df0f24/test  ]   |   File \"http/client.py\", line 1272, in endheaders\n[19016325-0643-47d6-825d-cfd320df0f24/test  ]   |   File \"http/client.py\", line 1032, in _send_output\n[19016325-0643-47d6-825d-cfd320df0f24/test  ]   |   File \"http/client.py\", line 972, in send\n[19016325-0643-47d6-825d-cfd320df0f24/test  ]   |   File \"docker/transport/unixconn.py\", line 43, in connect\n[19016325-0643-47d6-825d-cfd320df0f24/test  ]   | urllib3.exceptions.ProtocolError: ('Connection aborted.', PermissionError(13, 'Permission denied'))\n[19016325-0643-47d6-825d-cfd320df0f24/test  ]   | \n[19016325-0643-47d6-825d-cfd320df0f24/test  ]   | During handling of the above exception, another exception occurred:\n[19016325-0643-47d6-825d-cfd320df0f24/test  ]   | \n[19016325-0643-47d6-825d-cfd320df0f24/test  ]   | Traceback (most recent call last):\n[19016325-0643-47d6-825d-cfd320df0f24/test  ]   |   File \"docker/api/client.py\", line 214, in _retrieve_server_version\n[19016325-0643-47d6-825d-cfd320df0f24/test  ]   |   File \"docker/api/daemon.py\", line 181, in version\n[19016325-0643-47d6-825d-cfd320df0f24/test  ]   |   File \"docker/utils/decorators.py\", line 46, in inner\n[19016325-0643-47d6-825d-cfd320df0f24/test  ]   |   File \"docker/api/client.py\", line 237, in _get\n[19016325-0643-47d6-825d-cfd320df0f24/test  ]   |   File \"requests/sessions.py\", line 543, in get\n[19016325-0643-47d6-825d-cfd320df0f24/test  ]   |   File \"requests/sessions.py\", line 530, in request\n[19016325-0643-47d6-825d-cfd320df0f24/test  ]   |   File \"requests/sessions.py\", line 643, in send\n[19016325-0643-47d6-825d-cfd320df0f24/test  ]   |   File \"requests/adapters.py\", line 498, in send\n[19016325-0643-47d6-825d-cfd320df0f24/test  ]   | requests.exceptions.ConnectionError: ('Connection aborted.', PermissionError(13, 'Permission denied'))\n[19016325-0643-47d6-825d-cfd320df0f24/test  ]   | \n[19016325-0643-47d6-825d-cfd320df0f24/test  ]   | During handling of the above exception, another exception occurred:\n[19016325-0643-47d6-825d-cfd320df0f24/test  ]   | \n[19016325-0643-47d6-825d-cfd320df0f24/test  ]   | Traceback (most recent call last):\n[19016325-0643-47d6-825d-cfd320df0f24/test  ]   |   File \"docker-compose\", line 3, in <module>\n[19016325-0643-47d6-825d-cfd320df0f24/test  ]   |   File \"compose/cli/main.py\", line 81, in main\n[19016325-0643-47d6-825d-cfd320df0f24/test  ]   |   File \"compose/cli/main.py\", line 200, in perform_command\n[19016325-0643-47d6-825d-cfd320df0f24/test  ]   |   File \"compose/cli/command.py\", line 70, in project_from_options\n[19016325-0643-47d6-825d-cfd320df0f24/test  ]   |   File \"compose/cli/command.py\", line 153, in get_project\n[19016325-0643-47d6-825d-cfd320df0f24/test  ]   |   File \"compose/cli/docker_client.py\", line 43, in get_client\n[19016325-0643-47d6-825d-cfd320df0f24/test  ]   |   File \"compose/cli/docker_client.py\", line 170, in docker_client\n[19016325-0643-47d6-825d-cfd320df0f24/test  ]   |   File \"docker/api/client.py\", line 197, in __init__\n[19016325-0643-47d6-825d-cfd320df0f24/test  ]   |   File \"docker/api/client.py\", line 222, in _retrieve_server_version\n[19016325-0643-47d6-825d-cfd320df0f24/test  ]   | docker.errors.DockerException: Error while fetching server API version: ('Connection aborted.', PermissionError(13, 'Permission denied'))\n[19016325-0643-47d6-825d-cfd320df0f24/test  ]   | make: *** [Makefile:9: start-trino] Error 255\n[19016325-0643-47d6-825d-cfd320df0f24/test  ]   \u274c  Failure - Main Run dbt-trino tests against trino on python 3.9\n[19016325-0643-47d6-825d-cfd320df0f24/checks]   | Collecting dbt-tests-adapter~=1.5.0\n[19016325-0643-47d6-825d-cfd320df0f24/checks]   |   Downloading dbt_tests_adapter-1.5.2-py3-none-any.whl (156 kB)\n[19016325-0643-47d6-825d-cfd320df0f24/checks]   | Collecting mypy==1.3.0\n[19016325-0643-47d6-825d-cfd320df0f24/checks]   |   Downloading mypy-1.3.0-cp38-cp38-manylinux_2_17_x86_64.manylinux2014_x86_64.whl (12.2 MB)\n[19016325-0643-47d6-825d-cfd320df0f24/test  ] exitcode '2': failure\n[19016325-0643-47d6-825d-cfd320df0f24/test  ] \u2b50 Run Main Remove container on failure\n[19016325-0643-47d6-825d-cfd320df0f24/checks]   | Collecting pre-commit~=3.3\n[19016325-0643-47d6-825d-cfd320df0f24/checks]   |   Downloading pre_commit-3.3.3-py2.py3-none-any.whl (202 kB)\n[19016325-0643-47d6-825d-cfd320df0f24/test  ]   \ud83d\udc33  docker exec cmd=[bash --noprofile --norc -e -o pipefail /var/run/act/workflow/3] user= workdir=\n[19016325-0643-47d6-825d-cfd320df0f24/checks]   | Collecting pytest~=7.3\n[19016325-0643-47d6-825d-cfd320df0f24/checks]   |   Downloading pytest-7.4.0-py3-none-any.whl (323 kB)\n[19016325-0643-47d6-825d-cfd320df0f24/checks]   | Collecting tox~=4.5\n[19016325-0643-47d6-825d-cfd320df0f24/checks]   |   Downloading tox-4.6.3-py3-none-any.whl (152 kB)\n[19016325-0643-47d6-825d-cfd320df0f24/checks]   | Collecting dbt-core==1.5.2\n[19016325-0643-47d6-825d-cfd320df0f24/checks]   |   Downloading dbt_core-1.5.2-py3-none-any.whl (949 kB)\n[19016325-0643-47d6-825d-cfd320df0f24/checks]   | Collecting mypy-extensions>=1.0.0\n[19016325-0643-47d6-825d-cfd320df0f24/checks]   |   Downloading mypy_extensions-1.0.0-py3-none-any.whl (4.7 kB)\n[19016325-0643-47d6-825d-cfd320df0f24/checks]   | Collecting typing-extensions>=3.10\n[19016325-0643-47d6-825d-cfd320df0f24/checks]   |   Downloading typing_extensions-4.7.0-py3-none-any.whl (33 kB)\n[19016325-0643-47d6-825d-cfd320df0f24/checks]   | Collecting tomli>=1.1.0; python_version < \"3.11\"\n[19016325-0643-47d6-825d-cfd320df0f24/checks]   |   Downloading tomli-2.0.1-py3-none-any.whl (12 kB)\n[19016325-0643-47d6-825d-cfd320df0f24/checks]   | Requirement already satisfied: pyyaml>=5.1 in /usr/lib/python3/dist-packages (from pre-commit~=3.3->-r dev_requirements.txt (line 3)) (5.3.1)\n[19016325-0643-47d6-825d-cfd320df0f24/checks]   | Collecting identify>=1.0.0\n[19016325-0643-47d6-825d-cfd320df0f24/checks]   |   Downloading identify-2.5.24-py2.py3-none-any.whl (98 kB)\n[19016325-0643-47d6-825d-cfd320df0f24/checks]   | Collecting cfgv>=2.0.0\n[19016325-0643-47d6-825d-cfd320df0f24/checks]   |   Downloading cfgv-3.3.1-py2.py3-none-any.whl (7.3 kB)\n[19016325-0643-47d6-825d-cfd320df0f24/checks]   | Collecting virtualenv>=20.10.0\n[19016325-0643-47d6-825d-cfd320df0f24/checks]   |   Downloading virtualenv-20.23.1-py3-none-any.whl (3.3 MB)\n[19016325-0643-47d6-825d-cfd320df0f24/checks]   | Collecting nodeenv>=0.11.1\n[19016325-0643-47d6-825d-cfd320df0f24/checks]   |   Downloading nodeenv-1.8.0-py2.py3-none-any.whl (22 kB)\n[19016325-0643-47d6-825d-cfd320df0f24/checks]   | Requirement already satisfied: packaging in /usr/local/lib/python3.8/dist-packages (from pytest~=7.3->-r dev_requirements.txt (line 4)) (21.0)\n[19016325-0643-47d6-825d-cfd320df0f24/checks]   | Collecting iniconfig\n[19016325-0643-47d6-825d-cfd320df0f24/checks]   |   Downloading iniconfig-2.0.0-py3-none-any.whl (5.9 kB)\n[19016325-0643-47d6-825d-cfd320df0f24/checks]   | Collecting pluggy<2.0,>=0.12\n[19016325-0643-47d6-825d-cfd320df0f24/checks]   |   Downloading pluggy-1.2.0-py3-none-any.whl (17 kB)\n[19016325-0643-47d6-825d-cfd320df0f24/checks]   | Collecting exceptiongroup>=1.0.0rc8; python_version < \"3.11\"\n[19016325-0643-47d6-825d-cfd320df0f24/checks]   |   Downloading exceptiongroup-1.1.1-py3-none-any.whl (14 kB)\n[19016325-0643-47d6-825d-cfd320df0f24/checks]   | Collecting pyproject-api>=1.5.2\n[19016325-0643-47d6-825d-cfd320df0f24/checks]   |   Downloading pyproject_api-1.5.2-py3-none-any.whl (12 kB)\n[19016325-0643-47d6-825d-cfd320df0f24/checks]   | Collecting cachetools>=5.3.1\n[19016325-0643-47d6-825d-cfd320df0f24/checks]   |   Downloading cachetools-5.3.1-py3-none-any.whl (9.3 kB)\n[19016325-0643-47d6-825d-cfd320df0f24/checks]   | Collecting chardet>=5.1\n[19016325-0643-47d6-825d-cfd320df0f24/checks]   |   Downloading chardet-5.1.0-py3-none-any.whl (199 kB)\n[19016325-0643-47d6-825d-cfd320df0f24/checks]   | Collecting platformdirs>=3.5.3\n[19016325-0643-47d6-825d-cfd320df0f24/checks]   |   Downloading platformdirs-3.8.0-py3-none-any.whl (16 kB)\n[19016325-0643-47d6-825d-cfd320df0f24/checks]   | Collecting filelock>=3.12.2\n[19016325-0643-47d6-825d-cfd320df0f24/checks]   |   Downloading filelock-3.12.2-py3-none-any.whl (10 kB)\n[19016325-0643-47d6-825d-cfd320df0f24/checks]   | Collecting colorama>=0.4.6\n[19016325-0643-47d6-825d-cfd320df0f24/checks]   |   Downloading colorama-0.4.6-py2.py3-none-any.whl (25 kB)\n[19016325-0643-47d6-825d-cfd320df0f24/checks]   | Collecting hologram<=0.0.16,>=0.0.14\n[19016325-0643-47d6-825d-cfd320df0f24/checks]   |   Downloading hologram-0.0.16-py3-none-any.whl (11 kB)\n[19016325-0643-47d6-825d-cfd320df0f24/checks]   | Collecting Jinja2==3.1.2\n[19016325-0643-47d6-825d-cfd320df0f24/checks]   |   Downloading Jinja2-3.1.2-py3-none-any.whl (133 kB)\n[19016325-0643-47d6-825d-cfd320df0f24/checks]   | Collecting sqlparse<0.4.4,>=0.2.3\n[19016325-0643-47d6-825d-cfd320df0f24/checks]   |   Downloading sqlparse-0.4.3-py3-none-any.whl (42 kB)\n[19016325-0643-47d6-825d-cfd320df0f24/checks]   | Collecting logbook<1.6,>=1.5\n[19016325-0643-47d6-825d-cfd320df0f24/checks]   |   Downloading Logbook-1.5.3.tar.gz (85 kB)\n[19016325-0643-47d6-825d-cfd320df0f24/checks]   | Collecting agate<1.7.1,>=1.6\n[19016325-0643-47d6-825d-cfd320df0f24/checks]   |   Downloading agate-1.7.0-py2.py3-none-any.whl (97 kB)\n[19016325-0643-47d6-825d-cfd320df0f24/checks]   | Collecting dbt-extractor~=0.4.1\n[19016325-0643-47d6-825d-cfd320df0f24/checks]   |   Downloading dbt_extractor-0.4.1-cp36-abi3-manylinux_2_5_x86_64.manylinux1_x86_64.whl (1.1 MB)\n[19016325-0643-47d6-825d-cfd320df0f24/checks]   | Requirement already satisfied: requests<3.0.0 in /usr/lib/python3/dist-packages (from dbt-core==1.5.2->dbt-tests-adapter~=1.5.0->-r dev_requirements.txt (line 1)) (2.22.0)\n[19016325-0643-47d6-825d-cfd320df0f24/checks]   | Requirement already satisfied: idna<4,>=2.5 in /usr/lib/python3/dist-packages (from dbt-core==1.5.2->dbt-tests-adapter~=1.5.0->-r dev_requirements.txt (line 1)) (2.8)\n[19016325-0643-47d6-825d-cfd320df0f24/checks]   | Collecting isodate<0.7,>=0.6\n[19016325-0643-47d6-825d-cfd320df0f24/checks]   |   Downloading isodate-0.6.1-py2.py3-none-any.whl (41 kB)\n[19016325-0643-47d6-825d-cfd320df0f24/checks]   | Collecting minimal-snowplow-tracker==0.0.2\n[19016325-0643-47d6-825d-cfd320df0f24/checks]   |   Downloading minimal-snowplow-tracker-0.0.2.tar.gz (12 kB)\n[19016325-0643-47d6-825d-cfd320df0f24/checks]   | Collecting pytz>=2015.7\n[19016325-0643-47d6-825d-cfd320df0f24/checks]   |   Downloading pytz-2023.3-py2.py3-none-any.whl (502 kB)\n[19016325-0643-47d6-825d-cfd320df0f24/checks]   | Collecting cffi<2.0.0,>=1.9\n[19016325-0643-47d6-825d-cfd320df0f24/checks]   |   Downloading cffi-1.15.1-cp38-cp38-manylinux_2_17_x86_64.manylinux2014_x86_64.whl (442 kB)\n[19016325-0643-47d6-825d-cfd320df0f24/checks]   | Requirement already satisfied: click<9,>=7.0 in /usr/local/lib/python3.8/dist-packages (from dbt-core==1.5.2->dbt-tests-adapter~=1.5.0->-r dev_requirements.txt (line 1)) (8.0.1)\n[19016325-0643-47d6-825d-cfd320df0f24/checks]   | Collecting networkx<3,>=2.3; python_version >= \"3.8\"\n[19016325-0643-47d6-825d-cfd320df0f24/checks]   |   Downloading networkx-2.8.8-py3-none-any.whl (2.0 MB)\n[19016325-0643-47d6-825d-cfd320df0f24/checks]   | Collecting mashumaro[msgpack]==3.6\n[19016325-0643-47d6-825d-cfd320df0f24/checks]   |   Downloading mashumaro-3.6-py3-none-any.whl (66 kB)\n[19016325-0643-47d6-825d-cfd320df0f24/checks]   | Collecting werkzeug<3,>=1\n[19016325-0643-47d6-825d-cfd320df0f24/checks]   |   Downloading Werkzeug-2.3.6-py3-none-any.whl (242 kB)\n[19016325-0643-47d6-825d-cfd320df0f24/checks]   | Collecting pathspec<0.12,>=0.9\n[19016325-0643-47d6-825d-cfd320df0f24/checks]   |   Downloading pathspec-0.11.1-py3-none-any.whl (29 kB)\n[19016325-0643-47d6-825d-cfd320df0f24/checks]   | Collecting protobuf>=4.0.0\n[19016325-0643-47d6-825d-cfd320df0f24/checks]   |   Downloading protobuf-4.23.3-cp37-abi3-manylinux2014_x86_64.whl (304 kB)\n[19016325-0643-47d6-825d-cfd320df0f24/checks]   | Collecting distlib<1,>=0.3.6\n[19016325-0643-47d6-825d-cfd320df0f24/checks]   |   Downloading distlib-0.3.6-py2.py3-none-any.whl (468 kB)\n[19016325-0643-47d6-825d-cfd320df0f24/checks]   | Requirement already satisfied: setuptools in /usr/lib/python3/dist-packages (from nodeenv>=0.11.1->pre-commit~=3.3->-r dev_requirements.txt (line 3)) (45.2.0)\n[19016325-0643-47d6-825d-cfd320df0f24/checks]   | Requirement already satisfied: pyparsing>=2.0.2 in /usr/local/lib/python3.8/dist-packages (from packaging->pytest~=7.3->-r dev_requirements.txt (line 4)) (2.4.7)\n[19016325-0643-47d6-825d-cfd320df0f24/checks]   | Collecting python-dateutil<2.9,>=2.8\n[19016325-0643-47d6-825d-cfd320df0f24/checks]   |   Downloading python_dateutil-2.8.2-py2.py3-none-any.whl (247 kB)\n[19016325-0643-47d6-825d-cfd320df0f24/checks]   | Collecting jsonschema>=3.0\n[19016325-0643-47d6-825d-cfd320df0f24/checks]   |   Downloading jsonschema-4.17.3-py3-none-any.whl (90 kB)\n[19016325-0643-47d6-825d-cfd320df0f24/test  ]   | [72] Failed to execute script docker-compose\n[19016325-0643-47d6-825d-cfd320df0f24/test  ]   | Traceback (most recent call last):\n[19016325-0643-47d6-825d-cfd320df0f24/test  ]   |   File \"urllib3/connectionpool.py\", line 677, in urlopen\n[19016325-0643-47d6-825d-cfd320df0f24/test  ]   |   File \"urllib3/connectionpool.py\", line 392, in _make_request\n[19016325-0643-47d6-825d-cfd320df0f24/test  ]   |   File \"http/client.py\", line 1277, in request\n[19016325-0643-47d6-825d-cfd320df0f24/test  ]   |   File \"http/client.py\", line 1323, in _send_request\n[19016325-0643-47d6-825d-cfd320df0f24/test  ]   |   File \"http/client.py\", line 1272, in endheaders\n[19016325-0643-47d6-825d-cfd320df0f24/test  ]   |   File \"http/client.py\", line 1032, in _send_output\n[19016325-0643-47d6-825d-cfd320df0f24/test  ]   |   File \"http/client.py\", line 972, in send\n[19016325-0643-47d6-825d-cfd320df0f24/test  ]   |   File \"docker/transport/unixconn.py\", line 43, in connect\n[19016325-0643-47d6-825d-cfd320df0f24/test  ]   | PermissionError: [Errno 13] Permission denied\n[19016325-0643-47d6-825d-cfd320df0f24/test  ]   | \n[19016325-0643-47d6-825d-cfd320df0f24/test  ]   | During handling of the above exception, another exception occurred:\n[19016325-0643-47d6-825d-cfd320df0f24/test  ]   | \n[19016325-0643-47d6-825d-cfd320df0f24/test  ]   | Traceback (most recent call last):\n[19016325-0643-47d6-825d-cfd320df0f24/test  ]   |   File \"requests/adapters.py\", line 449, in send\n[19016325-0643-47d6-825d-cfd320df0f24/test  ]   |   File \"urllib3/connectionpool.py\", line 727, in urlopen\n[19016325-0643-47d6-825d-cfd320df0f24/test  ]   |   File \"urllib3/util/retry.py\", line 410, in increment\n[19016325-0643-47d6-825d-cfd320df0f24/test  ]   |   File \"urllib3/packages/six.py\", line 734, in reraise\n[19016325-0643-47d6-825d-cfd320df0f24/test  ]   |   File \"urllib3/connectionpool.py\", line 677, in urlopen\n[19016325-0643-47d6-825d-cfd320df0f24/test  ]   |   File \"urllib3/connectionpool.py\", line 392, in _make_request\n[19016325-0643-47d6-825d-cfd320df0f24/test  ]   |   File \"http/client.py\", line 1277, in request\n[19016325-0643-47d6-825d-cfd320df0f24/test  ]   |   File \"http/client.py\", line 1323, in _send_request\n[19016325-0643-47d6-825d-cfd320df0f24/test  ]   |   File \"http/client.py\", line 1272, in endheaders\n[19016325-0643-47d6-825d-cfd320df0f24/test  ]   |   File \"http/client.py\", line 1032, in _send_output\n[19016325-0643-47d6-825d-cfd320df0f24/test  ]   |   File \"http/client.py\", line 972, in send\n[19016325-0643-47d6-825d-cfd320df0f24/test  ]   |   File \"docker/transport/unixconn.py\", line 43, in connect\n[19016325-0643-47d6-825d-cfd320df0f24/test  ]   | urllib3.exceptions.ProtocolError: ('Connection aborted.', PermissionError(13, 'Permission denied'))\n[19016325-0643-47d6-825d-cfd320df0f24/test  ]   | \n[19016325-0643-47d6-825d-cfd320df0f24/test  ]   | During handling of the above exception, another exception occurred:\n[19016325-0643-47d6-825d-cfd320df0f24/test  ]   | \n[19016325-0643-47d6-825d-cfd320df0f24/test  ]   | Traceback (most recent call last):\n[19016325-0643-47d6-825d-cfd320df0f24/test  ]   |   File \"docker/api/client.py\", line 214, in _retrieve_server_version\n[19016325-0643-47d6-825d-cfd320df0f24/test  ]   |   File \"docker/api/daemon.py\", line 181, in version\n[19016325-0643-47d6-825d-cfd320df0f24/test  ]   |   File \"docker/utils/decorators.py\", line 46, in inner\n[19016325-0643-47d6-825d-cfd320df0f24/test  ]   |   File \"docker/api/client.py\", line 237, in _get\n[19016325-0643-47d6-825d-cfd320df0f24/test  ]   |   File \"requests/sessions.py\", line 543, in get\n[19016325-0643-47d6-825d-cfd320df0f24/test  ]   |   File \"requests/sessions.py\", line 530, in request\n[19016325-0643-47d6-825d-cfd320df0f24/test  ]   |   File \"requests/sessions.py\", line 643, in send\n[19016325-0643-47d6-825d-cfd320df0f24/test  ]   |   File \"requests/adapters.py\", line 498, in send\n[19016325-0643-47d6-825d-cfd320df0f24/test  ]   | requests.exceptions.ConnectionError: ('Connection aborted.', PermissionError(13, 'Permission denied'))\n[19016325-0643-47d6-825d-cfd320df0f24/test  ]   | \n[19016325-0643-47d6-825d-cfd320df0f24/test  ]   | During handling of the above exception, another exception occurred:\n[19016325-0643-47d6-825d-cfd320df0f24/test  ]   | \n[19016325-0643-47d6-825d-cfd320df0f24/test  ]   | Traceback (most recent call last):\n[19016325-0643-47d6-825d-cfd320df0f24/test  ]   |   File \"docker-compose\", line 3, in <module>\n[19016325-0643-47d6-825d-cfd320df0f24/test  ]   |   File \"compose/cli/main.py\", line 81, in main\n[19016325-0643-47d6-825d-cfd320df0f24/test  ]   |   File \"compose/cli/main.py\", line 200, in perform_command\n[19016325-0643-47d6-825d-cfd320df0f24/test  ]   |   File \"compose/cli/command.py\", line 70, in project_from_options\n[19016325-0643-47d6-825d-cfd320df0f24/test  ]   |   File \"compose/cli/command.py\", line 153, in get_project\n[19016325-0643-47d6-825d-cfd320df0f24/test  ]   |   File \"compose/cli/docker_client.py\", line 43, in get_client\n[19016325-0643-47d6-825d-cfd320df0f24/test  ]   |   File \"compose/cli/docker_client.py\", line 170, in docker_client\n[19016325-0643-47d6-825d-cfd320df0f24/test  ]   |   File \"docker/api/client.py\", line 197, in __init__\n[19016325-0643-47d6-825d-cfd320df0f24/test  ]   |   File \"docker/api/client.py\", line 222, in _retrieve_server_version\n[19016325-0643-47d6-825d-cfd320df0f24/test  ]   | docker.errors.DockerException: Error while fetching server API version: ('Connection aborted.', PermissionError(13, 'Permission denied'))\n[19016325-0643-47d6-825d-cfd320df0f24/test  ]   \u2705  Success - Main Remove container on failure\n[19016325-0643-47d6-825d-cfd320df0f24/checks]   | Collecting MarkupSafe>=2.0\n[19016325-0643-47d6-825d-cfd320df0f24/checks]   |   Downloading MarkupSafe-2.1.3-cp38-cp38-manylinux_2_17_x86_64.manylinux2014_x86_64.whl (25 kB)\n[19016325-0643-47d6-825d-cfd320df0f24/checks]   | Collecting parsedatetime!=2.5,!=2.6,>=2.1\n[19016325-0643-47d6-825d-cfd320df0f24/checks]   |   Downloading parsedatetime-2.4.tar.gz (58 kB)\n[19016325-0643-47d6-825d-cfd320df0f24/checks]   | Collecting leather>=0.3.2\n[19016325-0643-47d6-825d-cfd320df0f24/checks]   |   Downloading leather-0.3.4-py2.py3-none-any.whl (31 kB)\n[19016325-0643-47d6-825d-cfd320df0f24/checks]   | Collecting pytimeparse>=1.1.5\n[19016325-0643-47d6-825d-cfd320df0f24/checks]   |   Downloading pytimeparse-1.1.8-py2.py3-none-any.whl (10.0 kB)\n[19016325-0643-47d6-825d-cfd320df0f24/checks]   | Collecting python-slugify>=1.2.1\n[19016325-0643-47d6-825d-cfd320df0f24/checks]   |   Downloading python_slugify-8.0.1-py2.py3-none-any.whl (9.7 kB)\n[19016325-0643-47d6-825d-cfd320df0f24/checks]   | Collecting Babel>=2.0\n[19016325-0643-47d6-825d-cfd320df0f24/checks]   |   Downloading Babel-2.12.1-py3-none-any.whl (10.1 MB)\n[19016325-0643-47d6-825d-cfd320df0f24/checks]   | Requirement already satisfied: six in /usr/lib/python3/dist-packages (from isodate<0.7,>=0.6->dbt-core==1.5.2->dbt-tests-adapter~=1.5.0->-r dev_requirements.txt (line 1)) (1.14.0)\n[19016325-0643-47d6-825d-cfd320df0f24/checks]   | Collecting pycparser\n[19016325-0643-47d6-825d-cfd320df0f24/checks]   |   Downloading pycparser-2.21-py2.py3-none-any.whl (118 kB)\n[19016325-0643-47d6-825d-cfd320df0f24/checks]   | Collecting msgpack>=0.5.6; extra == \"msgpack\"\n[19016325-0643-47d6-825d-cfd320df0f24/checks]   |   Downloading msgpack-1.0.5-cp38-cp38-manylinux_2_17_x86_64.manylinux2014_x86_64.whl (322 kB)\n[19016325-0643-47d6-825d-cfd320df0f24/checks]   | Collecting pkgutil-resolve-name>=1.3.10; python_version < \"3.9\"\n[19016325-0643-47d6-825d-cfd320df0f24/checks]   |   Downloading pkgutil_resolve_name-1.3.10-py3-none-any.whl (4.7 kB)\n[19016325-0643-47d6-825d-cfd320df0f24/checks]   | Collecting attrs>=17.4.0\n[19016325-0643-47d6-825d-cfd320df0f24/checks]   |   Downloading attrs-23.1.0-py3-none-any.whl (61 kB)\n[19016325-0643-47d6-825d-cfd320df0f24/checks]   | Collecting pyrsistent!=0.17.0,!=0.17.1,!=0.17.2,>=0.14.0\n[19016325-0643-47d6-825d-cfd320df0f24/checks]   |   Downloading pyrsistent-0.19.3-py3-none-any.whl (57 kB)\n[19016325-0643-47d6-825d-cfd320df0f24/checks]   | Collecting importlib-resources>=1.4.0; python_version < \"3.9\"\n[19016325-0643-47d6-825d-cfd320df0f24/checks]   |   Downloading importlib_resources-5.12.0-py3-none-any.whl (36 kB)\n[19016325-0643-47d6-825d-cfd320df0f24/checks]   | Collecting future\n[19016325-0643-47d6-825d-cfd320df0f24/checks]   |   Downloading future-0.18.3.tar.gz (840 kB)\n[19016325-0643-47d6-825d-cfd320df0f24/checks]   | Collecting text-unidecode>=1.3\n[19016325-0643-47d6-825d-cfd320df0f24/checks]   |   Downloading text_unidecode-1.3-py2.py3-none-any.whl (78 kB)\n[19016325-0643-47d6-825d-cfd320df0f24/checks]   | Collecting zipp>=3.1.0; python_version < \"3.10\"\n[19016325-0643-47d6-825d-cfd320df0f24/checks]   |   Downloading zipp-3.15.0-py3-none-any.whl (6.8 kB)\n[19016325-0643-47d6-825d-cfd320df0f24/checks]   | Building wheels for collected packages: logbook, minimal-snowplow-tracker, parsedatetime, future\n[19016325-0643-47d6-825d-cfd320df0f24/checks]   |   Building wheel for logbook (setup.py): started\n[19016325-0643-47d6-825d-cfd320df0f24/test  ] \ud83c\udfc1  Job failed\n[19016325-0643-47d6-825d-cfd320df0f24/checks]   |   Building wheel for logbook (setup.py): finished with status 'done'\n[19016325-0643-47d6-825d-cfd320df0f24/checks]   |   Created wheel for logbook: filename=Logbook-1.5.3-cp38-cp38-linux_x86_64.whl size=66375 sha256=0886b1d0cbed0ea33a36ea09eecf485026393c8181d1198c163f6de6b5e74839\n[19016325-0643-47d6-825d-cfd320df0f24/checks]   |   Stored in directory: /home/runneradmin/.cache/pip/wheels/25/9a/c0/03bf368ac5f673e9c0bde58837146b004424b25555ca3aedfb\n[19016325-0643-47d6-825d-cfd320df0f24/checks]   |   Building wheel for minimal-snowplow-tracker (setup.py): started\n[19016325-0643-47d6-825d-cfd320df0f24/checks]   |   Building wheel for minimal-snowplow-tracker (setup.py): finished with status 'done'\n[19016325-0643-47d6-825d-cfd320df0f24/checks]   |   Created wheel for minimal-snowplow-tracker: filename=minimal_snowplow_tracker-0.0.2-py3-none-any.whl size=17811 sha256=af4fadc2d2f16faf712e81102fbf11ee0a34aef4967a129ca3e2d791b3964fe5\n[19016325-0643-47d6-825d-cfd320df0f24/checks]   |   Stored in directory: /home/runneradmin/.cache/pip/wheels/d4/04/77/72a8c17c9c19691be497bb4e192bd760aff6d47fa959d184e8\n[19016325-0643-47d6-825d-cfd320df0f24/checks]   |   Building wheel for parsedatetime (setup.py): started\n[19016325-0643-47d6-825d-cfd320df0f24/checks]   |   Building wheel for parsedatetime (setup.py): finished with status 'done'\n[19016325-0643-47d6-825d-cfd320df0f24/checks]   |   Created wheel for parsedatetime: filename=parsedatetime-2.4-py3-none-any.whl size=42748 sha256=4a29b2c36eef4d3ff9b54bdc1b0712aeff917d4c0beb7424579c79b705875dcf\n[19016325-0643-47d6-825d-cfd320df0f24/checks]   |   Stored in directory: /home/runneradmin/.cache/pip/wheels/e5/2b/42/2b5388ce43276783c42176a76229c21f74e4433a8e2a0daae6\n[19016325-0643-47d6-825d-cfd320df0f24/checks]   |   Building wheel for future (setup.py): started\n[19016325-0643-47d6-825d-cfd320df0f24/checks]   |   Building wheel for future (setup.py): finished with status 'done'\n[19016325-0643-47d6-825d-cfd320df0f24/checks]   |   Created wheel for future: filename=future-0.18.3-py3-none-any.whl size=492025 sha256=4a8de4913e2d169a508d92bb0bb7d4dd6abc33297295d980072ab4a124c1bb37\n[19016325-0643-47d6-825d-cfd320df0f24/checks]   |   Stored in directory: /home/runneradmin/.cache/pip/wheels/a0/0b/ee/e6994fadb42c1354dcccb139b0bf2795271bddfe6253ccdf11\n[19016325-0643-47d6-825d-cfd320df0f24/checks]   | Successfully built logbook minimal-snowplow-tracker parsedatetime future\n[19016325-0643-47d6-825d-cfd320df0f24/checks]   | ERROR: dbt-core 1.5.2 has requirement pyyaml>=6.0, but you'll have pyyaml 5.3.1 which is incompatible.\n[19016325-0643-47d6-825d-cfd320df0f24/checks]   | ERROR: pyproject-api 1.5.2 has requirement packaging>=23.1, but you'll have packaging 21.0 which is incompatible.\n[19016325-0643-47d6-825d-cfd320df0f24/checks]   | ERROR: tox 4.6.3 has requirement packaging>=23.1, but you'll have packaging 21.0 which is incompatible.\n[19016325-0643-47d6-825d-cfd320df0f24/checks]   | Installing collected packages: iniconfig, pluggy, tomli, exceptiongroup, pytest, python-dateutil, pkgutil-resolve-name, attrs, pyrsistent, zipp, importlib-resources, jsonschema, hologram, MarkupSafe, Jinja2, sqlparse, colorama, logbook, future, parsedatetime, leather, isodate, pytimeparse, text-unidecode, python-slugify, pytz, Babel, agate, dbt-extractor, minimal-snowplow-tracker, pycparser, cffi, networkx, typing-extensions, msgpack, mashumaro, werkzeug, pathspec, protobuf, dbt-core, dbt-tests-adapter, mypy-extensions, mypy, identify, cfgv, distlib, filelock, platformdirs, virtualenv, nodeenv, pre-commit, pyproject-api, cachetools, chardet, tox\n[19016325-0643-47d6-825d-cfd320df0f24/checks]   |   WARNING: The scripts py.test and pytest are installed in '/home/runneradmin/.local/bin' which is not on PATH.\n[19016325-0643-47d6-825d-cfd320df0f24/checks]   |   Consider adding this directory to PATH or, if you prefer to suppress this warning, use --no-warn-script-location.\n[19016325-0643-47d6-825d-cfd320df0f24/checks]   |   WARNING: The script jsonschema is installed in '/home/runneradmin/.local/bin' which is not on PATH.\n[19016325-0643-47d6-825d-cfd320df0f24/checks]   |   Consider adding this directory to PATH or, if you prefer to suppress this warning, use --no-warn-script-location.\n[19016325-0643-47d6-825d-cfd320df0f24/checks]   |   WARNING: The script sqlformat is installed in '/home/runneradmin/.local/bin' which is not on PATH.\n[19016325-0643-47d6-825d-cfd320df0f24/checks]   |   Consider adding this directory to PATH or, if you prefer to suppress this warning, use --no-warn-script-location.\n[19016325-0643-47d6-825d-cfd320df0f24/checks]   |   WARNING: The scripts futurize and pasteurize are installed in '/home/runneradmin/.local/bin' which is not on PATH.\n[19016325-0643-47d6-825d-cfd320df0f24/checks]   |   Consider adding this directory to PATH or, if you prefer to suppress this warning, use --no-warn-script-location.\n[19016325-0643-47d6-825d-cfd320df0f24/checks]   |   WARNING: The script slugify is installed in '/home/runneradmin/.local/bin' which is not on PATH.\n[19016325-0643-47d6-825d-cfd320df0f24/checks]   |   Consider adding this directory to PATH or, if you prefer to suppress this warning, use --no-warn-script-location.\n[19016325-0643-47d6-825d-cfd320df0f24/checks]   |   WARNING: The script pybabel is installed in '/home/runneradmin/.local/bin' which is not on PATH.\n[19016325-0643-47d6-825d-cfd320df0f24/checks]   |   Consider adding this directory to PATH or, if you prefer to suppress this warning, use --no-warn-script-location.\n[19016325-0643-47d6-825d-cfd320df0f24/checks]   |   WARNING: The script dbt is installed in '/home/runneradmin/.local/bin' which is not on PATH.\n[19016325-0643-47d6-825d-cfd320df0f24/checks]   |   Consider adding this directory to PATH or, if you prefer to suppress this warning, use --no-warn-script-location.\n[19016325-0643-47d6-825d-cfd320df0f24/checks]   |   WARNING: The scripts dmypy, mypy, mypyc, stubgen and stubtest are installed in '/home/runneradmin/.local/bin' which is not on PATH.\n[19016325-0643-47d6-825d-cfd320df0f24/checks]   |   Consider adding this directory to PATH or, if you prefer to suppress this warning, use --no-warn-script-location.\n[19016325-0643-47d6-825d-cfd320df0f24/checks]   |   WARNING: The script identify-cli is installed in '/home/runneradmin/.local/bin' which is not on PATH.\n[19016325-0643-47d6-825d-cfd320df0f24/checks]   |   Consider adding this directory to PATH or, if you prefer to suppress this warning, use --no-warn-script-location.\n[19016325-0643-47d6-825d-cfd320df0f24/checks]   |   WARNING: The script virtualenv is installed in '/home/runneradmin/.local/bin' which is not on PATH.\n[19016325-0643-47d6-825d-cfd320df0f24/checks]   |   Consider adding this directory to PATH or, if you prefer to suppress this warning, use --no-warn-script-location.\n[19016325-0643-47d6-825d-cfd320df0f24/checks]   |   WARNING: The script nodeenv is installed in '/home/runneradmin/.local/bin' which is not on PATH.\n[19016325-0643-47d6-825d-cfd320df0f24/checks]   |   Consider adding this directory to PATH or, if you prefer to suppress this warning, use --no-warn-script-location.\n[19016325-0643-47d6-825d-cfd320df0f24/checks]   |   WARNING: The script pre-commit is installed in '/home/runneradmin/.local/bin' which is not on PATH.\n[19016325-0643-47d6-825d-cfd320df0f24/checks]   |   Consider adding this directory to PATH or, if you prefer to suppress this warning, use --no-warn-script-location.\n[19016325-0643-47d6-825d-cfd320df0f24/checks]   |   WARNING: The script chardetect is installed in '/home/runneradmin/.local/bin' which is not on PATH.\n[19016325-0643-47d6-825d-cfd320df0f24/checks]   |   Consider adding this directory to PATH or, if you prefer to suppress this warning, use --no-warn-script-location.\n[19016325-0643-47d6-825d-cfd320df0f24/checks]   |   WARNING: The script tox is installed in '/home/runneradmin/.local/bin' which is not on PATH.\n[19016325-0643-47d6-825d-cfd320df0f24/checks]   |   Consider adding this directory to PATH or, if you prefer to suppress this warning, use --no-warn-script-location.\n[19016325-0643-47d6-825d-cfd320df0f24/checks]   | Successfully installed Babel-2.12.1 Jinja2-3.1.2 MarkupSafe-2.1.3 agate-1.7.0 attrs-23.1.0 cachetools-5.3.1 cffi-1.15.1 cfgv-3.3.1 chardet-5.1.0 colorama-0.4.6 dbt-core-1.5.2 dbt-extractor-0.4.1 dbt-tests-adapter-1.5.2 distlib-0.3.6 exceptiongroup-1.1.1 filelock-3.12.2 future-0.18.3 hologram-0.0.16 identify-2.5.24 importlib-resources-5.12.0 iniconfig-2.0.0 isodate-0.6.1 jsonschema-4.17.3 leather-0.3.4 logbook-1.5.3 mashumaro-3.6 minimal-snowplow-tracker-0.0.2 msgpack-1.0.5 mypy-1.3.0 mypy-extensions-1.0.0 networkx-2.8.8 nodeenv-1.8.0 parsedatetime-2.4 pathspec-0.11.1 pkgutil-resolve-name-1.3.10 platformdirs-3.8.0 pluggy-1.2.0 pre-commit-3.3.3 protobuf-4.23.3 pycparser-2.21 pyproject-api-1.5.2 pyrsistent-0.19.3 pytest-7.4.0 python-dateutil-2.8.2 python-slugify-8.0.1 pytimeparse-1.1.8 pytz-2023.3 sqlparse-0.4.3 text-unidecode-1.3 tomli-2.0.1 tox-4.6.3 typing-extensions-4.7.0 virtualenv-20.23.1 werkzeug-2.3.6 zipp-3.15.0\n[19016325-0643-47d6-825d-cfd320df0f24/checks]   \u2705  Success - Main Install dev requirements\n[19016325-0643-47d6-825d-cfd320df0f24/checks] \u2b50 Run Main Run pre-commit checks\n[19016325-0643-47d6-825d-cfd320df0f24/checks]   \ud83d\udc33  docker exec cmd=[bash --noprofile --norc -e -o pipefail /var/run/act/workflow/3] user= workdir=\n[19016325-0643-47d6-825d-cfd320df0f24/checks]   | /var/run/act/workflow/3: line 2: pre-commit: command not found\n[19016325-0643-47d6-825d-cfd320df0f24/checks]   \u274c  Failure - Main Run pre-commit checks\n[19016325-0643-47d6-825d-cfd320df0f24/checks] exitcode '127': command not found, please refer to https://github.com/nektos/act/issues/107 for more information\n[19016325-0643-47d6-825d-cfd320df0f24/checks] \ud83c\udfc1  Job failed\n",
        "stderr": "Error: Job 'test' failed\n",
        "workflow": {
            "path": "/tmp/558156d8-17ed-11ee-8a50-bb14de238602/starburstdata-dbt-trino/.github/workflows/ci-crawler.yml",
            "type": "pytest"
        },
        "workflow_name": "19016325-0643-47d6-825d-cfd320df0f24",
        "build_tool": "pytest",
        "elapsed_time": 204.59783816337585
    }
}