{
    "repository": "tconbeer/harlequin",
    "stars": 70,
    "language": "python",
    "size": 6854,
    "clone_url": "https://github.com/tconbeer/harlequin.git",
    "timestamp": "2023-07-01T18:26:35.381194Z",
    "clone_success": true,
    "number_of_actions": 4,
    "number_of_test_actions": 1,
    "actions_successful": true,
    "actions_build_tools": [
        "unknown",
        "unknown",
        "unknown",
        "pytest"
    ],
    "actions_test_build_tools": [
        "pytest"
    ],
    "actions_run": {
        "failed": false,
        "tests": [
            {
                "classname": "tests.functional_tests.test_app",
                "name": "test_select_1",
                "time": 2.134,
                "results": [
                    {
                        "result": "Passed",
                        "message": "",
                        "type": ""
                    }
                ],
                "stdout": null,
                "stderr": null
            },
            {
                "classname": "tests.functional_tests.test_app",
                "name": "test_query_formatting",
                "time": 0.658,
                "results": [
                    {
                        "result": "Passed",
                        "message": "",
                        "type": ""
                    }
                ],
                "stdout": null,
                "stderr": null
            },
            {
                "classname": "tests.functional_tests.test_app",
                "name": "test_run_query_bar",
                "time": 4.275,
                "results": [
                    {
                        "result": "Passed",
                        "message": "",
                        "type": ""
                    }
                ],
                "stdout": null,
                "stderr": null
            },
            {
                "classname": "tests.functional_tests.test_app",
                "name": "test_toggle_sidebar",
                "time": 0.904,
                "results": [
                    {
                        "result": "Passed",
                        "message": "",
                        "type": ""
                    }
                ],
                "stdout": null,
                "stderr": null
            },
            {
                "classname": "tests.functional_tests.test_app",
                "name": "test_toggle_full_screen",
                "time": 2.092,
                "results": [
                    {
                        "result": "Passed",
                        "message": "",
                        "type": ""
                    }
                ],
                "stdout": null,
                "stderr": null
            },
            {
                "classname": "tests.functional_tests.test_duck_ops",
                "name": "test_connect",
                "time": 0.256,
                "results": [
                    {
                        "result": "Passed",
                        "message": "",
                        "type": ""
                    }
                ],
                "stdout": null,
                "stderr": null
            },
            {
                "classname": "tests.functional_tests.test_duck_ops",
                "name": "test_connect_motherduck",
                "time": 62.578,
                "results": [
                    {
                        "result": "Failure",
                        "message": "duckdb.InvalidInputException: Invalid Input Error: Initialization function \"motherduck_init\" from file \"/home/runneradmin/.duckdb/extensions/v0.8.1/linux_amd64_gcc4/motherduck.duckdb_extension\" threw an exception: \"Invalid Input Error: Initialization function \"motherduck_init\" from file \"/home/runneradmin/.duckdb/extensions/v0.8.1/linux_amd64_gcc4/motherduck.v1.11.2.duckdb_extension\" threw an exception: \"Unknown Type Error: Cannot connect to MotherDuck server: no token provided.\"\"",
                        "type": null
                    }
                ],
                "stdout": null,
                "stderr": null
            },
            {
                "classname": "tests.functional_tests.test_duck_ops",
                "name": "test_cannot_connect",
                "time": 0.028,
                "results": [
                    {
                        "result": "Passed",
                        "message": "",
                        "type": ""
                    }
                ],
                "stdout": null,
                "stderr": null
            },
            {
                "classname": "tests.functional_tests.test_duck_ops",
                "name": "test_get_databases",
                "time": 0.025,
                "results": [
                    {
                        "result": "Passed",
                        "message": "",
                        "type": ""
                    }
                ],
                "stdout": null,
                "stderr": null
            },
            {
                "classname": "tests.functional_tests.test_duck_ops",
                "name": "test_get_schemas",
                "time": 0.025,
                "results": [
                    {
                        "result": "Passed",
                        "message": "",
                        "type": ""
                    }
                ],
                "stdout": null,
                "stderr": null
            },
            {
                "classname": "tests.functional_tests.test_duck_ops",
                "name": "test_get_tables",
                "time": 0.081,
                "results": [
                    {
                        "result": "Passed",
                        "message": "",
                        "type": ""
                    }
                ],
                "stdout": null,
                "stderr": null
            },
            {
                "classname": "tests.functional_tests.test_duck_ops",
                "name": "test_get_columns",
                "time": 0.072,
                "results": [
                    {
                        "result": "Passed",
                        "message": "",
                        "type": ""
                    }
                ],
                "stdout": null,
                "stderr": null
            },
            {
                "classname": "tests.functional_tests.test_duck_ops",
                "name": "test_get_catalog",
                "time": 0.145,
                "results": [
                    {
                        "result": "Passed",
                        "message": "",
                        "type": ""
                    }
                ],
                "stdout": null,
                "stderr": null
            }
        ],
        "stdout": "[ffa305a2-13fc-4d63-9d80-bde659733b07/Windows - 3.10] \ud83d\ude80  Start image=crawlergpt:latest\n[ffa305a2-13fc-4d63-9d80-bde659733b07/ubuntu - 3.11 ] \ud83d\ude80  Start image=crawlergpt:latest\n[ffa305a2-13fc-4d63-9d80-bde659733b07/ubuntu - 3.11 ]   \ud83d\udc33  docker pull image=crawlergpt:latest platform= username= forcePull=false\n[ffa305a2-13fc-4d63-9d80-bde659733b07/Windows - 3.10]   \ud83d\udc33  docker pull image=crawlergpt:latest platform= username= forcePull=false\n[ffa305a2-13fc-4d63-9d80-bde659733b07/ubuntu - 3.11 ]   \ud83d\udc33  docker create image=crawlergpt:latest platform= entrypoint=[\"tail\" \"-f\" \"/dev/null\"] cmd=[]\n[ffa305a2-13fc-4d63-9d80-bde659733b07/Windows - 3.10]   \ud83d\udc33  docker create image=crawlergpt:latest platform= entrypoint=[\"tail\" \"-f\" \"/dev/null\"] cmd=[]\n[ffa305a2-13fc-4d63-9d80-bde659733b07/Windows - 3.10]   \ud83d\udc33  docker run image=crawlergpt:latest platform= entrypoint=[\"tail\" \"-f\" \"/dev/null\"] cmd=[]\n[ffa305a2-13fc-4d63-9d80-bde659733b07/ubuntu - 3.11 ]   \ud83d\udc33  docker run image=crawlergpt:latest platform= entrypoint=[\"tail\" \"-f\" \"/dev/null\"] cmd=[]\n[ffa305a2-13fc-4d63-9d80-bde659733b07/Windows - 3.10]   \ud83d\udc33  docker exec cmd=[chown -R 1012:1013 /tmp/558156d8-17ed-11ee-8a50-bb14de238602/tconbeer-harlequin] user=0 workdir=\n[ffa305a2-13fc-4d63-9d80-bde659733b07/ubuntu - 3.11 ]   \ud83d\udc33  docker exec cmd=[chown -R 1012:1013 /tmp/558156d8-17ed-11ee-8a50-bb14de238602/tconbeer-harlequin] user=0 workdir=\n[ffa305a2-13fc-4d63-9d80-bde659733b07/Windows - 3.10]   \u2601  git clone 'https://github.com/actions/setup-python' # ref=v4\n[ffa305a2-13fc-4d63-9d80-bde659733b07/ubuntu - 3.11 ]   \u2601  git clone 'https://github.com/actions/setup-python' # ref=v4\n[ffa305a2-13fc-4d63-9d80-bde659733b07/Windows - 3.10]   \u2601  git clone 'https://github.com/snok/install-poetry' # ref=v1\n[ffa305a2-13fc-4d63-9d80-bde659733b07/ubuntu - 3.11 ]   \u2601  git clone 'https://github.com/actions/cache' # ref=v3\n[ffa305a2-13fc-4d63-9d80-bde659733b07/Windows - 3.10] \u2b50 Run Pre Install Poetry\n[ffa305a2-13fc-4d63-9d80-bde659733b07/Windows - 3.10]   \u2705  Success - Pre Install Poetry\n[ffa305a2-13fc-4d63-9d80-bde659733b07/Windows - 3.10] \u2b50 Run Main Check out Repo\n[ffa305a2-13fc-4d63-9d80-bde659733b07/Windows - 3.10]   \u2705  Success - Main Check out Repo\n[ffa305a2-13fc-4d63-9d80-bde659733b07/Windows - 3.10] \u2b50 Run Main Set up Python 3.10\n[ffa305a2-13fc-4d63-9d80-bde659733b07/Windows - 3.10]   \ud83d\udc33  docker cp src=/tmp/act-cache/74af3143-7069-4a59-a466-be9e71907dcf/act/actions-setup-python@v4/ dst=/var/run/act/actions/actions-setup-python@v4/\n[ffa305a2-13fc-4d63-9d80-bde659733b07/Windows - 3.10]   \ud83d\udc33  docker exec cmd=[chown -R 1012:1013 /var/run/act/actions/actions-setup-python@v4/] user=0 workdir=\n[ffa305a2-13fc-4d63-9d80-bde659733b07/Windows - 3.10]   \ud83d\udc33  docker exec cmd=[node /var/run/act/actions/actions-setup-python@v4/dist/setup/index.js] user= workdir=\n[ffa305a2-13fc-4d63-9d80-bde659733b07/Windows - 3.10]   \ud83d\udcac  ::debug::Python is expected to be installed into /opt/hostedtoolcache\n[ffa305a2-13fc-4d63-9d80-bde659733b07/Windows - 3.10]   \u2753  ::group::Installed versions\n[ffa305a2-13fc-4d63-9d80-bde659733b07/Windows - 3.10]   \ud83d\udcac  ::debug::Semantic version spec of 3.10 is 3.10\n[ffa305a2-13fc-4d63-9d80-bde659733b07/Windows - 3.10]   \ud83d\udcac  ::debug::isExplicit: \n[ffa305a2-13fc-4d63-9d80-bde659733b07/Windows - 3.10]   \ud83d\udcac  ::debug::explicit? false\n[ffa305a2-13fc-4d63-9d80-bde659733b07/Windows - 3.10]   \ud83d\udcac  ::debug::isExplicit: 2.7.18\n[ffa305a2-13fc-4d63-9d80-bde659733b07/Windows - 3.10]   \ud83d\udcac  ::debug::explicit? true\n[ffa305a2-13fc-4d63-9d80-bde659733b07/Windows - 3.10]   \ud83d\udcac  ::debug::isExplicit: 3.5.10\n[ffa305a2-13fc-4d63-9d80-bde659733b07/Windows - 3.10]   \ud83d\udcac  ::debug::explicit? true\n[ffa305a2-13fc-4d63-9d80-bde659733b07/Windows - 3.10]   \ud83d\udcac  ::debug::isExplicit: 3.6.14\n[ffa305a2-13fc-4d63-9d80-bde659733b07/Windows - 3.10]   \ud83d\udcac  ::debug::explicit? true\n[ffa305a2-13fc-4d63-9d80-bde659733b07/Windows - 3.10]   \ud83d\udcac  ::debug::isExplicit: 3.7.11\n[ffa305a2-13fc-4d63-9d80-bde659733b07/Windows - 3.10]   \ud83d\udcac  ::debug::explicit? true\n[ffa305a2-13fc-4d63-9d80-bde659733b07/Windows - 3.10]   \ud83d\udcac  ::debug::isExplicit: 3.8.11\n[ffa305a2-13fc-4d63-9d80-bde659733b07/Windows - 3.10]   \ud83d\udcac  ::debug::explicit? true\n[ffa305a2-13fc-4d63-9d80-bde659733b07/Windows - 3.10]   \ud83d\udcac  ::debug::isExplicit: 3.9.6\n[ffa305a2-13fc-4d63-9d80-bde659733b07/Windows - 3.10]   \ud83d\udcac  ::debug::explicit? true\n[ffa305a2-13fc-4d63-9d80-bde659733b07/Windows - 3.10]   \ud83d\udcac  ::debug::evaluating 6 versions\n[ffa305a2-13fc-4d63-9d80-bde659733b07/Windows - 3.10]   \ud83d\udcac  ::debug::match not found\n[ffa305a2-13fc-4d63-9d80-bde659733b07/Windows - 3.10]   | Version 3.10 was not found in the local cache\n[ffa305a2-13fc-4d63-9d80-bde659733b07/Windows - 3.10]   \ud83d\udcac  ::debug::Getting manifest from actions/python-versions@main\n[ffa305a2-13fc-4d63-9d80-bde659733b07/Windows - 3.10]   \ud83d\udcac  ::debug::set auth\n[ffa305a2-13fc-4d63-9d80-bde659733b07/Windows - 3.10]   \ud83d\udcac  ::debug::check 3.12.0-beta.3 satisfies 3.10\n[ffa305a2-13fc-4d63-9d80-bde659733b07/Windows - 3.10]   \ud83d\udcac  ::debug::check 3.12.0-beta.2 satisfies 3.10\n[ffa305a2-13fc-4d63-9d80-bde659733b07/Windows - 3.10]   \ud83d\udcac  ::debug::check 3.12.0-beta.1 satisfies 3.10\n[ffa305a2-13fc-4d63-9d80-bde659733b07/Windows - 3.10]   \ud83d\udcac  ::debug::check 3.12.0-alpha.7 satisfies 3.10\n[ffa305a2-13fc-4d63-9d80-bde659733b07/Windows - 3.10]   \ud83d\udcac  ::debug::check 3.12.0-alpha.6 satisfies 3.10\n[ffa305a2-13fc-4d63-9d80-bde659733b07/Windows - 3.10]   \ud83d\udcac  ::debug::check 3.12.0-alpha.5 satisfies 3.10\n[ffa305a2-13fc-4d63-9d80-bde659733b07/Windows - 3.10]   \ud83d\udcac  ::debug::check 3.12.0-alpha.4 satisfies 3.10\n[ffa305a2-13fc-4d63-9d80-bde659733b07/Windows - 3.10]   \ud83d\udcac  ::debug::check 3.12.0-alpha.3 satisfies 3.10\n[ffa305a2-13fc-4d63-9d80-bde659733b07/Windows - 3.10]   \ud83d\udcac  ::debug::check 3.12.0-alpha.2 satisfies 3.10\n[ffa305a2-13fc-4d63-9d80-bde659733b07/Windows - 3.10]   \ud83d\udcac  ::debug::check 3.12.0-alpha.1 satisfies 3.10\n[ffa305a2-13fc-4d63-9d80-bde659733b07/Windows - 3.10]   \ud83d\udcac  ::debug::check 3.11.4 satisfies 3.10\n[ffa305a2-13fc-4d63-9d80-bde659733b07/Windows - 3.10]   \ud83d\udcac  ::debug::check 3.11.3 satisfies 3.10\n[ffa305a2-13fc-4d63-9d80-bde659733b07/Windows - 3.10]   \ud83d\udcac  ::debug::check 3.11.2 satisfies 3.10\n[ffa305a2-13fc-4d63-9d80-bde659733b07/Windows - 3.10]   \ud83d\udcac  ::debug::check 3.11.1 satisfies 3.10\n[ffa305a2-13fc-4d63-9d80-bde659733b07/Windows - 3.10]   \ud83d\udcac  ::debug::check 3.11.0 satisfies 3.10\n[ffa305a2-13fc-4d63-9d80-bde659733b07/Windows - 3.10]   \ud83d\udcac  ::debug::check 3.11.0-rc.2 satisfies 3.10\n[ffa305a2-13fc-4d63-9d80-bde659733b07/Windows - 3.10]   \ud83d\udcac  ::debug::check 3.11.0-rc.1 satisfies 3.10\n[ffa305a2-13fc-4d63-9d80-bde659733b07/Windows - 3.10]   \ud83d\udcac  ::debug::check 3.11.0-beta.5 satisfies 3.10\n[ffa305a2-13fc-4d63-9d80-bde659733b07/Windows - 3.10]   \ud83d\udcac  ::debug::check 3.11.0-beta.4 satisfies 3.10\n[ffa305a2-13fc-4d63-9d80-bde659733b07/Windows - 3.10]   \ud83d\udcac  ::debug::check 3.11.0-beta.3 satisfies 3.10\n[ffa305a2-13fc-4d63-9d80-bde659733b07/Windows - 3.10]   \ud83d\udcac  ::debug::check 3.11.0-beta.2 satisfies 3.10\n[ffa305a2-13fc-4d63-9d80-bde659733b07/Windows - 3.10]   \ud83d\udcac  ::debug::check 3.11.0-beta.1 satisfies 3.10\n[ffa305a2-13fc-4d63-9d80-bde659733b07/Windows - 3.10]   \ud83d\udcac  ::debug::check 3.11.0-alpha.7 satisfies 3.10\n[ffa305a2-13fc-4d63-9d80-bde659733b07/Windows - 3.10]   \ud83d\udcac  ::debug::check 3.11.0-alpha.6 satisfies 3.10\n[ffa305a2-13fc-4d63-9d80-bde659733b07/Windows - 3.10]   \ud83d\udcac  ::debug::check 3.11.0-alpha.5 satisfies 3.10\n[ffa305a2-13fc-4d63-9d80-bde659733b07/Windows - 3.10]   \ud83d\udcac  ::debug::check 3.11.0-alpha.4 satisfies 3.10\n[ffa305a2-13fc-4d63-9d80-bde659733b07/Windows - 3.10]   \ud83d\udcac  ::debug::check 3.11.0-alpha.3 satisfies 3.10\n[ffa305a2-13fc-4d63-9d80-bde659733b07/Windows - 3.10]   \ud83d\udcac  ::debug::check 3.11.0-alpha.2 satisfies 3.10\n[ffa305a2-13fc-4d63-9d80-bde659733b07/Windows - 3.10]   \ud83d\udcac  ::debug::check 3.11.0-alpha.1 satisfies 3.10\n[ffa305a2-13fc-4d63-9d80-bde659733b07/Windows - 3.10]   \ud83d\udcac  ::debug::check 3.10.12 satisfies 3.10\n[ffa305a2-13fc-4d63-9d80-bde659733b07/Windows - 3.10]   \ud83d\udcac  ::debug::x64===x64 && darwin===linux\n[ffa305a2-13fc-4d63-9d80-bde659733b07/Windows - 3.10]   \ud83d\udcac  ::debug::x64===x64 && linux===linux\n[ffa305a2-13fc-4d63-9d80-bde659733b07/Windows - 3.10]   \ud83d\udcac  ::debug::matched 3.10.12\n[ffa305a2-13fc-4d63-9d80-bde659733b07/Windows - 3.10]   | Version 3.10 is available for downloading\n[ffa305a2-13fc-4d63-9d80-bde659733b07/Windows - 3.10]   | Download from \"https://github.com/actions/python-versions/releases/download/3.10.12-5200619051/python-3.10.12-linux-20.04-x64.tar.gz\"\n[ffa305a2-13fc-4d63-9d80-bde659733b07/Windows - 3.10]   \ud83d\udcac  ::debug::Downloading https://github.com/actions/python-versions/releases/download/3.10.12-5200619051/python-3.10.12-linux-20.04-x64.tar.gz\n[ffa305a2-13fc-4d63-9d80-bde659733b07/Windows - 3.10]   \ud83d\udcac  ::debug::Destination /tmp/61507909-1676-4e13-8f51-c257c434e912\n[ffa305a2-13fc-4d63-9d80-bde659733b07/Windows - 3.10]   \ud83d\udcac  ::debug::set auth\n[ffa305a2-13fc-4d63-9d80-bde659733b07/Windows - 3.10]   \ud83d\udcac  ::debug::download complete\n[ffa305a2-13fc-4d63-9d80-bde659733b07/Windows - 3.10]   | Extract downloaded archive\n[ffa305a2-13fc-4d63-9d80-bde659733b07/Windows - 3.10]   \ud83d\udcac  ::debug::Checking tar --version\n[ffa305a2-13fc-4d63-9d80-bde659733b07/Windows - 3.10]   \ud83d\udcac  ::debug::tar (GNU tar) 1.30%0ACopyright (C) 2017 Free Software Foundation, Inc.%0ALicense GPLv3+: GNU GPL version 3 or later <https://gnu.org/licenses/gpl.html>.%0AThis is free software: you are free to change and redistribute it.%0AThere is NO WARRANTY, to the extent permitted by law.%0A%0AWritten by John Gilmore and Jay Fenlason.\n[ffa305a2-13fc-4d63-9d80-bde659733b07/Windows - 3.10]   | [command]/usr/bin/tar xz --warning=no-unknown-keyword -C /tmp/03ca072c-3e56-4ff1-bf73-22de819d24c9 -f /tmp/61507909-1676-4e13-8f51-c257c434e912\n[ffa305a2-13fc-4d63-9d80-bde659733b07/Windows - 3.10]   | Execute installation script\n[ffa305a2-13fc-4d63-9d80-bde659733b07/Windows - 3.10]   | Check if Python hostedtoolcache folder exist...\n[ffa305a2-13fc-4d63-9d80-bde659733b07/Windows - 3.10]   | Create Python 3.10.12 folder\n[ffa305a2-13fc-4d63-9d80-bde659733b07/Windows - 3.10]   | Copy Python binaries to hostedtoolcache folder\n[ffa305a2-13fc-4d63-9d80-bde659733b07/Windows - 3.10]   | Create additional symlinks (Required for the UsePythonVersion Azure Pipelines task and the setup-python GitHub Action)\n[ffa305a2-13fc-4d63-9d80-bde659733b07/Windows - 3.10]   | Upgrading pip...\n[ffa305a2-13fc-4d63-9d80-bde659733b07/Windows - 3.10]   | Looking in links: /tmp/tmp1w89kfwe\n[ffa305a2-13fc-4d63-9d80-bde659733b07/Windows - 3.10]   | Requirement already satisfied: setuptools in /opt/hostedtoolcache/Python/3.10.12/x64/lib/python3.10/site-packages (65.5.0)\n[ffa305a2-13fc-4d63-9d80-bde659733b07/Windows - 3.10]   | Requirement already satisfied: pip in /opt/hostedtoolcache/Python/3.10.12/x64/lib/python3.10/site-packages (23.0.1)\n[ffa305a2-13fc-4d63-9d80-bde659733b07/ubuntu - 3.11 ]   \u2601  git clone 'https://github.com/snok/install-poetry' # ref=v1\n[ffa305a2-13fc-4d63-9d80-bde659733b07/ubuntu - 3.11 ] \u2b50 Run Pre Install Poetry\n[ffa305a2-13fc-4d63-9d80-bde659733b07/ubuntu - 3.11 ]   \u2705  Success - Pre Install Poetry\n[ffa305a2-13fc-4d63-9d80-bde659733b07/ubuntu - 3.11 ]   \u2601  git clone 'https://github.com/actions/cache' # ref=v3\n[ffa305a2-13fc-4d63-9d80-bde659733b07/ubuntu - 3.11 ] \ud83e\uddea  Matrix: map[os:ubuntu py:3.11]\n[ffa305a2-13fc-4d63-9d80-bde659733b07/ubuntu - 3.11 ] \u2b50 Run Main Check out Repo\n[ffa305a2-13fc-4d63-9d80-bde659733b07/ubuntu - 3.11 ]   \u2705  Success - Main Check out Repo\n[ffa305a2-13fc-4d63-9d80-bde659733b07/ubuntu - 3.11 ] \u2b50 Run Main Set up Python 3.11\n[ffa305a2-13fc-4d63-9d80-bde659733b07/ubuntu - 3.11 ]   \ud83d\udc33  docker cp src=/tmp/act-cache/74af3143-7069-4a59-a466-be9e71907dcf/act/actions-setup-python@v4/ dst=/var/run/act/actions/actions-setup-python@v4/\n[ffa305a2-13fc-4d63-9d80-bde659733b07/Windows - 3.10]   | Collecting pip\n[ffa305a2-13fc-4d63-9d80-bde659733b07/Windows - 3.10]   | Downloading pip-23.1.2-py3-none-any.whl (2.1 MB)\n[ffa305a2-13fc-4d63-9d80-bde659733b07/ubuntu - 3.11 ]   \ud83d\udc33  docker exec cmd=[chown -R 1012:1013 /var/run/act/actions/actions-setup-python@v4/] user=0 workdir=\n[ffa305a2-13fc-4d63-9d80-bde659733b07/Windows - 3.10]   | \u2501\u2501\u2501\u2501\u2501\u2501\u2501\u2501\u2501\u2501\u2501\u2501\u2501\u2501\u2501\u2501\u2501\u2501\u2501\u2501\u2501\u2501\u2501\u2501\u2501\u2501\u2501\u2501\u2501\u2501\u2501\u2501\u2501\u2501\u2501\u2501\u2501\u2501\u2501\u2501 2.1/2.1 MB 20.8 MB/s eta 0:00:00\n[ffa305a2-13fc-4d63-9d80-bde659733b07/Windows - 3.10]   | \n[ffa305a2-13fc-4d63-9d80-bde659733b07/Windows - 3.10]   | Installing collected packages: pip\n[ffa305a2-13fc-4d63-9d80-bde659733b07/Windows - 3.10]   | Successfully installed pip-23.1.2\n[ffa305a2-13fc-4d63-9d80-bde659733b07/Windows - 3.10]   | Create complete file\n[ffa305a2-13fc-4d63-9d80-bde659733b07/Windows - 3.10]   \ud83d\udcac  ::debug::isExplicit: \n[ffa305a2-13fc-4d63-9d80-bde659733b07/Windows - 3.10]   \ud83d\udcac  ::debug::explicit? false\n[ffa305a2-13fc-4d63-9d80-bde659733b07/Windows - 3.10]   \ud83d\udcac  ::debug::isExplicit: 2.7.18\n[ffa305a2-13fc-4d63-9d80-bde659733b07/Windows - 3.10]   \ud83d\udcac  ::debug::explicit? true\n[ffa305a2-13fc-4d63-9d80-bde659733b07/Windows - 3.10]   \ud83d\udcac  ::debug::isExplicit: 3.10.12\n[ffa305a2-13fc-4d63-9d80-bde659733b07/Windows - 3.10]   \ud83d\udcac  ::debug::explicit? true\n[ffa305a2-13fc-4d63-9d80-bde659733b07/Windows - 3.10]   \ud83d\udcac  ::debug::isExplicit: 3.5.10\n[ffa305a2-13fc-4d63-9d80-bde659733b07/Windows - 3.10]   \ud83d\udcac  ::debug::explicit? true\n[ffa305a2-13fc-4d63-9d80-bde659733b07/Windows - 3.10]   \ud83d\udcac  ::debug::isExplicit: 3.6.14\n[ffa305a2-13fc-4d63-9d80-bde659733b07/Windows - 3.10]   \ud83d\udcac  ::debug::explicit? true\n[ffa305a2-13fc-4d63-9d80-bde659733b07/Windows - 3.10]   \ud83d\udcac  ::debug::isExplicit: 3.7.11\n[ffa305a2-13fc-4d63-9d80-bde659733b07/Windows - 3.10]   \ud83d\udcac  ::debug::explicit? true\n[ffa305a2-13fc-4d63-9d80-bde659733b07/Windows - 3.10]   \ud83d\udcac  ::debug::isExplicit: 3.8.11\n[ffa305a2-13fc-4d63-9d80-bde659733b07/Windows - 3.10]   \ud83d\udcac  ::debug::explicit? true\n[ffa305a2-13fc-4d63-9d80-bde659733b07/Windows - 3.10]   \ud83d\udcac  ::debug::isExplicit: 3.9.6\n[ffa305a2-13fc-4d63-9d80-bde659733b07/Windows - 3.10]   \ud83d\udcac  ::debug::explicit? true\n[ffa305a2-13fc-4d63-9d80-bde659733b07/Windows - 3.10]   \ud83d\udcac  ::debug::evaluating 7 versions\n[ffa305a2-13fc-4d63-9d80-bde659733b07/Windows - 3.10]   \ud83d\udcac  ::debug::matched: 3.10.12\n[ffa305a2-13fc-4d63-9d80-bde659733b07/Windows - 3.10]   \ud83d\udcac  ::debug::checking cache: /opt/hostedtoolcache/Python/3.10.12/x64\n[ffa305a2-13fc-4d63-9d80-bde659733b07/Windows - 3.10]   \ud83d\udcac  ::debug::Found tool in cache Python 3.10.12 x64\n[ffa305a2-13fc-4d63-9d80-bde659733b07/Windows - 3.10]   | Successfully set up CPython (3.10.12)\n[ffa305a2-13fc-4d63-9d80-bde659733b07/Windows - 3.10]   \u2753  ::endgroup::\n[ffa305a2-13fc-4d63-9d80-bde659733b07/Windows - 3.10]   \u2753 add-matcher /run/act/actions/actions-setup-python@v4/.github/python.json\n[ffa305a2-13fc-4d63-9d80-bde659733b07/Windows - 3.10]   \u2705  Success - Main Set up Python 3.10\n[ffa305a2-13fc-4d63-9d80-bde659733b07/Windows - 3.10]   \u2699  ::set-env:: PKG_CONFIG_PATH=/opt/hostedtoolcache/Python/3.10.12/x64/lib/pkgconfig\n[ffa305a2-13fc-4d63-9d80-bde659733b07/Windows - 3.10]   \u2699  ::set-env:: Python_ROOT_DIR=/opt/hostedtoolcache/Python/3.10.12/x64\n[ffa305a2-13fc-4d63-9d80-bde659733b07/Windows - 3.10]   \u2699  ::set-env:: Python2_ROOT_DIR=/opt/hostedtoolcache/Python/3.10.12/x64\n[ffa305a2-13fc-4d63-9d80-bde659733b07/Windows - 3.10]   \u2699  ::set-env:: Python3_ROOT_DIR=/opt/hostedtoolcache/Python/3.10.12/x64\n[ffa305a2-13fc-4d63-9d80-bde659733b07/Windows - 3.10]   \u2699  ::set-env:: LD_LIBRARY_PATH=/opt/hostedtoolcache/Python/3.10.12/x64/lib\n[ffa305a2-13fc-4d63-9d80-bde659733b07/Windows - 3.10]   \u2699  ::set-env:: pythonLocation=/opt/hostedtoolcache/Python/3.10.12/x64\n[ffa305a2-13fc-4d63-9d80-bde659733b07/Windows - 3.10]   \u2699  ::set-output:: python-path=/opt/hostedtoolcache/Python/3.10.12/x64/bin/python\n[ffa305a2-13fc-4d63-9d80-bde659733b07/Windows - 3.10]   \u2699  ::set-output:: python-version=3.10.12\n[ffa305a2-13fc-4d63-9d80-bde659733b07/Windows - 3.10]   \u2699  ::add-path:: /opt/hostedtoolcache/Python/3.10.12/x64\n[ffa305a2-13fc-4d63-9d80-bde659733b07/Windows - 3.10]   \u2699  ::add-path:: /opt/hostedtoolcache/Python/3.10.12/x64/bin\n[ffa305a2-13fc-4d63-9d80-bde659733b07/Windows - 3.10] \u2b50 Run Main Install Poetry\n[ffa305a2-13fc-4d63-9d80-bde659733b07/Windows - 3.10]   \ud83d\udc33  docker cp src=/tmp/act-cache/74af3143-7069-4a59-a466-be9e71907dcf/act/snok-install-poetry@v1/ dst=/var/run/act/actions/snok-install-poetry@v1/\n[ffa305a2-13fc-4d63-9d80-bde659733b07/Windows - 3.10]   \ud83d\udc33  docker exec cmd=[chown -R 1012:1013 /var/run/act/actions/snok-install-poetry@v1/] user=0 workdir=\n[ffa305a2-13fc-4d63-9d80-bde659733b07/ubuntu - 3.11 ]   \ud83d\udc33  docker exec cmd=[node /var/run/act/actions/actions-setup-python@v4/dist/setup/index.js] user= workdir=\n[ffa305a2-13fc-4d63-9d80-bde659733b07/Windows - 3.10] \u2b50 Run Main Install and configure Poetry\n[ffa305a2-13fc-4d63-9d80-bde659733b07/Windows - 3.10]   \ud83d\udc33  docker exec cmd=[bash --noprofile --norc -e -o pipefail /var/run/act/workflow/2-composite-0.sh] user= workdir=\n[ffa305a2-13fc-4d63-9d80-bde659733b07/ubuntu - 3.11 ]   \ud83d\udcac  ::debug::Python is expected to be installed into /opt/hostedtoolcache\n[ffa305a2-13fc-4d63-9d80-bde659733b07/ubuntu - 3.11 ]   \u2753  ::group::Installed versions\n[ffa305a2-13fc-4d63-9d80-bde659733b07/ubuntu - 3.11 ]   \ud83d\udcac  ::debug::Semantic version spec of 3.11 is 3.11\n[ffa305a2-13fc-4d63-9d80-bde659733b07/ubuntu - 3.11 ]   \ud83d\udcac  ::debug::isExplicit: \n[ffa305a2-13fc-4d63-9d80-bde659733b07/ubuntu - 3.11 ]   \ud83d\udcac  ::debug::explicit? false\n[ffa305a2-13fc-4d63-9d80-bde659733b07/ubuntu - 3.11 ]   \ud83d\udcac  ::debug::isExplicit: 2.7.18\n[ffa305a2-13fc-4d63-9d80-bde659733b07/ubuntu - 3.11 ]   \ud83d\udcac  ::debug::explicit? true\n[ffa305a2-13fc-4d63-9d80-bde659733b07/ubuntu - 3.11 ]   \ud83d\udcac  ::debug::isExplicit: 3.5.10\n[ffa305a2-13fc-4d63-9d80-bde659733b07/ubuntu - 3.11 ]   \ud83d\udcac  ::debug::explicit? true\n[ffa305a2-13fc-4d63-9d80-bde659733b07/ubuntu - 3.11 ]   \ud83d\udcac  ::debug::isExplicit: 3.6.14\n[ffa305a2-13fc-4d63-9d80-bde659733b07/ubuntu - 3.11 ]   \ud83d\udcac  ::debug::explicit? true\n[ffa305a2-13fc-4d63-9d80-bde659733b07/ubuntu - 3.11 ]   \ud83d\udcac  ::debug::isExplicit: 3.7.11\n[ffa305a2-13fc-4d63-9d80-bde659733b07/ubuntu - 3.11 ]   \ud83d\udcac  ::debug::explicit? true\n[ffa305a2-13fc-4d63-9d80-bde659733b07/ubuntu - 3.11 ]   \ud83d\udcac  ::debug::isExplicit: 3.8.11\n[ffa305a2-13fc-4d63-9d80-bde659733b07/ubuntu - 3.11 ]   \ud83d\udcac  ::debug::explicit? true\n[ffa305a2-13fc-4d63-9d80-bde659733b07/ubuntu - 3.11 ]   \ud83d\udcac  ::debug::isExplicit: 3.9.6\n[ffa305a2-13fc-4d63-9d80-bde659733b07/ubuntu - 3.11 ]   \ud83d\udcac  ::debug::explicit? true\n[ffa305a2-13fc-4d63-9d80-bde659733b07/ubuntu - 3.11 ]   \ud83d\udcac  ::debug::evaluating 6 versions\n[ffa305a2-13fc-4d63-9d80-bde659733b07/ubuntu - 3.11 ]   \ud83d\udcac  ::debug::match not found\n[ffa305a2-13fc-4d63-9d80-bde659733b07/ubuntu - 3.11 ]   | Version 3.11 was not found in the local cache\n[ffa305a2-13fc-4d63-9d80-bde659733b07/ubuntu - 3.11 ]   \ud83d\udcac  ::debug::Getting manifest from actions/python-versions@main\n[ffa305a2-13fc-4d63-9d80-bde659733b07/ubuntu - 3.11 ]   \ud83d\udcac  ::debug::set auth\n[ffa305a2-13fc-4d63-9d80-bde659733b07/Windows - 3.10]   | \n[ffa305a2-13fc-4d63-9d80-bde659733b07/Windows - 3.10]   | \u001b[33mSetting Poetry installation path as /home/runneradmin/.local\u001b[0m\n[ffa305a2-13fc-4d63-9d80-bde659733b07/Windows - 3.10]   | \n[ffa305a2-13fc-4d63-9d80-bde659733b07/Windows - 3.10]   | \u001b[33mInstalling Poetry \ud83d\udc77\u001b[0m\n[ffa305a2-13fc-4d63-9d80-bde659733b07/Windows - 3.10]   | \n[ffa305a2-13fc-4d63-9d80-bde659733b07/ubuntu - 3.11 ]   \ud83d\udcac  ::debug::check 3.12.0-beta.3 satisfies 3.11\n[ffa305a2-13fc-4d63-9d80-bde659733b07/ubuntu - 3.11 ]   \ud83d\udcac  ::debug::check 3.12.0-beta.2 satisfies 3.11\n[ffa305a2-13fc-4d63-9d80-bde659733b07/ubuntu - 3.11 ]   \ud83d\udcac  ::debug::check 3.12.0-beta.1 satisfies 3.11\n[ffa305a2-13fc-4d63-9d80-bde659733b07/ubuntu - 3.11 ]   \ud83d\udcac  ::debug::check 3.12.0-alpha.7 satisfies 3.11\n[ffa305a2-13fc-4d63-9d80-bde659733b07/ubuntu - 3.11 ]   \ud83d\udcac  ::debug::check 3.12.0-alpha.6 satisfies 3.11\n[ffa305a2-13fc-4d63-9d80-bde659733b07/ubuntu - 3.11 ]   \ud83d\udcac  ::debug::check 3.12.0-alpha.5 satisfies 3.11\n[ffa305a2-13fc-4d63-9d80-bde659733b07/ubuntu - 3.11 ]   \ud83d\udcac  ::debug::check 3.12.0-alpha.4 satisfies 3.11\n[ffa305a2-13fc-4d63-9d80-bde659733b07/ubuntu - 3.11 ]   \ud83d\udcac  ::debug::check 3.12.0-alpha.3 satisfies 3.11\n[ffa305a2-13fc-4d63-9d80-bde659733b07/ubuntu - 3.11 ]   \ud83d\udcac  ::debug::check 3.12.0-alpha.2 satisfies 3.11\n[ffa305a2-13fc-4d63-9d80-bde659733b07/ubuntu - 3.11 ]   \ud83d\udcac  ::debug::check 3.12.0-alpha.1 satisfies 3.11\n[ffa305a2-13fc-4d63-9d80-bde659733b07/ubuntu - 3.11 ]   \ud83d\udcac  ::debug::check 3.11.4 satisfies 3.11\n[ffa305a2-13fc-4d63-9d80-bde659733b07/ubuntu - 3.11 ]   \ud83d\udcac  ::debug::arm64===x64 && darwin===linux\n[ffa305a2-13fc-4d63-9d80-bde659733b07/ubuntu - 3.11 ]   \ud83d\udcac  ::debug::x64===x64 && darwin===linux\n[ffa305a2-13fc-4d63-9d80-bde659733b07/ubuntu - 3.11 ]   \ud83d\udcac  ::debug::x64===x64 && linux===linux\n[ffa305a2-13fc-4d63-9d80-bde659733b07/ubuntu - 3.11 ]   \ud83d\udcac  ::debug::matched 3.11.4\n[ffa305a2-13fc-4d63-9d80-bde659733b07/ubuntu - 3.11 ]   | Version 3.11 is available for downloading\n[ffa305a2-13fc-4d63-9d80-bde659733b07/ubuntu - 3.11 ]   | Download from \"https://github.com/actions/python-versions/releases/download/3.11.4-5199054971/python-3.11.4-linux-20.04-x64.tar.gz\"\n[ffa305a2-13fc-4d63-9d80-bde659733b07/ubuntu - 3.11 ]   \ud83d\udcac  ::debug::Downloading https://github.com/actions/python-versions/releases/download/3.11.4-5199054971/python-3.11.4-linux-20.04-x64.tar.gz\n[ffa305a2-13fc-4d63-9d80-bde659733b07/ubuntu - 3.11 ]   \ud83d\udcac  ::debug::Destination /tmp/88b1501b-db5d-4dba-bceb-64513716d444\n[ffa305a2-13fc-4d63-9d80-bde659733b07/ubuntu - 3.11 ]   \ud83d\udcac  ::debug::set auth\n[ffa305a2-13fc-4d63-9d80-bde659733b07/ubuntu - 3.11 ]   \ud83d\udcac  ::debug::download complete\n[ffa305a2-13fc-4d63-9d80-bde659733b07/ubuntu - 3.11 ]   | Extract downloaded archive\n[ffa305a2-13fc-4d63-9d80-bde659733b07/ubuntu - 3.11 ]   \ud83d\udcac  ::debug::Checking tar --version\n[ffa305a2-13fc-4d63-9d80-bde659733b07/ubuntu - 3.11 ]   \ud83d\udcac  ::debug::tar (GNU tar) 1.30%0ACopyright (C) 2017 Free Software Foundation, Inc.%0ALicense GPLv3+: GNU GPL version 3 or later <https://gnu.org/licenses/gpl.html>.%0AThis is free software: you are free to change and redistribute it.%0AThere is NO WARRANTY, to the extent permitted by law.%0A%0AWritten by John Gilmore and Jay Fenlason.\n[ffa305a2-13fc-4d63-9d80-bde659733b07/ubuntu - 3.11 ]   | [command]/usr/bin/tar xz --warning=no-unknown-keyword -C /tmp/761ee7ae-1fcf-40e8-b30c-409a2c5e86a6 -f /tmp/88b1501b-db5d-4dba-bceb-64513716d444\n[ffa305a2-13fc-4d63-9d80-bde659733b07/ubuntu - 3.11 ]   | Execute installation script\n[ffa305a2-13fc-4d63-9d80-bde659733b07/ubuntu - 3.11 ]   | Check if Python hostedtoolcache folder exist...\n[ffa305a2-13fc-4d63-9d80-bde659733b07/ubuntu - 3.11 ]   | Create Python 3.11.4 folder\n[ffa305a2-13fc-4d63-9d80-bde659733b07/ubuntu - 3.11 ]   | Copy Python binaries to hostedtoolcache folder\n[ffa305a2-13fc-4d63-9d80-bde659733b07/ubuntu - 3.11 ]   | Create additional symlinks (Required for the UsePythonVersion Azure Pipelines task and the setup-python GitHub Action)\n[ffa305a2-13fc-4d63-9d80-bde659733b07/ubuntu - 3.11 ]   | Upgrading pip...\n[ffa305a2-13fc-4d63-9d80-bde659733b07/ubuntu - 3.11 ]   | Looking in links: /tmp/tmpn7ihtoq9\n[ffa305a2-13fc-4d63-9d80-bde659733b07/ubuntu - 3.11 ]   | Requirement already satisfied: setuptools in /opt/hostedtoolcache/Python/3.11.4/x64/lib/python3.11/site-packages (65.5.0)\n[ffa305a2-13fc-4d63-9d80-bde659733b07/ubuntu - 3.11 ]   | Requirement already satisfied: pip in /opt/hostedtoolcache/Python/3.11.4/x64/lib/python3.11/site-packages (23.1.2)\n[ffa305a2-13fc-4d63-9d80-bde659733b07/ubuntu - 3.11 ]   | Collecting pip\n[ffa305a2-13fc-4d63-9d80-bde659733b07/ubuntu - 3.11 ]   | Downloading pip-23.1.2-py3-none-any.whl (2.1 MB)\n[ffa305a2-13fc-4d63-9d80-bde659733b07/ubuntu - 3.11 ]   | \u2501\u2501\u2501\u2501\u2501\u2501\u2501\u2501\u2501\u2501\u2501\u2501\u2501\u2501\u2501\u2501\u2501\u2501\u2501\u2501\u2501\u2501\u2501\u2501\u2501\u2501\u2501\u2501\u2501\u2501\u2501\u2501\u2501\u2501\u2501\u2501\u2501\u2501\u2501\u2501 2.1/2.1 MB 17.3 MB/s eta 0:00:00\n[ffa305a2-13fc-4d63-9d80-bde659733b07/ubuntu - 3.11 ]   | \n[ffa305a2-13fc-4d63-9d80-bde659733b07/ubuntu - 3.11 ]   | Installing collected packages: pip\n[ffa305a2-13fc-4d63-9d80-bde659733b07/ubuntu - 3.11 ]   | Successfully installed pip-23.1.2\n[ffa305a2-13fc-4d63-9d80-bde659733b07/ubuntu - 3.11 ]   | Create complete file\n[ffa305a2-13fc-4d63-9d80-bde659733b07/ubuntu - 3.11 ]   \ud83d\udcac  ::debug::isExplicit: \n[ffa305a2-13fc-4d63-9d80-bde659733b07/ubuntu - 3.11 ]   \ud83d\udcac  ::debug::explicit? false\n[ffa305a2-13fc-4d63-9d80-bde659733b07/ubuntu - 3.11 ]   \ud83d\udcac  ::debug::isExplicit: 2.7.18\n[ffa305a2-13fc-4d63-9d80-bde659733b07/ubuntu - 3.11 ]   \ud83d\udcac  ::debug::explicit? true\n[ffa305a2-13fc-4d63-9d80-bde659733b07/ubuntu - 3.11 ]   \ud83d\udcac  ::debug::isExplicit: 3.11.4\n[ffa305a2-13fc-4d63-9d80-bde659733b07/ubuntu - 3.11 ]   \ud83d\udcac  ::debug::explicit? true\n[ffa305a2-13fc-4d63-9d80-bde659733b07/ubuntu - 3.11 ]   \ud83d\udcac  ::debug::isExplicit: 3.5.10\n[ffa305a2-13fc-4d63-9d80-bde659733b07/ubuntu - 3.11 ]   \ud83d\udcac  ::debug::explicit? true\n[ffa305a2-13fc-4d63-9d80-bde659733b07/ubuntu - 3.11 ]   \ud83d\udcac  ::debug::isExplicit: 3.6.14\n[ffa305a2-13fc-4d63-9d80-bde659733b07/ubuntu - 3.11 ]   \ud83d\udcac  ::debug::explicit? true\n[ffa305a2-13fc-4d63-9d80-bde659733b07/ubuntu - 3.11 ]   \ud83d\udcac  ::debug::isExplicit: 3.7.11\n[ffa305a2-13fc-4d63-9d80-bde659733b07/ubuntu - 3.11 ]   \ud83d\udcac  ::debug::explicit? true\n[ffa305a2-13fc-4d63-9d80-bde659733b07/ubuntu - 3.11 ]   \ud83d\udcac  ::debug::isExplicit: 3.8.11\n[ffa305a2-13fc-4d63-9d80-bde659733b07/ubuntu - 3.11 ]   \ud83d\udcac  ::debug::explicit? true\n[ffa305a2-13fc-4d63-9d80-bde659733b07/ubuntu - 3.11 ]   \ud83d\udcac  ::debug::isExplicit: 3.9.6\n[ffa305a2-13fc-4d63-9d80-bde659733b07/ubuntu - 3.11 ]   \ud83d\udcac  ::debug::explicit? true\n[ffa305a2-13fc-4d63-9d80-bde659733b07/ubuntu - 3.11 ]   \ud83d\udcac  ::debug::evaluating 7 versions\n[ffa305a2-13fc-4d63-9d80-bde659733b07/ubuntu - 3.11 ]   \ud83d\udcac  ::debug::matched: 3.11.4\n[ffa305a2-13fc-4d63-9d80-bde659733b07/ubuntu - 3.11 ]   \ud83d\udcac  ::debug::checking cache: /opt/hostedtoolcache/Python/3.11.4/x64\n[ffa305a2-13fc-4d63-9d80-bde659733b07/ubuntu - 3.11 ]   \ud83d\udcac  ::debug::Found tool in cache Python 3.11.4 x64\n[ffa305a2-13fc-4d63-9d80-bde659733b07/ubuntu - 3.11 ]   | Successfully set up CPython (3.11.4)\n[ffa305a2-13fc-4d63-9d80-bde659733b07/ubuntu - 3.11 ]   \u2753  ::endgroup::\n[ffa305a2-13fc-4d63-9d80-bde659733b07/ubuntu - 3.11 ]   \u2753 add-matcher /run/act/actions/actions-setup-python@v4/.github/python.json\n[ffa305a2-13fc-4d63-9d80-bde659733b07/ubuntu - 3.11 ]   \u2705  Success - Main Set up Python 3.11\n[ffa305a2-13fc-4d63-9d80-bde659733b07/ubuntu - 3.11 ]   \u2699  ::set-env:: pythonLocation=/opt/hostedtoolcache/Python/3.11.4/x64\n[ffa305a2-13fc-4d63-9d80-bde659733b07/ubuntu - 3.11 ]   \u2699  ::set-env:: PKG_CONFIG_PATH=/opt/hostedtoolcache/Python/3.11.4/x64/lib/pkgconfig\n[ffa305a2-13fc-4d63-9d80-bde659733b07/ubuntu - 3.11 ]   \u2699  ::set-env:: Python_ROOT_DIR=/opt/hostedtoolcache/Python/3.11.4/x64\n[ffa305a2-13fc-4d63-9d80-bde659733b07/ubuntu - 3.11 ]   \u2699  ::set-env:: Python2_ROOT_DIR=/opt/hostedtoolcache/Python/3.11.4/x64\n[ffa305a2-13fc-4d63-9d80-bde659733b07/ubuntu - 3.11 ]   \u2699  ::set-env:: Python3_ROOT_DIR=/opt/hostedtoolcache/Python/3.11.4/x64\n[ffa305a2-13fc-4d63-9d80-bde659733b07/ubuntu - 3.11 ]   \u2699  ::set-env:: LD_LIBRARY_PATH=/opt/hostedtoolcache/Python/3.11.4/x64/lib\n[ffa305a2-13fc-4d63-9d80-bde659733b07/ubuntu - 3.11 ]   \u2699  ::set-output:: python-version=3.11.4\n[ffa305a2-13fc-4d63-9d80-bde659733b07/ubuntu - 3.11 ]   \u2699  ::set-output:: python-path=/opt/hostedtoolcache/Python/3.11.4/x64/bin/python\n[ffa305a2-13fc-4d63-9d80-bde659733b07/ubuntu - 3.11 ]   \u2699  ::add-path:: /opt/hostedtoolcache/Python/3.11.4/x64\n[ffa305a2-13fc-4d63-9d80-bde659733b07/ubuntu - 3.11 ]   \u2699  ::add-path:: /opt/hostedtoolcache/Python/3.11.4/x64/bin\n[ffa305a2-13fc-4d63-9d80-bde659733b07/ubuntu - 3.11 ] \u2b50 Run Main Load cached Poetry installation\n[ffa305a2-13fc-4d63-9d80-bde659733b07/ubuntu - 3.11 ]   \ud83d\udc33  docker cp src=/tmp/act-cache/74af3143-7069-4a59-a466-be9e71907dcf/act/actions-cache@v3/ dst=/var/run/act/actions/actions-cache@v3/\n[ffa305a2-13fc-4d63-9d80-bde659733b07/ubuntu - 3.11 ]   \ud83d\udc33  docker exec cmd=[chown -R 1012:1013 /var/run/act/actions/actions-cache@v3/] user=0 workdir=\n[ffa305a2-13fc-4d63-9d80-bde659733b07/Windows - 3.10]   | Retrieving Poetry metadata\n[ffa305a2-13fc-4d63-9d80-bde659733b07/Windows - 3.10]   | \n[ffa305a2-13fc-4d63-9d80-bde659733b07/Windows - 3.10]   | # Welcome to Poetry!\n[ffa305a2-13fc-4d63-9d80-bde659733b07/Windows - 3.10]   | \n[ffa305a2-13fc-4d63-9d80-bde659733b07/Windows - 3.10]   | This will download and install the latest version of Poetry,\n[ffa305a2-13fc-4d63-9d80-bde659733b07/Windows - 3.10]   | a dependency and package manager for Python.\n[ffa305a2-13fc-4d63-9d80-bde659733b07/Windows - 3.10]   | \n[ffa305a2-13fc-4d63-9d80-bde659733b07/Windows - 3.10]   | It will add the `poetry` command to Poetry's bin directory, located at:\n[ffa305a2-13fc-4d63-9d80-bde659733b07/Windows - 3.10]   | \n[ffa305a2-13fc-4d63-9d80-bde659733b07/Windows - 3.10]   | /home/runneradmin/.local/bin\n[ffa305a2-13fc-4d63-9d80-bde659733b07/Windows - 3.10]   | \n[ffa305a2-13fc-4d63-9d80-bde659733b07/Windows - 3.10]   | You can uninstall at any time by executing this script with the --uninstall option,\n[ffa305a2-13fc-4d63-9d80-bde659733b07/Windows - 3.10]   | and these changes will be reverted.\n[ffa305a2-13fc-4d63-9d80-bde659733b07/Windows - 3.10]   | \n[ffa305a2-13fc-4d63-9d80-bde659733b07/Windows - 3.10]   | Installing Poetry (1.4.2)\n[ffa305a2-13fc-4d63-9d80-bde659733b07/Windows - 3.10]   | Installing Poetry (1.4.2): Creating environment\n[ffa305a2-13fc-4d63-9d80-bde659733b07/Windows - 3.10]   | Installing Poetry (1.4.2): Installing Poetry\n[ffa305a2-13fc-4d63-9d80-bde659733b07/Windows - 3.10]   | Installing Poetry (1.4.2): Creating script\n[ffa305a2-13fc-4d63-9d80-bde659733b07/Windows - 3.10]   | Installing Poetry (1.4.2): Done\n[ffa305a2-13fc-4d63-9d80-bde659733b07/Windows - 3.10]   | \n[ffa305a2-13fc-4d63-9d80-bde659733b07/Windows - 3.10]   | Poetry (1.4.2) is installed now. Great!\n[ffa305a2-13fc-4d63-9d80-bde659733b07/Windows - 3.10]   | \n[ffa305a2-13fc-4d63-9d80-bde659733b07/Windows - 3.10]   | To get started you need Poetry's bin directory (/home/runneradmin/.local/bin) in your `PATH`\n[ffa305a2-13fc-4d63-9d80-bde659733b07/Windows - 3.10]   | environment variable.\n[ffa305a2-13fc-4d63-9d80-bde659733b07/Windows - 3.10]   | \n[ffa305a2-13fc-4d63-9d80-bde659733b07/Windows - 3.10]   | Add `export PATH=\"/home/runneradmin/.local/bin:$PATH\"` to your shell configuration file.\n[ffa305a2-13fc-4d63-9d80-bde659733b07/Windows - 3.10]   | \n[ffa305a2-13fc-4d63-9d80-bde659733b07/Windows - 3.10]   | Alternatively, you can call Poetry explicitly with `/home/runneradmin/.local/bin/poetry`.\n[ffa305a2-13fc-4d63-9d80-bde659733b07/Windows - 3.10]   | \n[ffa305a2-13fc-4d63-9d80-bde659733b07/Windows - 3.10]   | You can test that everything is set up by executing:\n[ffa305a2-13fc-4d63-9d80-bde659733b07/Windows - 3.10]   | \n[ffa305a2-13fc-4d63-9d80-bde659733b07/Windows - 3.10]   | `poetry --version`\n[ffa305a2-13fc-4d63-9d80-bde659733b07/Windows - 3.10]   | \n[ffa305a2-13fc-4d63-9d80-bde659733b07/Windows - 3.10]   | \n[ffa305a2-13fc-4d63-9d80-bde659733b07/Windows - 3.10]   | \u001b[33mInstallation completed. Configuring settings \ud83d\udee0\u001b[0m\n[ffa305a2-13fc-4d63-9d80-bde659733b07/Windows - 3.10]   | \n[ffa305a2-13fc-4d63-9d80-bde659733b07/Windows - 3.10]   | \u001b[33mDone \u2705\u001b[0m\n[ffa305a2-13fc-4d63-9d80-bde659733b07/Windows - 3.10]   | \n[ffa305a2-13fc-4d63-9d80-bde659733b07/Windows - 3.10]   | \u001b[33mIf you are creating a venv in your project, you can activate it by running 'source .venv/bin/activate'. If you're running this in an OS matrix, you can use 'source $VENV' instead, as an OS agnostic option\u001b[0m\n[ffa305a2-13fc-4d63-9d80-bde659733b07/Windows - 3.10]   \u2705  Success - Main Install and configure Poetry\n[ffa305a2-13fc-4d63-9d80-bde659733b07/Windows - 3.10]   \u2699  ::set-env:: VENV=.venv/bin/activate\n[ffa305a2-13fc-4d63-9d80-bde659733b07/Windows - 3.10]   \u2699  ::add-path:: /home/runneradmin/.local/bin\n[ffa305a2-13fc-4d63-9d80-bde659733b07/Windows - 3.10]   \u2705  Success - Main Install Poetry\n[ffa305a2-13fc-4d63-9d80-bde659733b07/Windows - 3.10]   \u2699  ::set-env:: VENV=.venv/bin/activate\n[ffa305a2-13fc-4d63-9d80-bde659733b07/Windows - 3.10]   \u2699  ::add-path:: /home/runneradmin/.local/bin\n[ffa305a2-13fc-4d63-9d80-bde659733b07/Windows - 3.10] \u2b50 Run Main Install python dependencies\n[ffa305a2-13fc-4d63-9d80-bde659733b07/Windows - 3.10]   \ud83d\udc33  docker exec cmd=[bash --noprofile --norc -e -o pipefail /var/run/act/workflow/3.sh] user= workdir=\n[ffa305a2-13fc-4d63-9d80-bde659733b07/ubuntu - 3.11 ]   \ud83d\udc33  docker exec cmd=[node /var/run/act/actions/actions-cache@v3/dist/restore/index.js] user= workdir=\n[ffa305a2-13fc-4d63-9d80-bde659733b07/Windows - 3.10]   | Creating virtualenv harlequin-zvWp_GnI-py3.10 in /home/runneradmin/.cache/pypoetry/virtualenvs\n[ffa305a2-13fc-4d63-9d80-bde659733b07/Windows - 3.10]   | Installing dependencies from lock file\n[ffa305a2-13fc-4d63-9d80-bde659733b07/Windows - 3.10]   | \n[ffa305a2-13fc-4d63-9d80-bde659733b07/Windows - 3.10]   | Package operations: 25 installs, 0 updates, 1 removal\n[ffa305a2-13fc-4d63-9d80-bde659733b07/Windows - 3.10]   | \n[ffa305a2-13fc-4d63-9d80-bde659733b07/Windows - 3.10]   |   \u2022 Removing setuptools (68.0.0)\n[ffa305a2-13fc-4d63-9d80-bde659733b07/Windows - 3.10]   |   \u2022 Installing mdurl (0.1.2)\n[ffa305a2-13fc-4d63-9d80-bde659733b07/Windows - 3.10]   |   \u2022 Installing markdown-it-py (2.2.0)\n[ffa305a2-13fc-4d63-9d80-bde659733b07/Windows - 3.10]   |   \u2022 Installing uc-micro-py (1.0.2)\n[ffa305a2-13fc-4d63-9d80-bde659733b07/Windows - 3.10]   |   \u2022 Installing linkify-it-py (2.0.2)\n[ffa305a2-13fc-4d63-9d80-bde659733b07/Windows - 3.10]   |   \u2022 Installing mdit-py-plugins (0.4.0)\n[ffa305a2-13fc-4d63-9d80-bde659733b07/Windows - 3.10]   |   \u2022 Installing pygments (2.15.1)\n[ffa305a2-13fc-4d63-9d80-bde659733b07/Windows - 3.10]   |   \u2022 Installing zipp (3.15.0)\n[ffa305a2-13fc-4d63-9d80-bde659733b07/ubuntu - 3.11 ]   \ud83d\udcac  ::debug::Resolved Keys:\n[ffa305a2-13fc-4d63-9d80-bde659733b07/ubuntu - 3.11 ]   \ud83d\udcac  ::debug::[\"poetry-Linux-3.11.4-127b4b0217196bb7a99dcba3d6e9861b22895a33d56dc5f4ddcf6cc41fc00cef\"]\n[ffa305a2-13fc-4d63-9d80-bde659733b07/ubuntu - 3.11 ]   \ud83d\udcac  ::debug::Checking zstd --quiet --version\n[ffa305a2-13fc-4d63-9d80-bde659733b07/ubuntu - 3.11 ]   \ud83d\udcac  ::debug::1.5.0\n[ffa305a2-13fc-4d63-9d80-bde659733b07/ubuntu - 3.11 ]   \ud83d\udcac  ::debug::zstd version: 1.5.0\n[ffa305a2-13fc-4d63-9d80-bde659733b07/ubuntu - 3.11 ]   \ud83d\udcac  ::debug::Resource Url: http://130.242.72.40:40905/_apis/artifactcache/cache?keys=poetry-Linux-3.11.4-127b4b0217196bb7a99dcba3d6e9861b22895a33d56dc5f4ddcf6cc41fc00cef&version=f4b5713a4657ae30a7c2804b2ad5dbc790b3736f71a74a904bcab1f478b0ed29\n[ffa305a2-13fc-4d63-9d80-bde659733b07/ubuntu - 3.11 ]   \ud83d\udcac  ::debug::Failed to delete archive: Error: ENOENT: no such file or directory, unlink ''\n[ffa305a2-13fc-4d63-9d80-bde659733b07/ubuntu - 3.11 ]   | Cache not found for input keys: poetry-Linux-3.11.4-127b4b0217196bb7a99dcba3d6e9861b22895a33d56dc5f4ddcf6cc41fc00cef\n[ffa305a2-13fc-4d63-9d80-bde659733b07/ubuntu - 3.11 ]   \u2705  Success - Main Load cached Poetry installation\n[ffa305a2-13fc-4d63-9d80-bde659733b07/Windows - 3.10]   |   \u2022 Installing exceptiongroup (1.1.1)\n[ffa305a2-13fc-4d63-9d80-bde659733b07/Windows - 3.10]   |   \u2022 Installing importlib-metadata (6.7.0)\n[ffa305a2-13fc-4d63-9d80-bde659733b07/Windows - 3.10]   |   \u2022 Installing packaging (23.1)\n[ffa305a2-13fc-4d63-9d80-bde659733b07/Windows - 3.10]   |   \u2022 Installing pluggy (1.2.0)\n[ffa305a2-13fc-4d63-9d80-bde659733b07/Windows - 3.10]   |   \u2022 Installing iniconfig (2.0.0)\n[ffa305a2-13fc-4d63-9d80-bde659733b07/Windows - 3.10]   |   \u2022 Installing rich (13.4.2)\n[ffa305a2-13fc-4d63-9d80-bde659733b07/Windows - 3.10]   |   \u2022 Installing tomli (2.0.1)\n[ffa305a2-13fc-4d63-9d80-bde659733b07/Windows - 3.10]   |   \u2022 Installing typing-extensions (4.6.3)\n[ffa305a2-13fc-4d63-9d80-bde659733b07/ubuntu - 3.11 ] \u2b50 Run Main Install Poetry\n[ffa305a2-13fc-4d63-9d80-bde659733b07/Windows - 3.10]   |   \u2022 Installing click (8.1.3)\n[ffa305a2-13fc-4d63-9d80-bde659733b07/Windows - 3.10]   |   \u2022 Installing platformdirs (3.8.0)\n[ffa305a2-13fc-4d63-9d80-bde659733b07/Windows - 3.10]   |   \u2022 Installing pyperclip (1.8.2)\n[ffa305a2-13fc-4d63-9d80-bde659733b07/Windows - 3.10]   |   \u2022 Installing pytest (7.4.0)\n[ffa305a2-13fc-4d63-9d80-bde659733b07/Windows - 3.10]   |   \u2022 Installing tqdm (4.65.0)\n[ffa305a2-13fc-4d63-9d80-bde659733b07/Windows - 3.10]   |   \u2022 Installing textual (0.28.1)\n[ffa305a2-13fc-4d63-9d80-bde659733b07/ubuntu - 3.11 ]   \ud83d\udc33  docker cp src=/tmp/act-cache/74af3143-7069-4a59-a466-be9e71907dcf/act/snok-install-poetry@v1/ dst=/var/run/act/actions/snok-install-poetry@v1/\n[ffa305a2-13fc-4d63-9d80-bde659733b07/ubuntu - 3.11 ]   \ud83d\udc33  docker exec cmd=[chown -R 1012:1013 /var/run/act/actions/snok-install-poetry@v1/] user=0 workdir=\n[ffa305a2-13fc-4d63-9d80-bde659733b07/Windows - 3.10]   |   \u2022 Installing duckdb (0.8.1)\n[ffa305a2-13fc-4d63-9d80-bde659733b07/Windows - 3.10]   |   \u2022 Installing pytest-asyncio (0.21.0)\n[ffa305a2-13fc-4d63-9d80-bde659733b07/Windows - 3.10]   |   \u2022 Installing shandy-sqlfmt (0.19.0)\n[ffa305a2-13fc-4d63-9d80-bde659733b07/Windows - 3.10]   |   \u2022 Installing textual-textarea (0.3.1)\n[ffa305a2-13fc-4d63-9d80-bde659733b07/Windows - 3.10]   | \n[ffa305a2-13fc-4d63-9d80-bde659733b07/Windows - 3.10]   | Installing the current project: harlequin (0.0.19)\n[ffa305a2-13fc-4d63-9d80-bde659733b07/Windows - 3.10]   \u2705  Success - Main Install python dependencies\n[ffa305a2-13fc-4d63-9d80-bde659733b07/Windows - 3.10] \u2b50 Run Main Run tests\n[ffa305a2-13fc-4d63-9d80-bde659733b07/Windows - 3.10]   \ud83d\udc33  docker exec cmd=[bash --noprofile --norc -e -o pipefail /var/run/act/workflow/4.sh] user= workdir=\n[ffa305a2-13fc-4d63-9d80-bde659733b07/ubuntu - 3.11 ] \u2b50 Run Main Install and configure Poetry\n[ffa305a2-13fc-4d63-9d80-bde659733b07/ubuntu - 3.11 ]   \ud83d\udc33  docker exec cmd=[bash --noprofile --norc -e -o pipefail /var/run/act/workflow/3-composite-0.sh] user= workdir=\n[ffa305a2-13fc-4d63-9d80-bde659733b07/ubuntu - 3.11 ]   | \n[ffa305a2-13fc-4d63-9d80-bde659733b07/ubuntu - 3.11 ]   | \u001b[33mSetting Poetry installation path as /home/runneradmin/.local\u001b[0m\n[ffa305a2-13fc-4d63-9d80-bde659733b07/ubuntu - 3.11 ]   | \n[ffa305a2-13fc-4d63-9d80-bde659733b07/ubuntu - 3.11 ]   | \u001b[33mInstalling Poetry \ud83d\udc77\u001b[0m\n[ffa305a2-13fc-4d63-9d80-bde659733b07/ubuntu - 3.11 ]   | \n[ffa305a2-13fc-4d63-9d80-bde659733b07/Windows - 3.10]   | ============================= test session starts ==============================\n[ffa305a2-13fc-4d63-9d80-bde659733b07/Windows - 3.10]   | platform linux -- Python 3.10.12, pytest-7.4.0, pluggy-1.2.0\n[ffa305a2-13fc-4d63-9d80-bde659733b07/Windows - 3.10]   | rootdir: /tmp/558156d8-17ed-11ee-8a50-bb14de238602/tconbeer-harlequin\n[ffa305a2-13fc-4d63-9d80-bde659733b07/Windows - 3.10]   | plugins: asyncio-0.21.0\n[ffa305a2-13fc-4d63-9d80-bde659733b07/Windows - 3.10]   | asyncio: mode=strict\n[ffa305a2-13fc-4d63-9d80-bde659733b07/Windows - 3.10]   | collected 13 items\n[ffa305a2-13fc-4d63-9d80-bde659733b07/Windows - 3.10]   | \n[ffa305a2-13fc-4d63-9d80-bde659733b07/Windows - 3.10]   | tests/functional_tests/test_app.py .....                                 [ 38%]\n[ffa305a2-13fc-4d63-9d80-bde659733b07/ubuntu - 3.11 ]   | Retrieving Poetry metadata\n[ffa305a2-13fc-4d63-9d80-bde659733b07/ubuntu - 3.11 ]   | \n[ffa305a2-13fc-4d63-9d80-bde659733b07/ubuntu - 3.11 ]   | # Welcome to Poetry!\n[ffa305a2-13fc-4d63-9d80-bde659733b07/ubuntu - 3.11 ]   | \n[ffa305a2-13fc-4d63-9d80-bde659733b07/ubuntu - 3.11 ]   | This will download and install the latest version of Poetry,\n[ffa305a2-13fc-4d63-9d80-bde659733b07/ubuntu - 3.11 ]   | a dependency and package manager for Python.\n[ffa305a2-13fc-4d63-9d80-bde659733b07/ubuntu - 3.11 ]   | \n[ffa305a2-13fc-4d63-9d80-bde659733b07/ubuntu - 3.11 ]   | It will add the `poetry` command to Poetry's bin directory, located at:\n[ffa305a2-13fc-4d63-9d80-bde659733b07/ubuntu - 3.11 ]   | \n[ffa305a2-13fc-4d63-9d80-bde659733b07/ubuntu - 3.11 ]   | /home/runneradmin/.local/bin\n[ffa305a2-13fc-4d63-9d80-bde659733b07/ubuntu - 3.11 ]   | \n[ffa305a2-13fc-4d63-9d80-bde659733b07/ubuntu - 3.11 ]   | You can uninstall at any time by executing this script with the --uninstall option,\n[ffa305a2-13fc-4d63-9d80-bde659733b07/ubuntu - 3.11 ]   | and these changes will be reverted.\n[ffa305a2-13fc-4d63-9d80-bde659733b07/ubuntu - 3.11 ]   | \n[ffa305a2-13fc-4d63-9d80-bde659733b07/ubuntu - 3.11 ]   | Installing Poetry (1.4.2)\n[ffa305a2-13fc-4d63-9d80-bde659733b07/ubuntu - 3.11 ]   | Installing Poetry (1.4.2): Creating environment\n[ffa305a2-13fc-4d63-9d80-bde659733b07/ubuntu - 3.11 ]   | Installing Poetry (1.4.2): Installing Poetry\n[ffa305a2-13fc-4d63-9d80-bde659733b07/ubuntu - 3.11 ]   | Installing Poetry (1.4.2): Creating script\n[ffa305a2-13fc-4d63-9d80-bde659733b07/ubuntu - 3.11 ]   | Installing Poetry (1.4.2): Done\n[ffa305a2-13fc-4d63-9d80-bde659733b07/ubuntu - 3.11 ]   | \n[ffa305a2-13fc-4d63-9d80-bde659733b07/ubuntu - 3.11 ]   | Poetry (1.4.2) is installed now. Great!\n[ffa305a2-13fc-4d63-9d80-bde659733b07/ubuntu - 3.11 ]   | \n[ffa305a2-13fc-4d63-9d80-bde659733b07/ubuntu - 3.11 ]   | To get started you need Poetry's bin directory (/home/runneradmin/.local/bin) in your `PATH`\n[ffa305a2-13fc-4d63-9d80-bde659733b07/ubuntu - 3.11 ]   | environment variable.\n[ffa305a2-13fc-4d63-9d80-bde659733b07/ubuntu - 3.11 ]   | \n[ffa305a2-13fc-4d63-9d80-bde659733b07/ubuntu - 3.11 ]   | Add `export PATH=\"/home/runneradmin/.local/bin:$PATH\"` to your shell configuration file.\n[ffa305a2-13fc-4d63-9d80-bde659733b07/ubuntu - 3.11 ]   | \n[ffa305a2-13fc-4d63-9d80-bde659733b07/ubuntu - 3.11 ]   | Alternatively, you can call Poetry explicitly with `/home/runneradmin/.local/bin/poetry`.\n[ffa305a2-13fc-4d63-9d80-bde659733b07/ubuntu - 3.11 ]   | \n[ffa305a2-13fc-4d63-9d80-bde659733b07/ubuntu - 3.11 ]   | You can test that everything is set up by executing:\n[ffa305a2-13fc-4d63-9d80-bde659733b07/ubuntu - 3.11 ]   | \n[ffa305a2-13fc-4d63-9d80-bde659733b07/ubuntu - 3.11 ]   | `poetry --version`\n[ffa305a2-13fc-4d63-9d80-bde659733b07/ubuntu - 3.11 ]   | \n[ffa305a2-13fc-4d63-9d80-bde659733b07/ubuntu - 3.11 ]   | \n[ffa305a2-13fc-4d63-9d80-bde659733b07/ubuntu - 3.11 ]   | \u001b[33mInstallation completed. Configuring settings \ud83d\udee0\u001b[0m\n[ffa305a2-13fc-4d63-9d80-bde659733b07/ubuntu - 3.11 ]   | \n[ffa305a2-13fc-4d63-9d80-bde659733b07/ubuntu - 3.11 ]   | \u001b[33mDone \u2705\u001b[0m\n[ffa305a2-13fc-4d63-9d80-bde659733b07/ubuntu - 3.11 ]   | \n[ffa305a2-13fc-4d63-9d80-bde659733b07/ubuntu - 3.11 ]   | \u001b[33mIf you are creating a venv in your project, you can activate it by running 'source .venv/bin/activate'. If you're running this in an OS matrix, you can use 'source $VENV' instead, as an OS agnostic option\u001b[0m\n[ffa305a2-13fc-4d63-9d80-bde659733b07/ubuntu - 3.11 ]   \u2705  Success - Main Install and configure Poetry\n[ffa305a2-13fc-4d63-9d80-bde659733b07/ubuntu - 3.11 ]   \u2699  ::set-env:: VENV=.venv/bin/activate\n[ffa305a2-13fc-4d63-9d80-bde659733b07/ubuntu - 3.11 ]   \u2699  ::add-path:: /home/runneradmin/.local/bin\n[ffa305a2-13fc-4d63-9d80-bde659733b07/ubuntu - 3.11 ]   \u2705  Success - Main Install Poetry\n[ffa305a2-13fc-4d63-9d80-bde659733b07/ubuntu - 3.11 ]   \u2699  ::set-env:: VENV=.venv/bin/activate\n[ffa305a2-13fc-4d63-9d80-bde659733b07/ubuntu - 3.11 ]   \u2699  ::add-path:: /home/runneradmin/.local/bin\n[ffa305a2-13fc-4d63-9d80-bde659733b07/ubuntu - 3.11 ] \u2b50 Run Main Load cached venv\n[ffa305a2-13fc-4d63-9d80-bde659733b07/ubuntu - 3.11 ]   \ud83d\udc33  docker cp src=/tmp/act-cache/74af3143-7069-4a59-a466-be9e71907dcf/act/actions-cache@v3/ dst=/var/run/act/actions/actions-cache@v3/\n[ffa305a2-13fc-4d63-9d80-bde659733b07/ubuntu - 3.11 ]   \ud83d\udc33  docker exec cmd=[chown -R 1012:1013 /var/run/act/actions/actions-cache@v3/] user=0 workdir=\n[ffa305a2-13fc-4d63-9d80-bde659733b07/Windows - 3.10]   | tests/functional_tests/test_duck_ops.py .F......                         [100%]\n[ffa305a2-13fc-4d63-9d80-bde659733b07/Windows - 3.10]   | \n[ffa305a2-13fc-4d63-9d80-bde659733b07/Windows - 3.10]   | =================================== FAILURES ===================================\n[ffa305a2-13fc-4d63-9d80-bde659733b07/Windows - 3.10]   | ___________________________ test_connect_motherduck ____________________________\n[ffa305a2-13fc-4d63-9d80-bde659733b07/Windows - 3.10]   | \n[ffa305a2-13fc-4d63-9d80-bde659733b07/Windows - 3.10]   | tiny_db = PosixPath('/tmp/pytest-of-runneradmin/pytest-0/test_connect_motherduck0/tiny.db')\n[ffa305a2-13fc-4d63-9d80-bde659733b07/Windows - 3.10]   | \n[ffa305a2-13fc-4d63-9d80-bde659733b07/Windows - 3.10]   |     @pytest.mark.xfail(\n[ffa305a2-13fc-4d63-9d80-bde659733b07/Windows - 3.10]   |         sys.platform == \"win32\", reason=\"MotherDuck extension not yet built for Windows.\"\n[ffa305a2-13fc-4d63-9d80-bde659733b07/Windows - 3.10]   |     )\n[ffa305a2-13fc-4d63-9d80-bde659733b07/Windows - 3.10]   |     def test_connect_motherduck(tiny_db: Path) -> None:\n[ffa305a2-13fc-4d63-9d80-bde659733b07/Windows - 3.10]   |         # note: set environment variable motherduck_token\n[ffa305a2-13fc-4d63-9d80-bde659733b07/Windows - 3.10]   | >       assert connect([\"md:\"])\n[ffa305a2-13fc-4d63-9d80-bde659733b07/Windows - 3.10]   | \n[ffa305a2-13fc-4d63-9d80-bde659733b07/Windows - 3.10]   | tests/functional_tests/test_duck_ops.py:31: \n[ffa305a2-13fc-4d63-9d80-bde659733b07/Windows - 3.10]   | _ _ _ _ _ _ _ _ _ _ _ _ _ _ _ _ _ _ _ _ _ _ _ _ _ _ _ _ _ _ _ _ _ _ _ _ _ _ _ _ \n[ffa305a2-13fc-4d63-9d80-bde659733b07/Windows - 3.10]   | \n[ffa305a2-13fc-4d63-9d80-bde659733b07/Windows - 3.10]   | db_path = ['md:'], read_only = False, md_token = None, md_saas = False\n[ffa305a2-13fc-4d63-9d80-bde659733b07/Windows - 3.10]   | \n[ffa305a2-13fc-4d63-9d80-bde659733b07/Windows - 3.10]   |     def connect(\n[ffa305a2-13fc-4d63-9d80-bde659733b07/Windows - 3.10]   |         db_path: Sequence[Union[str, Path]],\n[ffa305a2-13fc-4d63-9d80-bde659733b07/Windows - 3.10]   |         read_only: bool = False,\n[ffa305a2-13fc-4d63-9d80-bde659733b07/Windows - 3.10]   |         md_token: Union[str, None] = None,\n[ffa305a2-13fc-4d63-9d80-bde659733b07/Windows - 3.10]   |         md_saas: bool = False,\n[ffa305a2-13fc-4d63-9d80-bde659733b07/Windows - 3.10]   |     ) -> duckdb.DuckDBPyConnection:\n[ffa305a2-13fc-4d63-9d80-bde659733b07/Windows - 3.10]   |         if not db_path:\n[ffa305a2-13fc-4d63-9d80-bde659733b07/Windows - 3.10]   |             db_path = [\":memory:\"]\n[ffa305a2-13fc-4d63-9d80-bde659733b07/Windows - 3.10]   |         primary_db, *other_dbs = db_path\n[ffa305a2-13fc-4d63-9d80-bde659733b07/Windows - 3.10]   |         token = f\"?token={md_token}\" if md_token else \"\"\n[ffa305a2-13fc-4d63-9d80-bde659733b07/Windows - 3.10]   |         saas = \"?saas_mode=true\" if md_saas else \"\"\n[ffa305a2-13fc-4d63-9d80-bde659733b07/Windows - 3.10]   |         try:\n[ffa305a2-13fc-4d63-9d80-bde659733b07/Windows - 3.10]   | >           connection = duckdb.connect(\n[ffa305a2-13fc-4d63-9d80-bde659733b07/Windows - 3.10]   |                 database=f\"{primary_db}{token}{saas}\", read_only=read_only\n[ffa305a2-13fc-4d63-9d80-bde659733b07/Windows - 3.10]   |             )\n[ffa305a2-13fc-4d63-9d80-bde659733b07/Windows - 3.10]   | E           duckdb.InvalidInputException: Invalid Input Error: Initialization function \"motherduck_init\" from file \"/home/runneradmin/.duckdb/extensions/v0.8.1/linux_amd64_gcc4/motherduck.duckdb_extension\" threw an exception: \"Invalid Input Error: Initialization function \"motherduck_init\" from file \"/home/runneradmin/.duckdb/extensions/v0.8.1/linux_amd64_gcc4/motherduck.v1.11.2.duckdb_extension\" threw an exception: \"Unknown Type Error: Cannot connect to MotherDuck server: no token provided.\"\"\n[ffa305a2-13fc-4d63-9d80-bde659733b07/Windows - 3.10]   | \n[ffa305a2-13fc-4d63-9d80-bde659733b07/Windows - 3.10]   | src/harlequin/duck_ops.py:26: InvalidInputException\n[ffa305a2-13fc-4d63-9d80-bde659733b07/Windows - 3.10]   | ----------------------------- Captured stdout call -----------------------------\n[ffa305a2-13fc-4d63-9d80-bde659733b07/Windows - 3.10]   | 1. Please open this link to login into your account: https://auth.motherduck.com/activate\n[ffa305a2-13fc-4d63-9d80-bde659733b07/Windows - 3.10]   | 2. Enter the following code: QSNV-NWFT\n[ffa305a2-13fc-4d63-9d80-bde659733b07/Windows - 3.10]   | \n[ffa305a2-13fc-4d63-9d80-bde659733b07/Windows - 3.10]   | \n[ffa305a2-13fc-4d63-9d80-bde659733b07/Windows - 3.10]   | \u26a0\ufe0f Token not found, please use the SET command:\n[ffa305a2-13fc-4d63-9d80-bde659733b07/Windows - 3.10]   |   SET motherduck_token=<token>\n[ffa305a2-13fc-4d63-9d80-bde659733b07/Windows - 3.10]   | You can also store it as an environment variable:\n[ffa305a2-13fc-4d63-9d80-bde659733b07/Windows - 3.10]   |   $ export motherduck_token=<token>\n[ffa305a2-13fc-4d63-9d80-bde659733b07/Windows - 3.10]   | or try again.\n[ffa305a2-13fc-4d63-9d80-bde659733b07/Windows - 3.10]   | ----------------------------- Captured stderr call -----------------------------\n[ffa305a2-13fc-4d63-9d80-bde659733b07/Windows - 3.10]   | Couldn't get token after 1 min. Aborting\n[ffa305a2-13fc-4d63-9d80-bde659733b07/Windows - 3.10]   | - generated xml file: /tmp/558156d8-17ed-11ee-8a50-bb14de238602/tconbeer-harlequin/report.xml -\n[ffa305a2-13fc-4d63-9d80-bde659733b07/Windows - 3.10]   | =========================== short test summary info ============================\n[ffa305a2-13fc-4d63-9d80-bde659733b07/Windows - 3.10]   | FAILED tests/functional_tests/test_duck_ops.py::test_connect_motherduck - duckdb.InvalidInputException: Invalid Input Error: Initialization function \"motherduck_init\" from file \"/home/runneradmin/.duckdb/extensions/v0.8.1/linux_amd64_gcc4/motherduck.duckdb_extension\" threw an exception: \"Invalid Input Error: Initialization function \"motherduck_init\" from file \"/home/runneradmin/.duckdb/extensions/v0.8.1/linux_amd64_gcc4/motherduck.v1.11.2.duckdb_extension\" threw an exception: \"Unknown Type Error: Cannot connect to MotherDuck server: no token provided.\"\"\n[ffa305a2-13fc-4d63-9d80-bde659733b07/Windows - 3.10]   | =================== 1 failed, 12 passed in 80.55s (0:01:20) ====================\n[ffa305a2-13fc-4d63-9d80-bde659733b07/Windows - 3.10]   \u274c  Failure - Main Run tests\n[ffa305a2-13fc-4d63-9d80-bde659733b07/Windows - 3.10] exitcode '1': failure\n[ffa305a2-13fc-4d63-9d80-bde659733b07/Windows - 3.10] \u2b50 Run Post Install Poetry\n[ffa305a2-13fc-4d63-9d80-bde659733b07/Windows - 3.10]   \ud83d\udc33  docker cp src=/tmp/act-cache/74af3143-7069-4a59-a466-be9e71907dcf/act/snok-install-poetry@v1/ dst=/var/run/act/actions/snok-install-poetry@v1/\n[ffa305a2-13fc-4d63-9d80-bde659733b07/Windows - 3.10]   \ud83d\udc33  docker exec cmd=[chown -R 1012:1013 /var/run/act/actions/snok-install-poetry@v1/] user=0 workdir=\n[ffa305a2-13fc-4d63-9d80-bde659733b07/Windows - 3.10]   \u2705  Success - Post Install Poetry\n[ffa305a2-13fc-4d63-9d80-bde659733b07/ubuntu - 3.11 ]   \ud83d\udc33  docker exec cmd=[node /var/run/act/actions/actions-cache@v3/dist/restore/index.js] user= workdir=\n[ffa305a2-13fc-4d63-9d80-bde659733b07/ubuntu - 3.11 ]   \ud83d\udcac  ::debug::Resolved Keys:\n[ffa305a2-13fc-4d63-9d80-bde659733b07/ubuntu - 3.11 ]   \ud83d\udcac  ::debug::[\"venv-Linux-3.11.4-127b4b0217196bb7a99dcba3d6e9861b22895a33d56dc5f4ddcf6cc41fc00cef\"]\n[ffa305a2-13fc-4d63-9d80-bde659733b07/ubuntu - 3.11 ]   \ud83d\udcac  ::debug::Checking zstd --quiet --version\n[ffa305a2-13fc-4d63-9d80-bde659733b07/ubuntu - 3.11 ]   \ud83d\udcac  ::debug::1.5.0\n[ffa305a2-13fc-4d63-9d80-bde659733b07/ubuntu - 3.11 ]   \ud83d\udcac  ::debug::zstd version: 1.5.0\n[ffa305a2-13fc-4d63-9d80-bde659733b07/ubuntu - 3.11 ]   \ud83d\udcac  ::debug::Resource Url: http://130.242.72.40:40905/_apis/artifactcache/cache?keys=venv-Linux-3.11.4-127b4b0217196bb7a99dcba3d6e9861b22895a33d56dc5f4ddcf6cc41fc00cef&version=25e65b70d167147605b4332eb57b6d34df8e0303b88c4de252efb18cf3ed148a\n[ffa305a2-13fc-4d63-9d80-bde659733b07/ubuntu - 3.11 ]   \ud83d\udcac  ::debug::Failed to delete archive: Error: ENOENT: no such file or directory, unlink ''\n[ffa305a2-13fc-4d63-9d80-bde659733b07/ubuntu - 3.11 ]   | Cache not found for input keys: venv-Linux-3.11.4-127b4b0217196bb7a99dcba3d6e9861b22895a33d56dc5f4ddcf6cc41fc00cef\n[ffa305a2-13fc-4d63-9d80-bde659733b07/ubuntu - 3.11 ]   \u2705  Success - Main Load cached venv\n[ffa305a2-13fc-4d63-9d80-bde659733b07/ubuntu - 3.11 ] \u2b50 Run Main Install python dependencies\n[ffa305a2-13fc-4d63-9d80-bde659733b07/ubuntu - 3.11 ]   \ud83d\udc33  docker exec cmd=[bash --noprofile --norc -e -o pipefail /var/run/act/workflow/5.sh] user= workdir=\n[ffa305a2-13fc-4d63-9d80-bde659733b07/ubuntu - 3.11 ]   | Creating virtualenv harlequin in /tmp/558156d8-17ed-11ee-8a50-bb14de238602/tconbeer-harlequin/.venv\n[ffa305a2-13fc-4d63-9d80-bde659733b07/Windows - 3.10] \ud83c\udfc1  Job failed\n[ffa305a2-13fc-4d63-9d80-bde659733b07/ubuntu - 3.11 ]   | Installing dependencies from lock file\n[ffa305a2-13fc-4d63-9d80-bde659733b07/ubuntu - 3.11 ]   | \n[ffa305a2-13fc-4d63-9d80-bde659733b07/ubuntu - 3.11 ]   | Package operations: 23 installs, 0 updates, 1 removal\n[ffa305a2-13fc-4d63-9d80-bde659733b07/ubuntu - 3.11 ]   | \n[ffa305a2-13fc-4d63-9d80-bde659733b07/ubuntu - 3.11 ]   |   \u2022 Removing setuptools (68.0.0)\n[ffa305a2-13fc-4d63-9d80-bde659733b07/ubuntu - 3.11 ]   |   \u2022 Installing mdurl (0.1.2)\n[ffa305a2-13fc-4d63-9d80-bde659733b07/ubuntu - 3.11 ]   |   \u2022 Installing markdown-it-py (2.2.0)\n[ffa305a2-13fc-4d63-9d80-bde659733b07/ubuntu - 3.11 ]   |   \u2022 Installing uc-micro-py (1.0.2)\n[ffa305a2-13fc-4d63-9d80-bde659733b07/ubuntu - 3.11 ]   |   \u2022 Installing linkify-it-py (2.0.2)\n[ffa305a2-13fc-4d63-9d80-bde659733b07/ubuntu - 3.11 ]   |   \u2022 Installing mdit-py-plugins (0.4.0)\n[ffa305a2-13fc-4d63-9d80-bde659733b07/ubuntu - 3.11 ]   |   \u2022 Installing pygments (2.15.1)\n[ffa305a2-13fc-4d63-9d80-bde659733b07/ubuntu - 3.11 ]   |   \u2022 Installing zipp (3.15.0)\n[ffa305a2-13fc-4d63-9d80-bde659733b07/ubuntu - 3.11 ]   |   \u2022 Installing importlib-metadata (6.7.0)\n[ffa305a2-13fc-4d63-9d80-bde659733b07/ubuntu - 3.11 ]   |   \u2022 Installing iniconfig (2.0.0)\n[ffa305a2-13fc-4d63-9d80-bde659733b07/ubuntu - 3.11 ]   |   \u2022 Installing pluggy (1.2.0)\n[ffa305a2-13fc-4d63-9d80-bde659733b07/ubuntu - 3.11 ]   |   \u2022 Installing rich (13.4.2)\n[ffa305a2-13fc-4d63-9d80-bde659733b07/ubuntu - 3.11 ]   |   \u2022 Installing packaging (23.1)\n[ffa305a2-13fc-4d63-9d80-bde659733b07/ubuntu - 3.11 ]   |   \u2022 Installing typing-extensions (4.6.3)\n[ffa305a2-13fc-4d63-9d80-bde659733b07/ubuntu - 3.11 ]   |   \u2022 Installing click (8.1.3)\n[ffa305a2-13fc-4d63-9d80-bde659733b07/ubuntu - 3.11 ]   |   \u2022 Installing platformdirs (3.8.0)\n[ffa305a2-13fc-4d63-9d80-bde659733b07/ubuntu - 3.11 ]   |   \u2022 Installing pyperclip (1.8.2)\n[ffa305a2-13fc-4d63-9d80-bde659733b07/ubuntu - 3.11 ]   |   \u2022 Installing pytest (7.4.0)\n[ffa305a2-13fc-4d63-9d80-bde659733b07/ubuntu - 3.11 ]   |   \u2022 Installing textual (0.28.1)\n[ffa305a2-13fc-4d63-9d80-bde659733b07/ubuntu - 3.11 ]   |   \u2022 Installing tqdm (4.65.0)\n[ffa305a2-13fc-4d63-9d80-bde659733b07/ubuntu - 3.11 ]   |   \u2022 Installing duckdb (0.8.1)\n[ffa305a2-13fc-4d63-9d80-bde659733b07/ubuntu - 3.11 ]   |   \u2022 Installing pytest-asyncio (0.21.0)\n[ffa305a2-13fc-4d63-9d80-bde659733b07/ubuntu - 3.11 ]   |   \u2022 Installing shandy-sqlfmt (0.19.0)\n[ffa305a2-13fc-4d63-9d80-bde659733b07/ubuntu - 3.11 ]   |   \u2022 Installing textual-textarea (0.3.1)\n[ffa305a2-13fc-4d63-9d80-bde659733b07/ubuntu - 3.11 ]   | \n[ffa305a2-13fc-4d63-9d80-bde659733b07/ubuntu - 3.11 ]   | Installing the current project: harlequin (0.0.19)\n[ffa305a2-13fc-4d63-9d80-bde659733b07/ubuntu - 3.11 ]   \u2705  Success - Main Install python dependencies\n[ffa305a2-13fc-4d63-9d80-bde659733b07/ubuntu - 3.11 ] \u2b50 Run Main Run tests\n[ffa305a2-13fc-4d63-9d80-bde659733b07/ubuntu - 3.11 ]   \ud83d\udc33  docker exec cmd=[bash --noprofile --norc -e -o pipefail /var/run/act/workflow/6.sh] user= workdir=\n[ffa305a2-13fc-4d63-9d80-bde659733b07/ubuntu - 3.11 ]   | ============================= test session starts ==============================\n[ffa305a2-13fc-4d63-9d80-bde659733b07/ubuntu - 3.11 ]   | platform linux -- Python 3.11.4, pytest-7.4.0, pluggy-1.2.0\n[ffa305a2-13fc-4d63-9d80-bde659733b07/ubuntu - 3.11 ]   | rootdir: /tmp/558156d8-17ed-11ee-8a50-bb14de238602/tconbeer-harlequin\n[ffa305a2-13fc-4d63-9d80-bde659733b07/ubuntu - 3.11 ]   | plugins: asyncio-0.21.0\n[ffa305a2-13fc-4d63-9d80-bde659733b07/ubuntu - 3.11 ]   | asyncio: mode=Mode.STRICT\n[ffa305a2-13fc-4d63-9d80-bde659733b07/ubuntu - 3.11 ]   | collected 13 items\n[ffa305a2-13fc-4d63-9d80-bde659733b07/ubuntu - 3.11 ]   | \n[ffa305a2-13fc-4d63-9d80-bde659733b07/ubuntu - 3.11 ]   | tests/functional_tests/test_app.py .....                                 [ 38%]\n[ffa305a2-13fc-4d63-9d80-bde659733b07/ubuntu - 3.11 ]   | tests/functional_tests/test_duck_ops.py .F......                         [100%]\n[ffa305a2-13fc-4d63-9d80-bde659733b07/ubuntu - 3.11 ]   | \n[ffa305a2-13fc-4d63-9d80-bde659733b07/ubuntu - 3.11 ]   | =================================== FAILURES ===================================\n[ffa305a2-13fc-4d63-9d80-bde659733b07/ubuntu - 3.11 ]   | ___________________________ test_connect_motherduck ____________________________\n[ffa305a2-13fc-4d63-9d80-bde659733b07/ubuntu - 3.11 ]   | \n[ffa305a2-13fc-4d63-9d80-bde659733b07/ubuntu - 3.11 ]   | tiny_db = PosixPath('/tmp/pytest-of-runneradmin/pytest-0/test_connect_motherduck0/tiny.db')\n[ffa305a2-13fc-4d63-9d80-bde659733b07/ubuntu - 3.11 ]   | \n[ffa305a2-13fc-4d63-9d80-bde659733b07/ubuntu - 3.11 ]   |     @pytest.mark.xfail(\n[ffa305a2-13fc-4d63-9d80-bde659733b07/ubuntu - 3.11 ]   |         sys.platform == \"win32\", reason=\"MotherDuck extension not yet built for Windows.\"\n[ffa305a2-13fc-4d63-9d80-bde659733b07/ubuntu - 3.11 ]   |     )\n[ffa305a2-13fc-4d63-9d80-bde659733b07/ubuntu - 3.11 ]   |     def test_connect_motherduck(tiny_db: Path) -> None:\n[ffa305a2-13fc-4d63-9d80-bde659733b07/ubuntu - 3.11 ]   |         # note: set environment variable motherduck_token\n[ffa305a2-13fc-4d63-9d80-bde659733b07/ubuntu - 3.11 ]   | >       assert connect([\"md:\"])\n[ffa305a2-13fc-4d63-9d80-bde659733b07/ubuntu - 3.11 ]   | \n[ffa305a2-13fc-4d63-9d80-bde659733b07/ubuntu - 3.11 ]   | tests/functional_tests/test_duck_ops.py:31: \n[ffa305a2-13fc-4d63-9d80-bde659733b07/ubuntu - 3.11 ]   | _ _ _ _ _ _ _ _ _ _ _ _ _ _ _ _ _ _ _ _ _ _ _ _ _ _ _ _ _ _ _ _ _ _ _ _ _ _ _ _ \n[ffa305a2-13fc-4d63-9d80-bde659733b07/ubuntu - 3.11 ]   | \n[ffa305a2-13fc-4d63-9d80-bde659733b07/ubuntu - 3.11 ]   | db_path = ['md:'], read_only = False, md_token = None, md_saas = False\n[ffa305a2-13fc-4d63-9d80-bde659733b07/ubuntu - 3.11 ]   | \n[ffa305a2-13fc-4d63-9d80-bde659733b07/ubuntu - 3.11 ]   |     def connect(\n[ffa305a2-13fc-4d63-9d80-bde659733b07/ubuntu - 3.11 ]   |         db_path: Sequence[Union[str, Path]],\n[ffa305a2-13fc-4d63-9d80-bde659733b07/ubuntu - 3.11 ]   |         read_only: bool = False,\n[ffa305a2-13fc-4d63-9d80-bde659733b07/ubuntu - 3.11 ]   |         md_token: Union[str, None] = None,\n[ffa305a2-13fc-4d63-9d80-bde659733b07/ubuntu - 3.11 ]   |         md_saas: bool = False,\n[ffa305a2-13fc-4d63-9d80-bde659733b07/ubuntu - 3.11 ]   |     ) -> duckdb.DuckDBPyConnection:\n[ffa305a2-13fc-4d63-9d80-bde659733b07/ubuntu - 3.11 ]   |         if not db_path:\n[ffa305a2-13fc-4d63-9d80-bde659733b07/ubuntu - 3.11 ]   |             db_path = [\":memory:\"]\n[ffa305a2-13fc-4d63-9d80-bde659733b07/ubuntu - 3.11 ]   |         primary_db, *other_dbs = db_path\n[ffa305a2-13fc-4d63-9d80-bde659733b07/ubuntu - 3.11 ]   |         token = f\"?token={md_token}\" if md_token else \"\"\n[ffa305a2-13fc-4d63-9d80-bde659733b07/ubuntu - 3.11 ]   |         saas = \"?saas_mode=true\" if md_saas else \"\"\n[ffa305a2-13fc-4d63-9d80-bde659733b07/ubuntu - 3.11 ]   |         try:\n[ffa305a2-13fc-4d63-9d80-bde659733b07/ubuntu - 3.11 ]   | >           connection = duckdb.connect(\n[ffa305a2-13fc-4d63-9d80-bde659733b07/ubuntu - 3.11 ]   |                 database=f\"{primary_db}{token}{saas}\", read_only=read_only\n[ffa305a2-13fc-4d63-9d80-bde659733b07/ubuntu - 3.11 ]   |             )\n[ffa305a2-13fc-4d63-9d80-bde659733b07/ubuntu - 3.11 ]   | E           duckdb.InvalidInputException: Invalid Input Error: Initialization function \"motherduck_init\" from file \"/home/runneradmin/.duckdb/extensions/v0.8.1/linux_amd64_gcc4/motherduck.duckdb_extension\" threw an exception: \"Invalid Input Error: Initialization function \"motherduck_init\" from file \"/home/runneradmin/.duckdb/extensions/v0.8.1/linux_amd64_gcc4/motherduck.v1.11.2.duckdb_extension\" threw an exception: \"Unknown Type Error: Cannot connect to MotherDuck server: no token provided.\"\"\n[ffa305a2-13fc-4d63-9d80-bde659733b07/ubuntu - 3.11 ]   | \n[ffa305a2-13fc-4d63-9d80-bde659733b07/ubuntu - 3.11 ]   | src/harlequin/duck_ops.py:26: InvalidInputException\n[ffa305a2-13fc-4d63-9d80-bde659733b07/ubuntu - 3.11 ]   | ----------------------------- Captured stdout call -----------------------------\n[ffa305a2-13fc-4d63-9d80-bde659733b07/ubuntu - 3.11 ]   | 1. Please open this link to login into your account: https://auth.motherduck.com/activate\n[ffa305a2-13fc-4d63-9d80-bde659733b07/ubuntu - 3.11 ]   | 2. Enter the following code: LFVF-NMPW\n[ffa305a2-13fc-4d63-9d80-bde659733b07/ubuntu - 3.11 ]   | \n[ffa305a2-13fc-4d63-9d80-bde659733b07/ubuntu - 3.11 ]   | \n[ffa305a2-13fc-4d63-9d80-bde659733b07/ubuntu - 3.11 ]   | \u26a0\ufe0f Token not found, please use the SET command:\n[ffa305a2-13fc-4d63-9d80-bde659733b07/ubuntu - 3.11 ]   |   SET motherduck_token=<token>\n[ffa305a2-13fc-4d63-9d80-bde659733b07/ubuntu - 3.11 ]   | You can also store it as an environment variable:\n[ffa305a2-13fc-4d63-9d80-bde659733b07/ubuntu - 3.11 ]   |   $ export motherduck_token=<token>\n[ffa305a2-13fc-4d63-9d80-bde659733b07/ubuntu - 3.11 ]   | or try again.\n[ffa305a2-13fc-4d63-9d80-bde659733b07/ubuntu - 3.11 ]   | ----------------------------- Captured stderr call -----------------------------\n[ffa305a2-13fc-4d63-9d80-bde659733b07/ubuntu - 3.11 ]   | Couldn't get token after 1 min. Aborting\n[ffa305a2-13fc-4d63-9d80-bde659733b07/ubuntu - 3.11 ]   | - generated xml file: /tmp/558156d8-17ed-11ee-8a50-bb14de238602/tconbeer-harlequin/report.xml -\n[ffa305a2-13fc-4d63-9d80-bde659733b07/ubuntu - 3.11 ]   | =========================== short test summary info ============================\n[ffa305a2-13fc-4d63-9d80-bde659733b07/ubuntu - 3.11 ]   | FAILED tests/functional_tests/test_duck_ops.py::test_connect_motherduck - duckdb.InvalidInputException: Invalid Input Error: Initialization function \"motherduck_init\" from file \"/home/runneradmin/.duckdb/extensions/v0.8.1/linux_amd64_gcc4/motherduck.duckdb_extension\" threw an exception: \"Invalid Input Error: Initialization function \"motherduck_init\" from file \"/home/runneradmin/.duckdb/extensions/v0.8.1/linux_amd64_gcc4/motherduck.v1.11.2.duckdb_extension\" threw an exception: \"Unknown Type Error: Cannot connect to MotherDuck server: no token provided.\"\"\n[ffa305a2-13fc-4d63-9d80-bde659733b07/ubuntu - 3.11 ]   | =================== 1 failed, 12 passed in 73.93s (0:01:13) ====================\n[ffa305a2-13fc-4d63-9d80-bde659733b07/ubuntu - 3.11 ]   \u274c  Failure - Main Run tests\n[ffa305a2-13fc-4d63-9d80-bde659733b07/ubuntu - 3.11 ] exitcode '1': failure\n[ffa305a2-13fc-4d63-9d80-bde659733b07/ubuntu - 3.11 ] \u2b50 Run Post Install Poetry\n[ffa305a2-13fc-4d63-9d80-bde659733b07/ubuntu - 3.11 ]   \ud83d\udc33  docker cp src=/tmp/act-cache/74af3143-7069-4a59-a466-be9e71907dcf/act/snok-install-poetry@v1/ dst=/var/run/act/actions/snok-install-poetry@v1/\n[ffa305a2-13fc-4d63-9d80-bde659733b07/ubuntu - 3.11 ]   \ud83d\udc33  docker exec cmd=[chown -R 1012:1013 /var/run/act/actions/snok-install-poetry@v1/] user=0 workdir=\n[ffa305a2-13fc-4d63-9d80-bde659733b07/ubuntu - 3.11 ]   \u2705  Success - Post Install Poetry\n[ffa305a2-13fc-4d63-9d80-bde659733b07/ubuntu - 3.11 ] \ud83c\udfc1  Job failed\n",
        "stderr": "Error: Job 'Windows - 3.10' failed\n",
        "workflow": {
            "path": "/tmp/558156d8-17ed-11ee-8a50-bb14de238602/tconbeer-harlequin/.github/workflows/test-crawler.yml",
            "type": "pytest"
        },
        "workflow_name": "ffa305a2-13fc-4d63-9d80-bde659733b07",
        "build_tool": "pytest",
        "elapsed_time": 568.4435362815857
    }
}