{
    "repository": "thouska/spotpy",
    "stars": 222,
    "language": "python",
    "size": 20171,
    "clone_url": "https://github.com/thouska/spotpy.git",
    "timestamp": "2023-06-28T11:09:43.519733Z",
    "clone_success": true,
    "number_of_actions": 1,
    "number_of_test_actions": 1,
    "actions_successful": false,
    "actions_build_tools": [
        "pytest"
    ],
    "actions_test_build_tools": [
        "pytest"
    ],
    "actions_run": {
        "failed": true,
        "tests": [
            {
                "classname": "tests.test_algorithms.TestAlgorithms",
                "name": "test_abc",
                "time": 0.656,
                "results": [
                    {
                        "result": "Passed",
                        "message": "",
                        "type": ""
                    }
                ],
                "stdout": null,
                "stderr": null
            },
            {
                "classname": "tests.test_algorithms.TestAlgorithms",
                "name": "test_demcz",
                "time": 1.678,
                "results": [
                    {
                        "result": "Passed",
                        "message": "",
                        "type": ""
                    }
                ],
                "stdout": null,
                "stderr": null
            },
            {
                "classname": "tests.test_algorithms.TestAlgorithms",
                "name": "test_dream",
                "time": 2.35,
                "results": [
                    {
                        "result": "Passed",
                        "message": "",
                        "type": ""
                    }
                ],
                "stdout": null,
                "stderr": null
            },
            {
                "classname": "tests.test_algorithms.TestAlgorithms",
                "name": "test_fast",
                "time": 0.864,
                "results": [
                    {
                        "result": "Passed",
                        "message": "",
                        "type": ""
                    }
                ],
                "stdout": null,
                "stderr": null
            },
            {
                "classname": "tests.test_algorithms.TestAlgorithms",
                "name": "test_fscabc",
                "time": 0.758,
                "results": [
                    {
                        "result": "Passed",
                        "message": "",
                        "type": ""
                    }
                ],
                "stdout": null,
                "stderr": null
            },
            {
                "classname": "tests.test_algorithms.TestAlgorithms",
                "name": "test_lhs",
                "time": 0.606,
                "results": [
                    {
                        "result": "Passed",
                        "message": "",
                        "type": ""
                    }
                ],
                "stdout": null,
                "stderr": null
            },
            {
                "classname": "tests.test_algorithms.TestAlgorithms",
                "name": "test_list",
                "time": 1.577,
                "results": [
                    {
                        "result": "Passed",
                        "message": "",
                        "type": ""
                    }
                ],
                "stdout": null,
                "stderr": null
            },
            {
                "classname": "tests.test_algorithms.TestAlgorithms",
                "name": "test_mc",
                "time": 0.927,
                "results": [
                    {
                        "result": "Passed",
                        "message": "",
                        "type": ""
                    }
                ],
                "stdout": null,
                "stderr": null
            },
            {
                "classname": "tests.test_algorithms.TestAlgorithms",
                "name": "test_mcmc",
                "time": 0.727,
                "results": [
                    {
                        "result": "Passed",
                        "message": "",
                        "type": ""
                    }
                ],
                "stdout": null,
                "stderr": null
            },
            {
                "classname": "tests.test_algorithms.TestAlgorithms",
                "name": "test_mle",
                "time": 0.691,
                "results": [
                    {
                        "result": "Passed",
                        "message": "",
                        "type": ""
                    }
                ],
                "stdout": null,
                "stderr": null
            },
            {
                "classname": "tests.test_algorithms.TestAlgorithms",
                "name": "test_nsgaii",
                "time": 13.133,
                "results": [
                    {
                        "result": "Passed",
                        "message": "",
                        "type": ""
                    }
                ],
                "stdout": null,
                "stderr": null
            },
            {
                "classname": "tests.test_algorithms.TestAlgorithms",
                "name": "test_padds",
                "time": 31.201,
                "results": [
                    {
                        "result": "Passed",
                        "message": "",
                        "type": ""
                    }
                ],
                "stdout": null,
                "stderr": null
            },
            {
                "classname": "tests.test_algorithms.TestAlgorithms",
                "name": "test_rope",
                "time": 0.636,
                "results": [
                    {
                        "result": "Passed",
                        "message": "",
                        "type": ""
                    }
                ],
                "stdout": null,
                "stderr": null
            },
            {
                "classname": "tests.test_algorithms.TestAlgorithms",
                "name": "test_sa",
                "time": 0.569,
                "results": [
                    {
                        "result": "Passed",
                        "message": "",
                        "type": ""
                    }
                ],
                "stdout": null,
                "stderr": null
            },
            {
                "classname": "tests.test_algorithms.TestAlgorithms",
                "name": "test_sceua",
                "time": 1.064,
                "results": [
                    {
                        "result": "Passed",
                        "message": "",
                        "type": ""
                    }
                ],
                "stdout": null,
                "stderr": null
            },
            {
                "classname": "tests.test_analyser.TestAnalyser",
                "name": "test__geweke",
                "time": 19.645,
                "results": [
                    {
                        "result": "Passed",
                        "message": "",
                        "type": ""
                    }
                ],
                "stdout": null,
                "stderr": null
            },
            {
                "classname": "tests.test_analyser.TestAnalyser",
                "name": "test_calc_like",
                "time": 0.044,
                "results": [
                    {
                        "result": "Passed",
                        "message": "",
                        "type": ""
                    }
                ],
                "stdout": null,
                "stderr": null
            },
            {
                "classname": "tests.test_analyser.TestAnalyser",
                "name": "test_compare_different_objectivefunctions",
                "time": 0.688,
                "results": [
                    {
                        "result": "Passed",
                        "message": "",
                        "type": ""
                    }
                ],
                "stdout": null,
                "stderr": null
            },
            {
                "classname": "tests.test_analyser.TestAnalyser",
                "name": "test_get_best_parameterset",
                "time": 0.002,
                "results": [
                    {
                        "result": "Passed",
                        "message": "",
                        "type": ""
                    }
                ],
                "stdout": null,
                "stderr": null
            },
            {
                "classname": "tests.test_analyser.TestAnalyser",
                "name": "test_get_header",
                "time": 0.001,
                "results": [
                    {
                        "result": "Passed",
                        "message": "",
                        "type": ""
                    }
                ],
                "stdout": null,
                "stderr": null
            },
            {
                "classname": "tests.test_analyser.TestAnalyser",
                "name": "test_get_like_fields",
                "time": 0.007,
                "results": [
                    {
                        "result": "Passed",
                        "message": "",
                        "type": ""
                    }
                ],
                "stdout": null,
                "stderr": null
            },
            {
                "classname": "tests.test_analyser.TestAnalyser",
                "name": "test_get_maxlikeindex",
                "time": 0.005,
                "results": [
                    {
                        "result": "Passed",
                        "message": "",
                        "type": ""
                    }
                ],
                "stdout": null,
                "stderr": null
            },
            {
                "classname": "tests.test_analyser.TestAnalyser",
                "name": "test_get_min_max",
                "time": 0.012,
                "results": [
                    {
                        "result": "Passed",
                        "message": "",
                        "type": ""
                    }
                ],
                "stdout": null,
                "stderr": null
            },
            {
                "classname": "tests.test_analyser.TestAnalyser",
                "name": "test_get_minlikeindex",
                "time": 0.001,
                "results": [
                    {
                        "result": "Passed",
                        "message": "",
                        "type": ""
                    }
                ],
                "stdout": null,
                "stderr": null
            },
            {
                "classname": "tests.test_analyser.TestAnalyser",
                "name": "test_get_modelruns",
                "time": 0.001,
                "results": [
                    {
                        "result": "Passed",
                        "message": "",
                        "type": ""
                    }
                ],
                "stdout": null,
                "stderr": null
            },
            {
                "classname": "tests.test_analyser.TestAnalyser",
                "name": "test_get_parameter_fields",
                "time": 0.003,
                "results": [
                    {
                        "result": "Passed",
                        "message": "",
                        "type": ""
                    }
                ],
                "stdout": null,
                "stderr": null
            },
            {
                "classname": "tests.test_analyser.TestAnalyser",
                "name": "test_get_parameternames",
                "time": 0.001,
                "results": [
                    {
                        "result": "Passed",
                        "message": "",
                        "type": ""
                    }
                ],
                "stdout": null,
                "stderr": null
            },
            {
                "classname": "tests.test_analyser.TestAnalyser",
                "name": "test_get_parameters",
                "time": 0.001,
                "results": [
                    {
                        "result": "Passed",
                        "message": "",
                        "type": ""
                    }
                ],
                "stdout": null,
                "stderr": null
            },
            {
                "classname": "tests.test_analyser.TestAnalyser",
                "name": "test_get_parbounds",
                "time": 0.017,
                "results": [
                    {
                        "result": "Passed",
                        "message": "",
                        "type": ""
                    }
                ],
                "stdout": null,
                "stderr": null
            },
            {
                "classname": "tests.test_analyser.TestAnalyser",
                "name": "test_get_percentiles",
                "time": 0.003,
                "results": [
                    {
                        "result": "Passed",
                        "message": "",
                        "type": ""
                    }
                ],
                "stdout": null,
                "stderr": null
            },
            {
                "classname": "tests.test_analyser.TestAnalyser",
                "name": "test_get_sensitivity_of_fast",
                "time": 0.004,
                "results": [
                    {
                        "result": "Passed",
                        "message": "",
                        "type": ""
                    }
                ],
                "stdout": null,
                "stderr": null
            },
            {
                "classname": "tests.test_analyser.TestAnalyser",
                "name": "test_get_simulation_fields",
                "time": 0.001,
                "results": [
                    {
                        "result": "Passed",
                        "message": "",
                        "type": ""
                    }
                ],
                "stdout": null,
                "stderr": null
            },
            {
                "classname": "tests.test_analyser.TestAnalyser",
                "name": "test_plot_Geweke",
                "time": 0.248,
                "results": [
                    {
                        "result": "Passed",
                        "message": "",
                        "type": ""
                    }
                ],
                "stdout": null,
                "stderr": null
            },
            {
                "classname": "tests.test_analyser.TestAnalyser",
                "name": "test_plot_allmodelruns",
                "time": 1.719,
                "results": [
                    {
                        "result": "Passed",
                        "message": "",
                        "type": ""
                    }
                ],
                "stdout": null,
                "stderr": null
            },
            {
                "classname": "tests.test_analyser.TestAnalyser",
                "name": "test_plot_bestmodelrun",
                "time": 0.923,
                "results": [
                    {
                        "result": "Passed",
                        "message": "",
                        "type": ""
                    }
                ],
                "stdout": null,
                "stderr": null
            },
            {
                "classname": "tests.test_analyser.TestAnalyser",
                "name": "test_plot_bestmodelruns",
                "time": 0.477,
                "results": [
                    {
                        "result": "Passed",
                        "message": "",
                        "type": ""
                    }
                ],
                "stdout": null,
                "stderr": null
            },
            {
                "classname": "tests.test_analyser.TestAnalyser",
                "name": "test_plot_fast_sensitivity",
                "time": 0.233,
                "results": [
                    {
                        "result": "Passed",
                        "message": "",
                        "type": ""
                    }
                ],
                "stdout": null,
                "stderr": null
            },
            {
                "classname": "tests.test_analyser.TestAnalyser",
                "name": "test_plot_gelman_rubin",
                "time": 0.927,
                "results": [
                    {
                        "result": "Passed",
                        "message": "",
                        "type": ""
                    }
                ],
                "stdout": null,
                "stderr": null
            },
            {
                "classname": "tests.test_analyser.TestAnalyser",
                "name": "test_plot_heatmap_griewank",
                "time": 0.615,
                "results": [
                    {
                        "result": "Passed",
                        "message": "",
                        "type": ""
                    }
                ],
                "stdout": null,
                "stderr": null
            },
            {
                "classname": "tests.test_analyser.TestAnalyser",
                "name": "test_plot_objectivefunction",
                "time": 0.129,
                "results": [
                    {
                        "result": "Passed",
                        "message": "",
                        "type": ""
                    }
                ],
                "stdout": null,
                "stderr": null
            },
            {
                "classname": "tests.test_analyser.TestAnalyser",
                "name": "test_plot_objectivefunctiontraces",
                "time": 0.139,
                "results": [
                    {
                        "result": "Passed",
                        "message": "",
                        "type": ""
                    }
                ],
                "stdout": null,
                "stderr": null
            },
            {
                "classname": "tests.test_analyser.TestAnalyser",
                "name": "test_plot_parameterInteraction",
                "time": 2.512,
                "results": [
                    {
                        "result": "Passed",
                        "message": "",
                        "type": ""
                    }
                ],
                "stdout": null,
                "stderr": null
            },
            {
                "classname": "tests.test_analyser.TestAnalyser",
                "name": "test_plot_parameter_uncertainty",
                "time": 1.657,
                "results": [
                    {
                        "result": "Passed",
                        "message": "",
                        "type": ""
                    }
                ],
                "stdout": null,
                "stderr": null
            },
            {
                "classname": "tests.test_analyser.TestAnalyser",
                "name": "test_plot_parametertrace",
                "time": 0.432,
                "results": [
                    {
                        "result": "Passed",
                        "message": "",
                        "type": ""
                    }
                ],
                "stdout": null,
                "stderr": null
            },
            {
                "classname": "tests.test_analyser.TestAnalyser",
                "name": "test_plot_parametertrace_algorithms",
                "time": 0.314,
                "results": [
                    {
                        "result": "Passed",
                        "message": "",
                        "type": ""
                    }
                ],
                "stdout": null,
                "stderr": null
            },
            {
                "classname": "tests.test_analyser.TestAnalyser",
                "name": "test_plot_posterior",
                "time": 0.272,
                "results": [
                    {
                        "result": "Passed",
                        "message": "",
                        "type": ""
                    }
                ],
                "stdout": null,
                "stderr": null
            },
            {
                "classname": "tests.test_analyser.TestAnalyser",
                "name": "test_plot_posterior_parametertrace",
                "time": 0.35,
                "results": [
                    {
                        "result": "Passed",
                        "message": "",
                        "type": ""
                    }
                ],
                "stdout": null,
                "stderr": null
            },
            {
                "classname": "tests.test_analyser.TestAnalyser",
                "name": "test_plot_regression",
                "time": 0.43,
                "results": [
                    {
                        "result": "Passed",
                        "message": "",
                        "type": ""
                    }
                ],
                "stdout": null,
                "stderr": null
            },
            {
                "classname": "tests.test_analyser.TestAnalyser",
                "name": "test_setUp",
                "time": 0.014,
                "results": [
                    {
                        "result": "Passed",
                        "message": "",
                        "type": ""
                    }
                ],
                "stdout": null,
                "stderr": null
            },
            {
                "classname": "tests.test_cli.TestCLI",
                "name": "test_cli_config",
                "time": 0.005,
                "results": [
                    {
                        "result": "Passed",
                        "message": "",
                        "type": ""
                    }
                ],
                "stdout": null,
                "stderr": null
            },
            {
                "classname": "tests.test_cli.TestCLI",
                "name": "test_cli_run",
                "time": 0.005,
                "results": [
                    {
                        "result": "Passed",
                        "message": "",
                        "type": ""
                    }
                ],
                "stdout": null,
                "stderr": null
            },
            {
                "classname": "tests.test_cli.TestCLI",
                "name": "test_config_file",
                "time": 0.001,
                "results": [
                    {
                        "result": "Passed",
                        "message": "",
                        "type": ""
                    }
                ],
                "stdout": null,
                "stderr": null
            },
            {
                "classname": "tests.test_cli.TestCLI",
                "name": "test_sampler_from_string",
                "time": 0.001,
                "results": [
                    {
                        "result": "Passed",
                        "message": "",
                        "type": ""
                    }
                ],
                "stdout": null,
                "stderr": null
            },
            {
                "classname": "tests.test_database.TestDatabase",
                "name": "test_csv_append",
                "time": 0.003,
                "results": [
                    {
                        "result": "Passed",
                        "message": "",
                        "type": ""
                    }
                ],
                "stdout": null,
                "stderr": null
            },
            {
                "classname": "tests.test_database.TestDatabase",
                "name": "test_csv_multiline",
                "time": 0.003,
                "results": [
                    {
                        "result": "Passed",
                        "message": "",
                        "type": ""
                    }
                ],
                "stdout": null,
                "stderr": null
            },
            {
                "classname": "tests.test_database.TestDatabase",
                "name": "test_csv_multiline_false",
                "time": 0.002,
                "results": [
                    {
                        "result": "Passed",
                        "message": "",
                        "type": ""
                    }
                ],
                "stdout": null,
                "stderr": null
            },
            {
                "classname": "tests.test_database.TestDatabase",
                "name": "test_csv_single",
                "time": 0.002,
                "results": [
                    {
                        "result": "Passed",
                        "message": "",
                        "type": ""
                    }
                ],
                "stdout": null,
                "stderr": null
            },
            {
                "classname": "tests.test_database.TestDatabase",
                "name": "test_csv_single_false",
                "time": 0.002,
                "results": [
                    {
                        "result": "Passed",
                        "message": "",
                        "type": ""
                    }
                ],
                "stdout": null,
                "stderr": null
            },
            {
                "classname": "tests.test_database.TestDatabase",
                "name": "test_custom",
                "time": 0.001,
                "results": [
                    {
                        "result": "Passed",
                        "message": "",
                        "type": ""
                    }
                ],
                "stdout": null,
                "stderr": null
            },
            {
                "classname": "tests.test_database.TestDatabase",
                "name": "test_custom_no_setup",
                "time": 0.001,
                "results": [
                    {
                        "result": "Passed",
                        "message": "",
                        "type": ""
                    }
                ],
                "stdout": null,
                "stderr": null
            },
            {
                "classname": "tests.test_database.TestDatabase",
                "name": "test_custom_wrong_setup",
                "time": 0.001,
                "results": [
                    {
                        "result": "Passed",
                        "message": "",
                        "type": ""
                    }
                ],
                "stdout": null,
                "stderr": null
            },
            {
                "classname": "tests.test_database.TestDatabase",
                "name": "test_hdf5_append",
                "time": 0.043,
                "results": [
                    {
                        "result": "Passed",
                        "message": "",
                        "type": ""
                    }
                ],
                "stdout": null,
                "stderr": null
            },
            {
                "classname": "tests.test_database.TestDatabase",
                "name": "test_hdf5_multiline",
                "time": 0.01,
                "results": [
                    {
                        "result": "Passed",
                        "message": "",
                        "type": ""
                    }
                ],
                "stdout": null,
                "stderr": null
            },
            {
                "classname": "tests.test_database.TestDatabase",
                "name": "test_hdf5_multiline_false",
                "time": 0.014,
                "results": [
                    {
                        "result": "Passed",
                        "message": "",
                        "type": ""
                    }
                ],
                "stdout": null,
                "stderr": null
            },
            {
                "classname": "tests.test_database.TestDatabase",
                "name": "test_hdf5_single",
                "time": 0.01,
                "results": [
                    {
                        "result": "Passed",
                        "message": "",
                        "type": ""
                    }
                ],
                "stdout": null,
                "stderr": null
            },
            {
                "classname": "tests.test_database.TestDatabase",
                "name": "test_hdf5_single_false",
                "time": 0.009,
                "results": [
                    {
                        "result": "Passed",
                        "message": "",
                        "type": ""
                    }
                ],
                "stdout": null,
                "stderr": null
            },
            {
                "classname": "tests.test_database.TestDatabase",
                "name": "test_noData",
                "time": 0.001,
                "results": [
                    {
                        "result": "Passed",
                        "message": "",
                        "type": ""
                    }
                ],
                "stdout": null,
                "stderr": null
            },
            {
                "classname": "tests.test_database.TestDatabase",
                "name": "test_not_existing_dbformat",
                "time": 0.001,
                "results": [
                    {
                        "result": "Passed",
                        "message": "",
                        "type": ""
                    }
                ],
                "stdout": null,
                "stderr": null
            },
            {
                "classname": "tests.test_database.TestDatabase",
                "name": "test_ram_multiline",
                "time": 0.001,
                "results": [
                    {
                        "result": "Passed",
                        "message": "",
                        "type": ""
                    }
                ],
                "stdout": null,
                "stderr": null
            },
            {
                "classname": "tests.test_database.TestDatabase",
                "name": "test_ram_multiline_false",
                "time": 0.001,
                "results": [
                    {
                        "result": "Passed",
                        "message": "",
                        "type": ""
                    }
                ],
                "stdout": null,
                "stderr": null
            },
            {
                "classname": "tests.test_database.TestDatabase",
                "name": "test_ram_single",
                "time": 0.001,
                "results": [
                    {
                        "result": "Passed",
                        "message": "",
                        "type": ""
                    }
                ],
                "stdout": null,
                "stderr": null
            },
            {
                "classname": "tests.test_database.TestDatabase",
                "name": "test_ram_single_false",
                "time": 0.001,
                "results": [
                    {
                        "result": "Passed",
                        "message": "",
                        "type": ""
                    }
                ],
                "stdout": null,
                "stderr": null
            },
            {
                "classname": "tests.test_database.TestDatabase",
                "name": "test_sql_multiline",
                "time": 0.037,
                "results": [
                    {
                        "result": "Passed",
                        "message": "",
                        "type": ""
                    }
                ],
                "stdout": null,
                "stderr": null
            },
            {
                "classname": "tests.test_database.TestDatabase",
                "name": "test_sql_multiline_false",
                "time": 0.013,
                "results": [
                    {
                        "result": "Passed",
                        "message": "",
                        "type": ""
                    }
                ],
                "stdout": null,
                "stderr": null
            },
            {
                "classname": "tests.test_database.TestDatabase",
                "name": "test_sql_single",
                "time": 0.039,
                "results": [
                    {
                        "result": "Passed",
                        "message": "",
                        "type": ""
                    }
                ],
                "stdout": null,
                "stderr": null
            },
            {
                "classname": "tests.test_database.TestDatabase",
                "name": "test_sql_single_false",
                "time": 0.03,
                "results": [
                    {
                        "result": "Passed",
                        "message": "",
                        "type": ""
                    }
                ],
                "stdout": null,
                "stderr": null
            },
            {
                "classname": "tests.test_dds.TestDDS",
                "name": "test_bounds",
                "time": 1.024,
                "results": [
                    {
                        "result": "Passed",
                        "message": "",
                        "type": ""
                    }
                ],
                "stdout": null,
                "stderr": null
            },
            {
                "classname": "tests.test_dds.TestDDS",
                "name": "test_own_initial_out_of_borders_ackley_1",
                "time": 0.207,
                "results": [
                    {
                        "result": "Passed",
                        "message": "",
                        "type": ""
                    }
                ],
                "stdout": null,
                "stderr": null
            },
            {
                "classname": "tests.test_dds.TestDDS",
                "name": "test_own_initial_too_lees",
                "time": 0.157,
                "results": [
                    {
                        "result": "Passed",
                        "message": "",
                        "type": ""
                    }
                ],
                "stdout": null,
                "stderr": null
            },
            {
                "classname": "tests.test_dds.TestDDS",
                "name": "test_own_initial_too_much",
                "time": 0.148,
                "results": [
                    {
                        "result": "Passed",
                        "message": "",
                        "type": ""
                    }
                ],
                "stdout": null,
                "stderr": null
            },
            {
                "classname": "tests.test_dds.TestDDS",
                "name": "test_run_1",
                "time": 1.874,
                "results": [
                    {
                        "result": "Passed",
                        "message": "",
                        "type": ""
                    }
                ],
                "stdout": null,
                "stderr": null
            },
            {
                "classname": "tests.test_dds.TestDDS",
                "name": "test_run_2",
                "time": 2.036,
                "results": [
                    {
                        "result": "Passed",
                        "message": "",
                        "type": ""
                    }
                ],
                "stdout": null,
                "stderr": null
            },
            {
                "classname": "tests.test_dds.TestDDS",
                "name": "test_run_3",
                "time": 0.891,
                "results": [
                    {
                        "result": "Passed",
                        "message": "",
                        "type": ""
                    }
                ],
                "stdout": null,
                "stderr": null
            },
            {
                "classname": "tests.test_dds.TestDDS",
                "name": "test_run_4",
                "time": 1.982,
                "results": [
                    {
                        "result": "Passed",
                        "message": "",
                        "type": ""
                    }
                ],
                "stdout": null,
                "stderr": null
            },
            {
                "classname": "tests.test_dds.TestDDS",
                "name": "test_run_5",
                "time": 1.203,
                "results": [
                    {
                        "result": "Passed",
                        "message": "",
                        "type": ""
                    }
                ],
                "stdout": null,
                "stderr": null
            },
            {
                "classname": "tests.test_dds.TestDDS",
                "name": "test_run_6",
                "time": 1.049,
                "results": [
                    {
                        "result": "Passed",
                        "message": "",
                        "type": ""
                    }
                ],
                "stdout": null,
                "stderr": null
            },
            {
                "classname": "tests.test_dds.TestDDS",
                "name": "test_run_own_initial_1",
                "time": 1.09,
                "results": [
                    {
                        "result": "Passed",
                        "message": "",
                        "type": ""
                    }
                ],
                "stdout": null,
                "stderr": null
            },
            {
                "classname": "tests.test_dds.TestDDS",
                "name": "test_run_own_initial_2",
                "time": 1.957,
                "results": [
                    {
                        "result": "Passed",
                        "message": "",
                        "type": ""
                    }
                ],
                "stdout": null,
                "stderr": null
            },
            {
                "classname": "tests.test_describe.TestDescribe",
                "name": "test_all_algorithms",
                "time": 0.005,
                "results": [
                    {
                        "result": "Passed",
                        "message": "",
                        "type": ""
                    }
                ],
                "stdout": null,
                "stderr": null
            },
            {
                "classname": "tests.test_describe.TestDescribe",
                "name": "test_mc_sampler",
                "time": 0.001,
                "results": [
                    {
                        "result": "Passed",
                        "message": "",
                        "type": ""
                    }
                ],
                "stdout": null,
                "stderr": null
            },
            {
                "classname": "tests.test_describe.TestDescribe",
                "name": "test_rope_sampler",
                "time": 0.002,
                "results": [
                    {
                        "result": "Passed",
                        "message": "",
                        "type": ""
                    }
                ],
                "stdout": null,
                "stderr": null
            },
            {
                "classname": "tests.test_describe.TestDescribe",
                "name": "test_setup",
                "time": 0.001,
                "results": [
                    {
                        "result": "Passed",
                        "message": "",
                        "type": ""
                    }
                ],
                "stdout": null,
                "stderr": null
            },
            {
                "classname": "tests.test_describe.TestDescribeRst",
                "name": "test_sampler_rst",
                "time": 0.507,
                "results": [
                    {
                        "result": "Passed",
                        "message": "",
                        "type": ""
                    }
                ],
                "stdout": null,
                "stderr": null
            },
            {
                "classname": "tests.test_describe.TestDescribeRst",
                "name": "test_setup_rst",
                "time": 0.002,
                "results": [
                    {
                        "result": "Passed",
                        "message": "",
                        "type": ""
                    }
                ],
                "stdout": null,
                "stderr": null
            },
            {
                "classname": "tests.test_fast.TestFast",
                "name": "test_fast",
                "time": 11.353,
                "results": [
                    {
                        "result": "Passed",
                        "message": "",
                        "type": ""
                    }
                ],
                "stdout": null,
                "stderr": null
            },
            {
                "classname": "tests.test_gui_mpl.TestGuiMpl",
                "name": "test_clear",
                "time": 0.788,
                "results": [
                    {
                        "result": "Passed",
                        "message": "",
                        "type": ""
                    }
                ],
                "stdout": null,
                "stderr": null
            },
            {
                "classname": "tests.test_gui_mpl.TestGuiMpl",
                "name": "test_run",
                "time": 1.185,
                "results": [
                    {
                        "result": "Passed",
                        "message": "",
                        "type": ""
                    }
                ],
                "stdout": null,
                "stderr": null
            },
            {
                "classname": "tests.test_gui_mpl.TestGuiMpl",
                "name": "test_setup",
                "time": 0.762,
                "results": [
                    {
                        "result": "Passed",
                        "message": "",
                        "type": ""
                    }
                ],
                "stdout": null,
                "stderr": null
            },
            {
                "classname": "tests.test_gui_mpl.TestGuiMpl",
                "name": "test_sliders",
                "time": 0.783,
                "results": [
                    {
                        "result": "Passed",
                        "message": "",
                        "type": ""
                    }
                ],
                "stdout": null,
                "stderr": null
            },
            {
                "classname": "tests.test_likelihood.TestLikelihood",
                "name": "test_ABCBoxcarLikelihood",
                "time": 0.002,
                "results": [
                    {
                        "result": "Passed",
                        "message": "",
                        "type": ""
                    }
                ],
                "stdout": null,
                "stderr": null
            },
            {
                "classname": "tests.test_likelihood.TestLikelihood",
                "name": "test_ExponentialTransformErrVarShapingFactor",
                "time": 0.002,
                "results": [
                    {
                        "result": "Passed",
                        "message": "",
                        "type": ""
                    }
                ],
                "stdout": null,
                "stderr": null
            },
            {
                "classname": "tests.test_likelihood.TestLikelihood",
                "name": "test_InverseErrorVarianceShapingFactor",
                "time": 0.001,
                "results": [
                    {
                        "result": "Passed",
                        "message": "",
                        "type": ""
                    }
                ],
                "stdout": null,
                "stderr": null
            },
            {
                "classname": "tests.test_likelihood.TestLikelihood",
                "name": "test_LaplacianLikelihood",
                "time": 0.002,
                "results": [
                    {
                        "result": "Passed",
                        "message": "",
                        "type": ""
                    }
                ],
                "stdout": null,
                "stderr": null
            },
            {
                "classname": "tests.test_likelihood.TestLikelihood",
                "name": "test_LikelihoodAR1NoC",
                "time": 0.001,
                "results": [
                    {
                        "result": "Passed",
                        "message": "",
                        "type": ""
                    }
                ],
                "stdout": null,
                "stderr": null
            },
            {
                "classname": "tests.test_likelihood.TestLikelihood",
                "name": "test_LikelihoodAR1WithC",
                "time": 0.002,
                "results": [
                    {
                        "result": "Passed",
                        "message": "",
                        "type": ""
                    }
                ],
                "stdout": null,
                "stderr": null
            },
            {
                "classname": "tests.test_likelihood.TestLikelihood",
                "name": "test_LimitsOfAcceptability",
                "time": 0.001,
                "results": [
                    {
                        "result": "Passed",
                        "message": "",
                        "type": ""
                    }
                ],
                "stdout": null,
                "stderr": null
            },
            {
                "classname": "tests.test_likelihood.TestLikelihood",
                "name": "test_NashSutcliffeEfficiencyShapingFactor",
                "time": 0.002,
                "results": [
                    {
                        "result": "Passed",
                        "message": "",
                        "type": ""
                    }
                ],
                "stdout": null,
                "stderr": null
            },
            {
                "classname": "tests.test_likelihood.TestLikelihood",
                "name": "test_NoisyABCGaussianLikelihood",
                "time": 0.002,
                "results": [
                    {
                        "result": "Passed",
                        "message": "",
                        "type": ""
                    }
                ],
                "stdout": null,
                "stderr": null
            },
            {
                "classname": "tests.test_likelihood.TestLikelihood",
                "name": "test_SkewedStudentLikelihoodHeteroscedastic",
                "time": 0.002,
                "results": [
                    {
                        "result": "Passed",
                        "message": "",
                        "type": ""
                    }
                ],
                "stdout": null,
                "stderr": null
            },
            {
                "classname": "tests.test_likelihood.TestLikelihood",
                "name": "test_SkewedStudentLikelihoodHeteroscedasticAdvancedARModel",
                "time": 0.002,
                "results": [
                    {
                        "result": "Passed",
                        "message": "",
                        "type": ""
                    }
                ],
                "stdout": null,
                "stderr": null
            },
            {
                "classname": "tests.test_likelihood.TestLikelihood",
                "name": "test_SkewedStudentLikelihoodHomoscedastic",
                "time": 0.001,
                "results": [
                    {
                        "result": "Passed",
                        "message": "",
                        "type": ""
                    }
                ],
                "stdout": null,
                "stderr": null
            },
            {
                "classname": "tests.test_likelihood.TestLikelihood",
                "name": "test_gaussianLikelihoodHomoHeteroDataError",
                "time": 0.001,
                "results": [
                    {
                        "result": "Passed",
                        "message": "",
                        "type": ""
                    }
                ],
                "stdout": null,
                "stderr": null
            },
            {
                "classname": "tests.test_likelihood.TestLikelihood",
                "name": "test_gaussianLikelihoodMeasErrorOut",
                "time": 0.001,
                "results": [
                    {
                        "result": "Passed",
                        "message": "",
                        "type": ""
                    }
                ],
                "stdout": null,
                "stderr": null
            },
            {
                "classname": "tests.test_likelihood.TestLikelihood",
                "name": "test_generalizedLikelihoodFunction",
                "time": 0.057,
                "results": [
                    {
                        "result": "Passed",
                        "message": "",
                        "type": ""
                    }
                ],
                "stdout": null,
                "stderr": null
            },
            {
                "classname": "tests.test_likelihood.TestLikelihood",
                "name": "test_logLikelihood",
                "time": 0.002,
                "results": [
                    {
                        "result": "Passed",
                        "message": "",
                        "type": ""
                    }
                ],
                "stdout": null,
                "stderr": null
            },
            {
                "classname": "tests.test_likelihood.TestLikelihood",
                "name": "test_sumOfAbsoluteErrorResiduals",
                "time": 0.002,
                "results": [
                    {
                        "result": "Passed",
                        "message": "",
                        "type": ""
                    }
                ],
                "stdout": null,
                "stderr": null
            },
            {
                "classname": "tests.test_list_and_constant_parameters_with_samplers.TestConstantSetups",
                "name": "test_abc_sampler",
                "time": 0.037,
                "results": [
                    {
                        "result": "Passed",
                        "message": "",
                        "type": ""
                    }
                ],
                "stdout": null,
                "stderr": null
            },
            {
                "classname": "tests.test_list_and_constant_parameters_with_samplers.TestConstantSetups",
                "name": "test_demcz_sampler",
                "time": 0.858,
                "results": [
                    {
                        "result": "Passed",
                        "message": "",
                        "type": ""
                    }
                ],
                "stdout": null,
                "stderr": null
            },
            {
                "classname": "tests.test_list_and_constant_parameters_with_samplers.TestConstantSetups",
                "name": "test_dream_sampler",
                "time": 1.081,
                "results": [
                    {
                        "result": "Passed",
                        "message": "",
                        "type": ""
                    }
                ],
                "stdout": null,
                "stderr": null
            },
            {
                "classname": "tests.test_list_and_constant_parameters_with_samplers.TestConstantSetups",
                "name": "test_fscabc_sampler",
                "time": 0.057,
                "results": [
                    {
                        "result": "Passed",
                        "message": "",
                        "type": ""
                    }
                ],
                "stdout": null,
                "stderr": null
            },
            {
                "classname": "tests.test_list_and_constant_parameters_with_samplers.TestConstantSetups",
                "name": "test_lhs_sampler",
                "time": 0.207,
                "results": [
                    {
                        "result": "Passed",
                        "message": "",
                        "type": ""
                    }
                ],
                "stdout": null,
                "stderr": null
            },
            {
                "classname": "tests.test_list_and_constant_parameters_with_samplers.TestConstantSetups",
                "name": "test_mc_sampler",
                "time": 0.492,
                "results": [
                    {
                        "result": "Passed",
                        "message": "",
                        "type": ""
                    }
                ],
                "stdout": null,
                "stderr": null
            },
            {
                "classname": "tests.test_list_and_constant_parameters_with_samplers.TestConstantSetups",
                "name": "test_mcmc_sampler",
                "time": 0.312,
                "results": [
                    {
                        "result": "Passed",
                        "message": "",
                        "type": ""
                    }
                ],
                "stdout": null,
                "stderr": null
            },
            {
                "classname": "tests.test_list_and_constant_parameters_with_samplers.TestConstantSetups",
                "name": "test_mle_sampler",
                "time": 0.293,
                "results": [
                    {
                        "result": "Passed",
                        "message": "",
                        "type": ""
                    }
                ],
                "stdout": null,
                "stderr": null
            },
            {
                "classname": "tests.test_list_and_constant_parameters_with_samplers.TestConstantSetups",
                "name": "test_rope_sampler",
                "time": 0.297,
                "results": [
                    {
                        "result": "Passed",
                        "message": "",
                        "type": ""
                    }
                ],
                "stdout": null,
                "stderr": null
            },
            {
                "classname": "tests.test_list_and_constant_parameters_with_samplers.TestConstantSetups",
                "name": "test_sa_sampler",
                "time": 0.239,
                "results": [
                    {
                        "result": "Passed",
                        "message": "",
                        "type": ""
                    }
                ],
                "stdout": null,
                "stderr": null
            },
            {
                "classname": "tests.test_list_and_constant_parameters_with_samplers.TestConstantSetups",
                "name": "test_sceua_sampler",
                "time": 0.266,
                "results": [
                    {
                        "result": "Passed",
                        "message": "",
                        "type": ""
                    }
                ],
                "stdout": null,
                "stderr": null
            },
            {
                "classname": "tests.test_objectivefunctions.TestObjectiveFunctions",
                "name": "test_agreementindex",
                "time": 0.002,
                "results": [
                    {
                        "result": "Passed",
                        "message": "",
                        "type": ""
                    }
                ],
                "stdout": null,
                "stderr": null
            },
            {
                "classname": "tests.test_objectivefunctions.TestObjectiveFunctions",
                "name": "test_agreementindex_with_self_is_one",
                "time": 0.001,
                "results": [
                    {
                        "result": "Passed",
                        "message": "",
                        "type": ""
                    }
                ],
                "stdout": null,
                "stderr": null
            },
            {
                "classname": "tests.test_objectivefunctions.TestObjectiveFunctions",
                "name": "test_bias",
                "time": 0.001,
                "results": [
                    {
                        "result": "Passed",
                        "message": "",
                        "type": ""
                    }
                ],
                "stdout": null,
                "stderr": null
            },
            {
                "classname": "tests.test_objectivefunctions.TestObjectiveFunctions",
                "name": "test_correlationcoefficient_for_perfect_negative_is_minus_one",
                "time": 0.001,
                "results": [
                    {
                        "result": "Passed",
                        "message": "",
                        "type": ""
                    }
                ],
                "stdout": null,
                "stderr": null
            },
            {
                "classname": "tests.test_objectivefunctions.TestObjectiveFunctions",
                "name": "test_correlationcoefficient_for_perfect_positive_is_one",
                "time": 0.001,
                "results": [
                    {
                        "result": "Passed",
                        "message": "",
                        "type": ""
                    }
                ],
                "stdout": null,
                "stderr": null
            },
            {
                "classname": "tests.test_objectivefunctions.TestObjectiveFunctions",
                "name": "test_correlationcoefficient_random",
                "time": 0.002,
                "results": [
                    {
                        "result": "Passed",
                        "message": "",
                        "type": ""
                    }
                ],
                "stdout": null,
                "stderr": null
            },
            {
                "classname": "tests.test_objectivefunctions.TestObjectiveFunctions",
                "name": "test_covariance",
                "time": 0.001,
                "results": [
                    {
                        "result": "Passed",
                        "message": "",
                        "type": ""
                    }
                ],
                "stdout": null,
                "stderr": null
            },
            {
                "classname": "tests.test_objectivefunctions.TestObjectiveFunctions",
                "name": "test_covariance_with_self_is_variance",
                "time": 0.001,
                "results": [
                    {
                        "result": "Passed",
                        "message": "",
                        "type": ""
                    }
                ],
                "stdout": null,
                "stderr": null
            },
            {
                "classname": "tests.test_objectivefunctions.TestObjectiveFunctions",
                "name": "test_decomposed_mse",
                "time": 0.001,
                "results": [
                    {
                        "result": "Passed",
                        "message": "",
                        "type": ""
                    }
                ],
                "stdout": null,
                "stderr": null
            },
            {
                "classname": "tests.test_objectivefunctions.TestObjectiveFunctions",
                "name": "test_kge",
                "time": 0.002,
                "results": [
                    {
                        "result": "Passed",
                        "message": "",
                        "type": ""
                    }
                ],
                "stdout": null,
                "stderr": null
            },
            {
                "classname": "tests.test_objectivefunctions.TestObjectiveFunctions",
                "name": "test_kge_non_parametric",
                "time": 0.002,
                "results": [
                    {
                        "result": "Passed",
                        "message": "",
                        "type": ""
                    }
                ],
                "stdout": null,
                "stderr": null
            },
            {
                "classname": "tests.test_objectivefunctions.TestObjectiveFunctions",
                "name": "test_kge_non_parametric_return_all",
                "time": 0.002,
                "results": [
                    {
                        "result": "Passed",
                        "message": "",
                        "type": ""
                    }
                ],
                "stdout": null,
                "stderr": null
            },
            {
                "classname": "tests.test_objectivefunctions.TestObjectiveFunctions",
                "name": "test_kge_return_all",
                "time": 0.006,
                "results": [
                    {
                        "result": "Passed",
                        "message": "",
                        "type": ""
                    }
                ],
                "stdout": null,
                "stderr": null
            },
            {
                "classname": "tests.test_objectivefunctions.TestObjectiveFunctions",
                "name": "test_length_mismatch_return_nan",
                "time": 0.005,
                "results": [
                    {
                        "result": "Passed",
                        "message": "",
                        "type": ""
                    }
                ],
                "stdout": null,
                "stderr": null
            },
            {
                "classname": "tests.test_objectivefunctions.TestObjectiveFunctions",
                "name": "test_log_p",
                "time": 0.001,
                "results": [
                    {
                        "result": "Passed",
                        "message": "",
                        "type": ""
                    }
                ],
                "stdout": null,
                "stderr": null
            },
            {
                "classname": "tests.test_objectivefunctions.TestObjectiveFunctions",
                "name": "test_log_p_with_default_scale",
                "time": 0.001,
                "results": [
                    {
                        "result": "Passed",
                        "message": "",
                        "type": ""
                    }
                ],
                "stdout": null,
                "stderr": null
            },
            {
                "classname": "tests.test_objectivefunctions.TestObjectiveFunctions",
                "name": "test_lognashsutcliffe",
                "time": 0.001,
                "results": [
                    {
                        "result": "Passed",
                        "message": "",
                        "type": ""
                    }
                ],
                "stdout": null,
                "stderr": null
            },
            {
                "classname": "tests.test_objectivefunctions.TestObjectiveFunctions",
                "name": "test_lognashsutcliffe_for_invalid_obs_is_nan",
                "time": 0.001,
                "results": [
                    {
                        "result": "Passed",
                        "message": "",
                        "type": ""
                    }
                ],
                "stdout": null,
                "stderr": null
            },
            {
                "classname": "tests.test_objectivefunctions.TestObjectiveFunctions",
                "name": "test_lognashsutcliffe_with_0_values",
                "time": 0.001,
                "results": [
                    {
                        "result": "Passed",
                        "message": "",
                        "type": ""
                    }
                ],
                "stdout": null,
                "stderr": null
            },
            {
                "classname": "tests.test_objectivefunctions.TestObjectiveFunctions",
                "name": "test_mae",
                "time": 0.001,
                "results": [
                    {
                        "result": "Passed",
                        "message": "",
                        "type": ""
                    }
                ],
                "stdout": null,
                "stderr": null
            },
            {
                "classname": "tests.test_objectivefunctions.TestObjectiveFunctions",
                "name": "test_mae_with_self_is_zero",
                "time": 0.001,
                "results": [
                    {
                        "result": "Passed",
                        "message": "",
                        "type": ""
                    }
                ],
                "stdout": null,
                "stderr": null
            },
            {
                "classname": "tests.test_objectivefunctions.TestObjectiveFunctions",
                "name": "test_mse",
                "time": 0.001,
                "results": [
                    {
                        "result": "Passed",
                        "message": "",
                        "type": ""
                    }
                ],
                "stdout": null,
                "stderr": null
            },
            {
                "classname": "tests.test_objectivefunctions.TestObjectiveFunctions",
                "name": "test_mse_with_self_is_zero",
                "time": 0.001,
                "results": [
                    {
                        "result": "Passed",
                        "message": "",
                        "type": ""
                    }
                ],
                "stdout": null,
                "stderr": null
            },
            {
                "classname": "tests.test_objectivefunctions.TestObjectiveFunctions",
                "name": "test_nashsutcliffe",
                "time": 0.002,
                "results": [
                    {
                        "result": "Passed",
                        "message": "",
                        "type": ""
                    }
                ],
                "stdout": null,
                "stderr": null
            },
            {
                "classname": "tests.test_objectivefunctions.TestObjectiveFunctions",
                "name": "test_pbias",
                "time": 0.001,
                "results": [
                    {
                        "result": "Passed",
                        "message": "",
                        "type": ""
                    }
                ],
                "stdout": null,
                "stderr": null
            },
            {
                "classname": "tests.test_objectivefunctions.TestObjectiveFunctions",
                "name": "test_rmse",
                "time": 0.001,
                "results": [
                    {
                        "result": "Passed",
                        "message": "",
                        "type": ""
                    }
                ],
                "stdout": null,
                "stderr": null
            },
            {
                "classname": "tests.test_objectivefunctions.TestObjectiveFunctions",
                "name": "test_rmse_with_self_is_zero",
                "time": 0.001,
                "results": [
                    {
                        "result": "Passed",
                        "message": "",
                        "type": ""
                    }
                ],
                "stdout": null,
                "stderr": null
            },
            {
                "classname": "tests.test_objectivefunctions.TestObjectiveFunctions",
                "name": "test_rrmse",
                "time": 0.001,
                "results": [
                    {
                        "result": "Passed",
                        "message": "",
                        "type": ""
                    }
                ],
                "stdout": null,
                "stderr": null
            },
            {
                "classname": "tests.test_objectivefunctions.TestObjectiveFunctions",
                "name": "test_rrmse_with_obs_mean_zero_is_inf",
                "time": 0.001,
                "results": [
                    {
                        "result": "Passed",
                        "message": "",
                        "type": ""
                    }
                ],
                "stdout": null,
                "stderr": null
            },
            {
                "classname": "tests.test_objectivefunctions.TestObjectiveFunctions",
                "name": "test_rrmse_with_self_is_zero",
                "time": 0.008,
                "results": [
                    {
                        "result": "Passed",
                        "message": "",
                        "type": ""
                    }
                ],
                "stdout": null,
                "stderr": null
            },
            {
                "classname": "tests.test_objectivefunctions.TestObjectiveFunctions",
                "name": "test_rsquared_perfect_corr_is_1",
                "time": 0.003,
                "results": [
                    {
                        "result": "Passed",
                        "message": "",
                        "type": ""
                    }
                ],
                "stdout": null,
                "stderr": null
            },
            {
                "classname": "tests.test_objectivefunctions.TestObjectiveFunctions",
                "name": "test_rsquared_random",
                "time": 0.002,
                "results": [
                    {
                        "result": "Passed",
                        "message": "",
                        "type": ""
                    }
                ],
                "stdout": null,
                "stderr": null
            },
            {
                "classname": "tests.test_objectivefunctions.TestObjectiveFunctions",
                "name": "test_rsr",
                "time": 0.002,
                "results": [
                    {
                        "result": "Passed",
                        "message": "",
                        "type": ""
                    }
                ],
                "stdout": null,
                "stderr": null
            },
            {
                "classname": "tests.test_objectivefunctions.TestObjectiveFunctions",
                "name": "test_rsr_with_self_is_zero",
                "time": 0.001,
                "results": [
                    {
                        "result": "Passed",
                        "message": "",
                        "type": ""
                    }
                ],
                "stdout": null,
                "stderr": null
            },
            {
                "classname": "tests.test_objectivefunctions.TestObjectiveFunctions",
                "name": "test_volume_error",
                "time": 0.001,
                "results": [
                    {
                        "result": "Passed",
                        "message": "",
                        "type": ""
                    }
                ],
                "stdout": null,
                "stderr": null
            },
            {
                "classname": "tests.test_objectivefunctions.TestObjectiveFunctions",
                "name": "test_volume_error_with_self_is_zero",
                "time": 0.002,
                "results": [
                    {
                        "result": "Passed",
                        "message": "",
                        "type": ""
                    }
                ],
                "stdout": null,
                "stderr": null
            },
            {
                "classname": "tests.test_parallel.TestParallel",
                "name": "test_mpc",
                "time": 3.816,
                "results": [
                    {
                        "result": "Passed",
                        "message": "",
                        "type": ""
                    }
                ],
                "stdout": null,
                "stderr": null
            },
            {
                "classname": "tests.test_parallel.TestParallel",
                "name": "test_seq",
                "time": 0.02,
                "results": [
                    {
                        "result": "Passed",
                        "message": "",
                        "type": ""
                    }
                ],
                "stdout": null,
                "stderr": null
            },
            {
                "classname": "tests.test_parallel.TestParallel",
                "name": "test_umpc",
                "time": 1.244,
                "results": [
                    {
                        "result": "Passed",
                        "message": "",
                        "type": ""
                    }
                ],
                "stdout": null,
                "stderr": null
            },
            {
                "classname": "tests.test_parameter.TestListParameterDistribution",
                "name": "test_astuple",
                "time": 0.002,
                "results": [
                    {
                        "result": "Passed",
                        "message": "",
                        "type": ""
                    }
                ],
                "stdout": null,
                "stderr": null
            },
            {
                "classname": "tests.test_parameter.TestListParameterDistribution",
                "name": "test_list_gives_1_value_when_size_is_not_specified",
                "time": 0.001,
                "results": [
                    {
                        "result": "Passed",
                        "message": "",
                        "type": ""
                    }
                ],
                "stdout": null,
                "stderr": null
            },
            {
                "classname": "tests.test_parameter.TestListParameterDistribution",
                "name": "test_list_gives_cycled_values_with_repeat",
                "time": 0.001,
                "results": [
                    {
                        "result": "Passed",
                        "message": "",
                        "type": ""
                    }
                ],
                "stdout": null,
                "stderr": null
            },
            {
                "classname": "tests.test_parameter.TestListParameterDistribution",
                "name": "test_list_gives_cycled_values_with_repeat_and_size",
                "time": 0.001,
                "results": [
                    {
                        "result": "Passed",
                        "message": "",
                        "type": ""
                    }
                ],
                "stdout": null,
                "stderr": null
            },
            {
                "classname": "tests.test_parameter.TestListParameterDistribution",
                "name": "test_list_gives_n_values_when_size_is_n",
                "time": 0.001,
                "results": [
                    {
                        "result": "Passed",
                        "message": "",
                        "type": ""
                    }
                ],
                "stdout": null,
                "stderr": null
            },
            {
                "classname": "tests.test_parameter.TestListParameterDistribution",
                "name": "test_list_gives_throwaway_value_on_first_call",
                "time": 0.002,
                "results": [
                    {
                        "result": "Passed",
                        "message": "",
                        "type": ""
                    }
                ],
                "stdout": null,
                "stderr": null
            },
            {
                "classname": "tests.test_parameter.TestListParameterDistribution",
                "name": "test_list_is_callable",
                "time": 0.001,
                "results": [
                    {
                        "result": "Passed",
                        "message": "",
                        "type": ""
                    }
                ],
                "stdout": null,
                "stderr": null
            },
            {
                "classname": "tests.test_parameter.TestListParameterDistribution",
                "name": "test_list_without_repeat_raises_index_error_on_invalid_extra_call",
                "time": 0.002,
                "results": [
                    {
                        "result": "Passed",
                        "message": "",
                        "type": ""
                    }
                ],
                "stdout": null,
                "stderr": null
            },
            {
                "classname": "tests.test_parameter.TestUniformParameterDistribution",
                "name": "test_uniform_has_correct_bounds",
                "time": 0.003,
                "results": [
                    {
                        "result": "Passed",
                        "message": "",
                        "type": ""
                    }
                ],
                "stdout": null,
                "stderr": null
            },
            {
                "classname": "tests.test_parameter.TestUniformParameterDistribution",
                "name": "test_uniform_has_correct_statistics",
                "time": 0.651,
                "results": [
                    {
                        "result": "Passed",
                        "message": "",
                        "type": ""
                    }
                ],
                "stdout": null,
                "stderr": null
            },
            {
                "classname": "tests.test_parameter.TestUniformParameterDistribution",
                "name": "test_uniform_is_callable",
                "time": 0.002,
                "results": [
                    {
                        "result": "Passed",
                        "message": "",
                        "type": ""
                    }
                ],
                "stdout": null,
                "stderr": null
            },
            {
                "classname": "tests.test_parameter.TestUniformParameterDistribution",
                "name": "test_uniform_processes_non_keyword_args",
                "time": 0.002,
                "results": [
                    {
                        "result": "Passed",
                        "message": "",
                        "type": ""
                    }
                ],
                "stdout": null,
                "stderr": null
            },
            {
                "classname": "tests.test_parameter.TestConstantParameterDistribution",
                "name": "test_constant_gives_only_constants",
                "time": 0.004,
                "results": [
                    {
                        "result": "Passed",
                        "message": "",
                        "type": ""
                    }
                ],
                "stdout": null,
                "stderr": null
            },
            {
                "classname": "tests.test_parameter.TestConstantParameterDistribution",
                "name": "test_constant_is_callable",
                "time": 0.002,
                "results": [
                    {
                        "result": "Passed",
                        "message": "",
                        "type": ""
                    }
                ],
                "stdout": null,
                "stderr": null
            },
            {
                "classname": "tests.test_parameter.TestConstantParameterDistribution",
                "name": "test_find_constant_parameters",
                "time": 0.003,
                "results": [
                    {
                        "result": "Passed",
                        "message": "",
                        "type": ""
                    }
                ],
                "stdout": null,
                "stderr": null
            },
            {
                "classname": "tests.test_parameter.TestConstantParameterDistribution",
                "name": "test_parameter_settings",
                "time": 0.002,
                "results": [
                    {
                        "result": "Passed",
                        "message": "",
                        "type": ""
                    }
                ],
                "stdout": null,
                "stderr": null
            },
            {
                "classname": "tests.test_parameter.TestNormalParameterDistribution",
                "name": "test_normal_has_correct_statistics",
                "time": 0.342,
                "results": [
                    {
                        "result": "Passed",
                        "message": "",
                        "type": ""
                    }
                ],
                "stdout": null,
                "stderr": null
            },
            {
                "classname": "tests.test_parameter.TestNormalParameterDistribution",
                "name": "test_normal_is_callable",
                "time": 0.005,
                "results": [
                    {
                        "result": "Passed",
                        "message": "",
                        "type": ""
                    }
                ],
                "stdout": null,
                "stderr": null
            },
            {
                "classname": "tests.test_parameter.TestNormalParameterDistribution",
                "name": "test_normal_processes_non_keyword_args",
                "time": 0.003,
                "results": [
                    {
                        "result": "Passed",
                        "message": "",
                        "type": ""
                    }
                ],
                "stdout": null,
                "stderr": null
            },
            {
                "classname": "tests.test_parameter.TestLogNormalParameterDistribution",
                "name": "test_normal_has_correct_statistics",
                "time": 0.361,
                "results": [
                    {
                        "result": "Passed",
                        "message": "",
                        "type": ""
                    }
                ],
                "stdout": null,
                "stderr": null
            },
            {
                "classname": "tests.test_parameter.TestLogNormalParameterDistribution",
                "name": "test_normal_is_callable",
                "time": 0.011,
                "results": [
                    {
                        "result": "Passed",
                        "message": "",
                        "type": ""
                    }
                ],
                "stdout": null,
                "stderr": null
            },
            {
                "classname": "tests.test_parameter.TestLogNormalParameterDistribution",
                "name": "test_normal_processes_non_keyword_args",
                "time": 0.004,
                "results": [
                    {
                        "result": "Passed",
                        "message": "",
                        "type": ""
                    }
                ],
                "stdout": null,
                "stderr": null
            },
            {
                "classname": "tests.test_parameter.TestChiSquareParameterDistribution",
                "name": "test_chisq_has_correct_statistics",
                "time": 0.137,
                "results": [
                    {
                        "result": "Passed",
                        "message": "",
                        "type": ""
                    }
                ],
                "stdout": null,
                "stderr": null
            },
            {
                "classname": "tests.test_parameter.TestChiSquareParameterDistribution",
                "name": "test_chisq_is_callable",
                "time": 0.002,
                "results": [
                    {
                        "result": "Passed",
                        "message": "",
                        "type": ""
                    }
                ],
                "stdout": null,
                "stderr": null
            },
            {
                "classname": "tests.test_parameter.TestChiSquareParameterDistribution",
                "name": "test_chisq_processes_non_keyword_args",
                "time": 0.005,
                "results": [
                    {
                        "result": "Passed",
                        "message": "",
                        "type": ""
                    }
                ],
                "stdout": null,
                "stderr": null
            },
            {
                "classname": "tests.test_parameter.TestExponentialParameterDistribution",
                "name": "test_exp_has_correct_statistics",
                "time": 0.323,
                "results": [
                    {
                        "result": "Passed",
                        "message": "",
                        "type": ""
                    }
                ],
                "stdout": null,
                "stderr": null
            },
            {
                "classname": "tests.test_parameter.TestExponentialParameterDistribution",
                "name": "test_exp_is_callable",
                "time": 0.002,
                "results": [
                    {
                        "result": "Passed",
                        "message": "",
                        "type": ""
                    }
                ],
                "stdout": null,
                "stderr": null
            },
            {
                "classname": "tests.test_parameter.TestExponentialParameterDistribution",
                "name": "test_exp_processes_non_keyword_args",
                "time": 0.002,
                "results": [
                    {
                        "result": "Passed",
                        "message": "",
                        "type": ""
                    }
                ],
                "stdout": null,
                "stderr": null
            },
            {
                "classname": "tests.test_parameter.TestGammaParameterDistribution",
                "name": "test_gamma_has_correct_statistics",
                "time": 0.536,
                "results": [
                    {
                        "result": "Passed",
                        "message": "",
                        "type": ""
                    }
                ],
                "stdout": null,
                "stderr": null
            },
            {
                "classname": "tests.test_parameter.TestGammaParameterDistribution",
                "name": "test_gamma_is_callable",
                "time": 0.002,
                "results": [
                    {
                        "result": "Passed",
                        "message": "",
                        "type": ""
                    }
                ],
                "stdout": null,
                "stderr": null
            },
            {
                "classname": "tests.test_parameter.TestGammaParameterDistribution",
                "name": "test_gamma_processes_non_keyword_args",
                "time": 0.004,
                "results": [
                    {
                        "result": "Passed",
                        "message": "",
                        "type": ""
                    }
                ],
                "stdout": null,
                "stderr": null
            },
            {
                "classname": "tests.test_parameter.TestWaldParameterDistribution",
                "name": "test_wald_has_correct_statistics",
                "time": 0.125,
                "results": [
                    {
                        "result": "Passed",
                        "message": "",
                        "type": ""
                    }
                ],
                "stdout": null,
                "stderr": null
            },
            {
                "classname": "tests.test_parameter.TestWaldParameterDistribution",
                "name": "test_wald_is_callable",
                "time": 0.003,
                "results": [
                    {
                        "result": "Passed",
                        "message": "",
                        "type": ""
                    }
                ],
                "stdout": null,
                "stderr": null
            },
            {
                "classname": "tests.test_parameter.TestWaldParameterDistribution",
                "name": "test_wald_processes_non_keyword_args",
                "time": 0.004,
                "results": [
                    {
                        "result": "Passed",
                        "message": "",
                        "type": ""
                    }
                ],
                "stdout": null,
                "stderr": null
            },
            {
                "classname": "tests.test_parameter.TestWeibullParameterDistribution",
                "name": "test_weibull_has_correct_statistics",
                "time": 0.085,
                "results": [
                    {
                        "result": "Passed",
                        "message": "",
                        "type": ""
                    }
                ],
                "stdout": null,
                "stderr": null
            },
            {
                "classname": "tests.test_parameter.TestWeibullParameterDistribution",
                "name": "test_weibull_is_callable",
                "time": 0.002,
                "results": [
                    {
                        "result": "Passed",
                        "message": "",
                        "type": ""
                    }
                ],
                "stdout": null,
                "stderr": null
            },
            {
                "classname": "tests.test_parameter.TestWeibullParameterDistribution",
                "name": "test_weibull_processes_non_keyword_args",
                "time": 0.008,
                "results": [
                    {
                        "result": "Passed",
                        "message": "",
                        "type": ""
                    }
                ],
                "stdout": null,
                "stderr": null
            },
            {
                "classname": "tests.test_parameter.TestTriangularParameterDistribution",
                "name": "test_triangular_has_correct_statistics",
                "time": 0.041,
                "results": [
                    {
                        "result": "Passed",
                        "message": "",
                        "type": ""
                    }
                ],
                "stdout": null,
                "stderr": null
            },
            {
                "classname": "tests.test_parameter.TestTriangularParameterDistribution",
                "name": "test_triangular_is_callable",
                "time": 0.002,
                "results": [
                    {
                        "result": "Passed",
                        "message": "",
                        "type": ""
                    }
                ],
                "stdout": null,
                "stderr": null
            },
            {
                "classname": "tests.test_parameter.TestParameterArguments",
                "name": "test_correct_with_default_step",
                "time": 0.004,
                "results": [
                    {
                        "result": "Passed",
                        "message": "",
                        "type": ""
                    }
                ],
                "stdout": null,
                "stderr": null
            },
            {
                "classname": "tests.test_parameter.TestParameterArguments",
                "name": "test_correct_with_extra_args",
                "time": 0.004,
                "results": [
                    {
                        "result": "Passed",
                        "message": "",
                        "type": ""
                    }
                ],
                "stdout": null,
                "stderr": null
            },
            {
                "classname": "tests.test_parameter.TestParameterArguments",
                "name": "test_maxbound_zero",
                "time": 0.002,
                "results": [
                    {
                        "result": "Passed",
                        "message": "",
                        "type": ""
                    }
                ],
                "stdout": null,
                "stderr": null
            },
            {
                "classname": "tests.test_parameter.TestParameterArguments",
                "name": "test_minbound_zero",
                "time": 0.002,
                "results": [
                    {
                        "result": "Passed",
                        "message": "",
                        "type": ""
                    }
                ],
                "stdout": null,
                "stderr": null
            },
            {
                "classname": "tests.test_parameter.TestParameterArguments",
                "name": "test_optguess_zero",
                "time": 0.002,
                "results": [
                    {
                        "result": "Passed",
                        "message": "",
                        "type": ""
                    }
                ],
                "stdout": null,
                "stderr": null
            },
            {
                "classname": "tests.test_parameter.TestParameterClasses",
                "name": "test_classes_available",
                "time": 0.002,
                "results": [
                    {
                        "result": "Passed",
                        "message": "",
                        "type": ""
                    }
                ],
                "stdout": null,
                "stderr": null
            },
            {
                "classname": "tests.test_parameter.TestParameterClasses",
                "name": "test_create_kwargs",
                "time": 0.018,
                "results": [
                    {
                        "result": "Passed",
                        "message": "",
                        "type": ""
                    }
                ],
                "stdout": null,
                "stderr": null
            },
            {
                "classname": "tests.test_parameter.TestParameterClasses",
                "name": "test_create_posargs",
                "time": 0.017,
                "results": [
                    {
                        "result": "Passed",
                        "message": "",
                        "type": ""
                    }
                ],
                "stdout": null,
                "stderr": null
            },
            {
                "classname": "tests.test_parameter.TestParameterClasses",
                "name": "test_too_few_args",
                "time": 0.005,
                "results": [
                    {
                        "result": "Passed",
                        "message": "",
                        "type": ""
                    }
                ],
                "stdout": null,
                "stderr": null
            },
            {
                "classname": "tests.test_parameter.TestParameterClasses",
                "name": "test_too_many_args",
                "time": 0.027,
                "results": [
                    {
                        "result": "Passed",
                        "message": "",
                        "type": ""
                    }
                ],
                "stdout": null,
                "stderr": null
            },
            {
                "classname": "tests.test_setup_parameters.TestParameterSet",
                "name": "test_assign",
                "time": 0.014,
                "results": [
                    {
                        "result": "Passed",
                        "message": "",
                        "type": ""
                    }
                ],
                "stdout": null,
                "stderr": null
            },
            {
                "classname": "tests.test_setup_parameters.TestParameterSet",
                "name": "test_create",
                "time": 0.005,
                "results": [
                    {
                        "result": "Passed",
                        "message": "",
                        "type": ""
                    }
                ],
                "stdout": null,
                "stderr": null
            },
            {
                "classname": "tests.test_setup_parameters.TestParameterSet",
                "name": "test_dir",
                "time": 0.005,
                "results": [
                    {
                        "result": "Passed",
                        "message": "",
                        "type": ""
                    }
                ],
                "stdout": null,
                "stderr": null
            },
            {
                "classname": "tests.test_setup_parameters.TestParameterSet",
                "name": "test_getattr",
                "time": 0.015,
                "results": [
                    {
                        "result": "Passed",
                        "message": "",
                        "type": ""
                    }
                ],
                "stdout": null,
                "stderr": null
            },
            {
                "classname": "tests.test_setup_parameters.TestParameterSet",
                "name": "test_getitem",
                "time": 0.005,
                "results": [
                    {
                        "result": "Passed",
                        "message": "",
                        "type": ""
                    }
                ],
                "stdout": null,
                "stderr": null
            },
            {
                "classname": "tests.test_setup_parameters.TestParameterSet",
                "name": "test_iter",
                "time": 0.005,
                "results": [
                    {
                        "result": "Passed",
                        "message": "",
                        "type": ""
                    }
                ],
                "stdout": null,
                "stderr": null
            },
            {
                "classname": "tests.test_setup_parameters.TestParameterSet",
                "name": "test_repr",
                "time": 0.005,
                "results": [
                    {
                        "result": "Passed",
                        "message": "",
                        "type": ""
                    }
                ],
                "stdout": null,
                "stderr": null
            },
            {
                "classname": "tests.test_setup_parameters.TestParameterSet",
                "name": "test_setattr",
                "time": 0.005,
                "results": [
                    {
                        "result": "Passed",
                        "message": "",
                        "type": ""
                    }
                ],
                "stdout": null,
                "stderr": null
            },
            {
                "classname": "tests.test_setup_parameters.TestParameterSet",
                "name": "test_str",
                "time": 0.005,
                "results": [
                    {
                        "result": "Passed",
                        "message": "",
                        "type": ""
                    }
                ],
                "stdout": null,
                "stderr": null
            },
            {
                "classname": "tests.test_setup_parameters.TestSetupVariants",
                "name": "test_abc_sampler",
                "time": 0.382,
                "results": [
                    {
                        "result": "Passed",
                        "message": "",
                        "type": ""
                    }
                ],
                "stdout": null,
                "stderr": null
            },
            {
                "classname": "tests.test_setup_parameters.TestSetupVariants",
                "name": "test_demcz_sampler",
                "time": 0.892,
                "results": [
                    {
                        "result": "Passed",
                        "message": "",
                        "type": ""
                    }
                ],
                "stdout": null,
                "stderr": null
            },
            {
                "classname": "tests.test_setup_parameters.TestSetupVariants",
                "name": "test_dream_sampler",
                "time": 6.374,
                "results": [
                    {
                        "result": "Passed",
                        "message": "",
                        "type": ""
                    }
                ],
                "stdout": null,
                "stderr": null
            },
            {
                "classname": "tests.test_setup_parameters.TestSetupVariants",
                "name": "test_exists",
                "time": 0.004,
                "results": [
                    {
                        "result": "Passed",
                        "message": "",
                        "type": ""
                    }
                ],
                "stdout": null,
                "stderr": null
            },
            {
                "classname": "tests.test_setup_parameters.TestSetupVariants",
                "name": "test_fscabc_sampler",
                "time": 0.435,
                "results": [
                    {
                        "result": "Passed",
                        "message": "",
                        "type": ""
                    }
                ],
                "stdout": null,
                "stderr": null
            },
            {
                "classname": "tests.test_setup_parameters.TestSetupVariants",
                "name": "test_lhs_sampler",
                "time": 0.12,
                "results": [
                    {
                        "result": "Passed",
                        "message": "",
                        "type": ""
                    }
                ],
                "stdout": null,
                "stderr": null
            },
            {
                "classname": "tests.test_setup_parameters.TestSetupVariants",
                "name": "test_mc_sampler",
                "time": 0.635,
                "results": [
                    {
                        "result": "Passed",
                        "message": "",
                        "type": ""
                    }
                ],
                "stdout": null,
                "stderr": null
            },
            {
                "classname": "tests.test_setup_parameters.TestSetupVariants",
                "name": "test_mcmc_sampler",
                "time": 0.117,
                "results": [
                    {
                        "result": "Passed",
                        "message": "",
                        "type": ""
                    }
                ],
                "stdout": null,
                "stderr": null
            },
            {
                "classname": "tests.test_setup_parameters.TestSetupVariants",
                "name": "test_mle_sampler",
                "time": 0.155,
                "results": [
                    {
                        "result": "Passed",
                        "message": "",
                        "type": ""
                    }
                ],
                "stdout": null,
                "stderr": null
            },
            {
                "classname": "tests.test_setup_parameters.TestSetupVariants",
                "name": "test_parameter_class",
                "time": 0.005,
                "results": [
                    {
                        "result": "Passed",
                        "message": "",
                        "type": ""
                    }
                ],
                "stdout": null,
                "stderr": null
            },
            {
                "classname": "tests.test_setup_parameters.TestSetupVariants",
                "name": "test_parameter_function",
                "time": 0.006,
                "results": [
                    {
                        "result": "Passed",
                        "message": "",
                        "type": ""
                    }
                ],
                "stdout": null,
                "stderr": null
            },
            {
                "classname": "tests.test_setup_parameters.TestSetupVariants",
                "name": "test_parameter_list",
                "time": 0.008,
                "results": [
                    {
                        "result": "Passed",
                        "message": "",
                        "type": ""
                    }
                ],
                "stdout": null,
                "stderr": null
            },
            {
                "classname": "tests.test_setup_parameters.TestSetupVariants",
                "name": "test_parameter_mixed_function",
                "time": 0.012,
                "results": [
                    {
                        "result": "Passed",
                        "message": "",
                        "type": ""
                    }
                ],
                "stdout": null,
                "stderr": null
            },
            {
                "classname": "tests.test_setup_parameters.TestSetupVariants",
                "name": "test_parameter_mixed_list",
                "time": 0.012,
                "results": [
                    {
                        "result": "Passed",
                        "message": "",
                        "type": ""
                    }
                ],
                "stdout": null,
                "stderr": null
            },
            {
                "classname": "tests.test_setup_parameters.TestSetupVariants",
                "name": "test_rope_sampler",
                "time": 0.101,
                "results": [
                    {
                        "result": "Passed",
                        "message": "",
                        "type": ""
                    }
                ],
                "stdout": null,
                "stderr": null
            },
            {
                "classname": "tests.test_setup_parameters.TestSetupVariants",
                "name": "test_sa_sampler",
                "time": 0.14,
                "results": [
                    {
                        "result": "Passed",
                        "message": "",
                        "type": ""
                    }
                ],
                "stdout": null,
                "stderr": null
            },
            {
                "classname": "tests.test_setup_parameters.TestSetupVariants",
                "name": "test_sampler",
                "time": 0.688,
                "results": [
                    {
                        "result": "Passed",
                        "message": "",
                        "type": ""
                    }
                ],
                "stdout": null,
                "stderr": null
            },
            {
                "classname": "tests.test_setup_parameters.TestSetupVariants",
                "name": "test_sceua_sampler",
                "time": 1.085,
                "results": [
                    {
                        "result": "Passed",
                        "message": "",
                        "type": ""
                    }
                ],
                "stdout": null,
                "stderr": null
            },
            {
                "classname": "tests.test_signatures.TestSignatures",
                "name": "test_signatures",
                "time": 0.086,
                "results": [
                    {
                        "result": "Passed",
                        "message": "",
                        "type": ""
                    }
                ],
                "stdout": null,
                "stderr": null
            }
        ],
        "stdout": "[d755414a-3cf3-45fb-9088-8c08a9dd078d/source check                      ] \ud83d\ude80  Start image=crawlergpt:latest\n[d755414a-3cf3-45fb-9088-8c08a9dd078d/sdist on ubuntu-latest with py 3.7] \ud83d\ude80  Start image=crawlergpt:latest\n[d755414a-3cf3-45fb-9088-8c08a9dd078d/source check                      ]   \ud83d\udc33  docker pull image=crawlergpt:latest platform= username= forcePull=false\n[d755414a-3cf3-45fb-9088-8c08a9dd078d/sdist on ubuntu-latest with py 3.7]   \ud83d\udc33  docker pull image=crawlergpt:latest platform= username= forcePull=false\n[d755414a-3cf3-45fb-9088-8c08a9dd078d/source check                      ]   \ud83d\udc33  docker create image=crawlergpt:latest platform= entrypoint=[\"tail\" \"-f\" \"/dev/null\"] cmd=[]\n[d755414a-3cf3-45fb-9088-8c08a9dd078d/sdist on ubuntu-latest with py 3.7]   \ud83d\udc33  docker create image=crawlergpt:latest platform= entrypoint=[\"tail\" \"-f\" \"/dev/null\"] cmd=[]\n[d755414a-3cf3-45fb-9088-8c08a9dd078d/sdist on ubuntu-latest with py 3.7]   \ud83d\udc33  docker run image=crawlergpt:latest platform= entrypoint=[\"tail\" \"-f\" \"/dev/null\"] cmd=[]\n[d755414a-3cf3-45fb-9088-8c08a9dd078d/source check                      ]   \ud83d\udc33  docker run image=crawlergpt:latest platform= entrypoint=[\"tail\" \"-f\" \"/dev/null\"] cmd=[]\n[d755414a-3cf3-45fb-9088-8c08a9dd078d/source check                      ]   \ud83d\udc33  docker exec cmd=[chown -R 1012:1013 /tmp/ad9c0f7e-1596-11ee-8a50-bb14de238602/thouska-spotpy] user=0 workdir=\n[d755414a-3cf3-45fb-9088-8c08a9dd078d/sdist on ubuntu-latest with py 3.7]   \ud83d\udc33  docker exec cmd=[chown -R 1012:1013 /tmp/ad9c0f7e-1596-11ee-8a50-bb14de238602/thouska-spotpy] user=0 workdir=\n[d755414a-3cf3-45fb-9088-8c08a9dd078d/sdist on ubuntu-latest with py 3.7]   \u2601  git clone 'https://github.com/actions/setup-python' # ref=v2\n[d755414a-3cf3-45fb-9088-8c08a9dd078d/source check                      ]   \u2601  git clone 'https://github.com/actions/setup-python' # ref=v2\n[d755414a-3cf3-45fb-9088-8c08a9dd078d/sdist on ubuntu-latest with py 3.7]   \u2601  git clone 'https://github.com/actions/upload-artifact' # ref=v2\n[d755414a-3cf3-45fb-9088-8c08a9dd078d/source check                      ] \u2b50 Run Main actions/checkout@v2\n[d755414a-3cf3-45fb-9088-8c08a9dd078d/source check                      ]   \u2705  Success - Main actions/checkout@v2\n[d755414a-3cf3-45fb-9088-8c08a9dd078d/source check                      ] \u2b50 Run Main Set up Python 3.8\n[d755414a-3cf3-45fb-9088-8c08a9dd078d/source check                      ]   \ud83d\udc33  docker cp src=/tmp/act-cache/81b47576-c9e2-4f2f-8872-fde751ae54db/act/actions-setup-python@v2/ dst=/var/run/act/actions/actions-setup-python@v2/\n[d755414a-3cf3-45fb-9088-8c08a9dd078d/source check                      ]   \ud83d\udc33  docker exec cmd=[chown -R 1012:1013 /var/run/act/actions/actions-setup-python@v2/] user=0 workdir=\n[d755414a-3cf3-45fb-9088-8c08a9dd078d/sdist on ubuntu-latest with py 3.7] \ud83e\uddea  Matrix: map[os:ubuntu-latest python-version:3.7]\n[d755414a-3cf3-45fb-9088-8c08a9dd078d/sdist on ubuntu-latest with py 3.7] \u2b50 Run Main actions/checkout@v2\n[d755414a-3cf3-45fb-9088-8c08a9dd078d/sdist on ubuntu-latest with py 3.7]   \u2705  Success - Main actions/checkout@v2\n[d755414a-3cf3-45fb-9088-8c08a9dd078d/sdist on ubuntu-latest with py 3.7] \u2b50 Run Main Set up Python 3.7\n[d755414a-3cf3-45fb-9088-8c08a9dd078d/sdist on ubuntu-latest with py 3.7]   \ud83d\udc33  docker cp src=/tmp/act-cache/81b47576-c9e2-4f2f-8872-fde751ae54db/act/actions-setup-python@v2/ dst=/var/run/act/actions/actions-setup-python@v2/\n[d755414a-3cf3-45fb-9088-8c08a9dd078d/sdist on ubuntu-latest with py 3.7]   \ud83d\udc33  docker exec cmd=[chown -R 1012:1013 /var/run/act/actions/actions-setup-python@v2/] user=0 workdir=\n[d755414a-3cf3-45fb-9088-8c08a9dd078d/source check                      ]   \ud83d\udc33  docker exec cmd=[node /var/run/act/actions/actions-setup-python@v2/dist/setup/index.js] user= workdir=\n[d755414a-3cf3-45fb-9088-8c08a9dd078d/sdist on ubuntu-latest with py 3.7]   \ud83d\udc33  docker exec cmd=[node /var/run/act/actions/actions-setup-python@v2/dist/setup/index.js] user= workdir=\n[d755414a-3cf3-45fb-9088-8c08a9dd078d/source check                      ]   \ud83d\udcac  ::debug::Semantic version spec of 3.8 is 3.8\n[d755414a-3cf3-45fb-9088-8c08a9dd078d/source check                      ]   \ud83d\udcac  ::debug::isExplicit: \n[d755414a-3cf3-45fb-9088-8c08a9dd078d/source check                      ]   \ud83d\udcac  ::debug::explicit? false\n[d755414a-3cf3-45fb-9088-8c08a9dd078d/source check                      ]   \ud83d\udcac  ::debug::isExplicit: 2.7.18\n[d755414a-3cf3-45fb-9088-8c08a9dd078d/source check                      ]   \ud83d\udcac  ::debug::explicit? true\n[d755414a-3cf3-45fb-9088-8c08a9dd078d/source check                      ]   \ud83d\udcac  ::debug::isExplicit: 3.5.10\n[d755414a-3cf3-45fb-9088-8c08a9dd078d/source check                      ]   \ud83d\udcac  ::debug::explicit? true\n[d755414a-3cf3-45fb-9088-8c08a9dd078d/source check                      ]   \ud83d\udcac  ::debug::isExplicit: 3.6.14\n[d755414a-3cf3-45fb-9088-8c08a9dd078d/source check                      ]   \ud83d\udcac  ::debug::explicit? true\n[d755414a-3cf3-45fb-9088-8c08a9dd078d/source check                      ]   \ud83d\udcac  ::debug::isExplicit: 3.7.11\n[d755414a-3cf3-45fb-9088-8c08a9dd078d/source check                      ]   \ud83d\udcac  ::debug::explicit? true\n[d755414a-3cf3-45fb-9088-8c08a9dd078d/source check                      ]   \ud83d\udcac  ::debug::isExplicit: 3.8.11\n[d755414a-3cf3-45fb-9088-8c08a9dd078d/source check                      ]   \ud83d\udcac  ::debug::explicit? true\n[d755414a-3cf3-45fb-9088-8c08a9dd078d/source check                      ]   \ud83d\udcac  ::debug::isExplicit: 3.9.6\n[d755414a-3cf3-45fb-9088-8c08a9dd078d/source check                      ]   \ud83d\udcac  ::debug::explicit? true\n[d755414a-3cf3-45fb-9088-8c08a9dd078d/source check                      ]   \ud83d\udcac  ::debug::evaluating 6 versions\n[d755414a-3cf3-45fb-9088-8c08a9dd078d/source check                      ]   \ud83d\udcac  ::debug::matched: 3.8.11\n[d755414a-3cf3-45fb-9088-8c08a9dd078d/source check                      ]   \ud83d\udcac  ::debug::checking cache: /opt/hostedtoolcache/Python/3.8.11/x64\n[d755414a-3cf3-45fb-9088-8c08a9dd078d/source check                      ]   \ud83d\udcac  ::debug::Found tool in cache Python 3.8.11 x64\n[d755414a-3cf3-45fb-9088-8c08a9dd078d/source check                      ]   | Successfully setup CPython (3.8.11)\n[d755414a-3cf3-45fb-9088-8c08a9dd078d/source check                      ]   \u2753 add-matcher /run/act/actions/actions-setup-python@v2/.github/python.json\n[d755414a-3cf3-45fb-9088-8c08a9dd078d/source check                      ]   \u2705  Success - Main Set up Python 3.8\n[d755414a-3cf3-45fb-9088-8c08a9dd078d/sdist on ubuntu-latest with py 3.7]   \ud83d\udcac  ::debug::Semantic version spec of 3.7 is 3.7\n[d755414a-3cf3-45fb-9088-8c08a9dd078d/sdist on ubuntu-latest with py 3.7]   \ud83d\udcac  ::debug::isExplicit: \n[d755414a-3cf3-45fb-9088-8c08a9dd078d/sdist on ubuntu-latest with py 3.7]   \ud83d\udcac  ::debug::explicit? false\n[d755414a-3cf3-45fb-9088-8c08a9dd078d/sdist on ubuntu-latest with py 3.7]   \ud83d\udcac  ::debug::isExplicit: 2.7.18\n[d755414a-3cf3-45fb-9088-8c08a9dd078d/sdist on ubuntu-latest with py 3.7]   \ud83d\udcac  ::debug::explicit? true\n[d755414a-3cf3-45fb-9088-8c08a9dd078d/sdist on ubuntu-latest with py 3.7]   \ud83d\udcac  ::debug::isExplicit: 3.5.10\n[d755414a-3cf3-45fb-9088-8c08a9dd078d/sdist on ubuntu-latest with py 3.7]   \ud83d\udcac  ::debug::explicit? true\n[d755414a-3cf3-45fb-9088-8c08a9dd078d/sdist on ubuntu-latest with py 3.7]   \ud83d\udcac  ::debug::isExplicit: 3.6.14\n[d755414a-3cf3-45fb-9088-8c08a9dd078d/sdist on ubuntu-latest with py 3.7]   \ud83d\udcac  ::debug::explicit? true\n[d755414a-3cf3-45fb-9088-8c08a9dd078d/sdist on ubuntu-latest with py 3.7]   \ud83d\udcac  ::debug::isExplicit: 3.7.11\n[d755414a-3cf3-45fb-9088-8c08a9dd078d/sdist on ubuntu-latest with py 3.7]   \ud83d\udcac  ::debug::explicit? true\n[d755414a-3cf3-45fb-9088-8c08a9dd078d/sdist on ubuntu-latest with py 3.7]   \ud83d\udcac  ::debug::isExplicit: 3.8.11\n[d755414a-3cf3-45fb-9088-8c08a9dd078d/sdist on ubuntu-latest with py 3.7]   \ud83d\udcac  ::debug::explicit? true\n[d755414a-3cf3-45fb-9088-8c08a9dd078d/sdist on ubuntu-latest with py 3.7]   \ud83d\udcac  ::debug::isExplicit: 3.9.6\n[d755414a-3cf3-45fb-9088-8c08a9dd078d/sdist on ubuntu-latest with py 3.7]   \ud83d\udcac  ::debug::explicit? true\n[d755414a-3cf3-45fb-9088-8c08a9dd078d/sdist on ubuntu-latest with py 3.7]   \ud83d\udcac  ::debug::evaluating 6 versions\n[d755414a-3cf3-45fb-9088-8c08a9dd078d/sdist on ubuntu-latest with py 3.7]   \ud83d\udcac  ::debug::matched: 3.7.11\n[d755414a-3cf3-45fb-9088-8c08a9dd078d/sdist on ubuntu-latest with py 3.7]   \ud83d\udcac  ::debug::checking cache: /opt/hostedtoolcache/Python/3.7.11/x64\n[d755414a-3cf3-45fb-9088-8c08a9dd078d/sdist on ubuntu-latest with py 3.7]   \ud83d\udcac  ::debug::Found tool in cache Python 3.7.11 x64\n[d755414a-3cf3-45fb-9088-8c08a9dd078d/sdist on ubuntu-latest with py 3.7]   | Successfully setup CPython (3.7.11)\n[d755414a-3cf3-45fb-9088-8c08a9dd078d/sdist on ubuntu-latest with py 3.7]   \u2753 add-matcher /run/act/actions/actions-setup-python@v2/.github/python.json\n[d755414a-3cf3-45fb-9088-8c08a9dd078d/sdist on ubuntu-latest with py 3.7]   \u2705  Success - Main Set up Python 3.7\n[d755414a-3cf3-45fb-9088-8c08a9dd078d/sdist on ubuntu-latest with py 3.7]   \u2699  ::set-env:: pythonLocation=/opt/hostedtoolcache/Python/3.7.11/x64\n[d755414a-3cf3-45fb-9088-8c08a9dd078d/sdist on ubuntu-latest with py 3.7]   \u2699  ::set-env:: LD_LIBRARY_PATH=/opt/hostedtoolcache/Python/3.7.11/x64/lib\n[d755414a-3cf3-45fb-9088-8c08a9dd078d/source check                      ]   \u2699  ::set-env:: pythonLocation=/opt/hostedtoolcache/Python/3.8.11/x64\n[d755414a-3cf3-45fb-9088-8c08a9dd078d/source check                      ]   \u2699  ::set-env:: LD_LIBRARY_PATH=/opt/hostedtoolcache/Python/3.8.11/x64/lib\n[d755414a-3cf3-45fb-9088-8c08a9dd078d/sdist on ubuntu-latest with py 3.7]   \u2699  ::set-output:: python-version=3.7.11\n[d755414a-3cf3-45fb-9088-8c08a9dd078d/source check                      ]   \u2699  ::set-output:: python-version=3.8.11\n[d755414a-3cf3-45fb-9088-8c08a9dd078d/sdist on ubuntu-latest with py 3.7]   \u2699  ::add-path:: /opt/hostedtoolcache/Python/3.7.11/x64\n[d755414a-3cf3-45fb-9088-8c08a9dd078d/sdist on ubuntu-latest with py 3.7]   \u2699  ::add-path:: /opt/hostedtoolcache/Python/3.7.11/x64/bin\n[d755414a-3cf3-45fb-9088-8c08a9dd078d/source check                      ]   \u2699  ::add-path:: /opt/hostedtoolcache/Python/3.8.11/x64\n[d755414a-3cf3-45fb-9088-8c08a9dd078d/source check                      ]   \u2699  ::add-path:: /opt/hostedtoolcache/Python/3.8.11/x64/bin\n[d755414a-3cf3-45fb-9088-8c08a9dd078d/sdist on ubuntu-latest with py 3.7] \u2b50 Run Main Install dependencies\n[d755414a-3cf3-45fb-9088-8c08a9dd078d/source check                      ] \u2b50 Run Main Install dependencies\n[d755414a-3cf3-45fb-9088-8c08a9dd078d/sdist on ubuntu-latest with py 3.7]   \ud83d\udc33  docker exec cmd=[bash --noprofile --norc -e -o pipefail /var/run/act/workflow/2] user= workdir=\n[d755414a-3cf3-45fb-9088-8c08a9dd078d/source check                      ]   \ud83d\udc33  docker exec cmd=[bash --noprofile --norc -e -o pipefail /var/run/act/workflow/2] user= workdir=\n[d755414a-3cf3-45fb-9088-8c08a9dd078d/source check                      ]   | Requirement already satisfied: pip in /opt/hostedtoolcache/Python/3.8.11/x64/lib/python3.8/site-packages (21.2.4)\n[d755414a-3cf3-45fb-9088-8c08a9dd078d/sdist on ubuntu-latest with py 3.7]   | Requirement already satisfied: pip in /opt/hostedtoolcache/Python/3.7.11/x64/lib/python3.7/site-packages (21.2.4)\n[d755414a-3cf3-45fb-9088-8c08a9dd078d/source check                      ]   | Collecting pip\n[d755414a-3cf3-45fb-9088-8c08a9dd078d/source check                      ]   |   Downloading pip-23.1.2-py3-none-any.whl (2.1 MB)\n[d755414a-3cf3-45fb-9088-8c08a9dd078d/sdist on ubuntu-latest with py 3.7]   | Collecting pip\n[d755414a-3cf3-45fb-9088-8c08a9dd078d/source check                      ]   | Installing collected packages: pip\n[d755414a-3cf3-45fb-9088-8c08a9dd078d/source check                      ]   |   Attempting uninstall: pip\n[d755414a-3cf3-45fb-9088-8c08a9dd078d/source check                      ]   |     Found existing installation: pip 21.2.4\n[d755414a-3cf3-45fb-9088-8c08a9dd078d/sdist on ubuntu-latest with py 3.7]   |   Downloading pip-23.1.2-py3-none-any.whl (2.1 MB)\n[d755414a-3cf3-45fb-9088-8c08a9dd078d/sdist on ubuntu-latest with py 3.7]   | Installing collected packages: pip\n[d755414a-3cf3-45fb-9088-8c08a9dd078d/sdist on ubuntu-latest with py 3.7]   |   Attempting uninstall: pip\n[d755414a-3cf3-45fb-9088-8c08a9dd078d/sdist on ubuntu-latest with py 3.7]   |     Found existing installation: pip 21.2.4\n[d755414a-3cf3-45fb-9088-8c08a9dd078d/source check                      ]   |     Uninstalling pip-21.2.4:\n[d755414a-3cf3-45fb-9088-8c08a9dd078d/sdist on ubuntu-latest with py 3.7]   |     Uninstalling pip-21.2.4:\n[d755414a-3cf3-45fb-9088-8c08a9dd078d/source check                      ]   |       Successfully uninstalled pip-21.2.4\n[d755414a-3cf3-45fb-9088-8c08a9dd078d/sdist on ubuntu-latest with py 3.7]   |       Successfully uninstalled pip-21.2.4\n[d755414a-3cf3-45fb-9088-8c08a9dd078d/source check                      ]   | Successfully installed pip-23.1.2\n[d755414a-3cf3-45fb-9088-8c08a9dd078d/source check                      ]   | Collecting black\n[d755414a-3cf3-45fb-9088-8c08a9dd078d/source check                      ]   |   Downloading black-23.3.0-cp38-cp38-manylinux_2_17_x86_64.manylinux2014_x86_64.whl (1.6 MB)\n[d755414a-3cf3-45fb-9088-8c08a9dd078d/source check                      ]   |      \u2501\u2501\u2501\u2501\u2501\u2501\u2501\u2501\u2501\u2501\u2501\u2501\u2501\u2501\u2501\u2501\u2501\u2501\u2501\u2501\u2501\u2501\u2501\u2501\u2501\u2501\u2501\u2501\u2501\u2501\u2501\u2501\u2501\u2501\u2501\u2501\u2501\u2501\u2501\u2501 1.6/1.6 MB 29.0 MB/s eta 0:00:00\n[d755414a-3cf3-45fb-9088-8c08a9dd078d/source check                      ]   | Collecting isort[colors]<6\n[d755414a-3cf3-45fb-9088-8c08a9dd078d/source check                      ]   |   Downloading isort-5.12.0-py3-none-any.whl (91 kB)\n[d755414a-3cf3-45fb-9088-8c08a9dd078d/source check                      ]   |      \u2501\u2501\u2501\u2501\u2501\u2501\u2501\u2501\u2501\u2501\u2501\u2501\u2501\u2501\u2501\u2501\u2501\u2501\u2501\u2501\u2501\u2501\u2501\u2501\u2501\u2501\u2501\u2501\u2501\u2501\u2501\u2501\u2501\u2501\u2501\u2501\u2501\u2501\u2501\u2501 91.2/91.2 kB 1.6 MB/s eta 0:00:00\n[d755414a-3cf3-45fb-9088-8c08a9dd078d/source check                      ]   | Collecting click>=8.0.0 (from black)\n[d755414a-3cf3-45fb-9088-8c08a9dd078d/source check                      ]   |   Downloading click-8.1.3-py3-none-any.whl (96 kB)\n[d755414a-3cf3-45fb-9088-8c08a9dd078d/source check                      ]   |      \u2501\u2501\u2501\u2501\u2501\u2501\u2501\u2501\u2501\u2501\u2501\u2501\u2501\u2501\u2501\u2501\u2501\u2501\u2501\u2501\u2501\u2501\u2501\u2501\u2501\u2501\u2501\u2501\u2501\u2501\u2501\u2501\u2501\u2501\u2501\u2501\u2501\u2501\u2501\u2501 96.6/96.6 kB 3.4 MB/s eta 0:00:00\n[d755414a-3cf3-45fb-9088-8c08a9dd078d/source check                      ]   | Collecting mypy-extensions>=0.4.3 (from black)\n[d755414a-3cf3-45fb-9088-8c08a9dd078d/source check                      ]   |   Downloading mypy_extensions-1.0.0-py3-none-any.whl (4.7 kB)\n[d755414a-3cf3-45fb-9088-8c08a9dd078d/source check                      ]   | Collecting packaging>=22.0 (from black)\n[d755414a-3cf3-45fb-9088-8c08a9dd078d/source check                      ]   |   Downloading packaging-23.1-py3-none-any.whl (48 kB)\n[d755414a-3cf3-45fb-9088-8c08a9dd078d/source check                      ]   |      \u2501\u2501\u2501\u2501\u2501\u2501\u2501\u2501\u2501\u2501\u2501\u2501\u2501\u2501\u2501\u2501\u2501\u2501\u2501\u2501\u2501\u2501\u2501\u2501\u2501\u2501\u2501\u2501\u2501\u2501\u2501\u2501\u2501\u2501\u2501\u2501\u2501\u2501\u2501 48.9/48.9 kB 481.7 kB/s eta 0:00:00\n[d755414a-3cf3-45fb-9088-8c08a9dd078d/source check                      ]   | Collecting pathspec>=0.9.0 (from black)\n[d755414a-3cf3-45fb-9088-8c08a9dd078d/source check                      ]   |   Downloading pathspec-0.11.1-py3-none-any.whl (29 kB)\n[d755414a-3cf3-45fb-9088-8c08a9dd078d/source check                      ]   | Collecting platformdirs>=2 (from black)\n[d755414a-3cf3-45fb-9088-8c08a9dd078d/source check                      ]   |   Downloading platformdirs-3.8.0-py3-none-any.whl (16 kB)\n[d755414a-3cf3-45fb-9088-8c08a9dd078d/source check                      ]   | Collecting tomli>=1.1.0 (from black)\n[d755414a-3cf3-45fb-9088-8c08a9dd078d/source check                      ]   |   Downloading tomli-2.0.1-py3-none-any.whl (12 kB)\n[d755414a-3cf3-45fb-9088-8c08a9dd078d/source check                      ]   | Collecting typing-extensions>=3.10.0.0 (from black)\n[d755414a-3cf3-45fb-9088-8c08a9dd078d/source check                      ]   |   Downloading typing_extensions-4.6.3-py3-none-any.whl (31 kB)\n[d755414a-3cf3-45fb-9088-8c08a9dd078d/sdist on ubuntu-latest with py 3.7]   | Successfully installed pip-23.1.2\n[d755414a-3cf3-45fb-9088-8c08a9dd078d/source check                      ]   | Collecting colorama>=0.4.3 (from isort[colors]<6)\n[d755414a-3cf3-45fb-9088-8c08a9dd078d/source check                      ]   |   Downloading colorama-0.4.6-py2.py3-none-any.whl (25 kB)\n[d755414a-3cf3-45fb-9088-8c08a9dd078d/source check                      ]   | Installing collected packages: typing-extensions, tomli, platformdirs, pathspec, packaging, mypy-extensions, isort, colorama, click, black\n[d755414a-3cf3-45fb-9088-8c08a9dd078d/source check                      ]   | Successfully installed black-23.3.0 click-8.1.3 colorama-0.4.6 isort-5.12.0 mypy-extensions-1.0.0 packaging-23.1 pathspec-0.11.1 platformdirs-3.8.0 tomli-2.0.1 typing-extensions-4.6.3\n[d755414a-3cf3-45fb-9088-8c08a9dd078d/source check                      ]   | \n[d755414a-3cf3-45fb-9088-8c08a9dd078d/source check                      ]   | [notice] A new release of pip is available: 21.1.1 -> 23.1.2\n[d755414a-3cf3-45fb-9088-8c08a9dd078d/source check                      ]   | [notice] To update, run: pip install --upgrade pip\n[d755414a-3cf3-45fb-9088-8c08a9dd078d/source check                      ]   | Obtaining file:///tmp/ad9c0f7e-1596-11ee-8a50-bb14de238602/thouska-spotpy\n[d755414a-3cf3-45fb-9088-8c08a9dd078d/source check                      ]   |   Installing build dependencies: started\n[d755414a-3cf3-45fb-9088-8c08a9dd078d/source check                      ]   |   Installing build dependencies: finished with status 'done'\n[d755414a-3cf3-45fb-9088-8c08a9dd078d/source check                      ]   |   Checking if build backend supports build_editable: started\n[d755414a-3cf3-45fb-9088-8c08a9dd078d/source check                      ]   |   Checking if build backend supports build_editable: finished with status 'done'\n[d755414a-3cf3-45fb-9088-8c08a9dd078d/source check                      ]   |   Getting requirements to build editable: started\n[d755414a-3cf3-45fb-9088-8c08a9dd078d/source check                      ]   |   Getting requirements to build editable: finished with status 'done'\n[d755414a-3cf3-45fb-9088-8c08a9dd078d/source check                      ]   |   Installing backend dependencies: started\n[d755414a-3cf3-45fb-9088-8c08a9dd078d/source check                      ]   |   Installing backend dependencies: finished with status 'done'\n[d755414a-3cf3-45fb-9088-8c08a9dd078d/source check                      ]   |   Preparing editable metadata (pyproject.toml): started\n[d755414a-3cf3-45fb-9088-8c08a9dd078d/sdist on ubuntu-latest with py 3.7]   | \n[d755414a-3cf3-45fb-9088-8c08a9dd078d/sdist on ubuntu-latest with py 3.7]   | [notice] A new release of pip is available: 20.1.1 -> 23.1.2\n[d755414a-3cf3-45fb-9088-8c08a9dd078d/sdist on ubuntu-latest with py 3.7]   | [notice] To update, run: pip install --upgrade pip\n[d755414a-3cf3-45fb-9088-8c08a9dd078d/source check                      ]   |   Preparing editable metadata (pyproject.toml): finished with status 'done'\n[d755414a-3cf3-45fb-9088-8c08a9dd078d/source check                      ]   | Collecting numpy>=1.14.5 (from spotpy==1.6.3.dev1)\n[d755414a-3cf3-45fb-9088-8c08a9dd078d/source check                      ]   |   Downloading numpy-1.24.4-cp38-cp38-manylinux_2_17_x86_64.manylinux2014_x86_64.whl (17.3 MB)\n[d755414a-3cf3-45fb-9088-8c08a9dd078d/sdist on ubuntu-latest with py 3.7]   | Obtaining file:///tmp/ad9c0f7e-1596-11ee-8a50-bb14de238602/thouska-spotpy\n[d755414a-3cf3-45fb-9088-8c08a9dd078d/sdist on ubuntu-latest with py 3.7]   |   Installing build dependencies: started\n[d755414a-3cf3-45fb-9088-8c08a9dd078d/source check                      ]   |      \u2501\u2501\u2501\u2501\u2501\u2501\u2501\u2501\u2501\u2501\u2501\u2501\u2501\u2501\u2501\u2501\u2501\u2501\u2501\u2501\u2501\u2501\u2501\u2501\u2501\u2501\u2501\u2501\u2501\u2501\u2501\u2501\u2501\u2501\u2501\u2501\u2501\u2501\u2501\u2501 17.3/17.3 MB 26.4 MB/s eta 0:00:00\n[d755414a-3cf3-45fb-9088-8c08a9dd078d/source check                      ]   | Collecting scipy>=1.5.0 (from spotpy==1.6.3.dev1)\n[d755414a-3cf3-45fb-9088-8c08a9dd078d/source check                      ]   |   Downloading scipy-1.10.1-cp38-cp38-manylinux_2_17_x86_64.manylinux2014_x86_64.whl (34.5 MB)\n[d755414a-3cf3-45fb-9088-8c08a9dd078d/source check                      ]   |      \u2501\u2501\u2501\u2501\u2501\u2501\u2501\u2501\u2501\u2501\u2501\u2501\u2501\u2501\u2501\u2501\u2501\u2501\u2501\u2501\u2501\u2501\u2501\u2501\u2501\u2501\u2501\u2501\u2501\u2501\u2501\u2501\u2501\u2501\u2501\u2501\u2501\u2501\u2501\u2501 34.5/34.5 MB 20.5 MB/s eta 0:00:00\n[d755414a-3cf3-45fb-9088-8c08a9dd078d/source check                      ]   | Building wheels for collected packages: spotpy\n[d755414a-3cf3-45fb-9088-8c08a9dd078d/source check                      ]   |   Building editable for spotpy (pyproject.toml): started\n[d755414a-3cf3-45fb-9088-8c08a9dd078d/source check                      ]   |   Building editable for spotpy (pyproject.toml): finished with status 'done'\n[d755414a-3cf3-45fb-9088-8c08a9dd078d/source check                      ]   |   Created wheel for spotpy: filename=spotpy-1.6.3.dev1-0.editable-py3-none-any.whl size=6204 sha256=c75af5bc1401a643c1413dd1f822255e6d137757a9bba188d28fc54818a03228\n[d755414a-3cf3-45fb-9088-8c08a9dd078d/source check                      ]   |   Stored in directory: /tmp/pip-ephem-wheel-cache-0x2t37du/wheels/6a/8f/6f/62f1ba96ee91df4c74dcdf13c035a2813e5c9d23c8716e6805\n[d755414a-3cf3-45fb-9088-8c08a9dd078d/source check                      ]   | Successfully built spotpy\n[d755414a-3cf3-45fb-9088-8c08a9dd078d/source check                      ]   | Installing collected packages: numpy, scipy, spotpy\n[d755414a-3cf3-45fb-9088-8c08a9dd078d/sdist on ubuntu-latest with py 3.7]   |   Installing build dependencies: finished with status 'done'\n[d755414a-3cf3-45fb-9088-8c08a9dd078d/sdist on ubuntu-latest with py 3.7]   |   Checking if build backend supports build_editable: started\n[d755414a-3cf3-45fb-9088-8c08a9dd078d/sdist on ubuntu-latest with py 3.7]   |   Checking if build backend supports build_editable: finished with status 'done'\n[d755414a-3cf3-45fb-9088-8c08a9dd078d/sdist on ubuntu-latest with py 3.7]   |   Getting requirements to build editable: started\n[d755414a-3cf3-45fb-9088-8c08a9dd078d/sdist on ubuntu-latest with py 3.7]   |   Getting requirements to build editable: finished with status 'done'\n[d755414a-3cf3-45fb-9088-8c08a9dd078d/sdist on ubuntu-latest with py 3.7]   |   Installing backend dependencies: started\n[d755414a-3cf3-45fb-9088-8c08a9dd078d/sdist on ubuntu-latest with py 3.7]   |   Installing backend dependencies: finished with status 'done'\n[d755414a-3cf3-45fb-9088-8c08a9dd078d/sdist on ubuntu-latest with py 3.7]   |   Preparing editable metadata (pyproject.toml): started\n[d755414a-3cf3-45fb-9088-8c08a9dd078d/sdist on ubuntu-latest with py 3.7]   |   Preparing editable metadata (pyproject.toml): finished with status 'done'\n[d755414a-3cf3-45fb-9088-8c08a9dd078d/sdist on ubuntu-latest with py 3.7]   | Collecting numpy>=1.14.5 (from spotpy==1.6.3.dev1)\n[d755414a-3cf3-45fb-9088-8c08a9dd078d/sdist on ubuntu-latest with py 3.7]   |   Downloading numpy-1.21.6-cp37-cp37m-manylinux_2_12_x86_64.manylinux2010_x86_64.whl (15.7 MB)\n[d755414a-3cf3-45fb-9088-8c08a9dd078d/source check                      ]   | Successfully installed numpy-1.24.4 scipy-1.10.1 spotpy-1.6.3.dev1\n[d755414a-3cf3-45fb-9088-8c08a9dd078d/source check                      ]   | \n[d755414a-3cf3-45fb-9088-8c08a9dd078d/source check                      ]   | [notice] A new release of pip is available: 21.1.1 -> 23.1.2\n[d755414a-3cf3-45fb-9088-8c08a9dd078d/source check                      ]   | [notice] To update, run: pip install --upgrade pip\n[d755414a-3cf3-45fb-9088-8c08a9dd078d/source check                      ]   \u2705  Success - Main Install dependencies\n[d755414a-3cf3-45fb-9088-8c08a9dd078d/sdist on ubuntu-latest with py 3.7]   |      \u2501\u2501\u2501\u2501\u2501\u2501\u2501\u2501\u2501\u2501\u2501\u2501\u2501\u2501\u2501\u2501\u2501\u2501\u2501\u2501\u2501\u2501\u2501\u2501\u2501\u2501\u2501\u2501\u2501\u2501\u2501\u2501\u2501\u2501\u2501\u2501\u2501\u2501\u2501\u2501 15.7/15.7 MB 8.4 MB/s eta 0:00:00\n[d755414a-3cf3-45fb-9088-8c08a9dd078d/source check                      ] \u2b50 Run Main isort check\n[d755414a-3cf3-45fb-9088-8c08a9dd078d/sdist on ubuntu-latest with py 3.7]   | Collecting scipy>=1.5.0 (from spotpy==1.6.3.dev1)\n[d755414a-3cf3-45fb-9088-8c08a9dd078d/sdist on ubuntu-latest with py 3.7]   |   Downloading scipy-1.7.3-cp37-cp37m-manylinux_2_12_x86_64.manylinux2010_x86_64.whl (38.1 MB)\n[d755414a-3cf3-45fb-9088-8c08a9dd078d/source check                      ]   \ud83d\udc33  docker exec cmd=[bash --noprofile --norc -e -o pipefail /var/run/act/workflow/3] user= workdir=\n[d755414a-3cf3-45fb-9088-8c08a9dd078d/sdist on ubuntu-latest with py 3.7]   |      \u2501\u2501\u2501\u2501\u2501\u2501\u2501\u2501\u2501\u2501\u2501\u2501\u2501\u2501\u2501\u2501\u2501\u2501\u2501\u2501\u2501\u2501\u2501\u2501\u2501\u2501\u2501\u2501\u2501\u2501\u2501\u2501\u2501\u2501\u2501\u2501\u2501\u2501\u2501\u2501 38.1/38.1 MB 27.4 MB/s eta 0:00:00\n[d755414a-3cf3-45fb-9088-8c08a9dd078d/sdist on ubuntu-latest with py 3.7]   | Collecting pytest-cov>=3 (from spotpy==1.6.3.dev1)\n[d755414a-3cf3-45fb-9088-8c08a9dd078d/sdist on ubuntu-latest with py 3.7]   |   Downloading pytest_cov-4.1.0-py3-none-any.whl (21 kB)\n[d755414a-3cf3-45fb-9088-8c08a9dd078d/sdist on ubuntu-latest with py 3.7]   | Collecting numba (from spotpy==1.6.3.dev1)\n[d755414a-3cf3-45fb-9088-8c08a9dd078d/sdist on ubuntu-latest with py 3.7]   |   Downloading numba-0.56.4-cp37-cp37m-manylinux2014_x86_64.manylinux_2_17_x86_64.whl (3.5 MB)\n[d755414a-3cf3-45fb-9088-8c08a9dd078d/sdist on ubuntu-latest with py 3.7]   |      \u2501\u2501\u2501\u2501\u2501\u2501\u2501\u2501\u2501\u2501\u2501\u2501\u2501\u2501\u2501\u2501\u2501\u2501\u2501\u2501\u2501\u2501\u2501\u2501\u2501\u2501\u2501\u2501\u2501\u2501\u2501\u2501\u2501\u2501\u2501\u2501\u2501\u2501\u2501\u2501 3.5/3.5 MB 43.6 MB/s eta 0:00:00\n[d755414a-3cf3-45fb-9088-8c08a9dd078d/sdist on ubuntu-latest with py 3.7]   | Collecting pathos (from spotpy==1.6.3.dev1)\n[d755414a-3cf3-45fb-9088-8c08a9dd078d/sdist on ubuntu-latest with py 3.7]   |   Downloading pathos-0.3.0-py3-none-any.whl (79 kB)\n[d755414a-3cf3-45fb-9088-8c08a9dd078d/sdist on ubuntu-latest with py 3.7]   |      \u2501\u2501\u2501\u2501\u2501\u2501\u2501\u2501\u2501\u2501\u2501\u2501\u2501\u2501\u2501\u2501\u2501\u2501\u2501\u2501\u2501\u2501\u2501\u2501\u2501\u2501\u2501\u2501\u2501\u2501\u2501\u2501\u2501\u2501\u2501\u2501\u2501\u2501\u2501 79.8/79.8 kB 884.6 kB/s eta 0:00:00\n[d755414a-3cf3-45fb-9088-8c08a9dd078d/sdist on ubuntu-latest with py 3.7]   | Collecting matplotlib (from spotpy==1.6.3.dev1)\n[d755414a-3cf3-45fb-9088-8c08a9dd078d/sdist on ubuntu-latest with py 3.7]   |   Downloading matplotlib-3.5.3-cp37-cp37m-manylinux_2_5_x86_64.manylinux1_x86_64.whl (11.2 MB)\n[d755414a-3cf3-45fb-9088-8c08a9dd078d/sdist on ubuntu-latest with py 3.7]   |      \u2501\u2501\u2501\u2501\u2501\u2501\u2501\u2501\u2501\u2501\u2501\u2501\u2501\u2501\u2501\u2501\u2501\u2501\u2501\u2501\u2501\u2501\u2501\u2501\u2501\u2501\u2501\u2501\u2501\u2501\u2501\u2501\u2501\u2501\u2501\u2501\u2501\u2501\u2501\u2501 11.2/11.2 MB 4.6 MB/s eta 0:00:00\n[d755414a-3cf3-45fb-9088-8c08a9dd078d/sdist on ubuntu-latest with py 3.7]   | Collecting click (from spotpy==1.6.3.dev1)\n[d755414a-3cf3-45fb-9088-8c08a9dd078d/sdist on ubuntu-latest with py 3.7]   |   Downloading click-8.1.3-py3-none-any.whl (96 kB)\n[d755414a-3cf3-45fb-9088-8c08a9dd078d/sdist on ubuntu-latest with py 3.7]   |      \u2501\u2501\u2501\u2501\u2501\u2501\u2501\u2501\u2501\u2501\u2501\u2501\u2501\u2501\u2501\u2501\u2501\u2501\u2501\u2501\u2501\u2501\u2501\u2501\u2501\u2501\u2501\u2501\u2501\u2501\u2501\u2501\u2501\u2501\u2501\u2501\u2501\u2501\u2501 96.6/96.6 kB 139.7 kB/s eta 0:00:00\n[d755414a-3cf3-45fb-9088-8c08a9dd078d/sdist on ubuntu-latest with py 3.7]   | Collecting pandas (from spotpy==1.6.3.dev1)\n[d755414a-3cf3-45fb-9088-8c08a9dd078d/sdist on ubuntu-latest with py 3.7]   |   Downloading pandas-1.3.5-cp37-cp37m-manylinux_2_17_x86_64.manylinux2014_x86_64.whl (11.3 MB)\n[d755414a-3cf3-45fb-9088-8c08a9dd078d/sdist on ubuntu-latest with py 3.7]   |      \u2501\u2501\u2501\u2501\u2501\u2501\u2501\u2501\u2501\u2501\u2501\u2501\u2501\u2501\u2501\u2501\u2501\u2501\u2501\u2501\u2501\u2501\u2501\u2501\u2501\u2501\u2501\u2501\u2501\u2501\u2501\u2501\u2501\u2501\u2501\u2501\u2501\u2501\u2501\u2501 11.3/11.3 MB 6.0 MB/s eta 0:00:00\n[d755414a-3cf3-45fb-9088-8c08a9dd078d/sdist on ubuntu-latest with py 3.7]   | Collecting tables (from spotpy==1.6.3.dev1)\n[d755414a-3cf3-45fb-9088-8c08a9dd078d/sdist on ubuntu-latest with py 3.7]   |   Downloading tables-3.7.0-cp37-cp37m-manylinux_2_17_x86_64.manylinux2014_x86_64.whl (5.9 MB)\n[d755414a-3cf3-45fb-9088-8c08a9dd078d/sdist on ubuntu-latest with py 3.7]   |      \u2501\u2501\u2501\u2501\u2501\u2501\u2501\u2501\u2501\u2501\u2501\u2501\u2501\u2501\u2501\u2501\u2501\u2501\u2501\u2501\u2501\u2501\u2501\u2501\u2501\u2501\u2501\u2501\u2501\u2501\u2501\u2501\u2501\u2501\u2501\u2501\u2501\u2501\u2501\u2501 5.9/5.9 MB 26.3 MB/s eta 0:00:00\n[d755414a-3cf3-45fb-9088-8c08a9dd078d/sdist on ubuntu-latest with py 3.7]   | Collecting docutils (from spotpy==1.6.3.dev1)\n[d755414a-3cf3-45fb-9088-8c08a9dd078d/sdist on ubuntu-latest with py 3.7]   |   Downloading docutils-0.20.1-py3-none-any.whl (572 kB)\n[d755414a-3cf3-45fb-9088-8c08a9dd078d/sdist on ubuntu-latest with py 3.7]   |      \u2501\u2501\u2501\u2501\u2501\u2501\u2501\u2501\u2501\u2501\u2501\u2501\u2501\u2501\u2501\u2501\u2501\u2501\u2501\u2501\u2501\u2501\u2501\u2501\u2501\u2501\u2501\u2501\u2501\u2501\u2501\u2501\u2501\u2501\u2501\u2501\u2501\u2501 572.7/572.7 kB 26.5 MB/s eta 0:00:00\n[d755414a-3cf3-45fb-9088-8c08a9dd078d/sdist on ubuntu-latest with py 3.7]   | Collecting pytest>=4.6 (from pytest-cov>=3->spotpy==1.6.3.dev1)\n[d755414a-3cf3-45fb-9088-8c08a9dd078d/sdist on ubuntu-latest with py 3.7]   |   Downloading pytest-7.4.0-py3-none-any.whl (323 kB)\n[d755414a-3cf3-45fb-9088-8c08a9dd078d/sdist on ubuntu-latest with py 3.7]   |      \u2501\u2501\u2501\u2501\u2501\u2501\u2501\u2501\u2501\u2501\u2501\u2501\u2501\u2501\u2501\u2501\u2501\u2501\u2501\u2501\u2501\u2501\u2501\u2501\u2501\u2501\u2501\u2501\u2501\u2501\u2501\u2501\u2501\u2501\u2501\u2501\u2501\u2501 323.6/323.6 kB 12.8 MB/s eta 0:00:00\n[d755414a-3cf3-45fb-9088-8c08a9dd078d/sdist on ubuntu-latest with py 3.7]   | Requirement already satisfied: coverage[toml]>=5.2.1 in /opt/hostedtoolcache/Python/3.7.11/x64/lib/python3.7/site-packages (from pytest-cov>=3->spotpy==1.6.3.dev1) (6.5.0)\n[d755414a-3cf3-45fb-9088-8c08a9dd078d/sdist on ubuntu-latest with py 3.7]   | Requirement already satisfied: importlib-metadata in /opt/hostedtoolcache/Python/3.7.11/x64/lib/python3.7/site-packages (from click->spotpy==1.6.3.dev1) (6.7.0)\n[d755414a-3cf3-45fb-9088-8c08a9dd078d/sdist on ubuntu-latest with py 3.7]   | Collecting cycler>=0.10 (from matplotlib->spotpy==1.6.3.dev1)\n[d755414a-3cf3-45fb-9088-8c08a9dd078d/sdist on ubuntu-latest with py 3.7]   |   Downloading cycler-0.11.0-py3-none-any.whl (6.4 kB)\n[d755414a-3cf3-45fb-9088-8c08a9dd078d/sdist on ubuntu-latest with py 3.7]   | Collecting fonttools>=4.22.0 (from matplotlib->spotpy==1.6.3.dev1)\n[d755414a-3cf3-45fb-9088-8c08a9dd078d/sdist on ubuntu-latest with py 3.7]   |   Downloading fonttools-4.38.0-py3-none-any.whl (965 kB)\n[d755414a-3cf3-45fb-9088-8c08a9dd078d/sdist on ubuntu-latest with py 3.7]   |      \u2501\u2501\u2501\u2501\u2501\u2501\u2501\u2501\u2501\u2501\u2501\u2501\u2501\u2501\u2501\u2501\u2501\u2501\u2501\u2501\u2501\u2501\u2501\u2501\u2501\u2501\u2501\u2501\u2501\u2501\u2501\u2501\u2501\u2501\u2501\u2501\u2501\u2501 965.4/965.4 kB 21.0 MB/s eta 0:00:00\n[d755414a-3cf3-45fb-9088-8c08a9dd078d/sdist on ubuntu-latest with py 3.7]   | Collecting kiwisolver>=1.0.1 (from matplotlib->spotpy==1.6.3.dev1)\n[d755414a-3cf3-45fb-9088-8c08a9dd078d/sdist on ubuntu-latest with py 3.7]   |   Downloading kiwisolver-1.4.4-cp37-cp37m-manylinux_2_5_x86_64.manylinux1_x86_64.whl (1.1 MB)\n[d755414a-3cf3-45fb-9088-8c08a9dd078d/sdist on ubuntu-latest with py 3.7]   |      \u2501\u2501\u2501\u2501\u2501\u2501\u2501\u2501\u2501\u2501\u2501\u2501\u2501\u2501\u2501\u2501\u2501\u2501\u2501\u2501\u2501\u2501\u2501\u2501\u2501\u2501\u2501\u2501\u2501\u2501\u2501\u2501\u2501\u2501\u2501\u2501\u2501\u2501\u2501\u2501 1.1/1.1 MB 11.8 MB/s eta 0:00:00\n[d755414a-3cf3-45fb-9088-8c08a9dd078d/sdist on ubuntu-latest with py 3.7]   | Requirement already satisfied: packaging>=20.0 in /opt/hostedtoolcache/Python/3.7.11/x64/lib/python3.7/site-packages (from matplotlib->spotpy==1.6.3.dev1) (23.1)\n[d755414a-3cf3-45fb-9088-8c08a9dd078d/sdist on ubuntu-latest with py 3.7]   | Collecting pillow>=6.2.0 (from matplotlib->spotpy==1.6.3.dev1)\n[d755414a-3cf3-45fb-9088-8c08a9dd078d/sdist on ubuntu-latest with py 3.7]   |   Downloading Pillow-9.5.0-cp37-cp37m-manylinux_2_28_x86_64.whl (3.4 MB)\n[d755414a-3cf3-45fb-9088-8c08a9dd078d/sdist on ubuntu-latest with py 3.7]   |      \u2501\u2501\u2501\u2501\u2501\u2501\u2501\u2501\u2501\u2501\u2501\u2501\u2501\u2501\u2501\u2501\u2501\u2501\u2501\u2501\u2501\u2501\u2501\u2501\u2501\u2501\u2501\u2501\u2501\u2501\u2501\u2501\u2501\u2501\u2501\u2501\u2501\u2501\u2501\u2501 3.4/3.4 MB 23.5 MB/s eta 0:00:00\n[d755414a-3cf3-45fb-9088-8c08a9dd078d/sdist on ubuntu-latest with py 3.7]   | Collecting pyparsing>=2.2.1 (from matplotlib->spotpy==1.6.3.dev1)\n[d755414a-3cf3-45fb-9088-8c08a9dd078d/sdist on ubuntu-latest with py 3.7]   |   Downloading pyparsing-3.1.0-py3-none-any.whl (102 kB)\n[d755414a-3cf3-45fb-9088-8c08a9dd078d/sdist on ubuntu-latest with py 3.7]   |      \u2501\u2501\u2501\u2501\u2501\u2501\u2501\u2501\u2501\u2501\u2501\u2501\u2501\u2501\u2501\u2501\u2501\u2501\u2501\u2501\u2501\u2501\u2501\u2501\u2501\u2501\u2501\u2501\u2501\u2501\u2501\u2501\u2501\u2501\u2501\u2501\u2501\u2501\u2501 102.6/102.6 kB 4.8 MB/s eta 0:00:00\n[d755414a-3cf3-45fb-9088-8c08a9dd078d/sdist on ubuntu-latest with py 3.7]   | Collecting python-dateutil>=2.7 (from matplotlib->spotpy==1.6.3.dev1)\n[d755414a-3cf3-45fb-9088-8c08a9dd078d/sdist on ubuntu-latest with py 3.7]   |   Downloading python_dateutil-2.8.2-py2.py3-none-any.whl (247 kB)\n[d755414a-3cf3-45fb-9088-8c08a9dd078d/sdist on ubuntu-latest with py 3.7]   |      \u2501\u2501\u2501\u2501\u2501\u2501\u2501\u2501\u2501\u2501\u2501\u2501\u2501\u2501\u2501\u2501\u2501\u2501\u2501\u2501\u2501\u2501\u2501\u2501\u2501\u2501\u2501\u2501\u2501\u2501\u2501\u2501\u2501\u2501\u2501\u2501\u2501\u2501\u2501 247.7/247.7 kB 2.9 MB/s eta 0:00:00\n[d755414a-3cf3-45fb-9088-8c08a9dd078d/sdist on ubuntu-latest with py 3.7]   | Collecting llvmlite<0.40,>=0.39.0dev0 (from numba->spotpy==1.6.3.dev1)\n[d755414a-3cf3-45fb-9088-8c08a9dd078d/sdist on ubuntu-latest with py 3.7]   |   Downloading llvmlite-0.39.1-cp37-cp37m-manylinux_2_17_x86_64.manylinux2014_x86_64.whl (34.6 MB)\n[d755414a-3cf3-45fb-9088-8c08a9dd078d/sdist on ubuntu-latest with py 3.7]   |      \u2501\u2501\u2501\u2501\u2501\u2501\u2501\u2501\u2501\u2501\u2501\u2501\u2501\u2501\u2501\u2501\u2501\u2501\u2501\u2501\u2501\u2501\u2501\u2501\u2501\u2501\u2501\u2501\u2501\u2501\u2501\u2501\u2501\u2501\u2501\u2501\u2501\u2501\u2501\u2501 34.6/34.6 MB 28.1 MB/s eta 0:00:00\n[d755414a-3cf3-45fb-9088-8c08a9dd078d/sdist on ubuntu-latest with py 3.7]   | Requirement already satisfied: setuptools in /opt/hostedtoolcache/Python/3.7.11/x64/lib/python3.7/site-packages (from numba->spotpy==1.6.3.dev1) (47.1.0)\n[d755414a-3cf3-45fb-9088-8c08a9dd078d/sdist on ubuntu-latest with py 3.7]   | Collecting pytz>=2017.3 (from pandas->spotpy==1.6.3.dev1)\n[d755414a-3cf3-45fb-9088-8c08a9dd078d/sdist on ubuntu-latest with py 3.7]   |   Downloading pytz-2023.3-py2.py3-none-any.whl (502 kB)\n[d755414a-3cf3-45fb-9088-8c08a9dd078d/sdist on ubuntu-latest with py 3.7]   |      \u2501\u2501\u2501\u2501\u2501\u2501\u2501\u2501\u2501\u2501\u2501\u2501\u2501\u2501\u2501\u2501\u2501\u2501\u2501\u2501\u2501\u2501\u2501\u2501\u2501\u2501\u2501\u2501\u2501\u2501\u2501\u2501\u2501\u2501\u2501\u2501\u2501\u2501 502.3/502.3 kB 27.9 MB/s eta 0:00:00\n[d755414a-3cf3-45fb-9088-8c08a9dd078d/sdist on ubuntu-latest with py 3.7]   | Collecting ppft>=1.7.6.6 (from pathos->spotpy==1.6.3.dev1)\n[d755414a-3cf3-45fb-9088-8c08a9dd078d/sdist on ubuntu-latest with py 3.7]   |   Downloading ppft-1.7.6.6-py3-none-any.whl (52 kB)\n[d755414a-3cf3-45fb-9088-8c08a9dd078d/sdist on ubuntu-latest with py 3.7]   |      \u2501\u2501\u2501\u2501\u2501\u2501\u2501\u2501\u2501\u2501\u2501\u2501\u2501\u2501\u2501\u2501\u2501\u2501\u2501\u2501\u2501\u2501\u2501\u2501\u2501\u2501\u2501\u2501\u2501\u2501\u2501\u2501\u2501\u2501\u2501\u2501\u2501\u2501\u2501\u2501 52.8/52.8 kB 5.3 MB/s eta 0:00:00\n[d755414a-3cf3-45fb-9088-8c08a9dd078d/sdist on ubuntu-latest with py 3.7]   | Collecting dill>=0.3.6 (from pathos->spotpy==1.6.3.dev1)\n[d755414a-3cf3-45fb-9088-8c08a9dd078d/sdist on ubuntu-latest with py 3.7]   |   Downloading dill-0.3.6-py3-none-any.whl (110 kB)\n[d755414a-3cf3-45fb-9088-8c08a9dd078d/sdist on ubuntu-latest with py 3.7]   |      \u2501\u2501\u2501\u2501\u2501\u2501\u2501\u2501\u2501\u2501\u2501\u2501\u2501\u2501\u2501\u2501\u2501\u2501\u2501\u2501\u2501\u2501\u2501\u2501\u2501\u2501\u2501\u2501\u2501\u2501\u2501\u2501\u2501\u2501\u2501\u2501\u2501\u2501\u2501 110.5/110.5 kB 3.1 MB/s eta 0:00:00\n[d755414a-3cf3-45fb-9088-8c08a9dd078d/sdist on ubuntu-latest with py 3.7]   | Collecting pox>=0.3.2 (from pathos->spotpy==1.6.3.dev1)\n[d755414a-3cf3-45fb-9088-8c08a9dd078d/sdist on ubuntu-latest with py 3.7]   |   Downloading pox-0.3.2-py3-none-any.whl (29 kB)\n[d755414a-3cf3-45fb-9088-8c08a9dd078d/source check                      ]   | Skipped 1 files\n[d755414a-3cf3-45fb-9088-8c08a9dd078d/source check                      ]   \u2705  Success - Main isort check\n[d755414a-3cf3-45fb-9088-8c08a9dd078d/sdist on ubuntu-latest with py 3.7]   | Collecting multiprocess>=0.70.14 (from pathos->spotpy==1.6.3.dev1)\n[d755414a-3cf3-45fb-9088-8c08a9dd078d/sdist on ubuntu-latest with py 3.7]   |   Downloading multiprocess-0.70.14-py37-none-any.whl (115 kB)\n[d755414a-3cf3-45fb-9088-8c08a9dd078d/sdist on ubuntu-latest with py 3.7]   |      \u2501\u2501\u2501\u2501\u2501\u2501\u2501\u2501\u2501\u2501\u2501\u2501\u2501\u2501\u2501\u2501\u2501\u2501\u2501\u2501\u2501\u2501\u2501\u2501\u2501\u2501\u2501\u2501\u2501\u2501\u2501\u2501\u2501\u2501\u2501\u2501\u2501\u2501 115.7/115.7 kB 11.7 MB/s eta 0:00:00\n[d755414a-3cf3-45fb-9088-8c08a9dd078d/sdist on ubuntu-latest with py 3.7]   | Collecting numexpr>=2.6.2 (from tables->spotpy==1.6.3.dev1)\n[d755414a-3cf3-45fb-9088-8c08a9dd078d/sdist on ubuntu-latest with py 3.7]   |   Downloading numexpr-2.8.4-cp37-cp37m-manylinux_2_17_x86_64.manylinux2014_x86_64.whl (379 kB)\n[d755414a-3cf3-45fb-9088-8c08a9dd078d/source check                      ] \u2b50 Run Post Set up Python 3.8\n[d755414a-3cf3-45fb-9088-8c08a9dd078d/sdist on ubuntu-latest with py 3.7]   |      \u2501\u2501\u2501\u2501\u2501\u2501\u2501\u2501\u2501\u2501\u2501\u2501\u2501\u2501\u2501\u2501\u2501\u2501\u2501\u2501\u2501\u2501\u2501\u2501\u2501\u2501\u2501\u2501\u2501\u2501\u2501\u2501\u2501\u2501\u2501\u2501\u2501\u2501\u2501 379.5/379.5 kB 1.4 MB/s eta 0:00:00\n[d755414a-3cf3-45fb-9088-8c08a9dd078d/sdist on ubuntu-latest with py 3.7]   | Requirement already satisfied: tomli in /opt/hostedtoolcache/Python/3.7.11/x64/lib/python3.7/site-packages (from coverage[toml]>=5.2.1->pytest-cov>=3->spotpy==1.6.3.dev1) (2.0.1)\n[d755414a-3cf3-45fb-9088-8c08a9dd078d/source check                      ]   \ud83d\udc33  docker exec cmd=[node /var/run/act/actions/actions-setup-python@v2/dist/cache-save/index.js] user= workdir=\n[d755414a-3cf3-45fb-9088-8c08a9dd078d/sdist on ubuntu-latest with py 3.7]   | Requirement already satisfied: typing-extensions in /opt/hostedtoolcache/Python/3.7.11/x64/lib/python3.7/site-packages (from kiwisolver>=1.0.1->matplotlib->spotpy==1.6.3.dev1) (4.6.3)\n[d755414a-3cf3-45fb-9088-8c08a9dd078d/sdist on ubuntu-latest with py 3.7]   | Collecting iniconfig (from pytest>=4.6->pytest-cov>=3->spotpy==1.6.3.dev1)\n[d755414a-3cf3-45fb-9088-8c08a9dd078d/sdist on ubuntu-latest with py 3.7]   |   Downloading iniconfig-2.0.0-py3-none-any.whl (5.9 kB)\n[d755414a-3cf3-45fb-9088-8c08a9dd078d/sdist on ubuntu-latest with py 3.7]   | Collecting pluggy<2.0,>=0.12 (from pytest>=4.6->pytest-cov>=3->spotpy==1.6.3.dev1)\n[d755414a-3cf3-45fb-9088-8c08a9dd078d/sdist on ubuntu-latest with py 3.7]   |   Downloading pluggy-1.2.0-py3-none-any.whl (17 kB)\n[d755414a-3cf3-45fb-9088-8c08a9dd078d/sdist on ubuntu-latest with py 3.7]   | Collecting exceptiongroup>=1.0.0rc8 (from pytest>=4.6->pytest-cov>=3->spotpy==1.6.3.dev1)\n[d755414a-3cf3-45fb-9088-8c08a9dd078d/sdist on ubuntu-latest with py 3.7]   |   Downloading exceptiongroup-1.1.1-py3-none-any.whl (14 kB)\n[d755414a-3cf3-45fb-9088-8c08a9dd078d/sdist on ubuntu-latest with py 3.7]   | Requirement already satisfied: zipp>=0.5 in /opt/hostedtoolcache/Python/3.7.11/x64/lib/python3.7/site-packages (from importlib-metadata->click->spotpy==1.6.3.dev1) (3.15.0)\n[d755414a-3cf3-45fb-9088-8c08a9dd078d/sdist on ubuntu-latest with py 3.7]   | Collecting six>=1.5 (from python-dateutil>=2.7->matplotlib->spotpy==1.6.3.dev1)\n[d755414a-3cf3-45fb-9088-8c08a9dd078d/sdist on ubuntu-latest with py 3.7]   |   Downloading six-1.16.0-py2.py3-none-any.whl (11 kB)\n[d755414a-3cf3-45fb-9088-8c08a9dd078d/sdist on ubuntu-latest with py 3.7]   | Building wheels for collected packages: spotpy\n[d755414a-3cf3-45fb-9088-8c08a9dd078d/sdist on ubuntu-latest with py 3.7]   |   Building editable for spotpy (pyproject.toml): started\n[d755414a-3cf3-45fb-9088-8c08a9dd078d/sdist on ubuntu-latest with py 3.7]   |   Building editable for spotpy (pyproject.toml): finished with status 'done'\n[d755414a-3cf3-45fb-9088-8c08a9dd078d/sdist on ubuntu-latest with py 3.7]   |   Created wheel for spotpy: filename=spotpy-1.6.3.dev1-0.editable-py3-none-any.whl size=6204 sha256=647baa724241ced5ecdba9f395c75eead8a46a6694d67800a64dc5fba29cfe72\n[d755414a-3cf3-45fb-9088-8c08a9dd078d/sdist on ubuntu-latest with py 3.7]   |   Stored in directory: /tmp/pip-ephem-wheel-cache-4nyro0jv/wheels/f4/57/40/7a50147369c9ca86e414263fcc980a25f806761fea0d68c1aa\n[d755414a-3cf3-45fb-9088-8c08a9dd078d/sdist on ubuntu-latest with py 3.7]   | Successfully built spotpy\n[d755414a-3cf3-45fb-9088-8c08a9dd078d/sdist on ubuntu-latest with py 3.7]   | Installing collected packages: pytz, six, pyparsing, ppft, pox, pillow, numpy, llvmlite, kiwisolver, iniconfig, fonttools, exceptiongroup, docutils, dill, cycler, scipy, python-dateutil, pluggy, numexpr, numba, multiprocess, click, tables, spotpy, pytest, pathos, pandas, matplotlib, pytest-cov\n[d755414a-3cf3-45fb-9088-8c08a9dd078d/source check                      ]   \u2705  Success - Post Set up Python 3.8\n[d755414a-3cf3-45fb-9088-8c08a9dd078d/sdist on ubuntu-latest with py 3.7]   | Successfully installed click-8.1.3 cycler-0.11.0 dill-0.3.6 docutils-0.20.1 exceptiongroup-1.1.1 fonttools-4.38.0 iniconfig-2.0.0 kiwisolver-1.4.4 llvmlite-0.39.1 matplotlib-3.5.3 multiprocess-0.70.14 numba-0.56.4 numexpr-2.8.4 numpy-1.21.6 pandas-1.3.5 pathos-0.3.0 pillow-9.5.0 pluggy-1.2.0 pox-0.3.2 ppft-1.7.6.6 pyparsing-3.1.0 pytest-7.4.0 pytest-cov-4.1.0 python-dateutil-2.8.2 pytz-2023.3 scipy-1.7.3 six-1.16.0 spotpy-1.6.3.dev1 tables-3.7.0\n[d755414a-3cf3-45fb-9088-8c08a9dd078d/sdist on ubuntu-latest with py 3.7]   | \n[d755414a-3cf3-45fb-9088-8c08a9dd078d/sdist on ubuntu-latest with py 3.7]   | [notice] A new release of pip is available: 20.1.1 -> 23.1.2\n[d755414a-3cf3-45fb-9088-8c08a9dd078d/sdist on ubuntu-latest with py 3.7]   | [notice] To update, run: pip install --upgrade pip\n[d755414a-3cf3-45fb-9088-8c08a9dd078d/sdist on ubuntu-latest with py 3.7]   \u2705  Success - Main Install dependencies\n[d755414a-3cf3-45fb-9088-8c08a9dd078d/sdist on ubuntu-latest with py 3.7] \u2b50 Run Main Run tests\n[d755414a-3cf3-45fb-9088-8c08a9dd078d/sdist on ubuntu-latest with py 3.7]   \ud83d\udc33  docker exec cmd=[bash --noprofile --norc -e -o pipefail /var/run/act/workflow/3] user= workdir=\n[d755414a-3cf3-45fb-9088-8c08a9dd078d/source check                      ] \ud83c\udfc1  Job succeeded\n[d755414a-3cf3-45fb-9088-8c08a9dd078d/sdist on ubuntu-latest with py 3.7]   | ============================= test session starts ==============================\n[d755414a-3cf3-45fb-9088-8c08a9dd078d/sdist on ubuntu-latest with py 3.7]   | platform linux -- Python 3.7.11, pytest-7.4.0, pluggy-1.2.0 -- /opt/hostedtoolcache/Python/3.7.11/x64/bin/python\n[d755414a-3cf3-45fb-9088-8c08a9dd078d/sdist on ubuntu-latest with py 3.7]   | cachedir: .pytest_cache\n[d755414a-3cf3-45fb-9088-8c08a9dd078d/sdist on ubuntu-latest with py 3.7]   | rootdir: /tmp/ad9c0f7e-1596-11ee-8a50-bb14de238602/thouska-spotpy\n[d755414a-3cf3-45fb-9088-8c08a9dd078d/sdist on ubuntu-latest with py 3.7]   | plugins: cov-4.1.0\n[d755414a-3cf3-45fb-9088-8c08a9dd078d/sdist on ubuntu-latest with py 3.7]   | collecting ... collected 243 items\n[d755414a-3cf3-45fb-9088-8c08a9dd078d/sdist on ubuntu-latest with py 3.7]   | \n[d755414a-3cf3-45fb-9088-8c08a9dd078d/sdist on ubuntu-latest with py 3.7]   | tests/test_algorithms.py::TestAlgorithms::test_abc PASSED                [  0%]\n[d755414a-3cf3-45fb-9088-8c08a9dd078d/sdist on ubuntu-latest with py 3.7]   | tests/test_algorithms.py::TestAlgorithms::test_demcz PASSED              [  0%]\n[d755414a-3cf3-45fb-9088-8c08a9dd078d/sdist on ubuntu-latest with py 3.7]   | tests/test_algorithms.py::TestAlgorithms::test_dream PASSED              [  1%]\n[d755414a-3cf3-45fb-9088-8c08a9dd078d/sdist on ubuntu-latest with py 3.7]   | tests/test_algorithms.py::TestAlgorithms::test_fast PASSED               [  1%]\n[d755414a-3cf3-45fb-9088-8c08a9dd078d/sdist on ubuntu-latest with py 3.7]   | tests/test_algorithms.py::TestAlgorithms::test_fscabc PASSED             [  2%]\n[d755414a-3cf3-45fb-9088-8c08a9dd078d/sdist on ubuntu-latest with py 3.7]   | tests/test_algorithms.py::TestAlgorithms::test_lhs PASSED                [  2%]\n[d755414a-3cf3-45fb-9088-8c08a9dd078d/sdist on ubuntu-latest with py 3.7]   | tests/test_algorithms.py::TestAlgorithms::test_list PASSED               [  2%]\n[d755414a-3cf3-45fb-9088-8c08a9dd078d/sdist on ubuntu-latest with py 3.7]   | tests/test_algorithms.py::TestAlgorithms::test_mc PASSED                 [  3%]\n[d755414a-3cf3-45fb-9088-8c08a9dd078d/sdist on ubuntu-latest with py 3.7]   | tests/test_algorithms.py::TestAlgorithms::test_mcmc PASSED               [  3%]\n[d755414a-3cf3-45fb-9088-8c08a9dd078d/sdist on ubuntu-latest with py 3.7]   | tests/test_algorithms.py::TestAlgorithms::test_mle PASSED                [  4%]\n[d755414a-3cf3-45fb-9088-8c08a9dd078d/sdist on ubuntu-latest with py 3.7]   | tests/test_algorithms.py::TestAlgorithms::test_nsgaii PASSED             [  4%]\n[d755414a-3cf3-45fb-9088-8c08a9dd078d/sdist on ubuntu-latest with py 3.7]   | tests/test_algorithms.py::TestAlgorithms::test_padds PASSED              [  4%]\n[d755414a-3cf3-45fb-9088-8c08a9dd078d/sdist on ubuntu-latest with py 3.7]   | tests/test_algorithms.py::TestAlgorithms::test_rope PASSED               [  5%]\n[d755414a-3cf3-45fb-9088-8c08a9dd078d/sdist on ubuntu-latest with py 3.7]   | tests/test_algorithms.py::TestAlgorithms::test_sa PASSED                 [  5%]\n[d755414a-3cf3-45fb-9088-8c08a9dd078d/sdist on ubuntu-latest with py 3.7]   | tests/test_algorithms.py::TestAlgorithms::test_sceua PASSED              [  6%]\n[d755414a-3cf3-45fb-9088-8c08a9dd078d/sdist on ubuntu-latest with py 3.7]   | tests/test_analyser.py::TestAnalyser::test__geweke PASSED                [  6%]\n[d755414a-3cf3-45fb-9088-8c08a9dd078d/sdist on ubuntu-latest with py 3.7]   | tests/test_analyser.py::TestAnalyser::test_calc_like PASSED              [  6%]\n[d755414a-3cf3-45fb-9088-8c08a9dd078d/sdist on ubuntu-latest with py 3.7]   | tests/test_analyser.py::TestAnalyser::test_compare_different_objectivefunctions PASSED [  7%]\n[d755414a-3cf3-45fb-9088-8c08a9dd078d/sdist on ubuntu-latest with py 3.7]   | tests/test_analyser.py::TestAnalyser::test_get_best_parameterset PASSED  [  7%]\n[d755414a-3cf3-45fb-9088-8c08a9dd078d/sdist on ubuntu-latest with py 3.7]   | tests/test_analyser.py::TestAnalyser::test_get_header PASSED             [  8%]\n[d755414a-3cf3-45fb-9088-8c08a9dd078d/sdist on ubuntu-latest with py 3.7]   | tests/test_analyser.py::TestAnalyser::test_get_like_fields PASSED        [  8%]\n[d755414a-3cf3-45fb-9088-8c08a9dd078d/sdist on ubuntu-latest with py 3.7]   | tests/test_analyser.py::TestAnalyser::test_get_maxlikeindex PASSED       [  9%]\n[d755414a-3cf3-45fb-9088-8c08a9dd078d/sdist on ubuntu-latest with py 3.7]   | tests/test_analyser.py::TestAnalyser::test_get_min_max PASSED            [  9%]\n[d755414a-3cf3-45fb-9088-8c08a9dd078d/sdist on ubuntu-latest with py 3.7]   | tests/test_analyser.py::TestAnalyser::test_get_minlikeindex PASSED       [  9%]\n[d755414a-3cf3-45fb-9088-8c08a9dd078d/sdist on ubuntu-latest with py 3.7]   | tests/test_analyser.py::TestAnalyser::test_get_modelruns PASSED          [ 10%]\n[d755414a-3cf3-45fb-9088-8c08a9dd078d/sdist on ubuntu-latest with py 3.7]   | tests/test_analyser.py::TestAnalyser::test_get_parameter_fields PASSED   [ 10%]\n[d755414a-3cf3-45fb-9088-8c08a9dd078d/sdist on ubuntu-latest with py 3.7]   | tests/test_analyser.py::TestAnalyser::test_get_parameternames PASSED     [ 11%]\n[d755414a-3cf3-45fb-9088-8c08a9dd078d/sdist on ubuntu-latest with py 3.7]   | tests/test_analyser.py::TestAnalyser::test_get_parameters PASSED         [ 11%]\n[d755414a-3cf3-45fb-9088-8c08a9dd078d/sdist on ubuntu-latest with py 3.7]   | tests/test_analyser.py::TestAnalyser::test_get_parbounds PASSED          [ 11%]\n[d755414a-3cf3-45fb-9088-8c08a9dd078d/sdist on ubuntu-latest with py 3.7]   | tests/test_analyser.py::TestAnalyser::test_get_percentiles PASSED        [ 12%]\n[d755414a-3cf3-45fb-9088-8c08a9dd078d/sdist on ubuntu-latest with py 3.7]   | tests/test_analyser.py::TestAnalyser::test_get_sensitivity_of_fast PASSED [ 12%]\n[d755414a-3cf3-45fb-9088-8c08a9dd078d/sdist on ubuntu-latest with py 3.7]   | tests/test_analyser.py::TestAnalyser::test_get_simulation_fields PASSED  [ 13%]\n[d755414a-3cf3-45fb-9088-8c08a9dd078d/sdist on ubuntu-latest with py 3.7]   | tests/test_analyser.py::TestAnalyser::test_plot_Geweke PASSED            [ 13%]\n[d755414a-3cf3-45fb-9088-8c08a9dd078d/sdist on ubuntu-latest with py 3.7]   | tests/test_analyser.py::TestAnalyser::test_plot_allmodelruns PASSED      [ 13%]\n[d755414a-3cf3-45fb-9088-8c08a9dd078d/sdist on ubuntu-latest with py 3.7]   | tests/test_analyser.py::TestAnalyser::test_plot_bestmodelrun PASSED      [ 14%]\n[d755414a-3cf3-45fb-9088-8c08a9dd078d/sdist on ubuntu-latest with py 3.7]   | tests/test_analyser.py::TestAnalyser::test_plot_bestmodelruns PASSED     [ 14%]\n[d755414a-3cf3-45fb-9088-8c08a9dd078d/sdist on ubuntu-latest with py 3.7]   | tests/test_analyser.py::TestAnalyser::test_plot_fast_sensitivity PASSED  [ 15%]\n[d755414a-3cf3-45fb-9088-8c08a9dd078d/sdist on ubuntu-latest with py 3.7]   | tests/test_analyser.py::TestAnalyser::test_plot_gelman_rubin PASSED      [ 15%]\n[d755414a-3cf3-45fb-9088-8c08a9dd078d/sdist on ubuntu-latest with py 3.7]   | tests/test_analyser.py::TestAnalyser::test_plot_heatmap_griewank PASSED  [ 16%]\n[d755414a-3cf3-45fb-9088-8c08a9dd078d/sdist on ubuntu-latest with py 3.7]   | tests/test_analyser.py::TestAnalyser::test_plot_objectivefunction PASSED [ 16%]\n[d755414a-3cf3-45fb-9088-8c08a9dd078d/sdist on ubuntu-latest with py 3.7]   | tests/test_analyser.py::TestAnalyser::test_plot_objectivefunctiontraces PASSED [ 16%]\n[d755414a-3cf3-45fb-9088-8c08a9dd078d/sdist on ubuntu-latest with py 3.7]   | tests/test_analyser.py::TestAnalyser::test_plot_parameterInteraction PASSED [ 17%]\n[d755414a-3cf3-45fb-9088-8c08a9dd078d/sdist on ubuntu-latest with py 3.7]   | tests/test_analyser.py::TestAnalyser::test_plot_parameter_uncertainty PASSED [ 17%]\n[d755414a-3cf3-45fb-9088-8c08a9dd078d/sdist on ubuntu-latest with py 3.7]   | tests/test_analyser.py::TestAnalyser::test_plot_parametertrace PASSED    [ 18%]\n[d755414a-3cf3-45fb-9088-8c08a9dd078d/sdist on ubuntu-latest with py 3.7]   | tests/test_analyser.py::TestAnalyser::test_plot_parametertrace_algorithms PASSED [ 18%]\n[d755414a-3cf3-45fb-9088-8c08a9dd078d/sdist on ubuntu-latest with py 3.7]   | tests/test_analyser.py::TestAnalyser::test_plot_posterior PASSED         [ 18%]\n[d755414a-3cf3-45fb-9088-8c08a9dd078d/sdist on ubuntu-latest with py 3.7]   | tests/test_analyser.py::TestAnalyser::test_plot_posterior_parametertrace PASSED [ 19%]\n[d755414a-3cf3-45fb-9088-8c08a9dd078d/sdist on ubuntu-latest with py 3.7]   | tests/test_analyser.py::TestAnalyser::test_plot_regression PASSED        [ 19%]\n[d755414a-3cf3-45fb-9088-8c08a9dd078d/sdist on ubuntu-latest with py 3.7]   | tests/test_analyser.py::TestAnalyser::test_setUp PASSED                  [ 20%]\n[d755414a-3cf3-45fb-9088-8c08a9dd078d/sdist on ubuntu-latest with py 3.7]   | tests/test_cli.py::TestCLI::test_cli_config PASSED                       [ 20%]\n[d755414a-3cf3-45fb-9088-8c08a9dd078d/sdist on ubuntu-latest with py 3.7]   | tests/test_cli.py::TestCLI::test_cli_run PASSED                          [ 20%]\n[d755414a-3cf3-45fb-9088-8c08a9dd078d/sdist on ubuntu-latest with py 3.7]   | tests/test_cli.py::TestCLI::test_config_file PASSED                      [ 21%]\n[d755414a-3cf3-45fb-9088-8c08a9dd078d/sdist on ubuntu-latest with py 3.7]   | tests/test_cli.py::TestCLI::test_sampler_from_string PASSED              [ 21%]\n[d755414a-3cf3-45fb-9088-8c08a9dd078d/sdist on ubuntu-latest with py 3.7]   | tests/test_database.py::TestDatabase::test_csv_append PASSED             [ 22%]\n[d755414a-3cf3-45fb-9088-8c08a9dd078d/sdist on ubuntu-latest with py 3.7]   | tests/test_database.py::TestDatabase::test_csv_multiline PASSED          [ 22%]\n[d755414a-3cf3-45fb-9088-8c08a9dd078d/sdist on ubuntu-latest with py 3.7]   | tests/test_database.py::TestDatabase::test_csv_multiline_false PASSED    [ 23%]\n[d755414a-3cf3-45fb-9088-8c08a9dd078d/sdist on ubuntu-latest with py 3.7]   | tests/test_database.py::TestDatabase::test_csv_single PASSED             [ 23%]\n[d755414a-3cf3-45fb-9088-8c08a9dd078d/sdist on ubuntu-latest with py 3.7]   | tests/test_database.py::TestDatabase::test_csv_single_false PASSED       [ 23%]\n[d755414a-3cf3-45fb-9088-8c08a9dd078d/sdist on ubuntu-latest with py 3.7]   | tests/test_database.py::TestDatabase::test_custom PASSED                 [ 24%]\n[d755414a-3cf3-45fb-9088-8c08a9dd078d/sdist on ubuntu-latest with py 3.7]   | tests/test_database.py::TestDatabase::test_custom_no_setup PASSED        [ 24%]\n[d755414a-3cf3-45fb-9088-8c08a9dd078d/sdist on ubuntu-latest with py 3.7]   | tests/test_database.py::TestDatabase::test_custom_wrong_setup PASSED     [ 25%]\n[d755414a-3cf3-45fb-9088-8c08a9dd078d/sdist on ubuntu-latest with py 3.7]   | tests/test_database.py::TestDatabase::test_hdf5_append PASSED            [ 25%]\n[d755414a-3cf3-45fb-9088-8c08a9dd078d/sdist on ubuntu-latest with py 3.7]   | tests/test_database.py::TestDatabase::test_hdf5_multiline PASSED         [ 25%]\n[d755414a-3cf3-45fb-9088-8c08a9dd078d/sdist on ubuntu-latest with py 3.7]   | tests/test_database.py::TestDatabase::test_hdf5_multiline_false PASSED   [ 26%]\n[d755414a-3cf3-45fb-9088-8c08a9dd078d/sdist on ubuntu-latest with py 3.7]   | tests/test_database.py::TestDatabase::test_hdf5_single PASSED            [ 26%]\n[d755414a-3cf3-45fb-9088-8c08a9dd078d/sdist on ubuntu-latest with py 3.7]   | tests/test_database.py::TestDatabase::test_hdf5_single_false PASSED      [ 27%]\n[d755414a-3cf3-45fb-9088-8c08a9dd078d/sdist on ubuntu-latest with py 3.7]   | tests/test_database.py::TestDatabase::test_noData PASSED                 [ 27%]\n[d755414a-3cf3-45fb-9088-8c08a9dd078d/sdist on ubuntu-latest with py 3.7]   | tests/test_database.py::TestDatabase::test_not_existing_dbformat PASSED  [ 27%]\n[d755414a-3cf3-45fb-9088-8c08a9dd078d/sdist on ubuntu-latest with py 3.7]   | tests/test_database.py::TestDatabase::test_ram_multiline PASSED          [ 28%]\n[d755414a-3cf3-45fb-9088-8c08a9dd078d/sdist on ubuntu-latest with py 3.7]   | tests/test_database.py::TestDatabase::test_ram_multiline_false PASSED    [ 28%]\n[d755414a-3cf3-45fb-9088-8c08a9dd078d/sdist on ubuntu-latest with py 3.7]   | tests/test_database.py::TestDatabase::test_ram_single PASSED             [ 29%]\n[d755414a-3cf3-45fb-9088-8c08a9dd078d/sdist on ubuntu-latest with py 3.7]   | tests/test_database.py::TestDatabase::test_ram_single_false PASSED       [ 29%]\n[d755414a-3cf3-45fb-9088-8c08a9dd078d/sdist on ubuntu-latest with py 3.7]   | tests/test_database.py::TestDatabase::test_sql_multiline PASSED          [ 30%]\n[d755414a-3cf3-45fb-9088-8c08a9dd078d/sdist on ubuntu-latest with py 3.7]   | tests/test_database.py::TestDatabase::test_sql_multiline_false PASSED    [ 30%]\n[d755414a-3cf3-45fb-9088-8c08a9dd078d/sdist on ubuntu-latest with py 3.7]   | tests/test_database.py::TestDatabase::test_sql_single PASSED             [ 30%]\n[d755414a-3cf3-45fb-9088-8c08a9dd078d/sdist on ubuntu-latest with py 3.7]   | tests/test_database.py::TestDatabase::test_sql_single_false PASSED       [ 31%]\n[d755414a-3cf3-45fb-9088-8c08a9dd078d/sdist on ubuntu-latest with py 3.7]   | tests/test_dds.py::TestDDS::test_bounds PASSED                           [ 31%]\n[d755414a-3cf3-45fb-9088-8c08a9dd078d/sdist on ubuntu-latest with py 3.7]   | tests/test_dds.py::TestDDS::test_own_initial_out_of_borders_ackley_1 PASSED [ 32%]\n[d755414a-3cf3-45fb-9088-8c08a9dd078d/sdist on ubuntu-latest with py 3.7]   | tests/test_dds.py::TestDDS::test_own_initial_too_lees PASSED             [ 32%]\n[d755414a-3cf3-45fb-9088-8c08a9dd078d/sdist on ubuntu-latest with py 3.7]   | tests/test_dds.py::TestDDS::test_own_initial_too_much PASSED             [ 32%]\n[d755414a-3cf3-45fb-9088-8c08a9dd078d/sdist on ubuntu-latest with py 3.7]   | tests/test_dds.py::TestDDS::test_run_1 PASSED                            [ 33%]\n[d755414a-3cf3-45fb-9088-8c08a9dd078d/sdist on ubuntu-latest with py 3.7]   | tests/test_dds.py::TestDDS::test_run_2 PASSED                            [ 33%]\n[d755414a-3cf3-45fb-9088-8c08a9dd078d/sdist on ubuntu-latest with py 3.7]   | tests/test_dds.py::TestDDS::test_run_3 PASSED                            [ 34%]\n[d755414a-3cf3-45fb-9088-8c08a9dd078d/sdist on ubuntu-latest with py 3.7]   | tests/test_dds.py::TestDDS::test_run_4 PASSED                            [ 34%]\n[d755414a-3cf3-45fb-9088-8c08a9dd078d/sdist on ubuntu-latest with py 3.7]   | tests/test_dds.py::TestDDS::test_run_5 PASSED                            [ 34%]\n[d755414a-3cf3-45fb-9088-8c08a9dd078d/sdist on ubuntu-latest with py 3.7]   | tests/test_dds.py::TestDDS::test_run_6 PASSED                            [ 35%]\n[d755414a-3cf3-45fb-9088-8c08a9dd078d/sdist on ubuntu-latest with py 3.7]   | tests/test_dds.py::TestDDS::test_run_own_initial_1 PASSED                [ 35%]\n[d755414a-3cf3-45fb-9088-8c08a9dd078d/sdist on ubuntu-latest with py 3.7]   | tests/test_dds.py::TestDDS::test_run_own_initial_2 PASSED                [ 36%]\n[d755414a-3cf3-45fb-9088-8c08a9dd078d/sdist on ubuntu-latest with py 3.7]   | tests/test_describe.py::TestDescribe::test_all_algorithms PASSED         [ 36%]\n[d755414a-3cf3-45fb-9088-8c08a9dd078d/sdist on ubuntu-latest with py 3.7]   | tests/test_describe.py::TestDescribe::test_mc_sampler PASSED             [ 37%]\n[d755414a-3cf3-45fb-9088-8c08a9dd078d/sdist on ubuntu-latest with py 3.7]   | tests/test_describe.py::TestDescribe::test_rope_sampler PASSED           [ 37%]\n[d755414a-3cf3-45fb-9088-8c08a9dd078d/sdist on ubuntu-latest with py 3.7]   | tests/test_describe.py::TestDescribe::test_setup PASSED                  [ 37%]\n[d755414a-3cf3-45fb-9088-8c08a9dd078d/sdist on ubuntu-latest with py 3.7]   | tests/test_describe.py::TestDescribeRst::test_sampler_rst PASSED         [ 38%]\n[d755414a-3cf3-45fb-9088-8c08a9dd078d/sdist on ubuntu-latest with py 3.7]   | tests/test_describe.py::TestDescribeRst::test_setup_rst PASSED           [ 38%]\n[d755414a-3cf3-45fb-9088-8c08a9dd078d/sdist on ubuntu-latest with py 3.7]   | tests/test_fast.py::TestFast::test_fast PASSED                           [ 39%]\n[d755414a-3cf3-45fb-9088-8c08a9dd078d/sdist on ubuntu-latest with py 3.7]   | tests/test_gui_mpl.py::TestGuiMpl::test_clear PASSED                     [ 39%]\n[d755414a-3cf3-45fb-9088-8c08a9dd078d/sdist on ubuntu-latest with py 3.7]   | tests/test_gui_mpl.py::TestGuiMpl::test_run PASSED                       [ 39%]\n[d755414a-3cf3-45fb-9088-8c08a9dd078d/sdist on ubuntu-latest with py 3.7]   | tests/test_gui_mpl.py::TestGuiMpl::test_setup PASSED                     [ 40%]\n[d755414a-3cf3-45fb-9088-8c08a9dd078d/sdist on ubuntu-latest with py 3.7]   | tests/test_gui_mpl.py::TestGuiMpl::test_sliders PASSED                   [ 40%]\n[d755414a-3cf3-45fb-9088-8c08a9dd078d/sdist on ubuntu-latest with py 3.7]   | tests/test_likelihood.py::TestLikelihood::test_ABCBoxcarLikelihood PASSED [ 41%]\n[d755414a-3cf3-45fb-9088-8c08a9dd078d/sdist on ubuntu-latest with py 3.7]   | tests/test_likelihood.py::TestLikelihood::test_ExponentialTransformErrVarShapingFactor PASSED [ 41%]\n[d755414a-3cf3-45fb-9088-8c08a9dd078d/sdist on ubuntu-latest with py 3.7]   | tests/test_likelihood.py::TestLikelihood::test_InverseErrorVarianceShapingFactor PASSED [ 41%]\n[d755414a-3cf3-45fb-9088-8c08a9dd078d/sdist on ubuntu-latest with py 3.7]   | tests/test_likelihood.py::TestLikelihood::test_LaplacianLikelihood PASSED [ 42%]\n[d755414a-3cf3-45fb-9088-8c08a9dd078d/sdist on ubuntu-latest with py 3.7]   | tests/test_likelihood.py::TestLikelihood::test_LikelihoodAR1NoC PASSED   [ 42%]\n[d755414a-3cf3-45fb-9088-8c08a9dd078d/sdist on ubuntu-latest with py 3.7]   | tests/test_likelihood.py::TestLikelihood::test_LikelihoodAR1WithC PASSED [ 43%]\n[d755414a-3cf3-45fb-9088-8c08a9dd078d/sdist on ubuntu-latest with py 3.7]   | tests/test_likelihood.py::TestLikelihood::test_LimitsOfAcceptability PASSED [ 43%]\n[d755414a-3cf3-45fb-9088-8c08a9dd078d/sdist on ubuntu-latest with py 3.7]   | tests/test_likelihood.py::TestLikelihood::test_NashSutcliffeEfficiencyShapingFactor PASSED [ 44%]\n[d755414a-3cf3-45fb-9088-8c08a9dd078d/sdist on ubuntu-latest with py 3.7]   | tests/test_likelihood.py::TestLikelihood::test_NoisyABCGaussianLikelihood PASSED [ 44%]\n[d755414a-3cf3-45fb-9088-8c08a9dd078d/sdist on ubuntu-latest with py 3.7]   | tests/test_likelihood.py::TestLikelihood::test_SkewedStudentLikelihoodHeteroscedastic PASSED [ 44%]\n[d755414a-3cf3-45fb-9088-8c08a9dd078d/sdist on ubuntu-latest with py 3.7]   | tests/test_likelihood.py::TestLikelihood::test_SkewedStudentLikelihoodHeteroscedasticAdvancedARModel PASSED [ 45%]\n[d755414a-3cf3-45fb-9088-8c08a9dd078d/sdist on ubuntu-latest with py 3.7]   | tests/test_likelihood.py::TestLikelihood::test_SkewedStudentLikelihoodHomoscedastic PASSED [ 45%]\n[d755414a-3cf3-45fb-9088-8c08a9dd078d/sdist on ubuntu-latest with py 3.7]   | tests/test_likelihood.py::TestLikelihood::test_gaussianLikelihoodHomoHeteroDataError PASSED [ 46%]\n[d755414a-3cf3-45fb-9088-8c08a9dd078d/sdist on ubuntu-latest with py 3.7]   | tests/test_likelihood.py::TestLikelihood::test_gaussianLikelihoodMeasErrorOut PASSED [ 46%]\n[d755414a-3cf3-45fb-9088-8c08a9dd078d/sdist on ubuntu-latest with py 3.7]   | tests/test_likelihood.py::TestLikelihood::test_generalizedLikelihoodFunction PASSED [ 46%]\n[d755414a-3cf3-45fb-9088-8c08a9dd078d/sdist on ubuntu-latest with py 3.7]   | tests/test_likelihood.py::TestLikelihood::test_logLikelihood PASSED      [ 47%]\n[d755414a-3cf3-45fb-9088-8c08a9dd078d/sdist on ubuntu-latest with py 3.7]   | tests/test_likelihood.py::TestLikelihood::test_sumOfAbsoluteErrorResiduals PASSED [ 47%]\n[d755414a-3cf3-45fb-9088-8c08a9dd078d/sdist on ubuntu-latest with py 3.7]   | tests/test_list_and_constant_parameters_with_samplers.py::TestConstantSetups::test_abc_sampler PASSED [ 48%]\n[d755414a-3cf3-45fb-9088-8c08a9dd078d/sdist on ubuntu-latest with py 3.7]   | tests/test_list_and_constant_parameters_with_samplers.py::TestConstantSetups::test_demcz_sampler PASSED [ 48%]\n[d755414a-3cf3-45fb-9088-8c08a9dd078d/sdist on ubuntu-latest with py 3.7]   | tests/test_list_and_constant_parameters_with_samplers.py::TestConstantSetups::test_dream_sampler PASSED [ 48%]\n[d755414a-3cf3-45fb-9088-8c08a9dd078d/sdist on ubuntu-latest with py 3.7]   | tests/test_list_and_constant_parameters_with_samplers.py::TestConstantSetups::test_fscabc_sampler PASSED [ 49%]\n[d755414a-3cf3-45fb-9088-8c08a9dd078d/sdist on ubuntu-latest with py 3.7]   | tests/test_list_and_constant_parameters_with_samplers.py::TestConstantSetups::test_lhs_sampler PASSED [ 49%]\n[d755414a-3cf3-45fb-9088-8c08a9dd078d/sdist on ubuntu-latest with py 3.7]   | tests/test_list_and_constant_parameters_with_samplers.py::TestConstantSetups::test_mc_sampler PASSED [ 50%]\n[d755414a-3cf3-45fb-9088-8c08a9dd078d/sdist on ubuntu-latest with py 3.7]   | tests/test_list_and_constant_parameters_with_samplers.py::TestConstantSetups::test_mcmc_sampler PASSED [ 50%]\n[d755414a-3cf3-45fb-9088-8c08a9dd078d/sdist on ubuntu-latest with py 3.7]   | tests/test_list_and_constant_parameters_with_samplers.py::TestConstantSetups::test_mle_sampler PASSED [ 51%]\n[d755414a-3cf3-45fb-9088-8c08a9dd078d/sdist on ubuntu-latest with py 3.7]   | tests/test_list_and_constant_parameters_with_samplers.py::TestConstantSetups::test_rope_sampler PASSED [ 51%]\n[d755414a-3cf3-45fb-9088-8c08a9dd078d/sdist on ubuntu-latest with py 3.7]   | tests/test_list_and_constant_parameters_with_samplers.py::TestConstantSetups::test_sa_sampler PASSED [ 51%]\n[d755414a-3cf3-45fb-9088-8c08a9dd078d/sdist on ubuntu-latest with py 3.7]   | tests/test_list_and_constant_parameters_with_samplers.py::TestConstantSetups::test_sceua_sampler PASSED [ 52%]\n[d755414a-3cf3-45fb-9088-8c08a9dd078d/sdist on ubuntu-latest with py 3.7]   | tests/test_objectivefunctions.py::TestObjectiveFunctions::test_agreementindex PASSED [ 52%]\n[d755414a-3cf3-45fb-9088-8c08a9dd078d/sdist on ubuntu-latest with py 3.7]   | tests/test_objectivefunctions.py::TestObjectiveFunctions::test_agreementindex_with_self_is_one PASSED [ 53%]\n[d755414a-3cf3-45fb-9088-8c08a9dd078d/sdist on ubuntu-latest with py 3.7]   | tests/test_objectivefunctions.py::TestObjectiveFunctions::test_bias PASSED [ 53%]\n[d755414a-3cf3-45fb-9088-8c08a9dd078d/sdist on ubuntu-latest with py 3.7]   | tests/test_objectivefunctions.py::TestObjectiveFunctions::test_correlationcoefficient_for_perfect_negative_is_minus_one PASSED [ 53%]\n[d755414a-3cf3-45fb-9088-8c08a9dd078d/sdist on ubuntu-latest with py 3.7]   | tests/test_objectivefunctions.py::TestObjectiveFunctions::test_correlationcoefficient_for_perfect_positive_is_one PASSED [ 54%]\n[d755414a-3cf3-45fb-9088-8c08a9dd078d/sdist on ubuntu-latest with py 3.7]   | tests/test_objectivefunctions.py::TestObjectiveFunctions::test_correlationcoefficient_random PASSED [ 54%]\n[d755414a-3cf3-45fb-9088-8c08a9dd078d/sdist on ubuntu-latest with py 3.7]   | tests/test_objectivefunctions.py::TestObjectiveFunctions::test_covariance PASSED [ 55%]\n[d755414a-3cf3-45fb-9088-8c08a9dd078d/sdist on ubuntu-latest with py 3.7]   | tests/test_objectivefunctions.py::TestObjectiveFunctions::test_covariance_with_self_is_variance PASSED [ 55%]\n[d755414a-3cf3-45fb-9088-8c08a9dd078d/sdist on ubuntu-latest with py 3.7]   | tests/test_objectivefunctions.py::TestObjectiveFunctions::test_decomposed_mse PASSED [ 55%]\n[d755414a-3cf3-45fb-9088-8c08a9dd078d/sdist on ubuntu-latest with py 3.7]   | tests/test_objectivefunctions.py::TestObjectiveFunctions::test_kge PASSED [ 56%]\n[d755414a-3cf3-45fb-9088-8c08a9dd078d/sdist on ubuntu-latest with py 3.7]   | tests/test_objectivefunctions.py::TestObjectiveFunctions::test_kge_non_parametric PASSED [ 56%]\n[d755414a-3cf3-45fb-9088-8c08a9dd078d/sdist on ubuntu-latest with py 3.7]   | tests/test_objectivefunctions.py::TestObjectiveFunctions::test_kge_non_parametric_return_all PASSED [ 57%]\n[d755414a-3cf3-45fb-9088-8c08a9dd078d/sdist on ubuntu-latest with py 3.7]   | tests/test_objectivefunctions.py::TestObjectiveFunctions::test_kge_return_all PASSED [ 57%]\n[d755414a-3cf3-45fb-9088-8c08a9dd078d/sdist on ubuntu-latest with py 3.7]   | tests/test_objectivefunctions.py::TestObjectiveFunctions::test_length_mismatch_return_nan PASSED [ 58%]\n[d755414a-3cf3-45fb-9088-8c08a9dd078d/sdist on ubuntu-latest with py 3.7]   | tests/test_objectivefunctions.py::TestObjectiveFunctions::test_log_p PASSED [ 58%]\n[d755414a-3cf3-45fb-9088-8c08a9dd078d/sdist on ubuntu-latest with py 3.7]   | tests/test_objectivefunctions.py::TestObjectiveFunctions::test_log_p_with_default_scale PASSED [ 58%]\n[d755414a-3cf3-45fb-9088-8c08a9dd078d/sdist on ubuntu-latest with py 3.7]   | tests/test_objectivefunctions.py::TestObjectiveFunctions::test_lognashsutcliffe PASSED [ 59%]\n[d755414a-3cf3-45fb-9088-8c08a9dd078d/sdist on ubuntu-latest with py 3.7]   | tests/test_objectivefunctions.py::TestObjectiveFunctions::test_lognashsutcliffe_for_invalid_obs_is_nan PASSED [ 59%]\n[d755414a-3cf3-45fb-9088-8c08a9dd078d/sdist on ubuntu-latest with py 3.7]   | tests/test_objectivefunctions.py::TestObjectiveFunctions::test_lognashsutcliffe_with_0_values PASSED [ 60%]\n[d755414a-3cf3-45fb-9088-8c08a9dd078d/sdist on ubuntu-latest with py 3.7]   | tests/test_objectivefunctions.py::TestObjectiveFunctions::test_mae PASSED [ 60%]\n[d755414a-3cf3-45fb-9088-8c08a9dd078d/sdist on ubuntu-latest with py 3.7]   | tests/test_objectivefunctions.py::TestObjectiveFunctions::test_mae_with_self_is_zero PASSED [ 60%]\n[d755414a-3cf3-45fb-9088-8c08a9dd078d/sdist on ubuntu-latest with py 3.7]   | tests/test_objectivefunctions.py::TestObjectiveFunctions::test_mse PASSED [ 61%]\n[d755414a-3cf3-45fb-9088-8c08a9dd078d/sdist on ubuntu-latest with py 3.7]   | tests/test_objectivefunctions.py::TestObjectiveFunctions::test_mse_with_self_is_zero PASSED [ 61%]\n[d755414a-3cf3-45fb-9088-8c08a9dd078d/sdist on ubuntu-latest with py 3.7]   | tests/test_objectivefunctions.py::TestObjectiveFunctions::test_nashsutcliffe PASSED [ 62%]\n[d755414a-3cf3-45fb-9088-8c08a9dd078d/sdist on ubuntu-latest with py 3.7]   | tests/test_objectivefunctions.py::TestObjectiveFunctions::test_pbias PASSED [ 62%]\n[d755414a-3cf3-45fb-9088-8c08a9dd078d/sdist on ubuntu-latest with py 3.7]   | tests/test_objectivefunctions.py::TestObjectiveFunctions::test_rmse PASSED [ 62%]\n[d755414a-3cf3-45fb-9088-8c08a9dd078d/sdist on ubuntu-latest with py 3.7]   | tests/test_objectivefunctions.py::TestObjectiveFunctions::test_rmse_with_self_is_zero PASSED [ 63%]\n[d755414a-3cf3-45fb-9088-8c08a9dd078d/sdist on ubuntu-latest with py 3.7]   | tests/test_objectivefunctions.py::TestObjectiveFunctions::test_rrmse PASSED [ 63%]\n[d755414a-3cf3-45fb-9088-8c08a9dd078d/sdist on ubuntu-latest with py 3.7]   | tests/test_objectivefunctions.py::TestObjectiveFunctions::test_rrmse_with_obs_mean_zero_is_inf PASSED [ 64%]\n[d755414a-3cf3-45fb-9088-8c08a9dd078d/sdist on ubuntu-latest with py 3.7]   | tests/test_objectivefunctions.py::TestObjectiveFunctions::test_rrmse_with_self_is_zero PASSED [ 64%]\n[d755414a-3cf3-45fb-9088-8c08a9dd078d/sdist on ubuntu-latest with py 3.7]   | tests/test_objectivefunctions.py::TestObjectiveFunctions::test_rsquared_perfect_corr_is_1 PASSED [ 65%]\n[d755414a-3cf3-45fb-9088-8c08a9dd078d/sdist on ubuntu-latest with py 3.7]   | tests/test_objectivefunctions.py::TestObjectiveFunctions::test_rsquared_random PASSED [ 65%]\n[d755414a-3cf3-45fb-9088-8c08a9dd078d/sdist on ubuntu-latest with py 3.7]   | tests/test_objectivefunctions.py::TestObjectiveFunctions::test_rsr PASSED [ 65%]\n[d755414a-3cf3-45fb-9088-8c08a9dd078d/sdist on ubuntu-latest with py 3.7]   | tests/test_objectivefunctions.py::TestObjectiveFunctions::test_rsr_with_self_is_zero PASSED [ 66%]\n[d755414a-3cf3-45fb-9088-8c08a9dd078d/sdist on ubuntu-latest with py 3.7]   | tests/test_objectivefunctions.py::TestObjectiveFunctions::test_volume_error PASSED [ 66%]\n[d755414a-3cf3-45fb-9088-8c08a9dd078d/sdist on ubuntu-latest with py 3.7]   | tests/test_objectivefunctions.py::TestObjectiveFunctions::test_volume_error_with_self_is_zero PASSED [ 67%]\n[d755414a-3cf3-45fb-9088-8c08a9dd078d/sdist on ubuntu-latest with py 3.7]   | tests/test_parallel.py::TestParallel::test_mpc PASSED                    [ 67%]\n[d755414a-3cf3-45fb-9088-8c08a9dd078d/sdist on ubuntu-latest with py 3.7]   | tests/test_parallel.py::TestParallel::test_seq PASSED                    [ 67%]\n[d755414a-3cf3-45fb-9088-8c08a9dd078d/sdist on ubuntu-latest with py 3.7]   | tests/test_parallel.py::TestParallel::test_umpc PASSED                   [ 68%]\n[d755414a-3cf3-45fb-9088-8c08a9dd078d/sdist on ubuntu-latest with py 3.7]   | tests/test_parameter.py::TestListParameterDistribution::test_astuple PASSED [ 68%]\n[d755414a-3cf3-45fb-9088-8c08a9dd078d/sdist on ubuntu-latest with py 3.7]   | tests/test_parameter.py::TestListParameterDistribution::test_list_gives_1_value_when_size_is_not_specified PASSED [ 69%]\n[d755414a-3cf3-45fb-9088-8c08a9dd078d/sdist on ubuntu-latest with py 3.7]   | tests/test_parameter.py::TestListParameterDistribution::test_list_gives_cycled_values_with_repeat PASSED [ 69%]\n[d755414a-3cf3-45fb-9088-8c08a9dd078d/sdist on ubuntu-latest with py 3.7]   | tests/test_parameter.py::TestListParameterDistribution::test_list_gives_cycled_values_with_repeat_and_size PASSED [ 69%]\n[d755414a-3cf3-45fb-9088-8c08a9dd078d/sdist on ubuntu-latest with py 3.7]   | tests/test_parameter.py::TestListParameterDistribution::test_list_gives_n_values_when_size_is_n PASSED [ 70%]\n[d755414a-3cf3-45fb-9088-8c08a9dd078d/sdist on ubuntu-latest with py 3.7]   | tests/test_parameter.py::TestListParameterDistribution::test_list_gives_throwaway_value_on_first_call PASSED [ 70%]\n[d755414a-3cf3-45fb-9088-8c08a9dd078d/sdist on ubuntu-latest with py 3.7]   | tests/test_parameter.py::TestListParameterDistribution::test_list_is_callable PASSED [ 71%]\n[d755414a-3cf3-45fb-9088-8c08a9dd078d/sdist on ubuntu-latest with py 3.7]   | tests/test_parameter.py::TestListParameterDistribution::test_list_without_repeat_raises_index_error_on_invalid_extra_call PASSED [ 71%]\n[d755414a-3cf3-45fb-9088-8c08a9dd078d/sdist on ubuntu-latest with py 3.7]   | tests/test_parameter.py::TestUniformParameterDistribution::test_uniform_has_correct_bounds PASSED [ 72%]\n[d755414a-3cf3-45fb-9088-8c08a9dd078d/sdist on ubuntu-latest with py 3.7]   | tests/test_parameter.py::TestUniformParameterDistribution::test_uniform_has_correct_statistics PASSED [ 72%]\n[d755414a-3cf3-45fb-9088-8c08a9dd078d/sdist on ubuntu-latest with py 3.7]   | tests/test_parameter.py::TestUniformParameterDistribution::test_uniform_is_callable PASSED [ 72%]\n[d755414a-3cf3-45fb-9088-8c08a9dd078d/sdist on ubuntu-latest with py 3.7]   | tests/test_parameter.py::TestUniformParameterDistribution::test_uniform_processes_non_keyword_args PASSED [ 73%]\n[d755414a-3cf3-45fb-9088-8c08a9dd078d/sdist on ubuntu-latest with py 3.7]   | tests/test_parameter.py::TestConstantParameterDistribution::test_constant_gives_only_constants PASSED [ 73%]\n[d755414a-3cf3-45fb-9088-8c08a9dd078d/sdist on ubuntu-latest with py 3.7]   | tests/test_parameter.py::TestConstantParameterDistribution::test_constant_is_callable PASSED [ 74%]\n[d755414a-3cf3-45fb-9088-8c08a9dd078d/sdist on ubuntu-latest with py 3.7]   | tests/test_parameter.py::TestConstantParameterDistribution::test_find_constant_parameters PASSED [ 74%]\n[d755414a-3cf3-45fb-9088-8c08a9dd078d/sdist on ubuntu-latest with py 3.7]   | tests/test_parameter.py::TestConstantParameterDistribution::test_parameter_settings PASSED [ 74%]\n[d755414a-3cf3-45fb-9088-8c08a9dd078d/sdist on ubuntu-latest with py 3.7]   | tests/test_parameter.py::TestNormalParameterDistribution::test_normal_has_correct_statistics PASSED [ 75%]\n[d755414a-3cf3-45fb-9088-8c08a9dd078d/sdist on ubuntu-latest with py 3.7]   | tests/test_parameter.py::TestNormalParameterDistribution::test_normal_is_callable PASSED [ 75%]\n[d755414a-3cf3-45fb-9088-8c08a9dd078d/sdist on ubuntu-latest with py 3.7]   | tests/test_parameter.py::TestNormalParameterDistribution::test_normal_processes_non_keyword_args PASSED [ 76%]\n[d755414a-3cf3-45fb-9088-8c08a9dd078d/sdist on ubuntu-latest with py 3.7]   | tests/test_parameter.py::TestLogNormalParameterDistribution::test_normal_has_correct_statistics PASSED [ 76%]\n[d755414a-3cf3-45fb-9088-8c08a9dd078d/sdist on ubuntu-latest with py 3.7]   | tests/test_parameter.py::TestLogNormalParameterDistribution::test_normal_is_callable PASSED [ 76%]\n[d755414a-3cf3-45fb-9088-8c08a9dd078d/sdist on ubuntu-latest with py 3.7]   | tests/test_parameter.py::TestLogNormalParameterDistribution::test_normal_processes_non_keyword_args PASSED [ 77%]\n[d755414a-3cf3-45fb-9088-8c08a9dd078d/sdist on ubuntu-latest with py 3.7]   | tests/test_parameter.py::TestChiSquareParameterDistribution::test_chisq_has_correct_statistics PASSED [ 77%]\n[d755414a-3cf3-45fb-9088-8c08a9dd078d/sdist on ubuntu-latest with py 3.7]   | tests/test_parameter.py::TestChiSquareParameterDistribution::test_chisq_is_callable PASSED [ 78%]\n[d755414a-3cf3-45fb-9088-8c08a9dd078d/sdist on ubuntu-latest with py 3.7]   | tests/test_parameter.py::TestChiSquareParameterDistribution::test_chisq_processes_non_keyword_args PASSED [ 78%]\n[d755414a-3cf3-45fb-9088-8c08a9dd078d/sdist on ubuntu-latest with py 3.7]   | tests/test_parameter.py::TestExponentialParameterDistribution::test_exp_has_correct_statistics PASSED [ 79%]\n[d755414a-3cf3-45fb-9088-8c08a9dd078d/sdist on ubuntu-latest with py 3.7]   | tests/test_parameter.py::TestExponentialParameterDistribution::test_exp_is_callable PASSED [ 79%]\n[d755414a-3cf3-45fb-9088-8c08a9dd078d/sdist on ubuntu-latest with py 3.7]   | tests/test_parameter.py::TestExponentialParameterDistribution::test_exp_processes_non_keyword_args PASSED [ 79%]\n[d755414a-3cf3-45fb-9088-8c08a9dd078d/sdist on ubuntu-latest with py 3.7]   | tests/test_parameter.py::TestGammaParameterDistribution::test_gamma_has_correct_statistics PASSED [ 80%]\n[d755414a-3cf3-45fb-9088-8c08a9dd078d/sdist on ubuntu-latest with py 3.7]   | tests/test_parameter.py::TestGammaParameterDistribution::test_gamma_is_callable PASSED [ 80%]\n[d755414a-3cf3-45fb-9088-8c08a9dd078d/sdist on ubuntu-latest with py 3.7]   | tests/test_parameter.py::TestGammaParameterDistribution::test_gamma_processes_non_keyword_args PASSED [ 81%]\n[d755414a-3cf3-45fb-9088-8c08a9dd078d/sdist on ubuntu-latest with py 3.7]   | tests/test_parameter.py::TestWaldParameterDistribution::test_wald_has_correct_statistics PASSED [ 81%]\n[d755414a-3cf3-45fb-9088-8c08a9dd078d/sdist on ubuntu-latest with py 3.7]   | tests/test_parameter.py::TestWaldParameterDistribution::test_wald_is_callable PASSED [ 81%]\n[d755414a-3cf3-45fb-9088-8c08a9dd078d/sdist on ubuntu-latest with py 3.7]   | tests/test_parameter.py::TestWaldParameterDistribution::test_wald_processes_non_keyword_args PASSED [ 82%]\n[d755414a-3cf3-45fb-9088-8c08a9dd078d/sdist on ubuntu-latest with py 3.7]   | tests/test_parameter.py::TestWeibullParameterDistribution::test_weibull_has_correct_statistics PASSED [ 82%]\n[d755414a-3cf3-45fb-9088-8c08a9dd078d/sdist on ubuntu-latest with py 3.7]   | tests/test_parameter.py::TestWeibullParameterDistribution::test_weibull_is_callable PASSED [ 83%]\n[d755414a-3cf3-45fb-9088-8c08a9dd078d/sdist on ubuntu-latest with py 3.7]   | tests/test_parameter.py::TestWeibullParameterDistribution::test_weibull_processes_non_keyword_args PASSED [ 83%]\n[d755414a-3cf3-45fb-9088-8c08a9dd078d/sdist on ubuntu-latest with py 3.7]   | tests/test_parameter.py::TestTriangularParameterDistribution::test_triangular_has_correct_statistics PASSED [ 83%]\n[d755414a-3cf3-45fb-9088-8c08a9dd078d/sdist on ubuntu-latest with py 3.7]   | tests/test_parameter.py::TestTriangularParameterDistribution::test_triangular_is_callable PASSED [ 84%]\n[d755414a-3cf3-45fb-9088-8c08a9dd078d/sdist on ubuntu-latest with py 3.7]   | tests/test_parameter.py::TestParameterArguments::test_correct_with_default_step PASSED [ 84%]\n[d755414a-3cf3-45fb-9088-8c08a9dd078d/sdist on ubuntu-latest with py 3.7]   | tests/test_parameter.py::TestParameterArguments::test_correct_with_extra_args PASSED [ 85%]\n[d755414a-3cf3-45fb-9088-8c08a9dd078d/sdist on ubuntu-latest with py 3.7]   | tests/test_parameter.py::TestParameterArguments::test_maxbound_zero PASSED [ 85%]\n[d755414a-3cf3-45fb-9088-8c08a9dd078d/sdist on ubuntu-latest with py 3.7]   | tests/test_parameter.py::TestParameterArguments::test_minbound_zero PASSED [ 86%]\n[d755414a-3cf3-45fb-9088-8c08a9dd078d/sdist on ubuntu-latest with py 3.7]   | tests/test_parameter.py::TestParameterArguments::test_optguess_zero PASSED [ 86%]\n[d755414a-3cf3-45fb-9088-8c08a9dd078d/sdist on ubuntu-latest with py 3.7]   | tests/test_parameter.py::TestParameterClasses::test_classes_available PASSED [ 86%]\n[d755414a-3cf3-45fb-9088-8c08a9dd078d/sdist on ubuntu-latest with py 3.7]   | tests/test_parameter.py::TestParameterClasses::test_create_kwargs PASSED [ 87%]\n[d755414a-3cf3-45fb-9088-8c08a9dd078d/sdist on ubuntu-latest with py 3.7]   | tests/test_parameter.py::TestParameterClasses::test_create_posargs PASSED [ 87%]\n[d755414a-3cf3-45fb-9088-8c08a9dd078d/sdist on ubuntu-latest with py 3.7]   | tests/test_parameter.py::TestParameterClasses::test_too_few_args PASSED  [ 88%]\n[d755414a-3cf3-45fb-9088-8c08a9dd078d/sdist on ubuntu-latest with py 3.7]   | tests/test_parameter.py::TestParameterClasses::test_too_many_args PASSED [ 88%]\n[d755414a-3cf3-45fb-9088-8c08a9dd078d/sdist on ubuntu-latest with py 3.7]   | tests/test_setup_parameters.py::TestParameterSet::test_assign PASSED     [ 88%]\n[d755414a-3cf3-45fb-9088-8c08a9dd078d/sdist on ubuntu-latest with py 3.7]   | tests/test_setup_parameters.py::TestParameterSet::test_create PASSED     [ 89%]\n[d755414a-3cf3-45fb-9088-8c08a9dd078d/sdist on ubuntu-latest with py 3.7]   | tests/test_setup_parameters.py::TestParameterSet::test_dir PASSED        [ 89%]\n[d755414a-3cf3-45fb-9088-8c08a9dd078d/sdist on ubuntu-latest with py 3.7]   | tests/test_setup_parameters.py::TestParameterSet::test_getattr PASSED    [ 90%]\n[d755414a-3cf3-45fb-9088-8c08a9dd078d/sdist on ubuntu-latest with py 3.7]   | tests/test_setup_parameters.py::TestParameterSet::test_getitem PASSED    [ 90%]\n[d755414a-3cf3-45fb-9088-8c08a9dd078d/sdist on ubuntu-latest with py 3.7]   | tests/test_setup_parameters.py::TestParameterSet::test_iter PASSED       [ 90%]\n[d755414a-3cf3-45fb-9088-8c08a9dd078d/sdist on ubuntu-latest with py 3.7]   | tests/test_setup_parameters.py::TestParameterSet::test_repr PASSED       [ 91%]\n[d755414a-3cf3-45fb-9088-8c08a9dd078d/sdist on ubuntu-latest with py 3.7]   | tests/test_setup_parameters.py::TestParameterSet::test_setattr PASSED    [ 91%]\n[d755414a-3cf3-45fb-9088-8c08a9dd078d/sdist on ubuntu-latest with py 3.7]   | tests/test_setup_parameters.py::TestParameterSet::test_str PASSED        [ 92%]\n[d755414a-3cf3-45fb-9088-8c08a9dd078d/sdist on ubuntu-latest with py 3.7]   | tests/test_setup_parameters.py::TestSetupVariants::test_abc_sampler PASSED [ 92%]\n[d755414a-3cf3-45fb-9088-8c08a9dd078d/sdist on ubuntu-latest with py 3.7]   | tests/test_setup_parameters.py::TestSetupVariants::test_demcz_sampler PASSED [ 93%]\n[d755414a-3cf3-45fb-9088-8c08a9dd078d/sdist on ubuntu-latest with py 3.7]   | tests/test_setup_parameters.py::TestSetupVariants::test_dream_sampler PASSED [ 93%]\n[d755414a-3cf3-45fb-9088-8c08a9dd078d/sdist on ubuntu-latest with py 3.7]   | tests/test_setup_parameters.py::TestSetupVariants::test_exists PASSED    [ 93%]\n[d755414a-3cf3-45fb-9088-8c08a9dd078d/sdist on ubuntu-latest with py 3.7]   | tests/test_setup_parameters.py::TestSetupVariants::test_fscabc_sampler PASSED [ 94%]\n[d755414a-3cf3-45fb-9088-8c08a9dd078d/sdist on ubuntu-latest with py 3.7]   | tests/test_setup_parameters.py::TestSetupVariants::test_lhs_sampler PASSED [ 94%]\n[d755414a-3cf3-45fb-9088-8c08a9dd078d/sdist on ubuntu-latest with py 3.7]   | tests/test_setup_parameters.py::TestSetupVariants::test_mc_sampler PASSED [ 95%]\n[d755414a-3cf3-45fb-9088-8c08a9dd078d/sdist on ubuntu-latest with py 3.7]   | tests/test_setup_parameters.py::TestSetupVariants::test_mcmc_sampler PASSED [ 95%]\n[d755414a-3cf3-45fb-9088-8c08a9dd078d/sdist on ubuntu-latest with py 3.7]   | tests/test_setup_parameters.py::TestSetupVariants::test_mle_sampler PASSED [ 95%]\n[d755414a-3cf3-45fb-9088-8c08a9dd078d/sdist on ubuntu-latest with py 3.7]   | tests/test_setup_parameters.py::TestSetupVariants::test_parameter_class PASSED [ 96%]\n[d755414a-3cf3-45fb-9088-8c08a9dd078d/sdist on ubuntu-latest with py 3.7]   | tests/test_setup_parameters.py::TestSetupVariants::test_parameter_function PASSED [ 96%]\n[d755414a-3cf3-45fb-9088-8c08a9dd078d/sdist on ubuntu-latest with py 3.7]   | tests/test_setup_parameters.py::TestSetupVariants::test_parameter_list PASSED [ 97%]\n[d755414a-3cf3-45fb-9088-8c08a9dd078d/sdist on ubuntu-latest with py 3.7]   | tests/test_setup_parameters.py::TestSetupVariants::test_parameter_mixed_function PASSED [ 97%]\n[d755414a-3cf3-45fb-9088-8c08a9dd078d/sdist on ubuntu-latest with py 3.7]   | tests/test_setup_parameters.py::TestSetupVariants::test_parameter_mixed_list PASSED [ 97%]\n[d755414a-3cf3-45fb-9088-8c08a9dd078d/sdist on ubuntu-latest with py 3.7]   | tests/test_setup_parameters.py::TestSetupVariants::test_rope_sampler PASSED [ 98%]\n[d755414a-3cf3-45fb-9088-8c08a9dd078d/sdist on ubuntu-latest with py 3.7]   | tests/test_setup_parameters.py::TestSetupVariants::test_sa_sampler PASSED [ 98%]\n[d755414a-3cf3-45fb-9088-8c08a9dd078d/sdist on ubuntu-latest with py 3.7]   | tests/test_setup_parameters.py::TestSetupVariants::test_sampler PASSED   [ 99%]\n[d755414a-3cf3-45fb-9088-8c08a9dd078d/sdist on ubuntu-latest with py 3.7]   | tests/test_setup_parameters.py::TestSetupVariants::test_sceua_sampler PASSED [ 99%]\n[d755414a-3cf3-45fb-9088-8c08a9dd078d/sdist on ubuntu-latest with py 3.7]   | tests/test_signatures.py::TestSignatures::test_signatures PASSED         [100%]\n[d755414a-3cf3-45fb-9088-8c08a9dd078d/sdist on ubuntu-latest with py 3.7]   | \n[d755414a-3cf3-45fb-9088-8c08a9dd078d/sdist on ubuntu-latest with py 3.7]   | =============================== warnings summary ===============================\n[d755414a-3cf3-45fb-9088-8c08a9dd078d/sdist on ubuntu-latest with py 3.7]   | src/spotpy/likelihoods.py:287\n[d755414a-3cf3-45fb-9088-8c08a9dd078d/sdist on ubuntu-latest with py 3.7]   |   /tmp/ad9c0f7e-1596-11ee-8a50-bb14de238602/thouska-spotpy/src/spotpy/likelihoods.py:287: DeprecationWarning: invalid escape sequence \\s\n[d755414a-3cf3-45fb-9088-8c08a9dd078d/sdist on ubuntu-latest with py 3.7]   |     \"\"\"\n[d755414a-3cf3-45fb-9088-8c08a9dd078d/sdist on ubuntu-latest with py 3.7]   | \n[d755414a-3cf3-45fb-9088-8c08a9dd078d/sdist on ubuntu-latest with py 3.7]   | src/spotpy/parameter.py:50\n[d755414a-3cf3-45fb-9088-8c08a9dd078d/sdist on ubuntu-latest with py 3.7]   |   /tmp/ad9c0f7e-1596-11ee-8a50-bb14de238602/thouska-spotpy/src/spotpy/parameter.py:50: FutureWarning: elementwise comparison failed; returning scalar instead, but in the future will perform elementwise comparison\n[d755414a-3cf3-45fb-9088-8c08a9dd078d/sdist on ubuntu-latest with py 3.7]   |     if self.args and str(self.args[0]) == self.args[0]:\n[d755414a-3cf3-45fb-9088-8c08a9dd078d/sdist on ubuntu-latest with py 3.7]   | \n[d755414a-3cf3-45fb-9088-8c08a9dd078d/sdist on ubuntu-latest with py 3.7]   | tests/test_algorithms.py::TestAlgorithms::test_demcz\n[d755414a-3cf3-45fb-9088-8c08a9dd078d/sdist on ubuntu-latest with py 3.7]   |   /tmp/ad9c0f7e-1596-11ee-8a50-bb14de238602/thouska-spotpy/src/spotpy/algorithms/demcz.py:555: RuntimeWarning: invalid value encountered in sqrt\n[d755414a-3cf3-45fb-9088-8c08a9dd078d/sdist on ubuntu-latest with py 3.7]   |     basis1 = np.sqrt(_eigenvalues1)[np.newaxis, :] * _eigenvectors1\n[d755414a-3cf3-45fb-9088-8c08a9dd078d/sdist on ubuntu-latest with py 3.7]   | \n[d755414a-3cf3-45fb-9088-8c08a9dd078d/sdist on ubuntu-latest with py 3.7]   | tests/test_algorithms.py::TestAlgorithms::test_dream\n[d755414a-3cf3-45fb-9088-8c08a9dd078d/sdist on ubuntu-latest with py 3.7]   | tests/test_analyser.py::TestAnalyser::test__geweke\n[d755414a-3cf3-45fb-9088-8c08a9dd078d/sdist on ubuntu-latest with py 3.7]   | tests/test_list_and_constant_parameters_with_samplers.py::TestConstantSetups::test_dream_sampler\n[d755414a-3cf3-45fb-9088-8c08a9dd078d/sdist on ubuntu-latest with py 3.7]   | tests/test_setup_parameters.py::TestSetupVariants::test_dream_sampler\n[d755414a-3cf3-45fb-9088-8c08a9dd078d/sdist on ubuntu-latest with py 3.7]   |   /tmp/ad9c0f7e-1596-11ee-8a50-bb14de238602/thouska-spotpy/src/spotpy/algorithms/dream.py:111: RuntimeWarning: divide by zero encountered in double_scalars\n[d755414a-3cf3-45fb-9088-8c08a9dd078d/sdist on ubuntu-latest with py 3.7]   |     gamma = 2.38 / np.sqrt(2 * nchain_pairs * d_star)  # /self.gammalevel\n[d755414a-3cf3-45fb-9088-8c08a9dd078d/sdist on ubuntu-latest with py 3.7]   | \n[d755414a-3cf3-45fb-9088-8c08a9dd078d/sdist on ubuntu-latest with py 3.7]   | tests/test_algorithms.py::TestAlgorithms::test_nsgaii\n[d755414a-3cf3-45fb-9088-8c08a9dd078d/sdist on ubuntu-latest with py 3.7]   |   /tmp/ad9c0f7e-1596-11ee-8a50-bb14de238602/thouska-spotpy/src/spotpy/algorithms/nsgaii.py:239: RuntimeWarning: invalid value encountered in true_divide\n[d755414a-3cf3-45fb-9088-8c08a9dd078d/sdist on ubuntu-latest with py 3.7]   |     dist_to_last, dist_to_next = dist_to_last[:-1] / norm, dist_to_next[1:] / norm\n[d755414a-3cf3-45fb-9088-8c08a9dd078d/sdist on ubuntu-latest with py 3.7]   | \n[d755414a-3cf3-45fb-9088-8c08a9dd078d/sdist on ubuntu-latest with py 3.7]   | tests/test_algorithms.py::TestAlgorithms::test_padds\n[d755414a-3cf3-45fb-9088-8c08a9dd078d/sdist on ubuntu-latest with py 3.7]   |   /tmp/ad9c0f7e-1596-11ee-8a50-bb14de238602/thouska-spotpy/src/spotpy/algorithms/padds.py:173: VisibleDeprecationWarning: Creating an ndarray from ragged nested sequences (which is a list-or-tuple of lists-or-tuples-or ndarrays with different lengths or shapes) is deprecated. If you meant to do this, you must specify 'dtype=object' when creating the ndarray.\n[d755414a-3cf3-45fb-9088-8c08a9dd078d/sdist on ubuntu-latest with py 3.7]   |     [[np.array([]), np.array([0] * self.number_of_parameters)]]\n[d755414a-3cf3-45fb-9088-8c08a9dd078d/sdist on ubuntu-latest with py 3.7]   | \n[d755414a-3cf3-45fb-9088-8c08a9dd078d/sdist on ubuntu-latest with py 3.7]   | tests/test_algorithms.py::TestAlgorithms::test_padds\n[d755414a-3cf3-45fb-9088-8c08a9dd078d/sdist on ubuntu-latest with py 3.7]   |   /tmp/ad9c0f7e-1596-11ee-8a50-bb14de238602/thouska-spotpy/src/spotpy/algorithms/padds.py:362: VisibleDeprecationWarning: Creating an ndarray from ragged nested sequences (which is a list-or-tuple of lists-or-tuples-or ndarrays with different lengths or shapes) is deprecated. If you meant to do this, you must specify 'dtype=object' when creating the ndarray.\n[d755414a-3cf3-45fb-9088-8c08a9dd078d/sdist on ubuntu-latest with py 3.7]   |     self.parameter_current.copy() + 0,\n[d755414a-3cf3-45fb-9088-8c08a9dd078d/sdist on ubuntu-latest with py 3.7]   | \n[d755414a-3cf3-45fb-9088-8c08a9dd078d/sdist on ubuntu-latest with py 3.7]   | tests/test_algorithms.py::TestAlgorithms::test_padds\n[d755414a-3cf3-45fb-9088-8c08a9dd078d/sdist on ubuntu-latest with py 3.7]   |   /tmp/ad9c0f7e-1596-11ee-8a50-bb14de238602/thouska-spotpy/src/spotpy/algorithms/padds.py:501: VisibleDeprecationWarning: Creating an ndarray from ragged nested sequences (which is a list-or-tuple of lists-or-tuples-or ndarrays with different lengths or shapes) is deprecated. If you meant to do this, you must specify 'dtype=object' when creating the ndarray.\n[d755414a-3cf3-45fb-9088-8c08a9dd078d/sdist on ubuntu-latest with py 3.7]   |     [nd_set, np.array([objective_values, parameter_set])]\n[d755414a-3cf3-45fb-9088-8c08a9dd078d/sdist on ubuntu-latest with py 3.7]   | \n[d755414a-3cf3-45fb-9088-8c08a9dd078d/sdist on ubuntu-latest with py 3.7]   | tests/test_fast.py::TestFast::test_fast\n[d755414a-3cf3-45fb-9088-8c08a9dd078d/sdist on ubuntu-latest with py 3.7]   |   /tmp/ad9c0f7e-1596-11ee-8a50-bb14de238602/thouska-spotpy/src/spotpy/algorithms/fast.py:104: RuntimeWarning: divide by zero encountered in remainder\n[d755414a-3cf3-45fb-9088-8c08a9dd078d/sdist on ubuntu-latest with py 3.7]   |     omega[1:] = np.arange(D - 1) % m + 1\n[d755414a-3cf3-45fb-9088-8c08a9dd078d/sdist on ubuntu-latest with py 3.7]   | \n[d755414a-3cf3-45fb-9088-8c08a9dd078d/sdist on ubuntu-latest with py 3.7]   | tests/test_likelihood.py::TestLikelihood::test_ABCBoxcarLikelihood\n[d755414a-3cf3-45fb-9088-8c08a9dd078d/sdist on ubuntu-latest with py 3.7]   |   /tmp/ad9c0f7e-1596-11ee-8a50-bb14de238602/thouska-spotpy/src/spotpy/likelihoods.py:72: UserWarning: [ABCBoxcarLikelihood] realized that there are distinct distributed values. We jittered the values but the result can be far away from the truth.\n[d755414a-3cf3-45fb-9088-8c08a9dd078d/sdist on ubuntu-latest with py 3.7]   |     \"[\" + fun_name + \"] realized that there are distinct distributed values. \"\n[d755414a-3cf3-45fb-9088-8c08a9dd078d/sdist on ubuntu-latest with py 3.7]   | \n[d755414a-3cf3-45fb-9088-8c08a9dd078d/sdist on ubuntu-latest with py 3.7]   | tests/test_likelihood.py::TestLikelihood::test_LaplacianLikelihood\n[d755414a-3cf3-45fb-9088-8c08a9dd078d/sdist on ubuntu-latest with py 3.7]   |   /tmp/ad9c0f7e-1596-11ee-8a50-bb14de238602/thouska-spotpy/src/spotpy/likelihoods.py:72: UserWarning: [LaplacianLikelihood] realized that there are distinct distributed values. We jittered the values but the result can be far away from the truth.\n[d755414a-3cf3-45fb-9088-8c08a9dd078d/sdist on ubuntu-latest with py 3.7]   |     \"[\" + fun_name + \"] realized that there are distinct distributed values. \"\n[d755414a-3cf3-45fb-9088-8c08a9dd078d/sdist on ubuntu-latest with py 3.7]   | \n[d755414a-3cf3-45fb-9088-8c08a9dd078d/sdist on ubuntu-latest with py 3.7]   | tests/test_likelihood.py::TestLikelihood::test_LikelihoodAR1NoC\n[d755414a-3cf3-45fb-9088-8c08a9dd078d/sdist on ubuntu-latest with py 3.7]   |   /tmp/ad9c0f7e-1596-11ee-8a50-bb14de238602/thouska-spotpy/src/spotpy/likelihoods.py:410: RuntimeWarning: invalid value encountered in log\n[d755414a-3cf3-45fb-9088-8c08a9dd078d/sdist on ubuntu-latest with py 3.7]   |     sum_1 = np.sum(np.log(measerror[1:]))\n[d755414a-3cf3-45fb-9088-8c08a9dd078d/sdist on ubuntu-latest with py 3.7]   | \n[d755414a-3cf3-45fb-9088-8c08a9dd078d/sdist on ubuntu-latest with py 3.7]   | tests/test_likelihood.py::TestLikelihood::test_LikelihoodAR1NoC\n[d755414a-3cf3-45fb-9088-8c08a9dd078d/sdist on ubuntu-latest with py 3.7]   |   /tmp/ad9c0f7e-1596-11ee-8a50-bb14de238602/thouska-spotpy/src/spotpy/likelihoods.py:406: UserWarning: The parameter 'phi' should be real between -1 and 1 and is: 1.1\n[d755414a-3cf3-45fb-9088-8c08a9dd078d/sdist on ubuntu-latest with py 3.7]   |     + str(phi)\n[d755414a-3cf3-45fb-9088-8c08a9dd078d/sdist on ubuntu-latest with py 3.7]   | \n[d755414a-3cf3-45fb-9088-8c08a9dd078d/sdist on ubuntu-latest with py 3.7]   | tests/test_likelihood.py::TestLikelihood::test_LikelihoodAR1NoC\n[d755414a-3cf3-45fb-9088-8c08a9dd078d/sdist on ubuntu-latest with py 3.7]   |   /tmp/ad9c0f7e-1596-11ee-8a50-bb14de238602/thouska-spotpy/src/spotpy/likelihoods.py:72: UserWarning: [LikelihoodAR1NoC] realized that there are distinct distributed values. We jittered the values but the result can be far away from the truth.\n[d755414a-3cf3-45fb-9088-8c08a9dd078d/sdist on ubuntu-latest with py 3.7]   |     \"[\" + fun_name + \"] realized that there are distinct distributed values. \"\n[d755414a-3cf3-45fb-9088-8c08a9dd078d/sdist on ubuntu-latest with py 3.7]   | \n[d755414a-3cf3-45fb-9088-8c08a9dd078d/sdist on ubuntu-latest with py 3.7]   | tests/test_likelihood.py::TestLikelihood::test_LikelihoodAR1WithC\n[d755414a-3cf3-45fb-9088-8c08a9dd078d/sdist on ubuntu-latest with py 3.7]   |   /tmp/ad9c0f7e-1596-11ee-8a50-bb14de238602/thouska-spotpy/src/spotpy/likelihoods.py:306: FutureWarning: elementwise comparison failed; returning scalar instead, but in the future will perform elementwise comparison\n[d755414a-3cf3-45fb-9088-8c08a9dd078d/sdist on ubuntu-latest with py 3.7]   |     if nm not in parameternames:\n[d755414a-3cf3-45fb-9088-8c08a9dd078d/sdist on ubuntu-latest with py 3.7]   | \n[d755414a-3cf3-45fb-9088-8c08a9dd078d/sdist on ubuntu-latest with py 3.7]   | tests/test_likelihood.py::TestLikelihood::test_LikelihoodAR1WithC\n[d755414a-3cf3-45fb-9088-8c08a9dd078d/sdist on ubuntu-latest with py 3.7]   |   /tmp/ad9c0f7e-1596-11ee-8a50-bb14de238602/thouska-spotpy/src/spotpy/likelihoods.py:329: RuntimeWarning: invalid value encountered in log\n[d755414a-3cf3-45fb-9088-8c08a9dd078d/sdist on ubuntu-latest with py 3.7]   |     sum_1 = np.sum(np.log(measerror[1:]))\n[d755414a-3cf3-45fb-9088-8c08a9dd078d/sdist on ubuntu-latest with py 3.7]   | \n[d755414a-3cf3-45fb-9088-8c08a9dd078d/sdist on ubuntu-latest with py 3.7]   | tests/test_likelihood.py::TestLikelihood::test_LikelihoodAR1WithC\n[d755414a-3cf3-45fb-9088-8c08a9dd078d/sdist on ubuntu-latest with py 3.7]   |   /tmp/ad9c0f7e-1596-11ee-8a50-bb14de238602/thouska-spotpy/src/spotpy/likelihoods.py:319: UserWarning: The parameter 'phi' should be real between -1 and 1 and is: 1.1\n[d755414a-3cf3-45fb-9088-8c08a9dd078d/sdist on ubuntu-latest with py 3.7]   |     \"The parameter 'phi' should be real between -1 and 1 and is: \" + str(phi)\n[d755414a-3cf3-45fb-9088-8c08a9dd078d/sdist on ubuntu-latest with py 3.7]   | \n[d755414a-3cf3-45fb-9088-8c08a9dd078d/sdist on ubuntu-latest with py 3.7]   | tests/test_likelihood.py::TestLikelihood::test_LikelihoodAR1WithC\n[d755414a-3cf3-45fb-9088-8c08a9dd078d/sdist on ubuntu-latest with py 3.7]   |   /tmp/ad9c0f7e-1596-11ee-8a50-bb14de238602/thouska-spotpy/src/spotpy/likelihoods.py:72: UserWarning: [LikelihoodAR1WithC] realized that there are distinct distributed values. We jittered the values but the result can be far away from the truth.\n[d755414a-3cf3-45fb-9088-8c08a9dd078d/sdist on ubuntu-latest with py 3.7]   |     \"[\" + fun_name + \"] realized that there are distinct distributed values. \"\n[d755414a-3cf3-45fb-9088-8c08a9dd078d/sdist on ubuntu-latest with py 3.7]   | \n[d755414a-3cf3-45fb-9088-8c08a9dd078d/sdist on ubuntu-latest with py 3.7]   | tests/test_likelihood.py::TestLikelihood::test_LimitsOfAcceptability\n[d755414a-3cf3-45fb-9088-8c08a9dd078d/sdist on ubuntu-latest with py 3.7]   |   /tmp/ad9c0f7e-1596-11ee-8a50-bb14de238602/thouska-spotpy/src/spotpy/likelihoods.py:72: UserWarning: [LimitsOfAcceptability] realized that there are distinct distributed values. We jittered the values but the result can be far away from the truth.\n[d755414a-3cf3-45fb-9088-8c08a9dd078d/sdist on ubuntu-latest with py 3.7]   |     \"[\" + fun_name + \"] realized that there are distinct distributed values. \"\n[d755414a-3cf3-45fb-9088-8c08a9dd078d/sdist on ubuntu-latest with py 3.7]   | \n[d755414a-3cf3-45fb-9088-8c08a9dd078d/sdist on ubuntu-latest with py 3.7]   | tests/test_likelihood.py::TestLikelihood::test_NashSutcliffeEfficiencyShapingFactor\n[d755414a-3cf3-45fb-9088-8c08a9dd078d/sdist on ubuntu-latest with py 3.7]   |   /tmp/ad9c0f7e-1596-11ee-8a50-bb14de238602/thouska-spotpy/src/spotpy/likelihoods.py:1227: UserWarning: [NashSutcliffeEfficiencyShapingFactor]: The ratio between residual variation and observation variation is bigger then one and thereforewe can not calculate the liklihood. Please use another function which fits to this data and / or model\n[d755414a-3cf3-45fb-9088-8c08a9dd078d/sdist on ubuntu-latest with py 3.7]   |     \"[NashSutcliffeEfficiencyShapingFactor]: The ratio between residual variation and observation \"\n[d755414a-3cf3-45fb-9088-8c08a9dd078d/sdist on ubuntu-latest with py 3.7]   | \n[d755414a-3cf3-45fb-9088-8c08a9dd078d/sdist on ubuntu-latest with py 3.7]   | tests/test_likelihood.py::TestLikelihood::test_NoisyABCGaussianLikelihood\n[d755414a-3cf3-45fb-9088-8c08a9dd078d/sdist on ubuntu-latest with py 3.7]   |   /tmp/ad9c0f7e-1596-11ee-8a50-bb14de238602/thouska-spotpy/src/spotpy/likelihoods.py:1049: UserWarning: [NoisyABCGaussianLikelihood] reaslized that there are distinct distributed values. We jittered the values but the result can be far away from the truth.\n[d755414a-3cf3-45fb-9088-8c08a9dd078d/sdist on ubuntu-latest with py 3.7]   |     \"[NoisyABCGaussianLikelihood] reaslized that there are distinct distributed values. We jittered the values but the result can be far away from the truth.\"\n[d755414a-3cf3-45fb-9088-8c08a9dd078d/sdist on ubuntu-latest with py 3.7]   | \n[d755414a-3cf3-45fb-9088-8c08a9dd078d/sdist on ubuntu-latest with py 3.7]   | tests/test_likelihood.py::TestLikelihood::test_NoisyABCGaussianLikelihood\n[d755414a-3cf3-45fb-9088-8c08a9dd078d/sdist on ubuntu-latest with py 3.7]   |   /tmp/ad9c0f7e-1596-11ee-8a50-bb14de238602/thouska-spotpy/src/spotpy/likelihoods.py:1055: UserWarning: [NoisyABCGaussianLikelihood] reaslized that the mean of the measerror is zero and therefore is no likelihood calculation possible\n[d755414a-3cf3-45fb-9088-8c08a9dd078d/sdist on ubuntu-latest with py 3.7]   |     \"[NoisyABCGaussianLikelihood] reaslized that the mean of the measerror is zero and therefore is no likelihood calculation possible\"\n[d755414a-3cf3-45fb-9088-8c08a9dd078d/sdist on ubuntu-latest with py 3.7]   | \n[d755414a-3cf3-45fb-9088-8c08a9dd078d/sdist on ubuntu-latest with py 3.7]   | tests/test_likelihood.py::TestLikelihood::test_SkewedStudentLikelihoodHeteroscedastic\n[d755414a-3cf3-45fb-9088-8c08a9dd078d/sdist on ubuntu-latest with py 3.7]   |   /tmp/ad9c0f7e-1596-11ee-8a50-bb14de238602/thouska-spotpy/src/spotpy/likelihoods.py:860: RuntimeWarning: invalid value encountered in log\n[d755414a-3cf3-45fb-9088-8c08a9dd078d/sdist on ubuntu-latest with py 3.7]   |     ** (-(nu + 1) / 2)\n[d755414a-3cf3-45fb-9088-8c08a9dd078d/sdist on ubuntu-latest with py 3.7]   | \n[d755414a-3cf3-45fb-9088-8c08a9dd078d/sdist on ubuntu-latest with py 3.7]   | tests/test_likelihood.py::TestLikelihood::test_SkewedStudentLikelihoodHeteroscedastic\n[d755414a-3cf3-45fb-9088-8c08a9dd078d/sdist on ubuntu-latest with py 3.7]   |   /tmp/ad9c0f7e-1596-11ee-8a50-bb14de238602/thouska-spotpy/src/spotpy/likelihoods.py:799: FutureWarning: elementwise comparison failed; returning scalar instead, but in the future will perform elementwise comparison\n[d755414a-3cf3-45fb-9088-8c08a9dd078d/sdist on ubuntu-latest with py 3.7]   |     if nm not in parameternames:\n[d755414a-3cf3-45fb-9088-8c08a9dd078d/sdist on ubuntu-latest with py 3.7]   | \n[d755414a-3cf3-45fb-9088-8c08a9dd078d/sdist on ubuntu-latest with py 3.7]   | tests/test_likelihood.py::TestLikelihood::test_SkewedStudentLikelihoodHeteroscedastic\n[d755414a-3cf3-45fb-9088-8c08a9dd078d/sdist on ubuntu-latest with py 3.7]   |   /tmp/ad9c0f7e-1596-11ee-8a50-bb14de238602/thouska-spotpy/src/spotpy/likelihoods.py:815: UserWarning: [SkewedStudentLikelihoodHeteroscedastic] The parameter 'phi' should be between -1 and 1 and is: 1.87\n[d755414a-3cf3-45fb-9088-8c08a9dd078d/sdist on ubuntu-latest with py 3.7]   |     + str(phi)\n[d755414a-3cf3-45fb-9088-8c08a9dd078d/sdist on ubuntu-latest with py 3.7]   | \n[d755414a-3cf3-45fb-9088-8c08a9dd078d/sdist on ubuntu-latest with py 3.7]   | tests/test_likelihood.py::TestLikelihood::test_SkewedStudentLikelihoodHeteroscedastic\n[d755414a-3cf3-45fb-9088-8c08a9dd078d/sdist on ubuntu-latest with py 3.7]   |   /tmp/ad9c0f7e-1596-11ee-8a50-bb14de238602/thouska-spotpy/src/spotpy/likelihoods.py:821: UserWarning: [SkewedStudentLikelihoodHeteroscedastic] The parameter 'nu' should be greater then 2 and is: 1.0\n[d755414a-3cf3-45fb-9088-8c08a9dd078d/sdist on ubuntu-latest with py 3.7]   |     + str(nu)\n[d755414a-3cf3-45fb-9088-8c08a9dd078d/sdist on ubuntu-latest with py 3.7]   | \n[d755414a-3cf3-45fb-9088-8c08a9dd078d/sdist on ubuntu-latest with py 3.7]   | tests/test_likelihood.py::TestLikelihood::test_SkewedStudentLikelihoodHeteroscedastic\n[d755414a-3cf3-45fb-9088-8c08a9dd078d/sdist on ubuntu-latest with py 3.7]   |   /tmp/ad9c0f7e-1596-11ee-8a50-bb14de238602/thouska-spotpy/src/spotpy/likelihoods.py:72: UserWarning: [SkewedStudentLikelihoodHeteroscedastic] realized that there are distinct distributed values. We jittered the values but the result can be far away from the truth.\n[d755414a-3cf3-45fb-9088-8c08a9dd078d/sdist on ubuntu-latest with py 3.7]   |     \"[\" + fun_name + \"] realized that there are distinct distributed values. \"\n[d755414a-3cf3-45fb-9088-8c08a9dd078d/sdist on ubuntu-latest with py 3.7]   | \n[d755414a-3cf3-45fb-9088-8c08a9dd078d/sdist on ubuntu-latest with py 3.7]   | tests/test_likelihood.py::TestLikelihood::test_SkewedStudentLikelihoodHeteroscedastic\n[d755414a-3cf3-45fb-9088-8c08a9dd078d/sdist on ubuntu-latest with py 3.7]   |   /tmp/ad9c0f7e-1596-11ee-8a50-bb14de238602/thouska-spotpy/src/spotpy/likelihoods.py:860: RuntimeWarning: divide by zero encountered in log\n[d755414a-3cf3-45fb-9088-8c08a9dd078d/sdist on ubuntu-latest with py 3.7]   |     ** (-(nu + 1) / 2)\n[d755414a-3cf3-45fb-9088-8c08a9dd078d/sdist on ubuntu-latest with py 3.7]   | \n[d755414a-3cf3-45fb-9088-8c08a9dd078d/sdist on ubuntu-latest with py 3.7]   | tests/test_likelihood.py::TestLikelihood::test_SkewedStudentLikelihoodHeteroscedasticAdvancedARModel\n[d755414a-3cf3-45fb-9088-8c08a9dd078d/sdist on ubuntu-latest with py 3.7]   |   /tmp/ad9c0f7e-1596-11ee-8a50-bb14de238602/thouska-spotpy/src/spotpy/likelihoods.py:1008: RuntimeWarning: divide by zero encountered in log\n[d755414a-3cf3-45fb-9088-8c08a9dd078d/sdist on ubuntu-latest with py 3.7]   |     ** (-(nu + 1) / 2)\n[d755414a-3cf3-45fb-9088-8c08a9dd078d/sdist on ubuntu-latest with py 3.7]   | \n[d755414a-3cf3-45fb-9088-8c08a9dd078d/sdist on ubuntu-latest with py 3.7]   | tests/test_likelihood.py::TestLikelihood::test_SkewedStudentLikelihoodHeteroscedasticAdvancedARModel\n[d755414a-3cf3-45fb-9088-8c08a9dd078d/sdist on ubuntu-latest with py 3.7]   |   /tmp/ad9c0f7e-1596-11ee-8a50-bb14de238602/thouska-spotpy/src/spotpy/likelihoods.py:927: FutureWarning: elementwise comparison failed; returning scalar instead, but in the future will perform elementwise comparison\n[d755414a-3cf3-45fb-9088-8c08a9dd078d/sdist on ubuntu-latest with py 3.7]   |     if nm not in parameternames:\n[d755414a-3cf3-45fb-9088-8c08a9dd078d/sdist on ubuntu-latest with py 3.7]   | \n[d755414a-3cf3-45fb-9088-8c08a9dd078d/sdist on ubuntu-latest with py 3.7]   | tests/test_likelihood.py::TestLikelihood::test_SkewedStudentLikelihoodHeteroscedasticAdvancedARModel\n[d755414a-3cf3-45fb-9088-8c08a9dd078d/sdist on ubuntu-latest with py 3.7]   |   /tmp/ad9c0f7e-1596-11ee-8a50-bb14de238602/thouska-spotpy/src/spotpy/likelihoods.py:943: UserWarning: [SkewedStudentLikelihoodHeteroscedasticAdvancedARModel] The parameter 'phi' should be between -1 and 1 and is: 2.4\n[d755414a-3cf3-45fb-9088-8c08a9dd078d/sdist on ubuntu-latest with py 3.7]   |     + str(phi)\n[d755414a-3cf3-45fb-9088-8c08a9dd078d/sdist on ubuntu-latest with py 3.7]   | \n[d755414a-3cf3-45fb-9088-8c08a9dd078d/sdist on ubuntu-latest with py 3.7]   | tests/test_likelihood.py::TestLikelihood::test_SkewedStudentLikelihoodHeteroscedasticAdvancedARModel\n[d755414a-3cf3-45fb-9088-8c08a9dd078d/sdist on ubuntu-latest with py 3.7]   |   /tmp/ad9c0f7e-1596-11ee-8a50-bb14de238602/thouska-spotpy/src/spotpy/likelihoods.py:949: UserWarning: [SkewedStudentLikelihoodHeteroscedasticAdvancedARModel] The parameter 'nu' should be greater then 2 and is: 1.0\n[d755414a-3cf3-45fb-9088-8c08a9dd078d/sdist on ubuntu-latest with py 3.7]   |     + str(nu)\n[d755414a-3cf3-45fb-9088-8c08a9dd078d/sdist on ubuntu-latest with py 3.7]   | \n[d755414a-3cf3-45fb-9088-8c08a9dd078d/sdist on ubuntu-latest with py 3.7]   | tests/test_likelihood.py::TestLikelihood::test_SkewedStudentLikelihoodHeteroscedasticAdvancedARModel\n[d755414a-3cf3-45fb-9088-8c08a9dd078d/sdist on ubuntu-latest with py 3.7]   |   /tmp/ad9c0f7e-1596-11ee-8a50-bb14de238602/thouska-spotpy/src/spotpy/likelihoods.py:955: UserWarning: [SkewedStudentLikelihoodHeteroscedasticAdvancedARModel] The parameter 'k' should be greater then 0 and is: -3.0\n[d755414a-3cf3-45fb-9088-8c08a9dd078d/sdist on ubuntu-latest with py 3.7]   |     + str(k)\n[d755414a-3cf3-45fb-9088-8c08a9dd078d/sdist on ubuntu-latest with py 3.7]   | \n[d755414a-3cf3-45fb-9088-8c08a9dd078d/sdist on ubuntu-latest with py 3.7]   | tests/test_likelihood.py::TestLikelihood::test_gaussianLikelihoodHomoHeteroDataError\n[d755414a-3cf3-45fb-9088-8c08a9dd078d/sdist on ubuntu-latest with py 3.7]   |   /tmp/ad9c0f7e-1596-11ee-8a50-bb14de238602/thouska-spotpy/src/spotpy/likelihoods.py:72: UserWarning: [gaussianLikelihoodHomoHeteroDataError] realized that there are distinct distributed values. We jittered the values but the result can be far away from the truth.\n[d755414a-3cf3-45fb-9088-8c08a9dd078d/sdist on ubuntu-latest with py 3.7]   |     \"[\" + fun_name + \"] realized that there are distinct distributed values. \"\n[d755414a-3cf3-45fb-9088-8c08a9dd078d/sdist on ubuntu-latest with py 3.7]   | \n[d755414a-3cf3-45fb-9088-8c08a9dd078d/sdist on ubuntu-latest with py 3.7]   | tests/test_likelihood.py::TestLikelihood::test_generalizedLikelihoodFunction\n[d755414a-3cf3-45fb-9088-8c08a9dd078d/sdist on ubuntu-latest with py 3.7]   |   /tmp/ad9c0f7e-1596-11ee-8a50-bb14de238602/thouska-spotpy/src/spotpy/likelihoods.py:44: RuntimeWarning: overflow encountered in exp\n[d755414a-3cf3-45fb-9088-8c08a9dd078d/sdist on ubuntu-latest with py 3.7]   |     mu_t = np.exp(mu_h * c)\n[d755414a-3cf3-45fb-9088-8c08a9dd078d/sdist on ubuntu-latest with py 3.7]   | \n[d755414a-3cf3-45fb-9088-8c08a9dd078d/sdist on ubuntu-latest with py 3.7]   | tests/test_likelihood.py::TestLikelihood::test_generalizedLikelihoodFunction\n[d755414a-3cf3-45fb-9088-8c08a9dd078d/sdist on ubuntu-latest with py 3.7]   |   /tmp/ad9c0f7e-1596-11ee-8a50-bb14de238602/thouska-spotpy/src/spotpy/likelihoods.py:595: RuntimeWarning: invalid value encountered in double_scalars\n[d755414a-3cf3-45fb-9088-8c08a9dd078d/sdist on ubuntu-latest with py 3.7]   |     a_t = (errorArr[t] - phi1 * errorArr[t - 1]) / (measerror[t])\n[d755414a-3cf3-45fb-9088-8c08a9dd078d/sdist on ubuntu-latest with py 3.7]   | \n[d755414a-3cf3-45fb-9088-8c08a9dd078d/sdist on ubuntu-latest with py 3.7]   | tests/test_likelihood.py::TestLikelihood::test_generalizedLikelihoodFunction\n[d755414a-3cf3-45fb-9088-8c08a9dd078d/sdist on ubuntu-latest with py 3.7]   |   /tmp/ad9c0f7e-1596-11ee-8a50-bb14de238602/thouska-spotpy/src/spotpy/likelihoods.py:611: RuntimeWarning: overflow encountered in exp\n[d755414a-3cf3-45fb-9088-8c08a9dd078d/sdist on ubuntu-latest with py 3.7]   |     mu_t = np.exp(muh * comparedata)\n[d755414a-3cf3-45fb-9088-8c08a9dd078d/sdist on ubuntu-latest with py 3.7]   | \n[d755414a-3cf3-45fb-9088-8c08a9dd078d/sdist on ubuntu-latest with py 3.7]   | tests/test_likelihood.py::TestLikelihood::test_generalizedLikelihoodFunction\n[d755414a-3cf3-45fb-9088-8c08a9dd078d/sdist on ubuntu-latest with py 3.7]   |   /tmp/ad9c0f7e-1596-11ee-8a50-bb14de238602/thouska-spotpy/src/spotpy/likelihoods.py:510: FutureWarning: elementwise comparison failed; returning scalar instead, but in the future will perform elementwise comparison\n[d755414a-3cf3-45fb-9088-8c08a9dd078d/sdist on ubuntu-latest with py 3.7]   |     if nm not in parameternames:\n[d755414a-3cf3-45fb-9088-8c08a9dd078d/sdist on ubuntu-latest with py 3.7]   | \n[d755414a-3cf3-45fb-9088-8c08a9dd078d/sdist on ubuntu-latest with py 3.7]   | tests/test_likelihood.py::TestLikelihood::test_generalizedLikelihoodFunction\n[d755414a-3cf3-45fb-9088-8c08a9dd078d/sdist on ubuntu-latest with py 3.7]   |   /tmp/ad9c0f7e-1596-11ee-8a50-bb14de238602/thouska-spotpy/src/spotpy/likelihoods.py:530: UserWarning: The parameter 'beta' should be greater then -1 and less equal 1 and is: 2.0\n[d755414a-3cf3-45fb-9088-8c08a9dd078d/sdist on ubuntu-latest with py 3.7]   |     + str(beta)\n[d755414a-3cf3-45fb-9088-8c08a9dd078d/sdist on ubuntu-latest with py 3.7]   | \n[d755414a-3cf3-45fb-9088-8c08a9dd078d/sdist on ubuntu-latest with py 3.7]   | tests/test_likelihood.py::TestLikelihood::test_generalizedLikelihoodFunction\n[d755414a-3cf3-45fb-9088-8c08a9dd078d/sdist on ubuntu-latest with py 3.7]   |   /tmp/ad9c0f7e-1596-11ee-8a50-bb14de238602/thouska-spotpy/src/spotpy/likelihoods.py:535: UserWarning: The parameter 'xi' should be between 0.1 and 10 and is: 11.0\n[d755414a-3cf3-45fb-9088-8c08a9dd078d/sdist on ubuntu-latest with py 3.7]   |     \"The parameter 'xi' should be between 0.1 and 10 and is: \" + str(xi)\n[d755414a-3cf3-45fb-9088-8c08a9dd078d/sdist on ubuntu-latest with py 3.7]   | \n[d755414a-3cf3-45fb-9088-8c08a9dd078d/sdist on ubuntu-latest with py 3.7]   | tests/test_likelihood.py::TestLikelihood::test_generalizedLikelihoodFunction\n[d755414a-3cf3-45fb-9088-8c08a9dd078d/sdist on ubuntu-latest with py 3.7]   |   /tmp/ad9c0f7e-1596-11ee-8a50-bb14de238602/thouska-spotpy/src/spotpy/likelihoods.py:541: UserWarning: The parameter 'sigma0' should be between 0 and 1 and is: 1.5\n[d755414a-3cf3-45fb-9088-8c08a9dd078d/sdist on ubuntu-latest with py 3.7]   |     + str(sigma0)\n[d755414a-3cf3-45fb-9088-8c08a9dd078d/sdist on ubuntu-latest with py 3.7]   | \n[d755414a-3cf3-45fb-9088-8c08a9dd078d/sdist on ubuntu-latest with py 3.7]   | tests/test_likelihood.py::TestLikelihood::test_generalizedLikelihoodFunction\n[d755414a-3cf3-45fb-9088-8c08a9dd078d/sdist on ubuntu-latest with py 3.7]   |   /tmp/ad9c0f7e-1596-11ee-8a50-bb14de238602/thouska-spotpy/src/spotpy/likelihoods.py:552: UserWarning: The parameter 'phi1' should be between 0 and 1 and is: 2.98\n[d755414a-3cf3-45fb-9088-8c08a9dd078d/sdist on ubuntu-latest with py 3.7]   |     \"The parameter 'phi1' should be between 0 and 1 and is: \" + str(phi1)\n[d755414a-3cf3-45fb-9088-8c08a9dd078d/sdist on ubuntu-latest with py 3.7]   | \n[d755414a-3cf3-45fb-9088-8c08a9dd078d/sdist on ubuntu-latest with py 3.7]   | tests/test_likelihood.py::TestLikelihood::test_generalizedLikelihoodFunction\n[d755414a-3cf3-45fb-9088-8c08a9dd078d/sdist on ubuntu-latest with py 3.7]   |   /tmp/ad9c0f7e-1596-11ee-8a50-bb14de238602/thouska-spotpy/src/spotpy/likelihoods.py:557: UserWarning: The parameter 'muh' should be between 0 and 100 and is: 101.0\n[d755414a-3cf3-45fb-9088-8c08a9dd078d/sdist on ubuntu-latest with py 3.7]   |     \"The parameter 'muh' should be between 0 and 100 and is: \" + str(muh)\n[d755414a-3cf3-45fb-9088-8c08a9dd078d/sdist on ubuntu-latest with py 3.7]   | \n[d755414a-3cf3-45fb-9088-8c08a9dd078d/sdist on ubuntu-latest with py 3.7]   | tests/test_likelihood.py::TestLikelihood::test_generalizedLikelihoodFunction\n[d755414a-3cf3-45fb-9088-8c08a9dd078d/sdist on ubuntu-latest with py 3.7]   |   /tmp/ad9c0f7e-1596-11ee-8a50-bb14de238602/thouska-spotpy/src/spotpy/likelihoods.py:535: UserWarning: The parameter 'xi' should be between 0.1 and 10 and is: 0.0\n[d755414a-3cf3-45fb-9088-8c08a9dd078d/sdist on ubuntu-latest with py 3.7]   |     \"The parameter 'xi' should be between 0.1 and 10 and is: \" + str(xi)\n[d755414a-3cf3-45fb-9088-8c08a9dd078d/sdist on ubuntu-latest with py 3.7]   | \n[d755414a-3cf3-45fb-9088-8c08a9dd078d/sdist on ubuntu-latest with py 3.7]   | tests/test_likelihood.py::TestLikelihood::test_generalizedLikelihoodFunction\n[d755414a-3cf3-45fb-9088-8c08a9dd078d/sdist on ubuntu-latest with py 3.7]   |   /tmp/ad9c0f7e-1596-11ee-8a50-bb14de238602/thouska-spotpy/src/spotpy/likelihoods.py:72: UserWarning: [generalizedLikelihoodFunction] realized that there are distinct distributed values. We jittered the values but the result can be far away from the truth.\n[d755414a-3cf3-45fb-9088-8c08a9dd078d/sdist on ubuntu-latest with py 3.7]   |     \"[\" + fun_name + \"] realized that there are distinct distributed values. \"\n[d755414a-3cf3-45fb-9088-8c08a9dd078d/sdist on ubuntu-latest with py 3.7]   | \n[d755414a-3cf3-45fb-9088-8c08a9dd078d/sdist on ubuntu-latest with py 3.7]   | tests/test_likelihood.py::TestLikelihood::test_logLikelihood\n[d755414a-3cf3-45fb-9088-8c08a9dd078d/sdist on ubuntu-latest with py 3.7]   |   /tmp/ad9c0f7e-1596-11ee-8a50-bb14de238602/thouska-spotpy/src/spotpy/likelihoods.py:178: RuntimeWarning: invalid value encountered in log\n[d755414a-3cf3-45fb-9088-8c08a9dd078d/sdist on ubuntu-latest with py 3.7]   |     - 0.5 * np.sum(((data - comparedata) / measerror) ** 2)\n[d755414a-3cf3-45fb-9088-8c08a9dd078d/sdist on ubuntu-latest with py 3.7]   | \n[d755414a-3cf3-45fb-9088-8c08a9dd078d/sdist on ubuntu-latest with py 3.7]   | tests/test_likelihood.py::TestLikelihood::test_logLikelihood\n[d755414a-3cf3-45fb-9088-8c08a9dd078d/sdist on ubuntu-latest with py 3.7]   |   /tmp/ad9c0f7e-1596-11ee-8a50-bb14de238602/thouska-spotpy/src/spotpy/likelihoods.py:72: UserWarning: [logLikelihood] realized that there are distinct distributed values. We jittered the values but the result can be far away from the truth.\n[d755414a-3cf3-45fb-9088-8c08a9dd078d/sdist on ubuntu-latest with py 3.7]   |     \"[\" + fun_name + \"] realized that there are distinct distributed values. \"\n[d755414a-3cf3-45fb-9088-8c08a9dd078d/sdist on ubuntu-latest with py 3.7]   | \n[d755414a-3cf3-45fb-9088-8c08a9dd078d/sdist on ubuntu-latest with py 3.7]   | tests/test_list_and_constant_parameters_with_samplers.py::TestConstantSetups::test_demcz_sampler\n[d755414a-3cf3-45fb-9088-8c08a9dd078d/sdist on ubuntu-latest with py 3.7]   |   /tmp/ad9c0f7e-1596-11ee-8a50-bb14de238602/thouska-spotpy/src/spotpy/algorithms/demcz.py:390: RuntimeWarning: overflow encountered in exp\n[d755414a-3cf3-45fb-9088-8c08a9dd078d/sdist on ubuntu-latest with py 3.7]   |     return decision, np.minimum(1, np.exp(logMetropHastRatio))\n[d755414a-3cf3-45fb-9088-8c08a9dd078d/sdist on ubuntu-latest with py 3.7]   | \n[d755414a-3cf3-45fb-9088-8c08a9dd078d/sdist on ubuntu-latest with py 3.7]   | tests/test_list_and_constant_parameters_with_samplers.py::TestConstantSetups::test_dream_sampler\n[d755414a-3cf3-45fb-9088-8c08a9dd078d/sdist on ubuntu-latest with py 3.7]   |   /tmp/ad9c0f7e-1596-11ee-8a50-bb14de238602/thouska-spotpy/src/spotpy/algorithms/dream.py:385: RuntimeWarning: overflow encountered in exp\n[d755414a-3cf3-45fb-9088-8c08a9dd078d/sdist on ubuntu-latest with py 3.7]   |     -0.5 * (-like + self.bestlike[cChain])\n[d755414a-3cf3-45fb-9088-8c08a9dd078d/sdist on ubuntu-latest with py 3.7]   | \n[d755414a-3cf3-45fb-9088-8c08a9dd078d/sdist on ubuntu-latest with py 3.7]   | tests/test_objectivefunctions.py::TestObjectiveFunctions::test_lognashsutcliffe_for_invalid_obs_is_nan\n[d755414a-3cf3-45fb-9088-8c08a9dd078d/sdist on ubuntu-latest with py 3.7]   |   /tmp/ad9c0f7e-1596-11ee-8a50-bb14de238602/thouska-spotpy/src/spotpy/objectivefunctions.py:139: RuntimeWarning: invalid value encountered in log\n[d755414a-3cf3-45fb-9088-8c08a9dd078d/sdist on ubuntu-latest with py 3.7]   |     - sum((np.log(s) - np.log(e)) ** 2)\n[d755414a-3cf3-45fb-9088-8c08a9dd078d/sdist on ubuntu-latest with py 3.7]   | \n[d755414a-3cf3-45fb-9088-8c08a9dd078d/sdist on ubuntu-latest with py 3.7]   | tests/test_objectivefunctions.py::TestObjectiveFunctions::test_lognashsutcliffe_for_invalid_obs_is_nan\n[d755414a-3cf3-45fb-9088-8c08a9dd078d/sdist on ubuntu-latest with py 3.7]   |   /tmp/ad9c0f7e-1596-11ee-8a50-bb14de238602/thouska-spotpy/src/spotpy/objectivefunctions.py:140: RuntimeWarning: invalid value encountered in log\n[d755414a-3cf3-45fb-9088-8c08a9dd078d/sdist on ubuntu-latest with py 3.7]   |     / sum((np.log(e) - np.mean(np.log(e))) ** 2)\n[d755414a-3cf3-45fb-9088-8c08a9dd078d/sdist on ubuntu-latest with py 3.7]   | \n[d755414a-3cf3-45fb-9088-8c08a9dd078d/sdist on ubuntu-latest with py 3.7]   | tests/test_objectivefunctions.py::TestObjectiveFunctions::test_rrmse_with_obs_mean_zero_is_inf\n[d755414a-3cf3-45fb-9088-8c08a9dd078d/sdist on ubuntu-latest with py 3.7]   |   /tmp/ad9c0f7e-1596-11ee-8a50-bb14de238602/thouska-spotpy/src/spotpy/objectivefunctions.py:329: RuntimeWarning: divide by zero encountered in double_scalars\n[d755414a-3cf3-45fb-9088-8c08a9dd078d/sdist on ubuntu-latest with py 3.7]   |     rrmse = rmse(evaluation, simulation) / np.mean(evaluation)\n[d755414a-3cf3-45fb-9088-8c08a9dd078d/sdist on ubuntu-latest with py 3.7]   | \n[d755414a-3cf3-45fb-9088-8c08a9dd078d/sdist on ubuntu-latest with py 3.7]   | -- Docs: https://docs.pytest.org/en/stable/how-to/capture-warnings.html\n[d755414a-3cf3-45fb-9088-8c08a9dd078d/sdist on ubuntu-latest with py 3.7]   | - generated xml file: /tmp/ad9c0f7e-1596-11ee-8a50-bb14de238602/thouska-spotpy/report.xml -\n[d755414a-3cf3-45fb-9088-8c08a9dd078d/sdist on ubuntu-latest with py 3.7]   | \n[d755414a-3cf3-45fb-9088-8c08a9dd078d/sdist on ubuntu-latest with py 3.7]   | ---------- coverage: platform linux, python 3.7.11-final-0 -----------\n[d755414a-3cf3-45fb-9088-8c08a9dd078d/sdist on ubuntu-latest with py 3.7]   | Name                                                    Stmts   Miss  Cover   Missing\n[d755414a-3cf3-45fb-9088-8c08a9dd078d/sdist on ubuntu-latest with py 3.7]   | -------------------------------------------------------------------------------------\n[d755414a-3cf3-45fb-9088-8c08a9dd078d/sdist on ubuntu-latest with py 3.7]   | src/spotpy/__init__.py                                     12      0   100%\n[d755414a-3cf3-45fb-9088-8c08a9dd078d/sdist on ubuntu-latest with py 3.7]   | src/spotpy/_version.py                                      1      0   100%\n[d755414a-3cf3-45fb-9088-8c08a9dd078d/sdist on ubuntu-latest with py 3.7]   | src/spotpy/algorithms/__init__.py                          18      0   100%\n[d755414a-3cf3-45fb-9088-8c08a9dd078d/sdist on ubuntu-latest with py 3.7]   | src/spotpy/algorithms/_algorithm.py                       245     33    87%   18-24, 85, 295-300, 308, 322, 367-368, 393, 402-405, 417-418, 423-433, 437-449, 483\n[d755414a-3cf3-45fb-9088-8c08a9dd078d/sdist on ubuntu-latest with py 3.7]   | src/spotpy/algorithms/abc.py                              115     17    85%   89, 109-110, 144-145, 170-172, 199-209\n[d755414a-3cf3-45fb-9088-8c08a9dd078d/sdist on ubuntu-latest with py 3.7]   | src/spotpy/algorithms/dds.py                              148      8    95%   109, 119, 125-129, 305, 384\n[d755414a-3cf3-45fb-9088-8c08a9dd078d/sdist on ubuntu-latest with py 3.7]   | src/spotpy/algorithms/demcz.py                            305     22    93%   107, 163-165, 197, 351-352, 422-423, 442, 503, 564-566, 577, 643, 647, 673, 681-685, 689, 696\n[d755414a-3cf3-45fb-9088-8c08a9dd078d/sdist on ubuntu-latest with py 3.7]   | src/spotpy/algorithms/dream.py                            215     22    90%   63-71, 102, 276-277, 359, 362, 367, 375-376, 439-453\n[d755414a-3cf3-45fb-9088-8c08a9dd078d/sdist on ubuntu-latest with py 3.7]   | src/spotpy/algorithms/fast.py                             102     45    56%   82, 132-180, 183-187, 190-194, 224-226, 234-237\n[d755414a-3cf3-45fb-9088-8c08a9dd078d/sdist on ubuntu-latest with py 3.7]   | src/spotpy/algorithms/fscabc.py                           134     26    81%   68-69, 104, 114-118, 137-138, 177-178, 231-243, 251-253\n[d755414a-3cf3-45fb-9088-8c08a9dd078d/sdist on ubuntu-latest with py 3.7]   | src/spotpy/algorithms/lhs.py                               27      0   100%\n[d755414a-3cf3-45fb-9088-8c08a9dd078d/sdist on ubuntu-latest with py 3.7]   | src/spotpy/algorithms/list_sampler.py                      19      1    95%   67\n[d755414a-3cf3-45fb-9088-8c08a9dd078d/sdist on ubuntu-latest with py 3.7]   | src/spotpy/algorithms/mc.py                                14      0   100%\n[d755414a-3cf3-45fb-9088-8c08a9dd078d/sdist on ubuntu-latest with py 3.7]   | src/spotpy/algorithms/mcmc.py                              78     15    81%   59-67, 80, 82-84, 157-171\n[d755414a-3cf3-45fb-9088-8c08a9dd078d/sdist on ubuntu-latest with py 3.7]   | src/spotpy/algorithms/mle.py                               47      1    98%   62\n[d755414a-3cf3-45fb-9088-8c08a9dd078d/sdist on ubuntu-latest with py 3.7]   | src/spotpy/algorithms/nsgaii.py                           205     22    89%   217, 252-267, 376-397\n[d755414a-3cf3-45fb-9088-8c08a9dd078d/sdist on ubuntu-latest with py 3.7]   | src/spotpy/algorithms/padds.py                            450    278    38%   26-28, 42, 127-130, 178, 185-219, 246, 319-326, 338, 461-463, 496, 521-595, 605-611, 616-624, 627-628, 631-632, 635-673, 676-707, 710-723, 732, 735-782, 785-810, 839-944\n[d755414a-3cf3-45fb-9088-8c08a9dd078d/sdist on ubuntu-latest with py 3.7]   | src/spotpy/algorithms/rope.py                             186     12    94%   120, 168, 170-176, 194, 198, 220-227, 291, 301\n[d755414a-3cf3-45fb-9088-8c08a9dd078d/sdist on ubuntu-latest with py 3.7]   | src/spotpy/algorithms/sa.py                                60      1    98%   65\n[d755414a-3cf3-45fb-9088-8c08a9dd078d/sdist on ubuntu-latest with py 3.7]   | src/spotpy/algorithms/sceua.py                            223     31    86%   196-200, 230, 235, 269, 283-287, 346-347, 387, 394-411, 415-416, 420-422\n[d755414a-3cf3-45fb-9088-8c08a9dd078d/sdist on ubuntu-latest with py 3.7]   | src/spotpy/analyser.py                                    584     65    89%   30-35, 57-60, 107-109, 285, 311, 322-326, 331-336, 349, 370, 477-485, 495, 557-558, 576-587, 640, 642-643, 645, 685-687, 715, 745, 786, 892, 980-984, 998, 1039, 1090-1094, 1132-1152\n[d755414a-3cf3-45fb-9088-8c08a9dd078d/sdist on ubuntu-latest with py 3.7]   | src/spotpy/cli.py                                          52      7    87%   108-112, 117-119\n[d755414a-3cf3-45fb-9088-8c08a9dd078d/sdist on ubuntu-latest with py 3.7]   | src/spotpy/database/__init__.py                            19      0   100%\n[d755414a-3cf3-45fb-9088-8c08a9dd078d/sdist on ubuntu-latest with py 3.7]   | src/spotpy/database/base.py                                89      0   100%\n[d755414a-3cf3-45fb-9088-8c08a9dd078d/sdist on ubuntu-latest with py 3.7]   | src/spotpy/database/csv.py                                 30      2    93%   47-48\n[d755414a-3cf3-45fb-9088-8c08a9dd078d/sdist on ubuntu-latest with py 3.7]   | src/spotpy/database/hdf5.py                                45      3    93%   19-24\n[d755414a-3cf3-45fb-9088-8c08a9dd078d/sdist on ubuntu-latest with py 3.7]   | src/spotpy/database/ram.py                                 20      0   100%\n[d755414a-3cf3-45fb-9088-8c08a9dd078d/sdist on ubuntu-latest with py 3.7]   | src/spotpy/database/sql.py                                 42      2    95%   11, 14\n[d755414a-3cf3-45fb-9088-8c08a9dd078d/sdist on ubuntu-latest with py 3.7]   | src/spotpy/describe.py                                     80      7    91%   22-23, 235-239\n[d755414a-3cf3-45fb-9088-8c08a9dd078d/sdist on ubuntu-latest with py 3.7]   | src/spotpy/examples/__init__.py                             1      0   100%\n[d755414a-3cf3-45fb-9088-8c08a9dd078d/sdist on ubuntu-latest with py 3.7]   | src/spotpy/examples/cmf_data/__init__.py                    1      1     0%   2\n[d755414a-3cf3-45fb-9088-8c08a9dd078d/sdist on ubuntu-latest with py 3.7]   | src/spotpy/examples/hymod_exe/__init__.py                   1      1     0%   2\n[d755414a-3cf3-45fb-9088-8c08a9dd078d/sdist on ubuntu-latest with py 3.7]   | src/spotpy/examples/hymod_python/__init__.py                1      0   100%\n[d755414a-3cf3-45fb-9088-8c08a9dd078d/sdist on ubuntu-latest with py 3.7]   | src/spotpy/examples/hymod_python/hymod.py                  41      0   100%\n[d755414a-3cf3-45fb-9088-8c08a9dd078d/sdist on ubuntu-latest with py 3.7]   | src/spotpy/examples/hymod_unix/__init__.py                  1      1     0%   2\n[d755414a-3cf3-45fb-9088-8c08a9dd078d/sdist on ubuntu-latest with py 3.7]   | src/spotpy/examples/spot_setup_ackley.py                   24     24     0%   9-48\n[d755414a-3cf3-45fb-9088-8c08a9dd078d/sdist on ubuntu-latest with py 3.7]   | src/spotpy/examples/spot_setup_cmf1d.py                   128    128     0%   2-300\n[d755414a-3cf3-45fb-9088-8c08a9dd078d/sdist on ubuntu-latest with py 3.7]   | src/spotpy/examples/spot_setup_cmf_lumped.py               92     92     0%   4-236\n[d755414a-3cf3-45fb-9088-8c08a9dd078d/sdist on ubuntu-latest with py 3.7]   | src/spotpy/examples/spot_setup_dds.py                      50      2    96%   134, 183\n[d755414a-3cf3-45fb-9088-8c08a9dd078d/sdist on ubuntu-latest with py 3.7]   | src/spotpy/examples/spot_setup_dtlz1.py                    38     38     0%   1-62\n[d755414a-3cf3-45fb-9088-8c08a9dd078d/sdist on ubuntu-latest with py 3.7]   | src/spotpy/examples/spot_setup_griewank.py                 27      0   100%\n[d755414a-3cf3-45fb-9088-8c08a9dd078d/sdist on ubuntu-latest with py 3.7]   | src/spotpy/examples/spot_setup_hymod_exe.py                54     54     0%   7-98\n[d755414a-3cf3-45fb-9088-8c08a9dd078d/sdist on ubuntu-latest with py 3.7]   | src/spotpy/examples/spot_setup_hymod_python.py             43      1    98%   45\n[d755414a-3cf3-45fb-9088-8c08a9dd078d/sdist on ubuntu-latest with py 3.7]   | src/spotpy/examples/spot_setup_hymod_python_pareto.py      39     39     0%   11-62\n[d755414a-3cf3-45fb-9088-8c08a9dd078d/sdist on ubuntu-latest with py 3.7]   | src/spotpy/examples/spot_setup_hymod_unix.py               60     60     0%   9-109\n[d755414a-3cf3-45fb-9088-8c08a9dd078d/sdist on ubuntu-latest with py 3.7]   | src/spotpy/examples/spot_setup_rosenbrock.py               21      0   100%\n[d755414a-3cf3-45fb-9088-8c08a9dd078d/sdist on ubuntu-latest with py 3.7]   | src/spotpy/examples/spot_setup_standardnormal.py           18     18     0%   9-37\n[d755414a-3cf3-45fb-9088-8c08a9dd078d/sdist on ubuntu-latest with py 3.7]   | src/spotpy/gui/__init__.py                                  0      0   100%\n[d755414a-3cf3-45fb-9088-8c08a9dd078d/sdist on ubuntu-latest with py 3.7]   | src/spotpy/gui/mpl.py                                      83      7    92%   19, 34, 39, 95, 150, 158-159\n[d755414a-3cf3-45fb-9088-8c08a9dd078d/sdist on ubuntu-latest with py 3.7]   | src/spotpy/hydrology/__init__.py                            1      0   100%\n[d755414a-3cf3-45fb-9088-8c08a9dd078d/sdist on ubuntu-latest with py 3.7]   | src/spotpy/hydrology/signatures.py                        145      6    96%   107, 179, 296, 298, 300, 318\n[d755414a-3cf3-45fb-9088-8c08a9dd078d/sdist on ubuntu-latest with py 3.7]   | src/spotpy/likelihoods.py                                 356     18    95%   107, 111, 113, 545-549, 578-579, 586, 597-598, 617-622, 825-829, 1176-1179, 1218-1221\n[d755414a-3cf3-45fb-9088-8c08a9dd078d/sdist on ubuntu-latest with py 3.7]   | src/spotpy/objectivefunctions.py                          165      9    95%   539-542, 629-638\n[d755414a-3cf3-45fb-9088-8c08a9dd078d/sdist on ubuntu-latest with py 3.7]   | src/spotpy/parallel/__init__.py                             1      0   100%\n[d755414a-3cf3-45fb-9088-8c08a9dd078d/sdist on ubuntu-latest with py 3.7]   | src/spotpy/parallel/mpi.py                                 73     73     0%   2-203\n[d755414a-3cf3-45fb-9088-8c08a9dd078d/sdist on ubuntu-latest with py 3.7]   | src/spotpy/parallel/mproc.py                               26      5    81%   20, 37, 46, 49-50\n[d755414a-3cf3-45fb-9088-8c08a9dd078d/sdist on ubuntu-latest with py 3.7]   | src/spotpy/parallel/sequential.py                          16      1    94%   16\n[d755414a-3cf3-45fb-9088-8c08a9dd078d/sdist on ubuntu-latest with py 3.7]   | src/spotpy/parallel/umproc.py                              26      5    81%   20, 37, 46, 49-50\n[d755414a-3cf3-45fb-9088-8c08a9dd078d/sdist on ubuntu-latest with py 3.7]   | src/spotpy/parameter.py                                   267     15    94%   265-269, 619-622, 649, 711-716\n[d755414a-3cf3-45fb-9088-8c08a9dd078d/sdist on ubuntu-latest with py 3.7]   | -------------------------------------------------------------------------------------\n[d755414a-3cf3-45fb-9088-8c08a9dd078d/sdist on ubuntu-latest with py 3.7]   | TOTAL                                                    5364   1218    77%\n[d755414a-3cf3-45fb-9088-8c08a9dd078d/sdist on ubuntu-latest with py 3.7]   | \n[d755414a-3cf3-45fb-9088-8c08a9dd078d/sdist on ubuntu-latest with py 3.7]   | ================= 243 passed, 55 warnings in 146.69s (0:02:26) =================\n[d755414a-3cf3-45fb-9088-8c08a9dd078d/sdist on ubuntu-latest with py 3.7]   | Submitting coverage to coveralls.io...\n[d755414a-3cf3-45fb-9088-8c08a9dd078d/sdist on ubuntu-latest with py 3.7]   | Could not submit coverage: 422 Client Error: Unprocessable Entity for url: https://coveralls.io/api/v1/jobs\n[d755414a-3cf3-45fb-9088-8c08a9dd078d/sdist on ubuntu-latest with py 3.7]   | Traceback (most recent call last):\n[d755414a-3cf3-45fb-9088-8c08a9dd078d/sdist on ubuntu-latest with py 3.7]   |   File \"/opt/hostedtoolcache/Python/3.7.11/x64/lib/python3.7/site-packages/coveralls/api.py\", line 290, in submit_report\n[d755414a-3cf3-45fb-9088-8c08a9dd078d/sdist on ubuntu-latest with py 3.7]   |     response.raise_for_status()\n[d755414a-3cf3-45fb-9088-8c08a9dd078d/sdist on ubuntu-latest with py 3.7]   |   File \"/opt/hostedtoolcache/Python/3.7.11/x64/lib/python3.7/site-packages/requests/models.py\", line 1021, in raise_for_status\n[d755414a-3cf3-45fb-9088-8c08a9dd078d/sdist on ubuntu-latest with py 3.7]   |     raise HTTPError(http_error_msg, response=self)\n[d755414a-3cf3-45fb-9088-8c08a9dd078d/sdist on ubuntu-latest with py 3.7]   | requests.exceptions.HTTPError: 422 Client Error: Unprocessable Entity for url: https://coveralls.io/api/v1/jobs\n[d755414a-3cf3-45fb-9088-8c08a9dd078d/sdist on ubuntu-latest with py 3.7]   | \n[d755414a-3cf3-45fb-9088-8c08a9dd078d/sdist on ubuntu-latest with py 3.7]   | The above exception was the direct cause of the following exception:\n[d755414a-3cf3-45fb-9088-8c08a9dd078d/sdist on ubuntu-latest with py 3.7]   | \n[d755414a-3cf3-45fb-9088-8c08a9dd078d/sdist on ubuntu-latest with py 3.7]   | Traceback (most recent call last):\n[d755414a-3cf3-45fb-9088-8c08a9dd078d/sdist on ubuntu-latest with py 3.7]   |   File \"/opt/hostedtoolcache/Python/3.7.11/x64/lib/python3.7/site-packages/coveralls/cli.py\", line 95, in main\n[d755414a-3cf3-45fb-9088-8c08a9dd078d/sdist on ubuntu-latest with py 3.7]   |     result = coverallz.wear()\n[d755414a-3cf3-45fb-9088-8c08a9dd078d/sdist on ubuntu-latest with py 3.7]   |   File \"/opt/hostedtoolcache/Python/3.7.11/x64/lib/python3.7/site-packages/coveralls/api.py\", line 257, in wear\n[d755414a-3cf3-45fb-9088-8c08a9dd078d/sdist on ubuntu-latest with py 3.7]   |     return self.submit_report(json_string)\n[d755414a-3cf3-45fb-9088-8c08a9dd078d/sdist on ubuntu-latest with py 3.7]   |   File \"/opt/hostedtoolcache/Python/3.7.11/x64/lib/python3.7/site-packages/coveralls/api.py\", line 294, in submit_report\n[d755414a-3cf3-45fb-9088-8c08a9dd078d/sdist on ubuntu-latest with py 3.7]   |     'Could not submit coverage: {}'.format(e)) from e\n[d755414a-3cf3-45fb-9088-8c08a9dd078d/sdist on ubuntu-latest with py 3.7]   | coveralls.exception.CoverallsException: Could not submit coverage: 422 Client Error: Unprocessable Entity for url: https://coveralls.io/api/v1/jobs\n[d755414a-3cf3-45fb-9088-8c08a9dd078d/sdist on ubuntu-latest with py 3.7]   | resubmitting with id None\n[d755414a-3cf3-45fb-9088-8c08a9dd078d/sdist on ubuntu-latest with py 3.7]   \u274c  Failure - Main Run tests\n[d755414a-3cf3-45fb-9088-8c08a9dd078d/sdist on ubuntu-latest with py 3.7] exitcode '1': failure\n[d755414a-3cf3-45fb-9088-8c08a9dd078d/sdist on ubuntu-latest with py 3.7] \ud83c\udfc1  Job failed\n",
        "stderr": "Error: Job 'sdist on ${{ matrix.os }} with py ${{ matrix.python-version }}' failed\n",
        "workflow": "/tmp/ad9c0f7e-1596-11ee-8a50-bb14de238602/thouska-spotpy/.github/workflows/main-crawler.yml",
        "build_tool": "pytest",
        "elapsed_time": 345.98331594467163
    }
}