{
    "repository": "tinymanorg/tealish",
    "stars": 81,
    "language": "python",
    "size": 1226,
    "clone_url": "https://github.com/tinymanorg/tealish.git",
    "timestamp": "2023-06-28T18:20:37.108888Z",
    "clone_success": true,
    "number_of_actions": 1,
    "number_of_test_actions": 1,
    "actions_successful": true,
    "actions_build_tools": [
        "unittest"
    ],
    "actions_test_build_tools": [
        "unittest"
    ],
    "actions_run": {
        "failed": false,
        "tests": [
            {
                "classname": "tests.test.TestEverythingProgram",
                "name": "test_pass_compile",
                "time": 0.221,
                "results": [
                    {
                        "result": "Passed",
                        "message": "",
                        "type": ""
                    }
                ],
                "stdout": null,
                "stderr": null
            },
            {
                "classname": "tests.test.TestEverythingProgram",
                "name": "test_pass_parse",
                "time": 0.286,
                "results": [
                    {
                        "result": "Passed",
                        "message": "",
                        "type": ""
                    }
                ],
                "stdout": null,
                "stderr": null
            },
            {
                "classname": "tests.test.TestEverythingProgram",
                "name": "test_pass_reformat",
                "time": 0.321,
                "results": [
                    {
                        "result": "Passed",
                        "message": "",
                        "type": ""
                    }
                ],
                "stdout": null,
                "stderr": null
            },
            {
                "classname": "tests.test.TestExits",
                "name": "test_fail_block_before_exit",
                "time": 0.004,
                "results": [
                    {
                        "result": "Passed",
                        "message": "",
                        "type": ""
                    }
                ],
                "stdout": null,
                "stderr": null
            },
            {
                "classname": "tests.test.TestExits",
                "name": "test_fail_block_without_exit",
                "time": 0.002,
                "results": [
                    {
                        "result": "Passed",
                        "message": "",
                        "type": ""
                    }
                ],
                "stdout": null,
                "stderr": null
            },
            {
                "classname": "tests.test.TestExits",
                "name": "test_fail_block_without_final_exit",
                "time": 0.003,
                "results": [
                    {
                        "result": "Passed",
                        "message": "",
                        "type": ""
                    }
                ],
                "stdout": null,
                "stderr": null
            },
            {
                "classname": "tests.test.TestExits",
                "name": "test_fail_func_before_exit",
                "time": 0.003,
                "results": [
                    {
                        "result": "Passed",
                        "message": "",
                        "type": ""
                    }
                ],
                "stdout": null,
                "stderr": null
            },
            {
                "classname": "tests.test.TestExits",
                "name": "test_pass_comments_after_jump",
                "time": 0.002,
                "results": [
                    {
                        "result": "Passed",
                        "message": "",
                        "type": ""
                    }
                ],
                "stdout": null,
                "stderr": null
            },
            {
                "classname": "tests.test.TestExits",
                "name": "test_pass_func_in_block",
                "time": 0.006,
                "results": [
                    {
                        "result": "Passed",
                        "message": "",
                        "type": ""
                    }
                ],
                "stdout": null,
                "stderr": null
            },
            {
                "classname": "tests.test.TestExits",
                "name": "test_pass_nested_blocks",
                "time": 0.002,
                "results": [
                    {
                        "result": "Passed",
                        "message": "",
                        "type": ""
                    }
                ],
                "stdout": null,
                "stderr": null
            },
            {
                "classname": "tests.test.TestBoxes",
                "name": "test_pass_box",
                "time": 0.007,
                "results": [
                    {
                        "result": "Passed",
                        "message": "",
                        "type": ""
                    }
                ],
                "stdout": null,
                "stderr": null
            },
            {
                "classname": "tests.test.TestBoxes",
                "name": "test_pass_byte_field_access",
                "time": 0.006,
                "results": [
                    {
                        "result": "Passed",
                        "message": "",
                        "type": ""
                    }
                ],
                "stdout": null,
                "stderr": null
            },
            {
                "classname": "tests.test.TestBoxes",
                "name": "test_pass_byte_field_assignment",
                "time": 0.006,
                "results": [
                    {
                        "result": "Passed",
                        "message": "",
                        "type": ""
                    }
                ],
                "stdout": null,
                "stderr": null
            },
            {
                "classname": "tests.test.TestBoxes",
                "name": "test_pass_create_box",
                "time": 0.003,
                "results": [
                    {
                        "result": "Passed",
                        "message": "",
                        "type": ""
                    }
                ],
                "stdout": null,
                "stderr": null
            },
            {
                "classname": "tests.test.TestBoxes",
                "name": "test_pass_int_field_access",
                "time": 0.004,
                "results": [
                    {
                        "result": "Passed",
                        "message": "",
                        "type": ""
                    }
                ],
                "stdout": null,
                "stderr": null
            },
            {
                "classname": "tests.test.TestBoxes",
                "name": "test_pass_int_field_assignment",
                "time": 0.004,
                "results": [
                    {
                        "result": "Passed",
                        "message": "",
                        "type": ""
                    }
                ],
                "stdout": null,
                "stderr": null
            },
            {
                "classname": "tests.test.TestBoxes",
                "name": "test_pass_open_box",
                "time": 0.005,
                "results": [
                    {
                        "result": "Passed",
                        "message": "",
                        "type": ""
                    }
                ],
                "stdout": null,
                "stderr": null
            },
            {
                "classname": "tests.test.TestWhile",
                "name": "test_fail_break_outside_while",
                "time": 0.002,
                "results": [
                    {
                        "result": "Passed",
                        "message": "",
                        "type": ""
                    }
                ],
                "stdout": null,
                "stderr": null
            },
            {
                "classname": "tests.test.TestWhile",
                "name": "test_pass_simple",
                "time": 0.003,
                "results": [
                    {
                        "result": "Passed",
                        "message": "",
                        "type": ""
                    }
                ],
                "stdout": null,
                "stderr": null
            },
            {
                "classname": "tests.test.TestWhile",
                "name": "test_pass_while_break",
                "time": 0.003,
                "results": [
                    {
                        "result": "Passed",
                        "message": "",
                        "type": ""
                    }
                ],
                "stdout": null,
                "stderr": null
            },
            {
                "classname": "tests.test.TestOperators",
                "name": "test_binary",
                "time": 0.001,
                "results": [
                    {
                        "result": "Passed",
                        "message": "",
                        "type": ""
                    }
                ],
                "stdout": null,
                "stderr": null
            },
            {
                "classname": "tests.test.TestOperators",
                "name": "test_binary_with_unary_a",
                "time": 0.003,
                "results": [
                    {
                        "result": "Passed",
                        "message": "",
                        "type": ""
                    }
                ],
                "stdout": null,
                "stderr": null
            },
            {
                "classname": "tests.test.TestOperators",
                "name": "test_binary_with_unary_b",
                "time": 0.002,
                "results": [
                    {
                        "result": "Passed",
                        "message": "",
                        "type": ""
                    }
                ],
                "stdout": null,
                "stderr": null
            },
            {
                "classname": "tests.test.TestOperators",
                "name": "test_unary_functioncall",
                "time": 0.003,
                "results": [
                    {
                        "result": "Passed",
                        "message": "",
                        "type": ""
                    }
                ],
                "stdout": null,
                "stderr": null
            },
            {
                "classname": "tests.test.TestOperators",
                "name": "test_unary_group",
                "time": 0.003,
                "results": [
                    {
                        "result": "Passed",
                        "message": "",
                        "type": ""
                    }
                ],
                "stdout": null,
                "stderr": null
            },
            {
                "classname": "tests.test.TestOperators",
                "name": "test_unary_literal_bytes",
                "time": 0.002,
                "results": [
                    {
                        "result": "Passed",
                        "message": "",
                        "type": ""
                    }
                ],
                "stdout": null,
                "stderr": null
            },
            {
                "classname": "tests.test.TestOperators",
                "name": "test_unary_literal_int",
                "time": 0.002,
                "results": [
                    {
                        "result": "Passed",
                        "message": "",
                        "type": ""
                    }
                ],
                "stdout": null,
                "stderr": null
            },
            {
                "classname": "tests.test.TestOperators",
                "name": "test_unary_variable",
                "time": 0.002,
                "results": [
                    {
                        "result": "Passed",
                        "message": "",
                        "type": ""
                    }
                ],
                "stdout": null,
                "stderr": null
            },
            {
                "classname": "tests.test.TestFields",
                "name": "test_group_index_0",
                "time": 0.004,
                "results": [
                    {
                        "result": "Passed",
                        "message": "",
                        "type": ""
                    }
                ],
                "stdout": null,
                "stderr": null
            },
            {
                "classname": "tests.test.TestFields",
                "name": "test_group_index_1",
                "time": 0.006,
                "results": [
                    {
                        "result": "Passed",
                        "message": "",
                        "type": ""
                    }
                ],
                "stdout": null,
                "stderr": null
            },
            {
                "classname": "tests.test.TestFields",
                "name": "test_group_index_15",
                "time": 0.004,
                "results": [
                    {
                        "result": "Passed",
                        "message": "",
                        "type": ""
                    }
                ],
                "stdout": null,
                "stderr": null
            },
            {
                "classname": "tests.test.TestFields",
                "name": "test_group_index_expression",
                "time": 0.004,
                "results": [
                    {
                        "result": "Passed",
                        "message": "",
                        "type": ""
                    }
                ],
                "stdout": null,
                "stderr": null
            },
            {
                "classname": "tests.test.TestFields",
                "name": "test_group_index_negative",
                "time": 0.002,
                "results": [
                    {
                        "result": "Passed",
                        "message": "",
                        "type": ""
                    }
                ],
                "stdout": null,
                "stderr": null
            },
            {
                "classname": "tests.test.TestFields",
                "name": "test_group_index_negative_array_field",
                "time": 0.005,
                "results": [
                    {
                        "result": "Passed",
                        "message": "",
                        "type": ""
                    }
                ],
                "stdout": null,
                "stderr": null
            },
            {
                "classname": "tests.test.TestFields",
                "name": "test_group_index_positive",
                "time": 0.002,
                "results": [
                    {
                        "result": "Passed",
                        "message": "",
                        "type": ""
                    }
                ],
                "stdout": null,
                "stderr": null
            },
            {
                "classname": "tests.test.TestFields",
                "name": "test_group_index_var",
                "time": 0.005,
                "results": [
                    {
                        "result": "Passed",
                        "message": "",
                        "type": ""
                    }
                ],
                "stdout": null,
                "stderr": null
            },
            {
                "classname": "tests.test.TestFields",
                "name": "test_group_txn_array_index_0",
                "time": 0.004,
                "results": [
                    {
                        "result": "Passed",
                        "message": "",
                        "type": ""
                    }
                ],
                "stdout": null,
                "stderr": null
            },
            {
                "classname": "tests.test.TestFields",
                "name": "test_group_txn_array_index_expression",
                "time": 0.006,
                "results": [
                    {
                        "result": "Passed",
                        "message": "",
                        "type": ""
                    }
                ],
                "stdout": null,
                "stderr": null
            },
            {
                "classname": "tests.test.TestFields",
                "name": "test_group_txn_index_expression_array_index_expression",
                "time": 0.004,
                "results": [
                    {
                        "result": "Passed",
                        "message": "",
                        "type": ""
                    }
                ],
                "stdout": null,
                "stderr": null
            },
            {
                "classname": "tests.test.TestFields",
                "name": "test_txn_array_index_0",
                "time": 0.003,
                "results": [
                    {
                        "result": "Passed",
                        "message": "",
                        "type": ""
                    }
                ],
                "stdout": null,
                "stderr": null
            },
            {
                "classname": "tests.test.TestFields",
                "name": "test_txn_array_index_expression",
                "time": 0.003,
                "results": [
                    {
                        "result": "Passed",
                        "message": "",
                        "type": ""
                    }
                ],
                "stdout": null,
                "stderr": null
            },
            {
                "classname": "tests.test.TestAssignment",
                "name": "test_assign",
                "time": 0.002,
                "results": [
                    {
                        "result": "Passed",
                        "message": "",
                        "type": ""
                    }
                ],
                "stdout": null,
                "stderr": null
            },
            {
                "classname": "tests.test.TestAssignment",
                "name": "test_declare_assign",
                "time": 0.003,
                "results": [
                    {
                        "result": "Passed",
                        "message": "",
                        "type": ""
                    }
                ],
                "stdout": null,
                "stderr": null
            },
            {
                "classname": "tests.test.TestAssignment",
                "name": "test_double_assign",
                "time": 0.008,
                "results": [
                    {
                        "result": "Passed",
                        "message": "",
                        "type": ""
                    }
                ],
                "stdout": null,
                "stderr": null
            },
            {
                "classname": "tests.test.TestAssignment",
                "name": "test_fail_assign_without_declare",
                "time": 0.002,
                "results": [
                    {
                        "result": "Passed",
                        "message": "",
                        "type": ""
                    }
                ],
                "stdout": null,
                "stderr": null
            },
            {
                "classname": "tests.test.TestAssignment",
                "name": "test_fail_invalid",
                "time": 0.001,
                "results": [
                    {
                        "result": "Passed",
                        "message": "",
                        "type": ""
                    }
                ],
                "stdout": null,
                "stderr": null
            },
            {
                "classname": "tests.test.TestTealVersion",
                "name": "test_invalid_version",
                "time": 0.0,
                "results": [
                    {
                        "result": "Passed",
                        "message": "",
                        "type": ""
                    }
                ],
                "stdout": null,
                "stderr": null
            },
            {
                "classname": "tests.test.TestTealVersion",
                "name": "test_multiple_characters",
                "time": 0.0,
                "results": [
                    {
                        "result": "Passed",
                        "message": "",
                        "type": ""
                    }
                ],
                "stdout": null,
                "stderr": null
            },
            {
                "classname": "tests.test.TestTealVersion",
                "name": "test_one_character",
                "time": 0.0,
                "results": [
                    {
                        "result": "Passed",
                        "message": "",
                        "type": ""
                    }
                ],
                "stdout": null,
                "stderr": null
            },
            {
                "classname": "tests.test.TestStructs",
                "name": "test_fail_definition_after_statement",
                "time": 0.002,
                "results": [
                    {
                        "result": "Passed",
                        "message": "",
                        "type": ""
                    }
                ],
                "stdout": null,
                "stderr": null
            },
            {
                "classname": "tests.test.TestStructs",
                "name": "test_fail_definition_inside_statement",
                "time": 0.001,
                "results": [
                    {
                        "result": "Passed",
                        "message": "",
                        "type": ""
                    }
                ],
                "stdout": null,
                "stderr": null
            },
            {
                "classname": "tests.test.TestStructs",
                "name": "test_fail_definition_lowercase_name",
                "time": 0.0,
                "results": [
                    {
                        "result": "Passed",
                        "message": "",
                        "type": ""
                    }
                ],
                "stdout": null,
                "stderr": null
            },
            {
                "classname": "tests.test.TestStructs",
                "name": "test_fail_definition_uppercase_field_name",
                "time": 0.0,
                "results": [
                    {
                        "result": "Passed",
                        "message": "",
                        "type": ""
                    }
                ],
                "stdout": null,
                "stderr": null
            },
            {
                "classname": "tests.test.TestStructs",
                "name": "test_pass_byte_field_access",
                "time": 0.005,
                "results": [
                    {
                        "result": "Passed",
                        "message": "",
                        "type": ""
                    }
                ],
                "stdout": null,
                "stderr": null
            },
            {
                "classname": "tests.test.TestStructs",
                "name": "test_pass_byte_field_assignment",
                "time": 0.004,
                "results": [
                    {
                        "result": "Passed",
                        "message": "",
                        "type": ""
                    }
                ],
                "stdout": null,
                "stderr": null
            },
            {
                "classname": "tests.test.TestStructs",
                "name": "test_pass_declaration",
                "time": 0.002,
                "results": [
                    {
                        "result": "Passed",
                        "message": "",
                        "type": ""
                    }
                ],
                "stdout": null,
                "stderr": null
            },
            {
                "classname": "tests.test.TestStructs",
                "name": "test_pass_definition",
                "time": 0.001,
                "results": [
                    {
                        "result": "Passed",
                        "message": "",
                        "type": ""
                    }
                ],
                "stdout": null,
                "stderr": null
            },
            {
                "classname": "tests.test.TestStructs",
                "name": "test_pass_int_field_access",
                "time": 0.004,
                "results": [
                    {
                        "result": "Passed",
                        "message": "",
                        "type": ""
                    }
                ],
                "stdout": null,
                "stderr": null
            },
            {
                "classname": "tests.test.TestStructs",
                "name": "test_pass_int_field_assignment",
                "time": 0.205,
                "results": [
                    {
                        "result": "Passed",
                        "message": "",
                        "type": ""
                    }
                ],
                "stdout": null,
                "stderr": null
            },
            {
                "classname": "tests.test.TestInnerGroup",
                "name": "test_pass_inner_group_with_statement",
                "time": 0.008,
                "results": [
                    {
                        "result": "Passed",
                        "message": "",
                        "type": ""
                    }
                ],
                "stdout": null,
                "stderr": null
            },
            {
                "classname": "tests.test.TestInnerGroup",
                "name": "test_pass_simple_inner_group",
                "time": 0.018,
                "results": [
                    {
                        "result": "Passed",
                        "message": "",
                        "type": ""
                    }
                ],
                "stdout": null,
                "stderr": null
            },
            {
                "classname": "tests.test.TestInnerGroup",
                "name": "test_pass_inner_group_with_if",
                "time": 0.026,
                "results": [
                    {
                        "result": "Skipped",
                        "message": "expected failure: (<class 'AssertionError'>, AssertionError(\"Lists differ: ['itx[242 chars]:', 'itxn_next', 'pushint 1', 'itxn_field Type[562 chars]mit'] != ['itx[242 chars]:', 'pushint 1', 'itxn_field TypeEnum', 'pushi[549 chars]mit']\\n\\nFirst differing element 15:\\n'itxn_next'\\n'pushint 1'\\n\\nFirst list contains 1 additional elements.\\nFirst extra element 46:\\n'itxn_submit'\\n\\nDiff is 1001 characters long. Set self.maxDiff to None to see it.\"), <traceback object at 0x7f78ac818840>)",
                        "type": "XFAIL"
                    }
                ],
                "stdout": null,
                "stderr": null
            },
            {
                "classname": "tests.test.TestTypeCheck",
                "name": "test_debug",
                "time": 0.002,
                "results": [
                    {
                        "result": "Passed",
                        "message": "",
                        "type": ""
                    }
                ],
                "stdout": null,
                "stderr": null
            },
            {
                "classname": "tests.test.TestTypeCheck",
                "name": "test_fail_1",
                "time": 0.002,
                "results": [
                    {
                        "result": "Passed",
                        "message": "",
                        "type": ""
                    }
                ],
                "stdout": null,
                "stderr": null
            },
            {
                "classname": "tests.test.TestTypeCheck",
                "name": "test_fail_2",
                "time": 0.002,
                "results": [
                    {
                        "result": "Passed",
                        "message": "",
                        "type": ""
                    }
                ],
                "stdout": null,
                "stderr": null
            },
            {
                "classname": "tests.test.TestTypeCheck",
                "name": "test_fail_3",
                "time": 0.002,
                "results": [
                    {
                        "result": "Passed",
                        "message": "",
                        "type": ""
                    }
                ],
                "stdout": null,
                "stderr": null
            },
            {
                "classname": "tests.test.TestTypeCheck",
                "name": "test_fail_4",
                "time": 0.002,
                "results": [
                    {
                        "result": "Passed",
                        "message": "",
                        "type": ""
                    }
                ],
                "stdout": null,
                "stderr": null
            },
            {
                "classname": "tests.test.TestTypeCheck",
                "name": "test_fail_5",
                "time": 0.003,
                "results": [
                    {
                        "result": "Passed",
                        "message": "",
                        "type": ""
                    }
                ],
                "stdout": null,
                "stderr": null
            },
            {
                "classname": "tests.test.TestTypeCheck",
                "name": "test_pass_1",
                "time": 0.001,
                "results": [
                    {
                        "result": "Passed",
                        "message": "",
                        "type": ""
                    }
                ],
                "stdout": null,
                "stderr": null
            },
            {
                "classname": "tests.test.TestTypeCheck",
                "name": "test_pass_2",
                "time": 0.003,
                "results": [
                    {
                        "result": "Passed",
                        "message": "",
                        "type": ""
                    }
                ],
                "stdout": null,
                "stderr": null
            },
            {
                "classname": "tests.test.TestTypeCheck",
                "name": "test_pass_3",
                "time": 0.001,
                "results": [
                    {
                        "result": "Passed",
                        "message": "",
                        "type": ""
                    }
                ],
                "stdout": null,
                "stderr": null
            },
            {
                "classname": "tests.test.TestForLoop",
                "name": "test_pass_explicit",
                "time": 0.006,
                "results": [
                    {
                        "result": "Passed",
                        "message": "",
                        "type": ""
                    }
                ],
                "stdout": null,
                "stderr": null
            },
            {
                "classname": "tests.test.TestForLoop",
                "name": "test_pass_implicit",
                "time": 0.225,
                "results": [
                    {
                        "result": "Passed",
                        "message": "",
                        "type": ""
                    }
                ],
                "stdout": null,
                "stderr": null
            },
            {
                "classname": "tests.test.TestIF",
                "name": "test_pass_if_elif",
                "time": 0.005,
                "results": [
                    {
                        "result": "Passed",
                        "message": "",
                        "type": ""
                    }
                ],
                "stdout": null,
                "stderr": null
            },
            {
                "classname": "tests.test.TestIF",
                "name": "test_pass_if_elif_not",
                "time": 0.006,
                "results": [
                    {
                        "result": "Passed",
                        "message": "",
                        "type": ""
                    }
                ],
                "stdout": null,
                "stderr": null
            },
            {
                "classname": "tests.test.TestIF",
                "name": "test_pass_if_else",
                "time": 0.004,
                "results": [
                    {
                        "result": "Passed",
                        "message": "",
                        "type": ""
                    }
                ],
                "stdout": null,
                "stderr": null
            },
            {
                "classname": "tests.test.TestIF",
                "name": "test_pass_if_not",
                "time": 0.002,
                "results": [
                    {
                        "result": "Passed",
                        "message": "",
                        "type": ""
                    }
                ],
                "stdout": null,
                "stderr": null
            },
            {
                "classname": "tests.test.TestIF",
                "name": "test_pass_simple_if",
                "time": 0.002,
                "results": [
                    {
                        "result": "Passed",
                        "message": "",
                        "type": ""
                    }
                ],
                "stdout": null,
                "stderr": null
            },
            {
                "classname": "tests.test.TestAssert",
                "name": "test_fail_wrong_type",
                "time": 0.008,
                "results": [
                    {
                        "result": "Passed",
                        "message": "",
                        "type": ""
                    }
                ],
                "stdout": null,
                "stderr": null
            },
            {
                "classname": "tests.test.TestAssert",
                "name": "test_pass_1",
                "time": 0.003,
                "results": [
                    {
                        "result": "Passed",
                        "message": "",
                        "type": ""
                    }
                ],
                "stdout": null,
                "stderr": null
            },
            {
                "classname": "tests.test.TestAssert",
                "name": "test_pass_assert_with_group_expression",
                "time": 0.002,
                "results": [
                    {
                        "result": "Passed",
                        "message": "",
                        "type": ""
                    }
                ],
                "stdout": null,
                "stderr": null
            },
            {
                "classname": "tests.test.TestAssert",
                "name": "test_pass_assert_with_message",
                "time": 0.002,
                "results": [
                    {
                        "result": "Passed",
                        "message": "",
                        "type": ""
                    }
                ],
                "stdout": null,
                "stderr": null
            },
            {
                "classname": "tests.test.TestAssert",
                "name": "test_pass_assert_with_message_collection",
                "time": 0.027,
                "results": [
                    {
                        "result": "Passed",
                        "message": "",
                        "type": ""
                    }
                ],
                "stdout": null,
                "stderr": null
            },
            {
                "classname": "tests.test.TestAssert",
                "name": "test_pass_simple_assert",
                "time": 0.002,
                "results": [
                    {
                        "result": "Passed",
                        "message": "",
                        "type": ""
                    }
                ],
                "stdout": null,
                "stderr": null
            },
            {
                "classname": "tests.test.TestFunctionReturn",
                "name": "test_fail_no_return",
                "time": 0.003,
                "results": [
                    {
                        "result": "Passed",
                        "message": "",
                        "type": ""
                    }
                ],
                "stdout": null,
                "stderr": null
            },
            {
                "classname": "tests.test.TestFunctionReturn",
                "name": "test_pass",
                "time": 0.002,
                "results": [
                    {
                        "result": "Passed",
                        "message": "",
                        "type": ""
                    }
                ],
                "stdout": null,
                "stderr": null
            },
            {
                "classname": "tests.test.TestFunctionReturn",
                "name": "test_pass_return_bytes_with_comma",
                "time": 0.006,
                "results": [
                    {
                        "result": "Passed",
                        "message": "",
                        "type": ""
                    }
                ],
                "stdout": null,
                "stderr": null
            },
            {
                "classname": "tests.test.TestFunctionReturn",
                "name": "test_pass_return_literal",
                "time": 0.003,
                "results": [
                    {
                        "result": "Passed",
                        "message": "",
                        "type": ""
                    }
                ],
                "stdout": null,
                "stderr": null
            },
            {
                "classname": "tests.test.TestFunctionReturn",
                "name": "test_pass_return_math_expression",
                "time": 0.003,
                "results": [
                    {
                        "result": "Passed",
                        "message": "",
                        "type": ""
                    }
                ],
                "stdout": null,
                "stderr": null
            },
            {
                "classname": "tests.test.TestFunctionReturn",
                "name": "test_pass_return_two_func_calls",
                "time": 0.007,
                "results": [
                    {
                        "result": "Passed",
                        "message": "",
                        "type": ""
                    }
                ],
                "stdout": null,
                "stderr": null
            },
            {
                "classname": "tests.test.TestFunctionReturn",
                "name": "test_pass_return_two_literals",
                "time": 0.006,
                "results": [
                    {
                        "result": "Passed",
                        "message": "",
                        "type": ""
                    }
                ],
                "stdout": null,
                "stderr": null
            },
            {
                "classname": "tests.test.TestFunctionReturn",
                "name": "test_pass_return_two_math_expressions",
                "time": 0.004,
                "results": [
                    {
                        "result": "Passed",
                        "message": "",
                        "type": ""
                    }
                ],
                "stdout": null,
                "stderr": null
            },
            {
                "classname": "tests.test.TestFunctionReturn",
                "name": "test_fail_wrong_sig_1_return",
                "time": 0.003,
                "results": [
                    {
                        "result": "Skipped",
                        "message": "expected failure: (<class 'AssertionError'>, AssertionError('CompileError not raised'), <traceback object at 0x7f78ae295380>)",
                        "type": "XFAIL"
                    }
                ],
                "stdout": null,
                "stderr": null
            },
            {
                "classname": "tests.test.TestFunctionReturn",
                "name": "test_fail_wrong_sig_2_returns",
                "time": 0.004,
                "results": [
                    {
                        "result": "Skipped",
                        "message": "expected failure: (<class 'AssertionError'>, AssertionError('CompileError not raised'), <traceback object at 0x7f78acdc1340>)",
                        "type": "XFAIL"
                    }
                ],
                "stdout": null,
                "stderr": null
            },
            {
                "classname": "tests.test.TestPseudoOp",
                "name": "test_pass_method_return",
                "time": 0.003,
                "results": [
                    {
                        "result": "Passed",
                        "message": "",
                        "type": ""
                    }
                ],
                "stdout": null,
                "stderr": null
            },
            {
                "classname": "tests.test.TestPseudoOp",
                "name": "test_pass_method_void",
                "time": 0.003,
                "results": [
                    {
                        "result": "Passed",
                        "message": "",
                        "type": ""
                    }
                ],
                "stdout": null,
                "stderr": null
            },
            {
                "classname": "tests.test.TestPseudoOp",
                "name": "test_pass_method_const",
                "time": 0.007,
                "results": [
                    {
                        "result": "Skipped",
                        "message": "expected failure: (<class 'AssertionError'>, AssertionError('Lists differ: [\\'method SIG\\', \\'log\\'] != [\\'method \"name(uint64,uint64)\"\\', \\'log\\']\\n\\nFirst differing element 0:\\n\\'method SIG\\'\\n\\'method \"name(uint64,uint64)\"\\'\\n\\n- [\\'method SIG\\', \\'log\\']\\n+ [\\'method \"name(uint64,uint64)\"\\', \\'log\\']'), <traceback object at 0x7f78ad22ce80>)",
                        "type": "XFAIL"
                    }
                ],
                "stdout": null,
                "stderr": null
            }
        ],
        "stdout": "[f4a689d9-ecd4-41af-8214-c767cb28272c/build] \ud83d\ude80  Start image=crawlergpt:latest\n[f4a689d9-ecd4-41af-8214-c767cb28272c/build]   \ud83d\udc33  docker pull image=crawlergpt:latest platform= username= forcePull=false\n[f4a689d9-ecd4-41af-8214-c767cb28272c/build]   \ud83d\udc33  docker create image=crawlergpt:latest platform= entrypoint=[\"tail\" \"-f\" \"/dev/null\"] cmd=[]\n[f4a689d9-ecd4-41af-8214-c767cb28272c/build]   \ud83d\udc33  docker run image=crawlergpt:latest platform= entrypoint=[\"tail\" \"-f\" \"/dev/null\"] cmd=[]\n[f4a689d9-ecd4-41af-8214-c767cb28272c/build]   \ud83d\udc33  docker exec cmd=[chown -R 1012:1013 /tmp/ad9c0f7e-1596-11ee-8a50-bb14de238602/tinymanorg-tealish] user=0 workdir=\n[f4a689d9-ecd4-41af-8214-c767cb28272c/build]   \u2601  git clone 'https://github.com/actions/setup-python' # ref=v4\n[f4a689d9-ecd4-41af-8214-c767cb28272c/build] \ud83e\uddea  Matrix: map[python-version:3.10]\n[f4a689d9-ecd4-41af-8214-c767cb28272c/build] \u2b50 Run Main actions/checkout@v3\n[f4a689d9-ecd4-41af-8214-c767cb28272c/build]   \u2705  Success - Main actions/checkout@v3\n[f4a689d9-ecd4-41af-8214-c767cb28272c/build] \u2b50 Run Main Set up Python 3.10\n[f4a689d9-ecd4-41af-8214-c767cb28272c/build]   \ud83d\udc33  docker cp src=/tmp/act-cache/d895ff4d-01d1-4021-b859-e3f1c4577d88/act/actions-setup-python@v4/ dst=/var/run/act/actions/actions-setup-python@v4/\n[f4a689d9-ecd4-41af-8214-c767cb28272c/build]   \ud83d\udc33  docker exec cmd=[chown -R 1012:1013 /var/run/act/actions/actions-setup-python@v4/] user=0 workdir=\n[f4a689d9-ecd4-41af-8214-c767cb28272c/build]   \ud83d\udc33  docker exec cmd=[node /var/run/act/actions/actions-setup-python@v4/dist/setup/index.js] user= workdir=\n[f4a689d9-ecd4-41af-8214-c767cb28272c/build]   \ud83d\udcac  ::debug::Python is expected to be installed into /opt/hostedtoolcache\n[f4a689d9-ecd4-41af-8214-c767cb28272c/build]   \u2753  ::group::Installed versions\n[f4a689d9-ecd4-41af-8214-c767cb28272c/build]   \ud83d\udcac  ::debug::Semantic version spec of 3.10 is 3.10\n[f4a689d9-ecd4-41af-8214-c767cb28272c/build]   \ud83d\udcac  ::debug::isExplicit: \n[f4a689d9-ecd4-41af-8214-c767cb28272c/build]   \ud83d\udcac  ::debug::explicit? false\n[f4a689d9-ecd4-41af-8214-c767cb28272c/build]   \ud83d\udcac  ::debug::isExplicit: 2.7.18\n[f4a689d9-ecd4-41af-8214-c767cb28272c/build]   \ud83d\udcac  ::debug::explicit? true\n[f4a689d9-ecd4-41af-8214-c767cb28272c/build]   \ud83d\udcac  ::debug::isExplicit: 3.5.10\n[f4a689d9-ecd4-41af-8214-c767cb28272c/build]   \ud83d\udcac  ::debug::explicit? true\n[f4a689d9-ecd4-41af-8214-c767cb28272c/build]   \ud83d\udcac  ::debug::isExplicit: 3.6.14\n[f4a689d9-ecd4-41af-8214-c767cb28272c/build]   \ud83d\udcac  ::debug::explicit? true\n[f4a689d9-ecd4-41af-8214-c767cb28272c/build]   \ud83d\udcac  ::debug::isExplicit: 3.7.11\n[f4a689d9-ecd4-41af-8214-c767cb28272c/build]   \ud83d\udcac  ::debug::explicit? true\n[f4a689d9-ecd4-41af-8214-c767cb28272c/build]   \ud83d\udcac  ::debug::isExplicit: 3.8.11\n[f4a689d9-ecd4-41af-8214-c767cb28272c/build]   \ud83d\udcac  ::debug::explicit? true\n[f4a689d9-ecd4-41af-8214-c767cb28272c/build]   \ud83d\udcac  ::debug::isExplicit: 3.9.6\n[f4a689d9-ecd4-41af-8214-c767cb28272c/build]   \ud83d\udcac  ::debug::explicit? true\n[f4a689d9-ecd4-41af-8214-c767cb28272c/build]   \ud83d\udcac  ::debug::evaluating 6 versions\n[f4a689d9-ecd4-41af-8214-c767cb28272c/build]   \ud83d\udcac  ::debug::match not found\n[f4a689d9-ecd4-41af-8214-c767cb28272c/build]   | Version 3.10 was not found in the local cache\n[f4a689d9-ecd4-41af-8214-c767cb28272c/build]   \ud83d\udcac  ::debug::Getting manifest from actions/python-versions@main\n[f4a689d9-ecd4-41af-8214-c767cb28272c/build]   \ud83d\udcac  ::debug::set auth\n[f4a689d9-ecd4-41af-8214-c767cb28272c/build]   \ud83d\udcac  ::debug::check 3.12.0-beta.3 satisfies 3.10\n[f4a689d9-ecd4-41af-8214-c767cb28272c/build]   \ud83d\udcac  ::debug::check 3.12.0-beta.2 satisfies 3.10\n[f4a689d9-ecd4-41af-8214-c767cb28272c/build]   \ud83d\udcac  ::debug::check 3.12.0-beta.1 satisfies 3.10\n[f4a689d9-ecd4-41af-8214-c767cb28272c/build]   \ud83d\udcac  ::debug::check 3.12.0-alpha.7 satisfies 3.10\n[f4a689d9-ecd4-41af-8214-c767cb28272c/build]   \ud83d\udcac  ::debug::check 3.12.0-alpha.6 satisfies 3.10\n[f4a689d9-ecd4-41af-8214-c767cb28272c/build]   \ud83d\udcac  ::debug::check 3.12.0-alpha.5 satisfies 3.10\n[f4a689d9-ecd4-41af-8214-c767cb28272c/build]   \ud83d\udcac  ::debug::check 3.12.0-alpha.4 satisfies 3.10\n[f4a689d9-ecd4-41af-8214-c767cb28272c/build]   \ud83d\udcac  ::debug::check 3.12.0-alpha.3 satisfies 3.10\n[f4a689d9-ecd4-41af-8214-c767cb28272c/build]   \ud83d\udcac  ::debug::check 3.12.0-alpha.2 satisfies 3.10\n[f4a689d9-ecd4-41af-8214-c767cb28272c/build]   \ud83d\udcac  ::debug::check 3.12.0-alpha.1 satisfies 3.10\n[f4a689d9-ecd4-41af-8214-c767cb28272c/build]   \ud83d\udcac  ::debug::check 3.11.4 satisfies 3.10\n[f4a689d9-ecd4-41af-8214-c767cb28272c/build]   \ud83d\udcac  ::debug::check 3.11.3 satisfies 3.10\n[f4a689d9-ecd4-41af-8214-c767cb28272c/build]   \ud83d\udcac  ::debug::check 3.11.2 satisfies 3.10\n[f4a689d9-ecd4-41af-8214-c767cb28272c/build]   \ud83d\udcac  ::debug::check 3.11.1 satisfies 3.10\n[f4a689d9-ecd4-41af-8214-c767cb28272c/build]   \ud83d\udcac  ::debug::check 3.11.0 satisfies 3.10\n[f4a689d9-ecd4-41af-8214-c767cb28272c/build]   \ud83d\udcac  ::debug::check 3.11.0-rc.2 satisfies 3.10\n[f4a689d9-ecd4-41af-8214-c767cb28272c/build]   \ud83d\udcac  ::debug::check 3.11.0-rc.1 satisfies 3.10\n[f4a689d9-ecd4-41af-8214-c767cb28272c/build]   \ud83d\udcac  ::debug::check 3.11.0-beta.5 satisfies 3.10\n[f4a689d9-ecd4-41af-8214-c767cb28272c/build]   \ud83d\udcac  ::debug::check 3.11.0-beta.4 satisfies 3.10\n[f4a689d9-ecd4-41af-8214-c767cb28272c/build]   \ud83d\udcac  ::debug::check 3.11.0-beta.3 satisfies 3.10\n[f4a689d9-ecd4-41af-8214-c767cb28272c/build]   \ud83d\udcac  ::debug::check 3.11.0-beta.2 satisfies 3.10\n[f4a689d9-ecd4-41af-8214-c767cb28272c/build]   \ud83d\udcac  ::debug::check 3.11.0-beta.1 satisfies 3.10\n[f4a689d9-ecd4-41af-8214-c767cb28272c/build]   \ud83d\udcac  ::debug::check 3.11.0-alpha.7 satisfies 3.10\n[f4a689d9-ecd4-41af-8214-c767cb28272c/build]   \ud83d\udcac  ::debug::check 3.11.0-alpha.6 satisfies 3.10\n[f4a689d9-ecd4-41af-8214-c767cb28272c/build]   \ud83d\udcac  ::debug::check 3.11.0-alpha.5 satisfies 3.10\n[f4a689d9-ecd4-41af-8214-c767cb28272c/build]   \ud83d\udcac  ::debug::check 3.11.0-alpha.4 satisfies 3.10\n[f4a689d9-ecd4-41af-8214-c767cb28272c/build]   \ud83d\udcac  ::debug::check 3.11.0-alpha.3 satisfies 3.10\n[f4a689d9-ecd4-41af-8214-c767cb28272c/build]   \ud83d\udcac  ::debug::check 3.11.0-alpha.2 satisfies 3.10\n[f4a689d9-ecd4-41af-8214-c767cb28272c/build]   \ud83d\udcac  ::debug::check 3.11.0-alpha.1 satisfies 3.10\n[f4a689d9-ecd4-41af-8214-c767cb28272c/build]   \ud83d\udcac  ::debug::check 3.10.12 satisfies 3.10\n[f4a689d9-ecd4-41af-8214-c767cb28272c/build]   \ud83d\udcac  ::debug::x64===x64 && darwin===linux\n[f4a689d9-ecd4-41af-8214-c767cb28272c/build]   \ud83d\udcac  ::debug::x64===x64 && linux===linux\n[f4a689d9-ecd4-41af-8214-c767cb28272c/build]   \ud83d\udcac  ::debug::matched 3.10.12\n[f4a689d9-ecd4-41af-8214-c767cb28272c/build]   | Version 3.10 is available for downloading\n[f4a689d9-ecd4-41af-8214-c767cb28272c/build]   | Download from \"https://github.com/actions/python-versions/releases/download/3.10.12-5200619051/python-3.10.12-linux-20.04-x64.tar.gz\"\n[f4a689d9-ecd4-41af-8214-c767cb28272c/build]   \ud83d\udcac  ::debug::Downloading https://github.com/actions/python-versions/releases/download/3.10.12-5200619051/python-3.10.12-linux-20.04-x64.tar.gz\n[f4a689d9-ecd4-41af-8214-c767cb28272c/build]   \ud83d\udcac  ::debug::Destination /tmp/9a34f550-5db7-4ca1-807f-9f89f6433239\n[f4a689d9-ecd4-41af-8214-c767cb28272c/build]   \ud83d\udcac  ::debug::set auth\n[f4a689d9-ecd4-41af-8214-c767cb28272c/build]   \ud83d\udcac  ::debug::download complete\n[f4a689d9-ecd4-41af-8214-c767cb28272c/build]   | Extract downloaded archive\n[f4a689d9-ecd4-41af-8214-c767cb28272c/build]   \ud83d\udcac  ::debug::Checking tar --version\n[f4a689d9-ecd4-41af-8214-c767cb28272c/build]   \ud83d\udcac  ::debug::tar (GNU tar) 1.30%0ACopyright (C) 2017 Free Software Foundation, Inc.%0ALicense GPLv3+: GNU GPL version 3 or later <https://gnu.org/licenses/gpl.html>.%0AThis is free software: you are free to change and redistribute it.%0AThere is NO WARRANTY, to the extent permitted by law.%0A%0AWritten by John Gilmore and Jay Fenlason.\n[f4a689d9-ecd4-41af-8214-c767cb28272c/build]   | [command]/usr/bin/tar xz --warning=no-unknown-keyword -C /tmp/40af2e90-1c9e-45d5-93d7-1cfd1f6577c1 -f /tmp/9a34f550-5db7-4ca1-807f-9f89f6433239\n[f4a689d9-ecd4-41af-8214-c767cb28272c/build]   | Execute installation script\n[f4a689d9-ecd4-41af-8214-c767cb28272c/build]   | Check if Python hostedtoolcache folder exist...\n[f4a689d9-ecd4-41af-8214-c767cb28272c/build]   | Create Python 3.10.12 folder\n[f4a689d9-ecd4-41af-8214-c767cb28272c/build]   | Copy Python binaries to hostedtoolcache folder\n[f4a689d9-ecd4-41af-8214-c767cb28272c/build]   | Create additional symlinks (Required for the UsePythonVersion Azure Pipelines task and the setup-python GitHub Action)\n[f4a689d9-ecd4-41af-8214-c767cb28272c/build]   | Upgrading pip...\n[f4a689d9-ecd4-41af-8214-c767cb28272c/build]   | Looking in links: /tmp/tmpcljpxjot\n[f4a689d9-ecd4-41af-8214-c767cb28272c/build]   | Requirement already satisfied: setuptools in /opt/hostedtoolcache/Python/3.10.12/x64/lib/python3.10/site-packages (65.5.0)\n[f4a689d9-ecd4-41af-8214-c767cb28272c/build]   | Requirement already satisfied: pip in /opt/hostedtoolcache/Python/3.10.12/x64/lib/python3.10/site-packages (23.0.1)\n[f4a689d9-ecd4-41af-8214-c767cb28272c/build]   | Collecting pip\n[f4a689d9-ecd4-41af-8214-c767cb28272c/build]   | Downloading pip-23.1.2-py3-none-any.whl (2.1 MB)\n[f4a689d9-ecd4-41af-8214-c767cb28272c/build]   | \u2501\u2501\u2501\u2501\u2501\u2501\u2501\u2501\u2501\u2501\u2501\u2501\u2501\u2501\u2501\u2501\u2501\u2501\u2501\u2501\u2501\u2501\u2501\u2501\u2501\u2501\u2501\u2501\u2501\u2501\u2501\u2501\u2501\u2501\u2501\u2501\u2501\u2501\u2501\u2501 2.1/2.1 MB 17.1 MB/s eta 0:00:00\n[f4a689d9-ecd4-41af-8214-c767cb28272c/build]   | \n[f4a689d9-ecd4-41af-8214-c767cb28272c/build]   | Installing collected packages: pip\n[f4a689d9-ecd4-41af-8214-c767cb28272c/build]   | Successfully installed pip-23.1.2\n[f4a689d9-ecd4-41af-8214-c767cb28272c/build]   | Create complete file\n[f4a689d9-ecd4-41af-8214-c767cb28272c/build]   \ud83d\udcac  ::debug::isExplicit: \n[f4a689d9-ecd4-41af-8214-c767cb28272c/build]   \ud83d\udcac  ::debug::explicit? false\n[f4a689d9-ecd4-41af-8214-c767cb28272c/build]   \ud83d\udcac  ::debug::isExplicit: 2.7.18\n[f4a689d9-ecd4-41af-8214-c767cb28272c/build]   \ud83d\udcac  ::debug::explicit? true\n[f4a689d9-ecd4-41af-8214-c767cb28272c/build]   \ud83d\udcac  ::debug::isExplicit: 3.10.12\n[f4a689d9-ecd4-41af-8214-c767cb28272c/build]   \ud83d\udcac  ::debug::explicit? true\n[f4a689d9-ecd4-41af-8214-c767cb28272c/build]   \ud83d\udcac  ::debug::isExplicit: 3.5.10\n[f4a689d9-ecd4-41af-8214-c767cb28272c/build]   \ud83d\udcac  ::debug::explicit? true\n[f4a689d9-ecd4-41af-8214-c767cb28272c/build]   \ud83d\udcac  ::debug::isExplicit: 3.6.14\n[f4a689d9-ecd4-41af-8214-c767cb28272c/build]   \ud83d\udcac  ::debug::explicit? true\n[f4a689d9-ecd4-41af-8214-c767cb28272c/build]   \ud83d\udcac  ::debug::isExplicit: 3.7.11\n[f4a689d9-ecd4-41af-8214-c767cb28272c/build]   \ud83d\udcac  ::debug::explicit? true\n[f4a689d9-ecd4-41af-8214-c767cb28272c/build]   \ud83d\udcac  ::debug::isExplicit: 3.8.11\n[f4a689d9-ecd4-41af-8214-c767cb28272c/build]   \ud83d\udcac  ::debug::explicit? true\n[f4a689d9-ecd4-41af-8214-c767cb28272c/build]   \ud83d\udcac  ::debug::isExplicit: 3.9.6\n[f4a689d9-ecd4-41af-8214-c767cb28272c/build]   \ud83d\udcac  ::debug::explicit? true\n[f4a689d9-ecd4-41af-8214-c767cb28272c/build]   \ud83d\udcac  ::debug::evaluating 7 versions\n[f4a689d9-ecd4-41af-8214-c767cb28272c/build]   \ud83d\udcac  ::debug::matched: 3.10.12\n[f4a689d9-ecd4-41af-8214-c767cb28272c/build]   \ud83d\udcac  ::debug::checking cache: /opt/hostedtoolcache/Python/3.10.12/x64\n[f4a689d9-ecd4-41af-8214-c767cb28272c/build]   \ud83d\udcac  ::debug::Found tool in cache Python 3.10.12 x64\n[f4a689d9-ecd4-41af-8214-c767cb28272c/build]   | Successfully set up CPython (3.10.12)\n[f4a689d9-ecd4-41af-8214-c767cb28272c/build]   \u2753  ::endgroup::\n[f4a689d9-ecd4-41af-8214-c767cb28272c/build]   \u2753 add-matcher /run/act/actions/actions-setup-python@v4/.github/python.json\n[f4a689d9-ecd4-41af-8214-c767cb28272c/build]   \u2705  Success - Main Set up Python 3.10\n[f4a689d9-ecd4-41af-8214-c767cb28272c/build]   \u2699  ::set-env:: Python2_ROOT_DIR=/opt/hostedtoolcache/Python/3.10.12/x64\n[f4a689d9-ecd4-41af-8214-c767cb28272c/build]   \u2699  ::set-env:: Python3_ROOT_DIR=/opt/hostedtoolcache/Python/3.10.12/x64\n[f4a689d9-ecd4-41af-8214-c767cb28272c/build]   \u2699  ::set-env:: LD_LIBRARY_PATH=/opt/hostedtoolcache/Python/3.10.12/x64/lib\n[f4a689d9-ecd4-41af-8214-c767cb28272c/build]   \u2699  ::set-env:: pythonLocation=/opt/hostedtoolcache/Python/3.10.12/x64\n[f4a689d9-ecd4-41af-8214-c767cb28272c/build]   \u2699  ::set-env:: PKG_CONFIG_PATH=/opt/hostedtoolcache/Python/3.10.12/x64/lib/pkgconfig\n[f4a689d9-ecd4-41af-8214-c767cb28272c/build]   \u2699  ::set-env:: Python_ROOT_DIR=/opt/hostedtoolcache/Python/3.10.12/x64\n[f4a689d9-ecd4-41af-8214-c767cb28272c/build]   \u2699  ::set-output:: python-version=3.10.12\n[f4a689d9-ecd4-41af-8214-c767cb28272c/build]   \u2699  ::set-output:: python-path=/opt/hostedtoolcache/Python/3.10.12/x64/bin/python\n[f4a689d9-ecd4-41af-8214-c767cb28272c/build]   \u2699  ::add-path:: /opt/hostedtoolcache/Python/3.10.12/x64\n[f4a689d9-ecd4-41af-8214-c767cb28272c/build]   \u2699  ::add-path:: /opt/hostedtoolcache/Python/3.10.12/x64/bin\n[f4a689d9-ecd4-41af-8214-c767cb28272c/build] \u2b50 Run Main Install dependencies\n[f4a689d9-ecd4-41af-8214-c767cb28272c/build]   \ud83d\udc33  docker exec cmd=[bash --noprofile --norc -e -o pipefail /var/run/act/workflow/2] user= workdir=\n[f4a689d9-ecd4-41af-8214-c767cb28272c/build]   | Requirement already satisfied: pip in /opt/hostedtoolcache/Python/3.10.12/x64/lib/python3.10/site-packages (23.0.1)\n[f4a689d9-ecd4-41af-8214-c767cb28272c/build]   | Collecting pip\n[f4a689d9-ecd4-41af-8214-c767cb28272c/build]   |   Using cached pip-23.1.2-py3-none-any.whl (2.1 MB)\n[f4a689d9-ecd4-41af-8214-c767cb28272c/build]   | Installing collected packages: pip\n[f4a689d9-ecd4-41af-8214-c767cb28272c/build]   |   Attempting uninstall: pip\n[f4a689d9-ecd4-41af-8214-c767cb28272c/build]   |     Found existing installation: pip 23.0.1\n[f4a689d9-ecd4-41af-8214-c767cb28272c/build]   |     Uninstalling pip-23.0.1:\n[f4a689d9-ecd4-41af-8214-c767cb28272c/build]   |       Successfully uninstalled pip-23.0.1\n[f4a689d9-ecd4-41af-8214-c767cb28272c/build]   | Successfully installed pip-23.1.2\n[f4a689d9-ecd4-41af-8214-c767cb28272c/build]   | Collecting flake8\n[f4a689d9-ecd4-41af-8214-c767cb28272c/build]   |   Downloading flake8-6.0.0-py2.py3-none-any.whl (57 kB)\n[f4a689d9-ecd4-41af-8214-c767cb28272c/build]   |      \u2501\u2501\u2501\u2501\u2501\u2501\u2501\u2501\u2501\u2501\u2501\u2501\u2501\u2501\u2501\u2501\u2501\u2501\u2501\u2501\u2501\u2501\u2501\u2501\u2501\u2501\u2501\u2501\u2501\u2501\u2501\u2501\u2501\u2501\u2501\u2501\u2501\u2501\u2501\u2501 57.8/57.8 kB 6.1 MB/s eta 0:00:00\n[f4a689d9-ecd4-41af-8214-c767cb28272c/build]   | Collecting black==23.1.0\n[f4a689d9-ecd4-41af-8214-c767cb28272c/build]   |   Downloading black-23.1.0-cp310-cp310-manylinux_2_17_x86_64.manylinux2014_x86_64.whl (1.6 MB)\n[f4a689d9-ecd4-41af-8214-c767cb28272c/build]   |      \u2501\u2501\u2501\u2501\u2501\u2501\u2501\u2501\u2501\u2501\u2501\u2501\u2501\u2501\u2501\u2501\u2501\u2501\u2501\u2501\u2501\u2501\u2501\u2501\u2501\u2501\u2501\u2501\u2501\u2501\u2501\u2501\u2501\u2501\u2501\u2501\u2501\u2501\u2501\u2501 1.6/1.6 MB 6.7 MB/s eta 0:00:00\n[f4a689d9-ecd4-41af-8214-c767cb28272c/build]   | Collecting textX==3.0.0\n[f4a689d9-ecd4-41af-8214-c767cb28272c/build]   |   Downloading textX-3.0.0-py2.py3-none-any.whl (74 kB)\n[f4a689d9-ecd4-41af-8214-c767cb28272c/build]   |      \u2501\u2501\u2501\u2501\u2501\u2501\u2501\u2501\u2501\u2501\u2501\u2501\u2501\u2501\u2501\u2501\u2501\u2501\u2501\u2501\u2501\u2501\u2501\u2501\u2501\u2501\u2501\u2501\u2501\u2501\u2501\u2501\u2501\u2501\u2501\u2501\u2501\u2501\u2501 74.9/74.9 kB 639.0 kB/s eta 0:00:00\n[f4a689d9-ecd4-41af-8214-c767cb28272c/build]   | Collecting requests\n[f4a689d9-ecd4-41af-8214-c767cb28272c/build]   |   Downloading requests-2.31.0-py3-none-any.whl (62 kB)\n[f4a689d9-ecd4-41af-8214-c767cb28272c/build]   |      \u2501\u2501\u2501\u2501\u2501\u2501\u2501\u2501\u2501\u2501\u2501\u2501\u2501\u2501\u2501\u2501\u2501\u2501\u2501\u2501\u2501\u2501\u2501\u2501\u2501\u2501\u2501\u2501\u2501\u2501\u2501\u2501\u2501\u2501\u2501\u2501\u2501\u2501\u2501 62.6/62.6 kB 703.4 kB/s eta 0:00:00\n[f4a689d9-ecd4-41af-8214-c767cb28272c/build]   | Collecting py-algorand-sdk==1.18.0\n[f4a689d9-ecd4-41af-8214-c767cb28272c/build]   |   Downloading py_algorand_sdk-1.18.0-py3-none-any.whl (227 kB)\n[f4a689d9-ecd4-41af-8214-c767cb28272c/build]   |      \u2501\u2501\u2501\u2501\u2501\u2501\u2501\u2501\u2501\u2501\u2501\u2501\u2501\u2501\u2501\u2501\u2501\u2501\u2501\u2501\u2501\u2501\u2501\u2501\u2501\u2501\u2501\u2501\u2501\u2501\u2501\u2501\u2501\u2501\u2501\u2501\u2501\u2501\u2501 227.9/227.9 kB 2.1 MB/s eta 0:00:00\n[f4a689d9-ecd4-41af-8214-c767cb28272c/build]   | Collecting click>=8.0.0 (from black==23.1.0)\n[f4a689d9-ecd4-41af-8214-c767cb28272c/build]   |   Downloading click-8.1.3-py3-none-any.whl (96 kB)\n[f4a689d9-ecd4-41af-8214-c767cb28272c/build]   |      \u2501\u2501\u2501\u2501\u2501\u2501\u2501\u2501\u2501\u2501\u2501\u2501\u2501\u2501\u2501\u2501\u2501\u2501\u2501\u2501\u2501\u2501\u2501\u2501\u2501\u2501\u2501\u2501\u2501\u2501\u2501\u2501\u2501\u2501\u2501\u2501\u2501\u2501\u2501\u2501 96.6/96.6 kB 1.2 MB/s eta 0:00:00\n[f4a689d9-ecd4-41af-8214-c767cb28272c/build]   | Collecting mypy-extensions>=0.4.3 (from black==23.1.0)\n[f4a689d9-ecd4-41af-8214-c767cb28272c/build]   |   Downloading mypy_extensions-1.0.0-py3-none-any.whl (4.7 kB)\n[f4a689d9-ecd4-41af-8214-c767cb28272c/build]   | Collecting packaging>=22.0 (from black==23.1.0)\n[f4a689d9-ecd4-41af-8214-c767cb28272c/build]   |   Downloading packaging-23.1-py3-none-any.whl (48 kB)\n[f4a689d9-ecd4-41af-8214-c767cb28272c/build]   |      \u2501\u2501\u2501\u2501\u2501\u2501\u2501\u2501\u2501\u2501\u2501\u2501\u2501\u2501\u2501\u2501\u2501\u2501\u2501\u2501\u2501\u2501\u2501\u2501\u2501\u2501\u2501\u2501\u2501\u2501\u2501\u2501\u2501\u2501\u2501\u2501\u2501\u2501\u2501\u2501 48.9/48.9 kB 3.0 MB/s eta 0:00:00\n[f4a689d9-ecd4-41af-8214-c767cb28272c/build]   | Collecting pathspec>=0.9.0 (from black==23.1.0)\n[f4a689d9-ecd4-41af-8214-c767cb28272c/build]   |   Downloading pathspec-0.11.1-py3-none-any.whl (29 kB)\n[f4a689d9-ecd4-41af-8214-c767cb28272c/build]   | Collecting platformdirs>=2 (from black==23.1.0)\n[f4a689d9-ecd4-41af-8214-c767cb28272c/build]   |   Downloading platformdirs-3.8.0-py3-none-any.whl (16 kB)\n[f4a689d9-ecd4-41af-8214-c767cb28272c/build]   | Collecting tomli>=1.1.0 (from black==23.1.0)\n[f4a689d9-ecd4-41af-8214-c767cb28272c/build]   |   Downloading tomli-2.0.1-py3-none-any.whl (12 kB)\n[f4a689d9-ecd4-41af-8214-c767cb28272c/build]   | Collecting Arpeggio>=2.0.0 (from textX==3.0.0)\n[f4a689d9-ecd4-41af-8214-c767cb28272c/build]   |   Downloading Arpeggio-2.0.0-py2.py3-none-any.whl (54 kB)\n[f4a689d9-ecd4-41af-8214-c767cb28272c/build]   |      \u2501\u2501\u2501\u2501\u2501\u2501\u2501\u2501\u2501\u2501\u2501\u2501\u2501\u2501\u2501\u2501\u2501\u2501\u2501\u2501\u2501\u2501\u2501\u2501\u2501\u2501\u2501\u2501\u2501\u2501\u2501\u2501\u2501\u2501\u2501\u2501\u2501\u2501\u2501\u2501 55.0/55.0 kB 1.3 MB/s eta 0:00:00\n[f4a689d9-ecd4-41af-8214-c767cb28272c/build]   | Collecting future (from textX==3.0.0)\n[f4a689d9-ecd4-41af-8214-c767cb28272c/build]   |   Downloading future-0.18.3.tar.gz (840 kB)\n[f4a689d9-ecd4-41af-8214-c767cb28272c/build]   |      \u2501\u2501\u2501\u2501\u2501\u2501\u2501\u2501\u2501\u2501\u2501\u2501\u2501\u2501\u2501\u2501\u2501\u2501\u2501\u2501\u2501\u2501\u2501\u2501\u2501\u2501\u2501\u2501\u2501\u2501\u2501\u2501\u2501\u2501\u2501\u2501\u2501\u2501\u2501 840.9/840.9 kB 8.5 MB/s eta 0:00:00\n[f4a689d9-ecd4-41af-8214-c767cb28272c/build]   |   Installing build dependencies: started\n[f4a689d9-ecd4-41af-8214-c767cb28272c/build]   |   Installing build dependencies: finished with status 'done'\n[f4a689d9-ecd4-41af-8214-c767cb28272c/build]   |   Getting requirements to build wheel: started\n[f4a689d9-ecd4-41af-8214-c767cb28272c/build]   |   Getting requirements to build wheel: finished with status 'done'\n[f4a689d9-ecd4-41af-8214-c767cb28272c/build]   |   Preparing metadata (pyproject.toml): started\n[f4a689d9-ecd4-41af-8214-c767cb28272c/build]   |   Preparing metadata (pyproject.toml): finished with status 'done'\n[f4a689d9-ecd4-41af-8214-c767cb28272c/build]   | Collecting pynacl<2,>=1.4.0 (from py-algorand-sdk==1.18.0)\n[f4a689d9-ecd4-41af-8214-c767cb28272c/build]   |   Downloading PyNaCl-1.5.0-cp36-abi3-manylinux_2_17_x86_64.manylinux2014_x86_64.manylinux_2_24_x86_64.whl (856 kB)\n[f4a689d9-ecd4-41af-8214-c767cb28272c/build]   |      \u2501\u2501\u2501\u2501\u2501\u2501\u2501\u2501\u2501\u2501\u2501\u2501\u2501\u2501\u2501\u2501\u2501\u2501\u2501\u2501\u2501\u2501\u2501\u2501\u2501\u2501\u2501\u2501\u2501\u2501\u2501\u2501\u2501\u2501\u2501\u2501\u2501\u2501\u2501 856.7/856.7 kB 5.4 MB/s eta 0:00:00\n[f4a689d9-ecd4-41af-8214-c767cb28272c/build]   | Collecting pycryptodomex<4,>=3.6.0 (from py-algorand-sdk==1.18.0)\n[f4a689d9-ecd4-41af-8214-c767cb28272c/build]   |   Downloading pycryptodomex-3.18.0-cp35-abi3-manylinux_2_17_x86_64.manylinux2014_x86_64.whl (2.1 MB)\n[f4a689d9-ecd4-41af-8214-c767cb28272c/build]   |      \u2501\u2501\u2501\u2501\u2501\u2501\u2501\u2501\u2501\u2501\u2501\u2501\u2501\u2501\u2501\u2501\u2501\u2501\u2501\u2501\u2501\u2501\u2501\u2501\u2501\u2501\u2501\u2501\u2501\u2501\u2501\u2501\u2501\u2501\u2501\u2501\u2501\u2501\u2501\u2501 2.1/2.1 MB 19.3 MB/s eta 0:00:00\n[f4a689d9-ecd4-41af-8214-c767cb28272c/build]   | Collecting msgpack<2,>=1.0.0 (from py-algorand-sdk==1.18.0)\n[f4a689d9-ecd4-41af-8214-c767cb28272c/build]   |   Downloading msgpack-1.0.5-cp310-cp310-manylinux_2_17_x86_64.manylinux2014_x86_64.whl (316 kB)\n[f4a689d9-ecd4-41af-8214-c767cb28272c/build]   |      \u2501\u2501\u2501\u2501\u2501\u2501\u2501\u2501\u2501\u2501\u2501\u2501\u2501\u2501\u2501\u2501\u2501\u2501\u2501\u2501\u2501\u2501\u2501\u2501\u2501\u2501\u2501\u2501\u2501\u2501\u2501\u2501\u2501\u2501\u2501\u2501\u2501\u2501 316.8/316.8 kB 17.2 MB/s eta 0:00:00\n[f4a689d9-ecd4-41af-8214-c767cb28272c/build]   | Collecting mccabe<0.8.0,>=0.7.0 (from flake8)\n[f4a689d9-ecd4-41af-8214-c767cb28272c/build]   |   Downloading mccabe-0.7.0-py2.py3-none-any.whl (7.3 kB)\n[f4a689d9-ecd4-41af-8214-c767cb28272c/build]   | Collecting pycodestyle<2.11.0,>=2.10.0 (from flake8)\n[f4a689d9-ecd4-41af-8214-c767cb28272c/build]   |   Downloading pycodestyle-2.10.0-py2.py3-none-any.whl (41 kB)\n[f4a689d9-ecd4-41af-8214-c767cb28272c/build]   |      \u2501\u2501\u2501\u2501\u2501\u2501\u2501\u2501\u2501\u2501\u2501\u2501\u2501\u2501\u2501\u2501\u2501\u2501\u2501\u2501\u2501\u2501\u2501\u2501\u2501\u2501\u2501\u2501\u2501\u2501\u2501\u2501\u2501\u2501\u2501\u2501\u2501\u2501\u2501\u2501 41.3/41.3 kB 3.6 MB/s eta 0:00:00\n[f4a689d9-ecd4-41af-8214-c767cb28272c/build]   | Collecting pyflakes<3.1.0,>=3.0.0 (from flake8)\n[f4a689d9-ecd4-41af-8214-c767cb28272c/build]   |   Downloading pyflakes-3.0.1-py2.py3-none-any.whl (62 kB)\n[f4a689d9-ecd4-41af-8214-c767cb28272c/build]   |      \u2501\u2501\u2501\u2501\u2501\u2501\u2501\u2501\u2501\u2501\u2501\u2501\u2501\u2501\u2501\u2501\u2501\u2501\u2501\u2501\u2501\u2501\u2501\u2501\u2501\u2501\u2501\u2501\u2501\u2501\u2501\u2501\u2501\u2501\u2501\u2501\u2501\u2501\u2501 62.8/62.8 kB 302.7 kB/s eta 0:00:00\n[f4a689d9-ecd4-41af-8214-c767cb28272c/build]   | Collecting charset-normalizer<4,>=2 (from requests)\n[f4a689d9-ecd4-41af-8214-c767cb28272c/build]   |   Downloading charset_normalizer-3.1.0-cp310-cp310-manylinux_2_17_x86_64.manylinux2014_x86_64.whl (199 kB)\n[f4a689d9-ecd4-41af-8214-c767cb28272c/build]   |      \u2501\u2501\u2501\u2501\u2501\u2501\u2501\u2501\u2501\u2501\u2501\u2501\u2501\u2501\u2501\u2501\u2501\u2501\u2501\u2501\u2501\u2501\u2501\u2501\u2501\u2501\u2501\u2501\u2501\u2501\u2501\u2501\u2501\u2501\u2501\u2501\u2501\u2501\u2501 199.3/199.3 kB 1.8 MB/s eta 0:00:00\n[f4a689d9-ecd4-41af-8214-c767cb28272c/build]   | Collecting idna<4,>=2.5 (from requests)\n[f4a689d9-ecd4-41af-8214-c767cb28272c/build]   |   Downloading idna-3.4-py3-none-any.whl (61 kB)\n[f4a689d9-ecd4-41af-8214-c767cb28272c/build]   |      \u2501\u2501\u2501\u2501\u2501\u2501\u2501\u2501\u2501\u2501\u2501\u2501\u2501\u2501\u2501\u2501\u2501\u2501\u2501\u2501\u2501\u2501\u2501\u2501\u2501\u2501\u2501\u2501\u2501\u2501\u2501\u2501\u2501\u2501\u2501\u2501\u2501\u2501\u2501\u2501 61.5/61.5 kB 2.5 MB/s eta 0:00:00\n[f4a689d9-ecd4-41af-8214-c767cb28272c/build]   | Collecting urllib3<3,>=1.21.1 (from requests)\n[f4a689d9-ecd4-41af-8214-c767cb28272c/build]   |   Downloading urllib3-2.0.3-py3-none-any.whl (123 kB)\n[f4a689d9-ecd4-41af-8214-c767cb28272c/build]   |      \u2501\u2501\u2501\u2501\u2501\u2501\u2501\u2501\u2501\u2501\u2501\u2501\u2501\u2501\u2501\u2501\u2501\u2501\u2501\u2501\u2501\u2501\u2501\u2501\u2501\u2501\u2501\u2501\u2501\u2501\u2501\u2501\u2501\u2501\u2501\u2501\u2501\u2501 123.6/123.6 kB 17.5 MB/s eta 0:00:00\n[f4a689d9-ecd4-41af-8214-c767cb28272c/build]   | Collecting certifi>=2017.4.17 (from requests)\n[f4a689d9-ecd4-41af-8214-c767cb28272c/build]   |   Downloading certifi-2023.5.7-py3-none-any.whl (156 kB)\n[f4a689d9-ecd4-41af-8214-c767cb28272c/build]   |      \u2501\u2501\u2501\u2501\u2501\u2501\u2501\u2501\u2501\u2501\u2501\u2501\u2501\u2501\u2501\u2501\u2501\u2501\u2501\u2501\u2501\u2501\u2501\u2501\u2501\u2501\u2501\u2501\u2501\u2501\u2501\u2501\u2501\u2501\u2501\u2501\u2501\u2501\u2501 157.0/157.0 kB 2.1 MB/s eta 0:00:00\n[f4a689d9-ecd4-41af-8214-c767cb28272c/build]   | Collecting cffi>=1.4.1 (from pynacl<2,>=1.4.0->py-algorand-sdk==1.18.0)\n[f4a689d9-ecd4-41af-8214-c767cb28272c/build]   |   Downloading cffi-1.15.1-cp310-cp310-manylinux_2_17_x86_64.manylinux2014_x86_64.whl (441 kB)\n[f4a689d9-ecd4-41af-8214-c767cb28272c/build]   |      \u2501\u2501\u2501\u2501\u2501\u2501\u2501\u2501\u2501\u2501\u2501\u2501\u2501\u2501\u2501\u2501\u2501\u2501\u2501\u2501\u2501\u2501\u2501\u2501\u2501\u2501\u2501\u2501\u2501\u2501\u2501\u2501\u2501\u2501\u2501\u2501\u2501\u2501 441.8/441.8 kB 16.5 MB/s eta 0:00:00\n[f4a689d9-ecd4-41af-8214-c767cb28272c/build]   | Collecting pycparser (from cffi>=1.4.1->pynacl<2,>=1.4.0->py-algorand-sdk==1.18.0)\n[f4a689d9-ecd4-41af-8214-c767cb28272c/build]   |   Downloading pycparser-2.21-py2.py3-none-any.whl (118 kB)\n[f4a689d9-ecd4-41af-8214-c767cb28272c/build]   |      \u2501\u2501\u2501\u2501\u2501\u2501\u2501\u2501\u2501\u2501\u2501\u2501\u2501\u2501\u2501\u2501\u2501\u2501\u2501\u2501\u2501\u2501\u2501\u2501\u2501\u2501\u2501\u2501\u2501\u2501\u2501\u2501\u2501\u2501\u2501\u2501\u2501\u2501\u2501 118.7/118.7 kB 2.4 MB/s eta 0:00:00\n[f4a689d9-ecd4-41af-8214-c767cb28272c/build]   | Building wheels for collected packages: future\n[f4a689d9-ecd4-41af-8214-c767cb28272c/build]   |   Building wheel for future (pyproject.toml): started\n[f4a689d9-ecd4-41af-8214-c767cb28272c/build]   |   Building wheel for future (pyproject.toml): finished with status 'done'\n[f4a689d9-ecd4-41af-8214-c767cb28272c/build]   |   Created wheel for future: filename=future-0.18.3-py3-none-any.whl size=492022 sha256=c8494d3a2f9971b06e3ea5100865ad914db0a81f37259c9a9d482c040a7053d5\n[f4a689d9-ecd4-41af-8214-c767cb28272c/build]   |   Stored in directory: /home/runneradmin/.cache/pip/wheels/5e/a9/47/f118e66afd12240e4662752cc22cefae5d97275623aa8ef57d\n[f4a689d9-ecd4-41af-8214-c767cb28272c/build]   | Successfully built future\n[f4a689d9-ecd4-41af-8214-c767cb28272c/build]   | Installing collected packages: msgpack, Arpeggio, urllib3, tomli, pyflakes, pycryptodomex, pycparser, pycodestyle, platformdirs, pathspec, packaging, mypy-extensions, mccabe, idna, future, click, charset-normalizer, certifi, textX, requests, flake8, cffi, black, pynacl, py-algorand-sdk\n[f4a689d9-ecd4-41af-8214-c767cb28272c/build]   | Successfully installed Arpeggio-2.0.0 black-23.1.0 certifi-2023.5.7 cffi-1.15.1 charset-normalizer-3.1.0 click-8.1.3 flake8-6.0.0 future-0.18.3 idna-3.4 mccabe-0.7.0 msgpack-1.0.5 mypy-extensions-1.0.0 packaging-23.1 pathspec-0.11.1 platformdirs-3.8.0 py-algorand-sdk-1.18.0 pycodestyle-2.10.0 pycparser-2.21 pycryptodomex-3.18.0 pyflakes-3.0.1 pynacl-1.5.0 requests-2.31.0 textX-3.0.0 tomli-2.0.1 urllib3-2.0.3\n[f4a689d9-ecd4-41af-8214-c767cb28272c/build]   \u2705  Success - Main Install dependencies\n[f4a689d9-ecd4-41af-8214-c767cb28272c/build] \u2b50 Run Main Run flake8\n[f4a689d9-ecd4-41af-8214-c767cb28272c/build]   \ud83d\udc33  docker exec cmd=[bash --noprofile --norc -e -o pipefail /var/run/act/workflow/3] user= workdir=\n[f4a689d9-ecd4-41af-8214-c767cb28272c/build]   \u2705  Success - Main Run flake8\n[f4a689d9-ecd4-41af-8214-c767cb28272c/build] \u2b50 Run Main Run Black\n[f4a689d9-ecd4-41af-8214-c767cb28272c/build]   \ud83d\udc33  docker exec cmd=[bash --noprofile --norc -e -o pipefail /var/run/act/workflow/4] user= workdir=\n[f4a689d9-ecd4-41af-8214-c767cb28272c/build]   | All done! \u2728 \ud83c\udf70 \u2728\n[f4a689d9-ecd4-41af-8214-c767cb28272c/build]   | 20 files would be left unchanged.\n[f4a689d9-ecd4-41af-8214-c767cb28272c/build]   \u2705  Success - Main Run Black\n[f4a689d9-ecd4-41af-8214-c767cb28272c/build] \u2b50 Run Main Run Unit tests\n[f4a689d9-ecd4-41af-8214-c767cb28272c/build]   \ud83d\udc33  docker exec cmd=[bash --noprofile --norc -e -o pipefail /var/run/act/workflow/5] user= workdir=\n[f4a689d9-ecd4-41af-8214-c767cb28272c/build]   | Collecting unittest-xml-reporting\n[f4a689d9-ecd4-41af-8214-c767cb28272c/build]   |   Downloading unittest_xml_reporting-3.2.0-py2.py3-none-any.whl (20 kB)\n[f4a689d9-ecd4-41af-8214-c767cb28272c/build]   | Collecting lxml (from unittest-xml-reporting)\n[f4a689d9-ecd4-41af-8214-c767cb28272c/build]   |   Downloading lxml-4.9.2-cp310-cp310-manylinux_2_17_x86_64.manylinux2014_x86_64.manylinux_2_24_x86_64.whl (7.1 MB)\n[f4a689d9-ecd4-41af-8214-c767cb28272c/build]   |      \u2501\u2501\u2501\u2501\u2501\u2501\u2501\u2501\u2501\u2501\u2501\u2501\u2501\u2501\u2501\u2501\u2501\u2501\u2501\u2501\u2501\u2501\u2501\u2501\u2501\u2501\u2501\u2501\u2501\u2501\u2501\u2501\u2501\u2501\u2501\u2501\u2501\u2501\u2501\u2501 7.1/7.1 MB 22.8 MB/s eta 0:00:00\n[f4a689d9-ecd4-41af-8214-c767cb28272c/build]   | Installing collected packages: lxml, unittest-xml-reporting\n[f4a689d9-ecd4-41af-8214-c767cb28272c/build]   | Successfully installed lxml-4.9.2 unittest-xml-reporting-3.2.0\n[f4a689d9-ecd4-41af-8214-c767cb28272c/build]   | \n[f4a689d9-ecd4-41af-8214-c767cb28272c/build]   | Running tests...\n[f4a689d9-ecd4-41af-8214-c767cb28272c/build]   | ----------------------------------------------------------------------\n[f4a689d9-ecd4-41af-8214-c767cb28272c/build]   | ............................................xx............x..........x...........................\n[f4a689d9-ecd4-41af-8214-c767cb28272c/build]   | ----------------------------------------------------------------------\n[f4a689d9-ecd4-41af-8214-c767cb28272c/build]   | Ran 97 tests in 1.629s\n[f4a689d9-ecd4-41af-8214-c767cb28272c/build]   | \n[f4a689d9-ecd4-41af-8214-c767cb28272c/build]   | OK (expected failures=4)\n[f4a689d9-ecd4-41af-8214-c767cb28272c/build]   | \n[f4a689d9-ecd4-41af-8214-c767cb28272c/build]   | Generating XML reports...\n[f4a689d9-ecd4-41af-8214-c767cb28272c/build]   \u2705  Success - Main Run Unit tests\n[f4a689d9-ecd4-41af-8214-c767cb28272c/build] \u2b50 Run Post Set up Python 3.10\n[f4a689d9-ecd4-41af-8214-c767cb28272c/build]   \ud83d\udc33  docker exec cmd=[node /var/run/act/actions/actions-setup-python@v4/dist/cache-save/index.js] user= workdir=\n[f4a689d9-ecd4-41af-8214-c767cb28272c/build]   \u2705  Success - Post Set up Python 3.10\n[f4a689d9-ecd4-41af-8214-c767cb28272c/build] \ud83c\udfc1  Job succeeded\n",
        "stderr": "",
        "workflow": "/tmp/ad9c0f7e-1596-11ee-8a50-bb14de238602/tinymanorg-tealish/.github/workflows/tests-crawler.yml",
        "build_tool": "unittest",
        "elapsed_time": 348.7928867340088
    }
}