{
    "repository": "TkTech/notifico",
    "stars": 151,
    "language": "python",
    "size": 2301,
    "clone_url": "https://github.com/TkTech/notifico.git",
    "timestamp": "2023-07-01T09:31:25.823599Z",
    "clone_success": true,
    "number_of_actions": 2,
    "number_of_test_actions": 1,
    "actions_successful": true,
    "actions_build_tools": [
        "pytest",
        "unknown"
    ],
    "actions_test_build_tools": [
        "pytest"
    ],
    "actions_run": {
        "failed": false,
        "tests": [
            {
                "classname": "tests.botifico.test_manager",
                "name": "test_plugin_event_registration",
                "time": 0.016,
                "results": [
                    {
                        "result": "Failure",
                        "message": "TypeError: Plugin.__init__() missing 1 required positional argument: 'name'",
                        "type": null
                    }
                ],
                "stdout": null,
                "stderr": null
            },
            {
                "classname": "tests.irc.test_colors",
                "name": "test_stripping",
                "time": 0.001,
                "results": [
                    {
                        "result": "Passed",
                        "message": "",
                        "type": ""
                    }
                ],
                "stdout": null,
                "stderr": null
            },
            {
                "classname": "tests.irc.test_colors",
                "name": "test_to_html",
                "time": 0.001,
                "results": [
                    {
                        "result": "Passed",
                        "message": "",
                        "type": ""
                    }
                ],
                "stdout": null,
                "stderr": null
            }
        ],
        "stdout": "[fe67e3a1-c8dc-486f-9177-b7d42c339484/build] \ud83d\ude80  Start image=crawlergpt:latest\n[fe67e3a1-c8dc-486f-9177-b7d42c339484/build]   \ud83d\udc33  docker pull image=crawlergpt:latest platform= username= forcePull=false\n[fe67e3a1-c8dc-486f-9177-b7d42c339484/build]   \ud83d\udc33  docker create image=crawlergpt:latest platform= entrypoint=[\"tail\" \"-f\" \"/dev/null\"] cmd=[]\n[fe67e3a1-c8dc-486f-9177-b7d42c339484/build]   \ud83d\udc33  docker run image=crawlergpt:latest platform= entrypoint=[\"tail\" \"-f\" \"/dev/null\"] cmd=[]\n[fe67e3a1-c8dc-486f-9177-b7d42c339484/build]   \ud83d\udc33  docker exec cmd=[chown -R 1012:1013 /tmp/558156d8-17ed-11ee-8a50-bb14de238602/TkTech-notifico] user=0 workdir=\n[fe67e3a1-c8dc-486f-9177-b7d42c339484/build]   \u2601  git clone 'https://github.com/actions/setup-python' # ref=v4\n[fe67e3a1-c8dc-486f-9177-b7d42c339484/build] \u2b50 Run Main actions/checkout@v1\n[fe67e3a1-c8dc-486f-9177-b7d42c339484/build]   \u2705  Success - Main actions/checkout@v1\n[fe67e3a1-c8dc-486f-9177-b7d42c339484/build] \u2b50 Run Main Set up Python\n[fe67e3a1-c8dc-486f-9177-b7d42c339484/build]   \ud83d\udc33  docker cp src=/tmp/act-cache/eddef899-9bf8-4433-8aff-3394d716b6e3/act/actions-setup-python@v4/ dst=/var/run/act/actions/actions-setup-python@v4/\n[fe67e3a1-c8dc-486f-9177-b7d42c339484/build]   \ud83d\udc33  docker exec cmd=[chown -R 1012:1013 /var/run/act/actions/actions-setup-python@v4/] user=0 workdir=\n[fe67e3a1-c8dc-486f-9177-b7d42c339484/build]   \ud83d\udc33  docker exec cmd=[node /var/run/act/actions/actions-setup-python@v4/dist/setup/index.js] user= workdir=\n[fe67e3a1-c8dc-486f-9177-b7d42c339484/build]   \ud83d\udcac  ::debug::Python is expected to be installed into /opt/hostedtoolcache\n[fe67e3a1-c8dc-486f-9177-b7d42c339484/build]   \u2753  ::group::Installed versions\n[fe67e3a1-c8dc-486f-9177-b7d42c339484/build]   \ud83d\udcac  ::debug::Semantic version spec of 3.10 is 3.10\n[fe67e3a1-c8dc-486f-9177-b7d42c339484/build]   \ud83d\udcac  ::debug::isExplicit: \n[fe67e3a1-c8dc-486f-9177-b7d42c339484/build]   \ud83d\udcac  ::debug::explicit? false\n[fe67e3a1-c8dc-486f-9177-b7d42c339484/build]   \ud83d\udcac  ::debug::isExplicit: 2.7.18\n[fe67e3a1-c8dc-486f-9177-b7d42c339484/build]   \ud83d\udcac  ::debug::explicit? true\n[fe67e3a1-c8dc-486f-9177-b7d42c339484/build]   \ud83d\udcac  ::debug::isExplicit: 3.5.10\n[fe67e3a1-c8dc-486f-9177-b7d42c339484/build]   \ud83d\udcac  ::debug::explicit? true\n[fe67e3a1-c8dc-486f-9177-b7d42c339484/build]   \ud83d\udcac  ::debug::isExplicit: 3.6.14\n[fe67e3a1-c8dc-486f-9177-b7d42c339484/build]   \ud83d\udcac  ::debug::explicit? true\n[fe67e3a1-c8dc-486f-9177-b7d42c339484/build]   \ud83d\udcac  ::debug::isExplicit: 3.7.11\n[fe67e3a1-c8dc-486f-9177-b7d42c339484/build]   \ud83d\udcac  ::debug::explicit? true\n[fe67e3a1-c8dc-486f-9177-b7d42c339484/build]   \ud83d\udcac  ::debug::isExplicit: 3.8.11\n[fe67e3a1-c8dc-486f-9177-b7d42c339484/build]   \ud83d\udcac  ::debug::explicit? true\n[fe67e3a1-c8dc-486f-9177-b7d42c339484/build]   \ud83d\udcac  ::debug::isExplicit: 3.9.6\n[fe67e3a1-c8dc-486f-9177-b7d42c339484/build]   \ud83d\udcac  ::debug::explicit? true\n[fe67e3a1-c8dc-486f-9177-b7d42c339484/build]   \ud83d\udcac  ::debug::evaluating 6 versions\n[fe67e3a1-c8dc-486f-9177-b7d42c339484/build]   \ud83d\udcac  ::debug::match not found\n[fe67e3a1-c8dc-486f-9177-b7d42c339484/build]   | Version 3.10 was not found in the local cache\n[fe67e3a1-c8dc-486f-9177-b7d42c339484/build]   \ud83d\udcac  ::debug::Getting manifest from actions/python-versions@main\n[fe67e3a1-c8dc-486f-9177-b7d42c339484/build]   \ud83d\udcac  ::debug::set auth\n[fe67e3a1-c8dc-486f-9177-b7d42c339484/build]   \ud83d\udcac  ::debug::check 3.12.0-beta.3 satisfies 3.10\n[fe67e3a1-c8dc-486f-9177-b7d42c339484/build]   \ud83d\udcac  ::debug::check 3.12.0-beta.2 satisfies 3.10\n[fe67e3a1-c8dc-486f-9177-b7d42c339484/build]   \ud83d\udcac  ::debug::check 3.12.0-beta.1 satisfies 3.10\n[fe67e3a1-c8dc-486f-9177-b7d42c339484/build]   \ud83d\udcac  ::debug::check 3.12.0-alpha.7 satisfies 3.10\n[fe67e3a1-c8dc-486f-9177-b7d42c339484/build]   \ud83d\udcac  ::debug::check 3.12.0-alpha.6 satisfies 3.10\n[fe67e3a1-c8dc-486f-9177-b7d42c339484/build]   \ud83d\udcac  ::debug::check 3.12.0-alpha.5 satisfies 3.10\n[fe67e3a1-c8dc-486f-9177-b7d42c339484/build]   \ud83d\udcac  ::debug::check 3.12.0-alpha.4 satisfies 3.10\n[fe67e3a1-c8dc-486f-9177-b7d42c339484/build]   \ud83d\udcac  ::debug::check 3.12.0-alpha.3 satisfies 3.10\n[fe67e3a1-c8dc-486f-9177-b7d42c339484/build]   \ud83d\udcac  ::debug::check 3.12.0-alpha.2 satisfies 3.10\n[fe67e3a1-c8dc-486f-9177-b7d42c339484/build]   \ud83d\udcac  ::debug::check 3.12.0-alpha.1 satisfies 3.10\n[fe67e3a1-c8dc-486f-9177-b7d42c339484/build]   \ud83d\udcac  ::debug::check 3.11.4 satisfies 3.10\n[fe67e3a1-c8dc-486f-9177-b7d42c339484/build]   \ud83d\udcac  ::debug::check 3.11.3 satisfies 3.10\n[fe67e3a1-c8dc-486f-9177-b7d42c339484/build]   \ud83d\udcac  ::debug::check 3.11.2 satisfies 3.10\n[fe67e3a1-c8dc-486f-9177-b7d42c339484/build]   \ud83d\udcac  ::debug::check 3.11.1 satisfies 3.10\n[fe67e3a1-c8dc-486f-9177-b7d42c339484/build]   \ud83d\udcac  ::debug::check 3.11.0 satisfies 3.10\n[fe67e3a1-c8dc-486f-9177-b7d42c339484/build]   \ud83d\udcac  ::debug::check 3.11.0-rc.2 satisfies 3.10\n[fe67e3a1-c8dc-486f-9177-b7d42c339484/build]   \ud83d\udcac  ::debug::check 3.11.0-rc.1 satisfies 3.10\n[fe67e3a1-c8dc-486f-9177-b7d42c339484/build]   \ud83d\udcac  ::debug::check 3.11.0-beta.5 satisfies 3.10\n[fe67e3a1-c8dc-486f-9177-b7d42c339484/build]   \ud83d\udcac  ::debug::check 3.11.0-beta.4 satisfies 3.10\n[fe67e3a1-c8dc-486f-9177-b7d42c339484/build]   \ud83d\udcac  ::debug::check 3.11.0-beta.3 satisfies 3.10\n[fe67e3a1-c8dc-486f-9177-b7d42c339484/build]   \ud83d\udcac  ::debug::check 3.11.0-beta.2 satisfies 3.10\n[fe67e3a1-c8dc-486f-9177-b7d42c339484/build]   \ud83d\udcac  ::debug::check 3.11.0-beta.1 satisfies 3.10\n[fe67e3a1-c8dc-486f-9177-b7d42c339484/build]   \ud83d\udcac  ::debug::check 3.11.0-alpha.7 satisfies 3.10\n[fe67e3a1-c8dc-486f-9177-b7d42c339484/build]   \ud83d\udcac  ::debug::check 3.11.0-alpha.6 satisfies 3.10\n[fe67e3a1-c8dc-486f-9177-b7d42c339484/build]   \ud83d\udcac  ::debug::check 3.11.0-alpha.5 satisfies 3.10\n[fe67e3a1-c8dc-486f-9177-b7d42c339484/build]   \ud83d\udcac  ::debug::check 3.11.0-alpha.4 satisfies 3.10\n[fe67e3a1-c8dc-486f-9177-b7d42c339484/build]   \ud83d\udcac  ::debug::check 3.11.0-alpha.3 satisfies 3.10\n[fe67e3a1-c8dc-486f-9177-b7d42c339484/build]   \ud83d\udcac  ::debug::check 3.11.0-alpha.2 satisfies 3.10\n[fe67e3a1-c8dc-486f-9177-b7d42c339484/build]   \ud83d\udcac  ::debug::check 3.11.0-alpha.1 satisfies 3.10\n[fe67e3a1-c8dc-486f-9177-b7d42c339484/build]   \ud83d\udcac  ::debug::check 3.10.12 satisfies 3.10\n[fe67e3a1-c8dc-486f-9177-b7d42c339484/build]   \ud83d\udcac  ::debug::x64===x64 && darwin===linux\n[fe67e3a1-c8dc-486f-9177-b7d42c339484/build]   \ud83d\udcac  ::debug::x64===x64 && linux===linux\n[fe67e3a1-c8dc-486f-9177-b7d42c339484/build]   \ud83d\udcac  ::debug::matched 3.10.12\n[fe67e3a1-c8dc-486f-9177-b7d42c339484/build]   | Version 3.10 is available for downloading\n[fe67e3a1-c8dc-486f-9177-b7d42c339484/build]   | Download from \"https://github.com/actions/python-versions/releases/download/3.10.12-5200619051/python-3.10.12-linux-20.04-x64.tar.gz\"\n[fe67e3a1-c8dc-486f-9177-b7d42c339484/build]   \ud83d\udcac  ::debug::Downloading https://github.com/actions/python-versions/releases/download/3.10.12-5200619051/python-3.10.12-linux-20.04-x64.tar.gz\n[fe67e3a1-c8dc-486f-9177-b7d42c339484/build]   \ud83d\udcac  ::debug::Destination /tmp/9ff98c4d-de7c-4518-bd89-b7d4b76de2ee\n[fe67e3a1-c8dc-486f-9177-b7d42c339484/build]   \ud83d\udcac  ::debug::set auth\n[fe67e3a1-c8dc-486f-9177-b7d42c339484/build]   \ud83d\udcac  ::debug::download complete\n[fe67e3a1-c8dc-486f-9177-b7d42c339484/build]   | Extract downloaded archive\n[fe67e3a1-c8dc-486f-9177-b7d42c339484/build]   \ud83d\udcac  ::debug::Checking tar --version\n[fe67e3a1-c8dc-486f-9177-b7d42c339484/build]   \ud83d\udcac  ::debug::tar (GNU tar) 1.30%0ACopyright (C) 2017 Free Software Foundation, Inc.%0ALicense GPLv3+: GNU GPL version 3 or later <https://gnu.org/licenses/gpl.html>.%0AThis is free software: you are free to change and redistribute it.%0AThere is NO WARRANTY, to the extent permitted by law.%0A%0AWritten by John Gilmore and Jay Fenlason.\n[fe67e3a1-c8dc-486f-9177-b7d42c339484/build]   | [command]/usr/bin/tar xz --warning=no-unknown-keyword -C /tmp/592a6f88-dbb2-44e4-8aab-a06c431da22b -f /tmp/9ff98c4d-de7c-4518-bd89-b7d4b76de2ee\n[fe67e3a1-c8dc-486f-9177-b7d42c339484/build]   | Execute installation script\n[fe67e3a1-c8dc-486f-9177-b7d42c339484/build]   | Check if Python hostedtoolcache folder exist...\n[fe67e3a1-c8dc-486f-9177-b7d42c339484/build]   | Create Python 3.10.12 folder\n[fe67e3a1-c8dc-486f-9177-b7d42c339484/build]   | Copy Python binaries to hostedtoolcache folder\n[fe67e3a1-c8dc-486f-9177-b7d42c339484/build]   | Create additional symlinks (Required for the UsePythonVersion Azure Pipelines task and the setup-python GitHub Action)\n[fe67e3a1-c8dc-486f-9177-b7d42c339484/build]   | Upgrading pip...\n[fe67e3a1-c8dc-486f-9177-b7d42c339484/build]   | Looking in links: /tmp/tmpebr12adj\n[fe67e3a1-c8dc-486f-9177-b7d42c339484/build]   | Requirement already satisfied: setuptools in /opt/hostedtoolcache/Python/3.10.12/x64/lib/python3.10/site-packages (65.5.0)\n[fe67e3a1-c8dc-486f-9177-b7d42c339484/build]   | Requirement already satisfied: pip in /opt/hostedtoolcache/Python/3.10.12/x64/lib/python3.10/site-packages (23.0.1)\n[fe67e3a1-c8dc-486f-9177-b7d42c339484/build]   | Collecting pip\n[fe67e3a1-c8dc-486f-9177-b7d42c339484/build]   | Downloading pip-23.1.2-py3-none-any.whl (2.1 MB)\n[fe67e3a1-c8dc-486f-9177-b7d42c339484/build]   | \u2501\u2501\u2501\u2501\u2501\u2501\u2501\u2501\u2501\u2501\u2501\u2501\u2501\u2501\u2501\u2501\u2501\u2501\u2501\u2501\u2501\u2501\u2501\u2501\u2501\u2501\u2501\u2501\u2501\u2501\u2501\u2501\u2501\u2501\u2501\u2501\u2501\u2501\u2501\u2501 2.1/2.1 MB 37.6 MB/s eta 0:00:00\n[fe67e3a1-c8dc-486f-9177-b7d42c339484/build]   | \n[fe67e3a1-c8dc-486f-9177-b7d42c339484/build]   | Installing collected packages: pip\n[fe67e3a1-c8dc-486f-9177-b7d42c339484/build]   | Successfully installed pip-23.1.2\n[fe67e3a1-c8dc-486f-9177-b7d42c339484/build]   | Create complete file\n[fe67e3a1-c8dc-486f-9177-b7d42c339484/build]   \ud83d\udcac  ::debug::isExplicit: \n[fe67e3a1-c8dc-486f-9177-b7d42c339484/build]   \ud83d\udcac  ::debug::explicit? false\n[fe67e3a1-c8dc-486f-9177-b7d42c339484/build]   \ud83d\udcac  ::debug::isExplicit: 2.7.18\n[fe67e3a1-c8dc-486f-9177-b7d42c339484/build]   \ud83d\udcac  ::debug::explicit? true\n[fe67e3a1-c8dc-486f-9177-b7d42c339484/build]   \ud83d\udcac  ::debug::isExplicit: 3.10.12\n[fe67e3a1-c8dc-486f-9177-b7d42c339484/build]   \ud83d\udcac  ::debug::explicit? true\n[fe67e3a1-c8dc-486f-9177-b7d42c339484/build]   \ud83d\udcac  ::debug::isExplicit: 3.5.10\n[fe67e3a1-c8dc-486f-9177-b7d42c339484/build]   \ud83d\udcac  ::debug::explicit? true\n[fe67e3a1-c8dc-486f-9177-b7d42c339484/build]   \ud83d\udcac  ::debug::isExplicit: 3.6.14\n[fe67e3a1-c8dc-486f-9177-b7d42c339484/build]   \ud83d\udcac  ::debug::explicit? true\n[fe67e3a1-c8dc-486f-9177-b7d42c339484/build]   \ud83d\udcac  ::debug::isExplicit: 3.7.11\n[fe67e3a1-c8dc-486f-9177-b7d42c339484/build]   \ud83d\udcac  ::debug::explicit? true\n[fe67e3a1-c8dc-486f-9177-b7d42c339484/build]   \ud83d\udcac  ::debug::isExplicit: 3.8.11\n[fe67e3a1-c8dc-486f-9177-b7d42c339484/build]   \ud83d\udcac  ::debug::explicit? true\n[fe67e3a1-c8dc-486f-9177-b7d42c339484/build]   \ud83d\udcac  ::debug::isExplicit: 3.9.6\n[fe67e3a1-c8dc-486f-9177-b7d42c339484/build]   \ud83d\udcac  ::debug::explicit? true\n[fe67e3a1-c8dc-486f-9177-b7d42c339484/build]   \ud83d\udcac  ::debug::evaluating 7 versions\n[fe67e3a1-c8dc-486f-9177-b7d42c339484/build]   \ud83d\udcac  ::debug::matched: 3.10.12\n[fe67e3a1-c8dc-486f-9177-b7d42c339484/build]   \ud83d\udcac  ::debug::checking cache: /opt/hostedtoolcache/Python/3.10.12/x64\n[fe67e3a1-c8dc-486f-9177-b7d42c339484/build]   \ud83d\udcac  ::debug::Found tool in cache Python 3.10.12 x64\n[fe67e3a1-c8dc-486f-9177-b7d42c339484/build]   | Successfully set up CPython (3.10.12)\n[fe67e3a1-c8dc-486f-9177-b7d42c339484/build]   \u2753  ::endgroup::\n[fe67e3a1-c8dc-486f-9177-b7d42c339484/build]   \u2753 add-matcher /run/act/actions/actions-setup-python@v4/.github/python.json\n[fe67e3a1-c8dc-486f-9177-b7d42c339484/build]   \u2705  Success - Main Set up Python\n[fe67e3a1-c8dc-486f-9177-b7d42c339484/build]   \u2699  ::set-env:: pythonLocation=/opt/hostedtoolcache/Python/3.10.12/x64\n[fe67e3a1-c8dc-486f-9177-b7d42c339484/build]   \u2699  ::set-env:: PKG_CONFIG_PATH=/opt/hostedtoolcache/Python/3.10.12/x64/lib/pkgconfig\n[fe67e3a1-c8dc-486f-9177-b7d42c339484/build]   \u2699  ::set-env:: Python_ROOT_DIR=/opt/hostedtoolcache/Python/3.10.12/x64\n[fe67e3a1-c8dc-486f-9177-b7d42c339484/build]   \u2699  ::set-env:: Python2_ROOT_DIR=/opt/hostedtoolcache/Python/3.10.12/x64\n[fe67e3a1-c8dc-486f-9177-b7d42c339484/build]   \u2699  ::set-env:: Python3_ROOT_DIR=/opt/hostedtoolcache/Python/3.10.12/x64\n[fe67e3a1-c8dc-486f-9177-b7d42c339484/build]   \u2699  ::set-env:: LD_LIBRARY_PATH=/opt/hostedtoolcache/Python/3.10.12/x64/lib\n[fe67e3a1-c8dc-486f-9177-b7d42c339484/build]   \u2699  ::set-output:: python-version=3.10.12\n[fe67e3a1-c8dc-486f-9177-b7d42c339484/build]   \u2699  ::set-output:: python-path=/opt/hostedtoolcache/Python/3.10.12/x64/bin/python\n[fe67e3a1-c8dc-486f-9177-b7d42c339484/build]   \u2699  ::add-path:: /opt/hostedtoolcache/Python/3.10.12/x64\n[fe67e3a1-c8dc-486f-9177-b7d42c339484/build]   \u2699  ::add-path:: /opt/hostedtoolcache/Python/3.10.12/x64/bin\n[fe67e3a1-c8dc-486f-9177-b7d42c339484/build] \u2b50 Run Main Install dependencies\n[fe67e3a1-c8dc-486f-9177-b7d42c339484/build]   \ud83d\udc33  docker exec cmd=[bash --noprofile --norc -e -o pipefail /var/run/act/workflow/2] user= workdir=\n[fe67e3a1-c8dc-486f-9177-b7d42c339484/build]   | Requirement already satisfied: pip in /opt/hostedtoolcache/Python/3.10.12/x64/lib/python3.10/site-packages (23.0.1)\n[fe67e3a1-c8dc-486f-9177-b7d42c339484/build]   | Collecting pip\n[fe67e3a1-c8dc-486f-9177-b7d42c339484/build]   |   Using cached pip-23.1.2-py3-none-any.whl (2.1 MB)\n[fe67e3a1-c8dc-486f-9177-b7d42c339484/build]   | Installing collected packages: pip\n[fe67e3a1-c8dc-486f-9177-b7d42c339484/build]   |   Attempting uninstall: pip\n[fe67e3a1-c8dc-486f-9177-b7d42c339484/build]   |     Found existing installation: pip 23.0.1\n[fe67e3a1-c8dc-486f-9177-b7d42c339484/build]   |     Uninstalling pip-23.0.1:\n[fe67e3a1-c8dc-486f-9177-b7d42c339484/build]   |       Successfully uninstalled pip-23.0.1\n[fe67e3a1-c8dc-486f-9177-b7d42c339484/build]   | Successfully installed pip-23.1.2\n[fe67e3a1-c8dc-486f-9177-b7d42c339484/build]   | Collecting poetry\n[fe67e3a1-c8dc-486f-9177-b7d42c339484/build]   |   Downloading poetry-1.5.1-py3-none-any.whl (225 kB)\n[fe67e3a1-c8dc-486f-9177-b7d42c339484/build]   |      \u2501\u2501\u2501\u2501\u2501\u2501\u2501\u2501\u2501\u2501\u2501\u2501\u2501\u2501\u2501\u2501\u2501\u2501\u2501\u2501\u2501\u2501\u2501\u2501\u2501\u2501\u2501\u2501\u2501\u2501\u2501\u2501\u2501\u2501\u2501\u2501\u2501\u2501 225.2/225.2 kB 11.8 MB/s eta 0:00:00\n[fe67e3a1-c8dc-486f-9177-b7d42c339484/build]   | Collecting build<0.11.0,>=0.10.0 (from poetry)\n[fe67e3a1-c8dc-486f-9177-b7d42c339484/build]   |   Downloading build-0.10.0-py3-none-any.whl (17 kB)\n[fe67e3a1-c8dc-486f-9177-b7d42c339484/build]   | Collecting cachecontrol[filecache]<0.13.0,>=0.12.9 (from poetry)\n[fe67e3a1-c8dc-486f-9177-b7d42c339484/build]   |   Downloading CacheControl-0.12.14-py2.py3-none-any.whl (21 kB)\n[fe67e3a1-c8dc-486f-9177-b7d42c339484/build]   | Collecting cleo<3.0.0,>=2.0.0 (from poetry)\n[fe67e3a1-c8dc-486f-9177-b7d42c339484/build]   |   Downloading cleo-2.0.1-py3-none-any.whl (77 kB)\n[fe67e3a1-c8dc-486f-9177-b7d42c339484/build]   |      \u2501\u2501\u2501\u2501\u2501\u2501\u2501\u2501\u2501\u2501\u2501\u2501\u2501\u2501\u2501\u2501\u2501\u2501\u2501\u2501\u2501\u2501\u2501\u2501\u2501\u2501\u2501\u2501\u2501\u2501\u2501\u2501\u2501\u2501\u2501\u2501\u2501\u2501\u2501\u2501 77.3/77.3 kB 10.7 MB/s eta 0:00:00\n[fe67e3a1-c8dc-486f-9177-b7d42c339484/build]   | Collecting crashtest<0.5.0,>=0.4.1 (from poetry)\n[fe67e3a1-c8dc-486f-9177-b7d42c339484/build]   |   Downloading crashtest-0.4.1-py3-none-any.whl (7.6 kB)\n[fe67e3a1-c8dc-486f-9177-b7d42c339484/build]   | Collecting dulwich<0.22.0,>=0.21.2 (from poetry)\n[fe67e3a1-c8dc-486f-9177-b7d42c339484/build]   |   Downloading dulwich-0.21.5-cp310-cp310-manylinux_2_17_x86_64.manylinux2014_x86_64.whl (510 kB)\n[fe67e3a1-c8dc-486f-9177-b7d42c339484/build]   |      \u2501\u2501\u2501\u2501\u2501\u2501\u2501\u2501\u2501\u2501\u2501\u2501\u2501\u2501\u2501\u2501\u2501\u2501\u2501\u2501\u2501\u2501\u2501\u2501\u2501\u2501\u2501\u2501\u2501\u2501\u2501\u2501\u2501\u2501\u2501\u2501\u2501\u2501 510.1/510.1 kB 47.3 MB/s eta 0:00:00\n[fe67e3a1-c8dc-486f-9177-b7d42c339484/build]   | Collecting filelock<4.0.0,>=3.8.0 (from poetry)\n[fe67e3a1-c8dc-486f-9177-b7d42c339484/build]   |   Downloading filelock-3.12.2-py3-none-any.whl (10 kB)\n[fe67e3a1-c8dc-486f-9177-b7d42c339484/build]   | Collecting html5lib<2.0,>=1.0 (from poetry)\n[fe67e3a1-c8dc-486f-9177-b7d42c339484/build]   |   Downloading html5lib-1.1-py2.py3-none-any.whl (112 kB)\n[fe67e3a1-c8dc-486f-9177-b7d42c339484/build]   |      \u2501\u2501\u2501\u2501\u2501\u2501\u2501\u2501\u2501\u2501\u2501\u2501\u2501\u2501\u2501\u2501\u2501\u2501\u2501\u2501\u2501\u2501\u2501\u2501\u2501\u2501\u2501\u2501\u2501\u2501\u2501\u2501\u2501\u2501\u2501\u2501\u2501\u2501 112.2/112.2 kB 15.4 MB/s eta 0:00:00\n[fe67e3a1-c8dc-486f-9177-b7d42c339484/build]   | Collecting installer<0.8.0,>=0.7.0 (from poetry)\n[fe67e3a1-c8dc-486f-9177-b7d42c339484/build]   |   Downloading installer-0.7.0-py3-none-any.whl (453 kB)\n[fe67e3a1-c8dc-486f-9177-b7d42c339484/build]   |      \u2501\u2501\u2501\u2501\u2501\u2501\u2501\u2501\u2501\u2501\u2501\u2501\u2501\u2501\u2501\u2501\u2501\u2501\u2501\u2501\u2501\u2501\u2501\u2501\u2501\u2501\u2501\u2501\u2501\u2501\u2501\u2501\u2501\u2501\u2501\u2501\u2501\u2501 453.8/453.8 kB 33.1 MB/s eta 0:00:00\n[fe67e3a1-c8dc-486f-9177-b7d42c339484/build]   | Collecting jsonschema<5.0.0,>=4.10.0 (from poetry)\n[fe67e3a1-c8dc-486f-9177-b7d42c339484/build]   |   Downloading jsonschema-4.17.3-py3-none-any.whl (90 kB)\n[fe67e3a1-c8dc-486f-9177-b7d42c339484/build]   |      \u2501\u2501\u2501\u2501\u2501\u2501\u2501\u2501\u2501\u2501\u2501\u2501\u2501\u2501\u2501\u2501\u2501\u2501\u2501\u2501\u2501\u2501\u2501\u2501\u2501\u2501\u2501\u2501\u2501\u2501\u2501\u2501\u2501\u2501\u2501\u2501\u2501\u2501\u2501\u2501 90.4/90.4 kB 14.1 MB/s eta 0:00:00\n[fe67e3a1-c8dc-486f-9177-b7d42c339484/build]   | Collecting keyring<24.0.0,>=23.9.0 (from poetry)\n[fe67e3a1-c8dc-486f-9177-b7d42c339484/build]   |   Downloading keyring-23.13.1-py3-none-any.whl (37 kB)\n[fe67e3a1-c8dc-486f-9177-b7d42c339484/build]   | Collecting lockfile<0.13.0,>=0.12.2 (from poetry)\n[fe67e3a1-c8dc-486f-9177-b7d42c339484/build]   |   Downloading lockfile-0.12.2-py2.py3-none-any.whl (13 kB)\n[fe67e3a1-c8dc-486f-9177-b7d42c339484/build]   | Collecting packaging>=20.4 (from poetry)\n[fe67e3a1-c8dc-486f-9177-b7d42c339484/build]   |   Downloading packaging-23.1-py3-none-any.whl (48 kB)\n[fe67e3a1-c8dc-486f-9177-b7d42c339484/build]   |      \u2501\u2501\u2501\u2501\u2501\u2501\u2501\u2501\u2501\u2501\u2501\u2501\u2501\u2501\u2501\u2501\u2501\u2501\u2501\u2501\u2501\u2501\u2501\u2501\u2501\u2501\u2501\u2501\u2501\u2501\u2501\u2501\u2501\u2501\u2501\u2501\u2501\u2501\u2501\u2501 48.9/48.9 kB 7.0 MB/s eta 0:00:00\n[fe67e3a1-c8dc-486f-9177-b7d42c339484/build]   | Collecting pexpect<5.0.0,>=4.7.0 (from poetry)\n[fe67e3a1-c8dc-486f-9177-b7d42c339484/build]   |   Downloading pexpect-4.8.0-py2.py3-none-any.whl (59 kB)\n[fe67e3a1-c8dc-486f-9177-b7d42c339484/build]   |      \u2501\u2501\u2501\u2501\u2501\u2501\u2501\u2501\u2501\u2501\u2501\u2501\u2501\u2501\u2501\u2501\u2501\u2501\u2501\u2501\u2501\u2501\u2501\u2501\u2501\u2501\u2501\u2501\u2501\u2501\u2501\u2501\u2501\u2501\u2501\u2501\u2501\u2501\u2501\u2501 59.0/59.0 kB 12.1 MB/s eta 0:00:00\n[fe67e3a1-c8dc-486f-9177-b7d42c339484/build]   | Collecting pkginfo<2.0.0,>=1.9.4 (from poetry)\n[fe67e3a1-c8dc-486f-9177-b7d42c339484/build]   |   Downloading pkginfo-1.9.6-py3-none-any.whl (30 kB)\n[fe67e3a1-c8dc-486f-9177-b7d42c339484/build]   | Collecting platformdirs<4.0.0,>=3.0.0 (from poetry)\n[fe67e3a1-c8dc-486f-9177-b7d42c339484/build]   |   Downloading platformdirs-3.8.0-py3-none-any.whl (16 kB)\n[fe67e3a1-c8dc-486f-9177-b7d42c339484/build]   | Collecting poetry-core==1.6.1 (from poetry)\n[fe67e3a1-c8dc-486f-9177-b7d42c339484/build]   |   Downloading poetry_core-1.6.1-py3-none-any.whl (450 kB)\n[fe67e3a1-c8dc-486f-9177-b7d42c339484/build]   |      \u2501\u2501\u2501\u2501\u2501\u2501\u2501\u2501\u2501\u2501\u2501\u2501\u2501\u2501\u2501\u2501\u2501\u2501\u2501\u2501\u2501\u2501\u2501\u2501\u2501\u2501\u2501\u2501\u2501\u2501\u2501\u2501\u2501\u2501\u2501\u2501\u2501\u2501\u2501 450.5/450.5 kB 7.0 MB/s eta 0:00:00\n[fe67e3a1-c8dc-486f-9177-b7d42c339484/build]   | Collecting poetry-plugin-export<2.0.0,>=1.4.0 (from poetry)\n[fe67e3a1-c8dc-486f-9177-b7d42c339484/build]   |   Downloading poetry_plugin_export-1.4.0-py3-none-any.whl (10 kB)\n[fe67e3a1-c8dc-486f-9177-b7d42c339484/build]   | Collecting pyproject-hooks<2.0.0,>=1.0.0 (from poetry)\n[fe67e3a1-c8dc-486f-9177-b7d42c339484/build]   |   Downloading pyproject_hooks-1.0.0-py3-none-any.whl (9.3 kB)\n[fe67e3a1-c8dc-486f-9177-b7d42c339484/build]   | Collecting requests<3.0,>=2.18 (from poetry)\n[fe67e3a1-c8dc-486f-9177-b7d42c339484/build]   |   Downloading requests-2.31.0-py3-none-any.whl (62 kB)\n[fe67e3a1-c8dc-486f-9177-b7d42c339484/build]   |      \u2501\u2501\u2501\u2501\u2501\u2501\u2501\u2501\u2501\u2501\u2501\u2501\u2501\u2501\u2501\u2501\u2501\u2501\u2501\u2501\u2501\u2501\u2501\u2501\u2501\u2501\u2501\u2501\u2501\u2501\u2501\u2501\u2501\u2501\u2501\u2501\u2501\u2501\u2501\u2501 62.6/62.6 kB 5.3 MB/s eta 0:00:00\n[fe67e3a1-c8dc-486f-9177-b7d42c339484/build]   | Collecting requests-toolbelt<2,>=0.9.1 (from poetry)\n[fe67e3a1-c8dc-486f-9177-b7d42c339484/build]   |   Downloading requests_toolbelt-1.0.0-py2.py3-none-any.whl (54 kB)\n[fe67e3a1-c8dc-486f-9177-b7d42c339484/build]   |      \u2501\u2501\u2501\u2501\u2501\u2501\u2501\u2501\u2501\u2501\u2501\u2501\u2501\u2501\u2501\u2501\u2501\u2501\u2501\u2501\u2501\u2501\u2501\u2501\u2501\u2501\u2501\u2501\u2501\u2501\u2501\u2501\u2501\u2501\u2501\u2501\u2501\u2501\u2501\u2501 54.5/54.5 kB 5.6 MB/s eta 0:00:00\n[fe67e3a1-c8dc-486f-9177-b7d42c339484/build]   | Collecting shellingham<2.0,>=1.5 (from poetry)\n[fe67e3a1-c8dc-486f-9177-b7d42c339484/build]   |   Downloading shellingham-1.5.0.post1-py2.py3-none-any.whl (9.4 kB)\n[fe67e3a1-c8dc-486f-9177-b7d42c339484/build]   | Collecting tomli<3.0.0,>=2.0.1 (from poetry)\n[fe67e3a1-c8dc-486f-9177-b7d42c339484/build]   |   Downloading tomli-2.0.1-py3-none-any.whl (12 kB)\n[fe67e3a1-c8dc-486f-9177-b7d42c339484/build]   | Collecting tomlkit<1.0.0,>=0.11.4 (from poetry)\n[fe67e3a1-c8dc-486f-9177-b7d42c339484/build]   |   Downloading tomlkit-0.11.8-py3-none-any.whl (35 kB)\n[fe67e3a1-c8dc-486f-9177-b7d42c339484/build]   | Collecting trove-classifiers>=2022.5.19 (from poetry)\n[fe67e3a1-c8dc-486f-9177-b7d42c339484/build]   |   Downloading trove_classifiers-2023.5.24-py3-none-any.whl (13 kB)\n[fe67e3a1-c8dc-486f-9177-b7d42c339484/build]   | Collecting urllib3<2.0.0,>=1.26.0 (from poetry)\n[fe67e3a1-c8dc-486f-9177-b7d42c339484/build]   |   Downloading urllib3-1.26.16-py2.py3-none-any.whl (143 kB)\n[fe67e3a1-c8dc-486f-9177-b7d42c339484/build]   |      \u2501\u2501\u2501\u2501\u2501\u2501\u2501\u2501\u2501\u2501\u2501\u2501\u2501\u2501\u2501\u2501\u2501\u2501\u2501\u2501\u2501\u2501\u2501\u2501\u2501\u2501\u2501\u2501\u2501\u2501\u2501\u2501\u2501\u2501\u2501\u2501\u2501\u2501 143.1/143.1 kB 14.7 MB/s eta 0:00:00\n[fe67e3a1-c8dc-486f-9177-b7d42c339484/build]   | Collecting virtualenv<21.0.0,>=20.22.0 (from poetry)\n[fe67e3a1-c8dc-486f-9177-b7d42c339484/build]   |   Downloading virtualenv-20.23.1-py3-none-any.whl (3.3 MB)\n[fe67e3a1-c8dc-486f-9177-b7d42c339484/build]   |      \u2501\u2501\u2501\u2501\u2501\u2501\u2501\u2501\u2501\u2501\u2501\u2501\u2501\u2501\u2501\u2501\u2501\u2501\u2501\u2501\u2501\u2501\u2501\u2501\u2501\u2501\u2501\u2501\u2501\u2501\u2501\u2501\u2501\u2501\u2501\u2501\u2501\u2501\u2501\u2501 3.3/3.3 MB 35.5 MB/s eta 0:00:00\n[fe67e3a1-c8dc-486f-9177-b7d42c339484/build]   | Collecting msgpack>=0.5.2 (from cachecontrol[filecache]<0.13.0,>=0.12.9->poetry)\n[fe67e3a1-c8dc-486f-9177-b7d42c339484/build]   |   Downloading msgpack-1.0.5-cp310-cp310-manylinux_2_17_x86_64.manylinux2014_x86_64.whl (316 kB)\n[fe67e3a1-c8dc-486f-9177-b7d42c339484/build]   |      \u2501\u2501\u2501\u2501\u2501\u2501\u2501\u2501\u2501\u2501\u2501\u2501\u2501\u2501\u2501\u2501\u2501\u2501\u2501\u2501\u2501\u2501\u2501\u2501\u2501\u2501\u2501\u2501\u2501\u2501\u2501\u2501\u2501\u2501\u2501\u2501\u2501\u2501\u2501 316.8/316.8 kB 4.5 MB/s eta 0:00:00\n[fe67e3a1-c8dc-486f-9177-b7d42c339484/build]   | Collecting rapidfuzz<3.0.0,>=2.2.0 (from cleo<3.0.0,>=2.0.0->poetry)\n[fe67e3a1-c8dc-486f-9177-b7d42c339484/build]   |   Downloading rapidfuzz-2.15.1-cp310-cp310-manylinux_2_17_x86_64.manylinux2014_x86_64.whl (3.0 MB)\n[fe67e3a1-c8dc-486f-9177-b7d42c339484/build]   |      \u2501\u2501\u2501\u2501\u2501\u2501\u2501\u2501\u2501\u2501\u2501\u2501\u2501\u2501\u2501\u2501\u2501\u2501\u2501\u2501\u2501\u2501\u2501\u2501\u2501\u2501\u2501\u2501\u2501\u2501\u2501\u2501\u2501\u2501\u2501\u2501\u2501\u2501\u2501\u2501 3.0/3.0 MB 50.7 MB/s eta 0:00:00\n[fe67e3a1-c8dc-486f-9177-b7d42c339484/build]   | Collecting six>=1.9 (from html5lib<2.0,>=1.0->poetry)\n[fe67e3a1-c8dc-486f-9177-b7d42c339484/build]   |   Downloading six-1.16.0-py2.py3-none-any.whl (11 kB)\n[fe67e3a1-c8dc-486f-9177-b7d42c339484/build]   | Collecting webencodings (from html5lib<2.0,>=1.0->poetry)\n[fe67e3a1-c8dc-486f-9177-b7d42c339484/build]   |   Downloading webencodings-0.5.1-py2.py3-none-any.whl (11 kB)\n[fe67e3a1-c8dc-486f-9177-b7d42c339484/build]   | Collecting attrs>=17.4.0 (from jsonschema<5.0.0,>=4.10.0->poetry)\n[fe67e3a1-c8dc-486f-9177-b7d42c339484/build]   |   Downloading attrs-23.1.0-py3-none-any.whl (61 kB)\n[fe67e3a1-c8dc-486f-9177-b7d42c339484/build]   |      \u2501\u2501\u2501\u2501\u2501\u2501\u2501\u2501\u2501\u2501\u2501\u2501\u2501\u2501\u2501\u2501\u2501\u2501\u2501\u2501\u2501\u2501\u2501\u2501\u2501\u2501\u2501\u2501\u2501\u2501\u2501\u2501\u2501\u2501\u2501\u2501\u2501\u2501\u2501\u2501 61.2/61.2 kB 1.0 MB/s eta 0:00:00\n[fe67e3a1-c8dc-486f-9177-b7d42c339484/build]   | Collecting pyrsistent!=0.17.0,!=0.17.1,!=0.17.2,>=0.14.0 (from jsonschema<5.0.0,>=4.10.0->poetry)\n[fe67e3a1-c8dc-486f-9177-b7d42c339484/build]   |   Downloading pyrsistent-0.19.3-py3-none-any.whl (57 kB)\n[fe67e3a1-c8dc-486f-9177-b7d42c339484/build]   |      \u2501\u2501\u2501\u2501\u2501\u2501\u2501\u2501\u2501\u2501\u2501\u2501\u2501\u2501\u2501\u2501\u2501\u2501\u2501\u2501\u2501\u2501\u2501\u2501\u2501\u2501\u2501\u2501\u2501\u2501\u2501\u2501\u2501\u2501\u2501\u2501\u2501\u2501\u2501\u2501 57.5/57.5 kB 1.8 MB/s eta 0:00:00\n[fe67e3a1-c8dc-486f-9177-b7d42c339484/build]   | Collecting jaraco.classes (from keyring<24.0.0,>=23.9.0->poetry)\n[fe67e3a1-c8dc-486f-9177-b7d42c339484/build]   |   Downloading jaraco.classes-3.2.3-py3-none-any.whl (6.0 kB)\n[fe67e3a1-c8dc-486f-9177-b7d42c339484/build]   | Collecting importlib-metadata>=4.11.4 (from keyring<24.0.0,>=23.9.0->poetry)\n[fe67e3a1-c8dc-486f-9177-b7d42c339484/build]   |   Downloading importlib_metadata-6.7.0-py3-none-any.whl (22 kB)\n[fe67e3a1-c8dc-486f-9177-b7d42c339484/build]   | Collecting SecretStorage>=3.2 (from keyring<24.0.0,>=23.9.0->poetry)\n[fe67e3a1-c8dc-486f-9177-b7d42c339484/build]   |   Downloading SecretStorage-3.3.3-py3-none-any.whl (15 kB)\n[fe67e3a1-c8dc-486f-9177-b7d42c339484/build]   | Collecting jeepney>=0.4.2 (from keyring<24.0.0,>=23.9.0->poetry)\n[fe67e3a1-c8dc-486f-9177-b7d42c339484/build]   |   Downloading jeepney-0.8.0-py3-none-any.whl (48 kB)\n[fe67e3a1-c8dc-486f-9177-b7d42c339484/build]   |      \u2501\u2501\u2501\u2501\u2501\u2501\u2501\u2501\u2501\u2501\u2501\u2501\u2501\u2501\u2501\u2501\u2501\u2501\u2501\u2501\u2501\u2501\u2501\u2501\u2501\u2501\u2501\u2501\u2501\u2501\u2501\u2501\u2501\u2501\u2501\u2501\u2501\u2501\u2501\u2501 48.4/48.4 kB 2.5 MB/s eta 0:00:00\n[fe67e3a1-c8dc-486f-9177-b7d42c339484/build]   | Collecting ptyprocess>=0.5 (from pexpect<5.0.0,>=4.7.0->poetry)\n[fe67e3a1-c8dc-486f-9177-b7d42c339484/build]   |   Downloading ptyprocess-0.7.0-py2.py3-none-any.whl (13 kB)\n[fe67e3a1-c8dc-486f-9177-b7d42c339484/build]   | Collecting charset-normalizer<4,>=2 (from requests<3.0,>=2.18->poetry)\n[fe67e3a1-c8dc-486f-9177-b7d42c339484/build]   |   Downloading charset_normalizer-3.1.0-cp310-cp310-manylinux_2_17_x86_64.manylinux2014_x86_64.whl (199 kB)\n[fe67e3a1-c8dc-486f-9177-b7d42c339484/build]   |      \u2501\u2501\u2501\u2501\u2501\u2501\u2501\u2501\u2501\u2501\u2501\u2501\u2501\u2501\u2501\u2501\u2501\u2501\u2501\u2501\u2501\u2501\u2501\u2501\u2501\u2501\u2501\u2501\u2501\u2501\u2501\u2501\u2501\u2501\u2501\u2501\u2501\u2501 199.3/199.3 kB 22.3 MB/s eta 0:00:00\n[fe67e3a1-c8dc-486f-9177-b7d42c339484/build]   | Collecting idna<4,>=2.5 (from requests<3.0,>=2.18->poetry)\n[fe67e3a1-c8dc-486f-9177-b7d42c339484/build]   |   Downloading idna-3.4-py3-none-any.whl (61 kB)\n[fe67e3a1-c8dc-486f-9177-b7d42c339484/build]   |      \u2501\u2501\u2501\u2501\u2501\u2501\u2501\u2501\u2501\u2501\u2501\u2501\u2501\u2501\u2501\u2501\u2501\u2501\u2501\u2501\u2501\u2501\u2501\u2501\u2501\u2501\u2501\u2501\u2501\u2501\u2501\u2501\u2501\u2501\u2501\u2501\u2501\u2501\u2501\u2501 61.5/61.5 kB 8.4 MB/s eta 0:00:00\n[fe67e3a1-c8dc-486f-9177-b7d42c339484/build]   | Collecting certifi>=2017.4.17 (from requests<3.0,>=2.18->poetry)\n[fe67e3a1-c8dc-486f-9177-b7d42c339484/build]   |   Downloading certifi-2023.5.7-py3-none-any.whl (156 kB)\n[fe67e3a1-c8dc-486f-9177-b7d42c339484/build]   |      \u2501\u2501\u2501\u2501\u2501\u2501\u2501\u2501\u2501\u2501\u2501\u2501\u2501\u2501\u2501\u2501\u2501\u2501\u2501\u2501\u2501\u2501\u2501\u2501\u2501\u2501\u2501\u2501\u2501\u2501\u2501\u2501\u2501\u2501\u2501\u2501\u2501\u2501 157.0/157.0 kB 31.9 MB/s eta 0:00:00\n[fe67e3a1-c8dc-486f-9177-b7d42c339484/build]   | Collecting distlib<1,>=0.3.6 (from virtualenv<21.0.0,>=20.22.0->poetry)\n[fe67e3a1-c8dc-486f-9177-b7d42c339484/build]   |   Downloading distlib-0.3.6-py2.py3-none-any.whl (468 kB)\n[fe67e3a1-c8dc-486f-9177-b7d42c339484/build]   |      \u2501\u2501\u2501\u2501\u2501\u2501\u2501\u2501\u2501\u2501\u2501\u2501\u2501\u2501\u2501\u2501\u2501\u2501\u2501\u2501\u2501\u2501\u2501\u2501\u2501\u2501\u2501\u2501\u2501\u2501\u2501\u2501\u2501\u2501\u2501\u2501\u2501\u2501\u2501 468.5/468.5 kB 5.4 MB/s eta 0:00:00\n[fe67e3a1-c8dc-486f-9177-b7d42c339484/build]   | Collecting zipp>=0.5 (from importlib-metadata>=4.11.4->keyring<24.0.0,>=23.9.0->poetry)\n[fe67e3a1-c8dc-486f-9177-b7d42c339484/build]   |   Downloading zipp-3.15.0-py3-none-any.whl (6.8 kB)\n[fe67e3a1-c8dc-486f-9177-b7d42c339484/build]   | Collecting cryptography>=2.0 (from SecretStorage>=3.2->keyring<24.0.0,>=23.9.0->poetry)\n[fe67e3a1-c8dc-486f-9177-b7d42c339484/build]   |   Downloading cryptography-41.0.1-cp37-abi3-manylinux_2_28_x86_64.whl (4.3 MB)\n[fe67e3a1-c8dc-486f-9177-b7d42c339484/build]   |      \u2501\u2501\u2501\u2501\u2501\u2501\u2501\u2501\u2501\u2501\u2501\u2501\u2501\u2501\u2501\u2501\u2501\u2501\u2501\u2501\u2501\u2501\u2501\u2501\u2501\u2501\u2501\u2501\u2501\u2501\u2501\u2501\u2501\u2501\u2501\u2501\u2501\u2501\u2501\u2501 4.3/4.3 MB 29.1 MB/s eta 0:00:00\n[fe67e3a1-c8dc-486f-9177-b7d42c339484/build]   | Collecting more-itertools (from jaraco.classes->keyring<24.0.0,>=23.9.0->poetry)\n[fe67e3a1-c8dc-486f-9177-b7d42c339484/build]   |   Downloading more_itertools-9.1.0-py3-none-any.whl (54 kB)\n[fe67e3a1-c8dc-486f-9177-b7d42c339484/build]   |      \u2501\u2501\u2501\u2501\u2501\u2501\u2501\u2501\u2501\u2501\u2501\u2501\u2501\u2501\u2501\u2501\u2501\u2501\u2501\u2501\u2501\u2501\u2501\u2501\u2501\u2501\u2501\u2501\u2501\u2501\u2501\u2501\u2501\u2501\u2501\u2501\u2501\u2501\u2501\u2501 54.2/54.2 kB 1.8 MB/s eta 0:00:00\n[fe67e3a1-c8dc-486f-9177-b7d42c339484/build]   | Collecting cffi>=1.12 (from cryptography>=2.0->SecretStorage>=3.2->keyring<24.0.0,>=23.9.0->poetry)\n[fe67e3a1-c8dc-486f-9177-b7d42c339484/build]   |   Downloading cffi-1.15.1-cp310-cp310-manylinux_2_17_x86_64.manylinux2014_x86_64.whl (441 kB)\n[fe67e3a1-c8dc-486f-9177-b7d42c339484/build]   |      \u2501\u2501\u2501\u2501\u2501\u2501\u2501\u2501\u2501\u2501\u2501\u2501\u2501\u2501\u2501\u2501\u2501\u2501\u2501\u2501\u2501\u2501\u2501\u2501\u2501\u2501\u2501\u2501\u2501\u2501\u2501\u2501\u2501\u2501\u2501\u2501\u2501\u2501 441.8/441.8 kB 24.6 MB/s eta 0:00:00\n[fe67e3a1-c8dc-486f-9177-b7d42c339484/build]   | Collecting pycparser (from cffi>=1.12->cryptography>=2.0->SecretStorage>=3.2->keyring<24.0.0,>=23.9.0->poetry)\n[fe67e3a1-c8dc-486f-9177-b7d42c339484/build]   |   Downloading pycparser-2.21-py2.py3-none-any.whl (118 kB)\n[fe67e3a1-c8dc-486f-9177-b7d42c339484/build]   |      \u2501\u2501\u2501\u2501\u2501\u2501\u2501\u2501\u2501\u2501\u2501\u2501\u2501\u2501\u2501\u2501\u2501\u2501\u2501\u2501\u2501\u2501\u2501\u2501\u2501\u2501\u2501\u2501\u2501\u2501\u2501\u2501\u2501\u2501\u2501\u2501\u2501\u2501 118.7/118.7 kB 14.8 MB/s eta 0:00:00\n[fe67e3a1-c8dc-486f-9177-b7d42c339484/build]   | Installing collected packages: webencodings, trove-classifiers, ptyprocess, msgpack, lockfile, distlib, zipp, urllib3, tomlkit, tomli, six, shellingham, rapidfuzz, pyrsistent, pycparser, poetry-core, platformdirs, pkginfo, pexpect, packaging, more-itertools, jeepney, installer, idna, filelock, crashtest, charset-normalizer, certifi, attrs, virtualenv, requests, pyproject-hooks, jsonschema, jaraco.classes, importlib-metadata, html5lib, dulwich, cleo, cffi, requests-toolbelt, cryptography, cachecontrol, build, SecretStorage, keyring, poetry-plugin-export, poetry\n[fe67e3a1-c8dc-486f-9177-b7d42c339484/build]   | Successfully installed SecretStorage-3.3.3 attrs-23.1.0 build-0.10.0 cachecontrol-0.12.14 certifi-2023.5.7 cffi-1.15.1 charset-normalizer-3.1.0 cleo-2.0.1 crashtest-0.4.1 cryptography-41.0.1 distlib-0.3.6 dulwich-0.21.5 filelock-3.12.2 html5lib-1.1 idna-3.4 importlib-metadata-6.7.0 installer-0.7.0 jaraco.classes-3.2.3 jeepney-0.8.0 jsonschema-4.17.3 keyring-23.13.1 lockfile-0.12.2 more-itertools-9.1.0 msgpack-1.0.5 packaging-23.1 pexpect-4.8.0 pkginfo-1.9.6 platformdirs-3.8.0 poetry-1.5.1 poetry-core-1.6.1 poetry-plugin-export-1.4.0 ptyprocess-0.7.0 pycparser-2.21 pyproject-hooks-1.0.0 pyrsistent-0.19.3 rapidfuzz-2.15.1 requests-2.31.0 requests-toolbelt-1.0.0 shellingham-1.5.0.post1 six-1.16.0 tomli-2.0.1 tomlkit-0.11.8 trove-classifiers-2023.5.24 urllib3-1.26.16 virtualenv-20.23.1 webencodings-0.5.1 zipp-3.15.0\n[fe67e3a1-c8dc-486f-9177-b7d42c339484/build]   | Creating virtualenv notifico-FI_l4MvJ-py3.10 in /home/runneradmin/.cache/pypoetry/virtualenvs\n[fe67e3a1-c8dc-486f-9177-b7d42c339484/build]   | Installing dependencies from lock file\n[fe67e3a1-c8dc-486f-9177-b7d42c339484/build]   | Warning: poetry.lock is not consistent with pyproject.toml. You may be getting improper dependencies. Run `poetry lock [--no-update]` to fix it.\n[fe67e3a1-c8dc-486f-9177-b7d42c339484/build]   | \n[fe67e3a1-c8dc-486f-9177-b7d42c339484/build]   | Package operations: 73 installs, 1 update, 0 removals\n[fe67e3a1-c8dc-486f-9177-b7d42c339484/build]   | \n[fe67e3a1-c8dc-486f-9177-b7d42c339484/build]   |   \u2022 Installing markupsafe (2.1.1)\n[fe67e3a1-c8dc-486f-9177-b7d42c339484/build]   |   \u2022 Installing click (8.1.3)\n[fe67e3a1-c8dc-486f-9177-b7d42c339484/build]   |   \u2022 Installing greenlet (1.1.3)\n[fe67e3a1-c8dc-486f-9177-b7d42c339484/build]   |   \u2022 Installing itsdangerous (2.1.2)\n[fe67e3a1-c8dc-486f-9177-b7d42c339484/build]   |   \u2022 Installing jinja2 (3.1.2)\n[fe67e3a1-c8dc-486f-9177-b7d42c339484/build]   |   \u2022 Installing vine (5.0.0)\n[fe67e3a1-c8dc-486f-9177-b7d42c339484/build]   |   \u2022 Installing wcwidth (0.2.5)\n[fe67e3a1-c8dc-486f-9177-b7d42c339484/build]   |   \u2022 Installing werkzeug (2.2.2)\n[fe67e3a1-c8dc-486f-9177-b7d42c339484/build]   |   \u2022 Installing amqp (5.1.1)\n[fe67e3a1-c8dc-486f-9177-b7d42c339484/build]   |   \u2022 Installing flask (2.2.2)\n[fe67e3a1-c8dc-486f-9177-b7d42c339484/build]   |   \u2022 Installing prompt-toolkit (3.0.31)\n[fe67e3a1-c8dc-486f-9177-b7d42c339484/build]   |   \u2022 Installing mako (1.2.3)\n[fe67e3a1-c8dc-486f-9177-b7d42c339484/build]   |   \u2022 Updating setuptools (67.8.0 -> 67.6.1)\n[fe67e3a1-c8dc-486f-9177-b7d42c339484/build]   |   \u2022 Installing six (1.16.0)\n[fe67e3a1-c8dc-486f-9177-b7d42c339484/build]   |   \u2022 Installing pytz (2022.2.1)\n[fe67e3a1-c8dc-486f-9177-b7d42c339484/build]   |   \u2022 Installing wrapt (1.14.1)\n[fe67e3a1-c8dc-486f-9177-b7d42c339484/build]   |   \u2022 Installing sqlalchemy (1.4.41)\n[fe67e3a1-c8dc-486f-9177-b7d42c339484/build]   |   \u2022 Installing alembic (1.8.1)\n[fe67e3a1-c8dc-486f-9177-b7d42c339484/build]   |   \u2022 Installing aniso8601 (9.0.1)\n[fe67e3a1-c8dc-486f-9177-b7d42c339484/build]   |   \u2022 Installing async-timeout (4.0.2)\n[fe67e3a1-c8dc-486f-9177-b7d42c339484/build]   |   \u2022 Installing attrs (22.1.0)\n[fe67e3a1-c8dc-486f-9177-b7d42c339484/build]   |   \u2022 Installing babel (2.10.3)\n[fe67e3a1-c8dc-486f-9177-b7d42c339484/build]   |   \u2022 Installing billiard (3.6.4.0)\n[fe67e3a1-c8dc-486f-9177-b7d42c339484/build]   |   \u2022 Installing cachelib (0.9.0)\n[fe67e3a1-c8dc-486f-9177-b7d42c339484/build]   |   \u2022 Installing certifi (2022.9.14)\n[fe67e3a1-c8dc-486f-9177-b7d42c339484/build]   |   \u2022 Installing charset-normalizer (2.1.1)\n[fe67e3a1-c8dc-486f-9177-b7d42c339484/build]   |   \u2022 Installing click-plugins (1.1.1)\n[fe67e3a1-c8dc-486f-9177-b7d42c339484/build]   |   \u2022 Installing blinker (1.5)\n[fe67e3a1-c8dc-486f-9177-b7d42c339484/build]   |   \u2022 Installing click-didyoumean (0.3.0)\n[fe67e3a1-c8dc-486f-9177-b7d42c339484/build]   |   \u2022 Installing click-repl (0.2.0)\n[fe67e3a1-c8dc-486f-9177-b7d42c339484/build]   |   \u2022 Installing commonmark (0.9.1)\n[fe67e3a1-c8dc-486f-9177-b7d42c339484/build]   |   \u2022 Installing deprecated (1.2.13)\n[fe67e3a1-c8dc-486f-9177-b7d42c339484/build]   |   \u2022 Installing idna (3.4)\n[fe67e3a1-c8dc-486f-9177-b7d42c339484/build]   |   \u2022 Installing dnspython (2.2.1)\n[fe67e3a1-c8dc-486f-9177-b7d42c339484/build]   |   \u2022 Installing flask-sqlalchemy (3.0.0)\n[fe67e3a1-c8dc-486f-9177-b7d42c339484/build]   |   \u2022 Installing kombu (5.2.4)\n[fe67e3a1-c8dc-486f-9177-b7d42c339484/build]   |   \u2022 Installing mypy-extensions (1.0.0)\n[fe67e3a1-c8dc-486f-9177-b7d42c339484/build]   |   \u2022 Installing pathspec (0.11.1)\n[fe67e3a1-c8dc-486f-9177-b7d42c339484/build]   |   \u2022 Installing platformdirs (3.2.0)\n[fe67e3a1-c8dc-486f-9177-b7d42c339484/build]   |   \u2022 Installing iniconfig (1.1.1)\n[fe67e3a1-c8dc-486f-9177-b7d42c339484/build]   |   \u2022 Installing packaging (23.0)\n[fe67e3a1-c8dc-486f-9177-b7d42c339484/build]   |   \u2022 Installing pluggy (1.0.0)\n[fe67e3a1-c8dc-486f-9177-b7d42c339484/build]   |   \u2022 Installing pygments (2.13.0)\n[fe67e3a1-c8dc-486f-9177-b7d42c339484/build]   |   \u2022 Installing py (1.11.0)\n[fe67e3a1-c8dc-486f-9177-b7d42c339484/build]   |   \u2022 Installing tomli (2.0.1)\n[fe67e3a1-c8dc-486f-9177-b7d42c339484/build]   |   \u2022 Installing typing-extensions (4.3.0)\n[fe67e3a1-c8dc-486f-9177-b7d42c339484/build]   |   \u2022 Installing urllib3 (1.26.12)\n[fe67e3a1-c8dc-486f-9177-b7d42c339484/build]   |   \u2022 Installing wtforms (3.0.1)\n[fe67e3a1-c8dc-486f-9177-b7d42c339484/build]   |   \u2022 Installing zope-event (4.5.0)\n[fe67e3a1-c8dc-486f-9177-b7d42c339484/build]   |   \u2022 Installing zope-interface (5.4.0)\n[fe67e3a1-c8dc-486f-9177-b7d42c339484/build]   | Connection pool is full, discarding connection: pypi.org. Connection pool size: 10\n[fe67e3a1-c8dc-486f-9177-b7d42c339484/build]   | Connection pool is full, discarding connection: pypi.org. Connection pool size: 10\n[fe67e3a1-c8dc-486f-9177-b7d42c339484/build]   | Connection pool is full, discarding connection: pypi.org. Connection pool size: 10\n[fe67e3a1-c8dc-486f-9177-b7d42c339484/build]   | Connection pool is full, discarding connection: pypi.org. Connection pool size: 10\n[fe67e3a1-c8dc-486f-9177-b7d42c339484/build]   | Connection pool is full, discarding connection: pypi.org. Connection pool size: 10\n[fe67e3a1-c8dc-486f-9177-b7d42c339484/build]   | Connection pool is full, discarding connection: pypi.org. Connection pool size: 10\n[fe67e3a1-c8dc-486f-9177-b7d42c339484/build]   | Connection pool is full, discarding connection: pypi.org. Connection pool size: 10\n[fe67e3a1-c8dc-486f-9177-b7d42c339484/build]   | Connection pool is full, discarding connection: pypi.org. Connection pool size: 10\n[fe67e3a1-c8dc-486f-9177-b7d42c339484/build]   | Connection pool is full, discarding connection: pypi.org. Connection pool size: 10\n[fe67e3a1-c8dc-486f-9177-b7d42c339484/build]   | Connection pool is full, discarding connection: pypi.org. Connection pool size: 10\n[fe67e3a1-c8dc-486f-9177-b7d42c339484/build]   | Connection pool is full, discarding connection: pypi.org. Connection pool size: 10\n[fe67e3a1-c8dc-486f-9177-b7d42c339484/build]   | Connection pool is full, discarding connection: pypi.org. Connection pool size: 10\n[fe67e3a1-c8dc-486f-9177-b7d42c339484/build]   | Connection pool is full, discarding connection: pypi.org. Connection pool size: 10\n[fe67e3a1-c8dc-486f-9177-b7d42c339484/build]   | Connection pool is full, discarding connection: pypi.org. Connection pool size: 10\n[fe67e3a1-c8dc-486f-9177-b7d42c339484/build]   | Connection pool is full, discarding connection: pypi.org. Connection pool size: 10\n[fe67e3a1-c8dc-486f-9177-b7d42c339484/build]   | Connection pool is full, discarding connection: pypi.org. Connection pool size: 10\n[fe67e3a1-c8dc-486f-9177-b7d42c339484/build]   | Connection pool is full, discarding connection: pypi.org. Connection pool size: 10\n[fe67e3a1-c8dc-486f-9177-b7d42c339484/build]   | Connection pool is full, discarding connection: pypi.org. Connection pool size: 10\n[fe67e3a1-c8dc-486f-9177-b7d42c339484/build]   | Connection pool is full, discarding connection: pypi.org. Connection pool size: 10\n[fe67e3a1-c8dc-486f-9177-b7d42c339484/build]   |   \u2022 Installing black (23.3.0)\n[fe67e3a1-c8dc-486f-9177-b7d42c339484/build]   |   \u2022 Installing celery (5.2.7)\n[fe67e3a1-c8dc-486f-9177-b7d42c339484/build]   |   \u2022 Installing docopt (0.6.2)\n[fe67e3a1-c8dc-486f-9177-b7d42c339484/build]   |   \u2022 Installing flask-babel (2.0.0)\n[fe67e3a1-c8dc-486f-9177-b7d42c339484/build]   |   \u2022 Installing flask-caching (1.11.1)\n[fe67e3a1-c8dc-486f-9177-b7d42c339484/build]   |   \u2022 Installing email-validator (1.3.0)\n[fe67e3a1-c8dc-486f-9177-b7d42c339484/build]   |   \u2022 Installing flask-gravatar (0.5.0)\n[fe67e3a1-c8dc-486f-9177-b7d42c339484/build]   |   \u2022 Installing flask-migrate (3.1.0)\n[fe67e3a1-c8dc-486f-9177-b7d42c339484/build]   |   \u2022 Installing flask-restful (0.3.9)\n[fe67e3a1-c8dc-486f-9177-b7d42c339484/build]   |   \u2022 Installing flask-wtf (1.0.1)\n[fe67e3a1-c8dc-486f-9177-b7d42c339484/build]   |   \u2022 Installing flask-xml-rpc (0.1.2)\n[fe67e3a1-c8dc-486f-9177-b7d42c339484/build]   |   \u2022 Installing flask-mail (0.9.1)\n[fe67e3a1-c8dc-486f-9177-b7d42c339484/build]   |   \u2022 Installing gevent (21.12.0)\n[fe67e3a1-c8dc-486f-9177-b7d42c339484/build]   |   \u2022 Installing pydantic (1.10.2)\n[fe67e3a1-c8dc-486f-9177-b7d42c339484/build]   |   \u2022 Installing psycopg2 (2.9.3)\n[fe67e3a1-c8dc-486f-9177-b7d42c339484/build]   |   \u2022 Installing python-dotenv (0.20.0)\n[fe67e3a1-c8dc-486f-9177-b7d42c339484/build]   |   \u2022 Installing gunicorn (20.1.0)\n[fe67e3a1-c8dc-486f-9177-b7d42c339484/build]   |   \u2022 Installing requests (2.28.1)\n[fe67e3a1-c8dc-486f-9177-b7d42c339484/build]   |   \u2022 Installing rich (12.5.1)\n[fe67e3a1-c8dc-486f-9177-b7d42c339484/build]   |   \u2022 Installing raven (6.10.0)\n[fe67e3a1-c8dc-486f-9177-b7d42c339484/build]   |   \u2022 Installing redis (4.3.4)\n[fe67e3a1-c8dc-486f-9177-b7d42c339484/build]   |   \u2022 Installing sentry-sdk (1.9.9)\n[fe67e3a1-c8dc-486f-9177-b7d42c339484/build]   |   \u2022 Installing pytest (7.1.3)\n[fe67e3a1-c8dc-486f-9177-b7d42c339484/build]   |   \u2022 Installing unidecode (1.3.4)\n[fe67e3a1-c8dc-486f-9177-b7d42c339484/build]   | Connection pool is full, discarding connection: pypi.org. Connection pool size: 10\n[fe67e3a1-c8dc-486f-9177-b7d42c339484/build]   | Connection pool is full, discarding connection: pypi.org. Connection pool size: 10\n[fe67e3a1-c8dc-486f-9177-b7d42c339484/build]   | Connection pool is full, discarding connection: pypi.org. Connection pool size: 10\n[fe67e3a1-c8dc-486f-9177-b7d42c339484/build]   | Connection pool is full, discarding connection: pypi.org. Connection pool size: 10\n[fe67e3a1-c8dc-486f-9177-b7d42c339484/build]   | Connection pool is full, discarding connection: pypi.org. Connection pool size: 10\n[fe67e3a1-c8dc-486f-9177-b7d42c339484/build]   | Connection pool is full, discarding connection: pypi.org. Connection pool size: 10\n[fe67e3a1-c8dc-486f-9177-b7d42c339484/build]   | Connection pool is full, discarding connection: pypi.org. Connection pool size: 10\n[fe67e3a1-c8dc-486f-9177-b7d42c339484/build]   | Connection pool is full, discarding connection: pypi.org. Connection pool size: 10\n[fe67e3a1-c8dc-486f-9177-b7d42c339484/build]   | Connection pool is full, discarding connection: pypi.org. Connection pool size: 10\n[fe67e3a1-c8dc-486f-9177-b7d42c339484/build]   | Connection pool is full, discarding connection: pypi.org. Connection pool size: 10\n[fe67e3a1-c8dc-486f-9177-b7d42c339484/build]   | Connection pool is full, discarding connection: pypi.org. Connection pool size: 10\n[fe67e3a1-c8dc-486f-9177-b7d42c339484/build]   | Connection pool is full, discarding connection: pypi.org. Connection pool size: 10\n[fe67e3a1-c8dc-486f-9177-b7d42c339484/build]   | Connection pool is full, discarding connection: pypi.org. Connection pool size: 10\n[fe67e3a1-c8dc-486f-9177-b7d42c339484/build]   | Connection pool is full, discarding connection: pypi.org. Connection pool size: 10\n[fe67e3a1-c8dc-486f-9177-b7d42c339484/build]   | \n[fe67e3a1-c8dc-486f-9177-b7d42c339484/build]   | Installing the current project: notifico (2.0.0)\n[fe67e3a1-c8dc-486f-9177-b7d42c339484/build]   \u2705  Success - Main Install dependencies\n[fe67e3a1-c8dc-486f-9177-b7d42c339484/build] \u2b50 Run Main Test with pytest\n[fe67e3a1-c8dc-486f-9177-b7d42c339484/build]   \ud83d\udc33  docker exec cmd=[bash --noprofile --norc -e -o pipefail /var/run/act/workflow/3] user= workdir=\n[fe67e3a1-c8dc-486f-9177-b7d42c339484/build]   | ============================= test session starts ==============================\n[fe67e3a1-c8dc-486f-9177-b7d42c339484/build]   | platform linux -- Python 3.10.12, pytest-7.1.3, pluggy-1.0.0\n[fe67e3a1-c8dc-486f-9177-b7d42c339484/build]   | rootdir: /tmp/558156d8-17ed-11ee-8a50-bb14de238602/TkTech-notifico\n[fe67e3a1-c8dc-486f-9177-b7d42c339484/build]   | collected 3 items\n[fe67e3a1-c8dc-486f-9177-b7d42c339484/build]   | \n[fe67e3a1-c8dc-486f-9177-b7d42c339484/build]   | tests/botifico/test_manager.py F                                         [ 33%]\n[fe67e3a1-c8dc-486f-9177-b7d42c339484/build]   | tests/irc/test_colors.py ..                                              [100%]\n[fe67e3a1-c8dc-486f-9177-b7d42c339484/build]   | \n[fe67e3a1-c8dc-486f-9177-b7d42c339484/build]   | =================================== FAILURES ===================================\n[fe67e3a1-c8dc-486f-9177-b7d42c339484/build]   | ________________________ test_plugin_event_registration ________________________\n[fe67e3a1-c8dc-486f-9177-b7d42c339484/build]   | \n[fe67e3a1-c8dc-486f-9177-b7d42c339484/build]   |     def test_plugin_event_registration():\n[fe67e3a1-c8dc-486f-9177-b7d42c339484/build]   |         \"\"\"\n[fe67e3a1-c8dc-486f-9177-b7d42c339484/build]   |         Test registering events on a plugin works.\n[fe67e3a1-c8dc-486f-9177-b7d42c339484/build]   |         \"\"\"\n[fe67e3a1-c8dc-486f-9177-b7d42c339484/build]   | >       plugin = Plugin()\n[fe67e3a1-c8dc-486f-9177-b7d42c339484/build]   | E       TypeError: Plugin.__init__() missing 1 required positional argument: 'name'\n[fe67e3a1-c8dc-486f-9177-b7d42c339484/build]   | \n[fe67e3a1-c8dc-486f-9177-b7d42c339484/build]   | tests/botifico/test_manager.py:8: TypeError\n[fe67e3a1-c8dc-486f-9177-b7d42c339484/build]   | =============================== warnings summary ===============================\n[fe67e3a1-c8dc-486f-9177-b7d42c339484/build]   | ../../../home/runneradmin/.cache/pypoetry/virtualenvs/notifico-FI_l4MvJ-py3.10/lib/python3.10/site-packages/kombu/utils/compat.py:82\n[fe67e3a1-c8dc-486f-9177-b7d42c339484/build]   |   /home/runneradmin/.cache/pypoetry/virtualenvs/notifico-FI_l4MvJ-py3.10/lib/python3.10/site-packages/kombu/utils/compat.py:82: DeprecationWarning: SelectableGroups dict interface is deprecated. Use select.\n[fe67e3a1-c8dc-486f-9177-b7d42c339484/build]   |     for ep in importlib_metadata.entry_points().get(namespace, [])\n[fe67e3a1-c8dc-486f-9177-b7d42c339484/build]   | \n[fe67e3a1-c8dc-486f-9177-b7d42c339484/build]   | -- Docs: https://docs.pytest.org/en/stable/how-to/capture-warnings.html\n[fe67e3a1-c8dc-486f-9177-b7d42c339484/build]   | - generated xml file: /tmp/558156d8-17ed-11ee-8a50-bb14de238602/TkTech-notifico/report.xml -\n[fe67e3a1-c8dc-486f-9177-b7d42c339484/build]   | =========================== short test summary info ============================\n[fe67e3a1-c8dc-486f-9177-b7d42c339484/build]   | FAILED tests/botifico/test_manager.py::test_plugin_event_registration - TypeE...\n[fe67e3a1-c8dc-486f-9177-b7d42c339484/build]   | ==================== 1 failed, 2 passed, 1 warning in 4.05s ====================\n[fe67e3a1-c8dc-486f-9177-b7d42c339484/build]   \u274c  Failure - Main Test with pytest\n[fe67e3a1-c8dc-486f-9177-b7d42c339484/build] exitcode '1': failure\n[fe67e3a1-c8dc-486f-9177-b7d42c339484/build] \ud83c\udfc1  Job failed\n",
        "stderr": "Error: Job 'build' failed\n",
        "workflow": {
            "path": "/tmp/558156d8-17ed-11ee-8a50-bb14de238602/TkTech-notifico/.github/workflows/tests-crawler.yml",
            "type": "pytest"
        },
        "workflow_name": "fe67e3a1-c8dc-486f-9177-b7d42c339484",
        "build_tool": "pytest",
        "elapsed_time": 128.47356534004211
    }
}