{
    "repository": "ua-parser/uap-python",
    "stars": 503,
    "language": "python",
    "size": 134,
    "clone_url": "https://github.com/ua-parser/uap-python.git",
    "timestamp": "2023-06-28T10:41:34.193833Z",
    "clone_success": true,
    "number_of_actions": 1,
    "number_of_test_actions": 1,
    "actions_successful": false,
    "actions_build_tools": [
        "pytest"
    ],
    "actions_test_build_tools": [
        "pytest"
    ],
    "actions_run": {
        "failed": true,
        "tests": [],
        "stdout": "[0714f816-0d11-4ad3-9d29-147ccf03c44f/test   ] \ud83d\ude80  Start image=crawlergpt:latest\n[0714f816-0d11-4ad3-9d29-147ccf03c44f/checks ] \ud83d\ude80  Start image=crawlergpt:latest\n[0714f816-0d11-4ad3-9d29-147ccf03c44f/compile] \ud83d\ude80  Start image=crawlergpt:latest\n[0714f816-0d11-4ad3-9d29-147ccf03c44f/test   ]   \ud83d\udc33  docker pull image=crawlergpt:latest platform= username= forcePull=false\n[0714f816-0d11-4ad3-9d29-147ccf03c44f/checks ]   \ud83d\udc33  docker pull image=crawlergpt:latest platform= username= forcePull=false\n[0714f816-0d11-4ad3-9d29-147ccf03c44f/compile]   \ud83d\udc33  docker pull image=crawlergpt:latest platform= username= forcePull=false\n[0714f816-0d11-4ad3-9d29-147ccf03c44f/compile]   \ud83d\udc33  docker create image=crawlergpt:latest platform= entrypoint=[\"tail\" \"-f\" \"/dev/null\"] cmd=[]\n[0714f816-0d11-4ad3-9d29-147ccf03c44f/test   ]   \ud83d\udc33  docker create image=crawlergpt:latest platform= entrypoint=[\"tail\" \"-f\" \"/dev/null\"] cmd=[]\n[0714f816-0d11-4ad3-9d29-147ccf03c44f/checks ]   \ud83d\udc33  docker create image=crawlergpt:latest platform= entrypoint=[\"tail\" \"-f\" \"/dev/null\"] cmd=[]\n[0714f816-0d11-4ad3-9d29-147ccf03c44f/test   ]   \ud83d\udc33  docker run image=crawlergpt:latest platform= entrypoint=[\"tail\" \"-f\" \"/dev/null\"] cmd=[]\n[0714f816-0d11-4ad3-9d29-147ccf03c44f/compile]   \ud83d\udc33  docker run image=crawlergpt:latest platform= entrypoint=[\"tail\" \"-f\" \"/dev/null\"] cmd=[]\n[0714f816-0d11-4ad3-9d29-147ccf03c44f/checks ]   \ud83d\udc33  docker run image=crawlergpt:latest platform= entrypoint=[\"tail\" \"-f\" \"/dev/null\"] cmd=[]\n[0714f816-0d11-4ad3-9d29-147ccf03c44f/compile]   \ud83d\udc33  docker exec cmd=[chown -R 1012:1013 /tmp/ad9c0f7e-1596-11ee-8a50-bb14de238602/ua-parser-uap-python] user=0 workdir=\n[0714f816-0d11-4ad3-9d29-147ccf03c44f/test   ]   \ud83d\udc33  docker exec cmd=[chown -R 1012:1013 /tmp/ad9c0f7e-1596-11ee-8a50-bb14de238602/ua-parser-uap-python] user=0 workdir=\n[0714f816-0d11-4ad3-9d29-147ccf03c44f/checks ]   \ud83d\udc33  docker exec cmd=[chown -R 1012:1013 /tmp/ad9c0f7e-1596-11ee-8a50-bb14de238602/ua-parser-uap-python] user=0 workdir=\n[0714f816-0d11-4ad3-9d29-147ccf03c44f/test   ]   \u2601  git clone 'https://github.com/actions/setup-python' # ref=v3\n[0714f816-0d11-4ad3-9d29-147ccf03c44f/compile]   \u2601  git clone 'https://github.com/actions/setup-python' # ref=v3\n[0714f816-0d11-4ad3-9d29-147ccf03c44f/checks ]   \u2601  git clone 'https://github.com/actions/setup-python' # ref=v3\n[0714f816-0d11-4ad3-9d29-147ccf03c44f/test   ] \ud83e\uddea  Matrix: map[python-version:2.7]\n[0714f816-0d11-4ad3-9d29-147ccf03c44f/test   ] \u2b50 Run Main Checkout working copy\n[0714f816-0d11-4ad3-9d29-147ccf03c44f/test   ]   \u2705  Success - Main Checkout working copy\n[0714f816-0d11-4ad3-9d29-147ccf03c44f/compile] \ud83e\uddea  Matrix: map[python-version:2.7 pyyaml-version:5.1.*]\n[0714f816-0d11-4ad3-9d29-147ccf03c44f/compile] \u2b50 Run Main Checkout working copy\n[0714f816-0d11-4ad3-9d29-147ccf03c44f/compile]   \u2705  Success - Main Checkout working copy\n[0714f816-0d11-4ad3-9d29-147ccf03c44f/checks ] \u2b50 Run Main Checkout working copy\n[0714f816-0d11-4ad3-9d29-147ccf03c44f/test   ] \u2b50 Run Main Set up Python 2.7\n[0714f816-0d11-4ad3-9d29-147ccf03c44f/checks ]   \u2705  Success - Main Checkout working copy\n[0714f816-0d11-4ad3-9d29-147ccf03c44f/test   ]   \ud83d\udc33  docker cp src=/tmp/act-cache/357a74fb-374c-4fb3-9b88-57a15e1b1e2d/act/actions-setup-python@v3/ dst=/var/run/act/actions/actions-setup-python@v3/\n[0714f816-0d11-4ad3-9d29-147ccf03c44f/compile] \u2b50 Run Main Set up Python 2.7\n[0714f816-0d11-4ad3-9d29-147ccf03c44f/compile]   \ud83d\udc33  docker cp src=/tmp/act-cache/357a74fb-374c-4fb3-9b88-57a15e1b1e2d/act/actions-setup-python@v3/ dst=/var/run/act/actions/actions-setup-python@v3/\n[0714f816-0d11-4ad3-9d29-147ccf03c44f/checks ] \u2b50 Run Main Set up Python\n[0714f816-0d11-4ad3-9d29-147ccf03c44f/test   ]   \ud83d\udc33  docker exec cmd=[chown -R 1012:1013 /var/run/act/actions/actions-setup-python@v3/] user=0 workdir=\n[0714f816-0d11-4ad3-9d29-147ccf03c44f/checks ]   \ud83d\udc33  docker cp src=/tmp/act-cache/357a74fb-374c-4fb3-9b88-57a15e1b1e2d/act/actions-setup-python@v3/ dst=/var/run/act/actions/actions-setup-python@v3/\n[0714f816-0d11-4ad3-9d29-147ccf03c44f/compile]   \ud83d\udc33  docker exec cmd=[chown -R 1012:1013 /var/run/act/actions/actions-setup-python@v3/] user=0 workdir=\n[0714f816-0d11-4ad3-9d29-147ccf03c44f/checks ]   \ud83d\udc33  docker exec cmd=[chown -R 1012:1013 /var/run/act/actions/actions-setup-python@v3/] user=0 workdir=\n[0714f816-0d11-4ad3-9d29-147ccf03c44f/checks ]   \ud83d\udc33  docker exec cmd=[node /var/run/act/actions/actions-setup-python@v3/dist/setup/index.js] user= workdir=\n[0714f816-0d11-4ad3-9d29-147ccf03c44f/compile]   \ud83d\udc33  docker exec cmd=[node /var/run/act/actions/actions-setup-python@v3/dist/setup/index.js] user= workdir=\n[0714f816-0d11-4ad3-9d29-147ccf03c44f/test   ]   \ud83d\udc33  docker exec cmd=[node /var/run/act/actions/actions-setup-python@v3/dist/setup/index.js] user= workdir=\n[0714f816-0d11-4ad3-9d29-147ccf03c44f/checks ]   \ud83d\udcac  ::debug::Semantic version spec of 3.10 is 3.10\n[0714f816-0d11-4ad3-9d29-147ccf03c44f/checks ]   \ud83d\udcac  ::debug::isExplicit: \n[0714f816-0d11-4ad3-9d29-147ccf03c44f/checks ]   \ud83d\udcac  ::debug::explicit? false\n[0714f816-0d11-4ad3-9d29-147ccf03c44f/checks ]   \ud83d\udcac  ::debug::isExplicit: 2.7.18\n[0714f816-0d11-4ad3-9d29-147ccf03c44f/checks ]   \ud83d\udcac  ::debug::explicit? true\n[0714f816-0d11-4ad3-9d29-147ccf03c44f/checks ]   \ud83d\udcac  ::debug::isExplicit: 3.5.10\n[0714f816-0d11-4ad3-9d29-147ccf03c44f/checks ]   \ud83d\udcac  ::debug::explicit? true\n[0714f816-0d11-4ad3-9d29-147ccf03c44f/checks ]   \ud83d\udcac  ::debug::isExplicit: 3.6.14\n[0714f816-0d11-4ad3-9d29-147ccf03c44f/checks ]   \ud83d\udcac  ::debug::explicit? true\n[0714f816-0d11-4ad3-9d29-147ccf03c44f/checks ]   \ud83d\udcac  ::debug::isExplicit: 3.7.11\n[0714f816-0d11-4ad3-9d29-147ccf03c44f/checks ]   \ud83d\udcac  ::debug::explicit? true\n[0714f816-0d11-4ad3-9d29-147ccf03c44f/checks ]   \ud83d\udcac  ::debug::isExplicit: 3.8.11\n[0714f816-0d11-4ad3-9d29-147ccf03c44f/checks ]   \ud83d\udcac  ::debug::explicit? true\n[0714f816-0d11-4ad3-9d29-147ccf03c44f/checks ]   \ud83d\udcac  ::debug::isExplicit: 3.9.6\n[0714f816-0d11-4ad3-9d29-147ccf03c44f/checks ]   \ud83d\udcac  ::debug::explicit? true\n[0714f816-0d11-4ad3-9d29-147ccf03c44f/checks ]   \ud83d\udcac  ::debug::evaluating 6 versions\n[0714f816-0d11-4ad3-9d29-147ccf03c44f/checks ]   \ud83d\udcac  ::debug::match not found\n[0714f816-0d11-4ad3-9d29-147ccf03c44f/checks ]   | Version 3.10 was not found in the local cache\n[0714f816-0d11-4ad3-9d29-147ccf03c44f/checks ]   \ud83d\udcac  ::debug::set auth\n[0714f816-0d11-4ad3-9d29-147ccf03c44f/compile]   \ud83d\udea7  ::warning::The support for python 2.7 will be removed on June 19. Related issue: https://github.com/actions/setup-python/issues/672\n[0714f816-0d11-4ad3-9d29-147ccf03c44f/compile]   \ud83d\udcac  ::debug::Semantic version spec of 2.7 is 2.7\n[0714f816-0d11-4ad3-9d29-147ccf03c44f/compile]   \ud83d\udcac  ::debug::isExplicit: \n[0714f816-0d11-4ad3-9d29-147ccf03c44f/compile]   \ud83d\udcac  ::debug::explicit? false\n[0714f816-0d11-4ad3-9d29-147ccf03c44f/compile]   \ud83d\udcac  ::debug::isExplicit: 2.7.18\n[0714f816-0d11-4ad3-9d29-147ccf03c44f/compile]   \ud83d\udcac  ::debug::explicit? true\n[0714f816-0d11-4ad3-9d29-147ccf03c44f/compile]   \ud83d\udcac  ::debug::isExplicit: 3.5.10\n[0714f816-0d11-4ad3-9d29-147ccf03c44f/compile]   \ud83d\udcac  ::debug::explicit? true\n[0714f816-0d11-4ad3-9d29-147ccf03c44f/compile]   \ud83d\udcac  ::debug::isExplicit: 3.6.14\n[0714f816-0d11-4ad3-9d29-147ccf03c44f/compile]   \ud83d\udcac  ::debug::explicit? true\n[0714f816-0d11-4ad3-9d29-147ccf03c44f/compile]   \ud83d\udcac  ::debug::isExplicit: 3.7.11\n[0714f816-0d11-4ad3-9d29-147ccf03c44f/compile]   \ud83d\udcac  ::debug::explicit? true\n[0714f816-0d11-4ad3-9d29-147ccf03c44f/compile]   \ud83d\udcac  ::debug::isExplicit: 3.8.11\n[0714f816-0d11-4ad3-9d29-147ccf03c44f/compile]   \ud83d\udcac  ::debug::explicit? true\n[0714f816-0d11-4ad3-9d29-147ccf03c44f/compile]   \ud83d\udcac  ::debug::isExplicit: 3.9.6\n[0714f816-0d11-4ad3-9d29-147ccf03c44f/compile]   \ud83d\udcac  ::debug::explicit? true\n[0714f816-0d11-4ad3-9d29-147ccf03c44f/compile]   \ud83d\udcac  ::debug::evaluating 6 versions\n[0714f816-0d11-4ad3-9d29-147ccf03c44f/compile]   \ud83d\udcac  ::debug::matched: 2.7.18\n[0714f816-0d11-4ad3-9d29-147ccf03c44f/compile]   \ud83d\udcac  ::debug::checking cache: /opt/hostedtoolcache/Python/2.7.18/x64\n[0714f816-0d11-4ad3-9d29-147ccf03c44f/compile]   \ud83d\udcac  ::debug::Found tool in cache Python 2.7.18 x64\n[0714f816-0d11-4ad3-9d29-147ccf03c44f/compile]   | Successfully setup CPython (2.7.18)\n[0714f816-0d11-4ad3-9d29-147ccf03c44f/compile]   \u2753 add-matcher /run/act/actions/actions-setup-python@v3/.github/python.json\n[0714f816-0d11-4ad3-9d29-147ccf03c44f/compile]   \u2705  Success - Main Set up Python 2.7\n[0714f816-0d11-4ad3-9d29-147ccf03c44f/test   ]   \ud83d\udea7  ::warning::The support for python 2.7 will be removed on June 19. Related issue: https://github.com/actions/setup-python/issues/672\n[0714f816-0d11-4ad3-9d29-147ccf03c44f/test   ]   \ud83d\udcac  ::debug::Semantic version spec of 2.7 is 2.7\n[0714f816-0d11-4ad3-9d29-147ccf03c44f/test   ]   \ud83d\udcac  ::debug::isExplicit: \n[0714f816-0d11-4ad3-9d29-147ccf03c44f/test   ]   \ud83d\udcac  ::debug::explicit? false\n[0714f816-0d11-4ad3-9d29-147ccf03c44f/test   ]   \ud83d\udcac  ::debug::isExplicit: 2.7.18\n[0714f816-0d11-4ad3-9d29-147ccf03c44f/test   ]   \ud83d\udcac  ::debug::explicit? true\n[0714f816-0d11-4ad3-9d29-147ccf03c44f/test   ]   \ud83d\udcac  ::debug::isExplicit: 3.5.10\n[0714f816-0d11-4ad3-9d29-147ccf03c44f/test   ]   \ud83d\udcac  ::debug::explicit? true\n[0714f816-0d11-4ad3-9d29-147ccf03c44f/test   ]   \ud83d\udcac  ::debug::isExplicit: 3.6.14\n[0714f816-0d11-4ad3-9d29-147ccf03c44f/test   ]   \ud83d\udcac  ::debug::explicit? true\n[0714f816-0d11-4ad3-9d29-147ccf03c44f/test   ]   \ud83d\udcac  ::debug::isExplicit: 3.7.11\n[0714f816-0d11-4ad3-9d29-147ccf03c44f/test   ]   \ud83d\udcac  ::debug::explicit? true\n[0714f816-0d11-4ad3-9d29-147ccf03c44f/test   ]   \ud83d\udcac  ::debug::isExplicit: 3.8.11\n[0714f816-0d11-4ad3-9d29-147ccf03c44f/test   ]   \ud83d\udcac  ::debug::explicit? true\n[0714f816-0d11-4ad3-9d29-147ccf03c44f/test   ]   \ud83d\udcac  ::debug::isExplicit: 3.9.6\n[0714f816-0d11-4ad3-9d29-147ccf03c44f/test   ]   \ud83d\udcac  ::debug::explicit? true\n[0714f816-0d11-4ad3-9d29-147ccf03c44f/test   ]   \ud83d\udcac  ::debug::evaluating 6 versions\n[0714f816-0d11-4ad3-9d29-147ccf03c44f/test   ]   \ud83d\udcac  ::debug::matched: 2.7.18\n[0714f816-0d11-4ad3-9d29-147ccf03c44f/test   ]   \ud83d\udcac  ::debug::checking cache: /opt/hostedtoolcache/Python/2.7.18/x64\n[0714f816-0d11-4ad3-9d29-147ccf03c44f/test   ]   \ud83d\udcac  ::debug::Found tool in cache Python 2.7.18 x64\n[0714f816-0d11-4ad3-9d29-147ccf03c44f/test   ]   | Successfully setup CPython (2.7.18)\n[0714f816-0d11-4ad3-9d29-147ccf03c44f/test   ]   \u2753 add-matcher /run/act/actions/actions-setup-python@v3/.github/python.json\n[0714f816-0d11-4ad3-9d29-147ccf03c44f/test   ]   \u2705  Success - Main Set up Python 2.7\n[0714f816-0d11-4ad3-9d29-147ccf03c44f/test   ]   \u2699  ::set-env:: pythonLocation=/opt/hostedtoolcache/Python/2.7.18/x64\n[0714f816-0d11-4ad3-9d29-147ccf03c44f/test   ]   \u2699  ::set-env:: LD_LIBRARY_PATH=/opt/hostedtoolcache/Python/2.7.18/x64/lib\n[0714f816-0d11-4ad3-9d29-147ccf03c44f/compile]   \u2699  ::set-env:: pythonLocation=/opt/hostedtoolcache/Python/2.7.18/x64\n[0714f816-0d11-4ad3-9d29-147ccf03c44f/compile]   \u2699  ::set-env:: LD_LIBRARY_PATH=/opt/hostedtoolcache/Python/2.7.18/x64/lib\n[0714f816-0d11-4ad3-9d29-147ccf03c44f/checks ]   \ud83d\udcac  ::debug::check 3.12.0-beta.3 satisfies 3.10\n[0714f816-0d11-4ad3-9d29-147ccf03c44f/checks ]   \ud83d\udcac  ::debug::check 3.12.0-beta.2 satisfies 3.10\n[0714f816-0d11-4ad3-9d29-147ccf03c44f/checks ]   \ud83d\udcac  ::debug::check 3.12.0-beta.1 satisfies 3.10\n[0714f816-0d11-4ad3-9d29-147ccf03c44f/checks ]   \ud83d\udcac  ::debug::check 3.12.0-alpha.7 satisfies 3.10\n[0714f816-0d11-4ad3-9d29-147ccf03c44f/checks ]   \ud83d\udcac  ::debug::check 3.12.0-alpha.6 satisfies 3.10\n[0714f816-0d11-4ad3-9d29-147ccf03c44f/checks ]   \ud83d\udcac  ::debug::check 3.12.0-alpha.5 satisfies 3.10\n[0714f816-0d11-4ad3-9d29-147ccf03c44f/checks ]   \ud83d\udcac  ::debug::check 3.12.0-alpha.4 satisfies 3.10\n[0714f816-0d11-4ad3-9d29-147ccf03c44f/checks ]   \ud83d\udcac  ::debug::check 3.12.0-alpha.3 satisfies 3.10\n[0714f816-0d11-4ad3-9d29-147ccf03c44f/checks ]   \ud83d\udcac  ::debug::check 3.12.0-alpha.2 satisfies 3.10\n[0714f816-0d11-4ad3-9d29-147ccf03c44f/checks ]   \ud83d\udcac  ::debug::check 3.12.0-alpha.1 satisfies 3.10\n[0714f816-0d11-4ad3-9d29-147ccf03c44f/checks ]   \ud83d\udcac  ::debug::check 3.11.4 satisfies 3.10\n[0714f816-0d11-4ad3-9d29-147ccf03c44f/checks ]   \ud83d\udcac  ::debug::check 3.11.3 satisfies 3.10\n[0714f816-0d11-4ad3-9d29-147ccf03c44f/checks ]   \ud83d\udcac  ::debug::check 3.11.2 satisfies 3.10\n[0714f816-0d11-4ad3-9d29-147ccf03c44f/checks ]   \ud83d\udcac  ::debug::check 3.11.1 satisfies 3.10\n[0714f816-0d11-4ad3-9d29-147ccf03c44f/checks ]   \ud83d\udcac  ::debug::check 3.11.0 satisfies 3.10\n[0714f816-0d11-4ad3-9d29-147ccf03c44f/checks ]   \ud83d\udcac  ::debug::check 3.11.0-rc.2 satisfies 3.10\n[0714f816-0d11-4ad3-9d29-147ccf03c44f/checks ]   \ud83d\udcac  ::debug::check 3.11.0-rc.1 satisfies 3.10\n[0714f816-0d11-4ad3-9d29-147ccf03c44f/checks ]   \ud83d\udcac  ::debug::check 3.11.0-beta.5 satisfies 3.10\n[0714f816-0d11-4ad3-9d29-147ccf03c44f/checks ]   \ud83d\udcac  ::debug::check 3.11.0-beta.4 satisfies 3.10\n[0714f816-0d11-4ad3-9d29-147ccf03c44f/checks ]   \ud83d\udcac  ::debug::check 3.11.0-beta.3 satisfies 3.10\n[0714f816-0d11-4ad3-9d29-147ccf03c44f/checks ]   \ud83d\udcac  ::debug::check 3.11.0-beta.2 satisfies 3.10\n[0714f816-0d11-4ad3-9d29-147ccf03c44f/checks ]   \ud83d\udcac  ::debug::check 3.11.0-beta.1 satisfies 3.10\n[0714f816-0d11-4ad3-9d29-147ccf03c44f/checks ]   \ud83d\udcac  ::debug::check 3.11.0-alpha.7 satisfies 3.10\n[0714f816-0d11-4ad3-9d29-147ccf03c44f/checks ]   \ud83d\udcac  ::debug::check 3.11.0-alpha.6 satisfies 3.10\n[0714f816-0d11-4ad3-9d29-147ccf03c44f/checks ]   \ud83d\udcac  ::debug::check 3.11.0-alpha.5 satisfies 3.10\n[0714f816-0d11-4ad3-9d29-147ccf03c44f/checks ]   \ud83d\udcac  ::debug::check 3.11.0-alpha.4 satisfies 3.10\n[0714f816-0d11-4ad3-9d29-147ccf03c44f/checks ]   \ud83d\udcac  ::debug::check 3.11.0-alpha.3 satisfies 3.10\n[0714f816-0d11-4ad3-9d29-147ccf03c44f/checks ]   \ud83d\udcac  ::debug::check 3.11.0-alpha.2 satisfies 3.10\n[0714f816-0d11-4ad3-9d29-147ccf03c44f/checks ]   \ud83d\udcac  ::debug::check 3.11.0-alpha.1 satisfies 3.10\n[0714f816-0d11-4ad3-9d29-147ccf03c44f/checks ]   \ud83d\udcac  ::debug::check 3.10.12 satisfies 3.10\n[0714f816-0d11-4ad3-9d29-147ccf03c44f/checks ]   \ud83d\udcac  ::debug::x64===x64 && darwin===linux\n[0714f816-0d11-4ad3-9d29-147ccf03c44f/checks ]   \ud83d\udcac  ::debug::x64===x64 && linux===linux\n[0714f816-0d11-4ad3-9d29-147ccf03c44f/checks ]   \ud83d\udcac  ::debug::matched 3.10.12\n[0714f816-0d11-4ad3-9d29-147ccf03c44f/checks ]   | Version 3.10 is available for downloading\n[0714f816-0d11-4ad3-9d29-147ccf03c44f/checks ]   | Download from \"https://github.com/actions/python-versions/releases/download/3.10.12-5200619051/python-3.10.12-linux-20.04-x64.tar.gz\"\n[0714f816-0d11-4ad3-9d29-147ccf03c44f/checks ]   \ud83d\udcac  ::debug::Downloading https://github.com/actions/python-versions/releases/download/3.10.12-5200619051/python-3.10.12-linux-20.04-x64.tar.gz\n[0714f816-0d11-4ad3-9d29-147ccf03c44f/checks ]   \ud83d\udcac  ::debug::Destination /tmp/968cda60-f37b-40ab-8fd1-211df848c459\n[0714f816-0d11-4ad3-9d29-147ccf03c44f/checks ]   \ud83d\udcac  ::debug::set auth\n[0714f816-0d11-4ad3-9d29-147ccf03c44f/test   ]   \u2699  ::set-output:: python-version=2.7.18\n[0714f816-0d11-4ad3-9d29-147ccf03c44f/compile]   \u2699  ::set-output:: python-version=2.7.18\n[0714f816-0d11-4ad3-9d29-147ccf03c44f/compile]   \u2699  ::add-path:: /opt/hostedtoolcache/Python/2.7.18/x64\n[0714f816-0d11-4ad3-9d29-147ccf03c44f/compile]   \u2699  ::add-path:: /opt/hostedtoolcache/Python/2.7.18/x64/bin\n[0714f816-0d11-4ad3-9d29-147ccf03c44f/compile] \u2b50 Run Main Install dependency\n[0714f816-0d11-4ad3-9d29-147ccf03c44f/test   ]   \u2699  ::add-path:: /opt/hostedtoolcache/Python/2.7.18/x64\n[0714f816-0d11-4ad3-9d29-147ccf03c44f/test   ]   \u2699  ::add-path:: /opt/hostedtoolcache/Python/2.7.18/x64/bin\n[0714f816-0d11-4ad3-9d29-147ccf03c44f/test   ] \u2b50 Run Main Install test dependencies\n[0714f816-0d11-4ad3-9d29-147ccf03c44f/compile]   \ud83d\udc33  docker exec cmd=[bash --noprofile --norc -e -o pipefail /var/run/act/workflow/2] user= workdir=\n[0714f816-0d11-4ad3-9d29-147ccf03c44f/test   ]   \ud83d\udc33  docker exec cmd=[bash --noprofile --norc -e -o pipefail /var/run/act/workflow/2] user= workdir=\n[0714f816-0d11-4ad3-9d29-147ccf03c44f/compile]   | DEPRECATION: Python 2.7 reached the end of its life on January 1st, 2020. Please upgrade your Python as Python 2.7 is no longer maintained. pip 21.0 will drop support for Python 2.7 in January 2021. More details about Python 2 support in pip can be found at https://pip.pypa.io/en/latest/development/release-process/#python-2-support pip 21.0 will remove support for this functionality.\n[0714f816-0d11-4ad3-9d29-147ccf03c44f/test   ]   | DEPRECATION: Python 2.7 reached the end of its life on January 1st, 2020. Please upgrade your Python as Python 2.7 is no longer maintained. pip 21.0 will drop support for Python 2.7 in January 2021. More details about Python 2 support in pip can be found at https://pip.pypa.io/en/latest/development/release-process/#python-2-support pip 21.0 will remove support for this functionality.\n[0714f816-0d11-4ad3-9d29-147ccf03c44f/test   ]   | Requirement already up-to-date: pip in /opt/hostedtoolcache/Python/2.7.18/x64/lib/python2.7/site-packages (20.3.4)\n[0714f816-0d11-4ad3-9d29-147ccf03c44f/compile]   | Requirement already up-to-date: pip in /opt/hostedtoolcache/Python/2.7.18/x64/lib/python2.7/site-packages (20.3.4)\n[0714f816-0d11-4ad3-9d29-147ccf03c44f/compile]   | DEPRECATION: Python 2.7 reached the end of its life on January 1st, 2020. Please upgrade your Python as Python 2.7 is no longer maintained. pip 21.0 will drop support for Python 2.7 in January 2021. More details about Python 2 support in pip can be found at https://pip.pypa.io/en/latest/development/release-process/#python-2-support pip 21.0 will remove support for this functionality.\n[0714f816-0d11-4ad3-9d29-147ccf03c44f/compile]   | Collecting pyyaml==5.1.*\n[0714f816-0d11-4ad3-9d29-147ccf03c44f/compile]   |   Downloading PyYAML-5.1.2.tar.gz (265 kB)\n[0714f816-0d11-4ad3-9d29-147ccf03c44f/compile]   | Using legacy 'setup.py install' for pyyaml, since package 'wheel' is not installed.\n[0714f816-0d11-4ad3-9d29-147ccf03c44f/compile]   | Installing collected packages: pyyaml\n[0714f816-0d11-4ad3-9d29-147ccf03c44f/compile]   |     Running setup.py install for pyyaml: started\n[0714f816-0d11-4ad3-9d29-147ccf03c44f/checks ]   \ud83d\udcac  ::debug::download complete\n[0714f816-0d11-4ad3-9d29-147ccf03c44f/checks ]   | Extract downloaded archive\n[0714f816-0d11-4ad3-9d29-147ccf03c44f/checks ]   \ud83d\udcac  ::debug::Checking tar --version\n[0714f816-0d11-4ad3-9d29-147ccf03c44f/checks ]   \ud83d\udcac  ::debug::tar (GNU tar) 1.30%0ACopyright (C) 2017 Free Software Foundation, Inc.%0ALicense GPLv3+: GNU GPL version 3 or later <https://gnu.org/licenses/gpl.html>.%0AThis is free software: you are free to change and redistribute it.%0AThere is NO WARRANTY, to the extent permitted by law.%0A%0AWritten by John Gilmore and Jay Fenlason.\n[0714f816-0d11-4ad3-9d29-147ccf03c44f/checks ]   | [command]/usr/bin/tar xz --warning=no-unknown-keyword -C /tmp/874249fb-1314-4a94-82f5-91dfea606541 -f /tmp/968cda60-f37b-40ab-8fd1-211df848c459\n[0714f816-0d11-4ad3-9d29-147ccf03c44f/checks ]   | Execute installation script\n[0714f816-0d11-4ad3-9d29-147ccf03c44f/checks ]   | Check if Python hostedtoolcache folder exist...\n[0714f816-0d11-4ad3-9d29-147ccf03c44f/checks ]   | Create Python 3.10.12 folder\n[0714f816-0d11-4ad3-9d29-147ccf03c44f/checks ]   | Copy Python binaries to hostedtoolcache folder\n[0714f816-0d11-4ad3-9d29-147ccf03c44f/test   ]   | DEPRECATION: Python 2.7 reached the end of its life on January 1st, 2020. Please upgrade your Python as Python 2.7 is no longer maintained. pip 21.0 will drop support for Python 2.7 in January 2021. More details about Python 2 support in pip can be found at https://pip.pypa.io/en/latest/development/release-process/#python-2-support pip 21.0 will remove support for this functionality.\n[0714f816-0d11-4ad3-9d29-147ccf03c44f/test   ]   | Collecting pytest\n[0714f816-0d11-4ad3-9d29-147ccf03c44f/test   ]   |   Using cached pytest-4.6.11-py2.py3-none-any.whl (231 kB)\n[0714f816-0d11-4ad3-9d29-147ccf03c44f/test   ]   | Collecting pyyaml\n[0714f816-0d11-4ad3-9d29-147ccf03c44f/test   ]   |   Using cached PyYAML-5.4.1-cp27-cp27mu-manylinux1_x86_64.whl (574 kB)\n[0714f816-0d11-4ad3-9d29-147ccf03c44f/test   ]   | Collecting tox==3.9.0\n[0714f816-0d11-4ad3-9d29-147ccf03c44f/test   ]   |   Using cached tox-3.9.0-py2.py3-none-any.whl (73 kB)\n[0714f816-0d11-4ad3-9d29-147ccf03c44f/checks ]   | Create additional symlinks (Required for the UsePythonVersion Azure Pipelines task and the setup-python GitHub Action)\n[0714f816-0d11-4ad3-9d29-147ccf03c44f/checks ]   | Upgrading pip...\n[0714f816-0d11-4ad3-9d29-147ccf03c44f/test   ]   | Collecting importlib-metadata>=0.12; python_version < \"3.8\"\n[0714f816-0d11-4ad3-9d29-147ccf03c44f/test   ]   |   Using cached importlib_metadata-2.1.3-py2.py3-none-any.whl (10 kB)\n[0714f816-0d11-4ad3-9d29-147ccf03c44f/test   ]   | Collecting pathlib2>=2.2.0; python_version < \"3.6\"\n[0714f816-0d11-4ad3-9d29-147ccf03c44f/test   ]   |   Using cached pathlib2-2.3.7.post1-py2.py3-none-any.whl (18 kB)\n[0714f816-0d11-4ad3-9d29-147ccf03c44f/test   ]   | Collecting pluggy<1.0,>=0.12\n[0714f816-0d11-4ad3-9d29-147ccf03c44f/test   ]   |   Using cached pluggy-0.13.1-py2.py3-none-any.whl (18 kB)\n[0714f816-0d11-4ad3-9d29-147ccf03c44f/test   ]   | Collecting packaging\n[0714f816-0d11-4ad3-9d29-147ccf03c44f/test   ]   |   Using cached packaging-20.9-py2.py3-none-any.whl (40 kB)\n[0714f816-0d11-4ad3-9d29-147ccf03c44f/test   ]   | Collecting wcwidth\n[0714f816-0d11-4ad3-9d29-147ccf03c44f/test   ]   |   Using cached wcwidth-0.2.6-py2.py3-none-any.whl (29 kB)\n[0714f816-0d11-4ad3-9d29-147ccf03c44f/test   ]   | Collecting six>=1.10.0\n[0714f816-0d11-4ad3-9d29-147ccf03c44f/test   ]   |   Using cached six-1.16.0-py2.py3-none-any.whl (11 kB)\n[0714f816-0d11-4ad3-9d29-147ccf03c44f/test   ]   | Collecting funcsigs>=1.0; python_version < \"3.0\"\n[0714f816-0d11-4ad3-9d29-147ccf03c44f/test   ]   |   Using cached funcsigs-1.0.2-py2.py3-none-any.whl (17 kB)\n[0714f816-0d11-4ad3-9d29-147ccf03c44f/test   ]   | Collecting atomicwrites>=1.0\n[0714f816-0d11-4ad3-9d29-147ccf03c44f/test   ]   |   Using cached atomicwrites-1.4.1.tar.gz (14 kB)\n[0714f816-0d11-4ad3-9d29-147ccf03c44f/compile]   |     Running setup.py install for pyyaml: finished with status 'done'\n[0714f816-0d11-4ad3-9d29-147ccf03c44f/compile]   | Successfully installed pyyaml-5.1.2\n[0714f816-0d11-4ad3-9d29-147ccf03c44f/compile]   \u2705  Success - Main Install dependency\n[0714f816-0d11-4ad3-9d29-147ccf03c44f/test   ]   | Collecting attrs>=17.4.0\n[0714f816-0d11-4ad3-9d29-147ccf03c44f/test   ]   |   Using cached attrs-21.4.0-py2.py3-none-any.whl (60 kB)\n[0714f816-0d11-4ad3-9d29-147ccf03c44f/test   ]   | Collecting py>=1.5.0\n[0714f816-0d11-4ad3-9d29-147ccf03c44f/test   ]   |   Using cached py-1.11.0-py2.py3-none-any.whl (98 kB)\n[0714f816-0d11-4ad3-9d29-147ccf03c44f/test   ]   | Collecting more-itertools<6.0.0,>=4.0.0; python_version <= \"2.7\"\n[0714f816-0d11-4ad3-9d29-147ccf03c44f/test   ]   |   Using cached more_itertools-5.0.0-py2-none-any.whl (52 kB)\n[0714f816-0d11-4ad3-9d29-147ccf03c44f/compile] \u2b50 Run Main Build regexes.py\n[0714f816-0d11-4ad3-9d29-147ccf03c44f/compile]   \ud83d\udc33  docker exec cmd=[bash --noprofile --norc -e -o pipefail /var/run/act/workflow/3] user= workdir=\n[0714f816-0d11-4ad3-9d29-147ccf03c44f/test   ]   | Collecting virtualenv>=1.11.2\n[0714f816-0d11-4ad3-9d29-147ccf03c44f/test   ]   |   Using cached virtualenv-20.15.1-py2.py3-none-any.whl (10.1 MB)\n[0714f816-0d11-4ad3-9d29-147ccf03c44f/test   ]   | Collecting toml>=0.9.4\n[0714f816-0d11-4ad3-9d29-147ccf03c44f/test   ]   |   Using cached toml-0.10.2-py2.py3-none-any.whl (16 kB)\n[0714f816-0d11-4ad3-9d29-147ccf03c44f/test   ]   | Requirement already satisfied: setuptools>=30.0.0 in /opt/hostedtoolcache/Python/2.7.18/x64/lib/python2.7/site-packages (from tox==3.9.0->-r requirements_dev.txt (line 3)) (41.2.0)\n[0714f816-0d11-4ad3-9d29-147ccf03c44f/test   ]   | Collecting filelock<4,>=3.0.0\n[0714f816-0d11-4ad3-9d29-147ccf03c44f/test   ]   |   Using cached filelock-3.2.1-py2.py3-none-any.whl (9.3 kB)\n[0714f816-0d11-4ad3-9d29-147ccf03c44f/test   ]   | Collecting contextlib2; python_version < \"3\"\n[0714f816-0d11-4ad3-9d29-147ccf03c44f/test   ]   |   Using cached contextlib2-0.6.0.post1-py2.py3-none-any.whl (9.8 kB)\n[0714f816-0d11-4ad3-9d29-147ccf03c44f/test   ]   | Collecting zipp>=0.5\n[0714f816-0d11-4ad3-9d29-147ccf03c44f/test   ]   |   Using cached zipp-1.2.0-py2.py3-none-any.whl (4.8 kB)\n[0714f816-0d11-4ad3-9d29-147ccf03c44f/test   ]   | Collecting configparser>=3.5; python_version < \"3\"\n[0714f816-0d11-4ad3-9d29-147ccf03c44f/test   ]   |   Using cached configparser-4.0.2-py2.py3-none-any.whl (22 kB)\n[0714f816-0d11-4ad3-9d29-147ccf03c44f/test   ]   | Collecting typing; python_version < \"3.5\"\n[0714f816-0d11-4ad3-9d29-147ccf03c44f/test   ]   |   Using cached typing-3.10.0.0-py2-none-any.whl (26 kB)\n[0714f816-0d11-4ad3-9d29-147ccf03c44f/test   ]   | Collecting scandir; python_version < \"3.5\"\n[0714f816-0d11-4ad3-9d29-147ccf03c44f/test   ]   |   Using cached scandir-1.10.0.tar.gz (33 kB)\n[0714f816-0d11-4ad3-9d29-147ccf03c44f/test   ]   | Collecting pyparsing>=2.0.2\n[0714f816-0d11-4ad3-9d29-147ccf03c44f/test   ]   |   Using cached pyparsing-2.4.7-py2.py3-none-any.whl (67 kB)\n[0714f816-0d11-4ad3-9d29-147ccf03c44f/test   ]   | Collecting backports.functools-lru-cache>=1.2.1; python_version < \"3.2\"\n[0714f816-0d11-4ad3-9d29-147ccf03c44f/test   ]   |   Using cached backports.functools_lru_cache-1.6.5-py2.py3-none-any.whl (6.0 kB)\n[0714f816-0d11-4ad3-9d29-147ccf03c44f/test   ]   | Collecting platformdirs<3,>=2\n[0714f816-0d11-4ad3-9d29-147ccf03c44f/test   ]   |   Using cached platformdirs-2.0.2-py2.py3-none-any.whl (10 kB)\n[0714f816-0d11-4ad3-9d29-147ccf03c44f/checks ]   | Looking in links: /tmp/tmpeqdefhv7\n[0714f816-0d11-4ad3-9d29-147ccf03c44f/checks ]   | Requirement already satisfied: setuptools in /opt/hostedtoolcache/Python/3.10.12/x64/lib/python3.10/site-packages (65.5.0)\n[0714f816-0d11-4ad3-9d29-147ccf03c44f/checks ]   | Requirement already satisfied: pip in /opt/hostedtoolcache/Python/3.10.12/x64/lib/python3.10/site-packages (23.0.1)\n[0714f816-0d11-4ad3-9d29-147ccf03c44f/test   ]   | Collecting importlib-resources>=1.0; python_version < \"3.7\"\n[0714f816-0d11-4ad3-9d29-147ccf03c44f/test   ]   |   Using cached importlib_resources-3.3.1-py2.py3-none-any.whl (26 kB)\n[0714f816-0d11-4ad3-9d29-147ccf03c44f/test   ]   | Collecting distlib<1,>=0.3.1\n[0714f816-0d11-4ad3-9d29-147ccf03c44f/test   ]   |   Using cached distlib-0.3.6-py2.py3-none-any.whl (468 kB)\n[0714f816-0d11-4ad3-9d29-147ccf03c44f/test   ]   | Collecting singledispatch; python_version < \"3.4\"\n[0714f816-0d11-4ad3-9d29-147ccf03c44f/test   ]   |   Using cached singledispatch-3.7.0-py2.py3-none-any.whl (9.2 kB)\n[0714f816-0d11-4ad3-9d29-147ccf03c44f/test   ]   | Using legacy 'setup.py install' for atomicwrites, since package 'wheel' is not installed.\n[0714f816-0d11-4ad3-9d29-147ccf03c44f/test   ]   | Using legacy 'setup.py install' for scandir, since package 'wheel' is not installed.\n[0714f816-0d11-4ad3-9d29-147ccf03c44f/test   ]   | Installing collected packages: contextlib2, zipp, configparser, typing, scandir, six, pathlib2, importlib-metadata, pluggy, pyparsing, packaging, backports.functools-lru-cache, wcwidth, funcsigs, atomicwrites, attrs, py, more-itertools, pytest, pyyaml, platformdirs, singledispatch, importlib-resources, distlib, filelock, virtualenv, toml, tox\n[0714f816-0d11-4ad3-9d29-147ccf03c44f/test   ]   |     Running setup.py install for scandir: started\n[0714f816-0d11-4ad3-9d29-147ccf03c44f/test   ]   |     Running setup.py install for scandir: finished with status 'done'\n[0714f816-0d11-4ad3-9d29-147ccf03c44f/test   ]   |     Running setup.py install for atomicwrites: started\n[0714f816-0d11-4ad3-9d29-147ccf03c44f/test   ]   |     Running setup.py install for atomicwrites: finished with status 'done'\n[0714f816-0d11-4ad3-9d29-147ccf03c44f/checks ]   | Collecting pip\n[0714f816-0d11-4ad3-9d29-147ccf03c44f/checks ]   | Downloading pip-23.1.2-py3-none-any.whl (2.1 MB)\n[0714f816-0d11-4ad3-9d29-147ccf03c44f/checks ]   | \u2501\u2501\u2501\u2501\u2501\u2501\u2501\u2501\u2501\u2501\u2501\u2501\u2501\u2501\u2501\u2501\u2501\u2501\u2501\u2501\u2501\u2501\u2501\u2501\u2501\u2501\u2501\u2501\u2501\u2501\u2501\u2501\u2501\u2501\u2501\u2501\u2501\u2501\u2501\u2501 2.1/2.1 MB 23.6 MB/s eta 0:00:00\n[0714f816-0d11-4ad3-9d29-147ccf03c44f/checks ]   | \n[0714f816-0d11-4ad3-9d29-147ccf03c44f/checks ]   | Installing collected packages: pip\n[0714f816-0d11-4ad3-9d29-147ccf03c44f/test   ]   | Successfully installed atomicwrites-1.4.1 attrs-21.4.0 backports.functools-lru-cache-1.6.5 configparser-4.0.2 contextlib2-0.6.0.post1 distlib-0.3.6 filelock-3.2.1 funcsigs-1.0.2 importlib-metadata-2.1.3 importlib-resources-3.3.1 more-itertools-5.0.0 packaging-20.9 pathlib2-2.3.7.post1 platformdirs-2.0.2 pluggy-0.13.1 py-1.11.0 pyparsing-2.4.7 pytest-4.6.11 pyyaml-5.4.1 scandir-1.10.0 singledispatch-3.7.0 six-1.16.0 toml-0.10.2 tox-3.9.0 typing-3.10.0.0 virtualenv-20.15.1 wcwidth-0.2.6 zipp-1.2.0\n[0714f816-0d11-4ad3-9d29-147ccf03c44f/test   ]   \u2705  Success - Main Install test dependencies\n[0714f816-0d11-4ad3-9d29-147ccf03c44f/test   ] \u2b50 Run Main install package in environment\n[0714f816-0d11-4ad3-9d29-147ccf03c44f/test   ]   \ud83d\udc33  docker exec cmd=[bash --noprofile --norc -e -o pipefail /var/run/act/workflow/3] user= workdir=\n[0714f816-0d11-4ad3-9d29-147ccf03c44f/checks ]   | Successfully installed pip-23.1.2\n[0714f816-0d11-4ad3-9d29-147ccf03c44f/checks ]   | Create complete file\n[0714f816-0d11-4ad3-9d29-147ccf03c44f/checks ]   \ud83d\udcac  ::debug::isExplicit: \n[0714f816-0d11-4ad3-9d29-147ccf03c44f/checks ]   \ud83d\udcac  ::debug::explicit? false\n[0714f816-0d11-4ad3-9d29-147ccf03c44f/checks ]   \ud83d\udcac  ::debug::isExplicit: 2.7.18\n[0714f816-0d11-4ad3-9d29-147ccf03c44f/checks ]   \ud83d\udcac  ::debug::explicit? true\n[0714f816-0d11-4ad3-9d29-147ccf03c44f/checks ]   \ud83d\udcac  ::debug::isExplicit: 3.10.12\n[0714f816-0d11-4ad3-9d29-147ccf03c44f/checks ]   \ud83d\udcac  ::debug::explicit? true\n[0714f816-0d11-4ad3-9d29-147ccf03c44f/checks ]   \ud83d\udcac  ::debug::isExplicit: 3.5.10\n[0714f816-0d11-4ad3-9d29-147ccf03c44f/checks ]   \ud83d\udcac  ::debug::explicit? true\n[0714f816-0d11-4ad3-9d29-147ccf03c44f/checks ]   \ud83d\udcac  ::debug::isExplicit: 3.6.14\n[0714f816-0d11-4ad3-9d29-147ccf03c44f/checks ]   \ud83d\udcac  ::debug::explicit? true\n[0714f816-0d11-4ad3-9d29-147ccf03c44f/checks ]   \ud83d\udcac  ::debug::isExplicit: 3.7.11\n[0714f816-0d11-4ad3-9d29-147ccf03c44f/checks ]   \ud83d\udcac  ::debug::explicit? true\n[0714f816-0d11-4ad3-9d29-147ccf03c44f/checks ]   \ud83d\udcac  ::debug::isExplicit: 3.8.11\n[0714f816-0d11-4ad3-9d29-147ccf03c44f/checks ]   \ud83d\udcac  ::debug::explicit? true\n[0714f816-0d11-4ad3-9d29-147ccf03c44f/checks ]   \ud83d\udcac  ::debug::isExplicit: 3.9.6\n[0714f816-0d11-4ad3-9d29-147ccf03c44f/checks ]   \ud83d\udcac  ::debug::explicit? true\n[0714f816-0d11-4ad3-9d29-147ccf03c44f/checks ]   \ud83d\udcac  ::debug::evaluating 7 versions\n[0714f816-0d11-4ad3-9d29-147ccf03c44f/checks ]   \ud83d\udcac  ::debug::matched: 3.10.12\n[0714f816-0d11-4ad3-9d29-147ccf03c44f/checks ]   \ud83d\udcac  ::debug::checking cache: /opt/hostedtoolcache/Python/3.10.12/x64\n[0714f816-0d11-4ad3-9d29-147ccf03c44f/checks ]   \ud83d\udcac  ::debug::Found tool in cache Python 3.10.12 x64\n[0714f816-0d11-4ad3-9d29-147ccf03c44f/checks ]   | Successfully setup CPython (3.10.12)\n[0714f816-0d11-4ad3-9d29-147ccf03c44f/checks ]   \u2753 add-matcher /run/act/actions/actions-setup-python@v3/.github/python.json\n[0714f816-0d11-4ad3-9d29-147ccf03c44f/checks ]   \u2705  Success - Main Set up Python\n[0714f816-0d11-4ad3-9d29-147ccf03c44f/checks ]   \u2699  ::set-env:: pythonLocation=/opt/hostedtoolcache/Python/3.10.12/x64\n[0714f816-0d11-4ad3-9d29-147ccf03c44f/checks ]   \u2699  ::set-env:: LD_LIBRARY_PATH=/opt/hostedtoolcache/Python/3.10.12/x64/lib\n[0714f816-0d11-4ad3-9d29-147ccf03c44f/checks ]   \u2699  ::set-output:: python-version=3.10.12\n[0714f816-0d11-4ad3-9d29-147ccf03c44f/checks ]   \u2699  ::add-path:: /opt/hostedtoolcache/Python/3.10.12/x64\n[0714f816-0d11-4ad3-9d29-147ccf03c44f/checks ]   \u2699  ::add-path:: /opt/hostedtoolcache/Python/3.10.12/x64/bin\n[0714f816-0d11-4ad3-9d29-147ccf03c44f/checks ] \u2b50 Run Main Install checkers\n[0714f816-0d11-4ad3-9d29-147ccf03c44f/checks ]   \ud83d\udc33  docker exec cmd=[bash --noprofile --norc -e -o pipefail /var/run/act/workflow/2] user= workdir=\n[0714f816-0d11-4ad3-9d29-147ccf03c44f/compile]   | running build_regexes\n[0714f816-0d11-4ad3-9d29-147ccf03c44f/compile]   | initializing git submodules\n[0714f816-0d11-4ad3-9d29-147ccf03c44f/test   ]   | running develop\n[0714f816-0d11-4ad3-9d29-147ccf03c44f/test   ]   | running build_regexes\n[0714f816-0d11-4ad3-9d29-147ccf03c44f/test   ]   | initializing git submodules\n[0714f816-0d11-4ad3-9d29-147ccf03c44f/compile]   | Submodule 'uap-core' (https://github.com/ua-parser/uap-core) registered for path 'uap-core'\n[0714f816-0d11-4ad3-9d29-147ccf03c44f/compile]   | Cloning into '/tmp/ad9c0f7e-1596-11ee-8a50-bb14de238602/ua-parser-uap-python/uap-core'...\n[0714f816-0d11-4ad3-9d29-147ccf03c44f/test   ]   | fatal: Needed a single revision\n[0714f816-0d11-4ad3-9d29-147ccf03c44f/test   ]   | fatal: Unable to find current revision in submodule path 'uap-core'\n[0714f816-0d11-4ad3-9d29-147ccf03c44f/test   ]   | Traceback (most recent call last):\n[0714f816-0d11-4ad3-9d29-147ccf03c44f/test   ]   |   File \"setup.py\", line 238, in <module>\n[0714f816-0d11-4ad3-9d29-147ccf03c44f/test   ]   |     \"Programming Language :: Python :: Implementation :: PyPy\",\n[0714f816-0d11-4ad3-9d29-147ccf03c44f/test   ]   |   File \"/opt/hostedtoolcache/Python/2.7.18/x64/lib/python2.7/site-packages/setuptools/__init__.py\", line 145, in setup\n[0714f816-0d11-4ad3-9d29-147ccf03c44f/test   ]   |     return distutils.core.setup(**attrs)\n[0714f816-0d11-4ad3-9d29-147ccf03c44f/test   ]   |   File \"/opt/hostedtoolcache/Python/2.7.18/x64/lib/python2.7/distutils/core.py\", line 151, in setup\n[0714f816-0d11-4ad3-9d29-147ccf03c44f/test   ]   |     dist.run_commands()\n[0714f816-0d11-4ad3-9d29-147ccf03c44f/test   ]   |   File \"/opt/hostedtoolcache/Python/2.7.18/x64/lib/python2.7/distutils/dist.py\", line 953, in run_commands\n[0714f816-0d11-4ad3-9d29-147ccf03c44f/test   ]   |     self.run_command(cmd)\n[0714f816-0d11-4ad3-9d29-147ccf03c44f/test   ]   |   File \"/opt/hostedtoolcache/Python/2.7.18/x64/lib/python2.7/distutils/dist.py\", line 972, in run_command\n[0714f816-0d11-4ad3-9d29-147ccf03c44f/test   ]   |     cmd_obj.run()\n[0714f816-0d11-4ad3-9d29-147ccf03c44f/test   ]   |   File \"setup.py\", line 172, in run\n[0714f816-0d11-4ad3-9d29-147ccf03c44f/test   ]   |     self.run_command(\"build_regexes\")\n[0714f816-0d11-4ad3-9d29-147ccf03c44f/test   ]   |   File \"/opt/hostedtoolcache/Python/2.7.18/x64/lib/python2.7/distutils/cmd.py\", line 326, in run_command\n[0714f816-0d11-4ad3-9d29-147ccf03c44f/test   ]   |     self.distribution.run_command(command)\n[0714f816-0d11-4ad3-9d29-147ccf03c44f/test   ]   |   File \"/opt/hostedtoolcache/Python/2.7.18/x64/lib/python2.7/distutils/dist.py\", line 972, in run_command\n[0714f816-0d11-4ad3-9d29-147ccf03c44f/test   ]   |     cmd_obj.run()\n[0714f816-0d11-4ad3-9d29-147ccf03c44f/test   ]   |   File \"setup.py\", line 72, in run\n[0714f816-0d11-4ad3-9d29-147ccf03c44f/test   ]   |     check_output([\"git\", \"submodule\", \"update\"], cwd=work_path)\n[0714f816-0d11-4ad3-9d29-147ccf03c44f/test   ]   |   File \"setup.py\", line 19, in check_output\n[0714f816-0d11-4ad3-9d29-147ccf03c44f/test   ]   |     assert rv == 0, output\n[0714f816-0d11-4ad3-9d29-147ccf03c44f/test   ]   | AssertionError: None\n[0714f816-0d11-4ad3-9d29-147ccf03c44f/test   ]   \u274c  Failure - Main install package in environment\n[0714f816-0d11-4ad3-9d29-147ccf03c44f/checks ]   | Requirement already satisfied: pip in /opt/hostedtoolcache/Python/3.10.12/x64/lib/python3.10/site-packages (23.0.1)\n[0714f816-0d11-4ad3-9d29-147ccf03c44f/checks ]   | Collecting pip\n[0714f816-0d11-4ad3-9d29-147ccf03c44f/checks ]   |   Using cached pip-23.1.2-py3-none-any.whl (2.1 MB)\n[0714f816-0d11-4ad3-9d29-147ccf03c44f/checks ]   | Installing collected packages: pip\n[0714f816-0d11-4ad3-9d29-147ccf03c44f/checks ]   |   Attempting uninstall: pip\n[0714f816-0d11-4ad3-9d29-147ccf03c44f/checks ]   |     Found existing installation: pip 23.0.1\n[0714f816-0d11-4ad3-9d29-147ccf03c44f/test   ] exitcode '1': failure\n[0714f816-0d11-4ad3-9d29-147ccf03c44f/checks ]   |     Uninstalling pip-23.0.1:\n[0714f816-0d11-4ad3-9d29-147ccf03c44f/checks ]   |       Successfully uninstalled pip-23.0.1\n[0714f816-0d11-4ad3-9d29-147ccf03c44f/compile]   | Submodule path 'uap-core': checked out '7b002982f688dd11a23478cd1e101d2c72b2c0e7'\n[0714f816-0d11-4ad3-9d29-147ccf03c44f/compile]   | compiling regexes.yaml -> _regexes.py\n[0714f816-0d11-4ad3-9d29-147ccf03c44f/compile]   \u2705  Success - Main Build regexes.py\n[0714f816-0d11-4ad3-9d29-147ccf03c44f/checks ]   | Successfully installed pip-23.1.2\n[0714f816-0d11-4ad3-9d29-147ccf03c44f/compile] \u2b50 Run Main Check results\n[0714f816-0d11-4ad3-9d29-147ccf03c44f/compile]   \ud83d\udc33  docker exec cmd=[bash --noprofile --norc -e -o pipefail /var/run/act/workflow/4] user= workdir=\n[0714f816-0d11-4ad3-9d29-147ccf03c44f/checks ]   | Collecting black\n[0714f816-0d11-4ad3-9d29-147ccf03c44f/checks ]   |   Downloading black-23.3.0-cp310-cp310-manylinux_2_17_x86_64.manylinux2014_x86_64.whl (1.7 MB)\n[0714f816-0d11-4ad3-9d29-147ccf03c44f/checks ]   |      \u2501\u2501\u2501\u2501\u2501\u2501\u2501\u2501\u2501\u2501\u2501\u2501\u2501\u2501\u2501\u2501\u2501\u2501\u2501\u2501\u2501\u2501\u2501\u2501\u2501\u2501\u2501\u2501\u2501\u2501\u2501\u2501\u2501\u2501\u2501\u2501\u2501\u2501\u2501\u2501 1.7/1.7 MB 22.6 MB/s eta 0:00:00\n[0714f816-0d11-4ad3-9d29-147ccf03c44f/checks ]   | Collecting flake8\n[0714f816-0d11-4ad3-9d29-147ccf03c44f/checks ]   |   Downloading flake8-6.0.0-py2.py3-none-any.whl (57 kB)\n[0714f816-0d11-4ad3-9d29-147ccf03c44f/checks ]   |      \u2501\u2501\u2501\u2501\u2501\u2501\u2501\u2501\u2501\u2501\u2501\u2501\u2501\u2501\u2501\u2501\u2501\u2501\u2501\u2501\u2501\u2501\u2501\u2501\u2501\u2501\u2501\u2501\u2501\u2501\u2501\u2501\u2501\u2501\u2501\u2501\u2501\u2501\u2501 57.8/57.8 kB 992.1 kB/s eta 0:00:00\n[0714f816-0d11-4ad3-9d29-147ccf03c44f/checks ]   | Collecting click>=8.0.0 (from black)\n[0714f816-0d11-4ad3-9d29-147ccf03c44f/checks ]   |   Downloading click-8.1.3-py3-none-any.whl (96 kB)\n[0714f816-0d11-4ad3-9d29-147ccf03c44f/checks ]   |      \u2501\u2501\u2501\u2501\u2501\u2501\u2501\u2501\u2501\u2501\u2501\u2501\u2501\u2501\u2501\u2501\u2501\u2501\u2501\u2501\u2501\u2501\u2501\u2501\u2501\u2501\u2501\u2501\u2501\u2501\u2501\u2501\u2501\u2501\u2501\u2501\u2501\u2501\u2501\u2501 96.6/96.6 kB 2.6 MB/s eta 0:00:00\n[0714f816-0d11-4ad3-9d29-147ccf03c44f/checks ]   | Collecting mypy-extensions>=0.4.3 (from black)\n[0714f816-0d11-4ad3-9d29-147ccf03c44f/checks ]   |   Downloading mypy_extensions-1.0.0-py3-none-any.whl (4.7 kB)\n[0714f816-0d11-4ad3-9d29-147ccf03c44f/checks ]   | Collecting packaging>=22.0 (from black)\n[0714f816-0d11-4ad3-9d29-147ccf03c44f/checks ]   |   Downloading packaging-23.1-py3-none-any.whl (48 kB)\n[0714f816-0d11-4ad3-9d29-147ccf03c44f/checks ]   |      \u2501\u2501\u2501\u2501\u2501\u2501\u2501\u2501\u2501\u2501\u2501\u2501\u2501\u2501\u2501\u2501\u2501\u2501\u2501\u2501\u2501\u2501\u2501\u2501\u2501\u2501\u2501\u2501\u2501\u2501\u2501\u2501\u2501\u2501\u2501\u2501\u2501\u2501\u2501\u2501 48.9/48.9 kB 1.3 MB/s eta 0:00:00\n[0714f816-0d11-4ad3-9d29-147ccf03c44f/checks ]   | Collecting pathspec>=0.9.0 (from black)\n[0714f816-0d11-4ad3-9d29-147ccf03c44f/checks ]   |   Downloading pathspec-0.11.1-py3-none-any.whl (29 kB)\n[0714f816-0d11-4ad3-9d29-147ccf03c44f/checks ]   | Collecting platformdirs>=2 (from black)\n[0714f816-0d11-4ad3-9d29-147ccf03c44f/checks ]   |   Downloading platformdirs-3.8.0-py3-none-any.whl (16 kB)\n[0714f816-0d11-4ad3-9d29-147ccf03c44f/checks ]   | Collecting tomli>=1.1.0 (from black)\n[0714f816-0d11-4ad3-9d29-147ccf03c44f/checks ]   |   Downloading tomli-2.0.1-py3-none-any.whl (12 kB)\n[0714f816-0d11-4ad3-9d29-147ccf03c44f/checks ]   | Collecting mccabe<0.8.0,>=0.7.0 (from flake8)\n[0714f816-0d11-4ad3-9d29-147ccf03c44f/checks ]   |   Downloading mccabe-0.7.0-py2.py3-none-any.whl (7.3 kB)\n[0714f816-0d11-4ad3-9d29-147ccf03c44f/checks ]   | Collecting pycodestyle<2.11.0,>=2.10.0 (from flake8)\n[0714f816-0d11-4ad3-9d29-147ccf03c44f/checks ]   |   Downloading pycodestyle-2.10.0-py2.py3-none-any.whl (41 kB)\n[0714f816-0d11-4ad3-9d29-147ccf03c44f/checks ]   |      \u2501\u2501\u2501\u2501\u2501\u2501\u2501\u2501\u2501\u2501\u2501\u2501\u2501\u2501\u2501\u2501\u2501\u2501\u2501\u2501\u2501\u2501\u2501\u2501\u2501\u2501\u2501\u2501\u2501\u2501\u2501\u2501\u2501\u2501\u2501\u2501\u2501\u2501\u2501\u2501 41.3/41.3 kB 4.5 MB/s eta 0:00:00\n[0714f816-0d11-4ad3-9d29-147ccf03c44f/checks ]   | Collecting pyflakes<3.1.0,>=3.0.0 (from flake8)\n[0714f816-0d11-4ad3-9d29-147ccf03c44f/checks ]   |   Downloading pyflakes-3.0.1-py2.py3-none-any.whl (62 kB)\n[0714f816-0d11-4ad3-9d29-147ccf03c44f/checks ]   |      \u2501\u2501\u2501\u2501\u2501\u2501\u2501\u2501\u2501\u2501\u2501\u2501\u2501\u2501\u2501\u2501\u2501\u2501\u2501\u2501\u2501\u2501\u2501\u2501\u2501\u2501\u2501\u2501\u2501\u2501\u2501\u2501\u2501\u2501\u2501\u2501\u2501\u2501\u2501\u2501 62.8/62.8 kB 1.4 MB/s eta 0:00:00\n[0714f816-0d11-4ad3-9d29-147ccf03c44f/checks ]   | Installing collected packages: tomli, pyflakes, pycodestyle, platformdirs, pathspec, packaging, mypy-extensions, mccabe, click, flake8, black\n[0714f816-0d11-4ad3-9d29-147ccf03c44f/checks ]   | Successfully installed black-23.3.0 click-8.1.3 flake8-6.0.0 mccabe-0.7.0 mypy-extensions-1.0.0 packaging-23.1 pathspec-0.11.1 platformdirs-3.8.0 pycodestyle-2.10.0 pyflakes-3.0.1 tomli-2.0.1\n[0714f816-0d11-4ad3-9d29-147ccf03c44f/checks ]   \u2705  Success - Main Install checkers\n[0714f816-0d11-4ad3-9d29-147ccf03c44f/checks ] \u2b50 Run Main flake\n[0714f816-0d11-4ad3-9d29-147ccf03c44f/checks ]   \ud83d\udc33  docker exec cmd=[bash --noprofile --norc -e -o pipefail /var/run/act/workflow/3] user= workdir=\n[0714f816-0d11-4ad3-9d29-147ccf03c44f/compile]   \u2705  Success - Main Check results\n[0714f816-0d11-4ad3-9d29-147ccf03c44f/test   ] \ud83c\udfc1  Job failed\n[0714f816-0d11-4ad3-9d29-147ccf03c44f/checks ]   \u2705  Success - Main flake\n[0714f816-0d11-4ad3-9d29-147ccf03c44f/compile] \u2b50 Run Post Set up Python 2.7\n[0714f816-0d11-4ad3-9d29-147ccf03c44f/compile]   \ud83d\udc33  docker exec cmd=[node /var/run/act/actions/actions-setup-python@v3/dist/cache-save/index.js] user= workdir=\n[0714f816-0d11-4ad3-9d29-147ccf03c44f/checks ] \u2b50 Run Main black\n[0714f816-0d11-4ad3-9d29-147ccf03c44f/checks ]   \ud83d\udc33  docker exec cmd=[bash --noprofile --norc -e -o pipefail /var/run/act/workflow/4] user= workdir=\n[0714f816-0d11-4ad3-9d29-147ccf03c44f/compile]   \u2705  Success - Post Set up Python 2.7\n[0714f816-0d11-4ad3-9d29-147ccf03c44f/checks ]   \u2705  Success - Main black\n[0714f816-0d11-4ad3-9d29-147ccf03c44f/checks ] \u2b50 Run Post Set up Python\n[0714f816-0d11-4ad3-9d29-147ccf03c44f/checks ]   \ud83d\udc33  docker exec cmd=[node /var/run/act/actions/actions-setup-python@v3/dist/cache-save/index.js] user= workdir=\n[0714f816-0d11-4ad3-9d29-147ccf03c44f/checks ]   \u2705  Success - Post Set up Python\n[0714f816-0d11-4ad3-9d29-147ccf03c44f/compile] \ud83c\udfc1  Job succeeded\n[0714f816-0d11-4ad3-9d29-147ccf03c44f/checks ] \ud83c\udfc1  Job succeeded\n",
        "stderr": "Error: Job 'test' failed\n",
        "workflow": "/tmp/ad9c0f7e-1596-11ee-8a50-bb14de238602/ua-parser-uap-python/.github/workflows/ci-crawler.yml",
        "build_tool": "pytest",
        "elapsed_time": 210.7461941242218
    }
}