{
    "repository": "unihd-cag/skillbridge",
    "stars": 119,
    "language": "python",
    "size": 787,
    "clone_url": "https://github.com/unihd-cag/skillbridge.git",
    "timestamp": "2023-07-01T13:55:40.328534Z",
    "clone_success": true,
    "number_of_actions": 2,
    "number_of_test_actions": 1,
    "actions_successful": false,
    "actions_build_tools": [
        "unknown",
        "pytest"
    ],
    "actions_test_build_tools": [
        "pytest"
    ],
    "actions_run": {
        "failed": true,
        "tests": [
            {
                "classname": "tests.test_channel",
                "name": "test_channel_cannot_connect_without_server",
                "time": 0.003,
                "results": [
                    {
                        "result": "Passed",
                        "message": "",
                        "type": ""
                    }
                ],
                "stdout": null,
                "stderr": null
            },
            {
                "classname": "tests.test_channel",
                "name": "test_reconnect",
                "time": 0.626,
                "results": [
                    {
                        "result": "Passed",
                        "message": "",
                        "type": ""
                    }
                ],
                "stdout": null,
                "stderr": null
            },
            {
                "classname": "tests.test_channel",
                "name": "test_channel_connects",
                "time": 0.315,
                "results": [
                    {
                        "result": "Passed",
                        "message": "",
                        "type": ""
                    }
                ],
                "stdout": null,
                "stderr": null
            },
            {
                "classname": "tests.test_channel",
                "name": "test_one_message_is_send",
                "time": 0.317,
                "results": [
                    {
                        "result": "Passed",
                        "message": "",
                        "type": ""
                    }
                ],
                "stdout": null,
                "stderr": null
            },
            {
                "classname": "tests.test_channel",
                "name": "test_many_messages_are_send",
                "time": 0.337,
                "results": [
                    {
                        "result": "Passed",
                        "message": "",
                        "type": ""
                    }
                ],
                "stdout": null,
                "stderr": null
            },
            {
                "classname": "tests.test_channel",
                "name": "test_raise_on_failure",
                "time": 0.319,
                "results": [
                    {
                        "result": "Passed",
                        "message": "",
                        "type": ""
                    }
                ],
                "stdout": null,
                "stderr": null
            },
            {
                "classname": "tests.test_channel",
                "name": "test_workspace_contains_prefixes",
                "time": 0.328,
                "results": [
                    {
                        "result": "Passed",
                        "message": "",
                        "type": ""
                    }
                ],
                "stdout": null,
                "stderr": null
            },
            {
                "classname": "tests.test_channel",
                "name": "test_function_call_is_send",
                "time": 0.33,
                "results": [
                    {
                        "result": "Passed",
                        "message": "",
                        "type": ""
                    }
                ],
                "stdout": null,
                "stderr": null
            },
            {
                "classname": "tests.test_channel",
                "name": "test_unknown_function_raises",
                "time": 0.358,
                "results": [
                    {
                        "result": "Passed",
                        "message": "",
                        "type": ""
                    }
                ],
                "stdout": null,
                "stderr": null
            },
            {
                "classname": "tests.test_channel",
                "name": "test_list_is_mapped",
                "time": 0.32,
                "results": [
                    {
                        "result": "Passed",
                        "message": "",
                        "type": ""
                    }
                ],
                "stdout": null,
                "stderr": null
            },
            {
                "classname": "tests.test_channel",
                "name": "test_property_list_is_mapped",
                "time": 0.32,
                "results": [
                    {
                        "result": "Passed",
                        "message": "",
                        "type": ""
                    }
                ],
                "stdout": null,
                "stderr": null
            },
            {
                "classname": "tests.test_channel",
                "name": "test_object_is_mapped",
                "time": 0.341,
                "results": [
                    {
                        "result": "Passed",
                        "message": "",
                        "type": ""
                    }
                ],
                "stdout": null,
                "stderr": null
            },
            {
                "classname": "tests.test_channel",
                "name": "test_db_object_repr",
                "time": 0.335,
                "results": [
                    {
                        "result": "Passed",
                        "message": "",
                        "type": ""
                    }
                ],
                "stdout": null,
                "stderr": null
            },
            {
                "classname": "tests.test_channel",
                "name": "test_dd_object_repr",
                "time": 0.335,
                "results": [
                    {
                        "result": "Passed",
                        "message": "",
                        "type": ""
                    }
                ],
                "stdout": null,
                "stderr": null
            },
            {
                "classname": "tests.test_channel",
                "name": "test_nested_remote_object",
                "time": 0.36,
                "results": [
                    {
                        "result": "Passed",
                        "message": "",
                        "type": ""
                    }
                ],
                "stdout": null,
                "stderr": null
            },
            {
                "classname": "tests.test_channel",
                "name": "test_send_back_objects",
                "time": 0.342,
                "results": [
                    {
                        "result": "Passed",
                        "message": "",
                        "type": ""
                    }
                ],
                "stdout": null,
                "stderr": null
            },
            {
                "classname": "tests.test_channel",
                "name": "test_setattr",
                "time": 0.297,
                "results": [
                    {
                        "result": "Passed",
                        "message": "",
                        "type": ""
                    }
                ],
                "stdout": null,
                "stderr": null
            },
            {
                "classname": "tests.test_channel",
                "name": "test_object_equality",
                "time": 0.346,
                "results": [
                    {
                        "result": "Passed",
                        "message": "",
                        "type": ""
                    }
                ],
                "stdout": null,
                "stderr": null
            },
            {
                "classname": "tests.test_channel",
                "name": "test_fix_completion_does_not_raise",
                "time": 0.315,
                "results": [
                    {
                        "result": "Passed",
                        "message": "",
                        "type": ""
                    }
                ],
                "stdout": null,
                "stderr": null
            },
            {
                "classname": "tests.test_channel",
                "name": "test_max_transmission_length_is_honored",
                "time": 0.345,
                "results": [
                    {
                        "result": "Passed",
                        "message": "",
                        "type": ""
                    }
                ],
                "stdout": null,
                "stderr": null
            },
            {
                "classname": "tests.test_channel",
                "name": "test_flush_does_no_harm",
                "time": 0.816,
                "results": [
                    {
                        "result": "Passed",
                        "message": "",
                        "type": ""
                    }
                ],
                "stdout": null,
                "stderr": null
            },
            {
                "classname": "tests.test_channel",
                "name": "test_cannot_add_malformed_manual_functions",
                "time": 0.357,
                "results": [
                    {
                        "result": "Passed",
                        "message": "",
                        "type": ""
                    }
                ],
                "stdout": null,
                "stderr": null
            },
            {
                "classname": "tests.test_channel",
                "name": "test_make_workspace_current",
                "time": 0.365,
                "results": [
                    {
                        "result": "Passed",
                        "message": "",
                        "type": ""
                    }
                ],
                "stdout": null,
                "stderr": null
            },
            {
                "classname": "tests.test_channel",
                "name": "test_use_current_workspace",
                "time": 0.325,
                "results": [
                    {
                        "result": "Passed",
                        "message": "",
                        "type": ""
                    }
                ],
                "stdout": null,
                "stderr": null
            },
            {
                "classname": "tests.test_channel",
                "name": "test_warning_is_printed",
                "time": 0.334,
                "results": [
                    {
                        "result": "Passed",
                        "message": "",
                        "type": ""
                    }
                ],
                "stdout": null,
                "stderr": null
            },
            {
                "classname": "tests.test_channel",
                "name": "test_funcall_shortcut",
                "time": 0.369,
                "results": [
                    {
                        "result": "Passed",
                        "message": "",
                        "type": ""
                    }
                ],
                "stdout": null,
                "stderr": null
            },
            {
                "classname": "tests.test_channel",
                "name": "test_open_file",
                "time": 0.344,
                "results": [
                    {
                        "result": "Passed",
                        "message": "",
                        "type": ""
                    }
                ],
                "stdout": null,
                "stderr": null
            },
            {
                "classname": "tests.test_channel",
                "name": "test_globals_direct_write",
                "time": 0.374,
                "results": [
                    {
                        "result": "Passed",
                        "message": "",
                        "type": ""
                    }
                ],
                "stdout": null,
                "stderr": null
            },
            {
                "classname": "tests.test_channel",
                "name": "test_globals_read",
                "time": 0.337,
                "results": [
                    {
                        "result": "Passed",
                        "message": "",
                        "type": ""
                    }
                ],
                "stdout": null,
                "stderr": null
            },
            {
                "classname": "tests.test_channel",
                "name": "test_globals_repr",
                "time": 0.307,
                "results": [
                    {
                        "result": "Passed",
                        "message": "",
                        "type": ""
                    }
                ],
                "stdout": null,
                "stderr": null
            },
            {
                "classname": "tests.test_channel",
                "name": "test_globals_map_car",
                "time": 0.321,
                "results": [
                    {
                        "result": "Passed",
                        "message": "",
                        "type": ""
                    }
                ],
                "stdout": null,
                "stderr": null
            },
            {
                "classname": "tests.test_channel",
                "name": "test_globals_for_each",
                "time": 0.323,
                "results": [
                    {
                        "result": "Passed",
                        "message": "",
                        "type": ""
                    }
                ],
                "stdout": null,
                "stderr": null
            },
            {
                "classname": "tests.test_channel",
                "name": "test_globals_filter",
                "time": 0.328,
                "results": [
                    {
                        "result": "Passed",
                        "message": "",
                        "type": ""
                    }
                ],
                "stdout": null,
                "stderr": null
            },
            {
                "classname": "tests.test_channel",
                "name": "test_globals_tuple_write",
                "time": 0.315,
                "results": [
                    {
                        "result": "Passed",
                        "message": "",
                        "type": ""
                    }
                ],
                "stdout": null,
                "stderr": null
            },
            {
                "classname": "tests.test_channel",
                "name": "test_globals_tuple_read",
                "time": 0.309,
                "results": [
                    {
                        "result": "Passed",
                        "message": "",
                        "type": ""
                    }
                ],
                "stdout": null,
                "stderr": null
            },
            {
                "classname": "tests.test_channel",
                "name": "test_globals_delete",
                "time": 0.334,
                "results": [
                    {
                        "result": "Passed",
                        "message": "",
                        "type": ""
                    }
                ],
                "stdout": null,
                "stderr": null
            },
            {
                "classname": "tests.test_channel",
                "name": "test_globals_raises_when_attribute_is_invalid",
                "time": 0.346,
                "results": [
                    {
                        "result": "Passed",
                        "message": "",
                        "type": ""
                    }
                ],
                "stdout": null,
                "stderr": null
            },
            {
                "classname": "tests.test_channel",
                "name": "test_raw_object_access",
                "time": 0.355,
                "results": [
                    {
                        "result": "Passed",
                        "message": "",
                        "type": ""
                    }
                ],
                "stdout": null,
                "stderr": null
            },
            {
                "classname": "tests.test_integration",
                "name": "test_can_add_two_numbers",
                "time": 0.002,
                "results": [
                    {
                        "result": "Skipped",
                        "message": "Skipped",
                        "type": "pytest.skip"
                    }
                ],
                "stdout": null,
                "stderr": null
            },
            {
                "classname": "tests.test_integration",
                "name": "test_can_create_a_hash_table",
                "time": 0.01,
                "results": [
                    {
                        "result": "Skipped",
                        "message": "Skipped",
                        "type": "pytest.skip"
                    }
                ],
                "stdout": null,
                "stderr": null
            },
            {
                "classname": "tests.test_integration",
                "name": "test_can_store_keys_in_hash_table",
                "time": 0.001,
                "results": [
                    {
                        "result": "Skipped",
                        "message": "Skipped",
                        "type": "pytest.skip"
                    }
                ],
                "stdout": null,
                "stderr": null
            },
            {
                "classname": "tests.test_integration",
                "name": "test_can_read_length_of_hash_table",
                "time": 0.001,
                "results": [
                    {
                        "result": "Skipped",
                        "message": "Skipped",
                        "type": "pytest.skip"
                    }
                ],
                "stdout": null,
                "stderr": null
            },
            {
                "classname": "tests.test_integration",
                "name": "test_can_iterate_over_hash_table_keys",
                "time": 0.001,
                "results": [
                    {
                        "result": "Skipped",
                        "message": "Skipped",
                        "type": "pytest.skip"
                    }
                ],
                "stdout": null,
                "stderr": null
            },
            {
                "classname": "tests.test_integration",
                "name": "test_can_use_hash_table_like_a_dict",
                "time": 0.001,
                "results": [
                    {
                        "result": "Skipped",
                        "message": "Skipped",
                        "type": "pytest.skip"
                    }
                ],
                "stdout": null,
                "stderr": null
            },
            {
                "classname": "tests.test_integration",
                "name": "test_can_use_symbol_keys_in_hash_table",
                "time": 0.001,
                "results": [
                    {
                        "result": "Skipped",
                        "message": "Skipped",
                        "type": "pytest.skip"
                    }
                ],
                "stdout": null,
                "stderr": null
            },
            {
                "classname": "tests.test_integration",
                "name": "test_missing_key_raises_key_error",
                "time": 0.001,
                "results": [
                    {
                        "result": "Skipped",
                        "message": "Skipped",
                        "type": "pytest.skip"
                    }
                ],
                "stdout": null,
                "stderr": null
            },
            {
                "classname": "tests.test_integration",
                "name": "test_open_file",
                "time": 0.001,
                "results": [
                    {
                        "result": "Skipped",
                        "message": "Skipped",
                        "type": "pytest.skip"
                    }
                ],
                "stdout": null,
                "stderr": null
            },
            {
                "classname": "tests.test_integration",
                "name": "test_remote_object",
                "time": 0.001,
                "results": [
                    {
                        "result": "Skipped",
                        "message": "Skipped",
                        "type": "pytest.skip"
                    }
                ],
                "stdout": null,
                "stderr": null
            },
            {
                "classname": "tests.test_integration",
                "name": "test_lazy_list",
                "time": 0.001,
                "results": [
                    {
                        "result": "Skipped",
                        "message": "Skipped",
                        "type": "pytest.skip"
                    }
                ],
                "stdout": null,
                "stderr": null
            },
            {
                "classname": "tests.test_integration",
                "name": "test_vector_without_default",
                "time": 0.001,
                "results": [
                    {
                        "result": "Skipped",
                        "message": "Skipped",
                        "type": "pytest.skip"
                    }
                ],
                "stdout": null,
                "stderr": null
            },
            {
                "classname": "tests.test_integration",
                "name": "test_direct_globals",
                "time": 0.001,
                "results": [
                    {
                        "result": "Skipped",
                        "message": "Skipped",
                        "type": "pytest.skip"
                    }
                ],
                "stdout": null,
                "stderr": null
            },
            {
                "classname": "tests.test_integration",
                "name": "test_collections_with_default",
                "time": 0.001,
                "results": [
                    {
                        "result": "Skipped",
                        "message": "Skipped",
                        "type": "pytest.skip"
                    }
                ],
                "stdout": null,
                "stderr": null
            },
            {
                "classname": "tests.test_integration",
                "name": "test_table_getattr_is_equivalent_to_symbol_lookup",
                "time": 0.001,
                "results": [
                    {
                        "result": "Skipped",
                        "message": "Skipped",
                        "type": "pytest.skip"
                    }
                ],
                "stdout": null,
                "stderr": null
            },
            {
                "classname": "tests.test_integration",
                "name": "test_nil_t_nil_is_not_a_disembodied_property_list",
                "time": 0.001,
                "results": [
                    {
                        "result": "Skipped",
                        "message": "Skipped",
                        "type": "pytest.skip"
                    }
                ],
                "stdout": null,
                "stderr": null
            },
            {
                "classname": "tests.test_misc",
                "name": "test_skill_id[0x10-16]",
                "time": 0.002,
                "results": [
                    {
                        "result": "Passed",
                        "message": "",
                        "type": ""
                    }
                ],
                "stdout": null,
                "stderr": null
            },
            {
                "classname": "tests.test_misc",
                "name": "test_skill_id[00001F-31]",
                "time": 0.002,
                "results": [
                    {
                        "result": "Passed",
                        "message": "",
                        "type": ""
                    }
                ],
                "stdout": null,
                "stderr": null
            },
            {
                "classname": "tests.test_misc",
                "name": "test_skill_id[10-10]",
                "time": 0.001,
                "results": [
                    {
                        "result": "Passed",
                        "message": "",
                        "type": ""
                    }
                ],
                "stdout": null,
                "stderr": null
            },
            {
                "classname": "tests.test_misc",
                "name": "test_workspace_get_item",
                "time": 0.002,
                "results": [
                    {
                        "result": "Passed",
                        "message": "",
                        "type": ""
                    }
                ],
                "stdout": null,
                "stderr": null
            },
            {
                "classname": "tests.test_misc",
                "name": "test_reports_skill_server_correctly",
                "time": 0.286,
                "results": [
                    {
                        "result": "Passed",
                        "message": "",
                        "type": ""
                    }
                ],
                "stdout": null,
                "stderr": null
            },
            {
                "classname": "tests.test_misc",
                "name": "test_cannot_use_abc",
                "time": 0.027,
                "results": [
                    {
                        "result": "Passed",
                        "message": "",
                        "type": ""
                    }
                ],
                "stdout": null,
                "stderr": null
            },
            {
                "classname": "tests.test_misc",
                "name": "test_direct_mode",
                "time": 0.095,
                "results": [
                    {
                        "result": "Passed",
                        "message": "",
                        "type": ""
                    }
                ],
                "stdout": null,
                "stderr": null
            },
            {
                "classname": "tests.test_misc",
                "name": "test_symbol_correct_repr",
                "time": 0.002,
                "results": [
                    {
                        "result": "Passed",
                        "message": "",
                        "type": ""
                    }
                ],
                "stdout": null,
                "stderr": null
            },
            {
                "classname": "tests.test_misc",
                "name": "test_empty_keys",
                "time": 0.001,
                "results": [
                    {
                        "result": "Passed",
                        "message": "",
                        "type": ""
                    }
                ],
                "stdout": null,
                "stderr": null
            },
            {
                "classname": "tests.test_misc",
                "name": "test_one_key",
                "time": 0.001,
                "results": [
                    {
                        "result": "Passed",
                        "message": "",
                        "type": ""
                    }
                ],
                "stdout": null,
                "stderr": null
            },
            {
                "classname": "tests.test_misc",
                "name": "test_many_keys",
                "time": 0.001,
                "results": [
                    {
                        "result": "Passed",
                        "message": "",
                        "type": ""
                    }
                ],
                "stdout": null,
                "stderr": null
            },
            {
                "classname": "tests.test_misc",
                "name": "test_lazy_list",
                "time": 0.002,
                "results": [
                    {
                        "result": "Passed",
                        "message": "",
                        "type": ""
                    }
                ],
                "stdout": null,
                "stderr": null
            },
            {
                "classname": "tests.test_misc",
                "name": "test_double_hex_prefix_does_not_crash",
                "time": 0.001,
                "results": [
                    {
                        "result": "Passed",
                        "message": "",
                        "type": ""
                    }
                ],
                "stdout": null,
                "stderr": null
            },
            {
                "classname": "tests.test_misc",
                "name": "test_object_representation_does_not_send_requests",
                "time": 0.001,
                "results": [
                    {
                        "result": "Passed",
                        "message": "",
                        "type": ""
                    }
                ],
                "stdout": null,
                "stderr": null
            },
            {
                "classname": "tests.test_misc",
                "name": "test_failing_skill_type_is_handled",
                "time": 0.001,
                "results": [
                    {
                        "result": "Passed",
                        "message": "",
                        "type": ""
                    }
                ],
                "stdout": null,
                "stderr": null
            },
            {
                "classname": "tests.test_server",
                "name": "test_server_notifies",
                "time": 2.138,
                "results": [
                    {
                        "result": "Passed",
                        "message": "",
                        "type": ""
                    }
                ],
                "stdout": null,
                "stderr": null
            },
            {
                "classname": "tests.test_server",
                "name": "test_one_request",
                "time": 2.133,
                "results": [
                    {
                        "result": "Passed",
                        "message": "",
                        "type": ""
                    }
                ],
                "stdout": null,
                "stderr": null
            },
            {
                "classname": "tests.test_test_channel",
                "name": "test_success",
                "time": 0.004,
                "results": [
                    {
                        "result": "Passed",
                        "message": "",
                        "type": ""
                    }
                ],
                "stdout": null,
                "stderr": null
            },
            {
                "classname": "tests.test_test_channel",
                "name": "test_key",
                "time": 0.004,
                "results": [
                    {
                        "result": "Passed",
                        "message": "",
                        "type": ""
                    }
                ],
                "stdout": null,
                "stderr": null
            },
            {
                "classname": "tests.test_test_channel",
                "name": "test_remote_object",
                "time": 0.002,
                "results": [
                    {
                        "result": "Passed",
                        "message": "",
                        "type": ""
                    }
                ],
                "stdout": null,
                "stderr": null
            },
            {
                "classname": "tests.test_test_channel",
                "name": "test_error",
                "time": 0.002,
                "results": [
                    {
                        "result": "Passed",
                        "message": "",
                        "type": ""
                    }
                ],
                "stdout": null,
                "stderr": null
            },
            {
                "classname": "tests.test_test_channel",
                "name": "test_warning",
                "time": 0.003,
                "results": [
                    {
                        "result": "Passed",
                        "message": "",
                        "type": ""
                    }
                ],
                "stdout": null,
                "stderr": null
            },
            {
                "classname": "tests.test_test_channel",
                "name": "test_pass_works",
                "time": 0.002,
                "results": [
                    {
                        "result": "Passed",
                        "message": "",
                        "type": ""
                    }
                ],
                "stdout": null,
                "stderr": null
            },
            {
                "classname": "tests.test_test_channel",
                "name": "test_pass_function_based_prepare",
                "time": 0.003,
                "results": [
                    {
                        "result": "Passed",
                        "message": "",
                        "type": ""
                    }
                ],
                "stdout": null,
                "stderr": null
            },
            {
                "classname": "tests.test_translator",
                "name": "test_snake_to_wrong_camel_case",
                "time": 0.001,
                "results": [
                    {
                        "result": "Passed",
                        "message": "",
                        "type": ""
                    }
                ],
                "stdout": null,
                "stderr": null
            },
            {
                "classname": "tests.test_translator",
                "name": "test_wrong_camel_to_snake_case",
                "time": 0.001,
                "results": [
                    {
                        "result": "Passed",
                        "message": "",
                        "type": ""
                    }
                ],
                "stdout": null,
                "stderr": null
            },
            {
                "classname": "tests.test_translator",
                "name": "test_snake_to_camel_simple_does_not_change",
                "time": 0.001,
                "results": [
                    {
                        "result": "Passed",
                        "message": "",
                        "type": ""
                    }
                ],
                "stdout": null,
                "stderr": null
            },
            {
                "classname": "tests.test_translator",
                "name": "test_snake_to_camel_input_does_not_change",
                "time": 0.001,
                "results": [
                    {
                        "result": "Passed",
                        "message": "",
                        "type": ""
                    }
                ],
                "stdout": null,
                "stderr": null
            },
            {
                "classname": "tests.test_translator",
                "name": "test_snake_to_camel_input_snake_changes",
                "time": 0.001,
                "results": [
                    {
                        "result": "Passed",
                        "message": "",
                        "type": ""
                    }
                ],
                "stdout": null,
                "stderr": null
            },
            {
                "classname": "tests.test_translator",
                "name": "test_camel_to_snake_simple_does_not_change",
                "time": 0.001,
                "results": [
                    {
                        "result": "Passed",
                        "message": "",
                        "type": ""
                    }
                ],
                "stdout": null,
                "stderr": null
            },
            {
                "classname": "tests.test_translator",
                "name": "test_camel_to_snake_input_camel",
                "time": 0.001,
                "results": [
                    {
                        "result": "Passed",
                        "message": "",
                        "type": ""
                    }
                ],
                "stdout": null,
                "stderr": null
            },
            {
                "classname": "tests.test_translator",
                "name": "test_named_parameters_are_optionally_converted",
                "time": 0.002,
                "results": [
                    {
                        "result": "Passed",
                        "message": "",
                        "type": ""
                    }
                ],
                "stdout": null,
                "stderr": null
            },
            {
                "classname": "tests.test_translator",
                "name": "test_camel_to_snake_input_snake_does_not_change",
                "time": 0.001,
                "results": [
                    {
                        "result": "Passed",
                        "message": "",
                        "type": ""
                    }
                ],
                "stdout": null,
                "stderr": null
            },
            {
                "classname": "tests.test_translator",
                "name": "test_camel_to_snake_input_pascal_does_not_change",
                "time": 0.001,
                "results": [
                    {
                        "result": "Passed",
                        "message": "",
                        "type": ""
                    }
                ],
                "stdout": null,
                "stderr": null
            },
            {
                "classname": "tests.test_translator",
                "name": "test_snake_to_camel_input_pascal_does_not_change",
                "time": 0.001,
                "results": [
                    {
                        "result": "Passed",
                        "message": "",
                        "type": ""
                    }
                ],
                "stdout": null,
                "stderr": null
            },
            {
                "classname": "tests.test_translator",
                "name": "test_simple_to_skill",
                "time": 0.934,
                "results": [
                    {
                        "result": "Passed",
                        "message": "",
                        "type": ""
                    }
                ],
                "stdout": null,
                "stderr": null
            },
            {
                "classname": "tests.test_translator",
                "name": "test_constants_to_skill",
                "time": 0.001,
                "results": [
                    {
                        "result": "Passed",
                        "message": "",
                        "type": ""
                    }
                ],
                "stdout": null,
                "stderr": null
            },
            {
                "classname": "tests.test_translator",
                "name": "test_lists_to_skill",
                "time": 0.004,
                "results": [
                    {
                        "result": "Passed",
                        "message": "",
                        "type": ""
                    }
                ],
                "stdout": null,
                "stderr": null
            },
            {
                "classname": "tests.test_translator",
                "name": "test_var_to_skill",
                "time": 0.239,
                "results": [
                    {
                        "result": "Passed",
                        "message": "",
                        "type": ""
                    }
                ],
                "stdout": null,
                "stderr": null
            },
            {
                "classname": "tests.test_translator",
                "name": "test_property_list_to_python",
                "time": 0.001,
                "results": [
                    {
                        "result": "Passed",
                        "message": "",
                        "type": ""
                    }
                ],
                "stdout": null,
                "stderr": null
            },
            {
                "classname": "tests.test_translator",
                "name": "test_property_list_to_skill",
                "time": 0.001,
                "results": [
                    {
                        "result": "Passed",
                        "message": "",
                        "type": ""
                    }
                ],
                "stdout": null,
                "stderr": null
            },
            {
                "classname": "tests.test_translator",
                "name": "test_object_to_python",
                "time": 0.001,
                "results": [
                    {
                        "result": "Passed",
                        "message": "",
                        "type": ""
                    }
                ],
                "stdout": null,
                "stderr": null
            },
            {
                "classname": "tests.test_translator",
                "name": "test_object_with_upper_case_id",
                "time": 0.001,
                "results": [
                    {
                        "result": "Passed",
                        "message": "",
                        "type": ""
                    }
                ],
                "stdout": null,
                "stderr": null
            },
            {
                "classname": "tests.test_translator",
                "name": "test_list_roundtrip",
                "time": 1.605,
                "results": [
                    {
                        "result": "Passed",
                        "message": "",
                        "type": ""
                    }
                ],
                "stdout": null,
                "stderr": null
            },
            {
                "classname": "tests.test_translator",
                "name": "test_constants_to_python",
                "time": 0.004,
                "results": [
                    {
                        "result": "Passed",
                        "message": "",
                        "type": ""
                    }
                ],
                "stdout": null,
                "stderr": null
            },
            {
                "classname": "tests.test_translator",
                "name": "test_unknown_to_skill[value0]",
                "time": 0.002,
                "results": [
                    {
                        "result": "Passed",
                        "message": "",
                        "type": ""
                    }
                ],
                "stdout": null,
                "stderr": null
            },
            {
                "classname": "tests.test_translator",
                "name": "test_unknown_to_skill[Exception]",
                "time": 0.002,
                "results": [
                    {
                        "result": "Passed",
                        "message": "",
                        "type": ""
                    }
                ],
                "stdout": null,
                "stderr": null
            },
            {
                "classname": "tests.test_translator",
                "name": "test_unknown_to_skill[open]",
                "time": 0.002,
                "results": [
                    {
                        "result": "Passed",
                        "message": "",
                        "type": ""
                    }
                ],
                "stdout": null,
                "stderr": null
            },
            {
                "classname": "tests.test_translator",
                "name": "test_get_attribute",
                "time": 0.519,
                "results": [
                    {
                        "result": "Passed",
                        "message": "",
                        "type": ""
                    }
                ],
                "stdout": null,
                "stderr": null
            },
            {
                "classname": "tests.test_translator",
                "name": "test_set_attribute",
                "time": 0.734,
                "results": [
                    {
                        "result": "Passed",
                        "message": "",
                        "type": ""
                    }
                ],
                "stdout": null,
                "stderr": null
            },
            {
                "classname": "tests.test_translator",
                "name": "test_symbol_is_parsed",
                "time": 0.523,
                "results": [
                    {
                        "result": "Passed",
                        "message": "",
                        "type": ""
                    }
                ],
                "stdout": null,
                "stderr": null
            },
            {
                "classname": "tests.test_translator",
                "name": "test_symbol_is_dumped",
                "time": 0.561,
                "results": [
                    {
                        "result": "Passed",
                        "message": "",
                        "type": ""
                    }
                ],
                "stdout": null,
                "stderr": null
            },
            {
                "classname": "tests.test_translator",
                "name": "test_skill_help_adds_question_mark",
                "time": 0.001,
                "results": [
                    {
                        "result": "Passed",
                        "message": "",
                        "type": ""
                    }
                ],
                "stdout": null,
                "stderr": null
            },
            {
                "classname": "tests.test_translator",
                "name": "test_skill_help_to_list",
                "time": 0.001,
                "results": [
                    {
                        "result": "Passed",
                        "message": "",
                        "type": ""
                    }
                ],
                "stdout": null,
                "stderr": null
            },
            {
                "classname": "tests.test_translator",
                "name": "test_skill_setattr_ok",
                "time": 0.001,
                "results": [
                    {
                        "result": "Passed",
                        "message": "",
                        "type": ""
                    }
                ],
                "stdout": null,
                "stderr": null
            },
            {
                "classname": "tests.test_translator",
                "name": "test_python_path",
                "time": 0.002,
                "results": [
                    {
                        "result": "Passed",
                        "message": "",
                        "type": ""
                    }
                ],
                "stdout": null,
                "stderr": null
            },
            {
                "classname": "tests.test_var",
                "name": "test_var_string_conversion",
                "time": 0.001,
                "results": [
                    {
                        "result": "Passed",
                        "message": "",
                        "type": ""
                    }
                ],
                "stdout": null,
                "stderr": null
            },
            {
                "classname": "tests.test_var",
                "name": "test_var_attribute_access",
                "time": 0.001,
                "results": [
                    {
                        "result": "Passed",
                        "message": "",
                        "type": ""
                    }
                ],
                "stdout": null,
                "stderr": null
            },
            {
                "classname": "tests.test_var",
                "name": "test_var_item_access",
                "time": 0.001,
                "results": [
                    {
                        "result": "Passed",
                        "message": "",
                        "type": ""
                    }
                ],
                "stdout": null,
                "stderr": null
            },
            {
                "classname": "tests.test_var",
                "name": "test_infix",
                "time": 0.001,
                "results": [
                    {
                        "result": "Passed",
                        "message": "",
                        "type": ""
                    }
                ],
                "stdout": null,
                "stderr": null
            },
            {
                "classname": "tests.test_var",
                "name": "test_getattr_performs_conversion",
                "time": 0.012,
                "results": [
                    {
                        "result": "Passed",
                        "message": "",
                        "type": ""
                    }
                ],
                "stdout": null,
                "stderr": null
            },
            {
                "classname": "tests.test_var",
                "name": "test_getitem_does_not_perform_conversion",
                "time": 0.001,
                "results": [
                    {
                        "result": "Passed",
                        "message": "",
                        "type": ""
                    }
                ],
                "stdout": null,
                "stderr": null
            },
            {
                "classname": "tests.test_workspace",
                "name": "test_a_crash_while_closing_still_clears_the_cache",
                "time": 0.005,
                "results": [
                    {
                        "result": "Passed",
                        "message": "",
                        "type": ""
                    }
                ],
                "stdout": null,
                "stderr": null
            }
        ],
        "stdout": "[057971a2-d08d-42d9-8e7a-f787b6fc0023/Lint and Test             ] \ud83d\ude80  Start image=crawlergpt:latest\n[057971a2-d08d-42d9-8e7a-f787b6fc0023/Build Sphinx Documentation] \ud83d\ude80  Start image=crawlergpt:latest\n[057971a2-d08d-42d9-8e7a-f787b6fc0023/Build Sphinx Documentation]   \ud83d\udc33  docker pull image=crawlergpt:latest platform= username= forcePull=false\n[057971a2-d08d-42d9-8e7a-f787b6fc0023/Lint and Test             ]   \ud83d\udc33  docker pull image=crawlergpt:latest platform= username= forcePull=false\n[057971a2-d08d-42d9-8e7a-f787b6fc0023/Build Sphinx Documentation]   \ud83d\udc33  docker create image=crawlergpt:latest platform= entrypoint=[\"tail\" \"-f\" \"/dev/null\"] cmd=[]\n[057971a2-d08d-42d9-8e7a-f787b6fc0023/Lint and Test             ]   \ud83d\udc33  docker create image=crawlergpt:latest platform= entrypoint=[\"tail\" \"-f\" \"/dev/null\"] cmd=[]\n[057971a2-d08d-42d9-8e7a-f787b6fc0023/Lint and Test             ]   \ud83d\udc33  docker run image=crawlergpt:latest platform= entrypoint=[\"tail\" \"-f\" \"/dev/null\"] cmd=[]\n[057971a2-d08d-42d9-8e7a-f787b6fc0023/Build Sphinx Documentation]   \ud83d\udc33  docker run image=crawlergpt:latest platform= entrypoint=[\"tail\" \"-f\" \"/dev/null\"] cmd=[]\n[057971a2-d08d-42d9-8e7a-f787b6fc0023/Build Sphinx Documentation]   \ud83d\udc33  docker exec cmd=[chown -R 1012:1013 /tmp/558156d8-17ed-11ee-8a50-bb14de238602/unihd-cag-skillbridge] user=0 workdir=\n[057971a2-d08d-42d9-8e7a-f787b6fc0023/Lint and Test             ]   \ud83d\udc33  docker exec cmd=[chown -R 1012:1013 /tmp/558156d8-17ed-11ee-8a50-bb14de238602/unihd-cag-skillbridge] user=0 workdir=\n[057971a2-d08d-42d9-8e7a-f787b6fc0023/Lint and Test             ]   \u2601  git clone 'https://github.com/actions/setup-python' # ref=v1\n[057971a2-d08d-42d9-8e7a-f787b6fc0023/Build Sphinx Documentation]   \u2601  git clone 'https://github.com/actions/setup-python' # ref=v1\n[057971a2-d08d-42d9-8e7a-f787b6fc0023/Lint and Test             ] \ud83e\uddea  Matrix: map[python-version:3.7]\n[057971a2-d08d-42d9-8e7a-f787b6fc0023/Lint and Test             ] \u2b50 Run Main actions/checkout@v1\n[057971a2-d08d-42d9-8e7a-f787b6fc0023/Lint and Test             ]   \u2705  Success - Main actions/checkout@v1\n[057971a2-d08d-42d9-8e7a-f787b6fc0023/Lint and Test             ] \u2b50 Run Main Set up Python 3.7\n[057971a2-d08d-42d9-8e7a-f787b6fc0023/Build Sphinx Documentation] \u2b50 Run Main actions/checkout@v1\n[057971a2-d08d-42d9-8e7a-f787b6fc0023/Build Sphinx Documentation]   \u2705  Success - Main actions/checkout@v1\n[057971a2-d08d-42d9-8e7a-f787b6fc0023/Lint and Test             ]   \ud83d\udc33  docker cp src=/tmp/act-cache/911b0112-4ecd-41c5-98e6-98d481554de7/act/actions-setup-python@v1/ dst=/var/run/act/actions/actions-setup-python@v1/\n[057971a2-d08d-42d9-8e7a-f787b6fc0023/Build Sphinx Documentation] \u2b50 Run Main Set up Python 3.9\n[057971a2-d08d-42d9-8e7a-f787b6fc0023/Lint and Test             ]   \ud83d\udc33  docker exec cmd=[chown -R 1012:1013 /var/run/act/actions/actions-setup-python@v1/] user=0 workdir=\n[057971a2-d08d-42d9-8e7a-f787b6fc0023/Build Sphinx Documentation]   \ud83d\udc33  docker cp src=/tmp/act-cache/911b0112-4ecd-41c5-98e6-98d481554de7/act/actions-setup-python@v1/ dst=/var/run/act/actions/actions-setup-python@v1/\n[057971a2-d08d-42d9-8e7a-f787b6fc0023/Build Sphinx Documentation]   \ud83d\udc33  docker exec cmd=[chown -R 1012:1013 /var/run/act/actions/actions-setup-python@v1/] user=0 workdir=\n[057971a2-d08d-42d9-8e7a-f787b6fc0023/Lint and Test             ]   \ud83d\udc33  docker exec cmd=[node /var/run/act/actions/actions-setup-python@v1/dist/index.js] user= workdir=\n[057971a2-d08d-42d9-8e7a-f787b6fc0023/Build Sphinx Documentation]   \ud83d\udc33  docker exec cmd=[node /var/run/act/actions/actions-setup-python@v1/dist/index.js] user= workdir=\n[057971a2-d08d-42d9-8e7a-f787b6fc0023/Lint and Test             ]   \ud83d\udcac  ::debug::Semantic version spec of 3.7 is 3.7\n[057971a2-d08d-42d9-8e7a-f787b6fc0023/Lint and Test             ]   \ud83d\udcac  ::debug::isExplicit: \n[057971a2-d08d-42d9-8e7a-f787b6fc0023/Lint and Test             ]   \ud83d\udcac  ::debug::explicit? false\n[057971a2-d08d-42d9-8e7a-f787b6fc0023/Lint and Test             ]   \ud83d\udcac  ::debug::isExplicit: 2.7.18\n[057971a2-d08d-42d9-8e7a-f787b6fc0023/Lint and Test             ]   \ud83d\udcac  ::debug::explicit? true\n[057971a2-d08d-42d9-8e7a-f787b6fc0023/Lint and Test             ]   \ud83d\udcac  ::debug::isExplicit: 3.5.10\n[057971a2-d08d-42d9-8e7a-f787b6fc0023/Lint and Test             ]   \ud83d\udcac  ::debug::explicit? true\n[057971a2-d08d-42d9-8e7a-f787b6fc0023/Lint and Test             ]   \ud83d\udcac  ::debug::isExplicit: 3.6.14\n[057971a2-d08d-42d9-8e7a-f787b6fc0023/Lint and Test             ]   \ud83d\udcac  ::debug::explicit? true\n[057971a2-d08d-42d9-8e7a-f787b6fc0023/Lint and Test             ]   \ud83d\udcac  ::debug::isExplicit: 3.7.11\n[057971a2-d08d-42d9-8e7a-f787b6fc0023/Lint and Test             ]   \ud83d\udcac  ::debug::explicit? true\n[057971a2-d08d-42d9-8e7a-f787b6fc0023/Lint and Test             ]   \ud83d\udcac  ::debug::isExplicit: 3.8.11\n[057971a2-d08d-42d9-8e7a-f787b6fc0023/Lint and Test             ]   \ud83d\udcac  ::debug::explicit? true\n[057971a2-d08d-42d9-8e7a-f787b6fc0023/Lint and Test             ]   \ud83d\udcac  ::debug::isExplicit: 3.9.6\n[057971a2-d08d-42d9-8e7a-f787b6fc0023/Lint and Test             ]   \ud83d\udcac  ::debug::explicit? true\n[057971a2-d08d-42d9-8e7a-f787b6fc0023/Lint and Test             ]   \ud83d\udcac  ::debug::evaluating 6 versions\n[057971a2-d08d-42d9-8e7a-f787b6fc0023/Lint and Test             ]   \ud83d\udcac  ::debug::matched: 3.7.11\n[057971a2-d08d-42d9-8e7a-f787b6fc0023/Lint and Test             ]   \ud83d\udcac  ::debug::checking cache: /opt/hostedtoolcache/Python/3.7.11/x64\n[057971a2-d08d-42d9-8e7a-f787b6fc0023/Lint and Test             ]   \ud83d\udcac  ::debug::Found tool in cache Python 3.7.11 x64\n[057971a2-d08d-42d9-8e7a-f787b6fc0023/Lint and Test             ]   | Successfully setup CPython (3.7.11)\n[057971a2-d08d-42d9-8e7a-f787b6fc0023/Lint and Test             ]   \u2753 add-matcher /run/act/actions/actions-setup-python@v1/.github/python.json\n[057971a2-d08d-42d9-8e7a-f787b6fc0023/Lint and Test             ]   \u2705  Success - Main Set up Python 3.7\n[057971a2-d08d-42d9-8e7a-f787b6fc0023/Build Sphinx Documentation]   \ud83d\udcac  ::debug::Semantic version spec of 3.9 is 3.9\n[057971a2-d08d-42d9-8e7a-f787b6fc0023/Build Sphinx Documentation]   \ud83d\udcac  ::debug::isExplicit: \n[057971a2-d08d-42d9-8e7a-f787b6fc0023/Build Sphinx Documentation]   \ud83d\udcac  ::debug::explicit? false\n[057971a2-d08d-42d9-8e7a-f787b6fc0023/Build Sphinx Documentation]   \ud83d\udcac  ::debug::isExplicit: 2.7.18\n[057971a2-d08d-42d9-8e7a-f787b6fc0023/Build Sphinx Documentation]   \ud83d\udcac  ::debug::explicit? true\n[057971a2-d08d-42d9-8e7a-f787b6fc0023/Build Sphinx Documentation]   \ud83d\udcac  ::debug::isExplicit: 3.5.10\n[057971a2-d08d-42d9-8e7a-f787b6fc0023/Build Sphinx Documentation]   \ud83d\udcac  ::debug::explicit? true\n[057971a2-d08d-42d9-8e7a-f787b6fc0023/Build Sphinx Documentation]   \ud83d\udcac  ::debug::isExplicit: 3.6.14\n[057971a2-d08d-42d9-8e7a-f787b6fc0023/Build Sphinx Documentation]   \ud83d\udcac  ::debug::explicit? true\n[057971a2-d08d-42d9-8e7a-f787b6fc0023/Build Sphinx Documentation]   \ud83d\udcac  ::debug::isExplicit: 3.7.11\n[057971a2-d08d-42d9-8e7a-f787b6fc0023/Build Sphinx Documentation]   \ud83d\udcac  ::debug::explicit? true\n[057971a2-d08d-42d9-8e7a-f787b6fc0023/Build Sphinx Documentation]   \ud83d\udcac  ::debug::isExplicit: 3.8.11\n[057971a2-d08d-42d9-8e7a-f787b6fc0023/Build Sphinx Documentation]   \ud83d\udcac  ::debug::explicit? true\n[057971a2-d08d-42d9-8e7a-f787b6fc0023/Build Sphinx Documentation]   \ud83d\udcac  ::debug::isExplicit: 3.9.6\n[057971a2-d08d-42d9-8e7a-f787b6fc0023/Build Sphinx Documentation]   \ud83d\udcac  ::debug::explicit? true\n[057971a2-d08d-42d9-8e7a-f787b6fc0023/Build Sphinx Documentation]   \ud83d\udcac  ::debug::evaluating 6 versions\n[057971a2-d08d-42d9-8e7a-f787b6fc0023/Build Sphinx Documentation]   \ud83d\udcac  ::debug::matched: 3.9.6\n[057971a2-d08d-42d9-8e7a-f787b6fc0023/Build Sphinx Documentation]   \ud83d\udcac  ::debug::checking cache: /opt/hostedtoolcache/Python/3.9.6/x64\n[057971a2-d08d-42d9-8e7a-f787b6fc0023/Build Sphinx Documentation]   \ud83d\udcac  ::debug::Found tool in cache Python 3.9.6 x64\n[057971a2-d08d-42d9-8e7a-f787b6fc0023/Build Sphinx Documentation]   | Successfully setup CPython (3.9.6)\n[057971a2-d08d-42d9-8e7a-f787b6fc0023/Build Sphinx Documentation]   \u2753 add-matcher /run/act/actions/actions-setup-python@v1/.github/python.json\n[057971a2-d08d-42d9-8e7a-f787b6fc0023/Build Sphinx Documentation]   \u2705  Success - Main Set up Python 3.9\n[057971a2-d08d-42d9-8e7a-f787b6fc0023/Build Sphinx Documentation]   \u2699  ::set-env:: pythonLocation=/opt/hostedtoolcache/Python/3.9.6/x64\n[057971a2-d08d-42d9-8e7a-f787b6fc0023/Lint and Test             ]   \u2699  ::set-env:: pythonLocation=/opt/hostedtoolcache/Python/3.7.11/x64\n[057971a2-d08d-42d9-8e7a-f787b6fc0023/Build Sphinx Documentation]   \u2699  ::set-output:: python-version=3.9.6\n[057971a2-d08d-42d9-8e7a-f787b6fc0023/Lint and Test             ]   \u2699  ::set-output:: python-version=3.7.11\n[057971a2-d08d-42d9-8e7a-f787b6fc0023/Lint and Test             ]   \u2699  ::add-path:: /opt/hostedtoolcache/Python/3.7.11/x64\n[057971a2-d08d-42d9-8e7a-f787b6fc0023/Lint and Test             ]   \u2699  ::add-path:: /opt/hostedtoolcache/Python/3.7.11/x64/bin\n[057971a2-d08d-42d9-8e7a-f787b6fc0023/Build Sphinx Documentation]   \u2699  ::add-path:: /opt/hostedtoolcache/Python/3.9.6/x64\n[057971a2-d08d-42d9-8e7a-f787b6fc0023/Build Sphinx Documentation]   \u2699  ::add-path:: /opt/hostedtoolcache/Python/3.9.6/x64/bin\n[057971a2-d08d-42d9-8e7a-f787b6fc0023/Build Sphinx Documentation] \u2b50 Run Main Build\n[057971a2-d08d-42d9-8e7a-f787b6fc0023/Lint and Test             ] \u2b50 Run Main Install Package\n[057971a2-d08d-42d9-8e7a-f787b6fc0023/Build Sphinx Documentation]   \ud83d\udc33  docker exec cmd=[bash --noprofile --norc -e -o pipefail /var/run/act/workflow/2] user= workdir=\n[057971a2-d08d-42d9-8e7a-f787b6fc0023/Lint and Test             ]   \ud83d\udc33  docker exec cmd=[bash --noprofile --norc -e -o pipefail /var/run/act/workflow/2] user= workdir=\n[057971a2-d08d-42d9-8e7a-f787b6fc0023/Lint and Test             ]   | Obtaining file:///tmp/558156d8-17ed-11ee-8a50-bb14de238602/unihd-cag-skillbridge\n[057971a2-d08d-42d9-8e7a-f787b6fc0023/Lint and Test             ]   |   Installing build dependencies: started\n[057971a2-d08d-42d9-8e7a-f787b6fc0023/Build Sphinx Documentation]   | Obtaining file:///tmp/558156d8-17ed-11ee-8a50-bb14de238602/unihd-cag-skillbridge\n[057971a2-d08d-42d9-8e7a-f787b6fc0023/Build Sphinx Documentation]   |   Installing build dependencies: started\n[057971a2-d08d-42d9-8e7a-f787b6fc0023/Lint and Test             ]   |   Installing build dependencies: finished with status 'done'\n[057971a2-d08d-42d9-8e7a-f787b6fc0023/Lint and Test             ]   |   Getting requirements to build wheel: started\n[057971a2-d08d-42d9-8e7a-f787b6fc0023/Lint and Test             ]   |   Getting requirements to build wheel: finished with status 'done'\n[057971a2-d08d-42d9-8e7a-f787b6fc0023/Lint and Test             ]   |     Preparing wheel metadata: started\n[057971a2-d08d-42d9-8e7a-f787b6fc0023/Lint and Test             ]   |     Preparing wheel metadata: finished with status 'done'\n[057971a2-d08d-42d9-8e7a-f787b6fc0023/Lint and Test             ]   | Installing collected packages: skillbridge\n[057971a2-d08d-42d9-8e7a-f787b6fc0023/Lint and Test             ]   |   Running setup.py develop for skillbridge\n[057971a2-d08d-42d9-8e7a-f787b6fc0023/Lint and Test             ]   | Successfully installed skillbridge-1.4.0\n[057971a2-d08d-42d9-8e7a-f787b6fc0023/Lint and Test             ]   | WARNING: You are using pip version 21.2.4; however, version 23.1.2 is available.\n[057971a2-d08d-42d9-8e7a-f787b6fc0023/Lint and Test             ]   | You should consider upgrading via the '/opt/hostedtoolcache/Python/3.7.11/x64/bin/python -m pip install --upgrade pip' command.\n[057971a2-d08d-42d9-8e7a-f787b6fc0023/Build Sphinx Documentation]   |   Installing build dependencies: finished with status 'done'\n[057971a2-d08d-42d9-8e7a-f787b6fc0023/Build Sphinx Documentation]   |   Getting requirements to build wheel: started\n[057971a2-d08d-42d9-8e7a-f787b6fc0023/Lint and Test             ]   \u2705  Success - Main Install Package\n[057971a2-d08d-42d9-8e7a-f787b6fc0023/Lint and Test             ] \u2b50 Run Main Check with black\n[057971a2-d08d-42d9-8e7a-f787b6fc0023/Build Sphinx Documentation]   |   Getting requirements to build wheel: finished with status 'done'\n[057971a2-d08d-42d9-8e7a-f787b6fc0023/Build Sphinx Documentation]   |     Preparing wheel metadata: started\n[057971a2-d08d-42d9-8e7a-f787b6fc0023/Lint and Test             ]   \ud83d\udc33  docker exec cmd=[bash --noprofile --norc -e -o pipefail /var/run/act/workflow/3] user= workdir=\n[057971a2-d08d-42d9-8e7a-f787b6fc0023/Build Sphinx Documentation]   |     Preparing wheel metadata: finished with status 'done'\n[057971a2-d08d-42d9-8e7a-f787b6fc0023/Build Sphinx Documentation]   | Collecting sphinx\n[057971a2-d08d-42d9-8e7a-f787b6fc0023/Build Sphinx Documentation]   |   Downloading sphinx-7.0.1-py3-none-any.whl (3.0 MB)\n[057971a2-d08d-42d9-8e7a-f787b6fc0023/Build Sphinx Documentation]   | Collecting sphinxcontrib-devhelp\n[057971a2-d08d-42d9-8e7a-f787b6fc0023/Build Sphinx Documentation]   |   Downloading sphinxcontrib_devhelp-1.0.2-py2.py3-none-any.whl (84 kB)\n[057971a2-d08d-42d9-8e7a-f787b6fc0023/Build Sphinx Documentation]   | Collecting snowballstemmer>=2.0\n[057971a2-d08d-42d9-8e7a-f787b6fc0023/Build Sphinx Documentation]   |   Downloading snowballstemmer-2.2.0-py2.py3-none-any.whl (93 kB)\n[057971a2-d08d-42d9-8e7a-f787b6fc0023/Build Sphinx Documentation]   | Collecting Jinja2>=3.0\n[057971a2-d08d-42d9-8e7a-f787b6fc0023/Build Sphinx Documentation]   |   Downloading Jinja2-3.1.2-py3-none-any.whl (133 kB)\n[057971a2-d08d-42d9-8e7a-f787b6fc0023/Build Sphinx Documentation]   | Collecting docutils<0.21,>=0.18.1\n[057971a2-d08d-42d9-8e7a-f787b6fc0023/Build Sphinx Documentation]   |   Downloading docutils-0.20.1-py3-none-any.whl (572 kB)\n[057971a2-d08d-42d9-8e7a-f787b6fc0023/Build Sphinx Documentation]   | Collecting sphinxcontrib-serializinghtml>=1.1.5\n[057971a2-d08d-42d9-8e7a-f787b6fc0023/Build Sphinx Documentation]   |   Downloading sphinxcontrib_serializinghtml-1.1.5-py2.py3-none-any.whl (94 kB)\n[057971a2-d08d-42d9-8e7a-f787b6fc0023/Build Sphinx Documentation]   | Collecting sphinxcontrib-applehelp\n[057971a2-d08d-42d9-8e7a-f787b6fc0023/Build Sphinx Documentation]   |   Downloading sphinxcontrib_applehelp-1.0.4-py3-none-any.whl (120 kB)\n[057971a2-d08d-42d9-8e7a-f787b6fc0023/Build Sphinx Documentation]   | Collecting imagesize>=1.3\n[057971a2-d08d-42d9-8e7a-f787b6fc0023/Build Sphinx Documentation]   |   Downloading imagesize-1.4.1-py2.py3-none-any.whl (8.8 kB)\n[057971a2-d08d-42d9-8e7a-f787b6fc0023/Build Sphinx Documentation]   | Collecting sphinxcontrib-jsmath\n[057971a2-d08d-42d9-8e7a-f787b6fc0023/Build Sphinx Documentation]   |   Downloading sphinxcontrib_jsmath-1.0.1-py2.py3-none-any.whl (5.1 kB)\n[057971a2-d08d-42d9-8e7a-f787b6fc0023/Build Sphinx Documentation]   | Collecting importlib-metadata>=4.8\n[057971a2-d08d-42d9-8e7a-f787b6fc0023/Build Sphinx Documentation]   |   Downloading importlib_metadata-6.7.0-py3-none-any.whl (22 kB)\n[057971a2-d08d-42d9-8e7a-f787b6fc0023/Build Sphinx Documentation]   | Collecting sphinxcontrib-htmlhelp>=2.0.0\n[057971a2-d08d-42d9-8e7a-f787b6fc0023/Build Sphinx Documentation]   |   Downloading sphinxcontrib_htmlhelp-2.0.1-py3-none-any.whl (99 kB)\n[057971a2-d08d-42d9-8e7a-f787b6fc0023/Build Sphinx Documentation]   | Collecting Pygments>=2.13\n[057971a2-d08d-42d9-8e7a-f787b6fc0023/Build Sphinx Documentation]   |   Downloading Pygments-2.15.1-py3-none-any.whl (1.1 MB)\n[057971a2-d08d-42d9-8e7a-f787b6fc0023/Build Sphinx Documentation]   | Collecting requests>=2.25.0\n[057971a2-d08d-42d9-8e7a-f787b6fc0023/Build Sphinx Documentation]   |   Downloading requests-2.31.0-py3-none-any.whl (62 kB)\n[057971a2-d08d-42d9-8e7a-f787b6fc0023/Build Sphinx Documentation]   | Collecting packaging>=21.0\n[057971a2-d08d-42d9-8e7a-f787b6fc0023/Build Sphinx Documentation]   |   Downloading packaging-23.1-py3-none-any.whl (48 kB)\n[057971a2-d08d-42d9-8e7a-f787b6fc0023/Build Sphinx Documentation]   | Collecting alabaster<0.8,>=0.7\n[057971a2-d08d-42d9-8e7a-f787b6fc0023/Build Sphinx Documentation]   |   Downloading alabaster-0.7.13-py3-none-any.whl (13 kB)\n[057971a2-d08d-42d9-8e7a-f787b6fc0023/Build Sphinx Documentation]   | Collecting babel>=2.9\n[057971a2-d08d-42d9-8e7a-f787b6fc0023/Build Sphinx Documentation]   |   Downloading Babel-2.12.1-py3-none-any.whl (10.1 MB)\n[057971a2-d08d-42d9-8e7a-f787b6fc0023/Build Sphinx Documentation]   | Collecting sphinxcontrib-qthelp\n[057971a2-d08d-42d9-8e7a-f787b6fc0023/Build Sphinx Documentation]   |   Downloading sphinxcontrib_qthelp-1.0.3-py2.py3-none-any.whl (90 kB)\n[057971a2-d08d-42d9-8e7a-f787b6fc0023/Build Sphinx Documentation]   | Collecting zipp>=0.5\n[057971a2-d08d-42d9-8e7a-f787b6fc0023/Build Sphinx Documentation]   |   Downloading zipp-3.15.0-py3-none-any.whl (6.8 kB)\n[057971a2-d08d-42d9-8e7a-f787b6fc0023/Build Sphinx Documentation]   | Collecting MarkupSafe>=2.0\n[057971a2-d08d-42d9-8e7a-f787b6fc0023/Build Sphinx Documentation]   |   Downloading MarkupSafe-2.1.3-cp39-cp39-manylinux_2_17_x86_64.manylinux2014_x86_64.whl (25 kB)\n[057971a2-d08d-42d9-8e7a-f787b6fc0023/Build Sphinx Documentation]   | Collecting urllib3<3,>=1.21.1\n[057971a2-d08d-42d9-8e7a-f787b6fc0023/Build Sphinx Documentation]   |   Downloading urllib3-2.0.3-py3-none-any.whl (123 kB)\n[057971a2-d08d-42d9-8e7a-f787b6fc0023/Build Sphinx Documentation]   | Collecting certifi>=2017.4.17\n[057971a2-d08d-42d9-8e7a-f787b6fc0023/Build Sphinx Documentation]   |   Downloading certifi-2023.5.7-py3-none-any.whl (156 kB)\n[057971a2-d08d-42d9-8e7a-f787b6fc0023/Build Sphinx Documentation]   | Collecting idna<4,>=2.5\n[057971a2-d08d-42d9-8e7a-f787b6fc0023/Build Sphinx Documentation]   |   Downloading idna-3.4-py3-none-any.whl (61 kB)\n[057971a2-d08d-42d9-8e7a-f787b6fc0023/Build Sphinx Documentation]   | Collecting charset-normalizer<4,>=2\n[057971a2-d08d-42d9-8e7a-f787b6fc0023/Build Sphinx Documentation]   |   Downloading charset_normalizer-3.1.0-cp39-cp39-manylinux_2_17_x86_64.manylinux2014_x86_64.whl (199 kB)\n[057971a2-d08d-42d9-8e7a-f787b6fc0023/Build Sphinx Documentation]   | Installing collected packages: zipp, urllib3, MarkupSafe, idna, charset-normalizer, certifi, sphinxcontrib-serializinghtml, sphinxcontrib-qthelp, sphinxcontrib-jsmath, sphinxcontrib-htmlhelp, sphinxcontrib-devhelp, sphinxcontrib-applehelp, snowballstemmer, requests, Pygments, packaging, Jinja2, importlib-metadata, imagesize, docutils, babel, alabaster, sphinx, skillbridge\n[057971a2-d08d-42d9-8e7a-f787b6fc0023/Build Sphinx Documentation]   |   Running setup.py develop for skillbridge\n[057971a2-d08d-42d9-8e7a-f787b6fc0023/Build Sphinx Documentation]   | Successfully installed Jinja2-3.1.2 MarkupSafe-2.1.3 Pygments-2.15.1 alabaster-0.7.13 babel-2.12.1 certifi-2023.5.7 charset-normalizer-3.1.0 docutils-0.20.1 idna-3.4 imagesize-1.4.1 importlib-metadata-6.7.0 packaging-23.1 requests-2.31.0 skillbridge-1.4.0 snowballstemmer-2.2.0 sphinx-7.0.1 sphinxcontrib-applehelp-1.0.4 sphinxcontrib-devhelp-1.0.2 sphinxcontrib-htmlhelp-2.0.1 sphinxcontrib-jsmath-1.0.1 sphinxcontrib-qthelp-1.0.3 sphinxcontrib-serializinghtml-1.1.5 urllib3-2.0.3 zipp-3.15.0\n[057971a2-d08d-42d9-8e7a-f787b6fc0023/Build Sphinx Documentation]   | WARNING: You are using pip version 21.2.4; however, version 23.1.2 is available.\n[057971a2-d08d-42d9-8e7a-f787b6fc0023/Build Sphinx Documentation]   | You should consider upgrading via the '/opt/hostedtoolcache/Python/3.9.6/x64/bin/python -m pip install --upgrade pip' command.\n[057971a2-d08d-42d9-8e7a-f787b6fc0023/Build Sphinx Documentation]   | Traceback (most recent call last):\n[057971a2-d08d-42d9-8e7a-f787b6fc0023/Build Sphinx Documentation]   |   File \"/opt/hostedtoolcache/Python/3.9.6/x64/bin/sphinx-build\", line 5, in <module>\n[057971a2-d08d-42d9-8e7a-f787b6fc0023/Build Sphinx Documentation]   |     from sphinx.cmd.build import main\n[057971a2-d08d-42d9-8e7a-f787b6fc0023/Build Sphinx Documentation]   |   File \"/opt/hostedtoolcache/Python/3.9.6/x64/lib/python3.9/site-packages/sphinx/cmd/build.py\", line 20, in <module>\n[057971a2-d08d-42d9-8e7a-f787b6fc0023/Build Sphinx Documentation]   |     from sphinx.application import Sphinx\n[057971a2-d08d-42d9-8e7a-f787b6fc0023/Build Sphinx Documentation]   |   File \"/opt/hostedtoolcache/Python/3.9.6/x64/lib/python3.9/site-packages/sphinx/application.py\", line 25, in <module>\n[057971a2-d08d-42d9-8e7a-f787b6fc0023/Build Sphinx Documentation]   |     from sphinx.config import Config\n[057971a2-d08d-42d9-8e7a-f787b6fc0023/Build Sphinx Documentation]   |   File \"/opt/hostedtoolcache/Python/3.9.6/x64/lib/python3.9/site-packages/sphinx/config.py\", line 14, in <module>\n[057971a2-d08d-42d9-8e7a-f787b6fc0023/Build Sphinx Documentation]   |     from sphinx.util.i18n import format_date\n[057971a2-d08d-42d9-8e7a-f787b6fc0023/Build Sphinx Documentation]   |   File \"/opt/hostedtoolcache/Python/3.9.6/x64/lib/python3.9/site-packages/sphinx/util/i18n.py\", line 11, in <module>\n[057971a2-d08d-42d9-8e7a-f787b6fc0023/Build Sphinx Documentation]   |     import babel.dates\n[057971a2-d08d-42d9-8e7a-f787b6fc0023/Build Sphinx Documentation]   |   File \"/opt/hostedtoolcache/Python/3.9.6/x64/lib/python3.9/site-packages/babel/dates.py\", line 34, in <module>\n[057971a2-d08d-42d9-8e7a-f787b6fc0023/Build Sphinx Documentation]   |     from babel import localtime\n[057971a2-d08d-42d9-8e7a-f787b6fc0023/Build Sphinx Documentation]   |   File \"/opt/hostedtoolcache/Python/3.9.6/x64/lib/python3.9/site-packages/babel/localtime/__init__.py\", line 41, in <module>\n[057971a2-d08d-42d9-8e7a-f787b6fc0023/Build Sphinx Documentation]   |     LOCALTZ = get_localzone()\n[057971a2-d08d-42d9-8e7a-f787b6fc0023/Build Sphinx Documentation]   |   File \"/opt/hostedtoolcache/Python/3.9.6/x64/lib/python3.9/site-packages/babel/localtime/__init__.py\", line 37, in get_localzone\n[057971a2-d08d-42d9-8e7a-f787b6fc0023/Build Sphinx Documentation]   |     return _get_localzone()\n[057971a2-d08d-42d9-8e7a-f787b6fc0023/Build Sphinx Documentation]   |   File \"/opt/hostedtoolcache/Python/3.9.6/x64/lib/python3.9/site-packages/babel/localtime/_unix.py\", line 49, in _get_localzone\n[057971a2-d08d-42d9-8e7a-f787b6fc0023/Build Sphinx Documentation]   |     tzinfo = _get_tzinfo(zone_name)\n[057971a2-d08d-42d9-8e7a-f787b6fc0023/Build Sphinx Documentation]   |   File \"/opt/hostedtoolcache/Python/3.9.6/x64/lib/python3.9/site-packages/babel/localtime/_helpers.py\", line 21, in _get_tzinfo\n[057971a2-d08d-42d9-8e7a-f787b6fc0023/Build Sphinx Documentation]   |     return zoneinfo.ZoneInfo(tzenv)\n[057971a2-d08d-42d9-8e7a-f787b6fc0023/Build Sphinx Documentation]   |   File \"/opt/hostedtoolcache/Python/3.9.6/x64/lib/python3.9/zoneinfo/_tzpath.py\", line 67, in find_tzfile\n[057971a2-d08d-42d9-8e7a-f787b6fc0023/Build Sphinx Documentation]   |     _validate_tzfile_path(key)\n[057971a2-d08d-42d9-8e7a-f787b6fc0023/Build Sphinx Documentation]   |   File \"/opt/hostedtoolcache/Python/3.9.6/x64/lib/python3.9/zoneinfo/_tzpath.py\", line 81, in _validate_tzfile_path\n[057971a2-d08d-42d9-8e7a-f787b6fc0023/Build Sphinx Documentation]   |     raise ValueError(\n[057971a2-d08d-42d9-8e7a-f787b6fc0023/Build Sphinx Documentation]   | ValueError: ZoneInfo keys may not be absolute paths, got: /UTC\n[057971a2-d08d-42d9-8e7a-f787b6fc0023/Build Sphinx Documentation]   | make: *** [Makefile:20: clean] Error 1\n[057971a2-d08d-42d9-8e7a-f787b6fc0023/Build Sphinx Documentation]   \u274c  Failure - Main Build\n[057971a2-d08d-42d9-8e7a-f787b6fc0023/Build Sphinx Documentation] exitcode '2': failure\n[057971a2-d08d-42d9-8e7a-f787b6fc0023/Lint and Test             ]   | Collecting black\n[057971a2-d08d-42d9-8e7a-f787b6fc0023/Lint and Test             ]   |   Downloading black-23.3.0-cp37-cp37m-manylinux_2_17_x86_64.manylinux2014_x86_64.whl (1.6 MB)\n[057971a2-d08d-42d9-8e7a-f787b6fc0023/Lint and Test             ]   | Collecting mypy-extensions>=0.4.3\n[057971a2-d08d-42d9-8e7a-f787b6fc0023/Lint and Test             ]   |   Downloading mypy_extensions-1.0.0-py3-none-any.whl (4.7 kB)\n[057971a2-d08d-42d9-8e7a-f787b6fc0023/Lint and Test             ]   | Collecting tomli>=1.1.0\n[057971a2-d08d-42d9-8e7a-f787b6fc0023/Lint and Test             ]   |   Downloading tomli-2.0.1-py3-none-any.whl (12 kB)\n[057971a2-d08d-42d9-8e7a-f787b6fc0023/Lint and Test             ]   | Collecting platformdirs>=2\n[057971a2-d08d-42d9-8e7a-f787b6fc0023/Lint and Test             ]   |   Downloading platformdirs-3.8.0-py3-none-any.whl (16 kB)\n[057971a2-d08d-42d9-8e7a-f787b6fc0023/Lint and Test             ]   | Collecting typed-ast>=1.4.2\n[057971a2-d08d-42d9-8e7a-f787b6fc0023/Lint and Test             ]   |   Downloading typed_ast-1.5.4-cp37-cp37m-manylinux_2_5_x86_64.manylinux1_x86_64.manylinux_2_12_x86_64.manylinux2010_x86_64.whl (843 kB)\n[057971a2-d08d-42d9-8e7a-f787b6fc0023/Lint and Test             ]   | Collecting click>=8.0.0\n[057971a2-d08d-42d9-8e7a-f787b6fc0023/Lint and Test             ]   |   Downloading click-8.1.3-py3-none-any.whl (96 kB)\n[057971a2-d08d-42d9-8e7a-f787b6fc0023/Lint and Test             ]   | Collecting pathspec>=0.9.0\n[057971a2-d08d-42d9-8e7a-f787b6fc0023/Lint and Test             ]   |   Downloading pathspec-0.11.1-py3-none-any.whl (29 kB)\n[057971a2-d08d-42d9-8e7a-f787b6fc0023/Lint and Test             ]   | Collecting packaging>=22.0\n[057971a2-d08d-42d9-8e7a-f787b6fc0023/Lint and Test             ]   |   Downloading packaging-23.1-py3-none-any.whl (48 kB)\n[057971a2-d08d-42d9-8e7a-f787b6fc0023/Lint and Test             ]   | Collecting typing-extensions>=3.10.0.0\n[057971a2-d08d-42d9-8e7a-f787b6fc0023/Lint and Test             ]   |   Downloading typing_extensions-4.7.0-py3-none-any.whl (33 kB)\n[057971a2-d08d-42d9-8e7a-f787b6fc0023/Lint and Test             ]   | Collecting importlib-metadata\n[057971a2-d08d-42d9-8e7a-f787b6fc0023/Lint and Test             ]   |   Downloading importlib_metadata-6.7.0-py3-none-any.whl (22 kB)\n[057971a2-d08d-42d9-8e7a-f787b6fc0023/Lint and Test             ]   | Collecting zipp>=0.5\n[057971a2-d08d-42d9-8e7a-f787b6fc0023/Lint and Test             ]   |   Downloading zipp-3.15.0-py3-none-any.whl (6.8 kB)\n[057971a2-d08d-42d9-8e7a-f787b6fc0023/Lint and Test             ]   | Installing collected packages: zipp, typing-extensions, importlib-metadata, typed-ast, tomli, platformdirs, pathspec, packaging, mypy-extensions, click, black\n[057971a2-d08d-42d9-8e7a-f787b6fc0023/Lint and Test             ]   | Successfully installed black-23.3.0 click-8.1.3 importlib-metadata-6.7.0 mypy-extensions-1.0.0 packaging-23.1 pathspec-0.11.1 platformdirs-3.8.0 tomli-2.0.1 typed-ast-1.5.4 typing-extensions-4.7.0 zipp-3.15.0\n[057971a2-d08d-42d9-8e7a-f787b6fc0023/Lint and Test             ]   | WARNING: You are using pip version 21.2.4; however, version 23.1.2 is available.\n[057971a2-d08d-42d9-8e7a-f787b6fc0023/Lint and Test             ]   | You should consider upgrading via the '/opt/hostedtoolcache/Python/3.7.11/x64/bin/python -m pip install --upgrade pip' command.\n[057971a2-d08d-42d9-8e7a-f787b6fc0023/Lint and Test             ]   | All done! \u2728 \ud83c\udf70 \u2728\n[057971a2-d08d-42d9-8e7a-f787b6fc0023/Lint and Test             ]   | 31 files would be left unchanged.\n[057971a2-d08d-42d9-8e7a-f787b6fc0023/Lint and Test             ]   \u2705  Success - Main Check with black\n[057971a2-d08d-42d9-8e7a-f787b6fc0023/Lint and Test             ] \u2b50 Run Main Check imports\n[057971a2-d08d-42d9-8e7a-f787b6fc0023/Lint and Test             ]   \ud83d\udc33  docker exec cmd=[bash --noprofile --norc -e -o pipefail /var/run/act/workflow/4] user= workdir=\n[057971a2-d08d-42d9-8e7a-f787b6fc0023/Build Sphinx Documentation] \ud83c\udfc1  Job failed\n[057971a2-d08d-42d9-8e7a-f787b6fc0023/Lint and Test             ]   | Collecting isort\n[057971a2-d08d-42d9-8e7a-f787b6fc0023/Lint and Test             ]   |   Downloading isort-5.11.5-py3-none-any.whl (104 kB)\n[057971a2-d08d-42d9-8e7a-f787b6fc0023/Lint and Test             ]   | Installing collected packages: isort\n[057971a2-d08d-42d9-8e7a-f787b6fc0023/Lint and Test             ]   | Successfully installed isort-5.11.5\n[057971a2-d08d-42d9-8e7a-f787b6fc0023/Lint and Test             ]   | WARNING: You are using pip version 21.2.4; however, version 23.1.2 is available.\n[057971a2-d08d-42d9-8e7a-f787b6fc0023/Lint and Test             ]   | You should consider upgrading via the '/opt/hostedtoolcache/Python/3.7.11/x64/bin/python -m pip install --upgrade pip' command.\n[057971a2-d08d-42d9-8e7a-f787b6fc0023/Lint and Test             ]   \u2705  Success - Main Check imports\n[057971a2-d08d-42d9-8e7a-f787b6fc0023/Lint and Test             ] \u2b50 Run Main Lint with flake8\n[057971a2-d08d-42d9-8e7a-f787b6fc0023/Lint and Test             ]   \ud83d\udc33  docker exec cmd=[bash --noprofile --norc -e -o pipefail /var/run/act/workflow/5] user= workdir=\n[057971a2-d08d-42d9-8e7a-f787b6fc0023/Lint and Test             ]   | Collecting flake8\n[057971a2-d08d-42d9-8e7a-f787b6fc0023/Lint and Test             ]   |   Downloading flake8-5.0.4-py2.py3-none-any.whl (61 kB)\n[057971a2-d08d-42d9-8e7a-f787b6fc0023/Lint and Test             ]   | Collecting pyflakes<2.6.0,>=2.5.0\n[057971a2-d08d-42d9-8e7a-f787b6fc0023/Lint and Test             ]   |   Downloading pyflakes-2.5.0-py2.py3-none-any.whl (66 kB)\n[057971a2-d08d-42d9-8e7a-f787b6fc0023/Lint and Test             ]   | Collecting importlib-metadata<4.3,>=1.1.0\n[057971a2-d08d-42d9-8e7a-f787b6fc0023/Lint and Test             ]   |   Downloading importlib_metadata-4.2.0-py3-none-any.whl (16 kB)\n[057971a2-d08d-42d9-8e7a-f787b6fc0023/Lint and Test             ]   | Collecting mccabe<0.8.0,>=0.7.0\n[057971a2-d08d-42d9-8e7a-f787b6fc0023/Lint and Test             ]   |   Downloading mccabe-0.7.0-py2.py3-none-any.whl (7.3 kB)\n[057971a2-d08d-42d9-8e7a-f787b6fc0023/Lint and Test             ]   | Collecting pycodestyle<2.10.0,>=2.9.0\n[057971a2-d08d-42d9-8e7a-f787b6fc0023/Lint and Test             ]   |   Downloading pycodestyle-2.9.1-py2.py3-none-any.whl (41 kB)\n[057971a2-d08d-42d9-8e7a-f787b6fc0023/Lint and Test             ]   | Requirement already satisfied: zipp>=0.5 in /opt/hostedtoolcache/Python/3.7.11/x64/lib/python3.7/site-packages (from importlib-metadata<4.3,>=1.1.0->flake8) (3.15.0)\n[057971a2-d08d-42d9-8e7a-f787b6fc0023/Lint and Test             ]   | Requirement already satisfied: typing-extensions>=3.6.4 in /opt/hostedtoolcache/Python/3.7.11/x64/lib/python3.7/site-packages (from importlib-metadata<4.3,>=1.1.0->flake8) (4.7.0)\n[057971a2-d08d-42d9-8e7a-f787b6fc0023/Lint and Test             ]   | Installing collected packages: pyflakes, pycodestyle, mccabe, importlib-metadata, flake8\n[057971a2-d08d-42d9-8e7a-f787b6fc0023/Lint and Test             ]   |   Attempting uninstall: importlib-metadata\n[057971a2-d08d-42d9-8e7a-f787b6fc0023/Lint and Test             ]   |     Found existing installation: importlib-metadata 6.7.0\n[057971a2-d08d-42d9-8e7a-f787b6fc0023/Lint and Test             ]   |     Uninstalling importlib-metadata-6.7.0:\n[057971a2-d08d-42d9-8e7a-f787b6fc0023/Lint and Test             ]   |       Successfully uninstalled importlib-metadata-6.7.0\n[057971a2-d08d-42d9-8e7a-f787b6fc0023/Lint and Test             ]   | Successfully installed flake8-5.0.4 importlib-metadata-4.2.0 mccabe-0.7.0 pycodestyle-2.9.1 pyflakes-2.5.0\n[057971a2-d08d-42d9-8e7a-f787b6fc0023/Lint and Test             ]   | WARNING: You are using pip version 21.2.4; however, version 23.1.2 is available.\n[057971a2-d08d-42d9-8e7a-f787b6fc0023/Lint and Test             ]   | You should consider upgrading via the '/opt/hostedtoolcache/Python/3.7.11/x64/bin/python -m pip install --upgrade pip' command.\n[057971a2-d08d-42d9-8e7a-f787b6fc0023/Lint and Test             ]   \u2705  Success - Main Lint with flake8\n[057971a2-d08d-42d9-8e7a-f787b6fc0023/Lint and Test             ] \u2b50 Run Main Check with mypy\n[057971a2-d08d-42d9-8e7a-f787b6fc0023/Lint and Test             ]   \ud83d\udc33  docker exec cmd=[bash --noprofile --norc -e -o pipefail /var/run/act/workflow/6] user= workdir=\n[057971a2-d08d-42d9-8e7a-f787b6fc0023/Lint and Test             ]   | Collecting mypy\n[057971a2-d08d-42d9-8e7a-f787b6fc0023/Lint and Test             ]   |   Downloading mypy-1.4.1-cp37-cp37m-manylinux_2_17_x86_64.manylinux2014_x86_64.whl (11.6 MB)\n[057971a2-d08d-42d9-8e7a-f787b6fc0023/Lint and Test             ]   | Collecting types-dataclasses\n[057971a2-d08d-42d9-8e7a-f787b6fc0023/Lint and Test             ]   |   Downloading types_dataclasses-0.6.6-py3-none-any.whl (2.9 kB)\n[057971a2-d08d-42d9-8e7a-f787b6fc0023/Lint and Test             ]   | Requirement already satisfied: tomli>=1.1.0 in /opt/hostedtoolcache/Python/3.7.11/x64/lib/python3.7/site-packages (from mypy) (2.0.1)\n[057971a2-d08d-42d9-8e7a-f787b6fc0023/Lint and Test             ]   | Requirement already satisfied: mypy-extensions>=1.0.0 in /opt/hostedtoolcache/Python/3.7.11/x64/lib/python3.7/site-packages (from mypy) (1.0.0)\n[057971a2-d08d-42d9-8e7a-f787b6fc0023/Lint and Test             ]   | Requirement already satisfied: typing-extensions>=4.1.0 in /opt/hostedtoolcache/Python/3.7.11/x64/lib/python3.7/site-packages (from mypy) (4.7.0)\n[057971a2-d08d-42d9-8e7a-f787b6fc0023/Lint and Test             ]   | Requirement already satisfied: typed-ast<2,>=1.4.0 in /opt/hostedtoolcache/Python/3.7.11/x64/lib/python3.7/site-packages (from mypy) (1.5.4)\n[057971a2-d08d-42d9-8e7a-f787b6fc0023/Lint and Test             ]   | Installing collected packages: types-dataclasses, mypy\n[057971a2-d08d-42d9-8e7a-f787b6fc0023/Lint and Test             ]   | Successfully installed mypy-1.4.1 types-dataclasses-0.6.6\n[057971a2-d08d-42d9-8e7a-f787b6fc0023/Lint and Test             ]   | WARNING: You are using pip version 21.2.4; however, version 23.1.2 is available.\n[057971a2-d08d-42d9-8e7a-f787b6fc0023/Lint and Test             ]   | You should consider upgrading via the '/opt/hostedtoolcache/Python/3.7.11/x64/bin/python -m pip install --upgrade pip' command.\n[057971a2-d08d-42d9-8e7a-f787b6fc0023/Lint and Test             ]   | Success: no issues found in 19 source files\n[057971a2-d08d-42d9-8e7a-f787b6fc0023/Lint and Test             ]   \u2705  Success - Main Check with mypy\n[057971a2-d08d-42d9-8e7a-f787b6fc0023/Lint and Test             ] \u2b50 Run Main Test with pytest\n[057971a2-d08d-42d9-8e7a-f787b6fc0023/Lint and Test             ]   \ud83d\udc33  docker exec cmd=[bash --noprofile --norc -e -o pipefail /var/run/act/workflow/7] user= workdir=\n[057971a2-d08d-42d9-8e7a-f787b6fc0023/Lint and Test             ]   | Obtaining file:///tmp/558156d8-17ed-11ee-8a50-bb14de238602/unihd-cag-skillbridge\n[057971a2-d08d-42d9-8e7a-f787b6fc0023/Lint and Test             ]   |   Installing build dependencies: started\n[057971a2-d08d-42d9-8e7a-f787b6fc0023/Lint and Test             ]   |   Installing build dependencies: finished with status 'done'\n[057971a2-d08d-42d9-8e7a-f787b6fc0023/Lint and Test             ]   |   Getting requirements to build wheel: started\n[057971a2-d08d-42d9-8e7a-f787b6fc0023/Lint and Test             ]   |   Getting requirements to build wheel: finished with status 'done'\n[057971a2-d08d-42d9-8e7a-f787b6fc0023/Lint and Test             ]   |     Preparing wheel metadata: started\n[057971a2-d08d-42d9-8e7a-f787b6fc0023/Lint and Test             ]   |     Preparing wheel metadata: finished with status 'done'\n[057971a2-d08d-42d9-8e7a-f787b6fc0023/Lint and Test             ]   | Collecting hypothesis\n[057971a2-d08d-42d9-8e7a-f787b6fc0023/Lint and Test             ]   |   Downloading hypothesis-6.79.4-py3-none-any.whl (417 kB)\n[057971a2-d08d-42d9-8e7a-f787b6fc0023/Lint and Test             ]   | Collecting pytest-cov\n[057971a2-d08d-42d9-8e7a-f787b6fc0023/Lint and Test             ]   |   Downloading pytest_cov-4.1.0-py3-none-any.whl (21 kB)\n[057971a2-d08d-42d9-8e7a-f787b6fc0023/Lint and Test             ]   | Requirement already satisfied: mypy in /opt/hostedtoolcache/Python/3.7.11/x64/lib/python3.7/site-packages (from skillbridge==1.4.0) (1.4.1)\n[057971a2-d08d-42d9-8e7a-f787b6fc0023/Lint and Test             ]   | Collecting pytest\n[057971a2-d08d-42d9-8e7a-f787b6fc0023/Lint and Test             ]   |   Downloading pytest-7.4.0-py3-none-any.whl (323 kB)\n[057971a2-d08d-42d9-8e7a-f787b6fc0023/Lint and Test             ]   | Requirement already satisfied: flake8 in /opt/hostedtoolcache/Python/3.7.11/x64/lib/python3.7/site-packages (from skillbridge==1.4.0) (5.0.4)\n[057971a2-d08d-42d9-8e7a-f787b6fc0023/Lint and Test             ]   | Requirement already satisfied: mccabe<0.8.0,>=0.7.0 in /opt/hostedtoolcache/Python/3.7.11/x64/lib/python3.7/site-packages (from flake8->skillbridge==1.4.0) (0.7.0)\n[057971a2-d08d-42d9-8e7a-f787b6fc0023/Lint and Test             ]   | Requirement already satisfied: importlib-metadata<4.3,>=1.1.0 in /opt/hostedtoolcache/Python/3.7.11/x64/lib/python3.7/site-packages (from flake8->skillbridge==1.4.0) (4.2.0)\n[057971a2-d08d-42d9-8e7a-f787b6fc0023/Lint and Test             ]   | Requirement already satisfied: pycodestyle<2.10.0,>=2.9.0 in /opt/hostedtoolcache/Python/3.7.11/x64/lib/python3.7/site-packages (from flake8->skillbridge==1.4.0) (2.9.1)\n[057971a2-d08d-42d9-8e7a-f787b6fc0023/Lint and Test             ]   | Requirement already satisfied: pyflakes<2.6.0,>=2.5.0 in /opt/hostedtoolcache/Python/3.7.11/x64/lib/python3.7/site-packages (from flake8->skillbridge==1.4.0) (2.5.0)\n[057971a2-d08d-42d9-8e7a-f787b6fc0023/Lint and Test             ]   | Requirement already satisfied: typing-extensions>=3.6.4 in /opt/hostedtoolcache/Python/3.7.11/x64/lib/python3.7/site-packages (from importlib-metadata<4.3,>=1.1.0->flake8->skillbridge==1.4.0) (4.7.0)\n[057971a2-d08d-42d9-8e7a-f787b6fc0023/Lint and Test             ]   | Requirement already satisfied: zipp>=0.5 in /opt/hostedtoolcache/Python/3.7.11/x64/lib/python3.7/site-packages (from importlib-metadata<4.3,>=1.1.0->flake8->skillbridge==1.4.0) (3.15.0)\n[057971a2-d08d-42d9-8e7a-f787b6fc0023/Lint and Test             ]   | Collecting sortedcontainers<3.0.0,>=2.1.0\n[057971a2-d08d-42d9-8e7a-f787b6fc0023/Lint and Test             ]   |   Downloading sortedcontainers-2.4.0-py2.py3-none-any.whl (29 kB)\n[057971a2-d08d-42d9-8e7a-f787b6fc0023/Lint and Test             ]   | Collecting exceptiongroup>=1.0.0\n[057971a2-d08d-42d9-8e7a-f787b6fc0023/Lint and Test             ]   |   Downloading exceptiongroup-1.1.1-py3-none-any.whl (14 kB)\n[057971a2-d08d-42d9-8e7a-f787b6fc0023/Lint and Test             ]   | Collecting attrs>=19.2.0\n[057971a2-d08d-42d9-8e7a-f787b6fc0023/Lint and Test             ]   |   Downloading attrs-23.1.0-py3-none-any.whl (61 kB)\n[057971a2-d08d-42d9-8e7a-f787b6fc0023/Lint and Test             ]   | Requirement already satisfied: typed-ast<2,>=1.4.0 in /opt/hostedtoolcache/Python/3.7.11/x64/lib/python3.7/site-packages (from mypy->skillbridge==1.4.0) (1.5.4)\n[057971a2-d08d-42d9-8e7a-f787b6fc0023/Lint and Test             ]   | Requirement already satisfied: mypy-extensions>=1.0.0 in /opt/hostedtoolcache/Python/3.7.11/x64/lib/python3.7/site-packages (from mypy->skillbridge==1.4.0) (1.0.0)\n[057971a2-d08d-42d9-8e7a-f787b6fc0023/Lint and Test             ]   | Requirement already satisfied: tomli>=1.1.0 in /opt/hostedtoolcache/Python/3.7.11/x64/lib/python3.7/site-packages (from mypy->skillbridge==1.4.0) (2.0.1)\n[057971a2-d08d-42d9-8e7a-f787b6fc0023/Lint and Test             ]   | Collecting iniconfig\n[057971a2-d08d-42d9-8e7a-f787b6fc0023/Lint and Test             ]   |   Downloading iniconfig-2.0.0-py3-none-any.whl (5.9 kB)\n[057971a2-d08d-42d9-8e7a-f787b6fc0023/Lint and Test             ]   | Collecting pluggy<2.0,>=0.12\n[057971a2-d08d-42d9-8e7a-f787b6fc0023/Lint and Test             ]   |   Downloading pluggy-1.2.0-py3-none-any.whl (17 kB)\n[057971a2-d08d-42d9-8e7a-f787b6fc0023/Lint and Test             ]   | Requirement already satisfied: packaging in /opt/hostedtoolcache/Python/3.7.11/x64/lib/python3.7/site-packages (from pytest->skillbridge==1.4.0) (23.1)\n[057971a2-d08d-42d9-8e7a-f787b6fc0023/Lint and Test             ]   | Collecting coverage[toml]>=5.2.1\n[057971a2-d08d-42d9-8e7a-f787b6fc0023/Lint and Test             ]   |   Downloading coverage-7.2.7-cp37-cp37m-manylinux_2_5_x86_64.manylinux1_x86_64.manylinux_2_17_x86_64.manylinux2014_x86_64.whl (225 kB)\n[057971a2-d08d-42d9-8e7a-f787b6fc0023/Lint and Test             ]   | Installing collected packages: pluggy, iniconfig, exceptiongroup, coverage, sortedcontainers, pytest, attrs, skillbridge, pytest-cov, hypothesis\n[057971a2-d08d-42d9-8e7a-f787b6fc0023/Lint and Test             ]   |   Attempting uninstall: skillbridge\n[057971a2-d08d-42d9-8e7a-f787b6fc0023/Lint and Test             ]   |     Found existing installation: skillbridge 1.4.0\n[057971a2-d08d-42d9-8e7a-f787b6fc0023/Lint and Test             ]   |     Uninstalling skillbridge-1.4.0:\n[057971a2-d08d-42d9-8e7a-f787b6fc0023/Lint and Test             ]   |       Successfully uninstalled skillbridge-1.4.0\n[057971a2-d08d-42d9-8e7a-f787b6fc0023/Lint and Test             ]   |   Running setup.py develop for skillbridge\n[057971a2-d08d-42d9-8e7a-f787b6fc0023/Lint and Test             ]   | Successfully installed attrs-23.1.0 coverage-7.2.7 exceptiongroup-1.1.1 hypothesis-6.79.4 iniconfig-2.0.0 pluggy-1.2.0 pytest-7.4.0 pytest-cov-4.1.0 skillbridge-1.4.0 sortedcontainers-2.4.0\n[057971a2-d08d-42d9-8e7a-f787b6fc0023/Lint and Test             ]   | WARNING: You are using pip version 21.2.4; however, version 23.1.2 is available.\n[057971a2-d08d-42d9-8e7a-f787b6fc0023/Lint and Test             ]   | You should consider upgrading via the '/opt/hostedtoolcache/Python/3.7.11/x64/bin/python -m pip install --upgrade pip' command.\n[057971a2-d08d-42d9-8e7a-f787b6fc0023/Lint and Test             ]   | ============================= test session starts ==============================\n[057971a2-d08d-42d9-8e7a-f787b6fc0023/Lint and Test             ]   | platform linux -- Python 3.7.11, pytest-7.4.0, pluggy-1.2.0\n[057971a2-d08d-42d9-8e7a-f787b6fc0023/Lint and Test             ]   | rootdir: /tmp/558156d8-17ed-11ee-8a50-bb14de238602/unihd-cag-skillbridge\n[057971a2-d08d-42d9-8e7a-f787b6fc0023/Lint and Test             ]   | configfile: setup.cfg\n[057971a2-d08d-42d9-8e7a-f787b6fc0023/Lint and Test             ]   | plugins: cov-4.1.0, hypothesis-6.79.4\n[057971a2-d08d-42d9-8e7a-f787b6fc0023/Lint and Test             ]   | collected 117 items\n[057971a2-d08d-42d9-8e7a-f787b6fc0023/Lint and Test             ]   | \n[057971a2-d08d-42d9-8e7a-f787b6fc0023/Lint and Test             ]   | tests/test_channel.py ......................................             [ 32%]\n[057971a2-d08d-42d9-8e7a-f787b6fc0023/Lint and Test             ]   | tests/test_integration.py ssssssssssssssss                               [ 46%]\n[057971a2-d08d-42d9-8e7a-f787b6fc0023/Lint and Test             ]   | tests/test_misc.py ...............                                       [ 58%]\n[057971a2-d08d-42d9-8e7a-f787b6fc0023/Lint and Test             ]   | tests/test_server.py ..                                                  [ 60%]\n[057971a2-d08d-42d9-8e7a-f787b6fc0023/Lint and Test             ]   | tests/test_test_channel.py .......                                       [ 66%]\n[057971a2-d08d-42d9-8e7a-f787b6fc0023/Lint and Test             ]   | tests/test_translator.py ................................                [ 94%]\n[057971a2-d08d-42d9-8e7a-f787b6fc0023/Lint and Test             ]   | tests/test_var.py ......                                                 [ 99%]\n[057971a2-d08d-42d9-8e7a-f787b6fc0023/Lint and Test             ]   | tests/test_workspace.py .                                                [100%]\n[057971a2-d08d-42d9-8e7a-f787b6fc0023/Lint and Test             ]   | \n[057971a2-d08d-42d9-8e7a-f787b6fc0023/Lint and Test             ]   | =============================== warnings summary ===============================\n[057971a2-d08d-42d9-8e7a-f787b6fc0023/Lint and Test             ]   | tests/test_channel.py: 36 warnings\n[057971a2-d08d-42d9-8e7a-f787b6fc0023/Lint and Test             ]   | tests/test_misc.py: 1 warning\n[057971a2-d08d-42d9-8e7a-f787b6fc0023/Lint and Test             ]   | tests/test_test_channel.py: 19 warnings\n[057971a2-d08d-42d9-8e7a-f787b6fc0023/Lint and Test             ]   | tests/test_workspace.py: 1 warning\n[057971a2-d08d-42d9-8e7a-f787b6fc0023/Lint and Test             ]   |   /tmp/558156d8-17ed-11ee-8a50-bb14de238602/unihd-cag-skillbridge/skillbridge/client/workspace.py:317: DeprecationWarning: It is no longer necessary to register functions\n[057971a2-d08d-42d9-8e7a-f787b6fc0023/Lint and Test             ]   |     warnings.warn(\"It is no longer necessary to register functions\", DeprecationWarning)\n[057971a2-d08d-42d9-8e7a-f787b6fc0023/Lint and Test             ]   | \n[057971a2-d08d-42d9-8e7a-f787b6fc0023/Lint and Test             ]   | tests/test_integration.py::test_can_add_two_numbers\n[057971a2-d08d-42d9-8e7a-f787b6fc0023/Lint and Test             ]   |   /tmp/558156d8-17ed-11ee-8a50-bb14de238602/unihd-cag-skillbridge/tests/test_integration.py:15: UserWarning: Skipping integration tests, because Workspace could not connect\n[057971a2-d08d-42d9-8e7a-f787b6fc0023/Lint and Test             ]   |     warn(\"Skipping integration tests, because Workspace could not connect\", UserWarning)\n[057971a2-d08d-42d9-8e7a-f787b6fc0023/Lint and Test             ]   | \n[057971a2-d08d-42d9-8e7a-f787b6fc0023/Lint and Test             ]   | -- Docs: https://docs.pytest.org/en/stable/how-to/capture-warnings.html\n[057971a2-d08d-42d9-8e7a-f787b6fc0023/Lint and Test             ]   | - generated xml file: /tmp/558156d8-17ed-11ee-8a50-bb14de238602/unihd-cag-skillbridge/report.xml -\n[057971a2-d08d-42d9-8e7a-f787b6fc0023/Lint and Test             ]   | \n[057971a2-d08d-42d9-8e7a-f787b6fc0023/Lint and Test             ]   | ---------- coverage: platform linux, python 3.7.11-final-0 -----------\n[057971a2-d08d-42d9-8e7a-f787b6fc0023/Lint and Test             ]   | Name                                  Stmts   Miss Branch BrPart   Cover\n[057971a2-d08d-42d9-8e7a-f787b6fc0023/Lint and Test             ]   | ------------------------------------------------------------------------\n[057971a2-d08d-42d9-8e7a-f787b6fc0023/Lint and Test             ]   | skillbridge/__init__.py                  37     24     12      0  26.53%\n[057971a2-d08d-42d9-8e7a-f787b6fc0023/Lint and Test             ]   | skillbridge/__main__.py                  44      9      6      1  72.00%\n[057971a2-d08d-42d9-8e7a-f787b6fc0023/Lint and Test             ]   | skillbridge/client/channel.py           150     37     16      4  75.30%\n[057971a2-d08d-42d9-8e7a-f787b6fc0023/Lint and Test             ]   | skillbridge/client/functions.py          45      1      2      0  97.87%\n[057971a2-d08d-42d9-8e7a-f787b6fc0023/Lint and Test             ]   | skillbridge/client/globals.py            78      7     10      1  90.91%\n[057971a2-d08d-42d9-8e7a-f787b6fc0023/Lint and Test             ]   | skillbridge/client/objects.py           170     29     46      0  84.72%\n[057971a2-d08d-42d9-8e7a-f787b6fc0023/Lint and Test             ]   | skillbridge/client/translator.py        120      4     36      1  96.79%\n[057971a2-d08d-42d9-8e7a-f787b6fc0023/Lint and Test             ]   | skillbridge/client/workspace.py         279     15     26      4  93.11%\n[057971a2-d08d-42d9-8e7a-f787b6fc0023/Lint and Test             ]   | skillbridge/server/python_server.py     133     51     20      4  60.13%\n[057971a2-d08d-42d9-8e7a-f787b6fc0023/Lint and Test             ]   | skillbridge/test/channel.py              37      2      2      0  94.87%\n[057971a2-d08d-42d9-8e7a-f787b6fc0023/Lint and Test             ]   | skillbridge/test/translator.py           15      1      0      0  93.33%\n[057971a2-d08d-42d9-8e7a-f787b6fc0023/Lint and Test             ]   | skillbridge/test/workspace.py            40      3      0      0  92.50%\n[057971a2-d08d-42d9-8e7a-f787b6fc0023/Lint and Test             ]   | skillbridge/version.py                    1      1      0      0   0.00%\n[057971a2-d08d-42d9-8e7a-f787b6fc0023/Lint and Test             ]   | ------------------------------------------------------------------------\n[057971a2-d08d-42d9-8e7a-f787b6fc0023/Lint and Test             ]   | TOTAL                                  1248    184    180     15  84.10%\n[057971a2-d08d-42d9-8e7a-f787b6fc0023/Lint and Test             ]   | \n[057971a2-d08d-42d9-8e7a-f787b6fc0023/Lint and Test             ]   | 6 files skipped due to complete coverage.\n[057971a2-d08d-42d9-8e7a-f787b6fc0023/Lint and Test             ]   | Coverage HTML written to dir htmlcov\n[057971a2-d08d-42d9-8e7a-f787b6fc0023/Lint and Test             ]   | \n[057971a2-d08d-42d9-8e7a-f787b6fc0023/Lint and Test             ]   | ================ 101 passed, 16 skipped, 58 warnings in 26.56s =================\n[057971a2-d08d-42d9-8e7a-f787b6fc0023/Lint and Test             ]   \u2705  Success - Main Test with pytest\n[057971a2-d08d-42d9-8e7a-f787b6fc0023/Lint and Test             ] \ud83c\udfc1  Job succeeded\n",
        "stderr": "Error: Job 'Build Sphinx Documentation' failed\n",
        "workflow": {
            "path": "/tmp/558156d8-17ed-11ee-8a50-bb14de238602/unihd-cag-skillbridge/.github/workflows/pythonpackage-crawler.yml",
            "type": "pytest"
        },
        "workflow_name": "057971a2-d08d-42d9-8e7a-f787b6fc0023",
        "build_tool": "pytest",
        "elapsed_time": 248.30868983268738
    }
}