{
    "repository": "VaasuDevanS/cowsay-python",
    "stars": 99,
    "language": "python",
    "size": 227,
    "clone_url": "https://github.com/VaasuDevanS/cowsay-python.git",
    "timestamp": "2023-07-01T11:34:06.319006Z",
    "clone_success": true,
    "number_of_actions": 1,
    "number_of_test_actions": 1,
    "actions_successful": true,
    "actions_build_tools": [
        "unittest"
    ],
    "actions_test_build_tools": [
        "unittest"
    ],
    "actions_run": {
        "failed": false,
        "tests": [
            {
                "classname": "cowsay.test.TestCowsay",
                "name": "test_beavis",
                "time": 0.017,
                "results": [
                    {
                        "result": "Passed",
                        "message": "",
                        "type": ""
                    }
                ],
                "stdout": null,
                "stderr": null
            },
            {
                "classname": "cowsay.test.TestCowsay",
                "name": "test_cheese",
                "time": 0.001,
                "results": [
                    {
                        "result": "Passed",
                        "message": "",
                        "type": ""
                    }
                ],
                "stdout": null,
                "stderr": null
            },
            {
                "classname": "cowsay.test.TestCowsay",
                "name": "test_cow",
                "time": 0.001,
                "results": [
                    {
                        "result": "Passed",
                        "message": "",
                        "type": ""
                    }
                ],
                "stdout": null,
                "stderr": null
            },
            {
                "classname": "cowsay.test.TestCowsay",
                "name": "test_daemon",
                "time": 0.001,
                "results": [
                    {
                        "result": "Passed",
                        "message": "",
                        "type": ""
                    }
                ],
                "stdout": null,
                "stderr": null
            },
            {
                "classname": "cowsay.test.TestCowsay",
                "name": "test_dragon",
                "time": 0.001,
                "results": [
                    {
                        "result": "Passed",
                        "message": "",
                        "type": ""
                    }
                ],
                "stdout": null,
                "stderr": null
            },
            {
                "classname": "cowsay.test.TestCowsay",
                "name": "test_fox",
                "time": 0.001,
                "results": [
                    {
                        "result": "Passed",
                        "message": "",
                        "type": ""
                    }
                ],
                "stdout": null,
                "stderr": null
            },
            {
                "classname": "cowsay.test.TestCowsay",
                "name": "test_ghostbusters",
                "time": 0.001,
                "results": [
                    {
                        "result": "Passed",
                        "message": "",
                        "type": ""
                    }
                ],
                "stdout": null,
                "stderr": null
            },
            {
                "classname": "cowsay.test.TestCowsay",
                "name": "test_kitty",
                "time": 0.001,
                "results": [
                    {
                        "result": "Passed",
                        "message": "",
                        "type": ""
                    }
                ],
                "stdout": null,
                "stderr": null
            },
            {
                "classname": "cowsay.test.TestCowsay",
                "name": "test_meow",
                "time": 0.001,
                "results": [
                    {
                        "result": "Passed",
                        "message": "",
                        "type": ""
                    }
                ],
                "stdout": null,
                "stderr": null
            },
            {
                "classname": "cowsay.test.TestCowsay",
                "name": "test_miki",
                "time": 0.001,
                "results": [
                    {
                        "result": "Passed",
                        "message": "",
                        "type": ""
                    }
                ],
                "stdout": null,
                "stderr": null
            },
            {
                "classname": "cowsay.test.TestCowsay",
                "name": "test_milk",
                "time": 0.001,
                "results": [
                    {
                        "result": "Passed",
                        "message": "",
                        "type": ""
                    }
                ],
                "stdout": null,
                "stderr": null
            },
            {
                "classname": "cowsay.test.TestCowsay",
                "name": "test_pig",
                "time": 0.001,
                "results": [
                    {
                        "result": "Passed",
                        "message": "",
                        "type": ""
                    }
                ],
                "stdout": null,
                "stderr": null
            },
            {
                "classname": "cowsay.test.TestCowsay",
                "name": "test_stegosaurus",
                "time": 0.001,
                "results": [
                    {
                        "result": "Passed",
                        "message": "",
                        "type": ""
                    }
                ],
                "stdout": null,
                "stderr": null
            },
            {
                "classname": "cowsay.test.TestCowsay",
                "name": "test_stimpy",
                "time": 0.001,
                "results": [
                    {
                        "result": "Passed",
                        "message": "",
                        "type": ""
                    }
                ],
                "stdout": null,
                "stderr": null
            },
            {
                "classname": "cowsay.test.TestCowsay",
                "name": "test_trex",
                "time": 0.001,
                "results": [
                    {
                        "result": "Passed",
                        "message": "",
                        "type": ""
                    }
                ],
                "stdout": null,
                "stderr": null
            },
            {
                "classname": "cowsay.test.TestCowsay",
                "name": "test_turkey",
                "time": 0.001,
                "results": [
                    {
                        "result": "Passed",
                        "message": "",
                        "type": ""
                    }
                ],
                "stdout": null,
                "stderr": null
            },
            {
                "classname": "cowsay.test.TestCowsay",
                "name": "test_turtle",
                "time": 0.001,
                "results": [
                    {
                        "result": "Passed",
                        "message": "",
                        "type": ""
                    }
                ],
                "stdout": null,
                "stderr": null
            },
            {
                "classname": "cowsay.test.TestCowsay",
                "name": "test_tux",
                "time": 0.001,
                "results": [
                    {
                        "result": "Passed",
                        "message": "",
                        "type": ""
                    }
                ],
                "stdout": null,
                "stderr": null
            },
            {
                "classname": "cowsay.test.TestCowsay",
                "name": "test_octopus",
                "time": 0.001,
                "results": [
                    {
                        "result": "Failure",
                        "message": "",
                        "type": "AssertionError"
                    }
                ],
                "stdout": null,
                "stderr": null
            }
        ],
        "stdout": "[1b269215-ec3c-401b-9d58-ff7db8842547/build] \ud83d\ude80  Start image=crawlergpt:latest\n[1b269215-ec3c-401b-9d58-ff7db8842547/build]   \ud83d\udc33  docker pull image=crawlergpt:latest platform= username= forcePull=false\n[1b269215-ec3c-401b-9d58-ff7db8842547/build]   \ud83d\udc33  docker create image=crawlergpt:latest platform= entrypoint=[\"tail\" \"-f\" \"/dev/null\"] cmd=[]\n[1b269215-ec3c-401b-9d58-ff7db8842547/build]   \ud83d\udc33  docker run image=crawlergpt:latest platform= entrypoint=[\"tail\" \"-f\" \"/dev/null\"] cmd=[]\n[1b269215-ec3c-401b-9d58-ff7db8842547/build]   \ud83d\udc33  docker exec cmd=[chown -R 1012:1013 /tmp/558156d8-17ed-11ee-8a50-bb14de238602/VaasuDevanS-cowsay-python] user=0 workdir=\n[1b269215-ec3c-401b-9d58-ff7db8842547/build]   \u2601  git clone 'https://github.com/actions/setup-python' # ref=v2\n[1b269215-ec3c-401b-9d58-ff7db8842547/build] \ud83e\uddea  Matrix: map[python-version:3.6]\n[1b269215-ec3c-401b-9d58-ff7db8842547/build] \u2b50 Run Main actions/checkout@v2\n[1b269215-ec3c-401b-9d58-ff7db8842547/build]   \u2705  Success - Main actions/checkout@v2\n[1b269215-ec3c-401b-9d58-ff7db8842547/build] \u2b50 Run Main Set up Python 3.6\n[1b269215-ec3c-401b-9d58-ff7db8842547/build]   \ud83d\udc33  docker cp src=/tmp/act-cache/b86460ee-cc6e-4654-b58a-cb2aafd95ce3/act/actions-setup-python@v2/ dst=/var/run/act/actions/actions-setup-python@v2/\n[1b269215-ec3c-401b-9d58-ff7db8842547/build]   \ud83d\udc33  docker exec cmd=[chown -R 1012:1013 /var/run/act/actions/actions-setup-python@v2/] user=0 workdir=\n[1b269215-ec3c-401b-9d58-ff7db8842547/build]   \ud83d\udc33  docker exec cmd=[node /var/run/act/actions/actions-setup-python@v2/dist/setup/index.js] user= workdir=\n[1b269215-ec3c-401b-9d58-ff7db8842547/build]   \ud83d\udcac  ::debug::Semantic version spec of 3.6 is 3.6\n[1b269215-ec3c-401b-9d58-ff7db8842547/build]   \ud83d\udcac  ::debug::isExplicit: \n[1b269215-ec3c-401b-9d58-ff7db8842547/build]   \ud83d\udcac  ::debug::explicit? false\n[1b269215-ec3c-401b-9d58-ff7db8842547/build]   \ud83d\udcac  ::debug::isExplicit: 2.7.18\n[1b269215-ec3c-401b-9d58-ff7db8842547/build]   \ud83d\udcac  ::debug::explicit? true\n[1b269215-ec3c-401b-9d58-ff7db8842547/build]   \ud83d\udcac  ::debug::isExplicit: 3.5.10\n[1b269215-ec3c-401b-9d58-ff7db8842547/build]   \ud83d\udcac  ::debug::explicit? true\n[1b269215-ec3c-401b-9d58-ff7db8842547/build]   \ud83d\udcac  ::debug::isExplicit: 3.6.14\n[1b269215-ec3c-401b-9d58-ff7db8842547/build]   \ud83d\udcac  ::debug::explicit? true\n[1b269215-ec3c-401b-9d58-ff7db8842547/build]   \ud83d\udcac  ::debug::isExplicit: 3.7.11\n[1b269215-ec3c-401b-9d58-ff7db8842547/build]   \ud83d\udcac  ::debug::explicit? true\n[1b269215-ec3c-401b-9d58-ff7db8842547/build]   \ud83d\udcac  ::debug::isExplicit: 3.8.11\n[1b269215-ec3c-401b-9d58-ff7db8842547/build]   \ud83d\udcac  ::debug::explicit? true\n[1b269215-ec3c-401b-9d58-ff7db8842547/build]   \ud83d\udcac  ::debug::isExplicit: 3.9.6\n[1b269215-ec3c-401b-9d58-ff7db8842547/build]   \ud83d\udcac  ::debug::explicit? true\n[1b269215-ec3c-401b-9d58-ff7db8842547/build]   \ud83d\udcac  ::debug::evaluating 6 versions\n[1b269215-ec3c-401b-9d58-ff7db8842547/build]   \ud83d\udcac  ::debug::matched: 3.6.14\n[1b269215-ec3c-401b-9d58-ff7db8842547/build]   \ud83d\udcac  ::debug::checking cache: /opt/hostedtoolcache/Python/3.6.14/x64\n[1b269215-ec3c-401b-9d58-ff7db8842547/build]   \ud83d\udcac  ::debug::Found tool in cache Python 3.6.14 x64\n[1b269215-ec3c-401b-9d58-ff7db8842547/build]   | Successfully setup CPython (3.6.14)\n[1b269215-ec3c-401b-9d58-ff7db8842547/build]   \u2753 add-matcher /run/act/actions/actions-setup-python@v2/.github/python.json\n[1b269215-ec3c-401b-9d58-ff7db8842547/build]   \u2705  Success - Main Set up Python 3.6\n[1b269215-ec3c-401b-9d58-ff7db8842547/build]   \u2699  ::set-env:: pythonLocation=/opt/hostedtoolcache/Python/3.6.14/x64\n[1b269215-ec3c-401b-9d58-ff7db8842547/build]   \u2699  ::set-env:: LD_LIBRARY_PATH=/opt/hostedtoolcache/Python/3.6.14/x64/lib\n[1b269215-ec3c-401b-9d58-ff7db8842547/build]   \u2699  ::set-output:: python-version=3.6.14\n[1b269215-ec3c-401b-9d58-ff7db8842547/build]   \u2699  ::add-path:: /opt/hostedtoolcache/Python/3.6.14/x64\n[1b269215-ec3c-401b-9d58-ff7db8842547/build]   \u2699  ::add-path:: /opt/hostedtoolcache/Python/3.6.14/x64/bin\n[1b269215-ec3c-401b-9d58-ff7db8842547/build] \u2b50 Run Main Install dependencies\n[1b269215-ec3c-401b-9d58-ff7db8842547/build]   \ud83d\udc33  docker exec cmd=[bash --noprofile --norc -e -o pipefail /var/run/act/workflow/2] user= workdir=\n[1b269215-ec3c-401b-9d58-ff7db8842547/build]   | Requirement already satisfied: pip in /opt/hostedtoolcache/Python/3.6.14/x64/lib/python3.6/site-packages (21.2.4)\n[1b269215-ec3c-401b-9d58-ff7db8842547/build]   | Collecting pip\n[1b269215-ec3c-401b-9d58-ff7db8842547/build]   |   Downloading pip-21.3.1-py3-none-any.whl (1.7 MB)\n[1b269215-ec3c-401b-9d58-ff7db8842547/build]   | Installing collected packages: pip\n[1b269215-ec3c-401b-9d58-ff7db8842547/build]   |   Attempting uninstall: pip\n[1b269215-ec3c-401b-9d58-ff7db8842547/build]   |     Found existing installation: pip 21.2.4\n[1b269215-ec3c-401b-9d58-ff7db8842547/build]   |     Uninstalling pip-21.2.4:\n[1b269215-ec3c-401b-9d58-ff7db8842547/build]   |       Successfully uninstalled pip-21.2.4\n[1b269215-ec3c-401b-9d58-ff7db8842547/build]   | Successfully installed pip-21.3.1\n[1b269215-ec3c-401b-9d58-ff7db8842547/build]   \u2705  Success - Main Install dependencies\n[1b269215-ec3c-401b-9d58-ff7db8842547/build] \u2b50 Run Main Test with unittest\n[1b269215-ec3c-401b-9d58-ff7db8842547/build]   \ud83d\udc33  docker exec cmd=[bash --noprofile --norc -e -o pipefail /var/run/act/workflow/3] user= workdir=\n[1b269215-ec3c-401b-9d58-ff7db8842547/build]   | Collecting unittest-xml-reporting\n[1b269215-ec3c-401b-9d58-ff7db8842547/build]   |   Downloading unittest_xml_reporting-3.1.0-py2.py3-none-any.whl (20 kB)\n[1b269215-ec3c-401b-9d58-ff7db8842547/build]   | Collecting lxml\n[1b269215-ec3c-401b-9d58-ff7db8842547/build]   |   Downloading lxml-4.9.2-cp36-cp36m-manylinux_2_17_x86_64.manylinux2014_x86_64.manylinux_2_24_x86_64.whl (6.6 MB)\n[1b269215-ec3c-401b-9d58-ff7db8842547/build]   | Installing collected packages: lxml, unittest-xml-reporting\n[1b269215-ec3c-401b-9d58-ff7db8842547/build]   | Successfully installed lxml-4.9.2 unittest-xml-reporting-3.1.0\n[1b269215-ec3c-401b-9d58-ff7db8842547/build]   | \n[1b269215-ec3c-401b-9d58-ff7db8842547/build]   | Running tests...\n[1b269215-ec3c-401b-9d58-ff7db8842547/build]   | ----------------------------------------------------------------------\n[1b269215-ec3c-401b-9d58-ff7db8842547/build]   | ...........F.......\n[1b269215-ec3c-401b-9d58-ff7db8842547/build]   | ======================================================================\n[1b269215-ec3c-401b-9d58-ff7db8842547/build]   | FAIL [0.001s]: test_octopus (cowsay.test.TestCowsay)\n[1b269215-ec3c-401b-9d58-ff7db8842547/build]   | ----------------------------------------------------------------------\n[1b269215-ec3c-401b-9d58-ff7db8842547/build]   | Traceback (most recent call last):\n[1b269215-ec3c-401b-9d58-ff7db8842547/build]   |   File \"/tmp/558156d8-17ed-11ee-8a50-bb14de238602/VaasuDevanS-cowsay-python/cowsay/test.py\", line 743, in test_octopus\n[1b269215-ec3c-401b-9d58-ff7db8842547/build]   |     assert output == solution\n[1b269215-ec3c-401b-9d58-ff7db8842547/build]   | AssertionError\n[1b269215-ec3c-401b-9d58-ff7db8842547/build]   | \n[1b269215-ec3c-401b-9d58-ff7db8842547/build]   | ----------------------------------------------------------------------\n[1b269215-ec3c-401b-9d58-ff7db8842547/build]   | Ran 19 tests in 0.036s\n[1b269215-ec3c-401b-9d58-ff7db8842547/build]   | \n[1b269215-ec3c-401b-9d58-ff7db8842547/build]   | FAILED (failures=1)\n[1b269215-ec3c-401b-9d58-ff7db8842547/build]   | \n[1b269215-ec3c-401b-9d58-ff7db8842547/build]   | Generating XML reports...\n[1b269215-ec3c-401b-9d58-ff7db8842547/build]   \u274c  Failure - Main Test with unittest\n[1b269215-ec3c-401b-9d58-ff7db8842547/build] exitcode '1': failure\n[1b269215-ec3c-401b-9d58-ff7db8842547/build] \ud83c\udfc1  Job failed\n",
        "stderr": "Error: Job 'build' failed\n",
        "workflow": {
            "path": "/tmp/558156d8-17ed-11ee-8a50-bb14de238602/VaasuDevanS-cowsay-python/.github/workflows/cowsay-crawler.yaml",
            "type": "unittest"
        },
        "workflow_name": "1b269215-ec3c-401b-9d58-ff7db8842547",
        "build_tool": "unittest",
        "elapsed_time": 177.5422170162201
    }
}