{
    "repository": "wesselb/stheno",
    "stars": 202,
    "language": "python",
    "size": 12093,
    "clone_url": "https://github.com/wesselb/stheno.git",
    "timestamp": "2023-07-01T11:38:50.333538Z",
    "clone_success": true,
    "number_of_actions": 2,
    "number_of_test_actions": 1,
    "actions_successful": false,
    "actions_build_tools": [
        "unknown",
        "pytest"
    ],
    "actions_test_build_tools": [
        "pytest"
    ],
    "actions_run": {
        "failed": true,
        "tests": [
            {
                "classname": "tests.test_lazy",
                "name": "test_indexing",
                "time": 0.005,
                "results": [
                    {
                        "result": "Passed",
                        "message": "",
                        "type": ""
                    }
                ],
                "stdout": null,
                "stderr": null
            },
            {
                "classname": "tests.test_lazy",
                "name": "test_lazy_vector_building",
                "time": 0.002,
                "results": [
                    {
                        "result": "Passed",
                        "message": "",
                        "type": ""
                    }
                ],
                "stdout": null,
                "stderr": null
            },
            {
                "classname": "tests.test_lazy",
                "name": "test_lazy_vector_mutation_protection",
                "time": 0.001,
                "results": [
                    {
                        "result": "Passed",
                        "message": "",
                        "type": ""
                    }
                ],
                "stdout": null,
                "stderr": null
            },
            {
                "classname": "tests.test_lazy",
                "name": "test_lazy_matrix_building",
                "time": 0.004,
                "results": [
                    {
                        "result": "Passed",
                        "message": "",
                        "type": ""
                    }
                ],
                "stdout": null,
                "stderr": null
            },
            {
                "classname": "tests.test_lazy",
                "name": "test_lazy_matrix_mutation_protection",
                "time": 0.001,
                "results": [
                    {
                        "result": "Passed",
                        "message": "",
                        "type": ""
                    }
                ],
                "stdout": null,
                "stderr": null
            },
            {
                "classname": "tests.test_random",
                "name": "test_normal_printing",
                "time": 0.083,
                "results": [
                    {
                        "result": "Passed",
                        "message": "",
                        "type": ""
                    }
                ],
                "stdout": null,
                "stderr": null
            },
            {
                "classname": "tests.test_random",
                "name": "test_normal_mean_is_zero",
                "time": 0.059,
                "results": [
                    {
                        "result": "Passed",
                        "message": "",
                        "type": ""
                    }
                ],
                "stdout": null,
                "stderr": null
            },
            {
                "classname": "tests.test_random",
                "name": "test_normal_lazy_zero_mean",
                "time": 0.003,
                "results": [
                    {
                        "result": "Passed",
                        "message": "",
                        "type": ""
                    }
                ],
                "stdout": null,
                "stderr": null
            },
            {
                "classname": "tests.test_random",
                "name": "test_normal_lazy_nonzero_mean",
                "time": 0.006,
                "results": [
                    {
                        "result": "Passed",
                        "message": "",
                        "type": ""
                    }
                ],
                "stdout": null,
                "stderr": null
            },
            {
                "classname": "tests.test_random",
                "name": "test_normal_lazy_var_diag",
                "time": 0.02,
                "results": [
                    {
                        "result": "Passed",
                        "message": "",
                        "type": ""
                    }
                ],
                "stdout": null,
                "stderr": null
            },
            {
                "classname": "tests.test_random",
                "name": "test_normal_lazy_mean_var",
                "time": 0.018,
                "results": [
                    {
                        "result": "Passed",
                        "message": "",
                        "type": ""
                    }
                ],
                "stdout": null,
                "stderr": null
            },
            {
                "classname": "tests.test_random",
                "name": "test_normal_lazy_mean_var_diag",
                "time": 0.029,
                "results": [
                    {
                        "result": "Passed",
                        "message": "",
                        "type": ""
                    }
                ],
                "stdout": null,
                "stderr": null
            },
            {
                "classname": "tests.test_random",
                "name": "test_normal_m2",
                "time": 0.061,
                "results": [
                    {
                        "result": "Passed",
                        "message": "",
                        "type": ""
                    }
                ],
                "stdout": null,
                "stderr": null
            },
            {
                "classname": "tests.test_random",
                "name": "test_normal_marginals",
                "time": 0.002,
                "results": [
                    {
                        "result": "Passed",
                        "message": "",
                        "type": ""
                    }
                ],
                "stdout": null,
                "stderr": null
            },
            {
                "classname": "tests.test_random",
                "name": "test_normal_marginal_credible_bounds",
                "time": 0.008,
                "results": [
                    {
                        "result": "Passed",
                        "message": "",
                        "type": ""
                    }
                ],
                "stdout": null,
                "stderr": null
            },
            {
                "classname": "tests.test_random",
                "name": "test_normal_diagonalise",
                "time": 0.008,
                "results": [
                    {
                        "result": "Passed",
                        "message": "",
                        "type": ""
                    }
                ],
                "stdout": null,
                "stderr": null
            },
            {
                "classname": "tests.test_random",
                "name": "test_normal_logpdf",
                "time": 0.125,
                "results": [
                    {
                        "result": "Passed",
                        "message": "",
                        "type": ""
                    }
                ],
                "stdout": null,
                "stderr": null
            },
            {
                "classname": "tests.test_random",
                "name": "test_normal_logpdf_missing_data",
                "time": 0.026,
                "results": [
                    {
                        "result": "Passed",
                        "message": "",
                        "type": ""
                    }
                ],
                "stdout": null,
                "stderr": null
            },
            {
                "classname": "tests.test_random",
                "name": "test_normal_entropy",
                "time": 0.005,
                "results": [
                    {
                        "result": "Passed",
                        "message": "",
                        "type": ""
                    }
                ],
                "stdout": null,
                "stderr": null
            },
            {
                "classname": "tests.test_random",
                "name": "test_normal_kl",
                "time": 1.059,
                "results": [
                    {
                        "result": "Passed",
                        "message": "",
                        "type": ""
                    }
                ],
                "stdout": null,
                "stderr": null
            },
            {
                "classname": "tests.test_random",
                "name": "test_normal_w2",
                "time": 0.065,
                "results": [
                    {
                        "result": "Passed",
                        "message": "",
                        "type": ""
                    }
                ],
                "stdout": null,
                "stderr": null
            },
            {
                "classname": "tests.test_random",
                "name": "test_normal_sampling",
                "time": 0.412,
                "results": [
                    {
                        "result": "Passed",
                        "message": "",
                        "type": ""
                    }
                ],
                "stdout": null,
                "stderr": null
            },
            {
                "classname": "tests.test_random",
                "name": "test_normal_arithmetic",
                "time": 0.103,
                "results": [
                    {
                        "result": "Passed",
                        "message": "",
                        "type": ""
                    }
                ],
                "stdout": null,
                "stderr": null
            },
            {
                "classname": "tests.test_random",
                "name": "test_normal_dtype",
                "time": 0.004,
                "results": [
                    {
                        "result": "Passed",
                        "message": "",
                        "type": ""
                    }
                ],
                "stdout": null,
                "stderr": null
            },
            {
                "classname": "tests.test_random",
                "name": "test_normal_cast",
                "time": 0.003,
                "results": [
                    {
                        "result": "Passed",
                        "message": "",
                        "type": ""
                    }
                ],
                "stdout": null,
                "stderr": null
            },
            {
                "classname": "tests.mo.test_adk",
                "name": "test_adk",
                "time": 0.228,
                "results": [
                    {
                        "result": "Passed",
                        "message": "",
                        "type": ""
                    }
                ],
                "stdout": null,
                "stderr": null
            },
            {
                "classname": "tests.mo.test_infer",
                "name": "test_num_elements",
                "time": 0.003,
                "results": [
                    {
                        "result": "Passed",
                        "message": "",
                        "type": ""
                    }
                ],
                "stdout": null,
                "stderr": null
            },
            {
                "classname": "tests.mo.test_infer",
                "name": "test_infer_size",
                "time": 0.029,
                "results": [
                    {
                        "result": "Passed",
                        "message": "",
                        "type": ""
                    }
                ],
                "stdout": null,
                "stderr": null
            },
            {
                "classname": "tests.mo.test_infer",
                "name": "test_dimensionality",
                "time": 0.022,
                "results": [
                    {
                        "result": "Passed",
                        "message": "",
                        "type": ""
                    }
                ],
                "stdout": null,
                "stderr": null
            },
            {
                "classname": "tests.mo.test_kernel",
                "name": "test_mok",
                "time": 0.386,
                "results": [
                    {
                        "result": "Passed",
                        "message": "",
                        "type": ""
                    }
                ],
                "stdout": null,
                "stderr": null
            },
            {
                "classname": "tests.mo.test_kernel",
                "name": "test_take_x",
                "time": 0.006,
                "results": [
                    {
                        "result": "Passed",
                        "message": "",
                        "type": ""
                    }
                ],
                "stdout": null,
                "stderr": null
            },
            {
                "classname": "tests.mo.test_mean",
                "name": "test_mom",
                "time": 0.014,
                "results": [
                    {
                        "result": "Passed",
                        "message": "",
                        "type": ""
                    }
                ],
                "stdout": null,
                "stderr": null
            },
            {
                "classname": "tests.model.test_cases",
                "name": "test_summation_with_itself",
                "time": 0.079,
                "results": [
                    {
                        "result": "Passed",
                        "message": "",
                        "type": ""
                    }
                ],
                "stdout": null,
                "stderr": null
            },
            {
                "classname": "tests.model.test_cases",
                "name": "test_additive_model",
                "time": 0.178,
                "results": [
                    {
                        "result": "Passed",
                        "message": "",
                        "type": ""
                    }
                ],
                "stdout": null,
                "stderr": null
            },
            {
                "classname": "tests.model.test_cases",
                "name": "test_fd_derivative",
                "time": 0.173,
                "results": [
                    {
                        "result": "Passed",
                        "message": "",
                        "type": ""
                    }
                ],
                "stdout": null,
                "stderr": null
            },
            {
                "classname": "tests.model.test_cases",
                "name": "test_reflection",
                "time": 0.034,
                "results": [
                    {
                        "result": "Passed",
                        "message": "",
                        "type": ""
                    }
                ],
                "stdout": null,
                "stderr": null
            },
            {
                "classname": "tests.model.test_cases",
                "name": "test_negation",
                "time": 0.022,
                "results": [
                    {
                        "result": "Passed",
                        "message": "",
                        "type": ""
                    }
                ],
                "stdout": null,
                "stderr": null
            },
            {
                "classname": "tests.model.test_cases",
                "name": "test_approximate_derivative",
                "time": 0.576,
                "results": [
                    {
                        "result": "Passed",
                        "message": "",
                        "type": ""
                    }
                ],
                "stdout": null,
                "stderr": null
            },
            {
                "classname": "tests.model.test_cases",
                "name": "test_blr",
                "time": 0.31,
                "results": [
                    {
                        "result": "Passed",
                        "message": "",
                        "type": ""
                    }
                ],
                "stdout": null,
                "stderr": null
            },
            {
                "classname": "tests.model.test_cases",
                "name": "test_batched",
                "time": 0.173,
                "results": [
                    {
                        "result": "Passed",
                        "message": "",
                        "type": ""
                    }
                ],
                "stdout": null,
                "stderr": null
            },
            {
                "classname": "tests.model.test_cases",
                "name": "test_mo_batched",
                "time": 0.086,
                "results": [
                    {
                        "result": "Passed",
                        "message": "",
                        "type": ""
                    }
                ],
                "stdout": null,
                "stderr": null
            },
            {
                "classname": "tests.model.test_fdd",
                "name": "test_noise_as_matrix",
                "time": 0.003,
                "results": [
                    {
                        "result": "Passed",
                        "message": "",
                        "type": ""
                    }
                ],
                "stdout": null,
                "stderr": null
            },
            {
                "classname": "tests.model.test_fdd",
                "name": "test_fdd",
                "time": 0.004,
                "results": [
                    {
                        "result": "Passed",
                        "message": "",
                        "type": ""
                    }
                ],
                "stdout": null,
                "stderr": null
            },
            {
                "classname": "tests.model.test_fdd",
                "name": "test_fdd_take",
                "time": 0.467,
                "results": [
                    {
                        "result": "Passed",
                        "message": "",
                        "type": ""
                    }
                ],
                "stdout": null,
                "stderr": null
            },
            {
                "classname": "tests.model.test_fdd",
                "name": "test_fdd_properties",
                "time": 0.021,
                "results": [
                    {
                        "result": "Passed",
                        "message": "",
                        "type": ""
                    }
                ],
                "stdout": null,
                "stderr": null
            },
            {
                "classname": "tests.model.test_gp",
                "name": "test_corner_cases",
                "time": 0.004,
                "results": [
                    {
                        "result": "Passed",
                        "message": "",
                        "type": ""
                    }
                ],
                "stdout": null,
                "stderr": null
            },
            {
                "classname": "tests.model.test_gp",
                "name": "test_display",
                "time": 0.001,
                "results": [
                    {
                        "result": "Passed",
                        "message": "",
                        "type": ""
                    }
                ],
                "stdout": null,
                "stderr": null
            },
            {
                "classname": "tests.model.test_gp",
                "name": "test_formatting",
                "time": 0.002,
                "results": [
                    {
                        "result": "Passed",
                        "message": "",
                        "type": ""
                    }
                ],
                "stdout": null,
                "stderr": null
            },
            {
                "classname": "tests.model.test_gp",
                "name": "test_construction",
                "time": 0.013,
                "results": [
                    {
                        "result": "Passed",
                        "message": "",
                        "type": ""
                    }
                ],
                "stdout": null,
                "stderr": null
            },
            {
                "classname": "tests.model.test_gp",
                "name": "test_sum_other",
                "time": 0.039,
                "results": [
                    {
                        "result": "Passed",
                        "message": "",
                        "type": ""
                    }
                ],
                "stdout": null,
                "stderr": null
            },
            {
                "classname": "tests.model.test_gp",
                "name": "test_mul_other",
                "time": 0.068,
                "results": [
                    {
                        "result": "Passed",
                        "message": "",
                        "type": ""
                    }
                ],
                "stdout": null,
                "stderr": null
            },
            {
                "classname": "tests.model.test_gp",
                "name": "test_stationarity",
                "time": 0.022,
                "results": [
                    {
                        "result": "Passed",
                        "message": "",
                        "type": ""
                    }
                ],
                "stdout": null,
                "stderr": null
            },
            {
                "classname": "tests.model.test_gp",
                "name": "test_marginals",
                "time": 0.023,
                "results": [
                    {
                        "result": "Passed",
                        "message": "",
                        "type": ""
                    }
                ],
                "stdout": null,
                "stderr": null
            },
            {
                "classname": "tests.model.test_gp",
                "name": "test_marginal_credible_bounds_efficiency",
                "time": 0.023,
                "results": [
                    {
                        "result": "Passed",
                        "message": "",
                        "type": ""
                    }
                ],
                "stdout": null,
                "stderr": null
            },
            {
                "classname": "tests.model.test_model",
                "name": "test_measure_groups",
                "time": 0.035,
                "results": [
                    {
                        "result": "Passed",
                        "message": "",
                        "type": ""
                    }
                ],
                "stdout": null,
                "stderr": null
            },
            {
                "classname": "tests.model.test_model",
                "name": "test_default_measure",
                "time": 0.003,
                "results": [
                    {
                        "result": "Passed",
                        "message": "",
                        "type": ""
                    }
                ],
                "stdout": null,
                "stderr": null
            },
            {
                "classname": "tests.model.test_model",
                "name": "test_naming",
                "time": 0.005,
                "results": [
                    {
                        "result": "Passed",
                        "message": "",
                        "type": ""
                    }
                ],
                "stdout": null,
                "stderr": null
            },
            {
                "classname": "tests.model.test_model",
                "name": "test_conditioning[<lambda>0]",
                "time": 0.881,
                "results": [
                    {
                        "result": "Passed",
                        "message": "",
                        "type": ""
                    }
                ],
                "stdout": null,
                "stderr": null
            },
            {
                "classname": "tests.model.test_model",
                "name": "test_conditioning[<lambda>1]",
                "time": 0.834,
                "results": [
                    {
                        "result": "Passed",
                        "message": "",
                        "type": ""
                    }
                ],
                "stdout": null,
                "stderr": null
            },
            {
                "classname": "tests.model.test_model",
                "name": "test_conditioning[<lambda>2]",
                "time": 0.699,
                "results": [
                    {
                        "result": "Passed",
                        "message": "",
                        "type": ""
                    }
                ],
                "stdout": null,
                "stderr": null
            },
            {
                "classname": "tests.model.test_model",
                "name": "test_conditioning[<lambda>3]",
                "time": 0.654,
                "results": [
                    {
                        "result": "Passed",
                        "message": "",
                        "type": ""
                    }
                ],
                "stdout": null,
                "stderr": null
            },
            {
                "classname": "tests.model.test_model",
                "name": "test_conditioning[<lambda>4]",
                "time": 0.686,
                "results": [
                    {
                        "result": "Passed",
                        "message": "",
                        "type": ""
                    }
                ],
                "stdout": null,
                "stderr": null
            },
            {
                "classname": "tests.model.test_model",
                "name": "test_conditioning_consistency",
                "time": 0.09,
                "results": [
                    {
                        "result": "Passed",
                        "message": "",
                        "type": ""
                    }
                ],
                "stdout": null,
                "stderr": null
            },
            {
                "classname": "tests.model.test_model",
                "name": "test_conditioning_empty_observations[shape0]",
                "time": 0.005,
                "results": [
                    {
                        "result": "Passed",
                        "message": "",
                        "type": ""
                    }
                ],
                "stdout": null,
                "stderr": null
            },
            {
                "classname": "tests.model.test_model",
                "name": "test_conditioning_empty_observations[shape1]",
                "time": 0.003,
                "results": [
                    {
                        "result": "Passed",
                        "message": "",
                        "type": ""
                    }
                ],
                "stdout": null,
                "stderr": null
            },
            {
                "classname": "tests.model.test_model",
                "name": "test_conditioning_empty_observations[shape2]",
                "time": 0.003,
                "results": [
                    {
                        "result": "Passed",
                        "message": "",
                        "type": ""
                    }
                ],
                "stdout": null,
                "stderr": null
            },
            {
                "classname": "tests.model.test_model",
                "name": "test_conditioning_shorthand",
                "time": 0.025,
                "results": [
                    {
                        "result": "Passed",
                        "message": "",
                        "type": ""
                    }
                ],
                "stdout": null,
                "stderr": null
            },
            {
                "classname": "tests.model.test_model",
                "name": "test_conditioning_missing_data",
                "time": 0.013,
                "results": [
                    {
                        "result": "Passed",
                        "message": "",
                        "type": ""
                    }
                ],
                "stdout": null,
                "stderr": null
            },
            {
                "classname": "tests.model.test_model",
                "name": "test_conditioning_shape_check",
                "time": 0.003,
                "results": [
                    {
                        "result": "Passed",
                        "message": "",
                        "type": ""
                    }
                ],
                "stdout": null,
                "stderr": null
            },
            {
                "classname": "tests.model.test_model",
                "name": "test_pseudoobs_and_elbo[PseudoObservations-<lambda>0]",
                "time": 1.056,
                "results": [
                    {
                        "result": "Passed",
                        "message": "",
                        "type": ""
                    }
                ],
                "stdout": null,
                "stderr": null
            },
            {
                "classname": "tests.model.test_model",
                "name": "test_pseudoobs_and_elbo[PseudoObservations-<lambda>1]",
                "time": 1.232,
                "results": [
                    {
                        "result": "Passed",
                        "message": "",
                        "type": ""
                    }
                ],
                "stdout": null,
                "stderr": null
            },
            {
                "classname": "tests.model.test_model",
                "name": "test_pseudoobs_and_elbo[PseudoObservations-<lambda>2]",
                "time": 1.373,
                "results": [
                    {
                        "result": "Passed",
                        "message": "",
                        "type": ""
                    }
                ],
                "stdout": null,
                "stderr": null
            },
            {
                "classname": "tests.model.test_model",
                "name": "test_pseudoobs_and_elbo[PseudoObservationsFITC-<lambda>0]",
                "time": 1.513,
                "results": [
                    {
                        "result": "Passed",
                        "message": "",
                        "type": ""
                    }
                ],
                "stdout": null,
                "stderr": null
            },
            {
                "classname": "tests.model.test_model",
                "name": "test_pseudoobs_and_elbo[PseudoObservationsFITC-<lambda>1]",
                "time": 1.078,
                "results": [
                    {
                        "result": "Passed",
                        "message": "",
                        "type": ""
                    }
                ],
                "stdout": null,
                "stderr": null
            },
            {
                "classname": "tests.model.test_model",
                "name": "test_pseudoobs_and_elbo[PseudoObservationsFITC-<lambda>2]",
                "time": 1.186,
                "results": [
                    {
                        "result": "Passed",
                        "message": "",
                        "type": ""
                    }
                ],
                "stdout": null,
                "stderr": null
            },
            {
                "classname": "tests.model.test_model",
                "name": "test_pseudoobs_and_elbo[PseudoObservationsDTC-<lambda>0]",
                "time": 1.062,
                "results": [
                    {
                        "result": "Passed",
                        "message": "",
                        "type": ""
                    }
                ],
                "stdout": null,
                "stderr": null
            },
            {
                "classname": "tests.model.test_model",
                "name": "test_pseudoobs_and_elbo[PseudoObservationsDTC-<lambda>1]",
                "time": 1.039,
                "results": [
                    {
                        "result": "Passed",
                        "message": "",
                        "type": ""
                    }
                ],
                "stdout": null,
                "stderr": null
            },
            {
                "classname": "tests.model.test_model",
                "name": "test_pseudoobs_and_elbo[PseudoObservationsDTC-<lambda>2]",
                "time": 0.893,
                "results": [
                    {
                        "result": "Passed",
                        "message": "",
                        "type": ""
                    }
                ],
                "stdout": null,
                "stderr": null
            },
            {
                "classname": "tests.model.test_model",
                "name": "test_pseudoobs_kernel_call_count",
                "time": 0.054,
                "results": [
                    {
                        "result": "Passed",
                        "message": "",
                        "type": ""
                    }
                ],
                "stdout": null,
                "stderr": null
            },
            {
                "classname": "tests.model.test_model",
                "name": "test_backward_compatibility",
                "time": 0.001,
                "results": [
                    {
                        "result": "Passed",
                        "message": "",
                        "type": ""
                    }
                ],
                "stdout": null,
                "stderr": null
            },
            {
                "classname": "tests.model.test_model",
                "name": "test_logpdf[PseudoObservations]",
                "time": 0.104,
                "results": [
                    {
                        "result": "Passed",
                        "message": "",
                        "type": ""
                    }
                ],
                "stdout": null,
                "stderr": null
            },
            {
                "classname": "tests.model.test_model",
                "name": "test_logpdf[PseudoObservationsFITC]",
                "time": 0.065,
                "results": [
                    {
                        "result": "Passed",
                        "message": "",
                        "type": ""
                    }
                ],
                "stdout": null,
                "stderr": null
            },
            {
                "classname": "tests.model.test_model",
                "name": "test_logpdf[PseudoObservationsDTC]",
                "time": 0.065,
                "results": [
                    {
                        "result": "Passed",
                        "message": "",
                        "type": ""
                    }
                ],
                "stdout": null,
                "stderr": null
            },
            {
                "classname": "tests.model.test_model",
                "name": "test_manual_new_gp",
                "time": 0.016,
                "results": [
                    {
                        "result": "Passed",
                        "message": "",
                        "type": ""
                    }
                ],
                "stdout": null,
                "stderr": null
            },
            {
                "classname": "tests.model.test_model",
                "name": "test_stretching",
                "time": 0.122,
                "results": [
                    {
                        "result": "Passed",
                        "message": "",
                        "type": ""
                    }
                ],
                "stdout": null,
                "stderr": null
            },
            {
                "classname": "tests.model.test_model",
                "name": "test_shifting",
                "time": 0.095,
                "results": [
                    {
                        "result": "Passed",
                        "message": "",
                        "type": ""
                    }
                ],
                "stdout": null,
                "stderr": null
            },
            {
                "classname": "tests.model.test_model",
                "name": "test_input_transform",
                "time": 0.097,
                "results": [
                    {
                        "result": "Passed",
                        "message": "",
                        "type": ""
                    }
                ],
                "stdout": null,
                "stderr": null
            },
            {
                "classname": "tests.model.test_model",
                "name": "test_selection",
                "time": 0.071,
                "results": [
                    {
                        "result": "Passed",
                        "message": "",
                        "type": ""
                    }
                ],
                "stdout": null,
                "stderr": null
            },
            {
                "classname": "tests.model.test_model",
                "name": "test_derivative",
                "time": 0.448,
                "results": [
                    {
                        "result": "Passed",
                        "message": "",
                        "type": ""
                    }
                ],
                "stdout": null,
                "stderr": null
            },
            {
                "classname": "tests.model.test_model",
                "name": "test_multi_sample",
                "time": 0.091,
                "results": [
                    {
                        "result": "Passed",
                        "message": "",
                        "type": ""
                    }
                ],
                "stdout": null,
                "stderr": null
            },
            {
                "classname": "tests.model.test_model",
                "name": "test_sample_correct_measure",
                "time": 0.027,
                "results": [
                    {
                        "result": "Passed",
                        "message": "",
                        "type": ""
                    }
                ],
                "stdout": null,
                "stderr": null
            },
            {
                "classname": "tests.model.test_model",
                "name": "test_approximate_multiplication",
                "time": 0.283,
                "results": [
                    {
                        "result": "Passed",
                        "message": "",
                        "type": ""
                    }
                ],
                "stdout": null,
                "stderr": null
            },
            {
                "classname": "tests.model.test_observations",
                "name": "test_combine",
                "time": 0.093,
                "results": [
                    {
                        "result": "Passed",
                        "message": "",
                        "type": ""
                    }
                ],
                "stdout": null,
                "stderr": null
            }
        ],
        "stdout": "[8d19271b-14d8-4965-9229-ee8147c38974/test] \ud83d\ude80  Start image=crawlergpt:latest\n[8d19271b-14d8-4965-9229-ee8147c38974/test]   \ud83d\udc33  docker pull image=crawlergpt:latest platform= username= forcePull=false\n[8d19271b-14d8-4965-9229-ee8147c38974/test]   \ud83d\udc33  docker create image=crawlergpt:latest platform= entrypoint=[\"tail\" \"-f\" \"/dev/null\"] cmd=[]\n[8d19271b-14d8-4965-9229-ee8147c38974/test]   \ud83d\udc33  docker run image=crawlergpt:latest platform= entrypoint=[\"tail\" \"-f\" \"/dev/null\"] cmd=[]\n[8d19271b-14d8-4965-9229-ee8147c38974/test]   \ud83d\udc33  docker exec cmd=[chown -R 1012:1013 /tmp/558156d8-17ed-11ee-8a50-bb14de238602/wesselb-stheno] user=0 workdir=\n[8d19271b-14d8-4965-9229-ee8147c38974/test]   \u2601  git clone 'https://github.com/actions/setup-python' # ref=v2\n[8d19271b-14d8-4965-9229-ee8147c38974/test] \ud83e\uddea  Matrix: map[python-version:3.7]\n[8d19271b-14d8-4965-9229-ee8147c38974/test] \u2b50 Run Main actions/checkout@v2\n[8d19271b-14d8-4965-9229-ee8147c38974/test]   \u2705  Success - Main actions/checkout@v2\n[8d19271b-14d8-4965-9229-ee8147c38974/test] \u2b50 Run Main Set up Python 3.7\n[8d19271b-14d8-4965-9229-ee8147c38974/test]   \ud83d\udc33  docker cp src=/tmp/act-cache/14c07310-8747-4e74-a1c3-8456128ba843/act/actions-setup-python@v2/ dst=/var/run/act/actions/actions-setup-python@v2/\n[8d19271b-14d8-4965-9229-ee8147c38974/test]   \ud83d\udc33  docker exec cmd=[chown -R 1012:1013 /var/run/act/actions/actions-setup-python@v2/] user=0 workdir=\n[8d19271b-14d8-4965-9229-ee8147c38974/test]   \ud83d\udc33  docker exec cmd=[node /var/run/act/actions/actions-setup-python@v2/dist/setup/index.js] user= workdir=\n[8d19271b-14d8-4965-9229-ee8147c38974/test]   \ud83d\udcac  ::debug::Semantic version spec of 3.7 is 3.7\n[8d19271b-14d8-4965-9229-ee8147c38974/test]   \ud83d\udcac  ::debug::isExplicit: \n[8d19271b-14d8-4965-9229-ee8147c38974/test]   \ud83d\udcac  ::debug::explicit? false\n[8d19271b-14d8-4965-9229-ee8147c38974/test]   \ud83d\udcac  ::debug::isExplicit: 2.7.18\n[8d19271b-14d8-4965-9229-ee8147c38974/test]   \ud83d\udcac  ::debug::explicit? true\n[8d19271b-14d8-4965-9229-ee8147c38974/test]   \ud83d\udcac  ::debug::isExplicit: 3.5.10\n[8d19271b-14d8-4965-9229-ee8147c38974/test]   \ud83d\udcac  ::debug::explicit? true\n[8d19271b-14d8-4965-9229-ee8147c38974/test]   \ud83d\udcac  ::debug::isExplicit: 3.6.14\n[8d19271b-14d8-4965-9229-ee8147c38974/test]   \ud83d\udcac  ::debug::explicit? true\n[8d19271b-14d8-4965-9229-ee8147c38974/test]   \ud83d\udcac  ::debug::isExplicit: 3.7.11\n[8d19271b-14d8-4965-9229-ee8147c38974/test]   \ud83d\udcac  ::debug::explicit? true\n[8d19271b-14d8-4965-9229-ee8147c38974/test]   \ud83d\udcac  ::debug::isExplicit: 3.8.11\n[8d19271b-14d8-4965-9229-ee8147c38974/test]   \ud83d\udcac  ::debug::explicit? true\n[8d19271b-14d8-4965-9229-ee8147c38974/test]   \ud83d\udcac  ::debug::isExplicit: 3.9.6\n[8d19271b-14d8-4965-9229-ee8147c38974/test]   \ud83d\udcac  ::debug::explicit? true\n[8d19271b-14d8-4965-9229-ee8147c38974/test]   \ud83d\udcac  ::debug::evaluating 6 versions\n[8d19271b-14d8-4965-9229-ee8147c38974/test]   \ud83d\udcac  ::debug::matched: 3.7.11\n[8d19271b-14d8-4965-9229-ee8147c38974/test]   \ud83d\udcac  ::debug::checking cache: /opt/hostedtoolcache/Python/3.7.11/x64\n[8d19271b-14d8-4965-9229-ee8147c38974/test]   \ud83d\udcac  ::debug::Found tool in cache Python 3.7.11 x64\n[8d19271b-14d8-4965-9229-ee8147c38974/test]   | Successfully setup CPython (3.7.11)\n[8d19271b-14d8-4965-9229-ee8147c38974/test]   \u2753 add-matcher /run/act/actions/actions-setup-python@v2/.github/python.json\n[8d19271b-14d8-4965-9229-ee8147c38974/test]   \u2705  Success - Main Set up Python 3.7\n[8d19271b-14d8-4965-9229-ee8147c38974/test]   \u2699  ::set-env:: pythonLocation=/opt/hostedtoolcache/Python/3.7.11/x64\n[8d19271b-14d8-4965-9229-ee8147c38974/test]   \u2699  ::set-env:: LD_LIBRARY_PATH=/opt/hostedtoolcache/Python/3.7.11/x64/lib\n[8d19271b-14d8-4965-9229-ee8147c38974/test]   \u2699  ::set-output:: python-version=3.7.11\n[8d19271b-14d8-4965-9229-ee8147c38974/test]   \u2699  ::add-path:: /opt/hostedtoolcache/Python/3.7.11/x64\n[8d19271b-14d8-4965-9229-ee8147c38974/test]   \u2699  ::add-path:: /opt/hostedtoolcache/Python/3.7.11/x64/bin\n[8d19271b-14d8-4965-9229-ee8147c38974/test] \u2b50 Run Main Install dependencies\n[8d19271b-14d8-4965-9229-ee8147c38974/test]   \ud83d\udc33  docker exec cmd=[bash --noprofile --norc -e -o pipefail /var/run/act/workflow/2] user= workdir=\n[8d19271b-14d8-4965-9229-ee8147c38974/test]   | Reading package lists...\n[8d19271b-14d8-4965-9229-ee8147c38974/test]   | Building dependency tree...\n[8d19271b-14d8-4965-9229-ee8147c38974/test]   | Reading state information...\n[8d19271b-14d8-4965-9229-ee8147c38974/test]   | gfortran is already the newest version (4:9.3.0-1ubuntu2).\n[8d19271b-14d8-4965-9229-ee8147c38974/test]   | gfortran set to manually installed.\n[8d19271b-14d8-4965-9229-ee8147c38974/test]   | 0 upgraded, 0 newly installed, 0 to remove and 20 not upgraded.\n[8d19271b-14d8-4965-9229-ee8147c38974/test]   | Requirement already satisfied: pip in /opt/hostedtoolcache/Python/3.7.11/x64/lib/python3.7/site-packages (21.2.4)\n[8d19271b-14d8-4965-9229-ee8147c38974/test]   | Collecting pip\n[8d19271b-14d8-4965-9229-ee8147c38974/test]   |   Downloading pip-23.1.2-py3-none-any.whl (2.1 MB)\n[8d19271b-14d8-4965-9229-ee8147c38974/test]   | Requirement already satisfied: setuptools in /opt/hostedtoolcache/Python/3.7.11/x64/lib/python3.7/site-packages (47.1.0)\n[8d19271b-14d8-4965-9229-ee8147c38974/test]   | Collecting setuptools\n[8d19271b-14d8-4965-9229-ee8147c38974/test]   |   Downloading setuptools-68.0.0-py3-none-any.whl (804 kB)\n[8d19271b-14d8-4965-9229-ee8147c38974/test]   | Collecting setuptools_scm[toml]\n[8d19271b-14d8-4965-9229-ee8147c38974/test]   |   Downloading setuptools_scm-7.1.0-py3-none-any.whl (43 kB)\n[8d19271b-14d8-4965-9229-ee8147c38974/test]   | Collecting setuptools_scm_git_archive\n[8d19271b-14d8-4965-9229-ee8147c38974/test]   |   Downloading setuptools_scm_git_archive-1.4-py2.py3-none-any.whl (3.3 kB)\n[8d19271b-14d8-4965-9229-ee8147c38974/test]   | Collecting numpy\n[8d19271b-14d8-4965-9229-ee8147c38974/test]   |   Downloading numpy-1.21.6-cp37-cp37m-manylinux_2_12_x86_64.manylinux2010_x86_64.whl (15.7 MB)\n[8d19271b-14d8-4965-9229-ee8147c38974/test]   | Collecting Cython\n[8d19271b-14d8-4965-9229-ee8147c38974/test]   |   Downloading Cython-0.29.35-cp37-cp37m-manylinux_2_17_x86_64.manylinux2014_x86_64.manylinux_2_24_x86_64.whl (1.9 MB)\n[8d19271b-14d8-4965-9229-ee8147c38974/test]   | Collecting tomli>=1.0.0\n[8d19271b-14d8-4965-9229-ee8147c38974/test]   |   Downloading tomli-2.0.1-py3-none-any.whl (12 kB)\n[8d19271b-14d8-4965-9229-ee8147c38974/test]   | Collecting typing-extensions\n[8d19271b-14d8-4965-9229-ee8147c38974/test]   |   Downloading typing_extensions-4.7.0-py3-none-any.whl (33 kB)\n[8d19271b-14d8-4965-9229-ee8147c38974/test]   | Collecting importlib-metadata\n[8d19271b-14d8-4965-9229-ee8147c38974/test]   |   Downloading importlib_metadata-6.7.0-py3-none-any.whl (22 kB)\n[8d19271b-14d8-4965-9229-ee8147c38974/test]   | Collecting packaging>=20.0\n[8d19271b-14d8-4965-9229-ee8147c38974/test]   |   Downloading packaging-23.1-py3-none-any.whl (48 kB)\n[8d19271b-14d8-4965-9229-ee8147c38974/test]   | Collecting zipp>=0.5\n[8d19271b-14d8-4965-9229-ee8147c38974/test]   |   Downloading zipp-3.15.0-py3-none-any.whl (6.8 kB)\n[8d19271b-14d8-4965-9229-ee8147c38974/test]   | Installing collected packages: zipp, typing-extensions, tomli, setuptools, packaging, importlib-metadata, setuptools-scm, setuptools-scm-git-archive, pip, numpy, Cython\n[8d19271b-14d8-4965-9229-ee8147c38974/test]   |   Attempting uninstall: setuptools\n[8d19271b-14d8-4965-9229-ee8147c38974/test]   |     Found existing installation: setuptools 47.1.0\n[8d19271b-14d8-4965-9229-ee8147c38974/test]   |     Uninstalling setuptools-47.1.0:\n[8d19271b-14d8-4965-9229-ee8147c38974/test]   |       Successfully uninstalled setuptools-47.1.0\n[8d19271b-14d8-4965-9229-ee8147c38974/test]   |   Attempting uninstall: pip\n[8d19271b-14d8-4965-9229-ee8147c38974/test]   |     Found existing installation: pip 21.2.4\n[8d19271b-14d8-4965-9229-ee8147c38974/test]   |     Uninstalling pip-21.2.4:\n[8d19271b-14d8-4965-9229-ee8147c38974/test]   |       Successfully uninstalled pip-21.2.4\n[8d19271b-14d8-4965-9229-ee8147c38974/test]   | Successfully installed Cython-0.29.35 importlib-metadata-6.7.0 numpy-1.21.6 packaging-23.1 pip-23.1.2 setuptools-68.0.0 setuptools-scm-7.1.0 setuptools-scm-git-archive-1.4 tomli-2.0.1 typing-extensions-4.7.0 zipp-3.15.0\n[8d19271b-14d8-4965-9229-ee8147c38974/test]   | 1.4.1\n[8d19271b-14d8-4965-9229-ee8147c38974/test]   | /opt/hostedtoolcache/Python/3.7.11/x64/lib/python3.7/site-packages/setuptools/config/setupcfg.py:293: _DeprecatedConfig: Deprecated config in `setup.cfg`\n[8d19271b-14d8-4965-9229-ee8147c38974/test]   | !!\n[8d19271b-14d8-4965-9229-ee8147c38974/test]   | \n[8d19271b-14d8-4965-9229-ee8147c38974/test]   |         ********************************************************************************\n[8d19271b-14d8-4965-9229-ee8147c38974/test]   |         The license_file parameter is deprecated, use license_files instead.\n[8d19271b-14d8-4965-9229-ee8147c38974/test]   | \n[8d19271b-14d8-4965-9229-ee8147c38974/test]   |         By 2023-Oct-30, you need to update your project and remove deprecated calls\n[8d19271b-14d8-4965-9229-ee8147c38974/test]   |         or your builds will no longer be supported.\n[8d19271b-14d8-4965-9229-ee8147c38974/test]   | \n[8d19271b-14d8-4965-9229-ee8147c38974/test]   |         See https://setuptools.pypa.io/en/latest/userguide/declarative_config.html for details.\n[8d19271b-14d8-4965-9229-ee8147c38974/test]   |         ********************************************************************************\n[8d19271b-14d8-4965-9229-ee8147c38974/test]   | \n[8d19271b-14d8-4965-9229-ee8147c38974/test]   | !!\n[8d19271b-14d8-4965-9229-ee8147c38974/test]   |   parsed = self.parsers.get(option_name, lambda x: x)(value)\n[8d19271b-14d8-4965-9229-ee8147c38974/test]   | /opt/hostedtoolcache/Python/3.7.11/x64/lib/python3.7/site-packages/setuptools/config/setupcfg.py:293: _DeprecatedConfig: Deprecated config in `setup.cfg`\n[8d19271b-14d8-4965-9229-ee8147c38974/test]   | !!\n[8d19271b-14d8-4965-9229-ee8147c38974/test]   | \n[8d19271b-14d8-4965-9229-ee8147c38974/test]   |         ********************************************************************************\n[8d19271b-14d8-4965-9229-ee8147c38974/test]   |         The license_file parameter is deprecated, use license_files instead.\n[8d19271b-14d8-4965-9229-ee8147c38974/test]   | \n[8d19271b-14d8-4965-9229-ee8147c38974/test]   |         By 2023-Oct-30, you need to update your project and remove deprecated calls\n[8d19271b-14d8-4965-9229-ee8147c38974/test]   |         or your builds will no longer be supported.\n[8d19271b-14d8-4965-9229-ee8147c38974/test]   | \n[8d19271b-14d8-4965-9229-ee8147c38974/test]   |         See https://setuptools.pypa.io/en/latest/userguide/declarative_config.html for details.\n[8d19271b-14d8-4965-9229-ee8147c38974/test]   |         ********************************************************************************\n[8d19271b-14d8-4965-9229-ee8147c38974/test]   | \n[8d19271b-14d8-4965-9229-ee8147c38974/test]   | !!\n[8d19271b-14d8-4965-9229-ee8147c38974/test]   |   parsed = self.parsers.get(option_name, lambda x: x)(value)\n[8d19271b-14d8-4965-9229-ee8147c38974/test]   | Obtaining file:///tmp/558156d8-17ed-11ee-8a50-bb14de238602/wesselb-stheno (from -r requirements.txt (line 2))\n[8d19271b-14d8-4965-9229-ee8147c38974/test]   |   Installing build dependencies: started\n[8d19271b-14d8-4965-9229-ee8147c38974/test]   |   Installing build dependencies: finished with status 'done'\n[8d19271b-14d8-4965-9229-ee8147c38974/test]   |   Checking if build backend supports build_editable: started\n[8d19271b-14d8-4965-9229-ee8147c38974/test]   |   Checking if build backend supports build_editable: finished with status 'done'\n[8d19271b-14d8-4965-9229-ee8147c38974/test]   |   Getting requirements to build editable: started\n[8d19271b-14d8-4965-9229-ee8147c38974/test]   |   Getting requirements to build editable: finished with status 'done'\n[8d19271b-14d8-4965-9229-ee8147c38974/test]   |   Preparing editable metadata (pyproject.toml): started\n[8d19271b-14d8-4965-9229-ee8147c38974/test]   |   Preparing editable metadata (pyproject.toml): finished with status 'done'\n[8d19271b-14d8-4965-9229-ee8147c38974/test]   | Collecting sphinx (from -r requirements.txt (line 3))\n[8d19271b-14d8-4965-9229-ee8147c38974/test]   |   Downloading sphinx-5.3.0-py3-none-any.whl (3.2 MB)\n[8d19271b-14d8-4965-9229-ee8147c38974/test]   |      \u2501\u2501\u2501\u2501\u2501\u2501\u2501\u2501\u2501\u2501\u2501\u2501\u2501\u2501\u2501\u2501\u2501\u2501\u2501\u2501\u2501\u2501\u2501\u2501\u2501\u2501\u2501\u2501\u2501\u2501\u2501\u2501\u2501\u2501\u2501\u2501\u2501\u2501\u2501\u2501 3.2/3.2 MB 39.4 MB/s eta 0:00:00\n[8d19271b-14d8-4965-9229-ee8147c38974/test]   | Collecting sphinx-rtd-theme (from -r requirements.txt (line 4))\n[8d19271b-14d8-4965-9229-ee8147c38974/test]   |   Downloading sphinx_rtd_theme-1.2.2-py2.py3-none-any.whl (2.8 MB)\n[8d19271b-14d8-4965-9229-ee8147c38974/test]   |      \u2501\u2501\u2501\u2501\u2501\u2501\u2501\u2501\u2501\u2501\u2501\u2501\u2501\u2501\u2501\u2501\u2501\u2501\u2501\u2501\u2501\u2501\u2501\u2501\u2501\u2501\u2501\u2501\u2501\u2501\u2501\u2501\u2501\u2501\u2501\u2501\u2501\u2501\u2501\u2501 2.8/2.8 MB 58.5 MB/s eta 0:00:00\n[8d19271b-14d8-4965-9229-ee8147c38974/test]   | Collecting pytest (from -r requirements.txt (line 5))\n[8d19271b-14d8-4965-9229-ee8147c38974/test]   |   Downloading pytest-7.4.0-py3-none-any.whl (323 kB)\n[8d19271b-14d8-4965-9229-ee8147c38974/test]   |      \u2501\u2501\u2501\u2501\u2501\u2501\u2501\u2501\u2501\u2501\u2501\u2501\u2501\u2501\u2501\u2501\u2501\u2501\u2501\u2501\u2501\u2501\u2501\u2501\u2501\u2501\u2501\u2501\u2501\u2501\u2501\u2501\u2501\u2501\u2501\u2501\u2501 323.6/323.6 kB 122.6 MB/s eta 0:00:00\n[8d19271b-14d8-4965-9229-ee8147c38974/test]   | Collecting pytest-cov (from -r requirements.txt (line 6))\n[8d19271b-14d8-4965-9229-ee8147c38974/test]   |   Downloading pytest_cov-4.1.0-py3-none-any.whl (21 kB)\n[8d19271b-14d8-4965-9229-ee8147c38974/test]   | Collecting coveralls (from -r requirements.txt (line 7))\n[8d19271b-14d8-4965-9229-ee8147c38974/test]   |   Downloading coveralls-3.3.1-py2.py3-none-any.whl (14 kB)\n[8d19271b-14d8-4965-9229-ee8147c38974/test]   | Collecting autograd (from -r requirements.txt (line 8))\n[8d19271b-14d8-4965-9229-ee8147c38974/test]   |   Downloading autograd-1.6.2-py3-none-any.whl (49 kB)\n[8d19271b-14d8-4965-9229-ee8147c38974/test]   |      \u2501\u2501\u2501\u2501\u2501\u2501\u2501\u2501\u2501\u2501\u2501\u2501\u2501\u2501\u2501\u2501\u2501\u2501\u2501\u2501\u2501\u2501\u2501\u2501\u2501\u2501\u2501\u2501\u2501\u2501\u2501\u2501\u2501\u2501\u2501\u2501\u2501\u2501\u2501 49.3/49.3 kB 102.7 MB/s eta 0:00:00\n[8d19271b-14d8-4965-9229-ee8147c38974/test]   | Collecting tensorflow>=2 (from -r requirements.txt (line 9))\n[8d19271b-14d8-4965-9229-ee8147c38974/test]   |   Downloading tensorflow-2.11.0-cp37-cp37m-manylinux_2_17_x86_64.manylinux2014_x86_64.whl (588.3 MB)\n[8d19271b-14d8-4965-9229-ee8147c38974/test]   |      \u2501\u2501\u2501\u2501\u2501\u2501\u2501\u2501\u2501\u2501\u2501\u2501\u2501\u2501\u2501\u2501\u2501\u2501\u2501\u2501\u2501\u2501\u2501\u2501\u2501\u2501\u2501\u2501\u2501\u2501\u2501\u2501\u2501\u2501\u2501\u2501\u2501\u2501\u2501 588.3/588.3 MB 7.6 MB/s eta 0:00:00\n[8d19271b-14d8-4965-9229-ee8147c38974/test]   | Collecting tensorflow-probability (from -r requirements.txt (line 10))\n[8d19271b-14d8-4965-9229-ee8147c38974/test]   |   Downloading tensorflow_probability-0.19.0-py2.py3-none-any.whl (6.7 MB)\n[8d19271b-14d8-4965-9229-ee8147c38974/test]   |      \u2501\u2501\u2501\u2501\u2501\u2501\u2501\u2501\u2501\u2501\u2501\u2501\u2501\u2501\u2501\u2501\u2501\u2501\u2501\u2501\u2501\u2501\u2501\u2501\u2501\u2501\u2501\u2501\u2501\u2501\u2501\u2501\u2501\u2501\u2501\u2501\u2501\u2501\u2501\u2501 6.7/6.7 MB 16.0 MB/s eta 0:00:00\n[8d19271b-14d8-4965-9229-ee8147c38974/test]   | Collecting torch (from -r requirements.txt (line 11))\n[8d19271b-14d8-4965-9229-ee8147c38974/test]   |   Downloading torch-1.13.1-cp37-cp37m-manylinux1_x86_64.whl (887.5 MB)\n[8d19271b-14d8-4965-9229-ee8147c38974/test]   |      \u2501\u2501\u2501\u2501\u2501\u2501\u2501\u2501\u2501\u2501\u2501\u2501\u2501\u2501\u2501\u2501\u2501\u2501\u2501\u2501\u2501\u2501\u2501\u2501\u2501\u2501\u2501\u2501\u2501\u2501\u2501\u2501\u2501\u2501\u2501\u2501\u2501\u2501 887.5/887.5 MB 53.2 MB/s eta 0:00:00\n[8d19271b-14d8-4965-9229-ee8147c38974/test]   | Collecting jax (from -r requirements.txt (line 12))\n[8d19271b-14d8-4965-9229-ee8147c38974/test]   |   Downloading jax-0.3.25.tar.gz (1.1 MB)\n[8d19271b-14d8-4965-9229-ee8147c38974/test]   |      \u2501\u2501\u2501\u2501\u2501\u2501\u2501\u2501\u2501\u2501\u2501\u2501\u2501\u2501\u2501\u2501\u2501\u2501\u2501\u2501\u2501\u2501\u2501\u2501\u2501\u2501\u2501\u2501\u2501\u2501\u2501\u2501\u2501\u2501\u2501\u2501\u2501\u2501\u2501\u2501 1.1/1.1 MB 60.5 MB/s eta 0:00:00\n[8d19271b-14d8-4965-9229-ee8147c38974/test]   |   Installing build dependencies: started\n[8d19271b-14d8-4965-9229-ee8147c38974/test]   |   Installing build dependencies: finished with status 'done'\n[8d19271b-14d8-4965-9229-ee8147c38974/test]   |   Getting requirements to build wheel: started\n[8d19271b-14d8-4965-9229-ee8147c38974/test]   |   Getting requirements to build wheel: finished with status 'done'\n[8d19271b-14d8-4965-9229-ee8147c38974/test]   |   Preparing metadata (pyproject.toml): started\n[8d19271b-14d8-4965-9229-ee8147c38974/test]   |   Preparing metadata (pyproject.toml): finished with status 'done'\n[8d19271b-14d8-4965-9229-ee8147c38974/test]   | Collecting jaxlib (from -r requirements.txt (line 13))\n[8d19271b-14d8-4965-9229-ee8147c38974/test]   |   Downloading jaxlib-0.3.25-cp37-cp37m-manylinux2014_x86_64.whl (71.2 MB)\n[8d19271b-14d8-4965-9229-ee8147c38974/test]   |      \u2501\u2501\u2501\u2501\u2501\u2501\u2501\u2501\u2501\u2501\u2501\u2501\u2501\u2501\u2501\u2501\u2501\u2501\u2501\u2501\u2501\u2501\u2501\u2501\u2501\u2501\u2501\u2501\u2501\u2501\u2501\u2501\u2501\u2501\u2501\u2501\u2501\u2501\u2501\u2501 71.2/71.2 MB 10.3 MB/s eta 0:00:00\n[8d19271b-14d8-4965-9229-ee8147c38974/test]   | Requirement already satisfied: setuptools_scm[toml] in /opt/hostedtoolcache/Python/3.7.11/x64/lib/python3.7/site-packages (from -r requirements.txt (line 14)) (7.1.0)\n[8d19271b-14d8-4965-9229-ee8147c38974/test]   | Requirement already satisfied: setuptools_scm_git_archive in /opt/hostedtoolcache/Python/3.7.11/x64/lib/python3.7/site-packages (from -r requirements.txt (line 15)) (1.4)\n[8d19271b-14d8-4965-9229-ee8147c38974/test]   | Requirement already satisfied: numpy>=1.16 in /opt/hostedtoolcache/Python/3.7.11/x64/lib/python3.7/site-packages (from stheno==1.4.1->-r requirements.txt (line 2)) (1.21.6)\n[8d19271b-14d8-4965-9229-ee8147c38974/test]   | Collecting fdm (from stheno==1.4.1->-r requirements.txt (line 2))\n[8d19271b-14d8-4965-9229-ee8147c38974/test]   |   Downloading fdm-0.4.1.tar.gz (11 kB)\n[8d19271b-14d8-4965-9229-ee8147c38974/test]   |   Installing build dependencies: started\n[8d19271b-14d8-4965-9229-ee8147c38974/test]   |   Installing build dependencies: finished with status 'done'\n[8d19271b-14d8-4965-9229-ee8147c38974/test]   |   Getting requirements to build wheel: started\n[8d19271b-14d8-4965-9229-ee8147c38974/test]   |   Getting requirements to build wheel: finished with status 'done'\n[8d19271b-14d8-4965-9229-ee8147c38974/test]   |   Preparing metadata (pyproject.toml): started\n[8d19271b-14d8-4965-9229-ee8147c38974/test]   |   Preparing metadata (pyproject.toml): finished with status 'done'\n[8d19271b-14d8-4965-9229-ee8147c38974/test]   | Collecting algebra>=1 (from stheno==1.4.1->-r requirements.txt (line 2))\n[8d19271b-14d8-4965-9229-ee8147c38974/test]   |   Downloading algebra-1.2.1.tar.gz (19 kB)\n[8d19271b-14d8-4965-9229-ee8147c38974/test]   |   Installing build dependencies: started\n[8d19271b-14d8-4965-9229-ee8147c38974/test]   |   Installing build dependencies: finished with status 'done'\n[8d19271b-14d8-4965-9229-ee8147c38974/test]   |   Getting requirements to build wheel: started\n[8d19271b-14d8-4965-9229-ee8147c38974/test]   |   Getting requirements to build wheel: finished with status 'done'\n[8d19271b-14d8-4965-9229-ee8147c38974/test]   |   Preparing metadata (pyproject.toml): started\n[8d19271b-14d8-4965-9229-ee8147c38974/test]   |   Preparing metadata (pyproject.toml): finished with status 'done'\n[8d19271b-14d8-4965-9229-ee8147c38974/test]   | Collecting plum-dispatch>=2 (from stheno==1.4.1->-r requirements.txt (line 2))\n[8d19271b-14d8-4965-9229-ee8147c38974/test]   |   Downloading plum_dispatch-2.1.1-py3-none-any.whl (28 kB)\n[8d19271b-14d8-4965-9229-ee8147c38974/test]   | Collecting backends>=1.4.11 (from stheno==1.4.1->-r requirements.txt (line 2))\n[8d19271b-14d8-4965-9229-ee8147c38974/test]   |   Downloading backends-1.5.4.tar.gz (81 kB)\n[8d19271b-14d8-4965-9229-ee8147c38974/test]   |      \u2501\u2501\u2501\u2501\u2501\u2501\u2501\u2501\u2501\u2501\u2501\u2501\u2501\u2501\u2501\u2501\u2501\u2501\u2501\u2501\u2501\u2501\u2501\u2501\u2501\u2501\u2501\u2501\u2501\u2501\u2501\u2501\u2501\u2501\u2501\u2501\u2501\u2501\u2501\u2501 81.2/81.2 kB 88.9 MB/s eta 0:00:00\n[8d19271b-14d8-4965-9229-ee8147c38974/test]   |   Installing build dependencies: started\n[8d19271b-14d8-4965-9229-ee8147c38974/test]   |   Installing build dependencies: finished with status 'done'\n[8d19271b-14d8-4965-9229-ee8147c38974/test]   |   Getting requirements to build wheel: started\n[8d19271b-14d8-4965-9229-ee8147c38974/test]   |   Getting requirements to build wheel: finished with status 'done'\n[8d19271b-14d8-4965-9229-ee8147c38974/test]   |   Preparing metadata (pyproject.toml): started\n[8d19271b-14d8-4965-9229-ee8147c38974/test]   |   Preparing metadata (pyproject.toml): finished with status 'done'\n[8d19271b-14d8-4965-9229-ee8147c38974/test]   | Collecting backends-matrix>=1.2.11 (from stheno==1.4.1->-r requirements.txt (line 2))\n[8d19271b-14d8-4965-9229-ee8147c38974/test]   |   Downloading backends_matrix-1.3.0-py3-none-any.whl (98 kB)\n[8d19271b-14d8-4965-9229-ee8147c38974/test]   |      \u2501\u2501\u2501\u2501\u2501\u2501\u2501\u2501\u2501\u2501\u2501\u2501\u2501\u2501\u2501\u2501\u2501\u2501\u2501\u2501\u2501\u2501\u2501\u2501\u2501\u2501\u2501\u2501\u2501\u2501\u2501\u2501\u2501\u2501\u2501\u2501\u2501\u2501\u2501 98.9/98.9 kB 101.2 MB/s eta 0:00:00\n[8d19271b-14d8-4965-9229-ee8147c38974/test]   | Collecting mlkernels>=0.3.6 (from stheno==1.4.1->-r requirements.txt (line 2))\n[8d19271b-14d8-4965-9229-ee8147c38974/test]   |   Downloading mlkernels-0.4.0-py3-none-any.whl (55 kB)\n[8d19271b-14d8-4965-9229-ee8147c38974/test]   |      \u2501\u2501\u2501\u2501\u2501\u2501\u2501\u2501\u2501\u2501\u2501\u2501\u2501\u2501\u2501\u2501\u2501\u2501\u2501\u2501\u2501\u2501\u2501\u2501\u2501\u2501\u2501\u2501\u2501\u2501\u2501\u2501\u2501\u2501\u2501\u2501\u2501\u2501\u2501\u2501 55.4/55.4 kB 95.3 MB/s eta 0:00:00\n[8d19271b-14d8-4965-9229-ee8147c38974/test]   | Collecting wbml>=0.4.0 (from stheno==1.4.1->-r requirements.txt (line 2))\n[8d19271b-14d8-4965-9229-ee8147c38974/test]   |   Downloading wbml-0.4.1-py3-none-any.whl (44 kB)\n[8d19271b-14d8-4965-9229-ee8147c38974/test]   |      \u2501\u2501\u2501\u2501\u2501\u2501\u2501\u2501\u2501\u2501\u2501\u2501\u2501\u2501\u2501\u2501\u2501\u2501\u2501\u2501\u2501\u2501\u2501\u2501\u2501\u2501\u2501\u2501\u2501\u2501\u2501\u2501\u2501\u2501\u2501\u2501\u2501\u2501\u2501 44.4/44.4 kB 111.7 MB/s eta 0:00:00\n[8d19271b-14d8-4965-9229-ee8147c38974/test]   | Collecting sphinxcontrib-applehelp (from sphinx->-r requirements.txt (line 3))\n[8d19271b-14d8-4965-9229-ee8147c38974/test]   |   Downloading sphinxcontrib_applehelp-1.0.2-py2.py3-none-any.whl (121 kB)\n[8d19271b-14d8-4965-9229-ee8147c38974/test]   |      \u2501\u2501\u2501\u2501\u2501\u2501\u2501\u2501\u2501\u2501\u2501\u2501\u2501\u2501\u2501\u2501\u2501\u2501\u2501\u2501\u2501\u2501\u2501\u2501\u2501\u2501\u2501\u2501\u2501\u2501\u2501\u2501\u2501\u2501\u2501\u2501\u2501 121.2/121.2 kB 128.7 MB/s eta 0:00:00\n[8d19271b-14d8-4965-9229-ee8147c38974/test]   | Collecting sphinxcontrib-devhelp (from sphinx->-r requirements.txt (line 3))\n[8d19271b-14d8-4965-9229-ee8147c38974/test]   |   Downloading sphinxcontrib_devhelp-1.0.2-py2.py3-none-any.whl (84 kB)\n[8d19271b-14d8-4965-9229-ee8147c38974/test]   |      \u2501\u2501\u2501\u2501\u2501\u2501\u2501\u2501\u2501\u2501\u2501\u2501\u2501\u2501\u2501\u2501\u2501\u2501\u2501\u2501\u2501\u2501\u2501\u2501\u2501\u2501\u2501\u2501\u2501\u2501\u2501\u2501\u2501\u2501\u2501\u2501\u2501\u2501\u2501 84.7/84.7 kB 154.0 MB/s eta 0:00:00\n[8d19271b-14d8-4965-9229-ee8147c38974/test]   | Collecting sphinxcontrib-jsmath (from sphinx->-r requirements.txt (line 3))\n[8d19271b-14d8-4965-9229-ee8147c38974/test]   |   Downloading sphinxcontrib_jsmath-1.0.1-py2.py3-none-any.whl (5.1 kB)\n[8d19271b-14d8-4965-9229-ee8147c38974/test]   | Collecting sphinxcontrib-htmlhelp>=2.0.0 (from sphinx->-r requirements.txt (line 3))\n[8d19271b-14d8-4965-9229-ee8147c38974/test]   |   Downloading sphinxcontrib_htmlhelp-2.0.0-py2.py3-none-any.whl (100 kB)\n[8d19271b-14d8-4965-9229-ee8147c38974/test]   |      \u2501\u2501\u2501\u2501\u2501\u2501\u2501\u2501\u2501\u2501\u2501\u2501\u2501\u2501\u2501\u2501\u2501\u2501\u2501\u2501\u2501\u2501\u2501\u2501\u2501\u2501\u2501\u2501\u2501\u2501\u2501\u2501\u2501\u2501\u2501\u2501\u2501 100.5/100.5 kB 116.6 MB/s eta 0:00:00\n[8d19271b-14d8-4965-9229-ee8147c38974/test]   | Collecting sphinxcontrib-serializinghtml>=1.1.5 (from sphinx->-r requirements.txt (line 3))\n[8d19271b-14d8-4965-9229-ee8147c38974/test]   |   Downloading sphinxcontrib_serializinghtml-1.1.5-py2.py3-none-any.whl (94 kB)\n[8d19271b-14d8-4965-9229-ee8147c38974/test]   |      \u2501\u2501\u2501\u2501\u2501\u2501\u2501\u2501\u2501\u2501\u2501\u2501\u2501\u2501\u2501\u2501\u2501\u2501\u2501\u2501\u2501\u2501\u2501\u2501\u2501\u2501\u2501\u2501\u2501\u2501\u2501\u2501\u2501\u2501\u2501\u2501\u2501\u2501\u2501\u2501 94.0/94.0 kB 83.7 MB/s eta 0:00:00\n[8d19271b-14d8-4965-9229-ee8147c38974/test]   | Collecting sphinxcontrib-qthelp (from sphinx->-r requirements.txt (line 3))\n[8d19271b-14d8-4965-9229-ee8147c38974/test]   |   Downloading sphinxcontrib_qthelp-1.0.3-py2.py3-none-any.whl (90 kB)\n[8d19271b-14d8-4965-9229-ee8147c38974/test]   |      \u2501\u2501\u2501\u2501\u2501\u2501\u2501\u2501\u2501\u2501\u2501\u2501\u2501\u2501\u2501\u2501\u2501\u2501\u2501\u2501\u2501\u2501\u2501\u2501\u2501\u2501\u2501\u2501\u2501\u2501\u2501\u2501\u2501\u2501\u2501\u2501\u2501\u2501\u2501\u2501 90.6/90.6 kB 76.9 MB/s eta 0:00:00\n[8d19271b-14d8-4965-9229-ee8147c38974/test]   | Collecting Jinja2>=3.0 (from sphinx->-r requirements.txt (line 3))\n[8d19271b-14d8-4965-9229-ee8147c38974/test]   |   Downloading Jinja2-3.1.2-py3-none-any.whl (133 kB)\n[8d19271b-14d8-4965-9229-ee8147c38974/test]   |      \u2501\u2501\u2501\u2501\u2501\u2501\u2501\u2501\u2501\u2501\u2501\u2501\u2501\u2501\u2501\u2501\u2501\u2501\u2501\u2501\u2501\u2501\u2501\u2501\u2501\u2501\u2501\u2501\u2501\u2501\u2501\u2501\u2501\u2501\u2501\u2501\u2501\u2501 133.1/133.1 kB 61.1 MB/s eta 0:00:00\n[8d19271b-14d8-4965-9229-ee8147c38974/test]   | Collecting Pygments>=2.12 (from sphinx->-r requirements.txt (line 3))\n[8d19271b-14d8-4965-9229-ee8147c38974/test]   |   Downloading Pygments-2.15.1-py3-none-any.whl (1.1 MB)\n[8d19271b-14d8-4965-9229-ee8147c38974/test]   |      \u2501\u2501\u2501\u2501\u2501\u2501\u2501\u2501\u2501\u2501\u2501\u2501\u2501\u2501\u2501\u2501\u2501\u2501\u2501\u2501\u2501\u2501\u2501\u2501\u2501\u2501\u2501\u2501\u2501\u2501\u2501\u2501\u2501\u2501\u2501\u2501\u2501\u2501\u2501\u2501 1.1/1.1 MB 17.3 MB/s eta 0:00:00\n[8d19271b-14d8-4965-9229-ee8147c38974/test]   | Collecting docutils<0.20,>=0.14 (from sphinx->-r requirements.txt (line 3))\n[8d19271b-14d8-4965-9229-ee8147c38974/test]   |   Downloading docutils-0.19-py3-none-any.whl (570 kB)\n[8d19271b-14d8-4965-9229-ee8147c38974/test]   |      \u2501\u2501\u2501\u2501\u2501\u2501\u2501\u2501\u2501\u2501\u2501\u2501\u2501\u2501\u2501\u2501\u2501\u2501\u2501\u2501\u2501\u2501\u2501\u2501\u2501\u2501\u2501\u2501\u2501\u2501\u2501\u2501\u2501\u2501\u2501\u2501\u2501\u2501 570.5/570.5 kB 11.9 MB/s eta 0:00:00\n[8d19271b-14d8-4965-9229-ee8147c38974/test]   | Collecting snowballstemmer>=2.0 (from sphinx->-r requirements.txt (line 3))\n[8d19271b-14d8-4965-9229-ee8147c38974/test]   |   Downloading snowballstemmer-2.2.0-py2.py3-none-any.whl (93 kB)\n[8d19271b-14d8-4965-9229-ee8147c38974/test]   |      \u2501\u2501\u2501\u2501\u2501\u2501\u2501\u2501\u2501\u2501\u2501\u2501\u2501\u2501\u2501\u2501\u2501\u2501\u2501\u2501\u2501\u2501\u2501\u2501\u2501\u2501\u2501\u2501\u2501\u2501\u2501\u2501\u2501\u2501\u2501\u2501\u2501\u2501\u2501\u2501 93.0/93.0 kB 19.1 MB/s eta 0:00:00\n[8d19271b-14d8-4965-9229-ee8147c38974/test]   | Collecting babel>=2.9 (from sphinx->-r requirements.txt (line 3))\n[8d19271b-14d8-4965-9229-ee8147c38974/test]   |   Downloading Babel-2.12.1-py3-none-any.whl (10.1 MB)\n[8d19271b-14d8-4965-9229-ee8147c38974/test]   |      \u2501\u2501\u2501\u2501\u2501\u2501\u2501\u2501\u2501\u2501\u2501\u2501\u2501\u2501\u2501\u2501\u2501\u2501\u2501\u2501\u2501\u2501\u2501\u2501\u2501\u2501\u2501\u2501\u2501\u2501\u2501\u2501\u2501\u2501\u2501\u2501\u2501\u2501\u2501\u2501 10.1/10.1 MB 17.2 MB/s eta 0:00:00\n[8d19271b-14d8-4965-9229-ee8147c38974/test]   | Collecting alabaster<0.8,>=0.7 (from sphinx->-r requirements.txt (line 3))\n[8d19271b-14d8-4965-9229-ee8147c38974/test]   |   Downloading alabaster-0.7.13-py3-none-any.whl (13 kB)\n[8d19271b-14d8-4965-9229-ee8147c38974/test]   | Collecting imagesize>=1.3 (from sphinx->-r requirements.txt (line 3))\n[8d19271b-14d8-4965-9229-ee8147c38974/test]   |   Downloading imagesize-1.4.1-py2.py3-none-any.whl (8.8 kB)\n[8d19271b-14d8-4965-9229-ee8147c38974/test]   | Collecting requests>=2.5.0 (from sphinx->-r requirements.txt (line 3))\n[8d19271b-14d8-4965-9229-ee8147c38974/test]   |   Downloading requests-2.31.0-py3-none-any.whl (62 kB)\n[8d19271b-14d8-4965-9229-ee8147c38974/test]   |      \u2501\u2501\u2501\u2501\u2501\u2501\u2501\u2501\u2501\u2501\u2501\u2501\u2501\u2501\u2501\u2501\u2501\u2501\u2501\u2501\u2501\u2501\u2501\u2501\u2501\u2501\u2501\u2501\u2501\u2501\u2501\u2501\u2501\u2501\u2501\u2501\u2501\u2501\u2501\u2501 62.6/62.6 kB 20.6 MB/s eta 0:00:00\n[8d19271b-14d8-4965-9229-ee8147c38974/test]   | Requirement already satisfied: packaging>=21.0 in /opt/hostedtoolcache/Python/3.7.11/x64/lib/python3.7/site-packages (from sphinx->-r requirements.txt (line 3)) (23.1)\n[8d19271b-14d8-4965-9229-ee8147c38974/test]   | Requirement already satisfied: importlib-metadata>=4.8 in /opt/hostedtoolcache/Python/3.7.11/x64/lib/python3.7/site-packages (from sphinx->-r requirements.txt (line 3)) (6.7.0)\n[8d19271b-14d8-4965-9229-ee8147c38974/test]   | Collecting docutils<0.20,>=0.14 (from sphinx->-r requirements.txt (line 3))\n[8d19271b-14d8-4965-9229-ee8147c38974/test]   |   Downloading docutils-0.18.1-py2.py3-none-any.whl (570 kB)\n[8d19271b-14d8-4965-9229-ee8147c38974/test]   |      \u2501\u2501\u2501\u2501\u2501\u2501\u2501\u2501\u2501\u2501\u2501\u2501\u2501\u2501\u2501\u2501\u2501\u2501\u2501\u2501\u2501\u2501\u2501\u2501\u2501\u2501\u2501\u2501\u2501\u2501\u2501\u2501\u2501\u2501\u2501\u2501\u2501\u2501 570.0/570.0 kB 23.4 MB/s eta 0:00:00\n[8d19271b-14d8-4965-9229-ee8147c38974/test]   | Collecting sphinxcontrib-jquery<5,>=4 (from sphinx-rtd-theme->-r requirements.txt (line 4))\n[8d19271b-14d8-4965-9229-ee8147c38974/test]   |   Downloading sphinxcontrib_jquery-4.1-py2.py3-none-any.whl (121 kB)\n[8d19271b-14d8-4965-9229-ee8147c38974/test]   |      \u2501\u2501\u2501\u2501\u2501\u2501\u2501\u2501\u2501\u2501\u2501\u2501\u2501\u2501\u2501\u2501\u2501\u2501\u2501\u2501\u2501\u2501\u2501\u2501\u2501\u2501\u2501\u2501\u2501\u2501\u2501\u2501\u2501\u2501\u2501\u2501\u2501\u2501 121.1/121.1 kB 57.4 MB/s eta 0:00:00\n[8d19271b-14d8-4965-9229-ee8147c38974/test]   | Collecting iniconfig (from pytest->-r requirements.txt (line 5))\n[8d19271b-14d8-4965-9229-ee8147c38974/test]   |   Downloading iniconfig-2.0.0-py3-none-any.whl (5.9 kB)\n[8d19271b-14d8-4965-9229-ee8147c38974/test]   | Collecting pluggy<2.0,>=0.12 (from pytest->-r requirements.txt (line 5))\n[8d19271b-14d8-4965-9229-ee8147c38974/test]   |   Downloading pluggy-1.2.0-py3-none-any.whl (17 kB)\n[8d19271b-14d8-4965-9229-ee8147c38974/test]   | Collecting exceptiongroup>=1.0.0rc8 (from pytest->-r requirements.txt (line 5))\n[8d19271b-14d8-4965-9229-ee8147c38974/test]   |   Downloading exceptiongroup-1.1.1-py3-none-any.whl (14 kB)\n[8d19271b-14d8-4965-9229-ee8147c38974/test]   | Requirement already satisfied: tomli>=1.0.0 in /opt/hostedtoolcache/Python/3.7.11/x64/lib/python3.7/site-packages (from pytest->-r requirements.txt (line 5)) (2.0.1)\n[8d19271b-14d8-4965-9229-ee8147c38974/test]   | Collecting coverage[toml]>=5.2.1 (from pytest-cov->-r requirements.txt (line 6))\n[8d19271b-14d8-4965-9229-ee8147c38974/test]   |   Downloading coverage-7.2.7-cp37-cp37m-manylinux_2_5_x86_64.manylinux1_x86_64.manylinux_2_17_x86_64.manylinux2014_x86_64.whl (225 kB)\n[8d19271b-14d8-4965-9229-ee8147c38974/test]   |      \u2501\u2501\u2501\u2501\u2501\u2501\u2501\u2501\u2501\u2501\u2501\u2501\u2501\u2501\u2501\u2501\u2501\u2501\u2501\u2501\u2501\u2501\u2501\u2501\u2501\u2501\u2501\u2501\u2501\u2501\u2501\u2501\u2501\u2501\u2501\u2501\u2501\u2501 225.6/225.6 kB 11.2 MB/s eta 0:00:00\n[8d19271b-14d8-4965-9229-ee8147c38974/test]   | Collecting coverage!=6.0.*,!=6.1,!=6.1.1,<7.0,>=4.1 (from coveralls->-r requirements.txt (line 7))\n[8d19271b-14d8-4965-9229-ee8147c38974/test]   |   Downloading coverage-6.5.0-cp37-cp37m-manylinux_2_5_x86_64.manylinux1_x86_64.manylinux_2_17_x86_64.manylinux2014_x86_64.whl (210 kB)\n[8d19271b-14d8-4965-9229-ee8147c38974/test]   |      \u2501\u2501\u2501\u2501\u2501\u2501\u2501\u2501\u2501\u2501\u2501\u2501\u2501\u2501\u2501\u2501\u2501\u2501\u2501\u2501\u2501\u2501\u2501\u2501\u2501\u2501\u2501\u2501\u2501\u2501\u2501\u2501\u2501\u2501\u2501\u2501\u2501\u2501 210.1/210.1 kB 24.1 MB/s eta 0:00:00\n[8d19271b-14d8-4965-9229-ee8147c38974/test]   | Collecting docopt>=0.6.1 (from coveralls->-r requirements.txt (line 7))\n[8d19271b-14d8-4965-9229-ee8147c38974/test]   |   Downloading docopt-0.6.2.tar.gz (25 kB)\n[8d19271b-14d8-4965-9229-ee8147c38974/test]   |   Installing build dependencies: started\n[8d19271b-14d8-4965-9229-ee8147c38974/test]   |   Installing build dependencies: finished with status 'done'\n[8d19271b-14d8-4965-9229-ee8147c38974/test]   |   Getting requirements to build wheel: started\n[8d19271b-14d8-4965-9229-ee8147c38974/test]   |   Getting requirements to build wheel: finished with status 'done'\n[8d19271b-14d8-4965-9229-ee8147c38974/test]   |   Preparing metadata (pyproject.toml): started\n[8d19271b-14d8-4965-9229-ee8147c38974/test]   |   Preparing metadata (pyproject.toml): finished with status 'done'\n[8d19271b-14d8-4965-9229-ee8147c38974/test]   | Collecting future>=0.15.2 (from autograd->-r requirements.txt (line 8))\n[8d19271b-14d8-4965-9229-ee8147c38974/test]   |   Downloading future-0.18.3.tar.gz (840 kB)\n[8d19271b-14d8-4965-9229-ee8147c38974/test]   |      \u2501\u2501\u2501\u2501\u2501\u2501\u2501\u2501\u2501\u2501\u2501\u2501\u2501\u2501\u2501\u2501\u2501\u2501\u2501\u2501\u2501\u2501\u2501\u2501\u2501\u2501\u2501\u2501\u2501\u2501\u2501\u2501\u2501\u2501\u2501\u2501\u2501\u2501 840.9/840.9 kB 25.1 MB/s eta 0:00:00\n[8d19271b-14d8-4965-9229-ee8147c38974/test]   |   Installing build dependencies: started\n[8d19271b-14d8-4965-9229-ee8147c38974/test]   |   Installing build dependencies: finished with status 'done'\n[8d19271b-14d8-4965-9229-ee8147c38974/test]   |   Getting requirements to build wheel: started\n[8d19271b-14d8-4965-9229-ee8147c38974/test]   |   Getting requirements to build wheel: finished with status 'done'\n[8d19271b-14d8-4965-9229-ee8147c38974/test]   |   Preparing metadata (pyproject.toml): started\n[8d19271b-14d8-4965-9229-ee8147c38974/test]   |   Preparing metadata (pyproject.toml): finished with status 'done'\n[8d19271b-14d8-4965-9229-ee8147c38974/test]   | Collecting absl-py>=1.0.0 (from tensorflow>=2->-r requirements.txt (line 9))\n[8d19271b-14d8-4965-9229-ee8147c38974/test]   |   Downloading absl_py-1.4.0-py3-none-any.whl (126 kB)\n[8d19271b-14d8-4965-9229-ee8147c38974/test]   |      \u2501\u2501\u2501\u2501\u2501\u2501\u2501\u2501\u2501\u2501\u2501\u2501\u2501\u2501\u2501\u2501\u2501\u2501\u2501\u2501\u2501\u2501\u2501\u2501\u2501\u2501\u2501\u2501\u2501\u2501\u2501\u2501\u2501\u2501\u2501\u2501\u2501 126.5/126.5 kB 107.9 MB/s eta 0:00:00\n[8d19271b-14d8-4965-9229-ee8147c38974/test]   | Collecting astunparse>=1.6.0 (from tensorflow>=2->-r requirements.txt (line 9))\n[8d19271b-14d8-4965-9229-ee8147c38974/test]   |   Downloading astunparse-1.6.3-py2.py3-none-any.whl (12 kB)\n[8d19271b-14d8-4965-9229-ee8147c38974/test]   | Collecting flatbuffers>=2.0 (from tensorflow>=2->-r requirements.txt (line 9))\n[8d19271b-14d8-4965-9229-ee8147c38974/test]   |   Downloading flatbuffers-23.5.26-py2.py3-none-any.whl (26 kB)\n[8d19271b-14d8-4965-9229-ee8147c38974/test]   | Collecting gast<=0.4.0,>=0.2.1 (from tensorflow>=2->-r requirements.txt (line 9))\n[8d19271b-14d8-4965-9229-ee8147c38974/test]   |   Downloading gast-0.4.0-py3-none-any.whl (9.8 kB)\n[8d19271b-14d8-4965-9229-ee8147c38974/test]   | Collecting google-pasta>=0.1.1 (from tensorflow>=2->-r requirements.txt (line 9))\n[8d19271b-14d8-4965-9229-ee8147c38974/test]   |   Downloading google_pasta-0.2.0-py3-none-any.whl (57 kB)\n[8d19271b-14d8-4965-9229-ee8147c38974/test]   |      \u2501\u2501\u2501\u2501\u2501\u2501\u2501\u2501\u2501\u2501\u2501\u2501\u2501\u2501\u2501\u2501\u2501\u2501\u2501\u2501\u2501\u2501\u2501\u2501\u2501\u2501\u2501\u2501\u2501\u2501\u2501\u2501\u2501\u2501\u2501\u2501\u2501\u2501\u2501\u2501 57.5/57.5 kB 26.2 MB/s eta 0:00:00\n[8d19271b-14d8-4965-9229-ee8147c38974/test]   | Collecting grpcio<2.0,>=1.24.3 (from tensorflow>=2->-r requirements.txt (line 9))\n[8d19271b-14d8-4965-9229-ee8147c38974/test]   |   Downloading grpcio-1.56.0-cp37-cp37m-manylinux_2_17_x86_64.manylinux2014_x86_64.whl (5.2 MB)\n[8d19271b-14d8-4965-9229-ee8147c38974/test]   |      \u2501\u2501\u2501\u2501\u2501\u2501\u2501\u2501\u2501\u2501\u2501\u2501\u2501\u2501\u2501\u2501\u2501\u2501\u2501\u2501\u2501\u2501\u2501\u2501\u2501\u2501\u2501\u2501\u2501\u2501\u2501\u2501\u2501\u2501\u2501\u2501\u2501\u2501\u2501\u2501 5.2/5.2 MB 35.1 MB/s eta 0:00:00\n[8d19271b-14d8-4965-9229-ee8147c38974/test]   | Collecting h5py>=2.9.0 (from tensorflow>=2->-r requirements.txt (line 9))\n[8d19271b-14d8-4965-9229-ee8147c38974/test]   |   Downloading h5py-3.8.0-cp37-cp37m-manylinux_2_17_x86_64.manylinux2014_x86_64.whl (4.3 MB)\n[8d19271b-14d8-4965-9229-ee8147c38974/test]   |      \u2501\u2501\u2501\u2501\u2501\u2501\u2501\u2501\u2501\u2501\u2501\u2501\u2501\u2501\u2501\u2501\u2501\u2501\u2501\u2501\u2501\u2501\u2501\u2501\u2501\u2501\u2501\u2501\u2501\u2501\u2501\u2501\u2501\u2501\u2501\u2501\u2501\u2501\u2501\u2501 4.3/4.3 MB 34.8 MB/s eta 0:00:00\n[8d19271b-14d8-4965-9229-ee8147c38974/test]   | Collecting keras<2.12,>=2.11.0 (from tensorflow>=2->-r requirements.txt (line 9))\n[8d19271b-14d8-4965-9229-ee8147c38974/test]   |   Downloading keras-2.11.0-py2.py3-none-any.whl (1.7 MB)\n[8d19271b-14d8-4965-9229-ee8147c38974/test]   |      \u2501\u2501\u2501\u2501\u2501\u2501\u2501\u2501\u2501\u2501\u2501\u2501\u2501\u2501\u2501\u2501\u2501\u2501\u2501\u2501\u2501\u2501\u2501\u2501\u2501\u2501\u2501\u2501\u2501\u2501\u2501\u2501\u2501\u2501\u2501\u2501\u2501\u2501\u2501\u2501 1.7/1.7 MB 34.4 MB/s eta 0:00:00\n[8d19271b-14d8-4965-9229-ee8147c38974/test]   | Collecting libclang>=13.0.0 (from tensorflow>=2->-r requirements.txt (line 9))\n[8d19271b-14d8-4965-9229-ee8147c38974/test]   |   Downloading libclang-16.0.0-py2.py3-none-manylinux2010_x86_64.whl (22.9 MB)\n[8d19271b-14d8-4965-9229-ee8147c38974/test]   |      \u2501\u2501\u2501\u2501\u2501\u2501\u2501\u2501\u2501\u2501\u2501\u2501\u2501\u2501\u2501\u2501\u2501\u2501\u2501\u2501\u2501\u2501\u2501\u2501\u2501\u2501\u2501\u2501\u2501\u2501\u2501\u2501\u2501\u2501\u2501\u2501\u2501\u2501\u2501\u2501 22.9/22.9 MB 27.2 MB/s eta 0:00:00\n[8d19271b-14d8-4965-9229-ee8147c38974/test]   | Collecting opt-einsum>=2.3.2 (from tensorflow>=2->-r requirements.txt (line 9))\n[8d19271b-14d8-4965-9229-ee8147c38974/test]   |   Downloading opt_einsum-3.3.0-py3-none-any.whl (65 kB)\n[8d19271b-14d8-4965-9229-ee8147c38974/test]   |      \u2501\u2501\u2501\u2501\u2501\u2501\u2501\u2501\u2501\u2501\u2501\u2501\u2501\u2501\u2501\u2501\u2501\u2501\u2501\u2501\u2501\u2501\u2501\u2501\u2501\u2501\u2501\u2501\u2501\u2501\u2501\u2501\u2501\u2501\u2501\u2501\u2501\u2501\u2501\u2501 65.5/65.5 kB 99.4 MB/s eta 0:00:00\n[8d19271b-14d8-4965-9229-ee8147c38974/test]   | Collecting protobuf<3.20,>=3.9.2 (from tensorflow>=2->-r requirements.txt (line 9))\n[8d19271b-14d8-4965-9229-ee8147c38974/test]   |   Downloading protobuf-3.19.6-cp37-cp37m-manylinux_2_17_x86_64.manylinux2014_x86_64.whl (1.1 MB)\n[8d19271b-14d8-4965-9229-ee8147c38974/test]   |      \u2501\u2501\u2501\u2501\u2501\u2501\u2501\u2501\u2501\u2501\u2501\u2501\u2501\u2501\u2501\u2501\u2501\u2501\u2501\u2501\u2501\u2501\u2501\u2501\u2501\u2501\u2501\u2501\u2501\u2501\u2501\u2501\u2501\u2501\u2501\u2501\u2501\u2501\u2501\u2501 1.1/1.1 MB 50.7 MB/s eta 0:00:00\n[8d19271b-14d8-4965-9229-ee8147c38974/test]   | Requirement already satisfied: setuptools in /opt/hostedtoolcache/Python/3.7.11/x64/lib/python3.7/site-packages (from tensorflow>=2->-r requirements.txt (line 9)) (68.0.0)\n[8d19271b-14d8-4965-9229-ee8147c38974/test]   | Collecting six>=1.12.0 (from tensorflow>=2->-r requirements.txt (line 9))\n[8d19271b-14d8-4965-9229-ee8147c38974/test]   |   Downloading six-1.16.0-py2.py3-none-any.whl (11 kB)\n[8d19271b-14d8-4965-9229-ee8147c38974/test]   | Collecting tensorboard<2.12,>=2.11 (from tensorflow>=2->-r requirements.txt (line 9))\n[8d19271b-14d8-4965-9229-ee8147c38974/test]   |   Downloading tensorboard-2.11.2-py3-none-any.whl (6.0 MB)\n[8d19271b-14d8-4965-9229-ee8147c38974/test]   |      \u2501\u2501\u2501\u2501\u2501\u2501\u2501\u2501\u2501\u2501\u2501\u2501\u2501\u2501\u2501\u2501\u2501\u2501\u2501\u2501\u2501\u2501\u2501\u2501\u2501\u2501\u2501\u2501\u2501\u2501\u2501\u2501\u2501\u2501\u2501\u2501\u2501\u2501\u2501\u2501 6.0/6.0 MB 22.9 MB/s eta 0:00:00\n[8d19271b-14d8-4965-9229-ee8147c38974/test]   | Collecting tensorflow-estimator<2.12,>=2.11.0 (from tensorflow>=2->-r requirements.txt (line 9))\n[8d19271b-14d8-4965-9229-ee8147c38974/test]   |   Downloading tensorflow_estimator-2.11.0-py2.py3-none-any.whl (439 kB)\n[8d19271b-14d8-4965-9229-ee8147c38974/test]   |      \u2501\u2501\u2501\u2501\u2501\u2501\u2501\u2501\u2501\u2501\u2501\u2501\u2501\u2501\u2501\u2501\u2501\u2501\u2501\u2501\u2501\u2501\u2501\u2501\u2501\u2501\u2501\u2501\u2501\u2501\u2501\u2501\u2501\u2501\u2501\u2501\u2501\u2501 439.2/439.2 kB 38.4 MB/s eta 0:00:00\n[8d19271b-14d8-4965-9229-ee8147c38974/test]   | Collecting termcolor>=1.1.0 (from tensorflow>=2->-r requirements.txt (line 9))\n[8d19271b-14d8-4965-9229-ee8147c38974/test]   |   Downloading termcolor-2.3.0-py3-none-any.whl (6.9 kB)\n[8d19271b-14d8-4965-9229-ee8147c38974/test]   | Requirement already satisfied: typing-extensions>=3.6.6 in /opt/hostedtoolcache/Python/3.7.11/x64/lib/python3.7/site-packages (from tensorflow>=2->-r requirements.txt (line 9)) (4.7.0)\n[8d19271b-14d8-4965-9229-ee8147c38974/test]   | Collecting wrapt>=1.11.0 (from tensorflow>=2->-r requirements.txt (line 9))\n[8d19271b-14d8-4965-9229-ee8147c38974/test]   |   Downloading wrapt-1.15.0-cp37-cp37m-manylinux_2_5_x86_64.manylinux1_x86_64.manylinux_2_17_x86_64.manylinux2014_x86_64.whl (75 kB)\n[8d19271b-14d8-4965-9229-ee8147c38974/test]   |      \u2501\u2501\u2501\u2501\u2501\u2501\u2501\u2501\u2501\u2501\u2501\u2501\u2501\u2501\u2501\u2501\u2501\u2501\u2501\u2501\u2501\u2501\u2501\u2501\u2501\u2501\u2501\u2501\u2501\u2501\u2501\u2501\u2501\u2501\u2501\u2501\u2501\u2501\u2501\u2501 75.7/75.7 kB 72.6 MB/s eta 0:00:00\n[8d19271b-14d8-4965-9229-ee8147c38974/test]   | Collecting tensorflow-io-gcs-filesystem>=0.23.1 (from tensorflow>=2->-r requirements.txt (line 9))\n[8d19271b-14d8-4965-9229-ee8147c38974/test]   |   Downloading tensorflow_io_gcs_filesystem-0.32.0-cp37-cp37m-manylinux_2_12_x86_64.manylinux2010_x86_64.whl (2.4 MB)\n[8d19271b-14d8-4965-9229-ee8147c38974/test]   |      \u2501\u2501\u2501\u2501\u2501\u2501\u2501\u2501\u2501\u2501\u2501\u2501\u2501\u2501\u2501\u2501\u2501\u2501\u2501\u2501\u2501\u2501\u2501\u2501\u2501\u2501\u2501\u2501\u2501\u2501\u2501\u2501\u2501\u2501\u2501\u2501\u2501\u2501\u2501\u2501 2.4/2.4 MB 39.8 MB/s eta 0:00:00\n[8d19271b-14d8-4965-9229-ee8147c38974/test]   | Collecting decorator (from tensorflow-probability->-r requirements.txt (line 10))\n[8d19271b-14d8-4965-9229-ee8147c38974/test]   |   Downloading decorator-5.1.1-py3-none-any.whl (9.1 kB)\n[8d19271b-14d8-4965-9229-ee8147c38974/test]   | Collecting cloudpickle>=1.3 (from tensorflow-probability->-r requirements.txt (line 10))\n[8d19271b-14d8-4965-9229-ee8147c38974/test]   |   Downloading cloudpickle-2.2.1-py3-none-any.whl (25 kB)\n[8d19271b-14d8-4965-9229-ee8147c38974/test]   | Collecting dm-tree (from tensorflow-probability->-r requirements.txt (line 10))\n[8d19271b-14d8-4965-9229-ee8147c38974/test]   |   Downloading dm_tree-0.1.8-cp37-cp37m-manylinux_2_17_x86_64.manylinux2014_x86_64.whl (153 kB)\n[8d19271b-14d8-4965-9229-ee8147c38974/test]   |      \u2501\u2501\u2501\u2501\u2501\u2501\u2501\u2501\u2501\u2501\u2501\u2501\u2501\u2501\u2501\u2501\u2501\u2501\u2501\u2501\u2501\u2501\u2501\u2501\u2501\u2501\u2501\u2501\u2501\u2501\u2501\u2501\u2501\u2501\u2501\u2501\u2501\u2501 153.8/153.8 kB 55.0 MB/s eta 0:00:00\n[8d19271b-14d8-4965-9229-ee8147c38974/test]   | Collecting nvidia-cuda-runtime-cu11==11.7.99 (from torch->-r requirements.txt (line 11))\n[8d19271b-14d8-4965-9229-ee8147c38974/test]   |   Downloading nvidia_cuda_runtime_cu11-11.7.99-py3-none-manylinux1_x86_64.whl (849 kB)\n[8d19271b-14d8-4965-9229-ee8147c38974/test]   |      \u2501\u2501\u2501\u2501\u2501\u2501\u2501\u2501\u2501\u2501\u2501\u2501\u2501\u2501\u2501\u2501\u2501\u2501\u2501\u2501\u2501\u2501\u2501\u2501\u2501\u2501\u2501\u2501\u2501\u2501\u2501\u2501\u2501\u2501\u2501\u2501\u2501\u2501 849.3/849.3 kB 31.2 MB/s eta 0:00:00\n[8d19271b-14d8-4965-9229-ee8147c38974/test]   | Collecting nvidia-cudnn-cu11==8.5.0.96 (from torch->-r requirements.txt (line 11))\n[8d19271b-14d8-4965-9229-ee8147c38974/test]   |   Downloading nvidia_cudnn_cu11-8.5.0.96-2-py3-none-manylinux1_x86_64.whl (557.1 MB)\n[8d19271b-14d8-4965-9229-ee8147c38974/test]   |      \u2501\u2501\u2501\u2501\u2501\u2501\u2501\u2501\u2501\u2501\u2501\u2501\u2501\u2501\u2501\u2501\u2501\u2501\u2501\u2501\u2501\u2501\u2501\u2501\u2501\u2501\u2501\u2501\u2501\u2501\u2501\u2501\u2501\u2501\u2501\u2501\u2501\u2501 557.1/557.1 MB 62.6 MB/s eta 0:00:00\n[8d19271b-14d8-4965-9229-ee8147c38974/test]   | Collecting nvidia-cublas-cu11==11.10.3.66 (from torch->-r requirements.txt (line 11))\n[8d19271b-14d8-4965-9229-ee8147c38974/test]   |   Downloading nvidia_cublas_cu11-11.10.3.66-py3-none-manylinux1_x86_64.whl (317.1 MB)\n[8d19271b-14d8-4965-9229-ee8147c38974/test]   |      \u2501\u2501\u2501\u2501\u2501\u2501\u2501\u2501\u2501\u2501\u2501\u2501\u2501\u2501\u2501\u2501\u2501\u2501\u2501\u2501\u2501\u2501\u2501\u2501\u2501\u2501\u2501\u2501\u2501\u2501\u2501\u2501\u2501\u2501\u2501\u2501\u2501\u2501 317.1/317.1 MB 41.5 MB/s eta 0:00:00\n[8d19271b-14d8-4965-9229-ee8147c38974/test]   | Collecting nvidia-cuda-nvrtc-cu11==11.7.99 (from torch->-r requirements.txt (line 11))\n[8d19271b-14d8-4965-9229-ee8147c38974/test]   |   Downloading nvidia_cuda_nvrtc_cu11-11.7.99-2-py3-none-manylinux1_x86_64.whl (21.0 MB)\n[8d19271b-14d8-4965-9229-ee8147c38974/test]   |      \u2501\u2501\u2501\u2501\u2501\u2501\u2501\u2501\u2501\u2501\u2501\u2501\u2501\u2501\u2501\u2501\u2501\u2501\u2501\u2501\u2501\u2501\u2501\u2501\u2501\u2501\u2501\u2501\u2501\u2501\u2501\u2501\u2501\u2501\u2501\u2501\u2501\u2501\u2501\u2501 21.0/21.0 MB 12.8 MB/s eta 0:00:00\n[8d19271b-14d8-4965-9229-ee8147c38974/test]   | Collecting wheel (from nvidia-cublas-cu11==11.10.3.66->torch->-r requirements.txt (line 11))\n[8d19271b-14d8-4965-9229-ee8147c38974/test]   |   Downloading wheel-0.40.0-py3-none-any.whl (64 kB)\n[8d19271b-14d8-4965-9229-ee8147c38974/test]   |      \u2501\u2501\u2501\u2501\u2501\u2501\u2501\u2501\u2501\u2501\u2501\u2501\u2501\u2501\u2501\u2501\u2501\u2501\u2501\u2501\u2501\u2501\u2501\u2501\u2501\u2501\u2501\u2501\u2501\u2501\u2501\u2501\u2501\u2501\u2501\u2501\u2501\u2501\u2501\u2501 64.5/64.5 kB 1.6 MB/s eta 0:00:00\n[8d19271b-14d8-4965-9229-ee8147c38974/test]   | Collecting scipy>=1.5 (from jax->-r requirements.txt (line 12))\n[8d19271b-14d8-4965-9229-ee8147c38974/test]   |   Downloading scipy-1.7.3-cp37-cp37m-manylinux_2_12_x86_64.manylinux2010_x86_64.whl (38.1 MB)\n[8d19271b-14d8-4965-9229-ee8147c38974/test]   |      \u2501\u2501\u2501\u2501\u2501\u2501\u2501\u2501\u2501\u2501\u2501\u2501\u2501\u2501\u2501\u2501\u2501\u2501\u2501\u2501\u2501\u2501\u2501\u2501\u2501\u2501\u2501\u2501\u2501\u2501\u2501\u2501\u2501\u2501\u2501\u2501\u2501\u2501\u2501\u2501 38.1/38.1 MB 60.7 MB/s eta 0:00:00\n[8d19271b-14d8-4965-9229-ee8147c38974/test]   | Collecting pytz>=2015.7 (from babel>=2.9->sphinx->-r requirements.txt (line 3))\n[8d19271b-14d8-4965-9229-ee8147c38974/test]   |   Downloading pytz-2023.3-py2.py3-none-any.whl (502 kB)\n[8d19271b-14d8-4965-9229-ee8147c38974/test]   |      \u2501\u2501\u2501\u2501\u2501\u2501\u2501\u2501\u2501\u2501\u2501\u2501\u2501\u2501\u2501\u2501\u2501\u2501\u2501\u2501\u2501\u2501\u2501\u2501\u2501\u2501\u2501\u2501\u2501\u2501\u2501\u2501\u2501\u2501\u2501\u2501\u2501\u2501 502.3/502.3 kB 38.6 MB/s eta 0:00:00\n[8d19271b-14d8-4965-9229-ee8147c38974/test]   | INFO: pip is looking at multiple versions of coverage[toml] to determine which version is compatible with other requirements. This could take a while.\n[8d19271b-14d8-4965-9229-ee8147c38974/test]   | Collecting coverage[toml]>=5.2.1 (from pytest-cov->-r requirements.txt (line 6))\n[8d19271b-14d8-4965-9229-ee8147c38974/test]   |   Downloading coverage-7.2.6-cp37-cp37m-manylinux_2_5_x86_64.manylinux1_x86_64.manylinux_2_17_x86_64.manylinux2014_x86_64.whl (225 kB)\n[8d19271b-14d8-4965-9229-ee8147c38974/test]   |      \u2501\u2501\u2501\u2501\u2501\u2501\u2501\u2501\u2501\u2501\u2501\u2501\u2501\u2501\u2501\u2501\u2501\u2501\u2501\u2501\u2501\u2501\u2501\u2501\u2501\u2501\u2501\u2501\u2501\u2501\u2501\u2501\u2501\u2501\u2501\u2501\u2501\u2501 225.5/225.5 kB 42.0 MB/s eta 0:00:00\n[8d19271b-14d8-4965-9229-ee8147c38974/test]   |   Downloading coverage-7.2.5-cp37-cp37m-manylinux_2_5_x86_64.manylinux1_x86_64.manylinux_2_17_x86_64.manylinux2014_x86_64.whl (225 kB)\n[8d19271b-14d8-4965-9229-ee8147c38974/test]   |      \u2501\u2501\u2501\u2501\u2501\u2501\u2501\u2501\u2501\u2501\u2501\u2501\u2501\u2501\u2501\u2501\u2501\u2501\u2501\u2501\u2501\u2501\u2501\u2501\u2501\u2501\u2501\u2501\u2501\u2501\u2501\u2501\u2501\u2501\u2501\u2501\u2501\u2501 225.0/225.0 kB 85.6 MB/s eta 0:00:00\n[8d19271b-14d8-4965-9229-ee8147c38974/test]   |   Downloading coverage-7.2.4-cp37-cp37m-manylinux_2_5_x86_64.manylinux1_x86_64.manylinux_2_17_x86_64.manylinux2014_x86_64.whl (224 kB)\n[8d19271b-14d8-4965-9229-ee8147c38974/test]   |      \u2501\u2501\u2501\u2501\u2501\u2501\u2501\u2501\u2501\u2501\u2501\u2501\u2501\u2501\u2501\u2501\u2501\u2501\u2501\u2501\u2501\u2501\u2501\u2501\u2501\u2501\u2501\u2501\u2501\u2501\u2501\u2501\u2501\u2501\u2501\u2501\u2501\u2501 225.0/225.0 kB 51.5 MB/s eta 0:00:00\n[8d19271b-14d8-4965-9229-ee8147c38974/test]   |   Downloading coverage-7.2.3-cp37-cp37m-manylinux_2_5_x86_64.manylinux1_x86_64.manylinux_2_17_x86_64.manylinux2014_x86_64.whl (224 kB)\n[8d19271b-14d8-4965-9229-ee8147c38974/test]   |      \u2501\u2501\u2501\u2501\u2501\u2501\u2501\u2501\u2501\u2501\u2501\u2501\u2501\u2501\u2501\u2501\u2501\u2501\u2501\u2501\u2501\u2501\u2501\u2501\u2501\u2501\u2501\u2501\u2501\u2501\u2501\u2501\u2501\u2501\u2501\u2501\u2501\u2501 224.8/224.8 kB 50.6 MB/s eta 0:00:00\n[8d19271b-14d8-4965-9229-ee8147c38974/test]   |   Downloading coverage-7.2.2-cp37-cp37m-manylinux_2_5_x86_64.manylinux1_x86_64.manylinux_2_17_x86_64.manylinux2014_x86_64.whl (224 kB)\n[8d19271b-14d8-4965-9229-ee8147c38974/test]   |      \u2501\u2501\u2501\u2501\u2501\u2501\u2501\u2501\u2501\u2501\u2501\u2501\u2501\u2501\u2501\u2501\u2501\u2501\u2501\u2501\u2501\u2501\u2501\u2501\u2501\u2501\u2501\u2501\u2501\u2501\u2501\u2501\u2501\u2501\u2501\u2501\u2501\u2501 224.3/224.3 kB 50.5 MB/s eta 0:00:00\n[8d19271b-14d8-4965-9229-ee8147c38974/test]   |   Downloading coverage-7.2.1-cp37-cp37m-manylinux_2_5_x86_64.manylinux1_x86_64.manylinux_2_17_x86_64.manylinux2014_x86_64.whl (224 kB)\n[8d19271b-14d8-4965-9229-ee8147c38974/test]   |      \u2501\u2501\u2501\u2501\u2501\u2501\u2501\u2501\u2501\u2501\u2501\u2501\u2501\u2501\u2501\u2501\u2501\u2501\u2501\u2501\u2501\u2501\u2501\u2501\u2501\u2501\u2501\u2501\u2501\u2501\u2501\u2501\u2501\u2501\u2501\u2501\u2501\u2501 224.2/224.2 kB 49.7 MB/s eta 0:00:00\n[8d19271b-14d8-4965-9229-ee8147c38974/test]   |   Downloading coverage-7.2.0-cp37-cp37m-manylinux_2_5_x86_64.manylinux1_x86_64.manylinux_2_17_x86_64.manylinux2014_x86_64.whl (224 kB)\n[8d19271b-14d8-4965-9229-ee8147c38974/test]   |      \u2501\u2501\u2501\u2501\u2501\u2501\u2501\u2501\u2501\u2501\u2501\u2501\u2501\u2501\u2501\u2501\u2501\u2501\u2501\u2501\u2501\u2501\u2501\u2501\u2501\u2501\u2501\u2501\u2501\u2501\u2501\u2501\u2501\u2501\u2501\u2501\u2501\u2501 224.2/224.2 kB 69.2 MB/s eta 0:00:00\n[8d19271b-14d8-4965-9229-ee8147c38974/test]   | INFO: pip is looking at multiple versions of coverage[toml] to determine which version is compatible with other requirements. This could take a while.\n[8d19271b-14d8-4965-9229-ee8147c38974/test]   |   Downloading coverage-7.1.0-cp37-cp37m-manylinux_2_5_x86_64.manylinux1_x86_64.manylinux_2_17_x86_64.manylinux2014_x86_64.whl (223 kB)\n[8d19271b-14d8-4965-9229-ee8147c38974/test]   |      \u2501\u2501\u2501\u2501\u2501\u2501\u2501\u2501\u2501\u2501\u2501\u2501\u2501\u2501\u2501\u2501\u2501\u2501\u2501\u2501\u2501\u2501\u2501\u2501\u2501\u2501\u2501\u2501\u2501\u2501\u2501\u2501\u2501\u2501\u2501\u2501\u2501\u2501 223.5/223.5 kB 62.2 MB/s eta 0:00:00\n[8d19271b-14d8-4965-9229-ee8147c38974/test]   |   Downloading coverage-7.0.5-cp37-cp37m-manylinux_2_5_x86_64.manylinux1_x86_64.manylinux_2_17_x86_64.manylinux2014_x86_64.whl (222 kB)\n[8d19271b-14d8-4965-9229-ee8147c38974/test]   |      \u2501\u2501\u2501\u2501\u2501\u2501\u2501\u2501\u2501\u2501\u2501\u2501\u2501\u2501\u2501\u2501\u2501\u2501\u2501\u2501\u2501\u2501\u2501\u2501\u2501\u2501\u2501\u2501\u2501\u2501\u2501\u2501\u2501\u2501\u2501\u2501\u2501\u2501 222.7/222.7 kB 71.6 MB/s eta 0:00:00\n[8d19271b-14d8-4965-9229-ee8147c38974/test]   |   Downloading coverage-7.0.4-cp37-cp37m-manylinux_2_5_x86_64.manylinux1_x86_64.manylinux_2_17_x86_64.manylinux2014_x86_64.whl (222 kB)\n[8d19271b-14d8-4965-9229-ee8147c38974/test]   |      \u2501\u2501\u2501\u2501\u2501\u2501\u2501\u2501\u2501\u2501\u2501\u2501\u2501\u2501\u2501\u2501\u2501\u2501\u2501\u2501\u2501\u2501\u2501\u2501\u2501\u2501\u2501\u2501\u2501\u2501\u2501\u2501\u2501\u2501\u2501\u2501\u2501\u2501 222.2/222.2 kB 66.2 MB/s eta 0:00:00\n[8d19271b-14d8-4965-9229-ee8147c38974/test]   |   Downloading coverage-7.0.3-cp37-cp37m-manylinux_2_5_x86_64.manylinux1_x86_64.manylinux_2_17_x86_64.manylinux2014_x86_64.whl (221 kB)\n[8d19271b-14d8-4965-9229-ee8147c38974/test]   |      \u2501\u2501\u2501\u2501\u2501\u2501\u2501\u2501\u2501\u2501\u2501\u2501\u2501\u2501\u2501\u2501\u2501\u2501\u2501\u2501\u2501\u2501\u2501\u2501\u2501\u2501\u2501\u2501\u2501\u2501\u2501\u2501\u2501\u2501\u2501\u2501\u2501 221.6/221.6 kB 101.2 MB/s eta 0:00:00\n[8d19271b-14d8-4965-9229-ee8147c38974/test]   |   Downloading coverage-7.0.2-cp37-cp37m-manylinux_2_5_x86_64.manylinux1_x86_64.manylinux_2_17_x86_64.manylinux2014_x86_64.whl (221 kB)\n[8d19271b-14d8-4965-9229-ee8147c38974/test]   |      \u2501\u2501\u2501\u2501\u2501\u2501\u2501\u2501\u2501\u2501\u2501\u2501\u2501\u2501\u2501\u2501\u2501\u2501\u2501\u2501\u2501\u2501\u2501\u2501\u2501\u2501\u2501\u2501\u2501\u2501\u2501\u2501\u2501\u2501\u2501\u2501\u2501\u2501 221.2/221.2 kB 63.0 MB/s eta 0:00:00\n[8d19271b-14d8-4965-9229-ee8147c38974/test]   | INFO: This is taking longer than usual. You might need to provide the dependency resolver with stricter constraints to reduce runtime. See https://pip.pypa.io/warnings/backtracking for guidance. If you want to abort this run, press Ctrl + C.\n[8d19271b-14d8-4965-9229-ee8147c38974/test]   |   Downloading coverage-7.0.1-cp37-cp37m-manylinux_2_5_x86_64.manylinux1_x86_64.manylinux_2_17_x86_64.manylinux2014_x86_64.whl (212 kB)\n[8d19271b-14d8-4965-9229-ee8147c38974/test]   |      \u2501\u2501\u2501\u2501\u2501\u2501\u2501\u2501\u2501\u2501\u2501\u2501\u2501\u2501\u2501\u2501\u2501\u2501\u2501\u2501\u2501\u2501\u2501\u2501\u2501\u2501\u2501\u2501\u2501\u2501\u2501\u2501\u2501\u2501\u2501\u2501\u2501\u2501 212.8/212.8 kB 80.9 MB/s eta 0:00:00\n[8d19271b-14d8-4965-9229-ee8147c38974/test]   |   Downloading coverage-7.0.0-cp37-cp37m-manylinux_2_5_x86_64.manylinux1_x86_64.manylinux_2_17_x86_64.manylinux2014_x86_64.whl (212 kB)\n[8d19271b-14d8-4965-9229-ee8147c38974/test]   |      \u2501\u2501\u2501\u2501\u2501\u2501\u2501\u2501\u2501\u2501\u2501\u2501\u2501\u2501\u2501\u2501\u2501\u2501\u2501\u2501\u2501\u2501\u2501\u2501\u2501\u2501\u2501\u2501\u2501\u2501\u2501\u2501\u2501\u2501\u2501\u2501\u2501 212.8/212.8 kB 103.3 MB/s eta 0:00:00\n[8d19271b-14d8-4965-9229-ee8147c38974/test]   | Requirement already satisfied: zipp>=0.5 in /opt/hostedtoolcache/Python/3.7.11/x64/lib/python3.7/site-packages (from importlib-metadata>=4.8->sphinx->-r requirements.txt (line 3)) (3.15.0)\n[8d19271b-14d8-4965-9229-ee8147c38974/test]   | Collecting MarkupSafe>=2.0 (from Jinja2>=3.0->sphinx->-r requirements.txt (line 3))\n[8d19271b-14d8-4965-9229-ee8147c38974/test]   |   Downloading MarkupSafe-2.1.3-cp37-cp37m-manylinux_2_17_x86_64.manylinux2014_x86_64.whl (25 kB)\n[8d19271b-14d8-4965-9229-ee8147c38974/test]   | Collecting beartype (from plum-dispatch>=2->stheno==1.4.1->-r requirements.txt (line 2))\n[8d19271b-14d8-4965-9229-ee8147c38974/test]   |   Downloading beartype-0.14.1-py3-none-any.whl (739 kB)\n[8d19271b-14d8-4965-9229-ee8147c38974/test]   |      \u2501\u2501\u2501\u2501\u2501\u2501\u2501\u2501\u2501\u2501\u2501\u2501\u2501\u2501\u2501\u2501\u2501\u2501\u2501\u2501\u2501\u2501\u2501\u2501\u2501\u2501\u2501\u2501\u2501\u2501\u2501\u2501\u2501\u2501\u2501\u2501\u2501\u2501 739.7/739.7 kB 32.9 MB/s eta 0:00:00\n[8d19271b-14d8-4965-9229-ee8147c38974/test]   | Collecting charset-normalizer<4,>=2 (from requests>=2.5.0->sphinx->-r requirements.txt (line 3))\n[8d19271b-14d8-4965-9229-ee8147c38974/test]   |   Downloading charset_normalizer-3.1.0-cp37-cp37m-manylinux_2_17_x86_64.manylinux2014_x86_64.whl (171 kB)\n[8d19271b-14d8-4965-9229-ee8147c38974/test]   |      \u2501\u2501\u2501\u2501\u2501\u2501\u2501\u2501\u2501\u2501\u2501\u2501\u2501\u2501\u2501\u2501\u2501\u2501\u2501\u2501\u2501\u2501\u2501\u2501\u2501\u2501\u2501\u2501\u2501\u2501\u2501\u2501\u2501\u2501\u2501\u2501\u2501\u2501 171.0/171.0 kB 65.3 MB/s eta 0:00:00\n[8d19271b-14d8-4965-9229-ee8147c38974/test]   | Collecting idna<4,>=2.5 (from requests>=2.5.0->sphinx->-r requirements.txt (line 3))\n[8d19271b-14d8-4965-9229-ee8147c38974/test]   |   Downloading idna-3.4-py3-none-any.whl (61 kB)\n[8d19271b-14d8-4965-9229-ee8147c38974/test]   |      \u2501\u2501\u2501\u2501\u2501\u2501\u2501\u2501\u2501\u2501\u2501\u2501\u2501\u2501\u2501\u2501\u2501\u2501\u2501\u2501\u2501\u2501\u2501\u2501\u2501\u2501\u2501\u2501\u2501\u2501\u2501\u2501\u2501\u2501\u2501\u2501\u2501\u2501\u2501 61.5/61.5 kB 104.7 MB/s eta 0:00:00\n[8d19271b-14d8-4965-9229-ee8147c38974/test]   | Collecting urllib3<3,>=1.21.1 (from requests>=2.5.0->sphinx->-r requirements.txt (line 3))\n[8d19271b-14d8-4965-9229-ee8147c38974/test]   |   Downloading urllib3-2.0.3-py3-none-any.whl (123 kB)\n[8d19271b-14d8-4965-9229-ee8147c38974/test]   |      \u2501\u2501\u2501\u2501\u2501\u2501\u2501\u2501\u2501\u2501\u2501\u2501\u2501\u2501\u2501\u2501\u2501\u2501\u2501\u2501\u2501\u2501\u2501\u2501\u2501\u2501\u2501\u2501\u2501\u2501\u2501\u2501\u2501\u2501\u2501\u2501\u2501\u2501 123.6/123.6 kB 77.6 MB/s eta 0:00:00\n[8d19271b-14d8-4965-9229-ee8147c38974/test]   | Collecting certifi>=2017.4.17 (from requests>=2.5.0->sphinx->-r requirements.txt (line 3))\n[8d19271b-14d8-4965-9229-ee8147c38974/test]   |   Downloading certifi-2023.5.7-py3-none-any.whl (156 kB)\n[8d19271b-14d8-4965-9229-ee8147c38974/test]   |      \u2501\u2501\u2501\u2501\u2501\u2501\u2501\u2501\u2501\u2501\u2501\u2501\u2501\u2501\u2501\u2501\u2501\u2501\u2501\u2501\u2501\u2501\u2501\u2501\u2501\u2501\u2501\u2501\u2501\u2501\u2501\u2501\u2501\u2501\u2501\u2501\u2501\u2501 157.0/157.0 kB 66.5 MB/s eta 0:00:00\n[8d19271b-14d8-4965-9229-ee8147c38974/test]   | Collecting google-auth<3,>=1.6.3 (from tensorboard<2.12,>=2.11->tensorflow>=2->-r requirements.txt (line 9))\n[8d19271b-14d8-4965-9229-ee8147c38974/test]   |   Downloading google_auth-2.21.0-py2.py3-none-any.whl (182 kB)\n[8d19271b-14d8-4965-9229-ee8147c38974/test]   |      \u2501\u2501\u2501\u2501\u2501\u2501\u2501\u2501\u2501\u2501\u2501\u2501\u2501\u2501\u2501\u2501\u2501\u2501\u2501\u2501\u2501\u2501\u2501\u2501\u2501\u2501\u2501\u2501\u2501\u2501\u2501\u2501\u2501\u2501\u2501\u2501\u2501\u2501 182.1/182.1 kB 70.2 MB/s eta 0:00:00\n[8d19271b-14d8-4965-9229-ee8147c38974/test]   | Collecting google-auth-oauthlib<0.5,>=0.4.1 (from tensorboard<2.12,>=2.11->tensorflow>=2->-r requirements.txt (line 9))\n[8d19271b-14d8-4965-9229-ee8147c38974/test]   |   Downloading google_auth_oauthlib-0.4.6-py2.py3-none-any.whl (18 kB)\n[8d19271b-14d8-4965-9229-ee8147c38974/test]   | Collecting markdown>=2.6.8 (from tensorboard<2.12,>=2.11->tensorflow>=2->-r requirements.txt (line 9))\n[8d19271b-14d8-4965-9229-ee8147c38974/test]   |   Downloading Markdown-3.4.3-py3-none-any.whl (93 kB)\n[8d19271b-14d8-4965-9229-ee8147c38974/test]   |      \u2501\u2501\u2501\u2501\u2501\u2501\u2501\u2501\u2501\u2501\u2501\u2501\u2501\u2501\u2501\u2501\u2501\u2501\u2501\u2501\u2501\u2501\u2501\u2501\u2501\u2501\u2501\u2501\u2501\u2501\u2501\u2501\u2501\u2501\u2501\u2501\u2501\u2501\u2501\u2501 93.9/93.9 kB 63.9 MB/s eta 0:00:00\n[8d19271b-14d8-4965-9229-ee8147c38974/test]   | Collecting tensorboard-data-server<0.7.0,>=0.6.0 (from tensorboard<2.12,>=2.11->tensorflow>=2->-r requirements.txt (line 9))\n[8d19271b-14d8-4965-9229-ee8147c38974/test]   |   Downloading tensorboard_data_server-0.6.1-py3-none-manylinux2010_x86_64.whl (4.9 MB)\n[8d19271b-14d8-4965-9229-ee8147c38974/test]   |      \u2501\u2501\u2501\u2501\u2501\u2501\u2501\u2501\u2501\u2501\u2501\u2501\u2501\u2501\u2501\u2501\u2501\u2501\u2501\u2501\u2501\u2501\u2501\u2501\u2501\u2501\u2501\u2501\u2501\u2501\u2501\u2501\u2501\u2501\u2501\u2501\u2501\u2501\u2501\u2501 4.9/4.9 MB 17.9 MB/s eta 0:00:00\n[8d19271b-14d8-4965-9229-ee8147c38974/test]   | Collecting tensorboard-plugin-wit>=1.6.0 (from tensorboard<2.12,>=2.11->tensorflow>=2->-r requirements.txt (line 9))\n[8d19271b-14d8-4965-9229-ee8147c38974/test]   |   Downloading tensorboard_plugin_wit-1.8.1-py3-none-any.whl (781 kB)\n[8d19271b-14d8-4965-9229-ee8147c38974/test]   |      \u2501\u2501\u2501\u2501\u2501\u2501\u2501\u2501\u2501\u2501\u2501\u2501\u2501\u2501\u2501\u2501\u2501\u2501\u2501\u2501\u2501\u2501\u2501\u2501\u2501\u2501\u2501\u2501\u2501\u2501\u2501\u2501\u2501\u2501\u2501\u2501\u2501\u2501 781.3/781.3 kB 19.0 MB/s eta 0:00:00\n[8d19271b-14d8-4965-9229-ee8147c38974/test]   | Collecting werkzeug>=1.0.1 (from tensorboard<2.12,>=2.11->tensorflow>=2->-r requirements.txt (line 9))\n[8d19271b-14d8-4965-9229-ee8147c38974/test]   |   Downloading Werkzeug-2.2.3-py3-none-any.whl (233 kB)\n[8d19271b-14d8-4965-9229-ee8147c38974/test]   |      \u2501\u2501\u2501\u2501\u2501\u2501\u2501\u2501\u2501\u2501\u2501\u2501\u2501\u2501\u2501\u2501\u2501\u2501\u2501\u2501\u2501\u2501\u2501\u2501\u2501\u2501\u2501\u2501\u2501\u2501\u2501\u2501\u2501\u2501\u2501\u2501\u2501\u2501 233.6/233.6 kB 32.0 MB/s eta 0:00:00\n[8d19271b-14d8-4965-9229-ee8147c38974/test]   | Collecting pandas (from wbml>=0.4.0->stheno==1.4.1->-r requirements.txt (line 2))\n[8d19271b-14d8-4965-9229-ee8147c38974/test]   |   Downloading pandas-1.3.5-cp37-cp37m-manylinux_2_17_x86_64.manylinux2014_x86_64.whl (11.3 MB)\n[8d19271b-14d8-4965-9229-ee8147c38974/test]   |      \u2501\u2501\u2501\u2501\u2501\u2501\u2501\u2501\u2501\u2501\u2501\u2501\u2501\u2501\u2501\u2501\u2501\u2501\u2501\u2501\u2501\u2501\u2501\u2501\u2501\u2501\u2501\u2501\u2501\u2501\u2501\u2501\u2501\u2501\u2501\u2501\u2501\u2501\u2501\u2501 11.3/11.3 MB 42.7 MB/s eta 0:00:00\n[8d19271b-14d8-4965-9229-ee8147c38974/test]   | Collecting pyarrow (from wbml>=0.4.0->stheno==1.4.1->-r requirements.txt (line 2))\n[8d19271b-14d8-4965-9229-ee8147c38974/test]   |   Downloading pyarrow-12.0.1-cp37-cp37m-manylinux_2_17_x86_64.manylinux2014_x86_64.whl (39.1 MB)\n[8d19271b-14d8-4965-9229-ee8147c38974/test]   |      \u2501\u2501\u2501\u2501\u2501\u2501\u2501\u2501\u2501\u2501\u2501\u2501\u2501\u2501\u2501\u2501\u2501\u2501\u2501\u2501\u2501\u2501\u2501\u2501\u2501\u2501\u2501\u2501\u2501\u2501\u2501\u2501\u2501\u2501\u2501\u2501\u2501\u2501\u2501\u2501 39.1/39.1 MB 48.3 MB/s eta 0:00:00\n[8d19271b-14d8-4965-9229-ee8147c38974/test]   | Collecting python-slugify (from wbml>=0.4.0->stheno==1.4.1->-r requirements.txt (line 2))\n[8d19271b-14d8-4965-9229-ee8147c38974/test]   |   Downloading python_slugify-8.0.1-py2.py3-none-any.whl (9.7 kB)\n[8d19271b-14d8-4965-9229-ee8147c38974/test]   | Collecting netCDF4 (from wbml>=0.4.0->stheno==1.4.1->-r requirements.txt (line 2))\n[8d19271b-14d8-4965-9229-ee8147c38974/test]   |   Downloading netCDF4-1.6.4-cp37-cp37m-manylinux_2_17_x86_64.manylinux2014_x86_64.whl (5.4 MB)\n[8d19271b-14d8-4965-9229-ee8147c38974/test]   |      \u2501\u2501\u2501\u2501\u2501\u2501\u2501\u2501\u2501\u2501\u2501\u2501\u2501\u2501\u2501\u2501\u2501\u2501\u2501\u2501\u2501\u2501\u2501\u2501\u2501\u2501\u2501\u2501\u2501\u2501\u2501\u2501\u2501\u2501\u2501\u2501\u2501\u2501\u2501\u2501 5.4/5.4 MB 37.8 MB/s eta 0:00:00\n[8d19271b-14d8-4965-9229-ee8147c38974/test]   | Collecting scikit-learn (from wbml>=0.4.0->stheno==1.4.1->-r requirements.txt (line 2))\n[8d19271b-14d8-4965-9229-ee8147c38974/test]   |   Downloading scikit_learn-1.0.2-cp37-cp37m-manylinux_2_17_x86_64.manylinux2014_x86_64.whl (24.8 MB)\n[8d19271b-14d8-4965-9229-ee8147c38974/test]   |      \u2501\u2501\u2501\u2501\u2501\u2501\u2501\u2501\u2501\u2501\u2501\u2501\u2501\u2501\u2501\u2501\u2501\u2501\u2501\u2501\u2501\u2501\u2501\u2501\u2501\u2501\u2501\u2501\u2501\u2501\u2501\u2501\u2501\u2501\u2501\u2501\u2501\u2501\u2501\u2501 24.8/24.8 MB 53.4 MB/s eta 0:00:00\n[8d19271b-14d8-4965-9229-ee8147c38974/test]   | Collecting matplotlib (from wbml>=0.4.0->stheno==1.4.1->-r requirements.txt (line 2))\n[8d19271b-14d8-4965-9229-ee8147c38974/test]   |   Downloading matplotlib-3.5.3-cp37-cp37m-manylinux_2_5_x86_64.manylinux1_x86_64.whl (11.2 MB)\n[8d19271b-14d8-4965-9229-ee8147c38974/test]   |      \u2501\u2501\u2501\u2501\u2501\u2501\u2501\u2501\u2501\u2501\u2501\u2501\u2501\u2501\u2501\u2501\u2501\u2501\u2501\u2501\u2501\u2501\u2501\u2501\u2501\u2501\u2501\u2501\u2501\u2501\u2501\u2501\u2501\u2501\u2501\u2501\u2501\u2501\u2501\u2501 11.2/11.2 MB 53.8 MB/s eta 0:00:00\n[8d19271b-14d8-4965-9229-ee8147c38974/test]   | Collecting xarray (from wbml>=0.4.0->stheno==1.4.1->-r requirements.txt (line 2))\n[8d19271b-14d8-4965-9229-ee8147c38974/test]   |   Downloading xarray-0.20.2-py3-none-any.whl (845 kB)\n[8d19271b-14d8-4965-9229-ee8147c38974/test]   |      \u2501\u2501\u2501\u2501\u2501\u2501\u2501\u2501\u2501\u2501\u2501\u2501\u2501\u2501\u2501\u2501\u2501\u2501\u2501\u2501\u2501\u2501\u2501\u2501\u2501\u2501\u2501\u2501\u2501\u2501\u2501\u2501\u2501\u2501\u2501\u2501\u2501\u2501 845.2/845.2 kB 48.4 MB/s eta 0:00:00\n[8d19271b-14d8-4965-9229-ee8147c38974/test]   | Collecting varz>=0.6 (from wbml>=0.4.0->stheno==1.4.1->-r requirements.txt (line 2))\n[8d19271b-14d8-4965-9229-ee8147c38974/test]   |   Downloading varz-0.8.1-py3-none-any.whl (36 kB)\n[8d19271b-14d8-4965-9229-ee8147c38974/test]   | Collecting sympy (from fdm->stheno==1.4.1->-r requirements.txt (line 2))\n[8d19271b-14d8-4965-9229-ee8147c38974/test]   |   Downloading sympy-1.10.1-py3-none-any.whl (6.4 MB)\n[8d19271b-14d8-4965-9229-ee8147c38974/test]   |      \u2501\u2501\u2501\u2501\u2501\u2501\u2501\u2501\u2501\u2501\u2501\u2501\u2501\u2501\u2501\u2501\u2501\u2501\u2501\u2501\u2501\u2501\u2501\u2501\u2501\u2501\u2501\u2501\u2501\u2501\u2501\u2501\u2501\u2501\u2501\u2501\u2501\u2501\u2501\u2501 6.4/6.4 MB 48.9 MB/s eta 0:00:00\n[8d19271b-14d8-4965-9229-ee8147c38974/test]   | Collecting cachetools<6.0,>=2.0.0 (from google-auth<3,>=1.6.3->tensorboard<2.12,>=2.11->tensorflow>=2->-r requirements.txt (line 9))\n[8d19271b-14d8-4965-9229-ee8147c38974/test]   |   Downloading cachetools-5.3.1-py3-none-any.whl (9.3 kB)\n[8d19271b-14d8-4965-9229-ee8147c38974/test]   | Collecting pyasn1-modules>=0.2.1 (from google-auth<3,>=1.6.3->tensorboard<2.12,>=2.11->tensorflow>=2->-r requirements.txt (line 9))\n[8d19271b-14d8-4965-9229-ee8147c38974/test]   |   Downloading pyasn1_modules-0.3.0-py2.py3-none-any.whl (181 kB)\n[8d19271b-14d8-4965-9229-ee8147c38974/test]   |      \u2501\u2501\u2501\u2501\u2501\u2501\u2501\u2501\u2501\u2501\u2501\u2501\u2501\u2501\u2501\u2501\u2501\u2501\u2501\u2501\u2501\u2501\u2501\u2501\u2501\u2501\u2501\u2501\u2501\u2501\u2501\u2501\u2501\u2501\u2501\u2501\u2501\u2501 181.3/181.3 kB 13.8 MB/s eta 0:00:00\n[8d19271b-14d8-4965-9229-ee8147c38974/test]   | Collecting rsa<5,>=3.1.4 (from google-auth<3,>=1.6.3->tensorboard<2.12,>=2.11->tensorflow>=2->-r requirements.txt (line 9))\n[8d19271b-14d8-4965-9229-ee8147c38974/test]   |   Downloading rsa-4.9-py3-none-any.whl (34 kB)\n[8d19271b-14d8-4965-9229-ee8147c38974/test]   | Collecting urllib3<3,>=1.21.1 (from requests>=2.5.0->sphinx->-r requirements.txt (line 3))\n[8d19271b-14d8-4965-9229-ee8147c38974/test]   |   Downloading urllib3-1.26.16-py2.py3-none-any.whl (143 kB)\n[8d19271b-14d8-4965-9229-ee8147c38974/test]   |      \u2501\u2501\u2501\u2501\u2501\u2501\u2501\u2501\u2501\u2501\u2501\u2501\u2501\u2501\u2501\u2501\u2501\u2501\u2501\u2501\u2501\u2501\u2501\u2501\u2501\u2501\u2501\u2501\u2501\u2501\u2501\u2501\u2501\u2501\u2501\u2501\u2501\u2501 143.1/143.1 kB 74.4 MB/s eta 0:00:00\n[8d19271b-14d8-4965-9229-ee8147c38974/test]   | Collecting requests-oauthlib>=0.7.0 (from google-auth-oauthlib<0.5,>=0.4.1->tensorboard<2.12,>=2.11->tensorflow>=2->-r requirements.txt (line 9))\n[8d19271b-14d8-4965-9229-ee8147c38974/test]   |   Downloading requests_oauthlib-1.3.1-py2.py3-none-any.whl (23 kB)\n[8d19271b-14d8-4965-9229-ee8147c38974/test]   | Collecting cycler>=0.10 (from matplotlib->wbml>=0.4.0->stheno==1.4.1->-r requirements.txt (line 2))\n[8d19271b-14d8-4965-9229-ee8147c38974/test]   |   Downloading cycler-0.11.0-py3-none-any.whl (6.4 kB)\n[8d19271b-14d8-4965-9229-ee8147c38974/test]   | Collecting fonttools>=4.22.0 (from matplotlib->wbml>=0.4.0->stheno==1.4.1->-r requirements.txt (line 2))\n[8d19271b-14d8-4965-9229-ee8147c38974/test]   |   Downloading fonttools-4.38.0-py3-none-any.whl (965 kB)\n[8d19271b-14d8-4965-9229-ee8147c38974/test]   |      \u2501\u2501\u2501\u2501\u2501\u2501\u2501\u2501\u2501\u2501\u2501\u2501\u2501\u2501\u2501\u2501\u2501\u2501\u2501\u2501\u2501\u2501\u2501\u2501\u2501\u2501\u2501\u2501\u2501\u2501\u2501\u2501\u2501\u2501\u2501\u2501\u2501\u2501 965.4/965.4 kB 39.1 MB/s eta 0:00:00\n[8d19271b-14d8-4965-9229-ee8147c38974/test]   | Collecting kiwisolver>=1.0.1 (from matplotlib->wbml>=0.4.0->stheno==1.4.1->-r requirements.txt (line 2))\n[8d19271b-14d8-4965-9229-ee8147c38974/test]   |   Downloading kiwisolver-1.4.4-cp37-cp37m-manylinux_2_5_x86_64.manylinux1_x86_64.whl (1.1 MB)\n[8d19271b-14d8-4965-9229-ee8147c38974/test]   |      \u2501\u2501\u2501\u2501\u2501\u2501\u2501\u2501\u2501\u2501\u2501\u2501\u2501\u2501\u2501\u2501\u2501\u2501\u2501\u2501\u2501\u2501\u2501\u2501\u2501\u2501\u2501\u2501\u2501\u2501\u2501\u2501\u2501\u2501\u2501\u2501\u2501\u2501\u2501\u2501 1.1/1.1 MB 18.8 MB/s eta 0:00:00\n[8d19271b-14d8-4965-9229-ee8147c38974/test]   | Collecting pillow>=6.2.0 (from matplotlib->wbml>=0.4.0->stheno==1.4.1->-r requirements.txt (line 2))\n[8d19271b-14d8-4965-9229-ee8147c38974/test]   |   Downloading Pillow-9.5.0-cp37-cp37m-manylinux_2_28_x86_64.whl (3.4 MB)\n[8d19271b-14d8-4965-9229-ee8147c38974/test]   |      \u2501\u2501\u2501\u2501\u2501\u2501\u2501\u2501\u2501\u2501\u2501\u2501\u2501\u2501\u2501\u2501\u2501\u2501\u2501\u2501\u2501\u2501\u2501\u2501\u2501\u2501\u2501\u2501\u2501\u2501\u2501\u2501\u2501\u2501\u2501\u2501\u2501\u2501\u2501\u2501 3.4/3.4 MB 30.8 MB/s eta 0:00:00\n[8d19271b-14d8-4965-9229-ee8147c38974/test]   | Collecting pyparsing>=2.2.1 (from matplotlib->wbml>=0.4.0->stheno==1.4.1->-r requirements.txt (line 2))\n[8d19271b-14d8-4965-9229-ee8147c38974/test]   |   Downloading pyparsing-3.1.0-py3-none-any.whl (102 kB)\n[8d19271b-14d8-4965-9229-ee8147c38974/test]   |      \u2501\u2501\u2501\u2501\u2501\u2501\u2501\u2501\u2501\u2501\u2501\u2501\u2501\u2501\u2501\u2501\u2501\u2501\u2501\u2501\u2501\u2501\u2501\u2501\u2501\u2501\u2501\u2501\u2501\u2501\u2501\u2501\u2501\u2501\u2501\u2501\u2501\u2501 102.6/102.6 kB 21.8 MB/s eta 0:00:00\n[8d19271b-14d8-4965-9229-ee8147c38974/test]   | Collecting python-dateutil>=2.7 (from matplotlib->wbml>=0.4.0->stheno==1.4.1->-r requirements.txt (line 2))\n[8d19271b-14d8-4965-9229-ee8147c38974/test]   |   Downloading python_dateutil-2.8.2-py2.py3-none-any.whl (247 kB)\n[8d19271b-14d8-4965-9229-ee8147c38974/test]   |      \u2501\u2501\u2501\u2501\u2501\u2501\u2501\u2501\u2501\u2501\u2501\u2501\u2501\u2501\u2501\u2501\u2501\u2501\u2501\u2501\u2501\u2501\u2501\u2501\u2501\u2501\u2501\u2501\u2501\u2501\u2501\u2501\u2501\u2501\u2501\u2501\u2501\u2501 247.7/247.7 kB 40.9 MB/s eta 0:00:00\n[8d19271b-14d8-4965-9229-ee8147c38974/test]   | Collecting cftime (from netCDF4->wbml>=0.4.0->stheno==1.4.1->-r requirements.txt (line 2))\n[8d19271b-14d8-4965-9229-ee8147c38974/test]   |   Downloading cftime-1.6.2-cp37-cp37m-manylinux_2_17_x86_64.manylinux2014_x86_64.whl (257 kB)\n[8d19271b-14d8-4965-9229-ee8147c38974/test]   |      \u2501\u2501\u2501\u2501\u2501\u2501\u2501\u2501\u2501\u2501\u2501\u2501\u2501\u2501\u2501\u2501\u2501\u2501\u2501\u2501\u2501\u2501\u2501\u2501\u2501\u2501\u2501\u2501\u2501\u2501\u2501\u2501\u2501\u2501\u2501\u2501\u2501\u2501 257.7/257.7 kB 49.6 MB/s eta 0:00:00\n[8d19271b-14d8-4965-9229-ee8147c38974/test]   | Collecting text-unidecode>=1.3 (from python-slugify->wbml>=0.4.0->stheno==1.4.1->-r requirements.txt (line 2))\n[8d19271b-14d8-4965-9229-ee8147c38974/test]   |   Downloading text_unidecode-1.3-py2.py3-none-any.whl (78 kB)\n[8d19271b-14d8-4965-9229-ee8147c38974/test]   |      \u2501\u2501\u2501\u2501\u2501\u2501\u2501\u2501\u2501\u2501\u2501\u2501\u2501\u2501\u2501\u2501\u2501\u2501\u2501\u2501\u2501\u2501\u2501\u2501\u2501\u2501\u2501\u2501\u2501\u2501\u2501\u2501\u2501\u2501\u2501\u2501\u2501\u2501\u2501\u2501 78.2/78.2 kB 88.4 MB/s eta 0:00:00\n[8d19271b-14d8-4965-9229-ee8147c38974/test]   | Collecting joblib>=0.11 (from scikit-learn->wbml>=0.4.0->stheno==1.4.1->-r requirements.txt (line 2))\n[8d19271b-14d8-4965-9229-ee8147c38974/test]   |   Downloading joblib-1.3.1-py3-none-any.whl (301 kB)\n[8d19271b-14d8-4965-9229-ee8147c38974/test]   |      \u2501\u2501\u2501\u2501\u2501\u2501\u2501\u2501\u2501\u2501\u2501\u2501\u2501\u2501\u2501\u2501\u2501\u2501\u2501\u2501\u2501\u2501\u2501\u2501\u2501\u2501\u2501\u2501\u2501\u2501\u2501\u2501\u2501\u2501\u2501\u2501\u2501\u2501 302.0/302.0 kB 12.6 MB/s eta 0:00:00\n[8d19271b-14d8-4965-9229-ee8147c38974/test]   | Collecting threadpoolctl>=2.0.0 (from scikit-learn->wbml>=0.4.0->stheno==1.4.1->-r requirements.txt (line 2))\n[8d19271b-14d8-4965-9229-ee8147c38974/test]   |   Downloading threadpoolctl-3.1.0-py3-none-any.whl (14 kB)\n[8d19271b-14d8-4965-9229-ee8147c38974/test]   | Collecting mpmath>=0.19 (from sympy->fdm->stheno==1.4.1->-r requirements.txt (line 2))\n[8d19271b-14d8-4965-9229-ee8147c38974/test]   |   Downloading mpmath-1.3.0-py3-none-any.whl (536 kB)\n[8d19271b-14d8-4965-9229-ee8147c38974/test]   |      \u2501\u2501\u2501\u2501\u2501\u2501\u2501\u2501\u2501\u2501\u2501\u2501\u2501\u2501\u2501\u2501\u2501\u2501\u2501\u2501\u2501\u2501\u2501\u2501\u2501\u2501\u2501\u2501\u2501\u2501\u2501\u2501\u2501\u2501\u2501\u2501\u2501\u2501 536.2/536.2 kB 53.7 MB/s eta 0:00:00\n[8d19271b-14d8-4965-9229-ee8147c38974/test]   | Collecting pyasn1<0.6.0,>=0.4.6 (from pyasn1-modules>=0.2.1->google-auth<3,>=1.6.3->tensorboard<2.12,>=2.11->tensorflow>=2->-r requirements.txt (line 9))\n[8d19271b-14d8-4965-9229-ee8147c38974/test]   |   Downloading pyasn1-0.5.0-py2.py3-none-any.whl (83 kB)\n[8d19271b-14d8-4965-9229-ee8147c38974/test]   |      \u2501\u2501\u2501\u2501\u2501\u2501\u2501\u2501\u2501\u2501\u2501\u2501\u2501\u2501\u2501\u2501\u2501\u2501\u2501\u2501\u2501\u2501\u2501\u2501\u2501\u2501\u2501\u2501\u2501\u2501\u2501\u2501\u2501\u2501\u2501\u2501\u2501\u2501\u2501\u2501 83.9/83.9 kB 99.0 MB/s eta 0:00:00\n[8d19271b-14d8-4965-9229-ee8147c38974/test]   | Collecting oauthlib>=3.0.0 (from requests-oauthlib>=0.7.0->google-auth-oauthlib<0.5,>=0.4.1->tensorboard<2.12,>=2.11->tensorflow>=2->-r requirements.txt (line 9))\n[8d19271b-14d8-4965-9229-ee8147c38974/test]   |   Downloading oauthlib-3.2.2-py3-none-any.whl (151 kB)\n[8d19271b-14d8-4965-9229-ee8147c38974/test]   |      \u2501\u2501\u2501\u2501\u2501\u2501\u2501\u2501\u2501\u2501\u2501\u2501\u2501\u2501\u2501\u2501\u2501\u2501\u2501\u2501\u2501\u2501\u2501\u2501\u2501\u2501\u2501\u2501\u2501\u2501\u2501\u2501\u2501\u2501\u2501\u2501\u2501\u2501 151.7/151.7 kB 90.8 MB/s eta 0:00:00\n[8d19271b-14d8-4965-9229-ee8147c38974/test]   | Building wheels for collected packages: stheno, jax, algebra, backends, docopt, future, fdm\n[8d19271b-14d8-4965-9229-ee8147c38974/test]   |   Building editable for stheno (pyproject.toml): started\n[8d19271b-14d8-4965-9229-ee8147c38974/test]   |   Building editable for stheno (pyproject.toml): finished with status 'done'\n[8d19271b-14d8-4965-9229-ee8147c38974/test]   |   Created wheel for stheno: filename=stheno-1.4.1-0.editable-py3-none-any.whl size=14747 sha256=983e5fceef521deea8698bc5651a54704f73b0205389925f447e8eb0c851966c\n[8d19271b-14d8-4965-9229-ee8147c38974/test]   |   Stored in directory: /tmp/pip-ephem-wheel-cache-mqadp9y8/wheels/1f/c2/49/4901c50b173052564f3799747c983707d7a81c211a1b4d37f5\n[8d19271b-14d8-4965-9229-ee8147c38974/test]   |   Building wheel for jax (pyproject.toml): started\n[8d19271b-14d8-4965-9229-ee8147c38974/test]   |   Building wheel for jax (pyproject.toml): finished with status 'done'\n[8d19271b-14d8-4965-9229-ee8147c38974/test]   |   Created wheel for jax: filename=jax-0.3.25-py3-none-any.whl size=1308495 sha256=b930285f9020eb4df42728ec40ba4facfb1f13c197cfe5cc9099ccac3d7133da\n[8d19271b-14d8-4965-9229-ee8147c38974/test]   |   Stored in directory: /tmp/pip-ephem-wheel-cache-mqadp9y8/wheels/a5/79/44/dbae745c48940291d6d4d157f7faa6f0b27f198781073d8c78\n[8d19271b-14d8-4965-9229-ee8147c38974/test]   |   Building wheel for algebra (pyproject.toml): started\n[8d19271b-14d8-4965-9229-ee8147c38974/test]   |   Building wheel for algebra (pyproject.toml): finished with status 'done'\n[8d19271b-14d8-4965-9229-ee8147c38974/test]   |   Created wheel for algebra: filename=algebra-1.2.1-py3-none-any.whl size=20841 sha256=14640eb161783b76e1c4157c4370205e71ae61d5018b9f279c43c415571453d3\n[8d19271b-14d8-4965-9229-ee8147c38974/test]   |   Stored in directory: /tmp/pip-ephem-wheel-cache-mqadp9y8/wheels/df/e3/94/1f5b592211194fc41716b81f51905ced4c99f50934b282cf09\n[8d19271b-14d8-4965-9229-ee8147c38974/test]   |   Building wheel for backends (pyproject.toml): started\n[8d19271b-14d8-4965-9229-ee8147c38974/test]   |   Building wheel for backends (pyproject.toml): finished with status 'done'\n[8d19271b-14d8-4965-9229-ee8147c38974/test]   |   Created wheel for backends: filename=backends-1.5.4-cp37-cp37m-linux_x86_64.whl size=465375 sha256=b4e9f13048879ff23c9e0123dcdea84e6e2b2310d1c55a70fbbace74fc53faee\n[8d19271b-14d8-4965-9229-ee8147c38974/test]   |   Stored in directory: /tmp/pip-ephem-wheel-cache-mqadp9y8/wheels/69/d0/2a/7d06724c29983b92bcaa781c479c3fdd34144f95e7f976dc61\n[8d19271b-14d8-4965-9229-ee8147c38974/test]   |   Building wheel for docopt (pyproject.toml): started\n[8d19271b-14d8-4965-9229-ee8147c38974/test]   |   Building wheel for docopt (pyproject.toml): finished with status 'done'\n[8d19271b-14d8-4965-9229-ee8147c38974/test]   |   Created wheel for docopt: filename=docopt-0.6.2-py2.py3-none-any.whl size=13707 sha256=75dd0f8c317e2bd383e94a3c0bd281382b51b6b9bd77e216e8d4a00e1bc8e05c\n[8d19271b-14d8-4965-9229-ee8147c38974/test]   |   Stored in directory: /tmp/pip-ephem-wheel-cache-mqadp9y8/wheels/72/b0/3f/1d95f96ff986c7dfffe46ce2be4062f38ebd04b506c77c81b9\n[8d19271b-14d8-4965-9229-ee8147c38974/test]   |   Building wheel for future (pyproject.toml): started\n[8d19271b-14d8-4965-9229-ee8147c38974/test]   |   Building wheel for future (pyproject.toml): finished with status 'done'\n[8d19271b-14d8-4965-9229-ee8147c38974/test]   |   Created wheel for future: filename=future-0.18.3-py3-none-any.whl size=492022 sha256=e37f492d4d7ef23960a36fad7845cf4e9b774a668ba7103feb1c0f721f520de0\n[8d19271b-14d8-4965-9229-ee8147c38974/test]   |   Stored in directory: /tmp/pip-ephem-wheel-cache-mqadp9y8/wheels/fa/cd/1f/c6b7b50b564983bf3011e8fc75d06047ddc50c07f6e3660b00\n[8d19271b-14d8-4965-9229-ee8147c38974/test]   |   Building wheel for fdm (pyproject.toml): started\n[8d19271b-14d8-4965-9229-ee8147c38974/test]   |   Building wheel for fdm (pyproject.toml): finished with status 'done'\n[8d19271b-14d8-4965-9229-ee8147c38974/test]   |   Created wheel for fdm: filename=fdm-0.4.1-py3-none-any.whl size=13152 sha256=4cb35c3c14d209324238380fd2a2c4dbc599c909e5948520fe1f9979b0004a82\n[8d19271b-14d8-4965-9229-ee8147c38974/test]   |   Stored in directory: /tmp/pip-ephem-wheel-cache-mqadp9y8/wheels/3f/e0/71/7bdfaabf566b1fb18ab757980b277b2f9c9d88b161bab999ed\n[8d19271b-14d8-4965-9229-ee8147c38974/test]   | Successfully built stheno jax algebra backends docopt future fdm\n[8d19271b-14d8-4965-9229-ee8147c38974/test]   | Installing collected packages: text-unidecode, tensorboard-plugin-wit, snowballstemmer, pytz, mpmath, libclang, flatbuffers, docopt, dm-tree, wrapt, wheel, urllib3, threadpoolctl, termcolor, tensorflow-io-gcs-filesystem, tensorflow-estimator, tensorboard-data-server, sympy, sphinxcontrib-serializinghtml, sphinxcontrib-qthelp, sphinxcontrib-jsmath, sphinxcontrib-htmlhelp, sphinxcontrib-devhelp, sphinxcontrib-applehelp, six, scipy, python-slugify, pyparsing, Pygments, pyasn1, pyarrow, protobuf, pillow, opt-einsum, oauthlib, nvidia-cuda-nvrtc-cu11, MarkupSafe, kiwisolver, keras, joblib, iniconfig, imagesize, idna, h5py, grpcio, gast, future, fonttools, exceptiongroup, docutils, decorator, cycler, coverage, cloudpickle, charset-normalizer, cftime, certifi, cachetools, beartype, babel, alabaster, absl-py, werkzeug, tensorflow-probability, scikit-learn, rsa, requests, python-dateutil, pyasn1-modules, plum-dispatch, pluggy, nvidia-cuda-runtime-cu11, nvidia-cublas-cu11, netCDF4, markdown, Jinja2, jaxlib, jax, google-pasta, fdm, autograd, astunparse, sphinx, requests-oauthlib, pytest, pandas, nvidia-cudnn-cu11, matplotlib, google-auth, coveralls, backends, xarray, torch, sphinxcontrib-jquery, pytest-cov, google-auth-oauthlib, algebra, tensorboard, sphinx-rtd-theme, tensorflow, varz, wbml, backends-matrix, mlkernels, stheno\n[8d19271b-14d8-4965-9229-ee8147c38974/test]   | Successfully installed Jinja2-3.1.2 MarkupSafe-2.1.3 Pygments-2.15.1 absl-py-1.4.0 alabaster-0.7.13 algebra-1.2.1 astunparse-1.6.3 autograd-1.6.2 babel-2.12.1 backends-1.5.4 backends-matrix-1.3.0 beartype-0.14.1 cachetools-5.3.1 certifi-2023.5.7 cftime-1.6.2 charset-normalizer-3.1.0 cloudpickle-2.2.1 coverage-6.5.0 coveralls-3.3.1 cycler-0.11.0 decorator-5.1.1 dm-tree-0.1.8 docopt-0.6.2 docutils-0.18.1 exceptiongroup-1.1.1 fdm-0.4.1 flatbuffers-23.5.26 fonttools-4.38.0 future-0.18.3 gast-0.4.0 google-auth-2.21.0 google-auth-oauthlib-0.4.6 google-pasta-0.2.0 grpcio-1.56.0 h5py-3.8.0 idna-3.4 imagesize-1.4.1 iniconfig-2.0.0 jax-0.3.25 jaxlib-0.3.25 joblib-1.3.1 keras-2.11.0 kiwisolver-1.4.4 libclang-16.0.0 markdown-3.4.3 matplotlib-3.5.3 mlkernels-0.4.0 mpmath-1.3.0 netCDF4-1.6.4 nvidia-cublas-cu11-11.10.3.66 nvidia-cuda-nvrtc-cu11-11.7.99 nvidia-cuda-runtime-cu11-11.7.99 nvidia-cudnn-cu11-8.5.0.96 oauthlib-3.2.2 opt-einsum-3.3.0 pandas-1.3.5 pillow-9.5.0 pluggy-1.2.0 plum-dispatch-2.1.1 protobuf-3.19.6 pyarrow-12.0.1 pyasn1-0.5.0 pyasn1-modules-0.3.0 pyparsing-3.1.0 pytest-7.4.0 pytest-cov-4.1.0 python-dateutil-2.8.2 python-slugify-8.0.1 pytz-2023.3 requests-2.31.0 requests-oauthlib-1.3.1 rsa-4.9 scikit-learn-1.0.2 scipy-1.7.3 six-1.16.0 snowballstemmer-2.2.0 sphinx-5.3.0 sphinx-rtd-theme-1.2.2 sphinxcontrib-applehelp-1.0.2 sphinxcontrib-devhelp-1.0.2 sphinxcontrib-htmlhelp-2.0.0 sphinxcontrib-jquery-4.1 sphinxcontrib-jsmath-1.0.1 sphinxcontrib-qthelp-1.0.3 sphinxcontrib-serializinghtml-1.1.5 stheno-1.4.1 sympy-1.10.1 tensorboard-2.11.2 tensorboard-data-server-0.6.1 tensorboard-plugin-wit-1.8.1 tensorflow-2.11.0 tensorflow-estimator-2.11.0 tensorflow-io-gcs-filesystem-0.32.0 tensorflow-probability-0.19.0 termcolor-2.3.0 text-unidecode-1.3 threadpoolctl-3.1.0 torch-1.13.1 urllib3-1.26.16 varz-0.8.1 wbml-0.4.1 werkzeug-2.2.3 wheel-0.40.0 wrapt-1.15.0 xarray-0.20.2\n[8d19271b-14d8-4965-9229-ee8147c38974/test]   | \n[8d19271b-14d8-4965-9229-ee8147c38974/test]   | [notice] A new release of pip is available: 20.1.1 -> 23.1.2\n[8d19271b-14d8-4965-9229-ee8147c38974/test]   | [notice] To update, run: pip install --upgrade pip\n[8d19271b-14d8-4965-9229-ee8147c38974/test]   | Requirement already satisfied: numpy in /opt/hostedtoolcache/Python/3.7.11/x64/lib/python3.7/site-packages (1.21.6)\n[8d19271b-14d8-4965-9229-ee8147c38974/test]   | \n[8d19271b-14d8-4965-9229-ee8147c38974/test]   | [notice] A new release of pip is available: 20.1.1 -> 23.1.2\n[8d19271b-14d8-4965-9229-ee8147c38974/test]   | [notice] To update, run: pip install --upgrade pip\n[8d19271b-14d8-4965-9229-ee8147c38974/test]   \u2705  Success - Main Install dependencies\n[8d19271b-14d8-4965-9229-ee8147c38974/test] \u2b50 Run Main Test\n[8d19271b-14d8-4965-9229-ee8147c38974/test]   \ud83d\udc33  docker exec cmd=[bash --noprofile --norc -e -o pipefail /var/run/act/workflow/3] user= workdir=\n[8d19271b-14d8-4965-9229-ee8147c38974/test]   | ============================= test session starts ==============================\n[8d19271b-14d8-4965-9229-ee8147c38974/test]   | platform linux -- Python 3.7.11, pytest-7.4.0, pluggy-1.2.0 -- /opt/hostedtoolcache/Python/3.7.11/x64/bin/python\n[8d19271b-14d8-4965-9229-ee8147c38974/test]   | cachedir: .pytest_cache\n[8d19271b-14d8-4965-9229-ee8147c38974/test]   | rootdir: /tmp/558156d8-17ed-11ee-8a50-bb14de238602/wesselb-stheno\n[8d19271b-14d8-4965-9229-ee8147c38974/test]   | plugins: cov-4.1.0\n[8d19271b-14d8-4965-9229-ee8147c38974/test]   | collecting ... collected 93 items\n[8d19271b-14d8-4965-9229-ee8147c38974/test]   | \n[8d19271b-14d8-4965-9229-ee8147c38974/test]   | tests/test_lazy.py::test_indexing PASSED                                 [  1%]\n[8d19271b-14d8-4965-9229-ee8147c38974/test]   | tests/test_lazy.py::test_lazy_vector_building PASSED                     [  2%]\n[8d19271b-14d8-4965-9229-ee8147c38974/test]   | tests/test_lazy.py::test_lazy_vector_mutation_protection PASSED          [  3%]\n[8d19271b-14d8-4965-9229-ee8147c38974/test]   | tests/test_lazy.py::test_lazy_matrix_building PASSED                     [  4%]\n[8d19271b-14d8-4965-9229-ee8147c38974/test]   | tests/test_lazy.py::test_lazy_matrix_mutation_protection PASSED          [  5%]\n[8d19271b-14d8-4965-9229-ee8147c38974/test]   | tests/test_random.py::test_normal_printing PASSED                        [  6%]\n[8d19271b-14d8-4965-9229-ee8147c38974/test]   | tests/test_random.py::test_normal_mean_is_zero PASSED                    [  7%]\n[8d19271b-14d8-4965-9229-ee8147c38974/test]   | tests/test_random.py::test_normal_lazy_zero_mean PASSED                  [  8%]\n[8d19271b-14d8-4965-9229-ee8147c38974/test]   | tests/test_random.py::test_normal_lazy_nonzero_mean PASSED               [  9%]\n[8d19271b-14d8-4965-9229-ee8147c38974/test]   | tests/test_random.py::test_normal_lazy_var_diag PASSED                   [ 10%]\n[8d19271b-14d8-4965-9229-ee8147c38974/test]   | tests/test_random.py::test_normal_lazy_mean_var PASSED                   [ 11%]\n[8d19271b-14d8-4965-9229-ee8147c38974/test]   | tests/test_random.py::test_normal_lazy_mean_var_diag PASSED              [ 12%]\n[8d19271b-14d8-4965-9229-ee8147c38974/test]   | tests/test_random.py::test_normal_m2 PASSED                              [ 13%]\n[8d19271b-14d8-4965-9229-ee8147c38974/test]   | tests/test_random.py::test_normal_marginals PASSED                       [ 15%]\n[8d19271b-14d8-4965-9229-ee8147c38974/test]   | tests/test_random.py::test_normal_marginal_credible_bounds PASSED        [ 16%]\n[8d19271b-14d8-4965-9229-ee8147c38974/test]   | tests/test_random.py::test_normal_diagonalise PASSED                     [ 17%]\n[8d19271b-14d8-4965-9229-ee8147c38974/test]   | tests/test_random.py::test_normal_logpdf PASSED                          [ 18%]\n[8d19271b-14d8-4965-9229-ee8147c38974/test]   | tests/test_random.py::test_normal_logpdf_missing_data PASSED             [ 19%]\n[8d19271b-14d8-4965-9229-ee8147c38974/test]   | tests/test_random.py::test_normal_entropy PASSED                         [ 20%]\n[8d19271b-14d8-4965-9229-ee8147c38974/test]   | tests/test_random.py::test_normal_kl PASSED                              [ 21%]\n[8d19271b-14d8-4965-9229-ee8147c38974/test]   | tests/test_random.py::test_normal_w2 PASSED                              [ 22%]\n[8d19271b-14d8-4965-9229-ee8147c38974/test]   | tests/test_random.py::test_normal_sampling PASSED                        [ 23%]\n[8d19271b-14d8-4965-9229-ee8147c38974/test]   | tests/test_random.py::test_normal_arithmetic PASSED                      [ 24%]\n[8d19271b-14d8-4965-9229-ee8147c38974/test]   | tests/test_random.py::test_normal_dtype PASSED                           [ 25%]\n[8d19271b-14d8-4965-9229-ee8147c38974/test]   | tests/test_random.py::test_normal_cast PASSED                            [ 26%]\n[8d19271b-14d8-4965-9229-ee8147c38974/test]   | tests/mo/test_adk.py::test_adk PASSED                                    [ 27%]\n[8d19271b-14d8-4965-9229-ee8147c38974/test]   | tests/mo/test_infer.py::test_num_elements PASSED                         [ 29%]\n[8d19271b-14d8-4965-9229-ee8147c38974/test]   | tests/mo/test_infer.py::test_infer_size PASSED                           [ 30%]\n[8d19271b-14d8-4965-9229-ee8147c38974/test]   | tests/mo/test_infer.py::test_dimensionality PASSED                       [ 31%]\n[8d19271b-14d8-4965-9229-ee8147c38974/test]   | tests/mo/test_kernel.py::test_mok PASSED                                 [ 32%]\n[8d19271b-14d8-4965-9229-ee8147c38974/test]   | tests/mo/test_kernel.py::test_take_x PASSED                              [ 33%]\n[8d19271b-14d8-4965-9229-ee8147c38974/test]   | tests/mo/test_mean.py::test_mom PASSED                                   [ 34%]\n[8d19271b-14d8-4965-9229-ee8147c38974/test]   | tests/model/test_cases.py::test_summation_with_itself PASSED             [ 35%]\n[8d19271b-14d8-4965-9229-ee8147c38974/test]   | tests/model/test_cases.py::test_additive_model PASSED                    [ 36%]\n[8d19271b-14d8-4965-9229-ee8147c38974/test]   | tests/model/test_cases.py::test_fd_derivative PASSED                     [ 37%]\n[8d19271b-14d8-4965-9229-ee8147c38974/test]   | tests/model/test_cases.py::test_reflection PASSED                        [ 38%]\n[8d19271b-14d8-4965-9229-ee8147c38974/test]   | tests/model/test_cases.py::test_negation PASSED                          [ 39%]\n[8d19271b-14d8-4965-9229-ee8147c38974/test]   | tests/model/test_cases.py::test_approximate_derivative PASSED            [ 40%]\n[8d19271b-14d8-4965-9229-ee8147c38974/test]   | tests/model/test_cases.py::test_blr PASSED                               [ 41%]\n[8d19271b-14d8-4965-9229-ee8147c38974/test]   | tests/model/test_cases.py::test_batched PASSED                           [ 43%]\n[8d19271b-14d8-4965-9229-ee8147c38974/test]   | tests/model/test_cases.py::test_mo_batched PASSED                        [ 44%]\n[8d19271b-14d8-4965-9229-ee8147c38974/test]   | tests/model/test_fdd.py::test_noise_as_matrix PASSED                     [ 45%]\n[8d19271b-14d8-4965-9229-ee8147c38974/test]   | tests/model/test_fdd.py::test_fdd PASSED                                 [ 46%]\n[8d19271b-14d8-4965-9229-ee8147c38974/test]   | tests/model/test_fdd.py::test_fdd_take PASSED                            [ 47%]\n[8d19271b-14d8-4965-9229-ee8147c38974/test]   | tests/model/test_fdd.py::test_fdd_properties PASSED                      [ 48%]\n[8d19271b-14d8-4965-9229-ee8147c38974/test]   | tests/model/test_gp.py::test_corner_cases PASSED                         [ 49%]\n[8d19271b-14d8-4965-9229-ee8147c38974/test]   | tests/model/test_gp.py::test_display PASSED                              [ 50%]\n[8d19271b-14d8-4965-9229-ee8147c38974/test]   | tests/model/test_gp.py::test_formatting PASSED                           [ 51%]\n[8d19271b-14d8-4965-9229-ee8147c38974/test]   | tests/model/test_gp.py::test_construction PASSED                         [ 52%]\n[8d19271b-14d8-4965-9229-ee8147c38974/test]   | tests/model/test_gp.py::test_sum_other PASSED                            [ 53%]\n[8d19271b-14d8-4965-9229-ee8147c38974/test]   | tests/model/test_gp.py::test_mul_other PASSED                            [ 54%]\n[8d19271b-14d8-4965-9229-ee8147c38974/test]   | tests/model/test_gp.py::test_stationarity PASSED                         [ 55%]\n[8d19271b-14d8-4965-9229-ee8147c38974/test]   | tests/model/test_gp.py::test_marginals PASSED                            [ 56%]\n[8d19271b-14d8-4965-9229-ee8147c38974/test]   | tests/model/test_gp.py::test_marginal_credible_bounds_efficiency PASSED  [ 58%]\n[8d19271b-14d8-4965-9229-ee8147c38974/test]   | tests/model/test_model.py::test_measure_groups PASSED                    [ 59%]\n[8d19271b-14d8-4965-9229-ee8147c38974/test]   | tests/model/test_model.py::test_default_measure PASSED                   [ 60%]\n[8d19271b-14d8-4965-9229-ee8147c38974/test]   | tests/model/test_model.py::test_naming PASSED                            [ 61%]\n[8d19271b-14d8-4965-9229-ee8147c38974/test]   | tests/model/test_model.py::test_conditioning[<lambda>0] PASSED           [ 62%]\n[8d19271b-14d8-4965-9229-ee8147c38974/test]   | tests/model/test_model.py::test_conditioning[<lambda>1] PASSED           [ 63%]\n[8d19271b-14d8-4965-9229-ee8147c38974/test]   | tests/model/test_model.py::test_conditioning[<lambda>2] PASSED           [ 64%]\n[8d19271b-14d8-4965-9229-ee8147c38974/test]   | tests/model/test_model.py::test_conditioning[<lambda>3] PASSED           [ 65%]\n[8d19271b-14d8-4965-9229-ee8147c38974/test]   | tests/model/test_model.py::test_conditioning[<lambda>4] PASSED           [ 66%]\n[8d19271b-14d8-4965-9229-ee8147c38974/test]   | tests/model/test_model.py::test_conditioning_consistency PASSED          [ 67%]\n[8d19271b-14d8-4965-9229-ee8147c38974/test]   | tests/model/test_model.py::test_conditioning_empty_observations[shape0] PASSED [ 68%]\n[8d19271b-14d8-4965-9229-ee8147c38974/test]   | tests/model/test_model.py::test_conditioning_empty_observations[shape1] PASSED [ 69%]\n[8d19271b-14d8-4965-9229-ee8147c38974/test]   | tests/model/test_model.py::test_conditioning_empty_observations[shape2] PASSED [ 70%]\n[8d19271b-14d8-4965-9229-ee8147c38974/test]   | tests/model/test_model.py::test_conditioning_shorthand PASSED            [ 72%]\n[8d19271b-14d8-4965-9229-ee8147c38974/test]   | tests/model/test_model.py::test_conditioning_missing_data PASSED         [ 73%]\n[8d19271b-14d8-4965-9229-ee8147c38974/test]   | tests/model/test_model.py::test_conditioning_shape_check PASSED          [ 74%]\n[8d19271b-14d8-4965-9229-ee8147c38974/test]   | tests/model/test_model.py::test_pseudoobs_and_elbo[PseudoObservations-<lambda>0] PASSED [ 75%]\n[8d19271b-14d8-4965-9229-ee8147c38974/test]   | tests/model/test_model.py::test_pseudoobs_and_elbo[PseudoObservations-<lambda>1] PASSED [ 76%]\n[8d19271b-14d8-4965-9229-ee8147c38974/test]   | tests/model/test_model.py::test_pseudoobs_and_elbo[PseudoObservations-<lambda>2] PASSED [ 77%]\n[8d19271b-14d8-4965-9229-ee8147c38974/test]   | tests/model/test_model.py::test_pseudoobs_and_elbo[PseudoObservationsFITC-<lambda>0] PASSED [ 78%]\n[8d19271b-14d8-4965-9229-ee8147c38974/test]   | tests/model/test_model.py::test_pseudoobs_and_elbo[PseudoObservationsFITC-<lambda>1] PASSED [ 79%]\n[8d19271b-14d8-4965-9229-ee8147c38974/test]   | tests/model/test_model.py::test_pseudoobs_and_elbo[PseudoObservationsFITC-<lambda>2] PASSED [ 80%]\n[8d19271b-14d8-4965-9229-ee8147c38974/test]   | tests/model/test_model.py::test_pseudoobs_and_elbo[PseudoObservationsDTC-<lambda>0] PASSED [ 81%]\n[8d19271b-14d8-4965-9229-ee8147c38974/test]   | tests/model/test_model.py::test_pseudoobs_and_elbo[PseudoObservationsDTC-<lambda>1] PASSED [ 82%]\n[8d19271b-14d8-4965-9229-ee8147c38974/test]   | tests/model/test_model.py::test_pseudoobs_and_elbo[PseudoObservationsDTC-<lambda>2] PASSED [ 83%]\n[8d19271b-14d8-4965-9229-ee8147c38974/test]   | tests/model/test_model.py::test_pseudoobs_kernel_call_count PASSED       [ 84%]\n[8d19271b-14d8-4965-9229-ee8147c38974/test]   | tests/model/test_model.py::test_backward_compatibility PASSED            [ 86%]\n[8d19271b-14d8-4965-9229-ee8147c38974/test]   | tests/model/test_model.py::test_logpdf[PseudoObservations] PASSED        [ 87%]\n[8d19271b-14d8-4965-9229-ee8147c38974/test]   | tests/model/test_model.py::test_logpdf[PseudoObservationsFITC] PASSED    [ 88%]\n[8d19271b-14d8-4965-9229-ee8147c38974/test]   | tests/model/test_model.py::test_logpdf[PseudoObservationsDTC] PASSED     [ 89%]\n[8d19271b-14d8-4965-9229-ee8147c38974/test]   | tests/model/test_model.py::test_manual_new_gp PASSED                     [ 90%]\n[8d19271b-14d8-4965-9229-ee8147c38974/test]   | tests/model/test_model.py::test_stretching PASSED                        [ 91%]\n[8d19271b-14d8-4965-9229-ee8147c38974/test]   | tests/model/test_model.py::test_shifting PASSED                          [ 92%]\n[8d19271b-14d8-4965-9229-ee8147c38974/test]   | tests/model/test_model.py::test_input_transform PASSED                   [ 93%]\n[8d19271b-14d8-4965-9229-ee8147c38974/test]   | tests/model/test_model.py::test_selection PASSED                         [ 94%]\n[8d19271b-14d8-4965-9229-ee8147c38974/test]   | tests/model/test_model.py::test_derivative PASSED                        [ 95%]\n[8d19271b-14d8-4965-9229-ee8147c38974/test]   | tests/model/test_model.py::test_multi_sample PASSED                      [ 96%]\n[8d19271b-14d8-4965-9229-ee8147c38974/test]   | tests/model/test_model.py::test_sample_correct_measure PASSED            [ 97%]\n[8d19271b-14d8-4965-9229-ee8147c38974/test]   | tests/model/test_model.py::test_approximate_multiplication PASSED        [ 98%]\n[8d19271b-14d8-4965-9229-ee8147c38974/test]   | tests/model/test_observations.py::test_combine PASSED                    [100%]\n[8d19271b-14d8-4965-9229-ee8147c38974/test]   | \n[8d19271b-14d8-4965-9229-ee8147c38974/test]   | =============================== warnings summary ===============================\n[8d19271b-14d8-4965-9229-ee8147c38974/test]   | ../../../opt/hostedtoolcache/Python/3.7.11/x64/lib/python3.7/site-packages/tensorflow_probability/python/__init__.py:57\n[8d19271b-14d8-4965-9229-ee8147c38974/test]   |   /opt/hostedtoolcache/Python/3.7.11/x64/lib/python3.7/site-packages/tensorflow_probability/python/__init__.py:57: DeprecationWarning: distutils Version classes are deprecated. Use packaging.version instead.\n[8d19271b-14d8-4965-9229-ee8147c38974/test]   |     if (distutils.version.LooseVersion(tf.__version__) <\n[8d19271b-14d8-4965-9229-ee8147c38974/test]   | \n[8d19271b-14d8-4965-9229-ee8147c38974/test]   | ../../../opt/hostedtoolcache/Python/3.7.11/x64/lib/python3.7/site-packages/tensorflow_probability/python/__init__.py:58\n[8d19271b-14d8-4965-9229-ee8147c38974/test]   |   /opt/hostedtoolcache/Python/3.7.11/x64/lib/python3.7/site-packages/tensorflow_probability/python/__init__.py:58: DeprecationWarning: distutils Version classes are deprecated. Use packaging.version instead.\n[8d19271b-14d8-4965-9229-ee8147c38974/test]   |     distutils.version.LooseVersion(required_tensorflow_version)):\n[8d19271b-14d8-4965-9229-ee8147c38974/test]   | \n[8d19271b-14d8-4965-9229-ee8147c38974/test]   | tests/test_random.py::test_normal_kl\n[8d19271b-14d8-4965-9229-ee8147c38974/test]   |   /opt/hostedtoolcache/Python/3.7.11/x64/lib/python3.7/site-packages/plum/function.py:392: ToDenseWarning: Solving <lower-triangular matrix: batch=(), shape=(3, 3), dtype=float64> x = <lower-triangular matrix: batch=(), shape=(3, 3), dtype=float64>: converting to dense.\n[8d19271b-14d8-4965-9229-ee8147c38974/test]   |     return _convert(method(*args, **kw_args), return_type)\n[8d19271b-14d8-4965-9229-ee8147c38974/test]   | \n[8d19271b-14d8-4965-9229-ee8147c38974/test]   | tests/mo/test_kernel.py: 1 warning\n[8d19271b-14d8-4965-9229-ee8147c38974/test]   | tests/model/test_cases.py: 4 warnings\n[8d19271b-14d8-4965-9229-ee8147c38974/test]   | tests/model/test_fdd.py: 1 warning\n[8d19271b-14d8-4965-9229-ee8147c38974/test]   | tests/model/test_model.py: 20 warnings\n[8d19271b-14d8-4965-9229-ee8147c38974/test]   | tests/model/test_observations.py: 1 warning\n[8d19271b-14d8-4965-9229-ee8147c38974/test]   |   /tmp/558156d8-17ed-11ee-8a50-bb14de238602/wesselb-stheno/stheno/mo/input.py:9: ToDenseWarning: Could not preserve structure in block matrix: converting to dense.\n[8d19271b-14d8-4965-9229-ee8147c38974/test]   |     return B.block(*[[pairwise(k, xi, yi) for yi in y] for xi in x])\n[8d19271b-14d8-4965-9229-ee8147c38974/test]   | \n[8d19271b-14d8-4965-9229-ee8147c38974/test]   | tests/mo/test_kernel.py::test_mok\n[8d19271b-14d8-4965-9229-ee8147c38974/test]   |   /opt/hostedtoolcache/Python/3.7.11/x64/lib/python3.7/site-packages/plum/function.py:392: ToDenseWarning: Concatenating <dense matrix: batch=(), shape=(10, 5), dtype=float64>, <zero matrix: batch=(), shape=(10, 5), dtype=float64>: converting to dense.\n[8d19271b-14d8-4965-9229-ee8147c38974/test]   |     return _convert(method(*args, **kw_args), return_type)\n[8d19271b-14d8-4965-9229-ee8147c38974/test]   | \n[8d19271b-14d8-4965-9229-ee8147c38974/test]   | tests/mo/test_kernel.py::test_mok\n[8d19271b-14d8-4965-9229-ee8147c38974/test]   |   /opt/hostedtoolcache/Python/3.7.11/x64/lib/python3.7/site-packages/plum/function.py:392: ToDenseWarning: Concatenating <zero matrix: batch=(), shape=(10, 5), dtype=float64>, <dense matrix: batch=(), shape=(10, 5), dtype=float64>: converting to dense.\n[8d19271b-14d8-4965-9229-ee8147c38974/test]   |     return _convert(method(*args, **kw_args), return_type)\n[8d19271b-14d8-4965-9229-ee8147c38974/test]   | \n[8d19271b-14d8-4965-9229-ee8147c38974/test]   | tests/mo/test_kernel.py::test_mok\n[8d19271b-14d8-4965-9229-ee8147c38974/test]   |   /opt/hostedtoolcache/Python/3.7.11/x64/lib/python3.7/site-packages/plum/function.py:392: ToDenseWarning: Concatenating <zero matrix: batch=(), shape=(10, 10), dtype=float64>, <dense matrix: batch=(), shape=(10, 10), dtype=float64>: converting to dense.\n[8d19271b-14d8-4965-9229-ee8147c38974/test]   |     return _convert(method(*args, **kw_args), return_type)\n[8d19271b-14d8-4965-9229-ee8147c38974/test]   | \n[8d19271b-14d8-4965-9229-ee8147c38974/test]   | tests/mo/test_kernel.py::test_mok\n[8d19271b-14d8-4965-9229-ee8147c38974/test]   |   /opt/hostedtoolcache/Python/3.7.11/x64/lib/python3.7/site-packages/plum/function.py:392: ToDenseWarning: Concatenating <dense matrix: batch=(), shape=(5, 10), dtype=float64>, <zero matrix: batch=(), shape=(5, 10), dtype=float64>: converting to dense.\n[8d19271b-14d8-4965-9229-ee8147c38974/test]   |     return _convert(method(*args, **kw_args), return_type)\n[8d19271b-14d8-4965-9229-ee8147c38974/test]   | \n[8d19271b-14d8-4965-9229-ee8147c38974/test]   | tests/mo/test_kernel.py::test_mok\n[8d19271b-14d8-4965-9229-ee8147c38974/test]   |   /opt/hostedtoolcache/Python/3.7.11/x64/lib/python3.7/site-packages/plum/function.py:392: ToDenseWarning: Concatenating <zero matrix: batch=(), shape=(10, 10), dtype=float64>, <dense matrix: batch=(), shape=(10, 5), dtype=float64>: converting to dense.\n[8d19271b-14d8-4965-9229-ee8147c38974/test]   |     return _convert(method(*args, **kw_args), return_type)\n[8d19271b-14d8-4965-9229-ee8147c38974/test]   | \n[8d19271b-14d8-4965-9229-ee8147c38974/test]   | tests/mo/test_kernel.py::test_mok\n[8d19271b-14d8-4965-9229-ee8147c38974/test]   |   /opt/hostedtoolcache/Python/3.7.11/x64/lib/python3.7/site-packages/plum/function.py:392: ToDenseWarning: Concatenating <dense matrix: batch=(), shape=(10, 10), dtype=float64>, <zero matrix: batch=(), shape=(10, 5), dtype=float64>: converting to dense.\n[8d19271b-14d8-4965-9229-ee8147c38974/test]   |     return _convert(method(*args, **kw_args), return_type)\n[8d19271b-14d8-4965-9229-ee8147c38974/test]   | \n[8d19271b-14d8-4965-9229-ee8147c38974/test]   | tests/mo/test_kernel.py::test_mok\n[8d19271b-14d8-4965-9229-ee8147c38974/test]   |   /opt/hostedtoolcache/Python/3.7.11/x64/lib/python3.7/site-packages/plum/function.py:392: ToDenseWarning: Concatenating <dense matrix: batch=(), shape=(10, 10), dtype=float64>, <zero matrix: batch=(), shape=(5, 10), dtype=float64>: converting to dense.\n[8d19271b-14d8-4965-9229-ee8147c38974/test]   |     return _convert(method(*args, **kw_args), return_type)\n[8d19271b-14d8-4965-9229-ee8147c38974/test]   | \n[8d19271b-14d8-4965-9229-ee8147c38974/test]   | tests/model/test_cases.py::test_blr\n[8d19271b-14d8-4965-9229-ee8147c38974/test]   | tests/model/test_model.py::test_stretching\n[8d19271b-14d8-4965-9229-ee8147c38974/test]   | tests/model/test_model.py::test_shifting\n[8d19271b-14d8-4965-9229-ee8147c38974/test]   | tests/model/test_model.py::test_input_transform\n[8d19271b-14d8-4965-9229-ee8147c38974/test]   |   /opt/hostedtoolcache/Python/3.7.11/x64/lib/python3.7/site-packages/plum/function.py:392: ToDenseWarning: Concatenating <diagonal matrix: batch=(), shape=(1, 1), dtype=float64>, <dense matrix: batch=(), shape=(1, 1), dtype=float64>: converting to dense.\n[8d19271b-14d8-4965-9229-ee8147c38974/test]   |     return _convert(method(*args, **kw_args), return_type)\n[8d19271b-14d8-4965-9229-ee8147c38974/test]   | \n[8d19271b-14d8-4965-9229-ee8147c38974/test]   | tests/model/test_cases.py::test_blr\n[8d19271b-14d8-4965-9229-ee8147c38974/test]   |   /opt/hostedtoolcache/Python/3.7.11/x64/lib/python3.7/site-packages/plum/function.py:392: ToDenseWarning: Indexing into <constant matrix: batch=(), shape=(1, 1), dtype=int64>: converting to dense.\n[8d19271b-14d8-4965-9229-ee8147c38974/test]   |     return _convert(method(*args, **kw_args), return_type)\n[8d19271b-14d8-4965-9229-ee8147c38974/test]   | \n[8d19271b-14d8-4965-9229-ee8147c38974/test]   | tests/model/test_cases.py::test_blr\n[8d19271b-14d8-4965-9229-ee8147c38974/test]   |   /opt/hostedtoolcache/Python/3.7.11/x64/lib/python3.7/site-packages/plum/function.py:392: ToDenseWarning: Concatenating <constant matrix: batch=(), shape=(1, 1), dtype=int64>, <dense matrix: batch=(), shape=(1, 1), dtype=int64>: converting to dense.\n[8d19271b-14d8-4965-9229-ee8147c38974/test]   |     return _convert(method(*args, **kw_args), return_type)\n[8d19271b-14d8-4965-9229-ee8147c38974/test]   | \n[8d19271b-14d8-4965-9229-ee8147c38974/test]   | tests/model/test_gp.py::test_mul_other\n[8d19271b-14d8-4965-9229-ee8147c38974/test]   |   /opt/hostedtoolcache/Python/3.7.11/x64/lib/python3.7/site-packages/plum/function.py:392: ToDenseWarning: Multiplying <low-rank matrix: batch=(), shape=(5, 5), dtype=float64, rank=1> and <dense matrix: batch=(), shape=(5, 5), dtype=float64>: converting to dense.\n[8d19271b-14d8-4965-9229-ee8147c38974/test]   |     return _convert(method(*args, **kw_args), return_type)\n[8d19271b-14d8-4965-9229-ee8147c38974/test]   | \n[8d19271b-14d8-4965-9229-ee8147c38974/test]   | tests/model/test_model.py::test_conditioning[<lambda>3]\n[8d19271b-14d8-4965-9229-ee8147c38974/test]   | tests/model/test_observations.py::test_combine\n[8d19271b-14d8-4965-9229-ee8147c38974/test]   |   /opt/hostedtoolcache/Python/3.7.11/x64/lib/python3.7/site-packages/plum/function.py:392: ToDenseWarning: Could not preserve structure in block-diagonal matrix: converting to dense.\n[8d19271b-14d8-4965-9229-ee8147c38974/test]   |     return _convert(method(*args, **kw_args), return_type)\n[8d19271b-14d8-4965-9229-ee8147c38974/test]   | \n[8d19271b-14d8-4965-9229-ee8147c38974/test]   | tests/model/test_model.py::test_conditioning_consistency\n[8d19271b-14d8-4965-9229-ee8147c38974/test]   |   /opt/hostedtoolcache/Python/3.7.11/x64/lib/python3.7/site-packages/plum/function.py:392: ToDenseWarning: Solving <lower-triangular matrix: batch=(), shape=(10, 10), dtype=float64> x = <diagonal matrix: batch=(), shape=(10, 10), dtype=float64>: converting to dense.\n[8d19271b-14d8-4965-9229-ee8147c38974/test]   |     return _convert(method(*args, **kw_args), return_type)\n[8d19271b-14d8-4965-9229-ee8147c38974/test]   | \n[8d19271b-14d8-4965-9229-ee8147c38974/test]   | tests/model/test_model.py::test_pseudoobs_and_elbo[PseudoObservations-<lambda>0]\n[8d19271b-14d8-4965-9229-ee8147c38974/test]   | tests/model/test_model.py::test_pseudoobs_and_elbo[PseudoObservations-<lambda>1]\n[8d19271b-14d8-4965-9229-ee8147c38974/test]   | tests/model/test_model.py::test_pseudoobs_and_elbo[PseudoObservations-<lambda>2]\n[8d19271b-14d8-4965-9229-ee8147c38974/test]   | tests/model/test_model.py::test_pseudoobs_and_elbo[PseudoObservationsFITC-<lambda>0]\n[8d19271b-14d8-4965-9229-ee8147c38974/test]   | tests/model/test_model.py::test_pseudoobs_and_elbo[PseudoObservationsFITC-<lambda>1]\n[8d19271b-14d8-4965-9229-ee8147c38974/test]   | tests/model/test_model.py::test_pseudoobs_and_elbo[PseudoObservationsFITC-<lambda>2]\n[8d19271b-14d8-4965-9229-ee8147c38974/test]   | tests/model/test_model.py::test_pseudoobs_and_elbo[PseudoObservationsDTC-<lambda>0]\n[8d19271b-14d8-4965-9229-ee8147c38974/test]   | tests/model/test_model.py::test_pseudoobs_and_elbo[PseudoObservationsDTC-<lambda>1]\n[8d19271b-14d8-4965-9229-ee8147c38974/test]   | tests/model/test_model.py::test_pseudoobs_and_elbo[PseudoObservationsDTC-<lambda>2]\n[8d19271b-14d8-4965-9229-ee8147c38974/test]   |   /opt/hostedtoolcache/Python/3.7.11/x64/lib/python3.7/site-packages/plum/function.py:392: ToDenseWarning: Solving <lower-triangular matrix: batch=(), shape=(3, 3), dtype=float64> x = <upper-triangular matrix: batch=(), shape=(3, 3), dtype=float64>: converting to dense.\n[8d19271b-14d8-4965-9229-ee8147c38974/test]   |     return _convert(method(*args, **kw_args), return_type)\n[8d19271b-14d8-4965-9229-ee8147c38974/test]   | \n[8d19271b-14d8-4965-9229-ee8147c38974/test]   | tests/model/test_model.py::test_pseudoobs_and_elbo[PseudoObservations-<lambda>0]\n[8d19271b-14d8-4965-9229-ee8147c38974/test]   | tests/model/test_model.py::test_pseudoobs_and_elbo[PseudoObservations-<lambda>1]\n[8d19271b-14d8-4965-9229-ee8147c38974/test]   | tests/model/test_model.py::test_pseudoobs_and_elbo[PseudoObservations-<lambda>2]\n[8d19271b-14d8-4965-9229-ee8147c38974/test]   | tests/model/test_model.py::test_pseudoobs_and_elbo[PseudoObservationsFITC-<lambda>0]\n[8d19271b-14d8-4965-9229-ee8147c38974/test]   | tests/model/test_model.py::test_pseudoobs_and_elbo[PseudoObservationsFITC-<lambda>1]\n[8d19271b-14d8-4965-9229-ee8147c38974/test]   | tests/model/test_model.py::test_pseudoobs_and_elbo[PseudoObservationsFITC-<lambda>2]\n[8d19271b-14d8-4965-9229-ee8147c38974/test]   | tests/model/test_model.py::test_pseudoobs_and_elbo[PseudoObservationsDTC-<lambda>0]\n[8d19271b-14d8-4965-9229-ee8147c38974/test]   | tests/model/test_model.py::test_pseudoobs_and_elbo[PseudoObservationsDTC-<lambda>1]\n[8d19271b-14d8-4965-9229-ee8147c38974/test]   | tests/model/test_model.py::test_pseudoobs_and_elbo[PseudoObservationsDTC-<lambda>2]\n[8d19271b-14d8-4965-9229-ee8147c38974/test]   |   /opt/hostedtoolcache/Python/3.7.11/x64/lib/python3.7/site-packages/plum/function.py:392: ToDenseWarning: Solving <lower-triangular matrix: batch=(), shape=(6, 6), dtype=float64> x = <upper-triangular matrix: batch=(), shape=(6, 6), dtype=float64>: converting to dense.\n[8d19271b-14d8-4965-9229-ee8147c38974/test]   |     return _convert(method(*args, **kw_args), return_type)\n[8d19271b-14d8-4965-9229-ee8147c38974/test]   | \n[8d19271b-14d8-4965-9229-ee8147c38974/test]   | tests/model/test_model.py::test_pseudoobs_kernel_call_count\n[8d19271b-14d8-4965-9229-ee8147c38974/test]   |   /opt/hostedtoolcache/Python/3.7.11/x64/lib/python3.7/site-packages/plum/function.py:392: ToDenseWarning: Solving <lower-triangular matrix: batch=(), shape=(5, 5), dtype=float64> x = <upper-triangular matrix: batch=(), shape=(5, 5), dtype=float64>: converting to dense.\n[8d19271b-14d8-4965-9229-ee8147c38974/test]   |     return _convert(method(*args, **kw_args), return_type)\n[8d19271b-14d8-4965-9229-ee8147c38974/test]   | \n[8d19271b-14d8-4965-9229-ee8147c38974/test]   | tests/model/test_model.py::test_logpdf[PseudoObservations]\n[8d19271b-14d8-4965-9229-ee8147c38974/test]   | tests/model/test_model.py::test_logpdf[PseudoObservationsFITC]\n[8d19271b-14d8-4965-9229-ee8147c38974/test]   | tests/model/test_model.py::test_logpdf[PseudoObservationsDTC]\n[8d19271b-14d8-4965-9229-ee8147c38974/test]   |   /opt/hostedtoolcache/Python/3.7.11/x64/lib/python3.7/site-packages/plum/function.py:392: ToDenseWarning: Solving <lower-triangular matrix: batch=(), shape=(7, 7), dtype=float64> x = <upper-triangular matrix: batch=(), shape=(7, 7), dtype=float64>: converting to dense.\n[8d19271b-14d8-4965-9229-ee8147c38974/test]   |     return _convert(method(*args, **kw_args), return_type)\n[8d19271b-14d8-4965-9229-ee8147c38974/test]   | \n[8d19271b-14d8-4965-9229-ee8147c38974/test]   | tests/model/test_model.py::test_approximate_multiplication\n[8d19271b-14d8-4965-9229-ee8147c38974/test]   |   /opt/hostedtoolcache/Python/3.7.11/x64/lib/python3.7/site-packages/plum/function.py:392: ToDenseWarning: Multiplying <low-rank matrix: batch=(), shape=(50, 50), dtype=float64, rank=1> and <dense matrix: batch=(), shape=(50, 50), dtype=float64>: converting to dense.\n[8d19271b-14d8-4965-9229-ee8147c38974/test]   |     return _convert(method(*args, **kw_args), return_type)\n[8d19271b-14d8-4965-9229-ee8147c38974/test]   | \n[8d19271b-14d8-4965-9229-ee8147c38974/test]   | -- Docs: https://docs.pytest.org/en/stable/how-to/capture-warnings.html\n[8d19271b-14d8-4965-9229-ee8147c38974/test]   | - generated xml file: /tmp/558156d8-17ed-11ee-8a50-bb14de238602/wesselb-stheno/report.xml -\n[8d19271b-14d8-4965-9229-ee8147c38974/test]   | \n[8d19271b-14d8-4965-9229-ee8147c38974/test]   | ---------- coverage: platform linux, python 3.7.11-final-0 -----------\n[8d19271b-14d8-4965-9229-ee8147c38974/test]   | Name                           Stmts   Miss  Cover   Missing\n[8d19271b-14d8-4965-9229-ee8147c38974/test]   | ------------------------------------------------------------\n[8d19271b-14d8-4965-9229-ee8147c38974/test]   | stheno/__init__.py                14      0   100%\n[8d19271b-14d8-4965-9229-ee8147c38974/test]   | stheno/autograd.py                 2      0   100%\n[8d19271b-14d8-4965-9229-ee8147c38974/test]   | stheno/jax.py                      2      0   100%\n[8d19271b-14d8-4965-9229-ee8147c38974/test]   | stheno/lazy.py                    74      0   100%\n[8d19271b-14d8-4965-9229-ee8147c38974/test]   | stheno/mo/__init__.py              5      0   100%\n[8d19271b-14d8-4965-9229-ee8147c38974/test]   | stheno/mo/adk.py                  28      0   100%\n[8d19271b-14d8-4965-9229-ee8147c38974/test]   | stheno/mo/infer.py                45      0   100%\n[8d19271b-14d8-4965-9229-ee8147c38974/test]   | stheno/mo/input.py                23      0   100%\n[8d19271b-14d8-4965-9229-ee8147c38974/test]   | stheno/mo/kernel.py               53      0   100%\n[8d19271b-14d8-4965-9229-ee8147c38974/test]   | stheno/mo/mean.py                 23      0   100%\n[8d19271b-14d8-4965-9229-ee8147c38974/test]   | stheno/model/__init__.py           4      0   100%\n[8d19271b-14d8-4965-9229-ee8147c38974/test]   | stheno/model/fdd.py               74      0   100%\n[8d19271b-14d8-4965-9229-ee8147c38974/test]   | stheno/model/gp.py               134      0   100%\n[8d19271b-14d8-4965-9229-ee8147c38974/test]   | stheno/model/measure.py          175      0   100%\n[8d19271b-14d8-4965-9229-ee8147c38974/test]   | stheno/model/observations.py     142      0   100%\n[8d19271b-14d8-4965-9229-ee8147c38974/test]   | stheno/random.py                 177      0   100%\n[8d19271b-14d8-4965-9229-ee8147c38974/test]   | stheno/tensorflow.py               2      0   100%\n[8d19271b-14d8-4965-9229-ee8147c38974/test]   | stheno/torch.py                    2      0   100%\n[8d19271b-14d8-4965-9229-ee8147c38974/test]   | ------------------------------------------------------------\n[8d19271b-14d8-4965-9229-ee8147c38974/test]   | TOTAL                            979      0   100%\n[8d19271b-14d8-4965-9229-ee8147c38974/test]   | \n[8d19271b-14d8-4965-9229-ee8147c38974/test]   | ======================= 93 passed, 70 warnings in 34.85s =======================\n[8d19271b-14d8-4965-9229-ee8147c38974/test]   | Submitting coverage to coveralls.io...\n[8d19271b-14d8-4965-9229-ee8147c38974/test]   | resubmitting with id None\n[8d19271b-14d8-4965-9229-ee8147c38974/test]   | Could not submit coverage: 422 Client Error: Unprocessable Entity for url: https://coveralls.io/api/v1/jobs\n[8d19271b-14d8-4965-9229-ee8147c38974/test]   | Traceback (most recent call last):\n[8d19271b-14d8-4965-9229-ee8147c38974/test]   |   File \"/opt/hostedtoolcache/Python/3.7.11/x64/lib/python3.7/site-packages/coveralls/api.py\", line 290, in submit_report\n[8d19271b-14d8-4965-9229-ee8147c38974/test]   |     response.raise_for_status()\n[8d19271b-14d8-4965-9229-ee8147c38974/test]   |   File \"/opt/hostedtoolcache/Python/3.7.11/x64/lib/python3.7/site-packages/requests/models.py\", line 1021, in raise_for_status\n[8d19271b-14d8-4965-9229-ee8147c38974/test]   |     raise HTTPError(http_error_msg, response=self)\n[8d19271b-14d8-4965-9229-ee8147c38974/test]   | requests.exceptions.HTTPError: 422 Client Error: Unprocessable Entity for url: https://coveralls.io/api/v1/jobs\n[8d19271b-14d8-4965-9229-ee8147c38974/test]   | \n[8d19271b-14d8-4965-9229-ee8147c38974/test]   | The above exception was the direct cause of the following exception:\n[8d19271b-14d8-4965-9229-ee8147c38974/test]   | \n[8d19271b-14d8-4965-9229-ee8147c38974/test]   | Traceback (most recent call last):\n[8d19271b-14d8-4965-9229-ee8147c38974/test]   |   File \"/opt/hostedtoolcache/Python/3.7.11/x64/lib/python3.7/site-packages/coveralls/cli.py\", line 95, in main\n[8d19271b-14d8-4965-9229-ee8147c38974/test]   |     result = coverallz.wear()\n[8d19271b-14d8-4965-9229-ee8147c38974/test]   |   File \"/opt/hostedtoolcache/Python/3.7.11/x64/lib/python3.7/site-packages/coveralls/api.py\", line 257, in wear\n[8d19271b-14d8-4965-9229-ee8147c38974/test]   |     return self.submit_report(json_string)\n[8d19271b-14d8-4965-9229-ee8147c38974/test]   |   File \"/opt/hostedtoolcache/Python/3.7.11/x64/lib/python3.7/site-packages/coveralls/api.py\", line 294, in submit_report\n[8d19271b-14d8-4965-9229-ee8147c38974/test]   |     'Could not submit coverage: {}'.format(e)) from e\n[8d19271b-14d8-4965-9229-ee8147c38974/test]   | coveralls.exception.CoverallsException: Could not submit coverage: 422 Client Error: Unprocessable Entity for url: https://coveralls.io/api/v1/jobs\n[8d19271b-14d8-4965-9229-ee8147c38974/test]   \u274c  Failure - Main Test\n[8d19271b-14d8-4965-9229-ee8147c38974/test] exitcode '1': failure\n[8d19271b-14d8-4965-9229-ee8147c38974/test] \ud83c\udfc1  Job failed\n",
        "stderr": "Error: Job 'test' failed\n",
        "workflow": {
            "path": "/tmp/558156d8-17ed-11ee-8a50-bb14de238602/wesselb-stheno/.github/workflows/ci-crawler.yml",
            "type": "pytest"
        },
        "workflow_name": "8d19271b-14d8-4965-9229-ee8147c38974",
        "build_tool": "pytest",
        "elapsed_time": 565.2866837978363
    }
}