{
    "repository": "wichert/pyramid_jwt",
    "stars": 74,
    "language": "python",
    "size": 126,
    "clone_url": "https://github.com/wichert/pyramid_jwt.git",
    "timestamp": "2023-07-01T10:40:12.319569Z",
    "clone_success": true,
    "number_of_actions": 1,
    "number_of_test_actions": 1,
    "actions_successful": true,
    "actions_build_tools": [
        "pytest"
    ],
    "actions_test_build_tools": [
        "pytest"
    ],
    "actions_run": {
        "failed": false,
        "tests": [
            {
                "classname": "tests.test_cookies",
                "name": "test_interface",
                "time": 0.002,
                "results": [
                    {
                        "result": "Passed",
                        "message": "",
                        "type": ""
                    }
                ],
                "stdout": null,
                "stderr": null
            },
            {
                "classname": "tests.test_cookies",
                "name": "test_cookie",
                "time": 0.002,
                "results": [
                    {
                        "result": "Passed",
                        "message": "",
                        "type": ""
                    }
                ],
                "stdout": null,
                "stderr": null
            },
            {
                "classname": "tests.test_cookies",
                "name": "test_cookie_name",
                "time": 0.001,
                "results": [
                    {
                        "result": "Passed",
                        "message": "",
                        "type": ""
                    }
                ],
                "stdout": null,
                "stderr": null
            },
            {
                "classname": "tests.test_cookies",
                "name": "test_secure_cookie",
                "time": 0.001,
                "results": [
                    {
                        "result": "Passed",
                        "message": "",
                        "type": ""
                    }
                ],
                "stdout": null,
                "stderr": null
            },
            {
                "classname": "tests.test_cookies",
                "name": "test_insecure_cookie",
                "time": 0.001,
                "results": [
                    {
                        "result": "Passed",
                        "message": "",
                        "type": ""
                    }
                ],
                "stdout": null,
                "stderr": null
            },
            {
                "classname": "tests.test_cookies",
                "name": "test_cookie_decode",
                "time": 0.002,
                "results": [
                    {
                        "result": "Passed",
                        "message": "",
                        "type": ""
                    }
                ],
                "stdout": null,
                "stderr": null
            },
            {
                "classname": "tests.test_cookies",
                "name": "test_cookie_max_age",
                "time": 0.001,
                "results": [
                    {
                        "result": "Passed",
                        "message": "",
                        "type": ""
                    }
                ],
                "stdout": null,
                "stderr": null
            },
            {
                "classname": "tests.test_cookies",
                "name": "test_expired_token",
                "time": 0.073,
                "results": [
                    {
                        "result": "Passed",
                        "message": "",
                        "type": ""
                    }
                ],
                "stdout": null,
                "stderr": null
            },
            {
                "classname": "tests.test_integration",
                "name": "test_secure_view_requires_auth",
                "time": 0.028,
                "results": [
                    {
                        "result": "Passed",
                        "message": "",
                        "type": ""
                    }
                ],
                "stdout": null,
                "stderr": null
            },
            {
                "classname": "tests.test_integration",
                "name": "test_login",
                "time": 0.027,
                "results": [
                    {
                        "result": "Passed",
                        "message": "",
                        "type": ""
                    }
                ],
                "stdout": null,
                "stderr": null
            },
            {
                "classname": "tests.test_integration",
                "name": "test_pyramid_json_encoder_fail",
                "time": 0.025,
                "results": [
                    {
                        "result": "Passed",
                        "message": "",
                        "type": ""
                    }
                ],
                "stdout": null,
                "stderr": null
            },
            {
                "classname": "tests.test_integration",
                "name": "test_pyramid_json_encoder_with_adapter",
                "time": 0.03,
                "results": [
                    {
                        "result": "Passed",
                        "message": "",
                        "type": ""
                    }
                ],
                "stdout": null,
                "stderr": null
            },
            {
                "classname": "tests.test_integration",
                "name": "test_pyramid_custom_json_encoder",
                "time": 0.023,
                "results": [
                    {
                        "result": "Passed",
                        "message": "",
                        "type": ""
                    }
                ],
                "stdout": null,
                "stderr": null
            },
            {
                "classname": "tests.test_integration",
                "name": "test_cookie_secured",
                "time": 0.025,
                "results": [
                    {
                        "result": "Passed",
                        "message": "",
                        "type": ""
                    }
                ],
                "stdout": null,
                "stderr": null
            },
            {
                "classname": "tests.test_integration",
                "name": "test_cookie_login",
                "time": 0.024,
                "results": [
                    {
                        "result": "Passed",
                        "message": "",
                        "type": ""
                    }
                ],
                "stdout": null,
                "stderr": null
            },
            {
                "classname": "tests.test_integration",
                "name": "test_cookie_logout",
                "time": 0.027,
                "results": [
                    {
                        "result": "Passed",
                        "message": "",
                        "type": ""
                    }
                ],
                "stdout": null,
                "stderr": null
            },
            {
                "classname": "tests.test_integration",
                "name": "test_cookie_reissue",
                "time": 0.043,
                "results": [
                    {
                        "result": "Passed",
                        "message": "",
                        "type": ""
                    }
                ],
                "stdout": null,
                "stderr": null
            },
            {
                "classname": "tests.test_integration",
                "name": "test_cookie_reissue_revoke",
                "time": 0.041,
                "results": [
                    {
                        "result": "Passed",
                        "message": "",
                        "type": ""
                    }
                ],
                "stdout": null,
                "stderr": null
            },
            {
                "classname": "tests.test_policy",
                "name": "testConfig",
                "time": 0.001,
                "results": [
                    {
                        "result": "Passed",
                        "message": "",
                        "type": ""
                    }
                ],
                "stdout": null,
                "stderr": null
            },
            {
                "classname": "tests.test_policy",
                "name": "test_interface",
                "time": 0.001,
                "results": [
                    {
                        "result": "Passed",
                        "message": "",
                        "type": ""
                    }
                ],
                "stdout": null,
                "stderr": null
            },
            {
                "classname": "tests.test_policy",
                "name": "test_token_most_be_str",
                "time": 0.001,
                "results": [
                    {
                        "result": "Passed",
                        "message": "",
                        "type": ""
                    }
                ],
                "stdout": null,
                "stderr": null
            },
            {
                "classname": "tests.test_policy",
                "name": "test_minimal_roundtrip",
                "time": 0.001,
                "results": [
                    {
                        "result": "Passed",
                        "message": "",
                        "type": ""
                    }
                ],
                "stdout": null,
                "stderr": null
            },
            {
                "classname": "tests.test_policy",
                "name": "test_audience_valid",
                "time": 0.001,
                "results": [
                    {
                        "result": "Passed",
                        "message": "",
                        "type": ""
                    }
                ],
                "stdout": null,
                "stderr": null
            },
            {
                "classname": "tests.test_policy",
                "name": "test_audience_invalid",
                "time": 0.002,
                "results": [
                    {
                        "result": "Passed",
                        "message": "",
                        "type": ""
                    }
                ],
                "stdout": null,
                "stderr": null
            },
            {
                "classname": "tests.test_policy",
                "name": "test_algorithm_unsupported",
                "time": 0.001,
                "results": [
                    {
                        "result": "Passed",
                        "message": "",
                        "type": ""
                    }
                ],
                "stdout": null,
                "stderr": null
            },
            {
                "classname": "tests.test_policy",
                "name": "test_extra_claims",
                "time": 0.001,
                "results": [
                    {
                        "result": "Passed",
                        "message": "",
                        "type": ""
                    }
                ],
                "stdout": null,
                "stderr": null
            },
            {
                "classname": "tests.test_policy",
                "name": "test_wrong_auth_scheme",
                "time": 0.001,
                "results": [
                    {
                        "result": "Passed",
                        "message": "",
                        "type": ""
                    }
                ],
                "stdout": null,
                "stderr": null
            },
            {
                "classname": "tests.test_policy",
                "name": "test_invalid_authorization_header",
                "time": 0.001,
                "results": [
                    {
                        "result": "Passed",
                        "message": "",
                        "type": ""
                    }
                ],
                "stdout": null,
                "stderr": null
            },
            {
                "classname": "tests.test_policy",
                "name": "test_other_header",
                "time": 0.002,
                "results": [
                    {
                        "result": "Passed",
                        "message": "",
                        "type": ""
                    }
                ],
                "stdout": null,
                "stderr": null
            },
            {
                "classname": "tests.test_policy",
                "name": "test_expired_token",
                "time": 0.002,
                "results": [
                    {
                        "result": "Passed",
                        "message": "",
                        "type": ""
                    }
                ],
                "stdout": null,
                "stderr": null
            },
            {
                "classname": "tests.test_policy",
                "name": "test_dynamic_expired_token",
                "time": 0.002,
                "results": [
                    {
                        "result": "Passed",
                        "message": "",
                        "type": ""
                    }
                ],
                "stdout": null,
                "stderr": null
            },
            {
                "classname": "tests.test_policy",
                "name": "test_remember_warning",
                "time": 0.01,
                "results": [
                    {
                        "result": "Failure",
                        "message": "AssertionError: assert False\n +  where False = <built-in method endswith of str object at 0x7f592d57f938>('test_policy.py')\n +    where <built-in method endswith of str object at 0x7f592d57f938> = '/opt/hostedtoolcache/Python/3.6.14/x64/lib/python3.6/site-packages/pyramid/security.py'.endswith\n +      where '/opt/hostedtoolcache/Python/3.6.14/x64/lib/python3.6/site-packages/pyramid/security.py' = <warnings.WarningMessage object at 0x7f592cfba3c8>.filename",
                        "type": null
                    }
                ],
                "stdout": null,
                "stderr": null
            },
            {
                "classname": "tests.test_policy",
                "name": "test_forget_warning",
                "time": 0.011,
                "results": [
                    {
                        "result": "Failure",
                        "message": "AssertionError: assert False\n +  where False = <built-in method endswith of str object at 0x7f592d57f938>('test_policy.py')\n +    where <built-in method endswith of str object at 0x7f592d57f938> = '/opt/hostedtoolcache/Python/3.6.14/x64/lib/python3.6/site-packages/pyramid/security.py'.endswith\n +      where '/opt/hostedtoolcache/Python/3.6.14/x64/lib/python3.6/site-packages/pyramid/security.py' = <warnings.WarningMessage object at 0x7f592d061668>.filename",
                        "type": null
                    }
                ],
                "stdout": null,
                "stderr": null
            },
            {
                "classname": "tests.test_policy",
                "name": "test_default_json_encoder",
                "time": 0.001,
                "results": [
                    {
                        "result": "Passed",
                        "message": "",
                        "type": ""
                    }
                ],
                "stdout": null,
                "stderr": null
            },
            {
                "classname": "tests.test_policy",
                "name": "test_custom_json_encoder",
                "time": 0.002,
                "results": [
                    {
                        "result": "Passed",
                        "message": "",
                        "type": ""
                    }
                ],
                "stdout": null,
                "stderr": null
            },
            {
                "classname": "tests.test_policy",
                "name": "test_cookie_policy_creation",
                "time": 0.001,
                "results": [
                    {
                        "result": "Passed",
                        "message": "",
                        "type": ""
                    }
                ],
                "stdout": null,
                "stderr": null
            },
            {
                "classname": "tests.test_policy",
                "name": "test_cookie_policy_creation_fail",
                "time": 0.001,
                "results": [
                    {
                        "result": "Passed",
                        "message": "",
                        "type": ""
                    }
                ],
                "stdout": null,
                "stderr": null
            },
            {
                "classname": "tests.test_policy",
                "name": "test_cookie_policy_remember",
                "time": 0.001,
                "results": [
                    {
                        "result": "Passed",
                        "message": "",
                        "type": ""
                    }
                ],
                "stdout": null,
                "stderr": null
            },
            {
                "classname": "tests.test_policy",
                "name": "test_cookie_policy_forget",
                "time": 0.001,
                "results": [
                    {
                        "result": "Passed",
                        "message": "",
                        "type": ""
                    }
                ],
                "stdout": null,
                "stderr": null
            },
            {
                "classname": "tests.test_policy",
                "name": "test_cookie_policy_custom_domain_list",
                "time": 0.002,
                "results": [
                    {
                        "result": "Passed",
                        "message": "",
                        "type": ""
                    }
                ],
                "stdout": null,
                "stderr": null
            },
            {
                "classname": "tests.test_policy",
                "name": "test_insecure_cookie_policy",
                "time": 0.001,
                "results": [
                    {
                        "result": "Passed",
                        "message": "",
                        "type": ""
                    }
                ],
                "stdout": null,
                "stderr": null
            },
            {
                "classname": "tests.test_policy",
                "name": "test_cookie_policy_max_age",
                "time": 0.028,
                "results": [
                    {
                        "result": "Passed",
                        "message": "",
                        "type": ""
                    }
                ],
                "stdout": null,
                "stderr": null
            }
        ],
        "stdout": "[12f9b7c6-8e18-47d9-b43e-5796381432ca/Code style     ] \ud83d\ude80  Start image=crawlergpt:latest\n[12f9b7c6-8e18-47d9-b43e-5796381432ca/Test Python 3.6] \ud83d\ude80  Start image=crawlergpt:latest\n[12f9b7c6-8e18-47d9-b43e-5796381432ca/Test Python 3.6]   \ud83d\udc33  docker pull image=crawlergpt:latest platform= username= forcePull=false\n[12f9b7c6-8e18-47d9-b43e-5796381432ca/Code style     ]   \ud83d\udc33  docker pull image=crawlergpt:latest platform= username= forcePull=false\n[12f9b7c6-8e18-47d9-b43e-5796381432ca/Test Python 3.6]   \ud83d\udc33  docker create image=crawlergpt:latest platform= entrypoint=[\"tail\" \"-f\" \"/dev/null\"] cmd=[]\n[12f9b7c6-8e18-47d9-b43e-5796381432ca/Code style     ]   \ud83d\udc33  docker create image=crawlergpt:latest platform= entrypoint=[\"tail\" \"-f\" \"/dev/null\"] cmd=[]\n[12f9b7c6-8e18-47d9-b43e-5796381432ca/Code style     ]   \ud83d\udc33  docker run image=crawlergpt:latest platform= entrypoint=[\"tail\" \"-f\" \"/dev/null\"] cmd=[]\n[12f9b7c6-8e18-47d9-b43e-5796381432ca/Test Python 3.6]   \ud83d\udc33  docker run image=crawlergpt:latest platform= entrypoint=[\"tail\" \"-f\" \"/dev/null\"] cmd=[]\n[12f9b7c6-8e18-47d9-b43e-5796381432ca/Code style     ]   \ud83d\udc33  docker exec cmd=[chown -R 1012:1013 /tmp/558156d8-17ed-11ee-8a50-bb14de238602/wichert-pyramid_jwt] user=0 workdir=\n[12f9b7c6-8e18-47d9-b43e-5796381432ca/Test Python 3.6]   \ud83d\udc33  docker exec cmd=[chown -R 1012:1013 /tmp/558156d8-17ed-11ee-8a50-bb14de238602/wichert-pyramid_jwt] user=0 workdir=\n[12f9b7c6-8e18-47d9-b43e-5796381432ca/Code style     ]   \u2601  git clone 'https://github.com/actions/setup-python' # ref=v1\n[12f9b7c6-8e18-47d9-b43e-5796381432ca/Test Python 3.6]   \u2601  git clone 'https://github.com/actions/setup-python' # ref=v1\n[12f9b7c6-8e18-47d9-b43e-5796381432ca/Code style     ] \u2b50 Run Main actions/checkout@v2\n[12f9b7c6-8e18-47d9-b43e-5796381432ca/Code style     ]   \u2705  Success - Main actions/checkout@v2\n[12f9b7c6-8e18-47d9-b43e-5796381432ca/Code style     ] \u2b50 Run Main Set up Python\n[12f9b7c6-8e18-47d9-b43e-5796381432ca/Test Python 3.6] \ud83e\uddea  Matrix: map[python:3.6]\n[12f9b7c6-8e18-47d9-b43e-5796381432ca/Code style     ]   \ud83d\udc33  docker cp src=/tmp/act-cache/659e833b-a9eb-4c83-9a73-3b687e10ad94/act/actions-setup-python@v1/ dst=/var/run/act/actions/actions-setup-python@v1/\n[12f9b7c6-8e18-47d9-b43e-5796381432ca/Test Python 3.6] \u2b50 Run Main actions/checkout@v2\n[12f9b7c6-8e18-47d9-b43e-5796381432ca/Test Python 3.6]   \u2705  Success - Main actions/checkout@v2\n[12f9b7c6-8e18-47d9-b43e-5796381432ca/Code style     ]   \ud83d\udc33  docker exec cmd=[chown -R 1012:1013 /var/run/act/actions/actions-setup-python@v1/] user=0 workdir=\n[12f9b7c6-8e18-47d9-b43e-5796381432ca/Test Python 3.6] \u2b50 Run Main Set up Python 3.6\n[12f9b7c6-8e18-47d9-b43e-5796381432ca/Test Python 3.6]   \ud83d\udc33  docker cp src=/tmp/act-cache/659e833b-a9eb-4c83-9a73-3b687e10ad94/act/actions-setup-python@v1/ dst=/var/run/act/actions/actions-setup-python@v1/\n[12f9b7c6-8e18-47d9-b43e-5796381432ca/Test Python 3.6]   \ud83d\udc33  docker exec cmd=[chown -R 1012:1013 /var/run/act/actions/actions-setup-python@v1/] user=0 workdir=\n[12f9b7c6-8e18-47d9-b43e-5796381432ca/Code style     ]   \ud83d\udc33  docker exec cmd=[node /var/run/act/actions/actions-setup-python@v1/dist/index.js] user= workdir=\n[12f9b7c6-8e18-47d9-b43e-5796381432ca/Test Python 3.6]   \ud83d\udc33  docker exec cmd=[node /var/run/act/actions/actions-setup-python@v1/dist/index.js] user= workdir=\n[12f9b7c6-8e18-47d9-b43e-5796381432ca/Code style     ]   \ud83d\udcac  ::debug::Semantic version spec of 3.7 is 3.7\n[12f9b7c6-8e18-47d9-b43e-5796381432ca/Code style     ]   \ud83d\udcac  ::debug::isExplicit: \n[12f9b7c6-8e18-47d9-b43e-5796381432ca/Code style     ]   \ud83d\udcac  ::debug::explicit? false\n[12f9b7c6-8e18-47d9-b43e-5796381432ca/Code style     ]   \ud83d\udcac  ::debug::isExplicit: 2.7.18\n[12f9b7c6-8e18-47d9-b43e-5796381432ca/Code style     ]   \ud83d\udcac  ::debug::explicit? true\n[12f9b7c6-8e18-47d9-b43e-5796381432ca/Code style     ]   \ud83d\udcac  ::debug::isExplicit: 3.5.10\n[12f9b7c6-8e18-47d9-b43e-5796381432ca/Code style     ]   \ud83d\udcac  ::debug::explicit? true\n[12f9b7c6-8e18-47d9-b43e-5796381432ca/Code style     ]   \ud83d\udcac  ::debug::isExplicit: 3.6.14\n[12f9b7c6-8e18-47d9-b43e-5796381432ca/Code style     ]   \ud83d\udcac  ::debug::explicit? true\n[12f9b7c6-8e18-47d9-b43e-5796381432ca/Code style     ]   \ud83d\udcac  ::debug::isExplicit: 3.7.11\n[12f9b7c6-8e18-47d9-b43e-5796381432ca/Code style     ]   \ud83d\udcac  ::debug::explicit? true\n[12f9b7c6-8e18-47d9-b43e-5796381432ca/Code style     ]   \ud83d\udcac  ::debug::isExplicit: 3.8.11\n[12f9b7c6-8e18-47d9-b43e-5796381432ca/Code style     ]   \ud83d\udcac  ::debug::explicit? true\n[12f9b7c6-8e18-47d9-b43e-5796381432ca/Code style     ]   \ud83d\udcac  ::debug::isExplicit: 3.9.6\n[12f9b7c6-8e18-47d9-b43e-5796381432ca/Code style     ]   \ud83d\udcac  ::debug::explicit? true\n[12f9b7c6-8e18-47d9-b43e-5796381432ca/Code style     ]   \ud83d\udcac  ::debug::evaluating 6 versions\n[12f9b7c6-8e18-47d9-b43e-5796381432ca/Code style     ]   \ud83d\udcac  ::debug::matched: 3.7.11\n[12f9b7c6-8e18-47d9-b43e-5796381432ca/Code style     ]   \ud83d\udcac  ::debug::checking cache: /opt/hostedtoolcache/Python/3.7.11/x64\n[12f9b7c6-8e18-47d9-b43e-5796381432ca/Code style     ]   \ud83d\udcac  ::debug::Found tool in cache Python 3.7.11 x64\n[12f9b7c6-8e18-47d9-b43e-5796381432ca/Code style     ]   | Successfully setup CPython (3.7.11)\n[12f9b7c6-8e18-47d9-b43e-5796381432ca/Code style     ]   \u2753 add-matcher /run/act/actions/actions-setup-python@v1/.github/python.json\n[12f9b7c6-8e18-47d9-b43e-5796381432ca/Code style     ]   \u2705  Success - Main Set up Python\n[12f9b7c6-8e18-47d9-b43e-5796381432ca/Test Python 3.6]   \ud83d\udcac  ::debug::Semantic version spec of 3.6 is 3.6\n[12f9b7c6-8e18-47d9-b43e-5796381432ca/Test Python 3.6]   \ud83d\udcac  ::debug::isExplicit: \n[12f9b7c6-8e18-47d9-b43e-5796381432ca/Test Python 3.6]   \ud83d\udcac  ::debug::explicit? false\n[12f9b7c6-8e18-47d9-b43e-5796381432ca/Test Python 3.6]   \ud83d\udcac  ::debug::isExplicit: 2.7.18\n[12f9b7c6-8e18-47d9-b43e-5796381432ca/Test Python 3.6]   \ud83d\udcac  ::debug::explicit? true\n[12f9b7c6-8e18-47d9-b43e-5796381432ca/Test Python 3.6]   \ud83d\udcac  ::debug::isExplicit: 3.5.10\n[12f9b7c6-8e18-47d9-b43e-5796381432ca/Test Python 3.6]   \ud83d\udcac  ::debug::explicit? true\n[12f9b7c6-8e18-47d9-b43e-5796381432ca/Test Python 3.6]   \ud83d\udcac  ::debug::isExplicit: 3.6.14\n[12f9b7c6-8e18-47d9-b43e-5796381432ca/Test Python 3.6]   \ud83d\udcac  ::debug::explicit? true\n[12f9b7c6-8e18-47d9-b43e-5796381432ca/Test Python 3.6]   \ud83d\udcac  ::debug::isExplicit: 3.7.11\n[12f9b7c6-8e18-47d9-b43e-5796381432ca/Test Python 3.6]   \ud83d\udcac  ::debug::explicit? true\n[12f9b7c6-8e18-47d9-b43e-5796381432ca/Test Python 3.6]   \ud83d\udcac  ::debug::isExplicit: 3.8.11\n[12f9b7c6-8e18-47d9-b43e-5796381432ca/Test Python 3.6]   \ud83d\udcac  ::debug::explicit? true\n[12f9b7c6-8e18-47d9-b43e-5796381432ca/Test Python 3.6]   \ud83d\udcac  ::debug::isExplicit: 3.9.6\n[12f9b7c6-8e18-47d9-b43e-5796381432ca/Test Python 3.6]   \ud83d\udcac  ::debug::explicit? true\n[12f9b7c6-8e18-47d9-b43e-5796381432ca/Test Python 3.6]   \ud83d\udcac  ::debug::evaluating 6 versions\n[12f9b7c6-8e18-47d9-b43e-5796381432ca/Test Python 3.6]   \ud83d\udcac  ::debug::matched: 3.6.14\n[12f9b7c6-8e18-47d9-b43e-5796381432ca/Test Python 3.6]   \ud83d\udcac  ::debug::checking cache: /opt/hostedtoolcache/Python/3.6.14/x64\n[12f9b7c6-8e18-47d9-b43e-5796381432ca/Test Python 3.6]   \ud83d\udcac  ::debug::Found tool in cache Python 3.6.14 x64\n[12f9b7c6-8e18-47d9-b43e-5796381432ca/Test Python 3.6]   | Successfully setup CPython (3.6.14)\n[12f9b7c6-8e18-47d9-b43e-5796381432ca/Test Python 3.6]   \u2753 add-matcher /run/act/actions/actions-setup-python@v1/.github/python.json\n[12f9b7c6-8e18-47d9-b43e-5796381432ca/Test Python 3.6]   \u2705  Success - Main Set up Python 3.6\n[12f9b7c6-8e18-47d9-b43e-5796381432ca/Code style     ]   \u2699  ::set-env:: pythonLocation=/opt/hostedtoolcache/Python/3.7.11/x64\n[12f9b7c6-8e18-47d9-b43e-5796381432ca/Test Python 3.6]   \u2699  ::set-env:: pythonLocation=/opt/hostedtoolcache/Python/3.6.14/x64\n[12f9b7c6-8e18-47d9-b43e-5796381432ca/Code style     ]   \u2699  ::set-output:: python-version=3.7.11\n[12f9b7c6-8e18-47d9-b43e-5796381432ca/Test Python 3.6]   \u2699  ::set-output:: python-version=3.6.14\n[12f9b7c6-8e18-47d9-b43e-5796381432ca/Code style     ]   \u2699  ::add-path:: /opt/hostedtoolcache/Python/3.7.11/x64\n[12f9b7c6-8e18-47d9-b43e-5796381432ca/Code style     ]   \u2699  ::add-path:: /opt/hostedtoolcache/Python/3.7.11/x64/bin\n[12f9b7c6-8e18-47d9-b43e-5796381432ca/Code style     ] \u2b50 Run Main Install black\n[12f9b7c6-8e18-47d9-b43e-5796381432ca/Test Python 3.6]   \u2699  ::add-path:: /opt/hostedtoolcache/Python/3.6.14/x64\n[12f9b7c6-8e18-47d9-b43e-5796381432ca/Test Python 3.6]   \u2699  ::add-path:: /opt/hostedtoolcache/Python/3.6.14/x64/bin\n[12f9b7c6-8e18-47d9-b43e-5796381432ca/Test Python 3.6] \u2b50 Run Main Install dependencies\n[12f9b7c6-8e18-47d9-b43e-5796381432ca/Code style     ]   \ud83d\udc33  docker exec cmd=[bash --noprofile --norc -e -o pipefail /var/run/act/workflow/2] user= workdir=\n[12f9b7c6-8e18-47d9-b43e-5796381432ca/Test Python 3.6]   \ud83d\udc33  docker exec cmd=[bash --noprofile --norc -e -o pipefail /var/run/act/workflow/2] user= workdir=\n[12f9b7c6-8e18-47d9-b43e-5796381432ca/Test Python 3.6]   | Obtaining file:///tmp/558156d8-17ed-11ee-8a50-bb14de238602/wichert-pyramid_jwt\n[12f9b7c6-8e18-47d9-b43e-5796381432ca/Code style     ]   | Collecting black\n[12f9b7c6-8e18-47d9-b43e-5796381432ca/Code style     ]   |   Downloading black-23.3.0-cp37-cp37m-manylinux_2_17_x86_64.manylinux2014_x86_64.whl (1.6 MB)\n[12f9b7c6-8e18-47d9-b43e-5796381432ca/Code style     ]   | Collecting pathspec>=0.9.0\n[12f9b7c6-8e18-47d9-b43e-5796381432ca/Code style     ]   |   Downloading pathspec-0.11.1-py3-none-any.whl (29 kB)\n[12f9b7c6-8e18-47d9-b43e-5796381432ca/Code style     ]   | Collecting packaging>=22.0\n[12f9b7c6-8e18-47d9-b43e-5796381432ca/Code style     ]   |   Downloading packaging-23.1-py3-none-any.whl (48 kB)\n[12f9b7c6-8e18-47d9-b43e-5796381432ca/Code style     ]   | Collecting tomli>=1.1.0\n[12f9b7c6-8e18-47d9-b43e-5796381432ca/Code style     ]   |   Downloading tomli-2.0.1-py3-none-any.whl (12 kB)\n[12f9b7c6-8e18-47d9-b43e-5796381432ca/Code style     ]   | Collecting typing-extensions>=3.10.0.0\n[12f9b7c6-8e18-47d9-b43e-5796381432ca/Code style     ]   |   Downloading typing_extensions-4.7.0-py3-none-any.whl (33 kB)\n[12f9b7c6-8e18-47d9-b43e-5796381432ca/Code style     ]   | Collecting click>=8.0.0\n[12f9b7c6-8e18-47d9-b43e-5796381432ca/Code style     ]   |   Downloading click-8.1.3-py3-none-any.whl (96 kB)\n[12f9b7c6-8e18-47d9-b43e-5796381432ca/Test Python 3.6]   | Collecting pyramid\n[12f9b7c6-8e18-47d9-b43e-5796381432ca/Test Python 3.6]   |   Downloading pyramid-2.0.1-py3-none-any.whl (246 kB)\n[12f9b7c6-8e18-47d9-b43e-5796381432ca/Code style     ]   | Collecting typed-ast>=1.4.2\n[12f9b7c6-8e18-47d9-b43e-5796381432ca/Test Python 3.6]   | Collecting PyJWT\n[12f9b7c6-8e18-47d9-b43e-5796381432ca/Code style     ]   |   Downloading typed_ast-1.5.4-cp37-cp37m-manylinux_2_5_x86_64.manylinux1_x86_64.manylinux_2_12_x86_64.manylinux2010_x86_64.whl (843 kB)\n[12f9b7c6-8e18-47d9-b43e-5796381432ca/Test Python 3.6]   |   Downloading PyJWT-2.4.0-py3-none-any.whl (18 kB)\n[12f9b7c6-8e18-47d9-b43e-5796381432ca/Code style     ]   | Collecting mypy-extensions>=0.4.3\n[12f9b7c6-8e18-47d9-b43e-5796381432ca/Code style     ]   |   Downloading mypy_extensions-1.0.0-py3-none-any.whl (4.7 kB)\n[12f9b7c6-8e18-47d9-b43e-5796381432ca/Test Python 3.6]   | Collecting WebTest\n[12f9b7c6-8e18-47d9-b43e-5796381432ca/Test Python 3.6]   |   Downloading WebTest-3.0.0-py3-none-any.whl (31 kB)\n[12f9b7c6-8e18-47d9-b43e-5796381432ca/Code style     ]   | Collecting platformdirs>=2\n[12f9b7c6-8e18-47d9-b43e-5796381432ca/Code style     ]   |   Downloading platformdirs-3.8.0-py3-none-any.whl (16 kB)\n[12f9b7c6-8e18-47d9-b43e-5796381432ca/Test Python 3.6]   | Collecting pytest\n[12f9b7c6-8e18-47d9-b43e-5796381432ca/Test Python 3.6]   |   Downloading pytest-7.0.1-py3-none-any.whl (296 kB)\n[12f9b7c6-8e18-47d9-b43e-5796381432ca/Code style     ]   | Collecting importlib-metadata\n[12f9b7c6-8e18-47d9-b43e-5796381432ca/Code style     ]   |   Downloading importlib_metadata-6.7.0-py3-none-any.whl (22 kB)\n[12f9b7c6-8e18-47d9-b43e-5796381432ca/Test Python 3.6]   | Collecting pytest-freezegun\n[12f9b7c6-8e18-47d9-b43e-5796381432ca/Test Python 3.6]   |   Downloading pytest_freezegun-0.4.2-py2.py3-none-any.whl (4.6 kB)\n[12f9b7c6-8e18-47d9-b43e-5796381432ca/Code style     ]   | Collecting zipp>=0.5\n[12f9b7c6-8e18-47d9-b43e-5796381432ca/Code style     ]   |   Downloading zipp-3.15.0-py3-none-any.whl (6.8 kB)\n[12f9b7c6-8e18-47d9-b43e-5796381432ca/Test Python 3.6]   | Collecting venusian>=1.0\n[12f9b7c6-8e18-47d9-b43e-5796381432ca/Test Python 3.6]   |   Downloading venusian-3.0.0-py3-none-any.whl (13 kB)\n[12f9b7c6-8e18-47d9-b43e-5796381432ca/Code style     ]   | Installing collected packages: zipp, typing-extensions, importlib-metadata, typed-ast, tomli, platformdirs, pathspec, packaging, mypy-extensions, click, black\n[12f9b7c6-8e18-47d9-b43e-5796381432ca/Test Python 3.6]   | Collecting zope.deprecation>=3.5.0\n[12f9b7c6-8e18-47d9-b43e-5796381432ca/Test Python 3.6]   |   Downloading zope.deprecation-4.4.0-py2.py3-none-any.whl (10 kB)\n[12f9b7c6-8e18-47d9-b43e-5796381432ca/Test Python 3.6]   | Collecting hupper>=1.5\n[12f9b7c6-8e18-47d9-b43e-5796381432ca/Test Python 3.6]   |   Downloading hupper-1.10.3-py2.py3-none-any.whl (26 kB)\n[12f9b7c6-8e18-47d9-b43e-5796381432ca/Test Python 3.6]   | Collecting plaster\n[12f9b7c6-8e18-47d9-b43e-5796381432ca/Test Python 3.6]   |   Downloading plaster-1.0-py2.py3-none-any.whl (14 kB)\n[12f9b7c6-8e18-47d9-b43e-5796381432ca/Test Python 3.6]   | Collecting plaster-pastedeploy\n[12f9b7c6-8e18-47d9-b43e-5796381432ca/Test Python 3.6]   |   Downloading plaster_pastedeploy-0.7-py2.py3-none-any.whl (7.8 kB)\n[12f9b7c6-8e18-47d9-b43e-5796381432ca/Test Python 3.6]   | Requirement already satisfied: setuptools in /opt/hostedtoolcache/Python/3.6.14/x64/lib/python3.6/site-packages (from pyramid->pyramid-jwt==99.0.0) (40.6.2)\n[12f9b7c6-8e18-47d9-b43e-5796381432ca/Code style     ]   | Successfully installed black-23.3.0 click-8.1.3 importlib-metadata-6.7.0 mypy-extensions-1.0.0 packaging-23.1 pathspec-0.11.1 platformdirs-3.8.0 tomli-2.0.1 typed-ast-1.5.4 typing-extensions-4.7.0 zipp-3.15.0\n[12f9b7c6-8e18-47d9-b43e-5796381432ca/Code style     ]   | WARNING: You are using pip version 21.2.4; however, version 23.1.2 is available.\n[12f9b7c6-8e18-47d9-b43e-5796381432ca/Code style     ]   | You should consider upgrading via the '/opt/hostedtoolcache/Python/3.7.11/x64/bin/python -m pip install --upgrade pip' command.\n[12f9b7c6-8e18-47d9-b43e-5796381432ca/Test Python 3.6]   | Collecting zope.interface>=3.8.0\n[12f9b7c6-8e18-47d9-b43e-5796381432ca/Test Python 3.6]   |   Downloading zope.interface-5.5.2-cp36-cp36m-manylinux_2_5_x86_64.manylinux1_x86_64.manylinux_2_12_x86_64.manylinux2010_x86_64.whl (253 kB)\n[12f9b7c6-8e18-47d9-b43e-5796381432ca/Code style     ]   \u2705  Success - Main Install black\n[12f9b7c6-8e18-47d9-b43e-5796381432ca/Test Python 3.6]   | Collecting webob>=1.8.3\n[12f9b7c6-8e18-47d9-b43e-5796381432ca/Test Python 3.6]   |   Downloading WebOb-1.8.7-py2.py3-none-any.whl (114 kB)\n[12f9b7c6-8e18-47d9-b43e-5796381432ca/Code style     ] \u2b50 Run Main Check code style\n[12f9b7c6-8e18-47d9-b43e-5796381432ca/Test Python 3.6]   | Collecting translationstring>=0.4\n[12f9b7c6-8e18-47d9-b43e-5796381432ca/Test Python 3.6]   |   Downloading translationstring-1.4-py2.py3-none-any.whl (15 kB)\n[12f9b7c6-8e18-47d9-b43e-5796381432ca/Code style     ]   \ud83d\udc33  docker exec cmd=[bash --noprofile --norc -e -o pipefail /var/run/act/workflow/3] user= workdir=\n[12f9b7c6-8e18-47d9-b43e-5796381432ca/Test Python 3.6]   | Collecting PasteDeploy>=2.0\n[12f9b7c6-8e18-47d9-b43e-5796381432ca/Test Python 3.6]   |   Downloading PasteDeploy-2.1.1-py2.py3-none-any.whl (17 kB)\n[12f9b7c6-8e18-47d9-b43e-5796381432ca/Test Python 3.6]   | Collecting attrs>=19.2.0\n[12f9b7c6-8e18-47d9-b43e-5796381432ca/Test Python 3.6]   |   Downloading attrs-22.2.0-py3-none-any.whl (60 kB)\n[12f9b7c6-8e18-47d9-b43e-5796381432ca/Test Python 3.6]   | Collecting importlib-metadata>=0.12\n[12f9b7c6-8e18-47d9-b43e-5796381432ca/Test Python 3.6]   |   Downloading importlib_metadata-4.8.3-py3-none-any.whl (17 kB)\n[12f9b7c6-8e18-47d9-b43e-5796381432ca/Test Python 3.6]   | Collecting tomli>=1.0.0\n[12f9b7c6-8e18-47d9-b43e-5796381432ca/Test Python 3.6]   |   Downloading tomli-1.2.3-py3-none-any.whl (12 kB)\n[12f9b7c6-8e18-47d9-b43e-5796381432ca/Test Python 3.6]   | Collecting iniconfig\n[12f9b7c6-8e18-47d9-b43e-5796381432ca/Test Python 3.6]   |   Downloading iniconfig-1.1.1-py2.py3-none-any.whl (5.0 kB)\n[12f9b7c6-8e18-47d9-b43e-5796381432ca/Test Python 3.6]   | Collecting pluggy<2.0,>=0.12\n[12f9b7c6-8e18-47d9-b43e-5796381432ca/Test Python 3.6]   |   Downloading pluggy-1.0.0-py2.py3-none-any.whl (13 kB)\n[12f9b7c6-8e18-47d9-b43e-5796381432ca/Test Python 3.6]   | Collecting py>=1.8.2\n[12f9b7c6-8e18-47d9-b43e-5796381432ca/Test Python 3.6]   |   Downloading py-1.11.0-py2.py3-none-any.whl (98 kB)\n[12f9b7c6-8e18-47d9-b43e-5796381432ca/Test Python 3.6]   | Collecting packaging\n[12f9b7c6-8e18-47d9-b43e-5796381432ca/Test Python 3.6]   |   Downloading packaging-21.3-py3-none-any.whl (40 kB)\n[12f9b7c6-8e18-47d9-b43e-5796381432ca/Test Python 3.6]   | Collecting typing-extensions>=3.6.4\n[12f9b7c6-8e18-47d9-b43e-5796381432ca/Test Python 3.6]   |   Downloading typing_extensions-4.1.1-py3-none-any.whl (26 kB)\n[12f9b7c6-8e18-47d9-b43e-5796381432ca/Test Python 3.6]   | Collecting zipp>=0.5\n[12f9b7c6-8e18-47d9-b43e-5796381432ca/Test Python 3.6]   |   Downloading zipp-3.6.0-py3-none-any.whl (5.3 kB)\n[12f9b7c6-8e18-47d9-b43e-5796381432ca/Test Python 3.6]   | Collecting pyparsing!=3.0.5,>=2.0.2\n[12f9b7c6-8e18-47d9-b43e-5796381432ca/Test Python 3.6]   |   Downloading pyparsing-3.1.0-py3-none-any.whl (102 kB)\n[12f9b7c6-8e18-47d9-b43e-5796381432ca/Test Python 3.6]   | Collecting freezegun>0.3\n[12f9b7c6-8e18-47d9-b43e-5796381432ca/Test Python 3.6]   |   Downloading freezegun-1.2.2-py3-none-any.whl (17 kB)\n[12f9b7c6-8e18-47d9-b43e-5796381432ca/Test Python 3.6]   | Collecting python-dateutil>=2.7\n[12f9b7c6-8e18-47d9-b43e-5796381432ca/Test Python 3.6]   |   Downloading python_dateutil-2.8.2-py2.py3-none-any.whl (247 kB)\n[12f9b7c6-8e18-47d9-b43e-5796381432ca/Test Python 3.6]   | Collecting six>=1.5\n[12f9b7c6-8e18-47d9-b43e-5796381432ca/Test Python 3.6]   |   Downloading six-1.16.0-py2.py3-none-any.whl (11 kB)\n[12f9b7c6-8e18-47d9-b43e-5796381432ca/Test Python 3.6]   | Collecting beautifulsoup4\n[12f9b7c6-8e18-47d9-b43e-5796381432ca/Test Python 3.6]   |   Downloading beautifulsoup4-4.12.2-py3-none-any.whl (142 kB)\n[12f9b7c6-8e18-47d9-b43e-5796381432ca/Test Python 3.6]   | Collecting waitress>=0.8.5\n[12f9b7c6-8e18-47d9-b43e-5796381432ca/Test Python 3.6]   |   Downloading waitress-2.0.0-py3-none-any.whl (56 kB)\n[12f9b7c6-8e18-47d9-b43e-5796381432ca/Test Python 3.6]   | Collecting soupsieve>1.2\n[12f9b7c6-8e18-47d9-b43e-5796381432ca/Test Python 3.6]   |   Downloading soupsieve-2.3.2.post1-py3-none-any.whl (37 kB)\n[12f9b7c6-8e18-47d9-b43e-5796381432ca/Test Python 3.6]   | Installing collected packages: zipp, typing-extensions, six, pyparsing, plaster, PasteDeploy, importlib-metadata, zope.interface, zope.deprecation, webob, venusian, translationstring, tomli, soupsieve, python-dateutil, py, pluggy, plaster-pastedeploy, packaging, iniconfig, hupper, attrs, waitress, pytest, pyramid, PyJWT, freezegun, beautifulsoup4, WebTest, pytest-freezegun, pyramid-jwt\n[12f9b7c6-8e18-47d9-b43e-5796381432ca/Test Python 3.6]   |   Running setup.py develop for pyramid-jwt\n[12f9b7c6-8e18-47d9-b43e-5796381432ca/Test Python 3.6]   | Successfully installed PasteDeploy-2.1.1 PyJWT-2.4.0 WebTest-3.0.0 attrs-22.2.0 beautifulsoup4-4.12.2 freezegun-1.2.2 hupper-1.10.3 importlib-metadata-4.8.3 iniconfig-1.1.1 packaging-21.3 plaster-1.0 plaster-pastedeploy-0.7 pluggy-1.0.0 py-1.11.0 pyparsing-3.1.0 pyramid-2.0.1 pyramid-jwt-99.0.0 pytest-7.0.1 pytest-freezegun-0.4.2 python-dateutil-2.8.2 six-1.16.0 soupsieve-2.3.2.post1 tomli-1.2.3 translationstring-1.4 typing-extensions-4.1.1 venusian-3.0.0 waitress-2.0.0 webob-1.8.7 zipp-3.6.0 zope.deprecation-4.4.0 zope.interface-5.5.2\n[12f9b7c6-8e18-47d9-b43e-5796381432ca/Test Python 3.6]   | WARNING: You are using pip version 21.2.4; however, version 21.3.1 is available.\n[12f9b7c6-8e18-47d9-b43e-5796381432ca/Test Python 3.6]   | You should consider upgrading via the '/opt/hostedtoolcache/Python/3.6.14/x64/bin/python -m pip install --upgrade pip' command.\n[12f9b7c6-8e18-47d9-b43e-5796381432ca/Test Python 3.6]   \u2705  Success - Main Install dependencies\n[12f9b7c6-8e18-47d9-b43e-5796381432ca/Test Python 3.6] \u2b50 Run Main Run tests\n[12f9b7c6-8e18-47d9-b43e-5796381432ca/Test Python 3.6]   \ud83d\udc33  docker exec cmd=[bash --noprofile --norc -e -o pipefail /var/run/act/workflow/3] user= workdir=\n[12f9b7c6-8e18-47d9-b43e-5796381432ca/Test Python 3.6]   | ============================= test session starts ==============================\n[12f9b7c6-8e18-47d9-b43e-5796381432ca/Test Python 3.6]   | platform linux -- Python 3.6.14, pytest-7.0.1, pluggy-1.0.0 -- /opt/hostedtoolcache/Python/3.6.14/x64/bin/python\n[12f9b7c6-8e18-47d9-b43e-5796381432ca/Test Python 3.6]   | cachedir: .pytest_cache\n[12f9b7c6-8e18-47d9-b43e-5796381432ca/Test Python 3.6]   | rootdir: /tmp/558156d8-17ed-11ee-8a50-bb14de238602/wichert-pyramid_jwt, configfile: setup.cfg, testpaths: tests\n[12f9b7c6-8e18-47d9-b43e-5796381432ca/Test Python 3.6]   | plugins: freezegun-0.4.2\n[12f9b7c6-8e18-47d9-b43e-5796381432ca/Code style     ]   | would reformat /tmp/558156d8-17ed-11ee-8a50-bb14de238602/wichert-pyramid_jwt/src/pyramid_jwt/__init__.py\n[12f9b7c6-8e18-47d9-b43e-5796381432ca/Code style     ]   | \n[12f9b7c6-8e18-47d9-b43e-5796381432ca/Code style     ]   | Oh no! \ud83d\udca5 \ud83d\udc94 \ud83d\udca5\n[12f9b7c6-8e18-47d9-b43e-5796381432ca/Code style     ]   | 1 file would be reformatted, 5 files would be left unchanged.\n[12f9b7c6-8e18-47d9-b43e-5796381432ca/Code style     ]   \u274c  Failure - Main Check code style\n[12f9b7c6-8e18-47d9-b43e-5796381432ca/Test Python 3.6]   | collecting ... collected 42 items\n[12f9b7c6-8e18-47d9-b43e-5796381432ca/Test Python 3.6]   | \n[12f9b7c6-8e18-47d9-b43e-5796381432ca/Test Python 3.6]   | tests/test_cookies.py::test_interface PASSED                             [  2%]\n[12f9b7c6-8e18-47d9-b43e-5796381432ca/Test Python 3.6]   | tests/test_cookies.py::test_cookie PASSED                                [  4%]\n[12f9b7c6-8e18-47d9-b43e-5796381432ca/Test Python 3.6]   | tests/test_cookies.py::test_cookie_name PASSED                           [  7%]\n[12f9b7c6-8e18-47d9-b43e-5796381432ca/Test Python 3.6]   | tests/test_cookies.py::test_secure_cookie PASSED                         [  9%]\n[12f9b7c6-8e18-47d9-b43e-5796381432ca/Test Python 3.6]   | tests/test_cookies.py::test_insecure_cookie PASSED                       [ 11%]\n[12f9b7c6-8e18-47d9-b43e-5796381432ca/Test Python 3.6]   | tests/test_cookies.py::test_cookie_decode PASSED                         [ 14%]\n[12f9b7c6-8e18-47d9-b43e-5796381432ca/Test Python 3.6]   | tests/test_cookies.py::test_cookie_max_age PASSED                        [ 16%]\n[12f9b7c6-8e18-47d9-b43e-5796381432ca/Test Python 3.6]   | tests/test_cookies.py::test_expired_token PASSED                         [ 19%]\n[12f9b7c6-8e18-47d9-b43e-5796381432ca/Test Python 3.6]   | tests/test_integration.py::test_secure_view_requires_auth PASSED         [ 21%]\n[12f9b7c6-8e18-47d9-b43e-5796381432ca/Test Python 3.6]   | tests/test_integration.py::test_login PASSED                             [ 23%]\n[12f9b7c6-8e18-47d9-b43e-5796381432ca/Test Python 3.6]   | tests/test_integration.py::test_pyramid_json_encoder_fail PASSED         [ 26%]\n[12f9b7c6-8e18-47d9-b43e-5796381432ca/Test Python 3.6]   | tests/test_integration.py::test_pyramid_json_encoder_with_adapter PASSED [ 28%]\n[12f9b7c6-8e18-47d9-b43e-5796381432ca/Test Python 3.6]   | tests/test_integration.py::test_pyramid_custom_json_encoder PASSED       [ 30%]\n[12f9b7c6-8e18-47d9-b43e-5796381432ca/Test Python 3.6]   | tests/test_integration.py::test_cookie_secured PASSED                    [ 33%]\n[12f9b7c6-8e18-47d9-b43e-5796381432ca/Test Python 3.6]   | tests/test_integration.py::test_cookie_login PASSED                      [ 35%]\n[12f9b7c6-8e18-47d9-b43e-5796381432ca/Test Python 3.6]   | tests/test_integration.py::test_cookie_logout PASSED                     [ 38%]\n[12f9b7c6-8e18-47d9-b43e-5796381432ca/Test Python 3.6]   | tests/test_integration.py::test_cookie_reissue PASSED                    [ 40%]\n[12f9b7c6-8e18-47d9-b43e-5796381432ca/Test Python 3.6]   | tests/test_integration.py::test_cookie_reissue_revoke PASSED             [ 42%]\n[12f9b7c6-8e18-47d9-b43e-5796381432ca/Test Python 3.6]   | tests/test_policy.py::testConfig PASSED                                  [ 45%]\n[12f9b7c6-8e18-47d9-b43e-5796381432ca/Test Python 3.6]   | tests/test_policy.py::test_interface PASSED                              [ 47%]\n[12f9b7c6-8e18-47d9-b43e-5796381432ca/Test Python 3.6]   | tests/test_policy.py::test_token_most_be_str PASSED                      [ 50%]\n[12f9b7c6-8e18-47d9-b43e-5796381432ca/Test Python 3.6]   | tests/test_policy.py::test_minimal_roundtrip PASSED                      [ 52%]\n[12f9b7c6-8e18-47d9-b43e-5796381432ca/Test Python 3.6]   | tests/test_policy.py::test_audience_valid PASSED                         [ 54%]\n[12f9b7c6-8e18-47d9-b43e-5796381432ca/Test Python 3.6]   | tests/test_policy.py::test_audience_invalid PASSED                       [ 57%]\n[12f9b7c6-8e18-47d9-b43e-5796381432ca/Test Python 3.6]   | tests/test_policy.py::test_algorithm_unsupported PASSED                  [ 59%]\n[12f9b7c6-8e18-47d9-b43e-5796381432ca/Test Python 3.6]   | tests/test_policy.py::test_extra_claims PASSED                           [ 61%]\n[12f9b7c6-8e18-47d9-b43e-5796381432ca/Test Python 3.6]   | tests/test_policy.py::test_wrong_auth_scheme PASSED                      [ 64%]\n[12f9b7c6-8e18-47d9-b43e-5796381432ca/Code style     ] exitcode '1': failure\n[12f9b7c6-8e18-47d9-b43e-5796381432ca/Test Python 3.6]   | tests/test_policy.py::test_invalid_authorization_header PASSED           [ 66%]\n[12f9b7c6-8e18-47d9-b43e-5796381432ca/Test Python 3.6]   | tests/test_policy.py::test_other_header PASSED                           [ 69%]\n[12f9b7c6-8e18-47d9-b43e-5796381432ca/Test Python 3.6]   | tests/test_policy.py::test_expired_token PASSED                          [ 71%]\n[12f9b7c6-8e18-47d9-b43e-5796381432ca/Test Python 3.6]   | tests/test_policy.py::test_dynamic_expired_token PASSED                  [ 73%]\n[12f9b7c6-8e18-47d9-b43e-5796381432ca/Test Python 3.6]   | tests/test_policy.py::test_remember_warning FAILED                       [ 76%]\n[12f9b7c6-8e18-47d9-b43e-5796381432ca/Test Python 3.6]   | tests/test_policy.py::test_forget_warning FAILED                         [ 78%]\n[12f9b7c6-8e18-47d9-b43e-5796381432ca/Test Python 3.6]   | tests/test_policy.py::test_default_json_encoder PASSED                   [ 80%]\n[12f9b7c6-8e18-47d9-b43e-5796381432ca/Test Python 3.6]   | tests/test_policy.py::test_custom_json_encoder PASSED                    [ 83%]\n[12f9b7c6-8e18-47d9-b43e-5796381432ca/Test Python 3.6]   | tests/test_policy.py::test_cookie_policy_creation PASSED                 [ 85%]\n[12f9b7c6-8e18-47d9-b43e-5796381432ca/Test Python 3.6]   | tests/test_policy.py::test_cookie_policy_creation_fail PASSED            [ 88%]\n[12f9b7c6-8e18-47d9-b43e-5796381432ca/Test Python 3.6]   | tests/test_policy.py::test_cookie_policy_remember PASSED                 [ 90%]\n[12f9b7c6-8e18-47d9-b43e-5796381432ca/Test Python 3.6]   | tests/test_policy.py::test_cookie_policy_forget PASSED                   [ 92%]\n[12f9b7c6-8e18-47d9-b43e-5796381432ca/Test Python 3.6]   | tests/test_policy.py::test_cookie_policy_custom_domain_list PASSED       [ 95%]\n[12f9b7c6-8e18-47d9-b43e-5796381432ca/Test Python 3.6]   | tests/test_policy.py::test_insecure_cookie_policy PASSED                 [ 97%]\n[12f9b7c6-8e18-47d9-b43e-5796381432ca/Test Python 3.6]   | tests/test_policy.py::test_cookie_policy_max_age PASSED                  [100%]\n[12f9b7c6-8e18-47d9-b43e-5796381432ca/Test Python 3.6]   | \n[12f9b7c6-8e18-47d9-b43e-5796381432ca/Test Python 3.6]   | =================================== FAILURES ===================================\n[12f9b7c6-8e18-47d9-b43e-5796381432ca/Test Python 3.6]   | ____________________________ test_remember_warning _____________________________\n[12f9b7c6-8e18-47d9-b43e-5796381432ca/Test Python 3.6]   | tests/test_policy.py:138: in test_remember_warning\n[12f9b7c6-8e18-47d9-b43e-5796381432ca/Test Python 3.6]   |     assert w[-1].filename.endswith(\"test_policy.py\")\n[12f9b7c6-8e18-47d9-b43e-5796381432ca/Test Python 3.6]   | E   AssertionError: assert False\n[12f9b7c6-8e18-47d9-b43e-5796381432ca/Test Python 3.6]   | E    +  where False = <built-in method endswith of str object at 0x7f592d57f938>('test_policy.py')\n[12f9b7c6-8e18-47d9-b43e-5796381432ca/Test Python 3.6]   | E    +    where <built-in method endswith of str object at 0x7f592d57f938> = '/opt/hostedtoolcache/Python/3.6.14/x64/lib/python3.6/site-packages/pyramid/security.py'.endswith\n[12f9b7c6-8e18-47d9-b43e-5796381432ca/Test Python 3.6]   | E    +      where '/opt/hostedtoolcache/Python/3.6.14/x64/lib/python3.6/site-packages/pyramid/security.py' = <warnings.WarningMessage object at 0x7f592cfba3c8>.filename\n[12f9b7c6-8e18-47d9-b43e-5796381432ca/Test Python 3.6]   | _____________________________ test_forget_warning ______________________________\n[12f9b7c6-8e18-47d9-b43e-5796381432ca/Test Python 3.6]   | tests/test_policy.py:152: in test_forget_warning\n[12f9b7c6-8e18-47d9-b43e-5796381432ca/Test Python 3.6]   |     assert w[-1].filename.endswith(\"test_policy.py\")\n[12f9b7c6-8e18-47d9-b43e-5796381432ca/Test Python 3.6]   | E   AssertionError: assert False\n[12f9b7c6-8e18-47d9-b43e-5796381432ca/Test Python 3.6]   | E    +  where False = <built-in method endswith of str object at 0x7f592d57f938>('test_policy.py')\n[12f9b7c6-8e18-47d9-b43e-5796381432ca/Test Python 3.6]   | E    +    where <built-in method endswith of str object at 0x7f592d57f938> = '/opt/hostedtoolcache/Python/3.6.14/x64/lib/python3.6/site-packages/pyramid/security.py'.endswith\n[12f9b7c6-8e18-47d9-b43e-5796381432ca/Test Python 3.6]   | E    +      where '/opt/hostedtoolcache/Python/3.6.14/x64/lib/python3.6/site-packages/pyramid/security.py' = <warnings.WarningMessage object at 0x7f592d061668>.filename\n[12f9b7c6-8e18-47d9-b43e-5796381432ca/Test Python 3.6]   | =============================== warnings summary ===============================\n[12f9b7c6-8e18-47d9-b43e-5796381432ca/Test Python 3.6]   | tests/test_integration.py:8\n[12f9b7c6-8e18-47d9-b43e-5796381432ca/Test Python 3.6]   |   /tmp/558156d8-17ed-11ee-8a50-bb14de238602/wichert-pyramid_jwt/tests/test_integration.py:8: DeprecationWarning: Allow: \"pyramid.security.Allow\" is deprecated in Pyramid 2.0. Adjust your import to \"pyramid.authorization.Allow\"\n[12f9b7c6-8e18-47d9-b43e-5796381432ca/Test Python 3.6]   |     from pyramid.security import Allow, Authenticated, remember, forget\n[12f9b7c6-8e18-47d9-b43e-5796381432ca/Test Python 3.6]   | \n[12f9b7c6-8e18-47d9-b43e-5796381432ca/Test Python 3.6]   | tests/test_integration.py:8\n[12f9b7c6-8e18-47d9-b43e-5796381432ca/Test Python 3.6]   |   /tmp/558156d8-17ed-11ee-8a50-bb14de238602/wichert-pyramid_jwt/tests/test_integration.py:8: DeprecationWarning: Authenticated: \"pyramid.security.Authenticated\" is deprecated in Pyramid 2.0. Adjust your import to \"pyramid.authorization.Authenticated\"\n[12f9b7c6-8e18-47d9-b43e-5796381432ca/Test Python 3.6]   |     from pyramid.security import Allow, Authenticated, remember, forget\n[12f9b7c6-8e18-47d9-b43e-5796381432ca/Test Python 3.6]   | \n[12f9b7c6-8e18-47d9-b43e-5796381432ca/Test Python 3.6]   | tests/test_integration.py: 10 warnings\n[12f9b7c6-8e18-47d9-b43e-5796381432ca/Test Python 3.6]   |   /tmp/558156d8-17ed-11ee-8a50-bb14de238602/wichert-pyramid_jwt/tests/test_integration.py:68: DeprecationWarning: Authentication and authorization policies have been deprecated in favor of security policies.  See \"Upgrading Authentication/Authorization\" in \"What's New in Pyramid 2.0\" of the documentation for more information.\n[12f9b7c6-8e18-47d9-b43e-5796381432ca/Test Python 3.6]   |     config.set_authorization_policy(ACLAuthorizationPolicy())\n[12f9b7c6-8e18-47d9-b43e-5796381432ca/Test Python 3.6]   | \n[12f9b7c6-8e18-47d9-b43e-5796381432ca/Test Python 3.6]   | tests/test_integration.py: 10 warnings\n[12f9b7c6-8e18-47d9-b43e-5796381432ca/Test Python 3.6]   |   /tmp/558156d8-17ed-11ee-8a50-bb14de238602/wichert-pyramid_jwt/src/pyramid_jwt/__init__.py:75: DeprecationWarning: Authentication and authorization policies have been deprecated in favor of security policies.  See \"Upgrading Authentication/Authorization\" in \"What's New in Pyramid 2.0\" of the documentation for more information.\n[12f9b7c6-8e18-47d9-b43e-5796381432ca/Test Python 3.6]   |     config.set_authentication_policy(auth_policy)\n[12f9b7c6-8e18-47d9-b43e-5796381432ca/Test Python 3.6]   | \n[12f9b7c6-8e18-47d9-b43e-5796381432ca/Test Python 3.6]   | tests/test_policy.py::test_remember_warning\n[12f9b7c6-8e18-47d9-b43e-5796381432ca/Test Python 3.6]   |   /tmp/558156d8-17ed-11ee-8a50-bb14de238602/wichert-pyramid_jwt/tests/test_policy.py:130: DeprecationWarning: Authentication and authorization policies have been deprecated in favor of security policies.  See \"Upgrading Authentication/Authorization\" in \"What's New in Pyramid 2.0\" of the documentation for more information.\n[12f9b7c6-8e18-47d9-b43e-5796381432ca/Test Python 3.6]   |     config.set_authorization_policy(DummySecurityPolicy())\n[12f9b7c6-8e18-47d9-b43e-5796381432ca/Test Python 3.6]   | \n[12f9b7c6-8e18-47d9-b43e-5796381432ca/Test Python 3.6]   | tests/test_policy.py::test_remember_warning\n[12f9b7c6-8e18-47d9-b43e-5796381432ca/Test Python 3.6]   |   /tmp/558156d8-17ed-11ee-8a50-bb14de238602/wichert-pyramid_jwt/tests/test_policy.py:131: DeprecationWarning: Authentication and authorization policies have been deprecated in favor of security policies.  See \"Upgrading Authentication/Authorization\" in \"What's New in Pyramid 2.0\" of the documentation for more information.\n[12f9b7c6-8e18-47d9-b43e-5796381432ca/Test Python 3.6]   |     config.set_authentication_policy(policy)\n[12f9b7c6-8e18-47d9-b43e-5796381432ca/Test Python 3.6]   | \n[12f9b7c6-8e18-47d9-b43e-5796381432ca/Test Python 3.6]   | tests/test_policy.py::test_forget_warning\n[12f9b7c6-8e18-47d9-b43e-5796381432ca/Test Python 3.6]   |   /tmp/558156d8-17ed-11ee-8a50-bb14de238602/wichert-pyramid_jwt/tests/test_policy.py:144: DeprecationWarning: Authentication and authorization policies have been deprecated in favor of security policies.  See \"Upgrading Authentication/Authorization\" in \"What's New in Pyramid 2.0\" of the documentation for more information.\n[12f9b7c6-8e18-47d9-b43e-5796381432ca/Test Python 3.6]   |     config.set_authorization_policy(DummySecurityPolicy())\n[12f9b7c6-8e18-47d9-b43e-5796381432ca/Test Python 3.6]   | \n[12f9b7c6-8e18-47d9-b43e-5796381432ca/Test Python 3.6]   | tests/test_policy.py::test_forget_warning\n[12f9b7c6-8e18-47d9-b43e-5796381432ca/Test Python 3.6]   |   /tmp/558156d8-17ed-11ee-8a50-bb14de238602/wichert-pyramid_jwt/tests/test_policy.py:145: DeprecationWarning: Authentication and authorization policies have been deprecated in favor of security policies.  See \"Upgrading Authentication/Authorization\" in \"What's New in Pyramid 2.0\" of the documentation for more information.\n[12f9b7c6-8e18-47d9-b43e-5796381432ca/Test Python 3.6]   |     config.set_authentication_policy(policy)\n[12f9b7c6-8e18-47d9-b43e-5796381432ca/Test Python 3.6]   | \n[12f9b7c6-8e18-47d9-b43e-5796381432ca/Test Python 3.6]   | -- Docs: https://docs.pytest.org/en/stable/how-to/capture-warnings.html\n[12f9b7c6-8e18-47d9-b43e-5796381432ca/Test Python 3.6]   | - generated xml file: /tmp/558156d8-17ed-11ee-8a50-bb14de238602/wichert-pyramid_jwt/report.xml -\n[12f9b7c6-8e18-47d9-b43e-5796381432ca/Test Python 3.6]   | =========================== short test summary info ============================\n[12f9b7c6-8e18-47d9-b43e-5796381432ca/Test Python 3.6]   | FAILED tests/test_policy.py::test_remember_warning - AssertionError: assert F...\n[12f9b7c6-8e18-47d9-b43e-5796381432ca/Test Python 3.6]   | FAILED tests/test_policy.py::test_forget_warning - AssertionError: assert False\n[12f9b7c6-8e18-47d9-b43e-5796381432ca/Test Python 3.6]   | ================== 2 failed, 40 passed, 26 warnings in 1.43s ===================\n[12f9b7c6-8e18-47d9-b43e-5796381432ca/Test Python 3.6]   \u274c  Failure - Main Run tests\n[12f9b7c6-8e18-47d9-b43e-5796381432ca/Test Python 3.6] exitcode '1': failure\n[12f9b7c6-8e18-47d9-b43e-5796381432ca/Code style     ] \ud83c\udfc1  Job failed\n[12f9b7c6-8e18-47d9-b43e-5796381432ca/Test Python 3.6] \ud83c\udfc1  Job failed\n",
        "stderr": "Error: Job 'Code style' failed\n",
        "workflow": {
            "path": "/tmp/558156d8-17ed-11ee-8a50-bb14de238602/wichert-pyramid_jwt/.github/workflows/main-crawler.yaml",
            "type": "pytest"
        },
        "workflow_name": "12f9b7c6-8e18-47d9-b43e-5796381432ca",
        "build_tool": "pytest",
        "elapsed_time": 143.02020454406738
    }
}