{
    "repository": "xilopaint/alfred-pdf-tools",
    "stars": 133,
    "language": "python",
    "size": 59215,
    "clone_url": "https://github.com/xilopaint/alfred-pdf-tools.git",
    "timestamp": "2023-07-01T10:59:11.435485Z",
    "clone_success": true,
    "number_of_actions": 2,
    "number_of_test_actions": 1,
    "actions_successful": false,
    "actions_build_tools": [
        "unknown",
        "unittest"
    ],
    "actions_test_build_tools": [
        "unittest"
    ],
    "actions_run": {
        "failed": true,
        "tests": [
            {
                "classname": "test_alfred_pdf_tools.AlfredPdfToolsTests",
                "name": "test_crop",
                "time": 0.034,
                "results": [
                    {
                        "result": "Passed",
                        "message": "",
                        "type": ""
                    }
                ],
                "stdout": null,
                "stderr": null
            },
            {
                "classname": "test_alfred_pdf_tools.AlfredPdfToolsTests",
                "name": "test_decrypt",
                "time": 0.079,
                "results": [
                    {
                        "result": "Passed",
                        "message": "",
                        "type": ""
                    }
                ],
                "stdout": null,
                "stderr": null
            },
            {
                "classname": "test_alfred_pdf_tools.AlfredPdfToolsTests",
                "name": "test_encrypt",
                "time": 0.077,
                "results": [
                    {
                        "result": "Passed",
                        "message": "",
                        "type": ""
                    }
                ],
                "stdout": null,
                "stderr": "/tmp/558156d8-17ed-11ee-8a50-bb14de238602/xilopaint-alfred-pdf-tools/./src/pypdf/_writer.py:1062: UserWarning: pypdf only implements RC4 encryption so far. The RC4 algorithm is insecure. Either use a library that supports AES for encryption or put the PDF in an encrypted container, for example an encrypted ZIP file.\n  warnings.warn(\n"
            },
            {
                "classname": "test_alfred_pdf_tools.AlfredPdfToolsTests",
                "name": "test_merge",
                "time": 0.045,
                "results": [
                    {
                        "result": "Passed",
                        "message": "",
                        "type": ""
                    }
                ],
                "stdout": "{\"alfredworkflow\": {\"arg\": [\"./resources/file_1.pdf\", \"./resources/file_2.pdf\"]}}\n{\"alfredworkflow\": {\"arg\": [\"./resources/file_3.pdf\", \"./resources/file_4.pdf\"]}}\n",
                "stderr": null
            },
            {
                "classname": "test_alfred_pdf_tools.AlfredPdfToolsTests",
                "name": "test_scale",
                "time": 0.12,
                "results": [
                    {
                        "result": "Passed",
                        "message": "",
                        "type": ""
                    }
                ],
                "stdout": null,
                "stderr": null
            },
            {
                "classname": "test_alfred_pdf_tools.AlfredPdfToolsTests",
                "name": "test_slice",
                "time": 0.11,
                "results": [
                    {
                        "result": "Passed",
                        "message": "",
                        "type": ""
                    }
                ],
                "stdout": null,
                "stderr": null
            },
            {
                "classname": "test_alfred_pdf_tools.AlfredPdfToolsTests",
                "name": "test_split_count",
                "time": 0.078,
                "results": [
                    {
                        "result": "Passed",
                        "message": "",
                        "type": ""
                    }
                ],
                "stdout": null,
                "stderr": null
            },
            {
                "classname": "test_alfred_pdf_tools.AlfredPdfToolsTests",
                "name": "test_split_size",
                "time": 0.494,
                "results": [
                    {
                        "result": "Passed",
                        "message": "",
                        "type": ""
                    }
                ],
                "stdout": null,
                "stderr": null
            },
            {
                "classname": "test_alfred_pdf_tools.AlfredPdfToolsTests",
                "name": "test_deskew",
                "time": 0.012,
                "results": [
                    {
                        "result": "Error",
                        "message": "[Errno 8] Exec format error: '/tmp/558156d8-17ed-11ee-8a50-bb14de238602/xilopaint-alfred-pdf-tools/src/bin/k2pdfopt'",
                        "type": "OSError"
                    }
                ],
                "stdout": null,
                "stderr": null
            },
            {
                "classname": "test_alfred_pdf_tools.AlfredPdfToolsTests",
                "name": "test_optimize",
                "time": 0.011,
                "results": [
                    {
                        "result": "Error",
                        "message": "[Errno 8] Exec format error: '/tmp/558156d8-17ed-11ee-8a50-bb14de238602/xilopaint-alfred-pdf-tools/src/bin/k2pdfopt'",
                        "type": "OSError"
                    }
                ],
                "stdout": null,
                "stderr": null
            }
        ],
        "stdout": "[7058ffb3-2ae0-4456-a670-b585a8635f3e/build] \ud83d\ude80  Start image=crawlergpt:latest\n[7058ffb3-2ae0-4456-a670-b585a8635f3e/build]   \ud83d\udc33  docker pull image=crawlergpt:latest platform= username= forcePull=false\n[7058ffb3-2ae0-4456-a670-b585a8635f3e/build]   \ud83d\udc33  docker create image=crawlergpt:latest platform= entrypoint=[\"tail\" \"-f\" \"/dev/null\"] cmd=[]\n[7058ffb3-2ae0-4456-a670-b585a8635f3e/build]   \ud83d\udc33  docker run image=crawlergpt:latest platform= entrypoint=[\"tail\" \"-f\" \"/dev/null\"] cmd=[]\n[7058ffb3-2ae0-4456-a670-b585a8635f3e/build]   \ud83d\udc33  docker exec cmd=[chown -R 1012:1013 /tmp/558156d8-17ed-11ee-8a50-bb14de238602/xilopaint-alfred-pdf-tools] user=0 workdir=\n[7058ffb3-2ae0-4456-a670-b585a8635f3e/build]   \u2601  git clone 'https://github.com/actions/setup-python' # ref=v3\n[7058ffb3-2ae0-4456-a670-b585a8635f3e/build] \u2b50 Run Main actions/checkout@v3\n[7058ffb3-2ae0-4456-a670-b585a8635f3e/build]   \u2705  Success - Main actions/checkout@v3\n[7058ffb3-2ae0-4456-a670-b585a8635f3e/build] \u2b50 Run Main Set up Python 3.9\n[7058ffb3-2ae0-4456-a670-b585a8635f3e/build]   \ud83d\udc33  docker cp src=/tmp/act-cache/213d1b15-6c77-4baa-9736-3e5706c95c73/act/actions-setup-python@v3/ dst=/var/run/act/actions/actions-setup-python@v3/\n[7058ffb3-2ae0-4456-a670-b585a8635f3e/build]   \ud83d\udc33  docker exec cmd=[chown -R 1012:1013 /var/run/act/actions/actions-setup-python@v3/] user=0 workdir=\n[7058ffb3-2ae0-4456-a670-b585a8635f3e/build]   \ud83d\udc33  docker exec cmd=[node /var/run/act/actions/actions-setup-python@v3/dist/setup/index.js] user= workdir=\n[7058ffb3-2ae0-4456-a670-b585a8635f3e/build]   \ud83d\udcac  ::debug::Semantic version spec of 3.9 is 3.9\n[7058ffb3-2ae0-4456-a670-b585a8635f3e/build]   \ud83d\udcac  ::debug::isExplicit: \n[7058ffb3-2ae0-4456-a670-b585a8635f3e/build]   \ud83d\udcac  ::debug::explicit? false\n[7058ffb3-2ae0-4456-a670-b585a8635f3e/build]   \ud83d\udcac  ::debug::isExplicit: 2.7.18\n[7058ffb3-2ae0-4456-a670-b585a8635f3e/build]   \ud83d\udcac  ::debug::explicit? true\n[7058ffb3-2ae0-4456-a670-b585a8635f3e/build]   \ud83d\udcac  ::debug::isExplicit: 3.5.10\n[7058ffb3-2ae0-4456-a670-b585a8635f3e/build]   \ud83d\udcac  ::debug::explicit? true\n[7058ffb3-2ae0-4456-a670-b585a8635f3e/build]   \ud83d\udcac  ::debug::isExplicit: 3.6.14\n[7058ffb3-2ae0-4456-a670-b585a8635f3e/build]   \ud83d\udcac  ::debug::explicit? true\n[7058ffb3-2ae0-4456-a670-b585a8635f3e/build]   \ud83d\udcac  ::debug::isExplicit: 3.7.11\n[7058ffb3-2ae0-4456-a670-b585a8635f3e/build]   \ud83d\udcac  ::debug::explicit? true\n[7058ffb3-2ae0-4456-a670-b585a8635f3e/build]   \ud83d\udcac  ::debug::isExplicit: 3.8.11\n[7058ffb3-2ae0-4456-a670-b585a8635f3e/build]   \ud83d\udcac  ::debug::explicit? true\n[7058ffb3-2ae0-4456-a670-b585a8635f3e/build]   \ud83d\udcac  ::debug::isExplicit: 3.9.6\n[7058ffb3-2ae0-4456-a670-b585a8635f3e/build]   \ud83d\udcac  ::debug::explicit? true\n[7058ffb3-2ae0-4456-a670-b585a8635f3e/build]   \ud83d\udcac  ::debug::evaluating 6 versions\n[7058ffb3-2ae0-4456-a670-b585a8635f3e/build]   \ud83d\udcac  ::debug::matched: 3.9.6\n[7058ffb3-2ae0-4456-a670-b585a8635f3e/build]   \ud83d\udcac  ::debug::checking cache: /opt/hostedtoolcache/Python/3.9.6/x64\n[7058ffb3-2ae0-4456-a670-b585a8635f3e/build]   \ud83d\udcac  ::debug::Found tool in cache Python 3.9.6 x64\n[7058ffb3-2ae0-4456-a670-b585a8635f3e/build]   | Successfully setup CPython (3.9.6)\n[7058ffb3-2ae0-4456-a670-b585a8635f3e/build]   \u2753 add-matcher /run/act/actions/actions-setup-python@v3/.github/python.json\n[7058ffb3-2ae0-4456-a670-b585a8635f3e/build]   \u2705  Success - Main Set up Python 3.9\n[7058ffb3-2ae0-4456-a670-b585a8635f3e/build]   \u2699  ::set-env:: pythonLocation=/opt/hostedtoolcache/Python/3.9.6/x64\n[7058ffb3-2ae0-4456-a670-b585a8635f3e/build]   \u2699  ::set-env:: LD_LIBRARY_PATH=/opt/hostedtoolcache/Python/3.9.6/x64/lib\n[7058ffb3-2ae0-4456-a670-b585a8635f3e/build]   \u2699  ::set-output:: python-version=3.9.6\n[7058ffb3-2ae0-4456-a670-b585a8635f3e/build]   \u2699  ::add-path:: /opt/hostedtoolcache/Python/3.9.6/x64\n[7058ffb3-2ae0-4456-a670-b585a8635f3e/build]   \u2699  ::add-path:: /opt/hostedtoolcache/Python/3.9.6/x64/bin\n[7058ffb3-2ae0-4456-a670-b585a8635f3e/build] \u2b50 Run Main Install dependencies\n[7058ffb3-2ae0-4456-a670-b585a8635f3e/build]   \ud83d\udc33  docker exec cmd=[bash --noprofile --norc -e -o pipefail /var/run/act/workflow/2] user= workdir=\n[7058ffb3-2ae0-4456-a670-b585a8635f3e/build]   | Requirement already satisfied: pip in /opt/hostedtoolcache/Python/3.9.6/x64/lib/python3.9/site-packages (21.2.4)\n[7058ffb3-2ae0-4456-a670-b585a8635f3e/build]   | Collecting pip\n[7058ffb3-2ae0-4456-a670-b585a8635f3e/build]   |   Downloading pip-23.1.2-py3-none-any.whl (2.1 MB)\n[7058ffb3-2ae0-4456-a670-b585a8635f3e/build]   | Installing collected packages: pip\n[7058ffb3-2ae0-4456-a670-b585a8635f3e/build]   |   Attempting uninstall: pip\n[7058ffb3-2ae0-4456-a670-b585a8635f3e/build]   |     Found existing installation: pip 21.2.4\n[7058ffb3-2ae0-4456-a670-b585a8635f3e/build]   |     Uninstalling pip-21.2.4:\n[7058ffb3-2ae0-4456-a670-b585a8635f3e/build]   |       Successfully uninstalled pip-21.2.4\n[7058ffb3-2ae0-4456-a670-b585a8635f3e/build]   | Successfully installed pip-23.1.2\n[7058ffb3-2ae0-4456-a670-b585a8635f3e/build]   | Collecting pylint\n[7058ffb3-2ae0-4456-a670-b585a8635f3e/build]   |   Downloading pylint-2.17.4-py3-none-any.whl (536 kB)\n[7058ffb3-2ae0-4456-a670-b585a8635f3e/build]   |      \u2501\u2501\u2501\u2501\u2501\u2501\u2501\u2501\u2501\u2501\u2501\u2501\u2501\u2501\u2501\u2501\u2501\u2501\u2501\u2501\u2501\u2501\u2501\u2501\u2501\u2501\u2501\u2501\u2501\u2501\u2501\u2501\u2501\u2501\u2501\u2501\u2501\u2501\u2501 536.6/536.6 kB 7.5 MB/s eta 0:00:00\n[7058ffb3-2ae0-4456-a670-b585a8635f3e/build]   | Collecting bandit\n[7058ffb3-2ae0-4456-a670-b585a8635f3e/build]   |   Downloading bandit-1.7.5-py3-none-any.whl (123 kB)\n[7058ffb3-2ae0-4456-a670-b585a8635f3e/build]   |      \u2501\u2501\u2501\u2501\u2501\u2501\u2501\u2501\u2501\u2501\u2501\u2501\u2501\u2501\u2501\u2501\u2501\u2501\u2501\u2501\u2501\u2501\u2501\u2501\u2501\u2501\u2501\u2501\u2501\u2501\u2501\u2501\u2501\u2501\u2501\u2501\u2501\u2501\u2501 123.3/123.3 kB 5.2 MB/s eta 0:00:00\n[7058ffb3-2ae0-4456-a670-b585a8635f3e/build]   | Collecting platformdirs>=2.2.0 (from pylint)\n[7058ffb3-2ae0-4456-a670-b585a8635f3e/build]   |   Downloading platformdirs-3.8.0-py3-none-any.whl (16 kB)\n[7058ffb3-2ae0-4456-a670-b585a8635f3e/build]   | Collecting astroid<=2.17.0-dev0,>=2.15.4 (from pylint)\n[7058ffb3-2ae0-4456-a670-b585a8635f3e/build]   |   Downloading astroid-2.15.5-py3-none-any.whl (278 kB)\n[7058ffb3-2ae0-4456-a670-b585a8635f3e/build]   |      \u2501\u2501\u2501\u2501\u2501\u2501\u2501\u2501\u2501\u2501\u2501\u2501\u2501\u2501\u2501\u2501\u2501\u2501\u2501\u2501\u2501\u2501\u2501\u2501\u2501\u2501\u2501\u2501\u2501\u2501\u2501\u2501\u2501\u2501\u2501\u2501\u2501\u2501 278.1/278.1 kB 13.0 MB/s eta 0:00:00\n[7058ffb3-2ae0-4456-a670-b585a8635f3e/build]   | Collecting isort<6,>=4.2.5 (from pylint)\n[7058ffb3-2ae0-4456-a670-b585a8635f3e/build]   |   Downloading isort-5.12.0-py3-none-any.whl (91 kB)\n[7058ffb3-2ae0-4456-a670-b585a8635f3e/build]   |      \u2501\u2501\u2501\u2501\u2501\u2501\u2501\u2501\u2501\u2501\u2501\u2501\u2501\u2501\u2501\u2501\u2501\u2501\u2501\u2501\u2501\u2501\u2501\u2501\u2501\u2501\u2501\u2501\u2501\u2501\u2501\u2501\u2501\u2501\u2501\u2501\u2501\u2501\u2501\u2501 91.2/91.2 kB 5.3 MB/s eta 0:00:00\n[7058ffb3-2ae0-4456-a670-b585a8635f3e/build]   | Collecting mccabe<0.8,>=0.6 (from pylint)\n[7058ffb3-2ae0-4456-a670-b585a8635f3e/build]   |   Downloading mccabe-0.7.0-py2.py3-none-any.whl (7.3 kB)\n[7058ffb3-2ae0-4456-a670-b585a8635f3e/build]   | Collecting tomlkit>=0.10.1 (from pylint)\n[7058ffb3-2ae0-4456-a670-b585a8635f3e/build]   |   Downloading tomlkit-0.11.8-py3-none-any.whl (35 kB)\n[7058ffb3-2ae0-4456-a670-b585a8635f3e/build]   | Collecting typing-extensions>=3.10.0 (from pylint)\n[7058ffb3-2ae0-4456-a670-b585a8635f3e/build]   |   Downloading typing_extensions-4.7.0-py3-none-any.whl (33 kB)\n[7058ffb3-2ae0-4456-a670-b585a8635f3e/build]   | Collecting dill>=0.2 (from pylint)\n[7058ffb3-2ae0-4456-a670-b585a8635f3e/build]   |   Downloading dill-0.3.6-py3-none-any.whl (110 kB)\n[7058ffb3-2ae0-4456-a670-b585a8635f3e/build]   |      \u2501\u2501\u2501\u2501\u2501\u2501\u2501\u2501\u2501\u2501\u2501\u2501\u2501\u2501\u2501\u2501\u2501\u2501\u2501\u2501\u2501\u2501\u2501\u2501\u2501\u2501\u2501\u2501\u2501\u2501\u2501\u2501\u2501\u2501\u2501\u2501\u2501\u2501\u2501 110.5/110.5 kB 2.2 MB/s eta 0:00:00\n[7058ffb3-2ae0-4456-a670-b585a8635f3e/build]   | Collecting tomli>=1.1.0 (from pylint)\n[7058ffb3-2ae0-4456-a670-b585a8635f3e/build]   |   Downloading tomli-2.0.1-py3-none-any.whl (12 kB)\n[7058ffb3-2ae0-4456-a670-b585a8635f3e/build]   | Collecting GitPython>=1.0.1 (from bandit)\n[7058ffb3-2ae0-4456-a670-b585a8635f3e/build]   |   Downloading GitPython-3.1.31-py3-none-any.whl (184 kB)\n[7058ffb3-2ae0-4456-a670-b585a8635f3e/build]   |      \u2501\u2501\u2501\u2501\u2501\u2501\u2501\u2501\u2501\u2501\u2501\u2501\u2501\u2501\u2501\u2501\u2501\u2501\u2501\u2501\u2501\u2501\u2501\u2501\u2501\u2501\u2501\u2501\u2501\u2501\u2501\u2501\u2501\u2501\u2501\u2501\u2501\u2501 184.3/184.3 kB 18.2 MB/s eta 0:00:00\n[7058ffb3-2ae0-4456-a670-b585a8635f3e/build]   | Collecting PyYAML>=5.3.1 (from bandit)\n[7058ffb3-2ae0-4456-a670-b585a8635f3e/build]   |   Downloading PyYAML-6.0-cp39-cp39-manylinux_2_5_x86_64.manylinux1_x86_64.manylinux_2_12_x86_64.manylinux2010_x86_64.whl (661 kB)\n[7058ffb3-2ae0-4456-a670-b585a8635f3e/build]   |      \u2501\u2501\u2501\u2501\u2501\u2501\u2501\u2501\u2501\u2501\u2501\u2501\u2501\u2501\u2501\u2501\u2501\u2501\u2501\u2501\u2501\u2501\u2501\u2501\u2501\u2501\u2501\u2501\u2501\u2501\u2501\u2501\u2501\u2501\u2501\u2501\u2501\u2501 661.8/661.8 kB 22.8 MB/s eta 0:00:00\n[7058ffb3-2ae0-4456-a670-b585a8635f3e/build]   | Collecting stevedore>=1.20.0 (from bandit)\n[7058ffb3-2ae0-4456-a670-b585a8635f3e/build]   |   Downloading stevedore-5.1.0-py3-none-any.whl (49 kB)\n[7058ffb3-2ae0-4456-a670-b585a8635f3e/build]   |      \u2501\u2501\u2501\u2501\u2501\u2501\u2501\u2501\u2501\u2501\u2501\u2501\u2501\u2501\u2501\u2501\u2501\u2501\u2501\u2501\u2501\u2501\u2501\u2501\u2501\u2501\u2501\u2501\u2501\u2501\u2501\u2501\u2501\u2501\u2501\u2501\u2501\u2501\u2501\u2501 49.6/49.6 kB 4.5 MB/s eta 0:00:00\n[7058ffb3-2ae0-4456-a670-b585a8635f3e/build]   | Collecting rich (from bandit)\n[7058ffb3-2ae0-4456-a670-b585a8635f3e/build]   |   Downloading rich-13.4.2-py3-none-any.whl (239 kB)\n[7058ffb3-2ae0-4456-a670-b585a8635f3e/build]   |      \u2501\u2501\u2501\u2501\u2501\u2501\u2501\u2501\u2501\u2501\u2501\u2501\u2501\u2501\u2501\u2501\u2501\u2501\u2501\u2501\u2501\u2501\u2501\u2501\u2501\u2501\u2501\u2501\u2501\u2501\u2501\u2501\u2501\u2501\u2501\u2501\u2501\u2501 239.4/239.4 kB 12.5 MB/s eta 0:00:00\n[7058ffb3-2ae0-4456-a670-b585a8635f3e/build]   | Collecting lazy-object-proxy>=1.4.0 (from astroid<=2.17.0-dev0,>=2.15.4->pylint)\n[7058ffb3-2ae0-4456-a670-b585a8635f3e/build]   |   Downloading lazy_object_proxy-1.9.0-cp39-cp39-manylinux_2_5_x86_64.manylinux1_x86_64.manylinux_2_17_x86_64.manylinux2014_x86_64.whl (62 kB)\n[7058ffb3-2ae0-4456-a670-b585a8635f3e/build]   |      \u2501\u2501\u2501\u2501\u2501\u2501\u2501\u2501\u2501\u2501\u2501\u2501\u2501\u2501\u2501\u2501\u2501\u2501\u2501\u2501\u2501\u2501\u2501\u2501\u2501\u2501\u2501\u2501\u2501\u2501\u2501\u2501\u2501\u2501\u2501\u2501\u2501\u2501\u2501\u2501 62.1/62.1 kB 5.2 MB/s eta 0:00:00\n[7058ffb3-2ae0-4456-a670-b585a8635f3e/build]   | Collecting wrapt<2,>=1.11 (from astroid<=2.17.0-dev0,>=2.15.4->pylint)\n[7058ffb3-2ae0-4456-a670-b585a8635f3e/build]   |   Downloading wrapt-1.15.0-cp39-cp39-manylinux_2_5_x86_64.manylinux1_x86_64.manylinux_2_17_x86_64.manylinux2014_x86_64.whl (78 kB)\n[7058ffb3-2ae0-4456-a670-b585a8635f3e/build]   |      \u2501\u2501\u2501\u2501\u2501\u2501\u2501\u2501\u2501\u2501\u2501\u2501\u2501\u2501\u2501\u2501\u2501\u2501\u2501\u2501\u2501\u2501\u2501\u2501\u2501\u2501\u2501\u2501\u2501\u2501\u2501\u2501\u2501\u2501\u2501\u2501\u2501\u2501\u2501\u2501 78.3/78.3 kB 1.5 MB/s eta 0:00:00\n[7058ffb3-2ae0-4456-a670-b585a8635f3e/build]   | Collecting gitdb<5,>=4.0.1 (from GitPython>=1.0.1->bandit)\n[7058ffb3-2ae0-4456-a670-b585a8635f3e/build]   |   Downloading gitdb-4.0.10-py3-none-any.whl (62 kB)\n[7058ffb3-2ae0-4456-a670-b585a8635f3e/build]   |      \u2501\u2501\u2501\u2501\u2501\u2501\u2501\u2501\u2501\u2501\u2501\u2501\u2501\u2501\u2501\u2501\u2501\u2501\u2501\u2501\u2501\u2501\u2501\u2501\u2501\u2501\u2501\u2501\u2501\u2501\u2501\u2501\u2501\u2501\u2501\u2501\u2501\u2501\u2501 62.7/62.7 kB 596.2 kB/s eta 0:00:00\n[7058ffb3-2ae0-4456-a670-b585a8635f3e/build]   | Collecting pbr!=2.1.0,>=2.0.0 (from stevedore>=1.20.0->bandit)\n[7058ffb3-2ae0-4456-a670-b585a8635f3e/build]   |   Downloading pbr-5.11.1-py2.py3-none-any.whl (112 kB)\n[7058ffb3-2ae0-4456-a670-b585a8635f3e/build]   |      \u2501\u2501\u2501\u2501\u2501\u2501\u2501\u2501\u2501\u2501\u2501\u2501\u2501\u2501\u2501\u2501\u2501\u2501\u2501\u2501\u2501\u2501\u2501\u2501\u2501\u2501\u2501\u2501\u2501\u2501\u2501\u2501\u2501\u2501\u2501\u2501\u2501\u2501\u2501 112.7/112.7 kB 1.2 MB/s eta 0:00:00\n[7058ffb3-2ae0-4456-a670-b585a8635f3e/build]   | Collecting markdown-it-py>=2.2.0 (from rich->bandit)\n[7058ffb3-2ae0-4456-a670-b585a8635f3e/build]   |   Downloading markdown_it_py-3.0.0-py3-none-any.whl (87 kB)\n[7058ffb3-2ae0-4456-a670-b585a8635f3e/build]   |      \u2501\u2501\u2501\u2501\u2501\u2501\u2501\u2501\u2501\u2501\u2501\u2501\u2501\u2501\u2501\u2501\u2501\u2501\u2501\u2501\u2501\u2501\u2501\u2501\u2501\u2501\u2501\u2501\u2501\u2501\u2501\u2501\u2501\u2501\u2501\u2501\u2501\u2501\u2501\u2501 87.5/87.5 kB 1.5 MB/s eta 0:00:00\n[7058ffb3-2ae0-4456-a670-b585a8635f3e/build]   | Collecting pygments<3.0.0,>=2.13.0 (from rich->bandit)\n[7058ffb3-2ae0-4456-a670-b585a8635f3e/build]   |   Downloading Pygments-2.15.1-py3-none-any.whl (1.1 MB)\n[7058ffb3-2ae0-4456-a670-b585a8635f3e/build]   |      \u2501\u2501\u2501\u2501\u2501\u2501\u2501\u2501\u2501\u2501\u2501\u2501\u2501\u2501\u2501\u2501\u2501\u2501\u2501\u2501\u2501\u2501\u2501\u2501\u2501\u2501\u2501\u2501\u2501\u2501\u2501\u2501\u2501\u2501\u2501\u2501\u2501\u2501\u2501\u2501 1.1/1.1 MB 14.6 MB/s eta 0:00:00\n[7058ffb3-2ae0-4456-a670-b585a8635f3e/build]   | Collecting smmap<6,>=3.0.1 (from gitdb<5,>=4.0.1->GitPython>=1.0.1->bandit)\n[7058ffb3-2ae0-4456-a670-b585a8635f3e/build]   |   Downloading smmap-5.0.0-py3-none-any.whl (24 kB)\n[7058ffb3-2ae0-4456-a670-b585a8635f3e/build]   | Collecting mdurl~=0.1 (from markdown-it-py>=2.2.0->rich->bandit)\n[7058ffb3-2ae0-4456-a670-b585a8635f3e/build]   |   Downloading mdurl-0.1.2-py3-none-any.whl (10.0 kB)\n[7058ffb3-2ae0-4456-a670-b585a8635f3e/build]   | Installing collected packages: wrapt, typing-extensions, tomlkit, tomli, smmap, PyYAML, pygments, platformdirs, pbr, mdurl, mccabe, lazy-object-proxy, isort, dill, stevedore, markdown-it-py, gitdb, astroid, rich, pylint, GitPython, bandit\n[7058ffb3-2ae0-4456-a670-b585a8635f3e/build]   | Successfully installed GitPython-3.1.31 PyYAML-6.0 astroid-2.15.5 bandit-1.7.5 dill-0.3.6 gitdb-4.0.10 isort-5.12.0 lazy-object-proxy-1.9.0 markdown-it-py-3.0.0 mccabe-0.7.0 mdurl-0.1.2 pbr-5.11.1 platformdirs-3.8.0 pygments-2.15.1 pylint-2.17.4 rich-13.4.2 smmap-5.0.0 stevedore-5.1.0 tomli-2.0.1 tomlkit-0.11.8 typing-extensions-4.7.0 wrapt-1.15.0\n[7058ffb3-2ae0-4456-a670-b585a8635f3e/build]   | \n[7058ffb3-2ae0-4456-a670-b585a8635f3e/build]   | [notice] A new release of pip is available: 21.1.3 -> 23.1.2\n[7058ffb3-2ae0-4456-a670-b585a8635f3e/build]   | [notice] To update, run: pip install --upgrade pip\n[7058ffb3-2ae0-4456-a670-b585a8635f3e/build]   \u2705  Success - Main Install dependencies\n[7058ffb3-2ae0-4456-a670-b585a8635f3e/build] \u2b50 Run Main Lint with Pylint\n[7058ffb3-2ae0-4456-a670-b585a8635f3e/build]   \ud83d\udc33  docker exec cmd=[bash --noprofile --norc -e -o pipefail /var/run/act/workflow/3] user= workdir=\n[7058ffb3-2ae0-4456-a670-b585a8635f3e/build]   | pylint: Command line or configuration file:1: UserWarning: Specifying exception names in the overgeneral-exceptions option without module name is deprecated and support for it will be removed in pylint 3.0. Use fully qualified name (maybe 'builtins.BaseException' ?) instead.\n[7058ffb3-2ae0-4456-a670-b585a8635f3e/build]   | pylint: Command line or configuration file:1: UserWarning: Specifying exception names in the overgeneral-exceptions option without module name is deprecated and support for it will be removed in pylint 3.0. Use fully qualified name (maybe 'builtins.Exception' ?) instead.\n[7058ffb3-2ae0-4456-a670-b585a8635f3e/build]   | ************* Module workflow.update\n[7058ffb3-2ae0-4456-a670-b585a8635f3e/build]   | src/workflow/update.py:570:0: I0021: Useless suppression of 'invalid-name' (useless-suppression)\n[7058ffb3-2ae0-4456-a670-b585a8635f3e/build]   | \n[7058ffb3-2ae0-4456-a670-b585a8635f3e/build]   | ------------------------------------\n[7058ffb3-2ae0-4456-a670-b585a8635f3e/build]   | Your code has been rated at 10.00/10\n[7058ffb3-2ae0-4456-a670-b585a8635f3e/build]   | \n[7058ffb3-2ae0-4456-a670-b585a8635f3e/build]   \u2705  Success - Main Lint with Pylint\n[7058ffb3-2ae0-4456-a670-b585a8635f3e/build] \u2b50 Run Main Lint with Bandit\n[7058ffb3-2ae0-4456-a670-b585a8635f3e/build]   \ud83d\udc33  docker exec cmd=[bash --noprofile --norc -e -o pipefail /var/run/act/workflow/4] user= workdir=\n[7058ffb3-2ae0-4456-a670-b585a8635f3e/build]   | [main]\tINFO\tprofile include tests: None\n[7058ffb3-2ae0-4456-a670-b585a8635f3e/build]   | [main]\tINFO\tprofile exclude tests: B403,B310,B301,B603,B404\n[7058ffb3-2ae0-4456-a670-b585a8635f3e/build]   | [main]\tINFO\tcli include tests: None\n[7058ffb3-2ae0-4456-a670-b585a8635f3e/build]   | [main]\tINFO\tcli exclude tests: None\n[7058ffb3-2ae0-4456-a670-b585a8635f3e/build]   | [main]\tINFO\tusing config: .bandit\n[7058ffb3-2ae0-4456-a670-b585a8635f3e/build]   | [main]\tINFO\trunning on Python 3.9.6\n[7058ffb3-2ae0-4456-a670-b585a8635f3e/build]   | Run started:2023-07-01 11:02:14.020050\n[7058ffb3-2ae0-4456-a670-b585a8635f3e/build]   | \n[7058ffb3-2ae0-4456-a670-b585a8635f3e/build]   | Test results:\n[7058ffb3-2ae0-4456-a670-b585a8635f3e/build]   | \tNo issues identified.\n[7058ffb3-2ae0-4456-a670-b585a8635f3e/build]   | \n[7058ffb3-2ae0-4456-a670-b585a8635f3e/build]   | Code scanned:\n[7058ffb3-2ae0-4456-a670-b585a8635f3e/build]   | \tTotal lines of code: 4748\n[7058ffb3-2ae0-4456-a670-b585a8635f3e/build]   | \tTotal lines skipped (#nosec): 0\n[7058ffb3-2ae0-4456-a670-b585a8635f3e/build]   | \tTotal potential issues skipped due to specifically being disabled (e.g., #nosec BXXX): 0\n[7058ffb3-2ae0-4456-a670-b585a8635f3e/build]   | \n[7058ffb3-2ae0-4456-a670-b585a8635f3e/build]   | Run metrics:\n[7058ffb3-2ae0-4456-a670-b585a8635f3e/build]   | \tTotal issues (by severity):\n[7058ffb3-2ae0-4456-a670-b585a8635f3e/build]   | \t\tUndefined: 0\n[7058ffb3-2ae0-4456-a670-b585a8635f3e/build]   | \t\tLow: 0\n[7058ffb3-2ae0-4456-a670-b585a8635f3e/build]   | \t\tMedium: 0\n[7058ffb3-2ae0-4456-a670-b585a8635f3e/build]   | \t\tHigh: 0\n[7058ffb3-2ae0-4456-a670-b585a8635f3e/build]   | \tTotal issues (by confidence):\n[7058ffb3-2ae0-4456-a670-b585a8635f3e/build]   | \t\tUndefined: 0\n[7058ffb3-2ae0-4456-a670-b585a8635f3e/build]   | \t\tLow: 0\n[7058ffb3-2ae0-4456-a670-b585a8635f3e/build]   | \t\tMedium: 0\n[7058ffb3-2ae0-4456-a670-b585a8635f3e/build]   | \t\tHigh: 0\n[7058ffb3-2ae0-4456-a670-b585a8635f3e/build]   | Files skipped (0):\n[7058ffb3-2ae0-4456-a670-b585a8635f3e/build]   \u2705  Success - Main Lint with Bandit\n[7058ffb3-2ae0-4456-a670-b585a8635f3e/build] \u2b50 Run Main Test with unittest\n[7058ffb3-2ae0-4456-a670-b585a8635f3e/build]   \ud83d\udc33  docker exec cmd=[bash --noprofile --norc -e -o pipefail /var/run/act/workflow/5] user= workdir=\n[7058ffb3-2ae0-4456-a670-b585a8635f3e/build]   | Collecting unittest-xml-reporting\n[7058ffb3-2ae0-4456-a670-b585a8635f3e/build]   |   Downloading unittest_xml_reporting-3.2.0-py2.py3-none-any.whl (20 kB)\n[7058ffb3-2ae0-4456-a670-b585a8635f3e/build]   | Collecting lxml (from unittest-xml-reporting)\n[7058ffb3-2ae0-4456-a670-b585a8635f3e/build]   |   Downloading lxml-4.9.2-cp39-cp39-manylinux_2_17_x86_64.manylinux2014_x86_64.manylinux_2_24_x86_64.whl (7.1 MB)\n[7058ffb3-2ae0-4456-a670-b585a8635f3e/build]   |      \u2501\u2501\u2501\u2501\u2501\u2501\u2501\u2501\u2501\u2501\u2501\u2501\u2501\u2501\u2501\u2501\u2501\u2501\u2501\u2501\u2501\u2501\u2501\u2501\u2501\u2501\u2501\u2501\u2501\u2501\u2501\u2501\u2501\u2501\u2501\u2501\u2501\u2501\u2501\u2501 7.1/7.1 MB 25.3 MB/s eta 0:00:00\n[7058ffb3-2ae0-4456-a670-b585a8635f3e/build]   | Installing collected packages: lxml, unittest-xml-reporting\n[7058ffb3-2ae0-4456-a670-b585a8635f3e/build]   | Successfully installed lxml-4.9.2 unittest-xml-reporting-3.2.0\n[7058ffb3-2ae0-4456-a670-b585a8635f3e/build]   | \n[7058ffb3-2ae0-4456-a670-b585a8635f3e/build]   | [notice] A new release of pip is available: 21.1.3 -> 23.1.2\n[7058ffb3-2ae0-4456-a670-b585a8635f3e/build]   | [notice] To update, run: pip install --upgrade pip\n[7058ffb3-2ae0-4456-a670-b585a8635f3e/build]   | \n[7058ffb3-2ae0-4456-a670-b585a8635f3e/build]   | Running tests...\n[7058ffb3-2ae0-4456-a670-b585a8635f3e/build]   | ----------------------------------------------------------------------\n[7058ffb3-2ae0-4456-a670-b585a8635f3e/build]   | ..E/tmp/558156d8-17ed-11ee-8a50-bb14de238602/xilopaint-alfred-pdf-tools/./src/pypdf/_writer.py:1062: UserWarning: pypdf only implements RC4 encryption so far. The RC4 algorithm is insecure. Either use a library that supports AES for encryption or put the PDF in an encrypted container, for example an encrypted ZIP file.\n[7058ffb3-2ae0-4456-a670-b585a8635f3e/build]   |   warnings.warn(\n[7058ffb3-2ae0-4456-a670-b585a8635f3e/build]   | .{\"alfredworkflow\": {\"arg\": [\"./resources/file_1.pdf\", \"./resources/file_2.pdf\"]}}\n[7058ffb3-2ae0-4456-a670-b585a8635f3e/build]   | {\"alfredworkflow\": {\"arg\": [\"./resources/file_3.pdf\", \"./resources/file_4.pdf\"]}}\n[7058ffb3-2ae0-4456-a670-b585a8635f3e/build]   | .E....\n[7058ffb3-2ae0-4456-a670-b585a8635f3e/build]   | ======================================================================\n[7058ffb3-2ae0-4456-a670-b585a8635f3e/build]   | ERROR [0.012s]: test_deskew (test_alfred_pdf_tools.AlfredPdfToolsTests)\n[7058ffb3-2ae0-4456-a670-b585a8635f3e/build]   | Test deskew file action.\n[7058ffb3-2ae0-4456-a670-b585a8635f3e/build]   | ----------------------------------------------------------------------\n[7058ffb3-2ae0-4456-a670-b585a8635f3e/build]   | Traceback (most recent call last):\n[7058ffb3-2ae0-4456-a670-b585a8635f3e/build]   |   File \"/opt/hostedtoolcache/Python/3.9.6/x64/lib/python3.9/unittest/mock.py\", line 1337, in patched\n[7058ffb3-2ae0-4456-a670-b585a8635f3e/build]   |     return func(*newargs, **newkeywargs)\n[7058ffb3-2ae0-4456-a670-b585a8635f3e/build]   |   File \"/tmp/558156d8-17ed-11ee-8a50-bb14de238602/xilopaint-alfred-pdf-tools/tests/test_alfred_pdf_tools.py\", line 41, in test_deskew\n[7058ffb3-2ae0-4456-a670-b585a8635f3e/build]   |     self.assertIsNone(deskew([\"./resources/crazyones.pdf\"]))\n[7058ffb3-2ae0-4456-a670-b585a8635f3e/build]   |   File \"/tmp/558156d8-17ed-11ee-8a50-bb14de238602/xilopaint-alfred-pdf-tools/./src/alfred_pdf_tools.py\", line 80, in wrapper\n[7058ffb3-2ae0-4456-a670-b585a8635f3e/build]   |     func(*args, **kwargs)\n[7058ffb3-2ae0-4456-a670-b585a8635f3e/build]   |   File \"/tmp/558156d8-17ed-11ee-8a50-bb14de238602/xilopaint-alfred-pdf-tools/./src/alfred_pdf_tools.py\", line 170, in deskew\n[7058ffb3-2ae0-4456-a670-b585a8635f3e/build]   |     returncode = run_k2pdfopt(cmd)\n[7058ffb3-2ae0-4456-a670-b585a8635f3e/build]   |   File \"/tmp/558156d8-17ed-11ee-8a50-bb14de238602/xilopaint-alfred-pdf-tools/./src/alfred_pdf_tools.py\", line 112, in run_k2pdfopt\n[7058ffb3-2ae0-4456-a670-b585a8635f3e/build]   |     with subprocess.Popen(\n[7058ffb3-2ae0-4456-a670-b585a8635f3e/build]   |   File \"/opt/hostedtoolcache/Python/3.9.6/x64/lib/python3.9/subprocess.py\", line 951, in __init__\n[7058ffb3-2ae0-4456-a670-b585a8635f3e/build]   |     self._execute_child(args, executable, preexec_fn, close_fds,\n[7058ffb3-2ae0-4456-a670-b585a8635f3e/build]   |   File \"/opt/hostedtoolcache/Python/3.9.6/x64/lib/python3.9/subprocess.py\", line 1821, in _execute_child\n[7058ffb3-2ae0-4456-a670-b585a8635f3e/build]   |     raise child_exception_type(errno_num, err_msg, err_filename)\n[7058ffb3-2ae0-4456-a670-b585a8635f3e/build]   | OSError: [Errno 8] Exec format error: '/tmp/558156d8-17ed-11ee-8a50-bb14de238602/xilopaint-alfred-pdf-tools/src/bin/k2pdfopt'\n[7058ffb3-2ae0-4456-a670-b585a8635f3e/build]   | \n[7058ffb3-2ae0-4456-a670-b585a8635f3e/build]   | ======================================================================\n[7058ffb3-2ae0-4456-a670-b585a8635f3e/build]   | ERROR [0.011s]: test_optimize (test_alfred_pdf_tools.AlfredPdfToolsTests)\n[7058ffb3-2ae0-4456-a670-b585a8635f3e/build]   | Test optimize file action.\n[7058ffb3-2ae0-4456-a670-b585a8635f3e/build]   | ----------------------------------------------------------------------\n[7058ffb3-2ae0-4456-a670-b585a8635f3e/build]   | Traceback (most recent call last):\n[7058ffb3-2ae0-4456-a670-b585a8635f3e/build]   |   File \"/opt/hostedtoolcache/Python/3.9.6/x64/lib/python3.9/unittest/mock.py\", line 1337, in patched\n[7058ffb3-2ae0-4456-a670-b585a8635f3e/build]   |     return func(*newargs, **newkeywargs)\n[7058ffb3-2ae0-4456-a670-b585a8635f3e/build]   |   File \"/tmp/558156d8-17ed-11ee-8a50-bb14de238602/xilopaint-alfred-pdf-tools/tests/test_alfred_pdf_tools.py\", line 33, in test_optimize\n[7058ffb3-2ae0-4456-a670-b585a8635f3e/build]   |     self.assertIsNone(optimize(\"150\", [\"./resources/crazyones.pdf\"]))\n[7058ffb3-2ae0-4456-a670-b585a8635f3e/build]   |   File \"/tmp/558156d8-17ed-11ee-8a50-bb14de238602/xilopaint-alfred-pdf-tools/./src/alfred_pdf_tools.py\", line 80, in wrapper\n[7058ffb3-2ae0-4456-a670-b585a8635f3e/build]   |     func(*args, **kwargs)\n[7058ffb3-2ae0-4456-a670-b585a8635f3e/build]   |   File \"/tmp/558156d8-17ed-11ee-8a50-bb14de238602/xilopaint-alfred-pdf-tools/./src/alfred_pdf_tools.py\", line 148, in optimize\n[7058ffb3-2ae0-4456-a670-b585a8635f3e/build]   |     returncode = run_k2pdfopt(cmd)\n[7058ffb3-2ae0-4456-a670-b585a8635f3e/build]   |   File \"/tmp/558156d8-17ed-11ee-8a50-bb14de238602/xilopaint-alfred-pdf-tools/./src/alfred_pdf_tools.py\", line 112, in run_k2pdfopt\n[7058ffb3-2ae0-4456-a670-b585a8635f3e/build]   |     with subprocess.Popen(\n[7058ffb3-2ae0-4456-a670-b585a8635f3e/build]   |   File \"/opt/hostedtoolcache/Python/3.9.6/x64/lib/python3.9/subprocess.py\", line 951, in __init__\n[7058ffb3-2ae0-4456-a670-b585a8635f3e/build]   |     self._execute_child(args, executable, preexec_fn, close_fds,\n[7058ffb3-2ae0-4456-a670-b585a8635f3e/build]   |   File \"/opt/hostedtoolcache/Python/3.9.6/x64/lib/python3.9/subprocess.py\", line 1821, in _execute_child\n[7058ffb3-2ae0-4456-a670-b585a8635f3e/build]   |     raise child_exception_type(errno_num, err_msg, err_filename)\n[7058ffb3-2ae0-4456-a670-b585a8635f3e/build]   | OSError: [Errno 8] Exec format error: '/tmp/558156d8-17ed-11ee-8a50-bb14de238602/xilopaint-alfred-pdf-tools/src/bin/k2pdfopt'\n[7058ffb3-2ae0-4456-a670-b585a8635f3e/build]   | \n[7058ffb3-2ae0-4456-a670-b585a8635f3e/build]   | ----------------------------------------------------------------------\n[7058ffb3-2ae0-4456-a670-b585a8635f3e/build]   | Ran 10 tests in 1.071s\n[7058ffb3-2ae0-4456-a670-b585a8635f3e/build]   | \n[7058ffb3-2ae0-4456-a670-b585a8635f3e/build]   | FAILED (errors=2)\n[7058ffb3-2ae0-4456-a670-b585a8635f3e/build]   | \n[7058ffb3-2ae0-4456-a670-b585a8635f3e/build]   | Generating XML reports...\n[7058ffb3-2ae0-4456-a670-b585a8635f3e/build]   \u274c  Failure - Main Test with unittest\n[7058ffb3-2ae0-4456-a670-b585a8635f3e/build] exitcode '1': failure\n[7058ffb3-2ae0-4456-a670-b585a8635f3e/build] \ud83c\udfc1  Job failed\n",
        "stderr": "Error: Job 'build' failed\n",
        "workflow": {
            "path": "/tmp/558156d8-17ed-11ee-8a50-bb14de238602/xilopaint-alfred-pdf-tools/.github/workflows/python-app-crawler.yml",
            "type": "unittest"
        },
        "workflow_name": "7058ffb3-2ae0-4456-a670-b585a8635f3e",
        "build_tool": "unittest",
        "elapsed_time": 178.45307993888855
    }
}