{
    "repository": "coleifer/peewee",
    "clone_url": "https://github.com/coleifer/peewee.git",
    "timestamp": "2023-05-29T14:04:48.184622Z",
    "clone_success": true,
    "number of actions": 1,
    "number_of_test_actions": 1,
    "actions_successful": false,
    "actions_stdout": "[Tests/sqlite - 2.7-1     ] \ud83d\ude80  Start image=crawlergpt:latest\n[Tests/cockroachdb - 3.7-2] \ud83d\ude80  Start image=crawlergpt:latest\n[Tests/sqlite - 2.7-1     ]   \ud83d\udc33  docker pull image=crawlergpt:latest platform= username= forcePull=false\n[Tests/cockroachdb - 3.7-2]   \ud83d\udc33  docker pull image=crawlergpt:latest platform= username= forcePull=false\n[Tests/cockroachdb - 3.7-2]   \ud83d\udc33  docker create image=crawlergpt:latest platform= entrypoint=[\"tail\" \"-f\" \"/dev/null\"] cmd=[]\n[Tests/sqlite - 2.7-1     ]   \ud83d\udc33  docker create image=crawlergpt:latest platform= entrypoint=[\"tail\" \"-f\" \"/dev/null\"] cmd=[]\n[Tests/sqlite - 2.7-1     ]   \ud83d\udc33  docker run image=crawlergpt:latest platform= entrypoint=[\"tail\" \"-f\" \"/dev/null\"] cmd=[]\n[Tests/cockroachdb - 3.7-2]   \ud83d\udc33  docker run image=crawlergpt:latest platform= entrypoint=[\"tail\" \"-f\" \"/dev/null\"] cmd=[]\n[Tests/sqlite - 2.7-1     ]   \ud83d\udc33  docker exec cmd=[chown -R 1012:1000 /tmp/de65f406-fe28-11ed-a890-af2cc187fc11/coleifer-peewee] user=0 workdir=\n[Tests/cockroachdb - 3.7-2]   \ud83d\udc33  docker exec cmd=[chown -R 1012:1000 /tmp/de65f406-fe28-11ed-a890-af2cc187fc11/coleifer-peewee] user=0 workdir=\n[Tests/sqlite - 2.7-1     ]   \u2601  git clone 'https://github.com/actions/setup-python' # ref=v2\n[Tests/cockroachdb - 3.7-2]   \u2601  git clone 'https://github.com/actions/setup-python' # ref=v2\n[Tests/sqlite - 2.7-1     ] \ud83e\uddea  Matrix: map[peewee-backend:sqlite python-version:2.7]\n[Tests/sqlite - 2.7-1     ] \u2b50 Run Main actions/checkout@v2\n[Tests/sqlite - 2.7-1     ]   \u2705  Success - Main actions/checkout@v2\n[Tests/cockroachdb - 3.7-2] \ud83e\uddea  Matrix: map[peewee-backend:cockroachdb python-version:3.7]\n[Tests/cockroachdb - 3.7-2] \u2b50 Run Main actions/checkout@v2\n[Tests/cockroachdb - 3.7-2]   \u2705  Success - Main actions/checkout@v2\n[Tests/sqlite - 2.7-1     ] \u2b50 Run Main actions/setup-python@v2\n[Tests/sqlite - 2.7-1     ]   \ud83d\udc33  docker cp src=/home/andre-silva/.cache/act/actions-setup-python@v2/ dst=/var/run/act/actions/actions-setup-python@v2/\n[Tests/cockroachdb - 3.7-2] \u2b50 Run Main actions/setup-python@v2\n[Tests/sqlite - 2.7-1     ]   \ud83d\udc33  docker exec cmd=[chown -R 1012:1000 /var/run/act/actions/actions-setup-python@v2/] user=0 workdir=\n[Tests/cockroachdb - 3.7-2]   \ud83d\udc33  docker cp src=/home/andre-silva/.cache/act/actions-setup-python@v2/ dst=/var/run/act/actions/actions-setup-python@v2/\n[Tests/cockroachdb - 3.7-2]   \ud83d\udc33  docker exec cmd=[chown -R 1012:1000 /var/run/act/actions/actions-setup-python@v2/] user=0 workdir=\n[Tests/sqlite - 2.7-1     ]   \ud83d\udc33  docker exec cmd=[node /var/run/act/actions/actions-setup-python@v2/dist/setup/index.js] user= workdir=\n[Tests/cockroachdb - 3.7-2]   \ud83d\udc33  docker exec cmd=[node /var/run/act/actions/actions-setup-python@v2/dist/setup/index.js] user= workdir=\n[Tests/cockroachdb - 3.7-2]   \ud83d\udcac  ::debug::Semantic version spec of 3.7 is 3.7\n[Tests/cockroachdb - 3.7-2]   \ud83d\udcac  ::debug::isExplicit: \n[Tests/cockroachdb - 3.7-2]   \ud83d\udcac  ::debug::explicit? false\n[Tests/cockroachdb - 3.7-2]   \ud83d\udcac  ::debug::isExplicit: 2.7.18\n[Tests/cockroachdb - 3.7-2]   \ud83d\udcac  ::debug::explicit? true\n[Tests/cockroachdb - 3.7-2]   \ud83d\udcac  ::debug::isExplicit: 3.5.10\n[Tests/cockroachdb - 3.7-2]   \ud83d\udcac  ::debug::explicit? true\n[Tests/cockroachdb - 3.7-2]   \ud83d\udcac  ::debug::isExplicit: 3.6.14\n[Tests/cockroachdb - 3.7-2]   \ud83d\udcac  ::debug::explicit? true\n[Tests/cockroachdb - 3.7-2]   \ud83d\udcac  ::debug::isExplicit: 3.7.11\n[Tests/cockroachdb - 3.7-2]   \ud83d\udcac  ::debug::explicit? true\n[Tests/cockroachdb - 3.7-2]   \ud83d\udcac  ::debug::isExplicit: 3.8.11\n[Tests/cockroachdb - 3.7-2]   \ud83d\udcac  ::debug::explicit? true\n[Tests/cockroachdb - 3.7-2]   \ud83d\udcac  ::debug::isExplicit: 3.9.6\n[Tests/cockroachdb - 3.7-2]   \ud83d\udcac  ::debug::explicit? true\n[Tests/cockroachdb - 3.7-2]   \ud83d\udcac  ::debug::evaluating 6 versions\n[Tests/cockroachdb - 3.7-2]   \ud83d\udcac  ::debug::matched: 3.7.11\n[Tests/cockroachdb - 3.7-2]   \ud83d\udcac  ::debug::checking cache: /opt/hostedtoolcache/Python/3.7.11/x64\n[Tests/cockroachdb - 3.7-2]   \ud83d\udcac  ::debug::Found tool in cache Python 3.7.11 x64\n[Tests/cockroachdb - 3.7-2]   | Successfully setup CPython (3.7.11)\n[Tests/cockroachdb - 3.7-2]   \u2753 add-matcher /run/act/actions/actions-setup-python@v2/.github/python.json\n[Tests/cockroachdb - 3.7-2]   \u2705  Success - Main actions/setup-python@v2\n[Tests/sqlite - 2.7-1     ]   \ud83d\udcac  ::debug::Semantic version spec of 2.7 is 2.7\n[Tests/sqlite - 2.7-1     ]   \ud83d\udcac  ::debug::isExplicit: \n[Tests/sqlite - 2.7-1     ]   \ud83d\udcac  ::debug::explicit? false\n[Tests/sqlite - 2.7-1     ]   \ud83d\udcac  ::debug::isExplicit: 2.7.18\n[Tests/sqlite - 2.7-1     ]   \ud83d\udcac  ::debug::explicit? true\n[Tests/sqlite - 2.7-1     ]   \ud83d\udcac  ::debug::isExplicit: 3.5.10\n[Tests/sqlite - 2.7-1     ]   \ud83d\udcac  ::debug::explicit? true\n[Tests/sqlite - 2.7-1     ]   \ud83d\udcac  ::debug::isExplicit: 3.6.14\n[Tests/sqlite - 2.7-1     ]   \ud83d\udcac  ::debug::explicit? true\n[Tests/sqlite - 2.7-1     ]   \ud83d\udcac  ::debug::isExplicit: 3.7.11\n[Tests/sqlite - 2.7-1     ]   \ud83d\udcac  ::debug::explicit? true\n[Tests/sqlite - 2.7-1     ]   \ud83d\udcac  ::debug::isExplicit: 3.8.11\n[Tests/sqlite - 2.7-1     ]   \ud83d\udcac  ::debug::explicit? true\n[Tests/sqlite - 2.7-1     ]   \ud83d\udcac  ::debug::isExplicit: 3.9.6\n[Tests/sqlite - 2.7-1     ]   \ud83d\udcac  ::debug::explicit? true\n[Tests/sqlite - 2.7-1     ]   \ud83d\udcac  ::debug::evaluating 6 versions\n[Tests/sqlite - 2.7-1     ]   \ud83d\udcac  ::debug::matched: 2.7.18\n[Tests/sqlite - 2.7-1     ]   \ud83d\udcac  ::debug::checking cache: /opt/hostedtoolcache/Python/2.7.18/x64\n[Tests/sqlite - 2.7-1     ]   \ud83d\udcac  ::debug::Found tool in cache Python 2.7.18 x64\n[Tests/sqlite - 2.7-1     ]   | Successfully setup CPython (2.7.18)\n[Tests/sqlite - 2.7-1     ]   \u2753 add-matcher /run/act/actions/actions-setup-python@v2/.github/python.json\n[Tests/sqlite - 2.7-1     ]   \u2705  Success - Main actions/setup-python@v2\n[Tests/sqlite - 2.7-1     ]   \u2699  ::set-env:: pythonLocation=/opt/hostedtoolcache/Python/2.7.18/x64\n[Tests/sqlite - 2.7-1     ]   \u2699  ::set-env:: LD_LIBRARY_PATH=/opt/hostedtoolcache/Python/2.7.18/x64/lib\n[Tests/cockroachdb - 3.7-2]   \u2699  ::set-env:: LD_LIBRARY_PATH=/opt/hostedtoolcache/Python/3.7.11/x64/lib\n[Tests/cockroachdb - 3.7-2]   \u2699  ::set-env:: pythonLocation=/opt/hostedtoolcache/Python/3.7.11/x64\n[Tests/cockroachdb - 3.7-2]   \u2699  ::set-output:: python-version=3.7.11\n[Tests/sqlite - 2.7-1     ]   \u2699  ::set-output:: python-version=2.7.18\n[Tests/sqlite - 2.7-1     ]   \u2699  ::add-path:: /opt/hostedtoolcache/Python/2.7.18/x64\n[Tests/sqlite - 2.7-1     ]   \u2699  ::add-path:: /opt/hostedtoolcache/Python/2.7.18/x64/bin\n[Tests/cockroachdb - 3.7-2]   \u2699  ::add-path:: /opt/hostedtoolcache/Python/3.7.11/x64\n[Tests/cockroachdb - 3.7-2]   \u2699  ::add-path:: /opt/hostedtoolcache/Python/3.7.11/x64/bin\n[Tests/cockroachdb - 3.7-2] \u2b50 Run Main deps\n[Tests/sqlite - 2.7-1     ] \u2b50 Run Main deps\n[Tests/sqlite - 2.7-1     ]   \ud83d\udc33  docker exec cmd=[bash --noprofile --norc -e -o pipefail /var/run/act/workflow/2] user= workdir=\n[Tests/cockroachdb - 3.7-2]   \ud83d\udc33  docker exec cmd=[bash --noprofile --norc -e -o pipefail /var/run/act/workflow/2] user= workdir=\n[Tests/sqlite - 2.7-1     ]   | DEPRECATION: Python 2.7 reached the end of its life on January 1st, 2020. Please upgrade your Python as Python 2.7 is no longer maintained. pip 21.0 will drop support for Python 2.7 in January 2021. More details about Python 2 support in pip can be found at https://pip.pypa.io/en/latest/development/release-process/#python-2-support pip 21.0 will remove support for this functionality.\n[Tests/cockroachdb - 3.7-2]   | Collecting psycopg2-binary\n[Tests/sqlite - 2.7-1     ]   | Collecting psycopg2-binary\n[Tests/cockroachdb - 3.7-2]   |   Downloading psycopg2_binary-2.9.6-cp37-cp37m-manylinux_2_17_x86_64.manylinux2014_x86_64.whl (3.0 MB)\n[Tests/sqlite - 2.7-1     ]   |   Downloading psycopg2_binary-2.8.6-cp27-cp27mu-manylinux1_x86_64.whl (2.9 MB)\n[Tests/cockroachdb - 3.7-2]   | Collecting cython\n[Tests/cockroachdb - 3.7-2]   |   Downloading Cython-0.29.35-cp37-cp37m-manylinux_2_17_x86_64.manylinux2014_x86_64.manylinux_2_24_x86_64.whl (1.9 MB)\n[Tests/cockroachdb - 3.7-2]   | Collecting pymysql\n[Tests/cockroachdb - 3.7-2]   |   Downloading PyMySQL-1.0.3-py3-none-any.whl (43 kB)\n[Tests/sqlite - 2.7-1     ]   | Collecting cython\n[Tests/sqlite - 2.7-1     ]   |   Downloading Cython-0.29.35-cp27-cp27mu-manylinux_2_5_x86_64.manylinux1_x86_64.whl (1.9 MB)\n[Tests/sqlite - 2.7-1     ]   | Collecting pymysql\n[Tests/sqlite - 2.7-1     ]   |   Downloading PyMySQL-0.10.1-py2.py3-none-any.whl (47 kB)\n[Tests/cockroachdb - 3.7-2]   | Collecting apsw<3.38\n[Tests/sqlite - 2.7-1     ]   | Collecting apsw<3.38\n[Tests/cockroachdb - 3.7-2]   |   Downloading apsw-3.36.0.post1-cp37-cp37m-manylinux1_x86_64.whl (3.3 MB)\n[Tests/sqlite - 2.7-1     ]   |   Downloading apsw-3.9.2-r1.tar.gz (2.6 MB)\n[Tests/cockroachdb - 3.7-2]   | Collecting mysql-connector\n[Tests/cockroachdb - 3.7-2]   |   Downloading mysql-connector-2.2.9.tar.gz (11.9 MB)\n[Tests/sqlite - 2.7-1     ]   | Collecting mysql-connector\n[Tests/sqlite - 2.7-1     ]   |   Downloading mysql-connector-2.2.9.tar.gz (11.9 MB)\n[Tests/sqlite - 2.7-1     ]   | Using legacy 'setup.py install' for apsw, since package 'wheel' is not installed.\n[Tests/sqlite - 2.7-1     ]   | Using legacy 'setup.py install' for mysql-connector, since package 'wheel' is not installed.\n[Tests/sqlite - 2.7-1     ]   | Installing collected packages: psycopg2-binary, cython, pymysql, apsw, mysql-connector\n[Tests/cockroachdb - 3.7-2]   | Using legacy 'setup.py install' for mysql-connector, since package 'wheel' is not installed.\n[Tests/cockroachdb - 3.7-2]   | Installing collected packages: pymysql, psycopg2-binary, mysql-connector, cython, apsw\n[Tests/cockroachdb - 3.7-2]   |     Running setup.py install for mysql-connector: started\n[Tests/sqlite - 2.7-1     ]   |     Running setup.py install for apsw: started\n[Tests/cockroachdb - 3.7-2]   |     Running setup.py install for mysql-connector: finished with status 'done'\n[Tests/cockroachdb - 3.7-2]   | Successfully installed apsw-3.36.0.post1 cython-0.29.35 mysql-connector-2.2.9 psycopg2-binary-2.9.6 pymysql-1.0.3\n[Tests/cockroachdb - 3.7-2]   | WARNING: You are using pip version 21.2.4; however, version 23.1.2 is available.\n[Tests/cockroachdb - 3.7-2]   | You should consider upgrading via the '/opt/hostedtoolcache/Python/3.7.11/x64/bin/python -m pip install --upgrade pip' command.\n[Tests/cockroachdb - 3.7-2]   | Compiling playhouse/_sqlite_ext.pyx because it changed.\n[Tests/cockroachdb - 3.7-2]   | Compiling playhouse/_sqlite_udf.pyx because it changed.\n[Tests/cockroachdb - 3.7-2]   | [1/2] Cythonizing playhouse/_sqlite_ext.pyx\n[Tests/cockroachdb - 3.7-2]   | [2/2] Cythonizing playhouse/_sqlite_udf.pyx\n[Tests/cockroachdb - 3.7-2]   | running build_ext\n[Tests/cockroachdb - 3.7-2]   | building 'playhouse._sqlite_ext' extension\n[Tests/cockroachdb - 3.7-2]   | creating build\n[Tests/cockroachdb - 3.7-2]   | creating build/temp.linux-x86_64-3.7\n[Tests/cockroachdb - 3.7-2]   | creating build/temp.linux-x86_64-3.7/playhouse\n[Tests/cockroachdb - 3.7-2]   | gcc -pthread -Wno-unused-result -Wsign-compare -DNDEBUG -g -fwrapv -O3 -Wall -fPIC -Iplayhouse -I/opt/hostedtoolcache/Python/3.7.11/x64/include/python3.7m -c playhouse/_sqlite_ext.c -o build/temp.linux-x86_64-3.7/playhouse/_sqlite_ext.o\n[Tests/cockroachdb - 3.7-2]   | gcc -pthread -shared -Wl,--rpath=/opt/hostedtoolcache/Python/3.7.11/x64/lib -Wl,--rpath=/opt/hostedtoolcache/Python/3.7.11/x64/lib build/temp.linux-x86_64-3.7/playhouse/_sqlite_ext.o -L/opt/hostedtoolcache/Python/3.7.11/x64/lib -lsqlite3 -lpython3.7m -o /tmp/de65f406-fe28-11ed-a890-af2cc187fc11/coleifer-peewee/playhouse/_sqlite_ext.cpython-37m-x86_64-linux-gnu.so\n[Tests/cockroachdb - 3.7-2]   | building 'playhouse._sqlite_udf' extension\n[Tests/cockroachdb - 3.7-2]   | gcc -pthread -Wno-unused-result -Wsign-compare -DNDEBUG -g -fwrapv -O3 -Wall -fPIC -I/opt/hostedtoolcache/Python/3.7.11/x64/include/python3.7m -c playhouse/_sqlite_udf.c -o build/temp.linux-x86_64-3.7/playhouse/_sqlite_udf.o\n[Tests/cockroachdb - 3.7-2]   | gcc -pthread -shared -Wl,--rpath=/opt/hostedtoolcache/Python/3.7.11/x64/lib -Wl,--rpath=/opt/hostedtoolcache/Python/3.7.11/x64/lib build/temp.linux-x86_64-3.7/playhouse/_sqlite_udf.o -L/opt/hostedtoolcache/Python/3.7.11/x64/lib -lpython3.7m -o /tmp/de65f406-fe28-11ed-a890-af2cc187fc11/coleifer-peewee/playhouse/_sqlite_udf.cpython-37m-x86_64-linux-gnu.so\n[Tests/cockroachdb - 3.7-2]   | psql: error: could not connect to server: Connection refused\n[Tests/cockroachdb - 3.7-2]   | \tIs the server running on host \"127.0.0.1\" and accepting\n[Tests/cockroachdb - 3.7-2]   | \tTCP/IP connections on port 5432?\n[Tests/cockroachdb - 3.7-2]   \u274c  Failure - Main deps\n[Tests/cockroachdb - 3.7-2] exitcode '2': failure\n[Tests/cockroachdb - 3.7-2] \ud83c\udfc1  Job failed\n[Tests/sqlite - 2.7-1     ]   |     Running setup.py install for apsw: finished with status 'done'\n[Tests/sqlite - 2.7-1     ]   |     Running setup.py install for mysql-connector: started\n[Tests/sqlite - 2.7-1     ]   |     Running setup.py install for mysql-connector: finished with status 'done'\n[Tests/sqlite - 2.7-1     ]   | Successfully installed apsw-3.9.2.post1 cython-0.29.35 mysql-connector-2.2.9 psycopg2-binary-2.8.6 pymysql-0.10.1\n[Tests/sqlite - 2.7-1     ]   | running build_ext\n[Tests/sqlite - 2.7-1     ]   | building 'playhouse._sqlite_ext' extension\n[Tests/sqlite - 2.7-1     ]   | creating build/temp.linux-x86_64-2.7\n[Tests/sqlite - 2.7-1     ]   | creating build/temp.linux-x86_64-2.7/playhouse\n[Tests/sqlite - 2.7-1     ]   | gcc -pthread -fno-strict-aliasing -g -O2 -DNDEBUG -g -fwrapv -O3 -Wall -Wstrict-prototypes -fPIC -Iplayhouse -I/opt/hostedtoolcache/Python/2.7.18/x64/include/python2.7 -c playhouse/_sqlite_ext.c -o build/temp.linux-x86_64-2.7/playhouse/_sqlite_ext.o\n[Tests/sqlite - 2.7-1     ]   | gcc -pthread -shared -Wl,--rpath=/opt/hostedtoolcache/Python/2.7.18/x64/lib build/temp.linux-x86_64-2.7/playhouse/_sqlite_ext.o -L/opt/hostedtoolcache/Python/2.7.18/x64/lib -lsqlite3 -lpython2.7 -o /tmp/de65f406-fe28-11ed-a890-af2cc187fc11/coleifer-peewee/playhouse/_sqlite_ext.so\n[Tests/sqlite - 2.7-1     ]   | building 'playhouse._sqlite_udf' extension\n[Tests/sqlite - 2.7-1     ]   | gcc -pthread -fno-strict-aliasing -g -O2 -DNDEBUG -g -fwrapv -O3 -Wall -Wstrict-prototypes -fPIC -I/opt/hostedtoolcache/Python/2.7.18/x64/include/python2.7 -c playhouse/_sqlite_udf.c -o build/temp.linux-x86_64-2.7/playhouse/_sqlite_udf.o\n[Tests/sqlite - 2.7-1     ]   | gcc -pthread -shared -Wl,--rpath=/opt/hostedtoolcache/Python/2.7.18/x64/lib build/temp.linux-x86_64-2.7/playhouse/_sqlite_udf.o -L/opt/hostedtoolcache/Python/2.7.18/x64/lib -lpython2.7 -o /tmp/de65f406-fe28-11ed-a890-af2cc187fc11/coleifer-peewee/playhouse/_sqlite_udf.so\n[Tests/sqlite - 2.7-1     ]   | psql: error: could not connect to server: Connection refused\n[Tests/sqlite - 2.7-1     ]   | \tIs the server running on host \"127.0.0.1\" and accepting\n[Tests/sqlite - 2.7-1     ]   | \tTCP/IP connections on port 5432?\n[Tests/sqlite - 2.7-1     ]   \u274c  Failure - Main deps\n[Tests/sqlite - 2.7-1     ] exitcode '2': failure\n[Tests/sqlite - 2.7-1     ] \ud83c\udfc1  Job failed\n",
    "actions_stderr": "Error: Job '${{ matrix.peewee-backend }} - ${{ matrix.python-version }}' failed\n"
}