{
    "repository": "dfm/emcee",
    "clone_url": "https://github.com/dfm/emcee.git",
    "timestamp": "2023-05-29T14:17:40.923177Z",
    "clone_success": true,
    "number of actions": 1,
    "number_of_test_actions": 1,
    "actions_successful": false,
    "actions_stdout": "[Tests/lint   ] \ud83d\ude80  Start image=crawlergpt:latest\n[Tests/tests-1] \ud83d\ude80  Start image=crawlergpt:latest\n[Tests/tests-2] \ud83d\ude80  Start image=crawlergpt:latest\n[Tests/build  ] \ud83d\ude80  Start image=crawlergpt:latest\n[Tests/lint   ]   \ud83d\udc33  docker pull image=crawlergpt:latest platform= username= forcePull=false\n[Tests/build  ]   \ud83d\udc33  docker pull image=crawlergpt:latest platform= username= forcePull=false\n[Tests/tests-2]   \ud83d\udc33  docker pull image=crawlergpt:latest platform= username= forcePull=false\n[Tests/tests-1]   \ud83d\udc33  docker pull image=crawlergpt:latest platform= username= forcePull=false\n[Tests/tests-1]   \ud83d\udc33  docker create image=crawlergpt:latest platform= entrypoint=[\"tail\" \"-f\" \"/dev/null\"] cmd=[]\n[Tests/build  ]   \ud83d\udc33  docker create image=crawlergpt:latest platform= entrypoint=[\"tail\" \"-f\" \"/dev/null\"] cmd=[]\n[Tests/tests-2]   \ud83d\udc33  docker create image=crawlergpt:latest platform= entrypoint=[\"tail\" \"-f\" \"/dev/null\"] cmd=[]\n[Tests/build  ]   \ud83d\udc33  docker run image=crawlergpt:latest platform= entrypoint=[\"tail\" \"-f\" \"/dev/null\"] cmd=[]\n[Tests/tests-1]   \ud83d\udc33  docker run image=crawlergpt:latest platform= entrypoint=[\"tail\" \"-f\" \"/dev/null\"] cmd=[]\n[Tests/tests-2]   \ud83d\udc33  docker run image=crawlergpt:latest platform= entrypoint=[\"tail\" \"-f\" \"/dev/null\"] cmd=[]\n[Tests/lint   ]   \ud83d\udc33  docker create image=crawlergpt:latest platform= entrypoint=[\"tail\" \"-f\" \"/dev/null\"] cmd=[]\n[Tests/lint   ]   \ud83d\udc33  docker run image=crawlergpt:latest platform= entrypoint=[\"tail\" \"-f\" \"/dev/null\"] cmd=[]\n[Tests/tests-1]   \ud83d\udc33  docker exec cmd=[chown -R 1012:1000 /tmp/de65f406-fe28-11ed-a890-af2cc187fc11/dfm-emcee] user=0 workdir=\n[Tests/build  ]   \ud83d\udc33  docker exec cmd=[chown -R 1012:1000 /tmp/de65f406-fe28-11ed-a890-af2cc187fc11/dfm-emcee] user=0 workdir=\n[Tests/tests-2]   \ud83d\udc33  docker exec cmd=[chown -R 1012:1000 /tmp/de65f406-fe28-11ed-a890-af2cc187fc11/dfm-emcee] user=0 workdir=\n[Tests/lint   ]   \ud83d\udc33  docker exec cmd=[chown -R 1012:1000 /tmp/de65f406-fe28-11ed-a890-af2cc187fc11/dfm-emcee] user=0 workdir=\n[Tests/tests-2]   \u2601  git clone 'https://github.com/actions/setup-python' # ref=v4\n[Tests/tests-1]   \u2601  git clone 'https://github.com/actions/setup-python' # ref=v4\n[Tests/build  ]   \u2601  git clone 'https://github.com/actions/setup-python' # ref=v4\n[Tests/tests-2] \ud83e\uddea  Matrix: map[os:ubuntu-latest python-version:3.9]\n[Tests/tests-2] \u2b50 Run Main Checkout\n[Tests/tests-1] Unable to checkout bd6b4b6205c4dbad673328db7b31b7fab9e241c0: unexpected EOF\n[Tests/tests-2]   \u2705  Success - Main Checkout\n[Tests/build  ]   \u2601  git clone 'https://github.com/actions/upload-artifact' # ref=v3\n[Tests/lint   ]   \u2601  git clone 'https://github.com/actions/setup-python' # ref=v4\n[Tests/build  ] \u2b50 Run Main actions/checkout@v3\n[Tests/build  ]   \u2705  Success - Main actions/checkout@v3\n[Tests/lint   ] \u2b50 Run Main actions/checkout@v3\n[Tests/tests-2] \u2b50 Run Main Setup Python\n[Tests/lint   ]   \u2705  Success - Main actions/checkout@v3\n[Tests/tests-2]   \ud83d\udc33  docker cp src=/home/andre-silva/.cache/act/actions-setup-python@v4/ dst=/var/run/act/actions/actions-setup-python@v4/\n[Tests/build  ] \u2b50 Run Main Install Python\n[Tests/tests-2]   \ud83d\udc33  docker exec cmd=[chown -R 1012:1000 /var/run/act/actions/actions-setup-python@v4/] user=0 workdir=\n[Tests/build  ]   \ud83d\udc33  docker cp src=/home/andre-silva/.cache/act/actions-setup-python@v4/ dst=/var/run/act/actions/actions-setup-python@v4/\n[Tests/lint   ] \u2b50 Run Main Setup Python\n[Tests/lint   ]   \ud83d\udc33  docker cp src=/home/andre-silva/.cache/act/actions-setup-python@v4/ dst=/var/run/act/actions/actions-setup-python@v4/\n[Tests/build  ]   \ud83d\udc33  docker exec cmd=[chown -R 1012:1000 /var/run/act/actions/actions-setup-python@v4/] user=0 workdir=\n[Tests/lint   ]   \ud83d\udc33  docker exec cmd=[chown -R 1012:1000 /var/run/act/actions/actions-setup-python@v4/] user=0 workdir=\n[Tests/tests-1] \ud83c\udfc1  Job succeeded\n[Tests/lint   ]   \ud83d\udc33  docker exec cmd=[node /var/run/act/actions/actions-setup-python@v4/dist/setup/index.js] user= workdir=\n[Tests/build  ]   \ud83d\udc33  docker exec cmd=[node /var/run/act/actions/actions-setup-python@v4/dist/setup/index.js] user= workdir=\n[Tests/tests-2]   \ud83d\udc33  docker exec cmd=[node /var/run/act/actions/actions-setup-python@v4/dist/setup/index.js] user= workdir=\n[Tests/tests-2]   \ud83d\udcac  ::debug::Python is expected to be installed into /opt/hostedtoolcache\n[Tests/tests-2]   \u2753  ::group::Installed versions\n[Tests/tests-2]   \ud83d\udcac  ::debug::Semantic version spec of 3.9 is 3.9\n[Tests/tests-2]   \ud83d\udcac  ::debug::isExplicit: \n[Tests/tests-2]   \ud83d\udcac  ::debug::explicit? false\n[Tests/tests-2]   \ud83d\udcac  ::debug::isExplicit: 2.7.18\n[Tests/tests-2]   \ud83d\udcac  ::debug::explicit? true\n[Tests/tests-2]   \ud83d\udcac  ::debug::isExplicit: 3.5.10\n[Tests/tests-2]   \ud83d\udcac  ::debug::explicit? true\n[Tests/tests-2]   \ud83d\udcac  ::debug::isExplicit: 3.6.14\n[Tests/tests-2]   \ud83d\udcac  ::debug::explicit? true\n[Tests/tests-2]   \ud83d\udcac  ::debug::isExplicit: 3.7.11\n[Tests/tests-2]   \ud83d\udcac  ::debug::explicit? true\n[Tests/tests-2]   \ud83d\udcac  ::debug::isExplicit: 3.8.11\n[Tests/tests-2]   \ud83d\udcac  ::debug::explicit? true\n[Tests/tests-2]   \ud83d\udcac  ::debug::isExplicit: 3.9.6\n[Tests/tests-2]   \ud83d\udcac  ::debug::explicit? true\n[Tests/tests-2]   \ud83d\udcac  ::debug::evaluating 6 versions\n[Tests/tests-2]   \ud83d\udcac  ::debug::matched: 3.9.6\n[Tests/tests-2]   \ud83d\udcac  ::debug::checking cache: /opt/hostedtoolcache/Python/3.9.6/x64\n[Tests/tests-2]   \ud83d\udcac  ::debug::Found tool in cache Python 3.9.6 x64\n[Tests/tests-2]   | Successfully set up CPython (3.9.6)\n[Tests/tests-2]   \u2753  ::endgroup::\n[Tests/tests-2]   \u2753 add-matcher /run/act/actions/actions-setup-python@v4/.github/python.json\n[Tests/lint   ]   \ud83d\udcac  ::debug::Python is expected to be installed into /opt/hostedtoolcache\n[Tests/lint   ]   \u2753  ::group::Installed versions\n[Tests/lint   ]   \ud83d\udcac  ::debug::Semantic version spec of 3.9 is 3.9\n[Tests/lint   ]   \ud83d\udcac  ::debug::isExplicit: \n[Tests/lint   ]   \ud83d\udcac  ::debug::explicit? false\n[Tests/lint   ]   \ud83d\udcac  ::debug::isExplicit: 2.7.18\n[Tests/lint   ]   \ud83d\udcac  ::debug::explicit? true\n[Tests/lint   ]   \ud83d\udcac  ::debug::isExplicit: 3.5.10\n[Tests/lint   ]   \ud83d\udcac  ::debug::explicit? true\n[Tests/lint   ]   \ud83d\udcac  ::debug::isExplicit: 3.6.14\n[Tests/lint   ]   \ud83d\udcac  ::debug::explicit? true\n[Tests/lint   ]   \ud83d\udcac  ::debug::isExplicit: 3.7.11\n[Tests/lint   ]   \ud83d\udcac  ::debug::explicit? true\n[Tests/lint   ]   \ud83d\udcac  ::debug::isExplicit: 3.8.11\n[Tests/lint   ]   \ud83d\udcac  ::debug::explicit? true\n[Tests/lint   ]   \ud83d\udcac  ::debug::isExplicit: 3.9.6\n[Tests/lint   ]   \ud83d\udcac  ::debug::explicit? true\n[Tests/lint   ]   \ud83d\udcac  ::debug::evaluating 6 versions\n[Tests/lint   ]   \ud83d\udcac  ::debug::matched: 3.9.6\n[Tests/lint   ]   \ud83d\udcac  ::debug::checking cache: /opt/hostedtoolcache/Python/3.9.6/x64\n[Tests/lint   ]   \ud83d\udcac  ::debug::Found tool in cache Python 3.9.6 x64\n[Tests/build  ]   \ud83d\udcac  ::debug::Python is expected to be installed into /opt/hostedtoolcache\n[Tests/lint   ]   | Successfully set up CPython (3.9.6)\n[Tests/lint   ]   \u2753  ::endgroup::\n[Tests/build  ]   \u2753  ::group::Installed versions\n[Tests/lint   ]   \u2753 add-matcher /run/act/actions/actions-setup-python@v4/.github/python.json\n[Tests/build  ]   \ud83d\udcac  ::debug::Semantic version spec of 3.9 is 3.9\n[Tests/build  ]   \ud83d\udcac  ::debug::isExplicit: \n[Tests/build  ]   \ud83d\udcac  ::debug::explicit? false\n[Tests/build  ]   \ud83d\udcac  ::debug::isExplicit: 2.7.18\n[Tests/build  ]   \ud83d\udcac  ::debug::explicit? true\n[Tests/build  ]   \ud83d\udcac  ::debug::isExplicit: 3.5.10\n[Tests/build  ]   \ud83d\udcac  ::debug::explicit? true\n[Tests/build  ]   \ud83d\udcac  ::debug::isExplicit: 3.6.14\n[Tests/build  ]   \ud83d\udcac  ::debug::explicit? true\n[Tests/build  ]   \ud83d\udcac  ::debug::isExplicit: 3.7.11\n[Tests/build  ]   \ud83d\udcac  ::debug::explicit? true\n[Tests/build  ]   \ud83d\udcac  ::debug::isExplicit: 3.8.11\n[Tests/build  ]   \ud83d\udcac  ::debug::explicit? true\n[Tests/build  ]   \ud83d\udcac  ::debug::isExplicit: 3.9.6\n[Tests/build  ]   \ud83d\udcac  ::debug::explicit? true\n[Tests/build  ]   \ud83d\udcac  ::debug::evaluating 6 versions\n[Tests/build  ]   \ud83d\udcac  ::debug::matched: 3.9.6\n[Tests/build  ]   \ud83d\udcac  ::debug::checking cache: /opt/hostedtoolcache/Python/3.9.6/x64\n[Tests/build  ]   \ud83d\udcac  ::debug::Found tool in cache Python 3.9.6 x64\n[Tests/build  ]   | Successfully set up CPython (3.9.6)\n[Tests/build  ]   \u2753  ::endgroup::\n[Tests/build  ]   \u2753 add-matcher /run/act/actions/actions-setup-python@v4/.github/python.json\n[Tests/lint   ]   \u2705  Success - Main Setup Python\n[Tests/tests-2]   \u2705  Success - Main Setup Python\n[Tests/build  ]   \u2705  Success - Main Install Python\n[Tests/lint   ]   \u2699  ::set-env:: pythonLocation=/opt/hostedtoolcache/Python/3.9.6/x64\n[Tests/lint   ]   \u2699  ::set-env:: PKG_CONFIG_PATH=/opt/hostedtoolcache/Python/3.9.6/x64/lib/pkgconfig\n[Tests/lint   ]   \u2699  ::set-env:: Python_ROOT_DIR=/opt/hostedtoolcache/Python/3.9.6/x64\n[Tests/lint   ]   \u2699  ::set-env:: Python2_ROOT_DIR=/opt/hostedtoolcache/Python/3.9.6/x64\n[Tests/lint   ]   \u2699  ::set-env:: Python3_ROOT_DIR=/opt/hostedtoolcache/Python/3.9.6/x64\n[Tests/lint   ]   \u2699  ::set-env:: LD_LIBRARY_PATH=/opt/hostedtoolcache/Python/3.9.6/x64/lib\n[Tests/build  ]   \u2699  ::set-env:: pythonLocation=/opt/hostedtoolcache/Python/3.9.6/x64\n[Tests/build  ]   \u2699  ::set-env:: PKG_CONFIG_PATH=/opt/hostedtoolcache/Python/3.9.6/x64/lib/pkgconfig\n[Tests/build  ]   \u2699  ::set-env:: Python_ROOT_DIR=/opt/hostedtoolcache/Python/3.9.6/x64\n[Tests/build  ]   \u2699  ::set-env:: Python2_ROOT_DIR=/opt/hostedtoolcache/Python/3.9.6/x64\n[Tests/build  ]   \u2699  ::set-env:: Python3_ROOT_DIR=/opt/hostedtoolcache/Python/3.9.6/x64\n[Tests/build  ]   \u2699  ::set-env:: LD_LIBRARY_PATH=/opt/hostedtoolcache/Python/3.9.6/x64/lib\n[Tests/tests-2]   \u2699  ::set-env:: pythonLocation=/opt/hostedtoolcache/Python/3.9.6/x64\n[Tests/tests-2]   \u2699  ::set-env:: PKG_CONFIG_PATH=/opt/hostedtoolcache/Python/3.9.6/x64/lib/pkgconfig\n[Tests/tests-2]   \u2699  ::set-env:: Python_ROOT_DIR=/opt/hostedtoolcache/Python/3.9.6/x64\n[Tests/tests-2]   \u2699  ::set-env:: Python2_ROOT_DIR=/opt/hostedtoolcache/Python/3.9.6/x64\n[Tests/tests-2]   \u2699  ::set-env:: Python3_ROOT_DIR=/opt/hostedtoolcache/Python/3.9.6/x64\n[Tests/tests-2]   \u2699  ::set-env:: LD_LIBRARY_PATH=/opt/hostedtoolcache/Python/3.9.6/x64/lib\n[Tests/lint   ]   \u2699  ::set-output:: python-version=3.9.6\n[Tests/lint   ]   \u2699  ::set-output:: python-path=/opt/hostedtoolcache/Python/3.9.6/x64/bin/python\n[Tests/tests-2]   \u2699  ::set-output:: python-version=3.9.6\n[Tests/tests-2]   \u2699  ::set-output:: python-path=/opt/hostedtoolcache/Python/3.9.6/x64/bin/python\n[Tests/build  ]   \u2699  ::set-output:: python-version=3.9.6\n[Tests/build  ]   \u2699  ::set-output:: python-path=/opt/hostedtoolcache/Python/3.9.6/x64/bin/python\n[Tests/tests-2]   \u2699  ::add-path:: /opt/hostedtoolcache/Python/3.9.6/x64\n[Tests/tests-2]   \u2699  ::add-path:: /opt/hostedtoolcache/Python/3.9.6/x64/bin\n[Tests/lint   ]   \u2699  ::add-path:: /opt/hostedtoolcache/Python/3.9.6/x64\n[Tests/lint   ]   \u2699  ::add-path:: /opt/hostedtoolcache/Python/3.9.6/x64/bin\n[Tests/build  ]   \u2699  ::add-path:: /opt/hostedtoolcache/Python/3.9.6/x64\n[Tests/build  ]   \u2699  ::add-path:: /opt/hostedtoolcache/Python/3.9.6/x64/bin\n[Tests/lint   ] \u2b50 Run Main Install dependencies\n[Tests/tests-2] \u2b50 Run Main Install dependencies\n[Tests/build  ] \u2b50 Run Main Build sdist and wheel\n[Tests/tests-2]   \ud83d\udc33  docker exec cmd=[bash --noprofile --norc -e -o pipefail /var/run/act/workflow/2] user= workdir=\n[Tests/build  ]   \ud83d\udc33  docker exec cmd=[bash --noprofile --norc -e -o pipefail /var/run/act/workflow/2] user= workdir=\n[Tests/lint   ]   \ud83d\udc33  docker exec cmd=[bash --noprofile --norc -e -o pipefail /var/run/act/workflow/2] user= workdir=\n[Tests/tests-2]   | Requirement already satisfied: pip in /opt/hostedtoolcache/Python/3.9.6/x64/lib/python3.9/site-packages (21.2.4)\n[Tests/build  ]   | Requirement already satisfied: pip in /opt/hostedtoolcache/Python/3.9.6/x64/lib/python3.9/site-packages (21.2.4)\n[Tests/lint   ]   | Requirement already satisfied: pip in /opt/hostedtoolcache/Python/3.9.6/x64/lib/python3.9/site-packages (21.2.4)\n[Tests/tests-2]   | Collecting pip\n[Tests/tests-2]   |   Downloading pip-23.1.2-py3-none-any.whl (2.1 MB)\n[Tests/tests-2]   | Installing collected packages: pip\n[Tests/tests-2]   |   Attempting uninstall: pip\n[Tests/tests-2]   |     Found existing installation: pip 21.2.4\n[Tests/lint   ]   | Collecting pip\n[Tests/build  ]   | Collecting pip\n[Tests/lint   ]   |   Downloading pip-23.1.2-py3-none-any.whl (2.1 MB)\n[Tests/build  ]   |   Downloading pip-23.1.2-py3-none-any.whl (2.1 MB)\n[Tests/lint   ]   | Installing collected packages: pip\n[Tests/lint   ]   |   Attempting uninstall: pip\n[Tests/lint   ]   |     Found existing installation: pip 21.2.4\n[Tests/build  ]   | Installing collected packages: pip\n[Tests/build  ]   |   Attempting uninstall: pip\n[Tests/build  ]   |     Found existing installation: pip 21.2.4\n[Tests/tests-2]   |     Uninstalling pip-21.2.4:\n[Tests/lint   ]   |     Uninstalling pip-21.2.4:\n[Tests/build  ]   |     Uninstalling pip-21.2.4:\n[Tests/tests-2]   |       Successfully uninstalled pip-21.2.4\n[Tests/build  ]   |       Successfully uninstalled pip-21.2.4\n[Tests/lint   ]   |       Successfully uninstalled pip-21.2.4\n[Tests/tests-2]   | Successfully installed pip-23.1.2\n[Tests/lint   ]   | Successfully installed pip-23.1.2\n[Tests/build  ]   | Successfully installed pip-23.1.2\n[Tests/tests-2]   | Collecting coveralls\n[Tests/tests-2]   |   Downloading coveralls-3.3.1-py2.py3-none-any.whl (14 kB)\n[Tests/build  ]   | Collecting build\n[Tests/lint   ]   | Collecting tox\n[Tests/build  ]   |   Downloading build-0.10.0-py3-none-any.whl (17 kB)\n[Tests/lint   ]   |   Downloading tox-4.5.2-py3-none-any.whl (148 kB)\n[Tests/lint   ]   |      \u2501\u2501\u2501\u2501\u2501\u2501\u2501\u2501\u2501\u2501\u2501\u2501\u2501\u2501\u2501\u2501\u2501\u2501\u2501\u2501\u2501\u2501\u2501\u2501\u2501\u2501\u2501\u2501\u2501\u2501\u2501\u2501\u2501\u2501\u2501\u2501\u2501\u2501\u2501 149.0/149.0 kB 6.0 MB/s eta 0:00:00\n[Tests/build  ]   | Collecting packaging>=19.0 (from build)\n[Tests/build  ]   |   Downloading packaging-23.1-py3-none-any.whl (48 kB)\n[Tests/build  ]   |      \u2501\u2501\u2501\u2501\u2501\u2501\u2501\u2501\u2501\u2501\u2501\u2501\u2501\u2501\u2501\u2501\u2501\u2501\u2501\u2501\u2501\u2501\u2501\u2501\u2501\u2501\u2501\u2501\u2501\u2501\u2501\u2501\u2501\u2501\u2501\u2501\u2501\u2501\u2501\u2501 48.9/48.9 kB 1.2 MB/s eta 0:00:00\n[Tests/lint   ]   | Collecting cachetools>=5.3 (from tox)\n[Tests/lint   ]   |   Downloading cachetools-5.3.1-py3-none-any.whl (9.3 kB)\n[Tests/build  ]   | Collecting pyproject_hooks (from build)\n[Tests/build  ]   |   Downloading pyproject_hooks-1.0.0-py3-none-any.whl (9.3 kB)\n[Tests/lint   ]   | Collecting chardet>=5.1 (from tox)\n[Tests/build  ]   | Collecting tomli>=1.1.0 (from build)\n[Tests/lint   ]   |   Downloading chardet-5.1.0-py3-none-any.whl (199 kB)\n[Tests/build  ]   |   Downloading tomli-2.0.1-py3-none-any.whl (12 kB)\n[Tests/lint   ]   |      \u2501\u2501\u2501\u2501\u2501\u2501\u2501\u2501\u2501\u2501\u2501\u2501\u2501\u2501\u2501\u2501\u2501\u2501\u2501\u2501\u2501\u2501\u2501\u2501\u2501\u2501\u2501\u2501\u2501\u2501\u2501\u2501\u2501\u2501\u2501\u2501\u2501\u2501\u2501 199.1/199.1 kB 6.8 MB/s eta 0:00:00\n[Tests/lint   ]   | Collecting colorama>=0.4.6 (from tox)\n[Tests/lint   ]   |   Downloading colorama-0.4.6-py2.py3-none-any.whl (25 kB)\n[Tests/build  ]   | Installing collected packages: tomli, packaging, pyproject_hooks, build\n[Tests/lint   ]   | Collecting filelock>=3.12 (from tox)\n[Tests/lint   ]   |   Downloading filelock-3.12.0-py3-none-any.whl (10 kB)\n[Tests/tests-2]   | Collecting coverage[toml]\n[Tests/tests-2]   |   Downloading coverage-7.2.6-cp39-cp39-manylinux_2_5_x86_64.manylinux1_x86_64.manylinux_2_17_x86_64.manylinux2014_x86_64.whl (228 kB)\n[Tests/lint   ]   | Collecting packaging>=23.1 (from tox)\n[Tests/tests-2]   |      \u2501\u2501\u2501\u2501\u2501\u2501\u2501\u2501\u2501\u2501\u2501\u2501\u2501\u2501\u2501\u2501\u2501\u2501\u2501\u2501\u2501\u2501\u2501\u2501\u2501\u2501\u2501\u2501\u2501\u2501\u2501\u2501\u2501\u2501\u2501\u2501\u2501\u2501 228.2/228.2 kB 16.8 MB/s eta 0:00:00\n[Tests/lint   ]   |   Downloading packaging-23.1-py3-none-any.whl (48 kB)\n[Tests/lint   ]   |      \u2501\u2501\u2501\u2501\u2501\u2501\u2501\u2501\u2501\u2501\u2501\u2501\u2501\u2501\u2501\u2501\u2501\u2501\u2501\u2501\u2501\u2501\u2501\u2501\u2501\u2501\u2501\u2501\u2501\u2501\u2501\u2501\u2501\u2501\u2501\u2501\u2501\u2501\u2501\u2501 48.9/48.9 kB 5.6 MB/s eta 0:00:00\n[Tests/lint   ]   | Collecting platformdirs>=3.5.1 (from tox)\n[Tests/build  ]   | Successfully installed build-0.10.0 packaging-23.1 pyproject_hooks-1.0.0 tomli-2.0.1\n[Tests/lint   ]   |   Downloading platformdirs-3.5.1-py3-none-any.whl (15 kB)\n[Tests/build  ]   | \n[Tests/build  ]   | [notice] A new release of pip is available: 21.1.3 -> 23.1.2\n[Tests/build  ]   | [notice] To update, run: pip install --upgrade pip\n[Tests/lint   ]   | Collecting pluggy>=1 (from tox)\n[Tests/lint   ]   |   Downloading pluggy-1.0.0-py2.py3-none-any.whl (13 kB)\n[Tests/tests-2]   | Collecting tox\n[Tests/tests-2]   |   Downloading tox-4.5.2-py3-none-any.whl (148 kB)\n[Tests/tests-2]   |      \u2501\u2501\u2501\u2501\u2501\u2501\u2501\u2501\u2501\u2501\u2501\u2501\u2501\u2501\u2501\u2501\u2501\u2501\u2501\u2501\u2501\u2501\u2501\u2501\u2501\u2501\u2501\u2501\u2501\u2501\u2501\u2501\u2501\u2501\u2501\u2501\u2501\u2501 149.0/149.0 kB 19.7 MB/s eta 0:00:00\n[Tests/lint   ]   | Collecting pyproject-api>=1.5.1 (from tox)\n[Tests/lint   ]   |   Downloading pyproject_api-1.5.1-py3-none-any.whl (12 kB)\n[Tests/tests-2]   | Collecting tox-gh-actions\n[Tests/tests-2]   |   Downloading tox_gh_actions-3.1.1-py2.py3-none-any.whl (9.8 kB)\n[Tests/lint   ]   | Collecting tomli>=2.0.1 (from tox)\n[Tests/lint   ]   |   Downloading tomli-2.0.1-py3-none-any.whl (12 kB)\n[Tests/build  ]   | * Creating venv isolated environment...\n[Tests/tests-2]   | Collecting coverage!=6.0.*,!=6.1,!=6.1.1,<7.0,>=4.1 (from coveralls)\n[Tests/tests-2]   |   Downloading coverage-6.5.0-cp39-cp39-manylinux_2_5_x86_64.manylinux1_x86_64.manylinux_2_17_x86_64.manylinux2014_x86_64.whl (212 kB)\n[Tests/tests-2]   |      \u2501\u2501\u2501\u2501\u2501\u2501\u2501\u2501\u2501\u2501\u2501\u2501\u2501\u2501\u2501\u2501\u2501\u2501\u2501\u2501\u2501\u2501\u2501\u2501\u2501\u2501\u2501\u2501\u2501\u2501\u2501\u2501\u2501\u2501\u2501\u2501\u2501\u2501 212.8/212.8 kB 20.0 MB/s eta 0:00:00\n[Tests/tests-2]   | Collecting docopt>=0.6.1 (from coveralls)\n[Tests/tests-2]   |   Downloading docopt-0.6.2.tar.gz (25 kB)\n[Tests/tests-2]   |   Installing build dependencies: started\n[Tests/lint   ]   | Collecting virtualenv>=20.23 (from tox)\n[Tests/lint   ]   |   Downloading virtualenv-20.23.0-py3-none-any.whl (3.3 MB)\n[Tests/lint   ]   |      \u2501\u2501\u2501\u2501\u2501\u2501\u2501\u2501\u2501\u2501\u2501\u2501\u2501\u2501\u2501\u2501\u2501\u2501\u2501\u2501\u2501\u2501\u2501\u2501\u2501\u2501\u2501\u2501\u2501\u2501\u2501\u2501\u2501\u2501\u2501\u2501\u2501\u2501\u2501\u2501 3.3/3.3 MB 30.1 MB/s eta 0:00:00\n[Tests/lint   ]   | Collecting distlib<1,>=0.3.6 (from virtualenv>=20.23->tox)\n[Tests/lint   ]   |   Downloading distlib-0.3.6-py2.py3-none-any.whl (468 kB)\n[Tests/lint   ]   |      \u2501\u2501\u2501\u2501\u2501\u2501\u2501\u2501\u2501\u2501\u2501\u2501\u2501\u2501\u2501\u2501\u2501\u2501\u2501\u2501\u2501\u2501\u2501\u2501\u2501\u2501\u2501\u2501\u2501\u2501\u2501\u2501\u2501\u2501\u2501\u2501\u2501\u2501 468.5/468.5 kB 24.8 MB/s eta 0:00:00\n[Tests/lint   ]   | Installing collected packages: distlib, tomli, pluggy, platformdirs, packaging, filelock, colorama, chardet, cachetools, virtualenv, pyproject-api, tox\n[Tests/lint   ]   | Successfully installed cachetools-5.3.1 chardet-5.1.0 colorama-0.4.6 distlib-0.3.6 filelock-3.12.0 packaging-23.1 platformdirs-3.5.1 pluggy-1.0.0 pyproject-api-1.5.1 tomli-2.0.1 tox-4.5.2 virtualenv-20.23.0\n[Tests/lint   ]   | \n[Tests/lint   ]   | [notice] A new release of pip is available: 21.1.3 -> 23.1.2\n[Tests/lint   ]   | [notice] To update, run: pip install --upgrade pip\n[Tests/lint   ]   \u2705  Success - Main Install dependencies\n[Tests/lint   ] \u2b50 Run Main Lint the code\n[Tests/tests-2]   |   Installing build dependencies: finished with status 'done'\n[Tests/tests-2]   |   Getting requirements to build wheel: started\n[Tests/lint   ]   \ud83d\udc33  docker exec cmd=[bash --noprofile --norc -e -o pipefail /var/run/act/workflow/3] user= workdir=\n[Tests/tests-2]   |   Getting requirements to build wheel: finished with status 'done'\n[Tests/tests-2]   |   Preparing metadata (pyproject.toml): started\n[Tests/tests-2]   |   Preparing metadata (pyproject.toml): finished with status 'done'\n[Tests/tests-2]   | Collecting requests>=1.0.0 (from coveralls)\n[Tests/tests-2]   |   Downloading requests-2.31.0-py3-none-any.whl (62 kB)\n[Tests/tests-2]   |      \u2501\u2501\u2501\u2501\u2501\u2501\u2501\u2501\u2501\u2501\u2501\u2501\u2501\u2501\u2501\u2501\u2501\u2501\u2501\u2501\u2501\u2501\u2501\u2501\u2501\u2501\u2501\u2501\u2501\u2501\u2501\u2501\u2501\u2501\u2501\u2501\u2501\u2501\u2501\u2501 62.6/62.6 kB 7.4 MB/s eta 0:00:00\n[Tests/tests-2]   | INFO: pip is looking at multiple versions of coverage[toml] to determine which version is compatible with other requirements. This could take a while.\n[Tests/tests-2]   | Collecting coverage[toml]\n[Tests/tests-2]   |   Downloading coverage-7.2.5-cp39-cp39-manylinux_2_5_x86_64.manylinux1_x86_64.manylinux_2_17_x86_64.manylinux2014_x86_64.whl (227 kB)\n[Tests/tests-2]   |      \u2501\u2501\u2501\u2501\u2501\u2501\u2501\u2501\u2501\u2501\u2501\u2501\u2501\u2501\u2501\u2501\u2501\u2501\u2501\u2501\u2501\u2501\u2501\u2501\u2501\u2501\u2501\u2501\u2501\u2501\u2501\u2501\u2501\u2501\u2501\u2501\u2501\u2501 227.7/227.7 kB 47.2 MB/s eta 0:00:00\n[Tests/tests-2]   |   Downloading coverage-7.2.4-cp39-cp39-manylinux_2_5_x86_64.manylinux1_x86_64.manylinux_2_17_x86_64.manylinux2014_x86_64.whl (227 kB)\n[Tests/tests-2]   |      \u2501\u2501\u2501\u2501\u2501\u2501\u2501\u2501\u2501\u2501\u2501\u2501\u2501\u2501\u2501\u2501\u2501\u2501\u2501\u2501\u2501\u2501\u2501\u2501\u2501\u2501\u2501\u2501\u2501\u2501\u2501\u2501\u2501\u2501\u2501\u2501\u2501\u2501 227.7/227.7 kB 39.4 MB/s eta 0:00:00\n[Tests/tests-2]   |   Downloading coverage-7.2.3-cp39-cp39-manylinux_2_5_x86_64.manylinux1_x86_64.manylinux_2_17_x86_64.manylinux2014_x86_64.whl (227 kB)\n[Tests/tests-2]   |      \u2501\u2501\u2501\u2501\u2501\u2501\u2501\u2501\u2501\u2501\u2501\u2501\u2501\u2501\u2501\u2501\u2501\u2501\u2501\u2501\u2501\u2501\u2501\u2501\u2501\u2501\u2501\u2501\u2501\u2501\u2501\u2501\u2501\u2501\u2501\u2501\u2501\u2501 227.5/227.5 kB 34.8 MB/s eta 0:00:00\n[Tests/tests-2]   |   Downloading coverage-7.2.2-cp39-cp39-manylinux_2_5_x86_64.manylinux1_x86_64.manylinux_2_17_x86_64.manylinux2014_x86_64.whl (227 kB)\n[Tests/tests-2]   |      \u2501\u2501\u2501\u2501\u2501\u2501\u2501\u2501\u2501\u2501\u2501\u2501\u2501\u2501\u2501\u2501\u2501\u2501\u2501\u2501\u2501\u2501\u2501\u2501\u2501\u2501\u2501\u2501\u2501\u2501\u2501\u2501\u2501\u2501\u2501\u2501\u2501\u2501 227.0/227.0 kB 28.0 MB/s eta 0:00:00\n[Tests/tests-2]   |   Downloading coverage-7.2.1-cp39-cp39-manylinux_2_5_x86_64.manylinux1_x86_64.manylinux_2_17_x86_64.manylinux2014_x86_64.whl (226 kB)\n[Tests/tests-2]   |      \u2501\u2501\u2501\u2501\u2501\u2501\u2501\u2501\u2501\u2501\u2501\u2501\u2501\u2501\u2501\u2501\u2501\u2501\u2501\u2501\u2501\u2501\u2501\u2501\u2501\u2501\u2501\u2501\u2501\u2501\u2501\u2501\u2501\u2501\u2501\u2501\u2501\u2501 226.9/226.9 kB 33.7 MB/s eta 0:00:00\n[Tests/tests-2]   |   Downloading coverage-7.2.0-cp39-cp39-manylinux_2_5_x86_64.manylinux1_x86_64.manylinux_2_17_x86_64.manylinux2014_x86_64.whl (226 kB)\n[Tests/tests-2]   |      \u2501\u2501\u2501\u2501\u2501\u2501\u2501\u2501\u2501\u2501\u2501\u2501\u2501\u2501\u2501\u2501\u2501\u2501\u2501\u2501\u2501\u2501\u2501\u2501\u2501\u2501\u2501\u2501\u2501\u2501\u2501\u2501\u2501\u2501\u2501\u2501\u2501\u2501 226.9/226.9 kB 35.7 MB/s eta 0:00:00\n[Tests/tests-2]   |   Downloading coverage-7.1.0-cp39-cp39-manylinux_2_5_x86_64.manylinux1_x86_64.manylinux_2_17_x86_64.manylinux2014_x86_64.whl (226 kB)\n[Tests/tests-2]   |      \u2501\u2501\u2501\u2501\u2501\u2501\u2501\u2501\u2501\u2501\u2501\u2501\u2501\u2501\u2501\u2501\u2501\u2501\u2501\u2501\u2501\u2501\u2501\u2501\u2501\u2501\u2501\u2501\u2501\u2501\u2501\u2501\u2501\u2501\u2501\u2501\u2501\u2501 226.2/226.2 kB 27.8 MB/s eta 0:00:00\n[Tests/tests-2]   | INFO: pip is looking at multiple versions of coverage[toml] to determine which version is compatible with other requirements. This could take a while.\n[Tests/tests-2]   |   Downloading coverage-7.0.5-cp39-cp39-manylinux_2_5_x86_64.manylinux1_x86_64.manylinux_2_17_x86_64.manylinux2014_x86_64.whl (225 kB)\n[Tests/tests-2]   |      \u2501\u2501\u2501\u2501\u2501\u2501\u2501\u2501\u2501\u2501\u2501\u2501\u2501\u2501\u2501\u2501\u2501\u2501\u2501\u2501\u2501\u2501\u2501\u2501\u2501\u2501\u2501\u2501\u2501\u2501\u2501\u2501\u2501\u2501\u2501\u2501\u2501\u2501 225.4/225.4 kB 38.1 MB/s eta 0:00:00\n[Tests/tests-2]   |   Downloading coverage-7.0.4-cp39-cp39-manylinux_2_5_x86_64.manylinux1_x86_64.manylinux_2_17_x86_64.manylinux2014_x86_64.whl (224 kB)\n[Tests/tests-2]   |      \u2501\u2501\u2501\u2501\u2501\u2501\u2501\u2501\u2501\u2501\u2501\u2501\u2501\u2501\u2501\u2501\u2501\u2501\u2501\u2501\u2501\u2501\u2501\u2501\u2501\u2501\u2501\u2501\u2501\u2501\u2501\u2501\u2501\u2501\u2501\u2501\u2501\u2501 224.9/224.9 kB 25.4 MB/s eta 0:00:00\n[Tests/tests-2]   |   Downloading coverage-7.0.3-cp39-cp39-manylinux_2_5_x86_64.manylinux1_x86_64.manylinux_2_17_x86_64.manylinux2014_x86_64.whl (224 kB)\n[Tests/tests-2]   |      \u2501\u2501\u2501\u2501\u2501\u2501\u2501\u2501\u2501\u2501\u2501\u2501\u2501\u2501\u2501\u2501\u2501\u2501\u2501\u2501\u2501\u2501\u2501\u2501\u2501\u2501\u2501\u2501\u2501\u2501\u2501\u2501\u2501\u2501\u2501\u2501\u2501\u2501\u2501 224.3/224.3 kB 5.0 MB/s eta 0:00:00\n[Tests/tests-2]   |   Downloading coverage-7.0.2-cp39-cp39-manylinux_2_5_x86_64.manylinux1_x86_64.manylinux_2_17_x86_64.manylinux2014_x86_64.whl (223 kB)\n[Tests/tests-2]   |      \u2501\u2501\u2501\u2501\u2501\u2501\u2501\u2501\u2501\u2501\u2501\u2501\u2501\u2501\u2501\u2501\u2501\u2501\u2501\u2501\u2501\u2501\u2501\u2501\u2501\u2501\u2501\u2501\u2501\u2501\u2501\u2501\u2501\u2501\u2501\u2501\u2501\u2501\u2501 223.9/223.9 kB 9.4 MB/s eta 0:00:00\n[Tests/tests-2]   |   Downloading coverage-7.0.1-cp39-cp39-manylinux_2_5_x86_64.manylinux1_x86_64.manylinux_2_17_x86_64.manylinux2014_x86_64.whl (215 kB)\n[Tests/tests-2]   |      \u2501\u2501\u2501\u2501\u2501\u2501\u2501\u2501\u2501\u2501\u2501\u2501\u2501\u2501\u2501\u2501\u2501\u2501\u2501\u2501\u2501\u2501\u2501\u2501\u2501\u2501\u2501\u2501\u2501\u2501\u2501\u2501\u2501\u2501\u2501\u2501\u2501\u2501\u2501 215.6/215.6 kB 3.3 MB/s eta 0:00:00\n[Tests/tests-2]   | INFO: This is taking longer than usual. You might need to provide the dependency resolver with stricter constraints to reduce runtime. See https://pip.pypa.io/warnings/backtracking for guidance. If you want to abort this run, press Ctrl + C.\n[Tests/tests-2]   |   Downloading coverage-7.0.0-cp39-cp39-manylinux_2_5_x86_64.manylinux1_x86_64.manylinux_2_17_x86_64.manylinux2014_x86_64.whl (215 kB)\n[Tests/tests-2]   |      \u2501\u2501\u2501\u2501\u2501\u2501\u2501\u2501\u2501\u2501\u2501\u2501\u2501\u2501\u2501\u2501\u2501\u2501\u2501\u2501\u2501\u2501\u2501\u2501\u2501\u2501\u2501\u2501\u2501\u2501\u2501\u2501\u2501\u2501\u2501\u2501\u2501\u2501 215.5/215.5 kB 13.4 MB/s eta 0:00:00\n[Tests/tests-2]   | Collecting tomli (from coverage!=6.0.*,!=6.1,!=6.1.1,<7.0,>=4.1->coveralls)\n[Tests/tests-2]   |   Downloading tomli-2.0.1-py3-none-any.whl (12 kB)\n[Tests/tests-2]   | Collecting cachetools>=5.3 (from tox)\n[Tests/tests-2]   |   Downloading cachetools-5.3.1-py3-none-any.whl (9.3 kB)\n[Tests/tests-2]   | Collecting chardet>=5.1 (from tox)\n[Tests/tests-2]   |   Downloading chardet-5.1.0-py3-none-any.whl (199 kB)\n[Tests/tests-2]   |      \u2501\u2501\u2501\u2501\u2501\u2501\u2501\u2501\u2501\u2501\u2501\u2501\u2501\u2501\u2501\u2501\u2501\u2501\u2501\u2501\u2501\u2501\u2501\u2501\u2501\u2501\u2501\u2501\u2501\u2501\u2501\u2501\u2501\u2501\u2501\u2501\u2501\u2501 199.1/199.1 kB 29.0 MB/s eta 0:00:00\n[Tests/tests-2]   | Collecting colorama>=0.4.6 (from tox)\n[Tests/tests-2]   |   Downloading colorama-0.4.6-py2.py3-none-any.whl (25 kB)\n[Tests/tests-2]   | Collecting filelock>=3.12 (from tox)\n[Tests/tests-2]   |   Downloading filelock-3.12.0-py3-none-any.whl (10 kB)\n[Tests/build  ]   | * Installing packages in isolated environment... (setuptools>=40.6.0, setuptools_scm, wheel)\n[Tests/tests-2]   | Collecting packaging>=23.1 (from tox)\n[Tests/tests-2]   |   Downloading packaging-23.1-py3-none-any.whl (48 kB)\n[Tests/tests-2]   |      \u2501\u2501\u2501\u2501\u2501\u2501\u2501\u2501\u2501\u2501\u2501\u2501\u2501\u2501\u2501\u2501\u2501\u2501\u2501\u2501\u2501\u2501\u2501\u2501\u2501\u2501\u2501\u2501\u2501\u2501\u2501\u2501\u2501\u2501\u2501\u2501\u2501\u2501\u2501\u2501 48.9/48.9 kB 2.1 MB/s eta 0:00:00\n[Tests/tests-2]   | Collecting platformdirs>=3.5.1 (from tox)\n[Tests/tests-2]   |   Downloading platformdirs-3.5.1-py3-none-any.whl (15 kB)\n[Tests/tests-2]   | Collecting pluggy>=1 (from tox)\n[Tests/tests-2]   |   Downloading pluggy-1.0.0-py2.py3-none-any.whl (13 kB)\n[Tests/tests-2]   | Collecting pyproject-api>=1.5.1 (from tox)\n[Tests/tests-2]   |   Downloading pyproject_api-1.5.1-py3-none-any.whl (12 kB)\n[Tests/tests-2]   | Collecting virtualenv>=20.23 (from tox)\n[Tests/tests-2]   |   Downloading virtualenv-20.23.0-py3-none-any.whl (3.3 MB)\n[Tests/tests-2]   |      \u2501\u2501\u2501\u2501\u2501\u2501\u2501\u2501\u2501\u2501\u2501\u2501\u2501\u2501\u2501\u2501\u2501\u2501\u2501\u2501\u2501\u2501\u2501\u2501\u2501\u2501\u2501\u2501\u2501\u2501\u2501\u2501\u2501\u2501\u2501\u2501\u2501\u2501\u2501\u2501 3.3/3.3 MB 37.5 MB/s eta 0:00:00\n[Tests/tests-2]   | Collecting charset-normalizer<4,>=2 (from requests>=1.0.0->coveralls)\n[Tests/tests-2]   |   Downloading charset_normalizer-3.1.0-cp39-cp39-manylinux_2_17_x86_64.manylinux2014_x86_64.whl (199 kB)\n[Tests/tests-2]   |      \u2501\u2501\u2501\u2501\u2501\u2501\u2501\u2501\u2501\u2501\u2501\u2501\u2501\u2501\u2501\u2501\u2501\u2501\u2501\u2501\u2501\u2501\u2501\u2501\u2501\u2501\u2501\u2501\u2501\u2501\u2501\u2501\u2501\u2501\u2501\u2501\u2501\u2501\u2501 199.2/199.2 kB 7.1 MB/s eta 0:00:00\n[Tests/tests-2]   | Collecting idna<4,>=2.5 (from requests>=1.0.0->coveralls)\n[Tests/tests-2]   |   Downloading idna-3.4-py3-none-any.whl (61 kB)\n[Tests/tests-2]   |      \u2501\u2501\u2501\u2501\u2501\u2501\u2501\u2501\u2501\u2501\u2501\u2501\u2501\u2501\u2501\u2501\u2501\u2501\u2501\u2501\u2501\u2501\u2501\u2501\u2501\u2501\u2501\u2501\u2501\u2501\u2501\u2501\u2501\u2501\u2501\u2501\u2501\u2501\u2501\u2501 61.5/61.5 kB 2.5 MB/s eta 0:00:00\n[Tests/tests-2]   | Collecting urllib3<3,>=1.21.1 (from requests>=1.0.0->coveralls)\n[Tests/tests-2]   |   Downloading urllib3-2.0.2-py3-none-any.whl (123 kB)\n[Tests/tests-2]   |      \u2501\u2501\u2501\u2501\u2501\u2501\u2501\u2501\u2501\u2501\u2501\u2501\u2501\u2501\u2501\u2501\u2501\u2501\u2501\u2501\u2501\u2501\u2501\u2501\u2501\u2501\u2501\u2501\u2501\u2501\u2501\u2501\u2501\u2501\u2501\u2501\u2501\u2501 123.2/123.2 kB 18.6 MB/s eta 0:00:00\n[Tests/tests-2]   | Collecting certifi>=2017.4.17 (from requests>=1.0.0->coveralls)\n[Tests/tests-2]   |   Downloading certifi-2023.5.7-py3-none-any.whl (156 kB)\n[Tests/tests-2]   |      \u2501\u2501\u2501\u2501\u2501\u2501\u2501\u2501\u2501\u2501\u2501\u2501\u2501\u2501\u2501\u2501\u2501\u2501\u2501\u2501\u2501\u2501\u2501\u2501\u2501\u2501\u2501\u2501\u2501\u2501\u2501\u2501\u2501\u2501\u2501\u2501\u2501\u2501\u2501 157.0/157.0 kB 7.7 MB/s eta 0:00:00\n[Tests/tests-2]   | Collecting distlib<1,>=0.3.6 (from virtualenv>=20.23->tox)\n[Tests/tests-2]   |   Downloading distlib-0.3.6-py2.py3-none-any.whl (468 kB)\n[Tests/tests-2]   |      \u2501\u2501\u2501\u2501\u2501\u2501\u2501\u2501\u2501\u2501\u2501\u2501\u2501\u2501\u2501\u2501\u2501\u2501\u2501\u2501\u2501\u2501\u2501\u2501\u2501\u2501\u2501\u2501\u2501\u2501\u2501\u2501\u2501\u2501\u2501\u2501\u2501\u2501 468.5/468.5 kB 35.4 MB/s eta 0:00:00\n[Tests/tests-2]   | Building wheels for collected packages: docopt\n[Tests/tests-2]   |   Building wheel for docopt (pyproject.toml): started\n[Tests/lint   ]   | OCI runtime exec failed: exec failed: unable to start container process: error executing setns process: exit status 1: unknown\r\n[Tests/lint   ]   \u274c  Failure - Main Lint the code\n[Tests/tests-2]   |   Building wheel for docopt (pyproject.toml): finished with status 'done'\n[Tests/tests-2]   |   Created wheel for docopt: filename=docopt-0.6.2-py2.py3-none-any.whl size=13707 sha256=236dcef710228221ca0caf125fcb18b51175de2e99975396f3a6b288a7d9a3eb\n[Tests/tests-2]   |   Stored in directory: /home/runneradmin/.cache/pip/wheels/70/4a/46/1309fc853b8d395e60bafaf1b6df7845bdd82c95fd59dd8d2b\n[Tests/tests-2]   | Successfully built docopt\n[Tests/tests-2]   | Installing collected packages: docopt, distlib, urllib3, tomli, pluggy, platformdirs, packaging, idna, filelock, coverage, colorama, charset-normalizer, chardet, certifi, cachetools, virtualenv, requests, pyproject-api, tox, coveralls, tox-gh-actions\n[Tests/build  ]   | * Getting build dependencies for sdist...\n[Tests/build  ]   | * Installing packages in isolated environment... (setuptools>=40.6.0, setuptools_scm, wheel)\n[Tests/tests-2]   | Successfully installed cachetools-5.3.1 certifi-2023.5.7 chardet-5.1.0 charset-normalizer-3.1.0 colorama-0.4.6 coverage-6.5.0 coveralls-3.3.1 distlib-0.3.6 docopt-0.6.2 filelock-3.12.0 idna-3.4 packaging-23.1 platformdirs-3.5.1 pluggy-1.0.0 pyproject-api-1.5.1 requests-2.31.0 tomli-2.0.1 tox-4.5.2 tox-gh-actions-3.1.1 urllib3-2.0.2 virtualenv-20.23.0\n[Tests/tests-2]   | \n[Tests/tests-2]   | [notice] A new release of pip is available: 21.1.3 -> 23.1.2\n[Tests/tests-2]   | [notice] To update, run: pip install --upgrade pip\n[Tests/build  ]   | * Building sdist...\n[Tests/tests-2]   \u2705  Success - Main Install dependencies\n[Tests/build  ]   | running sdist\n[Tests/build  ]   | running egg_info\n[Tests/build  ]   | creating src/emcee.egg-info\n[Tests/build  ]   | writing src/emcee.egg-info/PKG-INFO\n[Tests/build  ]   | writing dependency_links to src/emcee.egg-info/dependency_links.txt\n[Tests/build  ]   | writing requirements to src/emcee.egg-info/requires.txt\n[Tests/build  ]   | writing top-level names to src/emcee.egg-info/top_level.txt\n[Tests/build  ]   | writing manifest file 'src/emcee.egg-info/SOURCES.txt'\n[Tests/build  ]   | reading manifest template 'MANIFEST.in'\n[Tests/build  ]   | adding license file 'LICENSE'\n[Tests/build  ]   | adding license file 'AUTHORS.rst'\n[Tests/build  ]   | writing manifest file 'src/emcee.egg-info/SOURCES.txt'\n[Tests/build  ]   | running check\n[Tests/build  ]   | creating emcee-3.1.5.dev5+g5471ce2\n[Tests/build  ]   | creating emcee-3.1.5.dev5+g5471ce2/.github\n[Tests/build  ]   | creating emcee-3.1.5.dev5+g5471ce2/.github/workflows\n[Tests/build  ]   | creating emcee-3.1.5.dev5+g5471ce2/binder\n[Tests/build  ]   | creating emcee-3.1.5.dev5+g5471ce2/docs\n[Tests/build  ]   | creating emcee-3.1.5.dev5+g5471ce2/docs/_static\n[Tests/build  ]   | creating emcee-3.1.5.dev5+g5471ce2/docs/_static/line\n[Tests/build  ]   | creating emcee-3.1.5.dev5+g5471ce2/docs/tutorials\n[Tests/build  ]   | creating emcee-3.1.5.dev5+g5471ce2/docs/user\n[Tests/build  ]   | creating emcee-3.1.5.dev5+g5471ce2/document\n[Tests/build  ]   | creating emcee-3.1.5.dev5+g5471ce2/document/plots\n[Tests/build  ]   | creating emcee-3.1.5.dev5+g5471ce2/joss\n[Tests/build  ]   | creating emcee-3.1.5.dev5+g5471ce2/src\n[Tests/build  ]   | creating emcee-3.1.5.dev5+g5471ce2/src/emcee\n[Tests/build  ]   | creating emcee-3.1.5.dev5+g5471ce2/src/emcee.egg-info\n[Tests/build  ]   | creating emcee-3.1.5.dev5+g5471ce2/src/emcee/backends\n[Tests/build  ]   | creating emcee-3.1.5.dev5+g5471ce2/src/emcee/moves\n[Tests/build  ]   | creating emcee-3.1.5.dev5+g5471ce2/src/emcee/tests\n[Tests/build  ]   | creating emcee-3.1.5.dev5+g5471ce2/src/emcee/tests/integration\n[Tests/build  ]   | creating emcee-3.1.5.dev5+g5471ce2/src/emcee/tests/unit\n[Tests/build  ]   | copying files to emcee-3.1.5.dev5+g5471ce2...\n[Tests/build  ]   | copying .gitattributes -> emcee-3.1.5.dev5+g5471ce2\n[Tests/build  ]   | copying .gitignore -> emcee-3.1.5.dev5+g5471ce2\n[Tests/build  ]   | copying .pre-commit-config.yaml -> emcee-3.1.5.dev5+g5471ce2\n[Tests/build  ]   | copying AUTHORS.rst -> emcee-3.1.5.dev5+g5471ce2\n[Tests/build  ]   | copying CODE_OF_CONDUCT.md -> emcee-3.1.5.dev5+g5471ce2\n[Tests/build  ]   | copying CONTRIBUTING.md -> emcee-3.1.5.dev5+g5471ce2\n[Tests/build  ]   | copying HISTORY.rst -> emcee-3.1.5.dev5+g5471ce2\n[Tests/build  ]   | copying LICENSE -> emcee-3.1.5.dev5+g5471ce2\n[Tests/build  ]   | copying MANIFEST.in -> emcee-3.1.5.dev5+g5471ce2\n[Tests/build  ]   | copying README.rst -> emcee-3.1.5.dev5+g5471ce2\n[Tests/build  ]   | copying VISION.md -> emcee-3.1.5.dev5+g5471ce2\n[Tests/build  ]   | copying pyproject.toml -> emcee-3.1.5.dev5+g5471ce2\n[Tests/build  ]   | copying readthedocs.yml -> emcee-3.1.5.dev5+g5471ce2\n[Tests/build  ]   | copying setup.py -> emcee-3.1.5.dev5+g5471ce2\n[Tests/build  ]   | copying tox.ini -> emcee-3.1.5.dev5+g5471ce2\n[Tests/build  ]   | copying .github/ISSUE_TEMPLATE.md -> emcee-3.1.5.dev5+g5471ce2/.github\n[Tests/build  ]   | copying .github/dependabot.yml -> emcee-3.1.5.dev5+g5471ce2/.github\n[Tests/build  ]   | copying .github/workflows/tests.yml -> emcee-3.1.5.dev5+g5471ce2/.github/workflows\n[Tests/build  ]   | copying binder/environment.yml -> emcee-3.1.5.dev5+g5471ce2/binder\n[Tests/build  ]   | copying docs/.gitignore -> emcee-3.1.5.dev5+g5471ce2/docs\n[Tests/build  ]   | copying docs/Makefile -> emcee-3.1.5.dev5+g5471ce2/docs\n[Tests/build  ]   | copying docs/conf.py -> emcee-3.1.5.dev5+g5471ce2/docs\n[Tests/build  ]   | copying docs/fix_internal_links.py -> emcee-3.1.5.dev5+g5471ce2/docs\n[Tests/build  ]   | copying docs/index.rst -> emcee-3.1.5.dev5+g5471ce2/docs\n[Tests/build  ]   | copying docs/requirements.txt -> emcee-3.1.5.dev5+g5471ce2/docs\n[Tests/build  ]   | copying docs/_static/favicon.png -> emcee-3.1.5.dev5+g5471ce2/docs/_static\n[Tests/build  ]   | copying docs/_static/logo-sidebar.png -> emcee-3.1.5.dev5+g5471ce2/docs/_static\n[Tests/build  ]   | copying docs/_static/logo.pxm -> emcee-3.1.5.dev5+g5471ce2/docs/_static\n[Tests/build  ]   | copying docs/_static/logo2.png -> emcee-3.1.5.dev5+g5471ce2/docs/_static\n[Tests/build  ]   | copying docs/_static/logo2.pxm -> emcee-3.1.5.dev5+g5471ce2/docs/_static\n[Tests/build  ]   | copying docs/_static/line/line-data.png -> emcee-3.1.5.dev5+g5471ce2/docs/_static/line\n[Tests/build  ]   | copying docs/_static/line/line-least-squares.png -> emcee-3.1.5.dev5+g5471ce2/docs/_static/line\n[Tests/build  ]   | copying docs/_static/line/line-max-likelihood.png -> emcee-3.1.5.dev5+g5471ce2/docs/_static/line\n[Tests/build  ]   | copying docs/_static/line/line-mcmc.png -> emcee-3.1.5.dev5+g5471ce2/docs/_static/line\n[Tests/build  ]   | copying docs/_static/line/line-time.png -> emcee-3.1.5.dev5+g5471ce2/docs/_static/line\n[Tests/build  ]   | copying docs/_static/line/line-triangle.png -> emcee-3.1.5.dev5+g5471ce2/docs/_static/line\n[Tests/build  ]   | copying docs/tutorials/autocorr.ipynb -> emcee-3.1.5.dev5+g5471ce2/docs/tutorials\n[Tests/build  ]   | copying docs/tutorials/line.ipynb -> emcee-3.1.5.dev5+g5471ce2/docs/tutorials\n[Tests/build  ]   | copying docs/tutorials/monitor.ipynb -> emcee-3.1.5.dev5+g5471ce2/docs/tutorials\n[Tests/build  ]   | copying docs/tutorials/moves.ipynb -> emcee-3.1.5.dev5+g5471ce2/docs/tutorials\n[Tests/build  ]   | copying docs/tutorials/parallel.ipynb -> emcee-3.1.5.dev5+g5471ce2/docs/tutorials\n[Tests/build  ]   | copying docs/tutorials/quickstart.ipynb -> emcee-3.1.5.dev5+g5471ce2/docs/tutorials\n[Tests/build  ]   | copying docs/tutorials/tutorial_rst.tpl -> emcee-3.1.5.dev5+g5471ce2/docs/tutorials\n[Tests/build  ]   | copying docs/user/autocorr.rst -> emcee-3.1.5.dev5+g5471ce2/docs/user\n[Tests/build  ]   | copying docs/user/backends.rst -> emcee-3.1.5.dev5+g5471ce2/docs/user\n[Tests/build  ]   | copying docs/user/blobs.rst -> emcee-3.1.5.dev5+g5471ce2/docs/user\n[Tests/build  ]   | copying docs/user/faq.rst -> emcee-3.1.5.dev5+g5471ce2/docs/user\n[Tests/build  ]   | copying docs/user/install.rst -> emcee-3.1.5.dev5+g5471ce2/docs/user\n[Tests/build  ]   | copying docs/user/moves.rst -> emcee-3.1.5.dev5+g5471ce2/docs/user\n[Tests/build  ]   | copying docs/user/sampler.rst -> emcee-3.1.5.dev5+g5471ce2/docs/user\n[Tests/build  ]   | copying docs/user/upgrade.rst -> emcee-3.1.5.dev5+g5471ce2/docs/user\n[Tests/build  ]   | copying document/.gitignore -> emcee-3.1.5.dev5+g5471ce2/document\n[Tests/build  ]   | copying document/Makefile -> emcee-3.1.5.dev5+g5471ce2/document\n[Tests/build  ]   | copying document/aastex.cls -> emcee-3.1.5.dev5+g5471ce2/document\n[Tests/build  ]   | copying document/ms.tex -> emcee-3.1.5.dev5+g5471ce2/document\n[Tests/build  ]   | copying document/plots/oned.py -> emcee-3.1.5.dev5+g5471ce2/document/plots\n[Tests/build  ]   | copying document/plots/plot_acor.py -> emcee-3.1.5.dev5+g5471ce2/document/plots\n[Tests/build  ]   | copying joss/.gitignore -> emcee-3.1.5.dev5+g5471ce2/joss\n[Tests/build  ]   | copying joss/make_latex.sh -> emcee-3.1.5.dev5+g5471ce2/joss\n[Tests/build  ]   | copying joss/metadata.yaml -> emcee-3.1.5.dev5+g5471ce2/joss\n[Tests/build  ]   | copying joss/paper.bib -> emcee-3.1.5.dev5+g5471ce2/joss\n[Tests/build  ]   | copying joss/paper.md -> emcee-3.1.5.dev5+g5471ce2/joss\n[Tests/build  ]   | copying joss/paper.tex -> emcee-3.1.5.dev5+g5471ce2/joss\n[Tests/build  ]   | copying src/emcee/__init__.py -> emcee-3.1.5.dev5+g5471ce2/src/emcee\n[Tests/build  ]   | copying src/emcee/autocorr.py -> emcee-3.1.5.dev5+g5471ce2/src/emcee\n[Tests/build  ]   | copying src/emcee/emcee_version.py -> emcee-3.1.5.dev5+g5471ce2/src/emcee\n[Tests/build  ]   | copying src/emcee/ensemble.py -> emcee-3.1.5.dev5+g5471ce2/src/emcee\n[Tests/build  ]   | copying src/emcee/interruptible_pool.py -> emcee-3.1.5.dev5+g5471ce2/src/emcee\n[Tests/build  ]   | copying src/emcee/model.py -> emcee-3.1.5.dev5+g5471ce2/src/emcee\n[Tests/build  ]   | copying src/emcee/mpi_pool.py -> emcee-3.1.5.dev5+g5471ce2/src/emcee\n[Tests/build  ]   | copying src/emcee/pbar.py -> emcee-3.1.5.dev5+g5471ce2/src/emcee\n[Tests/build  ]   | copying src/emcee/ptsampler.py -> emcee-3.1.5.dev5+g5471ce2/src/emcee\n[Tests/build  ]   | copying src/emcee/state.py -> emcee-3.1.5.dev5+g5471ce2/src/emcee\n[Tests/build  ]   | copying src/emcee/utils.py -> emcee-3.1.5.dev5+g5471ce2/src/emcee\n[Tests/build  ]   | copying src/emcee.egg-info/PKG-INFO -> emcee-3.1.5.dev5+g5471ce2/src/emcee.egg-info\n[Tests/build  ]   | copying src/emcee.egg-info/SOURCES.txt -> emcee-3.1.5.dev5+g5471ce2/src/emcee.egg-info\n[Tests/build  ]   | copying src/emcee.egg-info/dependency_links.txt -> emcee-3.1.5.dev5+g5471ce2/src/emcee.egg-info\n[Tests/build  ]   | copying src/emcee.egg-info/not-zip-safe -> emcee-3.1.5.dev5+g5471ce2/src/emcee.egg-info\n[Tests/build  ]   | copying src/emcee.egg-info/requires.txt -> emcee-3.1.5.dev5+g5471ce2/src/emcee.egg-info\n[Tests/build  ]   | copying src/emcee.egg-info/top_level.txt -> emcee-3.1.5.dev5+g5471ce2/src/emcee.egg-info\n[Tests/build  ]   | copying src/emcee/backends/__init__.py -> emcee-3.1.5.dev5+g5471ce2/src/emcee/backends\n[Tests/build  ]   | copying src/emcee/backends/backend.py -> emcee-3.1.5.dev5+g5471ce2/src/emcee/backends\n[Tests/build  ]   | copying src/emcee/backends/hdf.py -> emcee-3.1.5.dev5+g5471ce2/src/emcee/backends\n[Tests/build  ]   | copying src/emcee/moves/__init__.py -> emcee-3.1.5.dev5+g5471ce2/src/emcee/moves\n[Tests/build  ]   | copying src/emcee/moves/de.py -> emcee-3.1.5.dev5+g5471ce2/src/emcee/moves\n[Tests/build  ]   | copying src/emcee/moves/de_snooker.py -> emcee-3.1.5.dev5+g5471ce2/src/emcee/moves\n[Tests/build  ]   | copying src/emcee/moves/gaussian.py -> emcee-3.1.5.dev5+g5471ce2/src/emcee/moves\n[Tests/build  ]   | copying src/emcee/moves/kde.py -> emcee-3.1.5.dev5+g5471ce2/src/emcee/moves\n[Tests/build  ]   | copying src/emcee/moves/mh.py -> emcee-3.1.5.dev5+g5471ce2/src/emcee/moves\n[Tests/build  ]   | copying src/emcee/moves/move.py -> emcee-3.1.5.dev5+g5471ce2/src/emcee/moves\n[Tests/build  ]   | copying src/emcee/moves/red_blue.py -> emcee-3.1.5.dev5+g5471ce2/src/emcee/moves\n[Tests/build  ]   | copying src/emcee/moves/stretch.py -> emcee-3.1.5.dev5+g5471ce2/src/emcee/moves\n[Tests/build  ]   | copying src/emcee/moves/walk.py -> emcee-3.1.5.dev5+g5471ce2/src/emcee/moves\n[Tests/build  ]   | copying src/emcee/tests/__init__.py -> emcee-3.1.5.dev5+g5471ce2/src/emcee/tests\n[Tests/build  ]   | copying src/emcee/tests/integration/__init__.py -> emcee-3.1.5.dev5+g5471ce2/src/emcee/tests/integration\n[Tests/build  ]   | copying src/emcee/tests/integration/test_de.py -> emcee-3.1.5.dev5+g5471ce2/src/emcee/tests/integration\n[Tests/build  ]   | copying src/emcee/tests/integration/test_de_snooker.py -> emcee-3.1.5.dev5+g5471ce2/src/emcee/tests/integration\n[Tests/build  ]   | copying src/emcee/tests/integration/test_gaussian.py -> emcee-3.1.5.dev5+g5471ce2/src/emcee/tests/integration\n[Tests/build  ]   | copying src/emcee/tests/integration/test_kde.py -> emcee-3.1.5.dev5+g5471ce2/src/emcee/tests/integration\n[Tests/build  ]   | copying src/emcee/tests/integration/test_longdouble.py -> emcee-3.1.5.dev5+g5471ce2/src/emcee/tests/integration\n[Tests/build  ]   | copying src/emcee/tests/integration/test_proposal.py -> emcee-3.1.5.dev5+g5471ce2/src/emcee/tests/integration\n[Tests/build  ]   | copying src/emcee/tests/integration/test_stretch.py -> emcee-3.1.5.dev5+g5471ce2/src/emcee/tests/integration\n[Tests/build  ]   | copying src/emcee/tests/integration/test_walk.py -> emcee-3.1.5.dev5+g5471ce2/src/emcee/tests/integration\n[Tests/build  ]   | copying src/emcee/tests/unit/__init__.py -> emcee-3.1.5.dev5+g5471ce2/src/emcee/tests/unit\n[Tests/build  ]   | copying src/emcee/tests/unit/test_autocorr.py -> emcee-3.1.5.dev5+g5471ce2/src/emcee/tests/unit\n[Tests/build  ]   | copying src/emcee/tests/unit/test_backends.py -> emcee-3.1.5.dev5+g5471ce2/src/emcee/tests/unit\n[Tests/build  ]   | copying src/emcee/tests/unit/test_blobs.py -> emcee-3.1.5.dev5+g5471ce2/src/emcee/tests/unit\n[Tests/build  ]   | copying src/emcee/tests/unit/test_ensemble.py -> emcee-3.1.5.dev5+g5471ce2/src/emcee/tests/unit\n[Tests/build  ]   | copying src/emcee/tests/unit/test_sampler.py -> emcee-3.1.5.dev5+g5471ce2/src/emcee/tests/unit\n[Tests/build  ]   | copying src/emcee/tests/unit/test_state.py -> emcee-3.1.5.dev5+g5471ce2/src/emcee/tests/unit\n[Tests/build  ]   | copying src/emcee/tests/unit/test_stretch.py -> emcee-3.1.5.dev5+g5471ce2/src/emcee/tests/unit\n[Tests/build  ]   | Writing emcee-3.1.5.dev5+g5471ce2/setup.cfg\n[Tests/build  ]   | Creating tar archive\n[Tests/build  ]   | removing 'emcee-3.1.5.dev5+g5471ce2' (and everything under it)\n[Tests/build  ]   | * Building wheel from sdist\n[Tests/build  ]   | * Creating venv isolated environment...\n[Tests/tests-2] \u2b50 Run Main Run tests\n[Tests/tests-2]   \ud83d\udc33  docker exec cmd=[bash --noprofile --norc -e -o pipefail /var/run/act/workflow/3] user= workdir=\n[Tests/build  ]   | * Installing packages in isolated environment... (setuptools>=40.6.0, setuptools_scm, wheel)\n[Tests/build  ]   | * Getting build dependencies for wheel...\n[Tests/build  ]   | * Installing packages in isolated environment... (setuptools>=40.6.0, setuptools_scm, wheel)\n[Tests/build  ]   | * Building wheel...\n[Tests/build  ]   | running bdist_wheel\n[Tests/build  ]   | running build\n[Tests/build  ]   | running build_py\n[Tests/build  ]   | creating build\n[Tests/build  ]   | creating build/lib\n[Tests/build  ]   | creating build/lib/emcee\n[Tests/build  ]   | copying src/emcee/utils.py -> build/lib/emcee\n[Tests/build  ]   | copying src/emcee/mpi_pool.py -> build/lib/emcee\n[Tests/build  ]   | copying src/emcee/state.py -> build/lib/emcee\n[Tests/build  ]   | copying src/emcee/ptsampler.py -> build/lib/emcee\n[Tests/build  ]   | copying src/emcee/autocorr.py -> build/lib/emcee\n[Tests/build  ]   | copying src/emcee/ensemble.py -> build/lib/emcee\n[Tests/build  ]   | copying src/emcee/pbar.py -> build/lib/emcee\n[Tests/build  ]   | copying src/emcee/__init__.py -> build/lib/emcee\n[Tests/build  ]   | copying src/emcee/interruptible_pool.py -> build/lib/emcee\n[Tests/build  ]   | copying src/emcee/model.py -> build/lib/emcee\n[Tests/build  ]   | copying src/emcee/emcee_version.py -> build/lib/emcee\n[Tests/build  ]   | creating build/lib/emcee/moves\n[Tests/build  ]   | copying src/emcee/moves/red_blue.py -> build/lib/emcee/moves\n[Tests/build  ]   | copying src/emcee/moves/stretch.py -> build/lib/emcee/moves\n[Tests/build  ]   | copying src/emcee/moves/move.py -> build/lib/emcee/moves\n[Tests/build  ]   | copying src/emcee/moves/de_snooker.py -> build/lib/emcee/moves\n[Tests/build  ]   | copying src/emcee/moves/walk.py -> build/lib/emcee/moves\n[Tests/build  ]   | copying src/emcee/moves/__init__.py -> build/lib/emcee/moves\n[Tests/build  ]   | copying src/emcee/moves/mh.py -> build/lib/emcee/moves\n[Tests/build  ]   | copying src/emcee/moves/kde.py -> build/lib/emcee/moves\n[Tests/build  ]   | copying src/emcee/moves/de.py -> build/lib/emcee/moves\n[Tests/build  ]   | copying src/emcee/moves/gaussian.py -> build/lib/emcee/moves\n[Tests/build  ]   | creating build/lib/emcee/tests\n[Tests/build  ]   | copying src/emcee/tests/__init__.py -> build/lib/emcee/tests\n[Tests/build  ]   | creating build/lib/emcee/backends\n[Tests/build  ]   | copying src/emcee/backends/__init__.py -> build/lib/emcee/backends\n[Tests/build  ]   | copying src/emcee/backends/hdf.py -> build/lib/emcee/backends\n[Tests/build  ]   | copying src/emcee/backends/backend.py -> build/lib/emcee/backends\n[Tests/build  ]   | creating build/lib/emcee/tests/integration\n[Tests/build  ]   | copying src/emcee/tests/integration/test_de_snooker.py -> build/lib/emcee/tests/integration\n[Tests/build  ]   | copying src/emcee/tests/integration/test_walk.py -> build/lib/emcee/tests/integration\n[Tests/build  ]   | copying src/emcee/tests/integration/test_gaussian.py -> build/lib/emcee/tests/integration\n[Tests/build  ]   | copying src/emcee/tests/integration/test_longdouble.py -> build/lib/emcee/tests/integration\n[Tests/build  ]   | copying src/emcee/tests/integration/__init__.py -> build/lib/emcee/tests/integration\n[Tests/build  ]   | copying src/emcee/tests/integration/test_stretch.py -> build/lib/emcee/tests/integration\n[Tests/build  ]   | copying src/emcee/tests/integration/test_proposal.py -> build/lib/emcee/tests/integration\n[Tests/build  ]   | copying src/emcee/tests/integration/test_kde.py -> build/lib/emcee/tests/integration\n[Tests/build  ]   | copying src/emcee/tests/integration/test_de.py -> build/lib/emcee/tests/integration\n[Tests/build  ]   | creating build/lib/emcee/tests/unit\n[Tests/build  ]   | copying src/emcee/tests/unit/test_autocorr.py -> build/lib/emcee/tests/unit\n[Tests/build  ]   | copying src/emcee/tests/unit/test_blobs.py -> build/lib/emcee/tests/unit\n[Tests/build  ]   | copying src/emcee/tests/unit/test_sampler.py -> build/lib/emcee/tests/unit\n[Tests/build  ]   | copying src/emcee/tests/unit/test_state.py -> build/lib/emcee/tests/unit\n[Tests/build  ]   | copying src/emcee/tests/unit/test_ensemble.py -> build/lib/emcee/tests/unit\n[Tests/build  ]   | copying src/emcee/tests/unit/__init__.py -> build/lib/emcee/tests/unit\n[Tests/build  ]   | copying src/emcee/tests/unit/test_backends.py -> build/lib/emcee/tests/unit\n[Tests/build  ]   | copying src/emcee/tests/unit/test_stretch.py -> build/lib/emcee/tests/unit\n[Tests/build  ]   | running egg_info\n[Tests/build  ]   | writing src/emcee.egg-info/PKG-INFO\n[Tests/build  ]   | writing dependency_links to src/emcee.egg-info/dependency_links.txt\n[Tests/build  ]   | writing requirements to src/emcee.egg-info/requires.txt\n[Tests/build  ]   | writing top-level names to src/emcee.egg-info/top_level.txt\n[Tests/build  ]   | listing git files failed - pretending there aren't any\n[Tests/build  ]   | reading manifest file 'src/emcee.egg-info/SOURCES.txt'\n[Tests/build  ]   | reading manifest template 'MANIFEST.in'\n[Tests/build  ]   | adding license file 'LICENSE'\n[Tests/build  ]   | adding license file 'AUTHORS.rst'\n[Tests/build  ]   | writing manifest file 'src/emcee.egg-info/SOURCES.txt'\n[Tests/build  ]   | installing to build/bdist.linux-x86_64/wheel\n[Tests/build  ]   | running install\n[Tests/build  ]   | running install_lib\n[Tests/build  ]   | creating build/bdist.linux-x86_64\n[Tests/build  ]   | creating build/bdist.linux-x86_64/wheel\n[Tests/build  ]   | creating build/bdist.linux-x86_64/wheel/emcee\n[Tests/build  ]   | creating build/bdist.linux-x86_64/wheel/emcee/moves\n[Tests/build  ]   | copying build/lib/emcee/moves/red_blue.py -> build/bdist.linux-x86_64/wheel/emcee/moves\n[Tests/build  ]   | copying build/lib/emcee/moves/stretch.py -> build/bdist.linux-x86_64/wheel/emcee/moves\n[Tests/build  ]   | copying build/lib/emcee/moves/move.py -> build/bdist.linux-x86_64/wheel/emcee/moves\n[Tests/build  ]   | copying build/lib/emcee/moves/de_snooker.py -> build/bdist.linux-x86_64/wheel/emcee/moves\n[Tests/build  ]   | copying build/lib/emcee/moves/walk.py -> build/bdist.linux-x86_64/wheel/emcee/moves\n[Tests/build  ]   | copying build/lib/emcee/moves/__init__.py -> build/bdist.linux-x86_64/wheel/emcee/moves\n[Tests/build  ]   | copying build/lib/emcee/moves/mh.py -> build/bdist.linux-x86_64/wheel/emcee/moves\n[Tests/build  ]   | copying build/lib/emcee/moves/kde.py -> build/bdist.linux-x86_64/wheel/emcee/moves\n[Tests/build  ]   | copying build/lib/emcee/moves/de.py -> build/bdist.linux-x86_64/wheel/emcee/moves\n[Tests/build  ]   | copying build/lib/emcee/moves/gaussian.py -> build/bdist.linux-x86_64/wheel/emcee/moves\n[Tests/build  ]   | copying build/lib/emcee/utils.py -> build/bdist.linux-x86_64/wheel/emcee\n[Tests/build  ]   | copying build/lib/emcee/mpi_pool.py -> build/bdist.linux-x86_64/wheel/emcee\n[Tests/build  ]   | copying build/lib/emcee/state.py -> build/bdist.linux-x86_64/wheel/emcee\n[Tests/build  ]   | copying build/lib/emcee/ptsampler.py -> build/bdist.linux-x86_64/wheel/emcee\n[Tests/build  ]   | copying build/lib/emcee/autocorr.py -> build/bdist.linux-x86_64/wheel/emcee\n[Tests/build  ]   | copying build/lib/emcee/ensemble.py -> build/bdist.linux-x86_64/wheel/emcee\n[Tests/build  ]   | copying build/lib/emcee/pbar.py -> build/bdist.linux-x86_64/wheel/emcee\n[Tests/build  ]   | copying build/lib/emcee/__init__.py -> build/bdist.linux-x86_64/wheel/emcee\n[Tests/build  ]   | creating build/bdist.linux-x86_64/wheel/emcee/tests\n[Tests/build  ]   | copying build/lib/emcee/tests/__init__.py -> build/bdist.linux-x86_64/wheel/emcee/tests\n[Tests/build  ]   | creating build/bdist.linux-x86_64/wheel/emcee/tests/integration\n[Tests/build  ]   | copying build/lib/emcee/tests/integration/test_de_snooker.py -> build/bdist.linux-x86_64/wheel/emcee/tests/integration\n[Tests/build  ]   | copying build/lib/emcee/tests/integration/test_walk.py -> build/bdist.linux-x86_64/wheel/emcee/tests/integration\n[Tests/build  ]   | copying build/lib/emcee/tests/integration/test_gaussian.py -> build/bdist.linux-x86_64/wheel/emcee/tests/integration\n[Tests/build  ]   | copying build/lib/emcee/tests/integration/test_longdouble.py -> build/bdist.linux-x86_64/wheel/emcee/tests/integration\n[Tests/build  ]   | copying build/lib/emcee/tests/integration/__init__.py -> build/bdist.linux-x86_64/wheel/emcee/tests/integration\n[Tests/build  ]   | copying build/lib/emcee/tests/integration/test_stretch.py -> build/bdist.linux-x86_64/wheel/emcee/tests/integration\n[Tests/build  ]   | copying build/lib/emcee/tests/integration/test_proposal.py -> build/bdist.linux-x86_64/wheel/emcee/tests/integration\n[Tests/build  ]   | copying build/lib/emcee/tests/integration/test_kde.py -> build/bdist.linux-x86_64/wheel/emcee/tests/integration\n[Tests/build  ]   | copying build/lib/emcee/tests/integration/test_de.py -> build/bdist.linux-x86_64/wheel/emcee/tests/integration\n[Tests/build  ]   | creating build/bdist.linux-x86_64/wheel/emcee/tests/unit\n[Tests/build  ]   | copying build/lib/emcee/tests/unit/test_autocorr.py -> build/bdist.linux-x86_64/wheel/emcee/tests/unit\n[Tests/build  ]   | copying build/lib/emcee/tests/unit/test_blobs.py -> build/bdist.linux-x86_64/wheel/emcee/tests/unit\n[Tests/build  ]   | copying build/lib/emcee/tests/unit/test_sampler.py -> build/bdist.linux-x86_64/wheel/emcee/tests/unit\n[Tests/build  ]   | copying build/lib/emcee/tests/unit/test_state.py -> build/bdist.linux-x86_64/wheel/emcee/tests/unit\n[Tests/build  ]   | copying build/lib/emcee/tests/unit/test_ensemble.py -> build/bdist.linux-x86_64/wheel/emcee/tests/unit\n[Tests/build  ]   | copying build/lib/emcee/tests/unit/__init__.py -> build/bdist.linux-x86_64/wheel/emcee/tests/unit\n[Tests/build  ]   | copying build/lib/emcee/tests/unit/test_backends.py -> build/bdist.linux-x86_64/wheel/emcee/tests/unit\n[Tests/build  ]   | copying build/lib/emcee/tests/unit/test_stretch.py -> build/bdist.linux-x86_64/wheel/emcee/tests/unit\n[Tests/build  ]   | creating build/bdist.linux-x86_64/wheel/emcee/backends\n[Tests/build  ]   | copying build/lib/emcee/backends/__init__.py -> build/bdist.linux-x86_64/wheel/emcee/backends\n[Tests/build  ]   | copying build/lib/emcee/backends/hdf.py -> build/bdist.linux-x86_64/wheel/emcee/backends\n[Tests/build  ]   | copying build/lib/emcee/backends/backend.py -> build/bdist.linux-x86_64/wheel/emcee/backends\n[Tests/build  ]   | copying build/lib/emcee/interruptible_pool.py -> build/bdist.linux-x86_64/wheel/emcee\n[Tests/build  ]   | copying build/lib/emcee/model.py -> build/bdist.linux-x86_64/wheel/emcee\n[Tests/build  ]   | copying build/lib/emcee/emcee_version.py -> build/bdist.linux-x86_64/wheel/emcee\n[Tests/build  ]   | running install_egg_info\n[Tests/build  ]   | Copying src/emcee.egg-info to build/bdist.linux-x86_64/wheel/emcee-3.1.5.dev5+g5471ce2-py3.9.egg-info\n[Tests/build  ]   | running install_scripts\n[Tests/build  ]   | creating build/bdist.linux-x86_64/wheel/emcee-3.1.5.dev5+g5471ce2.dist-info/WHEEL\n[Tests/build  ]   | creating '/tmp/de65f406-fe28-11ed-a890-af2cc187fc11/dfm-emcee/dist/.tmp-uuk07b4n/emcee-3.1.5.dev5+g5471ce2-py2.py3-none-any.whl' and adding 'build/bdist.linux-x86_64/wheel' to it\n[Tests/build  ]   | adding 'emcee/__init__.py'\n[Tests/build  ]   | adding 'emcee/autocorr.py'\n[Tests/build  ]   | adding 'emcee/emcee_version.py'\n[Tests/build  ]   | adding 'emcee/ensemble.py'\n[Tests/build  ]   | adding 'emcee/interruptible_pool.py'\n[Tests/build  ]   | adding 'emcee/model.py'\n[Tests/build  ]   | adding 'emcee/mpi_pool.py'\n[Tests/build  ]   | adding 'emcee/pbar.py'\n[Tests/build  ]   | adding 'emcee/ptsampler.py'\n[Tests/build  ]   | adding 'emcee/state.py'\n[Tests/build  ]   | adding 'emcee/utils.py'\n[Tests/build  ]   | adding 'emcee/backends/__init__.py'\n[Tests/build  ]   | adding 'emcee/backends/backend.py'\n[Tests/build  ]   | adding 'emcee/backends/hdf.py'\n[Tests/build  ]   | adding 'emcee/moves/__init__.py'\n[Tests/build  ]   | adding 'emcee/moves/de.py'\n[Tests/build  ]   | adding 'emcee/moves/de_snooker.py'\n[Tests/build  ]   | adding 'emcee/moves/gaussian.py'\n[Tests/build  ]   | adding 'emcee/moves/kde.py'\n[Tests/build  ]   | adding 'emcee/moves/mh.py'\n[Tests/build  ]   | adding 'emcee/moves/move.py'\n[Tests/build  ]   | adding 'emcee/moves/red_blue.py'\n[Tests/build  ]   | adding 'emcee/moves/stretch.py'\n[Tests/build  ]   | adding 'emcee/moves/walk.py'\n[Tests/build  ]   | adding 'emcee/tests/__init__.py'\n[Tests/build  ]   | adding 'emcee/tests/integration/__init__.py'\n[Tests/build  ]   | adding 'emcee/tests/integration/test_de.py'\n[Tests/build  ]   | adding 'emcee/tests/integration/test_de_snooker.py'\n[Tests/build  ]   | adding 'emcee/tests/integration/test_gaussian.py'\n[Tests/build  ]   | adding 'emcee/tests/integration/test_kde.py'\n[Tests/build  ]   | adding 'emcee/tests/integration/test_longdouble.py'\n[Tests/build  ]   | adding 'emcee/tests/integration/test_proposal.py'\n[Tests/build  ]   | adding 'emcee/tests/integration/test_stretch.py'\n[Tests/build  ]   | adding 'emcee/tests/integration/test_walk.py'\n[Tests/build  ]   | adding 'emcee/tests/unit/__init__.py'\n[Tests/build  ]   | adding 'emcee/tests/unit/test_autocorr.py'\n[Tests/build  ]   | adding 'emcee/tests/unit/test_backends.py'\n[Tests/build  ]   | adding 'emcee/tests/unit/test_blobs.py'\n[Tests/build  ]   | adding 'emcee/tests/unit/test_ensemble.py'\n[Tests/build  ]   | adding 'emcee/tests/unit/test_sampler.py'\n[Tests/build  ]   | adding 'emcee/tests/unit/test_state.py'\n[Tests/build  ]   | adding 'emcee/tests/unit/test_stretch.py'\n[Tests/build  ]   | adding 'emcee-3.1.5.dev5+g5471ce2.dist-info/AUTHORS.rst'\n[Tests/build  ]   | adding 'emcee-3.1.5.dev5+g5471ce2.dist-info/LICENSE'\n[Tests/build  ]   | adding 'emcee-3.1.5.dev5+g5471ce2.dist-info/METADATA'\n[Tests/build  ]   | adding 'emcee-3.1.5.dev5+g5471ce2.dist-info/WHEEL'\n[Tests/build  ]   | adding 'emcee-3.1.5.dev5+g5471ce2.dist-info/top_level.txt'\n[Tests/build  ]   | adding 'emcee-3.1.5.dev5+g5471ce2.dist-info/RECORD'\n[Tests/build  ]   | removing build/bdist.linux-x86_64/wheel\n[Tests/build  ]   | Successfully built emcee-3.1.5.dev5+g5471ce2.tar.gz and emcee-3.1.5.dev5+g5471ce2-py2.py3-none-any.whl\n[Tests/build  ]   \u2705  Success - Main Build sdist and wheel\n[Tests/build  ] \u2b50 Run Main actions/upload-artifact@v3\n[Tests/build  ]   \ud83d\udc33  docker cp src=/home/andre-silva/.cache/act/actions-upload-artifact@v3/ dst=/var/run/act/actions/actions-upload-artifact@v3/\n[Tests/build  ]   \ud83d\udc33  docker exec cmd=[chown -R 1012:1000 /var/run/act/actions/actions-upload-artifact@v3/] user=0 workdir=\n[Tests/lint   ] Error response from daemon: Could not find the file /var/run/act/workflow/pathcmd.txt in container 824fc59cfac493029004e1dc433eed21cdeaf2c5fa55bc535995dd54459e93a0\n[Tests/lint   ] failed to remove container: Error response from daemon: No such container: 824fc59cfac493029004e1dc433eed21cdeaf2c5fa55bc535995dd54459e93a0\n[Tests/lint   ] \ud83c\udfc1  Job failed\n[Tests/build  ]   \ud83d\udc33  docker exec cmd=[node /var/run/act/actions/actions-upload-artifact@v3/dist/index.js] user= workdir=\n[Tests/tests-2]   | ROOT: tox-gh-actions couldn't understand the parallel option. ignoring the given option: 0\n[Tests/tests-2]   | py39-extras: install_deps> python -I -m pip install 'coverage[toml]'\n[Tests/tests-2]   | .pkg: install_requires> python -I -m pip install 'setuptools>=40.6.0' setuptools_scm wheel\n[Tests/tests-2]   | .pkg: _optional_hooks> python /opt/hostedtoolcache/Python/3.9.6/x64/lib/python3.9/site-packages/pyproject_api/_backend.py True setuptools.build_meta\n[Tests/tests-2]   | .pkg: get_requires_for_build_sdist> python /opt/hostedtoolcache/Python/3.9.6/x64/lib/python3.9/site-packages/pyproject_api/_backend.py True setuptools.build_meta\n[Tests/tests-2]   | .pkg: install_requires_for_build_sdist> python -I -m pip install 'setuptools>=40.6.0' setuptools_scm wheel\n[Tests/tests-2]   | .pkg: freeze> python -m pip freeze --all\n[Tests/tests-2]   | .pkg: packaging==23.1,pip==23.1.2,setuptools==67.7.2,setuptools-scm==7.1.0,tomli==2.0.1,typing_extensions==4.6.2,wheel==0.40.0\n[Tests/tests-2]   | .pkg: prepare_metadata_for_build_wheel> python /opt/hostedtoolcache/Python/3.9.6/x64/lib/python3.9/site-packages/pyproject_api/_backend.py True setuptools.build_meta\n[Tests/tests-2]   | .pkg: build_sdist> python /opt/hostedtoolcache/Python/3.9.6/x64/lib/python3.9/site-packages/pyproject_api/_backend.py True setuptools.build_meta\n[Tests/tests-2]   | py39-extras: install_package_deps> python -I -m pip install 'coverage[toml]' h5py numpy pytest pytest-cov scipy\n[Tests/tests-2]   | py39-extras: install_package> python -I -m pip install --force-reinstall --no-deps /tmp/de65f406-fe28-11ed-a890-af2cc187fc11/dfm-emcee/.tox/.tmp/package/1/emcee-3.1.5.dev5+g5471ce2.tar.gz\n[Tests/build  ]   \ud83d\udcac  ::debug::followSymbolicLinks 'true'\n[Tests/build  ]   \ud83d\udcac  ::debug::implicitDescendants 'true'\n[Tests/build  ]   \ud83d\udcac  ::debug::omitBrokenSymbolicLinks 'true'\n[Tests/build  ]   \ud83d\udcac  ::debug::followSymbolicLinks 'true'\n[Tests/build  ]   \ud83d\udcac  ::debug::implicitDescendants 'true'\n[Tests/build  ]   \ud83d\udcac  ::debug::matchDirectories 'true'\n[Tests/build  ]   \ud83d\udcac  ::debug::omitBrokenSymbolicLinks 'true'\n[Tests/build  ]   \ud83d\udcac  ::debug::Search path '/tmp/de65f406-fe28-11ed-a890-af2cc187fc11/dfm-emcee/dist'\n[Tests/build  ]   \ud83d\udcac  ::debug::File:/tmp/de65f406-fe28-11ed-a890-af2cc187fc11/dfm-emcee/dist/emcee-3.1.5.dev5+g5471ce2-py2.py3-none-any.whl was found using the provided searchPath\n[Tests/build  ]   \ud83d\udcac  ::debug::File:/tmp/de65f406-fe28-11ed-a890-af2cc187fc11/dfm-emcee/dist/emcee-3.1.5.dev5+g5471ce2.tar.gz was found using the provided searchPath\n[Tests/build  ]   | With the provided path, there will be 2 files uploaded\n[Tests/build  ]   \ud83d\udcac  ::debug::Root artifact directory is /tmp/de65f406-fe28-11ed-a890-af2cc187fc11/dfm-emcee/dist\n[Tests/build  ]   | Starting artifact upload\n[Tests/build  ]   | For more detailed logs during the artifact upload process, enable step-debugging: https://docs.github.com/actions/monitoring-and-troubleshooting-workflows/enabling-debug-logging#enabling-step-debug-logging\n[Tests/build  ]   | Artifact name is valid!\n[Tests/build  ]   \u2757  ::error::Unable to get ACTIONS_RUNTIME_TOKEN env variable\n[Tests/build  ]   \u274c  Failure - Main actions/upload-artifact@v3\n[Tests/build  ] exitcode '1': failure\n[Tests/tests-2]   | py39-extras: freeze> python -m pip freeze --all\n[Tests/tests-2]   | py39-extras: coverage==7.2.6,emcee @ file:///tmp/de65f406-fe28-11ed-a890-af2cc187fc11/dfm-emcee/.tox/.tmp/package/1/emcee-3.1.5.dev5%2Bg5471ce2.tar.gz#sha256=6988f13c09b4c78a4b76b72ac42dfbd6c6155b166a138e1334b3f407de4bf8de,exceptiongroup==1.1.1,h5py==3.8.0,iniconfig==2.0.0,numpy==1.24.3,packaging==23.1,pip==23.1.2,pluggy==1.0.0,pytest==7.3.1,pytest-cov==4.1.0,scipy==1.10.1,setuptools==67.7.2,tomli==2.0.1,wheel==0.40.0\n[Tests/tests-2]   | py39-extras: tox-gh-actions couldn't understand the parallel option. ignoring the given option: 0\n[Tests/tests-2]   \u2753  ::group::tox: py39-extras\n[Tests/tests-2]   | py39-extras: commands[0]> pip freeze\n[Tests/tests-2]   | coverage==7.2.6\n[Tests/tests-2]   | emcee @ file:///tmp/de65f406-fe28-11ed-a890-af2cc187fc11/dfm-emcee/.tox/.tmp/package/1/emcee-3.1.5.dev5%2Bg5471ce2.tar.gz#sha256=6988f13c09b4c78a4b76b72ac42dfbd6c6155b166a138e1334b3f407de4bf8de\n[Tests/tests-2]   | exceptiongroup==1.1.1\n[Tests/tests-2]   | h5py==3.8.0\n[Tests/tests-2]   | iniconfig==2.0.0\n[Tests/tests-2]   | numpy==1.24.3\n[Tests/tests-2]   | packaging==23.1\n[Tests/tests-2]   | pluggy==1.0.0\n[Tests/tests-2]   | pytest==7.3.1\n[Tests/tests-2]   | pytest-cov==4.1.0\n[Tests/tests-2]   | scipy==1.10.1\n[Tests/tests-2]   | tomli==2.0.1\n[Tests/tests-2]   | py39-extras: commands[1]> python -m coverage run -m pytest -v\n[Tests/build  ] \ud83c\udfc1  Job failed\n[Tests/tests-2]   | ============================= test session starts ==============================\n[Tests/tests-2]   | platform linux -- Python 3.9.6, pytest-7.3.1, pluggy-1.0.0 -- /tmp/de65f406-fe28-11ed-a890-af2cc187fc11/dfm-emcee/.tox/py39-extras/bin/python\n[Tests/tests-2]   | cachedir: .tox/py39-extras/.pytest_cache\n[Tests/tests-2]   | rootdir: /tmp/de65f406-fe28-11ed-a890-af2cc187fc11/dfm-emcee\n[Tests/tests-2]   | plugins: cov-4.1.0\n[Tests/tests-2]   | collecting ... collected 124 items\n[Tests/tests-2]   | \n[Tests/tests-2]   | src/emcee/tests/integration/test_de.py::test_normal_de PASSED            [  0%]\n[Tests/tests-2]   | src/emcee/tests/integration/test_de.py::test_normal_de_no_gamma PASSED   [  1%]\n[Tests/tests-2]   | src/emcee/tests/integration/test_de.py::test_uniform_de PASSED           [  2%]\n[Tests/tests-2]   | src/emcee/tests/integration/test_de_snooker.py::test_normal_de_snooker PASSED [  3%]\n[Tests/tests-2]   | src/emcee/tests/integration/test_de_snooker.py::test_uniform_de_snooker PASSED [  4%]\n[Tests/tests-2]   | src/emcee/tests/integration/test_gaussian.py::test_normal_gaussian[vector-None] PASSED [  4%]\n[Tests/tests-2]   | src/emcee/tests/integration/test_gaussian.py::test_normal_gaussian[vector-2.0] PASSED [  5%]\n[Tests/tests-2]   | src/emcee/tests/integration/test_gaussian.py::test_normal_gaussian[vector-5.0] PASSED [  6%]\n[Tests/tests-2]   | src/emcee/tests/integration/test_gaussian.py::test_normal_gaussian_nd[vector-None] PASSED [  7%]\n[Tests/tests-2]   | src/emcee/tests/integration/test_gaussian.py::test_normal_gaussian_nd[vector-2.0] PASSED [  8%]\n[Tests/tests-2]   | src/emcee/tests/integration/test_gaussian.py::test_normal_gaussian_nd[random-None] PASSED [  8%]\n[Tests/tests-2]   | src/emcee/tests/integration/test_gaussian.py::test_normal_gaussian_nd[random-2.0] PASSED [  9%]\n[Tests/tests-2]   | src/emcee/tests/integration/test_gaussian.py::test_normal_gaussian_nd[sequential-None] PASSED [ 10%]\n[Tests/tests-2]   | src/emcee/tests/integration/test_gaussian.py::test_normal_gaussian_nd[sequential-2.0] PASSED [ 11%]\n[Tests/tests-2]   | src/emcee/tests/integration/test_gaussian.py::test_uniform_gaussian[vector-None] PASSED [ 12%]\n[Tests/tests-2]   | src/emcee/tests/integration/test_gaussian.py::test_uniform_gaussian[vector-2.0] PASSED [ 12%]\n[Tests/tests-2]   | src/emcee/tests/integration/test_gaussian.py::test_uniform_gaussian[vector-5.0] PASSED [ 13%]\n[Tests/tests-2]   | src/emcee/tests/integration/test_kde.py::test_normal_kde PASSED          [ 14%]\n[Tests/tests-2]   | src/emcee/tests/integration/test_kde.py::test_uniform_kde PASSED         [ 15%]\n[Tests/tests-2]   | src/emcee/tests/integration/test_kde.py::test_nsplits_kde PASSED         [ 16%]\n[Tests/tests-2]   | src/emcee/tests/integration/test_longdouble.py::test_longdouble_doesnt_crash_bug_312 PASSED [ 16%]\n[Tests/tests-2]   | src/emcee/tests/integration/test_longdouble.py::test_longdouble_actually_needed[Backend] PASSED [ 17%]\n[Tests/tests-2]   | src/emcee/tests/integration/test_longdouble.py::test_longdouble_actually_needed[TempHDFBackend] PASSED [ 18%]\n[Tests/tests-2]   | src/emcee/tests/integration/test_stretch.py::test_normal_stretch[True] PASSED [ 19%]\n[Tests/tests-2]   | src/emcee/tests/integration/test_stretch.py::test_normal_stretch[False] PASSED [ 20%]\n[Tests/tests-2]   | src/emcee/tests/integration/test_stretch.py::test_uniform_stretch PASSED [ 20%]\n[Tests/tests-2]   | src/emcee/tests/integration/test_stretch.py::test_nsplits_stretch PASSED [ 21%]\n[Tests/tests-2]   | src/emcee/tests/integration/test_stretch.py::test_randomize_stretch PASSED [ 22%]\n[Tests/tests-2]   | src/emcee/tests/integration/test_walk.py::test_normal_walk PASSED        [ 23%]\n[Tests/tests-2]   | src/emcee/tests/integration/test_walk.py::test_uniform_walk PASSED       [ 24%]\n[Tests/tests-2]   | src/emcee/tests/unit/test_autocorr.py::test_1d PASSED                    [ 25%]\n[Tests/tests-2]   | src/emcee/tests/unit/test_autocorr.py::test_nd PASSED                    [ 25%]\n[Tests/tests-2]   | src/emcee/tests/unit/test_autocorr.py::test_too_short PASSED             [ 26%]\n[Tests/tests-2]   | src/emcee/tests/unit/test_autocorr.py::test_autocorr_multi_works PASSED  [ 27%]\n[Tests/tests-2]   | src/emcee/tests/unit/test_backends.py::test_uninit PASSED                [ 28%]\n[Tests/tests-2]   | src/emcee/tests/unit/test_backends.py::test_uninit_errors[Backend] PASSED [ 29%]\n[Tests/tests-2]   | src/emcee/tests/unit/test_backends.py::test_uninit_errors[TempHDFBackend] PASSED [ 29%]\n[Tests/tests-2]   | src/emcee/tests/unit/test_backends.py::test_blob_usage_errors[Backend] PASSED [ 30%]\n[Tests/tests-2]   | src/emcee/tests/unit/test_backends.py::test_blob_usage_errors[TempHDFBackend] PASSED [ 31%]\n[Tests/tests-2]   | src/emcee/tests/unit/test_backends.py::test_backend[TempHDFBackend-None-True] PASSED [ 32%]\n[Tests/tests-2]   | src/emcee/tests/unit/test_backends.py::test_backend[TempHDFBackend-None-False] PASSED [ 33%]\n[Tests/tests-2]   | src/emcee/tests/unit/test_backends.py::test_backend[TempHDFBackend-dtype2-True] PASSED [ 33%]\n[Tests/tests-2]   | src/emcee/tests/unit/test_backends.py::test_backend[TempHDFBackend-dtype3-False] PASSED [ 34%]\n[Tests/tests-2]   | src/emcee/tests/unit/test_backends.py::test_reload[TempHDFBackend-None] PASSED [ 35%]\n[Tests/tests-2]   | src/emcee/tests/unit/test_backends.py::test_reload[TempHDFBackend-dtype1] PASSED [ 36%]\n[Tests/tests-2]   | src/emcee/tests/unit/test_backends.py::test_restart[TempHDFBackend-None] PASSED [ 37%]\n[Tests/tests-2]   | src/emcee/tests/unit/test_backends.py::test_restart[TempHDFBackend-dtype1] PASSED [ 37%]\n[Tests/tests-2]   | src/emcee/tests/unit/test_backends.py::test_multi_hdf5 PASSED            [ 38%]\n[Tests/tests-2]   | src/emcee/tests/unit/test_backends.py::test_longdouble_preserved[Backend] PASSED [ 39%]\n[Tests/tests-2]   | src/emcee/tests/unit/test_backends.py::test_longdouble_preserved[TempHDFBackend] PASSED [ 40%]\n[Tests/tests-2]   | src/emcee/tests/unit/test_backends.py::test_hdf5_compression PASSED      [ 41%]\n[Tests/tests-2]   | src/emcee/tests/unit/test_blobs.py::test_blob_shape[blob_spec0-Backend] PASSED [ 41%]\n[Tests/tests-2]   | src/emcee/tests/unit/test_blobs.py::test_blob_shape[blob_spec0-TempHDFBackend] PASSED [ 42%]\n[Tests/tests-2]   | src/emcee/tests/unit/test_blobs.py::test_blob_shape[blob_spec1-Backend] PASSED [ 43%]\n[Tests/tests-2]   | src/emcee/tests/unit/test_blobs.py::test_blob_shape[blob_spec1-TempHDFBackend] PASSED [ 44%]\n[Tests/tests-2]   | src/emcee/tests/unit/test_blobs.py::test_blob_shape[blob_spec2-Backend] PASSED [ 45%]\n[Tests/tests-2]   | src/emcee/tests/unit/test_blobs.py::test_blob_shape[blob_spec2-TempHDFBackend] PASSED [ 45%]\n[Tests/tests-2]   | src/emcee/tests/unit/test_blobs.py::test_blob_shape[blob_spec3-Backend] PASSED [ 46%]\n[Tests/tests-2]   | src/emcee/tests/unit/test_blobs.py::test_blob_shape[blob_spec3-TempHDFBackend] PASSED [ 47%]\n[Tests/tests-2]   | src/emcee/tests/unit/test_blobs.py::test_blob_shape[blob_spec4-Backend] PASSED [ 48%]\n[Tests/tests-2]   | src/emcee/tests/unit/test_blobs.py::test_blob_shape[blob_spec4-TempHDFBackend] PASSED [ 49%]\n[Tests/tests-2]   | src/emcee/tests/unit/test_blobs.py::test_blob_shape[blob_spec5-Backend] PASSED [ 50%]\n[Tests/tests-2]   | src/emcee/tests/unit/test_blobs.py::test_blob_shape[blob_spec5-TempHDFBackend] PASSED [ 50%]\n[Tests/tests-2]   | src/emcee/tests/unit/test_blobs.py::test_blob_shape[blob_spec6-Backend] PASSED [ 51%]\n[Tests/tests-2]   | src/emcee/tests/unit/test_blobs.py::test_blob_shape[blob_spec6-TempHDFBackend] PASSED [ 52%]\n[Tests/tests-2]   | src/emcee/tests/unit/test_blobs.py::test_blob_shape[blob_spec7-Backend] PASSED [ 53%]\n[Tests/tests-2]   | src/emcee/tests/unit/test_blobs.py::test_blob_shape[blob_spec7-TempHDFBackend] PASSED [ 54%]\n[Tests/tests-2]   | src/emcee/tests/unit/test_blobs.py::test_blob_shape[blob_spec8-Backend] PASSED [ 54%]\n[Tests/tests-2]   | src/emcee/tests/unit/test_blobs.py::test_blob_shape[blob_spec8-TempHDFBackend] PASSED [ 55%]\n[Tests/tests-2]   | src/emcee/tests/unit/test_blobs.py::test_blob_mismatch[Backend] PASSED   [ 56%]\n[Tests/tests-2]   | src/emcee/tests/unit/test_blobs.py::test_blob_mismatch[TempHDFBackend] PASSED [ 57%]\n[Tests/tests-2]   | src/emcee/tests/unit/test_ensemble.py::TestNP2ListOfDicts::test_ndarray_to_list_of_dicts PASSED [ 58%]\n[Tests/tests-2]   | src/emcee/tests/unit/test_ensemble.py::TestNamedParameters::test_asserts PASSED [ 58%]\n[Tests/tests-2]   | src/emcee/tests/unit/test_ensemble.py::TestNamedParameters::test_compute_log_prob PASSED [ 59%]\n[Tests/tests-2]   | src/emcee/tests/unit/test_ensemble.py::TestNamedParameters::test_compute_log_prob_mixture PASSED [ 60%]\n[Tests/tests-2]   | src/emcee/tests/unit/test_ensemble.py::TestNamedParameters::test_compute_log_prob_mixture_grouped PASSED [ 61%]\n[Tests/tests-2]   | src/emcee/tests/unit/test_ensemble.py::TestNamedParameters::test_named_parameters PASSED [ 62%]\n[Tests/tests-2]   | src/emcee/tests/unit/test_ensemble.py::TestNamedParameters::test_run_mcmc PASSED [ 62%]\n[Tests/tests-2]   | src/emcee/tests/unit/test_sampler.py::test_shapes[Backend-None] PASSED   [ 63%]\n[Tests/tests-2]   | src/emcee/tests/unit/test_sampler.py::test_shapes[Backend-moves1] PASSED [ 64%]\n[Tests/tests-2]   | src/emcee/tests/unit/test_sampler.py::test_shapes[Backend-moves2] PASSED [ 65%]\n[Tests/tests-2]   | src/emcee/tests/unit/test_sampler.py::test_shapes[Backend-moves3] PASSED [ 66%]\n[Tests/tests-2]   | src/emcee/tests/unit/test_sampler.py::test_shapes[TempHDFBackend-None] PASSED [ 66%]\n[Tests/tests-2]   | src/emcee/tests/unit/test_sampler.py::test_shapes[TempHDFBackend-moves5] PASSED [ 67%]\n[Tests/tests-2]   | src/emcee/tests/unit/test_sampler.py::test_shapes[TempHDFBackend-moves6] PASSED [ 68%]\n[Tests/tests-2]   | src/emcee/tests/unit/test_sampler.py::test_shapes[TempHDFBackend-moves7] PASSED [ 69%]\n[Tests/tests-2]   | src/emcee/tests/unit/test_sampler.py::test_errors[Backend] PASSED        [ 70%]\n[Tests/tests-2]   | src/emcee/tests/unit/test_sampler.py::test_errors[TempHDFBackend] PASSED [ 70%]\n[Tests/tests-2]   | src/emcee/tests/unit/test_sampler.py::test_thin[Backend] PASSED          [ 71%]\n[Tests/tests-2]   | src/emcee/tests/unit/test_sampler.py::test_thin[TempHDFBackend] PASSED   [ 72%]\n[Tests/tests-2]   | src/emcee/tests/unit/test_sampler.py::test_thin_by[Backend-True] PASSED  [ 73%]\n[Tests/tests-2]   | src/emcee/tests/unit/test_sampler.py::test_thin_by[Backend-False] PASSED [ 74%]\n[Tests/tests-2]   | src/emcee/tests/unit/test_sampler.py::test_thin_by[TempHDFBackend-True] PASSED [ 75%]\n[Tests/tests-2]   | src/emcee/tests/unit/test_sampler.py::test_thin_by[TempHDFBackend-False] PASSED [ 75%]\n[Tests/tests-2]   | src/emcee/tests/unit/test_sampler.py::test_restart[Backend] PASSED       [ 76%]\n[Tests/tests-2]   | src/emcee/tests/unit/test_sampler.py::test_restart[TempHDFBackend] PASSED [ 77%]\n[Tests/tests-2]   | src/emcee/tests/unit/test_sampler.py::test_vectorize PASSED              [ 78%]\n[Tests/tests-2]   | src/emcee/tests/unit/test_sampler.py::test_pickle[Backend] PASSED        [ 79%]\n[Tests/tests-2]   | src/emcee/tests/unit/test_sampler.py::test_pickle[TempHDFBackend] PASSED [ 79%]\n[Tests/tests-2]   | src/emcee/tests/unit/test_sampler.py::test_walkers_dependent_ones[10-2] PASSED [ 80%]\n[Tests/tests-2]   | src/emcee/tests/unit/test_sampler.py::test_walkers_dependent_ones[20-5] PASSED [ 81%]\n[Tests/tests-2]   | src/emcee/tests/unit/test_sampler.py::test_walkers_dependent_toofew[10-11] PASSED [ 82%]\n[Tests/tests-2]   | src/emcee/tests/unit/test_sampler.py::test_walkers_dependent_toofew[2-3] PASSED [ 83%]\n[Tests/tests-2]   | src/emcee/tests/unit/test_sampler.py::test_walkers_independent_randn[10-2] PASSED [ 83%]\n[Tests/tests-2]   | src/emcee/tests/unit/test_sampler.py::test_walkers_independent_randn[20-5] PASSED [ 84%]\n[Tests/tests-2]   | src/emcee/tests/unit/test_sampler.py::test_walkers_independent_randn_offset[10-2-100000.0] PASSED [ 85%]\n[Tests/tests-2]   | src/emcee/tests/unit/test_sampler.py::test_walkers_independent_randn_offset[20-5-10000000000.0] PASSED [ 86%]\n[Tests/tests-2]   | src/emcee/tests/unit/test_sampler.py::test_walkers_independent_randn_offset[30-10-100000000000000.0] PASSED [ 87%]\n[Tests/tests-2]   | src/emcee/tests/unit/test_sampler.py::test_walkers_dependent_big_offset PASSED [ 87%]\n[Tests/tests-2]   | src/emcee/tests/unit/test_sampler.py::test_walkers_dependent_subtle PASSED [ 88%]\n[Tests/tests-2]   | src/emcee/tests/unit/test_sampler.py::test_walkers_almost_dependent PASSED [ 89%]\n[Tests/tests-2]   | src/emcee/tests/unit/test_sampler.py::test_walkers_independent_scaled PASSED [ 90%]\n[Tests/tests-2]   | src/emcee/tests/unit/test_sampler.py::test_walkers_independent_randn_offset_longdouble[10-2-100000.0] PASSED [ 91%]\n[Tests/tests-2]   | src/emcee/tests/unit/test_sampler.py::test_walkers_independent_randn_offset_longdouble[20-5-10000000000.0] PASSED [ 91%]\n[Tests/tests-2]   | src/emcee/tests/unit/test_sampler.py::test_walkers_independent_randn_offset_longdouble[30-10-100000000000000.0] PASSED [ 92%]\n[Tests/tests-2]   | src/emcee/tests/unit/test_sampler.py::test_walkers_independent_randn_offset_longdouble[40-15-offset3] PASSED [ 93%]\n[Tests/tests-2]   | src/emcee/tests/unit/test_sampler.py::test_infinite_iterations_store[Backend] PASSED [ 94%]\n[Tests/tests-2]   | src/emcee/tests/unit/test_sampler.py::test_infinite_iterations_store[TempHDFBackend] PASSED [ 95%]\n[Tests/tests-2]   | src/emcee/tests/unit/test_sampler.py::test_infinite_iterations[Backend] PASSED [ 95%]\n[Tests/tests-2]   | src/emcee/tests/unit/test_sampler.py::test_infinite_iterations[TempHDFBackend] PASSED [ 96%]\n[Tests/tests-2]   | src/emcee/tests/unit/test_state.py::test_back_compat PASSED              [ 97%]\n[Tests/tests-2]   | src/emcee/tests/unit/test_state.py::test_overwrite PASSED                [ 98%]\n[Tests/tests-2]   | src/emcee/tests/unit/test_state.py::test_indexing PASSED                 [ 99%]\n[Tests/tests-2]   | src/emcee/tests/unit/test_stretch.py::test_live_dangerously PASSED       [100%]\n[Tests/tests-2]   | \n[Tests/tests-2]   | =============================== warnings summary ===============================\n[Tests/tests-2]   | src/emcee/tests/unit/test_ensemble.py::TestNamedParameters::test_run_mcmc\n[Tests/tests-2]   |   /tmp/de65f406-fe28-11ed-a890-af2cc187fc11/dfm-emcee/src/emcee/utils.py:23: DeprecationWarning: 'chain' is deprecated. Use 'get_chain()' instead.\n[Tests/tests-2]   |     deprecation_warning(msg)\n[Tests/tests-2]   | \n[Tests/tests-2]   | -- Docs: https://docs.pytest.org/en/stable/how-to/capture-warnings.html\n[Tests/tests-2]   | ================== 124 passed, 1 warning in 215.05s (0:03:35) ==================\n[Tests/tests-2]   | py39-extras: tox-gh-actions couldn't understand the parallel option. ignoring the given option: 0\n[Tests/tests-2]   \u2753  ::endgroup::\n[Tests/tests-2]   | .pkg: _exit> python /opt/hostedtoolcache/Python/3.9.6/x64/lib/python3.9/site-packages/pyproject_api/_backend.py True setuptools.build_meta\n[Tests/tests-2]   |   py39-extras: OK (248.18=setup[31.91]+cmd[0.43,215.84] seconds)\n[Tests/tests-2]   |   congratulations :) (248.36 seconds)\n[Tests/tests-2]   \u2705  Success - Main Run tests\n[Tests/tests-2] \u2b50 Run Main Combine and upload coverage\n[Tests/tests-2]   \ud83d\udc33  docker exec cmd=[bash --noprofile --norc -e -o pipefail /var/run/act/workflow/4] user= workdir=\n[Tests/tests-2]   | Combined data file .coverage.738a05f1fac9.194.579663\n[Tests/tests-2]   | Wrote XML report to coverage.xml\n[Tests/tests-2]   | Running on Github Actions but GITHUB_TOKEN is not set. Add \"env: GITHUB_TOKEN: ${{ secrets.GITHUB_TOKEN }}\" to your step config.\n[Tests/tests-2]   | Traceback (most recent call last):\n[Tests/tests-2]   |   File \"/opt/hostedtoolcache/Python/3.9.6/x64/lib/python3.9/site-packages/coveralls/cli.py\", line 64, in main\n[Tests/tests-2]   |     coverallz = Coveralls(token_required,\n[Tests/tests-2]   |   File \"/opt/hostedtoolcache/Python/3.9.6/x64/lib/python3.9/site-packages/coveralls/api.py\", line 49, in __init__\n[Tests/tests-2]   |     self.ensure_token()\n[Tests/tests-2]   |   File \"/opt/hostedtoolcache/Python/3.9.6/x64/lib/python3.9/site-packages/coveralls/api.py\", line 56, in ensure_token\n[Tests/tests-2]   |     raise CoverallsException(\n[Tests/tests-2]   | coveralls.exception.CoverallsException: Running on Github Actions but GITHUB_TOKEN is not set. Add \"env: GITHUB_TOKEN: ${{ secrets.GITHUB_TOKEN }}\" to your step config.\n[Tests/tests-2]   \u274c  Failure - Main Combine and upload coverage\n[Tests/tests-2] exitcode '1': failure\n[Tests/tests-2] \ud83c\udfc1  Job failed\n",
    "actions_stderr": "Error: unexpected EOF\n"
}