{
    "repository": "git-cola/git-cola",
    "clone_url": "https://github.com/git-cola/git-cola.git",
    "timestamp": "2023-05-29T13:58:22.990334Z",
    "clone_success": true,
    "number of actions": 1,
    "number_of_test_actions": 1,
    "actions_successful": false,
    "actions_stdout": "[CI/Build         ] \ud83d\ude80  Start image=crawlergpt:latest\n[CI/Test          ] \ud83d\ude80  Start image=crawlergpt:latest\n[CI/Build / darwin] \ud83d\ude80  Start image=crawlergpt:latest\n[CI/Build / win32 ] \ud83d\ude80  Start image=crawlergpt:latest\n[CI/Build / darwin]   \ud83d\udc33  docker pull image=crawlergpt:latest platform= username= forcePull=false\n[CI/Build         ]   \ud83d\udc33  docker pull image=crawlergpt:latest platform= username= forcePull=false\n[CI/Test          ]   \ud83d\udc33  docker pull image=crawlergpt:latest platform= username= forcePull=false\n[CI/Build / win32 ]   \ud83d\udc33  docker pull image=crawlergpt:latest platform= username= forcePull=false\n[CI/Build / darwin]   \ud83d\udc33  docker create image=crawlergpt:latest platform= entrypoint=[\"tail\" \"-f\" \"/dev/null\"] cmd=[]\n[CI/Build / win32 ]   \ud83d\udc33  docker create image=crawlergpt:latest platform= entrypoint=[\"tail\" \"-f\" \"/dev/null\"] cmd=[]\n[CI/Test          ]   \ud83d\udc33  docker create image=crawlergpt:latest platform= entrypoint=[\"tail\" \"-f\" \"/dev/null\"] cmd=[]\n[CI/Build         ]   \ud83d\udc33  docker create image=crawlergpt:latest platform= entrypoint=[\"tail\" \"-f\" \"/dev/null\"] cmd=[]\n[CI/Build / win32 ]   \ud83d\udc33  docker run image=crawlergpt:latest platform= entrypoint=[\"tail\" \"-f\" \"/dev/null\"] cmd=[]\n[CI/Build / darwin]   \ud83d\udc33  docker run image=crawlergpt:latest platform= entrypoint=[\"tail\" \"-f\" \"/dev/null\"] cmd=[]\n[CI/Test          ]   \ud83d\udc33  docker run image=crawlergpt:latest platform= entrypoint=[\"tail\" \"-f\" \"/dev/null\"] cmd=[]\n[CI/Build         ]   \ud83d\udc33  docker run image=crawlergpt:latest platform= entrypoint=[\"tail\" \"-f\" \"/dev/null\"] cmd=[]\n[CI/Build         ]   \ud83d\udc33  docker exec cmd=[chown -R 1012:1000 /tmp/de65f406-fe28-11ed-a890-af2cc187fc11/git-cola-git-cola] user=0 workdir=\n[CI/Test          ]   \ud83d\udc33  docker exec cmd=[chown -R 1012:1000 /tmp/de65f406-fe28-11ed-a890-af2cc187fc11/git-cola-git-cola] user=0 workdir=\n[CI/Build         ]   \u2601  git clone 'https://github.com/actions/upload-artifact' # ref=v3\n[CI/Test          ] \u2b50 Run Main Checkout\n[CI/Build / darwin]   \ud83d\udc33  docker exec cmd=[chown -R 1012:1000 /tmp/de65f406-fe28-11ed-a890-af2cc187fc11/git-cola-git-cola] user=0 workdir=\n[CI/Build / win32 ]   \ud83d\udc33  docker exec cmd=[chown -R 1012:1000 /tmp/de65f406-fe28-11ed-a890-af2cc187fc11/git-cola-git-cola] user=0 workdir=\n[CI/Test          ]   \u2705  Success - Main Checkout\n[CI/Build / darwin]   \u2601  git clone 'https://github.com/actions/upload-artifact' # ref=v3\n[CI/Build / win32 ]   \u2601  git clone 'https://github.com/actions/setup-python' # ref=v4\n[CI/Build         ] \u2b50 Run Main Checkout\n[CI/Build         ]   \u2705  Success - Main Checkout\n[CI/Test          ] \u2b50 Run Main Install Dependencies\n[CI/Test          ]   \ud83d\udc33  docker exec cmd=[bash --noprofile --norc -e -o pipefail /var/run/act/workflow/1] user= workdir=\n[CI/Build / darwin] \u2b50 Run Main Checkout\n[CI/Build         ] \u2b50 Run Main Install Dependencies\n[CI/Build / darwin]   \u2705  Success - Main Checkout\n[CI/Test          ]   | + sudo apt-get update\n[CI/Build         ]   \ud83d\udc33  docker exec cmd=[bash --noprofile --norc -e -o pipefail /var/run/act/workflow/1] user= workdir=\n[CI/Build / win32 ]   \u2601  git clone 'https://github.com/actions/cache' # ref=v3\n[CI/Test          ]   | Get:1 https://cloud.r-project.org/bin/linux/ubuntu focal-cran40/ InRelease [3622 B]\n[CI/Test          ]   | Get:2 http://security.ubuntu.com/ubuntu focal-security InRelease [114 kB]\n[CI/Test          ]   | Hit:3 http://ppa.launchpad.net/ubuntu-toolchain-r/test/ubuntu focal InRelease\n[CI/Test          ]   | Get:4 http://dl.google.com/linux/chrome/deb stable InRelease [1825 B]\n[CI/Test          ]   | Get:5 https://dl.hhvm.com/ubuntu focal InRelease [3137 B]\n[CI/Test          ]   | Get:6 https://packages.microsoft.com/ubuntu/20.04/prod focal InRelease [3611 B]\n[CI/Build / darwin] \u2b50 Run Main Install Dependencies\n[CI/Test          ]   | Hit:7 http://archive.ubuntu.com/ubuntu focal InRelease\n[CI/Test          ]   | Get:8 http://archive.ubuntu.com/ubuntu focal-updates InRelease [114 kB]\n[CI/Build         ]   | Get:1 https://cloud.r-project.org/bin/linux/ubuntu focal-cran40/ InRelease [3622 B]\n[CI/Build         ]   | Hit:2 http://ppa.launchpad.net/ubuntu-toolchain-r/test/ubuntu focal InRelease\n[CI/Build         ]   | Get:3 http://dl.google.com/linux/chrome/deb stable InRelease [1825 B]\n[CI/Test          ]   | Get:9 https://cloud.r-project.org/bin/linux/ubuntu focal-cran40/ Packages [77.6 kB]\n[CI/Build / win32 ] Unable to checkout 88522ab9f39a2ea568f7027eddc7d8d8bc9d59c8: invalid checksum\n[CI/Build         ]   | Get:4 https://dl.hhvm.com/ubuntu focal InRelease [3137 B]\n[CI/Build         ]   | Get:5 https://packages.microsoft.com/ubuntu/20.04/prod focal InRelease [3611 B]\n[CI/Build / darwin]   \ud83d\udc33  docker exec cmd=[bash --noprofile --norc -e -o pipefail /var/run/act/workflow/1] user= workdir=\n[CI/Build         ]   | Hit:6 http://archive.ubuntu.com/ubuntu focal InRelease\n[CI/Build         ]   | Get:7 http://security.ubuntu.com/ubuntu focal-security InRelease [114 kB]\n[CI/Test          ]   | Hit:10 https://adoptopenjdk.jfrog.io/adoptopenjdk/deb focal InRelease\n[CI/Build / darwin]   | + brew install git-cola\n[CI/Build / darwin]   | /var/run/act/workflow/1: line 3: brew: command not found\n[CI/Build / darwin]   \u274c  Failure - Main Install Dependencies\n[CI/Build         ]   | Get:8 http://archive.ubuntu.com/ubuntu focal-updates InRelease [114 kB]\n[CI/Build         ]   | Get:9 https://cloud.r-project.org/bin/linux/ubuntu focal-cran40/ Packages [77.6 kB]\n[CI/Test          ]   | Get:11 http://archive.ubuntu.com/ubuntu focal-backports InRelease [108 kB]\n[CI/Test          ]   | Err:4 http://dl.google.com/linux/chrome/deb stable InRelease\n[CI/Test          ]   |   The following signatures couldn't be verified because the public key is not available: NO_PUBKEY 4EB27DB2A3B88B8B\n[CI/Build / darwin] exitcode '127': command not found, please refer to https://github.com/nektos/act/issues/107 for more information\n[CI/Build         ]   | Hit:10 https://adoptopenjdk.jfrog.io/adoptopenjdk/deb focal InRelease\n[CI/Build / win32 ] \ud83c\udfc1  Job succeeded\n[CI/Build         ]   | Err:3 http://dl.google.com/linux/chrome/deb stable InRelease\n[CI/Build         ]   |   The following signatures couldn't be verified because the public key is not available: NO_PUBKEY 4EB27DB2A3B88B8B\n[CI/Test          ]   | Get:12 https://dl.hhvm.com/ubuntu focal/main amd64 Packages [1880 B]\n[CI/Build         ]   | Get:11 http://archive.ubuntu.com/ubuntu focal-backports InRelease [108 kB]\n[CI/Build         ]   | Get:12 https://dl.hhvm.com/ubuntu focal/main amd64 Packages [1880 B]\n[CI/Test          ]   | Get:13 https://packages.microsoft.com/ubuntu/20.04/prod focal/main all Packages [2521 B]\n[CI/Test          ]   | Get:14 https://packages.microsoft.com/ubuntu/20.04/prod focal/main amd64 Packages [201 kB]\n[CI/Build / darwin] \ud83c\udfc1  Job failed\n[CI/Build         ]   | Get:13 https://packages.microsoft.com/ubuntu/20.04/prod focal/main amd64 Packages [201 kB]\n[CI/Test          ]   | Get:15 http://security.ubuntu.com/ubuntu focal-security/multiverse i386 Packages [8141 B]\n[CI/Test          ]   | Get:16 http://security.ubuntu.com/ubuntu focal-security/universe i386 Packages [739 kB]\n[CI/Build         ]   | Get:14 https://packages.microsoft.com/ubuntu/20.04/prod focal/main all Packages [2521 B]\n[CI/Test          ]   | Get:17 http://security.ubuntu.com/ubuntu focal-security/main i386 Packages [739 kB]\n[CI/Test          ]   | Get:18 http://security.ubuntu.com/ubuntu focal-security/multiverse amd64 Packages [28.5 kB]\n[CI/Test          ]   | Get:19 http://security.ubuntu.com/ubuntu focal-security/universe amd64 Packages [1052 kB]\n[CI/Test          ]   | Get:20 http://security.ubuntu.com/ubuntu focal-security/restricted amd64 Packages [2270 kB]\n[CI/Test          ]   | Get:21 http://security.ubuntu.com/ubuntu focal-security/restricted i386 Packages [36.9 kB]\n[CI/Test          ]   | Get:22 http://security.ubuntu.com/ubuntu focal-security/main amd64 Packages [2726 kB]\n[CI/Build         ]   | Get:15 http://security.ubuntu.com/ubuntu focal-security/universe amd64 Packages [1052 kB]\n[CI/Test          ]   | Get:23 http://archive.ubuntu.com/ubuntu focal-updates/main amd64 Packages [3204 kB]\n[CI/Build         ]   | Get:16 http://archive.ubuntu.com/ubuntu focal-updates/restricted amd64 Packages [2412 kB]\n[CI/Build         ]   | Get:17 http://security.ubuntu.com/ubuntu focal-security/restricted i386 Packages [36.9 kB]\n[CI/Build         ]   | Get:18 http://security.ubuntu.com/ubuntu focal-security/main amd64 Packages [2726 kB]\n[CI/Build         ]   | Get:19 http://security.ubuntu.com/ubuntu focal-security/multiverse amd64 Packages [28.5 kB]\n[CI/Build         ]   | Get:20 http://security.ubuntu.com/ubuntu focal-security/restricted amd64 Packages [2270 kB]\n[CI/Build         ]   | Get:21 http://security.ubuntu.com/ubuntu focal-security/universe i386 Packages [739 kB]\n[CI/Build         ]   | Get:22 http://security.ubuntu.com/ubuntu focal-security/main i386 Packages [739 kB]\n[CI/Build         ]   | Get:23 http://security.ubuntu.com/ubuntu focal-security/multiverse i386 Packages [8141 B]\n[CI/Test          ]   | Get:24 http://archive.ubuntu.com/ubuntu focal-updates/multiverse amd64 Packages [31.2 kB]\n[CI/Test          ]   | Get:25 http://archive.ubuntu.com/ubuntu focal-updates/restricted amd64 Packages [2412 kB]\n[CI/Build         ]   | Get:24 http://archive.ubuntu.com/ubuntu focal-updates/main amd64 Packages [3204 kB]\n[CI/Test          ]   | Get:26 http://archive.ubuntu.com/ubuntu focal-updates/universe amd64 Packages [1346 kB]\n[CI/Test          ]   | Get:27 http://archive.ubuntu.com/ubuntu focal-backports/universe amd64 Packages [28.6 kB]\n[CI/Test          ]   | Get:28 http://archive.ubuntu.com/ubuntu focal-backports/main amd64 Packages [55.2 kB]\n[CI/Build         ]   | Get:25 http://archive.ubuntu.com/ubuntu focal-updates/multiverse amd64 Packages [31.2 kB]\n[CI/Build         ]   | Get:26 http://archive.ubuntu.com/ubuntu focal-updates/universe amd64 Packages [1346 kB]\n[CI/Build         ]   | Get:27 http://archive.ubuntu.com/ubuntu focal-backports/universe amd64 Packages [28.6 kB]\n[CI/Build         ]   | Get:28 http://archive.ubuntu.com/ubuntu focal-backports/main amd64 Packages [55.2 kB]\n[CI/Test          ]   | Fetched 15.3 MB in 3s (4487 kB/s)\n[CI/Build         ]   | Fetched 15.3 MB in 4s (4260 kB/s)\n[CI/Test          ]   | Reading package lists...\n[CI/Test          ]   | W: An error occurred during the signature verification. The repository is not updated and the previous index files will be used. GPG error: http://dl.google.com/linux/chrome/deb stable InRelease: The following signatures couldn't be verified because the public key is not available: NO_PUBKEY 4EB27DB2A3B88B8B\n[CI/Test          ]   | W: Failed to fetch http://dl.google.com/linux/chrome/deb/dists/stable/InRelease  The following signatures couldn't be verified because the public key is not available: NO_PUBKEY 4EB27DB2A3B88B8B\n[CI/Test          ]   | W: Some index files failed to download. They have been ignored, or old ones used instead.\n[CI/Test          ]   | + sudo apt-get install black gettext flake8 pylint python-is-python3 python3-setuptools-scm python3-pytest\n[CI/Build         ]   | Reading package lists...\n[CI/Build         ]   | W: An error occurred during the signature verification. The repository is not updated and the previous index files will be used. GPG error: http://dl.google.com/linux/chrome/deb stable InRelease: The following signatures couldn't be verified because the public key is not available: NO_PUBKEY 4EB27DB2A3B88B8B\n[CI/Build         ]   | W: Failed to fetch http://dl.google.com/linux/chrome/deb/dists/stable/InRelease  The following signatures couldn't be verified because the public key is not available: NO_PUBKEY 4EB27DB2A3B88B8B\n[CI/Build         ]   | W: Some index files failed to download. They have been ignored, or old ones used instead.\n[CI/Test          ]   | Reading package lists...\n[CI/Build         ]   | Reading package lists...\n[CI/Build         ]   | Building dependency tree...\n[CI/Test          ]   | Building dependency tree...\n[CI/Build         ]   | Reading state information...\n[CI/Test          ]   | Reading state information...\n[CI/Build         ]   | The following additional packages will be installed:\n[CI/Build         ]   |   docutils-common gettext-base libcroco3 libimagequant0 libjs-sphinxdoc\n[CI/Build         ]   |   libjs-underscore python-babel-localedata python3-alabaster python3-babel\n[CI/Build         ]   |   python3-docutils python3-imagesize python3-jinja2 python3-markupsafe\n[CI/Build         ]   |   python3-olefile python3-packaging python3-pil python3-pyparsing\n[CI/Build         ]   |   python3-roman python3-tz sgml-base sphinx-common xml-core\n[CI/Build         ]   | Suggested packages:\n[CI/Build         ]   |   gettext-doc autopoint libasprintf-dev libgettextpo-dev docutils-doc\n[CI/Build         ]   |   fonts-linuxlibertine | ttf-linux-libertine texlive-lang-french\n[CI/Build         ]   |   texlive-latex-base texlive-latex-recommended python-jinja2-doc\n[CI/Build         ]   |   python-pil-doc python3-pil-dbg python-pyparsing-doc dvipng latexmk\n[CI/Build         ]   |   libjs-mathjax python3-sphinx-rtd-theme python3-stemmer sphinx-doc\n[CI/Build         ]   |   texlive-fonts-recommended texlive-latex-extra texlive-plain-generic\n[CI/Build         ]   |   sgml-base-doc debhelper\n[CI/Test          ]   | python-is-python3 is already the newest version (3.8.2-4).\n[CI/Test          ]   | The following additional packages will be installed:\n[CI/Test          ]   |   blt gettext-base libcroco3 pyflakes pyflakes3 python-pkg-resources\n[CI/Test          ]   |   python-pyflakes python3-appdirs python3-astroid python3-atomicwrites\n[CI/Test          ]   |   python3-attr python3-click python3-colorama python3-entrypoints\n[CI/Test          ]   |   python3-flake8 python3-importlib-metadata python3-isort\n[CI/Test          ]   |   python3-lazy-object-proxy python3-logilab-common python3-mccabe\n[CI/Test          ]   |   python3-more-itertools python3-packaging python3-pluggy python3-py\n[CI/Test          ]   |   python3-pycodestyle python3-pyflakes python3-pyparsing python3-tk\n[CI/Test          ]   |   python3-toml python3-wcwidth python3-wrapt python3-zipp tk8.6-blt2.5\n[CI/Test          ]   | Suggested packages:\n[CI/Test          ]   |   python-black-doc blt-demo gettext-doc autopoint libasprintf-dev\n[CI/Test          ]   |   libgettextpo-dev pylint-doc python-setuptools python-attr-doc\n[CI/Test          ]   |   python-pyparsing-doc tix python3-tk-dbg\n[CI/Build         ]   | The following NEW packages will be installed:\n[CI/Build         ]   |   docutils-common gettext gettext-base libcroco3 libimagequant0\n[CI/Build         ]   |   libjs-sphinxdoc libjs-underscore python-babel-localedata python3-alabaster\n[CI/Build         ]   |   python3-babel python3-docutils python3-imagesize python3-jinja2\n[CI/Build         ]   |   python3-markupsafe python3-olefile python3-packaging python3-pil\n[CI/Build         ]   |   python3-pyparsing python3-roman python3-sphinx python3-tz sgml-base\n[CI/Build         ]   |   sphinx-common xml-core\n[CI/Build         ]   | 0 upgraded, 24 newly installed, 0 to remove and 388 not upgraded.\n[CI/Build         ]   | Need to get 8115 kB of archives.\n[CI/Build         ]   | After this operation, 44.6 MB of additional disk space will be used.\n[CI/Build         ]   | Get:1 http://archive.ubuntu.com/ubuntu focal/main amd64 sgml-base all 1.29.1 [12.4 kB]\n[CI/Build         ]   | Get:2 http://archive.ubuntu.com/ubuntu focal/main amd64 gettext-base amd64 0.19.8.1-10build1 [50.2 kB]\n[CI/Test          ]   | The following NEW packages will be installed:\n[CI/Test          ]   |   black blt flake8 gettext gettext-base libcroco3 pyflakes pyflakes3 pylint\n[CI/Test          ]   |   python-pkg-resources python-pyflakes python3-appdirs python3-astroid\n[CI/Test          ]   |   python3-atomicwrites python3-attr python3-click python3-colorama\n[CI/Test          ]   |   python3-entrypoints python3-flake8 python3-importlib-metadata python3-isort\n[CI/Test          ]   |   python3-lazy-object-proxy python3-logilab-common python3-mccabe\n[CI/Test          ]   |   python3-more-itertools python3-packaging python3-pluggy python3-py\n[CI/Test          ]   |   python3-pycodestyle python3-pyflakes python3-pyparsing python3-pytest\n[CI/Test          ]   |   python3-setuptools-scm python3-tk python3-toml python3-wcwidth python3-wrapt\n[CI/Test          ]   |   python3-zipp tk8.6-blt2.5\n[CI/Build         ]   | Get:3 http://archive.ubuntu.com/ubuntu focal/main amd64 xml-core all 0.18+nmu1 [21.6 kB]\n[CI/Build         ]   | Get:4 http://archive.ubuntu.com/ubuntu focal/main amd64 docutils-common all 0.16+dfsg-2 [116 kB]\n[CI/Build         ]   | Get:5 http://archive.ubuntu.com/ubuntu focal/main amd64 libcroco3 amd64 0.6.13-1 [82.5 kB]\n[CI/Build         ]   | Get:6 http://archive.ubuntu.com/ubuntu focal/main amd64 gettext amd64 0.19.8.1-10build1 [895 kB]\n[CI/Test          ]   | 0 upgraded, 39 newly installed, 0 to remove and 388 not upgraded.\n[CI/Test          ]   | Need to get 3270 kB of archives.\n[CI/Test          ]   | After this operation, 15.7 MB of additional disk space will be used.\n[CI/Test          ]   | Get:1 http://archive.ubuntu.com/ubuntu focal/main amd64 gettext-base amd64 0.19.8.1-10build1 [50.2 kB]\n[CI/Build         ]   | Get:7 http://archive.ubuntu.com/ubuntu focal/main amd64 libimagequant0 amd64 2.12.2-1.1 [31.4 kB]\n[CI/Build         ]   | Get:8 http://archive.ubuntu.com/ubuntu focal-updates/main amd64 libjs-underscore all 1.9.1~dfsg-1ubuntu0.20.04.1 [99.5 kB]\n[CI/Build         ]   | Get:9 http://archive.ubuntu.com/ubuntu focal/main amd64 libjs-sphinxdoc all 1.8.5-7ubuntu3 [97.1 kB]\n[CI/Build         ]   | Get:10 http://archive.ubuntu.com/ubuntu focal-updates/main amd64 python-babel-localedata all 2.6.0+dfsg.1-1ubuntu2.2 [4628 kB]\n[CI/Test          ]   | Get:2 http://archive.ubuntu.com/ubuntu focal/main amd64 python3-appdirs all 1.4.3-2.1 [10.8 kB]\n[CI/Test          ]   | Get:3 http://archive.ubuntu.com/ubuntu focal/main amd64 python3-attr all 19.3.0-2 [33.9 kB]\n[CI/Test          ]   | Get:4 http://archive.ubuntu.com/ubuntu focal/main amd64 python3-colorama all 0.4.3-1build1 [23.9 kB]\n[CI/Test          ]   | Get:5 http://archive.ubuntu.com/ubuntu focal/main amd64 python3-click all 7.0-3 [64.8 kB]\n[CI/Build         ]   | Get:11 http://archive.ubuntu.com/ubuntu focal-updates/main amd64 python3-tz all 2019.3-1ubuntu0.20.04.0 [24.5 kB]\n[CI/Test          ]   | Get:6 http://archive.ubuntu.com/ubuntu focal/universe amd64 python3-toml all 0.10.0-3 [14.6 kB]\n[CI/Test          ]   | Get:7 http://archive.ubuntu.com/ubuntu focal/universe amd64 black all 19.3b0-1 [77.0 kB]\n[CI/Test          ]   | Get:8 http://archive.ubuntu.com/ubuntu focal/main amd64 tk8.6-blt2.5 amd64 2.5.3+dfsg-4 [572 kB]\n[CI/Build         ]   | Get:12 http://archive.ubuntu.com/ubuntu focal-updates/main amd64 python3-babel all 2.6.0+dfsg.1-1ubuntu2.2 [83.5 kB]\n[CI/Test          ]   | Get:9 http://archive.ubuntu.com/ubuntu focal/main amd64 blt amd64 2.5.3+dfsg-4 [4944 B]\n[CI/Test          ]   | Get:10 http://archive.ubuntu.com/ubuntu focal/universe amd64 python3-mccabe all 0.6.1-3 [8488 B]\n[CI/Test          ]   | Get:11 http://archive.ubuntu.com/ubuntu focal-updates/universe amd64 python3-pyflakes all 2.1.1-2ubuntu1 [48.7 kB]\n[CI/Test          ]   | Get:12 http://archive.ubuntu.com/ubuntu focal/main amd64 python3-entrypoints all 0.3-2ubuntu1 [5740 B]\n[CI/Build         ]   | Get:13 http://archive.ubuntu.com/ubuntu focal/main amd64 python3-roman all 2.0.0-3build1 [8728 B]\n[CI/Build         ]   | Get:14 http://archive.ubuntu.com/ubuntu focal/main amd64 python3-docutils all 0.16+dfsg-2 [368 kB]\n[CI/Test          ]   | Get:13 http://archive.ubuntu.com/ubuntu focal/universe amd64 python3-pycodestyle all 2.5.0-2 [36.7 kB]\n[CI/Test          ]   | Get:14 http://archive.ubuntu.com/ubuntu focal/universe amd64 python3-flake8 all 3.7.9-2 [51.8 kB]\n[CI/Test          ]   | Get:15 http://archive.ubuntu.com/ubuntu focal/universe amd64 flake8 all 3.7.9-2 [6016 B]\n[CI/Build         ]   | Get:15 http://archive.ubuntu.com/ubuntu focal/main amd64 python3-imagesize all 1.2.0-1 [5808 B]\n[CI/Test          ]   | Get:16 http://archive.ubuntu.com/ubuntu focal/main amd64 libcroco3 amd64 0.6.13-1 [82.5 kB]\n[CI/Build         ]   | Get:16 http://archive.ubuntu.com/ubuntu focal/main amd64 python3-markupsafe amd64 1.1.0-1build2 [13.9 kB]\n[CI/Build         ]   | Get:17 http://archive.ubuntu.com/ubuntu focal/main amd64 python3-jinja2 all 2.10.1-2 [95.5 kB]\n[CI/Build         ]   | Get:18 http://archive.ubuntu.com/ubuntu focal/main amd64 python3-olefile all 0.46-2 [33.7 kB]\n[CI/Build         ]   | Get:19 http://archive.ubuntu.com/ubuntu focal/main amd64 python3-pyparsing all 2.4.6-1 [61.3 kB]\n[CI/Build         ]   | Get:20 http://archive.ubuntu.com/ubuntu focal/main amd64 python3-packaging all 20.3-1 [26.8 kB]\n[CI/Build         ]   | Get:21 http://archive.ubuntu.com/ubuntu focal-updates/main amd64 python3-pil amd64 7.0.0-4ubuntu0.7 [366 kB]\n[CI/Test          ]   | Get:17 http://archive.ubuntu.com/ubuntu focal/main amd64 gettext amd64 0.19.8.1-10build1 [895 kB]\n[CI/Build         ]   | Get:22 http://archive.ubuntu.com/ubuntu focal/main amd64 sphinx-common all 1.8.5-7ubuntu3 [491 kB]\n[CI/Test          ]   | Get:18 http://archive.ubuntu.com/ubuntu focal-updates/universe amd64 python-pkg-resources all 44.0.0-2ubuntu0.1 [130 kB]\n[CI/Test          ]   | Get:19 http://archive.ubuntu.com/ubuntu focal-updates/universe amd64 python-pyflakes all 2.1.1-2ubuntu1 [48.6 kB]\n[CI/Test          ]   | Get:20 http://archive.ubuntu.com/ubuntu focal-updates/universe amd64 pyflakes all 2.1.1-2ubuntu1 [3304 B]\n[CI/Test          ]   | Get:21 http://archive.ubuntu.com/ubuntu focal-updates/universe amd64 pyflakes3 all 2.1.1-2ubuntu1 [3336 B]\n[CI/Test          ]   | Get:22 http://archive.ubuntu.com/ubuntu focal/main amd64 python3-lazy-object-proxy amd64 1.4.3-1build1 [17.9 kB]\n[CI/Build         ]   | Get:23 http://archive.ubuntu.com/ubuntu focal/main amd64 python3-alabaster all 0.7.8-1build1 [18.7 kB]\n[CI/Test          ]   | Get:23 http://archive.ubuntu.com/ubuntu focal/main amd64 python3-wrapt amd64 1.11.2-2build1 [30.6 kB]\n[CI/Build         ]   | Get:24 http://archive.ubuntu.com/ubuntu focal/main amd64 python3-sphinx all 1.8.5-7ubuntu3 [482 kB]\n[CI/Test          ]   | Get:24 http://archive.ubuntu.com/ubuntu focal/main amd64 python3-astroid all 2.3.3-1 [127 kB]\n[CI/Test          ]   | Get:25 http://archive.ubuntu.com/ubuntu focal/universe amd64 python3-isort all 4.3.4+ds1-2 [30.7 kB]\n[CI/Test          ]   | Get:26 http://archive.ubuntu.com/ubuntu focal/main amd64 python3-logilab-common all 1.4.3-2 [119 kB]\n[CI/Test          ]   | Get:27 http://archive.ubuntu.com/ubuntu focal/universe amd64 pylint all 2.4.4-2 [218 kB]\n[CI/Test          ]   | Get:28 http://archive.ubuntu.com/ubuntu focal/universe amd64 python3-atomicwrites all 1.1.5-2build1 [7016 B]\n[CI/Test          ]   | Get:29 http://archive.ubuntu.com/ubuntu focal/main amd64 python3-more-itertools all 4.2.0-1build1 [39.4 kB]\n[CI/Test          ]   | Get:30 http://archive.ubuntu.com/ubuntu focal/main amd64 python3-zipp all 1.0.0-1 [5312 B]\n[CI/Test          ]   | Get:31 http://archive.ubuntu.com/ubuntu focal/main amd64 python3-importlib-metadata all 1.5.0-1 [9992 B]\n[CI/Test          ]   | Get:32 http://archive.ubuntu.com/ubuntu focal/main amd64 python3-pyparsing all 2.4.6-1 [61.3 kB]\n[CI/Test          ]   | Get:33 http://archive.ubuntu.com/ubuntu focal/main amd64 python3-packaging all 20.3-1 [26.8 kB]\n[CI/Test          ]   | Get:34 http://archive.ubuntu.com/ubuntu focal/universe amd64 python3-pluggy all 0.13.0-2 [18.4 kB]\n[CI/Test          ]   | Get:35 http://archive.ubuntu.com/ubuntu focal-updates/universe amd64 python3-py all 1.8.1-1ubuntu0.1 [65.6 kB]\n[CI/Test          ]   | Get:36 http://archive.ubuntu.com/ubuntu focal/main amd64 python3-wcwidth all 0.1.8+dfsg1-3 [17.4 kB]\n[CI/Test          ]   | Get:37 http://archive.ubuntu.com/ubuntu focal/universe amd64 python3-pytest all 4.6.9-1 [178 kB]\n[CI/Test          ]   | Get:38 http://archive.ubuntu.com/ubuntu focal/universe amd64 python3-setuptools-scm all 3.4.3-1ubuntu1 [21.5 kB]\n[CI/Test          ]   | Get:39 http://archive.ubuntu.com/ubuntu focal-updates/main amd64 python3-tk amd64 3.8.10-0ubuntu1~20.04 [104 kB]\n[CI/Build         ]   | Fetched 8115 kB in 1s (9351 kB/s)\n[CI/Build         ]   | Selecting previously unselected package sgml-base.\r\n[CI/Build         ]   | (Reading database ... \r(Reading database ... 5%\r(Reading database ... 10%\r(Reading database ... 15%\r(Reading database ... 20%\r(Reading database ... 25%\r(Reading database ... 30%\r(Reading database ... 35%\r(Reading database ... 40%\r(Reading database ... 45%\r(Reading database ... 50%\r(Reading database ... 55%\r(Reading database ... 60%\r(Reading database ... 65%\r(Reading database ... 70%\r(Reading database ... 75%\r(Reading database ... 80%\r(Reading database ... 85%\r(Reading database ... 90%\r(Reading database ... 95%\r(Reading database ... 100%\r(Reading database ... 193678 files and directories currently installed.)\r\n[CI/Build         ]   | Preparing to unpack .../00-sgml-base_1.29.1_all.deb ...\r\n[CI/Build         ]   | Unpacking sgml-base (1.29.1) ...\r\n[CI/Build         ]   | Selecting previously unselected package gettext-base.\r\n[CI/Build         ]   | Preparing to unpack .../01-gettext-base_0.19.8.1-10build1_amd64.deb ...\r\n[CI/Build         ]   | Unpacking gettext-base (0.19.8.1-10build1) ...\r\n[CI/Build         ]   | Selecting previously unselected package xml-core.\r\n[CI/Build         ]   | Preparing to unpack .../02-xml-core_0.18+nmu1_all.deb ...\r\n[CI/Build         ]   | Unpacking xml-core (0.18+nmu1) ...\r\n[CI/Build         ]   | Selecting previously unselected package docutils-common.\r\n[CI/Build         ]   | Preparing to unpack .../03-docutils-common_0.16+dfsg-2_all.deb ...\r\n[CI/Build         ]   | Unpacking docutils-common (0.16+dfsg-2) ...\r\n[CI/Build         ]   | Selecting previously unselected package libcroco3:amd64.\r\n[CI/Build         ]   | Preparing to unpack .../04-libcroco3_0.6.13-1_amd64.deb ...\r\n[CI/Build         ]   | Unpacking libcroco3:amd64 (0.6.13-1) ...\r\n[CI/Build         ]   | Selecting previously unselected package gettext.\r\n[CI/Build         ]   | Preparing to unpack .../05-gettext_0.19.8.1-10build1_amd64.deb ...\r\n[CI/Build         ]   | Unpacking gettext (0.19.8.1-10build1) ...\r\n[CI/Build         ]   | Selecting previously unselected package libimagequant0:amd64.\r\n[CI/Build         ]   | Preparing to unpack .../06-libimagequant0_2.12.2-1.1_amd64.deb ...\r\n[CI/Build         ]   | Unpacking libimagequant0:amd64 (2.12.2-1.1) ...\r\n[CI/Build         ]   | Selecting previously unselected package libjs-underscore.\r\n[CI/Build         ]   | Preparing to unpack .../07-libjs-underscore_1.9.1~dfsg-1ubuntu0.20.04.1_all.deb ...\r\n[CI/Build         ]   | Unpacking libjs-underscore (1.9.1~dfsg-1ubuntu0.20.04.1) ...\r\n[CI/Build         ]   | Selecting previously unselected package libjs-sphinxdoc.\r\n[CI/Build         ]   | Preparing to unpack .../08-libjs-sphinxdoc_1.8.5-7ubuntu3_all.deb ...\r\n[CI/Build         ]   | Unpacking libjs-sphinxdoc (1.8.5-7ubuntu3) ...\r\n[CI/Build         ]   | Selecting previously unselected package python-babel-localedata.\r\n[CI/Build         ]   | Preparing to unpack .../09-python-babel-localedata_2.6.0+dfsg.1-1ubuntu2.2_all.deb ...\r\n[CI/Build         ]   | Unpacking python-babel-localedata (2.6.0+dfsg.1-1ubuntu2.2) ...\r\n[CI/Test          ]   | Fetched 3270 kB in 1s (3335 kB/s)\n[CI/Test          ]   | Selecting previously unselected package gettext-base.\r\n[CI/Build         ]   | Selecting previously unselected package python3-tz.\r\n[CI/Build         ]   | Preparing to unpack .../10-python3-tz_2019.3-1ubuntu0.20.04.0_all.deb ...\r\n[CI/Build         ]   | Unpacking python3-tz (2019.3-1ubuntu0.20.04.0) ...\r\n[CI/Test          ]   | (Reading database ... \r(Reading database ... 5%\r(Reading database ... 10%\r(Reading database ... 15%\r(Reading database ... 20%\r(Reading database ... 25%\r(Reading database ... 30%\r(Reading database ... 35%\r(Reading database ... 40%\r(Reading database ... 45%\r(Reading database ... 50%\r(Reading database ... 55%\r(Reading database ... 60%\r(Reading database ... 65%\r(Reading database ... 70%\r(Reading database ... 75%\r(Reading database ... 80%\r(Reading database ... 85%\r(Reading database ... 90%\r(Reading database ... 95%\r(Reading database ... 100%\r(Reading database ... 193678 files and directories currently installed.)\r\n[CI/Test          ]   | Preparing to unpack .../00-gettext-base_0.19.8.1-10build1_amd64.deb ...\r\n[CI/Test          ]   | Unpacking gettext-base (0.19.8.1-10build1) ...\r\n[CI/Build         ]   | Selecting previously unselected package python3-babel.\r\n[CI/Build         ]   | Preparing to unpack .../11-python3-babel_2.6.0+dfsg.1-1ubuntu2.2_all.deb ...\r\n[CI/Build         ]   | Unpacking python3-babel (2.6.0+dfsg.1-1ubuntu2.2) ...\r\n[CI/Test          ]   | Selecting previously unselected package python3-appdirs.\r\n[CI/Test          ]   | Preparing to unpack .../01-python3-appdirs_1.4.3-2.1_all.deb ...\r\n[CI/Test          ]   | Unpacking python3-appdirs (1.4.3-2.1) ...\r\n[CI/Build         ]   | Selecting previously unselected package python3-roman.\r\n[CI/Build         ]   | Preparing to unpack .../12-python3-roman_2.0.0-3build1_all.deb ...\r\n[CI/Build         ]   | Unpacking python3-roman (2.0.0-3build1) ...\r\n[CI/Test          ]   | Selecting previously unselected package python3-attr.\r\n[CI/Test          ]   | Preparing to unpack .../02-python3-attr_19.3.0-2_all.deb ...\r\n[CI/Test          ]   | Unpacking python3-attr (19.3.0-2) ...\r\n[CI/Build         ]   | Selecting previously unselected package python3-docutils.\r\n[CI/Build         ]   | Preparing to unpack .../13-python3-docutils_0.16+dfsg-2_all.deb ...\r\n[CI/Build         ]   | Unpacking python3-docutils (0.16+dfsg-2) ...\r\n[CI/Test          ]   | Selecting previously unselected package python3-colorama.\r\n[CI/Test          ]   | Preparing to unpack .../03-python3-colorama_0.4.3-1build1_all.deb ...\r\n[CI/Test          ]   | Unpacking python3-colorama (0.4.3-1build1) ...\r\n[CI/Test          ]   | Selecting previously unselected package python3-click.\r\n[CI/Build         ]   | Selecting previously unselected package python3-imagesize.\r\n[CI/Test          ]   | Preparing to unpack .../04-python3-click_7.0-3_all.deb ...\r\n[CI/Test          ]   | Unpacking python3-click (7.0-3) ...\r\n[CI/Build         ]   | Preparing to unpack .../14-python3-imagesize_1.2.0-1_all.deb ...\r\n[CI/Build         ]   | Unpacking python3-imagesize (1.2.0-1) ...\r\n[CI/Test          ]   | Selecting previously unselected package python3-toml.\r\n[CI/Build         ]   | Selecting previously unselected package python3-markupsafe.\r\n[CI/Test          ]   | Preparing to unpack .../05-python3-toml_0.10.0-3_all.deb ...\r\n[CI/Test          ]   | Unpacking python3-toml (0.10.0-3) ...\r\n[CI/Build         ]   | Preparing to unpack .../15-python3-markupsafe_1.1.0-1build2_amd64.deb ...\r\n[CI/Build         ]   | Unpacking python3-markupsafe (1.1.0-1build2) ...\r\n[CI/Test          ]   | Selecting previously unselected package black.\r\n[CI/Build         ]   | Selecting previously unselected package python3-jinja2.\r\n[CI/Test          ]   | Preparing to unpack .../06-black_19.3b0-1_all.deb ...\r\n[CI/Test          ]   | Unpacking black (19.3b0-1) ...\r\n[CI/Build         ]   | Preparing to unpack .../16-python3-jinja2_2.10.1-2_all.deb ...\r\n[CI/Build         ]   | Unpacking python3-jinja2 (2.10.1-2) ...\r\n[CI/Test          ]   | Selecting previously unselected package tk8.6-blt2.5.\r\n[CI/Build         ]   | Selecting previously unselected package python3-olefile.\r\n[CI/Test          ]   | Preparing to unpack .../07-tk8.6-blt2.5_2.5.3+dfsg-4_amd64.deb ...\r\n[CI/Test          ]   | Unpacking tk8.6-blt2.5 (2.5.3+dfsg-4) ...\r\n[CI/Build         ]   | Preparing to unpack .../17-python3-olefile_0.46-2_all.deb ...\r\n[CI/Build         ]   | Unpacking python3-olefile (0.46-2) ...\r\n[CI/Build         ]   | Selecting previously unselected package python3-pyparsing.\r\n[CI/Build         ]   | Preparing to unpack .../18-python3-pyparsing_2.4.6-1_all.deb ...\r\n[CI/Build         ]   | Unpacking python3-pyparsing (2.4.6-1) ...\r\n[CI/Test          ]   | Selecting previously unselected package blt.\r\n[CI/Build         ]   | Selecting previously unselected package python3-packaging.\r\n[CI/Test          ]   | Preparing to unpack .../08-blt_2.5.3+dfsg-4_amd64.deb ...\r\n[CI/Test          ]   | Unpacking blt (2.5.3+dfsg-4) ...\r\n[CI/Build         ]   | Preparing to unpack .../19-python3-packaging_20.3-1_all.deb ...\r\n[CI/Build         ]   | Unpacking python3-packaging (20.3-1) ...\r\n[CI/Test          ]   | Selecting previously unselected package python3-mccabe.\r\n[CI/Build         ]   | Selecting previously unselected package python3-pil:amd64.\r\n[CI/Test          ]   | Preparing to unpack .../09-python3-mccabe_0.6.1-3_all.deb ...\r\n[CI/Test          ]   | Unpacking python3-mccabe (0.6.1-3) ...\r\n[CI/Build         ]   | Preparing to unpack .../20-python3-pil_7.0.0-4ubuntu0.7_amd64.deb ...\r\n[CI/Build         ]   | Unpacking python3-pil:amd64 (7.0.0-4ubuntu0.7) ...\r\n[CI/Test          ]   | Selecting previously unselected package python3-pyflakes.\r\n[CI/Test          ]   | Preparing to unpack .../10-python3-pyflakes_2.1.1-2ubuntu1_all.deb ...\r\n[CI/Test          ]   | Unpacking python3-pyflakes (2.1.1-2ubuntu1) ...\r\n[CI/Build         ]   | Selecting previously unselected package sphinx-common.\r\n[CI/Test          ]   | Selecting previously unselected package python3-entrypoints.\r\n[CI/Build         ]   | Preparing to unpack .../21-sphinx-common_1.8.5-7ubuntu3_all.deb ...\r\n[CI/Build         ]   | Unpacking sphinx-common (1.8.5-7ubuntu3) ...\r\n[CI/Test          ]   | Preparing to unpack .../11-python3-entrypoints_0.3-2ubuntu1_all.deb ...\r\n[CI/Test          ]   | Unpacking python3-entrypoints (0.3-2ubuntu1) ...\r\n[CI/Test          ]   | Selecting previously unselected package python3-pycodestyle.\r\n[CI/Test          ]   | Preparing to unpack .../12-python3-pycodestyle_2.5.0-2_all.deb ...\r\n[CI/Test          ]   | Unpacking python3-pycodestyle (2.5.0-2) ...\r\n[CI/Test          ]   | Selecting previously unselected package python3-flake8.\r\n[CI/Test          ]   | Preparing to unpack .../13-python3-flake8_3.7.9-2_all.deb ...\r\n[CI/Test          ]   | Unpacking python3-flake8 (3.7.9-2) ...\r\n[CI/Build         ]   | Selecting previously unselected package python3-alabaster.\r\n[CI/Build         ]   | Preparing to unpack .../22-python3-alabaster_0.7.8-1build1_all.deb ...\r\n[CI/Build         ]   | Unpacking python3-alabaster (0.7.8-1build1) ...\r\n[CI/Test          ]   | Selecting previously unselected package flake8.\r\n[CI/Test          ]   | Preparing to unpack .../14-flake8_3.7.9-2_all.deb ...\r\n[CI/Test          ]   | Unpacking flake8 (3.7.9-2) ...\r\n[CI/Build         ]   | Selecting previously unselected package python3-sphinx.\r\n[CI/Build         ]   | Preparing to unpack .../23-python3-sphinx_1.8.5-7ubuntu3_all.deb ...\r\n[CI/Build         ]   | Unpacking python3-sphinx (1.8.5-7ubuntu3) ...\r\n[CI/Test          ]   | Selecting previously unselected package libcroco3:amd64.\r\n[CI/Test          ]   | Preparing to unpack .../15-libcroco3_0.6.13-1_amd64.deb ...\r\n[CI/Test          ]   | Unpacking libcroco3:amd64 (0.6.13-1) ...\r\n[CI/Test          ]   | Selecting previously unselected package gettext.\r\n[CI/Test          ]   | Preparing to unpack .../16-gettext_0.19.8.1-10build1_amd64.deb ...\r\n[CI/Test          ]   | Unpacking gettext (0.19.8.1-10build1) ...\r\n[CI/Build         ]   | Setting up python3-alabaster (0.7.8-1build1) ...\r\n[CI/Test          ]   | Selecting previously unselected package python-pkg-resources.\r\n[CI/Test          ]   | Preparing to unpack .../17-python-pkg-resources_44.0.0-2ubuntu0.1_all.deb ...\r\n[CI/Test          ]   | Unpacking python-pkg-resources (44.0.0-2ubuntu0.1) ...\r\n[CI/Test          ]   | Selecting previously unselected package python-pyflakes.\r\n[CI/Build         ]   | Setting up python3-olefile (0.46-2) ...\r\n[CI/Test          ]   | Preparing to unpack .../18-python-pyflakes_2.1.1-2ubuntu1_all.deb ...\r\n[CI/Test          ]   | Unpacking python-pyflakes (2.1.1-2ubuntu1) ...\r\n[CI/Test          ]   | Selecting previously unselected package pyflakes.\r\n[CI/Test          ]   | Preparing to unpack .../19-pyflakes_2.1.1-2ubuntu1_all.deb ...\r\n[CI/Test          ]   | Unpacking pyflakes (2.1.1-2ubuntu1) ...\r\n[CI/Test          ]   | Selecting previously unselected package pyflakes3.\r\n[CI/Test          ]   | Preparing to unpack .../20-pyflakes3_2.1.1-2ubuntu1_all.deb ...\r\n[CI/Test          ]   | Unpacking pyflakes3 (2.1.1-2ubuntu1) ...\r\n[CI/Test          ]   | Selecting previously unselected package python3-lazy-object-proxy.\r\n[CI/Test          ]   | Preparing to unpack .../21-python3-lazy-object-proxy_1.4.3-1build1_amd64.deb ...\r\n[CI/Test          ]   | Unpacking python3-lazy-object-proxy (1.4.3-1build1) ...\r\n[CI/Build         ]   | Setting up gettext-base (0.19.8.1-10build1) ...\r\n[CI/Build         ]   | Setting up python3-markupsafe (1.1.0-1build2) ...\r\n[CI/Test          ]   | Selecting previously unselected package python3-wrapt.\r\n[CI/Test          ]   | Preparing to unpack .../22-python3-wrapt_1.11.2-2build1_amd64.deb ...\r\n[CI/Test          ]   | Unpacking python3-wrapt (1.11.2-2build1) ...\r\n[CI/Test          ]   | Selecting previously unselected package python3-astroid.\r\n[CI/Test          ]   | Preparing to unpack .../23-python3-astroid_2.3.3-1_all.deb ...\r\n[CI/Test          ]   | Unpacking python3-astroid (2.3.3-1) ...\r\n[CI/Test          ]   | Selecting previously unselected package python3-isort.\r\n[CI/Test          ]   | Preparing to unpack .../24-python3-isort_4.3.4+ds1-2_all.deb ...\r\n[CI/Build         ]   | Setting up python3-tz (2019.3-1ubuntu0.20.04.0) ...\r\n[CI/Test          ]   | Unpacking python3-isort (4.3.4+ds1-2) ...\r\n[CI/Test          ]   | Selecting previously unselected package python3-logilab-common.\r\n[CI/Test          ]   | Preparing to unpack .../25-python3-logilab-common_1.4.3-2_all.deb ...\r\n[CI/Test          ]   | Unpacking python3-logilab-common (1.4.3-2) ...\r\n[CI/Test          ]   | Selecting previously unselected package pylint.\r\n[CI/Test          ]   | Preparing to unpack .../26-pylint_2.4.4-2_all.deb ...\r\n[CI/Test          ]   | Unpacking pylint (2.4.4-2) ...\r\n[CI/Build         ]   | Setting up python-babel-localedata (2.6.0+dfsg.1-1ubuntu2.2) ...\r\n[CI/Build         ]   | Setting up python3-roman (2.0.0-3build1) ...\r\n[CI/Test          ]   | Selecting previously unselected package python3-atomicwrites.\r\n[CI/Test          ]   | Preparing to unpack .../27-python3-atomicwrites_1.1.5-2build1_all.deb ...\r\n[CI/Test          ]   | Unpacking python3-atomicwrites (1.1.5-2build1) ...\r\n[CI/Test          ]   | Selecting previously unselected package python3-more-itertools.\r\n[CI/Test          ]   | Preparing to unpack .../28-python3-more-itertools_4.2.0-1build1_all.deb ...\r\n[CI/Test          ]   | Unpacking python3-more-itertools (4.2.0-1build1) ...\r\n[CI/Build         ]   | Setting up python3-jinja2 (2.10.1-2) ...\r\n[CI/Test          ]   | Selecting previously unselected package python3-zipp.\r\n[CI/Test          ]   | Preparing to unpack .../29-python3-zipp_1.0.0-1_all.deb ...\r\n[CI/Test          ]   | Unpacking python3-zipp (1.0.0-1) ...\r\n[CI/Test          ]   | Selecting previously unselected package python3-importlib-metadata.\r\n[CI/Test          ]   | Preparing to unpack .../30-python3-importlib-metadata_1.5.0-1_all.deb ...\r\n[CI/Test          ]   | Unpacking python3-importlib-metadata (1.5.0-1) ...\r\n[CI/Test          ]   | Selecting previously unselected package python3-pyparsing.\r\n[CI/Test          ]   | Preparing to unpack .../31-python3-pyparsing_2.4.6-1_all.deb ...\r\n[CI/Test          ]   | Unpacking python3-pyparsing (2.4.6-1) ...\r\n[CI/Test          ]   | Selecting previously unselected package python3-packaging.\r\n[CI/Test          ]   | Preparing to unpack .../32-python3-packaging_20.3-1_all.deb ...\r\n[CI/Test          ]   | Unpacking python3-packaging (20.3-1) ...\r\n[CI/Test          ]   | Selecting previously unselected package python3-pluggy.\r\n[CI/Build         ]   | Setting up python3-pyparsing (2.4.6-1) ...\r\n[CI/Test          ]   | Preparing to unpack .../33-python3-pluggy_0.13.0-2_all.deb ...\r\n[CI/Test          ]   | Unpacking python3-pluggy (0.13.0-2) ...\r\n[CI/Test          ]   | Selecting previously unselected package python3-py.\r\n[CI/Test          ]   | Preparing to unpack .../34-python3-py_1.8.1-1ubuntu0.1_all.deb ...\r\n[CI/Test          ]   | Unpacking python3-py (1.8.1-1ubuntu0.1) ...\r\n[CI/Test          ]   | Selecting previously unselected package python3-wcwidth.\r\n[CI/Test          ]   | Preparing to unpack .../35-python3-wcwidth_0.1.8+dfsg1-3_all.deb ...\r\n[CI/Test          ]   | Unpacking python3-wcwidth (0.1.8+dfsg1-3) ...\r\n[CI/Test          ]   | Selecting previously unselected package python3-pytest.\r\n[CI/Test          ]   | Preparing to unpack .../36-python3-pytest_4.6.9-1_all.deb ...\r\n[CI/Test          ]   | Unpacking python3-pytest (4.6.9-1) ...\r\n[CI/Build         ]   | Setting up libimagequant0:amd64 (2.12.2-1.1) ...\r\n[CI/Build         ]   | Setting up libcroco3:amd64 (0.6.13-1) ...\r\n[CI/Build         ]   | Setting up sgml-base (1.29.1) ...\r\n[CI/Test          ]   | Selecting previously unselected package python3-setuptools-scm.\r\n[CI/Build         ]   | Setting up libjs-underscore (1.9.1~dfsg-1ubuntu0.20.04.1) ...\r\n[CI/Build         ]   | Setting up python3-imagesize (1.2.0-1) ...\r\n[CI/Test          ]   | Preparing to unpack .../37-python3-setuptools-scm_3.4.3-1ubuntu1_all.deb ...\r\n[CI/Test          ]   | Unpacking python3-setuptools-scm (3.4.3-1ubuntu1) ...\r\n[CI/Test          ]   | Selecting previously unselected package python3-tk:amd64.\r\n[CI/Test          ]   | Preparing to unpack .../38-python3-tk_3.8.10-0ubuntu1~20.04_amd64.deb ...\r\n[CI/Test          ]   | Unpacking python3-tk:amd64 (3.8.10-0ubuntu1~20.04) ...\r\n[CI/Test          ]   | Setting up python3-entrypoints (0.3-2ubuntu1) ...\r\n[CI/Build         ]   | Setting up gettext (0.19.8.1-10build1) ...\r\n[CI/Build         ]   | Setting up python3-babel (2.6.0+dfsg.1-1ubuntu2.2) ...\r\n[CI/Build         ]   | update-alternatives: using /usr/bin/pybabel-python3 to provide /usr/bin/pybabel (pybabel) in auto mode\r\n[CI/Test          ]   | Setting up python3-more-itertools (4.2.0-1build1) ...\r\n[CI/Build         ]   | Setting up python3-pil:amd64 (7.0.0-4ubuntu0.7) ...\r\n[CI/Test          ]   | Setting up python3-attr (19.3.0-2) ...\r\n[CI/Build         ]   | Setting up python3-packaging (20.3-1) ...\r\n[CI/Test          ]   | Setting up tk8.6-blt2.5 (2.5.3+dfsg-4) ...\r\n[CI/Test          ]   | Setting up python3-py (1.8.1-1ubuntu0.1) ...\r\n[CI/Build         ]   | Setting up libjs-sphinxdoc (1.8.5-7ubuntu3) ...\r\n[CI/Build         ]   | Setting up xml-core (0.18+nmu1) ...\r\n[CI/Test          ]   | Setting up python3-logilab-common (1.4.3-2) ...\r\n[CI/Build         ]   | Setting up sphinx-common (1.8.5-7ubuntu3) ...\r\n[CI/Build         ]   | Processing triggers for libc-bin (2.31-0ubuntu9.2) ...\r\n[CI/Build         ]   | Processing triggers for shared-mime-info (1.15-1) ...\r\n[CI/Test          ]   | Setting up python3-colorama (0.4.3-1build1) ...\r\n[CI/Test          ]   | Setting up python-pkg-resources (44.0.0-2ubuntu0.1) ...\r\n[CI/Test          ]   | Setting up blt (2.5.3+dfsg-4) ...\r\n[CI/Test          ]   | Setting up python3-pyflakes (2.1.1-2ubuntu1) ...\r\n[CI/Test          ]   | Setting up gettext-base (0.19.8.1-10build1) ...\r\n[CI/Test          ]   | Setting up python3-tk:amd64 (3.8.10-0ubuntu1~20.04) ...\r\n[CI/Test          ]   | Setting up python3-zipp (1.0.0-1) ...\r\n[CI/Build         ]   | Processing triggers for sgml-base (1.29.1) ...\r\n[CI/Build         ]   | Setting up docutils-common (0.16+dfsg-2) ...\r\n[CI/Build         ]   | Processing triggers for sgml-base (1.29.1) ...\r\n[CI/Test          ]   | Setting up python3-click (7.0-3) ...\r\n[CI/Build         ]   | Setting up python3-docutils (0.16+dfsg-2) ...\r\n[CI/Build         ]   | update-alternatives: using /usr/share/docutils/scripts/python3/rst-buildhtml to provide /usr/bin/rst-buildhtml (rst-buildhtml) in auto mode\r\n[CI/Build         ]   | update-alternatives: using /usr/share/docutils/scripts/python3/rst2html to provide /usr/bin/rst2html (rst2html) in auto mode\r\n[CI/Build         ]   | update-alternatives: using /usr/share/docutils/scripts/python3/rst2html4 to provide /usr/bin/rst2html4 (rst2html4) in auto mode\r\n[CI/Build         ]   | update-alternatives: using /usr/share/docutils/scripts/python3/rst2html5 to provide /usr/bin/rst2html5 (rst2html5) in auto mode\r\n[CI/Build         ]   | update-alternatives: using /usr/share/docutils/scripts/python3/rst2latex to provide /usr/bin/rst2latex (rst2latex) in auto mode\r\n[CI/Build         ]   | update-alternatives: using /usr/share/docutils/scripts/python3/rst2man to provide /usr/bin/rst2man (rst2man) in auto mode\r\n[CI/Build         ]   | update-alternatives: using /usr/share/docutils/scripts/python3/rst2odt to provide /usr/bin/rst2odt (rst2odt) in auto mode\r\n[CI/Build         ]   | update-alternatives: using /usr/share/docutils/scripts/python3/rst2odt_prepstyles to provide /usr/bin/rst2odt_prepstyles (rst2odt_prepstyles) in auto mode\r\n[CI/Build         ]   | update-alternatives: using /usr/share/docutils/scripts/python3/rst2pseudoxml to provide /usr/bin/rst2pseudoxml (rst2pseudoxml) in auto mode\r\n[CI/Build         ]   | update-alternatives: using /usr/share/docutils/scripts/python3/rst2s5 to provide /usr/bin/rst2s5 (rst2s5) in auto mode\r\n[CI/Build         ]   | update-alternatives: using /usr/share/docutils/scripts/python3/rst2xetex to provide /usr/bin/rst2xetex (rst2xetex) in auto mode\r\n[CI/Build         ]   | update-alternatives: using /usr/share/docutils/scripts/python3/rst2xml to provide /usr/bin/rst2xml (rst2xml) in auto mode\r\n[CI/Build         ]   | update-alternatives: using /usr/share/docutils/scripts/python3/rstpep2html to provide /usr/bin/rstpep2html (rstpep2html) in auto mode\r\n[CI/Test          ]   | Setting up python3-atomicwrites (1.1.5-2build1) ...\r\n[CI/Test          ]   | Setting up python3-pycodestyle (2.5.0-2) ...\r\n[CI/Build         ]   | Setting up python3-sphinx (1.8.5-7ubuntu3) ...\r\n[CI/Build         ]   | update-alternatives: using /usr/share/sphinx/scripts/python3/sphinx-apidoc to provide /usr/bin/sphinx-apidoc (sphinx-apidoc) in auto mode\r\n[CI/Build         ]   | update-alternatives: using /usr/share/sphinx/scripts/python3/sphinx-autogen to provide /usr/bin/sphinx-autogen (sphinx-autogen) in auto mode\r\n[CI/Build         ]   | update-alternatives: using /usr/share/sphinx/scripts/python3/sphinx-build to provide /usr/bin/sphinx-build (sphinx-build) in auto mode\r\n[CI/Build         ]   | update-alternatives: using /usr/share/sphinx/scripts/python3/sphinx-quickstart to provide /usr/bin/sphinx-quickstart (sphinx-quickstart) in auto mode\r\n[CI/Test          ]   | Setting up python3-wcwidth (0.1.8+dfsg1-3) ...\r\n[CI/Test          ]   | Setting up python3-pyparsing (2.4.6-1) ...\r\n[CI/Test          ]   | Setting up python3-wrapt (1.11.2-2build1) ...\r\n[CI/Test          ]   | Setting up libcroco3:amd64 (0.6.13-1) ...\r\n[CI/Test          ]   | Setting up python3-toml (0.10.0-3) ...\r\n[CI/Build         ]   \u2705  Success - Main Install Dependencies\n[CI/Test          ]   | Setting up python3-isort (4.3.4+ds1-2) ...\r\n[CI/Build         ] \u2b50 Run Main Build\n[CI/Test          ]   | Setting up python3-mccabe (0.6.1-3) ...\r\n[CI/Build         ]   \ud83d\udc33  docker exec cmd=[bash --noprofile --norc -e -o pipefail /var/run/act/workflow/2] user= workdir=\n[CI/Test          ]   | Setting up python3-lazy-object-proxy (1.4.3-1build1) ...\r\n[CI/Build         ]   | Traceback (most recent call last):\n[CI/Build         ]   |   File \"/tmp/de65f406-fe28-11ed-a890-af2cc187fc11/git-cola-git-cola/qtpy/__init__.py\", line 223, in <module>\n[CI/Build         ]   |     from PySide6 import __version__ as PYSIDE_VERSION  # analysis:ignore\n[CI/Build         ]   | ModuleNotFoundError: No module named 'PySide6'\n[CI/Build         ]   | \n[CI/Build         ]   | During handling of the above exception, another exception occurred:\n[CI/Build         ]   | \n[CI/Build         ]   | Traceback (most recent call last):\n[CI/Build         ]   |   File \"./bin/git-cola\", line 11, in <module>\n[CI/Build         ]   |     from cola.main import main\n[CI/Build         ]   |   File \"/tmp/de65f406-fe28-11ed-a890-af2cc187fc11/git-cola-git-cola/cola/main.py\", line 6, in <module>\n[CI/Build         ]   |     from . import app\n[CI/Build         ]   |   File \"/tmp/de65f406-fe28-11ed-a890-af2cc187fc11/git-cola-git-cola/cola/app.py\", line 16, in <module>\n[CI/Build         ]   |     from qtpy import QtCore\n[CI/Build         ]   |   File \"/tmp/de65f406-fe28-11ed-a890-af2cc187fc11/git-cola-git-cola/qtpy/__init__.py\", line 230, in <module>\n[CI/Build         ]   |     raise QtBindingsNotFoundError()\n[CI/Build         ]   | qtpy.QtBindingsNotFoundError: No Qt bindings could be found\n[CI/Build         ]   | pip --quiet  install  --prefix=\"build\" --disable-pip-version-check .\n[CI/Test          ]   | Setting up python3-appdirs (1.4.3-2.1) ...\r\n[CI/Test          ]   | Setting up python-pyflakes (2.1.1-2ubuntu1) ...\r\n[CI/Test          ]   | Setting up pyflakes3 (2.1.1-2ubuntu1) ...\r\n[CI/Test          ]   | Setting up gettext (0.19.8.1-10build1) ...\r\n[CI/Test          ]   | Setting up python3-importlib-metadata (1.5.0-1) ...\r\n[CI/Test          ]   | Setting up black (19.3b0-1) ...\r\n[CI/Test          ]   | Setting up python3-setuptools-scm (3.4.3-1ubuntu1) ...\r\n[CI/Test          ]   | Setting up pyflakes (2.1.1-2ubuntu1) ...\r\n[CI/Test          ]   | Setting up python3-flake8 (3.7.9-2) ...\r\n[CI/Test          ]   | Setting up python3-packaging (20.3-1) ...\r\n[CI/Test          ]   | Setting up python3-pluggy (0.13.0-2) ...\r\n[CI/Test          ]   | Setting up python3-astroid (2.3.3-1) ...\r\n[CI/Test          ]   | Setting up pylint (2.4.4-2) ...\r\n[CI/Test          ]   | Setting up python3-pytest (4.6.9-1) ...\r\n[CI/Test          ]   | Setting up flake8 (3.7.9-2) ...\r\n[CI/Test          ]   | Processing triggers for libc-bin (2.31-0ubuntu9.2) ...\r\n[CI/Test          ]   | + sudo apt-get install python3-qtpy python3-pyqt5\n[CI/Test          ]   | Reading package lists...\n[CI/Test          ]   | Building dependency tree...\n[CI/Test          ]   | Reading state information...\n[CI/Test          ]   | The following additional packages will be installed:\n[CI/Test          ]   |   avahi-daemon geoclue-2.0 gstreamer1.0-plugins-base iio-sensor-proxy\n[CI/Test          ]   |   libasyncns0 libavahi-core7 libavahi-glib1 libcdparanoia0 libdaemon0\n[CI/Test          ]   |   libdouble-conversion3 libegl-mesa0 libegl1 libevdev2 libflac8 libgbm-dev\n[CI/Test          ]   |   libgbm1 libgl1 libgl1-mesa-dri libglapi-mesa libglvnd0 libglx-mesa0 libglx0\n[CI/Test          ]   |   libgstreamer-plugins-base1.0-0 libgstreamer1.0-0 libgudev-1.0-0 libhyphen0\n[CI/Test          ]   |   libinput-bin libinput10 libmbim-glib4 libmbim-proxy libmm-glib0 libmtdev1\n[CI/Test          ]   |   libnl-3-200 libnl-genl-3-200 libnl-route-3-200 libnss-mdns libopus0\n[CI/Test          ]   |   liborc-0.4-0 libpcsclite1 libpulse0 libqmi-glib5 libqmi-proxy libqt5core5a\n[CI/Test          ]   |   libqt5dbus5 libqt5designer5 libqt5gui5 libqt5help5 libqt5location5\n[CI/Test          ]   |   libqt5multimedia5 libqt5multimediawidgets5 libqt5network5 libqt5opengl5\n[CI/Test          ]   |   libqt5positioning5 libqt5positioningquick5 libqt5printsupport5 libqt5qml5\n[CI/Test          ]   |   libqt5quick5 libqt5quickwidgets5 libqt5sensors5 libqt5sql5 libqt5sql5-sqlite\n[CI/Test          ]   |   libqt5svg5 libqt5test5 libqt5webchannel5 libqt5webkit5 libqt5websockets5\n[CI/Test          ]   |   libqt5widgets5 libqt5xml5 libqt5xmlpatterns5 libsndfile1 libtheora0\n[CI/Test          ]   |   libusb-1.0-0 libvisual-0.4-0 libvorbisenc2 libwacom-bin libwacom-common\n[CI/Test          ]   |   libwacom2 libwoff1 libxcb-icccm4 libxcb-image0 libxcb-keysyms1 libxcb-randr0\n[CI/Test          ]   |   libxcb-render-util0 libxcb-util1 libxcb-xinerama0 libxcb-xinput0 libxcb-xkb1\n[CI/Test          ]   |   libxkbcommon-x11-0 modemmanager python3-mock python3-pbr\n[CI/Test          ]   |   python3-pyqt5.qtmultimedia python3-pyqt5.qtopengl\n[CI/Test          ]   |   python3-pyqt5.qtpositioning python3-pyqt5.qtquick python3-pyqt5.qtsql\n[CI/Test          ]   |   python3-pyqt5.qtsvg python3-pyqt5.qtwebchannel python3-pyqt5.qtwebkit\n[CI/Test          ]   |   python3-pyqt5.qtwebsockets python3-pyqt5.qtxmlpatterns python3-sip\n[CI/Test          ]   |   qt5-gtk-platformtheme qttranslations5-l10n usb-modeswitch\n[CI/Test          ]   |   usb-modeswitch-data wpasupplicant\n[CI/Test          ]   | Suggested packages:\n[CI/Test          ]   |   avahi-autoipd gvfs libvisual-0.4-plugins gstreamer1.0-tools avahi-autoipd\n[CI/Test          ]   |   | zeroconf opus-tools pcscd pulseaudio qt5-image-formats-plugins qtwayland5\n[CI/Test          ]   |   qt5-qmltooling-plugins python-mock-doc python3-pyqt5-dbg comgt wvdial wpagui\n[CI/Test          ]   |   libengine-pkcs11-openssl\n[CI/Test          ]   | The following NEW packages will be installed:\n[CI/Test          ]   |   avahi-daemon geoclue-2.0 gstreamer1.0-plugins-base iio-sensor-proxy\n[CI/Test          ]   |   libasyncns0 libavahi-core7 libavahi-glib1 libcdparanoia0 libdaemon0\n[CI/Test          ]   |   libdouble-conversion3 libegl-mesa0 libegl1 libevdev2 libflac8\n[CI/Test          ]   |   libgstreamer-plugins-base1.0-0 libgudev-1.0-0 libhyphen0 libinput-bin\n[CI/Test          ]   |   libinput10 libmbim-glib4 libmbim-proxy libmm-glib0 libmtdev1\n[CI/Test          ]   |   libnl-genl-3-200 libnl-route-3-200 libnss-mdns libopus0 liborc-0.4-0\n[CI/Test          ]   |   libpcsclite1 libpulse0 libqmi-glib5 libqmi-proxy libqt5core5a libqt5dbus5\n[CI/Test          ]   |   libqt5designer5 libqt5gui5 libqt5help5 libqt5location5 libqt5multimedia5\n[CI/Test          ]   |   libqt5multimediawidgets5 libqt5network5 libqt5opengl5 libqt5positioning5\n[CI/Test          ]   |   libqt5positioningquick5 libqt5printsupport5 libqt5qml5 libqt5quick5\n[CI/Test          ]   |   libqt5quickwidgets5 libqt5sensors5 libqt5sql5 libqt5sql5-sqlite libqt5svg5\n[CI/Test          ]   |   libqt5test5 libqt5webchannel5 libqt5webkit5 libqt5websockets5 libqt5widgets5\n[CI/Test          ]   |   libqt5xml5 libqt5xmlpatterns5 libsndfile1 libtheora0 libusb-1.0-0\n[CI/Test          ]   |   libvisual-0.4-0 libvorbisenc2 libwacom-bin libwacom-common libwacom2\n[CI/Test          ]   |   libwoff1 libxcb-icccm4 libxcb-image0 libxcb-keysyms1 libxcb-randr0\n[CI/Test          ]   |   libxcb-render-util0 libxcb-util1 libxcb-xinerama0 libxcb-xinput0 libxcb-xkb1\n[CI/Test          ]   |   libxkbcommon-x11-0 modemmanager python3-mock python3-pbr python3-pyqt5\n[CI/Test          ]   |   python3-pyqt5.qtmultimedia python3-pyqt5.qtopengl\n[CI/Test          ]   |   python3-pyqt5.qtpositioning python3-pyqt5.qtquick python3-pyqt5.qtsql\n[CI/Test          ]   |   python3-pyqt5.qtsvg python3-pyqt5.qtwebchannel python3-pyqt5.qtwebkit\n[CI/Test          ]   |   python3-pyqt5.qtwebsockets python3-pyqt5.qtxmlpatterns python3-qtpy\n[CI/Test          ]   |   python3-sip qt5-gtk-platformtheme qttranslations5-l10n usb-modeswitch\n[CI/Test          ]   |   usb-modeswitch-data wpasupplicant\n[CI/Test          ]   | The following packages will be upgraded:\n[CI/Test          ]   |   libgbm-dev libgbm1 libgl1 libgl1-mesa-dri libglapi-mesa libglvnd0\n[CI/Test          ]   |   libglx-mesa0 libglx0 libgstreamer1.0-0 libnl-3-200\n[CI/Test          ]   | 10 upgraded, 99 newly installed, 0 to remove and 378 not upgraded.\n[CI/Test          ]   | Need to get 53.6 MB of archives.\n[CI/Test          ]   | After this operation, 237 MB of additional disk space will be used.\n[CI/Test          ]   | Get:1 http://archive.ubuntu.com/ubuntu focal/universe amd64 libdouble-conversion3 amd64 3.1.5-4ubuntu1 [37.9 kB]\n[CI/Test          ]   | Get:2 http://archive.ubuntu.com/ubuntu focal-updates/universe amd64 libqt5core5a amd64 5.12.8+dfsg-0ubuntu2.1 [2006 kB]\n[CI/Test          ]   | Get:3 http://archive.ubuntu.com/ubuntu focal-updates/main amd64 libgl1-mesa-dri amd64 21.2.6-0ubuntu0.1~20.04.2 [11.0 MB]\n[CI/Test          ]   | Get:4 http://archive.ubuntu.com/ubuntu focal-updates/main amd64 libglx-mesa0 amd64 21.2.6-0ubuntu0.1~20.04.2 [137 kB]\n[CI/Test          ]   | Get:5 http://archive.ubuntu.com/ubuntu focal-updates/main amd64 libglapi-mesa amd64 21.2.6-0ubuntu0.1~20.04.2 [27.4 kB]\n[CI/Test          ]   | Get:6 http://archive.ubuntu.com/ubuntu focal-updates/main amd64 libgl1 amd64 1.3.2-1~ubuntu0.20.04.2 [85.8 kB]\n[CI/Test          ]   | Get:7 http://archive.ubuntu.com/ubuntu focal-updates/main amd64 libglx0 amd64 1.3.2-1~ubuntu0.20.04.2 [32.5 kB]\n[CI/Test          ]   | Get:8 http://archive.ubuntu.com/ubuntu focal-updates/main amd64 libglvnd0 amd64 1.3.2-1~ubuntu0.20.04.2 [48.1 kB]\n[CI/Test          ]   | Get:9 http://archive.ubuntu.com/ubuntu focal-updates/main amd64 libgbm-dev amd64 21.2.6-0ubuntu0.1~20.04.2 [9096 B]\n[CI/Test          ]   | Get:10 http://archive.ubuntu.com/ubuntu focal-updates/main amd64 libgbm1 amd64 21.2.6-0ubuntu0.1~20.04.2 [29.2 kB]\n[CI/Test          ]   | Get:11 http://archive.ubuntu.com/ubuntu focal-updates/main amd64 libegl-mesa0 amd64 21.2.6-0ubuntu0.1~20.04.2 [96.3 kB]\n[CI/Test          ]   | Get:12 http://archive.ubuntu.com/ubuntu focal-updates/main amd64 libegl1 amd64 1.3.2-1~ubuntu0.20.04.2 [31.9 kB]\n[CI/Test          ]   | Get:13 http://archive.ubuntu.com/ubuntu focal-updates/main amd64 libevdev2 amd64 1.9.0+dfsg-1ubuntu0.2 [31.6 kB]\n[CI/Test          ]   | Get:14 http://archive.ubuntu.com/ubuntu focal/main amd64 libmtdev1 amd64 1.1.5-1.1 [14.2 kB]\n[CI/Test          ]   | Get:15 http://archive.ubuntu.com/ubuntu focal/main amd64 libgudev-1.0-0 amd64 1:233-1 [14.0 kB]\n[CI/Test          ]   | Get:16 http://archive.ubuntu.com/ubuntu focal-updates/main amd64 libwacom-common all 1.3-2ubuntu3 [45.3 kB]\n[CI/Test          ]   | Get:17 http://archive.ubuntu.com/ubuntu focal-updates/main amd64 libwacom2 amd64 1.3-2ubuntu3 [20.0 kB]\n[CI/Test          ]   | Get:18 http://archive.ubuntu.com/ubuntu focal-updates/main amd64 libinput-bin amd64 1.15.5-1ubuntu0.3 [19.3 kB]\n[CI/Test          ]   | Get:19 http://archive.ubuntu.com/ubuntu focal-updates/main amd64 libinput10 amd64 1.15.5-1ubuntu0.3 [112 kB]\n[CI/Test          ]   | Get:20 http://archive.ubuntu.com/ubuntu focal-updates/universe amd64 libqt5dbus5 amd64 5.12.8+dfsg-0ubuntu2.1 [208 kB]\n[CI/Test          ]   | Get:21 http://archive.ubuntu.com/ubuntu focal-updates/universe amd64 libqt5network5 amd64 5.12.8+dfsg-0ubuntu2.1 [673 kB]\n[CI/Test          ]   | Get:22 http://archive.ubuntu.com/ubuntu focal/main amd64 libxcb-icccm4 amd64 0.4.1-1.1 [10.8 kB]\n[CI/Test          ]   | Get:23 http://archive.ubuntu.com/ubuntu focal/main amd64 libxcb-util1 amd64 0.4.0-0ubuntu3 [11.2 kB]\n[CI/Test          ]   | Get:24 http://archive.ubuntu.com/ubuntu focal/main amd64 libxcb-image0 amd64 0.4.0-1build1 [12.3 kB]\n[CI/Test          ]   | Get:25 http://archive.ubuntu.com/ubuntu focal/main amd64 libxcb-keysyms1 amd64 0.4.0-1build1 [8452 B]\n[CI/Test          ]   | Get:26 http://archive.ubuntu.com/ubuntu focal/main amd64 libxcb-randr0 amd64 1.14-2 [16.3 kB]\n[CI/Test          ]   | Get:27 http://archive.ubuntu.com/ubuntu focal/main amd64 libxcb-render-util0 amd64 0.3.9-1build1 [9912 B]\n[CI/Test          ]   | Get:28 http://archive.ubuntu.com/ubuntu focal/main amd64 libxcb-xinerama0 amd64 1.14-2 [5260 B]\n[CI/Test          ]   | Get:29 http://archive.ubuntu.com/ubuntu focal/main amd64 libxcb-xinput0 amd64 1.14-2 [29.3 kB]\n[CI/Test          ]   | Get:30 http://archive.ubuntu.com/ubuntu focal/main amd64 libxcb-xkb1 amd64 1.14-2 [29.6 kB]\n[CI/Test          ]   | Get:31 http://archive.ubuntu.com/ubuntu focal/main amd64 libxkbcommon-x11-0 amd64 0.10.0-1 [13.4 kB]\n[CI/Test          ]   | Get:32 http://archive.ubuntu.com/ubuntu focal-updates/universe amd64 libqt5gui5 amd64 5.12.8+dfsg-0ubuntu2.1 [2971 kB]\n[CI/Test          ]   | Get:33 http://archive.ubuntu.com/ubuntu focal-updates/universe amd64 libqt5widgets5 amd64 5.12.8+dfsg-0ubuntu2.1 [2295 kB]\n[CI/Test          ]   | Get:34 http://archive.ubuntu.com/ubuntu focal/universe amd64 libqt5svg5 amd64 5.12.8-0ubuntu1 [131 kB]\n[CI/Test          ]   | Get:35 http://archive.ubuntu.com/ubuntu focal-updates/main amd64 libgstreamer1.0-0 amd64 1.16.3-0ubuntu1.1 [894 kB]\n[CI/Test          ]   | Get:36 http://archive.ubuntu.com/ubuntu focal/main amd64 liborc-0.4-0 amd64 1:0.4.31-1 [188 kB]\n[CI/Test          ]   | Get:37 http://archive.ubuntu.com/ubuntu focal-updates/main amd64 libgstreamer-plugins-base1.0-0 amd64 1.16.3-0ubuntu1.1 [740 kB]\n[CI/Test          ]   | Get:38 http://archive.ubuntu.com/ubuntu focal/main amd64 libhyphen0 amd64 2.8.8-7 [27.0 kB]\n[CI/Test          ]   | Get:39 http://archive.ubuntu.com/ubuntu focal/universe amd64 libqt5positioning5 amd64 5.12.8+dfsg-0ubuntu1 [197 kB]\n[CI/Test          ]   | Get:40 http://archive.ubuntu.com/ubuntu focal-updates/universe amd64 libqt5printsupport5 amd64 5.12.8+dfsg-0ubuntu2.1 [193 kB]\n[CI/Test          ]   | Get:41 http://archive.ubuntu.com/ubuntu focal/universe amd64 libqt5qml5 amd64 5.12.8-0ubuntu1 [1438 kB]\n[CI/Test          ]   | Get:42 http://archive.ubuntu.com/ubuntu focal/universe amd64 libqt5quick5 amd64 5.12.8-0ubuntu1 [1335 kB]\n[CI/Test          ]   | Get:43 http://archive.ubuntu.com/ubuntu focal/universe amd64 libqt5sensors5 amd64 5.12.8-0ubuntu1 [114 kB]\n[CI/Test          ]   | Get:44 http://archive.ubuntu.com/ubuntu focal/universe amd64 libqt5webchannel5 amd64 5.12.8-0ubuntu1 [51.2 kB]\n[CI/Test          ]   | Get:45 http://archive.ubuntu.com/ubuntu focal/main amd64 libwoff1 amd64 1.0.2-1build2 [42.0 kB]\n[CI/Test          ]   | Get:46 http://archive.ubuntu.com/ubuntu focal-updates/universe amd64 libqt5webkit5 amd64 5.212.0~alpha4-1ubuntu2.1 [12.1 MB]\n[CI/Test          ]   | Get:47 http://archive.ubuntu.com/ubuntu focal/main amd64 libusb-1.0-0 amd64 2:1.0.23-2build1 [46.5 kB]\n[CI/Test          ]   | Get:48 http://archive.ubuntu.com/ubuntu focal-updates/main amd64 libavahi-core7 amd64 0.7-4ubuntu7.1 [82.0 kB]\n[CI/Test          ]   | Get:49 http://archive.ubuntu.com/ubuntu focal/main amd64 libdaemon0 amd64 0.14-7 [13.9 kB]\n[CI/Test          ]   | Get:50 http://archive.ubuntu.com/ubuntu focal-updates/main amd64 avahi-daemon amd64 0.7-4ubuntu7.1 [61.0 kB]\n[CI/Test          ]   | Get:51 http://archive.ubuntu.com/ubuntu focal-updates/main amd64 libavahi-glib1 amd64 0.7-4ubuntu7.1 [7792 B]\n[CI/Test          ]   | Get:52 http://archive.ubuntu.com/ubuntu focal-updates/main amd64 libmm-glib0 amd64 1.18.6-1~ubuntu20.04.1 [203 kB]\n[CI/Test          ]   | Get:53 http://archive.ubuntu.com/ubuntu focal/main amd64 geoclue-2.0 amd64 2.5.6-0ubuntu1 [91.9 kB]\n[CI/Test          ]   | Get:54 http://archive.ubuntu.com/ubuntu focal/main amd64 libcdparanoia0 amd64 3.10.2+debian-13 [46.7 kB]\n[CI/Test          ]   | Get:55 http://archive.ubuntu.com/ubuntu focal/main amd64 libopus0 amd64 1.3.1-0ubuntu1 [191 kB]\n[CI/Test          ]   | Get:56 http://archive.ubuntu.com/ubuntu focal/main amd64 libtheora0 amd64 1.1.1+dfsg.1-15ubuntu2 [162 kB]\n[CI/Test          ]   | Get:57 http://archive.ubuntu.com/ubuntu focal/main amd64 libvisual-0.4-0 amd64 0.4.0-17 [99.8 kB]\n[CI/Test          ]   | Get:58 http://archive.ubuntu.com/ubuntu focal/main amd64 libvorbisenc2 amd64 1.3.6-2ubuntu1 [70.7 kB]\n[CI/Test          ]   | Get:59 http://archive.ubuntu.com/ubuntu focal-updates/main amd64 gstreamer1.0-plugins-base amd64 1.16.3-0ubuntu1.1 [620 kB]\n[CI/Test          ]   | Get:60 http://archive.ubuntu.com/ubuntu focal-updates/main amd64 iio-sensor-proxy amd64 2.8-1ubuntu2 [35.8 kB]\n[CI/Test          ]   | Get:61 http://archive.ubuntu.com/ubuntu focal/main amd64 libasyncns0 amd64 0.8-6 [12.1 kB]\n[CI/Test          ]   | Get:62 http://archive.ubuntu.com/ubuntu focal-updates/main amd64 libflac8 amd64 1.3.3-1ubuntu0.1 [103 kB]\n[CI/Test          ]   | Get:63 http://archive.ubuntu.com/ubuntu focal-updates/main amd64 libmbim-glib4 amd64 1.26.2-1~ubuntu20.04.1 [123 kB]\n[CI/Test          ]   | Get:64 http://archive.ubuntu.com/ubuntu focal-updates/main amd64 libmbim-proxy amd64 1.26.2-1~ubuntu20.04.1 [6012 B]\n[CI/Test          ]   | Get:65 http://archive.ubuntu.com/ubuntu focal-updates/main amd64 libnl-3-200 amd64 3.4.0-1ubuntu0.1 [54.4 kB]\n[CI/Test          ]   | Get:66 http://archive.ubuntu.com/ubuntu focal-updates/main amd64 libnl-genl-3-200 amd64 3.4.0-1ubuntu0.1 [11.2 kB]\n[CI/Test          ]   | Get:67 http://archive.ubuntu.com/ubuntu focal-updates/main amd64 libnl-route-3-200 amd64 3.4.0-1ubuntu0.1 [151 kB]\n[CI/Test          ]   | Get:68 http://archive.ubuntu.com/ubuntu focal/main amd64 libnss-mdns amd64 0.14.1-1ubuntu1 [22.9 kB]\n[CI/Test          ]   | Get:69 http://archive.ubuntu.com/ubuntu focal/main amd64 libpcsclite1 amd64 1.8.26-3 [22.0 kB]\n[CI/Test          ]   | Get:70 http://archive.ubuntu.com/ubuntu focal-updates/main amd64 libsndfile1 amd64 1.0.28-7ubuntu0.1 [170 kB]\n[CI/Test          ]   | Get:71 http://archive.ubuntu.com/ubuntu focal-updates/main amd64 libpulse0 amd64 1:13.99.1-1ubuntu3.13 [262 kB]\n[CI/Test          ]   | Get:72 http://archive.ubuntu.com/ubuntu focal-updates/main amd64 libqmi-glib5 amd64 1.30.4-1~ubuntu20.04.1 [642 kB]\n[CI/Test          ]   | Get:73 http://archive.ubuntu.com/ubuntu focal-updates/main amd64 libqmi-proxy amd64 1.30.4-1~ubuntu20.04.1 [5908 B]\n[CI/Test          ]   | Get:74 http://archive.ubuntu.com/ubuntu focal-updates/universe amd64 libqt5xml5 amd64 5.12.8+dfsg-0ubuntu2.1 [105 kB]\n[CI/Test          ]   | Get:75 http://archive.ubuntu.com/ubuntu focal/universe amd64 libqt5designer5 amd64 5.12.8-0ubuntu1 [2778 kB]\n[CI/Test          ]   | Get:76 http://archive.ubuntu.com/ubuntu focal-updates/universe amd64 libqt5sql5 amd64 5.12.8+dfsg-0ubuntu2.1 [121 kB]\n[CI/Test          ]   | Get:77 http://archive.ubuntu.com/ubuntu focal/universe amd64 libqt5help5 amd64 5.12.8-0ubuntu1 [134 kB]\n[CI/Test          ]   | Get:78 http://archive.ubuntu.com/ubuntu focal/universe amd64 libqt5positioningquick5 amd64 5.12.8+dfsg-0ubuntu1 [24.7 kB]\n[CI/Test          ]   | Get:79 http://archive.ubuntu.com/ubuntu focal/universe amd64 libqt5location5 amd64 5.12.8+dfsg-0ubuntu1 [628 kB]\n[CI/Build         ]   |     ERROR: Command errored out with exit status 1:\n[CI/Build         ]   |      command: /usr/bin/python3 /tmp/tmpmf0h6hd8 prepare_metadata_for_build_wheel /tmp/tmpkg1_9aen\n[CI/Build         ]   |          cwd: /tmp/pip-install-6zeouf5k/PyQt5\n[CI/Build         ]   |     Complete output (31 lines):\n[CI/Build         ]   |     Traceback (most recent call last):\n[CI/Build         ]   |       File \"/tmp/tmpmf0h6hd8\", line 126, in prepare_metadata_for_build_wheel\n[CI/Build         ]   |         hook = backend.prepare_metadata_for_build_wheel\n[CI/Build         ]   |     AttributeError: module 'sipbuild.api' has no attribute 'prepare_metadata_for_build_wheel'\n[CI/Build         ]   |     \n[CI/Build         ]   |     During handling of the above exception, another exception occurred:\n[CI/Build         ]   |     \n[CI/Build         ]   |     Traceback (most recent call last):\n[CI/Build         ]   |       File \"/tmp/tmpmf0h6hd8\", line 280, in <module>\n[CI/Build         ]   |         main()\n[CI/Build         ]   |       File \"/tmp/tmpmf0h6hd8\", line 263, in main\n[CI/Build         ]   |         json_out['return_val'] = hook(**hook_input['kwargs'])\n[CI/Build         ]   |       File \"/tmp/tmpmf0h6hd8\", line 130, in prepare_metadata_for_build_wheel\n[CI/Build         ]   |         return _get_wheel_metadata_from_wheel(backend, metadata_directory,\n[CI/Build         ]   |       File \"/tmp/tmpmf0h6hd8\", line 159, in _get_wheel_metadata_from_wheel\n[CI/Build         ]   |         whl_basename = backend.build_wheel(metadata_directory, config_settings)\n[CI/Build         ]   |       File \"/tmp/pip-build-env-788cul_l/overlay/lib/python3.8/site-packages/sipbuild/api.py\", line 46, in build_wheel\n[CI/Build         ]   |         project = AbstractProject.bootstrap('wheel',\n[CI/Build         ]   |       File \"/tmp/pip-build-env-788cul_l/overlay/lib/python3.8/site-packages/sipbuild/abstract_project.py\", line 87, in bootstrap\n[CI/Build         ]   |         project.setup(pyproject, tool, tool_description)\n[CI/Build         ]   |       File \"/tmp/pip-build-env-788cul_l/overlay/lib/python3.8/site-packages/sipbuild/project.py\", line 586, in setup\n[CI/Build         ]   |         self.apply_user_defaults(tool)\n[CI/Build         ]   |       File \"/tmp/pip-install-6zeouf5k/PyQt5/project.py\", line 68, in apply_user_defaults\n[CI/Build         ]   |         super().apply_user_defaults(tool)\n[CI/Build         ]   |       File \"/tmp/pip-build-env-788cul_l/overlay/lib/python3.8/site-packages/pyqtbuild/project.py\", line 70, in apply_user_defaults\n[CI/Build         ]   |         super().apply_user_defaults(tool)\n[CI/Build         ]   |       File \"/tmp/pip-build-env-788cul_l/overlay/lib/python3.8/site-packages/sipbuild/project.py\", line 237, in apply_user_defaults\n[CI/Build         ]   |         self.builder.apply_user_defaults(tool)\n[CI/Build         ]   |       File \"/tmp/pip-build-env-788cul_l/overlay/lib/python3.8/site-packages/pyqtbuild/builder.py\", line 69, in apply_user_defaults\n[CI/Build         ]   |         raise PyProjectOptionException('qmake',\n[CI/Build         ]   |     sipbuild.pyproject.PyProjectOptionException\n[CI/Build         ]   |     ----------------------------------------\n[CI/Build         ]   | ERROR: Command errored out with exit status 1: /usr/bin/python3 /tmp/tmpmf0h6hd8 prepare_metadata_for_build_wheel /tmp/tmpkg1_9aen Check the logs for full command output.\n[CI/Test          ]   | Get:80 http://archive.ubuntu.com/ubuntu focal/universe amd64 libqt5multimedia5 amd64 5.12.8-0ubuntu1 [283 kB]\n[CI/Build         ]   | make: *** [Makefile:124: install] Error 1\n[CI/Build         ]   \u274c  Failure - Main Build\n[CI/Test          ]   | Get:81 http://archive.ubuntu.com/ubuntu focal-updates/universe amd64 libqt5opengl5 amd64 5.12.8+dfsg-0ubuntu2.1 [136 kB]\n[CI/Test          ]   | Get:82 http://archive.ubuntu.com/ubuntu focal/universe amd64 libqt5multimediawidgets5 amd64 5.12.8-0ubuntu1 [36.8 kB]\n[CI/Test          ]   | Get:83 http://archive.ubuntu.com/ubuntu focal/universe amd64 libqt5quickwidgets5 amd64 5.12.8-0ubuntu1 [39.8 kB]\n[CI/Test          ]   | Get:84 http://archive.ubuntu.com/ubuntu focal-updates/universe amd64 libqt5sql5-sqlite amd64 5.12.8+dfsg-0ubuntu2.1 [47.6 kB]\n[CI/Test          ]   | Get:85 http://archive.ubuntu.com/ubuntu focal-updates/universe amd64 libqt5test5 amd64 5.12.8+dfsg-0ubuntu2.1 [131 kB]\n[CI/Test          ]   | Get:86 http://archive.ubuntu.com/ubuntu focal/universe amd64 libqt5websockets5 amd64 5.12.8-0ubuntu1 [63.4 kB]\n[CI/Test          ]   | Get:87 http://archive.ubuntu.com/ubuntu focal/universe amd64 libqt5xmlpatterns5 amd64 5.12.8-0ubuntu1 [959 kB]\n[CI/Test          ]   | Get:88 http://archive.ubuntu.com/ubuntu focal-updates/main amd64 libwacom-bin amd64 1.3-2ubuntu3 [5484 B]\n[CI/Build         ] exitcode '2': failure\n[CI/Test          ]   | Get:89 http://archive.ubuntu.com/ubuntu focal-updates/main amd64 modemmanager amd64 1.18.6-1~ubuntu20.04.1 [895 kB]\n[CI/Build         ] \ud83c\udfc1  Job failed\n[CI/Test          ]   | Get:90 http://archive.ubuntu.com/ubuntu focal/main amd64 python3-pbr all 5.4.5-0ubuntu1 [64.0 kB]\n[CI/Test          ]   | Get:91 http://archive.ubuntu.com/ubuntu focal/universe amd64 python3-sip amd64 4.19.21+dfsg-1build1 [87.9 kB]\n[CI/Test          ]   | Get:92 http://archive.ubuntu.com/ubuntu focal/universe amd64 python3-pyqt5 amd64 5.14.1+dfsg-3build1 [2318 kB]\n[CI/Test          ]   | Get:93 http://archive.ubuntu.com/ubuntu focal/universe amd64 python3-pyqt5.qtmultimedia amd64 5.14.1+dfsg-3build1 [141 kB]\n[CI/Test          ]   | Get:94 http://archive.ubuntu.com/ubuntu focal/universe amd64 python3-pyqt5.qtopengl amd64 5.14.1+dfsg-3build1 [99.7 kB]\n[CI/Test          ]   | Get:95 http://archive.ubuntu.com/ubuntu focal/universe amd64 python3-pyqt5.qtpositioning amd64 5.14.1+dfsg-3build1 [138 kB]\n[CI/Test          ]   | Get:96 http://archive.ubuntu.com/ubuntu focal/universe amd64 python3-pyqt5.qtquick amd64 5.14.1+dfsg-3build1 [321 kB]\n[CI/Test          ]   | Get:97 http://archive.ubuntu.com/ubuntu focal/universe amd64 python3-pyqt5.qtsql amd64 5.14.1+dfsg-3build1 [87.5 kB]\n[CI/Test          ]   | Get:98 http://archive.ubuntu.com/ubuntu focal/universe amd64 python3-pyqt5.qtsvg amd64 5.14.1+dfsg-3build1 [26.9 kB]\n[CI/Test          ]   | Get:99 http://archive.ubuntu.com/ubuntu focal/universe amd64 python3-pyqt5.qtwebchannel amd64 5.14.1+dfsg-3build1 [14.1 kB]\n[CI/Test          ]   | Get:100 http://archive.ubuntu.com/ubuntu focal/universe amd64 python3-pyqt5.qtwebkit amd64 5.14.1+dfsg-3build1 [103 kB]\n[CI/Test          ]   | Get:101 http://archive.ubuntu.com/ubuntu focal/universe amd64 python3-pyqt5.qtwebsockets amd64 5.14.1+dfsg-3build1 [23.8 kB]\n[CI/Test          ]   | Get:102 http://archive.ubuntu.com/ubuntu focal/universe amd64 python3-pyqt5.qtxmlpatterns amd64 5.14.1+dfsg-3build1 [40.9 kB]\n[CI/Test          ]   | Get:103 http://archive.ubuntu.com/ubuntu focal/universe amd64 python3-mock all 3.0.5-1build1 [25.6 kB]\n[CI/Test          ]   | Get:104 http://archive.ubuntu.com/ubuntu focal/universe amd64 python3-qtpy all 1.9.0-3 [28.5 kB]\n[CI/Test          ]   | Get:105 http://archive.ubuntu.com/ubuntu focal-updates/universe amd64 qt5-gtk-platformtheme amd64 5.12.8+dfsg-0ubuntu2.1 [124 kB]\n[CI/Test          ]   | Get:106 http://archive.ubuntu.com/ubuntu focal/universe amd64 qttranslations5-l10n all 5.12.8-0ubuntu1 [1486 kB]\n[CI/Test          ]   | Get:107 http://archive.ubuntu.com/ubuntu focal-updates/main amd64 wpasupplicant amd64 2:2.9-1ubuntu4.3 [1183 kB]\n[CI/Test          ]   | Get:108 http://archive.ubuntu.com/ubuntu focal/main amd64 usb-modeswitch-data all 20191128-3 [32.3 kB]\n[CI/Test          ]   | Get:109 http://archive.ubuntu.com/ubuntu focal/main amd64 usb-modeswitch amd64 2.5.2+repack0-2ubuntu3 [53.1 kB]\n[CI/Test          ]   | Fetched 53.6 MB in 13s (4143 kB/s)\n[CI/Test          ]   | Selecting previously unselected package libdouble-conversion3:amd64.\r\n[CI/Test          ]   | (Reading database ... \r(Reading database ... 5%\r(Reading database ... 10%\r(Reading database ... 15%\r(Reading database ... 20%\r(Reading database ... 25%\r(Reading database ... 30%\r(Reading database ... 35%\r(Reading database ... 40%\r(Reading database ... 45%\r(Reading database ... 50%\r(Reading database ... 55%\r(Reading database ... 60%\r(Reading database ... 65%\r(Reading database ... 70%\r(Reading database ... 75%\r(Reading database ... 80%\r(Reading database ... 85%\r(Reading database ... 90%\r(Reading database ... 95%\r(Reading database ... 100%\r(Reading database ... 194898 files and directories currently installed.)\r\n[CI/Test          ]   | Preparing to unpack .../000-libdouble-conversion3_3.1.5-4ubuntu1_amd64.deb ...\r\n[CI/Test          ]   | Unpacking libdouble-conversion3:amd64 (3.1.5-4ubuntu1) ...\r\n[CI/Test          ]   | Selecting previously unselected package libqt5core5a:amd64.\r\n[CI/Test          ]   | Preparing to unpack .../001-libqt5core5a_5.12.8+dfsg-0ubuntu2.1_amd64.deb ...\r\n[CI/Test          ]   | Unpacking libqt5core5a:amd64 (5.12.8+dfsg-0ubuntu2.1) ...\r\n[CI/Test          ]   | Preparing to unpack .../002-libgl1-mesa-dri_21.2.6-0ubuntu0.1~20.04.2_amd64.deb ...\r\n[CI/Test          ]   | Unpacking libgl1-mesa-dri:amd64 (21.2.6-0ubuntu0.1~20.04.2) over (21.0.3-0ubuntu0.3~20.04.1) ...\r\n[CI/Test          ]   | Preparing to unpack .../003-libglx-mesa0_21.2.6-0ubuntu0.1~20.04.2_amd64.deb ...\r\n[CI/Test          ]   | Unpacking libglx-mesa0:amd64 (21.2.6-0ubuntu0.1~20.04.2) over (21.0.3-0ubuntu0.3~20.04.1) ...\r\n[CI/Test          ]   | Preparing to unpack .../004-libglapi-mesa_21.2.6-0ubuntu0.1~20.04.2_amd64.deb ...\r\n[CI/Test          ]   | Unpacking libglapi-mesa:amd64 (21.2.6-0ubuntu0.1~20.04.2) over (21.0.3-0ubuntu0.3~20.04.1) ...\r\n[CI/Test          ]   | Preparing to unpack .../005-libgl1_1.3.2-1~ubuntu0.20.04.2_amd64.deb ...\r\n[CI/Test          ]   | Unpacking libgl1:amd64 (1.3.2-1~ubuntu0.20.04.2) over (1.3.2-1~ubuntu0.20.04.1) ...\r\n[CI/Test          ]   | Preparing to unpack .../006-libglx0_1.3.2-1~ubuntu0.20.04.2_amd64.deb ...\r\n[CI/Test          ]   | Unpacking libglx0:amd64 (1.3.2-1~ubuntu0.20.04.2) over (1.3.2-1~ubuntu0.20.04.1) ...\r\n[CI/Test          ]   | Preparing to unpack .../007-libglvnd0_1.3.2-1~ubuntu0.20.04.2_amd64.deb ...\r\n[CI/Test          ]   | Unpacking libglvnd0:amd64 (1.3.2-1~ubuntu0.20.04.2) over (1.3.2-1~ubuntu0.20.04.1) ...\r\n[CI/Test          ]   | Preparing to unpack .../008-libgbm-dev_21.2.6-0ubuntu0.1~20.04.2_amd64.deb ...\r\n[CI/Test          ]   | Unpacking libgbm-dev:amd64 (21.2.6-0ubuntu0.1~20.04.2) over (21.0.3-0ubuntu0.3~20.04.1) ...\r\n[CI/Test          ]   | Preparing to unpack .../009-libgbm1_21.2.6-0ubuntu0.1~20.04.2_amd64.deb ...\r\n[CI/Test          ]   | Unpacking libgbm1:amd64 (21.2.6-0ubuntu0.1~20.04.2) over (21.0.3-0ubuntu0.3~20.04.1) ...\r\n[CI/Test          ]   | Selecting previously unselected package libegl-mesa0:amd64.\r\n[CI/Test          ]   | Preparing to unpack .../010-libegl-mesa0_21.2.6-0ubuntu0.1~20.04.2_amd64.deb ...\r\n[CI/Test          ]   | Unpacking libegl-mesa0:amd64 (21.2.6-0ubuntu0.1~20.04.2) ...\r\n[CI/Test          ]   | Selecting previously unselected package libegl1:amd64.\r\n[CI/Test          ]   | Preparing to unpack .../011-libegl1_1.3.2-1~ubuntu0.20.04.2_amd64.deb ...\r\n[CI/Test          ]   | Unpacking libegl1:amd64 (1.3.2-1~ubuntu0.20.04.2) ...\r\n[CI/Test          ]   | Selecting previously unselected package libevdev2:amd64.\r\n[CI/Test          ]   | Preparing to unpack .../012-libevdev2_1.9.0+dfsg-1ubuntu0.2_amd64.deb ...\r\n[CI/Test          ]   | Unpacking libevdev2:amd64 (1.9.0+dfsg-1ubuntu0.2) ...\r\n[CI/Test          ]   | Selecting previously unselected package libmtdev1:amd64.\r\n[CI/Test          ]   | Preparing to unpack .../013-libmtdev1_1.1.5-1.1_amd64.deb ...\r\n[CI/Test          ]   | Unpacking libmtdev1:amd64 (1.1.5-1.1) ...\r\n[CI/Test          ]   | Selecting previously unselected package libgudev-1.0-0:amd64.\r\n[CI/Test          ]   | Preparing to unpack .../014-libgudev-1.0-0_1%3a233-1_amd64.deb ...\r\n[CI/Test          ]   | Unpacking libgudev-1.0-0:amd64 (1:233-1) ...\r\n[CI/Test          ]   | Selecting previously unselected package libwacom-common.\r\n[CI/Test          ]   | Preparing to unpack .../015-libwacom-common_1.3-2ubuntu3_all.deb ...\r\n[CI/Test          ]   | Unpacking libwacom-common (1.3-2ubuntu3) ...\r\n[CI/Test          ]   | Selecting previously unselected package libwacom2:amd64.\r\n[CI/Test          ]   | Preparing to unpack .../016-libwacom2_1.3-2ubuntu3_amd64.deb ...\r\n[CI/Test          ]   | Unpacking libwacom2:amd64 (1.3-2ubuntu3) ...\r\n[CI/Test          ]   | Selecting previously unselected package libinput-bin.\r\n[CI/Test          ]   | Preparing to unpack .../017-libinput-bin_1.15.5-1ubuntu0.3_amd64.deb ...\r\n[CI/Test          ]   | Unpacking libinput-bin (1.15.5-1ubuntu0.3) ...\r\n[CI/Test          ]   | Selecting previously unselected package libinput10:amd64.\r\n[CI/Test          ]   | Preparing to unpack .../018-libinput10_1.15.5-1ubuntu0.3_amd64.deb ...\r\n[CI/Test          ]   | Unpacking libinput10:amd64 (1.15.5-1ubuntu0.3) ...\r\n[CI/Test          ]   | Selecting previously unselected package libqt5dbus5:amd64.\r\n[CI/Test          ]   | Preparing to unpack .../019-libqt5dbus5_5.12.8+dfsg-0ubuntu2.1_amd64.deb ...\r\n[CI/Test          ]   | Unpacking libqt5dbus5:amd64 (5.12.8+dfsg-0ubuntu2.1) ...\r\n[CI/Test          ]   | Selecting previously unselected package libqt5network5:amd64.\r\n[CI/Test          ]   | Preparing to unpack .../020-libqt5network5_5.12.8+dfsg-0ubuntu2.1_amd64.deb ...\r\n[CI/Test          ]   | Unpacking libqt5network5:amd64 (5.12.8+dfsg-0ubuntu2.1) ...\r\n[CI/Test          ]   | Selecting previously unselected package libxcb-icccm4:amd64.\r\n[CI/Test          ]   | Preparing to unpack .../021-libxcb-icccm4_0.4.1-1.1_amd64.deb ...\r\n[CI/Test          ]   | Unpacking libxcb-icccm4:amd64 (0.4.1-1.1) ...\r\n[CI/Test          ]   | Selecting previously unselected package libxcb-util1:amd64.\r\n[CI/Test          ]   | Preparing to unpack .../022-libxcb-util1_0.4.0-0ubuntu3_amd64.deb ...\r\n[CI/Test          ]   | Unpacking libxcb-util1:amd64 (0.4.0-0ubuntu3) ...\r\n[CI/Test          ]   | Selecting previously unselected package libxcb-image0:amd64.\r\n[CI/Test          ]   | Preparing to unpack .../023-libxcb-image0_0.4.0-1build1_amd64.deb ...\r\n[CI/Test          ]   | Unpacking libxcb-image0:amd64 (0.4.0-1build1) ...\r\n[CI/Test          ]   | Selecting previously unselected package libxcb-keysyms1:amd64.\r\n[CI/Test          ]   | Preparing to unpack .../024-libxcb-keysyms1_0.4.0-1build1_amd64.deb ...\r\n[CI/Test          ]   | Unpacking libxcb-keysyms1:amd64 (0.4.0-1build1) ...\r\n[CI/Test          ]   | Selecting previously unselected package libxcb-randr0:amd64.\r\n[CI/Test          ]   | Preparing to unpack .../025-libxcb-randr0_1.14-2_amd64.deb ...\r\n[CI/Test          ]   | Unpacking libxcb-randr0:amd64 (1.14-2) ...\r\n[CI/Test          ]   | Selecting previously unselected package libxcb-render-util0:amd64.\r\n[CI/Test          ]   | Preparing to unpack .../026-libxcb-render-util0_0.3.9-1build1_amd64.deb ...\r\n[CI/Test          ]   | Unpacking libxcb-render-util0:amd64 (0.3.9-1build1) ...\r\n[CI/Test          ]   | Selecting previously unselected package libxcb-xinerama0:amd64.\r\n[CI/Test          ]   | Preparing to unpack .../027-libxcb-xinerama0_1.14-2_amd64.deb ...\r\n[CI/Test          ]   | Unpacking libxcb-xinerama0:amd64 (1.14-2) ...\r\n[CI/Test          ]   | Selecting previously unselected package libxcb-xinput0:amd64.\r\n[CI/Test          ]   | Preparing to unpack .../028-libxcb-xinput0_1.14-2_amd64.deb ...\r\n[CI/Test          ]   | Unpacking libxcb-xinput0:amd64 (1.14-2) ...\r\n[CI/Test          ]   | Selecting previously unselected package libxcb-xkb1:amd64.\r\n[CI/Test          ]   | Preparing to unpack .../029-libxcb-xkb1_1.14-2_amd64.deb ...\r\n[CI/Test          ]   | Unpacking libxcb-xkb1:amd64 (1.14-2) ...\r\n[CI/Test          ]   | Selecting previously unselected package libxkbcommon-x11-0:amd64.\r\n[CI/Test          ]   | Preparing to unpack .../030-libxkbcommon-x11-0_0.10.0-1_amd64.deb ...\r\n[CI/Test          ]   | Unpacking libxkbcommon-x11-0:amd64 (0.10.0-1) ...\r\n[CI/Test          ]   | Selecting previously unselected package libqt5gui5:amd64.\r\n[CI/Test          ]   | Preparing to unpack .../031-libqt5gui5_5.12.8+dfsg-0ubuntu2.1_amd64.deb ...\r\n[CI/Test          ]   | Unpacking libqt5gui5:amd64 (5.12.8+dfsg-0ubuntu2.1) ...\r\n[CI/Test          ]   | Selecting previously unselected package libqt5widgets5:amd64.\r\n[CI/Test          ]   | Preparing to unpack .../032-libqt5widgets5_5.12.8+dfsg-0ubuntu2.1_amd64.deb ...\r\n[CI/Test          ]   | Unpacking libqt5widgets5:amd64 (5.12.8+dfsg-0ubuntu2.1) ...\r\n[CI/Test          ]   | Selecting previously unselected package libqt5svg5:amd64.\r\n[CI/Test          ]   | Preparing to unpack .../033-libqt5svg5_5.12.8-0ubuntu1_amd64.deb ...\r\n[CI/Test          ]   | Unpacking libqt5svg5:amd64 (5.12.8-0ubuntu1) ...\r\n[CI/Test          ]   | Preparing to unpack .../034-libgstreamer1.0-0_1.16.3-0ubuntu1.1_amd64.deb ...\r\n[CI/Test          ]   | Unpacking libgstreamer1.0-0:amd64 (1.16.3-0ubuntu1.1) over (1.16.2-2) ...\r\n[CI/Test          ]   | Selecting previously unselected package liborc-0.4-0:amd64.\r\n[CI/Test          ]   | Preparing to unpack .../035-liborc-0.4-0_1%3a0.4.31-1_amd64.deb ...\r\n[CI/Test          ]   | Unpacking liborc-0.4-0:amd64 (1:0.4.31-1) ...\r\n[CI/Test          ]   | Selecting previously unselected package libgstreamer-plugins-base1.0-0:amd64.\r\n[CI/Test          ]   | Preparing to unpack .../036-libgstreamer-plugins-base1.0-0_1.16.3-0ubuntu1.1_amd64.deb ...\r\n[CI/Test          ]   | Unpacking libgstreamer-plugins-base1.0-0:amd64 (1.16.3-0ubuntu1.1) ...\r\n[CI/Test          ]   | Selecting previously unselected package libhyphen0:amd64.\r\n[CI/Test          ]   | Preparing to unpack .../037-libhyphen0_2.8.8-7_amd64.deb ...\r\n[CI/Test          ]   | Unpacking libhyphen0:amd64 (2.8.8-7) ...\r\n[CI/Test          ]   | Selecting previously unselected package libqt5positioning5:amd64.\r\n[CI/Test          ]   | Preparing to unpack .../038-libqt5positioning5_5.12.8+dfsg-0ubuntu1_amd64.deb ...\r\n[CI/Test          ]   | Unpacking libqt5positioning5:amd64 (5.12.8+dfsg-0ubuntu1) ...\r\n[CI/Test          ]   | Selecting previously unselected package libqt5printsupport5:amd64.\r\n[CI/Test          ]   | Preparing to unpack .../039-libqt5printsupport5_5.12.8+dfsg-0ubuntu2.1_amd64.deb ...\r\n[CI/Test          ]   | Unpacking libqt5printsupport5:amd64 (5.12.8+dfsg-0ubuntu2.1) ...\r\n[CI/Test          ]   | Selecting previously unselected package libqt5qml5:amd64.\r\n[CI/Test          ]   | Preparing to unpack .../040-libqt5qml5_5.12.8-0ubuntu1_amd64.deb ...\r\n[CI/Test          ]   | Unpacking libqt5qml5:amd64 (5.12.8-0ubuntu1) ...\r\n[CI/Test          ]   | Selecting previously unselected package libqt5quick5:amd64.\r\n[CI/Test          ]   | Preparing to unpack .../041-libqt5quick5_5.12.8-0ubuntu1_amd64.deb ...\r\n[CI/Test          ]   | Unpacking libqt5quick5:amd64 (5.12.8-0ubuntu1) ...\r\n[CI/Test          ]   | Selecting previously unselected package libqt5sensors5:amd64.\r\n[CI/Test          ]   | Preparing to unpack .../042-libqt5sensors5_5.12.8-0ubuntu1_amd64.deb ...\r\n[CI/Test          ]   | Unpacking libqt5sensors5:amd64 (5.12.8-0ubuntu1) ...\r\n[CI/Test          ]   | Selecting previously unselected package libqt5webchannel5:amd64.\r\n[CI/Test          ]   | Preparing to unpack .../043-libqt5webchannel5_5.12.8-0ubuntu1_amd64.deb ...\r\n[CI/Test          ]   | Unpacking libqt5webchannel5:amd64 (5.12.8-0ubuntu1) ...\r\n[CI/Test          ]   | Selecting previously unselected package libwoff1:amd64.\r\n[CI/Test          ]   | Preparing to unpack .../044-libwoff1_1.0.2-1build2_amd64.deb ...\r\n[CI/Test          ]   | Unpacking libwoff1:amd64 (1.0.2-1build2) ...\r\n[CI/Test          ]   | Selecting previously unselected package libqt5webkit5:amd64.\r\n[CI/Test          ]   | Preparing to unpack .../045-libqt5webkit5_5.212.0~alpha4-1ubuntu2.1_amd64.deb ...\r\n[CI/Test          ]   | Unpacking libqt5webkit5:amd64 (5.212.0~alpha4-1ubuntu2.1) ...\r\n[CI/Test          ]   | Selecting previously unselected package libusb-1.0-0:amd64.\r\n[CI/Test          ]   | Preparing to unpack .../046-libusb-1.0-0_2%3a1.0.23-2build1_amd64.deb ...\r\n[CI/Test          ]   | Unpacking libusb-1.0-0:amd64 (2:1.0.23-2build1) ...\r\n[CI/Test          ]   | Selecting previously unselected package libavahi-core7:amd64.\r\n[CI/Test          ]   | Preparing to unpack .../047-libavahi-core7_0.7-4ubuntu7.1_amd64.deb ...\r\n[CI/Test          ]   | Unpacking libavahi-core7:amd64 (0.7-4ubuntu7.1) ...\r\n[CI/Test          ]   | Selecting previously unselected package libdaemon0:amd64.\r\n[CI/Test          ]   | Preparing to unpack .../048-libdaemon0_0.14-7_amd64.deb ...\r\n[CI/Test          ]   | Unpacking libdaemon0:amd64 (0.14-7) ...\r\n[CI/Test          ]   | Selecting previously unselected package avahi-daemon.\r\n[CI/Test          ]   | Preparing to unpack .../049-avahi-daemon_0.7-4ubuntu7.1_amd64.deb ...\r\n[CI/Test          ]   | Unpacking avahi-daemon (0.7-4ubuntu7.1) ...\r\n[CI/Test          ]   | Selecting previously unselected package libavahi-glib1:amd64.\r\n[CI/Test          ]   | Preparing to unpack .../050-libavahi-glib1_0.7-4ubuntu7.1_amd64.deb ...\r\n[CI/Test          ]   | Unpacking libavahi-glib1:amd64 (0.7-4ubuntu7.1) ...\r\n[CI/Test          ]   | Selecting previously unselected package libmm-glib0:amd64.\r\n[CI/Test          ]   | Preparing to unpack .../051-libmm-glib0_1.18.6-1~ubuntu20.04.1_amd64.deb ...\r\n[CI/Test          ]   | Unpacking libmm-glib0:amd64 (1.18.6-1~ubuntu20.04.1) ...\r\n[CI/Test          ]   | Selecting previously unselected package geoclue-2.0.\r\n[CI/Test          ]   | Preparing to unpack .../052-geoclue-2.0_2.5.6-0ubuntu1_amd64.deb ...\r\n[CI/Test          ]   | Unpacking geoclue-2.0 (2.5.6-0ubuntu1) ...\r\n[CI/Test          ]   | Selecting previously unselected package libcdparanoia0:amd64.\r\n[CI/Test          ]   | Preparing to unpack .../053-libcdparanoia0_3.10.2+debian-13_amd64.deb ...\r\n[CI/Test          ]   | Unpacking libcdparanoia0:amd64 (3.10.2+debian-13) ...\r\n[CI/Test          ]   | Selecting previously unselected package libopus0:amd64.\r\n[CI/Test          ]   | Preparing to unpack .../054-libopus0_1.3.1-0ubuntu1_amd64.deb ...\r\n[CI/Test          ]   | Unpacking libopus0:amd64 (1.3.1-0ubuntu1) ...\r\n[CI/Test          ]   | Selecting previously unselected package libtheora0:amd64.\r\n[CI/Test          ]   | Preparing to unpack .../055-libtheora0_1.1.1+dfsg.1-15ubuntu2_amd64.deb ...\r\n[CI/Test          ]   | Unpacking libtheora0:amd64 (1.1.1+dfsg.1-15ubuntu2) ...\r\n[CI/Test          ]   | Selecting previously unselected package libvisual-0.4-0:amd64.\r\n[CI/Test          ]   | Preparing to unpack .../056-libvisual-0.4-0_0.4.0-17_amd64.deb ...\r\n[CI/Test          ]   | Unpacking libvisual-0.4-0:amd64 (0.4.0-17) ...\r\n[CI/Test          ]   | Selecting previously unselected package libvorbisenc2:amd64.\r\n[CI/Test          ]   | Preparing to unpack .../057-libvorbisenc2_1.3.6-2ubuntu1_amd64.deb ...\r\n[CI/Test          ]   | Unpacking libvorbisenc2:amd64 (1.3.6-2ubuntu1) ...\r\n[CI/Test          ]   | Selecting previously unselected package gstreamer1.0-plugins-base:amd64.\r\n[CI/Test          ]   | Preparing to unpack .../058-gstreamer1.0-plugins-base_1.16.3-0ubuntu1.1_amd64.deb ...\r\n[CI/Test          ]   | Unpacking gstreamer1.0-plugins-base:amd64 (1.16.3-0ubuntu1.1) ...\r\n[CI/Test          ]   | Selecting previously unselected package iio-sensor-proxy.\r\n[CI/Test          ]   | Preparing to unpack .../059-iio-sensor-proxy_2.8-1ubuntu2_amd64.deb ...\r\n[CI/Test          ]   | Unpacking iio-sensor-proxy (2.8-1ubuntu2) ...\r\n[CI/Test          ]   | Selecting previously unselected package libasyncns0:amd64.\r\n[CI/Test          ]   | Preparing to unpack .../060-libasyncns0_0.8-6_amd64.deb ...\r\n[CI/Test          ]   | Unpacking libasyncns0:amd64 (0.8-6) ...\r\n[CI/Test          ]   | Selecting previously unselected package libflac8:amd64.\r\n[CI/Test          ]   | Preparing to unpack .../061-libflac8_1.3.3-1ubuntu0.1_amd64.deb ...\r\n[CI/Test          ]   | Unpacking libflac8:amd64 (1.3.3-1ubuntu0.1) ...\r\n[CI/Test          ]   | Selecting previously unselected package libmbim-glib4:amd64.\r\n[CI/Test          ]   | Preparing to unpack .../062-libmbim-glib4_1.26.2-1~ubuntu20.04.1_amd64.deb ...\r\n[CI/Test          ]   | Unpacking libmbim-glib4:amd64 (1.26.2-1~ubuntu20.04.1) ...\r\n[CI/Test          ]   | Selecting previously unselected package libmbim-proxy.\r\n[CI/Test          ]   | Preparing to unpack .../063-libmbim-proxy_1.26.2-1~ubuntu20.04.1_amd64.deb ...\r\n[CI/Test          ]   | Unpacking libmbim-proxy (1.26.2-1~ubuntu20.04.1) ...\r\n[CI/Test          ]   | Preparing to unpack .../064-libnl-3-200_3.4.0-1ubuntu0.1_amd64.deb ...\r\n[CI/Test          ]   | Unpacking libnl-3-200:amd64 (3.4.0-1ubuntu0.1) over (3.4.0-1) ...\r\n[CI/Test          ]   | Selecting previously unselected package libnl-genl-3-200:amd64.\r\n[CI/Test          ]   | Preparing to unpack .../065-libnl-genl-3-200_3.4.0-1ubuntu0.1_amd64.deb ...\r\n[CI/Test          ]   | Unpacking libnl-genl-3-200:amd64 (3.4.0-1ubuntu0.1) ...\r\n[CI/Test          ]   | Selecting previously unselected package libnl-route-3-200:amd64.\r\n[CI/Test          ]   | Preparing to unpack .../066-libnl-route-3-200_3.4.0-1ubuntu0.1_amd64.deb ...\r\n[CI/Test          ]   | Unpacking libnl-route-3-200:amd64 (3.4.0-1ubuntu0.1) ...\r\n[CI/Test          ]   | Selecting previously unselected package libnss-mdns:amd64.\r\n[CI/Test          ]   | Preparing to unpack .../067-libnss-mdns_0.14.1-1ubuntu1_amd64.deb ...\r\n[CI/Test          ]   | Unpacking libnss-mdns:amd64 (0.14.1-1ubuntu1) ...\r\n[CI/Test          ]   | Selecting previously unselected package libpcsclite1:amd64.\r\n[CI/Test          ]   | Preparing to unpack .../068-libpcsclite1_1.8.26-3_amd64.deb ...\r\n[CI/Test          ]   | Unpacking libpcsclite1:amd64 (1.8.26-3) ...\r\n[CI/Test          ]   | Selecting previously unselected package libsndfile1:amd64.\r\n[CI/Test          ]   | Preparing to unpack .../069-libsndfile1_1.0.28-7ubuntu0.1_amd64.deb ...\r\n[CI/Test          ]   | Unpacking libsndfile1:amd64 (1.0.28-7ubuntu0.1) ...\r\n[CI/Test          ]   | Selecting previously unselected package libpulse0:amd64.\r\n[CI/Test          ]   | Preparing to unpack .../070-libpulse0_1%3a13.99.1-1ubuntu3.13_amd64.deb ...\r\n[CI/Test          ]   | Unpacking libpulse0:amd64 (1:13.99.1-1ubuntu3.13) ...\r\n[CI/Test          ]   | Selecting previously unselected package libqmi-glib5:amd64.\r\n[CI/Test          ]   | Preparing to unpack .../071-libqmi-glib5_1.30.4-1~ubuntu20.04.1_amd64.deb ...\r\n[CI/Test          ]   | Unpacking libqmi-glib5:amd64 (1.30.4-1~ubuntu20.04.1) ...\r\n[CI/Test          ]   | Selecting previously unselected package libqmi-proxy.\r\n[CI/Test          ]   | Preparing to unpack .../072-libqmi-proxy_1.30.4-1~ubuntu20.04.1_amd64.deb ...\r\n[CI/Test          ]   | Unpacking libqmi-proxy (1.30.4-1~ubuntu20.04.1) ...\r\n[CI/Test          ]   | Selecting previously unselected package libqt5xml5:amd64.\r\n[CI/Test          ]   | Preparing to unpack .../073-libqt5xml5_5.12.8+dfsg-0ubuntu2.1_amd64.deb ...\r\n[CI/Test          ]   | Unpacking libqt5xml5:amd64 (5.12.8+dfsg-0ubuntu2.1) ...\r\n[CI/Test          ]   | Selecting previously unselected package libqt5designer5:amd64.\r\n[CI/Test          ]   | Preparing to unpack .../074-libqt5designer5_5.12.8-0ubuntu1_amd64.deb ...\r\n[CI/Test          ]   | Unpacking libqt5designer5:amd64 (5.12.8-0ubuntu1) ...\r\n[CI/Test          ]   | Selecting previously unselected package libqt5sql5:amd64.\r\n[CI/Test          ]   | Preparing to unpack .../075-libqt5sql5_5.12.8+dfsg-0ubuntu2.1_amd64.deb ...\r\n[CI/Test          ]   | Unpacking libqt5sql5:amd64 (5.12.8+dfsg-0ubuntu2.1) ...\r\n[CI/Test          ]   | Selecting previously unselected package libqt5help5:amd64.\r\n[CI/Test          ]   | Preparing to unpack .../076-libqt5help5_5.12.8-0ubuntu1_amd64.deb ...\r\n[CI/Test          ]   | Unpacking libqt5help5:amd64 (5.12.8-0ubuntu1) ...\r\n[CI/Test          ]   | Selecting previously unselected package libqt5positioningquick5:amd64.\r\n[CI/Test          ]   | Preparing to unpack .../077-libqt5positioningquick5_5.12.8+dfsg-0ubuntu1_amd64.deb ...\r\n[CI/Test          ]   | Unpacking libqt5positioningquick5:amd64 (5.12.8+dfsg-0ubuntu1) ...\r\n[CI/Test          ]   | Selecting previously unselected package libqt5location5:amd64.\r\n[CI/Test          ]   | Preparing to unpack .../078-libqt5location5_5.12.8+dfsg-0ubuntu1_amd64.deb ...\r\n[CI/Test          ]   | Unpacking libqt5location5:amd64 (5.12.8+dfsg-0ubuntu1) ...\r\n[CI/Test          ]   | Selecting previously unselected package libqt5multimedia5:amd64.\r\n[CI/Test          ]   | Preparing to unpack .../079-libqt5multimedia5_5.12.8-0ubuntu1_amd64.deb ...\r\n[CI/Test          ]   | Unpacking libqt5multimedia5:amd64 (5.12.8-0ubuntu1) ...\r\n[CI/Test          ]   | Selecting previously unselected package libqt5opengl5:amd64.\r\n[CI/Test          ]   | Preparing to unpack .../080-libqt5opengl5_5.12.8+dfsg-0ubuntu2.1_amd64.deb ...\r\n[CI/Test          ]   | Unpacking libqt5opengl5:amd64 (5.12.8+dfsg-0ubuntu2.1) ...\r\n[CI/Test          ]   | Selecting previously unselected package libqt5multimediawidgets5:amd64.\r\n[CI/Test          ]   | Preparing to unpack .../081-libqt5multimediawidgets5_5.12.8-0ubuntu1_amd64.deb ...\r\n[CI/Test          ]   | Unpacking libqt5multimediawidgets5:amd64 (5.12.8-0ubuntu1) ...\r\n[CI/Test          ]   | Selecting previously unselected package libqt5quickwidgets5:amd64.\r\n[CI/Test          ]   | Preparing to unpack .../082-libqt5quickwidgets5_5.12.8-0ubuntu1_amd64.deb ...\r\n[CI/Test          ]   | Unpacking libqt5quickwidgets5:amd64 (5.12.8-0ubuntu1) ...\r\n[CI/Test          ]   | Selecting previously unselected package libqt5sql5-sqlite:amd64.\r\n[CI/Test          ]   | Preparing to unpack .../083-libqt5sql5-sqlite_5.12.8+dfsg-0ubuntu2.1_amd64.deb ...\r\n[CI/Test          ]   | Unpacking libqt5sql5-sqlite:amd64 (5.12.8+dfsg-0ubuntu2.1) ...\r\n[CI/Test          ]   | Selecting previously unselected package libqt5test5:amd64.\r\n[CI/Test          ]   | Preparing to unpack .../084-libqt5test5_5.12.8+dfsg-0ubuntu2.1_amd64.deb ...\r\n[CI/Test          ]   | Unpacking libqt5test5:amd64 (5.12.8+dfsg-0ubuntu2.1) ...\r\n[CI/Test          ]   | Selecting previously unselected package libqt5websockets5:amd64.\r\n[CI/Test          ]   | Preparing to unpack .../085-libqt5websockets5_5.12.8-0ubuntu1_amd64.deb ...\r\n[CI/Test          ]   | Unpacking libqt5websockets5:amd64 (5.12.8-0ubuntu1) ...\r\n[CI/Test          ]   | Selecting previously unselected package libqt5xmlpatterns5:amd64.\r\n[CI/Test          ]   | Preparing to unpack .../086-libqt5xmlpatterns5_5.12.8-0ubuntu1_amd64.deb ...\r\n[CI/Test          ]   | Unpacking libqt5xmlpatterns5:amd64 (5.12.8-0ubuntu1) ...\r\n[CI/Test          ]   | Selecting previously unselected package libwacom-bin.\r\n[CI/Test          ]   | Preparing to unpack .../087-libwacom-bin_1.3-2ubuntu3_amd64.deb ...\r\n[CI/Test          ]   | Unpacking libwacom-bin (1.3-2ubuntu3) ...\r\n[CI/Test          ]   | Selecting previously unselected package modemmanager.\r\n[CI/Test          ]   | Preparing to unpack .../088-modemmanager_1.18.6-1~ubuntu20.04.1_amd64.deb ...\r\n[CI/Test          ]   | Unpacking modemmanager (1.18.6-1~ubuntu20.04.1) ...\r\n[CI/Test          ]   | Selecting previously unselected package python3-pbr.\r\n[CI/Test          ]   | Preparing to unpack .../089-python3-pbr_5.4.5-0ubuntu1_all.deb ...\r\n[CI/Test          ]   | Unpacking python3-pbr (5.4.5-0ubuntu1) ...\r\n[CI/Test          ]   | Selecting previously unselected package python3-sip.\r\n[CI/Test          ]   | Preparing to unpack .../090-python3-sip_4.19.21+dfsg-1build1_amd64.deb ...\r\n[CI/Test          ]   | Unpacking python3-sip (4.19.21+dfsg-1build1) ...\r\n[CI/Test          ]   | Selecting previously unselected package python3-pyqt5.\r\n[CI/Test          ]   | Preparing to unpack .../091-python3-pyqt5_5.14.1+dfsg-3build1_amd64.deb ...\r\n[CI/Test          ]   | Unpacking python3-pyqt5 (5.14.1+dfsg-3build1) ...\r\n[CI/Test          ]   | Selecting previously unselected package python3-pyqt5.qtmultimedia.\r\n[CI/Test          ]   | Preparing to unpack .../092-python3-pyqt5.qtmultimedia_5.14.1+dfsg-3build1_amd64.deb ...\r\n[CI/Test          ]   | Unpacking python3-pyqt5.qtmultimedia (5.14.1+dfsg-3build1) ...\r\n[CI/Test          ]   | Selecting previously unselected package python3-pyqt5.qtopengl.\r\n[CI/Test          ]   | Preparing to unpack .../093-python3-pyqt5.qtopengl_5.14.1+dfsg-3build1_amd64.deb ...\r\n[CI/Test          ]   | Unpacking python3-pyqt5.qtopengl (5.14.1+dfsg-3build1) ...\r\n[CI/Test          ]   | Selecting previously unselected package python3-pyqt5.qtpositioning.\r\n[CI/Test          ]   | Preparing to unpack .../094-python3-pyqt5.qtpositioning_5.14.1+dfsg-3build1_amd64.deb ...\r\n[CI/Test          ]   | Unpacking python3-pyqt5.qtpositioning (5.14.1+dfsg-3build1) ...\r\n[CI/Test          ]   | Selecting previously unselected package python3-pyqt5.qtquick.\r\n[CI/Test          ]   | Preparing to unpack .../095-python3-pyqt5.qtquick_5.14.1+dfsg-3build1_amd64.deb ...\r\n[CI/Test          ]   | Unpacking python3-pyqt5.qtquick (5.14.1+dfsg-3build1) ...\r\n[CI/Test          ]   | Selecting previously unselected package python3-pyqt5.qtsql.\r\n[CI/Test          ]   | Preparing to unpack .../096-python3-pyqt5.qtsql_5.14.1+dfsg-3build1_amd64.deb ...\r\n[CI/Test          ]   | Unpacking python3-pyqt5.qtsql (5.14.1+dfsg-3build1) ...\r\n[CI/Test          ]   | Selecting previously unselected package python3-pyqt5.qtsvg.\r\n[CI/Test          ]   | Preparing to unpack .../097-python3-pyqt5.qtsvg_5.14.1+dfsg-3build1_amd64.deb ...\r\n[CI/Test          ]   | Unpacking python3-pyqt5.qtsvg (5.14.1+dfsg-3build1) ...\r\n[CI/Test          ]   | Selecting previously unselected package python3-pyqt5.qtwebchannel.\r\n[CI/Test          ]   | Preparing to unpack .../098-python3-pyqt5.qtwebchannel_5.14.1+dfsg-3build1_amd64.deb ...\r\n[CI/Test          ]   | Unpacking python3-pyqt5.qtwebchannel (5.14.1+dfsg-3build1) ...\r\n[CI/Test          ]   | Selecting previously unselected package python3-pyqt5.qtwebkit.\r\n[CI/Test          ]   | Preparing to unpack .../099-python3-pyqt5.qtwebkit_5.14.1+dfsg-3build1_amd64.deb ...\r\n[CI/Test          ]   | Unpacking python3-pyqt5.qtwebkit (5.14.1+dfsg-3build1) ...\r\n[CI/Test          ]   | Selecting previously unselected package python3-pyqt5.qtwebsockets.\r\n[CI/Test          ]   | Preparing to unpack .../100-python3-pyqt5.qtwebsockets_5.14.1+dfsg-3build1_amd64.deb ...\r\n[CI/Test          ]   | Unpacking python3-pyqt5.qtwebsockets (5.14.1+dfsg-3build1) ...\r\n[CI/Test          ]   | Selecting previously unselected package python3-pyqt5.qtxmlpatterns.\r\n[CI/Test          ]   | Preparing to unpack .../101-python3-pyqt5.qtxmlpatterns_5.14.1+dfsg-3build1_amd64.deb ...\r\n[CI/Test          ]   | Unpacking python3-pyqt5.qtxmlpatterns (5.14.1+dfsg-3build1) ...\r\n[CI/Test          ]   | Selecting previously unselected package python3-mock.\r\n[CI/Test          ]   | Preparing to unpack .../102-python3-mock_3.0.5-1build1_all.deb ...\r\n[CI/Test          ]   | Unpacking python3-mock (3.0.5-1build1) ...\r\n[CI/Test          ]   | Selecting previously unselected package python3-qtpy.\r\n[CI/Test          ]   | Preparing to unpack .../103-python3-qtpy_1.9.0-3_all.deb ...\r\n[CI/Test          ]   | Unpacking python3-qtpy (1.9.0-3) ...\r\n[CI/Test          ]   | Selecting previously unselected package qt5-gtk-platformtheme:amd64.\r\n[CI/Test          ]   | Preparing to unpack .../104-qt5-gtk-platformtheme_5.12.8+dfsg-0ubuntu2.1_amd64.deb ...\r\n[CI/Test          ]   | Unpacking qt5-gtk-platformtheme:amd64 (5.12.8+dfsg-0ubuntu2.1) ...\r\n[CI/Test          ]   | Selecting previously unselected package qttranslations5-l10n.\r\n[CI/Test          ]   | Preparing to unpack .../105-qttranslations5-l10n_5.12.8-0ubuntu1_all.deb ...\r\n[CI/Test          ]   | Unpacking qttranslations5-l10n (5.12.8-0ubuntu1) ...\r\n[CI/Test          ]   | Selecting previously unselected package wpasupplicant.\r\n[CI/Test          ]   | Preparing to unpack .../106-wpasupplicant_2%3a2.9-1ubuntu4.3_amd64.deb ...\r\n[CI/Test          ]   | Unpacking wpasupplicant (2:2.9-1ubuntu4.3) ...\r\n[CI/Test          ]   | Selecting previously unselected package usb-modeswitch-data.\r\n[CI/Test          ]   | Preparing to unpack .../107-usb-modeswitch-data_20191128-3_all.deb ...\r\n[CI/Test          ]   | Unpacking usb-modeswitch-data (20191128-3) ...\r\n[CI/Test          ]   | Selecting previously unselected package usb-modeswitch.\r\n[CI/Test          ]   | Preparing to unpack .../108-usb-modeswitch_2.5.2+repack0-2ubuntu3_amd64.deb ...\r\n[CI/Test          ]   | Unpacking usb-modeswitch (2.5.2+repack0-2ubuntu3) ...\r\n[CI/Test          ]   | Setting up libcdparanoia0:amd64 (3.10.2+debian-13) ...\r\n[CI/Test          ]   | Setting up libdouble-conversion3:amd64 (3.1.5-4ubuntu1) ...\r\n[CI/Test          ]   | Setting up libxcb-xinput0:amd64 (1.14-2) ...\r\n[CI/Test          ]   | Setting up libwoff1:amd64 (1.0.2-1build2) ...\r\n[CI/Test          ]   | Setting up libhyphen0:amd64 (2.8.8-7) ...\r\n[CI/Test          ]   | Setting up libgbm1:amd64 (21.2.6-0ubuntu0.1~20.04.2) ...\r\n[CI/Test          ]   | Setting up libvisual-0.4-0:amd64 (0.4.0-17) ...\r\n[CI/Test          ]   | Setting up python3-pbr (5.4.5-0ubuntu1) ...\r\n[CI/Test          ]   | update-alternatives: using /usr/bin/python3-pbr to provide /usr/bin/pbr (pbr) in auto mode\r\n[CI/Test          ]   | Setting up libglvnd0:amd64 (1.3.2-1~ubuntu0.20.04.2) ...\r\n[CI/Test          ]   | Setting up libxcb-keysyms1:amd64 (0.4.0-1build1) ...\r\n[CI/Test          ]   | Setting up libxcb-render-util0:amd64 (0.3.9-1build1) ...\r\n[CI/Test          ]   | Setting up libxcb-icccm4:amd64 (0.4.1-1.1) ...\r\n[CI/Test          ]   | Setting up libgbm-dev:amd64 (21.2.6-0ubuntu0.1~20.04.2) ...\r\n[CI/Test          ]   | Setting up libxcb-util1:amd64 (0.4.0-0ubuntu3) ...\r\n[CI/Test          ]   | Setting up libflac8:amd64 (1.3.3-1ubuntu0.1) ...\r\n[CI/Test          ]   | Setting up libxcb-xkb1:amd64 (1.14-2) ...\r\n[CI/Test          ]   | Setting up libxcb-image0:amd64 (0.4.0-1build1) ...\r\n[CI/Test          ]   | Setting up python3-mock (3.0.5-1build1) ...\r\n[CI/Test          ]   | Setting up libxcb-xinerama0:amd64 (1.14-2) ...\r\n[CI/Test          ]   | Setting up qttranslations5-l10n (5.12.8-0ubuntu1) ...\r\n[CI/Test          ]   | Setting up libopus0:amd64 (1.3.1-0ubuntu1) ...\r\n[CI/Test          ]   | Setting up libxkbcommon-x11-0:amd64 (0.10.0-1) ...\r\n[CI/Test          ]   | Setting up usb-modeswitch-data (20191128-3) ...\r\n[CI/Test          ]   | Setting up liborc-0.4-0:amd64 (1:0.4.31-1) ...\r\n[CI/Test          ]   | Setting up libpcsclite1:amd64 (1.8.26-3) ...\r\n[CI/Test          ]   | Setting up libqt5core5a:amd64 (5.12.8+dfsg-0ubuntu2.1) ...\r\n[CI/Test          ]   | Setting up libglapi-mesa:amd64 (21.2.6-0ubuntu0.1~20.04.2) ...\r\n[CI/Test          ]   | Setting up libmtdev1:amd64 (1.1.5-1.1) ...\r\n[CI/Test          ]   | Setting up libasyncns0:amd64 (0.8-6) ...\r\n[CI/Test          ]   | Setting up libmm-glib0:amd64 (1.18.6-1~ubuntu20.04.1) ...\r\n[CI/Test          ]   | Setting up libqt5dbus5:amd64 (5.12.8+dfsg-0ubuntu2.1) ...\r\n[CI/Test          ]   | Setting up libxcb-randr0:amd64 (1.14-2) ...\r\n[CI/Test          ]   | Setting up libtheora0:amd64 (1.1.1+dfsg.1-15ubuntu2) ...\r\n[CI/Test          ]   | Setting up libnl-3-200:amd64 (3.4.0-1ubuntu0.1) ...\r\n[CI/Test          ]   | Setting up libavahi-glib1:amd64 (0.7-4ubuntu7.1) ...\r\n[CI/Test          ]   | Setting up libusb-1.0-0:amd64 (2:1.0.23-2build1) ...\r\n[CI/Test          ]   | Setting up libqt5sensors5:amd64 (5.12.8-0ubuntu1) ...\r\n[CI/Test          ]   | Setting up libdaemon0:amd64 (0.14-7) ...\r\n[CI/Test          ]   | Setting up libqt5test5:amd64 (5.12.8+dfsg-0ubuntu2.1) ...\r\n[CI/Test          ]   | Setting up libavahi-core7:amd64 (0.7-4ubuntu7.1) ...\r\n[CI/Test          ]   | Setting up libevdev2:amd64 (1.9.0+dfsg-1ubuntu0.2) ...\r\n[CI/Test          ]   | Setting up libgudev-1.0-0:amd64 (1:233-1) ...\r\n[CI/Test          ]   | Setting up libmbim-glib4:amd64 (1.26.2-1~ubuntu20.04.1) ...\r\n[CI/Test          ]   | Setting up libgstreamer1.0-0:amd64 (1.16.3-0ubuntu1.1) ...\r\n[CI/Test          ]   | Setcap worked! gst-ptp-helper is not suid!\r\n[CI/Test          ]   | Setting up libvorbisenc2:amd64 (1.3.6-2ubuntu1) ...\r\n[CI/Test          ]   | Setting up libwacom-common (1.3-2ubuntu3) ...\r\n[CI/Test          ]   | Setting up python3-sip (4.19.21+dfsg-1build1) ...\r\n[CI/Test          ]   | Setting up iio-sensor-proxy (2.8-1ubuntu2) ...\r\n[CI/Test          ]   | Setting up libqt5positioning5:amd64 (5.12.8+dfsg-0ubuntu1) ...\r\n[CI/Test          ]   | Setting up libgl1-mesa-dri:amd64 (21.2.6-0ubuntu0.1~20.04.2) ...\r\n[CI/Test          ]   | Setting up libgstreamer-plugins-base1.0-0:amd64 (1.16.3-0ubuntu1.1) ...\r\n[CI/Test          ]   | Setting up geoclue-2.0 (2.5.6-0ubuntu1) ...\r\n[CI/Test          ]   | Setting up libmbim-proxy (1.26.2-1~ubuntu20.04.1) ...\r\n[CI/Test          ]   | Setting up libqt5network5:amd64 (5.12.8+dfsg-0ubuntu2.1) ...\r\n[CI/Test          ]   | Setting up libnl-route-3-200:amd64 (3.4.0-1ubuntu0.1) ...\r\n[CI/Test          ]   | Setting up libqt5sql5:amd64 (5.12.8+dfsg-0ubuntu2.1) ...\r\n[CI/Test          ]   | Setting up libqt5websockets5:amd64 (5.12.8-0ubuntu1) ...\r\n[CI/Test          ]   | Setting up libqt5xml5:amd64 (5.12.8+dfsg-0ubuntu2.1) ...\r\n[CI/Test          ]   | Setting up libegl-mesa0:amd64 (21.2.6-0ubuntu0.1~20.04.2) ...\r\n[CI/Test          ]   | Setting up gstreamer1.0-plugins-base:amd64 (1.16.3-0ubuntu1.1) ...\r\n[CI/Test          ]   | Setting up libqt5qml5:amd64 (5.12.8-0ubuntu1) ...\r\n[CI/Test          ]   | Setting up libqt5webchannel5:amd64 (5.12.8-0ubuntu1) ...\r\n[CI/Test          ]   | Setting up avahi-daemon (0.7-4ubuntu7.1) ...\r\n[CI/Test          ]   | invoke-rc.d: could not determine current runlevel\r\n[CI/Test          ]   | invoke-rc.d: policy-rc.d denied execution of force-reload.\r\n[CI/Test          ]   | Created symlink /etc/systemd/system/dbus-org.freedesktop.Avahi.service \u2192 /lib/systemd/system/avahi-daemon.service.\r\n[CI/Test          ]   | Created symlink /etc/systemd/system/multi-user.target.wants/avahi-daemon.service \u2192 /lib/systemd/system/avahi-daemon.service.\r\n[CI/Test          ]   | Created symlink /etc/systemd/system/sockets.target.wants/avahi-daemon.socket \u2192 /lib/systemd/system/avahi-daemon.socket.\r\n[CI/Test          ]   | invoke-rc.d: could not determine current runlevel\r\n[CI/Test          ]   | invoke-rc.d: policy-rc.d denied execution of start.\r\n[CI/Test          ]   | Setting up libnl-genl-3-200:amd64 (3.4.0-1ubuntu0.1) ...\r\n[CI/Test          ]   | Setting up libegl1:amd64 (1.3.2-1~ubuntu0.20.04.2) ...\r\n[CI/Test          ]   | Setting up usb-modeswitch (2.5.2+repack0-2ubuntu3) ...\r\n[CI/Test          ]   | Setting up libsndfile1:amd64 (1.0.28-7ubuntu0.1) ...\r\n[CI/Test          ]   | Setting up libnss-mdns:amd64 (0.14.1-1ubuntu1) ...\r\n[CI/Test          ]   | First installation detected...\r\n[CI/Test          ]   | Checking NSS setup...\r\n[CI/Test          ]   | Setting up libwacom2:amd64 (1.3-2ubuntu3) ...\r\n[CI/Test          ]   | Setting up libglx-mesa0:amd64 (21.2.6-0ubuntu0.1~20.04.2) ...\r\n[CI/Test          ]   | Setting up libqt5sql5-sqlite:amd64 (5.12.8+dfsg-0ubuntu2.1) ...\r\n[CI/Test          ]   | Setting up libglx0:amd64 (1.3.2-1~ubuntu0.20.04.2) ...\r\n[CI/Test          ]   | Setting up libpulse0:amd64 (1:13.99.1-1ubuntu3.13) ...\r\n[CI/Test          ]   | Setting up libqt5xmlpatterns5:amd64 (5.12.8-0ubuntu1) ...\r\n[CI/Test          ]   | Setting up libqmi-glib5:amd64 (1.30.4-1~ubuntu20.04.1) ...\r\n[CI/Test          ]   | Setting up libinput-bin (1.15.5-1ubuntu0.3) ...\r\n[CI/Test          ]   | Setting up wpasupplicant (2:2.9-1ubuntu4.3) ...\r\n[CI/Test          ]   | Created symlink /etc/systemd/system/dbus-fi.w1.wpa_supplicant1.service \u2192 /lib/systemd/system/wpa_supplicant.service.\r\n[CI/Test          ]   | Created symlink /etc/systemd/system/multi-user.target.wants/wpa_supplicant.service \u2192 /lib/systemd/system/wpa_supplicant.service.\r\n[CI/Test          ]   | Setting up libgl1:amd64 (1.3.2-1~ubuntu0.20.04.2) ...\r\n[CI/Test          ]   | Setting up libwacom-bin (1.3-2ubuntu3) ...\r\n[CI/Test          ]   | Setting up libinput10:amd64 (1.15.5-1ubuntu0.3) ...\r\n[CI/Test          ]   | Setting up libqt5gui5:amd64 (5.12.8+dfsg-0ubuntu2.1) ...\r\n[CI/Test          ]   | Setting up libqmi-proxy (1.30.4-1~ubuntu20.04.1) ...\r\n[CI/Test          ]   | Setting up libqt5widgets5:amd64 (5.12.8+dfsg-0ubuntu2.1) ...\r\n[CI/Test          ]   | Setting up libqt5help5:amd64 (5.12.8-0ubuntu1) ...\r\n[CI/Test          ]   | Setting up qt5-gtk-platformtheme:amd64 (5.12.8+dfsg-0ubuntu2.1) ...\r\n[CI/Test          ]   | Setting up libqt5multimedia5:amd64 (5.12.8-0ubuntu1) ...\r\n[CI/Test          ]   | Setting up libqt5printsupport5:amd64 (5.12.8+dfsg-0ubuntu2.1) ...\r\n[CI/Test          ]   | Setting up libqt5opengl5:amd64 (5.12.8+dfsg-0ubuntu2.1) ...\r\n[CI/Test          ]   | Setting up modemmanager (1.18.6-1~ubuntu20.04.1) ...\r\n[CI/Test          ]   | Created symlink /etc/systemd/system/dbus-org.freedesktop.ModemManager1.service \u2192 /lib/systemd/system/ModemManager.service.\r\n[CI/Test          ]   | Created symlink /etc/systemd/system/multi-user.target.wants/ModemManager.service \u2192 /lib/systemd/system/ModemManager.service.\r\n[CI/Test          ]   | Setting up libqt5quick5:amd64 (5.12.8-0ubuntu1) ...\r\n[CI/Test          ]   | Setting up libqt5positioningquick5:amd64 (5.12.8+dfsg-0ubuntu1) ...\r\n[CI/Test          ]   | Setting up libqt5designer5:amd64 (5.12.8-0ubuntu1) ...\r\n[CI/Test          ]   | Setting up libqt5location5:amd64 (5.12.8+dfsg-0ubuntu1) ...\r\n[CI/Test          ]   | Setting up libqt5svg5:amd64 (5.12.8-0ubuntu1) ...\r\n[CI/Test          ]   | Setting up libqt5webkit5:amd64 (5.212.0~alpha4-1ubuntu2.1) ...\r\n[CI/Test          ]   | Setting up libqt5quickwidgets5:amd64 (5.12.8-0ubuntu1) ...\r\n[CI/Test          ]   | Setting up libqt5multimediawidgets5:amd64 (5.12.8-0ubuntu1) ...\r\n[CI/Test          ]   | Setting up python3-pyqt5 (5.14.1+dfsg-3build1) ...\r\n[CI/Test          ]   | Setting up python3-pyqt5.qtpositioning (5.14.1+dfsg-3build1) ...\r\n[CI/Test          ]   | Setting up python3-pyqt5.qtsvg (5.14.1+dfsg-3build1) ...\r\n[CI/Test          ]   | Setting up python3-pyqt5.qtsql (5.14.1+dfsg-3build1) ...\r\n[CI/Test          ]   | Setting up python3-pyqt5.qtopengl (5.14.1+dfsg-3build1) ...\r\n[CI/Test          ]   | Setting up python3-pyqt5.qtmultimedia (5.14.1+dfsg-3build1) ...\r\n[CI/Test          ]   | Setting up python3-pyqt5.qtxmlpatterns (5.14.1+dfsg-3build1) ...\r\n[CI/Test          ]   | Setting up python3-pyqt5.qtwebsockets (5.14.1+dfsg-3build1) ...\r\n[CI/Test          ]   | Setting up python3-pyqt5.qtwebchannel (5.14.1+dfsg-3build1) ...\r\n[CI/Test          ]   | Setting up python3-pyqt5.qtwebkit (5.14.1+dfsg-3build1) ...\r\n[CI/Test          ]   | Setting up python3-pyqt5.qtquick (5.14.1+dfsg-3build1) ...\r\n[CI/Test          ]   | Setting up python3-qtpy (1.9.0-3) ...\r\n[CI/Test          ]   | Processing triggers for hicolor-icon-theme (0.17-2) ...\r\n[CI/Test          ]   | Processing triggers for libc-bin (2.31-0ubuntu9.2) ...\r\n[CI/Test          ]   | Processing triggers for systemd (245.4-4ubuntu3.11) ...\r\n[CI/Test          ]   | Processing triggers for dbus (1.12.16-2ubuntu2.1) ...\r\n[CI/Test          ]   | Processing triggers for mime-support (3.64ubuntu1) ...\r\n[CI/Test          ]   | + sudo apt-get install python3-send2trash\n[CI/Test          ]   | Reading package lists...\n[CI/Test          ]   | Building dependency tree...\n[CI/Test          ]   | Reading state information...\n[CI/Test          ]   | The following NEW packages will be installed:\n[CI/Test          ]   |   python3-send2trash\n[CI/Test          ]   | 0 upgraded, 1 newly installed, 0 to remove and 378 not upgraded.\n[CI/Test          ]   | Need to get 9704 B of archives.\n[CI/Test          ]   | After this operation, 41.0 kB of additional disk space will be used.\n[CI/Test          ]   | Get:1 http://archive.ubuntu.com/ubuntu focal/universe amd64 python3-send2trash all 1.5.0-2 [9704 B]\n[CI/Test          ]   | Fetched 9704 B in 0s (39.1 kB/s)\n[CI/Test          ]   | Selecting previously unselected package python3-send2trash.\r\n[CI/Test          ]   | (Reading database ... \r(Reading database ... 5%\r(Reading database ... 10%\r(Reading database ... 15%\r(Reading database ... 20%\r(Reading database ... 25%\r(Reading database ... 30%\r(Reading database ... 35%\r(Reading database ... 40%\r(Reading database ... 45%\r(Reading database ... 50%\r(Reading database ... 55%\r(Reading database ... 60%\r(Reading database ... 65%\r(Reading database ... 70%\r(Reading database ... 75%\r(Reading database ... 80%\r(Reading database ... 85%\r(Reading database ... 90%\r(Reading database ... 95%\r(Reading database ... 100%\r(Reading database ... 196769 files and directories currently installed.)\r\n[CI/Test          ]   | Preparing to unpack .../python3-send2trash_1.5.0-2_all.deb ...\r\n[CI/Test          ]   | Unpacking python3-send2trash (1.5.0-2) ...\r\n[CI/Test          ]   | Setting up python3-send2trash (1.5.0-2) ...\r\n[CI/Test          ]   \u2705  Success - Main Install Dependencies\n[CI/Test          ] \u2b50 Run Main Build Translations\n[CI/Test          ]   \ud83d\udc33  docker exec cmd=[bash --noprofile --norc -e -o pipefail /var/run/act/workflow/2] user= workdir=\n[CI/Test          ]   | xgettext \\\n[CI/Test          ]   | \t--language=Python \\\n[CI/Test          ]   | \t--keyword=N_ \\\n[CI/Test          ]   | \t--no-wrap \\\n[CI/Test          ]   | \t--omit-header \\\n[CI/Test          ]   | \t--sort-output \\\n[CI/Test          ]   | \t--output-dir cola/i18n \\\n[CI/Test          ]   | \t--output git-cola.pot \\\n[CI/Test          ]   | \tcola/*.py \\\n[CI/Test          ]   | \tcola/*/*.py\n[CI/Test          ]   | for po in cola/i18n/*.po; \\\n[CI/Test          ]   | do \\\n[CI/Test          ]   | \tmsgmerge \\\n[CI/Test          ]   | \t\t--no-wrap \\\n[CI/Test          ]   | \t\t--no-fuzzy-matching \\\n[CI/Test          ]   | \t\t--sort-output \\\n[CI/Test          ]   | \t\t--output-file $po.new \\\n[CI/Test          ]   | \t\t$po \\\n[CI/Test          ]   | \t\tcola/i18n/git-cola.pot \\\n[CI/Test          ]   | \t\t&& \\\n[CI/Test          ]   | \tmv $po.new $po; \\\n[CI/Test          ]   | \\\n[CI/Test          ]   | done\n[CI/Test          ]   | ........................................................................................................................................................................................................................................... done.\n[CI/Test          ]   | .......................................................................................................................................................................................................................... done.\n[CI/Test          ]   | ................................................................................................................................................................................................................................... done.\n[CI/Test          ]   | ............................................................................................................................................................................................................................... done.\n[CI/Test          ]   | .............................................................................................................................................................................................................. done.\n[CI/Test          ]   | .............................................................................................................................................................................................................................. done.\n[CI/Test          ]   | ................................................................................................................................................................................................................................................. done.\n[CI/Test          ]   | ........................................................................................................................................................................................................................................ done.\n[CI/Test          ]   | .................................................................................................................................................................................................................... done.\n[CI/Test          ]   | ................................................................................................................................................................................................................................ done.\n[CI/Test          ]   | ................................................................................................................................................................................................................................. done.\n[CI/Test          ]   | ................................................................................................................................................................................................................ done.\n[CI/Test          ]   | .............................................................................................................................................................................................................................. done.\n[CI/Test          ]   | ..................................................................................................................................................................................................................................... done.\n[CI/Test          ]   | ....................................................................................................................................................................................................................... done.\n[CI/Test          ]   | ............................................................................................................................................................................................................................... done.\n[CI/Test          ]   \u2705  Success - Main Build Translations\n[CI/Test          ] \u2b50 Run Main Run Unit Tests\n[CI/Test          ]   \ud83d\udc33  docker exec cmd=[bash --noprofile --norc -e -o pipefail /var/run/act/workflow/3] user= workdir=\n[CI/Test          ]   | python -B -m pytest --quiet   cola test\n[CI/Test          ]   | ........................................................................ [ 36%]\n[CI/Test          ]   | ........................................................................ [ 72%]\n[CI/Test          ]   | ......................................................                   [100%]\n[CI/Test          ]   | 198 passed in 25.82 seconds\n[CI/Test          ]   \u2705  Success - Main Run Unit Tests\n[CI/Test          ] \u2b50 Run Main Run Linter\n[CI/Test          ]   \ud83d\udc33  docker exec cmd=[bash --noprofile --norc -e -o pipefail /var/run/act/workflow/4] user= workdir=\n[CI/Test          ]   | python -B -m pylint --version\n[CI/Test          ]   | pylint 2.4.4\n[CI/Test          ]   | astroid 2.3.3\n[CI/Test          ]   | Python 3.8.10 (default, Jun  2 2021, 10:49:15) \n[CI/Test          ]   | [GCC 9.4.0]\n[CI/Test          ]   | python -B -m pylint --rcfile=.pylintrc --output-format=colorized  \\\n[CI/Test          ]   | cola test\n[CI/Test          ]   | \u001b[7;33m************* Module cola.diffparse\u001b[0m\n[CI/Test          ]   | cola/diffparse.py:371:0: \u001b[1mWrong hanging indentation before block (add 4 spaces).\n[CI/Test          ]   |                 hunk.content_lines, start=hunk_first_line_idx + 1\n[CI/Test          ]   |                 ^   |\u001b[0m (\u001b[1mbad-continuation\u001b[0m)\n[CI/Test          ]   | \u001b[7;33m************* Module cola.gitcmds\u001b[0m\n[CI/Test          ]   | cola/gitcmds.py:416:0: \u001b[1mWrong hanging indentation before block (add 4 spaces).\n[CI/Test          ]   |     context,\n[CI/Test          ]   |     ^   |\u001b[0m (\u001b[1mbad-continuation\u001b[0m)\n[CI/Test          ]   | cola/gitcmds.py:417:0: \u001b[1mWrong hanging indentation before block (add 4 spaces).\n[CI/Test          ]   |     commit=None,\n[CI/Test          ]   |     ^   |\u001b[0m (\u001b[1mbad-continuation\u001b[0m)\n[CI/Test          ]   | cola/gitcmds.py:418:0: \u001b[1mWrong hanging indentation before block (add 4 spaces).\n[CI/Test          ]   |     ref=None,\n[CI/Test          ]   |     ^   |\u001b[0m (\u001b[1mbad-continuation\u001b[0m)\n[CI/Test          ]   | cola/gitcmds.py:419:0: \u001b[1mWrong hanging indentation before block (add 4 spaces).\n[CI/Test          ]   |     endref=None,\n[CI/Test          ]   |     ^   |\u001b[0m (\u001b[1mbad-continuation\u001b[0m)\n[CI/Test          ]   | cola/gitcmds.py:420:0: \u001b[1mWrong hanging indentation before block (add 4 spaces).\n[CI/Test          ]   |     filename=None,\n[CI/Test          ]   |     ^   |\u001b[0m (\u001b[1mbad-continuation\u001b[0m)\n[CI/Test          ]   | cola/gitcmds.py:421:0: \u001b[1mWrong hanging indentation before block (add 4 spaces).\n[CI/Test          ]   |     cached=True,\n[CI/Test          ]   |     ^   |\u001b[0m (\u001b[1mbad-continuation\u001b[0m)\n[CI/Test          ]   | cola/gitcmds.py:422:0: \u001b[1mWrong hanging indentation before block (add 4 spaces).\n[CI/Test          ]   |     deleted=False,\n[CI/Test          ]   |     ^   |\u001b[0m (\u001b[1mbad-continuation\u001b[0m)\n[CI/Test          ]   | cola/gitcmds.py:423:0: \u001b[1mWrong hanging indentation before block (add 4 spaces).\n[CI/Test          ]   |     head=None,\n[CI/Test          ]   |     ^   |\u001b[0m (\u001b[1mbad-continuation\u001b[0m)\n[CI/Test          ]   | cola/gitcmds.py:424:0: \u001b[1mWrong hanging indentation before block (add 4 spaces).\n[CI/Test          ]   |     amending=False,\n[CI/Test          ]   |     ^   |\u001b[0m (\u001b[1mbad-continuation\u001b[0m)\n[CI/Test          ]   | cola/gitcmds.py:425:0: \u001b[1mWrong hanging indentation before block (add 4 spaces).\n[CI/Test          ]   |     with_diff_header=False,\n[CI/Test          ]   |     ^   |\u001b[0m (\u001b[1mbad-continuation\u001b[0m)\n[CI/Test          ]   | cola/gitcmds.py:426:0: \u001b[1mWrong hanging indentation before block (add 4 spaces).\n[CI/Test          ]   |     suppress_header=True,\n[CI/Test          ]   |     ^   |\u001b[0m (\u001b[1mbad-continuation\u001b[0m)\n[CI/Test          ]   | cola/gitcmds.py:427:0: \u001b[1mWrong hanging indentation before block (add 4 spaces).\n[CI/Test          ]   |     reverse=False,\n[CI/Test          ]   |     ^   |\u001b[0m (\u001b[1mbad-continuation\u001b[0m)\n[CI/Test          ]   | cola/gitcmds.py:428:0: \u001b[1mWrong hanging indentation before block (add 4 spaces).\n[CI/Test          ]   |     untracked=False,\n[CI/Test          ]   |     ^   |\u001b[0m (\u001b[1mbad-continuation\u001b[0m)\n[CI/Test          ]   | cola/gitcmds.py:610:0: \u001b[1mWrong hanging indentation before block (add 4 spaces).\n[CI/Test          ]   |     context, head='HEAD', update_index=False, display_untracked=True, paths=None\n[CI/Test          ]   |     ^   |\u001b[0m (\u001b[1mbad-continuation\u001b[0m)\n[CI/Test          ]   | \u001b[7;33m************* Module cola.fsmonitor\u001b[0m\n[CI/Test          ]   | cola/fsmonitor.py:339:0: \u001b[1mWrong hanging indentation before block (add 4 spaces).\n[CI/Test          ]   |                 '.lock'\n[CI/Test          ]   |                 ^   |\u001b[0m (\u001b[1mbad-continuation\u001b[0m)\n[CI/Test          ]   | cola/fsmonitor.py:482:0: \u001b[1mWrong hanging indentation before block (add 4 spaces).\n[CI/Test          ]   |                         path != self._git_dir\n[CI/Test          ]   |                         ^   |\u001b[0m (\u001b[1mbad-continuation\u001b[0m)\n[CI/Test          ]   | cola/fsmonitor.py:483:0: \u001b[1mWrong hanging indentation before block (add 4 spaces).\n[CI/Test          ]   |                         and not path.startswith(self._git_dir + '/')\n[CI/Test          ]   |                         ^   |\u001b[0m (\u001b[1mbad-continuation\u001b[0m)\n[CI/Test          ]   | cola/fsmonitor.py:484:0: \u001b[1mWrong hanging indentation before block (add 4 spaces).\n[CI/Test          ]   |                         and not os.path.isdir(path)\n[CI/Test          ]   |                         ^   |\u001b[0m (\u001b[1mbad-continuation\u001b[0m)\n[CI/Test          ]   | \u001b[7;33m************* Module cola.hidpi\u001b[0m\n[CI/Test          ]   | cola/hidpi.py:30:0: \u001b[1mWrong hanging indentation before block (add 4 spaces).\n[CI/Test          ]   |             'QT_SCALE_FACTOR'\n[CI/Test          ]   |             ^   |\u001b[0m (\u001b[1mbad-continuation\u001b[0m)\n[CI/Test          ]   | \u001b[7;33m************* Module cola.themes\u001b[0m\n[CI/Test          ]   | cola/themes.py:23:0: \u001b[1mWrong hanging indentation before block (add 4 spaces).\n[CI/Test          ]   |         self, name, hr_name, is_dark, style_sheet=EStylesheet.DEFAULT, main_color=None\n[CI/Test          ]   |         ^   |\u001b[0m (\u001b[1mbad-continuation\u001b[0m)\n[CI/Test          ]   | cola/themes.py:467:0: \u001b[1mWrong hanging indentation (add 4 spaces).\n[CI/Test          ]   |             'background': background,\n[CI/Test          ]   |             ^   |\u001b[0m (\u001b[1mbad-continuation\u001b[0m)\n[CI/Test          ]   | cola/themes.py:468:0: \u001b[1mWrong hanging indentation (add 4 spaces).\n[CI/Test          ]   |             'field': field,\n[CI/Test          ]   |             ^   |\u001b[0m (\u001b[1mbad-continuation\u001b[0m)\n[CI/Test          ]   | cola/themes.py:469:0: \u001b[1mWrong hanging indentation (add 4 spaces).\n[CI/Test          ]   |             'button': color_rgb,\n[CI/Test          ]   |             ^   |\u001b[0m (\u001b[1mbad-continuation\u001b[0m)\n[CI/Test          ]   | cola/themes.py:470:0: \u001b[1mWrong hanging indentation (add 4 spaces).\n[CI/Test          ]   |             'darker': darker,\n[CI/Test          ]   |             ^   |\u001b[0m (\u001b[1mbad-continuation\u001b[0m)\n[CI/Test          ]   | cola/themes.py:471:0: \u001b[1mWrong hanging indentation (add 4 spaces).\n[CI/Test          ]   |             'lighter': lighter,\n[CI/Test          ]   |             ^   |\u001b[0m (\u001b[1mbad-continuation\u001b[0m)\n[CI/Test          ]   | cola/themes.py:472:0: \u001b[1mWrong hanging indentation (add 4 spaces).\n[CI/Test          ]   |             'grayed': grayed,\n[CI/Test          ]   |             ^   |\u001b[0m (\u001b[1mbad-continuation\u001b[0m)\n[CI/Test          ]   | cola/themes.py:473:0: \u001b[1mWrong hanging indentation (add 4 spaces).\n[CI/Test          ]   |             'button_text': button_text,\n[CI/Test          ]   |             ^   |\u001b[0m (\u001b[1mbad-continuation\u001b[0m)\n[CI/Test          ]   | cola/themes.py:474:0: \u001b[1mWrong hanging indentation (add 4 spaces).\n[CI/Test          ]   |             'field_text': field_text,\n[CI/Test          ]   |             ^   |\u001b[0m (\u001b[1mbad-continuation\u001b[0m)\n[CI/Test          ]   | cola/themes.py:475:0: \u001b[1mWrong hanging indentation (add 4 spaces).\n[CI/Test          ]   |             'separator': defs.separator,\n[CI/Test          ]   |             ^   |\u001b[0m (\u001b[1mbad-continuation\u001b[0m)\n[CI/Test          ]   | cola/themes.py:476:0: \u001b[1mWrong hanging indentation (add 4 spaces).\n[CI/Test          ]   |             'focus': focus,\n[CI/Test          ]   |             ^   |\u001b[0m (\u001b[1mbad-continuation\u001b[0m)\n[CI/Test          ]   | cola/themes.py:477:0: \u001b[1mWrong hanging indentation.\n[CI/Test          ]   |         }\n[CI/Test          ]   |         ^   |   |\u001b[0m (\u001b[1mbad-continuation\u001b[0m)\n[CI/Test          ]   | cola/themes.py:618:0: \u001b[1mWrong hanging indentation (add 4 spaces).\n[CI/Test          ]   |         'separator': defs.separator,\n[CI/Test          ]   |         ^   |\u001b[0m (\u001b[1mbad-continuation\u001b[0m)\n[CI/Test          ]   | cola/themes.py:619:0: \u001b[1mWrong hanging indentation (add 4 spaces).\n[CI/Test          ]   |         'window_rgb': window_rgb,\n[CI/Test          ]   |         ^   |\u001b[0m (\u001b[1mbad-continuation\u001b[0m)\n[CI/Test          ]   | cola/themes.py:620:0: \u001b[1mWrong hanging indentation (add 4 spaces).\n[CI/Test          ]   |         'highlight_rgb': highlight_rgb,\n[CI/Test          ]   |         ^   |\u001b[0m (\u001b[1mbad-continuation\u001b[0m)\n[CI/Test          ]   | cola/themes.py:621:0: \u001b[1mWrong hanging indentation (add 4 spaces).\n[CI/Test          ]   |         'shadow_rgb': shadow_rgb,\n[CI/Test          ]   |         ^   |\u001b[0m (\u001b[1mbad-continuation\u001b[0m)\n[CI/Test          ]   | cola/themes.py:622:0: \u001b[1mWrong hanging indentation (add 4 spaces).\n[CI/Test          ]   |         'base_rgb': base_rgb,\n[CI/Test          ]   |         ^   |\u001b[0m (\u001b[1mbad-continuation\u001b[0m)\n[CI/Test          ]   | cola/themes.py:623:0: \u001b[1mWrong hanging indentation (add 4 spaces).\n[CI/Test          ]   |         'checkbox_border': defs.border,\n[CI/Test          ]   |         ^   |\u001b[0m (\u001b[1mbad-continuation\u001b[0m)\n[CI/Test          ]   | cola/themes.py:624:0: \u001b[1mWrong hanging indentation (add 4 spaces).\n[CI/Test          ]   |         'checkbox_icon': icons.check_name(),\n[CI/Test          ]   |         ^   |\u001b[0m (\u001b[1mbad-continuation\u001b[0m)\n[CI/Test          ]   | cola/themes.py:625:0: \u001b[1mWrong hanging indentation (add 4 spaces).\n[CI/Test          ]   |         'checkbox_size': defs.checkbox,\n[CI/Test          ]   |         ^   |\u001b[0m (\u001b[1mbad-continuation\u001b[0m)\n[CI/Test          ]   | cola/themes.py:626:0: \u001b[1mWrong hanging indentation (add 4 spaces).\n[CI/Test          ]   |         'radio_border': defs.radio_border,\n[CI/Test          ]   |         ^   |\u001b[0m (\u001b[1mbad-continuation\u001b[0m)\n[CI/Test          ]   | cola/themes.py:627:0: \u001b[1mWrong hanging indentation (add 4 spaces).\n[CI/Test          ]   |         'radio_icon': icons.dot_name(),\n[CI/Test          ]   |         ^   |\u001b[0m (\u001b[1mbad-continuation\u001b[0m)\n[CI/Test          ]   | cola/themes.py:628:0: \u001b[1mWrong hanging indentation (add 4 spaces).\n[CI/Test          ]   |         'radio_radius': defs.radio // 2,\n[CI/Test          ]   |         ^   |\u001b[0m (\u001b[1mbad-continuation\u001b[0m)\n[CI/Test          ]   | cola/themes.py:629:0: \u001b[1mWrong hanging indentation (add 4 spaces).\n[CI/Test          ]   |         'radio_size': defs.radio,\n[CI/Test          ]   |         ^   |\u001b[0m (\u001b[1mbad-continuation\u001b[0m)\n[CI/Test          ]   | cola/themes.py:630:0: \u001b[1mWrong hanging indentation.\n[CI/Test          ]   |     }\n[CI/Test          ]   |     ^   |   |\u001b[0m (\u001b[1mbad-continuation\u001b[0m)\n[CI/Test          ]   | \u001b[7;33m************* Module cola.utils\u001b[0m\n[CI/Test          ]   | cola/utils.py:292:0: \u001b[1mWrong hanging indentation before block (add 4 spaces).\n[CI/Test          ]   |         prefix=label + '-', suffix=suffix, delete=False\n[CI/Test          ]   |         ^   |\u001b[0m (\u001b[1mbad-continuation\u001b[0m)\n[CI/Test          ]   | \u001b[7;33m************* Module cola.git\u001b[0m\n[CI/Test          ]   | cola/git.py:50:0: \u001b[1mWrong hanging indentation before block (add 4 spaces).\n[CI/Test          ]   |             core.isdir(git_dir)\n[CI/Test          ]   |             ^   |\u001b[0m (\u001b[1mbad-continuation\u001b[0m)\n[CI/Test          ]   | cola/git.py:51:0: \u001b[1mWrong hanging indentation before block (add 4 spaces).\n[CI/Test          ]   |             and (\n[CI/Test          ]   |             ^   |\u001b[0m (\u001b[1mbad-continuation\u001b[0m)\n[CI/Test          ]   | cola/git.py:55:0: \u001b[1mWrong hanging indentation before block (add 4 spaces).\n[CI/Test          ]   |             or (\n[CI/Test          ]   |             ^   |\u001b[0m (\u001b[1mbad-continuation\u001b[0m)\n[CI/Test          ]   | cola/git.py:246:0: \u001b[1mWrong hanging indentation before block (add 4 spaces).\n[CI/Test          ]   |         command,\n[CI/Test          ]   |         ^   |\u001b[0m (\u001b[1mbad-continuation\u001b[0m)\n[CI/Test          ]   | cola/git.py:247:0: \u001b[1mWrong hanging indentation before block (add 4 spaces).\n[CI/Test          ]   |         _cwd=None,\n[CI/Test          ]   |         ^   |\u001b[0m (\u001b[1mbad-continuation\u001b[0m)\n[CI/Test          ]   | cola/git.py:248:0: \u001b[1mWrong hanging indentation before block (add 4 spaces).\n[CI/Test          ]   |         _decode=True,\n[CI/Test          ]   |         ^   |\u001b[0m (\u001b[1mbad-continuation\u001b[0m)\n[CI/Test          ]   | cola/git.py:249:0: \u001b[1mWrong hanging indentation before block (add 4 spaces).\n[CI/Test          ]   |         _encoding=None,\n[CI/Test          ]   |         ^   |\u001b[0m (\u001b[1mbad-continuation\u001b[0m)\n[CI/Test          ]   | cola/git.py:250:0: \u001b[1mWrong hanging indentation before block (add 4 spaces).\n[CI/Test          ]   |         _raw=False,\n[CI/Test          ]   |         ^   |\u001b[0m (\u001b[1mbad-continuation\u001b[0m)\n[CI/Test          ]   | cola/git.py:251:0: \u001b[1mWrong hanging indentation before block (add 4 spaces).\n[CI/Test          ]   |         _stdin=None,\n[CI/Test          ]   |         ^   |\u001b[0m (\u001b[1mbad-continuation\u001b[0m)\n[CI/Test          ]   | cola/git.py:252:0: \u001b[1mWrong hanging indentation before block (add 4 spaces).\n[CI/Test          ]   |         _stderr=subprocess.PIPE,\n[CI/Test          ]   |         ^   |\u001b[0m (\u001b[1mbad-continuation\u001b[0m)\n[CI/Test          ]   | cola/git.py:253:0: \u001b[1mWrong hanging indentation before block (add 4 spaces).\n[CI/Test          ]   |         _stdout=subprocess.PIPE,\n[CI/Test          ]   |         ^   |\u001b[0m (\u001b[1mbad-continuation\u001b[0m)\n[CI/Test          ]   | cola/git.py:254:0: \u001b[1mWrong hanging indentation before block (add 4 spaces).\n[CI/Test          ]   |         _readonly=False,\n[CI/Test          ]   |         ^   |\u001b[0m (\u001b[1mbad-continuation\u001b[0m)\n[CI/Test          ]   | cola/git.py:255:0: \u001b[1mWrong hanging indentation before block (add 4 spaces).\n[CI/Test          ]   |         _no_win32_startupinfo=False,\n[CI/Test          ]   |         ^   |\u001b[0m (\u001b[1mbad-continuation\u001b[0m)\n[CI/Test          ]   | \u001b[7;33m************* Module cola.interaction\u001b[0m\n[CI/Test          ]   | cola/interaction.py:82:0: \u001b[1mWrong hanging indentation before block (add 4 spaces).\n[CI/Test          ]   |         cls,\n[CI/Test          ]   |         ^   |\u001b[0m (\u001b[1mbad-continuation\u001b[0m)\n[CI/Test          ]   | cola/interaction.py:83:0: \u001b[1mWrong hanging indentation before block (add 4 spaces).\n[CI/Test          ]   |         title,\n[CI/Test          ]   |         ^   |\u001b[0m (\u001b[1mbad-continuation\u001b[0m)\n[CI/Test          ]   | cola/interaction.py:84:0: \u001b[1mWrong hanging indentation before block (add 4 spaces).\n[CI/Test          ]   |         text,\n[CI/Test          ]   |         ^   |\u001b[0m (\u001b[1mbad-continuation\u001b[0m)\n[CI/Test          ]   | cola/interaction.py:85:0: \u001b[1mWrong hanging indentation before block (add 4 spaces).\n[CI/Test          ]   |         informative_text,\n[CI/Test          ]   |         ^   |\u001b[0m (\u001b[1mbad-continuation\u001b[0m)\n[CI/Test          ]   | cola/interaction.py:86:0: \u001b[1mWrong hanging indentation before block (add 4 spaces).\n[CI/Test          ]   |         ok_text,\n[CI/Test          ]   |         ^   |\u001b[0m (\u001b[1mbad-continuation\u001b[0m)\n[CI/Test          ]   | cola/interaction.py:87:0: \u001b[1mWrong hanging indentation before block (add 4 spaces).\n[CI/Test          ]   |         icon=None,\n[CI/Test          ]   |         ^   |\u001b[0m (\u001b[1mbad-continuation\u001b[0m)\n[CI/Test          ]   | cola/interaction.py:88:0: \u001b[1mWrong hanging indentation before block (add 4 spaces).\n[CI/Test          ]   |         default=True,\n[CI/Test          ]   |         ^   |\u001b[0m (\u001b[1mbad-continuation\u001b[0m)\n[CI/Test          ]   | cola/interaction.py:89:0: \u001b[1mWrong hanging indentation before block (add 4 spaces).\n[CI/Test          ]   |         cancel_text=None,\n[CI/Test          ]   |         ^   |\u001b[0m (\u001b[1mbad-continuation\u001b[0m)\n[CI/Test          ]   | \u001b[7;33m************* Module cola.core\u001b[0m\n[CI/Test          ]   | cola/core.py:176:0: \u001b[1mWrong hanging indentation before block (add 4 spaces).\n[CI/Test          ]   |     cmd,\n[CI/Test          ]   |     ^   |\u001b[0m (\u001b[1mbad-continuation\u001b[0m)\n[CI/Test          ]   | cola/core.py:177:0: \u001b[1mWrong hanging indentation before block (add 4 spaces).\n[CI/Test          ]   |     cwd=None,\n[CI/Test          ]   |     ^   |\u001b[0m (\u001b[1mbad-continuation\u001b[0m)\n[CI/Test          ]   | cola/core.py:178:0: \u001b[1mWrong hanging indentation before block (add 4 spaces).\n[CI/Test          ]   |     add_env=None,\n[CI/Test          ]   |     ^   |\u001b[0m (\u001b[1mbad-continuation\u001b[0m)\n[CI/Test          ]   | cola/core.py:179:0: \u001b[1mWrong hanging indentation before block (add 4 spaces).\n[CI/Test          ]   |     universal_newlines=False,\n[CI/Test          ]   |     ^   |\u001b[0m (\u001b[1mbad-continuation\u001b[0m)\n[CI/Test          ]   | cola/core.py:180:0: \u001b[1mWrong hanging indentation before block (add 4 spaces).\n[CI/Test          ]   |     stdin=subprocess.PIPE,\n[CI/Test          ]   |     ^   |\u001b[0m (\u001b[1mbad-continuation\u001b[0m)\n[CI/Test          ]   | cola/core.py:181:0: \u001b[1mWrong hanging indentation before block (add 4 spaces).\n[CI/Test          ]   |     stdout=subprocess.PIPE,\n[CI/Test          ]   |     ^   |\u001b[0m (\u001b[1mbad-continuation\u001b[0m)\n[CI/Test          ]   | cola/core.py:182:0: \u001b[1mWrong hanging indentation before block (add 4 spaces).\n[CI/Test          ]   |     no_win32_startupinfo=False,\n[CI/Test          ]   |     ^   |\u001b[0m (\u001b[1mbad-continuation\u001b[0m)\n[CI/Test          ]   | cola/core.py:183:0: \u001b[1mWrong hanging indentation before block (add 4 spaces).\n[CI/Test          ]   |     stderr=subprocess.PIPE,\n[CI/Test          ]   |     ^   |\u001b[0m (\u001b[1mbad-continuation\u001b[0m)\n[CI/Test          ]   | cola/core.py:184:0: \u001b[1mWrong hanging indentation before block (add 4 spaces).\n[CI/Test          ]   |     **extra\n[CI/Test          ]   |     ^   |\u001b[0m (\u001b[1mbad-continuation\u001b[0m)\n[CI/Test          ]   | \u001b[7;33m************* Module cola.textwrap\u001b[0m\n[CI/Test          ]   | cola/textwrap.py:54:0: \u001b[1mWrong hanging indentation before block (add 4 spaces).\n[CI/Test          ]   |         self, width=70, tabwidth=8, break_on_hyphens=False, drop_whitespace=True\n[CI/Test          ]   |         ^   |\u001b[0m (\u001b[1mbad-continuation\u001b[0m)\n[CI/Test          ]   | cola/textwrap.py:150:0: \u001b[1mWrong hanging indentation before block (add 4 spaces).\n[CI/Test          ]   |                 linebreak\n[CI/Test          ]   |                 ^   |\u001b[0m (\u001b[1mbad-continuation\u001b[0m)\n[CI/Test          ]   | cola/textwrap.py:151:0: \u001b[1mWrong hanging indentation before block (add 4 spaces).\n[CI/Test          ]   |                 and self.drop_whitespace\n[CI/Test          ]   |                 ^   |\u001b[0m (\u001b[1mbad-continuation\u001b[0m)\n[CI/Test          ]   | cola/textwrap.py:152:0: \u001b[1mWrong hanging indentation before block (add 4 spaces).\n[CI/Test          ]   |                 and cur_line\n[CI/Test          ]   |                 ^   |\u001b[0m (\u001b[1mbad-continuation\u001b[0m)\n[CI/Test          ]   | cola/textwrap.py:153:0: \u001b[1mWrong hanging indentation before block (add 4 spaces).\n[CI/Test          ]   |                 and is_blank(cur_line[0])\n[CI/Test          ]   |                 ^   |\u001b[0m (\u001b[1mbad-continuation\u001b[0m)\n[CI/Test          ]   | \u001b[7;33m************* Module cola.difftool\u001b[0m\n[CI/Test          ]   | cola/difftool.py:28:0: \u001b[1mWrong hanging indentation before block (add 4 spaces).\n[CI/Test          ]   |     context, parent, expr, create_widget=False, hide_expr=False, focus_tree=False\n[CI/Test          ]   |     ^   |\u001b[0m (\u001b[1mbad-continuation\u001b[0m)\n[CI/Test          ]   | cola/difftool.py:43:0: \u001b[1mWrong hanging indentation before block (add 4 spaces).\n[CI/Test          ]   |         self,\n[CI/Test          ]   |         ^   |\u001b[0m (\u001b[1mbad-continuation\u001b[0m)\n[CI/Test          ]   | cola/difftool.py:44:0: \u001b[1mWrong hanging indentation before block (add 4 spaces).\n[CI/Test          ]   |         context,\n[CI/Test          ]   |         ^   |\u001b[0m (\u001b[1mbad-continuation\u001b[0m)\n[CI/Test          ]   | cola/difftool.py:45:0: \u001b[1mWrong hanging indentation before block (add 4 spaces).\n[CI/Test          ]   |         parent,\n[CI/Test          ]   |         ^   |\u001b[0m (\u001b[1mbad-continuation\u001b[0m)\n[CI/Test          ]   | cola/difftool.py:46:0: \u001b[1mWrong hanging indentation before block (add 4 spaces).\n[CI/Test          ]   |         a=None,\n[CI/Test          ]   |         ^   |\u001b[0m (\u001b[1mbad-continuation\u001b[0m)\n[CI/Test          ]   | cola/difftool.py:47:0: \u001b[1mWrong hanging indentation before block (add 4 spaces).\n[CI/Test          ]   |         b=None,\n[CI/Test          ]   |         ^   |\u001b[0m (\u001b[1mbad-continuation\u001b[0m)\n[CI/Test          ]   | cola/difftool.py:48:0: \u001b[1mWrong hanging indentation before block (add 4 spaces).\n[CI/Test          ]   |         expr=None,\n[CI/Test          ]   |         ^   |\u001b[0m (\u001b[1mbad-continuation\u001b[0m)\n[CI/Test          ]   | cola/difftool.py:49:0: \u001b[1mWrong hanging indentation before block (add 4 spaces).\n[CI/Test          ]   |         title=None,\n[CI/Test          ]   |         ^   |\u001b[0m (\u001b[1mbad-continuation\u001b[0m)\n[CI/Test          ]   | cola/difftool.py:50:0: \u001b[1mWrong hanging indentation before block (add 4 spaces).\n[CI/Test          ]   |         hide_expr=False,\n[CI/Test          ]   |         ^   |\u001b[0m (\u001b[1mbad-continuation\u001b[0m)\n[CI/Test          ]   | cola/difftool.py:51:0: \u001b[1mWrong hanging indentation before block (add 4 spaces).\n[CI/Test          ]   |         focus_tree=False,\n[CI/Test          ]   |         ^   |\u001b[0m (\u001b[1mbad-continuation\u001b[0m)\n[CI/Test          ]   | \u001b[7;33m************* Module cola.gitcfg\u001b[0m\n[CI/Test          ]   | cola/gitcfg.py:162:0: \u001b[1mWrong hanging indentation before block (add 4 spaces).\n[CI/Test          ]   |             self.context, cache_paths, self._renamed_keys\n[CI/Test          ]   |             ^   |\u001b[0m (\u001b[1mbad-continuation\u001b[0m)\n[CI/Test          ]   | cola/gitcfg.py:472:0: \u001b[1mWrong hanging indentation before block (add 4 spaces).\n[CI/Test          ]   |             line.startswith(system_key)\n[CI/Test          ]   |             ^   |\u001b[0m (\u001b[1mbad-continuation\u001b[0m)\n[CI/Test          ]   | cola/gitcfg.py:473:0: \u001b[1mWrong hanging indentation before block (add 4 spaces).\n[CI/Test          ]   |             or line.startswith(global_key)\n[CI/Test          ]   |             ^   |\u001b[0m (\u001b[1mbad-continuation\u001b[0m)\n[CI/Test          ]   | cola/gitcfg.py:474:0: \u001b[1mWrong hanging indentation before block (add 4 spaces).\n[CI/Test          ]   |             or line.startswith(local_key)\n[CI/Test          ]   |             ^   |\u001b[0m (\u001b[1mbad-continuation\u001b[0m)\n[CI/Test          ]   | cola/gitcfg.py:475:0: \u001b[1mWrong hanging indentation before block (add 4 spaces).\n[CI/Test          ]   |             or line.startswith(command_key)\n[CI/Test          ]   |             ^   |\u001b[0m (\u001b[1mbad-continuation\u001b[0m)\n[CI/Test          ]   | cola/gitcfg.py:476:0: \u001b[1mWrong hanging indentation before block (add 4 spaces).\n[CI/Test          ]   |             or line.startswith(worktree_key)  # worktree and unknown are uncommon.\n[CI/Test          ]   |             ^   |\u001b[0m (\u001b[1mbad-continuation\u001b[0m)\n[CI/Test          ]   | cola/gitcfg.py:477:0: \u001b[1mWrong hanging indentation before block (add 4 spaces).\n[CI/Test          ]   |             or line.startswith(unknown_key)\n[CI/Test          ]   |             ^   |\u001b[0m (\u001b[1mbad-continuation\u001b[0m)\n[CI/Test          ]   | \u001b[7;33m************* Module cola.sequenceeditor\u001b[0m\n[CI/Test          ]   | cola/sequenceeditor.py:389:0: \u001b[1mWrong hanging indentation before block (add 4 spaces).\n[CI/Test          ]   |         self, idx, enabled, command, oid='', summary='', cmdexec='', branch=''\n[CI/Test          ]   |         ^   |\u001b[0m (\u001b[1mbad-continuation\u001b[0m)\n[CI/Test          ]   | cola/sequenceeditor.py:481:0: \u001b[1mWrong hanging indentation before block (add 4 spaces).\n[CI/Test          ]   |             idx > len(all_items) - len(sel_items)\n[CI/Test          ]   |             ^   |\u001b[0m (\u001b[1mbad-continuation\u001b[0m)\n[CI/Test          ]   | cola/sequenceeditor.py:482:0: \u001b[1mWrong hanging indentation before block (add 4 spaces).\n[CI/Test          ]   |             or all_items[sel_idx[-1]] is all_items[-1]\n[CI/Test          ]   |             ^   |\u001b[0m (\u001b[1mbad-continuation\u001b[0m)\n[CI/Test          ]   | cola/sequenceeditor.py:557:0: \u001b[1mWrong hanging indentation before block (add 4 spaces).\n[CI/Test          ]   |         self,\n[CI/Test          ]   |         ^   |\u001b[0m (\u001b[1mbad-continuation\u001b[0m)\n[CI/Test          ]   | cola/sequenceeditor.py:558:0: \u001b[1mWrong hanging indentation before block (add 4 spaces).\n[CI/Test          ]   |         idx,\n[CI/Test          ]   |         ^   |\u001b[0m (\u001b[1mbad-continuation\u001b[0m)\n[CI/Test          ]   | cola/sequenceeditor.py:559:0: \u001b[1mWrong hanging indentation before block (add 4 spaces).\n[CI/Test          ]   |         enabled,\n[CI/Test          ]   |         ^   |\u001b[0m (\u001b[1mbad-continuation\u001b[0m)\n[CI/Test          ]   | cola/sequenceeditor.py:560:0: \u001b[1mWrong hanging indentation before block (add 4 spaces).\n[CI/Test          ]   |         command,\n[CI/Test          ]   |         ^   |\u001b[0m (\u001b[1mbad-continuation\u001b[0m)\n[CI/Test          ]   | cola/sequenceeditor.py:561:0: \u001b[1mWrong hanging indentation before block (add 4 spaces).\n[CI/Test          ]   |         oid='',\n[CI/Test          ]   |         ^   |\u001b[0m (\u001b[1mbad-continuation\u001b[0m)\n[CI/Test          ]   | cola/sequenceeditor.py:562:0: \u001b[1mWrong hanging indentation before block (add 4 spaces).\n[CI/Test          ]   |         summary='',\n[CI/Test          ]   |         ^   |\u001b[0m (\u001b[1mbad-continuation\u001b[0m)\n[CI/Test          ]   | cola/sequenceeditor.py:563:0: \u001b[1mWrong hanging indentation before block (add 4 spaces).\n[CI/Test          ]   |         cmdexec='',\n[CI/Test          ]   |         ^   |\u001b[0m (\u001b[1mbad-continuation\u001b[0m)\n[CI/Test          ]   | cola/sequenceeditor.py:564:0: \u001b[1mWrong hanging indentation before block (add 4 spaces).\n[CI/Test          ]   |         branch='',\n[CI/Test          ]   |         ^   |\u001b[0m (\u001b[1mbad-continuation\u001b[0m)\n[CI/Test          ]   | cola/sequenceeditor.py:565:0: \u001b[1mWrong hanging indentation before block (add 4 spaces).\n[CI/Test          ]   |         comment_char='#',\n[CI/Test          ]   |         ^   |\u001b[0m (\u001b[1mbad-continuation\u001b[0m)\n[CI/Test          ]   | cola/sequenceeditor.py:566:0: \u001b[1mWrong hanging indentation before block (add 4 spaces).\n[CI/Test          ]   |         parent=None,\n[CI/Test          ]   |         ^   |\u001b[0m (\u001b[1mbad-continuation\u001b[0m)\n[CI/Test          ]   | \u001b[7;33m************* Module cola.spellcheck\u001b[0m\n[CI/Test          ]   | cola/spellcheck.py:56:0: \u001b[1mWrong hanging indentation before block (add 4 spaces).\n[CI/Test          ]   |         self,\n[CI/Test          ]   |         ^   |\u001b[0m (\u001b[1mbad-continuation\u001b[0m)\n[CI/Test          ]   | cola/spellcheck.py:57:0: \u001b[1mWrong hanging indentation before block (add 4 spaces).\n[CI/Test          ]   |         words='dict/words',\n[CI/Test          ]   |         ^   |\u001b[0m (\u001b[1mbad-continuation\u001b[0m)\n[CI/Test          ]   | cola/spellcheck.py:58:0: \u001b[1mWrong hanging indentation before block (add 4 spaces).\n[CI/Test          ]   |         propernames='dict/propernames',\n[CI/Test          ]   |         ^   |\u001b[0m (\u001b[1mbad-continuation\u001b[0m)\n[CI/Test          ]   | cola/spellcheck.py:109:0: \u001b[1mWrong hanging indentation before block (add 4 spaces).\n[CI/Test          ]   |                     path, 'r', encoding='utf-8', errors='ignore'\n[CI/Test          ]   |                     ^   |\u001b[0m (\u001b[1mbad-continuation\u001b[0m)\n[CI/Test          ]   | \u001b[7;33m************* Module cola.app\u001b[0m\n[CI/Test          ]   | cola/app.py:31:0: \u001b[1mWrong hanging indentation (remove 8 spaces).\n[CI/Test          ]   |             err=error\n[CI/Test          ]   |     |       ^\u001b[0m (\u001b[1mbad-continuation\u001b[0m)\n[CI/Test          ]   | cola/app.py:263:0: \u001b[1mWrong hanging indentation before block (add 4 spaces).\n[CI/Test          ]   |                     'cola.refreshonfocus', default=False\n[CI/Test          ]   |                     ^   |\u001b[0m (\u001b[1mbad-continuation\u001b[0m)\n[CI/Test          ]   | \u001b[7;33m************* Module cola.qtutils\u001b[0m\n[CI/Test          ]   | cola/qtutils.py:138:0: \u001b[1mWrong hanging indentation before block (add 4 spaces).\n[CI/Test          ]   |             i,\n[CI/Test          ]   |             ^   |\u001b[0m (\u001b[1mbad-continuation\u001b[0m)\n[CI/Test          ]   | cola/qtutils.py:139:0: \u001b[1mWrong hanging indentation before block (add 4 spaces).\n[CI/Test          ]   |             (\n[CI/Test          ]   |             ^   |\u001b[0m (\u001b[1mbad-continuation\u001b[0m)\n[CI/Test          ]   | cola/qtutils.py:674:0: \u001b[1mWrong hanging indentation before block (add 4 spaces).\n[CI/Test          ]   |     text='', layout=None, tooltip=None, icon=None, enabled=True, default=False\n[CI/Test          ]   |     ^   |\u001b[0m (\u001b[1mbad-continuation\u001b[0m)\n[CI/Test          ]   | \u001b[7;33m************* Module cola.widgets.clone\u001b[0m\n[CI/Test          ]   | cola/widgets/clone.py:58:0: \u001b[1mWrong hanging indentation before block (add 4 spaces).\n[CI/Test          ]   |     context, progress, finish, spawn, url, destdir, submodules, shallow\n[CI/Test          ]   |     ^   |\u001b[0m (\u001b[1mbad-continuation\u001b[0m)\n[CI/Test          ]   | \u001b[7;33m************* Module cola.widgets.archive\u001b[0m\n[CI/Test          ]   | cola/widgets/archive.py:212:0: \u001b[1mWrong hanging indentation before block (add 4 spaces).\n[CI/Test          ]   |                 title, msg, info_txt, ok_txt, default=False, icon=icons.save()\n[CI/Test          ]   |                 ^   |\u001b[0m (\u001b[1mbad-continuation\u001b[0m)\n[CI/Test          ]   | \u001b[7;33m************* Module cola.widgets.cfgactions\u001b[0m\n[CI/Test          ]   | cola/widgets/cfgactions.py:157:0: \u001b[1mWrong hanging indentation before block (add 4 spaces).\n[CI/Test          ]   |                 title, msg, info_text, ok_text, default=False, icon=icons.close()\n[CI/Test          ]   |                 ^   |\u001b[0m (\u001b[1mbad-continuation\u001b[0m)\n[CI/Test          ]   | \u001b[7;33m************* Module cola.widgets.diff\u001b[0m\n[CI/Test          ]   | cola/widgets/diff.py:191:0: \u001b[1mWrong hanging indentation before block (add 4 spaces).\n[CI/Test          ]   |         self, context, parent, is_commit=False, whitespace=True, numbers=False\n[CI/Test          ]   |         ^   |\u001b[0m (\u001b[1mbad-continuation\u001b[0m)\n[CI/Test          ]   | cola/widgets/diff.py:1118:0: \u001b[1mWrong hanging indentation before block (add 4 spaces).\n[CI/Test          ]   |                 title,\n[CI/Test          ]   |                 ^   |\u001b[0m (\u001b[1mbad-continuation\u001b[0m)\n[CI/Test          ]   | cola/widgets/diff.py:1119:0: \u001b[1mWrong hanging indentation before block (add 4 spaces).\n[CI/Test          ]   |                 N_(\n[CI/Test          ]   |                 ^   |\u001b[0m (\u001b[1mbad-continuation\u001b[0m)\n[CI/Test          ]   | cola/widgets/diff.py:1123:0: \u001b[1mWrong hanging indentation before block (add 4 spaces).\n[CI/Test          ]   |                 N_('Revert the uncommitted changes?'),\n[CI/Test          ]   |                 ^   |\u001b[0m (\u001b[1mbad-continuation\u001b[0m)\n[CI/Test          ]   | cola/widgets/diff.py:1124:0: \u001b[1mWrong hanging indentation before block (add 4 spaces).\n[CI/Test          ]   |                 ok_text,\n[CI/Test          ]   |                 ^   |\u001b[0m (\u001b[1mbad-continuation\u001b[0m)\n[CI/Test          ]   | cola/widgets/diff.py:1125:0: \u001b[1mWrong hanging indentation before block (add 4 spaces).\n[CI/Test          ]   |                 default=True,\n[CI/Test          ]   |                 ^   |\u001b[0m (\u001b[1mbad-continuation\u001b[0m)\n[CI/Test          ]   | cola/widgets/diff.py:1126:0: \u001b[1mWrong hanging indentation before block (add 4 spaces).\n[CI/Test          ]   |                 icon=icons.undo(),\n[CI/Test          ]   |                 ^   |\u001b[0m (\u001b[1mbad-continuation\u001b[0m)\n[CI/Test          ]   | cola/widgets/diff.py:1145:0: \u001b[1mWrong hanging indentation before block (add 4 spaces).\n[CI/Test          ]   |         self, reverse=False, apply_to_worktree=False, edit=False\n[CI/Test          ]   |         ^   |\u001b[0m (\u001b[1mbad-continuation\u001b[0m)\n[CI/Test          ]   | \u001b[7;33m************* Module cola.widgets.commitmsg\u001b[0m\n[CI/Test          ]   | cola/widgets/commitmsg.py:302:0: \u001b[1mWrong hanging indentation before block (add 4 spaces).\n[CI/Test          ]   |             N_('Clear commit message?'),\n[CI/Test          ]   |             ^   |\u001b[0m (\u001b[1mbad-continuation\u001b[0m)\n[CI/Test          ]   | cola/widgets/commitmsg.py:303:0: \u001b[1mWrong hanging indentation before block (add 4 spaces).\n[CI/Test          ]   |             N_('The commit message will be cleared.'),\n[CI/Test          ]   |             ^   |\u001b[0m (\u001b[1mbad-continuation\u001b[0m)\n[CI/Test          ]   | cola/widgets/commitmsg.py:304:0: \u001b[1mWrong hanging indentation before block (add 4 spaces).\n[CI/Test          ]   |             N_('This cannot be undone.  Clear commit message?'),\n[CI/Test          ]   |             ^   |\u001b[0m (\u001b[1mbad-continuation\u001b[0m)\n[CI/Test          ]   | cola/widgets/commitmsg.py:305:0: \u001b[1mWrong hanging indentation before block (add 4 spaces).\n[CI/Test          ]   |             N_('Clear commit message'),\n[CI/Test          ]   |             ^   |\u001b[0m (\u001b[1mbad-continuation\u001b[0m)\n[CI/Test          ]   | cola/widgets/commitmsg.py:306:0: \u001b[1mWrong hanging indentation before block (add 4 spaces).\n[CI/Test          ]   |             default=True,\n[CI/Test          ]   |             ^   |\u001b[0m (\u001b[1mbad-continuation\u001b[0m)\n[CI/Test          ]   | cola/widgets/commitmsg.py:307:0: \u001b[1mWrong hanging indentation before block (add 4 spaces).\n[CI/Test          ]   |             icon=icons.discard(),\n[CI/Test          ]   |             ^   |\u001b[0m (\u001b[1mbad-continuation\u001b[0m)\n[CI/Test          ]   | cola/widgets/commitmsg.py:435:0: \u001b[1mWrong hanging indentation before block (add 4 spaces).\n[CI/Test          ]   |                     N_('Stage and commit?'),\n[CI/Test          ]   |                     ^   |\u001b[0m (\u001b[1mbad-continuation\u001b[0m)\n[CI/Test          ]   | cola/widgets/commitmsg.py:436:0: \u001b[1mWrong hanging indentation before block (add 4 spaces).\n[CI/Test          ]   |                     error_msg,\n[CI/Test          ]   |                     ^   |\u001b[0m (\u001b[1mbad-continuation\u001b[0m)\n[CI/Test          ]   | cola/widgets/commitmsg.py:437:0: \u001b[1mWrong hanging indentation before block (add 4 spaces).\n[CI/Test          ]   |                     informative_text,\n[CI/Test          ]   |                     ^   |\u001b[0m (\u001b[1mbad-continuation\u001b[0m)\n[CI/Test          ]   | cola/widgets/commitmsg.py:438:0: \u001b[1mWrong hanging indentation before block (add 4 spaces).\n[CI/Test          ]   |                     N_('Stage and Commit'),\n[CI/Test          ]   |                     ^   |\u001b[0m (\u001b[1mbad-continuation\u001b[0m)\n[CI/Test          ]   | cola/widgets/commitmsg.py:439:0: \u001b[1mWrong hanging indentation before block (add 4 spaces).\n[CI/Test          ]   |                     default=True,\n[CI/Test          ]   |                     ^   |\u001b[0m (\u001b[1mbad-continuation\u001b[0m)\n[CI/Test          ]   | cola/widgets/commitmsg.py:440:0: \u001b[1mWrong hanging indentation before block (add 4 spaces).\n[CI/Test          ]   |                     icon=icons.save(),\n[CI/Test          ]   |                     ^   |\u001b[0m (\u001b[1mbad-continuation\u001b[0m)\n[CI/Test          ]   | cola/widgets/commitmsg.py:452:0: \u001b[1mWrong hanging indentation before block (add 4 spaces).\n[CI/Test          ]   |             amend\n[CI/Test          ]   |             ^   |\u001b[0m (\u001b[1mbad-continuation\u001b[0m)\n[CI/Test          ]   | cola/widgets/commitmsg.py:453:0: \u001b[1mWrong hanging indentation before block (add 4 spaces).\n[CI/Test          ]   |             and check_published\n[CI/Test          ]   |             ^   |\u001b[0m (\u001b[1mbad-continuation\u001b[0m)\n[CI/Test          ]   | cola/widgets/commitmsg.py:454:0: \u001b[1mWrong hanging indentation before block (add 4 spaces).\n[CI/Test          ]   |             and self.model.is_commit_published()\n[CI/Test          ]   |             ^   |\u001b[0m (\u001b[1mbad-continuation\u001b[0m)\n[CI/Test          ]   | cola/widgets/commitmsg.py:455:0: \u001b[1mWrong hanging indentation before block (add 4 spaces).\n[CI/Test          ]   |             and not Interaction.confirm(\n[CI/Test          ]   |             ^   |\u001b[0m (\u001b[1mbad-continuation\u001b[0m)\n[CI/Test          ]   | cola/widgets/commitmsg.py:599:0: \u001b[1mWrong hanging indentation before block (add 4 spaces).\n[CI/Test          ]   |             Qt.Key_Enter,\n[CI/Test          ]   |             ^   |\u001b[0m (\u001b[1mbad-continuation\u001b[0m)\n[CI/Test          ]   | cola/widgets/commitmsg.py:600:0: \u001b[1mWrong hanging indentation before block (add 4 spaces).\n[CI/Test          ]   |             Qt.Key_Return,\n[CI/Test          ]   |             ^   |\u001b[0m (\u001b[1mbad-continuation\u001b[0m)\n[CI/Test          ]   | \u001b[7;33m************* Module cola.widgets.standard\u001b[0m\n[CI/Test          ]   | cola/widgets/standard.py:727:0: \u001b[1mWrong hanging indentation before block (add 4 spaces).\n[CI/Test          ]   |         self, parent=None, value=None, mini=1, maxi=99999, step=0, prefix='', suffix=''\n[CI/Test          ]   |         ^   |\u001b[0m (\u001b[1mbad-continuation\u001b[0m)\n[CI/Test          ]   | cola/widgets/standard.py:779:0: \u001b[1mWrong hanging indentation before block (add 4 spaces).\n[CI/Test          ]   |         self,\n[CI/Test          ]   |         ^   |\u001b[0m (\u001b[1mbad-continuation\u001b[0m)\n[CI/Test          ]   | cola/widgets/standard.py:780:0: \u001b[1mWrong hanging indentation before block (add 4 spaces).\n[CI/Test          ]   |         parent=None,\n[CI/Test          ]   |         ^   |\u001b[0m (\u001b[1mbad-continuation\u001b[0m)\n[CI/Test          ]   | cola/widgets/standard.py:781:0: \u001b[1mWrong hanging indentation before block (add 4 spaces).\n[CI/Test          ]   |         title='',\n[CI/Test          ]   |         ^   |\u001b[0m (\u001b[1mbad-continuation\u001b[0m)\n[CI/Test          ]   | cola/widgets/standard.py:782:0: \u001b[1mWrong hanging indentation before block (add 4 spaces).\n[CI/Test          ]   |         text='',\n[CI/Test          ]   |         ^   |\u001b[0m (\u001b[1mbad-continuation\u001b[0m)\n[CI/Test          ]   | cola/widgets/standard.py:783:0: \u001b[1mWrong hanging indentation before block (add 4 spaces).\n[CI/Test          ]   |         info='',\n[CI/Test          ]   |         ^   |\u001b[0m (\u001b[1mbad-continuation\u001b[0m)\n[CI/Test          ]   | cola/widgets/standard.py:784:0: \u001b[1mWrong hanging indentation before block (add 4 spaces).\n[CI/Test          ]   |         details='',\n[CI/Test          ]   |         ^   |\u001b[0m (\u001b[1mbad-continuation\u001b[0m)\n[CI/Test          ]   | cola/widgets/standard.py:785:0: \u001b[1mWrong hanging indentation before block (add 4 spaces).\n[CI/Test          ]   |         logo=None,\n[CI/Test          ]   |         ^   |\u001b[0m (\u001b[1mbad-continuation\u001b[0m)\n[CI/Test          ]   | cola/widgets/standard.py:786:0: \u001b[1mWrong hanging indentation before block (add 4 spaces).\n[CI/Test          ]   |         default=False,\n[CI/Test          ]   |         ^   |\u001b[0m (\u001b[1mbad-continuation\u001b[0m)\n[CI/Test          ]   | cola/widgets/standard.py:787:0: \u001b[1mWrong hanging indentation before block (add 4 spaces).\n[CI/Test          ]   |         ok_icon=None,\n[CI/Test          ]   |         ^   |\u001b[0m (\u001b[1mbad-continuation\u001b[0m)\n[CI/Test          ]   | cola/widgets/standard.py:788:0: \u001b[1mWrong hanging indentation before block (add 4 spaces).\n[CI/Test          ]   |         ok_text='',\n[CI/Test          ]   |         ^   |\u001b[0m (\u001b[1mbad-continuation\u001b[0m)\n[CI/Test          ]   | cola/widgets/standard.py:789:0: \u001b[1mWrong hanging indentation before block (add 4 spaces).\n[CI/Test          ]   |         cancel_text=None,\n[CI/Test          ]   |         ^   |\u001b[0m (\u001b[1mbad-continuation\u001b[0m)\n[CI/Test          ]   | cola/widgets/standard.py:790:0: \u001b[1mWrong hanging indentation before block (add 4 spaces).\n[CI/Test          ]   |         cancel_icon=None,\n[CI/Test          ]   |         ^   |\u001b[0m (\u001b[1mbad-continuation\u001b[0m)\n[CI/Test          ]   | cola/widgets/standard.py:934:0: \u001b[1mWrong hanging indentation before block (add 4 spaces).\n[CI/Test          ]   |     title,\n[CI/Test          ]   |     ^   |\u001b[0m (\u001b[1mbad-continuation\u001b[0m)\n[CI/Test          ]   | cola/widgets/standard.py:935:0: \u001b[1mWrong hanging indentation before block (add 4 spaces).\n[CI/Test          ]   |     text,\n[CI/Test          ]   |     ^   |\u001b[0m (\u001b[1mbad-continuation\u001b[0m)\n[CI/Test          ]   | cola/widgets/standard.py:936:0: \u001b[1mWrong hanging indentation before block (add 4 spaces).\n[CI/Test          ]   |     informative_text,\n[CI/Test          ]   |     ^   |\u001b[0m (\u001b[1mbad-continuation\u001b[0m)\n[CI/Test          ]   | cola/widgets/standard.py:937:0: \u001b[1mWrong hanging indentation before block (add 4 spaces).\n[CI/Test          ]   |     ok_text,\n[CI/Test          ]   |     ^   |\u001b[0m (\u001b[1mbad-continuation\u001b[0m)\n[CI/Test          ]   | cola/widgets/standard.py:938:0: \u001b[1mWrong hanging indentation before block (add 4 spaces).\n[CI/Test          ]   |     icon=None,\n[CI/Test          ]   |     ^   |\u001b[0m (\u001b[1mbad-continuation\u001b[0m)\n[CI/Test          ]   | cola/widgets/standard.py:939:0: \u001b[1mWrong hanging indentation before block (add 4 spaces).\n[CI/Test          ]   |     default=True,\n[CI/Test          ]   |     ^   |\u001b[0m (\u001b[1mbad-continuation\u001b[0m)\n[CI/Test          ]   | cola/widgets/standard.py:940:0: \u001b[1mWrong hanging indentation before block (add 4 spaces).\n[CI/Test          ]   |     cancel_text=None,\n[CI/Test          ]   |     ^   |\u001b[0m (\u001b[1mbad-continuation\u001b[0m)\n[CI/Test          ]   | cola/widgets/standard.py:941:0: \u001b[1mWrong hanging indentation before block (add 4 spaces).\n[CI/Test          ]   |     cancel_icon=None,\n[CI/Test          ]   |     ^   |\u001b[0m (\u001b[1mbad-continuation\u001b[0m)\n[CI/Test          ]   | \u001b[7;33m************* Module cola.widgets.switcher\u001b[0m\n[CI/Test          ]   | cola/widgets/switcher.py:17:0: \u001b[1mWrong hanging indentation before block (add 4 spaces).\n[CI/Test          ]   |     context, entries, title=None, place_holder=None, enter_action=None, parent=None\n[CI/Test          ]   |     ^   |\u001b[0m (\u001b[1mbad-continuation\u001b[0m)\n[CI/Test          ]   | cola/widgets/switcher.py:66:0: \u001b[1mWrong hanging indentation before block (add 4 spaces).\n[CI/Test          ]   |         self,\n[CI/Test          ]   |         ^   |\u001b[0m (\u001b[1mbad-continuation\u001b[0m)\n[CI/Test          ]   | cola/widgets/switcher.py:67:0: \u001b[1mWrong hanging indentation before block (add 4 spaces).\n[CI/Test          ]   |         context,\n[CI/Test          ]   |         ^   |\u001b[0m (\u001b[1mbad-continuation\u001b[0m)\n[CI/Test          ]   | cola/widgets/switcher.py:68:0: \u001b[1mWrong hanging indentation before block (add 4 spaces).\n[CI/Test          ]   |         entries_model,\n[CI/Test          ]   |         ^   |\u001b[0m (\u001b[1mbad-continuation\u001b[0m)\n[CI/Test          ]   | cola/widgets/switcher.py:69:0: \u001b[1mWrong hanging indentation before block (add 4 spaces).\n[CI/Test          ]   |         place_holder=None,\n[CI/Test          ]   |         ^   |\u001b[0m (\u001b[1mbad-continuation\u001b[0m)\n[CI/Test          ]   | cola/widgets/switcher.py:70:0: \u001b[1mWrong hanging indentation before block (add 4 spaces).\n[CI/Test          ]   |         parent=None,\n[CI/Test          ]   |         ^   |\u001b[0m (\u001b[1mbad-continuation\u001b[0m)\n[CI/Test          ]   | cola/widgets/switcher.py:92:0: \u001b[1mWrong hanging indentation before block (add 4 spaces).\n[CI/Test          ]   |         self,\n[CI/Test          ]   |         ^   |\u001b[0m (\u001b[1mbad-continuation\u001b[0m)\n[CI/Test          ]   | cola/widgets/switcher.py:93:0: \u001b[1mWrong hanging indentation before block (add 4 spaces).\n[CI/Test          ]   |         context,\n[CI/Test          ]   |         ^   |\u001b[0m (\u001b[1mbad-continuation\u001b[0m)\n[CI/Test          ]   | cola/widgets/switcher.py:94:0: \u001b[1mWrong hanging indentation before block (add 4 spaces).\n[CI/Test          ]   |         entries_model,\n[CI/Test          ]   |         ^   |\u001b[0m (\u001b[1mbad-continuation\u001b[0m)\n[CI/Test          ]   | cola/widgets/switcher.py:95:0: \u001b[1mWrong hanging indentation before block (add 4 spaces).\n[CI/Test          ]   |         title,\n[CI/Test          ]   |         ^   |\u001b[0m (\u001b[1mbad-continuation\u001b[0m)\n[CI/Test          ]   | cola/widgets/switcher.py:96:0: \u001b[1mWrong hanging indentation before block (add 4 spaces).\n[CI/Test          ]   |         place_holder=None,\n[CI/Test          ]   |         ^   |\u001b[0m (\u001b[1mbad-continuation\u001b[0m)\n[CI/Test          ]   | cola/widgets/switcher.py:97:0: \u001b[1mWrong hanging indentation before block (add 4 spaces).\n[CI/Test          ]   |         enter_action=None,\n[CI/Test          ]   |         ^   |\u001b[0m (\u001b[1mbad-continuation\u001b[0m)\n[CI/Test          ]   | cola/widgets/switcher.py:98:0: \u001b[1mWrong hanging indentation before block (add 4 spaces).\n[CI/Test          ]   |         parent=None,\n[CI/Test          ]   |         ^   |\u001b[0m (\u001b[1mbad-continuation\u001b[0m)\n[CI/Test          ]   | \u001b[7;33m************* Module cola.widgets.completion\u001b[0m\n[CI/Test          ]   | cola/widgets/completion.py:95:0: \u001b[1mWrong hanging indentation before block (add 4 spaces).\n[CI/Test          ]   |         self, context, model_factory, hint='', show_all_completions=False, parent=None\n[CI/Test          ]   |         ^   |\u001b[0m (\u001b[1mbad-continuation\u001b[0m)\n[CI/Test          ]   | cola/widgets/completion.py:255:0: \u001b[1mWrong hanging indentation before block (add 4 spaces).\n[CI/Test          ]   |             event_type == QtCore.QEvent.KeyPress\n[CI/Test          ]   |             ^   |\u001b[0m (\u001b[1mbad-continuation\u001b[0m)\n[CI/Test          ]   | cola/widgets/completion.py:256:0: \u001b[1mWrong hanging indentation before block (add 4 spaces).\n[CI/Test          ]   |             and event.key() == Qt.Key_Tab\n[CI/Test          ]   |             ^   |\u001b[0m (\u001b[1mbad-continuation\u001b[0m)\n[CI/Test          ]   | cola/widgets/completion.py:257:0: \u001b[1mWrong hanging indentation before block (add 4 spaces).\n[CI/Test          ]   |             and self.select_completion()\n[CI/Test          ]   |             ^   |\u001b[0m (\u001b[1mbad-continuation\u001b[0m)\n[CI/Test          ]   | \u001b[7;33m************* Module cola.widgets.status\u001b[0m\n[CI/Test          ]   | cola/widgets/status.py:649:0: \u001b[1mWrong hanging indentation before block (add 4 spaces).\n[CI/Test          ]   |         self, items, idx, parent_title, staged=False, untracked=False, deleted_set=None\n[CI/Test          ]   |         ^   |\u001b[0m (\u001b[1mbad-continuation\u001b[0m)\n[CI/Test          ]   | cola/widgets/status.py:1179:0: \u001b[1mWrong hanging indentation before block (add 4 spaces).\n[CI/Test          ]   |             STAGED_IDX,\n[CI/Test          ]   |             ^   |\u001b[0m (\u001b[1mbad-continuation\u001b[0m)\n[CI/Test          ]   | cola/widgets/status.py:1180:0: \u001b[1mWrong hanging indentation before block (add 4 spaces).\n[CI/Test          ]   |             UNMERGED_IDX,\n[CI/Test          ]   |             ^   |\u001b[0m (\u001b[1mbad-continuation\u001b[0m)\n[CI/Test          ]   | cola/widgets/status.py:1181:0: \u001b[1mWrong hanging indentation before block (add 4 spaces).\n[CI/Test          ]   |             MODIFIED_IDX,\n[CI/Test          ]   |             ^   |\u001b[0m (\u001b[1mbad-continuation\u001b[0m)\n[CI/Test          ]   | cola/widgets/status.py:1182:0: \u001b[1mWrong hanging indentation before block (add 4 spaces).\n[CI/Test          ]   |             UNTRACKED_IDX,\n[CI/Test          ]   |             ^   |\u001b[0m (\u001b[1mbad-continuation\u001b[0m)\n[CI/Test          ]   | cola/widgets/status.py:1558:0: \u001b[1mWrong hanging indentation before block (add 4 spaces).\n[CI/Test          ]   |     category, idx, previous_contents, saved_selection\n[CI/Test          ]   |     ^   |\u001b[0m (\u001b[1mbad-continuation\u001b[0m)\n[CI/Test          ]   | \u001b[7;33m************* Module cola.widgets.createbranch\u001b[0m\n[CI/Test          ]   | cola/widgets/createbranch.py:292:0: \u001b[1mWrong hanging indentation before block (add 4 spaces).\n[CI/Test          ]   |                 N_('Reset Branch?'),\n[CI/Test          ]   |                 ^   |\u001b[0m (\u001b[1mbad-continuation\u001b[0m)\n[CI/Test          ]   | cola/widgets/createbranch.py:293:0: \u001b[1mWrong hanging indentation before block (add 4 spaces).\n[CI/Test          ]   |                 '\\n'.join(lines),\n[CI/Test          ]   |                 ^   |\u001b[0m (\u001b[1mbad-continuation\u001b[0m)\n[CI/Test          ]   | cola/widgets/createbranch.py:294:0: \u001b[1mWrong hanging indentation before block (add 4 spaces).\n[CI/Test          ]   |                 info_text,\n[CI/Test          ]   |                 ^   |\u001b[0m (\u001b[1mbad-continuation\u001b[0m)\n[CI/Test          ]   | cola/widgets/createbranch.py:295:0: \u001b[1mWrong hanging indentation before block (add 4 spaces).\n[CI/Test          ]   |                 N_('Reset Branch'),\n[CI/Test          ]   |                 ^   |\u001b[0m (\u001b[1mbad-continuation\u001b[0m)\n[CI/Test          ]   | cola/widgets/createbranch.py:296:0: \u001b[1mWrong hanging indentation before block (add 4 spaces).\n[CI/Test          ]   |                 default=False,\n[CI/Test          ]   |                 ^   |\u001b[0m (\u001b[1mbad-continuation\u001b[0m)\n[CI/Test          ]   | cola/widgets/createbranch.py:297:0: \u001b[1mWrong hanging indentation before block (add 4 spaces).\n[CI/Test          ]   |                 icon=icons.undo(),\n[CI/Test          ]   |                 ^   |\u001b[0m (\u001b[1mbad-continuation\u001b[0m)\n[CI/Test          ]   | \u001b[7;33m************* Module cola.widgets.stash\u001b[0m\n[CI/Test          ]   | cola/widgets/stash.py:255:0: \u001b[1mWrong hanging indentation before block (add 4 spaces).\n[CI/Test          ]   |             N_('Drop Stash?'),\n[CI/Test          ]   |             ^   |\u001b[0m (\u001b[1mbad-continuation\u001b[0m)\n[CI/Test          ]   | cola/widgets/stash.py:256:0: \u001b[1mWrong hanging indentation before block (add 4 spaces).\n[CI/Test          ]   |             N_('Recovering a dropped stash is not possible.'),\n[CI/Test          ]   |             ^   |\u001b[0m (\u001b[1mbad-continuation\u001b[0m)\n[CI/Test          ]   | cola/widgets/stash.py:257:0: \u001b[1mWrong hanging indentation before block (add 4 spaces).\n[CI/Test          ]   |             N_('Drop the \"%s\" stash?') % name,\n[CI/Test          ]   |             ^   |\u001b[0m (\u001b[1mbad-continuation\u001b[0m)\n[CI/Test          ]   | cola/widgets/stash.py:258:0: \u001b[1mWrong hanging indentation before block (add 4 spaces).\n[CI/Test          ]   |             N_('Drop Stash'),\n[CI/Test          ]   |             ^   |\u001b[0m (\u001b[1mbad-continuation\u001b[0m)\n[CI/Test          ]   | cola/widgets/stash.py:259:0: \u001b[1mWrong hanging indentation before block (add 4 spaces).\n[CI/Test          ]   |             default=True,\n[CI/Test          ]   |             ^   |\u001b[0m (\u001b[1mbad-continuation\u001b[0m)\n[CI/Test          ]   | cola/widgets/stash.py:260:0: \u001b[1mWrong hanging indentation before block (add 4 spaces).\n[CI/Test          ]   |             icon=icons.discard(),\n[CI/Test          ]   |             ^   |\u001b[0m (\u001b[1mbad-continuation\u001b[0m)\n[CI/Test          ]   | \u001b[7;33m************* Module cola.widgets.dag\u001b[0m\n[CI/Test          ]   | cola/widgets/dag.py:1328:0: \u001b[1mWrong hanging indentation before block (add 4 spaces).\n[CI/Test          ]   |         self,\n[CI/Test          ]   |         ^   |\u001b[0m (\u001b[1mbad-continuation\u001b[0m)\n[CI/Test          ]   | cola/widgets/dag.py:1329:0: \u001b[1mWrong hanging indentation before block (add 4 spaces).\n[CI/Test          ]   |         commit,\n[CI/Test          ]   |         ^   |\u001b[0m (\u001b[1mbad-continuation\u001b[0m)\n[CI/Test          ]   | cola/widgets/dag.py:1330:0: \u001b[1mWrong hanging indentation before block (add 4 spaces).\n[CI/Test          ]   |         selectable=QtWidgets.QGraphicsItem.ItemIsSelectable,\n[CI/Test          ]   |         ^   |\u001b[0m (\u001b[1mbad-continuation\u001b[0m)\n[CI/Test          ]   | cola/widgets/dag.py:1331:0: \u001b[1mWrong hanging indentation before block (add 4 spaces).\n[CI/Test          ]   |         cursor=Qt.PointingHandCursor,\n[CI/Test          ]   |         ^   |\u001b[0m (\u001b[1mbad-continuation\u001b[0m)\n[CI/Test          ]   | cola/widgets/dag.py:1332:0: \u001b[1mWrong hanging indentation before block (add 4 spaces).\n[CI/Test          ]   |         xpos=commit_radius / 2.0 + 1.0,\n[CI/Test          ]   |         ^   |\u001b[0m (\u001b[1mbad-continuation\u001b[0m)\n[CI/Test          ]   | cola/widgets/dag.py:1333:0: \u001b[1mWrong hanging indentation before block (add 4 spaces).\n[CI/Test          ]   |         cached_commit_color=commit_color,\n[CI/Test          ]   |         ^   |\u001b[0m (\u001b[1mbad-continuation\u001b[0m)\n[CI/Test          ]   | cola/widgets/dag.py:1334:0: \u001b[1mWrong hanging indentation before block (add 4 spaces).\n[CI/Test          ]   |         cached_merge_color=merge_color,\n[CI/Test          ]   |         ^   |\u001b[0m (\u001b[1mbad-continuation\u001b[0m)\n[CI/Test          ]   | \u001b[7;33m************* Module cola.widgets.spellcheck\u001b[0m\n[CI/Test          ]   | cola/widgets/spellcheck.py:108:0: \u001b[1mWrong hanging indentation before block (add 4 spaces).\n[CI/Test          ]   |             Qt.BacktabFocusReason,\n[CI/Test          ]   |             ^   |\u001b[0m (\u001b[1mbad-continuation\u001b[0m)\n[CI/Test          ]   | cola/widgets/spellcheck.py:109:0: \u001b[1mWrong hanging indentation before block (add 4 spaces).\n[CI/Test          ]   |             Qt.ShortcutFocusReason,\n[CI/Test          ]   |             ^   |\u001b[0m (\u001b[1mbad-continuation\u001b[0m)\n[CI/Test          ]   | cola/widgets/spellcheck.py:110:0: \u001b[1mWrong hanging indentation before block (add 4 spaces).\n[CI/Test          ]   |             Qt.TabFocusReason,\n[CI/Test          ]   |             ^   |\u001b[0m (\u001b[1mbad-continuation\u001b[0m)\n[CI/Test          ]   | cola/widgets/spellcheck.py:119:0: \u001b[1mWrong hanging indentation before block (add 4 spaces).\n[CI/Test          ]   |             Qt.BacktabFocusReason,\n[CI/Test          ]   |             ^   |\u001b[0m (\u001b[1mbad-continuation\u001b[0m)\n[CI/Test          ]   | cola/widgets/spellcheck.py:120:0: \u001b[1mWrong hanging indentation before block (add 4 spaces).\n[CI/Test          ]   |             Qt.MouseFocusReason,\n[CI/Test          ]   |             ^   |\u001b[0m (\u001b[1mbad-continuation\u001b[0m)\n[CI/Test          ]   | cola/widgets/spellcheck.py:121:0: \u001b[1mWrong hanging indentation before block (add 4 spaces).\n[CI/Test          ]   |             Qt.ShortcutFocusReason,\n[CI/Test          ]   |             ^   |\u001b[0m (\u001b[1mbad-continuation\u001b[0m)\n[CI/Test          ]   | cola/widgets/spellcheck.py:122:0: \u001b[1mWrong hanging indentation before block (add 4 spaces).\n[CI/Test          ]   |             Qt.TabFocusReason,\n[CI/Test          ]   |             ^   |\u001b[0m (\u001b[1mbad-continuation\u001b[0m)\n[CI/Test          ]   | \u001b[7;33m************* Module cola.widgets.remote\u001b[0m\n[CI/Test          ]   | cola/widgets/remote.py:608:0: \u001b[1mWrong hanging indentation before block (add 4 spaces).\n[CI/Test          ]   |                     title, msg, info_txt, ok_text, icon=icons.cola()\n[CI/Test          ]   |                     ^   |\u001b[0m (\u001b[1mbad-continuation\u001b[0m)\n[CI/Test          ]   | cola/widgets/remote.py:629:0: \u001b[1mWrong hanging indentation before block (add 4 spaces).\n[CI/Test          ]   |                 title, msg, info_txt, ok_text, default=False, icon=icons.discard()\n[CI/Test          ]   |                 ^   |\u001b[0m (\u001b[1mbad-continuation\u001b[0m)\n[CI/Test          ]   | \u001b[7;33m************* Module cola.models.main\u001b[0m\n[CI/Test          ]   | cola/models/main.py:251:0: \u001b[1mWrong hanging indentation before block (add 4 spaces).\n[CI/Test          ]   |             self.is_cherry_picking or self.is_merging or self.is_applying_patch\n[CI/Test          ]   |             ^   |\u001b[0m (\u001b[1mbad-continuation\u001b[0m)\n[CI/Test          ]   | cola/models/main.py:387:0: \u001b[1mWrong hanging indentation before block (add 4 spaces).\n[CI/Test          ]   |             self.is_merging or self.is_cherry_picking or self.is_applying_patch\n[CI/Test          ]   |             ^   |\u001b[0m (\u001b[1mbad-continuation\u001b[0m)\n[CI/Test          ]   | cola/models/main.py:513:0: \u001b[1mWrong hanging indentation before block (add 4 spaces).\n[CI/Test          ]   |     context,\n[CI/Test          ]   |     ^   |\u001b[0m (\u001b[1mbad-continuation\u001b[0m)\n[CI/Test          ]   | cola/models/main.py:514:0: \u001b[1mWrong hanging indentation before block (add 4 spaces).\n[CI/Test          ]   |     remote,\n[CI/Test          ]   |     ^   |\u001b[0m (\u001b[1mbad-continuation\u001b[0m)\n[CI/Test          ]   | cola/models/main.py:515:0: \u001b[1mWrong hanging indentation before block (add 4 spaces).\n[CI/Test          ]   |     local_branch='',\n[CI/Test          ]   |     ^   |\u001b[0m (\u001b[1mbad-continuation\u001b[0m)\n[CI/Test          ]   | cola/models/main.py:516:0: \u001b[1mWrong hanging indentation before block (add 4 spaces).\n[CI/Test          ]   |     remote_branch='',\n[CI/Test          ]   |     ^   |\u001b[0m (\u001b[1mbad-continuation\u001b[0m)\n[CI/Test          ]   | cola/models/main.py:517:0: \u001b[1mWrong hanging indentation before block (add 4 spaces).\n[CI/Test          ]   |     ff_only=False,\n[CI/Test          ]   |     ^   |\u001b[0m (\u001b[1mbad-continuation\u001b[0m)\n[CI/Test          ]   | cola/models/main.py:518:0: \u001b[1mWrong hanging indentation before block (add 4 spaces).\n[CI/Test          ]   |     force=False,\n[CI/Test          ]   |     ^   |\u001b[0m (\u001b[1mbad-continuation\u001b[0m)\n[CI/Test          ]   | cola/models/main.py:519:0: \u001b[1mWrong hanging indentation before block (add 4 spaces).\n[CI/Test          ]   |     no_ff=False,\n[CI/Test          ]   |     ^   |\u001b[0m (\u001b[1mbad-continuation\u001b[0m)\n[CI/Test          ]   | cola/models/main.py:520:0: \u001b[1mWrong hanging indentation before block (add 4 spaces).\n[CI/Test          ]   |     tags=False,\n[CI/Test          ]   |     ^   |\u001b[0m (\u001b[1mbad-continuation\u001b[0m)\n[CI/Test          ]   | cola/models/main.py:521:0: \u001b[1mWrong hanging indentation before block (add 4 spaces).\n[CI/Test          ]   |     rebase=False,\n[CI/Test          ]   |     ^   |\u001b[0m (\u001b[1mbad-continuation\u001b[0m)\n[CI/Test          ]   | cola/models/main.py:522:0: \u001b[1mWrong hanging indentation before block (add 4 spaces).\n[CI/Test          ]   |     pull=False,\n[CI/Test          ]   |     ^   |\u001b[0m (\u001b[1mbad-continuation\u001b[0m)\n[CI/Test          ]   | cola/models/main.py:523:0: \u001b[1mWrong hanging indentation before block (add 4 spaces).\n[CI/Test          ]   |     push=False,\n[CI/Test          ]   |     ^   |\u001b[0m (\u001b[1mbad-continuation\u001b[0m)\n[CI/Test          ]   | cola/models/main.py:524:0: \u001b[1mWrong hanging indentation before block (add 4 spaces).\n[CI/Test          ]   |     set_upstream=False,\n[CI/Test          ]   |     ^   |\u001b[0m (\u001b[1mbad-continuation\u001b[0m)\n[CI/Test          ]   | cola/models/main.py:525:0: \u001b[1mWrong hanging indentation before block (add 4 spaces).\n[CI/Test          ]   |     prune=False,\n[CI/Test          ]   |     ^   |\u001b[0m (\u001b[1mbad-continuation\u001b[0m)\n[CI/Test          ]   | \n[CI/Test          ]   | -----------------------------------\n[CI/Test          ]   | Your code has been rated at 9.89/10\n[CI/Test          ]   | \n[CI/Test          ]   | make: *** [Makefile:270: pylint] Error 16\n[CI/Test          ]   \u274c  Failure - Main Run Linter\n[CI/Test          ] exitcode '2': failure\n[CI/Test          ] \ud83c\udfc1  Job failed\n",
    "actions_stderr": "Error: invalid checksum\n"
}