{
    "repository": "miguelgrinberg/Flask-HTTPAuth",
    "clone_url": "https://github.com/miguelgrinberg/Flask-HTTPAuth.git",
    "timestamp": "2023-05-29T14:49:10.211887Z",
    "clone_success": true,
    "number of actions": 1,
    "number_of_test_actions": 1,
    "actions_successful": false,
    "actions_stdout": "[build/lint    ] \ud83d\ude80  Start image=crawlergpt:latest\n[build/coverage] \ud83d\ude80  Start image=crawlergpt:latest\n[build/tests   ] \ud83d\ude80  Start image=crawlergpt:latest\n[build/tests   ]   \ud83d\udc33  docker pull image=crawlergpt:latest platform= username= forcePull=false\n[build/coverage]   \ud83d\udc33  docker pull image=crawlergpt:latest platform= username= forcePull=false\n[build/lint    ]   \ud83d\udc33  docker pull image=crawlergpt:latest platform= username= forcePull=false\n[build/coverage]   \ud83d\udc33  docker create image=crawlergpt:latest platform= entrypoint=[\"tail\" \"-f\" \"/dev/null\"] cmd=[]\n[build/coverage]   \ud83d\udc33  docker run image=crawlergpt:latest platform= entrypoint=[\"tail\" \"-f\" \"/dev/null\"] cmd=[]\n[build/lint    ]   \ud83d\udc33  docker create image=crawlergpt:latest platform= entrypoint=[\"tail\" \"-f\" \"/dev/null\"] cmd=[]\n[build/tests   ]   \ud83d\udc33  docker create image=crawlergpt:latest platform= entrypoint=[\"tail\" \"-f\" \"/dev/null\"] cmd=[]\n[build/coverage]   \ud83d\udc33  docker exec cmd=[chown -R 1012:1000 /tmp/de65f406-fe28-11ed-a890-af2cc187fc11/miguelgrinberg-Flask-HTTPAuth] user=0 workdir=\n[build/tests   ]   \ud83d\udc33  docker run image=crawlergpt:latest platform= entrypoint=[\"tail\" \"-f\" \"/dev/null\"] cmd=[]\n[build/lint    ]   \ud83d\udc33  docker run image=crawlergpt:latest platform= entrypoint=[\"tail\" \"-f\" \"/dev/null\"] cmd=[]\n[build/coverage]   \u2601  git clone 'https://github.com/actions/setup-python' # ref=v3\n[build/coverage]   \u2601  git clone 'https://github.com/codecov/codecov-action' # ref=v3\n[build/coverage] \u2b50 Run Main actions/checkout@v3\n[build/coverage]   \u2705  Success - Main actions/checkout@v3\n[build/coverage] \u2b50 Run Main actions/setup-python@v3\n[build/coverage]   \ud83d\udc33  docker cp src=/home/andre-silva/.cache/act/actions-setup-python@v3/ dst=/var/run/act/actions/actions-setup-python@v3/\n[build/coverage]   \ud83d\udc33  docker exec cmd=[chown -R 1012:1000 /var/run/act/actions/actions-setup-python@v3/] user=0 workdir=\n[build/coverage]   \ud83d\udc33  docker exec cmd=[node /var/run/act/actions/actions-setup-python@v3/dist/setup/index.js] user= workdir=\n[build/coverage]   \ud83d\udcac  ::debug::Semantic version spec of 3.x is 3.x\n[build/coverage]   \ud83d\udcac  ::debug::isExplicit: \n[build/coverage]   \ud83d\udcac  ::debug::explicit? false\n[build/coverage]   \ud83d\udcac  ::debug::isExplicit: 2.7.18\n[build/coverage]   \ud83d\udcac  ::debug::explicit? true\n[build/coverage]   \ud83d\udcac  ::debug::isExplicit: 3.5.10\n[build/coverage]   \ud83d\udcac  ::debug::explicit? true\n[build/coverage]   \ud83d\udcac  ::debug::isExplicit: 3.6.14\n[build/coverage]   \ud83d\udcac  ::debug::explicit? true\n[build/coverage]   \ud83d\udcac  ::debug::isExplicit: 3.7.11\n[build/coverage]   \ud83d\udcac  ::debug::explicit? true\n[build/coverage]   \ud83d\udcac  ::debug::isExplicit: 3.8.11\n[build/coverage]   \ud83d\udcac  ::debug::explicit? true\n[build/coverage]   \ud83d\udcac  ::debug::isExplicit: 3.9.6\n[build/coverage]   \ud83d\udcac  ::debug::explicit? true\n[build/coverage]   \ud83d\udcac  ::debug::evaluating 6 versions\n[build/coverage]   \ud83d\udcac  ::debug::matched: 3.9.6\n[build/coverage]   \ud83d\udcac  ::debug::checking cache: /opt/hostedtoolcache/Python/3.9.6/x64\n[build/coverage]   \ud83d\udcac  ::debug::Found tool in cache Python 3.9.6 x64\n[build/coverage]   | Successfully setup CPython (3.9.6)\n[build/coverage]   \u2753 add-matcher /run/act/actions/actions-setup-python@v3/.github/python.json\n[build/coverage]   \u2705  Success - Main actions/setup-python@v3\n[build/tests   ]   \ud83d\udc33  docker exec cmd=[chown -R 1012:1000 /tmp/de65f406-fe28-11ed-a890-af2cc187fc11/miguelgrinberg-Flask-HTTPAuth] user=0 workdir=\n[build/lint    ]   \ud83d\udc33  docker exec cmd=[chown -R 1012:1000 /tmp/de65f406-fe28-11ed-a890-af2cc187fc11/miguelgrinberg-Flask-HTTPAuth] user=0 workdir=\n[build/coverage]   \u2699  ::set-env:: LD_LIBRARY_PATH=/opt/hostedtoolcache/Python/3.9.6/x64/lib\n[build/coverage]   \u2699  ::set-env:: pythonLocation=/opt/hostedtoolcache/Python/3.9.6/x64\n[build/lint    ]   \u2601  git clone 'https://github.com/actions/setup-python' # ref=v2\n[build/tests   ]   \u2601  git clone 'https://github.com/actions/setup-python' # ref=v2\n[build/coverage]   \u2699  ::set-output:: python-version=3.9.6\n[build/coverage]   \u2699  ::add-path:: /opt/hostedtoolcache/Python/3.9.6/x64\n[build/coverage]   \u2699  ::add-path:: /opt/hostedtoolcache/Python/3.9.6/x64/bin\n[build/tests   ] \ud83e\uddea  Matrix: map[flask:flask<2.3 werkzeug<2.3 os:ubuntu-latest python:3.8]\n[build/lint    ] \u2b50 Run Main actions/checkout@v2\n[build/lint    ]   \u2705  Success - Main actions/checkout@v2\n[build/tests   ] \u2b50 Run Main actions/checkout@v2\n[build/coverage] \u2b50 Run Main python -m pip install --upgrade pip wheel\n[build/tests   ]   \u2705  Success - Main actions/checkout@v2\n[build/coverage]   \ud83d\udc33  docker exec cmd=[bash --noprofile --norc -e -o pipefail /var/run/act/workflow/2] user= workdir=\n[build/lint    ] \u2b50 Run Main actions/setup-python@v2\n[build/tests   ] \u2b50 Run Main actions/setup-python@v2\n[build/lint    ]   \ud83d\udc33  docker cp src=/home/andre-silva/.cache/act/actions-setup-python@v2/ dst=/var/run/act/actions/actions-setup-python@v2/\n[build/tests   ]   \ud83d\udc33  docker cp src=/home/andre-silva/.cache/act/actions-setup-python@v2/ dst=/var/run/act/actions/actions-setup-python@v2/\n[build/tests   ]   \ud83d\udc33  docker exec cmd=[chown -R 1012:1000 /var/run/act/actions/actions-setup-python@v2/] user=0 workdir=\n[build/lint    ]   \ud83d\udc33  docker exec cmd=[chown -R 1012:1000 /var/run/act/actions/actions-setup-python@v2/] user=0 workdir=\n[build/coverage]   | Requirement already satisfied: pip in /opt/hostedtoolcache/Python/3.9.6/x64/lib/python3.9/site-packages (21.2.4)\n[build/coverage]   | Collecting pip\n[build/coverage]   |   Downloading pip-23.1.2-py3-none-any.whl (2.1 MB)\n[build/coverage]   | Collecting wheel\n[build/coverage]   |   Downloading wheel-0.40.0-py3-none-any.whl (64 kB)\n[build/coverage]   | Installing collected packages: wheel, pip\n[build/coverage]   |   Attempting uninstall: pip\n[build/coverage]   |     Found existing installation: pip 21.2.4\n[build/coverage]   |     Uninstalling pip-21.2.4:\n[build/coverage]   |       Successfully uninstalled pip-21.2.4\n[build/tests   ]   \ud83d\udc33  docker exec cmd=[node /var/run/act/actions/actions-setup-python@v2/dist/setup/index.js] user= workdir=\n[build/lint    ]   \ud83d\udc33  docker exec cmd=[node /var/run/act/actions/actions-setup-python@v2/dist/setup/index.js] user= workdir=\n[build/tests   ]   \ud83d\udcac  ::debug::Semantic version spec of 3.8 is 3.8\n[build/tests   ]   \ud83d\udcac  ::debug::isExplicit: \n[build/tests   ]   \ud83d\udcac  ::debug::explicit? false\n[build/tests   ]   \ud83d\udcac  ::debug::isExplicit: 2.7.18\n[build/tests   ]   \ud83d\udcac  ::debug::explicit? true\n[build/tests   ]   \ud83d\udcac  ::debug::isExplicit: 3.5.10\n[build/tests   ]   \ud83d\udcac  ::debug::explicit? true\n[build/tests   ]   \ud83d\udcac  ::debug::isExplicit: 3.6.14\n[build/tests   ]   \ud83d\udcac  ::debug::explicit? true\n[build/tests   ]   \ud83d\udcac  ::debug::isExplicit: 3.7.11\n[build/tests   ]   \ud83d\udcac  ::debug::explicit? true\n[build/tests   ]   \ud83d\udcac  ::debug::isExplicit: 3.8.11\n[build/tests   ]   \ud83d\udcac  ::debug::explicit? true\n[build/tests   ]   \ud83d\udcac  ::debug::isExplicit: 3.9.6\n[build/tests   ]   \ud83d\udcac  ::debug::explicit? true\n[build/tests   ]   \ud83d\udcac  ::debug::evaluating 6 versions\n[build/tests   ]   \ud83d\udcac  ::debug::matched: 3.8.11\n[build/tests   ]   \ud83d\udcac  ::debug::checking cache: /opt/hostedtoolcache/Python/3.8.11/x64\n[build/tests   ]   \ud83d\udcac  ::debug::Found tool in cache Python 3.8.11 x64\n[build/tests   ]   | Successfully setup CPython (3.8.11)\n[build/tests   ]   \u2753 add-matcher /run/act/actions/actions-setup-python@v2/.github/python.json\n[build/tests   ]   \u2705  Success - Main actions/setup-python@v2\n[build/tests   ]   \u2699  ::set-env:: pythonLocation=/opt/hostedtoolcache/Python/3.8.11/x64\n[build/tests   ]   \u2699  ::set-env:: LD_LIBRARY_PATH=/opt/hostedtoolcache/Python/3.8.11/x64/lib\n[build/lint    ]   \ud83d\udcac  ::debug::Semantic version spec of 3.x is 3.x\n[build/lint    ]   \ud83d\udcac  ::debug::isExplicit: \n[build/lint    ]   \ud83d\udcac  ::debug::explicit? false\n[build/lint    ]   \ud83d\udcac  ::debug::isExplicit: 2.7.18\n[build/lint    ]   \ud83d\udcac  ::debug::explicit? true\n[build/lint    ]   \ud83d\udcac  ::debug::isExplicit: 3.5.10\n[build/lint    ]   \ud83d\udcac  ::debug::explicit? true\n[build/lint    ]   \ud83d\udcac  ::debug::isExplicit: 3.6.14\n[build/lint    ]   \ud83d\udcac  ::debug::explicit? true\n[build/lint    ]   \ud83d\udcac  ::debug::isExplicit: 3.7.11\n[build/lint    ]   \ud83d\udcac  ::debug::explicit? true\n[build/lint    ]   \ud83d\udcac  ::debug::isExplicit: 3.8.11\n[build/lint    ]   \ud83d\udcac  ::debug::explicit? true\n[build/lint    ]   \ud83d\udcac  ::debug::isExplicit: 3.9.6\n[build/lint    ]   \ud83d\udcac  ::debug::explicit? true\n[build/lint    ]   \ud83d\udcac  ::debug::evaluating 6 versions\n[build/lint    ]   \ud83d\udcac  ::debug::matched: 3.9.6\n[build/lint    ]   \ud83d\udcac  ::debug::checking cache: /opt/hostedtoolcache/Python/3.9.6/x64\n[build/lint    ]   \ud83d\udcac  ::debug::Found tool in cache Python 3.9.6 x64\n[build/lint    ]   | Successfully setup CPython (3.9.6)\n[build/lint    ]   \u2753 add-matcher /run/act/actions/actions-setup-python@v2/.github/python.json\n[build/lint    ]   \u2705  Success - Main actions/setup-python@v2\n[build/lint    ]   \u2699  ::set-env:: pythonLocation=/opt/hostedtoolcache/Python/3.9.6/x64\n[build/lint    ]   \u2699  ::set-env:: LD_LIBRARY_PATH=/opt/hostedtoolcache/Python/3.9.6/x64/lib\n[build/coverage]   | Successfully installed pip-23.1.2 wheel-0.40.0\n[build/tests   ]   \u2699  ::set-output:: python-version=3.8.11\n[build/coverage]   \u2705  Success - Main python -m pip install --upgrade pip wheel\n[build/lint    ]   \u2699  ::set-output:: python-version=3.9.6\n[build/tests   ]   \u2699  ::add-path:: /opt/hostedtoolcache/Python/3.8.11/x64\n[build/tests   ]   \u2699  ::add-path:: /opt/hostedtoolcache/Python/3.8.11/x64/bin\n[build/tests   ] \u2b50 Run Main python -m pip install --upgrade pip wheel\n[build/lint    ]   \u2699  ::add-path:: /opt/hostedtoolcache/Python/3.9.6/x64\n[build/lint    ]   \u2699  ::add-path:: /opt/hostedtoolcache/Python/3.9.6/x64/bin\n[build/lint    ] \u2b50 Run Main python -m pip install --upgrade pip wheel\n[build/tests   ]   \ud83d\udc33  docker exec cmd=[bash --noprofile --norc -e -o pipefail /var/run/act/workflow/2] user= workdir=\n[build/coverage] \u2b50 Run Main pip install tox tox-gh-actions\n[build/lint    ]   \ud83d\udc33  docker exec cmd=[bash --noprofile --norc -e -o pipefail /var/run/act/workflow/2] user= workdir=\n[build/coverage]   \ud83d\udc33  docker exec cmd=[bash --noprofile --norc -e -o pipefail /var/run/act/workflow/3] user= workdir=\n[build/tests   ]   | Requirement already satisfied: pip in /opt/hostedtoolcache/Python/3.8.11/x64/lib/python3.8/site-packages (21.2.4)\n[build/tests   ]   | Collecting pip\n[build/tests   ]   |   Downloading pip-23.1.2-py3-none-any.whl (2.1 MB)\n[build/tests   ]   | Collecting wheel\n[build/tests   ]   |   Downloading wheel-0.40.0-py3-none-any.whl (64 kB)\n[build/tests   ]   | Installing collected packages: wheel, pip\n[build/tests   ]   |   Attempting uninstall: pip\n[build/tests   ]   |     Found existing installation: pip 21.2.4\n[build/tests   ]   |     Uninstalling pip-21.2.4:\n[build/lint    ]   | Requirement already satisfied: pip in /opt/hostedtoolcache/Python/3.9.6/x64/lib/python3.9/site-packages (21.2.4)\n[build/lint    ]   | Collecting pip\n[build/lint    ]   |   Downloading pip-23.1.2-py3-none-any.whl (2.1 MB)\n[build/lint    ]   | Collecting wheel\n[build/lint    ]   |   Downloading wheel-0.40.0-py3-none-any.whl (64 kB)\n[build/lint    ]   | Installing collected packages: wheel, pip\n[build/coverage]   | Collecting tox\n[build/lint    ]   |   Attempting uninstall: pip\n[build/lint    ]   |     Found existing installation: pip 21.2.4\n[build/coverage]   |   Downloading tox-4.5.2-py3-none-any.whl (148 kB)\n[build/coverage]   |      \u2501\u2501\u2501\u2501\u2501\u2501\u2501\u2501\u2501\u2501\u2501\u2501\u2501\u2501\u2501\u2501\u2501\u2501\u2501\u2501\u2501\u2501\u2501\u2501\u2501\u2501\u2501\u2501\u2501\u2501\u2501\u2501\u2501\u2501\u2501\u2501\u2501\u2501 149.0/149.0 kB 15.2 MB/s eta 0:00:00\n[build/coverage]   | Collecting tox-gh-actions\n[build/coverage]   |   Downloading tox_gh_actions-3.1.1-py2.py3-none-any.whl (9.8 kB)\n[build/lint    ]   |     Uninstalling pip-21.2.4:\n[build/coverage]   | Collecting cachetools>=5.3 (from tox)\n[build/coverage]   |   Downloading cachetools-5.3.1-py3-none-any.whl (9.3 kB)\n[build/coverage]   | Collecting chardet>=5.1 (from tox)\n[build/coverage]   |   Downloading chardet-5.1.0-py3-none-any.whl (199 kB)\n[build/coverage]   |      \u2501\u2501\u2501\u2501\u2501\u2501\u2501\u2501\u2501\u2501\u2501\u2501\u2501\u2501\u2501\u2501\u2501\u2501\u2501\u2501\u2501\u2501\u2501\u2501\u2501\u2501\u2501\u2501\u2501\u2501\u2501\u2501\u2501\u2501\u2501\u2501\u2501\u2501\u2501 199.1/199.1 kB 1.6 MB/s eta 0:00:00\n[build/tests   ]   |       Successfully uninstalled pip-21.2.4\n[build/coverage]   | Collecting colorama>=0.4.6 (from tox)\n[build/coverage]   |   Downloading colorama-0.4.6-py2.py3-none-any.whl (25 kB)\n[build/coverage]   | Collecting filelock>=3.12 (from tox)\n[build/coverage]   |   Downloading filelock-3.12.0-py3-none-any.whl (10 kB)\n[build/coverage]   | Collecting packaging>=23.1 (from tox)\n[build/coverage]   |   Downloading packaging-23.1-py3-none-any.whl (48 kB)\n[build/coverage]   |      \u2501\u2501\u2501\u2501\u2501\u2501\u2501\u2501\u2501\u2501\u2501\u2501\u2501\u2501\u2501\u2501\u2501\u2501\u2501\u2501\u2501\u2501\u2501\u2501\u2501\u2501\u2501\u2501\u2501\u2501\u2501\u2501\u2501\u2501\u2501\u2501\u2501\u2501\u2501 48.9/48.9 kB 644.3 kB/s eta 0:00:00\n[build/coverage]   | Collecting platformdirs>=3.5.1 (from tox)\n[build/coverage]   |   Downloading platformdirs-3.5.1-py3-none-any.whl (15 kB)\n[build/coverage]   | Collecting pluggy>=1 (from tox)\n[build/coverage]   |   Downloading pluggy-1.0.0-py2.py3-none-any.whl (13 kB)\n[build/coverage]   | Collecting pyproject-api>=1.5.1 (from tox)\n[build/coverage]   |   Downloading pyproject_api-1.5.1-py3-none-any.whl (12 kB)\n[build/coverage]   | Collecting tomli>=2.0.1 (from tox)\n[build/coverage]   |   Downloading tomli-2.0.1-py3-none-any.whl (12 kB)\n[build/coverage]   | Collecting virtualenv>=20.23 (from tox)\n[build/coverage]   |   Downloading virtualenv-20.23.0-py3-none-any.whl (3.3 MB)\n[build/coverage]   |      \u2501\u2501\u2501\u2501\u2501\u2501\u2501\u2501\u2501\u2501\u2501\u2501\u2501\u2501\u2501\u2501\u2501\u2501\u2501\u2501\u2501\u2501\u2501\u2501\u2501\u2501\u2501\u2501\u2501\u2501\u2501\u2501\u2501\u2501\u2501\u2501\u2501\u2501\u2501\u2501 3.3/3.3 MB 39.4 MB/s eta 0:00:00\n[build/coverage]   | Collecting distlib<1,>=0.3.6 (from virtualenv>=20.23->tox)\n[build/coverage]   |   Downloading distlib-0.3.6-py2.py3-none-any.whl (468 kB)\n[build/coverage]   |      \u2501\u2501\u2501\u2501\u2501\u2501\u2501\u2501\u2501\u2501\u2501\u2501\u2501\u2501\u2501\u2501\u2501\u2501\u2501\u2501\u2501\u2501\u2501\u2501\u2501\u2501\u2501\u2501\u2501\u2501\u2501\u2501\u2501\u2501\u2501\u2501\u2501\u2501 468.5/468.5 kB 13.2 MB/s eta 0:00:00\n[build/lint    ]   |       Successfully uninstalled pip-21.2.4\n[build/coverage]   | Installing collected packages: distlib, tomli, pluggy, platformdirs, packaging, filelock, colorama, chardet, cachetools, virtualenv, pyproject-api, tox, tox-gh-actions\n[build/tests   ]   | Successfully installed pip-23.1.2 wheel-0.40.0\n[build/tests   ]   \u2705  Success - Main python -m pip install --upgrade pip wheel\n[build/tests   ] \u2b50 Run Main pip install tox tox-gh-actions\n[build/tests   ]   \ud83d\udc33  docker exec cmd=[bash --noprofile --norc -e -o pipefail /var/run/act/workflow/3] user= workdir=\n[build/coverage]   | Successfully installed cachetools-5.3.1 chardet-5.1.0 colorama-0.4.6 distlib-0.3.6 filelock-3.12.0 packaging-23.1 platformdirs-3.5.1 pluggy-1.0.0 pyproject-api-1.5.1 tomli-2.0.1 tox-4.5.2 tox-gh-actions-3.1.1 virtualenv-20.23.0\n[build/coverage]   | \n[build/coverage]   | [notice] A new release of pip is available: 21.1.3 -> 23.1.2\n[build/coverage]   | [notice] To update, run: pip install --upgrade pip\n[build/coverage]   \u2705  Success - Main pip install tox tox-gh-actions\n[build/coverage] \u2b50 Run Main tox\n[build/coverage]   \ud83d\udc33  docker exec cmd=[bash --noprofile --norc -e -o pipefail /var/run/act/workflow/4] user= workdir=\n[build/lint    ]   | Successfully installed pip-23.1.2 wheel-0.40.0\n[build/lint    ]   \u2705  Success - Main python -m pip install --upgrade pip wheel\n[build/lint    ] \u2b50 Run Main pip install tox tox-gh-actions\n[build/lint    ]   \ud83d\udc33  docker exec cmd=[bash --noprofile --norc -e -o pipefail /var/run/act/workflow/3] user= workdir=\n[build/coverage]   | ROOT: tox-gh-actions couldn't understand the parallel option. ignoring the given option: 0\n[build/lint    ]   | Collecting tox\n[build/coverage]   | py39: install_deps> python -I -m pip install asgiref pytest pytest-cov\n[build/tests   ]   | Collecting tox\n[build/lint    ]   |   Downloading tox-4.5.2-py3-none-any.whl (148 kB)\n[build/lint    ]   |      \u2501\u2501\u2501\u2501\u2501\u2501\u2501\u2501\u2501\u2501\u2501\u2501\u2501\u2501\u2501\u2501\u2501\u2501\u2501\u2501\u2501\u2501\u2501\u2501\u2501\u2501\u2501\u2501\u2501\u2501\u2501\u2501\u2501\u2501\u2501\u2501\u2501\u2501\u2501 149.0/149.0 kB 6.5 MB/s eta 0:00:00\n[build/lint    ]   | Collecting tox-gh-actions\n[build/lint    ]   |   Downloading tox_gh_actions-3.1.1-py2.py3-none-any.whl (9.8 kB)\n[build/tests   ]   |   Downloading tox-4.5.2-py3-none-any.whl (148 kB)\n[build/tests   ]   |      \u2501\u2501\u2501\u2501\u2501\u2501\u2501\u2501\u2501\u2501\u2501\u2501\u2501\u2501\u2501\u2501\u2501\u2501\u2501\u2501\u2501\u2501\u2501\u2501\u2501\u2501\u2501\u2501\u2501\u2501\u2501\u2501\u2501\u2501\u2501\u2501\u2501\u2501 149.0/149.0 kB 10.5 MB/s eta 0:00:00\n[build/tests   ]   | Collecting tox-gh-actions\n[build/tests   ]   |   Downloading tox_gh_actions-3.1.1-py2.py3-none-any.whl (9.8 kB)\n[build/lint    ]   | Collecting cachetools>=5.3 (from tox)\n[build/lint    ]   |   Downloading cachetools-5.3.1-py3-none-any.whl (9.3 kB)\n[build/lint    ]   | Collecting chardet>=5.1 (from tox)\n[build/lint    ]   |   Downloading chardet-5.1.0-py3-none-any.whl (199 kB)\n[build/tests   ]   | Collecting cachetools>=5.3 (from tox)\n[build/lint    ]   |      \u2501\u2501\u2501\u2501\u2501\u2501\u2501\u2501\u2501\u2501\u2501\u2501\u2501\u2501\u2501\u2501\u2501\u2501\u2501\u2501\u2501\u2501\u2501\u2501\u2501\u2501\u2501\u2501\u2501\u2501\u2501\u2501\u2501\u2501\u2501\u2501\u2501\u2501 199.1/199.1 kB 16.9 MB/s eta 0:00:00\n[build/tests   ]   |   Downloading cachetools-5.3.1-py3-none-any.whl (9.3 kB)\n[build/lint    ]   | Collecting colorama>=0.4.6 (from tox)\n[build/lint    ]   |   Downloading colorama-0.4.6-py2.py3-none-any.whl (25 kB)\n[build/tests   ]   | Collecting chardet>=5.1 (from tox)\n[build/tests   ]   |   Downloading chardet-5.1.0-py3-none-any.whl (199 kB)\n[build/lint    ]   | Collecting filelock>=3.12 (from tox)\n[build/lint    ]   |   Downloading filelock-3.12.0-py3-none-any.whl (10 kB)\n[build/tests   ]   |      \u2501\u2501\u2501\u2501\u2501\u2501\u2501\u2501\u2501\u2501\u2501\u2501\u2501\u2501\u2501\u2501\u2501\u2501\u2501\u2501\u2501\u2501\u2501\u2501\u2501\u2501\u2501\u2501\u2501\u2501\u2501\u2501\u2501\u2501\u2501\u2501\u2501\u2501\u2501 199.1/199.1 kB 2.3 MB/s eta 0:00:00\n[build/lint    ]   | Collecting packaging>=23.1 (from tox)\n[build/lint    ]   |   Downloading packaging-23.1-py3-none-any.whl (48 kB)\n[build/tests   ]   | Collecting colorama>=0.4.6 (from tox)\n[build/lint    ]   |      \u2501\u2501\u2501\u2501\u2501\u2501\u2501\u2501\u2501\u2501\u2501\u2501\u2501\u2501\u2501\u2501\u2501\u2501\u2501\u2501\u2501\u2501\u2501\u2501\u2501\u2501\u2501\u2501\u2501\u2501\u2501\u2501\u2501\u2501\u2501\u2501\u2501\u2501\u2501\u2501 48.9/48.9 kB 1.4 MB/s eta 0:00:00\n[build/tests   ]   |   Downloading colorama-0.4.6-py2.py3-none-any.whl (25 kB)\n[build/lint    ]   | Collecting platformdirs>=3.5.1 (from tox)\n[build/tests   ]   | Collecting filelock>=3.12 (from tox)\n[build/lint    ]   |   Downloading platformdirs-3.5.1-py3-none-any.whl (15 kB)\n[build/tests   ]   |   Downloading filelock-3.12.0-py3-none-any.whl (10 kB)\n[build/tests   ]   | Collecting packaging>=23.1 (from tox)\n[build/lint    ]   | Collecting pluggy>=1 (from tox)\n[build/tests   ]   |   Downloading packaging-23.1-py3-none-any.whl (48 kB)\n[build/lint    ]   |   Downloading pluggy-1.0.0-py2.py3-none-any.whl (13 kB)\n[build/tests   ]   |      \u2501\u2501\u2501\u2501\u2501\u2501\u2501\u2501\u2501\u2501\u2501\u2501\u2501\u2501\u2501\u2501\u2501\u2501\u2501\u2501\u2501\u2501\u2501\u2501\u2501\u2501\u2501\u2501\u2501\u2501\u2501\u2501\u2501\u2501\u2501\u2501\u2501\u2501\u2501\u2501 48.9/48.9 kB 1.5 MB/s eta 0:00:00\n[build/lint    ]   | Collecting pyproject-api>=1.5.1 (from tox)\n[build/lint    ]   |   Downloading pyproject_api-1.5.1-py3-none-any.whl (12 kB)\n[build/tests   ]   | Collecting platformdirs>=3.5.1 (from tox)\n[build/tests   ]   |   Downloading platformdirs-3.5.1-py3-none-any.whl (15 kB)\n[build/lint    ]   | Collecting tomli>=2.0.1 (from tox)\n[build/lint    ]   |   Downloading tomli-2.0.1-py3-none-any.whl (12 kB)\n[build/tests   ]   | Collecting pluggy>=1 (from tox)\n[build/tests   ]   |   Downloading pluggy-1.0.0-py2.py3-none-any.whl (13 kB)\n[build/tests   ]   | Collecting pyproject-api>=1.5.1 (from tox)\n[build/tests   ]   |   Downloading pyproject_api-1.5.1-py3-none-any.whl (12 kB)\n[build/lint    ]   | Collecting virtualenv>=20.23 (from tox)\n[build/lint    ]   |   Downloading virtualenv-20.23.0-py3-none-any.whl (3.3 MB)\n[build/tests   ]   | Collecting tomli>=2.0.1 (from tox)\n[build/tests   ]   |   Downloading tomli-2.0.1-py3-none-any.whl (12 kB)\n[build/lint    ]   |      \u2501\u2501\u2501\u2501\u2501\u2501\u2501\u2501\u2501\u2501\u2501\u2501\u2501\u2501\u2501\u2501\u2501\u2501\u2501\u2501\u2501\u2501\u2501\u2501\u2501\u2501\u2501\u2501\u2501\u2501\u2501\u2501\u2501\u2501\u2501\u2501\u2501\u2501\u2501\u2501 3.3/3.3 MB 21.1 MB/s eta 0:00:00\n[build/tests   ]   | Collecting virtualenv>=20.23 (from tox)\n[build/tests   ]   |   Downloading virtualenv-20.23.0-py3-none-any.whl (3.3 MB)\n[build/tests   ]   |      \u2501\u2501\u2501\u2501\u2501\u2501\u2501\u2501\u2501\u2501\u2501\u2501\u2501\u2501\u2501\u2501\u2501\u2501\u2501\u2501\u2501\u2501\u2501\u2501\u2501\u2501\u2501\u2501\u2501\u2501\u2501\u2501\u2501\u2501\u2501\u2501\u2501\u2501\u2501\u2501 3.3/3.3 MB 24.9 MB/s eta 0:00:00\n[build/lint    ]   | Collecting distlib<1,>=0.3.6 (from virtualenv>=20.23->tox)\n[build/lint    ]   |   Downloading distlib-0.3.6-py2.py3-none-any.whl (468 kB)\n[build/lint    ]   |      \u2501\u2501\u2501\u2501\u2501\u2501\u2501\u2501\u2501\u2501\u2501\u2501\u2501\u2501\u2501\u2501\u2501\u2501\u2501\u2501\u2501\u2501\u2501\u2501\u2501\u2501\u2501\u2501\u2501\u2501\u2501\u2501\u2501\u2501\u2501\u2501\u2501\u2501 468.5/468.5 kB 33.4 MB/s eta 0:00:00\n[build/tests   ]   | Collecting distlib<1,>=0.3.6 (from virtualenv>=20.23->tox)\n[build/tests   ]   |   Downloading distlib-0.3.6-py2.py3-none-any.whl (468 kB)\n[build/tests   ]   |      \u2501\u2501\u2501\u2501\u2501\u2501\u2501\u2501\u2501\u2501\u2501\u2501\u2501\u2501\u2501\u2501\u2501\u2501\u2501\u2501\u2501\u2501\u2501\u2501\u2501\u2501\u2501\u2501\u2501\u2501\u2501\u2501\u2501\u2501\u2501\u2501\u2501\u2501\u2501 468.5/468.5 kB 8.7 MB/s eta 0:00:00\n[build/lint    ]   | Installing collected packages: distlib, tomli, pluggy, platformdirs, packaging, filelock, colorama, chardet, cachetools, virtualenv, pyproject-api, tox, tox-gh-actions\n[build/tests   ]   | Installing collected packages: distlib, tomli, pluggy, platformdirs, packaging, filelock, colorama, chardet, cachetools, virtualenv, pyproject-api, tox, tox-gh-actions\n[build/lint    ]   | Successfully installed cachetools-5.3.1 chardet-5.1.0 colorama-0.4.6 distlib-0.3.6 filelock-3.12.0 packaging-23.1 platformdirs-3.5.1 pluggy-1.0.0 pyproject-api-1.5.1 tomli-2.0.1 tox-4.5.2 tox-gh-actions-3.1.1 virtualenv-20.23.0\n[build/lint    ]   | \n[build/lint    ]   | [notice] A new release of pip is available: 21.1.3 -> 23.1.2\n[build/lint    ]   | [notice] To update, run: pip install --upgrade pip\n[build/lint    ]   \u2705  Success - Main pip install tox tox-gh-actions\n[build/tests   ]   | Successfully installed cachetools-5.3.1 chardet-5.1.0 colorama-0.4.6 distlib-0.3.6 filelock-3.12.0 packaging-23.1 platformdirs-3.5.1 pluggy-1.0.0 pyproject-api-1.5.1 tomli-2.0.1 tox-4.5.2 tox-gh-actions-3.1.1 virtualenv-20.23.0\n[build/tests   ]   | \n[build/tests   ]   | [notice] A new release of pip is available: 21.1.1 -> 23.1.2\n[build/tests   ]   | [notice] To update, run: pip install --upgrade pip\n[build/tests   ]   \u2705  Success - Main pip install tox tox-gh-actions\n[build/lint    ] \u2b50 Run Main tox -eflake8\n[build/tests   ] \u2b50 Run Main tox\n[build/lint    ]   \ud83d\udc33  docker exec cmd=[bash --noprofile --norc -e -o pipefail /var/run/act/workflow/4] user= workdir=\n[build/tests   ]   \ud83d\udc33  docker exec cmd=[bash --noprofile --norc -e -o pipefail /var/run/act/workflow/4] user= workdir=\n[build/coverage]   | .pkg: install_requires> python -I -m pip install 'setuptools>=42' wheel\n[build/coverage]   | .pkg: _optional_hooks> python /opt/hostedtoolcache/Python/3.9.6/x64/lib/python3.9/site-packages/pyproject_api/_backend.py True setuptools.build_meta\n[build/coverage]   | .pkg: get_requires_for_build_sdist> python /opt/hostedtoolcache/Python/3.9.6/x64/lib/python3.9/site-packages/pyproject_api/_backend.py True setuptools.build_meta\n[build/coverage]   | .pkg: freeze> python -m pip freeze --all\n[build/coverage]   | .pkg: pip==23.1.2,setuptools==67.7.2,wheel==0.40.0\n[build/coverage]   | .pkg: prepare_metadata_for_build_wheel> python /opt/hostedtoolcache/Python/3.9.6/x64/lib/python3.9/site-packages/pyproject_api/_backend.py True setuptools.build_meta\n[build/coverage]   | .pkg: build_sdist> python /opt/hostedtoolcache/Python/3.9.6/x64/lib/python3.9/site-packages/pyproject_api/_backend.py True setuptools.build_meta\n[build/coverage]   | py39: install_package_deps> python -I -m pip install flask\n[build/coverage]   | py39: install_package> python -I -m pip install --force-reinstall --no-deps /tmp/de65f406-fe28-11ed-a890-af2cc187fc11/miguelgrinberg-Flask-HTTPAuth/.tox/.tmp/package/1/Flask-HTTPAuth-4.8.1.dev0.tar.gz\n[build/coverage]   | py39: freeze> python -m pip freeze --all\n[build/coverage]   | py39: asgiref==3.7.2,blinker==1.6.2,click==8.1.3,coverage==7.2.6,exceptiongroup==1.1.1,Flask==2.3.2,Flask-HTTPAuth @ file:///tmp/de65f406-fe28-11ed-a890-af2cc187fc11/miguelgrinberg-Flask-HTTPAuth/.tox/.tmp/package/1/Flask-HTTPAuth-4.8.1.dev0.tar.gz#sha256=a1ab1ef8148d9ebe2a4ea2ee28413fcbf6ffd2b78a128d4c6014fc8bcba6c0a6,importlib-metadata==6.6.0,iniconfig==2.0.0,itsdangerous==2.1.2,Jinja2==3.1.2,MarkupSafe==2.1.2,packaging==23.1,pip==23.1.2,pluggy==1.0.0,pytest==7.3.1,pytest-cov==4.1.0,setuptools==67.7.2,tomli==2.0.1,typing_extensions==4.6.2,Werkzeug==2.3.4,wheel==0.40.0,zipp==3.15.0\n[build/coverage]   | py39: tox-gh-actions couldn't understand the parallel option. ignoring the given option: 0\n[build/coverage]   \u2753  ::group::tox: py39\n[build/coverage]   | py39: commands[0]> pip install -e .\n[build/coverage]   | Obtaining file:///tmp/de65f406-fe28-11ed-a890-af2cc187fc11/miguelgrinberg-Flask-HTTPAuth\n[build/coverage]   |   Installing build dependencies: started\n[build/coverage]   |   Installing build dependencies: finished with status 'done'\n[build/coverage]   |   Checking if build backend supports build_editable: started\n[build/coverage]   |   Checking if build backend supports build_editable: finished with status 'done'\n[build/coverage]   |   Getting requirements to build editable: started\n[build/coverage]   |   Getting requirements to build editable: finished with status 'done'\n[build/coverage]   |   Preparing editable metadata (pyproject.toml): started\n[build/coverage]   |   Preparing editable metadata (pyproject.toml): finished with status 'done'\n[build/coverage]   | Requirement already satisfied: flask in ./.tox/py39/lib/python3.9/site-packages (from Flask-HTTPAuth==4.8.1.dev0) (2.3.2)\n[build/coverage]   | Requirement already satisfied: Werkzeug>=2.3.3 in ./.tox/py39/lib/python3.9/site-packages (from flask->Flask-HTTPAuth==4.8.1.dev0) (2.3.4)\n[build/coverage]   | Requirement already satisfied: Jinja2>=3.1.2 in ./.tox/py39/lib/python3.9/site-packages (from flask->Flask-HTTPAuth==4.8.1.dev0) (3.1.2)\n[build/coverage]   | Requirement already satisfied: itsdangerous>=2.1.2 in ./.tox/py39/lib/python3.9/site-packages (from flask->Flask-HTTPAuth==4.8.1.dev0) (2.1.2)\n[build/coverage]   | Requirement already satisfied: click>=8.1.3 in ./.tox/py39/lib/python3.9/site-packages (from flask->Flask-HTTPAuth==4.8.1.dev0) (8.1.3)\n[build/coverage]   | Requirement already satisfied: blinker>=1.6.2 in ./.tox/py39/lib/python3.9/site-packages (from flask->Flask-HTTPAuth==4.8.1.dev0) (1.6.2)\n[build/coverage]   | Requirement already satisfied: importlib-metadata>=3.6.0 in ./.tox/py39/lib/python3.9/site-packages (from flask->Flask-HTTPAuth==4.8.1.dev0) (6.6.0)\n[build/coverage]   | Requirement already satisfied: zipp>=0.5 in ./.tox/py39/lib/python3.9/site-packages (from importlib-metadata>=3.6.0->flask->Flask-HTTPAuth==4.8.1.dev0) (3.15.0)\n[build/coverage]   | Requirement already satisfied: MarkupSafe>=2.0 in ./.tox/py39/lib/python3.9/site-packages (from Jinja2>=3.1.2->flask->Flask-HTTPAuth==4.8.1.dev0) (2.1.2)\n[build/coverage]   | Building wheels for collected packages: Flask-HTTPAuth\n[build/coverage]   |   Building editable for Flask-HTTPAuth (pyproject.toml): started\n[build/coverage]   |   Building editable for Flask-HTTPAuth (pyproject.toml): finished with status 'done'\n[build/coverage]   |   Created wheel for Flask-HTTPAuth: filename=Flask_HTTPAuth-4.8.1.dev0-0.editable-py3-none-any.whl size=3552 sha256=0ce7591ce7a799fce22fcd0078a441709abf9863c2ea80a9ab1a2e76e43c9ec2\n[build/coverage]   |   Stored in directory: /tmp/pip-ephem-wheel-cache-y9r73e77/wheels/de/bf/c9/830e6f9501961260d38585c1faee90f489303dd37ec99bd45e\n[build/coverage]   | Successfully built Flask-HTTPAuth\n[build/coverage]   | Installing collected packages: Flask-HTTPAuth\n[build/coverage]   |   Attempting uninstall: Flask-HTTPAuth\n[build/coverage]   |     Found existing installation: Flask-HTTPAuth 4.8.1.dev0\n[build/coverage]   |     Uninstalling Flask-HTTPAuth-4.8.1.dev0:\n[build/coverage]   |       Successfully uninstalled Flask-HTTPAuth-4.8.1.dev0\n[build/coverage]   | Successfully installed Flask-HTTPAuth-4.8.1.dev0\n[build/coverage]   | py39: commands[1]> pip install 'flask>=2.3'\n[build/coverage]   | Requirement already satisfied: flask>=2.3 in ./.tox/py39/lib/python3.9/site-packages (2.3.2)\n[build/coverage]   | Requirement already satisfied: Werkzeug>=2.3.3 in ./.tox/py39/lib/python3.9/site-packages (from flask>=2.3) (2.3.4)\n[build/coverage]   | Requirement already satisfied: Jinja2>=3.1.2 in ./.tox/py39/lib/python3.9/site-packages (from flask>=2.3) (3.1.2)\n[build/coverage]   | Requirement already satisfied: itsdangerous>=2.1.2 in ./.tox/py39/lib/python3.9/site-packages (from flask>=2.3) (2.1.2)\n[build/coverage]   | Requirement already satisfied: click>=8.1.3 in ./.tox/py39/lib/python3.9/site-packages (from flask>=2.3) (8.1.3)\n[build/coverage]   | Requirement already satisfied: blinker>=1.6.2 in ./.tox/py39/lib/python3.9/site-packages (from flask>=2.3) (1.6.2)\n[build/coverage]   | Requirement already satisfied: importlib-metadata>=3.6.0 in ./.tox/py39/lib/python3.9/site-packages (from flask>=2.3) (6.6.0)\n[build/coverage]   | Requirement already satisfied: zipp>=0.5 in ./.tox/py39/lib/python3.9/site-packages (from importlib-metadata>=3.6.0->flask>=2.3) (3.15.0)\n[build/coverage]   | Requirement already satisfied: MarkupSafe>=2.0 in ./.tox/py39/lib/python3.9/site-packages (from Jinja2>=3.1.2->flask>=2.3) (2.1.2)\n[build/coverage]   | py39: commands[2]> pytest -p no:logging --cov=src --cov-branch --cov-report=term-missing --cov-report=xml\n[build/coverage]   | ============================= test session starts ==============================\n[build/coverage]   | platform linux -- Python 3.9.6, pytest-7.3.1, pluggy-1.0.0\n[build/coverage]   | cachedir: .tox/py39/.pytest_cache\n[build/coverage]   | rootdir: /tmp/de65f406-fe28-11ed-a890-af2cc187fc11/miguelgrinberg-Flask-HTTPAuth\n[build/coverage]   | plugins: cov-4.1.0\n[build/coverage]   | collected 119 items\n[build/coverage]   | \n[build/coverage]   | tests/test_basic_custom_realm.py ...                                     [  2%]\n[build/coverage]   | tests/test_basic_get_password.py .....                                   [  6%]\n[build/coverage]   | tests/test_basic_hashed_password.py ...                                  [  9%]\n[build/coverage]   | tests/test_basic_verify_password.py ..........                           [ 17%]\n[build/coverage]   | tests/test_basic_verify_password_async.py ........                       [ 24%]\n[build/coverage]   | tests/test_digest_custom_realm.py ..                                     [ 26%]\n[build/coverage]   | tests/test_digest_get_password.py .........                              [ 33%]\n[build/coverage]   | tests/test_digest_ha1_password.py .                                      [ 34%]\n[build/coverage]   | tests/test_digest_no_qop.py .......                                      [ 40%]\n[build/coverage]   | tests/test_error_responses.py .                                          [ 41%]\n[build/coverage]   | tests/test_multi.py ............                                         [ 51%]\n[build/coverage]   | tests/test_multi_async.py ............                                   [ 61%]\n[build/coverage]   | tests/test_roles.py ..........                                           [ 69%]\n[build/coverage]   | tests/test_roles_async.py ..........                                     [ 78%]\n[build/coverage]   | tests/test_token.py .............                                        [ 89%]\n[build/coverage]   | tests/test_token_async.py .............                                  [100%]\n[build/coverage]   | \n[build/coverage]   | ----------- coverage: platform linux, python 3.9.6-final-0 -----------\n[build/coverage]   | Name                    Stmts   Miss Branch BrPart  Cover   Missing\n[build/coverage]   | -------------------------------------------------------------------\n[build/coverage]   | src/flask_httpauth.py     265      0     76      0   100%\n[build/coverage]   | -------------------------------------------------------------------\n[build/coverage]   | TOTAL                     265      0     76      0   100%\n[build/coverage]   | Coverage XML written to file coverage.xml\n[build/coverage]   | \n[build/coverage]   | \n[build/coverage]   | ============================= 119 passed in 2.05s ==============================\n[build/coverage]   | py39: tox-gh-actions couldn't understand the parallel option. ignoring the given option: 0\n[build/coverage]   \u2753  ::endgroup::\n[build/coverage]   | .pkg: _exit> python /opt/hostedtoolcache/Python/3.9.6/x64/lib/python3.9/site-packages/pyproject_api/_backend.py True setuptools.build_meta\n[build/coverage]   |   py39: OK (31.57=setup[22.76]+cmd[5.33,0.75,2.73] seconds)\n[build/coverage]   |   congratulations :) (31.86 seconds)\n[build/coverage]   \u2705  Success - Main tox\n[build/coverage] \u2b50 Run Main codecov/codecov-action@v3\n[build/coverage]   \ud83d\udc33  docker cp src=/home/andre-silva/.cache/act/codecov-codecov-action@v3/ dst=/var/run/act/actions/codecov-codecov-action@v3/\n[build/coverage]   \ud83d\udc33  docker exec cmd=[chown -R 1012:1000 /var/run/act/actions/codecov-codecov-action@v3/] user=0 workdir=\n[build/tests   ]   | ROOT: tox-gh-actions couldn't understand the parallel option. ignoring the given option: 0\n[build/lint    ]   | ROOT: tox-gh-actions won't override envlist because envlist is explicitly given via TOXENV or -e option\n[build/lint    ]   | ROOT: tox-gh-actions couldn't understand the parallel option. ignoring the given option: 0\n[build/tests   ]   | py38: install_deps> python -I -m pip install asgiref pytest pytest-cov\n[build/lint    ]   | flake8: install_deps> python -I -m pip install flake8\n[build/lint    ]   | .pkg: _optional_hooks> python /opt/hostedtoolcache/Python/3.9.6/x64/lib/python3.9/site-packages/pyproject_api/_backend.py True setuptools.build_meta\n[build/lint    ]   | .pkg: get_requires_for_build_sdist> python /opt/hostedtoolcache/Python/3.9.6/x64/lib/python3.9/site-packages/pyproject_api/_backend.py True setuptools.build_meta\n[build/lint    ]   | .pkg: freeze> python -m pip freeze --all\n[build/lint    ]   | .pkg: pip==23.1.2,setuptools==67.7.2,wheel==0.40.0\n[build/lint    ]   | .pkg: prepare_metadata_for_build_wheel> python /opt/hostedtoolcache/Python/3.9.6/x64/lib/python3.9/site-packages/pyproject_api/_backend.py True setuptools.build_meta\n[build/lint    ]   | .pkg: build_sdist> python /opt/hostedtoolcache/Python/3.9.6/x64/lib/python3.9/site-packages/pyproject_api/_backend.py True setuptools.build_meta\n[build/lint    ]   | flake8: install_package_deps> python -I -m pip install flask\n[build/tests   ]   | .pkg: recreate env because python changed version_info=[3, 9, 6, 'final', 0]->[3, 8, 11, 'final', 0] | executable='/opt/hostedtoolcache/Python/3.9.6/x64/bin/python3.9'->'/opt/hostedtoolcache/Python/3.8.11/x64/bin/python3.8'\n[build/tests   ]   | .pkg: remove tox env folder /tmp/de65f406-fe28-11ed-a890-af2cc187fc11/miguelgrinberg-Flask-HTTPAuth/.tox/.pkg\n[build/tests   ]   | .pkg: install_requires> python -I -m pip install 'setuptools>=42' wheel\n[build/coverage]   \ud83d\udc33  docker exec cmd=[node /var/run/act/actions/codecov-codecov-action@v3/dist/index.js] user= workdir=\n[build/tests   ]   | .pkg: _optional_hooks> python /opt/hostedtoolcache/Python/3.8.11/x64/lib/python3.8/site-packages/pyproject_api/_backend.py True setuptools.build_meta\n[build/lint    ]   | flake8: install_package> python -I -m pip install --force-reinstall --no-deps /tmp/de65f406-fe28-11ed-a890-af2cc187fc11/miguelgrinberg-Flask-HTTPAuth/.tox/.tmp/package/2/Flask-HTTPAuth-4.8.1.dev0.tar.gz\n[build/tests   ]   | .pkg: get_requires_for_build_sdist> python /opt/hostedtoolcache/Python/3.8.11/x64/lib/python3.8/site-packages/pyproject_api/_backend.py True setuptools.build_meta\n[build/tests   ]   | .pkg: prepare_metadata_for_build_wheel> python /opt/hostedtoolcache/Python/3.8.11/x64/lib/python3.8/site-packages/pyproject_api/_backend.py True setuptools.build_meta\n[build/tests   ]   | .pkg: build_sdist> python /opt/hostedtoolcache/Python/3.8.11/x64/lib/python3.8/site-packages/pyproject_api/_backend.py True setuptools.build_meta\n[build/tests   ]   | py38: install_package_deps> python -I -m pip install flask\n[build/tests   ]   | py38: install_package> python -I -m pip install --force-reinstall --no-deps /tmp/de65f406-fe28-11ed-a890-af2cc187fc11/miguelgrinberg-Flask-HTTPAuth/.tox/.tmp/package/3/Flask-HTTPAuth-4.8.1.dev0.tar.gz\n[build/lint    ]   | flake8: freeze> python -m pip freeze --all\n[build/lint    ]   | flake8: blinker==1.6.2,click==8.1.3,flake8==6.0.0,Flask==2.3.2,Flask-HTTPAuth @ file:///tmp/de65f406-fe28-11ed-a890-af2cc187fc11/miguelgrinberg-Flask-HTTPAuth/.tox/.tmp/package/2/Flask-HTTPAuth-4.8.1.dev0.tar.gz#sha256=905b5d6b0caa741c265f8bca790a9cdf63ebfce35237578694e33c5bbb2e3e51,importlib-metadata==6.6.0,itsdangerous==2.1.2,Jinja2==3.1.2,MarkupSafe==2.1.2,mccabe==0.7.0,pip==23.1.2,pycodestyle==2.10.0,pyflakes==3.0.1,setuptools==67.7.2,Werkzeug==2.3.4,wheel==0.40.0,zipp==3.15.0\n[build/lint    ]   | flake8: tox-gh-actions couldn't understand the parallel option. ignoring the given option: 0\n[build/lint    ]   \u2753  ::group::tox: flake8\n[build/lint    ]   | flake8: commands[0]> flake8 '--exclude=.*' --ignore=E402 src/flask_httpauth.py tests examples\n[build/lint    ]   | flake8: tox-gh-actions couldn't understand the parallel option. ignoring the given option: 0\n[build/lint    ]   \u2753  ::endgroup::\n[build/lint    ]   | .pkg: _exit> python /opt/hostedtoolcache/Python/3.9.6/x64/lib/python3.9/site-packages/pyproject_api/_backend.py True setuptools.build_meta\n[build/lint    ]   |   flake8: OK (14.48=setup[13.85]+cmd[0.62] seconds)\n[build/lint    ]   |   congratulations :) (14.65 seconds)\n[build/lint    ]   \u2705  Success - Main tox -eflake8\n[build/lint    ] \u2b50 Run Main tox -edocs\n[build/lint    ]   \ud83d\udc33  docker exec cmd=[bash --noprofile --norc -e -o pipefail /var/run/act/workflow/5] user= workdir=\n[build/tests   ]   | py38: freeze> python -m pip freeze --all\n[build/tests   ]   | py38: asgiref==3.7.2,blinker==1.6.2,click==8.1.3,coverage==7.2.6,exceptiongroup==1.1.1,Flask==2.3.2,Flask-HTTPAuth @ file:///tmp/de65f406-fe28-11ed-a890-af2cc187fc11/miguelgrinberg-Flask-HTTPAuth/.tox/.tmp/package/3/Flask-HTTPAuth-4.8.1.dev0.tar.gz#sha256=82d68c5493701d3c9dcf574e0ecbd8f001daffe9db5210e57ee725bbffe1ab9e,importlib-metadata==6.6.0,iniconfig==2.0.0,itsdangerous==2.1.2,Jinja2==3.1.2,MarkupSafe==2.1.2,packaging==23.1,pip==23.1.2,pluggy==1.0.0,pytest==7.3.1,pytest-cov==4.1.0,setuptools==67.7.2,tomli==2.0.1,typing_extensions==4.6.2,Werkzeug==2.3.4,wheel==0.40.0,zipp==3.15.0\n[build/tests   ]   | py38: tox-gh-actions couldn't understand the parallel option. ignoring the given option: 0\n[build/tests   ]   \u2753  ::group::tox: py38\n[build/tests   ]   | py38: commands[0]> pip install -e .\n[build/tests   ]   | Obtaining file:///tmp/de65f406-fe28-11ed-a890-af2cc187fc11/miguelgrinberg-Flask-HTTPAuth\n[build/tests   ]   |   Installing build dependencies: started\n[build/tests   ]   |   Installing build dependencies: finished with status 'done'\n[build/tests   ]   |   Checking if build backend supports build_editable: started\n[build/tests   ]   |   Checking if build backend supports build_editable: finished with status 'done'\n[build/tests   ]   |   Getting requirements to build editable: started\n[build/tests   ]   |   Getting requirements to build editable: finished with status 'done'\n[build/tests   ]   |   Preparing editable metadata (pyproject.toml): started\n[build/tests   ]   |   Preparing editable metadata (pyproject.toml): finished with status 'done'\n[build/tests   ]   | Requirement already satisfied: flask in ./.tox/py38/lib/python3.8/site-packages (from Flask-HTTPAuth==4.8.1.dev0) (2.3.2)\n[build/tests   ]   | Requirement already satisfied: Werkzeug>=2.3.3 in ./.tox/py38/lib/python3.8/site-packages (from flask->Flask-HTTPAuth==4.8.1.dev0) (2.3.4)\n[build/tests   ]   | Requirement already satisfied: Jinja2>=3.1.2 in ./.tox/py38/lib/python3.8/site-packages (from flask->Flask-HTTPAuth==4.8.1.dev0) (3.1.2)\n[build/tests   ]   | Requirement already satisfied: itsdangerous>=2.1.2 in ./.tox/py38/lib/python3.8/site-packages (from flask->Flask-HTTPAuth==4.8.1.dev0) (2.1.2)\n[build/tests   ]   | Requirement already satisfied: click>=8.1.3 in ./.tox/py38/lib/python3.8/site-packages (from flask->Flask-HTTPAuth==4.8.1.dev0) (8.1.3)\n[build/tests   ]   | Requirement already satisfied: blinker>=1.6.2 in ./.tox/py38/lib/python3.8/site-packages (from flask->Flask-HTTPAuth==4.8.1.dev0) (1.6.2)\n[build/tests   ]   | Requirement already satisfied: importlib-metadata>=3.6.0 in ./.tox/py38/lib/python3.8/site-packages (from flask->Flask-HTTPAuth==4.8.1.dev0) (6.6.0)\n[build/tests   ]   | Requirement already satisfied: zipp>=0.5 in ./.tox/py38/lib/python3.8/site-packages (from importlib-metadata>=3.6.0->flask->Flask-HTTPAuth==4.8.1.dev0) (3.15.0)\n[build/tests   ]   | Requirement already satisfied: MarkupSafe>=2.0 in ./.tox/py38/lib/python3.8/site-packages (from Jinja2>=3.1.2->flask->Flask-HTTPAuth==4.8.1.dev0) (2.1.2)\n[build/tests   ]   | Building wheels for collected packages: Flask-HTTPAuth\n[build/tests   ]   |   Building editable for Flask-HTTPAuth (pyproject.toml): started\n[build/tests   ]   |   Building editable for Flask-HTTPAuth (pyproject.toml): finished with status 'done'\n[build/tests   ]   |   Created wheel for Flask-HTTPAuth: filename=Flask_HTTPAuth-4.8.1.dev0-0.editable-py3-none-any.whl size=3552 sha256=92814e3f9093289bc117e5abc603b6cdea4bc6d5029006d2bb01dde3ef9f90c9\n[build/tests   ]   |   Stored in directory: /tmp/pip-ephem-wheel-cache-kyle8jq1/wheels/a9/50/7a/0d24185ec85a9f658b06b82e3082747754061604f3f33f3cd2\n[build/tests   ]   | Successfully built Flask-HTTPAuth\n[build/tests   ]   | Installing collected packages: Flask-HTTPAuth\n[build/tests   ]   |   Attempting uninstall: Flask-HTTPAuth\n[build/tests   ]   |     Found existing installation: Flask-HTTPAuth 4.8.1.dev0\n[build/tests   ]   |     Uninstalling Flask-HTTPAuth-4.8.1.dev0:\n[build/tests   ]   |       Successfully uninstalled Flask-HTTPAuth-4.8.1.dev0\n[build/tests   ]   | Successfully installed Flask-HTTPAuth-4.8.1.dev0\n[build/tests   ]   | py38: commands[1]> pip install 'flask<2.3' 'werkzeug<2.3'\n[build/tests   ]   | Collecting flask<2.3\n[build/tests   ]   |   Downloading Flask-2.2.5-py3-none-any.whl (101 kB)\n[build/tests   ]   |      \u2501\u2501\u2501\u2501\u2501\u2501\u2501\u2501\u2501\u2501\u2501\u2501\u2501\u2501\u2501\u2501\u2501\u2501\u2501\u2501\u2501\u2501\u2501\u2501\u2501\u2501\u2501\u2501\u2501\u2501\u2501\u2501\u2501\u2501\u2501\u2501\u2501\u2501\u2501 101.8/101.8 kB 1.9 MB/s eta 0:00:00\n[build/tests   ]   | Collecting werkzeug<2.3\n[build/tests   ]   |   Downloading Werkzeug-2.2.3-py3-none-any.whl (233 kB)\n[build/tests   ]   |      \u2501\u2501\u2501\u2501\u2501\u2501\u2501\u2501\u2501\u2501\u2501\u2501\u2501\u2501\u2501\u2501\u2501\u2501\u2501\u2501\u2501\u2501\u2501\u2501\u2501\u2501\u2501\u2501\u2501\u2501\u2501\u2501\u2501\u2501\u2501\u2501\u2501\u2501\u2501 233.6/233.6 kB 8.9 MB/s eta 0:00:00\n[build/tests   ]   | Requirement already satisfied: Jinja2>=3.0 in ./.tox/py38/lib/python3.8/site-packages (from flask<2.3) (3.1.2)\n[build/tests   ]   | Requirement already satisfied: itsdangerous>=2.0 in ./.tox/py38/lib/python3.8/site-packages (from flask<2.3) (2.1.2)\n[build/tests   ]   | Requirement already satisfied: click>=8.0 in ./.tox/py38/lib/python3.8/site-packages (from flask<2.3) (8.1.3)\n[build/tests   ]   | Requirement already satisfied: importlib-metadata>=3.6.0 in ./.tox/py38/lib/python3.8/site-packages (from flask<2.3) (6.6.0)\n[build/tests   ]   | Requirement already satisfied: MarkupSafe>=2.1.1 in ./.tox/py38/lib/python3.8/site-packages (from werkzeug<2.3) (2.1.2)\n[build/tests   ]   | Requirement already satisfied: zipp>=0.5 in ./.tox/py38/lib/python3.8/site-packages (from importlib-metadata>=3.6.0->flask<2.3) (3.15.0)\n[build/tests   ]   | Installing collected packages: werkzeug, flask\n[build/tests   ]   |   Attempting uninstall: werkzeug\n[build/tests   ]   |     Found existing installation: Werkzeug 2.3.4\n[build/tests   ]   |     Uninstalling Werkzeug-2.3.4:\n[build/tests   ]   |       Successfully uninstalled Werkzeug-2.3.4\n[build/tests   ]   |   Attempting uninstall: flask\n[build/tests   ]   |     Found existing installation: Flask 2.3.2\n[build/tests   ]   |     Uninstalling Flask-2.3.2:\n[build/tests   ]   |       Successfully uninstalled Flask-2.3.2\n[build/tests   ]   | Successfully installed flask-2.2.5 werkzeug-2.2.3\n[build/tests   ]   | py38: commands[2]> pytest -p no:logging --cov=src --cov-branch --cov-report=term-missing --cov-report=xml\n[build/lint    ]   | ROOT: tox-gh-actions won't override envlist because envlist is explicitly given via TOXENV or -e option\n[build/lint    ]   | ROOT: tox-gh-actions couldn't understand the parallel option. ignoring the given option: 0\n[build/coverage]   | Error: Cannot find module 'node:http'\n[build/coverage]   | Require stack:\n[build/coverage]   | - /run/act/actions/codecov-codecov-action@v3/dist/index.js\n[build/coverage]   |     at Function.Module._resolveFilename (internal/modules/cjs/loader.js:889:15)\n[build/coverage]   |     at Function.Module._load (internal/modules/cjs/loader.js:745:27)\n[build/coverage]   |     at Module.require (internal/modules/cjs/loader.js:961:19)\n[build/coverage]   |     at require (internal/modules/cjs/helpers.js:92:18)\n[build/coverage]   |     at /run/act/actions/codecov-codecov-action@v3/webpack:/codecov-action/external node-commonjs \"node:http\":1:1\n[build/coverage]   |     at /run/act/actions/codecov-codecov-action@v3/dist/index.js:24630:3\n[build/coverage]   |     at Object.<anonymous> (/run/act/actions/codecov-codecov-action@v3/dist/index.js:24633:12)\n[build/coverage]   |     at Module._compile (internal/modules/cjs/loader.js:1072:14)\n[build/coverage]   |     at Object.Module._extensions..js (internal/modules/cjs/loader.js:1101:10)\n[build/coverage]   |     at Module.load (internal/modules/cjs/loader.js:937:32)\n[build/coverage]   \u274c  Failure - Main codecov/codecov-action@v3\n[build/lint    ]   | docs: install_deps> python -I -m pip install sphinx\n[build/tests   ]   | ============================= test session starts ==============================\n[build/tests   ]   | platform linux -- Python 3.8.11, pytest-7.3.1, pluggy-1.0.0\n[build/tests   ]   | cachedir: .tox/py38/.pytest_cache\n[build/tests   ]   | rootdir: /tmp/de65f406-fe28-11ed-a890-af2cc187fc11/miguelgrinberg-Flask-HTTPAuth\n[build/tests   ]   | plugins: cov-4.1.0\n[build/tests   ]   | collected 119 items\n[build/tests   ]   | \n[build/tests   ]   | tests/test_basic_custom_realm.py ...                                     [  2%]\n[build/tests   ]   | tests/test_basic_get_password.py .....                                   [  6%]\n[build/tests   ]   | tests/test_basic_hashed_password.py ...                                  [  9%]\n[build/tests   ]   | tests/test_basic_verify_password.py ..........                           [ 17%]\n[build/tests   ]   | tests/test_basic_verify_password_async.py ........                       [ 24%]\n[build/coverage] exitcode '1': failure\n[build/tests   ]   | tests/test_digest_custom_realm.py ..                                     [ 26%]\n[build/tests   ]   | tests/test_digest_get_password.py .........                              [ 33%]\n[build/tests   ]   | tests/test_digest_ha1_password.py .                                      [ 34%]\n[build/tests   ]   | tests/test_digest_no_qop.py .......                                      [ 40%]\n[build/tests   ]   | tests/test_error_responses.py .                                          [ 41%]\n[build/tests   ]   | tests/test_multi.py ............                                         [ 51%]\n[build/tests   ]   | tests/test_multi_async.py ............                                   [ 61%]\n[build/tests   ]   | tests/test_roles.py ..........                                           [ 69%]\n[build/tests   ]   | tests/test_roles_async.py ..........                                     [ 78%]\n[build/tests   ]   | tests/test_token.py .............                                        [ 89%]\n[build/tests   ]   | tests/test_token_async.py .............                                  [100%]\n[build/tests   ]   | \n[build/tests   ]   | ---------- coverage: platform linux, python 3.8.11-final-0 -----------\n[build/tests   ]   | Name                    Stmts   Miss Branch BrPart  Cover   Missing\n[build/tests   ]   | -------------------------------------------------------------------\n[build/tests   ]   | src/flask_httpauth.py     265      0     76      0   100%\n[build/tests   ]   | -------------------------------------------------------------------\n[build/tests   ]   | TOTAL                     265      0     76      0   100%\n[build/tests   ]   | Coverage XML written to file coverage.xml\n[build/tests   ]   | \n[build/tests   ]   | \n[build/tests   ]   | ============================= 119 passed in 4.13s ==============================\n[build/tests   ]   | py38: tox-gh-actions couldn't understand the parallel option. ignoring the given option: 0\n[build/tests   ]   \u2753  ::endgroup::\n[build/tests   ]   | .pkg: _exit> python /opt/hostedtoolcache/Python/3.8.11/x64/lib/python3.8/site-packages/pyproject_api/_backend.py True setuptools.build_meta\n[build/tests   ]   |   py38: OK (27.43=setup[17.15]+cmd[3.96,1.57,4.75] seconds)\n[build/tests   ]   |   congratulations :) (27.59 seconds)\n[build/tests   ]   \u2705  Success - Main tox\n[build/tests   ] \u2b50 Run Post actions/setup-python@v2\n[build/tests   ]   \ud83d\udc33  docker exec cmd=[node /var/run/act/actions/actions-setup-python@v2/dist/cache-save/index.js] user= workdir=\n[build/coverage] \ud83c\udfc1  Job failed\n[build/lint    ]   | .pkg: recreate env because python changed version_info=[3, 8, 11, 'final', 0]->[3, 9, 6, 'final', 0] | executable='/opt/hostedtoolcache/Python/3.8.11/x64/bin/python3.8'->'/opt/hostedtoolcache/Python/3.9.6/x64/bin/python3.9'\n[build/lint    ]   | .pkg: remove tox env folder /tmp/de65f406-fe28-11ed-a890-af2cc187fc11/miguelgrinberg-Flask-HTTPAuth/.tox/.pkg\n[build/lint    ]   | .pkg: install_requires> python -I -m pip install 'setuptools>=42' wheel\n[build/lint    ]   | .pkg: _optional_hooks> python /opt/hostedtoolcache/Python/3.9.6/x64/lib/python3.9/site-packages/pyproject_api/_backend.py True setuptools.build_meta\n[build/lint    ]   | .pkg: get_requires_for_build_sdist> python /opt/hostedtoolcache/Python/3.9.6/x64/lib/python3.9/site-packages/pyproject_api/_backend.py True setuptools.build_meta\n[build/lint    ]   | .pkg: prepare_metadata_for_build_wheel> python /opt/hostedtoolcache/Python/3.9.6/x64/lib/python3.9/site-packages/pyproject_api/_backend.py True setuptools.build_meta\n[build/lint    ]   | .pkg: build_sdist> python /opt/hostedtoolcache/Python/3.9.6/x64/lib/python3.9/site-packages/pyproject_api/_backend.py True setuptools.build_meta\n[build/lint    ]   | docs: install_package_deps> python -I -m pip install flask\n[build/lint    ]   | docs: install_package> python -I -m pip install --force-reinstall --no-deps /tmp/de65f406-fe28-11ed-a890-af2cc187fc11/miguelgrinberg-Flask-HTTPAuth/.tox/.tmp/package/4/Flask-HTTPAuth-4.8.1.dev0.tar.gz\n[build/tests   ]   \u2705  Success - Post actions/setup-python@v2\n[build/lint    ]   | docs: freeze> python -m pip freeze --all\n[build/lint    ]   | docs: alabaster==0.7.13,Babel==2.12.1,blinker==1.6.2,certifi==2023.5.7,charset-normalizer==3.1.0,click==8.1.3,docutils==0.20.1,Flask==2.3.2,Flask-HTTPAuth @ file:///tmp/de65f406-fe28-11ed-a890-af2cc187fc11/miguelgrinberg-Flask-HTTPAuth/.tox/.tmp/package/4/Flask-HTTPAuth-4.8.1.dev0.tar.gz#sha256=3c39b1306eb1fb90ecdd7f3d22dbedc7906c6e012da509ada40ffea8be3163d6,idna==3.4,imagesize==1.4.1,importlib-metadata==6.6.0,itsdangerous==2.1.2,Jinja2==3.1.2,MarkupSafe==2.1.2,packaging==23.1,pip==23.1.2,Pygments==2.15.1,requests==2.31.0,setuptools==67.7.2,snowballstemmer==2.2.0,Sphinx==7.0.1,sphinxcontrib-applehelp==1.0.4,sphinxcontrib-devhelp==1.0.2,sphinxcontrib-htmlhelp==2.0.1,sphinxcontrib-jsmath==1.0.1,sphinxcontrib-qthelp==1.0.3,sphinxcontrib-serializinghtml==1.1.5,urllib3==2.0.2,Werkzeug==2.3.4,wheel==0.40.0,zipp==3.15.0\n[build/lint    ]   | docs: tox-gh-actions couldn't understand the parallel option. ignoring the given option: 0\n[build/lint    ]   \u2753  ::group::tox: docs\n[build/lint    ]   | docs: commands[0] /tmp/de65f406-fe28-11ed-a890-af2cc187fc11/miguelgrinberg-Flask-HTTPAuth/docs> make html\n[build/lint    ]   | sphinx-build -b html -d _build/doctrees   . _build/html\n[build/lint    ]   | Traceback (most recent call last):\n[build/lint    ]   |   File \"/tmp/de65f406-fe28-11ed-a890-af2cc187fc11/miguelgrinberg-Flask-HTTPAuth/.tox/docs/bin/sphinx-build\", line 5, in <module>\n[build/lint    ]   |     from sphinx.cmd.build import main\n[build/lint    ]   |   File \"/tmp/de65f406-fe28-11ed-a890-af2cc187fc11/miguelgrinberg-Flask-HTTPAuth/.tox/docs/lib/python3.9/site-packages/sphinx/cmd/build.py\", line 20, in <module>\n[build/lint    ]   |     from sphinx.application import Sphinx\n[build/lint    ]   |   File \"/tmp/de65f406-fe28-11ed-a890-af2cc187fc11/miguelgrinberg-Flask-HTTPAuth/.tox/docs/lib/python3.9/site-packages/sphinx/application.py\", line 25, in <module>\n[build/lint    ]   |     from sphinx.config import Config\n[build/lint    ]   |   File \"/tmp/de65f406-fe28-11ed-a890-af2cc187fc11/miguelgrinberg-Flask-HTTPAuth/.tox/docs/lib/python3.9/site-packages/sphinx/config.py\", line 14, in <module>\n[build/lint    ]   |     from sphinx.util.i18n import format_date\n[build/lint    ]   |   File \"/tmp/de65f406-fe28-11ed-a890-af2cc187fc11/miguelgrinberg-Flask-HTTPAuth/.tox/docs/lib/python3.9/site-packages/sphinx/util/i18n.py\", line 11, in <module>\n[build/lint    ]   |     import babel.dates\n[build/lint    ]   |   File \"/tmp/de65f406-fe28-11ed-a890-af2cc187fc11/miguelgrinberg-Flask-HTTPAuth/.tox/docs/lib/python3.9/site-packages/babel/dates.py\", line 34, in <module>\n[build/lint    ]   |     from babel import localtime\n[build/lint    ]   |   File \"/tmp/de65f406-fe28-11ed-a890-af2cc187fc11/miguelgrinberg-Flask-HTTPAuth/.tox/docs/lib/python3.9/site-packages/babel/localtime/__init__.py\", line 41, in <module>\n[build/lint    ]   |     LOCALTZ = get_localzone()\n[build/lint    ]   |   File \"/tmp/de65f406-fe28-11ed-a890-af2cc187fc11/miguelgrinberg-Flask-HTTPAuth/.tox/docs/lib/python3.9/site-packages/babel/localtime/__init__.py\", line 37, in get_localzone\n[build/lint    ]   |     return _get_localzone()\n[build/lint    ]   |   File \"/tmp/de65f406-fe28-11ed-a890-af2cc187fc11/miguelgrinberg-Flask-HTTPAuth/.tox/docs/lib/python3.9/site-packages/babel/localtime/_unix.py\", line 49, in _get_localzone\n[build/lint    ]   |     tzinfo = _get_tzinfo(zone_name)\n[build/lint    ]   |   File \"/tmp/de65f406-fe28-11ed-a890-af2cc187fc11/miguelgrinberg-Flask-HTTPAuth/.tox/docs/lib/python3.9/site-packages/babel/localtime/_helpers.py\", line 21, in _get_tzinfo\n[build/lint    ]   |     return zoneinfo.ZoneInfo(tzenv)\n[build/lint    ]   |   File \"/opt/hostedtoolcache/Python/3.9.6/x64/lib/python3.9/zoneinfo/_tzpath.py\", line 67, in find_tzfile\n[build/lint    ]   |     _validate_tzfile_path(key)\n[build/lint    ]   |   File \"/opt/hostedtoolcache/Python/3.9.6/x64/lib/python3.9/zoneinfo/_tzpath.py\", line 81, in _validate_tzfile_path\n[build/lint    ]   |     raise ValueError(\n[build/lint    ]   | ValueError: ZoneInfo keys may not be absolute paths, got: /UTC\n[build/lint    ]   | make: *** [Makefile:53: html] Error 1\n[build/lint    ]   | docs: exit 2 (0.38 seconds) /tmp/de65f406-fe28-11ed-a890-af2cc187fc11/miguelgrinberg-Flask-HTTPAuth/docs> make html pid=334\n[build/lint    ]   | docs: tox-gh-actions couldn't understand the parallel option. ignoring the given option: 0\n[build/lint    ]   \u2753  ::endgroup::\n[build/lint    ]   | .pkg: _exit> python /opt/hostedtoolcache/Python/3.9.6/x64/lib/python3.9/site-packages/pyproject_api/_backend.py True setuptools.build_meta\n[build/lint    ]   |   docs: FAIL code 2 (25.98=setup[25.60]+cmd[0.38] seconds)\n[build/lint    ]   |   evaluation failed :( (26.09 seconds)\n[build/lint    ]   \u274c  Failure - Main tox -edocs\n[build/lint    ] exitcode '2': failure\n[build/tests   ] \ud83c\udfc1  Job succeeded\n[build/lint    ] \ud83c\udfc1  Job failed\n",
    "actions_stderr": "Error: Job 'coverage' failed\n"
}