{
    "repository": "oemof/feedinlib",
    "clone_url": "https://github.com/oemof/feedinlib.git",
    "timestamp": "2023-05-29T15:34:53.322825Z",
    "clone_success": true,
    "number of actions": 3,
    "number_of_test_actions": 1,
    "actions_successful": false,
    "actions_stdout": "[tox pytests/build] \ud83d\ude80  Start image=crawlergpt:latest\n[tox pytests/build]   \ud83d\udc33  docker pull image=crawlergpt:latest platform= username= forcePull=false\n[tox pytests/build]   \ud83d\udc33  docker create image=crawlergpt:latest platform= entrypoint=[\"tail\" \"-f\" \"/dev/null\"] cmd=[]\n[tox pytests/build]   \ud83d\udc33  docker run image=crawlergpt:latest platform= entrypoint=[\"tail\" \"-f\" \"/dev/null\"] cmd=[]\n[tox pytests/build]   \ud83d\udc33  docker exec cmd=[chown -R 1012:1000 /tmp/de65f406-fe28-11ed-a890-af2cc187fc11/oemof-feedinlib] user=0 workdir=\n[tox pytests/build]   \u2601  git clone 'https://github.com/actions/setup-python' # ref=v2\n[tox pytests/build] \ud83e\uddea  Matrix: map[python-version:3.6]\n[tox pytests/build] \u2b50 Run Main actions/checkout@v1\n[tox pytests/build]   \u2705  Success - Main actions/checkout@v1\n[tox pytests/build] \u2b50 Run Main Set up Python 3.6\n[tox pytests/build]   \ud83d\udc33  docker cp src=/home/andre-silva/.cache/act/actions-setup-python@v2/ dst=/var/run/act/actions/actions-setup-python@v2/\n[tox pytests/build]   \ud83d\udc33  docker exec cmd=[chown -R 1012:1000 /var/run/act/actions/actions-setup-python@v2/] user=0 workdir=\n[tox pytests/build]   \ud83d\udc33  docker exec cmd=[node /var/run/act/actions/actions-setup-python@v2/dist/setup/index.js] user= workdir=\n[tox pytests/build]   \ud83d\udcac  ::debug::Semantic version spec of 3.6 is 3.6\n[tox pytests/build]   \ud83d\udcac  ::debug::isExplicit: \n[tox pytests/build]   \ud83d\udcac  ::debug::explicit? false\n[tox pytests/build]   \ud83d\udcac  ::debug::isExplicit: 2.7.18\n[tox pytests/build]   \ud83d\udcac  ::debug::explicit? true\n[tox pytests/build]   \ud83d\udcac  ::debug::isExplicit: 3.5.10\n[tox pytests/build]   \ud83d\udcac  ::debug::explicit? true\n[tox pytests/build]   \ud83d\udcac  ::debug::isExplicit: 3.6.14\n[tox pytests/build]   \ud83d\udcac  ::debug::explicit? true\n[tox pytests/build]   \ud83d\udcac  ::debug::isExplicit: 3.7.11\n[tox pytests/build]   \ud83d\udcac  ::debug::explicit? true\n[tox pytests/build]   \ud83d\udcac  ::debug::isExplicit: 3.8.11\n[tox pytests/build]   \ud83d\udcac  ::debug::explicit? true\n[tox pytests/build]   \ud83d\udcac  ::debug::isExplicit: 3.9.6\n[tox pytests/build]   \ud83d\udcac  ::debug::explicit? true\n[tox pytests/build]   \ud83d\udcac  ::debug::evaluating 6 versions\n[tox pytests/build]   \ud83d\udcac  ::debug::matched: 3.6.14\n[tox pytests/build]   \ud83d\udcac  ::debug::checking cache: /opt/hostedtoolcache/Python/3.6.14/x64\n[tox pytests/build]   \ud83d\udcac  ::debug::Found tool in cache Python 3.6.14 x64\n[tox pytests/build]   | Successfully setup CPython (3.6.14)\n[tox pytests/build]   \u2753 add-matcher /run/act/actions/actions-setup-python@v2/.github/python.json\n[tox pytests/build]   \u2705  Success - Main Set up Python 3.6\n[tox pytests/build]   \u2699  ::set-env:: pythonLocation=/opt/hostedtoolcache/Python/3.6.14/x64\n[tox pytests/build]   \u2699  ::set-env:: LD_LIBRARY_PATH=/opt/hostedtoolcache/Python/3.6.14/x64/lib\n[tox pytests/build]   \u2699  ::set-output:: python-version=3.6.14\n[tox pytests/build]   \u2699  ::add-path:: /opt/hostedtoolcache/Python/3.6.14/x64\n[tox pytests/build]   \u2699  ::add-path:: /opt/hostedtoolcache/Python/3.6.14/x64/bin\n[tox pytests/build] \u2b50 Run Main Install dependencies\n[tox pytests/build]   \ud83d\udc33  docker exec cmd=[bash --noprofile --norc -e -o pipefail /var/run/act/workflow/2] user= workdir=\n[tox pytests/build]   | Requirement already satisfied: pip in /opt/hostedtoolcache/Python/3.6.14/x64/lib/python3.6/site-packages (21.2.4)\n[tox pytests/build]   | Collecting pip\n[tox pytests/build]   |   Downloading pip-21.3.1-py3-none-any.whl (1.7 MB)\n[tox pytests/build]   | Installing collected packages: pip\n[tox pytests/build]   |   Attempting uninstall: pip\n[tox pytests/build]   |     Found existing installation: pip 21.2.4\n[tox pytests/build]   |     Uninstalling pip-21.2.4:\n[tox pytests/build]   |       Successfully uninstalled pip-21.2.4\n[tox pytests/build]   | Successfully installed pip-21.3.1\n[tox pytests/build]   | Collecting tox\n[tox pytests/build]   |   Downloading tox-3.28.0-py2.py3-none-any.whl (86 kB)\n[tox pytests/build]   | Collecting tox-gh-actions\n[tox pytests/build]   |   Downloading tox_gh_actions-2.12.0-py2.py3-none-any.whl (11 kB)\n[tox pytests/build]   | Collecting coverage\n[tox pytests/build]   |   Downloading coverage-6.2-cp36-cp36m-manylinux_2_5_x86_64.manylinux1_x86_64.manylinux_2_12_x86_64.manylinux2010_x86_64.whl (212 kB)\n[tox pytests/build]   | Collecting coveralls\n[tox pytests/build]   |   Downloading coveralls-3.3.1-py2.py3-none-any.whl (14 kB)\n[tox pytests/build]   | Collecting six>=1.14.0\n[tox pytests/build]   |   Downloading six-1.16.0-py2.py3-none-any.whl (11 kB)\n[tox pytests/build]   | Collecting py>=1.4.17\n[tox pytests/build]   |   Downloading py-1.11.0-py2.py3-none-any.whl (98 kB)\n[tox pytests/build]   | Collecting filelock>=3.0.0\n[tox pytests/build]   |   Downloading filelock-3.4.1-py3-none-any.whl (9.9 kB)\n[tox pytests/build]   | Collecting virtualenv!=20.0.0,!=20.0.1,!=20.0.2,!=20.0.3,!=20.0.4,!=20.0.5,!=20.0.6,!=20.0.7,>=16.0.0\n[tox pytests/build]   |   Downloading virtualenv-20.17.1-py3-none-any.whl (8.8 MB)\n[tox pytests/build]   | Collecting pluggy>=0.12.0\n[tox pytests/build]   |   Downloading pluggy-1.0.0-py2.py3-none-any.whl (13 kB)\n[tox pytests/build]   | Collecting packaging>=14\n[tox pytests/build]   |   Downloading packaging-21.3-py3-none-any.whl (40 kB)\n[tox pytests/build]   | Collecting importlib-metadata>=0.12\n[tox pytests/build]   |   Downloading importlib_metadata-4.8.3-py3-none-any.whl (17 kB)\n[tox pytests/build]   | Collecting toml>=0.10.2\n[tox pytests/build]   |   Downloading toml-0.10.2-py2.py3-none-any.whl (16 kB)\n[tox pytests/build]   | Collecting importlib-resources\n[tox pytests/build]   |   Downloading importlib_resources-5.4.0-py3-none-any.whl (28 kB)\n[tox pytests/build]   | Collecting requests>=1.0.0\n[tox pytests/build]   |   Downloading requests-2.27.1-py2.py3-none-any.whl (63 kB)\n[tox pytests/build]   | Collecting docopt>=0.6.1\n[tox pytests/build]   |   Downloading docopt-0.6.2.tar.gz (25 kB)\n[tox pytests/build]   |   Preparing metadata (setup.py): started\n[tox pytests/build]   |   Preparing metadata (setup.py): finished with status 'done'\n[tox pytests/build]   | Collecting zipp>=0.5\n[tox pytests/build]   |   Downloading zipp-3.6.0-py3-none-any.whl (5.3 kB)\n[tox pytests/build]   | Collecting typing-extensions>=3.6.4\n[tox pytests/build]   |   Downloading typing_extensions-4.1.1-py3-none-any.whl (26 kB)\n[tox pytests/build]   | Collecting pyparsing!=3.0.5,>=2.0.2\n[tox pytests/build]   |   Downloading pyparsing-3.0.9-py3-none-any.whl (98 kB)\n[tox pytests/build]   | Collecting certifi>=2017.4.17\n[tox pytests/build]   |   Downloading certifi-2023.5.7-py3-none-any.whl (156 kB)\n[tox pytests/build]   | Collecting idna<4,>=2.5\n[tox pytests/build]   |   Downloading idna-3.4-py3-none-any.whl (61 kB)\n[tox pytests/build]   | Collecting charset-normalizer~=2.0.0\n[tox pytests/build]   |   Downloading charset_normalizer-2.0.12-py3-none-any.whl (39 kB)\n[tox pytests/build]   | Collecting urllib3<1.27,>=1.21.1\n[tox pytests/build]   |   Downloading urllib3-1.26.16-py2.py3-none-any.whl (143 kB)\n[tox pytests/build]   | Collecting distlib<1,>=0.3.6\n[tox pytests/build]   |   Downloading distlib-0.3.6-py2.py3-none-any.whl (468 kB)\n[tox pytests/build]   | Collecting platformdirs<3,>=2.4\n[tox pytests/build]   |   Downloading platformdirs-2.4.0-py3-none-any.whl (14 kB)\n[tox pytests/build]   | Using legacy 'setup.py install' for docopt, since package 'wheel' is not installed.\n[tox pytests/build]   | Installing collected packages: zipp, typing-extensions, pyparsing, platformdirs, importlib-resources, importlib-metadata, filelock, distlib, virtualenv, urllib3, toml, six, py, pluggy, packaging, idna, charset-normalizer, certifi, tox, requests, docopt, coverage, tox-gh-actions, coveralls\n[tox pytests/build]   |     Running setup.py install for docopt: started\n[tox pytests/build]   |     Running setup.py install for docopt: finished with status 'done'\n[tox pytests/build]   | Successfully installed certifi-2023.5.7 charset-normalizer-2.0.12 coverage-6.2 coveralls-3.3.1 distlib-0.3.6 docopt-0.6.2 filelock-3.4.1 idna-3.4 importlib-metadata-4.8.3 importlib-resources-5.4.0 packaging-21.3 platformdirs-2.4.0 pluggy-1.0.0 py-1.11.0 pyparsing-3.0.9 requests-2.27.1 six-1.16.0 toml-0.10.2 tox-3.28.0 tox-gh-actions-2.12.0 typing-extensions-4.1.1 urllib3-1.26.16 virtualenv-20.17.1 zipp-3.6.0\n[tox pytests/build]   \u2705  Success - Main Install dependencies\n[tox pytests/build] \u2b50 Run Main Test with tox\n[tox pytests/build]   \ud83d\udc33  docker exec cmd=[bash --noprofile --norc -e -o pipefail /var/run/act/workflow/3] user= workdir=\n[tox pytests/build]   \u2753 add-matcher /opt/hostedtoolcache/Python/3.6.14/x64/lib/python3.6/site-packages/tox_gh_actions/matcher.json\n[tox pytests/build]   | GLOB sdist-make: /tmp/de65f406-fe28-11ed-a890-af2cc187fc11/oemof-feedinlib/setup.py\n[tox pytests/build]   | py36-cover create: /tmp/de65f406-fe28-11ed-a890-af2cc187fc11/oemof-feedinlib/.tox/py36-cover\n[tox pytests/build]   \u2753  ::group::tox: py36-cover\n[tox pytests/build]   | py36-cover installdeps: pytest, pytest-cov\n[tox pytests/build]   | py36-cover develop-inst: /tmp/de65f406-fe28-11ed-a890-af2cc187fc11/oemof-feedinlib\n[tox pytests/build]   | py36-cover installed: alabaster==0.7.13,alembic==1.7.7,argon2-cffi==21.3.0,argon2-cffi-bindings==21.2.0,async-generator==1.10,attrs==22.2.0,Babel==2.11.0,backcall==0.2.0,bleach==4.1.0,cached-property==1.5.2,cdsapi==0.6.1,certifi==2023.5.7,cffi==1.15.1,cftime==1.6.0,charset-normalizer==2.0.12,click==8.0.4,click-plugins==1.1.1,cligj==0.7.2,coverage==6.2,cryptography==40.0.2,cycler==0.11.0,dask==2021.3.0,dataclasses==0.8,decorator==4.4.2,defusedxml==0.7.1,descartes==1.1.0,dill==0.3.4,docutils==0.18.1,entrypoints==0.4,-e git+https://github.com/oemof/feedinlib.git@773cde0a2e5662b37d3be12d4d4ef6084907f5e6#egg=feedinlib,Fiona==1.8.22,GeoAlchemy2==0.6.3,geopandas==0.9.0,h5py==3.1.0,idna==3.4,imagesize==1.4.1,importlib-metadata==4.8.3,importlib-resources==5.4.0,iniconfig==1.1.1,ipykernel==5.5.6,ipython==7.16.3,ipython-genutils==0.2.0,ipywidgets==7.7.5,jedi==0.17.2,jeepney==0.7.1,Jinja2==3.0.3,jsonschema==3.2.0,jupyter==1.0.0,jupyter-client==7.1.2,jupyter-console==6.4.3,jupyter-core==4.9.2,jupyterlab-pygments==0.1.2,jupyterlab-widgets==1.1.4,keyring==23.4.1,keyrings.alt==4.1.0,kiwisolver==1.3.1,Mako==1.1.6,MarkupSafe==2.0.1,matplotlib==3.3.4,mistune==0.8.4,munch==3.0.0,nbclient==0.5.9,nbconvert==6.0.7,nbformat==5.1.3,nest-asyncio==1.5.6,netCDF4==1.6.1,networkx==2.5.1,notebook==6.4.10,numexpr==2.8.1,numpy==1.19.5,oedialect==0.0.10,oemof==0.2.0,oemof.db==0.0.6,open-FRED-cli==0.0.1,packaging==21.3,pandas==1.1.5,pandocfilters==1.5.0,parso==0.7.1,pexpect==4.8.0,pickleshare==0.7.5,Pillow==8.4.0,pluggy==1.0.0,ply==3.11,prometheus-client==0.17.0,prompt-toolkit==3.0.36,psycopg2==2.9.6,psycopg2-binary==2.9.6,ptyprocess==0.7.0,punch.py==2.0.0,pvlib==0.9.1,py==1.11.0,pycparser==2.21,Pygments==2.14.0,Pyomo==6.3.0,pyparsing==3.0.9,pyproj==3.0.1,pyrsistent==0.18.0,pytest==7.0.1,pytest-cov==4.0.0,python-dateutil==2.8.2,pytz==2023.3,PyYAML==6.0,pyzmq==25.1.0,qtconsole==5.2.2,QtPy==2.0.1,requests==2.27.1,scipy==1.5.4,SecretStorage==3.3.3,Send2Trash==1.8.2,Shapely==1.8.5.post1,six==1.16.0,snowballstemmer==2.2.0,Sphinx==5.3.0,sphinx-rtd-theme==1.2.1,sphinxcontrib-applehelp==1.0.2,sphinxcontrib-devhelp==1.0.2,sphinxcontrib-htmlhelp==2.0.0,sphinxcontrib-jquery==4.1,sphinxcontrib-jsmath==1.0.1,sphinxcontrib-qthelp==1.0.3,sphinxcontrib-serializinghtml==1.1.5,SQLAlchemy==1.3.24,tables==3.7.0,terminado==0.12.1,testpath==0.6.0,tomli==1.2.3,toolz==0.12.0,tornado==6.1,tqdm==4.64.1,traitlets==4.3.3,typing_extensions==4.1.1,urllib3==1.26.16,wcwidth==0.2.6,webencodings==0.5.1,widgetsnbextension==3.6.4,windpowerlib==0.2.1,xarray==0.16.2,zipp==3.6.0\n[tox pytests/build]   | py36-cover run-test-pre: PYTHONHASHSEED='2967050573'\n[tox pytests/build]   | py36-cover run-test: commands[0] | pytest --cov --cov-report=term-missing -vv\n[tox pytests/build]   | ============================= test session starts ==============================\n[tox pytests/build]   | platform linux -- Python 3.6.14, pytest-7.0.1, pluggy-1.0.0 -- /tmp/de65f406-fe28-11ed-a890-af2cc187fc11/oemof-feedinlib/.tox/py36-cover/bin/python\n[tox pytests/build]   | cachedir: .tox/py36-cover/.pytest_cache\n[tox pytests/build]   | rootdir: /tmp/de65f406-fe28-11ed-a890-af2cc187fc11/oemof-feedinlib, configfile: setup.cfg, testpaths: feedinlib, tests/\n[tox pytests/build]   | plugins: cov-4.0.0\n[tox pytests/build]   | collecting ... collected 28 items\n[tox pytests/build]   | \n[tox pytests/build]   | src/feedinlib/dedup.py::feedinlib.dedup.partition PASSED                 [  3%]\n[tox pytests/build]   | src/feedinlib/open_FRED.py::feedinlib.open_FRED.Weather FAILED           [  7%]\n[tox pytests/build]   | src/feedinlib/models/base.py::feedinlib.models.base.get_power_plant_data PASSED [ 10%]\n[tox pytests/build]   | tests/test_examples.py::TestExamples::test_load_era5_ipynb SKIPPED (...) [ 14%]\n[tox pytests/build]   | tests/test_examples.py::TestExamples::test_pvlib_ipynb SKIPPED (Requ...) [ 17%]\n[tox pytests/build]   | tests/test_examples.py::TestExamples::test_windpowerlib_turbine_ipynb SKIPPED [ 21%]\n[tox pytests/build]   | tests/test_models.py::TestPowerplants::test_powerplant_requirements FAILED [ 25%]\n[tox pytests/build]   | tests/test_models.py::TestPowerplants::test_powerplant_requirements_2 PASSED [ 28%]\n[tox pytests/build]   | tests/test_models.py::TestPowerplants::test_pv_feedin_scaling FAILED     [ 32%]\n[tox pytests/build]   | tests/test_models.py::TestPowerplants::test_wind_feedin_scaling PASSED   [ 35%]\n[tox pytests/build]   | tests/test_models.py::TestGeometricSolar::test_geometric_angles PASSED   [ 39%]\n[tox pytests/build]   | tests/test_models.py::TestGeometricSolar::test_geometric_radiation PASSED [ 42%]\n[tox pytests/build]   | tests/test_models.py::TestGeometricSolar::test_pvlib_feedin PASSED       [ 46%]\n[tox pytests/build]   | tests/test_models.py::TestPvlib::test_pvlib_feedin FAILED                [ 50%]\n[tox pytests/build]   | tests/test_models.py::TestPvlib::test_pvlib_feedin_with_surface_type FAILED [ 53%]\n[tox pytests/build]   | tests/test_models.py::TestPvlib::test_pvlib_feedin_with_optional_pp_parameter FAILED [ 57%]\n[tox pytests/build]   | tests/test_models.py::TestPvlib::test_pvlib_feedin_with_optional_model_parameters FAILED [ 60%]\n[tox pytests/build]   | tests/test_models.py::TestPvlib::test_pvlib_missing_powerplant_parameter PASSED [ 64%]\n[tox pytests/build]   | tests/test_models.py::TestWindpowerlibSingleTurbine::test_windpowerlib_single_turbine_feedin PASSED [ 67%]\n[tox pytests/build]   | tests/test_models.py::TestWindpowerlibSingleTurbine::test_windpowerlib_single_turbine_feedin_with_optional_pp_parameter PASSED [ 71%]\n[tox pytests/build]   | tests/test_models.py::TestWindpowerlibSingleTurbine::test_windpowerlib_missing_powerplant_parameter PASSED [ 75%]\n[tox pytests/build]   | tests/test_models.py::TestWindpowerlibCluster::test_windpowerlib_windfarm_feedin PASSED [ 78%]\n[tox pytests/build]   | tests/test_models.py::TestWindpowerlibCluster::test_windpowerlib_windfarm_feedin_2 SKIPPED [ 82%]\n[tox pytests/build]   | tests/test_models.py::TestWindpowerlibCluster::test_windpowerlib_turbine_cluster_feedin PASSED [ 85%]\n[tox pytests/build]   | tests/test_models.py::TestWindpowerlibCluster::test_windpowerlib_windfarm_feedin_with_optional_parameters PASSED [ 89%]\n[tox pytests/build]   | tests/test_models.py::TestWindpowerlibCluster::test_windpowerlib_turbine_equals_windfarm PASSED [ 92%]\n[tox pytests/build]   | tests/test_models.py::TestWindpowerlibCluster::test_windpowerlib_windfarm_equals_cluster PASSED [ 96%]\n[tox pytests/build]   | tests/test_weather_download.py::test_era5_download PASSED                [100%]\n[tox pytests/build]   | \n[tox pytests/build]   | =================================== FAILURES ===================================\n[tox pytests/build]   | ____________________ [doctest] feedinlib.open_FRED.Weather _____________________\n[tox pytests/build]   | 067         https://openenergy-platform.org\n[tox pytests/build]   | 068 \n[tox pytests/build]   | 069     Now you can simply instantiate a `Weather` object via e.g.:\n[tox pytests/build]   | 070 \n[tox pytests/build]   | 071     Examples\n[tox pytests/build]   | 072     --------\n[tox pytests/build]   | 073 \n[tox pytests/build]   | 074     >>> from shapely.geometry import Point\n[tox pytests/build]   | 075     >>> point = Point(9.7311, 53.3899)\n[tox pytests/build]   | 076     >>> weather = Weather(\n[tox pytests/build]   | UNEXPECTED EXCEPTION: AttributeError(\"'Point' object has no attribute 'to_wkt'\",)\n[tox pytests/build]   | Traceback (most recent call last):\n[tox pytests/build]   |   File \"/opt/hostedtoolcache/Python/3.6.14/x64/lib/python3.6/doctest.py\", line 1330, in __run\n[tox pytests/build]   |     compileflags, 1), test.globs)\n[tox pytests/build]   |   File \"<doctest feedinlib.open_FRED.Weather[2]>\", line 7, in <module>\n[tox pytests/build]   |   File \"/tmp/de65f406-fe28-11ed-a890-af2cc187fc11/oemof-feedinlib/src/feedinlib/open_FRED.py\", line 161, in __init__\n[tox pytests/build]   |     if locations is not None\n[tox pytests/build]   |   File \"/tmp/de65f406-fe28-11ed-a890-af2cc187fc11/oemof-feedinlib/src/feedinlib/open_FRED.py\", line 160, in <dictcomp>\n[tox pytests/build]   |     {(p.x, p.y): self.location(p) for p in locations}\n[tox pytests/build]   |   File \"/tmp/de65f406-fe28-11ed-a890-af2cc187fc11/oemof-feedinlib/src/feedinlib/open_FRED.py\", line 304, in location\n[tox pytests/build]   |     point = WKTE(point.to_wkt(), srid=4326)\n[tox pytests/build]   | AttributeError: 'Point' object has no attribute 'to_wkt'\n[tox pytests/build]   | /tmp/de65f406-fe28-11ed-a890-af2cc187fc11/oemof-feedinlib/src/feedinlib/open_FRED.py:76: UnexpectedException\n[tox pytests/build]   | _________________ TestPowerplants.test_powerplant_requirements _________________\n[tox pytests/build]   | tests/test_models.py:156: in test_powerplant_requirements\n[tox pytests/build]   |     weather=pvlib_weather, model=Pvlib, location=(52, 13)\n[tox pytests/build]   | src/feedinlib/powerplants.py:265: in feedin\n[tox pytests/build]   |     feedin = super().feedin(weather=weather, **kwargs)\n[tox pytests/build]   | src/feedinlib/powerplants.py:143: in feedin\n[tox pytests/build]   |     weather=weather, power_plant_parameters=self.parameters, **kwargs\n[tox pytests/build]   | src/feedinlib/models/pvlib.py:315: in feedin\n[tox pytests/build]   |     mc.run_model(weather=weather)\n[tox pytests/build]   | .tox/py36-cover/lib/python3.6/site-packages/pvlib/modelchain.py:1765: in run_model\n[tox pytests/build]   |     self.prepare_inputs(weather)\n[tox pytests/build]   | .tox/py36-cover/lib/python3.6/site-packages/pvlib/modelchain.py:1505: in prepare_inputs\n[tox pytests/build]   |     self._verify_df(weather, required=['ghi', 'dni', 'dhi'])\n[tox pytests/build]   | .tox/py36-cover/lib/python3.6/site-packages/pvlib/modelchain.py:1396: in _verify_df\n[tox pytests/build]   |     _verify(data)\n[tox pytests/build]   | .tox/py36-cover/lib/python3.6/site-packages/pvlib/modelchain.py:1392: in _verify\n[tox pytests/build]   |     \"Incomplete input data. Data needs to contain \"\n[tox pytests/build]   | E   ValueError: Incomplete input data. Data needs to contain ['ghi', 'dni', 'dhi']. Detected data contains: ['wind_speed', 'temp_air', 'dhi', 'ghi']\n[tox pytests/build]   | ____________________ TestPowerplants.test_pv_feedin_scaling ____________________\n[tox pytests/build]   | tests/test_models.py:181: in test_pv_feedin_scaling\n[tox pytests/build]   |     weather=pvlib_weather, location=(52, 13), scaling=\"peak_power\"\n[tox pytests/build]   | src/feedinlib/powerplants.py:265: in feedin\n[tox pytests/build]   |     feedin = super().feedin(weather=weather, **kwargs)\n[tox pytests/build]   | src/feedinlib/powerplants.py:143: in feedin\n[tox pytests/build]   |     weather=weather, power_plant_parameters=self.parameters, **kwargs\n[tox pytests/build]   | src/feedinlib/models/pvlib.py:315: in feedin\n[tox pytests/build]   |     mc.run_model(weather=weather)\n[tox pytests/build]   | .tox/py36-cover/lib/python3.6/site-packages/pvlib/modelchain.py:1765: in run_model\n[tox pytests/build]   |     self.prepare_inputs(weather)\n[tox pytests/build]   | .tox/py36-cover/lib/python3.6/site-packages/pvlib/modelchain.py:1505: in prepare_inputs\n[tox pytests/build]   |     self._verify_df(weather, required=['ghi', 'dni', 'dhi'])\n[tox pytests/build]   | .tox/py36-cover/lib/python3.6/site-packages/pvlib/modelchain.py:1396: in _verify_df\n[tox pytests/build]   |     _verify(data)\n[tox pytests/build]   | .tox/py36-cover/lib/python3.6/site-packages/pvlib/modelchain.py:1392: in _verify\n[tox pytests/build]   |     \"Incomplete input data. Data needs to contain \"\n[tox pytests/build]   | E   ValueError: Incomplete input data. Data needs to contain ['ghi', 'dni', 'dhi']. Detected data contains: ['wind_speed', 'temp_air', 'dhi', 'ghi']\n[tox pytests/build]   | _________________________ TestPvlib.test_pvlib_feedin __________________________\n[tox pytests/build]   | tests/test_models.py:371: in test_pvlib_feedin\n[tox pytests/build]   |     feedin = test_module.feedin(weather=pvlib_weather, location=(52, 13))\n[tox pytests/build]   | src/feedinlib/powerplants.py:265: in feedin\n[tox pytests/build]   |     feedin = super().feedin(weather=weather, **kwargs)\n[tox pytests/build]   | src/feedinlib/powerplants.py:143: in feedin\n[tox pytests/build]   |     weather=weather, power_plant_parameters=self.parameters, **kwargs\n[tox pytests/build]   | src/feedinlib/models/pvlib.py:315: in feedin\n[tox pytests/build]   |     mc.run_model(weather=weather)\n[tox pytests/build]   | .tox/py36-cover/lib/python3.6/site-packages/pvlib/modelchain.py:1765: in run_model\n[tox pytests/build]   |     self.prepare_inputs(weather)\n[tox pytests/build]   | .tox/py36-cover/lib/python3.6/site-packages/pvlib/modelchain.py:1505: in prepare_inputs\n[tox pytests/build]   |     self._verify_df(weather, required=['ghi', 'dni', 'dhi'])\n[tox pytests/build]   | .tox/py36-cover/lib/python3.6/site-packages/pvlib/modelchain.py:1396: in _verify_df\n[tox pytests/build]   |     _verify(data)\n[tox pytests/build]   | .tox/py36-cover/lib/python3.6/site-packages/pvlib/modelchain.py:1392: in _verify\n[tox pytests/build]   |     \"Incomplete input data. Data needs to contain \"\n[tox pytests/build]   | E   ValueError: Incomplete input data. Data needs to contain ['ghi', 'dni', 'dhi']. Detected data contains: ['wind_speed', 'temp_air', 'dhi', 'ghi']\n[tox pytests/build]   | ________________ TestPvlib.test_pvlib_feedin_with_surface_type _________________\n[tox pytests/build]   | tests/test_models.py:385: in test_pvlib_feedin_with_surface_type\n[tox pytests/build]   |     feedin = test_module.feedin(weather=pvlib_weather, location=(52, 13))\n[tox pytests/build]   | src/feedinlib/powerplants.py:265: in feedin\n[tox pytests/build]   |     feedin = super().feedin(weather=weather, **kwargs)\n[tox pytests/build]   | src/feedinlib/powerplants.py:143: in feedin\n[tox pytests/build]   |     weather=weather, power_plant_parameters=self.parameters, **kwargs\n[tox pytests/build]   | src/feedinlib/models/pvlib.py:315: in feedin\n[tox pytests/build]   |     mc.run_model(weather=weather)\n[tox pytests/build]   | .tox/py36-cover/lib/python3.6/site-packages/pvlib/modelchain.py:1765: in run_model\n[tox pytests/build]   |     self.prepare_inputs(weather)\n[tox pytests/build]   | .tox/py36-cover/lib/python3.6/site-packages/pvlib/modelchain.py:1505: in prepare_inputs\n[tox pytests/build]   |     self._verify_df(weather, required=['ghi', 'dni', 'dhi'])\n[tox pytests/build]   | .tox/py36-cover/lib/python3.6/site-packages/pvlib/modelchain.py:1396: in _verify_df\n[tox pytests/build]   |     _verify(data)\n[tox pytests/build]   | .tox/py36-cover/lib/python3.6/site-packages/pvlib/modelchain.py:1392: in _verify\n[tox pytests/build]   |     \"Incomplete input data. Data needs to contain \"\n[tox pytests/build]   | E   ValueError: Incomplete input data. Data needs to contain ['ghi', 'dni', 'dhi']. Detected data contains: ['wind_speed', 'temp_air', 'dhi', 'ghi']\n[tox pytests/build]   | ____________ TestPvlib.test_pvlib_feedin_with_optional_pp_parameter ____________\n[tox pytests/build]   | tests/test_models.py:397: in test_pvlib_feedin_with_optional_pp_parameter\n[tox pytests/build]   |     feedin = test_module.feedin(weather=pvlib_weather, location=(52, 13))\n[tox pytests/build]   | src/feedinlib/powerplants.py:265: in feedin\n[tox pytests/build]   |     feedin = super().feedin(weather=weather, **kwargs)\n[tox pytests/build]   | src/feedinlib/powerplants.py:143: in feedin\n[tox pytests/build]   |     weather=weather, power_plant_parameters=self.parameters, **kwargs\n[tox pytests/build]   | src/feedinlib/models/pvlib.py:315: in feedin\n[tox pytests/build]   |     mc.run_model(weather=weather)\n[tox pytests/build]   | .tox/py36-cover/lib/python3.6/site-packages/pvlib/modelchain.py:1765: in run_model\n[tox pytests/build]   |     self.prepare_inputs(weather)\n[tox pytests/build]   | .tox/py36-cover/lib/python3.6/site-packages/pvlib/modelchain.py:1505: in prepare_inputs\n[tox pytests/build]   |     self._verify_df(weather, required=['ghi', 'dni', 'dhi'])\n[tox pytests/build]   | .tox/py36-cover/lib/python3.6/site-packages/pvlib/modelchain.py:1396: in _verify_df\n[tox pytests/build]   |     _verify(data)\n[tox pytests/build]   | .tox/py36-cover/lib/python3.6/site-packages/pvlib/modelchain.py:1392: in _verify\n[tox pytests/build]   |     \"Incomplete input data. Data needs to contain \"\n[tox pytests/build]   | E   ValueError: Incomplete input data. Data needs to contain ['ghi', 'dni', 'dhi']. Detected data contains: ['wind_speed', 'temp_air', 'dhi', 'ghi']\n[tox pytests/build]   | __________ TestPvlib.test_pvlib_feedin_with_optional_model_parameters __________\n[tox pytests/build]   | tests/test_models.py:413: in test_pvlib_feedin_with_optional_model_parameters\n[tox pytests/build]   |     weather=pvlib_weather, location=(52, 13), mode=\"dc\"\n[tox pytests/build]   | src/feedinlib/powerplants.py:265: in feedin\n[tox pytests/build]   |     feedin = super().feedin(weather=weather, **kwargs)\n[tox pytests/build]   | src/feedinlib/powerplants.py:143: in feedin\n[tox pytests/build]   |     weather=weather, power_plant_parameters=self.parameters, **kwargs\n[tox pytests/build]   | src/feedinlib/models/pvlib.py:315: in feedin\n[tox pytests/build]   |     mc.run_model(weather=weather)\n[tox pytests/build]   | .tox/py36-cover/lib/python3.6/site-packages/pvlib/modelchain.py:1765: in run_model\n[tox pytests/build]   |     self.prepare_inputs(weather)\n[tox pytests/build]   | .tox/py36-cover/lib/python3.6/site-packages/pvlib/modelchain.py:1505: in prepare_inputs\n[tox pytests/build]   |     self._verify_df(weather, required=['ghi', 'dni', 'dhi'])\n[tox pytests/build]   | .tox/py36-cover/lib/python3.6/site-packages/pvlib/modelchain.py:1396: in _verify_df\n[tox pytests/build]   |     _verify(data)\n[tox pytests/build]   | .tox/py36-cover/lib/python3.6/site-packages/pvlib/modelchain.py:1392: in _verify\n[tox pytests/build]   |     \"Incomplete input data. Data needs to contain \"\n[tox pytests/build]   | E   ValueError: Incomplete input data. Data needs to contain ['ghi', 'dni', 'dhi']. Detected data contains: ['wind_speed', 'temp_air', 'dhi', 'ghi']\n[tox pytests/build]   | =============================== warnings summary ===============================\n[tox pytests/build]   | tests/test_models.py:5\n[tox pytests/build]   |   /tmp/de65f406-fe28-11ed-a890-af2cc187fc11/oemof-feedinlib/tests/test_models.py:5: FutureWarning: pandas.util.testing is deprecated. Use the functions in the public API at pandas.testing instead.\n[tox pytests/build]   |     from pandas.util.testing import assert_frame_equal\n[tox pytests/build]   | \n[tox pytests/build]   | tests/test_models.py::TestPowerplants::test_powerplant_requirements\n[tox pytests/build]   | tests/test_models.py::TestPowerplants::test_pv_feedin_scaling\n[tox pytests/build]   | tests/test_models.py::TestPvlib::test_pvlib_feedin\n[tox pytests/build]   | tests/test_models.py::TestPvlib::test_pvlib_feedin_with_surface_type\n[tox pytests/build]   | tests/test_models.py::TestPvlib::test_pvlib_feedin_with_optional_pp_parameter\n[tox pytests/build]   | tests/test_models.py::TestPvlib::test_pvlib_feedin_with_optional_model_parameters\n[tox pytests/build]   |   /tmp/de65f406-fe28-11ed-a890-af2cc187fc11/oemof-feedinlib/.tox/py36-cover/lib/python3.6/site-packages/pvlib/pvsystem.py:96: pvlibDeprecationWarning: The PVSystem.racking_model function was deprecated in pvlib 0.9 and will be removed in 0.10. Use PVSystem.arrays[i].racking_model instead.\n[tox pytests/build]   |     return wrapped(self, *args, **kwargs)\n[tox pytests/build]   | \n[tox pytests/build]   | tests/test_models.py::TestPowerplants::test_powerplant_requirements\n[tox pytests/build]   | tests/test_models.py::TestPowerplants::test_pv_feedin_scaling\n[tox pytests/build]   | tests/test_models.py::TestPvlib::test_pvlib_feedin\n[tox pytests/build]   | tests/test_models.py::TestPvlib::test_pvlib_feedin_with_surface_type\n[tox pytests/build]   | tests/test_models.py::TestPvlib::test_pvlib_feedin_with_optional_pp_parameter\n[tox pytests/build]   | tests/test_models.py::TestPvlib::test_pvlib_feedin_with_optional_model_parameters\n[tox pytests/build]   |   /tmp/de65f406-fe28-11ed-a890-af2cc187fc11/oemof-feedinlib/.tox/py36-cover/lib/python3.6/site-packages/pvlib/pvsystem.py:96: pvlibDeprecationWarning: The PVSystem.module_type function was deprecated in pvlib 0.9 and will be removed in 0.10. Use PVSystem.arrays[i].module_type instead.\n[tox pytests/build]   |     return wrapped(self, *args, **kwargs)\n[tox pytests/build]   | \n[tox pytests/build]   | -- Docs: https://docs.pytest.org/en/stable/how-to/capture-warnings.html\n[tox pytests/build]   | \n[tox pytests/build]   | ---------- coverage: platform linux, python 3.6.14-final-0 -----------\n[tox pytests/build]   | Name                                      Stmts   Miss Branch BrPart     Cover   Missing\n[tox pytests/build]   | ----------------------------------------------------------------------------------------\n[tox pytests/build]   | src/feedinlib/__init__.py                    11      0      0      0   100.00%\n[tox pytests/build]   | src/feedinlib/cds_request_tools.py           70     30     38      6    48.15%   39->43, 86, 117-122, 140, 178-206, 240-254, 321-322, 327-333\n[tox pytests/build]   | src/feedinlib/dedup.py                       44     27     19      0    26.98%   25-31, 64-84, 138-159\n[tox pytests/build]   | src/feedinlib/era5.py                       112     96     44      3    12.18%   57, 59, 61, 105-155, 183-223, 255-280, 300-341, 380-410\n[tox pytests/build]   | src/feedinlib/models/__init__.py              6      0      0      0   100.00%\n[tox pytests/build]   | src/feedinlib/models/base.py                 40      8     10      1    78.00%   69, 81, 109, 146, 249-257\n[tox pytests/build]   | src/feedinlib/models/geometric_solar.py      72      0     10      0   100.00%\n[tox pytests/build]   | src/feedinlib/models/pvlib.py                58     18     27      3    61.18%   118, 138, 147-154, 170-192, 210, 317-322\n[tox pytests/build]   | src/feedinlib/models/windpowerlib.py         99     15     44     10    81.12%   115, 128, 144, 270, 334, 347, 363-366, 382, 413-414, 451->449, 459, 481, 515\n[tox pytests/build]   | src/feedinlib/open_FRED.py                  103     61     72      2    26.29%   144, 165-268, 272-299, 305, 314-315, 322-332, 336-377, 380-484\n[tox pytests/build]   | src/feedinlib/powerplants.py                 57     11     26      2    74.70%   83->85, 136, 169-171, 186, 267-273, 284, 296\n[tox pytests/build]   | tests/test_examples.py                       28     18      4      0    37.50%   16-31, 36-40, 45-49, 54-58\n[tox pytests/build]   | tests/test_models.py                        161     15     12      0    91.33%   121, 158, 183-187, 372-373, 386, 401, 418, 521-529\n[tox pytests/build]   | tests/test_weather_download.py                8      0      0      0   100.00%\n[tox pytests/build]   | ----------------------------------------------------------------------------------------\n[tox pytests/build]   | TOTAL                                       869    299    306     27    57.87%\n[tox pytests/build]   | \n[tox pytests/build]   | =========================== short test summary info ============================\n[tox pytests/build]   | SKIPPED [1] tests/test_examples.py:33: Should examples be part of the packagein the first place?.\n[tox pytests/build]   | SKIPPED [1] tests/test_examples.py:42: Requires open_FRED,which depends on oemof <0.4.\n[tox pytests/build]   | SKIPPED [1] tests/test_examples.py:51: Requires open_FRED,which depends on oemof <0.4.\n[tox pytests/build]   | SKIPPED [1] tests/test_models.py:508: We have to fix the circular import to use afeedinlib WindPowerPlant object in clusters.\n[tox pytests/build]   | FAILED src/feedinlib/open_FRED.py::feedinlib.open_FRED.Weather\n[tox pytests/build]   | FAILED tests/test_models.py::TestPowerplants::test_powerplant_requirements - ...\n[tox pytests/build]   | FAILED tests/test_models.py::TestPowerplants::test_pv_feedin_scaling - ValueE...\n[tox pytests/build]   | FAILED tests/test_models.py::TestPvlib::test_pvlib_feedin - ValueError: Incom...\n[tox pytests/build]   | FAILED tests/test_models.py::TestPvlib::test_pvlib_feedin_with_surface_type\n[tox pytests/build]   | FAILED tests/test_models.py::TestPvlib::test_pvlib_feedin_with_optional_pp_parameter\n[tox pytests/build]   | FAILED tests/test_models.py::TestPvlib::test_pvlib_feedin_with_optional_model_parameters\n[tox pytests/build]   | ============ 7 failed, 17 passed, 4 skipped, 13 warnings in 11.20s =============\n[tox pytests/build]   | ERROR: InvocationError for command /tmp/de65f406-fe28-11ed-a890-af2cc187fc11/oemof-feedinlib/.tox/py36-cover/bin/pytest --cov --cov-report=term-missing -vv (exited with code 1)\n[tox pytests/build]   \u2753  ::endgroup::\n[tox pytests/build]   | ___________________________________ summary ____________________________________\n[tox pytests/build]   | ERROR:   py36-cover: commands failed\n[tox pytests/build]   \u2753  ::remove-matcher owner=tox-gh-actions-warning-error::\n[tox pytests/build]   \u2753  ::remove-matcher owner=tox-gh-actions-deprecation-warning::\n[tox pytests/build]   \u274c  Failure - Main Test with tox\n[tox pytests/build] exitcode '1': failure\n[tox pytests/build] \ud83c\udfc1  Job failed\n",
    "actions_stderr": "Error: Job 'build' failed\n"
}