{
    "repository": "PyCQA/modernize",
    "clone_url": "https://github.com/PyCQA/modernize.git",
    "timestamp": "2023-05-29T14:57:58.327447Z",
    "clone_success": true,
    "number of actions": 1,
    "number_of_test_actions": 1,
    "actions_successful": false,
    "actions_stdout": "[CI/tox] \ud83d\ude80  Start image=crawlergpt:latest\n[CI/tox]   \ud83d\udc33  docker pull image=crawlergpt:latest platform= username= forcePull=false\n[CI/tox]   \ud83d\udc33  docker create image=crawlergpt:latest platform= entrypoint=[\"tail\" \"-f\" \"/dev/null\"] cmd=[]\n[CI/tox]   \ud83d\udc33  docker run image=crawlergpt:latest platform= entrypoint=[\"tail\" \"-f\" \"/dev/null\"] cmd=[]\n[CI/tox]   \ud83d\udc33  docker exec cmd=[chown -R 1012:1000 /tmp/de65f406-fe28-11ed-a890-af2cc187fc11/PyCQA-modernize] user=0 workdir=\n[CI/tox]   \u2601  git clone 'https://github.com/actions/setup-python' # ref=v2\n[CI/tox]   \u2601  git clone 'https://github.com/actions/cache' # ref=v2\n[CI/tox]   \u2601  git clone 'https://github.com/actions/upload-artifact' # ref=v2\n[CI/tox] \ud83e\uddea  Matrix: map[os:ubuntu-latest python-version:3.6]\n[CI/tox] \u2b50 Run Main Checkout\n[CI/tox]   \u2705  Success - Main Checkout\n[CI/tox] \u2b50 Run Main Set Up Python 3.6\n[CI/tox]   \ud83d\udc33  docker cp src=/home/andre-silva/.cache/act/actions-setup-python@v2/ dst=/var/run/act/actions/actions-setup-python@v2/\n[CI/tox]   \ud83d\udc33  docker exec cmd=[chown -R 1012:1000 /var/run/act/actions/actions-setup-python@v2/] user=0 workdir=\n[CI/tox]   \ud83d\udc33  docker exec cmd=[node /var/run/act/actions/actions-setup-python@v2/dist/setup/index.js] user= workdir=\n[CI/tox]   \ud83d\udcac  ::debug::Semantic version spec of 3.6 is 3.6\n[CI/tox]   \ud83d\udcac  ::debug::isExplicit: \n[CI/tox]   \ud83d\udcac  ::debug::explicit? false\n[CI/tox]   \ud83d\udcac  ::debug::isExplicit: 2.7.18\n[CI/tox]   \ud83d\udcac  ::debug::explicit? true\n[CI/tox]   \ud83d\udcac  ::debug::isExplicit: 3.5.10\n[CI/tox]   \ud83d\udcac  ::debug::explicit? true\n[CI/tox]   \ud83d\udcac  ::debug::isExplicit: 3.6.14\n[CI/tox]   \ud83d\udcac  ::debug::explicit? true\n[CI/tox]   \ud83d\udcac  ::debug::isExplicit: 3.7.11\n[CI/tox]   \ud83d\udcac  ::debug::explicit? true\n[CI/tox]   \ud83d\udcac  ::debug::isExplicit: 3.8.11\n[CI/tox]   \ud83d\udcac  ::debug::explicit? true\n[CI/tox]   \ud83d\udcac  ::debug::isExplicit: 3.9.6\n[CI/tox]   \ud83d\udcac  ::debug::explicit? true\n[CI/tox]   \ud83d\udcac  ::debug::evaluating 6 versions\n[CI/tox]   \ud83d\udcac  ::debug::matched: 3.6.14\n[CI/tox]   \ud83d\udcac  ::debug::checking cache: /opt/hostedtoolcache/Python/3.6.14/x64\n[CI/tox]   \ud83d\udcac  ::debug::Found tool in cache Python 3.6.14 x64\n[CI/tox]   | Successfully setup CPython (3.6.14)\n[CI/tox]   \u2753 add-matcher /run/act/actions/actions-setup-python@v2/.github/python.json\n[CI/tox]   \u2705  Success - Main Set Up Python 3.6\n[CI/tox]   \u2699  ::set-env:: pythonLocation=/opt/hostedtoolcache/Python/3.6.14/x64\n[CI/tox]   \u2699  ::set-env:: LD_LIBRARY_PATH=/opt/hostedtoolcache/Python/3.6.14/x64/lib\n[CI/tox]   \u2699  ::set-output:: python-version=3.6.14\n[CI/tox]   \u2699  ::add-path:: /opt/hostedtoolcache/Python/3.6.14/x64\n[CI/tox]   \u2699  ::add-path:: /opt/hostedtoolcache/Python/3.6.14/x64/bin\n[CI/tox] \u2b50 Run Main Get pip cache dir\n[CI/tox]   \ud83d\udc33  docker exec cmd=[bash --noprofile --norc -e -o pipefail /var/run/act/workflow/pip-cache] user= workdir=\n[CI/tox]   \u2699  ::set-output:: dir=/home/runneradmin/.cache/pip\n[CI/tox]   \u2705  Success - Main Get pip cache dir\n[CI/tox] \u2b50 Run Main pip cache\n[CI/tox]   \ud83d\udc33  docker cp src=/home/andre-silva/.cache/act/actions-cache@v2/ dst=/var/run/act/actions/actions-cache@v2/\n[CI/tox]   \ud83d\udc33  docker exec cmd=[chown -R 1012:1000 /var/run/act/actions/actions-cache@v2/] user=0 workdir=\n[CI/tox]   \ud83d\udc33  docker exec cmd=[node /var/run/act/actions/actions-cache@v2/dist/restore/index.js] user= workdir=\n[CI/tox]   \ud83d\udcac  ::debug::Resolved Keys:\n[CI/tox]   \ud83d\udcac  ::debug::[\"Linux-pip-88bad1b80a4bec85e2f6466fc4771d8f1d32d6bc375fc5e9114df9c9416b19d9\",\"Linux-pip-\"]\n[CI/tox]   \ud83d\udcac  ::debug::Checking zstd --version\n[CI/tox]   \ud83d\udcac  ::debug::*** zstd command line interface 64-bits v1.5.0, by Yann Collet ***\n[CI/tox]   \ud83d\udcac  ::debug::getCacheEntry - Attempt 1 of 2 failed with error: Cache Service Url not found, unable to restore cache.\n[CI/tox]   \ud83d\udcac  ::debug::getCacheEntry - Attempt 2 of 2 failed with error: Cache Service Url not found, unable to restore cache.\n[CI/tox]   | [warning]getCacheEntry failed: Cache Service Url not found, unable to restore cache.\n[CI/tox]   \u2705  Success - Main pip cache\n[CI/tox]   \u2699  ::set-output:: cache-hit=false\n[CI/tox] \u2b50 Run Main Install\n[CI/tox]   \ud83d\udc33  docker exec cmd=[bash --noprofile --norc -e -o pipefail /var/run/act/workflow/4] user= workdir=\n[CI/tox]   | Collecting tox\n[CI/tox]   |   Downloading tox-3.28.0-py2.py3-none-any.whl (86 kB)\n[CI/tox]   | Collecting packaging>=14\n[CI/tox]   |   Downloading packaging-21.3-py3-none-any.whl (40 kB)\n[CI/tox]   | Collecting py>=1.4.17\n[CI/tox]   |   Downloading py-1.11.0-py2.py3-none-any.whl (98 kB)\n[CI/tox]   | Collecting pluggy>=0.12.0\n[CI/tox]   |   Downloading pluggy-1.0.0-py2.py3-none-any.whl (13 kB)\n[CI/tox]   | Collecting filelock>=3.0.0\n[CI/tox]   |   Downloading filelock-3.4.1-py3-none-any.whl (9.9 kB)\n[CI/tox]   | Collecting importlib-metadata>=0.12\n[CI/tox]   |   Downloading importlib_metadata-4.8.3-py3-none-any.whl (17 kB)\n[CI/tox]   | Collecting six>=1.14.0\n[CI/tox]   |   Downloading six-1.16.0-py2.py3-none-any.whl (11 kB)\n[CI/tox]   | Collecting virtualenv!=20.0.0,!=20.0.1,!=20.0.2,!=20.0.3,!=20.0.4,!=20.0.5,!=20.0.6,!=20.0.7,>=16.0.0\n[CI/tox]   |   Downloading virtualenv-20.17.1-py3-none-any.whl (8.8 MB)\n[CI/tox]   | Collecting toml>=0.10.2\n[CI/tox]   |   Downloading toml-0.10.2-py2.py3-none-any.whl (16 kB)\n[CI/tox]   | Collecting zipp>=0.5\n[CI/tox]   |   Downloading zipp-3.6.0-py3-none-any.whl (5.3 kB)\n[CI/tox]   | Collecting typing-extensions>=3.6.4\n[CI/tox]   |   Downloading typing_extensions-4.1.1-py3-none-any.whl (26 kB)\n[CI/tox]   | Collecting pyparsing!=3.0.5,>=2.0.2\n[CI/tox]   |   Downloading pyparsing-3.0.9-py3-none-any.whl (98 kB)\n[CI/tox]   | Collecting importlib-resources>=5.4\n[CI/tox]   |   Downloading importlib_resources-5.4.0-py3-none-any.whl (28 kB)\n[CI/tox]   | Collecting platformdirs<3,>=2.4\n[CI/tox]   |   Downloading platformdirs-2.4.0-py3-none-any.whl (14 kB)\n[CI/tox]   | Collecting distlib<1,>=0.3.6\n[CI/tox]   |   Downloading distlib-0.3.6-py2.py3-none-any.whl (468 kB)\n[CI/tox]   | Installing collected packages: zipp, typing-extensions, pyparsing, platformdirs, importlib-resources, importlib-metadata, filelock, distlib, virtualenv, toml, six, py, pluggy, packaging, tox\n[CI/tox]   | Successfully installed distlib-0.3.6 filelock-3.4.1 importlib-metadata-4.8.3 importlib-resources-5.4.0 packaging-21.3 platformdirs-2.4.0 pluggy-1.0.0 py-1.11.0 pyparsing-3.0.9 six-1.16.0 toml-0.10.2 tox-3.28.0 typing-extensions-4.1.1 virtualenv-20.17.1 zipp-3.6.0\n[CI/tox]   | WARNING: You are using pip version 21.2.4; however, version 21.3.1 is available.\n[CI/tox]   | You should consider upgrading via the '/opt/hostedtoolcache/Python/3.6.14/x64/bin/python -m pip install --upgrade pip' command.\n[CI/tox]   \u2705  Success - Main Install\n[CI/tox] \u2b50 Run Main tox\n[CI/tox]   \ud83d\udc33  docker exec cmd=[bash --noprofile --norc -e -o pipefail /var/run/act/workflow/5] user= workdir=\n[CI/tox]   | .tox create: /tmp/de65f406-fe28-11ed-a890-af2cc187fc11/PyCQA-modernize/.tox/.tox\n[CI/tox]   | .tox installdeps: virtualenv >= 20.1.0, tox-wheel >= 0.6.0, tox-gh-actions >= 2.1.0, tox >= 3.20.1\n[CI/tox]   | build create: /tmp/de65f406-fe28-11ed-a890-af2cc187fc11/PyCQA-modernize/.tox/build\n[CI/tox]   \u2753  ::group::tox: build\n[CI/tox]   | build wheel-make: cleaning up build directory ...\n[CI/tox]   | build wheel-make: commands[0] | pip wheel /tmp/de65f406-fe28-11ed-a890-af2cc187fc11/PyCQA-modernize --no-deps --use-pep517 --wheel-dir /tmp/de65f406-fe28-11ed-a890-af2cc187fc11/PyCQA-modernize/.tox/dist\n[CI/tox]   | Processing /tmp/de65f406-fe28-11ed-a890-af2cc187fc11/PyCQA-modernize\n[CI/tox]   |   Installing build dependencies: started\n[CI/tox]   |   Installing build dependencies: finished with status 'done'\n[CI/tox]   |   Getting requirements to build wheel: started\n[CI/tox]   |   Getting requirements to build wheel: finished with status 'done'\n[CI/tox]   |   Preparing metadata (pyproject.toml): started\n[CI/tox]   |   Preparing metadata (pyproject.toml): finished with status 'done'\n[CI/tox]   | Building wheels for collected packages: modernize\n[CI/tox]   |   Building wheel for modernize (pyproject.toml): started\n[CI/tox]   |   Building wheel for modernize (pyproject.toml): finished with status 'done'\n[CI/tox]   |   Created wheel for modernize: filename=modernize-0.9rc1.dev0-py3-none-any.whl size=27372 sha256=3bf8c3f2397efa3e216a960b648fe762600670b244497610e9a4eb21a14c0564\n[CI/tox]   |   Stored in directory: /home/runneradmin/.cache/pip/wheels/43/d7/69/69bb04cd5d6defe6308c2c2b4e5ab54ceb5981607a176cd015\n[CI/tox]   | Successfully built modernize\n[CI/tox]   | py create: /tmp/de65f406-fe28-11ed-a890-af2cc187fc11/PyCQA-modernize/.tox/py\n[CI/tox]   \u2753  ::group::tox: py\n[CI/tox]   | py inst: /tmp/de65f406-fe28-11ed-a890-af2cc187fc11/PyCQA-modernize/.tox/.tmp/package/1/modernize-0.9rc1.dev0-py3-none-any.whl\n[CI/tox]   | py installed: appdirs==1.4.4,attrs==22.2.0,coverage==6.2,fissix==21.11.13,importlib-metadata==4.8.3,iniconfig==1.1.1,modernize @ file:///tmp/de65f406-fe28-11ed-a890-af2cc187fc11/PyCQA-modernize/.tox/.tmp/package/1/modernize-0.9rc1.dev0-py3-none-any.whl,packaging==21.3,pluggy==1.0.0,py==1.11.0,pyparsing==3.0.9,pytest==7.0.1,pytest-cov==4.0.0,tomli==1.2.3,typing_extensions==4.1.1,zipp==3.6.0\n[CI/tox]   | py run-test-pre: PYTHONHASHSEED='4171200692'\n[CI/tox]   | py run-test: commands[0] | pytest\n[CI/tox]   | ============================= test session starts ==============================\n[CI/tox]   | platform linux -- Python 3.6.14, pytest-7.0.1, pluggy-1.0.0\n[CI/tox]   | cachedir: .tox/py/.pytest_cache\n[CI/tox]   | rootdir: /tmp/de65f406-fe28-11ed-a890-af2cc187fc11/PyCQA-modernize, configfile: pyproject.toml\n[CI/tox]   | plugins: cov-4.0.0\n[CI/tox]   | collected 108 items\n[CI/tox]   | \n[CI/tox]   | tests/test_fix_basestring.py .                                           [  0%]\n[CI/tox]   | tests/test_fix_classic_division.py ...                                   [  3%]\n[CI/tox]   | tests/test_fix_dict_six.py .......                                       [ 10%]\n[CI/tox]   | tests/test_fix_file.py ....                                              [ 13%]\n[CI/tox]   | tests/test_fix_filter.py ...                                             [ 16%]\n[CI/tox]   | tests/test_fix_import.py .........                                       [ 25%]\n[CI/tox]   | tests/test_fix_imports_six.py ..s                                        [ 27%]\n[CI/tox]   | tests/test_fix_input_six.py .....                                        [ 32%]\n[CI/tox]   | tests/test_fix_int_long_tuple.py ..                                      [ 34%]\n[CI/tox]   | tests/test_fix_itertools_imports_six.py ...                              [ 37%]\n[CI/tox]   | tests/test_fix_map.py .......                                            [ 43%]\n[CI/tox]   | tests/test_fix_metaclass.py ......                                       [ 49%]\n[CI/tox]   | tests/test_fix_next.py ..                                                [ 50%]\n[CI/tox]   | tests/test_fix_open.py ...                                               [ 53%]\n[CI/tox]   | tests/test_fix_print.py .......                                          [ 60%]\n[CI/tox]   | tests/test_fix_raise.py ......                                           [ 65%]\n[CI/tox]   | tests/test_fix_unichr_type.py ...                                        [ 68%]\n[CI/tox]   | tests/test_fix_unicode.py ...                                            [ 71%]\n[CI/tox]   | tests/test_fix_unicode_type.py ..                                        [ 73%]\n[CI/tox]   | tests/test_fix_urllib_six.py .....                                       [ 77%]\n[CI/tox]   | tests/test_fix_xrange_six.py ...                                         [ 80%]\n[CI/tox]   | tests/test_fix_zip.py .....                                              [ 85%]\n[CI/tox]   | tests/test_fixes.py ...                                                  [ 87%]\n[CI/tox]   | tests/test_future_behaviour.py ........                                  [ 95%]\n[CI/tox]   | tests/test_main.py ....                                                  [ 99%]\n[CI/tox]   | tests/test_raise_six.py .                                                [100%]\n[CI/tox]   | \n[CI/tox]   | ---------- coverage: platform linux, python 3.6.14-final-0 -----------\n[CI/tox]   | Name                                           Stmts   Miss Branch BrPart  Cover   Missing\n[CI/tox]   | ------------------------------------------------------------------------------------------\n[CI/tox]   | modernize/__main__.py                              5      1      2      1    71%   8\n[CI/tox]   | modernize/fixes/fix_itertools_imports_six.py      36      5     20      2    84%   36-41, 64\n[CI/tox]   | modernize/fixes/fix_metaclass.py                 119      1     62      2    98%   120->117, 146\n[CI/tox]   | modernize/fixes/fix_unichr.py                     12      1      6      1    89%   15\n[CI/tox]   | modernize/fixes/fix_urllib_six.py                105      2     60      9    93%   166->168, 169->173, 170->169, 176, 219->221, 237->239, 239->243, 246, 258->exit\n[CI/tox]   | modernize/main.py                                126     19     60     13    82%   34, 137, 139, 148->150, 151-153, 155-158, 160, 162, 177-179, 206, 216, 233, 253->268, 255\n[CI/tox]   | modernize/utils.py                                51      9     24      5    79%   14, 26, 38-41, 44-46, 57->73\n[CI/tox]   | tests/test_fix_imports_six.py                     28     12     10      0    42%   50-64\n[CI/tox]   | tests/test_fixes.py                               26      6      6      1    78%   16-17, 20-21, 37-38\n[CI/tox]   | tests/test_future_behaviour.py                    61      2     16      2    95%   57, 103\n[CI/tox]   | tests/utils.py                                    31      3     16      4    85%   34, 44, 52->51, 56\n[CI/tox]   | ------------------------------------------------------------------------------------------\n[CI/tox]   | TOTAL                                           1199     61    360     40    92%\n[CI/tox]   | \n[CI/tox]   | 46 files skipped due to complete coverage.\n[CI/tox]   | \n[CI/tox]   | Required test coverage of 92.11% reached. Total coverage: 92.50%\n[CI/tox]   | \n[CI/tox]   | ================== 107 passed, 1 skipped in 100.15s (0:01:40) ==================\n[CI/tox]   \u2753  ::endgroup::\n[CI/tox]   | lint create: /tmp/de65f406-fe28-11ed-a890-af2cc187fc11/PyCQA-modernize/.tox/lint\n[CI/tox]   \u2753  ::group::tox: lint\n[CI/tox]   | lint installdeps: pre-commit\n[CI/tox]   | lint installed: cfgv==3.3.1,distlib==0.3.6,filelock==3.4.1,identify==2.4.4,importlib-metadata==4.8.3,importlib-resources==5.2.3,nodeenv==1.6.0,platformdirs==2.4.0,pre-commit==2.17.0,PyYAML==6.0,toml==0.10.2,typing_extensions==4.1.1,virtualenv==20.16.2,zipp==3.6.0\n[CI/tox]   | lint run-test-pre: PYTHONHASHSEED='4171200692'\n[CI/tox]   | lint run-test: commands[0] | pre-commit run --all-files --show-diff-on-failure\n[CI/tox]   | [INFO] Initializing environment for https://github.com/asottile/pyupgrade.\n[CI/tox]   | [INFO] Initializing environment for https://github.com/psf/black.\n[CI/tox]   | [INFO] Initializing environment for https://gitlab.com/pycqa/flake8.\n[CI/tox]   | An unexpected error has occurred: CalledProcessError: command: ('/usr/bin/git', 'fetch', 'origin', '--tags')\n[CI/tox]   | return code: 128\n[CI/tox]   | expected return code: 0\n[CI/tox]   | stdout: (none)\n[CI/tox]   | stderr:\n[CI/tox]   |     fatal: could not read Username for 'https://gitlab.com': No such device or address\n[CI/tox]   |     \n[CI/tox]   | Check the log at /home/runneradmin/.cache/pre-commit/pre-commit.log\n[CI/tox]   | ERROR: InvocationError for command /tmp/de65f406-fe28-11ed-a890-af2cc187fc11/PyCQA-modernize/.tox/lint/bin/pre-commit run --all-files --show-diff-on-failure (exited with code 3)\n[CI/tox]   \u2753  ::endgroup::\n[CI/tox]   | coveralls create: /tmp/de65f406-fe28-11ed-a890-af2cc187fc11/PyCQA-modernize/.tox/coveralls\n[CI/tox]   \u2753  ::group::tox: coveralls\n[CI/tox]   | coveralls installdeps: coveralls, coverage>=5.3\n[CI/tox]   | coveralls inst: /tmp/de65f406-fe28-11ed-a890-af2cc187fc11/PyCQA-modernize/.tox/.tmp/package/1/modernize-0.9rc1.dev0-py3-none-any.whl\n[CI/tox]   | coveralls installed: appdirs==1.4.4,attrs==22.2.0,certifi==2023.5.7,charset-normalizer==2.0.12,coverage==6.2,coveralls==3.3.1,docopt==0.6.2,fissix==21.11.13,idna==3.4,importlib-metadata==4.8.3,iniconfig==1.1.1,modernize @ file:///tmp/de65f406-fe28-11ed-a890-af2cc187fc11/PyCQA-modernize/.tox/.tmp/package/1/modernize-0.9rc1.dev0-py3-none-any.whl,packaging==21.3,pluggy==1.0.0,py==1.11.0,pyparsing==3.0.9,pytest==7.0.1,pytest-cov==4.0.0,requests==2.27.1,tomli==1.2.3,typing_extensions==4.1.1,urllib3==1.26.16,zipp==3.6.0\n[CI/tox]   | coveralls run-test-pre: PYTHONHASHSEED='4171200692'\n[CI/tox]   | coveralls run-test: commands[0] | coveralls\n[CI/tox]   | Running on Github Actions but GITHUB_TOKEN is not set. Add \"env: GITHUB_TOKEN: ${{ secrets.GITHUB_TOKEN }}\" to your step config.\n[CI/tox]   | Traceback (most recent call last):\n[CI/tox]   |   File \"/tmp/de65f406-fe28-11ed-a890-af2cc187fc11/PyCQA-modernize/.tox/coveralls/lib/python3.6/site-packages/coveralls/cli.py\", line 68, in main\n[CI/tox]   |     src_dir=options.get('--srcdir') or '')\n[CI/tox]   |   File \"/tmp/de65f406-fe28-11ed-a890-af2cc187fc11/PyCQA-modernize/.tox/coveralls/lib/python3.6/site-packages/coveralls/api.py\", line 49, in __init__\n[CI/tox]   |     self.ensure_token()\n[CI/tox]   |   File \"/tmp/de65f406-fe28-11ed-a890-af2cc187fc11/PyCQA-modernize/.tox/coveralls/lib/python3.6/site-packages/coveralls/api.py\", line 57, in ensure_token\n[CI/tox]   |     'Running on Github Actions but GITHUB_TOKEN is not set. '\n[CI/tox]   | coveralls.exception.CoverallsException: Running on Github Actions but GITHUB_TOKEN is not set. Add \"env: GITHUB_TOKEN: ${{ secrets.GITHUB_TOKEN }}\" to your step config.\n[CI/tox]   | ERROR: InvocationError for command /tmp/de65f406-fe28-11ed-a890-af2cc187fc11/PyCQA-modernize/.tox/coveralls/bin/coveralls (exited with code 1)\n[CI/tox]   \u2753  ::endgroup::\n[CI/tox]   | release create: /tmp/de65f406-fe28-11ed-a890-af2cc187fc11/PyCQA-modernize/.tox/release\n[CI/tox]   \u2753  ::group::tox: release\n[CI/tox]   | release installdeps: pep517\n[CI/tox]   | release inst: /tmp/de65f406-fe28-11ed-a890-af2cc187fc11/PyCQA-modernize/.tox/.tmp/package/1/modernize-0.9rc1.dev0-py3-none-any.whl\n[CI/tox]   | release installed: appdirs==1.4.4,attrs==22.2.0,coverage==6.2,fissix==21.11.13,importlib-metadata==4.8.3,iniconfig==1.1.1,modernize @ file:///tmp/de65f406-fe28-11ed-a890-af2cc187fc11/PyCQA-modernize/.tox/.tmp/package/1/modernize-0.9rc1.dev0-py3-none-any.whl,packaging==21.3,pep517==0.13.0,pluggy==1.0.0,py==1.11.0,pyparsing==3.0.9,pytest==7.0.1,pytest-cov==4.0.0,tomli==1.2.3,typing_extensions==4.1.1,zipp==3.6.0\n[CI/tox]   | release run-test-pre: PYTHONHASHSEED='4171200692'\n[CI/tox]   | release run-test: commands[0] | rm -rf /tmp/de65f406-fe28-11ed-a890-af2cc187fc11/PyCQA-modernize/dist\n[CI/tox]   | release run-test: commands[1] | cp -r /tmp/de65f406-fe28-11ed-a890-af2cc187fc11/PyCQA-modernize/.tox/dist /tmp/de65f406-fe28-11ed-a890-af2cc187fc11/PyCQA-modernize/dist\n[CI/tox]   | release run-test: commands[2] | /tmp/de65f406-fe28-11ed-a890-af2cc187fc11/PyCQA-modernize/.tox/release/bin/python -m pep517.build --source --out-dir=/tmp/de65f406-fe28-11ed-a890-af2cc187fc11/PyCQA-modernize/dist /tmp/de65f406-fe28-11ed-a890-af2cc187fc11/PyCQA-modernize\n[CI/tox]   | pep517.build is deprecated. Consider switching to https://pypi.org/project/build/\n[CI/tox]   \u2753  ::endgroup::\n[CI/tox]   | ___________________________________ summary ____________________________________\n[CI/tox]   |   py: commands succeeded\n[CI/tox]   | ERROR:   lint: commands failed\n[CI/tox]   | ERROR:   coveralls: commands failed\n[CI/tox]   |   release: commands succeeded\n[CI/tox]   \u2753  ::remove-matcher owner=tox-gh-actions-warning-error::\n[CI/tox]   \u2753  ::remove-matcher owner=tox-gh-actions-deprecation-warning::\n[CI/tox]   \u274c  Failure - Main tox\n[CI/tox] exitcode '1': failure\n[CI/tox] \ud83c\udfc1  Job failed\n",
    "actions_stderr": "Error: Job 'tox' failed\n"
}