{
    "repository": "Pylons/venusian",
    "clone_url": "https://github.com/Pylons/venusian.git",
    "timestamp": "2023-05-29T14:09:43.761985Z",
    "clone_success": true,
    "number of actions": 1,
    "number_of_test_actions": 1,
    "actions_successful": false,
    "actions_stdout": "[Build and test/Lint the package                ] \ud83d\ude80  Start image=crawlergpt:latest\n[Build and test/Python: 3.7-x64 on ubuntu-latest] \ud83d\ude80  Start image=crawlergpt:latest\n[Build and test/Validate coverage               ] \ud83d\ude80  Start image=crawlergpt:latest\n[Build and test/Build the documentation         ] \ud83d\ude80  Start image=crawlergpt:latest\n[Build and test/Lint the package                ]   \ud83d\udc33  docker pull image=crawlergpt:latest platform= username= forcePull=false\n[Build and test/Python: 3.7-x64 on ubuntu-latest]   \ud83d\udc33  docker pull image=crawlergpt:latest platform= username= forcePull=false\n[Build and test/Validate coverage               ]   \ud83d\udc33  docker pull image=crawlergpt:latest platform= username= forcePull=false\n[Build and test/Build the documentation         ]   \ud83d\udc33  docker pull image=crawlergpt:latest platform= username= forcePull=false\n[Build and test/Python: 3.7-x64 on ubuntu-latest]   \ud83d\udc33  docker create image=crawlergpt:latest platform= entrypoint=[\"tail\" \"-f\" \"/dev/null\"] cmd=[]\n[Build and test/Validate coverage               ]   \ud83d\udc33  docker create image=crawlergpt:latest platform= entrypoint=[\"tail\" \"-f\" \"/dev/null\"] cmd=[]\n[Build and test/Lint the package                ]   \ud83d\udc33  docker create image=crawlergpt:latest platform= entrypoint=[\"tail\" \"-f\" \"/dev/null\"] cmd=[]\n[Build and test/Build the documentation         ]   \ud83d\udc33  docker create image=crawlergpt:latest platform= entrypoint=[\"tail\" \"-f\" \"/dev/null\"] cmd=[]\n[Build and test/Validate coverage               ]   \ud83d\udc33  docker run image=crawlergpt:latest platform= entrypoint=[\"tail\" \"-f\" \"/dev/null\"] cmd=[]\n[Build and test/Python: 3.7-x64 on ubuntu-latest]   \ud83d\udc33  docker run image=crawlergpt:latest platform= entrypoint=[\"tail\" \"-f\" \"/dev/null\"] cmd=[]\n[Build and test/Lint the package                ]   \ud83d\udc33  docker run image=crawlergpt:latest platform= entrypoint=[\"tail\" \"-f\" \"/dev/null\"] cmd=[]\n[Build and test/Build the documentation         ]   \ud83d\udc33  docker run image=crawlergpt:latest platform= entrypoint=[\"tail\" \"-f\" \"/dev/null\"] cmd=[]\n[Build and test/Python: 3.7-x64 on ubuntu-latest]   \ud83d\udc33  docker exec cmd=[chown -R 1012:1000 /tmp/de65f406-fe28-11ed-a890-af2cc187fc11/Pylons-venusian] user=0 workdir=\n[Build and test/Validate coverage               ]   \ud83d\udc33  docker exec cmd=[chown -R 1012:1000 /tmp/de65f406-fe28-11ed-a890-af2cc187fc11/Pylons-venusian] user=0 workdir=\n[Build and test/Lint the package                ]   \ud83d\udc33  docker exec cmd=[chown -R 1012:1000 /tmp/de65f406-fe28-11ed-a890-af2cc187fc11/Pylons-venusian] user=0 workdir=\n[Build and test/Lint the package                ]   \u2601  git clone 'https://github.com/actions/setup-python' # ref=v4\n[Build and test/Python: 3.7-x64 on ubuntu-latest]   \u2601  git clone 'https://github.com/actions/setup-python' # ref=v4\n[Build and test/Validate coverage               ]   \u2601  git clone 'https://github.com/actions/setup-python' # ref=v4\n[Build and test/Lint the package                ] \u2b50 Run Main actions/checkout@v3\n[Build and test/Python: 3.7-x64 on ubuntu-latest] \ud83e\uddea  Matrix: map[architecture:x64 os:ubuntu-latest py:3.7]\n[Build and test/Lint the package                ]   \u2705  Success - Main actions/checkout@v3\n[Build and test/Python: 3.7-x64 on ubuntu-latest] \u2b50 Run Main actions/checkout@v3\n[Build and test/Python: 3.7-x64 on ubuntu-latest]   \u2705  Success - Main actions/checkout@v3\n[Build and test/Validate coverage               ] \u2b50 Run Main actions/checkout@v3\n[Build and test/Validate coverage               ]   \u2705  Success - Main actions/checkout@v3\n[Build and test/Lint the package                ] \u2b50 Run Main Setup python\n[Build and test/Python: 3.7-x64 on ubuntu-latest] \u2b50 Run Main Setup python\n[Build and test/Lint the package                ]   \ud83d\udc33  docker cp src=/home/andre-silva/.cache/act/actions-setup-python@v4/ dst=/var/run/act/actions/actions-setup-python@v4/\n[Build and test/Python: 3.7-x64 on ubuntu-latest]   \ud83d\udc33  docker cp src=/home/andre-silva/.cache/act/actions-setup-python@v4/ dst=/var/run/act/actions/actions-setup-python@v4/\n[Build and test/Validate coverage               ] \u2b50 Run Main Setup python 3.9\n[Build and test/Lint the package                ]   \ud83d\udc33  docker exec cmd=[chown -R 1012:1000 /var/run/act/actions/actions-setup-python@v4/] user=0 workdir=\n[Build and test/Validate coverage               ]   \ud83d\udc33  docker cp src=/home/andre-silva/.cache/act/actions-setup-python@v4/ dst=/var/run/act/actions/actions-setup-python@v4/\n[Build and test/Python: 3.7-x64 on ubuntu-latest]   \ud83d\udc33  docker exec cmd=[chown -R 1012:1000 /var/run/act/actions/actions-setup-python@v4/] user=0 workdir=\n[Build and test/Validate coverage               ]   \ud83d\udc33  docker exec cmd=[chown -R 1012:1000 /var/run/act/actions/actions-setup-python@v4/] user=0 workdir=\n[Build and test/Build the documentation         ]   \ud83d\udc33  docker exec cmd=[chown -R 1012:1000 /tmp/de65f406-fe28-11ed-a890-af2cc187fc11/Pylons-venusian] user=0 workdir=\n[Build and test/Lint the package                ]   \ud83d\udc33  docker exec cmd=[node /var/run/act/actions/actions-setup-python@v4/dist/setup/index.js] user= workdir=\n[Build and test/Validate coverage               ]   \ud83d\udc33  docker exec cmd=[node /var/run/act/actions/actions-setup-python@v4/dist/setup/index.js] user= workdir=\n[Build and test/Python: 3.7-x64 on ubuntu-latest]   \ud83d\udc33  docker exec cmd=[node /var/run/act/actions/actions-setup-python@v4/dist/setup/index.js] user= workdir=\n[Build and test/Validate coverage               ]   \ud83d\udcac  ::debug::Python is expected to be installed into /opt/hostedtoolcache\n[Build and test/Validate coverage               ]   \u2753  ::group::Installed versions\n[Build and test/Validate coverage               ]   \ud83d\udcac  ::debug::Semantic version spec of 3.9 is 3.9\n[Build and test/Validate coverage               ]   \ud83d\udcac  ::debug::isExplicit: \n[Build and test/Validate coverage               ]   \ud83d\udcac  ::debug::explicit? false\n[Build and test/Validate coverage               ]   \ud83d\udcac  ::debug::isExplicit: 2.7.18\n[Build and test/Validate coverage               ]   \ud83d\udcac  ::debug::explicit? true\n[Build and test/Validate coverage               ]   \ud83d\udcac  ::debug::isExplicit: 3.5.10\n[Build and test/Validate coverage               ]   \ud83d\udcac  ::debug::explicit? true\n[Build and test/Validate coverage               ]   \ud83d\udcac  ::debug::isExplicit: 3.6.14\n[Build and test/Validate coverage               ]   \ud83d\udcac  ::debug::explicit? true\n[Build and test/Validate coverage               ]   \ud83d\udcac  ::debug::isExplicit: 3.7.11\n[Build and test/Validate coverage               ]   \ud83d\udcac  ::debug::explicit? true\n[Build and test/Validate coverage               ]   \ud83d\udcac  ::debug::isExplicit: 3.8.11\n[Build and test/Validate coverage               ]   \ud83d\udcac  ::debug::explicit? true\n[Build and test/Validate coverage               ]   \ud83d\udcac  ::debug::isExplicit: 3.9.6\n[Build and test/Validate coverage               ]   \ud83d\udcac  ::debug::explicit? true\n[Build and test/Validate coverage               ]   \ud83d\udcac  ::debug::evaluating 6 versions\n[Build and test/Validate coverage               ]   \ud83d\udcac  ::debug::matched: 3.9.6\n[Build and test/Validate coverage               ]   \ud83d\udcac  ::debug::checking cache: /opt/hostedtoolcache/Python/3.9.6/x64\n[Build and test/Validate coverage               ]   \ud83d\udcac  ::debug::Found tool in cache Python 3.9.6 x64\n[Build and test/Validate coverage               ]   | Successfully set up CPython (3.9.6)\n[Build and test/Validate coverage               ]   \u2753  ::endgroup::\n[Build and test/Validate coverage               ]   \u2753 add-matcher /run/act/actions/actions-setup-python@v4/.github/python.json\n[Build and test/Python: 3.7-x64 on ubuntu-latest]   \ud83d\udcac  ::debug::Python is expected to be installed into /opt/hostedtoolcache\n[Build and test/Python: 3.7-x64 on ubuntu-latest]   \u2753  ::group::Installed versions\n[Build and test/Python: 3.7-x64 on ubuntu-latest]   \ud83d\udcac  ::debug::Semantic version spec of 3.7 is 3.7\n[Build and test/Python: 3.7-x64 on ubuntu-latest]   \ud83d\udcac  ::debug::isExplicit: \n[Build and test/Python: 3.7-x64 on ubuntu-latest]   \ud83d\udcac  ::debug::explicit? false\n[Build and test/Python: 3.7-x64 on ubuntu-latest]   \ud83d\udcac  ::debug::isExplicit: 2.7.18\n[Build and test/Python: 3.7-x64 on ubuntu-latest]   \ud83d\udcac  ::debug::explicit? true\n[Build and test/Python: 3.7-x64 on ubuntu-latest]   \ud83d\udcac  ::debug::isExplicit: 3.5.10\n[Build and test/Python: 3.7-x64 on ubuntu-latest]   \ud83d\udcac  ::debug::explicit? true\n[Build and test/Python: 3.7-x64 on ubuntu-latest]   \ud83d\udcac  ::debug::isExplicit: 3.6.14\n[Build and test/Python: 3.7-x64 on ubuntu-latest]   \ud83d\udcac  ::debug::explicit? true\n[Build and test/Python: 3.7-x64 on ubuntu-latest]   \ud83d\udcac  ::debug::isExplicit: 3.7.11\n[Build and test/Python: 3.7-x64 on ubuntu-latest]   \ud83d\udcac  ::debug::explicit? true\n[Build and test/Python: 3.7-x64 on ubuntu-latest]   \ud83d\udcac  ::debug::isExplicit: 3.8.11\n[Build and test/Python: 3.7-x64 on ubuntu-latest]   \ud83d\udcac  ::debug::explicit? true\n[Build and test/Python: 3.7-x64 on ubuntu-latest]   \ud83d\udcac  ::debug::isExplicit: 3.9.6\n[Build and test/Python: 3.7-x64 on ubuntu-latest]   \ud83d\udcac  ::debug::explicit? true\n[Build and test/Python: 3.7-x64 on ubuntu-latest]   \ud83d\udcac  ::debug::evaluating 6 versions\n[Build and test/Python: 3.7-x64 on ubuntu-latest]   \ud83d\udcac  ::debug::matched: 3.7.11\n[Build and test/Python: 3.7-x64 on ubuntu-latest]   \ud83d\udcac  ::debug::checking cache: /opt/hostedtoolcache/Python/3.7.11/x64\n[Build and test/Python: 3.7-x64 on ubuntu-latest]   \ud83d\udcac  ::debug::Found tool in cache Python 3.7.11 x64\n[Build and test/Lint the package                ]   \ud83d\udcac  ::debug::Python is expected to be installed into /opt/hostedtoolcache\n[Build and test/Lint the package                ]   \u2753  ::group::Installed versions\n[Build and test/Lint the package                ]   \ud83d\udcac  ::debug::Semantic version spec of 3.9 is 3.9\n[Build and test/Lint the package                ]   \ud83d\udcac  ::debug::isExplicit: \n[Build and test/Lint the package                ]   \ud83d\udcac  ::debug::explicit? false\n[Build and test/Lint the package                ]   \ud83d\udcac  ::debug::isExplicit: 2.7.18\n[Build and test/Python: 3.7-x64 on ubuntu-latest]   | Successfully set up CPython (3.7.11)\n[Build and test/Python: 3.7-x64 on ubuntu-latest]   \u2753  ::endgroup::\n[Build and test/Lint the package                ]   \ud83d\udcac  ::debug::explicit? true\n[Build and test/Lint the package                ]   \ud83d\udcac  ::debug::isExplicit: 3.5.10\n[Build and test/Lint the package                ]   \ud83d\udcac  ::debug::explicit? true\n[Build and test/Python: 3.7-x64 on ubuntu-latest]   \u2753 add-matcher /run/act/actions/actions-setup-python@v4/.github/python.json\n[Build and test/Lint the package                ]   \ud83d\udcac  ::debug::isExplicit: 3.6.14\n[Build and test/Lint the package                ]   \ud83d\udcac  ::debug::explicit? true\n[Build and test/Lint the package                ]   \ud83d\udcac  ::debug::isExplicit: 3.7.11\n[Build and test/Lint the package                ]   \ud83d\udcac  ::debug::explicit? true\n[Build and test/Lint the package                ]   \ud83d\udcac  ::debug::isExplicit: 3.8.11\n[Build and test/Lint the package                ]   \ud83d\udcac  ::debug::explicit? true\n[Build and test/Lint the package                ]   \ud83d\udcac  ::debug::isExplicit: 3.9.6\n[Build and test/Lint the package                ]   \ud83d\udcac  ::debug::explicit? true\n[Build and test/Lint the package                ]   \ud83d\udcac  ::debug::evaluating 6 versions\n[Build and test/Lint the package                ]   \ud83d\udcac  ::debug::matched: 3.9.6\n[Build and test/Lint the package                ]   \ud83d\udcac  ::debug::checking cache: /opt/hostedtoolcache/Python/3.9.6/x64\n[Build and test/Lint the package                ]   \ud83d\udcac  ::debug::Found tool in cache Python 3.9.6 x64\n[Build and test/Lint the package                ]   | Successfully set up CPython (3.9.6)\n[Build and test/Lint the package                ]   \u2753  ::endgroup::\n[Build and test/Lint the package                ]   \u2753 add-matcher /run/act/actions/actions-setup-python@v4/.github/python.json\n[Build and test/Validate coverage               ]   \u2705  Success - Main Setup python 3.9\n[Build and test/Python: 3.7-x64 on ubuntu-latest]   \u2705  Success - Main Setup python\n[Build and test/Lint the package                ]   \u2705  Success - Main Setup python\n[Build and test/Build the documentation         ]   \u2601  git clone 'https://github.com/actions/setup-python' # ref=v4\n[Build and test/Python: 3.7-x64 on ubuntu-latest]   \u2699  ::set-env:: Python3_ROOT_DIR=/opt/hostedtoolcache/Python/3.7.11/x64\n[Build and test/Python: 3.7-x64 on ubuntu-latest]   \u2699  ::set-env:: LD_LIBRARY_PATH=/opt/hostedtoolcache/Python/3.7.11/x64/lib\n[Build and test/Python: 3.7-x64 on ubuntu-latest]   \u2699  ::set-env:: pythonLocation=/opt/hostedtoolcache/Python/3.7.11/x64\n[Build and test/Python: 3.7-x64 on ubuntu-latest]   \u2699  ::set-env:: PKG_CONFIG_PATH=/opt/hostedtoolcache/Python/3.7.11/x64/lib/pkgconfig\n[Build and test/Python: 3.7-x64 on ubuntu-latest]   \u2699  ::set-env:: Python_ROOT_DIR=/opt/hostedtoolcache/Python/3.7.11/x64\n[Build and test/Python: 3.7-x64 on ubuntu-latest]   \u2699  ::set-env:: Python2_ROOT_DIR=/opt/hostedtoolcache/Python/3.7.11/x64\n[Build and test/Lint the package                ]   \u2699  ::set-env:: Python_ROOT_DIR=/opt/hostedtoolcache/Python/3.9.6/x64\n[Build and test/Lint the package                ]   \u2699  ::set-env:: Python2_ROOT_DIR=/opt/hostedtoolcache/Python/3.9.6/x64\n[Build and test/Lint the package                ]   \u2699  ::set-env:: Python3_ROOT_DIR=/opt/hostedtoolcache/Python/3.9.6/x64\n[Build and test/Lint the package                ]   \u2699  ::set-env:: LD_LIBRARY_PATH=/opt/hostedtoolcache/Python/3.9.6/x64/lib\n[Build and test/Lint the package                ]   \u2699  ::set-env:: pythonLocation=/opt/hostedtoolcache/Python/3.9.6/x64\n[Build and test/Lint the package                ]   \u2699  ::set-env:: PKG_CONFIG_PATH=/opt/hostedtoolcache/Python/3.9.6/x64/lib/pkgconfig\n[Build and test/Validate coverage               ]   \u2699  ::set-env:: pythonLocation=/opt/hostedtoolcache/Python/3.9.6/x64\n[Build and test/Validate coverage               ]   \u2699  ::set-env:: PKG_CONFIG_PATH=/opt/hostedtoolcache/Python/3.9.6/x64/lib/pkgconfig\n[Build and test/Validate coverage               ]   \u2699  ::set-env:: Python_ROOT_DIR=/opt/hostedtoolcache/Python/3.9.6/x64\n[Build and test/Validate coverage               ]   \u2699  ::set-env:: Python2_ROOT_DIR=/opt/hostedtoolcache/Python/3.9.6/x64\n[Build and test/Validate coverage               ]   \u2699  ::set-env:: Python3_ROOT_DIR=/opt/hostedtoolcache/Python/3.9.6/x64\n[Build and test/Validate coverage               ]   \u2699  ::set-env:: LD_LIBRARY_PATH=/opt/hostedtoolcache/Python/3.9.6/x64/lib\n[Build and test/Build the documentation         ] \u2b50 Run Main actions/checkout@v3\n[Build and test/Validate coverage               ]   \u2699  ::set-output:: python-version=3.9.6\n[Build and test/Validate coverage               ]   \u2699  ::set-output:: python-path=/opt/hostedtoolcache/Python/3.9.6/x64/bin/python\n[Build and test/Lint the package                ]   \u2699  ::set-output:: python-version=3.9.6\n[Build and test/Lint the package                ]   \u2699  ::set-output:: python-path=/opt/hostedtoolcache/Python/3.9.6/x64/bin/python\n[Build and test/Python: 3.7-x64 on ubuntu-latest]   \u2699  ::set-output:: python-version=3.7.11\n[Build and test/Python: 3.7-x64 on ubuntu-latest]   \u2699  ::set-output:: python-path=/opt/hostedtoolcache/Python/3.7.11/x64/bin/python\n[Build and test/Validate coverage               ]   \u2699  ::add-path:: /opt/hostedtoolcache/Python/3.9.6/x64\n[Build and test/Validate coverage               ]   \u2699  ::add-path:: /opt/hostedtoolcache/Python/3.9.6/x64/bin\n[Build and test/Python: 3.7-x64 on ubuntu-latest]   \u2699  ::add-path:: /opt/hostedtoolcache/Python/3.7.11/x64\n[Build and test/Python: 3.7-x64 on ubuntu-latest]   \u2699  ::add-path:: /opt/hostedtoolcache/Python/3.7.11/x64/bin\n[Build and test/Lint the package                ]   \u2699  ::add-path:: /opt/hostedtoolcache/Python/3.9.6/x64\n[Build and test/Lint the package                ]   \u2699  ::add-path:: /opt/hostedtoolcache/Python/3.9.6/x64/bin\n[Build and test/Build the documentation         ]   \u2705  Success - Main actions/checkout@v3\n[Build and test/Python: 3.7-x64 on ubuntu-latest] \u2b50 Run Main pip install tox\n[Build and test/Validate coverage               ] \u2b50 Run Main pip install tox\n[Build and test/Lint the package                ] \u2b50 Run Main pip install tox\n[Build and test/Validate coverage               ]   \ud83d\udc33  docker exec cmd=[bash --noprofile --norc -e -o pipefail /var/run/act/workflow/2] user= workdir=\n[Build and test/Python: 3.7-x64 on ubuntu-latest]   \ud83d\udc33  docker exec cmd=[bash --noprofile --norc -e -o pipefail /var/run/act/workflow/2] user= workdir=\n[Build and test/Lint the package                ]   \ud83d\udc33  docker exec cmd=[bash --noprofile --norc -e -o pipefail /var/run/act/workflow/2] user= workdir=\n[Build and test/Build the documentation         ] \u2b50 Run Main Setup python\n[Build and test/Build the documentation         ]   \ud83d\udc33  docker cp src=/home/andre-silva/.cache/act/actions-setup-python@v4/ dst=/var/run/act/actions/actions-setup-python@v4/\n[Build and test/Build the documentation         ]   \ud83d\udc33  docker exec cmd=[chown -R 1012:1000 /var/run/act/actions/actions-setup-python@v4/] user=0 workdir=\n[Build and test/Build the documentation         ]   \ud83d\udc33  docker exec cmd=[node /var/run/act/actions/actions-setup-python@v4/dist/setup/index.js] user= workdir=\n[Build and test/Validate coverage               ]   | Collecting tox\n[Build and test/Lint the package                ]   | Collecting tox\n[Build and test/Validate coverage               ]   |   Downloading tox-4.5.2-py3-none-any.whl (148 kB)\n[Build and test/Lint the package                ]   |   Downloading tox-4.5.2-py3-none-any.whl (148 kB)\n[Build and test/Python: 3.7-x64 on ubuntu-latest]   | Collecting tox\n[Build and test/Python: 3.7-x64 on ubuntu-latest]   |   Downloading tox-4.5.2-py3-none-any.whl (148 kB)\n[Build and test/Build the documentation         ]   \ud83d\udcac  ::debug::Python is expected to be installed into /opt/hostedtoolcache\n[Build and test/Build the documentation         ]   \u2753  ::group::Installed versions\n[Build and test/Build the documentation         ]   \ud83d\udcac  ::debug::Semantic version spec of 3.9 is 3.9\n[Build and test/Build the documentation         ]   \ud83d\udcac  ::debug::isExplicit: \n[Build and test/Build the documentation         ]   \ud83d\udcac  ::debug::explicit? false\n[Build and test/Build the documentation         ]   \ud83d\udcac  ::debug::isExplicit: 2.7.18\n[Build and test/Build the documentation         ]   \ud83d\udcac  ::debug::explicit? true\n[Build and test/Build the documentation         ]   \ud83d\udcac  ::debug::isExplicit: 3.5.10\n[Build and test/Build the documentation         ]   \ud83d\udcac  ::debug::explicit? true\n[Build and test/Build the documentation         ]   \ud83d\udcac  ::debug::isExplicit: 3.6.14\n[Build and test/Build the documentation         ]   \ud83d\udcac  ::debug::explicit? true\n[Build and test/Build the documentation         ]   \ud83d\udcac  ::debug::isExplicit: 3.7.11\n[Build and test/Build the documentation         ]   \ud83d\udcac  ::debug::explicit? true\n[Build and test/Build the documentation         ]   \ud83d\udcac  ::debug::isExplicit: 3.8.11\n[Build and test/Build the documentation         ]   \ud83d\udcac  ::debug::explicit? true\n[Build and test/Build the documentation         ]   \ud83d\udcac  ::debug::isExplicit: 3.9.6\n[Build and test/Build the documentation         ]   \ud83d\udcac  ::debug::explicit? true\n[Build and test/Build the documentation         ]   \ud83d\udcac  ::debug::evaluating 6 versions\n[Build and test/Build the documentation         ]   \ud83d\udcac  ::debug::matched: 3.9.6\n[Build and test/Build the documentation         ]   \ud83d\udcac  ::debug::checking cache: /opt/hostedtoolcache/Python/3.9.6/x64\n[Build and test/Build the documentation         ]   \ud83d\udcac  ::debug::Found tool in cache Python 3.9.6 x64\n[Build and test/Build the documentation         ]   | Successfully set up CPython (3.9.6)\n[Build and test/Build the documentation         ]   \u2753  ::endgroup::\n[Build and test/Build the documentation         ]   \u2753 add-matcher /run/act/actions/actions-setup-python@v4/.github/python.json\n[Build and test/Build the documentation         ]   \u2705  Success - Main Setup python\n[Build and test/Validate coverage               ]   | Collecting chardet>=5.1\n[Build and test/Validate coverage               ]   |   Downloading chardet-5.1.0-py3-none-any.whl (199 kB)\n[Build and test/Lint the package                ]   | Collecting pyproject-api>=1.5.1\n[Build and test/Lint the package                ]   |   Downloading pyproject_api-1.5.1-py3-none-any.whl (12 kB)\n[Build and test/Python: 3.7-x64 on ubuntu-latest]   | Collecting packaging>=23.1\n[Build and test/Python: 3.7-x64 on ubuntu-latest]   |   Downloading packaging-23.1-py3-none-any.whl (48 kB)\n[Build and test/Validate coverage               ]   | Collecting colorama>=0.4.6\n[Build and test/Lint the package                ]   | Collecting tomli>=2.0.1\n[Build and test/Lint the package                ]   |   Downloading tomli-2.0.1-py3-none-any.whl (12 kB)\n[Build and test/Validate coverage               ]   |   Downloading colorama-0.4.6-py2.py3-none-any.whl (25 kB)\n[Build and test/Python: 3.7-x64 on ubuntu-latest]   | Collecting colorama>=0.4.6\n[Build and test/Python: 3.7-x64 on ubuntu-latest]   |   Downloading colorama-0.4.6-py2.py3-none-any.whl (25 kB)\n[Build and test/Validate coverage               ]   | Collecting tomli>=2.0.1\n[Build and test/Validate coverage               ]   |   Downloading tomli-2.0.1-py3-none-any.whl (12 kB)\n[Build and test/Build the documentation         ]   \u2699  ::set-env:: Python_ROOT_DIR=/opt/hostedtoolcache/Python/3.9.6/x64\n[Build and test/Build the documentation         ]   \u2699  ::set-env:: Python2_ROOT_DIR=/opt/hostedtoolcache/Python/3.9.6/x64\n[Build and test/Build the documentation         ]   \u2699  ::set-env:: Python3_ROOT_DIR=/opt/hostedtoolcache/Python/3.9.6/x64\n[Build and test/Build the documentation         ]   \u2699  ::set-env:: LD_LIBRARY_PATH=/opt/hostedtoolcache/Python/3.9.6/x64/lib\n[Build and test/Build the documentation         ]   \u2699  ::set-env:: pythonLocation=/opt/hostedtoolcache/Python/3.9.6/x64\n[Build and test/Build the documentation         ]   \u2699  ::set-env:: PKG_CONFIG_PATH=/opt/hostedtoolcache/Python/3.9.6/x64/lib/pkgconfig\n[Build and test/Python: 3.7-x64 on ubuntu-latest]   | Collecting cachetools>=5.3\n[Build and test/Python: 3.7-x64 on ubuntu-latest]   |   Downloading cachetools-5.3.1-py3-none-any.whl (9.3 kB)\n[Build and test/Python: 3.7-x64 on ubuntu-latest]   | Collecting filelock>=3.12\n[Build and test/Lint the package                ]   | Collecting virtualenv>=20.23\n[Build and test/Lint the package                ]   |   Downloading virtualenv-20.23.0-py3-none-any.whl (3.3 MB)\n[Build and test/Python: 3.7-x64 on ubuntu-latest]   |   Downloading filelock-3.12.0-py3-none-any.whl (10 kB)\n[Build and test/Validate coverage               ]   | Collecting virtualenv>=20.23\n[Build and test/Validate coverage               ]   |   Downloading virtualenv-20.23.0-py3-none-any.whl (3.3 MB)\n[Build and test/Python: 3.7-x64 on ubuntu-latest]   | Collecting chardet>=5.1\n[Build and test/Python: 3.7-x64 on ubuntu-latest]   |   Downloading chardet-5.1.0-py3-none-any.whl (199 kB)\n[Build and test/Lint the package                ]   | Collecting platformdirs>=3.5.1\n[Build and test/Lint the package                ]   |   Downloading platformdirs-3.5.1-py3-none-any.whl (15 kB)\n[Build and test/Python: 3.7-x64 on ubuntu-latest]   | Collecting pyproject-api>=1.5.1\n[Build and test/Python: 3.7-x64 on ubuntu-latest]   |   Downloading pyproject_api-1.5.1-py3-none-any.whl (12 kB)\n[Build and test/Validate coverage               ]   | Collecting cachetools>=5.3\n[Build and test/Validate coverage               ]   |   Downloading cachetools-5.3.1-py3-none-any.whl (9.3 kB)\n[Build and test/Lint the package                ]   | Collecting pluggy>=1\n[Build and test/Lint the package                ]   |   Downloading pluggy-1.0.0-py2.py3-none-any.whl (13 kB)\n[Build and test/Python: 3.7-x64 on ubuntu-latest]   | Collecting tomli>=2.0.1\n[Build and test/Python: 3.7-x64 on ubuntu-latest]   |   Downloading tomli-2.0.1-py3-none-any.whl (12 kB)\n[Build and test/Lint the package                ]   | Collecting colorama>=0.4.6\n[Build and test/Validate coverage               ]   | Collecting filelock>=3.12\n[Build and test/Lint the package                ]   |   Downloading colorama-0.4.6-py2.py3-none-any.whl (25 kB)\n[Build and test/Validate coverage               ]   |   Downloading filelock-3.12.0-py3-none-any.whl (10 kB)\n[Build and test/Validate coverage               ]   | Collecting pyproject-api>=1.5.1\n[Build and test/Build the documentation         ]   \u2699  ::set-output:: python-version=3.9.6\n[Build and test/Build the documentation         ]   \u2699  ::set-output:: python-path=/opt/hostedtoolcache/Python/3.9.6/x64/bin/python\n[Build and test/Validate coverage               ]   |   Downloading pyproject_api-1.5.1-py3-none-any.whl (12 kB)\n[Build and test/Lint the package                ]   | Collecting filelock>=3.12\n[Build and test/Lint the package                ]   |   Downloading filelock-3.12.0-py3-none-any.whl (10 kB)\n[Build and test/Python: 3.7-x64 on ubuntu-latest]   | Collecting importlib-metadata>=6.6\n[Build and test/Python: 3.7-x64 on ubuntu-latest]   |   Downloading importlib_metadata-6.6.0-py3-none-any.whl (22 kB)\n[Build and test/Validate coverage               ]   | Collecting platformdirs>=3.5.1\n[Build and test/Lint the package                ]   | Collecting packaging>=23.1\n[Build and test/Validate coverage               ]   |   Downloading platformdirs-3.5.1-py3-none-any.whl (15 kB)\n[Build and test/Lint the package                ]   |   Downloading packaging-23.1-py3-none-any.whl (48 kB)\n[Build and test/Python: 3.7-x64 on ubuntu-latest]   | Collecting typing-extensions>=4.6.2\n[Build and test/Python: 3.7-x64 on ubuntu-latest]   |   Downloading typing_extensions-4.6.2-py3-none-any.whl (31 kB)\n[Build and test/Lint the package                ]   | Collecting cachetools>=5.3\n[Build and test/Lint the package                ]   |   Downloading cachetools-5.3.1-py3-none-any.whl (9.3 kB)\n[Build and test/Validate coverage               ]   | Collecting packaging>=23.1\n[Build and test/Validate coverage               ]   |   Downloading packaging-23.1-py3-none-any.whl (48 kB)\n[Build and test/Lint the package                ]   | Collecting chardet>=5.1\n[Build and test/Lint the package                ]   |   Downloading chardet-5.1.0-py3-none-any.whl (199 kB)\n[Build and test/Validate coverage               ]   | Collecting pluggy>=1\n[Build and test/Validate coverage               ]   |   Downloading pluggy-1.0.0-py2.py3-none-any.whl (13 kB)\n[Build and test/Python: 3.7-x64 on ubuntu-latest]   | Collecting virtualenv>=20.23\n[Build and test/Python: 3.7-x64 on ubuntu-latest]   |   Downloading virtualenv-20.23.0-py3-none-any.whl (3.3 MB)\n[Build and test/Lint the package                ]   | Collecting distlib<1,>=0.3.6\n[Build and test/Lint the package                ]   |   Downloading distlib-0.3.6-py2.py3-none-any.whl (468 kB)\n[Build and test/Validate coverage               ]   | Collecting distlib<1,>=0.3.6\n[Build and test/Validate coverage               ]   |   Downloading distlib-0.3.6-py2.py3-none-any.whl (468 kB)\n[Build and test/Python: 3.7-x64 on ubuntu-latest]   | Collecting pluggy>=1\n[Build and test/Python: 3.7-x64 on ubuntu-latest]   |   Downloading pluggy-1.0.0-py2.py3-none-any.whl (13 kB)\n[Build and test/Python: 3.7-x64 on ubuntu-latest]   | Collecting platformdirs>=3.5.1\n[Build and test/Python: 3.7-x64 on ubuntu-latest]   |   Downloading platformdirs-3.5.1-py3-none-any.whl (15 kB)\n[Build and test/Lint the package                ]   | Installing collected packages: tomli, platformdirs, packaging, filelock, distlib, virtualenv, pyproject-api, pluggy, colorama, chardet, cachetools, tox\n[Build and test/Validate coverage               ]   | Installing collected packages: tomli, platformdirs, packaging, filelock, distlib, virtualenv, pyproject-api, pluggy, colorama, chardet, cachetools, tox\n[Build and test/Build the documentation         ]   \u2699  ::add-path:: /opt/hostedtoolcache/Python/3.9.6/x64\n[Build and test/Build the documentation         ]   \u2699  ::add-path:: /opt/hostedtoolcache/Python/3.9.6/x64/bin\n[Build and test/Python: 3.7-x64 on ubuntu-latest]   | Collecting zipp>=0.5\n[Build and test/Python: 3.7-x64 on ubuntu-latest]   |   Downloading zipp-3.15.0-py3-none-any.whl (6.8 kB)\n[Build and test/Build the documentation         ] \u2b50 Run Main pip install tox\n[Build and test/Python: 3.7-x64 on ubuntu-latest]   | Collecting distlib<1,>=0.3.6\n[Build and test/Python: 3.7-x64 on ubuntu-latest]   |   Downloading distlib-0.3.6-py2.py3-none-any.whl (468 kB)\n[Build and test/Python: 3.7-x64 on ubuntu-latest]   | Installing collected packages: zipp, typing-extensions, tomli, platformdirs, packaging, importlib-metadata, filelock, distlib, virtualenv, pyproject-api, pluggy, colorama, chardet, cachetools, tox\n[Build and test/Build the documentation         ]   \ud83d\udc33  docker exec cmd=[bash --noprofile --norc -e -o pipefail /var/run/act/workflow/2] user= workdir=\n[Build and test/Lint the package                ]   | Successfully installed cachetools-5.3.1 chardet-5.1.0 colorama-0.4.6 distlib-0.3.6 filelock-3.12.0 packaging-23.1 platformdirs-3.5.1 pluggy-1.0.0 pyproject-api-1.5.1 tomli-2.0.1 tox-4.5.2 virtualenv-20.23.0\n[Build and test/Lint the package                ]   | WARNING: You are using pip version 21.2.4; however, version 23.1.2 is available.\n[Build and test/Lint the package                ]   | You should consider upgrading via the '/opt/hostedtoolcache/Python/3.9.6/x64/bin/python -m pip install --upgrade pip' command.\n[Build and test/Validate coverage               ]   | Successfully installed cachetools-5.3.1 chardet-5.1.0 colorama-0.4.6 distlib-0.3.6 filelock-3.12.0 packaging-23.1 platformdirs-3.5.1 pluggy-1.0.0 pyproject-api-1.5.1 tomli-2.0.1 tox-4.5.2 virtualenv-20.23.0\n[Build and test/Lint the package                ]   \u2705  Success - Main pip install tox\n[Build and test/Validate coverage               ]   | WARNING: You are using pip version 21.2.4; however, version 23.1.2 is available.\n[Build and test/Validate coverage               ]   | You should consider upgrading via the '/opt/hostedtoolcache/Python/3.9.6/x64/bin/python -m pip install --upgrade pip' command.\n[Build and test/Validate coverage               ]   \u2705  Success - Main pip install tox\n[Build and test/Lint the package                ] \u2b50 Run Main tox -e lint\n[Build and test/Python: 3.7-x64 on ubuntu-latest]   | Successfully installed cachetools-5.3.1 chardet-5.1.0 colorama-0.4.6 distlib-0.3.6 filelock-3.12.0 importlib-metadata-6.6.0 packaging-23.1 platformdirs-3.5.1 pluggy-1.0.0 pyproject-api-1.5.1 tomli-2.0.1 tox-4.5.2 typing-extensions-4.6.2 virtualenv-20.23.0 zipp-3.15.0\n[Build and test/Validate coverage               ] \u2b50 Run Main tox -e py39,coverage\n[Build and test/Python: 3.7-x64 on ubuntu-latest]   | WARNING: You are using pip version 21.2.4; however, version 23.1.2 is available.\n[Build and test/Python: 3.7-x64 on ubuntu-latest]   | You should consider upgrading via the '/opt/hostedtoolcache/Python/3.7.11/x64/bin/python -m pip install --upgrade pip' command.\n[Build and test/Lint the package                ]   \ud83d\udc33  docker exec cmd=[bash --noprofile --norc -e -o pipefail /var/run/act/workflow/3] user= workdir=\n[Build and test/Python: 3.7-x64 on ubuntu-latest]   \u2705  Success - Main pip install tox\n[Build and test/Validate coverage               ]   \ud83d\udc33  docker exec cmd=[bash --noprofile --norc -e -o pipefail /var/run/act/workflow/3] user= workdir=\n[Build and test/Python: 3.7-x64 on ubuntu-latest] \u2b50 Run Main Running tox\n[Build and test/Python: 3.7-x64 on ubuntu-latest]   \ud83d\udc33  docker exec cmd=[bash --noprofile --norc -e -o pipefail /var/run/act/workflow/3] user= workdir=\n[Build and test/Build the documentation         ]   | Collecting tox\n[Build and test/Build the documentation         ]   |   Downloading tox-4.5.2-py3-none-any.whl (148 kB)\n[Build and test/Lint the package                ]   | lint: install_deps> python -I -m pip install black build check-manifest isort readme_renderer twine\n[Build and test/Validate coverage               ]   | .pkg: install_requires> python -I -m pip install 'setuptools>=40.9.0'\n[Build and test/Build the documentation         ]   | Collecting virtualenv>=20.23\n[Build and test/Build the documentation         ]   |   Downloading virtualenv-20.23.0-py3-none-any.whl (3.3 MB)\n[Build and test/Build the documentation         ]   | Collecting platformdirs>=3.5.1\n[Build and test/Build the documentation         ]   |   Downloading platformdirs-3.5.1-py3-none-any.whl (15 kB)\n[Build and test/Build the documentation         ]   | Collecting filelock>=3.12\n[Build and test/Build the documentation         ]   |   Downloading filelock-3.12.0-py3-none-any.whl (10 kB)\n[Build and test/Build the documentation         ]   | Collecting cachetools>=5.3\n[Build and test/Build the documentation         ]   |   Downloading cachetools-5.3.1-py3-none-any.whl (9.3 kB)\n[Build and test/Build the documentation         ]   | Collecting pyproject-api>=1.5.1\n[Build and test/Build the documentation         ]   |   Downloading pyproject_api-1.5.1-py3-none-any.whl (12 kB)\n[Build and test/Build the documentation         ]   | Collecting tomli>=2.0.1\n[Build and test/Build the documentation         ]   |   Downloading tomli-2.0.1-py3-none-any.whl (12 kB)\n[Build and test/Build the documentation         ]   | Collecting colorama>=0.4.6\n[Build and test/Build the documentation         ]   |   Downloading colorama-0.4.6-py2.py3-none-any.whl (25 kB)\n[Build and test/Build the documentation         ]   | Collecting pluggy>=1\n[Build and test/Build the documentation         ]   |   Downloading pluggy-1.0.0-py2.py3-none-any.whl (13 kB)\n[Build and test/Build the documentation         ]   | Collecting packaging>=23.1\n[Build and test/Build the documentation         ]   |   Downloading packaging-23.1-py3-none-any.whl (48 kB)\n[Build and test/Build the documentation         ]   | Collecting chardet>=5.1\n[Build and test/Build the documentation         ]   |   Downloading chardet-5.1.0-py3-none-any.whl (199 kB)\n[Build and test/Build the documentation         ]   | Collecting distlib<1,>=0.3.6\n[Build and test/Build the documentation         ]   |   Downloading distlib-0.3.6-py2.py3-none-any.whl (468 kB)\n[Build and test/Build the documentation         ]   | Installing collected packages: tomli, platformdirs, packaging, filelock, distlib, virtualenv, pyproject-api, pluggy, colorama, chardet, cachetools, tox\n[Build and test/Validate coverage               ]   | .pkg: _optional_hooks> python /opt/hostedtoolcache/Python/3.9.6/x64/lib/python3.9/site-packages/pyproject_api/_backend.py True setuptools.build_meta\n[Build and test/Validate coverage               ]   | .pkg: get_requires_for_build_sdist> python /opt/hostedtoolcache/Python/3.9.6/x64/lib/python3.9/site-packages/pyproject_api/_backend.py True setuptools.build_meta\n[Build and test/Validate coverage               ]   | .pkg: freeze> python -m pip freeze --all\n[Build and test/Validate coverage               ]   | .pkg: pip==23.1.2,setuptools==67.7.2,wheel==0.40.0\n[Build and test/Validate coverage               ]   | .pkg: prepare_metadata_for_build_wheel> python /opt/hostedtoolcache/Python/3.9.6/x64/lib/python3.9/site-packages/pyproject_api/_backend.py True setuptools.build_meta\n[Build and test/Build the documentation         ]   | Successfully installed cachetools-5.3.1 chardet-5.1.0 colorama-0.4.6 distlib-0.3.6 filelock-3.12.0 packaging-23.1 platformdirs-3.5.1 pluggy-1.0.0 pyproject-api-1.5.1 tomli-2.0.1 tox-4.5.2 virtualenv-20.23.0\n[Build and test/Validate coverage               ]   | .pkg: build_sdist> python /opt/hostedtoolcache/Python/3.9.6/x64/lib/python3.9/site-packages/pyproject_api/_backend.py True setuptools.build_meta\n[Build and test/Build the documentation         ]   | WARNING: You are using pip version 21.2.4; however, version 23.1.2 is available.\n[Build and test/Build the documentation         ]   | You should consider upgrading via the '/opt/hostedtoolcache/Python/3.9.6/x64/bin/python -m pip install --upgrade pip' command.\n[Build and test/Validate coverage               ]   | py39: install_package_deps> python -I -m pip install coverage pytest pytest-cov\n[Build and test/Python: 3.7-x64 on ubuntu-latest]   | .pkg: recreate env because python changed version_info=[3, 9, 6, 'final', 0]->[3, 7, 11, 'final', 0] | executable='/opt/hostedtoolcache/Python/3.9.6/x64/bin/python3.9'->'/opt/hostedtoolcache/Python/3.7.11/x64/bin/python3.7'\n[Build and test/Python: 3.7-x64 on ubuntu-latest]   | .pkg: remove tox env folder /tmp/de65f406-fe28-11ed-a890-af2cc187fc11/Pylons-venusian/.tox/.pkg\n[Build and test/Build the documentation         ]   \u2705  Success - Main pip install tox\n[Build and test/Python: 3.7-x64 on ubuntu-latest]   | .pkg: install_requires> python -I -m pip install 'setuptools>=40.9.0'\n[Build and test/Build the documentation         ] \u2b50 Run Main tox -e docs\n[Build and test/Build the documentation         ]   \ud83d\udc33  docker exec cmd=[bash --noprofile --norc -e -o pipefail /var/run/act/workflow/3] user= workdir=\n[Build and test/Python: 3.7-x64 on ubuntu-latest]   | .pkg: _optional_hooks> python /opt/hostedtoolcache/Python/3.7.11/x64/lib/python3.7/site-packages/pyproject_api/_backend.py True setuptools.build_meta\n[Build and test/Python: 3.7-x64 on ubuntu-latest]   | .pkg: get_requires_for_build_sdist> python /opt/hostedtoolcache/Python/3.7.11/x64/lib/python3.7/site-packages/pyproject_api/_backend.py True setuptools.build_meta\n[Build and test/Python: 3.7-x64 on ubuntu-latest]   | .pkg: prepare_metadata_for_build_wheel> python /opt/hostedtoolcache/Python/3.7.11/x64/lib/python3.7/site-packages/pyproject_api/_backend.py True setuptools.build_meta\n[Build and test/Python: 3.7-x64 on ubuntu-latest]   | .pkg: build_sdist> python /opt/hostedtoolcache/Python/3.7.11/x64/lib/python3.7/site-packages/pyproject_api/_backend.py True setuptools.build_meta\n[Build and test/Python: 3.7-x64 on ubuntu-latest]   | py: install_package_deps> python -I -m pip install coverage pytest pytest-cov\n[Build and test/Validate coverage               ]   | py39: install_package> python -I -m pip install --force-reinstall --no-deps /tmp/de65f406-fe28-11ed-a890-af2cc187fc11/Pylons-venusian/.tox/.tmp/package/1/venusian-3.1.0.tar.gz\n[Build and test/Python: 3.7-x64 on ubuntu-latest]   | py: install_package> python -I -m pip install --force-reinstall --no-deps /tmp/de65f406-fe28-11ed-a890-af2cc187fc11/Pylons-venusian/.tox/.tmp/package/2/venusian-3.1.0.tar.gz\n[Build and test/Build the documentation         ]   | .pkg: recreate env because python changed version_info=[3, 7, 11, 'final', 0]->[3, 9, 6, 'final', 0] | executable='/opt/hostedtoolcache/Python/3.7.11/x64/bin/python3.7'->'/opt/hostedtoolcache/Python/3.9.6/x64/bin/python3.9'\n[Build and test/Build the documentation         ]   | .pkg: remove tox env folder /tmp/de65f406-fe28-11ed-a890-af2cc187fc11/Pylons-venusian/.tox/.pkg\n[Build and test/Build the documentation         ]   | .pkg: install_requires> python -I -m pip install 'setuptools>=40.9.0'\n[Build and test/Validate coverage               ]   | py39: freeze> python -m pip freeze --all\n[Build and test/Validate coverage               ]   | py39: coverage==7.2.6,exceptiongroup==1.1.1,iniconfig==2.0.0,packaging==23.1,pip==23.1.2,pluggy==1.0.0,pytest==7.3.1,pytest-cov==4.1.0,setuptools==67.7.2,tomli==2.0.1,venusian @ file:///tmp/de65f406-fe28-11ed-a890-af2cc187fc11/Pylons-venusian/.tox/.tmp/package/1/venusian-3.1.0.tar.gz#sha256=87fd39ead4243394b5ff4d0af8aa3c921473d6b8c5d62630bd8eb33a081482f4,wheel==0.40.0\n[Build and test/Validate coverage               ]   | py39: commands[0]> python --version\n[Build and test/Validate coverage               ]   | Python 3.9.6\n[Build and test/Validate coverage               ]   | py39: commands[1]> python -mpytest\n[Build and test/Validate coverage               ]   | ============================= test session starts ==============================\n[Build and test/Validate coverage               ]   | platform linux -- Python 3.9.6, pytest-7.3.1, pluggy-1.0.0\n[Build and test/Validate coverage               ]   | cachedir: .tox/py39/.pytest_cache\n[Build and test/Validate coverage               ]   | rootdir: /tmp/de65f406-fe28-11ed-a890-af2cc187fc11/Pylons-venusian\n[Build and test/Validate coverage               ]   | configfile: setup.cfg\n[Build and test/Validate coverage               ]   | testpaths: tests\n[Build and test/Validate coverage               ]   | plugins: cov-4.1.0\n[Build and test/Validate coverage               ]   | collected 47 items\n[Build and test/Validate coverage               ]   | \n[Build and test/Validate coverage               ]   | tests/test_advice.py ...                                                 [  6%]\n[Build and test/Validate coverage               ]   | tests/test_venusian.py ............................................      [100%]\n[Build and test/Validate coverage               ]   | \n[Build and test/Validate coverage               ]   | ----------- coverage: platform linux, python 3.9.6-final-0 -----------\n[Build and test/Validate coverage               ]   | Name                       Stmts   Miss   Cover   Missing\n[Build and test/Validate coverage               ]   | ---------------------------------------------------------\n[Build and test/Validate coverage               ]   | src/venusian/__init__.py     178      0 100.00%\n[Build and test/Validate coverage               ]   | src/venusian/advice.py        24      0 100.00%\n[Build and test/Validate coverage               ]   | src/venusian/compat.py         7      3  57.14%   10-12\n[Build and test/Validate coverage               ]   | ---------------------------------------------------------\n[Build and test/Validate coverage               ]   | TOTAL                        209      3  98.56%\n[Build and test/Validate coverage               ]   | \n[Build and test/Validate coverage               ]   | \n[Build and test/Validate coverage               ]   | ============================== 47 passed in 0.40s ==============================\n[Build and test/Build the documentation         ]   | .pkg: _optional_hooks> python /opt/hostedtoolcache/Python/3.9.6/x64/lib/python3.9/site-packages/pyproject_api/_backend.py True setuptools.build_meta\n[Build and test/Lint the package                ]   | lint: freeze> python -m pip freeze --all\n[Build and test/Build the documentation         ]   | .pkg: get_requires_for_build_sdist> python /opt/hostedtoolcache/Python/3.9.6/x64/lib/python3.9/site-packages/pyproject_api/_backend.py True setuptools.build_meta\n[Build and test/Build the documentation         ]   | .pkg: prepare_metadata_for_build_wheel> python /opt/hostedtoolcache/Python/3.9.6/x64/lib/python3.9/site-packages/pyproject_api/_backend.py True setuptools.build_meta\n[Build and test/Build the documentation         ]   | .pkg: build_sdist> python /opt/hostedtoolcache/Python/3.9.6/x64/lib/python3.9/site-packages/pyproject_api/_backend.py True setuptools.build_meta\n[Build and test/Lint the package                ]   | lint: black==23.3.0,bleach==6.0.0,build==0.10.0,certifi==2023.5.7,cffi==1.15.1,charset-normalizer==3.1.0,check-manifest==0.49,click==8.1.3,cryptography==40.0.2,docutils==0.20.1,idna==3.4,importlib-metadata==6.6.0,isort==5.12.0,jaraco.classes==3.2.3,jeepney==0.8.0,keyring==23.13.1,markdown-it-py==2.2.0,mdurl==0.1.2,more-itertools==9.1.0,mypy-extensions==1.0.0,packaging==23.1,pathspec==0.11.1,pip==23.1.2,pkginfo==1.9.6,platformdirs==3.5.1,pycparser==2.21,Pygments==2.15.1,pyproject_hooks==1.0.0,readme-renderer==37.3,requests==2.31.0,requests-toolbelt==1.0.0,rfc3986==2.0.0,rich==13.3.5,SecretStorage==3.3.3,setuptools==67.7.2,six==1.16.0,tomli==2.0.1,twine==4.0.2,typing_extensions==4.6.2,urllib3==2.0.2,webencodings==0.5.1,wheel==0.40.0,zipp==3.15.0\n[Build and test/Lint the package                ]   | lint: commands[0]> isort --check-only --df .\n[Build and test/Build the documentation         ]   | docs: install_package_deps> python -I -m pip install 'Sphinx>=4.3.2' pylons-sphinx-themes repoze.sphinx.autointerface sphinx-copybutton\n[Build and test/Lint the package                ]   | Skipped 2 files\n[Build and test/Lint the package                ]   | lint: commands[1]> black --check --diff .\n[Build and test/Validate coverage               ]   | py39: OK \u2714 in 18.18 seconds\n[Build and test/Validate coverage               ]   | coverage: install_deps> python -I -m pip install coverage\n[Build and test/Lint the package                ]   | --- /tmp/de65f406-fe28-11ed-a890-af2cc187fc11/Pylons-venusian/src/venusian/__init__.py\t2023-05-29 14:09:44.647916 +0000\n[Build and test/Lint the package                ]   | +++ /tmp/de65f406-fe28-11ed-a890-af2cc187fc11/Pylons-venusian/src/venusian/__init__.py\t2023-05-29 14:11:19.717969 +0000\n[Build and test/Lint the package                ]   | @@ -132,11 +132,10 @@\n[Build and test/Lint the package                ]   |                  if ign(fullname):\n[Build and test/Lint the package                ]   |                      return True\n[Build and test/Lint the package                ]   |              return False\n[Build and test/Lint the package                ]   |  \n[Build and test/Lint the package                ]   |          def invoke(mod_name, name, ob):\n[Build and test/Lint the package                ]   | -\n[Build and test/Lint the package                ]   |              fullname = mod_name + \".\" + name\n[Build and test/Lint the package                ]   |  \n[Build and test/Lint the package                ]   |              if _ignore(fullname):\n[Build and test/Lint the package                ]   |                  return\n[Build and test/Lint the package                ]   |  \n[Build and test/Lint the package                ]   | @@ -385,11 +384,10 @@\n[Build and test/Lint the package                ]   |              return True\n[Build and test/Lint the package                ]   |          m[p] = True\n[Build and test/Lint the package                ]   |  \n[Build and test/Lint the package                ]   |      # iter_modules is nonrecursive\n[Build and test/Lint the package                ]   |      for importer, name, ispkg in iter_modules(path, prefix):\n[Build and test/Lint the package                ]   | -\n[Build and test/Lint the package                ]   |          if ignore is not None and ignore(name):\n[Build and test/Lint the package                ]   |              # if name is a package, ignoring here will cause\n[Build and test/Lint the package                ]   |              # all subpackages and submodules to be ignored too\n[Build and test/Lint the package                ]   |              continue\n[Build and test/Lint the package                ]   |  \n[Build and test/Lint the package                ]   | would reformat /tmp/de65f406-fe28-11ed-a890-af2cc187fc11/Pylons-venusian/src/venusian/__init__.py\n[Build and test/Lint the package                ]   | --- /tmp/de65f406-fe28-11ed-a890-af2cc187fc11/Pylons-venusian/tests/test_advice.py\t2023-05-29 14:09:44.651916 +0000\n[Build and test/Lint the package                ]   | +++ /tmp/de65f406-fe28-11ed-a890-af2cc187fc11/Pylons-venusian/tests/test_advice.py\t2023-05-29 14:11:19.966437 +0000\n[Build and test/Lint the package                ]   | @@ -46,11 +46,10 @@\n[Build and test/Lint the package                ]   |  \n[Build and test/Lint the package                ]   |  moduleLevelFrameInfo = advice.getFrameInfo(sys._getframe())\n[Build and test/Lint the package                ]   |  \n[Build and test/Lint the package                ]   |  \n[Build and test/Lint the package                ]   |  class FrameInfoTest(unittest.TestCase):\n[Build and test/Lint the package                ]   | -\n[Build and test/Lint the package                ]   |      classLevelFrameInfo = advice.getFrameInfo(sys._getframe())\n[Build and test/Lint the package                ]   |  \n[Build and test/Lint the package                ]   |      def testModuleInfo(self):\n[Build and test/Lint the package                ]   |          kind, module, f_locals, f_globals, codeinfo = moduleLevelFrameInfo\n[Build and test/Lint the package                ]   |          self.assertEqual(kind, \"module\")\n[Build and test/Lint the package                ]   | would reformat /tmp/de65f406-fe28-11ed-a890-af2cc187fc11/Pylons-venusian/tests/test_advice.py\n[Build and test/Python: 3.7-x64 on ubuntu-latest]   | py: freeze> python -m pip freeze --all\n[Build and test/Lint the package                ]   | --- /tmp/de65f406-fe28-11ed-a890-af2cc187fc11/Pylons-venusian/tests/test_venusian.py\t2023-05-29 14:09:44.651916 +0000\n[Build and test/Lint the package                ]   | +++ /tmp/de65f406-fe28-11ed-a890-af2cc187fc11/Pylons-venusian/tests/test_venusian.py\t2023-05-29 14:11:20.861962 +0000\n[Build and test/Lint the package                ]   | @@ -303,10 +303,11 @@\n[Build and test/Lint the package                ]   |      def test_importerror_during_scan_custom_onerror(self):\n[Build and test/Lint the package                ]   |          from tests.fixtures import importerror\n[Build and test/Lint the package                ]   |  \n[Build and test/Lint the package                ]   |          test = _Test()\n[Build and test/Lint the package                ]   |          scanner = self._makeOne(test=test)\n[Build and test/Lint the package                ]   | +\n[Build and test/Lint the package                ]   |          # with this custom onerror, scan will not propagate the importerror\n[Build and test/Lint the package                ]   |          # from will_raise_importerror\n[Build and test/Lint the package                ]   |          def onerror(name):\n[Build and test/Lint the package                ]   |              if not issubclass(sys.exc_info()[0], ImportError):\n[Build and test/Lint the package                ]   |                  raise\n[Build and test/Lint the package                ]   | @@ -323,10 +324,11 @@\n[Build and test/Lint the package                ]   |          from tests.fixtures import importerror_package\n[Build and test/Lint the package                ]   |  \n[Build and test/Lint the package                ]   |          md(\"tests.fixtures.importerror_package.will_cause_import_error\")\n[Build and test/Lint the package                ]   |          test = _Test()\n[Build and test/Lint the package                ]   |          scanner = self._makeOne(test=test)\n[Build and test/Lint the package                ]   | +\n[Build and test/Lint the package                ]   |          # with this custom onerror, scan will not propagate the importerror\n[Build and test/Lint the package                ]   |          # from will_raise_importerror\n[Build and test/Lint the package                ]   | would reformat /tmp/de65f406-fe28-11ed-a890-af2cc187fc11/Pylons-venusian/tests/test_venusian.py\n[Build and test/Lint the package                ]   |          def onerror(name):\n[Build and test/Lint the package                ]   |              raise ValueError\n[Build and test/Lint the package                ]   |  \n[Build and test/Lint the package                ]   | @@ -343,10 +345,11 @@\n[Build and test/Lint the package                ]   |      def test_attrerror_during_scan_custom_onerror(self):\n[Build and test/Lint the package                ]   |          from tests.fixtures import attrerror\n[Build and test/Lint the package                ]   |  \n[Build and test/Lint the package                ]   |          test = _Test()\n[Build and test/Lint the package                ]   |          scanner = self._makeOne(test=test)\n[Build and test/Lint the package                ]   | +\n[Build and test/Lint the package                ]   |          # with this custom onerror, scan will not propagate the importerror\n[Build and test/Lint the package                ]   |          # from will_raise_importerror\n[Build and test/Lint the package                ]   |          def onerror(name):\n[Build and test/Lint the package                ]   |              if not issubclass(sys.exc_info()[0], ImportError):\n[Build and test/Lint the package                ]   |                  raise\n[Build and test/Lint the package                ]   | @@ -363,10 +366,11 @@\n[Build and test/Lint the package                ]   |          from tests.fixtures import attrerror_package\n[Build and test/Lint the package                ]   |  \n[Build and test/Lint the package                ]   |          md(\"tests.fixtures.attrerror_package.will_cause_import_error\")\n[Build and test/Lint the package                ]   |          test = _Test()\n[Build and test/Lint the package                ]   |          scanner = self._makeOne(test=test)\n[Build and test/Lint the package                ]   | +\n[Build and test/Lint the package                ]   |          # with this custom onerror, scan will not propagate the importerror\n[Build and test/Lint the package                ]   |          # from will_raise_importerror\n[Build and test/Lint the package                ]   |          def onerror(name):\n[Build and test/Lint the package                ]   |              if not issubclass(sys.exc_info()[0], ImportError):\n[Build and test/Lint the package                ]   |                  raise\n[Build and test/Lint the package                ]   | \n[Build and test/Lint the package                ]   | Oh no! \ud83d\udca5 \ud83d\udc94 \ud83d\udca5\n[Build and test/Lint the package                ]   | 3 files would be reformatted, 49 files would be left unchanged.\n[Build and test/Lint the package                ]   | lint: exit 1 (1.79 seconds) /tmp/de65f406-fe28-11ed-a890-af2cc187fc11/Pylons-venusian> black --check --diff . pid=105\n[Build and test/Lint the package                ]   |   lint: FAIL code 1 (19.96=setup[17.87]+cmd[0.30,1.79] seconds)\n[Build and test/Lint the package                ]   |   evaluation failed :( (20.13 seconds)\n[Build and test/Lint the package                ]   \u274c  Failure - Main tox -e lint\n[Build and test/Python: 3.7-x64 on ubuntu-latest]   | py: coverage==7.2.6,exceptiongroup==1.1.1,importlib-metadata==6.6.0,iniconfig==2.0.0,packaging==23.1,pip==23.1.2,pluggy==1.0.0,pytest==7.3.1,pytest-cov==4.1.0,setuptools==67.7.2,tomli==2.0.1,typing_extensions==4.6.2,venusian @ file:///tmp/de65f406-fe28-11ed-a890-af2cc187fc11/Pylons-venusian/.tox/.tmp/package/2/venusian-3.1.0.tar.gz#sha256=93988a0038b72447f5abeb59bd0f68f033c8f91c9478971a20c179f48a5da8a9,wheel==0.40.0,zipp==3.15.0\n[Build and test/Python: 3.7-x64 on ubuntu-latest]   | py: commands[0]> python --version\n[Build and test/Python: 3.7-x64 on ubuntu-latest]   | Python 3.7.11\n[Build and test/Python: 3.7-x64 on ubuntu-latest]   | py: commands[1]> python -mpytest\n[Build and test/Python: 3.7-x64 on ubuntu-latest]   | ============================= test session starts ==============================\n[Build and test/Python: 3.7-x64 on ubuntu-latest]   | platform linux -- Python 3.7.11, pytest-7.3.1, pluggy-1.0.0\n[Build and test/Python: 3.7-x64 on ubuntu-latest]   | cachedir: .tox/py/.pytest_cache\n[Build and test/Python: 3.7-x64 on ubuntu-latest]   | rootdir: /tmp/de65f406-fe28-11ed-a890-af2cc187fc11/Pylons-venusian\n[Build and test/Python: 3.7-x64 on ubuntu-latest]   | configfile: setup.cfg\n[Build and test/Python: 3.7-x64 on ubuntu-latest]   | testpaths: tests\n[Build and test/Python: 3.7-x64 on ubuntu-latest]   | plugins: cov-4.1.0\n[Build and test/Python: 3.7-x64 on ubuntu-latest]   | collected 47 items\n[Build and test/Python: 3.7-x64 on ubuntu-latest]   | \n[Build and test/Python: 3.7-x64 on ubuntu-latest]   | tests/test_advice.py ...                                                 [  6%]\n[Build and test/Python: 3.7-x64 on ubuntu-latest]   | tests/test_venusian.py ............................................      [100%]\n[Build and test/Python: 3.7-x64 on ubuntu-latest]   | \n[Build and test/Python: 3.7-x64 on ubuntu-latest]   | ---------- coverage: platform linux, python 3.7.11-final-0 -----------\n[Build and test/Python: 3.7-x64 on ubuntu-latest]   | Name                       Stmts   Miss   Cover   Missing\n[Build and test/Python: 3.7-x64 on ubuntu-latest]   | ---------------------------------------------------------\n[Build and test/Python: 3.7-x64 on ubuntu-latest]   | src/venusian/__init__.py     178      0 100.00%\n[Build and test/Python: 3.7-x64 on ubuntu-latest]   | src/venusian/advice.py        24      0 100.00%\n[Build and test/Python: 3.7-x64 on ubuntu-latest]   | src/venusian/compat.py         7      3  57.14%   10-12\n[Build and test/Python: 3.7-x64 on ubuntu-latest]   | ---------------------------------------------------------\n[Build and test/Python: 3.7-x64 on ubuntu-latest]   | TOTAL                        209      3  98.56%\n[Build and test/Python: 3.7-x64 on ubuntu-latest]   | \n[Build and test/Python: 3.7-x64 on ubuntu-latest]   | \n[Build and test/Python: 3.7-x64 on ubuntu-latest]   | ============================== 47 passed in 0.29s ==============================\n[Build and test/Python: 3.7-x64 on ubuntu-latest]   | .pkg: _exit> python /opt/hostedtoolcache/Python/3.7.11/x64/lib/python3.7/site-packages/pyproject_api/_backend.py True setuptools.build_meta\n[Build and test/Lint the package                ] exitcode '1': failure\n[Build and test/Python: 3.7-x64 on ubuntu-latest]   |   py: OK (21.12=setup[20.28]+cmd[0.01,0.83] seconds)\n[Build and test/Python: 3.7-x64 on ubuntu-latest]   |   congratulations :) (21.25 seconds)\n[Build and test/Python: 3.7-x64 on ubuntu-latest]   \u2705  Success - Main Running tox\n[Build and test/Validate coverage               ]   | coverage: install_package_deps> python -I -m pip install coverage pytest pytest-cov\n[Build and test/Python: 3.7-x64 on ubuntu-latest] \u2b50 Run Post Setup python\n[Build and test/Python: 3.7-x64 on ubuntu-latest]   \ud83d\udc33  docker exec cmd=[node /var/run/act/actions/actions-setup-python@v4/dist/cache-save/index.js] user= workdir=\n[Build and test/Validate coverage               ]   | coverage: install_package> python -I -m pip install --force-reinstall --no-deps /tmp/de65f406-fe28-11ed-a890-af2cc187fc11/Pylons-venusian/.tox/.tmp/package/4/venusian-3.1.0.tar.gz\n[Build and test/Python: 3.7-x64 on ubuntu-latest]   \u2705  Success - Post Setup python\n[Build and test/Lint the package                ] \ud83c\udfc1  Job failed\n[Build and test/Validate coverage               ]   | coverage: freeze> python -m pip freeze --all\n[Build and test/Validate coverage               ]   | coverage: coverage==7.2.6,exceptiongroup==1.1.1,iniconfig==2.0.0,packaging==23.1,pip==23.1.2,pluggy==1.0.0,pytest==7.3.1,pytest-cov==4.1.0,setuptools==67.7.2,tomli==2.0.1,venusian @ file:///tmp/de65f406-fe28-11ed-a890-af2cc187fc11/Pylons-venusian/.tox/.tmp/package/4/venusian-3.1.0.tar.gz#sha256=93b78cf04d5ed50c796267cb3a070b16a88ebb843456368a6a869f3c62681bbf,wheel==0.40.0\n[Build and test/Validate coverage               ]   | coverage: commands[0]> coverage combine\n[Build and test/Validate coverage               ]   | Combined data file .coverage.py39\n[Build and test/Validate coverage               ]   | Combined data file .coverage.py\n[Build and test/Validate coverage               ]   | coverage: commands[1]> coverage xml\n[Build and test/Validate coverage               ]   | Wrote XML report to coverage.xml\n[Build and test/Validate coverage               ]   | coverage: commands[2]> coverage report --show-missing\n[Build and test/Validate coverage               ]   | Name                       Stmts   Miss   Cover   Missing\n[Build and test/Validate coverage               ]   | ---------------------------------------------------------\n[Build and test/Validate coverage               ]   | src/venusian/__init__.py     178      0 100.00%\n[Build and test/Validate coverage               ]   | src/venusian/advice.py        24      0 100.00%\n[Build and test/Validate coverage               ]   | src/venusian/compat.py         7      3  57.14%   10-12\n[Build and test/Validate coverage               ]   | ---------------------------------------------------------\n[Build and test/Validate coverage               ]   | TOTAL                        209      3  98.56%\n[Build and test/Validate coverage               ]   | .pkg: _exit> python /opt/hostedtoolcache/Python/3.9.6/x64/lib/python3.9/site-packages/pyproject_api/_backend.py True setuptools.build_meta\n[Build and test/Validate coverage               ]   |   py39: OK (18.18=setup[17.21]+cmd[0.01,0.96] seconds)\n[Build and test/Validate coverage               ]   |   coverage: OK (13.16=setup[12.48]+cmd[0.26,0.27,0.16] seconds)\n[Build and test/Validate coverage               ]   |   congratulations :) (31.51 seconds)\n[Build and test/Validate coverage               ]   \u2705  Success - Main tox -e py39,coverage\n[Build and test/Validate coverage               ] \u2b50 Run Post Setup python 3.9\n[Build and test/Validate coverage               ]   \ud83d\udc33  docker exec cmd=[node /var/run/act/actions/actions-setup-python@v4/dist/cache-save/index.js] user= workdir=\n[Build and test/Build the documentation         ]   | docs: install_package> python -I -m pip install --force-reinstall --no-deps /tmp/de65f406-fe28-11ed-a890-af2cc187fc11/Pylons-venusian/.tox/.tmp/package/3/venusian-3.1.0.tar.gz\n[Build and test/Build the documentation         ]   | docs: freeze> python -m pip freeze --all\n[Build and test/Build the documentation         ]   | docs: alabaster==0.7.13,Babel==2.12.1,certifi==2023.5.7,charset-normalizer==3.1.0,docutils==0.20.1,idna==3.4,imagesize==1.4.1,importlib-metadata==6.6.0,Jinja2==3.1.2,MarkupSafe==2.1.2,packaging==23.1,pip==23.1.2,Pygments==2.15.1,pylons-sphinx-themes==1.0.13,repoze.sphinx.autointerface==1.0.0,requests==2.31.0,setuptools==67.7.2,snowballstemmer==2.2.0,Sphinx==7.0.1,sphinx-copybutton==0.5.2,sphinxcontrib-applehelp==1.0.4,sphinxcontrib-devhelp==1.0.2,sphinxcontrib-htmlhelp==2.0.1,sphinxcontrib-jsmath==1.0.1,sphinxcontrib-qthelp==1.0.3,sphinxcontrib-serializinghtml==1.1.5,urllib3==2.0.2,venusian @ file:///tmp/de65f406-fe28-11ed-a890-af2cc187fc11/Pylons-venusian/.tox/.tmp/package/3/venusian-3.1.0.tar.gz#sha256=93b78cf04d5ed50c796267cb3a070b16a88ebb843456368a6a869f3c62681bbf,wheel==0.40.0,zipp==3.15.0,zope.interface==6.0\n[Build and test/Build the documentation         ]   | docs: commands[0]> make -C docs html BUILDDIR=/tmp/de65f406-fe28-11ed-a890-af2cc187fc11/Pylons-venusian/.tox/docs 'SPHINXOPTS=-W -E'\n[Build and test/Build the documentation         ]   | make: Entering directory '/tmp/de65f406-fe28-11ed-a890-af2cc187fc11/Pylons-venusian/docs'\n[Build and test/Build the documentation         ]   | mkdir -p /tmp/de65f406-fe28-11ed-a890-af2cc187fc11/Pylons-venusian/.tox/docs/html /tmp/de65f406-fe28-11ed-a890-af2cc187fc11/Pylons-venusian/.tox/docs/doctrees\n[Build and test/Build the documentation         ]   | sphinx-build -b html -d /tmp/de65f406-fe28-11ed-a890-af2cc187fc11/Pylons-venusian/.tox/docs/doctrees  -W -E . /tmp/de65f406-fe28-11ed-a890-af2cc187fc11/Pylons-venusian/.tox/docs/html\n[Build and test/Build the documentation         ]   | Traceback (most recent call last):\n[Build and test/Build the documentation         ]   |   File \"/tmp/de65f406-fe28-11ed-a890-af2cc187fc11/Pylons-venusian/.tox/docs/bin/sphinx-build\", line 5, in <module>\n[Build and test/Build the documentation         ]   |     from sphinx.cmd.build import main\n[Build and test/Build the documentation         ]   |   File \"/tmp/de65f406-fe28-11ed-a890-af2cc187fc11/Pylons-venusian/.tox/docs/lib/python3.9/site-packages/sphinx/cmd/build.py\", line 20, in <module>\n[Build and test/Build the documentation         ]   |     from sphinx.application import Sphinx\n[Build and test/Build the documentation         ]   |   File \"/tmp/de65f406-fe28-11ed-a890-af2cc187fc11/Pylons-venusian/.tox/docs/lib/python3.9/site-packages/sphinx/application.py\", line 25, in <module>\n[Build and test/Build the documentation         ]   |     from sphinx.config import Config\n[Build and test/Build the documentation         ]   |   File \"/tmp/de65f406-fe28-11ed-a890-af2cc187fc11/Pylons-venusian/.tox/docs/lib/python3.9/site-packages/sphinx/config.py\", line 14, in <module>\n[Build and test/Build the documentation         ]   |     from sphinx.util.i18n import format_date\n[Build and test/Build the documentation         ]   |   File \"/tmp/de65f406-fe28-11ed-a890-af2cc187fc11/Pylons-venusian/.tox/docs/lib/python3.9/site-packages/sphinx/util/i18n.py\", line 11, in <module>\n[Build and test/Build the documentation         ]   |     import babel.dates\n[Build and test/Build the documentation         ]   |   File \"/tmp/de65f406-fe28-11ed-a890-af2cc187fc11/Pylons-venusian/.tox/docs/lib/python3.9/site-packages/babel/dates.py\", line 34, in <module>\n[Build and test/Build the documentation         ]   |     from babel import localtime\n[Build and test/Build the documentation         ]   |   File \"/tmp/de65f406-fe28-11ed-a890-af2cc187fc11/Pylons-venusian/.tox/docs/lib/python3.9/site-packages/babel/localtime/__init__.py\", line 41, in <module>\n[Build and test/Build the documentation         ]   |     LOCALTZ = get_localzone()\n[Build and test/Build the documentation         ]   |   File \"/tmp/de65f406-fe28-11ed-a890-af2cc187fc11/Pylons-venusian/.tox/docs/lib/python3.9/site-packages/babel/localtime/__init__.py\", line 37, in get_localzone\n[Build and test/Build the documentation         ]   |     return _get_localzone()\n[Build and test/Build the documentation         ]   |   File \"/tmp/de65f406-fe28-11ed-a890-af2cc187fc11/Pylons-venusian/.tox/docs/lib/python3.9/site-packages/babel/localtime/_unix.py\", line 49, in _get_localzone\n[Build and test/Build the documentation         ]   |     tzinfo = _get_tzinfo(zone_name)\n[Build and test/Build the documentation         ]   |   File \"/tmp/de65f406-fe28-11ed-a890-af2cc187fc11/Pylons-venusian/.tox/docs/lib/python3.9/site-packages/babel/localtime/_helpers.py\", line 21, in _get_tzinfo\n[Build and test/Build the documentation         ]   |     return zoneinfo.ZoneInfo(tzenv)\n[Build and test/Build the documentation         ]   |   File \"/opt/hostedtoolcache/Python/3.9.6/x64/lib/python3.9/zoneinfo/_tzpath.py\", line 67, in find_tzfile\n[Build and test/Build the documentation         ]   |     _validate_tzfile_path(key)\n[Build and test/Build the documentation         ]   |   File \"/opt/hostedtoolcache/Python/3.9.6/x64/lib/python3.9/zoneinfo/_tzpath.py\", line 81, in _validate_tzfile_path\n[Build and test/Build the documentation         ]   |     raise ValueError(\n[Build and test/Build the documentation         ]   | ValueError: ZoneInfo keys may not be absolute paths, got: /UTC\n[Build and test/Build the documentation         ]   | make: Leaving directory '/tmp/de65f406-fe28-11ed-a890-af2cc187fc11/Pylons-venusian/docs'\n[Build and test/Build the documentation         ]   | make: *** [Makefile:32: html] Error 1\n[Build and test/Build the documentation         ]   | docs: exit 2 (0.31 seconds) /tmp/de65f406-fe28-11ed-a890-af2cc187fc11/Pylons-venusian> make -C docs html BUILDDIR=/tmp/de65f406-fe28-11ed-a890-af2cc187fc11/Pylons-venusian/.tox/docs 'SPHINXOPTS=-W -E' pid=134\n[Build and test/Build the documentation         ]   | .pkg: _exit> python /opt/hostedtoolcache/Python/3.9.6/x64/lib/python3.9/site-packages/pyproject_api/_backend.py True setuptools.build_meta\n[Build and test/Build the documentation         ]   |   docs: FAIL code 2 (29.86=setup[29.55]+cmd[0.31] seconds)\n[Build and test/Build the documentation         ]   |   evaluation failed :( (30.10 seconds)\n[Build and test/Build the documentation         ]   \u274c  Failure - Main tox -e docs\n[Build and test/Build the documentation         ] exitcode '2': failure\n[Build and test/Validate coverage               ]   \u2705  Success - Post Setup python 3.9\n[Build and test/Python: 3.7-x64 on ubuntu-latest] \ud83c\udfc1  Job succeeded\n[Build and test/Build the documentation         ] \ud83c\udfc1  Job failed\n[Build and test/Validate coverage               ] \ud83c\udfc1  Job succeeded\n",
    "actions_stderr": "Error: Job 'Lint the package' failed\n"
}