{
    "repository": "torchbox/django-libsass",
    "clone_url": "https://github.com/torchbox/django-libsass.git",
    "timestamp": "2023-05-29T15:20:39.260292Z",
    "clone_success": true,
    "number of actions": 1,
    "number_of_test_actions": 1,
    "actions_successful": false,
    "actions_stdout": "[Unit tests/Python 2.7, django 18] \ud83d\ude80  Start image=crawlergpt:latest\n[Unit tests/Python 2.7, django 18]   \ud83d\udc33  docker pull image=crawlergpt:latest platform= username= forcePull=false\n[Unit tests/Python 2.7, django 18]   \ud83d\udc33  docker create image=crawlergpt:latest platform= entrypoint=[\"tail\" \"-f\" \"/dev/null\"] cmd=[]\n[Unit tests/Python 2.7, django 18]   \ud83d\udc33  docker run image=crawlergpt:latest platform= entrypoint=[\"tail\" \"-f\" \"/dev/null\"] cmd=[]\n[Unit tests/Python 2.7, django 18]   \ud83d\udc33  docker exec cmd=[chown -R 1012:1000 /tmp/de65f406-fe28-11ed-a890-af2cc187fc11/torchbox-django-libsass] user=0 workdir=\n[Unit tests/Python 2.7, django 18]   \u2601  git clone 'https://github.com/actions/setup-python' # ref=v2\n[Unit tests/Python 2.7, django 18] \ud83e\uddea  Matrix: map[django-version:18 python-version:2.7]\n[Unit tests/Python 2.7, django 18] \u2b50 Run Main actions/checkout@v2\n[Unit tests/Python 2.7, django 18]   \u2705  Success - Main actions/checkout@v2\n[Unit tests/Python 2.7, django 18] \u2b50 Run Main setup python\n[Unit tests/Python 2.7, django 18]   \ud83d\udc33  docker cp src=/home/andre-silva/.cache/act/actions-setup-python@v2/ dst=/var/run/act/actions/actions-setup-python@v2/\n[Unit tests/Python 2.7, django 18]   \ud83d\udc33  docker exec cmd=[chown -R 1012:1000 /var/run/act/actions/actions-setup-python@v2/] user=0 workdir=\n[Unit tests/Python 2.7, django 18]   \ud83d\udc33  docker exec cmd=[node /var/run/act/actions/actions-setup-python@v2/dist/setup/index.js] user= workdir=\n[Unit tests/Python 2.7, django 18]   \ud83d\udcac  ::debug::Semantic version spec of 2.7 is 2.7\n[Unit tests/Python 2.7, django 18]   \ud83d\udcac  ::debug::isExplicit: \n[Unit tests/Python 2.7, django 18]   \ud83d\udcac  ::debug::explicit? false\n[Unit tests/Python 2.7, django 18]   \ud83d\udcac  ::debug::isExplicit: 2.7.18\n[Unit tests/Python 2.7, django 18]   \ud83d\udcac  ::debug::explicit? true\n[Unit tests/Python 2.7, django 18]   \ud83d\udcac  ::debug::isExplicit: 3.5.10\n[Unit tests/Python 2.7, django 18]   \ud83d\udcac  ::debug::explicit? true\n[Unit tests/Python 2.7, django 18]   \ud83d\udcac  ::debug::isExplicit: 3.6.14\n[Unit tests/Python 2.7, django 18]   \ud83d\udcac  ::debug::explicit? true\n[Unit tests/Python 2.7, django 18]   \ud83d\udcac  ::debug::isExplicit: 3.7.11\n[Unit tests/Python 2.7, django 18]   \ud83d\udcac  ::debug::explicit? true\n[Unit tests/Python 2.7, django 18]   \ud83d\udcac  ::debug::isExplicit: 3.8.11\n[Unit tests/Python 2.7, django 18]   \ud83d\udcac  ::debug::explicit? true\n[Unit tests/Python 2.7, django 18]   \ud83d\udcac  ::debug::isExplicit: 3.9.6\n[Unit tests/Python 2.7, django 18]   \ud83d\udcac  ::debug::explicit? true\n[Unit tests/Python 2.7, django 18]   \ud83d\udcac  ::debug::evaluating 6 versions\n[Unit tests/Python 2.7, django 18]   \ud83d\udcac  ::debug::matched: 2.7.18\n[Unit tests/Python 2.7, django 18]   \ud83d\udcac  ::debug::checking cache: /opt/hostedtoolcache/Python/2.7.18/x64\n[Unit tests/Python 2.7, django 18]   \ud83d\udcac  ::debug::Found tool in cache Python 2.7.18 x64\n[Unit tests/Python 2.7, django 18]   | Successfully setup CPython (2.7.18)\n[Unit tests/Python 2.7, django 18]   \u2753 add-matcher /run/act/actions/actions-setup-python@v2/.github/python.json\n[Unit tests/Python 2.7, django 18]   \u2705  Success - Main setup python\n[Unit tests/Python 2.7, django 18]   \u2699  ::set-env:: pythonLocation=/opt/hostedtoolcache/Python/2.7.18/x64\n[Unit tests/Python 2.7, django 18]   \u2699  ::set-env:: LD_LIBRARY_PATH=/opt/hostedtoolcache/Python/2.7.18/x64/lib\n[Unit tests/Python 2.7, django 18]   \u2699  ::set-output:: python-version=2.7.18\n[Unit tests/Python 2.7, django 18]   \u2699  ::add-path:: /opt/hostedtoolcache/Python/2.7.18/x64\n[Unit tests/Python 2.7, django 18]   \u2699  ::add-path:: /opt/hostedtoolcache/Python/2.7.18/x64/bin\n[Unit tests/Python 2.7, django 18] \u2b50 Run Main Install tox\n[Unit tests/Python 2.7, django 18]   \ud83d\udc33  docker exec cmd=[bash --noprofile --norc -e -o pipefail /var/run/act/workflow/2] user= workdir=\n[Unit tests/Python 2.7, django 18]   | DEPRECATION: Python 2.7 reached the end of its life on January 1st, 2020. Please upgrade your Python as Python 2.7 is no longer maintained. pip 21.0 will drop support for Python 2.7 in January 2021. More details about Python 2 support in pip can be found at https://pip.pypa.io/en/latest/development/release-process/#python-2-support pip 21.0 will remove support for this functionality.\n[Unit tests/Python 2.7, django 18]   | Collecting tox\n[Unit tests/Python 2.7, django 18]   |   Downloading tox-3.28.0-py2.py3-none-any.whl (86 kB)\n[Unit tests/Python 2.7, django 18]   | Collecting filelock>=3.0.0\n[Unit tests/Python 2.7, django 18]   |   Downloading filelock-3.2.1-py2.py3-none-any.whl (9.3 kB)\n[Unit tests/Python 2.7, django 18]   | Collecting pluggy>=0.12.0\n[Unit tests/Python 2.7, django 18]   |   Downloading pluggy-0.13.1-py2.py3-none-any.whl (18 kB)\n[Unit tests/Python 2.7, django 18]   | Collecting virtualenv!=20.0.0,!=20.0.1,!=20.0.2,!=20.0.3,!=20.0.4,!=20.0.5,!=20.0.6,!=20.0.7,>=16.0.0\n[Unit tests/Python 2.7, django 18]   |   Downloading virtualenv-20.15.1-py2.py3-none-any.whl (10.1 MB)\n[Unit tests/Python 2.7, django 18]   | Collecting packaging>=14\n[Unit tests/Python 2.7, django 18]   |   Downloading packaging-20.9-py2.py3-none-any.whl (40 kB)\n[Unit tests/Python 2.7, django 18]   | Collecting importlib-metadata>=0.12; python_version < \"3.8\"\n[Unit tests/Python 2.7, django 18]   |   Downloading importlib_metadata-2.1.3-py2.py3-none-any.whl (10 kB)\n[Unit tests/Python 2.7, django 18]   | Collecting py>=1.4.17\n[Unit tests/Python 2.7, django 18]   |   Downloading py-1.11.0-py2.py3-none-any.whl (98 kB)\n[Unit tests/Python 2.7, django 18]   | Collecting six>=1.14.0\n[Unit tests/Python 2.7, django 18]   |   Downloading six-1.16.0-py2.py3-none-any.whl (11 kB)\n[Unit tests/Python 2.7, django 18]   | Collecting toml>=0.10.2; python_version <= \"3.6\"\n[Unit tests/Python 2.7, django 18]   |   Downloading toml-0.10.2-py2.py3-none-any.whl (16 kB)\n[Unit tests/Python 2.7, django 18]   | Collecting platformdirs<3,>=2\n[Unit tests/Python 2.7, django 18]   |   Downloading platformdirs-2.0.2-py2.py3-none-any.whl (10 kB)\n[Unit tests/Python 2.7, django 18]   | Collecting importlib-resources>=1.0; python_version < \"3.7\"\n[Unit tests/Python 2.7, django 18]   |   Downloading importlib_resources-3.3.1-py2.py3-none-any.whl (26 kB)\n[Unit tests/Python 2.7, django 18]   | Collecting distlib<1,>=0.3.1\n[Unit tests/Python 2.7, django 18]   |   Downloading distlib-0.3.6-py2.py3-none-any.whl (468 kB)\n[Unit tests/Python 2.7, django 18]   | Collecting pathlib2<3,>=2.3.3; python_version < \"3.4\" and sys_platform != \"win32\"\n[Unit tests/Python 2.7, django 18]   |   Downloading pathlib2-2.3.7.post1-py2.py3-none-any.whl (18 kB)\n[Unit tests/Python 2.7, django 18]   | Collecting pyparsing>=2.0.2\n[Unit tests/Python 2.7, django 18]   |   Downloading pyparsing-2.4.7-py2.py3-none-any.whl (67 kB)\n[Unit tests/Python 2.7, django 18]   | Collecting contextlib2; python_version < \"3\"\n[Unit tests/Python 2.7, django 18]   |   Downloading contextlib2-0.6.0.post1-py2.py3-none-any.whl (9.8 kB)\n[Unit tests/Python 2.7, django 18]   | Collecting zipp>=0.5\n[Unit tests/Python 2.7, django 18]   |   Downloading zipp-1.2.0-py2.py3-none-any.whl (4.8 kB)\n[Unit tests/Python 2.7, django 18]   | Collecting configparser>=3.5; python_version < \"3\"\n[Unit tests/Python 2.7, django 18]   |   Downloading configparser-4.0.2-py2.py3-none-any.whl (22 kB)\n[Unit tests/Python 2.7, django 18]   | Collecting typing; python_version < \"3.5\"\n[Unit tests/Python 2.7, django 18]   |   Downloading typing-3.10.0.0-py2-none-any.whl (26 kB)\n[Unit tests/Python 2.7, django 18]   | Collecting singledispatch; python_version < \"3.4\"\n[Unit tests/Python 2.7, django 18]   |   Downloading singledispatch-3.7.0-py2.py3-none-any.whl (9.2 kB)\n[Unit tests/Python 2.7, django 18]   | Collecting scandir; python_version < \"3.5\"\n[Unit tests/Python 2.7, django 18]   |   Downloading scandir-1.10.0.tar.gz (33 kB)\n[Unit tests/Python 2.7, django 18]   | Using legacy 'setup.py install' for scandir, since package 'wheel' is not installed.\n[Unit tests/Python 2.7, django 18]   | Installing collected packages: filelock, contextlib2, zipp, configparser, typing, scandir, six, pathlib2, importlib-metadata, pluggy, platformdirs, singledispatch, importlib-resources, distlib, virtualenv, pyparsing, packaging, py, toml, tox\n[Unit tests/Python 2.7, django 18]   |     Running setup.py install for scandir: started\n[Unit tests/Python 2.7, django 18]   |     Running setup.py install for scandir: finished with status 'done'\n[Unit tests/Python 2.7, django 18]   | Successfully installed configparser-4.0.2 contextlib2-0.6.0.post1 distlib-0.3.6 filelock-3.2.1 importlib-metadata-2.1.3 importlib-resources-3.3.1 packaging-20.9 pathlib2-2.3.7.post1 platformdirs-2.0.2 pluggy-0.13.1 py-1.11.0 pyparsing-2.4.7 scandir-1.10.0 singledispatch-3.7.0 six-1.16.0 toml-0.10.2 tox-3.28.0 typing-3.10.0.0 virtualenv-20.15.1 zipp-1.2.0\n[Unit tests/Python 2.7, django 18]   \u2705  Success - Main Install tox\n[Unit tests/Python 2.7, django 18] \u2b50 Run Main Run Tests\n[Unit tests/Python 2.7, django 18]   \ud83d\udc33  docker exec cmd=[bash --noprofile --norc -e -o pipefail /var/run/act/workflow/3] user= workdir=\n[Unit tests/Python 2.7, django 18]   | No handlers could be found for logger \"filelock\"\n[Unit tests/Python 2.7, django 18]   | GLOB sdist-make: /tmp/de65f406-fe28-11ed-a890-af2cc187fc11/torchbox-django-libsass/setup.py\n[Unit tests/Python 2.7, django 18]   | django18 create: /tmp/de65f406-fe28-11ed-a890-af2cc187fc11/torchbox-django-libsass/.tox/django18\n[Unit tests/Python 2.7, django 18]   | django18 installdeps: Django>=1.8,<1.9\n[Unit tests/Python 2.7, django 18]   | django18 inst: /tmp/de65f406-fe28-11ed-a890-af2cc187fc11/torchbox-django-libsass/.tox/.tmp/package/1/django-libsass-0.9.zip\n[Unit tests/Python 2.7, django 18]   | django18 installed: DEPRECATION: Python 2.7 reached the end of its life on January 1st, 2020. Please upgrade your Python as Python 2.7 is no longer maintained. pip 21.0 will drop support for Python 2.7 in January 2021. More details about Python 2 support in pip can be found at https://pip.pypa.io/en/latest/development/release-process/#python-2-support pip 21.0 will remove support for this functionality.,Django==1.8.19,django-appconf==1.0.3,django-compressor==4.3.1,django-libsass @ file:///tmp/de65f406-fe28-11ed-a890-af2cc187fc11/torchbox-django-libsass/.tox/.tmp/package/1/django-libsass-0.9.zip,libsass==0.21.0,rcssmin==1.1.1,rjsmin==1.2.1,six==1.16.0\n[Unit tests/Python 2.7, django 18]   | django18 run-test-pre: PYTHONHASHSEED='2982673714'\n[Unit tests/Python 2.7, django 18]   | django18 run-test: commands[0] | python runtests.py\n[Unit tests/Python 2.7, django 18]   | E\n[Unit tests/Python 2.7, django 18]   | ======================================================================\n[Unit tests/Python 2.7, django 18]   | ERROR: tests.tests.test_sass (unittest.loader.ModuleImportFailure)\n[Unit tests/Python 2.7, django 18]   | ----------------------------------------------------------------------\n[Unit tests/Python 2.7, django 18]   | ImportError: Failed to import test module: tests.tests.test_sass\n[Unit tests/Python 2.7, django 18]   | Traceback (most recent call last):\n[Unit tests/Python 2.7, django 18]   |   File \"/opt/hostedtoolcache/Python/2.7.18/x64/lib/python2.7/unittest/loader.py\", line 254, in _find_tests\n[Unit tests/Python 2.7, django 18]   |     module = self._get_module_from_name(name)\n[Unit tests/Python 2.7, django 18]   |   File \"/opt/hostedtoolcache/Python/2.7.18/x64/lib/python2.7/unittest/loader.py\", line 232, in _get_module_from_name\n[Unit tests/Python 2.7, django 18]   |     __import__(name)\n[Unit tests/Python 2.7, django 18]   |   File \"/tmp/de65f406-fe28-11ed-a890-af2cc187fc11/torchbox-django-libsass/tests/tests/test_sass.py\", line 5, in <module>\n[Unit tests/Python 2.7, django 18]   |     from django_libsass import compile\n[Unit tests/Python 2.7, django 18]   |   File \"/tmp/de65f406-fe28-11ed-a890-af2cc187fc11/torchbox-django-libsass/django_libsass.py\", line 15, in <module>\n[Unit tests/Python 2.7, django 18]   |     from compressor.filters.base import FilterBase\n[Unit tests/Python 2.7, django 18]   |   File \"/tmp/de65f406-fe28-11ed-a890-af2cc187fc11/torchbox-django-libsass/.tox/django18/lib/python2.7/site-packages/compressor/filters/__init__.py\", line 2, in <module>\n[Unit tests/Python 2.7, django 18]   |     from compressor.filters.base import (\n[Unit tests/Python 2.7, django 18]   |   File \"/tmp/de65f406-fe28-11ed-a890-af2cc187fc11/torchbox-django-libsass/.tox/django18/lib/python2.7/site-packages/compressor/filters/base.py\", line 9, in <module>\n[Unit tests/Python 2.7, django 18]   |     from shlex import quote as shell_quote\n[Unit tests/Python 2.7, django 18]   | ImportError: cannot import name quote\n[Unit tests/Python 2.7, django 18]   | \n[Unit tests/Python 2.7, django 18]   | \n[Unit tests/Python 2.7, django 18]   | ----------------------------------------------------------------------\n[Unit tests/Python 2.7, django 18]   | Ran 1 test in 0.000s\n[Unit tests/Python 2.7, django 18]   | \n[Unit tests/Python 2.7, django 18]   | FAILED (errors=1)\n[Unit tests/Python 2.7, django 18]   | Creating test database for alias 'default'...\n[Unit tests/Python 2.7, django 18]   | Destroying test database for alias 'default'...\n[Unit tests/Python 2.7, django 18]   | ERROR: InvocationError for command /tmp/de65f406-fe28-11ed-a890-af2cc187fc11/torchbox-django-libsass/.tox/django18/bin/python runtests.py (exited with code 1)\n[Unit tests/Python 2.7, django 18]   | ___________________________________ summary ____________________________________\n[Unit tests/Python 2.7, django 18]   | ERROR:   django18: commands failed\n[Unit tests/Python 2.7, django 18]   \u274c  Failure - Main Run Tests\n[Unit tests/Python 2.7, django 18] exitcode '1': failure\n[Unit tests/Python 2.7, django 18] \ud83c\udfc1  Job failed\n",
    "actions_stderr": "Error: Job 'Python ${{ matrix.python-version }}, django ${{ matrix.django-version }}' failed\n"
}