{
    "repository": "AdoptOpenJDK/jitwatch",
    "stars": 2882,
    "language": "java",
    "size": 5355,
    "clone_url": "https://github.com/AdoptOpenJDK/jitwatch.git",
    "timestamp": "2023-06-15T14:39:50.734779Z",
    "clone_success": true,
    "number of actions": 0,
    "number_of_test_actions": 1,
    "actions_successful": true,
    "number_of_actions": 1,
    "actions_build_tools": [
        "maven"
    ],
    "actions_test_build_tools": [
        "maven"
    ],
    "actions_data": {
        "failed": false,
        "tests": [],
        "stdout": "[Java CI/Test JDK 11, ubuntu-latest] \ud83d\ude80  Start image=crawlergpt:latest\n[Java CI/Test JDK 11, ubuntu-latest]   \ud83d\udc33  docker pull image=crawlergpt:latest platform= username= forcePull=false\n[Java CI/Test JDK 11, ubuntu-latest]   \ud83d\udc33  docker create image=crawlergpt:latest platform= entrypoint=[\"tail\" \"-f\" \"/dev/null\"] cmd=[]\n[Java CI/Test JDK 11, ubuntu-latest]   \ud83d\udc33  docker run image=crawlergpt:latest platform= entrypoint=[\"tail\" \"-f\" \"/dev/null\"] cmd=[]\n[Java CI/Test JDK 11, ubuntu-latest]   \ud83d\udc33  docker exec cmd=[chown -R 1012:1000 /tmp/569e0364-0b80-11ee-a890-af2cc187fc11/AdoptOpenJDK-jitwatch] user=0 workdir=\n[Java CI/Test JDK 11, ubuntu-latest]   \u2601  git clone 'https://github.com/actions/setup-java' # ref=v1\n[Java CI/Test JDK 11, ubuntu-latest] Non-terminating error while running 'git clone': some refs were not updated\n[Java CI/Test JDK 11, ubuntu-latest] \ud83e\uddea  Matrix: map[java:11 os:ubuntu-latest]\n[Java CI/Test JDK 11, ubuntu-latest] \u2b50 Run Main actions/checkout@v1\n[Java CI/Test JDK 11, ubuntu-latest]   \u2705  Success - Main actions/checkout@v1\n[Java CI/Test JDK 11, ubuntu-latest] \u2b50 Run Main Set up JDK\n[Java CI/Test JDK 11, ubuntu-latest]   \ud83d\udc33  docker cp src=/home/andre-silva/.cache/act/actions-setup-java@v1/ dst=/var/run/act/actions/actions-setup-java@v1/\n[Java CI/Test JDK 11, ubuntu-latest]   \ud83d\udc33  docker exec cmd=[chown -R 1012:1000 /var/run/act/actions/actions-setup-java@v1/] user=0 workdir=\n[Java CI/Test JDK 11, ubuntu-latest]   \ud83d\udc33  docker exec cmd=[node /var/run/act/actions/actions-setup-java@v1/dist/setup/index.js] user= workdir=\n[Java CI/Test JDK 11, ubuntu-latest]   \ud83d\udcac  ::debug::isExplicit: \n[Java CI/Test JDK 11, ubuntu-latest]   \ud83d\udcac  ::debug::explicit? false\n[Java CI/Test JDK 11, ubuntu-latest]   \ud83d\udcac  ::debug::evaluating 0 versions\n[Java CI/Test JDK 11, ubuntu-latest]   \ud83d\udcac  ::debug::match not found\n[Java CI/Test JDK 11, ubuntu-latest]   \ud83d\udcac  ::debug::Downloading JDK from Azul\n[Java CI/Test JDK 11, ubuntu-latest]   \ud83d\udcac  ::debug::Searching for files with extension: -linux_x64.tar.gz\n[Java CI/Test JDK 11, ubuntu-latest]   \ud83d\udcac  ::debug::Downloading https://static.azul.com/zulu/bin/zulu11.64.19-ca-jdk11.0.19-linux_x64.tar.gz\n[Java CI/Test JDK 11, ubuntu-latest]   \ud83d\udcac  ::debug::Downloading /tmp/f63777b7-d4f6-4f16-9061-db6b294f7243\n[Java CI/Test JDK 11, ubuntu-latest]   \ud83d\udcac  ::debug::download complete\n[Java CI/Test JDK 11, ubuntu-latest]   | [command]/usr/bin/tar --version\n[Java CI/Test JDK 11, ubuntu-latest]   | tar (GNU tar) 1.30\n[Java CI/Test JDK 11, ubuntu-latest]   | Copyright (C) 2017 Free Software Foundation, Inc.\n[Java CI/Test JDK 11, ubuntu-latest]   | License GPLv3+: GNU GPL version 3 or later <https://gnu.org/licenses/gpl.html>.\n[Java CI/Test JDK 11, ubuntu-latest]   | This is free software: you are free to change and redistribute it.\n[Java CI/Test JDK 11, ubuntu-latest]   | There is NO WARRANTY, to the extent permitted by law.\n[Java CI/Test JDK 11, ubuntu-latest]   | \n[Java CI/Test JDK 11, ubuntu-latest]   | Written by John Gilmore and Jay Fenlason.\n[Java CI/Test JDK 11, ubuntu-latest]   | [command]/usr/bin/tar xz --warning=no-unknown-keyword -C /tmp/temp_414511328 -f /tmp/f63777b7-d4f6-4f16-9061-db6b294f7243\n[Java CI/Test JDK 11, ubuntu-latest]   \ud83d\udcac  ::debug::jdk extracted to /tmp/temp_414511328/zulu11.64.19-ca-jdk11.0.19-linux_x64\n[Java CI/Test JDK 11, ubuntu-latest]   \ud83d\udcac  ::debug::Caching tool jdk 11.0.19 x64\n[Java CI/Test JDK 11, ubuntu-latest]   \ud83d\udcac  ::debug::source dir: /tmp/temp_414511328/zulu11.64.19-ca-jdk11.0.19-linux_x64\n[Java CI/Test JDK 11, ubuntu-latest]   \ud83d\udcac  ::debug::destination /opt/hostedtoolcache/jdk/11.0.19/x64\n[Java CI/Test JDK 11, ubuntu-latest]   \ud83d\udcac  ::debug::finished caching tool\n[Java CI/Test JDK 11, ubuntu-latest]   \u2753 add-matcher /run/act/actions/actions-setup-java@v1/.github/java.json\n[Java CI/Test JDK 11, ubuntu-latest]   | creating settings.xml with server-id: github; environment variables: username=$GITHUB_ACTOR, password=$GITHUB_TOKEN, and gpg-passphrase=null\n[Java CI/Test JDK 11, ubuntu-latest]   \ud83d\udcac  ::debug::created directory /home/runneradmin/.m2\n[Java CI/Test JDK 11, ubuntu-latest]   | writing /home/runneradmin/.m2/settings.xml\n[Java CI/Test JDK 11, ubuntu-latest]   \u2705  Success - Main Set up JDK\n[Java CI/Test JDK 11, ubuntu-latest]   \u2699  ::set-env:: JAVA_HOME=/opt/hostedtoolcache/jdk/11.0.19/x64\n[Java CI/Test JDK 11, ubuntu-latest]   \u2699  ::set-env:: JAVA_HOME_11_0_19_X64=/opt/hostedtoolcache/jdk/11.0.19/x64\n[Java CI/Test JDK 11, ubuntu-latest]   \u2699  ::set-env:: JAVA_HOME_11.0.19_x64=/opt/hostedtoolcache/jdk/11.0.19/x64\n[Java CI/Test JDK 11, ubuntu-latest]   \u2699  ::set-output:: path=/opt/hostedtoolcache/jdk/11.0.19/x64\n[Java CI/Test JDK 11, ubuntu-latest]   \u2699  ::set-output:: version=11.0.19\n[Java CI/Test JDK 11, ubuntu-latest]   \u2699  ::add-path:: /opt/hostedtoolcache/jdk/11.0.19/x64/bin\n[Java CI/Test JDK 11, ubuntu-latest] \u2b50 Run Main Test with Maven\n[Java CI/Test JDK 11, ubuntu-latest]   \ud83d\udc33  docker exec cmd=[bash --noprofile --norc -e -o pipefail /var/run/act/workflow/2] user= workdir=\n[Java CI/Test JDK 11, ubuntu-latest]   | [INFO] Scanning for projects...\n[Java CI/Test JDK 11, ubuntu-latest]   | [INFO] ------------------------------------------------------------------------\n[Java CI/Test JDK 11, ubuntu-latest]   | [INFO] Reactor Build Order:\n[Java CI/Test JDK 11, ubuntu-latest]   | [INFO] \n[Java CI/Test JDK 11, ubuntu-latest]   | [INFO] JITWatch Parent                                                    [pom]\n[Java CI/Test JDK 11, ubuntu-latest]   | [INFO] JITWatch Core                                                      [jar]\n[Java CI/Test JDK 11, ubuntu-latest]   | [INFO] JITWatch UI                                                        [jar]\n[Java CI/Test JDK 11, ubuntu-latest]   | [INFO] \n[Java CI/Test JDK 11, ubuntu-latest]   | [INFO] ------------------< com.chrisnewland:jitwatch-parent >------------------\n[Java CI/Test JDK 11, ubuntu-latest]   | [INFO] Building JITWatch Parent 1.4.7                                     [1/3]\n[Java CI/Test JDK 11, ubuntu-latest]   | [INFO] --------------------------------[ pom ]---------------------------------\n[Java CI/Test JDK 11, ubuntu-latest]   | [INFO] Downloading from central: https://repo.maven.apache.org/maven2/org/apache/maven/plugins/maven-source-plugin/3.0.1/maven-source-plugin-3.0.1.pom\n[Java CI/Test JDK 11, ubuntu-latest]   | [INFO] Downloaded from central: https://repo.maven.apache.org/maven2/org/apache/maven/plugins/maven-source-plugin/3.0.1/maven-source-plugin-3.0.1.pom (5.7 kB at 14 kB/s)\n[Java CI/Test JDK 11, ubuntu-latest]   | [INFO] Downloading from central: https://repo.maven.apache.org/maven2/org/apache/maven/plugins/maven-plugins/30/maven-plugins-30.pom\n[Java CI/Test JDK 11, ubuntu-latest]   | [INFO] Downloaded from central: https://repo.maven.apache.org/maven2/org/apache/maven/plugins/maven-plugins/30/maven-plugins-30.pom (10 kB at 462 kB/s)\n[Java CI/Test JDK 11, ubuntu-latest]   | [INFO] Downloading from central: https://repo.maven.apache.org/maven2/org/apache/maven/maven-parent/30/maven-parent-30.pom\n[Java CI/Test JDK 11, ubuntu-latest]   | [INFO] Downloaded from central: https://repo.maven.apache.org/maven2/org/apache/maven/maven-parent/30/maven-parent-30.pom (41 kB at 826 kB/s)\n[Java CI/Test JDK 11, ubuntu-latest]   | [INFO] Downloading from central: https://repo.maven.apache.org/maven2/org/apache/apache/18/apache-18.pom\n[Java CI/Test JDK 11, ubuntu-latest]   | [INFO] Downloaded from central: https://repo.maven.apache.org/maven2/org/apache/apache/18/apache-18.pom (16 kB at 870 kB/s)\n[Java CI/Test JDK 11, ubuntu-latest]   | [INFO] Downloading from central: https://repo.maven.apache.org/maven2/org/apache/maven/plugins/maven-source-plugin/3.0.1/maven-source-plugin-3.0.1.jar\n[Java CI/Test JDK 11, ubuntu-latest]   | [INFO] Downloaded from central: https://repo.maven.apache.org/maven2/org/apache/maven/plugins/maven-source-plugin/3.0.1/maven-source-plugin-3.0.1.jar (31 kB at 42 kB/s)\n[Java CI/Test JDK 11, ubuntu-latest]   | [INFO] Downloading from central: https://repo.maven.apache.org/maven2/org/codehaus/mojo/exec-maven-plugin/3.0.0/exec-maven-plugin-3.0.0.pom\n[Java CI/Test JDK 11, ubuntu-latest]   | [INFO] Downloaded from central: https://repo.maven.apache.org/maven2/org/codehaus/mojo/exec-maven-plugin/3.0.0/exec-maven-plugin-3.0.0.pom (14 kB at 18 kB/s)\n[Java CI/Test JDK 11, ubuntu-latest]   | [INFO] Downloading from central: https://repo.maven.apache.org/maven2/org/codehaus/mojo/mojo-parent/50/mojo-parent-50.pom\n[Java CI/Test JDK 11, ubuntu-latest]   | [INFO] Downloaded from central: https://repo.maven.apache.org/maven2/org/codehaus/mojo/mojo-parent/50/mojo-parent-50.pom (34 kB at 310 kB/s)\n[Java CI/Test JDK 11, ubuntu-latest]   | [INFO] Downloading from central: https://repo.maven.apache.org/maven2/org/codehaus/mojo/exec-maven-plugin/3.0.0/exec-maven-plugin-3.0.0.jar\n[Java CI/Test JDK 11, ubuntu-latest]   | [INFO] Downloaded from central: https://repo.maven.apache.org/maven2/org/codehaus/mojo/exec-maven-plugin/3.0.0/exec-maven-plugin-3.0.0.jar (68 kB at 676 kB/s)\n[Java CI/Test JDK 11, ubuntu-latest]   | [INFO] \n[Java CI/Test JDK 11, ubuntu-latest]   | [INFO] -------------------< com.chrisnewland:jitwatch-core >-------------------\n[Java CI/Test JDK 11, ubuntu-latest]   | [INFO] Building JITWatch Core 1.4.7                                       [2/3]\n[Java CI/Test JDK 11, ubuntu-latest]   | [INFO] --------------------------------[ jar ]---------------------------------\n[Java CI/Test JDK 11, ubuntu-latest]   | [INFO] Downloading from central: https://repo.maven.apache.org/maven2/org/apache/maven/plugins/maven-resources-plugin/3.0.2/maven-resources-plugin-3.0.2.pom\n[Java CI/Test JDK 11, ubuntu-latest]   | [INFO] Downloaded from central: https://repo.maven.apache.org/maven2/org/apache/maven/plugins/maven-resources-plugin/3.0.2/maven-resources-plugin-3.0.2.pom (7.1 kB at 396 kB/s)\n[Java CI/Test JDK 11, ubuntu-latest]   | [INFO] Downloading from central: https://repo.maven.apache.org/maven2/org/apache/maven/plugins/maven-resources-plugin/3.0.2/maven-resources-plugin-3.0.2.jar\n[Java CI/Test JDK 11, ubuntu-latest]   | [INFO] Downloaded from central: https://repo.maven.apache.org/maven2/org/apache/maven/plugins/maven-resources-plugin/3.0.2/maven-resources-plugin-3.0.2.jar (32 kB at 1.1 MB/s)\n[Java CI/Test JDK 11, ubuntu-latest]   | [INFO] Downloading from central: https://repo.maven.apache.org/maven2/org/apache/maven/plugins/maven-compiler-plugin/3.8.1/maven-compiler-plugin-3.8.1.pom\n[Java CI/Test JDK 11, ubuntu-latest]   | [INFO] Downloaded from central: https://repo.maven.apache.org/maven2/org/apache/maven/plugins/maven-compiler-plugin/3.8.1/maven-compiler-plugin-3.8.1.pom (12 kB at 567 kB/s)\n[Java CI/Test JDK 11, ubuntu-latest]   | [INFO] Downloading from central: https://repo.maven.apache.org/maven2/org/apache/maven/plugins/maven-plugins/33/maven-plugins-33.pom\n[Java CI/Test JDK 11, ubuntu-latest]   | [INFO] Downloaded from central: https://repo.maven.apache.org/maven2/org/apache/maven/plugins/maven-plugins/33/maven-plugins-33.pom (11 kB at 445 kB/s)\n[Java CI/Test JDK 11, ubuntu-latest]   | [INFO] Downloading from central: https://repo.maven.apache.org/maven2/org/apache/maven/maven-parent/33/maven-parent-33.pom\n[Java CI/Test JDK 11, ubuntu-latest]   | [INFO] Downloaded from central: https://repo.maven.apache.org/maven2/org/apache/maven/maven-parent/33/maven-parent-33.pom (44 kB at 1.6 MB/s)\n[Java CI/Test JDK 11, ubuntu-latest]   | [INFO] Downloading from central: https://repo.maven.apache.org/maven2/org/apache/apache/21/apache-21.pom\n[Java CI/Test JDK 11, ubuntu-latest]   | [INFO] Downloaded from central: https://repo.maven.apache.org/maven2/org/apache/apache/21/apache-21.pom (17 kB at 744 kB/s)\n[Java CI/Test JDK 11, ubuntu-latest]   | [INFO] Downloading from central: https://repo.maven.apache.org/maven2/org/apache/maven/plugins/maven-compiler-plugin/3.8.1/maven-compiler-plugin-3.8.1.jar\n[Java CI/Test JDK 11, ubuntu-latest]   | [INFO] Downloaded from central: https://repo.maven.apache.org/maven2/org/apache/maven/plugins/maven-compiler-plugin/3.8.1/maven-compiler-plugin-3.8.1.jar (62 kB at 1.9 MB/s)\n[Java CI/Test JDK 11, ubuntu-latest]   | [INFO] Downloading from central: https://repo.maven.apache.org/maven2/org/apache/maven/plugins/maven-surefire-plugin/2.22.2/maven-surefire-plugin-2.22.2.pom\n[Java CI/Test JDK 11, ubuntu-latest]   | [INFO] Downloaded from central: https://repo.maven.apache.org/maven2/org/apache/maven/plugins/maven-surefire-plugin/2.22.2/maven-surefire-plugin-2.22.2.pom (5.0 kB at 277 kB/s)\n[Java CI/Test JDK 11, ubuntu-latest]   | [INFO] Downloading from central: https://repo.maven.apache.org/maven2/org/apache/maven/surefire/surefire/2.22.2/surefire-2.22.2.pom\n[Java CI/Test JDK 11, ubuntu-latest]   | [INFO] Downloaded from central: https://repo.maven.apache.org/maven2/org/apache/maven/surefire/surefire/2.22.2/surefire-2.22.2.pom (26 kB at 1.1 MB/s)\n[Java CI/Test JDK 11, ubuntu-latest]   | [INFO] Downloading from central: https://repo.maven.apache.org/maven2/org/apache/maven/plugins/maven-surefire-plugin/2.22.2/maven-surefire-plugin-2.22.2.jar\n[Java CI/Test JDK 11, ubuntu-latest]   | [INFO] Downloaded from central: https://repo.maven.apache.org/maven2/org/apache/maven/plugins/maven-surefire-plugin/2.22.2/maven-surefire-plugin-2.22.2.jar (41 kB at 1.2 MB/s)\n[Java CI/Test JDK 11, ubuntu-latest]   | [INFO] Downloading from central: https://repo.maven.apache.org/maven2/com/chrisnewland/FreeLogJ/0.0.1/FreeLogJ-0.0.1.pom\n[Java CI/Test JDK 11, ubuntu-latest]   | [INFO] Downloaded from central: https://repo.maven.apache.org/maven2/com/chrisnewland/FreeLogJ/0.0.1/FreeLogJ-0.0.1.pom (5.0 kB at 14 kB/s)\n[Java CI/Test JDK 11, ubuntu-latest]   | [INFO] Downloading from central: https://repo.maven.apache.org/maven2/junit/junit/4.13.1/junit-4.13.1.pom\n[Java CI/Test JDK 11, ubuntu-latest]   | [INFO] Downloaded from central: https://repo.maven.apache.org/maven2/junit/junit/4.13.1/junit-4.13.1.pom (25 kB at 783 kB/s)\n[Java CI/Test JDK 11, ubuntu-latest]   | [INFO] Downloading from central: https://repo.maven.apache.org/maven2/org/hamcrest/hamcrest-core/1.3/hamcrest-core-1.3.pom\n[Java CI/Test JDK 11, ubuntu-latest]   | [INFO] Downloaded from central: https://repo.maven.apache.org/maven2/org/hamcrest/hamcrest-core/1.3/hamcrest-core-1.3.pom (766 B at 59 kB/s)\n[Java CI/Test JDK 11, ubuntu-latest]   | [INFO] Downloading from central: https://repo.maven.apache.org/maven2/org/hamcrest/hamcrest-parent/1.3/hamcrest-parent-1.3.pom\n[Java CI/Test JDK 11, ubuntu-latest]   | [INFO] Downloaded from central: https://repo.maven.apache.org/maven2/org/hamcrest/hamcrest-parent/1.3/hamcrest-parent-1.3.pom (2.0 kB at 82 kB/s)\n[Java CI/Test JDK 11, ubuntu-latest]   | [INFO] Downloading from central: https://repo.maven.apache.org/maven2/com/chrisnewland/FreeLogJ/0.0.1/FreeLogJ-0.0.1.jar\n[Java CI/Test JDK 11, ubuntu-latest]   | [INFO] Downloading from central: https://repo.maven.apache.org/maven2/junit/junit/4.13.1/junit-4.13.1.jar\n[Java CI/Test JDK 11, ubuntu-latest]   | [INFO] Downloading from central: https://repo.maven.apache.org/maven2/org/hamcrest/hamcrest-core/1.3/hamcrest-core-1.3.jar\n[Java CI/Test JDK 11, ubuntu-latest]   | [INFO] Downloaded from central: https://repo.maven.apache.org/maven2/org/hamcrest/hamcrest-core/1.3/hamcrest-core-1.3.jar (45 kB at 804 kB/s)\n[Java CI/Test JDK 11, ubuntu-latest]   | [INFO] Downloaded from central: https://repo.maven.apache.org/maven2/junit/junit/4.13.1/junit-4.13.1.jar (383 kB at 4.1 MB/s)\n[Java CI/Test JDK 11, ubuntu-latest]   | [INFO] Downloaded from central: https://repo.maven.apache.org/maven2/com/chrisnewland/FreeLogJ/0.0.1/FreeLogJ-0.0.1.jar (7.3 kB at 22 kB/s)\n[Java CI/Test JDK 11, ubuntu-latest]   | [INFO] \n[Java CI/Test JDK 11, ubuntu-latest]   | [INFO] --- maven-resources-plugin:3.0.2:resources (default-resources) @ jitwatch-core ---\n[Java CI/Test JDK 11, ubuntu-latest]   | [INFO] Downloading from central: https://repo.maven.apache.org/maven2/org/apache/maven/maven-plugin-api/3.0/maven-plugin-api-3.0.pom\n[Java CI/Test JDK 11, ubuntu-latest]   | [INFO] Downloaded from central: https://repo.maven.apache.org/maven2/org/apache/maven/maven-plugin-api/3.0/maven-plugin-api-3.0.pom (2.3 kB at 254 kB/s)\n[Java CI/Test JDK 11, ubuntu-latest]   | [INFO] Downloading from central: https://repo.maven.apache.org/maven2/org/apache/maven/maven/3.0/maven-3.0.pom\n[Java CI/Test JDK 11, ubuntu-latest]   | [INFO] Downloaded from central: https://repo.maven.apache.org/maven2/org/apache/maven/maven/3.0/maven-3.0.pom (22 kB at 1.6 MB/s)\n[Java CI/Test JDK 11, ubuntu-latest]   | [INFO] Downloading from central: https://repo.maven.apache.org/maven2/org/apache/maven/maven-parent/15/maven-parent-15.pom\n[Java CI/Test JDK 11, ubuntu-latest]   | [INFO] Downloaded from central: https://repo.maven.apache.org/maven2/org/apache/maven/maven-parent/15/maven-parent-15.pom (24 kB at 1.7 MB/s)\n[Java CI/Test JDK 11, ubuntu-latest]   | [INFO] Downloading from central: https://repo.maven.apache.org/maven2/org/apache/apache/6/apache-6.pom\n[Java CI/Test JDK 11, ubuntu-latest]   | [INFO] Downloaded from central: https://repo.maven.apache.org/maven2/org/apache/apache/6/apache-6.pom (13 kB at 711 kB/s)\n[Java CI/Test JDK 11, ubuntu-latest]   | [INFO] Downloading from central: https://repo.maven.apache.org/maven2/org/apache/maven/maven-model/3.0/maven-model-3.0.pom\n[Java CI/Test JDK 11, ubuntu-latest]   | [INFO] Downloaded from central: https://repo.maven.apache.org/maven2/org/apache/maven/maven-model/3.0/maven-model-3.0.pom (3.9 kB at 354 kB/s)\n[Java CI/Test JDK 11, ubuntu-latest]   | [INFO] Downloading from central: https://repo.maven.apache.org/maven2/org/codehaus/plexus/plexus-utils/2.0.4/plexus-utils-2.0.4.pom\n[Java CI/Test JDK 11, ubuntu-latest]   | [INFO] Downloaded from central: https://repo.maven.apache.org/maven2/org/codehaus/plexus/plexus-utils/2.0.4/plexus-utils-2.0.4.pom (3.3 kB at 556 kB/s)\n[Java CI/Test JDK 11, ubuntu-latest]   | [INFO] Downloading from central: https://repo.maven.apache.org/maven2/org/codehaus/plexus/plexus/2.0.6/plexus-2.0.6.pom\n[Java CI/Test JDK 11, ubuntu-latest]   | [INFO] Downloaded from central: https://repo.maven.apache.org/maven2/org/codehaus/plexus/plexus/2.0.6/plexus-2.0.6.pom (17 kB at 1.3 MB/s)\n[Java CI/Test JDK 11, ubuntu-latest]   | [INFO] Downloading from central: https://repo.maven.apache.org/maven2/org/apache/maven/maven-artifact/3.0/maven-artifact-3.0.pom\n[Java CI/Test JDK 11, ubuntu-latest]   | [INFO] Downloaded from central: https://repo.maven.apache.org/maven2/org/apache/maven/maven-artifact/3.0/maven-artifact-3.0.pom (1.9 kB at 275 kB/s)\n[Java CI/Test JDK 11, ubuntu-latest]   | [INFO] Downloading from central: https://repo.maven.apache.org/maven2/org/sonatype/sisu/sisu-inject-plexus/1.4.2/sisu-inject-plexus-1.4.2.pom\n[Java CI/Test JDK 11, ubuntu-latest]   | [INFO] Downloaded from central: https://repo.maven.apache.org/maven2/org/sonatype/sisu/sisu-inject-plexus/1.4.2/sisu-inject-plexus-1.4.2.pom (5.4 kB at 671 kB/s)\n[Java CI/Test JDK 11, ubuntu-latest]   | [INFO] Downloading from central: https://repo.maven.apache.org/maven2/org/sonatype/sisu/inject/guice-plexus/1.4.2/guice-plexus-1.4.2.pom\n[Java CI/Test JDK 11, ubuntu-latest]   | [INFO] Downloaded from central: https://repo.maven.apache.org/maven2/org/sonatype/sisu/inject/guice-plexus/1.4.2/guice-plexus-1.4.2.pom (3.1 kB at 447 kB/s)\n[Java CI/Test JDK 11, ubuntu-latest]   | [INFO] Downloading from central: https://repo.maven.apache.org/maven2/org/sonatype/sisu/inject/guice-bean/1.4.2/guice-bean-1.4.2.pom\n[Java CI/Test JDK 11, ubuntu-latest]   | [INFO] Downloaded from central: https://repo.maven.apache.org/maven2/org/sonatype/sisu/inject/guice-bean/1.4.2/guice-bean-1.4.2.pom (2.6 kB at 372 kB/s)\n[Java CI/Test JDK 11, ubuntu-latest]   | [INFO] Downloading from central: https://repo.maven.apache.org/maven2/org/sonatype/sisu/sisu-inject/1.4.2/sisu-inject-1.4.2.pom\n[Java CI/Test JDK 11, ubuntu-latest]   | [INFO] Downloaded from central: https://repo.maven.apache.org/maven2/org/sonatype/sisu/sisu-inject/1.4.2/sisu-inject-1.4.2.pom (1.2 kB at 208 kB/s)\n[Java CI/Test JDK 11, ubuntu-latest]   | [INFO] Downloading from central: https://repo.maven.apache.org/maven2/org/sonatype/sisu/sisu-parent/1.4.2/sisu-parent-1.4.2.pom\n[Java CI/Test JDK 11, ubuntu-latest]   | [INFO] Downloaded from central: https://repo.maven.apache.org/maven2/org/sonatype/sisu/sisu-parent/1.4.2/sisu-parent-1.4.2.pom (7.8 kB at 864 kB/s)\n[Java CI/Test JDK 11, ubuntu-latest]   | [INFO] Downloading from central: https://repo.maven.apache.org/maven2/org/sonatype/forge/forge-parent/6/forge-parent-6.pom\n[Java CI/Test JDK 11, ubuntu-latest]   | [INFO] Downloaded from central: https://repo.maven.apache.org/maven2/org/sonatype/forge/forge-parent/6/forge-parent-6.pom (11 kB at 1.2 MB/s)\n[Java CI/Test JDK 11, ubuntu-latest]   | [INFO] Downloading from central: https://repo.maven.apache.org/maven2/org/codehaus/plexus/plexus-component-annotations/1.6/plexus-component-annotations-1.6.pom\n[Java CI/Test JDK 11, ubuntu-latest]   | [INFO] Downloaded from central: https://repo.maven.apache.org/maven2/org/codehaus/plexus/plexus-component-annotations/1.6/plexus-component-annotations-1.6.pom (748 B at 107 kB/s)\n[Java CI/Test JDK 11, ubuntu-latest]   | [INFO] Downloading from central: https://repo.maven.apache.org/maven2/org/codehaus/plexus/plexus-containers/1.6/plexus-containers-1.6.pom\n[Java CI/Test JDK 11, ubuntu-latest]   | [INFO] Downloaded from central: https://repo.maven.apache.org/maven2/org/codehaus/plexus/plexus-containers/1.6/plexus-containers-1.6.pom (3.8 kB at 628 kB/s)\n[Java CI/Test JDK 11, ubuntu-latest]   | [INFO] Downloading from central: https://repo.maven.apache.org/maven2/org/codehaus/plexus/plexus/3.3.2/plexus-3.3.2.pom\n[Java CI/Test JDK 11, ubuntu-latest]   | [INFO] Downloaded from central: https://repo.maven.apache.org/maven2/org/codehaus/plexus/plexus/3.3.2/plexus-3.3.2.pom (22 kB at 2.0 MB/s)\n[Java CI/Test JDK 11, ubuntu-latest]   | [INFO] Downloading from central: https://repo.maven.apache.org/maven2/org/sonatype/spice/spice-parent/17/spice-parent-17.pom\n[Java CI/Test JDK 11, ubuntu-latest]   | [INFO] Downloaded from central: https://repo.maven.apache.org/maven2/org/sonatype/spice/spice-parent/17/spice-parent-17.pom (6.8 kB at 845 kB/s)\n[Java CI/Test JDK 11, ubuntu-latest]   | [INFO] Downloading from central: https://repo.maven.apache.org/maven2/org/sonatype/forge/forge-parent/10/forge-parent-10.pom\n[Java CI/Test JDK 11, ubuntu-latest]   | [INFO] Downloaded from central: https://repo.maven.apache.org/maven2/org/sonatype/forge/forge-parent/10/forge-parent-10.pom (14 kB at 1.1 MB/s)\n[Java CI/Test JDK 11, ubuntu-latest]   | [INFO] Downloading from central: https://repo.maven.apache.org/maven2/org/codehaus/plexus/plexus-classworlds/2.2.3/plexus-classworlds-2.2.3.pom\n[Java CI/Test JDK 11, ubuntu-latest]   | [INFO] Downloaded from central: https://repo.maven.apache.org/maven2/org/codehaus/plexus/plexus-classworlds/2.2.3/plexus-classworlds-2.2.3.pom (4.0 kB at 571 kB/s)\n[Java CI/Test JDK 11, ubuntu-latest]   | [INFO] Downloading from central: https://repo.maven.apache.org/maven2/org/codehaus/plexus/plexus-utils/2.0.5/plexus-utils-2.0.5.pom\n[Java CI/Test JDK 11, ubuntu-latest]   | [INFO] Downloaded from central: https://repo.maven.apache.org/maven2/org/codehaus/plexus/plexus-utils/2.0.5/plexus-utils-2.0.5.pom (3.3 kB at 476 kB/s)\n[Java CI/Test JDK 11, ubuntu-latest]   | [INFO] Downloading from central: https://repo.maven.apache.org/maven2/org/sonatype/sisu/sisu-inject-bean/1.4.2/sisu-inject-bean-1.4.2.pom\n[Java CI/Test JDK 11, ubuntu-latest]   | [INFO] Downloaded from central: https://repo.maven.apache.org/maven2/org/sonatype/sisu/sisu-inject-bean/1.4.2/sisu-inject-bean-1.4.2.pom (5.5 kB at 780 kB/s)\n[Java CI/Test JDK 11, ubuntu-latest]   | [INFO] Downloading from central: https://repo.maven.apache.org/maven2/org/sonatype/sisu/sisu-guice/2.1.7/sisu-guice-2.1.7.pom\n[Java CI/Test JDK 11, ubuntu-latest]   | [INFO] Downloaded from central: https://repo.maven.apache.org/maven2/org/sonatype/sisu/sisu-guice/2.1.7/sisu-guice-2.1.7.pom (11 kB at 1.1 MB/s)\n[Java CI/Test JDK 11, ubuntu-latest]   | [INFO] Downloading from central: https://repo.maven.apache.org/maven2/org/apache/maven/maven-core/3.0/maven-core-3.0.pom\n[Java CI/Test JDK 11, ubuntu-latest]   | [INFO] Downloaded from central: https://repo.maven.apache.org/maven2/org/apache/maven/maven-core/3.0/maven-core-3.0.pom (6.6 kB at 947 kB/s)\n[Java CI/Test JDK 11, ubuntu-latest]   | [INFO] Downloading from central: https://repo.maven.apache.org/maven2/org/apache/maven/maven-settings/3.0/maven-settings-3.0.pom\n[Java CI/Test JDK 11, ubuntu-latest]   | [INFO] Downloaded from central: https://repo.maven.apache.org/maven2/org/apache/maven/maven-settings/3.0/maven-settings-3.0.pom (1.9 kB at 269 kB/s)\n[Java CI/Test JDK 11, ubuntu-latest]   | [INFO] Downloading from central: https://repo.maven.apache.org/maven2/org/apache/maven/maven-settings-builder/3.0/maven-settings-builder-3.0.pom\n[Java CI/Test JDK 11, ubuntu-latest]   | [INFO] Downloaded from central: https://repo.maven.apache.org/maven2/org/apache/maven/maven-settings-builder/3.0/maven-settings-builder-3.0.pom (2.2 kB at 317 kB/s)\n[Java CI/Test JDK 11, ubuntu-latest]   | [INFO] Downloading from central: https://repo.maven.apache.org/maven2/org/codehaus/plexus/plexus-interpolation/1.14/plexus-interpolation-1.14.pom\n[Java CI/Test JDK 11, ubuntu-latest]   | [INFO] Downloaded from central: https://repo.maven.apache.org/maven2/org/codehaus/plexus/plexus-interpolation/1.14/plexus-interpolation-1.14.pom (910 B at 130 kB/s)\n[Java CI/Test JDK 11, ubuntu-latest]   | [INFO] Downloading from central: https://repo.maven.apache.org/maven2/org/codehaus/plexus/plexus-components/1.1.18/plexus-components-1.1.18.pom\n[Java CI/Test JDK 11, ubuntu-latest]   | [INFO] Downloaded from central: https://repo.maven.apache.org/maven2/org/codehaus/plexus/plexus-components/1.1.18/plexus-components-1.1.18.pom (5.4 kB at 765 kB/s)\n[Java CI/Test JDK 11, ubuntu-latest]   | [INFO] Downloading from central: https://repo.maven.apache.org/maven2/org/codehaus/plexus/plexus/2.0.7/plexus-2.0.7.pom\n[Java CI/Test JDK 11, ubuntu-latest]   | [INFO] Downloaded from central: https://repo.maven.apache.org/maven2/org/codehaus/plexus/plexus/2.0.7/plexus-2.0.7.pom (17 kB at 1.6 MB/s)\n[Java CI/Test JDK 11, ubuntu-latest]   | [INFO] Downloading from central: https://repo.maven.apache.org/maven2/org/sonatype/plexus/plexus-sec-dispatcher/1.3/plexus-sec-dispatcher-1.3.pom\n[Java CI/Test JDK 11, ubuntu-latest]   | [INFO] Downloaded from central: https://repo.maven.apache.org/maven2/org/sonatype/plexus/plexus-sec-dispatcher/1.3/plexus-sec-dispatcher-1.3.pom (3.0 kB at 370 kB/s)\n[Java CI/Test JDK 11, ubuntu-latest]   | [INFO] Downloading from central: https://repo.maven.apache.org/maven2/org/sonatype/spice/spice-parent/12/spice-parent-12.pom\n[Java CI/Test JDK 11, ubuntu-latest]   | [INFO] Downloaded from central: https://repo.maven.apache.org/maven2/org/sonatype/spice/spice-parent/12/spice-parent-12.pom (6.8 kB at 850 kB/s)\n[Java CI/Test JDK 11, ubuntu-latest]   | [INFO] Downloading from central: https://repo.maven.apache.org/maven2/org/sonatype/forge/forge-parent/4/forge-parent-4.pom\n[Java CI/Test JDK 11, ubuntu-latest]   | [INFO] Downloaded from central: https://repo.maven.apache.org/maven2/org/sonatype/forge/forge-parent/4/forge-parent-4.pom (8.4 kB at 1.0 MB/s)\n[Java CI/Test JDK 11, ubuntu-latest]   | [INFO] Downloading from central: https://repo.maven.apache.org/maven2/org/codehaus/plexus/plexus-utils/1.5.5/plexus-utils-1.5.5.pom\n[Java CI/Test JDK 11, ubuntu-latest]   | [INFO] Downloaded from central: https://repo.maven.apache.org/maven2/org/codehaus/plexus/plexus-utils/1.5.5/plexus-utils-1.5.5.pom (5.1 kB at 643 kB/s)\n[Java CI/Test JDK 11, ubuntu-latest]   | [INFO] Downloading from central: https://repo.maven.apache.org/maven2/org/codehaus/plexus/plexus/1.0.11/plexus-1.0.11.pom\n[Java CI/Test JDK 11, ubuntu-latest]   | [INFO] Downloaded from central: https://repo.maven.apache.org/maven2/org/codehaus/plexus/plexus/1.0.11/plexus-1.0.11.pom (9.0 kB at 997 kB/s)\n[Java CI/Test JDK 11, ubuntu-latest]   | [INFO] Downloading from central: https://repo.maven.apache.org/maven2/org/sonatype/plexus/plexus-cipher/1.4/plexus-cipher-1.4.pom\n[Java CI/Test JDK 11, ubuntu-latest]   | [INFO] Downloaded from central: https://repo.maven.apache.org/maven2/org/sonatype/plexus/plexus-cipher/1.4/plexus-cipher-1.4.pom (2.1 kB at 295 kB/s)\n[Java CI/Test JDK 11, ubuntu-latest]   | [INFO] Downloading from central: https://repo.maven.apache.org/maven2/org/apache/maven/maven-repository-metadata/3.0/maven-repository-metadata-3.0.pom\n[Java CI/Test JDK 11, ubuntu-latest]   | [INFO] Downloaded from central: https://repo.maven.apache.org/maven2/org/apache/maven/maven-repository-metadata/3.0/maven-repository-metadata-3.0.pom (1.9 kB at 214 kB/s)\n[Java CI/Test JDK 11, ubuntu-latest]   | [INFO] Downloading from central: https://repo.maven.apache.org/maven2/org/apache/maven/maven-model-builder/3.0/maven-model-builder-3.0.pom\n[Java CI/Test JDK 11, ubuntu-latest]   | [INFO] Downloaded from central: https://repo.maven.apache.org/maven2/org/apache/maven/maven-model-builder/3.0/maven-model-builder-3.0.pom (2.2 kB at 225 kB/s)\n[Java CI/Test JDK 11, ubuntu-latest]   | [INFO] Downloading from central: https://repo.maven.apache.org/maven2/org/apache/maven/maven-aether-provider/3.0/maven-aether-provider-3.0.pom\n[Java CI/Test JDK 11, ubuntu-latest]   | [INFO] Downloaded from central: https://repo.maven.apache.org/maven2/org/apache/maven/maven-aether-provider/3.0/maven-aether-provider-3.0.pom (2.5 kB at 309 kB/s)\n[Java CI/Test JDK 11, ubuntu-latest]   | [INFO] Downloading from central: https://repo.maven.apache.org/maven2/org/sonatype/aether/aether-api/1.7/aether-api-1.7.pom\n[Java CI/Test JDK 11, ubuntu-latest]   | [INFO] Downloaded from central: https://repo.maven.apache.org/maven2/org/sonatype/aether/aether-api/1.7/aether-api-1.7.pom (1.7 kB at 186 kB/s)\n[Java CI/Test JDK 11, ubuntu-latest]   | [INFO] Downloading from central: https://repo.maven.apache.org/maven2/org/sonatype/aether/aether-parent/1.7/aether-parent-1.7.pom\n[Java CI/Test JDK 11, ubuntu-latest]   | [INFO] Downloaded from central: https://repo.maven.apache.org/maven2/org/sonatype/aether/aether-parent/1.7/aether-parent-1.7.pom (7.7 kB at 858 kB/s)\n[Java CI/Test JDK 11, ubuntu-latest]   | [INFO] Downloading from central: https://repo.maven.apache.org/maven2/org/sonatype/aether/aether-util/1.7/aether-util-1.7.pom\n[Java CI/Test JDK 11, ubuntu-latest]   | [INFO] Downloaded from central: https://repo.maven.apache.org/maven2/org/sonatype/aether/aether-util/1.7/aether-util-1.7.pom (2.1 kB at 229 kB/s)\n[Java CI/Test JDK 11, ubuntu-latest]   | [INFO] Downloading from central: https://repo.maven.apache.org/maven2/org/sonatype/aether/aether-impl/1.7/aether-impl-1.7.pom\n[Java CI/Test JDK 11, ubuntu-latest]   | [INFO] Downloaded from central: https://repo.maven.apache.org/maven2/org/sonatype/aether/aether-impl/1.7/aether-impl-1.7.pom (3.7 kB at 410 kB/s)\n[Java CI/Test JDK 11, ubuntu-latest]   | [INFO] Downloading from central: https://repo.maven.apache.org/maven2/org/sonatype/aether/aether-spi/1.7/aether-spi-1.7.pom\n[Java CI/Test JDK 11, ubuntu-latest]   | [INFO] Downloaded from central: https://repo.maven.apache.org/maven2/org/sonatype/aether/aether-spi/1.7/aether-spi-1.7.pom (1.7 kB at 193 kB/s)\n[Java CI/Test JDK 11, ubuntu-latest]   | [INFO] Downloading from central: https://repo.maven.apache.org/maven2/org/codehaus/plexus/plexus-utils/3.0.24/plexus-utils-3.0.24.pom\n[Java CI/Test JDK 11, ubuntu-latest]   | [INFO] Downloaded from central: https://repo.maven.apache.org/maven2/org/codehaus/plexus/plexus-utils/3.0.24/plexus-utils-3.0.24.pom (4.1 kB at 516 kB/s)\n[Java CI/Test JDK 11, ubuntu-latest]   | [INFO] Downloading from central: https://repo.maven.apache.org/maven2/org/codehaus/plexus/plexus/4.0/plexus-4.0.pom\n[Java CI/Test JDK 11, ubuntu-latest]   | [INFO] Downloaded from central: https://repo.maven.apache.org/maven2/org/codehaus/plexus/plexus/4.0/plexus-4.0.pom (22 kB at 977 kB/s)\n[Java CI/Test JDK 11, ubuntu-latest]   | [INFO] Downloading from central: https://repo.maven.apache.org/maven2/org/apache/maven/shared/maven-filtering/3.1.1/maven-filtering-3.1.1.pom\n[Java CI/Test JDK 11, ubuntu-latest]   | [INFO] Downloaded from central: https://repo.maven.apache.org/maven2/org/apache/maven/shared/maven-filtering/3.1.1/maven-filtering-3.1.1.pom (5.7 kB at 568 kB/s)\n[Java CI/Test JDK 11, ubuntu-latest]   | [INFO] Downloading from central: https://repo.maven.apache.org/maven2/org/apache/maven/shared/maven-shared-components/30/maven-shared-components-30.pom\n[Java CI/Test JDK 11, ubuntu-latest]   | [INFO] Downloaded from central: https://repo.maven.apache.org/maven2/org/apache/maven/shared/maven-shared-components/30/maven-shared-components-30.pom (4.6 kB at 382 kB/s)\n[Java CI/Test JDK 11, ubuntu-latest]   | [INFO] Downloading from central: https://repo.maven.apache.org/maven2/org/apache/maven/shared/maven-shared-utils/3.0.0/maven-shared-utils-3.0.0.pom\n[Java CI/Test JDK 11, ubuntu-latest]   | [INFO] Downloaded from central: https://repo.maven.apache.org/maven2/org/apache/maven/shared/maven-shared-utils/3.0.0/maven-shared-utils-3.0.0.pom (5.6 kB at 465 kB/s)\n[Java CI/Test JDK 11, ubuntu-latest]   | [INFO] Downloading from central: https://repo.maven.apache.org/maven2/org/apache/maven/shared/maven-shared-components/21/maven-shared-components-21.pom\n[Java CI/Test JDK 11, ubuntu-latest]   | [INFO] Downloaded from central: https://repo.maven.apache.org/maven2/org/apache/maven/shared/maven-shared-components/21/maven-shared-components-21.pom (5.1 kB at 511 kB/s)\n[Java CI/Test JDK 11, ubuntu-latest]   | [INFO] Downloading from central: https://repo.maven.apache.org/maven2/org/apache/maven/maven-parent/25/maven-parent-25.pom\n[Java CI/Test JDK 11, ubuntu-latest]   | [INFO] Downloaded from central: https://repo.maven.apache.org/maven2/org/apache/maven/maven-parent/25/maven-parent-25.pom (37 kB at 1.3 MB/s)\n[Java CI/Test JDK 11, ubuntu-latest]   | [INFO] Downloading from central: https://repo.maven.apache.org/maven2/org/apache/apache/15/apache-15.pom\n[Java CI/Test JDK 11, ubuntu-latest]   | [INFO] Downloaded from central: https://repo.maven.apache.org/maven2/org/apache/apache/15/apache-15.pom (15 kB at 1.3 MB/s)\n[Java CI/Test JDK 11, ubuntu-latest]   | [INFO] Downloading from central: https://repo.maven.apache.org/maven2/commons-io/commons-io/2.4/commons-io-2.4.pom\n[Java CI/Test JDK 11, ubuntu-latest]   | [INFO] Downloaded from central: https://repo.maven.apache.org/maven2/commons-io/commons-io/2.4/commons-io-2.4.pom (10 kB at 847 kB/s)\n[Java CI/Test JDK 11, ubuntu-latest]   | [INFO] Downloading from central: https://repo.maven.apache.org/maven2/org/apache/commons/commons-parent/25/commons-parent-25.pom\n[Java CI/Test JDK 11, ubuntu-latest]   | [INFO] Downloaded from central: https://repo.maven.apache.org/maven2/org/apache/commons/commons-parent/25/commons-parent-25.pom (48 kB at 1.6 MB/s)\n[Java CI/Test JDK 11, ubuntu-latest]   | [INFO] Downloading from central: https://repo.maven.apache.org/maven2/org/apache/apache/9/apache-9.pom\n[Java CI/Test JDK 11, ubuntu-latest]   | [INFO] Downloaded from central: https://repo.maven.apache.org/maven2/org/apache/apache/9/apache-9.pom (15 kB at 1.4 MB/s)\n[Java CI/Test JDK 11, ubuntu-latest]   | [INFO] Downloading from central: https://repo.maven.apache.org/maven2/com/google/code/findbugs/jsr305/2.0.1/jsr305-2.0.1.pom\n[Java CI/Test JDK 11, ubuntu-latest]   | [INFO] Downloaded from central: https://repo.maven.apache.org/maven2/com/google/code/findbugs/jsr305/2.0.1/jsr305-2.0.1.pom (965 B at 138 kB/s)\n[Java CI/Test JDK 11, ubuntu-latest]   | [INFO] Downloading from central: https://repo.maven.apache.org/maven2/org/codehaus/plexus/plexus-interpolation/1.22/plexus-interpolation-1.22.pom\n[Java CI/Test JDK 11, ubuntu-latest]   | [INFO] Downloaded from central: https://repo.maven.apache.org/maven2/org/codehaus/plexus/plexus-interpolation/1.22/plexus-interpolation-1.22.pom (1.5 kB at 26 kB/s)\n[Java CI/Test JDK 11, ubuntu-latest]   | [INFO] Downloading from central: https://repo.maven.apache.org/maven2/org/codehaus/plexus/plexus-components/1.3.1/plexus-components-1.3.1.pom\n[Java CI/Test JDK 11, ubuntu-latest]   | [INFO] Downloaded from central: https://repo.maven.apache.org/maven2/org/codehaus/plexus/plexus-components/1.3.1/plexus-components-1.3.1.pom (3.1 kB at 153 kB/s)\n[Java CI/Test JDK 11, ubuntu-latest]   | [INFO] Downloading from central: https://repo.maven.apache.org/maven2/org/codehaus/plexus/plexus/3.3.1/plexus-3.3.1.pom\n[Java CI/Test JDK 11, ubuntu-latest]   | [INFO] Downloaded from central: https://repo.maven.apache.org/maven2/org/codehaus/plexus/plexus/3.3.1/plexus-3.3.1.pom (20 kB at 487 kB/s)\n[Java CI/Test JDK 11, ubuntu-latest]   | [INFO] Downloading from central: https://repo.maven.apache.org/maven2/org/sonatype/plexus/plexus-build-api/0.0.7/plexus-build-api-0.0.7.pom\n[Java CI/Test JDK 11, ubuntu-latest]   | [INFO] Downloaded from central: https://repo.maven.apache.org/maven2/org/sonatype/plexus/plexus-build-api/0.0.7/plexus-build-api-0.0.7.pom (3.2 kB at 246 kB/s)\n[Java CI/Test JDK 11, ubuntu-latest]   | [INFO] Downloading from central: https://repo.maven.apache.org/maven2/org/sonatype/spice/spice-parent/15/spice-parent-15.pom\n[Java CI/Test JDK 11, ubuntu-latest]   | [INFO] Downloaded from central: https://repo.maven.apache.org/maven2/org/sonatype/spice/spice-parent/15/spice-parent-15.pom (8.4 kB at 696 kB/s)\n[Java CI/Test JDK 11, ubuntu-latest]   | [INFO] Downloading from central: https://repo.maven.apache.org/maven2/org/sonatype/forge/forge-parent/5/forge-parent-5.pom\n[Java CI/Test JDK 11, ubuntu-latest]   | [INFO] Downloaded from central: https://repo.maven.apache.org/maven2/org/sonatype/forge/forge-parent/5/forge-parent-5.pom (8.4 kB at 597 kB/s)\n[Java CI/Test JDK 11, ubuntu-latest]   | [INFO] Downloading from central: https://repo.maven.apache.org/maven2/org/codehaus/plexus/plexus-utils/1.5.8/plexus-utils-1.5.8.pom\n[Java CI/Test JDK 11, ubuntu-latest]   | [INFO] Downloaded from central: https://repo.maven.apache.org/maven2/org/codehaus/plexus/plexus-utils/1.5.8/plexus-utils-1.5.8.pom (8.1 kB at 384 kB/s)\n[Java CI/Test JDK 11, ubuntu-latest]   | [INFO] Downloading from central: https://repo.maven.apache.org/maven2/org/codehaus/plexus/plexus/2.0.2/plexus-2.0.2.pom\n[Java CI/Test JDK 11, ubuntu-latest]   | [INFO] Downloaded from central: https://repo.maven.apache.org/maven2/org/codehaus/plexus/plexus/2.0.2/plexus-2.0.2.pom (12 kB at 447 kB/s)\n[Java CI/Test JDK 11, ubuntu-latest]   | [INFO] Downloading from central: https://repo.maven.apache.org/maven2/commons-io/commons-io/2.5/commons-io-2.5.pom\n[Java CI/Test JDK 11, ubuntu-latest]   | [INFO] Downloaded from central: https://repo.maven.apache.org/maven2/commons-io/commons-io/2.5/commons-io-2.5.pom (13 kB at 458 kB/s)\n[Java CI/Test JDK 11, ubuntu-latest]   | [INFO] Downloading from central: https://repo.maven.apache.org/maven2/org/apache/commons/commons-parent/39/commons-parent-39.pom\n[Java CI/Test JDK 11, ubuntu-latest]   | [INFO] Downloaded from central: https://repo.maven.apache.org/maven2/org/apache/commons/commons-parent/39/commons-parent-39.pom (62 kB at 2.0 MB/s)\n[Java CI/Test JDK 11, ubuntu-latest]   | [INFO] Downloading from central: https://repo.maven.apache.org/maven2/org/apache/apache/16/apache-16.pom\n[Java CI/Test JDK 11, ubuntu-latest]   | [INFO] Downloaded from central: https://repo.maven.apache.org/maven2/org/apache/apache/16/apache-16.pom (15 kB at 962 kB/s)\n[Java CI/Test JDK 11, ubuntu-latest]   | [INFO] Downloading from central: https://repo.maven.apache.org/maven2/org/codehaus/plexus/plexus-interpolation/1.24/plexus-interpolation-1.24.pom\n[Java CI/Test JDK 11, ubuntu-latest]   | [INFO] Downloaded from central: https://repo.maven.apache.org/maven2/org/codehaus/plexus/plexus-interpolation/1.24/plexus-interpolation-1.24.pom (2.6 kB at 202 kB/s)\n[Java CI/Test JDK 11, ubuntu-latest]   | [INFO] Downloading from central: https://repo.maven.apache.org/maven2/org/apache/maven/maven-artifact/3.0/maven-artifact-3.0.jar\n[Java CI/Test JDK 11, ubuntu-latest]   | [INFO] Downloading from central: https://repo.maven.apache.org/maven2/org/sonatype/sisu/sisu-inject-plexus/1.4.2/sisu-inject-plexus-1.4.2.jar\n[Java CI/Test JDK 11, ubuntu-latest]   | [INFO] Downloading from central: https://repo.maven.apache.org/maven2/org/sonatype/sisu/sisu-inject-bean/1.4.2/sisu-inject-bean-1.4.2.jar\n[Java CI/Test JDK 11, ubuntu-latest]   | [INFO] Downloading from central: https://repo.maven.apache.org/maven2/org/sonatype/sisu/sisu-guice/2.1.7/sisu-guice-2.1.7-noaop.jar\n[Java CI/Test JDK 11, ubuntu-latest]   | [INFO] Downloading from central: https://repo.maven.apache.org/maven2/org/apache/maven/maven-plugin-api/3.0/maven-plugin-api-3.0.jar\n[Java CI/Test JDK 11, ubuntu-latest]   | [INFO] Downloaded from central: https://repo.maven.apache.org/maven2/org/apache/maven/maven-artifact/3.0/maven-artifact-3.0.jar (52 kB at 1.7 MB/s)\n[Java CI/Test JDK 11, ubuntu-latest]   | [INFO] Downloading from central: https://repo.maven.apache.org/maven2/org/apache/maven/maven-core/3.0/maven-core-3.0.jar\n[Java CI/Test JDK 11, ubuntu-latest]   | [INFO] Downloaded from central: https://repo.maven.apache.org/maven2/org/sonatype/sisu/sisu-inject-plexus/1.4.2/sisu-inject-plexus-1.4.2.jar (202 kB at 6.1 MB/s)\n[Java CI/Test JDK 11, ubuntu-latest]   | [INFO] Downloading from central: https://repo.maven.apache.org/maven2/org/apache/maven/maven-settings/3.0/maven-settings-3.0.jar\n[Java CI/Test JDK 11, ubuntu-latest]   | [INFO] Downloaded from central: https://repo.maven.apache.org/maven2/org/apache/maven/maven-settings/3.0/maven-settings-3.0.jar (47 kB at 933 kB/s)\n[Java CI/Test JDK 11, ubuntu-latest]   | [INFO] Downloading from central: https://repo.maven.apache.org/maven2/org/apache/maven/maven-settings-builder/3.0/maven-settings-builder-3.0.jar\n[Java CI/Test JDK 11, ubuntu-latest]   | [INFO] Downloaded from central: https://repo.maven.apache.org/maven2/org/apache/maven/maven-plugin-api/3.0/maven-plugin-api-3.0.jar (49 kB at 777 kB/s)\n[Java CI/Test JDK 11, ubuntu-latest]   | [INFO] Downloading from central: https://repo.maven.apache.org/maven2/org/apache/maven/maven-repository-metadata/3.0/maven-repository-metadata-3.0.jar\n[Java CI/Test JDK 11, ubuntu-latest]   | [INFO] Downloaded from central: https://repo.maven.apache.org/maven2/org/sonatype/sisu/sisu-inject-bean/1.4.2/sisu-inject-bean-1.4.2.jar (153 kB at 1.2 MB/s)\n[Java CI/Test JDK 11, ubuntu-latest]   | [INFO] Downloading from central: https://repo.maven.apache.org/maven2/org/apache/maven/maven-model-builder/3.0/maven-model-builder-3.0.jar\n[Java CI/Test JDK 11, ubuntu-latest]   | [INFO] Downloaded from central: https://repo.maven.apache.org/maven2/org/sonatype/sisu/sisu-guice/2.1.7/sisu-guice-2.1.7-noaop.jar (472 kB at 3.6 MB/s)\n[Java CI/Test JDK 11, ubuntu-latest]   | [INFO] Downloading from central: https://repo.maven.apache.org/maven2/org/apache/maven/maven-aether-provider/3.0/maven-aether-provider-3.0.jar\n[Java CI/Test JDK 11, ubuntu-latest]   | [INFO] Downloaded from central: https://repo.maven.apache.org/maven2/org/apache/maven/maven-settings-builder/3.0/maven-settings-builder-3.0.jar (38 kB at 288 kB/s)\n[Java CI/Test JDK 11, ubuntu-latest]   | [INFO] Downloading from central: https://repo.maven.apache.org/maven2/org/sonatype/aether/aether-impl/1.7/aether-impl-1.7.jar\n[Java CI/Test JDK 11, ubuntu-latest]   | [INFO] Downloaded from central: https://repo.maven.apache.org/maven2/org/apache/maven/maven-repository-metadata/3.0/maven-repository-metadata-3.0.jar (30 kB at 223 kB/s)\n[Java CI/Test JDK 11, ubuntu-latest]   | [INFO] Downloading from central: https://repo.maven.apache.org/maven2/org/sonatype/aether/aether-spi/1.7/aether-spi-1.7.jar\n[Java CI/Test JDK 11, ubuntu-latest]   | [INFO] Downloaded from central: https://repo.maven.apache.org/maven2/org/apache/maven/maven-aether-provider/3.0/maven-aether-provider-3.0.jar (51 kB at 328 kB/s)\n[Java CI/Test JDK 11, ubuntu-latest]   | [INFO] Downloading from central: https://repo.maven.apache.org/maven2/org/sonatype/aether/aether-api/1.7/aether-api-1.7.jar\n[Java CI/Test JDK 11, ubuntu-latest]   | [INFO] Downloaded from central: https://repo.maven.apache.org/maven2/org/sonatype/aether/aether-spi/1.7/aether-spi-1.7.jar (14 kB at 86 kB/s)\n[Java CI/Test JDK 11, ubuntu-latest]   | [INFO] Downloading from central: https://repo.maven.apache.org/maven2/org/sonatype/aether/aether-util/1.7/aether-util-1.7.jar\n[Java CI/Test JDK 11, ubuntu-latest]   | [INFO] Downloaded from central: https://repo.maven.apache.org/maven2/org/apache/maven/maven-model-builder/3.0/maven-model-builder-3.0.jar (148 kB at 902 kB/s)\n[Java CI/Test JDK 11, ubuntu-latest]   | [INFO] Downloading from central: https://repo.maven.apache.org/maven2/org/codehaus/plexus/plexus-classworlds/2.2.3/plexus-classworlds-2.2.3.jar\n[Java CI/Test JDK 11, ubuntu-latest]   | [INFO] Downloaded from central: https://repo.maven.apache.org/maven2/org/sonatype/aether/aether-util/1.7/aether-util-1.7.jar (108 kB at 565 kB/s)\n[Java CI/Test JDK 11, ubuntu-latest]   | [INFO] Downloading from central: https://repo.maven.apache.org/maven2/org/codehaus/plexus/plexus-component-annotations/1.6/plexus-component-annotations-1.6.jar\n[Java CI/Test JDK 11, ubuntu-latest]   | [INFO] Downloaded from central: https://repo.maven.apache.org/maven2/org/codehaus/plexus/plexus-component-annotations/1.6/plexus-component-annotations-1.6.jar (4.3 kB at 20 kB/s)\n[Java CI/Test JDK 11, ubuntu-latest]   | [INFO] Downloading from central: https://repo.maven.apache.org/maven2/org/sonatype/plexus/plexus-sec-dispatcher/1.3/plexus-sec-dispatcher-1.3.jar\n[Java CI/Test JDK 11, ubuntu-latest]   | [INFO] Downloaded from central: https://repo.maven.apache.org/maven2/org/sonatype/plexus/plexus-sec-dispatcher/1.3/plexus-sec-dispatcher-1.3.jar (29 kB at 130 kB/s)\n[Java CI/Test JDK 11, ubuntu-latest]   | [INFO] Downloading from central: https://repo.maven.apache.org/maven2/org/sonatype/plexus/plexus-cipher/1.4/plexus-cipher-1.4.jar\n[Java CI/Test JDK 11, ubuntu-latest]   | [INFO] Downloaded from central: https://repo.maven.apache.org/maven2/org/sonatype/aether/aether-impl/1.7/aether-impl-1.7.jar (106 kB at 477 kB/s)\n[Java CI/Test JDK 11, ubuntu-latest]   | [INFO] Downloading from central: https://repo.maven.apache.org/maven2/org/apache/maven/maven-model/3.0/maven-model-3.0.jar\n[Java CI/Test JDK 11, ubuntu-latest]   | [INFO] Downloaded from central: https://repo.maven.apache.org/maven2/org/apache/maven/maven-core/3.0/maven-core-3.0.jar (527 kB at 2.3 MB/s)\n[Java CI/Test JDK 11, ubuntu-latest]   | [INFO] Downloading from central: https://repo.maven.apache.org/maven2/org/codehaus/plexus/plexus-utils/3.0.24/plexus-utils-3.0.24.jar\n[Java CI/Test JDK 11, ubuntu-latest]   | [INFO] Downloaded from central: https://repo.maven.apache.org/maven2/org/sonatype/plexus/plexus-cipher/1.4/plexus-cipher-1.4.jar (13 kB at 59 kB/s)\n[Java CI/Test JDK 11, ubuntu-latest]   | [INFO] Downloading from central: https://repo.maven.apache.org/maven2/org/apache/maven/shared/maven-filtering/3.1.1/maven-filtering-3.1.1.jar\n[Java CI/Test JDK 11, ubuntu-latest]   | [INFO] Downloaded from central: https://repo.maven.apache.org/maven2/org/apache/maven/shared/maven-filtering/3.1.1/maven-filtering-3.1.1.jar (51 kB at 211 kB/s)\n[Java CI/Test JDK 11, ubuntu-latest]   | [INFO] Downloading from central: https://repo.maven.apache.org/maven2/org/apache/maven/shared/maven-shared-utils/3.0.0/maven-shared-utils-3.0.0.jar\n[Java CI/Test JDK 11, ubuntu-latest]   | [INFO] Downloaded from central: https://repo.maven.apache.org/maven2/org/codehaus/plexus/plexus-utils/3.0.24/plexus-utils-3.0.24.jar (247 kB at 1.0 MB/s)\n[Java CI/Test JDK 11, ubuntu-latest]   | [INFO] Downloaded from central: https://repo.maven.apache.org/maven2/org/codehaus/plexus/plexus-classworlds/2.2.3/plexus-classworlds-2.2.3.jar (46 kB at 187 kB/s)\n[Java CI/Test JDK 11, ubuntu-latest]   | [INFO] Downloading from central: https://repo.maven.apache.org/maven2/com/google/code/findbugs/jsr305/2.0.1/jsr305-2.0.1.jar\n[Java CI/Test JDK 11, ubuntu-latest]   | [INFO] Downloading from central: https://repo.maven.apache.org/maven2/org/sonatype/plexus/plexus-build-api/0.0.7/plexus-build-api-0.0.7.jar\n[Java CI/Test JDK 11, ubuntu-latest]   | [INFO] Downloaded from central: https://repo.maven.apache.org/maven2/org/sonatype/plexus/plexus-build-api/0.0.7/plexus-build-api-0.0.7.jar (8.5 kB at 33 kB/s)\n[Java CI/Test JDK 11, ubuntu-latest]   | [INFO] Downloading from central: https://repo.maven.apache.org/maven2/commons-io/commons-io/2.5/commons-io-2.5.jar\n[Java CI/Test JDK 11, ubuntu-latest]   | [INFO] Downloaded from central: https://repo.maven.apache.org/maven2/com/google/code/findbugs/jsr305/2.0.1/jsr305-2.0.1.jar (32 kB at 123 kB/s)\n[Java CI/Test JDK 11, ubuntu-latest]   | [INFO] Downloading from central: https://repo.maven.apache.org/maven2/org/codehaus/plexus/plexus-interpolation/1.24/plexus-interpolation-1.24.jar\n[Java CI/Test JDK 11, ubuntu-latest]   | [INFO] Downloaded from central: https://repo.maven.apache.org/maven2/org/apache/maven/shared/maven-shared-utils/3.0.0/maven-shared-utils-3.0.0.jar (155 kB at 590 kB/s)\n[Java CI/Test JDK 11, ubuntu-latest]   | [INFO] Downloaded from central: https://repo.maven.apache.org/maven2/org/apache/maven/maven-model/3.0/maven-model-3.0.jar (165 kB at 614 kB/s)\n[Java CI/Test JDK 11, ubuntu-latest]   | [INFO] Downloaded from central: https://repo.maven.apache.org/maven2/org/codehaus/plexus/plexus-interpolation/1.24/plexus-interpolation-1.24.jar (79 kB at 285 kB/s)\n[Java CI/Test JDK 11, ubuntu-latest]   | [INFO] Downloaded from central: https://repo.maven.apache.org/maven2/commons-io/commons-io/2.5/commons-io-2.5.jar (209 kB at 621 kB/s)\n[Java CI/Test JDK 11, ubuntu-latest]   | [INFO] Downloaded from central: https://repo.maven.apache.org/maven2/org/sonatype/aether/aether-api/1.7/aether-api-1.7.jar (74 kB at 173 kB/s)\n[Java CI/Test JDK 11, ubuntu-latest]   | [INFO] Using 'UTF-8' encoding to copy filtered resources.\n[Java CI/Test JDK 11, ubuntu-latest]   | [INFO] Copying 38 resources\n[Java CI/Test JDK 11, ubuntu-latest]   | [INFO] \n[Java CI/Test JDK 11, ubuntu-latest]   | [INFO] --- maven-compiler-plugin:3.8.1:compile (default-compile) @ jitwatch-core ---\n[Java CI/Test JDK 11, ubuntu-latest]   | [INFO] Downloading from central: https://repo.maven.apache.org/maven2/org/codehaus/plexus/plexus-component-annotations/1.7.1/plexus-component-annotations-1.7.1.pom\n[Java CI/Test JDK 11, ubuntu-latest]   | [INFO] Downloaded from central: https://repo.maven.apache.org/maven2/org/codehaus/plexus/plexus-component-annotations/1.7.1/plexus-component-annotations-1.7.1.pom (770 B at 51 kB/s)\n[Java CI/Test JDK 11, ubuntu-latest]   | [INFO] Downloading from central: https://repo.maven.apache.org/maven2/org/codehaus/plexus/plexus-containers/1.7.1/plexus-containers-1.7.1.pom\n[Java CI/Test JDK 11, ubuntu-latest]   | [INFO] Downloaded from central: https://repo.maven.apache.org/maven2/org/codehaus/plexus/plexus-containers/1.7.1/plexus-containers-1.7.1.pom (5.0 kB at 387 kB/s)\n[Java CI/Test JDK 11, ubuntu-latest]   | [INFO] Downloading from central: https://repo.maven.apache.org/maven2/org/apache/maven/shared/maven-shared-utils/3.2.1/maven-shared-utils-3.2.1.pom\n[Java CI/Test JDK 11, ubuntu-latest]   | [INFO] Downloaded from central: https://repo.maven.apache.org/maven2/org/apache/maven/shared/maven-shared-utils/3.2.1/maven-shared-utils-3.2.1.pom (5.6 kB at 512 kB/s)\n[Java CI/Test JDK 11, ubuntu-latest]   | [INFO] Downloading from central: https://repo.maven.apache.org/maven2/org/apache/maven/shared/maven-shared-incremental/1.1/maven-shared-incremental-1.1.pom\n[Java CI/Test JDK 11, ubuntu-latest]   | [INFO] Downloaded from central: https://repo.maven.apache.org/maven2/org/apache/maven/shared/maven-shared-incremental/1.1/maven-shared-incremental-1.1.pom (4.7 kB at 279 kB/s)\n[Java CI/Test JDK 11, ubuntu-latest]   | [INFO] Downloading from central: https://repo.maven.apache.org/maven2/org/apache/maven/shared/maven-shared-components/19/maven-shared-components-19.pom\n[Java CI/Test JDK 11, ubuntu-latest]   | [INFO] Downloaded from central: https://repo.maven.apache.org/maven2/org/apache/maven/shared/maven-shared-components/19/maven-shared-components-19.pom (6.4 kB at 578 kB/s)\n[Java CI/Test JDK 11, ubuntu-latest]   | [INFO] Downloading from central: https://repo.maven.apache.org/maven2/org/apache/maven/maven-parent/23/maven-parent-23.pom\n[Java CI/Test JDK 11, ubuntu-latest]   | [INFO] Downloaded from central: https://repo.maven.apache.org/maven2/org/apache/maven/maven-parent/23/maven-parent-23.pom (33 kB at 665 kB/s)\n[Java CI/Test JDK 11, ubuntu-latest]   | [INFO] Downloading from central: https://repo.maven.apache.org/maven2/org/apache/apache/13/apache-13.pom\n[Java CI/Test JDK 11, ubuntu-latest]   | [INFO] Downloaded from central: https://repo.maven.apache.org/maven2/org/apache/apache/13/apache-13.pom (14 kB at 932 kB/s)\n[Java CI/Test JDK 11, ubuntu-latest]   | [INFO] Downloading from central: https://repo.maven.apache.org/maven2/org/apache/maven/maven-plugin-api/2.2.1/maven-plugin-api-2.2.1.pom\n[Java CI/Test JDK 11, ubuntu-latest]   | [INFO] Downloaded from central: https://repo.maven.apache.org/maven2/org/apache/maven/maven-plugin-api/2.2.1/maven-plugin-api-2.2.1.pom (1.5 kB at 97 kB/s)\n[Java CI/Test JDK 11, ubuntu-latest]   | [INFO] Downloading from central: https://repo.maven.apache.org/maven2/org/apache/maven/maven/2.2.1/maven-2.2.1.pom\n[Java CI/Test JDK 11, ubuntu-latest]   | [INFO] Downloaded from central: https://repo.maven.apache.org/maven2/org/apache/maven/maven/2.2.1/maven-2.2.1.pom (22 kB at 1.0 MB/s)\n[Java CI/Test JDK 11, ubuntu-latest]   | [INFO] Downloading from central: https://repo.maven.apache.org/maven2/org/apache/maven/maven-parent/11/maven-parent-11.pom\n[Java CI/Test JDK 11, ubuntu-latest]   | [INFO] Downloaded from central: https://repo.maven.apache.org/maven2/org/apache/maven/maven-parent/11/maven-parent-11.pom (32 kB at 2.3 MB/s)\n[Java CI/Test JDK 11, ubuntu-latest]   | [INFO] Downloading from central: https://repo.maven.apache.org/maven2/org/apache/apache/5/apache-5.pom\n[Java CI/Test JDK 11, ubuntu-latest]   | [INFO] Downloaded from central: https://repo.maven.apache.org/maven2/org/apache/apache/5/apache-5.pom (4.1 kB at 205 kB/s)\n[Java CI/Test JDK 11, ubuntu-latest]   | [INFO] Downloading from central: https://repo.maven.apache.org/maven2/org/apache/maven/maven-core/2.2.1/maven-core-2.2.1.pom\n[Java CI/Test JDK 11, ubuntu-latest]   | [INFO] Downloaded from central: https://repo.maven.apache.org/maven2/org/apache/maven/maven-core/2.2.1/maven-core-2.2.1.pom (12 kB at 776 kB/s)\n[Java CI/Test JDK 11, ubuntu-latest]   | [INFO] Downloading from central: https://repo.maven.apache.org/maven2/org/apache/maven/maven-settings/2.2.1/maven-settings-2.2.1.pom\n[Java CI/Test JDK 11, ubuntu-latest]   | [INFO] Downloaded from central: https://repo.maven.apache.org/maven2/org/apache/maven/maven-settings/2.2.1/maven-settings-2.2.1.pom (2.2 kB at 218 kB/s)\n[Java CI/Test JDK 11, ubuntu-latest]   | [INFO] Downloading from central: https://repo.maven.apache.org/maven2/org/apache/maven/maven-model/2.2.1/maven-model-2.2.1.pom\n[Java CI/Test JDK 11, ubuntu-latest]   | [INFO] Downloaded from central: https://repo.maven.apache.org/maven2/org/apache/maven/maven-model/2.2.1/maven-model-2.2.1.pom (3.2 kB at 360 kB/s)\n[Java CI/Test JDK 11, ubuntu-latest]   | [INFO] Downloading from central: https://repo.maven.apache.org/maven2/org/codehaus/plexus/plexus-utils/1.5.15/plexus-utils-1.5.15.pom\n[Java CI/Test JDK 11, ubuntu-latest]   | [INFO] Downloaded from central: https://repo.maven.apache.org/maven2/org/codehaus/plexus/plexus-utils/1.5.15/plexus-utils-1.5.15.pom (6.8 kB at 571 kB/s)\n[Java CI/Test JDK 11, ubuntu-latest]   | [INFO] Downloading from central: https://repo.maven.apache.org/maven2/org/codehaus/plexus/plexus-interpolation/1.11/plexus-interpolation-1.11.pom\n[Java CI/Test JDK 11, ubuntu-latest]   | [INFO] Downloaded from central: https://repo.maven.apache.org/maven2/org/codehaus/plexus/plexus-interpolation/1.11/plexus-interpolation-1.11.pom (889 B at 127 kB/s)\n[Java CI/Test JDK 11, ubuntu-latest]   | [INFO] Downloading from central: https://repo.maven.apache.org/maven2/org/codehaus/plexus/plexus-components/1.1.14/plexus-components-1.1.14.pom\n[Java CI/Test JDK 11, ubuntu-latest]   | [INFO] Downloaded from central: https://repo.maven.apache.org/maven2/org/codehaus/plexus/plexus-components/1.1.14/plexus-components-1.1.14.pom (5.8 kB at 584 kB/s)\n[Java CI/Test JDK 11, ubuntu-latest]   | [INFO] Downloading from central: https://repo.maven.apache.org/maven2/org/apache/maven/maven-plugin-parameter-documenter/2.2.1/maven-plugin-parameter-documenter-2.2.1.pom\n[Java CI/Test JDK 11, ubuntu-latest]   | [INFO] Downloaded from central: https://repo.maven.apache.org/maven2/org/apache/maven/maven-plugin-parameter-documenter/2.2.1/maven-plugin-parameter-documenter-2.2.1.pom (2.0 kB at 78 kB/s)\n[Java CI/Test JDK 11, ubuntu-latest]   | [INFO] Downloading from central: https://repo.maven.apache.org/maven2/org/slf4j/slf4j-jdk14/1.5.6/slf4j-jdk14-1.5.6.pom\n[Java CI/Test JDK 11, ubuntu-latest]   | [INFO] Downloaded from central: https://repo.maven.apache.org/maven2/org/slf4j/slf4j-jdk14/1.5.6/slf4j-jdk14-1.5.6.pom (1.9 kB at 112 kB/s)\n[Java CI/Test JDK 11, ubuntu-latest]   | [INFO] Downloading from central: https://repo.maven.apache.org/maven2/org/slf4j/slf4j-parent/1.5.6/slf4j-parent-1.5.6.pom\n[Java CI/Test JDK 11, ubuntu-latest]   | [INFO] Downloaded from central: https://repo.maven.apache.org/maven2/org/slf4j/slf4j-parent/1.5.6/slf4j-parent-1.5.6.pom (7.9 kB at 440 kB/s)\n[Java CI/Test JDK 11, ubuntu-latest]   | [INFO] Downloading from central: https://repo.maven.apache.org/maven2/org/slf4j/slf4j-api/1.5.6/slf4j-api-1.5.6.pom\n[Java CI/Test JDK 11, ubuntu-latest]   | [INFO] Downloaded from central: https://repo.maven.apache.org/maven2/org/slf4j/slf4j-api/1.5.6/slf4j-api-1.5.6.pom (3.0 kB at 271 kB/s)\n[Java CI/Test JDK 11, ubuntu-latest]   | [INFO] Downloading from central: https://repo.maven.apache.org/maven2/org/slf4j/jcl-over-slf4j/1.5.6/jcl-over-slf4j-1.5.6.pom\n[Java CI/Test JDK 11, ubuntu-latest]   | [INFO] Downloaded from central: https://repo.maven.apache.org/maven2/org/slf4j/jcl-over-slf4j/1.5.6/jcl-over-slf4j-1.5.6.pom (2.2 kB at 145 kB/s)\n[Java CI/Test JDK 11, ubuntu-latest]   | [INFO] Downloading from central: https://repo.maven.apache.org/maven2/org/apache/maven/maven-profile/2.2.1/maven-profile-2.2.1.pom\n[Java CI/Test JDK 11, ubuntu-latest]   | [INFO] Downloaded from central: https://repo.maven.apache.org/maven2/org/apache/maven/maven-profile/2.2.1/maven-profile-2.2.1.pom (2.2 kB at 78 kB/s)\n[Java CI/Test JDK 11, ubuntu-latest]   | [INFO] Downloading from central: https://repo.maven.apache.org/maven2/org/apache/maven/maven-artifact/2.2.1/maven-artifact-2.2.1.pom\n[Java CI/Test JDK 11, ubuntu-latest]   | [INFO] Downloaded from central: https://repo.maven.apache.org/maven2/org/apache/maven/maven-artifact/2.2.1/maven-artifact-2.2.1.pom (1.6 kB at 132 kB/s)\n[Java CI/Test JDK 11, ubuntu-latest]   | [INFO] Downloading from central: https://repo.maven.apache.org/maven2/org/apache/maven/maven-repository-metadata/2.2.1/maven-repository-metadata-2.2.1.pom\n[Java CI/Test JDK 11, ubuntu-latest]   | [INFO] Downloaded from central: https://repo.maven.apache.org/maven2/org/apache/maven/maven-repository-metadata/2.2.1/maven-repository-metadata-2.2.1.pom (1.9 kB at 144 kB/s)\n[Java CI/Test JDK 11, ubuntu-latest]   | [INFO] Downloading from central: https://repo.maven.apache.org/maven2/org/apache/maven/maven-error-diagnostics/2.2.1/maven-error-diagnostics-2.2.1.pom\n[Java CI/Test JDK 11, ubuntu-latest]   | [INFO] Downloaded from central: https://repo.maven.apache.org/maven2/org/apache/maven/maven-error-diagnostics/2.2.1/maven-error-diagnostics-2.2.1.pom (1.7 kB at 131 kB/s)\n[Java CI/Test JDK 11, ubuntu-latest]   | [INFO] Downloading from central: https://repo.maven.apache.org/maven2/org/apache/maven/maven-project/2.2.1/maven-project-2.2.1.pom\n[Java CI/Test JDK 11, ubuntu-latest]   | [INFO] Downloaded from central: https://repo.maven.apache.org/maven2/org/apache/maven/maven-project/2.2.1/maven-project-2.2.1.pom (2.8 kB at 277 kB/s)\n[Java CI/Test JDK 11, ubuntu-latest]   | [INFO] Downloading from central: https://repo.maven.apache.org/maven2/org/apache/maven/maven-artifact-manager/2.2.1/maven-artifact-manager-2.2.1.pom\n[Java CI/Test JDK 11, ubuntu-latest]   | [INFO] Downloaded from central: https://repo.maven.apache.org/maven2/org/apache/maven/maven-artifact-manager/2.2.1/maven-artifact-manager-2.2.1.pom (3.1 kB at 97 kB/s)\n[Java CI/Test JDK 11, ubuntu-latest]   | [INFO] Downloading from central: https://repo.maven.apache.org/maven2/backport-util-concurrent/backport-util-concurrent/3.1/backport-util-concurrent-3.1.pom\n[Java CI/Test JDK 11, ubuntu-latest]   | [INFO] Downloaded from central: https://repo.maven.apache.org/maven2/backport-util-concurrent/backport-util-concurrent/3.1/backport-util-concurrent-3.1.pom (880 B at 98 kB/s)\n[Java CI/Test JDK 11, ubuntu-latest]   | [INFO] Downloading from central: https://repo.maven.apache.org/maven2/org/apache/maven/maven-plugin-registry/2.2.1/maven-plugin-registry-2.2.1.pom\n[Java CI/Test JDK 11, ubuntu-latest]   | [INFO] Downloaded from central: https://repo.maven.apache.org/maven2/org/apache/maven/maven-plugin-registry/2.2.1/maven-plugin-registry-2.2.1.pom (1.9 kB at 322 kB/s)\n[Java CI/Test JDK 11, ubuntu-latest]   | [INFO] Downloading from central: https://repo.maven.apache.org/maven2/org/apache/maven/maven-plugin-descriptor/2.2.1/maven-plugin-descriptor-2.2.1.pom\n[Java CI/Test JDK 11, ubuntu-latest]   | [INFO] Downloaded from central: https://repo.maven.apache.org/maven2/org/apache/maven/maven-plugin-descriptor/2.2.1/maven-plugin-descriptor-2.2.1.pom (2.1 kB at 206 kB/s)\n[Java CI/Test JDK 11, ubuntu-latest]   | [INFO] Downloading from central: https://repo.maven.apache.org/maven2/org/apache/maven/maven-monitor/2.2.1/maven-monitor-2.2.1.pom\n[Java CI/Test JDK 11, ubuntu-latest]   | [INFO] Downloaded from central: https://repo.maven.apache.org/maven2/org/apache/maven/maven-monitor/2.2.1/maven-monitor-2.2.1.pom (1.3 kB at 140 kB/s)\n[Java CI/Test JDK 11, ubuntu-latest]   | [INFO] Downloading from central: https://repo.maven.apache.org/maven2/org/apache/maven/shared/maven-shared-utils/0.1/maven-shared-utils-0.1.pom\n[Java CI/Test JDK 11, ubuntu-latest]   | [INFO] Downloaded from central: https://repo.maven.apache.org/maven2/org/apache/maven/shared/maven-shared-utils/0.1/maven-shared-utils-0.1.pom (4.0 kB at 405 kB/s)\n[Java CI/Test JDK 11, ubuntu-latest]   | [INFO] Downloading from central: https://repo.maven.apache.org/maven2/org/apache/maven/shared/maven-shared-components/18/maven-shared-components-18.pom\n[Java CI/Test JDK 11, ubuntu-latest]   | [INFO] Downloaded from central: https://repo.maven.apache.org/maven2/org/apache/maven/shared/maven-shared-components/18/maven-shared-components-18.pom (4.9 kB at 449 kB/s)\n[Java CI/Test JDK 11, ubuntu-latest]   | [INFO] Downloading from central: https://repo.maven.apache.org/maven2/org/apache/maven/maven-parent/22/maven-parent-22.pom\n[Java CI/Test JDK 11, ubuntu-latest]   | [INFO] Downloaded from central: https://repo.maven.apache.org/maven2/org/apache/maven/maven-parent/22/maven-parent-22.pom (30 kB at 3.3 MB/s)\n[Java CI/Test JDK 11, ubuntu-latest]   | [INFO] Downloading from central: https://repo.maven.apache.org/maven2/org/apache/apache/11/apache-11.pom\n[Java CI/Test JDK 11, ubuntu-latest]   | [INFO] Downloaded from central: https://repo.maven.apache.org/maven2/org/apache/apache/11/apache-11.pom (15 kB at 1.9 MB/s)\n[Java CI/Test JDK 11, ubuntu-latest]   | [INFO] Downloading from central: https://repo.maven.apache.org/maven2/org/codehaus/plexus/plexus-java/0.9.10/plexus-java-0.9.10.pom\n[Java CI/Test JDK 11, ubuntu-latest]   | [INFO] Downloaded from central: https://repo.maven.apache.org/maven2/org/codehaus/plexus/plexus-java/0.9.10/plexus-java-0.9.10.pom (5.1 kB at 568 kB/s)\n[Java CI/Test JDK 11, ubuntu-latest]   | [INFO] Downloading from central: https://repo.maven.apache.org/maven2/org/codehaus/plexus/plexus-languages/0.9.10/plexus-languages-0.9.10.pom\n[Java CI/Test JDK 11, ubuntu-latest]   | [INFO] Downloaded from central: https://repo.maven.apache.org/maven2/org/codehaus/plexus/plexus-languages/0.9.10/plexus-languages-0.9.10.pom (4.1 kB at 318 kB/s)\n[Java CI/Test JDK 11, ubuntu-latest]   | [INFO] Downloading from central: https://repo.maven.apache.org/maven2/org/ow2/asm/asm/6.2/asm-6.2.pom\n[Java CI/Test JDK 11, ubuntu-latest]   | [INFO] Downloaded from central: https://repo.maven.apache.org/maven2/org/ow2/asm/asm/6.2/asm-6.2.pom (2.9 kB at 245 kB/s)\n[Java CI/Test JDK 11, ubuntu-latest]   | [INFO] Downloading from central: https://repo.maven.apache.org/maven2/org/ow2/ow2/1.5/ow2-1.5.pom\n[Java CI/Test JDK 11, ubuntu-latest]   | [INFO] Downloaded from central: https://repo.maven.apache.org/maven2/org/ow2/ow2/1.5/ow2-1.5.pom (11 kB at 1.6 MB/s)\n[Java CI/Test JDK 11, ubuntu-latest]   | [INFO] Downloading from central: https://repo.maven.apache.org/maven2/com/thoughtworks/qdox/qdox/2.0-M9/qdox-2.0-M9.pom\n[Java CI/Test JDK 11, ubuntu-latest]   | [INFO] Downloaded from central: https://repo.maven.apache.org/maven2/com/thoughtworks/qdox/qdox/2.0-M9/qdox-2.0-M9.pom (16 kB at 2.6 MB/s)\n[Java CI/Test JDK 11, ubuntu-latest]   | [INFO] Downloading from central: https://repo.maven.apache.org/maven2/org/sonatype/oss/oss-parent/9/oss-parent-9.pom\n[Java CI/Test JDK 11, ubuntu-latest]   | [INFO] Downloaded from central: https://repo.maven.apache.org/maven2/org/sonatype/oss/oss-parent/9/oss-parent-9.pom (6.6 kB at 1.1 MB/s)\n[Java CI/Test JDK 11, ubuntu-latest]   | [INFO] Downloading from central: https://repo.maven.apache.org/maven2/org/codehaus/plexus/plexus-compiler-api/2.8.4/plexus-compiler-api-2.8.4.pom\n[Java CI/Test JDK 11, ubuntu-latest]   | [INFO] Downloaded from central: https://repo.maven.apache.org/maven2/org/codehaus/plexus/plexus-compiler-api/2.8.4/plexus-compiler-api-2.8.4.pom (867 B at 108 kB/s)\n[Java CI/Test JDK 11, ubuntu-latest]   | [INFO] Downloading from central: https://repo.maven.apache.org/maven2/org/codehaus/plexus/plexus-compiler/2.8.4/plexus-compiler-2.8.4.pom\n[Java CI/Test JDK 11, ubuntu-latest]   | [INFO] Downloaded from central: https://repo.maven.apache.org/maven2/org/codehaus/plexus/plexus-compiler/2.8.4/plexus-compiler-2.8.4.pom (6.0 kB at 754 kB/s)\n[Java CI/Test JDK 11, ubuntu-latest]   | [INFO] Downloading from central: https://repo.maven.apache.org/maven2/org/codehaus/plexus/plexus-components/4.0/plexus-components-4.0.pom\n[Java CI/Test JDK 11, ubuntu-latest]   | [INFO] Downloaded from central: https://repo.maven.apache.org/maven2/org/codehaus/plexus/plexus-components/4.0/plexus-components-4.0.pom (2.7 kB at 295 kB/s)\n[Java CI/Test JDK 11, ubuntu-latest]   | [INFO] Downloading from central: https://repo.maven.apache.org/maven2/org/codehaus/plexus/plexus-utils/3.0.22/plexus-utils-3.0.22.pom\n[Java CI/Test JDK 11, ubuntu-latest]   | [INFO] Downloaded from central: https://repo.maven.apache.org/maven2/org/codehaus/plexus/plexus-utils/3.0.22/plexus-utils-3.0.22.pom (3.8 kB at 348 kB/s)\n[Java CI/Test JDK 11, ubuntu-latest]   | [INFO] Downloading from central: https://repo.maven.apache.org/maven2/org/codehaus/plexus/plexus-compiler-manager/2.8.4/plexus-compiler-manager-2.8.4.pom\n[Java CI/Test JDK 11, ubuntu-latest]   | [INFO] Downloaded from central: https://repo.maven.apache.org/maven2/org/codehaus/plexus/plexus-compiler-manager/2.8.4/plexus-compiler-manager-2.8.4.pom (692 B at 77 kB/s)\n[Java CI/Test JDK 11, ubuntu-latest]   | [INFO] Downloading from central: https://repo.maven.apache.org/maven2/org/codehaus/plexus/plexus-compiler-javac/2.8.4/plexus-compiler-javac-2.8.4.pom\n[Java CI/Test JDK 11, ubuntu-latest]   | [INFO] Downloaded from central: https://repo.maven.apache.org/maven2/org/codehaus/plexus/plexus-compiler-javac/2.8.4/plexus-compiler-javac-2.8.4.pom (771 B at 39 kB/s)\n[Java CI/Test JDK 11, ubuntu-latest]   | [INFO] Downloading from central: https://repo.maven.apache.org/maven2/org/codehaus/plexus/plexus-compilers/2.8.4/plexus-compilers-2.8.4.pom\n[Java CI/Test JDK 11, ubuntu-latest]   | [INFO] Downloaded from central: https://repo.maven.apache.org/maven2/org/codehaus/plexus/plexus-compilers/2.8.4/plexus-compilers-2.8.4.pom (1.3 kB at 71 kB/s)\n[Java CI/Test JDK 11, ubuntu-latest]   | [INFO] Downloading from central: https://repo.maven.apache.org/maven2/org/codehaus/plexus/plexus-utils/2.0.4/plexus-utils-2.0.4.jar\n[Java CI/Test JDK 11, ubuntu-latest]   | [INFO] Downloading from central: https://repo.maven.apache.org/maven2/org/codehaus/plexus/plexus-interpolation/1.14/plexus-interpolation-1.14.jar\n[Java CI/Test JDK 11, ubuntu-latest]   | [INFO] Downloading from central: https://repo.maven.apache.org/maven2/org/codehaus/plexus/plexus-component-annotations/1.7.1/plexus-component-annotations-1.7.1.jar\n[Java CI/Test JDK 11, ubuntu-latest]   | [INFO] Downloading from central: https://repo.maven.apache.org/maven2/org/apache/maven/shared/maven-shared-utils/3.2.1/maven-shared-utils-3.2.1.jar\n[Java CI/Test JDK 11, ubuntu-latest]   | [INFO] Downloading from central: https://repo.maven.apache.org/maven2/org/apache/maven/shared/maven-shared-incremental/1.1/maven-shared-incremental-1.1.jar\n[Java CI/Test JDK 11, ubuntu-latest]   | [INFO] Downloaded from central: https://repo.maven.apache.org/maven2/org/codehaus/plexus/plexus-component-annotations/1.7.1/plexus-component-annotations-1.7.1.jar (4.3 kB at 536 kB/s)\n[Java CI/Test JDK 11, ubuntu-latest]   | [INFO] Downloading from central: https://repo.maven.apache.org/maven2/org/codehaus/plexus/plexus-java/0.9.10/plexus-java-0.9.10.jar\n[Java CI/Test JDK 11, ubuntu-latest]   | [INFO] Downloaded from central: https://repo.maven.apache.org/maven2/org/apache/maven/shared/maven-shared-incremental/1.1/maven-shared-incremental-1.1.jar (14 kB at 1.5 MB/s)\n[Java CI/Test JDK 11, ubuntu-latest]   | [INFO] Downloading from central: https://repo.maven.apache.org/maven2/org/ow2/asm/asm/6.2/asm-6.2.jar\n[Java CI/Test JDK 11, ubuntu-latest]   | [INFO] Downloaded from central: https://repo.maven.apache.org/maven2/org/codehaus/plexus/plexus-interpolation/1.14/plexus-interpolation-1.14.jar (61 kB at 5.1 MB/s)\n[Java CI/Test JDK 11, ubuntu-latest]   | [INFO] Downloading from central: https://repo.maven.apache.org/maven2/com/thoughtworks/qdox/qdox/2.0-M9/qdox-2.0-M9.jar\n[Java CI/Test JDK 11, ubuntu-latest]   | [INFO] Downloaded from central: https://repo.maven.apache.org/maven2/org/codehaus/plexus/plexus-java/0.9.10/plexus-java-0.9.10.jar (39 kB at 2.3 MB/s)\n[Java CI/Test JDK 11, ubuntu-latest]   | [INFO] Downloading from central: https://repo.maven.apache.org/maven2/org/codehaus/plexus/plexus-compiler-api/2.8.4/plexus-compiler-api-2.8.4.jar\n[Java CI/Test JDK 11, ubuntu-latest]   | [INFO] Downloaded from central: https://repo.maven.apache.org/maven2/org/apache/maven/shared/maven-shared-utils/3.2.1/maven-shared-utils-3.2.1.jar (167 kB at 7.2 MB/s)\n[Java CI/Test JDK 11, ubuntu-latest]   | [INFO] Downloading from central: https://repo.maven.apache.org/maven2/org/codehaus/plexus/plexus-compiler-manager/2.8.4/plexus-compiler-manager-2.8.4.jar\n[Java CI/Test JDK 11, ubuntu-latest]   | [INFO] Downloaded from central: https://repo.maven.apache.org/maven2/org/codehaus/plexus/plexus-utils/2.0.4/plexus-utils-2.0.4.jar (222 kB at 4.3 MB/s)\n[Java CI/Test JDK 11, ubuntu-latest]   | [INFO] Downloading from central: https://repo.maven.apache.org/maven2/org/codehaus/plexus/plexus-compiler-javac/2.8.4/plexus-compiler-javac-2.8.4.jar\n[Java CI/Test JDK 11, ubuntu-latest]   | [INFO] Downloaded from central: https://repo.maven.apache.org/maven2/org/ow2/asm/asm/6.2/asm-6.2.jar (111 kB at 4.8 MB/s)\n[Java CI/Test JDK 11, ubuntu-latest]   | [INFO] Downloaded from central: https://repo.maven.apache.org/maven2/org/codehaus/plexus/plexus-compiler-javac/2.8.4/plexus-compiler-javac-2.8.4.jar (21 kB at 709 kB/s)\n[Java CI/Test JDK 11, ubuntu-latest]   | [INFO] Downloaded from central: https://repo.maven.apache.org/maven2/org/codehaus/plexus/plexus-compiler-api/2.8.4/plexus-compiler-api-2.8.4.jar (27 kB at 903 kB/s)\n[Java CI/Test JDK 11, ubuntu-latest]   | [INFO] Downloaded from central: https://repo.maven.apache.org/maven2/org/codehaus/plexus/plexus-compiler-manager/2.8.4/plexus-compiler-manager-2.8.4.jar (4.7 kB at 143 kB/s)\n[Java CI/Test JDK 11, ubuntu-latest]   | [INFO] Downloaded from central: https://repo.maven.apache.org/maven2/com/thoughtworks/qdox/qdox/2.0-M9/qdox-2.0-M9.jar (317 kB at 9.1 MB/s)\n[Java CI/Test JDK 11, ubuntu-latest]   | [INFO] Changes detected - recompiling the module!\n[Java CI/Test JDK 11, ubuntu-latest]   | [INFO] Compiling 180 source files to /tmp/569e0364-0b80-11ee-a890-af2cc187fc11/AdoptOpenJDK-jitwatch/core/target/classes\n[Java CI/Test JDK 11, ubuntu-latest]   | [INFO] \n[Java CI/Test JDK 11, ubuntu-latest]   | [INFO] --- maven-resources-plugin:3.0.2:testResources (default-testResources) @ jitwatch-core ---\n[Java CI/Test JDK 11, ubuntu-latest]   | [INFO] Using 'UTF-8' encoding to copy filtered resources.\n[Java CI/Test JDK 11, ubuntu-latest]   | [INFO] Copying 1 resource\n[Java CI/Test JDK 11, ubuntu-latest]   | [INFO] \n[Java CI/Test JDK 11, ubuntu-latest]   | [INFO] --- maven-compiler-plugin:3.8.1:testCompile (default-testCompile) @ jitwatch-core ---\n[Java CI/Test JDK 11, ubuntu-latest]   | [INFO] Changes detected - recompiling the module!\n[Java CI/Test JDK 11, ubuntu-latest]   | [INFO] Compiling 39 source files to /tmp/569e0364-0b80-11ee-a890-af2cc187fc11/AdoptOpenJDK-jitwatch/core/target/test-classes\n[Java CI/Test JDK 11, ubuntu-latest]   | [WARNING] /tmp/569e0364-0b80-11ee-a890-af2cc187fc11/AdoptOpenJDK-jitwatch/core/src/test/java/org/adoptopenjdk/jitwatch/test/TestPackageManager.java:[49,9] <T>assertThat(T,org.hamcrest.Matcher<? super T>) in org.junit.Assert has been deprecated\n[Java CI/Test JDK 11, ubuntu-latest]   | [WARNING] /tmp/569e0364-0b80-11ee-a890-af2cc187fc11/AdoptOpenJDK-jitwatch/core/src/test/java/org/adoptopenjdk/jitwatch/test/TestPackageManager.java:[70,9] <T>assertThat(T,org.hamcrest.Matcher<? super T>) in org.junit.Assert has been deprecated\n[Java CI/Test JDK 11, ubuntu-latest]   | [WARNING] /tmp/569e0364-0b80-11ee-a890-af2cc187fc11/AdoptOpenJDK-jitwatch/core/src/test/java/org/adoptopenjdk/jitwatch/test/TestTagProcessor.java:[307,17] <T>assertThat(java.lang.String,T,org.hamcrest.Matcher<? super T>) in org.junit.Assert has been deprecated\n[Java CI/Test JDK 11, ubuntu-latest]   | [WARNING] /tmp/569e0364-0b80-11ee-a890-af2cc187fc11/AdoptOpenJDK-jitwatch/core/src/test/java/org/adoptopenjdk/jitwatch/test/TestTagProcessor.java:[327,17] <T>assertThat(java.lang.String,T,org.hamcrest.Matcher<? super T>) in org.junit.Assert has been deprecated\n[Java CI/Test JDK 11, ubuntu-latest]   | [WARNING] /tmp/569e0364-0b80-11ee-a890-af2cc187fc11/AdoptOpenJDK-jitwatch/core/src/test/java/org/adoptopenjdk/jitwatch/test/TestTagProcessor.java:[350,17] <T>assertThat(java.lang.String,T,org.hamcrest.Matcher<? super T>) in org.junit.Assert has been deprecated\n[Java CI/Test JDK 11, ubuntu-latest]   | [WARNING] /tmp/569e0364-0b80-11ee-a890-af2cc187fc11/AdoptOpenJDK-jitwatch/core/src/test/java/org/adoptopenjdk/jitwatch/test/TestTagProcessor.java:[371,17] <T>assertThat(java.lang.String,T,org.hamcrest.Matcher<? super T>) in org.junit.Assert has been deprecated\n[Java CI/Test JDK 11, ubuntu-latest]   | [INFO] \n[Java CI/Test JDK 11, ubuntu-latest]   | [INFO] --- maven-surefire-plugin:2.22.2:test (default-test) @ jitwatch-core ---\n[Java CI/Test JDK 11, ubuntu-latest]   | [INFO] Downloading from central: https://repo.maven.apache.org/maven2/org/apache/maven/surefire/maven-surefire-common/2.22.2/maven-surefire-common-2.22.2.pom\n[Java CI/Test JDK 11, ubuntu-latest]   | [INFO] Downloaded from central: https://repo.maven.apache.org/maven2/org/apache/maven/surefire/maven-surefire-common/2.22.2/maven-surefire-common-2.22.2.pom (11 kB at 409 kB/s)\n[Java CI/Test JDK 11, ubuntu-latest]   | [INFO] Downloading from central: https://repo.maven.apache.org/maven2/org/apache/maven/plugin-tools/maven-plugin-annotations/3.5.2/maven-plugin-annotations-3.5.2.pom\n[Java CI/Test JDK 11, ubuntu-latest]   | [INFO] Downloaded from central: https://repo.maven.apache.org/maven2/org/apache/maven/plugin-tools/maven-plugin-annotations/3.5.2/maven-plugin-annotations-3.5.2.pom (1.6 kB at 82 kB/s)\n[Java CI/Test JDK 11, ubuntu-latest]   | [INFO] Downloading from central: https://repo.maven.apache.org/maven2/org/apache/maven/plugin-tools/maven-plugin-tools/3.5.2/maven-plugin-tools-3.5.2.pom\n[Java CI/Test JDK 11, ubuntu-latest]   | [INFO] Downloaded from central: https://repo.maven.apache.org/maven2/org/apache/maven/plugin-tools/maven-plugin-tools/3.5.2/maven-plugin-tools-3.5.2.pom (15 kB at 960 kB/s)\n[Java CI/Test JDK 11, ubuntu-latest]   | [INFO] Downloading from central: https://repo.maven.apache.org/maven2/org/apache/maven/maven-parent/31/maven-parent-31.pom\n[Java CI/Test JDK 11, ubuntu-latest]   | [INFO] Downloaded from central: https://repo.maven.apache.org/maven2/org/apache/maven/maven-parent/31/maven-parent-31.pom (43 kB at 1.0 MB/s)\n[Java CI/Test JDK 11, ubuntu-latest]   | [INFO] Downloading from central: https://repo.maven.apache.org/maven2/org/apache/apache/19/apache-19.pom\n[Java CI/Test JDK 11, ubuntu-latest]   | [INFO] Downloaded from central: https://repo.maven.apache.org/maven2/org/apache/apache/19/apache-19.pom (15 kB at 1.2 MB/s)\n[Java CI/Test JDK 11, ubuntu-latest]   | [INFO] Downloading from central: https://repo.maven.apache.org/maven2/org/apache/maven/surefire/surefire-api/2.22.2/surefire-api-2.22.2.pom\n[Java CI/Test JDK 11, ubuntu-latest]   | [INFO] Downloaded from central: https://repo.maven.apache.org/maven2/org/apache/maven/surefire/surefire-api/2.22.2/surefire-api-2.22.2.pom (3.5 kB at 154 kB/s)\n[Java CI/Test JDK 11, ubuntu-latest]   | [INFO] Downloading from central: https://repo.maven.apache.org/maven2/org/apache/maven/surefire/surefire-logger-api/2.22.2/surefire-logger-api-2.22.2.pom\n[Java CI/Test JDK 11, ubuntu-latest]   | [INFO] Downloaded from central: https://repo.maven.apache.org/maven2/org/apache/maven/surefire/surefire-logger-api/2.22.2/surefire-logger-api-2.22.2.pom (2.0 kB at 115 kB/s)\n[Java CI/Test JDK 11, ubuntu-latest]   | [INFO] Downloading from central: https://repo.maven.apache.org/maven2/org/apache/maven/surefire/surefire-booter/2.22.2/surefire-booter-2.22.2.pom\n[Java CI/Test JDK 11, ubuntu-latest]   | [INFO] Downloaded from central: https://repo.maven.apache.org/maven2/org/apache/maven/surefire/surefire-booter/2.22.2/surefire-booter-2.22.2.pom (7.5 kB at 532 kB/s)\n[Java CI/Test JDK 11, ubuntu-latest]   | [INFO] Downloading from central: https://repo.maven.apache.org/maven2/org/codehaus/plexus/plexus-container-default/1.0-alpha-9-stable-1/plexus-container-default-1.0-alpha-9-stable-1.pom\n[Java CI/Test JDK 11, ubuntu-latest]   | [INFO] Downloaded from central: https://repo.maven.apache.org/maven2/org/codehaus/plexus/plexus-container-default/1.0-alpha-9-stable-1/plexus-container-default-1.0-alpha-9-stable-1.pom (3.9 kB at 304 kB/s)\n[Java CI/Test JDK 11, ubuntu-latest]   | [INFO] Downloading from central: https://repo.maven.apache.org/maven2/org/codehaus/plexus/plexus-containers/1.0.3/plexus-containers-1.0.3.pom\n[Java CI/Test JDK 11, ubuntu-latest]   | [INFO] Downloaded from central: https://repo.maven.apache.org/maven2/org/codehaus/plexus/plexus-containers/1.0.3/plexus-containers-1.0.3.pom (492 B at 26 kB/s)\n[Java CI/Test JDK 11, ubuntu-latest]   | [INFO] Downloading from central: https://repo.maven.apache.org/maven2/org/codehaus/plexus/plexus/1.0.4/plexus-1.0.4.pom\n[Java CI/Test JDK 11, ubuntu-latest]   | [INFO] Downloaded from central: https://repo.maven.apache.org/maven2/org/codehaus/plexus/plexus/1.0.4/plexus-1.0.4.pom (5.7 kB at 359 kB/s)\n[Java CI/Test JDK 11, ubuntu-latest]   | [INFO] Downloading from central: https://repo.maven.apache.org/maven2/junit/junit/4.12/junit-4.12.pom\n[Java CI/Test JDK 11, ubuntu-latest]   | [INFO] Downloaded from central: https://repo.maven.apache.org/maven2/junit/junit/4.12/junit-4.12.pom (24 kB at 1.3 MB/s)\n[Java CI/Test JDK 11, ubuntu-latest]   | [INFO] Downloading from central: https://repo.maven.apache.org/maven2/org/codehaus/plexus/plexus-utils/1.0.4/plexus-utils-1.0.4.pom\n[Java CI/Test JDK 11, ubuntu-latest]   | [INFO] Downloaded from central: https://repo.maven.apache.org/maven2/org/codehaus/plexus/plexus-utils/1.0.4/plexus-utils-1.0.4.pom (6.9 kB at 428 kB/s)\n[Java CI/Test JDK 11, ubuntu-latest]   | [INFO] Downloading from central: https://repo.maven.apache.org/maven2/classworlds/classworlds/1.1-alpha-2/classworlds-1.1-alpha-2.pom\n[Java CI/Test JDK 11, ubuntu-latest]   | [INFO] Downloaded from central: https://repo.maven.apache.org/maven2/classworlds/classworlds/1.1-alpha-2/classworlds-1.1-alpha-2.pom (3.1 kB at 142 kB/s)\n[Java CI/Test JDK 11, ubuntu-latest]   | [INFO] Downloading from central: https://repo.maven.apache.org/maven2/org/apache/maven/reporting/maven-reporting-api/3.0/maven-reporting-api-3.0.pom\n[Java CI/Test JDK 11, ubuntu-latest]   | [INFO] Downloaded from central: https://repo.maven.apache.org/maven2/org/apache/maven/reporting/maven-reporting-api/3.0/maven-reporting-api-3.0.pom (2.4 kB at 158 kB/s)\n[Java CI/Test JDK 11, ubuntu-latest]   | [INFO] Downloading from central: https://repo.maven.apache.org/maven2/org/apache/maven/shared/maven-shared-components/15/maven-shared-components-15.pom\n[Java CI/Test JDK 11, ubuntu-latest]   | [INFO] Downloaded from central: https://repo.maven.apache.org/maven2/org/apache/maven/shared/maven-shared-components/15/maven-shared-components-15.pom (9.3 kB at 622 kB/s)\n[Java CI/Test JDK 11, ubuntu-latest]   | [INFO] Downloading from central: https://repo.maven.apache.org/maven2/org/apache/maven/maven-parent/16/maven-parent-16.pom\n[Java CI/Test JDK 11, ubuntu-latest]   | [INFO] Downloaded from central: https://repo.maven.apache.org/maven2/org/apache/maven/maven-parent/16/maven-parent-16.pom (23 kB at 1.6 MB/s)\n[Java CI/Test JDK 11, ubuntu-latest]   | [INFO] Downloading from central: https://repo.maven.apache.org/maven2/org/apache/apache/7/apache-7.pom\n[Java CI/Test JDK 11, ubuntu-latest]   | [INFO] Downloaded from central: https://repo.maven.apache.org/maven2/org/apache/apache/7/apache-7.pom (14 kB at 759 kB/s)\n[Java CI/Test JDK 11, ubuntu-latest]   | [INFO] Downloading from central: https://repo.maven.apache.org/maven2/classworlds/classworlds/1.1/classworlds-1.1.pom\n[Java CI/Test JDK 11, ubuntu-latest]   | [INFO] Downloaded from central: https://repo.maven.apache.org/maven2/classworlds/classworlds/1.1/classworlds-1.1.pom (3.3 kB at 90 kB/s)\n[Java CI/Test JDK 11, ubuntu-latest]   | [INFO] Downloading from central: https://repo.maven.apache.org/maven2/org/apache/maven/maven-toolchain/2.2.1/maven-toolchain-2.2.1.pom\n[Java CI/Test JDK 11, ubuntu-latest]   | [INFO] Downloaded from central: https://repo.maven.apache.org/maven2/org/apache/maven/maven-toolchain/2.2.1/maven-toolchain-2.2.1.pom (3.3 kB at 82 kB/s)\n[Java CI/Test JDK 11, ubuntu-latest]   | [INFO] Downloading from central: https://repo.maven.apache.org/maven2/com/thoughtworks/qdox/qdox/2.0-M8/qdox-2.0-M8.pom\n[Java CI/Test JDK 11, ubuntu-latest]   | [INFO] Downloaded from central: https://repo.maven.apache.org/maven2/com/thoughtworks/qdox/qdox/2.0-M8/qdox-2.0-M8.pom (16 kB at 720 kB/s)\n[Java CI/Test JDK 11, ubuntu-latest]   | [INFO] Downloading from central: https://repo.maven.apache.org/maven2/org/apache/maven/surefire/maven-surefire-common/2.22.2/maven-surefire-common-2.22.2.jar\n[Java CI/Test JDK 11, ubuntu-latest]   | [INFO] Downloading from central: https://repo.maven.apache.org/maven2/org/apache/maven/maven-plugin-api/2.2.1/maven-plugin-api-2.2.1.jar\n[Java CI/Test JDK 11, ubuntu-latest]   | [INFO] Downloading from central: https://repo.maven.apache.org/maven2/org/apache/maven/plugin-tools/maven-plugin-annotations/3.5.2/maven-plugin-annotations-3.5.2.jar\n[Java CI/Test JDK 11, ubuntu-latest]   | [INFO] Downloading from central: https://repo.maven.apache.org/maven2/org/apache/maven/surefire/surefire-api/2.22.2/surefire-api-2.22.2.jar\n[Java CI/Test JDK 11, ubuntu-latest]   | [INFO] Downloading from central: https://repo.maven.apache.org/maven2/org/apache/maven/surefire/surefire-logger-api/2.22.2/surefire-logger-api-2.22.2.jar\n[Java CI/Test JDK 11, ubuntu-latest]   | [INFO] Downloaded from central: https://repo.maven.apache.org/maven2/org/apache/maven/maven-plugin-api/2.2.1/maven-plugin-api-2.2.1.jar (12 kB at 317 kB/s)\n[Java CI/Test JDK 11, ubuntu-latest]   | [INFO] Downloading from central: https://repo.maven.apache.org/maven2/org/apache/maven/surefire/surefire-booter/2.22.2/surefire-booter-2.22.2.jar\n[Java CI/Test JDK 11, ubuntu-latest]   | [INFO] Downloaded from central: https://repo.maven.apache.org/maven2/org/apache/maven/plugin-tools/maven-plugin-annotations/3.5.2/maven-plugin-annotations-3.5.2.jar (14 kB at 332 kB/s)\n[Java CI/Test JDK 11, ubuntu-latest]   | [INFO] Downloading from central: https://repo.maven.apache.org/maven2/org/apache/maven/maven-artifact/2.2.1/maven-artifact-2.2.1.jar\n[Java CI/Test JDK 11, ubuntu-latest]   | [INFO] Downloaded from central: https://repo.maven.apache.org/maven2/org/apache/maven/surefire/surefire-logger-api/2.22.2/surefire-logger-api-2.22.2.jar (13 kB at 326 kB/s)\n[Java CI/Test JDK 11, ubuntu-latest]   | [INFO] Downloading from central: https://repo.maven.apache.org/maven2/org/codehaus/plexus/plexus-utils/1.5.15/plexus-utils-1.5.15.jar\n[Java CI/Test JDK 11, ubuntu-latest]   | [INFO] Downloaded from central: https://repo.maven.apache.org/maven2/org/apache/maven/surefire/surefire-api/2.22.2/surefire-api-2.22.2.jar (186 kB at 2.7 MB/s)\n[Java CI/Test JDK 11, ubuntu-latest]   | [INFO] Downloading from central: https://repo.maven.apache.org/maven2/org/apache/maven/maven-plugin-descriptor/2.2.1/maven-plugin-descriptor-2.2.1.jar\n[Java CI/Test JDK 11, ubuntu-latest]   | [INFO] Downloaded from central: https://repo.maven.apache.org/maven2/org/apache/maven/maven-artifact/2.2.1/maven-artifact-2.2.1.jar (80 kB at 1.1 MB/s)\n[Java CI/Test JDK 11, ubuntu-latest]   | [INFO] Downloading from central: https://repo.maven.apache.org/maven2/org/codehaus/plexus/plexus-container-default/1.0-alpha-9-stable-1/plexus-container-default-1.0-alpha-9-stable-1.jar\n[Java CI/Test JDK 11, ubuntu-latest]   | [INFO] Downloaded from central: https://repo.maven.apache.org/maven2/org/apache/maven/surefire/maven-surefire-common/2.22.2/maven-surefire-common-2.22.2.jar (528 kB at 6.4 MB/s)\n[Java CI/Test JDK 11, ubuntu-latest]   | [INFO] Downloading from central: https://repo.maven.apache.org/maven2/junit/junit/4.12/junit-4.12.jar\n[Java CI/Test JDK 11, ubuntu-latest]   | [INFO] Downloaded from central: https://repo.maven.apache.org/maven2/org/apache/maven/maven-plugin-descriptor/2.2.1/maven-plugin-descriptor-2.2.1.jar (39 kB at 485 kB/s)\n[Java CI/Test JDK 11, ubuntu-latest]   | [INFO] Downloading from central: https://repo.maven.apache.org/maven2/org/apache/maven/maven-project/2.2.1/maven-project-2.2.1.jar\n[Java CI/Test JDK 11, ubuntu-latest]   | [INFO] Downloaded from central: https://repo.maven.apache.org/maven2/org/codehaus/plexus/plexus-utils/1.5.15/plexus-utils-1.5.15.jar (228 kB at 2.7 MB/s)\n[Java CI/Test JDK 11, ubuntu-latest]   | [INFO] Downloading from central: https://repo.maven.apache.org/maven2/org/apache/maven/maven-settings/2.2.1/maven-settings-2.2.1.jar\n[Java CI/Test JDK 11, ubuntu-latest]   | [INFO] Downloaded from central: https://repo.maven.apache.org/maven2/org/apache/maven/surefire/surefire-booter/2.22.2/surefire-booter-2.22.2.jar (274 kB at 2.5 MB/s)\n[Java CI/Test JDK 11, ubuntu-latest]   | [INFO] Downloading from central: https://repo.maven.apache.org/maven2/org/apache/maven/maven-profile/2.2.1/maven-profile-2.2.1.jar\n[Java CI/Test JDK 11, ubuntu-latest]   | [INFO] Downloaded from central: https://repo.maven.apache.org/maven2/org/apache/maven/maven-settings/2.2.1/maven-settings-2.2.1.jar (49 kB at 446 kB/s)\n[Java CI/Test JDK 11, ubuntu-latest]   | [INFO] Downloading from central: https://repo.maven.apache.org/maven2/org/apache/maven/maven-artifact-manager/2.2.1/maven-artifact-manager-2.2.1.jar\n[Java CI/Test JDK 11, ubuntu-latest]   | [INFO] Downloaded from central: https://repo.maven.apache.org/maven2/org/codehaus/plexus/plexus-container-default/1.0-alpha-9-stable-1/plexus-container-default-1.0-alpha-9-stable-1.jar (194 kB at 1.7 MB/s)\n[Java CI/Test JDK 11, ubuntu-latest]   | [INFO] Downloading from central: https://repo.maven.apache.org/maven2/backport-util-concurrent/backport-util-concurrent/3.1/backport-util-concurrent-3.1.jar\n[Java CI/Test JDK 11, ubuntu-latest]   | [INFO] Downloaded from central: https://repo.maven.apache.org/maven2/junit/junit/4.12/junit-4.12.jar (315 kB at 2.6 MB/s)\n[Java CI/Test JDK 11, ubuntu-latest]   | [INFO] Downloading from central: https://repo.maven.apache.org/maven2/org/apache/maven/maven-plugin-registry/2.2.1/maven-plugin-registry-2.2.1.jar\n[Java CI/Test JDK 11, ubuntu-latest]   | [INFO] Downloaded from central: https://repo.maven.apache.org/maven2/org/apache/maven/maven-profile/2.2.1/maven-profile-2.2.1.jar (35 kB at 264 kB/s)\n[Java CI/Test JDK 11, ubuntu-latest]   | [INFO] Downloading from central: https://repo.maven.apache.org/maven2/org/codehaus/plexus/plexus-interpolation/1.11/plexus-interpolation-1.11.jar\n[Java CI/Test JDK 11, ubuntu-latest]   | [INFO] Downloaded from central: https://repo.maven.apache.org/maven2/org/apache/maven/maven-project/2.2.1/maven-project-2.2.1.jar (156 kB at 1.1 MB/s)\n[Java CI/Test JDK 11, ubuntu-latest]   | [INFO] Downloading from central: https://repo.maven.apache.org/maven2/org/apache/maven/maven-model/2.2.1/maven-model-2.2.1.jar\n[Java CI/Test JDK 11, ubuntu-latest]   | [INFO] Downloaded from central: https://repo.maven.apache.org/maven2/org/apache/maven/maven-plugin-registry/2.2.1/maven-plugin-registry-2.2.1.jar (30 kB at 199 kB/s)\n[Java CI/Test JDK 11, ubuntu-latest]   | [INFO] Downloading from central: https://repo.maven.apache.org/maven2/org/apache/maven/maven-core/2.2.1/maven-core-2.2.1.jar\n[Java CI/Test JDK 11, ubuntu-latest]   | [INFO] Downloaded from central: https://repo.maven.apache.org/maven2/org/apache/maven/maven-artifact-manager/2.2.1/maven-artifact-manager-2.2.1.jar (68 kB at 445 kB/s)\n[Java CI/Test JDK 11, ubuntu-latest]   | [INFO] Downloading from central: https://repo.maven.apache.org/maven2/org/apache/maven/maven-plugin-parameter-documenter/2.2.1/maven-plugin-parameter-documenter-2.2.1.jar\n[Java CI/Test JDK 11, ubuntu-latest]   | [INFO] Downloaded from central: https://repo.maven.apache.org/maven2/org/codehaus/plexus/plexus-interpolation/1.11/plexus-interpolation-1.11.jar (51 kB at 314 kB/s)\n[Java CI/Test JDK 11, ubuntu-latest]   | [INFO] Downloading from central: https://repo.maven.apache.org/maven2/org/slf4j/slf4j-jdk14/1.5.6/slf4j-jdk14-1.5.6.jar\n[Java CI/Test JDK 11, ubuntu-latest]   | [INFO] Downloaded from central: https://repo.maven.apache.org/maven2/org/apache/maven/maven-model/2.2.1/maven-model-2.2.1.jar (88 kB at 534 kB/s)\n[Java CI/Test JDK 11, ubuntu-latest]   | [INFO] Downloading from central: https://repo.maven.apache.org/maven2/org/slf4j/slf4j-api/1.5.6/slf4j-api-1.5.6.jar\n[Java CI/Test JDK 11, ubuntu-latest]   | [INFO] Downloaded from central: https://repo.maven.apache.org/maven2/backport-util-concurrent/backport-util-concurrent/3.1/backport-util-concurrent-3.1.jar (332 kB at 2.0 MB/s)\n[Java CI/Test JDK 11, ubuntu-latest]   | [INFO] Downloading from central: https://repo.maven.apache.org/maven2/org/slf4j/jcl-over-slf4j/1.5.6/jcl-over-slf4j-1.5.6.jar\n[Java CI/Test JDK 11, ubuntu-latest]   | [INFO] Downloaded from central: https://repo.maven.apache.org/maven2/org/apache/maven/maven-plugin-parameter-documenter/2.2.1/maven-plugin-parameter-documenter-2.2.1.jar (22 kB at 131 kB/s)\n[Java CI/Test JDK 11, ubuntu-latest]   | [INFO] Downloading from central: https://repo.maven.apache.org/maven2/org/apache/maven/reporting/maven-reporting-api/3.0/maven-reporting-api-3.0.jar\n[Java CI/Test JDK 11, ubuntu-latest]   | [INFO] Downloaded from central: https://repo.maven.apache.org/maven2/org/apache/maven/maven-core/2.2.1/maven-core-2.2.1.jar (178 kB at 1.1 MB/s)\n[Java CI/Test JDK 11, ubuntu-latest]   | [INFO] Downloading from central: https://repo.maven.apache.org/maven2/org/apache/maven/maven-repository-metadata/2.2.1/maven-repository-metadata-2.2.1.jar\n[Java CI/Test JDK 11, ubuntu-latest]   | [INFO] Downloaded from central: https://repo.maven.apache.org/maven2/org/slf4j/slf4j-jdk14/1.5.6/slf4j-jdk14-1.5.6.jar (8.8 kB at 50 kB/s)\n[Java CI/Test JDK 11, ubuntu-latest]   | [INFO] Downloading from central: https://repo.maven.apache.org/maven2/org/apache/maven/maven-error-diagnostics/2.2.1/maven-error-diagnostics-2.2.1.jar\n[Java CI/Test JDK 11, ubuntu-latest]   | [INFO] Downloaded from central: https://repo.maven.apache.org/maven2/org/slf4j/jcl-over-slf4j/1.5.6/jcl-over-slf4j-1.5.6.jar (17 kB at 92 kB/s)\n[Java CI/Test JDK 11, ubuntu-latest]   | [INFO] Downloading from central: https://repo.maven.apache.org/maven2/org/apache/maven/maven-monitor/2.2.1/maven-monitor-2.2.1.jar\n[Java CI/Test JDK 11, ubuntu-latest]   | [INFO] Downloaded from central: https://repo.maven.apache.org/maven2/org/slf4j/slf4j-api/1.5.6/slf4j-api-1.5.6.jar (22 kB at 122 kB/s)\n[Java CI/Test JDK 11, ubuntu-latest]   | [INFO] Downloading from central: https://repo.maven.apache.org/maven2/classworlds/classworlds/1.1/classworlds-1.1.jar\n[Java CI/Test JDK 11, ubuntu-latest]   | [INFO] Downloaded from central: https://repo.maven.apache.org/maven2/org/apache/maven/reporting/maven-reporting-api/3.0/maven-reporting-api-3.0.jar (11 kB at 59 kB/s)\n[Java CI/Test JDK 11, ubuntu-latest]   | [INFO] Downloading from central: https://repo.maven.apache.org/maven2/org/apache/maven/maven-toolchain/2.2.1/maven-toolchain-2.2.1.jar\n[Java CI/Test JDK 11, ubuntu-latest]   | [INFO] Downloaded from central: https://repo.maven.apache.org/maven2/org/apache/maven/maven-repository-metadata/2.2.1/maven-repository-metadata-2.2.1.jar (26 kB at 126 kB/s)\n[Java CI/Test JDK 11, ubuntu-latest]   | [INFO] Downloaded from central: https://repo.maven.apache.org/maven2/org/apache/maven/maven-error-diagnostics/2.2.1/maven-error-diagnostics-2.2.1.jar (13 kB at 64 kB/s)\n[Java CI/Test JDK 11, ubuntu-latest]   | [INFO] Downloading from central: https://repo.maven.apache.org/maven2/com/thoughtworks/qdox/qdox/2.0-M8/qdox-2.0-M8.jar\n[Java CI/Test JDK 11, ubuntu-latest]   | [INFO] Downloaded from central: https://repo.maven.apache.org/maven2/classworlds/classworlds/1.1/classworlds-1.1.jar (38 kB at 179 kB/s)\n[Java CI/Test JDK 11, ubuntu-latest]   | [INFO] Downloaded from central: https://repo.maven.apache.org/maven2/org/apache/maven/maven-monitor/2.2.1/maven-monitor-2.2.1.jar (10 kB at 50 kB/s)\n[Java CI/Test JDK 11, ubuntu-latest]   | [INFO] Downloaded from central: https://repo.maven.apache.org/maven2/org/apache/maven/maven-toolchain/2.2.1/maven-toolchain-2.2.1.jar (38 kB at 177 kB/s)\n[Java CI/Test JDK 11, ubuntu-latest]   | [INFO] Downloaded from central: https://repo.maven.apache.org/maven2/com/thoughtworks/qdox/qdox/2.0-M8/qdox-2.0-M8.jar (316 kB at 1.3 MB/s)\n[Java CI/Test JDK 11, ubuntu-latest]   | [INFO] Downloading from central: https://repo.maven.apache.org/maven2/org/apache/maven/surefire/surefire-junit4/2.22.2/surefire-junit4-2.22.2.pom\n[Java CI/Test JDK 11, ubuntu-latest]   | [INFO] Downloaded from central: https://repo.maven.apache.org/maven2/org/apache/maven/surefire/surefire-junit4/2.22.2/surefire-junit4-2.22.2.pom (3.1 kB at 69 kB/s)\n[Java CI/Test JDK 11, ubuntu-latest]   | [INFO] Downloading from central: https://repo.maven.apache.org/maven2/org/apache/maven/surefire/surefire-providers/2.22.2/surefire-providers-2.22.2.pom\n[Java CI/Test JDK 11, ubuntu-latest]   | [INFO] Downloaded from central: https://repo.maven.apache.org/maven2/org/apache/maven/surefire/surefire-providers/2.22.2/surefire-providers-2.22.2.pom (2.5 kB at 61 kB/s)\n[Java CI/Test JDK 11, ubuntu-latest]   | [INFO] Downloading from central: https://repo.maven.apache.org/maven2/org/apache/maven/surefire/surefire-junit4/2.22.2/surefire-junit4-2.22.2.jar\n[Java CI/Test JDK 11, ubuntu-latest]   | [INFO] Downloaded from central: https://repo.maven.apache.org/maven2/org/apache/maven/surefire/surefire-junit4/2.22.2/surefire-junit4-2.22.2.jar (85 kB at 2.5 MB/s)\n[Java CI/Test JDK 11, ubuntu-latest]   | [INFO] \n[Java CI/Test JDK 11, ubuntu-latest]   | [INFO] -------------------------------------------------------\n[Java CI/Test JDK 11, ubuntu-latest]   | [INFO]  T E S T S\n[Java CI/Test JDK 11, ubuntu-latest]   | [INFO] -------------------------------------------------------\n[Java CI/Test JDK 11, ubuntu-latest]   | [INFO] Running org.adoptopenjdk.jitwatch.test.TestResourceLoader\n[Java CI/Test JDK 11, ubuntu-latest]   | [INFO] Tests run: 1, Failures: 0, Errors: 0, Skipped: 0, Time elapsed: 0.135 s - in org.adoptopenjdk.jitwatch.test.TestResourceLoader\n[Java CI/Test JDK 11, ubuntu-latest]   | [INFO] Running org.adoptopenjdk.jitwatch.test.TestLocales\n[Java CI/Test JDK 11, ubuntu-latest]   | [INFO] Tests run: 2, Failures: 0, Errors: 0, Skipped: 0, Time elapsed: 0.003 s - in org.adoptopenjdk.jitwatch.test.TestLocales\n[Java CI/Test JDK 11, ubuntu-latest]   | [INFO] Running org.adoptopenjdk.jitwatch.test.TestLogSplitting\n[Java CI/Test JDK 11, ubuntu-latest]   | [INFO] Tests run: 3, Failures: 0, Errors: 0, Skipped: 0, Time elapsed: 0.038 s - in org.adoptopenjdk.jitwatch.test.TestLogSplitting\n[Java CI/Test JDK 11, ubuntu-latest]   | [INFO] Running org.adoptopenjdk.jitwatch.test.TestJ9Parser\n[Java CI/Test JDK 11, ubuntu-latest]   | [INFO] Tests run: 3, Failures: 0, Errors: 0, Skipped: 0, Time elapsed: 0.003 s - in org.adoptopenjdk.jitwatch.test.TestJ9Parser\n[Java CI/Test JDK 11, ubuntu-latest]   | [INFO] Running org.adoptopenjdk.jitwatch.test.TestVmVersionDetector\n[Java CI/Test JDK 11, ubuntu-latest]   | [INFO] Tests run: 1, Failures: 0, Errors: 0, Skipped: 0, Time elapsed: 0.002 s - in org.adoptopenjdk.jitwatch.test.TestVmVersionDetector\n[Java CI/Test JDK 11, ubuntu-latest]   | [INFO] Running org.adoptopenjdk.jitwatch.test.TestCompileChain\n[Java CI/Test JDK 11, ubuntu-latest]   | [INFO] Tests run: 5, Failures: 0, Errors: 0, Skipped: 0, Time elapsed: 0.018 s - in org.adoptopenjdk.jitwatch.test.TestCompileChain\n[Java CI/Test JDK 11, ubuntu-latest]   | [INFO] Running org.adoptopenjdk.jitwatch.test.TestParseUtil\n[Java CI/Test JDK 11, ubuntu-latest]   | [INFO] Tests run: 53, Failures: 0, Errors: 0, Skipped: 0, Time elapsed: 0.035 s - in org.adoptopenjdk.jitwatch.test.TestParseUtil\n[Java CI/Test JDK 11, ubuntu-latest]   | [INFO] Running org.adoptopenjdk.jitwatch.test.TestMemberSignatureParts\n[Java CI/Test JDK 11, ubuntu-latest]   | [INFO] Tests run: 17, Failures: 0, Errors: 0, Skipped: 0, Time elapsed: 0.006 s - in org.adoptopenjdk.jitwatch.test.TestMemberSignatureParts\n[Java CI/Test JDK 11, ubuntu-latest]   | [INFO] Running org.adoptopenjdk.jitwatch.test.TestAssemblyParserX86\n[Java CI/Test JDK 11, ubuntu-latest]   | [INFO] Tests run: 17, Failures: 0, Errors: 0, Skipped: 0, Time elapsed: 0.014 s - in org.adoptopenjdk.jitwatch.test.TestAssemblyParserX86\n[Java CI/Test JDK 11, ubuntu-latest]   | [INFO] Running org.adoptopenjdk.jitwatch.test.TestAssemblyProcessor\n[Java CI/Test JDK 11, ubuntu-latest]   | [INFO] Tests run: 12, Failures: 0, Errors: 0, Skipped: 0, Time elapsed: 0.016 s - in org.adoptopenjdk.jitwatch.test.TestAssemblyProcessor\n[Java CI/Test JDK 11, ubuntu-latest]   | [INFO] Running org.adoptopenjdk.jitwatch.test.TestMemberBytecode\n[Java CI/Test JDK 11, ubuntu-latest]   | [INFO] Tests run: 2, Failures: 0, Errors: 0, Skipped: 0, Time elapsed: 0.004 s - in org.adoptopenjdk.jitwatch.test.TestMemberBytecode\n[Java CI/Test JDK 11, ubuntu-latest]   | [INFO] Running org.adoptopenjdk.jitwatch.test.TestOpcode\n[Java CI/Test JDK 11, ubuntu-latest]   | [INFO] Tests run: 1, Failures: 0, Errors: 0, Skipped: 0, Time elapsed: 0.001 s - in org.adoptopenjdk.jitwatch.test.TestOpcode\n[Java CI/Test JDK 11, ubuntu-latest]   | [INFO] Running org.adoptopenjdk.jitwatch.test.TestExecutionUtil\n[Java CI/Test JDK 11, ubuntu-latest]   | 2023-06-15T14:40:49.114993Z INF org.adoptopenjdk.jitwatch.process.runtime.RuntimeJava Process: /opt/hostedtoolcache/jdk/11.0.19/x64/bin/java -XX:+UnlockDiagnosticVMOptions -XX:+LogCompilation -cp /tmp/569e0364-0b80-11ee-a890-af2cc187fc11/AdoptOpenJDK-jitwatch/core/target/test-classes org.adoptopenjdk.jitwatch.test.DummyClassWithMain \n[Java CI/Test JDK 11, ubuntu-latest]   | Running: /opt/hostedtoolcache/jdk/11.0.19/x64/bin/java -XX:+UnlockDiagnosticVMOptions -XX:+LogCompilation -cp /tmp/569e0364-0b80-11ee-a890-af2cc187fc11/AdoptOpenJDK-jitwatch/core/target/test-classes org.adoptopenjdk.jitwatch.test.DummyClassWithMain \n[Java CI/Test JDK 11, ubuntu-latest]   | Hello World!\n[Java CI/Test JDK 11, ubuntu-latest]   | \n[Java CI/Test JDK 11, ubuntu-latest]   | \n[Java CI/Test JDK 11, ubuntu-latest]   | [INFO] Tests run: 1, Failures: 0, Errors: 0, Skipped: 0, Time elapsed: 0.184 s - in org.adoptopenjdk.jitwatch.test.TestExecutionUtil\n[Java CI/Test JDK 11, ubuntu-latest]   | [INFO] Running org.adoptopenjdk.jitwatch.test.TestBytecodeLoaderWithInnerClasses\n[Java CI/Test JDK 11, ubuntu-latest]   | 2023-06-15T14:40:49.301349Z INF org.adoptopenjdk.jitwatch.process.runtime.RuntimeJava Process: /opt/hostedtoolcache/jdk/11.0.19/x64/bin/javac -g -d /tmp/testInnerClasses5884415729453205991 /tmp/569e0364-0b80-11ee-a890-af2cc187fc11/AdoptOpenJDK-jitwatch/core/src/main/resources/examples/TestInner.java \n[Java CI/Test JDK 11, ubuntu-latest]   | 2023-06-15T14:40:50.395534Z INF org.adoptopenjdk.jitwatch.process.runtime.RuntimeJava Process: /opt/hostedtoolcache/jdk/11.0.19/x64/bin/javac -g -d /tmp/testInnerClasses14515215509224102266 /tmp/569e0364-0b80-11ee-a890-af2cc187fc11/AdoptOpenJDK-jitwatch/core/src/main/resources/examples/TestInner.java \n[Java CI/Test JDK 11, ubuntu-latest]   | 2023-06-15T14:40:51.171498Z INF org.adoptopenjdk.jitwatch.process.runtime.RuntimeJava Process: /opt/hostedtoolcache/jdk/11.0.19/x64/bin/javac -g -d /tmp/testInnerClasses11177875712336194739 /tmp/569e0364-0b80-11ee-a890-af2cc187fc11/AdoptOpenJDK-jitwatch/core/src/main/resources/examples/TestInner.java \n[Java CI/Test JDK 11, ubuntu-latest]   | 2023-06-15T14:40:52.182912Z INF org.adoptopenjdk.jitwatch.process.runtime.RuntimeJava Process: /opt/hostedtoolcache/jdk/11.0.19/x64/bin/javac -g -d /tmp/testInnerClasses11957883217425763323 /tmp/569e0364-0b80-11ee-a890-af2cc187fc11/AdoptOpenJDK-jitwatch/core/src/main/resources/examples/TestInner.java \n[Java CI/Test JDK 11, ubuntu-latest]   | 2023-06-15T14:40:53.195156Z INF org.adoptopenjdk.jitwatch.process.runtime.RuntimeJava Process: /opt/hostedtoolcache/jdk/11.0.19/x64/bin/javac -g -d /tmp/testInnerClasses5996111569038146355 /tmp/569e0364-0b80-11ee-a890-af2cc187fc11/AdoptOpenJDK-jitwatch/core/src/main/resources/examples/TestInner.java \n[Java CI/Test JDK 11, ubuntu-latest]   | 2023-06-15T14:40:54.229395Z INF org.adoptopenjdk.jitwatch.process.runtime.RuntimeJava Process: /opt/hostedtoolcache/jdk/11.0.19/x64/bin/javac -g -d /tmp/testInnerClasses673946099970206281 /tmp/569e0364-0b80-11ee-a890-af2cc187fc11/AdoptOpenJDK-jitwatch/core/src/main/resources/examples/TestInner.java \n[Java CI/Test JDK 11, ubuntu-latest]   | 2023-06-15T14:40:55.244964Z INF org.adoptopenjdk.jitwatch.process.runtime.RuntimeJava Process: /opt/hostedtoolcache/jdk/11.0.19/x64/bin/javac -g -d /tmp/testInnerClasses5550025977420037689 /tmp/569e0364-0b80-11ee-a890-af2cc187fc11/AdoptOpenJDK-jitwatch/core/src/main/resources/examples/TestInner.java \n[Java CI/Test JDK 11, ubuntu-latest]   | 2023-06-15T14:40:56.379777Z INF org.adoptopenjdk.jitwatch.process.runtime.RuntimeJava Process: /opt/hostedtoolcache/jdk/11.0.19/x64/bin/javac -g -d /tmp/testInnerClasses16334793468372069752 /tmp/569e0364-0b80-11ee-a890-af2cc187fc11/AdoptOpenJDK-jitwatch/core/src/main/resources/examples/TestInner.java \n[Java CI/Test JDK 11, ubuntu-latest]   | 2023-06-15T14:40:57.512174Z INF org.adoptopenjdk.jitwatch.process.runtime.RuntimeJava Process: /opt/hostedtoolcache/jdk/11.0.19/x64/bin/javac -g -d /tmp/testInnerClasses18124881669687201666 /tmp/569e0364-0b80-11ee-a890-af2cc187fc11/AdoptOpenJDK-jitwatch/core/src/main/resources/examples/TestInner.java \n[Java CI/Test JDK 11, ubuntu-latest]   | 2023-06-15T14:40:58.713880Z INF org.adoptopenjdk.jitwatch.process.runtime.RuntimeJava Process: /opt/hostedtoolcache/jdk/11.0.19/x64/bin/javac -g -d /tmp/testInnerClasses3390230543779864344 /tmp/569e0364-0b80-11ee-a890-af2cc187fc11/AdoptOpenJDK-jitwatch/core/src/main/resources/examples/TestInner.java \n[Java CI/Test JDK 11, ubuntu-latest]   | 2023-06-15T14:40:59.705576Z INF org.adoptopenjdk.jitwatch.process.runtime.RuntimeJava Process: /opt/hostedtoolcache/jdk/11.0.19/x64/bin/javac -g -d /tmp/testInnerClasses8706277422696336390 /tmp/569e0364-0b80-11ee-a890-af2cc187fc11/AdoptOpenJDK-jitwatch/core/src/main/resources/examples/TestInner.java \n[Java CI/Test JDK 11, ubuntu-latest]   | 2023-06-15T14:41:00.626439Z INF org.adoptopenjdk.jitwatch.process.runtime.RuntimeJava Process: /opt/hostedtoolcache/jdk/11.0.19/x64/bin/javac -g -d /tmp/testInnerClasses7546616998399091041 /tmp/569e0364-0b80-11ee-a890-af2cc187fc11/AdoptOpenJDK-jitwatch/core/src/main/resources/examples/TestInner.java \n[Java CI/Test JDK 11, ubuntu-latest]   | 2023-06-15T14:41:01.452538Z INF org.adoptopenjdk.jitwatch.process.runtime.RuntimeJava Process: /opt/hostedtoolcache/jdk/11.0.19/x64/bin/javac -g -d /tmp/testInnerClasses4998556929537137325 /tmp/569e0364-0b80-11ee-a890-af2cc187fc11/AdoptOpenJDK-jitwatch/core/src/main/resources/examples/TestInner.java \n[Java CI/Test JDK 11, ubuntu-latest]   | [INFO] Tests run: 13, Failures: 0, Errors: 0, Skipped: 0, Time elapsed: 13.341 s - in org.adoptopenjdk.jitwatch.test.TestBytecodeLoaderWithInnerClasses\n[Java CI/Test JDK 11, ubuntu-latest]   | [INFO] Running org.adoptopenjdk.jitwatch.test.TestCompilationUtil\n[Java CI/Test JDK 11, ubuntu-latest]   | 2023-06-15T14:41:02.643432Z INF org.adoptopenjdk.jitwatch.process.runtime.RuntimeJava Process: /opt/hostedtoolcache/jdk/11.0.19/x64/bin/javac -g -d /tmp/test_compilation_util7592982727470204504 /tmp/test_compilation_util7592982727470204504/org/adoptopenjdk/jitwatch/compiletest/CompileTest.java \n[Java CI/Test JDK 11, ubuntu-latest]   | [INFO] Tests run: 1, Failures: 0, Errors: 0, Skipped: 0, Time elapsed: 0.949 s - in org.adoptopenjdk.jitwatch.test.TestCompilationUtil\n[Java CI/Test JDK 11, ubuntu-latest]   | [INFO] Running org.adoptopenjdk.jitwatch.test.TestTagProcessor\n[Java CI/Test JDK 11, ubuntu-latest]   | 2023-06-15T14:41:03.599982Z WRN org.adoptopenjdk.jitwatch.core.TagProcessor Found a <fragment> in the HotSpot log. The VM exited before the hotspot log was fully written. JIT information may have been lost.\n[Java CI/Test JDK 11, ubuntu-latest]   | 2023-06-15T14:41:03.600345Z WRN org.adoptopenjdk.jitwatch.core.TagProcessor Found a <fragment> in the HotSpot log. The VM exited before the hotspot log was fully written. JIT information may have been lost.\n[Java CI/Test JDK 11, ubuntu-latest]   | [INFO] Tests run: 13, Failures: 0, Errors: 0, Skipped: 0, Time elapsed: 0.009 s - in org.adoptopenjdk.jitwatch.test.TestTagProcessor\n[Java CI/Test JDK 11, ubuntu-latest]   | [INFO] Running org.adoptopenjdk.jitwatch.test.TestCompositeObjectEquality\n[Java CI/Test JDK 11, ubuntu-latest]   | [INFO] Tests run: 7, Failures: 0, Errors: 0, Skipped: 0, Time elapsed: 0 s - in org.adoptopenjdk.jitwatch.test.TestCompositeObjectEquality\n[Java CI/Test JDK 11, ubuntu-latest]   | [INFO] Running org.adoptopenjdk.jitwatch.test.TestReport\n[Java CI/Test JDK 11, ubuntu-latest]   | [INFO] Tests run: 2, Failures: 0, Errors: 0, Skipped: 0, Time elapsed: 0.008 s - in org.adoptopenjdk.jitwatch.test.TestReport\n[Java CI/Test JDK 11, ubuntu-latest]   | [INFO] Running org.adoptopenjdk.jitwatch.test.TestZingParser\n[Java CI/Test JDK 11, ubuntu-latest]   | [INFO] Tests run: 10, Failures: 0, Errors: 0, Skipped: 0, Time elapsed: 0.005 s - in org.adoptopenjdk.jitwatch.test.TestZingParser\n[Java CI/Test JDK 11, ubuntu-latest]   | [INFO] Running org.adoptopenjdk.jitwatch.test.TestBytecodeLoader\n[Java CI/Test JDK 11, ubuntu-latest]   | 2023-06-15T14:41:03.621600Z ERR org.adoptopenjdk.jitwatch.loader.BytecodeLoader could not parse bytecode: '}'\n[Java CI/Test JDK 11, ubuntu-latest]   | [INFO] Tests run: 19, Failures: 0, Errors: 0, Skipped: 0, Time elapsed: 0.269 s - in org.adoptopenjdk.jitwatch.test.TestBytecodeLoader\n[Java CI/Test JDK 11, ubuntu-latest]   | [INFO] Running org.adoptopenjdk.jitwatch.test.TestHisto\n[Java CI/Test JDK 11, ubuntu-latest]   | [INFO] Tests run: 1, Failures: 0, Errors: 0, Skipped: 0, Time elapsed: 0 s - in org.adoptopenjdk.jitwatch.test.TestHisto\n[Java CI/Test JDK 11, ubuntu-latest]   | [INFO] Running org.adoptopenjdk.jitwatch.test.TestJarScan\n[Java CI/Test JDK 11, ubuntu-latest]   | [INFO] Tests run: 8, Failures: 0, Errors: 0, Skipped: 0, Time elapsed: 0.007 s - in org.adoptopenjdk.jitwatch.test.TestJarScan\n[Java CI/Test JDK 11, ubuntu-latest]   | [INFO] Running org.adoptopenjdk.jitwatch.test.TestJITWatchConfig\n[Java CI/Test JDK 11, ubuntu-latest]   | [INFO] Tests run: 4, Failures: 0, Errors: 0, Skipped: 0, Time elapsed: 0.12 s - in org.adoptopenjdk.jitwatch.test.TestJITWatchConfig\n[Java CI/Test JDK 11, ubuntu-latest]   | [INFO] Running org.adoptopenjdk.jitwatch.test.TestPackageManager\n[Java CI/Test JDK 11, ubuntu-latest]   | [INFO] Tests run: 2, Failures: 0, Errors: 0, Skipped: 0, Time elapsed: 0.001 s - in org.adoptopenjdk.jitwatch.test.TestPackageManager\n[Java CI/Test JDK 11, ubuntu-latest]   | [INFO] Running org.adoptopenjdk.jitwatch.test.TestAssemblyParserARM\n[Java CI/Test JDK 11, ubuntu-latest]   | [INFO] Tests run: 1, Failures: 0, Errors: 0, Skipped: 0, Time elapsed: 0 s - in org.adoptopenjdk.jitwatch.test.TestAssemblyParserARM\n[Java CI/Test JDK 11, ubuntu-latest]   | [INFO] Running org.adoptopenjdk.jitwatch.test.TestIntrinsicFinder\n[Java CI/Test JDK 11, ubuntu-latest]   | [INFO] Tests run: 2, Failures: 0, Errors: 0, Skipped: 0, Time elapsed: 0.004 s - in org.adoptopenjdk.jitwatch.test.TestIntrinsicFinder\n[Java CI/Test JDK 11, ubuntu-latest]   | [INFO] Running org.adoptopenjdk.jitwatch.test.TestAssemblyLabels\n[Java CI/Test JDK 11, ubuntu-latest]   | [INFO] Tests run: 7, Failures: 0, Errors: 0, Skipped: 0, Time elapsed: 0.004 s - in org.adoptopenjdk.jitwatch.test.TestAssemblyLabels\n[Java CI/Test JDK 11, ubuntu-latest]   | [INFO] Running org.adoptopenjdk.jitwatch.test.TestStringUtil\n[Java CI/Test JDK 11, ubuntu-latest]   | [INFO] Tests run: 3, Failures: 0, Errors: 0, Skipped: 0, Time elapsed: 0.006 s - in org.adoptopenjdk.jitwatch.test.TestStringUtil\n[Java CI/Test JDK 11, ubuntu-latest]   | [INFO] Running org.adoptopenjdk.jitwatch.test.TestBytecodeAnnotationBuilder\n[Java CI/Test JDK 11, ubuntu-latest]   | 2023-06-15T14:41:04.052130Z ERR org.adoptopenjdk.jitwatch.util.ParseUtil ClassNotFoundException: 'EscapeTest$Wrapper1'\n[Java CI/Test JDK 11, ubuntu-latest]   | 2023-06-15T14:41:04.052856Z ERR org.adoptopenjdk.jitwatch.util.ParseUtil metaClass not found: EscapeTest$Wrapper1\n[Java CI/Test JDK 11, ubuntu-latest]   | 2023-06-15T14:41:04.053720Z ERR org.adoptopenjdk.jitwatch.util.ParseUtil ClassNotFoundException: 'EscapeTest$Wrapper2'\n[Java CI/Test JDK 11, ubuntu-latest]   | 2023-06-15T14:41:04.054211Z ERR org.adoptopenjdk.jitwatch.util.ParseUtil metaClass not found: EscapeTest$Wrapper2\n[Java CI/Test JDK 11, ubuntu-latest]   | 2023-06-15T14:41:04.055016Z ERR org.adoptopenjdk.jitwatch.util.ParseUtil ClassNotFoundException: 'EscapeTest$Wrapper1'\n[Java CI/Test JDK 11, ubuntu-latest]   | 2023-06-15T14:41:04.055494Z ERR org.adoptopenjdk.jitwatch.util.ParseUtil metaClass not found: EscapeTest$Wrapper1\n[Java CI/Test JDK 11, ubuntu-latest]   | 2023-06-15T14:41:04.075560Z ERR org.adoptopenjdk.jitwatch.util.ParseUtil ClassNotFoundException: 'EscapeTest$Wrapper1'\n[Java CI/Test JDK 11, ubuntu-latest]   | 2023-06-15T14:41:04.075855Z ERR org.adoptopenjdk.jitwatch.util.ParseUtil metaClass not found: EscapeTest$Wrapper1\n[Java CI/Test JDK 11, ubuntu-latest]   | 2023-06-15T14:41:04.076294Z ERR org.adoptopenjdk.jitwatch.util.ParseUtil ClassNotFoundException: 'EscapeTest$Wrapper2'\n[Java CI/Test JDK 11, ubuntu-latest]   | 2023-06-15T14:41:04.076503Z ERR org.adoptopenjdk.jitwatch.util.ParseUtil metaClass not found: EscapeTest$Wrapper2\n[Java CI/Test JDK 11, ubuntu-latest]   | 2023-06-15T14:41:04.076959Z ERR org.adoptopenjdk.jitwatch.util.ParseUtil ClassNotFoundException: 'EscapeTest$Wrapper1'\n[Java CI/Test JDK 11, ubuntu-latest]   | 2023-06-15T14:41:04.077158Z ERR org.adoptopenjdk.jitwatch.util.ParseUtil metaClass not found: EscapeTest$Wrapper1\n[Java CI/Test JDK 11, ubuntu-latest]   | 2023-06-15T14:41:04.083251Z WRN org.adoptopenjdk.jitwatch.parser.AbstractLogParser Didn't find compilation with ID null\n[Java CI/Test JDK 11, ubuntu-latest]   | [INFO] Tests run: 20, Failures: 0, Errors: 0, Skipped: 0, Time elapsed: 0.058 s - in org.adoptopenjdk.jitwatch.test.TestBytecodeAnnotationBuilder\n[Java CI/Test JDK 11, ubuntu-latest]   | [INFO] Running org.adoptopenjdk.jitwatch.test.TestInnerClassRelationship\n[Java CI/Test JDK 11, ubuntu-latest]   | [INFO] Tests run: 2, Failures: 0, Errors: 0, Skipped: 0, Time elapsed: 0 s - in org.adoptopenjdk.jitwatch.test.TestInnerClassRelationship\n[Java CI/Test JDK 11, ubuntu-latest]   | [INFO] Running org.adoptopenjdk.jitwatch.test.TestMetaClass\n[Java CI/Test JDK 11, ubuntu-latest]   | [INFO] Tests run: 14, Failures: 0, Errors: 0, Skipped: 0, Time elapsed: 0.005 s - in org.adoptopenjdk.jitwatch.test.TestMetaClass\n[Java CI/Test JDK 11, ubuntu-latest]   | [INFO] Running org.adoptopenjdk.jitwatch.test.TestLineTable\n[Java CI/Test JDK 11, ubuntu-latest]   | [INFO] Tests run: 4, Failures: 0, Errors: 0, Skipped: 0, Time elapsed: 0 s - in org.adoptopenjdk.jitwatch.test.TestLineTable\n[Java CI/Test JDK 11, ubuntu-latest]   | [INFO] \n[Java CI/Test JDK 11, ubuntu-latest]   | [INFO] Results:\n[Java CI/Test JDK 11, ubuntu-latest]   | [INFO] \n[Java CI/Test JDK 11, ubuntu-latest]   | [INFO] Tests run: 251, Failures: 0, Errors: 0, Skipped: 0\n[Java CI/Test JDK 11, ubuntu-latest]   | [INFO] \n[Java CI/Test JDK 11, ubuntu-latest]   | [INFO] \n[Java CI/Test JDK 11, ubuntu-latest]   | [INFO] --------------------< com.chrisnewland:jitwatch-ui >--------------------\n[Java CI/Test JDK 11, ubuntu-latest]   | [INFO] Building JITWatch UI 1.4.7                                         [3/3]\n[Java CI/Test JDK 11, ubuntu-latest]   | [INFO] --------------------------------[ jar ]---------------------------------\n[Java CI/Test JDK 11, ubuntu-latest]   | [INFO] Downloading from central: https://repo.maven.apache.org/maven2/org/openjfx/javafx-controls/18.0.2/javafx-controls-18.0.2.pom\n[Java CI/Test JDK 11, ubuntu-latest]   | [INFO] Downloaded from central: https://repo.maven.apache.org/maven2/org/openjfx/javafx-controls/18.0.2/javafx-controls-18.0.2.pom (908 B at 50 kB/s)\n[Java CI/Test JDK 11, ubuntu-latest]   | [INFO] Downloading from central: https://repo.maven.apache.org/maven2/org/openjfx/javafx/18.0.2/javafx-18.0.2.pom\n[Java CI/Test JDK 11, ubuntu-latest]   | [INFO] Downloaded from central: https://repo.maven.apache.org/maven2/org/openjfx/javafx/18.0.2/javafx-18.0.2.pom (8.4 kB at 421 kB/s)\n[Java CI/Test JDK 11, ubuntu-latest]   | [INFO] Downloading from central: https://repo.maven.apache.org/maven2/org/openjfx/javafx-graphics/18.0.2/javafx-graphics-18.0.2.pom\n[Java CI/Test JDK 11, ubuntu-latest]   | [INFO] Downloaded from central: https://repo.maven.apache.org/maven2/org/openjfx/javafx-graphics/18.0.2/javafx-graphics-18.0.2.pom (904 B at 60 kB/s)\n[Java CI/Test JDK 11, ubuntu-latest]   | [INFO] Downloading from central: https://repo.maven.apache.org/maven2/org/openjfx/javafx-base/18.0.2/javafx-base-18.0.2.pom\n[Java CI/Test JDK 11, ubuntu-latest]   | [INFO] Downloaded from central: https://repo.maven.apache.org/maven2/org/openjfx/javafx-base/18.0.2/javafx-base-18.0.2.pom (749 B at 50 kB/s)\n[Java CI/Test JDK 11, ubuntu-latest]   | [INFO] Downloading from central: https://repo.maven.apache.org/maven2/org/openjfx/javafx-web/18.0.2/javafx-web-18.0.2.pom\n[Java CI/Test JDK 11, ubuntu-latest]   | [INFO] Downloaded from central: https://repo.maven.apache.org/maven2/org/openjfx/javafx-web/18.0.2/javafx-web-18.0.2.pom (1.0 kB at 70 kB/s)\n[Java CI/Test JDK 11, ubuntu-latest]   | [INFO] Downloading from central: https://repo.maven.apache.org/maven2/org/openjfx/javafx-media/18.0.2/javafx-media-18.0.2.pom\n[Java CI/Test JDK 11, ubuntu-latest]   | [INFO] Downloaded from central: https://repo.maven.apache.org/maven2/org/openjfx/javafx-media/18.0.2/javafx-media-18.0.2.pom (902 B at 82 kB/s)\n[Java CI/Test JDK 11, ubuntu-latest]   | [INFO] Downloading from central: https://repo.maven.apache.org/maven2/org/openjfx/javafx-swing/18.0.2/javafx-swing-18.0.2.pom\n[Java CI/Test JDK 11, ubuntu-latest]   | [INFO] Downloaded from central: https://repo.maven.apache.org/maven2/org/openjfx/javafx-swing/18.0.2/javafx-swing-18.0.2.pom (902 B at 100 kB/s)\n[Java CI/Test JDK 11, ubuntu-latest]   | [INFO] Downloading from central: https://repo.maven.apache.org/maven2/org/openjfx/javafx-controls/18.0.2/javafx-controls-18.0.2.jar\n[Java CI/Test JDK 11, ubuntu-latest]   | [INFO] Downloading from central: https://repo.maven.apache.org/maven2/org/openjfx/javafx-controls/18.0.2/javafx-controls-18.0.2-linux.jar\n[Java CI/Test JDK 11, ubuntu-latest]   | [INFO] Downloading from central: https://repo.maven.apache.org/maven2/org/openjfx/javafx-graphics/18.0.2/javafx-graphics-18.0.2.jar\n[Java CI/Test JDK 11, ubuntu-latest]   | [INFO] Downloading from central: https://repo.maven.apache.org/maven2/org/openjfx/javafx-graphics/18.0.2/javafx-graphics-18.0.2-linux.jar\n[Java CI/Test JDK 11, ubuntu-latest]   | [INFO] Downloading from central: https://repo.maven.apache.org/maven2/org/openjfx/javafx-base/18.0.2/javafx-base-18.0.2.jar\n[Java CI/Test JDK 11, ubuntu-latest]   | [INFO] Downloaded from central: https://repo.maven.apache.org/maven2/org/openjfx/javafx-controls/18.0.2/javafx-controls-18.0.2.jar (306 B at 4.9 kB/s)\n[Java CI/Test JDK 11, ubuntu-latest]   | [INFO] Downloading from central: https://repo.maven.apache.org/maven2/org/openjfx/javafx-base/18.0.2/javafx-base-18.0.2-linux.jar\n[Java CI/Test JDK 11, ubuntu-latest]   | [INFO] Downloaded from central: https://repo.maven.apache.org/maven2/org/openjfx/javafx-graphics/18.0.2/javafx-graphics-18.0.2.jar (306 B at 4.6 kB/s)\n[Java CI/Test JDK 11, ubuntu-latest]   | [INFO] Downloading from central: https://repo.maven.apache.org/maven2/org/openjfx/javafx-web/18.0.2/javafx-web-18.0.2.jar\n[Java CI/Test JDK 11, ubuntu-latest]   | [INFO] Downloaded from central: https://repo.maven.apache.org/maven2/org/openjfx/javafx-base/18.0.2/javafx-base-18.0.2.jar (302 B at 3.5 kB/s)\n[Java CI/Test JDK 11, ubuntu-latest]   | [INFO] Downloading from central: https://repo.maven.apache.org/maven2/org/openjfx/javafx-web/18.0.2/javafx-web-18.0.2-linux.jar\n[Java CI/Test JDK 11, ubuntu-latest]   | [INFO] Downloaded from central: https://repo.maven.apache.org/maven2/org/openjfx/javafx-web/18.0.2/javafx-web-18.0.2.jar (301 B at 3.0 kB/s)\n[Java CI/Test JDK 11, ubuntu-latest]   | [INFO] Downloading from central: https://repo.maven.apache.org/maven2/org/openjfx/javafx-media/18.0.2/javafx-media-18.0.2.jar\n[Java CI/Test JDK 11, ubuntu-latest]   | [INFO] Downloaded from central: https://repo.maven.apache.org/maven2/org/openjfx/javafx-media/18.0.2/javafx-media-18.0.2.jar (303 B at 2.2 kB/s)\n[Java CI/Test JDK 11, ubuntu-latest]   | [INFO] Downloading from central: https://repo.maven.apache.org/maven2/org/openjfx/javafx-media/18.0.2/javafx-media-18.0.2-linux.jar\n[Java CI/Test JDK 11, ubuntu-latest]   | [INFO] Downloaded from central: https://repo.maven.apache.org/maven2/org/openjfx/javafx-base/18.0.2/javafx-base-18.0.2-linux.jar (746 kB at 1.8 MB/s)\n[Java CI/Test JDK 11, ubuntu-latest]   | [INFO] Downloading from central: https://repo.maven.apache.org/maven2/org/openjfx/javafx-swing/18.0.2/javafx-swing-18.0.2.jar\n[Java CI/Test JDK 11, ubuntu-latest]   | [INFO] Downloaded from central: https://repo.maven.apache.org/maven2/org/openjfx/javafx-swing/18.0.2/javafx-swing-18.0.2.jar (303 B at 670 B/s)\n[Java CI/Test JDK 11, ubuntu-latest]   | [INFO] Downloading from central: https://repo.maven.apache.org/maven2/org/openjfx/javafx-swing/18.0.2/javafx-swing-18.0.2-linux.jar\n[Java CI/Test JDK 11, ubuntu-latest]   | [INFO] Downloaded from central: https://repo.maven.apache.org/maven2/org/openjfx/javafx-swing/18.0.2/javafx-swing-18.0.2-linux.jar (89 kB at 149 kB/s)\n[Java CI/Test JDK 11, ubuntu-latest]   | [INFO] Downloaded from central: https://repo.maven.apache.org/maven2/org/openjfx/javafx-media/18.0.2/javafx-media-18.0.2-linux.jar (1.4 MB at 2.1 MB/s)\n[Java CI/Test JDK 11, ubuntu-latest]   | [INFO] Downloaded from central: https://repo.maven.apache.org/maven2/org/openjfx/javafx-graphics/18.0.2/javafx-graphics-18.0.2-linux.jar (4.8 MB at 6.5 MB/s)\n[Java CI/Test JDK 11, ubuntu-latest]   | [INFO] Downloaded from central: https://repo.maven.apache.org/maven2/org/openjfx/javafx-controls/18.0.2/javafx-controls-18.0.2-linux.jar (2.5 MB at 3.3 MB/s)\n[Java CI/Test JDK 11, ubuntu-latest]   | [INFO] Downloaded from central: https://repo.maven.apache.org/maven2/org/openjfx/javafx-web/18.0.2/javafx-web-18.0.2-linux.jar (36 MB at 7.2 MB/s)\n[Java CI/Test JDK 11, ubuntu-latest]   | [INFO] \n[Java CI/Test JDK 11, ubuntu-latest]   | [INFO] --- maven-resources-plugin:3.0.2:resources (default-resources) @ jitwatch-ui ---\n[Java CI/Test JDK 11, ubuntu-latest]   | [INFO] Using 'UTF-8' encoding to copy filtered resources.\n[Java CI/Test JDK 11, ubuntu-latest]   | [INFO] Copying 10 resources\n[Java CI/Test JDK 11, ubuntu-latest]   | [INFO] \n[Java CI/Test JDK 11, ubuntu-latest]   | [INFO] --- maven-compiler-plugin:3.8.1:compile (default-compile) @ jitwatch-ui ---\n[Java CI/Test JDK 11, ubuntu-latest]   | [INFO] Changes detected - recompiling the module!\n[Java CI/Test JDK 11, ubuntu-latest]   | [INFO] Compiling 83 source files to /tmp/569e0364-0b80-11ee-a890-af2cc187fc11/AdoptOpenJDK-jitwatch/ui/target/classes\n[Java CI/Test JDK 11, ubuntu-latest]   | [INFO] \n[Java CI/Test JDK 11, ubuntu-latest]   | [INFO] --- maven-resources-plugin:3.0.2:testResources (default-testResources) @ jitwatch-ui ---\n[Java CI/Test JDK 11, ubuntu-latest]   | [INFO] Using 'UTF-8' encoding to copy filtered resources.\n[Java CI/Test JDK 11, ubuntu-latest]   | [INFO] Copying 1 resource\n[Java CI/Test JDK 11, ubuntu-latest]   | [INFO] \n[Java CI/Test JDK 11, ubuntu-latest]   | [INFO] --- maven-compiler-plugin:3.8.1:testCompile (default-testCompile) @ jitwatch-ui ---\n[Java CI/Test JDK 11, ubuntu-latest]   | [INFO] Changes detected - recompiling the module!\n[Java CI/Test JDK 11, ubuntu-latest]   | [INFO] \n[Java CI/Test JDK 11, ubuntu-latest]   | [INFO] --- maven-surefire-plugin:2.22.2:test (default-test) @ jitwatch-ui ---\n[Java CI/Test JDK 11, ubuntu-latest]   | [INFO] ------------------------------------------------------------------------\n[Java CI/Test JDK 11, ubuntu-latest]   | [INFO] Reactor Summary for JITWatch Parent 1.4.7:\n[Java CI/Test JDK 11, ubuntu-latest]   | [INFO] \n[Java CI/Test JDK 11, ubuntu-latest]   | [INFO] JITWatch Parent .................................... SUCCESS [  2.836 s]\n[Java CI/Test JDK 11, ubuntu-latest]   | [INFO] JITWatch Core ...................................... SUCCESS [ 25.114 s]\n[Java CI/Test JDK 11, ubuntu-latest]   | [INFO] JITWatch UI ........................................ SUCCESS [  6.541 s]\n[Java CI/Test JDK 11, ubuntu-latest]   | [INFO] ------------------------------------------------------------------------\n[Java CI/Test JDK 11, ubuntu-latest]   | [INFO] BUILD SUCCESS\n[Java CI/Test JDK 11, ubuntu-latest]   | [INFO] ------------------------------------------------------------------------\n[Java CI/Test JDK 11, ubuntu-latest]   | [INFO] Total time:  34.595 s\n[Java CI/Test JDK 11, ubuntu-latest]   | [INFO] Finished at: 2023-06-15T14:41:11Z\n[Java CI/Test JDK 11, ubuntu-latest]   | [INFO] ------------------------------------------------------------------------\n[Java CI/Test JDK 11, ubuntu-latest]   \u2705  Success - Main Test with Maven\n[Java CI/Test JDK 11, ubuntu-latest] \u2b50 Run Post Set up JDK\n[Java CI/Test JDK 11, ubuntu-latest]   \ud83d\udc33  docker exec cmd=[node /var/run/act/actions/actions-setup-java@v1/dist/cleanup/index.js] user= workdir=\n[Java CI/Test JDK 11, ubuntu-latest]   \u2705  Success - Post Set up JDK\n[Java CI/Test JDK 11, ubuntu-latest] \ud83c\udfc1  Job succeeded\n",
        "stderr": "",
        "workflow": "/tmp/569e0364-0b80-11ee-a890-af2cc187fc11/AdoptOpenJDK-jitwatch/.github/workflows/maven-crawler.yml",
        "build_tool": "maven",
        "elapsed_time": 58.90702438354492
    }
}