{
    "repository": "airbnb/epoxy",
    "stars": 8225,
    "language": "java",
    "size": 34089,
    "clone_url": "https://github.com/airbnb/epoxy.git",
    "timestamp": "2023-06-15T16:13:40.787508Z",
    "clone_success": true,
    "number of actions": 0,
    "number_of_test_actions": 1,
    "actions_successful": false,
    "number_of_actions": 1,
    "actions_build_tools": [
        "gradle"
    ],
    "actions_test_build_tools": [
        "gradle"
    ],
    "actions_data": {
        "failed": true,
        "tests": [],
        "stdout": "[Build/Test/build-test] \ud83d\ude80  Start image=crawlergpt:latest\n[Build/Test/build-test]   \ud83d\udc33  docker pull image=crawlergpt:latest platform= username= forcePull=false\n[Build/Test/build-test]   \ud83d\udc33  docker create image=crawlergpt:latest platform= entrypoint=[\"tail\" \"-f\" \"/dev/null\"] cmd=[]\n[Build/Test/build-test]   \ud83d\udc33  docker run image=crawlergpt:latest platform= entrypoint=[\"tail\" \"-f\" \"/dev/null\"] cmd=[]\n[Build/Test/build-test]   \ud83d\udc33  docker exec cmd=[chown -R 1012:1000 /tmp/569e0364-0b80-11ee-a890-af2cc187fc11/airbnb-epoxy] user=0 workdir=\n[Build/Test/build-test]   \u2601  git clone 'https://github.com/actions/setup-java' # ref=v2\n[Build/Test/build-test] Non-terminating error while running 'git clone': some refs were not updated\n[Build/Test/build-test]   \u2601  git clone 'https://github.com/reactivecircus/android-emulator-runner' # ref=v2\n[Build/Test/build-test] \u2b50 Run Main Checkout epoxy\n[Build/Test/build-test]   \u2705  Success - Main Checkout epoxy\n[Build/Test/build-test] \u2b50 Run Main Setting up Java 11\n[Build/Test/build-test]   \ud83d\udc33  docker cp src=/home/andre-silva/.cache/act/actions-setup-java@v2/ dst=/var/run/act/actions/actions-setup-java@v2/\n[Build/Test/build-test]   \ud83d\udc33  docker exec cmd=[chown -R 1012:1000 /var/run/act/actions/actions-setup-java@v2/] user=0 workdir=\n[Build/Test/build-test]   \ud83d\udc33  docker exec cmd=[node /var/run/act/actions/actions-setup-java@v2/dist/setup/index.js] user= workdir=\n[Build/Test/build-test]   | Trying to resolve the latest version from remote\n[Build/Test/build-test]   | Resolved latest version as 11.0.19+7\n[Build/Test/build-test]   | Trying to download...\n[Build/Test/build-test]   | Downloading Java 11.0.19+7 (Liberica) from https://github.com/bell-sw/Liberica/releases/download/11.0.19+7/bellsoft-jdk11.0.19+7-linux-amd64.tar.gz ...\n[Build/Test/build-test]   \ud83d\udcac  ::debug::Downloading https://github.com/bell-sw/Liberica/releases/download/11.0.19+7/bellsoft-jdk11.0.19+7-linux-amd64.tar.gz\n[Build/Test/build-test]   \ud83d\udcac  ::debug::Destination /tmp/420acee7-ec16-44a1-a1f2-e898d4d4c039\n[Build/Test/build-test]   \ud83d\udcac  ::debug::download complete\n[Build/Test/build-test]   | Extracting Java archive...\n[Build/Test/build-test]   \ud83d\udcac  ::debug::Checking tar --version\n[Build/Test/build-test]   \ud83d\udcac  ::debug::tar (GNU tar) 1.30%0ACopyright (C) 2017 Free Software Foundation, Inc.%0ALicense GPLv3+: GNU GPL version 3 or later <https://gnu.org/licenses/gpl.html>.%0AThis is free software: you are free to change and redistribute it.%0AThere is NO WARRANTY, to the extent permitted by law.%0A%0AWritten by John Gilmore and Jay Fenlason.\n[Build/Test/build-test]   | [command]/usr/bin/tar xz --warning=no-unknown-keyword -C /tmp/aa416bf7-6268-40a5-976c-62b8342b8bd7 -f /tmp/420acee7-ec16-44a1-a1f2-e898d4d4c039\n[Build/Test/build-test]   \ud83d\udcac  ::debug::Caching tool Java_Liberica_jdk 11.0.19-7 x64\n[Build/Test/build-test]   \ud83d\udcac  ::debug::source dir: /tmp/aa416bf7-6268-40a5-976c-62b8342b8bd7/jdk-11.0.19\n[Build/Test/build-test]   \ud83d\udcac  ::debug::destination /opt/hostedtoolcache/Java_Liberica_jdk/11.0.19-7/x64\n[Build/Test/build-test]   \ud83d\udcac  ::debug::finished caching tool\n[Build/Test/build-test]   | Java 11.0.19+7 was downloaded\n[Build/Test/build-test]   | Setting Java 11.0.19+7 as the default\n[Build/Test/build-test]   | \n[Build/Test/build-test]   | Java configuration:\n[Build/Test/build-test]   |   Distribution: liberica\n[Build/Test/build-test]   |   Version: 11.0.19+7\n[Build/Test/build-test]   |   Path: /opt/hostedtoolcache/Java_Liberica_jdk/11.0.19-7/x64\n[Build/Test/build-test]   | \n[Build/Test/build-test]   \u2753 add-matcher /run/act/actions/actions-setup-java@v2/.github/java.json\n[Build/Test/build-test]   | Creating settings.xml with server-id: github\n[Build/Test/build-test]   | Writing to /home/runneradmin/.m2/settings.xml\n[Build/Test/build-test]   \u2705  Success - Main Setting up Java 11\n[Build/Test/build-test]   \u2699  ::set-env:: JAVA_HOME=/opt/hostedtoolcache/Java_Liberica_jdk/11.0.19-7/x64\n[Build/Test/build-test]   \u2699  ::set-output:: distribution=Liberica\n[Build/Test/build-test]   \u2699  ::set-output:: path=/opt/hostedtoolcache/Java_Liberica_jdk/11.0.19-7/x64\n[Build/Test/build-test]   \u2699  ::set-output:: version=11.0.19+7\n[Build/Test/build-test]   \u2699  ::add-path:: /opt/hostedtoolcache/Java_Liberica_jdk/11.0.19-7/x64/bin\n[Build/Test/build-test] \u2b50 Run Main Build / Unit tests / Lint\n[Build/Test/build-test]   \ud83d\udc33  docker exec cmd=[bash --noprofile --norc -e -o pipefail /var/run/act/workflow/2] user= workdir=\n[Build/Test/build-test]   | Downloading https://services.gradle.org/distributions/gradle-7.6.1-all.zip\n[Build/Test/build-test]   | ...............10%................20%................30%................40%...............50%................60%................70%................80%................90%...............100%\n[Build/Test/build-test]   | \n[Build/Test/build-test]   | Welcome to Gradle 7.6.1!\n[Build/Test/build-test]   | \n[Build/Test/build-test]   | Here are the highlights of this release:\n[Build/Test/build-test]   |  - Added support for Java 19.\n[Build/Test/build-test]   |  - Introduced `--rerun` flag for individual task rerun.\n[Build/Test/build-test]   |  - Improved dependency block for test suites to be strongly typed.\n[Build/Test/build-test]   |  - Added a pluggable system for Java toolchains provisioning.\n[Build/Test/build-test]   | \n[Build/Test/build-test]   | For more details see https://docs.gradle.org/7.6.1/release-notes.html\n[Build/Test/build-test]   | \n[Build/Test/build-test]   | Starting a Gradle Daemon (subsequent builds will be faster)\n[Build/Test/build-test]   | \n[Build/Test/build-test]   | > Configure project :epoxy-adapter\n[Build/Test/build-test]   | Signing release with gpg\n[Build/Test/build-test]   | \n[Build/Test/build-test]   | > Configure project :epoxy-annotations\n[Build/Test/build-test]   | Signing release with gpg\n[Build/Test/build-test]   | \n[Build/Test/build-test]   | > Configure project :epoxy-compose\n[Build/Test/build-test]   | Signing release with gpg\n[Build/Test/build-test]   | \n[Build/Test/build-test]   | > Configure project :epoxy-databinding\n[Build/Test/build-test]   | Signing release with gpg\n[Build/Test/build-test]   | \n[Build/Test/build-test]   | > Configure project :epoxy-glide-preloader\n[Build/Test/build-test]   | Signing release with gpg\n[Build/Test/build-test]   | \n[Build/Test/build-test]   | > Configure project :epoxy-integrationtest\n[Build/Test/build-test]   | WARNING:DSL element 'dexOptions' is obsolete and should be removed.\n[Build/Test/build-test]   | It will be removed in version 8.0 of the Android Gradle plugin.\n[Build/Test/build-test]   | Using it has no effect, and the AndroidGradle plugin optimizes dexing automatically.\n[Build/Test/build-test]   | \n[Build/Test/build-test]   | > Configure project :epoxy-modelfactory\n[Build/Test/build-test]   | Signing release with gpg\n[Build/Test/build-test]   | \n[Build/Test/build-test]   | > Configure project :epoxy-paging3\n[Build/Test/build-test]   | Signing release with gpg\n[Build/Test/build-test]   | \n[Build/Test/build-test]   | > Configure project :epoxy-processor\n[Build/Test/build-test]   | Signing release with gpg\n[Build/Test/build-test]   | \n[Build/Test/build-test]   | > Configure project :epoxy-viewbinder\n[Build/Test/build-test]   | Signing release with gpg\n[Build/Test/build-test]   | \n[Build/Test/build-test]   | FAILURE: Build failed with an exception.\n[Build/Test/build-test]   | \n[Build/Test/build-test]   | * What went wrong:\n[Build/Test/build-test]   | Could not determine the dependencies of task ':epoxy-adapter:lintReportDebug'.\n[Build/Test/build-test]   | > SDK location not found. Define a valid SDK location with an ANDROID_HOME environment variable or by setting the sdk.dir path in your project's local properties file at '/tmp/569e0364-0b80-11ee-a890-af2cc187fc11/airbnb-epoxy/local.properties'.\n[Build/Test/build-test]   | \n[Build/Test/build-test]   | * Try:\n[Build/Test/build-test]   | > Run with --info or --debug option to get more log output.\n[Build/Test/build-test]   | > Run with --scan to get full insights.\n[Build/Test/build-test]   | \n[Build/Test/build-test]   | * Exception is:\n[Build/Test/build-test]   | org.gradle.api.internal.tasks.TaskDependencyResolveException: Could not determine the dependencies of task ':epoxy-adapter:lintReportDebug'.\n[Build/Test/build-test]   | \tat org.gradle.api.internal.tasks.CachingTaskDependencyResolveContext.getDependencies(CachingTaskDependencyResolveContext.java:68)\n[Build/Test/build-test]   | \tat org.gradle.execution.plan.TaskDependencyResolver.resolveDependenciesFor(TaskDependencyResolver.java:49)\n[Build/Test/build-test]   | \tat org.gradle.execution.plan.LocalTaskNode.getDependencies(LocalTaskNode.java:147)\n[Build/Test/build-test]   | \tat org.gradle.execution.plan.LocalTaskNode.resolveDependencies(LocalTaskNode.java:121)\n[Build/Test/build-test]   | \tat org.gradle.execution.plan.DefaultExecutionPlan.discoverNodeRelationships(DefaultExecutionPlan.java:184)\n[Build/Test/build-test]   | \tat org.gradle.execution.plan.DefaultExecutionPlan.doAddEntryNodes(DefaultExecutionPlan.java:156)\n[Build/Test/build-test]   | \tat org.gradle.execution.plan.DefaultExecutionPlan.addEntryTasks(DefaultExecutionPlan.java:131)\n[Build/Test/build-test]   | \tat org.gradle.execution.plan.DefaultExecutionPlan.addEntryTasks(DefaultExecutionPlan.java:123)\n[Build/Test/build-test]   | \tat org.gradle.execution.TaskNameResolvingBuildTaskScheduler.scheduleRequestedTasks(TaskNameResolvingBuildTaskScheduler.java:53)\n[Build/Test/build-test]   | \tat org.gradle.execution.DefaultTasksBuildTaskScheduler.scheduleRequestedTasks(DefaultTasksBuildTaskScheduler.java:72)\n[Build/Test/build-test]   | \tat org.gradle.initialization.DefaultTaskExecutionPreparer.lambda$scheduleRequestedTasks$0(DefaultTaskExecutionPreparer.java:46)\n[Build/Test/build-test]   | \tat org.gradle.internal.Factories$1.create(Factories.java:31)\n[Build/Test/build-test]   | \tat org.gradle.internal.work.DefaultWorkerLeaseService.withReplacedLocks(DefaultWorkerLeaseService.java:345)\n[Build/Test/build-test]   | \tat org.gradle.api.internal.project.DefaultProjectStateRegistry$DefaultBuildProjectRegistry.withMutableStateOfAllProjects(DefaultProjectStateRegistry.java:205)\n[Build/Test/build-test]   | \tat org.gradle.api.internal.project.DefaultProjectStateRegistry$DefaultBuildProjectRegistry.withMutableStateOfAllProjects(DefaultProjectStateRegistry.java:198)\n[Build/Test/build-test]   | \tat org.gradle.initialization.DefaultTaskExecutionPreparer.scheduleRequestedTasks(DefaultTaskExecutionPreparer.java:45)\n[Build/Test/build-test]   | \tat org.gradle.initialization.VintageBuildModelController.lambda$scheduleRequestedTasks$0(VintageBuildModelController.java:76)\n[Build/Test/build-test]   | \tat org.gradle.internal.model.StateTransitionController.lambda$inState$1(StateTransitionController.java:110)\n[Build/Test/build-test]   | \tat org.gradle.internal.model.StateTransitionController.lambda$inState$2(StateTransitionController.java:125)\n[Build/Test/build-test]   | \tat org.gradle.internal.work.DefaultSynchronizer.withLock(DefaultSynchronizer.java:44)\n[Build/Test/build-test]   | \tat org.gradle.internal.model.StateTransitionController.inState(StateTransitionController.java:121)\n[Build/Test/build-test]   | \tat org.gradle.internal.model.StateTransitionController.inState(StateTransitionController.java:109)\n[Build/Test/build-test]   | \tat org.gradle.initialization.VintageBuildModelController.scheduleRequestedTasks(VintageBuildModelController.java:76)\n[Build/Test/build-test]   | \tat org.gradle.internal.build.DefaultBuildLifecycleController$DefaultWorkGraphBuilder.addRequestedTasks(DefaultBuildLifecycleController.java:255)\n[Build/Test/build-test]   | \tat org.gradle.internal.buildtree.DefaultBuildTreeWorkPreparer.lambda$scheduleRequestedTasks$0(DefaultBuildTreeWorkPreparer.java:38)\n[Build/Test/build-test]   | \tat org.gradle.internal.build.DefaultBuildLifecycleController.lambda$populateWorkGraph$3(DefaultBuildLifecycleController.java:143)\n[Build/Test/build-test]   | \tat org.gradle.internal.build.DefaultBuildWorkPreparer.populateWorkGraph(DefaultBuildWorkPreparer.java:42)\n[Build/Test/build-test]   | \tat org.gradle.internal.build.BuildOperationFiringBuildWorkPreparer$PopulateWorkGraph.populateTaskGraph(BuildOperationFiringBuildWorkPreparer.java:120)\n[Build/Test/build-test]   | \tat org.gradle.internal.build.BuildOperationFiringBuildWorkPreparer$PopulateWorkGraph.run(BuildOperationFiringBuildWorkPreparer.java:91)\n[Build/Test/build-test]   | \tat org.gradle.internal.operations.DefaultBuildOperationRunner$1.execute(DefaultBuildOperationRunner.java:29)\n[Build/Test/build-test]   | \tat org.gradle.internal.operations.DefaultBuildOperationRunner$1.execute(DefaultBuildOperationRunner.java:26)\n[Build/Test/build-test]   | \tat org.gradle.internal.operations.DefaultBuildOperationRunner$2.execute(DefaultBuildOperationRunner.java:66)\n[Build/Test/build-test]   | \tat org.gradle.internal.operations.DefaultBuildOperationRunner$2.execute(DefaultBuildOperationRunner.java:59)\n[Build/Test/build-test]   | \tat org.gradle.internal.operations.DefaultBuildOperationRunner.execute(DefaultBuildOperationRunner.java:157)\n[Build/Test/build-test]   | \tat org.gradle.internal.operations.DefaultBuildOperationRunner.execute(DefaultBuildOperationRunner.java:59)\n[Build/Test/build-test]   | \tat org.gradle.internal.operations.DefaultBuildOperationRunner.run(DefaultBuildOperationRunner.java:47)\n[Build/Test/build-test]   | \tat org.gradle.internal.operations.DefaultBuildOperationExecutor.run(DefaultBuildOperationExecutor.java:68)\n[Build/Test/build-test]   | \tat org.gradle.internal.build.BuildOperationFiringBuildWorkPreparer.populateWorkGraph(BuildOperationFiringBuildWorkPreparer.java:68)\n[Build/Test/build-test]   | \tat org.gradle.internal.build.DefaultBuildLifecycleController.lambda$populateWorkGraph$4(DefaultBuildLifecycleController.java:143)\n[Build/Test/build-test]   | \tat org.gradle.internal.model.StateTransitionController.lambda$inState$1(StateTransitionController.java:110)\n[Build/Test/build-test]   | \tat org.gradle.internal.model.StateTransitionController.lambda$inState$2(StateTransitionController.java:125)\n[Build/Test/build-test]   | \tat org.gradle.internal.work.DefaultSynchronizer.withLock(DefaultSynchronizer.java:44)\n[Build/Test/build-test]   | \tat org.gradle.internal.model.StateTransitionController.inState(StateTransitionController.java:121)\n[Build/Test/build-test]   | \tat org.gradle.internal.model.StateTransitionController.inState(StateTransitionController.java:109)\n[Build/Test/build-test]   | \tat org.gradle.internal.build.DefaultBuildLifecycleController.populateWorkGraph(DefaultBuildLifecycleController.java:143)\n[Build/Test/build-test]   | \tat org.gradle.internal.build.DefaultBuildWorkGraphController$DefaultBuildWorkGraph.populateWorkGraph(DefaultBuildWorkGraphController.java:148)\n[Build/Test/build-test]   | \tat org.gradle.composite.internal.DefaultBuildController.populateWorkGraph(DefaultBuildController.java:73)\n[Build/Test/build-test]   | \tat org.gradle.composite.internal.DefaultIncludedBuildTaskGraph$DefaultBuildTreeWorkGraphBuilder.withWorkGraph(DefaultIncludedBuildTaskGraph.java:150)\n[Build/Test/build-test]   | \tat org.gradle.internal.buildtree.DefaultBuildTreeWorkPreparer.lambda$scheduleRequestedTasks$1(DefaultBuildTreeWorkPreparer.java:38)\n[Build/Test/build-test]   | \tat org.gradle.composite.internal.DefaultIncludedBuildTaskGraph$DefaultBuildTreeWorkGraph$1.run(DefaultIncludedBuildTaskGraph.java:197)\n[Build/Test/build-test]   | \tat org.gradle.internal.operations.DefaultBuildOperationRunner$1.execute(DefaultBuildOperationRunner.java:29)\n[Build/Test/build-test]   | \tat org.gradle.internal.operations.DefaultBuildOperationRunner$1.execute(DefaultBuildOperationRunner.java:26)\n[Build/Test/build-test]   | \tat org.gradle.internal.operations.DefaultBuildOperationRunner$2.execute(DefaultBuildOperationRunner.java:66)\n[Build/Test/build-test]   | \tat org.gradle.internal.operations.DefaultBuildOperationRunner$2.execute(DefaultBuildOperationRunner.java:59)\n[Build/Test/build-test]   | \tat org.gradle.internal.operations.DefaultBuildOperationRunner.execute(DefaultBuildOperationRunner.java:157)\n[Build/Test/build-test]   | \tat org.gradle.internal.operations.DefaultBuildOperationRunner.execute(DefaultBuildOperationRunner.java:59)\n[Build/Test/build-test]   | \tat org.gradle.internal.operations.DefaultBuildOperationRunner.run(DefaultBuildOperationRunner.java:47)\n[Build/Test/build-test]   | \tat org.gradle.internal.operations.DefaultBuildOperationExecutor.run(DefaultBuildOperationExecutor.java:68)\n[Build/Test/build-test]   | \tat org.gradle.composite.internal.DefaultIncludedBuildTaskGraph$DefaultBuildTreeWorkGraph.scheduleWork(DefaultIncludedBuildTaskGraph.java:192)\n[Build/Test/build-test]   | \tat org.gradle.internal.buildtree.DefaultBuildTreeWorkPreparer.scheduleRequestedTasks(DefaultBuildTreeWorkPreparer.java:37)\n[Build/Test/build-test]   | \tat org.gradle.internal.buildtree.DefaultBuildTreeLifecycleController.lambda$doScheduleAndRunTasks$3(DefaultBuildTreeLifecycleController.java:96)\n[Build/Test/build-test]   | \tat org.gradle.composite.internal.DefaultIncludedBuildTaskGraph.withNewWorkGraph(DefaultIncludedBuildTaskGraph.java:109)\n[Build/Test/build-test]   | \tat org.gradle.internal.buildtree.DefaultBuildTreeLifecycleController.doScheduleAndRunTasks(DefaultBuildTreeLifecycleController.java:95)\n[Build/Test/build-test]   | \tat org.gradle.internal.buildtree.DefaultBuildTreeLifecycleController.lambda$scheduleAndRunTasks$1(DefaultBuildTreeLifecycleController.java:76)\n[Build/Test/build-test]   | \tat org.gradle.internal.buildtree.DefaultBuildTreeLifecycleController.lambda$runBuild$5(DefaultBuildTreeLifecycleController.java:113)\n[Build/Test/build-test]   | \tat org.gradle.internal.model.StateTransitionController.lambda$transition$5(StateTransitionController.java:166)\n[Build/Test/build-test]   | \tat org.gradle.internal.model.StateTransitionController.doTransition(StateTransitionController.java:247)\n[Build/Test/build-test]   | \tat org.gradle.internal.model.StateTransitionController.lambda$transition$6(StateTransitionController.java:166)\n[Build/Test/build-test]   | \tat org.gradle.internal.work.DefaultSynchronizer.withLock(DefaultSynchronizer.java:44)\n[Build/Test/build-test]   | \tat org.gradle.internal.model.StateTransitionController.transition(StateTransitionController.java:166)\n[Build/Test/build-test]   | \tat org.gradle.internal.buildtree.DefaultBuildTreeLifecycleController.runBuild(DefaultBuildTreeLifecycleController.java:110)\n[Build/Test/build-test]   | \tat org.gradle.internal.buildtree.DefaultBuildTreeLifecycleController.scheduleAndRunTasks(DefaultBuildTreeLifecycleController.java:76)\n[Build/Test/build-test]   | \tat org.gradle.internal.buildtree.DefaultBuildTreeLifecycleController.scheduleAndRunTasks(DefaultBuildTreeLifecycleController.java:71)\n[Build/Test/build-test]   | \tat org.gradle.tooling.internal.provider.ExecuteBuildActionRunner.run(ExecuteBuildActionRunner.java:31)\n[Build/Test/build-test]   | \tat org.gradle.launcher.exec.ChainingBuildActionRunner.run(ChainingBuildActionRunner.java:35)\n[Build/Test/build-test]   | \tat org.gradle.internal.buildtree.ProblemReportingBuildActionRunner.run(ProblemReportingBuildActionRunner.java:49)\n[Build/Test/build-test]   | \tat org.gradle.launcher.exec.BuildOutcomeReportingBuildActionRunner.run(BuildOutcomeReportingBuildActionRunner.java:65)\n[Build/Test/build-test]   | \tat org.gradle.tooling.internal.provider.FileSystemWatchingBuildActionRunner.run(FileSystemWatchingBuildActionRunner.java:136)\n[Build/Test/build-test]   | \tat org.gradle.launcher.exec.BuildCompletionNotifyingBuildActionRunner.run(BuildCompletionNotifyingBuildActionRunner.java:41)\n[Build/Test/build-test]   | \tat org.gradle.launcher.exec.RootBuildLifecycleBuildActionExecutor.lambda$execute$0(RootBuildLifecycleBuildActionExecutor.java:40)\n[Build/Test/build-test]   | \tat org.gradle.composite.internal.DefaultRootBuildState.run(DefaultRootBuildState.java:122)\n[Build/Test/build-test]   | \tat org.gradle.launcher.exec.RootBuildLifecycleBuildActionExecutor.execute(RootBuildLifecycleBuildActionExecutor.java:40)\n[Build/Test/build-test]   | \tat org.gradle.internal.buildtree.DefaultBuildTreeContext.execute(DefaultBuildTreeContext.java:40)\n[Build/Test/build-test]   | \tat org.gradle.launcher.exec.BuildTreeLifecycleBuildActionExecutor.lambda$execute$0(BuildTreeLifecycleBuildActionExecutor.java:65)\n[Build/Test/build-test]   | \tat org.gradle.internal.buildtree.BuildTreeState.run(BuildTreeState.java:53)\n[Build/Test/build-test]   | \tat org.gradle.launcher.exec.BuildTreeLifecycleBuildActionExecutor.execute(BuildTreeLifecycleBuildActionExecutor.java:65)\n[Build/Test/build-test]   | \tat org.gradle.launcher.exec.RunAsBuildOperationBuildActionExecutor$3.call(RunAsBuildOperationBuildActionExecutor.java:61)\n[Build/Test/build-test]   | \tat org.gradle.launcher.exec.RunAsBuildOperationBuildActionExecutor$3.call(RunAsBuildOperationBuildActionExecutor.java:57)\n[Build/Test/build-test]   | \tat org.gradle.internal.operations.DefaultBuildOperationRunner$CallableBuildOperationWorker.execute(DefaultBuildOperationRunner.java:204)\n[Build/Test/build-test]   | \tat org.gradle.internal.operations.DefaultBuildOperationRunner$CallableBuildOperationWorker.execute(DefaultBuildOperationRunner.java:199)\n[Build/Test/build-test]   | \tat org.gradle.internal.operations.DefaultBuildOperationRunner$2.execute(DefaultBuildOperationRunner.java:66)\n[Build/Test/build-test]   | \tat org.gradle.internal.operations.DefaultBuildOperationRunner$2.execute(DefaultBuildOperationRunner.java:59)\n[Build/Test/build-test]   | \tat org.gradle.internal.operations.DefaultBuildOperationRunner.execute(DefaultBuildOperationRunner.java:157)\n[Build/Test/build-test]   | \tat org.gradle.internal.operations.DefaultBuildOperationRunner.execute(DefaultBuildOperationRunner.java:59)\n[Build/Test/build-test]   | \tat org.gradle.internal.operations.DefaultBuildOperationRunner.call(DefaultBuildOperationRunner.java:53)\n[Build/Test/build-test]   | \tat org.gradle.internal.operations.DefaultBuildOperationExecutor.call(DefaultBuildOperationExecutor.java:73)\n[Build/Test/build-test]   | \tat org.gradle.launcher.exec.RunAsBuildOperationBuildActionExecutor.execute(RunAsBuildOperationBuildActionExecutor.java:57)\n[Build/Test/build-test]   | \tat org.gradle.launcher.exec.RunAsWorkerThreadBuildActionExecutor.lambda$execute$0(RunAsWorkerThreadBuildActionExecutor.java:36)\n[Build/Test/build-test]   | \tat org.gradle.internal.work.DefaultWorkerLeaseService.withLocks(DefaultWorkerLeaseService.java:249)\n[Build/Test/build-test]   | \tat org.gradle.internal.work.DefaultWorkerLeaseService.runAsWorkerThread(DefaultWorkerLeaseService.java:109)\n[Build/Test/build-test]   | \tat org.gradle.launcher.exec.RunAsWorkerThreadBuildActionExecutor.execute(RunAsWorkerThreadBuildActionExecutor.java:36)\n[Build/Test/build-test]   | \tat org.gradle.tooling.internal.provider.continuous.ContinuousBuildActionExecutor.execute(ContinuousBuildActionExecutor.java:110)\n[Build/Test/build-test]   | \tat org.gradle.tooling.internal.provider.SubscribableBuildActionExecutor.execute(SubscribableBuildActionExecutor.java:64)\n[Build/Test/build-test]   | \tat org.gradle.internal.session.DefaultBuildSessionContext.execute(DefaultBuildSessionContext.java:46)\n[Build/Test/build-test]   | \tat org.gradle.tooling.internal.provider.BuildSessionLifecycleBuildActionExecuter$ActionImpl.apply(BuildSessionLifecycleBuildActionExecuter.java:100)\n[Build/Test/build-test]   | \tat org.gradle.tooling.internal.provider.BuildSessionLifecycleBuildActionExecuter$ActionImpl.apply(BuildSessionLifecycleBuildActionExecuter.java:88)\n[Build/Test/build-test]   | \tat org.gradle.internal.session.BuildSessionState.run(BuildSessionState.java:69)\n[Build/Test/build-test]   | \tat org.gradle.tooling.internal.provider.BuildSessionLifecycleBuildActionExecuter.execute(BuildSessionLifecycleBuildActionExecuter.java:62)\n[Build/Test/build-test]   | \tat org.gradle.tooling.internal.provider.BuildSessionLifecycleBuildActionExecuter.execute(BuildSessionLifecycleBuildActionExecuter.java:41)\n[Build/Test/build-test]   | \tat org.gradle.tooling.internal.provider.StartParamsValidatingActionExecuter.execute(StartParamsValidatingActionExecuter.java:63)\n[Build/Test/build-test]   | \tat org.gradle.tooling.internal.provider.StartParamsValidatingActionExecuter.execute(StartParamsValidatingActionExecuter.java:31)\n[Build/Test/build-test]   | \tat org.gradle.tooling.internal.provider.SessionFailureReportingActionExecuter.execute(SessionFailureReportingActionExecuter.java:52)\n[Build/Test/build-test]   | \tat org.gradle.tooling.internal.provider.SessionFailureReportingActionExecuter.execute(SessionFailureReportingActionExecuter.java:40)\n[Build/Test/build-test]   | \tat org.gradle.tooling.internal.provider.SetupLoggingActionExecuter.execute(SetupLoggingActionExecuter.java:47)\n[Build/Test/build-test]   | \tat org.gradle.tooling.internal.provider.SetupLoggingActionExecuter.execute(SetupLoggingActionExecuter.java:31)\n[Build/Test/build-test]   | \tat org.gradle.launcher.daemon.server.exec.ExecuteBuild.doBuild(ExecuteBuild.java:65)\n[Build/Test/build-test]   | \tat org.gradle.launcher.daemon.server.exec.BuildCommandOnly.execute(BuildCommandOnly.java:37)\n[Build/Test/build-test]   | \tat org.gradle.launcher.daemon.server.api.DaemonCommandExecution.proceed(DaemonCommandExecution.java:104)\n[Build/Test/build-test]   | \tat org.gradle.launcher.daemon.server.exec.WatchForDisconnection.execute(WatchForDisconnection.java:39)\n[Build/Test/build-test]   | \tat org.gradle.launcher.daemon.server.api.DaemonCommandExecution.proceed(DaemonCommandExecution.java:104)\n[Build/Test/build-test]   | \tat org.gradle.launcher.daemon.server.exec.ResetDeprecationLogger.execute(ResetDeprecationLogger.java:29)\n[Build/Test/build-test]   | \tat org.gradle.launcher.daemon.server.api.DaemonCommandExecution.proceed(DaemonCommandExecution.java:104)\n[Build/Test/build-test]   | \tat org.gradle.launcher.daemon.server.exec.RequestStopIfSingleUsedDaemon.execute(RequestStopIfSingleUsedDaemon.java:35)\n[Build/Test/build-test]   | \tat org.gradle.launcher.daemon.server.api.DaemonCommandExecution.proceed(DaemonCommandExecution.java:104)\n[Build/Test/build-test]   | \tat org.gradle.launcher.daemon.server.exec.ForwardClientInput$2.create(ForwardClientInput.java:78)\n[Build/Test/build-test]   | \tat org.gradle.launcher.daemon.server.exec.ForwardClientInput$2.create(ForwardClientInput.java:75)\n[Build/Test/build-test]   | \tat org.gradle.util.internal.Swapper.swap(Swapper.java:38)\n[Build/Test/build-test]   | \tat org.gradle.launcher.daemon.server.exec.ForwardClientInput.execute(ForwardClientInput.java:75)\n[Build/Test/build-test]   | \tat org.gradle.launcher.daemon.server.api.DaemonCommandExecution.proceed(DaemonCommandExecution.java:104)\n[Build/Test/build-test]   | \tat org.gradle.launcher.daemon.server.exec.LogAndCheckHealth.execute(LogAndCheckHealth.java:55)\n[Build/Test/build-test]   | \tat org.gradle.launcher.daemon.server.api.DaemonCommandExecution.proceed(DaemonCommandExecution.java:104)\n[Build/Test/build-test]   | \tat org.gradle.launcher.daemon.server.exec.LogToClient.doBuild(LogToClient.java:63)\n[Build/Test/build-test]   | \tat org.gradle.launcher.daemon.server.exec.BuildCommandOnly.execute(BuildCommandOnly.java:37)\n[Build/Test/build-test]   | \tat org.gradle.launcher.daemon.server.api.DaemonCommandExecution.proceed(DaemonCommandExecution.java:104)\n[Build/Test/build-test]   | \tat org.gradle.launcher.daemon.server.exec.EstablishBuildEnvironment.doBuild(EstablishBuildEnvironment.java:84)\n[Build/Test/build-test]   | \tat org.gradle.launcher.daemon.server.exec.BuildCommandOnly.execute(BuildCommandOnly.java:37)\n[Build/Test/build-test]   | \tat org.gradle.launcher.daemon.server.api.DaemonCommandExecution.proceed(DaemonCommandExecution.java:104)\n[Build/Test/build-test]   | \tat org.gradle.launcher.daemon.server.exec.StartBuildOrRespondWithBusy$1.run(StartBuildOrRespondWithBusy.java:52)\n[Build/Test/build-test]   | \tat org.gradle.launcher.daemon.server.DaemonStateCoordinator$1.run(DaemonStateCoordinator.java:297)\n[Build/Test/build-test]   | \tat org.gradle.internal.concurrent.ExecutorPolicy$CatchAndRecordFailures.onExecute(ExecutorPolicy.java:64)\n[Build/Test/build-test]   | \tat org.gradle.internal.concurrent.ManagedExecutorImpl$1.run(ManagedExecutorImpl.java:49)\n[Build/Test/build-test]   | Caused by: com.android.builder.errors.EvalIssueException: SDK location not found. Define a valid SDK location with an ANDROID_HOME environment variable or by setting the sdk.dir path in your project's local properties file at '/tmp/569e0364-0b80-11ee-a890-af2cc187fc11/airbnb-epoxy/local.properties'.\n[Build/Test/build-test]   | \tat com.android.builder.errors.IssueReporter.reportError(IssueReporter.kt:112)\n[Build/Test/build-test]   | \tat com.android.builder.errors.IssueReporter.reportError$default(IssueReporter.kt:108)\n[Build/Test/build-test]   | \tat com.android.build.gradle.internal.SdkLocator.getSdkLocation(SdkLocator.kt:239)\n[Build/Test/build-test]   | \tat com.android.build.gradle.internal.SdkDirectLoadingStrategy.loadSdkComponents(SdkDirectLoadingStrategy.kt:97)\n[Build/Test/build-test]   | \tat com.android.build.gradle.internal.SdkDirectLoadingStrategy.init(SdkDirectLoadingStrategy.kt:92)\n[Build/Test/build-test]   | \tat com.android.build.gradle.internal.SdkDirectLoadingStrategy.access$init(SdkDirectLoadingStrategy.kt:46)\n[Build/Test/build-test]   | \tat com.android.build.gradle.internal.SdkDirectLoadingStrategy$components$2.invoke(SdkDirectLoadingStrategy.kt:71)\n[Build/Test/build-test]   | \tat com.android.build.gradle.internal.SdkDirectLoadingStrategy$components$2.invoke(SdkDirectLoadingStrategy.kt:70)\n[Build/Test/build-test]   | \tat kotlin.SynchronizedLazyImpl.getValue(LazyJVM.kt:74)\n[Build/Test/build-test]   | \tat com.android.build.gradle.internal.SdkDirectLoadingStrategy.getComponents(SdkDirectLoadingStrategy.kt:70)\n[Build/Test/build-test]   | \tat com.android.build.gradle.internal.SdkDirectLoadingStrategy.loadedSuccessfully(SdkDirectLoadingStrategy.kt:178)\n[Build/Test/build-test]   | \tat com.android.build.gradle.internal.SdkLoadingStrategy.getTargetBootClasspath(SdkLoadingStrategy.kt:36)\n[Build/Test/build-test]   | \tat com.android.build.gradle.internal.SdkComponentsBuildService$VersionedSdkLoader$targetBootClasspathProvider$1.call(SdkComponents.kt:190)\n[Build/Test/build-test]   | \tat com.android.build.gradle.internal.SdkComponentsBuildService$VersionedSdkLoader$targetBootClasspathProvider$1.call(SdkComponents.kt:189)\n[Build/Test/build-test]   | \tat org.gradle.api.internal.provider.DefaultProvider.calculateOwnValue(DefaultProvider.java:72)\n[Build/Test/build-test]   | \tat org.gradle.api.internal.provider.AbstractMinimalProvider.calculateValue(AbstractMinimalProvider.java:107)\n[Build/Test/build-test]   | \tat org.gradle.api.internal.provider.FlatMapProvider.calculateOwnValue(FlatMapProvider.java:50)\n[Build/Test/build-test]   | \tat org.gradle.api.internal.provider.AbstractMinimalProvider.calculateValue(AbstractMinimalProvider.java:107)\n[Build/Test/build-test]   | \tat org.gradle.api.internal.provider.FlatMapProvider.backingProvider(FlatMapProvider.java:68)\n[Build/Test/build-test]   | \tat org.gradle.api.internal.provider.FlatMapProvider.getProducer(FlatMapProvider.java:77)\n[Build/Test/build-test]   | \tat org.gradle.api.internal.provider.Collectors$ElementsFromCollectionProvider.getProducer(Collectors.java:236)\n[Build/Test/build-test]   | \tat org.gradle.api.internal.provider.AbstractCollectionProperty$CollectingSupplier.getProducer(AbstractCollectionProperty.java:399)\n[Build/Test/build-test]   | \tat org.gradle.api.internal.provider.AbstractProperty.getProducer(AbstractProperty.java:178)\n[Build/Test/build-test]   | \tat org.gradle.api.internal.provider.Collectors$ElementsFromCollectionProvider.getProducer(Collectors.java:236)\n[Build/Test/build-test]   | \tat org.gradle.api.internal.provider.AbstractCollectionProperty$PlusCollector.getProducer(AbstractCollectionProperty.java:486)\n[Build/Test/build-test]   | \tat org.gradle.api.internal.provider.AbstractCollectionProperty$CollectingSupplier.getProducer(AbstractCollectionProperty.java:399)\n[Build/Test/build-test]   | \tat org.gradle.api.internal.provider.AbstractProperty.getProducer(AbstractProperty.java:178)\n[Build/Test/build-test]   | \tat org.gradle.api.internal.file.collections.ProviderBackedFileCollection.visitDependencies(ProviderBackedFileCollection.java:50)\n[Build/Test/build-test]   | \tat org.gradle.api.internal.tasks.CachingTaskDependencyResolveContext$TaskGraphImpl.getNodeValues(CachingTaskDependencyResolveContext.java:103)\n[Build/Test/build-test]   | \tat org.gradle.internal.graph.CachingDirectedGraphWalker$GraphWithEmptyEdges.getNodeValues(CachingDirectedGraphWalker.java:213)\n[Build/Test/build-test]   | \tat org.gradle.internal.graph.CachingDirectedGraphWalker.doSearch(CachingDirectedGraphWalker.java:121)\n[Build/Test/build-test]   | \tat org.gradle.internal.graph.CachingDirectedGraphWalker.findValues(CachingDirectedGraphWalker.java:73)\n[Build/Test/build-test]   | \tat org.gradle.api.internal.tasks.CachingTaskDependencyResolveContext.getDependencies(CachingTaskDependencyResolveContext.java:66)\n[Build/Test/build-test]   | \t... 140 more\n[Build/Test/build-test]   | \n[Build/Test/build-test]   | \n[Build/Test/build-test]   | * Get more help at https://help.gradle.org\n[Build/Test/build-test]   | \n[Build/Test/build-test]   | Deprecated Gradle features were used in this build, making it incompatible with Gradle 8.0.\n[Build/Test/build-test]   | \n[Build/Test/build-test]   | You can use '--warning-mode all' to show the individual deprecation warnings and determine if they come from your own scripts or plugins.\n[Build/Test/build-test]   | \n[Build/Test/build-test]   | See https://docs.gradle.org/7.6.1/userguide/command_line_interface.html#sec:command_line_warnings\n[Build/Test/build-test]   | \n[Build/Test/build-test]   | BUILD FAILED in 51s\n[Build/Test/build-test]   \u274c  Failure - Main Build / Unit tests / Lint\n[Build/Test/build-test] exitcode '1': failure\n[Build/Test/build-test] \u2b50 Run Post Setting up Java 11\n[Build/Test/build-test]   \ud83d\udc33  docker exec cmd=[node /var/run/act/actions/actions-setup-java@v2/dist/cleanup/index.js] user= workdir=\n[Build/Test/build-test]   \u2705  Success - Post Setting up Java 11\n[Build/Test/build-test] \ud83c\udfc1  Job failed\n",
        "stderr": "Error: Job 'build-test' failed\n",
        "workflow": "/tmp/569e0364-0b80-11ee-a890-af2cc187fc11/airbnb-epoxy/.github/workflows/build_test-crawler.yml",
        "build_tool": "gradle",
        "elapsed_time": 97.22582149505615
    }
}