{
    "repository": "bailuk/AAT",
    "stars": 144,
    "language": "java",
    "size": 15141,
    "clone_url": "https://github.com/bailuk/AAT.git",
    "timestamp": "2023-06-15T15:50:30.577994Z",
    "clone_success": true,
    "number of actions": 0,
    "number_of_test_actions": 1,
    "actions_successful": false,
    "number_of_actions": 1,
    "actions_build_tools": [
        "gradle"
    ],
    "actions_test_build_tools": [
        "gradle"
    ],
    "actions_data": {
        "failed": true,
        "tests": [],
        "stdout": "[Build on ubuntu/build] \ud83d\ude80  Start image=crawlergpt:latest\n[Build on ubuntu/build]   \ud83d\udc33  docker pull image=crawlergpt:latest platform= username= forcePull=false\n[Build on ubuntu/build]   \ud83d\udc33  docker create image=crawlergpt:latest platform= entrypoint=[\"tail\" \"-f\" \"/dev/null\"] cmd=[]\n[Build on ubuntu/build]   \ud83d\udc33  docker run image=crawlergpt:latest platform= entrypoint=[\"tail\" \"-f\" \"/dev/null\"] cmd=[]\n[Build on ubuntu/build]   \ud83d\udc33  docker exec cmd=[chown -R 1012:1000 /tmp/569e0364-0b80-11ee-a890-af2cc187fc11/bailuk-AAT] user=0 workdir=\n[Build on ubuntu/build]   \u2601  git clone 'https://github.com/actions/setup-java' # ref=v3\n[Build on ubuntu/build] Non-terminating error while running 'git clone': some refs were not updated\n[Build on ubuntu/build]   \u2601  git clone 'https://github.com/actions/upload-artifact' # ref=v2\n[Build on ubuntu/build]   \u2601  git clone 'https://github.com/actions/upload-artifact' # ref=v2\n[Build on ubuntu/build] \u2b50 Run Main actions/checkout@v3\n[Build on ubuntu/build]   \u2705  Success - Main actions/checkout@v3\n[Build on ubuntu/build] \u2b50 Run Main Set up JDK 17\n[Build on ubuntu/build]   \ud83d\udc33  docker cp src=/home/andre-silva/.cache/act/actions-setup-java@v3/ dst=/var/run/act/actions/actions-setup-java@v3/\n[Build on ubuntu/build]   \ud83d\udc33  docker exec cmd=[chown -R 1012:1000 /var/run/act/actions/actions-setup-java@v3/] user=0 workdir=\n[Build on ubuntu/build]   \ud83d\udc33  docker exec cmd=[node /var/run/act/actions/actions-setup-java@v3/dist/setup/index.js] user= workdir=\n[Build on ubuntu/build]   \u2753  ::group::Installed distributions\n[Build on ubuntu/build]   | Trying to resolve the latest version from remote\n[Build on ubuntu/build]   | Resolved latest version as 17.0.7+7\n[Build on ubuntu/build]   | Trying to download...\n[Build on ubuntu/build]   | Downloading Java 17.0.7+7 (Temurin-Hotspot) from https://github.com/adoptium/temurin17-binaries/releases/download/jdk-17.0.7%2B7/OpenJDK17U-jdk_x64_linux_hotspot_17.0.7_7.tar.gz ...\n[Build on ubuntu/build]   \ud83d\udcac  ::debug::Downloading https://github.com/adoptium/temurin17-binaries/releases/download/jdk-17.0.7%252B7/OpenJDK17U-jdk_x64_linux_hotspot_17.0.7_7.tar.gz\n[Build on ubuntu/build]   \ud83d\udcac  ::debug::Destination /tmp/3866f79d-08cb-465c-b88e-6c4cc2f265f2\n[Build on ubuntu/build]   \ud83d\udcac  ::debug::download complete\n[Build on ubuntu/build]   | Extracting Java archive...\n[Build on ubuntu/build]   \ud83d\udcac  ::debug::Checking tar --version\n[Build on ubuntu/build]   \ud83d\udcac  ::debug::tar (GNU tar) 1.30%0ACopyright (C) 2017 Free Software Foundation, Inc.%0ALicense GPLv3+: GNU GPL version 3 or later <https://gnu.org/licenses/gpl.html>.%0AThis is free software: you are free to change and redistribute it.%0AThere is NO WARRANTY, to the extent permitted by law.%0A%0AWritten by John Gilmore and Jay Fenlason.\n[Build on ubuntu/build]   | [command]/usr/bin/tar xz --warning=no-unknown-keyword -C /tmp/091229a2-f1b2-406f-a2bd-0dc21e42ac88 -f /tmp/3866f79d-08cb-465c-b88e-6c4cc2f265f2\n[Build on ubuntu/build]   \ud83d\udcac  ::debug::Caching tool Java_Temurin-Hotspot_jdk 17.0.7-7 x64\n[Build on ubuntu/build]   \ud83d\udcac  ::debug::source dir: /tmp/091229a2-f1b2-406f-a2bd-0dc21e42ac88/jdk-17.0.7+7\n[Build on ubuntu/build]   \ud83d\udcac  ::debug::destination /opt/hostedtoolcache/Java_Temurin-Hotspot_jdk/17.0.7-7/x64\n[Build on ubuntu/build]   \ud83d\udcac  ::debug::finished caching tool\n[Build on ubuntu/build]   | Java 17.0.7+7 was downloaded\n[Build on ubuntu/build]   | Setting Java 17.0.7+7 as the default\n[Build on ubuntu/build]   | Creating toolchains.xml for JDK version 17 from temurin\n[Build on ubuntu/build]   | Writing to /home/runneradmin/.m2/toolchains.xml\n[Build on ubuntu/build]   | \n[Build on ubuntu/build]   | Java configuration:\n[Build on ubuntu/build]   |   Distribution: temurin\n[Build on ubuntu/build]   |   Version: 17.0.7+7\n[Build on ubuntu/build]   |   Path: /opt/hostedtoolcache/Java_Temurin-Hotspot_jdk/17.0.7-7/x64\n[Build on ubuntu/build]   | \n[Build on ubuntu/build]   \u2753  ::endgroup::\n[Build on ubuntu/build]   \u2753 add-matcher /run/act/actions/actions-setup-java@v3/.github/java.json\n[Build on ubuntu/build]   | Creating settings.xml with server-id: github\n[Build on ubuntu/build]   | Writing to /home/runneradmin/.m2/settings.xml\n[Build on ubuntu/build]   \u2705  Success - Main Set up JDK 17\n[Build on ubuntu/build]   \u2699  ::set-env:: JAVA_HOME=/opt/hostedtoolcache/Java_Temurin-Hotspot_jdk/17.0.7-7/x64\n[Build on ubuntu/build]   \u2699  ::set-env:: JAVA_HOME_17_X64=/opt/hostedtoolcache/Java_Temurin-Hotspot_jdk/17.0.7-7/x64\n[Build on ubuntu/build]   \u2699  ::set-output:: distribution=Temurin-Hotspot\n[Build on ubuntu/build]   \u2699  ::set-output:: path=/opt/hostedtoolcache/Java_Temurin-Hotspot_jdk/17.0.7-7/x64\n[Build on ubuntu/build]   \u2699  ::set-output:: version=17.0.7+7\n[Build on ubuntu/build]   \u2699  ::add-path:: /opt/hostedtoolcache/Java_Temurin-Hotspot_jdk/17.0.7-7/x64/bin\n[Build on ubuntu/build] \u2b50 Run Main Build with Gradle\n[Build on ubuntu/build]   \ud83d\udc33  docker exec cmd=[bash --noprofile --norc -e -o pipefail /var/run/act/workflow/2] user= workdir=\n[Build on ubuntu/build]   | Downloading https://services.gradle.org/distributions/gradle-7.6-bin.zip\n[Build on ubuntu/build]   | ...........10%............20%...........30%............40%............50%...........60%............70%............80%...........90%............100%\n[Build on ubuntu/build]   | \n[Build on ubuntu/build]   | Welcome to Gradle 7.6!\n[Build on ubuntu/build]   | \n[Build on ubuntu/build]   | Here are the highlights of this release:\n[Build on ubuntu/build]   |  - Added support for Java 19.\n[Build on ubuntu/build]   |  - Introduced `--rerun` flag for individual task rerun.\n[Build on ubuntu/build]   |  - Improved dependency block for test suites to be strongly typed.\n[Build on ubuntu/build]   |  - Added a pluggable system for Java toolchains provisioning.\n[Build on ubuntu/build]   | \n[Build on ubuntu/build]   | For more details see https://docs.gradle.org/7.6/release-notes.html\n[Build on ubuntu/build]   | \n[Build on ubuntu/build]   | Starting a Gradle Daemon (subsequent builds will be faster)\n[Build on ubuntu/build]   | \n[Build on ubuntu/build]   | FAILURE: Build failed with an exception.\n[Build on ubuntu/build]   | \n[Build on ubuntu/build]   | * What went wrong:\n[Build on ubuntu/build]   | Could not determine the dependencies of task ':aat-android:compileDebugJavaWithJavac'.\n[Build on ubuntu/build]   | > SDK location not found. Define a valid SDK location with an ANDROID_HOME environment variable or by setting the sdk.dir path in your project's local properties file at '/tmp/569e0364-0b80-11ee-a890-af2cc187fc11/bailuk-AAT/local.properties'.\n[Build on ubuntu/build]   | \n[Build on ubuntu/build]   | * Try:\n[Build on ubuntu/build]   | > Run with --stacktrace option to get the stack trace.\n[Build on ubuntu/build]   | > Run with --info or --debug option to get more log output.\n[Build on ubuntu/build]   | > Run with --scan to get full insights.\n[Build on ubuntu/build]   | \n[Build on ubuntu/build]   | * Get more help at https://help.gradle.org\n[Build on ubuntu/build]   | \n[Build on ubuntu/build]   | Deprecated Gradle features were used in this build, making it incompatible with Gradle 8.0.\n[Build on ubuntu/build]   | \n[Build on ubuntu/build]   | You can use '--warning-mode all' to show the individual deprecation warnings and determine if they come from your own scripts or plugins.\n[Build on ubuntu/build]   | \n[Build on ubuntu/build]   | See https://docs.gradle.org/7.6/userguide/command_line_interface.html#sec:command_line_warnings\n[Build on ubuntu/build]   | \n[Build on ubuntu/build]   | BUILD FAILED in 1m 17s\n[Build on ubuntu/build]   \u274c  Failure - Main Build with Gradle\n[Build on ubuntu/build] exitcode '1': failure\n[Build on ubuntu/build] \u2b50 Run Post Set up JDK 17\n[Build on ubuntu/build]   \ud83d\udc33  docker exec cmd=[node /var/run/act/actions/actions-setup-java@v3/dist/cleanup/index.js] user= workdir=\n[Build on ubuntu/build]   \u2705  Success - Post Set up JDK 17\n[Build on ubuntu/build] \ud83c\udfc1  Job failed\n",
        "stderr": "Error: Job 'build' failed\n",
        "workflow": "/tmp/569e0364-0b80-11ee-a890-af2cc187fc11/bailuk-AAT/.github/workflows/build-on-ubuntu-crawler.yml",
        "build_tool": "gradle",
        "elapsed_time": 129.68747544288635
    }
}