{
    "repository": "collegeconnect/CollegeConnect",
    "stars": 96,
    "language": "java",
    "size": 7723,
    "clone_url": "https://github.com/collegeconnect/CollegeConnect.git",
    "timestamp": "2023-06-15T17:36:54.815734Z",
    "clone_success": true,
    "number of actions": 0,
    "number_of_test_actions": 1,
    "actions_successful": false,
    "number_of_actions": 1,
    "actions_build_tools": [
        "gradle"
    ],
    "actions_test_build_tools": [
        "gradle"
    ],
    "actions_data": {
        "failed": true,
        "tests": [],
        "stdout": "[build/build       ] \ud83d\ude80  Start image=crawlergpt:latest\n[build/Generate APK] \ud83d\ude80  Start image=crawlergpt:latest\n[build/Unit Tests  ] \ud83d\ude80  Start image=crawlergpt:latest\n[build/Unit Tests  ]   \ud83d\udc33  docker pull image=crawlergpt:latest platform= username= forcePull=false\n[build/build       ]   \ud83d\udc33  docker pull image=crawlergpt:latest platform= username= forcePull=false\n[build/Unit Tests  ]   \ud83d\udc33  docker create image=crawlergpt:latest platform= entrypoint=[\"tail\" \"-f\" \"/dev/null\"] cmd=[]\n[build/Generate APK]   \ud83d\udc33  docker pull image=crawlergpt:latest platform= username= forcePull=false\n[build/Generate APK]   \ud83d\udc33  docker create image=crawlergpt:latest platform= entrypoint=[\"tail\" \"-f\" \"/dev/null\"] cmd=[]\n[build/Unit Tests  ]   \ud83d\udc33  docker run image=crawlergpt:latest platform= entrypoint=[\"tail\" \"-f\" \"/dev/null\"] cmd=[]\n[build/Generate APK]   \ud83d\udc33  docker run image=crawlergpt:latest platform= entrypoint=[\"tail\" \"-f\" \"/dev/null\"] cmd=[]\n[build/build       ]   \ud83d\udc33  docker create image=crawlergpt:latest platform= entrypoint=[\"tail\" \"-f\" \"/dev/null\"] cmd=[]\n[build/build       ]   \ud83d\udc33  docker run image=crawlergpt:latest platform= entrypoint=[\"tail\" \"-f\" \"/dev/null\"] cmd=[]\n[build/Unit Tests  ]   \ud83d\udc33  docker exec cmd=[chown -R 1012:1000 /tmp/569e0364-0b80-11ee-a890-af2cc187fc11/collegeconnect-CollegeConnect] user=0 workdir=\n[build/Generate APK]   \ud83d\udc33  docker exec cmd=[chown -R 1012:1000 /tmp/569e0364-0b80-11ee-a890-af2cc187fc11/collegeconnect-CollegeConnect] user=0 workdir=\n[build/Unit Tests  ]   \u2601  git clone 'https://github.com/actions/setup-java' # ref=v1\n[build/Generate APK]   \u2601  git clone 'https://github.com/actions/setup-java' # ref=v1\n[build/Unit Tests  ] Non-terminating error while running 'git clone': some refs were not updated\n[build/Generate APK] Non-terminating error while running 'git clone': some refs were not updated\n[build/Generate APK]   \u2601  git clone 'https://github.com/actions/upload-artifact' # ref=v1\n[build/Unit Tests  ] \u2b50 Run Main actions/checkout@v1\n[build/Unit Tests  ]   \u2705  Success - Main actions/checkout@v1\n[build/build       ]   \ud83d\udc33  docker exec cmd=[chown -R 1012:1000 /tmp/569e0364-0b80-11ee-a890-af2cc187fc11/collegeconnect-CollegeConnect] user=0 workdir=\n[build/Generate APK] \u2b50 Run Main actions/checkout@v1\n[build/Generate APK]   \u2705  Success - Main actions/checkout@v1\n[build/build       ]   \u2601  git clone 'https://github.com/actions/setup-java' # ref=v1\n[build/build       ] Non-terminating error while running 'git clone': some refs were not updated\n[build/build       ] \u2b50 Run Main actions/checkout@v2\n[build/Unit Tests  ] \u2b50 Run Main set up JDK 11\n[build/build       ]   \u2705  Success - Main actions/checkout@v2\n[build/Unit Tests  ]   \ud83d\udc33  docker cp src=/home/andre-silva/.cache/act/actions-setup-java@v1/ dst=/var/run/act/actions/actions-setup-java@v1/\n[build/Generate APK] \u2b50 Run Main set up JDK 11\n[build/Generate APK]   \ud83d\udc33  docker cp src=/home/andre-silva/.cache/act/actions-setup-java@v1/ dst=/var/run/act/actions/actions-setup-java@v1/\n[build/Unit Tests  ]   \ud83d\udc33  docker exec cmd=[chown -R 1012:1000 /var/run/act/actions/actions-setup-java@v1/] user=0 workdir=\n[build/Unit Tests  ]   \ud83d\udc33  docker exec cmd=[node /var/run/act/actions/actions-setup-java@v1/dist/setup/index.js] user= workdir=\n[build/Generate APK]   \ud83d\udc33  docker exec cmd=[chown -R 1012:1000 /var/run/act/actions/actions-setup-java@v1/] user=0 workdir=\n[build/build       ] \u2b50 Run Main set up JDK 11\n[build/Generate APK]   \ud83d\udc33  docker exec cmd=[node /var/run/act/actions/actions-setup-java@v1/dist/setup/index.js] user= workdir=\n[build/Unit Tests  ]   \ud83d\udcac  ::debug::isExplicit: \n[build/Unit Tests  ]   \ud83d\udcac  ::debug::explicit? false\n[build/Unit Tests  ]   \ud83d\udcac  ::debug::evaluating 0 versions\n[build/Unit Tests  ]   \ud83d\udcac  ::debug::match not found\n[build/Unit Tests  ]   \ud83d\udcac  ::debug::Downloading JDK from Azul\n[build/build       ]   \ud83d\udc33  docker cp src=/home/andre-silva/.cache/act/actions-setup-java@v1/ dst=/var/run/act/actions/actions-setup-java@v1/\n[build/Generate APK]   \ud83d\udcac  ::debug::isExplicit: \n[build/Generate APK]   \ud83d\udcac  ::debug::explicit? false\n[build/Generate APK]   \ud83d\udcac  ::debug::evaluating 0 versions\n[build/Generate APK]   \ud83d\udcac  ::debug::match not found\n[build/Generate APK]   \ud83d\udcac  ::debug::Downloading JDK from Azul\n[build/Generate APK]   \ud83d\udcac  ::debug::Searching for files with extension: -linux_x64.tar.gz\n[build/Generate APK]   \ud83d\udcac  ::debug::Downloading https://static.azul.com/zulu/bin/zulu11.64.19-ca-jdk11.0.19-linux_x64.tar.gz\n[build/Generate APK]   \ud83d\udcac  ::debug::Downloading /tmp/5eeb07da-4b92-41e7-a2a2-fa8f49e2570a\n[build/build       ]   \ud83d\udc33  docker exec cmd=[chown -R 1012:1000 /var/run/act/actions/actions-setup-java@v1/] user=0 workdir=\n[build/build       ]   \ud83d\udc33  docker exec cmd=[node /var/run/act/actions/actions-setup-java@v1/dist/setup/index.js] user= workdir=\n[build/build       ]   \ud83d\udcac  ::debug::isExplicit: \n[build/build       ]   \ud83d\udcac  ::debug::explicit? false\n[build/build       ]   \ud83d\udcac  ::debug::evaluating 0 versions\n[build/build       ]   \ud83d\udcac  ::debug::match not found\n[build/build       ]   \ud83d\udcac  ::debug::Downloading JDK from Azul\n[build/build       ]   \ud83d\udcac  ::debug::Searching for files with extension: -linux_x64.tar.gz\n[build/build       ]   \ud83d\udcac  ::debug::Downloading https://static.azul.com/zulu/bin/zulu11.64.19-ca-jdk11.0.19-linux_x64.tar.gz\n[build/build       ]   \ud83d\udcac  ::debug::Downloading /tmp/4779c92f-affd-46c8-ad70-a59fd5311ce5\n[build/Generate APK]   \ud83d\udcac  ::debug::download complete\n[build/Generate APK]   | [command]/usr/bin/tar --version\n[build/Generate APK]   | tar (GNU tar) 1.30\n[build/Generate APK]   | Copyright (C) 2017 Free Software Foundation, Inc.\n[build/Generate APK]   | License GPLv3+: GNU GPL version 3 or later <https://gnu.org/licenses/gpl.html>.\n[build/Generate APK]   | This is free software: you are free to change and redistribute it.\n[build/Generate APK]   | There is NO WARRANTY, to the extent permitted by law.\n[build/Generate APK]   | \n[build/Generate APK]   | Written by John Gilmore and Jay Fenlason.\n[build/Generate APK]   | [command]/usr/bin/tar xz --warning=no-unknown-keyword -C /tmp/temp_1134432447 -f /tmp/5eeb07da-4b92-41e7-a2a2-fa8f49e2570a\n[build/Unit Tests  ]   \ud83d\udcac  ::debug::Searching for files with extension: -linux_x64.tar.gz\n[build/Unit Tests  ]   \ud83d\udcac  ::debug::Downloading https://static.azul.com/zulu/bin/zulu11.64.19-ca-jdk11.0.19-linux_x64.tar.gz\n[build/Unit Tests  ]   \ud83d\udcac  ::debug::Downloading /tmp/53847af6-661b-4f55-a7ef-60d793c8cd5f\n[build/Generate APK]   \ud83d\udcac  ::debug::jdk extracted to /tmp/temp_1134432447/zulu11.64.19-ca-jdk11.0.19-linux_x64\n[build/Generate APK]   \ud83d\udcac  ::debug::Caching tool jdk 11.0.19 x64\n[build/Generate APK]   \ud83d\udcac  ::debug::source dir: /tmp/temp_1134432447/zulu11.64.19-ca-jdk11.0.19-linux_x64\n[build/Generate APK]   \ud83d\udcac  ::debug::destination /opt/hostedtoolcache/jdk/11.0.19/x64\n[build/Unit Tests  ]   \ud83d\udcac  ::debug::download complete\n[build/Unit Tests  ]   | [command]/usr/bin/tar --version\n[build/Unit Tests  ]   | tar (GNU tar) 1.30\n[build/Unit Tests  ]   | Copyright (C) 2017 Free Software Foundation, Inc.\n[build/Unit Tests  ]   | License GPLv3+: GNU GPL version 3 or later <https://gnu.org/licenses/gpl.html>.\n[build/Unit Tests  ]   | This is free software: you are free to change and redistribute it.\n[build/Unit Tests  ]   | There is NO WARRANTY, to the extent permitted by law.\n[build/Unit Tests  ]   | \n[build/Unit Tests  ]   | Written by John Gilmore and Jay Fenlason.\n[build/Unit Tests  ]   | [command]/usr/bin/tar xz --warning=no-unknown-keyword -C /tmp/temp_1391817958 -f /tmp/53847af6-661b-4f55-a7ef-60d793c8cd5f\n[build/Generate APK]   \ud83d\udcac  ::debug::finished caching tool\n[build/Generate APK]   \u2753 add-matcher /run/act/actions/actions-setup-java@v1/.github/java.json\n[build/Generate APK]   | creating settings.xml with server-id: github; environment variables: username=$GITHUB_ACTOR, password=$GITHUB_TOKEN, and gpg-passphrase=null\n[build/Generate APK]   \ud83d\udcac  ::debug::created directory /home/runneradmin/.m2\n[build/Generate APK]   | writing /home/runneradmin/.m2/settings.xml\n[build/Generate APK]   \u2705  Success - Main set up JDK 11\n[build/Generate APK]   \u2699  ::set-env:: JAVA_HOME_11.0.19_x64=/opt/hostedtoolcache/jdk/11.0.19/x64\n[build/Generate APK]   \u2699  ::set-env:: JAVA_HOME=/opt/hostedtoolcache/jdk/11.0.19/x64\n[build/Generate APK]   \u2699  ::set-env:: JAVA_HOME_11_0_19_X64=/opt/hostedtoolcache/jdk/11.0.19/x64\n[build/build       ]   \ud83d\udcac  ::debug::download complete\n[build/build       ]   | [command]/usr/bin/tar --version\n[build/build       ]   | tar (GNU tar) 1.30\n[build/build       ]   | Copyright (C) 2017 Free Software Foundation, Inc.\n[build/build       ]   | License GPLv3+: GNU GPL version 3 or later <https://gnu.org/licenses/gpl.html>.\n[build/build       ]   | This is free software: you are free to change and redistribute it.\n[build/build       ]   | There is NO WARRANTY, to the extent permitted by law.\n[build/build       ]   | \n[build/build       ]   | Written by John Gilmore and Jay Fenlason.\n[build/build       ]   | [command]/usr/bin/tar xz --warning=no-unknown-keyword -C /tmp/temp_1526993886 -f /tmp/4779c92f-affd-46c8-ad70-a59fd5311ce5\n[build/Generate APK]   \u2699  ::set-output:: path=/opt/hostedtoolcache/jdk/11.0.19/x64\n[build/Generate APK]   \u2699  ::set-output:: version=11.0.19\n[build/Generate APK]   \u2699  ::add-path:: /opt/hostedtoolcache/jdk/11.0.19/x64/bin\n[build/Generate APK] \u2b50 Run Main Grant Permission to Execute\n[build/Generate APK]   \ud83d\udc33  docker exec cmd=[bash --noprofile --norc -e -o pipefail /var/run/act/workflow/2] user= workdir=\n[build/Unit Tests  ]   \ud83d\udcac  ::debug::jdk extracted to /tmp/temp_1391817958/zulu11.64.19-ca-jdk11.0.19-linux_x64\n[build/Unit Tests  ]   \ud83d\udcac  ::debug::Caching tool jdk 11.0.19 x64\n[build/Unit Tests  ]   \ud83d\udcac  ::debug::source dir: /tmp/temp_1391817958/zulu11.64.19-ca-jdk11.0.19-linux_x64\n[build/Unit Tests  ]   \ud83d\udcac  ::debug::destination /opt/hostedtoolcache/jdk/11.0.19/x64\n[build/build       ]   \ud83d\udcac  ::debug::jdk extracted to /tmp/temp_1526993886/zulu11.64.19-ca-jdk11.0.19-linux_x64\n[build/build       ]   \ud83d\udcac  ::debug::Caching tool jdk 11.0.19 x64\n[build/build       ]   \ud83d\udcac  ::debug::source dir: /tmp/temp_1526993886/zulu11.64.19-ca-jdk11.0.19-linux_x64\n[build/build       ]   \ud83d\udcac  ::debug::destination /opt/hostedtoolcache/jdk/11.0.19/x64\n[build/Generate APK]   \u2705  Success - Main Grant Permission to Execute\n[build/Generate APK] \u2b50 Run Main Decode google-services.json\n[build/Generate APK]   \ud83d\udc33  docker exec cmd=[bash --noprofile --norc -e -o pipefail /var/run/act/workflow/3] user= workdir=\n[build/Unit Tests  ]   \ud83d\udcac  ::debug::finished caching tool\n[build/Unit Tests  ]   \u2753 add-matcher /run/act/actions/actions-setup-java@v1/.github/java.json\n[build/Unit Tests  ]   | creating settings.xml with server-id: github; environment variables: username=$GITHUB_ACTOR, password=$GITHUB_TOKEN, and gpg-passphrase=null\n[build/Unit Tests  ]   \ud83d\udcac  ::debug::created directory /home/runneradmin/.m2\n[build/Unit Tests  ]   | writing /home/runneradmin/.m2/settings.xml\n[build/Unit Tests  ]   \u2705  Success - Main set up JDK 11\n[build/Unit Tests  ]   \u2699  ::set-env:: JAVA_HOME_11.0.19_x64=/opt/hostedtoolcache/jdk/11.0.19/x64\n[build/Unit Tests  ]   \u2699  ::set-env:: JAVA_HOME=/opt/hostedtoolcache/jdk/11.0.19/x64\n[build/Unit Tests  ]   \u2699  ::set-env:: JAVA_HOME_11_0_19_X64=/opt/hostedtoolcache/jdk/11.0.19/x64\n[build/Unit Tests  ]   \u2699  ::set-output:: path=/opt/hostedtoolcache/jdk/11.0.19/x64\n[build/Unit Tests  ]   \u2699  ::set-output:: version=11.0.19\n[build/Unit Tests  ]   \u2699  ::add-path:: /opt/hostedtoolcache/jdk/11.0.19/x64/bin\n[build/Unit Tests  ] \u2b50 Run Main Grant Permission to Execute\n[build/build       ]   \ud83d\udcac  ::debug::finished caching tool\n[build/build       ]   \u2753 add-matcher /run/act/actions/actions-setup-java@v1/.github/java.json\n[build/build       ]   | creating settings.xml with server-id: github; environment variables: username=$GITHUB_ACTOR, password=$GITHUB_TOKEN, and gpg-passphrase=null\n[build/build       ]   \ud83d\udcac  ::debug::created directory /home/runneradmin/.m2\n[build/build       ]   | writing /home/runneradmin/.m2/settings.xml\n[build/build       ]   \u2705  Success - Main set up JDK 11\n[build/Unit Tests  ]   \ud83d\udc33  docker exec cmd=[bash --noprofile --norc -e -o pipefail /var/run/act/workflow/2] user= workdir=\n[build/build       ]   \u2699  ::set-env:: JAVA_HOME_11.0.19_x64=/opt/hostedtoolcache/jdk/11.0.19/x64\n[build/build       ]   \u2699  ::set-env:: JAVA_HOME=/opt/hostedtoolcache/jdk/11.0.19/x64\n[build/build       ]   \u2699  ::set-env:: JAVA_HOME_11_0_19_X64=/opt/hostedtoolcache/jdk/11.0.19/x64\n[build/build       ]   \u2699  ::set-output:: path=/opt/hostedtoolcache/jdk/11.0.19/x64\n[build/build       ]   \u2699  ::set-output:: version=11.0.19\n[build/build       ]   \u2699  ::add-path:: /opt/hostedtoolcache/jdk/11.0.19/x64/bin\n[build/build       ] \u2b50 Run Main Grant Permission to Execute\n[build/build       ]   \ud83d\udc33  docker exec cmd=[bash --noprofile --norc -e -o pipefail /var/run/act/workflow/2] user= workdir=\n[build/Generate APK]   \u2705  Success - Main Decode google-services.json\n[build/build       ]   \u2705  Success - Main Grant Permission to Execute\n[build/Unit Tests  ]   \u2705  Success - Main Grant Permission to Execute\n[build/build       ] \u2b50 Run Main Decode google-services.json\n[build/Unit Tests  ] \u2b50 Run Main Decode google-services.json\n[build/Generate APK] \u2b50 Run Main Build debug APK\n[build/build       ]   \ud83d\udc33  docker exec cmd=[bash --noprofile --norc -e -o pipefail /var/run/act/workflow/3] user= workdir=\n[build/Generate APK]   \ud83d\udc33  docker exec cmd=[bash --noprofile --norc -e -o pipefail /var/run/act/workflow/4] user= workdir=\n[build/Unit Tests  ]   \ud83d\udc33  docker exec cmd=[bash --noprofile --norc -e -o pipefail /var/run/act/workflow/3] user= workdir=\n[build/Unit Tests  ]   \u2705  Success - Main Decode google-services.json\n[build/build       ]   \u2705  Success - Main Decode google-services.json\n[build/Generate APK]   | Downloading https://services.gradle.org/distributions/gradle-7.0.2-bin.zip\n[build/Unit Tests  ] \u2b50 Run Main Unit tests\n[build/build       ] \u2b50 Run Main Build with Gradle\n[build/Unit Tests  ]   \ud83d\udc33  docker exec cmd=[bash --noprofile --norc -e -o pipefail /var/run/act/workflow/4] user= workdir=\n[build/build       ]   \ud83d\udc33  docker exec cmd=[bash --noprofile --norc -e -o pipefail /var/run/act/workflow/4] user= workdir=\n[build/Unit Tests  ]   | Downloading https://services.gradle.org/distributions/gradle-7.0.2-bin.zip\n[build/Unit Tests  ]   | ..........................................................................................................\n[build/Unit Tests  ]   | Unzipping /home/runneradmin/.gradle/wrapper/dists/gradle-7.0.2-bin/857tjihv64xamwrf0h14cai3r/gradle-7.0.2-bin.zip to /home/runneradmin/.gradle/wrapper/dists/gradle-7.0.2-bin/857tjihv64xamwrf0h14cai3r\n[build/build       ]   | Downloading https://services.gradle.org/distributions/gradle-7.0.2-bin.zip\n[build/Generate APK]   | ..........................................................................................................\n[build/Generate APK]   | Unzipping /home/runneradmin/.gradle/wrapper/dists/gradle-7.0.2-bin/857tjihv64xamwrf0h14cai3r/gradle-7.0.2-bin.zip to /home/runneradmin/.gradle/wrapper/dists/gradle-7.0.2-bin/857tjihv64xamwrf0h14cai3r\n[build/Unit Tests  ]   | Set executable permissions for: /home/runneradmin/.gradle/wrapper/dists/gradle-7.0.2-bin/857tjihv64xamwrf0h14cai3r/gradle-7.0.2/bin/gradle\n[build/Generate APK]   | Set executable permissions for: /home/runneradmin/.gradle/wrapper/dists/gradle-7.0.2-bin/857tjihv64xamwrf0h14cai3r/gradle-7.0.2/bin/gradle\n[build/Unit Tests  ]   | \n[build/Unit Tests  ]   | Welcome to Gradle 7.0.2!\n[build/Unit Tests  ]   | \n[build/Unit Tests  ]   | Here are the highlights of this release:\n[build/Unit Tests  ]   |  - File system watching enabled by default\n[build/Unit Tests  ]   |  - Support for running with and building Java 16 projects\n[build/Unit Tests  ]   |  - Native support for Apple Silicon processors\n[build/Unit Tests  ]   |  - Dependency catalog feature preview\n[build/Unit Tests  ]   | \n[build/Unit Tests  ]   | For more details see https://docs.gradle.org/7.0.2/release-notes.html\n[build/Unit Tests  ]   | \n[build/Unit Tests  ]   | Starting a Gradle Daemon (subsequent builds will be faster)\n[build/Generate APK]   | \n[build/Generate APK]   | Welcome to Gradle 7.0.2!\n[build/Generate APK]   | \n[build/Generate APK]   | Here are the highlights of this release:\n[build/Generate APK]   |  - File system watching enabled by default\n[build/Generate APK]   |  - Support for running with and building Java 16 projects\n[build/Generate APK]   |  - Native support for Apple Silicon processors\n[build/Generate APK]   |  - Dependency catalog feature preview\n[build/Generate APK]   | \n[build/Generate APK]   | For more details see https://docs.gradle.org/7.0.2/release-notes.html\n[build/Generate APK]   | \n[build/Generate APK]   | Starting a Gradle Daemon (subsequent builds will be faster)\n[build/build       ]   | ..........................................................................................................\n[build/build       ]   | Unzipping /home/runneradmin/.gradle/wrapper/dists/gradle-7.0.2-bin/857tjihv64xamwrf0h14cai3r/gradle-7.0.2-bin.zip to /home/runneradmin/.gradle/wrapper/dists/gradle-7.0.2-bin/857tjihv64xamwrf0h14cai3r\n[build/build       ]   | Set executable permissions for: /home/runneradmin/.gradle/wrapper/dists/gradle-7.0.2-bin/857tjihv64xamwrf0h14cai3r/gradle-7.0.2/bin/gradle\n[build/build       ]   | \n[build/build       ]   | Welcome to Gradle 7.0.2!\n[build/build       ]   | \n[build/build       ]   | Here are the highlights of this release:\n[build/build       ]   |  - File system watching enabled by default\n[build/build       ]   |  - Support for running with and building Java 16 projects\n[build/build       ]   |  - Native support for Apple Silicon processors\n[build/build       ]   |  - Dependency catalog feature preview\n[build/build       ]   | \n[build/build       ]   | For more details see https://docs.gradle.org/7.0.2/release-notes.html\n[build/build       ]   | \n[build/build       ]   | Starting a Gradle Daemon (subsequent builds will be faster)\n[build/Unit Tests  ]   | \n[build/Unit Tests  ]   | > Configure project :app\n[build/Unit Tests  ]   | Warning: The 'kotlin-android-extensions' Gradle plugin is deprecated. Please use this migration guide (https://goo.gle/kotlin-android-extensions-deprecation) to start working with View Binding (https://developer.android.com/topic/libraries/view-binding) and the 'kotlin-parcelize' plugin.\n[build/Unit Tests  ]   | app: 'annotationProcessor' dependencies won't be recognized as kapt annotation processors. Please change the configuration name to 'kapt' for these artifacts: 'com.github.bumptech.glide:compiler:4.11.0'.\n[build/Unit Tests  ]   | \n[build/Unit Tests  ]   | FAILURE: Build failed with an exception.\n[build/Unit Tests  ]   | \n[build/Unit Tests  ]   | * What went wrong:\n[build/Unit Tests  ]   | Could not determine the dependencies of task ':app:testReleaseUnitTest'.\n[build/Unit Tests  ]   | > Could not resolve all dependencies for configuration ':app:androidApis'.\n[build/Unit Tests  ]   |    > Could not create task ':app:minifyReleaseWithR8'.\n[build/Unit Tests  ]   |       > SDK location not found. Define location with an ANDROID_SDK_ROOT environment variable or by setting the sdk.dir path in your project's local properties file at '/tmp/569e0364-0b80-11ee-a890-af2cc187fc11/collegeconnect-CollegeConnect/local.properties'.\n[build/Unit Tests  ]   | \n[build/Unit Tests  ]   | * Try:\n[build/Unit Tests  ]   | Run with --info or --debug option to get more log output. Run with --scan to get full insights.\n[build/Unit Tests  ]   | \n[build/Unit Tests  ]   | * Exception is:\n[build/Unit Tests  ]   | org.gradle.api.internal.tasks.TaskDependencyResolveException: Could not determine the dependencies of task ':app:testReleaseUnitTest'.\n[build/Unit Tests  ]   | \tat org.gradle.api.internal.tasks.CachingTaskDependencyResolveContext.getDependencies(CachingTaskDependencyResolveContext.java:71)\n[build/Unit Tests  ]   | \tat org.gradle.execution.plan.TaskDependencyResolver.resolveDependenciesFor(TaskDependencyResolver.java:46)\n[build/Unit Tests  ]   | \tat org.gradle.execution.plan.LocalTaskNode.getDependencies(LocalTaskNode.java:163)\n[build/Unit Tests  ]   | \tat org.gradle.execution.plan.LocalTaskNode.resolveDependencies(LocalTaskNode.java:131)\n[build/Unit Tests  ]   | \tat org.gradle.execution.plan.DefaultExecutionPlan.doAddNodes(DefaultExecutionPlan.java:186)\n[build/Unit Tests  ]   | \tat org.gradle.execution.plan.DefaultExecutionPlan.addEntryTasks(DefaultExecutionPlan.java:150)\n[build/Unit Tests  ]   | \tat org.gradle.execution.taskgraph.DefaultTaskExecutionGraph.addEntryTasks(DefaultTaskExecutionGraph.java:157)\n[build/Unit Tests  ]   | \tat org.gradle.execution.TaskNameResolvingBuildConfigurationAction.configure(TaskNameResolvingBuildConfigurationAction.java:49)\n[build/Unit Tests  ]   | \tat org.gradle.execution.DefaultBuildConfigurationActionExecuter.configure(DefaultBuildConfigurationActionExecuter.java:55)\n[build/Unit Tests  ]   | \tat org.gradle.execution.DefaultBuildConfigurationActionExecuter.access$000(DefaultBuildConfigurationActionExecuter.java:26)\n[build/Unit Tests  ]   | \tat org.gradle.execution.DefaultBuildConfigurationActionExecuter$1.proceed(DefaultBuildConfigurationActionExecuter.java:63)\n[build/Unit Tests  ]   | \tat org.gradle.execution.DefaultTasksBuildExecutionAction.configure(DefaultTasksBuildExecutionAction.java:45)\n[build/Unit Tests  ]   | \tat org.gradle.execution.DefaultBuildConfigurationActionExecuter.configure(DefaultBuildConfigurationActionExecuter.java:55)\n[build/Unit Tests  ]   | \tat org.gradle.execution.DefaultBuildConfigurationActionExecuter.access$000(DefaultBuildConfigurationActionExecuter.java:26)\n[build/Unit Tests  ]   | \tat org.gradle.execution.DefaultBuildConfigurationActionExecuter$1.proceed(DefaultBuildConfigurationActionExecuter.java:63)\n[build/Unit Tests  ]   | \tat org.gradle.execution.ExcludedTaskFilteringBuildConfigurationAction.configure(ExcludedTaskFilteringBuildConfigurationAction.java:48)\n[build/Unit Tests  ]   | \tat org.gradle.execution.DefaultBuildConfigurationActionExecuter.configure(DefaultBuildConfigurationActionExecuter.java:55)\n[build/Unit Tests  ]   | \tat org.gradle.execution.DefaultBuildConfigurationActionExecuter.lambda$select$0(DefaultBuildConfigurationActionExecuter.java:42)\n[build/Unit Tests  ]   | \tat org.gradle.internal.Factories$1.create(Factories.java:31)\n[build/Unit Tests  ]   | \tat org.gradle.api.internal.project.DefaultProjectStateRegistry.withMutableStateOfAllProjects(DefaultProjectStateRegistry.java:141)\n[build/Unit Tests  ]   | \tat org.gradle.api.internal.project.DefaultProjectStateRegistry.withMutableStateOfAllProjects(DefaultProjectStateRegistry.java:128)\n[build/Unit Tests  ]   | \tat org.gradle.execution.DefaultBuildConfigurationActionExecuter.select(DefaultBuildConfigurationActionExecuter.java:40)\n[build/Unit Tests  ]   | \tat org.gradle.initialization.DefaultTaskExecutionPreparer.prepareForTaskExecution(DefaultTaskExecutionPreparer.java:38)\n[build/Unit Tests  ]   | \tat org.gradle.initialization.BuildOperationFiringTaskExecutionPreparer$CalculateTaskGraph.populateTaskGraph(BuildOperationFiringTaskExecutionPreparer.java:117)\n[build/Unit Tests  ]   | \tat org.gradle.initialization.BuildOperationFiringTaskExecutionPreparer$CalculateTaskGraph.run(BuildOperationFiringTaskExecutionPreparer.java:68)\n[build/Unit Tests  ]   | \tat org.gradle.internal.operations.DefaultBuildOperationRunner$1.execute(DefaultBuildOperationRunner.java:29)\n[build/Unit Tests  ]   | \tat org.gradle.internal.operations.DefaultBuildOperationRunner$1.execute(DefaultBuildOperationRunner.java:26)\n[build/Unit Tests  ]   | \tat org.gradle.internal.operations.DefaultBuildOperationRunner$3.execute(DefaultBuildOperationRunner.java:75)\n[build/Unit Tests  ]   | \tat org.gradle.internal.operations.DefaultBuildOperationRunner$3.execute(DefaultBuildOperationRunner.java:68)\n[build/Unit Tests  ]   | \tat org.gradle.internal.operations.DefaultBuildOperationRunner.execute(DefaultBuildOperationRunner.java:153)\n[build/Unit Tests  ]   | \tat org.gradle.internal.operations.DefaultBuildOperationRunner.execute(DefaultBuildOperationRunner.java:68)\n[build/Unit Tests  ]   | \tat org.gradle.internal.operations.DefaultBuildOperationRunner.run(DefaultBuildOperationRunner.java:56)\n[build/Unit Tests  ]   | \tat org.gradle.internal.operations.DefaultBuildOperationExecutor.lambda$run$1(DefaultBuildOperationExecutor.java:71)\n[build/Unit Tests  ]   | \tat org.gradle.internal.operations.UnmanagedBuildOperationWrapper.runWithUnmanagedSupport(UnmanagedBuildOperationWrapper.java:45)\n[build/Unit Tests  ]   | \tat org.gradle.internal.operations.DefaultBuildOperationExecutor.run(DefaultBuildOperationExecutor.java:71)\n[build/Unit Tests  ]   | \tat org.gradle.initialization.BuildOperationFiringTaskExecutionPreparer.prepareForTaskExecution(BuildOperationFiringTaskExecutionPreparer.java:56)\n[build/Unit Tests  ]   | \tat org.gradle.initialization.DefaultGradleLauncher.prepareTaskExecution(DefaultGradleLauncher.java:233)\n[build/Unit Tests  ]   | \tat org.gradle.initialization.DefaultGradleLauncher.doClassicBuildStages(DefaultGradleLauncher.java:168)\n[build/Unit Tests  ]   | \tat org.gradle.initialization.DefaultGradleLauncher.doBuildStages(DefaultGradleLauncher.java:149)\n[build/Unit Tests  ]   | \tat org.gradle.initialization.DefaultGradleLauncher.executeTasks(DefaultGradleLauncher.java:125)\n[build/Unit Tests  ]   | \tat org.gradle.internal.invocation.GradleBuildController$1.create(GradleBuildController.java:71)\n[build/Unit Tests  ]   | \tat org.gradle.internal.work.DefaultWorkerLeaseService.withLocks(DefaultWorkerLeaseService.java:213)\n[build/Unit Tests  ]   | \tat org.gradle.internal.invocation.GradleBuildController.doBuild(GradleBuildController.java:67)\n[build/Unit Tests  ]   | \tat org.gradle.internal.invocation.GradleBuildController.run(GradleBuildController.java:56)\n[build/Unit Tests  ]   | \tat org.gradle.tooling.internal.provider.ExecuteBuildActionRunner.run(ExecuteBuildActionRunner.java:31)\n[build/Unit Tests  ]   | \tat org.gradle.launcher.exec.ChainingBuildActionRunner.run(ChainingBuildActionRunner.java:35)\n[build/Unit Tests  ]   | \tat org.gradle.launcher.exec.BuildOutcomeReportingBuildActionRunner.run(BuildOutcomeReportingBuildActionRunner.java:66)\n[build/Unit Tests  ]   | \tat org.gradle.tooling.internal.provider.ValidatingBuildActionRunner.run(ValidatingBuildActionRunner.java:32)\n[build/Unit Tests  ]   | \tat org.gradle.tooling.internal.provider.FileSystemWatchingBuildActionRunner.run(FileSystemWatchingBuildActionRunner.java:90)\n[build/Unit Tests  ]   | \tat org.gradle.launcher.exec.BuildCompletionNotifyingBuildActionRunner.run(BuildCompletionNotifyingBuildActionRunner.java:41)\n[build/Unit Tests  ]   | \tat org.gradle.launcher.exec.RunAsBuildOperationBuildActionRunner$3.call(RunAsBuildOperationBuildActionRunner.java:49)\n[build/Unit Tests  ]   | \tat org.gradle.launcher.exec.RunAsBuildOperationBuildActionRunner$3.call(RunAsBuildOperationBuildActionRunner.java:44)\n[build/Unit Tests  ]   | \tat org.gradle.internal.operations.DefaultBuildOperationRunner$CallableBuildOperationWorker.execute(DefaultBuildOperationRunner.java:200)\n[build/Unit Tests  ]   | \tat org.gradle.internal.operations.DefaultBuildOperationRunner$CallableBuildOperationWorker.execute(DefaultBuildOperationRunner.java:195)\n[build/Unit Tests  ]   | \tat org.gradle.internal.operations.DefaultBuildOperationRunner$3.execute(DefaultBuildOperationRunner.java:75)\n[build/Unit Tests  ]   | \tat org.gradle.internal.operations.DefaultBuildOperationRunner$3.execute(DefaultBuildOperationRunner.java:68)\n[build/Unit Tests  ]   | \tat org.gradle.internal.operations.DefaultBuildOperationRunner.execute(DefaultBuildOperationRunner.java:153)\n[build/Unit Tests  ]   | \tat org.gradle.internal.operations.DefaultBuildOperationRunner.execute(DefaultBuildOperationRunner.java:68)\n[build/Unit Tests  ]   | \tat org.gradle.internal.operations.DefaultBuildOperationRunner.call(DefaultBuildOperationRunner.java:62)\n[build/Unit Tests  ]   | \tat org.gradle.internal.operations.DefaultBuildOperationExecutor.lambda$call$2(DefaultBuildOperationExecutor.java:76)\n[build/Unit Tests  ]   | \tat org.gradle.internal.operations.UnmanagedBuildOperationWrapper.callWithUnmanagedSupport(UnmanagedBuildOperationWrapper.java:54)\n[build/Unit Tests  ]   | \tat org.gradle.internal.operations.DefaultBuildOperationExecutor.call(DefaultBuildOperationExecutor.java:76)\n[build/Unit Tests  ]   | \tat org.gradle.launcher.exec.RunAsBuildOperationBuildActionRunner.run(RunAsBuildOperationBuildActionRunner.java:44)\n[build/Unit Tests  ]   | \tat org.gradle.launcher.exec.InProcessBuildActionExecuter.lambda$execute$0(InProcessBuildActionExecuter.java:59)\n[build/Unit Tests  ]   | \tat org.gradle.composite.internal.DefaultRootBuildState.run(DefaultRootBuildState.java:86)\n[build/Unit Tests  ]   | \tat org.gradle.launcher.exec.InProcessBuildActionExecuter.execute(InProcessBuildActionExecuter.java:58)\n[build/Unit Tests  ]   | \tat org.gradle.launcher.exec.InProcessBuildActionExecuter.execute(InProcessBuildActionExecuter.java:30)\n[build/Unit Tests  ]   | \tat org.gradle.launcher.exec.BuildTreeScopeLifecycleBuildActionExecuter.lambda$execute$0(BuildTreeScopeLifecycleBuildActionExecuter.java:34)\n[build/Unit Tests  ]   | \tat org.gradle.internal.buildtree.BuildTreeState.run(BuildTreeState.java:53)\n[build/Unit Tests  ]   | \tat org.gradle.launcher.exec.BuildTreeScopeLifecycleBuildActionExecuter.execute(BuildTreeScopeLifecycleBuildActionExecuter.java:33)\n[build/Unit Tests  ]   | \tat org.gradle.launcher.exec.BuildTreeScopeLifecycleBuildActionExecuter.execute(BuildTreeScopeLifecycleBuildActionExecuter.java:28)\n[build/Unit Tests  ]   | \tat org.gradle.tooling.internal.provider.ContinuousBuildActionExecuter.execute(ContinuousBuildActionExecuter.java:104)\n[build/Unit Tests  ]   | \tat org.gradle.tooling.internal.provider.ContinuousBuildActionExecuter.execute(ContinuousBuildActionExecuter.java:55)\n[build/Unit Tests  ]   | \tat org.gradle.tooling.internal.provider.SubscribableBuildActionExecuter.execute(SubscribableBuildActionExecuter.java:64)\n[build/Unit Tests  ]   | \tat org.gradle.tooling.internal.provider.SubscribableBuildActionExecuter.execute(SubscribableBuildActionExecuter.java:37)\n[build/Unit Tests  ]   | \tat org.gradle.tooling.internal.provider.SessionScopeLifecycleBuildActionExecuter.lambda$execute$0(SessionScopeLifecycleBuildActionExecuter.java:54)\n[build/Unit Tests  ]   | \tat org.gradle.internal.session.BuildSessionState.run(BuildSessionState.java:67)\n[build/Unit Tests  ]   | \tat org.gradle.tooling.internal.provider.SessionScopeLifecycleBuildActionExecuter.execute(SessionScopeLifecycleBuildActionExecuter.java:50)\n[build/Unit Tests  ]   | \tat org.gradle.tooling.internal.provider.SessionScopeLifecycleBuildActionExecuter.execute(SessionScopeLifecycleBuildActionExecuter.java:36)\n[build/Unit Tests  ]   | \tat org.gradle.tooling.internal.provider.GradleThreadBuildActionExecuter.execute(GradleThreadBuildActionExecuter.java:36)\n[build/Unit Tests  ]   | \tat org.gradle.tooling.internal.provider.GradleThreadBuildActionExecuter.execute(GradleThreadBuildActionExecuter.java:25)\n[build/Unit Tests  ]   | \tat org.gradle.tooling.internal.provider.StartParamsValidatingActionExecuter.execute(StartParamsValidatingActionExecuter.java:59)\n[build/Unit Tests  ]   | \tat org.gradle.tooling.internal.provider.StartParamsValidatingActionExecuter.execute(StartParamsValidatingActionExecuter.java:31)\n[build/Unit Tests  ]   | \tat org.gradle.tooling.internal.provider.SessionFailureReportingActionExecuter.execute(SessionFailureReportingActionExecuter.java:58)\n[build/Unit Tests  ]   | \tat org.gradle.tooling.internal.provider.SessionFailureReportingActionExecuter.execute(SessionFailureReportingActionExecuter.java:42)\n[build/Unit Tests  ]   | \tat org.gradle.tooling.internal.provider.SetupLoggingActionExecuter.execute(SetupLoggingActionExecuter.java:47)\n[build/Unit Tests  ]   | \tat org.gradle.tooling.internal.provider.SetupLoggingActionExecuter.execute(SetupLoggingActionExecuter.java:31)\n[build/Unit Tests  ]   | \tat org.gradle.launcher.daemon.server.exec.ExecuteBuild.doBuild(ExecuteBuild.java:65)\n[build/Unit Tests  ]   | \tat org.gradle.launcher.daemon.server.exec.BuildCommandOnly.execute(BuildCommandOnly.java:37)\n[build/Unit Tests  ]   | \tat org.gradle.launcher.daemon.server.api.DaemonCommandExecution.proceed(DaemonCommandExecution.java:104)\n[build/Unit Tests  ]   | \tat org.gradle.launcher.daemon.server.exec.WatchForDisconnection.execute(WatchForDisconnection.java:39)\n[build/Unit Tests  ]   | \tat org.gradle.launcher.daemon.server.api.DaemonCommandExecution.proceed(DaemonCommandExecution.java:104)\n[build/Unit Tests  ]   | \tat org.gradle.launcher.daemon.server.exec.ResetDeprecationLogger.execute(ResetDeprecationLogger.java:29)\n[build/Unit Tests  ]   | \tat org.gradle.launcher.daemon.server.api.DaemonCommandExecution.proceed(DaemonCommandExecution.java:104)\n[build/Unit Tests  ]   | \tat org.gradle.launcher.daemon.server.exec.RequestStopIfSingleUsedDaemon.execute(RequestStopIfSingleUsedDaemon.java:35)\n[build/Unit Tests  ]   | \tat org.gradle.launcher.daemon.server.api.DaemonCommandExecution.proceed(DaemonCommandExecution.java:104)\n[build/Unit Tests  ]   | \tat org.gradle.launcher.daemon.server.exec.ForwardClientInput$2.create(ForwardClientInput.java:78)\n[build/Unit Tests  ]   | \tat org.gradle.launcher.daemon.server.exec.ForwardClientInput$2.create(ForwardClientInput.java:75)\n[build/Unit Tests  ]   | \tat org.gradle.util.Swapper.swap(Swapper.java:38)\n[build/Unit Tests  ]   | \tat org.gradle.launcher.daemon.server.exec.ForwardClientInput.execute(ForwardClientInput.java:75)\n[build/Unit Tests  ]   | \tat org.gradle.launcher.daemon.server.api.DaemonCommandExecution.proceed(DaemonCommandExecution.java:104)\n[build/Unit Tests  ]   | \tat org.gradle.launcher.daemon.server.exec.LogAndCheckHealth.execute(LogAndCheckHealth.java:55)\n[build/Unit Tests  ]   | \tat org.gradle.launcher.daemon.server.api.DaemonCommandExecution.proceed(DaemonCommandExecution.java:104)\n[build/Unit Tests  ]   | \tat org.gradle.launcher.daemon.server.exec.LogToClient.doBuild(LogToClient.java:63)\n[build/Unit Tests  ]   | \tat org.gradle.launcher.daemon.server.exec.BuildCommandOnly.execute(BuildCommandOnly.java:37)\n[build/Unit Tests  ]   | \tat org.gradle.launcher.daemon.server.api.DaemonCommandExecution.proceed(DaemonCommandExecution.java:104)\n[build/Unit Tests  ]   | \tat org.gradle.launcher.daemon.server.exec.EstablishBuildEnvironment.doBuild(EstablishBuildEnvironment.java:84)\n[build/Unit Tests  ]   | \tat org.gradle.launcher.daemon.server.exec.BuildCommandOnly.execute(BuildCommandOnly.java:37)\n[build/Unit Tests  ]   | \tat org.gradle.launcher.daemon.server.api.DaemonCommandExecution.proceed(DaemonCommandExecution.java:104)\n[build/Unit Tests  ]   | \tat org.gradle.launcher.daemon.server.exec.StartBuildOrRespondWithBusy$1.run(StartBuildOrRespondWithBusy.java:52)\n[build/Unit Tests  ]   | \tat org.gradle.launcher.daemon.server.DaemonStateCoordinator$1.run(DaemonStateCoordinator.java:297)\n[build/Unit Tests  ]   | \tat org.gradle.internal.concurrent.ExecutorPolicy$CatchAndRecordFailures.onExecute(ExecutorPolicy.java:64)\n[build/Unit Tests  ]   | \tat org.gradle.internal.concurrent.ManagedExecutorImpl$1.run(ManagedExecutorImpl.java:48)\n[build/Unit Tests  ]   | \tat org.gradle.internal.concurrent.ThreadFactoryImpl$ManagedThreadRunnable.run(ThreadFactoryImpl.java:56)\n[build/Unit Tests  ]   | Caused by: org.gradle.api.artifacts.ResolveException: Could not resolve all dependencies for configuration ':app:androidApis'.\n[build/Unit Tests  ]   | \tat org.gradle.api.internal.artifacts.ivyservice.ErrorHandlingConfigurationResolver.wrapException(ErrorHandlingConfigurationResolver.java:105)\n[build/Unit Tests  ]   | \tat org.gradle.api.internal.artifacts.ivyservice.ErrorHandlingConfigurationResolver.resolveBuildDependencies(ErrorHandlingConfigurationResolver.java:65)\n[build/Unit Tests  ]   | \tat org.gradle.api.internal.artifacts.configurations.DefaultConfiguration.lambda$resolveGraphForBuildDependenciesIfRequired$6(DefaultConfiguration.java:847)\n[build/Unit Tests  ]   | \tat org.gradle.api.internal.project.DefaultProjectStateRegistry$CalculatedModelValueImpl.update(DefaultProjectStateRegistry.java:362)\n[build/Unit Tests  ]   | \tat org.gradle.api.internal.artifacts.configurations.DefaultConfiguration.resolveGraphForBuildDependenciesIfRequired(DefaultConfiguration.java:843)\n[build/Unit Tests  ]   | \tat org.gradle.api.internal.artifacts.configurations.DefaultConfiguration.access$1800(DefaultConfiguration.java:150)\n[build/Unit Tests  ]   | \tat org.gradle.api.internal.artifacts.configurations.DefaultConfiguration$SelectedArtifactsProvider.getTaskDependencyValue(DefaultConfiguration.java:1335)\n[build/Unit Tests  ]   | \tat org.gradle.api.internal.artifacts.configurations.DefaultConfiguration$SelectedArtifactsProvider.getTaskDependencyValue(DefaultConfiguration.java:1331)\n[build/Unit Tests  ]   | \tat org.gradle.api.internal.artifacts.configurations.DefaultConfiguration$ConfigurationFileCollection.visitDependencies(DefaultConfiguration.java:1374)\n[build/Unit Tests  ]   | \tat org.gradle.api.internal.tasks.CachingTaskDependencyResolveContext$TaskGraphImpl.getNodeValues(CachingTaskDependencyResolveContext.java:114)\n[build/Unit Tests  ]   | \tat org.gradle.internal.graph.CachingDirectedGraphWalker$GraphWithEmptyEdges.getNodeValues(CachingDirectedGraphWalker.java:213)\n[build/Unit Tests  ]   | \tat org.gradle.internal.graph.CachingDirectedGraphWalker.doSearch(CachingDirectedGraphWalker.java:121)\n[build/Unit Tests  ]   | \tat org.gradle.internal.graph.CachingDirectedGraphWalker.findValues(CachingDirectedGraphWalker.java:73)\n[build/Unit Tests  ]   | \tat org.gradle.api.internal.tasks.CachingTaskDependencyResolveContext.getDependencies(CachingTaskDependencyResolveContext.java:69)\n[build/Unit Tests  ]   | \t... 113 more\n[build/Unit Tests  ]   | Caused by: org.gradle.api.internal.tasks.DefaultTaskContainer$TaskCreationException: Could not create task ':app:minifyReleaseWithR8'.\n[build/Unit Tests  ]   | \tat org.gradle.api.internal.tasks.DefaultTaskContainer.taskCreationException(DefaultTaskContainer.java:719)\n[build/Unit Tests  ]   | \tat org.gradle.api.internal.tasks.DefaultTaskContainer.access$600(DefaultTaskContainer.java:77)\n[build/Unit Tests  ]   | \tat org.gradle.api.internal.tasks.DefaultTaskContainer$TaskCreatingProvider.domainObjectCreationException(DefaultTaskContainer.java:711)\n[build/Unit Tests  ]   | \tat org.gradle.api.internal.DefaultNamedDomainObjectCollection$AbstractDomainObjectCreatingProvider.tryCreate(DefaultNamedDomainObjectCollection.java:948)\n[build/Unit Tests  ]   | \tat org.gradle.api.internal.tasks.DefaultTaskContainer$TaskCreatingProvider.access$1401(DefaultTaskContainer.java:658)\n[build/Unit Tests  ]   | \tat org.gradle.api.internal.tasks.DefaultTaskContainer$TaskCreatingProvider$1.run(DefaultTaskContainer.java:684)\n[build/Unit Tests  ]   | \tat org.gradle.internal.operations.DefaultBuildOperationRunner$1.execute(DefaultBuildOperationRunner.java:29)\n[build/Unit Tests  ]   | \tat org.gradle.internal.operations.DefaultBuildOperationRunner$1.execute(DefaultBuildOperationRunner.java:26)\n[build/Unit Tests  ]   | \tat org.gradle.internal.operations.DefaultBuildOperationRunner$3.execute(DefaultBuildOperationRunner.java:75)\n[build/Unit Tests  ]   | \tat org.gradle.internal.operations.DefaultBuildOperationRunner$3.execute(DefaultBuildOperationRunner.java:68)\n[build/Unit Tests  ]   | \tat org.gradle.internal.operations.DefaultBuildOperationRunner.execute(DefaultBuildOperationRunner.java:153)\n[build/Unit Tests  ]   | \tat org.gradle.internal.operations.DefaultBuildOperationRunner.execute(DefaultBuildOperationRunner.java:68)\n[build/Unit Tests  ]   | \tat org.gradle.internal.operations.DefaultBuildOperationRunner.run(DefaultBuildOperationRunner.java:56)\n[build/Unit Tests  ]   | \tat org.gradle.internal.operations.DefaultBuildOperationExecutor.lambda$run$1(DefaultBuildOperationExecutor.java:71)\n[build/Unit Tests  ]   | \tat org.gradle.internal.operations.UnmanagedBuildOperationWrapper.runWithUnmanagedSupport(UnmanagedBuildOperationWrapper.java:45)\n[build/Unit Tests  ]   | \tat org.gradle.internal.operations.DefaultBuildOperationExecutor.run(DefaultBuildOperationExecutor.java:71)\n[build/Unit Tests  ]   | \tat org.gradle.api.internal.tasks.DefaultTaskContainer$TaskCreatingProvider.tryCreate(DefaultTaskContainer.java:680)\n[build/Unit Tests  ]   | \tat org.gradle.api.internal.DefaultNamedDomainObjectCollection$AbstractDomainObjectCreatingProvider.calculateOwnValue(DefaultNamedDomainObjectCollection.java:929)\n[build/Unit Tests  ]   | \tat org.gradle.api.internal.provider.AbstractMinimalProvider.calculateValue(AbstractMinimalProvider.java:103)\n[build/Unit Tests  ]   | \tat org.gradle.api.internal.provider.FlatMapProvider.calculateOwnValue(FlatMapProvider.java:46)\n[build/Unit Tests  ]   | \tat org.gradle.api.internal.provider.AbstractMinimalProvider.calculateValue(AbstractMinimalProvider.java:103)\n[build/Unit Tests  ]   | \tat org.gradle.api.internal.provider.MappingProvider.calculateOwnValue(MappingProvider.java:55)\n[build/Unit Tests  ]   | \tat org.gradle.api.internal.provider.AbstractMinimalProvider.calculateValue(AbstractMinimalProvider.java:103)\n[build/Unit Tests  ]   | \tat org.gradle.api.internal.provider.DefaultProperty.calculateValueFrom(DefaultProperty.java:128)\n[build/Unit Tests  ]   | \tat org.gradle.api.internal.provider.DefaultProperty.calculateValueFrom(DefaultProperty.java:25)\n[build/Unit Tests  ]   | \tat org.gradle.api.internal.provider.AbstractProperty.doCalculateValue(AbstractProperty.java:133)\n[build/Unit Tests  ]   | \tat org.gradle.api.internal.provider.AbstractProperty.calculateOwnValue(AbstractProperty.java:127)\n[build/Unit Tests  ]   | \tat org.gradle.api.internal.provider.AbstractMinimalProvider.calculateValue(AbstractMinimalProvider.java:103)\n[build/Unit Tests  ]   | \tat org.gradle.api.internal.provider.DefaultProperty.calculateValueFrom(DefaultProperty.java:128)\n[build/Unit Tests  ]   | \tat org.gradle.api.internal.provider.DefaultProperty.calculateValueFrom(DefaultProperty.java:25)\n[build/Unit Tests  ]   | \tat org.gradle.api.internal.provider.AbstractProperty.doCalculateValue(AbstractProperty.java:133)\n[build/Unit Tests  ]   | \tat org.gradle.api.internal.provider.AbstractProperty.calculateOwnValue(AbstractProperty.java:127)\n[build/Unit Tests  ]   | \tat org.gradle.api.internal.provider.AbstractMinimalProvider.calculateValue(AbstractMinimalProvider.java:103)\n[build/Unit Tests  ]   | \tat org.gradle.api.internal.provider.DefaultProperty.calculateValueFrom(DefaultProperty.java:128)\n[build/Unit Tests  ]   | \tat org.gradle.api.internal.provider.DefaultProperty.calculateValueFrom(DefaultProperty.java:25)\n[build/Unit Tests  ]   | \tat org.gradle.api.internal.provider.AbstractProperty.doCalculateValue(AbstractProperty.java:133)\n[build/Unit Tests  ]   | \tat org.gradle.api.internal.provider.AbstractProperty.calculateOwnValue(AbstractProperty.java:127)\n[build/Unit Tests  ]   | \tat org.gradle.api.internal.provider.AbstractMinimalProvider.get(AbstractMinimalProvider.java:84)\n[build/Unit Tests  ]   | \tat org.gradle.api.internal.artifacts.dsl.LazyPublishArtifact.getDelegate(LazyPublishArtifact.java:94)\n[build/Unit Tests  ]   | \tat org.gradle.api.internal.artifacts.dsl.LazyPublishArtifact.getName(LazyPublishArtifact.java:64)\n[build/Unit Tests  ]   | \tat org.gradle.util.GUtil.getOrDefault(GUtil.java:167)\n[build/Unit Tests  ]   | \tat org.gradle.api.internal.artifacts.publish.DecoratingPublishArtifact.getName(DecoratingPublishArtifact.java:51)\n[build/Unit Tests  ]   | \tat org.gradle.api.internal.artifacts.publish.DecoratingPublishArtifact_Decorated.getName(Unknown Source)\n[build/Unit Tests  ]   | \tat org.gradle.internal.component.model.DefaultIvyArtifactName.forPublishArtifact(DefaultIvyArtifactName.java:36)\n[build/Unit Tests  ]   | \tat org.gradle.internal.component.local.model.PublishArtifactLocalArtifactMetadata.<init>(PublishArtifactLocalArtifactMetadata.java:40)\n[build/Unit Tests  ]   | \tat org.gradle.internal.component.local.model.DefaultLocalComponentMetadata.addVariant(DefaultLocalComponentMetadata.java:160)\n[build/Unit Tests  ]   | \tat org.gradle.api.internal.artifacts.ivyservice.moduleconverter.DefaultLocalComponentMetadataBuilder$1.visitChildVariant(DefaultLocalComponentMetadataBuilder.java:66)\n[build/Unit Tests  ]   | \tat org.gradle.api.internal.artifacts.configurations.DefaultVariant.visit(DefaultVariant.java:72)\n[build/Unit Tests  ]   | \tat org.gradle.api.internal.artifacts.configurations.DefaultConfigurationPublications.collectVariants(DefaultConfigurationPublications.java:95)\n[build/Unit Tests  ]   | \tat org.gradle.api.internal.artifacts.configurations.DefaultConfiguration.collectVariants(DefaultConfiguration.java:1052)\n[build/Unit Tests  ]   | \tat org.gradle.api.internal.artifacts.ivyservice.moduleconverter.DefaultLocalComponentMetadataBuilder.addConfiguration(DefaultLocalComponentMetadataBuilder.java:53)\n[build/Unit Tests  ]   | \tat org.gradle.api.internal.artifacts.ivyservice.moduleconverter.DefaultRootComponentMetadataBuilder.addConfiguration(DefaultRootComponentMetadataBuilder.java:102)\n[build/Unit Tests  ]   | \tat org.gradle.api.internal.artifacts.ivyservice.moduleconverter.DefaultRootComponentMetadataBuilder.getRootComponentMetadata(DefaultRootComponentMetadataBuilder.java:96)\n[build/Unit Tests  ]   | \tat org.gradle.api.internal.artifacts.ivyservice.moduleconverter.DefaultRootComponentMetadataBuilder.lambda$buildRootComponentMetadata$0(DefaultRootComponentMetadataBuilder.java:86)\n[build/Unit Tests  ]   | \tat org.gradle.api.internal.project.DefaultProjectStateRegistry$ProjectStateImpl.fromMutableState(DefaultProjectStateRegistry.java:267)\n[build/Unit Tests  ]   | \tat org.gradle.api.internal.artifacts.ivyservice.moduleconverter.DefaultRootComponentMetadataBuilder.buildRootComponentMetadata(DefaultRootComponentMetadataBuilder.java:84)\n[build/Unit Tests  ]   | \tat org.gradle.api.internal.artifacts.ivyservice.moduleconverter.DefaultRootComponentMetadataBuilder.toRootComponentMetaData(DefaultRootComponentMetadataBuilder.java:70)\n[build/Unit Tests  ]   | \tat org.gradle.api.internal.artifacts.configurations.DefaultConfiguration.toRootComponentMetaData(DefaultConfiguration.java:1194)\n[build/Unit Tests  ]   | \tat org.gradle.api.internal.artifacts.ivyservice.resolveengine.DefaultArtifactDependencyResolver$DefaultResolveContextToComponentResolver.resolve(DefaultArtifactDependencyResolver.java:227)\n[build/Unit Tests  ]   | \tat org.gradle.api.internal.artifacts.ivyservice.resolveengine.graph.builder.DependencyGraphBuilder.resolve(DependencyGraphBuilder.java:138)\n[build/Unit Tests  ]   | \tat org.gradle.api.internal.artifacts.ivyservice.resolveengine.DefaultArtifactDependencyResolver.resolve(DefaultArtifactDependencyResolver.java:145)\n[build/Unit Tests  ]   | \tat org.gradle.api.internal.artifacts.ivyservice.DefaultConfigurationResolver.resolveBuildDependencies(DefaultConfigurationResolver.java:136)\n[build/Unit Tests  ]   | \tat org.gradle.api.internal.artifacts.ivyservice.ShortCircuitEmptyConfigurationResolver.resolveBuildDependencies(ShortCircuitEmptyConfigurationResolver.java:76)\n[build/Unit Tests  ]   | \tat org.gradle.api.internal.artifacts.ivyservice.ErrorHandlingConfigurationResolver.resolveBuildDependencies(ErrorHandlingConfigurationResolver.java:63)\n[build/Unit Tests  ]   | \t... 125 more\n[build/Unit Tests  ]   | Caused by: com.android.builder.errors.EvalIssueException: SDK location not found. Define location with an ANDROID_SDK_ROOT environment variable or by setting the sdk.dir path in your project's local properties file at '/tmp/569e0364-0b80-11ee-a890-af2cc187fc11/collegeconnect-CollegeConnect/local.properties'.\n[build/Unit Tests  ]   | \tat com.android.builder.errors.IssueReporter.reportError(IssueReporter.kt:109)\n[build/Unit Tests  ]   | \tat com.android.builder.errors.IssueReporter.reportError$default(IssueReporter.kt:105)\n[build/Unit Tests  ]   | \tat com.android.build.gradle.internal.SdkLocator.getSdkLocation(SdkLocator.kt:239)\n[build/Unit Tests  ]   | \tat com.android.build.gradle.internal.SdkDirectLoadingStrategy.loadSdkComponents(SdkDirectLoadingStrategy.kt:97)\n[build/Unit Tests  ]   | \tat com.android.build.gradle.internal.SdkDirectLoadingStrategy.init(SdkDirectLoadingStrategy.kt:92)\n[build/Unit Tests  ]   | \tat com.android.build.gradle.internal.SdkDirectLoadingStrategy.access$init(SdkDirectLoadingStrategy.kt:46)\n[build/Unit Tests  ]   | \tat com.android.build.gradle.internal.SdkDirectLoadingStrategy$components$2.invoke(SdkDirectLoadingStrategy.kt:71)\n[build/Unit Tests  ]   | \tat com.android.build.gradle.internal.SdkDirectLoadingStrategy$components$2.invoke(SdkDirectLoadingStrategy.kt:70)\n[build/Unit Tests  ]   | \tat kotlin.SynchronizedLazyImpl.getValue(LazyJVM.kt:74)\n[build/Unit Tests  ]   | \tat com.android.build.gradle.internal.SdkDirectLoadingStrategy.getComponents(SdkDirectLoadingStrategy.kt:70)\n[build/Unit Tests  ]   | \tat com.android.build.gradle.internal.SdkDirectLoadingStrategy.loadedSuccessfully(SdkDirectLoadingStrategy.kt:178)\n[build/Unit Tests  ]   | \tat com.android.build.gradle.internal.SdkLoadingStrategy.getTargetBootClasspath(SdkLoadingStrategy.kt:35)\n[build/Unit Tests  ]   | \tat com.android.build.gradle.internal.SdkComponentsBuildService$VersionedSdkLoader$targetBootClasspathProvider$1.call(SdkComponents.kt:171)\n[build/Unit Tests  ]   | \tat com.android.build.gradle.internal.SdkComponentsBuildService$VersionedSdkLoader$targetBootClasspathProvider$1.call(SdkComponents.kt:170)\n[build/Unit Tests  ]   | \tat org.gradle.api.internal.provider.DefaultProvider.calculateOwnValue(DefaultProvider.java:66)\n[build/Unit Tests  ]   | \tat org.gradle.api.internal.provider.AbstractMinimalProvider.calculateValue(AbstractMinimalProvider.java:103)\n[build/Unit Tests  ]   | \tat org.gradle.api.internal.provider.FlatMapProvider.calculateOwnValue(FlatMapProvider.java:50)\n[build/Unit Tests  ]   | \tat org.gradle.api.internal.provider.AbstractMinimalProvider.calculateValue(AbstractMinimalProvider.java:103)\n[build/Unit Tests  ]   | \tat org.gradle.api.internal.provider.TransformBackedProvider.calculateOwnValue(TransformBackedProvider.java:64)\n[build/Unit Tests  ]   | \tat org.gradle.api.internal.provider.AbstractMinimalProvider.get(AbstractMinimalProvider.java:84)\n[build/Unit Tests  ]   | \tat com.android.build.gradle.internal.scope.GlobalScope.getFullBootClasspath(GlobalScope.java:356)\n[build/Unit Tests  ]   | \tat com.android.build.gradle.internal.tasks.R8Task$CreationAction.setBootClasspathForCodeShrinker(R8Task.kt:399)\n[build/Unit Tests  ]   | \tat com.android.build.gradle.internal.tasks.R8Task$CreationAction.configure(R8Task.kt:308)\n[build/Unit Tests  ]   | \tat com.android.build.gradle.internal.tasks.R8Task$CreationAction.configure(R8Task.kt:212)\n[build/Unit Tests  ]   | \tat com.android.build.gradle.internal.tasks.factory.TaskConfigurationActions.execute(TaskFactoryUtils.kt:94)\n[build/Unit Tests  ]   | \tat com.android.build.gradle.internal.tasks.factory.TaskConfigurationActions.execute(TaskFactoryUtils.kt:80)\n[build/Unit Tests  ]   | \tat org.gradle.api.internal.DefaultMutationGuard$2.execute(DefaultMutationGuard.java:44)\n[build/Unit Tests  ]   | \tat org.gradle.api.internal.DefaultMutationGuard$2.execute(DefaultMutationGuard.java:44)\n[build/Unit Tests  ]   | \tat org.gradle.configuration.internal.DefaultUserCodeApplicationContext$CurrentApplication$1.execute(DefaultUserCodeApplicationContext.java:100)\n[build/Unit Tests  ]   | \tat org.gradle.api.internal.DefaultCollectionCallbackActionDecorator$BuildOperationEmittingAction$1.run(DefaultCollectionCallbackActionDecorator.java:95)\n[build/Unit Tests  ]   | \tat org.gradle.internal.operations.DefaultBuildOperationRunner$1.execute(DefaultBuildOperationRunner.java:29)\n[build/Unit Tests  ]   | \tat org.gradle.internal.operations.DefaultBuildOperationRunner$1.execute(DefaultBuildOperationRunner.java:26)\n[build/Unit Tests  ]   | \tat org.gradle.internal.operations.DefaultBuildOperationRunner$3.execute(DefaultBuildOperationRunner.java:75)\n[build/Unit Tests  ]   | \tat org.gradle.internal.operations.DefaultBuildOperationRunner$3.execute(DefaultBuildOperationRunner.java:68)\n[build/Unit Tests  ]   | \tat org.gradle.internal.operations.DefaultBuildOperationRunner.execute(DefaultBuildOperationRunner.java:153)\n[build/Unit Tests  ]   | \tat org.gradle.internal.operations.DefaultBuildOperationRunner.execute(DefaultBuildOperationRunner.java:68)\n[build/Unit Tests  ]   | \tat org.gradle.internal.operations.DefaultBuildOperationRunner.run(DefaultBuildOperationRunner.java:56)\n[build/Unit Tests  ]   | \tat org.gradle.internal.operations.DefaultBuildOperationExecutor.lambda$run$1(DefaultBuildOperationExecutor.java:71)\n[build/Unit Tests  ]   | \tat org.gradle.internal.operations.UnmanagedBuildOperationWrapper.runWithUnmanagedSupport(UnmanagedBuildOperationWrapper.java:45)\n[build/Unit Tests  ]   | \tat org.gradle.internal.operations.DefaultBuildOperationExecutor.run(DefaultBuildOperationExecutor.java:71)\n[build/Unit Tests  ]   | \tat org.gradle.api.internal.DefaultCollectionCallbackActionDecorator$BuildOperationEmittingAction.execute(DefaultCollectionCallbackActionDecorator.java:92)\n[build/Unit Tests  ]   | \tat org.gradle.internal.ImmutableActionSet$SetWithManyActions.execute(ImmutableActionSet.java:329)\n[build/Unit Tests  ]   | \tat org.gradle.api.internal.DefaultDomainObjectCollection.doAdd(DefaultDomainObjectCollection.java:264)\n[build/Unit Tests  ]   | \tat org.gradle.api.internal.DefaultNamedDomainObjectCollection.doAdd(DefaultNamedDomainObjectCollection.java:113)\n[build/Unit Tests  ]   | \tat org.gradle.api.internal.DefaultDomainObjectCollection.add(DefaultDomainObjectCollection.java:258)\n[build/Unit Tests  ]   | \tat org.gradle.api.internal.DefaultNamedDomainObjectCollection$AbstractDomainObjectCreatingProvider.tryCreate(DefaultNamedDomainObjectCollection.java:944)\n[build/Unit Tests  ]   | \t... 185 more\n[build/Unit Tests  ]   | \n[build/Unit Tests  ]   | \n[build/Unit Tests  ]   | * Get more help at https://help.gradle.org\n[build/Unit Tests  ]   | \n[build/Unit Tests  ]   | Deprecated Gradle features were used in this build, making it incompatible with Gradle 8.0.\n[build/Unit Tests  ]   | Use '--warning-mode all' to show the individual deprecation warnings.\n[build/Unit Tests  ]   | See https://docs.gradle.org/7.0.2/userguide/command_line_interface.html#sec:command_line_warnings\n[build/Unit Tests  ]   | \n[build/Unit Tests  ]   | BUILD FAILED in 42s\n[build/Unit Tests  ]   \u274c  Failure - Main Unit tests\n[build/Unit Tests  ] exitcode '1': failure\n[build/Unit Tests  ] \u2b50 Run Post set up JDK 11\n[build/Unit Tests  ]   \ud83d\udc33  docker exec cmd=[node /var/run/act/actions/actions-setup-java@v1/dist/cleanup/index.js] user= workdir=\n[build/Unit Tests  ]   \u2705  Success - Post set up JDK 11\n[build/Unit Tests  ] \ud83c\udfc1  Job failed\n[build/Generate APK]   | \n[build/Generate APK]   | > Configure project :app\n[build/Generate APK]   | Warning: The 'kotlin-android-extensions' Gradle plugin is deprecated. Please use this migration guide (https://goo.gle/kotlin-android-extensions-deprecation) to start working with View Binding (https://developer.android.com/topic/libraries/view-binding) and the 'kotlin-parcelize' plugin.\n[build/Generate APK]   | app: 'annotationProcessor' dependencies won't be recognized as kapt annotation processors. Please change the configuration name to 'kapt' for these artifacts: 'com.github.bumptech.glide:compiler:4.11.0'.\n[build/Generate APK]   | \n[build/Generate APK]   | FAILURE: Build failed with an exception.\n[build/Generate APK]   | \n[build/Generate APK]   | * What went wrong:\n[build/Generate APK]   | Could not determine the dependencies of task ':app:compileDebugJavaWithJavac'.\n[build/Generate APK]   | > Could not resolve all dependencies for configuration ':app:androidJdkImage'.\n[build/Generate APK]   |    > Could not create task ':app:minifyReleaseWithR8'.\n[build/Generate APK]   |       > SDK location not found. Define location with an ANDROID_SDK_ROOT environment variable or by setting the sdk.dir path in your project's local properties file at '/tmp/569e0364-0b80-11ee-a890-af2cc187fc11/collegeconnect-CollegeConnect/local.properties'.\n[build/Generate APK]   | \n[build/Generate APK]   | * Try:\n[build/Generate APK]   | Run with --info or --debug option to get more log output. Run with --scan to get full insights.\n[build/Generate APK]   | \n[build/Generate APK]   | * Exception is:\n[build/Generate APK]   | org.gradle.api.internal.tasks.TaskDependencyResolveException: Could not determine the dependencies of task ':app:compileDebugJavaWithJavac'.\n[build/Generate APK]   | \tat org.gradle.api.internal.tasks.CachingTaskDependencyResolveContext.getDependencies(CachingTaskDependencyResolveContext.java:71)\n[build/Generate APK]   | \tat org.gradle.execution.plan.TaskDependencyResolver.resolveDependenciesFor(TaskDependencyResolver.java:46)\n[build/Generate APK]   | \tat org.gradle.execution.plan.LocalTaskNode.getDependencies(LocalTaskNode.java:163)\n[build/Generate APK]   | \tat org.gradle.execution.plan.LocalTaskNode.resolveDependencies(LocalTaskNode.java:131)\n[build/Generate APK]   | \tat org.gradle.execution.plan.DefaultExecutionPlan.doAddNodes(DefaultExecutionPlan.java:186)\n[build/Generate APK]   | \tat org.gradle.execution.plan.DefaultExecutionPlan.addEntryTasks(DefaultExecutionPlan.java:150)\n[build/Generate APK]   | \tat org.gradle.execution.taskgraph.DefaultTaskExecutionGraph.addEntryTasks(DefaultTaskExecutionGraph.java:157)\n[build/Generate APK]   | \tat org.gradle.execution.TaskNameResolvingBuildConfigurationAction.configure(TaskNameResolvingBuildConfigurationAction.java:49)\n[build/Generate APK]   | \tat org.gradle.execution.DefaultBuildConfigurationActionExecuter.configure(DefaultBuildConfigurationActionExecuter.java:55)\n[build/Generate APK]   | \tat org.gradle.execution.DefaultBuildConfigurationActionExecuter.access$000(DefaultBuildConfigurationActionExecuter.java:26)\n[build/Generate APK]   | \tat org.gradle.execution.DefaultBuildConfigurationActionExecuter$1.proceed(DefaultBuildConfigurationActionExecuter.java:63)\n[build/Generate APK]   | \tat org.gradle.execution.DefaultTasksBuildExecutionAction.configure(DefaultTasksBuildExecutionAction.java:45)\n[build/Generate APK]   | \tat org.gradle.execution.DefaultBuildConfigurationActionExecuter.configure(DefaultBuildConfigurationActionExecuter.java:55)\n[build/Generate APK]   | \tat org.gradle.execution.DefaultBuildConfigurationActionExecuter.access$000(DefaultBuildConfigurationActionExecuter.java:26)\n[build/Generate APK]   | \tat org.gradle.execution.DefaultBuildConfigurationActionExecuter$1.proceed(DefaultBuildConfigurationActionExecuter.java:63)\n[build/Generate APK]   | \tat org.gradle.execution.ExcludedTaskFilteringBuildConfigurationAction.configure(ExcludedTaskFilteringBuildConfigurationAction.java:48)\n[build/Generate APK]   | \tat org.gradle.execution.DefaultBuildConfigurationActionExecuter.configure(DefaultBuildConfigurationActionExecuter.java:55)\n[build/Generate APK]   | \tat org.gradle.execution.DefaultBuildConfigurationActionExecuter.lambda$select$0(DefaultBuildConfigurationActionExecuter.java:42)\n[build/Generate APK]   | \tat org.gradle.internal.Factories$1.create(Factories.java:31)\n[build/Generate APK]   | \tat org.gradle.api.internal.project.DefaultProjectStateRegistry.withMutableStateOfAllProjects(DefaultProjectStateRegistry.java:141)\n[build/Generate APK]   | \tat org.gradle.api.internal.project.DefaultProjectStateRegistry.withMutableStateOfAllProjects(DefaultProjectStateRegistry.java:128)\n[build/Generate APK]   | \tat org.gradle.execution.DefaultBuildConfigurationActionExecuter.select(DefaultBuildConfigurationActionExecuter.java:40)\n[build/Generate APK]   | \tat org.gradle.initialization.DefaultTaskExecutionPreparer.prepareForTaskExecution(DefaultTaskExecutionPreparer.java:38)\n[build/Generate APK]   | \tat org.gradle.initialization.BuildOperationFiringTaskExecutionPreparer$CalculateTaskGraph.populateTaskGraph(BuildOperationFiringTaskExecutionPreparer.java:117)\n[build/Generate APK]   | \tat org.gradle.initialization.BuildOperationFiringTaskExecutionPreparer$CalculateTaskGraph.run(BuildOperationFiringTaskExecutionPreparer.java:68)\n[build/Generate APK]   | \tat org.gradle.internal.operations.DefaultBuildOperationRunner$1.execute(DefaultBuildOperationRunner.java:29)\n[build/Generate APK]   | \tat org.gradle.internal.operations.DefaultBuildOperationRunner$1.execute(DefaultBuildOperationRunner.java:26)\n[build/Generate APK]   | \tat org.gradle.internal.operations.DefaultBuildOperationRunner$3.execute(DefaultBuildOperationRunner.java:75)\n[build/Generate APK]   | \tat org.gradle.internal.operations.DefaultBuildOperationRunner$3.execute(DefaultBuildOperationRunner.java:68)\n[build/Generate APK]   | \tat org.gradle.internal.operations.DefaultBuildOperationRunner.execute(DefaultBuildOperationRunner.java:153)\n[build/Generate APK]   | \tat org.gradle.internal.operations.DefaultBuildOperationRunner.execute(DefaultBuildOperationRunner.java:68)\n[build/Generate APK]   | \tat org.gradle.internal.operations.DefaultBuildOperationRunner.run(DefaultBuildOperationRunner.java:56)\n[build/Generate APK]   | \tat org.gradle.internal.operations.DefaultBuildOperationExecutor.lambda$run$1(DefaultBuildOperationExecutor.java:71)\n[build/Generate APK]   | \tat org.gradle.internal.operations.UnmanagedBuildOperationWrapper.runWithUnmanagedSupport(UnmanagedBuildOperationWrapper.java:45)\n[build/Generate APK]   | \tat org.gradle.internal.operations.DefaultBuildOperationExecutor.run(DefaultBuildOperationExecutor.java:71)\n[build/Generate APK]   | \tat org.gradle.initialization.BuildOperationFiringTaskExecutionPreparer.prepareForTaskExecution(BuildOperationFiringTaskExecutionPreparer.java:56)\n[build/Generate APK]   | \tat org.gradle.initialization.DefaultGradleLauncher.prepareTaskExecution(DefaultGradleLauncher.java:233)\n[build/Generate APK]   | \tat org.gradle.initialization.DefaultGradleLauncher.doClassicBuildStages(DefaultGradleLauncher.java:168)\n[build/Generate APK]   | \tat org.gradle.initialization.DefaultGradleLauncher.doBuildStages(DefaultGradleLauncher.java:149)\n[build/Generate APK]   | \tat org.gradle.initialization.DefaultGradleLauncher.executeTasks(DefaultGradleLauncher.java:125)\n[build/Generate APK]   | \tat org.gradle.internal.invocation.GradleBuildController$1.create(GradleBuildController.java:71)\n[build/Generate APK]   | \tat org.gradle.internal.work.DefaultWorkerLeaseService.withLocks(DefaultWorkerLeaseService.java:213)\n[build/Generate APK]   | \tat org.gradle.internal.invocation.GradleBuildController.doBuild(GradleBuildController.java:67)\n[build/Generate APK]   | \tat org.gradle.internal.invocation.GradleBuildController.run(GradleBuildController.java:56)\n[build/Generate APK]   | \tat org.gradle.tooling.internal.provider.ExecuteBuildActionRunner.run(ExecuteBuildActionRunner.java:31)\n[build/Generate APK]   | \tat org.gradle.launcher.exec.ChainingBuildActionRunner.run(ChainingBuildActionRunner.java:35)\n[build/Generate APK]   | \tat org.gradle.launcher.exec.BuildOutcomeReportingBuildActionRunner.run(BuildOutcomeReportingBuildActionRunner.java:66)\n[build/Generate APK]   | \tat org.gradle.tooling.internal.provider.ValidatingBuildActionRunner.run(ValidatingBuildActionRunner.java:32)\n[build/Generate APK]   | \tat org.gradle.tooling.internal.provider.FileSystemWatchingBuildActionRunner.run(FileSystemWatchingBuildActionRunner.java:90)\n[build/Generate APK]   | \tat org.gradle.launcher.exec.BuildCompletionNotifyingBuildActionRunner.run(BuildCompletionNotifyingBuildActionRunner.java:41)\n[build/Generate APK]   | \tat org.gradle.launcher.exec.RunAsBuildOperationBuildActionRunner$3.call(RunAsBuildOperationBuildActionRunner.java:49)\n[build/Generate APK]   | \tat org.gradle.launcher.exec.RunAsBuildOperationBuildActionRunner$3.call(RunAsBuildOperationBuildActionRunner.java:44)\n[build/Generate APK]   | \tat org.gradle.internal.operations.DefaultBuildOperationRunner$CallableBuildOperationWorker.execute(DefaultBuildOperationRunner.java:200)\n[build/Generate APK]   | \tat org.gradle.internal.operations.DefaultBuildOperationRunner$CallableBuildOperationWorker.execute(DefaultBuildOperationRunner.java:195)\n[build/Generate APK]   | \tat org.gradle.internal.operations.DefaultBuildOperationRunner$3.execute(DefaultBuildOperationRunner.java:75)\n[build/Generate APK]   | \tat org.gradle.internal.operations.DefaultBuildOperationRunner$3.execute(DefaultBuildOperationRunner.java:68)\n[build/Generate APK]   | \tat org.gradle.internal.operations.DefaultBuildOperationRunner.execute(DefaultBuildOperationRunner.java:153)\n[build/Generate APK]   | \tat org.gradle.internal.operations.DefaultBuildOperationRunner.execute(DefaultBuildOperationRunner.java:68)\n[build/Generate APK]   | \tat org.gradle.internal.operations.DefaultBuildOperationRunner.call(DefaultBuildOperationRunner.java:62)\n[build/Generate APK]   | \tat org.gradle.internal.operations.DefaultBuildOperationExecutor.lambda$call$2(DefaultBuildOperationExecutor.java:76)\n[build/Generate APK]   | \tat org.gradle.internal.operations.UnmanagedBuildOperationWrapper.callWithUnmanagedSupport(UnmanagedBuildOperationWrapper.java:54)\n[build/Generate APK]   | \tat org.gradle.internal.operations.DefaultBuildOperationExecutor.call(DefaultBuildOperationExecutor.java:76)\n[build/Generate APK]   | \tat org.gradle.launcher.exec.RunAsBuildOperationBuildActionRunner.run(RunAsBuildOperationBuildActionRunner.java:44)\n[build/Generate APK]   | \tat org.gradle.launcher.exec.InProcessBuildActionExecuter.lambda$execute$0(InProcessBuildActionExecuter.java:59)\n[build/Generate APK]   | \tat org.gradle.composite.internal.DefaultRootBuildState.run(DefaultRootBuildState.java:86)\n[build/Generate APK]   | \tat org.gradle.launcher.exec.InProcessBuildActionExecuter.execute(InProcessBuildActionExecuter.java:58)\n[build/Generate APK]   | \tat org.gradle.launcher.exec.InProcessBuildActionExecuter.execute(InProcessBuildActionExecuter.java:30)\n[build/Generate APK]   | \tat org.gradle.launcher.exec.BuildTreeScopeLifecycleBuildActionExecuter.lambda$execute$0(BuildTreeScopeLifecycleBuildActionExecuter.java:34)\n[build/Generate APK]   | \tat org.gradle.internal.buildtree.BuildTreeState.run(BuildTreeState.java:53)\n[build/Generate APK]   | \tat org.gradle.launcher.exec.BuildTreeScopeLifecycleBuildActionExecuter.execute(BuildTreeScopeLifecycleBuildActionExecuter.java:33)\n[build/Generate APK]   | \tat org.gradle.launcher.exec.BuildTreeScopeLifecycleBuildActionExecuter.execute(BuildTreeScopeLifecycleBuildActionExecuter.java:28)\n[build/Generate APK]   | \tat org.gradle.tooling.internal.provider.ContinuousBuildActionExecuter.execute(ContinuousBuildActionExecuter.java:104)\n[build/Generate APK]   | \tat org.gradle.tooling.internal.provider.ContinuousBuildActionExecuter.execute(ContinuousBuildActionExecuter.java:55)\n[build/Generate APK]   | \tat org.gradle.tooling.internal.provider.SubscribableBuildActionExecuter.execute(SubscribableBuildActionExecuter.java:64)\n[build/Generate APK]   | \tat org.gradle.tooling.internal.provider.SubscribableBuildActionExecuter.execute(SubscribableBuildActionExecuter.java:37)\n[build/Generate APK]   | \tat org.gradle.tooling.internal.provider.SessionScopeLifecycleBuildActionExecuter.lambda$execute$0(SessionScopeLifecycleBuildActionExecuter.java:54)\n[build/Generate APK]   | \tat org.gradle.internal.session.BuildSessionState.run(BuildSessionState.java:67)\n[build/Generate APK]   | \tat org.gradle.tooling.internal.provider.SessionScopeLifecycleBuildActionExecuter.execute(SessionScopeLifecycleBuildActionExecuter.java:50)\n[build/Generate APK]   | \tat org.gradle.tooling.internal.provider.SessionScopeLifecycleBuildActionExecuter.execute(SessionScopeLifecycleBuildActionExecuter.java:36)\n[build/Generate APK]   | \tat org.gradle.tooling.internal.provider.GradleThreadBuildActionExecuter.execute(GradleThreadBuildActionExecuter.java:36)\n[build/Generate APK]   | \tat org.gradle.tooling.internal.provider.GradleThreadBuildActionExecuter.execute(GradleThreadBuildActionExecuter.java:25)\n[build/Generate APK]   | \tat org.gradle.tooling.internal.provider.StartParamsValidatingActionExecuter.execute(StartParamsValidatingActionExecuter.java:59)\n[build/Generate APK]   | \tat org.gradle.tooling.internal.provider.StartParamsValidatingActionExecuter.execute(StartParamsValidatingActionExecuter.java:31)\n[build/Generate APK]   | \tat org.gradle.tooling.internal.provider.SessionFailureReportingActionExecuter.execute(SessionFailureReportingActionExecuter.java:58)\n[build/Generate APK]   | \tat org.gradle.tooling.internal.provider.SessionFailureReportingActionExecuter.execute(SessionFailureReportingActionExecuter.java:42)\n[build/Generate APK]   | \tat org.gradle.tooling.internal.provider.SetupLoggingActionExecuter.execute(SetupLoggingActionExecuter.java:47)\n[build/Generate APK]   | \tat org.gradle.tooling.internal.provider.SetupLoggingActionExecuter.execute(SetupLoggingActionExecuter.java:31)\n[build/Generate APK]   | \tat org.gradle.launcher.daemon.server.exec.ExecuteBuild.doBuild(ExecuteBuild.java:65)\n[build/Generate APK]   | \tat org.gradle.launcher.daemon.server.exec.BuildCommandOnly.execute(BuildCommandOnly.java:37)\n[build/Generate APK]   | \tat org.gradle.launcher.daemon.server.api.DaemonCommandExecution.proceed(DaemonCommandExecution.java:104)\n[build/Generate APK]   | \tat org.gradle.launcher.daemon.server.exec.WatchForDisconnection.execute(WatchForDisconnection.java:39)\n[build/Generate APK]   | \tat org.gradle.launcher.daemon.server.api.DaemonCommandExecution.proceed(DaemonCommandExecution.java:104)\n[build/Generate APK]   | \tat org.gradle.launcher.daemon.server.exec.ResetDeprecationLogger.execute(ResetDeprecationLogger.java:29)\n[build/Generate APK]   | \tat org.gradle.launcher.daemon.server.api.DaemonCommandExecution.proceed(DaemonCommandExecution.java:104)\n[build/Generate APK]   | \tat org.gradle.launcher.daemon.server.exec.RequestStopIfSingleUsedDaemon.execute(RequestStopIfSingleUsedDaemon.java:35)\n[build/Generate APK]   | \tat org.gradle.launcher.daemon.server.api.DaemonCommandExecution.proceed(DaemonCommandExecution.java:104)\n[build/Generate APK]   | \tat org.gradle.launcher.daemon.server.exec.ForwardClientInput$2.create(ForwardClientInput.java:78)\n[build/Generate APK]   | \tat org.gradle.launcher.daemon.server.exec.ForwardClientInput$2.create(ForwardClientInput.java:75)\n[build/Generate APK]   | \tat org.gradle.util.Swapper.swap(Swapper.java:38)\n[build/Generate APK]   | \tat org.gradle.launcher.daemon.server.exec.ForwardClientInput.execute(ForwardClientInput.java:75)\n[build/Generate APK]   | \tat org.gradle.launcher.daemon.server.api.DaemonCommandExecution.proceed(DaemonCommandExecution.java:104)\n[build/Generate APK]   | \tat org.gradle.launcher.daemon.server.exec.LogAndCheckHealth.execute(LogAndCheckHealth.java:55)\n[build/Generate APK]   | \tat org.gradle.launcher.daemon.server.api.DaemonCommandExecution.proceed(DaemonCommandExecution.java:104)\n[build/Generate APK]   | \tat org.gradle.launcher.daemon.server.exec.LogToClient.doBuild(LogToClient.java:63)\n[build/Generate APK]   | \tat org.gradle.launcher.daemon.server.exec.BuildCommandOnly.execute(BuildCommandOnly.java:37)\n[build/Generate APK]   | \tat org.gradle.launcher.daemon.server.api.DaemonCommandExecution.proceed(DaemonCommandExecution.java:104)\n[build/Generate APK]   | \tat org.gradle.launcher.daemon.server.exec.EstablishBuildEnvironment.doBuild(EstablishBuildEnvironment.java:84)\n[build/Generate APK]   | \tat org.gradle.launcher.daemon.server.exec.BuildCommandOnly.execute(BuildCommandOnly.java:37)\n[build/Generate APK]   | \tat org.gradle.launcher.daemon.server.api.DaemonCommandExecution.proceed(DaemonCommandExecution.java:104)\n[build/Generate APK]   | \tat org.gradle.launcher.daemon.server.exec.StartBuildOrRespondWithBusy$1.run(StartBuildOrRespondWithBusy.java:52)\n[build/Generate APK]   | \tat org.gradle.launcher.daemon.server.DaemonStateCoordinator$1.run(DaemonStateCoordinator.java:297)\n[build/Generate APK]   | \tat org.gradle.internal.concurrent.ExecutorPolicy$CatchAndRecordFailures.onExecute(ExecutorPolicy.java:64)\n[build/Generate APK]   | \tat org.gradle.internal.concurrent.ManagedExecutorImpl$1.run(ManagedExecutorImpl.java:48)\n[build/Generate APK]   | \tat org.gradle.internal.concurrent.ThreadFactoryImpl$ManagedThreadRunnable.run(ThreadFactoryImpl.java:56)\n[build/Generate APK]   | Caused by: org.gradle.api.artifacts.ResolveException: Could not resolve all dependencies for configuration ':app:androidJdkImage'.\n[build/Generate APK]   | \tat org.gradle.api.internal.artifacts.ivyservice.ErrorHandlingConfigurationResolver.wrapException(ErrorHandlingConfigurationResolver.java:105)\n[build/Generate APK]   | \tat org.gradle.api.internal.artifacts.ivyservice.ErrorHandlingConfigurationResolver.resolveBuildDependencies(ErrorHandlingConfigurationResolver.java:65)\n[build/Generate APK]   | \tat org.gradle.api.internal.artifacts.configurations.DefaultConfiguration.lambda$resolveGraphForBuildDependenciesIfRequired$6(DefaultConfiguration.java:847)\n[build/Generate APK]   | \tat org.gradle.api.internal.project.DefaultProjectStateRegistry$CalculatedModelValueImpl.update(DefaultProjectStateRegistry.java:362)\n[build/Generate APK]   | \tat org.gradle.api.internal.artifacts.configurations.DefaultConfiguration.resolveGraphForBuildDependenciesIfRequired(DefaultConfiguration.java:843)\n[build/Generate APK]   | \tat org.gradle.api.internal.artifacts.configurations.DefaultConfiguration.access$1800(DefaultConfiguration.java:150)\n[build/Generate APK]   | \tat org.gradle.api.internal.artifacts.configurations.DefaultConfiguration$SelectedArtifactsProvider.getTaskDependencyValue(DefaultConfiguration.java:1335)\n[build/Generate APK]   | \tat org.gradle.api.internal.artifacts.configurations.DefaultConfiguration$SelectedArtifactsProvider.getTaskDependencyValue(DefaultConfiguration.java:1331)\n[build/Generate APK]   | \tat org.gradle.api.internal.artifacts.configurations.DefaultConfiguration$ConfigurationFileCollection.visitDependencies(DefaultConfiguration.java:1374)\n[build/Generate APK]   | \tat org.gradle.api.internal.tasks.CachingTaskDependencyResolveContext$TaskGraphImpl.getNodeValues(CachingTaskDependencyResolveContext.java:114)\n[build/Generate APK]   | \tat org.gradle.internal.graph.CachingDirectedGraphWalker$GraphWithEmptyEdges.getNodeValues(CachingDirectedGraphWalker.java:213)\n[build/Generate APK]   | \tat org.gradle.internal.graph.CachingDirectedGraphWalker.doSearch(CachingDirectedGraphWalker.java:121)\n[build/Generate APK]   | \tat org.gradle.internal.graph.CachingDirectedGraphWalker.findValues(CachingDirectedGraphWalker.java:73)\n[build/Generate APK]   | \tat org.gradle.api.internal.tasks.CachingTaskDependencyResolveContext.getDependencies(CachingTaskDependencyResolveContext.java:69)\n[build/Generate APK]   | \t... 113 more\n[build/Generate APK]   | Caused by: org.gradle.api.internal.tasks.DefaultTaskContainer$TaskCreationException: Could not create task ':app:minifyReleaseWithR8'.\n[build/Generate APK]   | \tat org.gradle.api.internal.tasks.DefaultTaskContainer.taskCreationException(DefaultTaskContainer.java:719)\n[build/Generate APK]   | \tat org.gradle.api.internal.tasks.DefaultTaskContainer.access$600(DefaultTaskContainer.java:77)\n[build/Generate APK]   | \tat org.gradle.api.internal.tasks.DefaultTaskContainer$TaskCreatingProvider.domainObjectCreationException(DefaultTaskContainer.java:711)\n[build/Generate APK]   | \tat org.gradle.api.internal.DefaultNamedDomainObjectCollection$AbstractDomainObjectCreatingProvider.tryCreate(DefaultNamedDomainObjectCollection.java:948)\n[build/Generate APK]   | \tat org.gradle.api.internal.tasks.DefaultTaskContainer$TaskCreatingProvider.access$1401(DefaultTaskContainer.java:658)\n[build/Generate APK]   | \tat org.gradle.api.internal.tasks.DefaultTaskContainer$TaskCreatingProvider$1.run(DefaultTaskContainer.java:684)\n[build/Generate APK]   | \tat org.gradle.internal.operations.DefaultBuildOperationRunner$1.execute(DefaultBuildOperationRunner.java:29)\n[build/Generate APK]   | \tat org.gradle.internal.operations.DefaultBuildOperationRunner$1.execute(DefaultBuildOperationRunner.java:26)\n[build/Generate APK]   | \tat org.gradle.internal.operations.DefaultBuildOperationRunner$3.execute(DefaultBuildOperationRunner.java:75)\n[build/Generate APK]   | \tat org.gradle.internal.operations.DefaultBuildOperationRunner$3.execute(DefaultBuildOperationRunner.java:68)\n[build/Generate APK]   | \tat org.gradle.internal.operations.DefaultBuildOperationRunner.execute(DefaultBuildOperationRunner.java:153)\n[build/Generate APK]   | \tat org.gradle.internal.operations.DefaultBuildOperationRunner.execute(DefaultBuildOperationRunner.java:68)\n[build/Generate APK]   | \tat org.gradle.internal.operations.DefaultBuildOperationRunner.run(DefaultBuildOperationRunner.java:56)\n[build/Generate APK]   | \tat org.gradle.internal.operations.DefaultBuildOperationExecutor.lambda$run$1(DefaultBuildOperationExecutor.java:71)\n[build/Generate APK]   | \tat org.gradle.internal.operations.UnmanagedBuildOperationWrapper.runWithUnmanagedSupport(UnmanagedBuildOperationWrapper.java:45)\n[build/Generate APK]   | \tat org.gradle.internal.operations.DefaultBuildOperationExecutor.run(DefaultBuildOperationExecutor.java:71)\n[build/Generate APK]   | \tat org.gradle.api.internal.tasks.DefaultTaskContainer$TaskCreatingProvider.tryCreate(DefaultTaskContainer.java:680)\n[build/Generate APK]   | \tat org.gradle.api.internal.DefaultNamedDomainObjectCollection$AbstractDomainObjectCreatingProvider.calculateOwnValue(DefaultNamedDomainObjectCollection.java:929)\n[build/Generate APK]   | \tat org.gradle.api.internal.provider.AbstractMinimalProvider.calculateValue(AbstractMinimalProvider.java:103)\n[build/Generate APK]   | \tat org.gradle.api.internal.provider.FlatMapProvider.calculateOwnValue(FlatMapProvider.java:46)\n[build/Generate APK]   | \tat org.gradle.api.internal.provider.AbstractMinimalProvider.calculateValue(AbstractMinimalProvider.java:103)\n[build/Generate APK]   | \tat org.gradle.api.internal.provider.MappingProvider.calculateOwnValue(MappingProvider.java:55)\n[build/Generate APK]   | \tat org.gradle.api.internal.provider.AbstractMinimalProvider.calculateValue(AbstractMinimalProvider.java:103)\n[build/Generate APK]   | \tat org.gradle.api.internal.provider.DefaultProperty.calculateValueFrom(DefaultProperty.java:128)\n[build/Generate APK]   | \tat org.gradle.api.internal.provider.DefaultProperty.calculateValueFrom(DefaultProperty.java:25)\n[build/Generate APK]   | \tat org.gradle.api.internal.provider.AbstractProperty.doCalculateValue(AbstractProperty.java:133)\n[build/Generate APK]   | \tat org.gradle.api.internal.provider.AbstractProperty.calculateOwnValue(AbstractProperty.java:127)\n[build/Generate APK]   | \tat org.gradle.api.internal.provider.AbstractMinimalProvider.calculateValue(AbstractMinimalProvider.java:103)\n[build/Generate APK]   | \tat org.gradle.api.internal.provider.DefaultProperty.calculateValueFrom(DefaultProperty.java:128)\n[build/Generate APK]   | \tat org.gradle.api.internal.provider.DefaultProperty.calculateValueFrom(DefaultProperty.java:25)\n[build/Generate APK]   | \tat org.gradle.api.internal.provider.AbstractProperty.doCalculateValue(AbstractProperty.java:133)\n[build/Generate APK]   | \tat org.gradle.api.internal.provider.AbstractProperty.calculateOwnValue(AbstractProperty.java:127)\n[build/Generate APK]   | \tat org.gradle.api.internal.provider.AbstractMinimalProvider.calculateValue(AbstractMinimalProvider.java:103)\n[build/Generate APK]   | \tat org.gradle.api.internal.provider.DefaultProperty.calculateValueFrom(DefaultProperty.java:128)\n[build/Generate APK]   | \tat org.gradle.api.internal.provider.DefaultProperty.calculateValueFrom(DefaultProperty.java:25)\n[build/Generate APK]   | \tat org.gradle.api.internal.provider.AbstractProperty.doCalculateValue(AbstractProperty.java:133)\n[build/Generate APK]   | \tat org.gradle.api.internal.provider.AbstractProperty.calculateOwnValue(AbstractProperty.java:127)\n[build/Generate APK]   | \tat org.gradle.api.internal.provider.AbstractMinimalProvider.get(AbstractMinimalProvider.java:84)\n[build/Generate APK]   | \tat org.gradle.api.internal.artifacts.dsl.LazyPublishArtifact.getDelegate(LazyPublishArtifact.java:94)\n[build/Generate APK]   | \tat org.gradle.api.internal.artifacts.dsl.LazyPublishArtifact.getName(LazyPublishArtifact.java:64)\n[build/Generate APK]   | \tat org.gradle.util.GUtil.getOrDefault(GUtil.java:167)\n[build/Generate APK]   | \tat org.gradle.api.internal.artifacts.publish.DecoratingPublishArtifact.getName(DecoratingPublishArtifact.java:51)\n[build/Generate APK]   | \tat org.gradle.api.internal.artifacts.publish.DecoratingPublishArtifact_Decorated.getName(Unknown Source)\n[build/Generate APK]   | \tat org.gradle.internal.component.model.DefaultIvyArtifactName.forPublishArtifact(DefaultIvyArtifactName.java:36)\n[build/Generate APK]   | \tat org.gradle.internal.component.local.model.PublishArtifactLocalArtifactMetadata.<init>(PublishArtifactLocalArtifactMetadata.java:40)\n[build/Generate APK]   | \tat org.gradle.internal.component.local.model.DefaultLocalComponentMetadata.addVariant(DefaultLocalComponentMetadata.java:160)\n[build/Generate APK]   | \tat org.gradle.api.internal.artifacts.ivyservice.moduleconverter.DefaultLocalComponentMetadataBuilder$1.visitChildVariant(DefaultLocalComponentMetadataBuilder.java:66)\n[build/Generate APK]   | \tat org.gradle.api.internal.artifacts.configurations.DefaultVariant.visit(DefaultVariant.java:72)\n[build/Generate APK]   | \tat org.gradle.api.internal.artifacts.configurations.DefaultConfigurationPublications.collectVariants(DefaultConfigurationPublications.java:95)\n[build/Generate APK]   | \tat org.gradle.api.internal.artifacts.configurations.DefaultConfiguration.collectVariants(DefaultConfiguration.java:1052)\n[build/Generate APK]   | \tat org.gradle.api.internal.artifacts.ivyservice.moduleconverter.DefaultLocalComponentMetadataBuilder.addConfiguration(DefaultLocalComponentMetadataBuilder.java:53)\n[build/Generate APK]   | \tat org.gradle.api.internal.artifacts.ivyservice.moduleconverter.DefaultRootComponentMetadataBuilder.addConfiguration(DefaultRootComponentMetadataBuilder.java:102)\n[build/Generate APK]   | \tat org.gradle.api.internal.artifacts.ivyservice.moduleconverter.DefaultRootComponentMetadataBuilder.getRootComponentMetadata(DefaultRootComponentMetadataBuilder.java:96)\n[build/Generate APK]   | \tat org.gradle.api.internal.artifacts.ivyservice.moduleconverter.DefaultRootComponentMetadataBuilder.lambda$buildRootComponentMetadata$0(DefaultRootComponentMetadataBuilder.java:86)\n[build/Generate APK]   | \tat org.gradle.api.internal.project.DefaultProjectStateRegistry$ProjectStateImpl.fromMutableState(DefaultProjectStateRegistry.java:267)\n[build/Generate APK]   | \tat org.gradle.api.internal.artifacts.ivyservice.moduleconverter.DefaultRootComponentMetadataBuilder.buildRootComponentMetadata(DefaultRootComponentMetadataBuilder.java:84)\n[build/Generate APK]   | \tat org.gradle.api.internal.artifacts.ivyservice.moduleconverter.DefaultRootComponentMetadataBuilder.toRootComponentMetaData(DefaultRootComponentMetadataBuilder.java:70)\n[build/Generate APK]   | \tat org.gradle.api.internal.artifacts.configurations.DefaultConfiguration.toRootComponentMetaData(DefaultConfiguration.java:1194)\n[build/Generate APK]   | \tat org.gradle.api.internal.artifacts.ivyservice.resolveengine.DefaultArtifactDependencyResolver$DefaultResolveContextToComponentResolver.resolve(DefaultArtifactDependencyResolver.java:227)\n[build/Generate APK]   | \tat org.gradle.api.internal.artifacts.ivyservice.resolveengine.graph.builder.DependencyGraphBuilder.resolve(DependencyGraphBuilder.java:138)\n[build/Generate APK]   | \tat org.gradle.api.internal.artifacts.ivyservice.resolveengine.DefaultArtifactDependencyResolver.resolve(DefaultArtifactDependencyResolver.java:145)\n[build/Generate APK]   | \tat org.gradle.api.internal.artifacts.ivyservice.DefaultConfigurationResolver.resolveBuildDependencies(DefaultConfigurationResolver.java:136)\n[build/Generate APK]   | \tat org.gradle.api.internal.artifacts.ivyservice.ShortCircuitEmptyConfigurationResolver.resolveBuildDependencies(ShortCircuitEmptyConfigurationResolver.java:76)\n[build/Generate APK]   | \tat org.gradle.api.internal.artifacts.ivyservice.ErrorHandlingConfigurationResolver.resolveBuildDependencies(ErrorHandlingConfigurationResolver.java:63)\n[build/Generate APK]   | \t... 125 more\n[build/Generate APK]   | Caused by: com.android.builder.errors.EvalIssueException: SDK location not found. Define location with an ANDROID_SDK_ROOT environment variable or by setting the sdk.dir path in your project's local properties file at '/tmp/569e0364-0b80-11ee-a890-af2cc187fc11/collegeconnect-CollegeConnect/local.properties'.\n[build/Generate APK]   | \tat com.android.builder.errors.IssueReporter.reportError(IssueReporter.kt:109)\n[build/Generate APK]   | \tat com.android.builder.errors.IssueReporter.reportError$default(IssueReporter.kt:105)\n[build/Generate APK]   | \tat com.android.build.gradle.internal.SdkLocator.getSdkLocation(SdkLocator.kt:239)\n[build/Generate APK]   | \tat com.android.build.gradle.internal.SdkDirectLoadingStrategy.loadSdkComponents(SdkDirectLoadingStrategy.kt:97)\n[build/Generate APK]   | \tat com.android.build.gradle.internal.SdkDirectLoadingStrategy.init(SdkDirectLoadingStrategy.kt:92)\n[build/Generate APK]   | \tat com.android.build.gradle.internal.SdkDirectLoadingStrategy.access$init(SdkDirectLoadingStrategy.kt:46)\n[build/Generate APK]   | \tat com.android.build.gradle.internal.SdkDirectLoadingStrategy$components$2.invoke(SdkDirectLoadingStrategy.kt:71)\n[build/Generate APK]   | \tat com.android.build.gradle.internal.SdkDirectLoadingStrategy$components$2.invoke(SdkDirectLoadingStrategy.kt:70)\n[build/Generate APK]   | \tat kotlin.SynchronizedLazyImpl.getValue(LazyJVM.kt:74)\n[build/Generate APK]   | \tat com.android.build.gradle.internal.SdkDirectLoadingStrategy.getComponents(SdkDirectLoadingStrategy.kt:70)\n[build/Generate APK]   | \tat com.android.build.gradle.internal.SdkDirectLoadingStrategy.loadedSuccessfully(SdkDirectLoadingStrategy.kt:178)\n[build/Generate APK]   | \tat com.android.build.gradle.internal.SdkLoadingStrategy.getTargetBootClasspath(SdkLoadingStrategy.kt:35)\n[build/Generate APK]   | \tat com.android.build.gradle.internal.SdkComponentsBuildService$VersionedSdkLoader$targetBootClasspathProvider$1.call(SdkComponents.kt:171)\n[build/Generate APK]   | \tat com.android.build.gradle.internal.SdkComponentsBuildService$VersionedSdkLoader$targetBootClasspathProvider$1.call(SdkComponents.kt:170)\n[build/Generate APK]   | \tat org.gradle.api.internal.provider.DefaultProvider.calculateOwnValue(DefaultProvider.java:66)\n[build/Generate APK]   | \tat org.gradle.api.internal.provider.AbstractMinimalProvider.calculateValue(AbstractMinimalProvider.java:103)\n[build/Generate APK]   | \tat org.gradle.api.internal.provider.FlatMapProvider.calculateOwnValue(FlatMapProvider.java:50)\n[build/Generate APK]   | \tat org.gradle.api.internal.provider.AbstractMinimalProvider.calculateValue(AbstractMinimalProvider.java:103)\n[build/Generate APK]   | \tat org.gradle.api.internal.provider.TransformBackedProvider.calculateOwnValue(TransformBackedProvider.java:64)\n[build/Generate APK]   | \tat org.gradle.api.internal.provider.AbstractMinimalProvider.get(AbstractMinimalProvider.java:84)\n[build/Generate APK]   | \tat com.android.build.gradle.internal.scope.GlobalScope.getFullBootClasspath(GlobalScope.java:356)\n[build/Generate APK]   | \tat com.android.build.gradle.internal.tasks.R8Task$CreationAction.setBootClasspathForCodeShrinker(R8Task.kt:399)\n[build/Generate APK]   | \tat com.android.build.gradle.internal.tasks.R8Task$CreationAction.configure(R8Task.kt:308)\n[build/Generate APK]   | \tat com.android.build.gradle.internal.tasks.R8Task$CreationAction.configure(R8Task.kt:212)\n[build/Generate APK]   | \tat com.android.build.gradle.internal.tasks.factory.TaskConfigurationActions.execute(TaskFactoryUtils.kt:94)\n[build/Generate APK]   | \tat com.android.build.gradle.internal.tasks.factory.TaskConfigurationActions.execute(TaskFactoryUtils.kt:80)\n[build/Generate APK]   | \tat org.gradle.api.internal.DefaultMutationGuard$2.execute(DefaultMutationGuard.java:44)\n[build/Generate APK]   | \tat org.gradle.api.internal.DefaultMutationGuard$2.execute(DefaultMutationGuard.java:44)\n[build/Generate APK]   | \tat org.gradle.configuration.internal.DefaultUserCodeApplicationContext$CurrentApplication$1.execute(DefaultUserCodeApplicationContext.java:100)\n[build/Generate APK]   | \tat org.gradle.api.internal.DefaultCollectionCallbackActionDecorator$BuildOperationEmittingAction$1.run(DefaultCollectionCallbackActionDecorator.java:95)\n[build/Generate APK]   | \tat org.gradle.internal.operations.DefaultBuildOperationRunner$1.execute(DefaultBuildOperationRunner.java:29)\n[build/Generate APK]   | \tat org.gradle.internal.operations.DefaultBuildOperationRunner$1.execute(DefaultBuildOperationRunner.java:26)\n[build/Generate APK]   | \tat org.gradle.internal.operations.DefaultBuildOperationRunner$3.execute(DefaultBuildOperationRunner.java:75)\n[build/Generate APK]   | \tat org.gradle.internal.operations.DefaultBuildOperationRunner$3.execute(DefaultBuildOperationRunner.java:68)\n[build/Generate APK]   | \tat org.gradle.internal.operations.DefaultBuildOperationRunner.execute(DefaultBuildOperationRunner.java:153)\n[build/Generate APK]   | \tat org.gradle.internal.operations.DefaultBuildOperationRunner.execute(DefaultBuildOperationRunner.java:68)\n[build/Generate APK]   | \tat org.gradle.internal.operations.DefaultBuildOperationRunner.run(DefaultBuildOperationRunner.java:56)\n[build/Generate APK]   | \tat org.gradle.internal.operations.DefaultBuildOperationExecutor.lambda$run$1(DefaultBuildOperationExecutor.java:71)\n[build/Generate APK]   | \tat org.gradle.internal.operations.UnmanagedBuildOperationWrapper.runWithUnmanagedSupport(UnmanagedBuildOperationWrapper.java:45)\n[build/Generate APK]   | \tat org.gradle.internal.operations.DefaultBuildOperationExecutor.run(DefaultBuildOperationExecutor.java:71)\n[build/Generate APK]   | \tat org.gradle.api.internal.DefaultCollectionCallbackActionDecorator$BuildOperationEmittingAction.execute(DefaultCollectionCallbackActionDecorator.java:92)\n[build/Generate APK]   | \tat org.gradle.internal.ImmutableActionSet$SetWithManyActions.execute(ImmutableActionSet.java:329)\n[build/Generate APK]   | \tat org.gradle.api.internal.DefaultDomainObjectCollection.doAdd(DefaultDomainObjectCollection.java:264)\n[build/Generate APK]   | \tat org.gradle.api.internal.DefaultNamedDomainObjectCollection.doAdd(DefaultNamedDomainObjectCollection.java:113)\n[build/Generate APK]   | \tat org.gradle.api.internal.DefaultDomainObjectCollection.add(DefaultDomainObjectCollection.java:258)\n[build/Generate APK]   | \tat org.gradle.api.internal.DefaultNamedDomainObjectCollection$AbstractDomainObjectCreatingProvider.tryCreate(DefaultNamedDomainObjectCollection.java:944)\n[build/Generate APK]   | \t... 185 more\n[build/Generate APK]   | \n[build/Generate APK]   | \n[build/Generate APK]   | * Get more help at https://help.gradle.org\n[build/Generate APK]   | \n[build/Generate APK]   | Deprecated Gradle features were used in this build, making it incompatible with Gradle 8.0.\n[build/Generate APK]   | Use '--warning-mode all' to show the individual deprecation warnings.\n[build/Generate APK]   | See https://docs.gradle.org/7.0.2/userguide/command_line_interface.html#sec:command_line_warnings\n[build/Generate APK]   | \n[build/Generate APK]   | BUILD FAILED in 1m 15s\n[build/Generate APK]   \u274c  Failure - Main Build debug APK\n[build/Generate APK] exitcode '1': failure\n[build/Generate APK] \u2b50 Run Post set up JDK 11\n[build/Generate APK]   \ud83d\udc33  docker exec cmd=[node /var/run/act/actions/actions-setup-java@v1/dist/cleanup/index.js] user= workdir=\n[build/Generate APK]   \u2705  Success - Post set up JDK 11\n[build/Generate APK] \ud83c\udfc1  Job failed\n[build/build       ]   | \n[build/build       ]   | > Configure project :app\n[build/build       ]   | Warning: The 'kotlin-android-extensions' Gradle plugin is deprecated. Please use this migration guide (https://goo.gle/kotlin-android-extensions-deprecation) to start working with View Binding (https://developer.android.com/topic/libraries/view-binding) and the 'kotlin-parcelize' plugin.\n[build/build       ]   | app: 'annotationProcessor' dependencies won't be recognized as kapt annotation processors. Please change the configuration name to 'kapt' for these artifacts: 'com.github.bumptech.glide:compiler:4.11.0'.\n[build/build       ]   | \n[build/build       ]   | FAILURE: Build failed with an exception.\n[build/build       ]   | \n[build/build       ]   | * What went wrong:\n[build/build       ]   | Could not determine the dependencies of task ':app:lintVitalRelease'.\n[build/build       ]   | > Could not resolve all dependencies for configuration ':app:releaseRuntimeClasspath'.\n[build/build       ]   |    > Could not create task ':app:minifyReleaseWithR8'.\n[build/build       ]   |       > SDK location not found. Define location with an ANDROID_SDK_ROOT environment variable or by setting the sdk.dir path in your project's local properties file at '/tmp/569e0364-0b80-11ee-a890-af2cc187fc11/collegeconnect-CollegeConnect/local.properties'.\n[build/build       ]   | \n[build/build       ]   | * Try:\n[build/build       ]   | Run with --stacktrace option to get the stack trace. Run with --info or --debug option to get more log output. Run with --scan to get full insights.\n[build/build       ]   | \n[build/build       ]   | * Get more help at https://help.gradle.org\n[build/build       ]   | \n[build/build       ]   | Deprecated Gradle features were used in this build, making it incompatible with Gradle 8.0.\n[build/build       ]   | Use '--warning-mode all' to show the individual deprecation warnings.\n[build/build       ]   | See https://docs.gradle.org/7.0.2/userguide/command_line_interface.html#sec:command_line_warnings\n[build/build       ]   | \n[build/build       ]   | BUILD FAILED in 1m 38s\n[build/build       ]   \u274c  Failure - Main Build with Gradle\n[build/build       ] exitcode '1': failure\n[build/build       ] \u2b50 Run Post set up JDK 11\n[build/build       ]   \ud83d\udc33  docker exec cmd=[node /var/run/act/actions/actions-setup-java@v1/dist/cleanup/index.js] user= workdir=\n[build/build       ]   \u2705  Success - Post set up JDK 11\n[build/build       ] \ud83c\udfc1  Job failed\n",
        "stderr": "Error: Job 'Generate APK' failed\n",
        "workflow": "/tmp/569e0364-0b80-11ee-a890-af2cc187fc11/collegeconnect-CollegeConnect/.github/workflows/android-build-crawler.yml",
        "build_tool": "gradle",
        "elapsed_time": 154.36944818496704
    }
}