{
    "repository": "ConsenSys/ethsigner",
    "stars": 102,
    "language": "java",
    "size": 4731,
    "clone_url": "https://github.com/ConsenSys/ethsigner.git",
    "timestamp": "2023-06-15T17:21:13.695887Z",
    "clone_success": true,
    "number of actions": 0,
    "number_of_test_actions": 1,
    "actions_successful": false,
    "number_of_actions": 2,
    "actions_build_tools": [
        "unknown",
        "gradle"
    ],
    "actions_test_build_tools": [
        "gradle"
    ],
    "actions_data": {
        "failed": true,
        "tests": [],
        "stdout": "[build/Build] \ud83d\ude80  Start image=crawlergpt:latest\n[build/Build]   \ud83d\udc33  docker pull image=crawlergpt:latest platform= username= forcePull=false\n[build/Build]   \ud83d\udc33  docker create image=crawlergpt:latest platform= entrypoint=[\"tail\" \"-f\" \"/dev/null\"] cmd=[]\n[build/Build]   \ud83d\udc33  docker run image=crawlergpt:latest platform= entrypoint=[\"tail\" \"-f\" \"/dev/null\"] cmd=[]\n[build/Build]   \ud83d\udc33  docker exec cmd=[chown -R 1012:1000 /tmp/569e0364-0b80-11ee-a890-af2cc187fc11/ConsenSys-ethsigner] user=0 workdir=\n[build/Build]   \u2601  git clone 'https://github.com/aquasecurity/trivy-action' # ref=2a2157eb22c08c9a1fac99263430307b8d1bc7a2\n[build/Build]   \u2601  git clone 'https://github.com/github/codeql-action' # ref=v1\n[build/Build] \u2b50 Run Main Checkout code\n[build/Build]   \u2705  Success - Main Checkout code\n[build/Build] \u2b50 Run Main Build an image from Dockerfile\n[build/Build]   \ud83d\udc33  docker exec cmd=[bash --noprofile --norc -e -o pipefail /var/run/act/workflow/1] user= workdir=\n[build/Build]   | Downloading https://services.gradle.org/distributions/gradle-7.6-bin.zip\n[build/Build]   | ...........10%............20%...........30%............40%............50%...........60%............70%............80%...........90%............100%\n[build/Build]   | \n[build/Build]   | Welcome to Gradle 7.6!\n[build/Build]   | \n[build/Build]   | Here are the highlights of this release:\n[build/Build]   |  - Added support for Java 19.\n[build/Build]   |  - Introduced `--rerun` flag for individual task rerun.\n[build/Build]   |  - Improved dependency block for test suites to be strongly typed.\n[build/Build]   |  - Added a pluggable system for Java toolchains provisioning.\n[build/Build]   | \n[build/Build]   | For more details see https://docs.gradle.org/7.6/release-notes.html\n[build/Build]   | \n[build/Build]   | To honour the JVM settings for this build a single-use Daemon process will be forked. See https://docs.gradle.org/7.6/userguide/gradle_daemon.html#sec:disabling_the_daemon.\n[build/Build]   | Daemon will be stopped at the end of the build \n[build/Build]   | > Task :ethsigner:compileJava NO-SOURCE\n[build/Build]   | > Task :acceptance-tests:compileJava NO-SOURCE\n[build/Build]   | > Task :ethsigner:app:processResources NO-SOURCE\n[build/Build]   | > Task :ethsigner:commandline:processResources NO-SOURCE\n[build/Build]   | > Task :ethsigner:subcommands:processResources NO-SOURCE\n[build/Build]   | > Task :acceptance-tests:processResources NO-SOURCE\n[build/Build]   | > Task :acceptance-tests:classes UP-TO-DATE\n[build/Build]   | > Task :checkLicensePreparation\n[build/Build]   | > Task :ethsigner:processResources NO-SOURCE\n[build/Build]   | > Task :ethsigner:classes UP-TO-DATE\n[build/Build]   | > Task :ethsigner:jar SKIPPED\n[build/Build]   | > Task :ethsigner:assemble UP-TO-DATE\n[build/Build]   | > Task :processResources NO-SOURCE\n[build/Build]   | > Task :acceptance-tests:jar\n[build/Build]   | > Task :acceptance-tests:assemble\n[build/Build]   | > Task :spotlessInternalRegisterDependencies\n[build/Build]   | > Task :ethsigner:commandline:spotlessGroovy\n[build/Build]   | > Task :ethsigner:subcommands:spotlessGroovy\n[build/Build]   | > Task :ethsigner:app:spotlessGroovy\n[build/Build]   | > Task :acceptance-tests:spotlessGroovy\n[build/Build]   | > Task :ethsigner:commandline:spotlessGroovyCheck\n[build/Build]   | > Task :ethsigner:spotlessGroovy\n[build/Build]   | > Task :ethsigner:spotlessGroovyCheck\n[build/Build]   | > Task :spotlessGroovy\n[build/Build]   | > Task :spotlessGroovyCheck\n[build/Build]   | > Task :acceptance-tests:spotlessGroovyCheck\n[build/Build]   | > Task :ethsigner:app:spotlessGroovyCheck\n[build/Build]   | > Task :ethsigner:subcommands:spotlessGroovyCheck\n[build/Build]   | \n[build/Build]   | > Task :acceptance-tests:spotlessGroovyGradle\n[build/Build]   | Errors occurred while build effective model from /home/runneradmin/.gradle/caches/modules-2/files-2.1/org.eclipse.platform/org.eclipse.swt/3.124.0/2450f5ed5ed07c62c83ad9db003d2f3f96071d3e/org.eclipse.swt-3.124.0.pom:\n[build/Build]   |     'dependencies.dependency.artifactId' for org.eclipse.platform:org.eclipse.swt.${osgi.platform}:jar with value 'org.eclipse.swt.${osgi.platform}' does not match a valid id pattern. in org.eclipse.platform:org.eclipse.swt:3.124.0\n[build/Build]   | \n[build/Build]   | > Task :ethsigner:spotlessGroovyGradle\n[build/Build]   | Errors occurred while build effective model from /home/runneradmin/.gradle/caches/modules-2/files-2.1/org.eclipse.platform/org.eclipse.swt/3.124.0/2450f5ed5ed07c62c83ad9db003d2f3f96071d3e/org.eclipse.swt-3.124.0.pom:\n[build/Build]   |     'dependencies.dependency.artifactId' for org.eclipse.platform:org.eclipse.swt.${osgi.platform}:jar with value 'org.eclipse.swt.${osgi.platform}' does not match a valid id pattern. in org.eclipse.platform:org.eclipse.swt:3.124.0\n[build/Build]   | \n[build/Build]   | > Task :ethsigner:subcommands:spotlessGroovyGradle\n[build/Build]   | Errors occurred while build effective model from /home/runneradmin/.gradle/caches/modules-2/files-2.1/org.eclipse.platform/org.eclipse.swt/3.124.0/2450f5ed5ed07c62c83ad9db003d2f3f96071d3e/org.eclipse.swt-3.124.0.pom:\n[build/Build]   |     'dependencies.dependency.artifactId' for org.eclipse.platform:org.eclipse.swt.${osgi.platform}:jar with value 'org.eclipse.swt.${osgi.platform}' does not match a valid id pattern. in org.eclipse.platform:org.eclipse.swt:3.124.0\n[build/Build]   | \n[build/Build]   | > Task :ethsigner:spotlessGroovyGradleCheck\n[build/Build]   | \n[build/Build]   | > Task :ethsigner:commandline:spotlessGroovyGradle\n[build/Build]   | Errors occurred while build effective model from /home/runneradmin/.gradle/caches/modules-2/files-2.1/org.eclipse.platform/org.eclipse.swt/3.124.0/2450f5ed5ed07c62c83ad9db003d2f3f96071d3e/org.eclipse.swt-3.124.0.pom:\n[build/Build]   |     'dependencies.dependency.artifactId' for org.eclipse.platform:org.eclipse.swt.${osgi.platform}:jar with value 'org.eclipse.swt.${osgi.platform}' does not match a valid id pattern. in org.eclipse.platform:org.eclipse.swt:3.124.0\n[build/Build]   | \n[build/Build]   | > Task :ethsigner:commandline:spotlessGroovyGradleCheck\n[build/Build]   | \n[build/Build]   | > Task :ethsigner:app:spotlessGroovyGradle\n[build/Build]   | \n[build/Build]   | > Task :ethsigner:app:spotlessGroovyGradleCheck\n[build/Build]   | > Task :ethsigner:subcommands:spotlessGroovyGradleCheck\n[build/Build]   | Errors occurred while build effective model from /home/runneradmin/.gradle/caches/modules-2/files-2.1/org.eclipse.platform/org.eclipse.swt/3.124.0/2450f5ed5ed07c62c83ad9db003d2f3f96071d3e/org.eclipse.swt-3.124.0.pom:\n[build/Build]   |     'dependencies.dependency.artifactId' for org.eclipse.platform:org.eclipse.swt.${osgi.platform}:jar with value 'org.eclipse.swt.${osgi.platform}' does not match a valid id pattern. in org.eclipse.platform:org.eclipse.swt:3.124.0\n[build/Build]   | > Task :acceptance-tests:spotlessGroovyGradleCheck\n[build/Build]   | \n[build/Build]   | > Task :spotlessGroovyGradle\n[build/Build]   | Errors occurred while build effective model from /home/runneradmin/.gradle/caches/modules-2/files-2.1/org.eclipse.platform/org.eclipse.swt/3.124.0/2450f5ed5ed07c62c83ad9db003d2f3f96071d3e/org.eclipse.swt-3.124.0.pom:\n[build/Build]   |     'dependencies.dependency.artifactId' for org.eclipse.platform:org.eclipse.swt.${osgi.platform}:jar with value 'org.eclipse.swt.${osgi.platform}' does not match a valid id pattern. in org.eclipse.platform:org.eclipse.swt:3.124.0\n[build/Build]   | \n[build/Build]   | > Task :spotlessGroovyGradleCheck\n[build/Build]   | \n[build/Build]   | > Task :ethsigner:app:spotlessJava\n[build/Build]   | Execution optimizations have been disabled for task ':ethsigner:app:spotlessJava' to ensure correctness due to the following reasons:\n[build/Build]   |   - Gradle detected a problem with the following location: '/tmp/569e0364-0b80-11ee-a890-af2cc187fc11/ConsenSys-ethsigner/ethsigner/app'. Reason: Task ':ethsigner:app:spotlessJava' uses this output of task ':ethsigner:app:spotlessGroovy' without declaring an explicit or implicit dependency. This can lead to incorrect results being produced, depending on what order the tasks are executed. Please refer to https://docs.gradle.org/7.6/userguide/validation_problems.html#implicit_dependency for more details about this problem.\n[build/Build]   |   - Gradle detected a problem with the following location: '/tmp/569e0364-0b80-11ee-a890-af2cc187fc11/ConsenSys-ethsigner/ethsigner/app'. Reason: Task ':ethsigner:app:spotlessJava' uses this output of task ':ethsigner:app:spotlessGroovyGradle' without declaring an explicit or implicit dependency. This can lead to incorrect results being produced, depending on what order the tasks are executed. Please refer to https://docs.gradle.org/7.6/userguide/validation_problems.html#implicit_dependency for more details about this problem.\n[build/Build]   | \n[build/Build]   | > Task :ethsigner:app:spotlessJavaCheck\n[build/Build]   | > Task :ethsigner:app:spotlessCheck\n[build/Build]   | > Task :ethsigner:app:check\n[build/Build]   | \n[build/Build]   | > Task :ethsigner:spotlessJava\n[build/Build]   | Execution optimizations have been disabled for task ':ethsigner:spotlessJava' to ensure correctness due to the following reasons:\n[build/Build]   |   - Gradle detected a problem with the following location: '/tmp/569e0364-0b80-11ee-a890-af2cc187fc11/ConsenSys-ethsigner/ethsigner'. Reason: Task ':ethsigner:spotlessJava' uses this output of task ':ethsigner:app:spotlessGroovy' without declaring an explicit or implicit dependency. This can lead to incorrect results being produced, depending on what order the tasks are executed. Please refer to https://docs.gradle.org/7.6/userguide/validation_problems.html#implicit_dependency for more details about this problem.\n[build/Build]   |   - Gradle detected a problem with the following location: '/tmp/569e0364-0b80-11ee-a890-af2cc187fc11/ConsenSys-ethsigner/ethsigner'. Reason: Task ':ethsigner:spotlessJava' uses this output of task ':ethsigner:app:spotlessGroovyGradle' without declaring an explicit or implicit dependency. This can lead to incorrect results being produced, depending on what order the tasks are executed. Please refer to https://docs.gradle.org/7.6/userguide/validation_problems.html#implicit_dependency for more details about this problem.\n[build/Build]   |   - Gradle detected a problem with the following location: '/tmp/569e0364-0b80-11ee-a890-af2cc187fc11/ConsenSys-ethsigner/ethsigner'. Reason: Task ':ethsigner:spotlessJava' uses this output of task ':ethsigner:app:spotlessJava' without declaring an explicit or implicit dependency. This can lead to incorrect results being produced, depending on what order the tasks are executed. Please refer to https://docs.gradle.org/7.6/userguide/validation_problems.html#implicit_dependency for more details about this problem.\n[build/Build]   |   - Gradle detected a problem with the following location: '/tmp/569e0364-0b80-11ee-a890-af2cc187fc11/ConsenSys-ethsigner/ethsigner'. Reason: Task ':ethsigner:spotlessJava' uses this output of task ':ethsigner:spotlessGroovy' without declaring an explicit or implicit dependency. This can lead to incorrect results being produced, depending on what order the tasks are executed. Please refer to https://docs.gradle.org/7.6/userguide/validation_problems.html#implicit_dependency for more details about this problem.\n[build/Build]   |   - Gradle detected a problem with the following location: '/tmp/569e0364-0b80-11ee-a890-af2cc187fc11/ConsenSys-ethsigner/ethsigner'. Reason: Task ':ethsigner:spotlessJava' uses this output of task ':ethsigner:spotlessGroovyGradle' without declaring an explicit or implicit dependency. This can lead to incorrect results being produced, depending on what order the tasks are executed. Please refer to https://docs.gradle.org/7.6/userguide/validation_problems.html#implicit_dependency for more details about this problem.\n[build/Build]   |   - Gradle detected a problem with the following location: '/tmp/569e0364-0b80-11ee-a890-af2cc187fc11/ConsenSys-ethsigner/ethsigner'. Reason: Task ':ethsigner:spotlessJava' uses this output of task ':ethsigner:commandline:spotlessGroovy' without declaring an explicit or implicit dependency. This can lead to incorrect results being produced, depending on what order the tasks are executed. Please refer to https://docs.gradle.org/7.6/userguide/validation_problems.html#implicit_dependency for more details about this problem.\n[build/Build]   |   - Gradle detected a problem with the following location: '/tmp/569e0364-0b80-11ee-a890-af2cc187fc11/ConsenSys-ethsigner/ethsigner'. Reason: Task ':ethsigner:spotlessJava' uses this output of task ':ethsigner:commandline:spotlessGroovyGradle' without declaring an explicit or implicit dependency. This can lead to incorrect results being produced, depending on what order the tasks are executed. Please refer to https://docs.gradle.org/7.6/userguide/validation_problems.html#implicit_dependency for more details about this problem.\n[build/Build]   |   - Gradle detected a problem with the following location: '/tmp/569e0364-0b80-11ee-a890-af2cc187fc11/ConsenSys-ethsigner/ethsigner'. Reason: Task ':ethsigner:spotlessJava' uses this output of task ':ethsigner:commandline:spotlessJava' without declaring an explicit or implicit dependency. This can lead to incorrect results being produced, depending on what order the tasks are executed. Please refer to https://docs.gradle.org/7.6/userguide/validation_problems.html#implicit_dependency for more details about this problem.\n[build/Build]   |   - Gradle detected a problem with the following location: '/tmp/569e0364-0b80-11ee-a890-af2cc187fc11/ConsenSys-ethsigner/ethsigner'. Reason: Task ':ethsigner:spotlessJava' uses this output of task ':ethsigner:subcommands:spotlessGroovy' without declaring an explicit or implicit dependency. This can lead to incorrect results being produced, depending on what order the tasks are executed. Please refer to https://docs.gradle.org/7.6/userguide/validation_problems.html#implicit_dependency for more details about this problem.\n[build/Build]   |   - Gradle detected a problem with the following location: '/tmp/569e0364-0b80-11ee-a890-af2cc187fc11/ConsenSys-ethsigner/ethsigner'. Reason: Task ':ethsigner:spotlessJava' uses this output of task ':ethsigner:subcommands:spotlessGroovyGradle' without declaring an explicit or implicit dependency. This can lead to incorrect results being produced, depending on what order the tasks are executed. Please refer to https://docs.gradle.org/7.6/userguide/validation_problems.html#implicit_dependency for more details about this problem.\n[build/Build]   |   - Gradle detected a problem with the following location: '/tmp/569e0364-0b80-11ee-a890-af2cc187fc11/ConsenSys-ethsigner/ethsigner'. Reason: Task ':ethsigner:spotlessJava' uses this output of task ':ethsigner:subcommands:spotlessJava' without declaring an explicit or implicit dependency. This can lead to incorrect results being produced, depending on what order the tasks are executed. Please refer to https://docs.gradle.org/7.6/userguide/validation_problems.html#implicit_dependency for more details about this problem.\n[build/Build]   | \n[build/Build]   | > Task :ethsigner:subcommands:spotlessJava\n[build/Build]   | Execution optimizations have been disabled for task ':ethsigner:subcommands:spotlessJava' to ensure correctness due to the following reasons:\n[build/Build]   |   - Gradle detected a problem with the following location: '/tmp/569e0364-0b80-11ee-a890-af2cc187fc11/ConsenSys-ethsigner/ethsigner/subcommands'. Reason: Task ':ethsigner:subcommands:spotlessJava' uses this output of task ':ethsigner:subcommands:spotlessGroovy' without declaring an explicit or implicit dependency. This can lead to incorrect results being produced, depending on what order the tasks are executed. Please refer to https://docs.gradle.org/7.6/userguide/validation_problems.html#implicit_dependency for more details about this problem.\n[build/Build]   |   - Gradle detected a problem with the following location: '/tmp/569e0364-0b80-11ee-a890-af2cc187fc11/ConsenSys-ethsigner/ethsigner/subcommands'. Reason: Task ':ethsigner:subcommands:spotlessJava' uses this output of task ':ethsigner:subcommands:spotlessGroovyGradle' without declaring an explicit or implicit dependency. This can lead to incorrect results being produced, depending on what order the tasks are executed. Please refer to https://docs.gradle.org/7.6/userguide/validation_problems.html#implicit_dependency for more details about this problem.\n[build/Build]   | \n[build/Build]   | > Task :ethsigner:subcommands:spotlessJavaCheck\n[build/Build]   | > Task :ethsigner:subcommands:spotlessCheck\n[build/Build]   | > Task :ethsigner:subcommands:check\n[build/Build]   | \n[build/Build]   | > Task :ethsigner:commandline:spotlessJava\n[build/Build]   | Execution optimizations have been disabled for task ':ethsigner:commandline:spotlessJava' to ensure correctness due to the following reasons:\n[build/Build]   |   - Gradle detected a problem with the following location: '/tmp/569e0364-0b80-11ee-a890-af2cc187fc11/ConsenSys-ethsigner/ethsigner/commandline'. Reason: Task ':ethsigner:commandline:spotlessJava' uses this output of task ':ethsigner:commandline:spotlessGroovy' without declaring an explicit or implicit dependency. This can lead to incorrect results being produced, depending on what order the tasks are executed. Please refer to https://docs.gradle.org/7.6/userguide/validation_problems.html#implicit_dependency for more details about this problem.\n[build/Build]   |   - Gradle detected a problem with the following location: '/tmp/569e0364-0b80-11ee-a890-af2cc187fc11/ConsenSys-ethsigner/ethsigner/commandline'. Reason: Task ':ethsigner:commandline:spotlessJava' uses this output of task ':ethsigner:commandline:spotlessGroovyGradle' without declaring an explicit or implicit dependency. This can lead to incorrect results being produced, depending on what order the tasks are executed. Please refer to https://docs.gradle.org/7.6/userguide/validation_problems.html#implicit_dependency for more details about this problem.\n[build/Build]   | \n[build/Build]   | > Task :acceptance-tests:spotlessJava\n[build/Build]   | Execution optimizations have been disabled for task ':acceptance-tests:spotlessJava' to ensure correctness due to the following reasons:\n[build/Build]   |   - Gradle detected a problem with the following location: '/tmp/569e0364-0b80-11ee-a890-af2cc187fc11/ConsenSys-ethsigner/acceptance-tests'. Reason: Task ':acceptance-tests:spotlessJava' uses this output of task ':acceptance-tests:spotlessGroovy' without declaring an explicit or implicit dependency. This can lead to incorrect results being produced, depending on what order the tasks are executed. Please refer to https://docs.gradle.org/7.6/userguide/validation_problems.html#implicit_dependency for more details about this problem.\n[build/Build]   |   - Gradle detected a problem with the following location: '/tmp/569e0364-0b80-11ee-a890-af2cc187fc11/ConsenSys-ethsigner/acceptance-tests'. Reason: Task ':acceptance-tests:spotlessJava' uses this output of task ':acceptance-tests:spotlessGroovyGradle' without declaring an explicit or implicit dependency. This can lead to incorrect results being produced, depending on what order the tasks are executed. Please refer to https://docs.gradle.org/7.6/userguide/validation_problems.html#implicit_dependency for more details about this problem.\n[build/Build]   | \n[build/Build]   | > Task :ethsigner:commandline:spotlessJavaCheck\n[build/Build]   | > Task :ethsigner:commandline:spotlessCheck\n[build/Build]   | > Task :ethsigner:commandline:check\n[build/Build]   | \n[build/Build]   | > Task :spotlessJava\n[build/Build]   | Execution optimizations have been disabled for task ':spotlessJava' to ensure correctness due to the following reasons:\n[build/Build]   |   - Gradle detected a problem with the following location: '/tmp/569e0364-0b80-11ee-a890-af2cc187fc11/ConsenSys-ethsigner'. Reason: Task ':spotlessJava' uses this output of task ':acceptance-tests:spotlessGroovy' without declaring an explicit or implicit dependency. This can lead to incorrect results being produced, depending on what order the tasks are executed. Please refer to https://docs.gradle.org/7.6/userguide/validation_problems.html#implicit_dependency for more details about this problem.\n[build/Build]   |   - Gradle detected a problem with the following location: '/tmp/569e0364-0b80-11ee-a890-af2cc187fc11/ConsenSys-ethsigner'. Reason: Task ':spotlessJava' uses this output of task ':acceptance-tests:spotlessGroovyGradle' without declaring an explicit or implicit dependency. This can lead to incorrect results being produced, depending on what order the tasks are executed. Please refer to https://docs.gradle.org/7.6/userguide/validation_problems.html#implicit_dependency for more details about this problem.\n[build/Build]   |   - Gradle detected a problem with the following location: '/tmp/569e0364-0b80-11ee-a890-af2cc187fc11/ConsenSys-ethsigner'. Reason: Task ':spotlessJava' uses this output of task ':acceptance-tests:spotlessJava' without declaring an explicit or implicit dependency. This can lead to incorrect results being produced, depending on what order the tasks are executed. Please refer to https://docs.gradle.org/7.6/userguide/validation_problems.html#implicit_dependency for more details about this problem.\n[build/Build]   |   - Gradle detected a problem with the following location: '/tmp/569e0364-0b80-11ee-a890-af2cc187fc11/ConsenSys-ethsigner'. Reason: Task ':spotlessJava' uses this output of task ':spotlessGroovy' without declaring an explicit or implicit dependency. This can lead to incorrect results being produced, depending on what order the tasks are executed. Please refer to https://docs.gradle.org/7.6/userguide/validation_problems.html#implicit_dependency for more details about this problem.\n[build/Build]   |   - Gradle detected a problem with the following location: '/tmp/569e0364-0b80-11ee-a890-af2cc187fc11/ConsenSys-ethsigner'. Reason: Task ':spotlessJava' uses this output of task ':spotlessGroovyGradle' without declaring an explicit or implicit dependency. This can lead to incorrect results being produced, depending on what order the tasks are executed. Please refer to https://docs.gradle.org/7.6/userguide/validation_problems.html#implicit_dependency for more details about this problem.\n[build/Build]   |   - Gradle detected a problem with the following location: '/tmp/569e0364-0b80-11ee-a890-af2cc187fc11/ConsenSys-ethsigner'. Reason: Task ':spotlessJava' uses this output of task ':ethsigner:app:spotlessGroovy' without declaring an explicit or implicit dependency. This can lead to incorrect results being produced, depending on what order the tasks are executed. Please refer to https://docs.gradle.org/7.6/userguide/validation_problems.html#implicit_dependency for more details about this problem.\n[build/Build]   |   - Gradle detected a problem with the following location: '/tmp/569e0364-0b80-11ee-a890-af2cc187fc11/ConsenSys-ethsigner'. Reason: Task ':spotlessJava' uses this output of task ':ethsigner:app:spotlessGroovyGradle' without declaring an explicit or implicit dependency. This can lead to incorrect results being produced, depending on what order the tasks are executed. Please refer to https://docs.gradle.org/7.6/userguide/validation_problems.html#implicit_dependency for more details about this problem.\n[build/Build]   |   - Gradle detected a problem with the following location: '/tmp/569e0364-0b80-11ee-a890-af2cc187fc11/ConsenSys-ethsigner'. Reason: Task ':spotlessJava' uses this output of task ':ethsigner:app:spotlessJava' without declaring an explicit or implicit dependency. This can lead to incorrect results being produced, depending on what order the tasks are executed. Please refer to https://docs.gradle.org/7.6/userguide/validation_problems.html#implicit_dependency for more details about this problem.\n[build/Build]   |   - Gradle detected a problem with the following location: '/tmp/569e0364-0b80-11ee-a890-af2cc187fc11/ConsenSys-ethsigner'. Reason: Task ':spotlessJava' uses this output of task ':ethsigner:spotlessGroovy' without declaring an explicit or implicit dependency. This can lead to incorrect results being produced, depending on what order the tasks are executed. Please refer to https://docs.gradle.org/7.6/userguide/validation_problems.html#implicit_dependency for more details about this problem.\n[build/Build]   |   - Gradle detected a problem with the following location: '/tmp/569e0364-0b80-11ee-a890-af2cc187fc11/ConsenSys-ethsigner'. Reason: Task ':spotlessJava' uses this output of task ':ethsigner:spotlessGroovyGradle' without declaring an explicit or implicit dependency. This can lead to incorrect results being produced, depending on what order the tasks are executed. Please refer to https://docs.gradle.org/7.6/userguide/validation_problems.html#implicit_dependency for more details about this problem.\n[build/Build]   |   - Gradle detected a problem with the following location: '/tmp/569e0364-0b80-11ee-a890-af2cc187fc11/ConsenSys-ethsigner'. Reason: Task ':spotlessJava' uses this output of task ':ethsigner:spotlessJava' without declaring an explicit or implicit dependency. This can lead to incorrect results being produced, depending on what order the tasks are executed. Please refer to https://docs.gradle.org/7.6/userguide/validation_problems.html#implicit_dependency for more details about this problem.\n[build/Build]   |   - Gradle detected a problem with the following location: '/tmp/569e0364-0b80-11ee-a890-af2cc187fc11/ConsenSys-ethsigner'. Reason: Task ':spotlessJava' uses this output of task ':ethsigner:commandline:spotlessGroovy' without declaring an explicit or implicit dependency. This can lead to incorrect results being produced, depending on what order the tasks are executed. Please refer to https://docs.gradle.org/7.6/userguide/validation_problems.html#implicit_dependency for more details about this problem.\n[build/Build]   |   - Gradle detected a problem with the following location: '/tmp/569e0364-0b80-11ee-a890-af2cc187fc11/ConsenSys-ethsigner'. Reason: Task ':spotlessJava' uses this output of task ':ethsigner:commandline:spotlessGroovyGradle' without declaring an explicit or implicit dependency. This can lead to incorrect results being produced, depending on what order the tasks are executed. Please refer to https://docs.gradle.org/7.6/userguide/validation_problems.html#implicit_dependency for more details about this problem.\n[build/Build]   |   - Gradle detected a problem with the following location: '/tmp/569e0364-0b80-11ee-a890-af2cc187fc11/ConsenSys-ethsigner'. Reason: Task ':spotlessJava' uses this output of task ':ethsigner:commandline:spotlessJava' without declaring an explicit or implicit dependency. This can lead to incorrect results being produced, depending on what order the tasks are executed. Please refer to https://docs.gradle.org/7.6/userguide/validation_problems.html#implicit_dependency for more details about this problem.\n[build/Build]   |   - Gradle detected a problem with the following location: '/tmp/569e0364-0b80-11ee-a890-af2cc187fc11/ConsenSys-ethsigner'. Reason: Task ':spotlessJava' uses this output of task ':ethsigner:subcommands:spotlessGroovy' without declaring an explicit or implicit dependency. This can lead to incorrect results being produced, depending on what order the tasks are executed. Please refer to https://docs.gradle.org/7.6/userguide/validation_problems.html#implicit_dependency for more details about this problem.\n[build/Build]   |   - Gradle detected a problem with the following location: '/tmp/569e0364-0b80-11ee-a890-af2cc187fc11/ConsenSys-ethsigner'. Reason: Task ':spotlessJava' uses this output of task ':ethsigner:subcommands:spotlessGroovyGradle' without declaring an explicit or implicit dependency. This can lead to incorrect results being produced, depending on what order the tasks are executed. Please refer to https://docs.gradle.org/7.6/userguide/validation_problems.html#implicit_dependency for more details about this problem.\n[build/Build]   |   - Gradle detected a problem with the following location: '/tmp/569e0364-0b80-11ee-a890-af2cc187fc11/ConsenSys-ethsigner'. Reason: Task ':spotlessJava' uses this output of task ':ethsigner:subcommands:spotlessJava' without declaring an explicit or implicit dependency. This can lead to incorrect results being produced, depending on what order the tasks are executed. Please refer to https://docs.gradle.org/7.6/userguide/validation_problems.html#implicit_dependency for more details about this problem.\n[build/Build]   | \n[build/Build]   | > Task :acceptance-tests:spotlessJavaCheck\n[build/Build]   | > Task :acceptance-tests:spotlessCheck\n[build/Build]   | > Task :acceptance-tests:check\n[build/Build]   | > Task :acceptance-tests:build\n[build/Build]   | > Task :ethsigner:spotlessJavaCheck\n[build/Build]   | > Task :ethsigner:spotlessCheck\n[build/Build]   | > Task :ethsigner:check\n[build/Build]   | > Task :ethsigner:build\n[build/Build]   | > Task :spotlessJavaCheck\n[build/Build]   | > Task :spotlessCheck\n[build/Build]   | > Task :check\n[build/Build]   | \n[build/Build]   | > Task :ethsigner:core:compileJava\n[build/Build]   | WARNING: An illegal reflective access operation has occurred\n[build/Build]   | WARNING: Illegal reflective access by com.google.errorprone.util.ErrorProneTokens$CommentSavingTokenizer (file:/home/runneradmin/.gradle/caches/modules-2/files-2.1/com.google.errorprone/error_prone_check_api/2.11.0/b3e83751bf8efb0f98f960fe7da5af4897189db4/error_prone_check_api-2.11.0.jar) to field com.sun.tools.javac.parser.JavaTokenizer.reader\n[build/Build]   | WARNING: Please consider reporting this to the maintainers of com.google.errorprone.util.ErrorProneTokens$CommentSavingTokenizer\n[build/Build]   | WARNING: Use --illegal-access=warn to enable warnings of further illegal reflective access operations\n[build/Build]   | WARNING: All illegal access operations will be denied in a future release\n[build/Build]   | Note: Some input files use or override a deprecated API.\n[build/Build]   | Note: Recompile with -Xlint:deprecation for details.\n[build/Build]   | \n[build/Build]   | > Task :ethsigner:core:processResources\n[build/Build]   | > Task :ethsigner:core:classes\n[build/Build]   | > Task :ethsigner:core:jar\n[build/Build]   | > Task :ethsigner:core:assemble\n[build/Build]   | > Task :ethsigner:core:spotlessGroovy\n[build/Build]   | > Task :ethsigner:core:spotlessGroovyCheck\n[build/Build]   | \n[build/Build]   | > Task :ethsigner:core:spotlessGroovyGradle\n[build/Build]   | Errors occurred while build effective model from /home/runneradmin/.gradle/caches/modules-2/files-2.1/org.eclipse.platform/org.eclipse.swt/3.124.0/2450f5ed5ed07c62c83ad9db003d2f3f96071d3e/org.eclipse.swt-3.124.0.pom:\n[build/Build]   |     'dependencies.dependency.artifactId' for org.eclipse.platform:org.eclipse.swt.${osgi.platform}:jar with value 'org.eclipse.swt.${osgi.platform}' does not match a valid id pattern. in org.eclipse.platform:org.eclipse.swt:3.124.0\n[build/Build]   | \n[build/Build]   | > Task :ethsigner:core:spotlessGroovyGradleCheck\n[build/Build]   | \n[build/Build]   | > Task :ethsigner:core:spotlessJava\n[build/Build]   | Execution optimizations have been disabled for task ':ethsigner:core:spotlessJava' to ensure correctness due to the following reasons:\n[build/Build]   |   - Gradle detected a problem with the following location: '/tmp/569e0364-0b80-11ee-a890-af2cc187fc11/ConsenSys-ethsigner/ethsigner/core'. Reason: Task ':ethsigner:core:spotlessJava' uses this output of task ':ethsigner:core:compileJava' without declaring an explicit or implicit dependency. This can lead to incorrect results being produced, depending on what order the tasks are executed. Please refer to https://docs.gradle.org/7.6/userguide/validation_problems.html#implicit_dependency for more details about this problem.\n[build/Build]   |   - Gradle detected a problem with the following location: '/tmp/569e0364-0b80-11ee-a890-af2cc187fc11/ConsenSys-ethsigner/ethsigner/core'. Reason: Task ':ethsigner:core:spotlessJava' uses this output of task ':ethsigner:core:processResources' without declaring an explicit or implicit dependency. This can lead to incorrect results being produced, depending on what order the tasks are executed. Please refer to https://docs.gradle.org/7.6/userguide/validation_problems.html#implicit_dependency for more details about this problem.\n[build/Build]   |   - Gradle detected a problem with the following location: '/tmp/569e0364-0b80-11ee-a890-af2cc187fc11/ConsenSys-ethsigner/ethsigner/core'. Reason: Task ':ethsigner:core:spotlessJava' uses this output of task ':ethsigner:core:spotlessGroovy' without declaring an explicit or implicit dependency. This can lead to incorrect results being produced, depending on what order the tasks are executed. Please refer to https://docs.gradle.org/7.6/userguide/validation_problems.html#implicit_dependency for more details about this problem.\n[build/Build]   |   - Gradle detected a problem with the following location: '/tmp/569e0364-0b80-11ee-a890-af2cc187fc11/ConsenSys-ethsigner/ethsigner/core'. Reason: Task ':ethsigner:core:spotlessJava' uses this output of task ':ethsigner:core:spotlessGroovyGradle' without declaring an explicit or implicit dependency. This can lead to incorrect results being produced, depending on what order the tasks are executed. Please refer to https://docs.gradle.org/7.6/userguide/validation_problems.html#implicit_dependency for more details about this problem.\n[build/Build]   | \n[build/Build]   | > Task :ethsigner:core:spotlessJavaCheck\n[build/Build]   | > Task :ethsigner:core:spotlessCheck\n[build/Build]   | > Task :ethsigner:core:check\n[build/Build]   | > Task :ethsigner:core:build\n[build/Build]   | > Task :ethsigner:commandline:compileJava\n[build/Build]   | > Task :ethsigner:commandline:classes\n[build/Build]   | > Task :ethsigner:commandline:jar\n[build/Build]   | > Task :ethsigner:commandline:assemble\n[build/Build]   | > Task :ethsigner:commandline:build\n[build/Build]   | > Task :ethsigner:subcommands:compileJava\n[build/Build]   | > Task :ethsigner:subcommands:classes\n[build/Build]   | > Task :ethsigner:subcommands:jar\n[build/Build]   | > Task :ethsigner:subcommands:assemble\n[build/Build]   | > Task :ethsigner:subcommands:build\n[build/Build]   | > Task :ethsigner:app:compileJava\n[build/Build]   | > Task :ethsigner:app:classes\n[build/Build]   | > Task :compileJava NO-SOURCE\n[build/Build]   | > Task :classes UP-TO-DATE\n[build/Build]   | > Task :jar SKIPPED\n[build/Build]   | > Task :ethsigner:app:jar\n[build/Build]   | > Task :ethsigner:app:assemble\n[build/Build]   | > Task :ethsigner:app:build\n[build/Build]   | > Task :generateLicenseReport\n[build/Build]   | > Task :checkLicense\n[build/Build]   | > Task :startScripts\n[build/Build]   | > Task :distTar\n[build/Build]   | > Task :distZip\n[build/Build]   | > Task :assemble\n[build/Build]   | > Task :build\n[build/Build]   | > Task :dockerDistUntar\n[build/Build]   | \n[build/Build]   | > Task :distDocker FAILED\n[build/Build]   | Got permission denied while trying to connect to the Docker daemon socket at unix:///var/run/docker.sock: Post \"http://%2Fvar%2Frun%2Fdocker.sock/v1.24/build?buildargs=%7B%22BUILD_DATE%22%3A%222023-06-15T17%3A24Z%22%2C%22VCS_REF%22%3A%2253e60e72%22%2C%22VERSION%22%3A%22develop%22%7D&cachefrom=%5B%5D&cgroupparent=&cpuperiod=0&cpuquota=0&cpusetcpus=&cpusetmems=&cpushares=0&dockerfile=Dockerfile&labels=%7B%7D&memory=0&memswap=0&networkmode=default&rm=1&shmsize=0&t=consensys%2Fethsigner%3Adevelop&target=&ulimits=null&version=1\": dial unix /var/run/docker.sock: connect: permission denied\n[build/Build]   | \n[build/Build]   | FAILURE: Build failed with an exception.\n[build/Build]   | \n[build/Build]   | * What went wrong:\n[build/Build]   | Execution failed for task ':distDocker'.\n[build/Build]   | > Process 'command 'sh'' finished with non-zero exit value 1\n[build/Build]   | \n[build/Build]   | * Try:\n[build/Build]   | > Run with --stacktrace option to get the stack trace.\n[build/Build]   | > Run with --info or --debug option to get more log output.\n[build/Build]   | > Run with --scan to get full insights.\n[build/Build]   | \n[build/Build]   | * Get more help at https://help.gradle.org\n[build/Build]   | \n[build/Build]   | Deprecated Gradle features were used in this build, making it incompatible with Gradle 8.0.\n[build/Build]   | \n[build/Build]   | You can use '--warning-mode all' to show the individual deprecation warnings and determine if they come from your own scripts or plugins.\n[build/Build]   | \n[build/Build]   | See https://docs.gradle.org/7.6/userguide/command_line_interface.html#sec:command_line_warnings\n[build/Build]   | \n[build/Build]   | Execution optimizations have been disabled for 7 invalid unit(s) of work during this build to ensure correctness.\n[build/Build]   | Please consult deprecation warnings for more details.\n[build/Build]   | \n[build/Build]   | BUILD FAILED in 1m 52s\n[build/Build]   | 61 actionable tasks: 61 executed\n[build/Build]   \u274c  Failure - Main Build an image from Dockerfile\n[build/Build] exitcode '1': failure\n[build/Build] \ud83c\udfc1  Job failed\n",
        "stderr": "Error: Job 'Build' failed\n",
        "workflow": "/tmp/569e0364-0b80-11ee-a890-af2cc187fc11/ConsenSys-ethsigner/.github/workflows/trivy-analysis-crawler.yml",
        "build_tool": "gradle",
        "elapsed_time": 236.73053574562073
    }
}