{
    "repository": "cqframework/cqf-ruler",
    "stars": 55,
    "language": "java",
    "size": 27107,
    "clone_url": "https://github.com/cqframework/cqf-ruler.git",
    "timestamp": "2023-06-15T16:18:18.724556Z",
    "clone_success": true,
    "number of actions": 0,
    "number_of_test_actions": 1,
    "actions_successful": false,
    "number_of_actions": 3,
    "actions_build_tools": [
        "maven",
        "unknown",
        "maven"
    ],
    "actions_test_build_tools": [
        "maven"
    ],
    "actions_data": {
        "failed": true,
        "tests": [],
        "stdout": "[Check PR/maven] \ud83d\ude80  Start image=crawlergpt:latest\n[Check PR/maven]   \ud83d\udc33  docker pull image=crawlergpt:latest platform= username= forcePull=false\n[Check PR/maven]   \ud83d\udc33  docker create image=crawlergpt:latest platform= entrypoint=[\"tail\" \"-f\" \"/dev/null\"] cmd=[]\n[Check PR/maven]   \ud83d\udc33  docker run image=crawlergpt:latest platform= entrypoint=[\"tail\" \"-f\" \"/dev/null\"] cmd=[]\n[Check PR/maven]   \ud83d\udc33  docker exec cmd=[chown -R 1012:1000 /tmp/569e0364-0b80-11ee-a890-af2cc187fc11/cqframework-cqf-ruler] user=0 workdir=\n[Check PR/maven]   \u2601  git clone 'https://github.com/actions/setup-java' # ref=v3\n[Check PR/maven] Non-terminating error while running 'git clone': some refs were not updated\n[Check PR/maven] \u2b50 Run Main actions/checkout@v3\n[Check PR/maven]   \u2705  Success - Main actions/checkout@v3\n[Check PR/maven] \u2b50 Run Main actions/setup-java@v3\n[Check PR/maven]   \ud83d\udc33  docker cp src=/home/andre-silva/.cache/act/actions-setup-java@v3/ dst=/var/run/act/actions/actions-setup-java@v3/\n[Check PR/maven]   \ud83d\udc33  docker exec cmd=[chown -R 1012:1000 /var/run/act/actions/actions-setup-java@v3/] user=0 workdir=\n[Check PR/maven]   \ud83d\udc33  docker exec cmd=[node /var/run/act/actions/actions-setup-java@v3/dist/setup/index.js] user= workdir=\n[Check PR/maven]   \u2753  ::group::Installed distributions\n[Check PR/maven]   | Trying to resolve the latest version from remote\n[Check PR/maven]   | Resolved latest version as 11.0.19+7\n[Check PR/maven]   | Trying to download...\n[Check PR/maven]   | Downloading Java 11.0.19+7 (Temurin-Hotspot) from https://github.com/adoptium/temurin11-binaries/releases/download/jdk-11.0.19%2B7/OpenJDK11U-jdk_x64_linux_hotspot_11.0.19_7.tar.gz ...\n[Check PR/maven]   \ud83d\udcac  ::debug::Downloading https://github.com/adoptium/temurin11-binaries/releases/download/jdk-11.0.19%252B7/OpenJDK11U-jdk_x64_linux_hotspot_11.0.19_7.tar.gz\n[Check PR/maven]   \ud83d\udcac  ::debug::Destination /tmp/c2c3251b-7d7e-4164-9568-a4d21f80b1c2\n[Check PR/maven]   \ud83d\udcac  ::debug::download complete\n[Check PR/maven]   | Extracting Java archive...\n[Check PR/maven]   \ud83d\udcac  ::debug::Checking tar --version\n[Check PR/maven]   \ud83d\udcac  ::debug::tar (GNU tar) 1.30%0ACopyright (C) 2017 Free Software Foundation, Inc.%0ALicense GPLv3+: GNU GPL version 3 or later <https://gnu.org/licenses/gpl.html>.%0AThis is free software: you are free to change and redistribute it.%0AThere is NO WARRANTY, to the extent permitted by law.%0A%0AWritten by John Gilmore and Jay Fenlason.\n[Check PR/maven]   | [command]/usr/bin/tar xz --warning=no-unknown-keyword -C /tmp/e22e0589-81fa-4141-9a77-f8be1e6cda75 -f /tmp/c2c3251b-7d7e-4164-9568-a4d21f80b1c2\n[Check PR/maven]   \ud83d\udcac  ::debug::Caching tool Java_Temurin-Hotspot_jdk 11.0.19-7 x64\n[Check PR/maven]   \ud83d\udcac  ::debug::source dir: /tmp/e22e0589-81fa-4141-9a77-f8be1e6cda75/jdk-11.0.19+7\n[Check PR/maven]   \ud83d\udcac  ::debug::destination /opt/hostedtoolcache/Java_Temurin-Hotspot_jdk/11.0.19-7/x64\n[Check PR/maven]   \ud83d\udcac  ::debug::finished caching tool\n[Check PR/maven]   | Java 11.0.19+7 was downloaded\n[Check PR/maven]   | Setting Java 11.0.19+7 as the default\n[Check PR/maven]   | Creating toolchains.xml for JDK version 11 from temurin\n[Check PR/maven]   | Writing to /home/runneradmin/.m2/toolchains.xml\n[Check PR/maven]   | \n[Check PR/maven]   | Java configuration:\n[Check PR/maven]   |   Distribution: temurin\n[Check PR/maven]   |   Version: 11.0.19+7\n[Check PR/maven]   |   Path: /opt/hostedtoolcache/Java_Temurin-Hotspot_jdk/11.0.19-7/x64\n[Check PR/maven]   | \n[Check PR/maven]   \u2753  ::endgroup::\n[Check PR/maven]   \u2753 add-matcher /run/act/actions/actions-setup-java@v3/.github/java.json\n[Check PR/maven]   | Creating settings.xml with server-id: github\n[Check PR/maven]   | Writing to /home/runneradmin/.m2/settings.xml\n[Check PR/maven]   \u2705  Success - Main actions/setup-java@v3\n[Check PR/maven]   \u2699  ::set-env:: JAVA_HOME=/opt/hostedtoolcache/Java_Temurin-Hotspot_jdk/11.0.19-7/x64\n[Check PR/maven]   \u2699  ::set-env:: JAVA_HOME_11_X64=/opt/hostedtoolcache/Java_Temurin-Hotspot_jdk/11.0.19-7/x64\n[Check PR/maven]   \u2699  ::set-output:: distribution=Temurin-Hotspot\n[Check PR/maven]   \u2699  ::set-output:: path=/opt/hostedtoolcache/Java_Temurin-Hotspot_jdk/11.0.19-7/x64\n[Check PR/maven]   \u2699  ::set-output:: version=11.0.19+7\n[Check PR/maven]   \u2699  ::add-path:: /opt/hostedtoolcache/Java_Temurin-Hotspot_jdk/11.0.19-7/x64/bin\n[Check PR/maven] \u2b50 Run Main Run Checks\n[Check PR/maven]   \ud83d\udc33  docker exec cmd=[bash --noprofile --norc -e -o pipefail /var/run/act/workflow/2] user= workdir=\n[Check PR/maven]   | [INFO] Scanning for projects...\n[Check PR/maven]   | [INFO] Inspecting build with total of 16 modules...\n[Check PR/maven]   | [INFO] Not installing Nexus Staging features:\n[Check PR/maven]   | [INFO]  * Preexisting staging related goal bindings found in 16 modules.\n[Check PR/maven]   | [INFO] ------------------------------------------------------------------------\n[Check PR/maven]   | [INFO] Reactor Build Order:\n[Check PR/maven]   | [INFO] \n[Check PR/maven]   | [INFO] cqf-ruler                                                          [pom]\n[Check PR/maven]   | [INFO] cqf-ruler-external                                                 [jar]\n[Check PR/maven]   | [INFO] cqf-ruler-core                                                     [jar]\n[Check PR/maven]   | [INFO] cqf-ruler-test                                                     [jar]\n[Check PR/maven]   | [INFO] cqf-ruler-plugin-example                                           [jar]\n[Check PR/maven]   | [INFO] cqf-ruler-plugin                                                   [pom]\n[Check PR/maven]   | [INFO] cqf-ruler-cql                                                      [jar]\n[Check PR/maven]   | [INFO] cqf-ruler-cr                                                       [jar]\n[Check PR/maven]   | [INFO] cqf-ruler-dev-tools                                                [jar]\n[Check PR/maven]   | [INFO] cqf-ruler-security                                                 [jar]\n[Check PR/maven]   | [INFO] cqf-ruler-cpg                                                      [jar]\n[Check PR/maven]   | [INFO] cqf-ruler-cds-hooks                                                [jar]\n[Check PR/maven]   | [INFO] cqf-ruler-case-reporting                                           [jar]\n[Check PR/maven]   | [INFO] cqf-ruler-ra                                                       [jar]\n[Check PR/maven]   | [INFO] cqf-ruler-sdc                                                      [jar]\n[Check PR/maven]   | [INFO] cqf-ruler-server                                                   [war]\n[Check PR/maven]   | [INFO] \n[Check PR/maven]   | [INFO] ------------------< org.opencds.cqf.ruler:cqf-ruler >-------------------\n[Check PR/maven]   | [INFO] Building cqf-ruler 0.14.0-SNAPSHOT                                [1/16]\n[Check PR/maven]   | [INFO] --------------------------------[ pom ]---------------------------------\n[Check PR/maven]   | [INFO] \n[Check PR/maven]   | [INFO] --- maven-enforcer-plugin:3.0.0:enforce (default) @ cqf-ruler ---\n[Check PR/maven]   | [INFO] \n[Check PR/maven]   | [INFO] --- jacoco-maven-plugin:0.8.8:prepare-agent (default-prepare-agent) @ cqf-ruler ---\n[Check PR/maven]   | [INFO] argLine set to -javaagent:/home/runneradmin/.m2/repository/org/jacoco/org.jacoco.agent/0.8.8/org.jacoco.agent-0.8.8-runtime.jar=destfile=/tmp/569e0364-0b80-11ee-a890-af2cc187fc11/cqframework-cqf-ruler/target/jacoco.exec\n[Check PR/maven]   | [INFO] \n[Check PR/maven]   | [INFO] --- maven-javadoc-plugin:3.3.1:jar (attach-javadocs) @ cqf-ruler ---\n[Check PR/maven]   | [INFO] Not executing Javadoc as the project is not a Java classpath-capable package\n[Check PR/maven]   | [INFO] \n[Check PR/maven]   | [INFO] >>> maven-source-plugin:3.2.1:jar (attach-sources) > generate-sources @ cqf-ruler >>>\n[Check PR/maven]   | [INFO] \n[Check PR/maven]   | [INFO] --- maven-enforcer-plugin:3.0.0:enforce (default) @ cqf-ruler ---\n[Check PR/maven]   | [INFO] \n[Check PR/maven]   | [INFO] --- jacoco-maven-plugin:0.8.8:prepare-agent (default-prepare-agent) @ cqf-ruler ---\n[Check PR/maven]   | [INFO] argLine set to -javaagent:/home/runneradmin/.m2/repository/org/jacoco/org.jacoco.agent/0.8.8/org.jacoco.agent-0.8.8-runtime.jar=destfile=/tmp/569e0364-0b80-11ee-a890-af2cc187fc11/cqframework-cqf-ruler/target/jacoco.exec\n[Check PR/maven]   | [INFO] \n[Check PR/maven]   | [INFO] <<< maven-source-plugin:3.2.1:jar (attach-sources) < generate-sources @ cqf-ruler <<<\n[Check PR/maven]   | [INFO] \n[Check PR/maven]   | [INFO] \n[Check PR/maven]   | [INFO] --- maven-source-plugin:3.2.1:jar (attach-sources) @ cqf-ruler ---\n[Check PR/maven]   | [INFO] \n[Check PR/maven]   | [INFO] --- maven-failsafe-plugin:3.0.0-M6:integration-test (default) @ cqf-ruler ---\n[Check PR/maven]   | [INFO] No tests to run.\n[Check PR/maven]   | [INFO] \n[Check PR/maven]   | [INFO] --- jacoco-maven-plugin:0.8.8:report (report) @ cqf-ruler ---\n[Check PR/maven]   | [INFO] Skipping JaCoCo execution due to missing execution data file.\n[Check PR/maven]   | [INFO] \n[Check PR/maven]   | [INFO] >>> spotbugs-maven-plugin:4.5.0.0:check (default) > :spotbugs @ cqf-ruler >>>\n[Check PR/maven]   | [INFO] \n[Check PR/maven]   | [INFO] --- spotbugs-maven-plugin:4.5.0.0:spotbugs (spotbugs) @ cqf-ruler ---\n[Check PR/maven]   | [INFO] \n[Check PR/maven]   | [INFO] <<< spotbugs-maven-plugin:4.5.0.0:check (default) < :spotbugs @ cqf-ruler <<<\n[Check PR/maven]   | [INFO] \n[Check PR/maven]   | [INFO] \n[Check PR/maven]   | [INFO] --- spotbugs-maven-plugin:4.5.0.0:check (default) @ cqf-ruler ---\n[Check PR/maven]   | [INFO] \n[Check PR/maven]   | [INFO] >>> maven-pmd-plugin:3.15.0:check (default) > :pmd @ cqf-ruler >>>\n[Check PR/maven]   | [INFO] \n[Check PR/maven]   | [INFO] --- maven-pmd-plugin:3.15.0:pmd (pmd) @ cqf-ruler ---\n[Check PR/maven]   | [INFO] \n[Check PR/maven]   | [INFO] <<< maven-pmd-plugin:3.15.0:check (default) < :pmd @ cqf-ruler <<<\n[Check PR/maven]   | [INFO] \n[Check PR/maven]   | [INFO] \n[Check PR/maven]   | [INFO] --- maven-pmd-plugin:3.15.0:check (default) @ cqf-ruler ---\n[Check PR/maven]   | [INFO] \n[Check PR/maven]   | [INFO] --- maven-failsafe-plugin:3.0.0-M6:verify (default) @ cqf-ruler ---\n[Check PR/maven]   | [INFO] \n[Check PR/maven]   | [INFO] --- sortpom-maven-plugin:3.0.1:sort (default) @ cqf-ruler ---\n[Check PR/maven]   | [INFO] Sorting file /tmp/569e0364-0b80-11ee-a890-af2cc187fc11/cqframework-cqf-ruler/pom.xml\n[Check PR/maven]   | [INFO] Pom file is already sorted, exiting\n[Check PR/maven]   | [INFO] \n[Check PR/maven]   | [INFO] --------------< org.opencds.cqf.ruler:cqf-ruler-external >--------------\n[Check PR/maven]   | [INFO] Building cqf-ruler-external 0.14.0-SNAPSHOT                       [2/16]\n[Check PR/maven]   | [INFO] --------------------------------[ jar ]---------------------------------\n[Check PR/maven]   | [INFO] \n[Check PR/maven]   | [INFO] --- maven-enforcer-plugin:3.0.0:enforce (default) @ cqf-ruler-external ---\n[Check PR/maven]   | [INFO] \n[Check PR/maven]   | [INFO] --- jacoco-maven-plugin:0.8.8:prepare-agent (default-prepare-agent) @ cqf-ruler-external ---\n[Check PR/maven]   | [INFO] argLine set to -javaagent:/home/runneradmin/.m2/repository/org/jacoco/org.jacoco.agent/0.8.8/org.jacoco.agent-0.8.8-runtime.jar=destfile=/tmp/569e0364-0b80-11ee-a890-af2cc187fc11/cqframework-cqf-ruler/external/target/jacoco.exec\n[Check PR/maven]   | [INFO] \n[Check PR/maven]   | [INFO] --- maven-antrun-plugin:3.0.0:run (default) @ cqf-ruler-external ---\n[Check PR/maven]   | [INFO] Executing tasks\n[Check PR/maven]   | [INFO] ------------------------------------------------------------------------\n[Check PR/maven]   | [INFO] Reactor Summary:\n[Check PR/maven]   | [INFO] \n[Check PR/maven]   | [INFO] cqf-ruler 0.14.0-SNAPSHOT .......................... SUCCESS [ 24.096 s]\n[Check PR/maven]   | [INFO] cqf-ruler-external 0.14.0-SNAPSHOT ................. FAILURE [05:00 min]\n[Check PR/maven]   | [INFO] cqf-ruler-core 0.14.0-SNAPSHOT ..................... SKIPPED\n[Check PR/maven]   | [INFO] cqf-ruler-test 0.14.0-SNAPSHOT ..................... SKIPPED\n[Check PR/maven]   | [INFO] cqf-ruler-plugin-example 1.0.0 ..................... SKIPPED\n[Check PR/maven]   | [INFO] cqf-ruler-plugin 0.14.0-SNAPSHOT ................... SKIPPED\n[Check PR/maven]   | [INFO] cqf-ruler-cql 0.14.0-SNAPSHOT ...................... SKIPPED\n[Check PR/maven]   | [INFO] cqf-ruler-cr 0.14.0-SNAPSHOT ....................... SKIPPED\n[Check PR/maven]   | [INFO] cqf-ruler-dev-tools 0.14.0-SNAPSHOT ................ SKIPPED\n[Check PR/maven]   | [INFO] cqf-ruler-security 0.14.0-SNAPSHOT ................. SKIPPED\n[Check PR/maven]   | [INFO] cqf-ruler-cpg 0.14.0-SNAPSHOT ...................... SKIPPED\n[Check PR/maven]   | [INFO] cqf-ruler-cds-hooks 0.14.0-SNAPSHOT ................ SKIPPED\n[Check PR/maven]   | [INFO] cqf-ruler-case-reporting 0.14.0-SNAPSHOT ........... SKIPPED\n[Check PR/maven]   | [INFO] cqf-ruler-ra 0.14.0-SNAPSHOT ....................... SKIPPED\n[Check PR/maven]   | [INFO] cqf-ruler-sdc 0.14.0-SNAPSHOT ...................... SKIPPED\n[Check PR/maven]   | [INFO] cqf-ruler-server 0.14.0-SNAPSHOT ................... SKIPPED\n[Check PR/maven]   | [INFO] ------------------------------------------------------------------------\n[Check PR/maven]   | [INFO] BUILD FAILURE\n[Check PR/maven]   | [INFO] ------------------------------------------------------------------------\n[Check PR/maven]   | [INFO] Total time:  05:59 min\n[Check PR/maven]   | [INFO] Finished at: 2023-06-15T16:25:47Z\n[Check PR/maven]   | [INFO] ------------------------------------------------------------------------\n[Check PR/maven]   | [ERROR] Failed to execute goal org.apache.maven.plugins:maven-antrun-plugin:3.0.0:run (default) on project cqf-ruler-external: An Ant BuildException has occured: /tmp/569e0364-0b80-11ee-a890-af2cc187fc11/cqframework-cqf-ruler/external/hapi-fhir-jpaserver-starter/src/main/java/ca/uhn/fhir/jpa/starter does not exist.\n[Check PR/maven]   | [ERROR] around Ant part ...<copy todir=\"/tmp/569e0364-0b80-11ee-a890-af2cc187fc11/cqframework-cqf-ruler/external/target/generated-sources/hapi-fhir-jpaserver-starter/java/org/opencds/cqf/external\">... @ 4:175 in /tmp/569e0364-0b80-11ee-a890-af2cc187fc11/cqframework-cqf-ruler/external/target/antrun/build-main.xml\n[Check PR/maven]   | [ERROR] -> [Help 1]\n[Check PR/maven]   | [ERROR] \n[Check PR/maven]   | [ERROR] To see the full stack trace of the errors, re-run Maven with the -e switch.\n[Check PR/maven]   | [ERROR] Re-run Maven using the -X switch to enable full debug logging.\n[Check PR/maven]   | [ERROR] \n[Check PR/maven]   | [ERROR] For more information about the errors and possible solutions, please read the following articles:\n[Check PR/maven]   | [ERROR] [Help 1] http://cwiki.apache.org/confluence/display/MAVEN/MojoExecutionException\n[Check PR/maven]   | [ERROR] \n[Check PR/maven]   | [ERROR] After correcting the problems, you can resume the build with the command\n[Check PR/maven]   | [ERROR]   mvn <args> -rf :cqf-ruler-external\n[Check PR/maven]   \u274c  Failure - Main Run Checks\n[Check PR/maven] exitcode '1': failure\n[Check PR/maven] \u2b50 Run Post actions/setup-java@v3\n[Check PR/maven]   \ud83d\udc33  docker exec cmd=[node /var/run/act/actions/actions-setup-java@v3/dist/cleanup/index.js] user= workdir=\n[Check PR/maven]   \u2705  Success - Post actions/setup-java@v3\n[Check PR/maven] \ud83c\udfc1  Job failed\n",
        "stderr": "Error: Job 'maven' failed\n",
        "workflow": "/tmp/569e0364-0b80-11ee-a890-af2cc187fc11/cqframework-cqf-ruler/.github/workflows/check-pr-crawler.yaml",
        "build_tool": "maven",
        "elapsed_time": 395.79300713539124
    }
}