{
    "repository": "eclipse-sirius/sirius-web",
    "stars": 57,
    "language": "java",
    "size": 6137,
    "clone_url": "https://github.com/eclipse-sirius/sirius-web.git",
    "timestamp": "2023-06-15T17:58:03.098819Z",
    "clone_success": true,
    "number of actions": 0,
    "number_of_test_actions": 1,
    "actions_successful": false,
    "number_of_actions": 1,
    "actions_build_tools": [
        "maven"
    ],
    "actions_test_build_tools": [
        "maven"
    ],
    "actions_data": {
        "failed": true,
        "tests": [],
        "stdout": "[Build and Publish Sample Application/Build] \ud83d\ude80  Start image=crawlergpt:latest\n[Build and Publish Sample Application/Build]   \ud83d\udc33  docker pull image=crawlergpt:latest platform= username= forcePull=false\n[Build and Publish Sample Application/Build]   \ud83d\udc33  docker create image=crawlergpt:latest platform= entrypoint=[\"tail\" \"-f\" \"/dev/null\"] cmd=[]\n[Build and Publish Sample Application/Build]   \ud83d\udc33  docker run image=crawlergpt:latest platform= entrypoint=[\"tail\" \"-f\" \"/dev/null\"] cmd=[]\n[Build and Publish Sample Application/Build]   \ud83d\udc33  docker exec cmd=[chown -R 1012:1000 /tmp/569e0364-0b80-11ee-a890-af2cc187fc11/eclipse-sirius-sirius-web] user=0 workdir=\n[Build and Publish Sample Application/Build]   \u2601  git clone 'https://github.com/actions/setup-node' # ref=v3\n[Build and Publish Sample Application/Build]   \u2601  git clone 'https://github.com/actions/setup-java' # ref=v1.4.3\n[Build and Publish Sample Application/Build] Non-terminating error while running 'git clone': some refs were not updated\n[Build and Publish Sample Application/Build]   \u2601  git clone 'https://github.com/actions/upload-artifact' # ref=v2\n[Build and Publish Sample Application/Build] \u2b50 Run Main Checkout\n[Build and Publish Sample Application/Build]   \u2705  Success - Main Checkout\n[Build and Publish Sample Application/Build] \u2b50 Run Main Setup Node\n[Build and Publish Sample Application/Build]   \ud83d\udc33  docker cp src=/home/andre-silva/.cache/act/actions-setup-node@v3/ dst=/var/run/act/actions/actions-setup-node@v3/\n[Build and Publish Sample Application/Build]   \ud83d\udc33  docker exec cmd=[chown -R 1012:1000 /var/run/act/actions/actions-setup-node@v3/] user=0 workdir=\n[Build and Publish Sample Application/Build]   \ud83d\udc33  docker exec cmd=[node /var/run/act/actions/actions-setup-node@v3/dist/setup/index.js] user= workdir=\n[Build and Publish Sample Application/Build]   \ud83d\udcac  ::debug::isExplicit: \n[Build and Publish Sample Application/Build]   \ud83d\udcac  ::debug::explicit? false\n[Build and Publish Sample Application/Build]   \ud83d\udcac  ::debug::isExplicit: 10.24.1\n[Build and Publish Sample Application/Build]   \ud83d\udcac  ::debug::explicit? true\n[Build and Publish Sample Application/Build]   \ud83d\udcac  ::debug::isExplicit: 12.22.6\n[Build and Publish Sample Application/Build]   \ud83d\udcac  ::debug::explicit? true\n[Build and Publish Sample Application/Build]   \ud83d\udcac  ::debug::isExplicit: 14.17.5\n[Build and Publish Sample Application/Build]   \ud83d\udcac  ::debug::explicit? true\n[Build and Publish Sample Application/Build]   \ud83d\udcac  ::debug::isExplicit: 14.17.6\n[Build and Publish Sample Application/Build]   \ud83d\udcac  ::debug::explicit? true\n[Build and Publish Sample Application/Build]   \ud83d\udcac  ::debug::evaluating 3 versions\n[Build and Publish Sample Application/Build]   \ud83d\udcac  ::debug::match not found\n[Build and Publish Sample Application/Build]   | Attempting to download 18.7...\n[Build and Publish Sample Application/Build]   \ud83d\udcac  ::debug::No manifest cached\n[Build and Publish Sample Application/Build]   \ud83d\udcac  ::debug::Getting manifest from actions/node-versions@main\n[Build and Publish Sample Application/Build]   \ud83d\udcac  ::debug::set auth\n[Build and Publish Sample Application/Build]   \ud83d\udcac  ::debug::check 20.3.0 satisfies 18.7\n[Build and Publish Sample Application/Build]   \ud83d\udcac  ::debug::check 20.2.0 satisfies 18.7\n[Build and Publish Sample Application/Build]   \ud83d\udcac  ::debug::check 20.1.0 satisfies 18.7\n[Build and Publish Sample Application/Build]   \ud83d\udcac  ::debug::check 20.0.0 satisfies 18.7\n[Build and Publish Sample Application/Build]   \ud83d\udcac  ::debug::check 18.16.0 satisfies 18.7\n[Build and Publish Sample Application/Build]   \ud83d\udcac  ::debug::check 18.15.0 satisfies 18.7\n[Build and Publish Sample Application/Build]   \ud83d\udcac  ::debug::check 18.14.2 satisfies 18.7\n[Build and Publish Sample Application/Build]   \ud83d\udcac  ::debug::check 18.14.1 satisfies 18.7\n[Build and Publish Sample Application/Build]   \ud83d\udcac  ::debug::check 18.14.0 satisfies 18.7\n[Build and Publish Sample Application/Build]   \ud83d\udcac  ::debug::check 18.13.0 satisfies 18.7\n[Build and Publish Sample Application/Build]   \ud83d\udcac  ::debug::check 18.12.1 satisfies 18.7\n[Build and Publish Sample Application/Build]   \ud83d\udcac  ::debug::check 18.12.0 satisfies 18.7\n[Build and Publish Sample Application/Build]   \ud83d\udcac  ::debug::check 18.11.0 satisfies 18.7\n[Build and Publish Sample Application/Build]   \ud83d\udcac  ::debug::check 18.10.0 satisfies 18.7\n[Build and Publish Sample Application/Build]   \ud83d\udcac  ::debug::check 18.9.1 satisfies 18.7\n[Build and Publish Sample Application/Build]   \ud83d\udcac  ::debug::check 18.9.0 satisfies 18.7\n[Build and Publish Sample Application/Build]   \ud83d\udcac  ::debug::check 18.8.0 satisfies 18.7\n[Build and Publish Sample Application/Build]   \ud83d\udcac  ::debug::check 18.7.0 satisfies 18.7\n[Build and Publish Sample Application/Build]   \ud83d\udcac  ::debug::x64===x64 && darwin===linux\n[Build and Publish Sample Application/Build]   \ud83d\udcac  ::debug::x64===x64 && linux===linux\n[Build and Publish Sample Application/Build]   \ud83d\udcac  ::debug::matched 18.7.0\n[Build and Publish Sample Application/Build]   | Acquiring 18.7.0 - x64 from https://github.com/actions/node-versions/releases/download/18.7.0-2744549059/node-18.7.0-linux-x64.tar.gz\n[Build and Publish Sample Application/Build]   \ud83d\udcac  ::debug::Downloading https://github.com/actions/node-versions/releases/download/18.7.0-2744549059/node-18.7.0-linux-x64.tar.gz\n[Build and Publish Sample Application/Build]   \ud83d\udcac  ::debug::Destination /tmp/22337b4b-9737-45f4-8e76-c0d82c91cdf0\n[Build and Publish Sample Application/Build]   \ud83d\udcac  ::debug::set auth\n[Build and Publish Sample Application/Build]   \ud83d\udcac  ::debug::download complete\n[Build and Publish Sample Application/Build]   | Extracting ...\n[Build and Publish Sample Application/Build]   \ud83d\udcac  ::debug::Checking tar --version\n[Build and Publish Sample Application/Build]   \ud83d\udcac  ::debug::tar (GNU tar) 1.30%0ACopyright (C) 2017 Free Software Foundation, Inc.%0ALicense GPLv3+: GNU GPL version 3 or later <https://gnu.org/licenses/gpl.html>.%0AThis is free software: you are free to change and redistribute it.%0AThere is NO WARRANTY, to the extent permitted by law.%0A%0AWritten by John Gilmore and Jay Fenlason.\n[Build and Publish Sample Application/Build]   | [command]/usr/bin/tar xz --strip 1 --warning=no-unknown-keyword -C /tmp/758f87ee-5352-473e-8f12-664f87685a2a -f /tmp/22337b4b-9737-45f4-8e76-c0d82c91cdf0\n[Build and Publish Sample Application/Build]   | Adding to the cache ...\n[Build and Publish Sample Application/Build]   \ud83d\udcac  ::debug::Caching tool node 18.7.0 x64\n[Build and Publish Sample Application/Build]   \ud83d\udcac  ::debug::source dir: /tmp/758f87ee-5352-473e-8f12-664f87685a2a\n[Build and Publish Sample Application/Build]   \ud83d\udcac  ::debug::destination /opt/hostedtoolcache/node/18.7.0/x64\n[Build and Publish Sample Application/Build]   \ud83d\udcac  ::debug::finished caching tool\n[Build and Publish Sample Application/Build]   \u2753  ::group::Environment details\n[Build and Publish Sample Application/Build]   | node: v18.7.0\n[Build and Publish Sample Application/Build]   | npm: 8.15.0\n[Build and Publish Sample Application/Build]   | yarn: 1.22.11\n[Build and Publish Sample Application/Build]   \u2753  ::endgroup::\n[Build and Publish Sample Application/Build]   \ud83d\udcac  ::debug::Setting auth in /tmp/.npmrc\n[Build and Publish Sample Application/Build]   \u2753 add-matcher /run/act/actions/actions-setup-node@v3/.github/tsc.json\n[Build and Publish Sample Application/Build]   \u2753 add-matcher /run/act/actions/actions-setup-node@v3/.github/eslint-stylish.json\n[Build and Publish Sample Application/Build]   \u2753 add-matcher /run/act/actions/actions-setup-node@v3/.github/eslint-compact.json\n[Build and Publish Sample Application/Build]   \u2705  Success - Main Setup Node\n[Build and Publish Sample Application/Build]   \u2699  ::set-env:: NPM_CONFIG_USERCONFIG=/tmp/.npmrc\n[Build and Publish Sample Application/Build]   \u2699  ::set-env:: NODE_AUTH_TOKEN=XXXXX-XXXXX-XXXXX-XXXXX\n[Build and Publish Sample Application/Build]   \u2699  ::set-output:: node-version=v18.7.0\n[Build and Publish Sample Application/Build]   \u2699  ::add-path:: /opt/hostedtoolcache/node/18.7.0/x64/bin\n[Build and Publish Sample Application/Build] \u2b50 Run Main Setup Java SDK\n[Build and Publish Sample Application/Build]   \ud83d\udc33  docker cp src=/home/andre-silva/.cache/act/actions-setup-java@v1.4.3/ dst=/var/run/act/actions/actions-setup-java@v1.4.3/\n[Build and Publish Sample Application/Build]   \ud83d\udc33  docker exec cmd=[chown -R 1012:1000 /var/run/act/actions/actions-setup-java@v1.4.3/] user=0 workdir=\n[Build and Publish Sample Application/Build]   \ud83d\udc33  docker exec cmd=[node /var/run/act/actions/actions-setup-java@v1.4.3/dist/setup/index.js] user= workdir=\n[Build and Publish Sample Application/Build]   \ud83d\udcac  ::debug::isExplicit: \n[Build and Publish Sample Application/Build]   \ud83d\udcac  ::debug::explicit? false\n[Build and Publish Sample Application/Build]   \ud83d\udcac  ::debug::evaluating 0 versions\n[Build and Publish Sample Application/Build]   \ud83d\udcac  ::debug::match not found\n[Build and Publish Sample Application/Build]   \ud83d\udcac  ::debug::Downloading JDK from Azul\n[Build and Publish Sample Application/Build]   \ud83d\udcac  ::debug::Searching for files with extension: -linux_x64.tar.gz\n[Build and Publish Sample Application/Build]   \ud83d\udcac  ::debug::Downloading https://static.azul.com/zulu/bin/zulu11.64.19-ca-jdk11.0.19-linux_x64.tar.gz\n[Build and Publish Sample Application/Build]   \ud83d\udcac  ::debug::Downloading /tmp/dc98ea3d-6656-4119-aa25-060d01c02765\n[Build and Publish Sample Application/Build]   \ud83d\udcac  ::debug::download complete\n[Build and Publish Sample Application/Build]   | [command]/usr/bin/tar --version\n[Build and Publish Sample Application/Build]   | tar (GNU tar) 1.30\n[Build and Publish Sample Application/Build]   | Copyright (C) 2017 Free Software Foundation, Inc.\n[Build and Publish Sample Application/Build]   | License GPLv3+: GNU GPL version 3 or later <https://gnu.org/licenses/gpl.html>.\n[Build and Publish Sample Application/Build]   | This is free software: you are free to change and redistribute it.\n[Build and Publish Sample Application/Build]   | There is NO WARRANTY, to the extent permitted by law.\n[Build and Publish Sample Application/Build]   | \n[Build and Publish Sample Application/Build]   | Written by John Gilmore and Jay Fenlason.\n[Build and Publish Sample Application/Build]   | [command]/usr/bin/tar xz --warning=no-unknown-keyword -C /tmp/temp_1634147653 -f /tmp/dc98ea3d-6656-4119-aa25-060d01c02765\n[Build and Publish Sample Application/Build]   \ud83d\udcac  ::debug::jdk extracted to /tmp/temp_1634147653/zulu11.64.19-ca-jdk11.0.19-linux_x64\n[Build and Publish Sample Application/Build]   \ud83d\udcac  ::debug::Caching tool jdk 11.0.19 x64\n[Build and Publish Sample Application/Build]   \ud83d\udcac  ::debug::source dir: /tmp/temp_1634147653/zulu11.64.19-ca-jdk11.0.19-linux_x64\n[Build and Publish Sample Application/Build]   \ud83d\udcac  ::debug::destination /opt/hostedtoolcache/jdk/11.0.19/x64\n[Build and Publish Sample Application/Build]   \ud83d\udcac  ::debug::finished caching tool\n[Build and Publish Sample Application/Build]   \u2699  ::set-output:: path=/opt/hostedtoolcache/jdk/11.0.19/x64\n[Build and Publish Sample Application/Build]   \u2699  ::set-output:: version=11.0.19\n[Build and Publish Sample Application/Build]   \u2753 add-matcher /run/act/actions/actions-setup-java@v1.4.3/.github/java.json\n[Build and Publish Sample Application/Build]   | creating settings.xml with server-id: github; environment variables: username=$GITHUB_ACTOR, password=$GITHUB_TOKEN, and gpg-passphrase=null\n[Build and Publish Sample Application/Build]   \ud83d\udcac  ::debug::created directory /home/runneradmin/.m2\n[Build and Publish Sample Application/Build]   | writing /home/runneradmin/.m2/settings.xml\n[Build and Publish Sample Application/Build]   \u2705  Success - Main Setup Java SDK\n[Build and Publish Sample Application/Build]   \u2699  ::set-env:: JAVA_HOME_11.0.19_x64=/opt/hostedtoolcache/jdk/11.0.19/x64\n[Build and Publish Sample Application/Build]   \u2699  ::set-env:: JAVA_HOME=/opt/hostedtoolcache/jdk/11.0.19/x64\n[Build and Publish Sample Application/Build]   \u2699  ::set-env:: JAVA_HOME_11_0_19_X64=/opt/hostedtoolcache/jdk/11.0.19/x64\n[Build and Publish Sample Application/Build]   \u2699  ::add-path:: /opt/hostedtoolcache/jdk/11.0.19/x64/bin\n[Build and Publish Sample Application/Build] \u2b50 Run Main Build frontend\n[Build and Publish Sample Application/Build]   \ud83d\udc33  docker exec cmd=[bash --noprofile --norc -e -o pipefail /var/run/act/workflow/3] user= workdir=frontend\n[Build and Publish Sample Application/Build]   | npm WARN deprecated svgo@1.3.2: This SVGO version is no longer supported. Upgrade to v2.x.x.\n[Build and Publish Sample Application/Build]   | npm WARN deprecated fontsource-roboto@4.0.0: Package relocated. Please install and migrate to @fontsource/roboto.\n[Build and Publish Sample Application/Build]   | npm ERR! code E403\n[Build and Publish Sample Application/Build]   | npm ERR! 403 403 Forbidden - GET https://npm.pkg.github.com/download/@eclipse-sirius/sirius-components-validation/2022.9.0/7126ca7a5381748e963cf11978d98617f968bb9e - Permission permission_denied: The token provided does not match expected scopes.\n[Build and Publish Sample Application/Build]   | npm ERR! 403 In most cases, you or one of your dependencies are requesting\n[Build and Publish Sample Application/Build]   | npm ERR! 403 a package version that is forbidden by your security policy, or\n[Build and Publish Sample Application/Build]   | npm ERR! 403 on a server you do not have access to.\n[Build and Publish Sample Application/Build]   | \n[Build and Publish Sample Application/Build]   | npm ERR! A complete log of this run can be found in:\n[Build and Publish Sample Application/Build]   | npm ERR!     /home/runneradmin/.npm/_logs/2023-06-15T18_00_35_603Z-debug-0.log\n[Build and Publish Sample Application/Build]   \u274c  Failure - Main Build frontend\n[Build and Publish Sample Application/Build] exitcode '1': failure\n[Build and Publish Sample Application/Build] \u2b50 Run Post Setup Java SDK\n[Build and Publish Sample Application/Build]   \ud83d\udc33  docker exec cmd=[node /var/run/act/actions/actions-setup-java@v1.4.3/dist/cleanup/index.js] user= workdir=\n[Build and Publish Sample Application/Build]   \u2705  Success - Post Setup Java SDK\n[Build and Publish Sample Application/Build] \ud83c\udfc1  Job failed\n",
        "stderr": "Error: Job 'Build' failed\n",
        "workflow": "/tmp/569e0364-0b80-11ee-a890-af2cc187fc11/eclipse-sirius-sirius-web/.github/workflows/build-sample-app-crawler.yml",
        "build_tool": "maven",
        "elapsed_time": 194.13210439682007
    }
}