{
    "repository": "Eschatologue/Unlimited-Armament-Works",
    "stars": 88,
    "language": "java",
    "size": 9064,
    "clone_url": "https://github.com/Eschatologue/Unlimited-Armament-Works.git",
    "timestamp": "2023-06-15T18:10:07.386486Z",
    "clone_success": true,
    "number of actions": 0,
    "number_of_test_actions": 1,
    "actions_successful": false,
    "number_of_actions": 1,
    "actions_build_tools": [
        "gradle"
    ],
    "actions_test_build_tools": [
        "gradle"
    ],
    "actions_data": {
        "failed": true,
        "tests": [],
        "stdout": "[Commit Testing/buildJar] \ud83d\ude80  Start image=crawlergpt:latest\n[Commit Testing/buildJar]   \ud83d\udc33  docker pull image=crawlergpt:latest platform= username= forcePull=false\n[Commit Testing/buildJar]   \ud83d\udc33  docker create image=crawlergpt:latest platform= entrypoint=[\"tail\" \"-f\" \"/dev/null\"] cmd=[]\n[Commit Testing/buildJar]   \ud83d\udc33  docker run image=crawlergpt:latest platform= entrypoint=[\"tail\" \"-f\" \"/dev/null\"] cmd=[]\n[Commit Testing/buildJar]   \ud83d\udc33  docker exec cmd=[chown -R 1012:1000 /tmp/569e0364-0b80-11ee-a890-af2cc187fc11/Eschatologue-Unlimited-Armament-Works] user=0 workdir=\n[Commit Testing/buildJar]   \u2601  git clone 'https://github.com/actions/setup-java' # ref=v3\n[Commit Testing/buildJar] Non-terminating error while running 'git clone': some refs were not updated\n[Commit Testing/buildJar]   \u2601  git clone 'https://github.com/actions/upload-artifact' # ref=v3.1.0\n[Commit Testing/buildJar] \u2b50 Run Main Checkout\n[Commit Testing/buildJar]   \u2705  Success - Main Checkout\n[Commit Testing/buildJar] \u2b50 Run Main Set up PATH\n[Commit Testing/buildJar]   \ud83d\udc33  docker exec cmd=[bash --noprofile --norc -e -o pipefail /var/run/act/workflow/1] user= workdir=\n[Commit Testing/buildJar]   \u2705  Success - Main Set up PATH\n[Commit Testing/buildJar]   \u2699  ::add-path:: /build-tools/30.0.1\n[Commit Testing/buildJar] \u2b50 Run Main Set up JDK 17\n[Commit Testing/buildJar]   \ud83d\udc33  docker cp src=/home/andre-silva/.cache/act/actions-setup-java@v3/ dst=/var/run/act/actions/actions-setup-java@v3/\n[Commit Testing/buildJar]   \ud83d\udc33  docker exec cmd=[chown -R 1012:1000 /var/run/act/actions/actions-setup-java@v3/] user=0 workdir=\n[Commit Testing/buildJar]   \ud83d\udc33  docker exec cmd=[node /var/run/act/actions/actions-setup-java@v3/dist/setup/index.js] user= workdir=\n[Commit Testing/buildJar]   \u2753  ::group::Installed distributions\n[Commit Testing/buildJar]   | Trying to resolve the latest version from remote\n[Commit Testing/buildJar]   | Resolved latest version as 17.0.7+7\n[Commit Testing/buildJar]   | Trying to download...\n[Commit Testing/buildJar]   | Downloading Java 17.0.7+7 (Temurin-Hotspot) from https://github.com/adoptium/temurin17-binaries/releases/download/jdk-17.0.7%2B7/OpenJDK17U-jdk_x64_linux_hotspot_17.0.7_7.tar.gz ...\n[Commit Testing/buildJar]   \ud83d\udcac  ::debug::Downloading https://github.com/adoptium/temurin17-binaries/releases/download/jdk-17.0.7%252B7/OpenJDK17U-jdk_x64_linux_hotspot_17.0.7_7.tar.gz\n[Commit Testing/buildJar]   \ud83d\udcac  ::debug::Destination /tmp/49a5a4b4-afe0-4a80-ae96-6103a789c8bc\n[Commit Testing/buildJar]   \ud83d\udcac  ::debug::download complete\n[Commit Testing/buildJar]   | Extracting Java archive...\n[Commit Testing/buildJar]   \ud83d\udcac  ::debug::Checking tar --version\n[Commit Testing/buildJar]   \ud83d\udcac  ::debug::tar (GNU tar) 1.30%0ACopyright (C) 2017 Free Software Foundation, Inc.%0ALicense GPLv3+: GNU GPL version 3 or later <https://gnu.org/licenses/gpl.html>.%0AThis is free software: you are free to change and redistribute it.%0AThere is NO WARRANTY, to the extent permitted by law.%0A%0AWritten by John Gilmore and Jay Fenlason.\n[Commit Testing/buildJar]   | [command]/usr/bin/tar xz --warning=no-unknown-keyword -C /tmp/4f0744f4-e51d-4d1b-8a20-a590454f369f -f /tmp/49a5a4b4-afe0-4a80-ae96-6103a789c8bc\n[Commit Testing/buildJar]   \ud83d\udcac  ::debug::Caching tool Java_Temurin-Hotspot_jdk 17.0.7-7 x64\n[Commit Testing/buildJar]   \ud83d\udcac  ::debug::source dir: /tmp/4f0744f4-e51d-4d1b-8a20-a590454f369f/jdk-17.0.7+7\n[Commit Testing/buildJar]   \ud83d\udcac  ::debug::destination /opt/hostedtoolcache/Java_Temurin-Hotspot_jdk/17.0.7-7/x64\n[Commit Testing/buildJar]   \ud83d\udcac  ::debug::finished caching tool\n[Commit Testing/buildJar]   | Java 17.0.7+7 was downloaded\n[Commit Testing/buildJar]   | Setting Java 17.0.7+7 as the default\n[Commit Testing/buildJar]   | Creating toolchains.xml for JDK version 17 from temurin\n[Commit Testing/buildJar]   | Writing to /home/runneradmin/.m2/toolchains.xml\n[Commit Testing/buildJar]   | \n[Commit Testing/buildJar]   | Java configuration:\n[Commit Testing/buildJar]   |   Distribution: temurin\n[Commit Testing/buildJar]   |   Version: 17.0.7+7\n[Commit Testing/buildJar]   |   Path: /opt/hostedtoolcache/Java_Temurin-Hotspot_jdk/17.0.7-7/x64\n[Commit Testing/buildJar]   | \n[Commit Testing/buildJar]   \u2753  ::endgroup::\n[Commit Testing/buildJar]   \u2753 add-matcher /run/act/actions/actions-setup-java@v3/.github/java.json\n[Commit Testing/buildJar]   | Creating settings.xml with server-id: github\n[Commit Testing/buildJar]   | Writing to /home/runneradmin/.m2/settings.xml\n[Commit Testing/buildJar]   \u2705  Success - Main Set up JDK 17\n[Commit Testing/buildJar]   \u2699  ::set-env:: JAVA_HOME=/opt/hostedtoolcache/Java_Temurin-Hotspot_jdk/17.0.7-7/x64\n[Commit Testing/buildJar]   \u2699  ::set-env:: JAVA_HOME_17_X64=/opt/hostedtoolcache/Java_Temurin-Hotspot_jdk/17.0.7-7/x64\n[Commit Testing/buildJar]   \u2699  ::set-output:: distribution=Temurin-Hotspot\n[Commit Testing/buildJar]   \u2699  ::set-output:: path=/opt/hostedtoolcache/Java_Temurin-Hotspot_jdk/17.0.7-7/x64\n[Commit Testing/buildJar]   \u2699  ::set-output:: version=17.0.7+7\n[Commit Testing/buildJar]   \u2699  ::add-path:: /opt/hostedtoolcache/Java_Temurin-Hotspot_jdk/17.0.7-7/x64/bin\n[Commit Testing/buildJar] \u2b50 Run Main Build mod jar\n[Commit Testing/buildJar]   \ud83d\udc33  docker exec cmd=[bash --noprofile --norc -e -o pipefail /var/run/act/workflow/3] user= workdir=\n[Commit Testing/buildJar]   | Downloading https://services.gradle.org/distributions/gradle-7.4.2-bin.zip\n[Commit Testing/buildJar]   | ..............................................................................................................\n[Commit Testing/buildJar]   | \n[Commit Testing/buildJar]   | Welcome to Gradle 7.4.2!\n[Commit Testing/buildJar]   | \n[Commit Testing/buildJar]   | Here are the highlights of this release:\n[Commit Testing/buildJar]   |  - Aggregated test and JaCoCo reports\n[Commit Testing/buildJar]   |  - Marking additional test source directories as tests in IntelliJ\n[Commit Testing/buildJar]   |  - Support for Adoptium JDKs in Java toolchains\n[Commit Testing/buildJar]   | \n[Commit Testing/buildJar]   | For more details see https://docs.gradle.org/7.4.2/release-notes.html\n[Commit Testing/buildJar]   | \n[Commit Testing/buildJar]   | Starting a Gradle Daemon (subsequent builds will be faster)\n[Commit Testing/buildJar]   | \n[Commit Testing/buildJar]   | > Task :compileJava\n[Commit Testing/buildJar]   | Note: /tmp/569e0364-0b80-11ee-a890-af2cc187fc11/Eschatologue-Unlimited-Armament-Works/src/UAW/content/UAWUnitTypes.java uses or overrides a deprecated API.\n[Commit Testing/buildJar]   | Note: Recompile with -Xlint:deprecation for details.\n[Commit Testing/buildJar]   | \n[Commit Testing/buildJar]   | > Task :processResources NO-SOURCE\n[Commit Testing/buildJar]   | > Task :classes\n[Commit Testing/buildJar]   | > Task :jar\n[Commit Testing/buildJar]   | > Task :jarAndroid FAILED\n[Commit Testing/buildJar]   | \n[Commit Testing/buildJar]   | FAILURE: Build failed with an exception.\n[Commit Testing/buildJar]   | \n[Commit Testing/buildJar]   | * Where:\n[Commit Testing/buildJar]   | Build file '/tmp/569e0364-0b80-11ee-a890-af2cc187fc11/Eschatologue-Unlimited-Armament-Works/build.gradle' line: 46\n[Commit Testing/buildJar]   | \n[Commit Testing/buildJar]   | * What went wrong:\n[Commit Testing/buildJar]   | Execution failed for task ':jarAndroid'.\n[Commit Testing/buildJar]   | > No valid Android SDK found. Ensure that ANDROID_HOME is set to your Android SDK directory.\n[Commit Testing/buildJar]   | \n[Commit Testing/buildJar]   | * Try:\n[Commit Testing/buildJar]   | > Run with --stacktrace option to get the stack trace.\n[Commit Testing/buildJar]   | > Run with --info or --debug option to get more log output.\n[Commit Testing/buildJar]   | > Run with --scan to get full insights.\n[Commit Testing/buildJar]   | \n[Commit Testing/buildJar]   | * Get more help at https://help.gradle.org\n[Commit Testing/buildJar]   | \n[Commit Testing/buildJar]   | BUILD FAILED in 31s\n[Commit Testing/buildJar]   | 3 actionable tasks: 3 executed\n[Commit Testing/buildJar]   \u274c  Failure - Main Build mod jar\n[Commit Testing/buildJar] exitcode '1': failure\n[Commit Testing/buildJar] \u2b50 Run Post Set up JDK 17\n[Commit Testing/buildJar]   \ud83d\udc33  docker exec cmd=[node /var/run/act/actions/actions-setup-java@v3/dist/cleanup/index.js] user= workdir=\n[Commit Testing/buildJar]   \u2705  Success - Post Set up JDK 17\n[Commit Testing/buildJar] \ud83c\udfc1  Job failed\n",
        "stderr": "Error: Job 'buildJar' failed\n",
        "workflow": "/tmp/569e0364-0b80-11ee-a890-af2cc187fc11/Eschatologue-Unlimited-Armament-Works/.github/workflows/gradle-crawler.yml",
        "build_tool": "gradle",
        "elapsed_time": 119.81584334373474
    }
}