{
    "repository": "fennifith/ColorPickerDialog",
    "stars": 131,
    "language": "java",
    "size": 2272,
    "clone_url": "https://github.com/fennifith/ColorPickerDialog.git",
    "timestamp": "2023-06-15T16:26:37.212265Z",
    "clone_success": true,
    "number of actions": 0,
    "number_of_test_actions": 1,
    "actions_successful": false,
    "number_of_actions": 1,
    "actions_build_tools": [
        "gradle"
    ],
    "actions_test_build_tools": [
        "gradle"
    ],
    "actions_data": {
        "failed": true,
        "tests": [],
        "stdout": "[Gradle Build/Run tests] \ud83d\ude80  Start image=crawlergpt:latest\n[Gradle Build/Run tests]   \ud83d\udc33  docker pull image=crawlergpt:latest platform= username= forcePull=false\n[Gradle Build/Run tests]   \ud83d\udc33  docker create image=crawlergpt:latest platform= entrypoint=[\"tail\" \"-f\" \"/dev/null\"] cmd=[]\n[Gradle Build/Run tests]   \ud83d\udc33  docker run image=crawlergpt:latest platform= entrypoint=[\"tail\" \"-f\" \"/dev/null\"] cmd=[]\n[Gradle Build/Run tests]   \ud83d\udc33  docker exec cmd=[chown -R 1012:1000 /tmp/569e0364-0b80-11ee-a890-af2cc187fc11/fennifith-ColorPickerDialog] user=0 workdir=\n[Gradle Build/Run tests]   \u2601  git clone 'https://github.com/joschi/setup-jdk' # ref=v2\n[Gradle Build/Run tests] \u2b50 Run Main actions/checkout@master\n[Gradle Build/Run tests]   \u2705  Success - Main actions/checkout@master\n[Gradle Build/Run tests] \u2b50 Run Main Set up OpenJDK 1.8\n[Gradle Build/Run tests]   \ud83d\udc33  docker cp src=/home/andre-silva/.cache/act/joschi-setup-jdk@v2/ dst=/var/run/act/actions/joschi-setup-jdk@v2/\n[Gradle Build/Run tests]   \ud83d\udc33  docker exec cmd=[chown -R 1012:1000 /var/run/act/actions/joschi-setup-jdk@v2/] user=0 workdir=\n[Gradle Build/Run tests]   \ud83d\udc33  docker exec cmd=[node /var/run/act/actions/joschi-setup-jdk@v2/dist/setup/index.js] user= workdir=\n[Gradle Build/Run tests]   \u2753  ::notice::The joschi/setup-jdk GitHub Action is deprecated. Please consider switching to the official actions/setup-java action v2 or later which also supports AdoptOpenJDK and its successor Eclipse Temurin: https://github.com/actions/setup-java/tree/v2.5.0#basic\n[Gradle Build/Run tests]   \ud83d\udcac  ::debug::isExplicit: 1.0.0-ga-8-jdk-hotspot-linux-x64-normal-latest\n[Gradle Build/Run tests]   \ud83d\udcac  ::debug::explicit? true\n[Gradle Build/Run tests]   \ud83d\udcac  ::debug::checking cache: /opt/hostedtoolcache/AdoptOpenJDK/1.0.0-ga-8-jdk-hotspot-linux-x64-normal-latest/x64\n[Gradle Build/Run tests]   \ud83d\udcac  ::debug::not found\n[Gradle Build/Run tests]   \ud83d\udcac  ::debug::Downloading JDK from AdoptOpenJDK\n[Gradle Build/Run tests]   \ud83d\udcac  ::debug::AdoptOpenJDK URL: https://api.adoptopenjdk.net/v3/binary/latest/8/ga/linux/x64/jdk/hotspot/normal/adoptopenjdk\n[Gradle Build/Run tests]   \ud83d\udcac  ::debug::Downloading https://api.adoptopenjdk.net/v3/binary/latest/8/ga/linux/x64/jdk/hotspot/normal/adoptopenjdk\n[Gradle Build/Run tests]   \ud83d\udcac  ::debug::Destination /tmp/a1aa25db-75d7-4322-bbbf-ce46f521f558\n[Gradle Build/Run tests]   \ud83d\udcac  ::debug::download complete\n[Gradle Build/Run tests]   \ud83d\udcac  ::debug::Checking tar --version\n[Gradle Build/Run tests]   \ud83d\udcac  ::debug::tar (GNU tar) 1.30%0ACopyright (C) 2017 Free Software Foundation, Inc.%0ALicense GPLv3+: GNU GPL version 3 or later <https://gnu.org/licenses/gpl.html>.%0AThis is free software: you are free to change and redistribute it.%0AThere is NO WARRANTY, to the extent permitted by law.%0A%0AWritten by John Gilmore and Jay Fenlason.\n[Gradle Build/Run tests]   | [command]/usr/bin/tar xz --warning=no-unknown-keyword --overwrite -C /tmp/adoptopenjdk_352825169 -f /tmp/a1aa25db-75d7-4322-bbbf-ce46f521f558\n[Gradle Build/Run tests]   \ud83d\udcac  ::debug::JDK extracted to /tmp/adoptopenjdk_352825169/jdk8u372-b07\n[Gradle Build/Run tests]   \ud83d\udcac  ::debug::Caching tool AdoptOpenJDK 1.0.0-ga-8-jdk-hotspot-linux-x64-normal-latest x64\n[Gradle Build/Run tests]   \ud83d\udcac  ::debug::source dir: /tmp/adoptopenjdk_352825169/jdk8u372-b07\n[Gradle Build/Run tests]   \ud83d\udcac  ::debug::destination /opt/hostedtoolcache/AdoptOpenJDK/1.0.0-ga-8-jdk-hotspot-linux-x64-normal-latest/x64\n[Gradle Build/Run tests]   \ud83d\udcac  ::debug::finished caching tool\n[Gradle Build/Run tests]   | \n[Gradle Build/Run tests]   \u2699  ::set-output:: path=/opt/hostedtoolcache/AdoptOpenJDK/1.0.0-ga-8-jdk-hotspot-linux-x64-normal-latest/x64\n[Gradle Build/Run tests]   | \n[Gradle Build/Run tests]   \u2699  ::set-output:: version=8\n[Gradle Build/Run tests]   \u2753 add-matcher /run/act/actions/joschi-setup-jdk@v2/.github/java.json\n[Gradle Build/Run tests]   | creating settings.xml with server-id: github; environment variables: username=$GITHUB_ACTOR, password=$GITHUB_TOKEN, and gpg-passphrase=null\n[Gradle Build/Run tests]   \ud83d\udcac  ::debug::created directory /home/runneradmin/.m2\n[Gradle Build/Run tests]   | writing /home/runneradmin/.m2/settings.xml\n[Gradle Build/Run tests]   \u2705  Success - Main Set up OpenJDK 1.8\n[Gradle Build/Run tests]   \u2699  ::set-env:: JAVA_HOME_8_x64=/opt/hostedtoolcache/AdoptOpenJDK/1.0.0-ga-8-jdk-hotspot-linux-x64-normal-latest/x64\n[Gradle Build/Run tests]   \u2699  ::set-env:: JAVA_HOME=/opt/hostedtoolcache/AdoptOpenJDK/1.0.0-ga-8-jdk-hotspot-linux-x64-normal-latest/x64\n[Gradle Build/Run tests]   \u2699  ::set-env:: JAVA_HOME_8_X64=/opt/hostedtoolcache/AdoptOpenJDK/1.0.0-ga-8-jdk-hotspot-linux-x64-normal-latest/x64\n[Gradle Build/Run tests]   \u2699  ::add-path:: /opt/hostedtoolcache/AdoptOpenJDK/1.0.0-ga-8-jdk-hotspot-linux-x64-normal-latest/x64/bin\n[Gradle Build/Run tests] \u2b50 Run Main Build with Gradle\n[Gradle Build/Run tests]   \ud83d\udc33  docker exec cmd=[bash --noprofile --norc -e -o pipefail /var/run/act/workflow/2] user= workdir=\n[Gradle Build/Run tests]   | Downloading https://services.gradle.org/distributions/gradle-6.5-all.zip\n[Gradle Build/Run tests]   | ...........................................................................................................................................\n[Gradle Build/Run tests]   | Unzipping /home/runneradmin/.gradle/wrapper/dists/gradle-6.5-all/2oz4ud9k3tuxjg84bbf55q0tn/gradle-6.5-all.zip to /home/runneradmin/.gradle/wrapper/dists/gradle-6.5-all/2oz4ud9k3tuxjg84bbf55q0tn\n[Gradle Build/Run tests]   | Set executable permissions for: /home/runneradmin/.gradle/wrapper/dists/gradle-6.5-all/2oz4ud9k3tuxjg84bbf55q0tn/gradle-6.5/bin/gradle\n[Gradle Build/Run tests]   | \n[Gradle Build/Run tests]   | Welcome to Gradle 6.5!\n[Gradle Build/Run tests]   | \n[Gradle Build/Run tests]   | Here are the highlights of this release:\n[Gradle Build/Run tests]   |  - Experimental file-system watching\n[Gradle Build/Run tests]   |  - Improved version ordering\n[Gradle Build/Run tests]   |  - New samples\n[Gradle Build/Run tests]   | \n[Gradle Build/Run tests]   | For more details see https://docs.gradle.org/6.5/release-notes.html\n[Gradle Build/Run tests]   | \n[Gradle Build/Run tests]   | Starting a Gradle Daemon (subsequent builds will be faster)\n[Gradle Build/Run tests]   | \n[Gradle Build/Run tests]   | FAILURE: Build failed with an exception.\n[Gradle Build/Run tests]   | \n[Gradle Build/Run tests]   | * What went wrong:\n[Gradle Build/Run tests]   | Could not determine the dependencies of task ':app:testReleaseUnitTest'.\n[Gradle Build/Run tests]   | > SDK location not found. Define location with an ANDROID_SDK_ROOT environment variable or by setting the sdk.dir path in your project's local properties file at '/tmp/569e0364-0b80-11ee-a890-af2cc187fc11/fennifith-ColorPickerDialog/local.properties'.\n[Gradle Build/Run tests]   | \n[Gradle Build/Run tests]   | * Try:\n[Gradle Build/Run tests]   | Run with --stacktrace option to get the stack trace. Run with --info or --debug option to get more log output. Run with --scan to get full insights.\n[Gradle Build/Run tests]   | \n[Gradle Build/Run tests]   | * Get more help at https://help.gradle.org\n[Gradle Build/Run tests]   | \n[Gradle Build/Run tests]   | BUILD FAILED in 33s\n[Gradle Build/Run tests]   \u274c  Failure - Main Build with Gradle\n[Gradle Build/Run tests] exitcode '1': failure\n[Gradle Build/Run tests] \u2b50 Run Post Set up OpenJDK 1.8\n[Gradle Build/Run tests]   \ud83d\udc33  docker exec cmd=[node /var/run/act/actions/joschi-setup-jdk@v2/dist/cleanup/index.js] user= workdir=\n[Gradle Build/Run tests]   \u2705  Success - Post Set up OpenJDK 1.8\n[Gradle Build/Run tests] \ud83c\udfc1  Job failed\n",
        "stderr": "Error: Job 'Run tests' failed\n",
        "workflow": "/tmp/569e0364-0b80-11ee-a890-af2cc187fc11/fennifith-ColorPickerDialog/.github/workflows/build-crawler.yml",
        "build_tool": "gradle",
        "elapsed_time": 63.37297177314758
    }
}