{
    "repository": "flide/8VIM",
    "stars": 282,
    "language": "java",
    "size": 76304,
    "clone_url": "https://github.com/flide/8VIM.git",
    "timestamp": "2023-06-15T16:21:28.490700Z",
    "clone_success": true,
    "number of actions": 0,
    "number_of_test_actions": 1,
    "actions_successful": false,
    "number_of_actions": 2,
    "actions_build_tools": [
        "unknown",
        "gradle"
    ],
    "actions_test_build_tools": [
        "gradle"
    ],
    "actions_data": {
        "failed": true,
        "tests": [],
        "stdout": "[Android CI/test] \ud83d\ude80  Start image=crawlergpt:latest\n[Android CI/test]   \ud83d\udc33  docker pull image=crawlergpt:latest platform= username= forcePull=false\n[Android CI/test]   \ud83d\udc33  docker create image=crawlergpt:latest platform= entrypoint=[\"tail\" \"-f\" \"/dev/null\"] cmd=[]\n[Android CI/test]   \ud83d\udc33  docker run image=crawlergpt:latest platform= entrypoint=[\"tail\" \"-f\" \"/dev/null\"] cmd=[]\n[Android CI/test]   \ud83d\udc33  docker exec cmd=[chown -R 1012:1000 /tmp/569e0364-0b80-11ee-a890-af2cc187fc11/flide-8VIM] user=0 workdir=\n[Android CI/test]   \u2601  git clone 'https://github.com/actions/setup-java' # ref=v3\n[Android CI/test] Non-terminating error while running 'git clone': some refs were not updated\n[Android CI/test]   \u2601  git clone 'https://github.com/gradle/gradle-build-action' # ref=v2\n[Android CI/test] Non-terminating error while running 'git clone': some refs were not updated\n[Android CI/test] \u2b50 Run Main actions/checkout@v3\n[Android CI/test]   \u2705  Success - Main actions/checkout@v3\n[Android CI/test] \u2b50 Run Main set up JDK 17\n[Android CI/test]   \ud83d\udc33  docker cp src=/home/andre-silva/.cache/act/actions-setup-java@v3/ dst=/var/run/act/actions/actions-setup-java@v3/\n[Android CI/test]   \ud83d\udc33  docker exec cmd=[chown -R 1012:1000 /var/run/act/actions/actions-setup-java@v3/] user=0 workdir=\n[Android CI/test]   \ud83d\udc33  docker exec cmd=[node /var/run/act/actions/actions-setup-java@v3/dist/setup/index.js] user= workdir=\n[Android CI/test]   \u2753  ::group::Installed distributions\n[Android CI/test]   | Trying to resolve the latest version from remote\n[Android CI/test]   | Resolved latest version as 17.0.7+7\n[Android CI/test]   | Trying to download...\n[Android CI/test]   | Downloading Java 17.0.7+7 (Temurin-Hotspot) from https://github.com/adoptium/temurin17-binaries/releases/download/jdk-17.0.7%2B7/OpenJDK17U-jdk_x64_linux_hotspot_17.0.7_7.tar.gz ...\n[Android CI/test]   \ud83d\udcac  ::debug::Downloading https://github.com/adoptium/temurin17-binaries/releases/download/jdk-17.0.7%252B7/OpenJDK17U-jdk_x64_linux_hotspot_17.0.7_7.tar.gz\n[Android CI/test]   \ud83d\udcac  ::debug::Destination /tmp/66f18265-4b66-4d54-849b-37f5bf81028c\n[Android CI/test]   \ud83d\udcac  ::debug::download complete\n[Android CI/test]   | Extracting Java archive...\n[Android CI/test]   \ud83d\udcac  ::debug::Checking tar --version\n[Android CI/test]   \ud83d\udcac  ::debug::tar (GNU tar) 1.30%0ACopyright (C) 2017 Free Software Foundation, Inc.%0ALicense GPLv3+: GNU GPL version 3 or later <https://gnu.org/licenses/gpl.html>.%0AThis is free software: you are free to change and redistribute it.%0AThere is NO WARRANTY, to the extent permitted by law.%0A%0AWritten by John Gilmore and Jay Fenlason.\n[Android CI/test]   | [command]/usr/bin/tar xz --warning=no-unknown-keyword -C /tmp/c32b0481-461b-4d44-8a52-159c32bfe8cc -f /tmp/66f18265-4b66-4d54-849b-37f5bf81028c\n[Android CI/test]   \ud83d\udcac  ::debug::Caching tool Java_Temurin-Hotspot_jdk 17.0.7-7 x64\n[Android CI/test]   \ud83d\udcac  ::debug::source dir: /tmp/c32b0481-461b-4d44-8a52-159c32bfe8cc/jdk-17.0.7+7\n[Android CI/test]   \ud83d\udcac  ::debug::destination /opt/hostedtoolcache/Java_Temurin-Hotspot_jdk/17.0.7-7/x64\n[Android CI/test]   \ud83d\udcac  ::debug::finished caching tool\n[Android CI/test]   | Java 17.0.7+7 was downloaded\n[Android CI/test]   | Setting Java 17.0.7+7 as the default\n[Android CI/test]   | Creating toolchains.xml for JDK version 17 from temurin\n[Android CI/test]   | Writing to /home/runneradmin/.m2/toolchains.xml\n[Android CI/test]   | \n[Android CI/test]   | Java configuration:\n[Android CI/test]   |   Distribution: temurin\n[Android CI/test]   |   Version: 17.0.7+7\n[Android CI/test]   |   Path: /opt/hostedtoolcache/Java_Temurin-Hotspot_jdk/17.0.7-7/x64\n[Android CI/test]   | \n[Android CI/test]   \u2753  ::endgroup::\n[Android CI/test]   \u2753 add-matcher /run/act/actions/actions-setup-java@v3/.github/java.json\n[Android CI/test]   | Creating settings.xml with server-id: github\n[Android CI/test]   | Writing to /home/runneradmin/.m2/settings.xml\n[Android CI/test]   \ud83d\udea7  ::warning::The runner was not able to contact the cache service. Caching will be skipped\n[Android CI/test]   \u2705  Success - Main set up JDK 17\n[Android CI/test]   \u2699  ::set-env:: JAVA_HOME=/opt/hostedtoolcache/Java_Temurin-Hotspot_jdk/17.0.7-7/x64\n[Android CI/test]   \u2699  ::set-env:: JAVA_HOME_17_X64=/opt/hostedtoolcache/Java_Temurin-Hotspot_jdk/17.0.7-7/x64\n[Android CI/test]   \u2699  ::set-output:: distribution=Temurin-Hotspot\n[Android CI/test]   \u2699  ::set-output:: path=/opt/hostedtoolcache/Java_Temurin-Hotspot_jdk/17.0.7-7/x64\n[Android CI/test]   \u2699  ::set-output:: version=17.0.7+7\n[Android CI/test]   \u2699  ::add-path:: /opt/hostedtoolcache/Java_Temurin-Hotspot_jdk/17.0.7-7/x64/bin\n[Android CI/test] \u2b50 Run Main Setup Gradle\n[Android CI/test]   \ud83d\udc33  docker cp src=/home/andre-silva/.cache/act/gradle-gradle-build-action@v2/ dst=/var/run/act/actions/gradle-gradle-build-action@v2/\n[Android CI/test]   \ud83d\udc33  docker exec cmd=[chown -R 1012:1000 /var/run/act/actions/gradle-gradle-build-action@v2/] user=0 workdir=\n[Android CI/test]   \ud83d\udc33  docker exec cmd=[node /var/run/act/actions/gradle-gradle-build-action@v2/dist/main/index.js] user= workdir=\n[Android CI/test]   \ud83d\udcac  ::debug::Determined user.home from java -version output: '/home/runneradmin'\n[Android CI/test]   | Cache is disabled: will not restore state from previous builds.\n[Android CI/test]   \u2705  Success - Main Setup Gradle\n[Android CI/test]   \u2699  ::set-env:: GRADLE_BUILD_ACTION_SETUP_COMPLETED=true\n[Android CI/test]   \u2699  ::set-env:: GRADLE_BUILD_ACTION_CACHE_RESTORED=true\n[Android CI/test] \u2b50 Run Main Test with Gradle\n[Android CI/test]   \ud83d\udc33  docker exec cmd=[bash --noprofile --norc -e -o pipefail /var/run/act/workflow/3] user= workdir=\n[Android CI/test]   | Downloading https://services.gradle.org/distributions/gradle-8.0-all.zip\n[Android CI/test]   | ...........................................................................................................................................................................................................................................................................................................................................................................................................................................................................................................................................................................................................................................................................................................................................................................................................................................................................................................................................................................................................................................................................................................................................................................................................................................................................................................................................................................................................................................................................................................................................................................................................................................................................................................................................................................................................................................................................................................................................................................................................................................................................................................................................................................................................................................................................................................................................................................................................................................................................................................................................................................................................................................................................................................................................................................................................................................................................................................................................................................................................................................................................................................................................................................................................................................................................................................................................................................................................................................................................................................................................................................................................................................................................................................................................................................................................................................................................................................................................................................................................................................................................................................................................................................................................................................................................................................................................................................................................................................................................................................................................................................................................................................................................................................................................................................................................................................................................................................................................................................................................................................................................................................................................................................................................................................................................................................................................................................................................................................................................................................................................................................................................................................................................................................................................................................................................................................................................................................................................................................................................................................................................................................................................................................................................................................................................................................................................................................................................................................................................................................................................................................................................................................................................................................................................................................................................................................................................................................................................................................................................................................................................................................................................................................................................................................................................................................................................................................................................................................................................................................................................................................................................................................................................................................................................................................................................................................................................................................................................................................................................................................................................................................................................................................................................................................................................................................................................................................................................................................................................................................................................................................................................................................................................................................................\n[Android CI/test]   | Unzipping /home/runneradmin/.gradle/wrapper/dists/gradle-8.0-all/5a57r4i4fqsh5lp4qpp4jc5326/gradle-8.0-all.zip to /home/runneradmin/.gradle/wrapper/dists/gradle-8.0-all/5a57r4i4fqsh5lp4qpp4jc5326\n[Android CI/test]   | Set executable permissions for: /home/runneradmin/.gradle/wrapper/dists/gradle-8.0-all/5a57r4i4fqsh5lp4qpp4jc5326/gradle-8.0/bin/gradle\n[Android CI/test]   | \n[Android CI/test]   | Welcome to Gradle 8.0!\n[Android CI/test]   | \n[Android CI/test]   | For more details see https://docs.gradle.org/8.0/release-notes.html\n[Android CI/test]   | \n[Android CI/test]   | Starting a Gradle Daemon (subsequent builds will be faster)\n[Android CI/test]   | \n[Android CI/test]   | FAILURE: Build failed with an exception.\n[Android CI/test]   | \n[Android CI/test]   | * What went wrong:\n[Android CI/test]   | Could not determine the dependencies of task ':8vim:lintReportDebug'.\n[Android CI/test]   | > SDK location not found. Define a valid SDK location with an ANDROID_HOME environment variable or by setting the sdk.dir path in your project's local properties file at '/tmp/569e0364-0b80-11ee-a890-af2cc187fc11/flide-8VIM/local.properties'.\n[Android CI/test]   | \n[Android CI/test]   | * Try:\n[Android CI/test]   | > Run with --stacktrace option to get the stack trace.\n[Android CI/test]   | > Run with --info or --debug option to get more log output.\n[Android CI/test]   | > Run with --scan to get full insights.\n[Android CI/test]   | \n[Android CI/test]   | * Get more help at https://help.gradle.org\n[Android CI/test]   | \n[Android CI/test]   | BUILD FAILED in 40s\n[Android CI/test]   \u274c  Failure - Main Test with Gradle\n[Android CI/test] exitcode '1': failure\n[Android CI/test] \u2b50 Run Post Setup Gradle\n[Android CI/test]   \ud83d\udc33  docker exec cmd=[node /var/run/act/actions/gradle-gradle-build-action@v2/dist/post/index.js] user= workdir=\n[Android CI/test]   | In final post-action step, saving state and writing summary\n[Android CI/test]   | Cache is disabled: will not save state for later builds.\n[Android CI/test]   | Writing job summary\n[Android CI/test]   \ud83d\udcac  ::debug::No Gradle build results found. Summary table will not be generated.\n[Android CI/test]   \u2705  Success - Post Setup Gradle\n[Android CI/test] \u2b50 Run Post set up JDK 17\n[Android CI/test]   \ud83d\udc33  docker exec cmd=[node /var/run/act/actions/actions-setup-java@v3/dist/cleanup/index.js] user= workdir=\n[Android CI/test]   \ud83d\udea7  ::warning::Error retrieving key from state.\n[Android CI/test]   \u2705  Success - Post set up JDK 17\n[Android CI/test] \ud83c\udfc1  Job failed\n",
        "stderr": "Error: Job 'test' failed\n",
        "workflow": "/tmp/569e0364-0b80-11ee-a890-af2cc187fc11/flide-8VIM/.github/workflows/android-crawler.yml",
        "build_tool": "gradle",
        "elapsed_time": 72.1661114692688
    }
}