{
    "repository": "hank-cp/sbp",
    "stars": 128,
    "language": "java",
    "size": 1042,
    "clone_url": "https://github.com/hank-cp/sbp.git",
    "timestamp": "2023-06-15T17:29:54.465155Z",
    "clone_success": true,
    "number of actions": 0,
    "number_of_test_actions": 1,
    "actions_successful": false,
    "number_of_actions": 2,
    "actions_build_tools": [
        "gradle",
        "gradle"
    ],
    "actions_test_build_tools": [
        "gradle"
    ],
    "actions_data": {
        "failed": true,
        "tests": [],
        "stdout": "[CI Test/publish-snapshot] \ud83d\ude80  Start image=crawlergpt:latest\n[CI Test/ci-test         ] \ud83d\ude80  Start image=crawlergpt:latest\n[CI Test/ci-test         ]   \ud83d\udc33  docker pull image=crawlergpt:latest platform= username= forcePull=false\n[CI Test/publish-snapshot]   \ud83d\udc33  docker pull image=crawlergpt:latest platform= username= forcePull=false\n[CI Test/publish-snapshot]   \ud83d\udc33  docker create image=crawlergpt:latest platform= entrypoint=[\"tail\" \"-f\" \"/dev/null\"] cmd=[]\n[CI Test/ci-test         ]   \ud83d\udc33  docker create image=crawlergpt:latest platform= entrypoint=[\"tail\" \"-f\" \"/dev/null\"] cmd=[]\n[CI Test/publish-snapshot]   \ud83d\udc33  docker run image=crawlergpt:latest platform= entrypoint=[\"tail\" \"-f\" \"/dev/null\"] cmd=[]\n[CI Test/ci-test         ]   \ud83d\udc33  docker run image=crawlergpt:latest platform= entrypoint=[\"tail\" \"-f\" \"/dev/null\"] cmd=[]\n[CI Test/ci-test         ]   \ud83d\udc33  docker exec cmd=[chown -R 1012:1000 /tmp/569e0364-0b80-11ee-a890-af2cc187fc11/hank-cp-sbp] user=0 workdir=\n[CI Test/publish-snapshot]   \ud83d\udc33  docker exec cmd=[chown -R 1012:1000 /tmp/569e0364-0b80-11ee-a890-af2cc187fc11/hank-cp-sbp] user=0 workdir=\n[CI Test/ci-test         ]   \u2601  git clone 'https://github.com/actions/cache' # ref=v1\n[CI Test/ci-test         ]   \u2601  git clone 'https://github.com/actions/setup-java' # ref=v1\n[CI Test/publish-snapshot]   \u2601  git clone 'https://github.com/actions/cache' # ref=v1\n[CI Test/ci-test         ] Non-terminating error while running 'git clone': some refs were not updated\n[CI Test/publish-snapshot]   \u2601  git clone 'https://github.com/actions/setup-java' # ref=v1\n[CI Test/publish-snapshot] Non-terminating error while running 'git clone': some refs were not updated\n[CI Test/ci-test         ] \u2b50 Run Main actions/checkout@v2\n[CI Test/publish-snapshot] \u2b50 Run Main actions/checkout@v2\n[CI Test/ci-test         ]   \u2705  Success - Main actions/checkout@v2\n[CI Test/publish-snapshot]   \u2705  Success - Main actions/checkout@v2\n[CI Test/publish-snapshot] \u2b50 Run Main actions/cache@v1\n[CI Test/ci-test         ] \u2b50 Run Main actions/cache@v1\n[CI Test/ci-test         ]   \u274c  Failure - Main actions/cache@v1\n[CI Test/publish-snapshot]   \ud83d\udc33  docker cp src=/home/andre-silva/.cache/act/actions-cache@v1/ dst=/var/run/act/actions/actions-cache@v1/\n[CI Test/publish-snapshot]   \ud83d\udc33  docker exec cmd=[chown -R 1012:1000 /var/run/act/actions/actions-cache@v1/] user=0 workdir=\n[CI Test/ci-test         ] remove /home/andre-silva/.cache/act/actions-cache@v1/.gitignore: no such file or directory\n[CI Test/publish-snapshot]   \ud83d\udc33  docker exec cmd=[node /var/run/act/actions/actions-cache@v1/dist/restore/index.js] user= workdir=\n[CI Test/publish-snapshot]   \ud83d\udcac  ::debug::Cache Path: /home/runneradmin/.gradle/caches\n[CI Test/publish-snapshot]   \ud83d\udcac  ::debug::Resolved Keys:\n[CI Test/publish-snapshot]   \ud83d\udcac  ::debug::[\"Linux-gradle-1e885e0865eac8527291baa58ae921a9bcd6d8fa00b004cd185f6c724945c518\",\"Linux-gradle-\"]\n[CI Test/publish-snapshot]   \ud83d\udcac  ::debug::getCacheEntry - Attempt 1 of 2 failed with error: Cache Service Url not found, unable to restore cache.\n[CI Test/publish-snapshot]   \ud83d\udcac  ::debug::getCacheEntry - Attempt 2 of 2 failed with error: Cache Service Url not found, unable to restore cache.\n[CI Test/publish-snapshot]   | [warning]getCacheEntry failed: Cache Service Url not found, unable to restore cache.\n[CI Test/publish-snapshot]   \u2705  Success - Main actions/cache@v1\n[CI Test/publish-snapshot]   \u2699  ::set-output:: cache-hit=false\n[CI Test/publish-snapshot] \u2b50 Run Main Set up JDK 17\n[CI Test/publish-snapshot]   \ud83d\udc33  docker cp src=/home/andre-silva/.cache/act/actions-setup-java@v1/ dst=/var/run/act/actions/actions-setup-java@v1/\n[CI Test/publish-snapshot]   \ud83d\udc33  docker exec cmd=[chown -R 1012:1000 /var/run/act/actions/actions-setup-java@v1/] user=0 workdir=\n[CI Test/ci-test         ] \ud83c\udfc1  Job failed\n[CI Test/publish-snapshot]   \ud83d\udc33  docker exec cmd=[node /var/run/act/actions/actions-setup-java@v1/dist/setup/index.js] user= workdir=\n[CI Test/publish-snapshot]   \ud83d\udcac  ::debug::isExplicit: \n[CI Test/publish-snapshot]   \ud83d\udcac  ::debug::explicit? false\n[CI Test/publish-snapshot]   \ud83d\udcac  ::debug::evaluating 0 versions\n[CI Test/publish-snapshot]   \ud83d\udcac  ::debug::match not found\n[CI Test/publish-snapshot]   \ud83d\udcac  ::debug::Downloading JDK from Azul\n[CI Test/publish-snapshot]   \ud83d\udcac  ::debug::Searching for files with extension: -linux_x64.tar.gz\n[CI Test/publish-snapshot]   \ud83d\udcac  ::debug::Downloading https://static.azul.com/zulu/bin/zulu17.42.21-ca-crac-jdk17.0.7-linux_x64.tar.gz\n[CI Test/publish-snapshot]   \ud83d\udcac  ::debug::Downloading /tmp/6e42d7d2-0dc5-4881-b80b-6d210e263f1a\n[CI Test/publish-snapshot]   \ud83d\udcac  ::debug::download complete\n[CI Test/publish-snapshot]   | [command]/usr/bin/tar --version\n[CI Test/publish-snapshot]   | tar (GNU tar) 1.30\n[CI Test/publish-snapshot]   | Copyright (C) 2017 Free Software Foundation, Inc.\n[CI Test/publish-snapshot]   | License GPLv3+: GNU GPL version 3 or later <https://gnu.org/licenses/gpl.html>.\n[CI Test/publish-snapshot]   | This is free software: you are free to change and redistribute it.\n[CI Test/publish-snapshot]   | There is NO WARRANTY, to the extent permitted by law.\n[CI Test/publish-snapshot]   | \n[CI Test/publish-snapshot]   | Written by John Gilmore and Jay Fenlason.\n[CI Test/publish-snapshot]   | [command]/usr/bin/tar xz --warning=no-unknown-keyword -C /tmp/temp_123374637 -f /tmp/6e42d7d2-0dc5-4881-b80b-6d210e263f1a\n[CI Test/publish-snapshot]   \ud83d\udcac  ::debug::jdk extracted to /tmp/temp_123374637/zulu17.42.21-ca-crac-jdk17.0.7-linux_x64\n[CI Test/publish-snapshot]   \ud83d\udcac  ::debug::Caching tool jdk 17.0.7 x64\n[CI Test/publish-snapshot]   \ud83d\udcac  ::debug::source dir: /tmp/temp_123374637/zulu17.42.21-ca-crac-jdk17.0.7-linux_x64\n[CI Test/publish-snapshot]   \ud83d\udcac  ::debug::destination /opt/hostedtoolcache/jdk/17.0.7/x64\n[CI Test/publish-snapshot]   \ud83d\udcac  ::debug::finished caching tool\n[CI Test/publish-snapshot]   \u2753 add-matcher /run/act/actions/actions-setup-java@v1/.github/java.json\n[CI Test/publish-snapshot]   | creating settings.xml with server-id: github; environment variables: username=$GITHUB_ACTOR, password=$GITHUB_TOKEN, and gpg-passphrase=null\n[CI Test/publish-snapshot]   \ud83d\udcac  ::debug::created directory /home/runneradmin/.m2\n[CI Test/publish-snapshot]   | writing /home/runneradmin/.m2/settings.xml\n[CI Test/publish-snapshot]   \u2705  Success - Main Set up JDK 17\n[CI Test/publish-snapshot]   \u2699  ::set-env:: JAVA_HOME_17.0.7_x64=/opt/hostedtoolcache/jdk/17.0.7/x64\n[CI Test/publish-snapshot]   \u2699  ::set-env:: JAVA_HOME=/opt/hostedtoolcache/jdk/17.0.7/x64\n[CI Test/publish-snapshot]   \u2699  ::set-env:: JAVA_HOME_17_0_7_X64=/opt/hostedtoolcache/jdk/17.0.7/x64\n[CI Test/publish-snapshot]   \u2699  ::set-output:: path=/opt/hostedtoolcache/jdk/17.0.7/x64\n[CI Test/publish-snapshot]   \u2699  ::set-output:: version=17.0.7\n[CI Test/publish-snapshot]   \u2699  ::add-path:: /opt/hostedtoolcache/jdk/17.0.7/x64/bin\n[CI Test/publish-snapshot] \u2b50 Run Main ./gradlew publish -Pversion=-SNAPSHOT -P'signing.keyId=' -P'signing.password=' -P'sonatypeUsername=' -P'sonatypePassword=' --rerun-tasks\n[CI Test/publish-snapshot]   \ud83d\udc33  docker exec cmd=[bash --noprofile --norc -e -o pipefail /var/run/act/workflow/3] user= workdir=\n[CI Test/publish-snapshot]   | Downloading https://services.gradle.org/distributions/gradle-7.6-all.zip\n[CI Test/publish-snapshot]   | .............................................................................................................................................................\n[CI Test/publish-snapshot]   | \n[CI Test/publish-snapshot]   | Welcome to Gradle 7.6!\n[CI Test/publish-snapshot]   | \n[CI Test/publish-snapshot]   | Here are the highlights of this release:\n[CI Test/publish-snapshot]   |  - Added support for Java 19.\n[CI Test/publish-snapshot]   |  - Introduced `--rerun` flag for individual task rerun.\n[CI Test/publish-snapshot]   |  - Improved dependency block for test suites to be strongly typed.\n[CI Test/publish-snapshot]   |  - Added a pluggable system for Java toolchains provisioning.\n[CI Test/publish-snapshot]   | \n[CI Test/publish-snapshot]   | For more details see https://docs.gradle.org/7.6/release-notes.html\n[CI Test/publish-snapshot]   | \n[CI Test/publish-snapshot]   | Starting a Gradle Daemon (subsequent builds will be faster)\n[CI Test/publish-snapshot]   | \n[CI Test/publish-snapshot]   | > Task :sbp-core:compileJava\n[CI Test/publish-snapshot]   | Note: org.pf4j.processor.ExtensionAnnotationProcessor init\n[CI Test/publish-snapshot]   | Note: Options {}\n[CI Test/publish-snapshot]   | Note: Processing @org.pf4j.Extension\n[CI Test/publish-snapshot]   | Note: Processing @org.pf4j.Extension\n[CI Test/publish-snapshot]   | Note: Processing @org.pf4j.Extension\n[CI Test/publish-snapshot]   | Note: /tmp/569e0364-0b80-11ee-a890-af2cc187fc11/hank-cp-sbp/sbp-core/src/main/java/org/laxture/sbp/util/BeanUtil.java uses or overrides a deprecated API.\n[CI Test/publish-snapshot]   | Note: Recompile with -Xlint:deprecation for details.\n[CI Test/publish-snapshot]   | Note: Some input files use unchecked or unsafe operations.\n[CI Test/publish-snapshot]   | Note: Recompile with -Xlint:unchecked for details.\n[CI Test/publish-snapshot]   | \n[CI Test/publish-snapshot]   | Note: org.pf4j.processor.ExtensionAnnotationProcessor init\n[CI Test/publish-snapshot]   | Note: Options {}\n[CI Test/publish-snapshot]   | Note: Processing @org.pf4j.Extension\n[CI Test/publish-snapshot]   | > Task :sbp-adapter-3:compileJava\n[CI Test/publish-snapshot]   | Note: Processing @org.pf4j.Extension\n[CI Test/publish-snapshot]   | Note: Processing @org.pf4j.Extension\n[CI Test/publish-snapshot]   | \n[CI Test/publish-snapshot]   | > Task :sbp-adapter-3:processResources NO-SOURCE\n[CI Test/publish-snapshot]   | > Task :sbp-adapter-3:classes\n[CI Test/publish-snapshot]   | > Task :sbp-adapter-3:jar\n[CI Test/publish-snapshot]   | > Task :sbp-adapter-3:generateMetadataFileForMavenJavaPublication\n[CI Test/publish-snapshot]   | > Task :sbp-adapter-3:generatePomFileForMavenJavaPublication\n[CI Test/publish-snapshot]   | > Task :sbp-adapter-3:javadoc\n[CI Test/publish-snapshot]   | > Task :sbp-adapter-3:javadocJar\n[CI Test/publish-snapshot]   | > Task :sbp-adapter-3:sourcesJar\n[CI Test/publish-snapshot]   | > Task :sbp-adapter-3:signMavenJavaPublication FAILED\n[CI Test/publish-snapshot]   | \n[CI Test/publish-snapshot]   | FAILURE: Build failed with an exception.\n[CI Test/publish-snapshot]   | \n[CI Test/publish-snapshot]   | * What went wrong:\n[CI Test/publish-snapshot]   | Execution failed for task ':sbp-adapter-3:signMavenJavaPublication'.\n[CI Test/publish-snapshot]   | > Error while evaluating property 'signatory' of task ':sbp-adapter-3:signMavenJavaPublication'.\n[CI Test/publish-snapshot]   |    > The key ID must be in a valid form (eg 00B5050F or 0x00B5050F), given value: \n[CI Test/publish-snapshot]   | \n[CI Test/publish-snapshot]   | * Try:\n[CI Test/publish-snapshot]   | > Run with --stacktrace option to get the stack trace.\n[CI Test/publish-snapshot]   | > Run with --info or --debug option to get more log output.\n[CI Test/publish-snapshot]   | > Run with --scan to get full insights.\n[CI Test/publish-snapshot]   | \n[CI Test/publish-snapshot]   | * Get more help at https://help.gradle.org\n[CI Test/publish-snapshot]   | \n[CI Test/publish-snapshot]   | BUILD FAILED in 1m 9s\n[CI Test/publish-snapshot]   | 9 actionable tasks: 9 executed\n[CI Test/publish-snapshot]   \u274c  Failure - Main ./gradlew publish -Pversion=-SNAPSHOT -P'signing.keyId=' -P'signing.password=' -P'sonatypeUsername=' -P'sonatypePassword=' --rerun-tasks\n[CI Test/publish-snapshot] exitcode '1': failure\n[CI Test/publish-snapshot] \u2b50 Run Post Set up JDK 17\n[CI Test/publish-snapshot]   \ud83d\udc33  docker exec cmd=[node /var/run/act/actions/actions-setup-java@v1/dist/cleanup/index.js] user= workdir=\n[CI Test/publish-snapshot]   \u2705  Success - Post Set up JDK 17\n[CI Test/publish-snapshot] \ud83c\udfc1  Job failed\n",
        "stderr": "Error: Job 'ci-test' failed\n",
        "workflow": "/tmp/569e0364-0b80-11ee-a890-af2cc187fc11/hank-cp-sbp/.github/workflows/ci-crawler.yml",
        "build_tool": "gradle",
        "elapsed_time": 203.13040351867676
    }
}