{
    "repository": "hantsy/spring-webmvc-jwt-sample",
    "stars": 421,
    "language": "java",
    "size": 232,
    "clone_url": "https://github.com/hantsy/spring-webmvc-jwt-sample.git",
    "timestamp": "2023-06-15T16:56:21.317791Z",
    "clone_success": true,
    "number of actions": 0,
    "number_of_test_actions": 1,
    "actions_successful": false,
    "number_of_actions": 3,
    "actions_build_tools": [
        "unknown",
        "unknown",
        "maven"
    ],
    "actions_test_build_tools": [
        "maven"
    ],
    "actions_data": {
        "failed": true,
        "tests": [],
        "stdout": "[build/build] \ud83d\ude80  Start image=crawlergpt:latest\n[build/build]   \ud83d\udc33  docker pull image=crawlergpt:latest platform= username= forcePull=false\n[build/build]   \ud83d\udc33  docker create image=crawlergpt:latest platform= entrypoint=[\"tail\" \"-f\" \"/dev/null\"] cmd=[]\n[build/build]   \ud83d\udc33  docker run image=crawlergpt:latest platform= entrypoint=[\"tail\" \"-f\" \"/dev/null\"] cmd=[]\n[build/build]   \ud83d\udc33  docker exec cmd=[chown -R 1012:1000 /tmp/569e0364-0b80-11ee-a890-af2cc187fc11/hantsy-spring-webmvc-jwt-sample] user=0 workdir=\n[build/build]   \u2601  git clone 'https://github.com/actions/setup-java' # ref=v1\n[build/build] Non-terminating error while running 'git clone': some refs were not updated\n[build/build]   \u2601  git clone 'https://github.com/actions/cache' # ref=v1\n[build/build] \u2b50 Run Main actions/checkout@v2\n[build/build]   \u2705  Success - Main actions/checkout@v2\n[build/build] \u2b50 Run Main Set up JDK 17\n[build/build]   \ud83d\udc33  docker cp src=/home/andre-silva/.cache/act/actions-setup-java@v1/ dst=/var/run/act/actions/actions-setup-java@v1/\n[build/build]   \ud83d\udc33  docker exec cmd=[chown -R 1012:1000 /var/run/act/actions/actions-setup-java@v1/] user=0 workdir=\n[build/build]   \ud83d\udc33  docker exec cmd=[node /var/run/act/actions/actions-setup-java@v1/dist/setup/index.js] user= workdir=\n[build/build]   \ud83d\udcac  ::debug::isExplicit: \n[build/build]   \ud83d\udcac  ::debug::explicit? false\n[build/build]   \ud83d\udcac  ::debug::evaluating 0 versions\n[build/build]   \ud83d\udcac  ::debug::match not found\n[build/build]   \ud83d\udcac  ::debug::Downloading JDK from Azul\n[build/build]   \ud83d\udcac  ::debug::Searching for files with extension: -linux_x64.tar.gz\n[build/build]   \ud83d\udcac  ::debug::Downloading https://static.azul.com/zulu/bin/zulu17.42.21-ca-crac-jdk17.0.7-linux_x64.tar.gz\n[build/build]   \ud83d\udcac  ::debug::Downloading /tmp/74f6d501-0063-49bb-b5f8-26a61ad9981a\n[build/build]   \ud83d\udcac  ::debug::download complete\n[build/build]   | [command]/usr/bin/tar --version\n[build/build]   | tar (GNU tar) 1.30\n[build/build]   | Copyright (C) 2017 Free Software Foundation, Inc.\n[build/build]   | License GPLv3+: GNU GPL version 3 or later <https://gnu.org/licenses/gpl.html>.\n[build/build]   | This is free software: you are free to change and redistribute it.\n[build/build]   | There is NO WARRANTY, to the extent permitted by law.\n[build/build]   | \n[build/build]   | Written by John Gilmore and Jay Fenlason.\n[build/build]   | [command]/usr/bin/tar xz --warning=no-unknown-keyword -C /tmp/temp_273256701 -f /tmp/74f6d501-0063-49bb-b5f8-26a61ad9981a\n[build/build]   \ud83d\udcac  ::debug::jdk extracted to /tmp/temp_273256701/zulu17.42.21-ca-crac-jdk17.0.7-linux_x64\n[build/build]   \ud83d\udcac  ::debug::Caching tool jdk 17.0.7 x64\n[build/build]   \ud83d\udcac  ::debug::source dir: /tmp/temp_273256701/zulu17.42.21-ca-crac-jdk17.0.7-linux_x64\n[build/build]   \ud83d\udcac  ::debug::destination /opt/hostedtoolcache/jdk/17.0.7/x64\n[build/build]   \ud83d\udcac  ::debug::finished caching tool\n[build/build]   \u2753 add-matcher /run/act/actions/actions-setup-java@v1/.github/java.json\n[build/build]   | creating settings.xml with server-id: github; environment variables: username=$GITHUB_ACTOR, password=$GITHUB_TOKEN, and gpg-passphrase=null\n[build/build]   \ud83d\udcac  ::debug::created directory /home/runneradmin/.m2\n[build/build]   | writing /home/runneradmin/.m2/settings.xml\n[build/build]   \u2705  Success - Main Set up JDK 17\n[build/build]   \u2699  ::set-env:: JAVA_HOME=/opt/hostedtoolcache/jdk/17.0.7/x64\n[build/build]   \u2699  ::set-env:: JAVA_HOME_17_0_7_X64=/opt/hostedtoolcache/jdk/17.0.7/x64\n[build/build]   \u2699  ::set-env:: JAVA_HOME_17.0.7_x64=/opt/hostedtoolcache/jdk/17.0.7/x64\n[build/build]   \u2699  ::set-output:: path=/opt/hostedtoolcache/jdk/17.0.7/x64\n[build/build]   \u2699  ::set-output:: version=17.0.7\n[build/build]   \u2699  ::add-path:: /opt/hostedtoolcache/jdk/17.0.7/x64/bin\n[build/build] \u2b50 Run Main Set up Database\n[build/build]   \ud83d\udc33  docker exec cmd=[bash --noprofile --norc -e -o pipefail /var/run/act/workflow/2] user= workdir=\n[build/build]   | [57] Failed to execute script docker-compose\n[build/build]   | Traceback (most recent call last):\n[build/build]   |   File \"urllib3/connectionpool.py\", line 677, in urlopen\n[build/build]   |   File \"urllib3/connectionpool.py\", line 392, in _make_request\n[build/build]   |   File \"http/client.py\", line 1277, in request\n[build/build]   |   File \"http/client.py\", line 1323, in _send_request\n[build/build]   |   File \"http/client.py\", line 1272, in endheaders\n[build/build]   |   File \"http/client.py\", line 1032, in _send_output\n[build/build]   |   File \"http/client.py\", line 972, in send\n[build/build]   |   File \"docker/transport/unixconn.py\", line 43, in connect\n[build/build]   | PermissionError: [Errno 13] Permission denied\n[build/build]   | \n[build/build]   | During handling of the above exception, another exception occurred:\n[build/build]   | \n[build/build]   | Traceback (most recent call last):\n[build/build]   |   File \"requests/adapters.py\", line 449, in send\n[build/build]   |   File \"urllib3/connectionpool.py\", line 727, in urlopen\n[build/build]   |   File \"urllib3/util/retry.py\", line 410, in increment\n[build/build]   |   File \"urllib3/packages/six.py\", line 734, in reraise\n[build/build]   |   File \"urllib3/connectionpool.py\", line 677, in urlopen\n[build/build]   |   File \"urllib3/connectionpool.py\", line 392, in _make_request\n[build/build]   |   File \"http/client.py\", line 1277, in request\n[build/build]   |   File \"http/client.py\", line 1323, in _send_request\n[build/build]   |   File \"http/client.py\", line 1272, in endheaders\n[build/build]   |   File \"http/client.py\", line 1032, in _send_output\n[build/build]   |   File \"http/client.py\", line 972, in send\n[build/build]   |   File \"docker/transport/unixconn.py\", line 43, in connect\n[build/build]   | urllib3.exceptions.ProtocolError: ('Connection aborted.', PermissionError(13, 'Permission denied'))\n[build/build]   | \n[build/build]   | During handling of the above exception, another exception occurred:\n[build/build]   | \n[build/build]   | Traceback (most recent call last):\n[build/build]   |   File \"docker/api/client.py\", line 214, in _retrieve_server_version\n[build/build]   |   File \"docker/api/daemon.py\", line 181, in version\n[build/build]   |   File \"docker/utils/decorators.py\", line 46, in inner\n[build/build]   |   File \"docker/api/client.py\", line 237, in _get\n[build/build]   |   File \"requests/sessions.py\", line 543, in get\n[build/build]   |   File \"requests/sessions.py\", line 530, in request\n[build/build]   |   File \"requests/sessions.py\", line 643, in send\n[build/build]   |   File \"requests/adapters.py\", line 498, in send\n[build/build]   | requests.exceptions.ConnectionError: ('Connection aborted.', PermissionError(13, 'Permission denied'))\n[build/build]   | \n[build/build]   | During handling of the above exception, another exception occurred:\n[build/build]   | \n[build/build]   | Traceback (most recent call last):\n[build/build]   |   File \"docker-compose\", line 3, in <module>\n[build/build]   |   File \"compose/cli/main.py\", line 81, in main\n[build/build]   |   File \"compose/cli/main.py\", line 200, in perform_command\n[build/build]   |   File \"compose/cli/command.py\", line 70, in project_from_options\n[build/build]   |   File \"compose/cli/command.py\", line 153, in get_project\n[build/build]   |   File \"compose/cli/docker_client.py\", line 43, in get_client\n[build/build]   |   File \"compose/cli/docker_client.py\", line 170, in docker_client\n[build/build]   |   File \"docker/api/client.py\", line 197, in __init__\n[build/build]   |   File \"docker/api/client.py\", line 222, in _retrieve_server_version\n[build/build]   | docker.errors.DockerException: Error while fetching server API version: ('Connection aborted.', PermissionError(13, 'Permission denied'))\n[build/build]   \u274c  Failure - Main Set up Database\n[build/build] exitcode '255': failure\n[build/build] \u2b50 Run Post Set up JDK 17\n[build/build]   \ud83d\udc33  docker exec cmd=[node /var/run/act/actions/actions-setup-java@v1/dist/cleanup/index.js] user= workdir=\n[build/build]   \u2705  Success - Post Set up JDK 17\n[build/build] \ud83c\udfc1  Job failed\n",
        "stderr": "Error: Job 'build' failed\n",
        "workflow": "/tmp/569e0364-0b80-11ee-a890-af2cc187fc11/hantsy-spring-webmvc-jwt-sample/.github/workflows/build-crawler.yml",
        "build_tool": "maven",
        "elapsed_time": 32.07727813720703
    }
}