{
    "repository": "jveverka/java-11-examples",
    "stars": 54,
    "language": "java",
    "size": 3149,
    "clone_url": "https://github.com/jveverka/java-11-examples.git",
    "timestamp": "2023-06-15T17:03:13.149397Z",
    "clone_success": true,
    "number of actions": 0,
    "number_of_test_actions": 1,
    "actions_successful": false,
    "number_of_actions": 1,
    "actions_build_tools": [
        "gradle"
    ],
    "actions_test_build_tools": [
        "gradle"
    ],
    "actions_data": {
        "failed": true,
        "tests": [],
        "stdout": "[Build and Test/build] \ud83d\ude80  Start image=crawlergpt:latest\n[Build and Test/build]   \ud83d\udc33  docker pull image=crawlergpt:latest platform= username= forcePull=false\n[Build and Test/build]   \ud83d\udc33  docker create image=crawlergpt:latest platform= entrypoint=[\"tail\" \"-f\" \"/dev/null\"] cmd=[]\n[Build and Test/build]   \ud83d\udc33  docker run image=crawlergpt:latest platform= entrypoint=[\"tail\" \"-f\" \"/dev/null\"] cmd=[]\n[Build and Test/build]   \ud83d\udc33  docker exec cmd=[chown -R 1012:1000 /tmp/569e0364-0b80-11ee-a890-af2cc187fc11/jveverka-java-11-examples] user=0 workdir=\n[Build and Test/build]   \u2601  git clone 'https://github.com/actions/setup-java' # ref=v1\n[Build and Test/build] Non-terminating error while running 'git clone': some refs were not updated\n[Build and Test/build] \u2b50 Run Main actions/checkout@v2\n[Build and Test/build]   \u2705  Success - Main actions/checkout@v2\n[Build and Test/build] \u2b50 Run Main Set up JDK 11\n[Build and Test/build]   \ud83d\udc33  docker cp src=/home/andre-silva/.cache/act/actions-setup-java@v1/ dst=/var/run/act/actions/actions-setup-java@v1/\n[Build and Test/build]   \ud83d\udc33  docker exec cmd=[chown -R 1012:1000 /var/run/act/actions/actions-setup-java@v1/] user=0 workdir=\n[Build and Test/build]   \ud83d\udc33  docker exec cmd=[node /var/run/act/actions/actions-setup-java@v1/dist/setup/index.js] user= workdir=\n[Build and Test/build]   \ud83d\udcac  ::debug::isExplicit: \n[Build and Test/build]   \ud83d\udcac  ::debug::explicit? false\n[Build and Test/build]   \ud83d\udcac  ::debug::evaluating 0 versions\n[Build and Test/build]   \ud83d\udcac  ::debug::match not found\n[Build and Test/build]   \ud83d\udcac  ::debug::Downloading JDK from Azul\n[Build and Test/build]   \ud83d\udcac  ::debug::Searching for files with extension: -linux_x64.tar.gz\n[Build and Test/build]   \ud83d\udcac  ::debug::Downloading https://static.azul.com/zulu/bin/zulu11.64.19-ca-jdk11.0.19-linux_x64.tar.gz\n[Build and Test/build]   \ud83d\udcac  ::debug::Downloading /tmp/736fd193-4ab2-4fcd-a5d4-778a3531d381\n[Build and Test/build]   \ud83d\udcac  ::debug::download complete\n[Build and Test/build]   | [command]/usr/bin/tar --version\n[Build and Test/build]   | tar (GNU tar) 1.30\n[Build and Test/build]   | Copyright (C) 2017 Free Software Foundation, Inc.\n[Build and Test/build]   | License GPLv3+: GNU GPL version 3 or later <https://gnu.org/licenses/gpl.html>.\n[Build and Test/build]   | This is free software: you are free to change and redistribute it.\n[Build and Test/build]   | There is NO WARRANTY, to the extent permitted by law.\n[Build and Test/build]   | \n[Build and Test/build]   | Written by John Gilmore and Jay Fenlason.\n[Build and Test/build]   | [command]/usr/bin/tar xz --warning=no-unknown-keyword -C /tmp/temp_1553513788 -f /tmp/736fd193-4ab2-4fcd-a5d4-778a3531d381\n[Build and Test/build]   \ud83d\udcac  ::debug::jdk extracted to /tmp/temp_1553513788/zulu11.64.19-ca-jdk11.0.19-linux_x64\n[Build and Test/build]   \ud83d\udcac  ::debug::Caching tool jdk 11.0.19 x64\n[Build and Test/build]   \ud83d\udcac  ::debug::source dir: /tmp/temp_1553513788/zulu11.64.19-ca-jdk11.0.19-linux_x64\n[Build and Test/build]   \ud83d\udcac  ::debug::destination /opt/hostedtoolcache/jdk/11.0.19/x64\n[Build and Test/build]   \ud83d\udcac  ::debug::finished caching tool\n[Build and Test/build]   \u2753 add-matcher /run/act/actions/actions-setup-java@v1/.github/java.json\n[Build and Test/build]   | creating settings.xml with server-id: github; environment variables: username=$GITHUB_ACTOR, password=$GITHUB_TOKEN, and gpg-passphrase=null\n[Build and Test/build]   \ud83d\udcac  ::debug::created directory /home/runneradmin/.m2\n[Build and Test/build]   | writing /home/runneradmin/.m2/settings.xml\n[Build and Test/build]   \u2705  Success - Main Set up JDK 11\n[Build and Test/build]   \u2699  ::set-env:: JAVA_HOME_11.0.19_x64=/opt/hostedtoolcache/jdk/11.0.19/x64\n[Build and Test/build]   \u2699  ::set-env:: JAVA_HOME=/opt/hostedtoolcache/jdk/11.0.19/x64\n[Build and Test/build]   \u2699  ::set-env:: JAVA_HOME_11_0_19_X64=/opt/hostedtoolcache/jdk/11.0.19/x64\n[Build and Test/build]   \u2699  ::set-output:: version=11.0.19\n[Build and Test/build]   \u2699  ::set-output:: path=/opt/hostedtoolcache/jdk/11.0.19/x64\n[Build and Test/build]   \u2699  ::add-path:: /opt/hostedtoolcache/jdk/11.0.19/x64/bin\n[Build and Test/build] \u2b50 Run Main Check Java version\n[Build and Test/build]   \ud83d\udc33  docker exec cmd=[bash --noprofile --norc -e -o pipefail /var/run/act/workflow/2] user= workdir=\n[Build and Test/build]   | openjdk version \"11.0.19\" 2023-04-18 LTS\n[Build and Test/build]   | OpenJDK Runtime Environment Zulu11.64+19-CA (build 11.0.19+7-LTS)\n[Build and Test/build]   | OpenJDK 64-Bit Server VM Zulu11.64+19-CA (build 11.0.19+7-LTS, mixed mode)\n[Build and Test/build]   \u2705  Success - Main Check Java version\n[Build and Test/build] \u2b50 Run Main Check Gradle version\n[Build and Test/build]   \ud83d\udc33  docker exec cmd=[bash --noprofile --norc -e -o pipefail /var/run/act/workflow/3] user= workdir=\n[Build and Test/build]   | \n[Build and Test/build]   | Welcome to Gradle 7.2!\n[Build and Test/build]   | \n[Build and Test/build]   | Here are the highlights of this release:\n[Build and Test/build]   |  - Toolchain support for Scala\n[Build and Test/build]   |  - More cache hits when Java source files have platform-specific line endings\n[Build and Test/build]   |  - More resilient remote HTTP build cache behavior\n[Build and Test/build]   | \n[Build and Test/build]   | For more details see https://docs.gradle.org/7.2/release-notes.html\n[Build and Test/build]   | \n[Build and Test/build]   | \n[Build and Test/build]   | ------------------------------------------------------------\n[Build and Test/build]   | Gradle 7.2\n[Build and Test/build]   | ------------------------------------------------------------\n[Build and Test/build]   | \n[Build and Test/build]   | Build time:   2021-08-17 09:59:03 UTC\n[Build and Test/build]   | Revision:     a773786b58bb28710e3dc96c4d1a7063628952ad\n[Build and Test/build]   | \n[Build and Test/build]   | Kotlin:       1.5.21\n[Build and Test/build]   | Groovy:       3.0.8\n[Build and Test/build]   | Ant:          Apache Ant(TM) version 1.10.9 compiled on September 27 2020\n[Build and Test/build]   | JVM:          11.0.19 (Azul Systems, Inc. 11.0.19+7-LTS)\n[Build and Test/build]   | OS:           Linux 5.4.0-146-generic amd64\n[Build and Test/build]   | \n[Build and Test/build]   \u2705  Success - Main Check Gradle version\n[Build and Test/build] \u2b50 Run Main Run Gradle Build and tests\n[Build and Test/build]   \ud83d\udc33  docker exec cmd=[bash --noprofile --norc -e -o pipefail /var/run/act/workflow/4] user= workdir=\n[Build and Test/build]   | Starting a Gradle Daemon (subsequent builds will be faster)\n[Build and Test/build]   | > Task :akka-cluster-sshsessions:clean UP-TO-DATE\n[Build and Test/build]   | > Task :application:clean UP-TO-DATE\n[Build and Test/build]   | > Task :artefact-publishing-demo:clean UP-TO-DATE\n[Build and Test/build]   | > Task :block-chain:clean UP-TO-DATE\n[Build and Test/build]   | > Task :cached-model-demo:clean UP-TO-DATE\n[Build and Test/build]   | > Task :datetime-demo:clean UP-TO-DATE\n[Build and Test/build]   | > Task :diffie-hellman-demo:clean UP-TO-DATE\n[Build and Test/build]   | > Task :elastic-demo:clean UP-TO-DATE\n[Build and Test/build]   | > Task :enigma-demo:clean UP-TO-DATE\n[Build and Test/build]   | > Task :entropy-demo:clean UP-TO-DATE\n[Build and Test/build]   | > Task :futures-demo:clean UP-TO-DATE\n[Build and Test/build]   | > Task :google-apis:clean UP-TO-DATE\n[Build and Test/build]   | > Task :grpc-demo:clean UP-TO-DATE\n[Build and Test/build]   | > Task :hibernate-demo:clean UP-TO-DATE\n[Build and Test/build]   | > Task :http-client-demo:clean UP-TO-DATE\n[Build and Test/build]   | > Task :imageprocessing-demo:clean UP-TO-DATE\n[Build and Test/build]   | > Task :jackson-fasterxml-demo:clean UP-TO-DATE\n[Build and Test/build]   | > Task :java-is-weird:clean UP-TO-DATE\n[Build and Test/build]   | > Task :jce-demo:clean UP-TO-DATE\n[Build and Test/build]   | > Task :jdbc-demo:clean UP-TO-DATE\n[Build and Test/build]   | > Task :jetty-servlet4-http2:clean UP-TO-DATE\n[Build and Test/build]   | > Task :jwt-demo:clean UP-TO-DATE\n[Build and Test/build]   | > Task :kafka-client:clean UP-TO-DATE\n[Build and Test/build]   | > Task :kafka-common:clean UP-TO-DATE\n[Build and Test/build]   | > Task :kafka-example:clean UP-TO-DATE\n[Build and Test/build]   | > Task :kafka-service:clean UP-TO-DATE\n[Build and Test/build]   | > Task :mongodb-demo:clean UP-TO-DATE\n[Build and Test/build]   | > Task :r2dbc-demo:clean UP-TO-DATE\n[Build and Test/build]   | > Task :rabbitmq-demo:clean\n[Build and Test/build]   | > Task :redis-demo:clean UP-TO-DATE\n[Build and Test/build]   | > Task :rmq-common:clean UP-TO-DATE\n[Build and Test/build]   | > Task :rmq-data-client:clean UP-TO-DATE\n[Build and Test/build]   | > Task :rmq-data-service:clean UP-TO-DATE\n[Build and Test/build]   | > Task :rxjava-demo:clean UP-TO-DATE\n[Build and Test/build]   | > Task :service-compute:clean UP-TO-DATE\n[Build and Test/build]   | > Task :service-compute-async:clean UP-TO-DATE\n[Build and Test/build]   | > Task :service-tasks:clean UP-TO-DATE\n[Build and Test/build]   | > Task :simple-module-example:clean UP-TO-DATE\n[Build and Test/build]   | > Task :ssh-client:clean UP-TO-DATE\n[Build and Test/build]   | > Task :ssh-examples:clean UP-TO-DATE\n[Build and Test/build]   | > Task :ssh-server:clean UP-TO-DATE\n[Build and Test/build]   | > Task :ssh-server-demo:clean UP-TO-DATE\n[Build and Test/build]   | > Task :test-artefact:clean UP-TO-DATE\n[Build and Test/build]   | > Task :test-project-gradle:clean UP-TO-DATE\n[Build and Test/build]   | \n[Build and Test/build]   | > Task :akka-cluster-sshsessions:compileJava\n[Build and Test/build]   | Note: Some input files use or override a deprecated API.\n[Build and Test/build]   | Note: Recompile with -Xlint:deprecation for details.\n[Build and Test/build]   | \n[Build and Test/build]   | > Task :akka-cluster-sshsessions:processResources NO-SOURCE\n[Build and Test/build]   | > Task :akka-cluster-sshsessions:classes\n[Build and Test/build]   | > Task :akka-cluster-sshsessions:jar\n[Build and Test/build]   | > Task :akka-cluster-sshsessions:startScripts\n[Build and Test/build]   | > Task :akka-cluster-sshsessions:distTar\n[Build and Test/build]   | > Task :akka-cluster-sshsessions:distZip\n[Build and Test/build]   | > Task :akka-cluster-sshsessions:assemble\n[Build and Test/build]   | \n[Build and Test/build]   | > Task :akka-cluster-sshsessions:compileTestJava\n[Build and Test/build]   | Note: Some input files use or override a deprecated API.\n[Build and Test/build]   | Note: Recompile with -Xlint:deprecation for details.\n[Build and Test/build]   | Note: /tmp/569e0364-0b80-11ee-a890-af2cc187fc11/jveverka-java-11-examples/akka-cluster-sshsessions/src/test/java/itx/examples/akka/cluster/sshsessions/tests/utils/ClusterObjectRegistry.java uses unchecked or unsafe operations.\n[Build and Test/build]   | Note: Recompile with -Xlint:unchecked for details.\n[Build and Test/build]   | \n[Build and Test/build]   | > Task :akka-cluster-sshsessions:processTestResources\n[Build and Test/build]   | > Task :akka-cluster-sshsessions:testClasses\n[Build and Test/build]   | \n[Build and Test/build]   | > Task :akka-cluster-sshsessions:test\n[Build and Test/build]   | WARNING: An illegal reflective access operation has occurred\n[Build and Test/build]   | WARNING: Illegal reflective access by org.jboss.netty.util.internal.ByteBufferUtil (file:/home/runneradmin/.gradle/caches/modules-2/files-2.1/io.netty/netty/3.10.6.Final/18ed04a0e502896552854926e908509db2987a00/netty-3.10.6.Final.jar) to method java.nio.DirectByteBuffer.cleaner()\n[Build and Test/build]   | WARNING: Please consider reporting this to the maintainers of org.jboss.netty.util.internal.ByteBufferUtil\n[Build and Test/build]   | WARNING: Use --illegal-access=warn to enable warnings of further illegal reflective access operations\n[Build and Test/build]   | WARNING: All illegal access operations will be denied in a future release\n[Build and Test/build]   | \n[Build and Test/build]   | Gradle suite > Gradle test > itx.examples.akka.cluster.sshsessions.tests.ClusterBaseTest > testCreateManySessions PASSED\n[Build and Test/build]   | \n[Build and Test/build]   | Gradle suite > Gradle test > itx.examples.akka.cluster.sshsessions.tests.ClusterBaseTest > testCreateSshSession PASSED\n[Build and Test/build]   | \n[Build and Test/build]   | > Task :akka-cluster-sshsessions:check\n[Build and Test/build]   | > Task :akka-cluster-sshsessions:build\n[Build and Test/build]   | > Task :service-compute:compileJava\n[Build and Test/build]   | > Task :service-compute:processResources\n[Build and Test/build]   | > Task :service-compute:classes\n[Build and Test/build]   | > Task :service-compute:jar\n[Build and Test/build]   | > Task :service-tasks:compileJava\n[Build and Test/build]   | > Task :service-tasks:processResources\n[Build and Test/build]   | > Task :service-tasks:classes\n[Build and Test/build]   | > Task :service-tasks:jar\n[Build and Test/build]   | > Task :service-compute-async:compileJava\n[Build and Test/build]   | > Task :service-compute-async:processResources\n[Build and Test/build]   | > Task :service-compute-async:classes\n[Build and Test/build]   | > Task :service-compute-async:jar\n[Build and Test/build]   | > Task :application:compileJava\n[Build and Test/build]   | > Task :application:processResources\n[Build and Test/build]   | > Task :application:classes\n[Build and Test/build]   | > Task :application:jar\n[Build and Test/build]   | > Task :application:startScripts\n[Build and Test/build]   | > Task :application:distTar\n[Build and Test/build]   | > Task :application:distZip\n[Build and Test/build]   | > Task :application:assemble\n[Build and Test/build]   | > Task :application:compileTestJava\n[Build and Test/build]   | > Task :application:processTestResources NO-SOURCE\n[Build and Test/build]   | > Task :application:testClasses\n[Build and Test/build]   | \n[Build and Test/build]   | > Task :application:test\n[Build and Test/build]   | \n[Build and Test/build]   | Gradle suite > Gradle test > itx.examples.java.eleven.application.tests.TestServices > testComputeAsyncService PASSED\n[Build and Test/build]   | \n[Build and Test/build]   | Gradle suite > Gradle test > itx.examples.java.eleven.application.tests.TestServices > testComputeService PASSED\n[Build and Test/build]   | \n[Build and Test/build]   | Gradle suite > Gradle test > itx.examples.java.eleven.application.tests.TestServices > testTasksService PASSED\n[Build and Test/build]   | \n[Build and Test/build]   | > Task :application:check\n[Build and Test/build]   | > Task :application:build\n[Build and Test/build]   | > Task :artefact-publishing-demo:compileJava NO-SOURCE\n[Build and Test/build]   | > Task :artefact-publishing-demo:processResources NO-SOURCE\n[Build and Test/build]   | > Task :artefact-publishing-demo:classes UP-TO-DATE\n[Build and Test/build]   | > Task :artefact-publishing-demo:jar\n[Build and Test/build]   | > Task :artefact-publishing-demo:assemble\n[Build and Test/build]   | > Task :artefact-publishing-demo:compileTestJava NO-SOURCE\n[Build and Test/build]   | > Task :artefact-publishing-demo:processTestResources NO-SOURCE\n[Build and Test/build]   | > Task :artefact-publishing-demo:testClasses UP-TO-DATE\n[Build and Test/build]   | > Task :artefact-publishing-demo:test NO-SOURCE\n[Build and Test/build]   | > Task :artefact-publishing-demo:check UP-TO-DATE\n[Build and Test/build]   | > Task :artefact-publishing-demo:build\n[Build and Test/build]   | \n[Build and Test/build]   | > Task :block-chain:compileJava\n[Build and Test/build]   | Note: /tmp/569e0364-0b80-11ee-a890-af2cc187fc11/jveverka-java-11-examples/block-chain/src/main/java/itx/blockchain/basic/LedgerImpl.java uses unchecked or unsafe operations.\n[Build and Test/build]   | Note: Recompile with -Xlint:unchecked for details.\n[Build and Test/build]   | \n[Build and Test/build]   | > Task :block-chain:processResources NO-SOURCE\n[Build and Test/build]   | > Task :block-chain:classes\n[Build and Test/build]   | > Task :block-chain:jar\n[Build and Test/build]   | > Task :block-chain:assemble\n[Build and Test/build]   | > Task :block-chain:compileTestJava\n[Build and Test/build]   | > Task :block-chain:processTestResources\n[Build and Test/build]   | > Task :block-chain:testClasses\n[Build and Test/build]   | \n[Build and Test/build]   | > Task :block-chain:test\n[Build and Test/build]   | \n[Build and Test/build]   | Gradle suite > Gradle test > itx.blockchain.test.BlockTests > testBlocks[0]([B@44be0077, [B@44be0077, [B@44be0077, false) PASSED\n[Build and Test/build]   | \n[Build and Test/build]   | Gradle suite > Gradle test > itx.blockchain.test.BlockTests > testBlocks[1]([B@64e7619d, [B@44be0077, [B@44be0077, false) PASSED\n[Build and Test/build]   | \n[Build and Test/build]   | Gradle suite > Gradle test > itx.blockchain.test.BlockTests > testBlocks[2]([B@64e7619d, [B@44be0077, [B@64e7619d, false) PASSED\n[Build and Test/build]   | \n[Build and Test/build]   | Gradle suite > Gradle test > itx.blockchain.test.BlockTests > testBlocks[3]([B@64e7619d, [B@64e7619d, [B@44be0077, false) PASSED\n[Build and Test/build]   | \n[Build and Test/build]   | Gradle suite > Gradle test > itx.blockchain.test.BlockTests > testBlocks[4]([B@64e7619d, [B@64e7619d, [B@64e7619d, false) PASSED\n[Build and Test/build]   | \n[Build and Test/build]   | Gradle suite > Gradle test > itx.blockchain.test.BlockTests > testBlocks[5]([B@64e7619d, [B@f627d13, [B@44be0077, true) PASSED\n[Build and Test/build]   | \n[Build and Test/build]   | Gradle suite > Gradle test > itx.blockchain.test.BlockTests > testBlocks[6]([B@64e7619d, [B@3224a577, [B@f627d13, true) PASSED\n[Build and Test/build]   | \n[Build and Test/build]   | Gradle suite > Gradle test > itx.blockchain.test.BlockTests > testBlocks[7]([B@64e7619d, [B@f627d13, [B@3224a577, false) PASSED\n[Build and Test/build]   | \n[Build and Test/build]   | Gradle suite > Gradle test > itx.blockchain.test.BlockTests > testBlocks[8]([B@64e7619d, [B@f627d13, [B@f627d13, false) PASSED\n[Build and Test/build]   | \n[Build and Test/build]   | Gradle suite > Gradle test > itx.blockchain.test.BlockTests > testVerifyBlocks PASSED\n[Build and Test/build]   | \n[Build and Test/build]   | Gradle suite > Gradle test > itx.blockchain.test.LedgerTests > testVerifyLedger PASSED\n[Build and Test/build]   | \n[Build and Test/build]   | Gradle suite > Gradle test > itx.blockchain.test.PowTests > testNonceCalculation PASSED\n[Build and Test/build]   | \n[Build and Test/build]   | Gradle suite > Gradle test > itx.blockchain.test.PowTests > testPowDataReaderAndWriter PASSED\n[Build and Test/build]   | \n[Build and Test/build]   | Gradle suite > Gradle test > itx.blockchain.test.PowTests > testPowHashValidator PASSED\n[Build and Test/build]   | \n[Build and Test/build]   | Gradle suite > Gradle test > itx.blockchain.test.PowTests > testPowLedger PASSED\n[Build and Test/build]   | \n[Build and Test/build]   | Gradle suite > Gradle test > itx.blockchain.test.SignedDataTests > dataSignAndVerifyTest PASSED\n[Build and Test/build]   | \n[Build and Test/build]   | Gradle suite > Gradle test > itx.blockchain.test.SignedDataTests > testLedgerWithSignedData PASSED\n[Build and Test/build]   | \n[Build and Test/build]   | Gradle suite > Gradle test > itx.blockchain.test.SignedDataTests > testSignedDataReadAndWrite PASSED\n[Build and Test/build]   | \n[Build and Test/build]   | Gradle suite > Gradle test > itx.blockchain.test.UtilsTests > testArrayCompare[0]([B@df6620a, null, false) PASSED\n[Build and Test/build]   | \n[Build and Test/build]   | Gradle suite > Gradle test > itx.blockchain.test.UtilsTests > testArrayCompare[1](null, [B@1a72a540, false) PASSED\n[Build and Test/build]   | \n[Build and Test/build]   | Gradle suite > Gradle test > itx.blockchain.test.UtilsTests > testArrayCompare[2]([B@198d6542, [B@5e403b4a, true) PASSED\n[Build and Test/build]   | \n[Build and Test/build]   | Gradle suite > Gradle test > itx.blockchain.test.UtilsTests > testArrayCompare[3]([B@5be49b60, [B@2931522b, true) PASSED\n[Build and Test/build]   | \n[Build and Test/build]   | Gradle suite > Gradle test > itx.blockchain.test.UtilsTests > testArrayCompare[4]([B@19e7a160, [B@662706a7, false) PASSED\n[Build and Test/build]   | \n[Build and Test/build]   | Gradle suite > Gradle test > itx.blockchain.test.UtilsTests > testArrayCompare[5]([B@16b2bb0c, [B@327af41b, false) PASSED\n[Build and Test/build]   | \n[Build and Test/build]   | Gradle suite > Gradle test > itx.blockchain.test.UtilsTests > testArrayCompare[6]([B@c7045b9, [B@f99f5e0, false) PASSED\n[Build and Test/build]   | \n[Build and Test/build]   | Gradle suite > Gradle test > itx.blockchain.test.UtilsTests > testArrayConcat[0]([B@30bce90b, [B@3e6f3f28, [B@7e19ebf0) PASSED\n[Build and Test/build]   | \n[Build and Test/build]   | Gradle suite > Gradle test > itx.blockchain.test.UtilsTests > testArrayConcat[1]([B@7357a011, [B@3406472c, [B@5717c37) PASSED\n[Build and Test/build]   | \n[Build and Test/build]   | Gradle suite > Gradle test > itx.blockchain.test.UtilsTests > testArrayConcat[2]([B@4816278d, [B@4eaf3684, [B@40317ba2) PASSED\n[Build and Test/build]   | \n[Build and Test/build]   | Gradle suite > Gradle test > itx.blockchain.test.UtilsTests > testArrayConcat[3]([B@45d2ade3, [B@727eb8cb, [B@39d9314d) PASSED\n[Build and Test/build]   | \n[Build and Test/build]   | Gradle suite > Gradle test > itx.blockchain.test.UtilsTests > testArrayConcat[4]([B@5b7a8434, [B@5c45d770, [B@2ce6c6ec) PASSED\n[Build and Test/build]   | \n[Build and Test/build]   | Gradle suite > Gradle test > itx.blockchain.test.UtilsTests > testArrayConcat[5]([B@147a5d08, [B@6676f6a0, [B@7cbd9d24) PASSED\n[Build and Test/build]   | \n[Build and Test/build]   | Gradle suite > Gradle test > itx.blockchain.test.UtilsTests > testArrayConcat[6]([B@5026735c, [B@1b45c0e, [B@11f0a5a1) PASSED\n[Build and Test/build]   | \n[Build and Test/build]   | Gradle suite > Gradle test > itx.blockchain.test.UtilsTests > testHexBytes PASSED\n[Build and Test/build]   | \n[Build and Test/build]   | > Task :block-chain:check\n[Build and Test/build]   | > Task :block-chain:build\n[Build and Test/build]   | Note: Some input files use unchecked or unsafe operations.\n[Build and Test/build]   | Note: Recompile with -Xlint:unchecked for details.\n[Build and Test/build]   | \n[Build and Test/build]   | > Task :cached-model-demo:compileJava\n[Build and Test/build]   | \n[Build and Test/build]   | > Task :cached-model-demo:processResources NO-SOURCE\n[Build and Test/build]   | > Task :cached-model-demo:classes\n[Build and Test/build]   | > Task :cached-model-demo:jar\n[Build and Test/build]   | > Task :cached-model-demo:assemble\n[Build and Test/build]   | > Task :cached-model-demo:compileTestJava\n[Build and Test/build]   | > Task :cached-model-demo:processTestResources NO-SOURCE\n[Build and Test/build]   | > Task :cached-model-demo:testClasses\n[Build and Test/build]   | \n[Build and Test/build]   | > Task :cached-model-demo:test\n[Build and Test/build]   | \n[Build and Test/build]   | CKTests > startsWithTest() PASSED\n[Build and Test/build]   | \n[Build and Test/build]   | CacheTests > addModelTest() PASSED\n[Build and Test/build]   | \n[Build and Test/build]   | CacheTests > addAddressTest() PASSED\n[Build and Test/build]   | \n[Build and Test/build]   | CacheTests > addOrganizationTest() PASSED\n[Build and Test/build]   | \n[Build and Test/build]   | CacheTests > addUserTest() PASSED\n[Build and Test/build]   | \n[Build and Test/build]   | CacheTests > readModelTest() PASSED\n[Build and Test/build]   | \n[Build and Test/build]   | CacheTests > readAddressTest() PASSED\n[Build and Test/build]   | \n[Build and Test/build]   | CacheTests > readOrganizationTest() PASSED\n[Build and Test/build]   | \n[Build and Test/build]   | CacheTests > readUserTest() PASSED\n[Build and Test/build]   | \n[Build and Test/build]   | CacheTests > deleteModelTest() PASSED\n[Build and Test/build]   | \n[Build and Test/build]   | CacheTests > readModelAfterModelDeleteTest() PASSED\n[Build and Test/build]   | \n[Build and Test/build]   | CacheTests > readAddressAfterModelDeleteTest() PASSED\n[Build and Test/build]   | \n[Build and Test/build]   | CacheTests > readOrganizationAfterModelDeleteTest() PASSED\n[Build and Test/build]   | \n[Build and Test/build]   | CacheTests > readUserAfterModelDeleteTest() PASSED\n[Build and Test/build]   | \n[Build and Test/build]   | > Task :cached-model-demo:check\n[Build and Test/build]   | > Task :cached-model-demo:build\n[Build and Test/build]   | > Task :datetime-demo:compileJava\n[Build and Test/build]   | > Task :datetime-demo:processResources NO-SOURCE\n[Build and Test/build]   | > Task :datetime-demo:classes\n[Build and Test/build]   | > Task :datetime-demo:jar\n[Build and Test/build]   | > Task :datetime-demo:assemble\n[Build and Test/build]   | > Task :datetime-demo:compileTestJava\n[Build and Test/build]   | > Task :datetime-demo:processTestResources NO-SOURCE\n[Build and Test/build]   | > Task :datetime-demo:testClasses\n[Build and Test/build]   | \n[Build and Test/build]   | > Task :datetime-demo:test\n[Build and Test/build]   | \n[Build and Test/build]   | Gradle suite > Gradle test > itx.datetime.DateTimeUtilsTests > testInstant PASSED\n[Build and Test/build]   | \n[Build and Test/build]   | Gradle suite > Gradle test > itx.datetime.DateTimeUtilsTests > testLocalDateTime PASSED\n[Build and Test/build]   | \n[Build and Test/build]   | Gradle suite > Gradle test > itx.datetime.DateTimeUtilsTests > testingDate PASSED\n[Build and Test/build]   | \n[Build and Test/build]   | > Task :datetime-demo:check\n[Build and Test/build]   | > Task :datetime-demo:build\n[Build and Test/build]   | > Task :diffie-hellman-demo:compileJava\n[Build and Test/build]   | > Task :diffie-hellman-demo:processResources NO-SOURCE\n[Build and Test/build]   | > Task :diffie-hellman-demo:classes\n[Build and Test/build]   | > Task :diffie-hellman-demo:jar\n[Build and Test/build]   | > Task :diffie-hellman-demo:assemble\n[Build and Test/build]   | > Task :diffie-hellman-demo:compileTestJava\n[Build and Test/build]   | > Task :diffie-hellman-demo:processTestResources NO-SOURCE\n[Build and Test/build]   | > Task :diffie-hellman-demo:testClasses\n[Build and Test/build]   | \n[Build and Test/build]   | > Task :diffie-hellman-demo:test\n[Build and Test/build]   | \n[Build and Test/build]   | Gradle suite > Gradle test > itx.diffiehellman.DiffieHellmanTest > diffieHellmanSecretKeyGenerationTest PASSED\n[Build and Test/build]   | \n[Build and Test/build]   | Gradle suite > Gradle test > itx.diffiehellman.DiffieHellmanTest > diffieHellmanSecretKeyGenerationTest PASSED\n[Build and Test/build]   | \n[Build and Test/build]   | Gradle suite > Gradle test > itx.diffiehellman.DiffieHellmanTest > diffieHellmanSecretKeyGenerationTest PASSED\n[Build and Test/build]   | \n[Build and Test/build]   | Gradle suite > Gradle test > itx.diffiehellman.DiffieHellmanTest > diffieHellmanSecretKeyGenerationTest PASSED\n[Build and Test/build]   | \n[Build and Test/build]   | Gradle suite > Gradle test > itx.diffiehellman.DiffieHellmanTest > diffieHellmanSecretKeyGenerationTest PASSED\n[Build and Test/build]   | \n[Build and Test/build]   | Gradle suite > Gradle test > itx.diffiehellman.DiffieHellmanTest > diffieHellmanSecretKeyGenerationTest PASSED\n[Build and Test/build]   | \n[Build and Test/build]   | Gradle suite > Gradle test > itx.diffiehellman.DiffieHellmanTest > diffieHellmanSecretKeyGenerationTest PASSED\n[Build and Test/build]   | \n[Build and Test/build]   | Gradle suite > Gradle test > itx.diffiehellman.DiffieHellmanTest > diffieHellmanSecretKeyGenerationTest PASSED\n[Build and Test/build]   | \n[Build and Test/build]   | Gradle suite > Gradle test > itx.diffiehellman.DiffieHellmanTest > diffieHellmanSecretKeyGenerationTest PASSED\n[Build and Test/build]   | \n[Build and Test/build]   | Gradle suite > Gradle test > itx.diffiehellman.DiffieHellmanTest > diffieHellmanSecretKeyGenerationTest PASSED\n[Build and Test/build]   | \n[Build and Test/build]   | Gradle suite > Gradle test > itx.diffiehellman.DiffieHellmanTest > diffieHellmanSecretKeyGenerationTest PASSED\n[Build and Test/build]   | \n[Build and Test/build]   | Gradle suite > Gradle test > itx.diffiehellman.DiffieHellmanTest > diffieHellmanSecretKeyGenerationTest PASSED\n[Build and Test/build]   | \n[Build and Test/build]   | Gradle suite > Gradle test > itx.diffiehellman.DiffieHellmanTest > diffieHellmanSecretKeyGenerationTest PASSED\n[Build and Test/build]   | \n[Build and Test/build]   | Gradle suite > Gradle test > itx.diffiehellman.DiffieHellmanTest > diffieHellmanSecretKeyGenerationTest PASSED\n[Build and Test/build]   | \n[Build and Test/build]   | Gradle suite > Gradle test > itx.diffiehellman.DiffieHellmanTest > diffieHellmanSecretKeyGenerationTest PASSED\n[Build and Test/build]   | \n[Build and Test/build]   | Gradle suite > Gradle test > itx.diffiehellman.DiffieHellmanTest > diffieHellmanSecretKeyGenerationTest PASSED\n[Build and Test/build]   | \n[Build and Test/build]   | Gradle suite > Gradle test > itx.diffiehellman.DiffieHellmanTest > diffieHellmanSecretKeyGenerationTest PASSED\n[Build and Test/build]   | \n[Build and Test/build]   | Gradle suite > Gradle test > itx.diffiehellman.DiffieHellmanTest > diffieHellmanSecretKeyGenerationTest PASSED\n[Build and Test/build]   | \n[Build and Test/build]   | Gradle suite > Gradle test > itx.diffiehellman.DiffieHellmanTest > diffieHellmanSecretKeyGenerationTest PASSED\n[Build and Test/build]   | \n[Build and Test/build]   | Gradle suite > Gradle test > itx.diffiehellman.DiffieHellmanTest > diffieHellmanSecretKeyGenerationTest PASSED\n[Build and Test/build]   | \n[Build and Test/build]   | Gradle suite > Gradle test > itx.diffiehellman.DiffieHellmanTest > diffieHellmanSecretKeyGenerationTest PASSED\n[Build and Test/build]   | \n[Build and Test/build]   | Gradle suite > Gradle test > itx.diffiehellman.DiffieHellmanTest > diffieHellmanSecretKeyGenerationTest PASSED\n[Build and Test/build]   | \n[Build and Test/build]   | Gradle suite > Gradle test > itx.diffiehellman.DiffieHellmanTest > diffieHellmanSecretKeyGenerationTest PASSED\n[Build and Test/build]   | \n[Build and Test/build]   | Gradle suite > Gradle test > itx.diffiehellman.DiffieHellmanTest > diffieHellmanSecretKeyGenerationTest PASSED\n[Build and Test/build]   | \n[Build and Test/build]   | Gradle suite > Gradle test > itx.diffiehellman.DiffieHellmanTest > diffieHellmanSecretKeyGenerationTest PASSED\n[Build and Test/build]   | \n[Build and Test/build]   | Gradle suite > Gradle test > itx.diffiehellman.DiffieHellmanTest > diffieHellmanSecretKeyGenerationTest PASSED\n[Build and Test/build]   | \n[Build and Test/build]   | Gradle suite > Gradle test > itx.diffiehellman.DiffieHellmanTest > diffieHellmanSecretKeyGenerationTest PASSED\n[Build and Test/build]   | \n[Build and Test/build]   | Gradle suite > Gradle test > itx.diffiehellman.DiffieHellmanTest > diffieHellmanSecretKeyGenerationTest PASSED\n[Build and Test/build]   | \n[Build and Test/build]   | Gradle suite > Gradle test > itx.diffiehellman.DiffieHellmanTest > diffieHellmanSecretKeyGenerationTest PASSED\n[Build and Test/build]   | \n[Build and Test/build]   | Gradle suite > Gradle test > itx.diffiehellman.DiffieHellmanTest > diffieHellmanSecretKeyGenerationTest PASSED\n[Build and Test/build]   | \n[Build and Test/build]   | Gradle suite > Gradle test > itx.diffiehellman.DiffieHellmanTest > diffieHellmanSecretKeyGenerationTest PASSED\n[Build and Test/build]   | \n[Build and Test/build]   | Gradle suite > Gradle test > itx.diffiehellman.DiffieHellmanTest > diffieHellmanSecretKeyGenerationTest PASSED\n[Build and Test/build]   | \n[Build and Test/build]   | Gradle suite > Gradle test > itx.diffiehellman.DiffieHellmanTest > diffieHellmanSecretKeyGenerationTest PASSED\n[Build and Test/build]   | \n[Build and Test/build]   | Gradle suite > Gradle test > itx.diffiehellman.DiffieHellmanTest > diffieHellmanSecretKeyGenerationTest PASSED\n[Build and Test/build]   | \n[Build and Test/build]   | Gradle suite > Gradle test > itx.diffiehellman.DiffieHellmanTest > diffieHellmanSecretKeyGenerationTest PASSED\n[Build and Test/build]   | \n[Build and Test/build]   | Gradle suite > Gradle test > itx.diffiehellman.DiffieHellmanTest > diffieHellmanSecretKeyGenerationTest PASSED\n[Build and Test/build]   | \n[Build and Test/build]   | Gradle suite > Gradle test > itx.diffiehellman.DiffieHellmanTest > diffieHellmanSecretKeyGenerationTest PASSED\n[Build and Test/build]   | \n[Build and Test/build]   | Gradle suite > Gradle test > itx.diffiehellman.DiffieHellmanTest > diffieHellmanSecretKeyGenerationTest PASSED\n[Build and Test/build]   | \n[Build and Test/build]   | Gradle suite > Gradle test > itx.diffiehellman.DiffieHellmanTest > diffieHellmanSecretKeyGenerationTest PASSED\n[Build and Test/build]   | \n[Build and Test/build]   | Gradle suite > Gradle test > itx.diffiehellman.DiffieHellmanTest > diffieHellmanSecretKeyGenerationTest PASSED\n[Build and Test/build]   | \n[Build and Test/build]   | Gradle suite > Gradle test > itx.diffiehellman.DiffieHellmanTest > diffieHellmanSecretKeyGenerationTest PASSED\n[Build and Test/build]   | \n[Build and Test/build]   | Gradle suite > Gradle test > itx.diffiehellman.DiffieHellmanTest > diffieHellmanSecretKeyGenerationTest PASSED\n[Build and Test/build]   | \n[Build and Test/build]   | Gradle suite > Gradle test > itx.diffiehellman.DiffieHellmanTest > diffieHellmanSecretKeyGenerationTest PASSED\n[Build and Test/build]   | \n[Build and Test/build]   | Gradle suite > Gradle test > itx.diffiehellman.DiffieHellmanTest > diffieHellmanSecretKeyGenerationTest PASSED\n[Build and Test/build]   | \n[Build and Test/build]   | Gradle suite > Gradle test > itx.diffiehellman.DiffieHellmanTest > diffieHellmanSecretKeyGenerationTest PASSED\n[Build and Test/build]   | \n[Build and Test/build]   | Gradle suite > Gradle test > itx.diffiehellman.DiffieHellmanTest > diffieHellmanSecretKeyGenerationTest PASSED\n[Build and Test/build]   | \n[Build and Test/build]   | Gradle suite > Gradle test > itx.diffiehellman.DiffieHellmanTest > diffieHellmanSecretKeyGenerationTest PASSED\n[Build and Test/build]   | \n[Build and Test/build]   | Gradle suite > Gradle test > itx.diffiehellman.DiffieHellmanTest > diffieHellmanSecretKeyGenerationTest PASSED\n[Build and Test/build]   | \n[Build and Test/build]   | Gradle suite > Gradle test > itx.diffiehellman.DiffieHellmanTest > diffieHellmanSecretKeyGenerationTest PASSED\n[Build and Test/build]   | \n[Build and Test/build]   | Gradle suite > Gradle test > itx.diffiehellman.DiffieHellmanTest > diffieHellmanSecretKeyGenerationTest PASSED\n[Build and Test/build]   | \n[Build and Test/build]   | Gradle suite > Gradle test > itx.diffiehellman.DiffieHellmanTest > diffieHellmanSecretKeyGenerationTest PASSED\n[Build and Test/build]   | \n[Build and Test/build]   | Gradle suite > Gradle test > itx.diffiehellman.DiffieHellmanTest > diffieHellmanSecretKeyGenerationTest PASSED\n[Build and Test/build]   | \n[Build and Test/build]   | Gradle suite > Gradle test > itx.diffiehellman.DiffieHellmanTest > diffieHellmanSecretKeyGenerationTest PASSED\n[Build and Test/build]   | \n[Build and Test/build]   | Gradle suite > Gradle test > itx.diffiehellman.DiffieHellmanTest > diffieHellmanSecretKeyGenerationTest PASSED\n[Build and Test/build]   | \n[Build and Test/build]   | Gradle suite > Gradle test > itx.diffiehellman.DiffieHellmanTest > diffieHellmanSecretKeyGenerationTest PASSED\n[Build and Test/build]   | \n[Build and Test/build]   | Gradle suite > Gradle test > itx.diffiehellman.DiffieHellmanTest > diffieHellmanSecretKeyGenerationTest PASSED\n[Build and Test/build]   | \n[Build and Test/build]   | Gradle suite > Gradle test > itx.diffiehellman.DiffieHellmanTest > diffieHellmanSecretKeyGenerationTest PASSED\n[Build and Test/build]   | \n[Build and Test/build]   | Gradle suite > Gradle test > itx.diffiehellman.DiffieHellmanTest > diffieHellmanSecretKeyGenerationTest PASSED\n[Build and Test/build]   | \n[Build and Test/build]   | Gradle suite > Gradle test > itx.diffiehellman.DiffieHellmanTest > diffieHellmanSecretKeyGenerationTest PASSED\n[Build and Test/build]   | \n[Build and Test/build]   | Gradle suite > Gradle test > itx.diffiehellman.DiffieHellmanTest > diffieHellmanSecretKeyGenerationTest PASSED\n[Build and Test/build]   | \n[Build and Test/build]   | Gradle suite > Gradle test > itx.diffiehellman.DiffieHellmanTest > diffieHellmanSecretKeyGenerationTest PASSED\n[Build and Test/build]   | \n[Build and Test/build]   | Gradle suite > Gradle test > itx.diffiehellman.DiffieHellmanTest > diffieHellmanSecretKeyGenerationTest PASSED\n[Build and Test/build]   | \n[Build and Test/build]   | Gradle suite > Gradle test > itx.diffiehellman.DiffieHellmanTest > diffieHellmanSecretKeyGenerationTest PASSED\n[Build and Test/build]   | \n[Build and Test/build]   | Gradle suite > Gradle test > itx.diffiehellman.DiffieHellmanTest > diffieHellmanSecretKeyGenerationTest PASSED\n[Build and Test/build]   | \n[Build and Test/build]   | Gradle suite > Gradle test > itx.diffiehellman.DiffieHellmanTest > diffieHellmanSecretKeyGenerationTest PASSED\n[Build and Test/build]   | \n[Build and Test/build]   | Gradle suite > Gradle test > itx.diffiehellman.DiffieHellmanTest > diffieHellmanSecretKeyGenerationTest PASSED\n[Build and Test/build]   | \n[Build and Test/build]   | Gradle suite > Gradle test > itx.diffiehellman.DiffieHellmanTest > diffieHellmanSecretKeyGenerationTest PASSED\n[Build and Test/build]   | \n[Build and Test/build]   | Gradle suite > Gradle test > itx.diffiehellman.DiffieHellmanTest > diffieHellmanSecretKeyGenerationTest PASSED\n[Build and Test/build]   | \n[Build and Test/build]   | Gradle suite > Gradle test > itx.diffiehellman.DiffieHellmanTest > diffieHellmanSecretKeyGenerationTest PASSED\n[Build and Test/build]   | \n[Build and Test/build]   | Gradle suite > Gradle test > itx.diffiehellman.DiffieHellmanTest > diffieHellmanSecretKeyGenerationTest PASSED\n[Build and Test/build]   | \n[Build and Test/build]   | Gradle suite > Gradle test > itx.diffiehellman.DiffieHellmanTest > diffieHellmanSecretKeyGenerationTest PASSED\n[Build and Test/build]   | \n[Build and Test/build]   | Gradle suite > Gradle test > itx.diffiehellman.DiffieHellmanTest > diffieHellmanSecretKeyGenerationTest PASSED\n[Build and Test/build]   | \n[Build and Test/build]   | Gradle suite > Gradle test > itx.diffiehellman.DiffieHellmanTest > diffieHellmanSecretKeyGenerationTest PASSED\n[Build and Test/build]   | \n[Build and Test/build]   | Gradle suite > Gradle test > itx.diffiehellman.DiffieHellmanTest > diffieHellmanSecretKeyGenerationTest PASSED\n[Build and Test/build]   | \n[Build and Test/build]   | Gradle suite > Gradle test > itx.diffiehellman.DiffieHellmanTest > diffieHellmanSecretKeyGenerationTest PASSED\n[Build and Test/build]   | \n[Build and Test/build]   | Gradle suite > Gradle test > itx.diffiehellman.DiffieHellmanTest > diffieHellmanSecretKeyGenerationTest PASSED\n[Build and Test/build]   | \n[Build and Test/build]   | Gradle suite > Gradle test > itx.diffiehellman.DiffieHellmanTest > diffieHellmanSecretKeyGenerationTest PASSED\n[Build and Test/build]   | \n[Build and Test/build]   | Gradle suite > Gradle test > itx.diffiehellman.DiffieHellmanTest > diffieHellmanSecretKeyGenerationTest PASSED\n[Build and Test/build]   | \n[Build and Test/build]   | Gradle suite > Gradle test > itx.diffiehellman.DiffieHellmanTest > diffieHellmanSecretKeyGenerationTest PASSED\n[Build and Test/build]   | \n[Build and Test/build]   | Gradle suite > Gradle test > itx.diffiehellman.DiffieHellmanTest > diffieHellmanSecretKeyGenerationTest PASSED\n[Build and Test/build]   | \n[Build and Test/build]   | Gradle suite > Gradle test > itx.diffiehellman.DiffieHellmanTest > diffieHellmanSecretKeyGenerationTest PASSED\n[Build and Test/build]   | \n[Build and Test/build]   | Gradle suite > Gradle test > itx.diffiehellman.DiffieHellmanTest > diffieHellmanSecretKeyGenerationTest PASSED\n[Build and Test/build]   | \n[Build and Test/build]   | Gradle suite > Gradle test > itx.diffiehellman.DiffieHellmanTest > diffieHellmanSecretKeyGenerationTest PASSED\n[Build and Test/build]   | \n[Build and Test/build]   | Gradle suite > Gradle test > itx.diffiehellman.DiffieHellmanTest > diffieHellmanSecretKeyGenerationTest PASSED\n[Build and Test/build]   | \n[Build and Test/build]   | Gradle suite > Gradle test > itx.diffiehellman.DiffieHellmanTest > diffieHellmanSecretKeyGenerationTest PASSED\n[Build and Test/build]   | \n[Build and Test/build]   | Gradle suite > Gradle test > itx.diffiehellman.DiffieHellmanTest > diffieHellmanSecretKeyGenerationTest PASSED\n[Build and Test/build]   | \n[Build and Test/build]   | Gradle suite > Gradle test > itx.diffiehellman.DiffieHellmanTest > diffieHellmanSecretKeyGenerationTest PASSED\n[Build and Test/build]   | \n[Build and Test/build]   | Gradle suite > Gradle test > itx.diffiehellman.DiffieHellmanTest > diffieHellmanSecretKeyGenerationTest PASSED\n[Build and Test/build]   | \n[Build and Test/build]   | Gradle suite > Gradle test > itx.diffiehellman.DiffieHellmanTest > diffieHellmanSecretKeyGenerationTest PASSED\n[Build and Test/build]   | \n[Build and Test/build]   | Gradle suite > Gradle test > itx.diffiehellman.DiffieHellmanTest > diffieHellmanSecretKeyGenerationTest PASSED\n[Build and Test/build]   | \n[Build and Test/build]   | Gradle suite > Gradle test > itx.diffiehellman.DiffieHellmanTest > diffieHellmanSecretKeyGenerationTest PASSED\n[Build and Test/build]   | \n[Build and Test/build]   | Gradle suite > Gradle test > itx.diffiehellman.DiffieHellmanTest > diffieHellmanSecretKeyGenerationTest PASSED\n[Build and Test/build]   | \n[Build and Test/build]   | Gradle suite > Gradle test > itx.diffiehellman.DiffieHellmanTest > diffieHellmanSecretKeyGenerationTest PASSED\n[Build and Test/build]   | \n[Build and Test/build]   | Gradle suite > Gradle test > itx.diffiehellman.DiffieHellmanTest > diffieHellmanSecretKeyGenerationTest PASSED\n[Build and Test/build]   | \n[Build and Test/build]   | Gradle suite > Gradle test > itx.diffiehellman.DiffieHellmanTest > diffieHellmanSecretKeyGenerationTest PASSED\n[Build and Test/build]   | \n[Build and Test/build]   | Gradle suite > Gradle test > itx.diffiehellman.DiffieHellmanTest > diffieHellmanSecretKeyGenerationTest PASSED\n[Build and Test/build]   | \n[Build and Test/build]   | Gradle suite > Gradle test > itx.diffiehellman.DiffieHellmanTest > diffieHellmanSecretKeyGenerationTest PASSED\n[Build and Test/build]   | \n[Build and Test/build]   | Gradle suite > Gradle test > itx.diffiehellman.DiffieHellmanTest > diffieHellmanSecretKeyGenerationTest PASSED\n[Build and Test/build]   | \n[Build and Test/build]   | Gradle suite > Gradle test > itx.diffiehellman.DiffieHellmanTest > diffieHellmanSecretKeyGenerationTest PASSED\n[Build and Test/build]   | \n[Build and Test/build]   | Gradle suite > Gradle test > itx.diffiehellman.DiffieHellmanTest > diffieHellmanSecretKeyGenerationTest PASSED\n[Build and Test/build]   | \n[Build and Test/build]   | > Task :diffie-hellman-demo:check\n[Build and Test/build]   | > Task :diffie-hellman-demo:build\n[Build and Test/build]   | > Task :elastic-demo:compileJava\n[Build and Test/build]   | > Task :elastic-demo:processResources NO-SOURCE\n[Build and Test/build]   | > Task :elastic-demo:classes\n[Build and Test/build]   | > Task :elastic-demo:jar\n[Build and Test/build]   | > Task :elastic-demo:assemble\n[Build and Test/build]   | > Task :elastic-demo:compileTestJava\n[Build and Test/build]   | > Task :elastic-demo:processTestResources NO-SOURCE\n[Build and Test/build]   | > Task :elastic-demo:testClasses\n[Build and Test/build]   | \n[Build and Test/build]   | > Task :elastic-demo:test\n[Build and Test/build]   | \n[Build and Test/build]   | Gradle suite > Gradle test > itx.elastic.demo.tests.DtoTests > deserializationTest PASSED\n[Build and Test/build]   | \n[Build and Test/build]   | Gradle suite > Gradle test > itx.elastic.demo.tests.DtoTests > serializationTest PASSED\n[Build and Test/build]   | \n[Build and Test/build]   | Gradle suite > Gradle test > itx.elastic.demo.tests.DtoTests > testEventId PASSED\n[Build and Test/build]   | \n[Build and Test/build]   | > Task :elastic-demo:check\n[Build and Test/build]   | > Task :elastic-demo:build\n[Build and Test/build]   | > Task :enigma-demo:compileJava\n[Build and Test/build]   | > Task :enigma-demo:processResources\n[Build and Test/build]   | > Task :enigma-demo:classes\n[Build and Test/build]   | > Task :enigma-demo:jar\n[Build and Test/build]   | > Task :enigma-demo:assemble\n[Build and Test/build]   | > Task :enigma-demo:compileTestJava\n[Build and Test/build]   | > Task :enigma-demo:processTestResources\n[Build and Test/build]   | > Task :enigma-demo:testClasses\n[Build and Test/build]   | \n[Build and Test/build]   | > Task :enigma-demo:test\n[Build and Test/build]   | \n[Build and Test/build]   | Gradle suite > Gradle test > itx.java.examples.enigma.tests.BruteForceBreakTest > testRotorGroupIterator PASSED\n[Build and Test/build]   | \n[Build and Test/build]   | Gradle suite > Gradle test > itx.java.examples.enigma.tests.EnigmaTest > testEnigmaConfiguration[0](configurations/enigma-test-configuration-26-01.json, THESECRETMESSAGE, false) PASSED\n[Build and Test/build]   | \n[Build and Test/build]   | Gradle suite > Gradle test > itx.java.examples.enigma.tests.EnigmaTest > testEnigmaConfiguration[1](configurations/enigma-test-configuration-26-02.json, TOPSECRETMESSAGE, false) PASSED\n[Build and Test/build]   | \n[Build and Test/build]   | Gradle suite > Gradle test > itx.java.examples.enigma.tests.EnigmaTest > testEnigmaConfiguration[2](configurations/enigma-test-configuration-base64-01.json, The Secret Message, true) PASSED\n[Build and Test/build]   | \n[Build and Test/build]   | Gradle suite > Gradle test > itx.java.examples.enigma.tests.EnigmaTest > testSimpleMessageAlphabet26[0](SECRETMESSAGE) PASSED\n[Build and Test/build]   | \n[Build and Test/build]   | Gradle suite > Gradle test > itx.java.examples.enigma.tests.EnigmaTest > testSimpleMessageAlphabet26[1](HELLO) PASSED\n[Build and Test/build]   | \n[Build and Test/build]   | Gradle suite > Gradle test > itx.java.examples.enigma.tests.EnigmaTest > testSimpleMessageAlphabet26[2](ABCDEFGHIJKLMNOPQRSTUVWXYZ) PASSED\n[Build and Test/build]   | \n[Build and Test/build]   | Gradle suite > Gradle test > itx.java.examples.enigma.tests.EnigmaTest > testSimpleMessageAlphabet26[3](ABCDEFGHIJKLMNOPQRSTUVWXYZABCDEFGHIJKLMNOPQRSTUVWXYZABCDEFGHIJKLMNOPQRSTUVWXYZABCDEFGHIJKLMNOPQRSTUVWXYZ) PASSED\n[Build and Test/build]   | \n[Build and Test/build]   | Gradle suite > Gradle test > itx.java.examples.enigma.tests.EnigmaTest > testSimpleMessageAlphabetBase64[0](dataFiles/dataFilePlain01.txt) PASSED\n[Build and Test/build]   | \n[Build and Test/build]   | Gradle suite > Gradle test > itx.java.examples.enigma.tests.PartialTest > testCopyTable PASSED\n[Build and Test/build]   | \n[Build and Test/build]   | Gradle suite > Gradle test > itx.java.examples.enigma.tests.PartialTest > testPrettyPrint PASSED\n[Build and Test/build]   | \n[Build and Test/build]   | Gradle suite > Gradle test > itx.java.examples.enigma.tests.PartialTest > testPrettyRead PASSED\n[Build and Test/build]   | \n[Build and Test/build]   | Gradle suite > Gradle test > itx.java.examples.enigma.tests.PartialTest > testReflector PASSED\n[Build and Test/build]   | \n[Build and Test/build]   | Gradle suite > Gradle test > itx.java.examples.enigma.tests.PartialTest > testRotor PASSED\n[Build and Test/build]   | \n[Build and Test/build]   | Gradle suite > Gradle test > itx.java.examples.enigma.tests.PartialTest > testRotorForward PASSED\n[Build and Test/build]   | \n[Build and Test/build]   | Gradle suite > Gradle test > itx.java.examples.enigma.tests.PartialTest > testRotorGroup PASSED\n[Build and Test/build]   | \n[Build and Test/build]   | Gradle suite > Gradle test > itx.java.examples.enigma.tests.PartialTest > testRotorGroupRotate PASSED\n[Build and Test/build]   | \n[Build and Test/build]   | Gradle suite > Gradle test > itx.java.examples.enigma.tests.PartialTest > testRotorGroupRotateSameInput PASSED\n[Build and Test/build]   | \n[Build and Test/build]   | Gradle suite > Gradle test > itx.java.examples.enigma.tests.PartialTest > testShiftTable PASSED\n[Build and Test/build]   | \n[Build and Test/build]   | Gradle suite > Gradle test > itx.java.examples.enigma.tests.PartialTest > testShiftedRotor PASSED\n[Build and Test/build]   | \n[Build and Test/build]   | Gradle suite > Gradle test > itx.java.examples.enigma.tests.PartialTest > testSubstitution PASSED\n[Build and Test/build]   | \n[Build and Test/build]   | Gradle suite > Gradle test > itx.java.examples.enigma.tests.UtilsTest > readEnigmaConfigurationTest PASSED\n[Build and Test/build]   | \n[Build and Test/build]   | Gradle suite > Gradle test > itx.java.examples.enigma.tests.UtilsTest > readEnigmaSetupTest PASSED\n[Build and Test/build]   | \n[Build and Test/build]   | > Task :enigma-demo:check\n[Build and Test/build]   | > Task :enigma-demo:build\n[Build and Test/build]   | > Task :entropy-demo:compileJava\n[Build and Test/build]   | > Task :entropy-demo:processResources NO-SOURCE\n[Build and Test/build]   | > Task :entropy-demo:classes\n[Build and Test/build]   | > Task :entropy-demo:jar\n[Build and Test/build]   | > Task :entropy-demo:assemble\n[Build and Test/build]   | > Task :entropy-demo:compileTestJava\n[Build and Test/build]   | > Task :entropy-demo:processTestResources NO-SOURCE\n[Build and Test/build]   | > Task :entropy-demo:testClasses\n[Build and Test/build]   | \n[Build and Test/build]   | > Task :entropy-demo:test\n[Build and Test/build]   | \n[Build and Test/build]   | Gradle suite > Gradle test > itx.entropy.tests.EntropyTests > testIntegerEntropyCalculation[0](null, 0.0) PASSED\n[Build and Test/build]   | \n[Build and Test/build]   | Gradle suite > Gradle test > itx.entropy.tests.EntropyTests > testIntegerEntropyCalculation[1](0, 0.0) PASSED\n[Build and Test/build]   | \n[Build and Test/build]   | Gradle suite > Gradle test > itx.entropy.tests.EntropyTests > testIntegerEntropyCalculation[2](1, 0.0) PASSED\n[Build and Test/build]   | \n[Build and Test/build]   | Gradle suite > Gradle test > itx.entropy.tests.EntropyTests > testIntegerEntropyCalculation[3](11, 0.0) PASSED\n[Build and Test/build]   | \n[Build and Test/build]   | Gradle suite > Gradle test > itx.entropy.tests.EntropyTests > testIntegerEntropyCalculation[4](12, 1.0) PASSED\n[Build and Test/build]   | \n[Build and Test/build]   | Gradle suite > Gradle test > itx.entropy.tests.EntropyTests > testIntegerEntropyCalculation[5](122, 0.9182958340544894) PASSED\n[Build and Test/build]   | \n[Build and Test/build]   | Gradle suite > Gradle test > itx.entropy.tests.EntropyTests > testIntegerEntropyCalculation[6](2020, 1.0) PASSED\n[Build and Test/build]   | \n[Build and Test/build]   | Gradle suite > Gradle test > itx.entropy.tests.EntropyTests > testIntegerEntropyCalculation[7](12345, 2.321928094887362) PASSED\n[Build and Test/build]   | \n[Build and Test/build]   | Gradle suite > Gradle test > itx.entropy.tests.EntropyTests > testIntegerEntropyCalculation[8](1234567890, 3.321928094887362) PASSED\n[Build and Test/build]   | \n[Build and Test/build]   | Gradle suite > Gradle test > itx.entropy.tests.EntropyTests > testLongEntropyCalculation[0](null, 0.0) PASSED\n[Build and Test/build]   | \n[Build and Test/build]   | Gradle suite > Gradle test > itx.entropy.tests.EntropyTests > testLongEntropyCalculation[1](0, 0.0) PASSED\n[Build and Test/build]   | \n[Build and Test/build]   | Gradle suite > Gradle test > itx.entropy.tests.EntropyTests > testLongEntropyCalculation[2](1, 0.0) PASSED\n[Build and Test/build]   | \n[Build and Test/build]   | Gradle suite > Gradle test > itx.entropy.tests.EntropyTests > testLongEntropyCalculation[3](11, 0.0) PASSED\n[Build and Test/build]   | \n[Build and Test/build]   | Gradle suite > Gradle test > itx.entropy.tests.EntropyTests > testLongEntropyCalculation[4](12, 1.0) PASSED\n[Build and Test/build]   | \n[Build and Test/build]   | Gradle suite > Gradle test > itx.entropy.tests.EntropyTests > testLongEntropyCalculation[5](122, 0.9182958340544894) PASSED\n[Build and Test/build]   | \n[Build and Test/build]   | Gradle suite > Gradle test > itx.entropy.tests.EntropyTests > testLongEntropyCalculation[6](2020, 1.0) PASSED\n[Build and Test/build]   | \n[Build and Test/build]   | Gradle suite > Gradle test > itx.entropy.tests.EntropyTests > testLongEntropyCalculation[7](12345, 2.321928094887362) PASSED\n[Build and Test/build]   | \n[Build and Test/build]   | Gradle suite > Gradle test > itx.entropy.tests.EntropyTests > testLongEntropyCalculation[8](1234567890, 3.321928094887362) PASSED\n[Build and Test/build]   | \n[Build and Test/build]   | Gradle suite > Gradle test > itx.entropy.tests.EntropyTests > testLongEntropyCalculation[9](12345678901, 3.2776134368191157) PASSED\n[Build and Test/build]   | \n[Build and Test/build]   | Gradle suite > Gradle test > itx.entropy.tests.EntropyTests > testLongEntropyCalculation[10](123456789012, 3.2516291673878226) PASSED\n[Build and Test/build]   | \n[Build and Test/build]   | Gradle suite > Gradle test > itx.entropy.tests.EntropyTests > testStringEntropyCalculation[0](null, 0.0) PASSED\n[Build and Test/build]   | \n[Build and Test/build]   | Gradle suite > Gradle test > itx.entropy.tests.EntropyTests > testStringEntropyCalculation[1](, 0.0) PASSED\n[Build and Test/build]   | \n[Build and Test/build]   | Gradle suite > Gradle test > itx.entropy.tests.EntropyTests > testStringEntropyCalculation[2](A, 0.0) PASSED\n[Build and Test/build]   | \n[Build and Test/build]   | Gradle suite > Gradle test > itx.entropy.tests.EntropyTests > testStringEntropyCalculation[3](AA, 0.0) PASSED\n[Build and Test/build]   | \n[Build and Test/build]   | Gradle suite > Gradle test > itx.entropy.tests.EntropyTests > testStringEntropyCalculation[4](AAA, 0.0) PASSED\n[Build and Test/build]   | \n[Build and Test/build]   | Gradle suite > Gradle test > itx.entropy.tests.EntropyTests > testStringEntropyCalculation[5](AB, 1.0) PASSED\n[Build and Test/build]   | \n[Build and Test/build]   | Gradle suite > Gradle test > itx.entropy.tests.EntropyTests > testStringEntropyCalculation[6](ABB, 0.9182958340544894) PASSED\n[Build and Test/build]   | \n[Build and Test/build]   | Gradle suite > Gradle test > itx.entropy.tests.EntropyTests > testStringEntropyCalculation[7](long data text, 3.1820058147602124) PASSED\n[Build and Test/build]   | \n[Build and Test/build]   | Gradle suite > Gradle test > itx.entropy.tests.EntropyTests > testStringEntropyCalculation[8](aeSauyaepee7ohsooTee5noquequeezu, 3.3973683589017414) PASSED\n[Build and Test/build]   | \n[Build and Test/build]   | Gradle suite > Gradle test > itx.entropy.tests.EntropyTests > testStringEntropyCalculation[9](ephai8agh9eiYa5r, 3.327819531114783) PASSED\n[Build and Test/build]   | \n[Build and Test/build]   | Gradle suite > Gradle test > itx.entropy.tests.EntropyTests > testStringEntropyCalculation[10](abcdefghijklmnopqrstuvwyz, 4.643856189774723) PASSED\n[Build and Test/build]   | \n[Build and Test/build]   | > Task :entropy-demo:check\n[Build and Test/build]   | > Task :entropy-demo:build\n[Build and Test/build]   | > Task :futures-demo:compileJava\n[Build and Test/build]   | > Task :futures-demo:processResources\n[Build and Test/build]   | > Task :futures-demo:classes\n[Build and Test/build]   | > Task :futures-demo:jar\n[Build and Test/build]   | > Task :futures-demo:assemble\n[Build and Test/build]   | > Task :futures-demo:compileTestJava\n[Build and Test/build]   | > Task :futures-demo:processTestResources NO-SOURCE\n[Build and Test/build]   | > Task :futures-demo:testClasses\n[Build and Test/build]   | \n[Build and Test/build]   | > Task :futures-demo:test\n[Build and Test/build]   | \n[Build and Test/build]   | Gradle suite > Gradle test > itx.futures.demo.test.DataProviderTest > testDataListenable[0](true) PASSED\n[Build and Test/build]   | \n[Build and Test/build]   | Gradle suite > Gradle test > itx.futures.demo.test.DataProviderTest > testDataListenable[1](false) PASSED\n[Build and Test/build]   | \n[Build and Test/build]   | Gradle suite > Gradle test > itx.futures.demo.test.DataProviderTest > testDataProviderFuture[0](true) PASSED\n[Build and Test/build]   | \n[Build and Test/build]   | Gradle suite > Gradle test > itx.futures.demo.test.DataProviderTest > testDataProviderFuture[1](false) PASSED\n[Build and Test/build]   | \n[Build and Test/build]   | Gradle suite > Gradle test > itx.futures.demo.test.DataProviderTest > testDataStage[0](true) PASSED\n[Build and Test/build]   | \n[Build and Test/build]   | Gradle suite > Gradle test > itx.futures.demo.test.DataProviderTest > testDataStage[1](false) PASSED\n[Build and Test/build]   | \n[Build and Test/build]   | Gradle suite > Gradle test > itx.futures.demo.test.DataReactiveTest > testSubscription PASSED\n[Build and Test/build]   | \n[Build and Test/build]   | > Task :futures-demo:check\n[Build and Test/build]   | > Task :futures-demo:build\n[Build and Test/build]   | > Task :google-apis:compileJava\n[Build and Test/build]   | > Task :google-apis:processResources\n[Build and Test/build]   | > Task :google-apis:classes\n[Build and Test/build]   | > Task :google-apis:jar\n[Build and Test/build]   | > Task :google-apis:startScripts\n[Build and Test/build]   | > Task :google-apis:distTar\n[Build and Test/build]   | > Task :google-apis:distZip\n[Build and Test/build]   | > Task :google-apis:assemble\n[Build and Test/build]   | > Task :google-apis:compileTestJava NO-SOURCE\n[Build and Test/build]   | > Task :google-apis:processTestResources NO-SOURCE\n[Build and Test/build]   | > Task :google-apis:testClasses UP-TO-DATE\n[Build and Test/build]   | > Task :google-apis:test NO-SOURCE\n[Build and Test/build]   | > Task :google-apis:check UP-TO-DATE\n[Build and Test/build]   | > Task :google-apis:build\n[Build and Test/build]   | > Task :grpc-demo:extractIncludeProto\n[Build and Test/build]   | > Task :grpc-demo:extractProto\n[Build and Test/build]   | > Task :grpc-demo:generateProto\n[Build and Test/build]   | \n[Build and Test/build]   | > Task :grpc-demo:compileJava\n[Build and Test/build]   | Note: /tmp/569e0364-0b80-11ee-a890-af2cc187fc11/jveverka-java-11-examples/grpc-demo/src/main/java/itx/examples/grpc/service/SimpleServer.java uses or overrides a deprecated API.\n[Build and Test/build]   | Note: Recompile with -Xlint:deprecation for details.\n[Build and Test/build]   | \n[Build and Test/build]   | > Task :grpc-demo:processResources\n[Build and Test/build]   | > Task :grpc-demo:classes\n[Build and Test/build]   | > Task :grpc-demo:jar\n[Build and Test/build]   | > Task :grpc-demo:startScripts\n[Build and Test/build]   | > Task :grpc-demo:distTar\n[Build and Test/build]   | > Task :grpc-demo:distZip\n[Build and Test/build]   | > Task :grpc-demo:assemble\n[Build and Test/build]   | > Task :grpc-demo:extractIncludeTestProto\n[Build and Test/build]   | > Task :grpc-demo:extractTestProto\n[Build and Test/build]   | > Task :grpc-demo:generateTestProto NO-SOURCE\n[Build and Test/build]   | \n[Build and Test/build]   | > Task :grpc-demo:compileTestJava\n[Build and Test/build]   | \n[Build and Test/build]   | > Task :grpc-demo:processTestResources NO-SOURCE\n[Build and Test/build]   | Note: /tmp/569e0364-0b80-11ee-a890-af2cc187fc11/jveverka-java-11-examples/grpc-demo/src/test/java/itx/examples/grpc/service/test/RpcBidirectionalTest.java uses unchecked or unsafe operations.\n[Build and Test/build]   | Note: Recompile with -Xlint:unchecked for details.\n[Build and Test/build]   | > Task :grpc-demo:testClasses\n[Build and Test/build]   | > Task :grpc-demo:test\n[Build and Test/build]   | > Task :grpc-demo:check\n[Build and Test/build]   | > Task :grpc-demo:build\n[Build and Test/build]   | > Task :hibernate-demo:compileJava\n[Build and Test/build]   | > Task :hibernate-demo:processResources\n[Build and Test/build]   | > Task :hibernate-demo:classes\n[Build and Test/build]   | > Task :hibernate-demo:jar\n[Build and Test/build]   | > Task :hibernate-demo:assemble\n[Build and Test/build]   | > Task :hibernate-demo:compileTestJava\n[Build and Test/build]   | > Task :hibernate-demo:processTestResources NO-SOURCE\n[Build and Test/build]   | > Task :hibernate-demo:testClasses\n[Build and Test/build]   | \n[Build and Test/build]   | > Task :hibernate-demo:test\n[Build and Test/build]   | \n[Build and Test/build]   | Gradle suite > Gradle test > itx.examples.hibernate.tests.HibernateTest > testDataAccessService PASSED\n[Build and Test/build]   | \n[Build and Test/build]   | > Task :hibernate-demo:check\n[Build and Test/build]   | > Task :hibernate-demo:build\n[Build and Test/build]   | > Task :http-client-demo:compileJava\n[Build and Test/build]   | > Task :http-client-demo:processResources NO-SOURCE\n[Build and Test/build]   | > Task :http-client-demo:classes\n[Build and Test/build]   | > Task :http-client-demo:jar\n[Build and Test/build]   | > Task :http-client-demo:startScripts\n[Build and Test/build]   | > Task :http-client-demo:distTar\n[Build and Test/build]   | > Task :http-client-demo:distZip\n[Build and Test/build]   | > Task :http-client-demo:assemble\n[Build and Test/build]   | > Task :http-client-demo:compileTestJava NO-SOURCE\n[Build and Test/build]   | > Task :http-client-demo:processTestResources NO-SOURCE\n[Build and Test/build]   | > Task :http-client-demo:testClasses UP-TO-DATE\n[Build and Test/build]   | > Task :http-client-demo:test NO-SOURCE\n[Build and Test/build]   | > Task :http-client-demo:check UP-TO-DATE\n[Build and Test/build]   | > Task :http-client-demo:build\n[Build and Test/build]   | > Task :imageprocessing-demo:compileJava\n[Build and Test/build]   | > Task :imageprocessing-demo:processResources NO-SOURCE\n[Build and Test/build]   | > Task :imageprocessing-demo:classes\n[Build and Test/build]   | > Task :imageprocessing-demo:jar\n[Build and Test/build]   | > Task :imageprocessing-demo:assemble\n[Build and Test/build]   | > Task :imageprocessing-demo:compileTestJava\n[Build and Test/build]   | > Task :imageprocessing-demo:processTestResources\n[Build and Test/build]   | > Task :imageprocessing-demo:testClasses\n[Build and Test/build]   | \n[Build and Test/build]   | > Task :imageprocessing-demo:test\n[Build and Test/build]   | \n[Build and Test/build]   | Gradle suite > Gradle test > itx.images.tests.ImageDataReaderTest > testExifDataRead PASSED\n[Build and Test/build]   | \n[Build and Test/build]   | > Task :imageprocessing-demo:check\n[Build and Test/build]   | > Task :imageprocessing-demo:build\n[Build and Test/build]   | > Task :jackson-fasterxml-demo:compileJava\n[Build and Test/build]   | > Task :jackson-fasterxml-demo:processResources NO-SOURCE\n[Build and Test/build]   | > Task :jackson-fasterxml-demo:classes\n[Build and Test/build]   | > Task :jackson-fasterxml-demo:jar\n[Build and Test/build]   | > Task :jackson-fasterxml-demo:assemble\n[Build and Test/build]   | > Task :jackson-fasterxml-demo:compileTestJava\n[Build and Test/build]   | > Task :jackson-fasterxml-demo:processTestResources NO-SOURCE\n[Build and Test/build]   | > Task :jackson-fasterxml-demo:testClasses\n[Build and Test/build]   | \n[Build and Test/build]   | > Task :jackson-fasterxml-demo:test\n[Build and Test/build]   | \n[Build and Test/build]   | DataHolderSerializationTests > testSerialization() PASSED\n[Build and Test/build]   | \n[Build and Test/build]   | DataHolderSerializationTests > testDeserialization() PASSED\n[Build and Test/build]   | \n[Build and Test/build]   | > Task :jackson-fasterxml-demo:check\n[Build and Test/build]   | > Task :jackson-fasterxml-demo:build\n[Build and Test/build]   | > Task :java-is-weird:compileJava NO-SOURCE\n[Build and Test/build]   | > Task :java-is-weird:processResources NO-SOURCE\n[Build and Test/build]   | > Task :java-is-weird:classes UP-TO-DATE\n[Build and Test/build]   | > Task :java-is-weird:jar\n[Build and Test/build]   | > Task :java-is-weird:assemble\n[Build and Test/build]   | > Task :java-is-weird:compileTestJava\n[Build and Test/build]   | > Task :java-is-weird:processTestResources NO-SOURCE\n[Build and Test/build]   | > Task :java-is-weird:testClasses\n[Build and Test/build]   | \n[Build and Test/build]   | > Task :java-is-weird:test\n[Build and Test/build]   | \n[Build and Test/build]   | WeirdTesting > testCharArithmetic() PASSED\n[Build and Test/build]   | \n[Build and Test/build]   | WeirdTesting > testIntegerCompare() PASSED\n[Build and Test/build]   | \n[Build and Test/build]   | WeirdTesting > testBigDecimalCompare() PASSED\n[Build and Test/build]   | \n[Build and Test/build]   | > Task :java-is-weird:check\n[Build and Test/build]   | > Task :java-is-weird:build\n[Build and Test/build]   | > Task :jce-demo:compileJava\n[Build and Test/build]   | > Task :jce-demo:processResources NO-SOURCE\n[Build and Test/build]   | > Task :jce-demo:classes\n[Build and Test/build]   | > Task :jce-demo:jar\n[Build and Test/build]   | > Task :jce-demo:assemble\n[Build and Test/build]   | > Task :jce-demo:compileTestJava\n[Build and Test/build]   | > Task :jce-demo:processTestResources\n[Build and Test/build]   | > Task :jce-demo:testClasses\n[Build and Test/build]   | \n[Build and Test/build]   | > Task :jce-demo:test\n[Build and Test/build]   | \n[Build and Test/build]   | JCETests > testGenerateKeyPair() PASSED\n[Build and Test/build]   | \n[Build and Test/build]   | JCETests > testGenerateSelfSignedX509CACertificate() PASSED\n[Build and Test/build]   | \n[Build and Test/build]   | JCETests > testGenerateClientKeypairAndSignedX509Certificate() PASSED\n[Build and Test/build]   | \n[Build and Test/build]   | JCETests > verifyClientCertificateValidity() PASSED\n[Build and Test/build]   | \n[Build and Test/build]   | JCETests > verifyCACertificateValidity() PASSED\n[Build and Test/build]   | \n[Build and Test/build]   | JCETests > testDigitalSignature() PASSED\n[Build and Test/build]   | \n[Build and Test/build]   | JCETests > testEncryptAndDecryptDataPrivatePublic() PASSED\n[Build and Test/build]   | \n[Build and Test/build]   | JCETests > testEncryptAndDecryptDataPublicPrivate() PASSED\n[Build and Test/build]   | \n[Build and Test/build]   | JCETests > loadPrivateKeyAndCertificateFromJKS() PASSED\n[Build and Test/build]   | \n[Build and Test/build]   | JCETests > certificateSerializationAndDeserialization() PASSED\n[Build and Test/build]   | \n[Build and Test/build]   | JCETests > privateKeySerializationAndDeserialization() PASSED\n[Build and Test/build]   | \n[Build and Test/build]   | JCETests > createJKSWithPrivateKeyAndCertificate() PASSED\n[Build and Test/build]   | \n[Build and Test/build]   | > Task :jce-demo:check\n[Build and Test/build]   | > Task :jce-demo:build\n[Build and Test/build]   | > Task :jdbc-demo:compileJava\n[Build and Test/build]   | > Task :jdbc-demo:processResources NO-SOURCE\n[Build and Test/build]   | > Task :jdbc-demo:classes\n[Build and Test/build]   | > Task :jdbc-demo:jar\n[Build and Test/build]   | > Task :jdbc-demo:assemble\n[Build and Test/build]   | > Task :jdbc-demo:compileTestJava\n[Build and Test/build]   | > Task :jdbc-demo:processTestResources NO-SOURCE\n[Build and Test/build]   | > Task :jdbc-demo:testClasses\n[Build and Test/build]   | > Task :jdbc-demo:test\n[Build and Test/build]   | \n[Build and Test/build]   | DataServiceTest > initializationError FAILED\n[Build and Test/build]   |     java.lang.IllegalStateException at DockerClientProviderStrategy.java:215\n[Build and Test/build]   | \n[Build and Test/build]   | > Task :jdbc-demo:test FAILED\n[Build and Test/build]   | \n[Build and Test/build]   | 1 test completed, 1 failed\n[Build and Test/build]   | \n[Build and Test/build]   | FAILURE: Build failed with an exception.\n[Build and Test/build]   | \n[Build and Test/build]   | * What went wrong:\n[Build and Test/build]   | Execution failed for task ':jdbc-demo:test'.\n[Build and Test/build]   | > There were failing tests. See the report at: file:///tmp/569e0364-0b80-11ee-a890-af2cc187fc11/jveverka-java-11-examples/jdbc-demo/build/reports/tests/test/index.html\n[Build and Test/build]   | \n[Build and Test/build]   | * Try:\n[Build and Test/build]   | Run with --stacktrace option to get the stack trace. Run with --info or --debug option to get more log output. Run with --scan to get full insights.\n[Build and Test/build]   | \n[Build and Test/build]   | * Get more help at https://help.gradle.org\n[Build and Test/build]   | \n[Build and Test/build]   | Deprecated Gradle features were used in this build, making it incompatible with Gradle 8.0.\n[Build and Test/build]   | \n[Build and Test/build]   | You can use '--warning-mode all' to show the individual deprecation warnings and determine if they come from your own scripts or plugins.\n[Build and Test/build]   | \n[Build and Test/build]   | See https://docs.gradle.org/7.2/userguide/command_line_interface.html#sec:command_line_warnings\n[Build and Test/build]   | 156 actionable tasks: 113 executed, 43 up-to-date\n[Build and Test/build]   | \n[Build and Test/build]   | BUILD FAILED in 2m 44s\n[Build and Test/build]   \u274c  Failure - Main Run Gradle Build and tests\n[Build and Test/build] exitcode '1': failure\n[Build and Test/build] \u2b50 Run Post Set up JDK 11\n[Build and Test/build]   \ud83d\udc33  docker exec cmd=[node /var/run/act/actions/actions-setup-java@v1/dist/cleanup/index.js] user= workdir=\n[Build and Test/build]   \u2705  Success - Post Set up JDK 11\n[Build and Test/build] \ud83c\udfc1  Job failed\n",
        "stderr": "Error: Job 'build' failed\n",
        "workflow": "/tmp/569e0364-0b80-11ee-a890-af2cc187fc11/jveverka-java-11-examples/.github/workflows/build-and-test-crawler.yml",
        "build_tool": "gradle",
        "elapsed_time": 200.02348041534424
    }
}