{
    "repository": "LSPosed/LSPosed",
    "stars": 10387,
    "language": "java",
    "size": 21165,
    "clone_url": "https://github.com/LSPosed/LSPosed.git",
    "timestamp": "2023-06-15T18:00:06.193466Z",
    "clone_success": true,
    "number of actions": 0,
    "number_of_test_actions": 1,
    "actions_successful": false,
    "number_of_actions": 2,
    "actions_build_tools": [
        "unknown",
        "gradle"
    ],
    "actions_test_build_tools": [
        "gradle"
    ],
    "actions_data": {
        "failed": true,
        "tests": [],
        "stdout": "[Core/build] \ud83d\ude80  Start image=crawlergpt:latest\n[Core/build]   \ud83d\udc33  docker pull image=crawlergpt:latest platform= username= forcePull=false\n[Core/build]   \ud83d\udc33  docker create image=crawlergpt:latest platform= entrypoint=[\"tail\" \"-f\" \"/dev/null\"] cmd=[]\n[Core/build]   \ud83d\udc33  docker run image=crawlergpt:latest platform= entrypoint=[\"tail\" \"-f\" \"/dev/null\"] cmd=[]\n[Core/build]   \ud83d\udc33  docker exec cmd=[chown -R 1012:1000 /tmp/569e0364-0b80-11ee-a890-af2cc187fc11/LSPosed-LSPosed] user=0 workdir=\n[Core/build]   \u2601  git clone 'https://github.com/actions/setup-java' # ref=v3\n[Core/build] Non-terminating error while running 'git clone': some refs were not updated\n[Core/build]   \u2601  git clone 'https://github.com/gradle/gradle-build-action' # ref=v2\n[Core/build] Non-terminating error while running 'git clone': some refs were not updated\n[Core/build]   \u2601  git clone 'https://github.com/hendrikmuhs/ccache-action' # ref=v1.2\n[Core/build]   \u2601  git clone 'https://github.com/actions/upload-artifact' # ref=v3\n[Core/build]   \u2601  git clone 'https://github.com/actions/upload-artifact' # ref=v3\n[Core/build]   \u2601  git clone 'https://github.com/actions/upload-artifact' # ref=v3\n[Core/build]   \u2601  git clone 'https://github.com/actions/upload-artifact' # ref=v3\n[Core/build]   \u2601  git clone 'https://github.com/actions/upload-artifact' # ref=v3\n[Core/build]   \u2601  git clone 'https://github.com/actions/upload-artifact' # ref=v3\n[Core/build] \u2b50 Run Main Checkout\n[Core/build]   \u2705  Success - Main Checkout\n[Core/build] \u2b50 Run Main Write key\n[Core/build]   \ud83d\udc33  docker exec cmd=[bash --noprofile --norc -e -o pipefail /var/run/act/workflow/1] user= workdir=\n[Core/build]   \u2705  Success - Main Write key\n[Core/build] \u2b50 Run Main Setup Java\n[Core/build]   \ud83d\udc33  docker cp src=/home/andre-silva/.cache/act/actions-setup-java@v3/ dst=/var/run/act/actions/actions-setup-java@v3/\n[Core/build]   \ud83d\udc33  docker exec cmd=[chown -R 1012:1000 /var/run/act/actions/actions-setup-java@v3/] user=0 workdir=\n[Core/build]   \ud83d\udc33  docker exec cmd=[node /var/run/act/actions/actions-setup-java@v3/dist/setup/index.js] user= workdir=\n[Core/build]   \u2753  ::group::Installed distributions\n[Core/build]   | Trying to resolve the latest version from remote\n[Core/build]   | Resolved latest version as 17.0.7+7\n[Core/build]   | Trying to download...\n[Core/build]   | Downloading Java 17.0.7+7 (Temurin-Hotspot) from https://github.com/adoptium/temurin17-binaries/releases/download/jdk-17.0.7%2B7/OpenJDK17U-jdk_x64_linux_hotspot_17.0.7_7.tar.gz ...\n[Core/build]   \ud83d\udcac  ::debug::Downloading https://github.com/adoptium/temurin17-binaries/releases/download/jdk-17.0.7%252B7/OpenJDK17U-jdk_x64_linux_hotspot_17.0.7_7.tar.gz\n[Core/build]   \ud83d\udcac  ::debug::Destination /tmp/7066026e-9e08-4890-bb0d-79819d28b5c6\n[Core/build]   \ud83d\udcac  ::debug::download complete\n[Core/build]   | Extracting Java archive...\n[Core/build]   \ud83d\udcac  ::debug::Checking tar --version\n[Core/build]   \ud83d\udcac  ::debug::tar (GNU tar) 1.30%0ACopyright (C) 2017 Free Software Foundation, Inc.%0ALicense GPLv3+: GNU GPL version 3 or later <https://gnu.org/licenses/gpl.html>.%0AThis is free software: you are free to change and redistribute it.%0AThere is NO WARRANTY, to the extent permitted by law.%0A%0AWritten by John Gilmore and Jay Fenlason.\n[Core/build]   | [command]/usr/bin/tar xz --warning=no-unknown-keyword -C /tmp/40e5a03f-8ea4-4813-8962-d58ef4e71f56 -f /tmp/7066026e-9e08-4890-bb0d-79819d28b5c6\n[Core/build]   \ud83d\udcac  ::debug::Caching tool Java_Temurin-Hotspot_jdk 17.0.7-7 x64\n[Core/build]   \ud83d\udcac  ::debug::source dir: /tmp/40e5a03f-8ea4-4813-8962-d58ef4e71f56/jdk-17.0.7+7\n[Core/build]   \ud83d\udcac  ::debug::destination /opt/hostedtoolcache/Java_Temurin-Hotspot_jdk/17.0.7-7/x64\n[Core/build]   \ud83d\udcac  ::debug::finished caching tool\n[Core/build]   | Java 17.0.7+7 was downloaded\n[Core/build]   | Setting Java 17.0.7+7 as the default\n[Core/build]   | Creating toolchains.xml for JDK version 17 from temurin\n[Core/build]   | Writing to /home/runneradmin/.m2/toolchains.xml\n[Core/build]   | \n[Core/build]   | Java configuration:\n[Core/build]   |   Distribution: temurin\n[Core/build]   |   Version: 17.0.7+7\n[Core/build]   |   Path: /opt/hostedtoolcache/Java_Temurin-Hotspot_jdk/17.0.7-7/x64\n[Core/build]   | \n[Core/build]   \u2753  ::endgroup::\n[Core/build]   \u2753 add-matcher /run/act/actions/actions-setup-java@v3/.github/java.json\n[Core/build]   | Creating settings.xml with server-id: github\n[Core/build]   | Writing to /home/runneradmin/.m2/settings.xml\n[Core/build]   \u2705  Success - Main Setup Java\n[Core/build]   \u2699  ::set-env:: JAVA_HOME=/opt/hostedtoolcache/Java_Temurin-Hotspot_jdk/17.0.7-7/x64\n[Core/build]   \u2699  ::set-env:: JAVA_HOME_17_X64=/opt/hostedtoolcache/Java_Temurin-Hotspot_jdk/17.0.7-7/x64\n[Core/build]   \u2699  ::set-output:: version=17.0.7+7\n[Core/build]   \u2699  ::set-output:: distribution=Temurin-Hotspot\n[Core/build]   \u2699  ::set-output:: path=/opt/hostedtoolcache/Java_Temurin-Hotspot_jdk/17.0.7-7/x64\n[Core/build]   \u2699  ::add-path:: /opt/hostedtoolcache/Java_Temurin-Hotspot_jdk/17.0.7-7/x64/bin\n[Core/build] \u2b50 Run Main Setup Gradle\n[Core/build]   \ud83d\udc33  docker cp src=/home/andre-silva/.cache/act/gradle-gradle-build-action@v2/ dst=/var/run/act/actions/gradle-gradle-build-action@v2/\n[Core/build]   \ud83d\udc33  docker exec cmd=[chown -R 1012:1000 /var/run/act/actions/gradle-gradle-build-action@v2/] user=0 workdir=\n[Core/build]   \ud83d\udc33  docker exec cmd=[node /var/run/act/actions/gradle-gradle-build-action@v2/dist/main/index.js] user= workdir=\n[Core/build]   \ud83d\udcac  ::debug::Determined user.home from java -version output: '/home/runneradmin'\n[Core/build]   | Cache is disabled: will not restore state from previous builds.\n[Core/build]   \u2705  Success - Main Setup Gradle\n[Core/build]   \u2699  ::set-env:: GRADLE_BUILD_ACTION_SETUP_COMPLETED=true\n[Core/build]   \u2699  ::set-env:: GRADLE_BUILD_ACTION_CACHE_RESTORED=true\n[Core/build] \u2b50 Run Main Set up ccache\n[Core/build]   \ud83d\udc33  docker cp src=/home/andre-silva/.cache/act/hendrikmuhs-ccache-action@v1.2/ dst=/var/run/act/actions/hendrikmuhs-ccache-action@v1.2/\n[Core/build]   \ud83d\udc33  docker exec cmd=[chown -R 1012:1000 /var/run/act/actions/hendrikmuhs-ccache-action@v1.2/] user=0 workdir=\n[Core/build]   \ud83d\udc33  docker exec cmd=[node /var/run/act/actions/hendrikmuhs-ccache-action@v1.2/dist/restore/index.js] user= workdir=\n[Core/build]   \u2753  ::group::Install ccache\n[Core/build]   | [command]/usr/bin/bash -xc $(which sudo) apt-get install -y ccache\n[Core/build]   | + '[' -z '' ']'\n[Core/build]   | + return\n[Core/build]   | + case $- in\n[Core/build]   | + return\n[Core/build]   | ++ which sudo\n[Core/build]   | + /usr/bin/sudo apt-get install -y ccache\n[Core/build]   | Reading package lists...\n[Core/build]   | Building dependency tree...\n[Core/build]   | Reading state information...\n[Core/build]   | Suggested packages:\n[Core/build]   |   distcc | icecc\n[Core/build]   | The following NEW packages will be installed:\n[Core/build]   |   ccache\n[Core/build]   | 0 upgraded, 1 newly installed, 0 to remove and 20 not upgraded.\n[Core/build]   | Need to get 121 kB of archives.\n[Core/build]   | After this operation, 369 kB of additional disk space will be used.\n[Core/build]   | Get:1 http://archive.ubuntu.com/ubuntu focal/main amd64 ccache amd64 3.7.7-1 [121 kB]\n[Core/build]   | Fetched 121 kB in 0s (446 kB/s)\n[Core/build]   | Selecting previously unselected package ccache.\r\n[Core/build]   | (Reading database ... \r(Reading database ... 5%\r(Reading database ... 10%\r(Reading database ... 15%\r(Reading database ... 20%\r(Reading database ... 25%\r(Reading database ... 30%\r(Reading database ... 35%\r(Reading database ... 40%\r(Reading database ... 45%\r(Reading database ... 50%\r(Reading database ... 55%\r(Reading database ... 60%\r(Reading database ... 65%\r(Reading database ... 70%\r(Reading database ... 75%\r(Reading database ... 80%\r(Reading database ... 85%\r(Reading database ... 90%\r(Reading database ... 95%\r(Reading database ... 100%\r(Reading database ... 193678 files and directories currently installed.)\r\n[Core/build]   | Preparing to unpack .../ccache_3.7.7-1_amd64.deb ...\r\n[Core/build]   | Unpacking ccache (3.7.7-1) ...\r\n[Core/build]   | Setting up ccache (3.7.7-1) ...\r\n[Core/build]   | Updating symlinks in /usr/lib/ccache ...\r\n[Core/build]   | \n[Core/build]   \u2753  ::endgroup::\n[Core/build]   \u2753  ::group::Restore cache\n[Core/build]   \ud83d\udcac  ::debug::Resolved Keys:\n[Core/build]   \ud83d\udcac  ::debug::[\"ccache-Linux-\",\"ccache-Linux-\"]\n[Core/build]   \ud83d\udcac  ::debug::Checking zstd --quiet --version\n[Core/build]   \ud83d\udcac  ::debug::1.5.0\n[Core/build]   \ud83d\udcac  ::debug::zstd version: 1.5.0\n[Core/build]   \ud83d\udcac  ::debug::getCacheEntry - Attempt 1 of 2 failed with error: Cache Service Url not found, unable to restore cache.\n[Core/build]   \ud83d\udcac  ::debug::getCacheEntry - Attempt 2 of 2 failed with error: Cache Service Url not found, unable to restore cache.\n[Core/build]   \ud83d\udea7  ::warning::Failed to restore: getCacheEntry failed: Cache Service Url not found, unable to restore cache.\n[Core/build]   \ud83d\udcac  ::debug::Failed to delete archive: Error: ENOENT: no such file or directory, unlink ''\n[Core/build]   | No cache found.\n[Core/build]   \u2753  ::endgroup::\n[Core/build]   \u2753  ::group::Configure ccache\n[Core/build]   | [command]/usr/bin/bash -xc ccache --set-config=cache_dir='/tmp/569e0364-0b80-11ee-a890-af2cc187fc11/LSPosed-LSPosed/.ccache'\n[Core/build]   | + '[' -z '' ']'\n[Core/build]   | + return\n[Core/build]   | + case $- in\n[Core/build]   | + return\n[Core/build]   | + ccache --set-config=cache_dir=/tmp/569e0364-0b80-11ee-a890-af2cc187fc11/LSPosed-LSPosed/.ccache\n[Core/build]   | [command]/usr/bin/bash -xc ccache --set-config=max_size='2G'\n[Core/build]   | + '[' -z '' ']'\n[Core/build]   | + return\n[Core/build]   | + case $- in\n[Core/build]   | + return\n[Core/build]   | + ccache --set-config=max_size=2G\n[Core/build]   | [command]/usr/bin/bash -xc ccache --set-config=compression=true\n[Core/build]   | + '[' -z '' ']'\n[Core/build]   | + return\n[Core/build]   | + case $- in\n[Core/build]   | + return\n[Core/build]   | + ccache --set-config=compression=true\n[Core/build]   | Cccache config:\n[Core/build]   | [command]/usr/bin/bash -xc ccache -p\n[Core/build]   | + '[' -z '' ']'\n[Core/build]   | + return\n[Core/build]   | + case $- in\n[Core/build]   | + return\n[Core/build]   | + ccache -p\n[Core/build]   | (environment) base_dir = /tmp/569e0364-0b80-11ee-a890-af2cc187fc11/LSPosed-LSPosed\n[Core/build]   | (/home/runneradmin/.ccache/ccache.conf) cache_dir = /tmp/569e0364-0b80-11ee-a890-af2cc187fc11/LSPosed-LSPosed/.ccache\n[Core/build]   | (default) cache_dir_levels = 2\n[Core/build]   | (default) compiler = \n[Core/build]   | (environment) compiler_check = %compiler% -dumpmachine; %compiler% -dumpversion\n[Core/build]   | (/home/runneradmin/.ccache/ccache.conf) compression = true\n[Core/build]   | (default) compression_level = 6\n[Core/build]   | (default) cpp_extension = \n[Core/build]   | (default) debug = false\n[Core/build]   | (default) depend_mode = false\n[Core/build]   | (default) direct_mode = true\n[Core/build]   | (default) disable = false\n[Core/build]   | (default) extra_files_to_hash = \n[Core/build]   | (environment) hard_link = true\n[Core/build]   | (environment) hash_dir = false\n[Core/build]   | (default) ignore_headers_in_manifest = \n[Core/build]   | (default) keep_comments_cpp = false\n[Core/build]   | (default) limit_multiple = 0.8\n[Core/build]   | (default) log_file = \n[Core/build]   | (default) max_files = 0\n[Core/build]   | (/home/runneradmin/.ccache/ccache.conf) max_size = 2.0G\n[Core/build]   | (default) path = \n[Core/build]   | (default) pch_external_checksum = false\n[Core/build]   | (default) prefix_command = \n[Core/build]   | (default) prefix_command_cpp = \n[Core/build]   | (default) read_only = false\n[Core/build]   | (default) read_only_direct = false\n[Core/build]   | (default) recache = false\n[Core/build]   | (default) run_second_cpp = true\n[Core/build]   | (default) sloppiness = \n[Core/build]   | (default) stats = true\n[Core/build]   | (default) temporary_dir = \n[Core/build]   | (default) umask = \n[Core/build]   | [command]/usr/bin/bash -xc ccache -z\n[Core/build]   | + '[' -z '' ']'\n[Core/build]   | + return\n[Core/build]   | + case $- in\n[Core/build]   | + return\n[Core/build]   | + ccache -z\n[Core/build]   | Statistics zeroed\n[Core/build]   \u2753  ::endgroup::\n[Core/build]   \u2705  Success - Main Set up ccache\n[Core/build] \u2b50 Run Main Build with Gradle\n[Core/build]   \ud83d\udc33  docker exec cmd=[bash --noprofile --norc -e -o pipefail /var/run/act/workflow/5] user= workdir=\n[Core/build]   | Downloading https://services.gradle.org/distributions/gradle-8.1.1-bin.zip\n[Core/build]   | ...........10%............20%............30%............40%............50%............60%............70%............80%...........90%............100%\n[Core/build]   | \n[Core/build]   | Welcome to Gradle 8.1.1!\n[Core/build]   | \n[Core/build]   | Here are the highlights of this release:\n[Core/build]   |  - Stable configuration cache\n[Core/build]   |  - Experimental Kotlin DSL assignment syntax\n[Core/build]   |  - Building with Java 20\n[Core/build]   | \n[Core/build]   | For more details see https://docs.gradle.org/8.1.1/release-notes.html\n[Core/build]   | \n[Core/build]   | Starting a Gradle Daemon (subsequent builds will be faster)\n[Core/build]   | Type-safe project accessors is an incubating feature.\n[Core/build]   | \n[Core/build]   | > Configure project :app\n[Core/build]   | WARNING: The option setting 'android.experimental.enableNewResourceShrinker.preciseShrinking=true' is experimental.\n[Core/build]   | The current default is 'false'.\n[Core/build]   | WARNING: The option setting 'android.enableAppCompileTimeRClass=true' is experimental.\n[Core/build]   | The current default is 'false'.\n[Core/build]   | Use ccache: /usr/bin/ccache\n[Core/build]   | Apksign fallbacks to use debug singature\n[Core/build]   | \n[Core/build]   | FAILURE: Build failed with an exception.\n[Core/build]   | \n[Core/build]   | * What went wrong:\n[Core/build]   | A problem occurred configuring project ':app'.\n[Core/build]   | > SDK location not found. Define a valid SDK location with an ANDROID_HOME environment variable or by setting the sdk.dir path in your project's local properties file at '/tmp/569e0364-0b80-11ee-a890-af2cc187fc11/LSPosed-LSPosed/local.properties'.\n[Core/build]   | \n[Core/build]   | * Try:\n[Core/build]   | > Run with --stacktrace option to get the stack trace.\n[Core/build]   | > Run with --info or --debug option to get more log output.\n[Core/build]   | > Run with --scan to get full insights.\n[Core/build]   | \n[Core/build]   | * Get more help at https://help.gradle.org\n[Core/build]   | \n[Core/build]   | BUILD FAILED in 1m 48s\n[Core/build]   \u274c  Failure - Main Build with Gradle\n[Core/build] exitcode '1': failure\n[Core/build] \u2b50 Run Post Set up ccache\n[Core/build]   \ud83d\udc33  docker exec cmd=[node /var/run/act/actions/hendrikmuhs-ccache-action@v1.2/dist/save/index.js] user= workdir=\n[Core/build]   \u2753  ::group::ccache stats\n[Core/build]   | [command]/usr/bin/ccache -s\n[Core/build]   | cache directory                     /tmp/569e0364-0b80-11ee-a890-af2cc187fc11/LSPosed-LSPosed/.ccache\n[Core/build]   | primary config                      /home/runneradmin/.ccache/ccache.conf\n[Core/build]   | secondary config      (readonly)    /etc/ccache.conf\n[Core/build]   | cache hit (direct)                     0\n[Core/build]   | cache hit (preprocessed)               0\n[Core/build]   | cache miss                             0\n[Core/build]   | cache hit rate                      0.00 %\n[Core/build]   | cleanups performed                     0\n[Core/build]   | files in cache                         0\n[Core/build]   | cache size                           0.0 kB\n[Core/build]   | max cache size                       2.0 GB\n[Core/build]   \u2753  ::endgroup::\n[Core/build]   | Not saving cache because no objects are cached.\n[Core/build]   \u2705  Success - Post Set up ccache\n[Core/build] \u2b50 Run Post Setup Gradle\n[Core/build]   \ud83d\udc33  docker exec cmd=[node /var/run/act/actions/gradle-gradle-build-action@v2/dist/post/index.js] user= workdir=\n[Core/build]   | In final post-action step, saving state and writing summary\n[Core/build]   | Cache is disabled: will not save state for later builds.\n[Core/build]   | Writing job summary\n[Core/build]   \ud83d\udcac  ::debug::No Gradle build results found. Summary table will not be generated.\n[Core/build]   \u2705  Success - Post Setup Gradle\n[Core/build] \u2b50 Run Post Setup Java\n[Core/build]   \ud83d\udc33  docker exec cmd=[node /var/run/act/actions/actions-setup-java@v3/dist/cleanup/index.js] user= workdir=\n[Core/build]   \u2705  Success - Post Setup Java\n[Core/build] \ud83c\udfc1  Job failed\n",
        "stderr": "Error: Job 'build' failed\n",
        "workflow": "/tmp/569e0364-0b80-11ee-a890-af2cc187fc11/LSPosed-LSPosed/.github/workflows/core-crawler.yml",
        "build_tool": "gradle",
        "elapsed_time": 262.1142234802246
    }
}