{
    "repository": "mokies/ratelimitj",
    "stars": 463,
    "language": "java",
    "size": 1159,
    "clone_url": "https://github.com/mokies/ratelimitj.git",
    "timestamp": "2023-06-15T16:08:08.291311Z",
    "clone_success": true,
    "number of actions": 0,
    "number_of_test_actions": 1,
    "actions_successful": false,
    "number_of_actions": 1,
    "actions_build_tools": [
        "gradle"
    ],
    "actions_test_build_tools": [
        "gradle"
    ],
    "actions_data": {
        "failed": true,
        "tests": [],
        "stdout": "[RatelimitJ CI/build] \ud83d\ude80  Start image=crawlergpt:latest\n[RatelimitJ CI/build]   \ud83d\udc33  docker pull image=crawlergpt:latest platform= username= forcePull=false\n[RatelimitJ CI/build]   \ud83d\udc33  docker create image=crawlergpt:latest platform= entrypoint=[\"tail\" \"-f\" \"/dev/null\"] cmd=[]\n[RatelimitJ CI/build]   \ud83d\udc33  docker run image=crawlergpt:latest platform= entrypoint=[\"tail\" \"-f\" \"/dev/null\"] cmd=[]\n[RatelimitJ CI/build]   \ud83d\udc33  docker exec cmd=[chown -R 1012:1000 /tmp/569e0364-0b80-11ee-a890-af2cc187fc11/mokies-ratelimitj] user=0 workdir=\n[RatelimitJ CI/build]   \u2601  git clone 'https://github.com/actions/setup-java' # ref=v3\n[RatelimitJ CI/build] Non-terminating error while running 'git clone': some refs were not updated\n[RatelimitJ CI/build]   \u2601  git clone 'https://github.com/gradle/wrapper-validation-action' # ref=e6e38bacfdf1a337459f332974bb2327a31aaf4b\n[RatelimitJ CI/build]   \u2601  git clone 'https://github.com/gradle/gradle-build-action' # ref=v2\n[RatelimitJ CI/build] Non-terminating error while running 'git clone': some refs were not updated\n[RatelimitJ CI/build] \u2b50 Run Main actions/checkout@v3\n[RatelimitJ CI/build]   \u2705  Success - Main actions/checkout@v3\n[RatelimitJ CI/build] \u2b50 Run Main Set up JDK 11\n[RatelimitJ CI/build]   \ud83d\udc33  docker cp src=/home/andre-silva/.cache/act/actions-setup-java@v3/ dst=/var/run/act/actions/actions-setup-java@v3/\n[RatelimitJ CI/build]   \ud83d\udc33  docker exec cmd=[chown -R 1012:1000 /var/run/act/actions/actions-setup-java@v3/] user=0 workdir=\n[RatelimitJ CI/build]   \ud83d\udc33  docker exec cmd=[node /var/run/act/actions/actions-setup-java@v3/dist/setup/index.js] user= workdir=\n[RatelimitJ CI/build]   \u2753  ::group::Installed distributions\n[RatelimitJ CI/build]   | Trying to resolve the latest version from remote\n[RatelimitJ CI/build]   | Resolved latest version as 11.0.19+7\n[RatelimitJ CI/build]   | Trying to download...\n[RatelimitJ CI/build]   | Downloading Java 11.0.19+7 (Temurin-Hotspot) from https://github.com/adoptium/temurin11-binaries/releases/download/jdk-11.0.19%2B7/OpenJDK11U-jdk_x64_linux_hotspot_11.0.19_7.tar.gz ...\n[RatelimitJ CI/build]   \ud83d\udcac  ::debug::Downloading https://github.com/adoptium/temurin11-binaries/releases/download/jdk-11.0.19%252B7/OpenJDK11U-jdk_x64_linux_hotspot_11.0.19_7.tar.gz\n[RatelimitJ CI/build]   \ud83d\udcac  ::debug::Destination /tmp/ee6db21b-c48e-4f8c-97c0-0ddab9e2f4c8\n[RatelimitJ CI/build]   \ud83d\udcac  ::debug::download complete\n[RatelimitJ CI/build]   | Extracting Java archive...\n[RatelimitJ CI/build]   \ud83d\udcac  ::debug::Checking tar --version\n[RatelimitJ CI/build]   \ud83d\udcac  ::debug::tar (GNU tar) 1.30%0ACopyright (C) 2017 Free Software Foundation, Inc.%0ALicense GPLv3+: GNU GPL version 3 or later <https://gnu.org/licenses/gpl.html>.%0AThis is free software: you are free to change and redistribute it.%0AThere is NO WARRANTY, to the extent permitted by law.%0A%0AWritten by John Gilmore and Jay Fenlason.\n[RatelimitJ CI/build]   | [command]/usr/bin/tar xz --warning=no-unknown-keyword -C /tmp/849b9199-e47a-421b-bd43-90c55e3d29ba -f /tmp/ee6db21b-c48e-4f8c-97c0-0ddab9e2f4c8\n[RatelimitJ CI/build]   \ud83d\udcac  ::debug::Caching tool Java_Temurin-Hotspot_jdk 11.0.19-7 x64\n[RatelimitJ CI/build]   \ud83d\udcac  ::debug::source dir: /tmp/849b9199-e47a-421b-bd43-90c55e3d29ba/jdk-11.0.19+7\n[RatelimitJ CI/build]   \ud83d\udcac  ::debug::destination /opt/hostedtoolcache/Java_Temurin-Hotspot_jdk/11.0.19-7/x64\n[RatelimitJ CI/build]   \ud83d\udcac  ::debug::finished caching tool\n[RatelimitJ CI/build]   | Java 11.0.19+7 was downloaded\n[RatelimitJ CI/build]   | Setting Java 11.0.19+7 as the default\n[RatelimitJ CI/build]   | Creating toolchains.xml for JDK version 11 from temurin\n[RatelimitJ CI/build]   | Writing to /home/runneradmin/.m2/toolchains.xml\n[RatelimitJ CI/build]   | \n[RatelimitJ CI/build]   | Java configuration:\n[RatelimitJ CI/build]   |   Distribution: temurin\n[RatelimitJ CI/build]   |   Version: 11.0.19+7\n[RatelimitJ CI/build]   |   Path: /opt/hostedtoolcache/Java_Temurin-Hotspot_jdk/11.0.19-7/x64\n[RatelimitJ CI/build]   | \n[RatelimitJ CI/build]   \u2753  ::endgroup::\n[RatelimitJ CI/build]   \u2753 add-matcher /run/act/actions/actions-setup-java@v3/.github/java.json\n[RatelimitJ CI/build]   | Creating settings.xml with server-id: github\n[RatelimitJ CI/build]   | Writing to /home/runneradmin/.m2/settings.xml\n[RatelimitJ CI/build]   \u2705  Success - Main Set up JDK 11\n[RatelimitJ CI/build]   \u2699  ::set-env:: JAVA_HOME=/opt/hostedtoolcache/Java_Temurin-Hotspot_jdk/11.0.19-7/x64\n[RatelimitJ CI/build]   \u2699  ::set-env:: JAVA_HOME_11_X64=/opt/hostedtoolcache/Java_Temurin-Hotspot_jdk/11.0.19-7/x64\n[RatelimitJ CI/build]   \u2699  ::set-output:: distribution=Temurin-Hotspot\n[RatelimitJ CI/build]   \u2699  ::set-output:: path=/opt/hostedtoolcache/Java_Temurin-Hotspot_jdk/11.0.19-7/x64\n[RatelimitJ CI/build]   \u2699  ::set-output:: version=11.0.19+7\n[RatelimitJ CI/build]   \u2699  ::add-path:: /opt/hostedtoolcache/Java_Temurin-Hotspot_jdk/11.0.19-7/x64/bin\n[RatelimitJ CI/build] \u2b50 Run Main Validate Gradle wrapper\n[RatelimitJ CI/build]   \ud83d\udc33  docker cp src=/home/andre-silva/.cache/act/gradle-wrapper-validation-action@e6e38bacfdf1a337459f332974bb2327a31aaf4b/ dst=/var/run/act/actions/gradle-wrapper-validation-action@e6e38bacfdf1a337459f332974bb2327a31aaf4b/\n[RatelimitJ CI/build]   \ud83d\udc33  docker exec cmd=[chown -R 1012:1000 /var/run/act/actions/gradle-wrapper-validation-action@e6e38bacfdf1a337459f332974bb2327a31aaf4b/] user=0 workdir=\n[RatelimitJ CI/build]   \ud83d\udc33  docker exec cmd=[node /var/run/act/actions/gradle-wrapper-validation-action@e6e38bacfdf1a337459f332974bb2327a31aaf4b/dist/index.js] user= workdir=\n[RatelimitJ CI/build]   | \u2713 Found known Gradle Wrapper JAR files:\n[RatelimitJ CI/build]   |   e996d452d2645e70c01c11143ca2d3742734a28da2bf61f25c82bdc288c9e637 gradle/wrapper/gradle-wrapper.jar\n[RatelimitJ CI/build]   \u2705  Success - Main Validate Gradle wrapper\n[RatelimitJ CI/build] \u2b50 Run Main Build with Gradle\n[RatelimitJ CI/build]   \ud83d\udc33  docker cp src=/home/andre-silva/.cache/act/gradle-gradle-build-action@v2/ dst=/var/run/act/actions/gradle-gradle-build-action@v2/\n[RatelimitJ CI/build]   \ud83d\udc33  docker exec cmd=[chown -R 1012:1000 /var/run/act/actions/gradle-gradle-build-action@v2/] user=0 workdir=\n[RatelimitJ CI/build]   \ud83d\udc33  docker exec cmd=[node /var/run/act/actions/gradle-gradle-build-action@v2/dist/main/index.js] user= workdir=\n[RatelimitJ CI/build]   \ud83d\udcac  ::debug::Determined user.home from java -version output: '/home/runneradmin'\n[RatelimitJ CI/build]   | Cache is disabled: will not restore state from previous builds.\n[RatelimitJ CI/build]   | [command]/tmp/569e0364-0b80-11ee-a890-af2cc187fc11/mokies-ratelimitj/gradlew check\n[RatelimitJ CI/build]   | Downloading https://services.gradle.org/distributions/gradle-7.4.2-bin.zip\n[RatelimitJ CI/build]   | ...........10%...........20%...........30%...........40%...........50%...........60%...........70%...........80%...........90%...........100%\n[RatelimitJ CI/build]   | \n[RatelimitJ CI/build]   | Welcome to Gradle 7.4.2!\n[RatelimitJ CI/build]   | \n[RatelimitJ CI/build]   | Here are the highlights of this release:\n[RatelimitJ CI/build]   |  - Aggregated test and JaCoCo reports\n[RatelimitJ CI/build]   |  - Marking additional test source directories as tests in IntelliJ\n[RatelimitJ CI/build]   |  - Support for Adoptium JDKs in Java toolchains\n[RatelimitJ CI/build]   | \n[RatelimitJ CI/build]   | For more details see https://docs.gradle.org/7.4.2/release-notes.html\n[RatelimitJ CI/build]   | \n[RatelimitJ CI/build]   | Starting a Gradle Daemon (subsequent builds will be faster)\n[RatelimitJ CI/build]   | > Task :ratelimitj-dropwizard:processResources NO-SOURCE\n[RatelimitJ CI/build]   | > Task :compileJava NO-SOURCE\n[RatelimitJ CI/build]   | > Task :ratelimitj-hazelcast:processResources NO-SOURCE\n[RatelimitJ CI/build]   | > Task :ratelimitj-aerospike:processResources NO-SOURCE\n[RatelimitJ CI/build]   | > Task :ratelimitj-inmemory:processResources NO-SOURCE\n[RatelimitJ CI/build]   | > Task :ratelimitj-examples:processResources NO-SOURCE\n[RatelimitJ CI/build]   | > Task :ratelimitj-inmemory:processTestResources NO-SOURCE\n[RatelimitJ CI/build]   | > Task :ratelimitj-aerospike:processTestResources NO-SOURCE\n[RatelimitJ CI/build]   | > Task :ratelimitj-hazelcast:processTestResources NO-SOURCE\n[RatelimitJ CI/build]   | > Task :ratelimitj-examples:processTestResources NO-SOURCE\n[RatelimitJ CI/build]   | > Task :processResources NO-SOURCE\n[RatelimitJ CI/build]   | > Task :classes UP-TO-DATE\n[RatelimitJ CI/build]   | > Task :compileTestJava NO-SOURCE\n[RatelimitJ CI/build]   | > Task :processTestResources NO-SOURCE\n[RatelimitJ CI/build]   | > Task :testClasses UP-TO-DATE\n[RatelimitJ CI/build]   | > Task :test NO-SOURCE\n[RatelimitJ CI/build]   | > Task :check UP-TO-DATE\n[RatelimitJ CI/build]   | > Task :ratelimitj-redis:processResources\n[RatelimitJ CI/build]   | > Task :ratelimitj-test:processResources\n[RatelimitJ CI/build]   | > Task :ratelimitj-dropwizard:processTestResources\n[RatelimitJ CI/build]   | > Task :ratelimitj-test:processTestResources NO-SOURCE\n[RatelimitJ CI/build]   | > Task :ratelimitj-redis:processTestResources\n[RatelimitJ CI/build]   | \n[RatelimitJ CI/build]   | > Task :composeBuild FAILED\n[RatelimitJ CI/build]   | [704] Failed to execute script docker-compose\n[RatelimitJ CI/build]   | Traceback (most recent call last):\n[RatelimitJ CI/build]   |   File \"urllib3/connectionpool.py\", line 677, in urlopen\n[RatelimitJ CI/build]   |   File \"urllib3/connectionpool.py\", line 392, in _make_request\n[RatelimitJ CI/build]   |   File \"http/client.py\", line 1277, in request\n[RatelimitJ CI/build]   |   File \"http/client.py\", line 1323, in _send_request\n[RatelimitJ CI/build]   |   File \"http/client.py\", line 1272, in endheaders\n[RatelimitJ CI/build]   |   File \"http/client.py\", line 1032, in _send_output\n[RatelimitJ CI/build]   |   File \"http/client.py\", line 972, in send\n[RatelimitJ CI/build]   |   File \"docker/transport/unixconn.py\", line 43, in connect\n[RatelimitJ CI/build]   | PermissionError: [Errno 13] Permission denied\n[RatelimitJ CI/build]   | \n[RatelimitJ CI/build]   | During handling of the above exception, another exception occurred:\n[RatelimitJ CI/build]   | \n[RatelimitJ CI/build]   | Traceback (most recent call last):\n[RatelimitJ CI/build]   |   File \"requests/adapters.py\", line 449, in send\n[RatelimitJ CI/build]   |   File \"urllib3/connectionpool.py\", line 727, in urlopen\n[RatelimitJ CI/build]   |   File \"urllib3/util/retry.py\", line 410, in increment\n[RatelimitJ CI/build]   |   File \"urllib3/packages/six.py\", line 734, in reraise\n[RatelimitJ CI/build]   |   File \"urllib3/connectionpool.py\", line 677, in urlopen\n[RatelimitJ CI/build]   |   File \"urllib3/connectionpool.py\", line 392, in _make_request\n[RatelimitJ CI/build]   |   File \"http/client.py\", line 1277, in request\n[RatelimitJ CI/build]   |   File \"http/client.py\", line 1323, in _send_request\n[RatelimitJ CI/build]   |   File \"http/client.py\", line 1272, in endheaders\n[RatelimitJ CI/build]   |   File \"http/client.py\", line 1032, in _send_output\n[RatelimitJ CI/build]   |   File \"http/client.py\", line 972, in send\n[RatelimitJ CI/build]   |   File \"docker/transport/unixconn.py\", line 43, in connect\n[RatelimitJ CI/build]   | urllib3.exceptions.ProtocolError: ('Connection aborted.', PermissionError(13, 'Permission denied'))\n[RatelimitJ CI/build]   | \n[RatelimitJ CI/build]   | During handling of the above exception, another exception occurred:\n[RatelimitJ CI/build]   | \n[RatelimitJ CI/build]   | Traceback (most recent call last):\n[RatelimitJ CI/build]   |   File \"docker/api/client.py\", line 214, in _retrieve_server_version\n[RatelimitJ CI/build]   |   File \"docker/api/daemon.py\", line 181, in version\n[RatelimitJ CI/build]   |   File \"docker/utils/decorators.py\", line 46, in inner\n[RatelimitJ CI/build]   |   File \"docker/api/client.py\", line 237, in _get\n[RatelimitJ CI/build]   |   File \"requests/sessions.py\", line 543, in get\n[RatelimitJ CI/build]   |   File \"requests/sessions.py\", line 530, in request\n[RatelimitJ CI/build]   |   File \"requests/sessions.py\", line 643, in send\n[RatelimitJ CI/build]   |   File \"requests/adapters.py\", line 498, in send\n[RatelimitJ CI/build]   | requests.exceptions.ConnectionError: ('Connection aborted.', PermissionError(13, 'Permission denied'))\n[RatelimitJ CI/build]   | \n[RatelimitJ CI/build]   | During handling of the above exception, another exception occurred:\n[RatelimitJ CI/build]   | \n[RatelimitJ CI/build]   | Traceback (most recent call last):\n[RatelimitJ CI/build]   |   File \"docker-compose\", line 3, in <module>\n[RatelimitJ CI/build]   |   File \"compose/cli/main.py\", line 81, in main\n[RatelimitJ CI/build]   |   File \"compose/cli/main.py\", line 200, in perform_command\n[RatelimitJ CI/build]   |   File \"compose/cli/command.py\", line 70, in project_from_options\n[RatelimitJ CI/build]   |   File \"compose/cli/command.py\", line 153, in get_project\n[RatelimitJ CI/build]   |   File \"compose/cli/docker_client.py\", line 43, in get_client\n[RatelimitJ CI/build]   |   File \"compose/cli/docker_client.py\", line 170, in docker_client\n[RatelimitJ CI/build]   |   File \"docker/api/client.py\", line 197, in __init__\n[RatelimitJ CI/build]   |   File \"docker/api/client.py\", line 222, in _retrieve_server_version\n[RatelimitJ CI/build]   | docker.errors.DockerException: Error while fetching server API version: ('Connection aborted.', PermissionError(13, 'Permission denied'))\n[RatelimitJ CI/build]   | \n[RatelimitJ CI/build]   | > Task :ratelimitj-core:compileJava\n[RatelimitJ CI/build]   | Note: /tmp/569e0364-0b80-11ee-a890-af2cc187fc11/mokies-ratelimitj/ratelimitj-core/src/main/java/es/moki/ratelimitj/core/time/SystemTimeSupplier.java uses or overrides a deprecated API.\n[RatelimitJ CI/build]   | Note: Recompile with -Xlint:deprecation for details.\n[RatelimitJ CI/build]   | \n[RatelimitJ CI/build]   | FAILURE: Build failed with an exception.\n[RatelimitJ CI/build]   | \n[RatelimitJ CI/build]   | * What went wrong:\n[RatelimitJ CI/build]   | Execution failed for task ':composeBuild'.\n[RatelimitJ CI/build]   | > Exit-code 255 when calling docker-compose, stdout: \n[RatelimitJ CI/build]   | \n[RatelimitJ CI/build]   | * Try:\n[RatelimitJ CI/build]   | > Run with --stacktrace option to get the stack trace.\n[RatelimitJ CI/build]   | > Run with --info or --debug option to get more log output.\n[RatelimitJ CI/build]   | > Run with --scan to get full insights.\n[RatelimitJ CI/build]   | \n[RatelimitJ CI/build]   | * Get more help at https://help.gradle.org\n[RatelimitJ CI/build]   | \n[RatelimitJ CI/build]   | BUILD FAILED in 47s\n[RatelimitJ CI/build]   | \n[RatelimitJ CI/build]   | Deprecated Gradle features were used in this build, making it incompatible with Gradle 8.0.\n[RatelimitJ CI/build]   | \n[RatelimitJ CI/build]   | You can use '--warning-mode all' to show the individual deprecation warnings and determine if they come from your own scripts or plugins.\n[RatelimitJ CI/build]   | \n[RatelimitJ CI/build]   | See https://docs.gradle.org/7.4.2/userguide/command_line_interface.html#sec:command_line_warnings\n[RatelimitJ CI/build]   | 6 actionable tasks: 6 executed\n[RatelimitJ CI/build]   \u2757  ::error::Gradle build failed: see console output for details\n[RatelimitJ CI/build]   \u274c  Failure - Main Build with Gradle\n[RatelimitJ CI/build]   \u2699  ::set-env:: GRADLE_BUILD_ACTION_SETUP_COMPLETED=true\n[RatelimitJ CI/build]   \u2699  ::set-env:: GRADLE_BUILD_ACTION_CACHE_RESTORED=true\n[RatelimitJ CI/build] exitcode '1': failure\n[RatelimitJ CI/build] \u2b50 Run Post Build with Gradle\n[RatelimitJ CI/build]   \ud83d\udc33  docker exec cmd=[node /var/run/act/actions/gradle-gradle-build-action@v2/dist/post/index.js] user= workdir=\n[RatelimitJ CI/build]   | In final post-action step, saving state and writing summary\n[RatelimitJ CI/build]   | Cache is disabled: will not save state for later builds.\n[RatelimitJ CI/build]   | Writing job summary\n[RatelimitJ CI/build]   \u2705  Success - Post Build with Gradle\n[RatelimitJ CI/build] \u2b50 Run Post Set up JDK 11\n[RatelimitJ CI/build]   \ud83d\udc33  docker exec cmd=[node /var/run/act/actions/actions-setup-java@v3/dist/cleanup/index.js] user= workdir=\n[RatelimitJ CI/build]   \u2705  Success - Post Set up JDK 11\n[RatelimitJ CI/build] \ud83c\udfc1  Job failed\n",
        "stderr": "Error: Job 'build' failed\n",
        "workflow": "/tmp/569e0364-0b80-11ee-a890-af2cc187fc11/mokies-ratelimitj/.github/workflows/gradle-wrapper-validation-crawler.yml",
        "build_tool": "gradle",
        "elapsed_time": 113.68316197395325
    }
}