{
    "repository": "moneymanagerex/android-money-manager-ex",
    "stars": 376,
    "language": "java",
    "size": 31590,
    "clone_url": "https://github.com/moneymanagerex/android-money-manager-ex.git",
    "timestamp": "2023-06-15T14:58:55.421737Z",
    "clone_success": true,
    "number of actions": 0,
    "number_of_test_actions": 1,
    "actions_successful": false,
    "number_of_actions": 1,
    "actions_build_tools": [
        "gradle"
    ],
    "actions_test_build_tools": [
        "gradle"
    ],
    "actions_data": {
        "failed": true,
        "tests": [],
        "stdout": "[Test Build/Run Unit Tests] \ud83d\ude80  Start image=crawlergpt:latest\n[Test Build/Run Unit Tests]   \ud83d\udc33  docker pull image=crawlergpt:latest platform= username= forcePull=false\n[Test Build/Run Unit Tests]   \ud83d\udc33  docker create image=crawlergpt:latest platform= entrypoint=[\"tail\" \"-f\" \"/dev/null\"] cmd=[]\n[Test Build/Run Unit Tests]   \ud83d\udc33  docker run image=crawlergpt:latest platform= entrypoint=[\"tail\" \"-f\" \"/dev/null\"] cmd=[]\n[Test Build/Run Unit Tests]   \ud83d\udc33  docker exec cmd=[chown -R 1012:1000 /tmp/569e0364-0b80-11ee-a890-af2cc187fc11/moneymanagerex-android-money-manager-ex] user=0 workdir=\n[Test Build/Run Unit Tests]   \u2601  git clone 'https://github.com/actions/setup-java' # ref=v3\n[Test Build/Run Unit Tests] Non-terminating error while running 'git clone': some refs were not updated\n[Test Build/Run Unit Tests] \u2b50 Run Main actions/checkout@v2\n[Test Build/Run Unit Tests]   \u2705  Success - Main actions/checkout@v2\n[Test Build/Run Unit Tests] \u2b50 Run Main set up JDK 11\n[Test Build/Run Unit Tests]   \ud83d\udc33  docker cp src=/home/andre-silva/.cache/act/actions-setup-java@v3/ dst=/var/run/act/actions/actions-setup-java@v3/\n[Test Build/Run Unit Tests]   \ud83d\udc33  docker exec cmd=[chown -R 1012:1000 /var/run/act/actions/actions-setup-java@v3/] user=0 workdir=\n[Test Build/Run Unit Tests]   \ud83d\udc33  docker exec cmd=[node /var/run/act/actions/actions-setup-java@v3/dist/setup/index.js] user= workdir=\n[Test Build/Run Unit Tests]   \u2753  ::group::Installed distributions\n[Test Build/Run Unit Tests]   | Trying to resolve the latest version from remote\n[Test Build/Run Unit Tests]   | Resolved latest version as 11.0.19+7\n[Test Build/Run Unit Tests]   | Trying to download...\n[Test Build/Run Unit Tests]   | Downloading Java 11.0.19+7 (Temurin-Hotspot) from https://github.com/adoptium/temurin11-binaries/releases/download/jdk-11.0.19%2B7/OpenJDK11U-jdk_x64_linux_hotspot_11.0.19_7.tar.gz ...\n[Test Build/Run Unit Tests]   \ud83d\udcac  ::debug::Downloading https://github.com/adoptium/temurin11-binaries/releases/download/jdk-11.0.19%252B7/OpenJDK11U-jdk_x64_linux_hotspot_11.0.19_7.tar.gz\n[Test Build/Run Unit Tests]   \ud83d\udcac  ::debug::Destination /tmp/0f7fd0c4-9342-4e8f-9f08-5b274c29110d\n[Test Build/Run Unit Tests]   \ud83d\udcac  ::debug::download complete\n[Test Build/Run Unit Tests]   | Extracting Java archive...\n[Test Build/Run Unit Tests]   \ud83d\udcac  ::debug::Checking tar --version\n[Test Build/Run Unit Tests]   \ud83d\udcac  ::debug::tar (GNU tar) 1.30%0ACopyright (C) 2017 Free Software Foundation, Inc.%0ALicense GPLv3+: GNU GPL version 3 or later <https://gnu.org/licenses/gpl.html>.%0AThis is free software: you are free to change and redistribute it.%0AThere is NO WARRANTY, to the extent permitted by law.%0A%0AWritten by John Gilmore and Jay Fenlason.\n[Test Build/Run Unit Tests]   | [command]/usr/bin/tar xz --warning=no-unknown-keyword -C /tmp/d35ae8f6-abaf-41dd-9f13-4927ef7bf8a7 -f /tmp/0f7fd0c4-9342-4e8f-9f08-5b274c29110d\n[Test Build/Run Unit Tests]   \ud83d\udcac  ::debug::Caching tool Java_Temurin-Hotspot_jdk 11.0.19-7 x64\n[Test Build/Run Unit Tests]   \ud83d\udcac  ::debug::source dir: /tmp/d35ae8f6-abaf-41dd-9f13-4927ef7bf8a7/jdk-11.0.19+7\n[Test Build/Run Unit Tests]   \ud83d\udcac  ::debug::destination /opt/hostedtoolcache/Java_Temurin-Hotspot_jdk/11.0.19-7/x64\n[Test Build/Run Unit Tests]   \ud83d\udcac  ::debug::finished caching tool\n[Test Build/Run Unit Tests]   | Java 11.0.19+7 was downloaded\n[Test Build/Run Unit Tests]   | Setting Java 11.0.19+7 as the default\n[Test Build/Run Unit Tests]   | Creating toolchains.xml for JDK version 11 from temurin\n[Test Build/Run Unit Tests]   | Writing to /home/runneradmin/.m2/toolchains.xml\n[Test Build/Run Unit Tests]   | \n[Test Build/Run Unit Tests]   | Java configuration:\n[Test Build/Run Unit Tests]   |   Distribution: temurin\n[Test Build/Run Unit Tests]   |   Version: 11.0.19+7\n[Test Build/Run Unit Tests]   |   Path: /opt/hostedtoolcache/Java_Temurin-Hotspot_jdk/11.0.19-7/x64\n[Test Build/Run Unit Tests]   | \n[Test Build/Run Unit Tests]   \u2753  ::endgroup::\n[Test Build/Run Unit Tests]   \u2753 add-matcher /run/act/actions/actions-setup-java@v3/.github/java.json\n[Test Build/Run Unit Tests]   | Creating settings.xml with server-id: github\n[Test Build/Run Unit Tests]   | Writing to /home/runneradmin/.m2/settings.xml\n[Test Build/Run Unit Tests]   \ud83d\udea7  ::warning::The runner was not able to contact the cache service. Caching will be skipped\n[Test Build/Run Unit Tests]   \u2705  Success - Main set up JDK 11\n[Test Build/Run Unit Tests]   \u2699  ::set-env:: JAVA_HOME=/opt/hostedtoolcache/Java_Temurin-Hotspot_jdk/11.0.19-7/x64\n[Test Build/Run Unit Tests]   \u2699  ::set-env:: JAVA_HOME_11_X64=/opt/hostedtoolcache/Java_Temurin-Hotspot_jdk/11.0.19-7/x64\n[Test Build/Run Unit Tests]   \u2699  ::set-output:: path=/opt/hostedtoolcache/Java_Temurin-Hotspot_jdk/11.0.19-7/x64\n[Test Build/Run Unit Tests]   \u2699  ::set-output:: version=11.0.19+7\n[Test Build/Run Unit Tests]   \u2699  ::set-output:: distribution=Temurin-Hotspot\n[Test Build/Run Unit Tests]   \u2699  ::add-path:: /opt/hostedtoolcache/Java_Temurin-Hotspot_jdk/11.0.19-7/x64/bin\n[Test Build/Run Unit Tests] \u2b50 Run Main Unit tests\n[Test Build/Run Unit Tests]   \ud83d\udc33  docker exec cmd=[bash --noprofile --norc -e -o pipefail /var/run/act/workflow/2] user= workdir=\n[Test Build/Run Unit Tests]   | Downloading https://services.gradle.org/distributions/gradle-7.4-bin.zip\n[Test Build/Run Unit Tests]   | ................................................................................................................................................................................................................................................................................................................................................................................................................................................................................................................................................................................................................................................................................................................................................................................................................................................................................................................................................................................................................................................................................................................................................................................................................................................................................................................................................................................................................................................................................................................................................................................................................................................................................................................................................................................................................................................................................................................................................................................................................................................................................................................................................................................................................................................................................................................................................................................................................................................................................................................................................................................................................................................................................................................................................................................................................................................................................................................................................................................................................................................................................................................................................................................................................................................................................................................................................................................................................................................................................................................................................................................................................................................................................................................................................................................................................................................................................................................................................................................................................................................................................................................................................................................................................................................................................................................................................................................................................................................................................................................................................................................................................................................................................................................................................................................................................................................................................................................................................................................................................................................................................................................................................................................................................................................................................................................................................................................................................................................................................................................................................................................................................................................................................................................................................................................................................................................................................................................................................................................................................................\n[Test Build/Run Unit Tests]   | Unzipping /home/runneradmin/.gradle/wrapper/dists/gradle-7.4-bin/c0gwcg53nkjbqw7r0h0umtfvt/gradle-7.4-bin.zip to /home/runneradmin/.gradle/wrapper/dists/gradle-7.4-bin/c0gwcg53nkjbqw7r0h0umtfvt\n[Test Build/Run Unit Tests]   | Set executable permissions for: /home/runneradmin/.gradle/wrapper/dists/gradle-7.4-bin/c0gwcg53nkjbqw7r0h0umtfvt/gradle-7.4/bin/gradle\n[Test Build/Run Unit Tests]   | \n[Test Build/Run Unit Tests]   | Welcome to Gradle 7.4!\n[Test Build/Run Unit Tests]   | \n[Test Build/Run Unit Tests]   | Here are the highlights of this release:\n[Test Build/Run Unit Tests]   |  - Aggregated test and JaCoCo reports\n[Test Build/Run Unit Tests]   |  - Marking additional test source directories as tests in IntelliJ\n[Test Build/Run Unit Tests]   |  - Support for Adoptium JDKs in Java toolchains\n[Test Build/Run Unit Tests]   | \n[Test Build/Run Unit Tests]   | For more details see https://docs.gradle.org/7.4/release-notes.html\n[Test Build/Run Unit Tests]   | \n[Test Build/Run Unit Tests]   | Starting a Gradle Daemon (subsequent builds will be faster)\n[Test Build/Run Unit Tests]   | \n[Test Build/Run Unit Tests]   | FAILURE: Build failed with an exception.\n[Test Build/Run Unit Tests]   | \n[Test Build/Run Unit Tests]   | * What went wrong:\n[Test Build/Run Unit Tests]   | Could not determine the dependencies of task ':androidSVG:testReleaseUnitTest'.\n[Test Build/Run Unit Tests]   | > SDK location not found. Define a valid SDK location with an ANDROID_HOME environment variable or by setting the sdk.dir path in your project's local properties file at '/tmp/569e0364-0b80-11ee-a890-af2cc187fc11/moneymanagerex-android-money-manager-ex/local.properties'.\n[Test Build/Run Unit Tests]   | \n[Test Build/Run Unit Tests]   | * Try:\n[Test Build/Run Unit Tests]   | > Run with --stacktrace option to get the stack trace.\n[Test Build/Run Unit Tests]   | > Run with --info or --debug option to get more log output.\n[Test Build/Run Unit Tests]   | > Run with --scan to get full insights.\n[Test Build/Run Unit Tests]   | \n[Test Build/Run Unit Tests]   | * Get more help at https://help.gradle.org\n[Test Build/Run Unit Tests]   | \n[Test Build/Run Unit Tests]   | BUILD FAILED in 1m 8s\n[Test Build/Run Unit Tests]   \u274c  Failure - Main Unit tests\n[Test Build/Run Unit Tests] exitcode '1': failure\n[Test Build/Run Unit Tests] \u2b50 Run Post set up JDK 11\n[Test Build/Run Unit Tests]   \ud83d\udc33  docker exec cmd=[node /var/run/act/actions/actions-setup-java@v3/dist/cleanup/index.js] user= workdir=\n[Test Build/Run Unit Tests]   \ud83d\udea7  ::warning::Error retrieving key from state.\n[Test Build/Run Unit Tests]   \u2705  Success - Post set up JDK 11\n[Test Build/Run Unit Tests] \ud83c\udfc1  Job failed\n",
        "stderr": "Error: Job 'Run Unit Tests' failed\n",
        "workflow": "/tmp/569e0364-0b80-11ee-a890-af2cc187fc11/moneymanagerex-android-money-manager-ex/.github/workflows/testbuild-crawler.yml",
        "build_tool": "gradle",
        "elapsed_time": 96.7106192111969
    }
}