{
    "repository": "natario1/GIFCompressor",
    "stars": 114,
    "language": "java",
    "size": 2523,
    "clone_url": "https://github.com/natario1/GIFCompressor.git",
    "timestamp": "2023-06-15T17:32:32.525974Z",
    "clone_success": true,
    "number of actions": 0,
    "number_of_test_actions": 1,
    "actions_successful": false,
    "number_of_actions": 2,
    "actions_build_tools": [
        "gradle",
        "gradle"
    ],
    "actions_test_build_tools": [
        "gradle"
    ],
    "actions_data": {
        "failed": true,
        "tests": [],
        "stdout": "[Build/Base Checks     ] \ud83d\ude80  Start image=crawlergpt:latest\n[Build/Emulator Tests-1] \ud83d\ude80  Start image=crawlergpt:latest\n[Build/Emulator Tests-2] \ud83d\ude80  Start image=crawlergpt:latest\n[Build/Emulator Tests-2]   \ud83d\udc33  docker pull image=crawlergpt:latest platform= username= forcePull=false\n[Build/Base Checks     ]   \ud83d\udc33  docker pull image=crawlergpt:latest platform= username= forcePull=false\n[Build/Emulator Tests-1]   \ud83d\udc33  docker pull image=crawlergpt:latest platform= username= forcePull=false\n[Build/Emulator Tests-2]   \ud83d\udc33  docker create image=crawlergpt:latest platform= entrypoint=[\"tail\" \"-f\" \"/dev/null\"] cmd=[]\n[Build/Emulator Tests-1]   \ud83d\udc33  docker create image=crawlergpt:latest platform= entrypoint=[\"tail\" \"-f\" \"/dev/null\"] cmd=[]\n[Build/Base Checks     ]   \ud83d\udc33  docker create image=crawlergpt:latest platform= entrypoint=[\"tail\" \"-f\" \"/dev/null\"] cmd=[]\n[Build/Emulator Tests-2]   \ud83d\udc33  docker run image=crawlergpt:latest platform= entrypoint=[\"tail\" \"-f\" \"/dev/null\"] cmd=[]\n[Build/Emulator Tests-1]   \ud83d\udc33  docker run image=crawlergpt:latest platform= entrypoint=[\"tail\" \"-f\" \"/dev/null\"] cmd=[]\n[Build/Base Checks     ]   \ud83d\udc33  docker run image=crawlergpt:latest platform= entrypoint=[\"tail\" \"-f\" \"/dev/null\"] cmd=[]\n[Build/Emulator Tests-1]   \ud83d\udc33  docker exec cmd=[chown -R 1012:1000 /tmp/569e0364-0b80-11ee-a890-af2cc187fc11/natario1-GIFCompressor] user=0 workdir=\n[Build/Base Checks     ]   \ud83d\udc33  docker exec cmd=[chown -R 1012:1000 /tmp/569e0364-0b80-11ee-a890-af2cc187fc11/natario1-GIFCompressor] user=0 workdir=\n[Build/Emulator Tests-2]   \ud83d\udc33  docker exec cmd=[chown -R 1012:1000 /tmp/569e0364-0b80-11ee-a890-af2cc187fc11/natario1-GIFCompressor] user=0 workdir=\n[Build/Emulator Tests-1]   \u2601  git clone 'https://github.com/actions/setup-java' # ref=v1\n[Build/Base Checks     ]   \u2601  git clone 'https://github.com/actions/setup-java' # ref=v1\n[Build/Emulator Tests-2]   \u2601  git clone 'https://github.com/actions/setup-java' # ref=v1\n[Build/Emulator Tests-1] Non-terminating error while running 'git clone': some refs were not updated\n[Build/Emulator Tests-1]   \u2601  git clone 'https://github.com/reactivecircus/android-emulator-runner' # ref=v2.2.0\n[Build/Base Checks     ] Non-terminating error while running 'git clone': some refs were not updated\n[Build/Base Checks     ] \u2b50 Run Main actions/checkout@v2\n[Build/Emulator Tests-2] Non-terminating error while running 'git clone': some refs were not updated\n[Build/Emulator Tests-2]   \u2601  git clone 'https://github.com/reactivecircus/android-emulator-runner' # ref=v2.2.0\n[Build/Base Checks     ]   \u2705  Success - Main actions/checkout@v2\n[Build/Base Checks     ] \u2b50 Run Main actions/setup-java@v1\n[Build/Base Checks     ]   \ud83d\udc33  docker cp src=/home/andre-silva/.cache/act/actions-setup-java@v1/ dst=/var/run/act/actions/actions-setup-java@v1/\n[Build/Base Checks     ]   \ud83d\udc33  docker exec cmd=[chown -R 1012:1000 /var/run/act/actions/actions-setup-java@v1/] user=0 workdir=\n[Build/Base Checks     ]   \ud83d\udc33  docker exec cmd=[node /var/run/act/actions/actions-setup-java@v1/dist/setup/index.js] user= workdir=\n[Build/Base Checks     ]   \ud83d\udcac  ::debug::isExplicit: \n[Build/Base Checks     ]   \ud83d\udcac  ::debug::explicit? false\n[Build/Base Checks     ]   \ud83d\udcac  ::debug::evaluating 0 versions\n[Build/Base Checks     ]   \ud83d\udcac  ::debug::match not found\n[Build/Base Checks     ]   \ud83d\udcac  ::debug::Downloading JDK from Azul\n[Build/Base Checks     ]   \ud83d\udcac  ::debug::Searching for files with extension: -linux_x64.tar.gz\n[Build/Base Checks     ]   \ud83d\udcac  ::debug::Downloading https://static.azul.com/zulu/bin/zulu8.70.0.23-ca-jdk8.0.372-linux_x64.tar.gz\n[Build/Base Checks     ]   \ud83d\udcac  ::debug::Downloading /tmp/e7771eb3-f523-465f-864e-8b9eaa4eca38\n[Build/Base Checks     ]   \ud83d\udcac  ::debug::download complete\n[Build/Base Checks     ]   | [command]/usr/bin/tar --version\n[Build/Base Checks     ]   | tar (GNU tar) 1.30\n[Build/Base Checks     ]   | Copyright (C) 2017 Free Software Foundation, Inc.\n[Build/Base Checks     ]   | License GPLv3+: GNU GPL version 3 or later <https://gnu.org/licenses/gpl.html>.\n[Build/Base Checks     ]   | This is free software: you are free to change and redistribute it.\n[Build/Base Checks     ]   | There is NO WARRANTY, to the extent permitted by law.\n[Build/Base Checks     ]   | \n[Build/Base Checks     ]   | Written by John Gilmore and Jay Fenlason.\n[Build/Base Checks     ]   | [command]/usr/bin/tar xz --warning=no-unknown-keyword -C /tmp/temp_1690003300 -f /tmp/e7771eb3-f523-465f-864e-8b9eaa4eca38\n[Build/Base Checks     ]   \ud83d\udcac  ::debug::jdk extracted to /tmp/temp_1690003300/zulu8.70.0.23-ca-jdk8.0.372-linux_x64\n[Build/Base Checks     ]   \ud83d\udcac  ::debug::Caching tool jdk 8.0.372 x64\n[Build/Base Checks     ]   \ud83d\udcac  ::debug::source dir: /tmp/temp_1690003300/zulu8.70.0.23-ca-jdk8.0.372-linux_x64\n[Build/Base Checks     ]   \ud83d\udcac  ::debug::destination /opt/hostedtoolcache/jdk/8.0.372/x64\n[Build/Base Checks     ]   \ud83d\udcac  ::debug::finished caching tool\n[Build/Base Checks     ]   \u2753 add-matcher /run/act/actions/actions-setup-java@v1/.github/java.json\n[Build/Base Checks     ]   | creating settings.xml with server-id: github; environment variables: username=$GITHUB_ACTOR, password=$GITHUB_TOKEN, and gpg-passphrase=null\n[Build/Base Checks     ]   \ud83d\udcac  ::debug::created directory /home/runneradmin/.m2\n[Build/Base Checks     ]   | writing /home/runneradmin/.m2/settings.xml\n[Build/Base Checks     ]   \u2705  Success - Main actions/setup-java@v1\n[Build/Base Checks     ]   \u2699  ::set-env:: JAVA_HOME_8.0.372_x64=/opt/hostedtoolcache/jdk/8.0.372/x64\n[Build/Base Checks     ]   \u2699  ::set-env:: JAVA_HOME=/opt/hostedtoolcache/jdk/8.0.372/x64\n[Build/Base Checks     ]   \u2699  ::set-env:: JAVA_HOME_8_0_372_X64=/opt/hostedtoolcache/jdk/8.0.372/x64\n[Build/Base Checks     ]   \u2699  ::set-output:: path=/opt/hostedtoolcache/jdk/8.0.372/x64\n[Build/Base Checks     ]   \u2699  ::set-output:: version=8.0.372\n[Build/Base Checks     ]   \u2699  ::add-path:: /opt/hostedtoolcache/jdk/8.0.372/x64/bin\n[Build/Base Checks     ] \u2b50 Run Main Perform base checks\n[Build/Base Checks     ]   \ud83d\udc33  docker exec cmd=[bash --noprofile --norc -e -o pipefail /var/run/act/workflow/2] user= workdir=\n[Build/Base Checks     ]   | Downloading https://services.gradle.org/distributions/gradle-5.4.1-all.zip\n[Build/Base Checks     ]   | ..............................................................................................................................................................................................................................................................................................................................................................................................................................................................................................................................................................................................................................................................................................................................................................................................................................................................................................................................................................................................................................................................................................................................................................................................................................................................................................................................................................................................................................................................................................................................................................................................................................................................................................................................................................................................................................................................................................................................................................................................................................................................................................................................................................................................................................................................................................................................................................................................................................................................................................................................................................................................................................................................................................................................................................................................................................................................................................................................................................................................................................................................................................................................................................................................................................................................................................................................................................................................................................................................................................................................................................................................................................................................................................................................................................................................................................................................................................................................................................................................................................................................................................................................................................................................................................................................................................................................................................................................................................................................................................................................................................................................................................................................................................................................................................................................................................................................................................................................................................................................................................................................................................................................................................................................................................................................................................................................................................................................................................................................................................................................................................................................................................................................................................................................................................................................................................................................................................................................................................................................................................................................................................................................................................................................................................................................................................................................................................................................................................................................................................................................................................................................................................................................................................................................................................................................................................................................................................................\n[Build/Base Checks     ]   | Unzipping /home/runneradmin/.gradle/wrapper/dists/gradle-5.4.1-all/1jkdto6ec7o8pep4874j0q1o8h/gradle-5.4.1-all.zip to /home/runneradmin/.gradle/wrapper/dists/gradle-5.4.1-all/1jkdto6ec7o8pep4874j0q1o8h\n[Build/Base Checks     ]   | Set executable permissions for: /home/runneradmin/.gradle/wrapper/dists/gradle-5.4.1-all/1jkdto6ec7o8pep4874j0q1o8h/gradle-5.4.1/bin/gradle\n[Build/Base Checks     ]   | \n[Build/Base Checks     ]   | Welcome to Gradle 5.4.1!\n[Build/Base Checks     ]   | \n[Build/Base Checks     ]   | Here are the highlights of this release:\n[Build/Base Checks     ]   |  - Run builds with JDK12\n[Build/Base Checks     ]   |  - New API for Incremental Tasks\n[Build/Base Checks     ]   |  - Updates to native projects, including Swift 5 support\n[Build/Base Checks     ]   | \n[Build/Base Checks     ]   | For more details see https://docs.gradle.org/5.4.1/release-notes.html\n[Build/Base Checks     ]   | \n[Build/Base Checks     ]   | Starting a Gradle Daemon (subsequent builds will be faster)\n[Build/Emulator Tests-1]   \u2601  git clone 'https://github.com/actions/upload-artifact' # ref=v1\n[Build/Emulator Tests-2]   \u2601  git clone 'https://github.com/actions/upload-artifact' # ref=v1\n[Build/Emulator Tests-1] \ud83e\uddea  Matrix: map[EMULATOR_API:22]\n[Build/Emulator Tests-1] \u2b50 Run Main actions/checkout@v2\n[Build/Emulator Tests-1]   \u2705  Success - Main actions/checkout@v2\n[Build/Emulator Tests-2] \ud83e\uddea  Matrix: map[EMULATOR_API:28 EMULATOR_ARCH:x86_64]\n[Build/Emulator Tests-2] \u2b50 Run Main actions/checkout@v2\n[Build/Emulator Tests-2]   \u2705  Success - Main actions/checkout@v2\n[Build/Emulator Tests-1] \u2b50 Run Main actions/setup-java@v1\n[Build/Emulator Tests-1]   \ud83d\udc33  docker cp src=/home/andre-silva/.cache/act/actions-setup-java@v1/ dst=/var/run/act/actions/actions-setup-java@v1/\n[Build/Emulator Tests-1]   \ud83d\udc33  docker exec cmd=[chown -R 1012:1000 /var/run/act/actions/actions-setup-java@v1/] user=0 workdir=\n[Build/Emulator Tests-2] \u2b50 Run Main actions/setup-java@v1\n[Build/Emulator Tests-2]   \ud83d\udc33  docker cp src=/home/andre-silva/.cache/act/actions-setup-java@v1/ dst=/var/run/act/actions/actions-setup-java@v1/\n[Build/Emulator Tests-2]   \ud83d\udc33  docker exec cmd=[chown -R 1012:1000 /var/run/act/actions/actions-setup-java@v1/] user=0 workdir=\n[Build/Emulator Tests-2]   \ud83d\udc33  docker exec cmd=[node /var/run/act/actions/actions-setup-java@v1/dist/setup/index.js] user= workdir=\n[Build/Emulator Tests-1]   \ud83d\udc33  docker exec cmd=[node /var/run/act/actions/actions-setup-java@v1/dist/setup/index.js] user= workdir=\n[Build/Emulator Tests-2]   \ud83d\udcac  ::debug::isExplicit: \n[Build/Emulator Tests-2]   \ud83d\udcac  ::debug::explicit? false\n[Build/Emulator Tests-2]   \ud83d\udcac  ::debug::evaluating 0 versions\n[Build/Emulator Tests-2]   \ud83d\udcac  ::debug::match not found\n[Build/Emulator Tests-2]   \ud83d\udcac  ::debug::Downloading JDK from Azul\n[Build/Emulator Tests-1]   \ud83d\udcac  ::debug::isExplicit: \n[Build/Emulator Tests-1]   \ud83d\udcac  ::debug::explicit? false\n[Build/Emulator Tests-1]   \ud83d\udcac  ::debug::evaluating 0 versions\n[Build/Emulator Tests-1]   \ud83d\udcac  ::debug::match not found\n[Build/Emulator Tests-1]   \ud83d\udcac  ::debug::Downloading JDK from Azul\n[Build/Emulator Tests-2]   \ud83d\udcac  ::debug::Searching for files with extension: -linux_x64.tar.gz\n[Build/Emulator Tests-1]   \ud83d\udcac  ::debug::Searching for files with extension: -linux_x64.tar.gz\n[Build/Emulator Tests-2]   \ud83d\udcac  ::debug::Downloading https://static.azul.com/zulu/bin/zulu8.70.0.23-ca-jdk8.0.372-linux_x64.tar.gz\n[Build/Emulator Tests-2]   \ud83d\udcac  ::debug::Downloading /tmp/170d63d3-448b-4b9a-b1d1-bbbb0ec53ebc\n[Build/Emulator Tests-1]   \ud83d\udcac  ::debug::Downloading https://static.azul.com/zulu/bin/zulu8.70.0.23-ca-jdk8.0.372-linux_x64.tar.gz\n[Build/Emulator Tests-1]   \ud83d\udcac  ::debug::Downloading /tmp/1299255e-6943-47da-ba31-18dcc6f641c8\n[Build/Emulator Tests-2]   \ud83d\udcac  ::debug::download complete\n[Build/Emulator Tests-2]   | [command]/usr/bin/tar --version\n[Build/Emulator Tests-2]   | tar (GNU tar) 1.30\n[Build/Emulator Tests-2]   | Copyright (C) 2017 Free Software Foundation, Inc.\n[Build/Emulator Tests-2]   | License GPLv3+: GNU GPL version 3 or later <https://gnu.org/licenses/gpl.html>.\n[Build/Emulator Tests-2]   | This is free software: you are free to change and redistribute it.\n[Build/Emulator Tests-2]   | There is NO WARRANTY, to the extent permitted by law.\n[Build/Emulator Tests-2]   | \n[Build/Emulator Tests-2]   | Written by John Gilmore and Jay Fenlason.\n[Build/Emulator Tests-2]   | [command]/usr/bin/tar xz --warning=no-unknown-keyword -C /tmp/temp_1776809018 -f /tmp/170d63d3-448b-4b9a-b1d1-bbbb0ec53ebc\n[Build/Emulator Tests-2]   \ud83d\udcac  ::debug::jdk extracted to /tmp/temp_1776809018/zulu8.70.0.23-ca-jdk8.0.372-linux_x64\n[Build/Emulator Tests-2]   \ud83d\udcac  ::debug::Caching tool jdk 8.0.372 x64\n[Build/Emulator Tests-2]   \ud83d\udcac  ::debug::source dir: /tmp/temp_1776809018/zulu8.70.0.23-ca-jdk8.0.372-linux_x64\n[Build/Emulator Tests-2]   \ud83d\udcac  ::debug::destination /opt/hostedtoolcache/jdk/8.0.372/x64\n[Build/Emulator Tests-2]   \ud83d\udcac  ::debug::finished caching tool\n[Build/Emulator Tests-2]   \u2753 add-matcher /run/act/actions/actions-setup-java@v1/.github/java.json\n[Build/Emulator Tests-2]   | creating settings.xml with server-id: github; environment variables: username=$GITHUB_ACTOR, password=$GITHUB_TOKEN, and gpg-passphrase=null\n[Build/Emulator Tests-2]   \ud83d\udcac  ::debug::created directory /home/runneradmin/.m2\n[Build/Emulator Tests-2]   | writing /home/runneradmin/.m2/settings.xml\n[Build/Emulator Tests-2]   \u2705  Success - Main actions/setup-java@v1\n[Build/Emulator Tests-2]   \u2699  ::set-env:: JAVA_HOME=/opt/hostedtoolcache/jdk/8.0.372/x64\n[Build/Emulator Tests-2]   \u2699  ::set-env:: JAVA_HOME_8_0_372_X64=/opt/hostedtoolcache/jdk/8.0.372/x64\n[Build/Emulator Tests-2]   \u2699  ::set-env:: JAVA_HOME_8.0.372_x64=/opt/hostedtoolcache/jdk/8.0.372/x64\n[Build/Emulator Tests-2]   \u2699  ::set-output:: path=/opt/hostedtoolcache/jdk/8.0.372/x64\n[Build/Emulator Tests-2]   \u2699  ::set-output:: version=8.0.372\n[Build/Emulator Tests-2]   \u2699  ::add-path:: /opt/hostedtoolcache/jdk/8.0.372/x64/bin\n[Build/Emulator Tests-2] \u2b50 Run Main Execute emulator tests\n[Build/Emulator Tests-1]   \ud83d\udcac  ::debug::download complete\n[Build/Emulator Tests-1]   | [command]/usr/bin/tar --version\n[Build/Emulator Tests-1]   | tar (GNU tar) 1.30\n[Build/Emulator Tests-1]   | Copyright (C) 2017 Free Software Foundation, Inc.\n[Build/Emulator Tests-1]   | License GPLv3+: GNU GPL version 3 or later <https://gnu.org/licenses/gpl.html>.\n[Build/Emulator Tests-1]   | This is free software: you are free to change and redistribute it.\n[Build/Emulator Tests-1]   | There is NO WARRANTY, to the extent permitted by law.\n[Build/Emulator Tests-1]   | \n[Build/Emulator Tests-1]   | Written by John Gilmore and Jay Fenlason.\n[Build/Emulator Tests-1]   | [command]/usr/bin/tar xz --warning=no-unknown-keyword -C /tmp/temp_1703995802 -f /tmp/1299255e-6943-47da-ba31-18dcc6f641c8\n[Build/Emulator Tests-2]   \ud83d\udc33  docker cp src=/home/andre-silva/.cache/act/reactivecircus-android-emulator-runner@v2.2.0/ dst=/var/run/act/actions/reactivecircus-android-emulator-runner@v2.2.0/\n[Build/Emulator Tests-2]   \ud83d\udc33  docker exec cmd=[chown -R 1012:1000 /var/run/act/actions/reactivecircus-android-emulator-runner@v2.2.0/] user=0 workdir=\n[Build/Emulator Tests-2]   \ud83d\udc33  docker exec cmd=[node /var/run/act/actions/reactivecircus-android-emulator-runner@v2.2.0/lib/main.js] user= workdir=\n[Build/Emulator Tests-2]   | [command]undefined/platform-tools/adb -s emulator-5554 emu kill\n[Build/Emulator Tests-2]   | There was an error when attempting to execute the process 'undefined/platform-tools/adb'. This may indicate the process failed to start. Error: spawn undefined/platform-tools/adb ENOENT\n[Build/Emulator Tests-2]   \u2757  ##[error]This action is expected to be run within a macOS virtual machine to enable hardware acceleration.\n[Build/Emulator Tests-2]   \u274c  Failure - Main Execute emulator tests\n[Build/Emulator Tests-2] exitcode '1': failure\n[Build/Emulator Tests-2] \u2b50 Run Post actions/setup-java@v1\n[Build/Emulator Tests-2]   \ud83d\udc33  docker exec cmd=[node /var/run/act/actions/actions-setup-java@v1/dist/cleanup/index.js] user= workdir=\n[Build/Emulator Tests-1]   \ud83d\udcac  ::debug::jdk extracted to /tmp/temp_1703995802/zulu8.70.0.23-ca-jdk8.0.372-linux_x64\n[Build/Emulator Tests-1]   \ud83d\udcac  ::debug::Caching tool jdk 8.0.372 x64\n[Build/Emulator Tests-1]   \ud83d\udcac  ::debug::source dir: /tmp/temp_1703995802/zulu8.70.0.23-ca-jdk8.0.372-linux_x64\n[Build/Emulator Tests-1]   \ud83d\udcac  ::debug::destination /opt/hostedtoolcache/jdk/8.0.372/x64\n[Build/Emulator Tests-2]   \u2705  Success - Post actions/setup-java@v1\n[Build/Emulator Tests-1]   \ud83d\udcac  ::debug::finished caching tool\n[Build/Emulator Tests-1]   \u2753 add-matcher /run/act/actions/actions-setup-java@v1/.github/java.json\n[Build/Emulator Tests-1]   | creating settings.xml with server-id: github; environment variables: username=$GITHUB_ACTOR, password=$GITHUB_TOKEN, and gpg-passphrase=null\n[Build/Emulator Tests-1]   \ud83d\udcac  ::debug::created directory /home/runneradmin/.m2\n[Build/Emulator Tests-1]   | writing /home/runneradmin/.m2/settings.xml\n[Build/Emulator Tests-1]   \u2705  Success - Main actions/setup-java@v1\n[Build/Emulator Tests-1]   \u2699  ::set-env:: JAVA_HOME_8.0.372_x64=/opt/hostedtoolcache/jdk/8.0.372/x64\n[Build/Emulator Tests-1]   \u2699  ::set-env:: JAVA_HOME=/opt/hostedtoolcache/jdk/8.0.372/x64\n[Build/Emulator Tests-1]   \u2699  ::set-env:: JAVA_HOME_8_0_372_X64=/opt/hostedtoolcache/jdk/8.0.372/x64\n[Build/Emulator Tests-1]   \u2699  ::set-output:: path=/opt/hostedtoolcache/jdk/8.0.372/x64\n[Build/Emulator Tests-1]   \u2699  ::set-output:: version=8.0.372\n[Build/Emulator Tests-1]   \u2699  ::add-path:: /opt/hostedtoolcache/jdk/8.0.372/x64/bin\n[Build/Emulator Tests-1] \u2b50 Run Main Execute emulator tests\n[Build/Emulator Tests-1]   \ud83d\udc33  docker cp src=/home/andre-silva/.cache/act/reactivecircus-android-emulator-runner@v2.2.0/ dst=/var/run/act/actions/reactivecircus-android-emulator-runner@v2.2.0/\n[Build/Emulator Tests-1]   \ud83d\udc33  docker exec cmd=[chown -R 1012:1000 /var/run/act/actions/reactivecircus-android-emulator-runner@v2.2.0/] user=0 workdir=\n[Build/Emulator Tests-1]   \ud83d\udc33  docker exec cmd=[node /var/run/act/actions/reactivecircus-android-emulator-runner@v2.2.0/lib/main.js] user= workdir=\n[Build/Emulator Tests-2] \ud83c\udfc1  Job failed\n[Build/Emulator Tests-1]   | [command]undefined/platform-tools/adb -s emulator-5554 emu kill\n[Build/Emulator Tests-1]   | There was an error when attempting to execute the process 'undefined/platform-tools/adb'. This may indicate the process failed to start. Error: spawn undefined/platform-tools/adb ENOENT\n[Build/Emulator Tests-1]   \u2757  ##[error]This action is expected to be run within a macOS virtual machine to enable hardware acceleration.\n[Build/Emulator Tests-1]   \u274c  Failure - Main Execute emulator tests\n[Build/Base Checks     ]   | \n[Build/Base Checks     ]   | FAILURE: Build failed with an exception.\n[Build/Base Checks     ]   | \n[Build/Base Checks     ]   | * Where:\n[Build/Base Checks     ]   | Build file '/tmp/569e0364-0b80-11ee-a890-af2cc187fc11/natario1-GIFCompressor/lib/build.gradle' line: 119\n[Build/Base Checks     ]   | \n[Build/Base Checks     ]   | * What went wrong:\n[Build/Base Checks     ]   | A problem occurred evaluating project ':lib'.\n[Build/Base Checks     ]   | > SDK location not found. Define location with an ANDROID_SDK_ROOT environment variable or by setting the sdk.dir path in your project's local properties file at '/tmp/569e0364-0b80-11ee-a890-af2cc187fc11/natario1-GIFCompressor/local.properties'.\n[Build/Base Checks     ]   | \n[Build/Base Checks     ]   | * Try:\n[Build/Base Checks     ]   | Run with --stacktrace option to get the stack trace. Run with --info or --debug option to get more log output. Run with --scan to get full insights.\n[Build/Base Checks     ]   | \n[Build/Base Checks     ]   | * Get more help at https://help.gradle.org\n[Build/Base Checks     ]   | \n[Build/Base Checks     ]   | BUILD FAILED in 45s\n[Build/Emulator Tests-1] exitcode '1': failure\n[Build/Emulator Tests-1] \u2b50 Run Post actions/setup-java@v1\n[Build/Base Checks     ]   \u274c  Failure - Main Perform base checks\n[Build/Emulator Tests-1]   \ud83d\udc33  docker exec cmd=[node /var/run/act/actions/actions-setup-java@v1/dist/cleanup/index.js] user= workdir=\n[Build/Base Checks     ] exitcode '1': failure\n[Build/Base Checks     ] \u2b50 Run Post actions/setup-java@v1\n[Build/Base Checks     ]   \ud83d\udc33  docker exec cmd=[node /var/run/act/actions/actions-setup-java@v1/dist/cleanup/index.js] user= workdir=\n[Build/Base Checks     ]   \u2705  Success - Post actions/setup-java@v1\n[Build/Emulator Tests-1]   \u2705  Success - Post actions/setup-java@v1\n[Build/Emulator Tests-1] \ud83c\udfc1  Job failed\n[Build/Base Checks     ] \ud83c\udfc1  Job failed\n",
        "stderr": "Error: Job 'Base Checks' failed\n",
        "workflow": "/tmp/569e0364-0b80-11ee-a890-af2cc187fc11/natario1-GIFCompressor/.github/workflows/build-crawler.yml",
        "build_tool": "gradle",
        "elapsed_time": 104.40893769264221
    }
}