{
    "repository": "Naturalclar/react-native-color-picker-ios",
    "stars": 80,
    "language": "java",
    "size": 1749,
    "clone_url": "https://github.com/Naturalclar/react-native-color-picker-ios.git",
    "timestamp": "2023-06-15T17:57:34.595613Z",
    "clone_success": true,
    "number of actions": 0,
    "number_of_test_actions": 1,
    "actions_successful": false,
    "number_of_actions": 1,
    "actions_build_tools": [
        "gradle"
    ],
    "actions_test_build_tools": [
        "gradle"
    ],
    "actions_data": {
        "failed": true,
        "tests": [],
        "stdout": "[Build/lint   ] \ud83d\ude80  Start image=crawlergpt:latest\n[Build/tsc    ] \ud83d\ude80  Start image=crawlergpt:latest\n[Build/android] \ud83d\ude80  Start image=crawlergpt:latest\n[Build/ios    ] \ud83d\ude80  Start image=crawlergpt:latest\n[Build/tsc    ]   \ud83d\udc33  docker pull image=crawlergpt:latest platform= username= forcePull=false\n[Build/lint   ]   \ud83d\udc33  docker pull image=crawlergpt:latest platform= username= forcePull=false\n[Build/android]   \ud83d\udc33  docker pull image=crawlergpt:latest platform= username= forcePull=false\n[Build/ios    ]   \ud83d\udc33  docker pull image=crawlergpt:latest platform= username= forcePull=false\n[Build/android]   \ud83d\udc33  docker create image=crawlergpt:latest platform= entrypoint=[\"tail\" \"-f\" \"/dev/null\"] cmd=[]\n[Build/tsc    ]   \ud83d\udc33  docker create image=crawlergpt:latest platform= entrypoint=[\"tail\" \"-f\" \"/dev/null\"] cmd=[]\n[Build/ios    ]   \ud83d\udc33  docker create image=crawlergpt:latest platform= entrypoint=[\"tail\" \"-f\" \"/dev/null\"] cmd=[]\n[Build/lint   ]   \ud83d\udc33  docker create image=crawlergpt:latest platform= entrypoint=[\"tail\" \"-f\" \"/dev/null\"] cmd=[]\n[Build/tsc    ]   \ud83d\udc33  docker run image=crawlergpt:latest platform= entrypoint=[\"tail\" \"-f\" \"/dev/null\"] cmd=[]\n[Build/ios    ]   \ud83d\udc33  docker run image=crawlergpt:latest platform= entrypoint=[\"tail\" \"-f\" \"/dev/null\"] cmd=[]\n[Build/android]   \ud83d\udc33  docker run image=crawlergpt:latest platform= entrypoint=[\"tail\" \"-f\" \"/dev/null\"] cmd=[]\n[Build/lint   ]   \ud83d\udc33  docker run image=crawlergpt:latest platform= entrypoint=[\"tail\" \"-f\" \"/dev/null\"] cmd=[]\n[Build/android]   \ud83d\udc33  docker exec cmd=[chown -R 1012:1000 /tmp/569e0364-0b80-11ee-a890-af2cc187fc11/Naturalclar-react-native-color-picker-ios] user=0 workdir=\n[Build/tsc    ]   \ud83d\udc33  docker exec cmd=[chown -R 1012:1000 /tmp/569e0364-0b80-11ee-a890-af2cc187fc11/Naturalclar-react-native-color-picker-ios] user=0 workdir=\n[Build/lint   ]   \ud83d\udc33  docker exec cmd=[chown -R 1012:1000 /tmp/569e0364-0b80-11ee-a890-af2cc187fc11/Naturalclar-react-native-color-picker-ios] user=0 workdir=\n[Build/ios    ]   \ud83d\udc33  docker exec cmd=[chown -R 1012:1000 /tmp/569e0364-0b80-11ee-a890-af2cc187fc11/Naturalclar-react-native-color-picker-ios] user=0 workdir=\n[Build/android]   \u2601  git clone 'https://github.com/actions/setup-node' # ref=v1\n[Build/ios    ]   \u2601  git clone 'https://github.com/actions/setup-node' # ref=v1\n[Build/tsc    ]   \u2601  git clone 'https://github.com/actions/setup-node' # ref=v1\n[Build/lint   ]   \u2601  git clone 'https://github.com/actions/setup-node' # ref=v1\n[Build/android]   \u2601  git clone 'https://github.com/actions/setup-java' # ref=v3\n[Build/ios    ]   \u2601  git clone 'https://github.com/actions/cache' # ref=v2\n[Build/tsc    ]   \u2601  git clone 'https://github.com/actions/cache' # ref=v2\n[Build/lint   ]   \u2601  git clone 'https://github.com/actions/cache' # ref=v2\n[Build/lint   ] \ud83e\uddea  Matrix: map[node-version:16]\n[Build/lint   ] \u2b50 Run Main actions/checkout@v2\n[Build/android] Non-terminating error while running 'git clone': some refs were not updated\n[Build/android]   \u2601  git clone 'https://github.com/actions/cache' # ref=v2\n[Build/lint   ]   \u2705  Success - Main actions/checkout@v2\n[Build/ios    ] \ud83e\uddea  Matrix: map[node-version:16]\n[Build/lint   ] \u2b50 Run Main actions/setup-node@v1\n[Build/ios    ] \u2b50 Run Main actions/checkout@v2\n[Build/lint   ]   \ud83d\udc33  docker cp src=/home/andre-silva/.cache/act/actions-setup-node@v1/ dst=/var/run/act/actions/actions-setup-node@v1/\n[Build/ios    ]   \u2705  Success - Main actions/checkout@v2\n[Build/tsc    ] \ud83e\uddea  Matrix: map[node-version:16]\n[Build/lint   ]   \ud83d\udc33  docker exec cmd=[chown -R 1012:1000 /var/run/act/actions/actions-setup-node@v1/] user=0 workdir=\n[Build/tsc    ] \u2b50 Run Main actions/checkout@v2\n[Build/ios    ] \u2b50 Run Main actions/setup-node@v1\n[Build/tsc    ]   \u2705  Success - Main actions/checkout@v2\n[Build/ios    ]   \ud83d\udc33  docker cp src=/home/andre-silva/.cache/act/actions-setup-node@v1/ dst=/var/run/act/actions/actions-setup-node@v1/\n[Build/android] \ud83e\uddea  Matrix: map[java-version:11 node-version:16]\n[Build/android] \u2b50 Run Main actions/checkout@v2\n[Build/tsc    ] \u2b50 Run Main actions/setup-node@v1\n[Build/android]   \u2705  Success - Main actions/checkout@v2\n[Build/ios    ]   \ud83d\udc33  docker exec cmd=[chown -R 1012:1000 /var/run/act/actions/actions-setup-node@v1/] user=0 workdir=\n[Build/tsc    ]   \ud83d\udc33  docker cp src=/home/andre-silva/.cache/act/actions-setup-node@v1/ dst=/var/run/act/actions/actions-setup-node@v1/\n[Build/tsc    ]   \ud83d\udc33  docker exec cmd=[chown -R 1012:1000 /var/run/act/actions/actions-setup-node@v1/] user=0 workdir=\n[Build/android] \u2b50 Run Main actions/setup-node@v1\n[Build/android]   \ud83d\udc33  docker cp src=/home/andre-silva/.cache/act/actions-setup-node@v1/ dst=/var/run/act/actions/actions-setup-node@v1/\n[Build/android]   \ud83d\udc33  docker exec cmd=[chown -R 1012:1000 /var/run/act/actions/actions-setup-node@v1/] user=0 workdir=\n[Build/lint   ]   \ud83d\udc33  docker exec cmd=[node /var/run/act/actions/actions-setup-node@v1/dist/index.js] user= workdir=\n[Build/ios    ]   \ud83d\udc33  docker exec cmd=[node /var/run/act/actions/actions-setup-node@v1/dist/index.js] user= workdir=\n[Build/android]   \ud83d\udc33  docker exec cmd=[node /var/run/act/actions/actions-setup-node@v1/dist/index.js] user= workdir=\n[Build/tsc    ]   \ud83d\udc33  docker exec cmd=[node /var/run/act/actions/actions-setup-node@v1/dist/index.js] user= workdir=\n[Build/tsc    ]   \ud83d\udcac  ::debug::isExplicit: \n[Build/tsc    ]   \ud83d\udcac  ::debug::explicit? false\n[Build/ios    ]   \ud83d\udcac  ::debug::isExplicit: \n[Build/tsc    ]   \ud83d\udcac  ::debug::isExplicit: 10.24.1\n[Build/tsc    ]   \ud83d\udcac  ::debug::explicit? true\n[Build/tsc    ]   \ud83d\udcac  ::debug::isExplicit: 12.22.6\n[Build/tsc    ]   \ud83d\udcac  ::debug::explicit? true\n[Build/tsc    ]   \ud83d\udcac  ::debug::isExplicit: 14.17.5\n[Build/tsc    ]   \ud83d\udcac  ::debug::explicit? true\n[Build/tsc    ]   \ud83d\udcac  ::debug::isExplicit: 14.17.6\n[Build/tsc    ]   \ud83d\udcac  ::debug::explicit? true\n[Build/tsc    ]   \ud83d\udcac  ::debug::evaluating 3 versions\n[Build/ios    ]   \ud83d\udcac  ::debug::explicit? false\n[Build/ios    ]   \ud83d\udcac  ::debug::isExplicit: 10.24.1\n[Build/ios    ]   \ud83d\udcac  ::debug::explicit? true\n[Build/ios    ]   \ud83d\udcac  ::debug::isExplicit: 12.22.6\n[Build/tsc    ]   \ud83d\udcac  ::debug::match not found\n[Build/ios    ]   \ud83d\udcac  ::debug::explicit? true\n[Build/ios    ]   \ud83d\udcac  ::debug::isExplicit: 14.17.5\n[Build/ios    ]   \ud83d\udcac  ::debug::explicit? true\n[Build/ios    ]   \ud83d\udcac  ::debug::isExplicit: 14.17.6\n[Build/ios    ]   \ud83d\udcac  ::debug::explicit? true\n[Build/ios    ]   \ud83d\udcac  ::debug::evaluating 3 versions\n[Build/ios    ]   \ud83d\udcac  ::debug::match not found\n[Build/lint   ]   \ud83d\udcac  ::debug::isExplicit: \n[Build/android]   \ud83d\udcac  ::debug::isExplicit: \n[Build/android]   \ud83d\udcac  ::debug::explicit? false\n[Build/android]   \ud83d\udcac  ::debug::isExplicit: 10.24.1\n[Build/android]   \ud83d\udcac  ::debug::explicit? true\n[Build/android]   \ud83d\udcac  ::debug::isExplicit: 12.22.6\n[Build/android]   \ud83d\udcac  ::debug::explicit? true\n[Build/android]   \ud83d\udcac  ::debug::isExplicit: 14.17.5\n[Build/android]   \ud83d\udcac  ::debug::explicit? true\n[Build/android]   \ud83d\udcac  ::debug::isExplicit: 14.17.6\n[Build/android]   \ud83d\udcac  ::debug::explicit? true\n[Build/android]   \ud83d\udcac  ::debug::evaluating 3 versions\n[Build/lint   ]   \ud83d\udcac  ::debug::explicit? false\n[Build/lint   ]   \ud83d\udcac  ::debug::isExplicit: 10.24.1\n[Build/lint   ]   \ud83d\udcac  ::debug::explicit? true\n[Build/lint   ]   \ud83d\udcac  ::debug::isExplicit: 12.22.6\n[Build/lint   ]   \ud83d\udcac  ::debug::explicit? true\n[Build/lint   ]   \ud83d\udcac  ::debug::isExplicit: 14.17.5\n[Build/lint   ]   \ud83d\udcac  ::debug::explicit? true\n[Build/lint   ]   \ud83d\udcac  ::debug::isExplicit: 14.17.6\n[Build/lint   ]   \ud83d\udcac  ::debug::explicit? true\n[Build/lint   ]   \ud83d\udcac  ::debug::evaluating 3 versions\n[Build/lint   ]   \ud83d\udcac  ::debug::match not found\n[Build/android]   \ud83d\udcac  ::debug::match not found\n[Build/ios    ]   \ud83d\udcac  ::debug::evaluating 574 versions\n[Build/ios    ]   \ud83d\udcac  ::debug::matched: v16.20.0\n[Build/ios    ]   \ud83d\udcac  ::debug::isExplicit: 16.20.0\n[Build/ios    ]   \ud83d\udcac  ::debug::explicit? true\n[Build/ios    ]   \ud83d\udcac  ::debug::checking cache: /opt/hostedtoolcache/node/16.20.0/x64\n[Build/ios    ]   \ud83d\udcac  ::debug::not found\n[Build/ios    ]   \ud83d\udcac  ::debug::Downloading https://nodejs.org/dist/v16.20.0/node-v16.20.0-linux-x64.tar.gz\n[Build/ios    ]   \ud83d\udcac  ::debug::Destination /tmp/1b103a5c-6278-4904-9f65-cebf9ca38d7a\n[Build/tsc    ]   \ud83d\udcac  ::debug::evaluating 574 versions\n[Build/tsc    ]   \ud83d\udcac  ::debug::matched: v16.20.0\n[Build/tsc    ]   \ud83d\udcac  ::debug::isExplicit: 16.20.0\n[Build/tsc    ]   \ud83d\udcac  ::debug::explicit? true\n[Build/tsc    ]   \ud83d\udcac  ::debug::checking cache: /opt/hostedtoolcache/node/16.20.0/x64\n[Build/tsc    ]   \ud83d\udcac  ::debug::not found\n[Build/lint   ]   \ud83d\udcac  ::debug::evaluating 574 versions\n[Build/lint   ]   \ud83d\udcac  ::debug::matched: v16.20.0\n[Build/lint   ]   \ud83d\udcac  ::debug::isExplicit: 16.20.0\n[Build/lint   ]   \ud83d\udcac  ::debug::explicit? true\n[Build/lint   ]   \ud83d\udcac  ::debug::checking cache: /opt/hostedtoolcache/node/16.20.0/x64\n[Build/lint   ]   \ud83d\udcac  ::debug::not found\n[Build/android]   \ud83d\udcac  ::debug::evaluating 574 versions\n[Build/tsc    ]   \ud83d\udcac  ::debug::Downloading https://nodejs.org/dist/v16.20.0/node-v16.20.0-linux-x64.tar.gz\n[Build/tsc    ]   \ud83d\udcac  ::debug::Destination /tmp/2a6af6da-ef4d-40cc-853e-c3ab729c2da4\n[Build/lint   ]   \ud83d\udcac  ::debug::Downloading https://nodejs.org/dist/v16.20.0/node-v16.20.0-linux-x64.tar.gz\n[Build/lint   ]   \ud83d\udcac  ::debug::Destination /tmp/3537f281-a7ad-4e11-8ab6-f372b46a5785\n[Build/android]   \ud83d\udcac  ::debug::matched: v16.20.0\n[Build/android]   \ud83d\udcac  ::debug::isExplicit: 16.20.0\n[Build/android]   \ud83d\udcac  ::debug::explicit? true\n[Build/android]   \ud83d\udcac  ::debug::checking cache: /opt/hostedtoolcache/node/16.20.0/x64\n[Build/android]   \ud83d\udcac  ::debug::not found\n[Build/android]   \ud83d\udcac  ::debug::Downloading https://nodejs.org/dist/v16.20.0/node-v16.20.0-linux-x64.tar.gz\n[Build/android]   \ud83d\udcac  ::debug::Destination /tmp/17bed378-92c9-4f5e-911b-ca600e8d5d6b\n[Build/tsc    ]   \ud83d\udcac  ::debug::download complete\n[Build/tsc    ]   \ud83d\udcac  ::debug::Checking tar --version\n[Build/tsc    ]   \ud83d\udcac  ::debug::tar (GNU tar) 1.30%0ACopyright (C) 2017 Free Software Foundation, Inc.%0ALicense GPLv3+: GNU GPL version 3 or later <https://gnu.org/licenses/gpl.html>.%0AThis is free software: you are free to change and redistribute it.%0AThere is NO WARRANTY, to the extent permitted by law.%0A%0AWritten by John Gilmore and Jay Fenlason.\n[Build/tsc    ]   | [command]/usr/bin/tar xz --warning=no-unknown-keyword -C /tmp/2eb4c716-f162-4914-88d7-5358181a2e84 -f /tmp/2a6af6da-ef4d-40cc-853e-c3ab729c2da4\n[Build/ios    ]   \ud83d\udcac  ::debug::download complete\n[Build/ios    ]   \ud83d\udcac  ::debug::Checking tar --version\n[Build/ios    ]   \ud83d\udcac  ::debug::tar (GNU tar) 1.30%0ACopyright (C) 2017 Free Software Foundation, Inc.%0ALicense GPLv3+: GNU GPL version 3 or later <https://gnu.org/licenses/gpl.html>.%0AThis is free software: you are free to change and redistribute it.%0AThere is NO WARRANTY, to the extent permitted by law.%0A%0AWritten by John Gilmore and Jay Fenlason.\n[Build/ios    ]   | [command]/usr/bin/tar xz --warning=no-unknown-keyword -C /tmp/a70cb820-4c59-482d-ba12-3d36d6b01945 -f /tmp/1b103a5c-6278-4904-9f65-cebf9ca38d7a\n[Build/android]   \ud83d\udcac  ::debug::download complete\n[Build/android]   \ud83d\udcac  ::debug::Checking tar --version\n[Build/android]   \ud83d\udcac  ::debug::tar (GNU tar) 1.30%0ACopyright (C) 2017 Free Software Foundation, Inc.%0ALicense GPLv3+: GNU GPL version 3 or later <https://gnu.org/licenses/gpl.html>.%0AThis is free software: you are free to change and redistribute it.%0AThere is NO WARRANTY, to the extent permitted by law.%0A%0AWritten by John Gilmore and Jay Fenlason.\n[Build/android]   | [command]/usr/bin/tar xz --warning=no-unknown-keyword -C /tmp/e980c0da-8d3d-43bf-ac28-f3b61ea2de43 -f /tmp/17bed378-92c9-4f5e-911b-ca600e8d5d6b\n[Build/lint   ]   \ud83d\udcac  ::debug::download complete\n[Build/lint   ]   \ud83d\udcac  ::debug::Checking tar --version\n[Build/lint   ]   \ud83d\udcac  ::debug::tar (GNU tar) 1.30%0ACopyright (C) 2017 Free Software Foundation, Inc.%0ALicense GPLv3+: GNU GPL version 3 or later <https://gnu.org/licenses/gpl.html>.%0AThis is free software: you are free to change and redistribute it.%0AThere is NO WARRANTY, to the extent permitted by law.%0A%0AWritten by John Gilmore and Jay Fenlason.\n[Build/lint   ]   | [command]/usr/bin/tar xz --warning=no-unknown-keyword -C /tmp/14082d70-5758-4e3d-b64b-4e682aed4be3 -f /tmp/3537f281-a7ad-4e11-8ab6-f372b46a5785\n[Build/tsc    ]   \ud83d\udcac  ::debug::Caching tool node 16.20.0 x64\n[Build/tsc    ]   \ud83d\udcac  ::debug::source dir: /tmp/2eb4c716-f162-4914-88d7-5358181a2e84/node-v16.20.0-linux-x64\n[Build/ios    ]   \ud83d\udcac  ::debug::Caching tool node 16.20.0 x64\n[Build/ios    ]   \ud83d\udcac  ::debug::source dir: /tmp/a70cb820-4c59-482d-ba12-3d36d6b01945/node-v16.20.0-linux-x64\n[Build/tsc    ]   \ud83d\udcac  ::debug::destination /opt/hostedtoolcache/node/16.20.0/x64\n[Build/ios    ]   \ud83d\udcac  ::debug::destination /opt/hostedtoolcache/node/16.20.0/x64\n[Build/android]   \ud83d\udcac  ::debug::Caching tool node 16.20.0 x64\n[Build/android]   \ud83d\udcac  ::debug::source dir: /tmp/e980c0da-8d3d-43bf-ac28-f3b61ea2de43/node-v16.20.0-linux-x64\n[Build/android]   \ud83d\udcac  ::debug::destination /opt/hostedtoolcache/node/16.20.0/x64\n[Build/lint   ]   \ud83d\udcac  ::debug::Caching tool node 16.20.0 x64\n[Build/lint   ]   \ud83d\udcac  ::debug::source dir: /tmp/14082d70-5758-4e3d-b64b-4e682aed4be3/node-v16.20.0-linux-x64\n[Build/lint   ]   \ud83d\udcac  ::debug::destination /opt/hostedtoolcache/node/16.20.0/x64\n[Build/ios    ]   \ud83d\udcac  ::debug::finished caching tool\n[Build/ios    ]   | [command]/opt/hostedtoolcache/node/16.20.0/x64/bin/node --version\n[Build/ios    ]   | v16.20.0\n[Build/ios    ]   | [command]/opt/hostedtoolcache/node/16.20.0/x64/bin/npm --version\n[Build/lint   ]   \ud83d\udcac  ::debug::finished caching tool\n[Build/lint   ]   | [command]/opt/hostedtoolcache/node/16.20.0/x64/bin/node --version\n[Build/lint   ]   | v16.20.0\n[Build/lint   ]   | [command]/opt/hostedtoolcache/node/16.20.0/x64/bin/npm --version\n[Build/ios    ]   | 8.19.4\n[Build/android]   \ud83d\udcac  ::debug::finished caching tool\n[Build/android]   | [command]/opt/hostedtoolcache/node/16.20.0/x64/bin/node --version\n[Build/ios    ]   \u2753 add-matcher /run/act/actions/actions-setup-node@v1/.github/tsc.json\n[Build/ios    ]   \u2753 add-matcher /run/act/actions/actions-setup-node@v1/.github/eslint-stylish.json\n[Build/ios    ]   \u2753 add-matcher /run/act/actions/actions-setup-node@v1/.github/eslint-compact.json\n[Build/android]   | v16.20.0\n[Build/android]   | [command]/opt/hostedtoolcache/node/16.20.0/x64/bin/npm --version\n[Build/ios    ]   \u2705  Success - Main actions/setup-node@v1\n[Build/tsc    ]   \ud83d\udcac  ::debug::finished caching tool\n[Build/tsc    ]   | [command]/opt/hostedtoolcache/node/16.20.0/x64/bin/node --version\n[Build/lint   ]   | 8.19.4\n[Build/tsc    ]   | v16.20.0\n[Build/tsc    ]   | [command]/opt/hostedtoolcache/node/16.20.0/x64/bin/npm --version\n[Build/lint   ]   \u2753 add-matcher /run/act/actions/actions-setup-node@v1/.github/tsc.json\n[Build/lint   ]   \u2753 add-matcher /run/act/actions/actions-setup-node@v1/.github/eslint-stylish.json\n[Build/lint   ]   \u2753 add-matcher /run/act/actions/actions-setup-node@v1/.github/eslint-compact.json\n[Build/lint   ]   \u2705  Success - Main actions/setup-node@v1\n[Build/android]   | 8.19.4\n[Build/android]   \u2753 add-matcher /run/act/actions/actions-setup-node@v1/.github/tsc.json\n[Build/android]   \u2753 add-matcher /run/act/actions/actions-setup-node@v1/.github/eslint-stylish.json\n[Build/android]   \u2753 add-matcher /run/act/actions/actions-setup-node@v1/.github/eslint-compact.json\n[Build/android]   \u2705  Success - Main actions/setup-node@v1\n[Build/tsc    ]   | 8.19.4\n[Build/tsc    ]   \u2753 add-matcher /run/act/actions/actions-setup-node@v1/.github/tsc.json\n[Build/tsc    ]   \u2753 add-matcher /run/act/actions/actions-setup-node@v1/.github/eslint-stylish.json\n[Build/tsc    ]   \u2753 add-matcher /run/act/actions/actions-setup-node@v1/.github/eslint-compact.json\n[Build/tsc    ]   \u2705  Success - Main actions/setup-node@v1\n[Build/ios    ]   \u2699  ::add-path:: /opt/hostedtoolcache/node/16.20.0/x64/bin\n[Build/lint   ]   \u2699  ::add-path:: /opt/hostedtoolcache/node/16.20.0/x64/bin\n[Build/android]   \u2699  ::add-path:: /opt/hostedtoolcache/node/16.20.0/x64/bin\n[Build/ios    ] \u2b50 Run Main Get yarn cache\n[Build/lint   ] \u2b50 Run Main Get yarn cache\n[Build/tsc    ]   \u2699  ::add-path:: /opt/hostedtoolcache/node/16.20.0/x64/bin\n[Build/android] \u2b50 Run Main actions/setup-java@v3\n[Build/tsc    ] \u2b50 Run Main Get yarn cache\n[Build/android]   \ud83d\udc33  docker cp src=/home/andre-silva/.cache/act/actions-setup-java@v3/ dst=/var/run/act/actions/actions-setup-java@v3/\n[Build/ios    ]   \ud83d\udc33  docker exec cmd=[bash --noprofile --norc -e -o pipefail /var/run/act/workflow/yarn-cache] user= workdir=\n[Build/lint   ]   \ud83d\udc33  docker exec cmd=[bash --noprofile --norc -e -o pipefail /var/run/act/workflow/yarn-cache] user= workdir=\n[Build/android]   \ud83d\udc33  docker exec cmd=[chown -R 1012:1000 /var/run/act/actions/actions-setup-java@v3/] user=0 workdir=\n[Build/android]   \ud83d\udc33  docker exec cmd=[node /var/run/act/actions/actions-setup-java@v3/dist/setup/index.js] user= workdir=\n[Build/tsc    ]   \ud83d\udc33  docker exec cmd=[bash --noprofile --norc -e -o pipefail /var/run/act/workflow/yarn-cache] user= workdir=\n[Build/lint   ]   \u2699  ::set-output:: dir=/home/runneradmin/.cache/yarn/v6\n[Build/ios    ]   \u2699  ::set-output:: dir=/home/runneradmin/.cache/yarn/v6\n[Build/lint   ]   \u2705  Success - Main Get yarn cache\n[Build/ios    ]   \u2705  Success - Main Get yarn cache\n[Build/android]   \u2753  ::group::Installed distributions\n[Build/android]   | Trying to resolve the latest version from remote\n[Build/android]   \ud83d\udcac  ::debug::Gathering available versions from 'https://api.azul.com/zulu/download/community/v1.0/bundles/?os=linux&ext=tar.gz&bundle_type=jdk&javafx=false&arch=x86&hw_bitness=64&release_status=ga'\n[Build/android]   | Resolved latest version as 11.0.19+7\n[Build/android]   | Trying to download...\n[Build/android]   | Downloading Java 11.0.19+7 (Zulu) from https://cdn.azul.com/zulu/bin/zulu11.64.19-ca-jdk11.0.19-linux_x64.tar.gz ...\n[Build/android]   \ud83d\udcac  ::debug::Downloading https://cdn.azul.com/zulu/bin/zulu11.64.19-ca-jdk11.0.19-linux_x64.tar.gz\n[Build/android]   \ud83d\udcac  ::debug::Destination /tmp/86c00d37-9a52-4aaf-9cda-4192d7a6076d\n[Build/ios    ] \u2b50 Run Main actions/cache@v2\n[Build/lint   ] \u2b50 Run Main actions/cache@v2\n[Build/ios    ]   \ud83d\udc33  docker cp src=/home/andre-silva/.cache/act/actions-cache@v2/ dst=/var/run/act/actions/actions-cache@v2/\n[Build/tsc    ]   \u2699  ::set-output:: dir=/home/runneradmin/.cache/yarn/v6\n[Build/tsc    ]   \u2705  Success - Main Get yarn cache\n[Build/lint   ]   \ud83d\udc33  docker cp src=/home/andre-silva/.cache/act/actions-cache@v2/ dst=/var/run/act/actions/actions-cache@v2/\n[Build/lint   ]   \ud83d\udc33  docker exec cmd=[chown -R 1012:1000 /var/run/act/actions/actions-cache@v2/] user=0 workdir=\n[Build/ios    ]   \ud83d\udc33  docker exec cmd=[chown -R 1012:1000 /var/run/act/actions/actions-cache@v2/] user=0 workdir=\n[Build/tsc    ] \u2b50 Run Main actions/cache@v2\n[Build/android]   \ud83d\udcac  ::debug::download complete\n[Build/android]   | Extracting Java archive...\n[Build/android]   \ud83d\udcac  ::debug::Checking tar --version\n[Build/android]   \ud83d\udcac  ::debug::tar (GNU tar) 1.30%0ACopyright (C) 2017 Free Software Foundation, Inc.%0ALicense GPLv3+: GNU GPL version 3 or later <https://gnu.org/licenses/gpl.html>.%0AThis is free software: you are free to change and redistribute it.%0AThere is NO WARRANTY, to the extent permitted by law.%0A%0AWritten by John Gilmore and Jay Fenlason.\n[Build/android]   | [command]/usr/bin/tar xz --warning=no-unknown-keyword -C /tmp/175cc13f-d1d0-4925-8e15-f0c4be0d994f -f /tmp/86c00d37-9a52-4aaf-9cda-4192d7a6076d\n[Build/tsc    ]   \ud83d\udc33  docker cp src=/home/andre-silva/.cache/act/actions-cache@v2/ dst=/var/run/act/actions/actions-cache@v2/\n[Build/tsc    ]   \ud83d\udc33  docker exec cmd=[chown -R 1012:1000 /var/run/act/actions/actions-cache@v2/] user=0 workdir=\n[Build/android]   \ud83d\udcac  ::debug::Caching tool Java_Zulu_jdk 11.0.19-7 x64\n[Build/android]   \ud83d\udcac  ::debug::source dir: /tmp/175cc13f-d1d0-4925-8e15-f0c4be0d994f/zulu11.64.19-ca-jdk11.0.19-linux_x64\n[Build/android]   \ud83d\udcac  ::debug::destination /opt/hostedtoolcache/Java_Zulu_jdk/11.0.19-7/x64\n[Build/android]   \ud83d\udcac  ::debug::finished caching tool\n[Build/android]   | Java 11.0.19+7 was downloaded\n[Build/android]   | Setting Java 11.0.19+7 as the default\n[Build/android]   | Creating toolchains.xml for JDK version 11 from zulu\n[Build/android]   | Writing to /home/runneradmin/.m2/toolchains.xml\n[Build/android]   | \n[Build/android]   | Java configuration:\n[Build/android]   |   Distribution: zulu\n[Build/android]   |   Version: 11.0.19+7\n[Build/android]   |   Path: /opt/hostedtoolcache/Java_Zulu_jdk/11.0.19-7/x64\n[Build/android]   | \n[Build/android]   \u2753  ::endgroup::\n[Build/android]   \u2753 add-matcher /run/act/actions/actions-setup-java@v3/.github/java.json\n[Build/android]   | Creating settings.xml with server-id: github\n[Build/android]   | Writing to /home/runneradmin/.m2/settings.xml\n[Build/android]   \u2705  Success - Main actions/setup-java@v3\n[Build/android]   \u2699  ::set-env:: JAVA_HOME_11_X64=/opt/hostedtoolcache/Java_Zulu_jdk/11.0.19-7/x64\n[Build/android]   \u2699  ::set-env:: JAVA_HOME=/opt/hostedtoolcache/Java_Zulu_jdk/11.0.19-7/x64\n[Build/lint   ]   \ud83d\udc33  docker exec cmd=[node /var/run/act/actions/actions-cache@v2/dist/restore/index.js] user= workdir=\n[Build/ios    ]   \ud83d\udc33  docker exec cmd=[node /var/run/act/actions/actions-cache@v2/dist/restore/index.js] user= workdir=\n[Build/tsc    ]   \ud83d\udc33  docker exec cmd=[node /var/run/act/actions/actions-cache@v2/dist/restore/index.js] user= workdir=\n[Build/ios    ]   \ud83d\udcac  ::debug::Resolved Keys:\n[Build/ios    ]   \ud83d\udcac  ::debug::[\"Linux-yarn-94fca5a0f996c9418dd061a518677e671eeb7d8b6ce8ec1c72be04798658b2ad\"]\n[Build/ios    ]   \ud83d\udcac  ::debug::Checking zstd --version\n[Build/ios    ]   \ud83d\udcac  ::debug::*** zstd command line interface 64-bits v1.5.0, by Yann Collet ***\n[Build/ios    ]   \ud83d\udcac  ::debug::getCacheEntry - Attempt 1 of 2 failed with error: Cache Service Url not found, unable to restore cache.\n[Build/android]   \u2699  ::set-output:: distribution=Zulu\n[Build/android]   \u2699  ::set-output:: path=/opt/hostedtoolcache/Java_Zulu_jdk/11.0.19-7/x64\n[Build/android]   \u2699  ::set-output:: version=11.0.19+7\n[Build/lint   ]   \ud83d\udcac  ::debug::Resolved Keys:\n[Build/lint   ]   \ud83d\udcac  ::debug::[\"Linux-yarn-94fca5a0f996c9418dd061a518677e671eeb7d8b6ce8ec1c72be04798658b2ad\"]\n[Build/lint   ]   \ud83d\udcac  ::debug::Checking zstd --version\n[Build/tsc    ]   \ud83d\udcac  ::debug::Resolved Keys:\n[Build/tsc    ]   \ud83d\udcac  ::debug::[\"Linux-yarn-94fca5a0f996c9418dd061a518677e671eeb7d8b6ce8ec1c72be04798658b2ad\"]\n[Build/tsc    ]   \ud83d\udcac  ::debug::Checking zstd --version\n[Build/lint   ]   \ud83d\udcac  ::debug::*** zstd command line interface 64-bits v1.5.0, by Yann Collet ***\n[Build/lint   ]   \ud83d\udcac  ::debug::getCacheEntry - Attempt 1 of 2 failed with error: Cache Service Url not found, unable to restore cache.\n[Build/tsc    ]   \ud83d\udcac  ::debug::*** zstd command line interface 64-bits v1.5.0, by Yann Collet ***\n[Build/tsc    ]   \ud83d\udcac  ::debug::getCacheEntry - Attempt 1 of 2 failed with error: Cache Service Url not found, unable to restore cache.\n[Build/android]   \u2699  ::add-path:: /opt/hostedtoolcache/Java_Zulu_jdk/11.0.19-7/x64/bin\n[Build/android] \u2b50 Run Main Get yarn cache\n[Build/android]   \ud83d\udc33  docker exec cmd=[bash --noprofile --norc -e -o pipefail /var/run/act/workflow/yarn-cache] user= workdir=\n[Build/android]   \u2699  ::set-output:: dir=/home/runneradmin/.cache/yarn/v6\n[Build/android]   \u2705  Success - Main Get yarn cache\n[Build/android] \u2b50 Run Main actions/cache@v2\n[Build/android]   \ud83d\udc33  docker cp src=/home/andre-silva/.cache/act/actions-cache@v2/ dst=/var/run/act/actions/actions-cache@v2/\n[Build/android]   \ud83d\udc33  docker exec cmd=[chown -R 1012:1000 /var/run/act/actions/actions-cache@v2/] user=0 workdir=\n[Build/ios    ]   \ud83d\udcac  ::debug::getCacheEntry - Attempt 2 of 2 failed with error: Cache Service Url not found, unable to restore cache.\n[Build/lint   ]   \ud83d\udcac  ::debug::getCacheEntry - Attempt 2 of 2 failed with error: Cache Service Url not found, unable to restore cache.\n[Build/tsc    ]   \ud83d\udcac  ::debug::getCacheEntry - Attempt 2 of 2 failed with error: Cache Service Url not found, unable to restore cache.\n[Build/android]   \ud83d\udc33  docker exec cmd=[node /var/run/act/actions/actions-cache@v2/dist/restore/index.js] user= workdir=\n[Build/android]   \ud83d\udcac  ::debug::Resolved Keys:\n[Build/android]   \ud83d\udcac  ::debug::[\"Linux-yarn-94fca5a0f996c9418dd061a518677e671eeb7d8b6ce8ec1c72be04798658b2ad\"]\n[Build/android]   \ud83d\udcac  ::debug::Checking zstd --version\n[Build/android]   \ud83d\udcac  ::debug::*** zstd command line interface 64-bits v1.5.0, by Yann Collet ***\n[Build/android]   \ud83d\udcac  ::debug::getCacheEntry - Attempt 1 of 2 failed with error: Cache Service Url not found, unable to restore cache.\n[Build/ios    ]   | [warning]getCacheEntry failed: Cache Service Url not found, unable to restore cache.\n[Build/ios    ]   \u2705  Success - Main actions/cache@v2\n[Build/lint   ]   | [warning]getCacheEntry failed: Cache Service Url not found, unable to restore cache.\n[Build/tsc    ]   | [warning]getCacheEntry failed: Cache Service Url not found, unable to restore cache.\n[Build/lint   ]   \u2705  Success - Main actions/cache@v2\n[Build/tsc    ]   \u2705  Success - Main actions/cache@v2\n[Build/ios    ]   \u2699  ::set-output:: cache-hit=false\n[Build/tsc    ]   \u2699  ::set-output:: cache-hit=false\n[Build/lint   ]   \u2699  ::set-output:: cache-hit=false\n[Build/ios    ] \u2b50 Run Main Install Dependencies\n[Build/tsc    ] \u2b50 Run Main Install Dependencies\n[Build/lint   ] \u2b50 Run Main Install Dependencies\n[Build/ios    ]   \ud83d\udc33  docker exec cmd=[bash --noprofile --norc -e -o pipefail /var/run/act/workflow/4] user= workdir=\n[Build/lint   ]   \ud83d\udc33  docker exec cmd=[bash --noprofile --norc -e -o pipefail /var/run/act/workflow/4] user= workdir=\n[Build/tsc    ]   \ud83d\udc33  docker exec cmd=[bash --noprofile --norc -e -o pipefail /var/run/act/workflow/4] user= workdir=\n[Build/android]   \ud83d\udcac  ::debug::getCacheEntry - Attempt 2 of 2 failed with error: Cache Service Url not found, unable to restore cache.\n[Build/lint   ]   | yarn install v1.22.11\n[Build/ios    ]   | yarn install v1.22.11\n[Build/tsc    ]   | yarn install v1.22.11\n[Build/lint   ]   | [1/4] Resolving packages...\n[Build/ios    ]   | [1/4] Resolving packages...\n[Build/tsc    ]   | [1/4] Resolving packages...\n[Build/lint   ]   | [2/4] Fetching packages...\n[Build/ios    ]   | [2/4] Fetching packages...\n[Build/tsc    ]   | [2/4] Fetching packages...\n[Build/android]   | [warning]getCacheEntry failed: Cache Service Url not found, unable to restore cache.\n[Build/android]   \u2705  Success - Main actions/cache@v2\n[Build/android]   \u2699  ::set-output:: cache-hit=false\n[Build/android] \u2b50 Run Main Install Dependencies\n[Build/android]   \ud83d\udc33  docker exec cmd=[bash --noprofile --norc -e -o pipefail /var/run/act/workflow/5] user= workdir=\n[Build/android]   | yarn install v1.22.11\n[Build/android]   | [1/4] Resolving packages...\n[Build/android]   | [2/4] Fetching packages...\n[Build/tsc    ]   | info fsevents@2.3.2: The platform \"linux\" is incompatible with this module.\n[Build/tsc    ]   | info \"fsevents@2.3.2\" is an optional dependency and failed compatibility check. Excluding it from installation.\n[Build/tsc    ]   | [3/4] Linking dependencies...\n[Build/tsc    ]   | warning \"react-native > metro-react-native-babel-transformer@0.67.0\" has unmet peer dependency \"@babel/core@*\".\n[Build/tsc    ]   | warning \"react-native > react-native-codegen > jscodeshift@0.13.1\" has unmet peer dependency \"@babel/preset-env@^7.1.6\".\n[Build/tsc    ]   | warning Workspaces can only be enabled in private projects.\n[Build/lint   ]   | info fsevents@2.3.2: The platform \"linux\" is incompatible with this module.\n[Build/lint   ]   | info \"fsevents@2.3.2\" is an optional dependency and failed compatibility check. Excluding it from installation.\n[Build/lint   ]   | [3/4] Linking dependencies...\n[Build/lint   ]   | warning \"react-native > metro-react-native-babel-transformer@0.67.0\" has unmet peer dependency \"@babel/core@*\".\n[Build/lint   ]   | warning \"react-native > react-native-codegen > jscodeshift@0.13.1\" has unmet peer dependency \"@babel/preset-env@^7.1.6\".\n[Build/lint   ]   | warning Workspaces can only be enabled in private projects.\n[Build/ios    ]   | info fsevents@2.3.2: The platform \"linux\" is incompatible with this module.\n[Build/ios    ]   | info \"fsevents@2.3.2\" is an optional dependency and failed compatibility check. Excluding it from installation.\n[Build/ios    ]   | [3/4] Linking dependencies...\n[Build/ios    ]   | warning \"react-native > metro-react-native-babel-transformer@0.67.0\" has unmet peer dependency \"@babel/core@*\".\n[Build/ios    ]   | warning \"react-native > react-native-codegen > jscodeshift@0.13.1\" has unmet peer dependency \"@babel/preset-env@^7.1.6\".\n[Build/ios    ]   | warning Workspaces can only be enabled in private projects.\n[Build/android]   | info fsevents@2.3.2: The platform \"linux\" is incompatible with this module.\n[Build/android]   | info \"fsevents@2.3.2\" is an optional dependency and failed compatibility check. Excluding it from installation.\n[Build/android]   | [3/4] Linking dependencies...\n[Build/android]   | warning \"react-native > metro-react-native-babel-transformer@0.67.0\" has unmet peer dependency \"@babel/core@*\".\n[Build/android]   | warning \"react-native > react-native-codegen > jscodeshift@0.13.1\" has unmet peer dependency \"@babel/preset-env@^7.1.6\".\n[Build/android]   | warning Workspaces can only be enabled in private projects.\n[Build/tsc    ]   | [4/4] Building fresh packages...\n[Build/tsc    ]   | $ bob build\n[Build/tsc    ]   | \u2139 Building target commonjs\n[Build/tsc    ]   | \u2139 Cleaning up previous build at lib/commonjs\n[Build/tsc    ]   | \u2139 Compiling 1 files in src with babel\n[Build/lint   ]   | [4/4] Building fresh packages...\n[Build/lint   ]   | $ bob build\n[Build/tsc    ]   | bob build\n[Build/tsc    ]   | \n[Build/tsc    ]   | build files for publishing\n[Build/tsc    ]   | \n[Build/tsc    ]   | Options:\n[Build/tsc    ]   |   --help     Show help                                                 [boolean]\n[Build/tsc    ]   |   --version  Show version number                                       [boolean]\n[Build/tsc    ]   | \n[Build/tsc    ]   | Error: [BABEL]: Cannot find module '../builders/generated'\n[Build/tsc    ]   | Require stack:\n[Build/tsc    ]   | - /tmp/569e0364-0b80-11ee-a890-af2cc187fc11/Naturalclar-react-native-color-picker-ios/node_modules/@babel/preset-react/node_modules/@babel/types/lib/converters/toBlock.js\n[Build/tsc    ]   | - /tmp/569e0364-0b80-11ee-a890-af2cc187fc11/Naturalclar-react-native-color-picker-ios/node_modules/@babel/preset-react/node_modules/@babel/types/lib/converters/ensureBlock.js\n[Build/tsc    ]   | - /tmp/569e0364-0b80-11ee-a890-af2cc187fc11/Naturalclar-react-native-color-picker-ios/node_modules/@babel/preset-react/node_modules/@babel/types/lib/index.js\n[Build/tsc    ]   | - /tmp/569e0364-0b80-11ee-a890-af2cc187fc11/Naturalclar-react-native-color-picker-ios/node_modules/@babel/preset-react/node_modules/@babel/helper-module-imports/lib/import-injector.js\n[Build/tsc    ]   | - /tmp/569e0364-0b80-11ee-a890-af2cc187fc11/Naturalclar-react-native-color-picker-ios/node_modules/@babel/preset-react/node_modules/@babel/helper-module-imports/lib/index.js\n[Build/tsc    ]   | - /tmp/569e0364-0b80-11ee-a890-af2cc187fc11/Naturalclar-react-native-color-picker-ios/node_modules/@babel/preset-react/node_modules/@babel/plugin-transform-react-jsx/lib/create-plugin.js\n[Build/tsc    ]   | - /tmp/569e0364-0b80-11ee-a890-af2cc187fc11/Naturalclar-react-native-color-picker-ios/node_modules/@babel/preset-react/node_modules/@babel/plugin-transform-react-jsx/lib/index.js\n[Build/tsc    ]   | - /tmp/569e0364-0b80-11ee-a890-af2cc187fc11/Naturalclar-react-native-color-picker-ios/node_modules/@babel/preset-react/lib/index.js\n[Build/tsc    ]   | - /tmp/569e0364-0b80-11ee-a890-af2cc187fc11/Naturalclar-react-native-color-picker-ios/node_modules/@babel/core/lib/config/files/module-types.js\n[Build/tsc    ]   | - /tmp/569e0364-0b80-11ee-a890-af2cc187fc11/Naturalclar-react-native-color-picker-ios/node_modules/@babel/core/lib/config/files/configuration.js\n[Build/tsc    ]   | - /tmp/569e0364-0b80-11ee-a890-af2cc187fc11/Naturalclar-react-native-color-picker-ios/node_modules/@babel/core/lib/config/files/index.js\n[Build/tsc    ]   | - /tmp/569e0364-0b80-11ee-a890-af2cc187fc11/Naturalclar-react-native-color-picker-ios/node_modules/@babel/core/lib/index.js\n[Build/tsc    ]   | - /tmp/569e0364-0b80-11ee-a890-af2cc187fc11/Naturalclar-react-native-color-picker-ios/node_modules/@react-native-community/bob/lib/utils/compile.js\n[Build/tsc    ]   | - /tmp/569e0364-0b80-11ee-a890-af2cc187fc11/Naturalclar-react-native-color-picker-ios/node_modules/@react-native-community/bob/lib/targets/commonjs.js\n[Build/tsc    ]   | - /tmp/569e0364-0b80-11ee-a890-af2cc187fc11/Naturalclar-react-native-color-picker-ios/node_modules/@react-native-community/bob/lib/cli.js\n[Build/tsc    ]   | - /tmp/569e0364-0b80-11ee-a890-af2cc187fc11/Naturalclar-react-native-color-picker-ios/node_modules/@react-native-community/bob/bin/bob (While processing: /tmp/569e0364-0b80-11ee-a890-af2cc187fc11/Naturalclar-react-native-color-picker-ios/node_modules/@babel/preset-react/lib/index.js)\n[Build/tsc    ]   |     at Function.Module._resolveFilename (node:internal/modules/cjs/loader:1026:15)\n[Build/tsc    ]   |     at Function.Module._load (node:internal/modules/cjs/loader:871:27)\n[Build/tsc    ]   |     at Module.require (node:internal/modules/cjs/loader:1098:19)\n[Build/tsc    ]   |     at require (node:internal/modules/cjs/helpers:108:18)\n[Build/tsc    ]   |     at Object.<anonymous> (/tmp/569e0364-0b80-11ee-a890-af2cc187fc11/Naturalclar-react-native-color-picker-ios/node_modules/@babel/preset-react/node_modules/@babel/types/lib/converters/toBlock.js:10:19)\n[Build/tsc    ]   |     at Module._compile (node:internal/modules/cjs/loader:1196:14)\n[Build/tsc    ]   |     at Object.Module._extensions..js (node:internal/modules/cjs/loader:1250:10)\n[Build/tsc    ]   |     at Module.load (node:internal/modules/cjs/loader:1074:32)\n[Build/tsc    ]   |     at Function.Module._load (node:internal/modules/cjs/loader:909:12)\n[Build/tsc    ]   |     at Module.require (node:internal/modules/cjs/loader:1098:19)\n[Build/tsc    ]   |     at require (node:internal/modules/cjs/helpers:108:18)\n[Build/tsc    ]   |     at Object.<anonymous> (/tmp/569e0364-0b80-11ee-a890-af2cc187fc11/Naturalclar-react-native-color-picker-ios/node_modules/@babel/preset-react/node_modules/@babel/types/lib/converters/ensureBlock.js:8:39)\n[Build/tsc    ]   |     at Module._compile (node:internal/modules/cjs/loader:1196:14)\n[Build/tsc    ]   |     at Object.Module._extensions..js (node:internal/modules/cjs/loader:1250:10)\n[Build/tsc    ]   |     at Module.load (node:internal/modules/cjs/loader:1074:32)\n[Build/tsc    ]   |     at Function.Module._load (node:internal/modules/cjs/loader:909:12)\n[Build/tsc    ]   |     at Module.require (node:internal/modules/cjs/loader:1098:19)\n[Build/tsc    ]   |     at require (node:internal/modules/cjs/helpers:108:18)\n[Build/tsc    ]   |     at Object.<anonymous> (/tmp/569e0364-0b80-11ee-a890-af2cc187fc11/Naturalclar-react-native-color-picker-ios/node_modules/@babel/preset-react/node_modules/@babel/types/lib/index.js:511:43)\n[Build/tsc    ]   |     at Module._compile (node:internal/modules/cjs/loader:1196:14)\n[Build/tsc    ]   |     at Object.Module._extensions..js (node:internal/modules/cjs/loader:1250:10)\n[Build/tsc    ]   |     at Module.load (node:internal/modules/cjs/loader:1074:32)\n[Build/tsc    ]   |     at Function.Module._load (node:internal/modules/cjs/loader:909:12)\n[Build/tsc    ]   |     at Module.require (node:internal/modules/cjs/loader:1098:19)\n[Build/tsc    ]   |     at require (node:internal/modules/cjs/helpers:108:18)\n[Build/tsc    ]   |     at Object.<anonymous> (/tmp/569e0364-0b80-11ee-a890-af2cc187fc11/Naturalclar-react-native-color-picker-ios/node_modules/@babel/preset-react/node_modules/@babel/helper-module-imports/lib/import-injector.js:10:33)\n[Build/tsc    ]   |     at Module._compile (node:internal/modules/cjs/loader:1196:14)\n[Build/tsc    ]   |     at Object.Module._extensions..js (node:internal/modules/cjs/loader:1250:10)\n[Build/tsc    ]   |     at Module.load (node:internal/modules/cjs/loader:1074:32)\n[Build/tsc    ]   |     at Function.Module._load (node:internal/modules/cjs/loader:909:12)\n[Build/tsc    ]   |     at Module.require (node:internal/modules/cjs/loader:1098:19)\n[Build/tsc    ]   |     at require (node:internal/modules/cjs/helpers:108:18)\n[Build/tsc    ]   |     at Object.<anonymous> (/tmp/569e0364-0b80-11ee-a890-af2cc187fc11/Naturalclar-react-native-color-picker-ios/node_modules/@babel/preset-react/node_modules/@babel/helper-module-imports/lib/index.js:23:46)\n[Build/tsc    ]   |     at Module._compile (node:internal/modules/cjs/loader:1196:14)\n[Build/tsc    ]   |     at Object.Module._extensions..js (node:internal/modules/cjs/loader:1250:10)\n[Build/tsc    ]   |     at Module.load (node:internal/modules/cjs/loader:1074:32)\n[Build/tsc    ]   |     at Function.Module._load (node:internal/modules/cjs/loader:909:12)\n[Build/tsc    ]   |     at Module.require (node:internal/modules/cjs/loader:1098:19)\n[Build/tsc    ]   |     at require (node:internal/modules/cjs/helpers:108:18)\n[Build/tsc    ]   |     at Object.<anonymous> (/tmp/569e0364-0b80-11ee-a890-af2cc187fc11/Naturalclar-react-native-color-picker-ios/node_modules/@babel/preset-react/node_modules/@babel/plugin-transform-react-jsx/lib/create-plugin.js:14:28)\n[Build/tsc    ]   |     at Module._compile (node:internal/modules/cjs/loader:1196:14)\n[Build/tsc    ]   |     at Object.Module._extensions..js (node:internal/modules/cjs/loader:1250:10)\n[Build/tsc    ]   |     at Module.load (node:internal/modules/cjs/loader:1074:32)\n[Build/tsc    ]   |     at Function.Module._load (node:internal/modules/cjs/loader:909:12)\n[Build/tsc    ]   |     at Module.require (node:internal/modules/cjs/loader:1098:19)\n[Build/tsc    ]   |     at require (node:internal/modules/cjs/helpers:108:18)\n[Build/tsc    ]   |     at Object.<anonymous> (/tmp/569e0364-0b80-11ee-a890-af2cc187fc11/Naturalclar-react-native-color-picker-ios/node_modules/@babel/preset-react/node_modules/@babel/plugin-transform-react-jsx/lib/index.js:8:44)\n[Build/tsc    ]   |     at Module._compile (node:internal/modules/cjs/loader:1196:14)\n[Build/tsc    ]   |     at Object.Module._extensions..js (node:internal/modules/cjs/loader:1250:10)\n[Build/tsc    ]   |     at Module.load (node:internal/modules/cjs/loader:1074:32) {\n[Build/tsc    ]   |   code: 'MODULE_NOT_FOUND',\n[Build/tsc    ]   |   requireStack: [\n[Build/tsc    ]   |     '/tmp/569e0364-0b80-11ee-a890-af2cc187fc11/Naturalclar-react-native-color-picker-ios/node_modules/@babel/preset-react/node_modules/@babel/types/lib/converters/toBlock.js',\n[Build/tsc    ]   |     '/tmp/569e0364-0b80-11ee-a890-af2cc187fc11/Naturalclar-react-native-color-picker-ios/node_modules/@babel/preset-react/node_modules/@babel/types/lib/converters/ensureBlock.js',\n[Build/tsc    ]   |     '/tmp/569e0364-0b80-11ee-a890-af2cc187fc11/Naturalclar-react-native-color-picker-ios/node_modules/@babel/preset-react/node_modules/@babel/types/lib/index.js',\n[Build/tsc    ]   |     '/tmp/569e0364-0b80-11ee-a890-af2cc187fc11/Naturalclar-react-native-color-picker-ios/node_modules/@babel/preset-react/node_modules/@babel/helper-module-imports/lib/import-injector.js',\n[Build/tsc    ]   |     '/tmp/569e0364-0b80-11ee-a890-af2cc187fc11/Naturalclar-react-native-color-picker-ios/node_modules/@babel/preset-react/node_modules/@babel/helper-module-imports/lib/index.js',\n[Build/tsc    ]   |     '/tmp/569e0364-0b80-11ee-a890-af2cc187fc11/Naturalclar-react-native-color-picker-ios/node_modules/@babel/preset-react/node_modules/@babel/plugin-transform-react-jsx/lib/create-plugin.js',\n[Build/tsc    ]   |     '/tmp/569e0364-0b80-11ee-a890-af2cc187fc11/Naturalclar-react-native-color-picker-ios/node_modules/@babel/preset-react/node_modules/@babel/plugin-transform-react-jsx/lib/index.js',\n[Build/tsc    ]   |     '/tmp/569e0364-0b80-11ee-a890-af2cc187fc11/Naturalclar-react-native-color-picker-ios/node_modules/@babel/preset-react/lib/index.js',\n[Build/tsc    ]   |     '/tmp/569e0364-0b80-11ee-a890-af2cc187fc11/Naturalclar-react-native-color-picker-ios/node_modules/@babel/core/lib/config/files/module-types.js',\n[Build/tsc    ]   |     '/tmp/569e0364-0b80-11ee-a890-af2cc187fc11/Naturalclar-react-native-color-picker-ios/node_modules/@babel/core/lib/config/files/configuration.js',\n[Build/tsc    ]   |     '/tmp/569e0364-0b80-11ee-a890-af2cc187fc11/Naturalclar-react-native-color-picker-ios/node_modules/@babel/core/lib/config/files/index.js',\n[Build/tsc    ]   |     '/tmp/569e0364-0b80-11ee-a890-af2cc187fc11/Naturalclar-react-native-color-picker-ios/node_modules/@babel/core/lib/index.js',\n[Build/tsc    ]   |     '/tmp/569e0364-0b80-11ee-a890-af2cc187fc11/Naturalclar-react-native-color-picker-ios/node_modules/@react-native-community/bob/lib/utils/compile.js',\n[Build/tsc    ]   |     '/tmp/569e0364-0b80-11ee-a890-af2cc187fc11/Naturalclar-react-native-color-picker-ios/node_modules/@react-native-community/bob/lib/targets/commonjs.js',\n[Build/tsc    ]   |     '/tmp/569e0364-0b80-11ee-a890-af2cc187fc11/Naturalclar-react-native-color-picker-ios/node_modules/@react-native-community/bob/lib/cli.js',\n[Build/tsc    ]   |     '/tmp/569e0364-0b80-11ee-a890-af2cc187fc11/Naturalclar-react-native-color-picker-ios/node_modules/@react-native-community/bob/bin/bob'\n[Build/tsc    ]   |   ]\n[Build/tsc    ]   | }\n[Build/tsc    ]   | error Command failed with exit code 1.\n[Build/tsc    ]   | info Visit https://yarnpkg.com/en/docs/cli/install for documentation about this command.\n[Build/tsc    ]   \u274c  Failure - Main Install Dependencies\n[Build/lint   ]   | \u2139 Building target commonjs\n[Build/lint   ]   | \u2139 Cleaning up previous build at lib/commonjs\n[Build/lint   ]   | \u2139 Compiling 1 files in src with babel\n[Build/tsc    ] exitcode '1': failure\n[Build/ios    ]   | [4/4] Building fresh packages...\n[Build/ios    ]   | $ bob build\n[Build/lint   ]   | Browserslist: caniuse-lite is outdated. Please run:\n[Build/lint   ]   | npx browserslist@latest --update-db\n[Build/lint   ]   | \n[Build/lint   ]   | Why you should do it regularly:\n[Build/lint   ]   | https://github.com/browserslist/browserslist#browsers-data-updating\n[Build/lint   ]   | \u2714 Wrote files to lib/commonjs\n[Build/lint   ]   | \u2139 Building target module\n[Build/lint   ]   | \u2139 Cleaning up previous build at lib/module\n[Build/lint   ]   | \u2139 Compiling 1 files in src with babel\n[Build/lint   ]   | \u2714 Wrote files to lib/module\n[Build/lint   ]   | \u2139 Building target typescript\n[Build/lint   ]   | \u2139 Cleaning up previous build at lib/typescript\n[Build/lint   ]   | \u2139 Generating type definitions with tsc\n[Build/ios    ]   | \u2139 Building target commonjs\n[Build/ios    ]   | \u2139 Cleaning up previous build at lib/commonjs\n[Build/ios    ]   | \u2139 Compiling 1 files in src with babel\n[Build/android]   | [4/4] Building fresh packages...\n[Build/android]   | $ bob build\n[Build/ios    ]   | Browserslist: caniuse-lite is outdated. Please run:\n[Build/ios    ]   | npx browserslist@latest --update-db\n[Build/ios    ]   | \n[Build/ios    ]   | Why you should do it regularly:\n[Build/ios    ]   | https://github.com/browserslist/browserslist#browsers-data-updating\n[Build/ios    ]   | \u2714 Wrote files to lib/commonjs\n[Build/ios    ]   | \u2139 Building target module\n[Build/ios    ]   | \u2139 Cleaning up previous build at lib/module\n[Build/ios    ]   | \u2139 Compiling 1 files in src with babel\n[Build/ios    ]   | \u2714 Wrote files to lib/module\n[Build/ios    ]   | \u2139 Building target typescript\n[Build/ios    ]   | \u2139 Cleaning up previous build at lib/typescript\n[Build/ios    ]   | \u2139 Generating type definitions with tsc\n[Build/android]   | \u2139 Building target commonjs\n[Build/android]   | \u2139 Cleaning up previous build at lib/commonjs\n[Build/android]   | \u2139 Compiling 1 files in src with babel\n[Build/lint   ]   | \u2714 Wrote definition files to lib/typescript\n[Build/lint   ]   | Done in 73.98s.\n[Build/lint   ]   \u2705  Success - Main Install Dependencies\n[Build/android]   | Browserslist: caniuse-lite is outdated. Please run:\n[Build/android]   | npx browserslist@latest --update-db\n[Build/android]   | \n[Build/android]   | Why you should do it regularly:\n[Build/android]   | https://github.com/browserslist/browserslist#browsers-data-updating\n[Build/android]   | \u2714 Wrote files to lib/commonjs\n[Build/android]   | \u2139 Building target module\n[Build/android]   | \u2139 Cleaning up previous build at lib/module\n[Build/android]   | \u2139 Compiling 1 files in src with babel\n[Build/android]   | \u2714 Wrote files to lib/module\n[Build/android]   | \u2139 Building target typescript\n[Build/android]   | \u2139 Cleaning up previous build at lib/typescript\n[Build/android]   | \u2139 Generating type definitions with tsc\n[Build/ios    ]   | \u2714 Wrote definition files to lib/typescript\n[Build/ios    ]   | Done in 75.91s.\n[Build/tsc    ] \ud83c\udfc1  Job failed\n[Build/ios    ]   \u2705  Success - Main Install Dependencies\n[Build/lint   ] \u2b50 Run Main ESLint Checks\n[Build/android]   | \u2714 Wrote definition files to lib/typescript\n[Build/android]   | Done in 64.59s.\n[Build/android]   \u2705  Success - Main Install Dependencies\n[Build/ios    ] \u2b50 Run Main Install Example\n[Build/android] \u2b50 Run Main Install Example\n[Build/lint   ]   \ud83d\udc33  docker exec cmd=[bash --noprofile --norc -e -o pipefail /var/run/act/workflow/5] user= workdir=\n[Build/ios    ]   \ud83d\udc33  docker exec cmd=[bash --noprofile --norc -e -o pipefail /var/run/act/workflow/5] user= workdir=\n[Build/android]   \ud83d\udc33  docker exec cmd=[bash --noprofile --norc -e -o pipefail /var/run/act/workflow/6] user= workdir=\n[Build/lint   ]   | yarn run v1.22.11\n[Build/android]   | yarn install v1.22.11\n[Build/ios    ]   | yarn install v1.22.11\n[Build/lint   ]   | $ eslint \"**/*.{js,ts,tsx}\"\n[Build/android]   | [1/4] Resolving packages...\n[Build/ios    ]   | [1/4] Resolving packages...\n[Build/android]   | [2/4] Fetching packages...\n[Build/ios    ]   | [2/4] Fetching packages...\n[Build/lint   ]   | Done in 4.33s.\n[Build/lint   ]   \u2705  Success - Main ESLint Checks\n[Build/lint   ] \u2b50 Run Post actions/cache@v2\n[Build/lint   ]   \ud83d\udc33  docker exec cmd=[node /var/run/act/actions/actions-cache@v2/dist/save/index.js] user= workdir=\n[Build/android]   | info fsevents@2.3.2: The platform \"linux\" is incompatible with this module.\n[Build/android]   | info \"fsevents@2.3.2\" is an optional dependency and failed compatibility check. Excluding it from installation.\n[Build/android]   | [3/4] Linking dependencies...\n[Build/android]   | warning \"react-native > react-native-codegen > jscodeshift@0.13.1\" has unmet peer dependency \"@babel/preset-env@^7.1.6\".\n[Build/android]   | warning \"@react-native-community/eslint-config > @typescript-eslint/eslint-plugin > tsutils@3.21.0\" has unmet peer dependency \"typescript@>=2.8.0 || >= 3.2.0-dev || >= 3.3.0-dev || >= 3.4.0-dev || >= 3.5.0-dev || >= 3.6.0-dev || >= 3.6.0-beta || >= 3.7.0-dev || >= 3.7.0-beta\".\n[Build/ios    ]   | info fsevents@2.3.2: The platform \"linux\" is incompatible with this module.\n[Build/ios    ]   | info \"fsevents@2.3.2\" is an optional dependency and failed compatibility check. Excluding it from installation.\n[Build/ios    ]   | [3/4] Linking dependencies...\n[Build/ios    ]   | warning \"react-native > react-native-codegen > jscodeshift@0.13.1\" has unmet peer dependency \"@babel/preset-env@^7.1.6\".\n[Build/ios    ]   | warning \"@react-native-community/eslint-config > @typescript-eslint/eslint-plugin > tsutils@3.21.0\" has unmet peer dependency \"typescript@>=2.8.0 || >= 3.2.0-dev || >= 3.3.0-dev || >= 3.4.0-dev || >= 3.5.0-dev || >= 3.6.0-dev || >= 3.6.0-beta || >= 3.7.0-dev || >= 3.7.0-beta\".\n[Build/android]   | warning Workspaces can only be enabled in private projects.\n[Build/ios    ]   | warning Workspaces can only be enabled in private projects.\n[Build/lint   ]   \ud83d\udcac  ::debug::Checking zstd --version\n[Build/lint   ]   \ud83d\udcac  ::debug::*** zstd command line interface 64-bits v1.5.0, by Yann Collet ***\n[Build/lint   ]   \ud83d\udcac  ::debug::Reserving Cache\n[Build/lint   ]   \ud83d\udcac  ::debug::reserveCache - Attempt 1 of 2 failed with error: Cache Service Url not found, unable to restore cache.\n[Build/lint   ]   \ud83d\udcac  ::debug::reserveCache - Attempt 2 of 2 failed with error: Cache Service Url not found, unable to restore cache.\n[Build/lint   ]   | [warning]reserveCache failed: Cache Service Url not found, unable to restore cache.\n[Build/lint   ]   \u2705  Success - Post actions/cache@v2\n[Build/android]   | [4/4] Building fresh packages...\n[Build/android]   | Done in 34.52s.\n[Build/android]   \u2705  Success - Main Install Example\n[Build/android] \u2b50 Run Main Build android\n[Build/android]   \ud83d\udc33  docker exec cmd=[bash --noprofile --norc -e -o pipefail /var/run/act/workflow/7] user= workdir=\n[Build/ios    ]   | [4/4] Building fresh packages...\n[Build/ios    ]   | Done in 36.60s.\n[Build/ios    ]   \u2705  Success - Main Install Example\n[Build/android]   | yarn run v1.22.11\n[Build/android]   | $ mkdirp dist/res && react-native bundle --entry-file index.js --platform android --dev true --bundle-output dist/main.android.jsbundle --assets-dest dist/res\n[Build/ios    ] \u2b50 Run Main Build ios\n[Build/lint   ] \ud83c\udfc1  Job succeeded\n[Build/android]   |                     Welcome to Metro!\n[Build/android]   |               Fast - Scalable - Integrated\n[Build/android]   | \n[Build/android]   | \n[Build/ios    ]   \ud83d\udc33  docker exec cmd=[bash --noprofile --norc -e -o pipefail /var/run/act/workflow/6] user= workdir=\n[Build/ios    ]   | yarn run v1.22.11\n[Build/ios    ]   | $ mkdirp dist && react-native bundle --entry-file index.js --platform ios --dev true --bundle-output dist/main.ios.jsbundle --assets-dest dist\n[Build/ios    ]   |                     Welcome to Metro!\n[Build/ios    ]   |               Fast - Scalable - Integrated\n[Build/ios    ]   | \n[Build/ios    ]   | \n[Build/android]   | info Writing bundle output to:, dist/main.android.jsbundle\n[Build/android]   | info Done writing bundle output\n[Build/android]   | info Copying 5 asset files\n[Build/android]   | info Done copying assets\n[Build/android]   | Done in 27.78s.\n[Build/android]   \u2705  Success - Main Build android\n[Build/android] \u2b50 Run Main Build Android Example App and Library\n[Build/android]   \ud83d\udc33  docker exec cmd=[bash --noprofile --norc -e -o pipefail /var/run/act/workflow/8] user= workdir=\n[Build/ios    ]   | info Writing bundle output to:, dist/main.ios.jsbundle\n[Build/ios    ]   | info Done writing bundle output\n[Build/ios    ]   | info Copying 5 asset files\n[Build/ios    ]   | info Done copying assets\n[Build/android]   | Downloading https://services.gradle.org/distributions/gradle-7.5.1-bin.zip\n[Build/ios    ]   | Done in 31.15s.\n[Build/ios    ]   \u2705  Success - Main Build ios\n[Build/ios    ] \u2b50 Run Main Pod install\n[Build/ios    ]   \ud83d\udc33  docker exec cmd=[bash --noprofile --norc -e -o pipefail /var/run/act/workflow/7] user= workdir=\n[Build/ios    ]   | /var/run/act/workflow/7: line 2: pod: command not found\n[Build/ios    ]   \u274c  Failure - Main Pod install\n[Build/ios    ] exitcode '127': command not found, please refer to https://github.com/nektos/act/issues/107 for more information\n[Build/android]   | ...........10%............20%...........30%............40%...........50%............60%...........70%............80%...........90%............100%\n[Build/android]   | \n[Build/android]   | Welcome to Gradle 7.5.1!\n[Build/android]   | \n[Build/android]   | Here are the highlights of this release:\n[Build/android]   |  - Support for Java 18\n[Build/android]   |  - Support for building with Groovy 4\n[Build/android]   |  - Much more responsive continuous builds\n[Build/android]   |  - Improved diagnostics for dependency resolution\n[Build/android]   | \n[Build/android]   | For more details see https://docs.gradle.org/7.5.1/release-notes.html\n[Build/android]   | \n[Build/android]   | Starting a Gradle Daemon (subsequent builds will be faster)\n[Build/ios    ] \ud83c\udfc1  Job failed\n[Build/android]   | \n[Build/android]   | FAILURE: Build failed with an exception.\n[Build/android]   | \n[Build/android]   | * What went wrong:\n[Build/android]   | A problem occurred configuring project ':app'.\n[Build/android]   | > Failed to notify project evaluation listener.\n[Build/android]   |    > SDK location not found. Define a valid SDK location with an ANDROID_HOME environment variable or by setting the sdk.dir path in your project's local properties file at '/tmp/569e0364-0b80-11ee-a890-af2cc187fc11/Naturalclar-react-native-color-picker-ios/example/android/local.properties'.\n[Build/android]   |    > Could not get unknown property 'preReleaseBuild' for extension 'android' of type com.android.build.gradle.internal.dsl.BaseAppModuleExtension.\n[Build/android]   | \n[Build/android]   | * Try:\n[Build/android]   | > Run with --stacktrace option to get the stack trace.\n[Build/android]   | > Run with --info or --debug option to get more log output.\n[Build/android]   | > Run with --scan to get full insights.\n[Build/android]   | \n[Build/android]   | * Get more help at https://help.gradle.org\n[Build/android]   | \n[Build/android]   | BUILD FAILED in 1m 56s\n[Build/android]   \u274c  Failure - Main Build Android Example App and Library\n[Build/android] exitcode '1': failure\n[Build/android] \u2b50 Run Post actions/setup-java@v3\n[Build/android]   \ud83d\udc33  docker exec cmd=[node /var/run/act/actions/actions-setup-java@v3/dist/cleanup/index.js] user= workdir=\n[Build/android]   \u2705  Success - Post actions/setup-java@v3\n[Build/android] \ud83c\udfc1  Job failed\n",
        "stderr": "Error: Job 'tsc' failed\n",
        "workflow": "/tmp/569e0364-0b80-11ee-a890-af2cc187fc11/Naturalclar-react-native-color-picker-ios/.github/workflows/ci-crawler.yml",
        "build_tool": "gradle",
        "elapsed_time": 379.6030659675598
    }
}