{
    "repository": "OdyseeTeam/odysee-android",
    "stars": 120,
    "language": "java",
    "size": 12030,
    "clone_url": "https://github.com/OdyseeTeam/odysee-android.git",
    "timestamp": "2023-06-15T18:08:05.038072Z",
    "clone_success": true,
    "number of actions": 0,
    "number_of_test_actions": 1,
    "actions_successful": false,
    "number_of_actions": 1,
    "actions_build_tools": [
        "gradle"
    ],
    "actions_test_build_tools": [
        "gradle"
    ],
    "actions_data": {
        "failed": true,
        "tests": [],
        "stdout": "[CI/build-foss   ] \ud83d\ude80  Start image=crawlergpt:latest\n[CI/build-release] \ud83d\ude80  Start image=crawlergpt:latest\n[CI/build-full   ] \ud83d\ude80  Start image=crawlergpt:latest\n[CI/test         ] \ud83d\ude80  Start image=crawlergpt:latest\n[CI/build-foss   ]   \ud83d\udc33  docker pull image=crawlergpt:latest platform= username= forcePull=false\n[CI/build-release]   \ud83d\udc33  docker pull image=crawlergpt:latest platform= username= forcePull=false\n[CI/build-full   ]   \ud83d\udc33  docker pull image=crawlergpt:latest platform= username= forcePull=false\n[CI/test         ]   \ud83d\udc33  docker pull image=crawlergpt:latest platform= username= forcePull=false\n[CI/build-release]   \ud83d\udc33  docker create image=crawlergpt:latest platform= entrypoint=[\"tail\" \"-f\" \"/dev/null\"] cmd=[]\n[CI/build-foss   ]   \ud83d\udc33  docker create image=crawlergpt:latest platform= entrypoint=[\"tail\" \"-f\" \"/dev/null\"] cmd=[]\n[CI/build-full   ]   \ud83d\udc33  docker create image=crawlergpt:latest platform= entrypoint=[\"tail\" \"-f\" \"/dev/null\"] cmd=[]\n[CI/test         ]   \ud83d\udc33  docker create image=crawlergpt:latest platform= entrypoint=[\"tail\" \"-f\" \"/dev/null\"] cmd=[]\n[CI/test         ]   \ud83d\udc33  docker run image=crawlergpt:latest platform= entrypoint=[\"tail\" \"-f\" \"/dev/null\"] cmd=[]\n[CI/build-release]   \ud83d\udc33  docker run image=crawlergpt:latest platform= entrypoint=[\"tail\" \"-f\" \"/dev/null\"] cmd=[]\n[CI/build-foss   ]   \ud83d\udc33  docker run image=crawlergpt:latest platform= entrypoint=[\"tail\" \"-f\" \"/dev/null\"] cmd=[]\n[CI/build-full   ]   \ud83d\udc33  docker run image=crawlergpt:latest platform= entrypoint=[\"tail\" \"-f\" \"/dev/null\"] cmd=[]\n[CI/test         ]   \ud83d\udc33  docker exec cmd=[chown -R 1012:1000 /tmp/569e0364-0b80-11ee-a890-af2cc187fc11/OdyseeTeam-odysee-android] user=0 workdir=\n[CI/build-release]   \ud83d\udc33  docker exec cmd=[chown -R 1012:1000 /tmp/569e0364-0b80-11ee-a890-af2cc187fc11/OdyseeTeam-odysee-android] user=0 workdir=\n[CI/build-full   ]   \ud83d\udc33  docker exec cmd=[chown -R 1012:1000 /tmp/569e0364-0b80-11ee-a890-af2cc187fc11/OdyseeTeam-odysee-android] user=0 workdir=\n[CI/build-foss   ]   \ud83d\udc33  docker exec cmd=[chown -R 1012:1000 /tmp/569e0364-0b80-11ee-a890-af2cc187fc11/OdyseeTeam-odysee-android] user=0 workdir=\n[CI/test         ]   \u2601  git clone 'https://github.com/gradle/wrapper-validation-action' # ref=v1\n[CI/build-release]   \u2601  git clone 'https://github.com/gradle/wrapper-validation-action' # ref=v1\n[CI/build-full   ]   \u2601  git clone 'https://github.com/gradle/wrapper-validation-action' # ref=v1\n[CI/test         ]   \u2601  git clone 'https://github.com/actions/setup-java' # ref=v3\n[CI/build-release]   \u2601  git clone 'https://github.com/actions/setup-java' # ref=v3\n[CI/build-full   ]   \u2601  git clone 'https://github.com/actions/setup-java' # ref=v3\n[CI/test         ] Non-terminating error while running 'git clone': some refs were not updated\n[CI/test         ]   \u2601  git clone 'https://github.com/asadmansr/android-test-report-action' # ref=v1.2.0\n[CI/build-release] Non-terminating error while running 'git clone': some refs were not updated\n[CI/build-release]   \u2601  git clone 'https://github.com/actions/upload-artifact' # ref=v3\n[CI/build-release]   \u2601  git clone 'https://github.com/actions/upload-artifact' # ref=v2\n[CI/build-full   ] Non-terminating error while running 'git clone': some refs were not updated\n[CI/build-full   ]   \u2601  git clone 'https://github.com/actions/upload-artifact' # ref=v3\n[CI/build-foss   ]   \u2601  git clone 'https://github.com/gradle/wrapper-validation-action' # ref=v1\n[CI/test         ] \u2b50 Run Main actions/checkout@v3\n[CI/test         ]   \u2705  Success - Main actions/checkout@v3\n[CI/test         ] \u2b50 Run Main gradle/wrapper-validation-action@v1\n[CI/test         ]   \ud83d\udc33  docker cp src=/home/andre-silva/.cache/act/gradle-wrapper-validation-action@v1/ dst=/var/run/act/actions/gradle-wrapper-validation-action@v1/\n[CI/build-release] \u2b50 Run Main actions/checkout@v3\n[CI/build-release]   \u2705  Success - Main actions/checkout@v3\n[CI/test         ]   \ud83d\udc33  docker exec cmd=[chown -R 1012:1000 /var/run/act/actions/gradle-wrapper-validation-action@v1/] user=0 workdir=\n[CI/build-full   ] \u2b50 Run Main actions/checkout@v3\n[CI/build-release] \u2b50 Run Main gradle/wrapper-validation-action@v1\n[CI/build-full   ]   \u2705  Success - Main actions/checkout@v3\n[CI/build-release]   \ud83d\udc33  docker cp src=/home/andre-silva/.cache/act/gradle-wrapper-validation-action@v1/ dst=/var/run/act/actions/gradle-wrapper-validation-action@v1/\n[CI/build-foss   ]   \u2601  git clone 'https://github.com/actions/setup-java' # ref=v3\n[CI/build-release]   \ud83d\udc33  docker exec cmd=[chown -R 1012:1000 /var/run/act/actions/gradle-wrapper-validation-action@v1/] user=0 workdir=\n[CI/build-full   ] \u2b50 Run Main gradle/wrapper-validation-action@v1\n[CI/build-foss   ] Non-terminating error while running 'git clone': some refs were not updated\n[CI/build-foss   ]   \u2601  git clone 'https://github.com/actions/upload-artifact' # ref=v3\n[CI/build-full   ]   \ud83d\udc33  docker cp src=/home/andre-silva/.cache/act/gradle-wrapper-validation-action@v1/ dst=/var/run/act/actions/gradle-wrapper-validation-action@v1/\n[CI/build-full   ]   \ud83d\udc33  docker exec cmd=[chown -R 1012:1000 /var/run/act/actions/gradle-wrapper-validation-action@v1/] user=0 workdir=\n[CI/build-foss   ] \u2b50 Run Main actions/checkout@v3\n[CI/build-foss   ]   \u2705  Success - Main actions/checkout@v3\n[CI/build-foss   ] \u2b50 Run Main gradle/wrapper-validation-action@v1\n[CI/build-foss   ]   \ud83d\udc33  docker cp src=/home/andre-silva/.cache/act/gradle-wrapper-validation-action@v1/ dst=/var/run/act/actions/gradle-wrapper-validation-action@v1/\n[CI/build-foss   ]   \ud83d\udc33  docker exec cmd=[chown -R 1012:1000 /var/run/act/actions/gradle-wrapper-validation-action@v1/] user=0 workdir=\n[CI/build-release]   \ud83d\udc33  docker exec cmd=[node /var/run/act/actions/gradle-wrapper-validation-action@v1/dist/index.js] user= workdir=\n[CI/build-full   ]   \ud83d\udc33  docker exec cmd=[node /var/run/act/actions/gradle-wrapper-validation-action@v1/dist/index.js] user= workdir=\n[CI/test         ]   \ud83d\udc33  docker exec cmd=[node /var/run/act/actions/gradle-wrapper-validation-action@v1/dist/index.js] user= workdir=\n[CI/build-foss   ]   \ud83d\udc33  docker exec cmd=[node /var/run/act/actions/gradle-wrapper-validation-action@v1/dist/index.js] user= workdir=\n[CI/test         ]   | \u2713 Found known Gradle Wrapper JAR files:\n[CI/test         ]   |   381dff8aa434499aa93bc25572b049c8c586a67faff2c02f375e4f23e17e49de gradle/wrapper/gradle-wrapper.jar\n[CI/test         ]   \u2705  Success - Main gradle/wrapper-validation-action@v1\n[CI/test         ] \u2b50 Run Main Set up JDK 11\n[CI/test         ]   \ud83d\udc33  docker cp src=/home/andre-silva/.cache/act/actions-setup-java@v3/ dst=/var/run/act/actions/actions-setup-java@v3/\n[CI/test         ]   \ud83d\udc33  docker exec cmd=[chown -R 1012:1000 /var/run/act/actions/actions-setup-java@v3/] user=0 workdir=\n[CI/build-release]   | \u2713 Found known Gradle Wrapper JAR files:\n[CI/build-release]   |   381dff8aa434499aa93bc25572b049c8c586a67faff2c02f375e4f23e17e49de gradle/wrapper/gradle-wrapper.jar\n[CI/build-release]   \u2705  Success - Main gradle/wrapper-validation-action@v1\n[CI/build-release] \u2b50 Run Main Set up JDK 11\n[CI/build-release]   \ud83d\udc33  docker cp src=/home/andre-silva/.cache/act/actions-setup-java@v3/ dst=/var/run/act/actions/actions-setup-java@v3/\n[CI/build-release]   \ud83d\udc33  docker exec cmd=[chown -R 1012:1000 /var/run/act/actions/actions-setup-java@v3/] user=0 workdir=\n[CI/build-full   ]   | \u2713 Found known Gradle Wrapper JAR files:\n[CI/build-full   ]   |   381dff8aa434499aa93bc25572b049c8c586a67faff2c02f375e4f23e17e49de gradle/wrapper/gradle-wrapper.jar\n[CI/build-full   ]   \u2705  Success - Main gradle/wrapper-validation-action@v1\n[CI/build-foss   ]   | \u2713 Found known Gradle Wrapper JAR files:\n[CI/build-foss   ]   |   381dff8aa434499aa93bc25572b049c8c586a67faff2c02f375e4f23e17e49de gradle/wrapper/gradle-wrapper.jar\n[CI/build-foss   ]   \u2705  Success - Main gradle/wrapper-validation-action@v1\n[CI/build-full   ] \u2b50 Run Main Set up JDK 11\n[CI/build-full   ]   \ud83d\udc33  docker cp src=/home/andre-silva/.cache/act/actions-setup-java@v3/ dst=/var/run/act/actions/actions-setup-java@v3/\n[CI/build-foss   ] \u2b50 Run Main Set up JDK 11\n[CI/build-full   ]   \ud83d\udc33  docker exec cmd=[chown -R 1012:1000 /var/run/act/actions/actions-setup-java@v3/] user=0 workdir=\n[CI/build-foss   ]   \ud83d\udc33  docker cp src=/home/andre-silva/.cache/act/actions-setup-java@v3/ dst=/var/run/act/actions/actions-setup-java@v3/\n[CI/build-foss   ]   \ud83d\udc33  docker exec cmd=[chown -R 1012:1000 /var/run/act/actions/actions-setup-java@v3/] user=0 workdir=\n[CI/test         ]   \ud83d\udc33  docker exec cmd=[node /var/run/act/actions/actions-setup-java@v3/dist/setup/index.js] user= workdir=\n[CI/build-release]   \ud83d\udc33  docker exec cmd=[node /var/run/act/actions/actions-setup-java@v3/dist/setup/index.js] user= workdir=\n[CI/build-full   ]   \ud83d\udc33  docker exec cmd=[node /var/run/act/actions/actions-setup-java@v3/dist/setup/index.js] user= workdir=\n[CI/build-foss   ]   \ud83d\udc33  docker exec cmd=[node /var/run/act/actions/actions-setup-java@v3/dist/setup/index.js] user= workdir=\n[CI/test         ]   \u2753  ::group::Installed distributions\n[CI/test         ]   | Trying to resolve the latest version from remote\n[CI/build-foss   ]   \u2753  ::group::Installed distributions\n[CI/build-foss   ]   | Trying to resolve the latest version from remote\n[CI/build-release]   \u2753  ::group::Installed distributions\n[CI/build-release]   | Trying to resolve the latest version from remote\n[CI/build-full   ]   \u2753  ::group::Installed distributions\n[CI/build-full   ]   | Trying to resolve the latest version from remote\n[CI/build-release]   | Resolved latest version as 11.0.19+7\n[CI/build-release]   | Trying to download...\n[CI/build-release]   | Downloading Java 11.0.19+7 (Temurin-Hotspot) from https://github.com/adoptium/temurin11-binaries/releases/download/jdk-11.0.19%2B7/OpenJDK11U-jdk_x64_linux_hotspot_11.0.19_7.tar.gz ...\n[CI/build-release]   \ud83d\udcac  ::debug::Downloading https://github.com/adoptium/temurin11-binaries/releases/download/jdk-11.0.19%252B7/OpenJDK11U-jdk_x64_linux_hotspot_11.0.19_7.tar.gz\n[CI/build-release]   \ud83d\udcac  ::debug::Destination /tmp/9c9bf085-1a27-4de3-b432-3d6cf09778e1\n[CI/build-foss   ]   | Resolved latest version as 11.0.19+7\n[CI/build-foss   ]   | Trying to download...\n[CI/build-foss   ]   | Downloading Java 11.0.19+7 (Temurin-Hotspot) from https://github.com/adoptium/temurin11-binaries/releases/download/jdk-11.0.19%2B7/OpenJDK11U-jdk_x64_linux_hotspot_11.0.19_7.tar.gz ...\n[CI/build-foss   ]   \ud83d\udcac  ::debug::Downloading https://github.com/adoptium/temurin11-binaries/releases/download/jdk-11.0.19%252B7/OpenJDK11U-jdk_x64_linux_hotspot_11.0.19_7.tar.gz\n[CI/build-foss   ]   \ud83d\udcac  ::debug::Destination /tmp/f098569e-0a5e-43c4-b2c9-ba356c254444\n[CI/test         ]   | Resolved latest version as 11.0.19+7\n[CI/test         ]   | Trying to download...\n[CI/test         ]   | Downloading Java 11.0.19+7 (Temurin-Hotspot) from https://github.com/adoptium/temurin11-binaries/releases/download/jdk-11.0.19%2B7/OpenJDK11U-jdk_x64_linux_hotspot_11.0.19_7.tar.gz ...\n[CI/test         ]   \ud83d\udcac  ::debug::Downloading https://github.com/adoptium/temurin11-binaries/releases/download/jdk-11.0.19%252B7/OpenJDK11U-jdk_x64_linux_hotspot_11.0.19_7.tar.gz\n[CI/test         ]   \ud83d\udcac  ::debug::Destination /tmp/533ecbd2-8cc4-409f-b8c7-da52e4451b41\n[CI/build-full   ]   | Resolved latest version as 11.0.19+7\n[CI/build-full   ]   | Trying to download...\n[CI/build-full   ]   | Downloading Java 11.0.19+7 (Temurin-Hotspot) from https://github.com/adoptium/temurin11-binaries/releases/download/jdk-11.0.19%2B7/OpenJDK11U-jdk_x64_linux_hotspot_11.0.19_7.tar.gz ...\n[CI/build-full   ]   \ud83d\udcac  ::debug::Downloading https://github.com/adoptium/temurin11-binaries/releases/download/jdk-11.0.19%252B7/OpenJDK11U-jdk_x64_linux_hotspot_11.0.19_7.tar.gz\n[CI/build-full   ]   \ud83d\udcac  ::debug::Destination /tmp/2871a199-ac4c-468a-bb57-fa06c138d1e0\n[CI/test         ]   \ud83d\udcac  ::debug::download complete\n[CI/test         ]   | Extracting Java archive...\n[CI/test         ]   \ud83d\udcac  ::debug::Checking tar --version\n[CI/test         ]   \ud83d\udcac  ::debug::tar (GNU tar) 1.30%0ACopyright (C) 2017 Free Software Foundation, Inc.%0ALicense GPLv3+: GNU GPL version 3 or later <https://gnu.org/licenses/gpl.html>.%0AThis is free software: you are free to change and redistribute it.%0AThere is NO WARRANTY, to the extent permitted by law.%0A%0AWritten by John Gilmore and Jay Fenlason.\n[CI/test         ]   | [command]/usr/bin/tar xz --warning=no-unknown-keyword -C /tmp/5043764d-2b4f-426a-a8a7-aaae179d74b6 -f /tmp/533ecbd2-8cc4-409f-b8c7-da52e4451b41\n[CI/test         ]   \ud83d\udcac  ::debug::Caching tool Java_Temurin-Hotspot_jdk 11.0.19-7 x64\n[CI/test         ]   \ud83d\udcac  ::debug::source dir: /tmp/5043764d-2b4f-426a-a8a7-aaae179d74b6/jdk-11.0.19+7\n[CI/test         ]   \ud83d\udcac  ::debug::destination /opt/hostedtoolcache/Java_Temurin-Hotspot_jdk/11.0.19-7/x64\n[CI/test         ]   \ud83d\udcac  ::debug::finished caching tool\n[CI/test         ]   | Java 11.0.19+7 was downloaded\n[CI/test         ]   | Setting Java 11.0.19+7 as the default\n[CI/test         ]   | Creating toolchains.xml for JDK version 11 from temurin\n[CI/test         ]   | Writing to /home/runneradmin/.m2/toolchains.xml\n[CI/test         ]   | \n[CI/test         ]   | Java configuration:\n[CI/test         ]   |   Distribution: temurin\n[CI/test         ]   |   Version: 11.0.19+7\n[CI/test         ]   |   Path: /opt/hostedtoolcache/Java_Temurin-Hotspot_jdk/11.0.19-7/x64\n[CI/test         ]   | \n[CI/test         ]   \u2753  ::endgroup::\n[CI/test         ]   \u2753 add-matcher /run/act/actions/actions-setup-java@v3/.github/java.json\n[CI/test         ]   | Creating settings.xml with server-id: github\n[CI/test         ]   | Writing to /home/runneradmin/.m2/settings.xml\n[CI/test         ]   \ud83d\udea7  ::warning::The runner was not able to contact the cache service. Caching will be skipped\n[CI/test         ]   \u2705  Success - Main Set up JDK 11\n[CI/test         ]   \u2699  ::set-env:: JAVA_HOME=/opt/hostedtoolcache/Java_Temurin-Hotspot_jdk/11.0.19-7/x64\n[CI/test         ]   \u2699  ::set-env:: JAVA_HOME_11_X64=/opt/hostedtoolcache/Java_Temurin-Hotspot_jdk/11.0.19-7/x64\n[CI/test         ]   \u2699  ::set-output:: distribution=Temurin-Hotspot\n[CI/test         ]   \u2699  ::set-output:: path=/opt/hostedtoolcache/Java_Temurin-Hotspot_jdk/11.0.19-7/x64\n[CI/test         ]   \u2699  ::set-output:: version=11.0.19+7\n[CI/test         ]   \u2699  ::add-path:: /opt/hostedtoolcache/Java_Temurin-Hotspot_jdk/11.0.19-7/x64/bin\n[CI/test         ] \u2b50 Run Main Copy sample twitter.properties file\n[CI/test         ]   \ud83d\udc33  docker exec cmd=[bash --noprofile --norc -e -o pipefail /var/run/act/workflow/4] user= workdir=\n[CI/build-release]   \ud83d\udcac  ::debug::download complete\n[CI/build-release]   | Extracting Java archive...\n[CI/build-release]   \ud83d\udcac  ::debug::Checking tar --version\n[CI/build-release]   \ud83d\udcac  ::debug::tar (GNU tar) 1.30%0ACopyright (C) 2017 Free Software Foundation, Inc.%0ALicense GPLv3+: GNU GPL version 3 or later <https://gnu.org/licenses/gpl.html>.%0AThis is free software: you are free to change and redistribute it.%0AThere is NO WARRANTY, to the extent permitted by law.%0A%0AWritten by John Gilmore and Jay Fenlason.\n[CI/build-release]   | [command]/usr/bin/tar xz --warning=no-unknown-keyword -C /tmp/be360089-db59-4d3e-852a-10bd04186b19 -f /tmp/9c9bf085-1a27-4de3-b432-3d6cf09778e1\n[CI/test         ]   \u2705  Success - Main Copy sample twitter.properties file\n[CI/test         ] \u2b50 Run Main Copy sample google-services.json file\n[CI/test         ]   \ud83d\udc33  docker exec cmd=[bash --noprofile --norc -e -o pipefail /var/run/act/workflow/5] user= workdir=\n[CI/build-release]   \ud83d\udcac  ::debug::Caching tool Java_Temurin-Hotspot_jdk 11.0.19-7 x64\n[CI/build-release]   \ud83d\udcac  ::debug::source dir: /tmp/be360089-db59-4d3e-852a-10bd04186b19/jdk-11.0.19+7\n[CI/build-release]   \ud83d\udcac  ::debug::destination /opt/hostedtoolcache/Java_Temurin-Hotspot_jdk/11.0.19-7/x64\n[CI/build-release]   \ud83d\udcac  ::debug::finished caching tool\n[CI/build-release]   | Java 11.0.19+7 was downloaded\n[CI/build-release]   | Setting Java 11.0.19+7 as the default\n[CI/build-release]   | Creating toolchains.xml for JDK version 11 from temurin\n[CI/build-release]   | Writing to /home/runneradmin/.m2/toolchains.xml\n[CI/build-release]   | \n[CI/build-release]   | Java configuration:\n[CI/build-release]   |   Distribution: temurin\n[CI/build-release]   |   Version: 11.0.19+7\n[CI/build-release]   |   Path: /opt/hostedtoolcache/Java_Temurin-Hotspot_jdk/11.0.19-7/x64\n[CI/build-release]   | \n[CI/build-release]   \u2753  ::endgroup::\n[CI/build-release]   \u2753 add-matcher /run/act/actions/actions-setup-java@v3/.github/java.json\n[CI/build-release]   | Creating settings.xml with server-id: github\n[CI/build-release]   | Writing to /home/runneradmin/.m2/settings.xml\n[CI/build-release]   \ud83d\udea7  ::warning::The runner was not able to contact the cache service. Caching will be skipped\n[CI/build-release]   \u2705  Success - Main Set up JDK 11\n[CI/build-release]   \u2699  ::set-env:: JAVA_HOME=/opt/hostedtoolcache/Java_Temurin-Hotspot_jdk/11.0.19-7/x64\n[CI/build-release]   \u2699  ::set-env:: JAVA_HOME_11_X64=/opt/hostedtoolcache/Java_Temurin-Hotspot_jdk/11.0.19-7/x64\n[CI/build-release]   \u2699  ::set-output:: path=/opt/hostedtoolcache/Java_Temurin-Hotspot_jdk/11.0.19-7/x64\n[CI/build-release]   \u2699  ::set-output:: version=11.0.19+7\n[CI/build-release]   \u2699  ::set-output:: distribution=Temurin-Hotspot\n[CI/build-release]   \u2699  ::add-path:: /opt/hostedtoolcache/Java_Temurin-Hotspot_jdk/11.0.19-7/x64/bin\n[CI/build-release] \u2b50 Run Main Reveal secrets\n[CI/build-release]   \ud83d\udc33  docker exec cmd=[bash --noprofile --norc -e -o pipefail /var/run/act/workflow/4] user= workdir=\n[CI/test         ]   \u2705  Success - Main Copy sample google-services.json file\n[CI/build-foss   ]   \ud83d\udcac  ::debug::download complete\n[CI/build-foss   ]   | Extracting Java archive...\n[CI/build-foss   ]   \ud83d\udcac  ::debug::Checking tar --version\n[CI/build-foss   ]   \ud83d\udcac  ::debug::tar (GNU tar) 1.30%0ACopyright (C) 2017 Free Software Foundation, Inc.%0ALicense GPLv3+: GNU GPL version 3 or later <https://gnu.org/licenses/gpl.html>.%0AThis is free software: you are free to change and redistribute it.%0AThere is NO WARRANTY, to the extent permitted by law.%0A%0AWritten by John Gilmore and Jay Fenlason.\n[CI/build-foss   ]   | [command]/usr/bin/tar xz --warning=no-unknown-keyword -C /tmp/f3e17ab0-6f6f-4e6c-9b8f-b34f5850c4df -f /tmp/f098569e-0a5e-43c4-b2c9-ba356c254444\n[CI/test         ] \u2b50 Run Main Run Unit Tests\n[CI/test         ]   \ud83d\udc33  docker exec cmd=[bash --noprofile --norc -e -o pipefail /var/run/act/workflow/6] user= workdir=\n[CI/build-foss   ]   \ud83d\udcac  ::debug::Caching tool Java_Temurin-Hotspot_jdk 11.0.19-7 x64\n[CI/build-foss   ]   \ud83d\udcac  ::debug::source dir: /tmp/f3e17ab0-6f6f-4e6c-9b8f-b34f5850c4df/jdk-11.0.19+7\n[CI/build-foss   ]   \ud83d\udcac  ::debug::destination /opt/hostedtoolcache/Java_Temurin-Hotspot_jdk/11.0.19-7/x64\n[CI/build-full   ]   \ud83d\udcac  ::debug::download complete\n[CI/build-full   ]   | Extracting Java archive...\n[CI/build-full   ]   \ud83d\udcac  ::debug::Checking tar --version\n[CI/build-full   ]   \ud83d\udcac  ::debug::tar (GNU tar) 1.30%0ACopyright (C) 2017 Free Software Foundation, Inc.%0ALicense GPLv3+: GNU GPL version 3 or later <https://gnu.org/licenses/gpl.html>.%0AThis is free software: you are free to change and redistribute it.%0AThere is NO WARRANTY, to the extent permitted by law.%0A%0AWritten by John Gilmore and Jay Fenlason.\n[CI/build-full   ]   | [command]/usr/bin/tar xz --warning=no-unknown-keyword -C /tmp/0e79eff9-a208-444a-95c0-84546dc7c458 -f /tmp/2871a199-ac4c-468a-bb57-fa06c138d1e0\n[CI/build-foss   ]   \ud83d\udcac  ::debug::finished caching tool\n[CI/build-foss   ]   | Java 11.0.19+7 was downloaded\n[CI/build-foss   ]   | Setting Java 11.0.19+7 as the default\n[CI/build-foss   ]   | Creating toolchains.xml for JDK version 11 from temurin\n[CI/build-foss   ]   | Writing to /home/runneradmin/.m2/toolchains.xml\n[CI/build-foss   ]   | \n[CI/build-foss   ]   | Java configuration:\n[CI/build-foss   ]   |   Distribution: temurin\n[CI/build-foss   ]   |   Version: 11.0.19+7\n[CI/build-foss   ]   |   Path: /opt/hostedtoolcache/Java_Temurin-Hotspot_jdk/11.0.19-7/x64\n[CI/build-foss   ]   | \n[CI/build-foss   ]   \u2753  ::endgroup::\n[CI/build-foss   ]   \u2753 add-matcher /run/act/actions/actions-setup-java@v3/.github/java.json\n[CI/build-foss   ]   | Creating settings.xml with server-id: github\n[CI/build-foss   ]   | Writing to /home/runneradmin/.m2/settings.xml\n[CI/build-foss   ]   \ud83d\udea7  ::warning::The runner was not able to contact the cache service. Caching will be skipped\n[CI/build-foss   ]   \u2705  Success - Main Set up JDK 11\n[CI/build-foss   ]   \u2699  ::set-env:: JAVA_HOME=/opt/hostedtoolcache/Java_Temurin-Hotspot_jdk/11.0.19-7/x64\n[CI/build-foss   ]   \u2699  ::set-env:: JAVA_HOME_11_X64=/opt/hostedtoolcache/Java_Temurin-Hotspot_jdk/11.0.19-7/x64\n[CI/build-foss   ]   \u2699  ::set-output:: path=/opt/hostedtoolcache/Java_Temurin-Hotspot_jdk/11.0.19-7/x64\n[CI/build-foss   ]   \u2699  ::set-output:: version=11.0.19+7\n[CI/build-foss   ]   \u2699  ::set-output:: distribution=Temurin-Hotspot\n[CI/build-release]   | \n[CI/build-release]   | WARNING: apt does not have a stable CLI interface. Use with caution in scripts.\n[CI/build-release]   | \n[CI/build-foss   ]   \u2699  ::add-path:: /opt/hostedtoolcache/Java_Temurin-Hotspot_jdk/11.0.19-7/x64/bin\n[CI/build-foss   ] \u2b50 Run Main Remove Twitter properties resValue lines\n[CI/test         ]   | Downloading https://services.gradle.org/distributions/gradle-6.1.1-all.zip\n[CI/build-foss   ]   \ud83d\udc33  docker exec cmd=[bash --noprofile --norc -e -o pipefail /var/run/act/workflow/4] user= workdir=\n[CI/build-release]   | Reading package lists...\n[CI/build-full   ]   \ud83d\udcac  ::debug::Caching tool Java_Temurin-Hotspot_jdk 11.0.19-7 x64\n[CI/build-full   ]   \ud83d\udcac  ::debug::source dir: /tmp/0e79eff9-a208-444a-95c0-84546dc7c458/jdk-11.0.19+7\n[CI/build-full   ]   \ud83d\udcac  ::debug::destination /opt/hostedtoolcache/Java_Temurin-Hotspot_jdk/11.0.19-7/x64\n[CI/build-release]   | Building dependency tree...\n[CI/build-release]   | Reading state information...\n[CI/build-release]   | gpg-agent is already the newest version (2.2.19-3ubuntu2.1).\n[CI/build-release]   | gpg-agent set to manually installed.\n[CI/build-release]   | The following NEW packages will be installed:\n[CI/build-release]   |   git-secret\n[CI/build-release]   | 0 upgraded, 1 newly installed, 0 to remove and 20 not upgraded.\n[CI/build-release]   | Need to get 18.0 kB of archives.\n[CI/build-release]   | After this operation, 58.4 kB of additional disk space will be used.\n[CI/build-release]   | Get:1 http://archive.ubuntu.com/ubuntu focal/universe amd64 git-secret all 0.2.3-1 [18.0 kB]\n[CI/build-release]   | Fetched 18.0 kB in 0s (112 kB/s)\n[CI/build-release]   | Selecting previously unselected package git-secret.\r\n[CI/build-release]   | (Reading database ... \r(Reading database ... 5%\r(Reading database ... 10%\r(Reading database ... 15%\r(Reading database ... 20%\r(Reading database ... 25%\r(Reading database ... 30%\r(Reading database ... 35%\r(Reading database ... 40%\r(Reading database ... 45%\r(Reading database ... 50%\r(Reading database ... 55%\r(Reading database ... 60%\r(Reading database ... 65%\r(Reading database ... 70%\r(Reading database ... 75%\r(Reading database ... 80%\r(Reading database ... 85%\r(Reading database ... 90%\r(Reading database ... 95%\r(Reading database ... 100%\r(Reading database ... 193678 files and directories currently installed.)\r\n[CI/build-release]   | Preparing to unpack .../git-secret_0.2.3-1_all.deb ...\r\n[CI/build-full   ]   \ud83d\udcac  ::debug::finished caching tool\n[CI/build-full   ]   | Java 11.0.19+7 was downloaded\n[CI/build-full   ]   | Setting Java 11.0.19+7 as the default\n[CI/build-full   ]   | Creating toolchains.xml for JDK version 11 from temurin\n[CI/build-full   ]   | Writing to /home/runneradmin/.m2/toolchains.xml\n[CI/build-full   ]   | \n[CI/build-full   ]   | Java configuration:\n[CI/build-full   ]   |   Distribution: temurin\n[CI/build-full   ]   |   Version: 11.0.19+7\n[CI/build-full   ]   |   Path: /opt/hostedtoolcache/Java_Temurin-Hotspot_jdk/11.0.19-7/x64\n[CI/build-full   ]   | \n[CI/build-full   ]   \u2753  ::endgroup::\n[CI/build-full   ]   \u2753 add-matcher /run/act/actions/actions-setup-java@v3/.github/java.json\n[CI/build-release]   | Unpacking git-secret (0.2.3-1) ...\r\n[CI/build-full   ]   | Creating settings.xml with server-id: github\n[CI/build-full   ]   | Writing to /home/runneradmin/.m2/settings.xml\n[CI/build-full   ]   \ud83d\udea7  ::warning::The runner was not able to contact the cache service. Caching will be skipped\n[CI/build-full   ]   \u2705  Success - Main Set up JDK 11\n[CI/build-full   ]   \u2699  ::set-env:: JAVA_HOME=/opt/hostedtoolcache/Java_Temurin-Hotspot_jdk/11.0.19-7/x64\n[CI/build-full   ]   \u2699  ::set-env:: JAVA_HOME_11_X64=/opt/hostedtoolcache/Java_Temurin-Hotspot_jdk/11.0.19-7/x64\n[CI/build-full   ]   \u2699  ::set-output:: distribution=Temurin-Hotspot\n[CI/build-full   ]   \u2699  ::set-output:: path=/opt/hostedtoolcache/Java_Temurin-Hotspot_jdk/11.0.19-7/x64\n[CI/build-full   ]   \u2699  ::set-output:: version=11.0.19+7\n[CI/build-full   ]   \u2699  ::add-path:: /opt/hostedtoolcache/Java_Temurin-Hotspot_jdk/11.0.19-7/x64/bin\n[CI/build-release]   | Setting up git-secret (0.2.3-1) ...\r\n[CI/build-full   ] \u2b50 Run Main Copy sample twitter.properties file\n[CI/build-release]   | gpg: directory '/home/runneradmin/.gnupg' created\n[CI/build-release]   | gpg: keybox '/home/runneradmin/.gnupg/pubring.kbx' created\n[CI/build-release]   | gpg: no valid OpenPGP data found.\n[CI/build-release]   | gpg: Total number processed: 0\n[CI/build-release]   \u274c  Failure - Main Reveal secrets\n[CI/build-full   ]   \ud83d\udc33  docker exec cmd=[bash --noprofile --norc -e -o pipefail /var/run/act/workflow/4] user= workdir=\n[CI/build-release] exitcode '2': failure\n[CI/build-release] \u2b50 Run Post Set up JDK 11\n[CI/test         ]   | ....................................................................................................................................\n[CI/test         ]   | Unzipping /home/runneradmin/.gradle/wrapper/dists/gradle-6.1.1-all/cfmwm155h49vnt3hynmlrsdst/gradle-6.1.1-all.zip to /home/runneradmin/.gradle/wrapper/dists/gradle-6.1.1-all/cfmwm155h49vnt3hynmlrsdst\n[CI/build-release]   \ud83d\udc33  docker exec cmd=[node /var/run/act/actions/actions-setup-java@v3/dist/cleanup/index.js] user= workdir=\n[CI/test         ]   | Set executable permissions for: /home/runneradmin/.gradle/wrapper/dists/gradle-6.1.1-all/cfmwm155h49vnt3hynmlrsdst/gradle-6.1.1/bin/gradle\n[CI/test         ]   | \n[CI/test         ]   | Welcome to Gradle 6.1.1!\n[CI/test         ]   | \n[CI/test         ]   | Here are the highlights of this release:\n[CI/test         ]   |  - Reusable dependency cache\n[CI/test         ]   |  - Configurable compilation order between Groovy/Kotlin/Java/Scala\n[CI/test         ]   |  - New sample projects in Gradle's documentation\n[CI/test         ]   | \n[CI/test         ]   | For more details see https://docs.gradle.org/6.1.1/release-notes.html\n[CI/test         ]   | \n[CI/test         ]   | Starting a Gradle Daemon (subsequent builds will be faster)\n[CI/build-foss   ]   \u2705  Success - Main Remove Twitter properties resValue lines\n[CI/build-full   ]   \u2705  Success - Main Copy sample twitter.properties file\n[CI/build-release]   \ud83d\udea7  ::warning::Error retrieving key from state.\n[CI/build-release]   \u2705  Success - Post Set up JDK 11\n[CI/build-full   ] \u2b50 Run Main Copy sample google-services.json file\n[CI/build-foss   ] \u2b50 Run Main Install NDK version 21.0.6113669\n[CI/build-full   ]   \ud83d\udc33  docker exec cmd=[bash --noprofile --norc -e -o pipefail /var/run/act/workflow/5] user= workdir=\n[CI/build-foss   ]   \ud83d\udc33  docker exec cmd=[bash --noprofile --norc -e -o pipefail /var/run/act/workflow/5] user= workdir=\n[CI/build-release] \ud83c\udfc1  Job failed\n[CI/build-foss   ]   | sudo: /tools/bin/sdkmanager: command not found\n[CI/build-foss   ]   \u274c  Failure - Main Install NDK version 21.0.6113669\n[CI/build-full   ]   \u2705  Success - Main Copy sample google-services.json file\n[CI/build-foss   ] exitcode '1': failure\n[CI/build-full   ] \u2b50 Run Main Install NDK version 21.0.6113669\n[CI/build-foss   ] \u2b50 Run Post Set up JDK 11\n[CI/build-foss   ]   \ud83d\udc33  docker exec cmd=[node /var/run/act/actions/actions-setup-java@v3/dist/cleanup/index.js] user= workdir=\n[CI/build-full   ]   \ud83d\udc33  docker exec cmd=[bash --noprofile --norc -e -o pipefail /var/run/act/workflow/6] user= workdir=\n[CI/build-full   ]   | sudo: /tools/bin/sdkmanager: command not found\n[CI/build-full   ]   \u274c  Failure - Main Install NDK version 21.0.6113669\n[CI/build-foss   ]   \ud83d\udea7  ::warning::Error retrieving key from state.\n[CI/build-foss   ]   \u2705  Success - Post Set up JDK 11\n[CI/build-full   ] exitcode '1': failure\n[CI/build-full   ] \u2b50 Run Post Set up JDK 11\n[CI/build-full   ]   \ud83d\udc33  docker exec cmd=[node /var/run/act/actions/actions-setup-java@v3/dist/cleanup/index.js] user= workdir=\n[CI/build-full   ]   \ud83d\udea7  ::warning::Error retrieving key from state.\n[CI/build-full   ]   \u2705  Success - Post Set up JDK 11\n[CI/build-foss   ] \ud83c\udfc1  Job failed\n[CI/build-full   ] \ud83c\udfc1  Job failed\n[CI/test         ]   | \n[CI/test         ]   | FAILURE: Build failed with an exception.\n[CI/test         ]   | \n[CI/test         ]   | * What went wrong:\n[CI/test         ]   | Could not determine the dependencies of task ':app:testFossDebugUnitTest'.\n[CI/test         ]   | > SDK location not found. Define location with an ANDROID_SDK_ROOT environment variable or by setting the sdk.dir path in your project's local properties file at '/tmp/569e0364-0b80-11ee-a890-af2cc187fc11/OdyseeTeam-odysee-android/local.properties'.\n[CI/test         ]   | \n[CI/test         ]   | * Try:\n[CI/test         ]   | Run with --stacktrace option to get the stack trace. Run with --info or --debug option to get more log output. Run with --scan to get full insights.\n[CI/test         ]   | \n[CI/test         ]   | * Get more help at https://help.gradle.org\n[CI/test         ]   | \n[CI/test         ]   | BUILD FAILED in 42s\n[CI/test         ]   \u274c  Failure - Main Run Unit Tests\n[CI/test         ] exitcode '1': failure\n[CI/test         ] \u2b50 Run Main Android Test Report\n[CI/test         ]   \ud83d\udc33  docker build -t act-asadmansr-android-test-report-action-v1-2-0-dockeraction:latest /home/andre-silva/.cache/act/asadmansr-android-test-report-action@v1.2.0/\n[CI/test         ]   \ud83d\udc33  docker pull image=act-asadmansr-android-test-report-action-v1-2-0-dockeraction:latest platform= username= forcePull=false\n[CI/test         ]   \ud83d\udc33  docker create image=act-asadmansr-android-test-report-action-v1-2-0-dockeraction:latest platform= entrypoint=[] cmd=[]\n[CI/test         ]   \ud83d\udc33  docker run image=act-asadmansr-android-test-report-action-v1-2-0-dockeraction:latest platform= entrypoint=[] cmd=[]\n[CI/test         ]   | \n[CI/test         ]   | ------------------------------------------------\n[CI/test         ]   | ---        Android Test Report Action        ---\n[CI/test         ]   | ------------------------------------------------\n[CI/test         ]   | \n[CI/test         ]   | \n[CI/test         ]   | Android Test Report Action executed successfully.\n[CI/test         ]   | \n[CI/test         ]   \u2705  Success - Main Android Test Report\n[CI/test         ] \u2b50 Run Post Set up JDK 11\n[CI/test         ]   \ud83d\udc33  docker exec cmd=[node /var/run/act/actions/actions-setup-java@v3/dist/cleanup/index.js] user= workdir=\n[CI/test         ]   \ud83d\udea7  ::warning::Error retrieving key from state.\n[CI/test         ]   \u2705  Success - Post Set up JDK 11\n[CI/test         ] \ud83c\udfc1  Job failed\n",
        "stderr": "Error: Job 'build-foss' failed\n",
        "workflow": "/tmp/569e0364-0b80-11ee-a890-af2cc187fc11/OdyseeTeam-odysee-android/.github/workflows/ci-crawler.yml",
        "build_tool": "gradle",
        "elapsed_time": 199.1250138282776
    }
}