{
    "repository": "pascal-lab/Tai-e",
    "stars": 628,
    "language": "java",
    "size": 8130,
    "clone_url": "https://github.com/pascal-lab/Tai-e.git",
    "timestamp": "2023-06-15T18:19:38.041205Z",
    "clone_success": true,
    "number of actions": 0,
    "number_of_test_actions": 1,
    "actions_successful": false,
    "number_of_actions": 1,
    "actions_build_tools": [
        "gradle"
    ],
    "actions_test_build_tools": [
        "gradle"
    ],
    "actions_data": {
        "failed": true,
        "tests": [],
        "stdout": "[Test/test] \ud83d\ude80  Start image=crawlergpt:latest\n[Test/test]   \ud83d\udc33  docker pull image=crawlergpt:latest platform= username= forcePull=false\n[Test/test]   \ud83d\udc33  docker create image=crawlergpt:latest platform= entrypoint=[\"tail\" \"-f\" \"/dev/null\"] cmd=[]\n[Test/test]   \ud83d\udc33  docker run image=crawlergpt:latest platform= entrypoint=[\"tail\" \"-f\" \"/dev/null\"] cmd=[]\n[Test/test]   \ud83d\udc33  docker exec cmd=[chown -R 1012:1000 /tmp/569e0364-0b80-11ee-a890-af2cc187fc11/pascal-lab-Tai-e] user=0 workdir=\n[Test/test]   \u2601  git clone 'https://github.com/actions/setup-java' # ref=v3\n[Test/test] Non-terminating error while running 'git clone': some refs were not updated\n[Test/test]   \u2601  git clone 'https://github.com/gradle/gradle-build-action' # ref=v2\n[Test/test] Non-terminating error while running 'git clone': some refs were not updated\n[Test/test] \ud83e\uddea  Matrix: map[os:ubuntu-latest]\n[Test/test] \u2b50 Run Main actions/checkout@v3\n[Test/test]   \u2705  Success - Main actions/checkout@v3\n[Test/test] \u2b50 Run Main actions/setup-java@v3\n[Test/test]   \ud83d\udc33  docker cp src=/home/andre-silva/.cache/act/actions-setup-java@v3/ dst=/var/run/act/actions/actions-setup-java@v3/\n[Test/test]   \ud83d\udc33  docker exec cmd=[chown -R 1012:1000 /var/run/act/actions/actions-setup-java@v3/] user=0 workdir=\n[Test/test]   \ud83d\udc33  docker exec cmd=[node /var/run/act/actions/actions-setup-java@v3/dist/setup/index.js] user= workdir=\n[Test/test]   \u2753  ::group::Installed distributions\n[Test/test]   | Trying to resolve the latest version from remote\n[Test/test]   | Resolved latest version as 17.0.7+7\n[Test/test]   | Trying to download...\n[Test/test]   | Downloading Java 17.0.7+7 (Temurin-Hotspot) from https://github.com/adoptium/temurin17-binaries/releases/download/jdk-17.0.7%2B7/OpenJDK17U-jdk_x64_linux_hotspot_17.0.7_7.tar.gz ...\n[Test/test]   \ud83d\udcac  ::debug::Downloading https://github.com/adoptium/temurin17-binaries/releases/download/jdk-17.0.7%252B7/OpenJDK17U-jdk_x64_linux_hotspot_17.0.7_7.tar.gz\n[Test/test]   \ud83d\udcac  ::debug::Destination /tmp/cc7873e3-356d-4f7b-a802-3f1edbb83f75\n[Test/test]   \ud83d\udcac  ::debug::download complete\n[Test/test]   | Extracting Java archive...\n[Test/test]   \ud83d\udcac  ::debug::Checking tar --version\n[Test/test]   \ud83d\udcac  ::debug::tar (GNU tar) 1.30%0ACopyright (C) 2017 Free Software Foundation, Inc.%0ALicense GPLv3+: GNU GPL version 3 or later <https://gnu.org/licenses/gpl.html>.%0AThis is free software: you are free to change and redistribute it.%0AThere is NO WARRANTY, to the extent permitted by law.%0A%0AWritten by John Gilmore and Jay Fenlason.\n[Test/test]   | [command]/usr/bin/tar xz --warning=no-unknown-keyword -C /tmp/7a882f80-9949-4518-a07b-c687fb5b4652 -f /tmp/cc7873e3-356d-4f7b-a802-3f1edbb83f75\n[Test/test]   \ud83d\udcac  ::debug::Caching tool Java_Temurin-Hotspot_jdk 17.0.7-7 x64\n[Test/test]   \ud83d\udcac  ::debug::source dir: /tmp/7a882f80-9949-4518-a07b-c687fb5b4652/jdk-17.0.7+7\n[Test/test]   \ud83d\udcac  ::debug::destination /opt/hostedtoolcache/Java_Temurin-Hotspot_jdk/17.0.7-7/x64\n[Test/test]   \ud83d\udcac  ::debug::finished caching tool\n[Test/test]   | Java 17.0.7+7 was downloaded\n[Test/test]   | Setting Java 17.0.7+7 as the default\n[Test/test]   | Creating toolchains.xml for JDK version 17 from temurin\n[Test/test]   | Writing to /home/runneradmin/.m2/toolchains.xml\n[Test/test]   | \n[Test/test]   | Java configuration:\n[Test/test]   |   Distribution: temurin\n[Test/test]   |   Version: 17.0.7+7\n[Test/test]   |   Path: /opt/hostedtoolcache/Java_Temurin-Hotspot_jdk/17.0.7-7/x64\n[Test/test]   | \n[Test/test]   \u2753  ::endgroup::\n[Test/test]   \u2753 add-matcher /run/act/actions/actions-setup-java@v3/.github/java.json\n[Test/test]   | Creating settings.xml with server-id: github\n[Test/test]   | Writing to /home/runneradmin/.m2/settings.xml\n[Test/test]   \u2705  Success - Main actions/setup-java@v3\n[Test/test]   \u2699  ::set-env:: JAVA_HOME=/opt/hostedtoolcache/Java_Temurin-Hotspot_jdk/17.0.7-7/x64\n[Test/test]   \u2699  ::set-env:: JAVA_HOME_17_X64=/opt/hostedtoolcache/Java_Temurin-Hotspot_jdk/17.0.7-7/x64\n[Test/test]   \u2699  ::set-output:: distribution=Temurin-Hotspot\n[Test/test]   \u2699  ::set-output:: path=/opt/hostedtoolcache/Java_Temurin-Hotspot_jdk/17.0.7-7/x64\n[Test/test]   \u2699  ::set-output:: version=17.0.7+7\n[Test/test]   \u2699  ::add-path:: /opt/hostedtoolcache/Java_Temurin-Hotspot_jdk/17.0.7-7/x64/bin\n[Test/test] \u2b50 Run Main Run Gradle\n[Test/test]   \ud83d\udc33  docker cp src=/home/andre-silva/.cache/act/gradle-gradle-build-action@v2/ dst=/var/run/act/actions/gradle-gradle-build-action@v2/\n[Test/test]   \ud83d\udc33  docker exec cmd=[chown -R 1012:1000 /var/run/act/actions/gradle-gradle-build-action@v2/] user=0 workdir=\n[Test/test]   \ud83d\udc33  docker exec cmd=[node /var/run/act/actions/gradle-gradle-build-action@v2/dist/main/index.js] user= workdir=\n[Test/test]   \ud83d\udcac  ::debug::Determined user.home from java -version output: '/home/runneradmin'\n[Test/test]   | Cache is disabled: will not restore state from previous builds.\n[Test/test]   | [command]/tmp/569e0364-0b80-11ee-a890-af2cc187fc11/pascal-lab-Tai-e/gradlew test --tests pascal.taie.TaieTestSuite --scan\n[Test/test]   | Downloading https://services.gradle.org/distributions/gradle-8.0-bin.zip\n[Test/test]   | ...........10%............20%............30%............40%............50%............60%...........70%............80%............90%............100%\n[Test/test]   | \n[Test/test]   | Welcome to Gradle 8.0!\n[Test/test]   | \n[Test/test]   | For more details see https://docs.gradle.org/8.0/release-notes.html\n[Test/test]   | \n[Test/test]   | Starting a Gradle Daemon (subsequent builds will be faster)\n[Test/test]   | > Task :buildSrc:generateExternalPluginSpecBuilders\n[Test/test]   | > Task :buildSrc:extractPrecompiledScriptPluginPlugins\n[Test/test]   | > Task :buildSrc:compilePluginsBlocks\n[Test/test]   | > Task :buildSrc:generatePrecompiledScriptPluginAccessors\n[Test/test]   | > Task :buildSrc:generateScriptPluginAdapters\n[Test/test]   | > Task :buildSrc:pluginDescriptors\n[Test/test]   | > Task :buildSrc:processResources\n[Test/test]   | > Task :buildSrc:compileKotlin\n[Test/test]   | > Task :buildSrc:compileJava NO-SOURCE\n[Test/test]   | > Task :buildSrc:compileGroovy NO-SOURCE\n[Test/test]   | > Task :buildSrc:classes\n[Test/test]   | > Task :buildSrc:jar\n[Test/test]   | > Task :buildSrc:inspectClassesForKotlinIC\n[Test/test]   | \n[Test/test]   | > Task :compileJava\n[Test/test]   | Note: Some input files use unchecked or unsafe operations.\n[Test/test]   | Note: Recompile with -Xlint:unchecked for details.\n[Test/test]   | \n[Test/test]   | > Task :processResources\n[Test/test]   | > Task :classes\n[Test/test]   | > Task :compileTestJava\n[Test/test]   | > Task :processTestResources\n[Test/test]   | > Task :testClasses\n[Test/test]   | \n[Test/test]   | > Task :test\n[Test/test]   | \n[Test/test]   | pascal.taie.TaieTestSuite > pascal.taie.frontend.soot.SootFrontendTest.testWorldBuilder FAILED\n[Test/test]   |     java.lang.RuntimeException at SootFrontendTest.java:44\n[Test/test]   |         Caused by: java.lang.NullPointerException at SootFrontendTest.java:44\n[Test/test]   | \n[Test/test]   | pascal.taie.TaieTestSuite > pascal.taie.language.TypeTest.classMethod FAILED\n[Test/test]   |     java.lang.RuntimeException at TypeTest.java:43\n[Test/test]   | \n[Test/test]   | pascal.taie.TaieTestSuite > pascal.taie.language.HierarchyTest.classMethod FAILED\n[Test/test]   |     java.lang.RuntimeException at HierarchyTest.java:51\n[Test/test]   | \n[Test/test]   | pascal.taie.TaieTestSuite > pascal.taie.language.DefaultMethodTest.classMethod FAILED\n[Test/test]   |     java.lang.RuntimeException at DefaultMethodTest.java:35\n[Test/test]   | \n[Test/test]   | pascal.taie.TaieTestSuite > pascal.taie.language.FieldTest.testFieldsWithSameName FAILED\n[Test/test]   |     java.lang.RuntimeException at FieldTest.java:38\n[Test/test]   | \n[Test/test]   | pascal.taie.TaieTestSuite > pascal.taie.frontend.cache.SerializationTest.classMethod FAILED\n[Test/test]   |     java.lang.RuntimeException at SerializationTest.java:50\n[Test/test]   | \n[Test/test]   | pascal.taie.TaieTestSuite > pascal.taie.analysis.bugfinder.CloneIdiomTest.test1 FAILED\n[Test/test]   |     java.lang.RuntimeException at CloneIdiomTest.java:36\n[Test/test]   |         Caused by: java.lang.NullPointerException at CloneIdiomTest.java:36\n[Test/test]   | \n[Test/test]   | pascal.taie.TaieTestSuite > pascal.taie.analysis.bugfinder.CloneIdiomTest.test2 FAILED\n[Test/test]   |     java.lang.RuntimeException at CloneIdiomTest.java:36\n[Test/test]   |         Caused by: java.lang.NullPointerException at CloneIdiomTest.java:36\n[Test/test]   | \n[Test/test]   | pascal.taie.TaieTestSuite > pascal.taie.analysis.bugfinder.CloneIdiomTest.test3 FAILED\n[Test/test]   |     java.lang.RuntimeException at CloneIdiomTest.java:36\n[Test/test]   |         Caused by: java.lang.NullPointerException at CloneIdiomTest.java:36\n[Test/test]   | \n[Test/test]   | pascal.taie.TaieTestSuite > pascal.taie.analysis.bugfinder.CloneIdiomTest.test4 FAILED\n[Test/test]   |     java.lang.RuntimeException at CloneIdiomTest.java:36\n[Test/test]   |         Caused by: java.lang.NullPointerException at CloneIdiomTest.java:36\n[Test/test]   | \n[Test/test]   | pascal.taie.TaieTestSuite > pascal.taie.analysis.bugfinder.DroppedExceptionTest.test FAILED\n[Test/test]   |     java.lang.RuntimeException at DroppedExceptionTest.java:33\n[Test/test]   |         Caused by: java.lang.NullPointerException at DroppedExceptionTest.java:33\n[Test/test]   | \n[Test/test]   | pascal.taie.TaieTestSuite > pascal.taie.analysis.bugfinder.IsNullTest.test FAILED\n[Test/test]   |     java.lang.RuntimeException at IsNullTest.java:35\n[Test/test]   |         Caused by: java.lang.NullPointerException at IsNullTest.java:35\n[Test/test]   | \n[Test/test]   | pascal.taie.TaieTestSuite > pascal.taie.analysis.bugfinder.IsNullTest.test2 FAILED\n[Test/test]   |     java.lang.RuntimeException at IsNullTest.java:35\n[Test/test]   |         Caused by: java.lang.NullPointerException at IsNullTest.java:35\n[Test/test]   | \n[Test/test]   | pascal.taie.TaieTestSuite > pascal.taie.analysis.bugfinder.NullPointerDetectionTest.test FAILED\n[Test/test]   |     java.lang.RuntimeException at NullPointerDetectionTest.java:35\n[Test/test]   |         Caused by: java.lang.NullPointerException at NullPointerDetectionTest.java:35\n[Test/test]   | \n[Test/test]   | > Task :checkstyleMain\n[Test/test]   | > Task :checkstyleTest\n[Test/test]   | \n[Test/test]   | > Task :test\n[Test/test]   | \n[Test/test]   | pascal.taie.TaieTestSuite > pascal.taie.analysis.bugfinder.NullPointerDetectionTest.test2 FAILED\n[Test/test]   |     java.lang.RuntimeException at NullPointerDetectionTest.java:35\n[Test/test]   |         Caused by: java.lang.NullPointerException at NullPointerDetectionTest.java:35\n[Test/test]   | \n[Test/test]   | pascal.taie.TaieTestSuite > pascal.taie.analysis.bugfinder.NullPointerDetectionTest.test3 FAILED\n[Test/test]   |     java.lang.RuntimeException at NullPointerDetectionTest.java:35\n[Test/test]   |         Caused by: java.lang.NullPointerException at NullPointerDetectionTest.java:35\n[Test/test]   | \n[Test/test]   | pascal.taie.TaieTestSuite > pascal.taie.analysis.dataflow.analysis.constprop.CPTestFull.testBranchUndef FAILED\n[Test/test]   |     java.lang.RuntimeException at CPTestFull.java:46\n[Test/test]   |         Caused by: java.lang.NullPointerException at CPTestFull.java:46\n[Test/test]   | \n[Test/test]   | pascal.taie.TaieTestSuite > pascal.taie.analysis.dataflow.analysis.constprop.CPTestFull.testLoop FAILED\n[Test/test]   |     java.lang.RuntimeException at CPTestFull.java:51\n[Test/test]   |         Caused by: java.lang.NullPointerException at CPTestFull.java:51\n[Test/test]   | \n[Test/test]   | pascal.taie.TaieTestSuite > pascal.taie.analysis.dataflow.analysis.constprop.CPTestFull.testLogicalOp FAILED\n[Test/test]   |     java.lang.RuntimeException at CPTestFull.java:56\n[Test/test]   |         Caused by: java.lang.NullPointerException at CPTestFull.java:56\n[Test/test]   | \n[Test/test]   | pascal.taie.TaieTestSuite > pascal.taie.analysis.dataflow.analysis.constprop.CPTestFull.testSimpleBoolean FAILED\n[Test/test]   |     java.lang.RuntimeException at CPTestFull.java:31\n[Test/test]   |         Caused by: java.lang.NullPointerException at CPTestFull.java:31\n[Test/test]   | \n[Test/test]   | pascal.taie.TaieTestSuite > pascal.taie.analysis.dataflow.analysis.constprop.CPTestFull.testMultiplyByZero FAILED\n[Test/test]   |     java.lang.RuntimeException at CPTestFull.java:66\n[Test/test]   |         Caused by: java.lang.NullPointerException at CPTestFull.java:66\n[Test/test]   | \n[Test/test]   | pascal.taie.TaieTestSuite > pascal.taie.analysis.dataflow.analysis.constprop.CPTestFull.testBranchNAC FAILED\n[Test/test]   |     java.lang.RuntimeException at CPTestFull.java:41\n[Test/test]   |         Caused by: java.lang.NullPointerException at CPTestFull.java:41\n[Test/test]   | \n[Test/test]   | pascal.taie.TaieTestSuite > pascal.taie.analysis.dataflow.analysis.constprop.CPTestFull.testConditionOp FAILED\n[Test/test]   |     java.lang.RuntimeException at CPTestFull.java:71\n[Test/test]   |         Caused by: java.lang.NullPointerException at CPTestFull.java:71\n[Test/test]   | \n[Test/test]   | pascal.taie.TaieTestSuite > pascal.taie.analysis.dataflow.analysis.constprop.CPTestFull.testDivisionByZero FAILED\n[Test/test]   |     java.lang.RuntimeException at CPTestFull.java:61\n[Test/test]   |         Caused by: java.lang.NullPointerException at CPTestFull.java:61\n[Test/test]   | \n[Test/test]   | pascal.taie.TaieTestSuite > pascal.taie.analysis.dataflow.analysis.constprop.CPTestFull.testComparisonOp FAILED\n[Test/test]   |     java.lang.RuntimeException at CPTestFull.java:76\n[Test/test]   |         Caused by: java.lang.NullPointerException at CPTestFull.java:76\n[Test/test]   | \n[Test/test]   | pascal.taie.TaieTestSuite > pascal.taie.analysis.dataflow.analysis.constprop.CPTestFull.testBinaryOp FAILED\n[Test/test]   |     java.lang.RuntimeException at CPTestFull.java:36\n[Test/test]   |         Caused by: java.lang.NullPointerException at CPTestFull.java:36\n[Test/test]   | \n[Test/test]   | pascal.taie.TaieTestSuite > pascal.taie.analysis.dataflow.analysis.constprop.CPTestFull.testSimpleChar FAILED\n[Test/test]   |     java.lang.RuntimeException at SootWorldBuilder.java:270\n[Test/test]   |         Caused by: java.lang.NullPointerException at ClassDecl.java:1155\n[Test/test]   | \n[Test/test]   | pascal.taie.TaieTestSuite > pascal.taie.analysis.dataflow.analysis.constprop.CPTestFull.testSimpleBinary FAILED\n[Test/test]   |     java.lang.RuntimeException at SootWorldBuilder.java:270\n[Test/test]   |         Caused by: java.lang.NullPointerException at ClassDecl.java:1155\n[Test/test]   | \n[Test/test]   | pascal.taie.TaieTestSuite > pascal.taie.analysis.dataflow.analysis.constprop.CPTestFull.testSimpleBranch FAILED\n[Test/test]   |     java.lang.RuntimeException at SootWorldBuilder.java:270\n[Test/test]   |         Caused by: java.lang.NullPointerException at ClassDecl.java:1155\n[Test/test]   | \n[Test/test]   | pascal.taie.TaieTestSuite > pascal.taie.analysis.dataflow.analysis.constprop.CPTestFull.testSimpleConstant FAILED\n[Test/test]   |     java.lang.RuntimeException at SootWorldBuilder.java:270\n[Test/test]   |         Caused by: java.lang.NullPointerException at ClassDecl.java:1155\n[Test/test]   | \n[Test/test]   | pascal.taie.TaieTestSuite > pascal.taie.analysis.dataflow.analysis.constprop.CPTestFull.testBranchConstant FAILED\n[Test/test]   |     java.lang.RuntimeException at SootWorldBuilder.java:270\n[Test/test]   |         Caused by: java.lang.NullPointerException at ClassDecl.java:1155\n[Test/test]   | \n[Test/test]   | pascal.taie.TaieTestSuite > pascal.taie.analysis.dataflow.analysis.constprop.CPTestFull.testAssign FAILED\n[Test/test]   |     java.lang.RuntimeException at SootWorldBuilder.java:270\n[Test/test]   |         Caused by: java.lang.NullPointerException at ClassDecl.java:1155\n[Test/test]   | \n[Test/test]   | pascal.taie.TaieTestSuite > pascal.taie.analysis.dataflow.analysis.constprop.CPTestFull.testInterprocedural FAILED\n[Test/test]   |     java.lang.RuntimeException at SootWorldBuilder.java:270\n[Test/test]   |         Caused by: java.lang.NullPointerException at ClassDecl.java:1155\n[Test/test]   | \n[Test/test]   | pascal.taie.TaieTestSuite > pascal.taie.analysis.dataflow.analysis.constprop.EdgeRefineTest.test FAILED\n[Test/test]   |     java.lang.RuntimeException at EdgeRefineTest.java:32\n[Test/test]   |         Caused by: java.lang.NullPointerException at EdgeRefineTest.java:32\n[Test/test]   | \n[Test/test]   | pascal.taie.TaieTestSuite > pascal.taie.analysis.dataflow.analysis.constprop.InterCPAliasTest.testStaticFieldMultiStores FAILED\n[Test/test]   |     java.lang.RuntimeException at InterCPAliasTest.java:34\n[Test/test]   |         Caused by: java.lang.NullPointerException at InterCPAliasTest.java:34\n[Test/test]   | \n[Test/test]   | pascal.taie.TaieTestSuite > pascal.taie.analysis.dataflow.analysis.constprop.InterCPAliasTest.testObjSens FAILED\n[Test/test]   |     java.lang.RuntimeException at InterCPAliasTest.java:34\n[Test/test]   |         Caused by: java.lang.NullPointerException at InterCPAliasTest.java:34\n[Test/test]   | \n[Test/test]   | pascal.taie.TaieTestSuite > pascal.taie.analysis.dataflow.analysis.constprop.InterCPAliasTest.testArrayLoops FAILED\n[Test/test]   |     java.lang.RuntimeException at InterCPAliasTest.java:34\n[Test/test]   |         Caused by: java.lang.NullPointerException at InterCPAliasTest.java:34\n[Test/test]   | \n[Test/test]   | pascal.taie.TaieTestSuite > pascal.taie.analysis.dataflow.analysis.constprop.InterCPAliasTest.testInterprocedural2 FAILED\n[Test/test]   |     java.lang.RuntimeException at InterCPAliasTest.java:34\n[Test/test]   |         Caused by: java.lang.NullPointerException at InterCPAliasTest.java:34\n[Test/test]   | \n[Test/test]   | pascal.taie.TaieTestSuite > pascal.taie.analysis.dataflow.analysis.constprop.InterCPAliasTest.testArray FAILED\n[Test/test]   |     java.lang.RuntimeException at InterCPAliasTest.java:34\n[Test/test]   |         Caused by: java.lang.NullPointerException at InterCPAliasTest.java:34\n[Test/test]   | \n[Test/test]   | pascal.taie.TaieTestSuite > pascal.taie.analysis.dataflow.analysis.constprop.InterCPAliasTest.testMultiStores FAILED\n[Test/test]   |     java.lang.RuntimeException at InterCPAliasTest.java:34\n[Test/test]   |         Caused by: java.lang.NullPointerException at InterCPAliasTest.java:34\n[Test/test]   | \n[Test/test]   | pascal.taie.TaieTestSuite > pascal.taie.analysis.dataflow.analysis.constprop.InterCPAliasTest.testArrayInter2 FAILED\n[Test/test]   |     java.lang.RuntimeException at InterCPAliasTest.java:34\n[Test/test]   |         Caused by: java.lang.NullPointerException at InterCPAliasTest.java:34\n[Test/test]   | \n[Test/test]   | pascal.taie.TaieTestSuite > pascal.taie.analysis.dataflow.analysis.constprop.InterCPAliasTest.testStaticField FAILED\n[Test/test]   |     java.lang.RuntimeException at InterCPAliasTest.java:34\n[Test/test]   |         Caused by: java.lang.NullPointerException at InterCPAliasTest.java:34\n[Test/test]   | \n[Test/test]   | pascal.taie.TaieTestSuite > pascal.taie.analysis.dataflow.analysis.constprop.InterCPAliasTest.testInstanceField FAILED\n[Test/test]   |     java.lang.RuntimeException at InterCPAliasTest.java:34\n[Test/test]   |         Caused by: java.lang.NullPointerException at InterCPAliasTest.java:34\n[Test/test]   | \n[Test/test]   | pascal.taie.TaieTestSuite > pascal.taie.analysis.dataflow.analysis.LiveVarTestFull.testAnonInner FAILED\n[Test/test]   |     java.lang.RuntimeException at LiveVarTestFull.java:62\n[Test/test]   |         Caused by: java.lang.NullPointerException at LiveVarTestFull.java:62\n[Test/test]   | \n[Test/test]   | pascal.taie.TaieTestSuite > pascal.taie.analysis.dataflow.analysis.LiveVarTestFull.testArray FAILED\n[Test/test]   |     java.lang.RuntimeException at LiveVarTestFull.java:67\n[Test/test]   |         Caused by: java.lang.NullPointerException at LiveVarTestFull.java:67\n[Test/test]   | \n[Test/test]   | pascal.taie.TaieTestSuite > pascal.taie.analysis.dataflow.analysis.LiveVarTestFull.testField FAILED\n[Test/test]   |     java.lang.RuntimeException at LiveVarTestFull.java:72\n[Test/test]   |         Caused by: java.lang.NullPointerException at LiveVarTestFull.java:72\n[Test/test]   | \n[Test/test]   | pascal.taie.TaieTestSuite > pascal.taie.analysis.dataflow.analysis.LiveVarTestFull.testGraph FAILED\n[Test/test]   |     java.lang.RuntimeException at LiveVarTestFull.java:77\n[Test/test]   |         Caused by: java.lang.NullPointerException at LiveVarTestFull.java:77\n[Test/test]   | \n[Test/test]   | pascal.taie.TaieTestSuite > pascal.taie.analysis.dataflow.analysis.LiveVarTestFull.testLoop FAILED\n[Test/test]   |     java.lang.RuntimeException at LiveVarTestFull.java:52\n[Test/test]   |         Caused by: java.lang.NullPointerException at LiveVarTestFull.java:52\n[Test/test]   | \n[Test/test]   | pascal.taie.TaieTestSuite > pascal.taie.analysis.dataflow.analysis.LiveVarTestFull.testSort FAILED\n[Test/test]   |     java.lang.RuntimeException at LiveVarTestFull.java:82\n[Test/test]   |         Caused by: java.lang.NullPointerException at LiveVarTestFull.java:82\n[Test/test]   | \n[Test/test]   | pascal.taie.TaieTestSuite > pascal.taie.analysis.dataflow.analysis.LiveVarTestFull.testFibonacci FAILED\n[Test/test]   |     java.lang.RuntimeException at LiveVarTestFull.java:97\n[Test/test]   |         Caused by: java.lang.NullPointerException at LiveVarTestFull.java:97\n[Test/test]   | \n[Test/test]   | pascal.taie.TaieTestSuite > pascal.taie.analysis.dataflow.analysis.LiveVarTestFull.testReference FAILED\n[Test/test]   |     java.lang.RuntimeException at LiveVarTestFull.java:112\n[Test/test]   |         Caused by: java.lang.NullPointerException at LiveVarTestFull.java:112\n[Test/test]   | \n[Test/test]   | pascal.taie.TaieTestSuite > pascal.taie.analysis.dataflow.analysis.LiveVarTestFull.testComplexAssign FAILED\n[Test/test]   |     java.lang.RuntimeException at LiveVarTestFull.java:87\n[Test/test]   |         Caused by: java.lang.NullPointerException at LiveVarTestFull.java:87\n[Test/test]   | \n[Test/test]   | pascal.taie.TaieTestSuite > pascal.taie.analysis.dataflow.analysis.LiveVarTestFull.testStronglyAssign FAILED\n[Test/test]   |     java.lang.RuntimeException at LiveVarTestFull.java:31\n[Test/test]   |         Caused by: java.lang.NullPointerException at LiveVarTestFull.java:31\n[Test/test]   | \n[Test/test]   | pascal.taie.TaieTestSuite > pascal.taie.analysis.dataflow.analysis.LiveVarTestFull.testBranchLoop FAILED\n[Test/test]   |     java.lang.RuntimeException at LiveVarTestFull.java:57\n[Test/test]   |         Caused by: java.lang.NullPointerException at LiveVarTestFull.java:57\n[Test/test]   | \n[Test/test]   | pascal.taie.TaieTestSuite > pascal.taie.analysis.dataflow.analysis.LiveVarTestFull.testStronglyBranchLoop FAILED\n[Test/test]   |     java.lang.RuntimeException at LiveVarTestFull.java:31\n[Test/test]   |         Caused by: java.lang.NullPointerException at LiveVarTestFull.java:31\n[Test/test]   | \n[Test/test]   | pascal.taie.TaieTestSuite > pascal.taie.analysis.dataflow.analysis.LiveVarTestFull.testAssign FAILED\n[Test/test]   |     java.lang.RuntimeException at LiveVarTestFull.java:37\n[Test/test]   |         Caused by: java.lang.NullPointerException at LiveVarTestFull.java:37\n[Test/test]   | \n[Test/test]   | pascal.taie.TaieTestSuite > pascal.taie.analysis.dataflow.analysis.LiveVarTestFull.testBranch FAILED\n[Test/test]   |     java.lang.RuntimeException at LiveVarTestFull.java:47\n[Test/test]   |         Caused by: java.lang.NullPointerException at LiveVarTestFull.java:47\n[Test/test]   | \n[Test/test]   | pascal.taie.TaieTestSuite > pascal.taie.analysis.dataflow.analysis.LiveVarTestFull.testCorner FAILED\n[Test/test]   |     java.lang.RuntimeException at LiveVarTestFull.java:92\n[Test/test]   |         Caused by: java.lang.NullPointerException at LiveVarTestFull.java:92\n[Test/test]   | \n[Test/test]   | pascal.taie.TaieTestSuite > pascal.taie.analysis.dataflow.analysis.LiveVarTestFull.testInvoke FAILED\n[Test/test]   |     java.lang.RuntimeException at LiveVarTestFull.java:42\n[Test/test]   |         Caused by: java.lang.NullPointerException at LiveVarTestFull.java:42\n[Test/test]   | \n[Test/test]   | pascal.taie.TaieTestSuite > pascal.taie.analysis.dataflow.analysis.LiveVarTestFull.testGaussianElimination FAILED\n[Test/test]   |     java.lang.RuntimeException at LiveVarTestFull.java:102\n[Test/test]   |         Caused by: java.lang.NullPointerException at LiveVarTestFull.java:102\n[Test/test]   | \n[Test/test]   | pascal.taie.TaieTestSuite > pascal.taie.analysis.dataflow.analysis.LiveVarTestFull.testSwitch FAILED\n[Test/test]   |     java.lang.RuntimeException at LiveVarTestFull.java:107\n[Test/test]   |         Caused by: java.lang.NullPointerException at LiveVarTestFull.java:107\n[Test/test]   | \n[Test/test]   | pascal.taie.TaieTestSuite > pascal.taie.analysis.dataflow.analysis.ReachDefTest.test FAILED\n[Test/test]   |     java.lang.RuntimeException at ReachDefTest.java:32\n[Test/test]   |         Caused by: java.lang.NullPointerException at ReachDefTest.java:32\n[Test/test]   | \n[Test/test]   | pascal.taie.TaieTestSuite > pascal.taie.analysis.dataflow.analysis.AvailExpTest.test FAILED\n[Test/test]   |     java.lang.RuntimeException at AvailExpTest.java:33\n[Test/test]   |         Caused by: java.lang.NullPointerException at AvailExpTest.java:33\n[Test/test]   | \n[Test/test]   | pascal.taie.TaieTestSuite > pascal.taie.analysis.deadcode.DeadCodeTestFull.testArrayField FAILED\n[Test/test]   |     java.lang.RuntimeException at DeadCodeTestFull.java:81\n[Test/test]   |         Caused by: java.lang.NullPointerException at DeadCodeTestFull.java:81\n[Test/test]   | \n[Test/test]   | pascal.taie.TaieTestSuite > pascal.taie.analysis.deadcode.DeadCodeTestFull.testUnreachableSwitchBranch2 FAILED\n[Test/test]   |     java.lang.RuntimeException at DeadCodeTestFull.java:41\n[Test/test]   |         Caused by: java.lang.NullPointerException at DeadCodeTestFull.java:41\n[Test/test]   | \n[Test/test]   | pascal.taie.TaieTestSuite > pascal.taie.analysis.deadcode.DeadCodeTestFull.testUnreachableIfBranch2 FAILED\n[Test/test]   |     java.lang.RuntimeException at DeadCodeTestFull.java:36\n[Test/test]   |         Caused by: java.lang.NullPointerException at DeadCodeTestFull.java:36\n[Test/test]   | \n[Test/test]   | pascal.taie.TaieTestSuite > pascal.taie.analysis.deadcode.DeadCodeTestFull.testAllReachableIfBranch FAILED\n[Test/test]   |     java.lang.RuntimeException at DeadCodeTestFull.java:71\n[Test/test]   |         Caused by: java.lang.NullPointerException at DeadCodeTestFull.java:71\n[Test/test]   | \n[Test/test]   | pascal.taie.TaieTestSuite > pascal.taie.analysis.deadcode.DeadCodeTestFull.testControlFlowUnreachable2 FAILED\n[Test/test]   |     java.lang.RuntimeException at DeadCodeTestFull.java:31\n[Test/test]   |         Caused by: java.lang.NullPointerException at DeadCodeTestFull.java:31\n[Test/test]   | \n[Test/test]   | pascal.taie.TaieTestSuite > pascal.taie.analysis.deadcode.DeadCodeTestFull.testForLoops FAILED\n[Test/test]   |     java.lang.RuntimeException at DeadCodeTestFull.java:76\n[Test/test]   |         Caused by: java.lang.NullPointerException at DeadCodeTestFull.java:76\n[Test/test]   | \n[Test/test]   | pascal.taie.TaieTestSuite > pascal.taie.analysis.deadcode.DeadCodeTestFull.testLiveAssignments FAILED\n[Test/test]   |     java.lang.RuntimeException at DeadCodeTestFull.java:51\n[Test/test]   |         Caused by: java.lang.NullPointerException at DeadCodeTestFull.java:51\n[Test/test]   | \n[Test/test]   | pascal.taie.TaieTestSuite > pascal.taie.analysis.deadcode.DeadCodeTestFull.testCorner FAILED\n[Test/test]   |     java.lang.RuntimeException at DeadCodeTestFull.java:66\n[Test/test]   |         Caused by: java.lang.NullPointerException at DeadCodeTestFull.java:66\n[Test/test]   | \n[Test/test]   | pascal.taie.TaieTestSuite > pascal.taie.analysis.deadcode.DeadCodeTestFull.testDeadAssignment2 FAILED\n[Test/test]   |     java.lang.RuntimeException at DeadCodeTestFull.java:46\n[Test/test]   |         Caused by: java.lang.NullPointerException at DeadCodeTestFull.java:46\n[Test/test]   | \n[Test/test]   | pascal.taie.TaieTestSuite > pascal.taie.analysis.deadcode.DeadCodeTestFull.testMixedDeadCode FAILED\n[Test/test]   |     java.lang.RuntimeException at DeadCodeTestFull.java:56\n[Test/test]   |         Caused by: java.lang.NullPointerException at DeadCodeTestFull.java:56\n[Test/test]   | \n[Test/test]   | pascal.taie.TaieTestSuite > pascal.taie.analysis.deadcode.DeadCodeTestFull.testNotDead FAILED\n[Test/test]   |     java.lang.RuntimeException at DeadCodeTestFull.java:61\n[Test/test]   |         Caused by: java.lang.NullPointerException at DeadCodeTestFull.java:61\n[Test/test]   | \n[Test/test]   | pascal.taie.TaieTestSuite > pascal.taie.analysis.deadcode.DeadCodeTestFull.testLoops FAILED\n[Test/test]   |     java.lang.RuntimeException at SootWorldBuilder.java:270\n[Test/test]   |         Caused by: java.lang.NullPointerException at ClassDecl.java:1155\n[Test/test]   | \n[Test/test]   | pascal.taie.TaieTestSuite > pascal.taie.analysis.deadcode.DeadCodeTestFull.testDeadAssignment FAILED\n[Test/test]   |     java.lang.RuntimeException at SootWorldBuilder.java:270\n[Test/test]   |         Caused by: java.lang.NullPointerException at ClassDecl.java:1155\n[Test/test]   | \n[Test/test]   | pascal.taie.TaieTestSuite > pascal.taie.analysis.deadcode.DeadCodeTestFull.testControlFlowUnreachable FAILED\n[Test/test]   |     java.lang.RuntimeException at SootWorldBuilder.java:270\n[Test/test]   |         Caused by: java.lang.NullPointerException at ClassDecl.java:1155\n[Test/test]   | \n[Test/test]   | pascal.taie.TaieTestSuite > pascal.taie.analysis.deadcode.DeadCodeTestFull.testUnreachableSwitchBranch FAILED\n[Test/test]   |     java.lang.RuntimeException at SootWorldBuilder.java:270\n[Test/test]   |         Caused by: java.lang.NullPointerException at ClassDecl.java:1155\n[Test/test]   | \n[Test/test]   | pascal.taie.TaieTestSuite > pascal.taie.analysis.deadcode.DeadCodeTestFull.testUnreachableIfBranch FAILED\n[Test/test]   |     java.lang.RuntimeException at SootWorldBuilder.java:270\n[Test/test]   |         Caused by: java.lang.NullPointerException at ClassDecl.java:1155\n[Test/test]   | \n[Test/test]   | pascal.taie.TaieTestSuite > pascal.taie.analysis.defuse.DefUseTest.test FAILED\n[Test/test]   |     java.lang.RuntimeException at DefUseTest.java:32\n[Test/test]   |         Caused by: java.lang.NullPointerException at DefUseTest.java:32\n[Test/test]   | \n[Test/test]   | pascal.taie.TaieTestSuite > pascal.taie.analysis.graph.callgraph.cha.CHATestFull.testSpecialCall FAILED\n[Test/test]   |     java.lang.RuntimeException at CHATestFull.java:31\n[Test/test]   |         Caused by: java.lang.NullPointerException at CHATestFull.java:31\n[Test/test]   | \n[Test/test]   | pascal.taie.TaieTestSuite > pascal.taie.analysis.graph.callgraph.cha.CHATestFull.testMaxPQ FAILED\n[Test/test]   |     java.lang.RuntimeException at CHATestFull.java:56\n[Test/test]   |         Caused by: java.lang.NullPointerException at CHATestFull.java:56\n[Test/test]   | \n[Test/test]   | pascal.taie.TaieTestSuite > pascal.taie.analysis.graph.callgraph.cha.CHATestFull.testLongCallChain FAILED\n[Test/test]   |     java.lang.RuntimeException at CHATestFull.java:61\n[Test/test]   |         Caused by: java.lang.NullPointerException at CHATestFull.java:61\n[Test/test]   | \n[Test/test]   | pascal.taie.TaieTestSuite > pascal.taie.analysis.graph.callgraph.cha.CHATestFull.testRecursion2 FAILED\n[Test/test]   |     java.lang.RuntimeException at CHATestFull.java:51\n[Test/test]   |         Caused by: java.lang.NullPointerException at CHATestFull.java:51\n[Test/test]   | \n[Test/test]   | pascal.taie.TaieTestSuite > pascal.taie.analysis.graph.callgraph.cha.CHATestFull.testRecursion FAILED\n[Test/test]   |     java.lang.RuntimeException at CHATestFull.java:46\n[Test/test]   |         Caused by: java.lang.NullPointerException at CHATestFull.java:46\n[Test/test]   | \n[Test/test]   | pascal.taie.TaieTestSuite > pascal.taie.analysis.graph.callgraph.cha.CHATestFull.testInterface2 FAILED\n[Test/test]   |     java.lang.RuntimeException at CHATestFull.java:36\n[Test/test]   |         Caused by: java.lang.NullPointerException at CHATestFull.java:36\n[Test/test]   | \n[Test/test]   | pascal.taie.TaieTestSuite > pascal.taie.analysis.graph.callgraph.cha.CHATestFull.testInterface3 FAILED\n[Test/test]   |     java.lang.RuntimeException at CHATestFull.java:41\n[Test/test]   |         Caused by: java.lang.NullPointerException at CHATestFull.java:41\n[Test/test]   | \n[Test/test]   | pascal.taie.TaieTestSuite > pascal.taie.analysis.graph.callgraph.cha.CHATestFull.testVirtualCall FAILED\n[Test/test]   |     java.lang.RuntimeException at SootWorldBuilder.java:270\n[Test/test]   |         Caused by: java.lang.NullPointerException at ClassDecl.java:1221\n[Test/test]   | \n[Test/test]   | pascal.taie.TaieTestSuite > pascal.taie.analysis.graph.callgraph.cha.CHATestFull.testStaticCall FAILED\n[Test/test]   |     java.lang.RuntimeException at SootWorldBuilder.java:270\n[Test/test]   |         Caused by: java.lang.NullPointerException at ClassDecl.java:1221\n[Test/test]   | \n[Test/test]   | pascal.taie.TaieTestSuite > pascal.taie.analysis.graph.callgraph.cha.CHATestFull.testAbstractMethod FAILED\n[Test/test]   |     java.lang.RuntimeException at SootWorldBuilder.java:270\n[Test/test]   |         Caused by: java.lang.NullPointerException at ClassDecl.java:1221\n[Test/test]   | \n[Test/test]   | pascal.taie.TaieTestSuite > pascal.taie.analysis.graph.callgraph.cha.CHATestFull.testInterface FAILED\n[Test/test]   |     java.lang.RuntimeException at SootWorldBuilder.java:270\n[Test/test]   |         Caused by: java.lang.NullPointerException at InterfaceDecl.java:776\n[Test/test]   | \n[Test/test]   | pascal.taie.TaieTestSuite > pascal.taie.analysis.pta.BasicTestFull.testPrimitives FAILED\n[Test/test]   |     java.lang.RuntimeException at BasicTestFull.java:63\n[Test/test]   |         Caused by: java.lang.NullPointerException at BasicTestFull.java:63\n[Test/test]   | \n[Test/test]   | pascal.taie.TaieTestSuite > pascal.taie.analysis.pta.BasicTestFull.testArray FAILED\n[Test/test]   |     java.lang.RuntimeException at BasicTestFull.java:38\n[Test/test]   |         Caused by: java.lang.NullPointerException at BasicTestFull.java:38\n[Test/test]   | \n[Test/test]   | pascal.taie.TaieTestSuite > pascal.taie.analysis.pta.BasicTestFull.testCast2 FAILED\n[Test/test]   |     java.lang.RuntimeException at BasicTestFull.java:48\n[Test/test]   |         Caused by: java.lang.NullPointerException at BasicTestFull.java:48\n[Test/test]   | \n[Test/test]   | pascal.taie.TaieTestSuite > pascal.taie.analysis.pta.BasicTestFull.testPrimitive FAILED\n[Test/test]   |     java.lang.RuntimeException at BasicTestFull.java:58\n[Test/test]   |         Caused by: java.lang.NullPointerException at BasicTestFull.java:58\n[Test/test]   | \n[Test/test]   | pascal.taie.TaieTestSuite > pascal.taie.analysis.pta.BasicTestFull.testCast FAILED\n[Test/test]   |     java.lang.RuntimeException at BasicTestFull.java:43\n[Test/test]   |         Caused by: java.lang.NullPointerException at BasicTestFull.java:43\n[Test/test]   | \n[Test/test]   | pascal.taie.TaieTestSuite > pascal.taie.analysis.pta.BasicTestFull.testNull FAILED\n[Test/test]   |     java.lang.RuntimeException at BasicTestFull.java:53\n[Test/test]   |         Caused by: java.lang.NullPointerException at BasicTestFull.java:53\n[Test/test]   | \n[Test/test]   | pascal.taie.TaieTestSuite > pascal.taie.analysis.pta.BasicTestFull.testStaticField FAILED\n[Test/test]   |     java.lang.RuntimeException at BasicTestFull.java:33\n[Test/test]   |         Caused by: java.lang.NullPointerException at BasicTestFull.java:33\n[Test/test]   | \n[Test/test]   | pascal.taie.TaieTestSuite > pascal.taie.analysis.pta.BasicTestFull.testMultiArray FAILED\n[Test/test]   |     java.lang.RuntimeException at BasicTestFull.java:82\n[Test/test]   |         Caused by: java.lang.NullPointerException at BasicTestFull.java:82\n[Test/test]   | \n[Test/test]   | pascal.taie.TaieTestSuite > pascal.taie.analysis.pta.BasicTestFull.testNativeModel FAILED\n[Test/test]   |     java.lang.RuntimeException at BasicTestFull.java:102\n[Test/test]   |         Caused by: java.lang.NullPointerException at BasicTestFull.java:102\n[Test/test]   | \n[Test/test]   | pascal.taie.TaieTestSuite > pascal.taie.analysis.pta.BasicTestFull.testClinit FAILED\n[Test/test]   |     java.lang.RuntimeException at BasicTestFull.java:87\n[Test/test]   |         Caused by: java.lang.NullPointerException at BasicTestFull.java:87\n[Test/test]   | \n[Test/test]   | pascal.taie.TaieTestSuite > pascal.taie.analysis.pta.BasicTestFull.testNative FAILED\n[Test/test]   |     java.lang.RuntimeException at BasicTestFull.java:97\n[Test/test]   |         Caused by: java.lang.NullPointerException at BasicTestFull.java:97\n[Test/test]   | \n[Test/test]   | pascal.taie.TaieTestSuite > pascal.taie.analysis.pta.BasicTestFull.testAnnotationModel FAILED\n[Test/test]   |     java.lang.RuntimeException at BasicTestFull.java:107\n[Test/test]   |         Caused by: java.lang.NullPointerException at BasicTestFull.java:107\n[Test/test]   | \n[Test/test]   | pascal.taie.TaieTestSuite > pascal.taie.analysis.pta.BasicTestFull.testPropagateNull FAILED\n[Test/test]   |     java.lang.RuntimeException at BasicTestFull.java:70\n[Test/test]   |         Caused by: java.lang.NullPointerException at BasicTestFull.java:70\n[Test/test]   | \n[Test/test]   | pascal.taie.TaieTestSuite > pascal.taie.analysis.pta.BasicTestFull.testStrings FAILED\n[Test/test]   |     java.lang.RuntimeException at BasicTestFull.java:77\n[Test/test]   |         Caused by: java.lang.NullPointerException at BasicTestFull.java:77\n[Test/test]   | \n[Test/test]   | pascal.taie.TaieTestSuite > pascal.taie.analysis.pta.BasicTestFull.testCallParamRet FAILED\n[Test/test]   |     java.lang.RuntimeException at SootWorldBuilder.java:270\n[Test/test]   |         Caused by: java.lang.NullPointerException at ClassDecl.java:1221\n[Test/test]   | \n[Test/test]   | pascal.taie.TaieTestSuite > pascal.taie.analysis.pta.BasicTestFull.testLinkedQueue FAILED\n[Test/test]   |     java.lang.RuntimeException at SootWorldBuilder.java:270\n[Test/test]   |         Caused by: java.lang.NullPointerException at ClassDecl.java:1755\n[Test/test]   | \n[Test/test]   | pascal.taie.TaieTestSuite > pascal.taie.analysis.pta.BasicTestFull.testStoreLoad FAILED\n[Test/test]   |     java.lang.RuntimeException at SootWorldBuilder.java:270\n[Test/test]   |         Caused by: java.lang.NullPointerException at ClassDecl.java:1221\n[Test/test]   | \n[Test/test]   | pascal.taie.TaieTestSuite > pascal.taie.analysis.pta.BasicTestFull.testInstanceField2 FAILED\n[Test/test]   |     java.lang.RuntimeException at SootWorldBuilder.java:270\n[Test/test]   |         Caused by: java.lang.NullPointerException at ClassDecl.java:1221\n[Test/test]   | \n[Test/test]   | pascal.taie.TaieTestSuite > pascal.taie.analysis.pta.BasicTestFull.testMergeParam FAILED\n[Test/test]   |     java.lang.RuntimeException at SootWorldBuilder.java:270\n[Test/test]   |         Caused by: java.lang.NullPointerException at ClassDecl.java:1221\n[Test/test]   | \n[Test/test]   | pascal.taie.TaieTestSuite > pascal.taie.analysis.pta.BasicTestFull.testNew FAILED\n[Test/test]   |     java.lang.RuntimeException at SootWorldBuilder.java:270\n[Test/test]   |         Caused by: java.lang.NullPointerException at ClassDecl.java:1221\n[Test/test]   | \n[Test/test]   | pascal.taie.TaieTestSuite > pascal.taie.analysis.pta.BasicTestFull.testCycle FAILED\n[Test/test]   |     java.lang.RuntimeException at SootWorldBuilder.java:270\n[Test/test]   |         Caused by: java.lang.NullPointerException at ClassDecl.java:1221\n[Test/test]   | \n[Test/test]   | pascal.taie.TaieTestSuite > pascal.taie.analysis.pta.BasicTestFull.testCall FAILED\n[Test/test]   |     java.lang.RuntimeException at SootWorldBuilder.java:270\n[Test/test]   |         Caused by: java.lang.NullPointerException at ClassDecl.java:1221\n[Test/test]   | \n[Test/test]   | pascal.taie.TaieTestSuite > pascal.taie.analysis.pta.BasicTestFull.testAssign2 FAILED\n[Test/test]   |     java.lang.RuntimeException at SootWorldBuilder.java:270\n[Test/test]   |         Caused by: java.lang.NullPointerException at ClassDecl.java:1221\n[Test/test]   | \n[Test/test]   | pascal.taie.TaieTestSuite > pascal.taie.analysis.pta.BasicTestFull.testMultiReturn FAILED\n[Test/test]   |     java.lang.RuntimeException at SootWorldBuilder.java:270\n[Test/test]   |         Caused by: java.lang.NullPointerException at ClassDecl.java:1221\n[Test/test]   | \n[Test/test]   | pascal.taie.TaieTestSuite > pascal.taie.analysis.pta.BasicTestFull.testStaticCall FAILED\n[Test/test]   |     java.lang.RuntimeException at SootWorldBuilder.java:270\n[Test/test]   |         Caused by: java.lang.NullPointerException at ClassDecl.java:1221\n[Test/test]   | \n[Test/test]   | pascal.taie.TaieTestSuite > pascal.taie.analysis.pta.BasicTestFull.testCallField FAILED\n[Test/test]   |     java.lang.RuntimeException at SootWorldBuilder.java:270\n[Test/test]   |         Caused by: java.lang.NullPointerException at ClassDecl.java:1221\n[Test/test]   | \n[Test/test]   | pascal.taie.TaieTestSuite > pascal.taie.analysis.pta.BasicTestFull.testComplexAssign FAILED\n[Test/test]   |     java.lang.RuntimeException at SootWorldBuilder.java:270\n[Test/test]   |         Caused by: java.lang.NullPointerException at ClassDecl.java:1221\n[Test/test]   | \n[Test/test]   | pascal.taie.TaieTestSuite > pascal.taie.analysis.pta.BasicTestFull.testInstanceField FAILED\n[Test/test]   |     java.lang.RuntimeException at SootWorldBuilder.java:270\n[Test/test]   |         Caused by: java.lang.NullPointerException at ClassDecl.java:1221\n[Test/test]   | \n[Test/test]   | pascal.taie.TaieTestSuite > pascal.taie.analysis.pta.BasicTestFull.testRedBlackBST FAILED\n[Test/test]   |     java.lang.RuntimeException at SootWorldBuilder.java:270\n[Test/test]   |         Caused by: java.lang.NullPointerException at ClassDecl.java:1755\n[Test/test]   | \n[Test/test]   | pascal.taie.TaieTestSuite > pascal.taie.analysis.pta.BasicTestFull.testDispatch FAILED\n[Test/test]   |     java.lang.RuntimeException at SootWorldBuilder.java:270\n[Test/test]   |         Caused by: java.lang.NullPointerException at ClassDecl.java:1221\n[Test/test]   | \n[Test/test]   | pascal.taie.TaieTestSuite > pascal.taie.analysis.pta.BasicTestFull.testInterface FAILED\n[Test/test]   |     java.lang.RuntimeException at SootWorldBuilder.java:270\n[Test/test]   |         Caused by: java.lang.NullPointerException at InterfaceDecl.java:776\n[Test/test]   | \n[Test/test]   | pascal.taie.TaieTestSuite > pascal.taie.analysis.pta.BasicTestFull.testAssign FAILED\n[Test/test]   |     java.lang.RuntimeException at SootWorldBuilder.java:270\n[Test/test]   |         Caused by: java.lang.NullPointerException at ClassDecl.java:1221\n[Test/test]   | \n[Test/test]   | pascal.taie.TaieTestSuite > pascal.taie.analysis.pta.BasicTestFull.testRecursion FAILED\n[Test/test]   |     java.lang.RuntimeException at SootWorldBuilder.java:270\n[Test/test]   |         Caused by: java.lang.NullPointerException at ClassDecl.java:1221\n[Test/test]   | \n[Test/test]   | pascal.taie.TaieTestSuite > pascal.taie.analysis.pta.ContextSensitivityTestFull.testObjOnly FAILED\n[Test/test]   |     java.lang.RuntimeException at ContextSensitivityTestFull.java:58\n[Test/test]   |         Caused by: java.lang.NullPointerException at ContextSensitivityTestFull.java:58\n[Test/test]   | \n[Test/test]   | pascal.taie.TaieTestSuite > pascal.taie.analysis.pta.ContextSensitivityTestFull.testLinkedQueue FAILED\n[Test/test]   |     java.lang.RuntimeException at ContextSensitivityTestFull.java:78\n[Test/test]   |         Caused by: java.lang.NullPointerException at ContextSensitivityTestFull.java:78\n[Test/test]   | \n[Test/test]   | pascal.taie.TaieTestSuite > pascal.taie.analysis.pta.ContextSensitivityTestFull.testStaticSelect FAILED\n[Test/test]   |     java.lang.RuntimeException at ContextSensitivityTestFull.java:48\n[Test/test]   |         Caused by: java.lang.NullPointerException at ContextSensitivityTestFull.java:48\n[Test/test]   | \n[Test/test]   | pascal.taie.TaieTestSuite > pascal.taie.analysis.pta.ContextSensitivityTestFull.testNestedHeap FAILED\n[Test/test]   |     java.lang.RuntimeException at ContextSensitivityTestFull.java:68\n[Test/test]   |         Caused by: java.lang.NullPointerException at ContextSensitivityTestFull.java:68\n[Test/test]   | \n[Test/test]   | pascal.taie.TaieTestSuite > pascal.taie.analysis.pta.ContextSensitivityTestFull.testSpecialHeapContext FAILED\n[Test/test]   |     java.lang.RuntimeException at ContextSensitivityTestFull.java:89\n[Test/test]   |         Caused by: java.lang.NullPointerException at ContextSensitivityTestFull.java:89\n[Test/test]   | \n[Test/test]   | pascal.taie.TaieTestSuite > pascal.taie.analysis.pta.ContextSensitivityTestFull.testLongCallContext FAILED\n[Test/test]   |     java.lang.RuntimeException at ContextSensitivityTestFull.java:43\n[Test/test]   |         Caused by: java.lang.NullPointerException at ContextSensitivityTestFull.java:43\n[Test/test]   | \n[Test/test]   | pascal.taie.TaieTestSuite > pascal.taie.analysis.pta.ContextSensitivityTestFull.testMustUseHeap FAILED\n[Test/test]   |     java.lang.RuntimeException at ContextSensitivityTestFull.java:63\n[Test/test]   |         Caused by: java.lang.NullPointerException at ContextSensitivityTestFull.java:63\n[Test/test]   | \n[Test/test]   | pascal.taie.TaieTestSuite > pascal.taie.analysis.pta.ContextSensitivityTestFull.testCallOnly FAILED\n[Test/test]   |     java.lang.RuntimeException at ContextSensitivityTestFull.java:73\n[Test/test]   |         Caused by: java.lang.NullPointerException at ContextSensitivityTestFull.java:73\n[Test/test]   | \n[Test/test]   | pascal.taie.TaieTestSuite > pascal.taie.analysis.pta.ContextSensitivityTestFull.testTwoCallOnly FAILED\n[Test/test]   |     java.lang.RuntimeException at ContextSensitivityTestFull.java:53\n[Test/test]   |         Caused by: java.lang.NullPointerException at ContextSensitivityTestFull.java:53\n[Test/test]   | \n[Test/test]   | pascal.taie.TaieTestSuite > pascal.taie.analysis.pta.ContextSensitivityTestFull.testRecursiveObj FAILED\n[Test/test]   |     java.lang.RuntimeException at ContextSensitivityTestFull.java:33\n[Test/test]   |         Caused by: java.lang.NullPointerException at ContextSensitivityTestFull.java:33\n[Test/test]   | \n[Test/test]   | pascal.taie.TaieTestSuite > pascal.taie.analysis.pta.ContextSensitivityTestFull.testLongObjContext FAILED\n[Test/test]   |     java.lang.RuntimeException at ContextSensitivityTestFull.java:38\n[Test/test]   |         Caused by: java.lang.NullPointerException at ContextSensitivityTestFull.java:38\n[Test/test]   | \n[Test/test]   | pascal.taie.TaieTestSuite > pascal.taie.analysis.pta.ContextSensitivityTestFull.testOneCall FAILED\n[Test/test]   |     java.lang.RuntimeException at SootWorldBuilder.java:270\n[Test/test]   |         Caused by: java.lang.NullPointerException at ClassDecl.java:1221\n[Test/test]   | \n[Test/test]   | pascal.taie.TaieTestSuite > pascal.taie.analysis.pta.ContextSensitivityTestFull.testOneType FAILED\n[Test/test]   |     java.lang.RuntimeException at SootWorldBuilder.java:270\n[Test/test]   |         Caused by: java.lang.NullPointerException at ClassDecl.java:1221\n[Test/test]   | \n[Test/test]   | pascal.taie.TaieTestSuite > pascal.taie.analysis.pta.ContextSensitivityTestFull.testTwoCall FAILED\n[Test/test]   |     java.lang.RuntimeException at SootWorldBuilder.java:270\n[Test/test]   |         Caused by: java.lang.NullPointerException at ClassDecl.java:1221\n[Test/test]   | \n[Test/test]   | pascal.taie.TaieTestSuite > pascal.taie.analysis.pta.ContextSensitivityTestFull.testTwoType FAILED\n[Test/test]   |     java.lang.RuntimeException at SootWorldBuilder.java:270\n[Test/test]   |         Caused by: java.lang.NullPointerException at InterfaceDecl.java:776\n[Test/test]   | \n[Test/test]   | pascal.taie.TaieTestSuite > pascal.taie.analysis.pta.ContextSensitivityTestFull.testTwoObject FAILED\n[Test/test]   |     java.lang.RuntimeException at SootWorldBuilder.java:270\n[Test/test]   |         Caused by: java.lang.NullPointerException at InterfaceDecl.java:776\n[Test/test]   | \n[Test/test]   | pascal.taie.TaieTestSuite > pascal.taie.analysis.pta.ContextSensitivityTestFull.testOneObject FAILED\n[Test/test]   |     java.lang.RuntimeException at SootWorldBuilder.java:270\n[Test/test]   |         Caused by: java.lang.NullPointerException at ClassDecl.java:1221\n[Test/test]   | \n[Test/test]   | pascal.taie.TaieTestSuite > pascal.taie.analysis.pta.ExceptionTest.testExceptionNoneCaught FAILED\n[Test/test]   |     java.lang.RuntimeException at ExceptionTest.java:44\n[Test/test]   |         Caused by: java.lang.NullPointerException at ExceptionTest.java:44\n[Test/test]   | \n[Test/test]   | pascal.taie.TaieTestSuite > pascal.taie.analysis.pta.ExceptionTest.testExceptionFromClinit FAILED\n[Test/test]   |     java.lang.RuntimeException at ExceptionTest.java:54\n[Test/test]   |         Caused by: java.lang.NullPointerException at ExceptionTest.java:54\n[Test/test]   | \n[Test/test]   | pascal.taie.TaieTestSuite > pascal.taie.analysis.pta.ExceptionTest.testExceptionCircleAndRecursion FAILED\n[Test/test]   |     java.lang.RuntimeException at ExceptionTest.java:39\n[Test/test]   |         Caused by: java.lang.NullPointerException at ExceptionTest.java:39\n[Test/test]   | \n[Test/test]   | pascal.taie.TaieTestSuite > pascal.taie.analysis.pta.ExceptionTest.testExceptionTreeAndRecursion FAILED\n[Test/test]   |     java.lang.RuntimeException at ExceptionTest.java:49\n[Test/test]   |         Caused by: java.lang.NullPointerException at ExceptionTest.java:49\n[Test/test]   | \n[Test/test]   | pascal.taie.TaieTestSuite > pascal.taie.analysis.pta.ExceptionTest.testExceptionCircle FAILED\n[Test/test]   |     java.lang.RuntimeException at ExceptionTest.java:34\n[Test/test]   |         Caused by: java.lang.NullPointerException at ExceptionTest.java:34\n[Test/test]   | \n[Test/test]   | pascal.taie.TaieTestSuite > pascal.taie.analysis.pta.ReflectionTest.testLazyHeapModeling FAILED\n[Test/test]   |     java.lang.RuntimeException at ReflectionTest.java:47\n[Test/test]   |         Caused by: java.lang.NullPointerException at ReflectionTest.java:47\n[Test/test]   | \n[Test/test]   | pascal.taie.TaieTestSuite > pascal.taie.analysis.pta.ReflectionTest.testArgsRefine FAILED\n[Test/test]   |     java.lang.RuntimeException at ReflectionTest.java:52\n[Test/test]   |         Caused by: java.lang.NullPointerException at ReflectionTest.java:52\n[Test/test]   | \n[Test/test]   | pascal.taie.TaieTestSuite > pascal.taie.analysis.pta.ReflectionTest.testUnknownMethodName FAILED\n[Test/test]   |     java.lang.RuntimeException at ReflectionTest.java:62\n[Test/test]   |         Caused by: java.lang.NullPointerException at ReflectionTest.java:62\n[Test/test]   | \n[Test/test]   | pascal.taie.TaieTestSuite > pascal.taie.analysis.pta.ReflectionTest.testStringConstant FAILED\n[Test/test]   |     java.lang.RuntimeException at ReflectionTest.java:34\n[Test/test]   |         Caused by: java.lang.NullPointerException at ReflectionTest.java:34\n[Test/test]   | \n[Test/test]   | pascal.taie.TaieTestSuite > pascal.taie.analysis.pta.ReflectionTest.testGetMethods FAILED\n[Test/test]   |     java.lang.RuntimeException at ReflectionTest.java:57\n[Test/test]   |         Caused by: java.lang.NullPointerException at ReflectionTest.java:57\n[Test/test]   | \n[Test/test]   | pascal.taie.TaieTestSuite > pascal.taie.analysis.pta.ReflectionTest.testReflectionLog FAILED\n[Test/test]   |     java.lang.RuntimeException at ReflectionTest.java:39\n[Test/test]   |         Caused by: java.lang.NullPointerException at ReflectionTest.java:39\n[Test/test]   \u274c  Failure - Main Run Gradle\n[Test/test] Get \"http://%2Fvar%2Frun%2Fdocker.sock/v1.41/containers/04b06b01e5811939982cd4305f510c0006657f35c22deb0a9f509b82b13def1c/archive?path=%2Fvar%2Frun%2Fact%2Fworkflow%2Fpathcmd.txt\": context canceled\n[Test/test] \u2b50 Run Post Run Gradle\n[Test/test]   \ud83d\udc33  docker exec cmd=[node /var/run/act/actions/gradle-gradle-build-action@v2/dist/post/index.js] user= workdir=\n[Test/test]   | Gradle setup post-action only performed for first gradle-build-action step in workflow.\n[Test/test]   \u2705  Success - Post Run Gradle\n[Test/test] \u2b50 Run Post actions/setup-java@v3\n[Test/test]   \ud83d\udc33  docker exec cmd=[node /var/run/act/actions/actions-setup-java@v3/dist/cleanup/index.js] user= workdir=\n[Test/test]   \u2705  Success - Post actions/setup-java@v3\n[Test/test] \ud83c\udfc1  Job succeeded\n",
        "stderr": "Error: context canceled\n",
        "workflow": "/tmp/569e0364-0b80-11ee-a890-af2cc187fc11/pascal-lab-Tai-e/.github/workflows/test-crawler.yml",
        "build_tool": "gradle",
        "elapsed_time": 603.6497273445129
    }
}