{
    "repository": "react-native-picker/picker",
    "stars": 1177,
    "language": "java",
    "size": 137618,
    "clone_url": "https://github.com/react-native-picker/picker.git",
    "timestamp": "2023-06-15T17:19:25.969604Z",
    "clone_success": true,
    "number of actions": 0,
    "number_of_test_actions": 1,
    "actions_successful": false,
    "number_of_actions": 2,
    "actions_build_tools": [
        "unknown",
        "gradle"
    ],
    "actions_test_build_tools": [
        "gradle"
    ],
    "actions_data": {
        "failed": true,
        "tests": [],
        "stdout": "[Build/ios    ] \ud83d\ude80  Start image=crawlergpt:latest\n[Build/flow   ] \ud83d\ude80  Start image=crawlergpt:latest\n[Build/tsc    ] \ud83d\ude80  Start image=crawlergpt:latest\n[Build/android] \ud83d\ude80  Start image=crawlergpt:latest\n[Build/lint   ] \ud83d\ude80  Start image=crawlergpt:latest\n[Build/macos  ] \ud83d\ude80  Start image=crawlergpt:latest\n[Build/android]   \ud83d\udc33  docker pull image=crawlergpt:latest platform= username= forcePull=false\n[Build/tsc    ]   \ud83d\udc33  docker pull image=crawlergpt:latest platform= username= forcePull=false\n[Build/lint   ]   \ud83d\udc33  docker pull image=crawlergpt:latest platform= username= forcePull=false\n[Build/flow   ]   \ud83d\udc33  docker pull image=crawlergpt:latest platform= username= forcePull=false\n[Build/macos  ]   \ud83d\udc33  docker pull image=crawlergpt:latest platform= username= forcePull=false\n[Build/ios    ]   \ud83d\udc33  docker pull image=crawlergpt:latest platform= username= forcePull=false\n[Build/android]   \ud83d\udc33  docker create image=crawlergpt:latest platform= entrypoint=[\"tail\" \"-f\" \"/dev/null\"] cmd=[]\n[Build/flow   ]   \ud83d\udc33  docker create image=crawlergpt:latest platform= entrypoint=[\"tail\" \"-f\" \"/dev/null\"] cmd=[]\n[Build/macos  ]   \ud83d\udc33  docker create image=crawlergpt:latest platform= entrypoint=[\"tail\" \"-f\" \"/dev/null\"] cmd=[]\n[Build/ios    ]   \ud83d\udc33  docker create image=crawlergpt:latest platform= entrypoint=[\"tail\" \"-f\" \"/dev/null\"] cmd=[]\n[Build/tsc    ]   \ud83d\udc33  docker create image=crawlergpt:latest platform= entrypoint=[\"tail\" \"-f\" \"/dev/null\"] cmd=[]\n[Build/lint   ]   \ud83d\udc33  docker create image=crawlergpt:latest platform= entrypoint=[\"tail\" \"-f\" \"/dev/null\"] cmd=[]\n[Build/lint   ]   \ud83d\udc33  docker run image=crawlergpt:latest platform= entrypoint=[\"tail\" \"-f\" \"/dev/null\"] cmd=[]\n[Build/android]   \ud83d\udc33  docker run image=crawlergpt:latest platform= entrypoint=[\"tail\" \"-f\" \"/dev/null\"] cmd=[]\n[Build/ios    ]   \ud83d\udc33  docker run image=crawlergpt:latest platform= entrypoint=[\"tail\" \"-f\" \"/dev/null\"] cmd=[]\n[Build/macos  ]   \ud83d\udc33  docker run image=crawlergpt:latest platform= entrypoint=[\"tail\" \"-f\" \"/dev/null\"] cmd=[]\n[Build/flow   ]   \ud83d\udc33  docker run image=crawlergpt:latest platform= entrypoint=[\"tail\" \"-f\" \"/dev/null\"] cmd=[]\n[Build/tsc    ]   \ud83d\udc33  docker run image=crawlergpt:latest platform= entrypoint=[\"tail\" \"-f\" \"/dev/null\"] cmd=[]\n[Build/lint   ]   \ud83d\udc33  docker exec cmd=[chown -R 1012:1000 /tmp/569e0364-0b80-11ee-a890-af2cc187fc11/react-native-picker-picker] user=0 workdir=\n[Build/android]   \ud83d\udc33  docker exec cmd=[chown -R 1012:1000 /tmp/569e0364-0b80-11ee-a890-af2cc187fc11/react-native-picker-picker] user=0 workdir=\n[Build/macos  ]   \ud83d\udc33  docker exec cmd=[chown -R 1012:1000 /tmp/569e0364-0b80-11ee-a890-af2cc187fc11/react-native-picker-picker] user=0 workdir=\n[Build/tsc    ]   \ud83d\udc33  docker exec cmd=[chown -R 1012:1000 /tmp/569e0364-0b80-11ee-a890-af2cc187fc11/react-native-picker-picker] user=0 workdir=\n[Build/flow   ]   \ud83d\udc33  docker exec cmd=[chown -R 1012:1000 /tmp/569e0364-0b80-11ee-a890-af2cc187fc11/react-native-picker-picker] user=0 workdir=\n[Build/lint   ]   \u2601  git clone 'https://github.com/actions/setup-node' # ref=v1\n[Build/ios    ]   \ud83d\udc33  docker exec cmd=[chown -R 1012:1000 /tmp/569e0364-0b80-11ee-a890-af2cc187fc11/react-native-picker-picker] user=0 workdir=\n[Build/macos  ]   \u2601  git clone 'https://github.com/actions/setup-node' # ref=v1\n[Build/android]   \u2601  git clone 'https://github.com/actions/setup-java' # ref=v1\n[Build/tsc    ]   \u2601  git clone 'https://github.com/actions/setup-node' # ref=v1\n[Build/flow   ]   \u2601  git clone 'https://github.com/actions/setup-node' # ref=v1\n[Build/ios    ]   \u2601  git clone 'https://github.com/actions/setup-node' # ref=v1\n[Build/lint   ]   \u2601  git clone 'https://github.com/actions/cache' # ref=v2\n[Build/macos  ]   \u2601  git clone 'https://github.com/actions/cache' # ref=v2\n[Build/android] Non-terminating error while running 'git clone': some refs were not updated\n[Build/android]   \u2601  git clone 'https://github.com/actions/setup-node' # ref=v1\n[Build/tsc    ]   \u2601  git clone 'https://github.com/actions/cache' # ref=v2\n[Build/flow   ]   \u2601  git clone 'https://github.com/actions/cache' # ref=v2\n[Build/ios    ]   \u2601  git clone 'https://github.com/actions/cache' # ref=v2\n[Build/lint   ] \ud83e\uddea  Matrix: map[node-version:16]\n[Build/lint   ] \u2b50 Run Main actions/checkout@v2\n[Build/lint   ]   \u2705  Success - Main actions/checkout@v2\n[Build/lint   ] \u2b50 Run Main actions/setup-node@v1\n[Build/lint   ]   \ud83d\udc33  docker cp src=/home/andre-silva/.cache/act/actions-setup-node@v1/ dst=/var/run/act/actions/actions-setup-node@v1/\n[Build/macos  ] \ud83e\uddea  Matrix: map[node-version:16]\n[Build/macos  ] \u2b50 Run Main actions/checkout@v2\n[Build/macos  ]   \u2705  Success - Main actions/checkout@v2\n[Build/lint   ]   \ud83d\udc33  docker exec cmd=[chown -R 1012:1000 /var/run/act/actions/actions-setup-node@v1/] user=0 workdir=\n[Build/macos  ] \u2b50 Run Main actions/setup-node@v1\n[Build/android]   \u2601  git clone 'https://github.com/actions/cache' # ref=v2\n[Build/macos  ]   \ud83d\udc33  docker cp src=/home/andre-silva/.cache/act/actions-setup-node@v1/ dst=/var/run/act/actions/actions-setup-node@v1/\n[Build/macos  ]   \ud83d\udc33  docker exec cmd=[chown -R 1012:1000 /var/run/act/actions/actions-setup-node@v1/] user=0 workdir=\n[Build/tsc    ] \ud83e\uddea  Matrix: map[node-version:16]\n[Build/tsc    ] \u2b50 Run Main actions/checkout@v2\n[Build/tsc    ]   \u2705  Success - Main actions/checkout@v2\n[Build/tsc    ] \u2b50 Run Main actions/setup-node@v1\n[Build/flow   ] \ud83e\uddea  Matrix: map[node-version:16]\n[Build/tsc    ]   \ud83d\udc33  docker cp src=/home/andre-silva/.cache/act/actions-setup-node@v1/ dst=/var/run/act/actions/actions-setup-node@v1/\n[Build/flow   ] \u2b50 Run Main actions/checkout@v2\n[Build/flow   ]   \u2705  Success - Main actions/checkout@v2\n[Build/tsc    ]   \ud83d\udc33  docker exec cmd=[chown -R 1012:1000 /var/run/act/actions/actions-setup-node@v1/] user=0 workdir=\n[Build/flow   ] \u2b50 Run Main actions/setup-node@v1\n[Build/flow   ]   \ud83d\udc33  docker cp src=/home/andre-silva/.cache/act/actions-setup-node@v1/ dst=/var/run/act/actions/actions-setup-node@v1/\n[Build/ios    ] \ud83e\uddea  Matrix: map[node-version:16]\n[Build/flow   ]   \ud83d\udc33  docker exec cmd=[chown -R 1012:1000 /var/run/act/actions/actions-setup-node@v1/] user=0 workdir=\n[Build/ios    ] \u2b50 Run Main actions/checkout@v2\n[Build/ios    ]   \u2705  Success - Main actions/checkout@v2\n[Build/ios    ] \u2b50 Run Main actions/setup-node@v1\n[Build/ios    ]   \ud83d\udc33  docker cp src=/home/andre-silva/.cache/act/actions-setup-node@v1/ dst=/var/run/act/actions/actions-setup-node@v1/\n[Build/ios    ]   \ud83d\udc33  docker exec cmd=[chown -R 1012:1000 /var/run/act/actions/actions-setup-node@v1/] user=0 workdir=\n[Build/android] \ud83e\uddea  Matrix: map[node-version:16]\n[Build/android] \u2b50 Run Main actions/checkout@v2\n[Build/android]   \u2705  Success - Main actions/checkout@v2\n[Build/android] \u2b50 Run Main actions/setup-java@v1\n[Build/android]   \ud83d\udc33  docker cp src=/home/andre-silva/.cache/act/actions-setup-java@v1/ dst=/var/run/act/actions/actions-setup-java@v1/\n[Build/android]   \ud83d\udc33  docker exec cmd=[chown -R 1012:1000 /var/run/act/actions/actions-setup-java@v1/] user=0 workdir=\n[Build/flow   ]   \ud83d\udc33  docker exec cmd=[node /var/run/act/actions/actions-setup-node@v1/dist/index.js] user= workdir=\n[Build/macos  ]   \ud83d\udc33  docker exec cmd=[node /var/run/act/actions/actions-setup-node@v1/dist/index.js] user= workdir=\n[Build/tsc    ]   \ud83d\udc33  docker exec cmd=[node /var/run/act/actions/actions-setup-node@v1/dist/index.js] user= workdir=\n[Build/lint   ]   \ud83d\udc33  docker exec cmd=[node /var/run/act/actions/actions-setup-node@v1/dist/index.js] user= workdir=\n[Build/android]   \ud83d\udc33  docker exec cmd=[node /var/run/act/actions/actions-setup-java@v1/dist/setup/index.js] user= workdir=\n[Build/ios    ]   \ud83d\udc33  docker exec cmd=[node /var/run/act/actions/actions-setup-node@v1/dist/index.js] user= workdir=\n[Build/flow   ]   \ud83d\udcac  ::debug::isExplicit: \n[Build/flow   ]   \ud83d\udcac  ::debug::explicit? false\n[Build/flow   ]   \ud83d\udcac  ::debug::isExplicit: 10.24.1\n[Build/flow   ]   \ud83d\udcac  ::debug::explicit? true\n[Build/flow   ]   \ud83d\udcac  ::debug::isExplicit: 12.22.6\n[Build/flow   ]   \ud83d\udcac  ::debug::explicit? true\n[Build/flow   ]   \ud83d\udcac  ::debug::isExplicit: 14.17.5\n[Build/flow   ]   \ud83d\udcac  ::debug::explicit? true\n[Build/flow   ]   \ud83d\udcac  ::debug::isExplicit: 14.17.6\n[Build/flow   ]   \ud83d\udcac  ::debug::explicit? true\n[Build/flow   ]   \ud83d\udcac  ::debug::evaluating 3 versions\n[Build/flow   ]   \ud83d\udcac  ::debug::match not found\n[Build/lint   ]   \ud83d\udcac  ::debug::isExplicit: \n[Build/lint   ]   \ud83d\udcac  ::debug::explicit? false\n[Build/lint   ]   \ud83d\udcac  ::debug::isExplicit: 10.24.1\n[Build/lint   ]   \ud83d\udcac  ::debug::explicit? true\n[Build/lint   ]   \ud83d\udcac  ::debug::isExplicit: 12.22.6\n[Build/lint   ]   \ud83d\udcac  ::debug::explicit? true\n[Build/lint   ]   \ud83d\udcac  ::debug::isExplicit: 14.17.5\n[Build/lint   ]   \ud83d\udcac  ::debug::explicit? true\n[Build/lint   ]   \ud83d\udcac  ::debug::isExplicit: 14.17.6\n[Build/lint   ]   \ud83d\udcac  ::debug::explicit? true\n[Build/lint   ]   \ud83d\udcac  ::debug::evaluating 3 versions\n[Build/lint   ]   \ud83d\udcac  ::debug::match not found\n[Build/android]   \ud83d\udcac  ::debug::isExplicit: \n[Build/android]   \ud83d\udcac  ::debug::explicit? false\n[Build/android]   \ud83d\udcac  ::debug::evaluating 0 versions\n[Build/android]   \ud83d\udcac  ::debug::match not found\n[Build/android]   \ud83d\udcac  ::debug::Downloading JDK from Azul\n[Build/tsc    ]   \ud83d\udcac  ::debug::isExplicit: \n[Build/macos  ]   \ud83d\udcac  ::debug::isExplicit: \n[Build/tsc    ]   \ud83d\udcac  ::debug::explicit? false\n[Build/tsc    ]   \ud83d\udcac  ::debug::isExplicit: 10.24.1\n[Build/tsc    ]   \ud83d\udcac  ::debug::explicit? true\n[Build/tsc    ]   \ud83d\udcac  ::debug::isExplicit: 12.22.6\n[Build/tsc    ]   \ud83d\udcac  ::debug::explicit? true\n[Build/tsc    ]   \ud83d\udcac  ::debug::isExplicit: 14.17.5\n[Build/tsc    ]   \ud83d\udcac  ::debug::explicit? true\n[Build/tsc    ]   \ud83d\udcac  ::debug::isExplicit: 14.17.6\n[Build/tsc    ]   \ud83d\udcac  ::debug::explicit? true\n[Build/tsc    ]   \ud83d\udcac  ::debug::evaluating 3 versions\n[Build/tsc    ]   \ud83d\udcac  ::debug::match not found\n[Build/flow   ]   \ud83d\udcac  ::debug::evaluating 574 versions\n[Build/macos  ]   \ud83d\udcac  ::debug::explicit? false\n[Build/macos  ]   \ud83d\udcac  ::debug::isExplicit: 10.24.1\n[Build/macos  ]   \ud83d\udcac  ::debug::explicit? true\n[Build/macos  ]   \ud83d\udcac  ::debug::isExplicit: 12.22.6\n[Build/macos  ]   \ud83d\udcac  ::debug::explicit? true\n[Build/macos  ]   \ud83d\udcac  ::debug::isExplicit: 14.17.5\n[Build/macos  ]   \ud83d\udcac  ::debug::explicit? true\n[Build/macos  ]   \ud83d\udcac  ::debug::isExplicit: 14.17.6\n[Build/macos  ]   \ud83d\udcac  ::debug::explicit? true\n[Build/macos  ]   \ud83d\udcac  ::debug::evaluating 3 versions\n[Build/macos  ]   \ud83d\udcac  ::debug::match not found\n[Build/flow   ]   \ud83d\udcac  ::debug::matched: v16.20.0\n[Build/flow   ]   \ud83d\udcac  ::debug::isExplicit: 16.20.0\n[Build/flow   ]   \ud83d\udcac  ::debug::explicit? true\n[Build/flow   ]   \ud83d\udcac  ::debug::checking cache: /opt/hostedtoolcache/node/16.20.0/x64\n[Build/flow   ]   \ud83d\udcac  ::debug::not found\n[Build/flow   ]   \ud83d\udcac  ::debug::Downloading https://nodejs.org/dist/v16.20.0/node-v16.20.0-linux-x64.tar.gz\n[Build/flow   ]   \ud83d\udcac  ::debug::Destination /tmp/a9175fe0-e015-4dd7-8a78-23b380873435\n[Build/ios    ]   \ud83d\udcac  ::debug::isExplicit: \n[Build/ios    ]   \ud83d\udcac  ::debug::explicit? false\n[Build/lint   ]   \ud83d\udcac  ::debug::evaluating 574 versions\n[Build/ios    ]   \ud83d\udcac  ::debug::isExplicit: 10.24.1\n[Build/ios    ]   \ud83d\udcac  ::debug::explicit? true\n[Build/ios    ]   \ud83d\udcac  ::debug::isExplicit: 12.22.6\n[Build/ios    ]   \ud83d\udcac  ::debug::explicit? true\n[Build/ios    ]   \ud83d\udcac  ::debug::isExplicit: 14.17.5\n[Build/ios    ]   \ud83d\udcac  ::debug::explicit? true\n[Build/ios    ]   \ud83d\udcac  ::debug::isExplicit: 14.17.6\n[Build/ios    ]   \ud83d\udcac  ::debug::explicit? true\n[Build/ios    ]   \ud83d\udcac  ::debug::evaluating 3 versions\n[Build/lint   ]   \ud83d\udcac  ::debug::matched: v16.20.0\n[Build/lint   ]   \ud83d\udcac  ::debug::isExplicit: 16.20.0\n[Build/lint   ]   \ud83d\udcac  ::debug::explicit? true\n[Build/lint   ]   \ud83d\udcac  ::debug::checking cache: /opt/hostedtoolcache/node/16.20.0/x64\n[Build/lint   ]   \ud83d\udcac  ::debug::not found\n[Build/ios    ]   \ud83d\udcac  ::debug::match not found\n[Build/lint   ]   \ud83d\udcac  ::debug::Downloading https://nodejs.org/dist/v16.20.0/node-v16.20.0-linux-x64.tar.gz\n[Build/lint   ]   \ud83d\udcac  ::debug::Destination /tmp/6aae43d0-d187-4161-8151-7d0eb621d018\n[Build/tsc    ]   \ud83d\udcac  ::debug::evaluating 574 versions\n[Build/macos  ]   \ud83d\udcac  ::debug::evaluating 574 versions\n[Build/android]   \ud83d\udcac  ::debug::Searching for files with extension: -linux_x64.tar.gz\n[Build/tsc    ]   \ud83d\udcac  ::debug::matched: v16.20.0\n[Build/tsc    ]   \ud83d\udcac  ::debug::isExplicit: 16.20.0\n[Build/tsc    ]   \ud83d\udcac  ::debug::explicit? true\n[Build/tsc    ]   \ud83d\udcac  ::debug::checking cache: /opt/hostedtoolcache/node/16.20.0/x64\n[Build/tsc    ]   \ud83d\udcac  ::debug::not found\n[Build/macos  ]   \ud83d\udcac  ::debug::matched: v16.20.0\n[Build/macos  ]   \ud83d\udcac  ::debug::isExplicit: 16.20.0\n[Build/macos  ]   \ud83d\udcac  ::debug::explicit? true\n[Build/macos  ]   \ud83d\udcac  ::debug::checking cache: /opt/hostedtoolcache/node/16.20.0/x64\n[Build/macos  ]   \ud83d\udcac  ::debug::not found\n[Build/tsc    ]   \ud83d\udcac  ::debug::Downloading https://nodejs.org/dist/v16.20.0/node-v16.20.0-linux-x64.tar.gz\n[Build/tsc    ]   \ud83d\udcac  ::debug::Destination /tmp/37ed2bcd-7df4-4d11-8ab9-ca4f1d57cfb9\n[Build/macos  ]   \ud83d\udcac  ::debug::Downloading https://nodejs.org/dist/v16.20.0/node-v16.20.0-linux-x64.tar.gz\n[Build/macos  ]   \ud83d\udcac  ::debug::Destination /tmp/c2b883f4-5d09-4683-8bc0-bf1e992ef9f9\n[Build/android]   \ud83d\udcac  ::debug::Downloading https://static.azul.com/zulu/bin/zulu11.64.19-ca-jdk11.0.19-linux_x64.tar.gz\n[Build/android]   \ud83d\udcac  ::debug::Downloading /tmp/f305689c-4a5a-4d15-8015-1594ccd1f52f\n[Build/ios    ]   \ud83d\udcac  ::debug::evaluating 574 versions\n[Build/ios    ]   \ud83d\udcac  ::debug::matched: v16.20.0\n[Build/ios    ]   \ud83d\udcac  ::debug::isExplicit: 16.20.0\n[Build/ios    ]   \ud83d\udcac  ::debug::explicit? true\n[Build/ios    ]   \ud83d\udcac  ::debug::checking cache: /opt/hostedtoolcache/node/16.20.0/x64\n[Build/ios    ]   \ud83d\udcac  ::debug::not found\n[Build/ios    ]   \ud83d\udcac  ::debug::Downloading https://nodejs.org/dist/v16.20.0/node-v16.20.0-linux-x64.tar.gz\n[Build/ios    ]   \ud83d\udcac  ::debug::Destination /tmp/2ef94f7c-59df-439b-bd7f-a4b1b7bc14ac\n[Build/flow   ]   \ud83d\udcac  ::debug::download complete\n[Build/flow   ]   \ud83d\udcac  ::debug::Checking tar --version\n[Build/flow   ]   \ud83d\udcac  ::debug::tar (GNU tar) 1.30%0ACopyright (C) 2017 Free Software Foundation, Inc.%0ALicense GPLv3+: GNU GPL version 3 or later <https://gnu.org/licenses/gpl.html>.%0AThis is free software: you are free to change and redistribute it.%0AThere is NO WARRANTY, to the extent permitted by law.%0A%0AWritten by John Gilmore and Jay Fenlason.\n[Build/flow   ]   | [command]/usr/bin/tar xz --warning=no-unknown-keyword -C /tmp/8f621405-72b3-4af6-afca-35e8e2383397 -f /tmp/a9175fe0-e015-4dd7-8a78-23b380873435\n[Build/lint   ]   \ud83d\udcac  ::debug::download complete\n[Build/lint   ]   \ud83d\udcac  ::debug::Checking tar --version\n[Build/lint   ]   \ud83d\udcac  ::debug::tar (GNU tar) 1.30%0ACopyright (C) 2017 Free Software Foundation, Inc.%0ALicense GPLv3+: GNU GPL version 3 or later <https://gnu.org/licenses/gpl.html>.%0AThis is free software: you are free to change and redistribute it.%0AThere is NO WARRANTY, to the extent permitted by law.%0A%0AWritten by John Gilmore and Jay Fenlason.\n[Build/lint   ]   | [command]/usr/bin/tar xz --warning=no-unknown-keyword -C /tmp/b3fd2bb9-52cc-4f30-840a-4f644df0871d -f /tmp/6aae43d0-d187-4161-8151-7d0eb621d018\n[Build/tsc    ]   \ud83d\udcac  ::debug::download complete\n[Build/tsc    ]   \ud83d\udcac  ::debug::Checking tar --version\n[Build/tsc    ]   \ud83d\udcac  ::debug::tar (GNU tar) 1.30%0ACopyright (C) 2017 Free Software Foundation, Inc.%0ALicense GPLv3+: GNU GPL version 3 or later <https://gnu.org/licenses/gpl.html>.%0AThis is free software: you are free to change and redistribute it.%0AThere is NO WARRANTY, to the extent permitted by law.%0A%0AWritten by John Gilmore and Jay Fenlason.\n[Build/tsc    ]   | [command]/usr/bin/tar xz --warning=no-unknown-keyword -C /tmp/88562ef9-b1c2-4efb-86f5-acc235dc03ad -f /tmp/37ed2bcd-7df4-4d11-8ab9-ca4f1d57cfb9\n[Build/flow   ]   \ud83d\udcac  ::debug::Caching tool node 16.20.0 x64\n[Build/flow   ]   \ud83d\udcac  ::debug::source dir: /tmp/8f621405-72b3-4af6-afca-35e8e2383397/node-v16.20.0-linux-x64\n[Build/flow   ]   \ud83d\udcac  ::debug::destination /opt/hostedtoolcache/node/16.20.0/x64\n[Build/ios    ]   \ud83d\udcac  ::debug::download complete\n[Build/ios    ]   \ud83d\udcac  ::debug::Checking tar --version\n[Build/ios    ]   \ud83d\udcac  ::debug::tar (GNU tar) 1.30%0ACopyright (C) 2017 Free Software Foundation, Inc.%0ALicense GPLv3+: GNU GPL version 3 or later <https://gnu.org/licenses/gpl.html>.%0AThis is free software: you are free to change and redistribute it.%0AThere is NO WARRANTY, to the extent permitted by law.%0A%0AWritten by John Gilmore and Jay Fenlason.\n[Build/ios    ]   | [command]/usr/bin/tar xz --warning=no-unknown-keyword -C /tmp/c2976962-05cd-47fe-af51-7ca0cb3d9936 -f /tmp/2ef94f7c-59df-439b-bd7f-a4b1b7bc14ac\n[Build/lint   ]   \ud83d\udcac  ::debug::Caching tool node 16.20.0 x64\n[Build/lint   ]   \ud83d\udcac  ::debug::source dir: /tmp/b3fd2bb9-52cc-4f30-840a-4f644df0871d/node-v16.20.0-linux-x64\n[Build/lint   ]   \ud83d\udcac  ::debug::destination /opt/hostedtoolcache/node/16.20.0/x64\n[Build/tsc    ]   \ud83d\udcac  ::debug::Caching tool node 16.20.0 x64\n[Build/tsc    ]   \ud83d\udcac  ::debug::source dir: /tmp/88562ef9-b1c2-4efb-86f5-acc235dc03ad/node-v16.20.0-linux-x64\n[Build/tsc    ]   \ud83d\udcac  ::debug::destination /opt/hostedtoolcache/node/16.20.0/x64\n[Build/macos  ]   \ud83d\udcac  ::debug::download complete\n[Build/macos  ]   \ud83d\udcac  ::debug::Checking tar --version\n[Build/macos  ]   \ud83d\udcac  ::debug::tar (GNU tar) 1.30%0ACopyright (C) 2017 Free Software Foundation, Inc.%0ALicense GPLv3+: GNU GPL version 3 or later <https://gnu.org/licenses/gpl.html>.%0AThis is free software: you are free to change and redistribute it.%0AThere is NO WARRANTY, to the extent permitted by law.%0A%0AWritten by John Gilmore and Jay Fenlason.\n[Build/macos  ]   | [command]/usr/bin/tar xz --warning=no-unknown-keyword -C /tmp/a042f6e2-c1b5-4abe-886e-96a254afad9b -f /tmp/c2b883f4-5d09-4683-8bc0-bf1e992ef9f9\n[Build/ios    ]   \ud83d\udcac  ::debug::Caching tool node 16.20.0 x64\n[Build/ios    ]   \ud83d\udcac  ::debug::source dir: /tmp/c2976962-05cd-47fe-af51-7ca0cb3d9936/node-v16.20.0-linux-x64\n[Build/ios    ]   \ud83d\udcac  ::debug::destination /opt/hostedtoolcache/node/16.20.0/x64\n[Build/macos  ]   \ud83d\udcac  ::debug::Caching tool node 16.20.0 x64\n[Build/macos  ]   \ud83d\udcac  ::debug::source dir: /tmp/a042f6e2-c1b5-4abe-886e-96a254afad9b/node-v16.20.0-linux-x64\n[Build/macos  ]   \ud83d\udcac  ::debug::destination /opt/hostedtoolcache/node/16.20.0/x64\n[Build/android]   \ud83d\udcac  ::debug::download complete\n[Build/android]   | [command]/usr/bin/tar --version\n[Build/android]   | tar (GNU tar) 1.30\n[Build/android]   | Copyright (C) 2017 Free Software Foundation, Inc.\n[Build/android]   | License GPLv3+: GNU GPL version 3 or later <https://gnu.org/licenses/gpl.html>.\n[Build/android]   | This is free software: you are free to change and redistribute it.\n[Build/android]   | There is NO WARRANTY, to the extent permitted by law.\n[Build/android]   | \n[Build/android]   | Written by John Gilmore and Jay Fenlason.\n[Build/android]   | [command]/usr/bin/tar xz --warning=no-unknown-keyword -C /tmp/temp_1622704893 -f /tmp/f305689c-4a5a-4d15-8015-1594ccd1f52f\n[Build/android]   \ud83d\udcac  ::debug::jdk extracted to /tmp/temp_1622704893/zulu11.64.19-ca-jdk11.0.19-linux_x64\n[Build/android]   \ud83d\udcac  ::debug::Caching tool jdk 11.0.19 x64\n[Build/android]   \ud83d\udcac  ::debug::source dir: /tmp/temp_1622704893/zulu11.64.19-ca-jdk11.0.19-linux_x64\n[Build/android]   \ud83d\udcac  ::debug::destination /opt/hostedtoolcache/jdk/11.0.19/x64\n[Build/android]   \ud83d\udcac  ::debug::finished caching tool\n[Build/android]   \u2753 add-matcher /run/act/actions/actions-setup-java@v1/.github/java.json\n[Build/android]   | creating settings.xml with server-id: github; environment variables: username=$GITHUB_ACTOR, password=$GITHUB_TOKEN, and gpg-passphrase=null\n[Build/android]   \ud83d\udcac  ::debug::created directory /home/runneradmin/.m2\n[Build/android]   | writing /home/runneradmin/.m2/settings.xml\n[Build/android]   \u2705  Success - Main actions/setup-java@v1\n[Build/android]   \u2699  ::set-env:: JAVA_HOME_11_0_19_X64=/opt/hostedtoolcache/jdk/11.0.19/x64\n[Build/android]   \u2699  ::set-env:: JAVA_HOME_11.0.19_x64=/opt/hostedtoolcache/jdk/11.0.19/x64\n[Build/android]   \u2699  ::set-env:: JAVA_HOME=/opt/hostedtoolcache/jdk/11.0.19/x64\n[Build/flow   ]   \ud83d\udcac  ::debug::finished caching tool\n[Build/flow   ]   | [command]/opt/hostedtoolcache/node/16.20.0/x64/bin/node --version\n[Build/flow   ]   | v16.20.0\n[Build/flow   ]   | [command]/opt/hostedtoolcache/node/16.20.0/x64/bin/npm --version\n[Build/android]   \u2699  ::set-output:: path=/opt/hostedtoolcache/jdk/11.0.19/x64\n[Build/android]   \u2699  ::set-output:: version=11.0.19\n[Build/android]   \u2699  ::add-path:: /opt/hostedtoolcache/jdk/11.0.19/x64/bin\n[Build/android] \u2b50 Run Main actions/setup-node@v1\n[Build/lint   ]   \ud83d\udcac  ::debug::finished caching tool\n[Build/lint   ]   | [command]/opt/hostedtoolcache/node/16.20.0/x64/bin/node --version\n[Build/lint   ]   | v16.20.0\n[Build/lint   ]   | [command]/opt/hostedtoolcache/node/16.20.0/x64/bin/npm --version\n[Build/tsc    ]   \ud83d\udcac  ::debug::finished caching tool\n[Build/tsc    ]   | [command]/opt/hostedtoolcache/node/16.20.0/x64/bin/node --version\n[Build/tsc    ]   | v16.20.0\n[Build/tsc    ]   | [command]/opt/hostedtoolcache/node/16.20.0/x64/bin/npm --version\n[Build/android]   \ud83d\udc33  docker cp src=/home/andre-silva/.cache/act/actions-setup-node@v1/ dst=/var/run/act/actions/actions-setup-node@v1/\n[Build/flow   ]   | 8.19.4\n[Build/flow   ]   \u2753 add-matcher /run/act/actions/actions-setup-node@v1/.github/tsc.json\n[Build/flow   ]   \u2753 add-matcher /run/act/actions/actions-setup-node@v1/.github/eslint-stylish.json\n[Build/flow   ]   \u2753 add-matcher /run/act/actions/actions-setup-node@v1/.github/eslint-compact.json\n[Build/flow   ]   \u2705  Success - Main actions/setup-node@v1\n[Build/lint   ]   | 8.19.4\n[Build/lint   ]   \u2753 add-matcher /run/act/actions/actions-setup-node@v1/.github/tsc.json\n[Build/lint   ]   \u2753 add-matcher /run/act/actions/actions-setup-node@v1/.github/eslint-stylish.json\n[Build/lint   ]   \u2753 add-matcher /run/act/actions/actions-setup-node@v1/.github/eslint-compact.json\n[Build/lint   ]   \u2705  Success - Main actions/setup-node@v1\n[Build/tsc    ]   | 8.19.4\n[Build/tsc    ]   \u2753 add-matcher /run/act/actions/actions-setup-node@v1/.github/tsc.json\n[Build/tsc    ]   \u2753 add-matcher /run/act/actions/actions-setup-node@v1/.github/eslint-stylish.json\n[Build/tsc    ]   \u2753 add-matcher /run/act/actions/actions-setup-node@v1/.github/eslint-compact.json\n[Build/tsc    ]   \u2705  Success - Main actions/setup-node@v1\n[Build/android]   \ud83d\udc33  docker exec cmd=[chown -R 1012:1000 /var/run/act/actions/actions-setup-node@v1/] user=0 workdir=\n[Build/ios    ]   \ud83d\udcac  ::debug::finished caching tool\n[Build/ios    ]   | [command]/opt/hostedtoolcache/node/16.20.0/x64/bin/node --version\n[Build/ios    ]   | v16.20.0\n[Build/ios    ]   | [command]/opt/hostedtoolcache/node/16.20.0/x64/bin/npm --version\n[Build/flow   ]   \u2699  ::add-path:: /opt/hostedtoolcache/node/16.20.0/x64/bin\n[Build/flow   ] \u2b50 Run Main Get yarn cache\n[Build/tsc    ]   \u2699  ::add-path:: /opt/hostedtoolcache/node/16.20.0/x64/bin\n[Build/lint   ]   \u2699  ::add-path:: /opt/hostedtoolcache/node/16.20.0/x64/bin\n[Build/tsc    ] \u2b50 Run Main Get yarn cache\n[Build/lint   ] \u2b50 Run Main Get yarn cache\n[Build/macos  ]   \ud83d\udcac  ::debug::finished caching tool\n[Build/macos  ]   | [command]/opt/hostedtoolcache/node/16.20.0/x64/bin/node --version\n[Build/macos  ]   | v16.20.0\n[Build/macos  ]   | [command]/opt/hostedtoolcache/node/16.20.0/x64/bin/npm --version\n[Build/ios    ]   | 8.19.4\n[Build/ios    ]   \u2753 add-matcher /run/act/actions/actions-setup-node@v1/.github/tsc.json\n[Build/ios    ]   \u2753 add-matcher /run/act/actions/actions-setup-node@v1/.github/eslint-stylish.json\n[Build/ios    ]   \u2753 add-matcher /run/act/actions/actions-setup-node@v1/.github/eslint-compact.json\n[Build/ios    ]   \u2705  Success - Main actions/setup-node@v1\n[Build/flow   ]   \ud83d\udc33  docker exec cmd=[bash --noprofile --norc -e -o pipefail /var/run/act/workflow/yarn-cache] user= workdir=\n[Build/macos  ]   | 8.19.4\n[Build/macos  ]   \u2753 add-matcher /run/act/actions/actions-setup-node@v1/.github/tsc.json\n[Build/macos  ]   \u2753 add-matcher /run/act/actions/actions-setup-node@v1/.github/eslint-stylish.json\n[Build/macos  ]   \u2753 add-matcher /run/act/actions/actions-setup-node@v1/.github/eslint-compact.json\n[Build/macos  ]   \u2705  Success - Main actions/setup-node@v1\n[Build/lint   ]   \ud83d\udc33  docker exec cmd=[bash --noprofile --norc -e -o pipefail /var/run/act/workflow/yarn-cache] user= workdir=\n[Build/tsc    ]   \ud83d\udc33  docker exec cmd=[bash --noprofile --norc -e -o pipefail /var/run/act/workflow/yarn-cache] user= workdir=\n[Build/ios    ]   \u2699  ::add-path:: /opt/hostedtoolcache/node/16.20.0/x64/bin\n[Build/ios    ] \u2b50 Run Main Get yarn cache\n[Build/macos  ]   \u2699  ::add-path:: /opt/hostedtoolcache/node/16.20.0/x64/bin\n[Build/macos  ] \u2b50 Run Main Get yarn cache\n[Build/ios    ]   \ud83d\udc33  docker exec cmd=[bash --noprofile --norc -e -o pipefail /var/run/act/workflow/yarn-cache] user= workdir=\n[Build/macos  ]   \ud83d\udc33  docker exec cmd=[bash --noprofile --norc -e -o pipefail /var/run/act/workflow/yarn-cache] user= workdir=\n[Build/android]   \ud83d\udc33  docker exec cmd=[node /var/run/act/actions/actions-setup-node@v1/dist/index.js] user= workdir=\n[Build/flow   ]   \u2699  ::set-output:: dir=/home/runneradmin/.cache/yarn/v6\n[Build/lint   ]   \u2699  ::set-output:: dir=/home/runneradmin/.cache/yarn/v6\n[Build/flow   ]   \u2705  Success - Main Get yarn cache\n[Build/macos  ]   \u2699  ::set-output:: dir=/home/runneradmin/.cache/yarn/v6\n[Build/macos  ]   \u2705  Success - Main Get yarn cache\n[Build/lint   ]   \u2705  Success - Main Get yarn cache\n[Build/ios    ]   \u2699  ::set-output:: dir=/home/runneradmin/.cache/yarn/v6\n[Build/ios    ]   \u2705  Success - Main Get yarn cache\n[Build/tsc    ]   \u2699  ::set-output:: dir=/home/runneradmin/.cache/yarn/v6\n[Build/tsc    ]   \u2705  Success - Main Get yarn cache\n[Build/android]   \ud83d\udcac  ::debug::isExplicit: \n[Build/android]   \ud83d\udcac  ::debug::explicit? false\n[Build/android]   \ud83d\udcac  ::debug::isExplicit: 10.24.1\n[Build/android]   \ud83d\udcac  ::debug::explicit? true\n[Build/android]   \ud83d\udcac  ::debug::isExplicit: 12.22.6\n[Build/android]   \ud83d\udcac  ::debug::explicit? true\n[Build/android]   \ud83d\udcac  ::debug::isExplicit: 14.17.5\n[Build/android]   \ud83d\udcac  ::debug::explicit? true\n[Build/android]   \ud83d\udcac  ::debug::isExplicit: 14.17.6\n[Build/android]   \ud83d\udcac  ::debug::explicit? true\n[Build/android]   \ud83d\udcac  ::debug::evaluating 3 versions\n[Build/android]   \ud83d\udcac  ::debug::match not found\n[Build/android]   \ud83d\udcac  ::debug::evaluating 574 versions\n[Build/android]   \ud83d\udcac  ::debug::matched: v16.20.0\n[Build/android]   \ud83d\udcac  ::debug::isExplicit: 16.20.0\n[Build/android]   \ud83d\udcac  ::debug::explicit? true\n[Build/android]   \ud83d\udcac  ::debug::checking cache: /opt/hostedtoolcache/node/16.20.0/x64\n[Build/android]   \ud83d\udcac  ::debug::not found\n[Build/android]   \ud83d\udcac  ::debug::Downloading https://nodejs.org/dist/v16.20.0/node-v16.20.0-linux-x64.tar.gz\n[Build/android]   \ud83d\udcac  ::debug::Destination /tmp/3fb15d51-b50e-4527-856d-a5c7c9d01316\n[Build/android]   \ud83d\udcac  ::debug::download complete\n[Build/android]   \ud83d\udcac  ::debug::Checking tar --version\n[Build/android]   \ud83d\udcac  ::debug::tar (GNU tar) 1.30%0ACopyright (C) 2017 Free Software Foundation, Inc.%0ALicense GPLv3+: GNU GPL version 3 or later <https://gnu.org/licenses/gpl.html>.%0AThis is free software: you are free to change and redistribute it.%0AThere is NO WARRANTY, to the extent permitted by law.%0A%0AWritten by John Gilmore and Jay Fenlason.\n[Build/android]   | [command]/usr/bin/tar xz --warning=no-unknown-keyword -C /tmp/4056d72a-2830-4554-bd57-bb823894b343 -f /tmp/3fb15d51-b50e-4527-856d-a5c7c9d01316\n[Build/android]   \ud83d\udcac  ::debug::Caching tool node 16.20.0 x64\n[Build/android]   \ud83d\udcac  ::debug::source dir: /tmp/4056d72a-2830-4554-bd57-bb823894b343/node-v16.20.0-linux-x64\n[Build/android]   \ud83d\udcac  ::debug::destination /opt/hostedtoolcache/node/16.20.0/x64\n[Build/tsc    ] \u2b50 Run Main actions/cache@v2\n[Build/flow   ] \u2b50 Run Main actions/cache@v2\n[Build/ios    ] \u2b50 Run Main actions/cache@v2\n[Build/macos  ] \u2b50 Run Main actions/cache@v2\n[Build/lint   ] \u2b50 Run Main actions/cache@v2\n[Build/macos  ]   \ud83d\udc33  docker cp src=/home/andre-silva/.cache/act/actions-cache@v2/ dst=/var/run/act/actions/actions-cache@v2/\n[Build/ios    ]   \ud83d\udc33  docker cp src=/home/andre-silva/.cache/act/actions-cache@v2/ dst=/var/run/act/actions/actions-cache@v2/\n[Build/tsc    ]   \ud83d\udc33  docker cp src=/home/andre-silva/.cache/act/actions-cache@v2/ dst=/var/run/act/actions/actions-cache@v2/\n[Build/flow   ]   \ud83d\udc33  docker cp src=/home/andre-silva/.cache/act/actions-cache@v2/ dst=/var/run/act/actions/actions-cache@v2/\n[Build/lint   ]   \ud83d\udc33  docker cp src=/home/andre-silva/.cache/act/actions-cache@v2/ dst=/var/run/act/actions/actions-cache@v2/\n[Build/ios    ]   \ud83d\udc33  docker exec cmd=[chown -R 1012:1000 /var/run/act/actions/actions-cache@v2/] user=0 workdir=\n[Build/flow   ]   \ud83d\udc33  docker exec cmd=[chown -R 1012:1000 /var/run/act/actions/actions-cache@v2/] user=0 workdir=\n[Build/tsc    ]   \ud83d\udc33  docker exec cmd=[chown -R 1012:1000 /var/run/act/actions/actions-cache@v2/] user=0 workdir=\n[Build/macos  ]   \ud83d\udc33  docker exec cmd=[chown -R 1012:1000 /var/run/act/actions/actions-cache@v2/] user=0 workdir=\n[Build/ios    ]   \ud83d\udc33  docker exec cmd=[node /var/run/act/actions/actions-cache@v2/dist/restore/index.js] user= workdir=\n[Build/lint   ]   \ud83d\udc33  docker exec cmd=[chown -R 1012:1000 /var/run/act/actions/actions-cache@v2/] user=0 workdir=\n[Build/lint   ]   \ud83d\udc33  docker exec cmd=[node /var/run/act/actions/actions-cache@v2/dist/restore/index.js] user= workdir=\n[Build/flow   ]   \ud83d\udc33  docker exec cmd=[node /var/run/act/actions/actions-cache@v2/dist/restore/index.js] user= workdir=\n[Build/tsc    ]   \ud83d\udc33  docker exec cmd=[node /var/run/act/actions/actions-cache@v2/dist/restore/index.js] user= workdir=\n[Build/macos  ]   \ud83d\udc33  docker exec cmd=[node /var/run/act/actions/actions-cache@v2/dist/restore/index.js] user= workdir=\n[Build/ios    ]   \ud83d\udcac  ::debug::Resolved Keys:\n[Build/ios    ]   \ud83d\udcac  ::debug::[\"Linux-yarn-5780ca69a4ab25675e6a0c0540b1546975e52afbca47bae7751b24e142400a5b\"]\n[Build/ios    ]   \ud83d\udcac  ::debug::Checking zstd --version\n[Build/ios    ]   \ud83d\udcac  ::debug::*** zstd command line interface 64-bits v1.5.0, by Yann Collet ***\n[Build/ios    ]   \ud83d\udcac  ::debug::getCacheEntry - Attempt 1 of 2 failed with error: Cache Service Url not found, unable to restore cache.\n[Build/flow   ]   \ud83d\udcac  ::debug::Resolved Keys:\n[Build/flow   ]   \ud83d\udcac  ::debug::[\"Linux-yarn-5780ca69a4ab25675e6a0c0540b1546975e52afbca47bae7751b24e142400a5b\"]\n[Build/flow   ]   \ud83d\udcac  ::debug::Checking zstd --version\n[Build/lint   ]   \ud83d\udcac  ::debug::Resolved Keys:\n[Build/lint   ]   \ud83d\udcac  ::debug::[\"Linux-yarn-5780ca69a4ab25675e6a0c0540b1546975e52afbca47bae7751b24e142400a5b\"]\n[Build/lint   ]   \ud83d\udcac  ::debug::Checking zstd --version\n[Build/flow   ]   \ud83d\udcac  ::debug::*** zstd command line interface 64-bits v1.5.0, by Yann Collet ***\n[Build/flow   ]   \ud83d\udcac  ::debug::getCacheEntry - Attempt 1 of 2 failed with error: Cache Service Url not found, unable to restore cache.\n[Build/lint   ]   \ud83d\udcac  ::debug::*** zstd command line interface 64-bits v1.5.0, by Yann Collet ***\n[Build/lint   ]   \ud83d\udcac  ::debug::getCacheEntry - Attempt 1 of 2 failed with error: Cache Service Url not found, unable to restore cache.\n[Build/android]   \ud83d\udcac  ::debug::finished caching tool\n[Build/android]   | [command]/opt/hostedtoolcache/node/16.20.0/x64/bin/node --version\n[Build/macos  ]   \ud83d\udcac  ::debug::Resolved Keys:\n[Build/macos  ]   \ud83d\udcac  ::debug::[\"Linux-yarn-5780ca69a4ab25675e6a0c0540b1546975e52afbca47bae7751b24e142400a5b\"]\n[Build/macos  ]   \ud83d\udcac  ::debug::Checking zstd --version\n[Build/android]   | v16.20.0\n[Build/android]   | [command]/opt/hostedtoolcache/node/16.20.0/x64/bin/npm --version\n[Build/tsc    ]   \ud83d\udcac  ::debug::Resolved Keys:\n[Build/tsc    ]   \ud83d\udcac  ::debug::[\"Linux-yarn-5780ca69a4ab25675e6a0c0540b1546975e52afbca47bae7751b24e142400a5b\"]\n[Build/tsc    ]   \ud83d\udcac  ::debug::Checking zstd --version\n[Build/macos  ]   \ud83d\udcac  ::debug::*** zstd command line interface 64-bits v1.5.0, by Yann Collet ***\n[Build/macos  ]   \ud83d\udcac  ::debug::getCacheEntry - Attempt 1 of 2 failed with error: Cache Service Url not found, unable to restore cache.\n[Build/tsc    ]   \ud83d\udcac  ::debug::*** zstd command line interface 64-bits v1.5.0, by Yann Collet ***\n[Build/tsc    ]   \ud83d\udcac  ::debug::getCacheEntry - Attempt 1 of 2 failed with error: Cache Service Url not found, unable to restore cache.\n[Build/android]   | 8.19.4\n[Build/android]   \u2753 add-matcher /run/act/actions/actions-setup-node@v1/.github/tsc.json\n[Build/android]   \u2753 add-matcher /run/act/actions/actions-setup-node@v1/.github/eslint-stylish.json\n[Build/android]   \u2753 add-matcher /run/act/actions/actions-setup-node@v1/.github/eslint-compact.json\n[Build/android]   \u2705  Success - Main actions/setup-node@v1\n[Build/android]   \u2699  ::add-path:: /opt/hostedtoolcache/node/16.20.0/x64/bin\n[Build/android] \u2b50 Run Main Get yarn cache\n[Build/ios    ]   \ud83d\udcac  ::debug::getCacheEntry - Attempt 2 of 2 failed with error: Cache Service Url not found, unable to restore cache.\n[Build/flow   ]   \ud83d\udcac  ::debug::getCacheEntry - Attempt 2 of 2 failed with error: Cache Service Url not found, unable to restore cache.\n[Build/lint   ]   \ud83d\udcac  ::debug::getCacheEntry - Attempt 2 of 2 failed with error: Cache Service Url not found, unable to restore cache.\n[Build/android]   \ud83d\udc33  docker exec cmd=[bash --noprofile --norc -e -o pipefail /var/run/act/workflow/yarn-cache] user= workdir=\n[Build/macos  ]   \ud83d\udcac  ::debug::getCacheEntry - Attempt 2 of 2 failed with error: Cache Service Url not found, unable to restore cache.\n[Build/tsc    ]   \ud83d\udcac  ::debug::getCacheEntry - Attempt 2 of 2 failed with error: Cache Service Url not found, unable to restore cache.\n[Build/ios    ]   | [warning]getCacheEntry failed: Cache Service Url not found, unable to restore cache.\n[Build/ios    ]   \u2705  Success - Main actions/cache@v2\n[Build/flow   ]   | [warning]getCacheEntry failed: Cache Service Url not found, unable to restore cache.\n[Build/ios    ]   \u2699  ::set-output:: cache-hit=false\n[Build/flow   ]   \u2705  Success - Main actions/cache@v2\n[Build/lint   ]   | [warning]getCacheEntry failed: Cache Service Url not found, unable to restore cache.\n[Build/lint   ]   \u2705  Success - Main actions/cache@v2\n[Build/ios    ] \u2b50 Run Main Install Dependencies\n[Build/flow   ]   \u2699  ::set-output:: cache-hit=false\n[Build/lint   ]   \u2699  ::set-output:: cache-hit=false\n[Build/macos  ]   | [warning]getCacheEntry failed: Cache Service Url not found, unable to restore cache.\n[Build/tsc    ]   | [warning]getCacheEntry failed: Cache Service Url not found, unable to restore cache.\n[Build/android]   \u2699  ::set-output:: dir=/home/runneradmin/.cache/yarn/v6\n[Build/flow   ] \u2b50 Run Main Install Dependencies\n[Build/macos  ]   \u2705  Success - Main actions/cache@v2\n[Build/android]   \u2705  Success - Main Get yarn cache\n[Build/tsc    ]   \u2705  Success - Main actions/cache@v2\n[Build/ios    ]   \ud83d\udc33  docker exec cmd=[bash --noprofile --norc -e -o pipefail /var/run/act/workflow/4] user= workdir=\n[Build/lint   ] \u2b50 Run Main Install Dependencies\n[Build/ios    ]   | yarn install v1.22.11\n[Build/ios    ]   | [1/4] Resolving packages...\n[Build/tsc    ]   \u2699  ::set-output:: cache-hit=false\n[Build/macos  ]   \u2699  ::set-output:: cache-hit=false\n[Build/flow   ]   \ud83d\udc33  docker exec cmd=[bash --noprofile --norc -e -o pipefail /var/run/act/workflow/4] user= workdir=\n[Build/lint   ]   \ud83d\udc33  docker exec cmd=[bash --noprofile --norc -e -o pipefail /var/run/act/workflow/4] user= workdir=\n[Build/android] \u2b50 Run Main actions/cache@v2\n[Build/macos  ] \u2b50 Run Main Install Dependencies\n[Build/ios    ]   | warning Resolution field \"metro@0.64.0\" is incompatible with requested version \"metro@^0.67.0\"\n[Build/ios    ]   | warning Resolution field \"metro@0.64.0\" is incompatible with requested version \"metro@0.67.0\"\n[Build/tsc    ] \u2b50 Run Main Install Dependencies\n[Build/ios    ]   | warning Resolution field \"metro@0.64.0\" is incompatible with requested version \"metro@^0.56.0\"\n[Build/ios    ]   | warning Resolution field \"metro@0.64.0\" is incompatible with requested version \"metro@^0.56.4\"\n[Build/ios    ]   | [2/4] Fetching packages...\n[Build/android]   \ud83d\udc33  docker cp src=/home/andre-silva/.cache/act/actions-cache@v2/ dst=/var/run/act/actions/actions-cache@v2/\n[Build/tsc    ]   \ud83d\udc33  docker exec cmd=[bash --noprofile --norc -e -o pipefail /var/run/act/workflow/4] user= workdir=\n[Build/macos  ]   \ud83d\udc33  docker exec cmd=[bash --noprofile --norc -e -o pipefail /var/run/act/workflow/4] user= workdir=\n[Build/android]   \ud83d\udc33  docker exec cmd=[chown -R 1012:1000 /var/run/act/actions/actions-cache@v2/] user=0 workdir=\n[Build/lint   ]   | yarn install v1.22.11\n[Build/flow   ]   | yarn install v1.22.11\n[Build/lint   ]   | [1/4] Resolving packages...\n[Build/flow   ]   | [1/4] Resolving packages...\n[Build/lint   ]   | warning Resolution field \"metro@0.64.0\" is incompatible with requested version \"metro@^0.67.0\"\n[Build/lint   ]   | warning Resolution field \"metro@0.64.0\" is incompatible with requested version \"metro@0.67.0\"\n[Build/lint   ]   | warning Resolution field \"metro@0.64.0\" is incompatible with requested version \"metro@^0.56.0\"\n[Build/lint   ]   | warning Resolution field \"metro@0.64.0\" is incompatible with requested version \"metro@^0.56.4\"\n[Build/flow   ]   | warning Resolution field \"metro@0.64.0\" is incompatible with requested version \"metro@^0.67.0\"\n[Build/flow   ]   | warning Resolution field \"metro@0.64.0\" is incompatible with requested version \"metro@0.67.0\"\n[Build/flow   ]   | warning Resolution field \"metro@0.64.0\" is incompatible with requested version \"metro@^0.56.0\"\n[Build/flow   ]   | warning Resolution field \"metro@0.64.0\" is incompatible with requested version \"metro@^0.56.4\"\n[Build/lint   ]   | [2/4] Fetching packages...\n[Build/flow   ]   | [2/4] Fetching packages...\n[Build/ios    ]   | warning mini-css-extract-plugin@0.5.0: Invalid bin field for \"mini-css-extract-plugin\".\n[Build/lint   ]   | warning mini-css-extract-plugin@0.5.0: Invalid bin field for \"mini-css-extract-plugin\".\n[Build/flow   ]   | warning mini-css-extract-plugin@0.5.0: Invalid bin field for \"mini-css-extract-plugin\".\n[Build/android]   \ud83d\udc33  docker exec cmd=[node /var/run/act/actions/actions-cache@v2/dist/restore/index.js] user= workdir=\n[Build/tsc    ]   | yarn install v1.22.11\n[Build/macos  ]   | yarn install v1.22.11\n[Build/tsc    ]   | [1/4] Resolving packages...\n[Build/macos  ]   | [1/4] Resolving packages...\n[Build/tsc    ]   | warning Resolution field \"metro@0.64.0\" is incompatible with requested version \"metro@^0.67.0\"\n[Build/tsc    ]   | warning Resolution field \"metro@0.64.0\" is incompatible with requested version \"metro@0.67.0\"\n[Build/tsc    ]   | warning Resolution field \"metro@0.64.0\" is incompatible with requested version \"metro@^0.56.0\"\n[Build/tsc    ]   | warning Resolution field \"metro@0.64.0\" is incompatible with requested version \"metro@^0.56.4\"\n[Build/macos  ]   | warning Resolution field \"metro@0.64.0\" is incompatible with requested version \"metro@^0.67.0\"\n[Build/macos  ]   | warning Resolution field \"metro@0.64.0\" is incompatible with requested version \"metro@0.67.0\"\n[Build/macos  ]   | warning Resolution field \"metro@0.64.0\" is incompatible with requested version \"metro@^0.56.0\"\n[Build/macos  ]   | warning Resolution field \"metro@0.64.0\" is incompatible with requested version \"metro@^0.56.4\"\n[Build/tsc    ]   | [2/4] Fetching packages...\n[Build/macos  ]   | [2/4] Fetching packages...\n[Build/android]   \ud83d\udcac  ::debug::Resolved Keys:\n[Build/android]   \ud83d\udcac  ::debug::[\"Linux-yarn-5780ca69a4ab25675e6a0c0540b1546975e52afbca47bae7751b24e142400a5b\"]\n[Build/android]   \ud83d\udcac  ::debug::Checking zstd --version\n[Build/android]   \ud83d\udcac  ::debug::*** zstd command line interface 64-bits v1.5.0, by Yann Collet ***\n[Build/android]   \ud83d\udcac  ::debug::getCacheEntry - Attempt 1 of 2 failed with error: Cache Service Url not found, unable to restore cache.\n[Build/tsc    ]   | warning mini-css-extract-plugin@0.5.0: Invalid bin field for \"mini-css-extract-plugin\".\n[Build/macos  ]   | warning mini-css-extract-plugin@0.5.0: Invalid bin field for \"mini-css-extract-plugin\".\n[Build/android]   \ud83d\udcac  ::debug::getCacheEntry - Attempt 2 of 2 failed with error: Cache Service Url not found, unable to restore cache.\n[Build/android]   | [warning]getCacheEntry failed: Cache Service Url not found, unable to restore cache.\n[Build/android]   \u2705  Success - Main actions/cache@v2\n[Build/android]   \u2699  ::set-output:: cache-hit=false\n[Build/android] \u2b50 Run Main Install Dependencies\n[Build/android]   \ud83d\udc33  docker exec cmd=[bash --noprofile --norc -e -o pipefail /var/run/act/workflow/5] user= workdir=\n[Build/ios    ]   | info fsevents@2.3.2: The platform \"linux\" is incompatible with this module.\n[Build/ios    ]   | info \"fsevents@2.3.2\" is an optional dependency and failed compatibility check. Excluding it from installation.\n[Build/ios    ]   | info fsevents@2.1.3: The platform \"linux\" is incompatible with this module.\n[Build/ios    ]   | info \"fsevents@2.1.3\" is an optional dependency and failed compatibility check. Excluding it from installation.\n[Build/ios    ]   | info fsevents@1.2.9: The platform \"linux\" is incompatible with this module.\n[Build/ios    ]   | info \"fsevents@1.2.9\" is an optional dependency and failed compatibility check. Excluding it from installation.\n[Build/ios    ]   | [3/4] Linking dependencies...\n[Build/ios    ]   | warning \"@expo/webpack-config > @expo/config > @expo/configure-splash-screen@0.2.1\" has unmet peer dependency \"expo-splash-screen@*\".\n[Build/ios    ]   | warning \" > @semantic-release/git@9.0.0\" has incorrect peer dependency \"semantic-release@>=16.0.0 <18.0.0\".\n[Build/ios    ]   | warning \" > detox@17.10.6\" has unmet peer dependency \"jest-circus@26.0.x - 26.4.x || >=26.5.2\".\n[Build/ios    ]   | warning \" > detox@17.10.6\" has unmet peer dependency \"jest-environment-node@>=25.0.0\".\n[Build/ios    ]   | warning \" > detox@17.10.6\" has unmet peer dependency \"mocha@>=6.0.0\".\n[Build/ios    ]   | warning \"react-native > react-native-codegen > jscodeshift@0.13.1\" has unmet peer dependency \"@babel/preset-env@^7.1.6\".\n[Build/ios    ]   | warning \" > react-native-macos@0.61.63\" has incorrect peer dependency \"react@16.9.0\".\n[Build/ios    ]   | warning \"react-native-macos > @react-native-community/cli@3.2.1\" has incorrect peer dependency \"react-native@^0.61.0\".\n[Build/ios    ]   | warning \" > react-native-windows@0.64.14\" has incorrect peer dependency \"react@17.0.1\".\n[Build/ios    ]   | warning \" > react-native-windows@0.64.14\" has incorrect peer dependency \"react-native@^0.64.0\".\n[Build/lint   ]   | info fsevents@2.3.2: The platform \"linux\" is incompatible with this module.\n[Build/ios    ]   | warning \"react-native-windows > react-native-codegen > jscodeshift@0.11.0\" has unmet peer dependency \"@babel/preset-env@^7.1.6\".\n[Build/lint   ]   | info \"fsevents@2.3.2\" is an optional dependency and failed compatibility check. Excluding it from installation.\n[Build/lint   ]   | info fsevents@2.1.3: The platform \"linux\" is incompatible with this module.\n[Build/lint   ]   | info \"fsevents@2.1.3\" is an optional dependency and failed compatibility check. Excluding it from installation.\n[Build/lint   ]   | info fsevents@1.2.9: The platform \"linux\" is incompatible with this module.\n[Build/lint   ]   | info \"fsevents@1.2.9\" is an optional dependency and failed compatibility check. Excluding it from installation.\n[Build/lint   ]   | [3/4] Linking dependencies...\n[Build/lint   ]   | warning \"@expo/webpack-config > @expo/config > @expo/configure-splash-screen@0.2.1\" has unmet peer dependency \"expo-splash-screen@*\".\n[Build/lint   ]   | warning \" > @semantic-release/git@9.0.0\" has incorrect peer dependency \"semantic-release@>=16.0.0 <18.0.0\".\n[Build/lint   ]   | warning \" > detox@17.10.6\" has unmet peer dependency \"jest-circus@26.0.x - 26.4.x || >=26.5.2\".\n[Build/lint   ]   | warning \" > detox@17.10.6\" has unmet peer dependency \"jest-environment-node@>=25.0.0\".\n[Build/lint   ]   | warning \" > detox@17.10.6\" has unmet peer dependency \"mocha@>=6.0.0\".\n[Build/flow   ]   | info fsevents@2.3.2: The platform \"linux\" is incompatible with this module.\n[Build/flow   ]   | info \"fsevents@2.3.2\" is an optional dependency and failed compatibility check. Excluding it from installation.\n[Build/lint   ]   | warning \"react-native > react-native-codegen > jscodeshift@0.13.1\" has unmet peer dependency \"@babel/preset-env@^7.1.6\".\n[Build/lint   ]   | warning \" > react-native-macos@0.61.63\" has incorrect peer dependency \"react@16.9.0\".\n[Build/lint   ]   | warning \"react-native-macos > @react-native-community/cli@3.2.1\" has incorrect peer dependency \"react-native@^0.61.0\".\n[Build/lint   ]   | warning \" > react-native-windows@0.64.14\" has incorrect peer dependency \"react@17.0.1\".\n[Build/lint   ]   | warning \" > react-native-windows@0.64.14\" has incorrect peer dependency \"react-native@^0.64.0\".\n[Build/lint   ]   | warning \"react-native-windows > react-native-codegen > jscodeshift@0.11.0\" has unmet peer dependency \"@babel/preset-env@^7.1.6\".\n[Build/flow   ]   | info fsevents@2.1.3: The platform \"linux\" is incompatible with this module.\n[Build/flow   ]   | info \"fsevents@2.1.3\" is an optional dependency and failed compatibility check. Excluding it from installation.\n[Build/flow   ]   | info fsevents@1.2.9: The platform \"linux\" is incompatible with this module.\n[Build/flow   ]   | info \"fsevents@1.2.9\" is an optional dependency and failed compatibility check. Excluding it from installation.\n[Build/flow   ]   | [3/4] Linking dependencies...\n[Build/flow   ]   | warning \"@expo/webpack-config > @expo/config > @expo/configure-splash-screen@0.2.1\" has unmet peer dependency \"expo-splash-screen@*\".\n[Build/flow   ]   | warning \" > @semantic-release/git@9.0.0\" has incorrect peer dependency \"semantic-release@>=16.0.0 <18.0.0\".\n[Build/flow   ]   | warning \" > detox@17.10.6\" has unmet peer dependency \"jest-circus@26.0.x - 26.4.x || >=26.5.2\".\n[Build/flow   ]   | warning \" > detox@17.10.6\" has unmet peer dependency \"jest-environment-node@>=25.0.0\".\n[Build/flow   ]   | warning \" > detox@17.10.6\" has unmet peer dependency \"mocha@>=6.0.0\".\n[Build/flow   ]   | warning \"react-native > react-native-codegen > jscodeshift@0.13.1\" has unmet peer dependency \"@babel/preset-env@^7.1.6\".\n[Build/flow   ]   | warning \" > react-native-macos@0.61.63\" has incorrect peer dependency \"react@16.9.0\".\n[Build/flow   ]   | warning \"react-native-macos > @react-native-community/cli@3.2.1\" has incorrect peer dependency \"react-native@^0.61.0\".\n[Build/flow   ]   | warning \" > react-native-windows@0.64.14\" has incorrect peer dependency \"react@17.0.1\".\n[Build/flow   ]   | warning \" > react-native-windows@0.64.14\" has incorrect peer dependency \"react-native@^0.64.0\".\n[Build/flow   ]   | warning \"react-native-windows > react-native-codegen > jscodeshift@0.11.0\" has unmet peer dependency \"@babel/preset-env@^7.1.6\".\n[Build/ios    ]   | warning Workspaces can only be enabled in private projects.\n[Build/lint   ]   | warning Workspaces can only be enabled in private projects.\n[Build/flow   ]   | warning Workspaces can only be enabled in private projects.\n[Build/macos  ]   | info fsevents@2.3.2: The platform \"linux\" is incompatible with this module.\n[Build/macos  ]   | info \"fsevents@2.3.2\" is an optional dependency and failed compatibility check. Excluding it from installation.\n[Build/macos  ]   | info fsevents@2.1.3: The platform \"linux\" is incompatible with this module.\n[Build/macos  ]   | info \"fsevents@2.1.3\" is an optional dependency and failed compatibility check. Excluding it from installation.\n[Build/macos  ]   | info fsevents@1.2.9: The platform \"linux\" is incompatible with this module.\n[Build/macos  ]   | info \"fsevents@1.2.9\" is an optional dependency and failed compatibility check. Excluding it from installation.\n[Build/macos  ]   | [3/4] Linking dependencies...\n[Build/macos  ]   | warning \"@expo/webpack-config > @expo/config > @expo/configure-splash-screen@0.2.1\" has unmet peer dependency \"expo-splash-screen@*\".\n[Build/macos  ]   | warning \" > @semantic-release/git@9.0.0\" has incorrect peer dependency \"semantic-release@>=16.0.0 <18.0.0\".\n[Build/macos  ]   | warning \" > detox@17.10.6\" has unmet peer dependency \"jest-circus@26.0.x - 26.4.x || >=26.5.2\".\n[Build/macos  ]   | warning \" > detox@17.10.6\" has unmet peer dependency \"jest-environment-node@>=25.0.0\".\n[Build/macos  ]   | warning \" > detox@17.10.6\" has unmet peer dependency \"mocha@>=6.0.0\".\n[Build/macos  ]   | warning \"react-native > react-native-codegen > jscodeshift@0.13.1\" has unmet peer dependency \"@babel/preset-env@^7.1.6\".\n[Build/macos  ]   | warning \" > react-native-macos@0.61.63\" has incorrect peer dependency \"react@16.9.0\".\n[Build/macos  ]   | warning \"react-native-macos > @react-native-community/cli@3.2.1\" has incorrect peer dependency \"react-native@^0.61.0\".\n[Build/macos  ]   | warning \" > react-native-windows@0.64.14\" has incorrect peer dependency \"react@17.0.1\".\n[Build/macos  ]   | warning \" > react-native-windows@0.64.14\" has incorrect peer dependency \"react-native@^0.64.0\".\n[Build/macos  ]   | warning \"react-native-windows > react-native-codegen > jscodeshift@0.11.0\" has unmet peer dependency \"@babel/preset-env@^7.1.6\".\n[Build/macos  ]   | warning Workspaces can only be enabled in private projects.\n[Build/tsc    ]   | info fsevents@2.3.2: The platform \"linux\" is incompatible with this module.\n[Build/tsc    ]   | info \"fsevents@2.3.2\" is an optional dependency and failed compatibility check. Excluding it from installation.\n[Build/tsc    ]   | info fsevents@2.1.3: The platform \"linux\" is incompatible with this module.\n[Build/tsc    ]   | info \"fsevents@2.1.3\" is an optional dependency and failed compatibility check. Excluding it from installation.\n[Build/tsc    ]   | info fsevents@1.2.9: The platform \"linux\" is incompatible with this module.\n[Build/tsc    ]   | info \"fsevents@1.2.9\" is an optional dependency and failed compatibility check. Excluding it from installation.\n[Build/tsc    ]   | [3/4] Linking dependencies...\n[Build/tsc    ]   | warning \"@expo/webpack-config > @expo/config > @expo/configure-splash-screen@0.2.1\" has unmet peer dependency \"expo-splash-screen@*\".\n[Build/tsc    ]   | warning \" > @semantic-release/git@9.0.0\" has incorrect peer dependency \"semantic-release@>=16.0.0 <18.0.0\".\n[Build/tsc    ]   | warning \" > detox@17.10.6\" has unmet peer dependency \"jest-circus@26.0.x - 26.4.x || >=26.5.2\".\n[Build/tsc    ]   | warning \" > detox@17.10.6\" has unmet peer dependency \"jest-environment-node@>=25.0.0\".\n[Build/tsc    ]   | warning \" > detox@17.10.6\" has unmet peer dependency \"mocha@>=6.0.0\".\n[Build/tsc    ]   | warning \"react-native > react-native-codegen > jscodeshift@0.13.1\" has unmet peer dependency \"@babel/preset-env@^7.1.6\".\n[Build/tsc    ]   | warning \" > react-native-macos@0.61.63\" has incorrect peer dependency \"react@16.9.0\".\n[Build/tsc    ]   | warning \"react-native-macos > @react-native-community/cli@3.2.1\" has incorrect peer dependency \"react-native@^0.61.0\".\n[Build/tsc    ]   | warning \" > react-native-windows@0.64.14\" has incorrect peer dependency \"react@17.0.1\".\n[Build/tsc    ]   | warning \" > react-native-windows@0.64.14\" has incorrect peer dependency \"react-native@^0.64.0\".\n[Build/tsc    ]   | warning \"react-native-windows > react-native-codegen > jscodeshift@0.11.0\" has unmet peer dependency \"@babel/preset-env@^7.1.6\".\n[Build/tsc    ]   | warning Workspaces can only be enabled in private projects.\n[Build/android]   | yarn install v1.22.11\n[Build/android]   | [1/4] Resolving packages...\n[Build/android]   | warning Resolution field \"metro@0.64.0\" is incompatible with requested version \"metro@^0.67.0\"\n[Build/android]   | warning Resolution field \"metro@0.64.0\" is incompatible with requested version \"metro@0.67.0\"\n[Build/android]   | warning Resolution field \"metro@0.64.0\" is incompatible with requested version \"metro@^0.56.0\"\n[Build/android]   | warning Resolution field \"metro@0.64.0\" is incompatible with requested version \"metro@^0.56.4\"\n[Build/android]   | [2/4] Fetching packages...\n[Build/android]   | warning mini-css-extract-plugin@0.5.0: Invalid bin field for \"mini-css-extract-plugin\".\n[Build/android]   | info fsevents@2.3.2: The platform \"linux\" is incompatible with this module.\n[Build/android]   | info \"fsevents@2.3.2\" is an optional dependency and failed compatibility check. Excluding it from installation.\n[Build/android]   | info fsevents@2.1.3: The platform \"linux\" is incompatible with this module.\n[Build/android]   | info \"fsevents@2.1.3\" is an optional dependency and failed compatibility check. Excluding it from installation.\n[Build/android]   | info fsevents@1.2.9: The platform \"linux\" is incompatible with this module.\n[Build/android]   | info \"fsevents@1.2.9\" is an optional dependency and failed compatibility check. Excluding it from installation.\n[Build/android]   | [3/4] Linking dependencies...\n[Build/android]   | warning \"@expo/webpack-config > @expo/config > @expo/configure-splash-screen@0.2.1\" has unmet peer dependency \"expo-splash-screen@*\".\n[Build/android]   | warning \" > @semantic-release/git@9.0.0\" has incorrect peer dependency \"semantic-release@>=16.0.0 <18.0.0\".\n[Build/android]   | warning \" > detox@17.10.6\" has unmet peer dependency \"jest-circus@26.0.x - 26.4.x || >=26.5.2\".\n[Build/android]   | warning \" > detox@17.10.6\" has unmet peer dependency \"jest-environment-node@>=25.0.0\".\n[Build/android]   | warning \" > detox@17.10.6\" has unmet peer dependency \"mocha@>=6.0.0\".\n[Build/android]   | warning \"react-native > react-native-codegen > jscodeshift@0.13.1\" has unmet peer dependency \"@babel/preset-env@^7.1.6\".\n[Build/android]   | warning \" > react-native-macos@0.61.63\" has incorrect peer dependency \"react@16.9.0\".\n[Build/android]   | warning \"react-native-macos > @react-native-community/cli@3.2.1\" has incorrect peer dependency \"react-native@^0.61.0\".\n[Build/android]   | warning \" > react-native-windows@0.64.14\" has incorrect peer dependency \"react@17.0.1\".\n[Build/android]   | warning \" > react-native-windows@0.64.14\" has incorrect peer dependency \"react-native@^0.64.0\".\n[Build/android]   | warning \"react-native-windows > react-native-codegen > jscodeshift@0.11.0\" has unmet peer dependency \"@babel/preset-env@^7.1.6\".\n[Build/android]   | warning Workspaces can only be enabled in private projects.\n[Build/flow   ]   | [4/4] Building fresh packages...\n[Build/flow   ]   | $ bob build\n[Build/flow   ]   | \u2139 Building target commonjs\n[Build/flow   ]   | \u2139 Cleaning up previous build at dist/commonjs\n[Build/flow   ]   | \u2139 Compiling 22 files in js with babel\n[Build/flow   ]   | Browserslist: caniuse-lite is outdated. Please run:\n[Build/flow   ]   | npx browserslist@latest --update-db\n[Build/flow   ]   | \n[Build/flow   ]   | Why you should do it regularly:\n[Build/flow   ]   | https://github.com/browserslist/browserslist#browsers-data-updating\n[Build/lint   ]   | [4/4] Building fresh packages...\n[Build/ios    ]   | [4/4] Building fresh packages...\n[Build/flow   ]   | \u2714 Wrote files to dist/commonjs\n[Build/flow   ]   | \u2139 Building target module\n[Build/flow   ]   | \u2139 Cleaning up previous build at dist/module\n[Build/flow   ]   | \u2139 Compiling 22 files in js with babel\n[Build/flow   ]   | \u2714 Wrote files to dist/module\n[Build/flow   ]   | Done in 191.50s.\n[Build/flow   ]   \u2705  Success - Main Install Dependencies\n[Build/flow   ] \u2b50 Run Main Flow Checks\n[Build/flow   ]   \ud83d\udc33  docker exec cmd=[bash --noprofile --norc -e -o pipefail /var/run/act/workflow/5] user= workdir=\n[Build/ios    ]   | $ bob build\n[Build/flow   ]   | yarn run v1.22.11\n[Build/tsc    ]   | [4/4] Building fresh packages...\n[Build/flow   ]   | $ flow check\n[Build/ios    ]   | \u2139 Building target commonjs\n[Build/macos  ]   | [4/4] Building fresh packages...\n[Build/ios    ]   | \u2139 Cleaning up previous build at dist/commonjs\n[Build/ios    ]   | \u2139 Compiling 22 files in js with babel\n[Build/lint   ]   | $ bob build\n[Build/lint   ]   | \u2139 Building target commonjs\n[Build/lint   ]   | \u2139 Cleaning up previous build at dist/commonjs\n[Build/lint   ]   | \u2139 Compiling 22 files in js with babel\n[Build/ios    ]   | Browserslist: caniuse-lite is outdated. Please run:\n[Build/ios    ]   | npx browserslist@latest --update-db\n[Build/ios    ]   | \n[Build/ios    ]   | Why you should do it regularly:\n[Build/ios    ]   | https://github.com/browserslist/browserslist#browsers-data-updating\n[Build/ios    ]   | \u2714 Wrote files to dist/commonjs\n[Build/ios    ]   | \u2139 Building target module\n[Build/ios    ]   | \u2139 Cleaning up previous build at dist/module\n[Build/ios    ]   | \u2139 Compiling 22 files in js with babel\n[Build/ios    ]   | \u2714 Wrote files to dist/module\n[Build/ios    ]   | Done in 207.33s.\n[Build/ios    ]   \u2705  Success - Main Install Dependencies\n[Build/flow   ]   | Skipping /tmp/569e0364-0b80-11ee-a890-af2cc187fc11/react-native-picker-picker/node_modules/expo-constants/node_modules/caniuse-lite/data/regions/AZ.js: No such file or directory\n[Build/flow   ]   | \n[Build/flow   ]   | Skipping /tmp/569e0364-0b80-11ee-a890-af2cc187fc11/react-native-picker-picker/node_modules/expo-constants/node_modules/caniuse-lite/data/regions/AU.js: No such file or directory\n[Build/flow   ]   | \n[Build/flow   ]   | Skipping /tmp/569e0364-0b80-11ee-a890-af2cc187fc11/react-native-picker-picker/node_modules/expo-constants/node_modules/caniuse-lite/data/regions/AE.js: No such file or directory\n[Build/flow   ]   | \n[Build/flow   ]   | Skipping /tmp/569e0364-0b80-11ee-a890-af2cc187fc11/react-native-picker-picker/node_modules/expo-constants/node_modules/caniuse-lite/data/regions/AW.js: No such file or directory\n[Build/flow   ]   | \n[Build/lint   ]   | Browserslist: caniuse-lite is outdated. Please run:\n[Build/lint   ]   | npx browserslist@latest --update-db\n[Build/lint   ]   | \n[Build/lint   ]   | Why you should do it regularly:\n[Build/lint   ]   | https://github.com/browserslist/browserslist#browsers-data-updating\n[Build/flow   ]   | Skipping /tmp/569e0364-0b80-11ee-a890-af2cc187fc11/react-native-picker-picker/node_modules/expo-constants/node_modules/caniuse-lite/data/regions/BE.js: No such file or directory\n[Build/flow   ]   | \n[Build/flow   ]   | Skipping /tmp/569e0364-0b80-11ee-a890-af2cc187fc11/react-native-picker-picker/node_modules/expo-constants/node_modules/caniuse-lite/data/regions/BR.js: No such file or directory\n[Build/flow   ]   | \n[Build/flow   ]   | Skipping /tmp/569e0364-0b80-11ee-a890-af2cc187fc11/react-native-picker-picker/node_modules/expo-constants/node_modules/caniuse-lite/data/regions/CO.js: No such file or directory\n[Build/flow   ]   | \n[Build/flow   ]   | Skipping /tmp/569e0364-0b80-11ee-a890-af2cc187fc11/react-native-picker-picker/node_modules/expo-constants/node_modules/caniuse-lite/data/regions/BS.js: No such file or directory\n[Build/flow   ]   | \n[Build/flow   ]   | Skipping /tmp/569e0364-0b80-11ee-a890-af2cc187fc11/react-native-picker-picker/node_modules/expo-constants/node_modules/caniuse-lite/data/regions/BM.js: No such file or directory\n[Build/flow   ]   | \n[Build/flow   ]   | Skipping /tmp/569e0364-0b80-11ee-a890-af2cc187fc11/react-native-picker-picker/node_modules/expo-constants/node_modules/caniuse-lite/data/regions/CH.js: No such file or directory\n[Build/flow   ]   | \n[Build/flow   ]   | Skipping /tmp/569e0364-0b80-11ee-a890-af2cc187fc11/react-native-picker-picker/node_modules/expo-constants/node_modules/caniuse-lite/data/regions/CR.js: No such file or directory\n[Build/flow   ]   | \n[Build/flow   ]   | Skipping /tmp/569e0364-0b80-11ee-a890-af2cc187fc11/react-native-picker-picker/node_modules/expo-constants/node_modules/caniuse-lite/data/regions/CK.js: No such file or directory\n[Build/flow   ]   | \n[Build/lint   ]   | \u2714 Wrote files to dist/commonjs\n[Build/lint   ]   | \u2139 Building target module\n[Build/lint   ]   | \u2139 Cleaning up previous build at dist/module\n[Build/lint   ]   | \u2139 Compiling 22 files in js with babel\n[Build/flow   ]   | Skipping /tmp/569e0364-0b80-11ee-a890-af2cc187fc11/react-native-picker-picker/node_modules/fbjs/node_modules/core-js/library/modules/es6.object.is-sealed.js: No such file or directory\n[Build/flow   ]   | \n[Build/flow   ]   | Skipping /tmp/569e0364-0b80-11ee-a890-af2cc187fc11/react-native-picker-picker/node_modules/fbjs/node_modules/core-js/library/modules/es6.object.seal.js: No such file or directory\n[Build/flow   ]   | \n[Build/flow   ]   | Skipping /tmp/569e0364-0b80-11ee-a890-af2cc187fc11/react-native-picker-picker/node_modules/fbjs/node_modules/core-js/library/modules/es6.promise.js: No such file or directory\n[Build/flow   ]   | \n[Build/flow   ]   | Skipping /tmp/569e0364-0b80-11ee-a890-af2cc187fc11/react-native-picker-picker/node_modules/fbjs/node_modules/core-js/library/modules/es6.object.prevent-extensions.js: No such file or directory\n[Build/flow   ]   | \n[Build/flow   ]   | Skipping /tmp/569e0364-0b80-11ee-a890-af2cc187fc11/react-native-picker-picker/node_modules/fbjs/node_modules/core-js/library/modules/es6.reflect.get.js: No such file or directory\n[Build/flow   ]   | \n[Build/flow   ]   | Skipping /tmp/569e0364-0b80-11ee-a890-af2cc187fc11/react-native-picker-picker/node_modules/fbjs/node_modules/core-js/library/modules/es6.reflect.get-own-property-descriptor.js: No such file or directory\n[Build/flow   ]   | \n[Build/flow   ]   | Skipping /tmp/569e0364-0b80-11ee-a890-af2cc187fc11/react-native-picker-picker/node_modules/fbjs/node_modules/core-js/library/modules/es6.object.is.js: No such file or directory\n[Build/flow   ]   | \n[Build/flow   ]   | Skipping /tmp/569e0364-0b80-11ee-a890-af2cc187fc11/react-native-picker-picker/node_modules/fbjs/node_modules/core-js/library/modules/es6.reflect.define-property.js: No such file or directory\n[Build/flow   ]   | \n[Build/flow   ]   | Skipping /tmp/569e0364-0b80-11ee-a890-af2cc187fc11/react-native-picker-picker/node_modules/fbjs/node_modules/core-js/library/modules/es6.reflect.get-prototype-of.js: No such file or directory\n[Build/flow   ]   | \n[Build/flow   ]   | Skipping /tmp/569e0364-0b80-11ee-a890-af2cc187fc11/react-native-picker-picker/node_modules/fbjs/node_modules/core-js/library/modules/es6.parse-int.js: No such file or directory\n[Build/flow   ]   | \n[Build/flow   ]   | Skipping /tmp/569e0364-0b80-11ee-a890-af2cc187fc11/react-native-picker-picker/node_modules/fbjs/node_modules/core-js/library/modules/es6.object.keys.js: No such file or directory\n[Build/flow   ]   | \n[Build/flow   ]   | Skipping /tmp/569e0364-0b80-11ee-a890-af2cc187fc11/react-native-picker-picker/node_modules/fbjs/node_modules/core-js/library/modules/es6.regexp.replace.js: No such file or directory\n[Build/flow   ]   | \n[Build/flow   ]   | Skipping /tmp/569e0364-0b80-11ee-a890-af2cc187fc11/react-native-picker-picker/node_modules/fbjs/node_modules/core-js/library/modules/es6.reflect.enumerate.js: No such file or directory\n[Build/flow   ]   | \n[Build/flow   ]   | Skipping /tmp/569e0364-0b80-11ee-a890-af2cc187fc11/react-native-picker-picker/node_modules/fbjs/node_modules/core-js/library/modules/es6.parse-float.js: No such file or directory\n[Build/flow   ]   | \n[Build/flow   ]   | Skipping /tmp/569e0364-0b80-11ee-a890-af2cc187fc11/react-native-picker-picker/node_modules/fbjs/node_modules/core-js/library/modules/es6.regexp.to-string.js: No such file or directory\n[Build/flow   ]   | \n[Build/flow   ]   | Skipping /tmp/569e0364-0b80-11ee-a890-af2cc187fc11/react-native-picker-picker/node_modules/fbjs/node_modules/core-js/library/modules/es6.regexp.match.js: No such file or directory\n[Build/flow   ]   | \n[Build/flow   ]   | Skipping /tmp/569e0364-0b80-11ee-a890-af2cc187fc11/react-native-picker-picker/node_modules/fbjs/node_modules/core-js/library/modules/es6.regexp.search.js: No such file or directory\n[Build/flow   ]   | \n[Build/flow   ]   | Skipping /tmp/569e0364-0b80-11ee-a890-af2cc187fc11/react-native-picker-picker/node_modules/fbjs/node_modules/core-js/library/modules/es6.reflect.prevent-extensions.js: No such file or directory\n[Build/flow   ]   | \n[Build/flow   ]   | Skipping /tmp/569e0364-0b80-11ee-a890-af2cc187fc11/react-native-picker-picker/node_modules/fbjs/node_modules/core-js/library/modules/es6.string.big.js: No such file or directory\n[Build/flow   ]   | \n[Build/flow   ]   | Skipping /tmp/569e0364-0b80-11ee-a890-af2cc187fc11/react-native-picker-picker/node_modules/fbjs/node_modules/core-js/library/modules/es6.reflect.set.js: No such file or directory\n[Build/flow   ]   | \n[Build/flow   ]   | Skipping /tmp/569e0364-0b80-11ee-a890-af2cc187fc11/react-native-picker-picker/node_modules/fbjs/node_modules/core-js/library/modules/es6.string.bold.js: No such file or directory\n[Build/flow   ]   | \n[Build/flow   ]   | Skipping /tmp/569e0364-0b80-11ee-a890-af2cc187fc11/react-native-picker-picker/node_modules/fbjs/node_modules/core-js/library/modules/es6.set.js: No such file or directory\n[Build/flow   ]   | \n[Build/lint   ]   | \u2714 Wrote files to dist/module\n[Build/lint   ]   | Done in 204.05s.\n[Build/lint   ]   \u2705  Success - Main Install Dependencies\n[Build/ios    ] \u2b50 Run Main Install Podfiles\n[Build/macos  ]   | $ bob build\n[Build/tsc    ]   | $ bob build\n[Build/macos  ]   | \u2139 Building target commonjs\n[Build/macos  ]   | \u2139 Cleaning up previous build at dist/commonjs\n[Build/macos  ]   | \u2139 Compiling 22 files in js with babel\n[Build/tsc    ]   | \u2139 Building target commonjs\n[Build/tsc    ]   | \u2139 Cleaning up previous build at dist/commonjs\n[Build/tsc    ]   | \u2139 Compiling 22 files in js with babel\n[Build/lint   ] \u2b50 Run Main ESLint Checks\n[Build/tsc    ]   | Browserslist: caniuse-lite is outdated. Please run:\n[Build/tsc    ]   | npx browserslist@latest --update-db\n[Build/tsc    ]   | \n[Build/tsc    ]   | Why you should do it regularly:\n[Build/tsc    ]   | https://github.com/browserslist/browserslist#browsers-data-updating\n[Build/macos  ]   | Browserslist: caniuse-lite is outdated. Please run:\n[Build/macos  ]   | npx browserslist@latest --update-db\n[Build/macos  ]   | \n[Build/macos  ]   | Why you should do it regularly:\n[Build/macos  ]   | https://github.com/browserslist/browserslist#browsers-data-updating\n[Build/tsc    ]   | \u2714 Wrote files to dist/commonjs\n[Build/tsc    ]   | \u2139 Building target module\n[Build/tsc    ]   | \u2139 Cleaning up previous build at dist/module\n[Build/tsc    ]   | \u2139 Compiling 22 files in js with babel\n[Build/tsc    ]   | \u2714 Wrote files to dist/module\n[Build/tsc    ]   | Done in 201.32s.\n[Build/ios    ]   \ud83d\udc33  docker exec cmd=[bash --noprofile --norc -e -o pipefail /var/run/act/workflow/5] user= workdir=\n[Build/tsc    ]   \u2705  Success - Main Install Dependencies\n[Build/macos  ]   | \u2714 Wrote files to dist/commonjs\n[Build/macos  ]   | \u2139 Building target module\n[Build/macos  ]   | \u2139 Cleaning up previous build at dist/module\n[Build/macos  ]   | \u2139 Compiling 22 files in js with babel\n[Build/macos  ]   | \u2714 Wrote files to dist/module\n[Build/macos  ]   | Done in 202.04s.\n[Build/macos  ]   \u2705  Success - Main Install Dependencies\n[Build/lint   ]   \ud83d\udc33  docker exec cmd=[bash --noprofile --norc -e -o pipefail /var/run/act/workflow/5] user= workdir=\n[Build/tsc    ] \u2b50 Run Main TypeScript type check\n[Build/macos  ] \u2b50 Run Main Install Podfiles\n[Build/tsc    ]   \ud83d\udc33  docker exec cmd=[bash --noprofile --norc -e -o pipefail /var/run/act/workflow/5] user= workdir=\n[Build/macos  ]   \ud83d\udc33  docker exec cmd=[bash --noprofile --norc -e -o pipefail /var/run/act/workflow/5] user= workdir=\n[Build/android]   | [4/4] Building fresh packages...\n[Build/lint   ]   | yarn run v1.22.11\n[Build/lint   ]   | $ eslint 'js/**/*.js' 'example/**/*.js'\n[Build/tsc    ]   | yarn run v1.22.11\n[Build/tsc    ]   | $ tsc --project ./\n[Build/tsc    ]   | Done in 2.68s.\n[Build/tsc    ]   \u2705  Success - Main TypeScript type check\n[Build/lint   ]   | Done in 3.75s.\n[Build/lint   ]   \u2705  Success - Main ESLint Checks\n[Build/android]   | $ bob build\n[Build/tsc    ] \u2b50 Run Post actions/cache@v2\n[Build/lint   ] \u2b50 Run Post actions/cache@v2\n[Build/android]   | \u2139 Building target commonjs\n[Build/android]   | \u2139 Cleaning up previous build at dist/commonjs\n[Build/android]   | \u2139 Compiling 22 files in js with babel\n[Build/lint   ]   \ud83d\udc33  docker exec cmd=[node /var/run/act/actions/actions-cache@v2/dist/save/index.js] user= workdir=\n[Build/tsc    ]   \ud83d\udc33  docker exec cmd=[node /var/run/act/actions/actions-cache@v2/dist/save/index.js] user= workdir=\n[Build/flow   ]   | Found 0 errors\n[Build/flow   ]   | Done in 32.06s.\n[Build/flow   ]   \u2705  Success - Main Flow Checks\n[Build/tsc    ]   \ud83d\udcac  ::debug::Checking zstd --version\n[Build/lint   ]   \ud83d\udcac  ::debug::Checking zstd --version\n[Build/tsc    ]   \ud83d\udcac  ::debug::*** zstd command line interface 64-bits v1.5.0, by Yann Collet ***\n[Build/tsc    ]   \ud83d\udcac  ::debug::Reserving Cache\n[Build/tsc    ]   \ud83d\udcac  ::debug::reserveCache - Attempt 1 of 2 failed with error: Cache Service Url not found, unable to restore cache.\n[Build/lint   ]   \ud83d\udcac  ::debug::*** zstd command line interface 64-bits v1.5.0, by Yann Collet ***\n[Build/lint   ]   \ud83d\udcac  ::debug::Reserving Cache\n[Build/lint   ]   \ud83d\udcac  ::debug::reserveCache - Attempt 1 of 2 failed with error: Cache Service Url not found, unable to restore cache.\n[Build/macos  ]   | npm WARN exec The following package was not found and will be installed: pod-install@0.1.38\n[Build/macos  ]   | Scanning for pods...\n[Build/macos  ]   | CocoaPods is only supported on darwin machines\n[Build/macos  ]   \u2705  Success - Main Install Podfiles\n[Build/flow   ] \u2b50 Run Post actions/cache@v2\n[Build/flow   ]   \ud83d\udc33  docker exec cmd=[node /var/run/act/actions/actions-cache@v2/dist/save/index.js] user= workdir=\n[Build/android]   | Browserslist: caniuse-lite is outdated. Please run:\n[Build/android]   | npx browserslist@latest --update-db\n[Build/android]   | \n[Build/android]   | Why you should do it regularly:\n[Build/android]   | https://github.com/browserslist/browserslist#browsers-data-updating\n[Build/macos  ] \u2b50 Run Main Build example app\n[Build/macos  ]   \ud83d\udc33  docker exec cmd=[bash --noprofile --norc -e -o pipefail /var/run/act/workflow/6] user= workdir=\n[Build/android]   | \u2714 Wrote files to dist/commonjs\n[Build/android]   | \u2139 Building target module\n[Build/android]   | \u2139 Cleaning up previous build at dist/module\n[Build/android]   | \u2139 Compiling 22 files in js with babel\n[Build/android]   | \u2714 Wrote files to dist/module\n[Build/android]   | Done in 169.48s.\n[Build/android]   \u2705  Success - Main Install Dependencies\n[Build/ios    ]   | npm WARN exec The following package was not found and will be installed: pod-install@0.1.38\n[Build/ios    ]   | Scanning for pods...\n[Build/ios    ]   | CocoaPods is only supported on darwin machines\n[Build/android] \u2b50 Run Main Build Android Example App and Library\n[Build/android]   \ud83d\udc33  docker exec cmd=[bash --noprofile --norc -e -o pipefail /var/run/act/workflow/6] user= workdir=\n[Build/tsc    ]   \ud83d\udcac  ::debug::reserveCache - Attempt 2 of 2 failed with error: Cache Service Url not found, unable to restore cache.\n[Build/lint   ]   \ud83d\udcac  ::debug::reserveCache - Attempt 2 of 2 failed with error: Cache Service Url not found, unable to restore cache.\n[Build/macos  ]   | yarn run v1.22.11\n[Build/flow   ]   \ud83d\udcac  ::debug::Checking zstd --version\n[Build/android]   | Downloading https://services.gradle.org/distributions/gradle-7.3.3-all.zip\n[Build/flow   ]   \ud83d\udcac  ::debug::*** zstd command line interface 64-bits v1.5.0, by Yann Collet ***\n[Build/flow   ]   \ud83d\udcac  ::debug::Reserving Cache\n[Build/flow   ]   \ud83d\udcac  ::debug::reserveCache - Attempt 1 of 2 failed with error: Cache Service Url not found, unable to restore cache.\n[Build/macos  ]   | $ cd example && react-native run-macos\n[Build/macos  ]   | info Found Xcode project \"PickerExample.xcodeproj\"\n[Build/macos  ]   | info Building (using \"xcodebuild -project PickerExample.xcodeproj -configuration Debug -scheme PickerExample-macOS\")\n[Build/ios    ]   \u2705  Success - Main Install Podfiles\n[Build/tsc    ]   | [warning]reserveCache failed: Cache Service Url not found, unable to restore cache.\n[Build/tsc    ]   \u2705  Success - Post actions/cache@v2\n[Build/lint   ]   | [warning]reserveCache failed: Cache Service Url not found, unable to restore cache.\n[Build/lint   ]   \u2705  Success - Post actions/cache@v2\n[Build/macos  ]   | /tmp/569e0364-0b80-11ee-a890-af2cc187fc11/react-native-picker-picker/node_modules/metro-hermes-compiler/src/emhermesc.js:81\n[Build/macos  ]   |           throw ex;\n[Build/macos  ]   |           ^\n[Build/macos  ]   | \n[Build/macos  ]   | Error: spawn xcodebuild ENOENT\n[Build/macos  ]   |     at Process.ChildProcess._handle.onexit (node:internal/child_process:285:19)\n[Build/macos  ]   |     at onErrorNT (node:internal/child_process:485:16)\n[Build/macos  ]   |     at processTicksAndRejections (node:internal/process/task_queues:83:21)\n[Build/macos  ]   | Emitted 'error' event on ChildProcess instance at:\n[Build/macos  ]   |     at Process.ChildProcess._handle.onexit (node:internal/child_process:291:12)\n[Build/macos  ]   |     at onErrorNT (node:internal/child_process:485:16)\n[Build/macos  ]   |     at processTicksAndRejections (node:internal/process/task_queues:83:21) {\n[Build/macos  ]   |   errno: -2,\n[Build/macos  ]   |   code: 'ENOENT',\n[Build/macos  ]   |   syscall: 'spawn xcodebuild',\n[Build/macos  ]   |   path: 'xcodebuild',\n[Build/macos  ]   |   spawnargs: [\n[Build/macos  ]   |     '-project',\n[Build/macos  ]   |     'PickerExample.xcodeproj',\n[Build/macos  ]   |     '-configuration',\n[Build/macos  ]   |     'Debug',\n[Build/macos  ]   |     '-scheme',\n[Build/macos  ]   |     'PickerExample-macOS'\n[Build/macos  ]   |   ]\n[Build/macos  ]   | }\n[Build/macos  ]   | error Command failed with exit code 7.\n[Build/macos  ]   | info Visit https://yarnpkg.com/en/docs/cli/run for documentation about this command.\n[Build/ios    ] \u2b50 Run Main Build example app\n[Build/macos  ]   \u274c  Failure - Main Build example app\n[Build/ios    ]   \ud83d\udc33  docker exec cmd=[bash --noprofile --norc -e -o pipefail /var/run/act/workflow/6] user= workdir=\n[Build/flow   ]   \ud83d\udcac  ::debug::reserveCache - Attempt 2 of 2 failed with error: Cache Service Url not found, unable to restore cache.\n[Build/macos  ] exitcode '7': failure\n[Build/android]   | ...............10%...............20%...............30%...............40%...............50%...............60%................70%...............80%...............90%...............100%\n[Build/flow   ]   | [warning]reserveCache failed: Cache Service Url not found, unable to restore cache.\n[Build/flow   ]   \u2705  Success - Post actions/cache@v2\n[Build/android]   | \n[Build/android]   | Welcome to Gradle 7.3.3!\n[Build/android]   | \n[Build/android]   | Here are the highlights of this release:\n[Build/android]   |  - Easily declare new test suites in Java projects\n[Build/android]   |  - Support for Java 17\n[Build/android]   |  - Support for Scala 3\n[Build/android]   | \n[Build/android]   | For more details see https://docs.gradle.org/7.3.3/release-notes.html\n[Build/android]   | \n[Build/android]   | Starting a Gradle Daemon (subsequent builds will be faster)\n[Build/ios    ]   | yarn run v1.22.11\n[Build/ios    ]   | $ cd example && react-native run-ios\n[Build/ios    ]   | error Could not find \"Podfile.lock\" at null.lock. Did you run \"pod install\" in iOS directory?\n[Build/ios    ]   | info Found Xcode workspace \"PickerExample.xcworkspace\"\n[Build/ios    ]   | error Could not get the simulator list from Xcode. Please open Xcode and try running project directly from there to resolve the remaining issues.\n[Build/ios    ]   | Error: spawnSync xcrun ENOENT\n[Build/ios    ]   |     at Object.spawnSync (node:internal/child_process:1119:20)\n[Build/ios    ]   |     at spawnSync (node:child_process:847:24)\n[Build/ios    ]   |     at Object.execFileSync (node:child_process:890:15)\n[Build/ios    ]   |     at runOnSimulator (/tmp/569e0364-0b80-11ee-a890-af2cc187fc11/react-native-picker-picker/node_modules/react-native/node_modules/@react-native-community/cli-platform-ios/build/commands/runIOS/index.js:167:54)\n[Build/ios    ]   |     at Object.runIOS [as func] (/tmp/569e0364-0b80-11ee-a890-af2cc187fc11/react-native-picker-picker/node_modules/react-native/node_modules/@react-native-community/cli-platform-ios/build/commands/runIOS/index.js:121:12)\n[Build/ios    ]   |     at Command.handleAction (/tmp/569e0364-0b80-11ee-a890-af2cc187fc11/react-native-picker-picker/node_modules/react-native/node_modules/@react-native-community/cli/build/index.js:192:23)\n[Build/ios    ]   |     at Command.listener (/tmp/569e0364-0b80-11ee-a890-af2cc187fc11/react-native-picker-picker/node_modules/commander/index.js:315:8)\n[Build/ios    ]   |     at Command.emit (node:events:513:28)\n[Build/ios    ]   |     at Command.parseArgs (/tmp/569e0364-0b80-11ee-a890-af2cc187fc11/react-native-picker-picker/node_modules/commander/index.js:651:12)\n[Build/ios    ]   |     at Command.parse (/tmp/569e0364-0b80-11ee-a890-af2cc187fc11/react-native-picker-picker/node_modules/commander/index.js:474:21)\n[Build/ios    ]   | info Run CLI with --verbose flag for more details.\n[Build/ios    ]   | info Visit https://yarnpkg.com/en/docs/cli/run for documentation about this command.\n[Build/ios    ]   | error Command failed with exit code 1.\n[Build/ios    ]   \u274c  Failure - Main Build example app\n[Build/ios    ] exitcode '1': failure\n[Build/lint   ] \ud83c\udfc1  Job succeeded\n[Build/flow   ] \ud83c\udfc1  Job succeeded\n[Build/macos  ] \ud83c\udfc1  Job failed\n[Build/tsc    ] \ud83c\udfc1  Job succeeded\n[Build/ios    ] \ud83c\udfc1  Job failed\n[Build/android]   | \n[Build/android]   | > Task :react-native-gradle-plugin:compileKotlin\n[Build/android]   | 'compileJava' task (current target is 1.8) and 'compileKotlin' task (current target is 11) jvm target compatibility should be set to the same Java version.\n[Build/android]   | w: /tmp/569e0364-0b80-11ee-a890-af2cc187fc11/react-native-picker-picker/node_modules/react-native-gradle-plugin/src/main/kotlin/com/facebook/react/ReactExtension.kt: (10, 37): 'BaseVariant' is deprecated. Deprecated in Java\n[Build/android]   | w: /tmp/569e0364-0b80-11ee-a890-af2cc187fc11/react-native-picker-picker/node_modules/react-native-gradle-plugin/src/main/kotlin/com/facebook/react/ReactExtension.kt: (119, 30): 'BaseVariant' is deprecated. Deprecated in Java\n[Build/android]   | w: /tmp/569e0364-0b80-11ee-a890-af2cc187fc11/react-native-picker-picker/node_modules/react-native-gradle-plugin/src/main/kotlin/com/facebook/react/ReactExtension.kt: (135, 26): 'BaseVariant' is deprecated. Deprecated in Java\n[Build/android]   | w: /tmp/569e0364-0b80-11ee-a890-af2cc187fc11/react-native-picker-picker/node_modules/react-native-gradle-plugin/src/main/kotlin/com/facebook/react/ReactExtension.kt: (155, 32): 'BaseVariant' is deprecated. Deprecated in Java\n[Build/android]   | w: /tmp/569e0364-0b80-11ee-a890-af2cc187fc11/react-native-picker-picker/node_modules/react-native-gradle-plugin/src/main/kotlin/com/facebook/react/ReactExtension.kt: (161, 31): 'BaseVariant' is deprecated. Deprecated in Java\n[Build/android]   | w: /tmp/569e0364-0b80-11ee-a890-af2cc187fc11/react-native-picker-picker/node_modules/react-native-gradle-plugin/src/main/kotlin/com/facebook/react/ReactExtension.kt: (169, 36): 'BaseVariant' is deprecated. Deprecated in Java\n[Build/android]   | w: /tmp/569e0364-0b80-11ee-a890-af2cc187fc11/react-native-picker-picker/node_modules/react-native-gradle-plugin/src/main/kotlin/com/facebook/react/ReactPlugin.kt: (100, 48): 'reactRoot: DirectoryProperty' is deprecated. reactRoot was confusing and has been replace with rootto point to your root project and reactNativeDir to point to the folder of the react-native NPM package\n[Build/android]   | w: /tmp/569e0364-0b80-11ee-a890-af2cc187fc11/react-native-picker-picker/node_modules/react-native-gradle-plugin/src/main/kotlin/com/facebook/react/TaskConfiguration.kt: (10, 37): 'ApplicationVariant' is deprecated. Deprecated in Java\n[Build/android]   | w: /tmp/569e0364-0b80-11ee-a890-af2cc187fc11/react-native-picker-picker/node_modules/react-native-gradle-plugin/src/main/kotlin/com/facebook/react/TaskConfiguration.kt: (11, 37): 'BaseVariant' is deprecated. Deprecated in Java\n[Build/android]   | w: /tmp/569e0364-0b80-11ee-a890-af2cc187fc11/react-native-picker-picker/node_modules/react-native-gradle-plugin/src/main/kotlin/com/facebook/react/TaskConfiguration.kt: (12, 37): 'LibraryVariant' is deprecated. Deprecated in Java\n[Build/android]   | w: /tmp/569e0364-0b80-11ee-a890-af2cc187fc11/react-native-picker-picker/node_modules/react-native-gradle-plugin/src/main/kotlin/com/facebook/react/TaskConfiguration.kt: (28, 51): 'BaseVariant' is deprecated. Deprecated in Java\n[Build/android]   | w: /tmp/569e0364-0b80-11ee-a890-af2cc187fc11/react-native-picker-picker/node_modules/react-native-gradle-plugin/src/main/kotlin/com/facebook/react/TaskConfiguration.kt: (131, 12): 'ApplicationVariant' is deprecated. Deprecated in Java\n[Build/android]   | w: /tmp/569e0364-0b80-11ee-a890-af2cc187fc11/react-native-picker-picker/node_modules/react-native-gradle-plugin/src/main/kotlin/com/facebook/react/TaskConfiguration.kt: (132, 12): 'LibraryVariant' is deprecated. Deprecated in Java\n[Build/android]   | w: /tmp/569e0364-0b80-11ee-a890-af2cc187fc11/react-native-picker-picker/node_modules/react-native-gradle-plugin/src/main/kotlin/com/facebook/react/TaskConfiguration.kt: (252, 14): 'BaseVariant' is deprecated. Deprecated in Java\n[Build/android]   | \n[Build/android]   | > Task :react-native-gradle-plugin:compileJava\n[Build/android]   | Note: /tmp/569e0364-0b80-11ee-a890-af2cc187fc11/react-native-picker-picker/node_modules/react-native-gradle-plugin/src/main/java/com/facebook/react/codegen/generator/SchemaJsonParser.java uses or overrides a deprecated API.\n[Build/android]   | Note: Recompile with -Xlint:deprecation for details.\n[Build/android]   | \n[Build/android]   | > Task :react-native-gradle-plugin:pluginDescriptors\n[Build/android]   | > Task :react-native-gradle-plugin:processResources\n[Build/android]   | > Task :react-native-gradle-plugin:classes\n[Build/android]   | > Task :react-native-gradle-plugin:inspectClassesForKotlinIC\n[Build/android]   | > Task :react-native-gradle-plugin:jar\n[Build/android]   | \n[Build/android]   | > Configure project :@react-native-community_picker\n[Build/android]   | Unable to detect AGP versions for included builds. All projects in the build should use the same AGP version. Class name for the included build object: org.gradle.composite.internal.DefaultIncludedBuild$IncludedBuildImpl_Decorated.\n[Build/android]   | \n[Build/android]   | FAILURE: Build failed with an exception.\n[Build/android]   | \n[Build/android]   | * What went wrong:\n[Build/android]   | Could not determine the dependencies of task ':@react-native-community_picker:compileDebugJavaWithJavac'.\n[Build/android]   | > SDK location not found. Define location with an ANDROID_SDK_ROOT environment variable or by setting the sdk.dir path in your project's local properties file at '/tmp/569e0364-0b80-11ee-a890-af2cc187fc11/react-native-picker-picker/example/android/local.properties'.\n[Build/android]   | \n[Build/android]   | * Try:\n[Build/android]   | > Run with --stacktrace option to get the stack trace.\n[Build/android]   | > Run with --info or --debug option to get more log output.\n[Build/android]   | > Run with --scan to get full insights.\n[Build/android]   | \n[Build/android]   | * Get more help at https://help.gradle.org\n[Build/android]   | \n[Build/android]   | Deprecated Gradle features were used in this build, making it incompatible with Gradle 8.0.\n[Build/android]   | \n[Build/android]   | You can use '--warning-mode all' to show the individual deprecation warnings and determine if they come from your own scripts or plugins.\n[Build/android]   | \n[Build/android]   | See https://docs.gradle.org/7.3.3/userguide/command_line_interface.html#sec:command_line_warnings\n[Build/android]   | \n[Build/android]   | BUILD FAILED in 2m 35s\n[Build/android]   | 6 actionable tasks: 6 executed\n[Build/android]   \u274c  Failure - Main Build Android Example App and Library\n[Build/android] exitcode '1': failure\n[Build/android] \u2b50 Run Post actions/setup-java@v1\n[Build/android]   \ud83d\udc33  docker exec cmd=[node /var/run/act/actions/actions-setup-java@v1/dist/cleanup/index.js] user= workdir=\n[Build/android]   \u2705  Success - Post actions/setup-java@v1\n[Build/android] \ud83c\udfc1  Job failed\n",
        "stderr": "Error: Job 'macos' failed\n",
        "workflow": "/tmp/569e0364-0b80-11ee-a890-af2cc187fc11/react-native-picker-picker/.github/workflows/ci-crawler.yml",
        "build_tool": "gradle",
        "elapsed_time": 507.34874415397644
    }
}