{
    "repository": "Swagger2Markup/swagger2markup",
    "stars": 2439,
    "language": "java",
    "size": 5303,
    "clone_url": "https://github.com/Swagger2Markup/swagger2markup.git",
    "timestamp": "2023-06-15T15:19:56.060253Z",
    "clone_success": true,
    "number of actions": 0,
    "number_of_test_actions": 1,
    "actions_successful": false,
    "number_of_actions": 1,
    "actions_build_tools": [
        "gradle"
    ],
    "actions_test_build_tools": [
        "gradle"
    ],
    "actions_data": {
        "failed": true,
        "tests": [],
        "stdout": "[Build/Gradle wrapper validation] \ud83d\ude80  Start image=crawlergpt:latest\n[Build/Build and publish        ] \ud83d\ude80  Start image=crawlergpt:latest\n[Build/Gradle wrapper validation]   \ud83d\udc33  docker pull image=crawlergpt:latest platform= username= forcePull=false\n[Build/Build and publish        ]   \ud83d\udc33  docker pull image=crawlergpt:latest platform= username= forcePull=false\n[Build/Build and publish        ]   \ud83d\udc33  docker create image=crawlergpt:latest platform= entrypoint=[\"tail\" \"-f\" \"/dev/null\"] cmd=[]\n[Build/Gradle wrapper validation]   \ud83d\udc33  docker create image=crawlergpt:latest platform= entrypoint=[\"tail\" \"-f\" \"/dev/null\"] cmd=[]\n[Build/Build and publish        ]   \ud83d\udc33  docker run image=crawlergpt:latest platform= entrypoint=[\"tail\" \"-f\" \"/dev/null\"] cmd=[]\n[Build/Gradle wrapper validation]   \ud83d\udc33  docker run image=crawlergpt:latest platform= entrypoint=[\"tail\" \"-f\" \"/dev/null\"] cmd=[]\n[Build/Build and publish        ]   \ud83d\udc33  docker exec cmd=[chown -R 1012:1000 /tmp/569e0364-0b80-11ee-a890-af2cc187fc11/Swagger2Markup-swagger2markup] user=0 workdir=\n[Build/Gradle wrapper validation]   \ud83d\udc33  docker exec cmd=[chown -R 1012:1000 /tmp/569e0364-0b80-11ee-a890-af2cc187fc11/Swagger2Markup-swagger2markup] user=0 workdir=\n[Build/Build and publish        ]   \u2601  git clone 'https://github.com/actions/setup-java' # ref=v2\n[Build/Gradle wrapper validation]   \u2601  git clone 'https://github.com/gradle/wrapper-validation-action' # ref=v1.0.4\n[Build/Build and publish        ] Non-terminating error while running 'git clone': some refs were not updated\n[Build/Build and publish        ]   \u2601  git clone 'https://github.com/actions/cache' # ref=v2.1.6\n[Build/Gradle wrapper validation] \u2b50 Run Main actions/checkout@v2.3.5\n[Build/Gradle wrapper validation]   \u2705  Success - Main actions/checkout@v2.3.5\n[Build/Build and publish        ]   \u2601  git clone 'https://github.com/eskatos/gradle-command-action' # ref=v1\n[Build/Gradle wrapper validation] \u2b50 Run Main gradle/wrapper-validation-action@v1.0.4\n[Build/Gradle wrapper validation]   \ud83d\udc33  docker cp src=/home/andre-silva/.cache/act/gradle-wrapper-validation-action@v1.0.4/ dst=/var/run/act/actions/gradle-wrapper-validation-action@v1.0.4/\n[Build/Gradle wrapper validation]   \ud83d\udc33  docker exec cmd=[chown -R 1012:1000 /var/run/act/actions/gradle-wrapper-validation-action@v1.0.4/] user=0 workdir=\n[Build/Gradle wrapper validation]   \ud83d\udc33  docker exec cmd=[node /var/run/act/actions/gradle-wrapper-validation-action@v1.0.4/dist/index.js] user= workdir=\n[Build/Build and publish        ] Non-terminating error while running 'git clone': some refs were not updated\n[Build/Build and publish        ]   \u2601  git clone 'https://github.com/actions/github-script' # ref=v5\n[Build/Build and publish        ]   \u2601  git clone 'https://github.com/EnricoMi/publish-unit-test-result-action' # ref=v1\n[Build/Build and publish        ] Non-terminating error while running 'git clone': some refs were not updated\n[Build/Build and publish        ] \u2b50 Run Pre Publish Unit Test Results\n[Build/Build and publish        ]   \u2705  Success - Pre Publish Unit Test Results\n[Build/Build and publish        ]   \u2601  git clone 'https://github.com/eskatos/gradle-command-action' # ref=v1\n[Build/Build and publish        ] Non-terminating error while running 'git clone': some refs were not updated\n[Build/Build and publish        ]   \u2601  git clone 'https://github.com/eskatos/gradle-command-action' # ref=v1\n[Build/Build and publish        ] Non-terminating error while running 'git clone': some refs were not updated\n[Build/Build and publish        ] \u2b50 Run Main actions/checkout@v2.3.5\n[Build/Gradle wrapper validation]   | \u2713 Found known Gradle Wrapper JAR files:\n[Build/Gradle wrapper validation]   |   383f4efa709b52632a520708e8a07353961970941ab3867ab8ac182132ce1c54 gradle/wrapper/gradle-wrapper.jar\n[Build/Gradle wrapper validation]   \u2705  Success - Main gradle/wrapper-validation-action@v1.0.4\n[Build/Build and publish        ]   \u2705  Success - Main actions/checkout@v2.3.5\n[Build/Build and publish        ] \u2b50 Run Main Set up JDK 11\n[Build/Build and publish        ]   \ud83d\udc33  docker cp src=/home/andre-silva/.cache/act/actions-setup-java@v2/ dst=/var/run/act/actions/actions-setup-java@v2/\n[Build/Build and publish        ]   \ud83d\udc33  docker exec cmd=[chown -R 1012:1000 /var/run/act/actions/actions-setup-java@v2/] user=0 workdir=\n[Build/Build and publish        ]   \ud83d\udc33  docker exec cmd=[node /var/run/act/actions/actions-setup-java@v2/dist/setup/index.js] user= workdir=\n[Build/Gradle wrapper validation] \ud83c\udfc1  Job succeeded\n[Build/Build and publish        ]   | Trying to resolve the latest version from remote\n[Build/Build and publish        ]   | Resolved latest version as 11.0.19+7\n[Build/Build and publish        ]   | Trying to download...\n[Build/Build and publish        ]   | Downloading Java 11.0.19+7 (Temurin-Hotspot) from https://github.com/adoptium/temurin11-binaries/releases/download/jdk-11.0.19%2B7/OpenJDK11U-jdk_x64_linux_hotspot_11.0.19_7.tar.gz ...\n[Build/Build and publish        ]   \ud83d\udcac  ::debug::Downloading https://github.com/adoptium/temurin11-binaries/releases/download/jdk-11.0.19%252B7/OpenJDK11U-jdk_x64_linux_hotspot_11.0.19_7.tar.gz\n[Build/Build and publish        ]   \ud83d\udcac  ::debug::Destination /tmp/b89f0907-1f87-48ca-9f05-a695e91aa5ce\n[Build/Build and publish        ]   \ud83d\udcac  ::debug::download complete\n[Build/Build and publish        ]   | Extracting Java archive...\n[Build/Build and publish        ]   \ud83d\udcac  ::debug::Checking tar --version\n[Build/Build and publish        ]   \ud83d\udcac  ::debug::tar (GNU tar) 1.30%0ACopyright (C) 2017 Free Software Foundation, Inc.%0ALicense GPLv3+: GNU GPL version 3 or later <https://gnu.org/licenses/gpl.html>.%0AThis is free software: you are free to change and redistribute it.%0AThere is NO WARRANTY, to the extent permitted by law.%0A%0AWritten by John Gilmore and Jay Fenlason.\n[Build/Build and publish        ]   | [command]/usr/bin/tar xz --warning=no-unknown-keyword -C /tmp/bb657b92-ea01-4ccc-a754-78ac2a743447 -f /tmp/b89f0907-1f87-48ca-9f05-a695e91aa5ce\n[Build/Build and publish        ]   \ud83d\udcac  ::debug::Caching tool Java_Temurin-Hotspot_jdk 11.0.19-7 x64\n[Build/Build and publish        ]   \ud83d\udcac  ::debug::source dir: /tmp/bb657b92-ea01-4ccc-a754-78ac2a743447/jdk-11.0.19+7\n[Build/Build and publish        ]   \ud83d\udcac  ::debug::destination /opt/hostedtoolcache/Java_Temurin-Hotspot_jdk/11.0.19-7/x64\n[Build/Build and publish        ]   \ud83d\udcac  ::debug::finished caching tool\n[Build/Build and publish        ]   | Java 11.0.19+7 was downloaded\n[Build/Build and publish        ]   | Setting Java 11.0.19+7 as the default\n[Build/Build and publish        ]   | \n[Build/Build and publish        ]   | Java configuration:\n[Build/Build and publish        ]   |   Distribution: temurin\n[Build/Build and publish        ]   |   Version: 11.0.19+7\n[Build/Build and publish        ]   |   Path: /opt/hostedtoolcache/Java_Temurin-Hotspot_jdk/11.0.19-7/x64\n[Build/Build and publish        ]   | \n[Build/Build and publish        ]   \u2753 add-matcher /run/act/actions/actions-setup-java@v2/.github/java.json\n[Build/Build and publish        ]   | Creating settings.xml with server-id: github\n[Build/Build and publish        ]   | Writing to /home/runneradmin/.m2/settings.xml\n[Build/Build and publish        ]   \u2705  Success - Main Set up JDK 11\n[Build/Build and publish        ]   \u2699  ::set-env:: JAVA_HOME=/opt/hostedtoolcache/Java_Temurin-Hotspot_jdk/11.0.19-7/x64\n[Build/Build and publish        ]   \u2699  ::set-output:: distribution=Temurin-Hotspot\n[Build/Build and publish        ]   \u2699  ::set-output:: path=/opt/hostedtoolcache/Java_Temurin-Hotspot_jdk/11.0.19-7/x64\n[Build/Build and publish        ]   \u2699  ::set-output:: version=11.0.19+7\n[Build/Build and publish        ]   \u2699  ::add-path:: /opt/hostedtoolcache/Java_Temurin-Hotspot_jdk/11.0.19-7/x64/bin\n[Build/Build and publish        ] \u2b50 Run Main Build\n[Build/Build and publish        ]   \ud83d\udc33  docker cp src=/home/andre-silva/.cache/act/eskatos-gradle-command-action@v1/ dst=/var/run/act/actions/eskatos-gradle-command-action@v1/\n[Build/Build and publish        ]   \ud83d\udc33  docker exec cmd=[chown -R 1012:1000 /var/run/act/actions/eskatos-gradle-command-action@v1/] user=0 workdir=\n[Build/Build and publish        ]   \ud83d\udc33  docker exec cmd=[node /var/run/act/actions/eskatos-gradle-command-action@v1/dist/main/index.js] user= workdir=\n[Build/Build and publish        ]   \ud83d\udcac  ::debug::Resolved Keys:\n[Build/Build and publish        ]   \ud83d\udcac  ::debug::[\"wrapper-v1-5.6.3-all\"]\n[Build/Build and publish        ]   \ud83d\udcac  ::debug::Checking zstd --version\n[Build/Build and publish        ]   \ud83d\udcac  ::debug::*** zstd command line interface 64-bits v1.5.0, by Yann Collet ***\n[Build/Build and publish        ]   \ud83d\udcac  ::debug::getCacheEntry - Attempt 1 of 2 failed with error: Cache Service Url not found, unable to restore cache.\n[Build/Build and publish        ]   \ud83d\udcac  ::debug::getCacheEntry - Attempt 2 of 2 failed with error: Cache Service Url not found, unable to restore cache.\n[Build/Build and publish        ]   | Wrapper installation cache restore failed for key: wrapper-v1-5.6.3-all.\n[Build/Build and publish        ]   |   Error: getCacheEntry failed: Cache Service Url not found, unable to restore cache.\n[Build/Build and publish        ]   \ud83d\udcbe  ::save-state name=DEPENDENCIES_CACHE_PATH::/home/runneradmin/.gradle/caches/modules-2\n[Build/Build and publish        ]   \ud83d\udcac  ::debug::followSymbolicLinks 'false'\n[Build/Build and publish        ]   \ud83d\udcac  ::debug::followSymbolicLinks 'false'\n[Build/Build and publish        ]   \ud83d\udcac  ::debug::implicitDescendants 'true'\n[Build/Build and publish        ]   \ud83d\udcac  ::debug::matchDirectories 'true'\n[Build/Build and publish        ]   \ud83d\udcac  ::debug::omitBrokenSymbolicLinks 'true'\n[Build/Build and publish        ]   \ud83d\udcac  ::debug::Search path '/tmp/569e0364-0b80-11ee-a890-af2cc187fc11/Swagger2Markup-swagger2markup'\n[Build/Build and publish        ]   \ud83d\udcac  ::debug::/tmp/569e0364-0b80-11ee-a890-af2cc187fc11/Swagger2Markup-swagger2markup/build.gradle\n[Build/Build and publish        ]   \ud83d\udcac  ::debug::/tmp/569e0364-0b80-11ee-a890-af2cc187fc11/Swagger2Markup-swagger2markup/gradle\n[Build/Build and publish        ]   \ud83d\udcac  ::debug::Skip directory '/tmp/569e0364-0b80-11ee-a890-af2cc187fc11/Swagger2Markup-swagger2markup/gradle'.\n[Build/Build and publish        ]   \ud83d\udcac  ::debug::/tmp/569e0364-0b80-11ee-a890-af2cc187fc11/Swagger2Markup-swagger2markup/gradle/wrapper\n[Build/Build and publish        ]   \ud83d\udcac  ::debug::Skip directory '/tmp/569e0364-0b80-11ee-a890-af2cc187fc11/Swagger2Markup-swagger2markup/gradle/wrapper'.\n[Build/Build and publish        ]   \ud83d\udcac  ::debug::/tmp/569e0364-0b80-11ee-a890-af2cc187fc11/Swagger2Markup-swagger2markup/gradle/wrapper/gradle-wrapper.jar\n[Build/Build and publish        ]   \ud83d\udcac  ::debug::/tmp/569e0364-0b80-11ee-a890-af2cc187fc11/Swagger2Markup-swagger2markup/gradle/wrapper/gradle-wrapper.properties\n[Build/Build and publish        ]   \ud83d\udcac  ::debug::/tmp/569e0364-0b80-11ee-a890-af2cc187fc11/Swagger2Markup-swagger2markup/gradle.properties\n[Build/Build and publish        ]   \ud83d\udcac  ::debug::/tmp/569e0364-0b80-11ee-a890-af2cc187fc11/Swagger2Markup-swagger2markup/libraries.gradle\n[Build/Build and publish        ]   \ud83d\udcac  ::debug::/tmp/569e0364-0b80-11ee-a890-af2cc187fc11/Swagger2Markup-swagger2markup/openapi2markup/build.gradle\n[Build/Build and publish        ]   \ud83d\udcac  ::debug::/tmp/569e0364-0b80-11ee-a890-af2cc187fc11/Swagger2Markup-swagger2markup/publishing.gradle\n[Build/Build and publish        ]   \ud83d\udcac  ::debug::/tmp/569e0364-0b80-11ee-a890-af2cc187fc11/Swagger2Markup-swagger2markup/settings.gradle\n[Build/Build and publish        ]   \ud83d\udcac  ::debug::/tmp/569e0364-0b80-11ee-a890-af2cc187fc11/Swagger2Markup-swagger2markup/swagger2markup/build.gradle\n[Build/Build and publish        ]   \ud83d\udcac  ::debug::/tmp/569e0364-0b80-11ee-a890-af2cc187fc11/Swagger2Markup-swagger2markup/swagger2markup-asciidoc/build.gradle\n[Build/Build and publish        ]   \ud83d\udcac  ::debug::/tmp/569e0364-0b80-11ee-a890-af2cc187fc11/Swagger2Markup-swagger2markup/swagger2markup-bom/build.gradle\n[Build/Build and publish        ]   \ud83d\udcac  ::debug::/tmp/569e0364-0b80-11ee-a890-af2cc187fc11/Swagger2Markup-swagger2markup/swagger2markup-builder/build.gradle\n[Build/Build and publish        ]   \ud83d\udcac  ::debug::/tmp/569e0364-0b80-11ee-a890-af2cc187fc11/Swagger2Markup-swagger2markup/swagger2markup-core/build.gradle\n[Build/Build and publish        ]   \ud83d\udcac  ::debug::/tmp/569e0364-0b80-11ee-a890-af2cc187fc11/Swagger2Markup-swagger2markup/swagger2markup-documentation/build.gradle\n[Build/Build and publish        ]   \ud83d\udcac  ::debug::Found 14 files to hash.\n[Build/Build and publish        ]   \ud83d\udcbe  ::save-state name=DEPENDENCIES_CACHE_KEY::dependencies|check|4cda5720d041f7d1a1ce78e6f3529533b0d952b150f5b625f45e326ecd6bc8cf\n[Build/Build and publish        ]   \ud83d\udcac  ::debug::Resolved Keys:\n[Build/Build and publish        ]   \ud83d\udcac  ::debug::[\"dependencies|check|4cda5720d041f7d1a1ce78e6f3529533b0d952b150f5b625f45e326ecd6bc8cf\",\"dependencies|check|\",\"dependencies|\"]\n[Build/Build and publish        ]   \ud83d\udcac  ::debug::Checking zstd --version\n[Build/Build and publish        ]   \ud83d\udcac  ::debug::*** zstd command line interface 64-bits v1.5.0, by Yann Collet ***\n[Build/Build and publish        ]   \ud83d\udcac  ::debug::getCacheEntry - Attempt 1 of 2 failed with error: Cache Service Url not found, unable to restore cache.\n[Build/Build and publish        ]   \ud83d\udcac  ::debug::getCacheEntry - Attempt 2 of 2 failed with error: Cache Service Url not found, unable to restore cache.\n[Build/Build and publish        ]   \u2757  ::error::getCacheEntry failed: Cache Service Url not found, unable to restore cache.\n[Build/Build and publish        ]   \u274c  Failure - Main Build\n[Build/Build and publish        ] exitcode '1': failure\n[Build/Build and publish        ] \u2b50 Run Main Publish Unit Test Results\n[Build/Build and publish        ]   \ud83d\udc33  docker cp src=/home/andre-silva/.cache/act/EnricoMi-publish-unit-test-result-action-composite@v1/ dst=/var/run/act/actions/EnricoMi-publish-unit-test-result-action-composite@v1/\n[Build/Build and publish        ]   \ud83d\udc33  docker exec cmd=[chown -R 1012:1000 /var/run/act/actions/EnricoMi-publish-unit-test-result-action-composite@v1/] user=0 workdir=\n[Build/Build and publish        ] \u2b50 Run Main Check for Python3\n[Build/Build and publish        ]   \ud83d\udc33  docker exec cmd=[bash --noprofile --norc -e -o pipefail /var/run/act/workflow/5-composite-0.sh] user= workdir=\n[Build/Build and publish        ]   \u2753  ##[group]Check for Python3\n[Build/Build and publish        ]   | /usr/bin/python3\n[Build/Build and publish        ]   \u2753  ##[endgroup]\n[Build/Build and publish        ]   \u2705  Success - Main Check for Python3\n[Build/Build and publish        ] \u2b50 Run Main Install Python dependencies\n[Build/Build and publish        ]   \ud83d\udc33  docker exec cmd=[bash --noprofile --norc -e -o pipefail /var/run/act/workflow/5-composite-1.sh] user= workdir=\n[Build/Build and publish        ]   \u2753  ##[group]Install Python dependencies\n[Build/Build and publish        ]   | Ignoring dataclasses: markers 'python_version < \"3.7\"' don't match your environment\n[Build/Build and publish        ]   | Collecting humanize==3.14.0\n[Build/Build and publish        ]   |   Downloading humanize-3.14.0-py3-none-any.whl (98 kB)\n[Build/Build and publish        ]   | Collecting junitparser==2.5.0\n[Build/Build and publish        ]   |   Downloading junitparser-2.5.0-py2.py3-none-any.whl (10 kB)\n[Build/Build and publish        ]   | Collecting psutil==5.9.1\n[Build/Build and publish        ]   |   Downloading psutil-5.9.1-cp38-cp38-manylinux_2_12_x86_64.manylinux2010_x86_64.manylinux_2_17_x86_64.manylinux2014_x86_64.whl (284 kB)\n[Build/Build and publish        ]   | Collecting PyGithub==1.55\n[Build/Build and publish        ]   |   Downloading PyGithub-1.55-py3-none-any.whl (291 kB)\n[Build/Build and publish        ]   | Collecting requests==2.27.1\n[Build/Build and publish        ]   |   Downloading requests-2.27.1-py2.py3-none-any.whl (63 kB)\n[Build/Build and publish        ]   | Collecting urllib3==1.26.9\n[Build/Build and publish        ]   |   Downloading urllib3-1.26.9-py2.py3-none-any.whl (138 kB)\n[Build/Build and publish        ]   | Collecting future\n[Build/Build and publish        ]   |   Downloading future-0.18.3.tar.gz (840 kB)\n[Build/Build and publish        ]   | Collecting deprecated\n[Build/Build and publish        ]   |   Downloading Deprecated-1.2.14-py2.py3-none-any.whl (9.6 kB)\n[Build/Build and publish        ]   | Collecting pyjwt>=2.0\n[Build/Build and publish        ]   |   Downloading PyJWT-2.7.0-py3-none-any.whl (22 kB)\n[Build/Build and publish        ]   | Collecting pynacl>=1.4.0\n[Build/Build and publish        ]   |   Downloading PyNaCl-1.5.0-cp36-abi3-manylinux_2_17_x86_64.manylinux2014_x86_64.manylinux_2_24_x86_64.whl (856 kB)\n[Build/Build and publish        ]   | Collecting charset-normalizer~=2.0.0; python_version >= \"3\"\n[Build/Build and publish        ]   |   Downloading charset_normalizer-2.0.12-py3-none-any.whl (39 kB)\n[Build/Build and publish        ]   | Requirement already satisfied: certifi>=2017.4.17 in /usr/lib/python3/dist-packages (from requests==2.27.1->-r /var/run/act/actions/EnricoMi-publish-unit-test-result-action-composite@v1/composite/../python/requirements.txt (line 7)) (2019.11.28)\n[Build/Build and publish        ]   | Requirement already satisfied: idna<4,>=2.5; python_version >= \"3\" in /usr/lib/python3/dist-packages (from requests==2.27.1->-r /var/run/act/actions/EnricoMi-publish-unit-test-result-action-composite@v1/composite/../python/requirements.txt (line 7)) (2.8)\n[Build/Build and publish        ]   | Collecting wrapt<2,>=1.10\n[Build/Build and publish        ]   |   Downloading wrapt-1.15.0-cp38-cp38-manylinux_2_5_x86_64.manylinux1_x86_64.manylinux_2_17_x86_64.manylinux2014_x86_64.whl (81 kB)\n[Build/Build and publish        ]   | Collecting cffi>=1.4.1\n[Build/Build and publish        ]   |   Downloading cffi-1.15.1-cp38-cp38-manylinux_2_17_x86_64.manylinux2014_x86_64.whl (442 kB)\n[Build/Build and publish        ]   | Collecting pycparser\n[Build/Build and publish        ]   |   Downloading pycparser-2.21-py2.py3-none-any.whl (118 kB)\n[Build/Build and publish        ]   | Building wheels for collected packages: future\n[Build/Build and publish        ]   |   Building wheel for future (setup.py): started\n[Build/Build and publish        ]   |   Building wheel for future (setup.py): finished with status 'done'\n[Build/Build and publish        ]   |   Created wheel for future: filename=future-0.18.3-py3-none-any.whl size=492025 sha256=371b48cd48e3af8aedfa8cb491222e3aeb56a99ef29a2806d4836d491d328e6a\n[Build/Build and publish        ]   |   Stored in directory: /home/runneradmin/.cache/pip/wheels/a0/0b/ee/e6994fadb42c1354dcccb139b0bf2795271bddfe6253ccdf11\n[Build/Build and publish        ]   | Successfully built future\n[Build/Build and publish        ]   | Installing collected packages: humanize, future, junitparser, psutil, wrapt, deprecated, pyjwt, charset-normalizer, urllib3, requests, pycparser, cffi, pynacl, PyGithub\n[Build/Build and publish        ]   |   WARNING: The scripts futurize and pasteurize are installed in '/home/runneradmin/.local/bin' which is not on PATH.\n[Build/Build and publish        ]   |   Consider adding this directory to PATH or, if you prefer to suppress this warning, use --no-warn-script-location.\n[Build/Build and publish        ]   |   WARNING: The script junitparser is installed in '/home/runneradmin/.local/bin' which is not on PATH.\n[Build/Build and publish        ]   |   Consider adding this directory to PATH or, if you prefer to suppress this warning, use --no-warn-script-location.\n[Build/Build and publish        ]   |   WARNING: The script normalizer is installed in '/home/runneradmin/.local/bin' which is not on PATH.\n[Build/Build and publish        ]   |   Consider adding this directory to PATH or, if you prefer to suppress this warning, use --no-warn-script-location.\n[Build/Build and publish        ]   | Successfully installed PyGithub-1.55 cffi-1.15.1 charset-normalizer-2.0.12 deprecated-1.2.14 future-0.18.3 humanize-3.14.0 junitparser-2.5.0 psutil-5.9.1 pycparser-2.21 pyjwt-2.7.0 pynacl-1.5.0 requests-2.27.1 urllib3-1.26.9 wrapt-1.15.0\n[Build/Build and publish        ]   \u2753  ##[endgroup]\n[Build/Build and publish        ]   \u2705  Success - Main Install Python dependencies\n[Build/Build and publish        ] \u2b50 Run Main Publish Test Results\n[Build/Build and publish        ]   \ud83d\udc33  docker exec cmd=[bash --noprofile --norc -e -o pipefail /var/run/act/workflow/5-composite-test-results.sh] user= workdir=\n[Build/Build and publish        ]   \u2753  ##[group]Publish Test Results\n[Build/Build and publish        ]   | 2023-06-15 15:21:46 +0000 - publish - WARNING - Could not find any files for **/test-results/**/*.xml\n[Build/Build and publish        ]   | 2023-06-15 15:21:46 +0000 - publish -  INFO - Available memory to read files: 424.8 GiB\n[Build/Build and publish        ]   | 2023-06-15 15:21:46 +0000 - publish -  INFO - Finished reading 0 files in 0.04 seconds\n[Build/Build and publish        ]   | 2023-06-15 15:21:47 +0000 - publish -  INFO - Publishing neutral results for commit ac22f6340410daeae82fe2c5954624f82076d6c3\n[Build/Build and publish        ]   | 2023-06-15 15:21:47 +0000 - publish - WARNING - Request POST /repos/Swagger2Markup/swagger2markup/check-runs failed: Forbidden\n[Build/Build and publish        ]   | 2023-06-15 15:21:47 +0000 - publish - WARNING - Request POST /repos/Swagger2Markup/swagger2markup/check-runs failed with 403: Forbidden\n[Build/Build and publish        ]   | 2023-06-15 15:21:47 +0000 - publish -  INFO - There is no Retry-After given in the response header\n[Build/Build and publish        ]   | 2023-06-15 15:21:47 +0000 - publish -  INFO - Response message does not indicate retry-able error\n[Build/Build and publish        ]   \ud83d\udea7  ::warning::Could not find any files for **/test-results/**/*.xml\n[Build/Build and publish        ]   \ud83d\udea7  ::warning::Request POST /repos/Swagger2Markup/swagger2markup/check-runs failed with 403: Forbidden\n[Build/Build and publish        ]   | Traceback (most recent call last):\n[Build/Build and publish        ]   |   File \"/var/run/act/actions/EnricoMi-publish-unit-test-result-action-composite@v1/composite/../python/publish_test_results.py\", line 387, in <module>\n[Build/Build and publish        ]   |     main(settings, gha)\n[Build/Build and publish        ]   |   File \"/var/run/act/actions/EnricoMi-publish-unit-test-result-action-composite@v1/composite/../python/publish_test_results.py\", line 135, in main\n[Build/Build and publish        ]   |     Publisher(settings, gh, gha).publish(stats, results.case_results, conclusion)\n[Build/Build and publish        ]   |   File \"/run/act/actions/EnricoMi-publish-unit-test-result-action-composite@v1/python/publish/publisher.py\", line 144, in publish\n[Build/Build and publish        ]   |     check_run, before_check_run = self.publish_check(stats, cases, conclusion)\n[Build/Build and publish        ]   |   File \"/run/act/actions/EnricoMi-publish-unit-test-result-action-composite@v1/python/publish/publisher.py\", line 329, in publish_check\n[Build/Build and publish        ]   |     check_run = self._repo.create_check_run(name=self._settings.check_name,\n[Build/Build and publish        ]   |   File \"/home/runneradmin/.local/lib/python3.8/site-packages/github/Repository.py\", line 3642, in create_check_run\n[Build/Build and publish        ]   |     headers, data = self._requester.requestJsonAndCheck(\n[Build/Build and publish        ]   |   File \"/home/runneradmin/.local/lib/python3.8/site-packages/github/Requester.py\", line 354, in requestJsonAndCheck\n[Build/Build and publish        ]   |     *self.requestJson(\n[Build/Build and publish        ]   |   File \"/home/runneradmin/.local/lib/python3.8/site-packages/github/Requester.py\", line 454, in requestJson\n[Build/Build and publish        ]   |     return self.__requestEncode(cnx, verb, url, parameters, headers, input, encode)\n[Build/Build and publish        ]   |   File \"/home/runneradmin/.local/lib/python3.8/site-packages/github/Requester.py\", line 528, in __requestEncode\n[Build/Build and publish        ]   |     status, responseHeaders, output = self.__requestRaw(\n[Build/Build and publish        ]   |   File \"/var/run/act/actions/EnricoMi-publish-unit-test-result-action-composite@v1/composite/../python/publish_test_results.py\", line 157, in throttled_gh_request_raw\n[Build/Build and publish        ]   |     return gh_request_raw(cnx, verb, url, requestHeaders, input)\n[Build/Build and publish        ]   |   File \"/home/runneradmin/.local/lib/python3.8/site-packages/github/Requester.py\", line 555, in __requestRaw\n[Build/Build and publish        ]   |     response = cnx.getresponse()\n[Build/Build and publish        ]   |   File \"/home/runneradmin/.local/lib/python3.8/site-packages/github/Requester.py\", line 127, in getresponse\n[Build/Build and publish        ]   |     r = verb(\n[Build/Build and publish        ]   |   File \"/home/runneradmin/.local/lib/python3.8/site-packages/requests/sessions.py\", line 577, in post\n[Build/Build and publish        ]   |     return self.request('POST', url, data=data, json=json, **kwargs)\n[Build/Build and publish        ]   |   File \"/home/runneradmin/.local/lib/python3.8/site-packages/requests/sessions.py\", line 529, in request\n[Build/Build and publish        ]   |     resp = self.send(prep, **send_kwargs)\n[Build/Build and publish        ]   |   File \"/home/runneradmin/.local/lib/python3.8/site-packages/requests/sessions.py\", line 645, in send\n[Build/Build and publish        ]   |     r = adapter.send(request, **kwargs)\n[Build/Build and publish        ]   |   File \"/home/runneradmin/.local/lib/python3.8/site-packages/requests/adapters.py\", line 440, in send\n[Build/Build and publish        ]   |     resp = conn.urlopen(\n[Build/Build and publish        ]   |   File \"/home/runneradmin/.local/lib/python3.8/site-packages/urllib3/connectionpool.py\", line 866, in urlopen\n[Build/Build and publish        ]   |     retries = retries.increment(method, url, response=response, _pool=self)\n[Build/Build and publish        ]   |   File \"/run/act/actions/EnricoMi-publish-unit-test-result-action-composite@v1/python/publish/retry.py\", line 101, in increment\n[Build/Build and publish        ]   |     raise GithubException(response.status, content, response.headers)\n[Build/Build and publish        ]   | github.GithubException.GithubException: 403 {\"message\": \"You must authenticate via a GitHub App.\", \"documentation_url\": \"https://docs.github.com/rest/reference/checks#create-a-check-run\"}\n[Build/Build and publish        ]   \u274c  Failure - Main Publish Test Results\n[Build/Build and publish        ] exitcode '1': failure\n[Build/Build and publish        ]   \u2699  ::set-output:: json=\n[Build/Build and publish        ]   \u274c  Failure - Main Publish Unit Test Results\n[Build/Build and publish        ] exitcode '1': failure\n[Build/Build and publish        ] \u2b50 Run Post Publish Unit Test Results\n[Build/Build and publish        ]   \ud83d\udc33  docker cp src=/home/andre-silva/.cache/act/EnricoMi-publish-unit-test-result-action-composite@v1/ dst=/var/run/act/actions/EnricoMi-publish-unit-test-result-action-composite@v1/\n[Build/Build and publish        ]   \ud83d\udc33  docker exec cmd=[chown -R 1012:1000 /var/run/act/actions/EnricoMi-publish-unit-test-result-action-composite@v1/] user=0 workdir=\n[Build/Build and publish        ]   \u2705  Success - Post Publish Unit Test Results\n[Build/Build and publish        ] \u2b50 Run Post Set up JDK 11\n[Build/Build and publish        ]   \ud83d\udc33  docker exec cmd=[node /var/run/act/actions/actions-setup-java@v2/dist/cleanup/index.js] user= workdir=\n[Build/Build and publish        ]   \u2705  Success - Post Set up JDK 11\n[Build/Build and publish        ] \ud83c\udfc1  Job failed\n",
        "stderr": "Error: Job 'Build and publish' failed\n",
        "workflow": "/tmp/569e0364-0b80-11ee-a890-af2cc187fc11/Swagger2Markup-swagger2markup/.github/workflows/gradle-build-crawler.yml",
        "build_tool": "gradle",
        "elapsed_time": 91.11827301979065
    }
}