{
    "repository": "sylirre/vmConsole",
    "stars": 219,
    "language": "java",
    "size": 26402,
    "clone_url": "https://github.com/sylirre/vmConsole.git",
    "timestamp": "2023-06-15T18:18:41.583702Z",
    "clone_success": true,
    "number of actions": 0,
    "number_of_test_actions": 1,
    "actions_successful": false,
    "number_of_actions": 1,
    "actions_build_tools": [
        "gradle"
    ],
    "actions_test_build_tools": [
        "gradle"
    ],
    "actions_data": {
        "failed": true,
        "tests": [],
        "stdout": "[Application/Validate Gradle wrapper] \ud83d\ude80  Start image=crawlergpt:latest\n[Application/Validate Gradle wrapper]   \ud83d\udc33  docker pull image=crawlergpt:latest platform= username= forcePull=false\n[Application/Validate Gradle wrapper]   \ud83d\udc33  docker create image=crawlergpt:latest platform= entrypoint=[\"tail\" \"-f\" \"/dev/null\"] cmd=[]\n[Application/Validate Gradle wrapper]   \ud83d\udc33  docker run image=crawlergpt:latest platform= entrypoint=[\"tail\" \"-f\" \"/dev/null\"] cmd=[]\n[Application/Validate Gradle wrapper]   \ud83d\udc33  docker exec cmd=[chown -R 1012:1000 /tmp/569e0364-0b80-11ee-a890-af2cc187fc11/sylirre-vmConsole] user=0 workdir=\n[Application/Validate Gradle wrapper]   \u2601  git clone 'https://github.com/gradle/wrapper-validation-action' # ref=v1\n[Application/Validate Gradle wrapper] \u2b50 Run Main Checkout\n[Application/Validate Gradle wrapper]   \u2705  Success - Main Checkout\n[Application/Validate Gradle wrapper] \u2b50 Run Main Validation\n[Application/Validate Gradle wrapper]   \ud83d\udc33  docker cp src=/home/andre-silva/.cache/act/gradle-wrapper-validation-action@v1/ dst=/var/run/act/actions/gradle-wrapper-validation-action@v1/\n[Application/Validate Gradle wrapper]   \ud83d\udc33  docker exec cmd=[chown -R 1012:1000 /var/run/act/actions/gradle-wrapper-validation-action@v1/] user=0 workdir=\n[Application/Validate Gradle wrapper]   \ud83d\udc33  docker exec cmd=[node /var/run/act/actions/gradle-wrapper-validation-action@v1/dist/index.js] user= workdir=\n[Application/Validate Gradle wrapper]   | \u2713 Found known Gradle Wrapper JAR files:\n[Application/Validate Gradle wrapper]   |   33ad4583fd7ee156f533778736fa1b4940bd83b433934d1cc4e9f608e99a6a89 gradle/wrapper/gradle-wrapper.jar\n[Application/Validate Gradle wrapper]   \u2705  Success - Main Validation\n[Application/Validate Gradle wrapper] \ud83c\udfc1  Job succeeded\n[Application/Run unit tests for terminal emulator] \ud83d\ude80  Start image=crawlergpt:latest\n[Application/Run unit tests for terminal emulator]   \ud83d\udc33  docker pull image=crawlergpt:latest platform= username= forcePull=false\n[Application/Run unit tests for terminal emulator]   \ud83d\udc33  docker create image=crawlergpt:latest platform= entrypoint=[\"tail\" \"-f\" \"/dev/null\"] cmd=[]\n[Application/Run unit tests for terminal emulator]   \ud83d\udc33  docker run image=crawlergpt:latest platform= entrypoint=[\"tail\" \"-f\" \"/dev/null\"] cmd=[]\n[Application/Run unit tests for terminal emulator]   \ud83d\udc33  docker exec cmd=[chown -R 1012:1000 /tmp/569e0364-0b80-11ee-a890-af2cc187fc11/sylirre-vmConsole] user=0 workdir=\n[Application/Run unit tests for terminal emulator] \u2b50 Run Main Checkout\n[Application/Run unit tests for terminal emulator]   \u2705  Success - Main Checkout\n[Application/Run unit tests for terminal emulator] \u2b50 Run Main Testing terminal emulator library\n[Application/Run unit tests for terminal emulator]   \ud83d\udc33  docker exec cmd=[bash --noprofile --norc -e -o pipefail /var/run/act/workflow/1] user= workdir=\n[Application/Run unit tests for terminal emulator]   | Downloading https://services.gradle.org/distributions/gradle-7.3.3-bin.zip\n[Application/Run unit tests for terminal emulator]   | ...........10%...........20%...........30%...........40%...........50%...........60%...........70%...........80%...........90%...........100%\n[Application/Run unit tests for terminal emulator]   | \n[Application/Run unit tests for terminal emulator]   | Welcome to Gradle 7.3.3!\n[Application/Run unit tests for terminal emulator]   | \n[Application/Run unit tests for terminal emulator]   | Here are the highlights of this release:\n[Application/Run unit tests for terminal emulator]   |  - Easily declare new test suites in Java projects\n[Application/Run unit tests for terminal emulator]   |  - Support for Java 17\n[Application/Run unit tests for terminal emulator]   |  - Support for Scala 3\n[Application/Run unit tests for terminal emulator]   | \n[Application/Run unit tests for terminal emulator]   | For more details see https://docs.gradle.org/7.3.3/release-notes.html\n[Application/Run unit tests for terminal emulator]   | \n[Application/Run unit tests for terminal emulator]   | Starting a Gradle Daemon (subsequent builds will be faster)\n[Application/Run unit tests for terminal emulator]   | \n[Application/Run unit tests for terminal emulator]   | FAILURE: Build failed with an exception.\n[Application/Run unit tests for terminal emulator]   | \n[Application/Run unit tests for terminal emulator]   | * What went wrong:\n[Application/Run unit tests for terminal emulator]   | Could not determine the dependencies of task ':app:testReleaseUnitTest'.\n[Application/Run unit tests for terminal emulator]   | > SDK location not found. Define a valid SDK location with an ANDROID_HOME environment variable or by setting the sdk.dir path in your project's local properties file at '/tmp/569e0364-0b80-11ee-a890-af2cc187fc11/sylirre-vmConsole/local.properties'.\n[Application/Run unit tests for terminal emulator]   | \n[Application/Run unit tests for terminal emulator]   | * Try:\n[Application/Run unit tests for terminal emulator]   | > Run with --stacktrace option to get the stack trace.\n[Application/Run unit tests for terminal emulator]   | > Run with --info or --debug option to get more log output.\n[Application/Run unit tests for terminal emulator]   | > Run with --scan to get full insights.\n[Application/Run unit tests for terminal emulator]   | \n[Application/Run unit tests for terminal emulator]   | * Get more help at https://help.gradle.org\n[Application/Run unit tests for terminal emulator]   | \n[Application/Run unit tests for terminal emulator]   | BUILD FAILED in 33s\n[Application/Run unit tests for terminal emulator]   \u274c  Failure - Main Testing terminal emulator library\n[Application/Run unit tests for terminal emulator] exitcode '1': failure\n[Application/Run unit tests for terminal emulator] \ud83c\udfc1  Job failed\n",
        "stderr": "Error: Job 'Run unit tests for terminal emulator' failed\n",
        "workflow": "/tmp/569e0364-0b80-11ee-a890-af2cc187fc11/sylirre-vmConsole/.github/workflows/main-crawler.yml",
        "build_tool": "gradle",
        "elapsed_time": 168.34504747390747
    }
}