{
    "repository": "tbroyer/gradle-incap-helper",
    "stars": 143,
    "language": "java",
    "size": 344,
    "clone_url": "https://github.com/tbroyer/gradle-incap-helper.git",
    "timestamp": "2023-06-15T16:58:38.854857Z",
    "clone_success": true,
    "number of actions": 0,
    "number_of_test_actions": 1,
    "actions_successful": false,
    "number_of_actions": 1,
    "actions_build_tools": [
        "gradle"
    ],
    "actions_test_build_tools": [
        "gradle"
    ],
    "actions_data": {
        "failed": true,
        "tests": [],
        "stdout": "[CI/linux] \ud83d\ude80  Start image=crawlergpt:latest\n[CI/linux]   \ud83d\udc33  docker pull image=crawlergpt:latest platform= username= forcePull=false\n[CI/linux]   \ud83d\udc33  docker create image=crawlergpt:latest platform= entrypoint=[\"tail\" \"-f\" \"/dev/null\"] cmd=[]\n[CI/linux]   \ud83d\udc33  docker run image=crawlergpt:latest platform= entrypoint=[\"tail\" \"-f\" \"/dev/null\"] cmd=[]\n[CI/linux]   \ud83d\udc33  docker exec cmd=[chown -R 1012:1000 /tmp/569e0364-0b80-11ee-a890-af2cc187fc11/tbroyer-gradle-incap-helper] user=0 workdir=\n[CI/linux]   \u2601  git clone 'https://github.com/actions/setup-java' # ref=v3\n[CI/linux] Non-terminating error while running 'git clone': some refs were not updated\n[CI/linux]   \u2601  git clone 'https://github.com/gradle/gradle-build-action' # ref=v2\n[CI/linux] Non-terminating error while running 'git clone': some refs were not updated\n[CI/linux]   \u2601  git clone 'https://github.com/actions/upload-artifact' # ref=v3\n[CI/linux] \u2b50 Run Main actions/checkout@v3\n[CI/linux]   \u2705  Success - Main actions/checkout@v3\n[CI/linux] \u2b50 Run Main actions/setup-java@v3\n[CI/linux]   \ud83d\udc33  docker cp src=/home/andre-silva/.cache/act/actions-setup-java@v3/ dst=/var/run/act/actions/actions-setup-java@v3/\n[CI/linux]   \ud83d\udc33  docker exec cmd=[chown -R 1012:1000 /var/run/act/actions/actions-setup-java@v3/] user=0 workdir=\n[CI/linux]   \ud83d\udc33  docker exec cmd=[node /var/run/act/actions/actions-setup-java@v3/dist/setup/index.js] user= workdir=\n[CI/linux]   \u2753  ::group::Installed distributions\n[CI/linux]   | Trying to resolve the latest version from remote\n[CI/linux]   | Resolved latest version as 11.0.19+7\n[CI/linux]   | Trying to download...\n[CI/linux]   | Downloading Java 11.0.19+7 (Temurin-Hotspot) from https://github.com/adoptium/temurin11-binaries/releases/download/jdk-11.0.19%2B7/OpenJDK11U-jdk_x64_linux_hotspot_11.0.19_7.tar.gz ...\n[CI/linux]   \ud83d\udcac  ::debug::Downloading https://github.com/adoptium/temurin11-binaries/releases/download/jdk-11.0.19%252B7/OpenJDK11U-jdk_x64_linux_hotspot_11.0.19_7.tar.gz\n[CI/linux]   \ud83d\udcac  ::debug::Destination /tmp/6e611026-98ed-4e82-b9b4-ac733e235500\n[CI/linux]   \ud83d\udcac  ::debug::download complete\n[CI/linux]   | Extracting Java archive...\n[CI/linux]   \ud83d\udcac  ::debug::Checking tar --version\n[CI/linux]   \ud83d\udcac  ::debug::tar (GNU tar) 1.30%0ACopyright (C) 2017 Free Software Foundation, Inc.%0ALicense GPLv3+: GNU GPL version 3 or later <https://gnu.org/licenses/gpl.html>.%0AThis is free software: you are free to change and redistribute it.%0AThere is NO WARRANTY, to the extent permitted by law.%0A%0AWritten by John Gilmore and Jay Fenlason.\n[CI/linux]   | [command]/usr/bin/tar xz --warning=no-unknown-keyword -C /tmp/3acc6e47-d4f0-4f81-b799-1b5e82f3c4a8 -f /tmp/6e611026-98ed-4e82-b9b4-ac733e235500\n[CI/linux]   \ud83d\udcac  ::debug::Caching tool Java_Temurin-Hotspot_jdk 11.0.19-7 x64\n[CI/linux]   \ud83d\udcac  ::debug::source dir: /tmp/3acc6e47-d4f0-4f81-b799-1b5e82f3c4a8/jdk-11.0.19+7\n[CI/linux]   \ud83d\udcac  ::debug::destination /opt/hostedtoolcache/Java_Temurin-Hotspot_jdk/11.0.19-7/x64\n[CI/linux]   \ud83d\udcac  ::debug::finished caching tool\n[CI/linux]   | Java 11.0.19+7 was downloaded\n[CI/linux]   | Setting Java 11.0.19+7 as the default\n[CI/linux]   | Creating toolchains.xml for JDK version 11 from temurin\n[CI/linux]   | Writing to /home/runneradmin/.m2/toolchains.xml\n[CI/linux]   | \n[CI/linux]   | Java configuration:\n[CI/linux]   |   Distribution: temurin\n[CI/linux]   |   Version: 11.0.19+7\n[CI/linux]   |   Path: /opt/hostedtoolcache/Java_Temurin-Hotspot_jdk/11.0.19-7/x64\n[CI/linux]   | \n[CI/linux]   \u2753  ::endgroup::\n[CI/linux]   \u2753 add-matcher /run/act/actions/actions-setup-java@v3/.github/java.json\n[CI/linux]   | Creating settings.xml with server-id: github\n[CI/linux]   | Writing to /home/runneradmin/.m2/settings.xml\n[CI/linux]   \u2705  Success - Main actions/setup-java@v3\n[CI/linux]   \u2699  ::set-env:: JAVA_HOME=/opt/hostedtoolcache/Java_Temurin-Hotspot_jdk/11.0.19-7/x64\n[CI/linux]   \u2699  ::set-env:: JAVA_HOME_11_X64=/opt/hostedtoolcache/Java_Temurin-Hotspot_jdk/11.0.19-7/x64\n[CI/linux]   \u2699  ::set-output:: distribution=Temurin-Hotspot\n[CI/linux]   \u2699  ::set-output:: path=/opt/hostedtoolcache/Java_Temurin-Hotspot_jdk/11.0.19-7/x64\n[CI/linux]   \u2699  ::set-output:: version=11.0.19+7\n[CI/linux]   \u2699  ::add-path:: /opt/hostedtoolcache/Java_Temurin-Hotspot_jdk/11.0.19-7/x64/bin\n[CI/linux] \u2b50 Run Main Build with Gradle\n[CI/linux]   \ud83d\udc33  docker cp src=/home/andre-silva/.cache/act/gradle-gradle-build-action@v2/ dst=/var/run/act/actions/gradle-gradle-build-action@v2/\n[CI/linux]   \ud83d\udc33  docker exec cmd=[chown -R 1012:1000 /var/run/act/actions/gradle-gradle-build-action@v2/] user=0 workdir=\n[CI/linux]   \ud83d\udc33  docker exec cmd=[node /var/run/act/actions/gradle-gradle-build-action@v2/dist/main/index.js] user= workdir=\n[CI/linux]   \ud83d\udcac  ::debug::Determined user.home from java -version output: '/home/runneradmin'\n[CI/linux]   | Cache is disabled: will not restore state from previous builds.\n[CI/linux]   | [command]/tmp/569e0364-0b80-11ee-a890-af2cc187fc11/tbroyer-gradle-incap-helper/gradlew --no-daemon :build-logic:build build --stacktrace\n[CI/linux]   | Downloading https://services.gradle.org/distributions/gradle-8.0.1-bin.zip\n[CI/linux]   | ...........10%............20%............30%............40%............50%............60%...........70%............80%............90%............100%\n[CI/linux]   | \n[CI/linux]   | Welcome to Gradle 8.0.1!\n[CI/linux]   | \n[CI/linux]   | Here are the highlights of this release:\n[CI/linux]   |  - Improvements to the Kotlin DSL\n[CI/linux]   |  - Fine-grained parallelism from the first build with configuration cache\n[CI/linux]   |  - Configurable Gradle user home cache cleanup\n[CI/linux]   | \n[CI/linux]   | For more details see https://docs.gradle.org/8.0.1/release-notes.html\n[CI/linux]   | \n[CI/linux]   | To honour the JVM settings for this build a single-use Daemon process will be forked. See https://docs.gradle.org/8.0.1/userguide/gradle_daemon.html#sec:disabling_the_daemon.\n[CI/linux]   | Daemon will be stopped at the end of the build \n[CI/linux]   | Type-safe project accessors is an incubating feature.\n[CI/linux]   | > Task :build-logic:generateExternalPluginSpecBuilders\n[CI/linux]   | > Task :build-logic:extractPrecompiledScriptPluginPlugins\n[CI/linux]   | > Task :build-logic:compilePluginsBlocks\n[CI/linux]   | > Task :build-logic:generatePrecompiledScriptPluginAccessors\n[CI/linux]   | > Task :build-logic:generateScriptPluginAdapters\n[CI/linux]   | > Task :build-logic:pluginDescriptors\n[CI/linux]   | > Task :build-logic:processResources\n[CI/linux]   | > Task :build-logic:compileKotlin\n[CI/linux]   | > Task :build-logic:compileJava NO-SOURCE\n[CI/linux]   | > Task :build-logic:classes\n[CI/linux]   | > Task :build-logic:jar\n[CI/linux]   | > Task :build-logic:inspectClassesForKotlinIC\n[CI/linux]   | > Task :build-logic:assemble\n[CI/linux]   | > Task :integTest:compileKotlin NO-SOURCE\n[CI/linux]   | > Task :integTest:compileJava NO-SOURCE\n[CI/linux]   | > Task :integTest:processResources NO-SOURCE\n[CI/linux]   | > Task :build-logic:spotlessInternalRegisterDependencies\n[CI/linux]   | > Task :integTest:classes UP-TO-DATE\n[CI/linux]   | > Task :integTest:jar\n[CI/linux]   | > Task :integTest:inspectClassesForKotlinIC\n[CI/linux]   | > Task :integTest:assemble\n[CI/linux]   | > Task :spotlessInternalRegisterDependencies\n[CI/linux]   | > Task :integTest:spotlessJava\n[CI/linux]   | > Task :integTest:spotlessJavaCheck\n[CI/linux]   | > Task :integTest:spotlessKotlin\n[CI/linux]   | > Task :integTest:spotlessKotlinCheck\n[CI/linux]   | > Task :integTest:spotlessKotlinGradle\n[CI/linux]   | > Task :integTest:spotlessKotlinGradleCheck\n[CI/linux]   | > Task :integTest:spotlessCheck\n[CI/linux]   | > Task :build-logic:spotlessKotlinGradle\n[CI/linux]   | > Task :build-logic:spotlessKotlinGradleCheck\n[CI/linux]   | > Task :build-logic:spotlessCheck\n[CI/linux]   | > Task :build-logic:compileTestKotlin NO-SOURCE\n[CI/linux]   | > Task :build-logic:compileTestJava NO-SOURCE\n[CI/linux]   | > Task :build-logic:pluginUnderTestMetadata\n[CI/linux]   | > Task :build-logic:processTestResources NO-SOURCE\n[CI/linux]   | > Task :build-logic:testClasses UP-TO-DATE\n[CI/linux]   | > Task :build-logic:test NO-SOURCE\n[CI/linux]   | > Task :build-logic:validatePlugins\n[CI/linux]   | > Task :build-logic:check\n[CI/linux]   | > Task :build-logic:build\n[CI/linux]   | > Task :integTest:processTestResources NO-SOURCE\n[CI/linux]   | > Task :lib:cleanLocalRepository UP-TO-DATE\n[CI/linux]   | > Task :integTest:compileTestKotlin\n[CI/linux]   | > Task :lib:compileJava\n[CI/linux]   | > Task :integTest:compileTestJava NO-SOURCE\n[CI/linux]   | > Task :integTest:testClasses UP-TO-DATE\n[CI/linux]   | > Task :lib:processResources NO-SOURCE\n[CI/linux]   | > Task :lib:classes\n[CI/linux]   | > Task :lib:jar\n[CI/linux]   | > Task :lib:javadoc\n[CI/linux]   | > Task :lib:javadocJar\n[CI/linux]   | > Task :lib:sourcesJar\n[CI/linux]   | > Task :lib:generateMetadataFileForLocalPublication\n[CI/linux]   | > Task :lib:generatePomFileForLocalPublication\n[CI/linux]   | > Task :lib:publishLocalPublicationToLocalRepository\n[CI/linux]   | > Task :processor:cleanLocalRepository UP-TO-DATE\n[CI/linux]   | > Task :processor:compileJava\n[CI/linux]   | > Task :processor:processResources\n[CI/linux]   | > Task :processor:classes\n[CI/linux]   | > Task :processor:jar\n[CI/linux]   | > Task :processor:javadoc\n[CI/linux]   | > Task :processor:javadocJar\n[CI/linux]   | > Task :processor:sourcesJar\n[CI/linux]   | > Task :processor:generateMetadataFileForLocalPublication\n[CI/linux]   | > Task :processor:generatePomFileForLocalPublication\n[CI/linux]   | > Task :processor:publishLocalPublicationToLocalRepository\n[CI/linux]   | The Daemon will expire after the build after running out of JVM Metaspace.\n[CI/linux]   | The project memory settings are likely not configured or are configured to an insufficient value.\n[CI/linux]   | The daemon will restart for the next build, which may increase subsequent build times.\n[CI/linux]   | These settings can be adjusted by setting 'org.gradle.jvmargs' in 'gradle.properties'.\n[CI/linux]   | The currently configured max heap space is '512 MiB' and the configured max metaspace is '256 MiB'.\n[CI/linux]   | For more information on how to set these values, visit the user guide at https://docs.gradle.org/8.0.1/userguide/build_environment.html#configuring_jvm_memory\n[CI/linux]   | To disable this warning, set 'org.gradle.daemon.performance.disable-logging=true'.\n[CI/linux]   | > Task :integTest:test\n[CI/linux]   | > Task :integTest:check\n[CI/linux]   | > Task :integTest:build\n[CI/linux]   | > Task :lib:assemble\n[CI/linux]   | > Task :spotlessInternalRegisterDependencies799853945\n[CI/linux]   | > Task :lib:spotlessJava\n[CI/linux]   | > Task :lib:spotlessJavaCheck\n[CI/linux]   | > Task :lib:spotlessKotlinGradle\n[CI/linux]   | > Task :lib:spotlessKotlinGradleCheck\n[CI/linux]   | > Task :lib:spotlessCheck\n[CI/linux]   | > Task :lib:compileTestJava NO-SOURCE\n[CI/linux]   | > Task :lib:processTestResources NO-SOURCE\n[CI/linux]   | > Task :lib:testClasses UP-TO-DATE\n[CI/linux]   | > Task :lib:test NO-SOURCE\n[CI/linux]   | > Task :lib:check\n[CI/linux]   | > Task :lib:build\n[CI/linux]   | > Task :processor:assemble\n[CI/linux]   | > Task :processor:spotlessJava\n[CI/linux]   | > Task :processor:spotlessJavaCheck\n[CI/linux]   | > Task :processor:spotlessKotlinGradle\n[CI/linux]   | > Task :processor:spotlessKotlinGradleCheck\n[CI/linux]   | > Task :processor:spotlessCheck\n[CI/linux]   | \n[CI/linux]   | > Task :processor:compileTestJava FAILED\n[CI/linux]   | compiler message file broken: key=compiler.misc.msg.bug arguments=11.0.19, {1}, {2}, {3}, {4}, {5}, {6}, {7}\n[CI/linux]   | java.lang.OutOfMemoryError: Metaspace\n[CI/linux]   | \tat java.base/java.lang.ClassLoader.defineClass1(Native Method)\n[CI/linux]   | \tat java.base/java.lang.ClassLoader.defineClass(ClassLoader.java:1017)\n[CI/linux]   | \tat java.base/java.security.SecureClassLoader.defineClass(SecureClassLoader.java:174)\n[CI/linux]   | \tat java.base/java.net.URLClassLoader.defineClass(URLClassLoader.java:555)\n[CI/linux]   | \tat java.base/java.net.URLClassLoader$1.run(URLClassLoader.java:458)\n[CI/linux]   | \tat java.base/java.net.URLClassLoader$1.run(URLClassLoader.java:452)\n[CI/linux]   | \tat java.base/java.security.AccessController.doPrivileged(Native Method)\n[CI/linux]   | \tat java.base/java.net.URLClassLoader.findClass(URLClassLoader.java:451)\n[CI/linux]   | \tat java.base/java.lang.ClassLoader.loadClass(ClassLoader.java:589)\n[CI/linux]   | \tat java.base/java.lang.ClassLoader.loadClass(ClassLoader.java:522)\n[CI/linux]   | \tat com.google.common.collect.Lists.transform(Lists.java:535)\n[CI/linux]   | \tat com.google.common.collect.SortedLists.binarySearch(SortedLists.java:244)\n[CI/linux]   | \tat com.google.common.collect.ImmutableRangeSet.encloses(ImmutableRangeSet.java:180)\n[CI/linux]   | \tat com.google.errorprone.bugpatterns.UnicodeInCode.matchCompilationUnit(UnicodeInCode.java:67)\n[CI/linux]   | \tat com.google.errorprone.scanner.ErrorProneScanner$$Lambda$4366/0x0000000102138440.process(Unknown Source)\n[CI/linux]   | \tat com.google.errorprone.scanner.ErrorProneScanner.processMatchers(ErrorProneScanner.java:449)\n[CI/linux]   | \tat com.google.errorprone.scanner.ErrorProneScanner.visitCompilationUnit(ErrorProneScanner.java:555)\n[CI/linux]   | \tat com.google.errorprone.scanner.ErrorProneScanner.visitCompilationUnit(ErrorProneScanner.java:150)\n[CI/linux]   | \tat jdk.compiler/com.sun.tools.javac.tree.JCTree$JCCompilationUnit.accept(JCTree.java:591)\n[CI/linux]   | \tat jdk.compiler/com.sun.source.util.TreePathScanner.scan(TreePathScanner.java:56)\n[CI/linux]   | \tat com.google.errorprone.scanner.Scanner.scan(Scanner.java:58)\n[CI/linux]   | \tat com.google.errorprone.scanner.ErrorProneScannerTransformer.apply(ErrorProneScannerTransformer.java:43)\n[CI/linux]   | \tat com.google.errorprone.ErrorProneAnalyzer.finished(ErrorProneAnalyzer.java:156)\n[CI/linux]   | \tat jdk.compiler/com.sun.tools.javac.api.MultiTaskListener.finished(MultiTaskListener.java:132)\n[CI/linux]   | \tat jdk.compiler/com.sun.tools.javac.main.JavaCompiler.flow(JavaCompiler.java:1414)\n[CI/linux]   | \tat jdk.compiler/com.sun.tools.javac.main.JavaCompiler.flow(JavaCompiler.java:1361)\n[CI/linux]   | \tat jdk.compiler/com.sun.tools.javac.main.JavaCompiler.compile(JavaCompiler.java:960)\n[CI/linux]   | \tat jdk.compiler/com.sun.tools.javac.api.JavacTaskImpl.lambda$doCall$0(JavacTaskImpl.java:104)\n[CI/linux]   | \tat jdk.compiler/com.sun.tools.javac.api.JavacTaskImpl$$Lambda$1155/0x0000000100fa8040.call(Unknown Source)\n[CI/linux]   | \tat jdk.compiler/com.sun.tools.javac.api.JavacTaskImpl.handleExceptions(JavacTaskImpl.java:147)\n[CI/linux]   | \tat jdk.compiler/com.sun.tools.javac.api.JavacTaskImpl.doCall(JavacTaskImpl.java:100)\n[CI/linux]   | \tat jdk.compiler/com.sun.tools.javac.api.JavacTaskImpl.call(JavacTaskImpl.java:94)\n[CI/linux]   | \n[CI/linux]   | FAILURE: Build failed with an exception.\n[CI/linux]   | \n[CI/linux]   | * What went wrong:\n[CI/linux]   | Execution failed for task ':processor:compileTestJava'.\n[CI/linux]   | > Compilation failed; see the compiler error output for details.\n[CI/linux]   | \n[CI/linux]   | * Try:\n[CI/linux]   | > Run with --info or --debug option to get more log output.\n[CI/linux]   | > Run with --scan to get full insights.\n[CI/linux]   | \n[CI/linux]   | * Exception is:\n[CI/linux]   | org.gradle.api.tasks.TaskExecutionException: Execution failed for task ':processor:compileTestJava'.\n[CI/linux]   | \tat org.gradle.api.internal.tasks.execution.ExecuteActionsTaskExecuter.lambda$executeIfValid$1(ExecuteActionsTaskExecuter.java:149)\n[CI/linux]   | \tat org.gradle.internal.Try$Failure.ifSuccessfulOrElse(Try.java:282)\n[CI/linux]   | \tat org.gradle.api.internal.tasks.execution.ExecuteActionsTaskExecuter.executeIfValid(ExecuteActionsTaskExecuter.java:147)\n[CI/linux]   | \tat org.gradle.api.internal.tasks.execution.ExecuteActionsTaskExecuter.execute(ExecuteActionsTaskExecuter.java:135)\n[CI/linux]   | \tat org.gradle.api.internal.tasks.execution.FinalizePropertiesTaskExecuter.execute(FinalizePropertiesTaskExecuter.java:46)\n[CI/linux]   | \tat org.gradle.api.internal.tasks.execution.ResolveTaskExecutionModeExecuter.execute(ResolveTaskExecutionModeExecuter.java:51)\n[CI/linux]   | \tat org.gradle.api.internal.tasks.execution.SkipTaskWithNoActionsExecuter.execute(SkipTaskWithNoActionsExecuter.java:57)\n[CI/linux]   | \tat org.gradle.api.internal.tasks.execution.SkipOnlyIfTaskExecuter.execute(SkipOnlyIfTaskExecuter.java:74)\n[CI/linux]   | \tat org.gradle.api.internal.tasks.execution.CatchExceptionTaskExecuter.execute(CatchExceptionTaskExecuter.java:36)\n[CI/linux]   | \tat org.gradle.api.internal.tasks.execution.EventFiringTaskExecuter$1.executeTask(EventFiringTaskExecuter.java:77)\n[CI/linux]   | \tat org.gradle.api.internal.tasks.execution.EventFiringTaskExecuter$1.call(EventFiringTaskExecuter.java:55)\n[CI/linux]   | \tat org.gradle.api.internal.tasks.execution.EventFiringTaskExecuter$1.call(EventFiringTaskExecuter.java:52)\n[CI/linux]   | \tat org.gradle.internal.operations.DefaultBuildOperationRunner$CallableBuildOperationWorker.execute(DefaultBuildOperationRunner.java:204)\n[CI/linux]   | \tat org.gradle.internal.operations.DefaultBuildOperationRunner$CallableBuildOperationWorker.execute(DefaultBuildOperationRunner.java:199)\n[CI/linux]   | \tat org.gradle.internal.operations.DefaultBuildOperationRunner$2.execute(DefaultBuildOperationRunner.java:66)\n[CI/linux]   | \tat org.gradle.internal.operations.DefaultBuildOperationRunner$2.execute(DefaultBuildOperationRunner.java:59)\n[CI/linux]   | \tat org.gradle.internal.operations.DefaultBuildOperationRunner.execute(DefaultBuildOperationRunner.java:157)\n[CI/linux]   | \tat org.gradle.internal.operations.DefaultBuildOperationRunner.execute(DefaultBuildOperationRunner.java:59)\n[CI/linux]   | \tat org.gradle.internal.operations.DefaultBuildOperationRunner.call(DefaultBuildOperationRunner.java:53)\n[CI/linux]   | \tat org.gradle.internal.operations.DefaultBuildOperationExecutor.call(DefaultBuildOperationExecutor.java:73)\n[CI/linux]   | \tat org.gradle.api.internal.tasks.execution.EventFiringTaskExecuter.execute(EventFiringTaskExecuter.java:52)\n[CI/linux]   | \tat org.gradle.execution.plan.LocalTaskNodeExecutor.execute(LocalTaskNodeExecutor.java:42)\n[CI/linux]   | \tat org.gradle.execution.taskgraph.DefaultTaskExecutionGraph$InvokeNodeExecutorsAction.execute(DefaultTaskExecutionGraph.java:338)\n[CI/linux]   | \tat org.gradle.execution.taskgraph.DefaultTaskExecutionGraph$InvokeNodeExecutorsAction.execute(DefaultTaskExecutionGraph.java:325)\n[CI/linux]   | \tat org.gradle.execution.taskgraph.DefaultTaskExecutionGraph$BuildOperationAwareExecutionAction.execute(DefaultTaskExecutionGraph.java:318)\n[CI/linux]   | \tat org.gradle.execution.taskgraph.DefaultTaskExecutionGraph$BuildOperationAwareExecutionAction.execute(DefaultTaskExecutionGraph.java:304)\n[CI/linux]   | \tat org.gradle.execution.plan.DefaultPlanExecutor$ExecutorWorker.execute(DefaultPlanExecutor.java:463)\n[CI/linux]   | \tat org.gradle.execution.plan.DefaultPlanExecutor$ExecutorWorker.run(DefaultPlanExecutor.java:380)\n[CI/linux]   | \tat org.gradle.internal.concurrent.ExecutorPolicy$CatchAndRecordFailures.onExecute(ExecutorPolicy.java:64)\n[CI/linux]   | \tat org.gradle.internal.concurrent.ManagedExecutorImpl$1.run(ManagedExecutorImpl.java:49)\n[CI/linux]   | Caused by: org.gradle.api.internal.tasks.compile.CompilationFailedException: Compilation failed; see the compiler error output for details.\n[CI/linux]   | \tat org.gradle.api.internal.tasks.compile.JdkJavaCompiler.execute(JdkJavaCompiler.java:58)\n[CI/linux]   | \tat org.gradle.api.internal.tasks.compile.JdkJavaCompiler.execute(JdkJavaCompiler.java:41)\n[CI/linux]   | \tat org.gradle.api.internal.tasks.compile.NormalizingJavaCompiler.delegateAndHandleErrors(NormalizingJavaCompiler.java:98)\n[CI/linux]   | \tat org.gradle.api.internal.tasks.compile.NormalizingJavaCompiler.execute(NormalizingJavaCompiler.java:52)\n[CI/linux]   | \tat org.gradle.api.internal.tasks.compile.NormalizingJavaCompiler.execute(NormalizingJavaCompiler.java:38)\n[CI/linux]   | \tat org.gradle.api.internal.tasks.compile.AnnotationProcessorDiscoveringCompiler.execute(AnnotationProcessorDiscoveringCompiler.java:51)\n[CI/linux]   | \tat org.gradle.api.internal.tasks.compile.AnnotationProcessorDiscoveringCompiler.execute(AnnotationProcessorDiscoveringCompiler.java:37)\n[CI/linux]   | \tat org.gradle.api.internal.tasks.compile.ModuleApplicationNameWritingCompiler.execute(ModuleApplicationNameWritingCompiler.java:46)\n[CI/linux]   | \tat org.gradle.api.internal.tasks.compile.ModuleApplicationNameWritingCompiler.execute(ModuleApplicationNameWritingCompiler.java:36)\n[CI/linux]   | \tat org.gradle.jvm.toolchain.internal.DefaultToolchainJavaCompiler.execute(DefaultToolchainJavaCompiler.java:57)\n[CI/linux]   | \tat org.gradle.api.tasks.compile.JavaCompile.lambda$createToolchainCompiler$3(JavaCompile.java:203)\n[CI/linux]   | \tat org.gradle.api.internal.tasks.compile.CleaningJavaCompiler.execute(CleaningJavaCompiler.java:53)\n[CI/linux]   | \tat org.gradle.api.internal.tasks.compile.incremental.IncrementalCompilerFactory.lambda$createRebuildAllCompiler$0(IncrementalCompilerFactory.java:52)\n[CI/linux]   | \tat org.gradle.api.internal.tasks.compile.incremental.SelectiveCompiler.execute(SelectiveCompiler.java:70)\n[CI/linux]   | \tat org.gradle.api.internal.tasks.compile.incremental.SelectiveCompiler.execute(SelectiveCompiler.java:44)\n[CI/linux]   | \tat org.gradle.api.internal.tasks.compile.incremental.IncrementalResultStoringCompiler.execute(IncrementalResultStoringCompiler.java:66)\n[CI/linux]   | \tat org.gradle.api.internal.tasks.compile.incremental.IncrementalResultStoringCompiler.execute(IncrementalResultStoringCompiler.java:52)\n[CI/linux]   | \tat org.gradle.api.internal.tasks.compile.CompileJavaBuildOperationReportingCompiler$2.call(CompileJavaBuildOperationReportingCompiler.java:59)\n[CI/linux]   | \tat org.gradle.api.internal.tasks.compile.CompileJavaBuildOperationReportingCompiler$2.call(CompileJavaBuildOperationReportingCompiler.java:51)\n[CI/linux]   | \tat org.gradle.internal.operations.DefaultBuildOperationRunner$CallableBuildOperationWorker.execute(DefaultBuildOperationRunner.java:204)\n[CI/linux]   | \tat org.gradle.internal.operations.DefaultBuildOperationRunner$CallableBuildOperationWorker.execute(DefaultBuildOperationRunner.java:199)\n[CI/linux]   | \tat org.gradle.internal.operations.DefaultBuildOperationRunner$2.execute(DefaultBuildOperationRunner.java:66)\n[CI/linux]   | \tat org.gradle.internal.operations.DefaultBuildOperationRunner$2.execute(DefaultBuildOperationRunner.java:59)\n[CI/linux]   | \tat org.gradle.internal.operations.DefaultBuildOperationRunner.execute(DefaultBuildOperationRunner.java:157)\n[CI/linux]   | \tat org.gradle.internal.operations.DefaultBuildOperationRunner.execute(DefaultBuildOperationRunner.java:59)\n[CI/linux]   | \tat org.gradle.internal.operations.DefaultBuildOperationRunner.call(DefaultBuildOperationRunner.java:53)\n[CI/linux]   | \tat org.gradle.internal.operations.DefaultBuildOperationExecutor.call(DefaultBuildOperationExecutor.java:73)\n[CI/linux]   | \tat org.gradle.api.internal.tasks.compile.CompileJavaBuildOperationReportingCompiler.execute(CompileJavaBuildOperationReportingCompiler.java:51)\n[CI/linux]   | \tat org.gradle.api.tasks.compile.JavaCompile.performCompilation(JavaCompile.java:221)\n[CI/linux]   | \tat org.gradle.api.tasks.compile.JavaCompile.performIncrementalCompilation(JavaCompile.java:162)\n[CI/linux]   | \tat org.gradle.api.tasks.compile.JavaCompile.compile(JavaCompile.java:147)\n[CI/linux]   | \tat java.base/jdk.internal.reflect.NativeMethodAccessorImpl.invoke0(Native Method)\n[CI/linux]   | \tat java.base/jdk.internal.reflect.NativeMethodAccessorImpl.invoke(NativeMethodAccessorImpl.java:62)\n[CI/linux]   | \tat java.base/jdk.internal.reflect.DelegatingMethodAccessorImpl.invoke(DelegatingMethodAccessorImpl.java:43)\n[CI/linux]   | \tat org.gradle.internal.reflect.JavaMethod.invoke(JavaMethod.java:125)\n[CI/linux]   | \tat org.gradle.api.internal.project.taskfactory.IncrementalTaskAction.doExecute(IncrementalTaskAction.java:45)\n[CI/linux]   | \tat org.gradle.api.internal.project.taskfactory.StandardTaskAction.execute(StandardTaskAction.java:51)\n[CI/linux]   | \tat org.gradle.api.internal.project.taskfactory.IncrementalTaskAction.execute(IncrementalTaskAction.java:26)\n[CI/linux]   | \tat org.gradle.api.internal.project.taskfactory.StandardTaskAction.execute(StandardTaskAction.java:29)\n[CI/linux]   | \tat org.gradle.api.internal.tasks.execution.TaskExecution$3.run(TaskExecution.java:242)\n[CI/linux]   | \tat org.gradle.internal.operations.DefaultBuildOperationRunner$1.execute(DefaultBuildOperationRunner.java:29)\n[CI/linux]   | \tat org.gradle.internal.operations.DefaultBuildOperationRunner$1.execute(DefaultBuildOperationRunner.java:26)\n[CI/linux]   | \tat org.gradle.internal.operations.DefaultBuildOperationRunner$2.execute(DefaultBuildOperationRunner.java:66)\n[CI/linux]   | \tat org.gradle.internal.operations.DefaultBuildOperationRunner$2.execute(DefaultBuildOperationRunner.java:59)\n[CI/linux]   | \tat org.gradle.internal.operations.DefaultBuildOperationRunner.execute(DefaultBuildOperationRunner.java:157)\n[CI/linux]   | \tat org.gradle.internal.operations.DefaultBuildOperationRunner.execute(DefaultBuildOperationRunner.java:59)\n[CI/linux]   | \tat org.gradle.internal.operations.DefaultBuildOperationRunner.run(DefaultBuildOperationRunner.java:47)\n[CI/linux]   | \tat org.gradle.internal.operations.DefaultBuildOperationExecutor.run(DefaultBuildOperationExecutor.java:68)\n[CI/linux]   | \tat org.gradle.api.internal.tasks.execution.TaskExecution.executeAction(TaskExecution.java:227)\n[CI/linux]   | \tat org.gradle.api.internal.tasks.execution.TaskExecution.executeActions(TaskExecution.java:210)\n[CI/linux]   | \tat org.gradle.api.internal.tasks.execution.TaskExecution.executeWithPreviousOutputFiles(TaskExecution.java:193)\n[CI/linux]   | \tat org.gradle.api.internal.tasks.execution.TaskExecution.execute(TaskExecution.java:166)\n[CI/linux]   | \tat org.gradle.internal.execution.steps.ExecuteStep.executeInternal(ExecuteStep.java:93)\n[CI/linux]   | \tat org.gradle.internal.execution.steps.ExecuteStep.access$000(ExecuteStep.java:44)\n[CI/linux]   | \tat org.gradle.internal.execution.steps.ExecuteStep$1.call(ExecuteStep.java:57)\n[CI/linux]   | \tat org.gradle.internal.execution.steps.ExecuteStep$1.call(ExecuteStep.java:54)\n[CI/linux]   | \tat org.gradle.internal.operations.DefaultBuildOperationRunner$CallableBuildOperationWorker.execute(DefaultBuildOperationRunner.java:204)\n[CI/linux]   | \tat org.gradle.internal.operations.DefaultBuildOperationRunner$CallableBuildOperationWorker.execute(DefaultBuildOperationRunner.java:199)\n[CI/linux]   | \tat org.gradle.internal.operations.DefaultBuildOperationRunner$2.execute(DefaultBuildOperationRunner.java:66)\n[CI/linux]   | \tat org.gradle.internal.operations.DefaultBuildOperationRunner$2.execute(DefaultBuildOperationRunner.java:59)\n[CI/linux]   | \tat org.gradle.internal.operations.DefaultBuildOperationRunner.execute(DefaultBuildOperationRunner.java:157)\n[CI/linux]   | \tat org.gradle.internal.operations.DefaultBuildOperationRunner.execute(DefaultBuildOperationRunner.java:59)\n[CI/linux]   | \tat org.gradle.internal.operations.DefaultBuildOperationRunner.call(DefaultBuildOperationRunner.java:53)\n[CI/linux]   | \tat org.gradle.internal.operations.DefaultBuildOperationExecutor.call(DefaultBuildOperationExecutor.java:73)\n[CI/linux]   | \tat org.gradle.internal.execution.steps.ExecuteStep.execute(ExecuteStep.java:54)\n[CI/linux]   | \tat org.gradle.internal.execution.steps.ExecuteStep.execute(ExecuteStep.java:44)\n[CI/linux]   | \tat org.gradle.internal.execution.steps.RemovePreviousOutputsStep.execute(RemovePreviousOutputsStep.java:67)\n[CI/linux]   | \tat org.gradle.internal.execution.steps.RemovePreviousOutputsStep.execute(RemovePreviousOutputsStep.java:37)\n[CI/linux]   | \tat org.gradle.internal.execution.steps.CancelExecutionStep.execute(CancelExecutionStep.java:41)\n[CI/linux]   | \tat org.gradle.internal.execution.steps.TimeoutStep.executeWithoutTimeout(TimeoutStep.java:74)\n[CI/linux]   | \tat org.gradle.internal.execution.steps.TimeoutStep.execute(TimeoutStep.java:55)\n[CI/linux]   | \tat org.gradle.internal.execution.steps.CreateOutputsStep.execute(CreateOutputsStep.java:50)\n[CI/linux]   | \tat org.gradle.internal.execution.steps.CreateOutputsStep.execute(CreateOutputsStep.java:28)\n[CI/linux]   | \tat org.gradle.internal.execution.steps.CaptureStateAfterExecutionStep.executeDelegateBroadcastingChanges(CaptureStateAfterExecutionStep.java:100)\n[CI/linux]   | \tat org.gradle.internal.execution.steps.CaptureStateAfterExecutionStep.execute(CaptureStateAfterExecutionStep.java:72)\n[CI/linux]   | \tat org.gradle.internal.execution.steps.CaptureStateAfterExecutionStep.execute(CaptureStateAfterExecutionStep.java:50)\n[CI/linux]   | \tat org.gradle.internal.execution.steps.ResolveInputChangesStep.execute(ResolveInputChangesStep.java:40)\n[CI/linux]   | \tat org.gradle.internal.execution.steps.ResolveInputChangesStep.execute(ResolveInputChangesStep.java:29)\n[CI/linux]   | \tat org.gradle.internal.execution.steps.BuildCacheStep.executeWithoutCache(BuildCacheStep.java:166)\n[CI/linux]   | \tat org.gradle.internal.execution.steps.BuildCacheStep.lambda$execute$1(BuildCacheStep.java:70)\n[CI/linux]   | \tat org.gradle.internal.Either$Right.fold(Either.java:175)\n[CI/linux]   | \tat org.gradle.internal.execution.caching.CachingState.fold(CachingState.java:59)\n[CI/linux]   | \tat org.gradle.internal.execution.steps.BuildCacheStep.execute(BuildCacheStep.java:68)\n[CI/linux]   | \tat org.gradle.internal.execution.steps.BuildCacheStep.execute(BuildCacheStep.java:46)\n[CI/linux]   | \tat org.gradle.internal.execution.steps.StoreExecutionStateStep.execute(StoreExecutionStateStep.java:36)\n[CI/linux]   | \tat org.gradle.internal.execution.steps.StoreExecutionStateStep.execute(StoreExecutionStateStep.java:25)\n[CI/linux]   | \tat org.gradle.internal.execution.steps.RecordOutputsStep.execute(RecordOutputsStep.java:36)\n[CI/linux]   | \tat org.gradle.internal.execution.steps.RecordOutputsStep.execute(RecordOutputsStep.java:22)\n[CI/linux]   | \tat org.gradle.internal.execution.steps.SkipUpToDateStep.executeBecause(SkipUpToDateStep.java:91)\n[CI/linux]   | \tat org.gradle.internal.execution.steps.SkipUpToDateStep.lambda$execute$2(SkipUpToDateStep.java:55)\n[CI/linux]   | \tat org.gradle.internal.execution.steps.SkipUpToDateStep.execute(SkipUpToDateStep.java:55)\n[CI/linux]   | \tat org.gradle.internal.execution.steps.SkipUpToDateStep.execute(SkipUpToDateStep.java:37)\n[CI/linux]   | \tat org.gradle.internal.execution.steps.ResolveChangesStep.execute(ResolveChangesStep.java:65)\n[CI/linux]   | \tat org.gradle.internal.execution.steps.ResolveChangesStep.execute(ResolveChangesStep.java:36)\n[CI/linux]   | \tat org.gradle.internal.execution.steps.legacy.MarkSnapshottingInputsFinishedStep.execute(MarkSnapshottingInputsFinishedStep.java:37)\n[CI/linux]   | \tat org.gradle.internal.execution.steps.legacy.MarkSnapshottingInputsFinishedStep.execute(MarkSnapshottingInputsFinishedStep.java:27)\n[CI/linux]   | \tat org.gradle.internal.execution.steps.ResolveCachingStateStep.execute(ResolveCachingStateStep.java:76)\n[CI/linux]   | \tat org.gradle.internal.execution.steps.ResolveCachingStateStep.execute(ResolveCachingStateStep.java:37)\n[CI/linux]   | \tat org.gradle.internal.execution.steps.ValidateStep.execute(ValidateStep.java:94)\n[CI/linux]   | \tat org.gradle.internal.execution.steps.ValidateStep.execute(ValidateStep.java:49)\n[CI/linux]   | \tat org.gradle.internal.execution.steps.CaptureStateBeforeExecutionStep.execute(CaptureStateBeforeExecutionStep.java:71)\n[CI/linux]   | \tat org.gradle.internal.execution.steps.CaptureStateBeforeExecutionStep.execute(CaptureStateBeforeExecutionStep.java:45)\n[CI/linux]   | \tat org.gradle.internal.execution.steps.SkipEmptyWorkStep.executeWithNonEmptySources(SkipEmptyWorkStep.java:177)\n[CI/linux]   | \tat org.gradle.internal.execution.steps.SkipEmptyWorkStep.execute(SkipEmptyWorkStep.java:86)\n[CI/linux]   | \tat org.gradle.internal.execution.steps.SkipEmptyWorkStep.execute(SkipEmptyWorkStep.java:53)\n[CI/linux]   | \tat org.gradle.internal.execution.steps.RemoveUntrackedExecutionStateStep.execute(RemoveUntrackedExecutionStateStep.java:32)\n[CI/linux]   | \tat org.gradle.internal.execution.steps.RemoveUntrackedExecutionStateStep.execute(RemoveUntrackedExecutionStateStep.java:21)\n[CI/linux]   | \tat org.gradle.internal.execution.steps.legacy.MarkSnapshottingInputsStartedStep.execute(MarkSnapshottingInputsStartedStep.java:38)\n[CI/linux]   | \tat org.gradle.internal.execution.steps.LoadPreviousExecutionStateStep.execute(LoadPreviousExecutionStateStep.java:36)\n[CI/linux]   | \tat org.gradle.internal.execution.steps.LoadPreviousExecutionStateStep.execute(LoadPreviousExecutionStateStep.java:23)\n[CI/linux]   | \tat org.gradle.internal.execution.steps.CleanupStaleOutputsStep.execute(CleanupStaleOutputsStep.java:75)\n[CI/linux]   | \tat org.gradle.internal.execution.steps.CleanupStaleOutputsStep.execute(CleanupStaleOutputsStep.java:41)\n[CI/linux]   | \tat org.gradle.internal.execution.steps.AssignWorkspaceStep.lambda$execute$0(AssignWorkspaceStep.java:32)\n[CI/linux]   | \tat org.gradle.api.internal.tasks.execution.TaskExecution$4.withWorkspace(TaskExecution.java:287)\n[CI/linux]   | \tat org.gradle.internal.execution.steps.AssignWorkspaceStep.execute(AssignWorkspaceStep.java:30)\n[CI/linux]   | \tat org.gradle.internal.execution.steps.AssignWorkspaceStep.execute(AssignWorkspaceStep.java:21)\n[CI/linux]   | \tat org.gradle.internal.execution.steps.IdentityCacheStep.execute(IdentityCacheStep.java:37)\n[CI/linux]   | \tat org.gradle.internal.execution.steps.IdentityCacheStep.execute(IdentityCacheStep.java:27)\n[CI/linux]   | \tat org.gradle.internal.execution.steps.IdentifyStep.execute(IdentifyStep.java:42)\n[CI/linux]   | \tat org.gradle.internal.execution.steps.IdentifyStep.execute(IdentifyStep.java:31)\n[CI/linux]   | \tat org.gradle.internal.execution.impl.DefaultExecutionEngine$1.execute(DefaultExecutionEngine.java:64)\n[CI/linux]   | \tat org.gradle.api.internal.tasks.execution.ExecuteActionsTaskExecuter.executeIfValid(ExecuteActionsTaskExecuter.java:146)\n[CI/linux]   | \tat org.gradle.api.internal.tasks.execution.ExecuteActionsTaskExecuter.execute(ExecuteActionsTaskExecuter.java:135)\n[CI/linux]   | \tat org.gradle.api.internal.tasks.execution.FinalizePropertiesTaskExecuter.execute(FinalizePropertiesTaskExecuter.java:46)\n[CI/linux]   | \tat org.gradle.api.internal.tasks.execution.ResolveTaskExecutionModeExecuter.execute(ResolveTaskExecutionModeExecuter.java:51)\n[CI/linux]   | \tat org.gradle.api.internal.tasks.execution.SkipTaskWithNoActionsExecuter.execute(SkipTaskWithNoActionsExecuter.java:57)\n[CI/linux]   | \tat org.gradle.api.internal.tasks.execution.SkipOnlyIfTaskExecuter.execute(SkipOnlyIfTaskExecuter.java:74)\n[CI/linux]   | \tat org.gradle.api.internal.tasks.execution.CatchExceptionTaskExecuter.execute(CatchExceptionTaskExecuter.java:36)\n[CI/linux]   | \tat org.gradle.api.internal.tasks.execution.EventFiringTaskExecuter$1.executeTask(EventFiringTaskExecuter.java:77)\n[CI/linux]   | \tat org.gradle.api.internal.tasks.execution.EventFiringTaskExecuter$1.call(EventFiringTaskExecuter.java:55)\n[CI/linux]   | \tat org.gradle.api.internal.tasks.execution.EventFiringTaskExecuter$1.call(EventFiringTaskExecuter.java:52)\n[CI/linux]   | \tat org.gradle.internal.operations.DefaultBuildOperationRunner$CallableBuildOperationWorker.execute(DefaultBuildOperationRunner.java:204)\n[CI/linux]   | \tat org.gradle.internal.operations.DefaultBuildOperationRunner$CallableBuildOperationWorker.execute(DefaultBuildOperationRunner.java:199)\n[CI/linux]   | \tat org.gradle.internal.operations.DefaultBuildOperationRunner$2.execute(DefaultBuildOperationRunner.java:66)\n[CI/linux]   | \tat org.gradle.internal.operations.DefaultBuildOperationRunner$2.execute(DefaultBuildOperationRunner.java:59)\n[CI/linux]   | \tat org.gradle.internal.operations.DefaultBuildOperationRunner.execute(DefaultBuildOperationRunner.java:157)\n[CI/linux]   | \tat org.gradle.internal.operations.DefaultBuildOperationRunner.execute(DefaultBuildOperationRunner.java:59)\n[CI/linux]   | \tat org.gradle.internal.operations.DefaultBuildOperationRunner.call(DefaultBuildOperationRunner.java:53)\n[CI/linux]   | \tat org.gradle.internal.operations.DefaultBuildOperationExecutor.call(DefaultBuildOperationExecutor.java:73)\n[CI/linux]   | \tat org.gradle.api.internal.tasks.execution.EventFiringTaskExecuter.execute(EventFiringTaskExecuter.java:52)\n[CI/linux]   | \tat org.gradle.execution.plan.LocalTaskNodeExecutor.execute(LocalTaskNodeExecutor.java:42)\n[CI/linux]   | \tat org.gradle.execution.taskgraph.DefaultTaskExecutionGraph$InvokeNodeExecutorsAction.execute(DefaultTaskExecutionGraph.java:338)\n[CI/linux]   | \tat org.gradle.execution.taskgraph.DefaultTaskExecutionGraph$InvokeNodeExecutorsAction.execute(DefaultTaskExecutionGraph.java:325)\n[CI/linux]   | \tat org.gradle.execution.taskgraph.DefaultTaskExecutionGraph$BuildOperationAwareExecutionAction.execute(DefaultTaskExecutionGraph.java:318)\n[CI/linux]   | \tat org.gradle.execution.taskgraph.DefaultTaskExecutionGraph$BuildOperationAwareExecutionAction.execute(DefaultTaskExecutionGraph.java:304)\n[CI/linux]   | \tat org.gradle.execution.plan.DefaultPlanExecutor$ExecutorWorker.execute(DefaultPlanExecutor.java:463)\n[CI/linux]   | \tat org.gradle.execution.plan.DefaultPlanExecutor$ExecutorWorker.run(DefaultPlanExecutor.java:380)\n[CI/linux]   | \tat org.gradle.internal.concurrent.ExecutorPolicy$CatchAndRecordFailures.onExecute(ExecutorPolicy.java:64)\n[CI/linux]   | \tat org.gradle.internal.concurrent.ManagedExecutorImpl$1.run(ManagedExecutorImpl.java:49)\n[CI/linux]   | \n[CI/linux]   | \n[CI/linux]   | * Get more help at https://help.gradle.org\n[CI/linux]   | \n[CI/linux]   | BUILD FAILED in 3m 16s\n[CI/linux]   | 55 actionable tasks: 53 executed, 2 up-to-date\n[CI/linux]   \u2757  ::error::Gradle build failed: see console output for details\n[CI/linux]   \u274c  Failure - Main Build with Gradle\n[CI/linux]   \u2699  ::set-env:: GRADLE_BUILD_ACTION_SETUP_COMPLETED=true\n[CI/linux]   \u2699  ::set-env:: GRADLE_BUILD_ACTION_CACHE_RESTORED=true\n[CI/linux] exitcode '1': failure\n[CI/linux] \u2b50 Run Main Store reports\n[CI/linux]   \ud83d\udc33  docker cp src=/home/andre-silva/.cache/act/actions-upload-artifact@v3/ dst=/var/run/act/actions/actions-upload-artifact@v3/\n[CI/linux]   \ud83d\udc33  docker exec cmd=[chown -R 1012:1000 /var/run/act/actions/actions-upload-artifact@v3/] user=0 workdir=\n[CI/linux]   \ud83d\udc33  docker exec cmd=[node /var/run/act/actions/actions-upload-artifact@v3/dist/index.js] user= workdir=\n[CI/linux]   \ud83d\udcac  ::debug::followSymbolicLinks 'true'\n[CI/linux]   \ud83d\udcac  ::debug::implicitDescendants 'true'\n[CI/linux]   \ud83d\udcac  ::debug::omitBrokenSymbolicLinks 'true'\n[CI/linux]   \ud83d\udcac  ::debug::followSymbolicLinks 'true'\n[CI/linux]   \ud83d\udcac  ::debug::implicitDescendants 'true'\n[CI/linux]   \ud83d\udcac  ::debug::matchDirectories 'true'\n[CI/linux]   \ud83d\udcac  ::debug::omitBrokenSymbolicLinks 'true'\n[CI/linux]   \ud83d\udcac  ::debug::Search path '/tmp/569e0364-0b80-11ee-a890-af2cc187fc11/tbroyer-gradle-incap-helper'\n[CI/linux]   \ud83d\udcac  ::debug::Removing /tmp/569e0364-0b80-11ee-a890-af2cc187fc11/tbroyer-gradle-incap-helper/build-logic/build/reports from rawSearchResults because it is a directory\n[CI/linux]   \ud83d\udcac  ::debug::Removing /tmp/569e0364-0b80-11ee-a890-af2cc187fc11/tbroyer-gradle-incap-helper/build-logic/build/reports/plugin-development from rawSearchResults because it is a directory\n[CI/linux]   \ud83d\udcac  ::debug::File:/tmp/569e0364-0b80-11ee-a890-af2cc187fc11/tbroyer-gradle-incap-helper/build-logic/build/reports/plugin-development/validation-report.txt was found using the provided searchPath\n[CI/linux]   \ud83d\udcac  ::debug::Removing /tmp/569e0364-0b80-11ee-a890-af2cc187fc11/tbroyer-gradle-incap-helper/integTest/build/reports from rawSearchResults because it is a directory\n[CI/linux]   \ud83d\udcac  ::debug::Removing /tmp/569e0364-0b80-11ee-a890-af2cc187fc11/tbroyer-gradle-incap-helper/integTest/build/reports/tests from rawSearchResults because it is a directory\n[CI/linux]   \ud83d\udcac  ::debug::Removing /tmp/569e0364-0b80-11ee-a890-af2cc187fc11/tbroyer-gradle-incap-helper/integTest/build/reports/tests/test from rawSearchResults because it is a directory\n[CI/linux]   \ud83d\udcac  ::debug::Removing /tmp/569e0364-0b80-11ee-a890-af2cc187fc11/tbroyer-gradle-incap-helper/integTest/build/reports/tests/test/classes from rawSearchResults because it is a directory\n[CI/linux]   \ud83d\udcac  ::debug::File:/tmp/569e0364-0b80-11ee-a890-af2cc187fc11/tbroyer-gradle-incap-helper/integTest/build/reports/tests/test/classes/net.ltgt.gradle.incap.integTest.DynamicIncrementalProcessorIntegrationTest.html was found using the provided searchPath\n[CI/linux]   \ud83d\udcac  ::debug::File:/tmp/569e0364-0b80-11ee-a890-af2cc187fc11/tbroyer-gradle-incap-helper/integTest/build/reports/tests/test/classes/net.ltgt.gradle.incap.integTest.IncrementalAnnotationProcessorProcessorIntegrationTest.html was found using the provided searchPath\n[CI/linux]   \ud83d\udcac  ::debug::Removing /tmp/569e0364-0b80-11ee-a890-af2cc187fc11/tbroyer-gradle-incap-helper/integTest/build/reports/tests/test/css from rawSearchResults because it is a directory\n[CI/linux]   \ud83d\udcac  ::debug::File:/tmp/569e0364-0b80-11ee-a890-af2cc187fc11/tbroyer-gradle-incap-helper/integTest/build/reports/tests/test/css/base-style.css was found using the provided searchPath\n[CI/linux]   \ud83d\udcac  ::debug::File:/tmp/569e0364-0b80-11ee-a890-af2cc187fc11/tbroyer-gradle-incap-helper/integTest/build/reports/tests/test/css/style.css was found using the provided searchPath\n[CI/linux]   \ud83d\udcac  ::debug::File:/tmp/569e0364-0b80-11ee-a890-af2cc187fc11/tbroyer-gradle-incap-helper/integTest/build/reports/tests/test/index.html was found using the provided searchPath\n[CI/linux]   \ud83d\udcac  ::debug::Removing /tmp/569e0364-0b80-11ee-a890-af2cc187fc11/tbroyer-gradle-incap-helper/integTest/build/reports/tests/test/js from rawSearchResults because it is a directory\n[CI/linux]   \ud83d\udcac  ::debug::File:/tmp/569e0364-0b80-11ee-a890-af2cc187fc11/tbroyer-gradle-incap-helper/integTest/build/reports/tests/test/js/report.js was found using the provided searchPath\n[CI/linux]   \ud83d\udcac  ::debug::Removing /tmp/569e0364-0b80-11ee-a890-af2cc187fc11/tbroyer-gradle-incap-helper/integTest/build/reports/tests/test/packages from rawSearchResults because it is a directory\n[CI/linux]   \ud83d\udcac  ::debug::File:/tmp/569e0364-0b80-11ee-a890-af2cc187fc11/tbroyer-gradle-incap-helper/integTest/build/reports/tests/test/packages/net.ltgt.gradle.incap.integTest.html was found using the provided searchPath\n[CI/linux]   \ud83d\udcac  ::debug::Removing /tmp/569e0364-0b80-11ee-a890-af2cc187fc11/tbroyer-gradle-incap-helper/integTest/build/test-results from rawSearchResults because it is a directory\n[CI/linux]   \ud83d\udcac  ::debug::Removing /tmp/569e0364-0b80-11ee-a890-af2cc187fc11/tbroyer-gradle-incap-helper/integTest/build/test-results/test from rawSearchResults because it is a directory\n[CI/linux]   \ud83d\udcac  ::debug::File:/tmp/569e0364-0b80-11ee-a890-af2cc187fc11/tbroyer-gradle-incap-helper/integTest/build/test-results/test/TEST-net.ltgt.gradle.incap.integTest.DynamicIncrementalProcessorIntegrationTest.xml was found using the provided searchPath\n[CI/linux]   \ud83d\udcac  ::debug::File:/tmp/569e0364-0b80-11ee-a890-af2cc187fc11/tbroyer-gradle-incap-helper/integTest/build/test-results/test/TEST-net.ltgt.gradle.incap.integTest.IncrementalAnnotationProcessorProcessorIntegrationTest.xml was found using the provided searchPath\n[CI/linux]   \ud83d\udcac  ::debug::Removing /tmp/569e0364-0b80-11ee-a890-af2cc187fc11/tbroyer-gradle-incap-helper/integTest/build/test-results/test/binary from rawSearchResults because it is a directory\n[CI/linux]   \ud83d\udcac  ::debug::File:/tmp/569e0364-0b80-11ee-a890-af2cc187fc11/tbroyer-gradle-incap-helper/integTest/build/test-results/test/binary/output.bin was found using the provided searchPath\n[CI/linux]   \ud83d\udcac  ::debug::File:/tmp/569e0364-0b80-11ee-a890-af2cc187fc11/tbroyer-gradle-incap-helper/integTest/build/test-results/test/binary/output.bin.idx was found using the provided searchPath\n[CI/linux]   \ud83d\udcac  ::debug::File:/tmp/569e0364-0b80-11ee-a890-af2cc187fc11/tbroyer-gradle-incap-helper/integTest/build/test-results/test/binary/results.bin was found using the provided searchPath\n[CI/linux]   | With the provided path, there will be 13 files uploaded\n[CI/linux]   \ud83d\udcac  ::debug::Root artifact directory is /tmp/569e0364-0b80-11ee-a890-af2cc187fc11/tbroyer-gradle-incap-helper\n[CI/linux]   | Starting artifact upload\n[CI/linux]   | For more detailed logs during the artifact upload process, enable step-debugging: https://docs.github.com/actions/monitoring-and-troubleshooting-workflows/enabling-debug-logging#enabling-step-debug-logging\n[CI/linux]   | Artifact name is valid!\n[CI/linux]   \u2757  ::error::Unable to get ACTIONS_RUNTIME_TOKEN env variable\n[CI/linux]   \u274c  Failure - Main Store reports\n[CI/linux] exitcode '1': failure\n[CI/linux] \u2b50 Run Post Build with Gradle\n[CI/linux]   \ud83d\udc33  docker exec cmd=[node /var/run/act/actions/gradle-gradle-build-action@v2/dist/post/index.js] user= workdir=\n[CI/linux]   | In final post-action step, saving state and writing summary\n[CI/linux]   | Cache is disabled: will not save state for later builds.\n[CI/linux]   | Writing job summary\n[CI/linux]   \u2705  Success - Post Build with Gradle\n[CI/linux] \u2b50 Run Post actions/setup-java@v3\n[CI/linux]   \ud83d\udc33  docker exec cmd=[node /var/run/act/actions/actions-setup-java@v3/dist/cleanup/index.js] user= workdir=\n[CI/linux]   \u2705  Success - Post actions/setup-java@v3\n[CI/linux] \ud83c\udfc1  Job failed\n",
        "stderr": "Error: Job 'linux' failed\n",
        "workflow": "/tmp/569e0364-0b80-11ee-a890-af2cc187fc11/tbroyer-gradle-incap-helper/.github/workflows/gradle-crawler.yml",
        "build_tool": "gradle",
        "elapsed_time": 263.32901191711426
    }
}