{
    "repository": "TeamNewPipe/NewPipe",
    "stars": 24088,
    "language": "java",
    "size": 68269,
    "clone_url": "https://github.com/TeamNewPipe/NewPipe.git",
    "timestamp": "2023-06-15T15:43:00.911019Z",
    "clone_success": true,
    "number of actions": 0,
    "number_of_test_actions": 1,
    "actions_successful": false,
    "number_of_actions": 3,
    "actions_build_tools": [
        "unknown",
        "unknown",
        "gradle"
    ],
    "actions_test_build_tools": [
        "gradle"
    ],
    "actions_data": {
        "failed": true,
        "tests": [],
        "stdout": "[CI/build-and-test-jvm] \ud83d\ude80  Start image=crawlergpt:latest\n[CI/sonar             ] \ud83d\ude80  Start image=crawlergpt:latest\n[CI/test-android      ] \ud83d\ude80  Start image=crawlergpt:latest\n[CI/test-android      ]   \ud83d\udc33  docker pull image=crawlergpt:latest platform= username= forcePull=false\n[CI/sonar             ]   \ud83d\udc33  docker pull image=crawlergpt:latest platform= username= forcePull=false\n[CI/build-and-test-jvm]   \ud83d\udc33  docker pull image=crawlergpt:latest platform= username= forcePull=false\n[CI/sonar             ]   \ud83d\udc33  docker create image=crawlergpt:latest platform= entrypoint=[\"tail\" \"-f\" \"/dev/null\"] cmd=[]\n[CI/test-android      ]   \ud83d\udc33  docker create image=crawlergpt:latest platform= entrypoint=[\"tail\" \"-f\" \"/dev/null\"] cmd=[]\n[CI/build-and-test-jvm]   \ud83d\udc33  docker create image=crawlergpt:latest platform= entrypoint=[\"tail\" \"-f\" \"/dev/null\"] cmd=[]\n[CI/sonar             ]   \ud83d\udc33  docker run image=crawlergpt:latest platform= entrypoint=[\"tail\" \"-f\" \"/dev/null\"] cmd=[]\n[CI/test-android      ]   \ud83d\udc33  docker run image=crawlergpt:latest platform= entrypoint=[\"tail\" \"-f\" \"/dev/null\"] cmd=[]\n[CI/build-and-test-jvm]   \ud83d\udc33  docker run image=crawlergpt:latest platform= entrypoint=[\"tail\" \"-f\" \"/dev/null\"] cmd=[]\n[CI/sonar             ]   \ud83d\udc33  docker exec cmd=[chown -R 1012:1000 /tmp/569e0364-0b80-11ee-a890-af2cc187fc11/TeamNewPipe-NewPipe] user=0 workdir=\n[CI/build-and-test-jvm]   \ud83d\udc33  docker exec cmd=[chown -R 1012:1000 /tmp/569e0364-0b80-11ee-a890-af2cc187fc11/TeamNewPipe-NewPipe] user=0 workdir=\n[CI/test-android      ]   \ud83d\udc33  docker exec cmd=[chown -R 1012:1000 /tmp/569e0364-0b80-11ee-a890-af2cc187fc11/TeamNewPipe-NewPipe] user=0 workdir=\n[CI/sonar             ]   \u2601  git clone 'https://github.com/actions/setup-java' # ref=v3\n[CI/test-android      ]   \u2601  git clone 'https://github.com/actions/setup-java' # ref=v3\n[CI/build-and-test-jvm]   \u2601  git clone 'https://github.com/gradle/wrapper-validation-action' # ref=v1\n[CI/sonar             ] Non-terminating error while running 'git clone': some refs were not updated\n[CI/sonar             ]   \u2601  git clone 'https://github.com/actions/cache' # ref=v3\n[CI/test-android      ] Non-terminating error while running 'git clone': some refs were not updated\n[CI/test-android      ]   \u2601  git clone 'https://github.com/reactivecircus/android-emulator-runner' # ref=v2\n[CI/build-and-test-jvm]   \u2601  git clone 'https://github.com/actions/setup-java' # ref=v3\n[CI/sonar             ] Unable to checkout 88522ab9f39a2ea568f7027eddc7d8d8bc9d59c8: invalid checksum\n[CI/test-android      ]   \u2601  git clone 'https://github.com/actions/upload-artifact' # ref=v3\n[CI/build-and-test-jvm] Non-terminating error while running 'git clone': some refs were not updated\n[CI/build-and-test-jvm]   \u2601  git clone 'https://github.com/actions/upload-artifact' # ref=v3\n[CI/sonar             ] \ud83c\udfc1  Job succeeded\n[CI/test-android      ] \ud83e\uddea  Matrix: map[api-level:21 arch:x86 target:default]\n[CI/test-android      ] \u2b50 Run Main actions/checkout@v3\n[CI/test-android      ]   \u2705  Success - Main actions/checkout@v3\n[CI/build-and-test-jvm] \u2b50 Run Main actions/checkout@v3\n[CI/build-and-test-jvm]   \u2705  Success - Main actions/checkout@v3\n[CI/test-android      ] \u2b50 Run Main set up JDK 17\n[CI/test-android      ]   \ud83d\udc33  docker cp src=/home/andre-silva/.cache/act/actions-setup-java@v3/ dst=/var/run/act/actions/actions-setup-java@v3/\n[CI/build-and-test-jvm] \u2b50 Run Main gradle/wrapper-validation-action@v1\n[CI/build-and-test-jvm]   \ud83d\udc33  docker cp src=/home/andre-silva/.cache/act/gradle-wrapper-validation-action@v1/ dst=/var/run/act/actions/gradle-wrapper-validation-action@v1/\n[CI/test-android      ]   \ud83d\udc33  docker exec cmd=[chown -R 1012:1000 /var/run/act/actions/actions-setup-java@v3/] user=0 workdir=\n[CI/build-and-test-jvm]   \ud83d\udc33  docker exec cmd=[chown -R 1012:1000 /var/run/act/actions/gradle-wrapper-validation-action@v1/] user=0 workdir=\n[CI/test-android      ]   \ud83d\udc33  docker exec cmd=[node /var/run/act/actions/actions-setup-java@v3/dist/setup/index.js] user= workdir=\n[CI/build-and-test-jvm]   \ud83d\udc33  docker exec cmd=[node /var/run/act/actions/gradle-wrapper-validation-action@v1/dist/index.js] user= workdir=\n[CI/test-android      ]   \u2753  ::group::Installed distributions\n[CI/test-android      ]   | Trying to resolve the latest version from remote\n[CI/test-android      ]   | Resolved latest version as 17.0.7+7\n[CI/test-android      ]   | Trying to download...\n[CI/test-android      ]   | Downloading Java 17.0.7+7 (Temurin-Hotspot) from https://github.com/adoptium/temurin17-binaries/releases/download/jdk-17.0.7%2B7/OpenJDK17U-jdk_x64_linux_hotspot_17.0.7_7.tar.gz ...\n[CI/test-android      ]   \ud83d\udcac  ::debug::Downloading https://github.com/adoptium/temurin17-binaries/releases/download/jdk-17.0.7%252B7/OpenJDK17U-jdk_x64_linux_hotspot_17.0.7_7.tar.gz\n[CI/test-android      ]   \ud83d\udcac  ::debug::Destination /tmp/6783178b-4541-445f-8302-6a29db7219f7\n[CI/test-android      ]   \ud83d\udcac  ::debug::download complete\n[CI/test-android      ]   | Extracting Java archive...\n[CI/test-android      ]   \ud83d\udcac  ::debug::Checking tar --version\n[CI/test-android      ]   \ud83d\udcac  ::debug::tar (GNU tar) 1.30%0ACopyright (C) 2017 Free Software Foundation, Inc.%0ALicense GPLv3+: GNU GPL version 3 or later <https://gnu.org/licenses/gpl.html>.%0AThis is free software: you are free to change and redistribute it.%0AThere is NO WARRANTY, to the extent permitted by law.%0A%0AWritten by John Gilmore and Jay Fenlason.\n[CI/test-android      ]   | [command]/usr/bin/tar xz --warning=no-unknown-keyword -C /tmp/d857c74e-0a09-4ede-abab-f1d41130a0c0 -f /tmp/6783178b-4541-445f-8302-6a29db7219f7\n[CI/test-android      ]   \ud83d\udcac  ::debug::Caching tool Java_Temurin-Hotspot_jdk 17.0.7-7 x64\n[CI/test-android      ]   \ud83d\udcac  ::debug::source dir: /tmp/d857c74e-0a09-4ede-abab-f1d41130a0c0/jdk-17.0.7+7\n[CI/test-android      ]   \ud83d\udcac  ::debug::destination /opt/hostedtoolcache/Java_Temurin-Hotspot_jdk/17.0.7-7/x64\n[CI/test-android      ]   \ud83d\udcac  ::debug::finished caching tool\n[CI/test-android      ]   | Java 17.0.7+7 was downloaded\n[CI/test-android      ]   | Setting Java 17.0.7+7 as the default\n[CI/test-android      ]   | Creating toolchains.xml for JDK version 17 from temurin\n[CI/test-android      ]   | Writing to /home/runneradmin/.m2/toolchains.xml\n[CI/test-android      ]   | \n[CI/test-android      ]   | Java configuration:\n[CI/test-android      ]   |   Distribution: temurin\n[CI/test-android      ]   |   Version: 17.0.7+7\n[CI/test-android      ]   |   Path: /opt/hostedtoolcache/Java_Temurin-Hotspot_jdk/17.0.7-7/x64\n[CI/test-android      ]   | \n[CI/test-android      ]   \u2753  ::endgroup::\n[CI/test-android      ]   \u2753 add-matcher /run/act/actions/actions-setup-java@v3/.github/java.json\n[CI/test-android      ]   | Creating settings.xml with server-id: github\n[CI/test-android      ]   | Writing to /home/runneradmin/.m2/settings.xml\n[CI/test-android      ]   \ud83d\udea7  ::warning::The runner was not able to contact the cache service. Caching will be skipped\n[CI/test-android      ]   \u2705  Success - Main set up JDK 17\n[CI/test-android      ]   \u2699  ::set-env:: JAVA_HOME=/opt/hostedtoolcache/Java_Temurin-Hotspot_jdk/17.0.7-7/x64\n[CI/test-android      ]   \u2699  ::set-env:: JAVA_HOME_17_X64=/opt/hostedtoolcache/Java_Temurin-Hotspot_jdk/17.0.7-7/x64\n[CI/test-android      ]   \u2699  ::set-output:: distribution=Temurin-Hotspot\n[CI/test-android      ]   \u2699  ::set-output:: path=/opt/hostedtoolcache/Java_Temurin-Hotspot_jdk/17.0.7-7/x64\n[CI/test-android      ]   \u2699  ::set-output:: version=17.0.7+7\n[CI/test-android      ]   \u2699  ::add-path:: /opt/hostedtoolcache/Java_Temurin-Hotspot_jdk/17.0.7-7/x64/bin\n[CI/test-android      ] \u2b50 Run Main Run android tests\n[CI/test-android      ]   \ud83d\udc33  docker cp src=/home/andre-silva/.cache/act/reactivecircus-android-emulator-runner@v2/ dst=/var/run/act/actions/reactivecircus-android-emulator-runner@v2/\n[CI/test-android      ]   \ud83d\udc33  docker exec cmd=[chown -R 1012:1000 /var/run/act/actions/reactivecircus-android-emulator-runner@v2/] user=0 workdir=\n[CI/test-android      ]   \ud83d\udc33  docker exec cmd=[node /var/run/act/actions/reactivecircus-android-emulator-runner@v2/lib/main.js] user= workdir=\n[CI/test-android      ]   \u2753  ::group::Configure emulator\n[CI/test-android      ]   | You're running a Linux VM where hardware acceleration is not available. Please consider using a macOS VM instead to take advantage of native hardware acceleration support provided by HAXM.\n[CI/test-android      ]   | API level: 21\n[CI/test-android      ]   | target: default\n[CI/test-android      ]   | CPU architecture: x86\n[CI/test-android      ]   | Hardware profile: \n[CI/test-android      ]   | Cores: 2\n[CI/test-android      ]   | RAM size: \n[CI/test-android      ]   | Heap size: \n[CI/test-android      ]   | SD card path or size: \n[CI/test-android      ]   | Disk size: \n[CI/test-android      ]   | AVD name: test\n[CI/test-android      ]   | force avd creation: true\n[CI/test-android      ]   | Emulator boot timeout: 600\n[CI/test-android      ]   | emulator options: -no-window -gpu swiftshader_indirect -no-snapshot -noaudio -no-boot-anim\n[CI/test-android      ]   | disable animations: true\n[CI/test-android      ]   | disable spellchecker: false\n[CI/test-android      ]   | disable Linux hardware acceleration: true\n[CI/test-android      ]   | enable hardware keyboard: false\n[CI/test-android      ]   | Channel: 0 (stable)\n[CI/test-android      ]   | Script:\n[CI/test-android      ]   | ./gradlew connectedCheck --stacktrace\n[CI/test-android      ]   | Pre emulator launch script:\n[CI/test-android      ]   \u2753  ::endgroup::\n[CI/test-android      ]   \u2753  ::group::Install Android SDK\n[CI/test-android      ]   | [command]/usr/bin/sh -c \\sudo chown $USER:$USER undefined -R\n[CI/test-android      ]   | chown: cannot access 'undefined': No such file or directory\n[CI/test-android      ]   \u2753  ::endgroup::\n[CI/test-android      ]   \u2753  ::group::Terminate Emulator\n[CI/test-android      ]   | Unable to locate executable file: adb. Please verify either the file path exists or the file can be found within a directory specified by the PATH environment variable. Also check the file mode to verify the file is executable.\n[CI/test-android      ]   \u2753  ::endgroup::\n[CI/test-android      ]   \u2757  ::error::The process '/usr/bin/sh' failed with exit code 1\n[CI/test-android      ]   \u274c  Failure - Main Run android tests\n[CI/test-android      ] exitcode '1': failure\n[CI/test-android      ] \u2b50 Run Main Upload test report when tests fail\n[CI/test-android      ]   \ud83d\udc33  docker cp src=/home/andre-silva/.cache/act/actions-upload-artifact@v3/ dst=/var/run/act/actions/actions-upload-artifact@v3/\n[CI/test-android      ]   \ud83d\udc33  docker exec cmd=[chown -R 1012:1000 /var/run/act/actions/actions-upload-artifact@v3/] user=0 workdir=\n[CI/test-android      ]   \ud83d\udc33  docker exec cmd=[node /var/run/act/actions/actions-upload-artifact@v3/dist/index.js] user= workdir=\n[CI/test-android      ]   \ud83d\udcac  ::debug::followSymbolicLinks 'true'\n[CI/test-android      ]   \ud83d\udcac  ::debug::implicitDescendants 'true'\n[CI/test-android      ]   \ud83d\udcac  ::debug::omitBrokenSymbolicLinks 'true'\n[CI/test-android      ]   \ud83d\udcac  ::debug::followSymbolicLinks 'true'\n[CI/test-android      ]   \ud83d\udcac  ::debug::implicitDescendants 'true'\n[CI/test-android      ]   \ud83d\udcac  ::debug::matchDirectories 'true'\n[CI/test-android      ]   \ud83d\udcac  ::debug::omitBrokenSymbolicLinks 'true'\n[CI/test-android      ]   \ud83d\udcac  ::debug::Search path '/tmp/569e0364-0b80-11ee-a890-af2cc187fc11/TeamNewPipe-NewPipe/app/build/reports/androidTests/connected'\n[CI/test-android      ]   \ud83d\udea7  ::warning::No files were found with the provided path: app/build/reports/androidTests/connected/**. No artifacts will be uploaded.\n[CI/test-android      ]   \u2705  Success - Main Upload test report when tests fail\n[CI/test-android      ] \u2b50 Run Post set up JDK 17\n[CI/test-android      ]   \ud83d\udc33  docker exec cmd=[node /var/run/act/actions/actions-setup-java@v3/dist/cleanup/index.js] user= workdir=\n[CI/test-android      ]   \ud83d\udea7  ::warning::Error retrieving key from state.\n[CI/test-android      ]   \u2705  Success - Post set up JDK 17\n[CI/test-android      ] \ud83c\udfc1  Job failed\n[CI/build-and-test-jvm]   | \u2713 Found known Gradle Wrapper JAR files:\n[CI/build-and-test-jvm]   |   ed2c26eba7cfb93cc2b7785d05e534f07b5b48b5e7fc941921cd098628abca58 gradle/wrapper/gradle-wrapper.jar\n[CI/build-and-test-jvm]   \u2705  Success - Main gradle/wrapper-validation-action@v1\n[CI/build-and-test-jvm] \u2b50 Run Main set up JDK 17\n[CI/build-and-test-jvm]   \ud83d\udc33  docker cp src=/home/andre-silva/.cache/act/actions-setup-java@v3/ dst=/var/run/act/actions/actions-setup-java@v3/\n[CI/build-and-test-jvm]   \ud83d\udc33  docker exec cmd=[chown -R 1012:1000 /var/run/act/actions/actions-setup-java@v3/] user=0 workdir=\n[CI/build-and-test-jvm]   \ud83d\udc33  docker exec cmd=[node /var/run/act/actions/actions-setup-java@v3/dist/setup/index.js] user= workdir=\n[CI/build-and-test-jvm]   \u2753  ::group::Installed distributions\n[CI/build-and-test-jvm]   | Trying to resolve the latest version from remote\n[CI/build-and-test-jvm]   | Resolved latest version as 17.0.7+7\n[CI/build-and-test-jvm]   | Trying to download...\n[CI/build-and-test-jvm]   | Downloading Java 17.0.7+7 (Temurin-Hotspot) from https://github.com/adoptium/temurin17-binaries/releases/download/jdk-17.0.7%2B7/OpenJDK17U-jdk_x64_linux_hotspot_17.0.7_7.tar.gz ...\n[CI/build-and-test-jvm]   \ud83d\udcac  ::debug::Downloading https://github.com/adoptium/temurin17-binaries/releases/download/jdk-17.0.7%252B7/OpenJDK17U-jdk_x64_linux_hotspot_17.0.7_7.tar.gz\n[CI/build-and-test-jvm]   \ud83d\udcac  ::debug::Destination /tmp/1a9c4ce6-27b6-4640-b77d-54fb82f74c39\n[CI/build-and-test-jvm]   \ud83d\udcac  ::debug::download complete\n[CI/build-and-test-jvm]   | Extracting Java archive...\n[CI/build-and-test-jvm]   \ud83d\udcac  ::debug::Checking tar --version\n[CI/build-and-test-jvm]   \ud83d\udcac  ::debug::tar (GNU tar) 1.30%0ACopyright (C) 2017 Free Software Foundation, Inc.%0ALicense GPLv3+: GNU GPL version 3 or later <https://gnu.org/licenses/gpl.html>.%0AThis is free software: you are free to change and redistribute it.%0AThere is NO WARRANTY, to the extent permitted by law.%0A%0AWritten by John Gilmore and Jay Fenlason.\n[CI/build-and-test-jvm]   | [command]/usr/bin/tar xz --warning=no-unknown-keyword -C /tmp/64dc7b1f-2427-439d-bec0-a2a8591f1823 -f /tmp/1a9c4ce6-27b6-4640-b77d-54fb82f74c39\n[CI/build-and-test-jvm]   \ud83d\udcac  ::debug::Caching tool Java_Temurin-Hotspot_jdk 17.0.7-7 x64\n[CI/build-and-test-jvm]   \ud83d\udcac  ::debug::source dir: /tmp/64dc7b1f-2427-439d-bec0-a2a8591f1823/jdk-17.0.7+7\n[CI/build-and-test-jvm]   \ud83d\udcac  ::debug::destination /opt/hostedtoolcache/Java_Temurin-Hotspot_jdk/17.0.7-7/x64\n[CI/build-and-test-jvm]   \ud83d\udcac  ::debug::finished caching tool\n[CI/build-and-test-jvm]   | Java 17.0.7+7 was downloaded\n[CI/build-and-test-jvm]   | Setting Java 17.0.7+7 as the default\n[CI/build-and-test-jvm]   | Creating toolchains.xml for JDK version 17 from temurin\n[CI/build-and-test-jvm]   | Writing to /home/runneradmin/.m2/toolchains.xml\n[CI/build-and-test-jvm]   | \n[CI/build-and-test-jvm]   | Java configuration:\n[CI/build-and-test-jvm]   |   Distribution: temurin\n[CI/build-and-test-jvm]   |   Version: 17.0.7+7\n[CI/build-and-test-jvm]   |   Path: /opt/hostedtoolcache/Java_Temurin-Hotspot_jdk/17.0.7-7/x64\n[CI/build-and-test-jvm]   | \n[CI/build-and-test-jvm]   \u2753  ::endgroup::\n[CI/build-and-test-jvm]   \u2753 add-matcher /run/act/actions/actions-setup-java@v3/.github/java.json\n[CI/build-and-test-jvm]   | Creating settings.xml with server-id: github\n[CI/build-and-test-jvm]   | Writing to /home/runneradmin/.m2/settings.xml\n[CI/build-and-test-jvm]   \ud83d\udea7  ::warning::The runner was not able to contact the cache service. Caching will be skipped\n[CI/build-and-test-jvm]   \u2705  Success - Main set up JDK 17\n[CI/build-and-test-jvm]   \u2699  ::set-env:: JAVA_HOME=/opt/hostedtoolcache/Java_Temurin-Hotspot_jdk/17.0.7-7/x64\n[CI/build-and-test-jvm]   \u2699  ::set-env:: JAVA_HOME_17_X64=/opt/hostedtoolcache/Java_Temurin-Hotspot_jdk/17.0.7-7/x64\n[CI/build-and-test-jvm]   \u2699  ::set-output:: version=17.0.7+7\n[CI/build-and-test-jvm]   \u2699  ::set-output:: distribution=Temurin-Hotspot\n[CI/build-and-test-jvm]   \u2699  ::set-output:: path=/opt/hostedtoolcache/Java_Temurin-Hotspot_jdk/17.0.7-7/x64\n[CI/build-and-test-jvm]   \u2699  ::add-path:: /opt/hostedtoolcache/Java_Temurin-Hotspot_jdk/17.0.7-7/x64/bin\n[CI/build-and-test-jvm] \u2b50 Run Main Build debug APK and run jvm tests\n[CI/build-and-test-jvm]   \ud83d\udc33  docker exec cmd=[bash --noprofile --norc -e -o pipefail /var/run/act/workflow/4] user= workdir=\n[CI/build-and-test-jvm]   | Downloading https://services.gradle.org/distributions/gradle-8.1.1-bin.zip\n[CI/build-and-test-jvm]   | ...........10%............20%............30%............40%............50%............60%............70%............80%...........90%............100%\n[CI/build-and-test-jvm]   | \n[CI/build-and-test-jvm]   | Welcome to Gradle 8.1.1!\n[CI/build-and-test-jvm]   | \n[CI/build-and-test-jvm]   | Here are the highlights of this release:\n[CI/build-and-test-jvm]   |  - Stable configuration cache\n[CI/build-and-test-jvm]   |  - Experimental Kotlin DSL assignment syntax\n[CI/build-and-test-jvm]   |  - Building with Java 20\n[CI/build-and-test-jvm]   | \n[CI/build-and-test-jvm]   | For more details see https://docs.gradle.org/8.1.1/release-notes.html\n[CI/build-and-test-jvm]   | \n[CI/build-and-test-jvm]   | Starting a Gradle Daemon (subsequent builds will be faster)\n[CI/build-and-test-jvm]   | \n[CI/build-and-test-jvm]   | FAILURE: Build failed with an exception.\n[CI/build-and-test-jvm]   | \n[CI/build-and-test-jvm]   | * What went wrong:\n[CI/build-and-test-jvm]   | Could not determine the dependencies of task ':app:compileDebugJavaWithJavac'.\n[CI/build-and-test-jvm]   | > Could not determine the dependencies of null.\n[CI/build-and-test-jvm]   |    > SDK location not found. Define a valid SDK location with an ANDROID_HOME environment variable or by setting the sdk.dir path in your project's local properties file at '/tmp/569e0364-0b80-11ee-a890-af2cc187fc11/TeamNewPipe-NewPipe/local.properties'.\n[CI/build-and-test-jvm]   | \n[CI/build-and-test-jvm]   | * Try:\n[CI/build-and-test-jvm]   | > Run with --info or --debug option to get more log output.\n[CI/build-and-test-jvm]   | > Run with --scan to get full insights.\n[CI/build-and-test-jvm]   | \n[CI/build-and-test-jvm]   | * Exception is:\n[CI/build-and-test-jvm]   | org.gradle.api.internal.tasks.TaskDependencyResolveException: Could not determine the dependencies of task ':app:compileDebugJavaWithJavac'.\n[CI/build-and-test-jvm]   | \tat org.gradle.api.internal.tasks.CachingTaskDependencyResolveContext.getDependencies(CachingTaskDependencyResolveContext.java:68)\n[CI/build-and-test-jvm]   | \tat org.gradle.execution.plan.TaskDependencyResolver.resolveDependenciesFor(TaskDependencyResolver.java:49)\n[CI/build-and-test-jvm]   | \tat org.gradle.execution.plan.LocalTaskNode.getDependencies(LocalTaskNode.java:148)\n[CI/build-and-test-jvm]   | \tat org.gradle.execution.plan.LocalTaskNode.resolveDependencies(LocalTaskNode.java:122)\n[CI/build-and-test-jvm]   | \tat org.gradle.execution.plan.DefaultExecutionPlan.discoverNodeRelationships(DefaultExecutionPlan.java:184)\n[CI/build-and-test-jvm]   | \tat org.gradle.execution.plan.DefaultExecutionPlan.doAddEntryNodes(DefaultExecutionPlan.java:156)\n[CI/build-and-test-jvm]   | \tat org.gradle.execution.plan.DefaultExecutionPlan.addEntryTasks(DefaultExecutionPlan.java:131)\n[CI/build-and-test-jvm]   | \tat org.gradle.execution.plan.DefaultExecutionPlan.addEntryTasks(DefaultExecutionPlan.java:123)\n[CI/build-and-test-jvm]   | \tat org.gradle.execution.TaskNameResolvingBuildTaskScheduler.scheduleRequestedTasks(TaskNameResolvingBuildTaskScheduler.java:53)\n[CI/build-and-test-jvm]   | \tat org.gradle.execution.DefaultTasksBuildTaskScheduler.scheduleRequestedTasks(DefaultTasksBuildTaskScheduler.java:72)\n[CI/build-and-test-jvm]   | \tat org.gradle.initialization.DefaultTaskExecutionPreparer.lambda$scheduleRequestedTasks$0(DefaultTaskExecutionPreparer.java:46)\n[CI/build-and-test-jvm]   | \tat org.gradle.internal.Factories$1.create(Factories.java:31)\n[CI/build-and-test-jvm]   | \tat org.gradle.internal.work.DefaultWorkerLeaseService.withReplacedLocks(DefaultWorkerLeaseService.java:345)\n[CI/build-and-test-jvm]   | \tat org.gradle.api.internal.project.DefaultProjectStateRegistry$DefaultBuildProjectRegistry.withMutableStateOfAllProjects(DefaultProjectStateRegistry.java:228)\n[CI/build-and-test-jvm]   | \tat org.gradle.api.internal.project.DefaultProjectStateRegistry$DefaultBuildProjectRegistry.withMutableStateOfAllProjects(DefaultProjectStateRegistry.java:221)\n[CI/build-and-test-jvm]   | \tat org.gradle.initialization.DefaultTaskExecutionPreparer.scheduleRequestedTasks(DefaultTaskExecutionPreparer.java:45)\n[CI/build-and-test-jvm]   | \tat org.gradle.initialization.VintageBuildModelController.lambda$scheduleRequestedTasks$0(VintageBuildModelController.java:76)\n[CI/build-and-test-jvm]   | \tat org.gradle.internal.model.StateTransitionController.lambda$inState$1(StateTransitionController.java:99)\n[CI/build-and-test-jvm]   | \tat org.gradle.internal.model.StateTransitionController.lambda$inState$2(StateTransitionController.java:114)\n[CI/build-and-test-jvm]   | \tat org.gradle.internal.work.DefaultSynchronizer.withLock(DefaultSynchronizer.java:44)\n[CI/build-and-test-jvm]   | \tat org.gradle.internal.model.StateTransitionController.inState(StateTransitionController.java:110)\n[CI/build-and-test-jvm]   | \tat org.gradle.internal.model.StateTransitionController.inState(StateTransitionController.java:98)\n[CI/build-and-test-jvm]   | \tat org.gradle.initialization.VintageBuildModelController.scheduleRequestedTasks(VintageBuildModelController.java:76)\n[CI/build-and-test-jvm]   | \tat org.gradle.internal.build.DefaultBuildLifecycleController$DefaultWorkGraphBuilder.addRequestedTasks(DefaultBuildLifecycleController.java:282)\n[CI/build-and-test-jvm]   | \tat org.gradle.internal.buildtree.DefaultBuildTreeWorkPreparer.lambda$scheduleRequestedTasks$0(DefaultBuildTreeWorkPreparer.java:38)\n[CI/build-and-test-jvm]   | \tat org.gradle.internal.build.DefaultBuildLifecycleController.lambda$populateWorkGraph$7(DefaultBuildLifecycleController.java:178)\n[CI/build-and-test-jvm]   | \tat org.gradle.internal.build.DefaultBuildWorkPreparer.populateWorkGraph(DefaultBuildWorkPreparer.java:42)\n[CI/build-and-test-jvm]   | \tat org.gradle.internal.build.BuildOperationFiringBuildWorkPreparer$PopulateWorkGraph.populateTaskGraph(BuildOperationFiringBuildWorkPreparer.java:115)\n[CI/build-and-test-jvm]   | \tat org.gradle.internal.build.BuildOperationFiringBuildWorkPreparer$PopulateWorkGraph.run(BuildOperationFiringBuildWorkPreparer.java:101)\n[CI/build-and-test-jvm]   | \tat org.gradle.internal.operations.DefaultBuildOperationRunner$1.execute(DefaultBuildOperationRunner.java:29)\n[CI/build-and-test-jvm]   | \tat org.gradle.internal.operations.DefaultBuildOperationRunner$1.execute(DefaultBuildOperationRunner.java:26)\n[CI/build-and-test-jvm]   | \tat org.gradle.internal.operations.DefaultBuildOperationRunner$2.execute(DefaultBuildOperationRunner.java:66)\n[CI/build-and-test-jvm]   | \tat org.gradle.internal.operations.DefaultBuildOperationRunner$2.execute(DefaultBuildOperationRunner.java:59)\n[CI/build-and-test-jvm]   | \tat org.gradle.internal.operations.DefaultBuildOperationRunner.execute(DefaultBuildOperationRunner.java:157)\n[CI/build-and-test-jvm]   | \tat org.gradle.internal.operations.DefaultBuildOperationRunner.execute(DefaultBuildOperationRunner.java:59)\n[CI/build-and-test-jvm]   | \tat org.gradle.internal.operations.DefaultBuildOperationRunner.run(DefaultBuildOperationRunner.java:47)\n[CI/build-and-test-jvm]   | \tat org.gradle.internal.operations.DefaultBuildOperationExecutor.run(DefaultBuildOperationExecutor.java:68)\n[CI/build-and-test-jvm]   | \tat org.gradle.internal.build.BuildOperationFiringBuildWorkPreparer.populateWorkGraph(BuildOperationFiringBuildWorkPreparer.java:74)\n[CI/build-and-test-jvm]   | \tat org.gradle.internal.build.DefaultBuildLifecycleController.lambda$populateWorkGraph$8(DefaultBuildLifecycleController.java:178)\n[CI/build-and-test-jvm]   | \tat org.gradle.internal.model.StateTransitionController.lambda$inState$1(StateTransitionController.java:99)\n[CI/build-and-test-jvm]   | \tat org.gradle.internal.model.StateTransitionController.lambda$inState$2(StateTransitionController.java:114)\n[CI/build-and-test-jvm]   | \tat org.gradle.internal.work.DefaultSynchronizer.withLock(DefaultSynchronizer.java:44)\n[CI/build-and-test-jvm]   | \tat org.gradle.internal.model.StateTransitionController.inState(StateTransitionController.java:110)\n[CI/build-and-test-jvm]   | \tat org.gradle.internal.model.StateTransitionController.inState(StateTransitionController.java:98)\n[CI/build-and-test-jvm]   | \tat org.gradle.internal.build.DefaultBuildLifecycleController.populateWorkGraph(DefaultBuildLifecycleController.java:178)\n[CI/build-and-test-jvm]   | \tat org.gradle.internal.build.DefaultBuildWorkGraphController$DefaultBuildWorkGraph.populateWorkGraph(DefaultBuildWorkGraphController.java:167)\n[CI/build-and-test-jvm]   | \tat org.gradle.composite.internal.DefaultBuildController.populateWorkGraph(DefaultBuildController.java:73)\n[CI/build-and-test-jvm]   | \tat org.gradle.composite.internal.DefaultIncludedBuildTaskGraph$DefaultBuildTreeWorkGraphBuilder.withWorkGraph(DefaultIncludedBuildTaskGraph.java:150)\n[CI/build-and-test-jvm]   | \tat org.gradle.internal.buildtree.DefaultBuildTreeWorkPreparer.lambda$scheduleRequestedTasks$1(DefaultBuildTreeWorkPreparer.java:38)\n[CI/build-and-test-jvm]   | \tat org.gradle.composite.internal.DefaultIncludedBuildTaskGraph$DefaultBuildTreeWorkGraph$1.run(DefaultIncludedBuildTaskGraph.java:197)\n[CI/build-and-test-jvm]   | \tat org.gradle.internal.operations.DefaultBuildOperationRunner$1.execute(DefaultBuildOperationRunner.java:29)\n[CI/build-and-test-jvm]   | \tat org.gradle.internal.operations.DefaultBuildOperationRunner$1.execute(DefaultBuildOperationRunner.java:26)\n[CI/build-and-test-jvm]   | \tat org.gradle.internal.operations.DefaultBuildOperationRunner$2.execute(DefaultBuildOperationRunner.java:66)\n[CI/build-and-test-jvm]   | \tat org.gradle.internal.operations.DefaultBuildOperationRunner$2.execute(DefaultBuildOperationRunner.java:59)\n[CI/build-and-test-jvm]   | \tat org.gradle.internal.operations.DefaultBuildOperationRunner.execute(DefaultBuildOperationRunner.java:157)\n[CI/build-and-test-jvm]   | \tat org.gradle.internal.operations.DefaultBuildOperationRunner.execute(DefaultBuildOperationRunner.java:59)\n[CI/build-and-test-jvm]   | \tat org.gradle.internal.operations.DefaultBuildOperationRunner.run(DefaultBuildOperationRunner.java:47)\n[CI/build-and-test-jvm]   | \tat org.gradle.internal.operations.DefaultBuildOperationExecutor.run(DefaultBuildOperationExecutor.java:68)\n[CI/build-and-test-jvm]   | \tat org.gradle.composite.internal.DefaultIncludedBuildTaskGraph$DefaultBuildTreeWorkGraph.scheduleWork(DefaultIncludedBuildTaskGraph.java:192)\n[CI/build-and-test-jvm]   | \tat org.gradle.internal.buildtree.DefaultBuildTreeWorkPreparer.scheduleRequestedTasks(DefaultBuildTreeWorkPreparer.java:37)\n[CI/build-and-test-jvm]   | \tat org.gradle.configurationcache.VintageBuildTreeWorkController$scheduleAndRunRequestedTasks$1.apply(VintageBuildTreeWorkController.kt:36)\n[CI/build-and-test-jvm]   | \tat org.gradle.configurationcache.VintageBuildTreeWorkController$scheduleAndRunRequestedTasks$1.apply(VintageBuildTreeWorkController.kt:35)\n[CI/build-and-test-jvm]   | \tat org.gradle.composite.internal.DefaultIncludedBuildTaskGraph.withNewWorkGraph(DefaultIncludedBuildTaskGraph.java:109)\n[CI/build-and-test-jvm]   | \tat org.gradle.configurationcache.VintageBuildTreeWorkController.scheduleAndRunRequestedTasks(VintageBuildTreeWorkController.kt:35)\n[CI/build-and-test-jvm]   | \tat org.gradle.internal.buildtree.DefaultBuildTreeLifecycleController.lambda$scheduleAndRunTasks$1(DefaultBuildTreeLifecycleController.java:68)\n[CI/build-and-test-jvm]   | \tat org.gradle.internal.buildtree.DefaultBuildTreeLifecycleController.lambda$runBuild$4(DefaultBuildTreeLifecycleController.java:98)\n[CI/build-and-test-jvm]   | \tat org.gradle.internal.model.StateTransitionController.lambda$transition$6(StateTransitionController.java:169)\n[CI/build-and-test-jvm]   | \tat org.gradle.internal.model.StateTransitionController.doTransition(StateTransitionController.java:266)\n[CI/build-and-test-jvm]   | \tat org.gradle.internal.model.StateTransitionController.lambda$transition$7(StateTransitionController.java:169)\n[CI/build-and-test-jvm]   | \tat org.gradle.internal.work.DefaultSynchronizer.withLock(DefaultSynchronizer.java:44)\n[CI/build-and-test-jvm]   | \tat org.gradle.internal.model.StateTransitionController.transition(StateTransitionController.java:169)\n[CI/build-and-test-jvm]   | \tat org.gradle.internal.buildtree.DefaultBuildTreeLifecycleController.runBuild(DefaultBuildTreeLifecycleController.java:95)\n[CI/build-and-test-jvm]   | \tat org.gradle.internal.buildtree.DefaultBuildTreeLifecycleController.scheduleAndRunTasks(DefaultBuildTreeLifecycleController.java:68)\n[CI/build-and-test-jvm]   | \tat org.gradle.internal.buildtree.DefaultBuildTreeLifecycleController.scheduleAndRunTasks(DefaultBuildTreeLifecycleController.java:63)\n[CI/build-and-test-jvm]   | \tat org.gradle.tooling.internal.provider.ExecuteBuildActionRunner.run(ExecuteBuildActionRunner.java:31)\n[CI/build-and-test-jvm]   | \tat org.gradle.launcher.exec.ChainingBuildActionRunner.run(ChainingBuildActionRunner.java:35)\n[CI/build-and-test-jvm]   | \tat org.gradle.internal.buildtree.ProblemReportingBuildActionRunner.run(ProblemReportingBuildActionRunner.java:49)\n[CI/build-and-test-jvm]   | \tat org.gradle.launcher.exec.BuildOutcomeReportingBuildActionRunner.run(BuildOutcomeReportingBuildActionRunner.java:65)\n[CI/build-and-test-jvm]   | \tat org.gradle.tooling.internal.provider.FileSystemWatchingBuildActionRunner.run(FileSystemWatchingBuildActionRunner.java:140)\n[CI/build-and-test-jvm]   | \tat org.gradle.launcher.exec.BuildCompletionNotifyingBuildActionRunner.run(BuildCompletionNotifyingBuildActionRunner.java:41)\n[CI/build-and-test-jvm]   | \tat org.gradle.launcher.exec.RootBuildLifecycleBuildActionExecutor.lambda$execute$0(RootBuildLifecycleBuildActionExecutor.java:40)\n[CI/build-and-test-jvm]   | \tat org.gradle.composite.internal.DefaultRootBuildState.run(DefaultRootBuildState.java:122)\n[CI/build-and-test-jvm]   | \tat org.gradle.launcher.exec.RootBuildLifecycleBuildActionExecutor.execute(RootBuildLifecycleBuildActionExecutor.java:40)\n[CI/build-and-test-jvm]   | \tat org.gradle.internal.buildtree.InitDeprecationLoggingActionExecutor.execute(InitDeprecationLoggingActionExecutor.java:58)\n[CI/build-and-test-jvm]   | \tat org.gradle.internal.buildtree.DefaultBuildTreeContext.execute(DefaultBuildTreeContext.java:40)\n[CI/build-and-test-jvm]   | \tat org.gradle.launcher.exec.BuildTreeLifecycleBuildActionExecutor.lambda$execute$0(BuildTreeLifecycleBuildActionExecutor.java:65)\n[CI/build-and-test-jvm]   | \tat org.gradle.internal.buildtree.BuildTreeState.run(BuildTreeState.java:53)\n[CI/build-and-test-jvm]   | \tat org.gradle.launcher.exec.BuildTreeLifecycleBuildActionExecutor.execute(BuildTreeLifecycleBuildActionExecutor.java:65)\n[CI/build-and-test-jvm]   | \tat org.gradle.launcher.exec.RunAsBuildOperationBuildActionExecutor$3.call(RunAsBuildOperationBuildActionExecutor.java:61)\n[CI/build-and-test-jvm]   | \tat org.gradle.launcher.exec.RunAsBuildOperationBuildActionExecutor$3.call(RunAsBuildOperationBuildActionExecutor.java:57)\n[CI/build-and-test-jvm]   | \tat org.gradle.internal.operations.DefaultBuildOperationRunner$CallableBuildOperationWorker.execute(DefaultBuildOperationRunner.java:204)\n[CI/build-and-test-jvm]   | \tat org.gradle.internal.operations.DefaultBuildOperationRunner$CallableBuildOperationWorker.execute(DefaultBuildOperationRunner.java:199)\n[CI/build-and-test-jvm]   | \tat org.gradle.internal.operations.DefaultBuildOperationRunner$2.execute(DefaultBuildOperationRunner.java:66)\n[CI/build-and-test-jvm]   | \tat org.gradle.internal.operations.DefaultBuildOperationRunner$2.execute(DefaultBuildOperationRunner.java:59)\n[CI/build-and-test-jvm]   | \tat org.gradle.internal.operations.DefaultBuildOperationRunner.execute(DefaultBuildOperationRunner.java:157)\n[CI/build-and-test-jvm]   | \tat org.gradle.internal.operations.DefaultBuildOperationRunner.execute(DefaultBuildOperationRunner.java:59)\n[CI/build-and-test-jvm]   | \tat org.gradle.internal.operations.DefaultBuildOperationRunner.call(DefaultBuildOperationRunner.java:53)\n[CI/build-and-test-jvm]   | \tat org.gradle.internal.operations.DefaultBuildOperationExecutor.call(DefaultBuildOperationExecutor.java:73)\n[CI/build-and-test-jvm]   | \tat org.gradle.launcher.exec.RunAsBuildOperationBuildActionExecutor.execute(RunAsBuildOperationBuildActionExecutor.java:57)\n[CI/build-and-test-jvm]   | \tat org.gradle.launcher.exec.RunAsWorkerThreadBuildActionExecutor.lambda$execute$0(RunAsWorkerThreadBuildActionExecutor.java:36)\n[CI/build-and-test-jvm]   | \tat org.gradle.internal.work.DefaultWorkerLeaseService.withLocks(DefaultWorkerLeaseService.java:249)\n[CI/build-and-test-jvm]   | \tat org.gradle.internal.work.DefaultWorkerLeaseService.runAsWorkerThread(DefaultWorkerLeaseService.java:109)\n[CI/build-and-test-jvm]   | \tat org.gradle.launcher.exec.RunAsWorkerThreadBuildActionExecutor.execute(RunAsWorkerThreadBuildActionExecutor.java:36)\n[CI/build-and-test-jvm]   | \tat org.gradle.tooling.internal.provider.continuous.ContinuousBuildActionExecutor.execute(ContinuousBuildActionExecutor.java:110)\n[CI/build-and-test-jvm]   | \tat org.gradle.tooling.internal.provider.SubscribableBuildActionExecutor.execute(SubscribableBuildActionExecutor.java:64)\n[CI/build-and-test-jvm]   | \tat org.gradle.internal.session.DefaultBuildSessionContext.execute(DefaultBuildSessionContext.java:46)\n[CI/build-and-test-jvm]   | \tat org.gradle.tooling.internal.provider.BuildSessionLifecycleBuildActionExecuter$ActionImpl.apply(BuildSessionLifecycleBuildActionExecuter.java:100)\n[CI/build-and-test-jvm]   | \tat org.gradle.tooling.internal.provider.BuildSessionLifecycleBuildActionExecuter$ActionImpl.apply(BuildSessionLifecycleBuildActionExecuter.java:88)\n[CI/build-and-test-jvm]   | \tat org.gradle.internal.session.BuildSessionState.run(BuildSessionState.java:69)\n[CI/build-and-test-jvm]   | \tat org.gradle.tooling.internal.provider.BuildSessionLifecycleBuildActionExecuter.execute(BuildSessionLifecycleBuildActionExecuter.java:62)\n[CI/build-and-test-jvm]   | \tat org.gradle.tooling.internal.provider.BuildSessionLifecycleBuildActionExecuter.execute(BuildSessionLifecycleBuildActionExecuter.java:41)\n[CI/build-and-test-jvm]   | \tat org.gradle.tooling.internal.provider.StartParamsValidatingActionExecuter.execute(StartParamsValidatingActionExecuter.java:64)\n[CI/build-and-test-jvm]   | \tat org.gradle.tooling.internal.provider.StartParamsValidatingActionExecuter.execute(StartParamsValidatingActionExecuter.java:32)\n[CI/build-and-test-jvm]   | \tat org.gradle.tooling.internal.provider.SessionFailureReportingActionExecuter.execute(SessionFailureReportingActionExecuter.java:50)\n[CI/build-and-test-jvm]   | \tat org.gradle.tooling.internal.provider.SessionFailureReportingActionExecuter.execute(SessionFailureReportingActionExecuter.java:38)\n[CI/build-and-test-jvm]   | \tat org.gradle.tooling.internal.provider.SetupLoggingActionExecuter.execute(SetupLoggingActionExecuter.java:47)\n[CI/build-and-test-jvm]   | \tat org.gradle.tooling.internal.provider.SetupLoggingActionExecuter.execute(SetupLoggingActionExecuter.java:31)\n[CI/build-and-test-jvm]   | \tat org.gradle.launcher.daemon.server.exec.ExecuteBuild.doBuild(ExecuteBuild.java:65)\n[CI/build-and-test-jvm]   | \tat org.gradle.launcher.daemon.server.exec.BuildCommandOnly.execute(BuildCommandOnly.java:37)\n[CI/build-and-test-jvm]   | \tat org.gradle.launcher.daemon.server.api.DaemonCommandExecution.proceed(DaemonCommandExecution.java:104)\n[CI/build-and-test-jvm]   | \tat org.gradle.launcher.daemon.server.exec.WatchForDisconnection.execute(WatchForDisconnection.java:39)\n[CI/build-and-test-jvm]   | \tat org.gradle.launcher.daemon.server.api.DaemonCommandExecution.proceed(DaemonCommandExecution.java:104)\n[CI/build-and-test-jvm]   | \tat org.gradle.launcher.daemon.server.exec.ResetDeprecationLogger.execute(ResetDeprecationLogger.java:29)\n[CI/build-and-test-jvm]   | \tat org.gradle.launcher.daemon.server.api.DaemonCommandExecution.proceed(DaemonCommandExecution.java:104)\n[CI/build-and-test-jvm]   | \tat org.gradle.launcher.daemon.server.exec.RequestStopIfSingleUsedDaemon.execute(RequestStopIfSingleUsedDaemon.java:35)\n[CI/build-and-test-jvm]   | \tat org.gradle.launcher.daemon.server.api.DaemonCommandExecution.proceed(DaemonCommandExecution.java:104)\n[CI/build-and-test-jvm]   | \tat org.gradle.launcher.daemon.server.exec.ForwardClientInput$2.create(ForwardClientInput.java:78)\n[CI/build-and-test-jvm]   | \tat org.gradle.launcher.daemon.server.exec.ForwardClientInput$2.create(ForwardClientInput.java:75)\n[CI/build-and-test-jvm]   | \tat org.gradle.util.internal.Swapper.swap(Swapper.java:38)\n[CI/build-and-test-jvm]   | \tat org.gradle.launcher.daemon.server.exec.ForwardClientInput.execute(ForwardClientInput.java:75)\n[CI/build-and-test-jvm]   | \tat org.gradle.launcher.daemon.server.api.DaemonCommandExecution.proceed(DaemonCommandExecution.java:104)\n[CI/build-and-test-jvm]   | \tat org.gradle.launcher.daemon.server.exec.LogAndCheckHealth.execute(LogAndCheckHealth.java:64)\n[CI/build-and-test-jvm]   | \tat org.gradle.launcher.daemon.server.api.DaemonCommandExecution.proceed(DaemonCommandExecution.java:104)\n[CI/build-and-test-jvm]   | \tat org.gradle.launcher.daemon.server.exec.LogToClient.doBuild(LogToClient.java:63)\n[CI/build-and-test-jvm]   | \tat org.gradle.launcher.daemon.server.exec.BuildCommandOnly.execute(BuildCommandOnly.java:37)\n[CI/build-and-test-jvm]   | \tat org.gradle.launcher.daemon.server.api.DaemonCommandExecution.proceed(DaemonCommandExecution.java:104)\n[CI/build-and-test-jvm]   | \tat org.gradle.launcher.daemon.server.exec.EstablishBuildEnvironment.doBuild(EstablishBuildEnvironment.java:84)\n[CI/build-and-test-jvm]   | \tat org.gradle.launcher.daemon.server.exec.BuildCommandOnly.execute(BuildCommandOnly.java:37)\n[CI/build-and-test-jvm]   | \tat org.gradle.launcher.daemon.server.api.DaemonCommandExecution.proceed(DaemonCommandExecution.java:104)\n[CI/build-and-test-jvm]   | \tat org.gradle.launcher.daemon.server.exec.StartBuildOrRespondWithBusy$1.run(StartBuildOrRespondWithBusy.java:52)\n[CI/build-and-test-jvm]   | \tat org.gradle.launcher.daemon.server.DaemonStateCoordinator$1.run(DaemonStateCoordinator.java:297)\n[CI/build-and-test-jvm]   | \tat org.gradle.internal.concurrent.ExecutorPolicy$CatchAndRecordFailures.onExecute(ExecutorPolicy.java:64)\n[CI/build-and-test-jvm]   | \tat org.gradle.internal.concurrent.ManagedExecutorImpl$1.run(ManagedExecutorImpl.java:49)\n[CI/build-and-test-jvm]   | Caused by: org.gradle.api.internal.tasks.TaskDependencyResolveException: Could not determine the dependencies of null.\n[CI/build-and-test-jvm]   | \tat org.gradle.api.internal.tasks.CachingTaskDependencyResolveContext.getDependencies(CachingTaskDependencyResolveContext.java:68)\n[CI/build-and-test-jvm]   | \tat org.gradle.api.internal.tasks.AbstractTaskDependency.getDependenciesForInternalUse(AbstractTaskDependency.java:73)\n[CI/build-and-test-jvm]   | \tat org.gradle.api.internal.tasks.TaskDependencyUtil.getDependenciesForInternalUse(TaskDependencyUtil.java:39)\n[CI/build-and-test-jvm]   | \tat org.gradle.api.internal.provider.BuildableBackedProvider.buildableDependencies(BuildableBackedProvider.java:76)\n[CI/build-and-test-jvm]   | \tat org.gradle.api.internal.provider.BuildableBackedProvider.access$000(BuildableBackedProvider.java:28)\n[CI/build-and-test-jvm]   | \tat org.gradle.api.internal.provider.BuildableBackedProvider$1.visitProducerTasks(BuildableBackedProvider.java:56)\n[CI/build-and-test-jvm]   | \tat org.gradle.api.internal.file.collections.ProviderBackedFileCollection.visitDependencies(ProviderBackedFileCollection.java:53)\n[CI/build-and-test-jvm]   | \tat org.gradle.api.internal.tasks.CachingTaskDependencyResolveContext$TaskGraphImpl.getNodeValues(CachingTaskDependencyResolveContext.java:103)\n[CI/build-and-test-jvm]   | \tat org.gradle.internal.graph.CachingDirectedGraphWalker$GraphWithEmptyEdges.getNodeValues(CachingDirectedGraphWalker.java:213)\n[CI/build-and-test-jvm]   | \tat org.gradle.internal.graph.CachingDirectedGraphWalker.doSearch(CachingDirectedGraphWalker.java:121)\n[CI/build-and-test-jvm]   | \tat org.gradle.internal.graph.CachingDirectedGraphWalker.findValues(CachingDirectedGraphWalker.java:73)\n[CI/build-and-test-jvm]   | \tat org.gradle.api.internal.tasks.CachingTaskDependencyResolveContext.getDependencies(CachingTaskDependencyResolveContext.java:66)\n[CI/build-and-test-jvm]   | \t... 142 more\n[CI/build-and-test-jvm]   | Caused by: com.android.builder.errors.EvalIssueException: SDK location not found. Define a valid SDK location with an ANDROID_HOME environment variable or by setting the sdk.dir path in your project's local properties file at '/tmp/569e0364-0b80-11ee-a890-af2cc187fc11/TeamNewPipe-NewPipe/local.properties'.\n[CI/build-and-test-jvm]   | \tat com.android.builder.errors.IssueReporter.reportError(IssueReporter.kt:113)\n[CI/build-and-test-jvm]   | \tat com.android.builder.errors.IssueReporter.reportError$default(IssueReporter.kt:109)\n[CI/build-and-test-jvm]   | \tat com.android.build.gradle.internal.SdkLocator.getSdkLocation(SdkLocator.kt:239)\n[CI/build-and-test-jvm]   | \tat com.android.build.gradle.internal.SdkDirectLoadingStrategy.loadSdkComponents(SdkDirectLoadingStrategy.kt:97)\n[CI/build-and-test-jvm]   | \tat com.android.build.gradle.internal.SdkDirectLoadingStrategy.init(SdkDirectLoadingStrategy.kt:92)\n[CI/build-and-test-jvm]   | \tat com.android.build.gradle.internal.SdkDirectLoadingStrategy.access$init(SdkDirectLoadingStrategy.kt:46)\n[CI/build-and-test-jvm]   | \tat com.android.build.gradle.internal.SdkDirectLoadingStrategy$components$2.invoke(SdkDirectLoadingStrategy.kt:71)\n[CI/build-and-test-jvm]   | \tat com.android.build.gradle.internal.SdkDirectLoadingStrategy$components$2.invoke(SdkDirectLoadingStrategy.kt:70)\n[CI/build-and-test-jvm]   | \tat kotlin.SynchronizedLazyImpl.getValue(LazyJVM.kt:74)\n[CI/build-and-test-jvm]   | \tat com.android.build.gradle.internal.SdkDirectLoadingStrategy.getComponents(SdkDirectLoadingStrategy.kt:70)\n[CI/build-and-test-jvm]   | \tat com.android.build.gradle.internal.SdkDirectLoadingStrategy.loadedSuccessfully(SdkDirectLoadingStrategy.kt:178)\n[CI/build-and-test-jvm]   | \tat com.android.build.gradle.internal.SdkLoadingStrategy.getCoreForSystemModulesJar(SdkLoadingStrategy.kt:53)\n[CI/build-and-test-jvm]   | \tat com.android.build.gradle.internal.SdkComponentsBuildService$VersionedSdkLoader$coreForSystemModulesProvider$1.call(SdkComponents.kt:278)\n[CI/build-and-test-jvm]   | \tat com.android.build.gradle.internal.SdkComponentsBuildService$VersionedSdkLoader$coreForSystemModulesProvider$1.call(SdkComponents.kt:277)\n[CI/build-and-test-jvm]   | \tat org.gradle.api.internal.provider.DefaultProvider.calculateOwnValue(DefaultProvider.java:72)\n[CI/build-and-test-jvm]   | \tat org.gradle.api.internal.provider.AbstractMinimalProvider.calculateValue(AbstractMinimalProvider.java:108)\n[CI/build-and-test-jvm]   | \tat org.gradle.api.internal.provider.FlatMapProvider.calculateOwnValue(FlatMapProvider.java:50)\n[CI/build-and-test-jvm]   | \tat org.gradle.api.internal.provider.AbstractMinimalProvider.calculateOwnPresentValue(AbstractMinimalProvider.java:73)\n[CI/build-and-test-jvm]   | \tat org.gradle.api.internal.provider.AbstractMinimalProvider.get(AbstractMinimalProvider.java:93)\n[CI/build-and-test-jvm]   | \tat org.gradle.api.internal.provider.ProviderResolutionStrategy$2.resolve(ProviderResolutionStrategy.java:33)\n[CI/build-and-test-jvm]   | \tat org.gradle.api.internal.file.collections.ProviderBackedFileCollection.visitDependencies(ProviderBackedFileCollection.java:57)\n[CI/build-and-test-jvm]   | \tat org.gradle.api.internal.AbstractTaskDependencyContainerVisitingContext.add(AbstractTaskDependencyContainerVisitingContext.java:46)\n[CI/build-and-test-jvm]   | \tat org.gradle.api.internal.file.collections.UnpackingVisitor.add(UnpackingVisitor.java:77)\n[CI/build-and-test-jvm]   | \tat org.gradle.api.internal.file.collections.DefaultConfigurableFileCollection$UnresolvedItemsCollector.visitContents(DefaultConfigurableFileCollection.java:415)\n[CI/build-and-test-jvm]   | \tat org.gradle.api.internal.file.collections.DefaultConfigurableFileCollection.visitChildren(DefaultConfigurableFileCollection.java:324)\n[CI/build-and-test-jvm]   | \tat org.gradle.api.internal.file.CompositeFileCollection.visitDependencies(CompositeFileCollection.java:122)\n[CI/build-and-test-jvm]   | \tat org.gradle.api.internal.file.collections.DefaultConfigurableFileCollection.visitDependencies(DefaultConfigurableFileCollection.java:330)\n[CI/build-and-test-jvm]   | \tat org.gradle.api.internal.AbstractTaskDependencyContainerVisitingContext.add(AbstractTaskDependencyContainerVisitingContext.java:46)\n[CI/build-and-test-jvm]   | \tat org.gradle.api.internal.file.AbstractFileCollection.lambda$getBuildDependencies$0(AbstractFileCollection.java:105)\n[CI/build-and-test-jvm]   | \tat org.gradle.api.internal.tasks.DefaultTaskDependency.visitDependencies(DefaultTaskDependency.java:151)\n[CI/build-and-test-jvm]   | \tat org.gradle.api.internal.AbstractTaskDependencyContainerVisitingContext.add(AbstractTaskDependencyContainerVisitingContext.java:46)\n[CI/build-and-test-jvm]   | \tat org.gradle.api.internal.artifacts.ivyservice.resolveengine.artifact.LocalFileDependencyBackedArtifactSet.visitDependencies(LocalFileDependencyBackedArtifactSet.java:151)\n[CI/build-and-test-jvm]   | \tat org.gradle.api.internal.AbstractTaskDependencyContainerVisitingContext.add(AbstractTaskDependencyContainerVisitingContext.java:46)\n[CI/build-and-test-jvm]   | \tat org.gradle.api.internal.artifacts.ivyservice.resolveengine.artifact.BuildDependenciesOnlyVisitedArtifactSet$BuildDependenciesOnlySelectedArtifactSet.visitDependencies(BuildDependenciesOnlyVisitedArtifactSet.java:65)\n[CI/build-and-test-jvm]   | \tat org.gradle.api.internal.artifacts.configurations.ResolutionBackedFileCollection.visitDependencies(ResolutionBackedFileCollection.java:58)\n[CI/build-and-test-jvm]   | \tat org.gradle.api.internal.tasks.CachingTaskDependencyResolveContext$TaskGraphImpl.getNodeValues(CachingTaskDependencyResolveContext.java:103)\n[CI/build-and-test-jvm]   | \tat org.gradle.internal.graph.CachingDirectedGraphWalker$GraphWithEmptyEdges.getNodeValues(CachingDirectedGraphWalker.java:213)\n[CI/build-and-test-jvm]   | \tat org.gradle.internal.graph.CachingDirectedGraphWalker.doSearch(CachingDirectedGraphWalker.java:121)\n[CI/build-and-test-jvm]   | \tat org.gradle.internal.graph.CachingDirectedGraphWalker.findValues(CachingDirectedGraphWalker.java:73)\n[CI/build-and-test-jvm]   | \tat org.gradle.api.internal.tasks.CachingTaskDependencyResolveContext.getDependencies(CachingTaskDependencyResolveContext.java:66)\n[CI/build-and-test-jvm]   | \t... 153 more\n[CI/build-and-test-jvm]   | \n[CI/build-and-test-jvm]   | \n[CI/build-and-test-jvm]   | * Get more help at https://help.gradle.org\n[CI/build-and-test-jvm]   | \n[CI/build-and-test-jvm]   | BUILD FAILED in 54s\n[CI/build-and-test-jvm]   \u274c  Failure - Main Build debug APK and run jvm tests\n[CI/build-and-test-jvm] exitcode '1': failure\n[CI/build-and-test-jvm] \u2b50 Run Post set up JDK 17\n[CI/build-and-test-jvm]   \ud83d\udc33  docker exec cmd=[node /var/run/act/actions/actions-setup-java@v3/dist/cleanup/index.js] user= workdir=\n[CI/build-and-test-jvm]   \ud83d\udea7  ::warning::Error retrieving key from state.\n[CI/build-and-test-jvm]   \u2705  Success - Post set up JDK 17\n[CI/build-and-test-jvm] \ud83c\udfc1  Job failed\n",
        "stderr": "Error: invalid checksum\n",
        "workflow": "/tmp/569e0364-0b80-11ee-a890-af2cc187fc11/TeamNewPipe-NewPipe/.github/workflows/ci-crawler.yml",
        "build_tool": "gradle",
        "elapsed_time": 123.59017419815063
    }
}