{
    "repository": "TonyTangAndroid/GooglePlusDemo",
    "stars": 72,
    "language": "java",
    "size": 8677,
    "clone_url": "https://github.com/TonyTangAndroid/GooglePlusDemo.git",
    "timestamp": "2023-06-15T16:59:19.753154Z",
    "clone_success": true,
    "number of actions": 0,
    "number_of_test_actions": 1,
    "actions_successful": false,
    "number_of_actions": 1,
    "actions_build_tools": [
        "gradle"
    ],
    "actions_test_build_tools": [
        "gradle"
    ],
    "actions_data": {
        "failed": true,
        "tests": [],
        "stdout": "[CI/Static analysis   ] \ud83d\ude80  Start image=crawlergpt:latest\n[CI/Instrumented tests] \ud83d\udea7  Skipping unsupported platform -- Try running with `-P macos-10.15=...`\n[CI/Assemble          ] \ud83d\ude80  Start image=crawlergpt:latest\n[CI/Unit tests        ] \ud83d\ude80  Start image=crawlergpt:latest\n[CI/Unit tests        ]   \ud83d\udc33  docker pull image=crawlergpt:latest platform= username= forcePull=false\n[CI/Static analysis   ]   \ud83d\udc33  docker pull image=crawlergpt:latest platform= username= forcePull=false\n[CI/Assemble          ]   \ud83d\udc33  docker pull image=crawlergpt:latest platform= username= forcePull=false\n[CI/Unit tests        ]   \ud83d\udc33  docker create image=crawlergpt:latest platform= entrypoint=[\"tail\" \"-f\" \"/dev/null\"] cmd=[]\n[CI/Static analysis   ]   \ud83d\udc33  docker create image=crawlergpt:latest platform= entrypoint=[\"tail\" \"-f\" \"/dev/null\"] cmd=[]\n[CI/Assemble          ]   \ud83d\udc33  docker create image=crawlergpt:latest platform= entrypoint=[\"tail\" \"-f\" \"/dev/null\"] cmd=[]\n[CI/Unit tests        ]   \ud83d\udc33  docker run image=crawlergpt:latest platform= entrypoint=[\"tail\" \"-f\" \"/dev/null\"] cmd=[]\n[CI/Static analysis   ]   \ud83d\udc33  docker run image=crawlergpt:latest platform= entrypoint=[\"tail\" \"-f\" \"/dev/null\"] cmd=[]\n[CI/Assemble          ]   \ud83d\udc33  docker run image=crawlergpt:latest platform= entrypoint=[\"tail\" \"-f\" \"/dev/null\"] cmd=[]\n[CI/Unit tests        ]   \ud83d\udc33  docker exec cmd=[chown -R 1012:1000 /tmp/569e0364-0b80-11ee-a890-af2cc187fc11/TonyTangAndroid-GooglePlusDemo] user=0 workdir=\n[CI/Assemble          ]   \ud83d\udc33  docker exec cmd=[chown -R 1012:1000 /tmp/569e0364-0b80-11ee-a890-af2cc187fc11/TonyTangAndroid-GooglePlusDemo] user=0 workdir=\n[CI/Static analysis   ]   \ud83d\udc33  docker exec cmd=[chown -R 1012:1000 /tmp/569e0364-0b80-11ee-a890-af2cc187fc11/TonyTangAndroid-GooglePlusDemo] user=0 workdir=\n[CI/Unit tests        ]   \u2601  git clone 'https://github.com/gradle/wrapper-validation-action' # ref=v1\n[CI/Assemble          ]   \u2601  git clone 'https://github.com/gradle/wrapper-validation-action' # ref=v1\n[CI/Static analysis   ]   \u2601  git clone 'https://github.com/gradle/wrapper-validation-action' # ref=v1\n[CI/Unit tests        ]   \u2601  git clone 'https://github.com/actions/setup-java' # ref=v1\n[CI/Assemble          ]   \u2601  git clone 'https://github.com/actions/setup-java' # ref=v1\n[CI/Static analysis   ]   \u2601  git clone 'https://github.com/actions/setup-java' # ref=v1\n[CI/Unit tests        ] Non-terminating error while running 'git clone': some refs were not updated\n[CI/Unit tests        ]   \u2601  git clone 'https://github.com/actions/cache' # ref=v1\n[CI/Assemble          ] Non-terminating error while running 'git clone': some refs were not updated\n[CI/Assemble          ]   \u2601  git clone 'https://github.com/actions/cache' # ref=v1\n[CI/Static analysis   ] Non-terminating error while running 'git clone': some refs were not updated\n[CI/Static analysis   ]   \u2601  git clone 'https://github.com/actions/cache' # ref=v1\n[CI/Unit tests        ]   \u2601  git clone 'https://github.com/actions/upload-artifact' # ref=v1\n[CI/Assemble          ] \u2b50 Run Main actions/checkout@v2\n[CI/Assemble          ]   \u2705  Success - Main actions/checkout@v2\n[CI/Static analysis   ] \u2b50 Run Main actions/checkout@v2\n[CI/Assemble          ] \u2b50 Run Main gradle/wrapper-validation-action@v1\n[CI/Static analysis   ]   \u2705  Success - Main actions/checkout@v2\n[CI/Assemble          ]   \ud83d\udc33  docker cp src=/home/andre-silva/.cache/act/gradle-wrapper-validation-action@v1/ dst=/var/run/act/actions/gradle-wrapper-validation-action@v1/\n[CI/Unit tests        ] \u2b50 Run Main actions/checkout@v2\n[CI/Unit tests        ]   \u2705  Success - Main actions/checkout@v2\n[CI/Static analysis   ] \u2b50 Run Main gradle/wrapper-validation-action@v1\n[CI/Assemble          ]   \ud83d\udc33  docker exec cmd=[chown -R 1012:1000 /var/run/act/actions/gradle-wrapper-validation-action@v1/] user=0 workdir=\n[CI/Static analysis   ]   \ud83d\udc33  docker cp src=/home/andre-silva/.cache/act/gradle-wrapper-validation-action@v1/ dst=/var/run/act/actions/gradle-wrapper-validation-action@v1/\n[CI/Unit tests        ] \u2b50 Run Main gradle/wrapper-validation-action@v1\n[CI/Static analysis   ]   \ud83d\udc33  docker exec cmd=[chown -R 1012:1000 /var/run/act/actions/gradle-wrapper-validation-action@v1/] user=0 workdir=\n[CI/Unit tests        ]   \ud83d\udc33  docker cp src=/home/andre-silva/.cache/act/gradle-wrapper-validation-action@v1/ dst=/var/run/act/actions/gradle-wrapper-validation-action@v1/\n[CI/Unit tests        ]   \ud83d\udc33  docker exec cmd=[chown -R 1012:1000 /var/run/act/actions/gradle-wrapper-validation-action@v1/] user=0 workdir=\n[CI/Unit tests        ]   \ud83d\udc33  docker exec cmd=[node /var/run/act/actions/gradle-wrapper-validation-action@v1/dist/index.js] user= workdir=\n[CI/Static analysis   ]   \ud83d\udc33  docker exec cmd=[node /var/run/act/actions/gradle-wrapper-validation-action@v1/dist/index.js] user= workdir=\n[CI/Assemble          ]   \ud83d\udc33  docker exec cmd=[node /var/run/act/actions/gradle-wrapper-validation-action@v1/dist/index.js] user= workdir=\n[CI/Unit tests        ]   | \u2713 Found known Gradle Wrapper JAR files:\n[CI/Unit tests        ]   |   e996d452d2645e70c01c11143ca2d3742734a28da2bf61f25c82bdc288c9e637 gradle/wrapper/gradle-wrapper.jar\n[CI/Unit tests        ]   \u2705  Success - Main gradle/wrapper-validation-action@v1\n[CI/Unit tests        ] \u2b50 Run Main actions/setup-java@v1\n[CI/Unit tests        ]   \ud83d\udc33  docker cp src=/home/andre-silva/.cache/act/actions-setup-java@v1/ dst=/var/run/act/actions/actions-setup-java@v1/\n[CI/Unit tests        ]   \ud83d\udc33  docker exec cmd=[chown -R 1012:1000 /var/run/act/actions/actions-setup-java@v1/] user=0 workdir=\n[CI/Unit tests        ]   \ud83d\udc33  docker exec cmd=[node /var/run/act/actions/actions-setup-java@v1/dist/setup/index.js] user= workdir=\n[CI/Unit tests        ]   \ud83d\udcac  ::debug::isExplicit: \n[CI/Unit tests        ]   \ud83d\udcac  ::debug::explicit? false\n[CI/Unit tests        ]   \ud83d\udcac  ::debug::evaluating 0 versions\n[CI/Unit tests        ]   \ud83d\udcac  ::debug::match not found\n[CI/Unit tests        ]   \ud83d\udcac  ::debug::Downloading JDK from Azul\n[CI/Unit tests        ]   \ud83d\udcac  ::debug::Searching for files with extension: -linux_x64.tar.gz\n[CI/Unit tests        ]   \ud83d\udcac  ::debug::Downloading https://static.azul.com/zulu/bin/zulu14.29.23-ca-jdk14.0.2-linux_x64.tar.gz\n[CI/Unit tests        ]   \ud83d\udcac  ::debug::Downloading /tmp/9a5a54be-d790-4000-b30c-0dfb75e915a0\n[CI/Unit tests        ]   \ud83d\udcac  ::debug::download complete\n[CI/Unit tests        ]   | [command]/usr/bin/tar --version\n[CI/Unit tests        ]   | tar (GNU tar) 1.30\n[CI/Unit tests        ]   | Copyright (C) 2017 Free Software Foundation, Inc.\n[CI/Unit tests        ]   | License GPLv3+: GNU GPL version 3 or later <https://gnu.org/licenses/gpl.html>.\n[CI/Unit tests        ]   | This is free software: you are free to change and redistribute it.\n[CI/Unit tests        ]   | There is NO WARRANTY, to the extent permitted by law.\n[CI/Unit tests        ]   | \n[CI/Unit tests        ]   | Written by John Gilmore and Jay Fenlason.\n[CI/Unit tests        ]   | [command]/usr/bin/tar xz --warning=no-unknown-keyword -C /tmp/temp_391230697 -f /tmp/9a5a54be-d790-4000-b30c-0dfb75e915a0\n[CI/Unit tests        ]   \ud83d\udcac  ::debug::jdk extracted to /tmp/temp_391230697/zulu14.29.23-ca-jdk14.0.2-linux_x64\n[CI/Unit tests        ]   \ud83d\udcac  ::debug::Caching tool jdk 14.0.2 x64\n[CI/Unit tests        ]   \ud83d\udcac  ::debug::source dir: /tmp/temp_391230697/zulu14.29.23-ca-jdk14.0.2-linux_x64\n[CI/Unit tests        ]   \ud83d\udcac  ::debug::destination /opt/hostedtoolcache/jdk/14.0.2/x64\n[CI/Assemble          ]   | \u2713 Found known Gradle Wrapper JAR files:\n[CI/Assemble          ]   |   e996d452d2645e70c01c11143ca2d3742734a28da2bf61f25c82bdc288c9e637 gradle/wrapper/gradle-wrapper.jar\n[CI/Assemble          ]   \u2705  Success - Main gradle/wrapper-validation-action@v1\n[CI/Assemble          ] \u2b50 Run Main actions/setup-java@v1\n[CI/Assemble          ]   \ud83d\udc33  docker cp src=/home/andre-silva/.cache/act/actions-setup-java@v1/ dst=/var/run/act/actions/actions-setup-java@v1/\n[CI/Assemble          ]   \ud83d\udc33  docker exec cmd=[chown -R 1012:1000 /var/run/act/actions/actions-setup-java@v1/] user=0 workdir=\n[CI/Unit tests        ]   \ud83d\udcac  ::debug::finished caching tool\n[CI/Unit tests        ]   \u2753 add-matcher /run/act/actions/actions-setup-java@v1/.github/java.json\n[CI/Unit tests        ]   | creating settings.xml with server-id: github; environment variables: username=$GITHUB_ACTOR, password=$GITHUB_TOKEN, and gpg-passphrase=null\n[CI/Unit tests        ]   \ud83d\udcac  ::debug::created directory /home/runneradmin/.m2\n[CI/Unit tests        ]   | writing /home/runneradmin/.m2/settings.xml\n[CI/Unit tests        ]   \u2705  Success - Main actions/setup-java@v1\n[CI/Unit tests        ]   \u2699  ::set-env:: JAVA_HOME_14.0.2_x64=/opt/hostedtoolcache/jdk/14.0.2/x64\n[CI/Unit tests        ]   \u2699  ::set-env:: JAVA_HOME=/opt/hostedtoolcache/jdk/14.0.2/x64\n[CI/Unit tests        ]   \u2699  ::set-env:: JAVA_HOME_14_0_2_X64=/opt/hostedtoolcache/jdk/14.0.2/x64\n[CI/Unit tests        ]   \u2699  ::set-output:: path=/opt/hostedtoolcache/jdk/14.0.2/x64\n[CI/Unit tests        ]   \u2699  ::set-output:: version=14.0.2\n[CI/Unit tests        ]   \u2699  ::add-path:: /opt/hostedtoolcache/jdk/14.0.2/x64/bin\n[CI/Assemble          ]   \ud83d\udc33  docker exec cmd=[node /var/run/act/actions/actions-setup-java@v1/dist/setup/index.js] user= workdir=\n[CI/Unit tests        ] \u2b50 Run Main actions/cache@v1\n[CI/Assemble          ]   \ud83d\udcac  ::debug::isExplicit: \n[CI/Assemble          ]   \ud83d\udcac  ::debug::explicit? false\n[CI/Assemble          ]   \ud83d\udcac  ::debug::evaluating 0 versions\n[CI/Assemble          ]   \ud83d\udcac  ::debug::match not found\n[CI/Assemble          ]   \ud83d\udcac  ::debug::Downloading JDK from Azul\n[CI/Unit tests        ]   \ud83d\udc33  docker cp src=/home/andre-silva/.cache/act/actions-cache@v1/ dst=/var/run/act/actions/actions-cache@v1/\n[CI/Unit tests        ]   \ud83d\udc33  docker exec cmd=[chown -R 1012:1000 /var/run/act/actions/actions-cache@v1/] user=0 workdir=\n[CI/Unit tests        ]   \ud83d\udc33  docker exec cmd=[node /var/run/act/actions/actions-cache@v1/dist/restore/index.js] user= workdir=\n[CI/Unit tests        ]   \ud83d\udcac  ::debug::Cache Path: /home/runneradmin/.gradle/caches\n[CI/Unit tests        ]   \ud83d\udcac  ::debug::Resolved Keys:\n[CI/Unit tests        ]   \ud83d\udcac  ::debug::[\"Linux-unit-tests-449c9fbad0276744d228acd64864a214822e76a3b2ae9a3fc52a15fcd021453b-62604e2aaa77bc0bd2ba694ae95390554def682a147d5ae870fb8952c67d581b-\"]\n[CI/Unit tests        ]   \ud83d\udcac  ::debug::getCacheEntry - Attempt 1 of 2 failed with error: Cache Service Url not found, unable to restore cache.\n[CI/Unit tests        ]   \ud83d\udcac  ::debug::getCacheEntry - Attempt 2 of 2 failed with error: Cache Service Url not found, unable to restore cache.\n[CI/Unit tests        ]   | [warning]getCacheEntry failed: Cache Service Url not found, unable to restore cache.\n[CI/Unit tests        ]   \u2705  Success - Main actions/cache@v1\n[CI/Unit tests        ]   \u2699  ::set-output:: cache-hit=false\n[CI/Unit tests        ] \u2b50 Run Main Run unit tests\n[CI/Assemble          ]   \ud83d\udcac  ::debug::Searching for files with extension: -linux_x64.tar.gz\n[CI/Assemble          ]   \ud83d\udcac  ::debug::Downloading https://static.azul.com/zulu/bin/zulu14.29.23-ca-jdk14.0.2-linux_x64.tar.gz\n[CI/Assemble          ]   \ud83d\udcac  ::debug::Downloading /tmp/53e7f246-cde2-4d95-b204-059757e4ccf0\n[CI/Unit tests        ]   \ud83d\udc33  docker exec cmd=[bash --noprofile --norc -e -o pipefail /var/run/act/workflow/4] user= workdir=\n[CI/Unit tests        ]   | Picked up JAVA_TOOL_OPTIONS: -Xmx4g\n[CI/Unit tests        ]   | Downloading https://services.gradle.org/distributions/gradle-6.8.3-all.zip\n[CI/Assemble          ]   \ud83d\udcac  ::debug::download complete\n[CI/Assemble          ]   | [command]/usr/bin/tar --version\n[CI/Assemble          ]   | tar (GNU tar) 1.30\n[CI/Assemble          ]   | Copyright (C) 2017 Free Software Foundation, Inc.\n[CI/Assemble          ]   | License GPLv3+: GNU GPL version 3 or later <https://gnu.org/licenses/gpl.html>.\n[CI/Assemble          ]   | This is free software: you are free to change and redistribute it.\n[CI/Assemble          ]   | There is NO WARRANTY, to the extent permitted by law.\n[CI/Assemble          ]   | \n[CI/Assemble          ]   | Written by John Gilmore and Jay Fenlason.\n[CI/Assemble          ]   | [command]/usr/bin/tar xz --warning=no-unknown-keyword -C /tmp/temp_762030338 -f /tmp/53e7f246-cde2-4d95-b204-059757e4ccf0\n[CI/Unit tests        ]   | ..............10%..............20%...............30%..............40%..............50%...............60%..............70%..............80%...............90%..............100%\n[CI/Assemble          ]   \ud83d\udcac  ::debug::jdk extracted to /tmp/temp_762030338/zulu14.29.23-ca-jdk14.0.2-linux_x64\n[CI/Assemble          ]   \ud83d\udcac  ::debug::Caching tool jdk 14.0.2 x64\n[CI/Assemble          ]   \ud83d\udcac  ::debug::source dir: /tmp/temp_762030338/zulu14.29.23-ca-jdk14.0.2-linux_x64\n[CI/Assemble          ]   \ud83d\udcac  ::debug::destination /opt/hostedtoolcache/jdk/14.0.2/x64\n[CI/Assemble          ]   \ud83d\udcac  ::debug::finished caching tool\n[CI/Assemble          ]   \u2753 add-matcher /run/act/actions/actions-setup-java@v1/.github/java.json\n[CI/Assemble          ]   | creating settings.xml with server-id: github; environment variables: username=$GITHUB_ACTOR, password=$GITHUB_TOKEN, and gpg-passphrase=null\n[CI/Assemble          ]   \ud83d\udcac  ::debug::created directory /home/runneradmin/.m2\n[CI/Assemble          ]   | writing /home/runneradmin/.m2/settings.xml\n[CI/Assemble          ]   \u2705  Success - Main actions/setup-java@v1\n[CI/Assemble          ]   \u2699  ::set-env:: JAVA_HOME_14_0_2_X64=/opt/hostedtoolcache/jdk/14.0.2/x64\n[CI/Assemble          ]   \u2699  ::set-env:: JAVA_HOME_14.0.2_x64=/opt/hostedtoolcache/jdk/14.0.2/x64\n[CI/Assemble          ]   \u2699  ::set-env:: JAVA_HOME=/opt/hostedtoolcache/jdk/14.0.2/x64\n[CI/Unit tests        ]   | \n[CI/Unit tests        ]   | Welcome to Gradle 6.8.3!\n[CI/Unit tests        ]   | \n[CI/Unit tests        ]   | Here are the highlights of this release:\n[CI/Unit tests        ]   |  - Faster Kotlin DSL script compilation\n[CI/Unit tests        ]   |  - Vendor selection for Java toolchains\n[CI/Unit tests        ]   |  - Convenient execution of tasks in composite builds\n[CI/Unit tests        ]   |  - Consistent dependency resolution\n[CI/Unit tests        ]   | \n[CI/Unit tests        ]   | For more details see https://docs.gradle.org/6.8.3/release-notes.html\n[CI/Unit tests        ]   | \n[CI/Unit tests        ]   | To honour the JVM settings for this build a single-use Daemon process will be forked. See https://docs.gradle.org/6.8.3/userguide/gradle_daemon.html#sec:disabling_the_daemon.\n[CI/Assemble          ]   \u2699  ::set-output:: path=/opt/hostedtoolcache/jdk/14.0.2/x64\n[CI/Assemble          ]   \u2699  ::set-output:: version=14.0.2\n[CI/Assemble          ]   \u2699  ::add-path:: /opt/hostedtoolcache/jdk/14.0.2/x64/bin\n[CI/Assemble          ] \u2b50 Run Main actions/cache@v1\n[CI/Assemble          ]   \ud83d\udc33  docker cp src=/home/andre-silva/.cache/act/actions-cache@v1/ dst=/var/run/act/actions/actions-cache@v1/\n[CI/Assemble          ]   \ud83d\udc33  docker exec cmd=[chown -R 1012:1000 /var/run/act/actions/actions-cache@v1/] user=0 workdir=\n[CI/Unit tests        ]   | Daemon will be stopped at the end of the build \n[CI/Assemble          ]   \ud83d\udc33  docker exec cmd=[node /var/run/act/actions/actions-cache@v1/dist/restore/index.js] user= workdir=\n[CI/Assemble          ]   \ud83d\udcac  ::debug::Cache Path: /home/runneradmin/.gradle/caches\n[CI/Assemble          ]   \ud83d\udcac  ::debug::Resolved Keys:\n[CI/Assemble          ]   \ud83d\udcac  ::debug::[\"Linux-assemble-449c9fbad0276744d228acd64864a214822e76a3b2ae9a3fc52a15fcd021453b-62604e2aaa77bc0bd2ba694ae95390554def682a147d5ae870fb8952c67d581b-\"]\n[CI/Assemble          ]   \ud83d\udcac  ::debug::getCacheEntry - Attempt 1 of 2 failed with error: Cache Service Url not found, unable to restore cache.\n[CI/Assemble          ]   \ud83d\udcac  ::debug::getCacheEntry - Attempt 2 of 2 failed with error: Cache Service Url not found, unable to restore cache.\n[CI/Assemble          ]   | [warning]getCacheEntry failed: Cache Service Url not found, unable to restore cache.\n[CI/Assemble          ]   \u2705  Success - Main actions/cache@v1\n[CI/Assemble          ]   \u2699  ::set-output:: cache-hit=false\n[CI/Assemble          ] \u2b50 Run Main Assemble debug App apk\n[CI/Assemble          ]   \ud83d\udc33  docker exec cmd=[bash --noprofile --norc -e -o pipefail /var/run/act/workflow/4] user= workdir=\n[CI/Assemble          ]   | Picked up JAVA_TOOL_OPTIONS: -Xmx4g\n[CI/Assemble          ]   | Downloading https://services.gradle.org/distributions/gradle-6.8.3-all.zip\n[CI/Assemble          ]   | ..............10%..............20%...............30%..............40%..............50%...............60%..............70%..............80%...............90%..............100%\n[CI/Assemble          ]   | \n[CI/Assemble          ]   | Welcome to Gradle 6.8.3!\n[CI/Assemble          ]   | \n[CI/Assemble          ]   | Here are the highlights of this release:\n[CI/Assemble          ]   |  - Faster Kotlin DSL script compilation\n[CI/Assemble          ]   |  - Vendor selection for Java toolchains\n[CI/Assemble          ]   |  - Convenient execution of tasks in composite builds\n[CI/Assemble          ]   |  - Consistent dependency resolution\n[CI/Assemble          ]   | \n[CI/Assemble          ]   | For more details see https://docs.gradle.org/6.8.3/release-notes.html\n[CI/Assemble          ]   | \n[CI/Assemble          ]   | To honour the JVM settings for this build a single-use Daemon process will be forked. See https://docs.gradle.org/6.8.3/userguide/gradle_daemon.html#sec:disabling_the_daemon.\n[CI/Assemble          ]   | Daemon will be stopped at the end of the build \n[CI/Unit tests        ]   | \n[CI/Unit tests        ]   | FAILURE: Build failed with an exception.\n[CI/Unit tests        ]   | \n[CI/Unit tests        ]   | * What went wrong:\n[CI/Unit tests        ]   | Could not determine the dependencies of task ':app:testDebugUnitTest'.\n[CI/Unit tests        ]   | > SDK location not found. Define location with an ANDROID_SDK_ROOT environment variable or by setting the sdk.dir path in your project's local properties file at '/tmp/569e0364-0b80-11ee-a890-af2cc187fc11/TonyTangAndroid-GooglePlusDemo/local.properties'.\n[CI/Unit tests        ]   | \n[CI/Unit tests        ]   | * Try:\n[CI/Unit tests        ]   | Run with --stacktrace option to get the stack trace. Run with --info or --debug option to get more log output. Run with --scan to get full insights.\n[CI/Unit tests        ]   | \n[CI/Unit tests        ]   | * Get more help at https://help.gradle.org\n[CI/Unit tests        ]   | \n[CI/Unit tests        ]   | BUILD FAILED in 31s\n[CI/Unit tests        ]   \u274c  Failure - Main Run unit tests\n[CI/Unit tests        ] exitcode '1': failure\n[CI/Unit tests        ] \u2b50 Run Main Copy test results\n[CI/Unit tests        ]   \ud83d\udc33  docker exec cmd=[bash --noprofile --norc -e -o pipefail /var/run/act/workflow/5] user= workdir=\n[CI/Unit tests        ]   \u2705  Success - Main Copy test results\n[CI/Unit tests        ] \u2b50 Run Main Upload test results\n[CI/Unit tests        ]   \u274c  Failure - Main Upload test results\n[CI/Unit tests        ] The runs.using key must be one of: [docker node12 node16 composite], got \n[CI/Unit tests        ] \u2b50 Run Post actions/setup-java@v1\n[CI/Unit tests        ]   \ud83d\udc33  docker exec cmd=[node /var/run/act/actions/actions-setup-java@v1/dist/cleanup/index.js] user= workdir=\n[CI/Unit tests        ]   \u2705  Success - Post actions/setup-java@v1\n[CI/Unit tests        ] \ud83c\udfc1  Job failed\n[CI/Assemble          ]   | \n[CI/Assemble          ]   | FAILURE: Build failed with an exception.\n[CI/Assemble          ]   | \n[CI/Assemble          ]   | * What went wrong:\n[CI/Assemble          ]   | Could not determine the dependencies of task ':app:compileDebugJavaWithJavac'.\n[CI/Assemble          ]   | > SDK location not found. Define location with an ANDROID_SDK_ROOT environment variable or by setting the sdk.dir path in your project's local properties file at '/tmp/569e0364-0b80-11ee-a890-af2cc187fc11/TonyTangAndroid-GooglePlusDemo/local.properties'.\n[CI/Assemble          ]   | \n[CI/Assemble          ]   | * Try:\n[CI/Assemble          ]   | Run with --stacktrace option to get the stack trace. Run with --info or --debug option to get more log output. Run with --scan to get full insights.\n[CI/Assemble          ]   | \n[CI/Assemble          ]   | * Get more help at https://help.gradle.org\n[CI/Assemble          ]   | \n[CI/Assemble          ]   | BUILD FAILED in 40s\n[CI/Assemble          ]   \u274c  Failure - Main Assemble debug App apk\n[CI/Assemble          ] exitcode '1': failure\n[CI/Assemble          ] \u2b50 Run Post actions/setup-java@v1\n[CI/Assemble          ]   \ud83d\udc33  docker exec cmd=[node /var/run/act/actions/actions-setup-java@v1/dist/cleanup/index.js] user= workdir=\n[CI/Assemble          ]   \u2705  Success - Post actions/setup-java@v1\n[CI/Assemble          ] \ud83c\udfc1  Job failed\n[CI/Static analysis   ]   \u2757  ::error::connect ETIMEDOUT 104.17.10.66:443\n[CI/Static analysis   ]   \u274c  Failure - Main gradle/wrapper-validation-action@v1\n[CI/Static analysis   ] exitcode '1': failure\n[CI/Static analysis   ] \u2b50 Run Main Cleanup secrets\n[CI/Static analysis   ]   \ud83d\udc33  docker exec cmd=[bash --noprofile --norc -e -o pipefail /var/run/act/workflow/4] user= workdir=\n[CI/Static analysis   ]   \u2705  Success - Main Cleanup secrets\n[CI/Static analysis   ] \ud83c\udfc1  Job failed\n",
        "stderr": "Error: Job 'Assemble' failed\n",
        "workflow": "/tmp/569e0364-0b80-11ee-a890-af2cc187fc11/TonyTangAndroid-GooglePlusDemo/.github/workflows/android-crawler.yml",
        "build_tool": "gradle",
        "elapsed_time": 188.6916618347168
    }
}