{
    "repository": "topi314/LavaSrc",
    "stars": 72,
    "language": "java",
    "size": 302,
    "clone_url": "https://github.com/topi314/LavaSrc.git",
    "timestamp": "2023-06-15T18:15:13.286691Z",
    "clone_success": true,
    "number of actions": 0,
    "number_of_test_actions": 1,
    "actions_successful": false,
    "number_of_actions": 1,
    "actions_build_tools": [
        "gradle"
    ],
    "actions_test_build_tools": [
        "gradle"
    ],
    "actions_data": {
        "failed": true,
        "tests": [],
        "stdout": "[Publish/build] \ud83d\ude80  Start image=crawlergpt:latest\n[Publish/build]   \ud83d\udc33  docker pull image=crawlergpt:latest platform= username= forcePull=false\n[Publish/build]   \ud83d\udc33  docker create image=crawlergpt:latest platform= entrypoint=[\"tail\" \"-f\" \"/dev/null\"] cmd=[]\n[Publish/build]   \ud83d\udc33  docker run image=crawlergpt:latest platform= entrypoint=[\"tail\" \"-f\" \"/dev/null\"] cmd=[]\n[Publish/build]   \ud83d\udc33  docker exec cmd=[chown -R 1012:1000 /tmp/569e0364-0b80-11ee-a890-af2cc187fc11/topi314-LavaSrc] user=0 workdir=\n[Publish/build]   \u2601  git clone 'https://github.com/actions/setup-java' # ref=v3\n[Publish/build] Non-terminating error while running 'git clone': some refs were not updated\n[Publish/build]   \u2601  git clone 'https://github.com/gradle/gradle-build-action' # ref=v2\n[Publish/build] Non-terminating error while running 'git clone': some refs were not updated\n[Publish/build]   \u2601  git clone 'https://github.com/actions/upload-artifact' # ref=v3\n[Publish/build]   \u2601  git clone 'https://github.com/actions/upload-artifact' # ref=v3\n[Publish/build] \u2b50 Run Main Checkout\n[Publish/build]   \u2705  Success - Main Checkout\n[Publish/build] \u2b50 Run Main Setup Java\n[Publish/build]   \ud83d\udc33  docker cp src=/home/andre-silva/.cache/act/actions-setup-java@v3/ dst=/var/run/act/actions/actions-setup-java@v3/\n[Publish/build]   \ud83d\udc33  docker exec cmd=[chown -R 1012:1000 /var/run/act/actions/actions-setup-java@v3/] user=0 workdir=\n[Publish/build]   \ud83d\udc33  docker exec cmd=[node /var/run/act/actions/actions-setup-java@v3/dist/setup/index.js] user= workdir=\n[Publish/build]   \u2753  ::group::Installed distributions\n[Publish/build]   | Trying to resolve the latest version from remote\n[Publish/build]   \ud83d\udcac  ::debug::Gathering available versions from 'https://api.azul.com/zulu/download/community/v1.0/bundles/?os=linux&ext=tar.gz&bundle_type=jdk&javafx=false&arch=x86&hw_bitness=64&release_status=ga'\n[Publish/build]   | Resolved latest version as 13.0.14+5\n[Publish/build]   | Trying to download...\n[Publish/build]   | Downloading Java 13.0.14+5 (Zulu) from https://cdn.azul.com/zulu/bin/zulu13.54.17-ca-jdk13.0.14-linux_x64.tar.gz ...\n[Publish/build]   \ud83d\udcac  ::debug::Downloading https://cdn.azul.com/zulu/bin/zulu13.54.17-ca-jdk13.0.14-linux_x64.tar.gz\n[Publish/build]   \ud83d\udcac  ::debug::Destination /tmp/829f10e9-dc16-47bb-9d86-a0ae687ac53b\n[Publish/build]   \ud83d\udcac  ::debug::download complete\n[Publish/build]   | Extracting Java archive...\n[Publish/build]   \ud83d\udcac  ::debug::Checking tar --version\n[Publish/build]   \ud83d\udcac  ::debug::tar (GNU tar) 1.30%0ACopyright (C) 2017 Free Software Foundation, Inc.%0ALicense GPLv3+: GNU GPL version 3 or later <https://gnu.org/licenses/gpl.html>.%0AThis is free software: you are free to change and redistribute it.%0AThere is NO WARRANTY, to the extent permitted by law.%0A%0AWritten by John Gilmore and Jay Fenlason.\n[Publish/build]   | [command]/usr/bin/tar xz --warning=no-unknown-keyword -C /tmp/21fba6cc-23ce-4d24-983d-413f3efaf586 -f /tmp/829f10e9-dc16-47bb-9d86-a0ae687ac53b\n[Publish/build]   \ud83d\udcac  ::debug::Caching tool Java_Zulu_jdk 13.0.14-5 x64\n[Publish/build]   \ud83d\udcac  ::debug::source dir: /tmp/21fba6cc-23ce-4d24-983d-413f3efaf586/zulu13.54.17-ca-jdk13.0.14-linux_x64\n[Publish/build]   \ud83d\udcac  ::debug::destination /opt/hostedtoolcache/Java_Zulu_jdk/13.0.14-5/x64\n[Publish/build]   \ud83d\udcac  ::debug::finished caching tool\n[Publish/build]   | Java 13.0.14+5 was downloaded\n[Publish/build]   | Setting Java 13.0.14+5 as the default\n[Publish/build]   | Creating toolchains.xml for JDK version 13 from zulu\n[Publish/build]   | Writing to /home/runneradmin/.m2/toolchains.xml\n[Publish/build]   | \n[Publish/build]   | Java configuration:\n[Publish/build]   |   Distribution: zulu\n[Publish/build]   |   Version: 13.0.14+5\n[Publish/build]   |   Path: /opt/hostedtoolcache/Java_Zulu_jdk/13.0.14-5/x64\n[Publish/build]   | \n[Publish/build]   \u2753  ::endgroup::\n[Publish/build]   \u2753 add-matcher /run/act/actions/actions-setup-java@v3/.github/java.json\n[Publish/build]   | Creating settings.xml with server-id: github\n[Publish/build]   | Writing to /home/runneradmin/.m2/settings.xml\n[Publish/build]   \ud83d\udea7  ::warning::The runner was not able to contact the cache service. Caching will be skipped\n[Publish/build]   \u2705  Success - Main Setup Java\n[Publish/build]   \u2699  ::set-env:: JAVA_HOME=/opt/hostedtoolcache/Java_Zulu_jdk/13.0.14-5/x64\n[Publish/build]   \u2699  ::set-env:: JAVA_HOME_13_X64=/opt/hostedtoolcache/Java_Zulu_jdk/13.0.14-5/x64\n[Publish/build]   \u2699  ::set-output:: version=13.0.14+5\n[Publish/build]   \u2699  ::set-output:: distribution=Zulu\n[Publish/build]   \u2699  ::set-output:: path=/opt/hostedtoolcache/Java_Zulu_jdk/13.0.14-5/x64\n[Publish/build]   \u2699  ::add-path:: /opt/hostedtoolcache/Java_Zulu_jdk/13.0.14-5/x64/bin\n[Publish/build] \u2b50 Run Main Setup Gradle\n[Publish/build]   \ud83d\udc33  docker cp src=/home/andre-silva/.cache/act/gradle-gradle-build-action@v2/ dst=/var/run/act/actions/gradle-gradle-build-action@v2/\n[Publish/build]   \ud83d\udc33  docker exec cmd=[chown -R 1012:1000 /var/run/act/actions/gradle-gradle-build-action@v2/] user=0 workdir=\n[Publish/build]   \ud83d\udc33  docker exec cmd=[node /var/run/act/actions/gradle-gradle-build-action@v2/dist/main/index.js] user= workdir=\n[Publish/build]   \ud83d\udcac  ::debug::Determined user.home from java -version output: '/home/runneradmin'\n[Publish/build]   | Cache is disabled: will not restore state from previous builds.\n[Publish/build]   \u2705  Success - Main Setup Gradle\n[Publish/build]   \u2699  ::set-env:: GRADLE_BUILD_ACTION_SETUP_COMPLETED=true\n[Publish/build]   \u2699  ::set-env:: GRADLE_BUILD_ACTION_CACHE_RESTORED=true\n[Publish/build] \u2b50 Run Main Build and Publish\n[Publish/build]   \ud83d\udc33  docker exec cmd=[bash --noprofile --norc -e -o pipefail /var/run/act/workflow/3] user= workdir=\n[Publish/build]   | Downloading https://services.gradle.org/distributions/gradle-7.4-bin.zip\n[Publish/build]   | ...........10%...........20%...........30%...........40%...........50%...........60%...........70%...........80%...........90%...........100%\n[Publish/build]   | \n[Publish/build]   | Welcome to Gradle 7.4!\n[Publish/build]   | \n[Publish/build]   | Here are the highlights of this release:\n[Publish/build]   |  - Aggregated test and JaCoCo reports\n[Publish/build]   |  - Marking additional test source directories as tests in IntelliJ\n[Publish/build]   |  - Support for Adoptium JDKs in Java toolchains\n[Publish/build]   | \n[Publish/build]   | For more details see https://docs.gradle.org/7.4/release-notes.html\n[Publish/build]   | \n[Publish/build]   | To honour the JVM settings for this build a single-use Daemon process will be forked. See https://docs.gradle.org/7.4/userguide/gradle_daemon.html#sec:disabling_the_daemon.\n[Publish/build]   | Daemon will be stopped at the end of the build \n[Publish/build]   | \n[Publish/build]   | > Configure project :\n[Publish/build]   | Version: d54515e\n[Publish/build]   | Publishing to Maven Repo\n[Publish/build]   | Version: d54515e\n[Publish/build]   | Publishing to Maven Repo\n[Publish/build]   | \n[Publish/build]   | > Task :main:compileJava\n[Publish/build]   | > Task :main:processResources NO-SOURCE\n[Publish/build]   | > Task :main:classes\n[Publish/build]   | > Task :main:jar\n[Publish/build]   | > Task :main:javadoc\n[Publish/build]   | > Task :main:javadocJar\n[Publish/build]   | > Task :main:sourcesJar\n[Publish/build]   | > Task :main:assemble\n[Publish/build]   | > Task :main:compileTestJava NO-SOURCE\n[Publish/build]   | > Task :main:processTestResources NO-SOURCE\n[Publish/build]   | > Task :main:testClasses UP-TO-DATE\n[Publish/build]   | > Task :main:test NO-SOURCE\n[Publish/build]   | > Task :main:check UP-TO-DATE\n[Publish/build]   | > Task :main:build\n[Publish/build]   | > Task :plugin:compileJava\n[Publish/build]   | > Task :plugin:processResources\n[Publish/build]   | > Task :plugin:classes\n[Publish/build]   | > Task :plugin:jar\n[Publish/build]   | > Task :plugin:startScripts\n[Publish/build]   | > Task :plugin:distTar\n[Publish/build]   | > Task :plugin:distZip\n[Publish/build]   | > Task :plugin:shadowJar\n[Publish/build]   | > Task :plugin:startShadowScripts\n[Publish/build]   | > Task :plugin:shadowDistTar\n[Publish/build]   | > Task :plugin:shadowDistZip\n[Publish/build]   | > Task :plugin:assemble\n[Publish/build]   | > Task :plugin:compileTestJava NO-SOURCE\n[Publish/build]   | > Task :plugin:processTestResources NO-SOURCE\n[Publish/build]   | > Task :plugin:testClasses UP-TO-DATE\n[Publish/build]   | > Task :plugin:test NO-SOURCE\n[Publish/build]   | > Task :plugin:check UP-TO-DATE\n[Publish/build]   | > Task :plugin:build\n[Publish/build]   | > Task :main:generateMetadataFileForMavenPublication\n[Publish/build]   | > Task :main:generatePomFileForMavenPublication\n[Publish/build]   | > Task :main:publishMavenPublicationToReposiliteRepository FAILED\n[Publish/build]   | \n[Publish/build]   | FAILURE: Build failed with an exception.\n[Publish/build]   | \n[Publish/build]   | * What went wrong:\n[Publish/build]   | Execution failed for task ':main:publishMavenPublicationToReposiliteRepository'.\n[Publish/build]   | > Failed to publish publication 'maven' to repository 'Reposilite'\n[Publish/build]   |    > Could not PUT 'https://maven.topi.wtf/snapshots/com/github/TopiSenpai/LavaSrc/lavasrc/d54515e/lavasrc-d54515e.jar'. Received status code 401 from server: Unauthorized\n[Publish/build]   | \n[Publish/build]   | * Try:\n[Publish/build]   | > Run with --stacktrace option to get the stack trace.\n[Publish/build]   | > Run with --info or --debug option to get more log output.\n[Publish/build]   | > Run with --scan to get full insights.\n[Publish/build]   | \n[Publish/build]   | * Get more help at https://help.gradle.org\n[Publish/build]   | \n[Publish/build]   | Deprecated Gradle features were used in this build, making it incompatible with Gradle 8.0.\n[Publish/build]   | \n[Publish/build]   | You can use '--warning-mode all' to show the individual deprecation warnings and determine if they come from your own scripts or plugins.\n[Publish/build]   | \n[Publish/build]   | See https://docs.gradle.org/7.4/userguide/command_line_interface.html#sec:command_line_warnings\n[Publish/build]   | \n[Publish/build]   | BUILD FAILED in 45s\n[Publish/build]   | 18 actionable tasks: 18 executed\n[Publish/build]   \u274c  Failure - Main Build and Publish\n[Publish/build] exitcode '1': failure\n[Publish/build] \u2b50 Run Post Setup Gradle\n[Publish/build]   \ud83d\udc33  docker exec cmd=[node /var/run/act/actions/gradle-gradle-build-action@v2/dist/post/index.js] user= workdir=\n[Publish/build]   | In final post-action step, saving state and writing summary\n[Publish/build]   | Cache is disabled: will not save state for later builds.\n[Publish/build]   | Writing job summary\n[Publish/build]   \u2705  Success - Post Setup Gradle\n[Publish/build] \u2b50 Run Post Setup Java\n[Publish/build]   \ud83d\udc33  docker exec cmd=[node /var/run/act/actions/actions-setup-java@v3/dist/cleanup/index.js] user= workdir=\n[Publish/build]   \ud83d\udea7  ::warning::Error retrieving key from state.\n[Publish/build]   \u2705  Success - Post Setup Java\n[Publish/build] \ud83c\udfc1  Job failed\n",
        "stderr": "Error: Job 'build' failed\n",
        "workflow": "/tmp/569e0364-0b80-11ee-a890-af2cc187fc11/topi314-LavaSrc/.github/workflows/publish-crawler.yml",
        "build_tool": "gradle",
        "elapsed_time": 176.88302850723267
    }
}