{
    "repository": "Twitter4J/Twitter4J",
    "stars": 2709,
    "language": "java",
    "size": 12417,
    "clone_url": "https://github.com/Twitter4J/Twitter4J.git",
    "timestamp": "2023-06-15T13:28:16.897718Z",
    "clone_success": true,
    "number of actions": 0,
    "number_of_test_actions": 1,
    "actions_successful": false,
    "number_of_actions": 1,
    "actions_build_tools": [
        "gradle"
    ],
    "actions_test_build_tools": [
        "gradle"
    ],
    "actions_data": {
        "failed": true,
        "tests": [],
        "stdout": "[Java CI with Gradle/build] \ud83d\ude80  Start image=crawlergpt:latest\n[Java CI with Gradle/build]   \ud83d\udc33  docker pull image=crawlergpt:latest platform= username= forcePull=false\n[Java CI with Gradle/build]   \ud83d\udc33  docker create image=crawlergpt:latest platform= entrypoint=[\"tail\" \"-f\" \"/dev/null\"] cmd=[]\n[Java CI with Gradle/build]   \ud83d\udc33  docker run image=crawlergpt:latest platform= entrypoint=[\"tail\" \"-f\" \"/dev/null\"] cmd=[]\n[Java CI with Gradle/build]   \ud83d\udc33  docker exec cmd=[chown -R 1012:1000 /tmp/569e0364-0b80-11ee-a890-af2cc187fc11/Twitter4J-Twitter4J] user=0 workdir=\n[Java CI with Gradle/build]   \u2601  git clone 'https://github.com/actions/setup-java' # ref=v2\n[Java CI with Gradle/build] Non-terminating error while running 'git clone': some refs were not updated\n[Java CI with Gradle/build] \u2b50 Run Main actions/checkout@v2\n[Java CI with Gradle/build]   \u2705  Success - Main actions/checkout@v2\n[Java CI with Gradle/build] \u2b50 Run Main Set up JDK 17\n[Java CI with Gradle/build]   \ud83d\udc33  docker cp src=/home/andre-silva/.cache/act/actions-setup-java@v2/ dst=/var/run/act/actions/actions-setup-java@v2/\n[Java CI with Gradle/build]   \ud83d\udc33  docker exec cmd=[chown -R 1012:1000 /var/run/act/actions/actions-setup-java@v2/] user=0 workdir=\n[Java CI with Gradle/build]   \ud83d\udc33  docker exec cmd=[node /var/run/act/actions/actions-setup-java@v2/dist/setup/index.js] user= workdir=\n[Java CI with Gradle/build]   | Trying to resolve the latest version from remote\n[Java CI with Gradle/build]   | Resolved latest version as 17.0.7+7\n[Java CI with Gradle/build]   | Trying to download...\n[Java CI with Gradle/build]   | Downloading Java 17.0.7+7 (Liberica) from https://github.com/bell-sw/Liberica/releases/download/17.0.7+7/bellsoft-jdk17.0.7+7-linux-amd64.tar.gz ...\n[Java CI with Gradle/build]   \ud83d\udcac  ::debug::Downloading https://github.com/bell-sw/Liberica/releases/download/17.0.7+7/bellsoft-jdk17.0.7+7-linux-amd64.tar.gz\n[Java CI with Gradle/build]   \ud83d\udcac  ::debug::Destination /tmp/41b7abde-da7d-473c-90b0-92c9314472e2\n[Java CI with Gradle/build]   \ud83d\udcac  ::debug::download complete\n[Java CI with Gradle/build]   | Extracting Java archive...\n[Java CI with Gradle/build]   \ud83d\udcac  ::debug::Checking tar --version\n[Java CI with Gradle/build]   \ud83d\udcac  ::debug::tar (GNU tar) 1.30%0ACopyright (C) 2017 Free Software Foundation, Inc.%0ALicense GPLv3+: GNU GPL version 3 or later <https://gnu.org/licenses/gpl.html>.%0AThis is free software: you are free to change and redistribute it.%0AThere is NO WARRANTY, to the extent permitted by law.%0A%0AWritten by John Gilmore and Jay Fenlason.\n[Java CI with Gradle/build]   | [command]/usr/bin/tar xz --warning=no-unknown-keyword -C /tmp/f119d573-4f53-4273-a9b1-8268c5cfa952 -f /tmp/41b7abde-da7d-473c-90b0-92c9314472e2\n[Java CI with Gradle/build]   \ud83d\udcac  ::debug::Caching tool Java_Liberica_jdk 17.0.7-7 x64\n[Java CI with Gradle/build]   \ud83d\udcac  ::debug::source dir: /tmp/f119d573-4f53-4273-a9b1-8268c5cfa952/jdk-17.0.7\n[Java CI with Gradle/build]   \ud83d\udcac  ::debug::destination /opt/hostedtoolcache/Java_Liberica_jdk/17.0.7-7/x64\n[Java CI with Gradle/build]   \ud83d\udcac  ::debug::finished caching tool\n[Java CI with Gradle/build]   | Java 17.0.7+7 was downloaded\n[Java CI with Gradle/build]   | Setting Java 17.0.7+7 as the default\n[Java CI with Gradle/build]   | \n[Java CI with Gradle/build]   | Java configuration:\n[Java CI with Gradle/build]   |   Distribution: liberica\n[Java CI with Gradle/build]   |   Version: 17.0.7+7\n[Java CI with Gradle/build]   |   Path: /opt/hostedtoolcache/Java_Liberica_jdk/17.0.7-7/x64\n[Java CI with Gradle/build]   | \n[Java CI with Gradle/build]   \u2753 add-matcher /run/act/actions/actions-setup-java@v2/.github/java.json\n[Java CI with Gradle/build]   | Creating settings.xml with server-id: github\n[Java CI with Gradle/build]   | Writing to /home/runneradmin/.m2/settings.xml\n[Java CI with Gradle/build]   \u2705  Success - Main Set up JDK 17\n[Java CI with Gradle/build]   \u2699  ::set-env:: JAVA_HOME=/opt/hostedtoolcache/Java_Liberica_jdk/17.0.7-7/x64\n[Java CI with Gradle/build]   \u2699  ::set-output:: version=17.0.7+7\n[Java CI with Gradle/build]   \u2699  ::set-output:: distribution=Liberica\n[Java CI with Gradle/build]   \u2699  ::set-output:: path=/opt/hostedtoolcache/Java_Liberica_jdk/17.0.7-7/x64\n[Java CI with Gradle/build]   \u2699  ::add-path:: /opt/hostedtoolcache/Java_Liberica_jdk/17.0.7-7/x64/bin\n[Java CI with Gradle/build] \u2b50 Run Main Update .env file\n[Java CI with Gradle/build]   \ud83d\udc33  docker exec cmd=[bash --noprofile --norc -e -o pipefail /var/run/act/workflow/2] user= workdir=\n[Java CI with Gradle/build]   \u2705  Success - Main Update .env file\n[Java CI with Gradle/build] \u2b50 Run Main Grant execute permission for gradlew\n[Java CI with Gradle/build]   \ud83d\udc33  docker exec cmd=[bash --noprofile --norc -e -o pipefail /var/run/act/workflow/3] user= workdir=\n[Java CI with Gradle/build]   \u2705  Success - Main Grant execute permission for gradlew\n[Java CI with Gradle/build] \u2b50 Run Main Build with Gradle\n[Java CI with Gradle/build]   \ud83d\udc33  docker exec cmd=[bash --noprofile --norc -e -o pipefail /var/run/act/workflow/4] user= workdir=\n[Java CI with Gradle/build]   | Downloading https://services.gradle.org/distributions/gradle-7.5.1-bin.zip\n[Java CI with Gradle/build]   | ...........10%............20%...........30%............40%...........50%............60%...........70%............80%...........90%............100%\n[Java CI with Gradle/build]   | \n[Java CI with Gradle/build]   | Welcome to Gradle 7.5.1!\n[Java CI with Gradle/build]   | \n[Java CI with Gradle/build]   | Here are the highlights of this release:\n[Java CI with Gradle/build]   |  - Support for Java 18\n[Java CI with Gradle/build]   |  - Support for building with Groovy 4\n[Java CI with Gradle/build]   |  - Much more responsive continuous builds\n[Java CI with Gradle/build]   |  - Improved diagnostics for dependency resolution\n[Java CI with Gradle/build]   | \n[Java CI with Gradle/build]   | For more details see https://docs.gradle.org/7.5.1/release-notes.html\n[Java CI with Gradle/build]   | \n[Java CI with Gradle/build]   | Starting a Gradle Daemon (subsequent builds will be faster)\n[Java CI with Gradle/build]   | > Task :compileJava NO-SOURCE\n[Java CI with Gradle/build]   | > Task :processResources NO-SOURCE\n[Java CI with Gradle/build]   | > Task :classes UP-TO-DATE\n[Java CI with Gradle/build]   | > Task :jar\n[Java CI with Gradle/build]   | > Task :javadoc NO-SOURCE\n[Java CI with Gradle/build]   | > Task :javadocJar\n[Java CI with Gradle/build]   | > Task :sourcesJar\n[Java CI with Gradle/build]   | > Task :assemble\n[Java CI with Gradle/build]   | > Task :compileTestJava NO-SOURCE\n[Java CI with Gradle/build]   | > Task :processTestResources NO-SOURCE\n[Java CI with Gradle/build]   | > Task :testClasses UP-TO-DATE\n[Java CI with Gradle/build]   | > Task :test NO-SOURCE\n[Java CI with Gradle/build]   | > Task :check UP-TO-DATE\n[Java CI with Gradle/build]   | > Task :build\n[Java CI with Gradle/build]   | \n[Java CI with Gradle/build]   | > Task :twitter4j-core:compileJava\n[Java CI with Gradle/build]   | Note: Some input files use unchecked or unsafe operations.\n[Java CI with Gradle/build]   | Note: Recompile with -Xlint:unchecked for details.\n[Java CI with Gradle/build]   | \n[Java CI with Gradle/build]   | > Task :twitter4j-core:processResources\n[Java CI with Gradle/build]   | > Task :twitter4j-core:classes\n[Java CI with Gradle/build]   | \n[Java CI with Gradle/build]   | > Task :twitter4j-core:module-info:compileJava\n[Java CI with Gradle/build]   | Note: Some input files use unchecked or unsafe operations.\n[Java CI with Gradle/build]   | Note: Recompile with -Xlint:unchecked for details.\n[Java CI with Gradle/build]   | \n[Java CI with Gradle/build]   | > Task :twitter4j-core:jar\n[Java CI with Gradle/build]   | > Task :twitter4j-core:javadoc\n[Java CI with Gradle/build]   | > Task :twitter4j-core:javadocJar\n[Java CI with Gradle/build]   | > Task :twitter4j-core:assemble\n[Java CI with Gradle/build]   | > Task :twitter4j-core:compileTestJava\n[Java CI with Gradle/build]   | > Task :twitter4j-core:processTestResources\n[Java CI with Gradle/build]   | > Task :twitter4j-core:testClasses\n[Java CI with Gradle/build]   | \n[Java CI with Gradle/build]   | > Task :twitter4j-core:test\n[Java CI with Gradle/build]   | \n[Java CI with Gradle/build]   | OAuthTest > testEncodeParameter() FAILED\n[Java CI with Gradle/build]   |     java.lang.NoClassDefFoundError at NativeConstructorAccessorImpl.java:-2\n[Java CI with Gradle/build]   |         Caused by: java.lang.ExceptionInInitializerError at TwitterTestBase.java:106\n[Java CI with Gradle/build]   | \n[Java CI with Gradle/build]   | ListResourcesTest > testRemoveListMembers() FAILED\n[Java CI with Gradle/build]   |     java.lang.NoClassDefFoundError at NativeConstructorAccessorImpl.java:-2\n[Java CI with Gradle/build]   |         Caused by: java.lang.ExceptionInInitializerError at NativeConstructorAccessorImpl.java:-2\n[Java CI with Gradle/build]   | \n[Java CI with Gradle/build]   | DAOTest > testStatusAsJSON() FAILED\n[Java CI with Gradle/build]   |     java.lang.NoClassDefFoundError at NativeConstructorAccessorImpl.java:-2\n[Java CI with Gradle/build]   |         Caused by: java.lang.ExceptionInInitializerError at NativeConstructorAccessorImpl.java:-2\n[Java CI with Gradle/build]   | \n[Java CI with Gradle/build]   | ApplicationOnlyAuthTest > testSettingAccessTokenFromPropertyFile() FAILED\n[Java CI with Gradle/build]   |     java.lang.NoClassDefFoundError at NativeConstructorAccessorImpl.java:-2\n[Java CI with Gradle/build]   |         Caused by: java.lang.ExceptionInInitializerError at TwitterTestBase.java:106\n[Java CI with Gradle/build]   | \n[Java CI with Gradle/build]   | UsersResourcesTest > testAccountMethods() FAILED\n[Java CI with Gradle/build]   |     java.lang.NoClassDefFoundError at NativeConstructorAccessorImpl.java:-2\n[Java CI with Gradle/build]   |         Caused by: java.lang.ExceptionInInitializerError at NativeConstructorAccessorImpl.java:-2\n[Java CI with Gradle/build]   | \n[Java CI with Gradle/build]   | TweetsResourcesTest > testShowStatus() FAILED\n[Java CI with Gradle/build]   |     java.lang.NoClassDefFoundError at NativeConstructorAccessorImpl.java:-2\n[Java CI with Gradle/build]   |         Caused by: java.lang.ExceptionInInitializerError at NativeConstructorAccessorImpl.java:-2\n[Java CI with Gradle/build]   | \n[Java CI with Gradle/build]   | UsersResourcesTest > testLookupUsers() FAILED\n[Java CI with Gradle/build]   |     java.lang.NoClassDefFoundError at NativeConstructorAccessorImpl.java:-2\n[Java CI with Gradle/build]   |         Caused by: java.lang.ExceptionInInitializerError at NativeConstructorAccessorImpl.java:-2\n[Java CI with Gradle/build]   | \n[Java CI with Gradle/build]   | TweetsResourcesTest > testUploadMediaByFile() FAILED\n[Java CI with Gradle/build]   |     java.lang.NoClassDefFoundError at NativeConstructorAccessorImpl.java:-2\n[Java CI with Gradle/build]   |         Caused by: java.lang.ExceptionInInitializerError at TwitterTestBase.java:106\n[Java CI with Gradle/build]   | \n[Java CI with Gradle/build]   | OAuthTest > testSign() FAILED\n[Java CI with Gradle/build]   |     java.lang.NoClassDefFoundError at NativeConstructorAccessorImpl.java:-2\n[Java CI with Gradle/build]   |         Caused by: java.lang.ExceptionInInitializerError at NativeConstructorAccessorImpl.java:-2\n[Java CI with Gradle/build]   | \n[Java CI with Gradle/build]   | TweetsResourcesTest > testStatusMethods() FAILED\n[Java CI with Gradle/build]   |     java.lang.NoClassDefFoundError at NativeConstructorAccessorImpl.java:-2\n[Java CI with Gradle/build]   |         Caused by: java.lang.ExceptionInInitializerError at NativeConstructorAccessorImpl.java:-2\n[Java CI with Gradle/build]   | \n[Java CI with Gradle/build]   | OAuthTest > testOAuth() FAILED\n[Java CI with Gradle/build]   |     java.lang.NoClassDefFoundError at NativeConstructorAccessorImpl.java:-2\n[Java CI with Gradle/build]   |         Caused by: java.lang.ExceptionInInitializerError at NativeConstructorAccessorImpl.java:-2\n[Java CI with Gradle/build]   | \n[Java CI with Gradle/build]   | UsersResourcesTest > testBanner() FAILED\n[Java CI with Gradle/build]   |     java.lang.NoClassDefFoundError at NativeConstructorAccessorImpl.java:-2\n[Java CI with Gradle/build]   |         Caused by: java.lang.ExceptionInInitializerError at NativeConstructorAccessorImpl.java:-2\n[Java CI with Gradle/build]   | \n[Java CI with Gradle/build]   | DAOTest > testPlaceAsJSON() FAILED\n[Java CI with Gradle/build]   |     java.lang.NoClassDefFoundError at NativeConstructorAccessorImpl.java:-2\n[Java CI with Gradle/build]   |         Caused by: java.lang.ExceptionInInitializerError at NativeConstructorAccessorImpl.java:-2\n[Java CI with Gradle/build]   | \n[Java CI with Gradle/build]   | FriendsFollowersResourcesTest > testLookupFriendships() FAILED\n[Java CI with Gradle/build]   |     java.lang.NoClassDefFoundError at NativeConstructorAccessorImpl.java:-2\n[Java CI with Gradle/build]   |         Caused by: java.lang.ExceptionInInitializerError at NativeConstructorAccessorImpl.java:-2\n[Java CI with Gradle/build]   | \n[Java CI with Gradle/build]   | OAuthTest > testDeterministic() FAILED\n[Java CI with Gradle/build]   |     java.lang.NoClassDefFoundError at NativeConstructorAccessorImpl.java:-2\n[Java CI with Gradle/build]   |         Caused by: java.lang.ExceptionInInitializerError at NativeConstructorAccessorImpl.java:-2\n[Java CI with Gradle/build]   | \n[Java CI with Gradle/build]   | TimelineResourcesTest > testUserTimeline() FAILED\n[Java CI with Gradle/build]   |     java.lang.NoClassDefFoundError at NativeConstructorAccessorImpl.java:-2\n[Java CI with Gradle/build]   |         Caused by: java.lang.ExceptionInInitializerError at TwitterTestBase.java:106\n[Java CI with Gradle/build]   | \n[Java CI with Gradle/build]   | OAuthTest > testConstructRequestURL() FAILED\n[Java CI with Gradle/build]   |     java.lang.NoClassDefFoundError at NativeConstructorAccessorImpl.java:-2\n[Java CI with Gradle/build]   |         Caused by: java.lang.ExceptionInInitializerError at NativeConstructorAccessorImpl.java:-2\n[Java CI with Gradle/build]   | \n[Java CI with Gradle/build]   | PlaceGeoResourcesTest > testGeoLocation() FAILED\n[Java CI with Gradle/build]   |     java.lang.NoClassDefFoundError at NativeConstructorAccessorImpl.java:-2\n[Java CI with Gradle/build]   |         Caused by: java.lang.ExceptionInInitializerError at NativeConstructorAccessorImpl.java:-2\n[Java CI with Gradle/build]   | \n[Java CI with Gradle/build]   | TweetsResourcesTest > testLookup() FAILED\n[Java CI with Gradle/build]   |     java.lang.NoClassDefFoundError at NativeConstructorAccessorImpl.java:-2\n[Java CI with Gradle/build]   |         Caused by: java.lang.ExceptionInInitializerError at NativeConstructorAccessorImpl.java:-2\n[Java CI with Gradle/build]   | \n[Java CI with Gradle/build]   | FriendsFollowersResourcesTest > testFriendsFollowersListWithSkipStatusIncludeUserEntities() FAILED\n[Java CI with Gradle/build]   |     java.lang.NoClassDefFoundError at NativeConstructorAccessorImpl.java:-2\n[Java CI with Gradle/build]   |         Caused by: java.lang.ExceptionInInitializerError at TwitterTestBase.java:106\n[Java CI with Gradle/build]   | \n[Java CI with Gradle/build]   | FriendsFollowersResourcesTest > testIncomingOutgoingFriendships() FAILED\n[Java CI with Gradle/build]   |     java.lang.NoClassDefFoundError at NativeConstructorAccessorImpl.java:-2\n[Java CI with Gradle/build]   |         Caused by: java.lang.ExceptionInInitializerError at NativeConstructorAccessorImpl.java:-2\n[Java CI with Gradle/build]   | \n[Java CI with Gradle/build]   | DAOTest > testRetweetStatusAsJSON() FAILED\n[Java CI with Gradle/build]   |     java.lang.NoClassDefFoundError at NativeConstructorAccessorImpl.java:-2\n[Java CI with Gradle/build]   |         Caused by: java.lang.ExceptionInInitializerError at NativeConstructorAccessorImpl.java:-2\n[Java CI with Gradle/build]   | \n[Java CI with Gradle/build]   | PlaceGeoResourcesTest > testGeoMethods() FAILED\n[Java CI with Gradle/build]   |     java.lang.NoClassDefFoundError at NativeConstructorAccessorImpl.java:-2\n[Java CI with Gradle/build]   |         Caused by: java.lang.ExceptionInInitializerError at TwitterTestBase.java:106\n[Java CI with Gradle/build]   | \n[Java CI with Gradle/build]   | OAuthTest > testNormalizeRequestParameters() FAILED\n[Java CI with Gradle/build]   |     java.lang.NoClassDefFoundError at NativeConstructorAccessorImpl.java:-2\n[Java CI with Gradle/build]   |         Caused by: java.lang.ExceptionInInitializerError at NativeConstructorAccessorImpl.java:-2\n[Java CI with Gradle/build]   | \n[Java CI with Gradle/build]   | SearchAPITest > testEasyPaging2() FAILED\n[Java CI with Gradle/build]   |     java.lang.NoClassDefFoundError at NativeConstructorAccessorImpl.java:-2\n[Java CI with Gradle/build]   |         Caused by: java.lang.ExceptionInInitializerError at NativeConstructorAccessorImpl.java:-2\n[Java CI with Gradle/build]   | \n[Java CI with Gradle/build]   | UsersResourcesTest > testMuteMethods() FAILED\n[Java CI with Gradle/build]   |     java.lang.NoClassDefFoundError at NativeConstructorAccessorImpl.java:-2\n[Java CI with Gradle/build]   |         Caused by: java.lang.ExceptionInInitializerError at TwitterTestBase.java:106\n[Java CI with Gradle/build]   | \n[Java CI with Gradle/build]   | SearchAPITest > testEasyPaging() FAILED\n[Java CI with Gradle/build]   |     java.lang.NoClassDefFoundError at NativeConstructorAccessorImpl.java:-2\n[Java CI with Gradle/build]   |         Caused by: java.lang.ExceptionInInitializerError at TwitterTestBase.java:106\n[Java CI with Gradle/build]   | \n[Java CI with Gradle/build]   | ListResourcesTest > testPagingCountDosentWork2() FAILED\n[Java CI with Gradle/build]   |     java.lang.NoClassDefFoundError at NativeConstructorAccessorImpl.java:-2\n[Java CI with Gradle/build]   |         Caused by: java.lang.ExceptionInInitializerError at NativeConstructorAccessorImpl.java:-2\n[Java CI with Gradle/build]   | \n[Java CI with Gradle/build]   | FavoritesResourcesTest > testFavoriteMethods() FAILED\n[Java CI with Gradle/build]   |     java.lang.NoClassDefFoundError at NativeConstructorAccessorImpl.java:-2\n[Java CI with Gradle/build]   |         Caused by: java.lang.ExceptionInInitializerError at TwitterTestBase.java:106\n[Java CI with Gradle/build]   | \n[Java CI with Gradle/build]   | TimelineResourcesTest > testGetHomeTimeline() FAILED\n[Java CI with Gradle/build]   |     java.lang.NoClassDefFoundError at NativeConstructorAccessorImpl.java:-2\n[Java CI with Gradle/build]   |         Caused by: java.lang.ExceptionInInitializerError at NativeConstructorAccessorImpl.java:-2\n[Java CI with Gradle/build]   | \n[Java CI with Gradle/build]   | TweetsResourcesTest > testEntities() FAILED\n[Java CI with Gradle/build]   |     java.lang.NoClassDefFoundError at NativeConstructorAccessorImpl.java:-2\n[Java CI with Gradle/build]   |         Caused by: java.lang.ExceptionInInitializerError at NativeConstructorAccessorImpl.java:-2\n[Java CI with Gradle/build]   | \n[Java CI with Gradle/build]   | FriendsFollowersResourcesTest > testCreateDestroyFriend() FAILED\n[Java CI with Gradle/build]   |     java.lang.NoClassDefFoundError at NativeConstructorAccessorImpl.java:-2\n[Java CI with Gradle/build]   |         Caused by: java.lang.ExceptionInInitializerError at NativeConstructorAccessorImpl.java:-2\n[Java CI with Gradle/build]   | \n[Java CI with Gradle/build]   | ListResourcesTest > testListMemberMethods() FAILED\n[Java CI with Gradle/build]   |     java.lang.NoClassDefFoundError at NativeConstructorAccessorImpl.java:-2\n[Java CI with Gradle/build]   |         Caused by: java.lang.ExceptionInInitializerError at NativeConstructorAccessorImpl.java:-2\n[Java CI with Gradle/build]   | \n[Java CI with Gradle/build]   | FriendsFollowersResourcesTest > testRelationship() FAILED\n[Java CI with Gradle/build]   |     java.lang.NoClassDefFoundError at NativeConstructorAccessorImpl.java:-2\n[Java CI with Gradle/build]   |         Caused by: java.lang.ExceptionInInitializerError at NativeConstructorAccessorImpl.java:-2\n[Java CI with Gradle/build]   | \n[Java CI with Gradle/build]   | ListResourcesTest > testUserListsOwnerships() FAILED\n[Java CI with Gradle/build]   |     java.lang.NoClassDefFoundError at NativeConstructorAccessorImpl.java:-2\n[Java CI with Gradle/build]   |         Caused by: java.lang.ExceptionInInitializerError at TwitterTestBase.java:106\n[Java CI with Gradle/build]   | \n[Java CI with Gradle/build]   | ListResourcesTest > testListSubscribersMethods() FAILED\n[Java CI with Gradle/build]   |     java.lang.NoClassDefFoundError at NativeConstructorAccessorImpl.java:-2\n[Java CI with Gradle/build]   |         Caused by: java.lang.ExceptionInInitializerError at NativeConstructorAccessorImpl.java:-2\n[Java CI with Gradle/build]   | \n[Java CI with Gradle/build]   | SearchAPITest > testSearch() FAILED\n[Java CI with Gradle/build]   |     java.lang.NoClassDefFoundError at NativeConstructorAccessorImpl.java:-2\n[Java CI with Gradle/build]   |         Caused by: java.lang.ExceptionInInitializerError at NativeConstructorAccessorImpl.java:-2\n[Java CI with Gradle/build]   | \n[Java CI with Gradle/build]   | TweetsResourcesTest > testRetweetMethods() FAILED\n[Java CI with Gradle/build]   |     java.lang.NoClassDefFoundError at NativeConstructorAccessorImpl.java:-2\n[Java CI with Gradle/build]   |         Caused by: java.lang.ExceptionInInitializerError at NativeConstructorAccessorImpl.java:-2\n[Java CI with Gradle/build]   | \n[Java CI with Gradle/build]   | TwitterTest > testGetAccessLevel() FAILED\n[Java CI with Gradle/build]   |     java.lang.NoClassDefFoundError at NativeConstructorAccessorImpl.java:-2\n[Java CI with Gradle/build]   |         Caused by: java.lang.ExceptionInInitializerError at TwitterTestBase.java:106\n[Java CI with Gradle/build]   | \n[Java CI with Gradle/build]   | TweetsResourcesTest > testUploadMediaByStream() FAILED\n[Java CI with Gradle/build]   |     java.lang.NoClassDefFoundError at NativeConstructorAccessorImpl.java:-2\n[Java CI with Gradle/build]   |         Caused by: java.lang.ExceptionInInitializerError at NativeConstructorAccessorImpl.java:-2\n[Java CI with Gradle/build]   | \n[Java CI with Gradle/build]   | FriendsFollowersResourcesTest > testFriendsFolowers() FAILED\n[Java CI with Gradle/build]   |     java.lang.NoClassDefFoundError at NativeConstructorAccessorImpl.java:-2\n[Java CI with Gradle/build]   |         Caused by: java.lang.ExceptionInInitializerError at NativeConstructorAccessorImpl.java:-2\n[Java CI with Gradle/build]   | \n[Java CI with Gradle/build]   | FriendsFollowersResourcesTest > testFriendsFollowersList() FAILED\n[Java CI with Gradle/build]   |     java.lang.NoClassDefFoundError at NativeConstructorAccessorImpl.java:-2\n[Java CI with Gradle/build]   |         Caused by: java.lang.ExceptionInInitializerError at NativeConstructorAccessorImpl.java:-2\n[Java CI with Gradle/build]   | \n[Java CI with Gradle/build]   | TimelineResourcesTest > testGetMentions() FAILED\n[Java CI with Gradle/build]   |     java.lang.NoClassDefFoundError at NativeConstructorAccessorImpl.java:-2\n[Java CI with Gradle/build]   |         Caused by: java.lang.ExceptionInInitializerError at NativeConstructorAccessorImpl.java:-2\n[Java CI with Gradle/build]   | \n[Java CI with Gradle/build]   | ListResourcesTest > testPagingCountDosentWork1() FAILED\n[Java CI with Gradle/build]   |     java.lang.NoClassDefFoundError at NativeConstructorAccessorImpl.java:-2\n[Java CI with Gradle/build]   |         Caused by: java.lang.ExceptionInInitializerError at NativeConstructorAccessorImpl.java:-2\n[Java CI with Gradle/build]   | \n[Java CI with Gradle/build]   | DAOTest > testEmptyJSON() FAILED\n[Java CI with Gradle/build]   |     java.lang.NoClassDefFoundError at NativeConstructorAccessorImpl.java:-2\n[Java CI with Gradle/build]   |         Caused by: java.lang.ExceptionInInitializerError at NativeConstructorAccessorImpl.java:-2\n[Java CI with Gradle/build]   | \n[Java CI with Gradle/build]   | SavedSearchesResourcesTest > testSavedSearches() FAILED\n[Java CI with Gradle/build]   |     java.lang.NoClassDefFoundError at NativeConstructorAccessorImpl.java:-2\n[Java CI with Gradle/build]   |         Caused by: java.lang.ExceptionInInitializerError at TwitterTestBase.java:106\n[Java CI with Gradle/build]   | \n[Java CI with Gradle/build]   | DAOTest > testStatusJSONImplSupportsMoreThan100RetweetedStatus() FAILED\n[Java CI with Gradle/build]   |     java.lang.NoClassDefFoundError at NativeConstructorAccessorImpl.java:-2\n[Java CI with Gradle/build]   |         Caused by: java.lang.ExceptionInInitializerError at NativeConstructorAccessorImpl.java:-2\n[Java CI with Gradle/build]   | \n[Java CI with Gradle/build]   | FriendsFollowersResourcesTest > testSocialGraphMethods() FAILED\n[Java CI with Gradle/build]   |     java.lang.NoClassDefFoundError at NativeConstructorAccessorImpl.java:-2\n[Java CI with Gradle/build]   |         Caused by: java.lang.ExceptionInInitializerError at NativeConstructorAccessorImpl.java:-2\n[Java CI with Gradle/build]   | \n[Java CI with Gradle/build]   | TweetsResourcesTest > testOEmbedWithWidgetType() FAILED\n[Java CI with Gradle/build]   |     java.lang.NoClassDefFoundError at NativeConstructorAccessorImpl.java:-2\n[Java CI with Gradle/build]   |         Caused by: java.lang.ExceptionInInitializerError at NativeConstructorAccessorImpl.java:-2\n[Java CI with Gradle/build]   | \n[Java CI with Gradle/build]   | DAOTest > testUserAsJSON() FAILED\n[Java CI with Gradle/build]   |     java.lang.NoClassDefFoundError at NativeConstructorAccessorImpl.java:-2\n[Java CI with Gradle/build]   |         Caused by: java.lang.ExceptionInInitializerError at NativeConstructorAccessorImpl.java:-2\n[Java CI with Gradle/build]   | \n[Java CI with Gradle/build]   | UsersResourcesTest > testSearchUser() FAILED\n[Java CI with Gradle/build]   |     java.lang.NoClassDefFoundError at NativeConstructorAccessorImpl.java:-2\n[Java CI with Gradle/build]   |         Caused by: java.lang.ExceptionInInitializerError at NativeConstructorAccessorImpl.java:-2\n[Java CI with Gradle/build]   | \n[Java CI with Gradle/build]   | DAOTest > testSchema() FAILED\n[Java CI with Gradle/build]   |     java.lang.NoClassDefFoundError at NativeConstructorAccessorImpl.java:-2\n[Java CI with Gradle/build]   |         Caused by: java.lang.ExceptionInInitializerError at NativeConstructorAccessorImpl.java:-2\n[Java CI with Gradle/build]   | \n[Java CI with Gradle/build]   | SearchAPITest > testQuery() FAILED\n[Java CI with Gradle/build]   |     java.lang.NoClassDefFoundError at NativeConstructorAccessorImpl.java:-2\n[Java CI with Gradle/build]   |         Caused by: java.lang.ExceptionInInitializerError at NativeConstructorAccessorImpl.java:-2\n[Java CI with Gradle/build]   | \n[Java CI with Gradle/build]   | DAOTest > testUnparsable() FAILED\n[Java CI with Gradle/build]   |     java.lang.NoClassDefFoundError at NativeConstructorAccessorImpl.java:-2\n[Java CI with Gradle/build]   |         Caused by: java.lang.ExceptionInInitializerError at TwitterTestBase.java:106\n[Java CI with Gradle/build]   | \n[Java CI with Gradle/build]   | UsersResourcesTest > testBlockMethods() FAILED\n[Java CI with Gradle/build]   |     java.lang.NoClassDefFoundError at NativeConstructorAccessorImpl.java:-2\n[Java CI with Gradle/build]   |         Caused by: java.lang.ExceptionInInitializerError at NativeConstructorAccessorImpl.java:-2\n[Java CI with Gradle/build]   | \n[Java CI with Gradle/build]   | TimelineResourcesTest > testRetweetsOfMe() FAILED\n[Java CI with Gradle/build]   |     java.lang.NoClassDefFoundError at NativeConstructorAccessorImpl.java:-2\n[Java CI with Gradle/build]   |         Caused by: java.lang.ExceptionInInitializerError at NativeConstructorAccessorImpl.java:-2\n[Java CI with Gradle/build]   | \n[Java CI with Gradle/build]   | DAOTest > testDirectMessagesAsJSON() FAILED\n[Java CI with Gradle/build]   |     java.lang.NoClassDefFoundError at NativeConstructorAccessorImpl.java:-2\n[Java CI with Gradle/build]   |         Caused by: java.lang.ExceptionInInitializerError at NativeConstructorAccessorImpl.java:-2\n[Java CI with Gradle/build]   | \n[Java CI with Gradle/build]   | HelpResoursesTest > testHelpMethods() FAILED\n[Java CI with Gradle/build]   |     java.lang.NoClassDefFoundError at NativeConstructorAccessorImpl.java:-2\n[Java CI with Gradle/build]   |         Caused by: java.lang.ExceptionInInitializerError at TwitterTestBase.java:106\n[Java CI with Gradle/build]   | \n[Java CI with Gradle/build]   | OAuthTest > testIllegalStatus() FAILED\n[Java CI with Gradle/build]   |     java.lang.NoClassDefFoundError at NativeConstructorAccessorImpl.java:-2\n[Java CI with Gradle/build]   |         Caused by: java.lang.ExceptionInInitializerError at NativeConstructorAccessorImpl.java:-2\n[Java CI with Gradle/build]   | \n[Java CI with Gradle/build]   | OAuthTest > testAccessToken() FAILED\n[Java CI with Gradle/build]   |     java.lang.NoClassDefFoundError at NativeConstructorAccessorImpl.java:-2\n[Java CI with Gradle/build]   |         Caused by: java.lang.ExceptionInInitializerError at NativeConstructorAccessorImpl.java:-2\n[Java CI with Gradle/build]   | \n[Java CI with Gradle/build]   | TwitterTest > testRateLimitStatus() FAILED\n[Java CI with Gradle/build]   |     java.lang.NoClassDefFoundError at NativeConstructorAccessorImpl.java:-2\n[Java CI with Gradle/build]   |         Caused by: java.lang.ExceptionInInitializerError at NativeConstructorAccessorImpl.java:-2\n[Java CI with Gradle/build]   | \n[Java CI with Gradle/build]   | DirectMessagesResourcesTest > testNewDMAPIs() FAILED\n[Java CI with Gradle/build]   |     java.lang.NoClassDefFoundError at NativeConstructorAccessorImpl.java:-2\n[Java CI with Gradle/build]   |         Caused by: java.lang.ExceptionInInitializerError at TwitterTestBase.java:106\n[Java CI with Gradle/build]   | \n[Java CI with Gradle/build]   | OAuthTest > testBrowserClient() FAILED\n[Java CI with Gradle/build]   |     java.lang.NoClassDefFoundError at NativeConstructorAccessorImpl.java:-2\n[Java CI with Gradle/build]   |         Caused by: java.lang.ExceptionInInitializerError at NativeConstructorAccessorImpl.java:-2\n[Java CI with Gradle/build]   | \n[Java CI with Gradle/build]   | DirectMessagesResourcesTest > testQuickResponse() FAILED\n[Java CI with Gradle/build]   |     java.lang.NoClassDefFoundError at NativeConstructorAccessorImpl.java:-2\n[Java CI with Gradle/build]   |         Caused by: java.lang.ExceptionInInitializerError at NativeConstructorAccessorImpl.java:-2\n[Java CI with Gradle/build]   | \n[Java CI with Gradle/build]   | UsersResourcesTest > testShowUser() FAILED\n[Java CI with Gradle/build]   |     java.lang.NoClassDefFoundError at NativeConstructorAccessorImpl.java:-2\n[Java CI with Gradle/build]   |         Caused by: java.lang.ExceptionInInitializerError at NativeConstructorAccessorImpl.java:-2\n[Java CI with Gradle/build]   | \n[Java CI with Gradle/build]   | UsersResourcesTest > testAccountProfileImageUpdates() FAILED\n[Java CI with Gradle/build]   |     java.lang.NoClassDefFoundError at NativeConstructorAccessorImpl.java:-2\n[Java CI with Gradle/build]   |         Caused by: java.lang.ExceptionInInitializerError at NativeConstructorAccessorImpl.java:-2\n[Java CI with Gradle/build]   | \n[Java CI with Gradle/build]   | OAuthTest > testSigninWithTwitter() FAILED\n[Java CI with Gradle/build]   |     java.lang.NoClassDefFoundError at NativeConstructorAccessorImpl.java:-2\n[Java CI with Gradle/build]   |         Caused by: java.lang.ExceptionInInitializerError at NativeConstructorAccessorImpl.java:-2\n[Java CI with Gradle/build]   | \n[Java CI with Gradle/build]   | ListResourcesTest > testListMethods() FAILED\n[Java CI with Gradle/build]   |     java.lang.NoClassDefFoundError at NativeConstructorAccessorImpl.java:-2\n[Java CI with Gradle/build]   |         Caused by: java.lang.ExceptionInInitializerError at NativeConstructorAccessorImpl.java:-2\n[Java CI with Gradle/build]   | \n[Java CI with Gradle/build]   | DAOTest > testLocation() FAILED\n[Java CI with Gradle/build]   |     java.lang.NoClassDefFoundError at NativeConstructorAccessorImpl.java:-2\n[Java CI with Gradle/build]   |         Caused by: java.lang.ExceptionInInitializerError at NativeConstructorAccessorImpl.java:-2\n[Java CI with Gradle/build]   | \n[Java CI with Gradle/build]   | TrendsResourcesTest > testLocalTrendsMethods() FAILED\n[Java CI with Gradle/build]   |     java.lang.ExceptionInInitializerError at NativeConstructorAccessorImpl.java:-2\n[Java CI with Gradle/build]   |         Caused by: java.lang.ArithmeticException at TwitterTestBase.java:106\n[Java CI with Gradle/build]   | \n[Java CI with Gradle/build]   | MBeansIntegrationTest > testMonitoringIntegration() FAILED\n[Java CI with Gradle/build]   |     java.lang.NoClassDefFoundError at NativeConstructorAccessorImpl.java:-2\n[Java CI with Gradle/build]   |         Caused by: java.lang.ExceptionInInitializerError at TwitterTestBase.java:106\n[Java CI with Gradle/build]   | \n[Java CI with Gradle/build]   | TweetsResourcesTest > testOEmbed() FAILED\n[Java CI with Gradle/build]   |     java.lang.NoClassDefFoundError at NativeConstructorAccessorImpl.java:-2\n[Java CI with Gradle/build]   |         Caused by: java.lang.ExceptionInInitializerError at NativeConstructorAccessorImpl.java:-2\n[Java CI with Gradle/build]   | \n[Java CI with Gradle/build]   | OAuthTest > testHeader() FAILED\n[Java CI with Gradle/build]   |     java.lang.NoClassDefFoundError at NativeConstructorAccessorImpl.java:-2\n[Java CI with Gradle/build]   |         Caused by: java.lang.ExceptionInInitializerError at NativeConstructorAccessorImpl.java:-2\n[Java CI with Gradle/build]   | \n[Java CI with Gradle/build]   | ApplicationOnlyAuthTest > testSettingAccessToken1() FAILED\n[Java CI with Gradle/build]   |     java.lang.NoClassDefFoundError at NativeConstructorAccessorImpl.java:-2\n[Java CI with Gradle/build]   |         Caused by: java.lang.ExceptionInInitializerError at NativeConstructorAccessorImpl.java:-2\n[Java CI with Gradle/build]   | \n[Java CI with Gradle/build]   | OAuthTest > testDesktopClient() FAILED\n[Java CI with Gradle/build]   |     java.lang.NoClassDefFoundError at NativeConstructorAccessorImpl.java:-2\n[Java CI with Gradle/build]   |         Caused by: java.lang.ExceptionInInitializerError at NativeConstructorAccessorImpl.java:-2\n[Java CI with Gradle/build]   | \n[Java CI with Gradle/build]   | ApplicationOnlyAuthTest > testSettingAccessToken2() FAILED\n[Java CI with Gradle/build]   |     java.lang.NoClassDefFoundError at NativeConstructorAccessorImpl.java:-2\n[Java CI with Gradle/build]   |         Caused by: java.lang.ExceptionInInitializerError at NativeConstructorAccessorImpl.java:-2\n[Java CI with Gradle/build]   | \n[Java CI with Gradle/build]   | ApplicationOnlyAuthTest > testAuthWithPropertyFile() FAILED\n[Java CI with Gradle/build]   |     java.lang.NoClassDefFoundError at NativeConstructorAccessorImpl.java:-2\n[Java CI with Gradle/build]   |         Caused by: java.lang.ExceptionInInitializerError at NativeConstructorAccessorImpl.java:-2\n[Java CI with Gradle/build]   | \n[Java CI with Gradle/build]   | ApplicationOnlyAuthTest > testAuthWithBuildingConf1() FAILED\n[Java CI with Gradle/build]   |     java.lang.NoClassDefFoundError at NativeConstructorAccessorImpl.java:-2\n[Java CI with Gradle/build]   |         Caused by: java.lang.ExceptionInInitializerError at NativeConstructorAccessorImpl.java:-2\n[Java CI with Gradle/build]   | \n[Java CI with Gradle/build]   | ApplicationOnlyAuthTest > testAuthWithBuildingConf2() FAILED\n[Java CI with Gradle/build]   |     java.lang.NoClassDefFoundError at NativeConstructorAccessorImpl.java:-2\n[Java CI with Gradle/build]   |         Caused by: java.lang.ExceptionInInitializerError at NativeConstructorAccessorImpl.java:-2\n[Java CI with Gradle/build]   | \n[Java CI with Gradle/build]   | ApplicationOnlyAuthTest > testInvalidation() FAILED\n[Java CI with Gradle/build]   |     java.lang.NoClassDefFoundError at NativeConstructorAccessorImpl.java:-2\n[Java CI with Gradle/build]   |         Caused by: java.lang.ExceptionInInitializerError at NativeConstructorAccessorImpl.java:-2\n[Java CI with Gradle/build]   | \n[Java CI with Gradle/build]   | StreamAPITest > testShutdownAndRestart() FAILED\n[Java CI with Gradle/build]   |     java.lang.NoClassDefFoundError at NativeConstructorAccessorImpl.java:-2\n[Java CI with Gradle/build]   |         Caused by: java.lang.ExceptionInInitializerError at TwitterTestBase.java:106\n[Java CI with Gradle/build]   | \n[Java CI with Gradle/build]   | StreamAPITest > testFilterTrackPush() FAILED\n[Java CI with Gradle/build]   |     java.lang.NoClassDefFoundError at NativeConstructorAccessorImpl.java:-2\n[Java CI with Gradle/build]   |         Caused by: java.lang.ExceptionInInitializerError at NativeConstructorAccessorImpl.java:-2\n[Java CI with Gradle/build]   | \n[Java CI with Gradle/build]   | StreamAPITest > testToString() FAILED\n[Java CI with Gradle/build]   |     java.lang.NoClassDefFoundError at NativeConstructorAccessorImpl.java:-2\n[Java CI with Gradle/build]   |         Caused by: java.lang.ExceptionInInitializerError at NativeConstructorAccessorImpl.java:-2\n[Java CI with Gradle/build]   | \n[Java CI with Gradle/build]   | StreamAPITest > testUnAuthorizedStreamMethods() FAILED\n[Java CI with Gradle/build]   |     java.lang.NoClassDefFoundError at NativeConstructorAccessorImpl.java:-2\n[Java CI with Gradle/build]   |         Caused by: java.lang.ExceptionInInitializerError at NativeConstructorAccessorImpl.java:-2\n[Java CI with Gradle/build]   | \n[Java CI with Gradle/build]   | StreamAPITest > testRawStreamListener() FAILED\n[Java CI with Gradle/build]   |     java.lang.NoClassDefFoundError at NativeConstructorAccessorImpl.java:-2\n[Java CI with Gradle/build]   |         Caused by: java.lang.ExceptionInInitializerError at NativeConstructorAccessorImpl.java:-2\n[Java CI with Gradle/build]   | \n[Java CI with Gradle/build]   | StreamAPITest > testFilterIncludesEntities() FAILED\n[Java CI with Gradle/build]   |     java.lang.NoClassDefFoundError at NativeConstructorAccessorImpl.java:-2\n[Java CI with Gradle/build]   |         Caused by: java.lang.ExceptionInInitializerError at NativeConstructorAccessorImpl.java:-2\n[Java CI with Gradle/build]   | \n[Java CI with Gradle/build]   | StreamAPITest > testEquality() FAILED\n[Java CI with Gradle/build]   |     java.lang.NoClassDefFoundError at NativeConstructorAccessorImpl.java:-2\n[Java CI with Gradle/build]   |         Caused by: java.lang.ExceptionInInitializerError at NativeConstructorAccessorImpl.java:-2\n[Java CI with Gradle/build]   | \n[Java CI with Gradle/build]   | StreamAPITest > testSample() FAILED\n[Java CI with Gradle/build]   |     java.lang.NoClassDefFoundError at NativeConstructorAccessorImpl.java:-2\n[Java CI with Gradle/build]   |         Caused by: java.lang.ExceptionInInitializerError at NativeConstructorAccessorImpl.java:-2\n[Java CI with Gradle/build]   | \n[Java CI with Gradle/build]   | StreamAPITest > testNoListener() FAILED\n[Java CI with Gradle/build]   |     java.lang.NoClassDefFoundError at NativeConstructorAccessorImpl.java:-2\n[Java CI with Gradle/build]   |         Caused by: java.lang.ExceptionInInitializerError at NativeConstructorAccessorImpl.java:-2\n[Java CI with Gradle/build]   | \n[Java CI with Gradle/build]   | 150 tests completed, 89 failed\n[Java CI with Gradle/build]   | \n[Java CI with Gradle/build]   | > Task :twitter4j-core:test FAILED\n[Java CI with Gradle/build]   | \n[Java CI with Gradle/build]   | FAILURE: Build failed with an exception.\n[Java CI with Gradle/build]   | \n[Java CI with Gradle/build]   | * What went wrong:\n[Java CI with Gradle/build]   | Execution failed for task ':twitter4j-core:test'.\n[Java CI with Gradle/build]   | > There were failing tests. See the report at: file:///tmp/569e0364-0b80-11ee-a890-af2cc187fc11/Twitter4J-Twitter4J/twitter4j-core/build/reports/tests/test/index.html\n[Java CI with Gradle/build]   | \n[Java CI with Gradle/build]   | * Try:\n[Java CI with Gradle/build]   | > Run with --info or --debug option to get more log output.\n[Java CI with Gradle/build]   | > Run with --scan to get full insights.\n[Java CI with Gradle/build]   | \n[Java CI with Gradle/build]   | * Exception is:\n[Java CI with Gradle/build]   | org.gradle.api.tasks.TaskExecutionException: Execution failed for task ':twitter4j-core:test'.\n[Java CI with Gradle/build]   | \tat org.gradle.api.internal.tasks.execution.ExecuteActionsTaskExecuter.lambda$executeIfValid$1(ExecuteActionsTaskExecuter.java:142)\n[Java CI with Gradle/build]   | \tat org.gradle.internal.Try$Failure.ifSuccessfulOrElse(Try.java:282)\n[Java CI with Gradle/build]   | \tat org.gradle.api.internal.tasks.execution.ExecuteActionsTaskExecuter.executeIfValid(ExecuteActionsTaskExecuter.java:140)\n[Java CI with Gradle/build]   | \tat org.gradle.api.internal.tasks.execution.ExecuteActionsTaskExecuter.execute(ExecuteActionsTaskExecuter.java:128)\n[Java CI with Gradle/build]   | \tat org.gradle.api.internal.tasks.execution.CleanupStaleOutputsExecuter.execute(CleanupStaleOutputsExecuter.java:77)\n[Java CI with Gradle/build]   | \tat org.gradle.api.internal.tasks.execution.FinalizePropertiesTaskExecuter.execute(FinalizePropertiesTaskExecuter.java:46)\n[Java CI with Gradle/build]   | \tat org.gradle.api.internal.tasks.execution.ResolveTaskExecutionModeExecuter.execute(ResolveTaskExecutionModeExecuter.java:51)\n[Java CI with Gradle/build]   | \tat org.gradle.api.internal.tasks.execution.SkipTaskWithNoActionsExecuter.execute(SkipTaskWithNoActionsExecuter.java:57)\n[Java CI with Gradle/build]   | \tat org.gradle.api.internal.tasks.execution.SkipOnlyIfTaskExecuter.execute(SkipOnlyIfTaskExecuter.java:56)\n[Java CI with Gradle/build]   | \tat org.gradle.api.internal.tasks.execution.CatchExceptionTaskExecuter.execute(CatchExceptionTaskExecuter.java:36)\n[Java CI with Gradle/build]   | \tat org.gradle.api.internal.tasks.execution.EventFiringTaskExecuter$1.executeTask(EventFiringTaskExecuter.java:77)\n[Java CI with Gradle/build]   | \tat org.gradle.api.internal.tasks.execution.EventFiringTaskExecuter$1.call(EventFiringTaskExecuter.java:55)\n[Java CI with Gradle/build]   | \tat org.gradle.api.internal.tasks.execution.EventFiringTaskExecuter$1.call(EventFiringTaskExecuter.java:52)\n[Java CI with Gradle/build]   | \tat org.gradle.internal.operations.DefaultBuildOperationRunner$CallableBuildOperationWorker.execute(DefaultBuildOperationRunner.java:204)\n[Java CI with Gradle/build]   | \tat org.gradle.internal.operations.DefaultBuildOperationRunner$CallableBuildOperationWorker.execute(DefaultBuildOperationRunner.java:199)\n[Java CI with Gradle/build]   | \tat org.gradle.internal.operations.DefaultBuildOperationRunner$2.execute(DefaultBuildOperationRunner.java:66)\n[Java CI with Gradle/build]   | \tat org.gradle.internal.operations.DefaultBuildOperationRunner$2.execute(DefaultBuildOperationRunner.java:59)\n[Java CI with Gradle/build]   | \tat org.gradle.internal.operations.DefaultBuildOperationRunner.execute(DefaultBuildOperationRunner.java:157)\n[Java CI with Gradle/build]   | \tat org.gradle.internal.operations.DefaultBuildOperationRunner.execute(DefaultBuildOperationRunner.java:59)\n[Java CI with Gradle/build]   | \tat org.gradle.internal.operations.DefaultBuildOperationRunner.call(DefaultBuildOperationRunner.java:53)\n[Java CI with Gradle/build]   | \tat org.gradle.internal.operations.DefaultBuildOperationExecutor.call(DefaultBuildOperationExecutor.java:73)\n[Java CI with Gradle/build]   | \tat org.gradle.api.internal.tasks.execution.EventFiringTaskExecuter.execute(EventFiringTaskExecuter.java:52)\n[Java CI with Gradle/build]   | \tat org.gradle.execution.plan.LocalTaskNodeExecutor.execute(LocalTaskNodeExecutor.java:69)\n[Java CI with Gradle/build]   | \tat org.gradle.execution.taskgraph.DefaultTaskExecutionGraph$InvokeNodeExecutorsAction.execute(DefaultTaskExecutionGraph.java:327)\n[Java CI with Gradle/build]   | \tat org.gradle.execution.taskgraph.DefaultTaskExecutionGraph$InvokeNodeExecutorsAction.execute(DefaultTaskExecutionGraph.java:314)\n[Java CI with Gradle/build]   | \tat org.gradle.execution.taskgraph.DefaultTaskExecutionGraph$BuildOperationAwareExecutionAction.execute(DefaultTaskExecutionGraph.java:307)\n[Java CI with Gradle/build]   | \tat org.gradle.execution.taskgraph.DefaultTaskExecutionGraph$BuildOperationAwareExecutionAction.execute(DefaultTaskExecutionGraph.java:293)\n[Java CI with Gradle/build]   | \tat org.gradle.execution.plan.DefaultPlanExecutor$ExecutorWorker.execute(DefaultPlanExecutor.java:420)\n[Java CI with Gradle/build]   | \tat org.gradle.execution.plan.DefaultPlanExecutor$ExecutorWorker.run(DefaultPlanExecutor.java:342)\n[Java CI with Gradle/build]   | \tat org.gradle.internal.concurrent.ExecutorPolicy$CatchAndRecordFailures.onExecute(ExecutorPolicy.java:64)\n[Java CI with Gradle/build]   | \tat org.gradle.internal.concurrent.ManagedExecutorImpl$1.run(ManagedExecutorImpl.java:48)\n[Java CI with Gradle/build]   | Caused by: org.gradle.api.tasks.VerificationException: There were failing tests. See the report at: file:///tmp/569e0364-0b80-11ee-a890-af2cc187fc11/Twitter4J-Twitter4J/twitter4j-core/build/reports/tests/test/index.html\n[Java CI with Gradle/build]   | \tat org.gradle.api.tasks.testing.AbstractTestTask.handleTestFailures(AbstractTestTask.java:651)\n[Java CI with Gradle/build]   | \tat org.gradle.api.tasks.testing.AbstractTestTask.handleCollectedResults(AbstractTestTask.java:513)\n[Java CI with Gradle/build]   | \tat org.gradle.api.tasks.testing.AbstractTestTask.executeTests(AbstractTestTask.java:508)\n[Java CI with Gradle/build]   | \tat org.gradle.api.tasks.testing.Test.executeTests(Test.java:690)\n[Java CI with Gradle/build]   | \tat java.base/jdk.internal.reflect.NativeMethodAccessorImpl.invoke0(Native Method)\n[Java CI with Gradle/build]   | \tat java.base/jdk.internal.reflect.NativeMethodAccessorImpl.invoke(NativeMethodAccessorImpl.java:77)\n[Java CI with Gradle/build]   | \tat java.base/jdk.internal.reflect.DelegatingMethodAccessorImpl.invoke(DelegatingMethodAccessorImpl.java:43)\n[Java CI with Gradle/build]   | \tat org.gradle.internal.reflect.JavaMethod.invoke(JavaMethod.java:125)\n[Java CI with Gradle/build]   | \tat org.gradle.api.internal.project.taskfactory.StandardTaskAction.doExecute(StandardTaskAction.java:58)\n[Java CI with Gradle/build]   | \tat org.gradle.api.internal.project.taskfactory.StandardTaskAction.execute(StandardTaskAction.java:51)\n[Java CI with Gradle/build]   | \tat org.gradle.api.internal.project.taskfactory.StandardTaskAction.execute(StandardTaskAction.java:29)\n[Java CI with Gradle/build]   | \tat org.gradle.api.internal.tasks.execution.TaskExecution$3.run(TaskExecution.java:236)\n[Java CI with Gradle/build]   | \tat org.gradle.internal.operations.DefaultBuildOperationRunner$1.execute(DefaultBuildOperationRunner.java:29)\n[Java CI with Gradle/build]   | \tat org.gradle.internal.operations.DefaultBuildOperationRunner$1.execute(DefaultBuildOperationRunner.java:26)\n[Java CI with Gradle/build]   | \tat org.gradle.internal.operations.DefaultBuildOperationRunner$2.execute(DefaultBuildOperationRunner.java:66)\n[Java CI with Gradle/build]   | \tat org.gradle.internal.operations.DefaultBuildOperationRunner$2.execute(DefaultBuildOperationRunner.java:59)\n[Java CI with Gradle/build]   | \tat org.gradle.internal.operations.DefaultBuildOperationRunner.execute(DefaultBuildOperationRunner.java:157)\n[Java CI with Gradle/build]   | \tat org.gradle.internal.operations.DefaultBuildOperationRunner.execute(DefaultBuildOperationRunner.java:59)\n[Java CI with Gradle/build]   | \tat org.gradle.internal.operations.DefaultBuildOperationRunner.run(DefaultBuildOperationRunner.java:47)\n[Java CI with Gradle/build]   | \tat org.gradle.internal.operations.DefaultBuildOperationExecutor.run(DefaultBuildOperationExecutor.java:68)\n[Java CI with Gradle/build]   | \tat org.gradle.api.internal.tasks.execution.TaskExecution.executeAction(TaskExecution.java:221)\n[Java CI with Gradle/build]   | \tat org.gradle.api.internal.tasks.execution.TaskExecution.executeActions(TaskExecution.java:204)\n[Java CI with Gradle/build]   | \tat org.gradle.api.internal.tasks.execution.TaskExecution.executeWithPreviousOutputFiles(TaskExecution.java:187)\n[Java CI with Gradle/build]   | \tat org.gradle.api.internal.tasks.execution.TaskExecution.execute(TaskExecution.java:165)\n[Java CI with Gradle/build]   | \tat org.gradle.internal.execution.steps.ExecuteStep.executeInternal(ExecuteStep.java:89)\n[Java CI with Gradle/build]   | \tat org.gradle.internal.execution.steps.ExecuteStep.access$000(ExecuteStep.java:40)\n[Java CI with Gradle/build]   | \tat org.gradle.internal.execution.steps.ExecuteStep$1.call(ExecuteStep.java:53)\n[Java CI with Gradle/build]   | \tat org.gradle.internal.execution.steps.ExecuteStep$1.call(ExecuteStep.java:50)\n[Java CI with Gradle/build]   | \tat org.gradle.internal.operations.DefaultBuildOperationRunner$CallableBuildOperationWorker.execute(DefaultBuildOperationRunner.java:204)\n[Java CI with Gradle/build]   | \tat org.gradle.internal.operations.DefaultBuildOperationRunner$CallableBuildOperationWorker.execute(DefaultBuildOperationRunner.java:199)\n[Java CI with Gradle/build]   | \tat org.gradle.internal.operations.DefaultBuildOperationRunner$2.execute(DefaultBuildOperationRunner.java:66)\n[Java CI with Gradle/build]   | \tat org.gradle.internal.operations.DefaultBuildOperationRunner$2.execute(DefaultBuildOperationRunner.java:59)\n[Java CI with Gradle/build]   | \tat org.gradle.internal.operations.DefaultBuildOperationRunner.execute(DefaultBuildOperationRunner.java:157)\n[Java CI with Gradle/build]   | \tat org.gradle.internal.operations.DefaultBuildOperationRunner.execute(DefaultBuildOperationRunner.java:59)\n[Java CI with Gradle/build]   | \tat org.gradle.internal.operations.DefaultBuildOperationRunner.call(DefaultBuildOperationRunner.java:53)\n[Java CI with Gradle/build]   | \tat org.gradle.internal.operations.DefaultBuildOperationExecutor.call(DefaultBuildOperationExecutor.java:73)\n[Java CI with Gradle/build]   | \tat org.gradle.internal.execution.steps.ExecuteStep.execute(ExecuteStep.java:50)\n[Java CI with Gradle/build]   | \tat org.gradle.internal.execution.steps.ExecuteStep.execute(ExecuteStep.java:40)\n[Java CI with Gradle/build]   | \tat org.gradle.internal.execution.steps.RemovePreviousOutputsStep.execute(RemovePreviousOutputsStep.java:68)\n[Java CI with Gradle/build]   | \tat org.gradle.internal.execution.steps.RemovePreviousOutputsStep.execute(RemovePreviousOutputsStep.java:38)\n[Java CI with Gradle/build]   | \tat org.gradle.internal.execution.steps.CancelExecutionStep.execute(CancelExecutionStep.java:41)\n[Java CI with Gradle/build]   | \tat org.gradle.internal.execution.steps.TimeoutStep.executeWithoutTimeout(TimeoutStep.java:74)\n[Java CI with Gradle/build]   | \tat org.gradle.internal.execution.steps.TimeoutStep.execute(TimeoutStep.java:55)\n[Java CI with Gradle/build]   | \tat org.gradle.internal.execution.steps.CreateOutputsStep.execute(CreateOutputsStep.java:51)\n[Java CI with Gradle/build]   | \tat org.gradle.internal.execution.steps.CreateOutputsStep.execute(CreateOutputsStep.java:29)\n[Java CI with Gradle/build]   | \tat org.gradle.internal.execution.steps.CaptureStateAfterExecutionStep.executeDelegateBroadcastingChanges(CaptureStateAfterExecutionStep.java:124)\n[Java CI with Gradle/build]   | \tat org.gradle.internal.execution.steps.CaptureStateAfterExecutionStep.execute(CaptureStateAfterExecutionStep.java:80)\n[Java CI with Gradle/build]   | \tat org.gradle.internal.execution.steps.CaptureStateAfterExecutionStep.execute(CaptureStateAfterExecutionStep.java:58)\n[Java CI with Gradle/build]   | \tat org.gradle.internal.execution.steps.ResolveInputChangesStep.execute(ResolveInputChangesStep.java:48)\n[Java CI with Gradle/build]   | \tat org.gradle.internal.execution.steps.ResolveInputChangesStep.execute(ResolveInputChangesStep.java:36)\n[Java CI with Gradle/build]   | \tat org.gradle.internal.execution.steps.BuildCacheStep.executeWithoutCache(BuildCacheStep.java:181)\n[Java CI with Gradle/build]   | \tat org.gradle.internal.execution.steps.BuildCacheStep.lambda$execute$1(BuildCacheStep.java:71)\n[Java CI with Gradle/build]   | \tat org.gradle.internal.Either$Right.fold(Either.java:175)\n[Java CI with Gradle/build]   | \tat org.gradle.internal.execution.caching.CachingState.fold(CachingState.java:59)\n[Java CI with Gradle/build]   | \tat org.gradle.internal.execution.steps.BuildCacheStep.execute(BuildCacheStep.java:69)\n[Java CI with Gradle/build]   | \tat org.gradle.internal.execution.steps.BuildCacheStep.execute(BuildCacheStep.java:47)\n[Java CI with Gradle/build]   | \tat org.gradle.internal.execution.steps.StoreExecutionStateStep.execute(StoreExecutionStateStep.java:36)\n[Java CI with Gradle/build]   | \tat org.gradle.internal.execution.steps.StoreExecutionStateStep.execute(StoreExecutionStateStep.java:25)\n[Java CI with Gradle/build]   | \tat org.gradle.internal.execution.steps.RecordOutputsStep.execute(RecordOutputsStep.java:36)\n[Java CI with Gradle/build]   | \tat org.gradle.internal.execution.steps.RecordOutputsStep.execute(RecordOutputsStep.java:22)\n[Java CI with Gradle/build]   | \tat org.gradle.internal.execution.steps.SkipUpToDateStep.executeBecause(SkipUpToDateStep.java:110)\n[Java CI with Gradle/build]   | \tat org.gradle.internal.execution.steps.SkipUpToDateStep.lambda$execute$2(SkipUpToDateStep.java:56)\n[Java CI with Gradle/build]   | \tat org.gradle.internal.execution.steps.SkipUpToDateStep.execute(SkipUpToDateStep.java:56)\n[Java CI with Gradle/build]   | \tat org.gradle.internal.execution.steps.SkipUpToDateStep.execute(SkipUpToDateStep.java:38)\n[Java CI with Gradle/build]   | \tat org.gradle.internal.execution.steps.ResolveChangesStep.execute(ResolveChangesStep.java:73)\n[Java CI with Gradle/build]   | \tat org.gradle.internal.execution.steps.ResolveChangesStep.execute(ResolveChangesStep.java:44)\n[Java CI with Gradle/build]   | \tat org.gradle.internal.execution.steps.legacy.MarkSnapshottingInputsFinishedStep.execute(MarkSnapshottingInputsFinishedStep.java:37)\n[Java CI with Gradle/build]   | \tat org.gradle.internal.execution.steps.legacy.MarkSnapshottingInputsFinishedStep.execute(MarkSnapshottingInputsFinishedStep.java:27)\n[Java CI with Gradle/build]   | \tat org.gradle.internal.execution.steps.ResolveCachingStateStep.execute(ResolveCachingStateStep.java:89)\n[Java CI with Gradle/build]   | \tat org.gradle.internal.execution.steps.ResolveCachingStateStep.execute(ResolveCachingStateStep.java:50)\n[Java CI with Gradle/build]   | \tat org.gradle.internal.execution.steps.ValidateStep.execute(ValidateStep.java:114)\n[Java CI with Gradle/build]   | \tat org.gradle.internal.execution.steps.ValidateStep.execute(ValidateStep.java:57)\n[Java CI with Gradle/build]   | \tat org.gradle.internal.execution.steps.CaptureStateBeforeExecutionStep.execute(CaptureStateBeforeExecutionStep.java:76)\n[Java CI with Gradle/build]   | \tat org.gradle.internal.execution.steps.CaptureStateBeforeExecutionStep.execute(CaptureStateBeforeExecutionStep.java:50)\n[Java CI with Gradle/build]   | \tat org.gradle.internal.execution.steps.SkipEmptyWorkStep.executeWithNoEmptySources(SkipEmptyWorkStep.java:254)\n[Java CI with Gradle/build]   | \tat org.gradle.internal.execution.steps.SkipEmptyWorkStep.executeWithNoEmptySources(SkipEmptyWorkStep.java:209)\n[Java CI with Gradle/build]   | \tat org.gradle.internal.execution.steps.SkipEmptyWorkStep.execute(SkipEmptyWorkStep.java:88)\n[Java CI with Gradle/build]   | \tat org.gradle.internal.execution.steps.SkipEmptyWorkStep.execute(SkipEmptyWorkStep.java:56)\n[Java CI with Gradle/build]   | \tat org.gradle.internal.execution.steps.RemoveUntrackedExecutionStateStep.execute(RemoveUntrackedExecutionStateStep.java:32)\n[Java CI with Gradle/build]   | \tat org.gradle.internal.execution.steps.RemoveUntrackedExecutionStateStep.execute(RemoveUntrackedExecutionStateStep.java:21)\n[Java CI with Gradle/build]   | \tat org.gradle.internal.execution.steps.legacy.MarkSnapshottingInputsStartedStep.execute(MarkSnapshottingInputsStartedStep.java:38)\n[Java CI with Gradle/build]   | \tat org.gradle.internal.execution.steps.LoadPreviousExecutionStateStep.execute(LoadPreviousExecutionStateStep.java:43)\n[Java CI with Gradle/build]   | \tat org.gradle.internal.execution.steps.LoadPreviousExecutionStateStep.execute(LoadPreviousExecutionStateStep.java:31)\n[Java CI with Gradle/build]   | \tat org.gradle.internal.execution.steps.AssignWorkspaceStep.lambda$execute$0(AssignWorkspaceStep.java:40)\n[Java CI with Gradle/build]   | \tat org.gradle.api.internal.tasks.execution.TaskExecution$4.withWorkspace(TaskExecution.java:281)\n[Java CI with Gradle/build]   | \tat org.gradle.internal.execution.steps.AssignWorkspaceStep.execute(AssignWorkspaceStep.java:40)\n[Java CI with Gradle/build]   | \tat org.gradle.internal.execution.steps.AssignWorkspaceStep.execute(AssignWorkspaceStep.java:30)\n[Java CI with Gradle/build]   | \tat org.gradle.internal.execution.steps.IdentityCacheStep.execute(IdentityCacheStep.java:37)\n[Java CI with Gradle/build]   | \tat org.gradle.internal.execution.steps.IdentityCacheStep.execute(IdentityCacheStep.java:27)\n[Java CI with Gradle/build]   | \tat org.gradle.internal.execution.steps.IdentifyStep.execute(IdentifyStep.java:44)\n[Java CI with Gradle/build]   | \tat org.gradle.internal.execution.steps.IdentifyStep.execute(IdentifyStep.java:33)\n[Java CI with Gradle/build]   | \tat org.gradle.internal.execution.impl.DefaultExecutionEngine$1.execute(DefaultExecutionEngine.java:76)\n[Java CI with Gradle/build]   | \tat org.gradle.api.internal.tasks.execution.ExecuteActionsTaskExecuter.executeIfValid(ExecuteActionsTaskExecuter.java:139)\n[Java CI with Gradle/build]   | \tat org.gradle.api.internal.tasks.execution.ExecuteActionsTaskExecuter.execute(ExecuteActionsTaskExecuter.java:128)\n[Java CI with Gradle/build]   | \tat org.gradle.api.internal.tasks.execution.CleanupStaleOutputsExecuter.execute(CleanupStaleOutputsExecuter.java:77)\n[Java CI with Gradle/build]   | \tat org.gradle.api.internal.tasks.execution.FinalizePropertiesTaskExecuter.execute(FinalizePropertiesTaskExecuter.java:46)\n[Java CI with Gradle/build]   | \tat org.gradle.api.internal.tasks.execution.ResolveTaskExecutionModeExecuter.execute(ResolveTaskExecutionModeExecuter.java:51)\n[Java CI with Gradle/build]   | \tat org.gradle.api.internal.tasks.execution.SkipTaskWithNoActionsExecuter.execute(SkipTaskWithNoActionsExecuter.java:57)\n[Java CI with Gradle/build]   | \tat org.gradle.api.internal.tasks.execution.SkipOnlyIfTaskExecuter.execute(SkipOnlyIfTaskExecuter.java:56)\n[Java CI with Gradle/build]   | \tat org.gradle.api.internal.tasks.execution.CatchExceptionTaskExecuter.execute(CatchExceptionTaskExecuter.java:36)\n[Java CI with Gradle/build]   | \tat org.gradle.api.internal.tasks.execution.EventFiringTaskExecuter$1.executeTask(EventFiringTaskExecuter.java:77)\n[Java CI with Gradle/build]   | \tat org.gradle.api.internal.tasks.execution.EventFiringTaskExecuter$1.call(EventFiringTaskExecuter.java:55)\n[Java CI with Gradle/build]   | \tat org.gradle.api.internal.tasks.execution.EventFiringTaskExecuter$1.call(EventFiringTaskExecuter.java:52)\n[Java CI with Gradle/build]   | \tat org.gradle.internal.operations.DefaultBuildOperationRunner$CallableBuildOperationWorker.execute(DefaultBuildOperationRunner.java:204)\n[Java CI with Gradle/build]   | \tat org.gradle.internal.operations.DefaultBuildOperationRunner$CallableBuildOperationWorker.execute(DefaultBuildOperationRunner.java:199)\n[Java CI with Gradle/build]   | \tat org.gradle.internal.operations.DefaultBuildOperationRunner$2.execute(DefaultBuildOperationRunner.java:66)\n[Java CI with Gradle/build]   | \tat org.gradle.internal.operations.DefaultBuildOperationRunner$2.execute(DefaultBuildOperationRunner.java:59)\n[Java CI with Gradle/build]   | \tat org.gradle.internal.operations.DefaultBuildOperationRunner.execute(DefaultBuildOperationRunner.java:157)\n[Java CI with Gradle/build]   | \tat org.gradle.internal.operations.DefaultBuildOperationRunner.execute(DefaultBuildOperationRunner.java:59)\n[Java CI with Gradle/build]   | \tat org.gradle.internal.operations.DefaultBuildOperationRunner.call(DefaultBuildOperationRunner.java:53)\n[Java CI with Gradle/build]   | \tat org.gradle.internal.operations.DefaultBuildOperationExecutor.call(DefaultBuildOperationExecutor.java:73)\n[Java CI with Gradle/build]   | \tat org.gradle.api.internal.tasks.execution.EventFiringTaskExecuter.execute(EventFiringTaskExecuter.java:52)\n[Java CI with Gradle/build]   | \tat org.gradle.execution.plan.LocalTaskNodeExecutor.execute(LocalTaskNodeExecutor.java:69)\n[Java CI with Gradle/build]   | \tat org.gradle.execution.taskgraph.DefaultTaskExecutionGraph$InvokeNodeExecutorsAction.execute(DefaultTaskExecutionGraph.java:327)\n[Java CI with Gradle/build]   | \tat org.gradle.execution.taskgraph.DefaultTaskExecutionGraph$InvokeNodeExecutorsAction.execute(DefaultTaskExecutionGraph.java:314)\n[Java CI with Gradle/build]   | \tat org.gradle.execution.taskgraph.DefaultTaskExecutionGraph$BuildOperationAwareExecutionAction.execute(DefaultTaskExecutionGraph.java:307)\n[Java CI with Gradle/build]   | \tat org.gradle.execution.taskgraph.DefaultTaskExecutionGraph$BuildOperationAwareExecutionAction.execute(DefaultTaskExecutionGraph.java:293)\n[Java CI with Gradle/build]   | \tat org.gradle.execution.plan.DefaultPlanExecutor$ExecutorWorker.execute(DefaultPlanExecutor.java:420)\n[Java CI with Gradle/build]   | \tat org.gradle.execution.plan.DefaultPlanExecutor$ExecutorWorker.run(DefaultPlanExecutor.java:342)\n[Java CI with Gradle/build]   | \tat org.gradle.internal.concurrent.ExecutorPolicy$CatchAndRecordFailures.onExecute(ExecutorPolicy.java:64)\n[Java CI with Gradle/build]   | \tat org.gradle.internal.concurrent.ManagedExecutorImpl$1.run(ManagedExecutorImpl.java:48)\n[Java CI with Gradle/build]   | \n[Java CI with Gradle/build]   | \n[Java CI with Gradle/build]   | * Get more help at https://help.gradle.org\n[Java CI with Gradle/build]   | \n[Java CI with Gradle/build]   | BUILD FAILED in 42s\n[Java CI with Gradle/build]   | 12 actionable tasks: 12 executed\n[Java CI with Gradle/build]   \u274c  Failure - Main Build with Gradle\n[Java CI with Gradle/build] exitcode '1': failure\n[Java CI with Gradle/build] \u2b50 Run Post Set up JDK 17\n[Java CI with Gradle/build]   \ud83d\udc33  docker exec cmd=[node /var/run/act/actions/actions-setup-java@v2/dist/cleanup/index.js] user= workdir=\n[Java CI with Gradle/build]   \u2705  Success - Post Set up JDK 17\n[Java CI with Gradle/build] \ud83c\udfc1  Job failed\n",
        "stderr": "Error: Job 'build' failed\n",
        "workflow": "/tmp/569e0364-0b80-11ee-a890-af2cc187fc11/Twitter4J-Twitter4J/.github/workflows/gradle-crawler.yml",
        "build_tool": "gradle",
        "elapsed_time": 63.16817235946655
    }
}