{
    "repository": "xpinjection/test-driven-spring-boot",
    "stars": 103,
    "language": "java",
    "size": 268,
    "clone_url": "https://github.com/xpinjection/test-driven-spring-boot.git",
    "timestamp": "2023-06-15T16:40:23.098976Z",
    "clone_success": true,
    "number of actions": 0,
    "number_of_test_actions": 1,
    "actions_successful": false,
    "number_of_actions": 1,
    "actions_build_tools": [
        "maven"
    ],
    "actions_test_build_tools": [
        "maven"
    ],
    "actions_data": {
        "failed": true,
        "tests": [],
        "stdout": "[CI/build] \ud83d\ude80  Start image=crawlergpt:latest\n[CI/build]   \ud83d\udc33  docker pull image=crawlergpt:latest platform= username= forcePull=false\n[CI/build]   \ud83d\udc33  docker create image=crawlergpt:latest platform= entrypoint=[\"tail\" \"-f\" \"/dev/null\"] cmd=[]\n[CI/build]   \ud83d\udc33  docker run image=crawlergpt:latest platform= entrypoint=[\"tail\" \"-f\" \"/dev/null\"] cmd=[]\n[CI/build]   \ud83d\udc33  docker exec cmd=[chown -R 1012:1000 /tmp/569e0364-0b80-11ee-a890-af2cc187fc11/xpinjection-test-driven-spring-boot] user=0 workdir=\n[CI/build]   \u2601  git clone 'https://github.com/actions/setup-java' # ref=v3\n[CI/build] Non-terminating error while running 'git clone': some refs were not updated\n[CI/build]   \u2601  git clone 'https://github.com/EnricoMi/publish-unit-test-result-action' # ref=v1\n[CI/build] Non-terminating error while running 'git clone': some refs were not updated\n[CI/build] \u2b50 Run Main Git checkout\n[CI/build]   \u2705  Success - Main Git checkout\n[CI/build] \u2b50 Run Main Set up JDK 17 with Maven\n[CI/build]   \ud83d\udc33  docker cp src=/home/andre-silva/.cache/act/actions-setup-java@v3/ dst=/var/run/act/actions/actions-setup-java@v3/\n[CI/build]   \ud83d\udc33  docker exec cmd=[chown -R 1012:1000 /var/run/act/actions/actions-setup-java@v3/] user=0 workdir=\n[CI/build]   \ud83d\udc33  docker exec cmd=[node /var/run/act/actions/actions-setup-java@v3/dist/setup/index.js] user= workdir=\n[CI/build]   \u2753  ::group::Installed distributions\n[CI/build]   | Trying to resolve the latest version from remote\n[CI/build]   | Resolved latest version as 17.0.7+7\n[CI/build]   | Trying to download...\n[CI/build]   | Downloading Java 17.0.7+7 (Temurin-Hotspot) from https://github.com/adoptium/temurin17-binaries/releases/download/jdk-17.0.7%2B7/OpenJDK17U-jdk_x64_linux_hotspot_17.0.7_7.tar.gz ...\n[CI/build]   \ud83d\udcac  ::debug::Downloading https://github.com/adoptium/temurin17-binaries/releases/download/jdk-17.0.7%252B7/OpenJDK17U-jdk_x64_linux_hotspot_17.0.7_7.tar.gz\n[CI/build]   \ud83d\udcac  ::debug::Destination /tmp/915c22eb-c9d0-4208-8f84-49108992d593\n[CI/build]   \ud83d\udcac  ::debug::download complete\n[CI/build]   | Extracting Java archive...\n[CI/build]   \ud83d\udcac  ::debug::Checking tar --version\n[CI/build]   \ud83d\udcac  ::debug::tar (GNU tar) 1.30%0ACopyright (C) 2017 Free Software Foundation, Inc.%0ALicense GPLv3+: GNU GPL version 3 or later <https://gnu.org/licenses/gpl.html>.%0AThis is free software: you are free to change and redistribute it.%0AThere is NO WARRANTY, to the extent permitted by law.%0A%0AWritten by John Gilmore and Jay Fenlason.\n[CI/build]   | [command]/usr/bin/tar xz --warning=no-unknown-keyword -C /tmp/8031fbf2-bdda-4c1b-be8b-a5a65790d1b5 -f /tmp/915c22eb-c9d0-4208-8f84-49108992d593\n[CI/build]   \u274c  Failure - Main Set up JDK 17 with Maven\n[CI/build] Error response from daemon: Could not find the file /var/run/act/workflow/pathcmd.txt in container d31a5cb13e5281801d0a1fda067c180d2dbcc31f9a1296e5fbf15d1f66b7c86b\n[CI/build] \u2b50 Run Main Publish Test Results\n[CI/build]   \ud83d\udc33  docker pull image=ghcr.io/enricomi/publish-unit-test-result-action:v1.40 platform= username= forcePull=false\n[CI/build]   \ud83d\udc33  docker create image=ghcr.io/enricomi/publish-unit-test-result-action:v1.40 platform= entrypoint=[] cmd=[]\n[CI/build]   \ud83d\udc33  docker run image=ghcr.io/enricomi/publish-unit-test-result-action:v1.40 platform= entrypoint=[] cmd=[]\n[CI/build]   | 2023-06-15 16:41:04 +0000 - publish - WARNING - Could not find any files for **/surefire-reports/TEST-*.xml\n[CI/build]   | 2023-06-15 16:41:04 +0000 - publish -  INFO - Available memory to read files: 450.7 GiB\n[CI/build]   | 2023-06-15 16:41:04 +0000 - publish -  INFO - Finished reading 0 files in 0.03 seconds\n[CI/build]   | 2023-06-15 16:41:05 +0000 - publish -  INFO - Publishing neutral results for commit f7027478b59f78d4422fc5e9ee229d29353db2d8\n[CI/build]   | 2023-06-15 16:41:05 +0000 - publish - WARNING - Request POST /repos/xpinjection/test-driven-spring-boot/check-runs failed: Forbidden\n[CI/build]   | 2023-06-15 16:41:05 +0000 - publish - WARNING - Request POST /repos/xpinjection/test-driven-spring-boot/check-runs failed with 403: Forbidden\n[CI/build]   | 2023-06-15 16:41:05 +0000 - publish -  INFO - There is no Retry-After given in the response header\n[CI/build]   | 2023-06-15 16:41:05 +0000 - publish -  INFO - Response message does not indicate retry-able error\n[CI/build]   \ud83d\udea7  ::warning::Could not find any files for **/surefire-reports/TEST-*.xml\n[CI/build]   \ud83d\udea7  ::warning::Request POST /repos/xpinjection/test-driven-spring-boot/check-runs failed with 403: Forbidden\n[CI/build]   | Traceback (most recent call last):\n[CI/build]   |   File \"/action/publish_test_results.py\", line 387, in <module>\n[CI/build]   |     main(settings, gha)\n[CI/build]   |   File \"/action/publish_test_results.py\", line 135, in main\n[CI/build]   |     Publisher(settings, gh, gha).publish(stats, results.case_results, conclusion)\n[CI/build]   |   File \"/action/publish/publisher.py\", line 144, in publish\n[CI/build]   |     check_run, before_check_run = self.publish_check(stats, cases, conclusion)\n[CI/build]   |   File \"/action/publish/publisher.py\", line 329, in publish_check\n[CI/build]   |     check_run = self._repo.create_check_run(name=self._settings.check_name,\n[CI/build]   |   File \"/usr/local/lib/python3.8/site-packages/github/Repository.py\", line 3642, in create_check_run\n[CI/build]   |     headers, data = self._requester.requestJsonAndCheck(\n[CI/build]   |   File \"/usr/local/lib/python3.8/site-packages/github/Requester.py\", line 354, in requestJsonAndCheck\n[CI/build]   |     *self.requestJson(\n[CI/build]   |   File \"/usr/local/lib/python3.8/site-packages/github/Requester.py\", line 454, in requestJson\n[CI/build]   |     return self.__requestEncode(cnx, verb, url, parameters, headers, input, encode)\n[CI/build]   |   File \"/usr/local/lib/python3.8/site-packages/github/Requester.py\", line 528, in __requestEncode\n[CI/build]   |     status, responseHeaders, output = self.__requestRaw(\n[CI/build]   |   File \"/action/publish_test_results.py\", line 157, in throttled_gh_request_raw\n[CI/build]   |     return gh_request_raw(cnx, verb, url, requestHeaders, input)\n[CI/build]   |   File \"/usr/local/lib/python3.8/site-packages/github/Requester.py\", line 555, in __requestRaw\n[CI/build]   |     response = cnx.getresponse()\n[CI/build]   |   File \"/usr/local/lib/python3.8/site-packages/github/Requester.py\", line 127, in getresponse\n[CI/build]   |     r = verb(\n[CI/build]   |   File \"/usr/local/lib/python3.8/site-packages/requests/sessions.py\", line 577, in post\n[CI/build]   |     return self.request('POST', url, data=data, json=json, **kwargs)\n[CI/build]   |   File \"/usr/local/lib/python3.8/site-packages/requests/sessions.py\", line 529, in request\n[CI/build]   |     resp = self.send(prep, **send_kwargs)\n[CI/build]   |   File \"/usr/local/lib/python3.8/site-packages/requests/sessions.py\", line 645, in send\n[CI/build]   |     r = adapter.send(request, **kwargs)\n[CI/build]   |   File \"/usr/local/lib/python3.8/site-packages/requests/adapters.py\", line 440, in send\n[CI/build]   |     resp = conn.urlopen(\n[CI/build]   |   File \"/usr/local/lib/python3.8/site-packages/urllib3/connectionpool.py\", line 866, in urlopen\n[CI/build]   |     retries = retries.increment(method, url, response=response, _pool=self)\n[CI/build]   |   File \"/action/publish/retry.py\", line 101, in increment\n[CI/build]   |     raise GithubException(response.status, content, response.headers)\n[CI/build]   | github.GithubException.GithubException: 403 {\"message\": \"You must authenticate via a GitHub App.\", \"documentation_url\": \"https://docs.github.com/rest/reference/checks#create-a-check-run\"}\n[CI/build]   \u274c  Failure - Main Publish Test Results\n[CI/build] Error response from daemon: No such container: d31a5cb13e5281801d0a1fda067c180d2dbcc31f9a1296e5fbf15d1f66b7c86b\n[CI/build] \u2b50 Run Post Set up JDK 17 with Maven\n[CI/build]   \ud83d\udc33  docker exec cmd=[node /var/run/act/actions/actions-setup-java@v3/dist/cleanup/index.js] user= workdir=\n[CI/build]   \u274c  Failure - Post Set up JDK 17 with Maven\n[CI/build] failed to remove container: Error response from daemon: No such container: d31a5cb13e5281801d0a1fda067c180d2dbcc31f9a1296e5fbf15d1f66b7c86b\n[CI/build] \ud83c\udfc1  Job failed\n",
        "stderr": "Error: Error occurred running finally: Error occurred running finally: Error occurred running finally: Error response from daemon: No such container: d31a5cb13e5281801d0a1fda067c180d2dbcc31f9a1296e5fbf15d1f66b7c86b (original error: <nil>) (original error: <nil>) (original error: <nil>)\n",
        "workflow": "/tmp/569e0364-0b80-11ee-a890-af2cc187fc11/xpinjection-test-driven-spring-boot/.github/workflows/maven-crawler.yml",
        "build_tool": "maven",
        "elapsed_time": 42.588923931121826
    }
}