{
    "repository": "ZsoltMolnarrr/BetterCombat",
    "stars": 57,
    "language": "java",
    "size": 20490,
    "clone_url": "https://github.com/ZsoltMolnarrr/BetterCombat.git",
    "timestamp": "2023-06-15T18:18:24.245132Z",
    "clone_success": true,
    "number of actions": 0,
    "number_of_test_actions": 1,
    "actions_successful": false,
    "number_of_actions": 1,
    "actions_build_tools": [
        "gradle"
    ],
    "actions_test_build_tools": [
        "gradle"
    ],
    "actions_data": {
        "failed": true,
        "tests": [],
        "stdout": "[Publish/build] \ud83d\ude80  Start image=crawlergpt:latest\n[Publish/build]   \ud83d\udc33  docker pull image=crawlergpt:latest platform= username= forcePull=false\n[Publish/build]   \ud83d\udc33  docker create image=crawlergpt:latest platform= entrypoint=[\"tail\" \"-f\" \"/dev/null\"] cmd=[]\n[Publish/build]   \ud83d\udc33  docker run image=crawlergpt:latest platform= entrypoint=[\"tail\" \"-f\" \"/dev/null\"] cmd=[]\n[Publish/build]   \ud83d\udc33  docker exec cmd=[chown -R 1012:1000 /tmp/569e0364-0b80-11ee-a890-af2cc187fc11/ZsoltMolnarrr-BetterCombat] user=0 workdir=\n[Publish/build]   \u2601  git clone 'https://github.com/actions/setup-java' # ref=v3\n[Publish/build] Non-terminating error while running 'git clone': some refs were not updated\n[Publish/build]   \u2601  git clone 'https://github.com/gradle/gradle-build-action' # ref=67421db6bd0bf253fb4bd25b31ebb98943c375e1\n[Publish/build] Non-terminating error while running 'git clone': some refs were not updated\n[Publish/build] \u2b50 Run Main actions/checkout@v3\n[Publish/build]   \u2705  Success - Main actions/checkout@v3\n[Publish/build] \u2b50 Run Main Set up JDK 17\n[Publish/build]   \ud83d\udc33  docker cp src=/home/andre-silva/.cache/act/actions-setup-java@v3/ dst=/var/run/act/actions/actions-setup-java@v3/\n[Publish/build]   \ud83d\udc33  docker exec cmd=[chown -R 1012:1000 /var/run/act/actions/actions-setup-java@v3/] user=0 workdir=\n[Publish/build]   \ud83d\udc33  docker exec cmd=[node /var/run/act/actions/actions-setup-java@v3/dist/setup/index.js] user= workdir=\n[Publish/build]   \u2753  ::group::Installed distributions\n[Publish/build]   | Trying to resolve the latest version from remote\n[Publish/build]   | Resolved latest version as 17.0.7+7\n[Publish/build]   | Trying to download...\n[Publish/build]   | Downloading Java 17.0.7+7 (Temurin-Hotspot) from https://github.com/adoptium/temurin17-binaries/releases/download/jdk-17.0.7%2B7/OpenJDK17U-jdk_x64_linux_hotspot_17.0.7_7.tar.gz ...\n[Publish/build]   \ud83d\udcac  ::debug::Downloading https://github.com/adoptium/temurin17-binaries/releases/download/jdk-17.0.7%252B7/OpenJDK17U-jdk_x64_linux_hotspot_17.0.7_7.tar.gz\n[Publish/build]   \ud83d\udcac  ::debug::Destination /tmp/8374c74f-eb17-4c4f-8315-fa24674fd6ba\n[Publish/build]   \ud83d\udcac  ::debug::download complete\n[Publish/build]   | Extracting Java archive...\n[Publish/build]   \ud83d\udcac  ::debug::Checking tar --version\n[Publish/build]   \ud83d\udcac  ::debug::tar (GNU tar) 1.30%0ACopyright (C) 2017 Free Software Foundation, Inc.%0ALicense GPLv3+: GNU GPL version 3 or later <https://gnu.org/licenses/gpl.html>.%0AThis is free software: you are free to change and redistribute it.%0AThere is NO WARRANTY, to the extent permitted by law.%0A%0AWritten by John Gilmore and Jay Fenlason.\n[Publish/build]   | [command]/usr/bin/tar xz --warning=no-unknown-keyword -C /tmp/5ec115a9-1b81-4413-8e66-cc3590910261 -f /tmp/8374c74f-eb17-4c4f-8315-fa24674fd6ba\n[Publish/build]   \ud83d\udcac  ::debug::Caching tool Java_Temurin-Hotspot_jdk 17.0.7-7 x64\n[Publish/build]   \ud83d\udcac  ::debug::source dir: /tmp/5ec115a9-1b81-4413-8e66-cc3590910261/jdk-17.0.7+7\n[Publish/build]   \ud83d\udcac  ::debug::destination /opt/hostedtoolcache/Java_Temurin-Hotspot_jdk/17.0.7-7/x64\n[Publish/build]   \ud83d\udcac  ::debug::finished caching tool\n[Publish/build]   | Java 17.0.7+7 was downloaded\n[Publish/build]   | Setting Java 17.0.7+7 as the default\n[Publish/build]   | Creating toolchains.xml for JDK version 17 from temurin\n[Publish/build]   | Writing to /home/runneradmin/.m2/toolchains.xml\n[Publish/build]   | \n[Publish/build]   | Java configuration:\n[Publish/build]   |   Distribution: temurin\n[Publish/build]   |   Version: 17.0.7+7\n[Publish/build]   |   Path: /opt/hostedtoolcache/Java_Temurin-Hotspot_jdk/17.0.7-7/x64\n[Publish/build]   | \n[Publish/build]   \u2753  ::endgroup::\n[Publish/build]   \u2753 add-matcher /run/act/actions/actions-setup-java@v3/.github/java.json\n[Publish/build]   | Creating settings.xml with server-id: github\n[Publish/build]   | Writing to /home/runneradmin/.m2/settings.xml\n[Publish/build]   \u2705  Success - Main Set up JDK 17\n[Publish/build]   \u2699  ::set-env:: JAVA_HOME_17_X64=/opt/hostedtoolcache/Java_Temurin-Hotspot_jdk/17.0.7-7/x64\n[Publish/build]   \u2699  ::set-env:: JAVA_HOME=/opt/hostedtoolcache/Java_Temurin-Hotspot_jdk/17.0.7-7/x64\n[Publish/build]   \u2699  ::set-output:: distribution=Temurin-Hotspot\n[Publish/build]   \u2699  ::set-output:: path=/opt/hostedtoolcache/Java_Temurin-Hotspot_jdk/17.0.7-7/x64\n[Publish/build]   \u2699  ::set-output:: version=17.0.7+7\n[Publish/build]   \u2699  ::add-path:: /opt/hostedtoolcache/Java_Temurin-Hotspot_jdk/17.0.7-7/x64/bin\n[Publish/build] \u2b50 Run Main Build with Gradle\n[Publish/build]   \ud83d\udc33  docker cp src=/home/andre-silva/.cache/act/gradle-gradle-build-action@67421db6bd0bf253fb4bd25b31ebb98943c375e1/ dst=/var/run/act/actions/gradle-gradle-build-action@67421db6bd0bf253fb4bd25b31ebb98943c375e1/\n[Publish/build]   \ud83d\udc33  docker exec cmd=[chown -R 1012:1000 /var/run/act/actions/gradle-gradle-build-action@67421db6bd0bf253fb4bd25b31ebb98943c375e1/] user=0 workdir=\n[Publish/build]   \ud83d\udc33  docker exec cmd=[node /var/run/act/actions/gradle-gradle-build-action@67421db6bd0bf253fb4bd25b31ebb98943c375e1/dist/main/index.js] user= workdir=\n[Publish/build]   \ud83d\udcac  ::debug::Determined user.home from java -version output: '/home/runneradmin'\n[Publish/build]   \ud83d\udcbe  ::save-state name=GRADLE_BUILD_ACTION_SETUP_COMPLETED::true\n[Publish/build]   \ud83d\udcbe  ::save-state name=GRADLE_USER_HOME::/home/runneradmin/.gradle\n[Publish/build]   \ud83d\udcbe  ::save-state name=GRADLE_BUILD_ACTION_CACHE_RESTORED::true\n[Publish/build]   \u2753  ::group::Restore Gradle state from cache\n[Publish/build]   \ud83d\udcac  ::debug::Requesting Gradle User Home with%0A    key:v6-gradle|Linux|build[99914b932bd37a50b983c5e7c90ae93b]-60b799c491293643db680adf0a113db120cb77a3%0A    restoreKeys:[v6-gradle|Linux|build[99914b932bd37a50b983c5e7c90ae93b],v6-gradle|Linux|build,v6-gradle|Linux]\n[Publish/build]   \ud83d\udcac  ::debug::Using cache paths: /home/runneradmin/.gradle/caches,/home/runneradmin/.gradle/notifications,/home/runneradmin/.gradle/.gradle-build-action\n[Publish/build]   \ud83d\udcac  ::debug::Resolved Keys:\n[Publish/build]   \ud83d\udcac  ::debug::[\"v6-gradle|Linux|build[99914b932bd37a50b983c5e7c90ae93b]-60b799c491293643db680adf0a113db120cb77a3\",\"v6-gradle|Linux|build[99914b932bd37a50b983c5e7c90ae93b]\",\"v6-gradle|Linux|build\",\"v6-gradle|Linux\"]\n[Publish/build]   \ud83d\udcac  ::debug::Checking zstd --version\n[Publish/build]   \ud83d\udcac  ::debug::*** zstd command line interface 64-bits v1.5.0, by Yann Collet ***\n[Publish/build]   \ud83d\udcac  ::debug::getCacheEntry - Attempt 1 of 2 failed with error: Cache Service Url not found, unable to restore cache.\n[Publish/build]   \ud83d\udcac  ::debug::getCacheEntry - Attempt 2 of 2 failed with error: Cache Service Url not found, unable to restore cache.\n[Publish/build]   \ud83d\udea7  ::warning::Failed to restore v6-gradle|Linux|build[99914b932bd37a50b983c5e7c90ae93b]-60b799c491293643db680adf0a113db120cb77a3: Error: getCacheEntry failed: Cache Service Url not found, unable to restore cache.\n[Publish/build]   \ud83d\udcac  ::debug::Error: getCacheEntry failed: Cache Service Url not found, unable to restore cache.%0A    at /run/act/actions/gradle-gradle-build-action@67421db6bd0bf253fb4bd25b31ebb98943c375e1/dist/webpack:/gradle-build-action/node_modules/@actions/cache/lib/internal/requestUtils.js:89:1%0A    at Generator.next (<anonymous>)%0A    at fulfilled (/run/act/actions/gradle-gradle-build-action@67421db6bd0bf253fb4bd25b31ebb98943c375e1/dist/webpack:/gradle-build-action/node_modules/@actions/cache/lib/internal/requestUtils.js:5:1)\n[Publish/build]   | Gradle User Home cache not found. Will initialize empty.\n[Publish/build]   \u2753  ::endgroup::\n[Publish/build]   \ud83d\udcbe  ::save-state name=CACHE_LISTENER::{\"cacheEntries\":[{\"entryName\":\"Gradle User Home\",\"requestedKey\":\"v6-gradle|Linux|build[99914b932bd37a50b983c5e7c90ae93b]-60b799c491293643db680adf0a113db120cb77a3\",\"requestedRestoreKeys\":[\"v6-gradle|Linux|build[99914b932bd37a50b983c5e7c90ae93b]\",\"v6-gradle|Linux|build\",\"v6-gradle|Linux\"]}],\"isCacheReadOnly\":false,\"isCacheWriteOnly\":false,\"isCacheDisabled\":false}\n[Publish/build]   | [command]/tmp/569e0364-0b80-11ee-a890-af2cc187fc11/ZsoltMolnarrr-BetterCombat/gradlew ::publishMod -Prelease_type=\n[Publish/build]   | Downloading https://services.gradle.org/distributions/gradle-7.5-bin.zip\n[Publish/build]   | ...........10%............20%...........30%............40%...........50%............60%...........70%............80%...........90%............100%\n[Publish/build]   | \n[Publish/build]   | Welcome to Gradle 7.5!\n[Publish/build]   | \n[Publish/build]   | Here are the highlights of this release:\n[Publish/build]   |  - Support for Java 18\n[Publish/build]   |  - Support for building with Groovy 4\n[Publish/build]   |  - Much more responsive continuous builds\n[Publish/build]   |  - Improved diagnostics for dependency resolution\n[Publish/build]   | \n[Publish/build]   | For more details see https://docs.gradle.org/7.5/release-notes.html\n[Publish/build]   | \n[Publish/build]   | To honour the JVM settings for this build a single-use Daemon process will be forked. See https://docs.gradle.org/7.5/userguide/gradle_daemon.html#sec:disabling_the_daemon.\n[Publish/build]   | Daemon will be stopped at the end of the build \n[Publish/build]   | \n[Publish/build]   | > Configure project :\n[Publish/build]   | Architect Plugin: 3.4.146\n[Publish/build]   | Architectury Loom: 0.12.0.325\n[Publish/build]   | You are using an outdated version of Architectury Loom! This version will not receive any support, please consider updating!\n[Publish/build]   | \n[Publish/build]   | > Configure project :common\n[Publish/build]   | :merging mappings (InstallerTools, srg + mojmap)\n[Publish/build]   | :merged mappings (InstallerTools, srg + mojmap) in 3.003 s\n[Publish/build]   | Processing file: minecraft-project-@common-merged-named.jar\n[Publish/build]   | Processing file: minecraft-project-@common-merged-named.jar\n[Publish/build]   | :remapping 3 mods (TinyRemapper, intermediary -> named)\n[Publish/build]   | :remapped 3 mods (TinyRemapper, intermediary -> named) in 2.938 s\n[Publish/build]   | :remapping 43 mods (TinyRemapper, intermediary -> named)\n[Publish/build]   | :remapped 43 mods (TinyRemapper, intermediary -> named) in 3.423 s\n[Publish/build]   | :remapping 1 mods (TinyRemapper, intermediary -> named)\n[Publish/build]   | :remapped 1 mods (TinyRemapper, intermediary -> named) in 2.579 s\n[Publish/build]   | \n[Publish/build]   | > Configure project :fabric\n[Publish/build]   | Processing file: minecraft-project-@fabric-merged-named.jar\n[Publish/build]   | Processing file: minecraft-project-@fabric-merged-named.jar\n[Publish/build]   | :remapping 1 mods (TinyRemapper, intermediary -> named)\n[Publish/build]   | :remapped 1 mods (TinyRemapper, intermediary -> named) in 3.501 s\n[Publish/build]   | \n[Publish/build]   | FAILURE: Build failed with an exception.\n[Publish/build]   | \n[Publish/build]   | * What went wrong:\n[Publish/build]   | A problem occurred configuring project ':fabric'.\n[Publish/build]   | > Invalid release type () for project 639842. Valid options are: [alpha, beta, release]\n[Publish/build]   | \n[Publish/build]   | * Try:\n[Publish/build]   | > Run with --stacktrace option to get the stack trace.\n[Publish/build]   | > Run with --info or --debug option to get more log output.\n[Publish/build]   | > Run with --scan to get full insights.\n[Publish/build]   | \n[Publish/build]   | * Get more help at https://help.gradle.org\n[Publish/build]   | \n[Publish/build]   | Deprecated Gradle features were used in this build, making it incompatible with Gradle 8.0.\n[Publish/build]   | \n[Publish/build]   | You can use '--warning-mode all' to show the individual deprecation warnings and determine if they come from your own scripts or plugins.\n[Publish/build]   | \n[Publish/build]   | See https://docs.gradle.org/7.5/userguide/command_line_interface.html#sec:command_line_warnings\n[Publish/build]   | \n[Publish/build]   | BUILD FAILED in 3m 22s\n[Publish/build]   \u2757  ::error::Gradle build failed: see console output for details\n[Publish/build]   \u274c  Failure - Main Build with Gradle\n[Publish/build]   \u2699  ::set-env:: GRADLE_BUILD_ACTION_SETUP_COMPLETED=true\n[Publish/build]   \u2699  ::set-env:: GRADLE_BUILD_ACTION_CACHE_RESTORED=true\n[Publish/build] exitcode '1': failure\n[Publish/build] \u2b50 Run Post Build with Gradle\n[Publish/build]   \ud83d\udc33  docker exec cmd=[node /var/run/act/actions/gradle-gradle-build-action@67421db6bd0bf253fb4bd25b31ebb98943c375e1/dist/post/index.js] user= workdir=\n[Publish/build]   | Stopping all Gradle daemons\n[Publish/build]   | In final post-action step, saving state and writing summary\n[Publish/build]   | Cache is read-only: will not save state for use in subsequent builds.\n[Publish/build]   | Writing job summary\n[Publish/build]   \ud83d\udcac  ::debug::No Gradle build results found. Summary table will not be generated.\n[Publish/build]   \u2705  Success - Post Build with Gradle\n[Publish/build] \u2b50 Run Post Set up JDK 17\n[Publish/build]   \ud83d\udc33  docker exec cmd=[node /var/run/act/actions/actions-setup-java@v3/dist/cleanup/index.js] user= workdir=\n[Publish/build]   \u2705  Success - Post Set up JDK 17\n[Publish/build] \ud83c\udfc1  Job failed\n",
        "stderr": "Error: Job 'build' failed\n",
        "workflow": "/tmp/569e0364-0b80-11ee-a890-af2cc187fc11/ZsoltMolnarrr-BetterCombat/.github/workflows/publish-crawler.yml",
        "build_tool": "gradle",
        "elapsed_time": 266.1578814983368
    }
}