{
    "repository": "alerta/alerta-contrib",
    "clone_url": "https://github.com/alerta/alerta-contrib.git",
    "timestamp": "2023-05-29T15:25:14.710239Z",
    "clone_success": true,
    "number of actions": 1,
    "number_of_test_actions": 1,
    "actions_successful": false,
    "actions_stdout": "[Tests/test-mongodb ] \ud83d\ude80  Start image=crawlergpt:latest\n[Tests/test-postgres] \ud83d\ude80  Start image=crawlergpt:latest\n[Tests/test-postgres]   \ud83d\udc33  docker pull image=crawlergpt:latest platform= username= forcePull=false\n[Tests/test-mongodb ]   \ud83d\udc33  docker pull image=crawlergpt:latest platform= username= forcePull=false\n[Tests/test-mongodb ]   \ud83d\udc33  docker create image=crawlergpt:latest platform= entrypoint=[\"tail\" \"-f\" \"/dev/null\"] cmd=[]\n[Tests/test-postgres]   \ud83d\udc33  docker create image=crawlergpt:latest platform= entrypoint=[\"tail\" \"-f\" \"/dev/null\"] cmd=[]\n[Tests/test-mongodb ]   \ud83d\udc33  docker run image=crawlergpt:latest platform= entrypoint=[\"tail\" \"-f\" \"/dev/null\"] cmd=[]\n[Tests/test-postgres]   \ud83d\udc33  docker run image=crawlergpt:latest platform= entrypoint=[\"tail\" \"-f\" \"/dev/null\"] cmd=[]\n[Tests/test-postgres]   \ud83d\udc33  docker exec cmd=[chown -R 1012:1000 /tmp/de65f406-fe28-11ed-a890-af2cc187fc11/alerta-alerta-contrib] user=0 workdir=\n[Tests/test-mongodb ]   \ud83d\udc33  docker exec cmd=[chown -R 1012:1000 /tmp/de65f406-fe28-11ed-a890-af2cc187fc11/alerta-alerta-contrib] user=0 workdir=\n[Tests/test-postgres]   \u2601  git clone 'https://github.com/actions/setup-python' # ref=v4\n[Tests/test-mongodb ]   \u2601  git clone 'https://github.com/actions/setup-python' # ref=v4\n[Tests/test-postgres]   \u2601  git clone 'https://github.com/act10ns/slack' # ref=v2\n[Tests/test-mongodb ]   \u2601  git clone 'https://github.com/act10ns/slack' # ref=v2\n[Tests/test-postgres] \ud83e\uddea  Matrix: map[python-version:3.8]\n[Tests/test-postgres] \u2b50 Run Main actions/checkout@v3\n[Tests/test-postgres]   \u2705  Success - Main actions/checkout@v3\n[Tests/test-mongodb ] \ud83e\uddea  Matrix: map[python-version:3.8]\n[Tests/test-mongodb ] \u2b50 Run Main actions/checkout@v3\n[Tests/test-mongodb ]   \u2705  Success - Main actions/checkout@v3\n[Tests/test-postgres] \u2b50 Run Main Set up Python 3.8\n[Tests/test-postgres]   \ud83d\udc33  docker cp src=/home/andre-silva/.cache/act/actions-setup-python@v4/ dst=/var/run/act/actions/actions-setup-python@v4/\n[Tests/test-mongodb ] \u2b50 Run Main Set up Python 3.8\n[Tests/test-mongodb ]   \ud83d\udc33  docker cp src=/home/andre-silva/.cache/act/actions-setup-python@v4/ dst=/var/run/act/actions/actions-setup-python@v4/\n[Tests/test-postgres]   \ud83d\udc33  docker exec cmd=[chown -R 1012:1000 /var/run/act/actions/actions-setup-python@v4/] user=0 workdir=\n[Tests/test-mongodb ]   \ud83d\udc33  docker exec cmd=[chown -R 1012:1000 /var/run/act/actions/actions-setup-python@v4/] user=0 workdir=\n[Tests/test-postgres]   \ud83d\udc33  docker exec cmd=[node /var/run/act/actions/actions-setup-python@v4/dist/setup/index.js] user= workdir=\n[Tests/test-mongodb ]   \ud83d\udc33  docker exec cmd=[node /var/run/act/actions/actions-setup-python@v4/dist/setup/index.js] user= workdir=\n[Tests/test-postgres]   \ud83d\udcac  ::debug::Python is expected to be installed into /opt/hostedtoolcache\n[Tests/test-postgres]   \u2753  ::group::Installed versions\n[Tests/test-postgres]   \ud83d\udcac  ::debug::Semantic version spec of 3.8 is 3.8\n[Tests/test-postgres]   \ud83d\udcac  ::debug::isExplicit: \n[Tests/test-postgres]   \ud83d\udcac  ::debug::explicit? false\n[Tests/test-postgres]   \ud83d\udcac  ::debug::isExplicit: 2.7.18\n[Tests/test-postgres]   \ud83d\udcac  ::debug::explicit? true\n[Tests/test-postgres]   \ud83d\udcac  ::debug::isExplicit: 3.5.10\n[Tests/test-postgres]   \ud83d\udcac  ::debug::explicit? true\n[Tests/test-postgres]   \ud83d\udcac  ::debug::isExplicit: 3.6.14\n[Tests/test-postgres]   \ud83d\udcac  ::debug::explicit? true\n[Tests/test-postgres]   \ud83d\udcac  ::debug::isExplicit: 3.7.11\n[Tests/test-postgres]   \ud83d\udcac  ::debug::explicit? true\n[Tests/test-postgres]   \ud83d\udcac  ::debug::isExplicit: 3.8.11\n[Tests/test-postgres]   \ud83d\udcac  ::debug::explicit? true\n[Tests/test-postgres]   \ud83d\udcac  ::debug::isExplicit: 3.9.6\n[Tests/test-postgres]   \ud83d\udcac  ::debug::explicit? true\n[Tests/test-postgres]   \ud83d\udcac  ::debug::evaluating 6 versions\n[Tests/test-postgres]   \ud83d\udcac  ::debug::matched: 3.8.11\n[Tests/test-postgres]   \ud83d\udcac  ::debug::checking cache: /opt/hostedtoolcache/Python/3.8.11/x64\n[Tests/test-postgres]   \ud83d\udcac  ::debug::Found tool in cache Python 3.8.11 x64\n[Tests/test-postgres]   | Successfully set up CPython (3.8.11)\n[Tests/test-postgres]   \u2753  ::endgroup::\n[Tests/test-postgres]   \u2753 add-matcher /run/act/actions/actions-setup-python@v4/.github/python.json\n[Tests/test-postgres]   \u2705  Success - Main Set up Python 3.8\n[Tests/test-mongodb ]   \ud83d\udcac  ::debug::Python is expected to be installed into /opt/hostedtoolcache\n[Tests/test-mongodb ]   \u2753  ::group::Installed versions\n[Tests/test-mongodb ]   \ud83d\udcac  ::debug::Semantic version spec of 3.8 is 3.8\n[Tests/test-mongodb ]   \ud83d\udcac  ::debug::isExplicit: \n[Tests/test-mongodb ]   \ud83d\udcac  ::debug::explicit? false\n[Tests/test-mongodb ]   \ud83d\udcac  ::debug::isExplicit: 2.7.18\n[Tests/test-mongodb ]   \ud83d\udcac  ::debug::explicit? true\n[Tests/test-mongodb ]   \ud83d\udcac  ::debug::isExplicit: 3.5.10\n[Tests/test-mongodb ]   \ud83d\udcac  ::debug::explicit? true\n[Tests/test-mongodb ]   \ud83d\udcac  ::debug::isExplicit: 3.6.14\n[Tests/test-mongodb ]   \ud83d\udcac  ::debug::explicit? true\n[Tests/test-mongodb ]   \ud83d\udcac  ::debug::isExplicit: 3.7.11\n[Tests/test-mongodb ]   \ud83d\udcac  ::debug::explicit? true\n[Tests/test-mongodb ]   \ud83d\udcac  ::debug::isExplicit: 3.8.11\n[Tests/test-mongodb ]   \ud83d\udcac  ::debug::explicit? true\n[Tests/test-mongodb ]   \ud83d\udcac  ::debug::isExplicit: 3.9.6\n[Tests/test-mongodb ]   \ud83d\udcac  ::debug::explicit? true\n[Tests/test-mongodb ]   \ud83d\udcac  ::debug::evaluating 6 versions\n[Tests/test-mongodb ]   \ud83d\udcac  ::debug::matched: 3.8.11\n[Tests/test-mongodb ]   \ud83d\udcac  ::debug::checking cache: /opt/hostedtoolcache/Python/3.8.11/x64\n[Tests/test-mongodb ]   \ud83d\udcac  ::debug::Found tool in cache Python 3.8.11 x64\n[Tests/test-mongodb ]   | Successfully set up CPython (3.8.11)\n[Tests/test-mongodb ]   \u2753  ::endgroup::\n[Tests/test-mongodb ]   \u2753 add-matcher /run/act/actions/actions-setup-python@v4/.github/python.json\n[Tests/test-mongodb ]   \u2705  Success - Main Set up Python 3.8\n[Tests/test-mongodb ]   \u2699  ::set-env:: pythonLocation=/opt/hostedtoolcache/Python/3.8.11/x64\n[Tests/test-mongodb ]   \u2699  ::set-env:: PKG_CONFIG_PATH=/opt/hostedtoolcache/Python/3.8.11/x64/lib/pkgconfig\n[Tests/test-mongodb ]   \u2699  ::set-env:: Python_ROOT_DIR=/opt/hostedtoolcache/Python/3.8.11/x64\n[Tests/test-mongodb ]   \u2699  ::set-env:: Python2_ROOT_DIR=/opt/hostedtoolcache/Python/3.8.11/x64\n[Tests/test-mongodb ]   \u2699  ::set-env:: Python3_ROOT_DIR=/opt/hostedtoolcache/Python/3.8.11/x64\n[Tests/test-mongodb ]   \u2699  ::set-env:: LD_LIBRARY_PATH=/opt/hostedtoolcache/Python/3.8.11/x64/lib\n[Tests/test-postgres]   \u2699  ::set-env:: pythonLocation=/opt/hostedtoolcache/Python/3.8.11/x64\n[Tests/test-postgres]   \u2699  ::set-env:: PKG_CONFIG_PATH=/opt/hostedtoolcache/Python/3.8.11/x64/lib/pkgconfig\n[Tests/test-postgres]   \u2699  ::set-env:: Python_ROOT_DIR=/opt/hostedtoolcache/Python/3.8.11/x64\n[Tests/test-postgres]   \u2699  ::set-env:: Python2_ROOT_DIR=/opt/hostedtoolcache/Python/3.8.11/x64\n[Tests/test-postgres]   \u2699  ::set-env:: Python3_ROOT_DIR=/opt/hostedtoolcache/Python/3.8.11/x64\n[Tests/test-postgres]   \u2699  ::set-env:: LD_LIBRARY_PATH=/opt/hostedtoolcache/Python/3.8.11/x64/lib\n[Tests/test-mongodb ]   \u2699  ::set-output:: python-version=3.8.11\n[Tests/test-mongodb ]   \u2699  ::set-output:: python-path=/opt/hostedtoolcache/Python/3.8.11/x64/bin/python\n[Tests/test-postgres]   \u2699  ::set-output:: python-version=3.8.11\n[Tests/test-postgres]   \u2699  ::set-output:: python-path=/opt/hostedtoolcache/Python/3.8.11/x64/bin/python\n[Tests/test-mongodb ]   \u2699  ::add-path:: /opt/hostedtoolcache/Python/3.8.11/x64\n[Tests/test-mongodb ]   \u2699  ::add-path:: /opt/hostedtoolcache/Python/3.8.11/x64/bin\n[Tests/test-postgres]   \u2699  ::add-path:: /opt/hostedtoolcache/Python/3.8.11/x64\n[Tests/test-postgres]   \u2699  ::add-path:: /opt/hostedtoolcache/Python/3.8.11/x64/bin\n[Tests/test-postgres] \u2b50 Run Main Install dependencies\n[Tests/test-mongodb ] \u2b50 Run Main Install dependencies\n[Tests/test-mongodb ]   \ud83d\udc33  docker exec cmd=[bash --noprofile --norc -e -o pipefail /var/run/act/workflow/install-deps] user= workdir=\n[Tests/test-postgres]   \ud83d\udc33  docker exec cmd=[bash --noprofile --norc -e -o pipefail /var/run/act/workflow/install-deps] user= workdir=\n[Tests/test-postgres]   | Requirement already satisfied: pip in /opt/hostedtoolcache/Python/3.8.11/x64/lib/python3.8/site-packages (21.2.4)\n[Tests/test-mongodb ]   | Requirement already satisfied: pip in /opt/hostedtoolcache/Python/3.8.11/x64/lib/python3.8/site-packages (21.2.4)\n[Tests/test-postgres]   | Collecting pip\n[Tests/test-postgres]   |   Downloading pip-23.1.2-py3-none-any.whl (2.1 MB)\n[Tests/test-mongodb ]   | Collecting pip\n[Tests/test-mongodb ]   |   Downloading pip-23.1.2-py3-none-any.whl (2.1 MB)\n[Tests/test-postgres]   | Installing collected packages: pip\n[Tests/test-postgres]   |   Attempting uninstall: pip\n[Tests/test-postgres]   |     Found existing installation: pip 21.2.4\n[Tests/test-mongodb ]   | Installing collected packages: pip\n[Tests/test-mongodb ]   |   Attempting uninstall: pip\n[Tests/test-mongodb ]   |     Found existing installation: pip 21.2.4\n[Tests/test-postgres]   |     Uninstalling pip-21.2.4:\n[Tests/test-mongodb ]   |     Uninstalling pip-21.2.4:\n[Tests/test-postgres]   |       Successfully uninstalled pip-21.2.4\n[Tests/test-mongodb ]   |       Successfully uninstalled pip-21.2.4\n[Tests/test-mongodb ]   | Successfully installed pip-23.1.2\n[Tests/test-postgres]   | Successfully installed pip-23.1.2\n[Tests/test-mongodb ]   | Collecting flake8\n[Tests/test-mongodb ]   |   Downloading flake8-6.0.0-py2.py3-none-any.whl (57 kB)\n[Tests/test-mongodb ]   |      \u2501\u2501\u2501\u2501\u2501\u2501\u2501\u2501\u2501\u2501\u2501\u2501\u2501\u2501\u2501\u2501\u2501\u2501\u2501\u2501\u2501\u2501\u2501\u2501\u2501\u2501\u2501\u2501\u2501\u2501\u2501\u2501\u2501\u2501\u2501\u2501\u2501\u2501\u2501\u2501 57.8/57.8 kB 5.3 MB/s eta 0:00:00\n[Tests/test-postgres]   | Collecting flake8\n[Tests/test-postgres]   |   Downloading flake8-6.0.0-py2.py3-none-any.whl (57 kB)\n[Tests/test-mongodb ]   | Collecting pytest\n[Tests/test-postgres]   |      \u2501\u2501\u2501\u2501\u2501\u2501\u2501\u2501\u2501\u2501\u2501\u2501\u2501\u2501\u2501\u2501\u2501\u2501\u2501\u2501\u2501\u2501\u2501\u2501\u2501\u2501\u2501\u2501\u2501\u2501\u2501\u2501\u2501\u2501\u2501\u2501\u2501\u2501\u2501\u2501 57.8/57.8 kB 5.6 MB/s eta 0:00:00\n[Tests/test-mongodb ]   |   Downloading pytest-7.3.1-py3-none-any.whl (320 kB)\n[Tests/test-mongodb ]   |      \u2501\u2501\u2501\u2501\u2501\u2501\u2501\u2501\u2501\u2501\u2501\u2501\u2501\u2501\u2501\u2501\u2501\u2501\u2501\u2501\u2501\u2501\u2501\u2501\u2501\u2501\u2501\u2501\u2501\u2501\u2501\u2501\u2501\u2501\u2501\u2501\u2501\u2501 320.5/320.5 kB 17.9 MB/s eta 0:00:00\n[Tests/test-mongodb ]   | Collecting mccabe<0.8.0,>=0.7.0 (from flake8)\n[Tests/test-mongodb ]   |   Downloading mccabe-0.7.0-py2.py3-none-any.whl (7.3 kB)\n[Tests/test-mongodb ]   | Collecting pycodestyle<2.11.0,>=2.10.0 (from flake8)\n[Tests/test-mongodb ]   |   Downloading pycodestyle-2.10.0-py2.py3-none-any.whl (41 kB)\n[Tests/test-mongodb ]   |      \u2501\u2501\u2501\u2501\u2501\u2501\u2501\u2501\u2501\u2501\u2501\u2501\u2501\u2501\u2501\u2501\u2501\u2501\u2501\u2501\u2501\u2501\u2501\u2501\u2501\u2501\u2501\u2501\u2501\u2501\u2501\u2501\u2501\u2501\u2501\u2501\u2501\u2501\u2501\u2501 41.3/41.3 kB 2.1 MB/s eta 0:00:00\n[Tests/test-postgres]   | Collecting pytest\n[Tests/test-postgres]   |   Downloading pytest-7.3.1-py3-none-any.whl (320 kB)\n[Tests/test-postgres]   |      \u2501\u2501\u2501\u2501\u2501\u2501\u2501\u2501\u2501\u2501\u2501\u2501\u2501\u2501\u2501\u2501\u2501\u2501\u2501\u2501\u2501\u2501\u2501\u2501\u2501\u2501\u2501\u2501\u2501\u2501\u2501\u2501\u2501\u2501\u2501\u2501\u2501\u2501 320.5/320.5 kB 16.2 MB/s eta 0:00:00\n[Tests/test-mongodb ]   | Collecting pyflakes<3.1.0,>=3.0.0 (from flake8)\n[Tests/test-mongodb ]   |   Downloading pyflakes-3.0.1-py2.py3-none-any.whl (62 kB)\n[Tests/test-postgres]   | Collecting mccabe<0.8.0,>=0.7.0 (from flake8)\n[Tests/test-mongodb ]   |      \u2501\u2501\u2501\u2501\u2501\u2501\u2501\u2501\u2501\u2501\u2501\u2501\u2501\u2501\u2501\u2501\u2501\u2501\u2501\u2501\u2501\u2501\u2501\u2501\u2501\u2501\u2501\u2501\u2501\u2501\u2501\u2501\u2501\u2501\u2501\u2501\u2501\u2501\u2501\u2501 62.8/62.8 kB 3.5 MB/s eta 0:00:00\n[Tests/test-postgres]   |   Downloading mccabe-0.7.0-py2.py3-none-any.whl (7.3 kB)\n[Tests/test-mongodb ]   | Collecting iniconfig (from pytest)\n[Tests/test-mongodb ]   |   Downloading iniconfig-2.0.0-py3-none-any.whl (5.9 kB)\n[Tests/test-postgres]   | Collecting pycodestyle<2.11.0,>=2.10.0 (from flake8)\n[Tests/test-postgres]   |   Downloading pycodestyle-2.10.0-py2.py3-none-any.whl (41 kB)\n[Tests/test-postgres]   |      \u2501\u2501\u2501\u2501\u2501\u2501\u2501\u2501\u2501\u2501\u2501\u2501\u2501\u2501\u2501\u2501\u2501\u2501\u2501\u2501\u2501\u2501\u2501\u2501\u2501\u2501\u2501\u2501\u2501\u2501\u2501\u2501\u2501\u2501\u2501\u2501\u2501\u2501\u2501\u2501 41.3/41.3 kB 3.2 MB/s eta 0:00:00\n[Tests/test-mongodb ]   | Collecting packaging (from pytest)\n[Tests/test-postgres]   | Collecting pyflakes<3.1.0,>=3.0.0 (from flake8)\n[Tests/test-mongodb ]   |   Downloading packaging-23.1-py3-none-any.whl (48 kB)\n[Tests/test-postgres]   |   Downloading pyflakes-3.0.1-py2.py3-none-any.whl (62 kB)\n[Tests/test-mongodb ]   |      \u2501\u2501\u2501\u2501\u2501\u2501\u2501\u2501\u2501\u2501\u2501\u2501\u2501\u2501\u2501\u2501\u2501\u2501\u2501\u2501\u2501\u2501\u2501\u2501\u2501\u2501\u2501\u2501\u2501\u2501\u2501\u2501\u2501\u2501\u2501\u2501\u2501\u2501\u2501\u2501 48.9/48.9 kB 1.6 MB/s eta 0:00:00\n[Tests/test-postgres]   |      \u2501\u2501\u2501\u2501\u2501\u2501\u2501\u2501\u2501\u2501\u2501\u2501\u2501\u2501\u2501\u2501\u2501\u2501\u2501\u2501\u2501\u2501\u2501\u2501\u2501\u2501\u2501\u2501\u2501\u2501\u2501\u2501\u2501\u2501\u2501\u2501\u2501\u2501\u2501\u2501 62.8/62.8 kB 2.1 MB/s eta 0:00:00\n[Tests/test-mongodb ]   | Collecting pluggy<2.0,>=0.12 (from pytest)\n[Tests/test-mongodb ]   |   Downloading pluggy-1.0.0-py2.py3-none-any.whl (13 kB)\n[Tests/test-postgres]   | Collecting iniconfig (from pytest)\n[Tests/test-postgres]   |   Downloading iniconfig-2.0.0-py3-none-any.whl (5.9 kB)\n[Tests/test-mongodb ]   | Collecting exceptiongroup>=1.0.0rc8 (from pytest)\n[Tests/test-mongodb ]   |   Downloading exceptiongroup-1.1.1-py3-none-any.whl (14 kB)\n[Tests/test-mongodb ]   | Collecting tomli>=1.0.0 (from pytest)\n[Tests/test-mongodb ]   |   Downloading tomli-2.0.1-py3-none-any.whl (12 kB)\n[Tests/test-postgres]   | Collecting packaging (from pytest)\n[Tests/test-postgres]   |   Downloading packaging-23.1-py3-none-any.whl (48 kB)\n[Tests/test-postgres]   |      \u2501\u2501\u2501\u2501\u2501\u2501\u2501\u2501\u2501\u2501\u2501\u2501\u2501\u2501\u2501\u2501\u2501\u2501\u2501\u2501\u2501\u2501\u2501\u2501\u2501\u2501\u2501\u2501\u2501\u2501\u2501\u2501\u2501\u2501\u2501\u2501\u2501\u2501\u2501\u2501 48.9/48.9 kB 1.3 MB/s eta 0:00:00\n[Tests/test-postgres]   | Collecting pluggy<2.0,>=0.12 (from pytest)\n[Tests/test-postgres]   |   Downloading pluggy-1.0.0-py2.py3-none-any.whl (13 kB)\n[Tests/test-postgres]   | Collecting exceptiongroup>=1.0.0rc8 (from pytest)\n[Tests/test-postgres]   |   Downloading exceptiongroup-1.1.1-py3-none-any.whl (14 kB)\n[Tests/test-mongodb ]   | Installing collected packages: tomli, pyflakes, pycodestyle, pluggy, packaging, mccabe, iniconfig, exceptiongroup, pytest, flake8\n[Tests/test-postgres]   | Collecting tomli>=1.0.0 (from pytest)\n[Tests/test-postgres]   |   Downloading tomli-2.0.1-py3-none-any.whl (12 kB)\n[Tests/test-postgres]   | Installing collected packages: tomli, pyflakes, pycodestyle, pluggy, packaging, mccabe, iniconfig, exceptiongroup, pytest, flake8\n[Tests/test-mongodb ]   | Successfully installed exceptiongroup-1.1.1 flake8-6.0.0 iniconfig-2.0.0 mccabe-0.7.0 packaging-23.1 pluggy-1.0.0 pycodestyle-2.10.0 pyflakes-3.0.1 pytest-7.3.1 tomli-2.0.1\n[Tests/test-mongodb ]   | \n[Tests/test-mongodb ]   | [notice] A new release of pip is available: 21.1.1 -> 23.1.2\n[Tests/test-mongodb ]   | [notice] To update, run: pip install --upgrade pip\n[Tests/test-postgres]   | Successfully installed exceptiongroup-1.1.1 flake8-6.0.0 iniconfig-2.0.0 mccabe-0.7.0 packaging-23.1 pluggy-1.0.0 pycodestyle-2.10.0 pyflakes-3.0.1 pytest-7.3.1 tomli-2.0.1\n[Tests/test-postgres]   | \n[Tests/test-postgres]   | [notice] A new release of pip is available: 21.1.1 -> 23.1.2\n[Tests/test-postgres]   | [notice] To update, run: pip install --upgrade pip\n[Tests/test-mongodb ]   | Collecting alerta (from -r requirements-dev.txt (line 1))\n[Tests/test-mongodb ]   |   Downloading alerta-8.5.2-py2.py3-none-any.whl (70 kB)\n[Tests/test-mongodb ]   |      \u2501\u2501\u2501\u2501\u2501\u2501\u2501\u2501\u2501\u2501\u2501\u2501\u2501\u2501\u2501\u2501\u2501\u2501\u2501\u2501\u2501\u2501\u2501\u2501\u2501\u2501\u2501\u2501\u2501\u2501\u2501\u2501\u2501\u2501\u2501\u2501\u2501\u2501\u2501\u2501 70.1/70.1 kB 1.3 MB/s eta 0:00:00\n[Tests/test-postgres]   | Collecting alerta (from -r requirements-dev.txt (line 1))\n[Tests/test-postgres]   |   Downloading alerta-8.5.2-py2.py3-none-any.whl (70 kB)\n[Tests/test-postgres]   |      \u2501\u2501\u2501\u2501\u2501\u2501\u2501\u2501\u2501\u2501\u2501\u2501\u2501\u2501\u2501\u2501\u2501\u2501\u2501\u2501\u2501\u2501\u2501\u2501\u2501\u2501\u2501\u2501\u2501\u2501\u2501\u2501\u2501\u2501\u2501\u2501\u2501\u2501\u2501\u2501 70.1/70.1 kB 6.1 MB/s eta 0:00:00\n[Tests/test-mongodb ]   | Collecting alerta-server[mongodb] (from -r requirements-dev.txt (line 2))\n[Tests/test-mongodb ]   |   Downloading alerta_server-9.0.0-py2.py3-none-any.whl (164 kB)\n[Tests/test-mongodb ]   |      \u2501\u2501\u2501\u2501\u2501\u2501\u2501\u2501\u2501\u2501\u2501\u2501\u2501\u2501\u2501\u2501\u2501\u2501\u2501\u2501\u2501\u2501\u2501\u2501\u2501\u2501\u2501\u2501\u2501\u2501\u2501\u2501\u2501\u2501\u2501\u2501\u2501\u2501 164.9/164.9 kB 15.2 MB/s eta 0:00:00\n[Tests/test-postgres]   | Collecting alerta-server[mongodb] (from -r requirements-dev.txt (line 2))\n[Tests/test-postgres]   |   Downloading alerta_server-9.0.0-py2.py3-none-any.whl (164 kB)\n[Tests/test-postgres]   |      \u2501\u2501\u2501\u2501\u2501\u2501\u2501\u2501\u2501\u2501\u2501\u2501\u2501\u2501\u2501\u2501\u2501\u2501\u2501\u2501\u2501\u2501\u2501\u2501\u2501\u2501\u2501\u2501\u2501\u2501\u2501\u2501\u2501\u2501\u2501\u2501\u2501\u2501 164.9/164.9 kB 19.3 MB/s eta 0:00:00\n[Tests/test-mongodb ]   | Collecting kombu (from -r requirements-dev.txt (line 4))\n[Tests/test-mongodb ]   |   Downloading kombu-5.2.4-py3-none-any.whl (189 kB)\n[Tests/test-mongodb ]   |      \u2501\u2501\u2501\u2501\u2501\u2501\u2501\u2501\u2501\u2501\u2501\u2501\u2501\u2501\u2501\u2501\u2501\u2501\u2501\u2501\u2501\u2501\u2501\u2501\u2501\u2501\u2501\u2501\u2501\u2501\u2501\u2501\u2501\u2501\u2501\u2501\u2501\u2501\u2501 189.2/189.2 kB 5.7 MB/s eta 0:00:00\n[Tests/test-postgres]   | Collecting kombu (from -r requirements-dev.txt (line 4))\n[Tests/test-postgres]   |   Downloading kombu-5.2.4-py3-none-any.whl (189 kB)\n[Tests/test-postgres]   |      \u2501\u2501\u2501\u2501\u2501\u2501\u2501\u2501\u2501\u2501\u2501\u2501\u2501\u2501\u2501\u2501\u2501\u2501\u2501\u2501\u2501\u2501\u2501\u2501\u2501\u2501\u2501\u2501\u2501\u2501\u2501\u2501\u2501\u2501\u2501\u2501\u2501\u2501 189.2/189.2 kB 15.0 MB/s eta 0:00:00\n[Tests/test-mongodb ]   | Collecting mock (from -r requirements-dev.txt (line 5))\n[Tests/test-mongodb ]   |   Downloading mock-5.0.2-py3-none-any.whl (30 kB)\n[Tests/test-postgres]   | Collecting mock (from -r requirements-dev.txt (line 5))\n[Tests/test-postgres]   |   Downloading mock-5.0.2-py3-none-any.whl (30 kB)\n[Tests/test-mongodb ]   | Collecting mypy==1.0.1 (from -r requirements-dev.txt (line 6))\n[Tests/test-mongodb ]   |   Downloading mypy-1.0.1-cp38-cp38-manylinux_2_17_x86_64.manylinux2014_x86_64.whl (18.3 MB)\n[Tests/test-postgres]   | Collecting mypy==1.0.1 (from -r requirements-dev.txt (line 6))\n[Tests/test-postgres]   |   Downloading mypy-1.0.1-cp38-cp38-manylinux_2_17_x86_64.manylinux2014_x86_64.whl (18.3 MB)\n[Tests/test-mongodb ]   |      \u2501\u2501\u2501\u2501\u2501\u2501\u2501\u2501\u2501\u2501\u2501\u2501\u2501\u2501\u2501\u2501\u2501\u2501\u2501\u2501\u2501\u2501\u2501\u2501\u2501\u2501\u2501\u2501\u2501\u2501\u2501\u2501\u2501\u2501\u2501\u2501\u2501\u2501\u2501\u2501 18.3/18.3 MB 27.4 MB/s eta 0:00:00\n[Tests/test-postgres]   |      \u2501\u2501\u2501\u2501\u2501\u2501\u2501\u2501\u2501\u2501\u2501\u2501\u2501\u2501\u2501\u2501\u2501\u2501\u2501\u2501\u2501\u2501\u2501\u2501\u2501\u2501\u2501\u2501\u2501\u2501\u2501\u2501\u2501\u2501\u2501\u2501\u2501\u2501\u2501\u2501 18.3/18.3 MB 38.0 MB/s eta 0:00:00\n[Tests/test-mongodb ]   | Collecting pre-commit==2.20.0 (from -r requirements-dev.txt (line 7))\n[Tests/test-mongodb ]   |   Downloading pre_commit-2.20.0-py2.py3-none-any.whl (199 kB)\n[Tests/test-mongodb ]   |      \u2501\u2501\u2501\u2501\u2501\u2501\u2501\u2501\u2501\u2501\u2501\u2501\u2501\u2501\u2501\u2501\u2501\u2501\u2501\u2501\u2501\u2501\u2501\u2501\u2501\u2501\u2501\u2501\u2501\u2501\u2501\u2501\u2501\u2501\u2501\u2501\u2501\u2501 199.5/199.5 kB 27.3 MB/s eta 0:00:00\n[Tests/test-postgres]   | Collecting pre-commit==2.20.0 (from -r requirements-dev.txt (line 7))\n[Tests/test-postgres]   |   Downloading pre_commit-2.20.0-py2.py3-none-any.whl (199 kB)\n[Tests/test-postgres]   |      \u2501\u2501\u2501\u2501\u2501\u2501\u2501\u2501\u2501\u2501\u2501\u2501\u2501\u2501\u2501\u2501\u2501\u2501\u2501\u2501\u2501\u2501\u2501\u2501\u2501\u2501\u2501\u2501\u2501\u2501\u2501\u2501\u2501\u2501\u2501\u2501\u2501\u2501 199.5/199.5 kB 31.0 MB/s eta 0:00:00\n[Tests/test-mongodb ]   | Collecting PyJWT>=2.0.0 (from -r requirements-dev.txt (line 8))\n[Tests/test-mongodb ]   |   Downloading PyJWT-2.7.0-py3-none-any.whl (22 kB)\n[Tests/test-mongodb ]   | Collecting pylint==2.16.2 (from -r requirements-dev.txt (line 9))\n[Tests/test-mongodb ]   |   Downloading pylint-2.16.2-py3-none-any.whl (530 kB)\n[Tests/test-mongodb ]   |      \u2501\u2501\u2501\u2501\u2501\u2501\u2501\u2501\u2501\u2501\u2501\u2501\u2501\u2501\u2501\u2501\u2501\u2501\u2501\u2501\u2501\u2501\u2501\u2501\u2501\u2501\u2501\u2501\u2501\u2501\u2501\u2501\u2501\u2501\u2501\u2501\u2501\u2501 530.7/530.7 kB 17.9 MB/s eta 0:00:00\n[Tests/test-postgres]   | Collecting PyJWT>=2.0.0 (from -r requirements-dev.txt (line 8))\n[Tests/test-postgres]   |   Downloading PyJWT-2.7.0-py3-none-any.whl (22 kB)\n[Tests/test-mongodb ]   | Collecting pytest-cov (from -r requirements-dev.txt (line 10))\n[Tests/test-mongodb ]   |   Downloading pytest_cov-4.1.0-py3-none-any.whl (21 kB)\n[Tests/test-mongodb ]   | Requirement already satisfied: pytest>=5.4.3 in /opt/hostedtoolcache/Python/3.8.11/x64/lib/python3.8/site-packages (from -r requirements-dev.txt (line 11)) (7.3.1)\n[Tests/test-mongodb ]   | Collecting python-dotenv (from -r requirements-dev.txt (line 12))\n[Tests/test-mongodb ]   |   Downloading python_dotenv-1.0.0-py3-none-any.whl (19 kB)\n[Tests/test-postgres]   | Collecting pylint==2.16.2 (from -r requirements-dev.txt (line 9))\n[Tests/test-mongodb ]   | Collecting requests_mock (from -r requirements-dev.txt (line 13))\n[Tests/test-mongodb ]   |   Downloading requests_mock-1.10.0-py2.py3-none-any.whl (28 kB)\n[Tests/test-postgres]   |   Downloading pylint-2.16.2-py3-none-any.whl (530 kB)\n[Tests/test-postgres]   |      \u2501\u2501\u2501\u2501\u2501\u2501\u2501\u2501\u2501\u2501\u2501\u2501\u2501\u2501\u2501\u2501\u2501\u2501\u2501\u2501\u2501\u2501\u2501\u2501\u2501\u2501\u2501\u2501\u2501\u2501\u2501\u2501\u2501\u2501\u2501\u2501\u2501\u2501 530.7/530.7 kB 25.9 MB/s eta 0:00:00\n[Tests/test-mongodb ]   | Collecting six (from -r requirements-dev.txt (line 14))\n[Tests/test-mongodb ]   |   Downloading six-1.16.0-py2.py3-none-any.whl (11 kB)\n[Tests/test-postgres]   | Collecting pytest-cov (from -r requirements-dev.txt (line 10))\n[Tests/test-postgres]   |   Downloading pytest_cov-4.1.0-py3-none-any.whl (21 kB)\n[Tests/test-postgres]   | Requirement already satisfied: pytest>=5.4.3 in /opt/hostedtoolcache/Python/3.8.11/x64/lib/python3.8/site-packages (from -r requirements-dev.txt (line 11)) (7.3.1)\n[Tests/test-mongodb ]   | Collecting typing-extensions>=3.10 (from mypy==1.0.1->-r requirements-dev.txt (line 6))\n[Tests/test-mongodb ]   |   Downloading typing_extensions-4.6.2-py3-none-any.whl (31 kB)\n[Tests/test-postgres]   | Collecting python-dotenv (from -r requirements-dev.txt (line 12))\n[Tests/test-postgres]   |   Downloading python_dotenv-1.0.0-py3-none-any.whl (19 kB)\n[Tests/test-mongodb ]   | Collecting mypy-extensions>=0.4.3 (from mypy==1.0.1->-r requirements-dev.txt (line 6))\n[Tests/test-mongodb ]   |   Downloading mypy_extensions-1.0.0-py3-none-any.whl (4.7 kB)\n[Tests/test-postgres]   | Collecting requests_mock (from -r requirements-dev.txt (line 13))\n[Tests/test-mongodb ]   | Requirement already satisfied: tomli>=1.1.0 in /opt/hostedtoolcache/Python/3.8.11/x64/lib/python3.8/site-packages (from mypy==1.0.1->-r requirements-dev.txt (line 6)) (2.0.1)\n[Tests/test-postgres]   |   Downloading requests_mock-1.10.0-py2.py3-none-any.whl (28 kB)\n[Tests/test-mongodb ]   | Collecting cfgv>=2.0.0 (from pre-commit==2.20.0->-r requirements-dev.txt (line 7))\n[Tests/test-mongodb ]   |   Downloading cfgv-3.3.1-py2.py3-none-any.whl (7.3 kB)\n[Tests/test-postgres]   | Collecting six (from -r requirements-dev.txt (line 14))\n[Tests/test-postgres]   |   Downloading six-1.16.0-py2.py3-none-any.whl (11 kB)\n[Tests/test-postgres]   | Collecting typing-extensions>=3.10 (from mypy==1.0.1->-r requirements-dev.txt (line 6))\n[Tests/test-postgres]   |   Downloading typing_extensions-4.6.2-py3-none-any.whl (31 kB)\n[Tests/test-postgres]   | Collecting mypy-extensions>=0.4.3 (from mypy==1.0.1->-r requirements-dev.txt (line 6))\n[Tests/test-postgres]   |   Downloading mypy_extensions-1.0.0-py3-none-any.whl (4.7 kB)\n[Tests/test-postgres]   | Requirement already satisfied: tomli>=1.1.0 in /opt/hostedtoolcache/Python/3.8.11/x64/lib/python3.8/site-packages (from mypy==1.0.1->-r requirements-dev.txt (line 6)) (2.0.1)\n[Tests/test-mongodb ]   | Collecting identify>=1.0.0 (from pre-commit==2.20.0->-r requirements-dev.txt (line 7))\n[Tests/test-mongodb ]   |   Downloading identify-2.5.24-py2.py3-none-any.whl (98 kB)\n[Tests/test-mongodb ]   |      \u2501\u2501\u2501\u2501\u2501\u2501\u2501\u2501\u2501\u2501\u2501\u2501\u2501\u2501\u2501\u2501\u2501\u2501\u2501\u2501\u2501\u2501\u2501\u2501\u2501\u2501\u2501\u2501\u2501\u2501\u2501\u2501\u2501\u2501\u2501\u2501\u2501\u2501\u2501\u2501 98.8/98.8 kB 18.5 MB/s eta 0:00:00\n[Tests/test-postgres]   | Collecting cfgv>=2.0.0 (from pre-commit==2.20.0->-r requirements-dev.txt (line 7))\n[Tests/test-postgres]   |   Downloading cfgv-3.3.1-py2.py3-none-any.whl (7.3 kB)\n[Tests/test-mongodb ]   | Collecting nodeenv>=0.11.1 (from pre-commit==2.20.0->-r requirements-dev.txt (line 7))\n[Tests/test-mongodb ]   |   Downloading nodeenv-1.8.0-py2.py3-none-any.whl (22 kB)\n[Tests/test-mongodb ]   | Collecting pyyaml>=5.1 (from pre-commit==2.20.0->-r requirements-dev.txt (line 7))\n[Tests/test-mongodb ]   |   Downloading PyYAML-6.0-cp38-cp38-manylinux_2_5_x86_64.manylinux1_x86_64.manylinux_2_12_x86_64.manylinux2010_x86_64.whl (701 kB)\n[Tests/test-mongodb ]   |      \u2501\u2501\u2501\u2501\u2501\u2501\u2501\u2501\u2501\u2501\u2501\u2501\u2501\u2501\u2501\u2501\u2501\u2501\u2501\u2501\u2501\u2501\u2501\u2501\u2501\u2501\u2501\u2501\u2501\u2501\u2501\u2501\u2501\u2501\u2501\u2501\u2501\u2501 701.2/701.2 kB 11.6 MB/s eta 0:00:00\n[Tests/test-postgres]   | Collecting identify>=1.0.0 (from pre-commit==2.20.0->-r requirements-dev.txt (line 7))\n[Tests/test-postgres]   |   Downloading identify-2.5.24-py2.py3-none-any.whl (98 kB)\n[Tests/test-mongodb ]   | Collecting toml (from pre-commit==2.20.0->-r requirements-dev.txt (line 7))\n[Tests/test-mongodb ]   |   Downloading toml-0.10.2-py2.py3-none-any.whl (16 kB)\n[Tests/test-postgres]   |      \u2501\u2501\u2501\u2501\u2501\u2501\u2501\u2501\u2501\u2501\u2501\u2501\u2501\u2501\u2501\u2501\u2501\u2501\u2501\u2501\u2501\u2501\u2501\u2501\u2501\u2501\u2501\u2501\u2501\u2501\u2501\u2501\u2501\u2501\u2501\u2501\u2501\u2501\u2501\u2501 98.8/98.8 kB 3.3 MB/s eta 0:00:00\n[Tests/test-postgres]   | Collecting nodeenv>=0.11.1 (from pre-commit==2.20.0->-r requirements-dev.txt (line 7))\n[Tests/test-postgres]   |   Downloading nodeenv-1.8.0-py2.py3-none-any.whl (22 kB)\n[Tests/test-mongodb ]   | Collecting virtualenv>=20.0.8 (from pre-commit==2.20.0->-r requirements-dev.txt (line 7))\n[Tests/test-mongodb ]   |   Downloading virtualenv-20.23.0-py3-none-any.whl (3.3 MB)\n[Tests/test-postgres]   | Collecting pyyaml>=5.1 (from pre-commit==2.20.0->-r requirements-dev.txt (line 7))\n[Tests/test-postgres]   |   Downloading PyYAML-6.0-cp38-cp38-manylinux_2_5_x86_64.manylinux1_x86_64.manylinux_2_12_x86_64.manylinux2010_x86_64.whl (701 kB)\n[Tests/test-postgres]   |      \u2501\u2501\u2501\u2501\u2501\u2501\u2501\u2501\u2501\u2501\u2501\u2501\u2501\u2501\u2501\u2501\u2501\u2501\u2501\u2501\u2501\u2501\u2501\u2501\u2501\u2501\u2501\u2501\u2501\u2501\u2501\u2501\u2501\u2501\u2501\u2501\u2501\u2501 701.2/701.2 kB 20.3 MB/s eta 0:00:00\n[Tests/test-mongodb ]   |      \u2501\u2501\u2501\u2501\u2501\u2501\u2501\u2501\u2501\u2501\u2501\u2501\u2501\u2501\u2501\u2501\u2501\u2501\u2501\u2501\u2501\u2501\u2501\u2501\u2501\u2501\u2501\u2501\u2501\u2501\u2501\u2501\u2501\u2501\u2501\u2501\u2501\u2501\u2501\u2501 3.3/3.3 MB 35.2 MB/s eta 0:00:00\n[Tests/test-postgres]   | Collecting toml (from pre-commit==2.20.0->-r requirements-dev.txt (line 7))\n[Tests/test-postgres]   |   Downloading toml-0.10.2-py2.py3-none-any.whl (16 kB)\n[Tests/test-mongodb ]   | Collecting platformdirs>=2.2.0 (from pylint==2.16.2->-r requirements-dev.txt (line 9))\n[Tests/test-mongodb ]   |   Downloading platformdirs-3.5.1-py3-none-any.whl (15 kB)\n[Tests/test-postgres]   | Collecting virtualenv>=20.0.8 (from pre-commit==2.20.0->-r requirements-dev.txt (line 7))\n[Tests/test-mongodb ]   | Collecting astroid<=2.16.0-dev0,>=2.14.2 (from pylint==2.16.2->-r requirements-dev.txt (line 9))\n[Tests/test-mongodb ]   |   Downloading astroid-2.15.5-py3-none-any.whl (278 kB)\n[Tests/test-postgres]   |   Downloading virtualenv-20.23.0-py3-none-any.whl (3.3 MB)\n[Tests/test-mongodb ]   |      \u2501\u2501\u2501\u2501\u2501\u2501\u2501\u2501\u2501\u2501\u2501\u2501\u2501\u2501\u2501\u2501\u2501\u2501\u2501\u2501\u2501\u2501\u2501\u2501\u2501\u2501\u2501\u2501\u2501\u2501\u2501\u2501\u2501\u2501\u2501\u2501\u2501\u2501\u2501 278.1/278.1 kB 2.4 MB/s eta 0:00:00\n[Tests/test-postgres]   |      \u2501\u2501\u2501\u2501\u2501\u2501\u2501\u2501\u2501\u2501\u2501\u2501\u2501\u2501\u2501\u2501\u2501\u2501\u2501\u2501\u2501\u2501\u2501\u2501\u2501\u2501\u2501\u2501\u2501\u2501\u2501\u2501\u2501\u2501\u2501\u2501\u2501\u2501\u2501\u2501 3.3/3.3 MB 18.4 MB/s eta 0:00:00\n[Tests/test-postgres]   | Collecting platformdirs>=2.2.0 (from pylint==2.16.2->-r requirements-dev.txt (line 9))\n[Tests/test-mongodb ]   | Collecting isort<6,>=4.2.5 (from pylint==2.16.2->-r requirements-dev.txt (line 9))\n[Tests/test-mongodb ]   |   Downloading isort-5.12.0-py3-none-any.whl (91 kB)\n[Tests/test-postgres]   |   Downloading platformdirs-3.5.1-py3-none-any.whl (15 kB)\n[Tests/test-mongodb ]   |      \u2501\u2501\u2501\u2501\u2501\u2501\u2501\u2501\u2501\u2501\u2501\u2501\u2501\u2501\u2501\u2501\u2501\u2501\u2501\u2501\u2501\u2501\u2501\u2501\u2501\u2501\u2501\u2501\u2501\u2501\u2501\u2501\u2501\u2501\u2501\u2501\u2501\u2501\u2501\u2501 91.2/91.2 kB 1.9 MB/s eta 0:00:00\n[Tests/test-mongodb ]   | Requirement already satisfied: mccabe<0.8,>=0.6 in /opt/hostedtoolcache/Python/3.8.11/x64/lib/python3.8/site-packages (from pylint==2.16.2->-r requirements-dev.txt (line 9)) (0.7.0)\n[Tests/test-mongodb ]   | Collecting tomlkit>=0.10.1 (from pylint==2.16.2->-r requirements-dev.txt (line 9))\n[Tests/test-mongodb ]   |   Downloading tomlkit-0.11.8-py3-none-any.whl (35 kB)\n[Tests/test-postgres]   | Collecting astroid<=2.16.0-dev0,>=2.14.2 (from pylint==2.16.2->-r requirements-dev.txt (line 9))\n[Tests/test-postgres]   |   Downloading astroid-2.15.5-py3-none-any.whl (278 kB)\n[Tests/test-mongodb ]   | Collecting dill>=0.2 (from pylint==2.16.2->-r requirements-dev.txt (line 9))\n[Tests/test-mongodb ]   |   Downloading dill-0.3.6-py3-none-any.whl (110 kB)\n[Tests/test-postgres]   |      \u2501\u2501\u2501\u2501\u2501\u2501\u2501\u2501\u2501\u2501\u2501\u2501\u2501\u2501\u2501\u2501\u2501\u2501\u2501\u2501\u2501\u2501\u2501\u2501\u2501\u2501\u2501\u2501\u2501\u2501\u2501\u2501\u2501\u2501\u2501\u2501\u2501\u2501\u2501 278.1/278.1 kB 7.4 MB/s eta 0:00:00\n[Tests/test-mongodb ]   |      \u2501\u2501\u2501\u2501\u2501\u2501\u2501\u2501\u2501\u2501\u2501\u2501\u2501\u2501\u2501\u2501\u2501\u2501\u2501\u2501\u2501\u2501\u2501\u2501\u2501\u2501\u2501\u2501\u2501\u2501\u2501\u2501\u2501\u2501\u2501\u2501\u2501\u2501\u2501 110.5/110.5 kB 4.8 MB/s eta 0:00:00\n[Tests/test-mongodb ]   | Collecting Click (from alerta->-r requirements-dev.txt (line 1))\n[Tests/test-mongodb ]   |   Downloading click-8.1.3-py3-none-any.whl (96 kB)\n[Tests/test-mongodb ]   |      \u2501\u2501\u2501\u2501\u2501\u2501\u2501\u2501\u2501\u2501\u2501\u2501\u2501\u2501\u2501\u2501\u2501\u2501\u2501\u2501\u2501\u2501\u2501\u2501\u2501\u2501\u2501\u2501\u2501\u2501\u2501\u2501\u2501\u2501\u2501\u2501\u2501\u2501\u2501\u2501 96.6/96.6 kB 2.5 MB/s eta 0:00:00\n[Tests/test-postgres]   | Collecting isort<6,>=4.2.5 (from pylint==2.16.2->-r requirements-dev.txt (line 9))\n[Tests/test-postgres]   |   Downloading isort-5.12.0-py3-none-any.whl (91 kB)\n[Tests/test-postgres]   |      \u2501\u2501\u2501\u2501\u2501\u2501\u2501\u2501\u2501\u2501\u2501\u2501\u2501\u2501\u2501\u2501\u2501\u2501\u2501\u2501\u2501\u2501\u2501\u2501\u2501\u2501\u2501\u2501\u2501\u2501\u2501\u2501\u2501\u2501\u2501\u2501\u2501\u2501\u2501\u2501 91.2/91.2 kB 2.9 MB/s eta 0:00:00\n[Tests/test-postgres]   | Requirement already satisfied: mccabe<0.8,>=0.6 in /opt/hostedtoolcache/Python/3.8.11/x64/lib/python3.8/site-packages (from pylint==2.16.2->-r requirements-dev.txt (line 9)) (0.7.0)\n[Tests/test-mongodb ]   | Collecting requests (from alerta->-r requirements-dev.txt (line 1))\n[Tests/test-mongodb ]   |   Downloading requests-2.31.0-py3-none-any.whl (62 kB)\n[Tests/test-mongodb ]   |      \u2501\u2501\u2501\u2501\u2501\u2501\u2501\u2501\u2501\u2501\u2501\u2501\u2501\u2501\u2501\u2501\u2501\u2501\u2501\u2501\u2501\u2501\u2501\u2501\u2501\u2501\u2501\u2501\u2501\u2501\u2501\u2501\u2501\u2501\u2501\u2501\u2501\u2501\u2501\u2501 62.6/62.6 kB 1.7 MB/s eta 0:00:00\n[Tests/test-postgres]   | Collecting tomlkit>=0.10.1 (from pylint==2.16.2->-r requirements-dev.txt (line 9))\n[Tests/test-postgres]   |   Downloading tomlkit-0.11.8-py3-none-any.whl (35 kB)\n[Tests/test-mongodb ]   | Collecting requests-hawk (from alerta->-r requirements-dev.txt (line 1))\n[Tests/test-mongodb ]   |   Downloading requests_hawk-1.2.1-py2.py3-none-any.whl (7.4 kB)\n[Tests/test-postgres]   | Collecting dill>=0.2 (from pylint==2.16.2->-r requirements-dev.txt (line 9))\n[Tests/test-postgres]   |   Downloading dill-0.3.6-py3-none-any.whl (110 kB)\n[Tests/test-postgres]   |      \u2501\u2501\u2501\u2501\u2501\u2501\u2501\u2501\u2501\u2501\u2501\u2501\u2501\u2501\u2501\u2501\u2501\u2501\u2501\u2501\u2501\u2501\u2501\u2501\u2501\u2501\u2501\u2501\u2501\u2501\u2501\u2501\u2501\u2501\u2501\u2501\u2501\u2501\u2501 110.5/110.5 kB 5.3 MB/s eta 0:00:00\n[Tests/test-mongodb ]   | Collecting tabulate (from alerta->-r requirements-dev.txt (line 1))\n[Tests/test-mongodb ]   |   Downloading tabulate-0.9.0-py3-none-any.whl (35 kB)\n[Tests/test-postgres]   | Collecting Click (from alerta->-r requirements-dev.txt (line 1))\n[Tests/test-postgres]   |   Downloading click-8.1.3-py3-none-any.whl (96 kB)\n[Tests/test-postgres]   |      \u2501\u2501\u2501\u2501\u2501\u2501\u2501\u2501\u2501\u2501\u2501\u2501\u2501\u2501\u2501\u2501\u2501\u2501\u2501\u2501\u2501\u2501\u2501\u2501\u2501\u2501\u2501\u2501\u2501\u2501\u2501\u2501\u2501\u2501\u2501\u2501\u2501\u2501\u2501\u2501 96.6/96.6 kB 3.2 MB/s eta 0:00:00\n[Tests/test-mongodb ]   | Collecting pytz (from alerta->-r requirements-dev.txt (line 1))\n[Tests/test-mongodb ]   |   Downloading pytz-2023.3-py2.py3-none-any.whl (502 kB)\n[Tests/test-postgres]   | Collecting requests (from alerta->-r requirements-dev.txt (line 1))\n[Tests/test-postgres]   |   Downloading requests-2.31.0-py3-none-any.whl (62 kB)\n[Tests/test-mongodb ]   |      \u2501\u2501\u2501\u2501\u2501\u2501\u2501\u2501\u2501\u2501\u2501\u2501\u2501\u2501\u2501\u2501\u2501\u2501\u2501\u2501\u2501\u2501\u2501\u2501\u2501\u2501\u2501\u2501\u2501\u2501\u2501\u2501\u2501\u2501\u2501\u2501\u2501\u2501 502.3/502.3 kB 49.7 MB/s eta 0:00:00\n[Tests/test-postgres]   |      \u2501\u2501\u2501\u2501\u2501\u2501\u2501\u2501\u2501\u2501\u2501\u2501\u2501\u2501\u2501\u2501\u2501\u2501\u2501\u2501\u2501\u2501\u2501\u2501\u2501\u2501\u2501\u2501\u2501\u2501\u2501\u2501\u2501\u2501\u2501\u2501\u2501\u2501\u2501\u2501 62.6/62.6 kB 3.5 MB/s eta 0:00:00\n[Tests/test-postgres]   | Collecting requests-hawk (from alerta->-r requirements-dev.txt (line 1))\n[Tests/test-postgres]   |   Downloading requests_hawk-1.2.1-py2.py3-none-any.whl (7.4 kB)\n[Tests/test-postgres]   | Collecting tabulate (from alerta->-r requirements-dev.txt (line 1))\n[Tests/test-postgres]   |   Downloading tabulate-0.9.0-py3-none-any.whl (35 kB)\n[Tests/test-mongodb ]   | Collecting bcrypt (from alerta-server[mongodb]->-r requirements-dev.txt (line 2))\n[Tests/test-mongodb ]   |   Downloading bcrypt-4.0.1-cp36-abi3-manylinux_2_28_x86_64.whl (593 kB)\n[Tests/test-mongodb ]   |      \u2501\u2501\u2501\u2501\u2501\u2501\u2501\u2501\u2501\u2501\u2501\u2501\u2501\u2501\u2501\u2501\u2501\u2501\u2501\u2501\u2501\u2501\u2501\u2501\u2501\u2501\u2501\u2501\u2501\u2501\u2501\u2501\u2501\u2501\u2501\u2501\u2501\u2501 593.7/593.7 kB 37.1 MB/s eta 0:00:00\n[Tests/test-mongodb ]   | Collecting blinker (from alerta-server[mongodb]->-r requirements-dev.txt (line 2))\n[Tests/test-mongodb ]   |   Downloading blinker-1.6.2-py3-none-any.whl (13 kB)\n[Tests/test-postgres]   | Collecting pytz (from alerta->-r requirements-dev.txt (line 1))\n[Tests/test-postgres]   |   Downloading pytz-2023.3-py2.py3-none-any.whl (502 kB)\n[Tests/test-postgres]   |      \u2501\u2501\u2501\u2501\u2501\u2501\u2501\u2501\u2501\u2501\u2501\u2501\u2501\u2501\u2501\u2501\u2501\u2501\u2501\u2501\u2501\u2501\u2501\u2501\u2501\u2501\u2501\u2501\u2501\u2501\u2501\u2501\u2501\u2501\u2501\u2501\u2501\u2501 502.3/502.3 kB 33.6 MB/s eta 0:00:00\n[Tests/test-postgres]   | Collecting bcrypt (from alerta-server[mongodb]->-r requirements-dev.txt (line 2))\n[Tests/test-postgres]   |   Downloading bcrypt-4.0.1-cp36-abi3-manylinux_2_28_x86_64.whl (593 kB)\n[Tests/test-postgres]   |      \u2501\u2501\u2501\u2501\u2501\u2501\u2501\u2501\u2501\u2501\u2501\u2501\u2501\u2501\u2501\u2501\u2501\u2501\u2501\u2501\u2501\u2501\u2501\u2501\u2501\u2501\u2501\u2501\u2501\u2501\u2501\u2501\u2501\u2501\u2501\u2501\u2501\u2501 593.7/593.7 kB 29.3 MB/s eta 0:00:00\n[Tests/test-postgres]   | Collecting blinker (from alerta-server[mongodb]->-r requirements-dev.txt (line 2))\n[Tests/test-postgres]   |   Downloading blinker-1.6.2-py3-none-any.whl (13 kB)\n[Tests/test-mongodb ]   | Collecting cryptography (from alerta-server[mongodb]->-r requirements-dev.txt (line 2))\n[Tests/test-mongodb ]   |   Downloading cryptography-40.0.2-cp36-abi3-manylinux_2_28_x86_64.whl (3.7 MB)\n[Tests/test-mongodb ]   |      \u2501\u2501\u2501\u2501\u2501\u2501\u2501\u2501\u2501\u2501\u2501\u2501\u2501\u2501\u2501\u2501\u2501\u2501\u2501\u2501\u2501\u2501\u2501\u2501\u2501\u2501\u2501\u2501\u2501\u2501\u2501\u2501\u2501\u2501\u2501\u2501\u2501\u2501\u2501\u2501 3.7/3.7 MB 38.6 MB/s eta 0:00:00\n[Tests/test-mongodb ]   | Collecting Flask>=2.0.1 (from alerta-server[mongodb]->-r requirements-dev.txt (line 2))\n[Tests/test-mongodb ]   |   Downloading Flask-2.3.2-py3-none-any.whl (96 kB)\n[Tests/test-mongodb ]   |      \u2501\u2501\u2501\u2501\u2501\u2501\u2501\u2501\u2501\u2501\u2501\u2501\u2501\u2501\u2501\u2501\u2501\u2501\u2501\u2501\u2501\u2501\u2501\u2501\u2501\u2501\u2501\u2501\u2501\u2501\u2501\u2501\u2501\u2501\u2501\u2501\u2501\u2501\u2501\u2501 96.9/96.9 kB 16.7 MB/s eta 0:00:00\n[Tests/test-mongodb ]   | Collecting Flask-Compress>=1.4.0 (from alerta-server[mongodb]->-r requirements-dev.txt (line 2))\n[Tests/test-mongodb ]   |   Downloading Flask_Compress-1.13-py3-none-any.whl (7.9 kB)\n[Tests/test-postgres]   | Collecting cryptography (from alerta-server[mongodb]->-r requirements-dev.txt (line 2))\n[Tests/test-postgres]   |   Downloading cryptography-40.0.2-cp36-abi3-manylinux_2_28_x86_64.whl (3.7 MB)\n[Tests/test-mongodb ]   | Collecting Flask-Cors>=3.0.2 (from alerta-server[mongodb]->-r requirements-dev.txt (line 2))\n[Tests/test-mongodb ]   |   Downloading Flask_Cors-3.0.10-py2.py3-none-any.whl (14 kB)\n[Tests/test-postgres]   |      \u2501\u2501\u2501\u2501\u2501\u2501\u2501\u2501\u2501\u2501\u2501\u2501\u2501\u2501\u2501\u2501\u2501\u2501\u2501\u2501\u2501\u2501\u2501\u2501\u2501\u2501\u2501\u2501\u2501\u2501\u2501\u2501\u2501\u2501\u2501\u2501\u2501\u2501\u2501\u2501 3.7/3.7 MB 20.1 MB/s eta 0:00:00\n[Tests/test-mongodb ]   | Collecting mohawk (from alerta-server[mongodb]->-r requirements-dev.txt (line 2))\n[Tests/test-mongodb ]   |   Downloading mohawk-1.1.0-py3-none-any.whl (22 kB)\n[Tests/test-postgres]   | Collecting Flask>=2.0.1 (from alerta-server[mongodb]->-r requirements-dev.txt (line 2))\n[Tests/test-postgres]   |   Downloading Flask-2.3.2-py3-none-any.whl (96 kB)\n[Tests/test-postgres]   |      \u2501\u2501\u2501\u2501\u2501\u2501\u2501\u2501\u2501\u2501\u2501\u2501\u2501\u2501\u2501\u2501\u2501\u2501\u2501\u2501\u2501\u2501\u2501\u2501\u2501\u2501\u2501\u2501\u2501\u2501\u2501\u2501\u2501\u2501\u2501\u2501\u2501\u2501\u2501\u2501 96.9/96.9 kB 16.9 MB/s eta 0:00:00\n[Tests/test-mongodb ]   | Collecting pyparsing (from alerta-server[mongodb]->-r requirements-dev.txt (line 2))\n[Tests/test-mongodb ]   |   Downloading pyparsing-3.0.9-py3-none-any.whl (98 kB)\n[Tests/test-postgres]   | Collecting Flask-Compress>=1.4.0 (from alerta-server[mongodb]->-r requirements-dev.txt (line 2))\n[Tests/test-mongodb ]   |      \u2501\u2501\u2501\u2501\u2501\u2501\u2501\u2501\u2501\u2501\u2501\u2501\u2501\u2501\u2501\u2501\u2501\u2501\u2501\u2501\u2501\u2501\u2501\u2501\u2501\u2501\u2501\u2501\u2501\u2501\u2501\u2501\u2501\u2501\u2501\u2501\u2501\u2501\u2501\u2501 98.3/98.3 kB 15.4 MB/s eta 0:00:00\n[Tests/test-postgres]   |   Downloading Flask_Compress-1.13-py3-none-any.whl (7.9 kB)\n[Tests/test-mongodb ]   | Collecting python-dateutil (from alerta-server[mongodb]->-r requirements-dev.txt (line 2))\n[Tests/test-mongodb ]   |   Downloading python_dateutil-2.8.2-py2.py3-none-any.whl (247 kB)\n[Tests/test-postgres]   | Collecting Flask-Cors>=3.0.2 (from alerta-server[mongodb]->-r requirements-dev.txt (line 2))\n[Tests/test-postgres]   |   Downloading Flask_Cors-3.0.10-py2.py3-none-any.whl (14 kB)\n[Tests/test-mongodb ]   |      \u2501\u2501\u2501\u2501\u2501\u2501\u2501\u2501\u2501\u2501\u2501\u2501\u2501\u2501\u2501\u2501\u2501\u2501\u2501\u2501\u2501\u2501\u2501\u2501\u2501\u2501\u2501\u2501\u2501\u2501\u2501\u2501\u2501\u2501\u2501\u2501\u2501\u2501\u2501 247.7/247.7 kB 4.6 MB/s eta 0:00:00\n[Tests/test-postgres]   | Collecting mohawk (from alerta-server[mongodb]->-r requirements-dev.txt (line 2))\n[Tests/test-postgres]   |   Downloading mohawk-1.1.0-py3-none-any.whl (22 kB)\n[Tests/test-postgres]   | Collecting pyparsing (from alerta-server[mongodb]->-r requirements-dev.txt (line 2))\n[Tests/test-mongodb ]   | Collecting sentry-sdk[flask]>=0.10.2 (from alerta-server[mongodb]->-r requirements-dev.txt (line 2))\n[Tests/test-postgres]   |   Downloading pyparsing-3.0.9-py3-none-any.whl (98 kB)\n[Tests/test-mongodb ]   |   Downloading sentry_sdk-1.24.0-py2.py3-none-any.whl (206 kB)\n[Tests/test-postgres]   |      \u2501\u2501\u2501\u2501\u2501\u2501\u2501\u2501\u2501\u2501\u2501\u2501\u2501\u2501\u2501\u2501\u2501\u2501\u2501\u2501\u2501\u2501\u2501\u2501\u2501\u2501\u2501\u2501\u2501\u2501\u2501\u2501\u2501\u2501\u2501\u2501\u2501\u2501\u2501\u2501 98.3/98.3 kB 12.8 MB/s eta 0:00:00\n[Tests/test-mongodb ]   |      \u2501\u2501\u2501\u2501\u2501\u2501\u2501\u2501\u2501\u2501\u2501\u2501\u2501\u2501\u2501\u2501\u2501\u2501\u2501\u2501\u2501\u2501\u2501\u2501\u2501\u2501\u2501\u2501\u2501\u2501\u2501\u2501\u2501\u2501\u2501\u2501\u2501\u2501 206.5/206.5 kB 32.5 MB/s eta 0:00:00\n[Tests/test-postgres]   | Collecting python-dateutil (from alerta-server[mongodb]->-r requirements-dev.txt (line 2))\n[Tests/test-postgres]   |   Downloading python_dateutil-2.8.2-py2.py3-none-any.whl (247 kB)\n[Tests/test-postgres]   |      \u2501\u2501\u2501\u2501\u2501\u2501\u2501\u2501\u2501\u2501\u2501\u2501\u2501\u2501\u2501\u2501\u2501\u2501\u2501\u2501\u2501\u2501\u2501\u2501\u2501\u2501\u2501\u2501\u2501\u2501\u2501\u2501\u2501\u2501\u2501\u2501\u2501\u2501 247.7/247.7 kB 26.2 MB/s eta 0:00:00\n[Tests/test-postgres]   | Collecting sentry-sdk[flask]>=0.10.2 (from alerta-server[mongodb]->-r requirements-dev.txt (line 2))\n[Tests/test-postgres]   |   Downloading sentry_sdk-1.24.0-py2.py3-none-any.whl (206 kB)\n[Tests/test-postgres]   |      \u2501\u2501\u2501\u2501\u2501\u2501\u2501\u2501\u2501\u2501\u2501\u2501\u2501\u2501\u2501\u2501\u2501\u2501\u2501\u2501\u2501\u2501\u2501\u2501\u2501\u2501\u2501\u2501\u2501\u2501\u2501\u2501\u2501\u2501\u2501\u2501\u2501\u2501\u2501 206.5/206.5 kB 8.2 MB/s eta 0:00:00\n[Tests/test-mongodb ]   | Collecting pymongo<4.0,>=3.9.0 (from alerta-server[mongodb]->-r requirements-dev.txt (line 2))\n[Tests/test-mongodb ]   |   Downloading pymongo-3.13.0-cp38-cp38-manylinux_2_17_x86_64.manylinux2014_x86_64.whl (526 kB)\n[Tests/test-mongodb ]   |      \u2501\u2501\u2501\u2501\u2501\u2501\u2501\u2501\u2501\u2501\u2501\u2501\u2501\u2501\u2501\u2501\u2501\u2501\u2501\u2501\u2501\u2501\u2501\u2501\u2501\u2501\u2501\u2501\u2501\u2501\u2501\u2501\u2501\u2501\u2501\u2501\u2501\u2501 526.2/526.2 kB 41.2 MB/s eta 0:00:00\n[Tests/test-mongodb ]   | Collecting psycopg2 (from alerta-server[mongodb]->-r requirements-dev.txt (line 2))\n[Tests/test-mongodb ]   |   Downloading psycopg2-2.9.6.tar.gz (383 kB)\n[Tests/test-mongodb ]   |      \u2501\u2501\u2501\u2501\u2501\u2501\u2501\u2501\u2501\u2501\u2501\u2501\u2501\u2501\u2501\u2501\u2501\u2501\u2501\u2501\u2501\u2501\u2501\u2501\u2501\u2501\u2501\u2501\u2501\u2501\u2501\u2501\u2501\u2501\u2501\u2501\u2501\u2501 384.0/384.0 kB 29.1 MB/s eta 0:00:00\n[Tests/test-postgres]   | Collecting pymongo<4.0,>=3.9.0 (from alerta-server[mongodb]->-r requirements-dev.txt (line 2))\n[Tests/test-postgres]   |   Downloading pymongo-3.13.0-cp38-cp38-manylinux_2_17_x86_64.manylinux2014_x86_64.whl (526 kB)\n[Tests/test-postgres]   |      \u2501\u2501\u2501\u2501\u2501\u2501\u2501\u2501\u2501\u2501\u2501\u2501\u2501\u2501\u2501\u2501\u2501\u2501\u2501\u2501\u2501\u2501\u2501\u2501\u2501\u2501\u2501\u2501\u2501\u2501\u2501\u2501\u2501\u2501\u2501\u2501\u2501\u2501\u2501 526.2/526.2 kB 9.1 MB/s eta 0:00:00\n[Tests/test-mongodb ]   |   Installing build dependencies: started\n[Tests/test-postgres]   | Collecting psycopg2 (from alerta-server[mongodb]->-r requirements-dev.txt (line 2))\n[Tests/test-postgres]   |   Downloading psycopg2-2.9.6.tar.gz (383 kB)\n[Tests/test-postgres]   |      \u2501\u2501\u2501\u2501\u2501\u2501\u2501\u2501\u2501\u2501\u2501\u2501\u2501\u2501\u2501\u2501\u2501\u2501\u2501\u2501\u2501\u2501\u2501\u2501\u2501\u2501\u2501\u2501\u2501\u2501\u2501\u2501\u2501\u2501\u2501\u2501\u2501\u2501 384.0/384.0 kB 26.8 MB/s eta 0:00:00\n[Tests/test-postgres]   |   Installing build dependencies: started\n[Tests/test-mongodb ]   |   Installing build dependencies: finished with status 'done'\n[Tests/test-mongodb ]   |   Getting requirements to build wheel: started\n[Tests/test-postgres]   |   Installing build dependencies: finished with status 'done'\n[Tests/test-postgres]   |   Getting requirements to build wheel: started\n[Tests/test-mongodb ]   |   Getting requirements to build wheel: finished with status 'done'\n[Tests/test-mongodb ]   |   Preparing metadata (pyproject.toml): started\n[Tests/test-postgres]   |   Getting requirements to build wheel: finished with status 'done'\n[Tests/test-postgres]   |   Preparing metadata (pyproject.toml): started\n[Tests/test-mongodb ]   |   Preparing metadata (pyproject.toml): finished with status 'done'\n[Tests/test-mongodb ]   | Collecting amqp<6.0.0,>=5.0.9 (from kombu->-r requirements-dev.txt (line 4))\n[Tests/test-mongodb ]   |   Downloading amqp-5.1.1-py3-none-any.whl (50 kB)\n[Tests/test-mongodb ]   |      \u2501\u2501\u2501\u2501\u2501\u2501\u2501\u2501\u2501\u2501\u2501\u2501\u2501\u2501\u2501\u2501\u2501\u2501\u2501\u2501\u2501\u2501\u2501\u2501\u2501\u2501\u2501\u2501\u2501\u2501\u2501\u2501\u2501\u2501\u2501\u2501\u2501\u2501\u2501\u2501 50.8/50.8 kB 4.5 MB/s eta 0:00:00\n[Tests/test-postgres]   |   Preparing metadata (pyproject.toml): finished with status 'done'\n[Tests/test-mongodb ]   | Collecting vine (from kombu->-r requirements-dev.txt (line 4))\n[Tests/test-mongodb ]   |   Downloading vine-5.0.0-py2.py3-none-any.whl (9.4 kB)\n[Tests/test-postgres]   | Collecting amqp<6.0.0,>=5.0.9 (from kombu->-r requirements-dev.txt (line 4))\n[Tests/test-postgres]   |   Downloading amqp-5.1.1-py3-none-any.whl (50 kB)\n[Tests/test-postgres]   |      \u2501\u2501\u2501\u2501\u2501\u2501\u2501\u2501\u2501\u2501\u2501\u2501\u2501\u2501\u2501\u2501\u2501\u2501\u2501\u2501\u2501\u2501\u2501\u2501\u2501\u2501\u2501\u2501\u2501\u2501\u2501\u2501\u2501\u2501\u2501\u2501\u2501\u2501\u2501 50.8/50.8 kB 850.7 kB/s eta 0:00:00\n[Tests/test-postgres]   | Collecting vine (from kombu->-r requirements-dev.txt (line 4))\n[Tests/test-postgres]   |   Downloading vine-5.0.0-py2.py3-none-any.whl (9.4 kB)\n[Tests/test-mongodb ]   | Collecting coverage[toml]>=5.2.1 (from pytest-cov->-r requirements-dev.txt (line 10))\n[Tests/test-mongodb ]   |   Downloading coverage-7.2.6-cp38-cp38-manylinux_2_5_x86_64.manylinux1_x86_64.manylinux_2_17_x86_64.manylinux2014_x86_64.whl (229 kB)\n[Tests/test-mongodb ]   |      \u2501\u2501\u2501\u2501\u2501\u2501\u2501\u2501\u2501\u2501\u2501\u2501\u2501\u2501\u2501\u2501\u2501\u2501\u2501\u2501\u2501\u2501\u2501\u2501\u2501\u2501\u2501\u2501\u2501\u2501\u2501\u2501\u2501\u2501\u2501\u2501\u2501\u2501\u2501 229.8/229.8 kB 4.6 MB/s eta 0:00:00\n[Tests/test-mongodb ]   | Requirement already satisfied: iniconfig in /opt/hostedtoolcache/Python/3.8.11/x64/lib/python3.8/site-packages (from pytest>=5.4.3->-r requirements-dev.txt (line 11)) (2.0.0)\n[Tests/test-mongodb ]   | Requirement already satisfied: packaging in /opt/hostedtoolcache/Python/3.8.11/x64/lib/python3.8/site-packages (from pytest>=5.4.3->-r requirements-dev.txt (line 11)) (23.1)\n[Tests/test-mongodb ]   | Requirement already satisfied: pluggy<2.0,>=0.12 in /opt/hostedtoolcache/Python/3.8.11/x64/lib/python3.8/site-packages (from pytest>=5.4.3->-r requirements-dev.txt (line 11)) (1.0.0)\n[Tests/test-mongodb ]   | Requirement already satisfied: exceptiongroup>=1.0.0rc8 in /opt/hostedtoolcache/Python/3.8.11/x64/lib/python3.8/site-packages (from pytest>=5.4.3->-r requirements-dev.txt (line 11)) (1.1.1)\n[Tests/test-postgres]   | Collecting coverage[toml]>=5.2.1 (from pytest-cov->-r requirements-dev.txt (line 10))\n[Tests/test-postgres]   |   Downloading coverage-7.2.6-cp38-cp38-manylinux_2_5_x86_64.manylinux1_x86_64.manylinux_2_17_x86_64.manylinux2014_x86_64.whl (229 kB)\n[Tests/test-postgres]   |      \u2501\u2501\u2501\u2501\u2501\u2501\u2501\u2501\u2501\u2501\u2501\u2501\u2501\u2501\u2501\u2501\u2501\u2501\u2501\u2501\u2501\u2501\u2501\u2501\u2501\u2501\u2501\u2501\u2501\u2501\u2501\u2501\u2501\u2501\u2501\u2501\u2501\u2501\u2501 229.8/229.8 kB 8.1 MB/s eta 0:00:00\n[Tests/test-postgres]   | Requirement already satisfied: iniconfig in /opt/hostedtoolcache/Python/3.8.11/x64/lib/python3.8/site-packages (from pytest>=5.4.3->-r requirements-dev.txt (line 11)) (2.0.0)\n[Tests/test-postgres]   | Requirement already satisfied: packaging in /opt/hostedtoolcache/Python/3.8.11/x64/lib/python3.8/site-packages (from pytest>=5.4.3->-r requirements-dev.txt (line 11)) (23.1)\n[Tests/test-postgres]   | Requirement already satisfied: pluggy<2.0,>=0.12 in /opt/hostedtoolcache/Python/3.8.11/x64/lib/python3.8/site-packages (from pytest>=5.4.3->-r requirements-dev.txt (line 11)) (1.0.0)\n[Tests/test-postgres]   | Requirement already satisfied: exceptiongroup>=1.0.0rc8 in /opt/hostedtoolcache/Python/3.8.11/x64/lib/python3.8/site-packages (from pytest>=5.4.3->-r requirements-dev.txt (line 11)) (1.1.1)\n[Tests/test-mongodb ]   | Collecting lazy-object-proxy>=1.4.0 (from astroid<=2.16.0-dev0,>=2.14.2->pylint==2.16.2->-r requirements-dev.txt (line 9))\n[Tests/test-mongodb ]   |   Downloading lazy_object_proxy-1.9.0-cp38-cp38-manylinux_2_5_x86_64.manylinux1_x86_64.manylinux_2_17_x86_64.manylinux2014_x86_64.whl (61 kB)\n[Tests/test-mongodb ]   |      \u2501\u2501\u2501\u2501\u2501\u2501\u2501\u2501\u2501\u2501\u2501\u2501\u2501\u2501\u2501\u2501\u2501\u2501\u2501\u2501\u2501\u2501\u2501\u2501\u2501\u2501\u2501\u2501\u2501\u2501\u2501\u2501\u2501\u2501\u2501\u2501\u2501\u2501\u2501\u2501 61.4/61.4 kB 1.8 MB/s eta 0:00:00\n[Tests/test-postgres]   | Collecting lazy-object-proxy>=1.4.0 (from astroid<=2.16.0-dev0,>=2.14.2->pylint==2.16.2->-r requirements-dev.txt (line 9))\n[Tests/test-postgres]   |   Downloading lazy_object_proxy-1.9.0-cp38-cp38-manylinux_2_5_x86_64.manylinux1_x86_64.manylinux_2_17_x86_64.manylinux2014_x86_64.whl (61 kB)\n[Tests/test-postgres]   |      \u2501\u2501\u2501\u2501\u2501\u2501\u2501\u2501\u2501\u2501\u2501\u2501\u2501\u2501\u2501\u2501\u2501\u2501\u2501\u2501\u2501\u2501\u2501\u2501\u2501\u2501\u2501\u2501\u2501\u2501\u2501\u2501\u2501\u2501\u2501\u2501\u2501\u2501\u2501\u2501 61.4/61.4 kB 7.3 MB/s eta 0:00:00\n[Tests/test-mongodb ]   | Collecting wrapt<2,>=1.11 (from astroid<=2.16.0-dev0,>=2.14.2->pylint==2.16.2->-r requirements-dev.txt (line 9))\n[Tests/test-mongodb ]   |   Downloading wrapt-1.15.0-cp38-cp38-manylinux_2_5_x86_64.manylinux1_x86_64.manylinux_2_17_x86_64.manylinux2014_x86_64.whl (81 kB)\n[Tests/test-mongodb ]   |      \u2501\u2501\u2501\u2501\u2501\u2501\u2501\u2501\u2501\u2501\u2501\u2501\u2501\u2501\u2501\u2501\u2501\u2501\u2501\u2501\u2501\u2501\u2501\u2501\u2501\u2501\u2501\u2501\u2501\u2501\u2501\u2501\u2501\u2501\u2501\u2501\u2501\u2501\u2501\u2501 81.5/81.5 kB 2.0 MB/s eta 0:00:00\n[Tests/test-postgres]   | Collecting wrapt<2,>=1.11 (from astroid<=2.16.0-dev0,>=2.14.2->pylint==2.16.2->-r requirements-dev.txt (line 9))\n[Tests/test-postgres]   |   Downloading wrapt-1.15.0-cp38-cp38-manylinux_2_5_x86_64.manylinux1_x86_64.manylinux_2_17_x86_64.manylinux2014_x86_64.whl (81 kB)\n[Tests/test-postgres]   |      \u2501\u2501\u2501\u2501\u2501\u2501\u2501\u2501\u2501\u2501\u2501\u2501\u2501\u2501\u2501\u2501\u2501\u2501\u2501\u2501\u2501\u2501\u2501\u2501\u2501\u2501\u2501\u2501\u2501\u2501\u2501\u2501\u2501\u2501\u2501\u2501\u2501\u2501\u2501\u2501 81.5/81.5 kB 3.0 MB/s eta 0:00:00\n[Tests/test-mongodb ]   | Collecting Werkzeug>=2.3.3 (from Flask>=2.0.1->alerta-server[mongodb]->-r requirements-dev.txt (line 2))\n[Tests/test-mongodb ]   |   Downloading Werkzeug-2.3.4-py3-none-any.whl (242 kB)\n[Tests/test-mongodb ]   |      \u2501\u2501\u2501\u2501\u2501\u2501\u2501\u2501\u2501\u2501\u2501\u2501\u2501\u2501\u2501\u2501\u2501\u2501\u2501\u2501\u2501\u2501\u2501\u2501\u2501\u2501\u2501\u2501\u2501\u2501\u2501\u2501\u2501\u2501\u2501\u2501\u2501\u2501\u2501 242.5/242.5 kB 6.3 MB/s eta 0:00:00\n[Tests/test-postgres]   | Collecting Werkzeug>=2.3.3 (from Flask>=2.0.1->alerta-server[mongodb]->-r requirements-dev.txt (line 2))\n[Tests/test-postgres]   |   Downloading Werkzeug-2.3.4-py3-none-any.whl (242 kB)\n[Tests/test-postgres]   |      \u2501\u2501\u2501\u2501\u2501\u2501\u2501\u2501\u2501\u2501\u2501\u2501\u2501\u2501\u2501\u2501\u2501\u2501\u2501\u2501\u2501\u2501\u2501\u2501\u2501\u2501\u2501\u2501\u2501\u2501\u2501\u2501\u2501\u2501\u2501\u2501\u2501\u2501\u2501 242.5/242.5 kB 5.9 MB/s eta 0:00:00\n[Tests/test-mongodb ]   | Collecting Jinja2>=3.1.2 (from Flask>=2.0.1->alerta-server[mongodb]->-r requirements-dev.txt (line 2))\n[Tests/test-mongodb ]   |   Downloading Jinja2-3.1.2-py3-none-any.whl (133 kB)\n[Tests/test-postgres]   | Collecting Jinja2>=3.1.2 (from Flask>=2.0.1->alerta-server[mongodb]->-r requirements-dev.txt (line 2))\n[Tests/test-postgres]   |   Downloading Jinja2-3.1.2-py3-none-any.whl (133 kB)\n[Tests/test-postgres]   |      \u2501\u2501\u2501\u2501\u2501\u2501\u2501\u2501\u2501\u2501\u2501\u2501\u2501\u2501\u2501\u2501\u2501\u2501\u2501\u2501\u2501\u2501\u2501\u2501\u2501\u2501\u2501\u2501\u2501\u2501\u2501\u2501\u2501\u2501\u2501\u2501\u2501\u2501\u2501 133.1/133.1 kB 2.4 MB/s eta 0:00:00\n[Tests/test-mongodb ]   |      \u2501\u2501\u2501\u2501\u2501\u2501\u2501\u2501\u2501\u2501\u2501\u2501\u2501\u2501\u2501\u2501\u2501\u2501\u2501\u2501\u2501\u2501\u2501\u2501\u2501\u2501\u2501\u2501\u2501\u2501\u2501\u2501\u2501\u2501\u2501\u2501\u2501\u2501\u2501 133.1/133.1 kB 1.7 MB/s eta 0:00:00\n[Tests/test-postgres]   | Collecting itsdangerous>=2.1.2 (from Flask>=2.0.1->alerta-server[mongodb]->-r requirements-dev.txt (line 2))\n[Tests/test-mongodb ]   | Collecting itsdangerous>=2.1.2 (from Flask>=2.0.1->alerta-server[mongodb]->-r requirements-dev.txt (line 2))\n[Tests/test-mongodb ]   |   Downloading itsdangerous-2.1.2-py3-none-any.whl (15 kB)\n[Tests/test-postgres]   |   Downloading itsdangerous-2.1.2-py3-none-any.whl (15 kB)\n[Tests/test-postgres]   | Collecting importlib-metadata>=3.6.0 (from Flask>=2.0.1->alerta-server[mongodb]->-r requirements-dev.txt (line 2))\n[Tests/test-mongodb ]   | Collecting importlib-metadata>=3.6.0 (from Flask>=2.0.1->alerta-server[mongodb]->-r requirements-dev.txt (line 2))\n[Tests/test-postgres]   |   Downloading importlib_metadata-6.6.0-py3-none-any.whl (22 kB)\n[Tests/test-mongodb ]   |   Downloading importlib_metadata-6.6.0-py3-none-any.whl (22 kB)\n[Tests/test-postgres]   | Collecting brotli (from Flask-Compress>=1.4.0->alerta-server[mongodb]->-r requirements-dev.txt (line 2))\n[Tests/test-postgres]   |   Downloading Brotli-1.0.9-cp38-cp38-manylinux1_x86_64.whl (357 kB)\n[Tests/test-mongodb ]   | Collecting brotli (from Flask-Compress>=1.4.0->alerta-server[mongodb]->-r requirements-dev.txt (line 2))\n[Tests/test-postgres]   |      \u2501\u2501\u2501\u2501\u2501\u2501\u2501\u2501\u2501\u2501\u2501\u2501\u2501\u2501\u2501\u2501\u2501\u2501\u2501\u2501\u2501\u2501\u2501\u2501\u2501\u2501\u2501\u2501\u2501\u2501\u2501\u2501\u2501\u2501\u2501\u2501\u2501\u2501 357.2/357.2 kB 19.0 MB/s eta 0:00:00\n[Tests/test-mongodb ]   |   Downloading Brotli-1.0.9-cp38-cp38-manylinux1_x86_64.whl (357 kB)\n[Tests/test-mongodb ]   |      \u2501\u2501\u2501\u2501\u2501\u2501\u2501\u2501\u2501\u2501\u2501\u2501\u2501\u2501\u2501\u2501\u2501\u2501\u2501\u2501\u2501\u2501\u2501\u2501\u2501\u2501\u2501\u2501\u2501\u2501\u2501\u2501\u2501\u2501\u2501\u2501\u2501\u2501 357.2/357.2 kB 32.9 MB/s eta 0:00:00\n[Tests/test-postgres]   | Requirement already satisfied: setuptools in /opt/hostedtoolcache/Python/3.8.11/x64/lib/python3.8/site-packages (from nodeenv>=0.11.1->pre-commit==2.20.0->-r requirements-dev.txt (line 7)) (56.0.0)\n[Tests/test-mongodb ]   | Requirement already satisfied: setuptools in /opt/hostedtoolcache/Python/3.8.11/x64/lib/python3.8/site-packages (from nodeenv>=0.11.1->pre-commit==2.20.0->-r requirements-dev.txt (line 7)) (56.0.0)\n[Tests/test-postgres]   | Collecting charset-normalizer<4,>=2 (from requests->alerta->-r requirements-dev.txt (line 1))\n[Tests/test-postgres]   |   Downloading charset_normalizer-3.1.0-cp38-cp38-manylinux_2_17_x86_64.manylinux2014_x86_64.whl (195 kB)\n[Tests/test-postgres]   |      \u2501\u2501\u2501\u2501\u2501\u2501\u2501\u2501\u2501\u2501\u2501\u2501\u2501\u2501\u2501\u2501\u2501\u2501\u2501\u2501\u2501\u2501\u2501\u2501\u2501\u2501\u2501\u2501\u2501\u2501\u2501\u2501\u2501\u2501\u2501\u2501\u2501\u2501\u2501 195.9/195.9 kB 8.7 MB/s eta 0:00:00\n[Tests/test-mongodb ]   | Collecting charset-normalizer<4,>=2 (from requests->alerta->-r requirements-dev.txt (line 1))\n[Tests/test-mongodb ]   |   Downloading charset_normalizer-3.1.0-cp38-cp38-manylinux_2_17_x86_64.manylinux2014_x86_64.whl (195 kB)\n[Tests/test-postgres]   | Collecting idna<4,>=2.5 (from requests->alerta->-r requirements-dev.txt (line 1))\n[Tests/test-mongodb ]   |      \u2501\u2501\u2501\u2501\u2501\u2501\u2501\u2501\u2501\u2501\u2501\u2501\u2501\u2501\u2501\u2501\u2501\u2501\u2501\u2501\u2501\u2501\u2501\u2501\u2501\u2501\u2501\u2501\u2501\u2501\u2501\u2501\u2501\u2501\u2501\u2501\u2501\u2501 195.9/195.9 kB 23.4 MB/s eta 0:00:00\n[Tests/test-postgres]   |   Downloading idna-3.4-py3-none-any.whl (61 kB)\n[Tests/test-postgres]   |      \u2501\u2501\u2501\u2501\u2501\u2501\u2501\u2501\u2501\u2501\u2501\u2501\u2501\u2501\u2501\u2501\u2501\u2501\u2501\u2501\u2501\u2501\u2501\u2501\u2501\u2501\u2501\u2501\u2501\u2501\u2501\u2501\u2501\u2501\u2501\u2501\u2501\u2501\u2501\u2501 61.5/61.5 kB 9.5 MB/s eta 0:00:00\n[Tests/test-mongodb ]   | Collecting idna<4,>=2.5 (from requests->alerta->-r requirements-dev.txt (line 1))\n[Tests/test-mongodb ]   |   Downloading idna-3.4-py3-none-any.whl (61 kB)\n[Tests/test-mongodb ]   |      \u2501\u2501\u2501\u2501\u2501\u2501\u2501\u2501\u2501\u2501\u2501\u2501\u2501\u2501\u2501\u2501\u2501\u2501\u2501\u2501\u2501\u2501\u2501\u2501\u2501\u2501\u2501\u2501\u2501\u2501\u2501\u2501\u2501\u2501\u2501\u2501\u2501\u2501\u2501\u2501 61.5/61.5 kB 5.6 MB/s eta 0:00:00\n[Tests/test-postgres]   | Collecting urllib3<3,>=1.21.1 (from requests->alerta->-r requirements-dev.txt (line 1))\n[Tests/test-postgres]   |   Downloading urllib3-2.0.2-py3-none-any.whl (123 kB)\n[Tests/test-postgres]   |      \u2501\u2501\u2501\u2501\u2501\u2501\u2501\u2501\u2501\u2501\u2501\u2501\u2501\u2501\u2501\u2501\u2501\u2501\u2501\u2501\u2501\u2501\u2501\u2501\u2501\u2501\u2501\u2501\u2501\u2501\u2501\u2501\u2501\u2501\u2501\u2501\u2501\u2501 123.2/123.2 kB 16.9 MB/s eta 0:00:00\n[Tests/test-mongodb ]   | Collecting urllib3<3,>=1.21.1 (from requests->alerta->-r requirements-dev.txt (line 1))\n[Tests/test-mongodb ]   |   Downloading urllib3-2.0.2-py3-none-any.whl (123 kB)\n[Tests/test-mongodb ]   |      \u2501\u2501\u2501\u2501\u2501\u2501\u2501\u2501\u2501\u2501\u2501\u2501\u2501\u2501\u2501\u2501\u2501\u2501\u2501\u2501\u2501\u2501\u2501\u2501\u2501\u2501\u2501\u2501\u2501\u2501\u2501\u2501\u2501\u2501\u2501\u2501\u2501\u2501 123.2/123.2 kB 22.1 MB/s eta 0:00:00\n[Tests/test-postgres]   | Collecting certifi>=2017.4.17 (from requests->alerta->-r requirements-dev.txt (line 1))\n[Tests/test-postgres]   |   Downloading certifi-2023.5.7-py3-none-any.whl (156 kB)\n[Tests/test-mongodb ]   | Collecting certifi>=2017.4.17 (from requests->alerta->-r requirements-dev.txt (line 1))\n[Tests/test-postgres]   |      \u2501\u2501\u2501\u2501\u2501\u2501\u2501\u2501\u2501\u2501\u2501\u2501\u2501\u2501\u2501\u2501\u2501\u2501\u2501\u2501\u2501\u2501\u2501\u2501\u2501\u2501\u2501\u2501\u2501\u2501\u2501\u2501\u2501\u2501\u2501\u2501\u2501\u2501\u2501 157.0/157.0 kB 3.4 MB/s eta 0:00:00\n[Tests/test-mongodb ]   |   Downloading certifi-2023.5.7-py3-none-any.whl (156 kB)\n[Tests/test-mongodb ]   |      \u2501\u2501\u2501\u2501\u2501\u2501\u2501\u2501\u2501\u2501\u2501\u2501\u2501\u2501\u2501\u2501\u2501\u2501\u2501\u2501\u2501\u2501\u2501\u2501\u2501\u2501\u2501\u2501\u2501\u2501\u2501\u2501\u2501\u2501\u2501\u2501\u2501\u2501\u2501 157.0/157.0 kB 8.5 MB/s eta 0:00:00\n[Tests/test-postgres]   | Collecting urllib3<3,>=1.21.1 (from requests->alerta->-r requirements-dev.txt (line 1))\n[Tests/test-mongodb ]   | Collecting urllib3<3,>=1.21.1 (from requests->alerta->-r requirements-dev.txt (line 1))\n[Tests/test-postgres]   |   Downloading urllib3-1.26.16-py2.py3-none-any.whl (143 kB)\n[Tests/test-mongodb ]   |   Downloading urllib3-1.26.16-py2.py3-none-any.whl (143 kB)\n[Tests/test-postgres]   |      \u2501\u2501\u2501\u2501\u2501\u2501\u2501\u2501\u2501\u2501\u2501\u2501\u2501\u2501\u2501\u2501\u2501\u2501\u2501\u2501\u2501\u2501\u2501\u2501\u2501\u2501\u2501\u2501\u2501\u2501\u2501\u2501\u2501\u2501\u2501\u2501\u2501\u2501\u2501 143.1/143.1 kB 8.8 MB/s eta 0:00:00\n[Tests/test-mongodb ]   |      \u2501\u2501\u2501\u2501\u2501\u2501\u2501\u2501\u2501\u2501\u2501\u2501\u2501\u2501\u2501\u2501\u2501\u2501\u2501\u2501\u2501\u2501\u2501\u2501\u2501\u2501\u2501\u2501\u2501\u2501\u2501\u2501\u2501\u2501\u2501\u2501\u2501\u2501\u2501 143.1/143.1 kB 9.6 MB/s eta 0:00:00\n[Tests/test-postgres]   | Collecting markupsafe (from sentry-sdk[flask]>=0.10.2->alerta-server[mongodb]->-r requirements-dev.txt (line 2))\n[Tests/test-postgres]   |   Downloading MarkupSafe-2.1.2-cp38-cp38-manylinux_2_17_x86_64.manylinux2014_x86_64.whl (25 kB)\n[Tests/test-mongodb ]   | Collecting markupsafe (from sentry-sdk[flask]>=0.10.2->alerta-server[mongodb]->-r requirements-dev.txt (line 2))\n[Tests/test-mongodb ]   |   Downloading MarkupSafe-2.1.2-cp38-cp38-manylinux_2_17_x86_64.manylinux2014_x86_64.whl (25 kB)\n[Tests/test-postgres]   | Collecting distlib<1,>=0.3.6 (from virtualenv>=20.0.8->pre-commit==2.20.0->-r requirements-dev.txt (line 7))\n[Tests/test-mongodb ]   | Collecting distlib<1,>=0.3.6 (from virtualenv>=20.0.8->pre-commit==2.20.0->-r requirements-dev.txt (line 7))\n[Tests/test-postgres]   |   Downloading distlib-0.3.6-py2.py3-none-any.whl (468 kB)\n[Tests/test-mongodb ]   |   Downloading distlib-0.3.6-py2.py3-none-any.whl (468 kB)\n[Tests/test-postgres]   |      \u2501\u2501\u2501\u2501\u2501\u2501\u2501\u2501\u2501\u2501\u2501\u2501\u2501\u2501\u2501\u2501\u2501\u2501\u2501\u2501\u2501\u2501\u2501\u2501\u2501\u2501\u2501\u2501\u2501\u2501\u2501\u2501\u2501\u2501\u2501\u2501\u2501\u2501 468.5/468.5 kB 28.8 MB/s eta 0:00:00\n[Tests/test-mongodb ]   |      \u2501\u2501\u2501\u2501\u2501\u2501\u2501\u2501\u2501\u2501\u2501\u2501\u2501\u2501\u2501\u2501\u2501\u2501\u2501\u2501\u2501\u2501\u2501\u2501\u2501\u2501\u2501\u2501\u2501\u2501\u2501\u2501\u2501\u2501\u2501\u2501\u2501\u2501 468.5/468.5 kB 19.4 MB/s eta 0:00:00\n[Tests/test-postgres]   | Collecting filelock<4,>=3.11 (from virtualenv>=20.0.8->pre-commit==2.20.0->-r requirements-dev.txt (line 7))\n[Tests/test-postgres]   |   Downloading filelock-3.12.0-py3-none-any.whl (10 kB)\n[Tests/test-mongodb ]   | Collecting filelock<4,>=3.11 (from virtualenv>=20.0.8->pre-commit==2.20.0->-r requirements-dev.txt (line 7))\n[Tests/test-mongodb ]   |   Downloading filelock-3.12.0-py3-none-any.whl (10 kB)\n[Tests/test-postgres]   | Collecting cffi>=1.12 (from cryptography->alerta-server[mongodb]->-r requirements-dev.txt (line 2))\n[Tests/test-postgres]   |   Downloading cffi-1.15.1-cp38-cp38-manylinux_2_17_x86_64.manylinux2014_x86_64.whl (442 kB)\n[Tests/test-mongodb ]   | Collecting cffi>=1.12 (from cryptography->alerta-server[mongodb]->-r requirements-dev.txt (line 2))\n[Tests/test-mongodb ]   |   Downloading cffi-1.15.1-cp38-cp38-manylinux_2_17_x86_64.manylinux2014_x86_64.whl (442 kB)\n[Tests/test-postgres]   |      \u2501\u2501\u2501\u2501\u2501\u2501\u2501\u2501\u2501\u2501\u2501\u2501\u2501\u2501\u2501\u2501\u2501\u2501\u2501\u2501\u2501\u2501\u2501\u2501\u2501\u2501\u2501\u2501\u2501\u2501\u2501\u2501\u2501\u2501\u2501\u2501\u2501\u2501\u2501 442.7/442.7 kB 6.3 MB/s eta 0:00:00\n[Tests/test-mongodb ]   |      \u2501\u2501\u2501\u2501\u2501\u2501\u2501\u2501\u2501\u2501\u2501\u2501\u2501\u2501\u2501\u2501\u2501\u2501\u2501\u2501\u2501\u2501\u2501\u2501\u2501\u2501\u2501\u2501\u2501\u2501\u2501\u2501\u2501\u2501\u2501\u2501\u2501\u2501 442.7/442.7 kB 23.9 MB/s eta 0:00:00\n[Tests/test-postgres]   | Collecting pycparser (from cffi>=1.12->cryptography->alerta-server[mongodb]->-r requirements-dev.txt (line 2))\n[Tests/test-postgres]   |   Downloading pycparser-2.21-py2.py3-none-any.whl (118 kB)\n[Tests/test-mongodb ]   | Collecting pycparser (from cffi>=1.12->cryptography->alerta-server[mongodb]->-r requirements-dev.txt (line 2))\n[Tests/test-mongodb ]   |   Downloading pycparser-2.21-py2.py3-none-any.whl (118 kB)\n[Tests/test-postgres]   |      \u2501\u2501\u2501\u2501\u2501\u2501\u2501\u2501\u2501\u2501\u2501\u2501\u2501\u2501\u2501\u2501\u2501\u2501\u2501\u2501\u2501\u2501\u2501\u2501\u2501\u2501\u2501\u2501\u2501\u2501\u2501\u2501\u2501\u2501\u2501\u2501\u2501\u2501\u2501 118.7/118.7 kB 1.1 MB/s eta 0:00:00\n[Tests/test-mongodb ]   |      \u2501\u2501\u2501\u2501\u2501\u2501\u2501\u2501\u2501\u2501\u2501\u2501\u2501\u2501\u2501\u2501\u2501\u2501\u2501\u2501\u2501\u2501\u2501\u2501\u2501\u2501\u2501\u2501\u2501\u2501\u2501\u2501\u2501\u2501\u2501\u2501\u2501\u2501\u2501 118.7/118.7 kB 3.5 MB/s eta 0:00:00\n[Tests/test-postgres]   | Collecting zipp>=0.5 (from importlib-metadata>=3.6.0->Flask>=2.0.1->alerta-server[mongodb]->-r requirements-dev.txt (line 2))\n[Tests/test-postgres]   |   Downloading zipp-3.15.0-py3-none-any.whl (6.8 kB)\n[Tests/test-mongodb ]   | Collecting zipp>=0.5 (from importlib-metadata>=3.6.0->Flask>=2.0.1->alerta-server[mongodb]->-r requirements-dev.txt (line 2))\n[Tests/test-mongodb ]   |   Downloading zipp-3.15.0-py3-none-any.whl (6.8 kB)\n[Tests/test-postgres]   | Building wheels for collected packages: psycopg2\n[Tests/test-postgres]   |   Building wheel for psycopg2 (pyproject.toml): started\n[Tests/test-mongodb ]   | Building wheels for collected packages: psycopg2\n[Tests/test-mongodb ]   |   Building wheel for psycopg2 (pyproject.toml): started\n[Tests/test-mongodb ]   |   Building wheel for psycopg2 (pyproject.toml): finished with status 'done'\n[Tests/test-mongodb ]   |   Created wheel for psycopg2: filename=psycopg2-2.9.6-cp38-cp38-linux_x86_64.whl size=592693 sha256=b473bf89d51e8edf919b8775e876dbdd34c6000ff6bd9b845c8b6761a595c195\n[Tests/test-mongodb ]   |   Stored in directory: /home/runneradmin/.cache/pip/wheels/b4/01/c3/2fb9798be76b52c98b2ad9e6f3101b3dcb5286e7901f754e87\n[Tests/test-mongodb ]   | Successfully built psycopg2\n[Tests/test-postgres]   |   Building wheel for psycopg2 (pyproject.toml): finished with status 'done'\n[Tests/test-postgres]   |   Created wheel for psycopg2: filename=psycopg2-2.9.6-cp38-cp38-linux_x86_64.whl size=592680 sha256=057908a81819b6ed1d94c518a3ffc5ea76e1d830c3ba4ae40ba331580b3bf89d\n[Tests/test-postgres]   |   Stored in directory: /home/runneradmin/.cache/pip/wheels/b4/01/c3/2fb9798be76b52c98b2ad9e6f3101b3dcb5286e7901f754e87\n[Tests/test-postgres]   | Successfully built psycopg2\n[Tests/test-mongodb ]   | Installing collected packages: pytz, distlib, brotli, zipp, wrapt, vine, urllib3, typing-extensions, tomlkit, toml, tabulate, six, pyyaml, python-dotenv, pyparsing, pymongo, PyJWT, pycparser, psycopg2, platformdirs, nodeenv, mypy-extensions, mock, markupsafe, lazy-object-proxy, itsdangerous, isort, idna, identify, filelock, dill, coverage, Click, charset-normalizer, cfgv, certifi, blinker, bcrypt, Werkzeug, virtualenv, sentry-sdk, requests, python-dateutil, mypy, mohawk, Jinja2, importlib-metadata, cffi, astroid, amqp, requests_mock, requests-hawk, pytest-cov, pylint, pre-commit, kombu, Flask, cryptography, Flask-Cors, Flask-Compress, alerta, alerta-server\n[Tests/test-postgres]   | Installing collected packages: pytz, distlib, brotli, zipp, wrapt, vine, urllib3, typing-extensions, tomlkit, toml, tabulate, six, pyyaml, python-dotenv, pyparsing, pymongo, PyJWT, pycparser, psycopg2, platformdirs, nodeenv, mypy-extensions, mock, markupsafe, lazy-object-proxy, itsdangerous, isort, idna, identify, filelock, dill, coverage, Click, charset-normalizer, cfgv, certifi, blinker, bcrypt, Werkzeug, virtualenv, sentry-sdk, requests, python-dateutil, mypy, mohawk, Jinja2, importlib-metadata, cffi, astroid, amqp, requests_mock, requests-hawk, pytest-cov, pylint, pre-commit, kombu, Flask, cryptography, Flask-Cors, Flask-Compress, alerta, alerta-server\n[Tests/test-mongodb ]   | Successfully installed Click-8.1.3 Flask-2.3.2 Flask-Compress-1.13 Flask-Cors-3.0.10 Jinja2-3.1.2 PyJWT-2.7.0 Werkzeug-2.3.4 alerta-8.5.2 alerta-server-9.0.0 amqp-5.1.1 astroid-2.15.5 bcrypt-4.0.1 blinker-1.6.2 brotli-1.0.9 certifi-2023.5.7 cffi-1.15.1 cfgv-3.3.1 charset-normalizer-3.1.0 coverage-7.2.6 cryptography-40.0.2 dill-0.3.6 distlib-0.3.6 filelock-3.12.0 identify-2.5.24 idna-3.4 importlib-metadata-6.6.0 isort-5.12.0 itsdangerous-2.1.2 kombu-5.2.4 lazy-object-proxy-1.9.0 markupsafe-2.1.2 mock-5.0.2 mohawk-1.1.0 mypy-1.0.1 mypy-extensions-1.0.0 nodeenv-1.8.0 platformdirs-3.5.1 pre-commit-2.20.0 psycopg2-2.9.6 pycparser-2.21 pylint-2.16.2 pymongo-3.13.0 pyparsing-3.0.9 pytest-cov-4.1.0 python-dateutil-2.8.2 python-dotenv-1.0.0 pytz-2023.3 pyyaml-6.0 requests-2.31.0 requests-hawk-1.2.1 requests_mock-1.10.0 sentry-sdk-1.24.0 six-1.16.0 tabulate-0.9.0 toml-0.10.2 tomlkit-0.11.8 typing-extensions-4.6.2 urllib3-1.26.16 vine-5.0.0 virtualenv-20.23.0 wrapt-1.15.0 zipp-3.15.0\n[Tests/test-mongodb ]   | \n[Tests/test-mongodb ]   | [notice] A new release of pip is available: 21.1.1 -> 23.1.2\n[Tests/test-mongodb ]   | [notice] To update, run: pip install --upgrade pip\n[Tests/test-mongodb ]   \u2705  Success - Main Install dependencies\n[Tests/test-postgres]   | Successfully installed Click-8.1.3 Flask-2.3.2 Flask-Compress-1.13 Flask-Cors-3.0.10 Jinja2-3.1.2 PyJWT-2.7.0 Werkzeug-2.3.4 alerta-8.5.2 alerta-server-9.0.0 amqp-5.1.1 astroid-2.15.5 bcrypt-4.0.1 blinker-1.6.2 brotli-1.0.9 certifi-2023.5.7 cffi-1.15.1 cfgv-3.3.1 charset-normalizer-3.1.0 coverage-7.2.6 cryptography-40.0.2 dill-0.3.6 distlib-0.3.6 filelock-3.12.0 identify-2.5.24 idna-3.4 importlib-metadata-6.6.0 isort-5.12.0 itsdangerous-2.1.2 kombu-5.2.4 lazy-object-proxy-1.9.0 markupsafe-2.1.2 mock-5.0.2 mohawk-1.1.0 mypy-1.0.1 mypy-extensions-1.0.0 nodeenv-1.8.0 platformdirs-3.5.1 pre-commit-2.20.0 psycopg2-2.9.6 pycparser-2.21 pylint-2.16.2 pymongo-3.13.0 pyparsing-3.0.9 pytest-cov-4.1.0 python-dateutil-2.8.2 python-dotenv-1.0.0 pytz-2023.3 pyyaml-6.0 requests-2.31.0 requests-hawk-1.2.1 requests_mock-1.10.0 sentry-sdk-1.24.0 six-1.16.0 tabulate-0.9.0 toml-0.10.2 tomlkit-0.11.8 typing-extensions-4.6.2 urllib3-1.26.16 vine-5.0.0 virtualenv-20.23.0 wrapt-1.15.0 zipp-3.15.0\n[Tests/test-postgres]   | \n[Tests/test-postgres]   | [notice] A new release of pip is available: 21.1.1 -> 23.1.2\n[Tests/test-postgres]   | [notice] To update, run: pip install --upgrade pip\n[Tests/test-mongodb ] \u2b50 Run Main Pre-commit hooks\n[Tests/test-postgres]   \u2705  Success - Main Install dependencies\n[Tests/test-mongodb ]   \ud83d\udc33  docker exec cmd=[bash --noprofile --norc -e -o pipefail /var/run/act/workflow/hooks] user= workdir=\n[Tests/test-postgres] \u2b50 Run Main Pre-commit hooks\n[Tests/test-postgres]   \ud83d\udc33  docker exec cmd=[bash --noprofile --norc -e -o pipefail /var/run/act/workflow/hooks] user= workdir=\n[Tests/test-mongodb ]   | [INFO] Initializing environment for https://github.com/pre-commit/mirrors-autopep8.\n[Tests/test-postgres]   | [INFO] Initializing environment for https://github.com/pre-commit/mirrors-autopep8.\n[Tests/test-postgres]   | [INFO] Initializing environment for https://github.com/pre-commit/pre-commit-hooks.git.\n[Tests/test-mongodb ]   | [INFO] Initializing environment for https://github.com/pre-commit/pre-commit-hooks.git.\n[Tests/test-mongodb ]   | [INFO] Initializing environment for https://github.com/pycqa/flake8.\n[Tests/test-postgres]   | [INFO] Initializing environment for https://github.com/pycqa/flake8.\n[Tests/test-postgres]   | [INFO] Initializing environment for https://github.com/asottile/pyupgrade.\n[Tests/test-mongodb ]   | [INFO] Initializing environment for https://github.com/asottile/pyupgrade.\n[Tests/test-mongodb ]   | [INFO] Initializing environment for https://github.com/asottile/seed-isort-config.\n[Tests/test-postgres]   | [INFO] Initializing environment for https://github.com/asottile/seed-isort-config.\n[Tests/test-mongodb ]   | [INFO] Initializing environment for https://github.com/pre-commit/mirrors-isort.\n[Tests/test-postgres]   | [INFO] Initializing environment for https://github.com/pre-commit/mirrors-isort.\n[Tests/test-mongodb ]   | [INFO] Installing environment for https://github.com/pre-commit/mirrors-autopep8.\n[Tests/test-mongodb ]   | [INFO] Once installed this environment will be reused.\n[Tests/test-mongodb ]   | [INFO] This may take a few minutes...\n[Tests/test-postgres]   | [INFO] Installing environment for https://github.com/pre-commit/mirrors-autopep8.\n[Tests/test-postgres]   | [INFO] Once installed this environment will be reused.\n[Tests/test-postgres]   | [INFO] This may take a few minutes...\n[Tests/test-mongodb ]   | [INFO] Installing environment for https://github.com/pre-commit/pre-commit-hooks.git.\n[Tests/test-mongodb ]   | [INFO] Once installed this environment will be reused.\n[Tests/test-mongodb ]   | [INFO] This may take a few minutes...\n[Tests/test-postgres]   | [INFO] Installing environment for https://github.com/pre-commit/pre-commit-hooks.git.\n[Tests/test-postgres]   | [INFO] Once installed this environment will be reused.\n[Tests/test-postgres]   | [INFO] This may take a few minutes...\n[Tests/test-mongodb ]   | [INFO] Installing environment for https://github.com/pycqa/flake8.\n[Tests/test-mongodb ]   | [INFO] Once installed this environment will be reused.\n[Tests/test-mongodb ]   | [INFO] This may take a few minutes...\n[Tests/test-postgres]   | [INFO] Installing environment for https://github.com/pycqa/flake8.\n[Tests/test-postgres]   | [INFO] Once installed this environment will be reused.\n[Tests/test-postgres]   | [INFO] This may take a few minutes...\n[Tests/test-mongodb ]   | [INFO] Installing environment for https://github.com/asottile/pyupgrade.\n[Tests/test-mongodb ]   | [INFO] Once installed this environment will be reused.\n[Tests/test-mongodb ]   | [INFO] This may take a few minutes...\n[Tests/test-postgres]   | [INFO] Installing environment for https://github.com/asottile/pyupgrade.\n[Tests/test-postgres]   | [INFO] Once installed this environment will be reused.\n[Tests/test-postgres]   | [INFO] This may take a few minutes...\n[Tests/test-mongodb ]   | [INFO] Installing environment for https://github.com/asottile/seed-isort-config.\n[Tests/test-mongodb ]   | [INFO] Once installed this environment will be reused.\n[Tests/test-mongodb ]   | [INFO] This may take a few minutes...\n[Tests/test-postgres]   | [INFO] Installing environment for https://github.com/asottile/seed-isort-config.\n[Tests/test-postgres]   | [INFO] Once installed this environment will be reused.\n[Tests/test-postgres]   | [INFO] This may take a few minutes...\n[Tests/test-mongodb ]   | [INFO] Installing environment for https://github.com/pre-commit/mirrors-isort.\n[Tests/test-mongodb ]   | [INFO] Once installed this environment will be reused.\n[Tests/test-mongodb ]   | [INFO] This may take a few minutes...\n[Tests/test-postgres]   | [INFO] Installing environment for https://github.com/pre-commit/mirrors-isort.\n[Tests/test-postgres]   | [INFO] Once installed this environment will be reused.\n[Tests/test-postgres]   | [INFO] This may take a few minutes...\n[Tests/test-mongodb ]   | autopep8.................................................................Passed\n[Tests/test-mongodb ]   | Check for added large files..............................................Passed\n[Tests/test-mongodb ]   | Check python ast.........................................................Passed\n[Tests/test-mongodb ]   | Check for byte-order marker..............................................Passed\n[Tests/test-postgres]   | autopep8.................................................................Passed\n[Tests/test-mongodb ]   | Check for case conflicts.................................................Passed\n[Tests/test-postgres]   | Check for added large files..............................................Passed\n[Tests/test-mongodb ]   | Check docstring is first.................................................Passed\n[Tests/test-mongodb ]   | Check JSON...........................................(no files to check)Skipped\n[Tests/test-postgres]   | Check python ast.........................................................Passed\n[Tests/test-mongodb ]   | Check for merge conflicts................................................Passed\n[Tests/test-mongodb ]   | Check Yaml...............................................................Passed\n[Tests/test-postgres]   | Check for byte-order marker..............................................Passed\n[Tests/test-mongodb ]   | Debug Statements (Python)................................................Passed\n[Tests/test-postgres]   | Check for case conflicts.................................................Passed\n[Tests/test-mongodb ]   | Fix double quoted strings................................................Passed\n[Tests/test-postgres]   | Check docstring is first.................................................Passed\n[Tests/test-postgres]   | Check JSON...........................................(no files to check)Skipped\n[Tests/test-mongodb ]   | Fix End of Files.........................................................Passed\n[Tests/test-postgres]   | Check for merge conflicts................................................Passed\n[Tests/test-mongodb ]   | Fix python encoding pragma...............................................Passed\n[Tests/test-mongodb ]   | Pretty format JSON...................................(no files to check)Skipped\n[Tests/test-mongodb ]   | Tests should end in _test.py.........................(no files to check)Skipped\n[Tests/test-mongodb ]   | Fix requirements.txt.....................................................Passed\n[Tests/test-postgres]   | Check Yaml...............................................................Passed\n[Tests/test-postgres]   | Debug Statements (Python)................................................Passed\n[Tests/test-mongodb ]   | Trim Trailing Whitespace.................................................Passed\n[Tests/test-postgres]   | Fix double quoted strings................................................Passed\n[Tests/test-postgres]   | Fix End of Files.........................................................Passed\n[Tests/test-postgres]   | Fix python encoding pragma...............................................Passed\n[Tests/test-postgres]   | Pretty format JSON...................................(no files to check)Skipped\n[Tests/test-postgres]   | Tests should end in _test.py.........................(no files to check)Skipped\n[Tests/test-postgres]   | Fix requirements.txt.....................................................Passed\n[Tests/test-postgres]   | Trim Trailing Whitespace.................................................Passed\n[Tests/test-mongodb ]   | flake8...................................................................Passed\n[Tests/test-mongodb ]   | pyupgrade................................................................Passed\n[Tests/test-mongodb ]   | seed isort known_third_party.............................................Passed\n[Tests/test-mongodb ]   | isort....................................................................Passed\n[Tests/test-postgres]   | flake8...................................................................Passed\n[Tests/test-mongodb ]   \u2705  Success - Main Pre-commit hooks\n[Tests/test-postgres]   | pyupgrade................................................................Passed\n[Tests/test-mongodb ] \u2b50 Run Main Lint with flake8\n[Tests/test-postgres]   | seed isort known_third_party.............................................Passed\n[Tests/test-mongodb ]   \ud83d\udc33  docker exec cmd=[bash --noprofile --norc -e -o pipefail /var/run/act/workflow/lint] user= workdir=\n[Tests/test-postgres]   | isort....................................................................Passed\n[Tests/test-postgres]   \u2705  Success - Main Pre-commit hooks\n[Tests/test-postgres] \u2b50 Run Main Lint with flake8\n[Tests/test-postgres]   \ud83d\udc33  docker exec cmd=[bash --noprofile --norc -e -o pipefail /var/run/act/workflow/lint] user= workdir=\n[Tests/test-postgres]   | 0\n[Tests/test-mongodb ]   | 0\n[Tests/test-mongodb ]   | ./integrations/mailer/mailer.py:334:128: E501 line too long (132 > 127 characters)\n[Tests/test-mongodb ]   | ./integrations/opsgenie/oecAlertaExecutor.py:136:128: E501 line too long (131 > 127 characters)\n[Tests/test-mongodb ]   | ./plugins/dingtalk/dingtalkchatbot/chatbot.py:331:128: E501 line too long (141 > 127 characters)\n[Tests/test-mongodb ]   | ./plugins/dingtalk/dingtalkchatbot/chatbot.py:365:128: E501 line too long (133 > 127 characters)\n[Tests/test-mongodb ]   | ./plugins/dingtalk/dingtalkchatbot/chatbot_test.py:16:128: E501 line too long (138 > 127 characters)\n[Tests/test-mongodb ]   | ./plugins/dingtalk/dingtalkchatbot/chatbot_test.py:41:128: E501 line too long (151 > 127 characters)\n[Tests/test-mongodb ]   | ./plugins/dingtalk/dingtalkchatbot/chatbot_test.py:57:128: E501 line too long (133 > 127 characters)\n[Tests/test-mongodb ]   | ./plugins/dingtalk/dingtalkchatbot/chatbot_test.py:68:128: E501 line too long (133 > 127 characters)\n[Tests/test-mongodb ]   | ./plugins/dingtalk/dingtalkchatbot/chatbot_test.py:79:128: E501 line too long (133 > 127 characters)\n[Tests/test-mongodb ]   | ./plugins/dingtalk/dingtalkchatbot/chatbot_test.py:90:128: E501 line too long (133 > 127 characters)\n[Tests/test-mongodb ]   | ./plugins/dingtalk/dingtalkchatbot/samples.py:15:128: E501 line too long (130 > 127 characters)\n[Tests/test-mongodb ]   | ./plugins/dingtalk/dingtalkchatbot/samples.py:31:128: E501 line too long (133 > 127 characters)\n[Tests/test-mongodb ]   | ./plugins/dingtalk/dingtalkchatbot/samples.py:50:128: E501 line too long (129 > 127 characters)\n[Tests/test-mongodb ]   | ./plugins/dingtalk/dingtalkchatbot/samples.py:61:128: E501 line too long (129 > 127 characters)\n[Tests/test-mongodb ]   | ./plugins/dingtalk/dingtalkchatbot/samples.py:68:128: E501 line too long (165 > 127 characters)\n[Tests/test-mongodb ]   | ./plugins/dingtalk/dingtalkchatbot/samples.py:70:128: E501 line too long (129 > 127 characters)\n[Tests/test-mongodb ]   | ./plugins/jira/alerta_jira.py:39:128: E501 line too long (145 > 127 characters)\n[Tests/test-mongodb ]   | ./plugins/matrix/alerta_matrix.py:66:128: E501 line too long (187 > 127 characters)\n[Tests/test-mongodb ]   | ./plugins/slack/alerta_slack.py:71:128: E501 line too long (147 > 127 characters)\n[Tests/test-mongodb ]   | ./plugins/slack/alerta_slack.py:210:128: E501 line too long (136 > 127 characters)\n[Tests/test-mongodb ]   | ./plugins/slack/alerta_slack.py:213:128: E501 line too long (153 > 127 characters)\n[Tests/test-mongodb ]   | ./plugins/slack/alerta_slack.py:214:128: E501 line too long (163 > 127 characters)\n[Tests/test-mongodb ]   | ./plugins/telegram/alerta_telegram.py:121:128: E501 line too long (170 > 127 characters)\n[Tests/test-mongodb ]   | ./plugins/telegram/alerta_telegram.py:122:128: E501 line too long (168 > 127 characters)\n[Tests/test-mongodb ]   | ./webhooks/azuremonitor/test_azuremonitor.py:49:128: E501 line too long (143 > 127 characters)\n[Tests/test-mongodb ]   | ./webhooks/azuremonitor/test_azuremonitor.py:80:128: E501 line too long (158 > 127 characters)\n[Tests/test-mongodb ]   | ./webhooks/azuremonitor/test_azuremonitor.py:98:128: E501 line too long (162 > 127 characters)\n[Tests/test-mongodb ]   | ./webhooks/azuremonitor/test_azuremonitor.py:147:128: E501 line too long (158 > 127 characters)\n[Tests/test-mongodb ]   | ./webhooks/azuremonitor/test_azuremonitor.py:159:128: E501 line too long (177 > 127 characters)\n[Tests/test-mongodb ]   | ./webhooks/azuremonitor/test_azuremonitor.py:177:128: E501 line too long (163 > 127 characters)\n[Tests/test-mongodb ]   | ./webhooks/azuremonitor/test_azuremonitor.py:178:128: E501 line too long (197 > 127 characters)\n[Tests/test-mongodb ]   | ./webhooks/azuremonitor/test_azuremonitor.py:216:128: E501 line too long (180 > 127 characters)\n[Tests/test-mongodb ]   | ./webhooks/azuremonitor/test_azuremonitor.py:233:128: E501 line too long (171 > 127 characters)\n[Tests/test-mongodb ]   | ./webhooks/azuremonitor/test_azuremonitor.py:248:128: E501 line too long (157 > 127 characters)\n[Tests/test-mongodb ]   | ./webhooks/azuremonitor/test_azuremonitor.py:249:128: E501 line too long (190 > 127 characters)\n[Tests/test-mongodb ]   | ./webhooks/msteams/test_msteamswebhook.py:54:128: E501 line too long (156 > 127 characters)\n[Tests/test-mongodb ]   | ./webhooks/msteams/test_msteamswebhook.py:79:128: E501 line too long (158 > 127 characters)\n[Tests/test-mongodb ]   | ./webhooks/msteams/test_msteamswebhook.py:88:128: E501 line too long (136 > 127 characters)\n[Tests/test-mongodb ]   | ./webhooks/sentry/test_sentry.py:95:128: E501 line too long (132 > 127 characters)\n[Tests/test-mongodb ]   | ./webhooks/sentry/test_sentry.py:122:128: E501 line too long (139 > 127 characters)\n[Tests/test-mongodb ]   | ./webhooks/sentry/test_sentry.py:419:128: E501 line too long (138 > 127 characters)\n[Tests/test-mongodb ]   | ./webhooks/sentry/test_sentry.py:654:128: E501 line too long (131 > 127 characters)\n[Tests/test-mongodb ]   | ./webhooks/sentry/test_sentry.py:714:128: E501 line too long (141 > 127 characters)\n[Tests/test-mongodb ]   | ./webhooks/sentry/test_sentry.py:801:128: E501 line too long (138 > 127 characters)\n[Tests/test-mongodb ]   | ./webhooks/sentry/test_sentry.py:841:128: E501 line too long (143 > 127 characters)\n[Tests/test-mongodb ]   | 45    E501 line too long (132 > 127 characters)\n[Tests/test-mongodb ]   | 45\n[Tests/test-mongodb ]   \u2705  Success - Main Lint with flake8\n[Tests/test-postgres]   | ./integrations/mailer/mailer.py:334:128: E501 line too long (132 > 127 characters)\n[Tests/test-postgres]   | ./integrations/opsgenie/oecAlertaExecutor.py:136:128: E501 line too long (131 > 127 characters)\n[Tests/test-postgres]   | ./plugins/dingtalk/dingtalkchatbot/chatbot.py:331:128: E501 line too long (141 > 127 characters)\n[Tests/test-postgres]   | ./plugins/dingtalk/dingtalkchatbot/chatbot.py:365:128: E501 line too long (133 > 127 characters)\n[Tests/test-postgres]   | ./plugins/dingtalk/dingtalkchatbot/chatbot_test.py:16:128: E501 line too long (138 > 127 characters)\n[Tests/test-postgres]   | ./plugins/dingtalk/dingtalkchatbot/chatbot_test.py:41:128: E501 line too long (151 > 127 characters)\n[Tests/test-postgres]   | ./plugins/dingtalk/dingtalkchatbot/chatbot_test.py:57:128: E501 line too long (133 > 127 characters)\n[Tests/test-postgres]   | ./plugins/dingtalk/dingtalkchatbot/chatbot_test.py:68:128: E501 line too long (133 > 127 characters)\n[Tests/test-postgres]   | ./plugins/dingtalk/dingtalkchatbot/chatbot_test.py:79:128: E501 line too long (133 > 127 characters)\n[Tests/test-postgres]   | ./plugins/dingtalk/dingtalkchatbot/chatbot_test.py:90:128: E501 line too long (133 > 127 characters)\n[Tests/test-postgres]   | ./plugins/dingtalk/dingtalkchatbot/samples.py:15:128: E501 line too long (130 > 127 characters)\n[Tests/test-postgres]   | ./plugins/dingtalk/dingtalkchatbot/samples.py:31:128: E501 line too long (133 > 127 characters)\n[Tests/test-postgres]   | ./plugins/dingtalk/dingtalkchatbot/samples.py:50:128: E501 line too long (129 > 127 characters)\n[Tests/test-postgres]   | ./plugins/dingtalk/dingtalkchatbot/samples.py:61:128: E501 line too long (129 > 127 characters)\n[Tests/test-postgres]   | ./plugins/dingtalk/dingtalkchatbot/samples.py:68:128: E501 line too long (165 > 127 characters)\n[Tests/test-postgres]   | ./plugins/dingtalk/dingtalkchatbot/samples.py:70:128: E501 line too long (129 > 127 characters)\n[Tests/test-postgres]   | ./plugins/jira/alerta_jira.py:39:128: E501 line too long (145 > 127 characters)\n[Tests/test-postgres]   | ./plugins/matrix/alerta_matrix.py:66:128: E501 line too long (187 > 127 characters)\n[Tests/test-postgres]   | ./plugins/slack/alerta_slack.py:71:128: E501 line too long (147 > 127 characters)\n[Tests/test-postgres]   | ./plugins/slack/alerta_slack.py:210:128: E501 line too long (136 > 127 characters)\n[Tests/test-postgres]   | ./plugins/slack/alerta_slack.py:213:128: E501 line too long (153 > 127 characters)\n[Tests/test-postgres]   | ./plugins/slack/alerta_slack.py:214:128: E501 line too long (163 > 127 characters)\n[Tests/test-postgres]   | ./plugins/telegram/alerta_telegram.py:121:128: E501 line too long (170 > 127 characters)\n[Tests/test-postgres]   | ./plugins/telegram/alerta_telegram.py:122:128: E501 line too long (168 > 127 characters)\n[Tests/test-postgres]   | ./webhooks/azuremonitor/test_azuremonitor.py:49:128: E501 line too long (143 > 127 characters)\n[Tests/test-postgres]   | ./webhooks/azuremonitor/test_azuremonitor.py:80:128: E501 line too long (158 > 127 characters)\n[Tests/test-postgres]   | ./webhooks/azuremonitor/test_azuremonitor.py:98:128: E501 line too long (162 > 127 characters)\n[Tests/test-postgres]   | ./webhooks/azuremonitor/test_azuremonitor.py:147:128: E501 line too long (158 > 127 characters)\n[Tests/test-postgres]   | ./webhooks/azuremonitor/test_azuremonitor.py:159:128: E501 line too long (177 > 127 characters)\n[Tests/test-postgres]   | ./webhooks/azuremonitor/test_azuremonitor.py:177:128: E501 line too long (163 > 127 characters)\n[Tests/test-postgres]   | ./webhooks/azuremonitor/test_azuremonitor.py:178:128: E501 line too long (197 > 127 characters)\n[Tests/test-postgres]   | ./webhooks/azuremonitor/test_azuremonitor.py:216:128: E501 line too long (180 > 127 characters)\n[Tests/test-postgres]   | ./webhooks/azuremonitor/test_azuremonitor.py:233:128: E501 line too long (171 > 127 characters)\n[Tests/test-postgres]   | ./webhooks/azuremonitor/test_azuremonitor.py:248:128: E501 line too long (157 > 127 characters)\n[Tests/test-postgres]   | ./webhooks/azuremonitor/test_azuremonitor.py:249:128: E501 line too long (190 > 127 characters)\n[Tests/test-postgres]   | ./webhooks/msteams/test_msteamswebhook.py:54:128: E501 line too long (156 > 127 characters)\n[Tests/test-postgres]   | ./webhooks/msteams/test_msteamswebhook.py:79:128: E501 line too long (158 > 127 characters)\n[Tests/test-postgres]   | ./webhooks/msteams/test_msteamswebhook.py:88:128: E501 line too long (136 > 127 characters)\n[Tests/test-postgres]   | ./webhooks/sentry/test_sentry.py:95:128: E501 line too long (132 > 127 characters)\n[Tests/test-postgres]   | ./webhooks/sentry/test_sentry.py:122:128: E501 line too long (139 > 127 characters)\n[Tests/test-postgres]   | ./webhooks/sentry/test_sentry.py:419:128: E501 line too long (138 > 127 characters)\n[Tests/test-postgres]   | ./webhooks/sentry/test_sentry.py:654:128: E501 line too long (131 > 127 characters)\n[Tests/test-postgres]   | ./webhooks/sentry/test_sentry.py:714:128: E501 line too long (141 > 127 characters)\n[Tests/test-postgres]   | ./webhooks/sentry/test_sentry.py:801:128: E501 line too long (138 > 127 characters)\n[Tests/test-postgres]   | ./webhooks/sentry/test_sentry.py:841:128: E501 line too long (143 > 127 characters)\n[Tests/test-postgres]   | 45    E501 line too long (132 > 127 characters)\n[Tests/test-postgres]   | 45\n[Tests/test-postgres]   \u2705  Success - Main Lint with flake8\n[Tests/test-postgres] \u2b50 Run Main Unit Test Plugins\n[Tests/test-mongodb ] \u2b50 Run Main Unit Test Plugins\n[Tests/test-mongodb ]   \ud83d\udc33  docker exec cmd=[bash --noprofile --norc -e -o pipefail /var/run/act/workflow/unit-test-plugins] user= workdir=\n[Tests/test-postgres]   \ud83d\udc33  docker exec cmd=[bash --noprofile --norc -e -o pipefail /var/run/act/workflow/unit-test-plugins] user= workdir=\n[Tests/test-mongodb ]   | ============================= test session starts ==============================\n[Tests/test-mongodb ]   | platform linux -- Python 3.8.11, pytest-7.3.1, pluggy-1.0.0 -- /opt/hostedtoolcache/Python/3.8.11/x64/bin/python\n[Tests/test-mongodb ]   | cachedir: .pytest_cache\n[Tests/test-mongodb ]   | rootdir: /tmp/de65f406-fe28-11ed-a890-af2cc187fc11/alerta-alerta-contrib/plugins/slack\n[Tests/test-mongodb ]   | plugins: cov-4.1.0, requests-mock-1.10.0\n[Tests/test-postgres]   | ============================= test session starts ==============================\n[Tests/test-postgres]   | platform linux -- Python 3.8.11, pytest-7.3.1, pluggy-1.0.0 -- /opt/hostedtoolcache/Python/3.8.11/x64/bin/python\n[Tests/test-postgres]   | cachedir: .pytest_cache\n[Tests/test-postgres]   | rootdir: /tmp/de65f406-fe28-11ed-a890-af2cc187fc11/alerta-alerta-contrib/plugins/slack\n[Tests/test-postgres]   | plugins: cov-4.1.0, requests-mock-1.10.0\n[Tests/test-mongodb ]   | collecting ... collected 1 item\n[Tests/test-mongodb ]   | \n[Tests/test-postgres]   | collecting ... collected 1 item\n[Tests/test-postgres]   | \n[Tests/test-mongodb ]   | plugins/slack/test_slack.py::SlackPluginTestCase::test_slack_plugin FAILED [100%]\n[Tests/test-mongodb ]   | \n[Tests/test-mongodb ]   | =================================== FAILURES ===================================\n[Tests/test-mongodb ]   | ____________________ SlackPluginTestCase.test_slack_plugin _____________________\n[Tests/test-mongodb ]   | \n[Tests/test-mongodb ]   | self = <test_slack.SlackPluginTestCase testMethod=test_slack_plugin>\n[Tests/test-mongodb ]   | \n[Tests/test-mongodb ]   |     def test_slack_plugin(self):\n[Tests/test-mongodb ]   |     \n[Tests/test-mongodb ]   |         test_config = {\n[Tests/test-mongodb ]   |             'TESTING': True,\n[Tests/test-mongodb ]   |             'AUTH_REQUIRED': False\n[Tests/test-mongodb ]   |         }\n[Tests/test-mongodb ]   |     \n[Tests/test-mongodb ]   |         with mod_env(\n[Tests/test-mongodb ]   |                 SLACK_WEBHOOK_URL='https://hooks.slack.com/services/T00000000/B00000000/XXXXXXXXXXXXXXXXXXXXXXXX'\n[Tests/test-mongodb ]   |         ):\n[Tests/test-mongodb ]   | >           self.app = create_app(test_config)\n[Tests/test-mongodb ]   | \n[Tests/test-mongodb ]   | plugins/slack/test_slack.py:58: \n[Tests/test-mongodb ]   | _ _ _ _ _ _ _ _ _ _ _ _ _ _ _ _ _ _ _ _ _ _ _ _ _ _ _ _ _ _ _ _ _ _ _ _ _ _ _ _ \n[Tests/test-mongodb ]   | /opt/hostedtoolcache/Python/3.8.11/x64/lib/python3.8/site-packages/alerta/app.py:70: in create_app\n[Tests/test-mongodb ]   |     db.init_db(app)\n[Tests/test-mongodb ]   | /opt/hostedtoolcache/Python/3.8.11/x64/lib/python3.8/site-packages/alerta/database/base.py:59: in init_db\n[Tests/test-mongodb ]   |     self.create_engine(app, uri=app.config['DATABASE_URL'], dbname=app.config['DATABASE_NAME'],\n[Tests/test-mongodb ]   | /opt/hostedtoolcache/Python/3.8.11/x64/lib/python3.8/site-packages/alerta/database/backends/mongodb/base.py:29: in create_engine\n[Tests/test-mongodb ]   |     self._create_indexes(db)\n[Tests/test-mongodb ]   | /opt/hostedtoolcache/Python/3.8.11/x64/lib/python3.8/site-packages/alerta/database/backends/mongodb/base.py:51: in _create_indexes\n[Tests/test-mongodb ]   |     db.alerts.create_index(\n[Tests/test-mongodb ]   | /opt/hostedtoolcache/Python/3.8.11/x64/lib/python3.8/site-packages/pymongo/collection.py:2271: in create_index\n[Tests/test-mongodb ]   |     return self.__create_indexes([index], session, **cmd_options)[0]\n[Tests/test-mongodb ]   | /opt/hostedtoolcache/Python/3.8.11/x64/lib/python3.8/site-packages/pymongo/collection.py:2129: in __create_indexes\n[Tests/test-mongodb ]   |     with self._socket_for_writes(session) as sock_info:\n[Tests/test-mongodb ]   | /opt/hostedtoolcache/Python/3.8.11/x64/lib/python3.8/site-packages/pymongo/collection.py:203: in _socket_for_writes\n[Tests/test-mongodb ]   |     return self.__database.client._socket_for_writes(session)\n[Tests/test-mongodb ]   | /opt/hostedtoolcache/Python/3.8.11/x64/lib/python3.8/site-packages/pymongo/mongo_client.py:1446: in _socket_for_writes\n[Tests/test-mongodb ]   |     server = self._select_server(writable_server_selector, session)\n[Tests/test-mongodb ]   | /opt/hostedtoolcache/Python/3.8.11/x64/lib/python3.8/site-packages/pymongo/mongo_client.py:1436: in _select_server\n[Tests/test-mongodb ]   |     server = topology.select_server(server_selector)\n[Tests/test-mongodb ]   | /opt/hostedtoolcache/Python/3.8.11/x64/lib/python3.8/site-packages/pymongo/topology.py:250: in select_server\n[Tests/test-mongodb ]   |     return random.choice(self.select_servers(selector, server_selection_timeout, address))\n[Tests/test-mongodb ]   | /opt/hostedtoolcache/Python/3.8.11/x64/lib/python3.8/site-packages/pymongo/topology.py:211: in select_servers\n[Tests/test-mongodb ]   |     server_descriptions = self._select_servers_loop(selector, server_timeout, address)\n[Tests/test-mongodb ]   | _ _ _ _ _ _ _ _ _ _ _ _ _ _ _ _ _ _ _ _ _ _ _ _ _ _ _ _ _ _ _ _ _ _ _ _ _ _ _ _ \n[Tests/test-mongodb ]   | \n[Tests/test-mongodb ]   | self = <Topology <TopologyDescription id: 6474c5065171f76b8a87bfc3, topology_type: Single, servers: [<ServerDescription ('127....1', 27017) server_type: Unknown, rtt: None, error=AutoReconnect('127.0.0.1:27017: [Errno 111] Connection refused')>]>>\n[Tests/test-mongodb ]   | selector = <function writable_server_selector at 0x7f634edf0670>, timeout = 30\n[Tests/test-mongodb ]   | address = None\n[Tests/test-mongodb ]   | \n[Tests/test-mongodb ]   |     def _select_servers_loop(self, selector, timeout, address):\n[Tests/test-mongodb ]   |         \"\"\"select_servers() guts. Hold the lock when calling this.\"\"\"\n[Tests/test-mongodb ]   |         now = _time()\n[Tests/test-mongodb ]   |         end_time = now + timeout\n[Tests/test-mongodb ]   |         server_descriptions = self._description.apply_selector(\n[Tests/test-mongodb ]   |             selector, address, custom_selector=self._settings.server_selector\n[Tests/test-mongodb ]   |         )\n[Tests/test-mongodb ]   |     \n[Tests/test-mongodb ]   |         while not server_descriptions:\n[Tests/test-mongodb ]   |             # No suitable servers.\n[Tests/test-mongodb ]   |             if timeout == 0 or now > end_time:\n[Tests/test-mongodb ]   | >               raise ServerSelectionTimeoutError(\n[Tests/test-mongodb ]   |                     \"%s, Timeout: %ss, Topology Description: %r\"\n[Tests/test-mongodb ]   |                     % (self._error_message(selector), timeout, self.description)\n[Tests/test-mongodb ]   |                 )\n[Tests/test-mongodb ]   | E               pymongo.errors.ServerSelectionTimeoutError: 127.0.0.1:27017: [Errno 111] Connection refused, Timeout: 30s, Topology Description: <TopologyDescription id: 6474c5065171f76b8a87bfc3, topology_type: Single, servers: [<ServerDescription ('127.0.0.1', 27017) server_type: Unknown, rtt: None, error=AutoReconnect('127.0.0.1:27017: [Errno 111] Connection refused')>]>\n[Tests/test-mongodb ]   | \n[Tests/test-mongodb ]   | /opt/hostedtoolcache/Python/3.8.11/x64/lib/python3.8/site-packages/pymongo/topology.py:226: ServerSelectionTimeoutError\n[Tests/test-mongodb ]   | \n[Tests/test-mongodb ]   | ---------- coverage: platform linux, python 3.8.11-final-0 -----------\n[Tests/test-mongodb ]   | Name                            Stmts   Miss  Cover\n[Tests/test-mongodb ]   | ---------------------------------------------------\n[Tests/test-mongodb ]   | plugins/slack/alerta_slack.py     147    101    31%\n[Tests/test-mongodb ]   | plugins/slack/test_slack.py        35      8    77%\n[Tests/test-mongodb ]   | ---------------------------------------------------\n[Tests/test-mongodb ]   | TOTAL                             182    109    40%\n[Tests/test-mongodb ]   | \n[Tests/test-mongodb ]   | =========================== short test summary info ============================\n[Tests/test-mongodb ]   | FAILED plugins/slack/test_slack.py::SlackPluginTestCase::test_slack_plugin - pymongo.errors.ServerSelectionTimeoutError: 127.0.0.1:27017: [Errno 111] Connection refused, Timeout: 30s, Topology Description: <TopologyDescription id: 6474c5065171f76b8a87bfc3, topology_type: Single, servers: [<ServerDescription ('127.0.0.1', 27017) server_type: Unknown, rtt: None, error=AutoReconnect('127.0.0.1:27017: [Errno 111] Connection refused')>]>\n[Tests/test-mongodb ]   | ============================== 1 failed in 31.84s ==============================\n[Tests/test-mongodb ]   \u274c  Failure - Main Unit Test Plugins\n[Tests/test-mongodb ] exitcode '1': failure\n[Tests/test-mongodb ] \u2b50 Run Main act10ns/slack@v2\n[Tests/test-mongodb ]   \ud83d\udc33  docker cp src=/home/andre-silva/.cache/act/act10ns-slack@v2/ dst=/var/run/act/actions/act10ns-slack@v2/\n[Tests/test-mongodb ]   \ud83d\udc33  docker exec cmd=[chown -R 1012:1000 /var/run/act/actions/act10ns-slack@v2/] user=0 workdir=\n[Tests/test-postgres]   | plugins/slack/test_slack.py::SlackPluginTestCase::test_slack_plugin FAILED [100%]\n[Tests/test-postgres]   | \n[Tests/test-postgres]   | =================================== FAILURES ===================================\n[Tests/test-postgres]   | ____________________ SlackPluginTestCase.test_slack_plugin _____________________\n[Tests/test-postgres]   | \n[Tests/test-postgres]   | self = <test_slack.SlackPluginTestCase testMethod=test_slack_plugin>\n[Tests/test-postgres]   | \n[Tests/test-postgres]   |     def test_slack_plugin(self):\n[Tests/test-postgres]   |     \n[Tests/test-postgres]   |         test_config = {\n[Tests/test-postgres]   |             'TESTING': True,\n[Tests/test-postgres]   |             'AUTH_REQUIRED': False\n[Tests/test-postgres]   |         }\n[Tests/test-postgres]   |     \n[Tests/test-postgres]   |         with mod_env(\n[Tests/test-postgres]   |                 SLACK_WEBHOOK_URL='https://hooks.slack.com/services/T00000000/B00000000/XXXXXXXXXXXXXXXXXXXXXXXX'\n[Tests/test-postgres]   |         ):\n[Tests/test-postgres]   | >           self.app = create_app(test_config)\n[Tests/test-postgres]   | \n[Tests/test-postgres]   | plugins/slack/test_slack.py:58: \n[Tests/test-postgres]   | _ _ _ _ _ _ _ _ _ _ _ _ _ _ _ _ _ _ _ _ _ _ _ _ _ _ _ _ _ _ _ _ _ _ _ _ _ _ _ _ \n[Tests/test-postgres]   | /opt/hostedtoolcache/Python/3.8.11/x64/lib/python3.8/site-packages/alerta/app.py:70: in create_app\n[Tests/test-postgres]   |     db.init_db(app)\n[Tests/test-postgres]   | /opt/hostedtoolcache/Python/3.8.11/x64/lib/python3.8/site-packages/alerta/database/base.py:59: in init_db\n[Tests/test-postgres]   |     self.create_engine(app, uri=app.config['DATABASE_URL'], dbname=app.config['DATABASE_NAME'],\n[Tests/test-postgres]   | /opt/hostedtoolcache/Python/3.8.11/x64/lib/python3.8/site-packages/alerta/database/backends/postgres/base.py:71: in create_engine\n[Tests/test-postgres]   |     conn = self.connect()\n[Tests/test-postgres]   | _ _ _ _ _ _ _ _ _ _ _ _ _ _ _ _ _ _ _ _ _ _ _ _ _ _ _ _ _ _ _ _ _ _ _ _ _ _ _ _ \n[Tests/test-postgres]   | \n[Tests/test-postgres]   | self = <alerta.database.base.DatabaseImpl object at 0x7fec394070a0>\n[Tests/test-postgres]   | \n[Tests/test-postgres]   |     def connect(self):\n[Tests/test-postgres]   |         retry = 0\n[Tests/test-postgres]   |         while True:\n[Tests/test-postgres]   |             try:\n[Tests/test-postgres]   |                 conn = psycopg2.connect(\n[Tests/test-postgres]   |                     dsn=self.uri,\n[Tests/test-postgres]   |                     dbname=self.dbname,\n[Tests/test-postgres]   |                     cursor_factory=NamedTupleCursor\n[Tests/test-postgres]   |                 )\n[Tests/test-postgres]   |                 conn.set_client_encoding('UTF8')\n[Tests/test-postgres]   |                 break\n[Tests/test-postgres]   |             except Exception as e:\n[Tests/test-postgres]   |                 print(e)  # FIXME - should log this error instead of printing, but current_app is unavailable here\n[Tests/test-postgres]   |                 retry += 1\n[Tests/test-postgres]   |                 if retry > MAX_RETRIES:\n[Tests/test-postgres]   |                     conn = None\n[Tests/test-postgres]   |                     break\n[Tests/test-postgres]   |                 else:\n[Tests/test-postgres]   |                     backoff = 2 ** retry\n[Tests/test-postgres]   |                     print(f'Retry attempt {retry}/{MAX_RETRIES} (wait={backoff}s)...')\n[Tests/test-postgres]   |                     time.sleep(backoff)\n[Tests/test-postgres]   |     \n[Tests/test-postgres]   |         if conn:\n[Tests/test-postgres]   |             return conn\n[Tests/test-postgres]   |         else:\n[Tests/test-postgres]   | >           raise RuntimeError(f'Database connect error. Failed to connect after {MAX_RETRIES} retries.')\n[Tests/test-postgres]   | E           RuntimeError: Database connect error. Failed to connect after 5 retries.\n[Tests/test-postgres]   | \n[Tests/test-postgres]   | /opt/hostedtoolcache/Python/3.8.11/x64/lib/python3.8/site-packages/alerta/database/backends/postgres/base.py:116: RuntimeError\n[Tests/test-postgres]   | ----------------------------- Captured stdout call -----------------------------\n[Tests/test-postgres]   | could not connect to server: Connection refused\n[Tests/test-postgres]   | \tIs the server running on host \"localhost\" (127.0.0.1) and accepting\n[Tests/test-postgres]   | \tTCP/IP connections on port 5432?\n[Tests/test-postgres]   | could not connect to server: Cannot assign requested address\n[Tests/test-postgres]   | \tIs the server running on host \"localhost\" (::1) and accepting\n[Tests/test-postgres]   | \tTCP/IP connections on port 5432?\n[Tests/test-postgres]   | \n[Tests/test-postgres]   | Retry attempt 1/5 (wait=2s)...\n[Tests/test-postgres]   | could not connect to server: Connection refused\n[Tests/test-postgres]   | \tIs the server running on host \"localhost\" (127.0.0.1) and accepting\n[Tests/test-postgres]   | \tTCP/IP connections on port 5432?\n[Tests/test-postgres]   | could not connect to server: Cannot assign requested address\n[Tests/test-postgres]   | \tIs the server running on host \"localhost\" (::1) and accepting\n[Tests/test-postgres]   | \tTCP/IP connections on port 5432?\n[Tests/test-postgres]   | \n[Tests/test-postgres]   | Retry attempt 2/5 (wait=4s)...\n[Tests/test-postgres]   | could not connect to server: Connection refused\n[Tests/test-postgres]   | \tIs the server running on host \"localhost\" (127.0.0.1) and accepting\n[Tests/test-postgres]   | \tTCP/IP connections on port 5432?\n[Tests/test-postgres]   | could not connect to server: Cannot assign requested address\n[Tests/test-postgres]   | \tIs the server running on host \"localhost\" (::1) and accepting\n[Tests/test-postgres]   | \tTCP/IP connections on port 5432?\n[Tests/test-postgres]   | \n[Tests/test-postgres]   | Retry attempt 3/5 (wait=8s)...\n[Tests/test-postgres]   | could not connect to server: Connection refused\n[Tests/test-postgres]   | \tIs the server running on host \"localhost\" (127.0.0.1) and accepting\n[Tests/test-postgres]   | \tTCP/IP connections on port 5432?\n[Tests/test-postgres]   | could not connect to server: Cannot assign requested address\n[Tests/test-postgres]   | \tIs the server running on host \"localhost\" (::1) and accepting\n[Tests/test-postgres]   | \tTCP/IP connections on port 5432?\n[Tests/test-postgres]   | \n[Tests/test-postgres]   | Retry attempt 4/5 (wait=16s)...\n[Tests/test-postgres]   | could not connect to server: Connection refused\n[Tests/test-postgres]   | \tIs the server running on host \"localhost\" (127.0.0.1) and accepting\n[Tests/test-postgres]   | \tTCP/IP connections on port 5432?\n[Tests/test-postgres]   | could not connect to server: Cannot assign requested address\n[Tests/test-postgres]   | \tIs the server running on host \"localhost\" (::1) and accepting\n[Tests/test-postgres]   | \tTCP/IP connections on port 5432?\n[Tests/test-postgres]   | \n[Tests/test-postgres]   | Retry attempt 5/5 (wait=32s)...\n[Tests/test-postgres]   | could not connect to server: Connection refused\n[Tests/test-postgres]   | \tIs the server running on host \"localhost\" (127.0.0.1) and accepting\n[Tests/test-postgres]   | \tTCP/IP connections on port 5432?\n[Tests/test-postgres]   | could not connect to server: Cannot assign requested address\n[Tests/test-postgres]   | \tIs the server running on host \"localhost\" (::1) and accepting\n[Tests/test-postgres]   | \tTCP/IP connections on port 5432?\n[Tests/test-postgres]   | \n[Tests/test-postgres]   | \n[Tests/test-postgres]   | ---------- coverage: platform linux, python 3.8.11-final-0 -----------\n[Tests/test-postgres]   | Name                            Stmts   Miss  Cover\n[Tests/test-postgres]   | ---------------------------------------------------\n[Tests/test-postgres]   | plugins/slack/alerta_slack.py     147    101    31%\n[Tests/test-postgres]   | plugins/slack/test_slack.py        35      8    77%\n[Tests/test-postgres]   | ---------------------------------------------------\n[Tests/test-postgres]   | TOTAL                             182    109    40%\n[Tests/test-postgres]   | \n[Tests/test-postgres]   | =========================== short test summary info ============================\n[Tests/test-postgres]   | FAILED plugins/slack/test_slack.py::SlackPluginTestCase::test_slack_plugin - RuntimeError: Database connect error. Failed to connect after 5 retries.\n[Tests/test-postgres]   | ========================= 1 failed in 63.32s (0:01:03) =========================\n[Tests/test-postgres]   \u274c  Failure - Main Unit Test Plugins\n[Tests/test-postgres] exitcode '1': failure\n[Tests/test-postgres] \u2b50 Run Main act10ns/slack@v2\n[Tests/test-postgres]   \ud83d\udc33  docker cp src=/home/andre-silva/.cache/act/act10ns-slack@v2/ dst=/var/run/act/actions/act10ns-slack@v2/\n[Tests/test-postgres]   \ud83d\udc33  docker exec cmd=[chown -R 1012:1000 /var/run/act/actions/act10ns-slack@v2/] user=0 workdir=\n[Tests/test-mongodb ]   \ud83d\udc33  docker exec cmd=[node /var/run/act/actions/act10ns-slack@v2/dist/index.js] user= workdir=\n[Tests/test-postgres]   \ud83d\udc33  docker exec cmd=[node /var/run/act/actions/act10ns-slack@v2/dist/index.js] user= workdir=\n[Tests/test-mongodb ]   \ud83d\udcac  ::debug::ACT = true\n[Tests/test-mongodb ]   \ud83d\udcac  ::debug::CI = true\n[Tests/test-mongodb ]   \ud83d\udcac  ::debug::DEBIAN_FRONTEND = noninteractive\n[Tests/test-mongodb ]   \ud83d\udcac  ::debug::GITHUB_ACTION = 7\n[Tests/test-mongodb ]   \ud83d\udcac  ::debug::GITHUB_ACTION_PATH = \n[Tests/test-mongodb ]   \ud83d\udcac  ::debug::GITHUB_ACTION_REF = v2\n[Tests/test-mongodb ]   \ud83d\udcac  ::debug::GITHUB_ACTION_REPOSITORY = act10ns/slack\n[Tests/test-mongodb ]   \ud83d\udcac  ::debug::GITHUB_ACTIONS = true\n[Tests/test-mongodb ]   \ud83d\udcac  ::debug::GITHUB_ACTOR = nektos/act\n[Tests/test-mongodb ]   \ud83d\udcac  ::debug::GITHUB_API_URL = https://api.github.com\n[Tests/test-mongodb ]   \ud83d\udcac  ::debug::GITHUB_BASE_REF = \n[Tests/test-mongodb ]   \ud83d\udcac  ::debug::GITHUB_ENV = /var/run/act/workflow/envs.txt\n[Tests/test-mongodb ]   \ud83d\udcac  ::debug::GITHUB_EVENT_NAME = push\n[Tests/test-mongodb ]   \ud83d\udcac  ::debug::GITHUB_EVENT_PATH = /var/run/act/workflow/event.json\n[Tests/test-mongodb ]   \ud83d\udcac  ::debug::GITHUB_GRAPHQL_URL = https://api.github.com/graphql\n[Tests/test-mongodb ]   \ud83d\udcac  ::debug::GITHUB_HEAD_REF = \n[Tests/test-mongodb ]   \ud83d\udcac  ::debug::GITHUB_JOB = test-mongodb\n[Tests/test-mongodb ]   \ud83d\udcac  ::debug::GITHUB_OUTPUT = /var/run/act/workflow/outputcmd.txt\n[Tests/test-mongodb ]   \ud83d\udcac  ::debug::GITHUB_PATH = /var/run/act/workflow/pathcmd.txt\n[Tests/test-mongodb ]   \ud83d\udcac  ::debug::GITHUB_REF = refs/heads/master\n[Tests/test-mongodb ]   \ud83d\udcac  ::debug::GITHUB_REF_NAME = master\n[Tests/test-mongodb ]   \ud83d\udcac  ::debug::GITHUB_REF_TYPE = branch\n[Tests/test-mongodb ]   \ud83d\udcac  ::debug::GITHUB_REPOSITORY = alerta/alerta-contrib\n[Tests/test-mongodb ]   \ud83d\udcac  ::debug::GITHUB_REPOSITORY_OWNER = alerta\n[Tests/test-mongodb ]   \ud83d\udcac  ::debug::GITHUB_RETENTION_DAYS = 0\n[Tests/test-mongodb ]   \ud83d\udcac  ::debug::GITHUB_RUN_ID = 1\n[Tests/test-mongodb ]   \ud83d\udcac  ::debug::GITHUB_RUN_NUMBER = 1\n[Tests/test-mongodb ]   \ud83d\udcac  ::debug::GITHUB_SERVER_URL = https://github.com\n[Tests/test-mongodb ]   \ud83d\udcac  ::debug::GITHUB_SHA = 4ba3682468fdd5308e964dc0097860edf8c7da15\n[Tests/test-mongodb ]   \ud83d\udcac  ::debug::GITHUB_STATE = /var/run/act/workflow/statecmd.txt\n[Tests/test-mongodb ]   \ud83d\udcac  ::debug::GITHUB_STEP_SUMMARY = /var/run/act/workflow/SUMMARY.md\n[Tests/test-mongodb ]   \ud83d\udcac  ::debug::GITHUB_TOKEN = \n[Tests/test-mongodb ]   \ud83d\udcac  ::debug::GITHUB_WORKFLOW = Tests\n[Tests/test-mongodb ]   \ud83d\udcac  ::debug::GITHUB_WORKSPACE = /tmp/de65f406-fe28-11ed-a890-af2cc187fc11/alerta-alerta-contrib\n[Tests/test-mongodb ]   \ud83d\udcac  ::debug::HOME = /home/runneradmin\n[Tests/test-mongodb ]   \ud83d\udcac  ::debug::HOSTNAME = 173bac049c9a\n[Tests/test-mongodb ]   \ud83d\udcac  ::debug::ImageOS = ubuntu20\n[Tests/test-mongodb ]   \ud83d\udcac  ::debug::INPUT_CHANNEL = \n[Tests/test-mongodb ]   \ud83d\udcac  ::debug::INPUT_CONFIG = .github/slack.yml\n[Tests/test-mongodb ]   \ud83d\udcac  ::debug::INPUT_MESSAGE = \n[Tests/test-mongodb ]   \ud83d\udcac  ::debug::INPUT_STATUS = failure\n[Tests/test-mongodb ]   \ud83d\udcac  ::debug::INPUT_STEPS = {%0A  \"0\": {%0A    \"outputs\": {},%0A    \"conclusion\": \"success\",%0A    \"outcome\": \"success\"%0A  },%0A  \"1\": {%0A    \"outputs\": {%0A      \"python-path\": \"/opt/hostedtoolcache/Python/3.8.11/x64/bin/python\",%0A      \"python-version\": \"3.8.11\"%0A    },%0A    \"conclusion\": \"success\",%0A    \"outcome\": \"success\"%0A  },%0A  \"7\": {%0A    \"outputs\": {},%0A    \"conclusion\": \"success\",%0A    \"outcome\": \"success\"%0A  },%0A  \"hooks\": {%0A    \"outputs\": {},%0A    \"conclusion\": \"success\",%0A    \"outcome\": \"success\"%0A  },%0A  \"install-deps\": {%0A    \"outputs\": {},%0A    \"conclusion\": \"success\",%0A    \"outcome\": \"success\"%0A  },%0A  \"lint\": {%0A    \"outputs\": {},%0A    \"conclusion\": \"success\",%0A    \"outcome\": \"success\"%0A  },%0A  \"unit-test-plugins\": {%0A    \"outputs\": {},%0A    \"conclusion\": \"failure\",%0A    \"outcome\": \"failure\"%0A  },%0A  \"unit-test-webhooks\": {%0A    \"outputs\": {},%0A    \"conclusion\": \"skipped\",%0A    \"outcome\": \"skipped\"%0A  }%0A}\n[Tests/test-mongodb ]   \ud83d\udcac  ::debug::INPUT_WEBHOOK-URL = \n[Tests/test-mongodb ]   \ud83d\udcac  ::debug::LANG = C.UTF-8\n[Tests/test-mongodb ]   \ud83d\udcac  ::debug::LD_LIBRARY_PATH = /opt/hostedtoolcache/Python/3.8.11/x64/lib\n[Tests/test-mongodb ]   \ud83d\udcac  ::debug::PATH = /opt/hostedtoolcache/Python/3.8.11/x64/bin:/opt/hostedtoolcache/Python/3.8.11/x64:/usr/local/sbin:/usr/local/bin:/usr/sbin:/usr/bin:/sbin:/bin\n[Tests/test-mongodb ]   \ud83d\udcac  ::debug::PKG_CONFIG_PATH = /opt/hostedtoolcache/Python/3.8.11/x64/lib/pkgconfig\n[Tests/test-mongodb ]   \ud83d\udcac  ::debug::Python_ROOT_DIR = /opt/hostedtoolcache/Python/3.8.11/x64\n[Tests/test-mongodb ]   \ud83d\udcac  ::debug::Python2_ROOT_DIR = /opt/hostedtoolcache/Python/3.8.11/x64\n[Tests/test-mongodb ]   \ud83d\udcac  ::debug::Python3_ROOT_DIR = /opt/hostedtoolcache/Python/3.8.11/x64\n[Tests/test-mongodb ]   \ud83d\udcac  ::debug::pythonLocation = /opt/hostedtoolcache/Python/3.8.11/x64\n[Tests/test-mongodb ]   \ud83d\udcac  ::debug::RUNNER_ARCH = X64\n[Tests/test-mongodb ]   \ud83d\udcac  ::debug::RUNNER_OS = Linux\n[Tests/test-mongodb ]   \ud83d\udcac  ::debug::RUNNER_PERFLOG = /dev/null\n[Tests/test-mongodb ]   \ud83d\udcac  ::debug::RUNNER_TEMP = /tmp\n[Tests/test-mongodb ]   \ud83d\udcac  ::debug::RUNNER_TOOL_CACHE = /opt/hostedtoolcache\n[Tests/test-mongodb ]   \ud83d\udcac  ::debug::RUNNER_TRACKING_ID = \n[Tests/test-mongodb ]   \ud83d\udcac  ::debug::SLACK_WEBHOOK_URL = \n[Tests/test-mongodb ]   \ud83d\udcac  ::debug::{}\n[Tests/test-mongodb ]   | Reading config file .github/slack.yml...\n[Tests/test-mongodb ]   \ud83d\udcac  ::debug::{}%0A\n[Tests/test-mongodb ]   \ud83d\udcac  ::debug::jobName: test-mongodb, jobStatus: FAILURE\n[Tests/test-mongodb ]   \ud83d\udcac  ::debug::channel: , message: \n[Tests/test-mongodb ]   \ud83d\udea7  ::warning::No \"SLACK_WEBHOOK_URL\"s secret or \"webhook-url\" input configured. Skip.\n[Tests/test-mongodb ]   \u2705  Success - Main act10ns/slack@v2\n[Tests/test-postgres]   \ud83d\udcac  ::debug::ACT = true\n[Tests/test-postgres]   \ud83d\udcac  ::debug::CI = true\n[Tests/test-postgres]   \ud83d\udcac  ::debug::DEBIAN_FRONTEND = noninteractive\n[Tests/test-postgres]   \ud83d\udcac  ::debug::GITHUB_ACTION = 7\n[Tests/test-postgres]   \ud83d\udcac  ::debug::GITHUB_ACTION_PATH = \n[Tests/test-postgres]   \ud83d\udcac  ::debug::GITHUB_ACTION_REF = v2\n[Tests/test-postgres]   \ud83d\udcac  ::debug::GITHUB_ACTION_REPOSITORY = act10ns/slack\n[Tests/test-postgres]   \ud83d\udcac  ::debug::GITHUB_ACTIONS = true\n[Tests/test-postgres]   \ud83d\udcac  ::debug::GITHUB_ACTOR = nektos/act\n[Tests/test-postgres]   \ud83d\udcac  ::debug::GITHUB_API_URL = https://api.github.com\n[Tests/test-postgres]   \ud83d\udcac  ::debug::GITHUB_BASE_REF = \n[Tests/test-postgres]   \ud83d\udcac  ::debug::GITHUB_ENV = /var/run/act/workflow/envs.txt\n[Tests/test-postgres]   \ud83d\udcac  ::debug::GITHUB_EVENT_NAME = push\n[Tests/test-postgres]   \ud83d\udcac  ::debug::GITHUB_EVENT_PATH = /var/run/act/workflow/event.json\n[Tests/test-postgres]   \ud83d\udcac  ::debug::GITHUB_GRAPHQL_URL = https://api.github.com/graphql\n[Tests/test-postgres]   \ud83d\udcac  ::debug::GITHUB_HEAD_REF = \n[Tests/test-postgres]   \ud83d\udcac  ::debug::GITHUB_JOB = test-postgres\n[Tests/test-postgres]   \ud83d\udcac  ::debug::GITHUB_OUTPUT = /var/run/act/workflow/outputcmd.txt\n[Tests/test-postgres]   \ud83d\udcac  ::debug::GITHUB_PATH = /var/run/act/workflow/pathcmd.txt\n[Tests/test-postgres]   \ud83d\udcac  ::debug::GITHUB_REF = refs/heads/master\n[Tests/test-postgres]   \ud83d\udcac  ::debug::GITHUB_REF_NAME = master\n[Tests/test-postgres]   \ud83d\udcac  ::debug::GITHUB_REF_TYPE = branch\n[Tests/test-postgres]   \ud83d\udcac  ::debug::GITHUB_REPOSITORY = alerta/alerta-contrib\n[Tests/test-postgres]   \ud83d\udcac  ::debug::GITHUB_REPOSITORY_OWNER = alerta\n[Tests/test-postgres]   \ud83d\udcac  ::debug::GITHUB_RETENTION_DAYS = 0\n[Tests/test-postgres]   \ud83d\udcac  ::debug::GITHUB_RUN_ID = 1\n[Tests/test-postgres]   \ud83d\udcac  ::debug::GITHUB_RUN_NUMBER = 1\n[Tests/test-postgres]   \ud83d\udcac  ::debug::GITHUB_SERVER_URL = https://github.com\n[Tests/test-postgres]   \ud83d\udcac  ::debug::GITHUB_SHA = 4ba3682468fdd5308e964dc0097860edf8c7da15\n[Tests/test-postgres]   \ud83d\udcac  ::debug::GITHUB_STATE = /var/run/act/workflow/statecmd.txt\n[Tests/test-postgres]   \ud83d\udcac  ::debug::GITHUB_STEP_SUMMARY = /var/run/act/workflow/SUMMARY.md\n[Tests/test-postgres]   \ud83d\udcac  ::debug::GITHUB_TOKEN = \n[Tests/test-postgres]   \ud83d\udcac  ::debug::GITHUB_WORKFLOW = Tests\n[Tests/test-postgres]   \ud83d\udcac  ::debug::GITHUB_WORKSPACE = /tmp/de65f406-fe28-11ed-a890-af2cc187fc11/alerta-alerta-contrib\n[Tests/test-postgres]   \ud83d\udcac  ::debug::HOME = /home/runneradmin\n[Tests/test-postgres]   \ud83d\udcac  ::debug::HOSTNAME = 406683ab908b\n[Tests/test-postgres]   \ud83d\udcac  ::debug::ImageOS = ubuntu20\n[Tests/test-postgres]   \ud83d\udcac  ::debug::INPUT_CHANNEL = \n[Tests/test-postgres]   \ud83d\udcac  ::debug::INPUT_CONFIG = .github/slack.yml\n[Tests/test-postgres]   \ud83d\udcac  ::debug::INPUT_MESSAGE = \n[Tests/test-postgres]   \ud83d\udcac  ::debug::INPUT_STATUS = failure\n[Tests/test-postgres]   \ud83d\udcac  ::debug::INPUT_STEPS = {%0A  \"0\": {%0A    \"outputs\": {},%0A    \"conclusion\": \"success\",%0A    \"outcome\": \"success\"%0A  },%0A  \"1\": {%0A    \"outputs\": {%0A      \"python-path\": \"/opt/hostedtoolcache/Python/3.8.11/x64/bin/python\",%0A      \"python-version\": \"3.8.11\"%0A    },%0A    \"conclusion\": \"success\",%0A    \"outcome\": \"success\"%0A  },%0A  \"7\": {%0A    \"outputs\": {},%0A    \"conclusion\": \"success\",%0A    \"outcome\": \"success\"%0A  },%0A  \"hooks\": {%0A    \"outputs\": {},%0A    \"conclusion\": \"success\",%0A    \"outcome\": \"success\"%0A  },%0A  \"install-deps\": {%0A    \"outputs\": {},%0A    \"conclusion\": \"success\",%0A    \"outcome\": \"success\"%0A  },%0A  \"lint\": {%0A    \"outputs\": {},%0A    \"conclusion\": \"success\",%0A    \"outcome\": \"success\"%0A  },%0A  \"unit-test-plugins\": {%0A    \"outputs\": {},%0A    \"conclusion\": \"failure\",%0A    \"outcome\": \"failure\"%0A  },%0A  \"unit-test-webhooks\": {%0A    \"outputs\": {},%0A    \"conclusion\": \"skipped\",%0A    \"outcome\": \"skipped\"%0A  }%0A}\n[Tests/test-postgres]   \ud83d\udcac  ::debug::INPUT_WEBHOOK-URL = \n[Tests/test-postgres]   \ud83d\udcac  ::debug::LANG = C.UTF-8\n[Tests/test-postgres]   \ud83d\udcac  ::debug::LD_LIBRARY_PATH = /opt/hostedtoolcache/Python/3.8.11/x64/lib\n[Tests/test-postgres]   \ud83d\udcac  ::debug::PATH = /opt/hostedtoolcache/Python/3.8.11/x64/bin:/opt/hostedtoolcache/Python/3.8.11/x64:/usr/local/sbin:/usr/local/bin:/usr/sbin:/usr/bin:/sbin:/bin\n[Tests/test-postgres]   \ud83d\udcac  ::debug::PKG_CONFIG_PATH = /opt/hostedtoolcache/Python/3.8.11/x64/lib/pkgconfig\n[Tests/test-postgres]   \ud83d\udcac  ::debug::Python_ROOT_DIR = /opt/hostedtoolcache/Python/3.8.11/x64\n[Tests/test-postgres]   \ud83d\udcac  ::debug::Python2_ROOT_DIR = /opt/hostedtoolcache/Python/3.8.11/x64\n[Tests/test-postgres]   \ud83d\udcac  ::debug::Python3_ROOT_DIR = /opt/hostedtoolcache/Python/3.8.11/x64\n[Tests/test-postgres]   \ud83d\udcac  ::debug::pythonLocation = /opt/hostedtoolcache/Python/3.8.11/x64\n[Tests/test-postgres]   \ud83d\udcac  ::debug::RUNNER_ARCH = X64\n[Tests/test-postgres]   \ud83d\udcac  ::debug::RUNNER_OS = Linux\n[Tests/test-postgres]   \ud83d\udcac  ::debug::RUNNER_PERFLOG = /dev/null\n[Tests/test-postgres]   \ud83d\udcac  ::debug::RUNNER_TEMP = /tmp\n[Tests/test-postgres]   \ud83d\udcac  ::debug::RUNNER_TOOL_CACHE = /opt/hostedtoolcache\n[Tests/test-postgres]   \ud83d\udcac  ::debug::RUNNER_TRACKING_ID = \n[Tests/test-postgres]   \ud83d\udcac  ::debug::SLACK_WEBHOOK_URL = \n[Tests/test-postgres]   \ud83d\udcac  ::debug::{}\n[Tests/test-postgres]   | Reading config file .github/slack.yml...\n[Tests/test-postgres]   \ud83d\udcac  ::debug::{}%0A\n[Tests/test-postgres]   \ud83d\udcac  ::debug::jobName: test-postgres, jobStatus: FAILURE\n[Tests/test-postgres]   \ud83d\udcac  ::debug::channel: , message: \n[Tests/test-postgres]   \ud83d\udea7  ::warning::No \"SLACK_WEBHOOK_URL\"s secret or \"webhook-url\" input configured. Skip.\n[Tests/test-postgres]   \u2705  Success - Main act10ns/slack@v2\n[Tests/test-mongodb ] \ud83c\udfc1  Job failed\n[Tests/test-postgres] \ud83c\udfc1  Job failed\n",
    "actions_stderr": "Error: Job 'test-mongodb' failed\n"
}