{
    "repository": "asfadmin/Discovery-asf_search",
    "clone_url": "https://github.com/asfadmin/Discovery-asf_search.git",
    "timestamp": "2023-05-29T16:21:43.789938Z",
    "clone_success": true,
    "number of actions": 5,
    "number_of_test_actions": 1,
    "actions_successful": false,
    "actions_stdout": "[tests/run-tests] \ud83d\ude80  Start image=crawlergpt:latest\n[tests/run-tests]   \ud83d\udc33  docker pull image=crawlergpt:latest platform= username= forcePull=false\n[tests/run-tests]   \ud83d\udc33  docker create image=crawlergpt:latest platform= entrypoint=[\"tail\" \"-f\" \"/dev/null\"] cmd=[]\n[tests/run-tests]   \ud83d\udc33  docker run image=crawlergpt:latest platform= entrypoint=[\"tail\" \"-f\" \"/dev/null\"] cmd=[]\n[tests/run-tests]   \ud83d\udc33  docker exec cmd=[chown -R 1012:1000 /tmp/de65f406-fe28-11ed-a890-af2cc187fc11/asfadmin-Discovery-asf_search] user=0 workdir=\n[tests/run-tests]   \u2601  git clone 'https://github.com/codecov/codecov-action' # ref=v3\n[tests/run-tests] \u2b50 Run Main actions/checkout@v2\n[tests/run-tests]   \u2705  Success - Main actions/checkout@v2\n[tests/run-tests] \u2b50 Run Main Install Dependencies\n[tests/run-tests]   \ud83d\udc33  docker exec cmd=[bash --noprofile --norc -e -o pipefail /var/run/act/workflow/1] user= workdir=\n[tests/run-tests]   | Collecting pip\n[tests/run-tests]   |   Downloading pip-23.1.2-py3-none-any.whl (2.1 MB)\n[tests/run-tests]   | Installing collected packages: pip\n[tests/run-tests]   |   WARNING: The scripts pip, pip3, pip3.10 and pip3.8 are installed in '/home/runneradmin/.local/bin' which is not on PATH.\n[tests/run-tests]   |   Consider adding this directory to PATH or, if you prefer to suppress this warning, use --no-warn-script-location.\n[tests/run-tests]   | Successfully installed pip-23.1.2\n[tests/run-tests]   | Defaulting to user installation because normal site-packages is not writeable\n[tests/run-tests]   | Processing /tmp/de65f406-fe28-11ed-a890-af2cc187fc11/asfadmin-Discovery-asf_search\n[tests/run-tests]   |   Installing build dependencies: started\n[tests/run-tests]   |   Installing build dependencies: finished with status 'done'\n[tests/run-tests]   |   Getting requirements to build wheel: started\n[tests/run-tests]   |   Getting requirements to build wheel: finished with status 'done'\n[tests/run-tests]   |   Preparing metadata (pyproject.toml): started\n[tests/run-tests]   |   Preparing metadata (pyproject.toml): finished with status 'done'\n[tests/run-tests]   | Requirement already satisfied: requests in /usr/lib/python3/dist-packages (from asf-search==6.4.0) (2.22.0)\n[tests/run-tests]   | Collecting shapely (from asf-search==6.4.0)\n[tests/run-tests]   |   Downloading shapely-2.0.1-cp38-cp38-manylinux_2_17_x86_64.manylinux2014_x86_64.whl (2.3 MB)\n[tests/run-tests]   |      \u2501\u2501\u2501\u2501\u2501\u2501\u2501\u2501\u2501\u2501\u2501\u2501\u2501\u2501\u2501\u2501\u2501\u2501\u2501\u2501\u2501\u2501\u2501\u2501\u2501\u2501\u2501\u2501\u2501\u2501\u2501\u2501\u2501\u2501\u2501\u2501\u2501\u2501\u2501\u2501 2.3/2.3 MB 29.1 MB/s eta 0:00:00\n[tests/run-tests]   | Collecting python-dateutil (from asf-search==6.4.0)\n[tests/run-tests]   |   Downloading python_dateutil-2.8.2-py2.py3-none-any.whl (247 kB)\n[tests/run-tests]   |      \u2501\u2501\u2501\u2501\u2501\u2501\u2501\u2501\u2501\u2501\u2501\u2501\u2501\u2501\u2501\u2501\u2501\u2501\u2501\u2501\u2501\u2501\u2501\u2501\u2501\u2501\u2501\u2501\u2501\u2501\u2501\u2501\u2501\u2501\u2501\u2501\u2501\u2501\u2501 247.7/247.7 kB 1.1 MB/s eta 0:00:00\n[tests/run-tests]   | Collecting pytz (from asf-search==6.4.0)\n[tests/run-tests]   |   Downloading pytz-2023.3-py2.py3-none-any.whl (502 kB)\n[tests/run-tests]   |      \u2501\u2501\u2501\u2501\u2501\u2501\u2501\u2501\u2501\u2501\u2501\u2501\u2501\u2501\u2501\u2501\u2501\u2501\u2501\u2501\u2501\u2501\u2501\u2501\u2501\u2501\u2501\u2501\u2501\u2501\u2501\u2501\u2501\u2501\u2501\u2501\u2501\u2501\u2501 502.3/502.3 kB 6.5 MB/s eta 0:00:00\n[tests/run-tests]   | Collecting importlib-metadata (from asf-search==6.4.0)\n[tests/run-tests]   |   Downloading importlib_metadata-6.6.0-py3-none-any.whl (22 kB)\n[tests/run-tests]   | Collecting numpy (from asf-search==6.4.0)\n[tests/run-tests]   |   Downloading numpy-1.24.3-cp38-cp38-manylinux_2_17_x86_64.manylinux2014_x86_64.whl (17.3 MB)\n[tests/run-tests]   |      \u2501\u2501\u2501\u2501\u2501\u2501\u2501\u2501\u2501\u2501\u2501\u2501\u2501\u2501\u2501\u2501\u2501\u2501\u2501\u2501\u2501\u2501\u2501\u2501\u2501\u2501\u2501\u2501\u2501\u2501\u2501\u2501\u2501\u2501\u2501\u2501\u2501\u2501\u2501\u2501 17.3/17.3 MB 10.7 MB/s eta 0:00:00\n[tests/run-tests]   | Collecting dateparser (from asf-search==6.4.0)\n[tests/run-tests]   |   Downloading dateparser-1.1.8-py2.py3-none-any.whl (293 kB)\n[tests/run-tests]   |      \u2501\u2501\u2501\u2501\u2501\u2501\u2501\u2501\u2501\u2501\u2501\u2501\u2501\u2501\u2501\u2501\u2501\u2501\u2501\u2501\u2501\u2501\u2501\u2501\u2501\u2501\u2501\u2501\u2501\u2501\u2501\u2501\u2501\u2501\u2501\u2501\u2501\u2501 293.8/293.8 kB 10.8 MB/s eta 0:00:00\n[tests/run-tests]   | Collecting remotezip>=0.10.0 (from asf-search==6.4.0)\n[tests/run-tests]   |   Downloading remotezip-0.12.1.tar.gz (7.5 kB)\n[tests/run-tests]   |   Preparing metadata (setup.py): started\n[tests/run-tests]   |   Preparing metadata (setup.py): finished with status 'done'\n[tests/run-tests]   | Collecting tenacity==8.2.2 (from asf-search==6.4.0)\n[tests/run-tests]   |   Downloading tenacity-8.2.2-py3-none-any.whl (24 kB)\n[tests/run-tests]   | Collecting pytest<7.2.0 (from asf-search==6.4.0)\n[tests/run-tests]   |   Downloading pytest-7.1.3-py3-none-any.whl (298 kB)\n[tests/run-tests]   |      \u2501\u2501\u2501\u2501\u2501\u2501\u2501\u2501\u2501\u2501\u2501\u2501\u2501\u2501\u2501\u2501\u2501\u2501\u2501\u2501\u2501\u2501\u2501\u2501\u2501\u2501\u2501\u2501\u2501\u2501\u2501\u2501\u2501\u2501\u2501\u2501\u2501\u2501\u2501 298.2/298.2 kB 4.7 MB/s eta 0:00:00\n[tests/run-tests]   | Collecting pytest-automation (from asf-search==6.4.0)\n[tests/run-tests]   |   Downloading pytest_automation-2.0.1-py3-none-any.whl (14 kB)\n[tests/run-tests]   | Collecting pytest-cov (from asf-search==6.4.0)\n[tests/run-tests]   |   Downloading pytest_cov-4.1.0-py3-none-any.whl (21 kB)\n[tests/run-tests]   | Collecting pytest-xdist (from asf-search==6.4.0)\n[tests/run-tests]   |   Downloading pytest_xdist-3.3.1-py3-none-any.whl (41 kB)\n[tests/run-tests]   |      \u2501\u2501\u2501\u2501\u2501\u2501\u2501\u2501\u2501\u2501\u2501\u2501\u2501\u2501\u2501\u2501\u2501\u2501\u2501\u2501\u2501\u2501\u2501\u2501\u2501\u2501\u2501\u2501\u2501\u2501\u2501\u2501\u2501\u2501\u2501\u2501\u2501\u2501\u2501\u2501 41.8/41.8 kB 2.0 MB/s eta 0:00:00\n[tests/run-tests]   | Collecting coverage (from asf-search==6.4.0)\n[tests/run-tests]   |   Downloading coverage-7.2.6-cp38-cp38-manylinux_2_5_x86_64.manylinux1_x86_64.manylinux_2_17_x86_64.manylinux2014_x86_64.whl (229 kB)\n[tests/run-tests]   |      \u2501\u2501\u2501\u2501\u2501\u2501\u2501\u2501\u2501\u2501\u2501\u2501\u2501\u2501\u2501\u2501\u2501\u2501\u2501\u2501\u2501\u2501\u2501\u2501\u2501\u2501\u2501\u2501\u2501\u2501\u2501\u2501\u2501\u2501\u2501\u2501\u2501\u2501\u2501 229.8/229.8 kB 6.3 MB/s eta 0:00:00\n[tests/run-tests]   | Collecting requests-mock (from asf-search==6.4.0)\n[tests/run-tests]   |   Downloading requests_mock-1.10.0-py2.py3-none-any.whl (28 kB)\n[tests/run-tests]   | Collecting nbformat (from asf-search==6.4.0)\n[tests/run-tests]   |   Downloading nbformat-5.8.0-py3-none-any.whl (77 kB)\n[tests/run-tests]   |      \u2501\u2501\u2501\u2501\u2501\u2501\u2501\u2501\u2501\u2501\u2501\u2501\u2501\u2501\u2501\u2501\u2501\u2501\u2501\u2501\u2501\u2501\u2501\u2501\u2501\u2501\u2501\u2501\u2501\u2501\u2501\u2501\u2501\u2501\u2501\u2501\u2501\u2501\u2501\u2501 77.4/77.4 kB 1.3 MB/s eta 0:00:00\n[tests/run-tests]   | Collecting nbconvert (from asf-search==6.4.0)\n[tests/run-tests]   |   Downloading nbconvert-7.4.0-py3-none-any.whl (285 kB)\n[tests/run-tests]   |      \u2501\u2501\u2501\u2501\u2501\u2501\u2501\u2501\u2501\u2501\u2501\u2501\u2501\u2501\u2501\u2501\u2501\u2501\u2501\u2501\u2501\u2501\u2501\u2501\u2501\u2501\u2501\u2501\u2501\u2501\u2501\u2501\u2501\u2501\u2501\u2501\u2501\u2501\u2501 285.9/285.9 kB 3.5 MB/s eta 0:00:00\n[tests/run-tests]   | Collecting ipykernel (from asf-search==6.4.0)\n[tests/run-tests]   |   Downloading ipykernel-6.23.1-py3-none-any.whl (152 kB)\n[tests/run-tests]   |      \u2501\u2501\u2501\u2501\u2501\u2501\u2501\u2501\u2501\u2501\u2501\u2501\u2501\u2501\u2501\u2501\u2501\u2501\u2501\u2501\u2501\u2501\u2501\u2501\u2501\u2501\u2501\u2501\u2501\u2501\u2501\u2501\u2501\u2501\u2501\u2501\u2501\u2501\u2501 152.2/152.2 kB 3.3 MB/s eta 0:00:00\n[tests/run-tests]   | Collecting attrs>=19.2.0 (from pytest<7.2.0->asf-search==6.4.0)\n[tests/run-tests]   |   Downloading attrs-23.1.0-py3-none-any.whl (61 kB)\n[tests/run-tests]   |      \u2501\u2501\u2501\u2501\u2501\u2501\u2501\u2501\u2501\u2501\u2501\u2501\u2501\u2501\u2501\u2501\u2501\u2501\u2501\u2501\u2501\u2501\u2501\u2501\u2501\u2501\u2501\u2501\u2501\u2501\u2501\u2501\u2501\u2501\u2501\u2501\u2501\u2501\u2501\u2501 61.2/61.2 kB 1.6 MB/s eta 0:00:00\n[tests/run-tests]   | Collecting iniconfig (from pytest<7.2.0->asf-search==6.4.0)\n[tests/run-tests]   |   Downloading iniconfig-2.0.0-py3-none-any.whl (5.9 kB)\n[tests/run-tests]   | Requirement already satisfied: packaging in /usr/local/lib/python3.8/dist-packages (from pytest<7.2.0->asf-search==6.4.0) (21.0)\n[tests/run-tests]   | Collecting pluggy<2.0,>=0.12 (from pytest<7.2.0->asf-search==6.4.0)\n[tests/run-tests]   |   Downloading pluggy-1.0.0-py2.py3-none-any.whl (13 kB)\n[tests/run-tests]   | Collecting py>=1.8.2 (from pytest<7.2.0->asf-search==6.4.0)\n[tests/run-tests]   |   Downloading py-1.11.0-py2.py3-none-any.whl (98 kB)\n[tests/run-tests]   |      \u2501\u2501\u2501\u2501\u2501\u2501\u2501\u2501\u2501\u2501\u2501\u2501\u2501\u2501\u2501\u2501\u2501\u2501\u2501\u2501\u2501\u2501\u2501\u2501\u2501\u2501\u2501\u2501\u2501\u2501\u2501\u2501\u2501\u2501\u2501\u2501\u2501\u2501\u2501\u2501 98.7/98.7 kB 1.0 MB/s eta 0:00:00\n[tests/run-tests]   | Collecting tomli>=1.0.0 (from pytest<7.2.0->asf-search==6.4.0)\n[tests/run-tests]   |   Using cached tomli-2.0.1-py3-none-any.whl (12 kB)\n[tests/run-tests]   | Collecting tabulate (from remotezip>=0.10.0->asf-search==6.4.0)\n[tests/run-tests]   |   Downloading tabulate-0.9.0-py3-none-any.whl (35 kB)\n[tests/run-tests]   | Collecting regex!=2019.02.19,!=2021.8.27 (from dateparser->asf-search==6.4.0)\n[tests/run-tests]   |   Downloading regex-2023.5.5-cp38-cp38-manylinux_2_17_x86_64.manylinux2014_x86_64.whl (771 kB)\n[tests/run-tests]   |      \u2501\u2501\u2501\u2501\u2501\u2501\u2501\u2501\u2501\u2501\u2501\u2501\u2501\u2501\u2501\u2501\u2501\u2501\u2501\u2501\u2501\u2501\u2501\u2501\u2501\u2501\u2501\u2501\u2501\u2501\u2501\u2501\u2501\u2501\u2501\u2501\u2501\u2501 771.9/771.9 kB 13.0 MB/s eta 0:00:00\n[tests/run-tests]   | Collecting tzlocal (from dateparser->asf-search==6.4.0)\n[tests/run-tests]   |   Downloading tzlocal-5.0.1-py3-none-any.whl (20 kB)\n[tests/run-tests]   | Collecting zipp>=0.5 (from importlib-metadata->asf-search==6.4.0)\n[tests/run-tests]   |   Downloading zipp-3.15.0-py3-none-any.whl (6.8 kB)\n[tests/run-tests]   | Collecting comm>=0.1.1 (from ipykernel->asf-search==6.4.0)\n[tests/run-tests]   |   Downloading comm-0.1.3-py3-none-any.whl (6.6 kB)\n[tests/run-tests]   | Collecting debugpy>=1.6.5 (from ipykernel->asf-search==6.4.0)\n[tests/run-tests]   |   Downloading debugpy-1.6.7-cp38-cp38-manylinux_2_17_x86_64.manylinux2014_x86_64.whl (3.1 MB)\n[tests/run-tests]   |      \u2501\u2501\u2501\u2501\u2501\u2501\u2501\u2501\u2501\u2501\u2501\u2501\u2501\u2501\u2501\u2501\u2501\u2501\u2501\u2501\u2501\u2501\u2501\u2501\u2501\u2501\u2501\u2501\u2501\u2501\u2501\u2501\u2501\u2501\u2501\u2501\u2501\u2501\u2501\u2501 3.1/3.1 MB 9.4 MB/s eta 0:00:00\n[tests/run-tests]   | Collecting ipython>=7.23.1 (from ipykernel->asf-search==6.4.0)\n[tests/run-tests]   |   Downloading ipython-8.12.2-py3-none-any.whl (797 kB)\n[tests/run-tests]   |      \u2501\u2501\u2501\u2501\u2501\u2501\u2501\u2501\u2501\u2501\u2501\u2501\u2501\u2501\u2501\u2501\u2501\u2501\u2501\u2501\u2501\u2501\u2501\u2501\u2501\u2501\u2501\u2501\u2501\u2501\u2501\u2501\u2501\u2501\u2501\u2501\u2501\u2501 797.8/797.8 kB 16.2 MB/s eta 0:00:00\n[tests/run-tests]   | Collecting jupyter-client>=6.1.12 (from ipykernel->asf-search==6.4.0)\n[tests/run-tests]   |   Downloading jupyter_client-8.2.0-py3-none-any.whl (103 kB)\n[tests/run-tests]   |      \u2501\u2501\u2501\u2501\u2501\u2501\u2501\u2501\u2501\u2501\u2501\u2501\u2501\u2501\u2501\u2501\u2501\u2501\u2501\u2501\u2501\u2501\u2501\u2501\u2501\u2501\u2501\u2501\u2501\u2501\u2501\u2501\u2501\u2501\u2501\u2501\u2501\u2501\u2501 103.2/103.2 kB 5.4 MB/s eta 0:00:00\n[tests/run-tests]   | Collecting jupyter-core!=5.0.*,>=4.12 (from ipykernel->asf-search==6.4.0)\n[tests/run-tests]   |   Downloading jupyter_core-5.3.0-py3-none-any.whl (93 kB)\n[tests/run-tests]   |      \u2501\u2501\u2501\u2501\u2501\u2501\u2501\u2501\u2501\u2501\u2501\u2501\u2501\u2501\u2501\u2501\u2501\u2501\u2501\u2501\u2501\u2501\u2501\u2501\u2501\u2501\u2501\u2501\u2501\u2501\u2501\u2501\u2501\u2501\u2501\u2501\u2501\u2501\u2501\u2501 93.2/93.2 kB 1.4 MB/s eta 0:00:00\n[tests/run-tests]   | Collecting matplotlib-inline>=0.1 (from ipykernel->asf-search==6.4.0)\n[tests/run-tests]   |   Downloading matplotlib_inline-0.1.6-py3-none-any.whl (9.4 kB)\n[tests/run-tests]   | Collecting nest-asyncio (from ipykernel->asf-search==6.4.0)\n[tests/run-tests]   |   Downloading nest_asyncio-1.5.6-py3-none-any.whl (5.2 kB)\n[tests/run-tests]   | Collecting psutil (from ipykernel->asf-search==6.4.0)\n[tests/run-tests]   |   Downloading psutil-5.9.5-cp36-abi3-manylinux_2_12_x86_64.manylinux2010_x86_64.manylinux_2_17_x86_64.manylinux2014_x86_64.whl (282 kB)\n[tests/run-tests]   |      \u2501\u2501\u2501\u2501\u2501\u2501\u2501\u2501\u2501\u2501\u2501\u2501\u2501\u2501\u2501\u2501\u2501\u2501\u2501\u2501\u2501\u2501\u2501\u2501\u2501\u2501\u2501\u2501\u2501\u2501\u2501\u2501\u2501\u2501\u2501\u2501\u2501\u2501\u2501 282.1/282.1 kB 7.6 MB/s eta 0:00:00\n[tests/run-tests]   | Collecting pyzmq>=20 (from ipykernel->asf-search==6.4.0)\n[tests/run-tests]   |   Downloading pyzmq-25.1.0-cp38-cp38-manylinux_2_12_x86_64.manylinux2010_x86_64.whl (1.1 MB)\n[tests/run-tests]   |      \u2501\u2501\u2501\u2501\u2501\u2501\u2501\u2501\u2501\u2501\u2501\u2501\u2501\u2501\u2501\u2501\u2501\u2501\u2501\u2501\u2501\u2501\u2501\u2501\u2501\u2501\u2501\u2501\u2501\u2501\u2501\u2501\u2501\u2501\u2501\u2501\u2501\u2501\u2501\u2501 1.1/1.1 MB 1.9 MB/s eta 0:00:00\n[tests/run-tests]   | Collecting tornado>=6.1 (from ipykernel->asf-search==6.4.0)\n[tests/run-tests]   |   Downloading tornado-6.3.2-cp38-abi3-manylinux_2_5_x86_64.manylinux1_x86_64.manylinux_2_17_x86_64.manylinux2014_x86_64.whl (426 kB)\n[tests/run-tests]   |      \u2501\u2501\u2501\u2501\u2501\u2501\u2501\u2501\u2501\u2501\u2501\u2501\u2501\u2501\u2501\u2501\u2501\u2501\u2501\u2501\u2501\u2501\u2501\u2501\u2501\u2501\u2501\u2501\u2501\u2501\u2501\u2501\u2501\u2501\u2501\u2501\u2501\u2501\u2501 426.9/426.9 kB 2.7 MB/s eta 0:00:00\n[tests/run-tests]   | Collecting traitlets>=5.4.0 (from ipykernel->asf-search==6.4.0)\n[tests/run-tests]   |   Downloading traitlets-5.9.0-py3-none-any.whl (117 kB)\n[tests/run-tests]   |      \u2501\u2501\u2501\u2501\u2501\u2501\u2501\u2501\u2501\u2501\u2501\u2501\u2501\u2501\u2501\u2501\u2501\u2501\u2501\u2501\u2501\u2501\u2501\u2501\u2501\u2501\u2501\u2501\u2501\u2501\u2501\u2501\u2501\u2501\u2501\u2501\u2501\u2501\u2501 117.4/117.4 kB 2.4 MB/s eta 0:00:00\n[tests/run-tests]   | Collecting beautifulsoup4 (from nbconvert->asf-search==6.4.0)\n[tests/run-tests]   |   Downloading beautifulsoup4-4.12.2-py3-none-any.whl (142 kB)\n[tests/run-tests]   |      \u2501\u2501\u2501\u2501\u2501\u2501\u2501\u2501\u2501\u2501\u2501\u2501\u2501\u2501\u2501\u2501\u2501\u2501\u2501\u2501\u2501\u2501\u2501\u2501\u2501\u2501\u2501\u2501\u2501\u2501\u2501\u2501\u2501\u2501\u2501\u2501\u2501\u2501\u2501 143.0/143.0 kB 7.3 MB/s eta 0:00:00\n[tests/run-tests]   | Collecting bleach (from nbconvert->asf-search==6.4.0)\n[tests/run-tests]   |   Downloading bleach-6.0.0-py3-none-any.whl (162 kB)\n[tests/run-tests]   |      \u2501\u2501\u2501\u2501\u2501\u2501\u2501\u2501\u2501\u2501\u2501\u2501\u2501\u2501\u2501\u2501\u2501\u2501\u2501\u2501\u2501\u2501\u2501\u2501\u2501\u2501\u2501\u2501\u2501\u2501\u2501\u2501\u2501\u2501\u2501\u2501\u2501\u2501\u2501 162.5/162.5 kB 7.6 MB/s eta 0:00:00\n[tests/run-tests]   | Collecting defusedxml (from nbconvert->asf-search==6.4.0)\n[tests/run-tests]   |   Downloading defusedxml-0.7.1-py2.py3-none-any.whl (25 kB)\n[tests/run-tests]   | Collecting jinja2>=3.0 (from nbconvert->asf-search==6.4.0)\n[tests/run-tests]   |   Downloading Jinja2-3.1.2-py3-none-any.whl (133 kB)\n[tests/run-tests]   |      \u2501\u2501\u2501\u2501\u2501\u2501\u2501\u2501\u2501\u2501\u2501\u2501\u2501\u2501\u2501\u2501\u2501\u2501\u2501\u2501\u2501\u2501\u2501\u2501\u2501\u2501\u2501\u2501\u2501\u2501\u2501\u2501\u2501\u2501\u2501\u2501\u2501\u2501\u2501 133.1/133.1 kB 3.2 MB/s eta 0:00:00\n[tests/run-tests]   | Collecting jupyterlab-pygments (from nbconvert->asf-search==6.4.0)\n[tests/run-tests]   |   Downloading jupyterlab_pygments-0.2.2-py2.py3-none-any.whl (21 kB)\n[tests/run-tests]   | Collecting markupsafe>=2.0 (from nbconvert->asf-search==6.4.0)\n[tests/run-tests]   |   Downloading MarkupSafe-2.1.2-cp38-cp38-manylinux_2_17_x86_64.manylinux2014_x86_64.whl (25 kB)\n[tests/run-tests]   | Collecting mistune<3,>=2.0.3 (from nbconvert->asf-search==6.4.0)\n[tests/run-tests]   |   Downloading mistune-2.0.5-py2.py3-none-any.whl (24 kB)\n[tests/run-tests]   | Collecting nbclient>=0.5.0 (from nbconvert->asf-search==6.4.0)\n[tests/run-tests]   |   Downloading nbclient-0.8.0-py3-none-any.whl (73 kB)\n[tests/run-tests]   |      \u2501\u2501\u2501\u2501\u2501\u2501\u2501\u2501\u2501\u2501\u2501\u2501\u2501\u2501\u2501\u2501\u2501\u2501\u2501\u2501\u2501\u2501\u2501\u2501\u2501\u2501\u2501\u2501\u2501\u2501\u2501\u2501\u2501\u2501\u2501\u2501\u2501\u2501\u2501\u2501 73.1/73.1 kB 2.7 MB/s eta 0:00:00\n[tests/run-tests]   | Collecting pandocfilters>=1.4.1 (from nbconvert->asf-search==6.4.0)\n[tests/run-tests]   |   Downloading pandocfilters-1.5.0-py2.py3-none-any.whl (8.7 kB)\n[tests/run-tests]   | Collecting pygments>=2.4.1 (from nbconvert->asf-search==6.4.0)\n[tests/run-tests]   |   Downloading Pygments-2.15.1-py3-none-any.whl (1.1 MB)\n[tests/run-tests]   |      \u2501\u2501\u2501\u2501\u2501\u2501\u2501\u2501\u2501\u2501\u2501\u2501\u2501\u2501\u2501\u2501\u2501\u2501\u2501\u2501\u2501\u2501\u2501\u2501\u2501\u2501\u2501\u2501\u2501\u2501\u2501\u2501\u2501\u2501\u2501\u2501\u2501\u2501\u2501\u2501 1.1/1.1 MB 14.3 MB/s eta 0:00:00\n[tests/run-tests]   | Collecting tinycss2 (from nbconvert->asf-search==6.4.0)\n[tests/run-tests]   |   Downloading tinycss2-1.2.1-py3-none-any.whl (21 kB)\n[tests/run-tests]   | Collecting fastjsonschema (from nbformat->asf-search==6.4.0)\n[tests/run-tests]   |   Downloading fastjsonschema-2.17.1-py3-none-any.whl (23 kB)\n[tests/run-tests]   | Collecting jsonschema>=2.6 (from nbformat->asf-search==6.4.0)\n[tests/run-tests]   |   Downloading jsonschema-4.17.3-py3-none-any.whl (90 kB)\n[tests/run-tests]   |      \u2501\u2501\u2501\u2501\u2501\u2501\u2501\u2501\u2501\u2501\u2501\u2501\u2501\u2501\u2501\u2501\u2501\u2501\u2501\u2501\u2501\u2501\u2501\u2501\u2501\u2501\u2501\u2501\u2501\u2501\u2501\u2501\u2501\u2501\u2501\u2501\u2501\u2501\u2501\u2501 90.4/90.4 kB 4.2 MB/s eta 0:00:00\n[tests/run-tests]   | Requirement already satisfied: PyYAML in /usr/lib/python3/dist-packages (from pytest-automation->asf-search==6.4.0) (5.3.1)\n[tests/run-tests]   | Collecting execnet>=1.1 (from pytest-xdist->asf-search==6.4.0)\n[tests/run-tests]   |   Downloading execnet-1.9.0-py2.py3-none-any.whl (39 kB)\n[tests/run-tests]   | Requirement already satisfied: six>=1.5 in /usr/lib/python3/dist-packages (from python-dateutil->asf-search==6.4.0) (1.14.0)\n[tests/run-tests]   | Collecting backcall (from ipython>=7.23.1->ipykernel->asf-search==6.4.0)\n[tests/run-tests]   |   Downloading backcall-0.2.0-py2.py3-none-any.whl (11 kB)\n[tests/run-tests]   | Collecting decorator (from ipython>=7.23.1->ipykernel->asf-search==6.4.0)\n[tests/run-tests]   |   Downloading decorator-5.1.1-py3-none-any.whl (9.1 kB)\n[tests/run-tests]   | Collecting jedi>=0.16 (from ipython>=7.23.1->ipykernel->asf-search==6.4.0)\n[tests/run-tests]   |   Downloading jedi-0.18.2-py2.py3-none-any.whl (1.6 MB)\n[tests/run-tests]   |      \u2501\u2501\u2501\u2501\u2501\u2501\u2501\u2501\u2501\u2501\u2501\u2501\u2501\u2501\u2501\u2501\u2501\u2501\u2501\u2501\u2501\u2501\u2501\u2501\u2501\u2501\u2501\u2501\u2501\u2501\u2501\u2501\u2501\u2501\u2501\u2501\u2501\u2501\u2501\u2501 1.6/1.6 MB 10.5 MB/s eta 0:00:00\n[tests/run-tests]   | Collecting pickleshare (from ipython>=7.23.1->ipykernel->asf-search==6.4.0)\n[tests/run-tests]   |   Downloading pickleshare-0.7.5-py2.py3-none-any.whl (6.9 kB)\n[tests/run-tests]   | Collecting prompt-toolkit!=3.0.37,<3.1.0,>=3.0.30 (from ipython>=7.23.1->ipykernel->asf-search==6.4.0)\n[tests/run-tests]   |   Downloading prompt_toolkit-3.0.38-py3-none-any.whl (385 kB)\n[tests/run-tests]   |      \u2501\u2501\u2501\u2501\u2501\u2501\u2501\u2501\u2501\u2501\u2501\u2501\u2501\u2501\u2501\u2501\u2501\u2501\u2501\u2501\u2501\u2501\u2501\u2501\u2501\u2501\u2501\u2501\u2501\u2501\u2501\u2501\u2501\u2501\u2501\u2501\u2501\u2501 385.8/385.8 kB 25.2 MB/s eta 0:00:00\n[tests/run-tests]   | Collecting stack-data (from ipython>=7.23.1->ipykernel->asf-search==6.4.0)\n[tests/run-tests]   |   Downloading stack_data-0.6.2-py3-none-any.whl (24 kB)\n[tests/run-tests]   | Collecting typing-extensions (from ipython>=7.23.1->ipykernel->asf-search==6.4.0)\n[tests/run-tests]   |   Using cached typing_extensions-4.6.2-py3-none-any.whl (31 kB)\n[tests/run-tests]   | Collecting pexpect>4.3 (from ipython>=7.23.1->ipykernel->asf-search==6.4.0)\n[tests/run-tests]   |   Downloading pexpect-4.8.0-py2.py3-none-any.whl (59 kB)\n[tests/run-tests]   |      \u2501\u2501\u2501\u2501\u2501\u2501\u2501\u2501\u2501\u2501\u2501\u2501\u2501\u2501\u2501\u2501\u2501\u2501\u2501\u2501\u2501\u2501\u2501\u2501\u2501\u2501\u2501\u2501\u2501\u2501\u2501\u2501\u2501\u2501\u2501\u2501\u2501\u2501\u2501 59.0/59.0 kB 503.3 kB/s eta 0:00:00\n[tests/run-tests]   | Collecting importlib-resources>=1.4.0 (from jsonschema>=2.6->nbformat->asf-search==6.4.0)\n[tests/run-tests]   |   Downloading importlib_resources-5.12.0-py3-none-any.whl (36 kB)\n[tests/run-tests]   | Collecting pkgutil-resolve-name>=1.3.10 (from jsonschema>=2.6->nbformat->asf-search==6.4.0)\n[tests/run-tests]   |   Downloading pkgutil_resolve_name-1.3.10-py3-none-any.whl (4.7 kB)\n[tests/run-tests]   | Collecting pyrsistent!=0.17.0,!=0.17.1,!=0.17.2,>=0.14.0 (from jsonschema>=2.6->nbformat->asf-search==6.4.0)\n[tests/run-tests]   |   Downloading pyrsistent-0.19.3-py3-none-any.whl (57 kB)\n[tests/run-tests]   |      \u2501\u2501\u2501\u2501\u2501\u2501\u2501\u2501\u2501\u2501\u2501\u2501\u2501\u2501\u2501\u2501\u2501\u2501\u2501\u2501\u2501\u2501\u2501\u2501\u2501\u2501\u2501\u2501\u2501\u2501\u2501\u2501\u2501\u2501\u2501\u2501\u2501\u2501\u2501 57.5/57.5 kB 453.8 kB/s eta 0:00:00\n[tests/run-tests]   | Collecting platformdirs>=2.5 (from jupyter-core!=5.0.*,>=4.12->ipykernel->asf-search==6.4.0)\n[tests/run-tests]   |   Downloading platformdirs-3.5.1-py3-none-any.whl (15 kB)\n[tests/run-tests]   | Collecting soupsieve>1.2 (from beautifulsoup4->nbconvert->asf-search==6.4.0)\n[tests/run-tests]   |   Downloading soupsieve-2.4.1-py3-none-any.whl (36 kB)\n[tests/run-tests]   | Collecting webencodings (from bleach->nbconvert->asf-search==6.4.0)\n[tests/run-tests]   |   Downloading webencodings-0.5.1-py2.py3-none-any.whl (11 kB)\n[tests/run-tests]   | Requirement already satisfied: pyparsing>=2.0.2 in /usr/local/lib/python3.8/dist-packages (from packaging->pytest<7.2.0->asf-search==6.4.0) (2.4.7)\n[tests/run-tests]   | Collecting backports.zoneinfo (from tzlocal->dateparser->asf-search==6.4.0)\n[tests/run-tests]   |   Downloading backports.zoneinfo-0.2.1-cp38-cp38-manylinux1_x86_64.whl (74 kB)\n[tests/run-tests]   |      \u2501\u2501\u2501\u2501\u2501\u2501\u2501\u2501\u2501\u2501\u2501\u2501\u2501\u2501\u2501\u2501\u2501\u2501\u2501\u2501\u2501\u2501\u2501\u2501\u2501\u2501\u2501\u2501\u2501\u2501\u2501\u2501\u2501\u2501\u2501\u2501\u2501\u2501\u2501\u2501 74.0/74.0 kB 1.7 MB/s eta 0:00:00\n[tests/run-tests]   | Collecting parso<0.9.0,>=0.8.0 (from jedi>=0.16->ipython>=7.23.1->ipykernel->asf-search==6.4.0)\n[tests/run-tests]   |   Downloading parso-0.8.3-py2.py3-none-any.whl (100 kB)\n[tests/run-tests]   |      \u2501\u2501\u2501\u2501\u2501\u2501\u2501\u2501\u2501\u2501\u2501\u2501\u2501\u2501\u2501\u2501\u2501\u2501\u2501\u2501\u2501\u2501\u2501\u2501\u2501\u2501\u2501\u2501\u2501\u2501\u2501\u2501\u2501\u2501\u2501\u2501\u2501\u2501\u2501 100.8/100.8 kB 2.3 MB/s eta 0:00:00\n[tests/run-tests]   | Collecting ptyprocess>=0.5 (from pexpect>4.3->ipython>=7.23.1->ipykernel->asf-search==6.4.0)\n[tests/run-tests]   |   Downloading ptyprocess-0.7.0-py2.py3-none-any.whl (13 kB)\n[tests/run-tests]   | Collecting wcwidth (from prompt-toolkit!=3.0.37,<3.1.0,>=3.0.30->ipython>=7.23.1->ipykernel->asf-search==6.4.0)\n[tests/run-tests]   |   Downloading wcwidth-0.2.6-py2.py3-none-any.whl (29 kB)\n[tests/run-tests]   | Collecting executing>=1.2.0 (from stack-data->ipython>=7.23.1->ipykernel->asf-search==6.4.0)\n[tests/run-tests]   |   Downloading executing-1.2.0-py2.py3-none-any.whl (24 kB)\n[tests/run-tests]   | Collecting asttokens>=2.1.0 (from stack-data->ipython>=7.23.1->ipykernel->asf-search==6.4.0)\n[tests/run-tests]   |   Downloading asttokens-2.2.1-py2.py3-none-any.whl (26 kB)\n[tests/run-tests]   | Collecting pure-eval (from stack-data->ipython>=7.23.1->ipykernel->asf-search==6.4.0)\n[tests/run-tests]   |   Downloading pure_eval-0.2.2-py3-none-any.whl (11 kB)\n[tests/run-tests]   | Building wheels for collected packages: remotezip, asf-search\n[tests/run-tests]   |   Building wheel for remotezip (setup.py): started\n[tests/run-tests]   |   Building wheel for remotezip (setup.py): finished with status 'done'\n[tests/run-tests]   |   Created wheel for remotezip: filename=remotezip-0.12.1-py3-none-any.whl size=7935 sha256=0b335e9e3257c4b28d7f39c1ab7b75525c85411f9a8fa2eccc33d6f57262c85c\n[tests/run-tests]   |   Stored in directory: /home/runneradmin/.cache/pip/wheels/36/69/50/7b5a7fd4fda1cbb85c080b1c05cbbd2f88ac6a665260910b13\n[tests/run-tests]   |   Building wheel for asf-search (pyproject.toml): started\n[tests/run-tests]   |   Building wheel for asf-search (pyproject.toml): finished with status 'done'\n[tests/run-tests]   |   Created wheel for asf-search: filename=asf_search-6.4.0-py3-none-any.whl size=60473 sha256=ad5711e1d7fe8967c5dd8263dc58f77186fd52c60c077555273fa0564521c8a1\n[tests/run-tests]   |   Stored in directory: /home/runneradmin/.cache/pip/wheels/97/d9/08/575312e25a130d44467ca2989bc4f2cb8c92e5550e04af0e78\n[tests/run-tests]   | Successfully built remotezip asf-search\n[tests/run-tests]   | Installing collected packages: webencodings, wcwidth, pytz, pure-eval, ptyprocess, pickleshare, mistune, fastjsonschema, executing, backcall, zipp, typing-extensions, traitlets, tornado, tomli, tinycss2, tenacity, tabulate, soupsieve, requests-mock, regex, pyzmq, python-dateutil, pyrsistent, pygments, py, psutil, prompt-toolkit, pluggy, platformdirs, pkgutil-resolve-name, pexpect, parso, pandocfilters, numpy, nest-asyncio, markupsafe, jupyterlab-pygments, iniconfig, execnet, defusedxml, decorator, debugpy, coverage, bleach, backports.zoneinfo, attrs, asttokens, tzlocal, stack-data, shapely, remotezip, pytest, matplotlib-inline, jupyter-core, jinja2, jedi, importlib-resources, importlib-metadata, comm, beautifulsoup4, pytest-xdist, pytest-cov, pytest-automation, jupyter-client, jsonschema, ipython, dateparser, nbformat, ipykernel, asf-search, nbclient, nbconvert\n[tests/run-tests]   |   WARNING: The script tabulate is installed in '/home/runneradmin/.local/bin' which is not on PATH.\n[tests/run-tests]   |   Consider adding this directory to PATH or, if you prefer to suppress this warning, use --no-warn-script-location.\n[tests/run-tests]   |   WARNING: The script pygmentize is installed in '/home/runneradmin/.local/bin' which is not on PATH.\n[tests/run-tests]   |   Consider adding this directory to PATH or, if you prefer to suppress this warning, use --no-warn-script-location.\n[tests/run-tests]   |   WARNING: The scripts f2py, f2py3 and f2py3.8 are installed in '/home/runneradmin/.local/bin' which is not on PATH.\n[tests/run-tests]   |   Consider adding this directory to PATH or, if you prefer to suppress this warning, use --no-warn-script-location.\n[tests/run-tests]   |   WARNING: The scripts coverage, coverage-3.8 and coverage3 are installed in '/home/runneradmin/.local/bin' which is not on PATH.\n[tests/run-tests]   |   Consider adding this directory to PATH or, if you prefer to suppress this warning, use --no-warn-script-location.\n[tests/run-tests]   |   WARNING: The scripts py.test and pytest are installed in '/home/runneradmin/.local/bin' which is not on PATH.\n[tests/run-tests]   |   Consider adding this directory to PATH or, if you prefer to suppress this warning, use --no-warn-script-location.\n[tests/run-tests]   |   WARNING: The scripts jupyter, jupyter-migrate and jupyter-troubleshoot are installed in '/home/runneradmin/.local/bin' which is not on PATH.\n[tests/run-tests]   |   Consider adding this directory to PATH or, if you prefer to suppress this warning, use --no-warn-script-location.\n[tests/run-tests]   |   WARNING: The scripts jupyter-kernel, jupyter-kernelspec and jupyter-run are installed in '/home/runneradmin/.local/bin' which is not on PATH.\n[tests/run-tests]   |   Consider adding this directory to PATH or, if you prefer to suppress this warning, use --no-warn-script-location.\n[tests/run-tests]   |   WARNING: The script jsonschema is installed in '/home/runneradmin/.local/bin' which is not on PATH.\n[tests/run-tests]   |   Consider adding this directory to PATH or, if you prefer to suppress this warning, use --no-warn-script-location.\n[tests/run-tests]   |   WARNING: The scripts ipython and ipython3 are installed in '/home/runneradmin/.local/bin' which is not on PATH.\n[tests/run-tests]   |   Consider adding this directory to PATH or, if you prefer to suppress this warning, use --no-warn-script-location.\n[tests/run-tests]   |   WARNING: The script dateparser-download is installed in '/home/runneradmin/.local/bin' which is not on PATH.\n[tests/run-tests]   |   Consider adding this directory to PATH or, if you prefer to suppress this warning, use --no-warn-script-location.\n[tests/run-tests]   |   WARNING: The script jupyter-trust is installed in '/home/runneradmin/.local/bin' which is not on PATH.\n[tests/run-tests]   |   Consider adding this directory to PATH or, if you prefer to suppress this warning, use --no-warn-script-location.\n[tests/run-tests]   |   WARNING: The script jupyter-execute is installed in '/home/runneradmin/.local/bin' which is not on PATH.\n[tests/run-tests]   |   Consider adding this directory to PATH or, if you prefer to suppress this warning, use --no-warn-script-location.\n[tests/run-tests]   |   WARNING: The scripts jupyter-dejavu and jupyter-nbconvert are installed in '/home/runneradmin/.local/bin' which is not on PATH.\n[tests/run-tests]   |   Consider adding this directory to PATH or, if you prefer to suppress this warning, use --no-warn-script-location.\n[tests/run-tests]   | Successfully installed asf-search-6.4.0 asttokens-2.2.1 attrs-23.1.0 backcall-0.2.0 backports.zoneinfo-0.2.1 beautifulsoup4-4.12.2 bleach-6.0.0 comm-0.1.3 coverage-7.2.6 dateparser-1.1.8 debugpy-1.6.7 decorator-5.1.1 defusedxml-0.7.1 execnet-1.9.0 executing-1.2.0 fastjsonschema-2.17.1 importlib-metadata-6.6.0 importlib-resources-5.12.0 iniconfig-2.0.0 ipykernel-6.23.1 ipython-8.12.2 jedi-0.18.2 jinja2-3.1.2 jsonschema-4.17.3 jupyter-client-8.2.0 jupyter-core-5.3.0 jupyterlab-pygments-0.2.2 markupsafe-2.1.2 matplotlib-inline-0.1.6 mistune-2.0.5 nbclient-0.8.0 nbconvert-7.4.0 nbformat-5.8.0 nest-asyncio-1.5.6 numpy-1.24.3 pandocfilters-1.5.0 parso-0.8.3 pexpect-4.8.0 pickleshare-0.7.5 pkgutil-resolve-name-1.3.10 platformdirs-3.5.1 pluggy-1.0.0 prompt-toolkit-3.0.38 psutil-5.9.5 ptyprocess-0.7.0 pure-eval-0.2.2 py-1.11.0 pygments-2.15.1 pyrsistent-0.19.3 pytest-7.1.3 pytest-automation-2.0.1 pytest-cov-4.1.0 pytest-xdist-3.3.1 python-dateutil-2.8.2 pytz-2023.3 pyzmq-25.1.0 regex-2023.5.5 remotezip-0.12.1 requests-mock-1.10.0 shapely-2.0.1 soupsieve-2.4.1 stack-data-0.6.2 tabulate-0.9.0 tenacity-8.2.2 tinycss2-1.2.1 tomli-2.0.1 tornado-6.3.2 traitlets-5.9.0 typing-extensions-4.6.2 tzlocal-5.0.1 wcwidth-0.2.6 webencodings-0.5.1 zipp-3.15.0\n[tests/run-tests]   \u2705  Success - Main Install Dependencies\n[tests/run-tests] \u2b50 Run Main Run Tests\n[tests/run-tests]   \ud83d\udc33  docker exec cmd=[bash --noprofile --norc -e -o pipefail /var/run/act/workflow/2] user= workdir=\n[tests/run-tests]   | /home/runneradmin/.local/lib/python3.8/site-packages/automation/helpers.py:174: UserWarning: Test type found without required_keys AND required_files used, but there are test types after this one. Tests can't pass 'For running ASFSearchOptions tests' and run on those.\n[tests/run-tests]   |   warnings.warn(UserWarning(f\"Test type found without required_keys AND required_files used, but there are test types after this one. Tests can't pass '{test_info['title']}' and run on those.\"))\n[tests/run-tests]   | /home/runneradmin/.local/lib/python3.8/site-packages/automation/helpers.py:174: UserWarning: Test type found without required_keys AND required_files used, but there are test types after this one. Tests can't pass 'For running serialization tests' and run on those.\n[tests/run-tests]   |   warnings.warn(UserWarning(f\"Test type found without required_keys AND required_files used, but there are test types after this one. Tests can't pass '{test_info['title']}' and run on those.\"))\n[tests/run-tests]   | /home/runneradmin/.local/lib/python3.8/site-packages/automation/helpers.py:174: UserWarning: Test type found without required_keys AND required_files used, but there are test types after this one. Tests can't pass 'For running ASFSearchOptions tests' and run on those.\n[tests/run-tests]   |   warnings.warn(UserWarning(f\"Test type found without required_keys AND required_files used, but there are test types after this one. Tests can't pass '{test_info['title']}' and run on those.\"))\n[tests/run-tests]   | /home/runneradmin/.local/lib/python3.8/site-packages/automation/helpers.py:174: UserWarning: Test type found without required_keys AND required_files used, but there are test types after this one. Tests can't pass 'For running serialization tests' and run on those.\n[tests/run-tests]   |   warnings.warn(UserWarning(f\"Test type found without required_keys AND required_files used, but there are test types after this one. Tests can't pass '{test_info['title']}' and run on those.\"))\n[tests/run-tests]   | /home/runneradmin/.local/lib/python3.8/site-packages/automation/helpers.py:174: UserWarning: Test type found without required_keys AND required_files used, but there are test types after this one. Tests can't pass 'For running ASFSearchOptions tests' and run on those.\n[tests/run-tests]   |   warnings.warn(UserWarning(f\"Test type found without required_keys AND required_files used, but there are test types after this one. Tests can't pass '{test_info['title']}' and run on those.\"))\n[tests/run-tests]   | /home/runneradmin/.local/lib/python3.8/site-packages/automation/helpers.py:174: UserWarning: Test type found without required_keys AND required_files used, but there are test types after this one. Tests can't pass 'For running serialization tests' and run on those.\n[tests/run-tests]   |   warnings.warn(UserWarning(f\"Test type found without required_keys AND required_files used, but there are test types after this one. Tests can't pass '{test_info['title']}' and run on those.\"))\n[tests/run-tests]   | /home/runneradmin/.local/lib/python3.8/site-packages/automation/helpers.py:174: UserWarning: Test type found without required_keys AND required_files used, but there are test types after this one. Tests can't pass 'For running ASFSearchOptions tests' and run on those.\n[tests/run-tests]   |   warnings.warn(UserWarning(f\"Test type found without required_keys AND required_files used, but there are test types after this one. Tests can't pass '{test_info['title']}' and run on those.\"))\n[tests/run-tests]   | /home/runneradmin/.local/lib/python3.8/site-packages/automation/helpers.py:174: UserWarning: Test type found without required_keys AND required_files used, but there are test types after this one. Tests can't pass 'For running serialization tests' and run on those.\n[tests/run-tests]   |   warnings.warn(UserWarning(f\"Test type found without required_keys AND required_files used, but there are test types after this one. Tests can't pass '{test_info['title']}' and run on those.\"))\n[tests/run-tests]   | /home/runneradmin/.local/lib/python3.8/site-packages/automation/helpers.py:174: UserWarning: Test type found without required_keys AND required_files used, but there are test types after this one. Tests can't pass 'For running ASFSearchOptions tests' and run on those.\n[tests/run-tests]   |   warnings.warn(UserWarning(f\"Test type found without required_keys AND required_files used, but there are test types after this one. Tests can't pass '{test_info['title']}' and run on those.\"))\n[tests/run-tests]   | /home/runneradmin/.local/lib/python3.8/site-packages/automation/helpers.py:174: UserWarning: Test type found without required_keys AND required_files used, but there are test types after this one. Tests can't pass 'For running serialization tests' and run on those.\n[tests/run-tests]   |   warnings.warn(UserWarning(f\"Test type found without required_keys AND required_files used, but there are test types after this one. Tests can't pass '{test_info['title']}' and run on those.\"))\n[tests/run-tests]   | /home/runneradmin/.local/lib/python3.8/site-packages/automation/helpers.py:174: UserWarning: Test type found without required_keys AND required_files used, but there are test types after this one. Tests can't pass 'For running ASFSearchOptions tests' and run on those.\n[tests/run-tests]   |   warnings.warn(UserWarning(f\"Test type found without required_keys AND required_files used, but there are test types after this one. Tests can't pass '{test_info['title']}' and run on those.\"))\n[tests/run-tests]   | /home/runneradmin/.local/lib/python3.8/site-packages/automation/helpers.py:174: UserWarning: Test type found without required_keys AND required_files used, but there are test types after this one. Tests can't pass 'For running serialization tests' and run on those.\n[tests/run-tests]   |   warnings.warn(UserWarning(f\"Test type found without required_keys AND required_files used, but there are test types after this one. Tests can't pass '{test_info['title']}' and run on those.\"))\n[tests/run-tests]   | /home/runneradmin/.local/lib/python3.8/site-packages/automation/helpers.py:174: UserWarning: Test type found without required_keys AND required_files used, but there are test types after this one. Tests can't pass 'For running ASFSearchOptions tests' and run on those.\n[tests/run-tests]   |   warnings.warn(UserWarning(f\"Test type found without required_keys AND required_files used, but there are test types after this one. Tests can't pass '{test_info['title']}' and run on those.\"))\n[tests/run-tests]   | /home/runneradmin/.local/lib/python3.8/site-packages/automation/helpers.py:174: UserWarning: Test type found without required_keys AND required_files used, but there are test types after this one. Tests can't pass 'For running serialization tests' and run on those.\n[tests/run-tests]   |   warnings.warn(UserWarning(f\"Test type found without required_keys AND required_files used, but there are test types after this one. Tests can't pass '{test_info['title']}' and run on those.\"))\n[tests/run-tests]   | /home/runneradmin/.local/lib/python3.8/site-packages/automation/helpers.py:174: UserWarning: Test type found without required_keys AND required_files used, but there are test types after this one. Tests can't pass 'For running ASFSearchOptions tests' and run on those.\n[tests/run-tests]   |   warnings.warn(UserWarning(f\"Test type found without required_keys AND required_files used, but there are test types after this one. Tests can't pass '{test_info['title']}' and run on those.\"))\n[tests/run-tests]   | /home/runneradmin/.local/lib/python3.8/site-packages/automation/helpers.py:174: UserWarning: Test type found without required_keys AND required_files used, but there are test types after this one. Tests can't pass 'For running serialization tests' and run on those.\n[tests/run-tests]   |   warnings.warn(UserWarning(f\"Test type found without required_keys AND required_files used, but there are test types after this one. Tests can't pass '{test_info['title']}' and run on those.\"))\n[tests/run-tests]   | /home/runneradmin/.local/lib/python3.8/site-packages/automation/helpers.py:174: UserWarning: Test type found without required_keys AND required_files used, but there are test types after this one. Tests can't pass 'For running ASFSearchOptions tests' and run on those.\n[tests/run-tests]   |   warnings.warn(UserWarning(f\"Test type found without required_keys AND required_files used, but there are test types after this one. Tests can't pass '{test_info['title']}' and run on those.\"))\n[tests/run-tests]   | /home/runneradmin/.local/lib/python3.8/site-packages/automation/helpers.py:174: UserWarning: Test type found without required_keys AND required_files used, but there are test types after this one. Tests can't pass 'For running serialization tests' and run on those.\n[tests/run-tests]   |   warnings.warn(UserWarning(f\"Test type found without required_keys AND required_files used, but there are test types after this one. Tests can't pass '{test_info['title']}' and run on those.\"))\n[tests/run-tests]   | /home/runneradmin/.local/lib/python3.8/site-packages/automation/helpers.py:174: UserWarning: Test type found without required_keys AND required_files used, but there are test types after this one. Tests can't pass 'For running ASFSearchOptions tests' and run on those.\n[tests/run-tests]   |   warnings.warn(UserWarning(f\"Test type found without required_keys AND required_files used, but there are test types after this one. Tests can't pass '{test_info['title']}' and run on those.\"))\n[tests/run-tests]   | /home/runneradmin/.local/lib/python3.8/site-packages/automation/helpers.py:174: UserWarning: Test type found without required_keys AND required_files used, but there are test types after this one. Tests can't pass 'For running serialization tests' and run on those.\n[tests/run-tests]   |   warnings.warn(UserWarning(f\"Test type found without required_keys AND required_files used, but there are test types after this one. Tests can't pass '{test_info['title']}' and run on those.\"))\n[tests/run-tests]   | /home/runneradmin/.local/lib/python3.8/site-packages/automation/helpers.py:174: UserWarning: Test type found without required_keys AND required_files used, but there are test types after this one. Tests can't pass 'For running ASFSearchOptions tests' and run on those.\n[tests/run-tests]   |   warnings.warn(UserWarning(f\"Test type found without required_keys AND required_files used, but there are test types after this one. Tests can't pass '{test_info['title']}' and run on those.\"))\n[tests/run-tests]   | /home/runneradmin/.local/lib/python3.8/site-packages/automation/helpers.py:174: UserWarning: Test type found without required_keys AND required_files used, but there are test types after this one. Tests can't pass 'For running serialization tests' and run on those.\n[tests/run-tests]   |   warnings.warn(UserWarning(f\"Test type found without required_keys AND required_files used, but there are test types after this one. Tests can't pass '{test_info['title']}' and run on those.\"))\n[tests/run-tests]   | /home/runneradmin/.local/lib/python3.8/site-packages/automation/helpers.py:174: UserWarning: Test type found without required_keys AND required_files used, but there are test types after this one. Tests can't pass 'For running ASFSearchOptions tests' and run on those.\n[tests/run-tests]   |   warnings.warn(UserWarning(f\"Test type found without required_keys AND required_files used, but there are test types after this one. Tests can't pass '{test_info['title']}' and run on those.\"))\n[tests/run-tests]   | /home/runneradmin/.local/lib/python3.8/site-packages/automation/helpers.py:174: UserWarning: Test type found without required_keys AND required_files used, but there are test types after this one. Tests can't pass 'For running serialization tests' and run on those.\n[tests/run-tests]   |   warnings.warn(UserWarning(f\"Test type found without required_keys AND required_files used, but there are test types after this one. Tests can't pass '{test_info['title']}' and run on those.\"))\n[tests/run-tests]   | /home/runneradmin/.local/lib/python3.8/site-packages/automation/helpers.py:174: UserWarning: Test type found without required_keys AND required_files used, but there are test types after this one. Tests can't pass 'For running ASFSearchOptions tests' and run on those.\n[tests/run-tests]   |   warnings.warn(UserWarning(f\"Test type found without required_keys AND required_files used, but there are test types after this one. Tests can't pass '{test_info['title']}' and run on those.\"))\n[tests/run-tests]   | /home/runneradmin/.local/lib/python3.8/site-packages/automation/helpers.py:174: UserWarning: Test type found without required_keys AND required_files used, but there are test types after this one. Tests can't pass 'For running serialization tests' and run on those.\n[tests/run-tests]   |   warnings.warn(UserWarning(f\"Test type found without required_keys AND required_files used, but there are test types after this one. Tests can't pass '{test_info['title']}' and run on those.\"))\n[tests/run-tests]   | /home/runneradmin/.local/lib/python3.8/site-packages/automation/helpers.py:174: UserWarning: Test type found without required_keys AND required_files used, but there are test types after this one. Tests can't pass 'For running ASFSearchOptions tests' and run on those.\n[tests/run-tests]   |   warnings.warn(UserWarning(f\"Test type found without required_keys AND required_files used, but there are test types after this one. Tests can't pass '{test_info['title']}' and run on those.\"))\n[tests/run-tests]   | /home/runneradmin/.local/lib/python3.8/site-packages/automation/helpers.py:174: UserWarning: Test type found without required_keys AND required_files used, but there are test types after this one. Tests can't pass 'For running serialization tests' and run on those.\n[tests/run-tests]   |   warnings.warn(UserWarning(f\"Test type found without required_keys AND required_files used, but there are test types after this one. Tests can't pass '{test_info['title']}' and run on those.\"))\n[tests/run-tests]   | /home/runneradmin/.local/lib/python3.8/site-packages/automation/helpers.py:174: UserWarning: Test type found without required_keys AND required_files used, but there are test types after this one. Tests can't pass 'For running ASFSearchOptions tests' and run on those.\n[tests/run-tests]   |   warnings.warn(UserWarning(f\"Test type found without required_keys AND required_files used, but there are test types after this one. Tests can't pass '{test_info['title']}' and run on those.\"))\n[tests/run-tests]   | /home/runneradmin/.local/lib/python3.8/site-packages/automation/helpers.py:174: UserWarning: Test type found without required_keys AND required_files used, but there are test types after this one. Tests can't pass 'For running serialization tests' and run on those.\n[tests/run-tests]   |   warnings.warn(UserWarning(f\"Test type found without required_keys AND required_files used, but there are test types after this one. Tests can't pass '{test_info['title']}' and run on those.\"))\n[tests/run-tests]   | /home/runneradmin/.local/lib/python3.8/site-packages/automation/helpers.py:174: UserWarning: Test type found without required_keys AND required_files used, but there are test types after this one. Tests can't pass 'For running ASFSearchOptions tests' and run on those.\n[tests/run-tests]   |   warnings.warn(UserWarning(f\"Test type found without required_keys AND required_files used, but there are test types after this one. Tests can't pass '{test_info['title']}' and run on those.\"))\n[tests/run-tests]   | /home/runneradmin/.local/lib/python3.8/site-packages/automation/helpers.py:174: UserWarning: Test type found without required_keys AND required_files used, but there are test types after this one. Tests can't pass 'For running serialization tests' and run on those.\n[tests/run-tests]   |   warnings.warn(UserWarning(f\"Test type found without required_keys AND required_files used, but there are test types after this one. Tests can't pass '{test_info['title']}' and run on those.\"))\n[tests/run-tests]   | /home/runneradmin/.local/lib/python3.8/site-packages/automation/helpers.py:174: UserWarning: Test type found without required_keys AND required_files used, but there are test types after this one. Tests can't pass 'For running ASFSearchOptions tests' and run on those.\n[tests/run-tests]   |   warnings.warn(UserWarning(f\"Test type found without required_keys AND required_files used, but there are test types after this one. Tests can't pass '{test_info['title']}' and run on those.\"))\n[tests/run-tests]   | /home/runneradmin/.local/lib/python3.8/site-packages/automation/helpers.py:174: UserWarning: Test type found without required_keys AND required_files used, but there are test types after this one. Tests can't pass 'For running serialization tests' and run on those.\n[tests/run-tests]   |   warnings.warn(UserWarning(f\"Test type found without required_keys AND required_files used, but there are test types after this one. Tests can't pass '{test_info['title']}' and run on those.\"))\n[tests/run-tests]   | /home/runneradmin/.local/lib/python3.8/site-packages/automation/helpers.py:174: UserWarning: Test type found without required_keys AND required_files used, but there are test types after this one. Tests can't pass 'For running ASFSearchOptions tests' and run on those.\n[tests/run-tests]   |   warnings.warn(UserWarning(f\"Test type found without required_keys AND required_files used, but there are test types after this one. Tests can't pass '{test_info['title']}' and run on those.\"))\n[tests/run-tests]   | /home/runneradmin/.local/lib/python3.8/site-packages/automation/helpers.py:174: UserWarning: Test type found without required_keys AND required_files used, but there are test types after this one. Tests can't pass 'For running serialization tests' and run on those.\n[tests/run-tests]   |   warnings.warn(UserWarning(f\"Test type found without required_keys AND required_files used, but there are test types after this one. Tests can't pass '{test_info['title']}' and run on those.\"))\n[tests/run-tests]   | /home/runneradmin/.local/lib/python3.8/site-packages/automation/helpers.py:174: UserWarning: Test type found without required_keys AND required_files used, but there are test types after this one. Tests can't pass 'For running ASFSearchOptions tests' and run on those.\n[tests/run-tests]   |   warnings.warn(UserWarning(f\"Test type found without required_keys AND required_files used, but there are test types after this one. Tests can't pass '{test_info['title']}' and run on those.\"))\n[tests/run-tests]   | /home/runneradmin/.local/lib/python3.8/site-packages/automation/helpers.py:174: UserWarning: Test type found without required_keys AND required_files used, but there are test types after this one. Tests can't pass 'For running serialization tests' and run on those.\n[tests/run-tests]   |   warnings.warn(UserWarning(f\"Test type found without required_keys AND required_files used, but there are test types after this one. Tests can't pass '{test_info['title']}' and run on those.\"))\n[tests/run-tests]   | /home/runneradmin/.local/lib/python3.8/site-packages/automation/helpers.py:174: UserWarning: Test type found without required_keys AND required_files used, but there are test types after this one. Tests can't pass 'For running ASFSearchOptions tests' and run on those.\n[tests/run-tests]   |   warnings.warn(UserWarning(f\"Test type found without required_keys AND required_files used, but there are test types after this one. Tests can't pass '{test_info['title']}' and run on those.\"))\n[tests/run-tests]   | /home/runneradmin/.local/lib/python3.8/site-packages/automation/helpers.py:174: UserWarning: Test type found without required_keys AND required_files used, but there are test types after this one. Tests can't pass 'For running serialization tests' and run on those.\n[tests/run-tests]   |   warnings.warn(UserWarning(f\"Test type found without required_keys AND required_files used, but there are test types after this one. Tests can't pass '{test_info['title']}' and run on those.\"))\n[tests/run-tests]   | /home/runneradmin/.local/lib/python3.8/site-packages/automation/helpers.py:174: UserWarning: Test type found without required_keys AND required_files used, but there are test types after this one. Tests can't pass 'For running ASFSearchOptions tests' and run on those.\n[tests/run-tests]   |   warnings.warn(UserWarning(f\"Test type found without required_keys AND required_files used, but there are test types after this one. Tests can't pass '{test_info['title']}' and run on those.\"))\n[tests/run-tests]   | /home/runneradmin/.local/lib/python3.8/site-packages/automation/helpers.py:174: UserWarning: Test type found without required_keys AND required_files used, but there are test types after this one. Tests can't pass 'For running serialization tests' and run on those.\n[tests/run-tests]   |   warnings.warn(UserWarning(f\"Test type found without required_keys AND required_files used, but there are test types after this one. Tests can't pass '{test_info['title']}' and run on those.\"))\n[tests/run-tests]   | /home/runneradmin/.local/lib/python3.8/site-packages/automation/helpers.py:174: UserWarning: Test type found without required_keys AND required_files used, but there are test types after this one. Tests can't pass 'For running ASFSearchOptions tests' and run on those.\n[tests/run-tests]   |   warnings.warn(UserWarning(f\"Test type found without required_keys AND required_files used, but there are test types after this one. Tests can't pass '{test_info['title']}' and run on those.\"))\n[tests/run-tests]   | /home/runneradmin/.local/lib/python3.8/site-packages/automation/helpers.py:174: UserWarning: Test type found without required_keys AND required_files used, but there are test types after this one. Tests can't pass 'For running serialization tests' and run on those.\n[tests/run-tests]   |   warnings.warn(UserWarning(f\"Test type found without required_keys AND required_files used, but there are test types after this one. Tests can't pass '{test_info['title']}' and run on those.\"))\n[tests/run-tests]   | /home/runneradmin/.local/lib/python3.8/site-packages/automation/helpers.py:174: UserWarning: Test type found without required_keys AND required_files used, but there are test types after this one. Tests can't pass 'For running ASFSearchOptions tests' and run on those.\n[tests/run-tests]   |   warnings.warn(UserWarning(f\"Test type found without required_keys AND required_files used, but there are test types after this one. Tests can't pass '{test_info['title']}' and run on those.\"))\n[tests/run-tests]   | /home/runneradmin/.local/lib/python3.8/site-packages/automation/helpers.py:174: UserWarning: Test type found without required_keys AND required_files used, but there are test types after this one. Tests can't pass 'For running serialization tests' and run on those.\n[tests/run-tests]   |   warnings.warn(UserWarning(f\"Test type found without required_keys AND required_files used, but there are test types after this one. Tests can't pass '{test_info['title']}' and run on those.\"))\n[tests/run-tests]   | /home/runneradmin/.local/lib/python3.8/site-packages/automation/helpers.py:174: UserWarning: Test type found without required_keys AND required_files used, but there are test types after this one. Tests can't pass 'For running ASFSearchOptions tests' and run on those.\n[tests/run-tests]   |   warnings.warn(UserWarning(f\"Test type found without required_keys AND required_files used, but there are test types after this one. Tests can't pass '{test_info['title']}' and run on those.\"))\n[tests/run-tests]   | /home/runneradmin/.local/lib/python3.8/site-packages/automation/helpers.py:174: UserWarning: Test type found without required_keys AND required_files used, but there are test types after this one. Tests can't pass 'For running serialization tests' and run on those.\n[tests/run-tests]   |   warnings.warn(UserWarning(f\"Test type found without required_keys AND required_files used, but there are test types after this one. Tests can't pass '{test_info['title']}' and run on those.\"))\n[tests/run-tests]   | /home/runneradmin/.local/lib/python3.8/site-packages/automation/helpers.py:174: UserWarning: Test type found without required_keys AND required_files used, but there are test types after this one. Tests can't pass 'For running ASFSearchOptions tests' and run on those.\n[tests/run-tests]   |   warnings.warn(UserWarning(f\"Test type found without required_keys AND required_files used, but there are test types after this one. Tests can't pass '{test_info['title']}' and run on those.\"))\n[tests/run-tests]   | /home/runneradmin/.local/lib/python3.8/site-packages/automation/helpers.py:174: UserWarning: Test type found without required_keys AND required_files used, but there are test types after this one. Tests can't pass 'For running serialization tests' and run on those.\n[tests/run-tests]   |   warnings.warn(UserWarning(f\"Test type found without required_keys AND required_files used, but there are test types after this one. Tests can't pass '{test_info['title']}' and run on those.\"))\n[tests/run-tests]   | /home/runneradmin/.local/lib/python3.8/site-packages/automation/helpers.py:174: UserWarning: Test type found without required_keys AND required_files used, but there are test types after this one. Tests can't pass 'For running ASFSearchOptions tests' and run on those.\n[tests/run-tests]   |   warnings.warn(UserWarning(f\"Test type found without required_keys AND required_files used, but there are test types after this one. Tests can't pass '{test_info['title']}' and run on those.\"))\n[tests/run-tests]   | /home/runneradmin/.local/lib/python3.8/site-packages/automation/helpers.py:174: UserWarning: Test type found without required_keys AND required_files used, but there are test types after this one. Tests can't pass 'For running serialization tests' and run on those.\n[tests/run-tests]   |   warnings.warn(UserWarning(f\"Test type found without required_keys AND required_files used, but there are test types after this one. Tests can't pass '{test_info['title']}' and run on those.\"))\n[tests/run-tests]   | /home/runneradmin/.local/lib/python3.8/site-packages/automation/helpers.py:174: UserWarning: Test type found without required_keys AND required_files used, but there are test types after this one. Tests can't pass 'For running ASFSearchOptions tests' and run on those.\n[tests/run-tests]   |   warnings.warn(UserWarning(f\"Test type found without required_keys AND required_files used, but there are test types after this one. Tests can't pass '{test_info['title']}' and run on those.\"))\n[tests/run-tests]   | /home/runneradmin/.local/lib/python3.8/site-packages/automation/helpers.py:174: UserWarning: Test type found without required_keys AND required_files used, but there are test types after this one. Tests can't pass 'For running serialization tests' and run on those.\n[tests/run-tests]   |   warnings.warn(UserWarning(f\"Test type found without required_keys AND required_files used, but there are test types after this one. Tests can't pass '{test_info['title']}' and run on those.\"))\n[tests/run-tests]   | /home/runneradmin/.local/lib/python3.8/site-packages/automation/helpers.py:174: UserWarning: Test type found without required_keys AND required_files used, but there are test types after this one. Tests can't pass 'For running ASFSearchOptions tests' and run on those.\n[tests/run-tests]   |   warnings.warn(UserWarning(f\"Test type found without required_keys AND required_files used, but there are test types after this one. Tests can't pass '{test_info['title']}' and run on those.\"))\n[tests/run-tests]   | /home/runneradmin/.local/lib/python3.8/site-packages/automation/helpers.py:174: UserWarning: Test type found without required_keys AND required_files used, but there are test types after this one. Tests can't pass 'For running serialization tests' and run on those.\n[tests/run-tests]   |   warnings.warn(UserWarning(f\"Test type found without required_keys AND required_files used, but there are test types after this one. Tests can't pass '{test_info['title']}' and run on those.\"))\n[tests/run-tests]   | /home/runneradmin/.local/lib/python3.8/site-packages/automation/helpers.py:174: UserWarning: Test type found without required_keys AND required_files used, but there are test types after this one. Tests can't pass 'For running ASFSearchOptions tests' and run on those.\n[tests/run-tests]   |   warnings.warn(UserWarning(f\"Test type found without required_keys AND required_files used, but there are test types after this one. Tests can't pass '{test_info['title']}' and run on those.\"))\n[tests/run-tests]   | /home/runneradmin/.local/lib/python3.8/site-packages/automation/helpers.py:174: UserWarning: Test type found without required_keys AND required_files used, but there are test types after this one. Tests can't pass 'For running serialization tests' and run on those.\n[tests/run-tests]   |   warnings.warn(UserWarning(f\"Test type found without required_keys AND required_files used, but there are test types after this one. Tests can't pass '{test_info['title']}' and run on those.\"))\n[tests/run-tests]   | /home/runneradmin/.local/lib/python3.8/site-packages/automation/helpers.py:174: UserWarning: Test type found without required_keys AND required_files used, but there are test types after this one. Tests can't pass 'For running ASFSearchOptions tests' and run on those.\n[tests/run-tests]   |   warnings.warn(UserWarning(f\"Test type found without required_keys AND required_files used, but there are test types after this one. Tests can't pass '{test_info['title']}' and run on those.\"))\n[tests/run-tests]   | /home/runneradmin/.local/lib/python3.8/site-packages/automation/helpers.py:174: UserWarning: Test type found without required_keys AND required_files used, but there are test types after this one. Tests can't pass 'For running serialization tests' and run on those.\n[tests/run-tests]   |   warnings.warn(UserWarning(f\"Test type found without required_keys AND required_files used, but there are test types after this one. Tests can't pass '{test_info['title']}' and run on those.\"))\n[tests/run-tests]   | /home/runneradmin/.local/lib/python3.8/site-packages/automation/helpers.py:174: UserWarning: Test type found without required_keys AND required_files used, but there are test types after this one. Tests can't pass 'For running ASFSearchOptions tests' and run on those.\n[tests/run-tests]   |   warnings.warn(UserWarning(f\"Test type found without required_keys AND required_files used, but there are test types after this one. Tests can't pass '{test_info['title']}' and run on those.\"))\n[tests/run-tests]   | /home/runneradmin/.local/lib/python3.8/site-packages/automation/helpers.py:174: UserWarning: Test type found without required_keys AND required_files used, but there are test types after this one. Tests can't pass 'For running serialization tests' and run on those.\n[tests/run-tests]   |   warnings.warn(UserWarning(f\"Test type found without required_keys AND required_files used, but there are test types after this one. Tests can't pass '{test_info['title']}' and run on those.\"))\n[tests/run-tests]   | /home/runneradmin/.local/lib/python3.8/site-packages/automation/helpers.py:174: UserWarning: Test type found without required_keys AND required_files used, but there are test types after this one. Tests can't pass 'For running ASFSearchOptions tests' and run on those.\n[tests/run-tests]   |   warnings.warn(UserWarning(f\"Test type found without required_keys AND required_files used, but there are test types after this one. Tests can't pass '{test_info['title']}' and run on those.\"))\n[tests/run-tests]   | /home/runneradmin/.local/lib/python3.8/site-packages/automation/helpers.py:174: UserWarning: Test type found without required_keys AND required_files used, but there are test types after this one. Tests can't pass 'For running serialization tests' and run on those.\n[tests/run-tests]   |   warnings.warn(UserWarning(f\"Test type found without required_keys AND required_files used, but there are test types after this one. Tests can't pass '{test_info['title']}' and run on those.\"))\n[tests/run-tests]   | /home/runneradmin/.local/lib/python3.8/site-packages/automation/helpers.py:174: UserWarning: Test type found without required_keys AND required_files used, but there are test types after this one. Tests can't pass 'For running ASFSearchOptions tests' and run on those.\n[tests/run-tests]   |   warnings.warn(UserWarning(f\"Test type found without required_keys AND required_files used, but there are test types after this one. Tests can't pass '{test_info['title']}' and run on those.\"))\n[tests/run-tests]   | /home/runneradmin/.local/lib/python3.8/site-packages/automation/helpers.py:174: UserWarning: Test type found without required_keys AND required_files used, but there are test types after this one. Tests can't pass 'For running serialization tests' and run on those.\n[tests/run-tests]   |   warnings.warn(UserWarning(f\"Test type found without required_keys AND required_files used, but there are test types after this one. Tests can't pass '{test_info['title']}' and run on those.\"))\n[tests/run-tests]   | /home/runneradmin/.local/lib/python3.8/site-packages/automation/helpers.py:174: UserWarning: Test type found without required_keys AND required_files used, but there are test types after this one. Tests can't pass 'For running ASFSearchOptions tests' and run on those.\n[tests/run-tests]   |   warnings.warn(UserWarning(f\"Test type found without required_keys AND required_files used, but there are test types after this one. Tests can't pass '{test_info['title']}' and run on those.\"))\n[tests/run-tests]   | /home/runneradmin/.local/lib/python3.8/site-packages/automation/helpers.py:174: UserWarning: Test type found without required_keys AND required_files used, but there are test types after this one. Tests can't pass 'For running serialization tests' and run on those.\n[tests/run-tests]   |   warnings.warn(UserWarning(f\"Test type found without required_keys AND required_files used, but there are test types after this one. Tests can't pass '{test_info['title']}' and run on those.\"))\n[tests/run-tests]   | /home/runneradmin/.local/lib/python3.8/site-packages/automation/helpers.py:174: UserWarning: Test type found without required_keys AND required_files used, but there are test types after this one. Tests can't pass 'For running ASFSearchOptions tests' and run on those.\n[tests/run-tests]   |   warnings.warn(UserWarning(f\"Test type found without required_keys AND required_files used, but there are test types after this one. Tests can't pass '{test_info['title']}' and run on those.\"))\n[tests/run-tests]   | /home/runneradmin/.local/lib/python3.8/site-packages/automation/helpers.py:174: UserWarning: Test type found without required_keys AND required_files used, but there are test types after this one. Tests can't pass 'For running serialization tests' and run on those.\n[tests/run-tests]   |   warnings.warn(UserWarning(f\"Test type found without required_keys AND required_files used, but there are test types after this one. Tests can't pass '{test_info['title']}' and run on those.\"))\n[tests/run-tests]   | /home/runneradmin/.local/lib/python3.8/site-packages/automation/helpers.py:174: UserWarning: Test type found without required_keys AND required_files used, but there are test types after this one. Tests can't pass 'For running ASFSearchOptions tests' and run on those.\n[tests/run-tests]   |   warnings.warn(UserWarning(f\"Test type found without required_keys AND required_files used, but there are test types after this one. Tests can't pass '{test_info['title']}' and run on those.\"))\n[tests/run-tests]   | /home/runneradmin/.local/lib/python3.8/site-packages/automation/helpers.py:174: UserWarning: Test type found without required_keys AND required_files used, but there are test types after this one. Tests can't pass 'For running serialization tests' and run on those.\n[tests/run-tests]   |   warnings.warn(UserWarning(f\"Test type found without required_keys AND required_files used, but there are test types after this one. Tests can't pass '{test_info['title']}' and run on those.\"))\n[tests/run-tests]   | /home/runneradmin/.local/lib/python3.8/site-packages/automation/helpers.py:174: UserWarning: Test type found without required_keys AND required_files used, but there are test types after this one. Tests can't pass 'For running ASFSearchOptions tests' and run on those.\n[tests/run-tests]   |   warnings.warn(UserWarning(f\"Test type found without required_keys AND required_files used, but there are test types after this one. Tests can't pass '{test_info['title']}' and run on those.\"))\n[tests/run-tests]   | /home/runneradmin/.local/lib/python3.8/site-packages/automation/helpers.py:174: UserWarning: Test type found without required_keys AND required_files used, but there are test types after this one. Tests can't pass 'For running serialization tests' and run on those.\n[tests/run-tests]   |   warnings.warn(UserWarning(f\"Test type found without required_keys AND required_files used, but there are test types after this one. Tests can't pass '{test_info['title']}' and run on those.\"))\n[tests/run-tests]   | /home/runneradmin/.local/lib/python3.8/site-packages/automation/helpers.py:174: UserWarning: Test type found without required_keys AND required_files used, but there are test types after this one. Tests can't pass 'For running ASFSearchOptions tests' and run on those.\n[tests/run-tests]   |   warnings.warn(UserWarning(f\"Test type found without required_keys AND required_files used, but there are test types after this one. Tests can't pass '{test_info['title']}' and run on those.\"))\n[tests/run-tests]   | /home/runneradmin/.local/lib/python3.8/site-packages/automation/helpers.py:174: UserWarning: Test type found without required_keys AND required_files used, but there are test types after this one. Tests can't pass 'For running serialization tests' and run on those.\n[tests/run-tests]   |   warnings.warn(UserWarning(f\"Test type found without required_keys AND required_files used, but there are test types after this one. Tests can't pass '{test_info['title']}' and run on those.\"))\n[tests/run-tests]   | /home/runneradmin/.local/lib/python3.8/site-packages/automation/helpers.py:174: UserWarning: Test type found without required_keys AND required_files used, but there are test types after this one. Tests can't pass 'For running ASFSearchOptions tests' and run on those.\n[tests/run-tests]   |   warnings.warn(UserWarning(f\"Test type found without required_keys AND required_files used, but there are test types after this one. Tests can't pass '{test_info['title']}' and run on those.\"))\n[tests/run-tests]   | /home/runneradmin/.local/lib/python3.8/site-packages/automation/helpers.py:174: UserWarning: Test type found without required_keys AND required_files used, but there are test types after this one. Tests can't pass 'For running serialization tests' and run on those.\n[tests/run-tests]   |   warnings.warn(UserWarning(f\"Test type found without required_keys AND required_files used, but there are test types after this one. Tests can't pass '{test_info['title']}' and run on those.\"))\n[tests/run-tests]   | /home/runneradmin/.local/lib/python3.8/site-packages/automation/helpers.py:174: UserWarning: Test type found without required_keys AND required_files used, but there are test types after this one. Tests can't pass 'For running ASFSearchOptions tests' and run on those.\n[tests/run-tests]   |   warnings.warn(UserWarning(f\"Test type found without required_keys AND required_files used, but there are test types after this one. Tests can't pass '{test_info['title']}' and run on those.\"))\n[tests/run-tests]   | /home/runneradmin/.local/lib/python3.8/site-packages/automation/helpers.py:174: UserWarning: Test type found without required_keys AND required_files used, but there are test types after this one. Tests can't pass 'For running serialization tests' and run on those.\n[tests/run-tests]   |   warnings.warn(UserWarning(f\"Test type found without required_keys AND required_files used, but there are test types after this one. Tests can't pass '{test_info['title']}' and run on those.\"))\n[tests/run-tests]   | /home/runneradmin/.local/lib/python3.8/site-packages/automation/helpers.py:174: UserWarning: Test type found without required_keys AND required_files used, but there are test types after this one. Tests can't pass 'For running ASFSearchOptions tests' and run on those.\n[tests/run-tests]   |   warnings.warn(UserWarning(f\"Test type found without required_keys AND required_files used, but there are test types after this one. Tests can't pass '{test_info['title']}' and run on those.\"))\n[tests/run-tests]   | /home/runneradmin/.local/lib/python3.8/site-packages/automation/helpers.py:174: UserWarning: Test type found without required_keys AND required_files used, but there are test types after this one. Tests can't pass 'For running serialization tests' and run on those.\n[tests/run-tests]   |   warnings.warn(UserWarning(f\"Test type found without required_keys AND required_files used, but there are test types after this one. Tests can't pass '{test_info['title']}' and run on those.\"))\n[tests/run-tests]   | /home/runneradmin/.local/lib/python3.8/site-packages/automation/helpers.py:174: UserWarning: Test type found without required_keys AND required_files used, but there are test types after this one. Tests can't pass 'For running ASFSearchOptions tests' and run on those.\n[tests/run-tests]   |   warnings.warn(UserWarning(f\"Test type found without required_keys AND required_files used, but there are test types after this one. Tests can't pass '{test_info['title']}' and run on those.\"))\n[tests/run-tests]   | /home/runneradmin/.local/lib/python3.8/site-packages/automation/helpers.py:174: UserWarning: Test type found without required_keys AND required_files used, but there are test types after this one. Tests can't pass 'For running serialization tests' and run on those.\n[tests/run-tests]   |   warnings.warn(UserWarning(f\"Test type found without required_keys AND required_files used, but there are test types after this one. Tests can't pass '{test_info['title']}' and run on those.\"))\n[tests/run-tests]   | /home/runneradmin/.local/lib/python3.8/site-packages/automation/helpers.py:174: UserWarning: Test type found without required_keys AND required_files used, but there are test types after this one. Tests can't pass 'For running ASFSearchOptions tests' and run on those.\n[tests/run-tests]   |   warnings.warn(UserWarning(f\"Test type found without required_keys AND required_files used, but there are test types after this one. Tests can't pass '{test_info['title']}' and run on those.\"))\n[tests/run-tests]   | /home/runneradmin/.local/lib/python3.8/site-packages/automation/helpers.py:174: UserWarning: Test type found without required_keys AND required_files used, but there are test types after this one. Tests can't pass 'For running serialization tests' and run on those.\n[tests/run-tests]   |   warnings.warn(UserWarning(f\"Test type found without required_keys AND required_files used, but there are test types after this one. Tests can't pass '{test_info['title']}' and run on those.\"))\n[tests/run-tests]   | /home/runneradmin/.local/lib/python3.8/site-packages/automation/helpers.py:174: UserWarning: Test type found without required_keys AND required_files used, but there are test types after this one. Tests can't pass 'For running ASFSearchOptions tests' and run on those.\n[tests/run-tests]   |   warnings.warn(UserWarning(f\"Test type found without required_keys AND required_files used, but there are test types after this one. Tests can't pass '{test_info['title']}' and run on those.\"))\n[tests/run-tests]   | /home/runneradmin/.local/lib/python3.8/site-packages/automation/helpers.py:174: UserWarning: Test type found without required_keys AND required_files used, but there are test types after this one. Tests can't pass 'For running serialization tests' and run on those.\n[tests/run-tests]   |   warnings.warn(UserWarning(f\"Test type found without required_keys AND required_files used, but there are test types after this one. Tests can't pass '{test_info['title']}' and run on those.\"))\n[tests/run-tests]   | /home/runneradmin/.local/lib/python3.8/site-packages/automation/helpers.py:174: UserWarning: Test type found without required_keys AND required_files used, but there are test types after this one. Tests can't pass 'For running ASFSearchOptions tests' and run on those.\n[tests/run-tests]   |   warnings.warn(UserWarning(f\"Test type found without required_keys AND required_files used, but there are test types after this one. Tests can't pass '{test_info['title']}' and run on those.\"))\n[tests/run-tests]   | /home/runneradmin/.local/lib/python3.8/site-packages/automation/helpers.py:174: UserWarning: Test type found without required_keys AND required_files used, but there are test types after this one. Tests can't pass 'For running serialization tests' and run on those.\n[tests/run-tests]   |   warnings.warn(UserWarning(f\"Test type found without required_keys AND required_files used, but there are test types after this one. Tests can't pass '{test_info['title']}' and run on those.\"))\n[tests/run-tests]   | /home/runneradmin/.local/lib/python3.8/site-packages/automation/helpers.py:174: UserWarning: Test type found without required_keys AND required_files used, but there are test types after this one. Tests can't pass 'For running ASFSearchOptions tests' and run on those.\n[tests/run-tests]   |   warnings.warn(UserWarning(f\"Test type found without required_keys AND required_files used, but there are test types after this one. Tests can't pass '{test_info['title']}' and run on those.\"))\n[tests/run-tests]   | /home/runneradmin/.local/lib/python3.8/site-packages/automation/helpers.py:174: UserWarning: Test type found without required_keys AND required_files used, but there are test types after this one. Tests can't pass 'For running serialization tests' and run on those.\n[tests/run-tests]   |   warnings.warn(UserWarning(f\"Test type found without required_keys AND required_files used, but there are test types after this one. Tests can't pass '{test_info['title']}' and run on those.\"))\n[tests/run-tests]   | /home/runneradmin/.local/lib/python3.8/site-packages/automation/helpers.py:174: UserWarning: Test type found without required_keys AND required_files used, but there are test types after this one. Tests can't pass 'For running ASFSearchOptions tests' and run on those.\n[tests/run-tests]   |   warnings.warn(UserWarning(f\"Test type found without required_keys AND required_files used, but there are test types after this one. Tests can't pass '{test_info['title']}' and run on those.\"))\n[tests/run-tests]   | /home/runneradmin/.local/lib/python3.8/site-packages/automation/helpers.py:174: UserWarning: Test type found without required_keys AND required_files used, but there are test types after this one. Tests can't pass 'For running serialization tests' and run on those.\n[tests/run-tests]   |   warnings.warn(UserWarning(f\"Test type found without required_keys AND required_files used, but there are test types after this one. Tests can't pass '{test_info['title']}' and run on those.\"))\n[tests/run-tests]   | /home/runneradmin/.local/lib/python3.8/site-packages/automation/helpers.py:174: UserWarning: Test type found without required_keys AND required_files used, but there are test types after this one. Tests can't pass 'For running ASFSearchOptions tests' and run on those.\n[tests/run-tests]   |   warnings.warn(UserWarning(f\"Test type found without required_keys AND required_files used, but there are test types after this one. Tests can't pass '{test_info['title']}' and run on those.\"))\n[tests/run-tests]   | /home/runneradmin/.local/lib/python3.8/site-packages/automation/helpers.py:174: UserWarning: Test type found without required_keys AND required_files used, but there are test types after this one. Tests can't pass 'For running serialization tests' and run on those.\n[tests/run-tests]   |   warnings.warn(UserWarning(f\"Test type found without required_keys AND required_files used, but there are test types after this one. Tests can't pass '{test_info['title']}' and run on those.\"))\n[tests/run-tests]   | /home/runneradmin/.local/lib/python3.8/site-packages/automation/helpers.py:174: UserWarning: Test type found without required_keys AND required_files used, but there are test types after this one. Tests can't pass 'For running ASFSearchOptions tests' and run on those.\n[tests/run-tests]   |   warnings.warn(UserWarning(f\"Test type found without required_keys AND required_files used, but there are test types after this one. Tests can't pass '{test_info['title']}' and run on those.\"))\n[tests/run-tests]   | /home/runneradmin/.local/lib/python3.8/site-packages/automation/helpers.py:174: UserWarning: Test type found without required_keys AND required_files used, but there are test types after this one. Tests can't pass 'For running serialization tests' and run on those.\n[tests/run-tests]   |   warnings.warn(UserWarning(f\"Test type found without required_keys AND required_files used, but there are test types after this one. Tests can't pass '{test_info['title']}' and run on those.\"))\n[tests/run-tests]   | /home/runneradmin/.local/lib/python3.8/site-packages/automation/helpers.py:174: UserWarning: Test type found without required_keys AND required_files used, but there are test types after this one. Tests can't pass 'For running ASFSearchOptions tests' and run on those.\n[tests/run-tests]   |   warnings.warn(UserWarning(f\"Test type found without required_keys AND required_files used, but there are test types after this one. Tests can't pass '{test_info['title']}' and run on those.\"))\n[tests/run-tests]   | /home/runneradmin/.local/lib/python3.8/site-packages/automation/helpers.py:174: UserWarning: Test type found without required_keys AND required_files used, but there are test types after this one. Tests can't pass 'For running serialization tests' and run on those.\n[tests/run-tests]   |   warnings.warn(UserWarning(f\"Test type found without required_keys AND required_files used, but there are test types after this one. Tests can't pass '{test_info['title']}' and run on those.\"))\n[tests/run-tests]   | /home/runneradmin/.local/lib/python3.8/site-packages/automation/helpers.py:174: UserWarning: Test type found without required_keys AND required_files used, but there are test types after this one. Tests can't pass 'For running ASFSearchOptions tests' and run on those.\n[tests/run-tests]   |   warnings.warn(UserWarning(f\"Test type found without required_keys AND required_files used, but there are test types after this one. Tests can't pass '{test_info['title']}' and run on those.\"))\n[tests/run-tests]   | /home/runneradmin/.local/lib/python3.8/site-packages/automation/helpers.py:174: UserWarning: Test type found without required_keys AND required_files used, but there are test types after this one. Tests can't pass 'For running serialization tests' and run on those.\n[tests/run-tests]   |   warnings.warn(UserWarning(f\"Test type found without required_keys AND required_files used, but there are test types after this one. Tests can't pass '{test_info['title']}' and run on those.\"))\n[tests/run-tests]   | /home/runneradmin/.local/lib/python3.8/site-packages/automation/helpers.py:174: UserWarning: Test type found without required_keys AND required_files used, but there are test types after this one. Tests can't pass 'For running ASFSearchOptions tests' and run on those.\n[tests/run-tests]   |   warnings.warn(UserWarning(f\"Test type found without required_keys AND required_files used, but there are test types after this one. Tests can't pass '{test_info['title']}' and run on those.\"))\n[tests/run-tests]   | /home/runneradmin/.local/lib/python3.8/site-packages/automation/helpers.py:174: UserWarning: Test type found without required_keys AND required_files used, but there are test types after this one. Tests can't pass 'For running serialization tests' and run on those.\n[tests/run-tests]   |   warnings.warn(UserWarning(f\"Test type found without required_keys AND required_files used, but there are test types after this one. Tests can't pass '{test_info['title']}' and run on those.\"))\n[tests/run-tests]   | /home/runneradmin/.local/lib/python3.8/site-packages/automation/helpers.py:174: UserWarning: Test type found without required_keys AND required_files used, but there are test types after this one. Tests can't pass 'For running ASFSearchOptions tests' and run on those.\n[tests/run-tests]   |   warnings.warn(UserWarning(f\"Test type found without required_keys AND required_files used, but there are test types after this one. Tests can't pass '{test_info['title']}' and run on those.\"))\n[tests/run-tests]   | /home/runneradmin/.local/lib/python3.8/site-packages/automation/helpers.py:174: UserWarning: Test type found without required_keys AND required_files used, but there are test types after this one. Tests can't pass 'For running serialization tests' and run on those.\n[tests/run-tests]   |   warnings.warn(UserWarning(f\"Test type found without required_keys AND required_files used, but there are test types after this one. Tests can't pass '{test_info['title']}' and run on those.\"))\n[tests/run-tests]   | /home/runneradmin/.local/lib/python3.8/site-packages/automation/helpers.py:174: UserWarning: Test type found without required_keys AND required_files used, but there are test types after this one. Tests can't pass 'For running ASFSearchOptions tests' and run on those.\n[tests/run-tests]   |   warnings.warn(UserWarning(f\"Test type found without required_keys AND required_files used, but there are test types after this one. Tests can't pass '{test_info['title']}' and run on those.\"))\n[tests/run-tests]   | /home/runneradmin/.local/lib/python3.8/site-packages/automation/helpers.py:174: UserWarning: Test type found without required_keys AND required_files used, but there are test types after this one. Tests can't pass 'For running serialization tests' and run on those.\n[tests/run-tests]   |   warnings.warn(UserWarning(f\"Test type found without required_keys AND required_files used, but there are test types after this one. Tests can't pass '{test_info['title']}' and run on those.\"))\n[tests/run-tests]   | /home/runneradmin/.local/lib/python3.8/site-packages/automation/helpers.py:174: UserWarning: Test type found without required_keys AND required_files used, but there are test types after this one. Tests can't pass 'For running ASFSearchOptions tests' and run on those.\n[tests/run-tests]   |   warnings.warn(UserWarning(f\"Test type found without required_keys AND required_files used, but there are test types after this one. Tests can't pass '{test_info['title']}' and run on those.\"))\n[tests/run-tests]   | /home/runneradmin/.local/lib/python3.8/site-packages/automation/helpers.py:174: UserWarning: Test type found without required_keys AND required_files used, but there are test types after this one. Tests can't pass 'For running serialization tests' and run on those.\n[tests/run-tests]   |   warnings.warn(UserWarning(f\"Test type found without required_keys AND required_files used, but there are test types after this one. Tests can't pass '{test_info['title']}' and run on those.\"))\n[tests/run-tests]   | /home/runneradmin/.local/lib/python3.8/site-packages/automation/helpers.py:174: UserWarning: Test type found without required_keys AND required_files used, but there are test types after this one. Tests can't pass 'For running ASFSearchOptions tests' and run on those.\n[tests/run-tests]   |   warnings.warn(UserWarning(f\"Test type found without required_keys AND required_files used, but there are test types after this one. Tests can't pass '{test_info['title']}' and run on those.\"))\n[tests/run-tests]   | /home/runneradmin/.local/lib/python3.8/site-packages/automation/helpers.py:174: UserWarning: Test type found without required_keys AND required_files used, but there are test types after this one. Tests can't pass 'For running serialization tests' and run on those.\n[tests/run-tests]   |   warnings.warn(UserWarning(f\"Test type found without required_keys AND required_files used, but there are test types after this one. Tests can't pass '{test_info['title']}' and run on those.\"))\n[tests/run-tests]   | /home/runneradmin/.local/lib/python3.8/site-packages/automation/helpers.py:174: UserWarning: Test type found without required_keys AND required_files used, but there are test types after this one. Tests can't pass 'For running ASFSearchOptions tests' and run on those.\n[tests/run-tests]   |   warnings.warn(UserWarning(f\"Test type found without required_keys AND required_files used, but there are test types after this one. Tests can't pass '{test_info['title']}' and run on those.\"))\n[tests/run-tests]   | /home/runneradmin/.local/lib/python3.8/site-packages/automation/helpers.py:174: UserWarning: Test type found without required_keys AND required_files used, but there are test types after this one. Tests can't pass 'For running serialization tests' and run on those.\n[tests/run-tests]   |   warnings.warn(UserWarning(f\"Test type found without required_keys AND required_files used, but there are test types after this one. Tests can't pass '{test_info['title']}' and run on those.\"))\n[tests/run-tests]   | /home/runneradmin/.local/lib/python3.8/site-packages/automation/helpers.py:174: UserWarning: Test type found without required_keys AND required_files used, but there are test types after this one. Tests can't pass 'For running ASFSearchOptions tests' and run on those.\n[tests/run-tests]   |   warnings.warn(UserWarning(f\"Test type found without required_keys AND required_files used, but there are test types after this one. Tests can't pass '{test_info['title']}' and run on those.\"))\n[tests/run-tests]   | /home/runneradmin/.local/lib/python3.8/site-packages/automation/helpers.py:174: UserWarning: Test type found without required_keys AND required_files used, but there are test types after this one. Tests can't pass 'For running serialization tests' and run on those.\n[tests/run-tests]   |   warnings.warn(UserWarning(f\"Test type found without required_keys AND required_files used, but there are test types after this one. Tests can't pass '{test_info['title']}' and run on those.\"))\n[tests/run-tests]   | /home/runneradmin/.local/lib/python3.8/site-packages/automation/helpers.py:174: UserWarning: Test type found without required_keys AND required_files used, but there are test types after this one. Tests can't pass 'For running ASFSearchOptions tests' and run on those.\n[tests/run-tests]   |   warnings.warn(UserWarning(f\"Test type found without required_keys AND required_files used, but there are test types after this one. Tests can't pass '{test_info['title']}' and run on those.\"))\n[tests/run-tests]   | /home/runneradmin/.local/lib/python3.8/site-packages/automation/helpers.py:174: UserWarning: Test type found without required_keys AND required_files used, but there are test types after this one. Tests can't pass 'For running serialization tests' and run on those.\n[tests/run-tests]   |   warnings.warn(UserWarning(f\"Test type found without required_keys AND required_files used, but there are test types after this one. Tests can't pass '{test_info['title']}' and run on those.\"))\n[tests/run-tests]   | /home/runneradmin/.local/lib/python3.8/site-packages/automation/helpers.py:174: UserWarning: Test type found without required_keys AND required_files used, but there are test types after this one. Tests can't pass 'For running ASFSearchOptions tests' and run on those.\n[tests/run-tests]   |   warnings.warn(UserWarning(f\"Test type found without required_keys AND required_files used, but there are test types after this one. Tests can't pass '{test_info['title']}' and run on those.\"))\n[tests/run-tests]   | /home/runneradmin/.local/lib/python3.8/site-packages/automation/helpers.py:174: UserWarning: Test type found without required_keys AND required_files used, but there are test types after this one. Tests can't pass 'For running serialization tests' and run on those.\n[tests/run-tests]   |   warnings.warn(UserWarning(f\"Test type found without required_keys AND required_files used, but there are test types after this one. Tests can't pass '{test_info['title']}' and run on those.\"))\n[tests/run-tests]   | /home/runneradmin/.local/lib/python3.8/site-packages/automation/helpers.py:174: UserWarning: Test type found without required_keys AND required_files used, but there are test types after this one. Tests can't pass 'For running ASFSearchOptions tests' and run on those.\n[tests/run-tests]   |   warnings.warn(UserWarning(f\"Test type found without required_keys AND required_files used, but there are test types after this one. Tests can't pass '{test_info['title']}' and run on those.\"))\n[tests/run-tests]   | /home/runneradmin/.local/lib/python3.8/site-packages/automation/helpers.py:174: UserWarning: Test type found without required_keys AND required_files used, but there are test types after this one. Tests can't pass 'For running serialization tests' and run on those.\n[tests/run-tests]   |   warnings.warn(UserWarning(f\"Test type found without required_keys AND required_files used, but there are test types after this one. Tests can't pass '{test_info['title']}' and run on those.\"))\n[tests/run-tests]   | /home/runneradmin/.local/lib/python3.8/site-packages/automation/helpers.py:174: UserWarning: Test type found without required_keys AND required_files used, but there are test types after this one. Tests can't pass 'For running ASFSearchOptions tests' and run on those.\n[tests/run-tests]   |   warnings.warn(UserWarning(f\"Test type found without required_keys AND required_files used, but there are test types after this one. Tests can't pass '{test_info['title']}' and run on those.\"))\n[tests/run-tests]   | /home/runneradmin/.local/lib/python3.8/site-packages/automation/helpers.py:174: UserWarning: Test type found without required_keys AND required_files used, but there are test types after this one. Tests can't pass 'For running serialization tests' and run on those.\n[tests/run-tests]   |   warnings.warn(UserWarning(f\"Test type found without required_keys AND required_files used, but there are test types after this one. Tests can't pass '{test_info['title']}' and run on those.\"))\n[tests/run-tests]   | /home/runneradmin/.local/lib/python3.8/site-packages/automation/helpers.py:174: UserWarning: Test type found without required_keys AND required_files used, but there are test types after this one. Tests can't pass 'For running ASFSearchOptions tests' and run on those.\n[tests/run-tests]   |   warnings.warn(UserWarning(f\"Test type found without required_keys AND required_files used, but there are test types after this one. Tests can't pass '{test_info['title']}' and run on those.\"))\n[tests/run-tests]   | /home/runneradmin/.local/lib/python3.8/site-packages/automation/helpers.py:174: UserWarning: Test type found without required_keys AND required_files used, but there are test types after this one. Tests can't pass 'For running serialization tests' and run on those.\n[tests/run-tests]   |   warnings.warn(UserWarning(f\"Test type found without required_keys AND required_files used, but there are test types after this one. Tests can't pass '{test_info['title']}' and run on those.\"))\n[tests/run-tests]   | /home/runneradmin/.local/lib/python3.8/site-packages/automation/helpers.py:174: UserWarning: Test type found without required_keys AND required_files used, but there are test types after this one. Tests can't pass 'For running ASFSearchOptions tests' and run on those.\n[tests/run-tests]   |   warnings.warn(UserWarning(f\"Test type found without required_keys AND required_files used, but there are test types after this one. Tests can't pass '{test_info['title']}' and run on those.\"))\n[tests/run-tests]   | /home/runneradmin/.local/lib/python3.8/site-packages/automation/helpers.py:174: UserWarning: Test type found without required_keys AND required_files used, but there are test types after this one. Tests can't pass 'For running serialization tests' and run on those.\n[tests/run-tests]   |   warnings.warn(UserWarning(f\"Test type found without required_keys AND required_files used, but there are test types after this one. Tests can't pass '{test_info['title']}' and run on those.\"))\n[tests/run-tests]   | ============================= test session starts ==============================\n[tests/run-tests]   | platform linux -- Python 3.8.10, pytest-7.1.3, pluggy-1.0.0\n[tests/run-tests]   | rootdir: /tmp/de65f406-fe28-11ed-a890-af2cc187fc11/asfadmin-Discovery-asf_search\n[tests/run-tests]   | plugins: xdist-3.3.1, automation-2.0.1, cov-4.1.0, requests-mock-1.10.0\n[tests/run-tests]   | created: 64/64 workers\n[tests/run-tests]   | 64 workers [151 items]\n[tests/run-tests]   | \n[tests/run-tests]   | ........................................................................... [ 47%]\n[tests/run-tests]   | .....................................................F.........F........ [ 95%]\n[tests/run-tests]   | ....\n[tests/run-tests]   | =================================== FAILURES ===================================\n[tests/run-tests]   | _________________________________ test session _________________________________\n[tests/run-tests]   | [gw22] linux -- Python 3.8.10 /usr/bin/python3\n[tests/run-tests]   | \n[tests/run-tests]   | cls = <class '_pytest.runner.CallInfo'>\n[tests/run-tests]   | func = <function call_runtest_hook.<locals>.<lambda> at 0x7f0e32df29d0>\n[tests/run-tests]   | when = 'call'\n[tests/run-tests]   | reraise = (<class '_pytest.outcomes.Exit'>, <class 'KeyboardInterrupt'>)\n[tests/run-tests]   | \n[tests/run-tests]   |     @classmethod\n[tests/run-tests]   |     def from_call(\n[tests/run-tests]   |         cls,\n[tests/run-tests]   |         func: \"Callable[[], TResult]\",\n[tests/run-tests]   |         when: \"Literal['collect', 'setup', 'call', 'teardown']\",\n[tests/run-tests]   |         reraise: Optional[\n[tests/run-tests]   |             Union[Type[BaseException], Tuple[Type[BaseException], ...]]\n[tests/run-tests]   |         ] = None,\n[tests/run-tests]   |     ) -> \"CallInfo[TResult]\":\n[tests/run-tests]   |         \"\"\"Call func, wrapping the result in a CallInfo.\n[tests/run-tests]   |     \n[tests/run-tests]   |         :param func:\n[tests/run-tests]   |             The function to call. Called without arguments.\n[tests/run-tests]   |         :param when:\n[tests/run-tests]   |             The phase in which the function is called.\n[tests/run-tests]   |         :param reraise:\n[tests/run-tests]   |             Exception or exceptions that shall propagate if raised by the\n[tests/run-tests]   |             function, instead of being wrapped in the CallInfo.\n[tests/run-tests]   |         \"\"\"\n[tests/run-tests]   |         excinfo = None\n[tests/run-tests]   |         start = timing.time()\n[tests/run-tests]   |         precise_start = timing.perf_counter()\n[tests/run-tests]   |         try:\n[tests/run-tests]   | >           result: Optional[TResult] = func()\n[tests/run-tests]   | \n[tests/run-tests]   | /home/runneradmin/.local/lib/python3.8/site-packages/_pytest/runner.py:338: \n[tests/run-tests]   | _ _ _ _ _ _ _ _ _ _ _ _ _ _ _ _ _ _ _ _ _ _ _ _ _ _ _ _ _ _ _ _ _ _ _ _ _ _ _ _ \n[tests/run-tests]   | \n[tests/run-tests]   | >       lambda: ihook(item=item, **kwds), when=when, reraise=reraise\n[tests/run-tests]   |     )\n[tests/run-tests]   | \n[tests/run-tests]   | /home/runneradmin/.local/lib/python3.8/site-packages/_pytest/runner.py:259: \n[tests/run-tests]   | _ _ _ _ _ _ _ _ _ _ _ _ _ _ _ _ _ _ _ _ _ _ _ _ _ _ _ _ _ _ _ _ _ _ _ _ _ _ _ _ \n[tests/run-tests]   | \n[tests/run-tests]   | self = <_HookCaller 'pytest_runtest_call'>, args = ()\n[tests/run-tests]   | kwargs = {'item': <YamlItem Test ASFSearchResults-format Fairbanks S1 Stack>}\n[tests/run-tests]   | argname = 'item', firstresult = False\n[tests/run-tests]   | \n[tests/run-tests]   |     def __call__(self, *args, **kwargs):\n[tests/run-tests]   |         if args:\n[tests/run-tests]   |             raise TypeError(\"hook calling supports only keyword arguments\")\n[tests/run-tests]   |         assert not self.is_historic()\n[tests/run-tests]   |     \n[tests/run-tests]   |         # This is written to avoid expensive operations when not needed.\n[tests/run-tests]   |         if self.spec:\n[tests/run-tests]   |             for argname in self.spec.argnames:\n[tests/run-tests]   |                 if argname not in kwargs:\n[tests/run-tests]   |                     notincall = tuple(set(self.spec.argnames) - kwargs.keys())\n[tests/run-tests]   |                     warnings.warn(\n[tests/run-tests]   |                         \"Argument(s) {} which are declared in the hookspec \"\n[tests/run-tests]   |                         \"can not be found in this hook call\".format(notincall),\n[tests/run-tests]   |                         stacklevel=2,\n[tests/run-tests]   |                     )\n[tests/run-tests]   |                     break\n[tests/run-tests]   |     \n[tests/run-tests]   |             firstresult = self.spec.opts.get(\"firstresult\")\n[tests/run-tests]   |         else:\n[tests/run-tests]   |             firstresult = False\n[tests/run-tests]   |     \n[tests/run-tests]   | >       return self._hookexec(self.name, self.get_hookimpls(), kwargs, firstresult)\n[tests/run-tests]   | \n[tests/run-tests]   | /home/runneradmin/.local/lib/python3.8/site-packages/pluggy/_hooks.py:265: \n[tests/run-tests]   | _ _ _ _ _ _ _ _ _ _ _ _ _ _ _ _ _ _ _ _ _ _ _ _ _ _ _ _ _ _ _ _ _ _ _ _ _ _ _ _ \n[tests/run-tests]   | \n[tests/run-tests]   | self = <_pytest.config.PytestPluginManager object at 0x7f0edc2bbbb0>\n[tests/run-tests]   | hook_name = 'pytest_runtest_call'\n[tests/run-tests]   | methods = [<HookImpl plugin_name='runner', plugin=<module '_pytest.runner' from '/home/runneradmin/.local/lib/python3.8/site-pac...unraisableexception' from '/home/runneradmin/.local/lib/python3.8/site-packages/_pytest/unraisableexception.py'>>, ...]\n[tests/run-tests]   | kwargs = {'item': <YamlItem Test ASFSearchResults-format Fairbanks S1 Stack>}\n[tests/run-tests]   | firstresult = False\n[tests/run-tests]   | \n[tests/run-tests]   |     def _hookexec(self, hook_name, methods, kwargs, firstresult):\n[tests/run-tests]   |         # called from all hookcaller instances.\n[tests/run-tests]   |         # enable_tracing will set its own wrapping function at self._inner_hookexec\n[tests/run-tests]   | >       return self._inner_hookexec(hook_name, methods, kwargs, firstresult)\n[tests/run-tests]   | \n[tests/run-tests]   | /home/runneradmin/.local/lib/python3.8/site-packages/pluggy/_manager.py:80: \n[tests/run-tests]   | _ _ _ _ _ _ _ _ _ _ _ _ _ _ _ _ _ _ _ _ _ _ _ _ _ _ _ _ _ _ _ _ _ _ _ _ _ _ _ _ \n[tests/run-tests]   | \n[tests/run-tests]   | hook_name = 'pytest_runtest_call'\n[tests/run-tests]   | hook_impls = [<HookImpl plugin_name='runner', plugin=<module '_pytest.runner' from '/home/runneradmin/.local/lib/python3.8/site-pac...unraisableexception' from '/home/runneradmin/.local/lib/python3.8/site-packages/_pytest/unraisableexception.py'>>, ...]\n[tests/run-tests]   | caller_kwargs = {'item': <YamlItem Test ASFSearchResults-format Fairbanks S1 Stack>}\n[tests/run-tests]   | firstresult = False\n[tests/run-tests]   | \n[tests/run-tests]   |     def _multicall(hook_name, hook_impls, caller_kwargs, firstresult):\n[tests/run-tests]   |         \"\"\"Execute a call into multiple python functions/methods and return the\n[tests/run-tests]   |         result(s).\n[tests/run-tests]   |     \n[tests/run-tests]   |         ``caller_kwargs`` comes from _HookCaller.__call__().\n[tests/run-tests]   |         \"\"\"\n[tests/run-tests]   |         __tracebackhide__ = True\n[tests/run-tests]   |         results = []\n[tests/run-tests]   |         excinfo = None\n[tests/run-tests]   |         try:  # run impl and wrapper setup functions in a loop\n[tests/run-tests]   |             teardowns = []\n[tests/run-tests]   |             try:\n[tests/run-tests]   |                 for hook_impl in reversed(hook_impls):\n[tests/run-tests]   |                     try:\n[tests/run-tests]   |                         args = [caller_kwargs[argname] for argname in hook_impl.argnames]\n[tests/run-tests]   |                     except KeyError:\n[tests/run-tests]   |                         for argname in hook_impl.argnames:\n[tests/run-tests]   |                             if argname not in caller_kwargs:\n[tests/run-tests]   |                                 raise HookCallError(\n[tests/run-tests]   |                                     f\"hook call must provide argument {argname!r}\"\n[tests/run-tests]   |                                 )\n[tests/run-tests]   |     \n[tests/run-tests]   |                     if hook_impl.hookwrapper:\n[tests/run-tests]   |                         try:\n[tests/run-tests]   |                             gen = hook_impl.function(*args)\n[tests/run-tests]   |                             next(gen)  # first yield\n[tests/run-tests]   |                             teardowns.append(gen)\n[tests/run-tests]   |                         except StopIteration:\n[tests/run-tests]   |                             _raise_wrapfail(gen, \"did not yield\")\n[tests/run-tests]   |                     else:\n[tests/run-tests]   |                         res = hook_impl.function(*args)\n[tests/run-tests]   |                         if res is not None:\n[tests/run-tests]   |                             results.append(res)\n[tests/run-tests]   |                             if firstresult:  # halt further impl calls\n[tests/run-tests]   |                                 break\n[tests/run-tests]   |             except BaseException:\n[tests/run-tests]   |                 excinfo = sys.exc_info()\n[tests/run-tests]   |         finally:\n[tests/run-tests]   |             if firstresult:  # first result hooks return a single value\n[tests/run-tests]   |                 outcome = _Result(results[0] if results else None, excinfo)\n[tests/run-tests]   |             else:\n[tests/run-tests]   |                 outcome = _Result(results, excinfo)\n[tests/run-tests]   |     \n[tests/run-tests]   |             # run all wrapper post-yield blocks\n[tests/run-tests]   |             for gen in reversed(teardowns):\n[tests/run-tests]   |                 try:\n[tests/run-tests]   |                     gen.send(outcome)\n[tests/run-tests]   |                     _raise_wrapfail(gen, \"has second yield\")\n[tests/run-tests]   |                 except StopIteration:\n[tests/run-tests]   |                     pass\n[tests/run-tests]   |     \n[tests/run-tests]   | >           return outcome.get_result()\n[tests/run-tests]   | \n[tests/run-tests]   | /home/runneradmin/.local/lib/python3.8/site-packages/pluggy/_callers.py:60: \n[tests/run-tests]   | _ _ _ _ _ _ _ _ _ _ _ _ _ _ _ _ _ _ _ _ _ _ _ _ _ _ _ _ _ _ _ _ _ _ _ _ _ _ _ _ \n[tests/run-tests]   | \n[tests/run-tests]   | self = <pluggy._result._Result object at 0x7f0e32e663d0>\n[tests/run-tests]   | \n[tests/run-tests]   |     def get_result(self):\n[tests/run-tests]   |         \"\"\"Get the result(s) for this hook call.\n[tests/run-tests]   |     \n[tests/run-tests]   |         If the hook was marked as a ``firstresult`` only a single value\n[tests/run-tests]   |         will be returned otherwise a list of results.\n[tests/run-tests]   |         \"\"\"\n[tests/run-tests]   |         __tracebackhide__ = True\n[tests/run-tests]   |         if self._excinfo is None:\n[tests/run-tests]   |             return self._result\n[tests/run-tests]   |         else:\n[tests/run-tests]   |             ex = self._excinfo\n[tests/run-tests]   | >           raise ex[1].with_traceback(ex[2])\n[tests/run-tests]   | \n[tests/run-tests]   | /home/runneradmin/.local/lib/python3.8/site-packages/pluggy/_result.py:60: \n[tests/run-tests]   | _ _ _ _ _ _ _ _ _ _ _ _ _ _ _ _ _ _ _ _ _ _ _ _ _ _ _ _ _ _ _ _ _ _ _ _ _ _ _ _ \n[tests/run-tests]   | \n[tests/run-tests]   | hook_name = 'pytest_runtest_call'\n[tests/run-tests]   | hook_impls = [<HookImpl plugin_name='runner', plugin=<module '_pytest.runner' from '/home/runneradmin/.local/lib/python3.8/site-pac...unraisableexception' from '/home/runneradmin/.local/lib/python3.8/site-packages/_pytest/unraisableexception.py'>>, ...]\n[tests/run-tests]   | caller_kwargs = {'item': <YamlItem Test ASFSearchResults-format Fairbanks S1 Stack>}\n[tests/run-tests]   | firstresult = False\n[tests/run-tests]   | \n[tests/run-tests]   |     def _multicall(hook_name, hook_impls, caller_kwargs, firstresult):\n[tests/run-tests]   |         \"\"\"Execute a call into multiple python functions/methods and return the\n[tests/run-tests]   |         result(s).\n[tests/run-tests]   |     \n[tests/run-tests]   |         ``caller_kwargs`` comes from _HookCaller.__call__().\n[tests/run-tests]   |         \"\"\"\n[tests/run-tests]   |         __tracebackhide__ = True\n[tests/run-tests]   |         results = []\n[tests/run-tests]   |         excinfo = None\n[tests/run-tests]   |         try:  # run impl and wrapper setup functions in a loop\n[tests/run-tests]   |             teardowns = []\n[tests/run-tests]   |             try:\n[tests/run-tests]   |                 for hook_impl in reversed(hook_impls):\n[tests/run-tests]   |                     try:\n[tests/run-tests]   |                         args = [caller_kwargs[argname] for argname in hook_impl.argnames]\n[tests/run-tests]   |                     except KeyError:\n[tests/run-tests]   |                         for argname in hook_impl.argnames:\n[tests/run-tests]   |                             if argname not in caller_kwargs:\n[tests/run-tests]   |                                 raise HookCallError(\n[tests/run-tests]   |                                     f\"hook call must provide argument {argname!r}\"\n[tests/run-tests]   |                                 )\n[tests/run-tests]   |     \n[tests/run-tests]   |                     if hook_impl.hookwrapper:\n[tests/run-tests]   |                         try:\n[tests/run-tests]   |                             gen = hook_impl.function(*args)\n[tests/run-tests]   |                             next(gen)  # first yield\n[tests/run-tests]   |                             teardowns.append(gen)\n[tests/run-tests]   |                         except StopIteration:\n[tests/run-tests]   |                             _raise_wrapfail(gen, \"did not yield\")\n[tests/run-tests]   |                     else:\n[tests/run-tests]   | >                       res = hook_impl.function(*args)\n[tests/run-tests]   | \n[tests/run-tests]   | /home/runneradmin/.local/lib/python3.8/site-packages/pluggy/_callers.py:39: \n[tests/run-tests]   | _ _ _ _ _ _ _ _ _ _ _ _ _ _ _ _ _ _ _ _ _ _ _ _ _ _ _ _ _ _ _ _ _ _ _ _ _ _ _ _ \n[tests/run-tests]   | \n[tests/run-tests]   | item = <YamlItem Test ASFSearchResults-format Fairbanks S1 Stack>\n[tests/run-tests]   | \n[tests/run-tests]   |     def pytest_runtest_call(item: Item) -> None:\n[tests/run-tests]   |         _update_current_test_var(item, \"call\")\n[tests/run-tests]   |         try:\n[tests/run-tests]   |             del sys.last_type\n[tests/run-tests]   |             del sys.last_value\n[tests/run-tests]   |             del sys.last_traceback\n[tests/run-tests]   |         except AttributeError:\n[tests/run-tests]   |             pass\n[tests/run-tests]   |         try:\n[tests/run-tests]   |             item.runtest()\n[tests/run-tests]   |         except Exception as e:\n[tests/run-tests]   |             # Store trace info to allow postmortem debugging\n[tests/run-tests]   |             sys.last_type = type(e)\n[tests/run-tests]   |             sys.last_value = e\n[tests/run-tests]   |             assert e.__traceback__ is not None\n[tests/run-tests]   |             # Skip *this* frame\n[tests/run-tests]   |             sys.last_traceback = e.__traceback__.tb_next\n[tests/run-tests]   | >           raise e\n[tests/run-tests]   | \n[tests/run-tests]   | /home/runneradmin/.local/lib/python3.8/site-packages/_pytest/runner.py:174: \n[tests/run-tests]   | _ _ _ _ _ _ _ _ _ _ _ _ _ _ _ _ _ _ _ _ _ _ _ _ _ _ _ _ _ _ _ _ _ _ _ _ _ _ _ _ \n[tests/run-tests]   | \n[tests/run-tests]   | item = <YamlItem Test ASFSearchResults-format Fairbanks S1 Stack>\n[tests/run-tests]   | \n[tests/run-tests]   |     def pytest_runtest_call(item: Item) -> None:\n[tests/run-tests]   |         _update_current_test_var(item, \"call\")\n[tests/run-tests]   |         try:\n[tests/run-tests]   |             del sys.last_type\n[tests/run-tests]   |             del sys.last_value\n[tests/run-tests]   |             del sys.last_traceback\n[tests/run-tests]   |         except AttributeError:\n[tests/run-tests]   |             pass\n[tests/run-tests]   |         try:\n[tests/run-tests]   | >           item.runtest()\n[tests/run-tests]   | \n[tests/run-tests]   | /home/runneradmin/.local/lib/python3.8/site-packages/_pytest/runner.py:166: \n[tests/run-tests]   | _ _ _ _ _ _ _ _ _ _ _ _ _ _ _ _ _ _ _ _ _ _ _ _ _ _ _ _ _ _ _ _ _ _ _ _ _ _ _ _ \n[tests/run-tests]   | \n[tests/run-tests]   | self = <YamlItem Test ASFSearchResults-format Fairbanks S1 Stack>\n[tests/run-tests]   | \n[tests/run-tests]   |     def runtest(self) -> None:\n[tests/run-tests]   |         # Look for the right config to run off of:\n[tests/run-tests]   |         found_test = False\n[tests/run-tests]   |         for poss_test_type in PYTEST_CONFIG_INFO[\"test_types\"]:\n[tests/run-tests]   |             # *ONLY IF* required_* is used, make sure the test only runs if it's check passes. If it's not used, default pass anyways:\n[tests/run-tests]   |             passed_key_check = True if \"required_keys\" not in poss_test_type or set(poss_test_type[\"required_keys\"]).issubset(self.test_info) else False\n[tests/run-tests]   |             passed_title_check = True if \"required_in_title\" not in poss_test_type or poss_test_type[\"required_in_title\"].lower() in self.test_info[\"title\"].lower() else False\n[tests/run-tests]   |     \n[tests/run-tests]   |             # If you pass all filters, congrats! You can run the test:\n[tests/run-tests]   |             if passed_key_check and passed_title_check:\n[tests/run-tests]   |                 found_test = True\n[tests/run-tests]   |                 self.test_type_name = poss_test_type[\"title\"]\n[tests/run-tests]   |                 # Check if you're supposed to run it:\n[tests/run-tests]   |                 helpers.skipTestsIfNecessary(config=self.config, test_name=self.test_info[\"title\"], file_name=self.file_name, test_type=self.test_type_name)\n[tests/run-tests]   |                 # Run the test!!!\n[tests/run-tests]   | >               poss_test_type[\"method_pointer\"](\n[tests/run-tests]   |                     test_info=copy.copy(self.test_info),\n[tests/run-tests]   |                     config=copy.copy(self.config),\n[tests/run-tests]   |                     test_type_vars=copy.copy(poss_test_type[\"variables\"]),\n[tests/run-tests]   |                 )\n[tests/run-tests]   | \n[tests/run-tests]   | /home/runneradmin/.local/lib/python3.8/site-packages/automation/yamlfile.py:60: \n[tests/run-tests]   | _ _ _ _ _ _ _ _ _ _ _ _ _ _ _ _ _ _ _ _ _ _ _ _ _ _ _ _ _ _ _ _ _ _ _ _ _ _ _ _ \n[tests/run-tests]   | \n[tests/run-tests]   | args = {'config': <_pytest.config.Config object at 0x7f0e32ea7d90>, 'test_info': {'results': 'Fairbanks_S1_stack.yml', 'title': 'Test ASFSearchResults-format Fairbanks S1 Stack'}, 'test_type_vars': None}\n[tests/run-tests]   | test_info = {'results': 'Fairbanks_S1_stack.yml', 'title': 'Test ASFSearchResults-format Fairbanks S1 Stack'}\n[tests/run-tests]   | products = [{'baseline': {'ascendingNodeTime': '2021-01-02T03:02:58.934857', 'stateVectors': {'positions': {'postPosition': [-284...-SLC', ...}, 'properties': {'beamModeType': 'IW', 'browse': None, 'bytes': 4184931225, 'centerLat': 64.986, ...}, ...}]\n[tests/run-tests]   | results = [<asf_search.ASFProduct.ASFProduct object at 0x7f0e32e620d0>, <asf_search.ASFProduct.ASFProduct object at 0x7f0e32e62c70>, <asf_search.ASFProduct.ASFProduct object at 0x7f0e32e628b0>]\n[tests/run-tests]   | \n[tests/run-tests]   |     def test_output_format(**args) -> None:\n[tests/run-tests]   |         test_info = args['test_info']\n[tests/run-tests]   |     \n[tests/run-tests]   |         products = get_resource(test_info['results'])\n[tests/run-tests]   |         if not isinstance(products, List):\n[tests/run-tests]   |             products = [products]\n[tests/run-tests]   |         results = ASFSearchResults([ASFProduct(args={'meta': product['meta'], 'umm': product['umm']}) for product in products])\n[tests/run-tests]   |     \n[tests/run-tests]   | >       run_test_output_format(results)\n[tests/run-tests]   | \n[tests/run-tests]   | tests/pytest-managers.py:450: \n[tests/run-tests]   | _ _ _ _ _ _ _ _ _ _ _ _ _ _ _ _ _ _ _ _ _ _ _ _ _ _ _ _ _ _ _ _ _ _ _ _ _ _ _ _ \n[tests/run-tests]   | \n[tests/run-tests]   | results = [<asf_search.ASFProduct.ASFProduct object at 0x7f0e32e620d0>, <asf_search.ASFProduct.ASFProduct object at 0x7f0e32e62c70>, <asf_search.ASFProduct.ASFProduct object at 0x7f0e32e628b0>]\n[tests/run-tests]   | \n[tests/run-tests]   |     def run_test_output_format(results: ASFSearchResults):\n[tests/run-tests]   |         #search results are always sorted this way when returned from asf_search.search(),\n[tests/run-tests]   |         # but not all test case resources are\n[tests/run-tests]   |         results.sort(key=lambda p: (p.properties['stopTime'], p.properties['fileID']), reverse=True)\n[tests/run-tests]   |         product_list_str = ','.join([product.properties['fileID'] for product in results])\n[tests/run-tests]   |     \n[tests/run-tests]   |         results.searchComplete = True\n[tests/run-tests]   |     \n[tests/run-tests]   |         for output_type in ['csv', 'kml', 'metalink', 'jsonlite', 'jsonlite2', 'geojson']:\n[tests/run-tests]   |             expected = get_SearchAPI_Output(product_list_str, output_type)\n[tests/run-tests]   |             if output_type == 'csv':\n[tests/run-tests]   |                 check_csv(results, expected)\n[tests/run-tests]   |             if output_type == 'kml':\n[tests/run-tests]   |                 check_kml(results, expected)\n[tests/run-tests]   |             elif output_type == 'metalink':\n[tests/run-tests]   |                 check_metalink(results, expected)\n[tests/run-tests]   |             elif output_type in ['jsonlite', 'jsonlite2']:\n[tests/run-tests]   | >               check_jsonLite(results, expected, output_type)\n[tests/run-tests]   | \n[tests/run-tests]   | tests/ASFSearchResults/test_ASFSearchResults.py:38: \n[tests/run-tests]   | _ _ _ _ _ _ _ _ _ _ _ _ _ _ _ _ _ _ _ _ _ _ _ _ _ _ _ _ _ _ _ _ _ _ _ _ _ _ _ _ \n[tests/run-tests]   | \n[tests/run-tests]   | results = [<asf_search.ASFProduct.ASFProduct object at 0x7f0e32e620d0>, <asf_search.ASFProduct.ASFProduct object at 0x7f0e32e62c70>, <asf_search.ASFProduct.ASFProduct object at 0x7f0e32e628b0>]\n[tests/run-tests]   | expected_str = '{\\n  \"results\": [\\n    {\\n      \"beamMode\": \"IW\",\\n      \"browse\": [],\\n      \"canInSAR\": true,\\n      \"dataset\": \"Se...5.990250, -144.136368 64.386414, -149.246063 63.942123, -150.172562 65.531250, -144.751495 65.990250))\"\\n    }\\n  ]\\n}'\n[tests/run-tests]   | output_type = 'jsonlite'\n[tests/run-tests]   | \n[tests/run-tests]   |     def check_jsonLite(results: ASFSearchResults, expected_str: str, output_type: str):\n[tests/run-tests]   |         jsonlite2 = output_type == 'jsonlite2'\n[tests/run-tests]   |     \n[tests/run-tests]   |         expected = json.loads(expected_str)['results']\n[tests/run-tests]   |     \n[tests/run-tests]   |         if jsonlite2:\n[tests/run-tests]   |             wkt_key = 'w'\n[tests/run-tests]   |             wkt_unwrapped_key = 'wu'\n[tests/run-tests]   |         else:\n[tests/run-tests]   |             wkt_key = 'wkt'\n[tests/run-tests]   |             wkt_unwrapped_key = 'wkt_unwrapped'\n[tests/run-tests]   |     \n[tests/run-tests]   |         actual = json.loads(''.join(results.jsonlite2() if jsonlite2 else results.jsonlite()))['results']\n[tests/run-tests]   |     \n[tests/run-tests]   |         for idx, expected_product in enumerate(expected):\n[tests/run-tests]   |             wkt = expected_product.pop(wkt_key)\n[tests/run-tests]   |             wkt_unwrapped = expected_product.pop(wkt_unwrapped_key)\n[tests/run-tests]   |     \n[tests/run-tests]   |             for key in expected_product.keys():\n[tests/run-tests]   | >               assert actual[idx][key] == expected_product[key]\n[tests/run-tests]   | E               AssertionError: assert None == '003.31'\n[tests/run-tests]   | \n[tests/run-tests]   | tests/ASFSearchResults/test_ASFSearchResults.py:143: AssertionError\n[tests/run-tests]   | ------------------------- Captured yaml test info call -------------------------\n[tests/run-tests]   | Test failed\n[tests/run-tests]   |    Test: 'Test ASFSearchResults-format Fairbanks S1 Stack'\n[tests/run-tests]   |    File: 'test_ASFSearchResults.yml'\n[tests/run-tests]   |    Test Type: 'For running ASFSearchOptions tests'\n[tests/run-tests]   | _________________________________ test session _________________________________\n[tests/run-tests]   | [gw21] linux -- Python 3.8.10 /usr/bin/python3\n[tests/run-tests]   | \n[tests/run-tests]   | cls = <class '_pytest.runner.CallInfo'>\n[tests/run-tests]   | func = <function call_runtest_hook.<locals>.<lambda> at 0x7fe0c3ba61f0>\n[tests/run-tests]   | when = 'call'\n[tests/run-tests]   | reraise = (<class '_pytest.outcomes.Exit'>, <class 'KeyboardInterrupt'>)\n[tests/run-tests]   | \n[tests/run-tests]   |     @classmethod\n[tests/run-tests]   |     def from_call(\n[tests/run-tests]   |         cls,\n[tests/run-tests]   |         func: \"Callable[[], TResult]\",\n[tests/run-tests]   |         when: \"Literal['collect', 'setup', 'call', 'teardown']\",\n[tests/run-tests]   |         reraise: Optional[\n[tests/run-tests]   |             Union[Type[BaseException], Tuple[Type[BaseException], ...]]\n[tests/run-tests]   |         ] = None,\n[tests/run-tests]   |     ) -> \"CallInfo[TResult]\":\n[tests/run-tests]   |         \"\"\"Call func, wrapping the result in a CallInfo.\n[tests/run-tests]   |     \n[tests/run-tests]   |         :param func:\n[tests/run-tests]   |             The function to call. Called without arguments.\n[tests/run-tests]   |         :param when:\n[tests/run-tests]   |             The phase in which the function is called.\n[tests/run-tests]   |         :param reraise:\n[tests/run-tests]   |             Exception or exceptions that shall propagate if raised by the\n[tests/run-tests]   |             function, instead of being wrapped in the CallInfo.\n[tests/run-tests]   |         \"\"\"\n[tests/run-tests]   |         excinfo = None\n[tests/run-tests]   |         start = timing.time()\n[tests/run-tests]   |         precise_start = timing.perf_counter()\n[tests/run-tests]   |         try:\n[tests/run-tests]   | >           result: Optional[TResult] = func()\n[tests/run-tests]   | \n[tests/run-tests]   | /home/runneradmin/.local/lib/python3.8/site-packages/_pytest/runner.py:338: \n[tests/run-tests]   | _ _ _ _ _ _ _ _ _ _ _ _ _ _ _ _ _ _ _ _ _ _ _ _ _ _ _ _ _ _ _ _ _ _ _ _ _ _ _ _ \n[tests/run-tests]   | \n[tests/run-tests]   | >       lambda: ihook(item=item, **kwds), when=when, reraise=reraise\n[tests/run-tests]   |     )\n[tests/run-tests]   | \n[tests/run-tests]   | /home/runneradmin/.local/lib/python3.8/site-packages/_pytest/runner.py:259: \n[tests/run-tests]   | _ _ _ _ _ _ _ _ _ _ _ _ _ _ _ _ _ _ _ _ _ _ _ _ _ _ _ _ _ _ _ _ _ _ _ _ _ _ _ _ \n[tests/run-tests]   | \n[tests/run-tests]   | self = <_HookCaller 'pytest_runtest_call'>, args = ()\n[tests/run-tests]   | kwargs = {'item': <YamlItem Test ASFSearchResults-format Fairbanks slc>}\n[tests/run-tests]   | argname = 'item', firstresult = False\n[tests/run-tests]   | \n[tests/run-tests]   |     def __call__(self, *args, **kwargs):\n[tests/run-tests]   |         if args:\n[tests/run-tests]   |             raise TypeError(\"hook calling supports only keyword arguments\")\n[tests/run-tests]   |         assert not self.is_historic()\n[tests/run-tests]   |     \n[tests/run-tests]   |         # This is written to avoid expensive operations when not needed.\n[tests/run-tests]   |         if self.spec:\n[tests/run-tests]   |             for argname in self.spec.argnames:\n[tests/run-tests]   |                 if argname not in kwargs:\n[tests/run-tests]   |                     notincall = tuple(set(self.spec.argnames) - kwargs.keys())\n[tests/run-tests]   |                     warnings.warn(\n[tests/run-tests]   |                         \"Argument(s) {} which are declared in the hookspec \"\n[tests/run-tests]   |                         \"can not be found in this hook call\".format(notincall),\n[tests/run-tests]   |                         stacklevel=2,\n[tests/run-tests]   |                     )\n[tests/run-tests]   |                     break\n[tests/run-tests]   |     \n[tests/run-tests]   |             firstresult = self.spec.opts.get(\"firstresult\")\n[tests/run-tests]   |         else:\n[tests/run-tests]   |             firstresult = False\n[tests/run-tests]   |     \n[tests/run-tests]   | >       return self._hookexec(self.name, self.get_hookimpls(), kwargs, firstresult)\n[tests/run-tests]   | \n[tests/run-tests]   | /home/runneradmin/.local/lib/python3.8/site-packages/pluggy/_hooks.py:265: \n[tests/run-tests]   | _ _ _ _ _ _ _ _ _ _ _ _ _ _ _ _ _ _ _ _ _ _ _ _ _ _ _ _ _ _ _ _ _ _ _ _ _ _ _ _ \n[tests/run-tests]   | \n[tests/run-tests]   | self = <_pytest.config.PytestPluginManager object at 0x7fe0c8df1be0>\n[tests/run-tests]   | hook_name = 'pytest_runtest_call'\n[tests/run-tests]   | methods = [<HookImpl plugin_name='runner', plugin=<module '_pytest.runner' from '/home/runneradmin/.local/lib/python3.8/site-pac...unraisableexception' from '/home/runneradmin/.local/lib/python3.8/site-packages/_pytest/unraisableexception.py'>>, ...]\n[tests/run-tests]   | kwargs = {'item': <YamlItem Test ASFSearchResults-format Fairbanks slc>}\n[tests/run-tests]   | firstresult = False\n[tests/run-tests]   | \n[tests/run-tests]   |     def _hookexec(self, hook_name, methods, kwargs, firstresult):\n[tests/run-tests]   |         # called from all hookcaller instances.\n[tests/run-tests]   |         # enable_tracing will set its own wrapping function at self._inner_hookexec\n[tests/run-tests]   | >       return self._inner_hookexec(hook_name, methods, kwargs, firstresult)\n[tests/run-tests]   | \n[tests/run-tests]   | /home/runneradmin/.local/lib/python3.8/site-packages/pluggy/_manager.py:80: \n[tests/run-tests]   | _ _ _ _ _ _ _ _ _ _ _ _ _ _ _ _ _ _ _ _ _ _ _ _ _ _ _ _ _ _ _ _ _ _ _ _ _ _ _ _ \n[tests/run-tests]   | \n[tests/run-tests]   | hook_name = 'pytest_runtest_call'\n[tests/run-tests]   | hook_impls = [<HookImpl plugin_name='runner', plugin=<module '_pytest.runner' from '/home/runneradmin/.local/lib/python3.8/site-pac...unraisableexception' from '/home/runneradmin/.local/lib/python3.8/site-packages/_pytest/unraisableexception.py'>>, ...]\n[tests/run-tests]   | caller_kwargs = {'item': <YamlItem Test ASFSearchResults-format Fairbanks slc>}\n[tests/run-tests]   | firstresult = False\n[tests/run-tests]   | \n[tests/run-tests]   |     def _multicall(hook_name, hook_impls, caller_kwargs, firstresult):\n[tests/run-tests]   |         \"\"\"Execute a call into multiple python functions/methods and return the\n[tests/run-tests]   |         result(s).\n[tests/run-tests]   |     \n[tests/run-tests]   |         ``caller_kwargs`` comes from _HookCaller.__call__().\n[tests/run-tests]   |         \"\"\"\n[tests/run-tests]   |         __tracebackhide__ = True\n[tests/run-tests]   |         results = []\n[tests/run-tests]   |         excinfo = None\n[tests/run-tests]   |         try:  # run impl and wrapper setup functions in a loop\n[tests/run-tests]   |             teardowns = []\n[tests/run-tests]   |             try:\n[tests/run-tests]   |                 for hook_impl in reversed(hook_impls):\n[tests/run-tests]   |                     try:\n[tests/run-tests]   |                         args = [caller_kwargs[argname] for argname in hook_impl.argnames]\n[tests/run-tests]   |                     except KeyError:\n[tests/run-tests]   |                         for argname in hook_impl.argnames:\n[tests/run-tests]   |                             if argname not in caller_kwargs:\n[tests/run-tests]   |                                 raise HookCallError(\n[tests/run-tests]   |                                     f\"hook call must provide argument {argname!r}\"\n[tests/run-tests]   |                                 )\n[tests/run-tests]   |     \n[tests/run-tests]   |                     if hook_impl.hookwrapper:\n[tests/run-tests]   |                         try:\n[tests/run-tests]   |                             gen = hook_impl.function(*args)\n[tests/run-tests]   |                             next(gen)  # first yield\n[tests/run-tests]   |                             teardowns.append(gen)\n[tests/run-tests]   |                         except StopIteration:\n[tests/run-tests]   |                             _raise_wrapfail(gen, \"did not yield\")\n[tests/run-tests]   |                     else:\n[tests/run-tests]   |                         res = hook_impl.function(*args)\n[tests/run-tests]   |                         if res is not None:\n[tests/run-tests]   |                             results.append(res)\n[tests/run-tests]   |                             if firstresult:  # halt further impl calls\n[tests/run-tests]   |                                 break\n[tests/run-tests]   |             except BaseException:\n[tests/run-tests]   |                 excinfo = sys.exc_info()\n[tests/run-tests]   |         finally:\n[tests/run-tests]   |             if firstresult:  # first result hooks return a single value\n[tests/run-tests]   |                 outcome = _Result(results[0] if results else None, excinfo)\n[tests/run-tests]   |             else:\n[tests/run-tests]   |                 outcome = _Result(results, excinfo)\n[tests/run-tests]   |     \n[tests/run-tests]   |             # run all wrapper post-yield blocks\n[tests/run-tests]   |             for gen in reversed(teardowns):\n[tests/run-tests]   |                 try:\n[tests/run-tests]   |                     gen.send(outcome)\n[tests/run-tests]   |                     _raise_wrapfail(gen, \"has second yield\")\n[tests/run-tests]   |                 except StopIteration:\n[tests/run-tests]   |                     pass\n[tests/run-tests]   |     \n[tests/run-tests]   | >           return outcome.get_result()\n[tests/run-tests]   | \n[tests/run-tests]   | /home/runneradmin/.local/lib/python3.8/site-packages/pluggy/_callers.py:60: \n[tests/run-tests]   | _ _ _ _ _ _ _ _ _ _ _ _ _ _ _ _ _ _ _ _ _ _ _ _ _ _ _ _ _ _ _ _ _ _ _ _ _ _ _ _ \n[tests/run-tests]   | \n[tests/run-tests]   | self = <pluggy._result._Result object at 0x7fe01f9a92b0>\n[tests/run-tests]   | \n[tests/run-tests]   |     def get_result(self):\n[tests/run-tests]   |         \"\"\"Get the result(s) for this hook call.\n[tests/run-tests]   |     \n[tests/run-tests]   |         If the hook was marked as a ``firstresult`` only a single value\n[tests/run-tests]   |         will be returned otherwise a list of results.\n[tests/run-tests]   |         \"\"\"\n[tests/run-tests]   |         __tracebackhide__ = True\n[tests/run-tests]   |         if self._excinfo is None:\n[tests/run-tests]   |             return self._result\n[tests/run-tests]   |         else:\n[tests/run-tests]   |             ex = self._excinfo\n[tests/run-tests]   | >           raise ex[1].with_traceback(ex[2])\n[tests/run-tests]   | \n[tests/run-tests]   | /home/runneradmin/.local/lib/python3.8/site-packages/pluggy/_result.py:60: \n[tests/run-tests]   | _ _ _ _ _ _ _ _ _ _ _ _ _ _ _ _ _ _ _ _ _ _ _ _ _ _ _ _ _ _ _ _ _ _ _ _ _ _ _ _ \n[tests/run-tests]   | \n[tests/run-tests]   | hook_name = 'pytest_runtest_call'\n[tests/run-tests]   | hook_impls = [<HookImpl plugin_name='runner', plugin=<module '_pytest.runner' from '/home/runneradmin/.local/lib/python3.8/site-pac...unraisableexception' from '/home/runneradmin/.local/lib/python3.8/site-packages/_pytest/unraisableexception.py'>>, ...]\n[tests/run-tests]   | caller_kwargs = {'item': <YamlItem Test ASFSearchResults-format Fairbanks slc>}\n[tests/run-tests]   | firstresult = False\n[tests/run-tests]   | \n[tests/run-tests]   |     def _multicall(hook_name, hook_impls, caller_kwargs, firstresult):\n[tests/run-tests]   |         \"\"\"Execute a call into multiple python functions/methods and return the\n[tests/run-tests]   |         result(s).\n[tests/run-tests]   |     \n[tests/run-tests]   |         ``caller_kwargs`` comes from _HookCaller.__call__().\n[tests/run-tests]   |         \"\"\"\n[tests/run-tests]   |         __tracebackhide__ = True\n[tests/run-tests]   |         results = []\n[tests/run-tests]   |         excinfo = None\n[tests/run-tests]   |         try:  # run impl and wrapper setup functions in a loop\n[tests/run-tests]   |             teardowns = []\n[tests/run-tests]   |             try:\n[tests/run-tests]   |                 for hook_impl in reversed(hook_impls):\n[tests/run-tests]   |                     try:\n[tests/run-tests]   |                         args = [caller_kwargs[argname] for argname in hook_impl.argnames]\n[tests/run-tests]   |                     except KeyError:\n[tests/run-tests]   |                         for argname in hook_impl.argnames:\n[tests/run-tests]   |                             if argname not in caller_kwargs:\n[tests/run-tests]   |                                 raise HookCallError(\n[tests/run-tests]   |                                     f\"hook call must provide argument {argname!r}\"\n[tests/run-tests]   |                                 )\n[tests/run-tests]   |     \n[tests/run-tests]   |                     if hook_impl.hookwrapper:\n[tests/run-tests]   |                         try:\n[tests/run-tests]   |                             gen = hook_impl.function(*args)\n[tests/run-tests]   |                             next(gen)  # first yield\n[tests/run-tests]   |                             teardowns.append(gen)\n[tests/run-tests]   |                         except StopIteration:\n[tests/run-tests]   |                             _raise_wrapfail(gen, \"did not yield\")\n[tests/run-tests]   |                     else:\n[tests/run-tests]   | >                       res = hook_impl.function(*args)\n[tests/run-tests]   | \n[tests/run-tests]   | /home/runneradmin/.local/lib/python3.8/site-packages/pluggy/_callers.py:39: \n[tests/run-tests]   | _ _ _ _ _ _ _ _ _ _ _ _ _ _ _ _ _ _ _ _ _ _ _ _ _ _ _ _ _ _ _ _ _ _ _ _ _ _ _ _ \n[tests/run-tests]   | \n[tests/run-tests]   | item = <YamlItem Test ASFSearchResults-format Fairbanks slc>\n[tests/run-tests]   | \n[tests/run-tests]   |     def pytest_runtest_call(item: Item) -> None:\n[tests/run-tests]   |         _update_current_test_var(item, \"call\")\n[tests/run-tests]   |         try:\n[tests/run-tests]   |             del sys.last_type\n[tests/run-tests]   |             del sys.last_value\n[tests/run-tests]   |             del sys.last_traceback\n[tests/run-tests]   |         except AttributeError:\n[tests/run-tests]   |             pass\n[tests/run-tests]   |         try:\n[tests/run-tests]   |             item.runtest()\n[tests/run-tests]   |         except Exception as e:\n[tests/run-tests]   |             # Store trace info to allow postmortem debugging\n[tests/run-tests]   |             sys.last_type = type(e)\n[tests/run-tests]   |             sys.last_value = e\n[tests/run-tests]   |             assert e.__traceback__ is not None\n[tests/run-tests]   |             # Skip *this* frame\n[tests/run-tests]   |             sys.last_traceback = e.__traceback__.tb_next\n[tests/run-tests]   | >           raise e\n[tests/run-tests]   | \n[tests/run-tests]   | /home/runneradmin/.local/lib/python3.8/site-packages/_pytest/runner.py:174: \n[tests/run-tests]   | _ _ _ _ _ _ _ _ _ _ _ _ _ _ _ _ _ _ _ _ _ _ _ _ _ _ _ _ _ _ _ _ _ _ _ _ _ _ _ _ \n[tests/run-tests]   | \n[tests/run-tests]   | item = <YamlItem Test ASFSearchResults-format Fairbanks slc>\n[tests/run-tests]   | \n[tests/run-tests]   |     def pytest_runtest_call(item: Item) -> None:\n[tests/run-tests]   |         _update_current_test_var(item, \"call\")\n[tests/run-tests]   |         try:\n[tests/run-tests]   |             del sys.last_type\n[tests/run-tests]   |             del sys.last_value\n[tests/run-tests]   |             del sys.last_traceback\n[tests/run-tests]   |         except AttributeError:\n[tests/run-tests]   |             pass\n[tests/run-tests]   |         try:\n[tests/run-tests]   | >           item.runtest()\n[tests/run-tests]   | \n[tests/run-tests]   | /home/runneradmin/.local/lib/python3.8/site-packages/_pytest/runner.py:166: \n[tests/run-tests]   | _ _ _ _ _ _ _ _ _ _ _ _ _ _ _ _ _ _ _ _ _ _ _ _ _ _ _ _ _ _ _ _ _ _ _ _ _ _ _ _ \n[tests/run-tests]   | \n[tests/run-tests]   | self = <YamlItem Test ASFSearchResults-format Fairbanks slc>\n[tests/run-tests]   | \n[tests/run-tests]   |     def runtest(self) -> None:\n[tests/run-tests]   |         # Look for the right config to run off of:\n[tests/run-tests]   |         found_test = False\n[tests/run-tests]   |         for poss_test_type in PYTEST_CONFIG_INFO[\"test_types\"]:\n[tests/run-tests]   |             # *ONLY IF* required_* is used, make sure the test only runs if it's check passes. If it's not used, default pass anyways:\n[tests/run-tests]   |             passed_key_check = True if \"required_keys\" not in poss_test_type or set(poss_test_type[\"required_keys\"]).issubset(self.test_info) else False\n[tests/run-tests]   |             passed_title_check = True if \"required_in_title\" not in poss_test_type or poss_test_type[\"required_in_title\"].lower() in self.test_info[\"title\"].lower() else False\n[tests/run-tests]   |     \n[tests/run-tests]   |             # If you pass all filters, congrats! You can run the test:\n[tests/run-tests]   |             if passed_key_check and passed_title_check:\n[tests/run-tests]   |                 found_test = True\n[tests/run-tests]   |                 self.test_type_name = poss_test_type[\"title\"]\n[tests/run-tests]   |                 # Check if you're supposed to run it:\n[tests/run-tests]   |                 helpers.skipTestsIfNecessary(config=self.config, test_name=self.test_info[\"title\"], file_name=self.file_name, test_type=self.test_type_name)\n[tests/run-tests]   |                 # Run the test!!!\n[tests/run-tests]   | >               poss_test_type[\"method_pointer\"](\n[tests/run-tests]   |                     test_info=copy.copy(self.test_info),\n[tests/run-tests]   |                     config=copy.copy(self.config),\n[tests/run-tests]   |                     test_type_vars=copy.copy(poss_test_type[\"variables\"]),\n[tests/run-tests]   |                 )\n[tests/run-tests]   | \n[tests/run-tests]   | /home/runneradmin/.local/lib/python3.8/site-packages/automation/yamlfile.py:60: \n[tests/run-tests]   | _ _ _ _ _ _ _ _ _ _ _ _ _ _ _ _ _ _ _ _ _ _ _ _ _ _ _ _ _ _ _ _ _ _ _ _ _ _ _ _ \n[tests/run-tests]   | \n[tests/run-tests]   | args = {'config': <_pytest.config.Config object at 0x7fe01fa17a60>, 'test_info': {'results': ['Fairbanks_SLC.yml'], 'title': 'Test ASFSearchResults-format Fairbanks slc'}, 'test_type_vars': None}\n[tests/run-tests]   | test_info = {'results': ['Fairbanks_SLC.yml'], 'title': 'Test ASFSearchResults-format Fairbanks slc'}\n[tests/run-tests]   | products = [{'baseline': {'ascendingNodeTime': '2021-01-02T03:02:58.934857', 'stateVectors': {'positions': {'postPosition': [-284...SLC', ...}, 'properties': {'beamModeType': 'IW', 'browse': None, 'bytes': 4193723581, 'centerLat': 64.9861, ...}, ...}]\n[tests/run-tests]   | results = [<asf_search.ASFProduct.ASFProduct object at 0x7fe01fa1cee0>]\n[tests/run-tests]   | \n[tests/run-tests]   |     def test_output_format(**args) -> None:\n[tests/run-tests]   |         test_info = args['test_info']\n[tests/run-tests]   |     \n[tests/run-tests]   |         products = get_resource(test_info['results'])\n[tests/run-tests]   |         if not isinstance(products, List):\n[tests/run-tests]   |             products = [products]\n[tests/run-tests]   |         results = ASFSearchResults([ASFProduct(args={'meta': product['meta'], 'umm': product['umm']}) for product in products])\n[tests/run-tests]   |     \n[tests/run-tests]   | >       run_test_output_format(results)\n[tests/run-tests]   | \n[tests/run-tests]   | tests/pytest-managers.py:450: \n[tests/run-tests]   | _ _ _ _ _ _ _ _ _ _ _ _ _ _ _ _ _ _ _ _ _ _ _ _ _ _ _ _ _ _ _ _ _ _ _ _ _ _ _ _ \n[tests/run-tests]   | \n[tests/run-tests]   | results = [<asf_search.ASFProduct.ASFProduct object at 0x7fe01fa1cee0>]\n[tests/run-tests]   | \n[tests/run-tests]   |     def run_test_output_format(results: ASFSearchResults):\n[tests/run-tests]   |         #search results are always sorted this way when returned from asf_search.search(),\n[tests/run-tests]   |         # but not all test case resources are\n[tests/run-tests]   |         results.sort(key=lambda p: (p.properties['stopTime'], p.properties['fileID']), reverse=True)\n[tests/run-tests]   |         product_list_str = ','.join([product.properties['fileID'] for product in results])\n[tests/run-tests]   |     \n[tests/run-tests]   |         results.searchComplete = True\n[tests/run-tests]   |     \n[tests/run-tests]   |         for output_type in ['csv', 'kml', 'metalink', 'jsonlite', 'jsonlite2', 'geojson']:\n[tests/run-tests]   |             expected = get_SearchAPI_Output(product_list_str, output_type)\n[tests/run-tests]   |             if output_type == 'csv':\n[tests/run-tests]   |                 check_csv(results, expected)\n[tests/run-tests]   |             if output_type == 'kml':\n[tests/run-tests]   |                 check_kml(results, expected)\n[tests/run-tests]   |             elif output_type == 'metalink':\n[tests/run-tests]   |                 check_metalink(results, expected)\n[tests/run-tests]   |             elif output_type in ['jsonlite', 'jsonlite2']:\n[tests/run-tests]   | >               check_jsonLite(results, expected, output_type)\n[tests/run-tests]   | \n[tests/run-tests]   | tests/ASFSearchResults/test_ASFSearchResults.py:38: \n[tests/run-tests]   | _ _ _ _ _ _ _ _ _ _ _ _ _ _ _ _ _ _ _ _ _ _ _ _ _ _ _ _ _ _ _ _ _ _ _ _ _ _ _ _ \n[tests/run-tests]   | \n[tests/run-tests]   | results = [<asf_search.ASFProduct.ASFProduct object at 0x7fe01fa1cee0>]\n[tests/run-tests]   | expected_str = '{\\n  \"results\": [\\n    {\\n      \"beamMode\": \"IW\",\\n      \"browse\": [],\\n      \"canInSAR\": true,\\n      \"dataset\": \"Se...5.990250, -144.136368 64.386414, -149.246063 63.942123, -150.172562 65.531250, -144.751495 65.990250))\"\\n    }\\n  ]\\n}'\n[tests/run-tests]   | output_type = 'jsonlite'\n[tests/run-tests]   | \n[tests/run-tests]   |     def check_jsonLite(results: ASFSearchResults, expected_str: str, output_type: str):\n[tests/run-tests]   |         jsonlite2 = output_type == 'jsonlite2'\n[tests/run-tests]   |     \n[tests/run-tests]   |         expected = json.loads(expected_str)['results']\n[tests/run-tests]   |     \n[tests/run-tests]   |         if jsonlite2:\n[tests/run-tests]   |             wkt_key = 'w'\n[tests/run-tests]   |             wkt_unwrapped_key = 'wu'\n[tests/run-tests]   |         else:\n[tests/run-tests]   |             wkt_key = 'wkt'\n[tests/run-tests]   |             wkt_unwrapped_key = 'wkt_unwrapped'\n[tests/run-tests]   |     \n[tests/run-tests]   |         actual = json.loads(''.join(results.jsonlite2() if jsonlite2 else results.jsonlite()))['results']\n[tests/run-tests]   |     \n[tests/run-tests]   |         for idx, expected_product in enumerate(expected):\n[tests/run-tests]   |             wkt = expected_product.pop(wkt_key)\n[tests/run-tests]   |             wkt_unwrapped = expected_product.pop(wkt_unwrapped_key)\n[tests/run-tests]   |     \n[tests/run-tests]   |             for key in expected_product.keys():\n[tests/run-tests]   | >               assert actual[idx][key] == expected_product[key]\n[tests/run-tests]   | E               AssertionError: assert None == '003.31'\n[tests/run-tests]   | \n[tests/run-tests]   | tests/ASFSearchResults/test_ASFSearchResults.py:143: AssertionError\n[tests/run-tests]   | ------------------------- Captured yaml test info call -------------------------\n[tests/run-tests]   | Test failed\n[tests/run-tests]   |    Test: 'Test ASFSearchResults-format Fairbanks slc'\n[tests/run-tests]   |    File: 'test_ASFSearchResults.yml'\n[tests/run-tests]   |    Test Type: 'For running ASFSearchOptions tests'\n[tests/run-tests]   | =============================== warnings summary ===============================\n[tests/run-tests]   | ../../../home/runneradmin/.local/lib/python3.8/site-packages/xdist/plugin.py:252: 65 warnings\n[tests/run-tests]   |   /home/runneradmin/.local/lib/python3.8/site-packages/xdist/plugin.py:252: DeprecationWarning: The --rsyncdir command line argument and rsyncdirs config variable are deprecated.\n[tests/run-tests]   |   The rsync feature will be removed in pytest-xdist 4.0.\n[tests/run-tests]   |     config.issue_config_time_warning(warning, 2)\n[tests/run-tests]   | \n[tests/run-tests]   | -- Docs: https://docs.pytest.org/en/stable/how-to/capture-warnings.html\n[tests/run-tests]   | \n[tests/run-tests]   | ---------- coverage: platform linux, python 3.8.10-final-0 -----------\n[tests/run-tests]   | Coverage XML written to file coverage.xml\n[tests/run-tests]   | \n[tests/run-tests]   | =========================== short test summary info ============================\n[tests/run-tests]   | FAILED tests/yml_tests/test_ASFSearchResults.yml::Test ASFSearchResults-format Fairbanks S1 Stack\n[tests/run-tests]   | FAILED tests/yml_tests/test_ASFSearchResults.yml::Test ASFSearchResults-format Fairbanks slc\n[tests/run-tests]   | ============ 2 failed, 149 passed, 65 warnings in 77.06s (0:01:17) =============\n[tests/run-tests]   | /home/runneradmin/.local/lib/python3.8/site-packages/automation/helpers.py:174: UserWarning: Test type found without required_keys AND required_files used, but there are test types after this one. Tests can't pass 'For running ASFSearchOptions tests' and run on those.\n[tests/run-tests]   |   warnings.warn(UserWarning(f\"Test type found without required_keys AND required_files used, but there are test types after this one. Tests can't pass '{test_info['title']}' and run on those.\"))\n[tests/run-tests]   | /home/runneradmin/.local/lib/python3.8/site-packages/automation/helpers.py:174: UserWarning: Test type found without required_keys AND required_files used, but there are test types after this one. Tests can't pass 'For running serialization tests' and run on those.\n[tests/run-tests]   |   warnings.warn(UserWarning(f\"Test type found without required_keys AND required_files used, but there are test types after this one. Tests can't pass '{test_info['title']}' and run on those.\"))\n[tests/run-tests]   \u274c  Failure - Main Run Tests\n[tests/run-tests] exitcode '1': failure\n[tests/run-tests] \ud83c\udfc1  Job failed\n",
    "actions_stderr": "Error: Job 'run-tests' failed\n"
}