{
    "repository": "CODAIT/hadoop-yarn-api-python-client",
    "clone_url": "https://github.com/CODAIT/hadoop-yarn-api-python-client.git",
    "timestamp": "2023-05-29T15:28:41.849751Z",
    "clone_success": true,
    "number of actions": 1,
    "number_of_test_actions": 1,
    "actions_successful": false,
    "actions_stdout": "[Builds/build] \ud83d\ude80  Start image=crawlergpt:latest\n[Builds/build]   \ud83d\udc33  docker pull image=crawlergpt:latest platform= username= forcePull=false\n[Builds/build]   \ud83d\udc33  docker create image=crawlergpt:latest platform= entrypoint=[\"tail\" \"-f\" \"/dev/null\"] cmd=[]\n[Builds/build]   \ud83d\udc33  docker run image=crawlergpt:latest platform= entrypoint=[\"tail\" \"-f\" \"/dev/null\"] cmd=[]\n[Builds/build]   \ud83d\udc33  docker exec cmd=[chown -R 1012:1000 /tmp/de65f406-fe28-11ed-a890-af2cc187fc11/CODAIT-hadoop-yarn-api-python-client] user=0 workdir=\n[Builds/build]   \u2601  git clone 'https://github.com/actions/setup-python' # ref=v1\n[Builds/build] \ud83e\uddea  Matrix: map[os:ubuntu-latest python-version:3.6]\n[Builds/build] \u2b50 Run Main Checkout\n[Builds/build]   \u2705  Success - Main Checkout\n[Builds/build] \u2b50 Run Main Set up Python 3.6\n[Builds/build]   \ud83d\udc33  docker cp src=/home/andre-silva/.cache/act/actions-setup-python@v1/ dst=/var/run/act/actions/actions-setup-python@v1/\n[Builds/build]   \ud83d\udc33  docker exec cmd=[chown -R 1012:1000 /var/run/act/actions/actions-setup-python@v1/] user=0 workdir=\n[Builds/build]   \ud83d\udc33  docker exec cmd=[node /var/run/act/actions/actions-setup-python@v1/dist/index.js] user= workdir=\n[Builds/build]   \ud83d\udcac  ::debug::Semantic version spec of 3.6 is 3.6\n[Builds/build]   \ud83d\udcac  ::debug::isExplicit: \n[Builds/build]   \ud83d\udcac  ::debug::explicit? false\n[Builds/build]   \ud83d\udcac  ::debug::isExplicit: 2.7.18\n[Builds/build]   \ud83d\udcac  ::debug::explicit? true\n[Builds/build]   \ud83d\udcac  ::debug::isExplicit: 3.5.10\n[Builds/build]   \ud83d\udcac  ::debug::explicit? true\n[Builds/build]   \ud83d\udcac  ::debug::isExplicit: 3.6.14\n[Builds/build]   \ud83d\udcac  ::debug::explicit? true\n[Builds/build]   \ud83d\udcac  ::debug::isExplicit: 3.7.11\n[Builds/build]   \ud83d\udcac  ::debug::explicit? true\n[Builds/build]   \ud83d\udcac  ::debug::isExplicit: 3.8.11\n[Builds/build]   \ud83d\udcac  ::debug::explicit? true\n[Builds/build]   \ud83d\udcac  ::debug::isExplicit: 3.9.6\n[Builds/build]   \ud83d\udcac  ::debug::explicit? true\n[Builds/build]   \ud83d\udcac  ::debug::evaluating 6 versions\n[Builds/build]   \ud83d\udcac  ::debug::matched: 3.6.14\n[Builds/build]   \ud83d\udcac  ::debug::checking cache: /opt/hostedtoolcache/Python/3.6.14/x64\n[Builds/build]   \ud83d\udcac  ::debug::Found tool in cache Python 3.6.14 x64\n[Builds/build]   | Successfully setup CPython (3.6.14)\n[Builds/build]   \u2753 add-matcher /run/act/actions/actions-setup-python@v1/.github/python.json\n[Builds/build]   \u2705  Success - Main Set up Python 3.6\n[Builds/build]   \u2699  ::set-env:: pythonLocation=/opt/hostedtoolcache/Python/3.6.14/x64\n[Builds/build]   \u2699  ::set-output:: python-version=3.6.14\n[Builds/build]   \u2699  ::add-path:: /opt/hostedtoolcache/Python/3.6.14/x64\n[Builds/build]   \u2699  ::add-path:: /opt/hostedtoolcache/Python/3.6.14/x64/bin\n[Builds/build] \u2b50 Run Main Install Dependencies (Linux)\n[Builds/build]   \ud83d\udc33  docker exec cmd=[bash --noprofile --norc -e -o pipefail /var/run/act/workflow/2] user= workdir=\n[Builds/build]   | Reading package lists...\n[Builds/build]   | Building dependency tree...\n[Builds/build]   | Reading state information...\n[Builds/build]   | libkrb5-dev is already the newest version (1.17-6ubuntu4.1).\n[Builds/build]   | 0 upgraded, 0 newly installed, 0 to remove and 20 not upgraded.\n[Builds/build]   \u2705  Success - Main Install Dependencies (Linux)\n[Builds/build] \u2b50 Run Main Install dependencies\n[Builds/build]   \ud83d\udc33  docker exec cmd=[bash --noprofile --norc -e -o pipefail /var/run/act/workflow/3] user= workdir=\n[Builds/build]   | Requirement already satisfied: setuptools in /opt/hostedtoolcache/Python/3.6.14/x64/lib/python3.6/site-packages (40.6.2)\n[Builds/build]   | Collecting setuptools\n[Builds/build]   |   Downloading setuptools-59.6.0-py3-none-any.whl (952 kB)\n[Builds/build]   | Requirement already satisfied: pip in /opt/hostedtoolcache/Python/3.6.14/x64/lib/python3.6/site-packages (21.2.4)\n[Builds/build]   | Collecting pip\n[Builds/build]   |   Downloading pip-21.3.1-py3-none-any.whl (1.7 MB)\n[Builds/build]   | Collecting tox\n[Builds/build]   |   Downloading tox-3.28.0-py2.py3-none-any.whl (86 kB)\n[Builds/build]   | Collecting tox-gh-actions\n[Builds/build]   |   Downloading tox_gh_actions-2.12.0-py2.py3-none-any.whl (11 kB)\n[Builds/build]   | Collecting coveralls\n[Builds/build]   |   Downloading coveralls-3.3.1-py2.py3-none-any.whl (14 kB)\n[Builds/build]   | Collecting six>=1.14.0\n[Builds/build]   |   Downloading six-1.16.0-py2.py3-none-any.whl (11 kB)\n[Builds/build]   | Collecting packaging>=14\n[Builds/build]   |   Downloading packaging-21.3-py3-none-any.whl (40 kB)\n[Builds/build]   | Collecting importlib-metadata>=0.12\n[Builds/build]   |   Downloading importlib_metadata-4.8.3-py3-none-any.whl (17 kB)\n[Builds/build]   | Collecting toml>=0.10.2\n[Builds/build]   |   Downloading toml-0.10.2-py2.py3-none-any.whl (16 kB)\n[Builds/build]   | Collecting py>=1.4.17\n[Builds/build]   |   Downloading py-1.11.0-py2.py3-none-any.whl (98 kB)\n[Builds/build]   | Collecting filelock>=3.0.0\n[Builds/build]   |   Downloading filelock-3.4.1-py3-none-any.whl (9.9 kB)\n[Builds/build]   | Collecting pluggy>=0.12.0\n[Builds/build]   |   Downloading pluggy-1.0.0-py2.py3-none-any.whl (13 kB)\n[Builds/build]   | Collecting virtualenv!=20.0.0,!=20.0.1,!=20.0.2,!=20.0.3,!=20.0.4,!=20.0.5,!=20.0.6,!=20.0.7,>=16.0.0\n[Builds/build]   |   Downloading virtualenv-20.17.1-py3-none-any.whl (8.8 MB)\n[Builds/build]   | Collecting importlib-resources\n[Builds/build]   |   Downloading importlib_resources-5.4.0-py3-none-any.whl (28 kB)\n[Builds/build]   | Collecting requests>=1.0.0\n[Builds/build]   |   Downloading requests-2.27.1-py2.py3-none-any.whl (63 kB)\n[Builds/build]   | Collecting coverage!=6.0.*,!=6.1,!=6.1.1,<7.0,>=4.1\n[Builds/build]   |   Downloading coverage-6.2-cp36-cp36m-manylinux_2_5_x86_64.manylinux1_x86_64.manylinux_2_12_x86_64.manylinux2010_x86_64.whl (212 kB)\n[Builds/build]   | Collecting docopt>=0.6.1\n[Builds/build]   |   Downloading docopt-0.6.2.tar.gz (25 kB)\n[Builds/build]   | Collecting zipp>=0.5\n[Builds/build]   |   Downloading zipp-3.6.0-py3-none-any.whl (5.3 kB)\n[Builds/build]   | Collecting typing-extensions>=3.6.4\n[Builds/build]   |   Downloading typing_extensions-4.1.1-py3-none-any.whl (26 kB)\n[Builds/build]   | Collecting pyparsing!=3.0.5,>=2.0.2\n[Builds/build]   |   Downloading pyparsing-3.0.9-py3-none-any.whl (98 kB)\n[Builds/build]   | Collecting certifi>=2017.4.17\n[Builds/build]   |   Downloading certifi-2023.5.7-py3-none-any.whl (156 kB)\n[Builds/build]   | Collecting urllib3<1.27,>=1.21.1\n[Builds/build]   |   Downloading urllib3-1.26.16-py2.py3-none-any.whl (143 kB)\n[Builds/build]   | Collecting idna<4,>=2.5\n[Builds/build]   |   Downloading idna-3.4-py3-none-any.whl (61 kB)\n[Builds/build]   | Collecting charset-normalizer~=2.0.0\n[Builds/build]   |   Downloading charset_normalizer-2.0.12-py3-none-any.whl (39 kB)\n[Builds/build]   | Collecting distlib<1,>=0.3.6\n[Builds/build]   |   Downloading distlib-0.3.6-py2.py3-none-any.whl (468 kB)\n[Builds/build]   | Collecting platformdirs<3,>=2.4\n[Builds/build]   |   Downloading platformdirs-2.4.0-py3-none-any.whl (14 kB)\n[Builds/build]   | Using legacy 'setup.py install' for docopt, since package 'wheel' is not installed.\n[Builds/build]   | Installing collected packages: zipp, typing-extensions, pyparsing, platformdirs, importlib-resources, importlib-metadata, filelock, distlib, virtualenv, urllib3, toml, six, py, pluggy, packaging, idna, charset-normalizer, certifi, tox, requests, docopt, coverage, tox-gh-actions, setuptools, pip, coveralls\n[Builds/build]   |     Running setup.py install for docopt: started\n[Builds/build]   |     Running setup.py install for docopt: finished with status 'done'\n[Builds/build]   |   Attempting uninstall: setuptools\n[Builds/build]   |     Found existing installation: setuptools 40.6.2\n[Builds/build]   |     Uninstalling setuptools-40.6.2:\n[Builds/build]   |       Successfully uninstalled setuptools-40.6.2\n[Builds/build]   |   Attempting uninstall: pip\n[Builds/build]   |     Found existing installation: pip 21.2.4\n[Builds/build]   |     Uninstalling pip-21.2.4:\n[Builds/build]   |       Successfully uninstalled pip-21.2.4\n[Builds/build]   | Successfully installed certifi-2023.5.7 charset-normalizer-2.0.12 coverage-6.2 coveralls-3.3.1 distlib-0.3.6 docopt-0.6.2 filelock-3.4.1 idna-3.4 importlib-metadata-4.8.3 importlib-resources-5.4.0 packaging-21.3 pip-21.3.1 platformdirs-2.4.0 pluggy-1.0.0 py-1.11.0 pyparsing-3.0.9 requests-2.27.1 setuptools-59.6.0 six-1.16.0 toml-0.10.2 tox-3.28.0 tox-gh-actions-2.12.0 typing-extensions-4.1.1 urllib3-1.26.16 virtualenv-20.17.1 zipp-3.6.0\n[Builds/build]   | certifi==2023.5.7\n[Builds/build]   | charset-normalizer==2.0.12\n[Builds/build]   | coverage==6.2\n[Builds/build]   | coveralls==3.3.1\n[Builds/build]   | distlib==0.3.6\n[Builds/build]   | docopt==0.6.2\n[Builds/build]   | filelock==3.4.1\n[Builds/build]   | idna==3.4\n[Builds/build]   | importlib-metadata==4.8.3\n[Builds/build]   | importlib-resources==5.4.0\n[Builds/build]   | packaging==21.3\n[Builds/build]   | platformdirs==2.4.0\n[Builds/build]   | pluggy==1.0.0\n[Builds/build]   | py==1.11.0\n[Builds/build]   | pyparsing==3.0.9\n[Builds/build]   | requests==2.27.1\n[Builds/build]   | six==1.16.0\n[Builds/build]   | toml==0.10.2\n[Builds/build]   | tox==3.28.0\n[Builds/build]   | tox-gh-actions==2.12.0\n[Builds/build]   | typing_extensions==4.1.1\n[Builds/build]   | urllib3==1.26.16\n[Builds/build]   | virtualenv==20.17.1\n[Builds/build]   | zipp==3.6.0\n[Builds/build]   \u2705  Success - Main Install dependencies\n[Builds/build] \u2b50 Run Main Run the tests\n[Builds/build]   \ud83d\udc33  docker exec cmd=[bash --noprofile --norc -e -o pipefail /var/run/act/workflow/4] user= workdir=\n[Builds/build]   \u2753 add-matcher /opt/hostedtoolcache/Python/3.6.14/x64/lib/python3.6/site-packages/tox_gh_actions/matcher.json\n[Builds/build]   | GLOB sdist-make: /tmp/de65f406-fe28-11ed-a890-af2cc187fc11/CODAIT-hadoop-yarn-api-python-client/setup.py\n[Builds/build]   | py36 create: /tmp/de65f406-fe28-11ed-a890-af2cc187fc11/CODAIT-hadoop-yarn-api-python-client/.tox/py36\n[Builds/build]   \u2753  ::group::tox: py36\n[Builds/build]   | py36 installdeps: coverage, mock, cryptography<=3.2.2, requests, pywinrm[kerberos], requests-kerberos, requests_mock\n[Builds/build]   | py36 inst: /tmp/de65f406-fe28-11ed-a890-af2cc187fc11/CODAIT-hadoop-yarn-api-python-client/.tox/.tmp/package/1/yarn-api-client-1.0.4.dev0.zip\n[Builds/build]   | py36 installed: certifi==2023.5.7,cffi==1.15.1,charset-normalizer==2.0.12,coverage==6.2,cryptography==3.2.1,dataclasses==0.8,decorator==5.1.1,gssapi==1.7.3,idna==3.4,krb5==0.3.0,mock==5.0.2,ntlm-auth==1.5.0,pycparser==2.21,pykerberos==1.2.4,pyspnego==0.5.4,pywinrm==0.4.3,requests==2.27.1,requests-kerberos==0.14.0,requests-mock==1.10.0,requests-ntlm==1.1.0,six==1.16.0,urllib3==1.26.16,xmltodict==0.13.0,yarn-api-client @ file:///tmp/de65f406-fe28-11ed-a890-af2cc187fc11/CODAIT-hadoop-yarn-api-python-client/.tox/.tmp/package/1/yarn-api-client-1.0.4.dev0.zip\n[Builds/build]   | py36 run-test-pre: PYTHONHASHSEED='2424973965'\n[Builds/build]   | py36 run-test: commands[0] | coverage run --source=yarn_api_client setup.py test\n[Builds/build]   | running test\n[Builds/build]   | /tmp/de65f406-fe28-11ed-a890-af2cc187fc11/CODAIT-hadoop-yarn-api-python-client/.tox/py36/lib/python3.6/site-packages/setuptools/dist.py:726: UserWarning: Usage of dash-separated 'description-file' will not be supported in future versions. Please use the underscore name 'description_file' instead\n[Builds/build]   |   % (opt, underscore_opt)\n[Builds/build]   | WARNING: Testing via this command is deprecated and will be removed in a future version. Users looking for a generic test entry point independent of test runner are encouraged to use tox.\n[Builds/build]   | running egg_info\n[Builds/build]   | writing yarn_api_client.egg-info/PKG-INFO\n[Builds/build]   | writing dependency_links to yarn_api_client.egg-info/dependency_links.txt\n[Builds/build]   | writing entry points to yarn_api_client.egg-info/entry_points.txt\n[Builds/build]   | writing requirements to yarn_api_client.egg-info/requires.txt\n[Builds/build]   | writing top-level names to yarn_api_client.egg-info/top_level.txt\n[Builds/build]   | reading manifest file 'yarn_api_client.egg-info/SOURCES.txt'\n[Builds/build]   | reading manifest template 'MANIFEST.in'\n[Builds/build]   | adding license file 'LICENSE'\n[Builds/build]   | writing manifest file 'yarn_api_client.egg-info/SOURCES.txt'\n[Builds/build]   | running build_ext\n[Builds/build]   | /tmp/de65f406-fe28-11ed-a890-af2cc187fc11/CODAIT-hadoop-yarn-api-python-client/.tox/py36/lib/python3.6/site-packages/setuptools/installer.py:30: SetuptoolsDeprecationWarning: setuptools.installer is deprecated. Requirements should be satisfied by a PEP 517 installer.\n[Builds/build]   |   SetuptoolsDeprecationWarning,\n[Builds/build]   | test__init__ (tests.test_resource_manager.ResourceManagerTestCase) ... ok\n[Builds/build]   | test_application_activities (tests.test_resource_manager.ResourceManagerTestCase) ... ok\n[Builds/build]   | test_cluster_application (tests.test_resource_manager.ResourceManagerTestCase) ... ok\n[Builds/build]   | test_cluster_application_attempt_container_info (tests.test_resource_manager.ResourceManagerTestCase) ... ok\n[Builds/build]   | test_cluster_application_attempt_containers (tests.test_resource_manager.ResourceManagerTestCase) ... ok\n[Builds/build]   | test_cluster_application_attempt_info (tests.test_resource_manager.ResourceManagerTestCase) ... ok\n[Builds/build]   | test_cluster_application_attempts (tests.test_resource_manager.ResourceManagerTestCase) ... ok\n[Builds/build]   | test_cluster_application_kill (tests.test_resource_manager.ResourceManagerTestCase) ... ok\n[Builds/build]   | test_cluster_application_state (tests.test_resource_manager.ResourceManagerTestCase) ... ok\n[Builds/build]   | test_cluster_application_statistics (tests.test_resource_manager.ResourceManagerTestCase) ... ok\n[Builds/build]   | test_cluster_application_timeout (tests.test_resource_manager.ResourceManagerTestCase) ... ok\n[Builds/build]   | test_cluster_application_timeouts (tests.test_resource_manager.ResourceManagerTestCase) ... ok\n[Builds/build]   | test_cluster_applications (tests.test_resource_manager.ResourceManagerTestCase) ... ok\n[Builds/build]   | test_cluster_cancel_delegation_token (tests.test_resource_manager.ResourceManagerTestCase) ... ok\n[Builds/build]   | test_cluster_change_application_priority (tests.test_resource_manager.ResourceManagerTestCase) ... ok\n[Builds/build]   | test_cluster_change_application_queue (tests.test_resource_manager.ResourceManagerTestCase) ... ok\n[Builds/build]   | test_cluster_container_signal (tests.test_resource_manager.ResourceManagerTestCase) ... ok\n[Builds/build]   | test_cluster_delete_reservation (tests.test_resource_manager.ResourceManagerTestCase) ... ok\n[Builds/build]   | test_cluster_get_application_priority (tests.test_resource_manager.ResourceManagerTestCase) ... ok\n[Builds/build]   | test_cluster_get_application_queue (tests.test_resource_manager.ResourceManagerTestCase) ... ok\n[Builds/build]   | test_cluster_information (tests.test_resource_manager.ResourceManagerTestCase) ... ok\n[Builds/build]   | test_cluster_metrics (tests.test_resource_manager.ResourceManagerTestCase) ... ok\n[Builds/build]   | test_cluster_modify_scheduler_conf_mutation (tests.test_resource_manager.ResourceManagerTestCase) ... ok\n[Builds/build]   | test_cluster_new_application (tests.test_resource_manager.ResourceManagerTestCase) ... ok\n[Builds/build]   | test_cluster_new_delegation_token (tests.test_resource_manager.ResourceManagerTestCase) ... ok\n[Builds/build]   | test_cluster_new_reservation (tests.test_resource_manager.ResourceManagerTestCase) ... ok\n[Builds/build]   | test_cluster_node (tests.test_resource_manager.ResourceManagerTestCase) ... ok\n[Builds/build]   | test_cluster_node_container_memory (tests.test_resource_manager.ResourceManagerTestCase) ... ok\n[Builds/build]   | test_cluster_node_update_resource (tests.test_resource_manager.ResourceManagerTestCase) ... ok\n[Builds/build]   | test_cluster_nodes (tests.test_resource_manager.ResourceManagerTestCase) ... ok\n[Builds/build]   | test_cluster_queue_partition (tests.test_resource_manager.ResourceManagerTestCase) ... ok\n[Builds/build]   | test_cluster_renew_delegation_token (tests.test_resource_manager.ResourceManagerTestCase) ... ok\n[Builds/build]   | test_cluster_reservations (tests.test_resource_manager.ResourceManagerTestCase) ... ok\n[Builds/build]   | test_cluster_scheduler (tests.test_resource_manager.ResourceManagerTestCase) ... ok\n[Builds/build]   | test_cluster_scheduler_conf_mutation (tests.test_resource_manager.ResourceManagerTestCase) ... ok\n[Builds/build]   | test_cluster_scheduler_queue_availability (tests.test_resource_manager.ResourceManagerTestCase) ... ok\n[Builds/build]   | test_cluster_submit_application (tests.test_resource_manager.ResourceManagerTestCase) ... ok\n[Builds/build]   | test_cluster_submit_reservation (tests.test_resource_manager.ResourceManagerTestCase) ... ok\n[Builds/build]   | test_cluster_update_application_timeout (tests.test_resource_manager.ResourceManagerTestCase) ... ok\n[Builds/build]   | test_cluster_update_reservation (tests.test_resource_manager.ResourceManagerTestCase) ... ok\n[Builds/build]   | test_scheduler_activities (tests.test_resource_manager.ResourceManagerTestCase) ... ok\n[Builds/build]   | test__init__ (tests.test_history_server.HistoryServerTestCase) ... ok\n[Builds/build]   | test_application_information (tests.test_history_server.HistoryServerTestCase) ... ok\n[Builds/build]   | test_job (tests.test_history_server.HistoryServerTestCase) ... ok\n[Builds/build]   | test_job_attempts (tests.test_history_server.HistoryServerTestCase) ... ok\n[Builds/build]   | test_job_conf (tests.test_history_server.HistoryServerTestCase) ... ok\n[Builds/build]   | test_job_counters (tests.test_history_server.HistoryServerTestCase) ... ok\n[Builds/build]   | test_job_task (tests.test_history_server.HistoryServerTestCase) ... ok\n[Builds/build]   | test_job_tasks (tests.test_history_server.HistoryServerTestCase) ... ok\n[Builds/build]   | test_jobs (tests.test_history_server.HistoryServerTestCase) ... ok\n[Builds/build]   | test_task_attempt (tests.test_history_server.HistoryServerTestCase) ... ok\n[Builds/build]   | test_task_attempt_counters (tests.test_history_server.HistoryServerTestCase) ... ok\n[Builds/build]   | test_task_attempts (tests.test_history_server.HistoryServerTestCase) ... ok\n[Builds/build]   | test_task_counters (tests.test_history_server.HistoryServerTestCase) ... ok\n[Builds/build]   | test_auxiliary_services (tests.test_node_manager.NodeManagerTestCase) ... ok\n[Builds/build]   | test_auxiliary_services_update (tests.test_node_manager.NodeManagerTestCase) ... ok\n[Builds/build]   | test_node_application (tests.test_node_manager.NodeManagerTestCase) ... ok\n[Builds/build]   | test_node_applications (tests.test_node_manager.NodeManagerTestCase) ... ok\n[Builds/build]   | test_node_container (tests.test_node_manager.NodeManagerTestCase) ... ok\n[Builds/build]   | test_node_containers (tests.test_node_manager.NodeManagerTestCase) ... ok\n[Builds/build]   | test_node_information (tests.test_node_manager.NodeManagerTestCase) ... ok\n[Builds/build]   | test__init__ (tests.test_application_master.AppMasterTestCase) ... ok\n[Builds/build]   | test_application_information (tests.test_application_master.AppMasterTestCase) ... ok\n[Builds/build]   | test_job (tests.test_application_master.AppMasterTestCase) ... ok\n[Builds/build]   | test_job_attempts (tests.test_application_master.AppMasterTestCase) ... ok\n[Builds/build]   | test_job_conf (tests.test_application_master.AppMasterTestCase) ... ok\n[Builds/build]   | test_job_counters (tests.test_application_master.AppMasterTestCase) ... ok\n[Builds/build]   | test_job_task (tests.test_application_master.AppMasterTestCase) ... ok\n[Builds/build]   | test_job_tasks (tests.test_application_master.AppMasterTestCase) ... ok\n[Builds/build]   | test_jobs (tests.test_application_master.AppMasterTestCase) ... ok\n[Builds/build]   | test_task_attempt (tests.test_application_master.AppMasterTestCase) ... ok\n[Builds/build]   | test_task_attempt_counters (tests.test_application_master.AppMasterTestCase) ... ok\n[Builds/build]   | test_task_attempt_state (tests.test_application_master.AppMasterTestCase) ... ok\n[Builds/build]   | test_task_attempt_state_kill (tests.test_application_master.AppMasterTestCase) ... ok\n[Builds/build]   | test_task_attempts (tests.test_application_master.AppMasterTestCase) ... ok\n[Builds/build]   | test_task_counters (tests.test_application_master.AppMasterTestCase) ... ok\n[Builds/build]   | test_check_is_active_rm (tests.test_hadoop_conf.HadoopConfTestCase) ... Failed to access RM 'https://example2:8022' - HTTP Code '500', continuing...\n[Builds/build]   | Failed to access RM 'https://example2:8022' - HTTP Code '404', continuing...\n[Builds/build]   | Failed to access RM 'https://example2:8022' - HTTP Code '401', continuing...\n[Builds/build]   | Exception encountered accessing RM 'example2:8022': '', continuing...\n[Builds/build]   | ok\n[Builds/build]   | test_get_jobhistory_endpoint (tests.test_hadoop_conf.HadoopConfTestCase) ... ok\n[Builds/build]   | test_get_nodemanager_endpoint (tests.test_hadoop_conf.HadoopConfTestCase) ... ok\n[Builds/build]   | test_get_resource_endpoint (tests.test_hadoop_conf.HadoopConfTestCase) ... ok\n[Builds/build]   | test_get_resource_endpoint_with_ha (tests.test_hadoop_conf.HadoopConfTestCase) ... ok\n[Builds/build]   | test_get_resource_manager (tests.test_hadoop_conf.HadoopConfTestCase) ... ok\n[Builds/build]   | test_get_rm_ids (tests.test_hadoop_conf.HadoopConfTestCase) ... ok\n[Builds/build]   | test_get_webproxy_endpoint (tests.test_hadoop_conf.HadoopConfTestCase) ... ok\n[Builds/build]   | test_parse (tests.test_hadoop_conf.HadoopConfTestCase) ... ok\n[Builds/build]   | test_bad_request (tests.test_base.BaseYarnAPITestCase) ... ok\n[Builds/build]   | test_http_configuration (tests.test_base.BaseYarnAPITestCase) ... ok\n[Builds/build]   | test_uri_parsing (tests.test_base.BaseYarnAPITestCase) ... ok\n[Builds/build]   | test_valid_request (tests.test_base.BaseYarnAPITestCase) ... ok\n[Builds/build]   | test_valid_request_with_parameters (tests.test_base.BaseYarnAPITestCase) ... ok\n[Builds/build]   | test_get_parser (tests.test_main.MainTestCase) ... ok\n[Builds/build]   | test_stats_len (tests.test_constants.ConstantsTestCase) ... ok\n[Builds/build]   | \n[Builds/build]   | ----------------------------------------------------------------------\n[Builds/build]   | Ran 92 tests in 0.154s\n[Builds/build]   | \n[Builds/build]   | OK\n[Builds/build]   \u2753  ::endgroup::\n[Builds/build]   | ___________________________________ summary ____________________________________\n[Builds/build]   |   py36: commands succeeded\n[Builds/build]   |   congratulations :)\n[Builds/build]   \u2753  ::remove-matcher owner=tox-gh-actions-warning-error::\n[Builds/build]   \u2753  ::remove-matcher owner=tox-gh-actions-deprecation-warning::\n[Builds/build]   \u2705  Success - Main Run the tests\n[Builds/build] \u2b50 Run Main Upload coverage data to coveralls.io\n[Builds/build]   \ud83d\udc33  docker exec cmd=[bash --noprofile --norc -e -o pipefail /var/run/act/workflow/5] user= workdir=\n[Builds/build]   | Running on Github Actions but GITHUB_TOKEN is not set. Add \"env: GITHUB_TOKEN: ${{ secrets.GITHUB_TOKEN }}\" to your step config.\n[Builds/build]   | Traceback (most recent call last):\n[Builds/build]   |   File \"/opt/hostedtoolcache/Python/3.6.14/x64/lib/python3.6/site-packages/coveralls/cli.py\", line 68, in main\n[Builds/build]   |     src_dir=options.get('--srcdir') or '')\n[Builds/build]   |   File \"/opt/hostedtoolcache/Python/3.6.14/x64/lib/python3.6/site-packages/coveralls/api.py\", line 49, in __init__\n[Builds/build]   |     self.ensure_token()\n[Builds/build]   |   File \"/opt/hostedtoolcache/Python/3.6.14/x64/lib/python3.6/site-packages/coveralls/api.py\", line 57, in ensure_token\n[Builds/build]   |     'Running on Github Actions but GITHUB_TOKEN is not set. '\n[Builds/build]   | coveralls.exception.CoverallsException: Running on Github Actions but GITHUB_TOKEN is not set. Add \"env: GITHUB_TOKEN: ${{ secrets.GITHUB_TOKEN }}\" to your step config.\n[Builds/build]   \u274c  Failure - Main Upload coverage data to coveralls.io\n[Builds/build] exitcode '1': failure\n[Builds/build] \ud83c\udfc1  Job failed\n",
    "actions_stderr": "Error: Job 'build' failed\n"
}