{
    "repository": "datajoint/datajoint-python",
    "clone_url": "https://github.com/datajoint/datajoint-python.git",
    "timestamp": "2023-05-29T14:36:03.840027Z",
    "clone_success": true,
    "number of actions": 1,
    "number_of_test_actions": 1,
    "actions_successful": false,
    "actions_stdout": "[Development/test-1] \ud83d\ude80  Start image=crawlergpt:latest\n[Development/test-2] \ud83d\ude80  Start image=crawlergpt:latest\n[Development/build ] \ud83d\ude80  Start image=crawlergpt:latest\n[Development/build ]   \ud83d\udc33  docker pull image=crawlergpt:latest platform= username= forcePull=false\n[Development/test-2]   \ud83d\udc33  docker pull image=crawlergpt:latest platform= username= forcePull=false\n[Development/test-1]   \ud83d\udc33  docker pull image=crawlergpt:latest platform= username= forcePull=false\n[Development/build ]   \ud83d\udc33  docker create image=crawlergpt:latest platform= entrypoint=[\"tail\" \"-f\" \"/dev/null\"] cmd=[]\n[Development/test-1]   \ud83d\udc33  docker create image=crawlergpt:latest platform= entrypoint=[\"tail\" \"-f\" \"/dev/null\"] cmd=[]\n[Development/test-2]   \ud83d\udc33  docker create image=crawlergpt:latest platform= entrypoint=[\"tail\" \"-f\" \"/dev/null\"] cmd=[]\n[Development/test-1]   \ud83d\udc33  docker run image=crawlergpt:latest platform= entrypoint=[\"tail\" \"-f\" \"/dev/null\"] cmd=[]\n[Development/build ]   \ud83d\udc33  docker run image=crawlergpt:latest platform= entrypoint=[\"tail\" \"-f\" \"/dev/null\"] cmd=[]\n[Development/test-2]   \ud83d\udc33  docker run image=crawlergpt:latest platform= entrypoint=[\"tail\" \"-f\" \"/dev/null\"] cmd=[]\n[Development/test-1]   \ud83d\udc33  docker exec cmd=[chown -R 1012:1000 /tmp/de65f406-fe28-11ed-a890-af2cc187fc11/datajoint-datajoint-python] user=0 workdir=\n[Development/test-2]   \ud83d\udc33  docker exec cmd=[chown -R 1012:1000 /tmp/de65f406-fe28-11ed-a890-af2cc187fc11/datajoint-datajoint-python] user=0 workdir=\n[Development/build ]   \ud83d\udc33  docker exec cmd=[chown -R 1012:1000 /tmp/de65f406-fe28-11ed-a890-af2cc187fc11/datajoint-datajoint-python] user=0 workdir=\n[Development/build ]   \u2601  git clone 'https://github.com/actions/upload-artifact' # ref=v3\n[Development/test-2]   \u2601  git clone 'https://github.com/actions/setup-python' # ref=v4\n[Development/test-1]   \u2601  git clone 'https://github.com/actions/setup-python' # ref=v4\n[Development/build ] \ud83e\uddea  Matrix: map[distro:debian image:djbase py_ver:3.9]\n[Development/build ] \u2b50 Run Main actions/checkout@v3\n[Development/test-2] \ud83e\uddea  Matrix: map[mysql_ver:5.7 py_ver:3.8]\n[Development/test-2] \u2b50 Run Main actions/checkout@v3\n[Development/build ]   \u2705  Success - Main actions/checkout@v3\n[Development/test-1] \ud83e\uddea  Matrix: map[mysql_ver:8.0 py_ver:3.9]\n[Development/test-2]   \u2705  Success - Main actions/checkout@v3\n[Development/test-1] \u2b50 Run Main actions/checkout@v3\n[Development/test-1]   \u2705  Success - Main actions/checkout@v3\n[Development/build ] \u2b50 Run Main Validate version and release notes\n[Development/test-2] \u2b50 Run Main Set up Python 3.8\n[Development/test-2]   \ud83d\udc33  docker cp src=/home/andre-silva/.cache/act/actions-setup-python@v4/ dst=/var/run/act/actions/actions-setup-python@v4/\n[Development/test-1] \u2b50 Run Main Set up Python 3.9\n[Development/build ]   \ud83d\udc33  docker exec cmd=[bash --noprofile --norc -e -o pipefail /var/run/act/workflow/1] user= workdir=\n[Development/test-1]   \ud83d\udc33  docker cp src=/home/andre-silva/.cache/act/actions-setup-python@v4/ dst=/var/run/act/actions/actions-setup-python@v4/\n[Development/test-2]   \ud83d\udc33  docker exec cmd=[chown -R 1012:1000 /var/run/act/actions/actions-setup-python@v4/] user=0 workdir=\n[Development/test-1]   \ud83d\udc33  docker exec cmd=[chown -R 1012:1000 /var/run/act/actions/actions-setup-python@v4/] user=0 workdir=\n[Development/test-2]   \ud83d\udc33  docker exec cmd=[node /var/run/act/actions/actions-setup-python@v4/dist/setup/index.js] user= workdir=\n[Development/build ]   \u2705  Success - Main Validate version and release notes\n[Development/test-1]   \ud83d\udc33  docker exec cmd=[node /var/run/act/actions/actions-setup-python@v4/dist/setup/index.js] user= workdir=\n[Development/build ]   \u2699  ::set-env:: RELEASE_BODY=- Fixed - Fix altering a part table that uses the \"master\" keyword - PR [#991](https://github.com/datajoint/datajoint-python/pull/991)\n- Fixed - `.ipynb` output in tutorials is not visible in dark mode ([#1078](https://github.com/datajoint/datajoint-python/issues/1078)) PR [#1080](https://github.com/datajoint/datajoint-python/pull/1080)\n- Changed - Readme to update links and include example pipeline image\n- Changed - Docs to add landing page and update navigation\n- Changed - `.data` method to `.stream` in the `get()` method for S3 (external) objects PR [#1085](https://github.com/datajoint/datajoint-python/pull/1085)\n- Fixed - Docs to rename `create_virtual_module` to `VirtualModule`\n- Added - Skeleton from `datajoint-company/datajoint-docs` repository for docs migration\n- Added - Initial `pytest` for `test_connection`\n[Development/build ]   \u2699  ::set-env:: DJ_VERSION=0.14.1\n[Development/build ] \u2b50 Run Main Build pip artifacts\n[Development/build ]   \ud83d\udc33  docker exec cmd=[bash --noprofile --norc -e -o pipefail /var/run/act/workflow/2] user= workdir=\n[Development/test-1]   \ud83d\udcac  ::debug::Python is expected to be installed into /opt/hostedtoolcache\n[Development/test-1]   \u2753  ::group::Installed versions\n[Development/test-1]   \ud83d\udcac  ::debug::Semantic version spec of 3.9 is 3.9\n[Development/test-1]   \ud83d\udcac  ::debug::isExplicit: \n[Development/test-1]   \ud83d\udcac  ::debug::explicit? false\n[Development/test-1]   \ud83d\udcac  ::debug::isExplicit: 2.7.18\n[Development/test-1]   \ud83d\udcac  ::debug::explicit? true\n[Development/test-1]   \ud83d\udcac  ::debug::isExplicit: 3.5.10\n[Development/test-1]   \ud83d\udcac  ::debug::explicit? true\n[Development/test-1]   \ud83d\udcac  ::debug::isExplicit: 3.6.14\n[Development/test-1]   \ud83d\udcac  ::debug::explicit? true\n[Development/test-1]   \ud83d\udcac  ::debug::isExplicit: 3.7.11\n[Development/test-1]   \ud83d\udcac  ::debug::explicit? true\n[Development/test-1]   \ud83d\udcac  ::debug::isExplicit: 3.8.11\n[Development/test-1]   \ud83d\udcac  ::debug::explicit? true\n[Development/test-1]   \ud83d\udcac  ::debug::isExplicit: 3.9.6\n[Development/test-1]   \ud83d\udcac  ::debug::explicit? true\n[Development/test-1]   \ud83d\udcac  ::debug::evaluating 6 versions\n[Development/test-1]   \ud83d\udcac  ::debug::matched: 3.9.6\n[Development/test-1]   \ud83d\udcac  ::debug::checking cache: /opt/hostedtoolcache/Python/3.9.6/x64\n[Development/test-1]   \ud83d\udcac  ::debug::Found tool in cache Python 3.9.6 x64\n[Development/test-1]   | Successfully set up CPython (3.9.6)\n[Development/test-1]   \u2753  ::endgroup::\n[Development/test-1]   \u2753 add-matcher /run/act/actions/actions-setup-python@v4/.github/python.json\n[Development/test-1]   \u2705  Success - Main Set up Python 3.9\n[Development/test-2]   \ud83d\udcac  ::debug::Python is expected to be installed into /opt/hostedtoolcache\n[Development/test-2]   \u2753  ::group::Installed versions\n[Development/test-2]   \ud83d\udcac  ::debug::Semantic version spec of 3.8 is 3.8\n[Development/test-2]   \ud83d\udcac  ::debug::isExplicit: \n[Development/test-2]   \ud83d\udcac  ::debug::explicit? false\n[Development/test-2]   \ud83d\udcac  ::debug::isExplicit: 2.7.18\n[Development/test-2]   \ud83d\udcac  ::debug::explicit? true\n[Development/test-2]   \ud83d\udcac  ::debug::isExplicit: 3.5.10\n[Development/test-2]   \ud83d\udcac  ::debug::explicit? true\n[Development/test-2]   \ud83d\udcac  ::debug::isExplicit: 3.6.14\n[Development/test-2]   \ud83d\udcac  ::debug::explicit? true\n[Development/test-2]   \ud83d\udcac  ::debug::isExplicit: 3.7.11\n[Development/test-2]   \ud83d\udcac  ::debug::explicit? true\n[Development/test-2]   \ud83d\udcac  ::debug::isExplicit: 3.8.11\n[Development/test-2]   \ud83d\udcac  ::debug::explicit? true\n[Development/test-2]   \ud83d\udcac  ::debug::isExplicit: 3.9.6\n[Development/test-2]   \ud83d\udcac  ::debug::explicit? true\n[Development/test-2]   \ud83d\udcac  ::debug::evaluating 6 versions\n[Development/test-2]   \ud83d\udcac  ::debug::matched: 3.8.11\n[Development/test-2]   \ud83d\udcac  ::debug::checking cache: /opt/hostedtoolcache/Python/3.8.11/x64\n[Development/test-2]   \ud83d\udcac  ::debug::Found tool in cache Python 3.8.11 x64\n[Development/test-2]   | Successfully set up CPython (3.8.11)\n[Development/test-2]   \u2753  ::endgroup::\n[Development/test-2]   \u2753 add-matcher /run/act/actions/actions-setup-python@v4/.github/python.json\n[Development/test-2]   \u2705  Success - Main Set up Python 3.8\n[Development/test-2]   \u2699  ::set-env:: pythonLocation=/opt/hostedtoolcache/Python/3.8.11/x64\n[Development/test-2]   \u2699  ::set-env:: PKG_CONFIG_PATH=/opt/hostedtoolcache/Python/3.8.11/x64/lib/pkgconfig\n[Development/test-2]   \u2699  ::set-env:: Python_ROOT_DIR=/opt/hostedtoolcache/Python/3.8.11/x64\n[Development/test-2]   \u2699  ::set-env:: Python2_ROOT_DIR=/opt/hostedtoolcache/Python/3.8.11/x64\n[Development/test-2]   \u2699  ::set-env:: Python3_ROOT_DIR=/opt/hostedtoolcache/Python/3.8.11/x64\n[Development/test-2]   \u2699  ::set-env:: LD_LIBRARY_PATH=/opt/hostedtoolcache/Python/3.8.11/x64/lib\n[Development/test-1]   \u2699  ::set-env:: PKG_CONFIG_PATH=/opt/hostedtoolcache/Python/3.9.6/x64/lib/pkgconfig\n[Development/test-1]   \u2699  ::set-env:: Python_ROOT_DIR=/opt/hostedtoolcache/Python/3.9.6/x64\n[Development/test-1]   \u2699  ::set-env:: Python2_ROOT_DIR=/opt/hostedtoolcache/Python/3.9.6/x64\n[Development/test-1]   \u2699  ::set-env:: Python3_ROOT_DIR=/opt/hostedtoolcache/Python/3.9.6/x64\n[Development/test-1]   \u2699  ::set-env:: LD_LIBRARY_PATH=/opt/hostedtoolcache/Python/3.9.6/x64/lib\n[Development/test-1]   \u2699  ::set-env:: pythonLocation=/opt/hostedtoolcache/Python/3.9.6/x64\n[Development/build ]   | [40] Failed to execute script docker-compose\n[Development/build ]   | Traceback (most recent call last):\n[Development/build ]   |   File \"urllib3/connectionpool.py\", line 677, in urlopen\n[Development/build ]   |   File \"urllib3/connectionpool.py\", line 392, in _make_request\n[Development/build ]   |   File \"http/client.py\", line 1277, in request\n[Development/build ]   |   File \"http/client.py\", line 1323, in _send_request\n[Development/build ]   |   File \"http/client.py\", line 1272, in endheaders\n[Development/build ]   |   File \"http/client.py\", line 1032, in _send_output\n[Development/build ]   |   File \"http/client.py\", line 972, in send\n[Development/build ]   |   File \"docker/transport/unixconn.py\", line 43, in connect\n[Development/build ]   | PermissionError: [Errno 13] Permission denied\n[Development/build ]   | \n[Development/build ]   | During handling of the above exception, another exception occurred:\n[Development/build ]   | \n[Development/build ]   | Traceback (most recent call last):\n[Development/build ]   |   File \"requests/adapters.py\", line 449, in send\n[Development/build ]   |   File \"urllib3/connectionpool.py\", line 727, in urlopen\n[Development/build ]   |   File \"urllib3/util/retry.py\", line 410, in increment\n[Development/build ]   |   File \"urllib3/packages/six.py\", line 734, in reraise\n[Development/build ]   |   File \"urllib3/connectionpool.py\", line 677, in urlopen\n[Development/build ]   |   File \"urllib3/connectionpool.py\", line 392, in _make_request\n[Development/build ]   |   File \"http/client.py\", line 1277, in request\n[Development/build ]   |   File \"http/client.py\", line 1323, in _send_request\n[Development/build ]   |   File \"http/client.py\", line 1272, in endheaders\n[Development/build ]   |   File \"http/client.py\", line 1032, in _send_output\n[Development/build ]   |   File \"http/client.py\", line 972, in send\n[Development/build ]   |   File \"docker/transport/unixconn.py\", line 43, in connect\n[Development/build ]   | urllib3.exceptions.ProtocolError: ('Connection aborted.', PermissionError(13, 'Permission denied'))\n[Development/build ]   | \n[Development/build ]   | During handling of the above exception, another exception occurred:\n[Development/build ]   | \n[Development/build ]   | Traceback (most recent call last):\n[Development/build ]   |   File \"docker/api/client.py\", line 214, in _retrieve_server_version\n[Development/build ]   |   File \"docker/api/daemon.py\", line 181, in version\n[Development/build ]   |   File \"docker/utils/decorators.py\", line 46, in inner\n[Development/build ]   |   File \"docker/api/client.py\", line 237, in _get\n[Development/build ]   |   File \"requests/sessions.py\", line 543, in get\n[Development/build ]   |   File \"requests/sessions.py\", line 530, in request\n[Development/build ]   |   File \"requests/sessions.py\", line 643, in send\n[Development/build ]   |   File \"requests/adapters.py\", line 498, in send\n[Development/build ]   | requests.exceptions.ConnectionError: ('Connection aborted.', PermissionError(13, 'Permission denied'))\n[Development/build ]   | \n[Development/build ]   | During handling of the above exception, another exception occurred:\n[Development/build ]   | \n[Development/build ]   | Traceback (most recent call last):\n[Development/build ]   |   File \"docker-compose\", line 3, in <module>\n[Development/build ]   |   File \"compose/cli/main.py\", line 81, in main\n[Development/build ]   |   File \"compose/cli/main.py\", line 200, in perform_command\n[Development/build ]   |   File \"compose/cli/command.py\", line 70, in project_from_options\n[Development/build ]   |   File \"compose/cli/command.py\", line 153, in get_project\n[Development/build ]   |   File \"compose/cli/docker_client.py\", line 43, in get_client\n[Development/build ]   |   File \"compose/cli/docker_client.py\", line 170, in docker_client\n[Development/build ]   |   File \"docker/api/client.py\", line 197, in __init__\n[Development/build ]   |   File \"docker/api/client.py\", line 222, in _retrieve_server_version\n[Development/build ]   | docker.errors.DockerException: Error while fetching server API version: ('Connection aborted.', PermissionError(13, 'Permission denied'))\n[Development/test-2]   \u2699  ::set-output:: python-path=/opt/hostedtoolcache/Python/3.8.11/x64/bin/python\n[Development/test-2]   \u2699  ::set-output:: python-version=3.8.11\n[Development/test-1]   \u2699  ::set-output:: python-version=3.9.6\n[Development/test-1]   \u2699  ::set-output:: python-path=/opt/hostedtoolcache/Python/3.9.6/x64/bin/python\n[Development/build ]   \u274c  Failure - Main Build pip artifacts\n[Development/test-1]   \u2699  ::add-path:: /opt/hostedtoolcache/Python/3.9.6/x64\n[Development/test-1]   \u2699  ::add-path:: /opt/hostedtoolcache/Python/3.9.6/x64/bin\n[Development/test-2]   \u2699  ::add-path:: /opt/hostedtoolcache/Python/3.8.11/x64\n[Development/test-2]   \u2699  ::add-path:: /opt/hostedtoolcache/Python/3.8.11/x64/bin\n[Development/test-1] \u2b50 Run Main Install dependencies\n[Development/test-2] \u2b50 Run Main Install dependencies\n[Development/build ] exitcode '255': failure\n[Development/test-2]   \ud83d\udc33  docker exec cmd=[bash --noprofile --norc -e -o pipefail /var/run/act/workflow/2] user= workdir=\n[Development/test-1]   \ud83d\udc33  docker exec cmd=[bash --noprofile --norc -e -o pipefail /var/run/act/workflow/2] user= workdir=\n[Development/build ] \ud83c\udfc1  Job failed\n[Development/test-1]   | Requirement already satisfied: pip in /opt/hostedtoolcache/Python/3.9.6/x64/lib/python3.9/site-packages (21.2.4)\n[Development/test-2]   | Requirement already satisfied: pip in /opt/hostedtoolcache/Python/3.8.11/x64/lib/python3.8/site-packages (21.2.4)\n[Development/test-2]   | Collecting pip\n[Development/test-1]   | Collecting pip\n[Development/test-2]   |   Downloading pip-23.1.2-py3-none-any.whl (2.1 MB)\n[Development/test-2]   | Installing collected packages: pip\n[Development/test-2]   |   Attempting uninstall: pip\n[Development/test-2]   |     Found existing installation: pip 21.2.4\n[Development/test-1]   |   Downloading pip-23.1.2-py3-none-any.whl (2.1 MB)\n[Development/test-1]   | Installing collected packages: pip\n[Development/test-1]   |   Attempting uninstall: pip\n[Development/test-1]   |     Found existing installation: pip 21.2.4\n[Development/test-2]   |     Uninstalling pip-21.2.4:\n[Development/test-1]   |     Uninstalling pip-21.2.4:\n[Development/test-2]   |       Successfully uninstalled pip-21.2.4\n[Development/test-1]   |       Successfully uninstalled pip-21.2.4\n[Development/test-1]   | Successfully installed pip-23.1.2\n[Development/test-2]   | Successfully installed pip-23.1.2\n[Development/test-1]   | Collecting flake8\n[Development/test-1]   |   Downloading flake8-6.0.0-py2.py3-none-any.whl (57 kB)\n[Development/test-1]   |      \u2501\u2501\u2501\u2501\u2501\u2501\u2501\u2501\u2501\u2501\u2501\u2501\u2501\u2501\u2501\u2501\u2501\u2501\u2501\u2501\u2501\u2501\u2501\u2501\u2501\u2501\u2501\u2501\u2501\u2501\u2501\u2501\u2501\u2501\u2501\u2501\u2501\u2501\u2501\u2501 57.8/57.8 kB 3.4 MB/s eta 0:00:00\n[Development/test-1]   | Collecting black\n[Development/test-1]   |   Downloading black-23.3.0-cp39-cp39-manylinux_2_17_x86_64.manylinux2014_x86_64.whl (1.7 MB)\n[Development/test-1]   |      \u2501\u2501\u2501\u2501\u2501\u2501\u2501\u2501\u2501\u2501\u2501\u2501\u2501\u2501\u2501\u2501\u2501\u2501\u2501\u2501\u2501\u2501\u2501\u2501\u2501\u2501\u2501\u2501\u2501\u2501\u2501\u2501\u2501\u2501\u2501\u2501\u2501\u2501\u2501\u2501 1.7/1.7 MB 32.3 MB/s eta 0:00:00\n[Development/test-1]   | Collecting mccabe<0.8.0,>=0.7.0 (from flake8)\n[Development/test-1]   |   Downloading mccabe-0.7.0-py2.py3-none-any.whl (7.3 kB)\n[Development/test-1]   | Collecting pycodestyle<2.11.0,>=2.10.0 (from flake8)\n[Development/test-1]   |   Downloading pycodestyle-2.10.0-py2.py3-none-any.whl (41 kB)\n[Development/test-1]   |      \u2501\u2501\u2501\u2501\u2501\u2501\u2501\u2501\u2501\u2501\u2501\u2501\u2501\u2501\u2501\u2501\u2501\u2501\u2501\u2501\u2501\u2501\u2501\u2501\u2501\u2501\u2501\u2501\u2501\u2501\u2501\u2501\u2501\u2501\u2501\u2501\u2501\u2501\u2501 41.3/41.3 kB 861.8 kB/s eta 0:00:00\n[Development/test-1]   | Collecting pyflakes<3.1.0,>=3.0.0 (from flake8)\n[Development/test-1]   |   Downloading pyflakes-3.0.1-py2.py3-none-any.whl (62 kB)\n[Development/test-1]   |      \u2501\u2501\u2501\u2501\u2501\u2501\u2501\u2501\u2501\u2501\u2501\u2501\u2501\u2501\u2501\u2501\u2501\u2501\u2501\u2501\u2501\u2501\u2501\u2501\u2501\u2501\u2501\u2501\u2501\u2501\u2501\u2501\u2501\u2501\u2501\u2501\u2501\u2501\u2501\u2501 62.8/62.8 kB 1.8 MB/s eta 0:00:00\n[Development/test-1]   | Collecting click>=8.0.0 (from black)\n[Development/test-1]   |   Downloading click-8.1.3-py3-none-any.whl (96 kB)\n[Development/test-1]   |      \u2501\u2501\u2501\u2501\u2501\u2501\u2501\u2501\u2501\u2501\u2501\u2501\u2501\u2501\u2501\u2501\u2501\u2501\u2501\u2501\u2501\u2501\u2501\u2501\u2501\u2501\u2501\u2501\u2501\u2501\u2501\u2501\u2501\u2501\u2501\u2501\u2501\u2501\u2501\u2501 96.6/96.6 kB 10.8 MB/s eta 0:00:00\n[Development/test-1]   | Collecting mypy-extensions>=0.4.3 (from black)\n[Development/test-1]   |   Downloading mypy_extensions-1.0.0-py3-none-any.whl (4.7 kB)\n[Development/test-1]   | Collecting packaging>=22.0 (from black)\n[Development/test-1]   |   Downloading packaging-23.1-py3-none-any.whl (48 kB)\n[Development/test-1]   |      \u2501\u2501\u2501\u2501\u2501\u2501\u2501\u2501\u2501\u2501\u2501\u2501\u2501\u2501\u2501\u2501\u2501\u2501\u2501\u2501\u2501\u2501\u2501\u2501\u2501\u2501\u2501\u2501\u2501\u2501\u2501\u2501\u2501\u2501\u2501\u2501\u2501\u2501\u2501\u2501 48.9/48.9 kB 1.5 MB/s eta 0:00:00\n[Development/test-1]   | Collecting pathspec>=0.9.0 (from black)\n[Development/test-1]   |   Downloading pathspec-0.11.1-py3-none-any.whl (29 kB)\n[Development/test-1]   | Collecting platformdirs>=2 (from black)\n[Development/test-1]   |   Downloading platformdirs-3.5.1-py3-none-any.whl (15 kB)\n[Development/test-1]   | Collecting tomli>=1.1.0 (from black)\n[Development/test-1]   |   Downloading tomli-2.0.1-py3-none-any.whl (12 kB)\n[Development/test-1]   | Collecting typing-extensions>=3.10.0.0 (from black)\n[Development/test-1]   |   Downloading typing_extensions-4.6.2-py3-none-any.whl (31 kB)\n[Development/test-1]   | Installing collected packages: typing-extensions, tomli, pyflakes, pycodestyle, platformdirs, pathspec, packaging, mypy-extensions, mccabe, click, flake8, black\n[Development/test-1]   | Successfully installed black-23.3.0 click-8.1.3 flake8-6.0.0 mccabe-0.7.0 mypy-extensions-1.0.0 packaging-23.1 pathspec-0.11.1 platformdirs-3.5.1 pycodestyle-2.10.0 pyflakes-3.0.1 tomli-2.0.1 typing-extensions-4.6.2\n[Development/test-1]   | \n[Development/test-1]   | [notice] A new release of pip is available: 21.1.3 -> 23.1.2\n[Development/test-1]   | [notice] To update, run: pip install --upgrade pip\n[Development/test-1]   \u2705  Success - Main Install dependencies\n[Development/test-1] \u2b50 Run Main Run syntax tests\n[Development/test-1]   \ud83d\udc33  docker exec cmd=[bash --noprofile --norc -e -o pipefail /var/run/act/workflow/3] user= workdir=\n[Development/test-2]   | Collecting flake8\n[Development/test-2]   |   Downloading flake8-6.0.0-py2.py3-none-any.whl (57 kB)\n[Development/test-2]   |      \u2501\u2501\u2501\u2501\u2501\u2501\u2501\u2501\u2501\u2501\u2501\u2501\u2501\u2501\u2501\u2501\u2501\u2501\u2501\u2501\u2501\u2501\u2501\u2501\u2501\u2501\u2501\u2501\u2501\u2501\u2501\u2501\u2501\u2501\u2501\u2501\u2501\u2501\u2501\u2501 57.8/57.8 kB 5.4 MB/s eta 0:00:00\n[Development/test-2]   | Collecting black\n[Development/test-2]   |   Downloading black-23.3.0-cp38-cp38-manylinux_2_17_x86_64.manylinux2014_x86_64.whl (1.6 MB)\n[Development/test-2]   |      \u2501\u2501\u2501\u2501\u2501\u2501\u2501\u2501\u2501\u2501\u2501\u2501\u2501\u2501\u2501\u2501\u2501\u2501\u2501\u2501\u2501\u2501\u2501\u2501\u2501\u2501\u2501\u2501\u2501\u2501\u2501\u2501\u2501\u2501\u2501\u2501\u2501\u2501\u2501\u2501 1.6/1.6 MB 16.3 MB/s eta 0:00:00\n[Development/test-2]   | Collecting mccabe<0.8.0,>=0.7.0 (from flake8)\n[Development/test-2]   |   Downloading mccabe-0.7.0-py2.py3-none-any.whl (7.3 kB)\n[Development/test-2]   | Collecting pycodestyle<2.11.0,>=2.10.0 (from flake8)\n[Development/test-2]   |   Downloading pycodestyle-2.10.0-py2.py3-none-any.whl (41 kB)\n[Development/test-2]   |      \u2501\u2501\u2501\u2501\u2501\u2501\u2501\u2501\u2501\u2501\u2501\u2501\u2501\u2501\u2501\u2501\u2501\u2501\u2501\u2501\u2501\u2501\u2501\u2501\u2501\u2501\u2501\u2501\u2501\u2501\u2501\u2501\u2501\u2501\u2501\u2501\u2501\u2501\u2501 41.3/41.3 kB 145.2 kB/s eta 0:00:00\n[Development/test-2]   | Collecting pyflakes<3.1.0,>=3.0.0 (from flake8)\n[Development/test-2]   |   Downloading pyflakes-3.0.1-py2.py3-none-any.whl (62 kB)\n[Development/test-2]   |      \u2501\u2501\u2501\u2501\u2501\u2501\u2501\u2501\u2501\u2501\u2501\u2501\u2501\u2501\u2501\u2501\u2501\u2501\u2501\u2501\u2501\u2501\u2501\u2501\u2501\u2501\u2501\u2501\u2501\u2501\u2501\u2501\u2501\u2501\u2501\u2501\u2501\u2501\u2501\u2501 62.8/62.8 kB 1.6 MB/s eta 0:00:00\n[Development/test-2]   | Collecting click>=8.0.0 (from black)\n[Development/test-2]   |   Downloading click-8.1.3-py3-none-any.whl (96 kB)\n[Development/test-2]   |      \u2501\u2501\u2501\u2501\u2501\u2501\u2501\u2501\u2501\u2501\u2501\u2501\u2501\u2501\u2501\u2501\u2501\u2501\u2501\u2501\u2501\u2501\u2501\u2501\u2501\u2501\u2501\u2501\u2501\u2501\u2501\u2501\u2501\u2501\u2501\u2501\u2501\u2501\u2501\u2501 96.6/96.6 kB 10.1 MB/s eta 0:00:00\n[Development/test-2]   | Collecting mypy-extensions>=0.4.3 (from black)\n[Development/test-2]   |   Downloading mypy_extensions-1.0.0-py3-none-any.whl (4.7 kB)\n[Development/test-2]   | Collecting packaging>=22.0 (from black)\n[Development/test-2]   |   Downloading packaging-23.1-py3-none-any.whl (48 kB)\n[Development/test-2]   |      \u2501\u2501\u2501\u2501\u2501\u2501\u2501\u2501\u2501\u2501\u2501\u2501\u2501\u2501\u2501\u2501\u2501\u2501\u2501\u2501\u2501\u2501\u2501\u2501\u2501\u2501\u2501\u2501\u2501\u2501\u2501\u2501\u2501\u2501\u2501\u2501\u2501\u2501\u2501\u2501 48.9/48.9 kB 1.5 MB/s eta 0:00:00\n[Development/test-2]   | Collecting pathspec>=0.9.0 (from black)\n[Development/test-2]   |   Downloading pathspec-0.11.1-py3-none-any.whl (29 kB)\n[Development/test-2]   | Collecting platformdirs>=2 (from black)\n[Development/test-2]   |   Downloading platformdirs-3.5.1-py3-none-any.whl (15 kB)\n[Development/test-2]   | Collecting tomli>=1.1.0 (from black)\n[Development/test-2]   |   Downloading tomli-2.0.1-py3-none-any.whl (12 kB)\n[Development/test-2]   | Collecting typing-extensions>=3.10.0.0 (from black)\n[Development/test-2]   |   Downloading typing_extensions-4.6.2-py3-none-any.whl (31 kB)\n[Development/test-2]   | Installing collected packages: typing-extensions, tomli, pyflakes, pycodestyle, platformdirs, pathspec, packaging, mypy-extensions, mccabe, click, flake8, black\n[Development/test-1]   | 0\n[Development/test-1]   \u2705  Success - Main Run syntax tests\n[Development/test-1] \u2b50 Run Main Run primary tests\n[Development/test-2]   | Successfully installed black-23.3.0 click-8.1.3 flake8-6.0.0 mccabe-0.7.0 mypy-extensions-1.0.0 packaging-23.1 pathspec-0.11.1 platformdirs-3.5.1 pycodestyle-2.10.0 pyflakes-3.0.1 tomli-2.0.1 typing-extensions-4.6.2\n[Development/test-2]   | \n[Development/test-2]   | [notice] A new release of pip is available: 21.1.1 -> 23.1.2\n[Development/test-2]   | [notice] To update, run: pip install --upgrade pip\n[Development/test-2]   \u2705  Success - Main Install dependencies\n[Development/test-1]   \ud83d\udc33  docker exec cmd=[bash --noprofile --norc -e -o pipefail /var/run/act/workflow/4] user= workdir=\n[Development/test-2] \u2b50 Run Main Run syntax tests\n[Development/test-2]   \ud83d\udc33  docker exec cmd=[bash --noprofile --norc -e -o pipefail /var/run/act/workflow/3] user= workdir=\n[Development/test-1]   | [211] Failed to execute script docker-compose\n[Development/test-1]   | Traceback (most recent call last):\n[Development/test-1]   |   File \"urllib3/connectionpool.py\", line 677, in urlopen\n[Development/test-1]   |   File \"urllib3/connectionpool.py\", line 392, in _make_request\n[Development/test-1]   |   File \"http/client.py\", line 1277, in request\n[Development/test-1]   |   File \"http/client.py\", line 1323, in _send_request\n[Development/test-1]   |   File \"http/client.py\", line 1272, in endheaders\n[Development/test-1]   |   File \"http/client.py\", line 1032, in _send_output\n[Development/test-1]   |   File \"http/client.py\", line 972, in send\n[Development/test-1]   |   File \"docker/transport/unixconn.py\", line 43, in connect\n[Development/test-1]   | PermissionError: [Errno 13] Permission denied\n[Development/test-1]   | \n[Development/test-1]   | During handling of the above exception, another exception occurred:\n[Development/test-1]   | \n[Development/test-1]   | Traceback (most recent call last):\n[Development/test-1]   |   File \"requests/adapters.py\", line 449, in send\n[Development/test-1]   |   File \"urllib3/connectionpool.py\", line 727, in urlopen\n[Development/test-1]   |   File \"urllib3/util/retry.py\", line 410, in increment\n[Development/test-1]   |   File \"urllib3/packages/six.py\", line 734, in reraise\n[Development/test-1]   |   File \"urllib3/connectionpool.py\", line 677, in urlopen\n[Development/test-1]   |   File \"urllib3/connectionpool.py\", line 392, in _make_request\n[Development/test-1]   |   File \"http/client.py\", line 1277, in request\n[Development/test-1]   |   File \"http/client.py\", line 1323, in _send_request\n[Development/test-1]   |   File \"http/client.py\", line 1272, in endheaders\n[Development/test-1]   |   File \"http/client.py\", line 1032, in _send_output\n[Development/test-1]   |   File \"http/client.py\", line 972, in send\n[Development/test-1]   |   File \"docker/transport/unixconn.py\", line 43, in connect\n[Development/test-1]   | urllib3.exceptions.ProtocolError: ('Connection aborted.', PermissionError(13, 'Permission denied'))\n[Development/test-1]   | \n[Development/test-1]   | During handling of the above exception, another exception occurred:\n[Development/test-1]   | \n[Development/test-1]   | Traceback (most recent call last):\n[Development/test-1]   |   File \"docker/api/client.py\", line 214, in _retrieve_server_version\n[Development/test-1]   |   File \"docker/api/daemon.py\", line 181, in version\n[Development/test-1]   |   File \"docker/utils/decorators.py\", line 46, in inner\n[Development/test-1]   |   File \"docker/api/client.py\", line 237, in _get\n[Development/test-1]   |   File \"requests/sessions.py\", line 543, in get\n[Development/test-1]   |   File \"requests/sessions.py\", line 530, in request\n[Development/test-1]   |   File \"requests/sessions.py\", line 643, in send\n[Development/test-1]   |   File \"requests/adapters.py\", line 498, in send\n[Development/test-1]   | requests.exceptions.ConnectionError: ('Connection aborted.', PermissionError(13, 'Permission denied'))\n[Development/test-1]   | \n[Development/test-1]   | During handling of the above exception, another exception occurred:\n[Development/test-1]   | \n[Development/test-1]   | Traceback (most recent call last):\n[Development/test-1]   |   File \"docker-compose\", line 3, in <module>\n[Development/test-1]   |   File \"compose/cli/main.py\", line 81, in main\n[Development/test-1]   |   File \"compose/cli/main.py\", line 200, in perform_command\n[Development/test-1]   |   File \"compose/cli/command.py\", line 70, in project_from_options\n[Development/test-1]   |   File \"compose/cli/command.py\", line 153, in get_project\n[Development/test-1]   |   File \"compose/cli/docker_client.py\", line 43, in get_client\n[Development/test-1]   |   File \"compose/cli/docker_client.py\", line 170, in docker_client\n[Development/test-1]   |   File \"docker/api/client.py\", line 197, in __init__\n[Development/test-1]   |   File \"docker/api/client.py\", line 222, in _retrieve_server_version\n[Development/test-1]   | docker.errors.DockerException: Error while fetching server API version: ('Connection aborted.', PermissionError(13, 'Permission denied'))\n[Development/test-1]   \u274c  Failure - Main Run primary tests\n[Development/test-2]   | 0\n[Development/test-2]   \u2705  Success - Main Run syntax tests\n[Development/test-1] exitcode '255': failure\n[Development/test-2] \u2b50 Run Main Run primary tests\n[Development/test-2]   \ud83d\udc33  docker exec cmd=[bash --noprofile --norc -e -o pipefail /var/run/act/workflow/4] user= workdir=\n[Development/test-2]   | [213] Failed to execute script docker-compose\n[Development/test-2]   | Traceback (most recent call last):\n[Development/test-2]   |   File \"urllib3/connectionpool.py\", line 677, in urlopen\n[Development/test-2]   |   File \"urllib3/connectionpool.py\", line 392, in _make_request\n[Development/test-2]   |   File \"http/client.py\", line 1277, in request\n[Development/test-2]   |   File \"http/client.py\", line 1323, in _send_request\n[Development/test-2]   |   File \"http/client.py\", line 1272, in endheaders\n[Development/test-2]   |   File \"http/client.py\", line 1032, in _send_output\n[Development/test-2]   |   File \"http/client.py\", line 972, in send\n[Development/test-2]   |   File \"docker/transport/unixconn.py\", line 43, in connect\n[Development/test-2]   | PermissionError: [Errno 13] Permission denied\n[Development/test-2]   | \n[Development/test-2]   | During handling of the above exception, another exception occurred:\n[Development/test-2]   | \n[Development/test-2]   | Traceback (most recent call last):\n[Development/test-2]   |   File \"requests/adapters.py\", line 449, in send\n[Development/test-2]   |   File \"urllib3/connectionpool.py\", line 727, in urlopen\n[Development/test-2]   |   File \"urllib3/util/retry.py\", line 410, in increment\n[Development/test-2]   |   File \"urllib3/packages/six.py\", line 734, in reraise\n[Development/test-2]   |   File \"urllib3/connectionpool.py\", line 677, in urlopen\n[Development/test-2]   |   File \"urllib3/connectionpool.py\", line 392, in _make_request\n[Development/test-2]   |   File \"http/client.py\", line 1277, in request\n[Development/test-2]   |   File \"http/client.py\", line 1323, in _send_request\n[Development/test-2]   |   File \"http/client.py\", line 1272, in endheaders\n[Development/test-2]   |   File \"http/client.py\", line 1032, in _send_output\n[Development/test-2]   |   File \"http/client.py\", line 972, in send\n[Development/test-2]   |   File \"docker/transport/unixconn.py\", line 43, in connect\n[Development/test-2]   | urllib3.exceptions.ProtocolError: ('Connection aborted.', PermissionError(13, 'Permission denied'))\n[Development/test-2]   | \n[Development/test-2]   | During handling of the above exception, another exception occurred:\n[Development/test-2]   | \n[Development/test-2]   | Traceback (most recent call last):\n[Development/test-2]   |   File \"docker/api/client.py\", line 214, in _retrieve_server_version\n[Development/test-2]   |   File \"docker/api/daemon.py\", line 181, in version\n[Development/test-2]   |   File \"docker/utils/decorators.py\", line 46, in inner\n[Development/test-2]   |   File \"docker/api/client.py\", line 237, in _get\n[Development/test-2]   |   File \"requests/sessions.py\", line 543, in get\n[Development/test-2]   |   File \"requests/sessions.py\", line 530, in request\n[Development/test-2]   |   File \"requests/sessions.py\", line 643, in send\n[Development/test-2]   |   File \"requests/adapters.py\", line 498, in send\n[Development/test-2]   | requests.exceptions.ConnectionError: ('Connection aborted.', PermissionError(13, 'Permission denied'))\n[Development/test-2]   | \n[Development/test-2]   | During handling of the above exception, another exception occurred:\n[Development/test-2]   | \n[Development/test-2]   | Traceback (most recent call last):\n[Development/test-2]   |   File \"docker-compose\", line 3, in <module>\n[Development/test-2]   |   File \"compose/cli/main.py\", line 81, in main\n[Development/test-2]   |   File \"compose/cli/main.py\", line 200, in perform_command\n[Development/test-2]   |   File \"compose/cli/command.py\", line 70, in project_from_options\n[Development/test-2]   |   File \"compose/cli/command.py\", line 153, in get_project\n[Development/test-2]   |   File \"compose/cli/docker_client.py\", line 43, in get_client\n[Development/test-2]   |   File \"compose/cli/docker_client.py\", line 170, in docker_client\n[Development/test-2]   |   File \"docker/api/client.py\", line 197, in __init__\n[Development/test-2]   |   File \"docker/api/client.py\", line 222, in _retrieve_server_version\n[Development/test-2]   | docker.errors.DockerException: Error while fetching server API version: ('Connection aborted.', PermissionError(13, 'Permission denied'))\n[Development/test-2]   \u274c  Failure - Main Run primary tests\n[Development/test-2] exitcode '255': failure\n[Development/test-1] \ud83c\udfc1  Job failed\n[Development/test-2] \ud83c\udfc1  Job failed\n",
    "actions_stderr": "Error: Job 'build' failed\n"
}