{
    "repository": "desbma/sacad",
    "clone_url": "https://github.com/desbma/sacad.git",
    "timestamp": "2023-05-29T15:24:05.872142Z",
    "clone_success": true,
    "number of actions": 1,
    "number_of_test_actions": 1,
    "actions_successful": false,
    "actions_stdout": "[ci-crawler.yml/lint] \ud83d\ude80  Start image=crawlergpt:latest\n[ci-crawler.yml/test] \ud83d\ude80  Start image=crawlergpt:latest\n[ci-crawler.yml/test]   \ud83d\udc33  docker pull image=crawlergpt:latest platform= username= forcePull=false\n[ci-crawler.yml/lint]   \ud83d\udc33  docker pull image=crawlergpt:latest platform= username= forcePull=false\n[ci-crawler.yml/lint]   \ud83d\udc33  docker create image=crawlergpt:latest platform= entrypoint=[\"tail\" \"-f\" \"/dev/null\"] cmd=[]\n[ci-crawler.yml/test]   \ud83d\udc33  docker create image=crawlergpt:latest platform= entrypoint=[\"tail\" \"-f\" \"/dev/null\"] cmd=[]\n[ci-crawler.yml/lint]   \ud83d\udc33  docker run image=crawlergpt:latest platform= entrypoint=[\"tail\" \"-f\" \"/dev/null\"] cmd=[]\n[ci-crawler.yml/test]   \ud83d\udc33  docker run image=crawlergpt:latest platform= entrypoint=[\"tail\" \"-f\" \"/dev/null\"] cmd=[]\n[ci-crawler.yml/lint]   \ud83d\udc33  docker exec cmd=[chown -R 1012:1000 /tmp/de65f406-fe28-11ed-a890-af2cc187fc11/desbma-sacad] user=0 workdir=\n[ci-crawler.yml/lint]   \u2601  git clone 'https://github.com/actions/setup-python' # ref=v2\n[ci-crawler.yml/lint]   \u2601  git clone 'https://github.com/pre-commit/action' # ref=v2.0.0\n[ci-crawler.yml/lint] \u2b50 Run Main actions/checkout@v2\n[ci-crawler.yml/lint]   \u2705  Success - Main actions/checkout@v2\n[ci-crawler.yml/lint] \u2b50 Run Main actions/setup-python@v2\n[ci-crawler.yml/lint]   \ud83d\udc33  docker cp src=/home/andre-silva/.cache/act/actions-setup-python@v2/ dst=/var/run/act/actions/actions-setup-python@v2/\n[ci-crawler.yml/lint]   \ud83d\udc33  docker exec cmd=[chown -R 1012:1000 /var/run/act/actions/actions-setup-python@v2/] user=0 workdir=\n[ci-crawler.yml/test]   \ud83d\udc33  docker exec cmd=[chown -R 1012:1000 /tmp/de65f406-fe28-11ed-a890-af2cc187fc11/desbma-sacad] user=0 workdir=\n[ci-crawler.yml/lint]   \ud83d\udc33  docker exec cmd=[node /var/run/act/actions/actions-setup-python@v2/dist/setup/index.js] user= workdir=\n[ci-crawler.yml/lint]   \ud83d\udcac  ::debug::Semantic version spec of 3.x is 3.x\n[ci-crawler.yml/lint]   \ud83d\udcac  ::debug::isExplicit: \n[ci-crawler.yml/lint]   \ud83d\udcac  ::debug::explicit? false\n[ci-crawler.yml/lint]   \ud83d\udcac  ::debug::isExplicit: 2.7.18\n[ci-crawler.yml/lint]   \ud83d\udcac  ::debug::explicit? true\n[ci-crawler.yml/lint]   \ud83d\udcac  ::debug::isExplicit: 3.5.10\n[ci-crawler.yml/lint]   \ud83d\udcac  ::debug::explicit? true\n[ci-crawler.yml/lint]   \ud83d\udcac  ::debug::isExplicit: 3.6.14\n[ci-crawler.yml/lint]   \ud83d\udcac  ::debug::explicit? true\n[ci-crawler.yml/lint]   \ud83d\udcac  ::debug::isExplicit: 3.7.11\n[ci-crawler.yml/lint]   \ud83d\udcac  ::debug::explicit? true\n[ci-crawler.yml/lint]   \ud83d\udcac  ::debug::isExplicit: 3.8.11\n[ci-crawler.yml/lint]   \ud83d\udcac  ::debug::explicit? true\n[ci-crawler.yml/lint]   \ud83d\udcac  ::debug::isExplicit: 3.9.6\n[ci-crawler.yml/lint]   \ud83d\udcac  ::debug::explicit? true\n[ci-crawler.yml/lint]   \ud83d\udcac  ::debug::evaluating 6 versions\n[ci-crawler.yml/lint]   \ud83d\udcac  ::debug::matched: 3.9.6\n[ci-crawler.yml/lint]   \ud83d\udcac  ::debug::checking cache: /opt/hostedtoolcache/Python/3.9.6/x64\n[ci-crawler.yml/lint]   \ud83d\udcac  ::debug::Found tool in cache Python 3.9.6 x64\n[ci-crawler.yml/lint]   | Successfully setup CPython (3.9.6)\n[ci-crawler.yml/lint]   \u2753 add-matcher /run/act/actions/actions-setup-python@v2/.github/python.json\n[ci-crawler.yml/lint]   \u2705  Success - Main actions/setup-python@v2\n[ci-crawler.yml/lint]   \u2699  ::set-env:: pythonLocation=/opt/hostedtoolcache/Python/3.9.6/x64\n[ci-crawler.yml/lint]   \u2699  ::set-env:: LD_LIBRARY_PATH=/opt/hostedtoolcache/Python/3.9.6/x64/lib\n[ci-crawler.yml/test]   \u2601  git clone 'https://github.com/actions/setup-python' # ref=v2\n[ci-crawler.yml/test] \ud83e\uddea  Matrix: map[python-version:3.7]\n[ci-crawler.yml/lint]   \u2699  ::set-output:: python-version=3.9.6\n[ci-crawler.yml/test] \u2b50 Run Main actions/checkout@v2\n[ci-crawler.yml/lint]   \u2699  ::add-path:: /opt/hostedtoolcache/Python/3.9.6/x64\n[ci-crawler.yml/lint]   \u2699  ::add-path:: /opt/hostedtoolcache/Python/3.9.6/x64/bin\n[ci-crawler.yml/test]   \u2705  Success - Main actions/checkout@v2\n[ci-crawler.yml/lint] \u2b50 Run Main pre-commit/action@v2.0.0\n[ci-crawler.yml/lint]   \ud83d\udc33  docker cp src=/home/andre-silva/.cache/act/pre-commit-action@v2.0.0/ dst=/var/run/act/actions/pre-commit-action@v2.0.0/\n[ci-crawler.yml/lint]   \ud83d\udc33  docker exec cmd=[chown -R 1012:1000 /var/run/act/actions/pre-commit-action@v2.0.0/] user=0 workdir=\n[ci-crawler.yml/test] \u2b50 Run Main actions/setup-python@v2\n[ci-crawler.yml/test]   \ud83d\udc33  docker cp src=/home/andre-silva/.cache/act/actions-setup-python@v2/ dst=/var/run/act/actions/actions-setup-python@v2/\n[ci-crawler.yml/test]   \ud83d\udc33  docker exec cmd=[chown -R 1012:1000 /var/run/act/actions/actions-setup-python@v2/] user=0 workdir=\n[ci-crawler.yml/test]   \ud83d\udc33  docker exec cmd=[node /var/run/act/actions/actions-setup-python@v2/dist/setup/index.js] user= workdir=\n[ci-crawler.yml/lint]   \ud83d\udc33  docker exec cmd=[node /var/run/act/actions/pre-commit-action@v2.0.0/dist/index.js] user= workdir=\n[ci-crawler.yml/lint]   \u2753  ::group::install pre-commit\n[ci-crawler.yml/lint]   | [command]/opt/hostedtoolcache/Python/3.9.6/x64/bin/pip install pre-commit\n[ci-crawler.yml/test]   \ud83d\udcac  ::debug::Semantic version spec of 3.7 is 3.7\n[ci-crawler.yml/test]   \ud83d\udcac  ::debug::isExplicit: \n[ci-crawler.yml/test]   \ud83d\udcac  ::debug::explicit? false\n[ci-crawler.yml/test]   \ud83d\udcac  ::debug::isExplicit: 2.7.18\n[ci-crawler.yml/test]   \ud83d\udcac  ::debug::explicit? true\n[ci-crawler.yml/test]   \ud83d\udcac  ::debug::isExplicit: 3.5.10\n[ci-crawler.yml/test]   \ud83d\udcac  ::debug::explicit? true\n[ci-crawler.yml/test]   \ud83d\udcac  ::debug::isExplicit: 3.6.14\n[ci-crawler.yml/test]   \ud83d\udcac  ::debug::explicit? true\n[ci-crawler.yml/test]   \ud83d\udcac  ::debug::isExplicit: 3.7.11\n[ci-crawler.yml/test]   \ud83d\udcac  ::debug::explicit? true\n[ci-crawler.yml/test]   \ud83d\udcac  ::debug::isExplicit: 3.8.11\n[ci-crawler.yml/test]   \ud83d\udcac  ::debug::explicit? true\n[ci-crawler.yml/test]   \ud83d\udcac  ::debug::isExplicit: 3.9.6\n[ci-crawler.yml/test]   \ud83d\udcac  ::debug::explicit? true\n[ci-crawler.yml/test]   \ud83d\udcac  ::debug::evaluating 6 versions\n[ci-crawler.yml/test]   \ud83d\udcac  ::debug::matched: 3.7.11\n[ci-crawler.yml/test]   \ud83d\udcac  ::debug::checking cache: /opt/hostedtoolcache/Python/3.7.11/x64\n[ci-crawler.yml/test]   \ud83d\udcac  ::debug::Found tool in cache Python 3.7.11 x64\n[ci-crawler.yml/test]   | Successfully setup CPython (3.7.11)\n[ci-crawler.yml/test]   \u2753 add-matcher /run/act/actions/actions-setup-python@v2/.github/python.json\n[ci-crawler.yml/test]   \u2705  Success - Main actions/setup-python@v2\n[ci-crawler.yml/test]   \u2699  ::set-env:: pythonLocation=/opt/hostedtoolcache/Python/3.7.11/x64\n[ci-crawler.yml/test]   \u2699  ::set-env:: LD_LIBRARY_PATH=/opt/hostedtoolcache/Python/3.7.11/x64/lib\n[ci-crawler.yml/lint]   | Collecting pre-commit\n[ci-crawler.yml/lint]   |   Downloading pre_commit-3.3.2-py2.py3-none-any.whl (202 kB)\n[ci-crawler.yml/lint]   | Collecting virtualenv>=20.10.0\n[ci-crawler.yml/lint]   |   Downloading virtualenv-20.23.0-py3-none-any.whl (3.3 MB)\n[ci-crawler.yml/test]   \u2699  ::set-output:: python-version=3.7.11\n[ci-crawler.yml/lint]   | Collecting identify>=1.0.0\n[ci-crawler.yml/lint]   |   Downloading identify-2.5.24-py2.py3-none-any.whl (98 kB)\n[ci-crawler.yml/test]   \u2699  ::add-path:: /opt/hostedtoolcache/Python/3.7.11/x64\n[ci-crawler.yml/test]   \u2699  ::add-path:: /opt/hostedtoolcache/Python/3.7.11/x64/bin\n[ci-crawler.yml/lint]   | Collecting cfgv>=2.0.0\n[ci-crawler.yml/lint]   |   Downloading cfgv-3.3.1-py2.py3-none-any.whl (7.3 kB)\n[ci-crawler.yml/test] \u2b50 Run Main sudo apt-get install libxml2-dev libxslt1-dev\npip install -U pip\npip install coveralls\npip install -r requirements.txt\n[ci-crawler.yml/lint]   | Collecting pyyaml>=5.1\n[ci-crawler.yml/lint]   |   Downloading PyYAML-6.0-cp39-cp39-manylinux_2_5_x86_64.manylinux1_x86_64.manylinux_2_12_x86_64.manylinux2010_x86_64.whl (661 kB)\n[ci-crawler.yml/lint]   | Collecting nodeenv>=0.11.1\n[ci-crawler.yml/lint]   |   Downloading nodeenv-1.8.0-py2.py3-none-any.whl (22 kB)\n[ci-crawler.yml/lint]   | Requirement already satisfied: setuptools in /opt/hostedtoolcache/Python/3.9.6/x64/lib/python3.9/site-packages (from nodeenv>=0.11.1->pre-commit) (56.0.0)\n[ci-crawler.yml/lint]   | Collecting distlib<1,>=0.3.6\n[ci-crawler.yml/lint]   |   Downloading distlib-0.3.6-py2.py3-none-any.whl (468 kB)\n[ci-crawler.yml/lint]   | Collecting platformdirs<4,>=3.2\n[ci-crawler.yml/lint]   |   Downloading platformdirs-3.5.1-py3-none-any.whl (15 kB)\n[ci-crawler.yml/lint]   | Collecting filelock<4,>=3.11\n[ci-crawler.yml/lint]   |   Downloading filelock-3.12.0-py3-none-any.whl (10 kB)\n[ci-crawler.yml/lint]   | Installing collected packages: platformdirs, filelock, distlib, virtualenv, pyyaml, nodeenv, identify, cfgv, pre-commit\n[ci-crawler.yml/test]   \ud83d\udc33  docker exec cmd=[bash --noprofile --norc -e -o pipefail /var/run/act/workflow/2] user= workdir=\n[ci-crawler.yml/lint]   | Successfully installed cfgv-3.3.1 distlib-0.3.6 filelock-3.12.0 identify-2.5.24 nodeenv-1.8.0 platformdirs-3.5.1 pre-commit-3.3.2 pyyaml-6.0 virtualenv-20.23.0\n[ci-crawler.yml/lint]   | WARNING: You are using pip version 21.2.4; however, version 23.1.2 is available.\n[ci-crawler.yml/lint]   | You should consider upgrading via the '/opt/hostedtoolcache/Python/3.9.6/x64/bin/python -m pip install --upgrade pip' command.\n[ci-crawler.yml/lint]   | [command]/opt/hostedtoolcache/Python/3.9.6/x64/bin/pip freeze --local\n[ci-crawler.yml/lint]   | cfgv==3.3.1\n[ci-crawler.yml/lint]   | distlib==0.3.6\n[ci-crawler.yml/lint]   | filelock==3.12.0\n[ci-crawler.yml/lint]   | identify==2.5.24\n[ci-crawler.yml/lint]   | nodeenv==1.8.0\n[ci-crawler.yml/lint]   | platformdirs==3.5.1\n[ci-crawler.yml/lint]   | pre-commit==3.3.2\n[ci-crawler.yml/lint]   | PyYAML==6.0\n[ci-crawler.yml/lint]   | virtualenv==20.23.0\n[ci-crawler.yml/lint]   \u2753  ::endgroup::\n[ci-crawler.yml/lint]   \ud83d\udcac  ::debug::Resolved Keys:\n[ci-crawler.yml/lint]   \ud83d\udcac  ::debug::[\"pre-commit-2-943bb84bf3ff65aff039ffbbe5675ec3fa4a7a32fcbf4a9fce142dec4f574eb2-88757d0671c88501f81ee1b547a7d49985052cb3e128a0c2df6ce974735a6bfe\"]\n[ci-crawler.yml/lint]   \ud83d\udcac  ::debug::Checking zstd --version\n[ci-crawler.yml/lint]   \ud83d\udcac  ::debug::*** zstd command line interface 64-bits v1.5.0, by Yann Collet ***\n[ci-crawler.yml/lint]   \ud83d\udcac  ::debug::getCacheEntry - Attempt 1 of 2 failed with error: Cache Service Url not found, unable to restore cache.\n[ci-crawler.yml/lint]   \ud83d\udcac  ::debug::getCacheEntry - Attempt 2 of 2 failed with error: Cache Service Url not found, unable to restore cache.\n[ci-crawler.yml/lint]   \u2757  ::error::getCacheEntry failed: Cache Service Url not found, unable to restore cache.\n[ci-crawler.yml/lint]   \u274c  Failure - Main pre-commit/action@v2.0.0\n[ci-crawler.yml/lint] exitcode '1': failure\n[ci-crawler.yml/lint] \ud83c\udfc1  Job failed\n[ci-crawler.yml/test]   | Reading package lists...\n[ci-crawler.yml/test]   | Building dependency tree...\n[ci-crawler.yml/test]   | Reading state information...\n[ci-crawler.yml/test]   | libxslt1-dev is already the newest version (1.1.34-4).\n[ci-crawler.yml/test]   | libxml2-dev is already the newest version (2.9.10+dfsg-5ubuntu0.20.04.1).\n[ci-crawler.yml/test]   | 0 upgraded, 0 newly installed, 0 to remove and 20 not upgraded.\n[ci-crawler.yml/test]   | Requirement already satisfied: pip in /opt/hostedtoolcache/Python/3.7.11/x64/lib/python3.7/site-packages (21.2.4)\n[ci-crawler.yml/test]   | Collecting pip\n[ci-crawler.yml/test]   |   Downloading pip-23.1.2-py3-none-any.whl (2.1 MB)\n[ci-crawler.yml/test]   | Installing collected packages: pip\n[ci-crawler.yml/test]   |   Attempting uninstall: pip\n[ci-crawler.yml/test]   |     Found existing installation: pip 21.2.4\n[ci-crawler.yml/test]   |     Uninstalling pip-21.2.4:\n[ci-crawler.yml/test]   |       Successfully uninstalled pip-21.2.4\n[ci-crawler.yml/test]   | Successfully installed pip-23.1.2\n[ci-crawler.yml/test]   | Collecting coveralls\n[ci-crawler.yml/test]   |   Downloading coveralls-3.3.1-py2.py3-none-any.whl (14 kB)\n[ci-crawler.yml/test]   | Collecting coverage!=6.0.*,!=6.1,!=6.1.1,<7.0,>=4.1 (from coveralls)\n[ci-crawler.yml/test]   |   Downloading coverage-6.5.0-cp37-cp37m-manylinux_2_5_x86_64.manylinux1_x86_64.manylinux_2_17_x86_64.manylinux2014_x86_64.whl (210 kB)\n[ci-crawler.yml/test]   |      \u2501\u2501\u2501\u2501\u2501\u2501\u2501\u2501\u2501\u2501\u2501\u2501\u2501\u2501\u2501\u2501\u2501\u2501\u2501\u2501\u2501\u2501\u2501\u2501\u2501\u2501\u2501\u2501\u2501\u2501\u2501\u2501\u2501\u2501\u2501\u2501\u2501\u2501 210.1/210.1 kB 14.5 MB/s eta 0:00:00\n[ci-crawler.yml/test]   | Collecting docopt>=0.6.1 (from coveralls)\n[ci-crawler.yml/test]   |   Downloading docopt-0.6.2.tar.gz (25 kB)\n[ci-crawler.yml/test]   |   Installing build dependencies: started\n[ci-crawler.yml/test]   |   Installing build dependencies: finished with status 'done'\n[ci-crawler.yml/test]   |   Getting requirements to build wheel: started\n[ci-crawler.yml/test]   |   Getting requirements to build wheel: finished with status 'done'\n[ci-crawler.yml/test]   |   Preparing metadata (pyproject.toml): started\n[ci-crawler.yml/test]   |   Preparing metadata (pyproject.toml): finished with status 'done'\n[ci-crawler.yml/test]   | Collecting requests>=1.0.0 (from coveralls)\n[ci-crawler.yml/test]   |   Downloading requests-2.31.0-py3-none-any.whl (62 kB)\n[ci-crawler.yml/test]   |      \u2501\u2501\u2501\u2501\u2501\u2501\u2501\u2501\u2501\u2501\u2501\u2501\u2501\u2501\u2501\u2501\u2501\u2501\u2501\u2501\u2501\u2501\u2501\u2501\u2501\u2501\u2501\u2501\u2501\u2501\u2501\u2501\u2501\u2501\u2501\u2501\u2501\u2501\u2501\u2501 62.6/62.6 kB 5.1 MB/s eta 0:00:00\n[ci-crawler.yml/test]   | Collecting charset-normalizer<4,>=2 (from requests>=1.0.0->coveralls)\n[ci-crawler.yml/test]   |   Downloading charset_normalizer-3.1.0-cp37-cp37m-manylinux_2_17_x86_64.manylinux2014_x86_64.whl (171 kB)\n[ci-crawler.yml/test]   |      \u2501\u2501\u2501\u2501\u2501\u2501\u2501\u2501\u2501\u2501\u2501\u2501\u2501\u2501\u2501\u2501\u2501\u2501\u2501\u2501\u2501\u2501\u2501\u2501\u2501\u2501\u2501\u2501\u2501\u2501\u2501\u2501\u2501\u2501\u2501\u2501\u2501\u2501 171.0/171.0 kB 27.8 MB/s eta 0:00:00\n[ci-crawler.yml/test]   | Collecting idna<4,>=2.5 (from requests>=1.0.0->coveralls)\n[ci-crawler.yml/test]   |   Downloading idna-3.4-py3-none-any.whl (61 kB)\n[ci-crawler.yml/test]   |      \u2501\u2501\u2501\u2501\u2501\u2501\u2501\u2501\u2501\u2501\u2501\u2501\u2501\u2501\u2501\u2501\u2501\u2501\u2501\u2501\u2501\u2501\u2501\u2501\u2501\u2501\u2501\u2501\u2501\u2501\u2501\u2501\u2501\u2501\u2501\u2501\u2501\u2501\u2501\u2501 61.5/61.5 kB 9.4 MB/s eta 0:00:00\n[ci-crawler.yml/test]   | Collecting urllib3<3,>=1.21.1 (from requests>=1.0.0->coveralls)\n[ci-crawler.yml/test]   |   Downloading urllib3-2.0.2-py3-none-any.whl (123 kB)\n[ci-crawler.yml/test]   |      \u2501\u2501\u2501\u2501\u2501\u2501\u2501\u2501\u2501\u2501\u2501\u2501\u2501\u2501\u2501\u2501\u2501\u2501\u2501\u2501\u2501\u2501\u2501\u2501\u2501\u2501\u2501\u2501\u2501\u2501\u2501\u2501\u2501\u2501\u2501\u2501\u2501\u2501\u2501 123.2/123.2 kB 6.8 MB/s eta 0:00:00\n[ci-crawler.yml/test]   | Collecting certifi>=2017.4.17 (from requests>=1.0.0->coveralls)\n[ci-crawler.yml/test]   |   Downloading certifi-2023.5.7-py3-none-any.whl (156 kB)\n[ci-crawler.yml/test]   |      \u2501\u2501\u2501\u2501\u2501\u2501\u2501\u2501\u2501\u2501\u2501\u2501\u2501\u2501\u2501\u2501\u2501\u2501\u2501\u2501\u2501\u2501\u2501\u2501\u2501\u2501\u2501\u2501\u2501\u2501\u2501\u2501\u2501\u2501\u2501\u2501\u2501\u2501 157.0/157.0 kB 21.0 MB/s eta 0:00:00\n[ci-crawler.yml/test]   | Building wheels for collected packages: docopt\n[ci-crawler.yml/test]   |   Building wheel for docopt (pyproject.toml): started\n[ci-crawler.yml/test]   |   Building wheel for docopt (pyproject.toml): finished with status 'done'\n[ci-crawler.yml/test]   |   Created wheel for docopt: filename=docopt-0.6.2-py2.py3-none-any.whl size=13707 sha256=67cda28080118eaa00468e0aafbcf66b74a2ba8b65098ffed328e6c81d9e9e69\n[ci-crawler.yml/test]   |   Stored in directory: /home/runneradmin/.cache/pip/wheels/72/b0/3f/1d95f96ff986c7dfffe46ce2be4062f38ebd04b506c77c81b9\n[ci-crawler.yml/test]   | Successfully built docopt\n[ci-crawler.yml/test]   | Installing collected packages: docopt, urllib3, idna, coverage, charset-normalizer, certifi, requests, coveralls\n[ci-crawler.yml/test]   | Successfully installed certifi-2023.5.7 charset-normalizer-3.1.0 coverage-6.5.0 coveralls-3.3.1 docopt-0.6.2 idna-3.4 requests-2.31.0 urllib3-2.0.2\n[ci-crawler.yml/test]   | \n[ci-crawler.yml/test]   | [notice] A new release of pip is available: 20.1.1 -> 23.1.2\n[ci-crawler.yml/test]   | [notice] To update, run: pip install --upgrade pip\n[ci-crawler.yml/test]   | Collecting aiohttp>=3.6 (from -r requirements.txt (line 1))\n[ci-crawler.yml/test]   |   Downloading aiohttp-3.8.4-cp37-cp37m-manylinux_2_17_x86_64.manylinux2014_x86_64.whl (948 kB)\n[ci-crawler.yml/test]   |      \u2501\u2501\u2501\u2501\u2501\u2501\u2501\u2501\u2501\u2501\u2501\u2501\u2501\u2501\u2501\u2501\u2501\u2501\u2501\u2501\u2501\u2501\u2501\u2501\u2501\u2501\u2501\u2501\u2501\u2501\u2501\u2501\u2501\u2501\u2501\u2501\u2501\u2501 948.1/948.1 kB 25.6 MB/s eta 0:00:00\n[ci-crawler.yml/test]   | Collecting appdirs>=1.4.0 (from -r requirements.txt (line 2))\n[ci-crawler.yml/test]   |   Downloading appdirs-1.4.4-py2.py3-none-any.whl (9.6 kB)\n[ci-crawler.yml/test]   | Collecting bitarray>=2.0.0 (from -r requirements.txt (line 3))\n[ci-crawler.yml/test]   |   Downloading bitarray-2.7.3-cp37-cp37m-manylinux_2_17_x86_64.manylinux2014_x86_64.whl (264 kB)\n[ci-crawler.yml/test]   |      \u2501\u2501\u2501\u2501\u2501\u2501\u2501\u2501\u2501\u2501\u2501\u2501\u2501\u2501\u2501\u2501\u2501\u2501\u2501\u2501\u2501\u2501\u2501\u2501\u2501\u2501\u2501\u2501\u2501\u2501\u2501\u2501\u2501\u2501\u2501\u2501\u2501\u2501 264.1/264.1 kB 16.3 MB/s eta 0:00:00\n[ci-crawler.yml/test]   | Collecting cssselect>=1.1.0 (from -r requirements.txt (line 4))\n[ci-crawler.yml/test]   |   Downloading cssselect-1.2.0-py2.py3-none-any.whl (18 kB)\n[ci-crawler.yml/test]   | Collecting lxml>=4.0.0 (from -r requirements.txt (line 5))\n[ci-crawler.yml/test]   |   Downloading lxml-4.9.2-cp37-cp37m-manylinux_2_17_x86_64.manylinux2014_x86_64.manylinux_2_24_x86_64.whl (6.6 MB)\n[ci-crawler.yml/test]   |      \u2501\u2501\u2501\u2501\u2501\u2501\u2501\u2501\u2501\u2501\u2501\u2501\u2501\u2501\u2501\u2501\u2501\u2501\u2501\u2501\u2501\u2501\u2501\u2501\u2501\u2501\u2501\u2501\u2501\u2501\u2501\u2501\u2501\u2501\u2501\u2501\u2501\u2501\u2501\u2501 6.6/6.6 MB 25.6 MB/s eta 0:00:00\n[ci-crawler.yml/test]   | Collecting mutagen>=1.31 (from -r requirements.txt (line 6))\n[ci-crawler.yml/test]   |   Downloading mutagen-1.46.0-py3-none-any.whl (193 kB)\n[ci-crawler.yml/test]   |      \u2501\u2501\u2501\u2501\u2501\u2501\u2501\u2501\u2501\u2501\u2501\u2501\u2501\u2501\u2501\u2501\u2501\u2501\u2501\u2501\u2501\u2501\u2501\u2501\u2501\u2501\u2501\u2501\u2501\u2501\u2501\u2501\u2501\u2501\u2501\u2501\u2501\u2501 193.6/193.6 kB 12.4 MB/s eta 0:00:00\n[ci-crawler.yml/test]   | Collecting pillow>=8.0.0 (from -r requirements.txt (line 7))\n[ci-crawler.yml/test]   |   Downloading Pillow-9.5.0-cp37-cp37m-manylinux_2_28_x86_64.whl (3.4 MB)\n[ci-crawler.yml/test]   |      \u2501\u2501\u2501\u2501\u2501\u2501\u2501\u2501\u2501\u2501\u2501\u2501\u2501\u2501\u2501\u2501\u2501\u2501\u2501\u2501\u2501\u2501\u2501\u2501\u2501\u2501\u2501\u2501\u2501\u2501\u2501\u2501\u2501\u2501\u2501\u2501\u2501\u2501\u2501\u2501 3.4/3.4 MB 32.5 MB/s eta 0:00:00\n[ci-crawler.yml/test]   | Collecting tqdm>=4.28.1 (from -r requirements.txt (line 8))\n[ci-crawler.yml/test]   |   Downloading tqdm-4.65.0-py3-none-any.whl (77 kB)\n[ci-crawler.yml/test]   |      \u2501\u2501\u2501\u2501\u2501\u2501\u2501\u2501\u2501\u2501\u2501\u2501\u2501\u2501\u2501\u2501\u2501\u2501\u2501\u2501\u2501\u2501\u2501\u2501\u2501\u2501\u2501\u2501\u2501\u2501\u2501\u2501\u2501\u2501\u2501\u2501\u2501\u2501\u2501\u2501 77.1/77.1 kB 2.1 MB/s eta 0:00:00\n[ci-crawler.yml/test]   | Collecting unidecode>=1.1.1 (from -r requirements.txt (line 9))\n[ci-crawler.yml/test]   |   Downloading Unidecode-1.3.6-py3-none-any.whl (235 kB)\n[ci-crawler.yml/test]   |      \u2501\u2501\u2501\u2501\u2501\u2501\u2501\u2501\u2501\u2501\u2501\u2501\u2501\u2501\u2501\u2501\u2501\u2501\u2501\u2501\u2501\u2501\u2501\u2501\u2501\u2501\u2501\u2501\u2501\u2501\u2501\u2501\u2501\u2501\u2501\u2501\u2501\u2501\u2501 235.9/235.9 kB 8.9 MB/s eta 0:00:00\n[ci-crawler.yml/test]   | Collecting web_cache>=1.1.0 (from -r requirements.txt (line 10))\n[ci-crawler.yml/test]   |   Downloading web_cache-1.1.0.tar.gz (16 kB)\n[ci-crawler.yml/test]   |   Installing build dependencies: started\n[ci-crawler.yml/test]   |   Installing build dependencies: finished with status 'done'\n[ci-crawler.yml/test]   |   Getting requirements to build wheel: started\n[ci-crawler.yml/test]   |   Getting requirements to build wheel: finished with status 'done'\n[ci-crawler.yml/test]   |   Preparing metadata (pyproject.toml): started\n[ci-crawler.yml/test]   |   Preparing metadata (pyproject.toml): finished with status 'done'\n[ci-crawler.yml/test]   | Collecting attrs>=17.3.0 (from aiohttp>=3.6->-r requirements.txt (line 1))\n[ci-crawler.yml/test]   |   Downloading attrs-23.1.0-py3-none-any.whl (61 kB)\n[ci-crawler.yml/test]   |      \u2501\u2501\u2501\u2501\u2501\u2501\u2501\u2501\u2501\u2501\u2501\u2501\u2501\u2501\u2501\u2501\u2501\u2501\u2501\u2501\u2501\u2501\u2501\u2501\u2501\u2501\u2501\u2501\u2501\u2501\u2501\u2501\u2501\u2501\u2501\u2501\u2501\u2501\u2501\u2501 61.2/61.2 kB 2.9 MB/s eta 0:00:00\n[ci-crawler.yml/test]   | Requirement already satisfied: charset-normalizer<4.0,>=2.0 in /opt/hostedtoolcache/Python/3.7.11/x64/lib/python3.7/site-packages (from aiohttp>=3.6->-r requirements.txt (line 1)) (3.1.0)\n[ci-crawler.yml/test]   | Collecting multidict<7.0,>=4.5 (from aiohttp>=3.6->-r requirements.txt (line 1))\n[ci-crawler.yml/test]   |   Downloading multidict-6.0.4-cp37-cp37m-manylinux_2_17_x86_64.manylinux2014_x86_64.whl (94 kB)\n[ci-crawler.yml/test]   |      \u2501\u2501\u2501\u2501\u2501\u2501\u2501\u2501\u2501\u2501\u2501\u2501\u2501\u2501\u2501\u2501\u2501\u2501\u2501\u2501\u2501\u2501\u2501\u2501\u2501\u2501\u2501\u2501\u2501\u2501\u2501\u2501\u2501\u2501\u2501\u2501\u2501\u2501\u2501\u2501 94.8/94.8 kB 5.1 MB/s eta 0:00:00\n[ci-crawler.yml/test]   | Collecting async-timeout<5.0,>=4.0.0a3 (from aiohttp>=3.6->-r requirements.txt (line 1))\n[ci-crawler.yml/test]   |   Downloading async_timeout-4.0.2-py3-none-any.whl (5.8 kB)\n[ci-crawler.yml/test]   | Collecting yarl<2.0,>=1.0 (from aiohttp>=3.6->-r requirements.txt (line 1))\n[ci-crawler.yml/test]   |   Downloading yarl-1.9.2-cp37-cp37m-manylinux_2_17_x86_64.manylinux2014_x86_64.whl (236 kB)\n[ci-crawler.yml/test]   |      \u2501\u2501\u2501\u2501\u2501\u2501\u2501\u2501\u2501\u2501\u2501\u2501\u2501\u2501\u2501\u2501\u2501\u2501\u2501\u2501\u2501\u2501\u2501\u2501\u2501\u2501\u2501\u2501\u2501\u2501\u2501\u2501\u2501\u2501\u2501\u2501\u2501\u2501 236.2/236.2 kB 12.7 MB/s eta 0:00:00\n[ci-crawler.yml/test]   | Collecting frozenlist>=1.1.1 (from aiohttp>=3.6->-r requirements.txt (line 1))\n[ci-crawler.yml/test]   |   Downloading frozenlist-1.3.3-cp37-cp37m-manylinux_2_5_x86_64.manylinux1_x86_64.manylinux_2_17_x86_64.manylinux2014_x86_64.whl (148 kB)\n[ci-crawler.yml/test]   |      \u2501\u2501\u2501\u2501\u2501\u2501\u2501\u2501\u2501\u2501\u2501\u2501\u2501\u2501\u2501\u2501\u2501\u2501\u2501\u2501\u2501\u2501\u2501\u2501\u2501\u2501\u2501\u2501\u2501\u2501\u2501\u2501\u2501\u2501\u2501\u2501\u2501\u2501\u2501 148.0/148.0 kB 9.5 MB/s eta 0:00:00\n[ci-crawler.yml/test]   | Collecting aiosignal>=1.1.2 (from aiohttp>=3.6->-r requirements.txt (line 1))\n[ci-crawler.yml/test]   |   Downloading aiosignal-1.3.1-py3-none-any.whl (7.6 kB)\n[ci-crawler.yml/test]   | Collecting asynctest==0.13.0 (from aiohttp>=3.6->-r requirements.txt (line 1))\n[ci-crawler.yml/test]   |   Downloading asynctest-0.13.0-py3-none-any.whl (26 kB)\n[ci-crawler.yml/test]   | Collecting typing-extensions>=3.7.4 (from aiohttp>=3.6->-r requirements.txt (line 1))\n[ci-crawler.yml/test]   |   Downloading typing_extensions-4.6.2-py3-none-any.whl (31 kB)\n[ci-crawler.yml/test]   | Collecting importlib-metadata (from attrs>=17.3.0->aiohttp>=3.6->-r requirements.txt (line 1))\n[ci-crawler.yml/test]   |   Downloading importlib_metadata-6.6.0-py3-none-any.whl (22 kB)\n[ci-crawler.yml/test]   | Requirement already satisfied: idna>=2.0 in /opt/hostedtoolcache/Python/3.7.11/x64/lib/python3.7/site-packages (from yarl<2.0,>=1.0->aiohttp>=3.6->-r requirements.txt (line 1)) (3.4)\n[ci-crawler.yml/test]   | Collecting zipp>=0.5 (from importlib-metadata->attrs>=17.3.0->aiohttp>=3.6->-r requirements.txt (line 1))\n[ci-crawler.yml/test]   |   Downloading zipp-3.15.0-py3-none-any.whl (6.8 kB)\n[ci-crawler.yml/test]   | Building wheels for collected packages: web_cache\n[ci-crawler.yml/test]   |   Building wheel for web_cache (pyproject.toml): started\n[ci-crawler.yml/test]   |   Building wheel for web_cache (pyproject.toml): finished with status 'done'\n[ci-crawler.yml/test]   |   Created wheel for web_cache: filename=web_cache-1.1.0-py3-none-any.whl size=15426 sha256=341820765cbd7e04fbc5caee16674febe81284d50947ff1c677de41c79ebecb9\n[ci-crawler.yml/test]   |   Stored in directory: /home/runneradmin/.cache/pip/wheels/92/76/40/7d36adc694f653bb46ea432a7c9e3156db2efdb0b4727bb81d\n[ci-crawler.yml/test]   | Successfully built web_cache\n[ci-crawler.yml/test]   | Installing collected packages: web_cache, bitarray, appdirs, zipp, unidecode, typing-extensions, tqdm, pillow, mutagen, multidict, lxml, frozenlist, cssselect, asynctest, yarl, importlib-metadata, async-timeout, aiosignal, attrs, aiohttp\n[ci-crawler.yml/test]   | Successfully installed aiohttp-3.8.4 aiosignal-1.3.1 appdirs-1.4.4 async-timeout-4.0.2 asynctest-0.13.0 attrs-23.1.0 bitarray-2.7.3 cssselect-1.2.0 frozenlist-1.3.3 importlib-metadata-6.6.0 lxml-4.9.2 multidict-6.0.4 mutagen-1.46.0 pillow-9.5.0 tqdm-4.65.0 typing-extensions-4.6.2 unidecode-1.3.6 web_cache-1.1.0 yarl-1.9.2 zipp-3.15.0\n[ci-crawler.yml/test]   | \n[ci-crawler.yml/test]   | [notice] A new release of pip is available: 20.1.1 -> 23.1.2\n[ci-crawler.yml/test]   | [notice] To update, run: pip install --upgrade pip\n[ci-crawler.yml/test]   \u2705  Success - Main sudo apt-get install libxml2-dev libxslt1-dev\npip install -U pip\npip install coveralls\npip install -r requirements.txt\n[ci-crawler.yml/test] \u2b50 Run Main coverage run --source=sacad setup.py test\n[ci-crawler.yml/test]   \ud83d\udc33  docker exec cmd=[bash --noprofile --norc -e -o pipefail /var/run/act/workflow/3] user= workdir=\n[ci-crawler.yml/test]   | running test\n[ci-crawler.yml/test]   | WARNING: Testing via this command is deprecated and will be removed in a future version. Users looking for a generic test entry point independent of test runner are encouraged to use tox.\n[ci-crawler.yml/test]   | running egg_info\n[ci-crawler.yml/test]   | creating sacad.egg-info\n[ci-crawler.yml/test]   | writing sacad.egg-info/PKG-INFO\n[ci-crawler.yml/test]   | writing dependency_links to sacad.egg-info/dependency_links.txt\n[ci-crawler.yml/test]   | writing entry points to sacad.egg-info/entry_points.txt\n[ci-crawler.yml/test]   | writing requirements to sacad.egg-info/requires.txt\n[ci-crawler.yml/test]   | writing top-level names to sacad.egg-info/top_level.txt\n[ci-crawler.yml/test]   | writing manifest file 'sacad.egg-info/SOURCES.txt'\n[ci-crawler.yml/test]   | reading manifest file 'sacad.egg-info/SOURCES.txt'\n[ci-crawler.yml/test]   | reading manifest template 'MANIFEST.in'\n[ci-crawler.yml/test]   | writing manifest file 'sacad.egg-info/SOURCES.txt'\n[ci-crawler.yml/test]   | running build_ext\n[ci-crawler.yml/test]   | test_compareImageSignatures (tests.TestSacad)\n[ci-crawler.yml/test]   | Compare images using their signatures. ... ok\n[ci-crawler.yml/test]   | test_coverSources (tests.TestSacad)\n[ci-crawler.yml/test]   | Check all sources return valid results with different parameters. ... skipped 'Test is not reliable on CI servers'\n[ci-crawler.yml/test]   | test_getImageUrlMetadata (tests.TestSacad)\n[ci-crawler.yml/test]   | Download the beginning of image files to guess their format and resolution. ... skipped 'Test is not reliable on CI servers'\n[ci-crawler.yml/test]   | test_getMasterOfPuppetsCover (tests.TestSacad)\n[ci-crawler.yml/test]   | Search and download cover for 'Master of Puppets' with different parameters. ... ok\n[ci-crawler.yml/test]   | test_is_square (tests.TestSacad)\n[ci-crawler.yml/test]   | Check is_square identify squares. ... ok\n[ci-crawler.yml/test]   | test_unaccentuate (tests.TestSacad)\n[ci-crawler.yml/test]   | Check unaccentuate remove accents. ... ok\n[ci-crawler.yml/test]   | test_analyze_dir (tests.recurse_test.TestRecursive)\n[ci-crawler.yml/test]   | Test directory analysis and reporting. ... ok\n[ci-crawler.yml/test]   | test_analyze_lib (tests.recurse_test.TestRecursive)\n[ci-crawler.yml/test]   | Test recursive directory analysis. ... \rAnalyzing library: 0dir [00:00, ?dir/s, albums=0, errors=0, files=0, missing covers=0]\rAnalyzing library: 8dir [00:00, 413.06dir/s, files=12, albums=5, missing covers=5, errors=1]\n[ci-crawler.yml/test]   | \rAnalyzing library: 0dir [00:00, ?dir/s, albums=0, errors=0, files=0, missing covers=0]\rAnalyzing library: 8dir [00:00, 634.80dir/s, files=12, albums=5, missing covers=4, errors=1]\n[ci-crawler.yml/test]   | \rAnalyzing library: 0dir [00:00, ?dir/s, albums=0, errors=0, files=0, missing covers=0]\rAnalyzing library: 8dir [00:00, 629.96dir/s, files=12, albums=5, missing covers=5, errors=1]\n[ci-crawler.yml/test]   | \rAnalyzing library: 0dir [00:00, ?dir/s, albums=0, errors=0, files=0, missing covers=0]\rAnalyzing library: 8dir [00:00, 631.15dir/s, files=12, albums=5, missing covers=3, errors=1]\n[ci-crawler.yml/test]   | \rAnalyzing library: 0dir [00:00, ?dir/s, albums=0, errors=0, files=0, missing covers=0]\rAnalyzing library: 8dir [00:00, 617.20dir/s, files=12, albums=6, missing covers=6, errors=1]\n[ci-crawler.yml/test]   | \rAnalyzing library: 0dir [00:00, ?dir/s, albums=0, errors=0, files=0, missing covers=0]\rAnalyzing library: 8dir [00:00, 615.08dir/s, files=12, albums=6, missing covers=5, errors=1]\n[ci-crawler.yml/test]   | \rAnalyzing library: 0dir [00:00, ?dir/s, albums=0, errors=0, files=0, missing covers=0]\rAnalyzing library: 8dir [00:00, 605.26dir/s, files=12, albums=6, missing covers=6, errors=1]\n[ci-crawler.yml/test]   | \rAnalyzing library: 0dir [00:00, ?dir/s, albums=0, errors=0, files=0, missing covers=0]\rAnalyzing library: 8dir [00:00, 605.61dir/s, files=12, albums=6, missing covers=4, errors=1]\n[ci-crawler.yml/test]   | ok\n[ci-crawler.yml/test]   | test_get_dir_metadata (tests.recurse_test.TestRecursive)\n[ci-crawler.yml/test]   | Test directory metadata extraction. ... ok\n[ci-crawler.yml/test]   | test_get_file_metadata (tests.recurse_test.TestRecursive)\n[ci-crawler.yml/test]   | Test file metadata extraction. ... ok\n[ci-crawler.yml/test]   | test_pattern_to_filepath (tests.recurse_test.TestRecursive)\n[ci-crawler.yml/test]   | Test filepath generation from pattern. ... ok\n[ci-crawler.yml/test]   | test_minDelayBetweenAccesses (tests.rate_watcher_test.TestRateWatcher)\n[ci-crawler.yml/test]   | Test rate limit. ... FAIL\n[ci-crawler.yml/test]   | \n[ci-crawler.yml/test]   | ======================================================================\n[ci-crawler.yml/test]   | FAIL: test_minDelayBetweenAccesses (tests.rate_watcher_test.TestRateWatcher)\n[ci-crawler.yml/test]   | Test rate limit.\n[ci-crawler.yml/test]   | ----------------------------------------------------------------------\n[ci-crawler.yml/test]   | Traceback (most recent call last):\n[ci-crawler.yml/test]   |   File \"/tmp/de65f406-fe28-11ed-a890-af2cc187fc11/desbma-sacad/tests/rate_watcher_test.py\", line 47, in test_minDelayBetweenAccesses\n[ci-crawler.yml/test]   |     self.assertAlmostEqual(after - before, 1, delta=ALMOST_NO_TIME)\n[ci-crawler.yml/test]   | AssertionError: 1.0761379655450583 != 1 within 0.05 delta (0.07613796554505825 difference)\n[ci-crawler.yml/test]   | \n[ci-crawler.yml/test]   | ----------------------------------------------------------------------\n[ci-crawler.yml/test]   | Ran 12 tests in 58.735s\n[ci-crawler.yml/test]   | \n[ci-crawler.yml/test]   | FAILED (failures=1, skipped=2)\n[ci-crawler.yml/test]   | Test failed: <unittest.runner.TextTestResult run=12 errors=0 failures=1>\n[ci-crawler.yml/test]   | error: Test failed: <unittest.runner.TextTestResult run=12 errors=0 failures=1>\n[ci-crawler.yml/test]   \u274c  Failure - Main coverage run --source=sacad setup.py test\n[ci-crawler.yml/test] exitcode '1': failure\n[ci-crawler.yml/test] \ud83c\udfc1  Job failed\n",
    "actions_stderr": "Error: Job 'lint' failed\n"
}