{
    "repository": "FactoryBoy/factory_boy",
    "clone_url": "https://github.com/FactoryBoy/factory_boy.git",
    "timestamp": "2023-05-29T14:11:40.356581Z",
    "clone_success": true,
    "number of actions": 3,
    "number_of_test_actions": 1,
    "actions_successful": false,
    "actions_stdout": "[Test/Python 3.7, Database sqlite] \ud83d\ude80  Start image=crawlergpt:latest\n[Test/Python 3.7, Database sqlite]   \ud83d\udc33  docker pull image=crawlergpt:latest platform= username= forcePull=false\n[Test/Python 3.7, Database sqlite]   \ud83d\udc33  docker create image=crawlergpt:latest platform= entrypoint=[\"tail\" \"-f\" \"/dev/null\"] cmd=[]\n[Test/Python 3.7, Database sqlite]   \ud83d\udc33  docker run image=crawlergpt:latest platform= entrypoint=[\"tail\" \"-f\" \"/dev/null\"] cmd=[]\n[Test/Python 3.7, Database sqlite]   \ud83d\udc33  docker exec cmd=[chown -R 1012:1000 /tmp/de65f406-fe28-11ed-a890-af2cc187fc11/FactoryBoy-factory_boy] user=0 workdir=\n[Test/Python 3.7, Database sqlite]   \u2601  git clone 'https://github.com/actions/setup-python' # ref=v4\n[Test/Python 3.7, Database sqlite] \ud83e\uddea  Matrix: map[database-type:sqlite python-version:3.7]\n[Test/Python 3.7, Database sqlite] \u2b50 Run Main actions/checkout@v3\n[Test/Python 3.7, Database sqlite]   \u2705  Success - Main actions/checkout@v3\n[Test/Python 3.7, Database sqlite] \u2b50 Run Main Set up Python 3.7\n[Test/Python 3.7, Database sqlite]   \ud83d\udc33  docker cp src=/home/andre-silva/.cache/act/actions-setup-python@v4/ dst=/var/run/act/actions/actions-setup-python@v4/\n[Test/Python 3.7, Database sqlite]   \ud83d\udc33  docker exec cmd=[chown -R 1012:1000 /var/run/act/actions/actions-setup-python@v4/] user=0 workdir=\n[Test/Python 3.7, Database sqlite]   \ud83d\udc33  docker exec cmd=[node /var/run/act/actions/actions-setup-python@v4/dist/setup/index.js] user= workdir=\n[Test/Python 3.7, Database sqlite]   \ud83d\udcac  ::debug::Python is expected to be installed into /opt/hostedtoolcache\n[Test/Python 3.7, Database sqlite]   \u2753  ::group::Installed versions\n[Test/Python 3.7, Database sqlite]   \ud83d\udcac  ::debug::Semantic version spec of 3.7 is 3.7\n[Test/Python 3.7, Database sqlite]   \ud83d\udcac  ::debug::isExplicit: \n[Test/Python 3.7, Database sqlite]   \ud83d\udcac  ::debug::explicit? false\n[Test/Python 3.7, Database sqlite]   \ud83d\udcac  ::debug::isExplicit: 2.7.18\n[Test/Python 3.7, Database sqlite]   \ud83d\udcac  ::debug::explicit? true\n[Test/Python 3.7, Database sqlite]   \ud83d\udcac  ::debug::isExplicit: 3.5.10\n[Test/Python 3.7, Database sqlite]   \ud83d\udcac  ::debug::explicit? true\n[Test/Python 3.7, Database sqlite]   \ud83d\udcac  ::debug::isExplicit: 3.6.14\n[Test/Python 3.7, Database sqlite]   \ud83d\udcac  ::debug::explicit? true\n[Test/Python 3.7, Database sqlite]   \ud83d\udcac  ::debug::isExplicit: 3.7.11\n[Test/Python 3.7, Database sqlite]   \ud83d\udcac  ::debug::explicit? true\n[Test/Python 3.7, Database sqlite]   \ud83d\udcac  ::debug::isExplicit: 3.8.11\n[Test/Python 3.7, Database sqlite]   \ud83d\udcac  ::debug::explicit? true\n[Test/Python 3.7, Database sqlite]   \ud83d\udcac  ::debug::isExplicit: 3.9.6\n[Test/Python 3.7, Database sqlite]   \ud83d\udcac  ::debug::explicit? true\n[Test/Python 3.7, Database sqlite]   \ud83d\udcac  ::debug::evaluating 6 versions\n[Test/Python 3.7, Database sqlite]   \ud83d\udcac  ::debug::matched: 3.7.11\n[Test/Python 3.7, Database sqlite]   \ud83d\udcac  ::debug::checking cache: /opt/hostedtoolcache/Python/3.7.11/x64\n[Test/Python 3.7, Database sqlite]   \ud83d\udcac  ::debug::Found tool in cache Python 3.7.11 x64\n[Test/Python 3.7, Database sqlite]   | Successfully set up CPython (3.7.11)\n[Test/Python 3.7, Database sqlite]   \u2753  ::endgroup::\n[Test/Python 3.7, Database sqlite]   \ud83d\udea7  ::warning::The runner was not able to contact the cache service. Caching will be skipped\n[Test/Python 3.7, Database sqlite]   \u2753 add-matcher /run/act/actions/actions-setup-python@v4/.github/python.json\n[Test/Python 3.7, Database sqlite]   \u2705  Success - Main Set up Python 3.7\n[Test/Python 3.7, Database sqlite]   \u2699  ::set-env:: pythonLocation=/opt/hostedtoolcache/Python/3.7.11/x64\n[Test/Python 3.7, Database sqlite]   \u2699  ::set-env:: PKG_CONFIG_PATH=/opt/hostedtoolcache/Python/3.7.11/x64/lib/pkgconfig\n[Test/Python 3.7, Database sqlite]   \u2699  ::set-env:: Python_ROOT_DIR=/opt/hostedtoolcache/Python/3.7.11/x64\n[Test/Python 3.7, Database sqlite]   \u2699  ::set-env:: Python2_ROOT_DIR=/opt/hostedtoolcache/Python/3.7.11/x64\n[Test/Python 3.7, Database sqlite]   \u2699  ::set-env:: Python3_ROOT_DIR=/opt/hostedtoolcache/Python/3.7.11/x64\n[Test/Python 3.7, Database sqlite]   \u2699  ::set-env:: LD_LIBRARY_PATH=/opt/hostedtoolcache/Python/3.7.11/x64/lib\n[Test/Python 3.7, Database sqlite]   \u2699  ::set-output:: python-version=3.7.11\n[Test/Python 3.7, Database sqlite]   \u2699  ::set-output:: python-path=/opt/hostedtoolcache/Python/3.7.11/x64/bin/python\n[Test/Python 3.7, Database sqlite]   \u2699  ::add-path:: /opt/hostedtoolcache/Python/3.7.11/x64\n[Test/Python 3.7, Database sqlite]   \u2699  ::add-path:: /opt/hostedtoolcache/Python/3.7.11/x64/bin\n[Test/Python 3.7, Database sqlite] \u2b50 Run Main Install dependencies\n[Test/Python 3.7, Database sqlite]   \ud83d\udc33  docker exec cmd=[bash --noprofile --norc -e -o pipefail /var/run/act/workflow/2] user= workdir=\n[Test/Python 3.7, Database sqlite]   | Collecting tox-gh-actions\n[Test/Python 3.7, Database sqlite]   |   Downloading tox_gh_actions-3.1.1-py2.py3-none-any.whl (9.8 kB)\n[Test/Python 3.7, Database sqlite]   | Collecting tox<5,>=4\n[Test/Python 3.7, Database sqlite]   |   Downloading tox-4.5.2-py3-none-any.whl (148 kB)\n[Test/Python 3.7, Database sqlite]   | Collecting packaging>=23.1\n[Test/Python 3.7, Database sqlite]   |   Downloading packaging-23.1-py3-none-any.whl (48 kB)\n[Test/Python 3.7, Database sqlite]   | Collecting pyproject-api>=1.5.1\n[Test/Python 3.7, Database sqlite]   |   Downloading pyproject_api-1.5.1-py3-none-any.whl (12 kB)\n[Test/Python 3.7, Database sqlite]   | Collecting chardet>=5.1\n[Test/Python 3.7, Database sqlite]   |   Downloading chardet-5.1.0-py3-none-any.whl (199 kB)\n[Test/Python 3.7, Database sqlite]   | Collecting filelock>=3.12\n[Test/Python 3.7, Database sqlite]   |   Downloading filelock-3.12.0-py3-none-any.whl (10 kB)\n[Test/Python 3.7, Database sqlite]   | Collecting virtualenv>=20.23\n[Test/Python 3.7, Database sqlite]   |   Downloading virtualenv-20.23.0-py3-none-any.whl (3.3 MB)\n[Test/Python 3.7, Database sqlite]   | Collecting platformdirs>=3.5.1\n[Test/Python 3.7, Database sqlite]   |   Downloading platformdirs-3.5.1-py3-none-any.whl (15 kB)\n[Test/Python 3.7, Database sqlite]   | Collecting tomli>=2.0.1\n[Test/Python 3.7, Database sqlite]   |   Downloading tomli-2.0.1-py3-none-any.whl (12 kB)\n[Test/Python 3.7, Database sqlite]   | Collecting cachetools>=5.3\n[Test/Python 3.7, Database sqlite]   |   Downloading cachetools-5.3.1-py3-none-any.whl (9.3 kB)\n[Test/Python 3.7, Database sqlite]   | Collecting importlib-metadata>=6.6\n[Test/Python 3.7, Database sqlite]   |   Downloading importlib_metadata-6.6.0-py3-none-any.whl (22 kB)\n[Test/Python 3.7, Database sqlite]   | Collecting pluggy>=1\n[Test/Python 3.7, Database sqlite]   |   Downloading pluggy-1.0.0-py2.py3-none-any.whl (13 kB)\n[Test/Python 3.7, Database sqlite]   | Collecting typing-extensions>=4.6.2\n[Test/Python 3.7, Database sqlite]   |   Downloading typing_extensions-4.6.2-py3-none-any.whl (31 kB)\n[Test/Python 3.7, Database sqlite]   | Collecting colorama>=0.4.6\n[Test/Python 3.7, Database sqlite]   |   Downloading colorama-0.4.6-py2.py3-none-any.whl (25 kB)\n[Test/Python 3.7, Database sqlite]   | Collecting zipp>=0.5\n[Test/Python 3.7, Database sqlite]   |   Downloading zipp-3.15.0-py3-none-any.whl (6.8 kB)\n[Test/Python 3.7, Database sqlite]   | Collecting distlib<1,>=0.3.6\n[Test/Python 3.7, Database sqlite]   |   Downloading distlib-0.3.6-py2.py3-none-any.whl (468 kB)\n[Test/Python 3.7, Database sqlite]   | Installing collected packages: zipp, typing-extensions, tomli, platformdirs, packaging, importlib-metadata, filelock, distlib, virtualenv, pyproject-api, pluggy, colorama, chardet, cachetools, tox, tox-gh-actions\n[Test/Python 3.7, Database sqlite]   | Successfully installed cachetools-5.3.1 chardet-5.1.0 colorama-0.4.6 distlib-0.3.6 filelock-3.12.0 importlib-metadata-6.6.0 packaging-23.1 platformdirs-3.5.1 pluggy-1.0.0 pyproject-api-1.5.1 tomli-2.0.1 tox-4.5.2 tox-gh-actions-3.1.1 typing-extensions-4.6.2 virtualenv-20.23.0 zipp-3.15.0\n[Test/Python 3.7, Database sqlite]   | WARNING: You are using pip version 21.2.4; however, version 23.1.2 is available.\n[Test/Python 3.7, Database sqlite]   | You should consider upgrading via the '/opt/hostedtoolcache/Python/3.7.11/x64/bin/python -m pip install --upgrade pip' command.\n[Test/Python 3.7, Database sqlite]   \u2705  Success - Main Install dependencies\n[Test/Python 3.7, Database sqlite] \u2b50 Run Main Run tests\n[Test/Python 3.7, Database sqlite]   \ud83d\udc33  docker exec cmd=[bash --noprofile --norc -e -o pipefail /var/run/act/workflow/3] user= workdir=\n[Test/Python 3.7, Database sqlite]   | ROOT: tox-gh-actions couldn't understand the parallel option. ignoring the given option: 0\n[Test/Python 3.7, Database sqlite]   | .pkg: install_requires> python -I -m pip install 'setuptools>=40.8.0' wheel\n[Test/Python 3.7, Database sqlite]   | .pkg: _optional_hooks> python /opt/hostedtoolcache/Python/3.7.11/x64/lib/python3.7/site-packages/pyproject_api/_backend.py True setuptools.build_meta __legacy__\n[Test/Python 3.7, Database sqlite]   | .pkg: get_requires_for_build_sdist> python /opt/hostedtoolcache/Python/3.7.11/x64/lib/python3.7/site-packages/pyproject_api/_backend.py True setuptools.build_meta __legacy__\n[Test/Python 3.7, Database sqlite]   | .pkg: freeze> python -m pip freeze --all\n[Test/Python 3.7, Database sqlite]   | .pkg: pip==23.1.2,setuptools==67.7.2,wheel==0.40.0\n[Test/Python 3.7, Database sqlite]   | .pkg: prepare_metadata_for_build_wheel> python /opt/hostedtoolcache/Python/3.7.11/x64/lib/python3.7/site-packages/pyproject_api/_backend.py True setuptools.build_meta __legacy__\n[Test/Python 3.7, Database sqlite]   | .pkg: build_sdist> python /opt/hostedtoolcache/Python/3.7.11/x64/lib/python3.7/site-packages/pyproject_api/_backend.py True setuptools.build_meta __legacy__\n[Test/Python 3.7, Database sqlite]   | py37-sqlite: install_package_deps> python -I -m pip install 'Faker>=0.7.0' 'importlib-metadata; python_version < \"3.8\"'\n[Test/Python 3.7, Database sqlite]   | py37-sqlite: install_package> python -I -m pip install --force-reinstall --no-deps /tmp/de65f406-fe28-11ed-a890-af2cc187fc11/FactoryBoy-factory_boy/.tox/.tmp/package/1/factory_boy-3.2.1.dev0.tar.gz\n[Test/Python 3.7, Database sqlite]   | py37-sqlite: freeze> python -m pip freeze --all\n[Test/Python 3.7, Database sqlite]   | py37-sqlite: factory-boy @ file:///tmp/de65f406-fe28-11ed-a890-af2cc187fc11/FactoryBoy-factory_boy/.tox/.tmp/package/1/factory_boy-3.2.1.dev0.tar.gz#sha256=5030d614c2d8a1ea1d8645425430c89fd0a6b040b3a964f046fe011f66478ed6,Faker==18.9.0,importlib-metadata==6.6.0,pip==23.1.2,python-dateutil==2.8.2,setuptools==67.7.2,six==1.16.0,typing_extensions==4.6.2,wheel==0.40.0,zipp==3.15.0\n[Test/Python 3.7, Database sqlite]   | py37-sqlite: tox-gh-actions couldn't understand the parallel option. ignoring the given option: 0\n[Test/Python 3.7, Database sqlite]   \u2753  ::group::tox: py37-sqlite\n[Test/Python 3.7, Database sqlite]   | py37-sqlite: commands[0]> make test\n[Test/Python 3.7, Database sqlite]   | python \\\n[Test/Python 3.7, Database sqlite]   | \t-b \\\n[Test/Python 3.7, Database sqlite]   | \t-X dev \\\n[Test/Python 3.7, Database sqlite]   | \t-Werror \\\n[Test/Python 3.7, Database sqlite]   | \t-Wdefault:\"the imp module is deprecated in favour of importlib; see the module's documentation for alternative uses\":DeprecationWarning:distutils: \\\n[Test/Python 3.7, Database sqlite]   | \t-Wdefault:\"Using or importing the ABCs from 'collections' instead of from 'collections.abc' is deprecated, and in 3.8 it will stop working\":DeprecationWarning:: \\\n[Test/Python 3.7, Database sqlite]   | \t-Wdefault:\"Using or importing the ABCs from 'collections' instead of from 'collections.abc' is deprecated since Python 3.3, and in 3.9 it will stop working\":DeprecationWarning:: \\\n[Test/Python 3.7, Database sqlite]   | \t-Wdefault:\"set_output_charset() is deprecated\":DeprecationWarning:: \\\n[Test/Python 3.7, Database sqlite]   | \t-Wdefault:\"parameter codeset is deprecated\":DeprecationWarning:: \\\n[Test/Python 3.7, Database sqlite]   | \t-Wdefault:\"'cgi' is deprecated and slated for removal in Python 3.13\":DeprecationWarning:: \\\n[Test/Python 3.7, Database sqlite]   | \t-m unittest\n[Test/Python 3.7, Database sqlite]   | s.....................................................................s.......................................................................s...........sssssssss..............................................ss..s...s....s..s.........................................................................................\n[Test/Python 3.7, Database sqlite]   | ----------------------------------------------------------------------\n[Test/Python 3.7, Database sqlite]   | Ran 315 tests in 3.554s\n[Test/Python 3.7, Database sqlite]   | \n[Test/Python 3.7, Database sqlite]   | OK (skipped=18)\n[Test/Python 3.7, Database sqlite]   | py37-sqlite: tox-gh-actions couldn't understand the parallel option. ignoring the given option: 0\n[Test/Python 3.7, Database sqlite]   \u2753  ::endgroup::\n[Test/Python 3.7, Database sqlite]   | py37-sqlite: OK \u2714 in 18.88 seconds\n[Test/Python 3.7, Database sqlite]   | py37-django32-mongo-alchemy-sqlite: install_deps> python -I -m pip install 'Django<3.3,>=3.2' mongoengine Pillow SQLAlchemy sqlalchemy_utils\n[Test/Python 3.7, Database sqlite]   | py37-django32-mongo-alchemy-sqlite: install_package_deps> python -I -m pip install 'Faker>=0.7.0' 'importlib-metadata; python_version < \"3.8\"'\n[Test/Python 3.7, Database sqlite]   | py37-django32-mongo-alchemy-sqlite: install_package> python -I -m pip install --force-reinstall --no-deps /tmp/de65f406-fe28-11ed-a890-af2cc187fc11/FactoryBoy-factory_boy/.tox/.tmp/package/2/factory_boy-3.2.1.dev0.tar.gz\n[Test/Python 3.7, Database sqlite]   | py37-django32-mongo-alchemy-sqlite: freeze> python -m pip freeze --all\n[Test/Python 3.7, Database sqlite]   | py37-django32-mongo-alchemy-sqlite: asgiref==3.7.2,Django==3.2.19,dnspython==2.3.0,factory-boy @ file:///tmp/de65f406-fe28-11ed-a890-af2cc187fc11/FactoryBoy-factory_boy/.tox/.tmp/package/2/factory_boy-3.2.1.dev0.tar.gz#sha256=5030d614c2d8a1ea1d8645425430c89fd0a6b040b3a964f046fe011f66478ed6,Faker==18.9.0,greenlet==2.0.2,importlib-metadata==6.6.0,mongoengine==0.27.0,Pillow==9.5.0,pip==23.1.2,pymongo==4.3.3,python-dateutil==2.8.2,pytz==2023.3,setuptools==67.7.2,six==1.16.0,SQLAlchemy==2.0.15,SQLAlchemy-Utils==0.41.1,sqlparse==0.4.4,typing_extensions==4.6.2,wheel==0.40.0,zipp==3.15.0\n[Test/Python 3.7, Database sqlite]   | py37-django32-mongo-alchemy-sqlite: tox-gh-actions couldn't understand the parallel option. ignoring the given option: 0\n[Test/Python 3.7, Database sqlite]   \u2753  ::group::tox: py37-django32-mongo-alchemy-sqlite\n[Test/Python 3.7, Database sqlite]   | py37-django32-mongo-alchemy-sqlite: commands[0]> make test\n[Test/Python 3.7, Database sqlite]   | python \\\n[Test/Python 3.7, Database sqlite]   | \t-b \\\n[Test/Python 3.7, Database sqlite]   | \t-X dev \\\n[Test/Python 3.7, Database sqlite]   | \t-Werror \\\n[Test/Python 3.7, Database sqlite]   | \t-Wdefault:\"the imp module is deprecated in favour of importlib; see the module's documentation for alternative uses\":DeprecationWarning:distutils: \\\n[Test/Python 3.7, Database sqlite]   | \t-Wdefault:\"Using or importing the ABCs from 'collections' instead of from 'collections.abc' is deprecated, and in 3.8 it will stop working\":DeprecationWarning:: \\\n[Test/Python 3.7, Database sqlite]   | \t-Wdefault:\"Using or importing the ABCs from 'collections' instead of from 'collections.abc' is deprecated since Python 3.3, and in 3.9 it will stop working\":DeprecationWarning:: \\\n[Test/Python 3.7, Database sqlite]   | \t-Wdefault:\"set_output_charset() is deprecated\":DeprecationWarning:: \\\n[Test/Python 3.7, Database sqlite]   | \t-Wdefault:\"parameter codeset is deprecated\":DeprecationWarning:: \\\n[Test/Python 3.7, Database sqlite]   | \t-Wdefault:\"'cgi' is deprecated and slated for removal in Python 3.13\":DeprecationWarning:: \\\n[Test/Python 3.7, Database sqlite]   | \t-m unittest\n[Test/Python 3.7, Database sqlite]   | ........................................................................................................................................................................................................................................................EE............................................................................................................................................................................\n[Test/Python 3.7, Database sqlite]   | ======================================================================\n[Test/Python 3.7, Database sqlite]   | ERROR: test_creation (tests.test_mongoengine.MongoEngineTestCase)\n[Test/Python 3.7, Database sqlite]   | ----------------------------------------------------------------------\n[Test/Python 3.7, Database sqlite]   | Traceback (most recent call last):\n[Test/Python 3.7, Database sqlite]   |   File \"/tmp/de65f406-fe28-11ed-a890-af2cc187fc11/FactoryBoy-factory_boy/tests/test_mongoengine.py\", line 73, in test_creation\n[Test/Python 3.7, Database sqlite]   |     std1 = PersonFactory.create()\n[Test/Python 3.7, Database sqlite]   |   File \"/tmp/de65f406-fe28-11ed-a890-af2cc187fc11/FactoryBoy-factory_boy/factory/base.py\", line 528, in create\n[Test/Python 3.7, Database sqlite]   |     return cls._generate(enums.CREATE_STRATEGY, kwargs)\n[Test/Python 3.7, Database sqlite]   |   File \"/tmp/de65f406-fe28-11ed-a890-af2cc187fc11/FactoryBoy-factory_boy/factory/base.py\", line 465, in _generate\n[Test/Python 3.7, Database sqlite]   |     return step.build()\n[Test/Python 3.7, Database sqlite]   |   File \"/tmp/de65f406-fe28-11ed-a890-af2cc187fc11/FactoryBoy-factory_boy/factory/builder.py\", line 267, in build\n[Test/Python 3.7, Database sqlite]   |     kwargs=kwargs,\n[Test/Python 3.7, Database sqlite]   |   File \"/tmp/de65f406-fe28-11ed-a890-af2cc187fc11/FactoryBoy-factory_boy/factory/base.py\", line 317, in instantiate\n[Test/Python 3.7, Database sqlite]   |     return self.factory._create(model, *args, **kwargs)\n[Test/Python 3.7, Database sqlite]   |   File \"/tmp/de65f406-fe28-11ed-a890-af2cc187fc11/FactoryBoy-factory_boy/factory/mongoengine.py\", line 24, in _create\n[Test/Python 3.7, Database sqlite]   |     instance.save()\n[Test/Python 3.7, Database sqlite]   |   File \"/tmp/de65f406-fe28-11ed-a890-af2cc187fc11/FactoryBoy-factory_boy/.tox/py37-django32-mongo-alchemy-sqlite/lib/python3.7/site-packages/mongoengine/document.py\", line 417, in save\n[Test/Python 3.7, Database sqlite]   |     _ = self._get_collection()\n[Test/Python 3.7, Database sqlite]   |   File \"/tmp/de65f406-fe28-11ed-a890-af2cc187fc11/FactoryBoy-factory_boy/.tox/py37-django32-mongo-alchemy-sqlite/lib/python3.7/site-packages/mongoengine/document.py\", line 231, in _get_collection\n[Test/Python 3.7, Database sqlite]   |     if cls._meta.get(\"auto_create_index\", True) and db.client.is_primary:\n[Test/Python 3.7, Database sqlite]   |   File \"/tmp/de65f406-fe28-11ed-a890-af2cc187fc11/FactoryBoy-factory_boy/.tox/py37-django32-mongo-alchemy-sqlite/lib/python3.7/site-packages/pymongo/mongo_client.py\", line 1115, in is_primary\n[Test/Python 3.7, Database sqlite]   |     return self._server_property(\"is_writable\")\n[Test/Python 3.7, Database sqlite]   |   File \"/tmp/de65f406-fe28-11ed-a890-af2cc187fc11/FactoryBoy-factory_boy/.tox/py37-django32-mongo-alchemy-sqlite/lib/python3.7/site-packages/pymongo/mongo_client.py\", line 881, in _server_property\n[Test/Python 3.7, Database sqlite]   |     server = self._topology.select_server(writable_server_selector)\n[Test/Python 3.7, Database sqlite]   |   File \"/tmp/de65f406-fe28-11ed-a890-af2cc187fc11/FactoryBoy-factory_boy/.tox/py37-django32-mongo-alchemy-sqlite/lib/python3.7/site-packages/pymongo/topology.py\", line 272, in select_server\n[Test/Python 3.7, Database sqlite]   |     server = self._select_server(selector, server_selection_timeout, address)\n[Test/Python 3.7, Database sqlite]   |   File \"/tmp/de65f406-fe28-11ed-a890-af2cc187fc11/FactoryBoy-factory_boy/.tox/py37-django32-mongo-alchemy-sqlite/lib/python3.7/site-packages/pymongo/topology.py\", line 261, in _select_server\n[Test/Python 3.7, Database sqlite]   |     servers = self.select_servers(selector, server_selection_timeout, address)\n[Test/Python 3.7, Database sqlite]   |   File \"/tmp/de65f406-fe28-11ed-a890-af2cc187fc11/FactoryBoy-factory_boy/.tox/py37-django32-mongo-alchemy-sqlite/lib/python3.7/site-packages/pymongo/topology.py\", line 223, in select_servers\n[Test/Python 3.7, Database sqlite]   |     server_descriptions = self._select_servers_loop(selector, server_timeout, address)\n[Test/Python 3.7, Database sqlite]   |   File \"/tmp/de65f406-fe28-11ed-a890-af2cc187fc11/FactoryBoy-factory_boy/.tox/py37-django32-mongo-alchemy-sqlite/lib/python3.7/site-packages/pymongo/topology.py\", line 240, in _select_servers_loop\n[Test/Python 3.7, Database sqlite]   |     % (self._error_message(selector), timeout, self.description)\n[Test/Python 3.7, Database sqlite]   | pymongo.errors.ServerSelectionTimeoutError: localhost:27017: [Errno 111] Connection refused, Timeout: 0.3s, Topology Description: <TopologyDescription id: 6474b2f9f2e2b51546e020b2, topology_type: Unknown, servers: [<ServerDescription ('localhost', 27017) server_type: Unknown, rtt: None, error=AutoReconnect('localhost:27017: [Errno 111] Connection refused')>]>\n[Test/Python 3.7, Database sqlite]   | \n[Test/Python 3.7, Database sqlite]   | ======================================================================\n[Test/Python 3.7, Database sqlite]   | ERROR: tearDownClass (tests.test_mongoengine.MongoEngineTestCase)\n[Test/Python 3.7, Database sqlite]   | ----------------------------------------------------------------------\n[Test/Python 3.7, Database sqlite]   | Traceback (most recent call last):\n[Test/Python 3.7, Database sqlite]   |   File \"/tmp/de65f406-fe28-11ed-a890-af2cc187fc11/FactoryBoy-factory_boy/tests/test_mongoengine.py\", line 64, in tearDownClass\n[Test/Python 3.7, Database sqlite]   |     cls.db.drop_database(cls.db_name)\n[Test/Python 3.7, Database sqlite]   |   File \"/tmp/de65f406-fe28-11ed-a890-af2cc187fc11/FactoryBoy-factory_boy/.tox/py37-django32-mongo-alchemy-sqlite/lib/python3.7/site-packages/pymongo/_csot.py\", line 105, in csot_wrapper\n[Test/Python 3.7, Database sqlite]   |     return func(self, *args, **kwargs)\n[Test/Python 3.7, Database sqlite]   |   File \"/tmp/de65f406-fe28-11ed-a890-af2cc187fc11/FactoryBoy-factory_boy/.tox/py37-django32-mongo-alchemy-sqlite/lib/python3.7/site-packages/pymongo/mongo_client.py\", line 1912, in drop_database\n[Test/Python 3.7, Database sqlite]   |     with self._socket_for_writes(session) as sock_info:\n[Test/Python 3.7, Database sqlite]   |   File \"/tmp/de65f406-fe28-11ed-a890-af2cc187fc11/FactoryBoy-factory_boy/.tox/py37-django32-mongo-alchemy-sqlite/lib/python3.7/site-packages/pymongo/mongo_client.py\", line 1267, in _socket_for_writes\n[Test/Python 3.7, Database sqlite]   |     server = self._select_server(writable_server_selector, session)\n[Test/Python 3.7, Database sqlite]   |   File \"/tmp/de65f406-fe28-11ed-a890-af2cc187fc11/FactoryBoy-factory_boy/.tox/py37-django32-mongo-alchemy-sqlite/lib/python3.7/site-packages/pymongo/mongo_client.py\", line 1257, in _select_server\n[Test/Python 3.7, Database sqlite]   |     server = topology.select_server(server_selector)\n[Test/Python 3.7, Database sqlite]   |   File \"/tmp/de65f406-fe28-11ed-a890-af2cc187fc11/FactoryBoy-factory_boy/.tox/py37-django32-mongo-alchemy-sqlite/lib/python3.7/site-packages/pymongo/topology.py\", line 272, in select_server\n[Test/Python 3.7, Database sqlite]   |     server = self._select_server(selector, server_selection_timeout, address)\n[Test/Python 3.7, Database sqlite]   |   File \"/tmp/de65f406-fe28-11ed-a890-af2cc187fc11/FactoryBoy-factory_boy/.tox/py37-django32-mongo-alchemy-sqlite/lib/python3.7/site-packages/pymongo/topology.py\", line 261, in _select_server\n[Test/Python 3.7, Database sqlite]   |     servers = self.select_servers(selector, server_selection_timeout, address)\n[Test/Python 3.7, Database sqlite]   |   File \"/tmp/de65f406-fe28-11ed-a890-af2cc187fc11/FactoryBoy-factory_boy/.tox/py37-django32-mongo-alchemy-sqlite/lib/python3.7/site-packages/pymongo/topology.py\", line 223, in select_servers\n[Test/Python 3.7, Database sqlite]   |     server_descriptions = self._select_servers_loop(selector, server_timeout, address)\n[Test/Python 3.7, Database sqlite]   |   File \"/tmp/de65f406-fe28-11ed-a890-af2cc187fc11/FactoryBoy-factory_boy/.tox/py37-django32-mongo-alchemy-sqlite/lib/python3.7/site-packages/pymongo/topology.py\", line 240, in _select_servers_loop\n[Test/Python 3.7, Database sqlite]   |     % (self._error_message(selector), timeout, self.description)\n[Test/Python 3.7, Database sqlite]   | pymongo.errors.ServerSelectionTimeoutError: localhost:27017: [Errno 111] Connection refused, Timeout: 0.3s, Topology Description: <TopologyDescription id: 6474b2f9f2e2b51546e020b2, topology_type: Unknown, servers: [<ServerDescription ('localhost', 27017) server_type: Unknown, rtt: None, error=AutoReconnect('localhost:27017: [Errno 111] Connection refused')>]>\n[Test/Python 3.7, Database sqlite]   | \n[Test/Python 3.7, Database sqlite]   | ----------------------------------------------------------------------\n[Test/Python 3.7, Database sqlite]   | Ran 421 tests in 5.925s\n[Test/Python 3.7, Database sqlite]   | \n[Test/Python 3.7, Database sqlite]   | FAILED (errors=2)\n[Test/Python 3.7, Database sqlite]   | make: *** [Makefile:57: test] Error 1\n[Test/Python 3.7, Database sqlite]   | py37-django32-mongo-alchemy-sqlite: exit 2 (7.83 seconds) /tmp/de65f406-fe28-11ed-a890-af2cc187fc11/FactoryBoy-factory_boy> make test pid=389\n[Test/Python 3.7, Database sqlite]   | py37-django32-mongo-alchemy-sqlite: tox-gh-actions couldn't understand the parallel option. ignoring the given option: 0\n[Test/Python 3.7, Database sqlite]   \u2753  ::endgroup::\n[Test/Python 3.7, Database sqlite]   | .pkg: _exit> python /opt/hostedtoolcache/Python/3.7.11/x64/lib/python3.7/site-packages/pyproject_api/_backend.py True setuptools.build_meta __legacy__\n[Test/Python 3.7, Database sqlite]   |   py37-sqlite: OK (18.88=setup[14.48]+cmd[4.40] seconds)\n[Test/Python 3.7, Database sqlite]   |   py37-django32-mongo-alchemy-sqlite: FAIL code 2 (27.77=setup[19.94]+cmd[7.83] seconds)\n[Test/Python 3.7, Database sqlite]   |   evaluation failed :( (46.82 seconds)\n[Test/Python 3.7, Database sqlite]   \u274c  Failure - Main Run tests\n[Test/Python 3.7, Database sqlite] exitcode '255': failure\n[Test/Python 3.7, Database sqlite] \ud83c\udfc1  Job failed\n",
    "actions_stderr": "Error: Job 'Python ${{ matrix.python-version }}, Database ${{ matrix.database-type }}' failed\n"
}