{
    "repository": "llazzaro/django-scheduler",
    "clone_url": "https://github.com/llazzaro/django-scheduler.git",
    "timestamp": "2023-05-29T14:46:26.881321Z",
    "clone_success": true,
    "number of actions": 2,
    "number_of_test_actions": 1,
    "actions_successful": false,
    "actions_stdout": "[Test/Python 3.7 / django32-2] \ud83d\ude80  Start image=crawlergpt:latest\n[Test/Python 3.8 / django32-1] \ud83d\ude80  Start image=crawlergpt:latest\n[Test/Python 3.7 / django32-2]   \ud83d\udc33  docker pull image=crawlergpt:latest platform= username= forcePull=false\n[Test/Python 3.8 / django32-1]   \ud83d\udc33  docker pull image=crawlergpt:latest platform= username= forcePull=false\n[Test/Python 3.7 / django32-2]   \ud83d\udc33  docker create image=crawlergpt:latest platform= entrypoint=[\"tail\" \"-f\" \"/dev/null\"] cmd=[]\n[Test/Python 3.8 / django32-1]   \ud83d\udc33  docker create image=crawlergpt:latest platform= entrypoint=[\"tail\" \"-f\" \"/dev/null\"] cmd=[]\n[Test/Python 3.7 / django32-2]   \ud83d\udc33  docker run image=crawlergpt:latest platform= entrypoint=[\"tail\" \"-f\" \"/dev/null\"] cmd=[]\n[Test/Python 3.8 / django32-1]   \ud83d\udc33  docker run image=crawlergpt:latest platform= entrypoint=[\"tail\" \"-f\" \"/dev/null\"] cmd=[]\n[Test/Python 3.8 / django32-1]   \ud83d\udc33  docker exec cmd=[chown -R 1012:1000 /tmp/de65f406-fe28-11ed-a890-af2cc187fc11/llazzaro-django-scheduler] user=0 workdir=\n[Test/Python 3.7 / django32-2]   \ud83d\udc33  docker exec cmd=[chown -R 1012:1000 /tmp/de65f406-fe28-11ed-a890-af2cc187fc11/llazzaro-django-scheduler] user=0 workdir=\n[Test/Python 3.8 / django32-1]   \u2601  git clone 'https://github.com/actions/setup-python' # ref=v2\n[Test/Python 3.7 / django32-2]   \u2601  git clone 'https://github.com/actions/setup-python' # ref=v2\n[Test/Python 3.8 / django32-1] \ud83e\uddea  Matrix: map[python-version:3.8 tox-environment:django32]\n[Test/Python 3.8 / django32-1] \u2b50 Run Main actions/checkout@v2\n[Test/Python 3.7 / django32-2] \ud83e\uddea  Matrix: map[python-version:3.7 tox-environment:django32]\n[Test/Python 3.8 / django32-1]   \u2705  Success - Main actions/checkout@v2\n[Test/Python 3.7 / django32-2] \u2b50 Run Main actions/checkout@v2\n[Test/Python 3.7 / django32-2]   \u2705  Success - Main actions/checkout@v2\n[Test/Python 3.8 / django32-1] \u2b50 Run Main Set up Python 3.8\n[Test/Python 3.7 / django32-2] \u2b50 Run Main Set up Python 3.7\n[Test/Python 3.8 / django32-1]   \ud83d\udc33  docker cp src=/home/andre-silva/.cache/act/actions-setup-python@v2/ dst=/var/run/act/actions/actions-setup-python@v2/\n[Test/Python 3.8 / django32-1]   \ud83d\udc33  docker exec cmd=[chown -R 1012:1000 /var/run/act/actions/actions-setup-python@v2/] user=0 workdir=\n[Test/Python 3.7 / django32-2]   \ud83d\udc33  docker cp src=/home/andre-silva/.cache/act/actions-setup-python@v2/ dst=/var/run/act/actions/actions-setup-python@v2/\n[Test/Python 3.7 / django32-2]   \ud83d\udc33  docker exec cmd=[chown -R 1012:1000 /var/run/act/actions/actions-setup-python@v2/] user=0 workdir=\n[Test/Python 3.7 / django32-2]   \ud83d\udc33  docker exec cmd=[node /var/run/act/actions/actions-setup-python@v2/dist/setup/index.js] user= workdir=\n[Test/Python 3.8 / django32-1]   \ud83d\udc33  docker exec cmd=[node /var/run/act/actions/actions-setup-python@v2/dist/setup/index.js] user= workdir=\n[Test/Python 3.7 / django32-2]   \ud83d\udcac  ::debug::Semantic version spec of 3.7 is 3.7\n[Test/Python 3.7 / django32-2]   \ud83d\udcac  ::debug::isExplicit: \n[Test/Python 3.7 / django32-2]   \ud83d\udcac  ::debug::explicit? false\n[Test/Python 3.7 / django32-2]   \ud83d\udcac  ::debug::isExplicit: 2.7.18\n[Test/Python 3.7 / django32-2]   \ud83d\udcac  ::debug::explicit? true\n[Test/Python 3.7 / django32-2]   \ud83d\udcac  ::debug::isExplicit: 3.5.10\n[Test/Python 3.7 / django32-2]   \ud83d\udcac  ::debug::explicit? true\n[Test/Python 3.7 / django32-2]   \ud83d\udcac  ::debug::isExplicit: 3.6.14\n[Test/Python 3.7 / django32-2]   \ud83d\udcac  ::debug::explicit? true\n[Test/Python 3.7 / django32-2]   \ud83d\udcac  ::debug::isExplicit: 3.7.11\n[Test/Python 3.7 / django32-2]   \ud83d\udcac  ::debug::explicit? true\n[Test/Python 3.7 / django32-2]   \ud83d\udcac  ::debug::isExplicit: 3.8.11\n[Test/Python 3.7 / django32-2]   \ud83d\udcac  ::debug::explicit? true\n[Test/Python 3.7 / django32-2]   \ud83d\udcac  ::debug::isExplicit: 3.9.6\n[Test/Python 3.7 / django32-2]   \ud83d\udcac  ::debug::explicit? true\n[Test/Python 3.7 / django32-2]   \ud83d\udcac  ::debug::evaluating 6 versions\n[Test/Python 3.7 / django32-2]   \ud83d\udcac  ::debug::matched: 3.7.11\n[Test/Python 3.7 / django32-2]   \ud83d\udcac  ::debug::checking cache: /opt/hostedtoolcache/Python/3.7.11/x64\n[Test/Python 3.7 / django32-2]   \ud83d\udcac  ::debug::Found tool in cache Python 3.7.11 x64\n[Test/Python 3.7 / django32-2]   | Successfully setup CPython (3.7.11)\n[Test/Python 3.7 / django32-2]   \u2753 add-matcher /run/act/actions/actions-setup-python@v2/.github/python.json\n[Test/Python 3.7 / django32-2]   \u2705  Success - Main Set up Python 3.7\n[Test/Python 3.8 / django32-1]   \ud83d\udcac  ::debug::Semantic version spec of 3.8 is 3.8\n[Test/Python 3.8 / django32-1]   \ud83d\udcac  ::debug::isExplicit: \n[Test/Python 3.8 / django32-1]   \ud83d\udcac  ::debug::explicit? false\n[Test/Python 3.8 / django32-1]   \ud83d\udcac  ::debug::isExplicit: 2.7.18\n[Test/Python 3.8 / django32-1]   \ud83d\udcac  ::debug::explicit? true\n[Test/Python 3.8 / django32-1]   \ud83d\udcac  ::debug::isExplicit: 3.5.10\n[Test/Python 3.8 / django32-1]   \ud83d\udcac  ::debug::explicit? true\n[Test/Python 3.8 / django32-1]   \ud83d\udcac  ::debug::isExplicit: 3.6.14\n[Test/Python 3.8 / django32-1]   \ud83d\udcac  ::debug::explicit? true\n[Test/Python 3.8 / django32-1]   \ud83d\udcac  ::debug::isExplicit: 3.7.11\n[Test/Python 3.8 / django32-1]   \ud83d\udcac  ::debug::explicit? true\n[Test/Python 3.8 / django32-1]   \ud83d\udcac  ::debug::isExplicit: 3.8.11\n[Test/Python 3.8 / django32-1]   \ud83d\udcac  ::debug::explicit? true\n[Test/Python 3.8 / django32-1]   \ud83d\udcac  ::debug::isExplicit: 3.9.6\n[Test/Python 3.8 / django32-1]   \ud83d\udcac  ::debug::explicit? true\n[Test/Python 3.8 / django32-1]   \ud83d\udcac  ::debug::evaluating 6 versions\n[Test/Python 3.8 / django32-1]   \ud83d\udcac  ::debug::matched: 3.8.11\n[Test/Python 3.8 / django32-1]   \ud83d\udcac  ::debug::checking cache: /opt/hostedtoolcache/Python/3.8.11/x64\n[Test/Python 3.8 / django32-1]   \ud83d\udcac  ::debug::Found tool in cache Python 3.8.11 x64\n[Test/Python 3.8 / django32-1]   | Successfully setup CPython (3.8.11)\n[Test/Python 3.8 / django32-1]   \u2753 add-matcher /run/act/actions/actions-setup-python@v2/.github/python.json\n[Test/Python 3.8 / django32-1]   \u2705  Success - Main Set up Python 3.8\n[Test/Python 3.8 / django32-1]   \u2699  ::set-env:: LD_LIBRARY_PATH=/opt/hostedtoolcache/Python/3.8.11/x64/lib\n[Test/Python 3.8 / django32-1]   \u2699  ::set-env:: pythonLocation=/opt/hostedtoolcache/Python/3.8.11/x64\n[Test/Python 3.7 / django32-2]   \u2699  ::set-env:: LD_LIBRARY_PATH=/opt/hostedtoolcache/Python/3.7.11/x64/lib\n[Test/Python 3.7 / django32-2]   \u2699  ::set-env:: pythonLocation=/opt/hostedtoolcache/Python/3.7.11/x64\n[Test/Python 3.8 / django32-1]   \u2699  ::set-output:: python-version=3.8.11\n[Test/Python 3.7 / django32-2]   \u2699  ::set-output:: python-version=3.7.11\n[Test/Python 3.8 / django32-1]   \u2699  ::add-path:: /opt/hostedtoolcache/Python/3.8.11/x64\n[Test/Python 3.8 / django32-1]   \u2699  ::add-path:: /opt/hostedtoolcache/Python/3.8.11/x64/bin\n[Test/Python 3.7 / django32-2]   \u2699  ::add-path:: /opt/hostedtoolcache/Python/3.7.11/x64\n[Test/Python 3.7 / django32-2]   \u2699  ::add-path:: /opt/hostedtoolcache/Python/3.7.11/x64/bin\n[Test/Python 3.8 / django32-1] \u2b50 Run Main Install dependencies\n[Test/Python 3.7 / django32-2] \u2b50 Run Main Install dependencies\n[Test/Python 3.8 / django32-1]   \ud83d\udc33  docker exec cmd=[bash --noprofile --norc -e -o pipefail /var/run/act/workflow/2] user= workdir=\n[Test/Python 3.7 / django32-2]   \ud83d\udc33  docker exec cmd=[bash --noprofile --norc -e -o pipefail /var/run/act/workflow/2] user= workdir=\n[Test/Python 3.8 / django32-1]   | Collecting coveralls\n[Test/Python 3.8 / django32-1]   |   Downloading coveralls-3.3.1-py2.py3-none-any.whl (14 kB)\n[Test/Python 3.8 / django32-1]   | Collecting tox\n[Test/Python 3.8 / django32-1]   |   Downloading tox-4.5.2-py3-none-any.whl (148 kB)\n[Test/Python 3.8 / django32-1]   | Collecting coverage!=6.0.*,!=6.1,!=6.1.1,<7.0,>=4.1\n[Test/Python 3.8 / django32-1]   |   Downloading coverage-6.5.0-cp38-cp38-manylinux_2_5_x86_64.manylinux1_x86_64.manylinux_2_17_x86_64.manylinux2014_x86_64.whl (214 kB)\n[Test/Python 3.8 / django32-1]   | Collecting docopt>=0.6.1\n[Test/Python 3.8 / django32-1]   |   Downloading docopt-0.6.2.tar.gz (25 kB)\n[Test/Python 3.8 / django32-1]   | Collecting requests>=1.0.0\n[Test/Python 3.8 / django32-1]   |   Downloading requests-2.31.0-py3-none-any.whl (62 kB)\n[Test/Python 3.8 / django32-1]   | Collecting packaging>=23.1\n[Test/Python 3.8 / django32-1]   |   Downloading packaging-23.1-py3-none-any.whl (48 kB)\n[Test/Python 3.8 / django32-1]   | Collecting colorama>=0.4.6\n[Test/Python 3.8 / django32-1]   |   Downloading colorama-0.4.6-py2.py3-none-any.whl (25 kB)\n[Test/Python 3.8 / django32-1]   | Collecting platformdirs>=3.5.1\n[Test/Python 3.8 / django32-1]   |   Downloading platformdirs-3.5.1-py3-none-any.whl (15 kB)\n[Test/Python 3.8 / django32-1]   | Collecting virtualenv>=20.23\n[Test/Python 3.8 / django32-1]   |   Downloading virtualenv-20.23.0-py3-none-any.whl (3.3 MB)\n[Test/Python 3.8 / django32-1]   | Collecting filelock>=3.12\n[Test/Python 3.8 / django32-1]   |   Downloading filelock-3.12.0-py3-none-any.whl (10 kB)\n[Test/Python 3.8 / django32-1]   | Collecting pluggy>=1\n[Test/Python 3.8 / django32-1]   |   Downloading pluggy-1.0.0-py2.py3-none-any.whl (13 kB)\n[Test/Python 3.8 / django32-1]   | Collecting chardet>=5.1\n[Test/Python 3.8 / django32-1]   |   Downloading chardet-5.1.0-py3-none-any.whl (199 kB)\n[Test/Python 3.8 / django32-1]   | Collecting pyproject-api>=1.5.1\n[Test/Python 3.8 / django32-1]   |   Downloading pyproject_api-1.5.1-py3-none-any.whl (12 kB)\n[Test/Python 3.8 / django32-1]   | Collecting tomli>=2.0.1\n[Test/Python 3.8 / django32-1]   |   Downloading tomli-2.0.1-py3-none-any.whl (12 kB)\n[Test/Python 3.8 / django32-1]   | Collecting cachetools>=5.3\n[Test/Python 3.8 / django32-1]   |   Downloading cachetools-5.3.1-py3-none-any.whl (9.3 kB)\n[Test/Python 3.8 / django32-1]   | Collecting idna<4,>=2.5\n[Test/Python 3.8 / django32-1]   |   Downloading idna-3.4-py3-none-any.whl (61 kB)\n[Test/Python 3.8 / django32-1]   | Collecting urllib3<3,>=1.21.1\n[Test/Python 3.8 / django32-1]   |   Downloading urllib3-2.0.2-py3-none-any.whl (123 kB)\n[Test/Python 3.8 / django32-1]   | Collecting charset-normalizer<4,>=2\n[Test/Python 3.8 / django32-1]   |   Downloading charset_normalizer-3.1.0-cp38-cp38-manylinux_2_17_x86_64.manylinux2014_x86_64.whl (195 kB)\n[Test/Python 3.8 / django32-1]   | Collecting certifi>=2017.4.17\n[Test/Python 3.8 / django32-1]   |   Downloading certifi-2023.5.7-py3-none-any.whl (156 kB)\n[Test/Python 3.8 / django32-1]   | Collecting distlib<1,>=0.3.6\n[Test/Python 3.8 / django32-1]   |   Downloading distlib-0.3.6-py2.py3-none-any.whl (468 kB)\n[Test/Python 3.8 / django32-1]   | Using legacy 'setup.py install' for docopt, since package 'wheel' is not installed.\n[Test/Python 3.7 / django32-2]   | Collecting coveralls\n[Test/Python 3.7 / django32-2]   |   Downloading coveralls-3.3.1-py2.py3-none-any.whl (14 kB)\n[Test/Python 3.8 / django32-1]   | Installing collected packages: urllib3, tomli, platformdirs, packaging, idna, filelock, distlib, charset-normalizer, certifi, virtualenv, requests, pyproject-api, pluggy, docopt, coverage, colorama, chardet, cachetools, tox, coveralls\n[Test/Python 3.7 / django32-2]   | Collecting tox\n[Test/Python 3.7 / django32-2]   |   Downloading tox-4.5.2-py3-none-any.whl (148 kB)\n[Test/Python 3.8 / django32-1]   |     Running setup.py install for docopt: started\n[Test/Python 3.8 / django32-1]   |     Running setup.py install for docopt: finished with status 'done'\n[Test/Python 3.7 / django32-2]   | Collecting coverage!=6.0.*,!=6.1,!=6.1.1,<7.0,>=4.1\n[Test/Python 3.7 / django32-2]   |   Downloading coverage-6.5.0-cp37-cp37m-manylinux_2_5_x86_64.manylinux1_x86_64.manylinux_2_17_x86_64.manylinux2014_x86_64.whl (210 kB)\n[Test/Python 3.7 / django32-2]   | Collecting docopt>=0.6.1\n[Test/Python 3.7 / django32-2]   |   Downloading docopt-0.6.2.tar.gz (25 kB)\n[Test/Python 3.8 / django32-1]   | Successfully installed cachetools-5.3.1 certifi-2023.5.7 chardet-5.1.0 charset-normalizer-3.1.0 colorama-0.4.6 coverage-6.5.0 coveralls-3.3.1 distlib-0.3.6 docopt-0.6.2 filelock-3.12.0 idna-3.4 packaging-23.1 platformdirs-3.5.1 pluggy-1.0.0 pyproject-api-1.5.1 requests-2.31.0 tomli-2.0.1 tox-4.5.2 urllib3-2.0.2 virtualenv-20.23.0\n[Test/Python 3.7 / django32-2]   | Collecting requests>=1.0.0\n[Test/Python 3.7 / django32-2]   |   Downloading requests-2.31.0-py3-none-any.whl (62 kB)\n[Test/Python 3.7 / django32-2]   | Collecting chardet>=5.1\n[Test/Python 3.8 / django32-1]   | WARNING: You are using pip version 21.2.4; however, version 23.1.2 is available.\n[Test/Python 3.8 / django32-1]   | You should consider upgrading via the '/opt/hostedtoolcache/Python/3.8.11/x64/bin/python -m pip install --upgrade pip' command.\n[Test/Python 3.7 / django32-2]   |   Downloading chardet-5.1.0-py3-none-any.whl (199 kB)\n[Test/Python 3.8 / django32-1]   \u2705  Success - Main Install dependencies\n[Test/Python 3.7 / django32-2]   | Collecting virtualenv>=20.23\n[Test/Python 3.7 / django32-2]   |   Downloading virtualenv-20.23.0-py3-none-any.whl (3.3 MB)\n[Test/Python 3.7 / django32-2]   | Collecting filelock>=3.12\n[Test/Python 3.7 / django32-2]   |   Downloading filelock-3.12.0-py3-none-any.whl (10 kB)\n[Test/Python 3.8 / django32-1] \u2b50 Run Main Run tests\n[Test/Python 3.7 / django32-2]   | Collecting packaging>=23.1\n[Test/Python 3.7 / django32-2]   |   Downloading packaging-23.1-py3-none-any.whl (48 kB)\n[Test/Python 3.7 / django32-2]   | Collecting cachetools>=5.3\n[Test/Python 3.7 / django32-2]   |   Downloading cachetools-5.3.1-py3-none-any.whl (9.3 kB)\n[Test/Python 3.8 / django32-1]   \ud83d\udc33  docker exec cmd=[bash --noprofile --norc -e -o pipefail /var/run/act/workflow/3] user= workdir=\n[Test/Python 3.7 / django32-2]   | Collecting pyproject-api>=1.5.1\n[Test/Python 3.7 / django32-2]   |   Downloading pyproject_api-1.5.1-py3-none-any.whl (12 kB)\n[Test/Python 3.7 / django32-2]   | Collecting pluggy>=1\n[Test/Python 3.7 / django32-2]   |   Downloading pluggy-1.0.0-py2.py3-none-any.whl (13 kB)\n[Test/Python 3.7 / django32-2]   | Collecting tomli>=2.0.1\n[Test/Python 3.7 / django32-2]   |   Downloading tomli-2.0.1-py3-none-any.whl (12 kB)\n[Test/Python 3.7 / django32-2]   | Collecting importlib-metadata>=6.6\n[Test/Python 3.7 / django32-2]   |   Downloading importlib_metadata-6.6.0-py3-none-any.whl (22 kB)\n[Test/Python 3.7 / django32-2]   | Collecting colorama>=0.4.6\n[Test/Python 3.7 / django32-2]   |   Downloading colorama-0.4.6-py2.py3-none-any.whl (25 kB)\n[Test/Python 3.7 / django32-2]   | Collecting typing-extensions>=4.6.2\n[Test/Python 3.7 / django32-2]   |   Downloading typing_extensions-4.6.2-py3-none-any.whl (31 kB)\n[Test/Python 3.7 / django32-2]   | Collecting platformdirs>=3.5.1\n[Test/Python 3.7 / django32-2]   |   Downloading platformdirs-3.5.1-py3-none-any.whl (15 kB)\n[Test/Python 3.7 / django32-2]   | Collecting zipp>=0.5\n[Test/Python 3.7 / django32-2]   |   Downloading zipp-3.15.0-py3-none-any.whl (6.8 kB)\n[Test/Python 3.7 / django32-2]   | Collecting urllib3<3,>=1.21.1\n[Test/Python 3.7 / django32-2]   |   Downloading urllib3-2.0.2-py3-none-any.whl (123 kB)\n[Test/Python 3.7 / django32-2]   | Collecting certifi>=2017.4.17\n[Test/Python 3.7 / django32-2]   |   Downloading certifi-2023.5.7-py3-none-any.whl (156 kB)\n[Test/Python 3.7 / django32-2]   | Collecting idna<4,>=2.5\n[Test/Python 3.7 / django32-2]   |   Downloading idna-3.4-py3-none-any.whl (61 kB)\n[Test/Python 3.7 / django32-2]   | Collecting charset-normalizer<4,>=2\n[Test/Python 3.7 / django32-2]   |   Downloading charset_normalizer-3.1.0-cp37-cp37m-manylinux_2_17_x86_64.manylinux2014_x86_64.whl (171 kB)\n[Test/Python 3.7 / django32-2]   | Collecting distlib<1,>=0.3.6\n[Test/Python 3.7 / django32-2]   |   Downloading distlib-0.3.6-py2.py3-none-any.whl (468 kB)\n[Test/Python 3.7 / django32-2]   | Using legacy 'setup.py install' for docopt, since package 'wheel' is not installed.\n[Test/Python 3.7 / django32-2]   | Installing collected packages: zipp, typing-extensions, urllib3, tomli, platformdirs, packaging, importlib-metadata, idna, filelock, distlib, charset-normalizer, certifi, virtualenv, requests, pyproject-api, pluggy, docopt, coverage, colorama, chardet, cachetools, tox, coveralls\n[Test/Python 3.7 / django32-2]   |     Running setup.py install for docopt: started\n[Test/Python 3.7 / django32-2]   |     Running setup.py install for docopt: finished with status 'done'\n[Test/Python 3.7 / django32-2]   | Successfully installed cachetools-5.3.1 certifi-2023.5.7 chardet-5.1.0 charset-normalizer-3.1.0 colorama-0.4.6 coverage-6.5.0 coveralls-3.3.1 distlib-0.3.6 docopt-0.6.2 filelock-3.12.0 idna-3.4 importlib-metadata-6.6.0 packaging-23.1 platformdirs-3.5.1 pluggy-1.0.0 pyproject-api-1.5.1 requests-2.31.0 tomli-2.0.1 tox-4.5.2 typing-extensions-4.6.2 urllib3-2.0.2 virtualenv-20.23.0 zipp-3.15.0\n[Test/Python 3.7 / django32-2]   | WARNING: You are using pip version 21.2.4; however, version 23.1.2 is available.\n[Test/Python 3.7 / django32-2]   | You should consider upgrading via the '/opt/hostedtoolcache/Python/3.7.11/x64/bin/python -m pip install --upgrade pip' command.\n[Test/Python 3.7 / django32-2]   \u2705  Success - Main Install dependencies\n[Test/Python 3.7 / django32-2] \u2b50 Run Main Run tests\n[Test/Python 3.7 / django32-2]   \ud83d\udc33  docker exec cmd=[bash --noprofile --norc -e -o pipefail /var/run/act/workflow/3] user= workdir=\n[Test/Python 3.7 / django32-2]   | django32: install_deps> python -I -m pip install coverage 'Django~=3.2.0'\n[Test/Python 3.8 / django32-1]   | django32: install_deps> python -I -m pip install coverage 'Django~=3.2.0'\n[Test/Python 3.7 / django32-2]   | .pkg: install_requires> python -I -m pip install 'setuptools>=40.8.0' wheel\n[Test/Python 3.7 / django32-2]   | .pkg: _optional_hooks> python /opt/hostedtoolcache/Python/3.7.11/x64/lib/python3.7/site-packages/pyproject_api/_backend.py True setuptools.build_meta __legacy__\n[Test/Python 3.7 / django32-2]   | .pkg: get_requires_for_build_sdist> python /opt/hostedtoolcache/Python/3.7.11/x64/lib/python3.7/site-packages/pyproject_api/_backend.py True setuptools.build_meta __legacy__\n[Test/Python 3.7 / django32-2]   | .pkg: freeze> python -m pip freeze --all\n[Test/Python 3.7 / django32-2]   | .pkg: pip==23.1.2,setuptools==67.7.2,wheel==0.40.0\n[Test/Python 3.7 / django32-2]   | .pkg: prepare_metadata_for_build_wheel> python /opt/hostedtoolcache/Python/3.7.11/x64/lib/python3.7/site-packages/pyproject_api/_backend.py True setuptools.build_meta __legacy__\n[Test/Python 3.7 / django32-2]   | .pkg: build_sdist> python /opt/hostedtoolcache/Python/3.7.11/x64/lib/python3.7/site-packages/pyproject_api/_backend.py True setuptools.build_meta __legacy__\n[Test/Python 3.7 / django32-2]   | django32: install_package_deps> python -I -m pip install 'Django>=3.2' 'icalendar>=3.8.4' 'python-dateutil>=2.1' 'pytz>=2013.9'\n[Test/Python 3.8 / django32-1]   | .pkg: recreate env because python changed version_info=[3, 7, 11, 'final', 0]->[3, 8, 11, 'final', 0] | executable='/opt/hostedtoolcache/Python/3.7.11/x64/bin/python3.7'->'/opt/hostedtoolcache/Python/3.8.11/x64/bin/python3.8'\n[Test/Python 3.8 / django32-1]   | .pkg: remove tox env folder /tmp/de65f406-fe28-11ed-a890-af2cc187fc11/llazzaro-django-scheduler/.tox/.pkg\n[Test/Python 3.8 / django32-1]   | .pkg: install_requires> python -I -m pip install 'setuptools>=40.8.0' wheel\n[Test/Python 3.7 / django32-2]   | django32: install_package> python -I -m pip install --force-reinstall --no-deps /tmp/de65f406-fe28-11ed-a890-af2cc187fc11/llazzaro-django-scheduler/.tox/.tmp/package/1/django-scheduler-0.10.1.tar.gz\n[Test/Python 3.8 / django32-1]   | .pkg: _optional_hooks> python /opt/hostedtoolcache/Python/3.8.11/x64/lib/python3.8/site-packages/pyproject_api/_backend.py True setuptools.build_meta __legacy__\n[Test/Python 3.8 / django32-1]   | .pkg: get_requires_for_build_sdist> python /opt/hostedtoolcache/Python/3.8.11/x64/lib/python3.8/site-packages/pyproject_api/_backend.py True setuptools.build_meta __legacy__\n[Test/Python 3.8 / django32-1]   | .pkg: prepare_metadata_for_build_wheel> python /opt/hostedtoolcache/Python/3.8.11/x64/lib/python3.8/site-packages/pyproject_api/_backend.py True setuptools.build_meta __legacy__\n[Test/Python 3.8 / django32-1]   | .pkg: build_sdist> python /opt/hostedtoolcache/Python/3.8.11/x64/lib/python3.8/site-packages/pyproject_api/_backend.py True setuptools.build_meta __legacy__\n[Test/Python 3.8 / django32-1]   | django32: install_package> python -I -m pip install --force-reinstall --no-deps /tmp/de65f406-fe28-11ed-a890-af2cc187fc11/llazzaro-django-scheduler/.tox/.tmp/package/2/django-scheduler-0.10.1.tar.gz\n[Test/Python 3.7 / django32-2]   | django32: freeze> python -m pip freeze --all\n[Test/Python 3.7 / django32-2]   | django32: asgiref==3.7.2,backports.zoneinfo==0.2.1,coverage==7.2.6,Django==3.2.19,django-scheduler @ file:///tmp/de65f406-fe28-11ed-a890-af2cc187fc11/llazzaro-django-scheduler/.tox/.tmp/package/1/django-scheduler-0.10.1.tar.gz#sha256=6f2ac888ac093ef19b6e20749a264f098a4d2191aa70f8fa4958ca0d78f8da3a,icalendar==5.0.6,pip==23.1.2,python-dateutil==2.8.2,pytz==2023.3,setuptools==67.7.2,six==1.16.0,sqlparse==0.4.4,typing_extensions==4.6.2,wheel==0.40.0\n[Test/Python 3.7 / django32-2]   | django32: commands[0]> .tox/django32/bin/python -Wa -b -m coverage run -m django test --settings=tests.settings\n[Test/Python 3.8 / django32-1]   | django32: freeze> python -m pip freeze --all\n[Test/Python 3.8 / django32-1]   | django32: asgiref==3.7.2,backports.zoneinfo==0.2.1,coverage==7.2.6,Django==3.2.19,django-scheduler @ file:///tmp/de65f406-fe28-11ed-a890-af2cc187fc11/llazzaro-django-scheduler/.tox/.tmp/package/2/django-scheduler-0.10.1.tar.gz#sha256=b8efe96a731bca44afb7e81ca1797acc77034d2aa746054df094bdf9855bd763,icalendar==5.0.6,pip==23.1.2,python-dateutil==2.8.2,pytz==2023.3,setuptools==67.7.2,six==1.16.0,sqlparse==0.4.4,typing_extensions==4.6.2,wheel==0.40.0\n[Test/Python 3.8 / django32-1]   | django32: commands[0]> .tox/django32/bin/python -Wa -b -m coverage run -m django test --settings=tests.settings\n[Test/Python 3.7 / django32-2]   | Creating test database for alias 'default'...\n[Test/Python 3.7 / django32-2]   | System check identified no issues (0 silenced).\n[Test/Python 3.8 / django32-1]   | Creating test database for alias 'default'...\n[Test/Python 3.8 / django32-1]   | System check identified no issues (0 silenced).\n[Test/Python 3.7 / django32-2]   | .............................................................................................................................\n[Test/Python 3.7 / django32-2]   | ----------------------------------------------------------------------\n[Test/Python 3.7 / django32-2]   | Ran 125 tests in 2.052s\n[Test/Python 3.7 / django32-2]   | \n[Test/Python 3.7 / django32-2]   | OK\n[Test/Python 3.7 / django32-2]   | Destroying test database for alias 'default'...\n[Test/Python 3.7 / django32-2]   | .pkg: _exit> python /opt/hostedtoolcache/Python/3.7.11/x64/lib/python3.7/site-packages/pyproject_api/_backend.py True setuptools.build_meta __legacy__\n[Test/Python 3.7 / django32-2]   |   django32: OK (26.98=setup[22.26]+cmd[4.72] seconds)\n[Test/Python 3.7 / django32-2]   |   congratulations :) (27.13 seconds)\n[Test/Python 3.7 / django32-2]   \u2705  Success - Main Run tests\n[Test/Python 3.8 / django32-1]   | .............................................................................................................................\n[Test/Python 3.8 / django32-1]   | ----------------------------------------------------------------------\n[Test/Python 3.8 / django32-1]   | Ran 125 tests in 1.222s\n[Test/Python 3.8 / django32-1]   | \n[Test/Python 3.8 / django32-1]   | OK\n[Test/Python 3.8 / django32-1]   | Destroying test database for alias 'default'...\n[Test/Python 3.8 / django32-1]   | .pkg: _exit> python /opt/hostedtoolcache/Python/3.8.11/x64/lib/python3.8/site-packages/pyproject_api/_backend.py True setuptools.build_meta __legacy__\n[Test/Python 3.8 / django32-1]   |   django32: OK (27.48=setup[23.87]+cmd[3.61] seconds)\n[Test/Python 3.8 / django32-1]   |   congratulations :) (27.63 seconds)\n[Test/Python 3.8 / django32-1]   \u2705  Success - Main Run tests\n[Test/Python 3.7 / django32-2] \u2b50 Run Main Upload coverage data to coveralls.io\n[Test/Python 3.8 / django32-1] \u2b50 Run Main Upload coverage data to coveralls.io\n[Test/Python 3.7 / django32-2]   \ud83d\udc33  docker exec cmd=[bash --noprofile --norc -e -o pipefail /var/run/act/workflow/4] user= workdir=\n[Test/Python 3.8 / django32-1]   \ud83d\udc33  docker exec cmd=[bash --noprofile --norc -e -o pipefail /var/run/act/workflow/4] user= workdir=\n[Test/Python 3.8 / django32-1]   | Running on Github Actions but GITHUB_TOKEN is not set. Add \"env: GITHUB_TOKEN: ${{ secrets.GITHUB_TOKEN }}\" to your step config.\n[Test/Python 3.8 / django32-1]   | Traceback (most recent call last):\n[Test/Python 3.8 / django32-1]   |   File \"/opt/hostedtoolcache/Python/3.8.11/x64/lib/python3.8/site-packages/coveralls/cli.py\", line 64, in main\n[Test/Python 3.8 / django32-1]   |     coverallz = Coveralls(token_required,\n[Test/Python 3.8 / django32-1]   |   File \"/opt/hostedtoolcache/Python/3.8.11/x64/lib/python3.8/site-packages/coveralls/api.py\", line 49, in __init__\n[Test/Python 3.8 / django32-1]   |     self.ensure_token()\n[Test/Python 3.8 / django32-1]   |   File \"/opt/hostedtoolcache/Python/3.8.11/x64/lib/python3.8/site-packages/coveralls/api.py\", line 56, in ensure_token\n[Test/Python 3.8 / django32-1]   |     raise CoverallsException(\n[Test/Python 3.8 / django32-1]   | coveralls.exception.CoverallsException: Running on Github Actions but GITHUB_TOKEN is not set. Add \"env: GITHUB_TOKEN: ${{ secrets.GITHUB_TOKEN }}\" to your step config.\n[Test/Python 3.7 / django32-2]   | Running on Github Actions but GITHUB_TOKEN is not set. Add \"env: GITHUB_TOKEN: ${{ secrets.GITHUB_TOKEN }}\" to your step config.\n[Test/Python 3.7 / django32-2]   | Traceback (most recent call last):\n[Test/Python 3.7 / django32-2]   |   File \"/opt/hostedtoolcache/Python/3.7.11/x64/lib/python3.7/site-packages/coveralls/cli.py\", line 68, in main\n[Test/Python 3.7 / django32-2]   |     src_dir=options.get('--srcdir') or '')\n[Test/Python 3.7 / django32-2]   |   File \"/opt/hostedtoolcache/Python/3.7.11/x64/lib/python3.7/site-packages/coveralls/api.py\", line 49, in __init__\n[Test/Python 3.7 / django32-2]   |     self.ensure_token()\n[Test/Python 3.7 / django32-2]   |   File \"/opt/hostedtoolcache/Python/3.7.11/x64/lib/python3.7/site-packages/coveralls/api.py\", line 57, in ensure_token\n[Test/Python 3.7 / django32-2]   |     'Running on Github Actions but GITHUB_TOKEN is not set. '\n[Test/Python 3.7 / django32-2]   | coveralls.exception.CoverallsException: Running on Github Actions but GITHUB_TOKEN is not set. Add \"env: GITHUB_TOKEN: ${{ secrets.GITHUB_TOKEN }}\" to your step config.\n[Test/Python 3.8 / django32-1]   \u274c  Failure - Main Upload coverage data to coveralls.io\n[Test/Python 3.7 / django32-2]   \u274c  Failure - Main Upload coverage data to coveralls.io\n[Test/Python 3.7 / django32-2] exitcode '1': failure\n[Test/Python 3.8 / django32-1] exitcode '1': failure\n[Test/Python 3.8 / django32-1] \ud83c\udfc1  Job failed\n[Test/Python 3.7 / django32-2] \ud83c\udfc1  Job failed\n[Test/Indicate completion to coveralls.io] \ud83d\ude80  Start image=crawlergpt:latest\n[Test/Indicate completion to coveralls.io]   \ud83d\udc33  docker pull image=crawlergpt:latest platform= username= forcePull=false\n[Test/Indicate completion to coveralls.io]   \ud83d\udc33  docker create image=crawlergpt:latest platform= entrypoint=[\"tail\" \"-f\" \"/dev/null\"] cmd=[]\n[Test/Indicate completion to coveralls.io]   \ud83d\udc33  docker run image=crawlergpt:latest platform= entrypoint=[\"tail\" \"-f\" \"/dev/null\"] cmd=[]\n[Test/Indicate completion to coveralls.io]   \ud83d\udc33  docker exec cmd=[chown -R 1012:1000 /tmp/de65f406-fe28-11ed-a890-af2cc187fc11/llazzaro-django-scheduler] user=0 workdir=\n[Test/Indicate completion to coveralls.io]   \u2601  git clone 'https://github.com/actions/setup-python' # ref=v2\n[Test/Indicate completion to coveralls.io] \u2b50 Run Main Set up Python \n[Test/Indicate completion to coveralls.io]   \ud83d\udc33  docker cp src=/home/andre-silva/.cache/act/actions-setup-python@v2/ dst=/var/run/act/actions/actions-setup-python@v2/\n[Test/Indicate completion to coveralls.io]   \ud83d\udc33  docker exec cmd=[chown -R 1012:1000 /var/run/act/actions/actions-setup-python@v2/] user=0 workdir=\n[Test/Indicate completion to coveralls.io]   \ud83d\udc33  docker exec cmd=[node /var/run/act/actions/actions-setup-python@v2/dist/setup/index.js] user= workdir=\n[Test/Indicate completion to coveralls.io]   \ud83d\udcac  ::debug::Semantic version spec of 3.x is 3.x\n[Test/Indicate completion to coveralls.io]   \ud83d\udcac  ::debug::isExplicit: \n[Test/Indicate completion to coveralls.io]   \ud83d\udcac  ::debug::explicit? false\n[Test/Indicate completion to coveralls.io]   \ud83d\udcac  ::debug::isExplicit: 2.7.18\n[Test/Indicate completion to coveralls.io]   \ud83d\udcac  ::debug::explicit? true\n[Test/Indicate completion to coveralls.io]   \ud83d\udcac  ::debug::isExplicit: 3.5.10\n[Test/Indicate completion to coveralls.io]   \ud83d\udcac  ::debug::explicit? true\n[Test/Indicate completion to coveralls.io]   \ud83d\udcac  ::debug::isExplicit: 3.6.14\n[Test/Indicate completion to coveralls.io]   \ud83d\udcac  ::debug::explicit? true\n[Test/Indicate completion to coveralls.io]   \ud83d\udcac  ::debug::isExplicit: 3.7.11\n[Test/Indicate completion to coveralls.io]   \ud83d\udcac  ::debug::explicit? true\n[Test/Indicate completion to coveralls.io]   \ud83d\udcac  ::debug::isExplicit: 3.8.11\n[Test/Indicate completion to coveralls.io]   \ud83d\udcac  ::debug::explicit? true\n[Test/Indicate completion to coveralls.io]   \ud83d\udcac  ::debug::isExplicit: 3.9.6\n[Test/Indicate completion to coveralls.io]   \ud83d\udcac  ::debug::explicit? true\n[Test/Indicate completion to coveralls.io]   \ud83d\udcac  ::debug::evaluating 6 versions\n[Test/Indicate completion to coveralls.io]   \ud83d\udcac  ::debug::matched: 3.9.6\n[Test/Indicate completion to coveralls.io]   \ud83d\udcac  ::debug::checking cache: /opt/hostedtoolcache/Python/3.9.6/x64\n[Test/Indicate completion to coveralls.io]   \ud83d\udcac  ::debug::Found tool in cache Python 3.9.6 x64\n[Test/Indicate completion to coveralls.io]   | Successfully setup CPython (3.9.6)\n[Test/Indicate completion to coveralls.io]   \u2753 add-matcher /run/act/actions/actions-setup-python@v2/.github/python.json\n[Test/Indicate completion to coveralls.io]   \u2705  Success - Main Set up Python \n[Test/Indicate completion to coveralls.io]   \u2699  ::set-env:: LD_LIBRARY_PATH=/opt/hostedtoolcache/Python/3.9.6/x64/lib\n[Test/Indicate completion to coveralls.io]   \u2699  ::set-env:: pythonLocation=/opt/hostedtoolcache/Python/3.9.6/x64\n[Test/Indicate completion to coveralls.io]   \u2699  ::set-output:: python-version=3.9.6\n[Test/Indicate completion to coveralls.io]   \u2699  ::add-path:: /opt/hostedtoolcache/Python/3.9.6/x64\n[Test/Indicate completion to coveralls.io]   \u2699  ::add-path:: /opt/hostedtoolcache/Python/3.9.6/x64/bin\n[Test/Indicate completion to coveralls.io] \u2b50 Run Main Install coveralls\n[Test/Indicate completion to coveralls.io]   \ud83d\udc33  docker exec cmd=[bash --noprofile --norc -e -o pipefail /var/run/act/workflow/1] user= workdir=\n[Test/Indicate completion to coveralls.io]   | Collecting coveralls\n[Test/Indicate completion to coveralls.io]   |   Downloading coveralls-3.3.1-py2.py3-none-any.whl (14 kB)\n[Test/Indicate completion to coveralls.io]   | Collecting coverage!=6.0.*,!=6.1,!=6.1.1,<7.0,>=4.1\n[Test/Indicate completion to coveralls.io]   |   Downloading coverage-6.5.0-cp39-cp39-manylinux_2_5_x86_64.manylinux1_x86_64.manylinux_2_17_x86_64.manylinux2014_x86_64.whl (212 kB)\n[Test/Indicate completion to coveralls.io]   | Collecting requests>=1.0.0\n[Test/Indicate completion to coveralls.io]   |   Downloading requests-2.31.0-py3-none-any.whl (62 kB)\n[Test/Indicate completion to coveralls.io]   | Collecting docopt>=0.6.1\n[Test/Indicate completion to coveralls.io]   |   Downloading docopt-0.6.2.tar.gz (25 kB)\n[Test/Indicate completion to coveralls.io]   | Collecting certifi>=2017.4.17\n[Test/Indicate completion to coveralls.io]   |   Downloading certifi-2023.5.7-py3-none-any.whl (156 kB)\n[Test/Indicate completion to coveralls.io]   | Collecting charset-normalizer<4,>=2\n[Test/Indicate completion to coveralls.io]   |   Downloading charset_normalizer-3.1.0-cp39-cp39-manylinux_2_17_x86_64.manylinux2014_x86_64.whl (199 kB)\n[Test/Indicate completion to coveralls.io]   | Collecting idna<4,>=2.5\n[Test/Indicate completion to coveralls.io]   |   Downloading idna-3.4-py3-none-any.whl (61 kB)\n[Test/Indicate completion to coveralls.io]   | Collecting urllib3<3,>=1.21.1\n[Test/Indicate completion to coveralls.io]   |   Downloading urllib3-2.0.2-py3-none-any.whl (123 kB)\n[Test/Indicate completion to coveralls.io]   | Using legacy 'setup.py install' for docopt, since package 'wheel' is not installed.\n[Test/Indicate completion to coveralls.io]   | Installing collected packages: urllib3, idna, charset-normalizer, certifi, requests, docopt, coverage, coveralls\n[Test/Indicate completion to coveralls.io]   |     Running setup.py install for docopt: started\n[Test/Indicate completion to coveralls.io]   |     Running setup.py install for docopt: finished with status 'done'\n[Test/Indicate completion to coveralls.io]   | Successfully installed certifi-2023.5.7 charset-normalizer-3.1.0 coverage-6.5.0 coveralls-3.3.1 docopt-0.6.2 idna-3.4 requests-2.31.0 urllib3-2.0.2\n[Test/Indicate completion to coveralls.io]   | WARNING: You are using pip version 21.2.4; however, version 23.1.2 is available.\n[Test/Indicate completion to coveralls.io]   | You should consider upgrading via the '/opt/hostedtoolcache/Python/3.9.6/x64/bin/python -m pip install --upgrade pip' command.\n[Test/Indicate completion to coveralls.io]   \u2705  Success - Main Install coveralls\n[Test/Indicate completion to coveralls.io] \u2b50 Run Main Report coverage to coveralls.io\n[Test/Indicate completion to coveralls.io]   \ud83d\udc33  docker exec cmd=[bash --noprofile --norc -e -o pipefail /var/run/act/workflow/2] user= workdir=\n[Test/Indicate completion to coveralls.io]   | Running on Github Actions but GITHUB_TOKEN is not set. Add \"env: GITHUB_TOKEN: ${{ secrets.GITHUB_TOKEN }}\" to your step config.\n[Test/Indicate completion to coveralls.io]   | Traceback (most recent call last):\n[Test/Indicate completion to coveralls.io]   |   File \"/opt/hostedtoolcache/Python/3.9.6/x64/lib/python3.9/site-packages/coveralls/cli.py\", line 64, in main\n[Test/Indicate completion to coveralls.io]   |     coverallz = Coveralls(token_required,\n[Test/Indicate completion to coveralls.io]   |   File \"/opt/hostedtoolcache/Python/3.9.6/x64/lib/python3.9/site-packages/coveralls/api.py\", line 49, in __init__\n[Test/Indicate completion to coveralls.io]   |     self.ensure_token()\n[Test/Indicate completion to coveralls.io]   |   File \"/opt/hostedtoolcache/Python/3.9.6/x64/lib/python3.9/site-packages/coveralls/api.py\", line 56, in ensure_token\n[Test/Indicate completion to coveralls.io]   |     raise CoverallsException(\n[Test/Indicate completion to coveralls.io]   | coveralls.exception.CoverallsException: Running on Github Actions but GITHUB_TOKEN is not set. Add \"env: GITHUB_TOKEN: ${{ secrets.GITHUB_TOKEN }}\" to your step config.\n[Test/Indicate completion to coveralls.io]   \u274c  Failure - Main Report coverage to coveralls.io\n[Test/Indicate completion to coveralls.io] exitcode '1': failure\n[Test/Indicate completion to coveralls.io] \ud83c\udfc1  Job failed\n",
    "actions_stderr": "Error: Job 'Python ${{ matrix.python-version }} / ${{ matrix.tox-environment }}' failed\n"
}