{"repository": "gitbugactions/gitbugactions-unittest-test-repo", "language": "python", "clone_url": "https://github.com/gitbugactions/gitbugactions-unittest-test-repo.git", "collection_timestamp": "2023-07-23T15:52:39.243076Z", "commit_hash": "d3d7a607e3a8abc330f8fd69f677284a9afaf650", "commit_message": "fix sum\n", "commit_timestamp": "2023-06-20T14:54:30Z", "previous_commit_hash": "73a8a00fc8bbbe0af1351b4e97682138a32981b2", "previous_commit_message": "initial implementation\n", "previous_commit_timestamp": "2023-06-20T14:54:25Z", "time_to_patch": "0:00:05", "bug_patch": "diff --git a/app/app.py b/app/app.py\nindex fb1b89c..b2e6431 100644\n--- a/app/app.py\n+++ b/app/app.py\n@@ -10,4 +10,4 @@ class Calculator:\n \n     @staticmethod\n     def sum(a, b):\n-        return a - b\n+        return a + b\n", "bug_patch_file_extensions": ["py"], "test_patch": "diff --git a/test/test_app.py b/test/test_app.py\nindex 2ce8769..601bf42 100644\n--- a/test/test_app.py\n+++ b/test/test_app.py\n@@ -19,13 +19,13 @@ class TestCalculator(unittest.TestCase):\n         self.assertEqual(Calculator.sumFloat(1.0, 2.0), 3.0)\n         self.assertEqual(Calculator.sumFloat(1.0, -1.0), 0.0)\n \n-    # \"\"\"\n-    # Test the sum function\n-    # \"\"\"\n-    # def test_sum(self):\n-    #     self.assertEqual(Calculator.sum(1, 1), 2)\n-    #     self.assertEqual(Calculator.sum(1, 2), 3)\n-    #     self.assertEqual(Calculator.sum(1, -1), 0)\n-    #     self.assertEqual(Calculator.sum(1.0, 1.0), 2.0)\n-    #     self.assertEqual(Calculator.sum(1.0, 2.0), 3.0)\n-    #     self.assertEqual(Calculator.sum(1.0, -1.0), 0.0)\n+    \"\"\"\n+    Test the sum function\n+    \"\"\"\n+    def test_sum(self):\n+        self.assertEqual(Calculator.sum(1, 1), 2)\n+        self.assertEqual(Calculator.sum(1, 2), 3)\n+        self.assertEqual(Calculator.sum(1, -1), 0)\n+        self.assertEqual(Calculator.sum(1.0, 1.0), 2.0)\n+        self.assertEqual(Calculator.sum(1.0, 2.0), 3.0)\n+        self.assertEqual(Calculator.sum(1.0, -1.0), 0.0)\n", "test_patch_file_extensions": ["py"], "non_code_patch": "", "non_code_patch_file_extensions": [], "change_type": "SOURCE_ONLY", "actions_runs": [[{"failed": false, "tests": [{"classname": "test.test_app.TestCalculator", "name": "test_sumFloat", "time": 0.002, "results": [{"result": "Passed", "message": "", "type": ""}], "stdout": null, "stderr": null}, {"classname": "test.test_app.TestCalculator", "name": "test_sumInt", "time": 0.0, "results": [{"result": "Passed", "message": "", "type": ""}], "stdout": null, "stderr": null}], "stdout": "[11d7dffc-4fef-4c3f-b62d-5bcee9942cdb/test] \ud83d\ude80  Start image=gitbugactions:latest\n[11d7dffc-4fef-4c3f-b62d-5bcee9942cdb/test]   \ud83d\udc33  docker pull image=gitbugactions:latest platform= username= forcePull=false\n[11d7dffc-4fef-4c3f-b62d-5bcee9942cdb/test]   \ud83d\udc33  docker create image=gitbugactions:latest platform= entrypoint=[\"tail\" \"-f\" \"/dev/null\"] cmd=[]\n[11d7dffc-4fef-4c3f-b62d-5bcee9942cdb/test]   \ud83d\udc33  docker run image=gitbugactions:latest platform= entrypoint=[\"tail\" \"-f\" \"/dev/null\"] cmd=[]\n[11d7dffc-4fef-4c3f-b62d-5bcee9942cdb/test]   \ud83d\udc33  docker exec cmd=[chown -R 1000:1000 /tmp/6f521950-45e0-44bb-9ef5-fc93dbe3196b] user=0 workdir=\n[11d7dffc-4fef-4c3f-b62d-5bcee9942cdb/test] unable to get git ref: failed to identify reference (tag/branch) for the checked-out revision '73a8a00fc8bbbe0af1351b4e97682138a32981b2'\n[11d7dffc-4fef-4c3f-b62d-5bcee9942cdb/test] unable to get git ref: failed to identify reference (tag/branch) for the checked-out revision '73a8a00fc8bbbe0af1351b4e97682138a32981b2'\n[11d7dffc-4fef-4c3f-b62d-5bcee9942cdb/test] unable to get git ref: failed to identify reference (tag/branch) for the checked-out revision '73a8a00fc8bbbe0af1351b4e97682138a32981b2'\n[11d7dffc-4fef-4c3f-b62d-5bcee9942cdb/test] unable to get git ref: failed to identify reference (tag/branch) for the checked-out revision '73a8a00fc8bbbe0af1351b4e97682138a32981b2'\n[11d7dffc-4fef-4c3f-b62d-5bcee9942cdb/test] unable to get git ref: failed to identify reference (tag/branch) for the checked-out revision '73a8a00fc8bbbe0af1351b4e97682138a32981b2'\n[11d7dffc-4fef-4c3f-b62d-5bcee9942cdb/test] unable to get git ref: failed to identify reference (tag/branch) for the checked-out revision '73a8a00fc8bbbe0af1351b4e97682138a32981b2'\n[11d7dffc-4fef-4c3f-b62d-5bcee9942cdb/test] unable to get git ref: failed to identify reference (tag/branch) for the checked-out revision '73a8a00fc8bbbe0af1351b4e97682138a32981b2'\n[11d7dffc-4fef-4c3f-b62d-5bcee9942cdb/test] unable to get git ref: failed to identify reference (tag/branch) for the checked-out revision '73a8a00fc8bbbe0af1351b4e97682138a32981b2'\n[11d7dffc-4fef-4c3f-b62d-5bcee9942cdb/test] unable to get git ref: failed to identify reference (tag/branch) for the checked-out revision '73a8a00fc8bbbe0af1351b4e97682138a32981b2'\n[11d7dffc-4fef-4c3f-b62d-5bcee9942cdb/test] \u2b50 Run Main actions/checkout@v3\n[11d7dffc-4fef-4c3f-b62d-5bcee9942cdb/test] unable to get git ref: failed to identify reference (tag/branch) for the checked-out revision '73a8a00fc8bbbe0af1351b4e97682138a32981b2'\n[11d7dffc-4fef-4c3f-b62d-5bcee9942cdb/test]   \u2705  Success - Main actions/checkout@v3\n[11d7dffc-4fef-4c3f-b62d-5bcee9942cdb/test] unable to get git ref: failed to identify reference (tag/branch) for the checked-out revision '73a8a00fc8bbbe0af1351b4e97682138a32981b2'\n[11d7dffc-4fef-4c3f-b62d-5bcee9942cdb/test] unable to get git ref: failed to identify reference (tag/branch) for the checked-out revision '73a8a00fc8bbbe0af1351b4e97682138a32981b2'\n[11d7dffc-4fef-4c3f-b62d-5bcee9942cdb/test] unable to get git ref: failed to identify reference (tag/branch) for the checked-out revision '73a8a00fc8bbbe0af1351b4e97682138a32981b2'\n[11d7dffc-4fef-4c3f-b62d-5bcee9942cdb/test] unable to get git ref: failed to identify reference (tag/branch) for the checked-out revision '73a8a00fc8bbbe0af1351b4e97682138a32981b2'\n[11d7dffc-4fef-4c3f-b62d-5bcee9942cdb/test] unable to get git ref: failed to identify reference (tag/branch) for the checked-out revision '73a8a00fc8bbbe0af1351b4e97682138a32981b2'\n[11d7dffc-4fef-4c3f-b62d-5bcee9942cdb/test] \u2b50 Run Main actions/setup-python@v4\n[11d7dffc-4fef-4c3f-b62d-5bcee9942cdb/test] unable to get git ref: failed to identify reference (tag/branch) for the checked-out revision '73a8a00fc8bbbe0af1351b4e97682138a32981b2'\n[11d7dffc-4fef-4c3f-b62d-5bcee9942cdb/test] unable to get git ref: failed to identify reference (tag/branch) for the checked-out revision '73a8a00fc8bbbe0af1351b4e97682138a32981b2'\n[11d7dffc-4fef-4c3f-b62d-5bcee9942cdb/test] unable to get git ref: failed to identify reference (tag/branch) for the checked-out revision '73a8a00fc8bbbe0af1351b4e97682138a32981b2'\n[11d7dffc-4fef-4c3f-b62d-5bcee9942cdb/test]   \ud83d\udc33  docker cp src=/tmp/act-cache/6ba8d7a8-2554-4051-bb40-87c2bb6230b5/act/actions-setup-python@v4/ dst=/var/run/act/actions/actions-setup-python@v4/\n[11d7dffc-4fef-4c3f-b62d-5bcee9942cdb/test]   \ud83d\udc33  docker exec cmd=[chown -R 1000:1000 /var/run/act/actions/actions-setup-python@v4/] user=0 workdir=\n[11d7dffc-4fef-4c3f-b62d-5bcee9942cdb/test]   \ud83d\udc33  docker exec cmd=[node /var/run/act/actions/actions-setup-python@v4/dist/setup/index.js] user= workdir=\n[11d7dffc-4fef-4c3f-b62d-5bcee9942cdb/test]   \ud83d\udcac  ::debug::Python is expected to be installed into /opt/hostedtoolcache\n[11d7dffc-4fef-4c3f-b62d-5bcee9942cdb/test]   \u2753  ::group::Installed versions\n[11d7dffc-4fef-4c3f-b62d-5bcee9942cdb/test]   \ud83d\udcac  ::debug::Semantic version spec of 3.11 is 3.11\n[11d7dffc-4fef-4c3f-b62d-5bcee9942cdb/test]   \ud83d\udcac  ::debug::isExplicit: \n[11d7dffc-4fef-4c3f-b62d-5bcee9942cdb/test]   \ud83d\udcac  ::debug::explicit? false\n[11d7dffc-4fef-4c3f-b62d-5bcee9942cdb/test]   \ud83d\udcac  ::debug::isExplicit: 2.7.18\n[11d7dffc-4fef-4c3f-b62d-5bcee9942cdb/test]   \ud83d\udcac  ::debug::explicit? true\n[11d7dffc-4fef-4c3f-b62d-5bcee9942cdb/test]   \ud83d\udcac  ::debug::isExplicit: 3.5.10\n[11d7dffc-4fef-4c3f-b62d-5bcee9942cdb/test]   \ud83d\udcac  ::debug::explicit? true\n[11d7dffc-4fef-4c3f-b62d-5bcee9942cdb/test]   \ud83d\udcac  ::debug::isExplicit: 3.6.14\n[11d7dffc-4fef-4c3f-b62d-5bcee9942cdb/test]   \ud83d\udcac  ::debug::explicit? true\n[11d7dffc-4fef-4c3f-b62d-5bcee9942cdb/test]   \ud83d\udcac  ::debug::isExplicit: 3.7.11\n[11d7dffc-4fef-4c3f-b62d-5bcee9942cdb/test]   \ud83d\udcac  ::debug::explicit? true\n[11d7dffc-4fef-4c3f-b62d-5bcee9942cdb/test]   \ud83d\udcac  ::debug::isExplicit: 3.8.11\n[11d7dffc-4fef-4c3f-b62d-5bcee9942cdb/test]   \ud83d\udcac  ::debug::explicit? true\n[11d7dffc-4fef-4c3f-b62d-5bcee9942cdb/test]   \ud83d\udcac  ::debug::isExplicit: 3.9.6\n[11d7dffc-4fef-4c3f-b62d-5bcee9942cdb/test]   \ud83d\udcac  ::debug::explicit? true\n[11d7dffc-4fef-4c3f-b62d-5bcee9942cdb/test]   \ud83d\udcac  ::debug::evaluating 6 versions\n[11d7dffc-4fef-4c3f-b62d-5bcee9942cdb/test]   \ud83d\udcac  ::debug::match not found\n[11d7dffc-4fef-4c3f-b62d-5bcee9942cdb/test]   | Version 3.11 was not found in the local cache\n[11d7dffc-4fef-4c3f-b62d-5bcee9942cdb/test]   \ud83d\udcac  ::debug::Getting manifest from actions/python-versions@main\n[11d7dffc-4fef-4c3f-b62d-5bcee9942cdb/test]   \ud83d\udcac  ::debug::set auth\n[11d7dffc-4fef-4c3f-b62d-5bcee9942cdb/test]   \ud83d\udcac  ::debug::check 3.12.0-beta.4 satisfies 3.11\n[11d7dffc-4fef-4c3f-b62d-5bcee9942cdb/test]   \ud83d\udcac  ::debug::check 3.12.0-beta.3 satisfies 3.11\n[11d7dffc-4fef-4c3f-b62d-5bcee9942cdb/test]   \ud83d\udcac  ::debug::check 3.12.0-beta.2 satisfies 3.11\n[11d7dffc-4fef-4c3f-b62d-5bcee9942cdb/test]   \ud83d\udcac  ::debug::check 3.12.0-beta.1 satisfies 3.11\n[11d7dffc-4fef-4c3f-b62d-5bcee9942cdb/test]   \ud83d\udcac  ::debug::check 3.12.0-alpha.7 satisfies 3.11\n[11d7dffc-4fef-4c3f-b62d-5bcee9942cdb/test]   \ud83d\udcac  ::debug::check 3.12.0-alpha.6 satisfies 3.11\n[11d7dffc-4fef-4c3f-b62d-5bcee9942cdb/test]   \ud83d\udcac  ::debug::check 3.12.0-alpha.5 satisfies 3.11\n[11d7dffc-4fef-4c3f-b62d-5bcee9942cdb/test]   \ud83d\udcac  ::debug::check 3.12.0-alpha.4 satisfies 3.11\n[11d7dffc-4fef-4c3f-b62d-5bcee9942cdb/test]   \ud83d\udcac  ::debug::check 3.12.0-alpha.3 satisfies 3.11\n[11d7dffc-4fef-4c3f-b62d-5bcee9942cdb/test]   \ud83d\udcac  ::debug::check 3.12.0-alpha.2 satisfies 3.11\n[11d7dffc-4fef-4c3f-b62d-5bcee9942cdb/test]   \ud83d\udcac  ::debug::check 3.12.0-alpha.1 satisfies 3.11\n[11d7dffc-4fef-4c3f-b62d-5bcee9942cdb/test]   \ud83d\udcac  ::debug::check 3.11.4 satisfies 3.11\n[11d7dffc-4fef-4c3f-b62d-5bcee9942cdb/test]   \ud83d\udcac  ::debug::arm64===x64 && darwin===linux\n[11d7dffc-4fef-4c3f-b62d-5bcee9942cdb/test]   \ud83d\udcac  ::debug::x64===x64 && darwin===linux\n[11d7dffc-4fef-4c3f-b62d-5bcee9942cdb/test]   \ud83d\udcac  ::debug::x64===x64 && linux===linux\n[11d7dffc-4fef-4c3f-b62d-5bcee9942cdb/test]   \ud83d\udcac  ::debug::matched 3.11.4\n[11d7dffc-4fef-4c3f-b62d-5bcee9942cdb/test]   | Version 3.11 is available for downloading\n[11d7dffc-4fef-4c3f-b62d-5bcee9942cdb/test]   | Download from \"https://github.com/actions/python-versions/releases/download/3.11.4-5199054971/python-3.11.4-linux-20.04-x64.tar.gz\"\n[11d7dffc-4fef-4c3f-b62d-5bcee9942cdb/test]   \ud83d\udcac  ::debug::Downloading https://github.com/actions/python-versions/releases/download/3.11.4-5199054971/python-3.11.4-linux-20.04-x64.tar.gz\n[11d7dffc-4fef-4c3f-b62d-5bcee9942cdb/test]   \ud83d\udcac  ::debug::Destination /tmp/9780e4c6-5ecb-411b-934e-e988efc0dd6a\n[11d7dffc-4fef-4c3f-b62d-5bcee9942cdb/test]   \ud83d\udcac  ::debug::set auth\n[11d7dffc-4fef-4c3f-b62d-5bcee9942cdb/test]   \ud83d\udcac  ::debug::download complete\n[11d7dffc-4fef-4c3f-b62d-5bcee9942cdb/test]   | Extract downloaded archive\n[11d7dffc-4fef-4c3f-b62d-5bcee9942cdb/test]   \ud83d\udcac  ::debug::Checking tar --version\n[11d7dffc-4fef-4c3f-b62d-5bcee9942cdb/test]   \ud83d\udcac  ::debug::tar (GNU tar) 1.30%0ACopyright (C) 2017 Free Software Foundation, Inc.%0ALicense GPLv3+: GNU GPL version 3 or later <https://gnu.org/licenses/gpl.html>.%0AThis is free software: you are free to change and redistribute it.%0AThere is NO WARRANTY, to the extent permitted by law.%0A%0AWritten by John Gilmore and Jay Fenlason.\n[11d7dffc-4fef-4c3f-b62d-5bcee9942cdb/test]   | [command]/usr/bin/tar xz --warning=no-unknown-keyword -C /tmp/34f03253-171e-4c79-a954-7b0afcbe981b -f /tmp/9780e4c6-5ecb-411b-934e-e988efc0dd6a\n[11d7dffc-4fef-4c3f-b62d-5bcee9942cdb/test]   | Execute installation script\n[11d7dffc-4fef-4c3f-b62d-5bcee9942cdb/test]   | Check if Python hostedtoolcache folder exist...\n[11d7dffc-4fef-4c3f-b62d-5bcee9942cdb/test]   | Create Python 3.11.4 folder\n[11d7dffc-4fef-4c3f-b62d-5bcee9942cdb/test]   | Copy Python binaries to hostedtoolcache folder\n[11d7dffc-4fef-4c3f-b62d-5bcee9942cdb/test]   | Create additional symlinks (Required for the UsePythonVersion Azure Pipelines task and the setup-python GitHub Action)\n[11d7dffc-4fef-4c3f-b62d-5bcee9942cdb/test]   | Upgrading pip...\n[11d7dffc-4fef-4c3f-b62d-5bcee9942cdb/test]   | Looking in links: /tmp/tmp75_asr03\n[11d7dffc-4fef-4c3f-b62d-5bcee9942cdb/test]   | Requirement already satisfied: setuptools in /opt/hostedtoolcache/Python/3.11.4/x64/lib/python3.11/site-packages (65.5.0)\n[11d7dffc-4fef-4c3f-b62d-5bcee9942cdb/test]   | Requirement already satisfied: pip in /opt/hostedtoolcache/Python/3.11.4/x64/lib/python3.11/site-packages (23.1.2)\n[11d7dffc-4fef-4c3f-b62d-5bcee9942cdb/test]   | Collecting pip\n[11d7dffc-4fef-4c3f-b62d-5bcee9942cdb/test]   | Downloading pip-23.2.1-py3-none-any.whl (2.1 MB)\n[11d7dffc-4fef-4c3f-b62d-5bcee9942cdb/test]   | \u2501\u2501\u2501\u2501\u2501\u2501\u2501\u2501\u2501\u2501\u2501\u2501\u2501\u2501\u2501\u2501\u2501\u2501\u2501\u2501\u2501\u2501\u2501\u2501\u2501\u2501\u2501\u2501\u2501\u2501\u2501\u2501\u2501\u2501\u2501\u2501\u2501\u2501\u2501\u2501 2.1/2.1 MB 38.6 MB/s eta 0:00:00\n[11d7dffc-4fef-4c3f-b62d-5bcee9942cdb/test]   | \n[11d7dffc-4fef-4c3f-b62d-5bcee9942cdb/test]   | Installing collected packages: pip\n[11d7dffc-4fef-4c3f-b62d-5bcee9942cdb/test]   | Successfully installed pip-23.2.1\n[11d7dffc-4fef-4c3f-b62d-5bcee9942cdb/test]   | Create complete file\n[11d7dffc-4fef-4c3f-b62d-5bcee9942cdb/test]   \ud83d\udcac  ::debug::isExplicit: \n[11d7dffc-4fef-4c3f-b62d-5bcee9942cdb/test]   \ud83d\udcac  ::debug::explicit? false\n[11d7dffc-4fef-4c3f-b62d-5bcee9942cdb/test]   \ud83d\udcac  ::debug::isExplicit: 2.7.18\n[11d7dffc-4fef-4c3f-b62d-5bcee9942cdb/test]   \ud83d\udcac  ::debug::explicit? true\n[11d7dffc-4fef-4c3f-b62d-5bcee9942cdb/test]   \ud83d\udcac  ::debug::isExplicit: 3.11.4\n[11d7dffc-4fef-4c3f-b62d-5bcee9942cdb/test]   \ud83d\udcac  ::debug::explicit? true\n[11d7dffc-4fef-4c3f-b62d-5bcee9942cdb/test]   \ud83d\udcac  ::debug::isExplicit: 3.5.10\n[11d7dffc-4fef-4c3f-b62d-5bcee9942cdb/test]   \ud83d\udcac  ::debug::explicit? true\n[11d7dffc-4fef-4c3f-b62d-5bcee9942cdb/test]   \ud83d\udcac  ::debug::isExplicit: 3.6.14\n[11d7dffc-4fef-4c3f-b62d-5bcee9942cdb/test]   \ud83d\udcac  ::debug::explicit? true\n[11d7dffc-4fef-4c3f-b62d-5bcee9942cdb/test]   \ud83d\udcac  ::debug::isExplicit: 3.7.11\n[11d7dffc-4fef-4c3f-b62d-5bcee9942cdb/test]   \ud83d\udcac  ::debug::explicit? true\n[11d7dffc-4fef-4c3f-b62d-5bcee9942cdb/test]   \ud83d\udcac  ::debug::isExplicit: 3.8.11\n[11d7dffc-4fef-4c3f-b62d-5bcee9942cdb/test]   \ud83d\udcac  ::debug::explicit? true\n[11d7dffc-4fef-4c3f-b62d-5bcee9942cdb/test]   \ud83d\udcac  ::debug::isExplicit: 3.9.6\n[11d7dffc-4fef-4c3f-b62d-5bcee9942cdb/test]   \ud83d\udcac  ::debug::explicit? true\n[11d7dffc-4fef-4c3f-b62d-5bcee9942cdb/test]   \ud83d\udcac  ::debug::evaluating 7 versions\n[11d7dffc-4fef-4c3f-b62d-5bcee9942cdb/test]   \ud83d\udcac  ::debug::matched: 3.11.4\n[11d7dffc-4fef-4c3f-b62d-5bcee9942cdb/test]   \ud83d\udcac  ::debug::checking cache: /opt/hostedtoolcache/Python/3.11.4/x64\n[11d7dffc-4fef-4c3f-b62d-5bcee9942cdb/test]   \ud83d\udcac  ::debug::Found tool in cache Python 3.11.4 x64\n[11d7dffc-4fef-4c3f-b62d-5bcee9942cdb/test]   | Successfully set up CPython (3.11.4)\n[11d7dffc-4fef-4c3f-b62d-5bcee9942cdb/test]   \u2753  ::endgroup::\n[11d7dffc-4fef-4c3f-b62d-5bcee9942cdb/test]   \u2753 add-matcher /run/act/actions/actions-setup-python@v4/.github/python.json\n[11d7dffc-4fef-4c3f-b62d-5bcee9942cdb/test]   \u2705  Success - Main actions/setup-python@v4\n[11d7dffc-4fef-4c3f-b62d-5bcee9942cdb/test]   \u2699  ::set-env:: PKG_CONFIG_PATH=/opt/hostedtoolcache/Python/3.11.4/x64/lib/pkgconfig\n[11d7dffc-4fef-4c3f-b62d-5bcee9942cdb/test]   \u2699  ::set-env:: Python_ROOT_DIR=/opt/hostedtoolcache/Python/3.11.4/x64\n[11d7dffc-4fef-4c3f-b62d-5bcee9942cdb/test]   \u2699  ::set-env:: Python2_ROOT_DIR=/opt/hostedtoolcache/Python/3.11.4/x64\n[11d7dffc-4fef-4c3f-b62d-5bcee9942cdb/test]   \u2699  ::set-env:: Python3_ROOT_DIR=/opt/hostedtoolcache/Python/3.11.4/x64\n[11d7dffc-4fef-4c3f-b62d-5bcee9942cdb/test]   \u2699  ::set-env:: LD_LIBRARY_PATH=/opt/hostedtoolcache/Python/3.11.4/x64/lib\n[11d7dffc-4fef-4c3f-b62d-5bcee9942cdb/test]   \u2699  ::set-env:: pythonLocation=/opt/hostedtoolcache/Python/3.11.4/x64\n[11d7dffc-4fef-4c3f-b62d-5bcee9942cdb/test]   \u2699  ::set-output:: python-version=3.11.4\n[11d7dffc-4fef-4c3f-b62d-5bcee9942cdb/test]   \u2699  ::set-output:: python-path=/opt/hostedtoolcache/Python/3.11.4/x64/bin/python\n[11d7dffc-4fef-4c3f-b62d-5bcee9942cdb/test]   \u2699  ::add-path:: /opt/hostedtoolcache/Python/3.11.4/x64\n[11d7dffc-4fef-4c3f-b62d-5bcee9942cdb/test]   \u2699  ::add-path:: /opt/hostedtoolcache/Python/3.11.4/x64/bin\n[11d7dffc-4fef-4c3f-b62d-5bcee9942cdb/test] unable to get git ref: failed to identify reference (tag/branch) for the checked-out revision '73a8a00fc8bbbe0af1351b4e97682138a32981b2'\n[11d7dffc-4fef-4c3f-b62d-5bcee9942cdb/test] unable to get git ref: failed to identify reference (tag/branch) for the checked-out revision '73a8a00fc8bbbe0af1351b4e97682138a32981b2'\n[11d7dffc-4fef-4c3f-b62d-5bcee9942cdb/test] unable to get git ref: failed to identify reference (tag/branch) for the checked-out revision '73a8a00fc8bbbe0af1351b4e97682138a32981b2'\n[11d7dffc-4fef-4c3f-b62d-5bcee9942cdb/test] unable to get git ref: failed to identify reference (tag/branch) for the checked-out revision '73a8a00fc8bbbe0af1351b4e97682138a32981b2'\n[11d7dffc-4fef-4c3f-b62d-5bcee9942cdb/test] unable to get git ref: failed to identify reference (tag/branch) for the checked-out revision '73a8a00fc8bbbe0af1351b4e97682138a32981b2'\n[11d7dffc-4fef-4c3f-b62d-5bcee9942cdb/test] \u2b50 Run Main Install Python dependencies\n[11d7dffc-4fef-4c3f-b62d-5bcee9942cdb/test] unable to get git ref: failed to identify reference (tag/branch) for the checked-out revision '73a8a00fc8bbbe0af1351b4e97682138a32981b2'\n[11d7dffc-4fef-4c3f-b62d-5bcee9942cdb/test] unable to get git ref: failed to identify reference (tag/branch) for the checked-out revision '73a8a00fc8bbbe0af1351b4e97682138a32981b2'\n[11d7dffc-4fef-4c3f-b62d-5bcee9942cdb/test] unable to get git ref: failed to identify reference (tag/branch) for the checked-out revision '73a8a00fc8bbbe0af1351b4e97682138a32981b2'\n[11d7dffc-4fef-4c3f-b62d-5bcee9942cdb/test] unable to get git ref: failed to identify reference (tag/branch) for the checked-out revision '73a8a00fc8bbbe0af1351b4e97682138a32981b2'\n[11d7dffc-4fef-4c3f-b62d-5bcee9942cdb/test]   \ud83d\udc33  docker exec cmd=[bash --noprofile --norc -e -o pipefail /var/run/act/workflow/2] user= workdir=\n[11d7dffc-4fef-4c3f-b62d-5bcee9942cdb/test]   \u2705  Success - Main Install Python dependencies\n[11d7dffc-4fef-4c3f-b62d-5bcee9942cdb/test] unable to get git ref: failed to identify reference (tag/branch) for the checked-out revision '73a8a00fc8bbbe0af1351b4e97682138a32981b2'\n[11d7dffc-4fef-4c3f-b62d-5bcee9942cdb/test] unable to get git ref: failed to identify reference (tag/branch) for the checked-out revision '73a8a00fc8bbbe0af1351b4e97682138a32981b2'\n[11d7dffc-4fef-4c3f-b62d-5bcee9942cdb/test] unable to get git ref: failed to identify reference (tag/branch) for the checked-out revision '73a8a00fc8bbbe0af1351b4e97682138a32981b2'\n[11d7dffc-4fef-4c3f-b62d-5bcee9942cdb/test] unable to get git ref: failed to identify reference (tag/branch) for the checked-out revision '73a8a00fc8bbbe0af1351b4e97682138a32981b2'\n[11d7dffc-4fef-4c3f-b62d-5bcee9942cdb/test] unable to get git ref: failed to identify reference (tag/branch) for the checked-out revision '73a8a00fc8bbbe0af1351b4e97682138a32981b2'\n[11d7dffc-4fef-4c3f-b62d-5bcee9942cdb/test] \u2b50 Run Main Build and run tests\n[11d7dffc-4fef-4c3f-b62d-5bcee9942cdb/test] unable to get git ref: failed to identify reference (tag/branch) for the checked-out revision '73a8a00fc8bbbe0af1351b4e97682138a32981b2'\n[11d7dffc-4fef-4c3f-b62d-5bcee9942cdb/test] unable to get git ref: failed to identify reference (tag/branch) for the checked-out revision '73a8a00fc8bbbe0af1351b4e97682138a32981b2'\n[11d7dffc-4fef-4c3f-b62d-5bcee9942cdb/test] unable to get git ref: failed to identify reference (tag/branch) for the checked-out revision '73a8a00fc8bbbe0af1351b4e97682138a32981b2'\n[11d7dffc-4fef-4c3f-b62d-5bcee9942cdb/test] unable to get git ref: failed to identify reference (tag/branch) for the checked-out revision '73a8a00fc8bbbe0af1351b4e97682138a32981b2'\n[11d7dffc-4fef-4c3f-b62d-5bcee9942cdb/test]   \ud83d\udc33  docker exec cmd=[bash --noprofile --norc -e -o pipefail /var/run/act/workflow/3] user= workdir=\n[11d7dffc-4fef-4c3f-b62d-5bcee9942cdb/test]   | Collecting unittest-xml-reporting\n[11d7dffc-4fef-4c3f-b62d-5bcee9942cdb/test]   |   Downloading unittest_xml_reporting-3.2.0-py2.py3-none-any.whl (20 kB)\n[11d7dffc-4fef-4c3f-b62d-5bcee9942cdb/test]   | Collecting lxml (from unittest-xml-reporting)\n[11d7dffc-4fef-4c3f-b62d-5bcee9942cdb/test]   |   Obtaining dependency information for lxml from https://files.pythonhosted.org/packages/ed/62/ffc30348ae141f69f9f23b65ba769db7ca209856c9a9b3406279e0ea24de/lxml-4.9.3-cp311-cp311-manylinux_2_28_x86_64.whl.metadata\n[11d7dffc-4fef-4c3f-b62d-5bcee9942cdb/test]   |   Downloading lxml-4.9.3-cp311-cp311-manylinux_2_28_x86_64.whl.metadata (3.8 kB)\n[11d7dffc-4fef-4c3f-b62d-5bcee9942cdb/test]   | Downloading lxml-4.9.3-cp311-cp311-manylinux_2_28_x86_64.whl (7.9 MB)\n[11d7dffc-4fef-4c3f-b62d-5bcee9942cdb/test]   |    \u2501\u2501\u2501\u2501\u2501\u2501\u2501\u2501\u2501\u2501\u2501\u2501\u2501\u2501\u2501\u2501\u2501\u2501\u2501\u2501\u2501\u2501\u2501\u2501\u2501\u2501\u2501\u2501\u2501\u2501\u2501\u2501\u2501\u2501\u2501\u2501\u2501\u2501\u2501\u2501 7.9/7.9 MB 84.4 MB/s eta 0:00:00\n[11d7dffc-4fef-4c3f-b62d-5bcee9942cdb/test]   | Installing collected packages: lxml, unittest-xml-reporting\n[11d7dffc-4fef-4c3f-b62d-5bcee9942cdb/test]   | Successfully installed lxml-4.9.3 unittest-xml-reporting-3.2.0\n[11d7dffc-4fef-4c3f-b62d-5bcee9942cdb/test]   | \n[11d7dffc-4fef-4c3f-b62d-5bcee9942cdb/test]   | Running tests...\n[11d7dffc-4fef-4c3f-b62d-5bcee9942cdb/test]   | ----------------------------------------------------------------------\n[11d7dffc-4fef-4c3f-b62d-5bcee9942cdb/test]   | ..\n[11d7dffc-4fef-4c3f-b62d-5bcee9942cdb/test]   | ----------------------------------------------------------------------\n[11d7dffc-4fef-4c3f-b62d-5bcee9942cdb/test]   | Ran 2 tests in 0.003s\n[11d7dffc-4fef-4c3f-b62d-5bcee9942cdb/test]   | \n[11d7dffc-4fef-4c3f-b62d-5bcee9942cdb/test]   | OK\n[11d7dffc-4fef-4c3f-b62d-5bcee9942cdb/test]   | \n[11d7dffc-4fef-4c3f-b62d-5bcee9942cdb/test]   | Generating XML reports...\n[11d7dffc-4fef-4c3f-b62d-5bcee9942cdb/test]   \u2705  Success - Main Build and run tests\n[11d7dffc-4fef-4c3f-b62d-5bcee9942cdb/test] unable to get git ref: failed to identify reference (tag/branch) for the checked-out revision '73a8a00fc8bbbe0af1351b4e97682138a32981b2'\n[11d7dffc-4fef-4c3f-b62d-5bcee9942cdb/test] unable to get git ref: failed to identify reference (tag/branch) for the checked-out revision '73a8a00fc8bbbe0af1351b4e97682138a32981b2'\n[11d7dffc-4fef-4c3f-b62d-5bcee9942cdb/test] unable to get git ref: failed to identify reference (tag/branch) for the checked-out revision '73a8a00fc8bbbe0af1351b4e97682138a32981b2'\n[11d7dffc-4fef-4c3f-b62d-5bcee9942cdb/test] unable to get git ref: failed to identify reference (tag/branch) for the checked-out revision '73a8a00fc8bbbe0af1351b4e97682138a32981b2'\n[11d7dffc-4fef-4c3f-b62d-5bcee9942cdb/test] unable to get git ref: failed to identify reference (tag/branch) for the checked-out revision '73a8a00fc8bbbe0af1351b4e97682138a32981b2'\n[11d7dffc-4fef-4c3f-b62d-5bcee9942cdb/test] \u2b50 Run Post actions/setup-python@v4\n[11d7dffc-4fef-4c3f-b62d-5bcee9942cdb/test]   \ud83d\udc33  docker exec cmd=[node /var/run/act/actions/actions-setup-python@v4/dist/cache-save/index.js] user= workdir=\n[11d7dffc-4fef-4c3f-b62d-5bcee9942cdb/test]   \u2705  Success - Post actions/setup-python@v4\n[11d7dffc-4fef-4c3f-b62d-5bcee9942cdb/test] \ud83c\udfc1  Job succeeded\n[11d7dffc-4fef-4c3f-b62d-5bcee9942cdb/test] unable to get git ref: failed to identify reference (tag/branch) for the checked-out revision '73a8a00fc8bbbe0af1351b4e97682138a32981b2'\n", "stderr": "time=\"2023-07-23T16:51:56+01:00\" level=warning msg=\"unable to get git ref: failed to identify reference (tag/branch) for the checked-out revision '73a8a00fc8bbbe0af1351b4e97682138a32981b2'\"\n", "workflow": {"path": "/tmp/6f521950-45e0-44bb-9ef5-fc93dbe3196b/.github/workflows/tests-crawler.yml", "type": "unittest"}, "workflow_name": "11d7dffc-4fef-4c3f-b62d-5bcee9942cdb", "build_tool": "unittest", "elapsed_time": 14.966666460037231, "default_actions": false}], [{"failed": false, "tests": [{"classname": "test.test_app.TestCalculator", "name": "test_sumFloat", "time": 0.0, "results": [{"result": "Passed", "message": "", "type": ""}], "stdout": null, "stderr": null}, {"classname": "test.test_app.TestCalculator", "name": "test_sumInt", "time": 0.0, "results": [{"result": "Passed", "message": "", "type": ""}], "stdout": null, "stderr": null}, {"classname": "test.test_app.TestCalculator", "name": "test_sum", "time": 0.004, "results": [{"result": "Failure", "message": "0 != 2", "type": "AssertionError"}], "stdout": null, "stderr": null}], "stdout": "[11272c40-cf46-4b5e-b5fb-c5962abf159d/test] \ud83d\ude80  Start image=gitbugactions:latest\n[11272c40-cf46-4b5e-b5fb-c5962abf159d/test]   \ud83d\udc33  docker pull image=gitbugactions:latest platform= username= forcePull=false\n[11272c40-cf46-4b5e-b5fb-c5962abf159d/test]   \ud83d\udc33  docker create image=gitbugactions:latest platform= entrypoint=[\"tail\" \"-f\" \"/dev/null\"] cmd=[]\n[11272c40-cf46-4b5e-b5fb-c5962abf159d/test]   \ud83d\udc33  docker run image=gitbugactions:latest platform= entrypoint=[\"tail\" \"-f\" \"/dev/null\"] cmd=[]\n[11272c40-cf46-4b5e-b5fb-c5962abf159d/test]   \ud83d\udc33  docker exec cmd=[chown -R 1000:1000 /tmp/6f521950-45e0-44bb-9ef5-fc93dbe3196b] user=0 workdir=\n[11272c40-cf46-4b5e-b5fb-c5962abf159d/test] unable to get git ref: failed to identify reference (tag/branch) for the checked-out revision '73a8a00fc8bbbe0af1351b4e97682138a32981b2'\n[11272c40-cf46-4b5e-b5fb-c5962abf159d/test] unable to get git ref: failed to identify reference (tag/branch) for the checked-out revision '73a8a00fc8bbbe0af1351b4e97682138a32981b2'\n[11272c40-cf46-4b5e-b5fb-c5962abf159d/test] unable to get git ref: failed to identify reference (tag/branch) for the checked-out revision '73a8a00fc8bbbe0af1351b4e97682138a32981b2'\n[11272c40-cf46-4b5e-b5fb-c5962abf159d/test] unable to get git ref: failed to identify reference (tag/branch) for the checked-out revision '73a8a00fc8bbbe0af1351b4e97682138a32981b2'\n[11272c40-cf46-4b5e-b5fb-c5962abf159d/test] unable to get git ref: failed to identify reference (tag/branch) for the checked-out revision '73a8a00fc8bbbe0af1351b4e97682138a32981b2'\n[11272c40-cf46-4b5e-b5fb-c5962abf159d/test] unable to get git ref: failed to identify reference (tag/branch) for the checked-out revision '73a8a00fc8bbbe0af1351b4e97682138a32981b2'\n[11272c40-cf46-4b5e-b5fb-c5962abf159d/test] unable to get git ref: failed to identify reference (tag/branch) for the checked-out revision '73a8a00fc8bbbe0af1351b4e97682138a32981b2'\n[11272c40-cf46-4b5e-b5fb-c5962abf159d/test] unable to get git ref: failed to identify reference (tag/branch) for the checked-out revision '73a8a00fc8bbbe0af1351b4e97682138a32981b2'\n[11272c40-cf46-4b5e-b5fb-c5962abf159d/test] unable to get git ref: failed to identify reference (tag/branch) for the checked-out revision '73a8a00fc8bbbe0af1351b4e97682138a32981b2'\n[11272c40-cf46-4b5e-b5fb-c5962abf159d/test] \u2b50 Run Main actions/checkout@v3\n[11272c40-cf46-4b5e-b5fb-c5962abf159d/test] unable to get git ref: failed to identify reference (tag/branch) for the checked-out revision '73a8a00fc8bbbe0af1351b4e97682138a32981b2'\n[11272c40-cf46-4b5e-b5fb-c5962abf159d/test]   \u2705  Success - Main actions/checkout@v3\n[11272c40-cf46-4b5e-b5fb-c5962abf159d/test] unable to get git ref: failed to identify reference (tag/branch) for the checked-out revision '73a8a00fc8bbbe0af1351b4e97682138a32981b2'\n[11272c40-cf46-4b5e-b5fb-c5962abf159d/test] unable to get git ref: failed to identify reference (tag/branch) for the checked-out revision '73a8a00fc8bbbe0af1351b4e97682138a32981b2'\n[11272c40-cf46-4b5e-b5fb-c5962abf159d/test] unable to get git ref: failed to identify reference (tag/branch) for the checked-out revision '73a8a00fc8bbbe0af1351b4e97682138a32981b2'\n[11272c40-cf46-4b5e-b5fb-c5962abf159d/test] unable to get git ref: failed to identify reference (tag/branch) for the checked-out revision '73a8a00fc8bbbe0af1351b4e97682138a32981b2'\n[11272c40-cf46-4b5e-b5fb-c5962abf159d/test] unable to get git ref: failed to identify reference (tag/branch) for the checked-out revision '73a8a00fc8bbbe0af1351b4e97682138a32981b2'\n[11272c40-cf46-4b5e-b5fb-c5962abf159d/test] \u2b50 Run Main actions/setup-python@v4\n[11272c40-cf46-4b5e-b5fb-c5962abf159d/test] unable to get git ref: failed to identify reference (tag/branch) for the checked-out revision '73a8a00fc8bbbe0af1351b4e97682138a32981b2'\n[11272c40-cf46-4b5e-b5fb-c5962abf159d/test] unable to get git ref: failed to identify reference (tag/branch) for the checked-out revision '73a8a00fc8bbbe0af1351b4e97682138a32981b2'\n[11272c40-cf46-4b5e-b5fb-c5962abf159d/test] unable to get git ref: failed to identify reference (tag/branch) for the checked-out revision '73a8a00fc8bbbe0af1351b4e97682138a32981b2'\n[11272c40-cf46-4b5e-b5fb-c5962abf159d/test]   \ud83d\udc33  docker cp src=/tmp/act-cache/6ba8d7a8-2554-4051-bb40-87c2bb6230b5/act/actions-setup-python@v4/ dst=/var/run/act/actions/actions-setup-python@v4/\n[11272c40-cf46-4b5e-b5fb-c5962abf159d/test]   \ud83d\udc33  docker exec cmd=[chown -R 1000:1000 /var/run/act/actions/actions-setup-python@v4/] user=0 workdir=\n[11272c40-cf46-4b5e-b5fb-c5962abf159d/test]   \ud83d\udc33  docker exec cmd=[node /var/run/act/actions/actions-setup-python@v4/dist/setup/index.js] user= workdir=\n[11272c40-cf46-4b5e-b5fb-c5962abf159d/test]   \ud83d\udcac  ::debug::Python is expected to be installed into /opt/hostedtoolcache\n[11272c40-cf46-4b5e-b5fb-c5962abf159d/test]   \u2753  ::group::Installed versions\n[11272c40-cf46-4b5e-b5fb-c5962abf159d/test]   \ud83d\udcac  ::debug::Semantic version spec of 3.11 is 3.11\n[11272c40-cf46-4b5e-b5fb-c5962abf159d/test]   \ud83d\udcac  ::debug::isExplicit: \n[11272c40-cf46-4b5e-b5fb-c5962abf159d/test]   \ud83d\udcac  ::debug::explicit? false\n[11272c40-cf46-4b5e-b5fb-c5962abf159d/test]   \ud83d\udcac  ::debug::isExplicit: 2.7.18\n[11272c40-cf46-4b5e-b5fb-c5962abf159d/test]   \ud83d\udcac  ::debug::explicit? true\n[11272c40-cf46-4b5e-b5fb-c5962abf159d/test]   \ud83d\udcac  ::debug::isExplicit: 3.5.10\n[11272c40-cf46-4b5e-b5fb-c5962abf159d/test]   \ud83d\udcac  ::debug::explicit? true\n[11272c40-cf46-4b5e-b5fb-c5962abf159d/test]   \ud83d\udcac  ::debug::isExplicit: 3.6.14\n[11272c40-cf46-4b5e-b5fb-c5962abf159d/test]   \ud83d\udcac  ::debug::explicit? true\n[11272c40-cf46-4b5e-b5fb-c5962abf159d/test]   \ud83d\udcac  ::debug::isExplicit: 3.7.11\n[11272c40-cf46-4b5e-b5fb-c5962abf159d/test]   \ud83d\udcac  ::debug::explicit? true\n[11272c40-cf46-4b5e-b5fb-c5962abf159d/test]   \ud83d\udcac  ::debug::isExplicit: 3.8.11\n[11272c40-cf46-4b5e-b5fb-c5962abf159d/test]   \ud83d\udcac  ::debug::explicit? true\n[11272c40-cf46-4b5e-b5fb-c5962abf159d/test]   \ud83d\udcac  ::debug::isExplicit: 3.9.6\n[11272c40-cf46-4b5e-b5fb-c5962abf159d/test]   \ud83d\udcac  ::debug::explicit? true\n[11272c40-cf46-4b5e-b5fb-c5962abf159d/test]   \ud83d\udcac  ::debug::evaluating 6 versions\n[11272c40-cf46-4b5e-b5fb-c5962abf159d/test]   \ud83d\udcac  ::debug::match not found\n[11272c40-cf46-4b5e-b5fb-c5962abf159d/test]   | Version 3.11 was not found in the local cache\n[11272c40-cf46-4b5e-b5fb-c5962abf159d/test]   \ud83d\udcac  ::debug::Getting manifest from actions/python-versions@main\n[11272c40-cf46-4b5e-b5fb-c5962abf159d/test]   \ud83d\udcac  ::debug::set auth\n[11272c40-cf46-4b5e-b5fb-c5962abf159d/test]   \ud83d\udcac  ::debug::check 3.12.0-beta.4 satisfies 3.11\n[11272c40-cf46-4b5e-b5fb-c5962abf159d/test]   \ud83d\udcac  ::debug::check 3.12.0-beta.3 satisfies 3.11\n[11272c40-cf46-4b5e-b5fb-c5962abf159d/test]   \ud83d\udcac  ::debug::check 3.12.0-beta.2 satisfies 3.11\n[11272c40-cf46-4b5e-b5fb-c5962abf159d/test]   \ud83d\udcac  ::debug::check 3.12.0-beta.1 satisfies 3.11\n[11272c40-cf46-4b5e-b5fb-c5962abf159d/test]   \ud83d\udcac  ::debug::check 3.12.0-alpha.7 satisfies 3.11\n[11272c40-cf46-4b5e-b5fb-c5962abf159d/test]   \ud83d\udcac  ::debug::check 3.12.0-alpha.6 satisfies 3.11\n[11272c40-cf46-4b5e-b5fb-c5962abf159d/test]   \ud83d\udcac  ::debug::check 3.12.0-alpha.5 satisfies 3.11\n[11272c40-cf46-4b5e-b5fb-c5962abf159d/test]   \ud83d\udcac  ::debug::check 3.12.0-alpha.4 satisfies 3.11\n[11272c40-cf46-4b5e-b5fb-c5962abf159d/test]   \ud83d\udcac  ::debug::check 3.12.0-alpha.3 satisfies 3.11\n[11272c40-cf46-4b5e-b5fb-c5962abf159d/test]   \ud83d\udcac  ::debug::check 3.12.0-alpha.2 satisfies 3.11\n[11272c40-cf46-4b5e-b5fb-c5962abf159d/test]   \ud83d\udcac  ::debug::check 3.12.0-alpha.1 satisfies 3.11\n[11272c40-cf46-4b5e-b5fb-c5962abf159d/test]   \ud83d\udcac  ::debug::check 3.11.4 satisfies 3.11\n[11272c40-cf46-4b5e-b5fb-c5962abf159d/test]   \ud83d\udcac  ::debug::arm64===x64 && darwin===linux\n[11272c40-cf46-4b5e-b5fb-c5962abf159d/test]   \ud83d\udcac  ::debug::x64===x64 && darwin===linux\n[11272c40-cf46-4b5e-b5fb-c5962abf159d/test]   \ud83d\udcac  ::debug::x64===x64 && linux===linux\n[11272c40-cf46-4b5e-b5fb-c5962abf159d/test]   \ud83d\udcac  ::debug::matched 3.11.4\n[11272c40-cf46-4b5e-b5fb-c5962abf159d/test]   | Version 3.11 is available for downloading\n[11272c40-cf46-4b5e-b5fb-c5962abf159d/test]   | Download from \"https://github.com/actions/python-versions/releases/download/3.11.4-5199054971/python-3.11.4-linux-20.04-x64.tar.gz\"\n[11272c40-cf46-4b5e-b5fb-c5962abf159d/test]   \ud83d\udcac  ::debug::Downloading https://github.com/actions/python-versions/releases/download/3.11.4-5199054971/python-3.11.4-linux-20.04-x64.tar.gz\n[11272c40-cf46-4b5e-b5fb-c5962abf159d/test]   \ud83d\udcac  ::debug::Destination /tmp/a21951ed-535b-4899-af41-1a89f5d213ca\n[11272c40-cf46-4b5e-b5fb-c5962abf159d/test]   \ud83d\udcac  ::debug::set auth\n[11272c40-cf46-4b5e-b5fb-c5962abf159d/test]   \ud83d\udcac  ::debug::download complete\n[11272c40-cf46-4b5e-b5fb-c5962abf159d/test]   | Extract downloaded archive\n[11272c40-cf46-4b5e-b5fb-c5962abf159d/test]   \ud83d\udcac  ::debug::Checking tar --version\n[11272c40-cf46-4b5e-b5fb-c5962abf159d/test]   \ud83d\udcac  ::debug::tar (GNU tar) 1.30%0ACopyright (C) 2017 Free Software Foundation, Inc.%0ALicense GPLv3+: GNU GPL version 3 or later <https://gnu.org/licenses/gpl.html>.%0AThis is free software: you are free to change and redistribute it.%0AThere is NO WARRANTY, to the extent permitted by law.%0A%0AWritten by John Gilmore and Jay Fenlason.\n[11272c40-cf46-4b5e-b5fb-c5962abf159d/test]   | [command]/usr/bin/tar xz --warning=no-unknown-keyword -C /tmp/74c289f3-38d4-434d-9b3a-a930bce0d394 -f /tmp/a21951ed-535b-4899-af41-1a89f5d213ca\n[11272c40-cf46-4b5e-b5fb-c5962abf159d/test]   | Execute installation script\n[11272c40-cf46-4b5e-b5fb-c5962abf159d/test]   | Check if Python hostedtoolcache folder exist...\n[11272c40-cf46-4b5e-b5fb-c5962abf159d/test]   | Create Python 3.11.4 folder\n[11272c40-cf46-4b5e-b5fb-c5962abf159d/test]   | Copy Python binaries to hostedtoolcache folder\n[11272c40-cf46-4b5e-b5fb-c5962abf159d/test]   | Create additional symlinks (Required for the UsePythonVersion Azure Pipelines task and the setup-python GitHub Action)\n[11272c40-cf46-4b5e-b5fb-c5962abf159d/test]   | Upgrading pip...\n[11272c40-cf46-4b5e-b5fb-c5962abf159d/test]   | Looking in links: /tmp/tmplfcqypti\n[11272c40-cf46-4b5e-b5fb-c5962abf159d/test]   | Requirement already satisfied: setuptools in /opt/hostedtoolcache/Python/3.11.4/x64/lib/python3.11/site-packages (65.5.0)\n[11272c40-cf46-4b5e-b5fb-c5962abf159d/test]   | Requirement already satisfied: pip in /opt/hostedtoolcache/Python/3.11.4/x64/lib/python3.11/site-packages (23.1.2)\n[11272c40-cf46-4b5e-b5fb-c5962abf159d/test]   | Collecting pip\n[11272c40-cf46-4b5e-b5fb-c5962abf159d/test]   | Downloading pip-23.2.1-py3-none-any.whl (2.1 MB)\n[11272c40-cf46-4b5e-b5fb-c5962abf159d/test]   | \u2501\u2501\u2501\u2501\u2501\u2501\u2501\u2501\u2501\u2501\u2501\u2501\u2501\u2501\u2501\u2501\u2501\u2501\u2501\u2501\u2501\u2501\u2501\u2501\u2501\u2501\u2501\u2501\u2501\u2501\u2501\u2501\u2501\u2501\u2501\u2501\u2501\u2501\u2501\u2501 2.1/2.1 MB 20.6 MB/s eta 0:00:00\n[11272c40-cf46-4b5e-b5fb-c5962abf159d/test]   | \n[11272c40-cf46-4b5e-b5fb-c5962abf159d/test]   | Installing collected packages: pip\n[11272c40-cf46-4b5e-b5fb-c5962abf159d/test]   | Successfully installed pip-23.2.1\n[11272c40-cf46-4b5e-b5fb-c5962abf159d/test]   | Create complete file\n[11272c40-cf46-4b5e-b5fb-c5962abf159d/test]   \ud83d\udcac  ::debug::isExplicit: \n[11272c40-cf46-4b5e-b5fb-c5962abf159d/test]   \ud83d\udcac  ::debug::explicit? false\n[11272c40-cf46-4b5e-b5fb-c5962abf159d/test]   \ud83d\udcac  ::debug::isExplicit: 2.7.18\n[11272c40-cf46-4b5e-b5fb-c5962abf159d/test]   \ud83d\udcac  ::debug::explicit? true\n[11272c40-cf46-4b5e-b5fb-c5962abf159d/test]   \ud83d\udcac  ::debug::isExplicit: 3.11.4\n[11272c40-cf46-4b5e-b5fb-c5962abf159d/test]   \ud83d\udcac  ::debug::explicit? true\n[11272c40-cf46-4b5e-b5fb-c5962abf159d/test]   \ud83d\udcac  ::debug::isExplicit: 3.5.10\n[11272c40-cf46-4b5e-b5fb-c5962abf159d/test]   \ud83d\udcac  ::debug::explicit? true\n[11272c40-cf46-4b5e-b5fb-c5962abf159d/test]   \ud83d\udcac  ::debug::isExplicit: 3.6.14\n[11272c40-cf46-4b5e-b5fb-c5962abf159d/test]   \ud83d\udcac  ::debug::explicit? true\n[11272c40-cf46-4b5e-b5fb-c5962abf159d/test]   \ud83d\udcac  ::debug::isExplicit: 3.7.11\n[11272c40-cf46-4b5e-b5fb-c5962abf159d/test]   \ud83d\udcac  ::debug::explicit? true\n[11272c40-cf46-4b5e-b5fb-c5962abf159d/test]   \ud83d\udcac  ::debug::isExplicit: 3.8.11\n[11272c40-cf46-4b5e-b5fb-c5962abf159d/test]   \ud83d\udcac  ::debug::explicit? true\n[11272c40-cf46-4b5e-b5fb-c5962abf159d/test]   \ud83d\udcac  ::debug::isExplicit: 3.9.6\n[11272c40-cf46-4b5e-b5fb-c5962abf159d/test]   \ud83d\udcac  ::debug::explicit? true\n[11272c40-cf46-4b5e-b5fb-c5962abf159d/test]   \ud83d\udcac  ::debug::evaluating 7 versions\n[11272c40-cf46-4b5e-b5fb-c5962abf159d/test]   \ud83d\udcac  ::debug::matched: 3.11.4\n[11272c40-cf46-4b5e-b5fb-c5962abf159d/test]   \ud83d\udcac  ::debug::checking cache: /opt/hostedtoolcache/Python/3.11.4/x64\n[11272c40-cf46-4b5e-b5fb-c5962abf159d/test]   \ud83d\udcac  ::debug::Found tool in cache Python 3.11.4 x64\n[11272c40-cf46-4b5e-b5fb-c5962abf159d/test]   | Successfully set up CPython (3.11.4)\n[11272c40-cf46-4b5e-b5fb-c5962abf159d/test]   \u2753  ::endgroup::\n[11272c40-cf46-4b5e-b5fb-c5962abf159d/test]   \u2753 add-matcher /run/act/actions/actions-setup-python@v4/.github/python.json\n[11272c40-cf46-4b5e-b5fb-c5962abf159d/test]   \u2705  Success - Main actions/setup-python@v4\n[11272c40-cf46-4b5e-b5fb-c5962abf159d/test]   \u2699  ::set-env:: LD_LIBRARY_PATH=/opt/hostedtoolcache/Python/3.11.4/x64/lib\n[11272c40-cf46-4b5e-b5fb-c5962abf159d/test]   \u2699  ::set-env:: pythonLocation=/opt/hostedtoolcache/Python/3.11.4/x64\n[11272c40-cf46-4b5e-b5fb-c5962abf159d/test]   \u2699  ::set-env:: PKG_CONFIG_PATH=/opt/hostedtoolcache/Python/3.11.4/x64/lib/pkgconfig\n[11272c40-cf46-4b5e-b5fb-c5962abf159d/test]   \u2699  ::set-env:: Python_ROOT_DIR=/opt/hostedtoolcache/Python/3.11.4/x64\n[11272c40-cf46-4b5e-b5fb-c5962abf159d/test]   \u2699  ::set-env:: Python2_ROOT_DIR=/opt/hostedtoolcache/Python/3.11.4/x64\n[11272c40-cf46-4b5e-b5fb-c5962abf159d/test]   \u2699  ::set-env:: Python3_ROOT_DIR=/opt/hostedtoolcache/Python/3.11.4/x64\n[11272c40-cf46-4b5e-b5fb-c5962abf159d/test]   \u2699  ::set-output:: python-version=3.11.4\n[11272c40-cf46-4b5e-b5fb-c5962abf159d/test]   \u2699  ::set-output:: python-path=/opt/hostedtoolcache/Python/3.11.4/x64/bin/python\n[11272c40-cf46-4b5e-b5fb-c5962abf159d/test]   \u2699  ::add-path:: /opt/hostedtoolcache/Python/3.11.4/x64\n[11272c40-cf46-4b5e-b5fb-c5962abf159d/test]   \u2699  ::add-path:: /opt/hostedtoolcache/Python/3.11.4/x64/bin\n[11272c40-cf46-4b5e-b5fb-c5962abf159d/test] unable to get git ref: failed to identify reference (tag/branch) for the checked-out revision '73a8a00fc8bbbe0af1351b4e97682138a32981b2'\n[11272c40-cf46-4b5e-b5fb-c5962abf159d/test] unable to get git ref: failed to identify reference (tag/branch) for the checked-out revision '73a8a00fc8bbbe0af1351b4e97682138a32981b2'\n[11272c40-cf46-4b5e-b5fb-c5962abf159d/test] unable to get git ref: failed to identify reference (tag/branch) for the checked-out revision '73a8a00fc8bbbe0af1351b4e97682138a32981b2'\n[11272c40-cf46-4b5e-b5fb-c5962abf159d/test] unable to get git ref: failed to identify reference (tag/branch) for the checked-out revision '73a8a00fc8bbbe0af1351b4e97682138a32981b2'\n[11272c40-cf46-4b5e-b5fb-c5962abf159d/test] unable to get git ref: failed to identify reference (tag/branch) for the checked-out revision '73a8a00fc8bbbe0af1351b4e97682138a32981b2'\n[11272c40-cf46-4b5e-b5fb-c5962abf159d/test] \u2b50 Run Main Install Python dependencies\n[11272c40-cf46-4b5e-b5fb-c5962abf159d/test] unable to get git ref: failed to identify reference (tag/branch) for the checked-out revision '73a8a00fc8bbbe0af1351b4e97682138a32981b2'\n[11272c40-cf46-4b5e-b5fb-c5962abf159d/test] unable to get git ref: failed to identify reference (tag/branch) for the checked-out revision '73a8a00fc8bbbe0af1351b4e97682138a32981b2'\n[11272c40-cf46-4b5e-b5fb-c5962abf159d/test] unable to get git ref: failed to identify reference (tag/branch) for the checked-out revision '73a8a00fc8bbbe0af1351b4e97682138a32981b2'\n[11272c40-cf46-4b5e-b5fb-c5962abf159d/test] unable to get git ref: failed to identify reference (tag/branch) for the checked-out revision '73a8a00fc8bbbe0af1351b4e97682138a32981b2'\n[11272c40-cf46-4b5e-b5fb-c5962abf159d/test]   \ud83d\udc33  docker exec cmd=[bash --noprofile --norc -e -o pipefail /var/run/act/workflow/2] user= workdir=\n[11272c40-cf46-4b5e-b5fb-c5962abf159d/test]   \u2705  Success - Main Install Python dependencies\n[11272c40-cf46-4b5e-b5fb-c5962abf159d/test] unable to get git ref: failed to identify reference (tag/branch) for the checked-out revision '73a8a00fc8bbbe0af1351b4e97682138a32981b2'\n[11272c40-cf46-4b5e-b5fb-c5962abf159d/test] unable to get git ref: failed to identify reference (tag/branch) for the checked-out revision '73a8a00fc8bbbe0af1351b4e97682138a32981b2'\n[11272c40-cf46-4b5e-b5fb-c5962abf159d/test] unable to get git ref: failed to identify reference (tag/branch) for the checked-out revision '73a8a00fc8bbbe0af1351b4e97682138a32981b2'\n[11272c40-cf46-4b5e-b5fb-c5962abf159d/test] unable to get git ref: failed to identify reference (tag/branch) for the checked-out revision '73a8a00fc8bbbe0af1351b4e97682138a32981b2'\n[11272c40-cf46-4b5e-b5fb-c5962abf159d/test] unable to get git ref: failed to identify reference (tag/branch) for the checked-out revision '73a8a00fc8bbbe0af1351b4e97682138a32981b2'\n[11272c40-cf46-4b5e-b5fb-c5962abf159d/test] \u2b50 Run Main Build and run tests\n[11272c40-cf46-4b5e-b5fb-c5962abf159d/test] unable to get git ref: failed to identify reference (tag/branch) for the checked-out revision '73a8a00fc8bbbe0af1351b4e97682138a32981b2'\n[11272c40-cf46-4b5e-b5fb-c5962abf159d/test] unable to get git ref: failed to identify reference (tag/branch) for the checked-out revision '73a8a00fc8bbbe0af1351b4e97682138a32981b2'\n[11272c40-cf46-4b5e-b5fb-c5962abf159d/test] unable to get git ref: failed to identify reference (tag/branch) for the checked-out revision '73a8a00fc8bbbe0af1351b4e97682138a32981b2'\n[11272c40-cf46-4b5e-b5fb-c5962abf159d/test] unable to get git ref: failed to identify reference (tag/branch) for the checked-out revision '73a8a00fc8bbbe0af1351b4e97682138a32981b2'\n[11272c40-cf46-4b5e-b5fb-c5962abf159d/test]   \ud83d\udc33  docker exec cmd=[bash --noprofile --norc -e -o pipefail /var/run/act/workflow/3] user= workdir=\n[11272c40-cf46-4b5e-b5fb-c5962abf159d/test]   | Collecting unittest-xml-reporting\n[11272c40-cf46-4b5e-b5fb-c5962abf159d/test]   |   Downloading unittest_xml_reporting-3.2.0-py2.py3-none-any.whl (20 kB)\n[11272c40-cf46-4b5e-b5fb-c5962abf159d/test]   | Collecting lxml (from unittest-xml-reporting)\n[11272c40-cf46-4b5e-b5fb-c5962abf159d/test]   |   Obtaining dependency information for lxml from https://files.pythonhosted.org/packages/ed/62/ffc30348ae141f69f9f23b65ba769db7ca209856c9a9b3406279e0ea24de/lxml-4.9.3-cp311-cp311-manylinux_2_28_x86_64.whl.metadata\n[11272c40-cf46-4b5e-b5fb-c5962abf159d/test]   |   Downloading lxml-4.9.3-cp311-cp311-manylinux_2_28_x86_64.whl.metadata (3.8 kB)\n[11272c40-cf46-4b5e-b5fb-c5962abf159d/test]   | Downloading lxml-4.9.3-cp311-cp311-manylinux_2_28_x86_64.whl (7.9 MB)\n[11272c40-cf46-4b5e-b5fb-c5962abf159d/test]   |    \u2501\u2501\u2501\u2501\u2501\u2501\u2501\u2501\u2501\u2501\u2501\u2501\u2501\u2501\u2501\u2501\u2501\u2501\u2501\u2501\u2501\u2501\u2501\u2501\u2501\u2501\u2501\u2501\u2501\u2501\u2501\u2501\u2501\u2501\u2501\u2501\u2501\u2501\u2501\u2501 7.9/7.9 MB 63.9 MB/s eta 0:00:00\n[11272c40-cf46-4b5e-b5fb-c5962abf159d/test]   | Installing collected packages: lxml, unittest-xml-reporting\n[11272c40-cf46-4b5e-b5fb-c5962abf159d/test]   | Successfully installed lxml-4.9.3 unittest-xml-reporting-3.2.0\n[11272c40-cf46-4b5e-b5fb-c5962abf159d/test]   | \n[11272c40-cf46-4b5e-b5fb-c5962abf159d/test]   | Running tests...\n[11272c40-cf46-4b5e-b5fb-c5962abf159d/test]   | ----------------------------------------------------------------------\n[11272c40-cf46-4b5e-b5fb-c5962abf159d/test]   | F..\n[11272c40-cf46-4b5e-b5fb-c5962abf159d/test]   | ======================================================================\n[11272c40-cf46-4b5e-b5fb-c5962abf159d/test]   | FAIL [0.004s]: test_sum (test.test_app.TestCalculator.test_sum)\n[11272c40-cf46-4b5e-b5fb-c5962abf159d/test]   | ----------------------------------------------------------------------\n[11272c40-cf46-4b5e-b5fb-c5962abf159d/test]   | Traceback (most recent call last):\n[11272c40-cf46-4b5e-b5fb-c5962abf159d/test]   |   File \"/tmp/6f521950-45e0-44bb-9ef5-fc93dbe3196b/test/test_app.py\", line 26, in test_sum\n[11272c40-cf46-4b5e-b5fb-c5962abf159d/test]   |     self.assertEqual(Calculator.sum(1, 1), 2)\n[11272c40-cf46-4b5e-b5fb-c5962abf159d/test]   | AssertionError: 0 != 2\n[11272c40-cf46-4b5e-b5fb-c5962abf159d/test]   | \n[11272c40-cf46-4b5e-b5fb-c5962abf159d/test]   | ----------------------------------------------------------------------\n[11272c40-cf46-4b5e-b5fb-c5962abf159d/test]   | Ran 3 tests in 0.004s\n[11272c40-cf46-4b5e-b5fb-c5962abf159d/test]   | \n[11272c40-cf46-4b5e-b5fb-c5962abf159d/test]   | FAILED (failures=1)\n[11272c40-cf46-4b5e-b5fb-c5962abf159d/test]   | \n[11272c40-cf46-4b5e-b5fb-c5962abf159d/test]   | Generating XML reports...\n[11272c40-cf46-4b5e-b5fb-c5962abf159d/test]   \u274c  Failure - Main Build and run tests\n[11272c40-cf46-4b5e-b5fb-c5962abf159d/test] exitcode '1': failure\n[11272c40-cf46-4b5e-b5fb-c5962abf159d/test] unable to get git ref: failed to identify reference (tag/branch) for the checked-out revision '73a8a00fc8bbbe0af1351b4e97682138a32981b2'\n[11272c40-cf46-4b5e-b5fb-c5962abf159d/test] unable to get git ref: failed to identify reference (tag/branch) for the checked-out revision '73a8a00fc8bbbe0af1351b4e97682138a32981b2'\n[11272c40-cf46-4b5e-b5fb-c5962abf159d/test] unable to get git ref: failed to identify reference (tag/branch) for the checked-out revision '73a8a00fc8bbbe0af1351b4e97682138a32981b2'\n[11272c40-cf46-4b5e-b5fb-c5962abf159d/test] unable to get git ref: failed to identify reference (tag/branch) for the checked-out revision '73a8a00fc8bbbe0af1351b4e97682138a32981b2'\n[11272c40-cf46-4b5e-b5fb-c5962abf159d/test] unable to get git ref: failed to identify reference (tag/branch) for the checked-out revision '73a8a00fc8bbbe0af1351b4e97682138a32981b2'\n[11272c40-cf46-4b5e-b5fb-c5962abf159d/test] \ud83c\udfc1  Job failed\n[11272c40-cf46-4b5e-b5fb-c5962abf159d/test] unable to get git ref: failed to identify reference (tag/branch) for the checked-out revision '73a8a00fc8bbbe0af1351b4e97682138a32981b2'\n", "stderr": "time=\"2023-07-23T16:52:11+01:00\" level=warning msg=\"unable to get git ref: failed to identify reference (tag/branch) for the checked-out revision '73a8a00fc8bbbe0af1351b4e97682138a32981b2'\"\nError: Job 'test' failed\n", "workflow": {"path": "/tmp/6f521950-45e0-44bb-9ef5-fc93dbe3196b/.github/workflows/tests-crawler.yml", "type": "unittest"}, "workflow_name": "11272c40-cf46-4b5e-b5fb-c5962abf159d", "build_tool": "unittest", "elapsed_time": 14.103154182434082, "default_actions": false}], [{"failed": false, "tests": [{"classname": "test.test_app.TestCalculator", "name": "test_sum", "time": 0.003, "results": [{"result": "Passed", "message": "", "type": ""}], "stdout": null, "stderr": null}, {"classname": "test.test_app.TestCalculator", "name": "test_sumFloat", "time": 0.0, "results": [{"result": "Passed", "message": "", "type": ""}], "stdout": null, "stderr": null}, {"classname": "test.test_app.TestCalculator", "name": "test_sumInt", "time": 0.0, "results": [{"result": "Passed", "message": "", "type": ""}], "stdout": null, "stderr": null}], "stdout": "[cf2577cb-780b-4029-befe-ad9bb68eb774/test] \ud83d\ude80  Start image=gitbugactions:latest\n[cf2577cb-780b-4029-befe-ad9bb68eb774/test]   \ud83d\udc33  docker pull image=gitbugactions:latest platform= username= forcePull=false\n[cf2577cb-780b-4029-befe-ad9bb68eb774/test]   \ud83d\udc33  docker create image=gitbugactions:latest platform= entrypoint=[\"tail\" \"-f\" \"/dev/null\"] cmd=[]\n[cf2577cb-780b-4029-befe-ad9bb68eb774/test]   \ud83d\udc33  docker run image=gitbugactions:latest platform= entrypoint=[\"tail\" \"-f\" \"/dev/null\"] cmd=[]\n[cf2577cb-780b-4029-befe-ad9bb68eb774/test]   \ud83d\udc33  docker exec cmd=[chown -R 1000:1000 /tmp/6f521950-45e0-44bb-9ef5-fc93dbe3196b] user=0 workdir=\n[cf2577cb-780b-4029-befe-ad9bb68eb774/test] \u2b50 Run Main actions/checkout@v3\n[cf2577cb-780b-4029-befe-ad9bb68eb774/test]   \u2705  Success - Main actions/checkout@v3\n[cf2577cb-780b-4029-befe-ad9bb68eb774/test] \u2b50 Run Main actions/setup-python@v4\n[cf2577cb-780b-4029-befe-ad9bb68eb774/test]   \ud83d\udc33  docker cp src=/tmp/act-cache/6ba8d7a8-2554-4051-bb40-87c2bb6230b5/act/actions-setup-python@v4/ dst=/var/run/act/actions/actions-setup-python@v4/\n[cf2577cb-780b-4029-befe-ad9bb68eb774/test]   \ud83d\udc33  docker exec cmd=[chown -R 1000:1000 /var/run/act/actions/actions-setup-python@v4/] user=0 workdir=\n[cf2577cb-780b-4029-befe-ad9bb68eb774/test]   \ud83d\udc33  docker exec cmd=[node /var/run/act/actions/actions-setup-python@v4/dist/setup/index.js] user= workdir=\n[cf2577cb-780b-4029-befe-ad9bb68eb774/test]   \ud83d\udcac  ::debug::Python is expected to be installed into /opt/hostedtoolcache\n[cf2577cb-780b-4029-befe-ad9bb68eb774/test]   \u2753  ::group::Installed versions\n[cf2577cb-780b-4029-befe-ad9bb68eb774/test]   \ud83d\udcac  ::debug::Semantic version spec of 3.11 is 3.11\n[cf2577cb-780b-4029-befe-ad9bb68eb774/test]   \ud83d\udcac  ::debug::isExplicit: \n[cf2577cb-780b-4029-befe-ad9bb68eb774/test]   \ud83d\udcac  ::debug::explicit? false\n[cf2577cb-780b-4029-befe-ad9bb68eb774/test]   \ud83d\udcac  ::debug::isExplicit: 2.7.18\n[cf2577cb-780b-4029-befe-ad9bb68eb774/test]   \ud83d\udcac  ::debug::explicit? true\n[cf2577cb-780b-4029-befe-ad9bb68eb774/test]   \ud83d\udcac  ::debug::isExplicit: 3.5.10\n[cf2577cb-780b-4029-befe-ad9bb68eb774/test]   \ud83d\udcac  ::debug::explicit? true\n[cf2577cb-780b-4029-befe-ad9bb68eb774/test]   \ud83d\udcac  ::debug::isExplicit: 3.6.14\n[cf2577cb-780b-4029-befe-ad9bb68eb774/test]   \ud83d\udcac  ::debug::explicit? true\n[cf2577cb-780b-4029-befe-ad9bb68eb774/test]   \ud83d\udcac  ::debug::isExplicit: 3.7.11\n[cf2577cb-780b-4029-befe-ad9bb68eb774/test]   \ud83d\udcac  ::debug::explicit? true\n[cf2577cb-780b-4029-befe-ad9bb68eb774/test]   \ud83d\udcac  ::debug::isExplicit: 3.8.11\n[cf2577cb-780b-4029-befe-ad9bb68eb774/test]   \ud83d\udcac  ::debug::explicit? true\n[cf2577cb-780b-4029-befe-ad9bb68eb774/test]   \ud83d\udcac  ::debug::isExplicit: 3.9.6\n[cf2577cb-780b-4029-befe-ad9bb68eb774/test]   \ud83d\udcac  ::debug::explicit? true\n[cf2577cb-780b-4029-befe-ad9bb68eb774/test]   \ud83d\udcac  ::debug::evaluating 6 versions\n[cf2577cb-780b-4029-befe-ad9bb68eb774/test]   \ud83d\udcac  ::debug::match not found\n[cf2577cb-780b-4029-befe-ad9bb68eb774/test]   | Version 3.11 was not found in the local cache\n[cf2577cb-780b-4029-befe-ad9bb68eb774/test]   \ud83d\udcac  ::debug::Getting manifest from actions/python-versions@main\n[cf2577cb-780b-4029-befe-ad9bb68eb774/test]   \ud83d\udcac  ::debug::set auth\n[cf2577cb-780b-4029-befe-ad9bb68eb774/test]   \ud83d\udcac  ::debug::check 3.12.0-beta.4 satisfies 3.11\n[cf2577cb-780b-4029-befe-ad9bb68eb774/test]   \ud83d\udcac  ::debug::check 3.12.0-beta.3 satisfies 3.11\n[cf2577cb-780b-4029-befe-ad9bb68eb774/test]   \ud83d\udcac  ::debug::check 3.12.0-beta.2 satisfies 3.11\n[cf2577cb-780b-4029-befe-ad9bb68eb774/test]   \ud83d\udcac  ::debug::check 3.12.0-beta.1 satisfies 3.11\n[cf2577cb-780b-4029-befe-ad9bb68eb774/test]   \ud83d\udcac  ::debug::check 3.12.0-alpha.7 satisfies 3.11\n[cf2577cb-780b-4029-befe-ad9bb68eb774/test]   \ud83d\udcac  ::debug::check 3.12.0-alpha.6 satisfies 3.11\n[cf2577cb-780b-4029-befe-ad9bb68eb774/test]   \ud83d\udcac  ::debug::check 3.12.0-alpha.5 satisfies 3.11\n[cf2577cb-780b-4029-befe-ad9bb68eb774/test]   \ud83d\udcac  ::debug::check 3.12.0-alpha.4 satisfies 3.11\n[cf2577cb-780b-4029-befe-ad9bb68eb774/test]   \ud83d\udcac  ::debug::check 3.12.0-alpha.3 satisfies 3.11\n[cf2577cb-780b-4029-befe-ad9bb68eb774/test]   \ud83d\udcac  ::debug::check 3.12.0-alpha.2 satisfies 3.11\n[cf2577cb-780b-4029-befe-ad9bb68eb774/test]   \ud83d\udcac  ::debug::check 3.12.0-alpha.1 satisfies 3.11\n[cf2577cb-780b-4029-befe-ad9bb68eb774/test]   \ud83d\udcac  ::debug::check 3.11.4 satisfies 3.11\n[cf2577cb-780b-4029-befe-ad9bb68eb774/test]   \ud83d\udcac  ::debug::arm64===x64 && darwin===linux\n[cf2577cb-780b-4029-befe-ad9bb68eb774/test]   \ud83d\udcac  ::debug::x64===x64 && darwin===linux\n[cf2577cb-780b-4029-befe-ad9bb68eb774/test]   \ud83d\udcac  ::debug::x64===x64 && linux===linux\n[cf2577cb-780b-4029-befe-ad9bb68eb774/test]   \ud83d\udcac  ::debug::matched 3.11.4\n[cf2577cb-780b-4029-befe-ad9bb68eb774/test]   | Version 3.11 is available for downloading\n[cf2577cb-780b-4029-befe-ad9bb68eb774/test]   | Download from \"https://github.com/actions/python-versions/releases/download/3.11.4-5199054971/python-3.11.4-linux-20.04-x64.tar.gz\"\n[cf2577cb-780b-4029-befe-ad9bb68eb774/test]   \ud83d\udcac  ::debug::Downloading https://github.com/actions/python-versions/releases/download/3.11.4-5199054971/python-3.11.4-linux-20.04-x64.tar.gz\n[cf2577cb-780b-4029-befe-ad9bb68eb774/test]   \ud83d\udcac  ::debug::Destination /tmp/6e71f303-31d6-42f6-9f79-c4a77538b3f7\n[cf2577cb-780b-4029-befe-ad9bb68eb774/test]   \ud83d\udcac  ::debug::set auth\n[cf2577cb-780b-4029-befe-ad9bb68eb774/test]   \ud83d\udcac  ::debug::download complete\n[cf2577cb-780b-4029-befe-ad9bb68eb774/test]   | Extract downloaded archive\n[cf2577cb-780b-4029-befe-ad9bb68eb774/test]   \ud83d\udcac  ::debug::Checking tar --version\n[cf2577cb-780b-4029-befe-ad9bb68eb774/test]   \ud83d\udcac  ::debug::tar (GNU tar) 1.30%0ACopyright (C) 2017 Free Software Foundation, Inc.%0ALicense GPLv3+: GNU GPL version 3 or later <https://gnu.org/licenses/gpl.html>.%0AThis is free software: you are free to change and redistribute it.%0AThere is NO WARRANTY, to the extent permitted by law.%0A%0AWritten by John Gilmore and Jay Fenlason.\n[cf2577cb-780b-4029-befe-ad9bb68eb774/test]   | [command]/usr/bin/tar xz --warning=no-unknown-keyword -C /tmp/937b07e4-a6f3-49fa-b4a2-ca5343a8697e -f /tmp/6e71f303-31d6-42f6-9f79-c4a77538b3f7\n[cf2577cb-780b-4029-befe-ad9bb68eb774/test]   | Execute installation script\n[cf2577cb-780b-4029-befe-ad9bb68eb774/test]   | Check if Python hostedtoolcache folder exist...\n[cf2577cb-780b-4029-befe-ad9bb68eb774/test]   | Create Python 3.11.4 folder\n[cf2577cb-780b-4029-befe-ad9bb68eb774/test]   | Copy Python binaries to hostedtoolcache folder\n[cf2577cb-780b-4029-befe-ad9bb68eb774/test]   | Create additional symlinks (Required for the UsePythonVersion Azure Pipelines task and the setup-python GitHub Action)\n[cf2577cb-780b-4029-befe-ad9bb68eb774/test]   | Upgrading pip...\n[cf2577cb-780b-4029-befe-ad9bb68eb774/test]   | Looking in links: /tmp/tmpmsntw9vn\n[cf2577cb-780b-4029-befe-ad9bb68eb774/test]   | Requirement already satisfied: setuptools in /opt/hostedtoolcache/Python/3.11.4/x64/lib/python3.11/site-packages (65.5.0)\n[cf2577cb-780b-4029-befe-ad9bb68eb774/test]   | Requirement already satisfied: pip in /opt/hostedtoolcache/Python/3.11.4/x64/lib/python3.11/site-packages (23.1.2)\n[cf2577cb-780b-4029-befe-ad9bb68eb774/test]   | Collecting pip\n[cf2577cb-780b-4029-befe-ad9bb68eb774/test]   | Downloading pip-23.2.1-py3-none-any.whl (2.1 MB)\n[cf2577cb-780b-4029-befe-ad9bb68eb774/test]   | \u2501\u2501\u2501\u2501\u2501\u2501\u2501\u2501\u2501\u2501\u2501\u2501\u2501\u2501\u2501\u2501\u2501\u2501\u2501\u2501\u2501\u2501\u2501\u2501\u2501\u2501\u2501\u2501\u2501\u2501\u2501\u2501\u2501\u2501\u2501\u2501\u2501\u2501\u2501\u2501 2.1/2.1 MB 27.3 MB/s eta 0:00:00\n[cf2577cb-780b-4029-befe-ad9bb68eb774/test]   | \n[cf2577cb-780b-4029-befe-ad9bb68eb774/test]   | Installing collected packages: pip\n[cf2577cb-780b-4029-befe-ad9bb68eb774/test]   | Successfully installed pip-23.2.1\n[cf2577cb-780b-4029-befe-ad9bb68eb774/test]   | Create complete file\n[cf2577cb-780b-4029-befe-ad9bb68eb774/test]   \ud83d\udcac  ::debug::isExplicit: \n[cf2577cb-780b-4029-befe-ad9bb68eb774/test]   \ud83d\udcac  ::debug::explicit? false\n[cf2577cb-780b-4029-befe-ad9bb68eb774/test]   \ud83d\udcac  ::debug::isExplicit: 2.7.18\n[cf2577cb-780b-4029-befe-ad9bb68eb774/test]   \ud83d\udcac  ::debug::explicit? true\n[cf2577cb-780b-4029-befe-ad9bb68eb774/test]   \ud83d\udcac  ::debug::isExplicit: 3.11.4\n[cf2577cb-780b-4029-befe-ad9bb68eb774/test]   \ud83d\udcac  ::debug::explicit? true\n[cf2577cb-780b-4029-befe-ad9bb68eb774/test]   \ud83d\udcac  ::debug::isExplicit: 3.5.10\n[cf2577cb-780b-4029-befe-ad9bb68eb774/test]   \ud83d\udcac  ::debug::explicit? true\n[cf2577cb-780b-4029-befe-ad9bb68eb774/test]   \ud83d\udcac  ::debug::isExplicit: 3.6.14\n[cf2577cb-780b-4029-befe-ad9bb68eb774/test]   \ud83d\udcac  ::debug::explicit? true\n[cf2577cb-780b-4029-befe-ad9bb68eb774/test]   \ud83d\udcac  ::debug::isExplicit: 3.7.11\n[cf2577cb-780b-4029-befe-ad9bb68eb774/test]   \ud83d\udcac  ::debug::explicit? true\n[cf2577cb-780b-4029-befe-ad9bb68eb774/test]   \ud83d\udcac  ::debug::isExplicit: 3.8.11\n[cf2577cb-780b-4029-befe-ad9bb68eb774/test]   \ud83d\udcac  ::debug::explicit? true\n[cf2577cb-780b-4029-befe-ad9bb68eb774/test]   \ud83d\udcac  ::debug::isExplicit: 3.9.6\n[cf2577cb-780b-4029-befe-ad9bb68eb774/test]   \ud83d\udcac  ::debug::explicit? true\n[cf2577cb-780b-4029-befe-ad9bb68eb774/test]   \ud83d\udcac  ::debug::evaluating 7 versions\n[cf2577cb-780b-4029-befe-ad9bb68eb774/test]   \ud83d\udcac  ::debug::matched: 3.11.4\n[cf2577cb-780b-4029-befe-ad9bb68eb774/test]   \ud83d\udcac  ::debug::checking cache: /opt/hostedtoolcache/Python/3.11.4/x64\n[cf2577cb-780b-4029-befe-ad9bb68eb774/test]   \ud83d\udcac  ::debug::Found tool in cache Python 3.11.4 x64\n[cf2577cb-780b-4029-befe-ad9bb68eb774/test]   | Successfully set up CPython (3.11.4)\n[cf2577cb-780b-4029-befe-ad9bb68eb774/test]   \u2753  ::endgroup::\n[cf2577cb-780b-4029-befe-ad9bb68eb774/test]   \u2753 add-matcher /run/act/actions/actions-setup-python@v4/.github/python.json\n[cf2577cb-780b-4029-befe-ad9bb68eb774/test]   \u2705  Success - Main actions/setup-python@v4\n[cf2577cb-780b-4029-befe-ad9bb68eb774/test]   \u2699  ::set-env:: PKG_CONFIG_PATH=/opt/hostedtoolcache/Python/3.11.4/x64/lib/pkgconfig\n[cf2577cb-780b-4029-befe-ad9bb68eb774/test]   \u2699  ::set-env:: Python_ROOT_DIR=/opt/hostedtoolcache/Python/3.11.4/x64\n[cf2577cb-780b-4029-befe-ad9bb68eb774/test]   \u2699  ::set-env:: Python2_ROOT_DIR=/opt/hostedtoolcache/Python/3.11.4/x64\n[cf2577cb-780b-4029-befe-ad9bb68eb774/test]   \u2699  ::set-env:: Python3_ROOT_DIR=/opt/hostedtoolcache/Python/3.11.4/x64\n[cf2577cb-780b-4029-befe-ad9bb68eb774/test]   \u2699  ::set-env:: LD_LIBRARY_PATH=/opt/hostedtoolcache/Python/3.11.4/x64/lib\n[cf2577cb-780b-4029-befe-ad9bb68eb774/test]   \u2699  ::set-env:: pythonLocation=/opt/hostedtoolcache/Python/3.11.4/x64\n[cf2577cb-780b-4029-befe-ad9bb68eb774/test]   \u2699  ::set-output:: python-version=3.11.4\n[cf2577cb-780b-4029-befe-ad9bb68eb774/test]   \u2699  ::set-output:: python-path=/opt/hostedtoolcache/Python/3.11.4/x64/bin/python\n[cf2577cb-780b-4029-befe-ad9bb68eb774/test]   \u2699  ::add-path:: /opt/hostedtoolcache/Python/3.11.4/x64\n[cf2577cb-780b-4029-befe-ad9bb68eb774/test]   \u2699  ::add-path:: /opt/hostedtoolcache/Python/3.11.4/x64/bin\n[cf2577cb-780b-4029-befe-ad9bb68eb774/test] \u2b50 Run Main Install Python dependencies\n[cf2577cb-780b-4029-befe-ad9bb68eb774/test]   \ud83d\udc33  docker exec cmd=[bash --noprofile --norc -e -o pipefail /var/run/act/workflow/2] user= workdir=\n[cf2577cb-780b-4029-befe-ad9bb68eb774/test]   \u2705  Success - Main Install Python dependencies\n[cf2577cb-780b-4029-befe-ad9bb68eb774/test] \u2b50 Run Main Build and run tests\n[cf2577cb-780b-4029-befe-ad9bb68eb774/test]   \ud83d\udc33  docker exec cmd=[bash --noprofile --norc -e -o pipefail /var/run/act/workflow/3] user= workdir=\n[cf2577cb-780b-4029-befe-ad9bb68eb774/test]   | Collecting unittest-xml-reporting\n[cf2577cb-780b-4029-befe-ad9bb68eb774/test]   |   Downloading unittest_xml_reporting-3.2.0-py2.py3-none-any.whl (20 kB)\n[cf2577cb-780b-4029-befe-ad9bb68eb774/test]   | Collecting lxml (from unittest-xml-reporting)\n[cf2577cb-780b-4029-befe-ad9bb68eb774/test]   |   Obtaining dependency information for lxml from https://files.pythonhosted.org/packages/ed/62/ffc30348ae141f69f9f23b65ba769db7ca209856c9a9b3406279e0ea24de/lxml-4.9.3-cp311-cp311-manylinux_2_28_x86_64.whl.metadata\n[cf2577cb-780b-4029-befe-ad9bb68eb774/test]   |   Downloading lxml-4.9.3-cp311-cp311-manylinux_2_28_x86_64.whl.metadata (3.8 kB)\n[cf2577cb-780b-4029-befe-ad9bb68eb774/test]   | Downloading lxml-4.9.3-cp311-cp311-manylinux_2_28_x86_64.whl (7.9 MB)\n[cf2577cb-780b-4029-befe-ad9bb68eb774/test]   |    \u2501\u2501\u2501\u2501\u2501\u2501\u2501\u2501\u2501\u2501\u2501\u2501\u2501\u2501\u2501\u2501\u2501\u2501\u2501\u2501\u2501\u2501\u2501\u2501\u2501\u2501\u2501\u2501\u2501\u2501\u2501\u2501\u2501\u2501\u2501\u2501\u2501\u2501\u2501\u2501 7.9/7.9 MB 80.9 MB/s eta 0:00:00\n[cf2577cb-780b-4029-befe-ad9bb68eb774/test]   | Installing collected packages: lxml, unittest-xml-reporting\n[cf2577cb-780b-4029-befe-ad9bb68eb774/test]   | Successfully installed lxml-4.9.3 unittest-xml-reporting-3.2.0\n[cf2577cb-780b-4029-befe-ad9bb68eb774/test]   | \n[cf2577cb-780b-4029-befe-ad9bb68eb774/test]   | Running tests...\n[cf2577cb-780b-4029-befe-ad9bb68eb774/test]   | ----------------------------------------------------------------------\n[cf2577cb-780b-4029-befe-ad9bb68eb774/test]   | ...\n[cf2577cb-780b-4029-befe-ad9bb68eb774/test]   | ----------------------------------------------------------------------\n[cf2577cb-780b-4029-befe-ad9bb68eb774/test]   | Ran 3 tests in 0.003s\n[cf2577cb-780b-4029-befe-ad9bb68eb774/test]   | \n[cf2577cb-780b-4029-befe-ad9bb68eb774/test]   | OK\n[cf2577cb-780b-4029-befe-ad9bb68eb774/test]   | \n[cf2577cb-780b-4029-befe-ad9bb68eb774/test]   | Generating XML reports...\n[cf2577cb-780b-4029-befe-ad9bb68eb774/test]   \u2705  Success - Main Build and run tests\n[cf2577cb-780b-4029-befe-ad9bb68eb774/test] \u2b50 Run Post actions/setup-python@v4\n[cf2577cb-780b-4029-befe-ad9bb68eb774/test]   \ud83d\udc33  docker exec cmd=[node /var/run/act/actions/actions-setup-python@v4/dist/cache-save/index.js] user= workdir=\n[cf2577cb-780b-4029-befe-ad9bb68eb774/test]   \u2705  Success - Post actions/setup-python@v4\n[cf2577cb-780b-4029-befe-ad9bb68eb774/test] \ud83c\udfc1  Job succeeded\n", "stderr": "", "workflow": {"path": "/tmp/6f521950-45e0-44bb-9ef5-fc93dbe3196b/.github/workflows/tests-crawler.yml", "type": "unittest"}, "workflow_name": "cf2577cb-780b-4029-befe-ad9bb68eb774", "build_tool": "unittest", "elapsed_time": 13.538864135742188, "default_actions": false}]], "strategy": "PASS_PASS", "issues": []}
