{
    "repository": "yaahc/color-eyre",
    "clone_url": "https://github.com/yaahc/color-eyre.git",
    "timestamp": "2023-05-30T09:30:24.307594Z",
    "clone_success": true,
    "number of actions": 1,
    "number_of_test_actions": 1,
    "actions_successful": false,
    "actions_stdout": "[Continuous integration/Test Versions         ] \ud83d\ude80  Start image=crawlergpt:latest\n[Continuous integration/Clippy                ] \ud83d\ude80  Start image=crawlergpt:latest\n[Continuous integration/Rustfmt               ] \ud83d\ude80  Start image=crawlergpt:latest\n[Continuous integration/Test Features         ] \ud83d\ude80  Start image=crawlergpt:latest\n[Continuous integration/Check                 ] \ud83d\ude80  Start image=crawlergpt:latest\n[Continuous integration/Test Operating Systems] \ud83d\ude80  Start image=crawlergpt:latest\n[Continuous integration/Test Versions         ]   \ud83d\udc33  docker pull image=crawlergpt:latest platform= username= forcePull=false\n[Continuous integration/Clippy                ]   \ud83d\udc33  docker pull image=crawlergpt:latest platform= username= forcePull=false\n[Continuous integration/Rustfmt               ]   \ud83d\udc33  docker pull image=crawlergpt:latest platform= username= forcePull=false\n[Continuous integration/Test Operating Systems]   \ud83d\udc33  docker pull image=crawlergpt:latest platform= username= forcePull=false\n[Continuous integration/Check                 ]   \ud83d\udc33  docker pull image=crawlergpt:latest platform= username= forcePull=false\n[Continuous integration/Test Features         ]   \ud83d\udc33  docker pull image=crawlergpt:latest platform= username= forcePull=false\n[Continuous integration/Test Features         ]   \ud83d\udc33  docker create image=crawlergpt:latest platform= entrypoint=[\"tail\" \"-f\" \"/dev/null\"] cmd=[]\n[Continuous integration/Test Versions         ]   \ud83d\udc33  docker create image=crawlergpt:latest platform= entrypoint=[\"tail\" \"-f\" \"/dev/null\"] cmd=[]\n[Continuous integration/Test Operating Systems]   \ud83d\udc33  docker create image=crawlergpt:latest platform= entrypoint=[\"tail\" \"-f\" \"/dev/null\"] cmd=[]\n[Continuous integration/Rustfmt               ] failed to remove container: Error response from daemon: removal of container 847387df5e5e7dbec1b4242536fe189792e02ef12b262165602dd55ed0b2db47 is already in progress\n[Continuous integration/Clippy                ]   \ud83d\udc33  docker create image=crawlergpt:latest platform= entrypoint=[\"tail\" \"-f\" \"/dev/null\"] cmd=[]\n[Continuous integration/Check                 ]   \ud83d\udc33  docker create image=crawlergpt:latest platform= entrypoint=[\"tail\" \"-f\" \"/dev/null\"] cmd=[]\n[Continuous integration/Test Operating Systems]   \ud83d\udc33  docker run image=crawlergpt:latest platform= entrypoint=[\"tail\" \"-f\" \"/dev/null\"] cmd=[]\n[Continuous integration/Test Versions         ]   \ud83d\udc33  docker run image=crawlergpt:latest platform= entrypoint=[\"tail\" \"-f\" \"/dev/null\"] cmd=[]\n[Continuous integration/Test Features         ]   \ud83d\udc33  docker run image=crawlergpt:latest platform= entrypoint=[\"tail\" \"-f\" \"/dev/null\"] cmd=[]\n[Continuous integration/Clippy                ]   \ud83d\udc33  docker run image=crawlergpt:latest platform= entrypoint=[\"tail\" \"-f\" \"/dev/null\"] cmd=[]\n[Continuous integration/Check                 ]   \ud83d\udc33  docker run image=crawlergpt:latest platform= entrypoint=[\"tail\" \"-f\" \"/dev/null\"] cmd=[]\n[Continuous integration/Test Versions         ]   \ud83d\udc33  docker exec cmd=[chown -R 1012:1000 /tmp/c1e8dd3a-fec2-11ed-a890-af2cc187fc11/yaahc-color-eyre] user=0 workdir=\n[Continuous integration/Test Operating Systems]   \ud83d\udc33  docker exec cmd=[chown -R 1012:1000 /tmp/c1e8dd3a-fec2-11ed-a890-af2cc187fc11/yaahc-color-eyre] user=0 workdir=\n[Continuous integration/Test Features         ]   \ud83d\udc33  docker exec cmd=[chown -R 1012:1000 /tmp/c1e8dd3a-fec2-11ed-a890-af2cc187fc11/yaahc-color-eyre] user=0 workdir=\n[Continuous integration/Test Operating Systems]   \u2601  git clone 'https://github.com/actions-rs/toolchain' # ref=v1\n[Continuous integration/Test Features         ]   \u2601  git clone 'https://github.com/actions-rs/toolchain' # ref=v1\n[Continuous integration/Test Versions         ]   \u2601  git clone 'https://github.com/actions-rs/toolchain' # ref=v1\n[Continuous integration/Test Operating Systems]   \u2601  git clone 'https://github.com/actions-rs/cargo' # ref=v1\n[Continuous integration/Test Features         ]   \u2601  git clone 'https://github.com/actions-rs/cargo' # ref=v1\n[Continuous integration/Test Versions         ]   \u2601  git clone 'https://github.com/actions-rs/cargo' # ref=v1\n[Continuous integration/Test Operating Systems] \ud83e\uddea  Matrix: map[os:ubuntu-latest]\n[Continuous integration/Test Features         ] \ud83e\uddea  Matrix: map[features:<nil>]\n[Continuous integration/Test Operating Systems] \u2b50 Run Main actions/checkout@v1\n[Continuous integration/Test Features         ] \u2b50 Run Main actions/checkout@v1\n[Continuous integration/Test Versions         ] \ud83e\uddea  Matrix: map[rust:stable target:x86_64-unknown-linux-gnu]\n[Continuous integration/Test Features         ]   \u2705  Success - Main actions/checkout@v1\n[Continuous integration/Test Operating Systems]   \u2705  Success - Main actions/checkout@v1\n[Continuous integration/Test Versions         ] \u2b50 Run Main actions/checkout@v1\n[Continuous integration/Test Versions         ]   \u2705  Success - Main actions/checkout@v1\n[Continuous integration/Test Features         ] \u2b50 Run Main actions-rs/toolchain@v1\n[Continuous integration/Test Operating Systems] \u2b50 Run Main actions-rs/toolchain@v1\n[Continuous integration/Test Versions         ] \u2b50 Run Main actions-rs/toolchain@v1\n[Continuous integration/Test Versions         ]   \ud83d\udc33  docker cp src=/home/andre-silva/.cache/act/actions-rs-toolchain@v1/ dst=/var/run/act/actions/actions-rs-toolchain@v1/\n[Continuous integration/Test Features         ]   \ud83d\udc33  docker cp src=/home/andre-silva/.cache/act/actions-rs-toolchain@v1/ dst=/var/run/act/actions/actions-rs-toolchain@v1/\n[Continuous integration/Test Operating Systems]   \ud83d\udc33  docker cp src=/home/andre-silva/.cache/act/actions-rs-toolchain@v1/ dst=/var/run/act/actions/actions-rs-toolchain@v1/\n[Continuous integration/Test Operating Systems]   \ud83d\udc33  docker exec cmd=[chown -R 1012:1000 /var/run/act/actions/actions-rs-toolchain@v1/] user=0 workdir=\n[Continuous integration/Test Features         ]   \ud83d\udc33  docker exec cmd=[chown -R 1012:1000 /var/run/act/actions/actions-rs-toolchain@v1/] user=0 workdir=\n[Continuous integration/Test Versions         ]   \ud83d\udc33  docker exec cmd=[chown -R 1012:1000 /var/run/act/actions/actions-rs-toolchain@v1/] user=0 workdir=\n[Continuous integration/Test Features         ]   \ud83d\udc33  docker exec cmd=[node /var/run/act/actions/actions-rs-toolchain@v1/dist/index.js] user= workdir=\n[Continuous integration/Test Versions         ]   \ud83d\udc33  docker exec cmd=[node /var/run/act/actions/actions-rs-toolchain@v1/dist/index.js] user= workdir=\n[Continuous integration/Test Operating Systems]   \ud83d\udc33  docker exec cmd=[node /var/run/act/actions/actions-rs-toolchain@v1/dist/index.js] user= workdir=\n[Continuous integration/Test Features         ]   \ud83d\udcac  ::debug::using toolchain from input: stable\n[Continuous integration/Test Features         ]   \ud83d\udcac  ::debug::Unable to find \"rustup\" executable, installing it now. Reason: Error: Unable to locate executable file: rustup. Please verify either the file path exists or the file can be found within a directory specified by the PATH environment variable. Also check the file mode to verify the file is executable.\n[Continuous integration/Test Features         ]   \ud83d\udcac  ::debug::Downloading https://sh.rustup.rs\n[Continuous integration/Test Features         ]   \ud83d\udcac  ::debug::Destination /tmp/0f28c7a7-9f8e-4767-b1c9-4e06cbecac08\n[Continuous integration/Test Features         ]   \ud83d\udcac  ::debug::download complete\n[Continuous integration/Test Features         ]   \ud83d\udcac  ::debug::Executing chmod 755 on the /tmp/0f28c7a7-9f8e-4767-b1c9-4e06cbecac08\n[Continuous integration/Test Features         ]   | [command]/tmp/0f28c7a7-9f8e-4767-b1c9-4e06cbecac08 --default-toolchain none -y\n[Continuous integration/Test Versions         ]   \ud83d\udcac  ::debug::using toolchain from input: stable\n[Continuous integration/Test Versions         ]   \ud83d\udcac  ::debug::Unable to find \"rustup\" executable, installing it now. Reason: Error: Unable to locate executable file: rustup. Please verify either the file path exists or the file can be found within a directory specified by the PATH environment variable. Also check the file mode to verify the file is executable.\n[Continuous integration/Test Versions         ]   \ud83d\udcac  ::debug::Downloading https://sh.rustup.rs\n[Continuous integration/Test Versions         ]   \ud83d\udcac  ::debug::Destination /tmp/0a6590e1-3981-4004-9dc2-23273967af33\n[Continuous integration/Test Operating Systems]   \ud83d\udcac  ::debug::using toolchain from input: stable\n[Continuous integration/Test Operating Systems]   \ud83d\udcac  ::debug::Unable to find \"rustup\" executable, installing it now. Reason: Error: Unable to locate executable file: rustup. Please verify either the file path exists or the file can be found within a directory specified by the PATH environment variable. Also check the file mode to verify the file is executable.\n[Continuous integration/Test Operating Systems]   \ud83d\udcac  ::debug::Downloading https://sh.rustup.rs\n[Continuous integration/Test Operating Systems]   \ud83d\udcac  ::debug::Destination /tmp/5144c019-4976-43d8-805e-628e39dbf709\n[Continuous integration/Test Features         ]   | info: downloading installer\n[Continuous integration/Test Versions         ]   \ud83d\udcac  ::debug::download complete\n[Continuous integration/Test Versions         ]   \ud83d\udcac  ::debug::Executing chmod 755 on the /tmp/0a6590e1-3981-4004-9dc2-23273967af33\n[Continuous integration/Test Versions         ]   | [command]/tmp/0a6590e1-3981-4004-9dc2-23273967af33 --default-toolchain none -y\n[Continuous integration/Test Operating Systems]   \ud83d\udcac  ::debug::download complete\n[Continuous integration/Test Operating Systems]   \ud83d\udcac  ::debug::Executing chmod 755 on the /tmp/5144c019-4976-43d8-805e-628e39dbf709\n[Continuous integration/Test Operating Systems]   | [command]/tmp/5144c019-4976-43d8-805e-628e39dbf709 --default-toolchain none -y\n[Continuous integration/Test Versions         ]   | info: downloading installer\n[Continuous integration/Test Operating Systems]   | info: downloading installer\n[Continuous integration/Test Features         ]   | info: profile set to 'default'\n[Continuous integration/Test Features         ]   | info: default host triple is x86_64-unknown-linux-gnu\n[Continuous integration/Test Features         ]   | info: skipping toolchain installation\n[Continuous integration/Test Features         ]   | \n[Continuous integration/Test Features         ]   | \n[Continuous integration/Test Features         ]   | Rust is installed now. Great!\n[Continuous integration/Test Features         ]   | \n[Continuous integration/Test Features         ]   | To get started you may need to restart your current shell.\n[Continuous integration/Test Features         ]   | This would reload your PATH environment variable to include\n[Continuous integration/Test Features         ]   | Cargo's bin directory ($HOME/.cargo/bin).\n[Continuous integration/Test Features         ]   | \n[Continuous integration/Test Features         ]   | To configure your current shell, run:\n[Continuous integration/Test Features         ]   | source \"$HOME/.cargo/env\"\n[Continuous integration/Test Features         ]   | [command]/home/runneradmin/.cargo/bin/rustup show\n[Continuous integration/Test Features         ]   | Default host: x86_64-unknown-linux-gnu\n[Continuous integration/Test Features         ]   | rustup home:  /home/runneradmin/.rustup\n[Continuous integration/Test Features         ]   | \n[Continuous integration/Test Features         ]   | no active toolchain\n[Continuous integration/Test Features         ]   | [command]/home/runneradmin/.cargo/bin/rustup toolchain install stable\n[Continuous integration/Test Features         ]   | info: syncing channel updates for 'stable-x86_64-unknown-linux-gnu'\n[Continuous integration/Test Features         ]   | info: latest update on 2023-04-20, rust version 1.69.0 (84c898d65 2023-04-16)\n[Continuous integration/Test Features         ]   | info: downloading component 'cargo'\n[Continuous integration/Test Features         ]   | info: downloading component 'clippy'\n[Continuous integration/Test Features         ]   | info: downloading component 'rust-docs'\n[Continuous integration/Test Features         ]   | info: downloading component 'rust-std'\n[Continuous integration/Test Features         ]   | info: downloading component 'rustc'\n[Continuous integration/Test Features         ]   | info: downloading component 'rustfmt'\n[Continuous integration/Test Features         ]   | info: installing component 'cargo'\n[Continuous integration/Test Features         ]   | info: installing component 'clippy'\n[Continuous integration/Test Features         ]   | info: installing component 'rust-docs'\n[Continuous integration/Test Operating Systems]   | info: profile set to 'default'\n[Continuous integration/Test Operating Systems]   | info: default host triple is x86_64-unknown-linux-gnu\n[Continuous integration/Test Operating Systems]   | info: skipping toolchain installation\n[Continuous integration/Test Operating Systems]   | \n[Continuous integration/Test Operating Systems]   | \n[Continuous integration/Test Operating Systems]   | Rust is installed now. Great!\n[Continuous integration/Test Operating Systems]   | \n[Continuous integration/Test Operating Systems]   | To get started you may need to restart your current shell.\n[Continuous integration/Test Operating Systems]   | This would reload your PATH environment variable to include\n[Continuous integration/Test Operating Systems]   | Cargo's bin directory ($HOME/.cargo/bin).\n[Continuous integration/Test Operating Systems]   | \n[Continuous integration/Test Operating Systems]   | To configure your current shell, run:\n[Continuous integration/Test Operating Systems]   | source \"$HOME/.cargo/env\"\n[Continuous integration/Test Operating Systems]   | [command]/home/runneradmin/.cargo/bin/rustup show\n[Continuous integration/Test Operating Systems]   | Default host: x86_64-unknown-linux-gnu\n[Continuous integration/Test Operating Systems]   | rustup home:  /home/runneradmin/.rustup\n[Continuous integration/Test Operating Systems]   | \n[Continuous integration/Test Operating Systems]   | no active toolchain\n[Continuous integration/Test Operating Systems]   | [command]/home/runneradmin/.cargo/bin/rustup -V\n[Continuous integration/Test Operating Systems]   | rustup 1.26.0 (5af9b9484 2023-04-05)\n[Continuous integration/Test Operating Systems]   | info: This is the version for the rustup toolchain manager, not the rustc compiler.\n[Continuous integration/Test Operating Systems]   | Installed rustup 1.26.0 support profiles\n[Continuous integration/Test Operating Systems]   | [command]/home/runneradmin/.cargo/bin/rustup set profile minimal\n[Continuous integration/Test Operating Systems]   | info: profile set to 'minimal'\n[Continuous integration/Test Versions         ]   | info: profile set to 'default'\n[Continuous integration/Test Versions         ]   | info: default host triple is x86_64-unknown-linux-gnu\n[Continuous integration/Test Versions         ]   | info: skipping toolchain installation\n[Continuous integration/Test Versions         ]   | \n[Continuous integration/Test Versions         ]   | \n[Continuous integration/Test Versions         ]   | Rust is installed now. Great!\n[Continuous integration/Test Versions         ]   | \n[Continuous integration/Test Versions         ]   | To get started you may need to restart your current shell.\n[Continuous integration/Test Versions         ]   | This would reload your PATH environment variable to include\n[Continuous integration/Test Versions         ]   | Cargo's bin directory ($HOME/.cargo/bin).\n[Continuous integration/Test Versions         ]   | \n[Continuous integration/Test Versions         ]   | To configure your current shell, run:\n[Continuous integration/Test Versions         ]   | source \"$HOME/.cargo/env\"\n[Continuous integration/Test Operating Systems]   | [command]/home/runneradmin/.cargo/bin/rustup toolchain install stable\n[Continuous integration/Test Operating Systems]   | info: syncing channel updates for 'stable-x86_64-unknown-linux-gnu'\n[Continuous integration/Test Versions         ]   | [command]/home/runneradmin/.cargo/bin/rustup show\n[Continuous integration/Test Versions         ]   | Default host: x86_64-unknown-linux-gnu\n[Continuous integration/Test Versions         ]   | rustup home:  /home/runneradmin/.rustup\n[Continuous integration/Test Versions         ]   | \n[Continuous integration/Test Versions         ]   | no active toolchain\n[Continuous integration/Test Versions         ]   | [command]/home/runneradmin/.cargo/bin/rustup toolchain install stable\n[Continuous integration/Test Versions         ]   | info: syncing channel updates for 'stable-x86_64-unknown-linux-gnu'\n[Continuous integration/Test Operating Systems]   | info: latest update on 2023-04-20, rust version 1.69.0 (84c898d65 2023-04-16)\n[Continuous integration/Test Operating Systems]   | info: downloading component 'cargo'\n[Continuous integration/Test Features         ]   | info: installing component 'rust-std'\n[Continuous integration/Test Operating Systems]   | info: downloading component 'rust-std'\n[Continuous integration/Test Operating Systems]   | info: downloading component 'rustc'\n[Continuous integration/Test Operating Systems]   | info: installing component 'cargo'\n[Continuous integration/Test Features         ]   | info: installing component 'rustc'\n[Continuous integration/Test Versions         ]   | info: latest update on 2023-04-20, rust version 1.69.0 (84c898d65 2023-04-16)\n[Continuous integration/Test Versions         ]   | info: downloading component 'cargo'\n[Continuous integration/Test Operating Systems]   | info: installing component 'rust-std'\n[Continuous integration/Test Versions         ]   | info: downloading component 'clippy'\n[Continuous integration/Test Versions         ]   | info: downloading component 'rust-docs'\n[Continuous integration/Test Versions         ]   | info: downloading component 'rust-std'\n[Continuous integration/Test Versions         ]   | info: downloading component 'rustc'\n[Continuous integration/Test Versions         ]   | info: downloading component 'rustfmt'\n[Continuous integration/Test Versions         ]   | info: installing component 'cargo'\n[Continuous integration/Test Versions         ]   | info: installing component 'clippy'\n[Continuous integration/Test Operating Systems]   | info: installing component 'rustc'\n[Continuous integration/Test Versions         ]   | info: installing component 'rust-docs'\n[Continuous integration/Test Features         ]   | info: installing component 'rustfmt'\n[Continuous integration/Test Features         ]   | \n[Continuous integration/Test Features         ]   |   stable-x86_64-unknown-linux-gnu installed - rustc 1.69.0 (84c898d65 2023-04-16)\n[Continuous integration/Test Features         ]   | \n[Continuous integration/Test Features         ]   | info: default toolchain set to 'stable-x86_64-unknown-linux-gnu'\n[Continuous integration/Test Features         ]   | info: checking for self-update\n[Continuous integration/Test Features         ]   | [command]/home/runneradmin/.cargo/bin/rustup override set stable\n[Continuous integration/Test Features         ]   | info: using existing install for 'stable-x86_64-unknown-linux-gnu'\n[Continuous integration/Test Features         ]   | info: override toolchain for '/tmp/c1e8dd3a-fec2-11ed-a890-af2cc187fc11/yaahc-color-eyre' set to 'stable-x86_64-unknown-linux-gnu'\n[Continuous integration/Test Features         ]   | \n[Continuous integration/Test Features         ]   |   stable-x86_64-unknown-linux-gnu unchanged - rustc 1.69.0 (84c898d65 2023-04-16)\n[Continuous integration/Test Features         ]   | \n[Continuous integration/Test Features         ]   \u2753  ::group::Gathering installed versions\n[Continuous integration/Test Features         ]   | [command]/home/runneradmin/.cargo/bin/rustc -V\n[Continuous integration/Test Features         ]   | rustc 1.69.0 (84c898d65 2023-04-16)\n[Continuous integration/Test Features         ]   \u2699  ::set-output:: rustc=1.69.0 (84c898d65 2023-04-16)\n[Continuous integration/Test Features         ]   \u2699  ::set-output:: rustc_hash=84c898d65\n[Continuous integration/Test Features         ]   | [command]/home/runneradmin/.cargo/bin/cargo -V\n[Continuous integration/Test Features         ]   | cargo 1.69.0 (6e9a83356 2023-04-12)\n[Continuous integration/Test Features         ]   \u2699  ::set-output:: cargo=1.69.0 (6e9a83356 2023-04-12)\n[Continuous integration/Test Features         ]   | [command]/home/runneradmin/.cargo/bin/rustup -V\n[Continuous integration/Test Features         ]   | rustup 1.26.0 (5af9b9484 2023-04-05)\n[Continuous integration/Test Features         ]   | info: This is the version for the rustup toolchain manager, not the rustc compiler.\n[Continuous integration/Test Versions         ]   | info: installing component 'rust-std'\n[Continuous integration/Test Features         ]   | info: The currently active `rustc` version is `rustc 1.69.0 (84c898d65 2023-04-16)`\n[Continuous integration/Test Features         ]   \u2699  ::set-output:: rustup=1.26.0 (5af9b9484 2023-04-05)\n[Continuous integration/Test Features         ]   \u2753  ::endgroup::\n[Continuous integration/Test Features         ]   \u2705  Success - Main actions-rs/toolchain@v1\n[Continuous integration/Test Features         ]   \u2699  ::add-path:: /home/runneradmin/.cargo/bin\n[Continuous integration/Test Features         ] \u2b50 Run Main actions-rs/cargo@v1\n[Continuous integration/Test Features         ]   \ud83d\udc33  docker cp src=/home/andre-silva/.cache/act/actions-rs-cargo@v1/ dst=/var/run/act/actions/actions-rs-cargo@v1/\n[Continuous integration/Test Features         ]   \ud83d\udc33  docker exec cmd=[chown -R 1012:1000 /var/run/act/actions/actions-rs-cargo@v1/] user=0 workdir=\n[Continuous integration/Test Versions         ]   | info: installing component 'rustc'\n[Continuous integration/Test Operating Systems]   | \n[Continuous integration/Test Operating Systems]   |   stable-x86_64-unknown-linux-gnu installed - rustc 1.69.0 (84c898d65 2023-04-16)\n[Continuous integration/Test Operating Systems]   | \n[Continuous integration/Test Operating Systems]   | info: default toolchain set to 'stable-x86_64-unknown-linux-gnu'\n[Continuous integration/Test Operating Systems]   | info: checking for self-update\n[Continuous integration/Test Operating Systems]   | [command]/home/runneradmin/.cargo/bin/rustup override set stable\n[Continuous integration/Test Operating Systems]   | info: using existing install for 'stable-x86_64-unknown-linux-gnu'\n[Continuous integration/Test Operating Systems]   | info: override toolchain for '/tmp/c1e8dd3a-fec2-11ed-a890-af2cc187fc11/yaahc-color-eyre' set to 'stable-x86_64-unknown-linux-gnu'\n[Continuous integration/Test Operating Systems]   | \n[Continuous integration/Test Operating Systems]   |   stable-x86_64-unknown-linux-gnu unchanged - rustc 1.69.0 (84c898d65 2023-04-16)\n[Continuous integration/Test Operating Systems]   | \n[Continuous integration/Test Operating Systems]   \u2753  ::group::Gathering installed versions\n[Continuous integration/Test Operating Systems]   | [command]/home/runneradmin/.cargo/bin/rustc -V\n[Continuous integration/Test Operating Systems]   | rustc 1.69.0 (84c898d65 2023-04-16)\n[Continuous integration/Test Operating Systems]   \u2699  ::set-output:: rustc=1.69.0 (84c898d65 2023-04-16)\n[Continuous integration/Test Operating Systems]   \u2699  ::set-output:: rustc_hash=84c898d65\n[Continuous integration/Test Operating Systems]   | [command]/home/runneradmin/.cargo/bin/cargo -V\n[Continuous integration/Test Operating Systems]   | cargo 1.69.0 (6e9a83356 2023-04-12)\n[Continuous integration/Test Operating Systems]   \u2699  ::set-output:: cargo=1.69.0 (6e9a83356 2023-04-12)\n[Continuous integration/Test Operating Systems]   | [command]/home/runneradmin/.cargo/bin/rustup -V\n[Continuous integration/Test Operating Systems]   | rustup 1.26.0 (5af9b9484 2023-04-05)\n[Continuous integration/Test Operating Systems]   | info: This is the version for the rustup toolchain manager, not the rustc compiler.\n[Continuous integration/Test Operating Systems]   | info: The currently active `rustc` version is `rustc 1.69.0 (84c898d65 2023-04-16)`\n[Continuous integration/Test Operating Systems]   \u2699  ::set-output:: rustup=1.26.0 (5af9b9484 2023-04-05)\n[Continuous integration/Test Operating Systems]   \u2753  ::endgroup::\n[Continuous integration/Test Operating Systems]   \u2705  Success - Main actions-rs/toolchain@v1\n[Continuous integration/Test Operating Systems]   \u2699  ::add-path:: /home/runneradmin/.cargo/bin\n[Continuous integration/Test Operating Systems] \u2b50 Run Main actions-rs/cargo@v1\n[Continuous integration/Test Operating Systems]   \ud83d\udc33  docker cp src=/home/andre-silva/.cache/act/actions-rs-cargo@v1/ dst=/var/run/act/actions/actions-rs-cargo@v1/\n[Continuous integration/Test Operating Systems]   \ud83d\udc33  docker exec cmd=[chown -R 1012:1000 /var/run/act/actions/actions-rs-cargo@v1/] user=0 workdir=\n[Continuous integration/Test Versions         ]   | info: installing component 'rustfmt'\n[Continuous integration/Test Versions         ]   | \n[Continuous integration/Test Versions         ]   |   stable-x86_64-unknown-linux-gnu installed - rustc 1.69.0 (84c898d65 2023-04-16)\n[Continuous integration/Test Versions         ]   | \n[Continuous integration/Test Versions         ]   | info: default toolchain set to 'stable-x86_64-unknown-linux-gnu'\n[Continuous integration/Test Versions         ]   | info: checking for self-update\n[Continuous integration/Test Versions         ]   | [command]/home/runneradmin/.cargo/bin/rustup override set stable\n[Continuous integration/Test Versions         ]   | info: using existing install for 'stable-x86_64-unknown-linux-gnu'\n[Continuous integration/Test Versions         ]   | info: override toolchain for '/tmp/c1e8dd3a-fec2-11ed-a890-af2cc187fc11/yaahc-color-eyre' set to 'stable-x86_64-unknown-linux-gnu'\n[Continuous integration/Test Versions         ]   | \n[Continuous integration/Test Versions         ]   |   stable-x86_64-unknown-linux-gnu unchanged - rustc 1.69.0 (84c898d65 2023-04-16)\n[Continuous integration/Test Versions         ]   | \n[Continuous integration/Test Versions         ]   | [command]/home/runneradmin/.cargo/bin/rustup target add --toolchain stable x86_64-unknown-linux-gnu\n[Continuous integration/Test Versions         ]   | info: component 'rust-std' for target 'x86_64-unknown-linux-gnu' is up to date\n[Continuous integration/Test Versions         ]   \u2753  ::group::Gathering installed versions\n[Continuous integration/Test Versions         ]   | [command]/home/runneradmin/.cargo/bin/rustc -V\n[Continuous integration/Test Versions         ]   | rustc 1.69.0 (84c898d65 2023-04-16)\n[Continuous integration/Test Versions         ]   \u2699  ::set-output:: rustc=1.69.0 (84c898d65 2023-04-16)\n[Continuous integration/Test Versions         ]   \u2699  ::set-output:: rustc_hash=84c898d65\n[Continuous integration/Test Versions         ]   | [command]/home/runneradmin/.cargo/bin/cargo -V\n[Continuous integration/Test Versions         ]   | cargo 1.69.0 (6e9a83356 2023-04-12)\n[Continuous integration/Test Versions         ]   \u2699  ::set-output:: cargo=1.69.0 (6e9a83356 2023-04-12)\n[Continuous integration/Test Versions         ]   | [command]/home/runneradmin/.cargo/bin/rustup -V\n[Continuous integration/Test Versions         ]   | rustup 1.26.0 (5af9b9484 2023-04-05)\n[Continuous integration/Test Versions         ]   | info: This is the version for the rustup toolchain manager, not the rustc compiler.\n[Continuous integration/Test Versions         ]   | info: The currently active `rustc` version is `rustc 1.69.0 (84c898d65 2023-04-16)`\n[Continuous integration/Test Versions         ]   \u2699  ::set-output:: rustup=1.26.0 (5af9b9484 2023-04-05)\n[Continuous integration/Test Versions         ]   \u2753  ::endgroup::\n[Continuous integration/Test Versions         ]   \u2705  Success - Main actions-rs/toolchain@v1\n[Continuous integration/Test Versions         ]   \u2699  ::add-path:: /home/runneradmin/.cargo/bin\n[Continuous integration/Test Versions         ] \u2b50 Run Main actions-rs/cargo@v1\n[Continuous integration/Test Versions         ]   \ud83d\udc33  docker cp src=/home/andre-silva/.cache/act/actions-rs-cargo@v1/ dst=/var/run/act/actions/actions-rs-cargo@v1/\n[Continuous integration/Test Versions         ]   \ud83d\udc33  docker exec cmd=[chown -R 1012:1000 /var/run/act/actions/actions-rs-cargo@v1/] user=0 workdir=\n[Continuous integration/Test Features         ]   \ud83d\udc33  docker exec cmd=[node /var/run/act/actions/actions-rs-cargo@v1/dist/index.js] user= workdir=\n[Continuous integration/Test Operating Systems]   \ud83d\udc33  docker exec cmd=[node /var/run/act/actions/actions-rs-cargo@v1/dist/index.js] user= workdir=\n[Continuous integration/Test Versions         ]   \ud83d\udc33  docker exec cmd=[node /var/run/act/actions/actions-rs-cargo@v1/dist/index.js] user= workdir=\n[Continuous integration/Test Versions         ]   \u2753 add-matcher /run/act/actions/actions-rs-cargo@v1/dist/.matchers/rust.json\n[Continuous integration/Test Versions         ]   | [command]/home/runneradmin/.cargo/bin/cargo +stable test\n[Continuous integration/Test Operating Systems]   \u2753 add-matcher /run/act/actions/actions-rs-cargo@v1/dist/.matchers/rust.json\n[Continuous integration/Test Operating Systems]   | [command]/home/runneradmin/.cargo/bin/cargo test\n[Continuous integration/Test Features         ]   \u2753 add-matcher /run/act/actions/actions-rs-cargo@v1/dist/.matchers/rust.json\n[Continuous integration/Test Features         ]   | [command]/home/runneradmin/.cargo/bin/cargo test\n[Continuous integration/Test Versions         ]   |     Updating crates.io index\n[Continuous integration/Test Operating Systems]   |     Updating crates.io index\n[Continuous integration/Test Features         ]   |     Updating crates.io index\n[Continuous integration/Test Operating Systems]   |  Downloading crates ...\n[Continuous integration/Test Operating Systems]   |   Downloaded as-slice v0.1.5\n[Continuous integration/Test Operating Systems]   |   Downloaded tracing v0.1.37\n[Continuous integration/Test Operating Systems]   |   Downloaded miniz_oxide v0.6.2\n[Continuous integration/Test Operating Systems]   |   Downloaded diff v0.1.13\n[Continuous integration/Test Operating Systems]   |   Downloaded memchr v2.5.0\n[Continuous integration/Test Operating Systems]   |   Downloaded stable_deref_trait v1.2.0\n[Continuous integration/Test Operating Systems]   |   Downloaded version_check v0.9.4\n[Continuous integration/Test Operating Systems]   |   Downloaded pretty_assertions v1.3.0\n[Continuous integration/Test Operating Systems]   |   Downloaded version_check v0.1.5\n[Continuous integration/Test Operating Systems]   |   Downloaded overload v0.1.1\n[Continuous integration/Test Operating Systems]   |   Downloaded matchers v0.1.0\n[Continuous integration/Test Operating Systems]   |   Downloaded color-spantrace v0.2.0\n[Continuous integration/Test Operating Systems]   |   Downloaded tracing-core v0.1.31\n[Continuous integration/Test Operating Systems]   |   Downloaded nom v4.2.3\n[Continuous integration/Test Operating Systems]   |   Downloaded libc v0.2.144\n[Continuous integration/Test Operating Systems]   |   Downloaded tracing-error v0.2.0\n[Continuous integration/Test Operating Systems]   |   Downloaded yansi v0.5.1\n[Continuous integration/Test Operating Systems]   |   Downloaded rustc-demangle v0.1.23\n[Continuous integration/Test Operating Systems]   |   Downloaded tracing-subscriber v0.3.17\n[Continuous integration/Test Operating Systems]   |   Downloaded owo-colors v3.5.0\n[Continuous integration/Test Operating Systems]   |   Downloaded object v0.30.3\n[Continuous integration/Test Operating Systems]   |   Downloaded gimli v0.27.2\n[Continuous integration/Test Operating Systems]   |   Downloaded ansi-parser v0.8.0\n[Continuous integration/Test Operating Systems]   |   Downloaded addr2line v0.19.0\n[Continuous integration/Test Operating Systems]   |   Downloaded generic-array v0.12.4\n[Continuous integration/Test Operating Systems]   |   Downloaded generic-array v0.13.3\n[Continuous integration/Test Operating Systems]   |   Downloaded tracing-attributes v0.1.24\n[Continuous integration/Test Operating Systems]   |   Downloaded backtrace v0.3.67\n[Continuous integration/Test Operating Systems]   |   Downloaded hash32 v0.1.1\n[Continuous integration/Test Operating Systems]   |   Downloaded typenum v1.16.0\n[Continuous integration/Test Operating Systems]   |   Downloaded sharded-slab v0.1.4\n[Continuous integration/Test Operating Systems]   |   Downloaded heapless v0.5.6\n[Continuous integration/Test Operating Systems]   |   Downloaded log v0.4.18\n[Continuous integration/Test Operating Systems]   |   Downloaded lazy_static v1.4.0\n[Continuous integration/Test Operating Systems]   |   Downloaded generic-array v0.14.7\n[Continuous integration/Test Operating Systems]   |   Downloaded eyre v0.6.8\n[Continuous integration/Test Operating Systems]   |   Downloaded cfg-if v1.0.0\n[Continuous integration/Test Operating Systems]   |   Downloaded cc v1.0.79\n[Continuous integration/Test Operating Systems]   |   Downloaded byteorder v1.4.3\n[Continuous integration/Test Operating Systems]   |   Downloaded adler v1.0.2\n[Continuous integration/Test Operating Systems]   |   Downloaded unicode-ident v1.0.9\n[Continuous integration/Test Operating Systems]   |   Downloaded tracing-log v0.1.3\n[Continuous integration/Test Operating Systems]   |   Downloaded thread_local v1.1.7\n[Continuous integration/Test Operating Systems]   |   Downloaded thiserror-impl v1.0.40\n[Continuous integration/Test Operating Systems]   |   Downloaded thiserror v1.0.40\n[Continuous integration/Test Operating Systems]   |   Downloaded syn v2.0.18\n[Continuous integration/Test Operating Systems]   |   Downloaded smallvec v1.10.0\n[Continuous integration/Test Operating Systems]   |   Downloaded regex-syntax v0.7.2\n[Continuous integration/Test Operating Systems]   |   Downloaded regex-syntax v0.6.29\n[Continuous integration/Test Operating Systems]   |   Downloaded regex-automata v0.1.10\n[Continuous integration/Test Operating Systems]   |   Downloaded regex v1.8.3\n[Continuous integration/Test Operating Systems]   |   Downloaded quote v1.0.28\n[Continuous integration/Test Operating Systems]   |   Downloaded proc-macro2 v1.0.59\n[Continuous integration/Test Operating Systems]   |   Downloaded pin-project-lite v0.2.9\n[Continuous integration/Test Operating Systems]   |   Downloaded once_cell v1.17.2\n[Continuous integration/Test Operating Systems]   |   Downloaded nu-ansi-term v0.46.0\n[Continuous integration/Test Operating Systems]   |   Downloaded indenter v0.3.3\n[Continuous integration/Test Operating Systems]   |    Compiling proc-macro2 v1.0.59\n[Continuous integration/Test Operating Systems]   |    Compiling unicode-ident v1.0.9\n[Continuous integration/Test Operating Systems]   |    Compiling quote v1.0.28\n[Continuous integration/Test Operating Systems]   |    Compiling once_cell v1.17.2\n[Continuous integration/Test Operating Systems]   |    Compiling typenum v1.16.0\n[Continuous integration/Test Operating Systems]   |    Compiling memchr v2.5.0\n[Continuous integration/Test Operating Systems]   |    Compiling cfg-if v1.0.0\n[Continuous integration/Test Operating Systems]   |    Compiling log v0.4.18\n[Continuous integration/Test Operating Systems]   |    Compiling regex-syntax v0.6.29\n[Continuous integration/Test Operating Systems]   |    Compiling lazy_static v1.4.0\n[Continuous integration/Test Operating Systems]   |    Compiling version_check v0.9.4\n[Continuous integration/Test Operating Systems]   |    Compiling regex-syntax v0.7.2\n[Continuous integration/Test Operating Systems]   |    Compiling overload v0.1.1\n[Continuous integration/Test Operating Systems]   |    Compiling pin-project-lite v0.2.9\n[Continuous integration/Test Operating Systems]   |    Compiling version_check v0.1.5\n[Continuous integration/Test Operating Systems]   |    Compiling smallvec v1.10.0\n[Continuous integration/Test Operating Systems]   |    Compiling cc v1.0.79\n[Continuous integration/Test Operating Systems]   |    Compiling libc v0.2.144\n[Continuous integration/Test Operating Systems]   |    Compiling stable_deref_trait v1.2.0\n[Continuous integration/Test Operating Systems]   |    Compiling adler v1.0.2\n[Continuous integration/Test Operating Systems]   |    Compiling heapless v0.5.6\n[Continuous integration/Test Operating Systems]   |    Compiling gimli v0.27.2\n[Continuous integration/Test Operating Systems]   |    Compiling byteorder v1.4.3\n[Continuous integration/Test Operating Systems]   |    Compiling eyre v0.6.8\n[Continuous integration/Test Operating Systems]   |    Compiling thiserror v1.0.40\n[Continuous integration/Test Operating Systems]   |    Compiling owo-colors v3.5.0\n[Continuous integration/Test Operating Systems]   |    Compiling rustc-demangle v0.1.23\n[Continuous integration/Test Operating Systems]   |    Compiling indenter v0.3.3\n[Continuous integration/Test Operating Systems]   |    Compiling yansi v0.5.1\n[Continuous integration/Test Operating Systems]   |    Compiling diff v0.1.13\n[Continuous integration/Test Operating Systems]   |    Compiling sharded-slab v0.1.4\n[Continuous integration/Test Operating Systems]   |    Compiling nu-ansi-term v0.46.0\n[Continuous integration/Test Operating Systems]   |    Compiling miniz_oxide v0.6.2\n[Continuous integration/Test Operating Systems]   |    Compiling tracing-core v0.1.31\n[Continuous integration/Test Operating Systems]   |    Compiling thread_local v1.1.7\n[Continuous integration/Test Operating Systems]   |    Compiling nom v4.2.3\n[Continuous integration/Test Operating Systems]   |    Compiling pretty_assertions v1.3.0\n[Continuous integration/Test Operating Systems]   |    Compiling generic-array v0.14.7\n[Continuous integration/Test Operating Systems]   |    Compiling hash32 v0.1.1\n[Continuous integration/Test Operating Systems]   |    Compiling tracing-log v0.1.3\n[Continuous integration/Test Operating Systems]   |    Compiling backtrace v0.3.67\n[Continuous integration/Test Operating Systems]   |    Compiling object v0.30.3\n[Continuous integration/Test Operating Systems]   |    Compiling syn v2.0.18\n[Continuous integration/Test Operating Systems]   |    Compiling regex v1.8.3\n[Continuous integration/Test Operating Systems]   |    Compiling generic-array v0.12.4\n[Continuous integration/Test Operating Systems]   |    Compiling generic-array v0.13.3\n[Continuous integration/Test Operating Systems]   |    Compiling regex-automata v0.1.10\n[Continuous integration/Test Features         ]   |  Downloading crates ...\n[Continuous integration/Test Operating Systems]   |    Compiling as-slice v0.1.5\n[Continuous integration/Test Operating Systems]   |    Compiling addr2line v0.19.0\n[Continuous integration/Test Features         ]   |   Downloaded adler v1.0.2\n[Continuous integration/Test Features         ]   |   Downloaded as-slice v0.1.5\n[Continuous integration/Test Features         ]   |   Downloaded byteorder v1.4.3\n[Continuous integration/Test Features         ]   |   Downloaded pin-project-lite v0.2.9\n[Continuous integration/Test Features         ]   |   Downloaded addr2line v0.19.0\n[Continuous integration/Test Features         ]   |   Downloaded diff v0.1.13\n[Continuous integration/Test Features         ]   |   Downloaded smallvec v1.10.0\n[Continuous integration/Test Features         ]   |   Downloaded miniz_oxide v0.6.2\n[Continuous integration/Test Features         ]   |   Downloaded generic-array v0.12.4\n[Continuous integration/Test Features         ]   |   Downloaded cfg-if v1.0.0\n[Continuous integration/Test Features         ]   |   Downloaded cc v1.0.79\n[Continuous integration/Test Features         ]   |   Downloaded eyre v0.6.8\n[Continuous integration/Test Features         ]   |   Downloaded regex-automata v0.1.10\n[Continuous integration/Test Features         ]   |   Downloaded tracing-error v0.2.0\n[Continuous integration/Test Features         ]   |   Downloaded version_check v0.1.5\n[Continuous integration/Test Features         ]   |   Downloaded matchers v0.1.0\n[Continuous integration/Test Features         ]   |   Downloaded indenter v0.3.3\n[Continuous integration/Test Features         ]   |   Downloaded version_check v0.9.4\n[Continuous integration/Test Features         ]   |   Downloaded stable_deref_trait v1.2.0\n[Continuous integration/Test Features         ]   |   Downloaded hash32 v0.1.1\n[Continuous integration/Test Features         ]   |   Downloaded thiserror-impl v1.0.40\n[Continuous integration/Test Features         ]   |   Downloaded yansi v0.5.1\n[Continuous integration/Test Features         ]   |   Downloaded thiserror v1.0.40\n[Continuous integration/Test Features         ]   |   Downloaded rustc-demangle v0.1.23\n[Continuous integration/Test Features         ]   |   Downloaded log v0.4.18\n[Continuous integration/Test Features         ]   |   Downloaded tracing-attributes v0.1.24\n[Continuous integration/Test Features         ]   |   Downloaded tracing-log v0.1.3\n[Continuous integration/Test Features         ]   |   Downloaded thread_local v1.1.7\n[Continuous integration/Test Features         ]   |   Downloaded owo-colors v3.5.0\n[Continuous integration/Test Features         ]   |   Downloaded nu-ansi-term v0.46.0\n[Continuous integration/Test Features         ]   |   Downloaded once_cell v1.17.2\n[Continuous integration/Test Features         ]   |   Downloaded generic-array v0.13.3\n[Continuous integration/Test Features         ]   |   Downloaded typenum v1.16.0\n[Continuous integration/Test Features         ]   |   Downloaded lazy_static v1.4.0\n[Continuous integration/Test Features         ]   |   Downloaded generic-array v0.14.7\n[Continuous integration/Test Features         ]   |   Downloaded proc-macro2 v1.0.59\n[Continuous integration/Test Features         ]   |   Downloaded heapless v0.5.6\n[Continuous integration/Test Features         ]   |   Downloaded overload v0.1.1\n[Continuous integration/Test Features         ]   |   Downloaded sharded-slab v0.1.4\n[Continuous integration/Test Features         ]   |   Downloaded tracing v0.1.37\n[Continuous integration/Test Features         ]   |   Downloaded tracing-core v0.1.31\n[Continuous integration/Test Features         ]   |   Downloaded backtrace v0.3.67\n[Continuous integration/Test Features         ]   |   Downloaded pretty_assertions v1.3.0\n[Continuous integration/Test Features         ]   |   Downloaded unicode-ident v1.0.9\n[Continuous integration/Test Features         ]   |   Downloaded color-spantrace v0.2.0\n[Continuous integration/Test Features         ]   |   Downloaded memchr v2.5.0\n[Continuous integration/Test Features         ]   |   Downloaded quote v1.0.28\n[Continuous integration/Test Features         ]   |   Downloaded regex v1.8.3\n[Continuous integration/Test Features         ]   |   Downloaded nom v4.2.3\n[Continuous integration/Test Features         ]   |   Downloaded regex-syntax v0.6.29\n[Continuous integration/Test Features         ]   |   Downloaded tracing-subscriber v0.3.17\n[Continuous integration/Test Features         ]   |   Downloaded syn v2.0.18\n[Continuous integration/Test Features         ]   |   Downloaded object v0.30.3\n[Continuous integration/Test Features         ]   |   Downloaded regex-syntax v0.7.2\n[Continuous integration/Test Features         ]   |   Downloaded libc v0.2.144\n[Continuous integration/Test Operating Systems]   |    Compiling matchers v0.1.0\n[Continuous integration/Test Features         ]   |   Downloaded gimli v0.27.2\n[Continuous integration/Test Features         ]   |   Downloaded ansi-parser v0.8.0\n[Continuous integration/Test Versions         ]   |  Downloading crates ...\n[Continuous integration/Test Features         ]   |     Blocking waiting for file lock on build directory\n[Continuous integration/Test Versions         ]   |   Downloaded diff v0.1.13\n[Continuous integration/Test Versions         ]   |   Downloaded hash32 v0.1.1\n[Continuous integration/Test Versions         ]   |   Downloaded lazy_static v1.4.0\n[Continuous integration/Test Versions         ]   |   Downloaded matchers v0.1.0\n[Continuous integration/Test Versions         ]   |   Downloaded generic-array v0.14.7\n[Continuous integration/Test Versions         ]   |   Downloaded addr2line v0.19.0\n[Continuous integration/Test Operating Systems]   |    Compiling ansi-parser v0.8.0\n[Continuous integration/Test Versions         ]   |   Downloaded eyre v0.6.8\n[Continuous integration/Test Versions         ]   |   Downloaded stable_deref_trait v1.2.0\n[Continuous integration/Test Versions         ]   |   Downloaded thread_local v1.1.7\n[Continuous integration/Test Versions         ]   |   Downloaded thiserror-impl v1.0.40\n[Continuous integration/Test Versions         ]   |   Downloaded owo-colors v3.5.0\n[Continuous integration/Test Versions         ]   |   Downloaded ansi-parser v0.8.0\n[Continuous integration/Test Versions         ]   |   Downloaded adler v1.0.2\n[Continuous integration/Test Versions         ]   |   Downloaded generic-array v0.12.4\n[Continuous integration/Test Versions         ]   |   Downloaded thiserror v1.0.40\n[Continuous integration/Test Versions         ]   |   Downloaded pin-project-lite v0.2.9\n[Continuous integration/Test Versions         ]   |   Downloaded version_check v0.9.4\n[Continuous integration/Test Versions         ]   |   Downloaded smallvec v1.10.0\n[Continuous integration/Test Versions         ]   |   Downloaded tracing-error v0.2.0\n[Continuous integration/Test Versions         ]   |   Downloaded tracing-log v0.1.3\n[Continuous integration/Test Versions         ]   |   Downloaded yansi v0.5.1\n[Continuous integration/Test Versions         ]   |   Downloaded version_check v0.1.5\n[Continuous integration/Test Versions         ]   |   Downloaded tracing-attributes v0.1.24\n[Continuous integration/Test Versions         ]   |   Downloaded nom v4.2.3\n[Continuous integration/Test Versions         ]   |   Downloaded nu-ansi-term v0.46.0\n[Continuous integration/Test Versions         ]   |   Downloaded cfg-if v1.0.0\n[Continuous integration/Test Versions         ]   |   Downloaded byteorder v1.4.3\n[Continuous integration/Test Versions         ]   |   Downloaded rustc-demangle v0.1.23\n[Continuous integration/Test Versions         ]   |   Downloaded overload v0.1.1\n[Continuous integration/Test Versions         ]   |   Downloaded proc-macro2 v1.0.59\n[Continuous integration/Test Versions         ]   |   Downloaded once_cell v1.17.2\n[Continuous integration/Test Versions         ]   |   Downloaded log v0.4.18\n[Continuous integration/Test Versions         ]   |   Downloaded typenum v1.16.0\n[Continuous integration/Test Versions         ]   |   Downloaded generic-array v0.13.3\n[Continuous integration/Test Versions         ]   |   Downloaded memchr v2.5.0\n[Continuous integration/Test Versions         ]   |   Downloaded heapless v0.5.6\n[Continuous integration/Test Versions         ]   |   Downloaded miniz_oxide v0.6.2\n[Continuous integration/Test Versions         ]   |   Downloaded sharded-slab v0.1.4\n[Continuous integration/Test Versions         ]   |   Downloaded tracing-core v0.1.31\n[Continuous integration/Test Versions         ]   |   Downloaded cc v1.0.79\n[Continuous integration/Test Versions         ]   |   Downloaded pretty_assertions v1.3.0\n[Continuous integration/Test Versions         ]   |   Downloaded tracing v0.1.37\n[Continuous integration/Test Versions         ]   |   Downloaded backtrace v0.3.67\n[Continuous integration/Test Versions         ]   |   Downloaded regex-automata v0.1.10\n[Continuous integration/Test Versions         ]   |   Downloaded indenter v0.3.3\n[Continuous integration/Test Versions         ]   |   Downloaded as-slice v0.1.5\n[Continuous integration/Test Versions         ]   |   Downloaded quote v1.0.28\n[Continuous integration/Test Versions         ]   |   Downloaded object v0.30.3\n[Continuous integration/Test Versions         ]   |   Downloaded syn v2.0.18\n[Continuous integration/Test Versions         ]   |   Downloaded regex v1.8.3\n[Continuous integration/Test Versions         ]   |   Downloaded unicode-ident v1.0.9\n[Continuous integration/Test Versions         ]   |   Downloaded regex-syntax v0.6.29\n[Continuous integration/Test Versions         ]   |   Downloaded color-spantrace v0.2.0\n[Continuous integration/Test Versions         ]   |   Downloaded tracing-subscriber v0.3.17\n[Continuous integration/Test Versions         ]   |   Downloaded regex-syntax v0.7.2\n[Continuous integration/Test Versions         ]   |   Downloaded libc v0.2.144\n[Continuous integration/Test Versions         ]   |   Downloaded gimli v0.27.2\n[Continuous integration/Test Versions         ]   |     Blocking waiting for file lock on build directory\n[Continuous integration/Test Operating Systems]   |    Compiling tracing-attributes v0.1.24\n[Continuous integration/Test Operating Systems]   |    Compiling thiserror-impl v1.0.40\n[Continuous integration/Test Operating Systems]   |    Compiling tracing v0.1.37\n[Continuous integration/Test Operating Systems]   |    Compiling tracing-subscriber v0.3.17\n[Continuous integration/Test Operating Systems]   |    Compiling tracing-error v0.2.0\n[Continuous integration/Test Operating Systems]   |    Compiling color-spantrace v0.2.0\n[Continuous integration/Test Operating Systems]   |    Compiling color-eyre v0.6.2 (/tmp/c1e8dd3a-fec2-11ed-a890-af2cc187fc11/yaahc-color-eyre)\n[Continuous integration/Test Operating Systems]   | warning: lint `const_err` has been removed: converted into hard error, see issue #71800 <https://github.com/rust-lang/rust/issues/71800> for more information\n[Continuous integration/Test Operating Systems]   |    --> src/lib.rs:345:5\n[Continuous integration/Test Operating Systems]   |     |\n[Continuous integration/Test Operating Systems]   | 345 |     const_err,\n[Continuous integration/Test Operating Systems]   |     |     ^^^^^^^^^\n[Continuous integration/Test Operating Systems]   |     |\n[Continuous integration/Test Operating Systems]   |     = note: `#[warn(renamed_and_removed_lints)]` on by default\n[Continuous integration/Test Operating Systems]   | \n[Continuous integration/Test Operating Systems]   | warning: `color-eyre` (lib test) generated 1 warning (1 duplicate)\n[Continuous integration/Test Operating Systems]   | warning: `color-eyre` (lib) generated 1 warning\n[Continuous integration/Test Operating Systems]   |     Finished test [unoptimized + debuginfo] target(s) in 2m 19s\n[Continuous integration/Test Operating Systems]   | warning: the following packages contain code that will be rejected by a future version of Rust: nom v4.2.3\n[Continuous integration/Test Operating Systems]   | note: to see what the problems were, use the option `--future-incompat-report`, or run `cargo report future-incompatibilities --id 1`\n[Continuous integration/Test Operating Systems]   |      Running unittests src/lib.rs (target/debug/deps/color_eyre-327daa6634cb4921)\n[Continuous integration/Test Operating Systems]   | \n[Continuous integration/Test Operating Systems]   | running 0 tests\n[Continuous integration/Test Operating Systems]   | \n[Continuous integration/Test Operating Systems]   | test result: ok. 0 passed; 0 failed; 0 ignored; 0 measured; 0 filtered out; finished in 0.00s\n[Continuous integration/Test Operating Systems]   | \n[Continuous integration/Test Operating Systems]   |      Running tests/bt_disabled.rs (target/debug/deps/bt_disabled-9ed402165474f2c7)\n[Continuous integration/Test Operating Systems]   | \n[Continuous integration/Test Operating Systems]   | running 1 test\n[Continuous integration/Test Operating Systems]   | test disabled ... ok\n[Continuous integration/Test Operating Systems]   | \n[Continuous integration/Test Operating Systems]   | test result: ok. 1 passed; 0 failed; 0 ignored; 0 measured; 0 filtered out; finished in 0.00s\n[Continuous integration/Test Operating Systems]   | \n[Continuous integration/Test Operating Systems]   |      Running tests/bt_enabled.rs (target/debug/deps/bt_enabled-3d1752d8fbf4179a)\n[Continuous integration/Test Operating Systems]   | \n[Continuous integration/Test Operating Systems]   | running 1 test\n[Continuous integration/Test Operating Systems]   | test enabled ... ok\n[Continuous integration/Test Operating Systems]   | \n[Continuous integration/Test Operating Systems]   | test result: ok. 1 passed; 0 failed; 0 ignored; 0 measured; 0 filtered out; finished in 0.00s\n[Continuous integration/Test Operating Systems]   | \n[Continuous integration/Test Features         ]   | warning: lint `const_err` has been removed: converted into hard error, see issue #71800 <https://github.com/rust-lang/rust/issues/71800> for more information\n[Continuous integration/Test Features         ]   |    --> src/lib.rs:345:5\n[Continuous integration/Test Features         ]   |     |\n[Continuous integration/Test Features         ]   | 345 |     const_err,\n[Continuous integration/Test Features         ]   |     |     ^^^^^^^^^\n[Continuous integration/Test Features         ]   |     |\n[Continuous integration/Test Features         ]   |     = note: `#[warn(renamed_and_removed_lints)]` on by default\n[Continuous integration/Test Features         ]   | \n[Continuous integration/Test Features         ]   | warning: `color-eyre` (lib) generated 1 warning\n[Continuous integration/Test Features         ]   | warning: `color-eyre` (lib test) generated 1 warning (1 duplicate)\n[Continuous integration/Test Operating Systems]   |      Running tests/install.rs (target/debug/deps/install-e86cf7df7744bc25)\n[Continuous integration/Test Features         ]   |     Finished test [unoptimized + debuginfo] target(s) in 2m 19s\n[Continuous integration/Test Features         ]   | warning: the following packages contain code that will be rejected by a future version of Rust: nom v4.2.3\n[Continuous integration/Test Operating Systems]   | \n[Continuous integration/Test Operating Systems]   | running 1 test\n[Continuous integration/Test Operating Systems]   | test double_install_should_not_panic ... ok\n[Continuous integration/Test Operating Systems]   | \n[Continuous integration/Test Operating Systems]   | test result: ok. 1 passed; 0 failed; 0 ignored; 0 measured; 0 filtered out; finished in 0.00s\n[Continuous integration/Test Operating Systems]   | \n[Continuous integration/Test Operating Systems]   |      Running tests/location_disabled.rs (target/debug/deps/location_disabled-d9491d15932750d0)\n[Continuous integration/Test Features         ]   | note: to see what the problems were, use the option `--future-incompat-report`, or run `cargo report future-incompatibilities --id 1`\n[Continuous integration/Test Operating Systems]   | \n[Continuous integration/Test Operating Systems]   | running 1 test\n[Continuous integration/Test Operating Systems]   | test disabled ... ok\n[Continuous integration/Test Operating Systems]   | \n[Continuous integration/Test Operating Systems]   | test result: ok. 1 passed; 0 failed; 0 ignored; 0 measured; 0 filtered out; finished in 0.00s\n[Continuous integration/Test Operating Systems]   | \n[Continuous integration/Test Operating Systems]   |      Running tests/theme.rs (target/debug/deps/theme-c4b4d38aeda04c08)\n[Continuous integration/Test Operating Systems]   | \n[Continuous integration/Test Operating Systems]   | running 2 tests\n[Continuous integration/Test Features         ]   |      Running unittests src/lib.rs (target/debug/deps/color_eyre-327daa6634cb4921)\n[Continuous integration/Test Features         ]   | \n[Continuous integration/Test Features         ]   | running 0 tests\n[Continuous integration/Test Features         ]   | \n[Continuous integration/Test Features         ]   | test result: ok. 0 passed; 0 failed; 0 ignored; 0 measured; 0 filtered out; finished in 0.00s\n[Continuous integration/Test Features         ]   | \n[Continuous integration/Test Features         ]   |      Running tests/bt_disabled.rs (target/debug/deps/bt_disabled-9ed402165474f2c7)\n[Continuous integration/Test Features         ]   | \n[Continuous integration/Test Features         ]   | running 1 test\n[Continuous integration/Test Features         ]   | test disabled ... ok\n[Continuous integration/Test Features         ]   | \n[Continuous integration/Test Features         ]   | test result: ok. 1 passed; 0 failed; 0 ignored; 0 measured; 0 filtered out; finished in 0.00s\n[Continuous integration/Test Features         ]   | \n[Continuous integration/Test Features         ]   |      Running tests/bt_enabled.rs (target/debug/deps/bt_enabled-3d1752d8fbf4179a)\n[Continuous integration/Test Versions         ]   | warning: lint `const_err` has been removed: converted into hard error, see issue #71800 <https://github.com/rust-lang/rust/issues/71800> for more information\n[Continuous integration/Test Versions         ]   |    --> src/lib.rs:345:5\n[Continuous integration/Test Versions         ]   |     |\n[Continuous integration/Test Versions         ]   | 345 |     const_err,\n[Continuous integration/Test Versions         ]   |     |     ^^^^^^^^^\n[Continuous integration/Test Versions         ]   |     |\n[Continuous integration/Test Versions         ]   |     = note: `#[warn(renamed_and_removed_lints)]` on by default\n[Continuous integration/Test Versions         ]   | \n[Continuous integration/Test Versions         ]   | warning: `color-eyre` (lib) generated 1 warning\n[Continuous integration/Test Versions         ]   | warning: `color-eyre` (lib test) generated 1 warning (1 duplicate)\n[Continuous integration/Test Versions         ]   |     Finished test [unoptimized + debuginfo] target(s) in 2m 19s\n[Continuous integration/Test Versions         ]   | warning: the following packages contain code that will be rejected by a future version of Rust: nom v4.2.3\n[Continuous integration/Test Features         ]   | \n[Continuous integration/Test Features         ]   | running 1 test\n[Continuous integration/Test Features         ]   | test enabled ... ok\n[Continuous integration/Test Features         ]   | \n[Continuous integration/Test Features         ]   | test result: ok. 1 passed; 0 failed; 0 ignored; 0 measured; 0 filtered out; finished in 0.00s\n[Continuous integration/Test Features         ]   | \n[Continuous integration/Test Features         ]   |      Running tests/install.rs (target/debug/deps/install-e86cf7df7744bc25)\n[Continuous integration/Test Features         ]   | \n[Continuous integration/Test Features         ]   | running 1 test\n[Continuous integration/Test Versions         ]   | note: to see what the problems were, use the option `--future-incompat-report`, or run `cargo report future-incompatibilities --id 1`\n[Continuous integration/Test Features         ]   | test double_install_should_not_panic ... ok\n[Continuous integration/Test Features         ]   | \n[Continuous integration/Test Features         ]   | test result: ok. 1 passed; 0 failed; 0 ignored; 0 measured; 0 filtered out; finished in 0.00s\n[Continuous integration/Test Features         ]   | \n[Continuous integration/Test Features         ]   |      Running tests/location_disabled.rs (target/debug/deps/location_disabled-d9491d15932750d0)\n[Continuous integration/Test Features         ]   | \n[Continuous integration/Test Features         ]   | running 1 test\n[Continuous integration/Test Features         ]   | test disabled ... ok\n[Continuous integration/Test Features         ]   | \n[Continuous integration/Test Features         ]   | test result: ok. 1 passed; 0 failed; 0 ignored; 0 measured; 0 filtered out; finished in 0.00s\n[Continuous integration/Test Features         ]   | \n[Continuous integration/Test Features         ]   |      Running tests/theme.rs (target/debug/deps/theme-c4b4d38aeda04c08)\n[Continuous integration/Test Features         ]   | \n[Continuous integration/Test Features         ]   | running 2 tests\n[Continuous integration/Test Operating Systems]   | test test_error_backwards_compatibility ... FAILED\n[Continuous integration/Test Versions         ]   |      Running unittests src/lib.rs (target/debug/deps/color_eyre-327daa6634cb4921)\n[Continuous integration/Test Versions         ]   | \n[Continuous integration/Test Versions         ]   | running 0 tests\n[Continuous integration/Test Versions         ]   | \n[Continuous integration/Test Versions         ]   | test result: ok. 0 passed; 0 failed; 0 ignored; 0 measured; 0 filtered out; finished in 0.00s\n[Continuous integration/Test Versions         ]   | \n[Continuous integration/Test Versions         ]   |      Running tests/bt_disabled.rs (target/debug/deps/bt_disabled-9ed402165474f2c7)\n[Continuous integration/Test Versions         ]   | \n[Continuous integration/Test Versions         ]   | running 1 test\n[Continuous integration/Test Versions         ]   | test disabled ... ok\n[Continuous integration/Test Versions         ]   | \n[Continuous integration/Test Versions         ]   | test result: ok. 1 passed; 0 failed; 0 ignored; 0 measured; 0 filtered out; finished in 0.00s\n[Continuous integration/Test Versions         ]   | \n[Continuous integration/Test Versions         ]   |      Running tests/bt_enabled.rs (target/debug/deps/bt_enabled-3d1752d8fbf4179a)\n[Continuous integration/Test Versions         ]   | \n[Continuous integration/Test Versions         ]   | running 1 test\n[Continuous integration/Test Versions         ]   | test enabled ... ok\n[Continuous integration/Test Versions         ]   | \n[Continuous integration/Test Versions         ]   | test result: ok. 1 passed; 0 failed; 0 ignored; 0 measured; 0 filtered out; finished in 0.00s\n[Continuous integration/Test Versions         ]   | \n[Continuous integration/Test Versions         ]   |      Running tests/install.rs (target/debug/deps/install-e86cf7df7744bc25)\n[Continuous integration/Test Features         ]   | test test_error_backwards_compatibility ... FAILED\n[Continuous integration/Test Versions         ]   | \n[Continuous integration/Test Versions         ]   | running 1 test\n[Continuous integration/Test Versions         ]   | test double_install_should_not_panic ... ok\n[Continuous integration/Test Versions         ]   | \n[Continuous integration/Test Versions         ]   | test result: ok. 1 passed; 0 failed; 0 ignored; 0 measured; 0 filtered out; finished in 0.00s\n[Continuous integration/Test Versions         ]   | \n[Continuous integration/Test Versions         ]   |      Running tests/location_disabled.rs (target/debug/deps/location_disabled-d9491d15932750d0)\n[Continuous integration/Test Versions         ]   | \n[Continuous integration/Test Versions         ]   | running 1 test\n[Continuous integration/Test Versions         ]   | test disabled ... ok\n[Continuous integration/Test Versions         ]   | \n[Continuous integration/Test Versions         ]   | test result: ok. 1 passed; 0 failed; 0 ignored; 0 measured; 0 filtered out; finished in 0.00s\n[Continuous integration/Test Versions         ]   | \n[Continuous integration/Test Versions         ]   |      Running tests/theme.rs (target/debug/deps/theme-c4b4d38aeda04c08)\n[Continuous integration/Test Versions         ]   | \n[Continuous integration/Test Versions         ]   | running 2 tests\n[Continuous integration/Test Versions         ]   | test test_error_backwards_compatibility ... FAILED\n[Continuous integration/Test Versions         ]   | test test_panic_backwards_compatibility ... ok\n[Continuous integration/Test Versions         ]   | \n[Continuous integration/Test Versions         ]   | failures:\n[Continuous integration/Test Versions         ]   | \n[Continuous integration/Test Versions         ]   | ---- test_error_backwards_compatibility stdout ----\n[Continuous integration/Test Versions         ]   | \u001b[31mThe application panicked (crashed).\u001b[0m\n[Continuous integration/Test Versions         ]   | Message:  \u001b[36massertion failed: `(left == right)`\n[Continuous integration/Test Versions         ]   |   left: `[SetGraphicsMode([91]), SetGraphicsMode([0]), SetGraphicsMode([35]), SetGraphicsMode([0]), SetGraphicsMode([35]), SetGraphicsMode([0]), SetGraphicsMode([91]), SetGraphicsMode([0]), SetGraphicsMode([91]), SetGraphicsMode([0]), SetGraphicsMode([91]), SetGraphicsMode([0]), SetGraphicsMode([91]), SetGraphicsMode([0]), SetGraphicsMode([96]), SetGraphicsMode([3]), SetGraphicsMode([0]), SetGraphicsMode([2]), SetGraphicsMode([0]), SetGraphicsMode([0]), SetGraphicsMode([35]), SetGraphicsMode([0]), SetGraphicsMode([35]), SetGraphicsMode([0]), SetGraphicsMode([96]), SetGraphicsMode([0]), SetGraphicsMode([91]), SetGraphicsMode([0]), SetGraphicsMode([90]), SetGraphicsMode([0]), SetGraphicsMode([35]), SetGraphicsMode([0]), SetGraphicsMode([35]), SetGraphicsMode([0]), SetGraphicsMode([91]), SetGraphicsMode([0]), SetGraphicsMode([90]), SetGraphicsMode([0]), SetGraphicsMode([35]), SetGraphicsMode([0]), SetGraphicsMode([35]), SetGraphicsMode([0]), SetGraphicsMode([32]), SetGraphicsMode([0]), SetGraphicsMode([90]), SetGraphicsMode([0]), SetGraphicsMode([35]), SetGraphicsMode([0]), SetGraphicsMode([35]), SetGraphicsMode([0]), SetGraphicsMode([91]), SetGraphicsMode([0]), SetGraphicsMode([90]), SetGraphicsMode([0]), SetGraphicsMode([35]), SetGraphicsMode([0]), SetGraphicsMode([35]), SetGraphicsMode([0]), SetGraphicsMode([91]), SetGraphicsMode([0]), SetGraphicsMode([90]), SetGraphicsMode([0]), SetGraphicsMode([35]), SetGraphicsMode([0]), SetGraphicsMode([35]), SetGraphicsMode([0]), SetGraphicsMode([91]), SetGraphicsMode([0]), SetGraphicsMode([90]), SetGraphicsMode([0]), SetGraphicsMode([35]), SetGraphicsMode([0]), SetGraphicsMode([35]), SetGraphicsMode([0]), SetGraphicsMode([32]), SetGraphicsMode([0]), SetGraphicsMode([90]), SetGraphicsMode([0]), SetGraphicsMode([35]), SetGraphicsMode([0]), SetGraphicsMode([35]), SetGraphicsMode([0]), SetGraphicsMode([32]), SetGraphicsMode([0]), SetGraphicsMode([90]), SetGraphicsMode([0]), SetGraphicsMode([35]), SetGraphicsMode([0]), SetGraphicsMode([35]), SetGraphicsMode([0]), SetGraphicsMode([32]), SetGraphicsMode([0]), SetGraphicsMode([90]), SetGraphicsMode([0]), SetGraphicsMode([35]), SetGraphicsMode([0]), SetGraphicsMode([35]), SetGraphicsMode([0]), SetGraphicsMode([32]), SetGraphicsMode([0]), SetGraphicsMode([90]), SetGraphicsMode([0]), SetGraphicsMode([35]), SetGraphicsMode([0]), SetGraphicsMode([35]), SetGraphicsMode([0]), SetGraphicsMode([32]), SetGraphicsMode([0]), SetGraphicsMode([90]), SetGraphicsMode([0]), SetGraphicsMode([35]), SetGraphicsMode([0]), SetGraphicsMode([35]), SetGraphicsMode([0]), SetGraphicsMode([32]), SetGraphicsMode([0]), SetGraphicsMode([90]), SetGraphicsMode([0]), SetGraphicsMode([35]), SetGraphicsMode([0]), SetGraphicsMode([35]), SetGraphicsMode([0]), SetGraphicsMode([32]), SetGraphicsMode([0]), SetGraphicsMode([90]), SetGraphicsMode([0]), SetGraphicsMode([35]), SetGraphicsMode([0]), SetGraphicsMode([35]), SetGraphicsMode([0]), SetGraphicsMode([32]), SetGraphicsMode([0]), SetGraphicsMode([90]), SetGraphicsMode([0]), SetGraphicsMode([35]), SetGraphicsMode([0]), SetGraphicsMode([35]), SetGraphicsMode([0]), SetGraphicsMode([32]), SetGraphicsMode([0]), SetGraphicsMode([90]), SetGraphicsMode([0]), SetGraphicsMode([35]), SetGraphicsMode([0]), SetGraphicsMode([35]), SetGraphicsMode([0]), SetGraphicsMode([32]), SetGraphicsMode([0]), SetGraphicsMode([90]), SetGraphicsMode([0]), SetGraphicsMode([35]), SetGraphicsMode([0]), SetGraphicsMode([35]), SetGraphicsMode([0]), SetGraphicsMode([32]), SetGraphicsMode([0]), SetGraphicsMode([90]), SetGraphicsMode([0]), SetGraphicsMode([35]), SetGraphicsMode([0]), SetGraphicsMode([35]), SetGraphicsMode([0]), SetGraphicsMode([96]), SetGraphicsMode([0]), SetGraphicsMode([96]), SetGraphicsMode([0]), SetGraphicsMode([93]), SetGraphicsMode([0]), SetGraphicsMode([96]), SetGraphicsMode([0])]`,\n[Continuous integration/Test Versions         ]   |  right: `[SetGraphicsMode([91]), SetGraphicsMode([0]), SetGraphicsMode([35]), SetGraphicsMode([0]), SetGraphicsMode([35]), SetGraphicsMode([0]), SetGraphicsMode([91]), SetGraphicsMode([0]), SetGraphicsMode([91]), SetGraphicsMode([0]), SetGraphicsMode([91]), SetGraphicsMode([0]), SetGraphicsMode([91]), SetGraphicsMode([0]), SetGraphicsMode([96]), SetGraphicsMode([3]), SetGraphicsMode([0]), SetGraphicsMode([2]), SetGraphicsMode([0]), SetGraphicsMode([0]), SetGraphicsMode([35]), SetGraphicsMode([0]), SetGraphicsMode([35]), SetGraphicsMode([0]), SetGraphicsMode([96]), SetGraphicsMode([0]), SetGraphicsMode([91]), SetGraphicsMode([0]), SetGraphicsMode([90]), SetGraphicsMode([0]), SetGraphicsMode([35]), SetGraphicsMode([0]), SetGraphicsMode([35]), SetGraphicsMode([0]), SetGraphicsMode([91]), SetGraphicsMode([0]), SetGraphicsMode([90]), SetGraphicsMode([0]), SetGraphicsMode([35]), SetGraphicsMode([0]), SetGraphicsMode([35]), SetGraphicsMode([0]), SetGraphicsMode([32]), SetGraphicsMode([0]), SetGraphicsMode([90]), SetGraphicsMode([0]), SetGraphicsMode([35]), SetGraphicsMode([0]), SetGraphicsMode([35]), SetGraphicsMode([0]), SetGraphicsMode([91]), SetGraphicsMode([0]), SetGraphicsMode([90]), SetGraphicsMode([0]), SetGraphicsMode([35]), SetGraphicsMode([0]), SetGraphicsMode([35]), SetGraphicsMode([0]), SetGraphicsMode([91]), SetGraphicsMode([0]), SetGraphicsMode([90]), SetGraphicsMode([0]), SetGraphicsMode([35]), SetGraphicsMode([0]), SetGraphicsMode([35]), SetGraphicsMode([0]), SetGraphicsMode([91]), SetGraphicsMode([0]), SetGraphicsMode([90]), SetGraphicsMode([0]), SetGraphicsMode([35]), SetGraphicsMode([0]), SetGraphicsMode([35]), SetGraphicsMode([0]), SetGraphicsMode([32]), SetGraphicsMode([0]), SetGraphicsMode([90]), SetGraphicsMode([0]), SetGraphicsMode([35]), SetGraphicsMode([0]), SetGraphicsMode([35]), SetGraphicsMode([0]), SetGraphicsMode([32]), SetGraphicsMode([0]), SetGraphicsMode([90]), SetGraphicsMode([0]), SetGraphicsMode([35]), SetGraphicsMode([0]), SetGraphicsMode([35]), SetGraphicsMode([0]), SetGraphicsMode([32]), SetGraphicsMode([0]), SetGraphicsMode([90]), SetGraphicsMode([0]), SetGraphicsMode([35]), SetGraphicsMode([0]), SetGraphicsMode([35]), SetGraphicsMode([0]), SetGraphicsMode([32]), SetGraphicsMode([0]), SetGraphicsMode([90]), SetGraphicsMode([0]), SetGraphicsMode([35]), SetGraphicsMode([0]), SetGraphicsMode([35]), SetGraphicsMode([0]), SetGraphicsMode([32]), SetGraphicsMode([0]), SetGraphicsMode([90]), SetGraphicsMode([0]), SetGraphicsMode([35]), SetGraphicsMode([0]), SetGraphicsMode([35]), SetGraphicsMode([0]), SetGraphicsMode([32]), SetGraphicsMode([0]), SetGraphicsMode([90]), SetGraphicsMode([0]), SetGraphicsMode([35]), SetGraphicsMode([0]), SetGraphicsMode([35]), SetGraphicsMode([0]), SetGraphicsMode([32]), SetGraphicsMode([0]), SetGraphicsMode([90]), SetGraphicsMode([0]), SetGraphicsMode([35]), SetGraphicsMode([0]), SetGraphicsMode([35]), SetGraphicsMode([0]), SetGraphicsMode([32]), SetGraphicsMode([0]), SetGraphicsMode([90]), SetGraphicsMode([0]), SetGraphicsMode([35]), SetGraphicsMode([0]), SetGraphicsMode([35]), SetGraphicsMode([0]), SetGraphicsMode([32]), SetGraphicsMode([0]), SetGraphicsMode([90]), SetGraphicsMode([0]), SetGraphicsMode([35]), SetGraphicsMode([0]), SetGraphicsMode([35]), SetGraphicsMode([0]), SetGraphicsMode([96]), SetGraphicsMode([0]), SetGraphicsMode([96]), SetGraphicsMode([0]), SetGraphicsMode([93]), SetGraphicsMode([0]), SetGraphicsMode([96]), SetGraphicsMode([0])]`: \u001b[31m\u001b[0m\n[Continuous integration/Test Versions         ]   | \n[Continuous integration/Test Versions         ]   | ANSI escape sequences are not identical to control!\u001b[39m\n[Continuous integration/Test Versions         ]   | \n[Continuous integration/Test Versions         ]   | \u001b[31mCONTROL:\u001b[39m\n[Continuous integration/Test Versions         ]   | \n[Continuous integration/Test Versions         ]   | \u001b[31mCONTROL STRING =\n[Continuous integration/Test Versions         ]   | \u001b[39m\n[Continuous integration/Test Versions         ]   |    0: \u001b[91mtest\u001b[0m\n[Continuous integration/Test Versions         ]   | \n[Continuous integration/Test Versions         ]   | Location:\n[Continuous integration/Test Versions         ]   |    \u001b[35mtests/theme.rs\u001b[0m:\u001b[35m17\u001b[0m\n[Continuous integration/Test Versions         ]   | \n[Continuous integration/Test Versions         ]   | Error:\n[Continuous integration/Test Versions         ]   |    0: \u001b[91merror\u001b[0m\n[Continuous integration/Test Versions         ]   | \n[Continuous integration/Test Versions         ]   |   \u2501\u2501\u2501\u2501\u2501\u2501\u2501\u2501\u2501\u2501\u2501\u2501\u2501\u2501\u2501\u2501\u2501\u2501\u2501\u2501\u2501\u2501\u2501\u2501\u2501\u2501\u2501\u2501\u2501\u2501\u2501\u2501\u2501\u2501 SPANTRACE \u2501\u2501\u2501\u2501\u2501\u2501\u2501\u2501\u2501\u2501\u2501\u2501\u2501\u2501\u2501\u2501\u2501\u2501\u2501\u2501\u2501\u2501\u2501\u2501\u2501\u2501\u2501\u2501\u2501\u2501\u2501\u2501\u2501\u2501\u2501\n[Continuous integration/Test Versions         ]   | \n[Continuous integration/Test Versions         ]   |    0: \u001b[91mtheme\u001b[0m\u001b[91m::\u001b[0m\u001b[91mget_error\u001b[0m with \u001b[96m\u001b[3mmsg\u001b[0m\u001b[2m=\u001b[0m\"test\"\u001b[0m\n[Continuous integration/Test Versions         ]   |       at \u001b[35mtests/theme.rs\u001b[0m:\u001b[35m11\u001b[0m\n[Continuous integration/Test Versions         ]   | \n[Continuous integration/Test Versions         ]   |   \u2501\u2501\u2501\u2501\u2501\u2501\u2501\u2501\u2501\u2501\u2501\u2501\u2501\u2501\u2501\u2501\u2501\u2501\u2501\u2501\u2501\u2501\u2501\u2501\u2501\u2501\u2501\u2501\u2501\u2501\u2501\u2501\u2501\u2501 BACKTRACE \u2501\u2501\u2501\u2501\u2501\u2501\u2501\u2501\u2501\u2501\u2501\u2501\u2501\u2501\u2501\u2501\u2501\u2501\u2501\u2501\u2501\u2501\u2501\u2501\u2501\u2501\u2501\u2501\u2501\u2501\u2501\u2501\u2501\u2501\u2501\n[Continuous integration/Test Versions         ]   |   \u001b[96m                              \u22ee 5 frames hidden \u22ee                               \u001b[0m\n[Continuous integration/Test Versions         ]   |    6: \u001b[91mtheme::get_error::create_report\u001b[0m\u001b[90m::hdb41452bef3fc05d\u001b[0m\n[Continuous integration/Test Versions         ]   |       at \u001b[35m/home/jlusby/git/yaahc/color-eyre/tests/theme.rs\u001b[0m:\u001b[35m17\u001b[0m\n[Continuous integration/Test Versions         ]   |    7: \u001b[91mtheme::get_error::{{closure}}\u001b[0m\u001b[90m::h739c7fe800e2d03f\u001b[0m\n[Continuous integration/Test Versions         ]   |       at \u001b[35m/home/jlusby/git/yaahc/color-eyre/tests/theme.rs\u001b[0m:\u001b[35m25\u001b[0m\n[Continuous integration/Test Versions         ]   |    8: \u001b[32mcore::option::Option<T>::ok_or_else\u001b[0m\u001b[90m::hd8e670bbca63e94a\u001b[0m\n[Continuous integration/Test Versions         ]   |       at \u001b[35m/rustc/f1edd0429582dd29cccacaf50fd134b05593bd9c/library/core/src/option.rs\u001b[0m:\u001b[35m954\u001b[0m\n[Continuous integration/Test Versions         ]   |    9: \u001b[91mtheme::get_error\u001b[0m\u001b[90m::h2f751f4927c6fecb\u001b[0m\n[Continuous integration/Test Versions         ]   |       at \u001b[35m/home/jlusby/git/yaahc/color-eyre/tests/theme.rs\u001b[0m:\u001b[35m25\u001b[0m\n[Continuous integration/Test Versions         ]   |   10: \u001b[91mtheme::test_error_backwards_compatibility\u001b[0m\u001b[90m::hfc4be9f22c32535c\u001b[0m\n[Continuous integration/Test Versions         ]   |       at \u001b[35m/home/jlusby/git/yaahc/color-eyre/tests/theme.rs\u001b[0m:\u001b[35m43\u001b[0m\n[Continuous integration/Test Versions         ]   |   11: \u001b[91mtheme::test_error_backwards_compatibility::{{closure}}\u001b[0m\u001b[90m::hb001a9a908f0f5a4\u001b[0m\n[Continuous integration/Test Versions         ]   |       at \u001b[35m/home/jlusby/git/yaahc/color-eyre/tests/theme.rs\u001b[0m:\u001b[35m41\u001b[0m\n[Continuous integration/Test Versions         ]   |   12: \u001b[32mcore::ops::function::FnOnce::call_once\u001b[0m\u001b[90m::he26938a69d361bf6\u001b[0m\n[Continuous integration/Test Versions         ]   |       at \u001b[35m/rustc/f1edd0429582dd29cccacaf50fd134b05593bd9c/library/core/src/ops/function.rs\u001b[0m:\u001b[35m227\u001b[0m\n[Continuous integration/Test Versions         ]   |   13: \u001b[32mcore::ops::function::FnOnce::call_once\u001b[0m\u001b[90m::h83cc023b85256d97\u001b[0m\n[Continuous integration/Test Versions         ]   |       at \u001b[35m/rustc/f1edd0429582dd29cccacaf50fd134b05593bd9c/library/core/src/ops/function.rs\u001b[0m:\u001b[35m227\u001b[0m\n[Continuous integration/Test Versions         ]   |   14: \u001b[32mtest::__rust_begin_short_backtrace\u001b[0m\u001b[90m::h7330e4e8b0549e26\u001b[0m\n[Continuous integration/Test Versions         ]   |       at \u001b[35m/rustc/f1edd0429582dd29cccacaf50fd134b05593bd9c/library/test/src/lib.rs\u001b[0m:\u001b[35m585\u001b[0m\n[Continuous integration/Test Versions         ]   |   15: \u001b[32m<alloc::boxed::Box<F,A> as core::ops::function::FnOnce<Args>>::call_once\u001b[0m\u001b[90m::h6b77566b8f386abb\u001b[0m\n[Continuous integration/Test Versions         ]   |       at \u001b[35m/rustc/f1edd0429582dd29cccacaf50fd134b05593bd9c/library/alloc/src/boxed.rs\u001b[0m:\u001b[35m1691\u001b[0m\n[Continuous integration/Test Versions         ]   |   16: \u001b[32m<core::panic::unwind_safe::AssertUnwindSafe<F> as core::ops::function::FnOnce<()>>::call_once\u001b[0m\u001b[90m::h2ad5de64df41b71c\u001b[0m\n[Continuous integration/Test Versions         ]   |       at \u001b[35m/rustc/f1edd0429582dd29cccacaf50fd134b05593bd9c/library/core/src/panic/unwind_safe.rs\u001b[0m:\u001b[35m271\u001b[0m\n[Continuous integration/Test Versions         ]   |   17: \u001b[32mstd::panicking::try::do_call\u001b[0m\u001b[90m::he67b1e56b423a618\u001b[0m\n[Continuous integration/Test Versions         ]   |       at \u001b[35m/rustc/f1edd0429582dd29cccacaf50fd134b05593bd9c/library/std/src/panicking.rs\u001b[0m:\u001b[35m403\u001b[0m\n[Continuous integration/Test Versions         ]   |   18: \u001b[32mstd::panicking::try\u001b[0m\u001b[90m::ha9224adcdd41a723\u001b[0m\n[Continuous integration/Test Versions         ]   |       at \u001b[35m/rustc/f1edd0429582dd29cccacaf50fd134b05593bd9c/library/std/src/panicking.rs\u001b[0m:\u001b[35m367\u001b[0m\n[Continuous integration/Test Versions         ]   |   19: \u001b[32mstd::panic::catch_unwind\u001b[0m\u001b[90m::h9111b58ae0b27828\u001b[0m\n[Continuous integration/Test Versions         ]   |       at \u001b[35m/rustc/f1edd0429582dd29cccacaf50fd134b05593bd9c/library/std/src/panic.rs\u001b[0m:\u001b[35m133\u001b[0m\n[Continuous integration/Test Versions         ]   |   20: \u001b[32mtest::run_test_in_process\u001b[0m\u001b[90m::h15b6b7d5919893aa\u001b[0m\n[Continuous integration/Test Versions         ]   |       at \u001b[35m/rustc/f1edd0429582dd29cccacaf50fd134b05593bd9c/library/test/src/lib.rs\u001b[0m:\u001b[35m608\u001b[0m\n[Continuous integration/Test Versions         ]   |   \u001b[96m                              \u22ee 15 frames hidden \u22ee                              \u001b[0m\n[Continuous integration/Test Versions         ]   | \n[Continuous integration/Test Versions         ]   | \u001b[96mNote\u001b[0m: note\n[Continuous integration/Test Versions         ]   | \u001b[93mWarning\u001b[0m: warning\n[Continuous integration/Test Versions         ]   | \u001b[96mSuggestion\u001b[0m: suggestion\n[Continuous integration/Test Versions         ]   | \n[Continuous integration/Test Versions         ]   | Run with COLORBT_SHOW_HIDDEN=1 environment variable to disable frame filtering.\n[Continuous integration/Test Versions         ]   | Run with RUST_BACKTRACE=full to include source snippets.\n[Continuous integration/Test Versions         ]   | \n[Continuous integration/Test Versions         ]   | \u001b[31mCURRENT:\u001b[39m\n[Continuous integration/Test Versions         ]   | \n[Continuous integration/Test Versions         ]   | \u001b[31mCURRENT STRING =\n[Continuous integration/Test Versions         ]   | \u001b[39m\n[Continuous integration/Test Versions         ]   |    0: \u001b[91mtest\u001b[0m\n[Continuous integration/Test Versions         ]   | \n[Continuous integration/Test Versions         ]   | Location:\n[Continuous integration/Test Versions         ]   |    \u001b[35mtests/theme.rs\u001b[0m:\u001b[35m17\u001b[0m\n[Continuous integration/Test Versions         ]   | \n[Continuous integration/Test Versions         ]   | Error:\n[Continuous integration/Test Versions         ]   |    0: \u001b[91merror\u001b[0m\n[Continuous integration/Test Versions         ]   | \n[Continuous integration/Test Versions         ]   |   \u2501\u2501\u2501\u2501\u2501\u2501\u2501\u2501\u2501\u2501\u2501\u2501\u2501\u2501\u2501\u2501\u2501\u2501\u2501\u2501\u2501\u2501\u2501\u2501\u2501\u2501\u2501\u2501\u2501\u2501\u2501\u2501\u2501\u2501 SPANTRACE \u2501\u2501\u2501\u2501\u2501\u2501\u2501\u2501\u2501\u2501\u2501\u2501\u2501\u2501\u2501\u2501\u2501\u2501\u2501\u2501\u2501\u2501\u2501\u2501\u2501\u2501\u2501\u2501\u2501\u2501\u2501\u2501\u2501\u2501\u2501\n[Continuous integration/Test Versions         ]   | \n[Continuous integration/Test Versions         ]   |    0: \u001b[91mtheme\u001b[0m\u001b[91m::\u001b[0m\u001b[91mget_error\u001b[0m with \u001b[96m\u001b[3mmsg\u001b[0m\u001b[2m=\u001b[0m\"test\"\u001b[0m\n[Continuous integration/Test Versions         ]   |       at \u001b[35mtests/theme.rs\u001b[0m:\u001b[35m11\u001b[0m\n[Continuous integration/Test Versions         ]   | \n[Continuous integration/Test Versions         ]   |   \u2501\u2501\u2501\u2501\u2501\u2501\u2501\u2501\u2501\u2501\u2501\u2501\u2501\u2501\u2501\u2501\u2501\u2501\u2501\u2501\u2501\u2501\u2501\u2501\u2501\u2501\u2501\u2501\u2501\u2501\u2501\u2501\u2501\u2501 BACKTRACE \u2501\u2501\u2501\u2501\u2501\u2501\u2501\u2501\u2501\u2501\u2501\u2501\u2501\u2501\u2501\u2501\u2501\u2501\u2501\u2501\u2501\u2501\u2501\u2501\u2501\u2501\u2501\u2501\u2501\u2501\u2501\u2501\u2501\u2501\u2501\n[Continuous integration/Test Versions         ]   |   \u001b[96m                              \u22ee 5 frames hidden \u22ee                               \u001b[0m\n[Continuous integration/Test Versions         ]   |    6: \u001b[91mtheme::get_error::create_report\u001b[0m\u001b[90m::h04986b0825f52e73\u001b[0m\n[Continuous integration/Test Versions         ]   |       at \u001b[35m/tmp/c1e8dd3a-fec2-11ed-a890-af2cc187fc11/yaahc-color-eyre/tests/theme.rs\u001b[0m:\u001b[35m17\u001b[0m\n[Continuous integration/Test Versions         ]   |    7: \u001b[91mtheme::get_error::{{closure}}\u001b[0m\u001b[90m::hc37614fa0fbfa28c\u001b[0m\n[Continuous integration/Test Versions         ]   |       at \u001b[35m/tmp/c1e8dd3a-fec2-11ed-a890-af2cc187fc11/yaahc-color-eyre/tests/theme.rs\u001b[0m:\u001b[35m25\u001b[0m\n[Continuous integration/Test Versions         ]   |    8: \u001b[32mcore::option::Option<T>::ok_or_else\u001b[0m\u001b[90m::h894e77e9f5d87af9\u001b[0m\n[Continuous integration/Test Versions         ]   |       at \u001b[35m/rustc/84c898d65adf2f39a5a98507f1fe0ce10a2b8dbc/library/core/src/option.rs\u001b[0m:\u001b[35m1249\u001b[0m\n[Continuous integration/Test Versions         ]   |    9: \u001b[91mtheme::get_error\u001b[0m\u001b[90m::h496498233127fe1e\u001b[0m\n[Continuous integration/Test Versions         ]   |       at \u001b[35m/tmp/c1e8dd3a-fec2-11ed-a890-af2cc187fc11/yaahc-color-eyre/tests/theme.rs\u001b[0m:\u001b[35m25\u001b[0m\n[Continuous integration/Test Versions         ]   |   10: \u001b[91mtheme::test_error_backwards_compatibility\u001b[0m\u001b[90m::h5f3d157e7abc6fb4\u001b[0m\n[Continuous integration/Test Versions         ]   |       at \u001b[35m/tmp/c1e8dd3a-fec2-11ed-a890-af2cc187fc11/yaahc-color-eyre/tests/theme.rs\u001b[0m:\u001b[35m43\u001b[0m\n[Continuous integration/Test Versions         ]   |   11: \u001b[91mtheme::test_error_backwards_compatibility::{{closure}}\u001b[0m\u001b[90m::h451148a0df281591\u001b[0m\n[Continuous integration/Test Versions         ]   |       at \u001b[35m/tmp/c1e8dd3a-fec2-11ed-a890-af2cc187fc11/yaahc-color-eyre/tests/theme.rs\u001b[0m:\u001b[35m41\u001b[0m\n[Continuous integration/Test Versions         ]   |   12: \u001b[32mcore::ops::function::FnOnce::call_once\u001b[0m\u001b[90m::h7adf99365b7e1509\u001b[0m\n[Continuous integration/Test Versions         ]   |       at \u001b[35m/rustc/84c898d65adf2f39a5a98507f1fe0ce10a2b8dbc/library/core/src/ops/function.rs\u001b[0m:\u001b[35m250\u001b[0m\n[Continuous integration/Test Versions         ]   |   13: \u001b[32mcore::ops::function::FnOnce::call_once\u001b[0m\u001b[90m::h7d969581be7d0075\u001b[0m\n[Continuous integration/Test Versions         ]   |       at \u001b[35m/rustc/84c898d65adf2f39a5a98507f1fe0ce10a2b8dbc/library/core/src/ops/function.rs\u001b[0m:\u001b[35m250\u001b[0m\n[Continuous integration/Test Versions         ]   |   14: \u001b[32mtest::__rust_begin_short_backtrace\u001b[0m\u001b[90m::hca25a52684e56655\u001b[0m\n[Continuous integration/Test Versions         ]   |       at \u001b[35m/rustc/84c898d65adf2f39a5a98507f1fe0ce10a2b8dbc/library/test/src/lib.rs\u001b[0m:\u001b[35m656\u001b[0m\n[Continuous integration/Test Versions         ]   |   15: \u001b[32mtest::run_test::{{closure}}\u001b[0m\u001b[90m::ha8ac744c4af1a4bb\u001b[0m\n[Continuous integration/Test Versions         ]   |       at \u001b[35m/rustc/84c898d65adf2f39a5a98507f1fe0ce10a2b8dbc/library/test/src/lib.rs\u001b[0m:\u001b[35m647\u001b[0m\n[Continuous integration/Test Versions         ]   |   16: \u001b[32mcore::ops::function::FnOnce::call_once{{vtable.shim}}\u001b[0m\u001b[90m::h7b411a9ed45bdecf\u001b[0m\n[Continuous integration/Test Versions         ]   |       at \u001b[35m/rustc/84c898d65adf2f39a5a98507f1fe0ce10a2b8dbc/library/core/src/ops/function.rs\u001b[0m:\u001b[35m250\u001b[0m\n[Continuous integration/Test Versions         ]   |   17: \u001b[32m<alloc::boxed::Box<F,A> as core::ops::function::FnOnce<Args>>::call_once\u001b[0m\u001b[90m::hd05328869a8ed200\u001b[0m\n[Continuous integration/Test Versions         ]   |       at \u001b[35m/rustc/84c898d65adf2f39a5a98507f1fe0ce10a2b8dbc/library/alloc/src/boxed.rs\u001b[0m:\u001b[35m1987\u001b[0m\n[Continuous integration/Test Versions         ]   |   18: \u001b[32m<core::panic::unwind_safe::AssertUnwindSafe<F> as core::ops::function::FnOnce<()>>::call_once\u001b[0m\u001b[90m::h0c601ce20bd5b2be\u001b[0m\n[Continuous integration/Test Versions         ]   |       at \u001b[35m/rustc/84c898d65adf2f39a5a98507f1fe0ce10a2b8dbc/library/core/src/panic/unwind_safe.rs\u001b[0m:\u001b[35m271\u001b[0m\n[Continuous integration/Test Versions         ]   |   19: \u001b[32mstd::panicking::try::do_call\u001b[0m\u001b[90m::ha4be5c164fe30854\u001b[0m\n[Continuous integration/Test Versions         ]   |       at \u001b[35m/rustc/84c898d65adf2f39a5a98507f1fe0ce10a2b8dbc/library/std/src/panicking.rs\u001b[0m:\u001b[35m487\u001b[0m\n[Continuous integration/Test Versions         ]   |   20: \u001b[32mstd::panicking::try\u001b[0m\u001b[90m::h604546f3609af05f\u001b[0m\n[Continuous integration/Test Versions         ]   |       at \u001b[35m/rustc/84c898d65adf2f39a5a98507f1fe0ce10a2b8dbc/library/std/src/panicking.rs\u001b[0m:\u001b[35m451\u001b[0m\n[Continuous integration/Test Versions         ]   |   21: \u001b[32mstd::panic::catch_unwind\u001b[0m\u001b[90m::h5bfa8afe44c9c2f9\u001b[0m\n[Continuous integration/Test Versions         ]   |       at \u001b[35m/rustc/84c898d65adf2f39a5a98507f1fe0ce10a2b8dbc/library/std/src/panic.rs\u001b[0m:\u001b[35m140\u001b[0m\n[Continuous integration/Test Versions         ]   |   22: \u001b[32mtest::run_test_in_process\u001b[0m\u001b[90m::hd50dee55dd63e6aa\u001b[0m\n[Continuous integration/Test Versions         ]   |       at \u001b[35m/rustc/84c898d65adf2f39a5a98507f1fe0ce10a2b8dbc/library/test/src/lib.rs\u001b[0m:\u001b[35m679\u001b[0m\n[Continuous integration/Test Versions         ]   |   \u001b[96m                              \u22ee 15 frames hidden \u22ee                              \u001b[0m\n[Continuous integration/Test Versions         ]   | \n[Continuous integration/Test Versions         ]   | \u001b[96mNote\u001b[0m: note\n[Continuous integration/Test Versions         ]   | \u001b[93mWarning\u001b[0m: warning\n[Continuous integration/Test Versions         ]   | \u001b[96mSuggestion\u001b[0m: suggestion\n[Continuous integration/Test Versions         ]   | \n[Continuous integration/Test Versions         ]   | Run with COLORBT_SHOW_HIDDEN=1 environment variable to disable frame filtering.\n[Continuous integration/Test Versions         ]   | Run with RUST_BACKTRACE=full to include source snippets.\n[Continuous integration/Test Versions         ]   | \n[Continuous integration/Test Versions         ]   | \u001b[31mSee the src of this test for more information about the test and ways to include/exclude debugging information.\n[Continuous integration/Test Versions         ]   | \n[Continuous integration/Test Versions         ]   | \u001b[39m\u001b[0m\n[Continuous integration/Test Versions         ]   | Location: \u001b[35mtests/theme.rs\u001b[0m:\u001b[35m191\u001b[0m\n[Continuous integration/Test Versions         ]   | \n[Continuous integration/Test Versions         ]   | Backtrace omitted. Run with RUST_BACKTRACE=1 environment variable to display it.\n[Continuous integration/Test Versions         ]   | Run with RUST_BACKTRACE=full to include source snippets.\n[Continuous integration/Test Versions         ]   | \n[Continuous integration/Test Versions         ]   | \n[Continuous integration/Test Versions         ]   | failures:\n[Continuous integration/Test Versions         ]   |     test_error_backwards_compatibility\n[Continuous integration/Test Versions         ]   | \n[Continuous integration/Test Versions         ]   | test result: FAILED. 1 passed; 1 failed; 0 ignored; 0 measured; 0 filtered out; finished in 3.66s\n[Continuous integration/Test Versions         ]   | \n[Continuous integration/Test Versions         ]   | error: test failed, to rerun pass `--test theme`\n[Continuous integration/Test Operating Systems]   | test test_panic_backwards_compatibility ... ok\n[Continuous integration/Test Operating Systems]   | \n[Continuous integration/Test Operating Systems]   | failures:\n[Continuous integration/Test Operating Systems]   | \n[Continuous integration/Test Operating Systems]   | ---- test_error_backwards_compatibility stdout ----\n[Continuous integration/Test Operating Systems]   | \u001b[31mThe application panicked (crashed).\u001b[0m\n[Continuous integration/Test Operating Systems]   | Message:  \u001b[36massertion failed: `(left == right)`\n[Continuous integration/Test Operating Systems]   |   left: `[SetGraphicsMode([91]), SetGraphicsMode([0]), SetGraphicsMode([35]), SetGraphicsMode([0]), SetGraphicsMode([35]), SetGraphicsMode([0]), SetGraphicsMode([91]), SetGraphicsMode([0]), SetGraphicsMode([91]), SetGraphicsMode([0]), SetGraphicsMode([91]), SetGraphicsMode([0]), SetGraphicsMode([91]), SetGraphicsMode([0]), SetGraphicsMode([96]), SetGraphicsMode([3]), SetGraphicsMode([0]), SetGraphicsMode([2]), SetGraphicsMode([0]), SetGraphicsMode([0]), SetGraphicsMode([35]), SetGraphicsMode([0]), SetGraphicsMode([35]), SetGraphicsMode([0]), SetGraphicsMode([96]), SetGraphicsMode([0]), SetGraphicsMode([91]), SetGraphicsMode([0]), SetGraphicsMode([90]), SetGraphicsMode([0]), SetGraphicsMode([35]), SetGraphicsMode([0]), SetGraphicsMode([35]), SetGraphicsMode([0]), SetGraphicsMode([91]), SetGraphicsMode([0]), SetGraphicsMode([90]), SetGraphicsMode([0]), SetGraphicsMode([35]), SetGraphicsMode([0]), SetGraphicsMode([35]), SetGraphicsMode([0]), SetGraphicsMode([32]), SetGraphicsMode([0]), SetGraphicsMode([90]), SetGraphicsMode([0]), SetGraphicsMode([35]), SetGraphicsMode([0]), SetGraphicsMode([35]), SetGraphicsMode([0]), SetGraphicsMode([91]), SetGraphicsMode([0]), SetGraphicsMode([90]), SetGraphicsMode([0]), SetGraphicsMode([35]), SetGraphicsMode([0]), SetGraphicsMode([35]), SetGraphicsMode([0]), SetGraphicsMode([91]), SetGraphicsMode([0]), SetGraphicsMode([90]), SetGraphicsMode([0]), SetGraphicsMode([35]), SetGraphicsMode([0]), SetGraphicsMode([35]), SetGraphicsMode([0]), SetGraphicsMode([91]), SetGraphicsMode([0]), SetGraphicsMode([90]), SetGraphicsMode([0]), SetGraphicsMode([35]), SetGraphicsMode([0]), SetGraphicsMode([35]), SetGraphicsMode([0]), SetGraphicsMode([32]), SetGraphicsMode([0]), SetGraphicsMode([90]), SetGraphicsMode([0]), SetGraphicsMode([35]), SetGraphicsMode([0]), SetGraphicsMode([35]), SetGraphicsMode([0]), SetGraphicsMode([32]), SetGraphicsMode([0]), SetGraphicsMode([90]), SetGraphicsMode([0]), SetGraphicsMode([35]), SetGraphicsMode([0]), SetGraphicsMode([35]), SetGraphicsMode([0]), SetGraphicsMode([32]), SetGraphicsMode([0]), SetGraphicsMode([90]), SetGraphicsMode([0]), SetGraphicsMode([35]), SetGraphicsMode([0]), SetGraphicsMode([35]), SetGraphicsMode([0]), SetGraphicsMode([32]), SetGraphicsMode([0]), SetGraphicsMode([90]), SetGraphicsMode([0]), SetGraphicsMode([35]), SetGraphicsMode([0]), SetGraphicsMode([35]), SetGraphicsMode([0]), SetGraphicsMode([32]), SetGraphicsMode([0]), SetGraphicsMode([90]), SetGraphicsMode([0]), SetGraphicsMode([35]), SetGraphicsMode([0]), SetGraphicsMode([35]), SetGraphicsMode([0]), SetGraphicsMode([32]), SetGraphicsMode([0]), SetGraphicsMode([90]), SetGraphicsMode([0]), SetGraphicsMode([35]), SetGraphicsMode([0]), SetGraphicsMode([35]), SetGraphicsMode([0]), SetGraphicsMode([32]), SetGraphicsMode([0]), SetGraphicsMode([90]), SetGraphicsMode([0]), SetGraphicsMode([35]), SetGraphicsMode([0]), SetGraphicsMode([35]), SetGraphicsMode([0]), SetGraphicsMode([32]), SetGraphicsMode([0]), SetGraphicsMode([90]), SetGraphicsMode([0]), SetGraphicsMode([35]), SetGraphicsMode([0]), SetGraphicsMode([35]), SetGraphicsMode([0]), SetGraphicsMode([32]), SetGraphicsMode([0]), SetGraphicsMode([90]), SetGraphicsMode([0]), SetGraphicsMode([35]), SetGraphicsMode([0]), SetGraphicsMode([35]), SetGraphicsMode([0]), SetGraphicsMode([32]), SetGraphicsMode([0]), SetGraphicsMode([90]), SetGraphicsMode([0]), SetGraphicsMode([35]), SetGraphicsMode([0]), SetGraphicsMode([35]), SetGraphicsMode([0]), SetGraphicsMode([32]), SetGraphicsMode([0]), SetGraphicsMode([90]), SetGraphicsMode([0]), SetGraphicsMode([35]), SetGraphicsMode([0]), SetGraphicsMode([35]), SetGraphicsMode([0]), SetGraphicsMode([96]), SetGraphicsMode([0]), SetGraphicsMode([96]), SetGraphicsMode([0]), SetGraphicsMode([93]), SetGraphicsMode([0]), SetGraphicsMode([96]), SetGraphicsMode([0])]`,\n[Continuous integration/Test Operating Systems]   |  right: `[SetGraphicsMode([91]), SetGraphicsMode([0]), SetGraphicsMode([35]), SetGraphicsMode([0]), SetGraphicsMode([35]), SetGraphicsMode([0]), SetGraphicsMode([91]), SetGraphicsMode([0]), SetGraphicsMode([91]), SetGraphicsMode([0]), SetGraphicsMode([91]), SetGraphicsMode([0]), SetGraphicsMode([91]), SetGraphicsMode([0]), SetGraphicsMode([96]), SetGraphicsMode([3]), SetGraphicsMode([0]), SetGraphicsMode([2]), SetGraphicsMode([0]), SetGraphicsMode([0]), SetGraphicsMode([35]), SetGraphicsMode([0]), SetGraphicsMode([35]), SetGraphicsMode([0]), SetGraphicsMode([96]), SetGraphicsMode([0]), SetGraphicsMode([91]), SetGraphicsMode([0]), SetGraphicsMode([90]), SetGraphicsMode([0]), SetGraphicsMode([35]), SetGraphicsMode([0]), SetGraphicsMode([35]), SetGraphicsMode([0]), SetGraphicsMode([91]), SetGraphicsMode([0]), SetGraphicsMode([90]), SetGraphicsMode([0]), SetGraphicsMode([35]), SetGraphicsMode([0]), SetGraphicsMode([35]), SetGraphicsMode([0]), SetGraphicsMode([32]), SetGraphicsMode([0]), SetGraphicsMode([90]), SetGraphicsMode([0]), SetGraphicsMode([35]), SetGraphicsMode([0]), SetGraphicsMode([35]), SetGraphicsMode([0]), SetGraphicsMode([91]), SetGraphicsMode([0]), SetGraphicsMode([90]), SetGraphicsMode([0]), SetGraphicsMode([35]), SetGraphicsMode([0]), SetGraphicsMode([35]), SetGraphicsMode([0]), SetGraphicsMode([91]), SetGraphicsMode([0]), SetGraphicsMode([90]), SetGraphicsMode([0]), SetGraphicsMode([35]), SetGraphicsMode([0]), SetGraphicsMode([35]), SetGraphicsMode([0]), SetGraphicsMode([91]), SetGraphicsMode([0]), SetGraphicsMode([90]), SetGraphicsMode([0]), SetGraphicsMode([35]), SetGraphicsMode([0]), SetGraphicsMode([35]), SetGraphicsMode([0]), SetGraphicsMode([32]), SetGraphicsMode([0]), SetGraphicsMode([90]), SetGraphicsMode([0]), SetGraphicsMode([35]), SetGraphicsMode([0]), SetGraphicsMode([35]), SetGraphicsMode([0]), SetGraphicsMode([32]), SetGraphicsMode([0]), SetGraphicsMode([90]), SetGraphicsMode([0]), SetGraphicsMode([35]), SetGraphicsMode([0]), SetGraphicsMode([35]), SetGraphicsMode([0]), SetGraphicsMode([32]), SetGraphicsMode([0]), SetGraphicsMode([90]), SetGraphicsMode([0]), SetGraphicsMode([35]), SetGraphicsMode([0]), SetGraphicsMode([35]), SetGraphicsMode([0]), SetGraphicsMode([32]), SetGraphicsMode([0]), SetGraphicsMode([90]), SetGraphicsMode([0]), SetGraphicsMode([35]), SetGraphicsMode([0]), SetGraphicsMode([35]), SetGraphicsMode([0]), SetGraphicsMode([32]), SetGraphicsMode([0]), SetGraphicsMode([90]), SetGraphicsMode([0]), SetGraphicsMode([35]), SetGraphicsMode([0]), SetGraphicsMode([35]), SetGraphicsMode([0]), SetGraphicsMode([32]), SetGraphicsMode([0]), SetGraphicsMode([90]), SetGraphicsMode([0]), SetGraphicsMode([35]), SetGraphicsMode([0]), SetGraphicsMode([35]), SetGraphicsMode([0]), SetGraphicsMode([32]), SetGraphicsMode([0]), SetGraphicsMode([90]), SetGraphicsMode([0]), SetGraphicsMode([35]), SetGraphicsMode([0]), SetGraphicsMode([35]), SetGraphicsMode([0]), SetGraphicsMode([32]), SetGraphicsMode([0]), SetGraphicsMode([90]), SetGraphicsMode([0]), SetGraphicsMode([35]), SetGraphicsMode([0]), SetGraphicsMode([35]), SetGraphicsMode([0]), SetGraphicsMode([32]), SetGraphicsMode([0]), SetGraphicsMode([90]), SetGraphicsMode([0]), SetGraphicsMode([35]), SetGraphicsMode([0]), SetGraphicsMode([35]), SetGraphicsMode([0]), SetGraphicsMode([96]), SetGraphicsMode([0]), SetGraphicsMode([96]), SetGraphicsMode([0]), SetGraphicsMode([93]), SetGraphicsMode([0]), SetGraphicsMode([96]), SetGraphicsMode([0])]`: \u001b[31m\u001b[0m\n[Continuous integration/Test Operating Systems]   | \n[Continuous integration/Test Operating Systems]   | ANSI escape sequences are not identical to control!\u001b[39m\n[Continuous integration/Test Operating Systems]   | \n[Continuous integration/Test Operating Systems]   | \u001b[31mCONTROL:\u001b[39m\n[Continuous integration/Test Operating Systems]   | \n[Continuous integration/Test Operating Systems]   | \u001b[31mCONTROL STRING =\n[Continuous integration/Test Operating Systems]   | \u001b[39m\n[Continuous integration/Test Operating Systems]   |    0: \u001b[91mtest\u001b[0m\n[Continuous integration/Test Operating Systems]   | \n[Continuous integration/Test Operating Systems]   | Location:\n[Continuous integration/Test Operating Systems]   |    \u001b[35mtests/theme.rs\u001b[0m:\u001b[35m17\u001b[0m\n[Continuous integration/Test Operating Systems]   | \n[Continuous integration/Test Operating Systems]   | Error:\n[Continuous integration/Test Operating Systems]   |    0: \u001b[91merror\u001b[0m\n[Continuous integration/Test Operating Systems]   | \n[Continuous integration/Test Operating Systems]   |   \u2501\u2501\u2501\u2501\u2501\u2501\u2501\u2501\u2501\u2501\u2501\u2501\u2501\u2501\u2501\u2501\u2501\u2501\u2501\u2501\u2501\u2501\u2501\u2501\u2501\u2501\u2501\u2501\u2501\u2501\u2501\u2501\u2501\u2501 SPANTRACE \u2501\u2501\u2501\u2501\u2501\u2501\u2501\u2501\u2501\u2501\u2501\u2501\u2501\u2501\u2501\u2501\u2501\u2501\u2501\u2501\u2501\u2501\u2501\u2501\u2501\u2501\u2501\u2501\u2501\u2501\u2501\u2501\u2501\u2501\u2501\n[Continuous integration/Test Operating Systems]   | \n[Continuous integration/Test Operating Systems]   |    0: \u001b[91mtheme\u001b[0m\u001b[91m::\u001b[0m\u001b[91mget_error\u001b[0m with \u001b[96m\u001b[3mmsg\u001b[0m\u001b[2m=\u001b[0m\"test\"\u001b[0m\n[Continuous integration/Test Operating Systems]   |       at \u001b[35mtests/theme.rs\u001b[0m:\u001b[35m11\u001b[0m\n[Continuous integration/Test Operating Systems]   | \n[Continuous integration/Test Operating Systems]   |   \u2501\u2501\u2501\u2501\u2501\u2501\u2501\u2501\u2501\u2501\u2501\u2501\u2501\u2501\u2501\u2501\u2501\u2501\u2501\u2501\u2501\u2501\u2501\u2501\u2501\u2501\u2501\u2501\u2501\u2501\u2501\u2501\u2501\u2501 BACKTRACE \u2501\u2501\u2501\u2501\u2501\u2501\u2501\u2501\u2501\u2501\u2501\u2501\u2501\u2501\u2501\u2501\u2501\u2501\u2501\u2501\u2501\u2501\u2501\u2501\u2501\u2501\u2501\u2501\u2501\u2501\u2501\u2501\u2501\u2501\u2501\n[Continuous integration/Test Operating Systems]   |   \u001b[96m                              \u22ee 5 frames hidden \u22ee                               \u001b[0m\n[Continuous integration/Test Operating Systems]   |    6: \u001b[91mtheme::get_error::create_report\u001b[0m\u001b[90m::hdb41452bef3fc05d\u001b[0m\n[Continuous integration/Test Operating Systems]   |       at \u001b[35m/home/jlusby/git/yaahc/color-eyre/tests/theme.rs\u001b[0m:\u001b[35m17\u001b[0m\n[Continuous integration/Test Operating Systems]   |    7: \u001b[91mtheme::get_error::{{closure}}\u001b[0m\u001b[90m::h739c7fe800e2d03f\u001b[0m\n[Continuous integration/Test Operating Systems]   |       at \u001b[35m/home/jlusby/git/yaahc/color-eyre/tests/theme.rs\u001b[0m:\u001b[35m25\u001b[0m\n[Continuous integration/Test Operating Systems]   |    8: \u001b[32mcore::option::Option<T>::ok_or_else\u001b[0m\u001b[90m::hd8e670bbca63e94a\u001b[0m\n[Continuous integration/Test Operating Systems]   |       at \u001b[35m/rustc/f1edd0429582dd29cccacaf50fd134b05593bd9c/library/core/src/option.rs\u001b[0m:\u001b[35m954\u001b[0m\n[Continuous integration/Test Operating Systems]   |    9: \u001b[91mtheme::get_error\u001b[0m\u001b[90m::h2f751f4927c6fecb\u001b[0m\n[Continuous integration/Test Operating Systems]   |       at \u001b[35m/home/jlusby/git/yaahc/color-eyre/tests/theme.rs\u001b[0m:\u001b[35m25\u001b[0m\n[Continuous integration/Test Operating Systems]   |   10: \u001b[91mtheme::test_error_backwards_compatibility\u001b[0m\u001b[90m::hfc4be9f22c32535c\u001b[0m\n[Continuous integration/Test Operating Systems]   |       at \u001b[35m/home/jlusby/git/yaahc/color-eyre/tests/theme.rs\u001b[0m:\u001b[35m43\u001b[0m\n[Continuous integration/Test Operating Systems]   |   11: \u001b[91mtheme::test_error_backwards_compatibility::{{closure}}\u001b[0m\u001b[90m::hb001a9a908f0f5a4\u001b[0m\n[Continuous integration/Test Operating Systems]   |       at \u001b[35m/home/jlusby/git/yaahc/color-eyre/tests/theme.rs\u001b[0m:\u001b[35m41\u001b[0m\n[Continuous integration/Test Operating Systems]   |   12: \u001b[32mcore::ops::function::FnOnce::call_once\u001b[0m\u001b[90m::he26938a69d361bf6\u001b[0m\n[Continuous integration/Test Operating Systems]   |       at \u001b[35m/rustc/f1edd0429582dd29cccacaf50fd134b05593bd9c/library/core/src/ops/function.rs\u001b[0m:\u001b[35m227\u001b[0m\n[Continuous integration/Test Operating Systems]   |   13: \u001b[32mcore::ops::function::FnOnce::call_once\u001b[0m\u001b[90m::h83cc023b85256d97\u001b[0m\n[Continuous integration/Test Operating Systems]   |       at \u001b[35m/rustc/f1edd0429582dd29cccacaf50fd134b05593bd9c/library/core/src/ops/function.rs\u001b[0m:\u001b[35m227\u001b[0m\n[Continuous integration/Test Operating Systems]   |   14: \u001b[32mtest::__rust_begin_short_backtrace\u001b[0m\u001b[90m::h7330e4e8b0549e26\u001b[0m\n[Continuous integration/Test Operating Systems]   |       at \u001b[35m/rustc/f1edd0429582dd29cccacaf50fd134b05593bd9c/library/test/src/lib.rs\u001b[0m:\u001b[35m585\u001b[0m\n[Continuous integration/Test Operating Systems]   |   15: \u001b[32m<alloc::boxed::Box<F,A> as core::ops::function::FnOnce<Args>>::call_once\u001b[0m\u001b[90m::h6b77566b8f386abb\u001b[0m\n[Continuous integration/Test Operating Systems]   |       at \u001b[35m/rustc/f1edd0429582dd29cccacaf50fd134b05593bd9c/library/alloc/src/boxed.rs\u001b[0m:\u001b[35m1691\u001b[0m\n[Continuous integration/Test Operating Systems]   |   16: \u001b[32m<core::panic::unwind_safe::AssertUnwindSafe<F> as core::ops::function::FnOnce<()>>::call_once\u001b[0m\u001b[90m::h2ad5de64df41b71c\u001b[0m\n[Continuous integration/Test Operating Systems]   |       at \u001b[35m/rustc/f1edd0429582dd29cccacaf50fd134b05593bd9c/library/core/src/panic/unwind_safe.rs\u001b[0m:\u001b[35m271\u001b[0m\n[Continuous integration/Test Operating Systems]   |   17: \u001b[32mstd::panicking::try::do_call\u001b[0m\u001b[90m::he67b1e56b423a618\u001b[0m\n[Continuous integration/Test Operating Systems]   |       at \u001b[35m/rustc/f1edd0429582dd29cccacaf50fd134b05593bd9c/library/std/src/panicking.rs\u001b[0m:\u001b[35m403\u001b[0m\n[Continuous integration/Test Operating Systems]   |   18: \u001b[32mstd::panicking::try\u001b[0m\u001b[90m::ha9224adcdd41a723\u001b[0m\n[Continuous integration/Test Operating Systems]   |       at \u001b[35m/rustc/f1edd0429582dd29cccacaf50fd134b05593bd9c/library/std/src/panicking.rs\u001b[0m:\u001b[35m367\u001b[0m\n[Continuous integration/Test Operating Systems]   |   19: \u001b[32mstd::panic::catch_unwind\u001b[0m\u001b[90m::h9111b58ae0b27828\u001b[0m\n[Continuous integration/Test Operating Systems]   |       at \u001b[35m/rustc/f1edd0429582dd29cccacaf50fd134b05593bd9c/library/std/src/panic.rs\u001b[0m:\u001b[35m133\u001b[0m\n[Continuous integration/Test Operating Systems]   |   20: \u001b[32mtest::run_test_in_process\u001b[0m\u001b[90m::h15b6b7d5919893aa\u001b[0m\n[Continuous integration/Test Operating Systems]   |       at \u001b[35m/rustc/f1edd0429582dd29cccacaf50fd134b05593bd9c/library/test/src/lib.rs\u001b[0m:\u001b[35m608\u001b[0m\n[Continuous integration/Test Operating Systems]   |   \u001b[96m                              \u22ee 15 frames hidden \u22ee                              \u001b[0m\n[Continuous integration/Test Operating Systems]   | \n[Continuous integration/Test Operating Systems]   | \u001b[96mNote\u001b[0m: note\n[Continuous integration/Test Operating Systems]   | \u001b[93mWarning\u001b[0m: warning\n[Continuous integration/Test Operating Systems]   | \u001b[96mSuggestion\u001b[0m: suggestion\n[Continuous integration/Test Operating Systems]   | \n[Continuous integration/Test Operating Systems]   | Run with COLORBT_SHOW_HIDDEN=1 environment variable to disable frame filtering.\n[Continuous integration/Test Operating Systems]   | Run with RUST_BACKTRACE=full to include source snippets.\n[Continuous integration/Test Operating Systems]   | \n[Continuous integration/Test Operating Systems]   | \u001b[31mCURRENT:\u001b[39m\n[Continuous integration/Test Operating Systems]   | \n[Continuous integration/Test Operating Systems]   | \u001b[31mCURRENT STRING =\n[Continuous integration/Test Operating Systems]   | \u001b[39m\n[Continuous integration/Test Operating Systems]   |    0: \u001b[91mtest\u001b[0m\n[Continuous integration/Test Operating Systems]   | \n[Continuous integration/Test Operating Systems]   | Location:\n[Continuous integration/Test Operating Systems]   |    \u001b[35mtests/theme.rs\u001b[0m:\u001b[35m17\u001b[0m\n[Continuous integration/Test Operating Systems]   | \n[Continuous integration/Test Operating Systems]   | Error:\n[Continuous integration/Test Operating Systems]   |    0: \u001b[91merror\u001b[0m\n[Continuous integration/Test Operating Systems]   | \n[Continuous integration/Test Operating Systems]   |   \u2501\u2501\u2501\u2501\u2501\u2501\u2501\u2501\u2501\u2501\u2501\u2501\u2501\u2501\u2501\u2501\u2501\u2501\u2501\u2501\u2501\u2501\u2501\u2501\u2501\u2501\u2501\u2501\u2501\u2501\u2501\u2501\u2501\u2501 SPANTRACE \u2501\u2501\u2501\u2501\u2501\u2501\u2501\u2501\u2501\u2501\u2501\u2501\u2501\u2501\u2501\u2501\u2501\u2501\u2501\u2501\u2501\u2501\u2501\u2501\u2501\u2501\u2501\u2501\u2501\u2501\u2501\u2501\u2501\u2501\u2501\n[Continuous integration/Test Operating Systems]   | \n[Continuous integration/Test Operating Systems]   |    0: \u001b[91mtheme\u001b[0m\u001b[91m::\u001b[0m\u001b[91mget_error\u001b[0m with \u001b[96m\u001b[3mmsg\u001b[0m\u001b[2m=\u001b[0m\"test\"\u001b[0m\n[Continuous integration/Test Operating Systems]   |       at \u001b[35mtests/theme.rs\u001b[0m:\u001b[35m11\u001b[0m\n[Continuous integration/Test Operating Systems]   | \n[Continuous integration/Test Operating Systems]   |   \u2501\u2501\u2501\u2501\u2501\u2501\u2501\u2501\u2501\u2501\u2501\u2501\u2501\u2501\u2501\u2501\u2501\u2501\u2501\u2501\u2501\u2501\u2501\u2501\u2501\u2501\u2501\u2501\u2501\u2501\u2501\u2501\u2501\u2501 BACKTRACE \u2501\u2501\u2501\u2501\u2501\u2501\u2501\u2501\u2501\u2501\u2501\u2501\u2501\u2501\u2501\u2501\u2501\u2501\u2501\u2501\u2501\u2501\u2501\u2501\u2501\u2501\u2501\u2501\u2501\u2501\u2501\u2501\u2501\u2501\u2501\n[Continuous integration/Test Operating Systems]   |   \u001b[96m                              \u22ee 5 frames hidden \u22ee                               \u001b[0m\n[Continuous integration/Test Operating Systems]   |    6: \u001b[91mtheme::get_error::create_report\u001b[0m\u001b[90m::h04986b0825f52e73\u001b[0m\n[Continuous integration/Test Operating Systems]   |       at \u001b[35m/tmp/c1e8dd3a-fec2-11ed-a890-af2cc187fc11/yaahc-color-eyre/tests/theme.rs\u001b[0m:\u001b[35m17\u001b[0m\n[Continuous integration/Test Operating Systems]   |    7: \u001b[91mtheme::get_error::{{closure}}\u001b[0m\u001b[90m::hc37614fa0fbfa28c\u001b[0m\n[Continuous integration/Test Operating Systems]   |       at \u001b[35m/tmp/c1e8dd3a-fec2-11ed-a890-af2cc187fc11/yaahc-color-eyre/tests/theme.rs\u001b[0m:\u001b[35m25\u001b[0m\n[Continuous integration/Test Operating Systems]   |    8: \u001b[32mcore::option::Option<T>::ok_or_else\u001b[0m\u001b[90m::h894e77e9f5d87af9\u001b[0m\n[Continuous integration/Test Operating Systems]   |       at \u001b[35m/rustc/84c898d65adf2f39a5a98507f1fe0ce10a2b8dbc/library/core/src/option.rs\u001b[0m:\u001b[35m1249\u001b[0m\n[Continuous integration/Test Operating Systems]   |    9: \u001b[91mtheme::get_error\u001b[0m\u001b[90m::h496498233127fe1e\u001b[0m\n[Continuous integration/Test Operating Systems]   |       at \u001b[35m/tmp/c1e8dd3a-fec2-11ed-a890-af2cc187fc11/yaahc-color-eyre/tests/theme.rs\u001b[0m:\u001b[35m25\u001b[0m\n[Continuous integration/Test Operating Systems]   |   10: \u001b[91mtheme::test_error_backwards_compatibility\u001b[0m\u001b[90m::h5f3d157e7abc6fb4\u001b[0m\n[Continuous integration/Test Operating Systems]   |       at \u001b[35m/tmp/c1e8dd3a-fec2-11ed-a890-af2cc187fc11/yaahc-color-eyre/tests/theme.rs\u001b[0m:\u001b[35m43\u001b[0m\n[Continuous integration/Test Operating Systems]   |   11: \u001b[91mtheme::test_error_backwards_compatibility::{{closure}}\u001b[0m\u001b[90m::h451148a0df281591\u001b[0m\n[Continuous integration/Test Operating Systems]   |       at \u001b[35m/tmp/c1e8dd3a-fec2-11ed-a890-af2cc187fc11/yaahc-color-eyre/tests/theme.rs\u001b[0m:\u001b[35m41\u001b[0m\n[Continuous integration/Test Operating Systems]   |   12: \u001b[32mcore::ops::function::FnOnce::call_once\u001b[0m\u001b[90m::h7adf99365b7e1509\u001b[0m\n[Continuous integration/Test Operating Systems]   |       at \u001b[35m/rustc/84c898d65adf2f39a5a98507f1fe0ce10a2b8dbc/library/core/src/ops/function.rs\u001b[0m:\u001b[35m250\u001b[0m\n[Continuous integration/Test Operating Systems]   |   13: \u001b[32mcore::ops::function::FnOnce::call_once\u001b[0m\u001b[90m::h7d969581be7d0075\u001b[0m\n[Continuous integration/Test Operating Systems]   |       at \u001b[35m/rustc/84c898d65adf2f39a5a98507f1fe0ce10a2b8dbc/library/core/src/ops/function.rs\u001b[0m:\u001b[35m250\u001b[0m\n[Continuous integration/Test Operating Systems]   |   14: \u001b[32mtest::__rust_begin_short_backtrace\u001b[0m\u001b[90m::hca25a52684e56655\u001b[0m\n[Continuous integration/Test Operating Systems]   |       at \u001b[35m/rustc/84c898d65adf2f39a5a98507f1fe0ce10a2b8dbc/library/test/src/lib.rs\u001b[0m:\u001b[35m656\u001b[0m\n[Continuous integration/Test Operating Systems]   |   15: \u001b[32mtest::run_test::{{closure}}\u001b[0m\u001b[90m::ha8ac744c4af1a4bb\u001b[0m\n[Continuous integration/Test Operating Systems]   |       at \u001b[35m/rustc/84c898d65adf2f39a5a98507f1fe0ce10a2b8dbc/library/test/src/lib.rs\u001b[0m:\u001b[35m647\u001b[0m\n[Continuous integration/Test Operating Systems]   |   16: \u001b[32mcore::ops::function::FnOnce::call_once{{vtable.shim}}\u001b[0m\u001b[90m::h7b411a9ed45bdecf\u001b[0m\n[Continuous integration/Test Operating Systems]   |       at \u001b[35m/rustc/84c898d65adf2f39a5a98507f1fe0ce10a2b8dbc/library/core/src/ops/function.rs\u001b[0m:\u001b[35m250\u001b[0m\n[Continuous integration/Test Operating Systems]   |   17: \u001b[32m<alloc::boxed::Box<F,A> as core::ops::function::FnOnce<Args>>::call_once\u001b[0m\u001b[90m::hd05328869a8ed200\u001b[0m\n[Continuous integration/Test Operating Systems]   |       at \u001b[35m/rustc/84c898d65adf2f39a5a98507f1fe0ce10a2b8dbc/library/alloc/src/boxed.rs\u001b[0m:\u001b[35m1987\u001b[0m\n[Continuous integration/Test Operating Systems]   |   18: \u001b[32m<core::panic::unwind_safe::AssertUnwindSafe<F> as core::ops::function::FnOnce<()>>::call_once\u001b[0m\u001b[90m::h0c601ce20bd5b2be\u001b[0m\n[Continuous integration/Test Operating Systems]   |       at \u001b[35m/rustc/84c898d65adf2f39a5a98507f1fe0ce10a2b8dbc/library/core/src/panic/unwind_safe.rs\u001b[0m:\u001b[35m271\u001b[0m\n[Continuous integration/Test Operating Systems]   |   19: \u001b[32mstd::panicking::try::do_call\u001b[0m\u001b[90m::ha4be5c164fe30854\u001b[0m\n[Continuous integration/Test Operating Systems]   |       at \u001b[35m/rustc/84c898d65adf2f39a5a98507f1fe0ce10a2b8dbc/library/std/src/panicking.rs\u001b[0m:\u001b[35m487\u001b[0m\n[Continuous integration/Test Operating Systems]   |   20: \u001b[32mstd::panicking::try\u001b[0m\u001b[90m::h604546f3609af05f\u001b[0m\n[Continuous integration/Test Operating Systems]   |       at \u001b[35m/rustc/84c898d65adf2f39a5a98507f1fe0ce10a2b8dbc/library/std/src/panicking.rs\u001b[0m:\u001b[35m451\u001b[0m\n[Continuous integration/Test Operating Systems]   |   21: \u001b[32mstd::panic::catch_unwind\u001b[0m\u001b[90m::h5bfa8afe44c9c2f9\u001b[0m\n[Continuous integration/Test Operating Systems]   |       at \u001b[35m/rustc/84c898d65adf2f39a5a98507f1fe0ce10a2b8dbc/library/std/src/panic.rs\u001b[0m:\u001b[35m140\u001b[0m\n[Continuous integration/Test Operating Systems]   |   22: \u001b[32mtest::run_test_in_process\u001b[0m\u001b[90m::hd50dee55dd63e6aa\u001b[0m\n[Continuous integration/Test Operating Systems]   |       at \u001b[35m/rustc/84c898d65adf2f39a5a98507f1fe0ce10a2b8dbc/library/test/src/lib.rs\u001b[0m:\u001b[35m679\u001b[0m\n[Continuous integration/Test Operating Systems]   |   \u001b[96m                              \u22ee 15 frames hidden \u22ee                              \u001b[0m\n[Continuous integration/Test Operating Systems]   | \n[Continuous integration/Test Operating Systems]   | \u001b[96mNote\u001b[0m: note\n[Continuous integration/Test Operating Systems]   | \u001b[93mWarning\u001b[0m: warning\n[Continuous integration/Test Operating Systems]   | \u001b[96mSuggestion\u001b[0m: suggestion\n[Continuous integration/Test Operating Systems]   | \n[Continuous integration/Test Operating Systems]   | Run with COLORBT_SHOW_HIDDEN=1 environment variable to disable frame filtering.\n[Continuous integration/Test Operating Systems]   | Run with RUST_BACKTRACE=full to include source snippets.\n[Continuous integration/Test Operating Systems]   | \n[Continuous integration/Test Operating Systems]   | \u001b[31mSee the src of this test for more information about the test and ways to include/exclude debugging information.\n[Continuous integration/Test Operating Systems]   | \n[Continuous integration/Test Operating Systems]   | \u001b[39m\u001b[0m\n[Continuous integration/Test Operating Systems]   | Location: \u001b[35mtests/theme.rs\u001b[0m:\u001b[35m191\u001b[0m\n[Continuous integration/Test Operating Systems]   | \n[Continuous integration/Test Operating Systems]   | Backtrace omitted. Run with RUST_BACKTRACE=1 environment variable to display it.\n[Continuous integration/Test Operating Systems]   | Run with RUST_BACKTRACE=full to include source snippets.\n[Continuous integration/Test Operating Systems]   | \n[Continuous integration/Test Operating Systems]   | \n[Continuous integration/Test Operating Systems]   | failures:\n[Continuous integration/Test Operating Systems]   |     test_error_backwards_compatibility\n[Continuous integration/Test Operating Systems]   | \n[Continuous integration/Test Operating Systems]   | test result: FAILED. 1 passed; 1 failed; 0 ignored; 0 measured; 0 filtered out; finished in 3.79s\n[Continuous integration/Test Operating Systems]   | \n[Continuous integration/Test Versions         ]   \u2757  ::error::The process '/home/runneradmin/.cargo/bin/cargo' failed with exit code 101\n[Continuous integration/Test Operating Systems]   | error: test failed, to rerun pass `--test theme`\n[Continuous integration/Test Operating Systems]   \u2757  ::error::The process '/home/runneradmin/.cargo/bin/cargo' failed with exit code 101\n[Continuous integration/Test Features         ]   | test test_panic_backwards_compatibility ... ok\n[Continuous integration/Test Features         ]   | \n[Continuous integration/Test Features         ]   | failures:\n[Continuous integration/Test Features         ]   | \n[Continuous integration/Test Features         ]   | ---- test_error_backwards_compatibility stdout ----\n[Continuous integration/Test Features         ]   | \u001b[31mThe application panicked (crashed).\u001b[0m\n[Continuous integration/Test Features         ]   | Message:  \u001b[36massertion failed: `(left == right)`\n[Continuous integration/Test Features         ]   |   left: `[SetGraphicsMode([91]), SetGraphicsMode([0]), SetGraphicsMode([35]), SetGraphicsMode([0]), SetGraphicsMode([35]), SetGraphicsMode([0]), SetGraphicsMode([91]), SetGraphicsMode([0]), SetGraphicsMode([91]), SetGraphicsMode([0]), SetGraphicsMode([91]), SetGraphicsMode([0]), SetGraphicsMode([91]), SetGraphicsMode([0]), SetGraphicsMode([96]), SetGraphicsMode([3]), SetGraphicsMode([0]), SetGraphicsMode([2]), SetGraphicsMode([0]), SetGraphicsMode([0]), SetGraphicsMode([35]), SetGraphicsMode([0]), SetGraphicsMode([35]), SetGraphicsMode([0]), SetGraphicsMode([96]), SetGraphicsMode([0]), SetGraphicsMode([91]), SetGraphicsMode([0]), SetGraphicsMode([90]), SetGraphicsMode([0]), SetGraphicsMode([35]), SetGraphicsMode([0]), SetGraphicsMode([35]), SetGraphicsMode([0]), SetGraphicsMode([91]), SetGraphicsMode([0]), SetGraphicsMode([90]), SetGraphicsMode([0]), SetGraphicsMode([35]), SetGraphicsMode([0]), SetGraphicsMode([35]), SetGraphicsMode([0]), SetGraphicsMode([32]), SetGraphicsMode([0]), SetGraphicsMode([90]), SetGraphicsMode([0]), SetGraphicsMode([35]), SetGraphicsMode([0]), SetGraphicsMode([35]), SetGraphicsMode([0]), SetGraphicsMode([91]), SetGraphicsMode([0]), SetGraphicsMode([90]), SetGraphicsMode([0]), SetGraphicsMode([35]), SetGraphicsMode([0]), SetGraphicsMode([35]), SetGraphicsMode([0]), SetGraphicsMode([91]), SetGraphicsMode([0]), SetGraphicsMode([90]), SetGraphicsMode([0]), SetGraphicsMode([35]), SetGraphicsMode([0]), SetGraphicsMode([35]), SetGraphicsMode([0]), SetGraphicsMode([91]), SetGraphicsMode([0]), SetGraphicsMode([90]), SetGraphicsMode([0]), SetGraphicsMode([35]), SetGraphicsMode([0]), SetGraphicsMode([35]), SetGraphicsMode([0]), SetGraphicsMode([32]), SetGraphicsMode([0]), SetGraphicsMode([90]), SetGraphicsMode([0]), SetGraphicsMode([35]), SetGraphicsMode([0]), SetGraphicsMode([35]), SetGraphicsMode([0]), SetGraphicsMode([32]), SetGraphicsMode([0]), SetGraphicsMode([90]), SetGraphicsMode([0]), SetGraphicsMode([35]), SetGraphicsMode([0]), SetGraphicsMode([35]), SetGraphicsMode([0]), SetGraphicsMode([32]), SetGraphicsMode([0]), SetGraphicsMode([90]), SetGraphicsMode([0]), SetGraphicsMode([35]), SetGraphicsMode([0]), SetGraphicsMode([35]), SetGraphicsMode([0]), SetGraphicsMode([32]), SetGraphicsMode([0]), SetGraphicsMode([90]), SetGraphicsMode([0]), SetGraphicsMode([35]), SetGraphicsMode([0]), SetGraphicsMode([35]), SetGraphicsMode([0]), SetGraphicsMode([32]), SetGraphicsMode([0]), SetGraphicsMode([90]), SetGraphicsMode([0]), SetGraphicsMode([35]), SetGraphicsMode([0]), SetGraphicsMode([35]), SetGraphicsMode([0]), SetGraphicsMode([32]), SetGraphicsMode([0]), SetGraphicsMode([90]), SetGraphicsMode([0]), SetGraphicsMode([35]), SetGraphicsMode([0]), SetGraphicsMode([35]), SetGraphicsMode([0]), SetGraphicsMode([32]), SetGraphicsMode([0]), SetGraphicsMode([90]), SetGraphicsMode([0]), SetGraphicsMode([35]), SetGraphicsMode([0]), SetGraphicsMode([35]), SetGraphicsMode([0]), SetGraphicsMode([32]), SetGraphicsMode([0]), SetGraphicsMode([90]), SetGraphicsMode([0]), SetGraphicsMode([35]), SetGraphicsMode([0]), SetGraphicsMode([35]), SetGraphicsMode([0]), SetGraphicsMode([32]), SetGraphicsMode([0]), SetGraphicsMode([90]), SetGraphicsMode([0]), SetGraphicsMode([35]), SetGraphicsMode([0]), SetGraphicsMode([35]), SetGraphicsMode([0]), SetGraphicsMode([32]), SetGraphicsMode([0]), SetGraphicsMode([90]), SetGraphicsMode([0]), SetGraphicsMode([35]), SetGraphicsMode([0]), SetGraphicsMode([35]), SetGraphicsMode([0]), SetGraphicsMode([32]), SetGraphicsMode([0]), SetGraphicsMode([90]), SetGraphicsMode([0]), SetGraphicsMode([35]), SetGraphicsMode([0]), SetGraphicsMode([35]), SetGraphicsMode([0]), SetGraphicsMode([96]), SetGraphicsMode([0]), SetGraphicsMode([96]), SetGraphicsMode([0]), SetGraphicsMode([93]), SetGraphicsMode([0]), SetGraphicsMode([96]), SetGraphicsMode([0])]`,\n[Continuous integration/Test Features         ]   |  right: `[SetGraphicsMode([91]), SetGraphicsMode([0]), SetGraphicsMode([35]), SetGraphicsMode([0]), SetGraphicsMode([35]), SetGraphicsMode([0]), SetGraphicsMode([91]), SetGraphicsMode([0]), SetGraphicsMode([91]), SetGraphicsMode([0]), SetGraphicsMode([91]), SetGraphicsMode([0]), SetGraphicsMode([91]), SetGraphicsMode([0]), SetGraphicsMode([96]), SetGraphicsMode([3]), SetGraphicsMode([0]), SetGraphicsMode([2]), SetGraphicsMode([0]), SetGraphicsMode([0]), SetGraphicsMode([35]), SetGraphicsMode([0]), SetGraphicsMode([35]), SetGraphicsMode([0]), SetGraphicsMode([96]), SetGraphicsMode([0]), SetGraphicsMode([91]), SetGraphicsMode([0]), SetGraphicsMode([90]), SetGraphicsMode([0]), SetGraphicsMode([35]), SetGraphicsMode([0]), SetGraphicsMode([35]), SetGraphicsMode([0]), SetGraphicsMode([91]), SetGraphicsMode([0]), SetGraphicsMode([90]), SetGraphicsMode([0]), SetGraphicsMode([35]), SetGraphicsMode([0]), SetGraphicsMode([35]), SetGraphicsMode([0]), SetGraphicsMode([32]), SetGraphicsMode([0]), SetGraphicsMode([90]), SetGraphicsMode([0]), SetGraphicsMode([35]), SetGraphicsMode([0]), SetGraphicsMode([35]), SetGraphicsMode([0]), SetGraphicsMode([91]), SetGraphicsMode([0]), SetGraphicsMode([90]), SetGraphicsMode([0]), SetGraphicsMode([35]), SetGraphicsMode([0]), SetGraphicsMode([35]), SetGraphicsMode([0]), SetGraphicsMode([91]), SetGraphicsMode([0]), SetGraphicsMode([90]), SetGraphicsMode([0]), SetGraphicsMode([35]), SetGraphicsMode([0]), SetGraphicsMode([35]), SetGraphicsMode([0]), SetGraphicsMode([91]), SetGraphicsMode([0]), SetGraphicsMode([90]), SetGraphicsMode([0]), SetGraphicsMode([35]), SetGraphicsMode([0]), SetGraphicsMode([35]), SetGraphicsMode([0]), SetGraphicsMode([32]), SetGraphicsMode([0]), SetGraphicsMode([90]), SetGraphicsMode([0]), SetGraphicsMode([35]), SetGraphicsMode([0]), SetGraphicsMode([35]), SetGraphicsMode([0]), SetGraphicsMode([32]), SetGraphicsMode([0]), SetGraphicsMode([90]), SetGraphicsMode([0]), SetGraphicsMode([35]), SetGraphicsMode([0]), SetGraphicsMode([35]), SetGraphicsMode([0]), SetGraphicsMode([32]), SetGraphicsMode([0]), SetGraphicsMode([90]), SetGraphicsMode([0]), SetGraphicsMode([35]), SetGraphicsMode([0]), SetGraphicsMode([35]), SetGraphicsMode([0]), SetGraphicsMode([32]), SetGraphicsMode([0]), SetGraphicsMode([90]), SetGraphicsMode([0]), SetGraphicsMode([35]), SetGraphicsMode([0]), SetGraphicsMode([35]), SetGraphicsMode([0]), SetGraphicsMode([32]), SetGraphicsMode([0]), SetGraphicsMode([90]), SetGraphicsMode([0]), SetGraphicsMode([35]), SetGraphicsMode([0]), SetGraphicsMode([35]), SetGraphicsMode([0]), SetGraphicsMode([32]), SetGraphicsMode([0]), SetGraphicsMode([90]), SetGraphicsMode([0]), SetGraphicsMode([35]), SetGraphicsMode([0]), SetGraphicsMode([35]), SetGraphicsMode([0]), SetGraphicsMode([32]), SetGraphicsMode([0]), SetGraphicsMode([90]), SetGraphicsMode([0]), SetGraphicsMode([35]), SetGraphicsMode([0]), SetGraphicsMode([35]), SetGraphicsMode([0]), SetGraphicsMode([32]), SetGraphicsMode([0]), SetGraphicsMode([90]), SetGraphicsMode([0]), SetGraphicsMode([35]), SetGraphicsMode([0]), SetGraphicsMode([35]), SetGraphicsMode([0]), SetGraphicsMode([32]), SetGraphicsMode([0]), SetGraphicsMode([90]), SetGraphicsMode([0]), SetGraphicsMode([35]), SetGraphicsMode([0]), SetGraphicsMode([35]), SetGraphicsMode([0]), SetGraphicsMode([96]), SetGraphicsMode([0]), SetGraphicsMode([96]), SetGraphicsMode([0]), SetGraphicsMode([93]), SetGraphicsMode([0]), SetGraphicsMode([96]), SetGraphicsMode([0])]`: \u001b[31m\u001b[0m\n[Continuous integration/Test Features         ]   | \n[Continuous integration/Test Features         ]   | ANSI escape sequences are not identical to control!\u001b[39m\n[Continuous integration/Test Features         ]   | \n[Continuous integration/Test Features         ]   | \u001b[31mCONTROL:\u001b[39m\n[Continuous integration/Test Features         ]   | \n[Continuous integration/Test Features         ]   | \u001b[31mCONTROL STRING =\n[Continuous integration/Test Features         ]   | \u001b[39m\n[Continuous integration/Test Features         ]   |    0: \u001b[91mtest\u001b[0m\n[Continuous integration/Test Features         ]   | \n[Continuous integration/Test Features         ]   | Location:\n[Continuous integration/Test Features         ]   |    \u001b[35mtests/theme.rs\u001b[0m:\u001b[35m17\u001b[0m\n[Continuous integration/Test Features         ]   | \n[Continuous integration/Test Features         ]   | Error:\n[Continuous integration/Test Features         ]   |    0: \u001b[91merror\u001b[0m\n[Continuous integration/Test Features         ]   | \n[Continuous integration/Test Features         ]   |   \u2501\u2501\u2501\u2501\u2501\u2501\u2501\u2501\u2501\u2501\u2501\u2501\u2501\u2501\u2501\u2501\u2501\u2501\u2501\u2501\u2501\u2501\u2501\u2501\u2501\u2501\u2501\u2501\u2501\u2501\u2501\u2501\u2501\u2501 SPANTRACE \u2501\u2501\u2501\u2501\u2501\u2501\u2501\u2501\u2501\u2501\u2501\u2501\u2501\u2501\u2501\u2501\u2501\u2501\u2501\u2501\u2501\u2501\u2501\u2501\u2501\u2501\u2501\u2501\u2501\u2501\u2501\u2501\u2501\u2501\u2501\n[Continuous integration/Test Features         ]   | \n[Continuous integration/Test Features         ]   |    0: \u001b[91mtheme\u001b[0m\u001b[91m::\u001b[0m\u001b[91mget_error\u001b[0m with \u001b[96m\u001b[3mmsg\u001b[0m\u001b[2m=\u001b[0m\"test\"\u001b[0m\n[Continuous integration/Test Features         ]   |       at \u001b[35mtests/theme.rs\u001b[0m:\u001b[35m11\u001b[0m\n[Continuous integration/Test Features         ]   | \n[Continuous integration/Test Features         ]   |   \u2501\u2501\u2501\u2501\u2501\u2501\u2501\u2501\u2501\u2501\u2501\u2501\u2501\u2501\u2501\u2501\u2501\u2501\u2501\u2501\u2501\u2501\u2501\u2501\u2501\u2501\u2501\u2501\u2501\u2501\u2501\u2501\u2501\u2501 BACKTRACE \u2501\u2501\u2501\u2501\u2501\u2501\u2501\u2501\u2501\u2501\u2501\u2501\u2501\u2501\u2501\u2501\u2501\u2501\u2501\u2501\u2501\u2501\u2501\u2501\u2501\u2501\u2501\u2501\u2501\u2501\u2501\u2501\u2501\u2501\u2501\n[Continuous integration/Test Features         ]   |   \u001b[96m                              \u22ee 5 frames hidden \u22ee                               \u001b[0m\n[Continuous integration/Test Features         ]   |    6: \u001b[91mtheme::get_error::create_report\u001b[0m\u001b[90m::hdb41452bef3fc05d\u001b[0m\n[Continuous integration/Test Features         ]   |       at \u001b[35m/home/jlusby/git/yaahc/color-eyre/tests/theme.rs\u001b[0m:\u001b[35m17\u001b[0m\n[Continuous integration/Test Features         ]   |    7: \u001b[91mtheme::get_error::{{closure}}\u001b[0m\u001b[90m::h739c7fe800e2d03f\u001b[0m\n[Continuous integration/Test Features         ]   |       at \u001b[35m/home/jlusby/git/yaahc/color-eyre/tests/theme.rs\u001b[0m:\u001b[35m25\u001b[0m\n[Continuous integration/Test Features         ]   |    8: \u001b[32mcore::option::Option<T>::ok_or_else\u001b[0m\u001b[90m::hd8e670bbca63e94a\u001b[0m\n[Continuous integration/Test Features         ]   |       at \u001b[35m/rustc/f1edd0429582dd29cccacaf50fd134b05593bd9c/library/core/src/option.rs\u001b[0m:\u001b[35m954\u001b[0m\n[Continuous integration/Test Features         ]   |    9: \u001b[91mtheme::get_error\u001b[0m\u001b[90m::h2f751f4927c6fecb\u001b[0m\n[Continuous integration/Test Features         ]   |       at \u001b[35m/home/jlusby/git/yaahc/color-eyre/tests/theme.rs\u001b[0m:\u001b[35m25\u001b[0m\n[Continuous integration/Test Features         ]   |   10: \u001b[91mtheme::test_error_backwards_compatibility\u001b[0m\u001b[90m::hfc4be9f22c32535c\u001b[0m\n[Continuous integration/Test Features         ]   |       at \u001b[35m/home/jlusby/git/yaahc/color-eyre/tests/theme.rs\u001b[0m:\u001b[35m43\u001b[0m\n[Continuous integration/Test Features         ]   |   11: \u001b[91mtheme::test_error_backwards_compatibility::{{closure}}\u001b[0m\u001b[90m::hb001a9a908f0f5a4\u001b[0m\n[Continuous integration/Test Features         ]   |       at \u001b[35m/home/jlusby/git/yaahc/color-eyre/tests/theme.rs\u001b[0m:\u001b[35m41\u001b[0m\n[Continuous integration/Test Features         ]   |   12: \u001b[32mcore::ops::function::FnOnce::call_once\u001b[0m\u001b[90m::he26938a69d361bf6\u001b[0m\n[Continuous integration/Test Features         ]   |       at \u001b[35m/rustc/f1edd0429582dd29cccacaf50fd134b05593bd9c/library/core/src/ops/function.rs\u001b[0m:\u001b[35m227\u001b[0m\n[Continuous integration/Test Features         ]   |   13: \u001b[32mcore::ops::function::FnOnce::call_once\u001b[0m\u001b[90m::h83cc023b85256d97\u001b[0m\n[Continuous integration/Test Features         ]   |       at \u001b[35m/rustc/f1edd0429582dd29cccacaf50fd134b05593bd9c/library/core/src/ops/function.rs\u001b[0m:\u001b[35m227\u001b[0m\n[Continuous integration/Test Features         ]   |   14: \u001b[32mtest::__rust_begin_short_backtrace\u001b[0m\u001b[90m::h7330e4e8b0549e26\u001b[0m\n[Continuous integration/Test Features         ]   |       at \u001b[35m/rustc/f1edd0429582dd29cccacaf50fd134b05593bd9c/library/test/src/lib.rs\u001b[0m:\u001b[35m585\u001b[0m\n[Continuous integration/Test Features         ]   |   15: \u001b[32m<alloc::boxed::Box<F,A> as core::ops::function::FnOnce<Args>>::call_once\u001b[0m\u001b[90m::h6b77566b8f386abb\u001b[0m\n[Continuous integration/Test Features         ]   |       at \u001b[35m/rustc/f1edd0429582dd29cccacaf50fd134b05593bd9c/library/alloc/src/boxed.rs\u001b[0m:\u001b[35m1691\u001b[0m\n[Continuous integration/Test Features         ]   |   16: \u001b[32m<core::panic::unwind_safe::AssertUnwindSafe<F> as core::ops::function::FnOnce<()>>::call_once\u001b[0m\u001b[90m::h2ad5de64df41b71c\u001b[0m\n[Continuous integration/Test Features         ]   |       at \u001b[35m/rustc/f1edd0429582dd29cccacaf50fd134b05593bd9c/library/core/src/panic/unwind_safe.rs\u001b[0m:\u001b[35m271\u001b[0m\n[Continuous integration/Test Features         ]   |   17: \u001b[32mstd::panicking::try::do_call\u001b[0m\u001b[90m::he67b1e56b423a618\u001b[0m\n[Continuous integration/Test Features         ]   |       at \u001b[35m/rustc/f1edd0429582dd29cccacaf50fd134b05593bd9c/library/std/src/panicking.rs\u001b[0m:\u001b[35m403\u001b[0m\n[Continuous integration/Test Features         ]   |   18: \u001b[32mstd::panicking::try\u001b[0m\u001b[90m::ha9224adcdd41a723\u001b[0m\n[Continuous integration/Test Features         ]   |       at \u001b[35m/rustc/f1edd0429582dd29cccacaf50fd134b05593bd9c/library/std/src/panicking.rs\u001b[0m:\u001b[35m367\u001b[0m\n[Continuous integration/Test Features         ]   |   19: \u001b[32mstd::panic::catch_unwind\u001b[0m\u001b[90m::h9111b58ae0b27828\u001b[0m\n[Continuous integration/Test Features         ]   |       at \u001b[35m/rustc/f1edd0429582dd29cccacaf50fd134b05593bd9c/library/std/src/panic.rs\u001b[0m:\u001b[35m133\u001b[0m\n[Continuous integration/Test Features         ]   |   20: \u001b[32mtest::run_test_in_process\u001b[0m\u001b[90m::h15b6b7d5919893aa\u001b[0m\n[Continuous integration/Test Features         ]   |       at \u001b[35m/rustc/f1edd0429582dd29cccacaf50fd134b05593bd9c/library/test/src/lib.rs\u001b[0m:\u001b[35m608\u001b[0m\n[Continuous integration/Test Features         ]   |   \u001b[96m                              \u22ee 15 frames hidden \u22ee                              \u001b[0m\n[Continuous integration/Test Features         ]   | \n[Continuous integration/Test Features         ]   | \u001b[96mNote\u001b[0m: note\n[Continuous integration/Test Features         ]   | \u001b[93mWarning\u001b[0m: warning\n[Continuous integration/Test Features         ]   | \u001b[96mSuggestion\u001b[0m: suggestion\n[Continuous integration/Test Features         ]   | \n[Continuous integration/Test Features         ]   | Run with COLORBT_SHOW_HIDDEN=1 environment variable to disable frame filtering.\n[Continuous integration/Test Features         ]   | Run with RUST_BACKTRACE=full to include source snippets.\n[Continuous integration/Test Features         ]   | \n[Continuous integration/Test Features         ]   | \u001b[31mCURRENT:\u001b[39m\n[Continuous integration/Test Features         ]   | \n[Continuous integration/Test Features         ]   | \u001b[31mCURRENT STRING =\n[Continuous integration/Test Features         ]   | \u001b[39m\n[Continuous integration/Test Features         ]   |    0: \u001b[91mtest\u001b[0m\n[Continuous integration/Test Features         ]   | \n[Continuous integration/Test Features         ]   | Location:\n[Continuous integration/Test Features         ]   |    \u001b[35mtests/theme.rs\u001b[0m:\u001b[35m17\u001b[0m\n[Continuous integration/Test Features         ]   | \n[Continuous integration/Test Features         ]   | Error:\n[Continuous integration/Test Features         ]   |    0: \u001b[91merror\u001b[0m\n[Continuous integration/Test Features         ]   | \n[Continuous integration/Test Features         ]   |   \u2501\u2501\u2501\u2501\u2501\u2501\u2501\u2501\u2501\u2501\u2501\u2501\u2501\u2501\u2501\u2501\u2501\u2501\u2501\u2501\u2501\u2501\u2501\u2501\u2501\u2501\u2501\u2501\u2501\u2501\u2501\u2501\u2501\u2501 SPANTRACE \u2501\u2501\u2501\u2501\u2501\u2501\u2501\u2501\u2501\u2501\u2501\u2501\u2501\u2501\u2501\u2501\u2501\u2501\u2501\u2501\u2501\u2501\u2501\u2501\u2501\u2501\u2501\u2501\u2501\u2501\u2501\u2501\u2501\u2501\u2501\n[Continuous integration/Test Features         ]   | \n[Continuous integration/Test Features         ]   |    0: \u001b[91mtheme\u001b[0m\u001b[91m::\u001b[0m\u001b[91mget_error\u001b[0m with \u001b[96m\u001b[3mmsg\u001b[0m\u001b[2m=\u001b[0m\"test\"\u001b[0m\n[Continuous integration/Test Features         ]   |       at \u001b[35mtests/theme.rs\u001b[0m:\u001b[35m11\u001b[0m\n[Continuous integration/Test Features         ]   | \n[Continuous integration/Test Features         ]   |   \u2501\u2501\u2501\u2501\u2501\u2501\u2501\u2501\u2501\u2501\u2501\u2501\u2501\u2501\u2501\u2501\u2501\u2501\u2501\u2501\u2501\u2501\u2501\u2501\u2501\u2501\u2501\u2501\u2501\u2501\u2501\u2501\u2501\u2501 BACKTRACE \u2501\u2501\u2501\u2501\u2501\u2501\u2501\u2501\u2501\u2501\u2501\u2501\u2501\u2501\u2501\u2501\u2501\u2501\u2501\u2501\u2501\u2501\u2501\u2501\u2501\u2501\u2501\u2501\u2501\u2501\u2501\u2501\u2501\u2501\u2501\n[Continuous integration/Test Features         ]   |   \u001b[96m                              \u22ee 5 frames hidden \u22ee                               \u001b[0m\n[Continuous integration/Test Features         ]   |    6: \u001b[91mtheme::get_error::create_report\u001b[0m\u001b[90m::h04986b0825f52e73\u001b[0m\n[Continuous integration/Test Features         ]   |       at \u001b[35m/tmp/c1e8dd3a-fec2-11ed-a890-af2cc187fc11/yaahc-color-eyre/tests/theme.rs\u001b[0m:\u001b[35m17\u001b[0m\n[Continuous integration/Test Features         ]   |    7: \u001b[91mtheme::get_error::{{closure}}\u001b[0m\u001b[90m::hc37614fa0fbfa28c\u001b[0m\n[Continuous integration/Test Features         ]   |       at \u001b[35m/tmp/c1e8dd3a-fec2-11ed-a890-af2cc187fc11/yaahc-color-eyre/tests/theme.rs\u001b[0m:\u001b[35m25\u001b[0m\n[Continuous integration/Test Features         ]   |    8: \u001b[32mcore::option::Option<T>::ok_or_else\u001b[0m\u001b[90m::h894e77e9f5d87af9\u001b[0m\n[Continuous integration/Test Features         ]   |       at \u001b[35m/rustc/84c898d65adf2f39a5a98507f1fe0ce10a2b8dbc/library/core/src/option.rs\u001b[0m:\u001b[35m1249\u001b[0m\n[Continuous integration/Test Features         ]   |    9: \u001b[91mtheme::get_error\u001b[0m\u001b[90m::h496498233127fe1e\u001b[0m\n[Continuous integration/Test Features         ]   |       at \u001b[35m/tmp/c1e8dd3a-fec2-11ed-a890-af2cc187fc11/yaahc-color-eyre/tests/theme.rs\u001b[0m:\u001b[35m25\u001b[0m\n[Continuous integration/Test Features         ]   |   10: \u001b[91mtheme::test_error_backwards_compatibility\u001b[0m\u001b[90m::h5f3d157e7abc6fb4\u001b[0m\n[Continuous integration/Test Features         ]   |       at \u001b[35m/tmp/c1e8dd3a-fec2-11ed-a890-af2cc187fc11/yaahc-color-eyre/tests/theme.rs\u001b[0m:\u001b[35m43\u001b[0m\n[Continuous integration/Test Features         ]   |   11: \u001b[91mtheme::test_error_backwards_compatibility::{{closure}}\u001b[0m\u001b[90m::h451148a0df281591\u001b[0m\n[Continuous integration/Test Features         ]   |       at \u001b[35m/tmp/c1e8dd3a-fec2-11ed-a890-af2cc187fc11/yaahc-color-eyre/tests/theme.rs\u001b[0m:\u001b[35m41\u001b[0m\n[Continuous integration/Test Features         ]   |   12: \u001b[32mcore::ops::function::FnOnce::call_once\u001b[0m\u001b[90m::h7adf99365b7e1509\u001b[0m\n[Continuous integration/Test Features         ]   |       at \u001b[35m/rustc/84c898d65adf2f39a5a98507f1fe0ce10a2b8dbc/library/core/src/ops/function.rs\u001b[0m:\u001b[35m250\u001b[0m\n[Continuous integration/Test Features         ]   |   13: \u001b[32mcore::ops::function::FnOnce::call_once\u001b[0m\u001b[90m::h7d969581be7d0075\u001b[0m\n[Continuous integration/Test Features         ]   |       at \u001b[35m/rustc/84c898d65adf2f39a5a98507f1fe0ce10a2b8dbc/library/core/src/ops/function.rs\u001b[0m:\u001b[35m250\u001b[0m\n[Continuous integration/Test Features         ]   |   14: \u001b[32mtest::__rust_begin_short_backtrace\u001b[0m\u001b[90m::hca25a52684e56655\u001b[0m\n[Continuous integration/Test Features         ]   |       at \u001b[35m/rustc/84c898d65adf2f39a5a98507f1fe0ce10a2b8dbc/library/test/src/lib.rs\u001b[0m:\u001b[35m656\u001b[0m\n[Continuous integration/Test Features         ]   |   15: \u001b[32mtest::run_test::{{closure}}\u001b[0m\u001b[90m::ha8ac744c4af1a4bb\u001b[0m\n[Continuous integration/Test Features         ]   |       at \u001b[35m/rustc/84c898d65adf2f39a5a98507f1fe0ce10a2b8dbc/library/test/src/lib.rs\u001b[0m:\u001b[35m647\u001b[0m\n[Continuous integration/Test Features         ]   |   16: \u001b[32mcore::ops::function::FnOnce::call_once{{vtable.shim}}\u001b[0m\u001b[90m::h7b411a9ed45bdecf\u001b[0m\n[Continuous integration/Test Features         ]   |       at \u001b[35m/rustc/84c898d65adf2f39a5a98507f1fe0ce10a2b8dbc/library/core/src/ops/function.rs\u001b[0m:\u001b[35m250\u001b[0m\n[Continuous integration/Test Features         ]   |   17: \u001b[32m<alloc::boxed::Box<F,A> as core::ops::function::FnOnce<Args>>::call_once\u001b[0m\u001b[90m::hd05328869a8ed200\u001b[0m\n[Continuous integration/Test Features         ]   |       at \u001b[35m/rustc/84c898d65adf2f39a5a98507f1fe0ce10a2b8dbc/library/alloc/src/boxed.rs\u001b[0m:\u001b[35m1987\u001b[0m\n[Continuous integration/Test Features         ]   |   18: \u001b[32m<core::panic::unwind_safe::AssertUnwindSafe<F> as core::ops::function::FnOnce<()>>::call_once\u001b[0m\u001b[90m::h0c601ce20bd5b2be\u001b[0m\n[Continuous integration/Test Features         ]   |       at \u001b[35m/rustc/84c898d65adf2f39a5a98507f1fe0ce10a2b8dbc/library/core/src/panic/unwind_safe.rs\u001b[0m:\u001b[35m271\u001b[0m\n[Continuous integration/Test Features         ]   |   19: \u001b[32mstd::panicking::try::do_call\u001b[0m\u001b[90m::ha4be5c164fe30854\u001b[0m\n[Continuous integration/Test Features         ]   |       at \u001b[35m/rustc/84c898d65adf2f39a5a98507f1fe0ce10a2b8dbc/library/std/src/panicking.rs\u001b[0m:\u001b[35m487\u001b[0m\n[Continuous integration/Test Features         ]   |   20: \u001b[32mstd::panicking::try\u001b[0m\u001b[90m::h604546f3609af05f\u001b[0m\n[Continuous integration/Test Features         ]   |       at \u001b[35m/rustc/84c898d65adf2f39a5a98507f1fe0ce10a2b8dbc/library/std/src/panicking.rs\u001b[0m:\u001b[35m451\u001b[0m\n[Continuous integration/Test Features         ]   |   21: \u001b[32mstd::panic::catch_unwind\u001b[0m\u001b[90m::h5bfa8afe44c9c2f9\u001b[0m\n[Continuous integration/Test Features         ]   |       at \u001b[35m/rustc/84c898d65adf2f39a5a98507f1fe0ce10a2b8dbc/library/std/src/panic.rs\u001b[0m:\u001b[35m140\u001b[0m\n[Continuous integration/Test Features         ]   |   22: \u001b[32mtest::run_test_in_process\u001b[0m\u001b[90m::hd50dee55dd63e6aa\u001b[0m\n[Continuous integration/Test Features         ]   |       at \u001b[35m/rustc/84c898d65adf2f39a5a98507f1fe0ce10a2b8dbc/library/test/src/lib.rs\u001b[0m:\u001b[35m679\u001b[0m\n[Continuous integration/Test Features         ]   |   \u001b[96m                              \u22ee 15 frames hidden \u22ee                              \u001b[0m\n[Continuous integration/Test Features         ]   | \n[Continuous integration/Test Features         ]   | \u001b[96mNote\u001b[0m: note\n[Continuous integration/Test Features         ]   | \u001b[93mWarning\u001b[0m: warning\n[Continuous integration/Test Features         ]   | \u001b[96mSuggestion\u001b[0m: suggestion\n[Continuous integration/Test Features         ]   | \n[Continuous integration/Test Features         ]   | Run with COLORBT_SHOW_HIDDEN=1 environment variable to disable frame filtering.\n[Continuous integration/Test Features         ]   | Run with RUST_BACKTRACE=full to include source snippets.\n[Continuous integration/Test Features         ]   | \n[Continuous integration/Test Features         ]   | \u001b[31mSee the src of this test for more information about the test and ways to include/exclude debugging information.\n[Continuous integration/Test Features         ]   | \n[Continuous integration/Test Features         ]   | \u001b[39m\u001b[0m\n[Continuous integration/Test Features         ]   | Location: \u001b[35mtests/theme.rs\u001b[0m:\u001b[35m191\u001b[0m\n[Continuous integration/Test Features         ]   | \n[Continuous integration/Test Features         ]   | Backtrace omitted. Run with RUST_BACKTRACE=1 environment variable to display it.\n[Continuous integration/Test Features         ]   | Run with RUST_BACKTRACE=full to include source snippets.\n[Continuous integration/Test Features         ]   | \n[Continuous integration/Test Features         ]   | \n[Continuous integration/Test Features         ]   | failures:\n[Continuous integration/Test Features         ]   |     test_error_backwards_compatibility\n[Continuous integration/Test Features         ]   | \n[Continuous integration/Test Features         ]   | test result: FAILED. 1 passed; 1 failed; 0 ignored; 0 measured; 0 filtered out; finished in 3.78s\n[Continuous integration/Test Features         ]   | \n[Continuous integration/Test Versions         ]   \u274c  Failure - Main actions-rs/cargo@v1\n[Continuous integration/Test Features         ]   | error: test failed, to rerun pass `--test theme`\n[Continuous integration/Test Operating Systems]   \u274c  Failure - Main actions-rs/cargo@v1\n[Continuous integration/Test Features         ]   \u2757  ::error::The process '/home/runneradmin/.cargo/bin/cargo' failed with exit code 101\n[Continuous integration/Test Features         ]   \u274c  Failure - Main actions-rs/cargo@v1\n[Continuous integration/Test Features         ] exitcode '1': failure\n[Continuous integration/Test Operating Systems] exitcode '1': failure\n[Continuous integration/Test Versions         ] exitcode '1': failure\n[Continuous integration/Test Operating Systems] \ud83c\udfc1  Job failed\n[Continuous integration/Test Features         ] \ud83c\udfc1  Job failed\n[Continuous integration/Test Versions         ] \ud83c\udfc1  Job failed\n",
    "actions_stderr": "Error: Error response from daemon: remove act-Continuous-integration-Rustfmt-e41e4d2da49b8057f2018d59976f3c3414a3fc6a893d48f2f6e1b1a155d6ba00-env: volume is in use - [847387df5e5e7dbec1b4242536fe189792e02ef12b262165602dd55ed0b2db47]\n"
}