{
    "repository": "alibaba/java-dns-cache-manipulator",
    "clone_url": "https://github.com/alibaba/java-dns-cache-manipulator.git",
    "timestamp": "2023-05-28T18:37:16.745251Z",
    "clone_success": true,
    "number of actions": 1,
    "number_of_test_actions": 1,
    "actions_successful": false,
    "actions_stdout": "[CI/Test on JDK 8.0.345 OS ubuntu-latest] \ud83d\ude80  Start image=crawlergpt:latest\n[CI/Test on JDK 8.0.345 OS ubuntu-latest]   \ud83d\udc33  docker pull image=crawlergpt:latest platform= username= forcePull=false\n[CI/Test on JDK 8.0.345 OS ubuntu-latest]   \ud83d\udc33  docker create image=crawlergpt:latest platform= entrypoint=[\"tail\" \"-f\" \"/dev/null\"] cmd=[]\n[CI/Test on JDK 8.0.345 OS ubuntu-latest]   \ud83d\udc33  docker run image=crawlergpt:latest platform= entrypoint=[\"tail\" \"-f\" \"/dev/null\"] cmd=[]\n[CI/Test on JDK 8.0.345 OS ubuntu-latest]   \ud83d\udc33  docker exec cmd=[chown -R 1012:1000 /tmp/bc275e72-fd77-11ed-a890-af2cc187fc11/alibaba-java-dns-cache-manipulator] user=0 workdir=\n[CI/Test on JDK 8.0.345 OS ubuntu-latest]   \u2601  git clone 'https://github.com/actions/setup-java' # ref=v3\n[CI/Test on JDK 8.0.345 OS ubuntu-latest] Non-terminating error while running 'git clone': some refs were not updated\n[CI/Test on JDK 8.0.345 OS ubuntu-latest]   \u2601  git clone 'https://github.com/codecov/codecov-action' # ref=v3\n[CI/Test on JDK 8.0.345 OS ubuntu-latest] \ud83e\uddea  Matrix: map[java:8.0.345 os:ubuntu-latest]\n[CI/Test on JDK 8.0.345 OS ubuntu-latest] \u2b50 Run Main actions/checkout@v3\n[CI/Test on JDK 8.0.345 OS ubuntu-latest]   \u2705  Success - Main actions/checkout@v3\n[CI/Test on JDK 8.0.345 OS ubuntu-latest] \u2b50 Run Main actions/setup-java@v3\n[CI/Test on JDK 8.0.345 OS ubuntu-latest]   \ud83d\udc33  docker cp src=/home/andre-silva/.cache/act/actions-setup-java@v3/ dst=/var/run/act/actions/actions-setup-java@v3/\n[CI/Test on JDK 8.0.345 OS ubuntu-latest]   \ud83d\udc33  docker exec cmd=[chown -R 1012:1000 /var/run/act/actions/actions-setup-java@v3/] user=0 workdir=\n[CI/Test on JDK 8.0.345 OS ubuntu-latest]   \ud83d\udc33  docker exec cmd=[node /var/run/act/actions/actions-setup-java@v3/dist/setup/index.js] user= workdir=\n[CI/Test on JDK 8.0.345 OS ubuntu-latest]   \u2753  ::group::Installed distributions\n[CI/Test on JDK 8.0.345 OS ubuntu-latest]   | Trying to resolve the latest version from remote\n[CI/Test on JDK 8.0.345 OS ubuntu-latest]   \ud83d\udcac  ::debug::Gathering available versions from 'https://api.azul.com/zulu/download/community/v1.0/bundles/?os=linux&ext=tar.gz&bundle_type=jdk&javafx=false&arch=x86&hw_bitness=64&release_status=ga'\n[CI/Test on JDK 8.0.345 OS ubuntu-latest]   | Resolved latest version as 8.0.345+1\n[CI/Test on JDK 8.0.345 OS ubuntu-latest]   | Trying to download...\n[CI/Test on JDK 8.0.345 OS ubuntu-latest]   | Downloading Java 8.0.345+1 (Zulu) from https://cdn.azul.com/zulu/bin/zulu8.64.0.19-ca-jdk8.0.345-linux_x64.tar.gz ...\n[CI/Test on JDK 8.0.345 OS ubuntu-latest]   \ud83d\udcac  ::debug::Downloading https://cdn.azul.com/zulu/bin/zulu8.64.0.19-ca-jdk8.0.345-linux_x64.tar.gz\n[CI/Test on JDK 8.0.345 OS ubuntu-latest]   \ud83d\udcac  ::debug::Destination /tmp/6282f1e9-976a-496a-9977-58290ebebe57\n[CI/Test on JDK 8.0.345 OS ubuntu-latest]   \ud83d\udcac  ::debug::download complete\n[CI/Test on JDK 8.0.345 OS ubuntu-latest]   | Extracting Java archive...\n[CI/Test on JDK 8.0.345 OS ubuntu-latest]   \ud83d\udcac  ::debug::Checking tar --version\n[CI/Test on JDK 8.0.345 OS ubuntu-latest]   \ud83d\udcac  ::debug::tar (GNU tar) 1.30%0ACopyright (C) 2017 Free Software Foundation, Inc.%0ALicense GPLv3+: GNU GPL version 3 or later <https://gnu.org/licenses/gpl.html>.%0AThis is free software: you are free to change and redistribute it.%0AThere is NO WARRANTY, to the extent permitted by law.%0A%0AWritten by John Gilmore and Jay Fenlason.\n[CI/Test on JDK 8.0.345 OS ubuntu-latest]   | [command]/usr/bin/tar xz --warning=no-unknown-keyword -C /tmp/1787aeb4-2e98-45e3-a106-1b80527fb886 -f /tmp/6282f1e9-976a-496a-9977-58290ebebe57\n[CI/Test on JDK 8.0.345 OS ubuntu-latest]   \ud83d\udcac  ::debug::Caching tool Java_Zulu_jdk 8.0.345-1 x64\n[CI/Test on JDK 8.0.345 OS ubuntu-latest]   \ud83d\udcac  ::debug::source dir: /tmp/1787aeb4-2e98-45e3-a106-1b80527fb886/zulu8.64.0.19-ca-jdk8.0.345-linux_x64\n[CI/Test on JDK 8.0.345 OS ubuntu-latest]   \ud83d\udcac  ::debug::destination /opt/hostedtoolcache/Java_Zulu_jdk/8.0.345-1/x64\n[CI/Test on JDK 8.0.345 OS ubuntu-latest]   \ud83d\udcac  ::debug::finished caching tool\n[CI/Test on JDK 8.0.345 OS ubuntu-latest]   | Java 8.0.345+1 was downloaded\n[CI/Test on JDK 8.0.345 OS ubuntu-latest]   | Setting Java 8.0.345+1 as the default\n[CI/Test on JDK 8.0.345 OS ubuntu-latest]   | Creating toolchains.xml for JDK version 8.0.345 from zulu\n[CI/Test on JDK 8.0.345 OS ubuntu-latest]   | Writing to /home/runneradmin/.m2/toolchains.xml\n[CI/Test on JDK 8.0.345 OS ubuntu-latest]   | \n[CI/Test on JDK 8.0.345 OS ubuntu-latest]   | Java configuration:\n[CI/Test on JDK 8.0.345 OS ubuntu-latest]   |   Distribution: zulu\n[CI/Test on JDK 8.0.345 OS ubuntu-latest]   |   Version: 8.0.345+1\n[CI/Test on JDK 8.0.345 OS ubuntu-latest]   |   Path: /opt/hostedtoolcache/Java_Zulu_jdk/8.0.345-1/x64\n[CI/Test on JDK 8.0.345 OS ubuntu-latest]   | \n[CI/Test on JDK 8.0.345 OS ubuntu-latest]   \u2753  ::endgroup::\n[CI/Test on JDK 8.0.345 OS ubuntu-latest]   \u2753 add-matcher /run/act/actions/actions-setup-java@v3/.github/java.json\n[CI/Test on JDK 8.0.345 OS ubuntu-latest]   | Creating settings.xml with server-id: github\n[CI/Test on JDK 8.0.345 OS ubuntu-latest]   | Writing to /home/runneradmin/.m2/settings.xml\n[CI/Test on JDK 8.0.345 OS ubuntu-latest]   \ud83d\udea7  ::warning::The runner was not able to contact the cache service. Caching will be skipped\n[CI/Test on JDK 8.0.345 OS ubuntu-latest]   \u2705  Success - Main actions/setup-java@v3\n[CI/Test on JDK 8.0.345 OS ubuntu-latest]   \u2699  ::set-env:: JAVA_HOME=/opt/hostedtoolcache/Java_Zulu_jdk/8.0.345-1/x64\n[CI/Test on JDK 8.0.345 OS ubuntu-latest]   \u2699  ::set-env:: JAVA_HOME_8_X64=/opt/hostedtoolcache/Java_Zulu_jdk/8.0.345-1/x64\n[CI/Test on JDK 8.0.345 OS ubuntu-latest]   \u2699  ::set-output:: distribution=Zulu\n[CI/Test on JDK 8.0.345 OS ubuntu-latest]   \u2699  ::set-output:: path=/opt/hostedtoolcache/Java_Zulu_jdk/8.0.345-1/x64\n[CI/Test on JDK 8.0.345 OS ubuntu-latest]   \u2699  ::set-output:: version=8.0.345+1\n[CI/Test on JDK 8.0.345 OS ubuntu-latest]   \u2699  ::add-path:: /opt/hostedtoolcache/Java_Zulu_jdk/8.0.345-1/x64/bin\n[CI/Test on JDK 8.0.345 OS ubuntu-latest] \u2b50 Run Main ./mvnw -V --no-transfer-progress -Pgen-code-cov clean package\n[CI/Test on JDK 8.0.345 OS ubuntu-latest]   \ud83d\udc33  docker exec cmd=[bash --noprofile --norc -e -o pipefail /var/run/act/workflow/2] user= workdir=\n[CI/Test on JDK 8.0.345 OS ubuntu-latest]   | Apache Maven 3.9.0 (9b58d2bad23a66be161c4664ef21ce219c2c8584)\n[CI/Test on JDK 8.0.345 OS ubuntu-latest]   | Maven home: /home/runneradmin/.m2/wrapper/dists/apache-maven-3.9.0-bin/31cc4014/apache-maven-3.9.0\n[CI/Test on JDK 8.0.345 OS ubuntu-latest]   | Java version: 1.8.0_345, vendor: Azul Systems, Inc., runtime: /opt/hostedtoolcache/Java_Zulu_jdk/8.0.345-1/x64/jre\n[CI/Test on JDK 8.0.345 OS ubuntu-latest]   | Default locale: en, platform encoding: UTF-8\n[CI/Test on JDK 8.0.345 OS ubuntu-latest]   | OS name: \"linux\", version: \"5.4.0-146-generic\", arch: \"amd64\", family: \"unix\"\n[CI/Test on JDK 8.0.345 OS ubuntu-latest]   | [INFO] Scanning for projects...\n[CI/Test on JDK 8.0.345 OS ubuntu-latest]   | [INFO] Inspecting build with total of 3 modules...\n[CI/Test on JDK 8.0.345 OS ubuntu-latest]   | [INFO] Installing Nexus Staging features:\n[CI/Test on JDK 8.0.345 OS ubuntu-latest]   | [INFO]   ... total of 3 executions of maven-deploy-plugin replaced with nexus-staging-maven-plugin\n[CI/Test on JDK 8.0.345 OS ubuntu-latest]   | [INFO] ------------------------------------------------------------------------\n[CI/Test on JDK 8.0.345 OS ubuntu-latest]   | [INFO] Reactor Build Order:\n[CI/Test on JDK 8.0.345 OS ubuntu-latest]   | [INFO] \n[CI/Test on JDK 8.0.345 OS ubuntu-latest]   | [INFO] dns-cache-manipulator-parent                                       [pom]\n[CI/Test on JDK 8.0.345 OS ubuntu-latest]   | [INFO] Java Dns Cache Manipulator(DCM) Lib                                [jar]\n[CI/Test on JDK 8.0.345 OS ubuntu-latest]   | [INFO] Java Dns Cache Manipulator(DCM) Tool                               [jar]\n[CI/Test on JDK 8.0.345 OS ubuntu-latest]   | [INFO] \n[CI/Test on JDK 8.0.345 OS ubuntu-latest]   | [INFO] --------------< com.alibaba:dns-cache-manipulator-parent >--------------\n[CI/Test on JDK 8.0.345 OS ubuntu-latest]   | [INFO] Building dns-cache-manipulator-parent 1.x-SNAPSHOT                 [1/3]\n[CI/Test on JDK 8.0.345 OS ubuntu-latest]   | [INFO]   from pom.xml\n[CI/Test on JDK 8.0.345 OS ubuntu-latest]   | [INFO] --------------------------------[ pom ]---------------------------------\n[CI/Test on JDK 8.0.345 OS ubuntu-latest]   | [INFO] \n[CI/Test on JDK 8.0.345 OS ubuntu-latest]   | [INFO] --- clean:3.2.0:clean (default-clean) @ dns-cache-manipulator-parent ---\n[CI/Test on JDK 8.0.345 OS ubuntu-latest]   | [INFO] \n[CI/Test on JDK 8.0.345 OS ubuntu-latest]   | [INFO] --- enforcer:3.3.0:enforce (enforce-maven) @ dns-cache-manipulator-parent ---\n[CI/Test on JDK 8.0.345 OS ubuntu-latest]   | [INFO] Rule 0: org.apache.maven.enforcer.rules.version.RequireMavenVersion passed\n[CI/Test on JDK 8.0.345 OS ubuntu-latest]   | [INFO] Rule 1: org.apache.maven.enforcer.rules.version.RequireJavaVersion passed\n[CI/Test on JDK 8.0.345 OS ubuntu-latest]   | [INFO] \n[CI/Test on JDK 8.0.345 OS ubuntu-latest]   | [INFO] --- jacoco:0.8.10:prepare-agent (default) @ dns-cache-manipulator-parent ---\n[CI/Test on JDK 8.0.345 OS ubuntu-latest]   | [INFO] argLine set to -javaagent:/home/runneradmin/.m2/repository/org/jacoco/org.jacoco.agent/0.8.10/org.jacoco.agent-0.8.10-runtime.jar=destfile=/tmp/bc275e72-fd77-11ed-a890-af2cc187fc11/alibaba-java-dns-cache-manipulator/target/jacoco.exec,append=true\n[CI/Test on JDK 8.0.345 OS ubuntu-latest]   | [INFO] \n[CI/Test on JDK 8.0.345 OS ubuntu-latest]   | [INFO] --- kotlin:1.8.21:compile (compile) @ dns-cache-manipulator-parent ---\n[CI/Test on JDK 8.0.345 OS ubuntu-latest]   | [WARNING] No sources found skipping Kotlin compile\n[CI/Test on JDK 8.0.345 OS ubuntu-latest]   | [INFO] \n[CI/Test on JDK 8.0.345 OS ubuntu-latest]   | [INFO] --- compiler:3.11.0:compile (java-compile) @ dns-cache-manipulator-parent ---\n[CI/Test on JDK 8.0.345 OS ubuntu-latest]   | [INFO] No sources to compile\n[CI/Test on JDK 8.0.345 OS ubuntu-latest]   | [INFO] \n[CI/Test on JDK 8.0.345 OS ubuntu-latest]   | [INFO] --- kotlin:1.8.21:test-compile (test-compile) @ dns-cache-manipulator-parent ---\n[CI/Test on JDK 8.0.345 OS ubuntu-latest]   | [WARNING] No sources found skipping Kotlin compile\n[CI/Test on JDK 8.0.345 OS ubuntu-latest]   | [INFO] \n[CI/Test on JDK 8.0.345 OS ubuntu-latest]   | [INFO] --- compiler:3.11.0:testCompile (java-test-compile) @ dns-cache-manipulator-parent ---\n[CI/Test on JDK 8.0.345 OS ubuntu-latest]   | [INFO] No sources to compile\n[CI/Test on JDK 8.0.345 OS ubuntu-latest]   | [INFO] \n[CI/Test on JDK 8.0.345 OS ubuntu-latest]   | [INFO] --- jacoco:0.8.10:report (report) @ dns-cache-manipulator-parent ---\n[CI/Test on JDK 8.0.345 OS ubuntu-latest]   | [INFO] Skipping JaCoCo execution due to missing execution data file.\n[CI/Test on JDK 8.0.345 OS ubuntu-latest]   | [INFO] \n[CI/Test on JDK 8.0.345 OS ubuntu-latest]   | [INFO] -----------------< com.alibaba:dns-cache-manipulator >------------------\n[CI/Test on JDK 8.0.345 OS ubuntu-latest]   | [INFO] Building Java Dns Cache Manipulator(DCM) Lib 1.x-SNAPSHOT          [2/3]\n[CI/Test on JDK 8.0.345 OS ubuntu-latest]   | [INFO]   from library/pom.xml\n[CI/Test on JDK 8.0.345 OS ubuntu-latest]   | [INFO] --------------------------------[ jar ]---------------------------------\n[CI/Test on JDK 8.0.345 OS ubuntu-latest]   | [INFO] \n[CI/Test on JDK 8.0.345 OS ubuntu-latest]   | [INFO] --- clean:3.2.0:clean (default-clean) @ dns-cache-manipulator ---\n[CI/Test on JDK 8.0.345 OS ubuntu-latest]   | [INFO] \n[CI/Test on JDK 8.0.345 OS ubuntu-latest]   | [INFO] --- enforcer:3.3.0:enforce (enforce-maven) @ dns-cache-manipulator ---\n[CI/Test on JDK 8.0.345 OS ubuntu-latest]   | [INFO] \n[CI/Test on JDK 8.0.345 OS ubuntu-latest]   | [INFO] --- jacoco:0.8.10:prepare-agent (default) @ dns-cache-manipulator ---\n[CI/Test on JDK 8.0.345 OS ubuntu-latest]   | [INFO] argLine set to -javaagent:/home/runneradmin/.m2/repository/org/jacoco/org.jacoco.agent/0.8.10/org.jacoco.agent-0.8.10-runtime.jar=destfile=/tmp/bc275e72-fd77-11ed-a890-af2cc187fc11/alibaba-java-dns-cache-manipulator/library/target/jacoco.exec,append=true,excludes=com/alibaba/dcm/internal/JavaVersion.class:com/alibaba/dcm/internal/IPAddressUtil.class\n[CI/Test on JDK 8.0.345 OS ubuntu-latest]   | [INFO] \n[CI/Test on JDK 8.0.345 OS ubuntu-latest]   | [INFO] --- resources:3.3.1:resources (default-resources) @ dns-cache-manipulator ---\n[CI/Test on JDK 8.0.345 OS ubuntu-latest]   | [INFO] skip non existing resourceDirectory /tmp/bc275e72-fd77-11ed-a890-af2cc187fc11/alibaba-java-dns-cache-manipulator/library/src/main/resources\n[CI/Test on JDK 8.0.345 OS ubuntu-latest]   | [INFO] \n[CI/Test on JDK 8.0.345 OS ubuntu-latest]   | [INFO] --- kotlin:1.8.21:compile (compile) @ dns-cache-manipulator ---\n[CI/Test on JDK 8.0.345 OS ubuntu-latest]   | [WARNING] No sources found skipping Kotlin compile\n[CI/Test on JDK 8.0.345 OS ubuntu-latest]   | [INFO] \n[CI/Test on JDK 8.0.345 OS ubuntu-latest]   | [INFO] --- compiler:3.11.0:compile (java-compile) @ dns-cache-manipulator ---\n[CI/Test on JDK 8.0.345 OS ubuntu-latest]   | [INFO] Changes detected - recompiling the module! :dependency\n[CI/Test on JDK 8.0.345 OS ubuntu-latest]   | [INFO] Compiling 14 source files with javac [debug target 1.8] to target/classes\n[CI/Test on JDK 8.0.345 OS ubuntu-latest]   | [WARNING] /tmp/bc275e72-fd77-11ed-a890-af2cc187fc11/alibaba-java-dns-cache-manipulator/library/src/main/java/com/alibaba/dcm/internal/InetAddressCacheUtilCommons.java:[5,15] sun.net.InetAddressCachePolicy is internal proprietary API and may be removed in a future release\n[CI/Test on JDK 8.0.345 OS ubuntu-latest]   | [WARNING] /tmp/bc275e72-fd77-11ed-a890-af2cc187fc11/alibaba-java-dns-cache-manipulator/library/src/main/java/com/alibaba/dcm/DnsCacheManipulator.java:[7,15] sun.net.InetAddressCachePolicy is internal proprietary API and may be removed in a future release\n[CI/Test on JDK 8.0.345 OS ubuntu-latest]   | [WARNING] /tmp/bc275e72-fd77-11ed-a890-af2cc187fc11/alibaba-java-dns-cache-manipulator/library/src/main/java/com/alibaba/dcm/internal/InetAddressCacheUtilCommons.java:[81,16] sun.net.InetAddressCachePolicy is internal proprietary API and may be removed in a future release\n[CI/Test on JDK 8.0.345 OS ubuntu-latest]   | [WARNING] /tmp/bc275e72-fd77-11ed-a890-af2cc187fc11/alibaba-java-dns-cache-manipulator/library/src/main/java/com/alibaba/dcm/internal/InetAddressCacheUtilCommons.java:[110,16] sun.net.InetAddressCachePolicy is internal proprietary API and may be removed in a future release\n[CI/Test on JDK 8.0.345 OS ubuntu-latest]   | [WARNING] /tmp/bc275e72-fd77-11ed-a890-af2cc187fc11/alibaba-java-dns-cache-manipulator/library/src/main/java/com/alibaba/dcm/internal/InetAddressCacheUtilCommons.java:[121,23] sun.net.InetAddressCachePolicy is internal proprietary API and may be removed in a future release\n[CI/Test on JDK 8.0.345 OS ubuntu-latest]   | [WARNING] /tmp/bc275e72-fd77-11ed-a890-af2cc187fc11/alibaba-java-dns-cache-manipulator/library/src/main/java/com/alibaba/dcm/internal/InetAddressCacheUtilCommons.java:[155,32] sun.net.InetAddressCachePolicy is internal proprietary API and may be removed in a future release\n[CI/Test on JDK 8.0.345 OS ubuntu-latest]   | [INFO] \n[CI/Test on JDK 8.0.345 OS ubuntu-latest]   | [INFO] --- resources:3.3.1:testResources (default-testResources) @ dns-cache-manipulator ---\n[CI/Test on JDK 8.0.345 OS ubuntu-latest]   | [INFO] Copying 5 resources from src/test/resources to target/test-classes\n[CI/Test on JDK 8.0.345 OS ubuntu-latest]   | [INFO] \n[CI/Test on JDK 8.0.345 OS ubuntu-latest]   | [INFO] --- kotlin:1.8.21:test-compile (test-compile) @ dns-cache-manipulator ---\n[CI/Test on JDK 8.0.345 OS ubuntu-latest]   | [INFO] \n[CI/Test on JDK 8.0.345 OS ubuntu-latest]   | [INFO] --- compiler:3.11.0:testCompile (java-test-compile) @ dns-cache-manipulator ---\n[CI/Test on JDK 8.0.345 OS ubuntu-latest]   | [INFO] Changes detected - recompiling the module! :dependency\n[CI/Test on JDK 8.0.345 OS ubuntu-latest]   | [INFO] Compiling 2 source files with javac [debug target 1.8] to target/test-classes\n[CI/Test on JDK 8.0.345 OS ubuntu-latest]   | [INFO] \n[CI/Test on JDK 8.0.345 OS ubuntu-latest]   | [INFO] --- surefire:3.1.0:test (default-test) @ dns-cache-manipulator ---\n[CI/Test on JDK 8.0.345 OS ubuntu-latest]   | [INFO] Using auto detected provider org.apache.maven.surefire.junitplatform.JUnitPlatformProvider\n[CI/Test on JDK 8.0.345 OS ubuntu-latest]   | [INFO] \n[CI/Test on JDK 8.0.345 OS ubuntu-latest]   | [INFO] -------------------------------------------------------\n[CI/Test on JDK 8.0.345 OS ubuntu-latest]   | [INFO]  T E S T S\n[CI/Test on JDK 8.0.345 OS ubuntu-latest]   | [INFO] -------------------------------------------------------\n[CI/Test on JDK 8.0.345 OS ubuntu-latest]   | [INFO] Running com.alibaba.dcm.DnsCacheEntryTests\n[CI/Test on JDK 8.0.345 OS ubuntu-latest]   | [INFO] Tests run: 4, Failures: 0, Errors: 0, Skipped: 0, Time elapsed: 0.939 s - in com.alibaba.dcm.DnsCacheEntryTests\n[CI/Test on JDK 8.0.345 OS ubuntu-latest]   | [INFO] Running com.alibaba.dcm.DnsCacheManipulatorTests\n[CI/Test on JDK 8.0.345 OS ubuntu-latest]   | >>>>>>>>>>>>>>>>>>>>>>>>>>>>>>>\n[CI/Test on JDK 8.0.345 OS ubuntu-latest]   | Env info:\n[CI/Test on JDK 8.0.345 OS ubuntu-latest]   | java home: /opt/hostedtoolcache/Java_Zulu_jdk/8.0.345-1/x64/jre\n[CI/Test on JDK 8.0.345 OS ubuntu-latest]   | jdk version: 1.8.0_345\n[CI/Test on JDK 8.0.345 OS ubuntu-latest]   | >>>>>>>>>>>>>>>>>>>>>>>>>>>>>>>\n[CI/Test on JDK 8.0.345 OS ubuntu-latest]   | [INFO] Tests run: 15, Failures: 0, Errors: 0, Skipped: 0, Time elapsed: 2.563 s - in com.alibaba.dcm.DnsCacheManipulatorTests\n[CI/Test on JDK 8.0.345 OS ubuntu-latest]   | [INFO] Running com.alibaba.dcm.DnsCacheTests\n[CI/Test on JDK 8.0.345 OS ubuntu-latest]   | [INFO] Tests run: 2, Failures: 0, Errors: 0, Skipped: 0, Time elapsed: 0.032 s - in com.alibaba.dcm.DnsCacheTests\n[CI/Test on JDK 8.0.345 OS ubuntu-latest]   | [INFO] Running com.alibaba.dcm.agent.DcmAgentTests\n[CI/Test on JDK 8.0.345 OS ubuntu-latest]   | Prepared output file: /tmp/dcm-output-442627109153868098.log\n[CI/Test on JDK 8.0.345 OS ubuntu-latest]   | May 28, 2023 6:38:35 PM com.alibaba.dcm.agent.DcmAgent agentmain\n[CI/Test on JDK 8.0.345 OS ubuntu-latest]   | INFO: com.alibaba.dcm.agent.DcmAgent: attached with agent argument:   setNegativePolicy     file /tmp/dcm-output-442627109153868098.log.\n[CI/Test on JDK 8.0.345 OS ubuntu-latest]   | \n[CI/Test on JDK 8.0.345 OS ubuntu-latest]   | May 28, 2023 6:38:35 PM com.alibaba.dcm.agent.DcmAgent doAction\n[CI/Test on JDK 8.0.345 OS ubuntu-latest]   | INFO: com.alibaba.dcm.agent.DcmAgent: Error to do action setNegativePolicy , cause: java.lang.IllegalStateException: Action setNegativePolicy need more argument! arguments: []\n[CI/Test on JDK 8.0.345 OS ubuntu-latest]   | \tat com.alibaba.dcm.agent.DcmAgent.convertStringArray2Arguments(DcmAgent.java:182)\n[CI/Test on JDK 8.0.345 OS ubuntu-latest]   | \tat com.alibaba.dcm.agent.DcmAgent.invokeAction(DcmAgent.java:175)\n[CI/Test on JDK 8.0.345 OS ubuntu-latest]   | \tat com.alibaba.dcm.agent.DcmAgent.doAction(DcmAgent.java:140)\n[CI/Test on JDK 8.0.345 OS ubuntu-latest]   | \tat com.alibaba.dcm.agent.DcmAgent.agentmain(DcmAgent.java:75)\n[CI/Test on JDK 8.0.345 OS ubuntu-latest]   | \tat com.alibaba.dcm.agent.DcmAgentTests.test_agentmain_actionNeedMoreArgument(DcmAgentTests.kt:150)\n[CI/Test on JDK 8.0.345 OS ubuntu-latest]   | \tat sun.reflect.NativeMethodAccessorImpl.invoke0(Native Method)\n[CI/Test on JDK 8.0.345 OS ubuntu-latest]   | \tat sun.reflect.NativeMethodAccessorImpl.invoke(NativeMethodAccessorImpl.java:62)\n[CI/Test on JDK 8.0.345 OS ubuntu-latest]   | \tat sun.reflect.DelegatingMethodAccessorImpl.invoke(DelegatingMethodAccessorImpl.java:43)\n[CI/Test on JDK 8.0.345 OS ubuntu-latest]   | \tat java.lang.reflect.Method.invoke(Method.java:498)\n[CI/Test on JDK 8.0.345 OS ubuntu-latest]   | \tat kotlin.reflect.jvm.internal.calls.CallerImpl$Method.callMethod(CallerImpl.kt:97)\n[CI/Test on JDK 8.0.345 OS ubuntu-latest]   | \tat kotlin.reflect.jvm.internal.calls.CallerImpl$Method$Instance.call(CallerImpl.kt:113)\n[CI/Test on JDK 8.0.345 OS ubuntu-latest]   | \tat kotlin.reflect.jvm.internal.KCallableImpl.call(KCallableImpl.kt:107)\n[CI/Test on JDK 8.0.345 OS ubuntu-latest]   | \tat kotlin.reflect.full.KCallables.callSuspend(KCallables.kt:54)\n[CI/Test on JDK 8.0.345 OS ubuntu-latest]   | \tat io.kotest.core.spec.style.AnnotationSpec$callNotExpectingException$1.invokeSuspend(AnnotationSpec.kt:139)\n[CI/Test on JDK 8.0.345 OS ubuntu-latest]   | \tat io.kotest.core.spec.style.AnnotationSpec$callNotExpectingException$1.invoke(AnnotationSpec.kt)\n[CI/Test on JDK 8.0.345 OS ubuntu-latest]   | \tat io.kotest.core.spec.style.AnnotationSpec$callNotExpectingException$1.invoke(AnnotationSpec.kt)\n[CI/Test on JDK 8.0.345 OS ubuntu-latest]   | \tat io.kotest.engine.test.TestCaseExecutor$execute$innerExecute$1.invokeSuspend(TestCaseExecutor.kt:88)\n[CI/Test on JDK 8.0.345 OS ubuntu-latest]   | \tat io.kotest.engine.test.TestCaseExecutor$execute$innerExecute$1.invoke(TestCaseExecutor.kt)\n[CI/Test on JDK 8.0.345 OS ubuntu-latest]   | \tat io.kotest.engine.test.TestCaseExecutor$execute$innerExecute$1.invoke(TestCaseExecutor.kt)\n[CI/Test on JDK 8.0.345 OS ubuntu-latest]   | \tat io.kotest.engine.test.interceptors.CoroutineDebugProbeInterceptor.intercept(CoroutineDebugProbeInterceptor.kt:29)\n[CI/Test on JDK 8.0.345 OS ubuntu-latest]   | \tat io.kotest.engine.test.TestCaseExecutor$execute$3$1.invokeSuspend(TestCaseExecutor.kt:97)\n[CI/Test on JDK 8.0.345 OS ubuntu-latest]   | \tat io.kotest.engine.test.TestCaseExecutor$execute$3$1.invoke(TestCaseExecutor.kt)\n[CI/Test on JDK 8.0.345 OS ubuntu-latest]   | \tat io.kotest.engine.test.TestCaseExecutor$execute$3$1.invoke(TestCaseExecutor.kt)\n[CI/Test on JDK 8.0.345 OS ubuntu-latest]   | \tat io.kotest.engine.test.TestInvocationInterceptor$runBeforeTestAfter$executeWithBeforeAfter$1.invokeSuspend(TestInvocationInterceptor.kt:63)\n[CI/Test on JDK 8.0.345 OS ubuntu-latest]   | \tat io.kotest.engine.test.TestInvocationInterceptor$runBeforeTestAfter$executeWithBeforeAfter$1.invoke(TestInvocationInterceptor.kt)\n[CI/Test on JDK 8.0.345 OS ubuntu-latest]   | \tat io.kotest.engine.test.TestInvocationInterceptor$runBeforeTestAfter$executeWithBeforeAfter$1.invoke(TestInvocationInterceptor.kt)\n[CI/Test on JDK 8.0.345 OS ubuntu-latest]   | \tat io.kotest.engine.test.interceptors.InvocationTimeoutInterceptor$intercept$3.invokeSuspend(InvocationTimeoutInterceptor.kt:43)\n[CI/Test on JDK 8.0.345 OS ubuntu-latest]   | \tat io.kotest.engine.test.interceptors.InvocationTimeoutInterceptor$intercept$3.invoke(InvocationTimeoutInterceptor.kt)\n[CI/Test on JDK 8.0.345 OS ubuntu-latest]   | \tat io.kotest.engine.test.interceptors.InvocationTimeoutInterceptor$intercept$3.invoke(InvocationTimeoutInterceptor.kt)\n[CI/Test on JDK 8.0.345 OS ubuntu-latest]   | \tat kotlinx.coroutines.intrinsics.UndispatchedKt.startUndispatchedOrReturnIgnoreTimeout(Undispatched.kt:89)\n[CI/Test on JDK 8.0.345 OS ubuntu-latest]   | \tat kotlinx.coroutines.TimeoutKt.setupTimeout(Timeout.kt:151)\n[CI/Test on JDK 8.0.345 OS ubuntu-latest]   | \tat kotlinx.coroutines.TimeoutKt.withTimeoutOrNull(Timeout.kt:107)\n[CI/Test on JDK 8.0.345 OS ubuntu-latest]   | \tat io.kotest.engine.test.interceptors.InvocationTimeoutInterceptor.intercept(InvocationTimeoutInterceptor.kt:42)\n[CI/Test on JDK 8.0.345 OS ubuntu-latest]   | \tat io.kotest.engine.test.TestInvocationInterceptor$runBeforeTestAfter$wrappedTest$1$1.invokeSuspend(TestInvocationInterceptor.kt:70)\n[CI/Test on JDK 8.0.345 OS ubuntu-latest]   | \tat io.kotest.engine.test.TestInvocationInterceptor$runBeforeTestAfter$wrappedTest$1$1.invoke(TestInvocationInterceptor.kt)\n[CI/Test on JDK 8.0.345 OS ubuntu-latest]   | \tat io.kotest.engine.test.TestInvocationInterceptor$runBeforeTestAfter$wrappedTest$1$1.invoke(TestInvocationInterceptor.kt)\n[CI/Test on JDK 8.0.345 OS ubuntu-latest]   | \tat io.kotest.engine.test.TestInvocationInterceptor.runBeforeTestAfter(TestInvocationInterceptor.kt:73)\n[CI/Test on JDK 8.0.345 OS ubuntu-latest]   | \tat io.kotest.engine.test.TestInvocationInterceptor.access$runBeforeTestAfter(TestInvocationInterceptor.kt:14)\n[CI/Test on JDK 8.0.345 OS ubuntu-latest]   | \tat io.kotest.engine.test.TestInvocationInterceptor$intercept$2$1.invokeSuspend(TestInvocationInterceptor.kt:36)\n[CI/Test on JDK 8.0.345 OS ubuntu-latest]   | \tat io.kotest.engine.test.TestInvocationInterceptor$intercept$2$1.invoke(TestInvocationInterceptor.kt)\n[CI/Test on JDK 8.0.345 OS ubuntu-latest]   | \tat io.kotest.engine.test.TestInvocationInterceptor$intercept$2$1.invoke(TestInvocationInterceptor.kt)\n[CI/Test on JDK 8.0.345 OS ubuntu-latest]   | \tat io.kotest.mpp.ReplayKt.replay(replay.kt:15)\n[CI/Test on JDK 8.0.345 OS ubuntu-latest]   | \tat io.kotest.engine.test.TestInvocationInterceptor$intercept$2.invokeSuspend(TestInvocationInterceptor.kt:32)\n[CI/Test on JDK 8.0.345 OS ubuntu-latest]   | \tat io.kotest.engine.test.TestInvocationInterceptor$intercept$2.invoke(TestInvocationInterceptor.kt)\n[CI/Test on JDK 8.0.345 OS ubuntu-latest]   | \tat io.kotest.engine.test.TestInvocationInterceptor$intercept$2.invoke(TestInvocationInterceptor.kt)\n[CI/Test on JDK 8.0.345 OS ubuntu-latest]   | \tat kotlinx.coroutines.intrinsics.UndispatchedKt.startUndispatchedOrReturn(Undispatched.kt:78)\n[CI/Test on JDK 8.0.345 OS ubuntu-latest]   | \tat kotlinx.coroutines.CoroutineScopeKt.coroutineScope(CoroutineScope.kt:264)\n[CI/Test on JDK 8.0.345 OS ubuntu-latest]   | \tat io.kotest.engine.test.TestInvocationInterceptor.intercept(TestInvocationInterceptor.kt:31)\n[CI/Test on JDK 8.0.345 OS ubuntu-latest]   | \tat io.kotest.engine.test.TestCaseExecutor$execute$3$1.invokeSuspend(TestCaseExecutor.kt:97)\n[CI/Test on JDK 8.0.345 OS ubuntu-latest]   | \tat io.kotest.engine.test.TestCaseExecutor$execute$3$1.invoke(TestCaseExecutor.kt)\n[CI/Test on JDK 8.0.345 OS ubuntu-latest]   | \tat io.kotest.engine.test.TestCaseExecutor$execute$3$1.invoke(TestCaseExecutor.kt)\n[CI/Test on JDK 8.0.345 OS ubuntu-latest]   | \tat io.kotest.engine.test.interceptors.TimeoutInterceptor.intercept(TimeoutInterceptor.kt:33)\n[CI/Test on JDK 8.0.345 OS ubuntu-latest]   | \tat io.kotest.engine.test.TestCaseExecutor$execute$3$1.invokeSuspend(TestCaseExecutor.kt:97)\n[CI/Test on JDK 8.0.345 OS ubuntu-latest]   | \tat io.kotest.engine.test.TestCaseExecutor$execute$3$1.invoke(TestCaseExecutor.kt)\n[CI/Test on JDK 8.0.345 OS ubuntu-latest]   | \tat io.kotest.engine.test.TestCaseExecutor$execute$3$1.invoke(TestCaseExecutor.kt)\n[CI/Test on JDK 8.0.345 OS ubuntu-latest]   | \tat io.kotest.engine.test.interceptors.BlockedThreadTimeoutInterceptor.intercept(BlockedThreadTimeoutInterceptor.kt:74)\n[CI/Test on JDK 8.0.345 OS ubuntu-latest]   | \tat io.kotest.engine.test.TestCaseExecutor$execute$3$1.invokeSuspend(TestCaseExecutor.kt:97)\n[CI/Test on JDK 8.0.345 OS ubuntu-latest]   | \tat io.kotest.engine.test.TestCaseExecutor$execute$3$1.invoke(TestCaseExecutor.kt)\n[CI/Test on JDK 8.0.345 OS ubuntu-latest]   | \tat io.kotest.engine.test.TestCaseExecutor$execute$3$1.invoke(TestCaseExecutor.kt)\n[CI/Test on JDK 8.0.345 OS ubuntu-latest]   | \tat io.kotest.engine.test.interceptors.CoroutineLoggingInterceptor.intercept(CoroutineLoggingInterceptor.kt:30)\n[CI/Test on JDK 8.0.345 OS ubuntu-latest]   | \tat io.kotest.engine.test.TestCaseExecutor$execute$3$1.invokeSuspend(TestCaseExecutor.kt:97)\n[CI/Test on JDK 8.0.345 OS ubuntu-latest]   | \tat io.kotest.engine.test.TestCaseExecutor$execute$3$1.invoke(TestCaseExecutor.kt)\n[CI/Test on JDK 8.0.345 OS ubuntu-latest]   | \tat io.kotest.engine.test.TestCaseExecutor$execute$3$1.invoke(TestCaseExecutor.kt)\n[CI/Test on JDK 8.0.345 OS ubuntu-latest]   | \tat io.kotest.engine.test.interceptors.SoftAssertInterceptor.intercept(SoftAssertInterceptor.kt:27)\n[CI/Test on JDK 8.0.345 OS ubuntu-latest]   | \tat io.kotest.engine.test.TestCaseExecutor$execute$3$1.invokeSuspend(TestCaseExecutor.kt:97)\n[CI/Test on JDK 8.0.345 OS ubuntu-latest]   | \tat io.kotest.engine.test.TestCaseExecutor$execute$3$1.invoke(TestCaseExecutor.kt)\n[CI/Test on JDK 8.0.345 OS ubuntu-latest]   | \tat io.kotest.engine.test.TestCaseExecutor$execute$3$1.invoke(TestCaseExecutor.kt)\n[CI/Test on JDK 8.0.345 OS ubuntu-latest]   | \tat io.kotest.engine.test.interceptors.AssertionModeInterceptor.intercept(AssertionModeInterceptor.kt:25)\n[CI/Test on JDK 8.0.345 OS ubuntu-latest]   | \tat io.kotest.engine.test.TestCaseExecutor$execute$3$1.invokeSuspend(TestCaseExecutor.kt:97)\n[CI/Test on JDK 8.0.345 OS ubuntu-latest]   | \tat io.kotest.engine.test.TestCaseExecutor$execute$3$1.invoke(TestCaseExecutor.kt)\n[CI/Test on JDK 8.0.345 OS ubuntu-latest]   | \tat io.kotest.engine.test.TestCaseExecutor$execute$3$1.invoke(TestCaseExecutor.kt)\n[CI/Test on JDK 8.0.345 OS ubuntu-latest]   | \tat io.kotest.engine.test.interceptors.LifecycleInterceptor.intercept(LifecycleInterceptor.kt:51)\n[CI/Test on JDK 8.0.345 OS ubuntu-latest]   | \tat io.kotest.engine.test.TestCaseExecutor$execute$3$1.invokeSuspend(TestCaseExecutor.kt:97)\n[CI/Test on JDK 8.0.345 OS ubuntu-latest]   | \tat io.kotest.engine.test.TestCaseExecutor$execute$3$1.invoke(TestCaseExecutor.kt)\n[CI/Test on JDK 8.0.345 OS ubuntu-latest]   | \tat io.kotest.engine.test.TestCaseExecutor$execute$3$1.invoke(TestCaseExecutor.kt)\n[CI/Test on JDK 8.0.345 OS ubuntu-latest]   | \tat io.kotest.engine.test.interceptors.EnabledCheckInterceptor.intercept(EnabledCheckInterceptor.kt:31)\n[CI/Test on JDK 8.0.345 OS ubuntu-latest]   | \tat io.kotest.engine.test.TestCaseExecutor$execute$3$1.invokeSuspend(TestCaseExecutor.kt:97)\n[CI/Test on JDK 8.0.345 OS ubuntu-latest]   | \tat io.kotest.engine.test.TestCaseExecutor$execute$3$1.invoke(TestCaseExecutor.kt)\n[CI/Test on JDK 8.0.345 OS ubuntu-latest]   | \tat io.kotest.engine.test.TestCaseExecutor$execute$3$1.invoke(TestCaseExecutor.kt)\n[CI/Test on JDK 8.0.345 OS ubuntu-latest]   | \tat io.kotest.engine.test.interceptors.TestCaseExtensionInterceptor$intercept$2.invokeSuspend(TestCaseExtensionInterceptor.kt:24)\n[CI/Test on JDK 8.0.345 OS ubuntu-latest]   | \tat io.kotest.engine.test.interceptors.TestCaseExtensionInterceptor$intercept$2.invoke(TestCaseExtensionInterceptor.kt)\n[CI/Test on JDK 8.0.345 OS ubuntu-latest]   | \tat io.kotest.engine.test.interceptors.TestCaseExtensionInterceptor$intercept$2.invoke(TestCaseExtensionInterceptor.kt)\n[CI/Test on JDK 8.0.345 OS ubuntu-latest]   | \tat io.kotest.engine.test.TestExtensions.intercept(TestExtensions.kt:154)\n[CI/Test on JDK 8.0.345 OS ubuntu-latest]   | \tat io.kotest.engine.test.interceptors.TestCaseExtensionInterceptor.intercept(TestCaseExtensionInterceptor.kt:24)\n[CI/Test on JDK 8.0.345 OS ubuntu-latest]   | \tat io.kotest.engine.test.TestCaseExecutor$execute$3$1.invokeSuspend(TestCaseExecutor.kt:97)\n[CI/Test on JDK 8.0.345 OS ubuntu-latest]   | \tat io.kotest.engine.test.TestCaseExecutor$execute$3$1.invoke(TestCaseExecutor.kt)\n[CI/Test on JDK 8.0.345 OS ubuntu-latest]   | \tat io.kotest.engine.test.TestCaseExecutor$execute$3$1.invoke(TestCaseExecutor.kt)\n[CI/Test on JDK 8.0.345 OS ubuntu-latest]   | \tat io.kotest.engine.test.interceptors.CoroutineErrorCollectorInterceptor$intercept$3.invokeSuspend(CoroutineErrorCollectorInterceptor.kt:28)\n[CI/Test on JDK 8.0.345 OS ubuntu-latest]   | \tat io.kotest.engine.test.interceptors.CoroutineErrorCollectorInterceptor$intercept$3.invoke(CoroutineErrorCollectorInterceptor.kt)\n[CI/Test on JDK 8.0.345 OS ubuntu-latest]   | \tat io.kotest.engine.test.interceptors.CoroutineErrorCollectorInterceptor$intercept$3.invoke(CoroutineErrorCollectorInterceptor.kt)\n[CI/Test on JDK 8.0.345 OS ubuntu-latest]   | \tat kotlinx.coroutines.intrinsics.UndispatchedKt.startUndispatchedOrReturn(Undispatched.kt:78)\n[CI/Test on JDK 8.0.345 OS ubuntu-latest]   | \tat kotlinx.coroutines.BuildersKt__Builders_commonKt.withContext(Builders.common.kt:167)\n[CI/Test on JDK 8.0.345 OS ubuntu-latest]   | \tat kotlinx.coroutines.BuildersKt.withContext(Unknown Source)\n[CI/Test on JDK 8.0.345 OS ubuntu-latest]   | \tat io.kotest.engine.test.interceptors.CoroutineErrorCollectorInterceptor.intercept(CoroutineErrorCollectorInterceptor.kt:27)\n[CI/Test on JDK 8.0.345 OS ubuntu-latest]   | \tat io.kotest.engine.test.TestCaseExecutor$execute$3$1.invokeSuspend(TestCaseExecutor.kt:97)\n[CI/Test on JDK 8.0.345 OS ubuntu-latest]   | \tat io.kotest.engine.test.TestCaseExecutor$execute$3$1.invoke(TestCaseExecutor.kt)\n[CI/Test on JDK 8.0.345 OS ubuntu-latest]   | \tat io.kotest.engine.test.TestCaseExecutor$execute$3$1.invoke(TestCaseExecutor.kt)\n[CI/Test on JDK 8.0.345 OS ubuntu-latest]   | \tat io.kotest.engine.test.interceptors.CoroutineDispatcherFactoryInterceptor$intercept$4.invokeSuspend(coroutineDispatcherFactoryInterceptor.kt:57)\n[CI/Test on JDK 8.0.345 OS ubuntu-latest]   | \tat io.kotest.engine.test.interceptors.CoroutineDispatcherFactoryInterceptor$intercept$4.invoke(coroutineDispatcherFactoryInterceptor.kt)\n[CI/Test on JDK 8.0.345 OS ubuntu-latest]   | \tat io.kotest.engine.test.interceptors.CoroutineDispatcherFactoryInterceptor$intercept$4.invoke(coroutineDispatcherFactoryInterceptor.kt)\n[CI/Test on JDK 8.0.345 OS ubuntu-latest]   | \tat io.kotest.engine.concurrency.FixedThreadCoroutineDispatcherFactory$withDispatcher$4.invokeSuspend(FixedThreadCoroutineDispatcherFactory.kt:54)\n[CI/Test on JDK 8.0.345 OS ubuntu-latest]   | \tat kotlin.coroutines.jvm.internal.BaseContinuationImpl.resumeWith(ContinuationImpl.kt:33)\n[CI/Test on JDK 8.0.345 OS ubuntu-latest]   | \tat kotlinx.coroutines.DispatchedTask.run(DispatchedTask.kt:106)\n[CI/Test on JDK 8.0.345 OS ubuntu-latest]   | \tat java.util.concurrent.ThreadPoolExecutor.runWorker(ThreadPoolExecutor.java:1149)\n[CI/Test on JDK 8.0.345 OS ubuntu-latest]   | \tat java.util.concurrent.ThreadPoolExecutor$Worker.run(ThreadPoolExecutor.java:624)\n[CI/Test on JDK 8.0.345 OS ubuntu-latest]   | \tat java.lang.Thread.run(Thread.java:750)\n[CI/Test on JDK 8.0.345 OS ubuntu-latest]   | \n[CI/Test on JDK 8.0.345 OS ubuntu-latest]   | \n[CI/Test on JDK 8.0.345 OS ubuntu-latest]   | Prepared output file: /tmp/dcm-output-3802197778922843823.log\n[CI/Test on JDK 8.0.345 OS ubuntu-latest]   | May 28, 2023 6:38:35 PM com.alibaba.dcm.agent.DcmAgent agentmain\n[CI/Test on JDK 8.0.345 OS ubuntu-latest]   | INFO: com.alibaba.dcm.agent.DcmAgent: attached with agent argument:   setNegativePolicy 737 HaHa  file /tmp/dcm-output-3802197778922843823.log.\n[CI/Test on JDK 8.0.345 OS ubuntu-latest]   | \n[CI/Test on JDK 8.0.345 OS ubuntu-latest]   | May 28, 2023 6:38:35 PM com.alibaba.dcm.agent.DcmAgent doAction\n[CI/Test on JDK 8.0.345 OS ubuntu-latest]   | INFO: com.alibaba.dcm.agent.DcmAgent: Error to do action setNegativePolicy 737 HaHa, cause: java.lang.IllegalStateException: Too many arguments for action setNegativePolicy! arguments: [737, HaHa]\n[CI/Test on JDK 8.0.345 OS ubuntu-latest]   | \tat com.alibaba.dcm.agent.DcmAgent.convertStringArray2Arguments(DcmAgent.java:196)\n[CI/Test on JDK 8.0.345 OS ubuntu-latest]   | \tat com.alibaba.dcm.agent.DcmAgent.invokeAction(DcmAgent.java:175)\n[CI/Test on JDK 8.0.345 OS ubuntu-latest]   | \tat com.alibaba.dcm.agent.DcmAgent.doAction(DcmAgent.java:140)\n[CI/Test on JDK 8.0.345 OS ubuntu-latest]   | \tat com.alibaba.dcm.agent.DcmAgent.agentmain(DcmAgent.java:75)\n[CI/Test on JDK 8.0.345 OS ubuntu-latest]   | \tat com.alibaba.dcm.agent.DcmAgentTests.test_agentmain_actionTooMoreArgument(DcmAgentTests.kt:163)\n[CI/Test on JDK 8.0.345 OS ubuntu-latest]   | \tat sun.reflect.NativeMethodAccessorImpl.invoke0(Native Method)\n[CI/Test on JDK 8.0.345 OS ubuntu-latest]   | \tat sun.reflect.NativeMethodAccessorImpl.invoke(NativeMethodAccessorImpl.java:62)\n[CI/Test on JDK 8.0.345 OS ubuntu-latest]   | \tat sun.reflect.DelegatingMethodAccessorImpl.invoke(DelegatingMethodAccessorImpl.java:43)\n[CI/Test on JDK 8.0.345 OS ubuntu-latest]   | \tat java.lang.reflect.Method.invoke(Method.java:498)\n[CI/Test on JDK 8.0.345 OS ubuntu-latest]   | \tat kotlin.reflect.jvm.internal.calls.CallerImpl$Method.callMethod(CallerImpl.kt:97)\n[CI/Test on JDK 8.0.345 OS ubuntu-latest]   | \tat kotlin.reflect.jvm.internal.calls.CallerImpl$Method$Instance.call(CallerImpl.kt:113)\n[CI/Test on JDK 8.0.345 OS ubuntu-latest]   | \tat kotlin.reflect.jvm.internal.KCallableImpl.call(KCallableImpl.kt:107)\n[CI/Test on JDK 8.0.345 OS ubuntu-latest]   | \tat kotlin.reflect.full.KCallables.callSuspend(KCallables.kt:54)\n[CI/Test on JDK 8.0.345 OS ubuntu-latest]   | \tat io.kotest.core.spec.style.AnnotationSpec$callNotExpectingException$1.invokeSuspend(AnnotationSpec.kt:139)\n[CI/Test on JDK 8.0.345 OS ubuntu-latest]   | \tat io.kotest.core.spec.style.AnnotationSpec$callNotExpectingException$1.invoke(AnnotationSpec.kt)\n[CI/Test on JDK 8.0.345 OS ubuntu-latest]   | \tat io.kotest.core.spec.style.AnnotationSpec$callNotExpectingException$1.invoke(AnnotationSpec.kt)\n[CI/Test on JDK 8.0.345 OS ubuntu-latest]   | \tat io.kotest.engine.test.TestCaseExecutor$execute$innerExecute$1.invokeSuspend(TestCaseExecutor.kt:88)\n[CI/Test on JDK 8.0.345 OS ubuntu-latest]   | \tat io.kotest.engine.test.TestCaseExecutor$execute$innerExecute$1.invoke(TestCaseExecutor.kt)\n[CI/Test on JDK 8.0.345 OS ubuntu-latest]   | \tat io.kotest.engine.test.TestCaseExecutor$execute$innerExecute$1.invoke(TestCaseExecutor.kt)\n[CI/Test on JDK 8.0.345 OS ubuntu-latest]   | \tat io.kotest.engine.test.interceptors.CoroutineDebugProbeInterceptor.intercept(CoroutineDebugProbeInterceptor.kt:29)\n[CI/Test on JDK 8.0.345 OS ubuntu-latest]   | \tat io.kotest.engine.test.TestCaseExecutor$execute$3$1.invokeSuspend(TestCaseExecutor.kt:97)\n[CI/Test on JDK 8.0.345 OS ubuntu-latest]   | \tat io.kotest.engine.test.TestCaseExecutor$execute$3$1.invoke(TestCaseExecutor.kt)\n[CI/Test on JDK 8.0.345 OS ubuntu-latest]   | \tat io.kotest.engine.test.TestCaseExecutor$execute$3$1.invoke(TestCaseExecutor.kt)\n[CI/Test on JDK 8.0.345 OS ubuntu-latest]   | \tat io.kotest.engine.test.TestInvocationInterceptor$runBeforeTestAfter$executeWithBeforeAfter$1.invokeSuspend(TestInvocationInterceptor.kt:63)\n[CI/Test on JDK 8.0.345 OS ubuntu-latest]   | \tat io.kotest.engine.test.TestInvocationInterceptor$runBeforeTestAfter$executeWithBeforeAfter$1.invoke(TestInvocationInterceptor.kt)\n[CI/Test on JDK 8.0.345 OS ubuntu-latest]   | \tat io.kotest.engine.test.TestInvocationInterceptor$runBeforeTestAfter$executeWithBeforeAfter$1.invoke(TestInvocationInterceptor.kt)\n[CI/Test on JDK 8.0.345 OS ubuntu-latest]   | \tat io.kotest.engine.test.interceptors.InvocationTimeoutInterceptor$intercept$3.invokeSuspend(InvocationTimeoutInterceptor.kt:43)\n[CI/Test on JDK 8.0.345 OS ubuntu-latest]   | \tat io.kotest.engine.test.interceptors.InvocationTimeoutInterceptor$intercept$3.invoke(InvocationTimeoutInterceptor.kt)\n[CI/Test on JDK 8.0.345 OS ubuntu-latest]   | \tat io.kotest.engine.test.interceptors.InvocationTimeoutInterceptor$intercept$3.invoke(InvocationTimeoutInterceptor.kt)\n[CI/Test on JDK 8.0.345 OS ubuntu-latest]   | \tat kotlinx.coroutines.intrinsics.UndispatchedKt.startUndispatchedOrReturnIgnoreTimeout(Undispatched.kt:89)\n[CI/Test on JDK 8.0.345 OS ubuntu-latest]   | \tat kotlinx.coroutines.TimeoutKt.setupTimeout(Timeout.kt:151)\n[CI/Test on JDK 8.0.345 OS ubuntu-latest]   | \tat kotlinx.coroutines.TimeoutKt.withTimeoutOrNull(Timeout.kt:107)\n[CI/Test on JDK 8.0.345 OS ubuntu-latest]   | \tat io.kotest.engine.test.interceptors.InvocationTimeoutInterceptor.intercept(InvocationTimeoutInterceptor.kt:42)\n[CI/Test on JDK 8.0.345 OS ubuntu-latest]   | \tat io.kotest.engine.test.TestInvocationInterceptor$runBeforeTestAfter$wrappedTest$1$1.invokeSuspend(TestInvocationInterceptor.kt:70)\n[CI/Test on JDK 8.0.345 OS ubuntu-latest]   | \tat io.kotest.engine.test.TestInvocationInterceptor$runBeforeTestAfter$wrappedTest$1$1.invoke(TestInvocationInterceptor.kt)\n[CI/Test on JDK 8.0.345 OS ubuntu-latest]   | \tat io.kotest.engine.test.TestInvocationInterceptor$runBeforeTestAfter$wrappedTest$1$1.invoke(TestInvocationInterceptor.kt)\n[CI/Test on JDK 8.0.345 OS ubuntu-latest]   | \tat io.kotest.engine.test.TestInvocationInterceptor.runBeforeTestAfter(TestInvocationInterceptor.kt:73)\n[CI/Test on JDK 8.0.345 OS ubuntu-latest]   | \tat io.kotest.engine.test.TestInvocationInterceptor.access$runBeforeTestAfter(TestInvocationInterceptor.kt:14)\n[CI/Test on JDK 8.0.345 OS ubuntu-latest]   | \tat io.kotest.engine.test.TestInvocationInterceptor$intercept$2$1.invokeSuspend(TestInvocationInterceptor.kt:36)\n[CI/Test on JDK 8.0.345 OS ubuntu-latest]   | \tat io.kotest.engine.test.TestInvocationInterceptor$intercept$2$1.invoke(TestInvocationInterceptor.kt)\n[CI/Test on JDK 8.0.345 OS ubuntu-latest]   | \tat io.kotest.engine.test.TestInvocationInterceptor$intercept$2$1.invoke(TestInvocationInterceptor.kt)\n[CI/Test on JDK 8.0.345 OS ubuntu-latest]   | \tat io.kotest.mpp.ReplayKt.replay(replay.kt:15)\n[CI/Test on JDK 8.0.345 OS ubuntu-latest]   | \tat io.kotest.engine.test.TestInvocationInterceptor$intercept$2.invokeSuspend(TestInvocationInterceptor.kt:32)\n[CI/Test on JDK 8.0.345 OS ubuntu-latest]   | \tat io.kotest.engine.test.TestInvocationInterceptor$intercept$2.invoke(TestInvocationInterceptor.kt)\n[CI/Test on JDK 8.0.345 OS ubuntu-latest]   | \tat io.kotest.engine.test.TestInvocationInterceptor$intercept$2.invoke(TestInvocationInterceptor.kt)\n[CI/Test on JDK 8.0.345 OS ubuntu-latest]   | \tat kotlinx.coroutines.intrinsics.UndispatchedKt.startUndispatchedOrReturn(Undispatched.kt:78)\n[CI/Test on JDK 8.0.345 OS ubuntu-latest]   | \tat kotlinx.coroutines.CoroutineScopeKt.coroutineScope(CoroutineScope.kt:264)\n[CI/Test on JDK 8.0.345 OS ubuntu-latest]   | \tat io.kotest.engine.test.TestInvocationInterceptor.intercept(TestInvocationInterceptor.kt:31)\n[CI/Test on JDK 8.0.345 OS ubuntu-latest]   | \tat io.kotest.engine.test.TestCaseExecutor$execute$3$1.invokeSuspend(TestCaseExecutor.kt:97)\n[CI/Test on JDK 8.0.345 OS ubuntu-latest]   | \tat io.kotest.engine.test.TestCaseExecutor$execute$3$1.invoke(TestCaseExecutor.kt)\n[CI/Test on JDK 8.0.345 OS ubuntu-latest]   | \tat io.kotest.engine.test.TestCaseExecutor$execute$3$1.invoke(TestCaseExecutor.kt)\n[CI/Test on JDK 8.0.345 OS ubuntu-latest]   | \tat io.kotest.engine.test.interceptors.TimeoutInterceptor.intercept(TimeoutInterceptor.kt:33)\n[CI/Test on JDK 8.0.345 OS ubuntu-latest]   | \tat io.kotest.engine.test.TestCaseExecutor$execute$3$1.invokeSuspend(TestCaseExecutor.kt:97)\n[CI/Test on JDK 8.0.345 OS ubuntu-latest]   | \tat io.kotest.engine.test.TestCaseExecutor$execute$3$1.invoke(TestCaseExecutor.kt)\n[CI/Test on JDK 8.0.345 OS ubuntu-latest]   | \tat io.kotest.engine.test.TestCaseExecutor$execute$3$1.invoke(TestCaseExecutor.kt)\n[CI/Test on JDK 8.0.345 OS ubuntu-latest]   | \tat io.kotest.engine.test.interceptors.BlockedThreadTimeoutInterceptor.intercept(BlockedThreadTimeoutInterceptor.kt:74)\n[CI/Test on JDK 8.0.345 OS ubuntu-latest]   | \tat io.kotest.engine.test.TestCaseExecutor$execute$3$1.invokeSuspend(TestCaseExecutor.kt:97)\n[CI/Test on JDK 8.0.345 OS ubuntu-latest]   | \tat io.kotest.engine.test.TestCaseExecutor$execute$3$1.invoke(TestCaseExecutor.kt)\n[CI/Test on JDK 8.0.345 OS ubuntu-latest]   | \tat io.kotest.engine.test.TestCaseExecutor$execute$3$1.invoke(TestCaseExecutor.kt)\n[CI/Test on JDK 8.0.345 OS ubuntu-latest]   | \tat io.kotest.engine.test.interceptors.CoroutineLoggingInterceptor.intercept(CoroutineLoggingInterceptor.kt:30)\n[CI/Test on JDK 8.0.345 OS ubuntu-latest]   | \tat io.kotest.engine.test.TestCaseExecutor$execute$3$1.invokeSuspend(TestCaseExecutor.kt:97)\n[CI/Test on JDK 8.0.345 OS ubuntu-latest]   | \tat io.kotest.engine.test.TestCaseExecutor$execute$3$1.invoke(TestCaseExecutor.kt)\n[CI/Test on JDK 8.0.345 OS ubuntu-latest]   | \tat io.kotest.engine.test.TestCaseExecutor$execute$3$1.invoke(TestCaseExecutor.kt)\n[CI/Test on JDK 8.0.345 OS ubuntu-latest]   | \tat io.kotest.engine.test.interceptors.SoftAssertInterceptor.intercept(SoftAssertInterceptor.kt:27)\n[CI/Test on JDK 8.0.345 OS ubuntu-latest]   | \tat io.kotest.engine.test.TestCaseExecutor$execute$3$1.invokeSuspend(TestCaseExecutor.kt:97)\n[CI/Test on JDK 8.0.345 OS ubuntu-latest]   | \tat io.kotest.engine.test.TestCaseExecutor$execute$3$1.invoke(TestCaseExecutor.kt)\n[CI/Test on JDK 8.0.345 OS ubuntu-latest]   | \tat io.kotest.engine.test.TestCaseExecutor$execute$3$1.invoke(TestCaseExecutor.kt)\n[CI/Test on JDK 8.0.345 OS ubuntu-latest]   | \tat io.kotest.engine.test.interceptors.AssertionModeInterceptor.intercept(AssertionModeInterceptor.kt:25)\n[CI/Test on JDK 8.0.345 OS ubuntu-latest]   | \tat io.kotest.engine.test.TestCaseExecutor$execute$3$1.invokeSuspend(TestCaseExecutor.kt:97)\n[CI/Test on JDK 8.0.345 OS ubuntu-latest]   | \tat io.kotest.engine.test.TestCaseExecutor$execute$3$1.invoke(TestCaseExecutor.kt)\n[CI/Test on JDK 8.0.345 OS ubuntu-latest]   | \tat io.kotest.engine.test.TestCaseExecutor$execute$3$1.invoke(TestCaseExecutor.kt)\n[CI/Test on JDK 8.0.345 OS ubuntu-latest]   | \tat io.kotest.engine.test.interceptors.LifecycleInterceptor.intercept(LifecycleInterceptor.kt:51)\n[CI/Test on JDK 8.0.345 OS ubuntu-latest]   | \tat io.kotest.engine.test.TestCaseExecutor$execute$3$1.invokeSuspend(TestCaseExecutor.kt:97)\n[CI/Test on JDK 8.0.345 OS ubuntu-latest]   | \tat io.kotest.engine.test.TestCaseExecutor$execute$3$1.invoke(TestCaseExecutor.kt)\n[CI/Test on JDK 8.0.345 OS ubuntu-latest]   | \tat io.kotest.engine.test.TestCaseExecutor$execute$3$1.invoke(TestCaseExecutor.kt)\n[CI/Test on JDK 8.0.345 OS ubuntu-latest]   | \tat io.kotest.engine.test.interceptors.EnabledCheckInterceptor.intercept(EnabledCheckInterceptor.kt:31)\n[CI/Test on JDK 8.0.345 OS ubuntu-latest]   | \tat io.kotest.engine.test.TestCaseExecutor$execute$3$1.invokeSuspend(TestCaseExecutor.kt:97)\n[CI/Test on JDK 8.0.345 OS ubuntu-latest]   | \tat io.kotest.engine.test.TestCaseExecutor$execute$3$1.invoke(TestCaseExecutor.kt)\n[CI/Test on JDK 8.0.345 OS ubuntu-latest]   | \tat io.kotest.engine.test.TestCaseExecutor$execute$3$1.invoke(TestCaseExecutor.kt)\n[CI/Test on JDK 8.0.345 OS ubuntu-latest]   | \tat io.kotest.engine.test.interceptors.TestCaseExtensionInterceptor$intercept$2.invokeSuspend(TestCaseExtensionInterceptor.kt:24)\n[CI/Test on JDK 8.0.345 OS ubuntu-latest]   | \tat io.kotest.engine.test.interceptors.TestCaseExtensionInterceptor$intercept$2.invoke(TestCaseExtensionInterceptor.kt)\n[CI/Test on JDK 8.0.345 OS ubuntu-latest]   | \tat io.kotest.engine.test.interceptors.TestCaseExtensionInterceptor$intercept$2.invoke(TestCaseExtensionInterceptor.kt)\n[CI/Test on JDK 8.0.345 OS ubuntu-latest]   | \tat io.kotest.engine.test.TestExtensions.intercept(TestExtensions.kt:154)\n[CI/Test on JDK 8.0.345 OS ubuntu-latest]   | \tat io.kotest.engine.test.interceptors.TestCaseExtensionInterceptor.intercept(TestCaseExtensionInterceptor.kt:24)\n[CI/Test on JDK 8.0.345 OS ubuntu-latest]   | \tat io.kotest.engine.test.TestCaseExecutor$execute$3$1.invokeSuspend(TestCaseExecutor.kt:97)\n[CI/Test on JDK 8.0.345 OS ubuntu-latest]   | \tat io.kotest.engine.test.TestCaseExecutor$execute$3$1.invoke(TestCaseExecutor.kt)\n[CI/Test on JDK 8.0.345 OS ubuntu-latest]   | \tat io.kotest.engine.test.TestCaseExecutor$execute$3$1.invoke(TestCaseExecutor.kt)\n[CI/Test on JDK 8.0.345 OS ubuntu-latest]   | \tat io.kotest.engine.test.interceptors.CoroutineErrorCollectorInterceptor$intercept$3.invokeSuspend(CoroutineErrorCollectorInterceptor.kt:28)\n[CI/Test on JDK 8.0.345 OS ubuntu-latest]   | \tat io.kotest.engine.test.interceptors.CoroutineErrorCollectorInterceptor$intercept$3.invoke(CoroutineErrorCollectorInterceptor.kt)\n[CI/Test on JDK 8.0.345 OS ubuntu-latest]   | \tat io.kotest.engine.test.interceptors.CoroutineErrorCollectorInterceptor$intercept$3.invoke(CoroutineErrorCollectorInterceptor.kt)\n[CI/Test on JDK 8.0.345 OS ubuntu-latest]   | \tat kotlinx.coroutines.intrinsics.UndispatchedKt.startUndispatchedOrReturn(Undispatched.kt:78)\n[CI/Test on JDK 8.0.345 OS ubuntu-latest]   | \tat kotlinx.coroutines.BuildersKt__Builders_commonKt.withContext(Builders.common.kt:167)\n[CI/Test on JDK 8.0.345 OS ubuntu-latest]   | \tat kotlinx.coroutines.BuildersKt.withContext(Unknown Source)\n[CI/Test on JDK 8.0.345 OS ubuntu-latest]   | \tat io.kotest.engine.test.interceptors.CoroutineErrorCollectorInterceptor.intercept(CoroutineErrorCollectorInterceptor.kt:27)\n[CI/Test on JDK 8.0.345 OS ubuntu-latest]   | \tat io.kotest.engine.test.TestCaseExecutor$execute$3$1.invokeSuspend(TestCaseExecutor.kt:97)\n[CI/Test on JDK 8.0.345 OS ubuntu-latest]   | \tat io.kotest.engine.test.TestCaseExecutor$execute$3$1.invoke(TestCaseExecutor.kt)\n[CI/Test on JDK 8.0.345 OS ubuntu-latest]   | \tat io.kotest.engine.test.TestCaseExecutor$execute$3$1.invoke(TestCaseExecutor.kt)\n[CI/Test on JDK 8.0.345 OS ubuntu-latest]   | \tat io.kotest.engine.test.interceptors.CoroutineDispatcherFactoryInterceptor$intercept$4.invokeSuspend(coroutineDispatcherFactoryInterceptor.kt:57)\n[CI/Test on JDK 8.0.345 OS ubuntu-latest]   | \tat io.kotest.engine.test.interceptors.CoroutineDispatcherFactoryInterceptor$intercept$4.invoke(coroutineDispatcherFactoryInterceptor.kt)\n[CI/Test on JDK 8.0.345 OS ubuntu-latest]   | \tat io.kotest.engine.test.interceptors.CoroutineDispatcherFactoryInterceptor$intercept$4.invoke(coroutineDispatcherFactoryInterceptor.kt)\n[CI/Test on JDK 8.0.345 OS ubuntu-latest]   | \tat io.kotest.engine.concurrency.FixedThreadCoroutineDispatcherFactory$withDispatcher$4.invokeSuspend(FixedThreadCoroutineDispatcherFactory.kt:54)\n[CI/Test on JDK 8.0.345 OS ubuntu-latest]   | \tat kotlin.coroutines.jvm.internal.BaseContinuationImpl.resumeWith(ContinuationImpl.kt:33)\n[CI/Test on JDK 8.0.345 OS ubuntu-latest]   | \tat kotlinx.coroutines.DispatchedTask.run(DispatchedTask.kt:106)\n[CI/Test on JDK 8.0.345 OS ubuntu-latest]   | \tat java.util.concurrent.ThreadPoolExecutor.runWorker(ThreadPoolExecutor.java:1149)\n[CI/Test on JDK 8.0.345 OS ubuntu-latest]   | \tat java.util.concurrent.ThreadPoolExecutor$Worker.run(ThreadPoolExecutor.java:624)\n[CI/Test on JDK 8.0.345 OS ubuntu-latest]   | \tat java.lang.Thread.run(Thread.java:750)\n[CI/Test on JDK 8.0.345 OS ubuntu-latest]   | \n[CI/Test on JDK 8.0.345 OS ubuntu-latest]   | \n[CI/Test on JDK 8.0.345 OS ubuntu-latest]   | Prepared output file: /tmp/dcm-output-2593153052096160681.log\n[CI/Test on JDK 8.0.345 OS ubuntu-latest]   | May 28, 2023 6:38:35 PM com.alibaba.dcm.agent.DcmAgent agentmain\n[CI/Test on JDK 8.0.345 OS ubuntu-latest]   | INFO: com.alibaba.dcm.agent.DcmAgent: attached with agent argument:    clear  .\n[CI/Test on JDK 8.0.345 OS ubuntu-latest]   | \n[CI/Test on JDK 8.0.345 OS ubuntu-latest]   | Prepared output file: /tmp/dcm-output-4880484283447583079.log\n[CI/Test on JDK 8.0.345 OS ubuntu-latest]   | May 28, 2023 6:38:35 PM com.alibaba.dcm.agent.DcmAgent agentmain\n[CI/Test on JDK 8.0.345 OS ubuntu-latest]   | INFO: com.alibaba.dcm.agent.DcmAgent: attached with agent argument:    .\n[CI/Test on JDK 8.0.345 OS ubuntu-latest]   | \n[CI/Test on JDK 8.0.345 OS ubuntu-latest]   | May 28, 2023 6:38:35 PM com.alibaba.dcm.agent.DcmAgent agentmain\n[CI/Test on JDK 8.0.345 OS ubuntu-latest]   | INFO: com.alibaba.dcm.agent.DcmAgent: agent argument is blank, do nothing!\n[CI/Test on JDK 8.0.345 OS ubuntu-latest]   | Prepared output file: /tmp/dcm-output-3899472323043383103.log\n[CI/Test on JDK 8.0.345 OS ubuntu-latest]   | May 28, 2023 6:38:35 PM com.alibaba.dcm.agent.DcmAgent agentmain\n[CI/Test on JDK 8.0.345 OS ubuntu-latest]   | INFO: com.alibaba.dcm.agent.DcmAgent: attached with agent argument: file /tmp/dcm-output-3899472323043383103.log.\n[CI/Test on JDK 8.0.345 OS ubuntu-latest]   | \n[CI/Test on JDK 8.0.345 OS ubuntu-latest]   | May 28, 2023 6:38:35 PM com.alibaba.dcm.agent.DcmAgent agentmain\n[CI/Test on JDK 8.0.345 OS ubuntu-latest]   | INFO: com.alibaba.dcm.agent.DcmAgent: No action in agent argument, do nothing!\n[CI/Test on JDK 8.0.345 OS ubuntu-latest]   | Prepared output file: /tmp/dcm-output-3316159138525375030.log\n[CI/Test on JDK 8.0.345 OS ubuntu-latest]   | May 28, 2023 6:38:35 PM com.alibaba.dcm.agent.DcmAgent agentmain\n[CI/Test on JDK 8.0.345 OS ubuntu-latest]   | INFO: com.alibaba.dcm.agent.DcmAgent: attached with agent argument: get bing.com.\n[CI/Test on JDK 8.0.345 OS ubuntu-latest]   | \n[CI/Test on JDK 8.0.345 OS ubuntu-latest]   | Prepared output file: /tmp/dcm-output-3196183789078764311.log\n[CI/Test on JDK 8.0.345 OS ubuntu-latest]   | May 28, 2023 6:38:35 PM com.alibaba.dcm.agent.DcmAgent agentmain\n[CI/Test on JDK 8.0.345 OS ubuntu-latest]   | INFO: com.alibaba.dcm.agent.DcmAgent: attached with agent argument:    getNegativePolicy.\n[CI/Test on JDK 8.0.345 OS ubuntu-latest]   | \n[CI/Test on JDK 8.0.345 OS ubuntu-latest]   | Prepared output file: /tmp/dcm-output-7809597857130456181.log\n[CI/Test on JDK 8.0.345 OS ubuntu-latest]   | May 28, 2023 6:38:35 PM com.alibaba.dcm.agent.DcmAgent agentmain\n[CI/Test on JDK 8.0.345 OS ubuntu-latest]   | INFO: com.alibaba.dcm.agent.DcmAgent: attached with agent argument:    getPolicy     .\n[CI/Test on JDK 8.0.345 OS ubuntu-latest]   | \n[CI/Test on JDK 8.0.345 OS ubuntu-latest]   | Prepared output file: /tmp/dcm-output-1789584608771669715.log\n[CI/Test on JDK 8.0.345 OS ubuntu-latest]   | May 28, 2023 6:38:35 PM com.alibaba.dcm.agent.DcmAgent agentmain\n[CI/Test on JDK 8.0.345 OS ubuntu-latest]   | INFO: com.alibaba.dcm.agent.DcmAgent: attached with agent argument:    list  .\n[CI/Test on JDK 8.0.345 OS ubuntu-latest]   | \n[CI/Test on JDK 8.0.345 OS ubuntu-latest]   | May 28, 2023 6:38:35 PM com.alibaba.dcm.agent.DcmAgent agentmain\n[CI/Test on JDK 8.0.345 OS ubuntu-latest]   | INFO: com.alibaba.dcm.agent.DcmAgent: attached with agent argument:    ls  .\n[CI/Test on JDK 8.0.345 OS ubuntu-latest]   | \n[CI/Test on JDK 8.0.345 OS ubuntu-latest]   | Prepared output file: /tmp/dcm-output-4095531106416009556.log\n[CI/Test on JDK 8.0.345 OS ubuntu-latest]   | May 28, 2023 6:38:35 PM com.alibaba.dcm.agent.DcmAgent agentmain\n[CI/Test on JDK 8.0.345 OS ubuntu-latest]   | INFO: com.alibaba.dcm.agent.DcmAgent: attached with agent argument: rm bing.com.\n[CI/Test on JDK 8.0.345 OS ubuntu-latest]   | \n[CI/Test on JDK 8.0.345 OS ubuntu-latest]   | Prepared output file: /tmp/dcm-output-2273139365070615730.log\n[CI/Test on JDK 8.0.345 OS ubuntu-latest]   | May 28, 2023 6:38:35 PM com.alibaba.dcm.agent.DcmAgent agentmain\n[CI/Test on JDK 8.0.345 OS ubuntu-latest]   | INFO: com.alibaba.dcm.agent.DcmAgent: attached with agent argument: rm  bing.com file /tmp/dcm-output-2273139365070615730.log.\n[CI/Test on JDK 8.0.345 OS ubuntu-latest]   | \n[CI/Test on JDK 8.0.345 OS ubuntu-latest]   | Prepared output file: /tmp/dcm-output-5406372334346547366.log\n[CI/Test on JDK 8.0.345 OS ubuntu-latest]   | May 28, 2023 6:38:35 PM com.alibaba.dcm.agent.DcmAgent agentmain\n[CI/Test on JDK 8.0.345 OS ubuntu-latest]   | INFO: com.alibaba.dcm.agent.DcmAgent: attached with agent argument: set bing.com 1.2.3.4.\n[CI/Test on JDK 8.0.345 OS ubuntu-latest]   | \n[CI/Test on JDK 8.0.345 OS ubuntu-latest]   | Prepared output file: /tmp/dcm-output-1784948238716562996.log\n[CI/Test on JDK 8.0.345 OS ubuntu-latest]   | May 28, 2023 6:38:35 PM com.alibaba.dcm.agent.DcmAgent agentmain\n[CI/Test on JDK 8.0.345 OS ubuntu-latest]   | INFO: com.alibaba.dcm.agent.DcmAgent: attached with agent argument:    setNegativePolicy 42 .\n[CI/Test on JDK 8.0.345 OS ubuntu-latest]   | \n[CI/Test on JDK 8.0.345 OS ubuntu-latest]   | Prepared output file: /tmp/dcm-output-8684447382317681679.log\n[CI/Test on JDK 8.0.345 OS ubuntu-latest]   | May 28, 2023 6:38:35 PM com.alibaba.dcm.agent.DcmAgent agentmain\n[CI/Test on JDK 8.0.345 OS ubuntu-latest]   | INFO: com.alibaba.dcm.agent.DcmAgent: attached with agent argument:    setPolicy    345  .\n[CI/Test on JDK 8.0.345 OS ubuntu-latest]   | \n[CI/Test on JDK 8.0.345 OS ubuntu-latest]   | Prepared output file: /tmp/dcm-output-3275476806085744897.log\n[CI/Test on JDK 8.0.345 OS ubuntu-latest]   | May 28, 2023 6:38:35 PM com.alibaba.dcm.agent.DcmAgent agentmain\n[CI/Test on JDK 8.0.345 OS ubuntu-latest]   | INFO: com.alibaba.dcm.agent.DcmAgent: attached with agent argument: set bing.com 1.1.1.1 2.2.2.2.\n[CI/Test on JDK 8.0.345 OS ubuntu-latest]   | \n[CI/Test on JDK 8.0.345 OS ubuntu-latest]   | Prepared output file: /tmp/dcm-output-6272721512497991431.log\n[CI/Test on JDK 8.0.345 OS ubuntu-latest]   | May 28, 2023 6:38:35 PM com.alibaba.dcm.agent.DcmAgent agentmain\n[CI/Test on JDK 8.0.345 OS ubuntu-latest]   | INFO: com.alibaba.dcm.agent.DcmAgent: attached with agent argument: set bing.com 1.2.3.4 file /tmp/dcm-output-6272721512497991431.log.\n[CI/Test on JDK 8.0.345 OS ubuntu-latest]   | \n[CI/Test on JDK 8.0.345 OS ubuntu-latest]   | Prepared output file: /tmp/dcm-output-7531438757282537419.log\n[CI/Test on JDK 8.0.345 OS ubuntu-latest]   | May 28, 2023 6:38:35 PM com.alibaba.dcm.agent.DcmAgent agentmain\n[CI/Test on JDK 8.0.345 OS ubuntu-latest]   | INFO: com.alibaba.dcm.agent.DcmAgent: attached with agent argument:   arg1  arg2   .\n[CI/Test on JDK 8.0.345 OS ubuntu-latest]   | \n[CI/Test on JDK 8.0.345 OS ubuntu-latest]   | May 28, 2023 6:38:35 PM com.alibaba.dcm.agent.DcmAgent agentmain\n[CI/Test on JDK 8.0.345 OS ubuntu-latest]   | INFO: com.alibaba.dcm.agent.DcmAgent: No action in agent argument, do nothing!\n[CI/Test on JDK 8.0.345 OS ubuntu-latest]   | Prepared output file: /tmp/dcm-output-8767532720548960607.log\n[CI/Test on JDK 8.0.345 OS ubuntu-latest]   | May 28, 2023 6:38:35 PM com.alibaba.dcm.agent.DcmAgent agentmain\n[CI/Test on JDK 8.0.345 OS ubuntu-latest]   | INFO: com.alibaba.dcm.agent.DcmAgent: attached with agent argument:   unknownAction  arg1  arg2   file /tmp/dcm-output-8767532720548960607.log.\n[CI/Test on JDK 8.0.345 OS ubuntu-latest]   | \n[CI/Test on JDK 8.0.345 OS ubuntu-latest]   | May 28, 2023 6:38:35 PM com.alibaba.dcm.agent.DcmAgent agentmain\n[CI/Test on JDK 8.0.345 OS ubuntu-latest]   | INFO: com.alibaba.dcm.agent.DcmAgent: No action in agent argument, do nothing!\n[CI/Test on JDK 8.0.345 OS ubuntu-latest]   | [INFO] Tests run: 18, Failures: 0, Errors: 0, Skipped: 0, Time elapsed: 0.233 s - in com.alibaba.dcm.agent.DcmAgentTests\n[CI/Test on JDK 8.0.345 OS ubuntu-latest]   | [INFO] Running com.alibaba.dcm.internal.IpParserUtilTests\n[CI/Test on JDK 8.0.345 OS ubuntu-latest]   | [INFO] Tests run: 9, Failures: 0, Errors: 0, Skipped: 0, Time elapsed: 0.045 s - in com.alibaba.dcm.internal.IpParserUtilTests\n[CI/Test on JDK 8.0.345 OS ubuntu-latest]   | [INFO] \n[CI/Test on JDK 8.0.345 OS ubuntu-latest]   | [INFO] Results:\n[CI/Test on JDK 8.0.345 OS ubuntu-latest]   | [INFO] \n[CI/Test on JDK 8.0.345 OS ubuntu-latest]   | [INFO] Tests run: 48, Failures: 0, Errors: 0, Skipped: 0\n[CI/Test on JDK 8.0.345 OS ubuntu-latest]   | [INFO] \n[CI/Test on JDK 8.0.345 OS ubuntu-latest]   | [INFO] \n[CI/Test on JDK 8.0.345 OS ubuntu-latest]   | [INFO] --- jacoco:0.8.10:report (report) @ dns-cache-manipulator ---\n[CI/Test on JDK 8.0.345 OS ubuntu-latest]   | [INFO] Loading execution data file /tmp/bc275e72-fd77-11ed-a890-af2cc187fc11/alibaba-java-dns-cache-manipulator/library/target/jacoco.exec\n[CI/Test on JDK 8.0.345 OS ubuntu-latest]   | [INFO] Analyzed bundle 'Java Dns Cache Manipulator(DCM) Lib' with 10 classes\n[CI/Test on JDK 8.0.345 OS ubuntu-latest]   | [INFO] \n[CI/Test on JDK 8.0.345 OS ubuntu-latest]   | [INFO] --- jar:3.3.0:jar (default-jar) @ dns-cache-manipulator ---\n[CI/Test on JDK 8.0.345 OS ubuntu-latest]   | [INFO] Building jar: /tmp/bc275e72-fd77-11ed-a890-af2cc187fc11/alibaba-java-dns-cache-manipulator/library/target/dns-cache-manipulator-1.x-SNAPSHOT.jar\n[CI/Test on JDK 8.0.345 OS ubuntu-latest]   | [INFO] \n[CI/Test on JDK 8.0.345 OS ubuntu-latest]   | [INFO] ---------------< com.alibaba:dns-cache-manipulator-tool >---------------\n[CI/Test on JDK 8.0.345 OS ubuntu-latest]   | [INFO] Building Java Dns Cache Manipulator(DCM) Tool 1.x-SNAPSHOT         [3/3]\n[CI/Test on JDK 8.0.345 OS ubuntu-latest]   | [INFO]   from tool/pom.xml\n[CI/Test on JDK 8.0.345 OS ubuntu-latest]   | [INFO] --------------------------------[ jar ]---------------------------------\n[CI/Test on JDK 8.0.345 OS ubuntu-latest]   | [INFO] \n[CI/Test on JDK 8.0.345 OS ubuntu-latest]   | [INFO] --- clean:3.2.0:clean (default-clean) @ dns-cache-manipulator-tool ---\n[CI/Test on JDK 8.0.345 OS ubuntu-latest]   | [INFO] \n[CI/Test on JDK 8.0.345 OS ubuntu-latest]   | [INFO] --- enforcer:3.3.0:enforce (enforce-maven) @ dns-cache-manipulator-tool ---\n[CI/Test on JDK 8.0.345 OS ubuntu-latest]   | [INFO] \n[CI/Test on JDK 8.0.345 OS ubuntu-latest]   | [INFO] --- jacoco:0.8.10:prepare-agent (default) @ dns-cache-manipulator-tool ---\n[CI/Test on JDK 8.0.345 OS ubuntu-latest]   | [INFO] argLine set to -javaagent:/home/runneradmin/.m2/repository/org/jacoco/org.jacoco.agent/0.8.10/org.jacoco.agent-0.8.10-runtime.jar=destfile=/tmp/bc275e72-fd77-11ed-a890-af2cc187fc11/alibaba-java-dns-cache-manipulator/tool/target/jacoco.exec,append=true\n[CI/Test on JDK 8.0.345 OS ubuntu-latest]   | [INFO] \n[CI/Test on JDK 8.0.345 OS ubuntu-latest]   | [INFO] --- resources:3.3.1:resources (default-resources) @ dns-cache-manipulator-tool ---\n[CI/Test on JDK 8.0.345 OS ubuntu-latest]   | [INFO] skip non existing resourceDirectory /tmp/bc275e72-fd77-11ed-a890-af2cc187fc11/alibaba-java-dns-cache-manipulator/tool/src/main/resources\n[CI/Test on JDK 8.0.345 OS ubuntu-latest]   | [INFO] \n[CI/Test on JDK 8.0.345 OS ubuntu-latest]   | [INFO] --- kotlin:1.8.21:compile (compile) @ dns-cache-manipulator-tool ---\n[CI/Test on JDK 8.0.345 OS ubuntu-latest]   | [WARNING] No sources found skipping Kotlin compile\n[CI/Test on JDK 8.0.345 OS ubuntu-latest]   | [INFO] \n[CI/Test on JDK 8.0.345 OS ubuntu-latest]   | [INFO] --- compiler:3.11.0:compile (java-compile) @ dns-cache-manipulator-tool ---\n[CI/Test on JDK 8.0.345 OS ubuntu-latest]   | [INFO] Changes detected - recompiling the module! :dependency\n[CI/Test on JDK 8.0.345 OS ubuntu-latest]   | [INFO] Compiling 1 source file with javac [debug target 1.8] to target/classes\n[CI/Test on JDK 8.0.345 OS ubuntu-latest]   | [INFO] \n[CI/Test on JDK 8.0.345 OS ubuntu-latest]   | [INFO] --- resources:3.3.1:testResources (default-testResources) @ dns-cache-manipulator-tool ---\n[CI/Test on JDK 8.0.345 OS ubuntu-latest]   | [INFO] skip non existing resourceDirectory /tmp/bc275e72-fd77-11ed-a890-af2cc187fc11/alibaba-java-dns-cache-manipulator/tool/src/test/resources\n[CI/Test on JDK 8.0.345 OS ubuntu-latest]   | [INFO] \n[CI/Test on JDK 8.0.345 OS ubuntu-latest]   | [INFO] --- kotlin:1.8.21:test-compile (test-compile) @ dns-cache-manipulator-tool ---\n[CI/Test on JDK 8.0.345 OS ubuntu-latest]   | [WARNING] /tmp/bc275e72-fd77-11ed-a890-af2cc187fc11/alibaba-java-dns-cache-manipulator/tool/src/test/java/com/alibaba/dcm/tool/DcmToolTests.kt: (23, 18) This declaration overrides deprecated member but not marked as deprecated itself. This deprecation won't be inherited in future releases. Please add @Deprecated annotation or suppress. See https://youtrack.jetbrains.com/issue/KT-47902 for details\n[CI/Test on JDK 8.0.345 OS ubuntu-latest]   | [INFO] \n[CI/Test on JDK 8.0.345 OS ubuntu-latest]   | [INFO] --- compiler:3.11.0:testCompile (java-test-compile) @ dns-cache-manipulator-tool ---\n[CI/Test on JDK 8.0.345 OS ubuntu-latest]   | [INFO] Changes detected - recompiling the module! :dependency\n[CI/Test on JDK 8.0.345 OS ubuntu-latest]   | [INFO] Compiling 1 source file with javac [debug target 1.8] to target/test-classes\n[CI/Test on JDK 8.0.345 OS ubuntu-latest]   | [INFO] \n[CI/Test on JDK 8.0.345 OS ubuntu-latest]   | [INFO] --- surefire:3.1.0:test (default-test) @ dns-cache-manipulator-tool ---\n[CI/Test on JDK 8.0.345 OS ubuntu-latest]   | [INFO] Using auto detected provider org.apache.maven.surefire.junitplatform.JUnitPlatformProvider\n[CI/Test on JDK 8.0.345 OS ubuntu-latest]   | [INFO] \n[CI/Test on JDK 8.0.345 OS ubuntu-latest]   | [INFO] -------------------------------------------------------\n[CI/Test on JDK 8.0.345 OS ubuntu-latest]   | [INFO]  T E S T S\n[CI/Test on JDK 8.0.345 OS ubuntu-latest]   | [INFO] -------------------------------------------------------\n[CI/Test on JDK 8.0.345 OS ubuntu-latest]   | [INFO] Running com.alibaba.dcm.tool.DcmToolTests\n[CI/Test on JDK 8.0.345 OS ubuntu-latest]   | work dir: /tmp/bc275e72-fd77-11ed-a890-af2cc187fc11/alibaba-java-dns-cache-manipulator/tool\n[CI/Test on JDK 8.0.345 OS ubuntu-latest]   | Found target dir: /tmp/bc275e72-fd77-11ed-a890-af2cc187fc11/alibaba-java-dns-cache-manipulator/library/target\n[CI/Test on JDK 8.0.345 OS ubuntu-latest]   | Found agent file: /tmp/bc275e72-fd77-11ed-a890-af2cc187fc11/alibaba-java-dns-cache-manipulator/library/target/dns-cache-manipulator-1.x-SNAPSHOT.jar\n[CI/Test on JDK 8.0.345 OS ubuntu-latest]   | Prepared output file: /tmp/dcm-output-217617578281196031.log\n[CI/Test on JDK 8.0.345 OS ubuntu-latest]   | May 28, 2023 6:38:47 PM com.alibaba.dcm.agent.DcmAgent agentmain\n[CI/Test on JDK 8.0.345 OS ubuntu-latest]   | INFO: com.alibaba.dcm.agent.DcmAgent: attached with agent argument: getPolicy file /tmp/dcm-output-217617578281196031.log.\n[CI/Test on JDK 8.0.345 OS ubuntu-latest]   | \n[CI/Test on JDK 8.0.345 OS ubuntu-latest]   | 30\n[CI/Test on JDK 8.0.345 OS ubuntu-latest]   | Prepared output file: /tmp/dcm-output-572862239800092537.log\n[CI/Test on JDK 8.0.345 OS ubuntu-latest]   | May 28, 2023 6:38:47 PM com.alibaba.dcm.agent.DcmAgent agentmain\n[CI/Test on JDK 8.0.345 OS ubuntu-latest]   | INFO: com.alibaba.dcm.agent.DcmAgent: attached with agent argument: set bing.com 1.1.2.2 file /tmp/dcm-output-572862239800092537.log.\n[CI/Test on JDK 8.0.345 OS ubuntu-latest]   | \n[CI/Test on JDK 8.0.345 OS ubuntu-latest]   | [INFO] Tests run: 2, Failures: 0, Errors: 0, Skipped: 0, Time elapsed: 1.22 s - in com.alibaba.dcm.tool.DcmToolTests\n[CI/Test on JDK 8.0.345 OS ubuntu-latest]   | [INFO] \n[CI/Test on JDK 8.0.345 OS ubuntu-latest]   | [INFO] Results:\n[CI/Test on JDK 8.0.345 OS ubuntu-latest]   | [INFO] \n[CI/Test on JDK 8.0.345 OS ubuntu-latest]   | [INFO] Tests run: 2, Failures: 0, Errors: 0, Skipped: 0\n[CI/Test on JDK 8.0.345 OS ubuntu-latest]   | [INFO] \n[CI/Test on JDK 8.0.345 OS ubuntu-latest]   | [INFO] \n[CI/Test on JDK 8.0.345 OS ubuntu-latest]   | [INFO] --- jacoco:0.8.10:report (report) @ dns-cache-manipulator-tool ---\n[CI/Test on JDK 8.0.345 OS ubuntu-latest]   | [INFO] Loading execution data file /tmp/bc275e72-fd77-11ed-a890-af2cc187fc11/alibaba-java-dns-cache-manipulator/tool/target/jacoco.exec\n[CI/Test on JDK 8.0.345 OS ubuntu-latest]   | [INFO] Analyzed bundle 'Java Dns Cache Manipulator(DCM) Tool' with 1 classes\n[CI/Test on JDK 8.0.345 OS ubuntu-latest]   | [INFO] \n[CI/Test on JDK 8.0.345 OS ubuntu-latest]   | [INFO] --- jar:3.3.0:jar (default-jar) @ dns-cache-manipulator-tool ---\n[CI/Test on JDK 8.0.345 OS ubuntu-latest]   | [INFO] Building jar: /tmp/bc275e72-fd77-11ed-a890-af2cc187fc11/alibaba-java-dns-cache-manipulator/tool/target/dns-cache-manipulator-tool-1.x-SNAPSHOT.jar\n[CI/Test on JDK 8.0.345 OS ubuntu-latest]   | [INFO] \n[CI/Test on JDK 8.0.345 OS ubuntu-latest]   | [INFO] --- assembly:3.6.0:single (dcm-tool-assembly) @ dns-cache-manipulator-tool ---\n[CI/Test on JDK 8.0.345 OS ubuntu-latest]   | [INFO] Reading assembly descriptor: src/assembly/assembly.xml\n[CI/Test on JDK 8.0.345 OS ubuntu-latest]   | [INFO] Building tar: /tmp/bc275e72-fd77-11ed-a890-af2cc187fc11/alibaba-java-dns-cache-manipulator/tool/target/dcm-1.x-SNAPSHOT.tar.gz\n[CI/Test on JDK 8.0.345 OS ubuntu-latest]   | [INFO] Building zip: /tmp/bc275e72-fd77-11ed-a890-af2cc187fc11/alibaba-java-dns-cache-manipulator/tool/target/dcm-1.x-SNAPSHOT.zip\n[CI/Test on JDK 8.0.345 OS ubuntu-latest]   | [INFO] ------------------------------------------------------------------------\n[CI/Test on JDK 8.0.345 OS ubuntu-latest]   | [INFO] Reactor Summary for dns-cache-manipulator-parent 1.x-SNAPSHOT:\n[CI/Test on JDK 8.0.345 OS ubuntu-latest]   | [INFO] \n[CI/Test on JDK 8.0.345 OS ubuntu-latest]   | [INFO] dns-cache-manipulator-parent ....................... SUCCESS [  6.589 s]\n[CI/Test on JDK 8.0.345 OS ubuntu-latest]   | [INFO] Java Dns Cache Manipulator(DCM) Lib ................ SUCCESS [ 25.471 s]\n[CI/Test on JDK 8.0.345 OS ubuntu-latest]   | [INFO] Java Dns Cache Manipulator(DCM) Tool ............... SUCCESS [ 12.592 s]\n[CI/Test on JDK 8.0.345 OS ubuntu-latest]   | [INFO] ------------------------------------------------------------------------\n[CI/Test on JDK 8.0.345 OS ubuntu-latest]   | [INFO] BUILD SUCCESS\n[CI/Test on JDK 8.0.345 OS ubuntu-latest]   | [INFO] ------------------------------------------------------------------------\n[CI/Test on JDK 8.0.345 OS ubuntu-latest]   | [INFO] Total time:  51.576 s\n[CI/Test on JDK 8.0.345 OS ubuntu-latest]   | [INFO] Finished at: 2023-05-28T18:38:49Z\n[CI/Test on JDK 8.0.345 OS ubuntu-latest]   | [INFO] ------------------------------------------------------------------------\n[CI/Test on JDK 8.0.345 OS ubuntu-latest]   \u2705  Success - Main ./mvnw -V --no-transfer-progress -Pgen-code-cov clean package\n[CI/Test on JDK 8.0.345 OS ubuntu-latest] \u2b50 Run Main codecov/codecov-action@v3\n[CI/Test on JDK 8.0.345 OS ubuntu-latest]   \ud83d\udc33  docker cp src=/home/andre-silva/.cache/act/codecov-codecov-action@v3/ dst=/var/run/act/actions/codecov-codecov-action@v3/\n[CI/Test on JDK 8.0.345 OS ubuntu-latest]   \ud83d\udc33  docker exec cmd=[chown -R 1012:1000 /var/run/act/actions/codecov-codecov-action@v3/] user=0 workdir=\n[CI/Test on JDK 8.0.345 OS ubuntu-latest]   \ud83d\udc33  docker exec cmd=[node /var/run/act/actions/codecov-codecov-action@v3/dist/index.js] user= workdir=\n[CI/Test on JDK 8.0.345 OS ubuntu-latest]   | Error: Cannot find module 'node:http'\n[CI/Test on JDK 8.0.345 OS ubuntu-latest]   | Require stack:\n[CI/Test on JDK 8.0.345 OS ubuntu-latest]   | - /run/act/actions/codecov-codecov-action@v3/dist/index.js\n[CI/Test on JDK 8.0.345 OS ubuntu-latest]   |     at Function.Module._resolveFilename (internal/modules/cjs/loader.js:889:15)\n[CI/Test on JDK 8.0.345 OS ubuntu-latest]   |     at Function.Module._load (internal/modules/cjs/loader.js:745:27)\n[CI/Test on JDK 8.0.345 OS ubuntu-latest]   |     at Module.require (internal/modules/cjs/loader.js:961:19)\n[CI/Test on JDK 8.0.345 OS ubuntu-latest]   |     at require (internal/modules/cjs/helpers.js:92:18)\n[CI/Test on JDK 8.0.345 OS ubuntu-latest]   |     at /run/act/actions/codecov-codecov-action@v3/webpack:/codecov-action/external node-commonjs \"node:http\":1:1\n[CI/Test on JDK 8.0.345 OS ubuntu-latest]   |     at /run/act/actions/codecov-codecov-action@v3/dist/index.js:24630:3\n[CI/Test on JDK 8.0.345 OS ubuntu-latest]   |     at Object.<anonymous> (/run/act/actions/codecov-codecov-action@v3/dist/index.js:24633:12)\n[CI/Test on JDK 8.0.345 OS ubuntu-latest]   |     at Module._compile (internal/modules/cjs/loader.js:1072:14)\n[CI/Test on JDK 8.0.345 OS ubuntu-latest]   |     at Object.Module._extensions..js (internal/modules/cjs/loader.js:1101:10)\n[CI/Test on JDK 8.0.345 OS ubuntu-latest]   |     at Module.load (internal/modules/cjs/loader.js:937:32)\n[CI/Test on JDK 8.0.345 OS ubuntu-latest]   \u274c  Failure - Main codecov/codecov-action@v3\n[CI/Test on JDK 8.0.345 OS ubuntu-latest] exitcode '1': failure\n[CI/Test on JDK 8.0.345 OS ubuntu-latest] \u2b50 Run Post actions/setup-java@v3\n[CI/Test on JDK 8.0.345 OS ubuntu-latest]   \ud83d\udc33  docker exec cmd=[node /var/run/act/actions/actions-setup-java@v3/dist/cleanup/index.js] user= workdir=\n[CI/Test on JDK 8.0.345 OS ubuntu-latest]   \ud83d\udea7  ::warning::Error retrieving key from state.\n[CI/Test on JDK 8.0.345 OS ubuntu-latest]   \u2705  Success - Post actions/setup-java@v3\n[CI/Test on JDK 8.0.345 OS ubuntu-latest] \ud83c\udfc1  Job failed\n",
    "actions_stderr": "Error: Job 'Test on JDK ${{ matrix.java }} OS ${{ matrix.os }}' failed\n"
}