{
    "repository": "hierynomus/smbj",
    "clone_url": "https://github.com/hierynomus/smbj.git",
    "timestamp": "2023-05-28T19:07:17.187910Z",
    "clone_success": true,
    "number of actions": 3,
    "number_of_test_actions": 1,
    "actions_successful": false,
    "actions_stdout": "[Build SMBJ/Build with Java 11] \ud83d\ude80  Start image=crawlergpt:latest\n[Build SMBJ/Build with Java 11]   \ud83d\udc33  docker pull image=crawlergpt:latest platform= username= forcePull=false\n[Build SMBJ/Build with Java 11]   \ud83d\udc33  docker create image=crawlergpt:latest platform= entrypoint=[\"tail\" \"-f\" \"/dev/null\"] cmd=[]\n[Build SMBJ/Build with Java 11]   \ud83d\udc33  docker run image=crawlergpt:latest platform= entrypoint=[\"tail\" \"-f\" \"/dev/null\"] cmd=[]\n[Build SMBJ/Build with Java 11]   \ud83d\udc33  docker exec cmd=[chown -R 1012:1000 /tmp/bc275e72-fd77-11ed-a890-af2cc187fc11/hierynomus-smbj] user=0 workdir=\n[Build SMBJ/Build with Java 11]   \u2601  git clone 'https://github.com/actions/setup-java' # ref=v1\n[Build SMBJ/Build with Java 11] Non-terminating error while running 'git clone': some refs were not updated\n[Build SMBJ/Build with Java 11]   \u2601  git clone 'https://github.com/actions/cache' # ref=v2\n[Build SMBJ/Build with Java 11] \u2b50 Run Main actions/checkout@v2\n[Build SMBJ/Build with Java 11]   \u2705  Success - Main actions/checkout@v2\n[Build SMBJ/Build with Java 11] \u2b50 Run Main Set up JDK 11\n[Build SMBJ/Build with Java 11]   \ud83d\udc33  docker cp src=/home/andre-silva/.cache/act/actions-setup-java@v1/ dst=/var/run/act/actions/actions-setup-java@v1/\n[Build SMBJ/Build with Java 11]   \ud83d\udc33  docker exec cmd=[chown -R 1012:1000 /var/run/act/actions/actions-setup-java@v1/] user=0 workdir=\n[Build SMBJ/Build with Java 11]   \ud83d\udc33  docker exec cmd=[node /var/run/act/actions/actions-setup-java@v1/dist/setup/index.js] user= workdir=\n[Build SMBJ/Build with Java 11]   \ud83d\udcac  ::debug::isExplicit: \n[Build SMBJ/Build with Java 11]   \ud83d\udcac  ::debug::explicit? false\n[Build SMBJ/Build with Java 11]   \ud83d\udcac  ::debug::evaluating 0 versions\n[Build SMBJ/Build with Java 11]   \ud83d\udcac  ::debug::match not found\n[Build SMBJ/Build with Java 11]   \ud83d\udcac  ::debug::Downloading JDK from Azul\n[Build SMBJ/Build with Java 11]   \ud83d\udcac  ::debug::Searching for files with extension: -linux_x64.tar.gz\n[Build SMBJ/Build with Java 11]   \ud83d\udcac  ::debug::Downloading https://static.azul.com/zulu/bin/zulu11.64.19-ca-jdk11.0.19-linux_x64.tar.gz\n[Build SMBJ/Build with Java 11]   \ud83d\udcac  ::debug::Downloading /tmp/57c6e111-b5d7-416f-a034-f0d643847540\n[Build SMBJ/Build with Java 11]   \ud83d\udcac  ::debug::download complete\n[Build SMBJ/Build with Java 11]   | [command]/usr/bin/tar --version\n[Build SMBJ/Build with Java 11]   | tar (GNU tar) 1.30\n[Build SMBJ/Build with Java 11]   | Copyright (C) 2017 Free Software Foundation, Inc.\n[Build SMBJ/Build with Java 11]   | License GPLv3+: GNU GPL version 3 or later <https://gnu.org/licenses/gpl.html>.\n[Build SMBJ/Build with Java 11]   | This is free software: you are free to change and redistribute it.\n[Build SMBJ/Build with Java 11]   | There is NO WARRANTY, to the extent permitted by law.\n[Build SMBJ/Build with Java 11]   | \n[Build SMBJ/Build with Java 11]   | Written by John Gilmore and Jay Fenlason.\n[Build SMBJ/Build with Java 11]   | [command]/usr/bin/tar xz --warning=no-unknown-keyword -C /tmp/temp_302175860 -f /tmp/57c6e111-b5d7-416f-a034-f0d643847540\n[Build SMBJ/Build with Java 11]   \ud83d\udcac  ::debug::jdk extracted to /tmp/temp_302175860/zulu11.64.19-ca-jdk11.0.19-linux_x64\n[Build SMBJ/Build with Java 11]   \ud83d\udcac  ::debug::Caching tool jdk 11.0.19 x64\n[Build SMBJ/Build with Java 11]   \ud83d\udcac  ::debug::source dir: /tmp/temp_302175860/zulu11.64.19-ca-jdk11.0.19-linux_x64\n[Build SMBJ/Build with Java 11]   \ud83d\udcac  ::debug::destination /opt/hostedtoolcache/jdk/11.0.19/x64\n[Build SMBJ/Build with Java 11]   \ud83d\udcac  ::debug::finished caching tool\n[Build SMBJ/Build with Java 11]   \u2753 add-matcher /run/act/actions/actions-setup-java@v1/.github/java.json\n[Build SMBJ/Build with Java 11]   | creating settings.xml with server-id: github; environment variables: username=$GITHUB_ACTOR, password=$GITHUB_TOKEN, and gpg-passphrase=null\n[Build SMBJ/Build with Java 11]   \ud83d\udcac  ::debug::created directory /home/runneradmin/.m2\n[Build SMBJ/Build with Java 11]   | writing /home/runneradmin/.m2/settings.xml\n[Build SMBJ/Build with Java 11]   \u2705  Success - Main Set up JDK 11\n[Build SMBJ/Build with Java 11]   \u2699  ::set-env:: JAVA_HOME=/opt/hostedtoolcache/jdk/11.0.19/x64\n[Build SMBJ/Build with Java 11]   \u2699  ::set-env:: JAVA_HOME_11_0_19_X64=/opt/hostedtoolcache/jdk/11.0.19/x64\n[Build SMBJ/Build with Java 11]   \u2699  ::set-env:: JAVA_HOME_11.0.19_x64=/opt/hostedtoolcache/jdk/11.0.19/x64\n[Build SMBJ/Build with Java 11]   \u2699  ::set-output:: version=11.0.19\n[Build SMBJ/Build with Java 11]   \u2699  ::set-output:: path=/opt/hostedtoolcache/jdk/11.0.19/x64\n[Build SMBJ/Build with Java 11]   \u2699  ::add-path:: /opt/hostedtoolcache/jdk/11.0.19/x64/bin\n[Build SMBJ/Build with Java 11] \u2b50 Run Main Cache Gradle packages\n[Build SMBJ/Build with Java 11]   \ud83d\udc33  docker cp src=/home/andre-silva/.cache/act/actions-cache@v2/ dst=/var/run/act/actions/actions-cache@v2/\n[Build SMBJ/Build with Java 11]   \ud83d\udc33  docker exec cmd=[chown -R 1012:1000 /var/run/act/actions/actions-cache@v2/] user=0 workdir=\n[Build SMBJ/Build with Java 11]   \ud83d\udc33  docker exec cmd=[node /var/run/act/actions/actions-cache@v2/dist/restore/index.js] user= workdir=\n[Build SMBJ/Build with Java 11]   \ud83d\udcac  ::debug::Resolved Keys:\n[Build SMBJ/Build with Java 11]   \ud83d\udcac  ::debug::[\"Linux-gradle-32ed7358dc89d53e89fe8cd7fe75bf3f91c9e03e7a57adde625b849b0103f1ef\",\"Linux-gradle\"]\n[Build SMBJ/Build with Java 11]   \ud83d\udcac  ::debug::Checking zstd --version\n[Build SMBJ/Build with Java 11]   \ud83d\udcac  ::debug::*** zstd command line interface 64-bits v1.5.0, by Yann Collet ***\n[Build SMBJ/Build with Java 11]   \ud83d\udcac  ::debug::getCacheEntry - Attempt 1 of 2 failed with error: Cache Service Url not found, unable to restore cache.\n[Build SMBJ/Build with Java 11]   \ud83d\udcac  ::debug::getCacheEntry - Attempt 2 of 2 failed with error: Cache Service Url not found, unable to restore cache.\n[Build SMBJ/Build with Java 11]   | [warning]getCacheEntry failed: Cache Service Url not found, unable to restore cache.\n[Build SMBJ/Build with Java 11]   \u2705  Success - Main Cache Gradle packages\n[Build SMBJ/Build with Java 11]   \u2699  ::set-output:: cache-hit=false\n[Build SMBJ/Build with Java 11] \u2b50 Run Main Build with Gradle\n[Build SMBJ/Build with Java 11]   \ud83d\udc33  docker exec cmd=[bash --noprofile --norc -e -o pipefail /var/run/act/workflow/3] user= workdir=\n[Build SMBJ/Build with Java 11]   | Downloading https://services.gradle.org/distributions/gradle-8.0.2-bin.zip\n[Build SMBJ/Build with Java 11]   | .............................................................................................................................................................................................................................................................................................................................................................................................................................................................................................................................................................................................................................................................................................................................................................................................................................................................................................................................................................................................................................................................................................................................................................................................................................................................................................................................................................................................................................................................................................................................................................................................................................................................................................................................................................................................................................................................................................................................................................................................................................................................................................................................................................................................................................................................................................................................................................................................................................................................................................................................................................................................................................................................................................................................................................................................................................................................................................................................................................................................................................................................................................................................................................................................................................................................................................................................................................................................................................................................................................................................................................................................................................................................................................................................................................................................................................................................................................................................................................................................................................................................................................................................................................................................................................................................................................................................................................................................................................................................................................................................................................................................................................................................................................................................................................................................................................................................................................................................................................................................................................................................................................................................................................................................................................................................................................................................................................................................................................................................................................................................................................................................................................................................................................................................................................................................................................................................................................................................................................................................................................................................................................................................................................................................................................................................................................................................................................................................................................................................\n[Build SMBJ/Build with Java 11]   | Unzipping /home/runneradmin/.gradle/wrapper/dists/gradle-8.0.2-bin/25jlreiuz6u3xu2phlpa2vv4m/gradle-8.0.2-bin.zip to /home/runneradmin/.gradle/wrapper/dists/gradle-8.0.2-bin/25jlreiuz6u3xu2phlpa2vv4m\n[Build SMBJ/Build with Java 11]   | Set executable permissions for: /home/runneradmin/.gradle/wrapper/dists/gradle-8.0.2-bin/25jlreiuz6u3xu2phlpa2vv4m/gradle-8.0.2/bin/gradle\n[Build SMBJ/Build with Java 11]   | \n[Build SMBJ/Build with Java 11]   | Welcome to Gradle 8.0.2!\n[Build SMBJ/Build with Java 11]   | \n[Build SMBJ/Build with Java 11]   | Here are the highlights of this release:\n[Build SMBJ/Build with Java 11]   |  - Improvements to the Kotlin DSL\n[Build SMBJ/Build with Java 11]   |  - Fine-grained parallelism from the first build with configuration cache\n[Build SMBJ/Build with Java 11]   |  - Configurable Gradle user home cache cleanup\n[Build SMBJ/Build with Java 11]   | \n[Build SMBJ/Build with Java 11]   | For more details see https://docs.gradle.org/8.0.2/release-notes.html\n[Build SMBJ/Build with Java 11]   | \n[Build SMBJ/Build with Java 11]   | Starting a Gradle Daemon (subsequent builds will be faster)\n[Build SMBJ/Build with Java 11]   | \n[Build SMBJ/Build with Java 11]   | > Task :compileJava\n[Build SMBJ/Build with Java 11]   | Note: /tmp/bc275e72-fd77-11ed-a890-af2cc187fc11/hierynomus-smbj/src/main/java/com/hierynomus/smbj/SmbConfig.java uses unchecked or unsafe operations.\n[Build SMBJ/Build with Java 11]   | Note: Recompile with -Xlint:unchecked for details.\n[Build SMBJ/Build with Java 11]   | \n[Build SMBJ/Build with Java 11]   | > Task :compileGroovy SKIPPED\n[Build SMBJ/Build with Java 11]   | > Task :processResources NO-SOURCE\n[Build SMBJ/Build with Java 11]   | > Task :classes\n[Build SMBJ/Build with Java 11]   | > Task :compileTestJava NO-SOURCE\n[Build SMBJ/Build with Java 11]   | > Task :compileTestGroovy\n[Build SMBJ/Build with Java 11]   | > Task :processTestResources\n[Build SMBJ/Build with Java 11]   | > Task :testClasses\n[Build SMBJ/Build with Java 11]   | \n[Build SMBJ/Build with Java 11]   | > Task :test\n[Build SMBJ/Build with Java 11]   | WARNING: An illegal reflective access operation has occurred\n[Build SMBJ/Build with Java 11]   | WARNING: Illegal reflective access by org.codehaus.groovy.reflection.CachedClass (file:/home/runneradmin/.gradle/caches/modules-2/files-2.1/org.codehaus.groovy/groovy/2.5.12/c5a65ece40ef0030e6958af990bd6d83b4e206ec/groovy-2.5.12.jar) to method java.util.AbstractCollection.hugeCapacity(int)\n[Build SMBJ/Build with Java 11]   | WARNING: Please consider reporting this to the maintainers of org.codehaus.groovy.reflection.CachedClass\n[Build SMBJ/Build with Java 11]   | WARNING: Use --illegal-access=warn to enable warnings of further illegal reflective access operations\n[Build SMBJ/Build with Java 11]   | WARNING: All illegal access operations will be denied in a future release\n[Build SMBJ/Build with Java 11]   | \u001b[32m\u2713\u001b[0m Test should parse #smbPath; Executed: 3/\u001b[32m3\u001b[0m/\u001b[31m0\u001b[0m\n[Build SMBJ/Build with Java 11]   | \u001b[32m\u2713\u001b[0m Test com.hierynomus.msdfsc.DFSPathTest; Executed: 4/\u001b[32m4\u001b[0m/\u001b[31m0\u001b[0m\n[Build SMBJ/Build with Java 11]   | \u001b[32m\u2713\u001b[0m Test com.hierynomus.msdfsc.ReferralCacheNodeTest; Executed: 4/\u001b[32m4\u001b[0m/\u001b[31m0\u001b[0m\n[Build SMBJ/Build with Java 11]   | \u001b[32m\u2713\u001b[0m Test encode dfs referral response #serverType; Executed: 2/\u001b[32m2\u001b[0m/\u001b[31m0\u001b[0m\n[Build SMBJ/Build with Java 11]   | \u001b[32m\u2713\u001b[0m Test com.hierynomus.msdfsc.SMB2GetDFSReferralResponseTest; Executed: 3/\u001b[32m3\u001b[0m/\u001b[31m0\u001b[0m\n[Build SMBJ/Build with Java 11]   | \u001b[32m\u2713\u001b[0m Test com.hierynomus.msdtyp.MsDataTypesSpec; Executed: 1/\u001b[32m1\u001b[0m/\u001b[31m0\u001b[0m\n[Build SMBJ/Build with Java 11]   | \u001b[32m\u2713\u001b[0m Test com.hierynomus.msdtyp.SIDSpec; Executed: 5/\u001b[32m5\u001b[0m/\u001b[31m0\u001b[0m\n[Build SMBJ/Build with Java 11]   | \u001b[32m\u2713\u001b[0m Test com.hierynomus.msdtyp.SecurityDescriptorSpec; Executed: 2/\u001b[32m2\u001b[0m/\u001b[31m0\u001b[0m\n[Build SMBJ/Build with Java 11]   | \u001b[32m\u2713\u001b[0m Test #ntStatus should be STATUS_SEVERITY_SUCCESS status code; Executed: 2/\u001b[32m2\u001b[0m/\u001b[31m0\u001b[0m\n[Build SMBJ/Build with Java 11]   | \u001b[32m\u2713\u001b[0m Test #ntStatus should be STATUS_SEVERITY_ERROR status code; Executed: 2/\u001b[32m2\u001b[0m/\u001b[31m0\u001b[0m\n[Build SMBJ/Build with Java 11]   | \u001b[32m\u2713\u001b[0m Test com.hierynomus.mserref.NtStatusSpec; Executed: 4/\u001b[32m4\u001b[0m/\u001b[31m0\u001b[0m\n[Build SMBJ/Build with Java 11]   | \u001b[32m\u2713\u001b[0m Test com.hierynomus.msfscc.fileinformation.FileAllInformationSpec; Executed: 1/\u001b[32m1\u001b[0m/\u001b[31m0\u001b[0m\n[Build SMBJ/Build with Java 11]   | \u001b[32m\u2713\u001b[0m Test com.hierynomus.mssmb2.SMB2ErrorSpec; Executed: 2/\u001b[32m2\u001b[0m/\u001b[31m0\u001b[0m\n[Build SMBJ/Build with Java 11]   | \u001b[32m\u2713\u001b[0m Test com.hierynomus.mssmb2.SMB2MessageFlagSpec; Executed: 1/\u001b[32m1\u001b[0m/\u001b[31m0\u001b[0m\n[Build SMBJ/Build with Java 11]   | \u001b[32m\u2713\u001b[0m Test should write credit request for dialect #dialect; Executed: 3/\u001b[32m3\u001b[0m/\u001b[31m0\u001b[0m\n[Build SMBJ/Build with Java 11]   | \u001b[32m\u2713\u001b[0m Test com.hierynomus.mssmb2.SMB2PacketHeaderSpec; Executed: 3/\u001b[32m3\u001b[0m/\u001b[31m0\u001b[0m\n[Build SMBJ/Build with Java 11]   | \u001b[32m\u2713\u001b[0m Test com.hierynomus.mssmb2.messages.SMB2ChangeNotifyResponseSpec; Executed: 2/\u001b[32m2\u001b[0m/\u001b[31m0\u001b[0m\n[Build SMBJ/Build with Java 11]   | \u001b[32m\u2713\u001b[0m Test com.hierynomus.mssmb2.messages.SMB2CreateResponseSpec; Executed: 2/\u001b[32m2\u001b[0m/\u001b[31m0\u001b[0m\n[Build SMBJ/Build with Java 11]   | \u001b[32m\u2713\u001b[0m Test com.hierynomus.mssmb2.messages.SMB2QueryDirectoryResponseSpec; Executed: 1/\u001b[32m1\u001b[0m/\u001b[31m0\u001b[0m\n[Build SMBJ/Build with Java 11]   | \u001b[32m\u2713\u001b[0m Test should always read the exact bytes range the user request to avoid possible byte range lock issue (offset #offset, maxPayloadSize #maxPayloadSize); Executed: 1/\u001b[32m1\u001b[0m/\u001b[31m0\u001b[0m\n[Build SMBJ/Build with Java 11]   | \u001b[32m\u2713\u001b[0m Test com.hierynomus.mssmb2.messages.SMB2ReadRequestSpec; Executed: 1/\u001b[32m1\u001b[0m/\u001b[31m0\u001b[0m\n[Build SMBJ/Build with Java 11]   | \u001b[32m\u2713\u001b[0m Test com.hierynomus.mssmb2.messages.SMB2ReadResponseSpec; Executed: 2/\u001b[32m2\u001b[0m/\u001b[31m0\u001b[0m\n[Build SMBJ/Build with Java 11]   | \u001b[32m\u2713\u001b[0m Test com.hierynomus.mssmb2.messages.SMB2TreeConnectResponseSpec; Executed: 1/\u001b[32m1\u001b[0m/\u001b[31m0\u001b[0m\n[Build SMBJ/Build with Java 11]   | \u001b[32m\u2713\u001b[0m Test com.hierynomus.mssmb2.messages.SMB2WriteResponseSpec; Executed: 1/\u001b[32m1\u001b[0m/\u001b[31m0\u001b[0m\n[Build SMBJ/Build with Java 11]   | \u001b[32m\u2713\u001b[0m Test should correctly determine LMOWFv1 LM hash; Executed: 3/\u001b[32m3\u001b[0m/\u001b[31m0\u001b[0m\n[Build SMBJ/Build with Java 11]   | \u001b[32m\u2713\u001b[0m Test should correctly determine RC4 Encryption; Executed: 3/\u001b[32m3\u001b[0m/\u001b[31m0\u001b[0m\n[Build SMBJ/Build with Java 11]   | \u001b[32m\u2713\u001b[0m Test Should give correct outcome for MS-NLMP examples NTLMv1 (4.2.2.1); Executed: 3/\u001b[32m3\u001b[0m/\u001b[31m0\u001b[0m\n[Build SMBJ/Build with Java 11]   | \u001b[32m\u2713\u001b[0m Test Should give the correct outcome for MS-NLMP examples NTLMv2 (4.2.4.1); Executed: 3/\u001b[32m3\u001b[0m/\u001b[31m0\u001b[0m\n[Build SMBJ/Build with Java 11]   | \u001b[32m\u2713\u001b[0m Test Should correctly calculate NTResponse temp variable for NS-NLMP examples NTLMv2 (4.2.4.1.3); Executed: 3/\u001b[32m3\u001b[0m/\u001b[31m0\u001b[0m\n[Build SMBJ/Build with Java 11]   | \u001b[32m\u2713\u001b[0m Test Should give correct ComputedResponse for MS-NLMP examples NTLMv2 (4.2.4.2.1 / 4.2.4.2.2 / 4.2.4.2.3); Executed: 3/\u001b[32m3\u001b[0m/\u001b[31m0\u001b[0m\n[Build SMBJ/Build with Java 11]   | \u001b[32m\u2713\u001b[0m Test com.hierynomus.ntlm.functions.NtlmFunctionsSpec; Executed: 18/\u001b[32m18\u001b[0m/\u001b[31m0\u001b[0m\n[Build SMBJ/Build with Java 11]   | \u001b[32m\u2713\u001b[0m Test com.hierynomus.ntlm.messages.NtlmChallengeSpec; Executed: 3/\u001b[32m3\u001b[0m/\u001b[31m0\u001b[0m\n[Build SMBJ/Build with Java 11]   | \u001b[32m\u2713\u001b[0m Test flag #flag should be set for flags #flags; Executed: 22/\u001b[32m22\u001b[0m/\u001b[31m0\u001b[0m\n[Build SMBJ/Build with Java 11]   | \u001b[32m\u2713\u001b[0m Test flag #flag should be set in flags #flags; Executed: 8/\u001b[32m8\u001b[0m/\u001b[31m0\u001b[0m\n[Build SMBJ/Build with Java 11]   | \u001b[32m\u2713\u001b[0m Test com.hierynomus.ntlm.messages.NtlmNegotiateFlagSpec; Executed: 30/\u001b[32m30\u001b[0m/\u001b[31m0\u001b[0m\n[Build SMBJ/Build with Java 11]   | \u001b[32m\u2713\u001b[0m Test should read and write value #value as uint#size in #endian; Executed: 28/\u001b[32m28\u001b[0m/\u001b[31m0\u001b[0m\n[Build SMBJ/Build with Java 11]   | \u001b[32m\u2713\u001b[0m Test should throw exception for #value as uint#size in #endian as it is out of range; Executed: 16/\u001b[32m16\u001b[0m/\u001b[31m0\u001b[0m\n[Build SMBJ/Build with Java 11]   | \u001b[32m\u2713\u001b[0m Test should throw exception when trying to read too large uint64 value in #endian; Executed: 2/\u001b[32m2\u001b[0m/\u001b[31m0\u001b[0m\n[Build SMBJ/Build with Java 11]   | \u001b[32m\u2713\u001b[0m Test should read and write string '#value' as #unicode in #endian; Executed: 8/\u001b[32m8\u001b[0m/\u001b[31m0\u001b[0m\n[Build SMBJ/Build with Java 11]   | \u001b[32m\u2713\u001b[0m Test com.hierynomus.protocol.commons.buffer.BufferSpec; Executed: 55/\u001b[32m55\u001b[0m/\u001b[31m0\u001b[0m\n[Build SMBJ/Build with Java 11]   | \u001b[32m\u2713\u001b[0m Test com.hierynomus.security.jce.JceMessageDigestSpec; Executed: 1/\u001b[32m1\u001b[0m/\u001b[31m0\u001b[0m\n[Build SMBJ/Build with Java 11]   | \u001b[32m\u2713\u001b[0m Test KDF Counter tests; Executed: 3/\u001b[32m3\u001b[0m/\u001b[31m0\u001b[0m\n[Build SMBJ/Build with Java 11]   | \u001b[32m\u2713\u001b[0m Test com.hierynomus.security.jce.derivationfunction.KDFCounterHMacSHA256Spec; Executed: 3/\u001b[32m3\u001b[0m/\u001b[31m0\u001b[0m\n[Build SMBJ/Build with Java 11]   | \u001b[32m\u2713\u001b[0m Test com.hierynomus.smbj.SMBClientSpec; Executed: 5/\u001b[32m5\u001b[0m/\u001b[31m0\u001b[0m\n[Build SMBJ/Build with Java 11]   | \u001b[32m\u2713\u001b[0m Test should correctly parse '#stringPath' as path; Executed: 6/\u001b[32m6\u001b[0m/\u001b[31m0\u001b[0m\n[Build SMBJ/Build with Java 11]   | \u001b[32m\u2713\u001b[0m Test should implement equals/hashCode; Executed: 4/\u001b[32m4\u001b[0m/\u001b[31m0\u001b[0m\n[Build SMBJ/Build with Java 11]   | \u001b[32m\u2713\u001b[0m Test should output corrent UNC path for #host/#share/#path; Executed: 3/\u001b[32m3\u001b[0m/\u001b[31m0\u001b[0m\n[Build SMBJ/Build with Java 11]   | \u001b[32m\u2713\u001b[0m Test should #yesno be on same host for #path1 and #path2; Executed: 3/\u001b[32m3\u001b[0m/\u001b[31m0\u001b[0m\n[Build SMBJ/Build with Java 11]   | \u001b[32m\u2713\u001b[0m Test should #yesno be on same share for #path1 and #path2; Executed: 3/\u001b[32m3\u001b[0m/\u001b[31m0\u001b[0m\n[Build SMBJ/Build with Java 11]   | \u001b[32m\u2713\u001b[0m Test should get correct parent path for #path; Executed: 3/\u001b[32m3\u001b[0m/\u001b[31m0\u001b[0m\n[Build SMBJ/Build with Java 11]   | \u001b[32m\u2713\u001b[0m Test com.hierynomus.smbj.common.SmbPathSpec; Executed: 23/\u001b[32m23\u001b[0m/\u001b[31m0\u001b[0m\n[Build SMBJ/Build with Java 11]   | \u001b[32m\u2713\u001b[0m Test com.hierynomus.smbj.connection.ConnectionSpec; Executed: 8/\u001b[32m8\u001b[0m/\u001b[31m0\u001b[0m\n[Build SMBJ/Build with Java 11]   | \u001b[32m\u2713\u001b[0m Test should able to get nonce for #algorithm correctly; Executed: 2/\u001b[32m2\u001b[0m/\u001b[31m0\u001b[0m\n[Build SMBJ/Build with Java 11]   | \u001b[32m\u2713\u001b[0m Test com.hierynomus.smbj.connection.PacketEncryptorSpec; Executed: 4/\u001b[32m4\u001b[0m/\u001b[31m0\u001b[0m\n[Build SMBJ/Build with Java 11]   | \u001b[32m\u2713\u001b[0m Test com.hierynomus.smbj.connection.PacketSignatorySpec; Executed: 2/\u001b[32m2\u001b[0m/\u001b[31m0\u001b[0m\n[Build SMBJ/Build with Java 11]   | \u001b[32m\u2713\u001b[0m Test com.hierynomus.smbj.connection.ProtocolNegotiatorSpec; Executed: 2/\u001b[32m2\u001b[0m/\u001b[31m0\u001b[0m\n[Build SMBJ/Build with Java 11]   | \u001b[32m\u2713\u001b[0m Test com.hierynomus.smbj.connection.SMBSessionBuilderSpec; Executed: 5/\u001b[32m5\u001b[0m/\u001b[31m0\u001b[0m\n[Build SMBJ/Build with Java 11]   | \u001b[32m\u2713\u001b[0m Test com.hierynomus.smbj.connection.SequenceWindowSpec; Executed: 7/\u001b[32m7\u001b[0m/\u001b[31m0\u001b[0m\n[Build SMBJ/Build with Java 11]   | \u001b[32m\u2713\u001b[0m Test com.hierynomus.smbj.io.BufferByteChunkProviderSpec; Executed: 5/\u001b[32m5\u001b[0m/\u001b[31m0\u001b[0m\n[Build SMBJ/Build with Java 11]   | \u001b[32m\u2713\u001b[0m Test com.hierynomus.smbj.io.ByteBufferByteChunkProviderSpec; Executed: 3/\u001b[32m3\u001b[0m/\u001b[31m0\u001b[0m\n[Build SMBJ/Build with Java 11]   | \u001b[32m\u2713\u001b[0m Test com.hierynomus.smbj.io.FileByteChunkProviderSpec; Executed: 4/\u001b[32m4\u001b[0m/\u001b[31m0\u001b[0m\n[Build SMBJ/Build with Java 11]   | \u001b[32m\u2713\u001b[0m Test com.hierynomus.smbj.io.InputStreamByteChunkProviderSpec; Executed: 1/\u001b[32m1\u001b[0m/\u001b[31m0\u001b[0m\n[Build SMBJ/Build with Java 11]   | \u001b[32m\u2713\u001b[0m Test com.hierynomus.smbj.paths.SymlinkPathResolverSpec; Executed: 2/\u001b[32m2\u001b[0m/\u001b[31m0\u001b[0m\n[Build SMBJ/Build with Java 11]   | \u001b[32m\u2713\u001b[0m Test com.hierynomus.smbj.session.SessionSpec; Executed: 1/\u001b[32m1\u001b[0m/\u001b[31m0\u001b[0m\n[Build SMBJ/Build with Java 11]   | \u001b[32m\u2713\u001b[0m Test com.hierynomus.smbj.share.FileOutputStreamSpec; Executed: 2/\u001b[32m2\u001b[0m/\u001b[31m0\u001b[0m\n[Build SMBJ/Build with Java 11]   | \u001b[32m\u2713\u001b[0m Test com.hierynomus.smbj.share.FileReadSpec; Executed: 7/\u001b[32m7\u001b[0m/\u001b[31m0\u001b[0m\n[Build SMBJ/Build with Java 11]   | \u001b[32m\u2713\u001b[0m Test com.hierynomus.smbj.share.RingBufferSpec; Executed: 15/\u001b[32m15\u001b[0m/\u001b[31m0\u001b[0m\n[Build SMBJ/Build with Java 11]   | \u001b[32m\u2713\u001b[0m Test com.hierynomus.smbj.transport.tcp.async.AsyncDirectTcpTransportSpec; Executed: 1/\u001b[32m1\u001b[0m/\u001b[31m0\u001b[0m\n[Build SMBJ/Build with Java 11]   | \u001b[32m\u2713\u001b[0m Test com.hierynomus.spnego.NegTokenInitSpec; Executed: 4/\u001b[32m4\u001b[0m/\u001b[31m0\u001b[0m\n[Build SMBJ/Build with Java 11]   | \u001b[32m\u2713\u001b[0m Test com.hierynomus.spnego.NegTokenTargSpec; Executed: 1/\u001b[32m1\u001b[0m/\u001b[31m0\u001b[0m\n[Build SMBJ/Build with Java 11]   | \u001b[32m\u2713\u001b[0m Test Gradle Test Executor 2; Executed: 252/\u001b[32m252\u001b[0m/\u001b[31m0\u001b[0m\n[Build SMBJ/Build with Java 11]   | \u001b[32m\u2713\u001b[0m Test Gradle Test Run :test; Executed: 252/\u001b[32m252\u001b[0m/\u001b[31m0\u001b[0m\n[Build SMBJ/Build with Java 11]   | \n[Build SMBJ/Build with Java 11]   | > Task :jacocoTestReport\n[Build SMBJ/Build with Java 11]   | Unknown file extension: src/it/resources/testfiles/large.pdf\n[Build SMBJ/Build with Java 11]   | > Task :licenseIntegrationTest UP-TO-DATE\n[Build SMBJ/Build with Java 11]   | > Task :licenseMain UP-TO-DATE\n[Build SMBJ/Build with Java 11]   | Unknown file extension: src/test/resources/com/hierynomus/smbj/transport/tcp/async/nego-response.pcap\n[Build SMBJ/Build with Java 11]   | Unknown file extension: src/test/resources/spnego/negTokenInit_resp\n[Build SMBJ/Build with Java 11]   | Unknown file extension: src/test/resources/spnego/negTokenInit_ntlm\n[Build SMBJ/Build with Java 11]   | Unknown file extension: src/test/resources/spnego/negTokenTarg_ntlmchallenge\n[Build SMBJ/Build with Java 11]   | > Task :licenseTest UP-TO-DATE\n[Build SMBJ/Build with Java 11]   | > Task :license UP-TO-DATE\n[Build SMBJ/Build with Java 11]   | > Task :check\n[Build SMBJ/Build with Java 11]   | \n[Build SMBJ/Build with Java 11]   | BUILD SUCCESSFUL in 1m 30s\n[Build SMBJ/Build with Java 11]   | 8 actionable tasks: 5 executed, 3 up-to-date\n[Build SMBJ/Build with Java 11]   \u2705  Success - Main Build with Gradle\n[Build SMBJ/Build with Java 11] \u2b50 Run Post Cache Gradle packages\n[Build SMBJ/Build with Java 11]   \ud83d\udc33  docker exec cmd=[node /var/run/act/actions/actions-cache@v2/dist/save/index.js] user= workdir=\n[Build SMBJ/Build with Java 11]   \ud83d\udcac  ::debug::Checking zstd --version\n[Build SMBJ/Build with Java 11]   \ud83d\udcac  ::debug::*** zstd command line interface 64-bits v1.5.0, by Yann Collet ***\n[Build SMBJ/Build with Java 11]   \ud83d\udcac  ::debug::Reserving Cache\n[Build SMBJ/Build with Java 11]   \ud83d\udcac  ::debug::reserveCache - Attempt 1 of 2 failed with error: Cache Service Url not found, unable to restore cache.\n[Build SMBJ/Build with Java 11]   \ud83d\udcac  ::debug::reserveCache - Attempt 2 of 2 failed with error: Cache Service Url not found, unable to restore cache.\n[Build SMBJ/Build with Java 11]   | [warning]reserveCache failed: Cache Service Url not found, unable to restore cache.\n[Build SMBJ/Build with Java 11]   \u2705  Success - Post Cache Gradle packages\n[Build SMBJ/Build with Java 11] \u2b50 Run Post Set up JDK 11\n[Build SMBJ/Build with Java 11]   \ud83d\udc33  docker exec cmd=[node /var/run/act/actions/actions-setup-java@v1/dist/cleanup/index.js] user= workdir=\n[Build SMBJ/Build with Java 11]   \u2705  Success - Post Set up JDK 11\n[Build SMBJ/Build with Java 11] \ud83c\udfc1  Job succeeded\n[Build SMBJ/Integration test  ] \ud83d\ude80  Start image=crawlergpt:latest\n[Build SMBJ/Integration test  ]   \ud83d\udc33  docker pull image=crawlergpt:latest platform= username= forcePull=false\n[Build SMBJ/Integration test  ]   \ud83d\udc33  docker create image=crawlergpt:latest platform= entrypoint=[\"tail\" \"-f\" \"/dev/null\"] cmd=[]\n[Build SMBJ/Integration test  ]   \ud83d\udc33  docker run image=crawlergpt:latest platform= entrypoint=[\"tail\" \"-f\" \"/dev/null\"] cmd=[]\n[Build SMBJ/Integration test  ]   \ud83d\udc33  docker exec cmd=[chown -R 1012:1000 /tmp/bc275e72-fd77-11ed-a890-af2cc187fc11/hierynomus-smbj] user=0 workdir=\n[Build SMBJ/Integration test  ]   \u2601  git clone 'https://github.com/actions/setup-java' # ref=v1\n[Build SMBJ/Integration test  ] Non-terminating error while running 'git clone': some refs were not updated\n[Build SMBJ/Integration test  ]   \u2601  git clone 'https://github.com/actions/cache' # ref=v2\n[Build SMBJ/Integration test  ] \u2b50 Run Main actions/checkout@v2\n[Build SMBJ/Integration test  ]   \u2705  Success - Main actions/checkout@v2\n[Build SMBJ/Integration test  ] \u2b50 Run Main Set up JDK 11\n[Build SMBJ/Integration test  ]   \ud83d\udc33  docker cp src=/home/andre-silva/.cache/act/actions-setup-java@v1/ dst=/var/run/act/actions/actions-setup-java@v1/\n[Build SMBJ/Integration test  ]   \ud83d\udc33  docker exec cmd=[chown -R 1012:1000 /var/run/act/actions/actions-setup-java@v1/] user=0 workdir=\n[Build SMBJ/Integration test  ]   \ud83d\udc33  docker exec cmd=[node /var/run/act/actions/actions-setup-java@v1/dist/setup/index.js] user= workdir=\n[Build SMBJ/Integration test  ]   \ud83d\udcac  ::debug::isExplicit: \n[Build SMBJ/Integration test  ]   \ud83d\udcac  ::debug::explicit? false\n[Build SMBJ/Integration test  ]   \ud83d\udcac  ::debug::evaluating 0 versions\n[Build SMBJ/Integration test  ]   \ud83d\udcac  ::debug::match not found\n[Build SMBJ/Integration test  ]   \ud83d\udcac  ::debug::Downloading JDK from Azul\n[Build SMBJ/Integration test  ]   \ud83d\udcac  ::debug::Searching for files with extension: -linux_x64.tar.gz\n[Build SMBJ/Integration test  ]   \ud83d\udcac  ::debug::Downloading https://static.azul.com/zulu/bin/zulu11.64.19-ca-jdk11.0.19-linux_x64.tar.gz\n[Build SMBJ/Integration test  ]   \ud83d\udcac  ::debug::Downloading /tmp/b1b94e2e-d545-4bfa-95cb-c62249f46020\n[Build SMBJ/Integration test  ]   \ud83d\udcac  ::debug::download complete\n[Build SMBJ/Integration test  ]   | [command]/usr/bin/tar --version\n[Build SMBJ/Integration test  ]   | tar (GNU tar) 1.30\n[Build SMBJ/Integration test  ]   | Copyright (C) 2017 Free Software Foundation, Inc.\n[Build SMBJ/Integration test  ]   | License GPLv3+: GNU GPL version 3 or later <https://gnu.org/licenses/gpl.html>.\n[Build SMBJ/Integration test  ]   | This is free software: you are free to change and redistribute it.\n[Build SMBJ/Integration test  ]   | There is NO WARRANTY, to the extent permitted by law.\n[Build SMBJ/Integration test  ]   | \n[Build SMBJ/Integration test  ]   | Written by John Gilmore and Jay Fenlason.\n[Build SMBJ/Integration test  ]   | [command]/usr/bin/tar xz --warning=no-unknown-keyword -C /tmp/temp_1013800467 -f /tmp/b1b94e2e-d545-4bfa-95cb-c62249f46020\n[Build SMBJ/Integration test  ]   \ud83d\udcac  ::debug::jdk extracted to /tmp/temp_1013800467/zulu11.64.19-ca-jdk11.0.19-linux_x64\n[Build SMBJ/Integration test  ]   \ud83d\udcac  ::debug::Caching tool jdk 11.0.19 x64\n[Build SMBJ/Integration test  ]   \ud83d\udcac  ::debug::source dir: /tmp/temp_1013800467/zulu11.64.19-ca-jdk11.0.19-linux_x64\n[Build SMBJ/Integration test  ]   \ud83d\udcac  ::debug::destination /opt/hostedtoolcache/jdk/11.0.19/x64\n[Build SMBJ/Integration test  ]   \ud83d\udcac  ::debug::finished caching tool\n[Build SMBJ/Integration test  ]   \u2753 add-matcher /run/act/actions/actions-setup-java@v1/.github/java.json\n[Build SMBJ/Integration test  ]   | creating settings.xml with server-id: github; environment variables: username=$GITHUB_ACTOR, password=$GITHUB_TOKEN, and gpg-passphrase=null\n[Build SMBJ/Integration test  ]   \ud83d\udcac  ::debug::created directory /home/runneradmin/.m2\n[Build SMBJ/Integration test  ]   | writing /home/runneradmin/.m2/settings.xml\n[Build SMBJ/Integration test  ]   \u2705  Success - Main Set up JDK 11\n[Build SMBJ/Integration test  ]   \u2699  ::set-env:: JAVA_HOME_11.0.19_x64=/opt/hostedtoolcache/jdk/11.0.19/x64\n[Build SMBJ/Integration test  ]   \u2699  ::set-env:: JAVA_HOME=/opt/hostedtoolcache/jdk/11.0.19/x64\n[Build SMBJ/Integration test  ]   \u2699  ::set-env:: JAVA_HOME_11_0_19_X64=/opt/hostedtoolcache/jdk/11.0.19/x64\n[Build SMBJ/Integration test  ]   \u2699  ::set-output:: path=/opt/hostedtoolcache/jdk/11.0.19/x64\n[Build SMBJ/Integration test  ]   \u2699  ::set-output:: version=11.0.19\n[Build SMBJ/Integration test  ]   \u2699  ::add-path:: /opt/hostedtoolcache/jdk/11.0.19/x64/bin\n[Build SMBJ/Integration test  ] \u2b50 Run Main Cache Gradle packages\n[Build SMBJ/Integration test  ]   \ud83d\udc33  docker cp src=/home/andre-silva/.cache/act/actions-cache@v2/ dst=/var/run/act/actions/actions-cache@v2/\n[Build SMBJ/Integration test  ]   \ud83d\udc33  docker exec cmd=[chown -R 1012:1000 /var/run/act/actions/actions-cache@v2/] user=0 workdir=\n[Build SMBJ/Integration test  ]   \ud83d\udc33  docker exec cmd=[node /var/run/act/actions/actions-cache@v2/dist/restore/index.js] user= workdir=\n[Build SMBJ/Integration test  ]   \ud83d\udcac  ::debug::Resolved Keys:\n[Build SMBJ/Integration test  ]   \ud83d\udcac  ::debug::[\"Linux-gradle-0946e1ab91aabb40a8e4596d7ca0ea10a2bbfaa4feaef27415e433ad7ebd2279\",\"Linux-gradle\"]\n[Build SMBJ/Integration test  ]   \ud83d\udcac  ::debug::Checking zstd --version\n[Build SMBJ/Integration test  ]   \ud83d\udcac  ::debug::*** zstd command line interface 64-bits v1.5.0, by Yann Collet ***\n[Build SMBJ/Integration test  ]   \ud83d\udcac  ::debug::getCacheEntry - Attempt 1 of 2 failed with error: Cache Service Url not found, unable to restore cache.\n[Build SMBJ/Integration test  ]   \ud83d\udcac  ::debug::getCacheEntry - Attempt 2 of 2 failed with error: Cache Service Url not found, unable to restore cache.\n[Build SMBJ/Integration test  ]   | [warning]getCacheEntry failed: Cache Service Url not found, unable to restore cache.\n[Build SMBJ/Integration test  ]   \u2705  Success - Main Cache Gradle packages\n[Build SMBJ/Integration test  ]   \u2699  ::set-output:: cache-hit=false\n[Build SMBJ/Integration test  ] \u2b50 Run Main Run integration tests\n[Build SMBJ/Integration test  ]   \ud83d\udc33  docker exec cmd=[bash --noprofile --norc -e -o pipefail /var/run/act/workflow/3] user= workdir=\n[Build SMBJ/Integration test  ]   | Downloading https://services.gradle.org/distributions/gradle-8.0.2-bin.zip\n[Build SMBJ/Integration test  ]   | .............................................................................................................................................................................................................................................................................................................................................................................................................................................................................................................................................................................................................................................................................................................................................................................................................................................................................................................................................................................................................................................................................................................................................................................................................................................................................................................................................................................................................................................................................................................................................................................................................................................................................................................................................................................................................................................................................................................................................................................................................................................................................................................................................................................................................................................................................................................................................................................................................................................................................................................................................................................................................................................................................................................................................................................................................................................................................................................................................................................................................................................................................................................................................................................................................................................................................................................................................................................................................................................................................................................................................................................................................................................................................................................................................................................................................................................................................................................................................................................................................................................................................................................................................................................................................................................................................................................................................................................................................................................................................................................................................................................................................................................................................................................................................................................................................................................................................................................................................................................................................................................................................................................................................................................................................................................................................................................................................................................................................................................................................................................................................................................................................................................................................................................................................................................................................................................................................................................................................................................................................................................................................................................................................................................................................................................................................................................................................................................................................................................................\n[Build SMBJ/Integration test  ]   | Unzipping /home/runneradmin/.gradle/wrapper/dists/gradle-8.0.2-bin/25jlreiuz6u3xu2phlpa2vv4m/gradle-8.0.2-bin.zip to /home/runneradmin/.gradle/wrapper/dists/gradle-8.0.2-bin/25jlreiuz6u3xu2phlpa2vv4m\n[Build SMBJ/Integration test  ]   | Set executable permissions for: /home/runneradmin/.gradle/wrapper/dists/gradle-8.0.2-bin/25jlreiuz6u3xu2phlpa2vv4m/gradle-8.0.2/bin/gradle\n[Build SMBJ/Integration test  ]   | \n[Build SMBJ/Integration test  ]   | Welcome to Gradle 8.0.2!\n[Build SMBJ/Integration test  ]   | \n[Build SMBJ/Integration test  ]   | Here are the highlights of this release:\n[Build SMBJ/Integration test  ]   |  - Improvements to the Kotlin DSL\n[Build SMBJ/Integration test  ]   |  - Fine-grained parallelism from the first build with configuration cache\n[Build SMBJ/Integration test  ]   |  - Configurable Gradle user home cache cleanup\n[Build SMBJ/Integration test  ]   | \n[Build SMBJ/Integration test  ]   | For more details see https://docs.gradle.org/8.0.2/release-notes.html\n[Build SMBJ/Integration test  ]   | \n[Build SMBJ/Integration test  ]   | Starting a Gradle Daemon (subsequent builds will be faster)\n[Build SMBJ/Integration test  ]   | > Task :compileJava UP-TO-DATE\n[Build SMBJ/Integration test  ]   | > Task :compileGroovy SKIPPED\n[Build SMBJ/Integration test  ]   | > Task :processResources NO-SOURCE\n[Build SMBJ/Integration test  ]   | > Task :classes UP-TO-DATE\n[Build SMBJ/Integration test  ]   | > Task :compileTestJava NO-SOURCE\n[Build SMBJ/Integration test  ]   | > Task :compileTestGroovy UP-TO-DATE\n[Build SMBJ/Integration test  ]   | > Task :processTestResources UP-TO-DATE\n[Build SMBJ/Integration test  ]   | > Task :testClasses UP-TO-DATE\n[Build SMBJ/Integration test  ]   | > Task :compileIntegrationTestJava NO-SOURCE\n[Build SMBJ/Integration test  ]   | > Task :compileIntegrationTestGroovy\n[Build SMBJ/Integration test  ]   | > Task :processIntegrationTestResources\n[Build SMBJ/Integration test  ]   | > Task :integrationTestClasses\n[Build SMBJ/Integration test  ]   | Error during callback\n[Build SMBJ/Integration test  ]   | java.lang.RuntimeException: java.io.IOException: com.sun.jna.LastErrorException: [13] Permission denied\n[Build SMBJ/Integration test  ]   | \tat com.github.dockerjava.httpclient5.ApacheDockerHttpClientImpl.execute(ApacheDockerHttpClientImpl.java:195)\n[Build SMBJ/Integration test  ]   | \tat com.github.dockerjava.httpclient5.ApacheDockerHttpClient.execute(ApacheDockerHttpClient.java:9)\n[Build SMBJ/Integration test  ]   | \tat com.github.dockerjava.core.DefaultInvocationBuilder.execute(DefaultInvocationBuilder.java:228)\n[Build SMBJ/Integration test  ]   | \tat com.github.dockerjava.core.DefaultInvocationBuilder.lambda$executeAndStream$1(DefaultInvocationBuilder.java:269)\n[Build SMBJ/Integration test  ]   | \tat java.base/java.lang.Thread.run(Thread.java:829)\n[Build SMBJ/Integration test  ]   | Caused by: java.io.IOException: com.sun.jna.LastErrorException: [13] Permission denied\n[Build SMBJ/Integration test  ]   | \tat com.github.dockerjava.transport.DomainSocket.<init>(DomainSocket.java:63)\n[Build SMBJ/Integration test  ]   | \tat com.github.dockerjava.transport.LinuxDomainSocket.<init>(LinuxDomainSocket.java:41)\n[Build SMBJ/Integration test  ]   | \tat com.github.dockerjava.transport.DomainSocket.get(DomainSocket.java:140)\n[Build SMBJ/Integration test  ]   | \tat com.github.dockerjava.transport.UnixSocket.get(UnixSocket.java:29)\n[Build SMBJ/Integration test  ]   | \tat com.github.dockerjava.httpclient5.ApacheDockerHttpClientImpl$2.createSocket(ApacheDockerHttpClientImpl.java:153)\n[Build SMBJ/Integration test  ]   | \tat com.bmuschko.gradle.docker.shaded.org.apache.hc.client5.http.impl.io.DefaultHttpClientConnectionOperator.connect(DefaultHttpClientConnectionOperator.java:125)\n[Build SMBJ/Integration test  ]   | \tat com.bmuschko.gradle.docker.shaded.org.apache.hc.client5.http.impl.io.PoolingHttpClientConnectionManager.connect(PoolingHttpClientConnectionManager.java:409)\n[Build SMBJ/Integration test  ]   | \tat com.bmuschko.gradle.docker.shaded.org.apache.hc.client5.http.impl.classic.InternalExecRuntime.connectEndpoint(InternalExecRuntime.java:164)\n[Build SMBJ/Integration test  ]   | \tat com.bmuschko.gradle.docker.shaded.org.apache.hc.client5.http.impl.classic.InternalExecRuntime.connectEndpoint(InternalExecRuntime.java:174)\n[Build SMBJ/Integration test  ]   | \tat com.bmuschko.gradle.docker.shaded.org.apache.hc.client5.http.impl.classic.ConnectExec.execute(ConnectExec.java:135)\n[Build SMBJ/Integration test  ]   | \tat com.bmuschko.gradle.docker.shaded.org.apache.hc.client5.http.impl.classic.ExecChainElement.execute(ExecChainElement.java:51)\n[Build SMBJ/Integration test  ]   | \tat com.bmuschko.gradle.docker.shaded.org.apache.hc.client5.http.impl.classic.ExecChainElement$1.proceed(ExecChainElement.java:57)\n[Build SMBJ/Integration test  ]   | \tat com.bmuschko.gradle.docker.shaded.org.apache.hc.client5.http.impl.classic.ProtocolExec.execute(ProtocolExec.java:172)\n[Build SMBJ/Integration test  ]   | \tat com.bmuschko.gradle.docker.shaded.org.apache.hc.client5.http.impl.classic.ExecChainElement.execute(ExecChainElement.java:51)\n[Build SMBJ/Integration test  ]   | \tat com.bmuschko.gradle.docker.shaded.org.apache.hc.client5.http.impl.classic.ExecChainElement$1.proceed(ExecChainElement.java:57)\n[Build SMBJ/Integration test  ]   | \tat com.bmuschko.gradle.docker.shaded.org.apache.hc.client5.http.impl.classic.HttpRequestRetryExec.execute(HttpRequestRetryExec.java:93)\n[Build SMBJ/Integration test  ]   | \tat com.bmuschko.gradle.docker.shaded.org.apache.hc.client5.http.impl.classic.ExecChainElement.execute(ExecChainElement.java:51)\n[Build SMBJ/Integration test  ]   | \tat com.bmuschko.gradle.docker.shaded.org.apache.hc.client5.http.impl.classic.ExecChainElement$1.proceed(ExecChainElement.java:57)\n[Build SMBJ/Integration test  ]   | \tat com.bmuschko.gradle.docker.shaded.org.apache.hc.client5.http.impl.classic.ContentCompressionExec.execute(ContentCompressionExec.java:128)\n[Build SMBJ/Integration test  ]   | \tat com.bmuschko.gradle.docker.shaded.org.apache.hc.client5.http.impl.classic.ExecChainElement.execute(ExecChainElement.java:51)\n[Build SMBJ/Integration test  ]   | \tat com.bmuschko.gradle.docker.shaded.org.apache.hc.client5.http.impl.classic.ExecChainElement$1.proceed(ExecChainElement.java:57)\n[Build SMBJ/Integration test  ]   | \tat com.bmuschko.gradle.docker.shaded.org.apache.hc.client5.http.impl.classic.RedirectExec.execute(RedirectExec.java:116)\n[Build SMBJ/Integration test  ]   | \tat com.bmuschko.gradle.docker.shaded.org.apache.hc.client5.http.impl.classic.ExecChainElement.execute(ExecChainElement.java:51)\n[Build SMBJ/Integration test  ]   | \tat com.bmuschko.gradle.docker.shaded.org.apache.hc.client5.http.impl.classic.InternalHttpClient.doExecute(InternalHttpClient.java:178)\n[Build SMBJ/Integration test  ]   | \tat com.bmuschko.gradle.docker.shaded.org.apache.hc.client5.http.impl.classic.CloseableHttpClient.execute(CloseableHttpClient.java:67)\n[Build SMBJ/Integration test  ]   | \tat com.github.dockerjava.httpclient5.ApacheDockerHttpClientImpl.execute(ApacheDockerHttpClientImpl.java:191)\n[Build SMBJ/Integration test  ]   | \t... 4 more\n[Build SMBJ/Integration test  ]   | Caused by: com.sun.jna.LastErrorException: [13] Permission denied\n[Build SMBJ/Integration test  ]   | \tat com.github.dockerjava.transport.LinuxDomainSocket.connect(Native Method)\n[Build SMBJ/Integration test  ]   | \tat com.github.dockerjava.transport.LinuxDomainSocket.connect(LinuxDomainSocket.java:49)\n[Build SMBJ/Integration test  ]   | \tat com.github.dockerjava.transport.DomainSocket.open(DomainSocket.java:69)\n[Build SMBJ/Integration test  ]   | \tat com.github.dockerjava.transport.DomainSocket.<init>(DomainSocket.java:59)\n[Build SMBJ/Integration test  ]   | \t... 29 more\n[Build SMBJ/Integration test  ]   | \n[Build SMBJ/Integration test  ]   | > Task :buildItestImage FAILED\n[Build SMBJ/Integration test  ]   | Building image using context '/tmp/bc275e72-fd77-11ed-a890-af2cc187fc11/hierynomus-smbj/src/it/docker-image'.\n[Build SMBJ/Integration test  ]   | Using images 'smbj/smbj-itest:latest'.\n[Build SMBJ/Integration test  ]   | \n[Build SMBJ/Integration test  ]   | FAILURE: Build failed with an exception.\n[Build SMBJ/Integration test  ]   | \n[Build SMBJ/Integration test  ]   | * What went wrong:\n[Build SMBJ/Integration test  ]   | Execution failed for task ':buildItestImage'.\n[Build SMBJ/Integration test  ]   | > java.io.IOException: com.sun.jna.LastErrorException: [13] Permission denied\n[Build SMBJ/Integration test  ]   | \n[Build SMBJ/Integration test  ]   | * Try:\n[Build SMBJ/Integration test  ]   | > Run with --stacktrace option to get the stack trace.\n[Build SMBJ/Integration test  ]   | > Run with --info or --debug option to get more log output.\n[Build SMBJ/Integration test  ]   | > Run with --scan to get full insights.\n[Build SMBJ/Integration test  ]   | \n[Build SMBJ/Integration test  ]   | * Get more help at https://help.gradle.org\n[Build SMBJ/Integration test  ]   | \n[Build SMBJ/Integration test  ]   | BUILD FAILED in 45s\n[Build SMBJ/Integration test  ]   | 6 actionable tasks: 3 executed, 3 up-to-date\n[Build SMBJ/Integration test  ]   \u274c  Failure - Main Run integration tests\n[Build SMBJ/Integration test  ] exitcode '1': failure\n[Build SMBJ/Integration test  ] \u2b50 Run Post Set up JDK 11\n[Build SMBJ/Integration test  ]   \ud83d\udc33  docker exec cmd=[node /var/run/act/actions/actions-setup-java@v1/dist/cleanup/index.js] user= workdir=\n[Build SMBJ/Integration test  ]   \u2705  Success - Post Set up JDK 11\n[Build SMBJ/Integration test  ] \ud83c\udfc1  Job failed\n",
    "actions_stderr": "Error: Job 'Integration test' failed\n"
}