{
    "repository": "DevLeoko/AdvancedBan",
    "clone_url": "https://github.com/DevLeoko/AdvancedBan.git",
    "timestamp": "2023-05-28T19:06:05.724201Z",
    "clone_success": true,
    "number of actions": 3,
    "number_of_test_actions": 1,
    "actions_successful": false,
    "actions_stdout": "[Unit tests/test] \ud83d\ude80  Start image=crawlergpt:latest\n[Unit tests/test]   \ud83d\udc33  docker pull image=crawlergpt:latest platform= username= forcePull=false\n[Unit tests/test]   \ud83d\udc33  docker create image=crawlergpt:latest platform= entrypoint=[\"tail\" \"-f\" \"/dev/null\"] cmd=[]\n[Unit tests/test]   \ud83d\udc33  docker run image=crawlergpt:latest platform= entrypoint=[\"tail\" \"-f\" \"/dev/null\"] cmd=[]\n[Unit tests/test]   \ud83d\udc33  docker exec cmd=[chown -R 1012:1000 /tmp/bc275e72-fd77-11ed-a890-af2cc187fc11/DevLeoko-AdvancedBan] user=0 workdir=\n[Unit tests/test]   \u2601  git clone 'https://github.com/actions/setup-java' # ref=v1\n[Unit tests/test] Non-terminating error while running 'git clone': some refs were not updated\n[Unit tests/test] \u2b50 Run Main actions/checkout@v1\n[Unit tests/test]   \u2705  Success - Main actions/checkout@v1\n[Unit tests/test] \u2b50 Run Main Set up JDK 1.8\n[Unit tests/test]   \ud83d\udc33  docker cp src=/home/andre-silva/.cache/act/actions-setup-java@v1/ dst=/var/run/act/actions/actions-setup-java@v1/\n[Unit tests/test]   \ud83d\udc33  docker exec cmd=[chown -R 1012:1000 /var/run/act/actions/actions-setup-java@v1/] user=0 workdir=\n[Unit tests/test]   \ud83d\udc33  docker exec cmd=[node /var/run/act/actions/actions-setup-java@v1/dist/setup/index.js] user= workdir=\n[Unit tests/test]   \ud83d\udcac  ::debug::isExplicit: \n[Unit tests/test]   \ud83d\udcac  ::debug::explicit? false\n[Unit tests/test]   \ud83d\udcac  ::debug::evaluating 0 versions\n[Unit tests/test]   \ud83d\udcac  ::debug::match not found\n[Unit tests/test]   \ud83d\udcac  ::debug::Downloading JDK from Azul\n[Unit tests/test]   \ud83d\udcac  ::debug::Searching for files with extension: -linux_x64.tar.gz\n[Unit tests/test]   \ud83d\udcac  ::debug::Downloading https://static.azul.com/zulu/bin/zulu8.70.0.23-ca-jdk8.0.372-linux_x64.tar.gz\n[Unit tests/test]   \ud83d\udcac  ::debug::Downloading /tmp/358c0711-d313-4559-8403-483a637820f7\n[Unit tests/test]   \ud83d\udcac  ::debug::download complete\n[Unit tests/test]   | [command]/usr/bin/tar --version\n[Unit tests/test]   | tar (GNU tar) 1.30\n[Unit tests/test]   | Copyright (C) 2017 Free Software Foundation, Inc.\n[Unit tests/test]   | License GPLv3+: GNU GPL version 3 or later <https://gnu.org/licenses/gpl.html>.\n[Unit tests/test]   | This is free software: you are free to change and redistribute it.\n[Unit tests/test]   | There is NO WARRANTY, to the extent permitted by law.\n[Unit tests/test]   | \n[Unit tests/test]   | Written by John Gilmore and Jay Fenlason.\n[Unit tests/test]   | [command]/usr/bin/tar xz --warning=no-unknown-keyword -C /tmp/temp_1993873845 -f /tmp/358c0711-d313-4559-8403-483a637820f7\n[Unit tests/test]   \ud83d\udcac  ::debug::jdk extracted to /tmp/temp_1993873845/zulu8.70.0.23-ca-jdk8.0.372-linux_x64\n[Unit tests/test]   \ud83d\udcac  ::debug::Caching tool jdk 8.0.372 x64\n[Unit tests/test]   \ud83d\udcac  ::debug::source dir: /tmp/temp_1993873845/zulu8.70.0.23-ca-jdk8.0.372-linux_x64\n[Unit tests/test]   \ud83d\udcac  ::debug::destination /opt/hostedtoolcache/jdk/8.0.372/x64\n[Unit tests/test]   \ud83d\udcac  ::debug::finished caching tool\n[Unit tests/test]   \u2753 add-matcher /run/act/actions/actions-setup-java@v1/.github/java.json\n[Unit tests/test]   | creating settings.xml with server-id: github; environment variables: username=$GITHUB_ACTOR, password=$GITHUB_TOKEN, and gpg-passphrase=null\n[Unit tests/test]   \ud83d\udcac  ::debug::created directory /home/runneradmin/.m2\n[Unit tests/test]   | writing /home/runneradmin/.m2/settings.xml\n[Unit tests/test]   \u2705  Success - Main Set up JDK 1.8\n[Unit tests/test]   \u2699  ::set-env:: JAVA_HOME_8.0.372_x64=/opt/hostedtoolcache/jdk/8.0.372/x64\n[Unit tests/test]   \u2699  ::set-env:: JAVA_HOME=/opt/hostedtoolcache/jdk/8.0.372/x64\n[Unit tests/test]   \u2699  ::set-env:: JAVA_HOME_8_0_372_X64=/opt/hostedtoolcache/jdk/8.0.372/x64\n[Unit tests/test]   \u2699  ::set-output:: path=/opt/hostedtoolcache/jdk/8.0.372/x64\n[Unit tests/test]   \u2699  ::set-output:: version=8.0.372\n[Unit tests/test]   \u2699  ::add-path:: /opt/hostedtoolcache/jdk/8.0.372/x64/bin\n[Unit tests/test] \u2b50 Run Main Test with Maven\n[Unit tests/test]   \ud83d\udc33  docker exec cmd=[bash --noprofile --norc -e -o pipefail /var/run/act/workflow/2] user= workdir=\n[Unit tests/test]   | [INFO] Scanning for projects...\n[Unit tests/test]   | [INFO] ------------------------------------------------------------------------\n[Unit tests/test]   | [INFO] Reactor Build Order:\n[Unit tests/test]   | [INFO] \n[Unit tests/test]   | [INFO] AdvancedBan                                                        [pom]\n[Unit tests/test]   | [INFO] AdvancedBan-Core                                                   [jar]\n[Unit tests/test]   | [INFO] AdvancedBan-Bukkit                                                 [jar]\n[Unit tests/test]   | [INFO] AdvancedBan-Bungee                                                 [jar]\n[Unit tests/test]   | [INFO] AdvancedBan-Bundle                                                 [jar]\n[Unit tests/test]   | [INFO] \n[Unit tests/test]   | [INFO] ------------------< me.leoko.advancedban:AdvancedBan >------------------\n[Unit tests/test]   | [INFO] Building AdvancedBan 2.3.0                                         [1/5]\n[Unit tests/test]   | [INFO] --------------------------------[ pom ]---------------------------------\n[Unit tests/test]   | [INFO] \n[Unit tests/test]   | [INFO] ---------------< me.leoko.advancedban:AdvancedBan-Core >----------------\n[Unit tests/test]   | [INFO] Building AdvancedBan-Core 2.3.0                                    [2/5]\n[Unit tests/test]   | [INFO] --------------------------------[ jar ]---------------------------------\n[Unit tests/test]   | [INFO] Downloading from central: https://repo.maven.apache.org/maven2/org/apache/maven/plugins/maven-resources-plugin/2.6/maven-resources-plugin-2.6.pom\n[Unit tests/test]   | [INFO] Downloaded from central: https://repo.maven.apache.org/maven2/org/apache/maven/plugins/maven-resources-plugin/2.6/maven-resources-plugin-2.6.pom (8.1 kB at 11 kB/s)\n[Unit tests/test]   | [INFO] Downloading from central: https://repo.maven.apache.org/maven2/org/apache/maven/plugins/maven-plugins/23/maven-plugins-23.pom\n[Unit tests/test]   | [INFO] Downloaded from central: https://repo.maven.apache.org/maven2/org/apache/maven/plugins/maven-plugins/23/maven-plugins-23.pom (9.2 kB at 38 kB/s)\n[Unit tests/test]   | [INFO] Downloading from central: https://repo.maven.apache.org/maven2/org/apache/maven/maven-parent/22/maven-parent-22.pom\n[Unit tests/test]   | [INFO] Downloaded from central: https://repo.maven.apache.org/maven2/org/apache/maven/maven-parent/22/maven-parent-22.pom (30 kB at 692 kB/s)\n[Unit tests/test]   | [INFO] Downloading from central: https://repo.maven.apache.org/maven2/org/apache/apache/11/apache-11.pom\n[Unit tests/test]   | [INFO] Downloaded from central: https://repo.maven.apache.org/maven2/org/apache/apache/11/apache-11.pom (15 kB at 370 kB/s)\n[Unit tests/test]   | [INFO] Downloading from central: https://repo.maven.apache.org/maven2/org/apache/maven/plugins/maven-resources-plugin/2.6/maven-resources-plugin-2.6.jar\n[Unit tests/test]   | [INFO] Downloaded from central: https://repo.maven.apache.org/maven2/org/apache/maven/plugins/maven-resources-plugin/2.6/maven-resources-plugin-2.6.jar (30 kB at 757 kB/s)\n[Unit tests/test]   | [INFO] Downloading from central: https://repo.maven.apache.org/maven2/org/apache/maven/plugins/maven-compiler-plugin/3.5.1/maven-compiler-plugin-3.5.1.pom\n[Unit tests/test]   | [INFO] Downloaded from central: https://repo.maven.apache.org/maven2/org/apache/maven/plugins/maven-compiler-plugin/3.5.1/maven-compiler-plugin-3.5.1.pom (10 kB at 845 kB/s)\n[Unit tests/test]   | [INFO] Downloading from central: https://repo.maven.apache.org/maven2/org/apache/maven/plugins/maven-plugins/28/maven-plugins-28.pom\n[Unit tests/test]   | [INFO] Downloaded from central: https://repo.maven.apache.org/maven2/org/apache/maven/plugins/maven-plugins/28/maven-plugins-28.pom (12 kB at 1.2 MB/s)\n[Unit tests/test]   | [INFO] Downloading from central: https://repo.maven.apache.org/maven2/org/apache/maven/maven-parent/27/maven-parent-27.pom\n[Unit tests/test]   | [INFO] Downloaded from central: https://repo.maven.apache.org/maven2/org/apache/maven/maven-parent/27/maven-parent-27.pom (41 kB at 1.9 MB/s)\n[Unit tests/test]   | [INFO] Downloading from central: https://repo.maven.apache.org/maven2/org/apache/apache/17/apache-17.pom\n[Unit tests/test]   | [INFO] Downloaded from central: https://repo.maven.apache.org/maven2/org/apache/apache/17/apache-17.pom (16 kB at 803 kB/s)\n[Unit tests/test]   | [INFO] Downloading from central: https://repo.maven.apache.org/maven2/org/apache/maven/plugins/maven-compiler-plugin/3.5.1/maven-compiler-plugin-3.5.1.jar\n[Unit tests/test]   | [INFO] Downloaded from central: https://repo.maven.apache.org/maven2/org/apache/maven/plugins/maven-compiler-plugin/3.5.1/maven-compiler-plugin-3.5.1.jar (50 kB at 2.4 MB/s)\n[Unit tests/test]   | [INFO] Downloading from central: https://repo.maven.apache.org/maven2/org/apache/maven/plugins/maven-surefire-plugin/3.0.0-M5/maven-surefire-plugin-3.0.0-M5.pom\n[Unit tests/test]   | [INFO] Downloaded from central: https://repo.maven.apache.org/maven2/org/apache/maven/plugins/maven-surefire-plugin/3.0.0-M5/maven-surefire-plugin-3.0.0-M5.pom (8.0 kB at 335 kB/s)\n[Unit tests/test]   | [INFO] Downloading from central: https://repo.maven.apache.org/maven2/org/apache/maven/surefire/surefire/3.0.0-M5/surefire-3.0.0-M5.pom\n[Unit tests/test]   | [INFO] Downloaded from central: https://repo.maven.apache.org/maven2/org/apache/maven/surefire/surefire/3.0.0-M5/surefire-3.0.0-M5.pom (27 kB at 1.4 MB/s)\n[Unit tests/test]   | [INFO] Downloading from central: https://repo.maven.apache.org/maven2/org/apache/maven/maven-parent/34/maven-parent-34.pom\n[Unit tests/test]   | [INFO] Downloaded from central: https://repo.maven.apache.org/maven2/org/apache/maven/maven-parent/34/maven-parent-34.pom (43 kB at 1.3 MB/s)\n[Unit tests/test]   | [INFO] Downloading from central: https://repo.maven.apache.org/maven2/org/apache/apache/23/apache-23.pom\n[Unit tests/test]   | [INFO] Downloaded from central: https://repo.maven.apache.org/maven2/org/apache/apache/23/apache-23.pom (18 kB at 1.8 MB/s)\n[Unit tests/test]   | [INFO] Downloading from central: https://repo.maven.apache.org/maven2/org/apache/maven/plugins/maven-surefire-plugin/3.0.0-M5/maven-surefire-plugin-3.0.0-M5.jar\n[Unit tests/test]   | [INFO] Downloaded from central: https://repo.maven.apache.org/maven2/org/apache/maven/plugins/maven-surefire-plugin/3.0.0-M5/maven-surefire-plugin-3.0.0-M5.jar (43 kB at 3.6 MB/s)\n[Unit tests/test]   | [INFO] Downloading from central: https://repo.maven.apache.org/maven2/commons-io/commons-io/2.7/commons-io-2.7.pom\n[Unit tests/test]   | [INFO] Downloaded from central: https://repo.maven.apache.org/maven2/commons-io/commons-io/2.7/commons-io-2.7.pom (16 kB at 1.1 MB/s)\n[Unit tests/test]   | [INFO] Downloading from central: https://repo.maven.apache.org/maven2/org/apache/commons/commons-parent/50/commons-parent-50.pom\n[Unit tests/test]   | [INFO] Downloaded from central: https://repo.maven.apache.org/maven2/org/apache/commons/commons-parent/50/commons-parent-50.pom (76 kB at 2.5 MB/s)\n[Unit tests/test]   | [INFO] Downloading from central: https://repo.maven.apache.org/maven2/org/apache/apache/21/apache-21.pom\n[Unit tests/test]   | [INFO] Downloaded from central: https://repo.maven.apache.org/maven2/org/apache/apache/21/apache-21.pom (17 kB at 1.9 MB/s)\n[Unit tests/test]   | [INFO] Downloading from central: https://repo.maven.apache.org/maven2/org/apache/commons/commons-lang3/3.8.1/commons-lang3-3.8.1.pom\n[Unit tests/test]   | [INFO] Downloaded from central: https://repo.maven.apache.org/maven2/org/apache/commons/commons-lang3/3.8.1/commons-lang3-3.8.1.pom (28 kB at 2.3 MB/s)\n[Unit tests/test]   | [INFO] Downloading from central: https://repo.maven.apache.org/maven2/org/apache/commons/commons-parent/47/commons-parent-47.pom\n[Unit tests/test]   | [INFO] Downloaded from central: https://repo.maven.apache.org/maven2/org/apache/commons/commons-parent/47/commons-parent-47.pom (78 kB at 5.2 MB/s)\n[Unit tests/test]   | [INFO] Downloading from central: https://repo.maven.apache.org/maven2/org/apache/apache/19/apache-19.pom\n[Unit tests/test]   | [INFO] Downloaded from central: https://repo.maven.apache.org/maven2/org/apache/apache/19/apache-19.pom (15 kB at 1.7 MB/s)\n[Unit tests/test]   | [INFO] Downloading from central: https://repo.maven.apache.org/maven2/org/hsqldb/hsqldb/2.4.0/hsqldb-2.4.0.pom\n[Unit tests/test]   | [INFO] Downloaded from central: https://repo.maven.apache.org/maven2/org/hsqldb/hsqldb/2.4.0/hsqldb-2.4.0.pom (1.3 kB at 84 kB/s)\n[Unit tests/test]   | [INFO] Downloading from central: https://repo.maven.apache.org/maven2/org/junit/jupiter/junit-jupiter-api/5.6.2/junit-jupiter-api-5.6.2.pom\n[Unit tests/test]   | [INFO] Downloaded from central: https://repo.maven.apache.org/maven2/org/junit/jupiter/junit-jupiter-api/5.6.2/junit-jupiter-api-5.6.2.pom (3.2 kB at 266 kB/s)\n[Unit tests/test]   | [INFO] Downloading from central: https://repo.maven.apache.org/maven2/org/junit/junit-bom/5.6.2/junit-bom-5.6.2.pom\n[Unit tests/test]   | [INFO] Downloaded from central: https://repo.maven.apache.org/maven2/org/junit/junit-bom/5.6.2/junit-bom-5.6.2.pom (4.9 kB at 548 kB/s)\n[Unit tests/test]   | [INFO] Downloading from central: https://repo.maven.apache.org/maven2/org/apiguardian/apiguardian-api/1.1.0/apiguardian-api-1.1.0.pom\n[Unit tests/test]   | [INFO] Downloaded from central: https://repo.maven.apache.org/maven2/org/apiguardian/apiguardian-api/1.1.0/apiguardian-api-1.1.0.pom (1.2 kB at 117 kB/s)\n[Unit tests/test]   | [INFO] Downloading from central: https://repo.maven.apache.org/maven2/org/opentest4j/opentest4j/1.2.0/opentest4j-1.2.0.pom\n[Unit tests/test]   | [INFO] Downloaded from central: https://repo.maven.apache.org/maven2/org/opentest4j/opentest4j/1.2.0/opentest4j-1.2.0.pom (1.7 kB at 168 kB/s)\n[Unit tests/test]   | [INFO] Downloading from central: https://repo.maven.apache.org/maven2/org/junit/platform/junit-platform-commons/1.6.2/junit-platform-commons-1.6.2.pom\n[Unit tests/test]   | [INFO] Downloaded from central: https://repo.maven.apache.org/maven2/org/junit/platform/junit-platform-commons/1.6.2/junit-platform-commons-1.6.2.pom (2.8 kB at 315 kB/s)\n[Unit tests/test]   | [INFO] Downloading from central: https://repo.maven.apache.org/maven2/com/zaxxer/HikariCP/3.4.5/HikariCP-3.4.5.pom\n[Unit tests/test]   | [INFO] Downloaded from central: https://repo.maven.apache.org/maven2/com/zaxxer/HikariCP/3.4.5/HikariCP-3.4.5.pom (27 kB at 2.1 MB/s)\n[Unit tests/test]   | [INFO] Downloading from central: https://repo.maven.apache.org/maven2/org/sonatype/oss/oss-parent/9/oss-parent-9.pom\n[Unit tests/test]   | [INFO] Downloaded from central: https://repo.maven.apache.org/maven2/org/sonatype/oss/oss-parent/9/oss-parent-9.pom (6.6 kB at 821 kB/s)\n[Unit tests/test]   | [INFO] Downloading from central: https://repo.maven.apache.org/maven2/org/slf4j/slf4j-api/1.7.25/slf4j-api-1.7.25.pom\n[Unit tests/test]   | [INFO] Downloaded from central: https://repo.maven.apache.org/maven2/org/slf4j/slf4j-api/1.7.25/slf4j-api-1.7.25.pom (3.8 kB at 548 kB/s)\n[Unit tests/test]   | [INFO] Downloading from central: https://repo.maven.apache.org/maven2/org/slf4j/slf4j-parent/1.7.25/slf4j-parent-1.7.25.pom\n[Unit tests/test]   | [INFO] Downloaded from central: https://repo.maven.apache.org/maven2/org/slf4j/slf4j-parent/1.7.25/slf4j-parent-1.7.25.pom (14 kB at 1.7 MB/s)\n[Unit tests/test]   | [INFO] Downloading from central: https://repo.maven.apache.org/maven2/org/slf4j/slf4j-jdk14/1.7.25/slf4j-jdk14-1.7.25.pom\n[Unit tests/test]   | [INFO] Downloaded from central: https://repo.maven.apache.org/maven2/org/slf4j/slf4j-jdk14/1.7.25/slf4j-jdk14-1.7.25.pom (1.0 kB at 78 kB/s)\n[Unit tests/test]   | [INFO] Downloading from central: https://repo.maven.apache.org/maven2/com/google/code/gson/gson/2.8.6/gson-2.8.6.pom\n[Unit tests/test]   | [INFO] Downloaded from central: https://repo.maven.apache.org/maven2/com/google/code/gson/gson/2.8.6/gson-2.8.6.pom (2.5 kB at 253 kB/s)\n[Unit tests/test]   | [INFO] Downloading from central: https://repo.maven.apache.org/maven2/com/google/code/gson/gson-parent/2.8.6/gson-parent-2.8.6.pom\n[Unit tests/test]   | [INFO] Downloaded from central: https://repo.maven.apache.org/maven2/com/google/code/gson/gson-parent/2.8.6/gson-parent-2.8.6.pom (4.4 kB at 442 kB/s)\n[Unit tests/test]   | [INFO] Downloading from central: https://repo.maven.apache.org/maven2/org/sonatype/oss/oss-parent/7/oss-parent-7.pom\n[Unit tests/test]   | [INFO] Downloaded from central: https://repo.maven.apache.org/maven2/org/sonatype/oss/oss-parent/7/oss-parent-7.pom (4.8 kB at 804 kB/s)\n[Unit tests/test]   | [INFO] Downloading from central: https://repo.maven.apache.org/maven2/commons-io/commons-io/2.7/commons-io-2.7.jar\n[Unit tests/test]   | [INFO] Downloading from central: https://repo.maven.apache.org/maven2/org/apache/commons/commons-lang3/3.8.1/commons-lang3-3.8.1.jar\n[Unit tests/test]   | [INFO] Downloading from central: https://repo.maven.apache.org/maven2/org/hsqldb/hsqldb/2.4.0/hsqldb-2.4.0.jar\n[Unit tests/test]   | [INFO] Downloading from central: https://repo.maven.apache.org/maven2/org/junit/jupiter/junit-jupiter-api/5.6.2/junit-jupiter-api-5.6.2.jar\n[Unit tests/test]   | [INFO] Downloading from central: https://repo.maven.apache.org/maven2/org/apiguardian/apiguardian-api/1.1.0/apiguardian-api-1.1.0.jar\n[Unit tests/test]   | [INFO] Downloaded from central: https://repo.maven.apache.org/maven2/org/apiguardian/apiguardian-api/1.1.0/apiguardian-api-1.1.0.jar (2.4 kB at 75 kB/s)\n[Unit tests/test]   | [INFO] Downloading from central: https://repo.maven.apache.org/maven2/org/opentest4j/opentest4j/1.2.0/opentest4j-1.2.0.jar\n[Unit tests/test]   | [INFO] Downloaded from central: https://repo.maven.apache.org/maven2/commons-io/commons-io/2.7/commons-io-2.7.jar (276 kB at 6.9 MB/s)\n[Unit tests/test]   | [INFO] Downloading from central: https://repo.maven.apache.org/maven2/org/junit/platform/junit-platform-commons/1.6.2/junit-platform-commons-1.6.2.jar\n[Unit tests/test]   | [INFO] Downloaded from central: https://repo.maven.apache.org/maven2/org/opentest4j/opentest4j/1.2.0/opentest4j-1.2.0.jar (7.7 kB at 178 kB/s)\n[Unit tests/test]   | [INFO] Downloading from central: https://repo.maven.apache.org/maven2/com/zaxxer/HikariCP/3.4.5/HikariCP-3.4.5.jar\n[Unit tests/test]   | [INFO] Downloaded from central: https://repo.maven.apache.org/maven2/org/junit/platform/junit-platform-commons/1.6.2/junit-platform-commons-1.6.2.jar (97 kB at 1.4 MB/s)\n[Unit tests/test]   | [INFO] Downloading from central: https://repo.maven.apache.org/maven2/org/slf4j/slf4j-api/1.7.25/slf4j-api-1.7.25.jar\n[Unit tests/test]   | [INFO] Downloaded from central: https://repo.maven.apache.org/maven2/org/junit/jupiter/junit-jupiter-api/5.6.2/junit-jupiter-api-5.6.2.jar (154 kB at 1.7 MB/s)\n[Unit tests/test]   | [INFO] Downloading from central: https://repo.maven.apache.org/maven2/org/slf4j/slf4j-jdk14/1.7.25/slf4j-jdk14-1.7.25.jar\n[Unit tests/test]   | [INFO] Downloaded from central: https://repo.maven.apache.org/maven2/com/zaxxer/HikariCP/3.4.5/HikariCP-3.4.5.jar (156 kB at 1.7 MB/s)\n[Unit tests/test]   | [INFO] Downloading from central: https://repo.maven.apache.org/maven2/com/google/code/gson/gson/2.8.6/gson-2.8.6.jar\n[Unit tests/test]   | [INFO] Downloaded from central: https://repo.maven.apache.org/maven2/org/slf4j/slf4j-api/1.7.25/slf4j-api-1.7.25.jar (41 kB at 396 kB/s)\n[Unit tests/test]   | [INFO] Downloaded from central: https://repo.maven.apache.org/maven2/com/google/code/gson/gson/2.8.6/gson-2.8.6.jar (240 kB at 1.6 MB/s)\n[Unit tests/test]   | [INFO] Downloaded from central: https://repo.maven.apache.org/maven2/org/hsqldb/hsqldb/2.4.0/hsqldb-2.4.0.jar (1.5 MB at 9.9 MB/s)\n[Unit tests/test]   | [INFO] Downloaded from central: https://repo.maven.apache.org/maven2/org/apache/commons/commons-lang3/3.8.1/commons-lang3-3.8.1.jar (502 kB at 1.9 MB/s)\n[Unit tests/test]   | [INFO] Downloaded from central: https://repo.maven.apache.org/maven2/org/slf4j/slf4j-jdk14/1.7.25/slf4j-jdk14-1.7.25.jar (8.5 kB at 25 kB/s)\n[Unit tests/test]   | [INFO] \n[Unit tests/test]   | [INFO] --- maven-resources-plugin:2.6:resources (default-resources) @ AdvancedBan-Core ---\n[Unit tests/test]   | [INFO] Downloading from central: https://repo.maven.apache.org/maven2/org/apache/maven/maven-plugin-api/2.0.6/maven-plugin-api-2.0.6.pom\n[Unit tests/test]   | [INFO] Downloaded from central: https://repo.maven.apache.org/maven2/org/apache/maven/maven-plugin-api/2.0.6/maven-plugin-api-2.0.6.pom (1.5 kB at 132 kB/s)\n[Unit tests/test]   | [INFO] Downloading from central: https://repo.maven.apache.org/maven2/org/apache/maven/maven/2.0.6/maven-2.0.6.pom\n[Unit tests/test]   | [INFO] Downloaded from central: https://repo.maven.apache.org/maven2/org/apache/maven/maven/2.0.6/maven-2.0.6.pom (9.0 kB at 646 kB/s)\n[Unit tests/test]   | [INFO] Downloading from central: https://repo.maven.apache.org/maven2/org/apache/maven/maven-parent/5/maven-parent-5.pom\n[Unit tests/test]   | [INFO] Downloaded from central: https://repo.maven.apache.org/maven2/org/apache/maven/maven-parent/5/maven-parent-5.pom (15 kB at 1.5 MB/s)\n[Unit tests/test]   | [INFO] Downloading from central: https://repo.maven.apache.org/maven2/org/apache/apache/3/apache-3.pom\n[Unit tests/test]   | [INFO] Downloaded from central: https://repo.maven.apache.org/maven2/org/apache/apache/3/apache-3.pom (3.4 kB at 490 kB/s)\n[Unit tests/test]   | [INFO] Downloading from central: https://repo.maven.apache.org/maven2/org/apache/maven/maven-project/2.0.6/maven-project-2.0.6.pom\n[Unit tests/test]   | [INFO] Downloaded from central: https://repo.maven.apache.org/maven2/org/apache/maven/maven-project/2.0.6/maven-project-2.0.6.pom (2.6 kB at 63 kB/s)\n[Unit tests/test]   | [INFO] Downloading from central: https://repo.maven.apache.org/maven2/org/apache/maven/maven-settings/2.0.6/maven-settings-2.0.6.pom\n[Unit tests/test]   | [INFO] Downloaded from central: https://repo.maven.apache.org/maven2/org/apache/maven/maven-settings/2.0.6/maven-settings-2.0.6.pom (2.0 kB at 154 kB/s)\n[Unit tests/test]   | [INFO] Downloading from central: https://repo.maven.apache.org/maven2/org/apache/maven/maven-model/2.0.6/maven-model-2.0.6.pom\n[Unit tests/test]   | [INFO] Downloaded from central: https://repo.maven.apache.org/maven2/org/apache/maven/maven-model/2.0.6/maven-model-2.0.6.pom (3.0 kB at 305 kB/s)\n[Unit tests/test]   | [INFO] Downloading from central: https://repo.maven.apache.org/maven2/org/codehaus/plexus/plexus-utils/1.4.1/plexus-utils-1.4.1.pom\n[Unit tests/test]   | [INFO] Downloaded from central: https://repo.maven.apache.org/maven2/org/codehaus/plexus/plexus-utils/1.4.1/plexus-utils-1.4.1.pom (1.9 kB at 83 kB/s)\n[Unit tests/test]   | [INFO] Downloading from central: https://repo.maven.apache.org/maven2/org/codehaus/plexus/plexus/1.0.11/plexus-1.0.11.pom\n[Unit tests/test]   | [INFO] Downloaded from central: https://repo.maven.apache.org/maven2/org/codehaus/plexus/plexus/1.0.11/plexus-1.0.11.pom (9.0 kB at 690 kB/s)\n[Unit tests/test]   | [INFO] Downloading from central: https://repo.maven.apache.org/maven2/org/codehaus/plexus/plexus-container-default/1.0-alpha-9-stable-1/plexus-container-default-1.0-alpha-9-stable-1.pom\n[Unit tests/test]   | [INFO] Downloaded from central: https://repo.maven.apache.org/maven2/org/codehaus/plexus/plexus-container-default/1.0-alpha-9-stable-1/plexus-container-default-1.0-alpha-9-stable-1.pom (3.9 kB at 439 kB/s)\n[Unit tests/test]   | [INFO] Downloading from central: https://repo.maven.apache.org/maven2/org/codehaus/plexus/plexus-containers/1.0.3/plexus-containers-1.0.3.pom\n[Unit tests/test]   | [INFO] Downloaded from central: https://repo.maven.apache.org/maven2/org/codehaus/plexus/plexus-containers/1.0.3/plexus-containers-1.0.3.pom (492 B at 62 kB/s)\n[Unit tests/test]   | [INFO] Downloading from central: https://repo.maven.apache.org/maven2/org/codehaus/plexus/plexus/1.0.4/plexus-1.0.4.pom\n[Unit tests/test]   | [INFO] Downloaded from central: https://repo.maven.apache.org/maven2/org/codehaus/plexus/plexus/1.0.4/plexus-1.0.4.pom (5.7 kB at 717 kB/s)\n[Unit tests/test]   | [INFO] Downloading from central: https://repo.maven.apache.org/maven2/junit/junit/3.8.1/junit-3.8.1.pom\n[Unit tests/test]   | [INFO] Downloaded from central: https://repo.maven.apache.org/maven2/junit/junit/3.8.1/junit-3.8.1.pom (998 B at 100 kB/s)\n[Unit tests/test]   | [INFO] Downloading from central: https://repo.maven.apache.org/maven2/org/codehaus/plexus/plexus-utils/1.0.4/plexus-utils-1.0.4.pom\n[Unit tests/test]   | [INFO] Downloaded from central: https://repo.maven.apache.org/maven2/org/codehaus/plexus/plexus-utils/1.0.4/plexus-utils-1.0.4.pom (6.9 kB at 623 kB/s)\n[Unit tests/test]   | [INFO] Downloading from central: https://repo.maven.apache.org/maven2/classworlds/classworlds/1.1-alpha-2/classworlds-1.1-alpha-2.pom\n[Unit tests/test]   | [INFO] Downloaded from central: https://repo.maven.apache.org/maven2/classworlds/classworlds/1.1-alpha-2/classworlds-1.1-alpha-2.pom (3.1 kB at 284 kB/s)\n[Unit tests/test]   | [INFO] Downloading from central: https://repo.maven.apache.org/maven2/org/apache/maven/maven-profile/2.0.6/maven-profile-2.0.6.pom\n[Unit tests/test]   | [INFO] Downloaded from central: https://repo.maven.apache.org/maven2/org/apache/maven/maven-profile/2.0.6/maven-profile-2.0.6.pom (2.0 kB at 248 kB/s)\n[Unit tests/test]   | [INFO] Downloading from central: https://repo.maven.apache.org/maven2/org/apache/maven/maven-artifact-manager/2.0.6/maven-artifact-manager-2.0.6.pom\n[Unit tests/test]   | [INFO] Downloaded from central: https://repo.maven.apache.org/maven2/org/apache/maven/maven-artifact-manager/2.0.6/maven-artifact-manager-2.0.6.pom (2.6 kB at 187 kB/s)\n[Unit tests/test]   | [INFO] Downloading from central: https://repo.maven.apache.org/maven2/org/apache/maven/maven-repository-metadata/2.0.6/maven-repository-metadata-2.0.6.pom\n[Unit tests/test]   | [INFO] Downloaded from central: https://repo.maven.apache.org/maven2/org/apache/maven/maven-repository-metadata/2.0.6/maven-repository-metadata-2.0.6.pom (1.9 kB at 84 kB/s)\n[Unit tests/test]   | [INFO] Downloading from central: https://repo.maven.apache.org/maven2/org/apache/maven/maven-artifact/2.0.6/maven-artifact-2.0.6.pom\n[Unit tests/test]   | [INFO] Downloaded from central: https://repo.maven.apache.org/maven2/org/apache/maven/maven-artifact/2.0.6/maven-artifact-2.0.6.pom (1.6 kB at 75 kB/s)\n[Unit tests/test]   | [INFO] Downloading from central: https://repo.maven.apache.org/maven2/org/apache/maven/maven-plugin-registry/2.0.6/maven-plugin-registry-2.0.6.pom\n[Unit tests/test]   | [INFO] Downloaded from central: https://repo.maven.apache.org/maven2/org/apache/maven/maven-plugin-registry/2.0.6/maven-plugin-registry-2.0.6.pom (1.9 kB at 150 kB/s)\n[Unit tests/test]   | [INFO] Downloading from central: https://repo.maven.apache.org/maven2/org/apache/maven/maven-core/2.0.6/maven-core-2.0.6.pom\n[Unit tests/test]   | [INFO] Downloaded from central: https://repo.maven.apache.org/maven2/org/apache/maven/maven-core/2.0.6/maven-core-2.0.6.pom (6.7 kB at 419 kB/s)\n[Unit tests/test]   | [INFO] Downloading from central: https://repo.maven.apache.org/maven2/org/apache/maven/maven-plugin-parameter-documenter/2.0.6/maven-plugin-parameter-documenter-2.0.6.pom\n[Unit tests/test]   | [INFO] Downloaded from central: https://repo.maven.apache.org/maven2/org/apache/maven/maven-plugin-parameter-documenter/2.0.6/maven-plugin-parameter-documenter-2.0.6.pom (1.9 kB at 147 kB/s)\n[Unit tests/test]   | [INFO] Downloading from central: https://repo.maven.apache.org/maven2/org/apache/maven/reporting/maven-reporting-api/2.0.6/maven-reporting-api-2.0.6.pom\n[Unit tests/test]   | [INFO] Downloaded from central: https://repo.maven.apache.org/maven2/org/apache/maven/reporting/maven-reporting-api/2.0.6/maven-reporting-api-2.0.6.pom (1.8 kB at 97 kB/s)\n[Unit tests/test]   | [INFO] Downloading from central: https://repo.maven.apache.org/maven2/org/apache/maven/reporting/maven-reporting/2.0.6/maven-reporting-2.0.6.pom\n[Unit tests/test]   | [INFO] Downloaded from central: https://repo.maven.apache.org/maven2/org/apache/maven/reporting/maven-reporting/2.0.6/maven-reporting-2.0.6.pom (1.4 kB at 144 kB/s)\n[Unit tests/test]   | [INFO] Downloading from central: https://repo.maven.apache.org/maven2/org/apache/maven/doxia/doxia-sink-api/1.0-alpha-7/doxia-sink-api-1.0-alpha-7.pom\n[Unit tests/test]   | [INFO] Downloaded from central: https://repo.maven.apache.org/maven2/org/apache/maven/doxia/doxia-sink-api/1.0-alpha-7/doxia-sink-api-1.0-alpha-7.pom (424 B at 39 kB/s)\n[Unit tests/test]   | [INFO] Downloading from central: https://repo.maven.apache.org/maven2/org/apache/maven/doxia/doxia/1.0-alpha-7/doxia-1.0-alpha-7.pom\n[Unit tests/test]   | [INFO] Downloaded from central: https://repo.maven.apache.org/maven2/org/apache/maven/doxia/doxia/1.0-alpha-7/doxia-1.0-alpha-7.pom (3.9 kB at 356 kB/s)\n[Unit tests/test]   | [INFO] Downloading from central: https://repo.maven.apache.org/maven2/org/apache/maven/maven-error-diagnostics/2.0.6/maven-error-diagnostics-2.0.6.pom\n[Unit tests/test]   | [INFO] Downloaded from central: https://repo.maven.apache.org/maven2/org/apache/maven/maven-error-diagnostics/2.0.6/maven-error-diagnostics-2.0.6.pom (1.7 kB at 170 kB/s)\n[Unit tests/test]   | [INFO] Downloading from central: https://repo.maven.apache.org/maven2/commons-cli/commons-cli/1.0/commons-cli-1.0.pom\n[Unit tests/test]   | [INFO] Downloaded from central: https://repo.maven.apache.org/maven2/commons-cli/commons-cli/1.0/commons-cli-1.0.pom (2.1 kB at 150 kB/s)\n[Unit tests/test]   | [INFO] Downloading from central: https://repo.maven.apache.org/maven2/org/apache/maven/maven-plugin-descriptor/2.0.6/maven-plugin-descriptor-2.0.6.pom\n[Unit tests/test]   | [INFO] Downloaded from central: https://repo.maven.apache.org/maven2/org/apache/maven/maven-plugin-descriptor/2.0.6/maven-plugin-descriptor-2.0.6.pom (2.0 kB at 144 kB/s)\n[Unit tests/test]   | [INFO] Downloading from central: https://repo.maven.apache.org/maven2/org/codehaus/plexus/plexus-interactivity-api/1.0-alpha-4/plexus-interactivity-api-1.0-alpha-4.pom\n[Unit tests/test]   | [INFO] Downloaded from central: https://repo.maven.apache.org/maven2/org/codehaus/plexus/plexus-interactivity-api/1.0-alpha-4/plexus-interactivity-api-1.0-alpha-4.pom (7.1 kB at 253 kB/s)\n[Unit tests/test]   | [INFO] Downloading from central: https://repo.maven.apache.org/maven2/org/apache/maven/maven-monitor/2.0.6/maven-monitor-2.0.6.pom\n[Unit tests/test]   | [INFO] Downloaded from central: https://repo.maven.apache.org/maven2/org/apache/maven/maven-monitor/2.0.6/maven-monitor-2.0.6.pom (1.3 kB at 90 kB/s)\n[Unit tests/test]   | [INFO] Downloading from central: https://repo.maven.apache.org/maven2/classworlds/classworlds/1.1/classworlds-1.1.pom\n[Unit tests/test]   | [INFO] Downloaded from central: https://repo.maven.apache.org/maven2/classworlds/classworlds/1.1/classworlds-1.1.pom (3.3 kB at 196 kB/s)\n[Unit tests/test]   | [INFO] Downloading from central: https://repo.maven.apache.org/maven2/org/codehaus/plexus/plexus-utils/2.0.5/plexus-utils-2.0.5.pom\n[Unit tests/test]   | [INFO] Downloaded from central: https://repo.maven.apache.org/maven2/org/codehaus/plexus/plexus-utils/2.0.5/plexus-utils-2.0.5.pom (3.3 kB at 278 kB/s)\n[Unit tests/test]   | [INFO] Downloading from central: https://repo.maven.apache.org/maven2/org/codehaus/plexus/plexus/2.0.6/plexus-2.0.6.pom\n[Unit tests/test]   | [INFO] Downloaded from central: https://repo.maven.apache.org/maven2/org/codehaus/plexus/plexus/2.0.6/plexus-2.0.6.pom (17 kB at 1.3 MB/s)\n[Unit tests/test]   | [INFO] Downloading from central: https://repo.maven.apache.org/maven2/org/apache/maven/shared/maven-filtering/1.1/maven-filtering-1.1.pom\n[Unit tests/test]   | [INFO] Downloaded from central: https://repo.maven.apache.org/maven2/org/apache/maven/shared/maven-filtering/1.1/maven-filtering-1.1.pom (5.8 kB at 724 kB/s)\n[Unit tests/test]   | [INFO] Downloading from central: https://repo.maven.apache.org/maven2/org/apache/maven/shared/maven-shared-components/17/maven-shared-components-17.pom\n[Unit tests/test]   | [INFO] Downloaded from central: https://repo.maven.apache.org/maven2/org/apache/maven/shared/maven-shared-components/17/maven-shared-components-17.pom (8.7 kB at 256 kB/s)\n[Unit tests/test]   | [INFO] Downloading from central: https://repo.maven.apache.org/maven2/org/apache/maven/maven-parent/21/maven-parent-21.pom\n[Unit tests/test]   | [INFO] Downloaded from central: https://repo.maven.apache.org/maven2/org/apache/maven/maven-parent/21/maven-parent-21.pom (26 kB at 1.0 MB/s)\n[Unit tests/test]   | [INFO] Downloading from central: https://repo.maven.apache.org/maven2/org/apache/apache/10/apache-10.pom\n[Unit tests/test]   | [INFO] Downloaded from central: https://repo.maven.apache.org/maven2/org/apache/apache/10/apache-10.pom (15 kB at 925 kB/s)\n[Unit tests/test]   | [INFO] Downloading from central: https://repo.maven.apache.org/maven2/org/codehaus/plexus/plexus-utils/1.5.15/plexus-utils-1.5.15.pom\n[Unit tests/test]   | [INFO] Downloaded from central: https://repo.maven.apache.org/maven2/org/codehaus/plexus/plexus-utils/1.5.15/plexus-utils-1.5.15.pom (6.8 kB at 380 kB/s)\n[Unit tests/test]   | [INFO] Downloading from central: https://repo.maven.apache.org/maven2/org/codehaus/plexus/plexus/2.0.2/plexus-2.0.2.pom\n[Unit tests/test]   | [INFO] Downloaded from central: https://repo.maven.apache.org/maven2/org/codehaus/plexus/plexus/2.0.2/plexus-2.0.2.pom (12 kB at 1.1 MB/s)\n[Unit tests/test]   | [INFO] Downloading from central: https://repo.maven.apache.org/maven2/org/codehaus/plexus/plexus-interpolation/1.12/plexus-interpolation-1.12.pom\n[Unit tests/test]   | [INFO] Downloaded from central: https://repo.maven.apache.org/maven2/org/codehaus/plexus/plexus-interpolation/1.12/plexus-interpolation-1.12.pom (889 B at 127 kB/s)\n[Unit tests/test]   | [INFO] Downloading from central: https://repo.maven.apache.org/maven2/org/codehaus/plexus/plexus-components/1.1.14/plexus-components-1.1.14.pom\n[Unit tests/test]   | [INFO] Downloaded from central: https://repo.maven.apache.org/maven2/org/codehaus/plexus/plexus-components/1.1.14/plexus-components-1.1.14.pom (5.8 kB at 158 kB/s)\n[Unit tests/test]   | [INFO] Downloading from central: https://repo.maven.apache.org/maven2/org/sonatype/plexus/plexus-build-api/0.0.4/plexus-build-api-0.0.4.pom\n[Unit tests/test]   | [INFO] Downloaded from central: https://repo.maven.apache.org/maven2/org/sonatype/plexus/plexus-build-api/0.0.4/plexus-build-api-0.0.4.pom (2.9 kB at 191 kB/s)\n[Unit tests/test]   | [INFO] Downloading from central: https://repo.maven.apache.org/maven2/org/sonatype/spice/spice-parent/10/spice-parent-10.pom\n[Unit tests/test]   | [INFO] Downloaded from central: https://repo.maven.apache.org/maven2/org/sonatype/spice/spice-parent/10/spice-parent-10.pom (3.0 kB at 232 kB/s)\n[Unit tests/test]   | [INFO] Downloading from central: https://repo.maven.apache.org/maven2/org/sonatype/forge/forge-parent/3/forge-parent-3.pom\n[Unit tests/test]   | [INFO] Downloaded from central: https://repo.maven.apache.org/maven2/org/sonatype/forge/forge-parent/3/forge-parent-3.pom (5.0 kB at 419 kB/s)\n[Unit tests/test]   | [INFO] Downloading from central: https://repo.maven.apache.org/maven2/org/codehaus/plexus/plexus-utils/1.5.8/plexus-utils-1.5.8.pom\n[Unit tests/test]   | [INFO] Downloaded from central: https://repo.maven.apache.org/maven2/org/codehaus/plexus/plexus-utils/1.5.8/plexus-utils-1.5.8.pom (8.1 kB at 806 kB/s)\n[Unit tests/test]   | [INFO] Downloading from central: https://repo.maven.apache.org/maven2/org/codehaus/plexus/plexus-interpolation/1.13/plexus-interpolation-1.13.pom\n[Unit tests/test]   | [INFO] Downloaded from central: https://repo.maven.apache.org/maven2/org/codehaus/plexus/plexus-interpolation/1.13/plexus-interpolation-1.13.pom (890 B at 52 kB/s)\n[Unit tests/test]   | [INFO] Downloading from central: https://repo.maven.apache.org/maven2/org/codehaus/plexus/plexus-components/1.1.15/plexus-components-1.1.15.pom\n[Unit tests/test]   | [INFO] Downloaded from central: https://repo.maven.apache.org/maven2/org/codehaus/plexus/plexus-components/1.1.15/plexus-components-1.1.15.pom (2.8 kB at 237 kB/s)\n[Unit tests/test]   | [INFO] Downloading from central: https://repo.maven.apache.org/maven2/org/codehaus/plexus/plexus/2.0.3/plexus-2.0.3.pom\n[Unit tests/test]   | [INFO] Downloaded from central: https://repo.maven.apache.org/maven2/org/codehaus/plexus/plexus/2.0.3/plexus-2.0.3.pom (15 kB at 1.1 MB/s)\n[Unit tests/test]   | [INFO] Downloading from central: https://repo.maven.apache.org/maven2/org/apache/maven/maven-plugin-api/2.0.6/maven-plugin-api-2.0.6.jar\n[Unit tests/test]   | [INFO] Downloading from central: https://repo.maven.apache.org/maven2/org/apache/maven/maven-project/2.0.6/maven-project-2.0.6.jar\n[Unit tests/test]   | [INFO] Downloading from central: https://repo.maven.apache.org/maven2/org/apache/maven/maven-profile/2.0.6/maven-profile-2.0.6.jar\n[Unit tests/test]   | [INFO] Downloading from central: https://repo.maven.apache.org/maven2/org/apache/maven/maven-artifact-manager/2.0.6/maven-artifact-manager-2.0.6.jar\n[Unit tests/test]   | [INFO] Downloading from central: https://repo.maven.apache.org/maven2/org/apache/maven/maven-plugin-registry/2.0.6/maven-plugin-registry-2.0.6.jar\n[Unit tests/test]   | [INFO] Downloaded from central: https://repo.maven.apache.org/maven2/org/apache/maven/maven-plugin-api/2.0.6/maven-plugin-api-2.0.6.jar (13 kB at 677 kB/s)\n[Unit tests/test]   | [INFO] Downloading from central: https://repo.maven.apache.org/maven2/org/apache/maven/maven-core/2.0.6/maven-core-2.0.6.jar\n[Unit tests/test]   | [INFO] Downloaded from central: https://repo.maven.apache.org/maven2/org/apache/maven/maven-plugin-registry/2.0.6/maven-plugin-registry-2.0.6.jar (29 kB at 1.2 MB/s)\n[Unit tests/test]   | [INFO] Downloading from central: https://repo.maven.apache.org/maven2/org/apache/maven/maven-plugin-parameter-documenter/2.0.6/maven-plugin-parameter-documenter-2.0.6.jar\n[Unit tests/test]   | [INFO] Downloaded from central: https://repo.maven.apache.org/maven2/org/apache/maven/maven-profile/2.0.6/maven-profile-2.0.6.jar (35 kB at 1.4 MB/s)\n[Unit tests/test]   | [INFO] Downloading from central: https://repo.maven.apache.org/maven2/org/apache/maven/reporting/maven-reporting-api/2.0.6/maven-reporting-api-2.0.6.jar\n[Unit tests/test]   | [INFO] Downloaded from central: https://repo.maven.apache.org/maven2/org/apache/maven/maven-artifact-manager/2.0.6/maven-artifact-manager-2.0.6.jar (57 kB at 1.4 MB/s)\n[Unit tests/test]   | [INFO] Downloading from central: https://repo.maven.apache.org/maven2/org/apache/maven/doxia/doxia-sink-api/1.0-alpha-7/doxia-sink-api-1.0-alpha-7.jar\n[Unit tests/test]   | [INFO] Downloaded from central: https://repo.maven.apache.org/maven2/org/apache/maven/maven-project/2.0.6/maven-project-2.0.6.jar (116 kB at 2.6 MB/s)\n[Unit tests/test]   | [INFO] Downloading from central: https://repo.maven.apache.org/maven2/org/apache/maven/maven-repository-metadata/2.0.6/maven-repository-metadata-2.0.6.jar\n[Unit tests/test]   | [INFO] Downloaded from central: https://repo.maven.apache.org/maven2/org/apache/maven/maven-repository-metadata/2.0.6/maven-repository-metadata-2.0.6.jar (24 kB at 377 kB/s)\n[Unit tests/test]   | [INFO] Downloading from central: https://repo.maven.apache.org/maven2/org/apache/maven/maven-error-diagnostics/2.0.6/maven-error-diagnostics-2.0.6.jar\n[Unit tests/test]   | [INFO] Downloaded from central: https://repo.maven.apache.org/maven2/org/apache/maven/doxia/doxia-sink-api/1.0-alpha-7/doxia-sink-api-1.0-alpha-7.jar (5.9 kB at 89 kB/s)\n[Unit tests/test]   | [INFO] Downloading from central: https://repo.maven.apache.org/maven2/commons-cli/commons-cli/1.0/commons-cli-1.0.jar\n[Unit tests/test]   | [INFO] Downloaded from central: https://repo.maven.apache.org/maven2/org/apache/maven/maven-plugin-parameter-documenter/2.0.6/maven-plugin-parameter-documenter-2.0.6.jar (21 kB at 273 kB/s)\n[Unit tests/test]   | [INFO] Downloading from central: https://repo.maven.apache.org/maven2/org/apache/maven/maven-plugin-descriptor/2.0.6/maven-plugin-descriptor-2.0.6.jar\n[Unit tests/test]   | [INFO] Downloaded from central: https://repo.maven.apache.org/maven2/org/apache/maven/maven-error-diagnostics/2.0.6/maven-error-diagnostics-2.0.6.jar (14 kB at 155 kB/s)\n[Unit tests/test]   | [INFO] Downloading from central: https://repo.maven.apache.org/maven2/org/codehaus/plexus/plexus-interactivity-api/1.0-alpha-4/plexus-interactivity-api-1.0-alpha-4.jar\n[Unit tests/test]   | [INFO] Downloaded from central: https://repo.maven.apache.org/maven2/commons-cli/commons-cli/1.0/commons-cli-1.0.jar (30 kB at 284 kB/s)\n[Unit tests/test]   | [INFO] Downloading from central: https://repo.maven.apache.org/maven2/classworlds/classworlds/1.1/classworlds-1.1.jar\n[Unit tests/test]   | [INFO] Downloaded from central: https://repo.maven.apache.org/maven2/org/codehaus/plexus/plexus-interactivity-api/1.0-alpha-4/plexus-interactivity-api-1.0-alpha-4.jar (13 kB at 116 kB/s)\n[Unit tests/test]   | [INFO] Downloading from central: https://repo.maven.apache.org/maven2/org/apache/maven/maven-artifact/2.0.6/maven-artifact-2.0.6.jar\n[Unit tests/test]   | [INFO] Downloaded from central: https://repo.maven.apache.org/maven2/org/apache/maven/maven-plugin-descriptor/2.0.6/maven-plugin-descriptor-2.0.6.jar (37 kB at 302 kB/s)\n[Unit tests/test]   | [INFO] Downloading from central: https://repo.maven.apache.org/maven2/org/apache/maven/maven-settings/2.0.6/maven-settings-2.0.6.jar\n[Unit tests/test]   | [INFO] Downloaded from central: https://repo.maven.apache.org/maven2/classworlds/classworlds/1.1/classworlds-1.1.jar (38 kB at 305 kB/s)\n[Unit tests/test]   | [INFO] Downloading from central: https://repo.maven.apache.org/maven2/org/apache/maven/maven-model/2.0.6/maven-model-2.0.6.jar\n[Unit tests/test]   | [INFO] Downloaded from central: https://repo.maven.apache.org/maven2/org/apache/maven/maven-artifact/2.0.6/maven-artifact-2.0.6.jar (87 kB at 677 kB/s)\n[Unit tests/test]   | [INFO] Downloading from central: https://repo.maven.apache.org/maven2/org/apache/maven/maven-monitor/2.0.6/maven-monitor-2.0.6.jar\n[Unit tests/test]   | [INFO] Downloaded from central: https://repo.maven.apache.org/maven2/org/apache/maven/maven-settings/2.0.6/maven-settings-2.0.6.jar (49 kB at 364 kB/s)\n[Unit tests/test]   | [INFO] Downloading from central: https://repo.maven.apache.org/maven2/org/codehaus/plexus/plexus-container-default/1.0-alpha-9-stable-1/plexus-container-default-1.0-alpha-9-stable-1.jar\n[Unit tests/test]   | [INFO] Downloaded from central: https://repo.maven.apache.org/maven2/org/apache/maven/maven-monitor/2.0.6/maven-monitor-2.0.6.jar (10 kB at 75 kB/s)\n[Unit tests/test]   | [INFO] Downloading from central: https://repo.maven.apache.org/maven2/junit/junit/3.8.1/junit-3.8.1.jar\n[Unit tests/test]   | [INFO] Downloaded from central: https://repo.maven.apache.org/maven2/org/apache/maven/maven-model/2.0.6/maven-model-2.0.6.jar (86 kB at 631 kB/s)\n[Unit tests/test]   | [INFO] Downloading from central: https://repo.maven.apache.org/maven2/org/codehaus/plexus/plexus-utils/2.0.5/plexus-utils-2.0.5.jar\n[Unit tests/test]   | [INFO] Downloaded from central: https://repo.maven.apache.org/maven2/junit/junit/3.8.1/junit-3.8.1.jar (121 kB at 647 kB/s)\n[Unit tests/test]   | [INFO] Downloaded from central: https://repo.maven.apache.org/maven2/org/codehaus/plexus/plexus-utils/2.0.5/plexus-utils-2.0.5.jar (223 kB at 1.2 MB/s)\n[Unit tests/test]   | [INFO] Downloaded from central: https://repo.maven.apache.org/maven2/org/codehaus/plexus/plexus-container-default/1.0-alpha-9-stable-1/plexus-container-default-1.0-alpha-9-stable-1.jar (194 kB at 1.0 MB/s)\n[Unit tests/test]   | [INFO] Downloading from central: https://repo.maven.apache.org/maven2/org/apache/maven/shared/maven-filtering/1.1/maven-filtering-1.1.jar\n[Unit tests/test]   | [INFO] Downloading from central: https://repo.maven.apache.org/maven2/org/sonatype/plexus/plexus-build-api/0.0.4/plexus-build-api-0.0.4.jar\n[Unit tests/test]   | [INFO] Downloading from central: https://repo.maven.apache.org/maven2/org/codehaus/plexus/plexus-interpolation/1.13/plexus-interpolation-1.13.jar\n[Unit tests/test]   | [INFO] Downloaded from central: https://repo.maven.apache.org/maven2/org/apache/maven/shared/maven-filtering/1.1/maven-filtering-1.1.jar (43 kB at 214 kB/s)\n[Unit tests/test]   | [INFO] Downloaded from central: https://repo.maven.apache.org/maven2/org/sonatype/plexus/plexus-build-api/0.0.4/plexus-build-api-0.0.4.jar (6.8 kB at 34 kB/s)\n[Unit tests/test]   | [INFO] Downloaded from central: https://repo.maven.apache.org/maven2/org/codehaus/plexus/plexus-interpolation/1.13/plexus-interpolation-1.13.jar (61 kB at 304 kB/s)\n[Unit tests/test]   | [INFO] Downloaded from central: https://repo.maven.apache.org/maven2/org/apache/maven/maven-core/2.0.6/maven-core-2.0.6.jar (152 kB at 585 kB/s)\n[Unit tests/test]   | [INFO] Downloaded from central: https://repo.maven.apache.org/maven2/org/apache/maven/reporting/maven-reporting-api/2.0.6/maven-reporting-api-2.0.6.jar (9.9 kB at 38 kB/s)\n[Unit tests/test]   | [INFO] Using 'UTF-8' encoding to copy filtered resources.\n[Unit tests/test]   | [INFO] Copying 4 resources\n[Unit tests/test]   | [INFO] \n[Unit tests/test]   | [INFO] --- maven-compiler-plugin:3.5.1:compile (default-compile) @ AdvancedBan-Core ---\n[Unit tests/test]   | [INFO] Downloading from central: https://repo.maven.apache.org/maven2/org/apache/maven/maven-plugin-api/3.0/maven-plugin-api-3.0.pom\n[Unit tests/test]   | [INFO] Downloaded from central: https://repo.maven.apache.org/maven2/org/apache/maven/maven-plugin-api/3.0/maven-plugin-api-3.0.pom (2.3 kB at 327 kB/s)\n[Unit tests/test]   | [INFO] Downloading from central: https://repo.maven.apache.org/maven2/org/apache/maven/maven/3.0/maven-3.0.pom\n[Unit tests/test]   | [INFO] Downloaded from central: https://repo.maven.apache.org/maven2/org/apache/maven/maven/3.0/maven-3.0.pom (22 kB at 1.0 MB/s)\n[Unit tests/test]   | [INFO] Downloading from central: https://repo.maven.apache.org/maven2/org/apache/maven/maven-parent/15/maven-parent-15.pom\n[Unit tests/test]   | [INFO] Downloaded from central: https://repo.maven.apache.org/maven2/org/apache/maven/maven-parent/15/maven-parent-15.pom (24 kB at 2.0 MB/s)\n[Unit tests/test]   | [INFO] Downloading from central: https://repo.maven.apache.org/maven2/org/apache/apache/6/apache-6.pom\n[Unit tests/test]   | [INFO] Downloaded from central: https://repo.maven.apache.org/maven2/org/apache/apache/6/apache-6.pom (13 kB at 984 kB/s)\n[Unit tests/test]   | [INFO] Downloading from central: https://repo.maven.apache.org/maven2/org/apache/maven/maven-model/3.0/maven-model-3.0.pom\n[Unit tests/test]   | [INFO] Downloaded from central: https://repo.maven.apache.org/maven2/org/apache/maven/maven-model/3.0/maven-model-3.0.pom (3.9 kB at 556 kB/s)\n[Unit tests/test]   | [INFO] Downloading from central: https://repo.maven.apache.org/maven2/org/codehaus/plexus/plexus-utils/2.0.4/plexus-utils-2.0.4.pom\n[Unit tests/test]   | [INFO] Downloaded from central: https://repo.maven.apache.org/maven2/org/codehaus/plexus/plexus-utils/2.0.4/plexus-utils-2.0.4.pom (3.3 kB at 476 kB/s)\n[Unit tests/test]   | [INFO] Downloading from central: https://repo.maven.apache.org/maven2/org/apache/maven/maven-artifact/3.0/maven-artifact-3.0.pom\n[Unit tests/test]   | [INFO] Downloaded from central: https://repo.maven.apache.org/maven2/org/apache/maven/maven-artifact/3.0/maven-artifact-3.0.pom (1.9 kB at 175 kB/s)\n[Unit tests/test]   | [INFO] Downloading from central: https://repo.maven.apache.org/maven2/org/sonatype/sisu/sisu-inject-plexus/1.4.2/sisu-inject-plexus-1.4.2.pom\n[Unit tests/test]   | [INFO] Downloaded from central: https://repo.maven.apache.org/maven2/org/sonatype/sisu/sisu-inject-plexus/1.4.2/sisu-inject-plexus-1.4.2.pom (5.4 kB at 298 kB/s)\n[Unit tests/test]   | [INFO] Downloading from central: https://repo.maven.apache.org/maven2/org/sonatype/sisu/inject/guice-plexus/1.4.2/guice-plexus-1.4.2.pom\n[Unit tests/test]   | [INFO] Downloaded from central: https://repo.maven.apache.org/maven2/org/sonatype/sisu/inject/guice-plexus/1.4.2/guice-plexus-1.4.2.pom (3.1 kB at 209 kB/s)\n[Unit tests/test]   | [INFO] Downloading from central: https://repo.maven.apache.org/maven2/org/sonatype/sisu/inject/guice-bean/1.4.2/guice-bean-1.4.2.pom\n[Unit tests/test]   | [INFO] Downloaded from central: https://repo.maven.apache.org/maven2/org/sonatype/sisu/inject/guice-bean/1.4.2/guice-bean-1.4.2.pom (2.6 kB at 326 kB/s)\n[Unit tests/test]   | [INFO] Downloading from central: https://repo.maven.apache.org/maven2/org/sonatype/sisu/sisu-inject/1.4.2/sisu-inject-1.4.2.pom\n[Unit tests/test]   | [INFO] Downloaded from central: https://repo.maven.apache.org/maven2/org/sonatype/sisu/sisu-inject/1.4.2/sisu-inject-1.4.2.pom (1.2 kB at 208 kB/s)\n[Unit tests/test]   | [INFO] Downloading from central: https://repo.maven.apache.org/maven2/org/sonatype/sisu/sisu-parent/1.4.2/sisu-parent-1.4.2.pom\n[Unit tests/test]   | [INFO] Downloaded from central: https://repo.maven.apache.org/maven2/org/sonatype/sisu/sisu-parent/1.4.2/sisu-parent-1.4.2.pom (7.8 kB at 707 kB/s)\n[Unit tests/test]   | [INFO] Downloading from central: https://repo.maven.apache.org/maven2/org/sonatype/forge/forge-parent/6/forge-parent-6.pom\n[Unit tests/test]   | [INFO] Downloaded from central: https://repo.maven.apache.org/maven2/org/sonatype/forge/forge-parent/6/forge-parent-6.pom (11 kB at 1.8 MB/s)\n[Unit tests/test]   | [INFO] Downloading from central: https://repo.maven.apache.org/maven2/org/codehaus/plexus/plexus-component-annotations/1.5.5/plexus-component-annotations-1.5.5.pom\n[Unit tests/test]   | [INFO] Downloaded from central: https://repo.maven.apache.org/maven2/org/codehaus/plexus/plexus-component-annotations/1.5.5/plexus-component-annotations-1.5.5.pom (815 B at 163 kB/s)\n[Unit tests/test]   | [INFO] Downloading from central: https://repo.maven.apache.org/maven2/org/codehaus/plexus/plexus-containers/1.5.5/plexus-containers-1.5.5.pom\n[Unit tests/test]   | [INFO] Downloaded from central: https://repo.maven.apache.org/maven2/org/codehaus/plexus/plexus-containers/1.5.5/plexus-containers-1.5.5.pom (4.2 kB at 424 kB/s)\n[Unit tests/test]   | [INFO] Downloading from central: https://repo.maven.apache.org/maven2/org/codehaus/plexus/plexus/2.0.7/plexus-2.0.7.pom\n[Unit tests/test]   | [INFO] Downloaded from central: https://repo.maven.apache.org/maven2/org/codehaus/plexus/plexus/2.0.7/plexus-2.0.7.pom (17 kB at 3.5 MB/s)\n[Unit tests/test]   | [INFO] Downloading from central: https://repo.maven.apache.org/maven2/org/codehaus/plexus/plexus-classworlds/2.2.3/plexus-classworlds-2.2.3.pom\n[Unit tests/test]   | [INFO] Downloaded from central: https://repo.maven.apache.org/maven2/org/codehaus/plexus/plexus-classworlds/2.2.3/plexus-classworlds-2.2.3.pom (4.0 kB at 666 kB/s)\n[Unit tests/test]   | [INFO] Downloading from central: https://repo.maven.apache.org/maven2/org/sonatype/sisu/sisu-inject-bean/1.4.2/sisu-inject-bean-1.4.2.pom\n[Unit tests/test]   | [INFO] Downloaded from central: https://repo.maven.apache.org/maven2/org/sonatype/sisu/sisu-inject-bean/1.4.2/sisu-inject-bean-1.4.2.pom (5.5 kB at 910 kB/s)\n[Unit tests/test]   | [INFO] Downloading from central: https://repo.maven.apache.org/maven2/org/sonatype/sisu/sisu-guice/2.1.7/sisu-guice-2.1.7.pom\n[Unit tests/test]   | [INFO] Downloaded from central: https://repo.maven.apache.org/maven2/org/sonatype/sisu/sisu-guice/2.1.7/sisu-guice-2.1.7.pom (11 kB at 235 kB/s)\n[Unit tests/test]   | [INFO] Downloading from central: https://repo.maven.apache.org/maven2/org/apache/maven/maven-core/3.0/maven-core-3.0.pom\n[Unit tests/test]   | [INFO] Downloaded from central: https://repo.maven.apache.org/maven2/org/apache/maven/maven-core/3.0/maven-core-3.0.pom (6.6 kB at 603 kB/s)\n[Unit tests/test]   | [INFO] Downloading from central: https://repo.maven.apache.org/maven2/org/apache/maven/maven-settings/3.0/maven-settings-3.0.pom\n[Unit tests/test]   | [INFO] Downloaded from central: https://repo.maven.apache.org/maven2/org/apache/maven/maven-settings/3.0/maven-settings-3.0.pom (1.9 kB at 61 kB/s)\n[Unit tests/test]   | [INFO] Downloading from central: https://repo.maven.apache.org/maven2/org/apache/maven/maven-settings-builder/3.0/maven-settings-builder-3.0.pom\n[Unit tests/test]   | [INFO] Downloaded from central: https://repo.maven.apache.org/maven2/org/apache/maven/maven-settings-builder/3.0/maven-settings-builder-3.0.pom (2.2 kB at 159 kB/s)\n[Unit tests/test]   | [INFO] Downloading from central: https://repo.maven.apache.org/maven2/org/codehaus/plexus/plexus-interpolation/1.14/plexus-interpolation-1.14.pom\n[Unit tests/test]   | [INFO] Downloaded from central: https://repo.maven.apache.org/maven2/org/codehaus/plexus/plexus-interpolation/1.14/plexus-interpolation-1.14.pom (910 B at 24 kB/s)\n[Unit tests/test]   | [INFO] Downloading from central: https://repo.maven.apache.org/maven2/org/codehaus/plexus/plexus-components/1.1.18/plexus-components-1.1.18.pom\n[Unit tests/test]   | [INFO] Downloaded from central: https://repo.maven.apache.org/maven2/org/codehaus/plexus/plexus-components/1.1.18/plexus-components-1.1.18.pom (5.4 kB at 892 kB/s)\n[Unit tests/test]   | [INFO] Downloading from central: https://repo.maven.apache.org/maven2/org/sonatype/plexus/plexus-sec-dispatcher/1.3/plexus-sec-dispatcher-1.3.pom\n[Unit tests/test]   | [INFO] Downloaded from central: https://repo.maven.apache.org/maven2/org/sonatype/plexus/plexus-sec-dispatcher/1.3/plexus-sec-dispatcher-1.3.pom (3.0 kB at 99 kB/s)\n[Unit tests/test]   | [INFO] Downloading from central: https://repo.maven.apache.org/maven2/org/sonatype/spice/spice-parent/12/spice-parent-12.pom\n[Unit tests/test]   | [INFO] Downloaded from central: https://repo.maven.apache.org/maven2/org/sonatype/spice/spice-parent/12/spice-parent-12.pom (6.8 kB at 680 kB/s)\n[Unit tests/test]   | [INFO] Downloading from central: https://repo.maven.apache.org/maven2/org/sonatype/forge/forge-parent/4/forge-parent-4.pom\n[Unit tests/test]   | [INFO] Downloaded from central: https://repo.maven.apache.org/maven2/org/sonatype/forge/forge-parent/4/forge-parent-4.pom (8.4 kB at 933 kB/s)\n[Unit tests/test]   | [INFO] Downloading from central: https://repo.maven.apache.org/maven2/org/codehaus/plexus/plexus-utils/1.5.5/plexus-utils-1.5.5.pom\n[Unit tests/test]   | [INFO] Downloaded from central: https://repo.maven.apache.org/maven2/org/codehaus/plexus/plexus-utils/1.5.5/plexus-utils-1.5.5.pom (5.1 kB at 303 kB/s)\n[Unit tests/test]   | [INFO] Downloading from central: https://repo.maven.apache.org/maven2/org/sonatype/plexus/plexus-cipher/1.4/plexus-cipher-1.4.pom\n[Unit tests/test]   | [INFO] Downloaded from central: https://repo.maven.apache.org/maven2/org/sonatype/plexus/plexus-cipher/1.4/plexus-cipher-1.4.pom (2.1 kB at 295 kB/s)\n[Unit tests/test]   | [INFO] Downloading from central: https://repo.maven.apache.org/maven2/org/apache/maven/maven-repository-metadata/3.0/maven-repository-metadata-3.0.pom\n[Unit tests/test]   | [INFO] Downloaded from central: https://repo.maven.apache.org/maven2/org/apache/maven/maven-repository-metadata/3.0/maven-repository-metadata-3.0.pom (1.9 kB at 386 kB/s)\n[Unit tests/test]   | [INFO] Downloading from central: https://repo.maven.apache.org/maven2/org/apache/maven/maven-model-builder/3.0/maven-model-builder-3.0.pom\n[Unit tests/test]   | [INFO] Downloaded from central: https://repo.maven.apache.org/maven2/org/apache/maven/maven-model-builder/3.0/maven-model-builder-3.0.pom (2.2 kB at 374 kB/s)\n[Unit tests/test]   | [INFO] Downloading from central: https://repo.maven.apache.org/maven2/org/apache/maven/maven-aether-provider/3.0/maven-aether-provider-3.0.pom\n[Unit tests/test]   | [INFO] Downloaded from central: https://repo.maven.apache.org/maven2/org/apache/maven/maven-aether-provider/3.0/maven-aether-provider-3.0.pom (2.5 kB at 412 kB/s)\n[Unit tests/test]   | [INFO] Downloading from central: https://repo.maven.apache.org/maven2/org/sonatype/aether/aether-api/1.7/aether-api-1.7.pom\n[Unit tests/test]   | [INFO] Downloaded from central: https://repo.maven.apache.org/maven2/org/sonatype/aether/aether-api/1.7/aether-api-1.7.pom (1.7 kB at 239 kB/s)\n[Unit tests/test]   | [INFO] Downloading from central: https://repo.maven.apache.org/maven2/org/sonatype/aether/aether-parent/1.7/aether-parent-1.7.pom\n[Unit tests/test]   | [INFO] Downloaded from central: https://repo.maven.apache.org/maven2/org/sonatype/aether/aether-parent/1.7/aether-parent-1.7.pom (7.7 kB at 1.3 MB/s)\n[Unit tests/test]   | [INFO] Downloading from central: https://repo.maven.apache.org/maven2/org/sonatype/aether/aether-util/1.7/aether-util-1.7.pom\n[Unit tests/test]   | [INFO] Downloaded from central: https://repo.maven.apache.org/maven2/org/sonatype/aether/aether-util/1.7/aether-util-1.7.pom (2.1 kB at 71 kB/s)\n[Unit tests/test]   | [INFO] Downloading from central: https://repo.maven.apache.org/maven2/org/sonatype/aether/aether-impl/1.7/aether-impl-1.7.pom\n[Unit tests/test]   | [INFO] Downloaded from central: https://repo.maven.apache.org/maven2/org/sonatype/aether/aether-impl/1.7/aether-impl-1.7.pom (3.7 kB at 616 kB/s)\n[Unit tests/test]   | [INFO] Downloading from central: https://repo.maven.apache.org/maven2/org/sonatype/aether/aether-spi/1.7/aether-spi-1.7.pom\n[Unit tests/test]   | [INFO] Downloaded from central: https://repo.maven.apache.org/maven2/org/sonatype/aether/aether-spi/1.7/aether-spi-1.7.pom (1.7 kB at 64 kB/s)\n[Unit tests/test]   | [INFO] Downloading from central: https://repo.maven.apache.org/maven2/org/apache/maven/maven-toolchain/2.2.1/maven-toolchain-2.2.1.pom\n[Unit tests/test]   | [INFO] Downloaded from central: https://repo.maven.apache.org/maven2/org/apache/maven/maven-toolchain/2.2.1/maven-toolchain-2.2.1.pom (3.3 kB at 209 kB/s)\n[Unit tests/test]   | [INFO] Downloading from central: https://repo.maven.apache.org/maven2/org/apache/maven/maven/2.2.1/maven-2.2.1.pom\n[Unit tests/test]   | [INFO] Downloaded from central: https://repo.maven.apache.org/maven2/org/apache/maven/maven/2.2.1/maven-2.2.1.pom (22 kB at 3.2 MB/s)\n[Unit tests/test]   | [INFO] Downloading from central: https://repo.maven.apache.org/maven2/org/apache/maven/maven-parent/11/maven-parent-11.pom\n[Unit tests/test]   | [INFO] Downloaded from central: https://repo.maven.apache.org/maven2/org/apache/maven/maven-parent/11/maven-parent-11.pom (32 kB at 3.2 MB/s)\n[Unit tests/test]   | [INFO] Downloading from central: https://repo.maven.apache.org/maven2/org/apache/apache/5/apache-5.pom\n[Unit tests/test]   | [INFO] Downloaded from central: https://repo.maven.apache.org/maven2/org/apache/apache/5/apache-5.pom (4.1 kB at 683 kB/s)\n[Unit tests/test]   | [INFO] Downloading from central: https://repo.maven.apache.org/maven2/org/apache/maven/maven-core/2.2.1/maven-core-2.2.1.pom\n[Unit tests/test]   | [INFO] Downloaded from central: https://repo.maven.apache.org/maven2/org/apache/maven/maven-core/2.2.1/maven-core-2.2.1.pom (12 kB at 1.9 MB/s)\n[Unit tests/test]   | [INFO] Downloading from central: https://repo.maven.apache.org/maven2/org/apache/maven/maven-settings/2.2.1/maven-settings-2.2.1.pom\n[Unit tests/test]   | [INFO] Downloaded from central: https://repo.maven.apache.org/maven2/org/apache/maven/maven-settings/2.2.1/maven-settings-2.2.1.pom (2.2 kB at 363 kB/s)\n[Unit tests/test]   | [INFO] Downloading from central: https://repo.maven.apache.org/maven2/org/apache/maven/maven-model/2.2.1/maven-model-2.2.1.pom\n[Unit tests/test]   | [INFO] Downloaded from central: https://repo.maven.apache.org/maven2/org/apache/maven/maven-model/2.2.1/maven-model-2.2.1.pom (3.2 kB at 540 kB/s)\n[Unit tests/test]   | [INFO] Downloading from central: https://repo.maven.apache.org/maven2/org/codehaus/plexus/plexus-interpolation/1.11/plexus-interpolation-1.11.pom\n[Unit tests/test]   | [INFO] Downloaded from central: https://repo.maven.apache.org/maven2/org/codehaus/plexus/plexus-interpolation/1.11/plexus-interpolation-1.11.pom (889 B at 127 kB/s)\n[Unit tests/test]   | [INFO] Downloading from central: https://repo.maven.apache.org/maven2/org/apache/maven/maven-plugin-parameter-documenter/2.2.1/maven-plugin-parameter-documenter-2.2.1.pom\n[Unit tests/test]   | [INFO] Downloaded from central: https://repo.maven.apache.org/maven2/org/apache/maven/maven-plugin-parameter-documenter/2.2.1/maven-plugin-parameter-documenter-2.2.1.pom (2.0 kB at 326 kB/s)\n[Unit tests/test]   | [INFO] Downloading from central: https://repo.maven.apache.org/maven2/org/slf4j/slf4j-jdk14/1.5.6/slf4j-jdk14-1.5.6.pom\n[Unit tests/test]   | [INFO] Downloaded from central: https://repo.maven.apache.org/maven2/org/slf4j/slf4j-jdk14/1.5.6/slf4j-jdk14-1.5.6.pom (1.9 kB at 271 kB/s)\n[Unit tests/test]   | [INFO] Downloading from central: https://repo.maven.apache.org/maven2/org/slf4j/slf4j-parent/1.5.6/slf4j-parent-1.5.6.pom\n[Unit tests/test]   | [INFO] Downloaded from central: https://repo.maven.apache.org/maven2/org/slf4j/slf4j-parent/1.5.6/slf4j-parent-1.5.6.pom (7.9 kB at 1.3 MB/s)\n[Unit tests/test]   | [INFO] Downloading from central: https://repo.maven.apache.org/maven2/org/slf4j/slf4j-api/1.5.6/slf4j-api-1.5.6.pom\n[Unit tests/test]   | [INFO] Downloaded from central: https://repo.maven.apache.org/maven2/org/slf4j/slf4j-api/1.5.6/slf4j-api-1.5.6.pom (3.0 kB at 497 kB/s)\n[Unit tests/test]   | [INFO] Downloading from central: https://repo.maven.apache.org/maven2/org/slf4j/jcl-over-slf4j/1.5.6/jcl-over-slf4j-1.5.6.pom\n[Unit tests/test]   | [INFO] Downloaded from central: https://repo.maven.apache.org/maven2/org/slf4j/jcl-over-slf4j/1.5.6/jcl-over-slf4j-1.5.6.pom (2.2 kB at 310 kB/s)\n[Unit tests/test]   | [INFO] Downloading from central: https://repo.maven.apache.org/maven2/org/apache/maven/reporting/maven-reporting-api/2.2.1/maven-reporting-api-2.2.1.pom\n[Unit tests/test]   | [INFO] Downloaded from central: https://repo.maven.apache.org/maven2/org/apache/maven/reporting/maven-reporting-api/2.2.1/maven-reporting-api-2.2.1.pom (1.9 kB at 309 kB/s)\n[Unit tests/test]   | [INFO] Downloading from central: https://repo.maven.apache.org/maven2/org/apache/maven/reporting/maven-reporting/2.2.1/maven-reporting-2.2.1.pom\n[Unit tests/test]   | [INFO] Downloaded from central: https://repo.maven.apache.org/maven2/org/apache/maven/reporting/maven-reporting/2.2.1/maven-reporting-2.2.1.pom (1.4 kB at 160 kB/s)\n[Unit tests/test]   | [INFO] Downloading from central: https://repo.maven.apache.org/maven2/org/apache/maven/doxia/doxia-sink-api/1.1/doxia-sink-api-1.1.pom\n[Unit tests/test]   | [INFO] Downloaded from central: https://repo.maven.apache.org/maven2/org/apache/maven/doxia/doxia-sink-api/1.1/doxia-sink-api-1.1.pom (2.0 kB at 291 kB/s)\n[Unit tests/test]   | [INFO] Downloading from central: https://repo.maven.apache.org/maven2/org/apache/maven/doxia/doxia/1.1/doxia-1.1.pom\n[Unit tests/test]   | [INFO] Downloaded from central: https://repo.maven.apache.org/maven2/org/apache/maven/doxia/doxia/1.1/doxia-1.1.pom (15 kB at 2.5 MB/s)\n[Unit tests/test]   | [INFO] Downloading from central: https://repo.maven.apache.org/maven2/org/apache/maven/doxia/doxia-logging-api/1.1/doxia-logging-api-1.1.pom\n[Unit tests/test]   | [INFO] Downloaded from central: https://repo.maven.apache.org/maven2/org/apache/maven/doxia/doxia-logging-api/1.1/doxia-logging-api-1.1.pom (1.6 kB at 315 kB/s)\n[Unit tests/test]   | [INFO] Downloading from central: https://repo.maven.apache.org/maven2/org/codehaus/plexus/plexus-container-default/1.0-alpha-30/plexus-container-default-1.0-alpha-30.pom\n[Unit tests/test]   | [INFO] Downloaded from central: https://repo.maven.apache.org/maven2/org/codehaus/plexus/plexus-container-default/1.0-alpha-30/plexus-container-default-1.0-alpha-30.pom (3.5 kB at 386 kB/s)\n[Unit tests/test]   | [INFO] Downloading from central: https://repo.maven.apache.org/maven2/org/codehaus/plexus/plexus-containers/1.0-alpha-30/plexus-containers-1.0-alpha-30.pom\n[Unit tests/test]   | [INFO] Downloaded from central: https://repo.maven.apache.org/maven2/org/codehaus/plexus/plexus-containers/1.0-alpha-30/plexus-containers-1.0-alpha-30.pom (1.9 kB at 379 kB/s)\n[Unit tests/test]   | [INFO] Downloading from central: https://repo.maven.apache.org/maven2/org/codehaus/plexus/plexus-utils/1.4.5/plexus-utils-1.4.5.pom\n[Unit tests/test]   | [INFO] Downloaded from central: https://repo.maven.apache.org/maven2/org/codehaus/plexus/plexus-utils/1.4.5/plexus-utils-1.4.5.pom (2.3 kB at 283 kB/s)\n[Unit tests/test]   | [INFO] Downloading from central: https://repo.maven.apache.org/maven2/org/codehaus/plexus/plexus-classworlds/1.2-alpha-9/plexus-classworlds-1.2-alpha-9.pom\n[Unit tests/test]   | [INFO] Downloaded from central: https://repo.maven.apache.org/maven2/org/codehaus/plexus/plexus-classworlds/1.2-alpha-9/plexus-classworlds-1.2-alpha-9.pom (3.2 kB at 645 kB/s)\n[Unit tests/test]   | [INFO] Downloading from central: https://repo.maven.apache.org/maven2/org/codehaus/plexus/plexus/1.0.10/plexus-1.0.10.pom\n[Unit tests/test]   | [INFO] Downloaded from central: https://repo.maven.apache.org/maven2/org/codehaus/plexus/plexus/1.0.10/plexus-1.0.10.pom (8.2 kB at 1.2 MB/s)\n[Unit tests/test]   | [INFO] Downloading from central: https://repo.maven.apache.org/maven2/org/apache/maven/maven-profile/2.2.1/maven-profile-2.2.1.pom\n[Unit tests/test]   | [INFO] Downloaded from central: https://repo.maven.apache.org/maven2/org/apache/maven/maven-profile/2.2.1/maven-profile-2.2.1.pom (2.2 kB at 362 kB/s)\n[Unit tests/test]   | [INFO] Downloading from central: https://repo.maven.apache.org/maven2/org/apache/maven/maven-artifact/2.2.1/maven-artifact-2.2.1.pom\n[Unit tests/test]   | [INFO] Downloaded from central: https://repo.maven.apache.org/maven2/org/apache/maven/maven-artifact/2.2.1/maven-artifact-2.2.1.pom (1.6 kB at 316 kB/s)\n[Unit tests/test]   | [INFO] Downloading from central: https://repo.maven.apache.org/maven2/org/apache/maven/maven-repository-metadata/2.2.1/maven-repository-metadata-2.2.1.pom\n[Unit tests/test]   | [INFO] Downloaded from central: https://repo.maven.apache.org/maven2/org/apache/maven/maven-repository-metadata/2.2.1/maven-repository-metadata-2.2.1.pom (1.9 kB at 110 kB/s)\n[Unit tests/test]   | [INFO] Downloading from central: https://repo.maven.apache.org/maven2/org/apache/maven/maven-error-diagnostics/2.2.1/maven-error-diagnostics-2.2.1.pom\n[Unit tests/test]   | [INFO] Downloaded from central: https://repo.maven.apache.org/maven2/org/apache/maven/maven-error-diagnostics/2.2.1/maven-error-diagnostics-2.2.1.pom (1.7 kB at 285 kB/s)\n[Unit tests/test]   | [INFO] Downloading from central: https://repo.maven.apache.org/maven2/org/apache/maven/maven-project/2.2.1/maven-project-2.2.1.pom\n[Unit tests/test]   | [INFO] Downloaded from central: https://repo.maven.apache.org/maven2/org/apache/maven/maven-project/2.2.1/maven-project-2.2.1.pom (2.8 kB at 462 kB/s)\n[Unit tests/test]   | [INFO] Downloading from central: https://repo.maven.apache.org/maven2/org/apache/maven/maven-artifact-manager/2.2.1/maven-artifact-manager-2.2.1.pom\n[Unit tests/test]   | [INFO] Downloaded from central: https://repo.maven.apache.org/maven2/org/apache/maven/maven-artifact-manager/2.2.1/maven-artifact-manager-2.2.1.pom (3.1 kB at 621 kB/s)\n[Unit tests/test]   | [INFO] Downloading from central: https://repo.maven.apache.org/maven2/backport-util-concurrent/backport-util-concurrent/3.1/backport-util-concurrent-3.1.pom\n[Unit tests/test]   | [INFO] Downloaded from central: https://repo.maven.apache.org/maven2/backport-util-concurrent/backport-util-concurrent/3.1/backport-util-concurrent-3.1.pom (880 B at 147 kB/s)\n[Unit tests/test]   | [INFO] Downloading from central: https://repo.maven.apache.org/maven2/org/apache/maven/maven-plugin-registry/2.2.1/maven-plugin-registry-2.2.1.pom\n[Unit tests/test]   | [INFO] Downloaded from central: https://repo.maven.apache.org/maven2/org/apache/maven/maven-plugin-registry/2.2.1/maven-plugin-registry-2.2.1.pom (1.9 kB at 386 kB/s)\n[Unit tests/test]   | [INFO] Downloading from central: https://repo.maven.apache.org/maven2/commons-cli/commons-cli/1.2/commons-cli-1.2.pom\n[Unit tests/test]   | [INFO] Downloaded from central: https://repo.maven.apache.org/maven2/commons-cli/commons-cli/1.2/commons-cli-1.2.pom (8.0 kB at 998 kB/s)\n[Unit tests/test]   | [INFO] Downloading from central: https://repo.maven.apache.org/maven2/org/apache/commons/commons-parent/11/commons-parent-11.pom\n[Unit tests/test]   | [INFO] Downloaded from central: https://repo.maven.apache.org/maven2/org/apache/commons/commons-parent/11/commons-parent-11.pom (25 kB at 4.1 MB/s)\n[Unit tests/test]   | [INFO] Downloading from central: https://repo.maven.apache.org/maven2/org/apache/apache/4/apache-4.pom\n[Unit tests/test]   | [INFO] Downloaded from central: https://repo.maven.apache.org/maven2/org/apache/apache/4/apache-4.pom (4.5 kB at 899 kB/s)\n[Unit tests/test]   | [INFO] Downloading from central: https://repo.maven.apache.org/maven2/org/apache/maven/maven-plugin-api/2.2.1/maven-plugin-api-2.2.1.pom\n[Unit tests/test]   | [INFO] Downloaded from central: https://repo.maven.apache.org/maven2/org/apache/maven/maven-plugin-api/2.2.1/maven-plugin-api-2.2.1.pom (1.5 kB at 208 kB/s)\n[Unit tests/test]   | [INFO] Downloading from central: https://repo.maven.apache.org/maven2/org/apache/maven/maven-plugin-descriptor/2.2.1/maven-plugin-descriptor-2.2.1.pom\n[Unit tests/test]   | [INFO] Downloaded from central: https://repo.maven.apache.org/maven2/org/apache/maven/maven-plugin-descriptor/2.2.1/maven-plugin-descriptor-2.2.1.pom (2.1 kB at 344 kB/s)\n[Unit tests/test]   | [INFO] Downloading from central: https://repo.maven.apache.org/maven2/org/apache/maven/maven-monitor/2.2.1/maven-monitor-2.2.1.pom\n[Unit tests/test]   | [INFO] Downloaded from central: https://repo.maven.apache.org/maven2/org/apache/maven/maven-monitor/2.2.1/maven-monitor-2.2.1.pom (1.3 kB at 210 kB/s)\n[Unit tests/test]   | [INFO] Downloading from central: https://repo.maven.apache.org/maven2/org/apache/maven/shared/maven-shared-utils/3.0.0/maven-shared-utils-3.0.0.pom\n[Unit tests/test]   | [INFO] Downloaded from central: https://repo.maven.apache.org/maven2/org/apache/maven/shared/maven-shared-utils/3.0.0/maven-shared-utils-3.0.0.pom (5.6 kB at 698 kB/s)\n[Unit tests/test]   | [INFO] Downloading from central: https://repo.maven.apache.org/maven2/org/apache/maven/shared/maven-shared-components/21/maven-shared-components-21.pom\n[Unit tests/test]   | [INFO] Downloaded from central: https://repo.maven.apache.org/maven2/org/apache/maven/shared/maven-shared-components/21/maven-shared-components-21.pom (5.1 kB at 365 kB/s)\n[Unit tests/test]   | [INFO] Downloading from central: https://repo.maven.apache.org/maven2/org/apache/maven/maven-parent/25/maven-parent-25.pom\n[Unit tests/test]   | [INFO] Downloaded from central: https://repo.maven.apache.org/maven2/org/apache/maven/maven-parent/25/maven-parent-25.pom (37 kB at 5.3 MB/s)\n[Unit tests/test]   | [INFO] Downloading from central: https://repo.maven.apache.org/maven2/org/apache/apache/15/apache-15.pom\n[Unit tests/test]   | [INFO] Downloaded from central: https://repo.maven.apache.org/maven2/org/apache/apache/15/apache-15.pom (15 kB at 1.5 MB/s)\n[Unit tests/test]   | [INFO] Downloading from central: https://repo.maven.apache.org/maven2/commons-io/commons-io/2.4/commons-io-2.4.pom\n[Unit tests/test]   | [INFO] Downloaded from central: https://repo.maven.apache.org/maven2/commons-io/commons-io/2.4/commons-io-2.4.pom (10 kB at 1.7 MB/s)\n[Unit tests/test]   | [INFO] Downloading from central: https://repo.maven.apache.org/maven2/org/apache/commons/commons-parent/25/commons-parent-25.pom\n[Unit tests/test]   | [INFO] Downloaded from central: https://repo.maven.apache.org/maven2/org/apache/commons/commons-parent/25/commons-parent-25.pom (48 kB at 986 kB/s)\n[Unit tests/test]   | [INFO] Downloading from central: https://repo.maven.apache.org/maven2/org/apache/apache/9/apache-9.pom\n[Unit tests/test]   | [INFO] Downloaded from central: https://repo.maven.apache.org/maven2/org/apache/apache/9/apache-9.pom (15 kB at 226 kB/s)\n[Unit tests/test]   | [INFO] Downloading from central: https://repo.maven.apache.org/maven2/com/google/code/findbugs/jsr305/2.0.1/jsr305-2.0.1.pom\n[Unit tests/test]   | [INFO] Downloaded from central: https://repo.maven.apache.org/maven2/com/google/code/findbugs/jsr305/2.0.1/jsr305-2.0.1.pom (965 B at 64 kB/s)\n[Unit tests/test]   | [INFO] Downloading from central: https://repo.maven.apache.org/maven2/org/apache/maven/shared/maven-shared-incremental/1.1/maven-shared-incremental-1.1.pom\n[Unit tests/test]   | [INFO] Downloaded from central: https://repo.maven.apache.org/maven2/org/apache/maven/shared/maven-shared-incremental/1.1/maven-shared-incremental-1.1.pom (4.7 kB at 593 kB/s)\n[Unit tests/test]   | [INFO] Downloading from central: https://repo.maven.apache.org/maven2/org/apache/maven/shared/maven-shared-components/19/maven-shared-components-19.pom\n[Unit tests/test]   | [INFO] Downloaded from central: https://repo.maven.apache.org/maven2/org/apache/maven/shared/maven-shared-components/19/maven-shared-components-19.pom (6.4 kB at 1.3 MB/s)\n[Unit tests/test]   | [INFO] Downloading from central: https://repo.maven.apache.org/maven2/org/apache/maven/maven-parent/23/maven-parent-23.pom\n[Unit tests/test]   | [INFO] Downloaded from central: https://repo.maven.apache.org/maven2/org/apache/maven/maven-parent/23/maven-parent-23.pom (33 kB at 3.6 MB/s)\n[Unit tests/test]   | [INFO] Downloading from central: https://repo.maven.apache.org/maven2/org/apache/apache/13/apache-13.pom\n[Unit tests/test]   | [INFO] Downloaded from central: https://repo.maven.apache.org/maven2/org/apache/apache/13/apache-13.pom (14 kB at 2.3 MB/s)\n[Unit tests/test]   | [INFO] Downloading from central: https://repo.maven.apache.org/maven2/org/apache/maven/shared/maven-shared-utils/0.1/maven-shared-utils-0.1.pom\n[Unit tests/test]   | [INFO] Downloaded from central: https://repo.maven.apache.org/maven2/org/apache/maven/shared/maven-shared-utils/0.1/maven-shared-utils-0.1.pom (4.0 kB at 101 kB/s)\n[Unit tests/test]   | [INFO] Downloading from central: https://repo.maven.apache.org/maven2/org/apache/maven/shared/maven-shared-components/18/maven-shared-components-18.pom\n[Unit tests/test]   | [INFO] Downloaded from central: https://repo.maven.apache.org/maven2/org/apache/maven/shared/maven-shared-components/18/maven-shared-components-18.pom (4.9 kB at 548 kB/s)\n[Unit tests/test]   | [INFO] Downloading from central: https://repo.maven.apache.org/maven2/org/codehaus/plexus/plexus-compiler-api/2.7/plexus-compiler-api-2.7.pom\n[Unit tests/test]   | [INFO] Downloaded from central: https://repo.maven.apache.org/maven2/org/codehaus/plexus/plexus-compiler-api/2.7/plexus-compiler-api-2.7.pom (891 B at 99 kB/s)\n[Unit tests/test]   | [INFO] Downloading from central: https://repo.maven.apache.org/maven2/org/codehaus/plexus/plexus-compiler/2.7/plexus-compiler-2.7.pom\n[Unit tests/test]   | [INFO] Downloaded from central: https://repo.maven.apache.org/maven2/org/codehaus/plexus/plexus-compiler/2.7/plexus-compiler-2.7.pom (4.9 kB at 617 kB/s)\n[Unit tests/test]   | [INFO] Downloading from central: https://repo.maven.apache.org/maven2/org/codehaus/plexus/plexus-components/4.0/plexus-components-4.0.pom\n[Unit tests/test]   | [INFO] Downloaded from central: https://repo.maven.apache.org/maven2/org/codehaus/plexus/plexus-components/4.0/plexus-components-4.0.pom (2.7 kB at 664 kB/s)\n[Unit tests/test]   | [INFO] Downloading from central: https://repo.maven.apache.org/maven2/org/codehaus/plexus/plexus/4.0/plexus-4.0.pom\n[Unit tests/test]   | [INFO] Downloaded from central: https://repo.maven.apache.org/maven2/org/codehaus/plexus/plexus/4.0/plexus-4.0.pom (22 kB at 3.1 MB/s)\n[Unit tests/test]   | [INFO] Downloading from central: https://repo.maven.apache.org/maven2/org/sonatype/forge/forge-parent/10/forge-parent-10.pom\n[Unit tests/test]   | [INFO] Downloaded from central: https://repo.maven.apache.org/maven2/org/sonatype/forge/forge-parent/10/forge-parent-10.pom (14 kB at 1.9 MB/s)\n[Unit tests/test]   | [INFO] Downloading from central: https://repo.maven.apache.org/maven2/org/codehaus/plexus/plexus-utils/3.0.22/plexus-utils-3.0.22.pom\n[Unit tests/test]   | [INFO] Downloaded from central: https://repo.maven.apache.org/maven2/org/codehaus/plexus/plexus-utils/3.0.22/plexus-utils-3.0.22.pom (3.8 kB at 638 kB/s)\n[Unit tests/test]   | [INFO] Downloading from central: https://repo.maven.apache.org/maven2/org/codehaus/plexus/plexus/3.3.1/plexus-3.3.1.pom\n[Unit tests/test]   | [INFO] Downloaded from central: https://repo.maven.apache.org/maven2/org/codehaus/plexus/plexus/3.3.1/plexus-3.3.1.pom (20 kB at 3.4 MB/s)\n[Unit tests/test]   | [INFO] Downloading from central: https://repo.maven.apache.org/maven2/org/sonatype/spice/spice-parent/17/spice-parent-17.pom\n[Unit tests/test]   | [INFO] Downloaded from central: https://repo.maven.apache.org/maven2/org/sonatype/spice/spice-parent/17/spice-parent-17.pom (6.8 kB at 1.1 MB/s)\n[Unit tests/test]   | [INFO] Downloading from central: https://repo.maven.apache.org/maven2/org/codehaus/plexus/plexus-compiler-manager/2.7/plexus-compiler-manager-2.7.pom\n[Unit tests/test]   | [INFO] Downloaded from central: https://repo.maven.apache.org/maven2/org/codehaus/plexus/plexus-compiler-manager/2.7/plexus-compiler-manager-2.7.pom (711 B at 89 kB/s)\n[Unit tests/test]   | [INFO] Downloading from central: https://repo.maven.apache.org/maven2/org/codehaus/plexus/plexus-compiler-javac/2.7/plexus-compiler-javac-2.7.pom\n[Unit tests/test]   | [INFO] Downloaded from central: https://repo.maven.apache.org/maven2/org/codehaus/plexus/plexus-compiler-javac/2.7/plexus-compiler-javac-2.7.pom (792 B at 113 kB/s)\n[Unit tests/test]   | [INFO] Downloading from central: https://repo.maven.apache.org/maven2/org/codehaus/plexus/plexus-compilers/2.7/plexus-compilers-2.7.pom\n[Unit tests/test]   | [INFO] Downloaded from central: https://repo.maven.apache.org/maven2/org/codehaus/plexus/plexus-compilers/2.7/plexus-compilers-2.7.pom (1.4 kB at 173 kB/s)\n[Unit tests/test]   | [INFO] Downloading from central: https://repo.maven.apache.org/maven2/org/apache/maven/maven-plugin-api/3.0/maven-plugin-api-3.0.jar\n[Unit tests/test]   | [INFO] Downloading from central: https://repo.maven.apache.org/maven2/org/apache/maven/maven-model/3.0/maven-model-3.0.jar\n[Unit tests/test]   | [INFO] Downloading from central: https://repo.maven.apache.org/maven2/org/sonatype/sisu/sisu-inject-plexus/1.4.2/sisu-inject-plexus-1.4.2.jar\n[Unit tests/test]   | [INFO] Downloading from central: https://repo.maven.apache.org/maven2/org/sonatype/sisu/sisu-inject-bean/1.4.2/sisu-inject-bean-1.4.2.jar\n[Unit tests/test]   | [INFO] Downloading from central: https://repo.maven.apache.org/maven2/org/sonatype/sisu/sisu-guice/2.1.7/sisu-guice-2.1.7-noaop.jar\n[Unit tests/test]   | [INFO] Downloaded from central: https://repo.maven.apache.org/maven2/org/apache/maven/maven-plugin-api/3.0/maven-plugin-api-3.0.jar (49 kB at 5.4 MB/s)\n[Unit tests/test]   | [INFO] Downloading from central: https://repo.maven.apache.org/maven2/org/apache/maven/maven-artifact/3.0/maven-artifact-3.0.jar\n[Unit tests/test]   | [INFO] Downloaded from central: https://repo.maven.apache.org/maven2/org/apache/maven/maven-model/3.0/maven-model-3.0.jar (165 kB at 6.3 MB/s)\n[Unit tests/test]   | [INFO] Downloading from central: https://repo.maven.apache.org/maven2/org/codehaus/plexus/plexus-utils/2.0.4/plexus-utils-2.0.4.jar\n[Unit tests/test]   | [INFO] Downloaded from central: https://repo.maven.apache.org/maven2/org/sonatype/sisu/sisu-guice/2.1.7/sisu-guice-2.1.7-noaop.jar (472 kB at 15 MB/s)\n[Unit tests/test]   | [INFO] Downloading from central: https://repo.maven.apache.org/maven2/org/apache/maven/maven-core/3.0/maven-core-3.0.jar\n[Unit tests/test]   | [INFO] Downloaded from central: https://repo.maven.apache.org/maven2/org/apache/maven/maven-artifact/3.0/maven-artifact-3.0.jar (52 kB at 1.4 MB/s)\n[Unit tests/test]   | [INFO] Downloading from central: https://repo.maven.apache.org/maven2/org/apache/maven/maven-settings/3.0/maven-settings-3.0.jar\n[Unit tests/test]   | [INFO] Downloaded from central: https://repo.maven.apache.org/maven2/org/apache/maven/maven-settings/3.0/maven-settings-3.0.jar (47 kB at 952 kB/s)\n[Unit tests/test]   | [INFO] Downloading from central: https://repo.maven.apache.org/maven2/org/apache/maven/maven-settings-builder/3.0/maven-settings-builder-3.0.jar\n[Unit tests/test]   | [INFO] Downloaded from central: https://repo.maven.apache.org/maven2/org/sonatype/sisu/sisu-inject-bean/1.4.2/sisu-inject-bean-1.4.2.jar (153 kB at 2.4 MB/s)\n[Unit tests/test]   | [INFO] Downloaded from central: https://repo.maven.apache.org/maven2/org/sonatype/sisu/sisu-inject-plexus/1.4.2/sisu-inject-plexus-1.4.2.jar (202 kB at 3.1 MB/s)\n[Unit tests/test]   | [INFO] Downloading from central: https://repo.maven.apache.org/maven2/org/apache/maven/maven-repository-metadata/3.0/maven-repository-metadata-3.0.jar\n[Unit tests/test]   | [INFO] Downloading from central: https://repo.maven.apache.org/maven2/org/apache/maven/maven-model-builder/3.0/maven-model-builder-3.0.jar\n[Unit tests/test]   | [INFO] Downloaded from central: https://repo.maven.apache.org/maven2/org/codehaus/plexus/plexus-utils/2.0.4/plexus-utils-2.0.4.jar (222 kB at 3.5 MB/s)\n[Unit tests/test]   | [INFO] Downloading from central: https://repo.maven.apache.org/maven2/org/apache/maven/maven-aether-provider/3.0/maven-aether-provider-3.0.jar\n[Unit tests/test]   | [INFO] Downloaded from central: https://repo.maven.apache.org/maven2/org/apache/maven/maven-settings-builder/3.0/maven-settings-builder-3.0.jar (38 kB at 532 kB/s)\n[Unit tests/test]   | [INFO] Downloading from central: https://repo.maven.apache.org/maven2/org/sonatype/aether/aether-impl/1.7/aether-impl-1.7.jar\n[Unit tests/test]   | [INFO] Downloaded from central: https://repo.maven.apache.org/maven2/org/apache/maven/maven-repository-metadata/3.0/maven-repository-metadata-3.0.jar (30 kB at 407 kB/s)\n[Unit tests/test]   | [INFO] Downloading from central: https://repo.maven.apache.org/maven2/org/sonatype/aether/aether-spi/1.7/aether-spi-1.7.jar\n[Unit tests/test]   | [INFO] Downloaded from central: https://repo.maven.apache.org/maven2/org/apache/maven/maven-core/3.0/maven-core-3.0.jar (527 kB at 6.6 MB/s)\n[Unit tests/test]   | [INFO] Downloading from central: https://repo.maven.apache.org/maven2/org/sonatype/aether/aether-api/1.7/aether-api-1.7.jar\n[Unit tests/test]   | [INFO] Downloaded from central: https://repo.maven.apache.org/maven2/org/sonatype/aether/aether-spi/1.7/aether-spi-1.7.jar (14 kB at 169 kB/s)\n[Unit tests/test]   | [INFO] Downloading from central: https://repo.maven.apache.org/maven2/org/sonatype/aether/aether-util/1.7/aether-util-1.7.jar\n[Unit tests/test]   | [INFO] Downloaded from central: https://repo.maven.apache.org/maven2/org/apache/maven/maven-aether-provider/3.0/maven-aether-provider-3.0.jar (51 kB at 624 kB/s)\n[Unit tests/test]   | [INFO] Downloading from central: https://repo.maven.apache.org/maven2/org/codehaus/plexus/plexus-interpolation/1.14/plexus-interpolation-1.14.jar\n[Unit tests/test]   | [INFO] Downloaded from central: https://repo.maven.apache.org/maven2/org/apache/maven/maven-model-builder/3.0/maven-model-builder-3.0.jar (148 kB at 1.8 MB/s)\n[Unit tests/test]   | [INFO] Downloading from central: https://repo.maven.apache.org/maven2/org/codehaus/plexus/plexus-classworlds/2.2.3/plexus-classworlds-2.2.3.jar\n[Unit tests/test]   | [INFO] Downloaded from central: https://repo.maven.apache.org/maven2/org/sonatype/aether/aether-impl/1.7/aether-impl-1.7.jar (106 kB at 1.3 MB/s)\n[Unit tests/test]   | [INFO] Downloading from central: https://repo.maven.apache.org/maven2/org/codehaus/plexus/plexus-component-annotations/1.5.5/plexus-component-annotations-1.5.5.jar\n[Unit tests/test]   | [INFO] Downloaded from central: https://repo.maven.apache.org/maven2/org/sonatype/aether/aether-api/1.7/aether-api-1.7.jar (74 kB at 798 kB/s)\n[Unit tests/test]   | [INFO] Downloading from central: https://repo.maven.apache.org/maven2/org/sonatype/plexus/plexus-sec-dispatcher/1.3/plexus-sec-dispatcher-1.3.jar\n[Unit tests/test]   | [INFO] Downloaded from central: https://repo.maven.apache.org/maven2/org/sonatype/aether/aether-util/1.7/aether-util-1.7.jar (108 kB at 885 kB/s)\n[Unit tests/test]   | [INFO] Downloaded from central: https://repo.maven.apache.org/maven2/org/codehaus/plexus/plexus-component-annotations/1.5.5/plexus-component-annotations-1.5.5.jar (4.2 kB at 35 kB/s)\n[Unit tests/test]   | [INFO] Downloading from central: https://repo.maven.apache.org/maven2/org/sonatype/plexus/plexus-cipher/1.4/plexus-cipher-1.4.jar\n[Unit tests/test]   | [INFO] Downloading from central: https://repo.maven.apache.org/maven2/org/apache/maven/maven-toolchain/2.2.1/maven-toolchain-2.2.1.jar\n[Unit tests/test]   | [INFO] Downloaded from central: https://repo.maven.apache.org/maven2/org/codehaus/plexus/plexus-interpolation/1.14/plexus-interpolation-1.14.jar (61 kB at 501 kB/s)\n[Unit tests/test]   | [INFO] Downloading from central: https://repo.maven.apache.org/maven2/org/apache/maven/shared/maven-shared-utils/3.0.0/maven-shared-utils-3.0.0.jar\n[Unit tests/test]   | [INFO] Downloaded from central: https://repo.maven.apache.org/maven2/org/codehaus/plexus/plexus-classworlds/2.2.3/plexus-classworlds-2.2.3.jar (46 kB at 369 kB/s)\n[Unit tests/test]   | [INFO] Downloading from central: https://repo.maven.apache.org/maven2/commons-io/commons-io/2.4/commons-io-2.4.jar\n[Unit tests/test]   | [INFO] Downloaded from central: https://repo.maven.apache.org/maven2/org/sonatype/plexus/plexus-sec-dispatcher/1.3/plexus-sec-dispatcher-1.3.jar (29 kB at 227 kB/s)\n[Unit tests/test]   | [INFO] Downloading from central: https://repo.maven.apache.org/maven2/com/google/code/findbugs/jsr305/2.0.1/jsr305-2.0.1.jar\n[Unit tests/test]   | [INFO] Downloaded from central: https://repo.maven.apache.org/maven2/org/sonatype/plexus/plexus-cipher/1.4/plexus-cipher-1.4.jar (13 kB at 105 kB/s)\n[Unit tests/test]   | [INFO] Downloading from central: https://repo.maven.apache.org/maven2/org/apache/maven/shared/maven-shared-incremental/1.1/maven-shared-incremental-1.1.jar\n[Unit tests/test]   | [INFO] Downloaded from central: https://repo.maven.apache.org/maven2/org/apache/maven/maven-toolchain/2.2.1/maven-toolchain-2.2.1.jar (38 kB at 289 kB/s)\n[Unit tests/test]   | [INFO] Downloading from central: https://repo.maven.apache.org/maven2/org/codehaus/plexus/plexus-compiler-api/2.7/plexus-compiler-api-2.7.jar\n[Unit tests/test]   | [INFO] Downloaded from central: https://repo.maven.apache.org/maven2/com/google/code/findbugs/jsr305/2.0.1/jsr305-2.0.1.jar (32 kB at 241 kB/s)\n[Unit tests/test]   | [INFO] Downloading from central: https://repo.maven.apache.org/maven2/org/codehaus/plexus/plexus-compiler-manager/2.7/plexus-compiler-manager-2.7.jar\n[Unit tests/test]   | [INFO] Downloaded from central: https://repo.maven.apache.org/maven2/org/apache/maven/shared/maven-shared-incremental/1.1/maven-shared-incremental-1.1.jar (14 kB at 89 kB/s)\n[Unit tests/test]   | [INFO] Downloading from central: https://repo.maven.apache.org/maven2/org/codehaus/plexus/plexus-compiler-javac/2.7/plexus-compiler-javac-2.7.jar\n[Unit tests/test]   | [INFO] Downloaded from central: https://repo.maven.apache.org/maven2/commons-io/commons-io/2.4/commons-io-2.4.jar (185 kB at 1.1 MB/s)\n[Unit tests/test]   | [INFO] Downloaded from central: https://repo.maven.apache.org/maven2/org/codehaus/plexus/plexus-compiler-manager/2.7/plexus-compiler-manager-2.7.jar (4.7 kB at 28 kB/s)\n[Unit tests/test]   | [INFO] Downloaded from central: https://repo.maven.apache.org/maven2/org/codehaus/plexus/plexus-compiler-api/2.7/plexus-compiler-api-2.7.jar (26 kB at 155 kB/s)\n[Unit tests/test]   | [INFO] Downloaded from central: https://repo.maven.apache.org/maven2/org/apache/maven/shared/maven-shared-utils/3.0.0/maven-shared-utils-3.0.0.jar (155 kB at 932 kB/s)\n[Unit tests/test]   | [INFO] Downloaded from central: https://repo.maven.apache.org/maven2/org/codehaus/plexus/plexus-compiler-javac/2.7/plexus-compiler-javac-2.7.jar (19 kB at 98 kB/s)\n[Unit tests/test]   | [INFO] Changes detected - recompiling the module!\n[Unit tests/test]   | [INFO] Compiling 27 source files to /tmp/bc275e72-fd77-11ed-a890-af2cc187fc11/DevLeoko-AdvancedBan/core/target/classes\n[Unit tests/test]   | [INFO] /tmp/bc275e72-fd77-11ed-a890-af2cc187fc11/DevLeoko-AdvancedBan/core/src/main/java/me/leoko/advancedban/utils/tabcompletion/MutableTabCompleter.java: /tmp/bc275e72-fd77-11ed-a890-af2cc187fc11/DevLeoko-AdvancedBan/core/src/main/java/me/leoko/advancedban/utils/tabcompletion/MutableTabCompleter.java uses unchecked or unsafe operations.\n[Unit tests/test]   | [INFO] /tmp/bc275e72-fd77-11ed-a890-af2cc187fc11/DevLeoko-AdvancedBan/core/src/main/java/me/leoko/advancedban/utils/tabcompletion/MutableTabCompleter.java: Recompile with -Xlint:unchecked for details.\n[Unit tests/test]   | [INFO] \n[Unit tests/test]   | [INFO] --- maven-resources-plugin:2.6:testResources (default-testResources) @ AdvancedBan-Core ---\n[Unit tests/test]   | [INFO] Using 'UTF-8' encoding to copy filtered resources.\n[Unit tests/test]   | [INFO] skip non existing resourceDirectory /tmp/bc275e72-fd77-11ed-a890-af2cc187fc11/DevLeoko-AdvancedBan/core/src/test/resources\n[Unit tests/test]   | [INFO] \n[Unit tests/test]   | [INFO] --- maven-compiler-plugin:3.5.1:testCompile (default-testCompile) @ AdvancedBan-Core ---\n[Unit tests/test]   | [INFO] Changes detected - recompiling the module!\n[Unit tests/test]   | [INFO] Compiling 3 source files to /tmp/bc275e72-fd77-11ed-a890-af2cc187fc11/DevLeoko-AdvancedBan/core/target/test-classes\n[Unit tests/test]   | [INFO] \n[Unit tests/test]   | [INFO] --- maven-surefire-plugin:3.0.0-M5:test (default-test) @ AdvancedBan-Core ---\n[Unit tests/test]   | [INFO] Downloading from central: https://repo.maven.apache.org/maven2/org/junit/jupiter/junit-jupiter-engine/5.6.2/junit-jupiter-engine-5.6.2.pom\n[Unit tests/test]   | [INFO] Downloaded from central: https://repo.maven.apache.org/maven2/org/junit/jupiter/junit-jupiter-engine/5.6.2/junit-jupiter-engine-5.6.2.pom (3.2 kB at 73 kB/s)\n[Unit tests/test]   | [INFO] Downloading from central: https://repo.maven.apache.org/maven2/org/junit/platform/junit-platform-engine/1.6.2/junit-platform-engine-1.6.2.pom\n[Unit tests/test]   | [INFO] Downloaded from central: https://repo.maven.apache.org/maven2/org/junit/platform/junit-platform-engine/1.6.2/junit-platform-engine-1.6.2.pom (3.2 kB at 356 kB/s)\n[Unit tests/test]   | [INFO] Downloading from central: https://repo.maven.apache.org/maven2/org/apache/maven/surefire/maven-surefire-common/3.0.0-M5/maven-surefire-common-3.0.0-M5.pom\n[Unit tests/test]   | [INFO] Downloaded from central: https://repo.maven.apache.org/maven2/org/apache/maven/surefire/maven-surefire-common/3.0.0-M5/maven-surefire-common-3.0.0-M5.pom (9.6 kB at 1.4 MB/s)\n[Unit tests/test]   | [INFO] Downloading from central: https://repo.maven.apache.org/maven2/org/apache/maven/surefire/surefire-api/3.0.0-M5/surefire-api-3.0.0-M5.pom\n[Unit tests/test]   | [INFO] Downloaded from central: https://repo.maven.apache.org/maven2/org/apache/maven/surefire/surefire-api/3.0.0-M5/surefire-api-3.0.0-M5.pom (3.2 kB at 68 kB/s)\n[Unit tests/test]   | [INFO] Downloading from central: https://repo.maven.apache.org/maven2/org/apache/maven/surefire/surefire-logger-api/3.0.0-M5/surefire-logger-api-3.0.0-M5.pom\n[Unit tests/test]   | [INFO] Downloaded from central: https://repo.maven.apache.org/maven2/org/apache/maven/surefire/surefire-logger-api/3.0.0-M5/surefire-logger-api-3.0.0-M5.pom (3.7 kB at 336 kB/s)\n[Unit tests/test]   | [INFO] Downloading from central: https://repo.maven.apache.org/maven2/org/apache/maven/surefire/surefire-shared-utils/3.0.0-M4/surefire-shared-utils-3.0.0-M4.pom\n[Unit tests/test]   | [INFO] Downloaded from central: https://repo.maven.apache.org/maven2/org/apache/maven/surefire/surefire-shared-utils/3.0.0-M4/surefire-shared-utils-3.0.0-M4.pom (3.9 kB at 390 kB/s)\n[Unit tests/test]   | [INFO] Downloading from central: https://repo.maven.apache.org/maven2/org/apache/maven/surefire/surefire/3.0.0-M4/surefire-3.0.0-M4.pom\n[Unit tests/test]   | [INFO] Downloaded from central: https://repo.maven.apache.org/maven2/org/apache/maven/surefire/surefire/3.0.0-M4/surefire-3.0.0-M4.pom (27 kB at 2.2 MB/s)\n[Unit tests/test]   | [INFO] Downloading from central: https://repo.maven.apache.org/maven2/org/apache/maven/maven-parent/33/maven-parent-33.pom\n[Unit tests/test]   | [INFO] Downloaded from central: https://repo.maven.apache.org/maven2/org/apache/maven/maven-parent/33/maven-parent-33.pom (44 kB at 3.4 MB/s)\n[Unit tests/test]   | [INFO] Downloading from central: https://repo.maven.apache.org/maven2/org/apache/maven/surefire/surefire-extensions-api/3.0.0-M5/surefire-extensions-api-3.0.0-M5.pom\n[Unit tests/test]   | [INFO] Downloaded from central: https://repo.maven.apache.org/maven2/org/apache/maven/surefire/surefire-extensions-api/3.0.0-M5/surefire-extensions-api-3.0.0-M5.pom (4.0 kB at 449 kB/s)\n[Unit tests/test]   | [INFO] Downloading from central: https://repo.maven.apache.org/maven2/org/apache/maven/surefire/surefire-booter/3.0.0-M5/surefire-booter-3.0.0-M5.pom\n[Unit tests/test]   | [INFO] Downloaded from central: https://repo.maven.apache.org/maven2/org/apache/maven/surefire/surefire-booter/3.0.0-M5/surefire-booter-3.0.0-M5.pom (4.8 kB at 605 kB/s)\n[Unit tests/test]   | [INFO] Downloading from central: https://repo.maven.apache.org/maven2/org/apache/maven/surefire/surefire-extensions-spi/3.0.0-M5/surefire-extensions-spi-3.0.0-M5.pom\n[Unit tests/test]   | [INFO] Downloaded from central: https://repo.maven.apache.org/maven2/org/apache/maven/surefire/surefire-extensions-spi/3.0.0-M5/surefire-extensions-spi-3.0.0-M5.pom (1.6 kB at 202 kB/s)\n[Unit tests/test]   | [INFO] Downloading from central: https://repo.maven.apache.org/maven2/org/apache/maven/maven-toolchain/3.0-alpha-2/maven-toolchain-3.0-alpha-2.pom\n[Unit tests/test]   | [INFO] Downloaded from central: https://repo.maven.apache.org/maven2/org/apache/maven/maven-toolchain/3.0-alpha-2/maven-toolchain-3.0-alpha-2.pom (2.2 kB at 171 kB/s)\n[Unit tests/test]   | [INFO] Downloading from central: https://repo.maven.apache.org/maven2/org/apache/maven/maven/3.0-alpha-2/maven-3.0-alpha-2.pom\n[Unit tests/test]   | [INFO] Downloaded from central: https://repo.maven.apache.org/maven2/org/apache/maven/maven/3.0-alpha-2/maven-3.0-alpha-2.pom (21 kB at 2.4 MB/s)\n[Unit tests/test]   | [INFO] Downloading from central: https://repo.maven.apache.org/maven2/org/apache/maven/maven-parent/10/maven-parent-10.pom\n[Unit tests/test]   | [INFO] Downloaded from central: https://repo.maven.apache.org/maven2/org/apache/maven/maven-parent/10/maven-parent-10.pom (32 kB at 4.5 MB/s)\n[Unit tests/test]   | [INFO] Downloading from central: https://repo.maven.apache.org/maven2/org/apache/maven/shared/maven-artifact-transfer/0.11.0/maven-artifact-transfer-0.11.0.pom\n[Unit tests/test]   | [INFO] Downloaded from central: https://repo.maven.apache.org/maven2/org/apache/maven/shared/maven-artifact-transfer/0.11.0/maven-artifact-transfer-0.11.0.pom (11 kB at 1.1 MB/s)\n[Unit tests/test]   | [INFO] Downloading from central: https://repo.maven.apache.org/maven2/org/apache/maven/shared/maven-shared-components/33/maven-shared-components-33.pom\n[Unit tests/test]   | [INFO] Downloaded from central: https://repo.maven.apache.org/maven2/org/apache/maven/shared/maven-shared-components/33/maven-shared-components-33.pom (5.1 kB at 728 kB/s)\n[Unit tests/test]   | [INFO] Downloading from central: https://repo.maven.apache.org/maven2/org/apache/maven/shared/maven-common-artifact-filters/3.1.0/maven-common-artifact-filters-3.1.0.pom\n[Unit tests/test]   | [INFO] Downloaded from central: https://repo.maven.apache.org/maven2/org/apache/maven/shared/maven-common-artifact-filters/3.1.0/maven-common-artifact-filters-3.1.0.pom (5.3 kB at 661 kB/s)\n[Unit tests/test]   | [INFO] Downloading from central: https://repo.maven.apache.org/maven2/commons-codec/commons-codec/1.11/commons-codec-1.11.pom\n[Unit tests/test]   | [INFO] Downloaded from central: https://repo.maven.apache.org/maven2/commons-codec/commons-codec/1.11/commons-codec-1.11.pom (14 kB at 2.0 MB/s)\n[Unit tests/test]   | [INFO] Downloading from central: https://repo.maven.apache.org/maven2/org/apache/commons/commons-parent/42/commons-parent-42.pom\n[Unit tests/test]   | [INFO] Downloaded from central: https://repo.maven.apache.org/maven2/org/apache/commons/commons-parent/42/commons-parent-42.pom (68 kB at 6.2 MB/s)\n[Unit tests/test]   | [INFO] Downloading from central: https://repo.maven.apache.org/maven2/org/apache/apache/18/apache-18.pom\n[Unit tests/test]   | [INFO] Downloaded from central: https://repo.maven.apache.org/maven2/org/apache/apache/18/apache-18.pom (16 kB at 979 kB/s)\n[Unit tests/test]   | [INFO] Downloading from central: https://repo.maven.apache.org/maven2/org/codehaus/plexus/plexus-java/1.0.5/plexus-java-1.0.5.pom\n[Unit tests/test]   | [INFO] Downloaded from central: https://repo.maven.apache.org/maven2/org/codehaus/plexus/plexus-java/1.0.5/plexus-java-1.0.5.pom (4.6 kB at 419 kB/s)\n[Unit tests/test]   | [INFO] Downloading from central: https://repo.maven.apache.org/maven2/org/codehaus/plexus/plexus-languages/1.0.5/plexus-languages-1.0.5.pom\n[Unit tests/test]   | [INFO] Downloaded from central: https://repo.maven.apache.org/maven2/org/codehaus/plexus/plexus-languages/1.0.5/plexus-languages-1.0.5.pom (3.9 kB at 488 kB/s)\n[Unit tests/test]   | [INFO] Downloading from central: https://repo.maven.apache.org/maven2/org/codehaus/plexus/plexus/6.2/plexus-6.2.pom\n[Unit tests/test]   | [INFO] Downloaded from central: https://repo.maven.apache.org/maven2/org/codehaus/plexus/plexus/6.2/plexus-6.2.pom (24 kB at 934 kB/s)\n[Unit tests/test]   | [INFO] Downloading from central: https://repo.maven.apache.org/maven2/org/ow2/asm/asm/7.2/asm-7.2.pom\n[Unit tests/test]   | [INFO] Downloaded from central: https://repo.maven.apache.org/maven2/org/ow2/asm/asm/7.2/asm-7.2.pom (2.9 kB at 421 kB/s)\n[Unit tests/test]   | [INFO] Downloading from central: https://repo.maven.apache.org/maven2/org/ow2/ow2/1.5/ow2-1.5.pom\n[Unit tests/test]   | [INFO] Downloaded from central: https://repo.maven.apache.org/maven2/org/ow2/ow2/1.5/ow2-1.5.pom (11 kB at 1.9 MB/s)\n[Unit tests/test]   | [INFO] Downloading from central: https://repo.maven.apache.org/maven2/com/thoughtworks/qdox/qdox/2.0-M9/qdox-2.0-M9.pom\n[Unit tests/test]   | [INFO] Downloaded from central: https://repo.maven.apache.org/maven2/com/thoughtworks/qdox/qdox/2.0-M9/qdox-2.0-M9.pom (16 kB at 720 kB/s)\n[Unit tests/test]   | [INFO] Downloading from central: https://repo.maven.apache.org/maven2/org/junit/jupiter/junit-jupiter-engine/5.6.2/junit-jupiter-engine-5.6.2.jar\n[Unit tests/test]   | [INFO] Downloading from central: https://repo.maven.apache.org/maven2/org/junit/platform/junit-platform-engine/1.6.2/junit-platform-engine-1.6.2.jar\n[Unit tests/test]   | [INFO] Downloading from central: https://repo.maven.apache.org/maven2/org/apache/maven/surefire/maven-surefire-common/3.0.0-M5/maven-surefire-common-3.0.0-M5.jar\n[Unit tests/test]   | [INFO] Downloading from central: https://repo.maven.apache.org/maven2/org/apache/maven/surefire/surefire-api/3.0.0-M5/surefire-api-3.0.0-M5.jar\n[Unit tests/test]   | [INFO] Downloading from central: https://repo.maven.apache.org/maven2/org/apache/maven/surefire/surefire-logger-api/3.0.0-M5/surefire-logger-api-3.0.0-M5.jar\n[Unit tests/test]   | [INFO] Downloaded from central: https://repo.maven.apache.org/maven2/org/apache/maven/surefire/surefire-logger-api/3.0.0-M5/surefire-logger-api-3.0.0-M5.jar (14 kB at 975 kB/s)\n[Unit tests/test]   | [INFO] Downloading from central: https://repo.maven.apache.org/maven2/org/apache/maven/surefire/surefire-extensions-api/3.0.0-M5/surefire-extensions-api-3.0.0-M5.jar\n[Unit tests/test]   | [INFO] Downloaded from central: https://repo.maven.apache.org/maven2/org/apache/maven/surefire/surefire-api/3.0.0-M5/surefire-api-3.0.0-M5.jar (144 kB at 5.8 MB/s)\n[Unit tests/test]   | [INFO] Downloaded from central: https://repo.maven.apache.org/maven2/org/junit/platform/junit-platform-engine/1.6.2/junit-platform-engine-1.6.2.jar (174 kB at 6.7 MB/s)\n[Unit tests/test]   | [INFO] Downloading from central: https://repo.maven.apache.org/maven2/org/apache/maven/surefire/surefire-booter/3.0.0-M5/surefire-booter-3.0.0-M5.jar\n[Unit tests/test]   | [INFO] Downloading from central: https://repo.maven.apache.org/maven2/org/apache/maven/surefire/surefire-extensions-spi/3.0.0-M5/surefire-extensions-spi-3.0.0-M5.jar\n[Unit tests/test]   | [INFO] Downloaded from central: https://repo.maven.apache.org/maven2/org/apache/maven/surefire/surefire-extensions-api/3.0.0-M5/surefire-extensions-api-3.0.0-M5.jar (24 kB at 999 kB/s)\n[Unit tests/test]   | [INFO] Downloading from central: https://repo.maven.apache.org/maven2/org/apache/maven/maven-toolchain/3.0-alpha-2/maven-toolchain-3.0-alpha-2.jar\n[Unit tests/test]   | [INFO] Downloaded from central: https://repo.maven.apache.org/maven2/org/apache/maven/surefire/surefire-booter/3.0.0-M5/surefire-booter-3.0.0-M5.jar (106 kB at 3.1 MB/s)\n[Unit tests/test]   | [INFO] Downloading from central: https://repo.maven.apache.org/maven2/org/apache/maven/shared/maven-artifact-transfer/0.11.0/maven-artifact-transfer-0.11.0.jar\n[Unit tests/test]   | [INFO] Downloaded from central: https://repo.maven.apache.org/maven2/org/apache/maven/surefire/maven-surefire-common/3.0.0-M5/maven-surefire-common-3.0.0-M5.jar (311 kB at 7.8 MB/s)\n[Unit tests/test]   | [INFO] Downloaded from central: https://repo.maven.apache.org/maven2/org/apache/maven/maven-toolchain/3.0-alpha-2/maven-toolchain-3.0-alpha-2.jar (36 kB at 926 kB/s)\n[Unit tests/test]   | [INFO] Downloading from central: https://repo.maven.apache.org/maven2/org/apache/maven/shared/maven-common-artifact-filters/3.1.0/maven-common-artifact-filters-3.1.0.jar\n[Unit tests/test]   | [INFO] Downloading from central: https://repo.maven.apache.org/maven2/commons-codec/commons-codec/1.11/commons-codec-1.11.jar\n[Unit tests/test]   | [INFO] Downloaded from central: https://repo.maven.apache.org/maven2/org/apache/maven/surefire/surefire-extensions-spi/3.0.0-M5/surefire-extensions-spi-3.0.0-M5.jar (7.9 kB at 194 kB/s)\n[Unit tests/test]   | [INFO] Downloading from central: https://repo.maven.apache.org/maven2/org/codehaus/plexus/plexus-java/1.0.5/plexus-java-1.0.5.jar\n[Unit tests/test]   | [INFO] Downloaded from central: https://repo.maven.apache.org/maven2/org/junit/jupiter/junit-jupiter-engine/5.6.2/junit-jupiter-engine-5.6.2.jar (209 kB at 4.4 MB/s)\n[Unit tests/test]   | [INFO] Downloading from central: https://repo.maven.apache.org/maven2/org/ow2/asm/asm/7.2/asm-7.2.jar\n[Unit tests/test]   | [INFO] Downloaded from central: https://repo.maven.apache.org/maven2/org/apache/maven/shared/maven-common-artifact-filters/3.1.0/maven-common-artifact-filters-3.1.0.jar (61 kB at 1.3 MB/s)\n[Unit tests/test]   | [INFO] Downloading from central: https://repo.maven.apache.org/maven2/com/thoughtworks/qdox/qdox/2.0-M9/qdox-2.0-M9.jar\n[Unit tests/test]   | [INFO] Downloaded from central: https://repo.maven.apache.org/maven2/org/codehaus/plexus/plexus-java/1.0.5/plexus-java-1.0.5.jar (52 kB at 1.0 MB/s)\n[Unit tests/test]   | [INFO] Downloading from central: https://repo.maven.apache.org/maven2/org/apache/maven/surefire/surefire-shared-utils/3.0.0-M4/surefire-shared-utils-3.0.0-M4.jar\n[Unit tests/test]   | [INFO] Downloaded from central: https://repo.maven.apache.org/maven2/org/apache/maven/shared/maven-artifact-transfer/0.11.0/maven-artifact-transfer-0.11.0.jar (128 kB at 2.4 MB/s)\n[Unit tests/test]   | [INFO] Downloading from central: https://repo.maven.apache.org/maven2/org/codehaus/plexus/plexus-utils/1.1/plexus-utils-1.1.jar\n[Unit tests/test]   | [INFO] Downloaded from central: https://repo.maven.apache.org/maven2/org/ow2/asm/asm/7.2/asm-7.2.jar (115 kB at 2.1 MB/s)\n[Unit tests/test]   | [INFO] Downloaded from central: https://repo.maven.apache.org/maven2/commons-codec/commons-codec/1.11/commons-codec-1.11.jar (335 kB at 5.8 MB/s)\n[Unit tests/test]   | [INFO] Downloaded from central: https://repo.maven.apache.org/maven2/org/codehaus/plexus/plexus-utils/1.1/plexus-utils-1.1.jar (169 kB at 2.6 MB/s)\n[Unit tests/test]   | [INFO] Downloaded from central: https://repo.maven.apache.org/maven2/com/thoughtworks/qdox/qdox/2.0-M9/qdox-2.0-M9.jar (317 kB at 4.7 MB/s)\n[Unit tests/test]   | [INFO] Downloaded from central: https://repo.maven.apache.org/maven2/org/apache/maven/surefire/surefire-shared-utils/3.0.0-M4/surefire-shared-utils-3.0.0-M4.jar (1.9 MB at 11 MB/s)\n[Unit tests/test]   | [INFO] Downloading from central: https://repo.maven.apache.org/maven2/org/apache/maven/surefire/surefire-junit-platform/3.0.0-M5/surefire-junit-platform-3.0.0-M5.jar\n[Unit tests/test]   | [INFO] Downloaded from central: https://repo.maven.apache.org/maven2/org/apache/maven/surefire/surefire-junit-platform/3.0.0-M5/surefire-junit-platform-3.0.0-M5.jar (23 kB at 1.5 MB/s)\n[Unit tests/test]   | [INFO] Downloading from central: https://repo.maven.apache.org/maven2/org/apache/maven/surefire/surefire-junit-platform/3.0.0-M5/surefire-junit-platform-3.0.0-M5.pom\n[Unit tests/test]   | [INFO] Downloaded from central: https://repo.maven.apache.org/maven2/org/apache/maven/surefire/surefire-junit-platform/3.0.0-M5/surefire-junit-platform-3.0.0-M5.pom (6.7 kB at 559 kB/s)\n[Unit tests/test]   | [INFO] Downloading from central: https://repo.maven.apache.org/maven2/org/apache/maven/surefire/surefire-providers/3.0.0-M5/surefire-providers-3.0.0-M5.pom\n[Unit tests/test]   | [INFO] Downloaded from central: https://repo.maven.apache.org/maven2/org/apache/maven/surefire/surefire-providers/3.0.0-M5/surefire-providers-3.0.0-M5.pom (2.5 kB at 181 kB/s)\n[Unit tests/test]   | [INFO] Downloading from central: https://repo.maven.apache.org/maven2/org/apache/maven/surefire/common-java5/3.0.0-M5/common-java5-3.0.0-M5.pom\n[Unit tests/test]   | [INFO] Downloaded from central: https://repo.maven.apache.org/maven2/org/apache/maven/surefire/common-java5/3.0.0-M5/common-java5-3.0.0-M5.pom (2.6 kB at 327 kB/s)\n[Unit tests/test]   | [INFO] Downloading from central: https://repo.maven.apache.org/maven2/org/junit/platform/junit-platform-launcher/1.3.2/junit-platform-launcher-1.3.2.pom\n[Unit tests/test]   | [INFO] Downloaded from central: https://repo.maven.apache.org/maven2/org/junit/platform/junit-platform-launcher/1.3.2/junit-platform-launcher-1.3.2.pom (2.2 kB at 123 kB/s)\n[Unit tests/test]   | [INFO] Downloading from central: https://repo.maven.apache.org/maven2/org/apiguardian/apiguardian-api/1.0.0/apiguardian-api-1.0.0.pom\n[Unit tests/test]   | [INFO] Downloaded from central: https://repo.maven.apache.org/maven2/org/apiguardian/apiguardian-api/1.0.0/apiguardian-api-1.0.0.pom (1.2 kB at 34 kB/s)\n[Unit tests/test]   | [INFO] Downloading from central: https://repo.maven.apache.org/maven2/org/junit/platform/junit-platform-engine/1.3.2/junit-platform-engine-1.3.2.pom\n[Unit tests/test]   | [INFO] Downloaded from central: https://repo.maven.apache.org/maven2/org/junit/platform/junit-platform-engine/1.3.2/junit-platform-engine-1.3.2.pom (2.4 kB at 49 kB/s)\n[Unit tests/test]   | [INFO] Downloading from central: https://repo.maven.apache.org/maven2/org/junit/platform/junit-platform-commons/1.3.2/junit-platform-commons-1.3.2.pom\n[Unit tests/test]   | [INFO] Downloaded from central: https://repo.maven.apache.org/maven2/org/junit/platform/junit-platform-commons/1.3.2/junit-platform-commons-1.3.2.pom (2.0 kB at 404 kB/s)\n[Unit tests/test]   | [INFO] Downloading from central: https://repo.maven.apache.org/maven2/org/opentest4j/opentest4j/1.1.1/opentest4j-1.1.1.pom\n[Unit tests/test]   | [INFO] Downloaded from central: https://repo.maven.apache.org/maven2/org/opentest4j/opentest4j/1.1.1/opentest4j-1.1.1.pom (1.7 kB at 280 kB/s)\n[Unit tests/test]   | [INFO] Downloading from central: https://repo.maven.apache.org/maven2/org/junit/jupiter/junit-jupiter-engine/5.3.2/junit-jupiter-engine-5.3.2.pom\n[Unit tests/test]   | [INFO] Downloaded from central: https://repo.maven.apache.org/maven2/org/junit/jupiter/junit-jupiter-engine/5.3.2/junit-jupiter-engine-5.3.2.pom (2.4 kB at 342 kB/s)\n[Unit tests/test]   | [INFO] Downloading from central: https://repo.maven.apache.org/maven2/org/junit/jupiter/junit-jupiter-api/5.3.2/junit-jupiter-api-5.3.2.pom\n[Unit tests/test]   | [INFO] Downloaded from central: https://repo.maven.apache.org/maven2/org/junit/jupiter/junit-jupiter-api/5.3.2/junit-jupiter-api-5.3.2.pom (2.4 kB at 396 kB/s)\n[Unit tests/test]   | [INFO] Downloading from central: https://repo.maven.apache.org/maven2/org/junit/jupiter/junit-jupiter-params/5.3.2/junit-jupiter-params-5.3.2.pom\n[Unit tests/test]   | [INFO] Downloaded from central: https://repo.maven.apache.org/maven2/org/junit/jupiter/junit-jupiter-params/5.3.2/junit-jupiter-params-5.3.2.pom (2.2 kB at 367 kB/s)\n[Unit tests/test]   | [INFO] Downloading from central: https://repo.maven.apache.org/maven2/org/mockito/mockito-core/2.28.2/mockito-core-2.28.2.pom\n[Unit tests/test]   | [INFO] Downloaded from central: https://repo.maven.apache.org/maven2/org/mockito/mockito-core/2.28.2/mockito-core-2.28.2.pom (20 kB at 1.4 MB/s)\n[Unit tests/test]   | [INFO] Downloading from central: https://repo.maven.apache.org/maven2/net/bytebuddy/byte-buddy/1.9.10/byte-buddy-1.9.10.pom\n[Unit tests/test]   | [INFO] Downloaded from central: https://repo.maven.apache.org/maven2/net/bytebuddy/byte-buddy/1.9.10/byte-buddy-1.9.10.pom (10 kB at 2.1 MB/s)\n[Unit tests/test]   | [INFO] Downloading from central: https://repo.maven.apache.org/maven2/net/bytebuddy/byte-buddy-parent/1.9.10/byte-buddy-parent-1.9.10.pom\n[Unit tests/test]   | [INFO] Downloaded from central: https://repo.maven.apache.org/maven2/net/bytebuddy/byte-buddy-parent/1.9.10/byte-buddy-parent-1.9.10.pom (36 kB at 5.1 MB/s)\n[Unit tests/test]   | [INFO] Downloading from central: https://repo.maven.apache.org/maven2/net/bytebuddy/byte-buddy-agent/1.9.10/byte-buddy-agent-1.9.10.pom\n[Unit tests/test]   | [INFO] Downloaded from central: https://repo.maven.apache.org/maven2/net/bytebuddy/byte-buddy-agent/1.9.10/byte-buddy-agent-1.9.10.pom (6.0 kB at 1.0 MB/s)\n[Unit tests/test]   | [INFO] Downloading from central: https://repo.maven.apache.org/maven2/org/objenesis/objenesis/2.6/objenesis-2.6.pom\n[Unit tests/test]   | [INFO] Downloaded from central: https://repo.maven.apache.org/maven2/org/objenesis/objenesis/2.6/objenesis-2.6.pom (2.8 kB at 464 kB/s)\n[Unit tests/test]   | [INFO] Downloading from central: https://repo.maven.apache.org/maven2/org/objenesis/objenesis-parent/2.6/objenesis-parent-2.6.pom\n[Unit tests/test]   | [INFO] Downloaded from central: https://repo.maven.apache.org/maven2/org/objenesis/objenesis-parent/2.6/objenesis-parent-2.6.pom (17 kB at 718 kB/s)\n[Unit tests/test]   | [INFO] Downloading from central: https://repo.maven.apache.org/maven2/org/powermock/powermock-reflect/2.0.5/powermock-reflect-2.0.5.pom\n[Unit tests/test]   | [INFO] Downloaded from central: https://repo.maven.apache.org/maven2/org/powermock/powermock-reflect/2.0.5/powermock-reflect-2.0.5.pom (7.2 kB at 1.0 MB/s)\n[Unit tests/test]   | [INFO] Downloading from central: https://repo.maven.apache.org/maven2/org/assertj/assertj-core/3.9.1/assertj-core-3.9.1.pom\n[Unit tests/test]   | [INFO] Downloaded from central: https://repo.maven.apache.org/maven2/org/assertj/assertj-core/3.9.1/assertj-core-3.9.1.pom (10 kB at 512 kB/s)\n[Unit tests/test]   | [INFO] Downloading from central: https://repo.maven.apache.org/maven2/org/assertj/assertj-parent-pom/2.1.9/assertj-parent-pom-2.1.9.pom\n[Unit tests/test]   | [INFO] Downloaded from central: https://repo.maven.apache.org/maven2/org/assertj/assertj-parent-pom/2.1.9/assertj-parent-pom-2.1.9.pom (15 kB at 2.6 MB/s)\n[Unit tests/test]   | [INFO] Downloading from central: https://repo.maven.apache.org/maven2/junit/junit/4.13/junit-4.13.pom\n[Unit tests/test]   | [INFO] Downloaded from central: https://repo.maven.apache.org/maven2/junit/junit/4.13/junit-4.13.pom (25 kB at 3.6 MB/s)\n[Unit tests/test]   | [INFO] Downloading from central: https://repo.maven.apache.org/maven2/org/hamcrest/hamcrest-library/1.3/hamcrest-library-1.3.pom\n[Unit tests/test]   | [INFO] Downloaded from central: https://repo.maven.apache.org/maven2/org/hamcrest/hamcrest-library/1.3/hamcrest-library-1.3.pom (820 B at 137 kB/s)\n[Unit tests/test]   | [INFO] Downloading from central: https://repo.maven.apache.org/maven2/org/hamcrest/hamcrest-parent/1.3/hamcrest-parent-1.3.pom\n[Unit tests/test]   | [INFO] Downloaded from central: https://repo.maven.apache.org/maven2/org/hamcrest/hamcrest-parent/1.3/hamcrest-parent-1.3.pom (2.0 kB at 394 kB/s)\n[Unit tests/test]   | [INFO] Downloading from central: https://repo.maven.apache.org/maven2/org/hamcrest/hamcrest-core/1.3/hamcrest-core-1.3.pom\n[Unit tests/test]   | [INFO] Downloaded from central: https://repo.maven.apache.org/maven2/org/hamcrest/hamcrest-core/1.3/hamcrest-core-1.3.pom (766 B at 153 kB/s)\n[Unit tests/test]   | [INFO] Downloading from central: https://repo.maven.apache.org/maven2/org/easytesting/fest-assert/1.4/fest-assert-1.4.pom\n[Unit tests/test]   | [INFO] Downloaded from central: https://repo.maven.apache.org/maven2/org/easytesting/fest-assert/1.4/fest-assert-1.4.pom (2.4 kB at 297 kB/s)\n[Unit tests/test]   | [INFO] Downloading from central: https://repo.maven.apache.org/maven2/org/easytesting/fest/1.0.8/fest-1.0.8.pom\n[Unit tests/test]   | [INFO] Downloaded from central: https://repo.maven.apache.org/maven2/org/easytesting/fest/1.0.8/fest-1.0.8.pom (12 kB at 1.5 MB/s)\n[Unit tests/test]   | [INFO] Downloading from central: https://repo.maven.apache.org/maven2/org/easytesting/fest-util/1.1.6/fest-util-1.1.6.pom\n[Unit tests/test]   | [INFO] Downloaded from central: https://repo.maven.apache.org/maven2/org/easytesting/fest-util/1.1.6/fest-util-1.1.6.pom (1.6 kB at 223 kB/s)\n[Unit tests/test]   | [INFO] Downloading from central: https://repo.maven.apache.org/maven2/org/apiguardian/apiguardian-api/1.0.0/apiguardian-api-1.0.0.jar\n[Unit tests/test]   | [INFO] Downloading from central: https://repo.maven.apache.org/maven2/org/apache/maven/surefire/common-java5/3.0.0-M5/common-java5-3.0.0-M5.jar\n[Unit tests/test]   | [INFO] Downloading from central: https://repo.maven.apache.org/maven2/org/junit/platform/junit-platform-engine/1.3.2/junit-platform-engine-1.3.2.jar\n[Unit tests/test]   | [INFO] Downloading from central: https://repo.maven.apache.org/maven2/org/junit/platform/junit-platform-launcher/1.3.2/junit-platform-launcher-1.3.2.jar\n[Unit tests/test]   | [INFO] Downloading from central: https://repo.maven.apache.org/maven2/org/junit/platform/junit-platform-commons/1.3.2/junit-platform-commons-1.3.2.jar\n[Unit tests/test]   | [INFO] Downloaded from central: https://repo.maven.apache.org/maven2/org/apiguardian/apiguardian-api/1.0.0/apiguardian-api-1.0.0.jar (2.2 kB at 361 kB/s)\n[Unit tests/test]   | [INFO] Downloaded from central: https://repo.maven.apache.org/maven2/org/apache/maven/surefire/common-java5/3.0.0-M5/common-java5-3.0.0-M5.jar (16 kB at 2.0 MB/s)\n[Unit tests/test]   | [INFO] Downloading from central: https://repo.maven.apache.org/maven2/org/opentest4j/opentest4j/1.1.1/opentest4j-1.1.1.jar\n[Unit tests/test]   | [INFO] Downloaded from central: https://repo.maven.apache.org/maven2/org/junit/platform/junit-platform-commons/1.3.2/junit-platform-commons-1.3.2.jar (78 kB at 8.6 MB/s)\n[Unit tests/test]   | [INFO] Downloaded from central: https://repo.maven.apache.org/maven2/org/junit/platform/junit-platform-launcher/1.3.2/junit-platform-launcher-1.3.2.jar (95 kB at 6.3 MB/s)\n[Unit tests/test]   | [INFO] Downloaded from central: https://repo.maven.apache.org/maven2/org/opentest4j/opentest4j/1.1.1/opentest4j-1.1.1.jar (7.1 kB at 712 kB/s)\n[Unit tests/test]   | [INFO] Downloaded from central: https://repo.maven.apache.org/maven2/org/junit/platform/junit-platform-engine/1.3.2/junit-platform-engine-1.3.2.jar (138 kB at 7.3 MB/s)\n[Unit tests/test]   | [INFO] Downloading from central: https://repo.maven.apache.org/maven2/org/junit/platform/junit-platform-launcher/1.6.2/junit-platform-launcher-1.6.2.jar\n[Unit tests/test]   | [INFO] Downloaded from central: https://repo.maven.apache.org/maven2/org/junit/platform/junit-platform-launcher/1.6.2/junit-platform-launcher-1.6.2.jar (122 kB at 14 MB/s)\n[Unit tests/test]   | [INFO] Downloading from central: https://repo.maven.apache.org/maven2/org/junit/platform/junit-platform-launcher/1.6.2/junit-platform-launcher-1.6.2.pom\n[Unit tests/test]   | [INFO] Downloaded from central: https://repo.maven.apache.org/maven2/org/junit/platform/junit-platform-launcher/1.6.2/junit-platform-launcher-1.6.2.pom (3.0 kB at 303 kB/s)\n[Unit tests/test]   | [INFO] \n[Unit tests/test]   | [INFO] -------------------------------------------------------\n[Unit tests/test]   | [INFO]  T E S T S\n[Unit tests/test]   | [INFO] -------------------------------------------------------\n[Unit tests/test]   | [INFO] Running me.leoko.advancedban.PunishmentTest\n[Unit tests/test]   | May 28, 2023 7:07:08 PM com.zaxxer.hikari.HikariDataSource <init>\n[Unit tests/test]   | INFO: HikariPool-1 - Starting...\n[Unit tests/test]   | Logging: &cEnabling AdvancedBan on Version &7&rTEST\n[Unit tests/test]   | Logging: &cCoded by &7Leoko &8| &7Twitter: @LeokoGar&r\n[Unit tests/test]   | Called punishment event!\n[Unit tests/test]   | Called punishment event!\n[Unit tests/test]   | Message: UnitTest -> General.Prefix Ban.Done\n[Unit tests/test]   | Persistence test...\n[Unit tests/test]   | Called punishment event!\n[Unit tests/test]   | Punishment ID >> 2\n[Unit tests/test]   | Logging: &cDisabling AdvancedBan on Version &7TEST\n[Unit tests/test]   | Logging: &cCoded by Leoko &8| &7Twitter: @LeokoGar\n[Unit tests/test]   | [INFO] Tests run: 5, Failures: 0, Errors: 0, Skipped: 0, Time elapsed: 2.054 s - in me.leoko.advancedban.PunishmentTest\n[Unit tests/test]   | [INFO] Running me.leoko.advancedban.DatabaseTest\n[Unit tests/test]   | Logging: &cEnabling AdvancedBan on Version &7&rTEST\n[Unit tests/test]   | Logging: &cCoded by &7Leoko &8| &7Twitter: @LeokoGar&r\n[Unit tests/test]   | Logging: &cDisabling AdvancedBan on Version &7TEST\n[Unit tests/test]   | Logging: &cCoded by Leoko &8| &7Twitter: @LeokoGar\n[Unit tests/test]   | [INFO] Tests run: 1, Failures: 0, Errors: 0, Skipped: 0, Time elapsed: 0.145 s - in me.leoko.advancedban.DatabaseTest\n[Unit tests/test]   | [INFO] \n[Unit tests/test]   | [INFO] Results:\n[Unit tests/test]   | [INFO] \n[Unit tests/test]   | [INFO] Tests run: 6, Failures: 0, Errors: 0, Skipped: 0\n[Unit tests/test]   | [INFO] \n[Unit tests/test]   | [INFO] \n[Unit tests/test]   | [INFO] --------------< me.leoko.advancedban:AdvancedBan-Bukkit >---------------\n[Unit tests/test]   | [INFO] Building AdvancedBan-Bukkit 2.3.0                                  [3/5]\n[Unit tests/test]   | [INFO] --------------------------------[ jar ]---------------------------------\n[Unit tests/test]   | [INFO] Downloading from jitpack.io: https://jitpack.io/org/spigotmc/spigot-api/1.12-R0.1-SNAPSHOT/maven-metadata.xml\n[Unit tests/test]   | [INFO] Downloading from CodeMC: https://repo.codemc.org/repository/maven-public/org/spigotmc/spigot-api/1.12-R0.1-SNAPSHOT/maven-metadata.xml\n[Unit tests/test]   | [INFO] Downloading from spigot-repo: https://hub.spigotmc.org/nexus/content/repositories/snapshots/org/spigotmc/spigot-api/1.12-R0.1-SNAPSHOT/maven-metadata.xml\n[Unit tests/test]   | [INFO] Downloaded from spigot-repo: https://hub.spigotmc.org/nexus/content/repositories/snapshots/org/spigotmc/spigot-api/1.12-R0.1-SNAPSHOT/maven-metadata.xml (1.4 kB at 2.2 kB/s)\n[Unit tests/test]   | [INFO] Downloading from spigot-repo: https://hub.spigotmc.org/nexus/content/repositories/snapshots/org/spigotmc/spigot-api/1.12-R0.1-SNAPSHOT/spigot-api-1.12-R0.1-20170803.111256-74.pom\n[Unit tests/test]   | [INFO] Downloaded from spigot-repo: https://hub.spigotmc.org/nexus/content/repositories/snapshots/org/spigotmc/spigot-api/1.12-R0.1-SNAPSHOT/spigot-api-1.12-R0.1-20170803.111256-74.pom (6.2 kB at 20 kB/s)\n[Unit tests/test]   | [INFO] Downloading from spigot-repo: https://hub.spigotmc.org/nexus/content/repositories/snapshots/commons-lang/commons-lang/2.6/commons-lang-2.6.pom\n[Unit tests/test]   | [INFO] Downloading from CodeMC: https://repo.codemc.org/repository/maven-public/commons-lang/commons-lang/2.6/commons-lang-2.6.pom\n[Unit tests/test]   | [INFO] Downloading from jitpack.io: https://jitpack.io/commons-lang/commons-lang/2.6/commons-lang-2.6.pom\n[Unit tests/test]   | [INFO] Downloading from central: https://repo.maven.apache.org/maven2/commons-lang/commons-lang/2.6/commons-lang-2.6.pom\n[Unit tests/test]   | [INFO] Downloaded from central: https://repo.maven.apache.org/maven2/commons-lang/commons-lang/2.6/commons-lang-2.6.pom (17 kB at 2.2 MB/s)\n[Unit tests/test]   | [INFO] Downloading from spigot-repo: https://hub.spigotmc.org/nexus/content/repositories/snapshots/org/apache/commons/commons-parent/17/commons-parent-17.pom\n[Unit tests/test]   | [INFO] Downloading from CodeMC: https://repo.codemc.org/repository/maven-public/org/apache/commons/commons-parent/17/commons-parent-17.pom\n[Unit tests/test]   | [INFO] Downloading from jitpack.io: https://jitpack.io/org/apache/commons/commons-parent/17/commons-parent-17.pom\n[Unit tests/test]   | [INFO] Downloading from central: https://repo.maven.apache.org/maven2/org/apache/commons/commons-parent/17/commons-parent-17.pom\n[Unit tests/test]   | [INFO] Downloaded from central: https://repo.maven.apache.org/maven2/org/apache/commons/commons-parent/17/commons-parent-17.pom (31 kB at 2.1 MB/s)\n[Unit tests/test]   | [INFO] Downloading from spigot-repo: https://hub.spigotmc.org/nexus/content/repositories/snapshots/org/apache/apache/7/apache-7.pom\n[Unit tests/test]   | [INFO] Downloading from CodeMC: https://repo.codemc.org/repository/maven-public/org/apache/apache/7/apache-7.pom\n[Unit tests/test]   | [INFO] Downloading from jitpack.io: https://jitpack.io/org/apache/apache/7/apache-7.pom\n[Unit tests/test]   | [INFO] Downloading from central: https://repo.maven.apache.org/maven2/org/apache/apache/7/apache-7.pom\n[Unit tests/test]   | [INFO] Downloaded from central: https://repo.maven.apache.org/maven2/org/apache/apache/7/apache-7.pom (14 kB at 2.1 MB/s)\n[Unit tests/test]   | [INFO] Downloading from spigot-repo: https://hub.spigotmc.org/nexus/content/repositories/snapshots/com/googlecode/json-simple/json-simple/1.1.1/json-simple-1.1.1.pom\n[Unit tests/test]   | [INFO] Downloading from CodeMC: https://repo.codemc.org/repository/maven-public/com/googlecode/json-simple/json-simple/1.1.1/json-simple-1.1.1.pom\n[Unit tests/test]   | [INFO] Downloading from jitpack.io: https://jitpack.io/com/googlecode/json-simple/json-simple/1.1.1/json-simple-1.1.1.pom\n[Unit tests/test]   | [INFO] Downloading from central: https://repo.maven.apache.org/maven2/com/googlecode/json-simple/json-simple/1.1.1/json-simple-1.1.1.pom\n[Unit tests/test]   | [INFO] Downloaded from central: https://repo.maven.apache.org/maven2/com/googlecode/json-simple/json-simple/1.1.1/json-simple-1.1.1.pom (3.5 kB at 151 kB/s)\n[Unit tests/test]   | [INFO] Downloading from spigot-repo: https://hub.spigotmc.org/nexus/content/repositories/snapshots/junit/junit/4.10/junit-4.10.pom\n[Unit tests/test]   | [INFO] Downloading from CodeMC: https://repo.codemc.org/repository/maven-public/junit/junit/4.10/junit-4.10.pom\n[Unit tests/test]   | [INFO] Downloading from jitpack.io: https://jitpack.io/junit/junit/4.10/junit-4.10.pom\n[Unit tests/test]   | [INFO] Downloading from central: https://repo.maven.apache.org/maven2/junit/junit/4.10/junit-4.10.pom\n[Unit tests/test]   | [INFO] Downloaded from central: https://repo.maven.apache.org/maven2/junit/junit/4.10/junit-4.10.pom (2.3 kB at 293 kB/s)\n[Unit tests/test]   | [INFO] Downloading from spigot-repo: https://hub.spigotmc.org/nexus/content/repositories/snapshots/org/hamcrest/hamcrest-core/1.1/hamcrest-core-1.1.pom\n[Unit tests/test]   | [INFO] Downloading from CodeMC: https://repo.codemc.org/repository/maven-public/org/hamcrest/hamcrest-core/1.1/hamcrest-core-1.1.pom\n[Unit tests/test]   | [INFO] Downloading from jitpack.io: https://jitpack.io/org/hamcrest/hamcrest-core/1.1/hamcrest-core-1.1.pom\n[Unit tests/test]   | [INFO] Downloading from central: https://repo.maven.apache.org/maven2/org/hamcrest/hamcrest-core/1.1/hamcrest-core-1.1.pom\n[Unit tests/test]   | [INFO] Downloaded from central: https://repo.maven.apache.org/maven2/org/hamcrest/hamcrest-core/1.1/hamcrest-core-1.1.pom (481 B at 20 kB/s)\n[Unit tests/test]   | [INFO] Downloading from spigot-repo: https://hub.spigotmc.org/nexus/content/repositories/snapshots/org/hamcrest/hamcrest-parent/1.1/hamcrest-parent-1.1.pom\n[Unit tests/test]   | [INFO] Downloading from CodeMC: https://repo.codemc.org/repository/maven-public/org/hamcrest/hamcrest-parent/1.1/hamcrest-parent-1.1.pom\n[Unit tests/test]   | [INFO] Downloading from jitpack.io: https://jitpack.io/org/hamcrest/hamcrest-parent/1.1/hamcrest-parent-1.1.pom\n[Unit tests/test]   | [INFO] Downloading from central: https://repo.maven.apache.org/maven2/org/hamcrest/hamcrest-parent/1.1/hamcrest-parent-1.1.pom\n[Unit tests/test]   | [INFO] Downloaded from central: https://repo.maven.apache.org/maven2/org/hamcrest/hamcrest-parent/1.1/hamcrest-parent-1.1.pom (5.9 kB at 210 kB/s)\n[Unit tests/test]   | [INFO] Downloading from spigot-repo: https://hub.spigotmc.org/nexus/content/repositories/snapshots/com/google/guava/guava/21.0/guava-21.0.pom\n[Unit tests/test]   | [INFO] Downloading from CodeMC: https://repo.codemc.org/repository/maven-public/com/google/guava/guava/21.0/guava-21.0.pom\n[Unit tests/test]   | [INFO] Downloading from jitpack.io: https://jitpack.io/com/google/guava/guava/21.0/guava-21.0.pom\n[Unit tests/test]   | [INFO] Downloading from central: https://repo.maven.apache.org/maven2/com/google/guava/guava/21.0/guava-21.0.pom\n[Unit tests/test]   | [INFO] Downloaded from central: https://repo.maven.apache.org/maven2/com/google/guava/guava/21.0/guava-21.0.pom (7.0 kB at 117 kB/s)\n[Unit tests/test]   | [INFO] Downloading from spigot-repo: https://hub.spigotmc.org/nexus/content/repositories/snapshots/com/google/guava/guava-parent/21.0/guava-parent-21.0.pom\n[Unit tests/test]   | [INFO] Downloading from CodeMC: https://repo.codemc.org/repository/maven-public/com/google/guava/guava-parent/21.0/guava-parent-21.0.pom\n[Unit tests/test]   | [INFO] Downloading from jitpack.io: https://jitpack.io/com/google/guava/guava-parent/21.0/guava-parent-21.0.pom\n[Unit tests/test]   | [INFO] Downloading from central: https://repo.maven.apache.org/maven2/com/google/guava/guava-parent/21.0/guava-parent-21.0.pom\n[Unit tests/test]   | [INFO] Downloaded from central: https://repo.maven.apache.org/maven2/com/google/guava/guava-parent/21.0/guava-parent-21.0.pom (9.7 kB at 248 kB/s)\n[Unit tests/test]   | [INFO] Downloading from spigot-repo: https://hub.spigotmc.org/nexus/content/repositories/snapshots/com/google/code/gson/gson/2.8.0/gson-2.8.0.pom\n[Unit tests/test]   | [INFO] Downloading from CodeMC: https://repo.codemc.org/repository/maven-public/com/google/code/gson/gson/2.8.0/gson-2.8.0.pom\n[Unit tests/test]   | [INFO] Downloading from jitpack.io: https://jitpack.io/com/google/code/gson/gson/2.8.0/gson-2.8.0.pom\n[Unit tests/test]   | [INFO] Downloading from central: https://repo.maven.apache.org/maven2/com/google/code/gson/gson/2.8.0/gson-2.8.0.pom\n[Unit tests/test]   | [INFO] Downloaded from central: https://repo.maven.apache.org/maven2/com/google/code/gson/gson/2.8.0/gson-2.8.0.pom (1.4 kB at 34 kB/s)\n[Unit tests/test]   | [INFO] Downloading from spigot-repo: https://hub.spigotmc.org/nexus/content/repositories/snapshots/com/google/code/gson/gson-parent/2.8.0/gson-parent-2.8.0.pom\n[Unit tests/test]   | [INFO] Downloading from CodeMC: https://repo.codemc.org/repository/maven-public/com/google/code/gson/gson-parent/2.8.0/gson-parent-2.8.0.pom\n[Unit tests/test]   | [INFO] Downloading from jitpack.io: https://jitpack.io/com/google/code/gson/gson-parent/2.8.0/gson-parent-2.8.0.pom\n[Unit tests/test]   | [INFO] Downloading from central: https://repo.maven.apache.org/maven2/com/google/code/gson/gson-parent/2.8.0/gson-parent-2.8.0.pom\n[Unit tests/test]   | [INFO] Downloaded from central: https://repo.maven.apache.org/maven2/com/google/code/gson/gson-parent/2.8.0/gson-parent-2.8.0.pom (3.5 kB at 217 kB/s)\n[Unit tests/test]   | [INFO] Downloading from spigot-repo: https://hub.spigotmc.org/nexus/content/repositories/snapshots/org/yaml/snakeyaml/1.18/snakeyaml-1.18.pom\n[Unit tests/test]   | [INFO] Downloading from CodeMC: https://repo.codemc.org/repository/maven-public/org/yaml/snakeyaml/1.18/snakeyaml-1.18.pom\n[Unit tests/test]   | [INFO] Downloading from jitpack.io: https://jitpack.io/org/yaml/snakeyaml/1.18/snakeyaml-1.18.pom\n[Unit tests/test]   | [INFO] Downloading from central: https://repo.maven.apache.org/maven2/org/yaml/snakeyaml/1.18/snakeyaml-1.18.pom\n[Unit tests/test]   | [INFO] Downloaded from central: https://repo.maven.apache.org/maven2/org/yaml/snakeyaml/1.18/snakeyaml-1.18.pom (31 kB at 984 kB/s)\n[Unit tests/test]   | [INFO] Downloading from spigot-repo: https://hub.spigotmc.org/nexus/content/repositories/snapshots/net/md-5/bungeecord-chat/1.12-SNAPSHOT/maven-metadata.xml\n[Unit tests/test]   | [INFO] Downloading from CodeMC: https://repo.codemc.org/repository/maven-public/net/md-5/bungeecord-chat/1.12-SNAPSHOT/maven-metadata.xml\n[Unit tests/test]   | [INFO] Downloading from jitpack.io: https://jitpack.io/net/md-5/bungeecord-chat/1.12-SNAPSHOT/maven-metadata.xml\n[Unit tests/test]   | [INFO] Downloading from sonatype-nexus-snapshots: https://oss.sonatype.org/content/repositories/snapshots/net/md-5/bungeecord-chat/1.12-SNAPSHOT/maven-metadata.xml\n[Unit tests/test]   | [INFO] Downloaded from CodeMC: https://repo.codemc.org/repository/maven-public/net/md-5/bungeecord-chat/1.12-SNAPSHOT/maven-metadata.xml (773 B at 7.0 kB/s)\n[Unit tests/test]   | [INFO] Downloaded from sonatype-nexus-snapshots: https://oss.sonatype.org/content/repositories/snapshots/net/md-5/bungeecord-chat/1.12-SNAPSHOT/maven-metadata.xml (1.2 kB at 1.8 kB/s)\n[Unit tests/test]   | [INFO] Downloading from spigot-repo: https://hub.spigotmc.org/nexus/content/repositories/snapshots/net/md-5/bungeecord-chat/1.12-SNAPSHOT/bungeecord-chat-1.12-20180712.114630-27.pom\n[Unit tests/test]   | [INFO] Downloading from CodeMC: https://repo.codemc.org/repository/maven-public/net/md-5/bungeecord-chat/1.12-SNAPSHOT/bungeecord-chat-1.12-20180712.114630-27.pom\n[Unit tests/test]   | [INFO] Downloaded from CodeMC: https://repo.codemc.org/repository/maven-public/net/md-5/bungeecord-chat/1.12-SNAPSHOT/bungeecord-chat-1.12-20180712.114630-27.pom (1.1 kB at 12 kB/s)\n[Unit tests/test]   | [INFO] Downloading from spigot-repo: https://hub.spigotmc.org/nexus/content/repositories/snapshots/net/md-5/bungeecord-parent/1.12-SNAPSHOT/maven-metadata.xml\n[Unit tests/test]   | [INFO] Downloading from CodeMC: https://repo.codemc.org/repository/maven-public/net/md-5/bungeecord-parent/1.12-SNAPSHOT/maven-metadata.xml\n[Unit tests/test]   | [INFO] Downloading from jitpack.io: https://jitpack.io/net/md-5/bungeecord-parent/1.12-SNAPSHOT/maven-metadata.xml\n[Unit tests/test]   | [INFO] Downloading from sonatype-nexus-snapshots: https://oss.sonatype.org/content/repositories/snapshots/net/md-5/bungeecord-parent/1.12-SNAPSHOT/maven-metadata.xml\n[Unit tests/test]   | [INFO] Downloaded from CodeMC: https://repo.codemc.org/repository/maven-public/net/md-5/bungeecord-parent/1.12-SNAPSHOT/maven-metadata.xml (602 B at 5.8 kB/s)\n[Unit tests/test]   | [INFO] Downloaded from sonatype-nexus-snapshots: https://oss.sonatype.org/content/repositories/snapshots/net/md-5/bungeecord-parent/1.12-SNAPSHOT/maven-metadata.xml (602 B at 2.5 kB/s)\n[Unit tests/test]   | [INFO] Downloading from CodeMC: https://repo.codemc.org/repository/maven-public/net/md-5/bungeecord-parent/1.12-SNAPSHOT/bungeecord-parent-1.12-20180712.114620-27.pom\n[Unit tests/test]   | [INFO] Downloaded from CodeMC: https://repo.codemc.org/repository/maven-public/net/md-5/bungeecord-parent/1.12-SNAPSHOT/bungeecord-parent-1.12-20180712.114620-27.pom (6.5 kB at 73 kB/s)\n[Unit tests/test]   | [INFO] Downloading from spigot-repo: https://hub.spigotmc.org/nexus/content/repositories/snapshots/com/google/guava/guava/20.0/guava-20.0.pom\n[Unit tests/test]   | [INFO] Downloading from CodeMC: https://repo.codemc.org/repository/maven-public/com/google/guava/guava/20.0/guava-20.0.pom\n[Unit tests/test]   | [INFO] Downloading from jitpack.io: https://jitpack.io/com/google/guava/guava/20.0/guava-20.0.pom\n[Unit tests/test]   | [INFO] Downloading from central: https://repo.maven.apache.org/maven2/com/google/guava/guava/20.0/guava-20.0.pom\n[Unit tests/test]   | [INFO] Downloaded from central: https://repo.maven.apache.org/maven2/com/google/guava/guava/20.0/guava-20.0.pom (6.8 kB at 244 kB/s)\n[Unit tests/test]   | [INFO] Downloading from spigot-repo: https://hub.spigotmc.org/nexus/content/repositories/snapshots/com/google/guava/guava-parent/20.0/guava-parent-20.0.pom\n[Unit tests/test]   | [INFO] Downloading from CodeMC: https://repo.codemc.org/repository/maven-public/com/google/guava/guava-parent/20.0/guava-parent-20.0.pom\n[Unit tests/test]   | [INFO] Downloading from jitpack.io: https://jitpack.io/com/google/guava/guava-parent/20.0/guava-parent-20.0.pom\n[Unit tests/test]   | [INFO] Downloading from central: https://repo.maven.apache.org/maven2/com/google/guava/guava-parent/20.0/guava-parent-20.0.pom\n[Unit tests/test]   | [INFO] Downloaded from central: https://repo.maven.apache.org/maven2/com/google/guava/guava-parent/20.0/guava-parent-20.0.pom (9.9 kB at 900 kB/s)\n[Unit tests/test]   | [INFO] Downloading from spigot-repo: https://hub.spigotmc.org/nexus/content/repositories/snapshots/org/bstats/bstats-bukkit/1.5/bstats-bukkit-1.5.pom\n[Unit tests/test]   | [INFO] Downloading from CodeMC: https://repo.codemc.org/repository/maven-public/org/bstats/bstats-bukkit/1.5/bstats-bukkit-1.5.pom\n[Unit tests/test]   | [INFO] Downloaded from CodeMC: https://repo.codemc.org/repository/maven-public/org/bstats/bstats-bukkit/1.5/bstats-bukkit-1.5.pom (953 B at 8.8 kB/s)\n[Unit tests/test]   | [INFO] Downloading from spigot-repo: https://hub.spigotmc.org/nexus/content/repositories/snapshots/org/bstats/bstats/1.5/bstats-1.5.pom\n[Unit tests/test]   | [INFO] Downloading from CodeMC: https://repo.codemc.org/repository/maven-public/org/bstats/bstats/1.5/bstats-1.5.pom\n[Unit tests/test]   | [INFO] Downloaded from CodeMC: https://repo.codemc.org/repository/maven-public/org/bstats/bstats/1.5/bstats-1.5.pom (7.3 kB at 72 kB/s)\n[Unit tests/test]   | [INFO] Downloading from spigot-repo: https://hub.spigotmc.org/nexus/content/repositories/snapshots/com/github/MilkBowl/VaultAPI/1.7/VaultAPI-1.7.pom\n[Unit tests/test]   | [INFO] Downloading from CodeMC: https://repo.codemc.org/repository/maven-public/com/github/MilkBowl/VaultAPI/1.7/VaultAPI-1.7.pom\n[Unit tests/test]   | [INFO] Downloading from jitpack.io: https://jitpack.io/com/github/MilkBowl/VaultAPI/1.7/VaultAPI-1.7.pom\n[Unit tests/test]   | [INFO] Downloaded from jitpack.io: https://jitpack.io/com/github/MilkBowl/VaultAPI/1.7/VaultAPI-1.7.pom (3.5 kB at 7.1 kB/s)\n[Unit tests/test]   | [INFO] Downloading from spigot-repo: https://hub.spigotmc.org/nexus/content/repositories/snapshots/org/bukkit/bukkit/1.13.1-R0.1-SNAPSHOT/maven-metadata.xml\n[Unit tests/test]   | [INFO] Downloading from CodeMC: https://repo.codemc.org/repository/maven-public/org/bukkit/bukkit/1.13.1-R0.1-SNAPSHOT/maven-metadata.xml\n[Unit tests/test]   | [INFO] Downloading from jitpack.io: https://jitpack.io/org/bukkit/bukkit/1.13.1-R0.1-SNAPSHOT/maven-metadata.xml\n[Unit tests/test]   | [INFO] Downloaded from spigot-repo: https://hub.spigotmc.org/nexus/content/repositories/snapshots/org/bukkit/bukkit/1.13.1-R0.1-SNAPSHOT/maven-metadata.xml (1.4 kB at 5.0 kB/s)\n[Unit tests/test]   | [INFO] Downloading from spigot-repo: https://hub.spigotmc.org/nexus/content/repositories/snapshots/org/bukkit/bukkit/1.13.1-R0.1-SNAPSHOT/bukkit-1.13.1-R0.1-20181022.190036-99.pom\n[Unit tests/test]   | [INFO] Downloaded from spigot-repo: https://hub.spigotmc.org/nexus/content/repositories/snapshots/org/bukkit/bukkit/1.13.1-R0.1-SNAPSHOT/bukkit-1.13.1-R0.1-20181022.190036-99.pom (6.5 kB at 22 kB/s)\n[Unit tests/test]   | [INFO] Downloading from spigot-repo: https://hub.spigotmc.org/nexus/content/repositories/snapshots/org/yaml/snakeyaml/1.21/snakeyaml-1.21.pom\n[Unit tests/test]   | [INFO] Downloading from CodeMC: https://repo.codemc.org/repository/maven-public/org/yaml/snakeyaml/1.21/snakeyaml-1.21.pom\n[Unit tests/test]   | [INFO] Downloading from jitpack.io: https://jitpack.io/org/yaml/snakeyaml/1.21/snakeyaml-1.21.pom\n[Unit tests/test]   | [INFO] Downloading from central: https://repo.maven.apache.org/maven2/org/yaml/snakeyaml/1.21/snakeyaml-1.21.pom\n[Unit tests/test]   | [INFO] Downloaded from central: https://repo.maven.apache.org/maven2/org/yaml/snakeyaml/1.21/snakeyaml-1.21.pom (38 kB at 2.4 MB/s)\n[Unit tests/test]   | [INFO] Downloading from spigot-repo: https://hub.spigotmc.org/nexus/content/repositories/snapshots/org/spigotmc/spigot-api/1.12-R0.1-SNAPSHOT/spigot-api-1.12-R0.1-20170803.111256-74.jar\n[Unit tests/test]   | [INFO] Downloading from spigot-repo: https://hub.spigotmc.org/nexus/content/repositories/snapshots/commons-lang/commons-lang/2.6/commons-lang-2.6.jar\n[Unit tests/test]   | [INFO] Downloading from spigot-repo: https://hub.spigotmc.org/nexus/content/repositories/snapshots/com/googlecode/json-simple/json-simple/1.1.1/json-simple-1.1.1.jar\n[Unit tests/test]   | [INFO] Downloading from spigot-repo: https://hub.spigotmc.org/nexus/content/repositories/snapshots/junit/junit/4.10/junit-4.10.jar\n[Unit tests/test]   | [INFO] Downloading from spigot-repo: https://hub.spigotmc.org/nexus/content/repositories/snapshots/org/hamcrest/hamcrest-core/1.1/hamcrest-core-1.1.jar\n[Unit tests/test]   | [INFO] Downloading from spigot-repo: https://hub.spigotmc.org/nexus/content/repositories/snapshots/com/google/guava/guava/21.0/guava-21.0.jar\n[Unit tests/test]   | [INFO] Downloading from spigot-repo: https://hub.spigotmc.org/nexus/content/repositories/snapshots/com/google/code/gson/gson/2.8.0/gson-2.8.0.jar\n[Unit tests/test]   | [INFO] Downloading from spigot-repo: https://hub.spigotmc.org/nexus/content/repositories/snapshots/org/yaml/snakeyaml/1.18/snakeyaml-1.18.jar\n[Unit tests/test]   | [INFO] Downloading from spigot-repo: https://hub.spigotmc.org/nexus/content/repositories/snapshots/org/bstats/bstats-bukkit/1.5/bstats-bukkit-1.5.jar\n[Unit tests/test]   | [INFO] Downloading from spigot-repo: https://hub.spigotmc.org/nexus/content/repositories/snapshots/com/github/MilkBowl/VaultAPI/1.7/VaultAPI-1.7.jar\n[Unit tests/test]   | [INFO] Downloading from spigot-repo: https://hub.spigotmc.org/nexus/content/repositories/snapshots/org/bukkit/bukkit/1.13.1-R0.1-SNAPSHOT/bukkit-1.13.1-R0.1-20181022.190036-99.jar\n[Unit tests/test]   | [INFO] Downloaded from spigot-repo: https://hub.spigotmc.org/nexus/content/repositories/snapshots/org/spigotmc/spigot-api/1.12-R0.1-SNAPSHOT/spigot-api-1.12-R0.1-20170803.111256-74.jar (880 kB at 762 kB/s)\n[Unit tests/test]   | [INFO] Downloaded from spigot-repo: https://hub.spigotmc.org/nexus/content/repositories/snapshots/org/bukkit/bukkit/1.13.1-R0.1-SNAPSHOT/bukkit-1.13.1-R0.1-20181022.190036-99.jar (1.0 MB at 660 kB/s)\n[Unit tests/test]   | [INFO] Downloading from CodeMC: https://repo.codemc.org/repository/maven-public/commons-lang/commons-lang/2.6/commons-lang-2.6.jar\n[Unit tests/test]   | [INFO] Downloading from CodeMC: https://repo.codemc.org/repository/maven-public/com/googlecode/json-simple/json-simple/1.1.1/json-simple-1.1.1.jar\n[Unit tests/test]   | [INFO] Downloading from CodeMC: https://repo.codemc.org/repository/maven-public/junit/junit/4.10/junit-4.10.jar\n[Unit tests/test]   | [INFO] Downloading from CodeMC: https://repo.codemc.org/repository/maven-public/org/hamcrest/hamcrest-core/1.1/hamcrest-core-1.1.jar\n[Unit tests/test]   | [INFO] Downloading from CodeMC: https://repo.codemc.org/repository/maven-public/com/google/guava/guava/21.0/guava-21.0.jar\n[Unit tests/test]   | [INFO] Downloading from CodeMC: https://repo.codemc.org/repository/maven-public/com/google/code/gson/gson/2.8.0/gson-2.8.0.jar\n[Unit tests/test]   | [INFO] Downloading from CodeMC: https://repo.codemc.org/repository/maven-public/org/yaml/snakeyaml/1.18/snakeyaml-1.18.jar\n[Unit tests/test]   | [INFO] Downloading from CodeMC: https://repo.codemc.org/repository/maven-public/net/md-5/bungeecord-chat/1.12-SNAPSHOT/bungeecord-chat-1.12-20180712.114630-27.jar\n[Unit tests/test]   | [INFO] Downloading from CodeMC: https://repo.codemc.org/repository/maven-public/org/bstats/bstats-bukkit/1.5/bstats-bukkit-1.5.jar\n[Unit tests/test]   | [INFO] Downloading from CodeMC: https://repo.codemc.org/repository/maven-public/com/github/MilkBowl/VaultAPI/1.7/VaultAPI-1.7.jar\n[Unit tests/test]   | [INFO] Downloaded from CodeMC: https://repo.codemc.org/repository/maven-public/org/bstats/bstats-bukkit/1.5/bstats-bukkit-1.5.jar (20 kB at 80 kB/s)\n[Unit tests/test]   | [INFO] Downloaded from CodeMC: https://repo.codemc.org/repository/maven-public/net/md-5/bungeecord-chat/1.12-SNAPSHOT/bungeecord-chat-1.12-20180712.114630-27.jar (74 kB at 286 kB/s)\n[Unit tests/test]   | [INFO] Downloading from jitpack.io: https://jitpack.io/commons-lang/commons-lang/2.6/commons-lang-2.6.jar\n[Unit tests/test]   | [INFO] Downloading from jitpack.io: https://jitpack.io/com/googlecode/json-simple/json-simple/1.1.1/json-simple-1.1.1.jar\n[Unit tests/test]   | [INFO] Downloading from jitpack.io: https://jitpack.io/junit/junit/4.10/junit-4.10.jar\n[Unit tests/test]   | [INFO] Downloading from jitpack.io: https://jitpack.io/org/hamcrest/hamcrest-core/1.1/hamcrest-core-1.1.jar\n[Unit tests/test]   | [INFO] Downloading from jitpack.io: https://jitpack.io/com/google/guava/guava/21.0/guava-21.0.jar\n[Unit tests/test]   | [INFO] Downloading from jitpack.io: https://jitpack.io/com/google/code/gson/gson/2.8.0/gson-2.8.0.jar\n[Unit tests/test]   | [INFO] Downloading from jitpack.io: https://jitpack.io/org/yaml/snakeyaml/1.18/snakeyaml-1.18.jar\n[Unit tests/test]   | [INFO] Downloading from jitpack.io: https://jitpack.io/com/github/MilkBowl/VaultAPI/1.7/VaultAPI-1.7.jar\n[Unit tests/test]   | [INFO] Downloaded from jitpack.io: https://jitpack.io/com/github/MilkBowl/VaultAPI/1.7/VaultAPI-1.7.jar (13 kB at 63 kB/s)\n[Unit tests/test]   | [INFO] Downloading from central: https://repo.maven.apache.org/maven2/commons-lang/commons-lang/2.6/commons-lang-2.6.jar\n[Unit tests/test]   | [INFO] Downloading from central: https://repo.maven.apache.org/maven2/com/googlecode/json-simple/json-simple/1.1.1/json-simple-1.1.1.jar\n[Unit tests/test]   | [INFO] Downloading from central: https://repo.maven.apache.org/maven2/junit/junit/4.10/junit-4.10.jar\n[Unit tests/test]   | [INFO] Downloading from central: https://repo.maven.apache.org/maven2/org/hamcrest/hamcrest-core/1.1/hamcrest-core-1.1.jar\n[Unit tests/test]   | [INFO] Downloading from central: https://repo.maven.apache.org/maven2/com/google/guava/guava/21.0/guava-21.0.jar\n[Unit tests/test]   | [INFO] Downloaded from central: https://repo.maven.apache.org/maven2/com/googlecode/json-simple/json-simple/1.1.1/json-simple-1.1.1.jar (24 kB at 1.8 MB/s)\n[Unit tests/test]   | [INFO] Downloading from central: https://repo.maven.apache.org/maven2/com/google/code/gson/gson/2.8.0/gson-2.8.0.jar\n[Unit tests/test]   | [INFO] Downloaded from central: https://repo.maven.apache.org/maven2/org/hamcrest/hamcrest-core/1.1/hamcrest-core-1.1.jar (77 kB at 5.1 MB/s)\n[Unit tests/test]   | [INFO] Downloading from central: https://repo.maven.apache.org/maven2/org/yaml/snakeyaml/1.18/snakeyaml-1.18.jar\n[Unit tests/test]   | [INFO] Downloaded from central: https://repo.maven.apache.org/maven2/commons-lang/commons-lang/2.6/commons-lang-2.6.jar (284 kB at 14 MB/s)\n[Unit tests/test]   | [INFO] Downloaded from central: https://repo.maven.apache.org/maven2/junit/junit/4.10/junit-4.10.jar (253 kB at 8.4 MB/s)\n[Unit tests/test]   | [INFO] Downloaded from central: https://repo.maven.apache.org/maven2/org/yaml/snakeyaml/1.18/snakeyaml-1.18.jar (284 kB at 8.9 MB/s)\n[Unit tests/test]   | [INFO] Downloaded from central: https://repo.maven.apache.org/maven2/com/google/code/gson/gson/2.8.0/gson-2.8.0.jar (232 kB at 6.1 MB/s)\n[Unit tests/test]   | [INFO] Downloaded from central: https://repo.maven.apache.org/maven2/com/google/guava/guava/21.0/guava-21.0.jar (2.5 MB at 24 MB/s)\n[Unit tests/test]   | [INFO] \n[Unit tests/test]   | [INFO] --- maven-resources-plugin:2.6:resources (default-resources) @ AdvancedBan-Bukkit ---\n[Unit tests/test]   | [INFO] Using 'UTF-8' encoding to copy filtered resources.\n[Unit tests/test]   | [INFO] Copying 1 resource\n[Unit tests/test]   | [INFO] \n[Unit tests/test]   | [INFO] --- maven-compiler-plugin:3.5.1:compile (default-compile) @ AdvancedBan-Bukkit ---\n[Unit tests/test]   | [INFO] Changes detected - recompiling the module!\n[Unit tests/test]   | [INFO] Compiling 9 source files to /tmp/bc275e72-fd77-11ed-a890-af2cc187fc11/DevLeoko-AdvancedBan/bukkit/target/classes\n[Unit tests/test]   | [INFO] /tmp/bc275e72-fd77-11ed-a890-af2cc187fc11/DevLeoko-AdvancedBan/bukkit/src/main/java/me/leoko/advancedban/bukkit/BukkitMethods.java: /tmp/bc275e72-fd77-11ed-a890-af2cc187fc11/DevLeoko-AdvancedBan/bukkit/src/main/java/me/leoko/advancedban/bukkit/BukkitMethods.java uses or overrides a deprecated API.\n[Unit tests/test]   | [INFO] /tmp/bc275e72-fd77-11ed-a890-af2cc187fc11/DevLeoko-AdvancedBan/bukkit/src/main/java/me/leoko/advancedban/bukkit/BukkitMethods.java: Recompile with -Xlint:deprecation for details.\n[Unit tests/test]   | [INFO] \n[Unit tests/test]   | [INFO] --- maven-resources-plugin:2.6:testResources (default-testResources) @ AdvancedBan-Bukkit ---\n[Unit tests/test]   | [INFO] Using 'UTF-8' encoding to copy filtered resources.\n[Unit tests/test]   | [INFO] skip non existing resourceDirectory /tmp/bc275e72-fd77-11ed-a890-af2cc187fc11/DevLeoko-AdvancedBan/bukkit/src/test/resources\n[Unit tests/test]   | [INFO] \n[Unit tests/test]   | [INFO] --- maven-compiler-plugin:3.5.1:testCompile (default-testCompile) @ AdvancedBan-Bukkit ---\n[Unit tests/test]   | [INFO] No sources to compile\n[Unit tests/test]   | [INFO] \n[Unit tests/test]   | [INFO] --- maven-surefire-plugin:3.0.0-M5:test (default-test) @ AdvancedBan-Bukkit ---\n[Unit tests/test]   | [INFO] No tests to run.\n[Unit tests/test]   | [INFO] \n[Unit tests/test]   | [INFO] --------------< me.leoko.advancedban:AdvancedBan-Bungee >---------------\n[Unit tests/test]   | [INFO] Building AdvancedBan-Bungee 2.3.0                                  [4/5]\n[Unit tests/test]   | [INFO] --------------------------------[ jar ]---------------------------------\n[Unit tests/test]   | [INFO] Downloading from maven-default-http-blocker: http://0.0.0.0/net/md-5/bungeecord-api/1.12-SNAPSHOT/maven-metadata.xml\n[Unit tests/test]   | [INFO] Downloading from bungeecord-repo: https://oss.sonatype.org/content/repositories/snapshots/net/md-5/bungeecord-api/1.12-SNAPSHOT/maven-metadata.xml\n[Unit tests/test]   | [INFO] Downloading from cloudnet3-releases: https://repo.cloudnetservice.eu/repository/releases/net/md-5/bungeecord-api/1.12-SNAPSHOT/maven-metadata.xml\n[Unit tests/test]   | [INFO] Downloading from cloudnet2-repo: https://cloudnetservice.eu/repositories/net/md-5/bungeecord-api/1.12-SNAPSHOT/maven-metadata.xml\n[Unit tests/test]   | [INFO] Downloading from CodeMC: https://repo.codemc.org/repository/maven-public/net/md-5/bungeecord-api/1.12-SNAPSHOT/maven-metadata.xml\n[Unit tests/test]   | [INFO] Downloaded from bungeecord-repo: https://oss.sonatype.org/content/repositories/snapshots/net/md-5/bungeecord-api/1.12-SNAPSHOT/maven-metadata.xml (1.2 kB at 4.1 kB/s)\n[Unit tests/test]   | [INFO] Downloaded from CodeMC: https://repo.codemc.org/repository/maven-public/net/md-5/bungeecord-api/1.12-SNAPSHOT/maven-metadata.xml (772 B at 887 B/s)\n[Unit tests/test]   | [WARNING] Could not transfer metadata net.md-5:bungeecord-api:1.12-SNAPSHOT/maven-metadata.xml from/to maven-default-http-blocker (http://0.0.0.0/): transfer failed for http://0.0.0.0/net/md-5/bungeecord-api/1.12-SNAPSHOT/maven-metadata.xml\n[Unit tests/test]   | [WARNING] net.md-5:bungeecord-api:1.12-SNAPSHOT/maven-metadata.xmlfailed to transfer from http://0.0.0.0/ during a previous attempt. This failure was cached in the local repository and resolution will not be reattempted until the update interval of maven-default-http-blocker has elapsed or updates are forced. Original error: Could not transfer metadata net.md-5:bungeecord-api:1.12-SNAPSHOT/maven-metadata.xml from/to maven-default-http-blocker (http://0.0.0.0/): transfer failed for http://0.0.0.0/net/md-5/bungeecord-api/1.12-SNAPSHOT/maven-metadata.xml\n[Unit tests/test]   | [INFO] Downloading from bungeecord-repo: https://oss.sonatype.org/content/repositories/snapshots/net/md-5/bungeecord-api/1.12-SNAPSHOT/bungeecord-api-1.12-20180712.114656-26.pom\n[Unit tests/test]   | [INFO] Downloading from cloudnet3-releases: https://repo.cloudnetservice.eu/repository/releases/net/md-5/bungeecord-api/1.12-SNAPSHOT/bungeecord-api-1.12-20180712.114656-26.pom\n[Unit tests/test]   | [INFO] Downloading from cloudnet2-repo: https://cloudnetservice.eu/repositories/net/md-5/bungeecord-api/1.12-SNAPSHOT/bungeecord-api-1.12-20180712.114656-26.pom\n[Unit tests/test]   | [INFO] Downloading from CodeMC: https://repo.codemc.org/repository/maven-public/net/md-5/bungeecord-api/1.12-SNAPSHOT/bungeecord-api-1.12-20180712.114656-26.pom\n[Unit tests/test]   | [INFO] Downloaded from CodeMC: https://repo.codemc.org/repository/maven-public/net/md-5/bungeecord-api/1.12-SNAPSHOT/bungeecord-api-1.12-20180712.114656-26.pom (1.7 kB at 21 kB/s)\n[Unit tests/test]   | [INFO] Downloading from bungeecord-repo: https://oss.sonatype.org/content/repositories/snapshots/net/md-5/bungeecord-parent/1.12-SNAPSHOT/maven-metadata.xml\n[Unit tests/test]   | [INFO] Downloading from cloudnet3-releases: https://repo.cloudnetservice.eu/repository/releases/net/md-5/bungeecord-parent/1.12-SNAPSHOT/maven-metadata.xml\n[Unit tests/test]   | [INFO] Downloading from maven-default-http-blocker: http://0.0.0.0/net/md-5/bungeecord-parent/1.12-SNAPSHOT/maven-metadata.xml\n[Unit tests/test]   | [INFO] Downloading from cloudnet2-repo: https://cloudnetservice.eu/repositories/net/md-5/bungeecord-parent/1.12-SNAPSHOT/maven-metadata.xml\n[Unit tests/test]   | [INFO] Downloaded from bungeecord-repo: https://oss.sonatype.org/content/repositories/snapshots/net/md-5/bungeecord-parent/1.12-SNAPSHOT/maven-metadata.xml (602 B at 2.5 kB/s)\n[Unit tests/test]   | [WARNING] Could not transfer metadata net.md-5:bungeecord-parent:1.12-SNAPSHOT/maven-metadata.xml from/to maven-default-http-blocker (http://0.0.0.0/): transfer failed for http://0.0.0.0/net/md-5/bungeecord-parent/1.12-SNAPSHOT/maven-metadata.xml\n[Unit tests/test]   | [INFO] Downloading from bungeecord-repo: https://oss.sonatype.org/content/repositories/snapshots/net/md-5/bungeecord-config/1.12-SNAPSHOT/maven-metadata.xml\n[Unit tests/test]   | [INFO] Downloading from maven-default-http-blocker: http://0.0.0.0/net/md-5/bungeecord-config/1.12-SNAPSHOT/maven-metadata.xml\n[Unit tests/test]   | [INFO] Downloading from cloudnet3-releases: https://repo.cloudnetservice.eu/repository/releases/net/md-5/bungeecord-config/1.12-SNAPSHOT/maven-metadata.xml\n[Unit tests/test]   | [INFO] Downloading from cloudnet2-repo: https://cloudnetservice.eu/repositories/net/md-5/bungeecord-config/1.12-SNAPSHOT/maven-metadata.xml\n[Unit tests/test]   | [INFO] Downloading from CodeMC: https://repo.codemc.org/repository/maven-public/net/md-5/bungeecord-config/1.12-SNAPSHOT/maven-metadata.xml\n[Unit tests/test]   | [INFO] Downloaded from CodeMC: https://repo.codemc.org/repository/maven-public/net/md-5/bungeecord-config/1.12-SNAPSHOT/maven-metadata.xml (775 B at 6.4 kB/s)\n[Unit tests/test]   | [INFO] Downloaded from bungeecord-repo: https://oss.sonatype.org/content/repositories/snapshots/net/md-5/bungeecord-config/1.12-SNAPSHOT/maven-metadata.xml (1.2 kB at 4.9 kB/s)\n[Unit tests/test]   | [WARNING] Could not transfer metadata net.md-5:bungeecord-config:1.12-SNAPSHOT/maven-metadata.xml from/to maven-default-http-blocker (http://0.0.0.0/): transfer failed for http://0.0.0.0/net/md-5/bungeecord-config/1.12-SNAPSHOT/maven-metadata.xml\n[Unit tests/test]   | [WARNING] net.md-5:bungeecord-config:1.12-SNAPSHOT/maven-metadata.xmlfailed to transfer from http://0.0.0.0/ during a previous attempt. This failure was cached in the local repository and resolution will not be reattempted until the update interval of maven-default-http-blocker has elapsed or updates are forced. Original error: Could not transfer metadata net.md-5:bungeecord-config:1.12-SNAPSHOT/maven-metadata.xml from/to maven-default-http-blocker (http://0.0.0.0/): transfer failed for http://0.0.0.0/net/md-5/bungeecord-config/1.12-SNAPSHOT/maven-metadata.xml\n[Unit tests/test]   | [INFO] Downloading from bungeecord-repo: https://oss.sonatype.org/content/repositories/snapshots/net/md-5/bungeecord-config/1.12-SNAPSHOT/bungeecord-config-1.12-20180712.114635-27.pom\n[Unit tests/test]   | [INFO] Downloading from cloudnet3-releases: https://repo.cloudnetservice.eu/repository/releases/net/md-5/bungeecord-config/1.12-SNAPSHOT/bungeecord-config-1.12-20180712.114635-27.pom\n[Unit tests/test]   | [INFO] Downloading from cloudnet2-repo: https://cloudnetservice.eu/repositories/net/md-5/bungeecord-config/1.12-SNAPSHOT/bungeecord-config-1.12-20180712.114635-27.pom\n[Unit tests/test]   | [INFO] Downloading from CodeMC: https://repo.codemc.org/repository/maven-public/net/md-5/bungeecord-config/1.12-SNAPSHOT/bungeecord-config-1.12-20180712.114635-27.pom\n[Unit tests/test]   | [INFO] Downloaded from CodeMC: https://repo.codemc.org/repository/maven-public/net/md-5/bungeecord-config/1.12-SNAPSHOT/bungeecord-config-1.12-20180712.114635-27.pom (989 B at 12 kB/s)\n[Unit tests/test]   | [INFO] Downloading from bungeecord-repo: https://oss.sonatype.org/content/repositories/snapshots/org/yaml/snakeyaml/1.19/snakeyaml-1.19.pom\n[Unit tests/test]   | [INFO] Downloading from cloudnet3-releases: https://repo.cloudnetservice.eu/repository/releases/org/yaml/snakeyaml/1.19/snakeyaml-1.19.pom\n[Unit tests/test]   | [INFO] Downloading from cloudnet2-repo: https://cloudnetservice.eu/repositories/org/yaml/snakeyaml/1.19/snakeyaml-1.19.pom\n[Unit tests/test]   | [INFO] Downloading from CodeMC: https://repo.codemc.org/repository/maven-public/org/yaml/snakeyaml/1.19/snakeyaml-1.19.pom\n[Unit tests/test]   | [INFO] Downloading from central: https://repo.maven.apache.org/maven2/org/yaml/snakeyaml/1.19/snakeyaml-1.19.pom\n[Unit tests/test]   | [INFO] Downloaded from central: https://repo.maven.apache.org/maven2/org/yaml/snakeyaml/1.19/snakeyaml-1.19.pom (35 kB at 3.9 MB/s)\n[Unit tests/test]   | [INFO] Downloading from bungeecord-repo: https://oss.sonatype.org/content/repositories/snapshots/net/md-5/bungeecord-event/1.12-SNAPSHOT/maven-metadata.xml\n[Unit tests/test]   | [INFO] Downloading from maven-default-http-blocker: http://0.0.0.0/net/md-5/bungeecord-event/1.12-SNAPSHOT/maven-metadata.xml\n[Unit tests/test]   | [INFO] Downloading from cloudnet2-repo: https://cloudnetservice.eu/repositories/net/md-5/bungeecord-event/1.12-SNAPSHOT/maven-metadata.xml\n[Unit tests/test]   | [INFO] Downloading from cloudnet3-releases: https://repo.cloudnetservice.eu/repository/releases/net/md-5/bungeecord-event/1.12-SNAPSHOT/maven-metadata.xml\n[Unit tests/test]   | [INFO] Downloading from CodeMC: https://repo.codemc.org/repository/maven-public/net/md-5/bungeecord-event/1.12-SNAPSHOT/maven-metadata.xml\n[Unit tests/test]   | [INFO] Downloaded from CodeMC: https://repo.codemc.org/repository/maven-public/net/md-5/bungeecord-event/1.12-SNAPSHOT/maven-metadata.xml (774 B at 6.2 kB/s)\n[Unit tests/test]   | [INFO] Downloaded from bungeecord-repo: https://oss.sonatype.org/content/repositories/snapshots/net/md-5/bungeecord-event/1.12-SNAPSHOT/maven-metadata.xml (1.2 kB at 4.9 kB/s)\n[Unit tests/test]   | [WARNING] Could not transfer metadata net.md-5:bungeecord-event:1.12-SNAPSHOT/maven-metadata.xml from/to maven-default-http-blocker (http://0.0.0.0/): transfer failed for http://0.0.0.0/net/md-5/bungeecord-event/1.12-SNAPSHOT/maven-metadata.xml\n[Unit tests/test]   | [WARNING] net.md-5:bungeecord-event:1.12-SNAPSHOT/maven-metadata.xmlfailed to transfer from http://0.0.0.0/ during a previous attempt. This failure was cached in the local repository and resolution will not be reattempted until the update interval of maven-default-http-blocker has elapsed or updates are forced. Original error: Could not transfer metadata net.md-5:bungeecord-event:1.12-SNAPSHOT/maven-metadata.xml from/to maven-default-http-blocker (http://0.0.0.0/): transfer failed for http://0.0.0.0/net/md-5/bungeecord-event/1.12-SNAPSHOT/maven-metadata.xml\n[Unit tests/test]   | [INFO] Downloading from bungeecord-repo: https://oss.sonatype.org/content/repositories/snapshots/net/md-5/bungeecord-event/1.12-SNAPSHOT/bungeecord-event-1.12-20180712.114638-26.pom\n[Unit tests/test]   | [INFO] Downloading from cloudnet3-releases: https://repo.cloudnetservice.eu/repository/releases/net/md-5/bungeecord-event/1.12-SNAPSHOT/bungeecord-event-1.12-20180712.114638-26.pom\n[Unit tests/test]   | [INFO] Downloading from cloudnet2-repo: https://cloudnetservice.eu/repositories/net/md-5/bungeecord-event/1.12-SNAPSHOT/bungeecord-event-1.12-20180712.114638-26.pom\n[Unit tests/test]   | [INFO] Downloading from CodeMC: https://repo.codemc.org/repository/maven-public/net/md-5/bungeecord-event/1.12-SNAPSHOT/bungeecord-event-1.12-20180712.114638-26.pom\n[Unit tests/test]   | [INFO] Downloaded from CodeMC: https://repo.codemc.org/repository/maven-public/net/md-5/bungeecord-event/1.12-SNAPSHOT/bungeecord-event-1.12-20180712.114638-26.pom (750 B at 8.0 kB/s)\n[Unit tests/test]   | [INFO] Downloading from bungeecord-repo: https://oss.sonatype.org/content/repositories/snapshots/net/md-5/bungeecord-protocol/1.12-SNAPSHOT/maven-metadata.xml\n[Unit tests/test]   | [INFO] Downloading from maven-default-http-blocker: http://0.0.0.0/net/md-5/bungeecord-protocol/1.12-SNAPSHOT/maven-metadata.xml\n[Unit tests/test]   | [INFO] Downloading from cloudnet2-repo: https://cloudnetservice.eu/repositories/net/md-5/bungeecord-protocol/1.12-SNAPSHOT/maven-metadata.xml\n[Unit tests/test]   | [INFO] Downloading from cloudnet3-releases: https://repo.cloudnetservice.eu/repository/releases/net/md-5/bungeecord-protocol/1.12-SNAPSHOT/maven-metadata.xml\n[Unit tests/test]   | [INFO] Downloading from CodeMC: https://repo.codemc.org/repository/maven-public/net/md-5/bungeecord-protocol/1.12-SNAPSHOT/maven-metadata.xml\n[Unit tests/test]   | [INFO] Downloaded from CodeMC: https://repo.codemc.org/repository/maven-public/net/md-5/bungeecord-protocol/1.12-SNAPSHOT/maven-metadata.xml (777 B at 7.9 kB/s)\n[Unit tests/test]   | [INFO] Downloaded from bungeecord-repo: https://oss.sonatype.org/content/repositories/snapshots/net/md-5/bungeecord-protocol/1.12-SNAPSHOT/maven-metadata.xml (1.2 kB at 5.0 kB/s)\n[Unit tests/test]   | [WARNING] Could not transfer metadata net.md-5:bungeecord-protocol:1.12-SNAPSHOT/maven-metadata.xml from/to maven-default-http-blocker (http://0.0.0.0/): transfer failed for http://0.0.0.0/net/md-5/bungeecord-protocol/1.12-SNAPSHOT/maven-metadata.xml\n[Unit tests/test]   | [WARNING] net.md-5:bungeecord-protocol:1.12-SNAPSHOT/maven-metadata.xmlfailed to transfer from http://0.0.0.0/ during a previous attempt. This failure was cached in the local repository and resolution will not be reattempted until the update interval of maven-default-http-blocker has elapsed or updates are forced. Original error: Could not transfer metadata net.md-5:bungeecord-protocol:1.12-SNAPSHOT/maven-metadata.xml from/to maven-default-http-blocker (http://0.0.0.0/): transfer failed for http://0.0.0.0/net/md-5/bungeecord-protocol/1.12-SNAPSHOT/maven-metadata.xml\n[Unit tests/test]   | [INFO] Downloading from bungeecord-repo: https://oss.sonatype.org/content/repositories/snapshots/net/md-5/bungeecord-protocol/1.12-SNAPSHOT/bungeecord-protocol-1.12-20180712.114649-26.pom\n[Unit tests/test]   | [INFO] Downloading from cloudnet3-releases: https://repo.cloudnetservice.eu/repository/releases/net/md-5/bungeecord-protocol/1.12-SNAPSHOT/bungeecord-protocol-1.12-20180712.114649-26.pom\n[Unit tests/test]   | [INFO] Downloading from cloudnet2-repo: https://cloudnetservice.eu/repositories/net/md-5/bungeecord-protocol/1.12-SNAPSHOT/bungeecord-protocol-1.12-20180712.114649-26.pom\n[Unit tests/test]   | [INFO] Downloading from CodeMC: https://repo.codemc.org/repository/maven-public/net/md-5/bungeecord-protocol/1.12-SNAPSHOT/bungeecord-protocol-1.12-20180712.114649-26.pom\n[Unit tests/test]   | [INFO] Downloaded from CodeMC: https://repo.codemc.org/repository/maven-public/net/md-5/bungeecord-protocol/1.12-SNAPSHOT/bungeecord-protocol-1.12-20180712.114649-26.pom (1.4 kB at 18 kB/s)\n[Unit tests/test]   | [INFO] Downloading from bungeecord-repo: https://oss.sonatype.org/content/repositories/snapshots/io/netty/netty-codec/4.1.25.Final/netty-codec-4.1.25.Final.pom\n[Unit tests/test]   | [INFO] Downloading from cloudnet3-releases: https://repo.cloudnetservice.eu/repository/releases/io/netty/netty-codec/4.1.25.Final/netty-codec-4.1.25.Final.pom\n[Unit tests/test]   | [INFO] Downloading from cloudnet2-repo: https://cloudnetservice.eu/repositories/io/netty/netty-codec/4.1.25.Final/netty-codec-4.1.25.Final.pom\n[Unit tests/test]   | [INFO] Downloading from CodeMC: https://repo.codemc.org/repository/maven-public/io/netty/netty-codec/4.1.25.Final/netty-codec-4.1.25.Final.pom\n[Unit tests/test]   | [INFO] Downloading from central: https://repo.maven.apache.org/maven2/io/netty/netty-codec/4.1.25.Final/netty-codec-4.1.25.Final.pom\n[Unit tests/test]   | [INFO] Downloaded from central: https://repo.maven.apache.org/maven2/io/netty/netty-codec/4.1.25.Final/netty-codec-4.1.25.Final.pom (3.3 kB at 116 kB/s)\n[Unit tests/test]   | [INFO] Downloading from bungeecord-repo: https://oss.sonatype.org/content/repositories/snapshots/io/netty/netty-parent/4.1.25.Final/netty-parent-4.1.25.Final.pom\n[Unit tests/test]   | [INFO] Downloading from cloudnet3-releases: https://repo.cloudnetservice.eu/repository/releases/io/netty/netty-parent/4.1.25.Final/netty-parent-4.1.25.Final.pom\n[Unit tests/test]   | [INFO] Downloading from cloudnet2-repo: https://cloudnetservice.eu/repositories/io/netty/netty-parent/4.1.25.Final/netty-parent-4.1.25.Final.pom\n[Unit tests/test]   | [INFO] Downloading from CodeMC: https://repo.codemc.org/repository/maven-public/io/netty/netty-parent/4.1.25.Final/netty-parent-4.1.25.Final.pom\n[Unit tests/test]   | [INFO] Downloading from central: https://repo.maven.apache.org/maven2/io/netty/netty-parent/4.1.25.Final/netty-parent-4.1.25.Final.pom\n[Unit tests/test]   | [INFO] Downloaded from central: https://repo.maven.apache.org/maven2/io/netty/netty-parent/4.1.25.Final/netty-parent-4.1.25.Final.pom (53 kB at 710 kB/s)\n[Unit tests/test]   | [INFO] Downloading from bungeecord-repo: https://oss.sonatype.org/content/repositories/snapshots/io/netty/netty-transport/4.1.25.Final/netty-transport-4.1.25.Final.pom\n[Unit tests/test]   | [INFO] Downloading from cloudnet3-releases: https://repo.cloudnetservice.eu/repository/releases/io/netty/netty-transport/4.1.25.Final/netty-transport-4.1.25.Final.pom\n[Unit tests/test]   | [INFO] Downloading from cloudnet2-repo: https://cloudnetservice.eu/repositories/io/netty/netty-transport/4.1.25.Final/netty-transport-4.1.25.Final.pom\n[Unit tests/test]   | [INFO] Downloading from CodeMC: https://repo.codemc.org/repository/maven-public/io/netty/netty-transport/4.1.25.Final/netty-transport-4.1.25.Final.pom\n[Unit tests/test]   | [INFO] Downloading from central: https://repo.maven.apache.org/maven2/io/netty/netty-transport/4.1.25.Final/netty-transport-4.1.25.Final.pom\n[Unit tests/test]   | [INFO] Downloaded from central: https://repo.maven.apache.org/maven2/io/netty/netty-transport/4.1.25.Final/netty-transport-4.1.25.Final.pom (1.8 kB at 13 kB/s)\n[Unit tests/test]   | [INFO] Downloading from bungeecord-repo: https://oss.sonatype.org/content/repositories/snapshots/io/netty/netty-buffer/4.1.25.Final/netty-buffer-4.1.25.Final.pom\n[Unit tests/test]   | [INFO] Downloading from cloudnet3-releases: https://repo.cloudnetservice.eu/repository/releases/io/netty/netty-buffer/4.1.25.Final/netty-buffer-4.1.25.Final.pom\n[Unit tests/test]   | [INFO] Downloading from cloudnet2-repo: https://cloudnetservice.eu/repositories/io/netty/netty-buffer/4.1.25.Final/netty-buffer-4.1.25.Final.pom\n[Unit tests/test]   | [INFO] Downloading from CodeMC: https://repo.codemc.org/repository/maven-public/io/netty/netty-buffer/4.1.25.Final/netty-buffer-4.1.25.Final.pom\n[Unit tests/test]   | [INFO] Downloading from central: https://repo.maven.apache.org/maven2/io/netty/netty-buffer/4.1.25.Final/netty-buffer-4.1.25.Final.pom\n[Unit tests/test]   | [INFO] Downloaded from central: https://repo.maven.apache.org/maven2/io/netty/netty-buffer/4.1.25.Final/netty-buffer-4.1.25.Final.pom (1.6 kB at 22 kB/s)\n[Unit tests/test]   | [INFO] Downloading from bungeecord-repo: https://oss.sonatype.org/content/repositories/snapshots/io/netty/netty-common/4.1.25.Final/netty-common-4.1.25.Final.pom\n[Unit tests/test]   | [INFO] Downloading from cloudnet3-releases: https://repo.cloudnetservice.eu/repository/releases/io/netty/netty-common/4.1.25.Final/netty-common-4.1.25.Final.pom\n[Unit tests/test]   | [INFO] Downloading from cloudnet2-repo: https://cloudnetservice.eu/repositories/io/netty/netty-common/4.1.25.Final/netty-common-4.1.25.Final.pom\n[Unit tests/test]   | [INFO] Downloading from CodeMC: https://repo.codemc.org/repository/maven-public/io/netty/netty-common/4.1.25.Final/netty-common-4.1.25.Final.pom\n[Unit tests/test]   | [INFO] Downloading from central: https://repo.maven.apache.org/maven2/io/netty/netty-common/4.1.25.Final/netty-common-4.1.25.Final.pom\n[Unit tests/test]   | [INFO] Downloaded from central: https://repo.maven.apache.org/maven2/io/netty/netty-common/4.1.25.Final/netty-common-4.1.25.Final.pom (8.6 kB at 125 kB/s)\n[Unit tests/test]   | [INFO] Downloading from bungeecord-repo: https://oss.sonatype.org/content/repositories/snapshots/io/netty/netty-resolver/4.1.25.Final/netty-resolver-4.1.25.Final.pom\n[Unit tests/test]   | [INFO] Downloading from cloudnet3-releases: https://repo.cloudnetservice.eu/repository/releases/io/netty/netty-resolver/4.1.25.Final/netty-resolver-4.1.25.Final.pom\n[Unit tests/test]   | [INFO] Downloading from cloudnet2-repo: https://cloudnetservice.eu/repositories/io/netty/netty-resolver/4.1.25.Final/netty-resolver-4.1.25.Final.pom\n[Unit tests/test]   | [INFO] Downloading from CodeMC: https://repo.codemc.org/repository/maven-public/io/netty/netty-resolver/4.1.25.Final/netty-resolver-4.1.25.Final.pom\n[Unit tests/test]   | [INFO] Downloading from central: https://repo.maven.apache.org/maven2/io/netty/netty-resolver/4.1.25.Final/netty-resolver-4.1.25.Final.pom\n[Unit tests/test]   | [INFO] Downloaded from central: https://repo.maven.apache.org/maven2/io/netty/netty-resolver/4.1.25.Final/netty-resolver-4.1.25.Final.pom (1.6 kB at 176 kB/s)\n[Unit tests/test]   | [INFO] Downloading from bungeecord-repo: https://oss.sonatype.org/content/repositories/snapshots/net/sf/trove4j/trove4j/3.0.3/trove4j-3.0.3.pom\n[Unit tests/test]   | [INFO] Downloading from cloudnet3-releases: https://repo.cloudnetservice.eu/repository/releases/net/sf/trove4j/trove4j/3.0.3/trove4j-3.0.3.pom\n[Unit tests/test]   | [INFO] Downloading from cloudnet2-repo: https://cloudnetservice.eu/repositories/net/sf/trove4j/trove4j/3.0.3/trove4j-3.0.3.pom\n[Unit tests/test]   | [INFO] Downloading from CodeMC: https://repo.codemc.org/repository/maven-public/net/sf/trove4j/trove4j/3.0.3/trove4j-3.0.3.pom\n[Unit tests/test]   | [INFO] Downloading from central: https://repo.maven.apache.org/maven2/net/sf/trove4j/trove4j/3.0.3/trove4j-3.0.3.pom\n[Unit tests/test]   | [INFO] Downloaded from central: https://repo.maven.apache.org/maven2/net/sf/trove4j/trove4j/3.0.3/trove4j-3.0.3.pom (1.4 kB at 10 kB/s)\n[Unit tests/test]   | [INFO] Downloading from bungeecord-repo: https://oss.sonatype.org/content/repositories/snapshots/de/dytanic/cloudnet/cloudnet-driver/3.3.0-RELEASE/cloudnet-driver-3.3.0-RELEASE.pom\n[Unit tests/test]   | [INFO] Downloading from cloudnet3-releases: https://repo.cloudnetservice.eu/repository/releases/de/dytanic/cloudnet/cloudnet-driver/3.3.0-RELEASE/cloudnet-driver-3.3.0-RELEASE.pom\n[Unit tests/test]   | [INFO] Downloaded from cloudnet3-releases: https://repo.cloudnetservice.eu/repository/releases/de/dytanic/cloudnet/cloudnet-driver/3.3.0-RELEASE/cloudnet-driver-3.3.0-RELEASE.pom (2.0 kB at 32 kB/s)\n[Unit tests/test]   | [INFO] Downloading from bungeecord-repo: https://oss.sonatype.org/content/repositories/snapshots/de/dytanic/cloudnet/cloudnet-common/3.3.0-RELEASE/cloudnet-common-3.3.0-RELEASE.pom\n[Unit tests/test]   | [INFO] Downloading from cloudnet3-releases: https://repo.cloudnetservice.eu/repository/releases/de/dytanic/cloudnet/cloudnet-common/3.3.0-RELEASE/cloudnet-common-3.3.0-RELEASE.pom\n[Unit tests/test]   | [INFO] Downloaded from cloudnet3-releases: https://repo.cloudnetservice.eu/repository/releases/de/dytanic/cloudnet/cloudnet-common/3.3.0-RELEASE/cloudnet-common-3.3.0-RELEASE.pom (1.3 kB at 23 kB/s)\n[Unit tests/test]   | [INFO] Downloading from bungeecord-repo: https://oss.sonatype.org/content/repositories/snapshots/com/google/guava/guava/28.2-jre/guava-28.2-jre.pom\n[Unit tests/test]   | [INFO] Downloading from cloudnet3-releases: https://repo.cloudnetservice.eu/repository/releases/com/google/guava/guava/28.2-jre/guava-28.2-jre.pom\n[Unit tests/test]   | [INFO] Downloading from cloudnet2-repo: https://cloudnetservice.eu/repositories/com/google/guava/guava/28.2-jre/guava-28.2-jre.pom\n[Unit tests/test]   | [INFO] Downloading from CodeMC: https://repo.codemc.org/repository/maven-public/com/google/guava/guava/28.2-jre/guava-28.2-jre.pom\n[Unit tests/test]   | [INFO] Downloading from central: https://repo.maven.apache.org/maven2/com/google/guava/guava/28.2-jre/guava-28.2-jre.pom\n[Unit tests/test]   | [INFO] Downloaded from central: https://repo.maven.apache.org/maven2/com/google/guava/guava/28.2-jre/guava-28.2-jre.pom (11 kB at 179 kB/s)\n[Unit tests/test]   | [INFO] Downloading from bungeecord-repo: https://oss.sonatype.org/content/repositories/snapshots/com/google/guava/guava-parent/28.2-jre/guava-parent-28.2-jre.pom\n[Unit tests/test]   | [INFO] Downloading from cloudnet3-releases: https://repo.cloudnetservice.eu/repository/releases/com/google/guava/guava-parent/28.2-jre/guava-parent-28.2-jre.pom\n[Unit tests/test]   | [INFO] Downloading from cloudnet2-repo: https://cloudnetservice.eu/repositories/com/google/guava/guava-parent/28.2-jre/guava-parent-28.2-jre.pom\n[Unit tests/test]   | [INFO] Downloading from CodeMC: https://repo.codemc.org/repository/maven-public/com/google/guava/guava-parent/28.2-jre/guava-parent-28.2-jre.pom\n[Unit tests/test]   | [INFO] Downloading from central: https://repo.maven.apache.org/maven2/com/google/guava/guava-parent/28.2-jre/guava-parent-28.2-jre.pom\n[Unit tests/test]   | [INFO] Downloaded from central: https://repo.maven.apache.org/maven2/com/google/guava/guava-parent/28.2-jre/guava-parent-28.2-jre.pom (13 kB at 91 kB/s)\n[Unit tests/test]   | [INFO] Downloading from bungeecord-repo: https://oss.sonatype.org/content/repositories/snapshots/com/google/guava/failureaccess/1.0.1/failureaccess-1.0.1.pom\n[Unit tests/test]   | [INFO] Downloading from cloudnet3-releases: https://repo.cloudnetservice.eu/repository/releases/com/google/guava/failureaccess/1.0.1/failureaccess-1.0.1.pom\n[Unit tests/test]   | [INFO] Downloading from cloudnet2-repo: https://cloudnetservice.eu/repositories/com/google/guava/failureaccess/1.0.1/failureaccess-1.0.1.pom\n[Unit tests/test]   | [INFO] Downloading from CodeMC: https://repo.codemc.org/repository/maven-public/com/google/guava/failureaccess/1.0.1/failureaccess-1.0.1.pom\n[Unit tests/test]   | [INFO] Downloading from central: https://repo.maven.apache.org/maven2/com/google/guava/failureaccess/1.0.1/failureaccess-1.0.1.pom\n[Unit tests/test]   | [INFO] Downloaded from central: https://repo.maven.apache.org/maven2/com/google/guava/failureaccess/1.0.1/failureaccess-1.0.1.pom (2.4 kB at 34 kB/s)\n[Unit tests/test]   | [INFO] Downloading from bungeecord-repo: https://oss.sonatype.org/content/repositories/snapshots/com/google/guava/guava-parent/26.0-android/guava-parent-26.0-android.pom\n[Unit tests/test]   | [INFO] Downloading from cloudnet3-releases: https://repo.cloudnetservice.eu/repository/releases/com/google/guava/guava-parent/26.0-android/guava-parent-26.0-android.pom\n[Unit tests/test]   | [INFO] Downloading from cloudnet2-repo: https://cloudnetservice.eu/repositories/com/google/guava/guava-parent/26.0-android/guava-parent-26.0-android.pom\n[Unit tests/test]   | [INFO] Downloading from CodeMC: https://repo.codemc.org/repository/maven-public/com/google/guava/guava-parent/26.0-android/guava-parent-26.0-android.pom\n[Unit tests/test]   | [INFO] Downloading from central: https://repo.maven.apache.org/maven2/com/google/guava/guava-parent/26.0-android/guava-parent-26.0-android.pom\n[Unit tests/test]   | [INFO] Downloaded from central: https://repo.maven.apache.org/maven2/com/google/guava/guava-parent/26.0-android/guava-parent-26.0-android.pom (10 kB at 536 kB/s)\n[Unit tests/test]   | [INFO] Downloading from bungeecord-repo: https://oss.sonatype.org/content/repositories/snapshots/com/google/guava/listenablefuture/9999.0-empty-to-avoid-conflict-with-guava/listenablefuture-9999.0-empty-to-avoid-conflict-with-guava.pom\n[Unit tests/test]   | [INFO] Downloading from cloudnet3-releases: https://repo.cloudnetservice.eu/repository/releases/com/google/guava/listenablefuture/9999.0-empty-to-avoid-conflict-with-guava/listenablefuture-9999.0-empty-to-avoid-conflict-with-guava.pom\n[Unit tests/test]   | [INFO] Downloading from cloudnet2-repo: https://cloudnetservice.eu/repositories/com/google/guava/listenablefuture/9999.0-empty-to-avoid-conflict-with-guava/listenablefuture-9999.0-empty-to-avoid-conflict-with-guava.pom\n[Unit tests/test]   | [INFO] Downloading from CodeMC: https://repo.codemc.org/repository/maven-public/com/google/guava/listenablefuture/9999.0-empty-to-avoid-conflict-with-guava/listenablefuture-9999.0-empty-to-avoid-conflict-with-guava.pom\n[Unit tests/test]   | [INFO] Downloading from central: https://repo.maven.apache.org/maven2/com/google/guava/listenablefuture/9999.0-empty-to-avoid-conflict-with-guava/listenablefuture-9999.0-empty-to-avoid-conflict-with-guava.pom\n[Unit tests/test]   | [INFO] Downloaded from central: https://repo.maven.apache.org/maven2/com/google/guava/listenablefuture/9999.0-empty-to-avoid-conflict-with-guava/listenablefuture-9999.0-empty-to-avoid-conflict-with-guava.pom (2.3 kB at 134 kB/s)\n[Unit tests/test]   | [INFO] Downloading from bungeecord-repo: https://oss.sonatype.org/content/repositories/snapshots/com/google/code/findbugs/jsr305/3.0.2/jsr305-3.0.2.pom\n[Unit tests/test]   | [INFO] Downloading from cloudnet3-releases: https://repo.cloudnetservice.eu/repository/releases/com/google/code/findbugs/jsr305/3.0.2/jsr305-3.0.2.pom\n[Unit tests/test]   | [INFO] Downloading from cloudnet2-repo: https://cloudnetservice.eu/repositories/com/google/code/findbugs/jsr305/3.0.2/jsr305-3.0.2.pom\n[Unit tests/test]   | [INFO] Downloading from CodeMC: https://repo.codemc.org/repository/maven-public/com/google/code/findbugs/jsr305/3.0.2/jsr305-3.0.2.pom\n[Unit tests/test]   | [INFO] Downloading from central: https://repo.maven.apache.org/maven2/com/google/code/findbugs/jsr305/3.0.2/jsr305-3.0.2.pom\n[Unit tests/test]   | [INFO] Downloaded from central: https://repo.maven.apache.org/maven2/com/google/code/findbugs/jsr305/3.0.2/jsr305-3.0.2.pom (4.3 kB at 476 kB/s)\n[Unit tests/test]   | [INFO] Downloading from bungeecord-repo: https://oss.sonatype.org/content/repositories/snapshots/org/checkerframework/checker-qual/2.10.0/checker-qual-2.10.0.pom\n[Unit tests/test]   | [INFO] Downloading from cloudnet3-releases: https://repo.cloudnetservice.eu/repository/releases/org/checkerframework/checker-qual/2.10.0/checker-qual-2.10.0.pom\n[Unit tests/test]   | [INFO] Downloading from cloudnet2-repo: https://cloudnetservice.eu/repositories/org/checkerframework/checker-qual/2.10.0/checker-qual-2.10.0.pom\n[Unit tests/test]   | [INFO] Downloading from CodeMC: https://repo.codemc.org/repository/maven-public/org/checkerframework/checker-qual/2.10.0/checker-qual-2.10.0.pom\n[Unit tests/test]   | [INFO] Downloading from central: https://repo.maven.apache.org/maven2/org/checkerframework/checker-qual/2.10.0/checker-qual-2.10.0.pom\n[Unit tests/test]   | [INFO] Downloaded from central: https://repo.maven.apache.org/maven2/org/checkerframework/checker-qual/2.10.0/checker-qual-2.10.0.pom (2.4 kB at 104 kB/s)\n[Unit tests/test]   | [INFO] Downloading from bungeecord-repo: https://oss.sonatype.org/content/repositories/snapshots/com/google/errorprone/error_prone_annotations/2.3.4/error_prone_annotations-2.3.4.pom\n[Unit tests/test]   | [INFO] Downloading from cloudnet3-releases: https://repo.cloudnetservice.eu/repository/releases/com/google/errorprone/error_prone_annotations/2.3.4/error_prone_annotations-2.3.4.pom\n[Unit tests/test]   | [INFO] Downloading from cloudnet2-repo: https://cloudnetservice.eu/repositories/com/google/errorprone/error_prone_annotations/2.3.4/error_prone_annotations-2.3.4.pom\n[Unit tests/test]   | [INFO] Downloading from CodeMC: https://repo.codemc.org/repository/maven-public/com/google/errorprone/error_prone_annotations/2.3.4/error_prone_annotations-2.3.4.pom\n[Unit tests/test]   | [INFO] Downloading from central: https://repo.maven.apache.org/maven2/com/google/errorprone/error_prone_annotations/2.3.4/error_prone_annotations-2.3.4.pom\n[Unit tests/test]   | [INFO] Downloaded from central: https://repo.maven.apache.org/maven2/com/google/errorprone/error_prone_annotations/2.3.4/error_prone_annotations-2.3.4.pom (2.1 kB at 352 kB/s)\n[Unit tests/test]   | [INFO] Downloading from bungeecord-repo: https://oss.sonatype.org/content/repositories/snapshots/com/google/errorprone/error_prone_parent/2.3.4/error_prone_parent-2.3.4.pom\n[Unit tests/test]   | [INFO] Downloading from cloudnet3-releases: https://repo.cloudnetservice.eu/repository/releases/com/google/errorprone/error_prone_parent/2.3.4/error_prone_parent-2.3.4.pom\n[Unit tests/test]   | [INFO] Downloading from cloudnet2-repo: https://cloudnetservice.eu/repositories/com/google/errorprone/error_prone_parent/2.3.4/error_prone_parent-2.3.4.pom\n[Unit tests/test]   | [INFO] Downloading from CodeMC: https://repo.codemc.org/repository/maven-public/com/google/errorprone/error_prone_parent/2.3.4/error_prone_parent-2.3.4.pom\n[Unit tests/test]   | [INFO] Downloading from central: https://repo.maven.apache.org/maven2/com/google/errorprone/error_prone_parent/2.3.4/error_prone_parent-2.3.4.pom\n[Unit tests/test]   | [INFO] Downloaded from central: https://repo.maven.apache.org/maven2/com/google/errorprone/error_prone_parent/2.3.4/error_prone_parent-2.3.4.pom (5.4 kB at 417 kB/s)\n[Unit tests/test]   | [INFO] Downloading from bungeecord-repo: https://oss.sonatype.org/content/repositories/snapshots/com/google/j2objc/j2objc-annotations/1.3/j2objc-annotations-1.3.pom\n[Unit tests/test]   | [INFO] Downloading from cloudnet3-releases: https://repo.cloudnetservice.eu/repository/releases/com/google/j2objc/j2objc-annotations/1.3/j2objc-annotations-1.3.pom\n[Unit tests/test]   | [INFO] Downloading from cloudnet2-repo: https://cloudnetservice.eu/repositories/com/google/j2objc/j2objc-annotations/1.3/j2objc-annotations-1.3.pom\n[Unit tests/test]   | [INFO] Downloading from CodeMC: https://repo.codemc.org/repository/maven-public/com/google/j2objc/j2objc-annotations/1.3/j2objc-annotations-1.3.pom\n[Unit tests/test]   | [INFO] Downloading from central: https://repo.maven.apache.org/maven2/com/google/j2objc/j2objc-annotations/1.3/j2objc-annotations-1.3.pom\n[Unit tests/test]   | [INFO] Downloaded from central: https://repo.maven.apache.org/maven2/com/google/j2objc/j2objc-annotations/1.3/j2objc-annotations-1.3.pom (2.8 kB at 184 kB/s)\n[Unit tests/test]   | [INFO] Downloading from bungeecord-repo: https://oss.sonatype.org/content/repositories/snapshots/org/jetbrains/annotations/19.0.0/annotations-19.0.0.pom\n[Unit tests/test]   | [INFO] Downloading from cloudnet3-releases: https://repo.cloudnetservice.eu/repository/releases/org/jetbrains/annotations/19.0.0/annotations-19.0.0.pom\n[Unit tests/test]   | [INFO] Downloading from cloudnet2-repo: https://cloudnetservice.eu/repositories/org/jetbrains/annotations/19.0.0/annotations-19.0.0.pom\n[Unit tests/test]   | [INFO] Downloading from CodeMC: https://repo.codemc.org/repository/maven-public/org/jetbrains/annotations/19.0.0/annotations-19.0.0.pom\n[Unit tests/test]   | [INFO] Downloading from central: https://repo.maven.apache.org/maven2/org/jetbrains/annotations/19.0.0/annotations-19.0.0.pom\n[Unit tests/test]   | [INFO] Downloaded from central: https://repo.maven.apache.org/maven2/org/jetbrains/annotations/19.0.0/annotations-19.0.0.pom (1.4 kB at 97 kB/s)\n[Unit tests/test]   | [INFO] Downloading from bungeecord-repo: https://oss.sonatype.org/content/repositories/snapshots/io/netty/netty-handler/4.1.36.Final/netty-handler-4.1.36.Final.pom\n[Unit tests/test]   | [INFO] Downloading from cloudnet3-releases: https://repo.cloudnetservice.eu/repository/releases/io/netty/netty-handler/4.1.36.Final/netty-handler-4.1.36.Final.pom\n[Unit tests/test]   | [INFO] Downloading from cloudnet2-repo: https://cloudnetservice.eu/repositories/io/netty/netty-handler/4.1.36.Final/netty-handler-4.1.36.Final.pom\n[Unit tests/test]   | [INFO] Downloading from CodeMC: https://repo.codemc.org/repository/maven-public/io/netty/netty-handler/4.1.36.Final/netty-handler-4.1.36.Final.pom\n[Unit tests/test]   | [INFO] Downloading from central: https://repo.maven.apache.org/maven2/io/netty/netty-handler/4.1.36.Final/netty-handler-4.1.36.Final.pom\n[Unit tests/test]   | [INFO] Downloaded from central: https://repo.maven.apache.org/maven2/io/netty/netty-handler/4.1.36.Final/netty-handler-4.1.36.Final.pom (3.1 kB at 165 kB/s)\n[Unit tests/test]   | [INFO] Downloading from bungeecord-repo: https://oss.sonatype.org/content/repositories/snapshots/io/netty/netty-parent/4.1.36.Final/netty-parent-4.1.36.Final.pom\n[Unit tests/test]   | [INFO] Downloading from cloudnet3-releases: https://repo.cloudnetservice.eu/repository/releases/io/netty/netty-parent/4.1.36.Final/netty-parent-4.1.36.Final.pom\n[Unit tests/test]   | [INFO] Downloading from cloudnet2-repo: https://cloudnetservice.eu/repositories/io/netty/netty-parent/4.1.36.Final/netty-parent-4.1.36.Final.pom\n[Unit tests/test]   | [INFO] Downloading from CodeMC: https://repo.codemc.org/repository/maven-public/io/netty/netty-parent/4.1.36.Final/netty-parent-4.1.36.Final.pom\n[Unit tests/test]   | [INFO] Downloading from central: https://repo.maven.apache.org/maven2/io/netty/netty-parent/4.1.36.Final/netty-parent-4.1.36.Final.pom\n[Unit tests/test]   | [INFO] Downloaded from central: https://repo.maven.apache.org/maven2/io/netty/netty-parent/4.1.36.Final/netty-parent-4.1.36.Final.pom (59 kB at 3.0 MB/s)\n[Unit tests/test]   | [INFO] Downloading from bungeecord-repo: https://oss.sonatype.org/content/repositories/snapshots/io/netty/netty-common/4.1.36.Final/netty-common-4.1.36.Final.pom\n[Unit tests/test]   | [INFO] Downloading from cloudnet3-releases: https://repo.cloudnetservice.eu/repository/releases/io/netty/netty-common/4.1.36.Final/netty-common-4.1.36.Final.pom\n[Unit tests/test]   | [INFO] Downloading from cloudnet2-repo: https://cloudnetservice.eu/repositories/io/netty/netty-common/4.1.36.Final/netty-common-4.1.36.Final.pom\n[Unit tests/test]   | [INFO] Downloading from CodeMC: https://repo.codemc.org/repository/maven-public/io/netty/netty-common/4.1.36.Final/netty-common-4.1.36.Final.pom\n[Unit tests/test]   | [INFO] Downloading from central: https://repo.maven.apache.org/maven2/io/netty/netty-common/4.1.36.Final/netty-common-4.1.36.Final.pom\n[Unit tests/test]   | [INFO] Downloaded from central: https://repo.maven.apache.org/maven2/io/netty/netty-common/4.1.36.Final/netty-common-4.1.36.Final.pom (10 kB at 1.1 MB/s)\n[Unit tests/test]   | [INFO] Downloading from bungeecord-repo: https://oss.sonatype.org/content/repositories/snapshots/io/netty/netty-buffer/4.1.36.Final/netty-buffer-4.1.36.Final.pom\n[Unit tests/test]   | [INFO] Downloading from cloudnet3-releases: https://repo.cloudnetservice.eu/repository/releases/io/netty/netty-buffer/4.1.36.Final/netty-buffer-4.1.36.Final.pom\n[Unit tests/test]   | [INFO] Downloading from cloudnet2-repo: https://cloudnetservice.eu/repositories/io/netty/netty-buffer/4.1.36.Final/netty-buffer-4.1.36.Final.pom\n[Unit tests/test]   | [INFO] Downloading from CodeMC: https://repo.codemc.org/repository/maven-public/io/netty/netty-buffer/4.1.36.Final/netty-buffer-4.1.36.Final.pom\n[Unit tests/test]   | [INFO] Downloading from central: https://repo.maven.apache.org/maven2/io/netty/netty-buffer/4.1.36.Final/netty-buffer-4.1.36.Final.pom\n[Unit tests/test]   | [INFO] Downloaded from central: https://repo.maven.apache.org/maven2/io/netty/netty-buffer/4.1.36.Final/netty-buffer-4.1.36.Final.pom (1.6 kB at 105 kB/s)\n[Unit tests/test]   | [INFO] Downloading from bungeecord-repo: https://oss.sonatype.org/content/repositories/snapshots/io/netty/netty-transport/4.1.36.Final/netty-transport-4.1.36.Final.pom\n[Unit tests/test]   | [INFO] Downloading from cloudnet3-releases: https://repo.cloudnetservice.eu/repository/releases/io/netty/netty-transport/4.1.36.Final/netty-transport-4.1.36.Final.pom\n[Unit tests/test]   | [INFO] Downloading from cloudnet2-repo: https://cloudnetservice.eu/repositories/io/netty/netty-transport/4.1.36.Final/netty-transport-4.1.36.Final.pom\n[Unit tests/test]   | [INFO] Downloading from CodeMC: https://repo.codemc.org/repository/maven-public/io/netty/netty-transport/4.1.36.Final/netty-transport-4.1.36.Final.pom\n[Unit tests/test]   | [INFO] Downloading from central: https://repo.maven.apache.org/maven2/io/netty/netty-transport/4.1.36.Final/netty-transport-4.1.36.Final.pom\n[Unit tests/test]   | [INFO] Downloaded from central: https://repo.maven.apache.org/maven2/io/netty/netty-transport/4.1.36.Final/netty-transport-4.1.36.Final.pom (1.9 kB at 53 kB/s)\n[Unit tests/test]   | [INFO] Downloading from bungeecord-repo: https://oss.sonatype.org/content/repositories/snapshots/io/netty/netty-resolver/4.1.36.Final/netty-resolver-4.1.36.Final.pom\n[Unit tests/test]   | [INFO] Downloading from cloudnet3-releases: https://repo.cloudnetservice.eu/repository/releases/io/netty/netty-resolver/4.1.36.Final/netty-resolver-4.1.36.Final.pom\n[Unit tests/test]   | [INFO] Downloading from cloudnet2-repo: https://cloudnetservice.eu/repositories/io/netty/netty-resolver/4.1.36.Final/netty-resolver-4.1.36.Final.pom\n[Unit tests/test]   | [INFO] Downloading from CodeMC: https://repo.codemc.org/repository/maven-public/io/netty/netty-resolver/4.1.36.Final/netty-resolver-4.1.36.Final.pom\n[Unit tests/test]   | [INFO] Downloading from central: https://repo.maven.apache.org/maven2/io/netty/netty-resolver/4.1.36.Final/netty-resolver-4.1.36.Final.pom\n[Unit tests/test]   | [INFO] Downloaded from central: https://repo.maven.apache.org/maven2/io/netty/netty-resolver/4.1.36.Final/netty-resolver-4.1.36.Final.pom (1.6 kB at 106 kB/s)\n[Unit tests/test]   | [INFO] Downloading from bungeecord-repo: https://oss.sonatype.org/content/repositories/snapshots/io/netty/netty-codec/4.1.36.Final/netty-codec-4.1.36.Final.pom\n[Unit tests/test]   | [INFO] Downloading from cloudnet3-releases: https://repo.cloudnetservice.eu/repository/releases/io/netty/netty-codec/4.1.36.Final/netty-codec-4.1.36.Final.pom\n[Unit tests/test]   | [INFO] Downloading from cloudnet2-repo: https://cloudnetservice.eu/repositories/io/netty/netty-codec/4.1.36.Final/netty-codec-4.1.36.Final.pom\n[Unit tests/test]   | [INFO] Downloading from CodeMC: https://repo.codemc.org/repository/maven-public/io/netty/netty-codec/4.1.36.Final/netty-codec-4.1.36.Final.pom\n[Unit tests/test]   | [INFO] Downloading from central: https://repo.maven.apache.org/maven2/io/netty/netty-codec/4.1.36.Final/netty-codec-4.1.36.Final.pom\n[Unit tests/test]   | [INFO] Downloaded from central: https://repo.maven.apache.org/maven2/io/netty/netty-codec/4.1.36.Final/netty-codec-4.1.36.Final.pom (3.6 kB at 359 kB/s)\n[Unit tests/test]   | [INFO] Downloading from bungeecord-repo: https://oss.sonatype.org/content/repositories/snapshots/io/netty/netty-codec-http/4.1.36.Final/netty-codec-http-4.1.36.Final.pom\n[Unit tests/test]   | [INFO] Downloading from cloudnet3-releases: https://repo.cloudnetservice.eu/repository/releases/io/netty/netty-codec-http/4.1.36.Final/netty-codec-http-4.1.36.Final.pom\n[Unit tests/test]   | [INFO] Downloading from cloudnet2-repo: https://cloudnetservice.eu/repositories/io/netty/netty-codec-http/4.1.36.Final/netty-codec-http-4.1.36.Final.pom\n[Unit tests/test]   | [INFO] Downloading from CodeMC: https://repo.codemc.org/repository/maven-public/io/netty/netty-codec-http/4.1.36.Final/netty-codec-http-4.1.36.Final.pom\n[Unit tests/test]   | [INFO] Downloading from central: https://repo.maven.apache.org/maven2/io/netty/netty-codec-http/4.1.36.Final/netty-codec-http-4.1.36.Final.pom\n[Unit tests/test]   | [INFO] Downloaded from central: https://repo.maven.apache.org/maven2/io/netty/netty-codec-http/4.1.36.Final/netty-codec-http-4.1.36.Final.pom (2.4 kB at 109 kB/s)\n[Unit tests/test]   | [INFO] Downloading from bungeecord-repo: https://oss.sonatype.org/content/repositories/snapshots/io/netty/netty-transport-native-epoll/4.1.36.Final/netty-transport-native-epoll-4.1.36.Final.pom\n[Unit tests/test]   | [INFO] Downloading from cloudnet3-releases: https://repo.cloudnetservice.eu/repository/releases/io/netty/netty-transport-native-epoll/4.1.36.Final/netty-transport-native-epoll-4.1.36.Final.pom\n[Unit tests/test]   | [INFO] Downloading from cloudnet2-repo: https://cloudnetservice.eu/repositories/io/netty/netty-transport-native-epoll/4.1.36.Final/netty-transport-native-epoll-4.1.36.Final.pom\n[Unit tests/test]   | [INFO] Downloading from CodeMC: https://repo.codemc.org/repository/maven-public/io/netty/netty-transport-native-epoll/4.1.36.Final/netty-transport-native-epoll-4.1.36.Final.pom\n[Unit tests/test]   | [INFO] Downloading from central: https://repo.maven.apache.org/maven2/io/netty/netty-transport-native-epoll/4.1.36.Final/netty-transport-native-epoll-4.1.36.Final.pom\n[Unit tests/test]   | [INFO] Downloaded from central: https://repo.maven.apache.org/maven2/io/netty/netty-transport-native-epoll/4.1.36.Final/netty-transport-native-epoll-4.1.36.Final.pom (15 kB at 1.7 MB/s)\n[Unit tests/test]   | [INFO] Downloading from bungeecord-repo: https://oss.sonatype.org/content/repositories/snapshots/io/netty/netty-transport-native-unix-common/4.1.36.Final/netty-transport-native-unix-common-4.1.36.Final.pom\n[Unit tests/test]   | [INFO] Downloading from cloudnet3-releases: https://repo.cloudnetservice.eu/repository/releases/io/netty/netty-transport-native-unix-common/4.1.36.Final/netty-transport-native-unix-common-4.1.36.Final.pom\n[Unit tests/test]   | [INFO] Downloading from cloudnet2-repo: https://cloudnetservice.eu/repositories/io/netty/netty-transport-native-unix-common/4.1.36.Final/netty-transport-native-unix-common-4.1.36.Final.pom\n[Unit tests/test]   | [INFO] Downloading from CodeMC: https://repo.codemc.org/repository/maven-public/io/netty/netty-transport-native-unix-common/4.1.36.Final/netty-transport-native-unix-common-4.1.36.Final.pom\n[Unit tests/test]   | [INFO] Downloading from central: https://repo.maven.apache.org/maven2/io/netty/netty-transport-native-unix-common/4.1.36.Final/netty-transport-native-unix-common-4.1.36.Final.pom\n[Unit tests/test]   | [INFO] Downloaded from central: https://repo.maven.apache.org/maven2/io/netty/netty-transport-native-unix-common/4.1.36.Final/netty-transport-native-unix-common-4.1.36.Final.pom (16 kB at 1.3 MB/s)\n[Unit tests/test]   | [INFO] Downloading from bungeecord-repo: https://oss.sonatype.org/content/repositories/snapshots/io/netty/netty-transport-native-kqueue/4.1.36.Final/netty-transport-native-kqueue-4.1.36.Final.pom\n[Unit tests/test]   | [INFO] Downloading from cloudnet3-releases: https://repo.cloudnetservice.eu/repository/releases/io/netty/netty-transport-native-kqueue/4.1.36.Final/netty-transport-native-kqueue-4.1.36.Final.pom\n[Unit tests/test]   | [INFO] Downloading from cloudnet2-repo: https://cloudnetservice.eu/repositories/io/netty/netty-transport-native-kqueue/4.1.36.Final/netty-transport-native-kqueue-4.1.36.Final.pom\n[Unit tests/test]   | [INFO] Downloading from CodeMC: https://repo.codemc.org/repository/maven-public/io/netty/netty-transport-native-kqueue/4.1.36.Final/netty-transport-native-kqueue-4.1.36.Final.pom\n[Unit tests/test]   | [INFO] Downloading from central: https://repo.maven.apache.org/maven2/io/netty/netty-transport-native-kqueue/4.1.36.Final/netty-transport-native-kqueue-4.1.36.Final.pom\n[Unit tests/test]   | [INFO] Downloaded from central: https://repo.maven.apache.org/maven2/io/netty/netty-transport-native-kqueue/4.1.36.Final/netty-transport-native-kqueue-4.1.36.Final.pom (18 kB at 2.5 MB/s)\n[Unit tests/test]   | [INFO] Downloading from bungeecord-repo: https://oss.sonatype.org/content/repositories/snapshots/de/dytanic/cloudnet/cloudnet-bridge/3.3.0-RELEASE/cloudnet-bridge-3.3.0-RELEASE.pom\n[Unit tests/test]   | [INFO] Downloading from cloudnet3-releases: https://repo.cloudnetservice.eu/repository/releases/de/dytanic/cloudnet/cloudnet-bridge/3.3.0-RELEASE/cloudnet-bridge-3.3.0-RELEASE.pom\n[Unit tests/test]   | [INFO] Downloaded from cloudnet3-releases: https://repo.cloudnetservice.eu/repository/releases/de/dytanic/cloudnet/cloudnet-bridge/3.3.0-RELEASE/cloudnet-bridge-3.3.0-RELEASE.pom (985 B at 15 kB/s)\n[Unit tests/test]   | [INFO] Downloading from bungeecord-repo: https://oss.sonatype.org/content/repositories/snapshots/de/dytanic/cloudnet/cloudnet-api-bridge/2.1.17/cloudnet-api-bridge-2.1.17.pom\n[Unit tests/test]   | [INFO] Downloading from cloudnet3-releases: https://repo.cloudnetservice.eu/repository/releases/de/dytanic/cloudnet/cloudnet-api-bridge/2.1.17/cloudnet-api-bridge-2.1.17.pom\n[Unit tests/test]   | [INFO] Downloaded from cloudnet3-releases: https://repo.cloudnetservice.eu/repository/releases/de/dytanic/cloudnet/cloudnet-api-bridge/2.1.17/cloudnet-api-bridge-2.1.17.pom (3.6 kB at 50 kB/s)\n[Unit tests/test]   | [INFO] Downloading from bungeecord-repo: https://oss.sonatype.org/content/repositories/snapshots/de/dytanic/cloudnet/cloudnet-api/2.1.17/cloudnet-api-2.1.17.pom\n[Unit tests/test]   | [INFO] Downloading from cloudnet3-releases: https://repo.cloudnetservice.eu/repository/releases/de/dytanic/cloudnet/cloudnet-api/2.1.17/cloudnet-api-2.1.17.pom\n[Unit tests/test]   | [INFO] Downloaded from cloudnet3-releases: https://repo.cloudnetservice.eu/repository/releases/de/dytanic/cloudnet/cloudnet-api/2.1.17/cloudnet-api-2.1.17.pom (1.9 kB at 40 kB/s)\n[Unit tests/test]   | [INFO] Downloading from bungeecord-repo: https://oss.sonatype.org/content/repositories/snapshots/de/dytanic/cloudnet/cloudnet/2.1.17/cloudnet-2.1.17.pom\n[Unit tests/test]   | [INFO] Downloading from cloudnet3-releases: https://repo.cloudnetservice.eu/repository/releases/de/dytanic/cloudnet/cloudnet/2.1.17/cloudnet-2.1.17.pom\n[Unit tests/test]   | [INFO] Downloaded from cloudnet3-releases: https://repo.cloudnetservice.eu/repository/releases/de/dytanic/cloudnet/cloudnet/2.1.17/cloudnet-2.1.17.pom (5.2 kB at 105 kB/s)\n[Unit tests/test]   | [INFO] Downloading from bungeecord-repo: https://oss.sonatype.org/content/repositories/snapshots/de/dytanic/cloudnet/cloudnet-core/2.1.17/cloudnet-core-2.1.17.pom\n[Unit tests/test]   | [INFO] Downloading from cloudnet3-releases: https://repo.cloudnetservice.eu/repository/releases/de/dytanic/cloudnet/cloudnet-core/2.1.17/cloudnet-core-2.1.17.pom\n[Unit tests/test]   | [INFO] Downloaded from cloudnet3-releases: https://repo.cloudnetservice.eu/repository/releases/de/dytanic/cloudnet/cloudnet-core/2.1.17/cloudnet-core-2.1.17.pom (2.2 kB at 42 kB/s)\n[Unit tests/test]   | [INFO] Downloading from bungeecord-repo: https://oss.sonatype.org/content/repositories/snapshots/net/luckperms/api/5.2/api-5.2.pom\n[Unit tests/test]   | [INFO] Downloading from cloudnet3-releases: https://repo.cloudnetservice.eu/repository/releases/net/luckperms/api/5.2/api-5.2.pom\n[Unit tests/test]   | [INFO] Downloading from cloudnet2-repo: https://cloudnetservice.eu/repositories/net/luckperms/api/5.2/api-5.2.pom\n[Unit tests/test]   | [INFO] Downloading from CodeMC: https://repo.codemc.org/repository/maven-public/net/luckperms/api/5.2/api-5.2.pom\n[Unit tests/test]   | [INFO] Downloading from central: https://repo.maven.apache.org/maven2/net/luckperms/api/5.2/api-5.2.pom\n[Unit tests/test]   | [INFO] Downloaded from central: https://repo.maven.apache.org/maven2/net/luckperms/api/5.2/api-5.2.pom (1.3 kB at 6.5 kB/s)\n[Unit tests/test]   | [INFO] Downloading from maven-default-http-blocker: http://0.0.0.0/com/imaginarycode/minecraft/RedisBungee/0.3.6-SNAPSHOT/maven-metadata.xml\n[Unit tests/test]   | [INFO] Downloading from cloudnet2-repo: https://cloudnetservice.eu/repositories/com/imaginarycode/minecraft/RedisBungee/0.3.6-SNAPSHOT/maven-metadata.xml\n[Unit tests/test]   | [INFO] Downloading from cloudnet3-releases: https://repo.cloudnetservice.eu/repository/releases/com/imaginarycode/minecraft/RedisBungee/0.3.6-SNAPSHOT/maven-metadata.xml\n[Unit tests/test]   | [INFO] Downloading from bungeecord-repo: https://oss.sonatype.org/content/repositories/snapshots/com/imaginarycode/minecraft/RedisBungee/0.3.6-SNAPSHOT/maven-metadata.xml\n[Unit tests/test]   | [INFO] Downloading from CodeMC: https://repo.codemc.org/repository/maven-public/com/imaginarycode/minecraft/RedisBungee/0.3.6-SNAPSHOT/maven-metadata.xml\n[Unit tests/test]   | [WARNING] Could not transfer metadata com.imaginarycode.minecraft:RedisBungee:0.3.6-SNAPSHOT/maven-metadata.xml from/to maven-default-http-blocker (http://0.0.0.0/): transfer failed for http://0.0.0.0/com/imaginarycode/minecraft/RedisBungee/0.3.6-SNAPSHOT/maven-metadata.xml\n[Unit tests/test]   | [WARNING] com.imaginarycode.minecraft:RedisBungee:0.3.6-SNAPSHOT/maven-metadata.xmlfailed to transfer from http://0.0.0.0/ during a previous attempt. This failure was cached in the local repository and resolution will not be reattempted until the update interval of maven-default-http-blocker has elapsed or updates are forced. Original error: Could not transfer metadata com.imaginarycode.minecraft:RedisBungee:0.3.6-SNAPSHOT/maven-metadata.xml from/to maven-default-http-blocker (http://0.0.0.0/): transfer failed for http://0.0.0.0/com/imaginarycode/minecraft/RedisBungee/0.3.6-SNAPSHOT/maven-metadata.xml\n[Unit tests/test]   | [INFO] Downloading from bungeecord-repo: https://oss.sonatype.org/content/repositories/snapshots/com/imaginarycode/minecraft/RedisBungee/0.3.6-SNAPSHOT/RedisBungee-0.3.6-SNAPSHOT.pom\n[Unit tests/test]   | [INFO] Downloading from cloudnet3-releases: https://repo.cloudnetservice.eu/repository/releases/com/imaginarycode/minecraft/RedisBungee/0.3.6-SNAPSHOT/RedisBungee-0.3.6-SNAPSHOT.pom\n[Unit tests/test]   | [INFO] Downloading from cloudnet2-repo: https://cloudnetservice.eu/repositories/com/imaginarycode/minecraft/RedisBungee/0.3.6-SNAPSHOT/RedisBungee-0.3.6-SNAPSHOT.pom\n[Unit tests/test]   | [INFO] Downloading from CodeMC: https://repo.codemc.org/repository/maven-public/com/imaginarycode/minecraft/RedisBungee/0.3.6-SNAPSHOT/RedisBungee-0.3.6-SNAPSHOT.pom\n[Unit tests/test]   | [INFO] Downloading from bungeecord-repo: https://oss.sonatype.org/content/repositories/snapshots/org/bstats/bstats-bungeecord/1.5/bstats-bungeecord-1.5.pom\n[Unit tests/test]   | [INFO] Downloading from cloudnet3-releases: https://repo.cloudnetservice.eu/repository/releases/org/bstats/bstats-bungeecord/1.5/bstats-bungeecord-1.5.pom\n[Unit tests/test]   | [INFO] Downloading from cloudnet2-repo: https://cloudnetservice.eu/repositories/org/bstats/bstats-bungeecord/1.5/bstats-bungeecord-1.5.pom\n[Unit tests/test]   | [INFO] Downloading from CodeMC: https://repo.codemc.org/repository/maven-public/org/bstats/bstats-bungeecord/1.5/bstats-bungeecord-1.5.pom\n[Unit tests/test]   | [INFO] Downloaded from CodeMC: https://repo.codemc.org/repository/maven-public/org/bstats/bstats-bungeecord/1.5/bstats-bungeecord-1.5.pom (1.2 kB at 14 kB/s)\n[Unit tests/test]   | [INFO] ------------------------------------------------------------------------\n[Unit tests/test]   | [INFO] Reactor Summary for AdvancedBan 2.3.0:\n[Unit tests/test]   | [INFO] \n[Unit tests/test]   | [INFO] AdvancedBan ........................................ SUCCESS [  0.002 s]\n[Unit tests/test]   | [INFO] AdvancedBan-Core ................................... SUCCESS [ 12.444 s]\n[Unit tests/test]   | [INFO] AdvancedBan-Bukkit ................................. SUCCESS [ 13.255 s]\n[Unit tests/test]   | [INFO] AdvancedBan-Bungee ................................. FAILURE [ 12.893 s]\n[Unit tests/test]   | [INFO] AdvancedBan-Bundle ................................. SKIPPED\n[Unit tests/test]   | [INFO] ------------------------------------------------------------------------\n[Unit tests/test]   | [INFO] BUILD FAILURE\n[Unit tests/test]   | [INFO] ------------------------------------------------------------------------\n[Unit tests/test]   | [INFO] Total time:  38.748 s\n[Unit tests/test]   | [INFO] Finished at: 2023-05-28T19:07:36Z\n[Unit tests/test]   | [INFO] ------------------------------------------------------------------------\n[Unit tests/test]   | [ERROR] Failed to execute goal on project AdvancedBan-Bungee: Could not resolve dependencies for project me.leoko.advancedban:AdvancedBan-Bungee:jar:2.3.0: Failed to collect dependencies at com.imaginarycode.minecraft:RedisBungee:jar:0.3.6-SNAPSHOT: Failed to read artifact descriptor for com.imaginarycode.minecraft:RedisBungee:jar:0.3.6-SNAPSHOT: Could not transfer artifact com.imaginarycode.minecraft:RedisBungee:pom:0.3.6-SNAPSHOT from/to maven-default-http-blocker (http://0.0.0.0/): Blocked mirror for repositories: [md_5-snapshots (http://repo.md-5.net/content/repositories/snapshots/, default, releases+snapshots)] -> [Help 1]\n[Unit tests/test]   | [ERROR] \n[Unit tests/test]   | [ERROR] To see the full stack trace of the errors, re-run Maven with the -e switch.\n[Unit tests/test]   | [ERROR] Re-run Maven using the -X switch to enable full debug logging.\n[Unit tests/test]   | [ERROR] \n[Unit tests/test]   | [ERROR] For more information about the errors and possible solutions, please read the following articles:\n[Unit tests/test]   | [ERROR] [Help 1] http://cwiki.apache.org/confluence/display/MAVEN/DependencyResolutionException\n[Unit tests/test]   | [ERROR] \n[Unit tests/test]   | [ERROR] After correcting the problems, you can resume the build with the command\n[Unit tests/test]   | [ERROR]   mvn <args> -rf :AdvancedBan-Bungee\n[Unit tests/test]   \u274c  Failure - Main Test with Maven\n[Unit tests/test] exitcode '1': failure\n[Unit tests/test] \u2b50 Run Post Set up JDK 1.8\n[Unit tests/test]   \ud83d\udc33  docker exec cmd=[node /var/run/act/actions/actions-setup-java@v1/dist/cleanup/index.js] user= workdir=\n[Unit tests/test]   \u2705  Success - Post Set up JDK 1.8\n[Unit tests/test] \ud83c\udfc1  Job failed\n",
    "actions_stderr": "Error: Job 'test' failed\n"
}