{
    "repository": "holgerbrandl/themoviedbapi",
    "clone_url": "https://github.com/holgerbrandl/themoviedbapi.git",
    "timestamp": "2023-05-28T18:04:39.157365Z",
    "clone_success": true,
    "number of actions": 2,
    "number_of_test_actions": 1,
    "actions_successful": false,
    "actions_stdout": "[build/build] \ud83d\ude80  Start image=crawlergpt:latest\n[build/build]   \ud83d\udc33  docker pull image=crawlergpt:latest platform= username= forcePull=false\n[build/build]   \ud83d\udc33  docker create image=crawlergpt:latest platform= entrypoint=[\"tail\" \"-f\" \"/dev/null\"] cmd=[]\n[build/build]   \ud83d\udc33  docker run image=crawlergpt:latest platform= entrypoint=[\"tail\" \"-f\" \"/dev/null\"] cmd=[]\n[build/build]   \ud83d\udc33  docker exec cmd=[chown -R 1012:1000 /tmp/bc275e72-fd77-11ed-a890-af2cc187fc11/holgerbrandl-themoviedbapi] user=0 workdir=\n[build/build]   \u2601  git clone 'https://github.com/actions/setup-java' # ref=v1\n[build/build] Non-terminating error while running 'git clone': some refs were not updated\n[build/build] \u2b50 Run Main actions/checkout@v2\n[build/build]   \u2705  Success - Main actions/checkout@v2\n[build/build] \u2b50 Run Main Set up JDK 11\n[build/build]   \ud83d\udc33  docker cp src=/home/andre-silva/.cache/act/actions-setup-java@v1/ dst=/var/run/act/actions/actions-setup-java@v1/\n[build/build]   \ud83d\udc33  docker exec cmd=[chown -R 1012:1000 /var/run/act/actions/actions-setup-java@v1/] user=0 workdir=\n[build/build]   \ud83d\udc33  docker exec cmd=[node /var/run/act/actions/actions-setup-java@v1/dist/setup/index.js] user= workdir=\n[build/build]   \ud83d\udcac  ::debug::isExplicit: \n[build/build]   \ud83d\udcac  ::debug::explicit? false\n[build/build]   \ud83d\udcac  ::debug::evaluating 0 versions\n[build/build]   \ud83d\udcac  ::debug::match not found\n[build/build]   \ud83d\udcac  ::debug::Downloading JDK from Azul\n[build/build]   \ud83d\udcac  ::debug::Searching for files with extension: -linux_x64.tar.gz\n[build/build]   \ud83d\udcac  ::debug::Downloading https://static.azul.com/zulu/bin/zulu11.64.19-ca-jdk11.0.19-linux_x64.tar.gz\n[build/build]   \ud83d\udcac  ::debug::Downloading /tmp/dcbfb368-ffa0-4aee-a120-2b7ce0c87e74\n[build/build]   \ud83d\udcac  ::debug::download complete\n[build/build]   | [command]/usr/bin/tar --version\n[build/build]   | tar (GNU tar) 1.30\n[build/build]   | Copyright (C) 2017 Free Software Foundation, Inc.\n[build/build]   | License GPLv3+: GNU GPL version 3 or later <https://gnu.org/licenses/gpl.html>.\n[build/build]   | This is free software: you are free to change and redistribute it.\n[build/build]   | There is NO WARRANTY, to the extent permitted by law.\n[build/build]   | \n[build/build]   | Written by John Gilmore and Jay Fenlason.\n[build/build]   | [command]/usr/bin/tar xz --warning=no-unknown-keyword -C /tmp/temp_1478507449 -f /tmp/dcbfb368-ffa0-4aee-a120-2b7ce0c87e74\n[build/build]   \ud83d\udcac  ::debug::jdk extracted to /tmp/temp_1478507449/zulu11.64.19-ca-jdk11.0.19-linux_x64\n[build/build]   \ud83d\udcac  ::debug::Caching tool jdk 11.0.19 x64\n[build/build]   \ud83d\udcac  ::debug::source dir: /tmp/temp_1478507449/zulu11.64.19-ca-jdk11.0.19-linux_x64\n[build/build]   \ud83d\udcac  ::debug::destination /opt/hostedtoolcache/jdk/11.0.19/x64\n[build/build]   \ud83d\udcac  ::debug::finished caching tool\n[build/build]   \u2753 add-matcher /run/act/actions/actions-setup-java@v1/.github/java.json\n[build/build]   | creating settings.xml with server-id: github; environment variables: username=$GITHUB_ACTOR, password=$GITHUB_TOKEN, and gpg-passphrase=null\n[build/build]   \ud83d\udcac  ::debug::created directory /home/runneradmin/.m2\n[build/build]   | writing /home/runneradmin/.m2/settings.xml\n[build/build]   \u2705  Success - Main Set up JDK 11\n[build/build]   \u2699  ::set-env:: JAVA_HOME_11.0.19_x64=/opt/hostedtoolcache/jdk/11.0.19/x64\n[build/build]   \u2699  ::set-env:: JAVA_HOME=/opt/hostedtoolcache/jdk/11.0.19/x64\n[build/build]   \u2699  ::set-env:: JAVA_HOME_11_0_19_X64=/opt/hostedtoolcache/jdk/11.0.19/x64\n[build/build]   \u2699  ::set-output:: path=/opt/hostedtoolcache/jdk/11.0.19/x64\n[build/build]   \u2699  ::set-output:: version=11.0.19\n[build/build]   \u2699  ::add-path:: /opt/hostedtoolcache/jdk/11.0.19/x64/bin\n[build/build] \u2b50 Run Main Grant execute permission for gradlew\n[build/build]   \ud83d\udc33  docker exec cmd=[bash --noprofile --norc -e -o pipefail /var/run/act/workflow/2] user= workdir=\n[build/build]   \u2705  Success - Main Grant execute permission for gradlew\n[build/build] \u2b50 Run Main Build and test with Gradle\n[build/build]   \ud83d\udc33  docker exec cmd=[bash --noprofile --norc -e -o pipefail /var/run/act/workflow/3] user= workdir=\n[build/build]   | Downloading https://services.gradle.org/distributions/gradle-8.1.1-bin.zip\n[build/build]   | ...........10%............20%............30%............40%............50%............60%............70%............80%...........90%............100%\n[build/build]   | Initialized native services in: /home/runneradmin/.gradle/native\n[build/build]   | Initialized jansi services in: /home/runneradmin/.gradle/native\n[build/build]   | \n[build/build]   | Welcome to Gradle 8.1.1!\n[build/build]   | \n[build/build]   | Here are the highlights of this release:\n[build/build]   |  - Stable configuration cache\n[build/build]   |  - Experimental Kotlin DSL assignment syntax\n[build/build]   |  - Building with Java 20\n[build/build]   | \n[build/build]   | For more details see https://docs.gradle.org/8.1.1/release-notes.html\n[build/build]   | \n[build/build]   | Received JVM installation metadata from '/opt/hostedtoolcache/jdk/11.0.19/x64': {JAVA_HOME=/opt/hostedtoolcache/jdk/11.0.19/x64, JAVA_VERSION=11.0.19, JAVA_VENDOR=Azul Systems, Inc., RUNTIME_NAME=OpenJDK Runtime Environment, RUNTIME_VERSION=11.0.19+7-LTS, VM_NAME=OpenJDK 64-Bit Server VM, VM_VERSION=11.0.19+7-LTS, VM_VENDOR=Azul Systems, Inc., OS_ARCH=amd64}\n[build/build]   | Removing 0 daemon stop events from registry\n[build/build]   | Starting a Gradle Daemon (subsequent builds will be faster)\n[build/build]   | Starting process 'Gradle build daemon'. Working directory: /home/runneradmin/.gradle/daemon/8.1.1 Command: /opt/hostedtoolcache/jdk/11.0.19/x64/bin/java --add-opens=java.base/java.util=ALL-UNNAMED --add-opens=java.base/java.lang=ALL-UNNAMED --add-opens=java.base/java.lang.invoke=ALL-UNNAMED --add-opens=java.prefs/java.util.prefs=ALL-UNNAMED --add-opens=java.base/java.nio.charset=ALL-UNNAMED --add-opens=java.base/java.net=ALL-UNNAMED --add-opens=java.base/java.util.concurrent.atomic=ALL-UNNAMED -XX:MaxMetaspaceSize=384m -XX:+HeapDumpOnOutOfMemoryError -Xms256m -Xmx512m -Dfile.encoding=UTF-8 -Duser.country -Duser.language=en -Duser.variant -cp /home/runneradmin/.gradle/wrapper/dists/gradle-8.1.1-bin/9wiye5v2saajue4irfo8ybqfp/gradle-8.1.1/lib/gradle-launcher-8.1.1.jar -javaagent:/home/runneradmin/.gradle/wrapper/dists/gradle-8.1.1-bin/9wiye5v2saajue4irfo8ybqfp/gradle-8.1.1/lib/agents/gradle-instrumentation-agent-8.1.1.jar org.gradle.launcher.daemon.bootstrap.GradleDaemon 8.1.1\n[build/build]   | Successfully started process 'Gradle build daemon'\n[build/build]   | An attempt to start the daemon took 1.311 secs.\n[build/build]   | The client will now receive all logging from the daemon (pid: 139). The daemon log file: /home/runneradmin/.gradle/daemon/8.1.1/daemon-139.out.log\n[build/build]   | Starting build in new daemon [memory: 512 MiB]\n[build/build]   | Closing daemon's stdin at end of input.\n[build/build]   | The daemon will no longer process any standard input.\n[build/build]   | Using 128 worker leases.\n[build/build]   | Received JVM installation metadata from '/opt/hostedtoolcache/jdk/11.0.19/x64': {JAVA_HOME=/opt/hostedtoolcache/jdk/11.0.19/x64, JAVA_VERSION=11.0.19, JAVA_VENDOR=Azul Systems, Inc., RUNTIME_NAME=OpenJDK Runtime Environment, RUNTIME_VERSION=11.0.19+7-LTS, VM_NAME=OpenJDK 64-Bit Server VM, VM_VERSION=11.0.19+7-LTS, VM_VENDOR=Azul Systems, Inc., OS_ARCH=amd64}\n[build/build]   | Watching the file system is configured to be enabled\n[build/build]   | Now considering [/tmp/bc275e72-fd77-11ed-a890-af2cc187fc11/holgerbrandl-themoviedbapi] as hierarchies to watch\n[build/build]   | File system watching is active\n[build/build]   | Starting Build\n[build/build]   | Compiling settings file '/tmp/bc275e72-fd77-11ed-a890-af2cc187fc11/holgerbrandl-themoviedbapi/settings.gradle' using SubsetScriptTransformer.\n[build/build]   | Compiling settings file '/tmp/bc275e72-fd77-11ed-a890-af2cc187fc11/holgerbrandl-themoviedbapi/settings.gradle' using BuildScriptTransformer.\n[build/build]   | Settings evaluated using settings file '/tmp/bc275e72-fd77-11ed-a890-af2cc187fc11/holgerbrandl-themoviedbapi/settings.gradle'.\n[build/build]   | Using local directory build cache for the root build (location = /home/runneradmin/.gradle/caches/build-cache-1, removeUnusedEntriesAfter = 7 days).\n[build/build]   | Projects loaded. Root project using build file '/tmp/bc275e72-fd77-11ed-a890-af2cc187fc11/holgerbrandl-themoviedbapi/build.gradle'.\n[build/build]   | Included projects: [root project 'themoviedbapi']\n[build/build]   | \n[build/build]   | > Configure project :\n[build/build]   | Evaluating root project 'themoviedbapi' using build file '/tmp/bc275e72-fd77-11ed-a890-af2cc187fc11/holgerbrandl-themoviedbapi/build.gradle'.\n[build/build]   | Compiling build file '/tmp/bc275e72-fd77-11ed-a890-af2cc187fc11/holgerbrandl-themoviedbapi/build.gradle' using SubsetScriptTransformer.\n[build/build]   | The configuration detachedConfiguration1 is both resolvable and consumable. This is considered a legacy configuration and it will eventually only be possible to be one of these.\n[build/build]   | The configuration detachedConfiguration1 is both consumable and declarable. This combination is incorrect, only one of these flags should be set.\n[build/build]   | The configuration detachedConfiguration1 is both resolvable and consumable. This is considered a legacy configuration and it will eventually only be possible to be one of these.\n[build/build]   | The configuration detachedConfiguration1 is both consumable and declarable. This combination is incorrect, only one of these flags should be set.\n[build/build]   | Downloading https://plugins.gradle.org/m2/io/github/gradle-nexus/publish-plugin/io.github.gradle-nexus.publish-plugin.gradle.plugin/1.3.0/io.github.gradle-nexus.publish-plugin.gradle.plugin-1.3.0.pom to /home/runneradmin/.gradle/.tmp/gradle_download8982545712497684696bin\n[build/build]   | The configuration :classpath is both resolvable and consumable. This is considered a legacy configuration and it will eventually only be possible to be one of these.\n[build/build]   | The configuration :classpath is both consumable and declarable. This combination is incorrect, only one of these flags should be set.\n[build/build]   | The configuration :classpath is both resolvable and consumable. This is considered a legacy configuration and it will eventually only be possible to be one of these.\n[build/build]   | The configuration :classpath is both consumable and declarable. This combination is incorrect, only one of these flags should be set.\n[build/build]   | Downloading https://plugins.gradle.org/m2/io/github/gradle-nexus/publish-plugin/1.3.0/publish-plugin-1.3.0.pom to /home/runneradmin/.gradle/.tmp/gradle_download2568649990375623368bin\n[build/build]   | Downloading https://plugins.gradle.org/m2/io/github/gradle-nexus/publish-plugin/1.3.0/publish-plugin-1.3.0.module to /home/runneradmin/.gradle/.tmp/gradle_download11764544160770505825bin\n[build/build]   | Resource missing. [HTTP HEAD: https://plugins.gradle.org/m2/io/github/gradle-nexus/publish-plugin/io.github.gradle-nexus.publish-plugin.gradle.plugin/1.3.0/io.github.gradle-nexus.publish-plugin.gradle.plugin-1.3.0.jar]\n[build/build]   | Downloading https://plugins.gradle.org/m2/io/github/gradle-nexus/publish-plugin/1.3.0/publish-plugin-1.3.0.jar to /home/runneradmin/.gradle/.tmp/gradle_download4575160385565136303bin\n[build/build]   | Compiling build file '/tmp/bc275e72-fd77-11ed-a890-af2cc187fc11/holgerbrandl-themoviedbapi/build.gradle' using BuildScriptTransformer.\n[build/build]   | All projects evaluated.\n[build/build]   | Task name matched 'clean'\n[build/build]   | Task name matched 'check'\n[build/build]   | Selected primary task 'clean' from project :\n[build/build]   | Selected primary task 'check' from project :\n[build/build]   | The configuration :javadocElements is both consumable and declarable. This combination is incorrect, only one of these flags should be set.\n[build/build]   | The configuration :mainSourceElements is both consumable and declarable. This combination is incorrect, only one of these flags should be set.\n[build/build]   | The configuration :signatures is both resolvable and consumable. This is considered a legacy configuration and it will eventually only be possible to be one of these.\n[build/build]   | The configuration :signatures is both consumable and declarable. This combination is incorrect, only one of these flags should be set.\n[build/build]   | The configuration :sourcesElements is both consumable and declarable. This combination is incorrect, only one of these flags should be set.\n[build/build]   | Tasks to be executed: [task ':clean', task ':compileJava', task ':processResources', task ':classes', task ':compileTestJava', task ':processTestResources', task ':testClasses', task ':test', task ':check']\n[build/build]   | Tasks that were excluded: []\n[build/build]   | Resolve mutations for :clean (Thread[Execution worker Thread 4,5,main]) started.\n[build/build]   | :clean (Thread[Execution worker Thread 16,5,main]) started.\n[build/build]   | destroyer locations for task group 0 (Thread[Execution worker Thread 84,5,main]) started.\n[build/build]   | \n[build/build]   | > Task :clean UP-TO-DATE\n[build/build]   | Caching disabled for task ':clean' because:\n[build/build]   |   Deletion cannot be cached\n[build/build]   | Task ':clean' is not up-to-date because:\n[build/build]   |   Task has not declared any outputs despite executing actions.\n[build/build]   | Resolve mutations for :compileJava (Thread[included builds,5,main]) started.\n[build/build]   | :compileJava (Thread[included builds,5,main]) started.\n[build/build]   | \n[build/build]   | > Task :compileJava\n[build/build]   | Watching 13 directories to track changes\n[build/build]   | Watching 14 directories to track changes\n[build/build]   | Watching 15 directories to track changes\n[build/build]   | Watching 15 directories to track changes\n[build/build]   | Watching 15 directories to track changes\n[build/build]   | Watching 15 directories to track changes\n[build/build]   | Watching 15 directories to track changes\n[build/build]   | Downloading https://repo.maven.apache.org/maven2/com/fasterxml/jackson/core/jackson-core/2.15.0/jackson-core-2.15.0.pom to /home/runneradmin/.gradle/.tmp/gradle_download16057547687760520688bin\n[build/build]   | Downloading https://repo.maven.apache.org/maven2/com/fasterxml/jackson/core/jackson-databind/2.15.0/jackson-databind-2.15.0.pom to /home/runneradmin/.gradle/.tmp/gradle_download3974836800792419765bin\n[build/build]   | Downloading https://repo.maven.apache.org/maven2/commons-codec/commons-codec/1.15/commons-codec-1.15.pom to /home/runneradmin/.gradle/.tmp/gradle_download10848367340615077943bin\n[build/build]   | Downloading https://repo.maven.apache.org/maven2/com/google/guava/guava/31.1-jre/guava-31.1-jre.pom to /home/runneradmin/.gradle/.tmp/gradle_download13495343600065862386bin\n[build/build]   | Downloading https://repo.maven.apache.org/maven2/org/slf4j/slf4j-api/2.0.7/slf4j-api-2.0.7.pom to /home/runneradmin/.gradle/.tmp/gradle_download16110819863699228761bin\n[build/build]   | Downloading https://repo.maven.apache.org/maven2/com/fasterxml/jackson/core/jackson-annotations/2.15.0/jackson-annotations-2.15.0.pom to /home/runneradmin/.gradle/.tmp/gradle_download6419146190609251934bin\n[build/build]   | Downloading https://repo.maven.apache.org/maven2/org/apache/commons/commons-lang3/3.12.0/commons-lang3-3.12.0.pom to /home/runneradmin/.gradle/.tmp/gradle_download17581929845790311224bin\n[build/build]   | Downloading https://repo.maven.apache.org/maven2/org/slf4j/jcl-over-slf4j/2.0.7/jcl-over-slf4j-2.0.7.pom to /home/runneradmin/.gradle/.tmp/gradle_download3567275475704873859bin\n[build/build]   | Downloading https://repo.maven.apache.org/maven2/org/slf4j/slf4j-parent/2.0.7/slf4j-parent-2.0.7.pom to /home/runneradmin/.gradle/.tmp/gradle_download5922687654763835272bin\n[build/build]   | Downloading https://repo.maven.apache.org/maven2/com/fasterxml/jackson/jackson-base/2.15.0/jackson-base-2.15.0.pom to /home/runneradmin/.gradle/.tmp/gradle_download6848487047198638433bin\n[build/build]   | Downloading https://repo.maven.apache.org/maven2/com/fasterxml/jackson/jackson-parent/2.15/jackson-parent-2.15.pom to /home/runneradmin/.gradle/.tmp/gradle_download2382986250655861886bin\n[build/build]   | Downloading https://repo.maven.apache.org/maven2/com/google/guava/guava-parent/31.1-jre/guava-parent-31.1-jre.pom to /home/runneradmin/.gradle/.tmp/gradle_download8384361975096495440bin\n[build/build]   | Downloading https://repo.maven.apache.org/maven2/org/apache/commons/commons-parent/52/commons-parent-52.pom to /home/runneradmin/.gradle/.tmp/gradle_download15226747511657311762bin\n[build/build]   | Downloading https://repo.maven.apache.org/maven2/com/fasterxml/jackson/jackson-bom/2.15.0/jackson-bom-2.15.0.pom to /home/runneradmin/.gradle/.tmp/gradle_download15754073333225744839bin\n[build/build]   | Downloading https://repo.maven.apache.org/maven2/com/fasterxml/oss-parent/50/oss-parent-50.pom to /home/runneradmin/.gradle/.tmp/gradle_download9570160289663268070bin\n[build/build]   | Downloading https://repo.maven.apache.org/maven2/org/apache/apache/23/apache-23.pom to /home/runneradmin/.gradle/.tmp/gradle_download9850259453676998382bin\n[build/build]   | Downloading https://repo.maven.apache.org/maven2/com/fasterxml/jackson/core/jackson-annotations/2.15.0/jackson-annotations-2.15.0.module to /home/runneradmin/.gradle/.tmp/gradle_download16084487220961728130bin\n[build/build]   | Downloading https://repo.maven.apache.org/maven2/org/junit/junit-bom/5.7.1/junit-bom-5.7.1.pom to /home/runneradmin/.gradle/.tmp/gradle_download15897200127819042646bin\n[build/build]   | Downloading https://repo.maven.apache.org/maven2/org/junit/junit-bom/5.7.1/junit-bom-5.7.1.module to /home/runneradmin/.gradle/.tmp/gradle_download2487887040384441036bin\n[build/build]   | Downloading https://repo.maven.apache.org/maven2/com/fasterxml/jackson/core/jackson-databind/2.15.0/jackson-databind-2.15.0.module to /home/runneradmin/.gradle/.tmp/gradle_download7257378500668295387bin\n[build/build]   | Downloading https://repo.maven.apache.org/maven2/org/junit/junit-bom/5.9.2/junit-bom-5.9.2.pom to /home/runneradmin/.gradle/.tmp/gradle_download2019517975252843204bin\n[build/build]   | Downloading https://repo.maven.apache.org/maven2/org/junit/junit-bom/5.9.2/junit-bom-5.9.2.module to /home/runneradmin/.gradle/.tmp/gradle_download13018047582139982437bin\n[build/build]   | Downloading https://repo.maven.apache.org/maven2/com/fasterxml/jackson/core/jackson-core/2.15.0/jackson-core-2.15.0.module to /home/runneradmin/.gradle/.tmp/gradle_download12786728358810225282bin\n[build/build]   | Downloading https://repo.maven.apache.org/maven2/ch/randelshofer/fastdoubleparser/0.8.0/fastdoubleparser-0.8.0.pom to /home/runneradmin/.gradle/.tmp/gradle_download13395366082666200980bin\n[build/build]   | Downloading https://repo.maven.apache.org/maven2/com/google/j2objc/j2objc-annotations/1.3/j2objc-annotations-1.3.pom to /home/runneradmin/.gradle/.tmp/gradle_download6955260395151751982bin\n[build/build]   | Downloading https://repo.maven.apache.org/maven2/com/google/errorprone/error_prone_annotations/2.11.0/error_prone_annotations-2.11.0.pom to /home/runneradmin/.gradle/.tmp/gradle_download2705303447146583201bin\n[build/build]   | Downloading https://repo.maven.apache.org/maven2/org/checkerframework/checker-qual/3.12.0/checker-qual-3.12.0.pom to /home/runneradmin/.gradle/.tmp/gradle_download11970261947226894683bin\n[build/build]   | Downloading https://repo.maven.apache.org/maven2/com/google/code/findbugs/jsr305/3.0.2/jsr305-3.0.2.pom to /home/runneradmin/.gradle/.tmp/gradle_download365965238698968991bin\n[build/build]   | Downloading https://repo.maven.apache.org/maven2/com/google/guava/failureaccess/1.0.1/failureaccess-1.0.1.pom to /home/runneradmin/.gradle/.tmp/gradle_download9967257641000260612bin\n[build/build]   | Downloading https://repo.maven.apache.org/maven2/com/google/guava/listenablefuture/9999.0-empty-to-avoid-conflict-with-guava/listenablefuture-9999.0-empty-to-avoid-conflict-with-guava.pom to /home/runneradmin/.gradle/.tmp/gradle_download7895239885550806212bin\n[build/build]   | Downloading https://repo.maven.apache.org/maven2/com/google/guava/guava-parent/26.0-android/guava-parent-26.0-android.pom to /home/runneradmin/.gradle/.tmp/gradle_download11711692470352851926bin\n[build/build]   | Downloading https://repo.maven.apache.org/maven2/org/checkerframework/checker-qual/3.12.0/checker-qual-3.12.0.module to /home/runneradmin/.gradle/.tmp/gradle_download12430160393444711667bin\n[build/build]   | Downloading https://repo.maven.apache.org/maven2/com/google/errorprone/error_prone_parent/2.11.0/error_prone_parent-2.11.0.pom to /home/runneradmin/.gradle/.tmp/gradle_download12092373528551125278bin\n[build/build]   | Downloading https://repo.maven.apache.org/maven2/org/sonatype/oss/oss-parent/7/oss-parent-7.pom to /home/runneradmin/.gradle/.tmp/gradle_download4692117076540306400bin\n[build/build]   | Downloading https://repo.maven.apache.org/maven2/org/sonatype/oss/oss-parent/9/oss-parent-9.pom to /home/runneradmin/.gradle/.tmp/gradle_download13027339375903129712bin\n[build/build]   | Downloading https://repo.maven.apache.org/maven2/org/slf4j/jcl-over-slf4j/2.0.7/jcl-over-slf4j-2.0.7.jar to /home/runneradmin/.gradle/.tmp/gradle_download14763611733560000598bin\n[build/build]   | Downloading https://repo.maven.apache.org/maven2/com/fasterxml/jackson/core/jackson-annotations/2.15.0/jackson-annotations-2.15.0.jar to /home/runneradmin/.gradle/.tmp/gradle_download11150076855305834818bin\n[build/build]   | Downloading https://repo.maven.apache.org/maven2/com/fasterxml/jackson/core/jackson-core/2.15.0/jackson-core-2.15.0.jar to /home/runneradmin/.gradle/.tmp/gradle_download3354468139141225247bin\n[build/build]   | Downloading https://repo.maven.apache.org/maven2/org/slf4j/slf4j-api/2.0.7/slf4j-api-2.0.7.jar to /home/runneradmin/.gradle/.tmp/gradle_download10445022799589053307bin\n[build/build]   | Downloading https://repo.maven.apache.org/maven2/com/fasterxml/jackson/core/jackson-databind/2.15.0/jackson-databind-2.15.0.jar to /home/runneradmin/.gradle/.tmp/gradle_download16140189718261476007bin\n[build/build]   | Downloading https://repo.maven.apache.org/maven2/ch/randelshofer/fastdoubleparser/0.8.0/fastdoubleparser-0.8.0.jar to /home/runneradmin/.gradle/.tmp/gradle_download7285447036074955910bin\n[build/build]   | Downloading https://repo.maven.apache.org/maven2/com/google/guava/listenablefuture/9999.0-empty-to-avoid-conflict-with-guava/listenablefuture-9999.0-empty-to-avoid-conflict-with-guava.jar to /home/runneradmin/.gradle/.tmp/gradle_download801692109797766664bin\n[build/build]   | Downloading https://repo.maven.apache.org/maven2/commons-codec/commons-codec/1.15/commons-codec-1.15.jar to /home/runneradmin/.gradle/.tmp/gradle_download12647743104328733126bin\n[build/build]   | Downloading https://repo.maven.apache.org/maven2/org/apache/commons/commons-lang3/3.12.0/commons-lang3-3.12.0.jar to /home/runneradmin/.gradle/.tmp/gradle_download15810019972834952852bin\n[build/build]   | Downloading https://repo.maven.apache.org/maven2/com/google/errorprone/error_prone_annotations/2.11.0/error_prone_annotations-2.11.0.jar to /home/runneradmin/.gradle/.tmp/gradle_download8754940064567022524bin\n[build/build]   | Downloading https://repo.maven.apache.org/maven2/com/google/guava/guava/31.1-jre/guava-31.1-jre.jar to /home/runneradmin/.gradle/.tmp/gradle_download15765210848461023651bin\n[build/build]   | Downloading https://repo.maven.apache.org/maven2/com/google/code/findbugs/jsr305/3.0.2/jsr305-3.0.2.jar to /home/runneradmin/.gradle/.tmp/gradle_download5606780883857415029bin\n[build/build]   | Downloading https://repo.maven.apache.org/maven2/com/google/j2objc/j2objc-annotations/1.3/j2objc-annotations-1.3.jar to /home/runneradmin/.gradle/.tmp/gradle_download1688910528838009986bin\n[build/build]   | Downloading https://repo.maven.apache.org/maven2/org/checkerframework/checker-qual/3.12.0/checker-qual-3.12.0.jar to /home/runneradmin/.gradle/.tmp/gradle_download9296631063360687260bin\n[build/build]   | Downloading https://repo.maven.apache.org/maven2/com/google/guava/failureaccess/1.0.1/failureaccess-1.0.1.jar to /home/runneradmin/.gradle/.tmp/gradle_download4812158296871823171bin\n[build/build]   | Build cache key for task ':compileJava' is 24130b0cbdb806a046ad7094f37ee687\n[build/build]   | Task ':compileJava' is not up-to-date because:\n[build/build]   |   No history is available.\n[build/build]   | The input changes require a full rebuild for incremental task ':compileJava'.\n[build/build]   | Watching 15 directories to track changes\n[build/build]   | Watching 15 directories to track changes\n[build/build]   | Watching 15 directories to track changes\n[build/build]   | Watching 15 directories to track changes\n[build/build]   | Full recompilation is required because no incremental change information is available. This is usually caused by clean builds or changing compiler arguments.\n[build/build]   | Compiling with toolchain '/opt/hostedtoolcache/jdk/11.0.19/x64'.\n[build/build]   | Compiling with JDK Java compiler API.\n[build/build]   | Note: Some input files use or override a deprecated API.\n[build/build]   | Note: Recompile with -Xlint:deprecation for details.\n[build/build]   | Class dependency analysis for incremental compilation took 0.086 secs.\n[build/build]   | Created classpath snapshot for incremental compilation in 1.221 secs.\n[build/build]   | Watching 28 directories to track changes\n[build/build]   | Watching 29 directories to track changes\n[build/build]   | Watching 30 directories to track changes\n[build/build]   | Watching 31 directories to track changes\n[build/build]   | Stored cache entry for task ':compileJava' with cache key 24130b0cbdb806a046ad7094f37ee687\n[build/build]   | Resolve mutations for :processResources (Thread[included builds,5,main]) started.\n[build/build]   | :processResources (Thread[included builds,5,main]) started.\n[build/build]   | \n[build/build]   | > Task :processResources NO-SOURCE\n[build/build]   | Watching 32 directories to track changes\n[build/build]   | Skipping task ':processResources' as it has no source files and no previous output files.\n[build/build]   | Resolve mutations for :classes (Thread[included builds,5,main]) started.\n[build/build]   | :classes (Thread[Execution worker Thread 46,5,main]) started.\n[build/build]   | \n[build/build]   | > Task :classes\n[build/build]   | Skipping task ':classes' as it has no actions.\n[build/build]   | Resolve mutations for :compileTestJava (Thread[Execution worker Thread 46,5,main]) started.\n[build/build]   | :compileTestJava (Thread[Execution worker Thread 48,5,main]) started.\n[build/build]   | \n[build/build]   | > Task :compileTestJava\n[build/build]   | Watching 36 directories to track changes\n[build/build]   | Watching 37 directories to track changes\n[build/build]   | Watching 38 directories to track changes\n[build/build]   | Watching 39 directories to track changes\n[build/build]   | Watching 40 directories to track changes\n[build/build]   | Watching 41 directories to track changes\n[build/build]   | Downloading https://repo.maven.apache.org/maven2/junit/junit/4.13.2/junit-4.13.2.pom to /home/runneradmin/.gradle/.tmp/gradle_download14180735453647605696bin\n[build/build]   | Downloading https://repo.maven.apache.org/maven2/org/slf4j/slf4j-simple/2.0.7/slf4j-simple-2.0.7.pom to /home/runneradmin/.gradle/.tmp/gradle_download2875962545677279135bin\n[build/build]   | Downloading https://repo.maven.apache.org/maven2/org/mockito/mockito-core/5.3.1/mockito-core-5.3.1.pom to /home/runneradmin/.gradle/.tmp/gradle_download15269009057594821645bin\n[build/build]   | Downloading https://repo.maven.apache.org/maven2/org/hamcrest/hamcrest-core/1.3/hamcrest-core-1.3.pom to /home/runneradmin/.gradle/.tmp/gradle_download3054973079153497527bin\n[build/build]   | Downloading https://repo.maven.apache.org/maven2/org/hamcrest/hamcrest-parent/1.3/hamcrest-parent-1.3.pom to /home/runneradmin/.gradle/.tmp/gradle_download17499681271165538468bin\n[build/build]   | Downloading https://repo.maven.apache.org/maven2/net/bytebuddy/byte-buddy-agent/1.14.4/byte-buddy-agent-1.14.4.pom to /home/runneradmin/.gradle/.tmp/gradle_download12904527285828109612bin\n[build/build]   | Downloading https://repo.maven.apache.org/maven2/net/bytebuddy/byte-buddy/1.14.4/byte-buddy-1.14.4.pom to /home/runneradmin/.gradle/.tmp/gradle_download9121977643363372062bin\n[build/build]   | Downloading https://repo.maven.apache.org/maven2/net/bytebuddy/byte-buddy-parent/1.14.4/byte-buddy-parent-1.14.4.pom to /home/runneradmin/.gradle/.tmp/gradle_download1298162911447793543bin\n[build/build]   | Downloading https://repo.maven.apache.org/maven2/net/bytebuddy/byte-buddy-agent/1.14.4/byte-buddy-agent-1.14.4.jar to /home/runneradmin/.gradle/.tmp/gradle_download6528601718936228499bin\n[build/build]   | Downloading https://repo.maven.apache.org/maven2/org/slf4j/slf4j-simple/2.0.7/slf4j-simple-2.0.7.jar to /home/runneradmin/.gradle/.tmp/gradle_download17057848597719026969bin\n[build/build]   | Downloading https://repo.maven.apache.org/maven2/junit/junit/4.13.2/junit-4.13.2.jar to /home/runneradmin/.gradle/.tmp/gradle_download5972167822387980859bin\n[build/build]   | Downloading https://repo.maven.apache.org/maven2/org/hamcrest/hamcrest-core/1.3/hamcrest-core-1.3.jar to /home/runneradmin/.gradle/.tmp/gradle_download13616131967781158556bin\n[build/build]   | Downloading https://repo.maven.apache.org/maven2/net/bytebuddy/byte-buddy/1.14.4/byte-buddy-1.14.4.jar to /home/runneradmin/.gradle/.tmp/gradle_download10969905623507262335bin\n[build/build]   | Downloading https://repo.maven.apache.org/maven2/org/mockito/mockito-core/5.3.1/mockito-core-5.3.1.jar to /home/runneradmin/.gradle/.tmp/gradle_download16375225334188063605bin\n[build/build]   | Build cache key for task ':compileTestJava' is 2b37529114d7c963d8987defaf47bd10\n[build/build]   | Task ':compileTestJava' is not up-to-date because:\n[build/build]   |   No history is available.\n[build/build]   | The input changes require a full rebuild for incremental task ':compileTestJava'.\n[build/build]   | Watching 40 directories to track changes\n[build/build]   | Watching 39 directories to track changes\n[build/build]   | Watching 38 directories to track changes\n[build/build]   | Watching 37 directories to track changes\n[build/build]   | Full recompilation is required because no incremental change information is available. This is usually caused by clean builds or changing compiler arguments.\n[build/build]   | Compiling with toolchain '/opt/hostedtoolcache/jdk/11.0.19/x64'.\n[build/build]   | Compiling with JDK Java compiler API.\n[build/build]   | Note: /tmp/bc275e72-fd77-11ed-a890-af2cc187fc11/holgerbrandl-themoviedbapi/src/test/java/info/movito/themoviedbapi/MiscApiTest.java uses or overrides a deprecated API.\n[build/build]   | Note: Recompile with -Xlint:deprecation for details.\n[build/build]   | Class dependency analysis for incremental compilation took 0.012 secs.\n[build/build]   | Created classpath snapshot for incremental compilation in 0.944 secs.\n[build/build]   | Watching 41 directories to track changes\n[build/build]   | Watching 42 directories to track changes\n[build/build]   | Watching 43 directories to track changes\n[build/build]   | Watching 44 directories to track changes\n[build/build]   | Stored cache entry for task ':compileTestJava' with cache key 2b37529114d7c963d8987defaf47bd10\n[build/build]   | Resolve mutations for :processTestResources (Thread[Execution worker Thread 48,5,main]) started.\n[build/build]   | :processTestResources (Thread[Execution worker Thread 48,5,main]) started.\n[build/build]   | \n[build/build]   | > Task :processTestResources\n[build/build]   | Watching 46 directories to track changes\n[build/build]   | Watching 46 directories to track changes\n[build/build]   | Caching disabled for task ':processTestResources' because:\n[build/build]   |   Not worth caching\n[build/build]   | Task ':processTestResources' is not up-to-date because:\n[build/build]   |   No history is available.\n[build/build]   | Watching 46 directories to track changes\n[build/build]   | Watching 48 directories to track changes\n[build/build]   | Resolve mutations for :testClasses (Thread[Execution worker Thread 48,5,main]) started.\n[build/build]   | :testClasses (Thread[Execution worker Thread 81,5,main]) started.\n[build/build]   | \n[build/build]   | > Task :testClasses\n[build/build]   | Skipping task ':testClasses' as it has no actions.\n[build/build]   | Resolve mutations for :test (Thread[Execution worker Thread 107,5,main]) started.\n[build/build]   | :test (Thread[Execution worker Thread 107,5,main]) started.\n[build/build]   | Gradle Test Executor 1 started executing tests.\n[build/build]   | Gradle Test Executor 1 finished executing tests.\n[build/build]   | \n[build/build]   | > Task :test\n[build/build]   | Watching 48 directories to track changes\n[build/build]   | Watching 48 directories to track changes\n[build/build]   | Downloading https://repo.maven.apache.org/maven2/org/objenesis/objenesis/3.3/objenesis-3.3.pom to /home/runneradmin/.gradle/.tmp/gradle_download3788162390406682464bin\n[build/build]   | Downloading https://repo.maven.apache.org/maven2/org/objenesis/objenesis-parent/3.3/objenesis-parent-3.3.pom to /home/runneradmin/.gradle/.tmp/gradle_download8272453900997032242bin\n[build/build]   | Downloading https://repo.maven.apache.org/maven2/org/objenesis/objenesis/3.3/objenesis-3.3.jar to /home/runneradmin/.gradle/.tmp/gradle_download7380785449492792590bin\n[build/build]   | Build cache key for task ':test' is 837fb36f2367b2de5ef76e82cd2cb428\n[build/build]   | Task ':test' is not up-to-date because:\n[build/build]   |   No history is available.\n[build/build]   | Watching 48 directories to track changes\n[build/build]   | Watching 48 directories to track changes\n[build/build]   | Starting process 'Gradle Test Executor 1'. Working directory: /tmp/bc275e72-fd77-11ed-a890-af2cc187fc11/holgerbrandl-themoviedbapi Command: /opt/hostedtoolcache/jdk/11.0.19/x64/bin/java -Dorg.gradle.internal.worker.tmpdir=/tmp/bc275e72-fd77-11ed-a890-af2cc187fc11/holgerbrandl-themoviedbapi/build/tmp/test/work -Dorg.gradle.native=false @/home/runneradmin/.gradle/.tmp/gradle-worker-classpath5168777075788000495txt -Xmx512m -Dfile.encoding=UTF-8 -Duser.country -Duser.language=en -Duser.variant -ea worker.org.gradle.process.internal.worker.GradleWorkerMain 'Gradle Test Executor 1'\n[build/build]   | Successfully started process 'Gradle Test Executor 1'\n[build/build]   | \n[build/build]   | info.movito.themoviedbapi.AccountApiTest > classMethod FAILED\n[build/build]   |     java.lang.RuntimeException: Missing api key: To run test you need to provide the key as environment variable named 'apikey' and you have to make sure that this is key relates to a linked application\n[build/build]   |         at info.movito.themoviedbapi.AbstractTmdbApiTest.setUpClass(AbstractTmdbApiTest.java:55)\n[build/build]   |         at java.base/jdk.internal.reflect.NativeMethodAccessorImpl.invoke0(Native Method)\n[build/build]   |         at java.base/jdk.internal.reflect.NativeMethodAccessorImpl.invoke(NativeMethodAccessorImpl.java:62)\n[build/build]   |         at java.base/jdk.internal.reflect.DelegatingMethodAccessorImpl.invoke(DelegatingMethodAccessorImpl.java:43)\n[build/build]   |         at java.base/java.lang.reflect.Method.invoke(Method.java:566)\n[build/build]   |         at org.junit.runners.model.FrameworkMethod$1.runReflectiveCall(FrameworkMethod.java:59)\n[build/build]   |         at org.junit.internal.runners.model.ReflectiveCallable.run(ReflectiveCallable.java:12)\n[build/build]   |         at org.junit.runners.model.FrameworkMethod.invokeExplosively(FrameworkMethod.java:56)\n[build/build]   |         at org.junit.internal.runners.statements.RunBefores.invokeMethod(RunBefores.java:33)\n[build/build]   |         at org.junit.internal.runners.statements.RunBefores.evaluate(RunBefores.java:24)\n[build/build]   |         at org.junit.internal.runners.statements.RunAfters.evaluate(RunAfters.java:27)\n[build/build]   |         at org.junit.runners.ParentRunner$3.evaluate(ParentRunner.java:306)\n[build/build]   |         at org.junit.runners.ParentRunner.run(ParentRunner.java:413)\n[build/build]   |         at org.gradle.api.internal.tasks.testing.junit.JUnitTestClassExecutor.runTestClass(JUnitTestClassExecutor.java:108)\n[build/build]   |         at org.gradle.api.internal.tasks.testing.junit.JUnitTestClassExecutor.execute(JUnitTestClassExecutor.java:58)\n[build/build]   |         at org.gradle.api.internal.tasks.testing.junit.JUnitTestClassExecutor.execute(JUnitTestClassExecutor.java:40)\n[build/build]   |         at org.gradle.api.internal.tasks.testing.junit.AbstractJUnitTestClassProcessor.processTestClass(AbstractJUnitTestClassProcessor.java:60)\n[build/build]   |         at org.gradle.api.internal.tasks.testing.SuiteTestClassProcessor.processTestClass(SuiteTestClassProcessor.java:52)\n[build/build]   |         at java.base/jdk.internal.reflect.NativeMethodAccessorImpl.invoke0(Native Method)\n[build/build]   |         at java.base/jdk.internal.reflect.NativeMethodAccessorImpl.invoke(NativeMethodAccessorImpl.java:62)\n[build/build]   |         at java.base/jdk.internal.reflect.DelegatingMethodAccessorImpl.invoke(DelegatingMethodAccessorImpl.java:43)\n[build/build]   |         at java.base/java.lang.reflect.Method.invoke(Method.java:566)\n[build/build]   |         at org.gradle.internal.dispatch.ReflectionDispatch.dispatch(ReflectionDispatch.java:36)\n[build/build]   |         at org.gradle.internal.dispatch.ReflectionDispatch.dispatch(ReflectionDispatch.java:24)\n[build/build]   |         at org.gradle.internal.dispatch.ContextClassLoaderDispatch.dispatch(ContextClassLoaderDispatch.java:33)\n[build/build]   |         at org.gradle.internal.dispatch.ProxyDispatchAdapter$DispatchingInvocationHandler.invoke(ProxyDispatchAdapter.java:94)\n[build/build]   |         at com.sun.proxy.$Proxy2.processTestClass(Unknown Source)\n[build/build]   |         at org.gradle.api.internal.tasks.testing.worker.TestWorker$2.run(TestWorker.java:176)\n[build/build]   |         at org.gradle.api.internal.tasks.testing.worker.TestWorker.executeAndMaintainThreadName(TestWorker.java:129)\n[build/build]   |         at org.gradle.api.internal.tasks.testing.worker.TestWorker.execute(TestWorker.java:100)\n[build/build]   |         at org.gradle.api.internal.tasks.testing.worker.TestWorker.execute(TestWorker.java:60)\n[build/build]   |         at org.gradle.process.internal.worker.child.ActionExecutionWorker.execute(ActionExecutionWorker.java:56)\n[build/build]   |         at org.gradle.process.internal.worker.child.SystemApplicationClassLoaderWorker.call(SystemApplicationClassLoaderWorker.java:113)\n[build/build]   |         at org.gradle.process.internal.worker.child.SystemApplicationClassLoaderWorker.call(SystemApplicationClassLoaderWorker.java:65)\n[build/build]   |         at worker.org.gradle.process.internal.worker.GradleWorkerMain.run(GradleWorkerMain.java:69)\n[build/build]   |         at worker.org.gradle.process.internal.worker.GradleWorkerMain.main(GradleWorkerMain.java:74)\n[build/build]   | \n[build/build]   | info.movito.themoviedbapi.AuthApiTest > classMethod FAILED\n[build/build]   |     java.lang.RuntimeException: Missing api key: To run test you need to provide the key as environment variable named 'apikey' and you have to make sure that this is key relates to a linked application\n[build/build]   |         at info.movito.themoviedbapi.AbstractTmdbApiTest.setUpClass(AbstractTmdbApiTest.java:55)\n[build/build]   |         at java.base/jdk.internal.reflect.NativeMethodAccessorImpl.invoke0(Native Method)\n[build/build]   |         at java.base/jdk.internal.reflect.NativeMethodAccessorImpl.invoke(NativeMethodAccessorImpl.java:62)\n[build/build]   |         at java.base/jdk.internal.reflect.DelegatingMethodAccessorImpl.invoke(DelegatingMethodAccessorImpl.java:43)\n[build/build]   |         at java.base/java.lang.reflect.Method.invoke(Method.java:566)\n[build/build]   |         at org.junit.runners.model.FrameworkMethod$1.runReflectiveCall(FrameworkMethod.java:59)\n[build/build]   |         at org.junit.internal.runners.model.ReflectiveCallable.run(ReflectiveCallable.java:12)\n[build/build]   |         at org.junit.runners.model.FrameworkMethod.invokeExplosively(FrameworkMethod.java:56)\n[build/build]   |         at org.junit.internal.runners.statements.RunBefores.invokeMethod(RunBefores.java:33)\n[build/build]   |         at org.junit.internal.runners.statements.RunBefores.evaluate(RunBefores.java:24)\n[build/build]   |         at org.junit.internal.runners.statements.RunAfters.evaluate(RunAfters.java:27)\n[build/build]   |         at org.junit.runners.ParentRunner$3.evaluate(ParentRunner.java:306)\n[build/build]   |         at org.junit.runners.ParentRunner.run(ParentRunner.java:413)\n[build/build]   |         at org.gradle.api.internal.tasks.testing.junit.JUnitTestClassExecutor.runTestClass(JUnitTestClassExecutor.java:108)\n[build/build]   |         at org.gradle.api.internal.tasks.testing.junit.JUnitTestClassExecutor.execute(JUnitTestClassExecutor.java:58)\n[build/build]   |         at org.gradle.api.internal.tasks.testing.junit.JUnitTestClassExecutor.execute(JUnitTestClassExecutor.java:40)\n[build/build]   |         at org.gradle.api.internal.tasks.testing.junit.AbstractJUnitTestClassProcessor.processTestClass(AbstractJUnitTestClassProcessor.java:60)\n[build/build]   |         at org.gradle.api.internal.tasks.testing.SuiteTestClassProcessor.processTestClass(SuiteTestClassProcessor.java:52)\n[build/build]   |         at java.base/jdk.internal.reflect.NativeMethodAccessorImpl.invoke0(Native Method)\n[build/build]   |         at java.base/jdk.internal.reflect.NativeMethodAccessorImpl.invoke(NativeMethodAccessorImpl.java:62)\n[build/build]   |         at java.base/jdk.internal.reflect.DelegatingMethodAccessorImpl.invoke(DelegatingMethodAccessorImpl.java:43)\n[build/build]   |         at java.base/java.lang.reflect.Method.invoke(Method.java:566)\n[build/build]   |         at org.gradle.internal.dispatch.ReflectionDispatch.dispatch(ReflectionDispatch.java:36)\n[build/build]   |         at org.gradle.internal.dispatch.ReflectionDispatch.dispatch(ReflectionDispatch.java:24)\n[build/build]   |         at org.gradle.internal.dispatch.ContextClassLoaderDispatch.dispatch(ContextClassLoaderDispatch.java:33)\n[build/build]   |         at org.gradle.internal.dispatch.ProxyDispatchAdapter$DispatchingInvocationHandler.invoke(ProxyDispatchAdapter.java:94)\n[build/build]   |         at com.sun.proxy.$Proxy2.processTestClass(Unknown Source)\n[build/build]   |         at org.gradle.api.internal.tasks.testing.worker.TestWorker$2.run(TestWorker.java:176)\n[build/build]   |         at org.gradle.api.internal.tasks.testing.worker.TestWorker.executeAndMaintainThreadName(TestWorker.java:129)\n[build/build]   |         at org.gradle.api.internal.tasks.testing.worker.TestWorker.execute(TestWorker.java:100)\n[build/build]   |         at org.gradle.api.internal.tasks.testing.worker.TestWorker.execute(TestWorker.java:60)\n[build/build]   |         at org.gradle.process.internal.worker.child.ActionExecutionWorker.execute(ActionExecutionWorker.java:56)\n[build/build]   |         at org.gradle.process.internal.worker.child.SystemApplicationClassLoaderWorker.call(SystemApplicationClassLoaderWorker.java:113)\n[build/build]   |         at org.gradle.process.internal.worker.child.SystemApplicationClassLoaderWorker.call(SystemApplicationClassLoaderWorker.java:65)\n[build/build]   |         at worker.org.gradle.process.internal.worker.GradleWorkerMain.run(GradleWorkerMain.java:69)\n[build/build]   |         at worker.org.gradle.process.internal.worker.GradleWorkerMain.main(GradleWorkerMain.java:74)\n[build/build]   | \n[build/build]   | info.movito.themoviedbapi.CollectionsApiTest > classMethod FAILED\n[build/build]   |     java.lang.RuntimeException: Missing api key: To run test you need to provide the key as environment variable named 'apikey' and you have to make sure that this is key relates to a linked application\n[build/build]   |         at info.movito.themoviedbapi.AbstractTmdbApiTest.setUpClass(AbstractTmdbApiTest.java:55)\n[build/build]   |         at java.base/jdk.internal.reflect.NativeMethodAccessorImpl.invoke0(Native Method)\n[build/build]   |         at java.base/jdk.internal.reflect.NativeMethodAccessorImpl.invoke(NativeMethodAccessorImpl.java:62)\n[build/build]   |         at java.base/jdk.internal.reflect.DelegatingMethodAccessorImpl.invoke(DelegatingMethodAccessorImpl.java:43)\n[build/build]   |         at java.base/java.lang.reflect.Method.invoke(Method.java:566)\n[build/build]   |         at org.junit.runners.model.FrameworkMethod$1.runReflectiveCall(FrameworkMethod.java:59)\n[build/build]   |         at org.junit.internal.runners.model.ReflectiveCallable.run(ReflectiveCallable.java:12)\n[build/build]   |         at org.junit.runners.model.FrameworkMethod.invokeExplosively(FrameworkMethod.java:56)\n[build/build]   |         at org.junit.internal.runners.statements.RunBefores.invokeMethod(RunBefores.java:33)\n[build/build]   |         at org.junit.internal.runners.statements.RunBefores.evaluate(RunBefores.java:24)\n[build/build]   |         at org.junit.internal.runners.statements.RunAfters.evaluate(RunAfters.java:27)\n[build/build]   |         at org.junit.runners.ParentRunner$3.evaluate(ParentRunner.java:306)\n[build/build]   |         at org.junit.runners.ParentRunner.run(ParentRunner.java:413)\n[build/build]   |         at org.gradle.api.internal.tasks.testing.junit.JUnitTestClassExecutor.runTestClass(JUnitTestClassExecutor.java:108)\n[build/build]   |         at org.gradle.api.internal.tasks.testing.junit.JUnitTestClassExecutor.execute(JUnitTestClassExecutor.java:58)\n[build/build]   |         at org.gradle.api.internal.tasks.testing.junit.JUnitTestClassExecutor.execute(JUnitTestClassExecutor.java:40)\n[build/build]   |         at org.gradle.api.internal.tasks.testing.junit.AbstractJUnitTestClassProcessor.processTestClass(AbstractJUnitTestClassProcessor.java:60)\n[build/build]   |         at org.gradle.api.internal.tasks.testing.SuiteTestClassProcessor.processTestClass(SuiteTestClassProcessor.java:52)\n[build/build]   |         at java.base/jdk.internal.reflect.NativeMethodAccessorImpl.invoke0(Native Method)\n[build/build]   |         at java.base/jdk.internal.reflect.NativeMethodAccessorImpl.invoke(NativeMethodAccessorImpl.java:62)\n[build/build]   |         at java.base/jdk.internal.reflect.DelegatingMethodAccessorImpl.invoke(DelegatingMethodAccessorImpl.java:43)\n[build/build]   |         at java.base/java.lang.reflect.Method.invoke(Method.java:566)\n[build/build]   |         at org.gradle.internal.dispatch.ReflectionDispatch.dispatch(ReflectionDispatch.java:36)\n[build/build]   |         at org.gradle.internal.dispatch.ReflectionDispatch.dispatch(ReflectionDispatch.java:24)\n[build/build]   |         at org.gradle.internal.dispatch.ContextClassLoaderDispatch.dispatch(ContextClassLoaderDispatch.java:33)\n[build/build]   |         at org.gradle.internal.dispatch.ProxyDispatchAdapter$DispatchingInvocationHandler.invoke(ProxyDispatchAdapter.java:94)\n[build/build]   |         at com.sun.proxy.$Proxy2.processTestClass(Unknown Source)\n[build/build]   |         at org.gradle.api.internal.tasks.testing.worker.TestWorker$2.run(TestWorker.java:176)\n[build/build]   |         at org.gradle.api.internal.tasks.testing.worker.TestWorker.executeAndMaintainThreadName(TestWorker.java:129)\n[build/build]   |         at org.gradle.api.internal.tasks.testing.worker.TestWorker.execute(TestWorker.java:100)\n[build/build]   |         at org.gradle.api.internal.tasks.testing.worker.TestWorker.execute(TestWorker.java:60)\n[build/build]   |         at org.gradle.process.internal.worker.child.ActionExecutionWorker.execute(ActionExecutionWorker.java:56)\n[build/build]   |         at org.gradle.process.internal.worker.child.SystemApplicationClassLoaderWorker.call(SystemApplicationClassLoaderWorker.java:113)\n[build/build]   |         at org.gradle.process.internal.worker.child.SystemApplicationClassLoaderWorker.call(SystemApplicationClassLoaderWorker.java:65)\n[build/build]   |         at worker.org.gradle.process.internal.worker.GradleWorkerMain.run(GradleWorkerMain.java:69)\n[build/build]   |         at worker.org.gradle.process.internal.worker.GradleWorkerMain.main(GradleWorkerMain.java:74)\n[build/build]   | \n[build/build]   | info.movito.themoviedbapi.CompanyApiTest > classMethod FAILED\n[build/build]   |     java.lang.RuntimeException: Missing api key: To run test you need to provide the key as environment variable named 'apikey' and you have to make sure that this is key relates to a linked application\n[build/build]   |         at info.movito.themoviedbapi.AbstractTmdbApiTest.setUpClass(AbstractTmdbApiTest.java:55)\n[build/build]   |         at java.base/jdk.internal.reflect.NativeMethodAccessorImpl.invoke0(Native Method)\n[build/build]   |         at java.base/jdk.internal.reflect.NativeMethodAccessorImpl.invoke(NativeMethodAccessorImpl.java:62)\n[build/build]   |         at java.base/jdk.internal.reflect.DelegatingMethodAccessorImpl.invoke(DelegatingMethodAccessorImpl.java:43)\n[build/build]   |         at java.base/java.lang.reflect.Method.invoke(Method.java:566)\n[build/build]   |         at org.junit.runners.model.FrameworkMethod$1.runReflectiveCall(FrameworkMethod.java:59)\n[build/build]   |         at org.junit.internal.runners.model.ReflectiveCallable.run(ReflectiveCallable.java:12)\n[build/build]   |         at org.junit.runners.model.FrameworkMethod.invokeExplosively(FrameworkMethod.java:56)\n[build/build]   |         at org.junit.internal.runners.statements.RunBefores.invokeMethod(RunBefores.java:33)\n[build/build]   |         at org.junit.internal.runners.statements.RunBefores.evaluate(RunBefores.java:24)\n[build/build]   |         at org.junit.internal.runners.statements.RunAfters.evaluate(RunAfters.java:27)\n[build/build]   |         at org.junit.runners.ParentRunner$3.evaluate(ParentRunner.java:306)\n[build/build]   |         at org.junit.runners.ParentRunner.run(ParentRunner.java:413)\n[build/build]   |         at org.gradle.api.internal.tasks.testing.junit.JUnitTestClassExecutor.runTestClass(JUnitTestClassExecutor.java:108)\n[build/build]   |         at org.gradle.api.internal.tasks.testing.junit.JUnitTestClassExecutor.execute(JUnitTestClassExecutor.java:58)\n[build/build]   |         at org.gradle.api.internal.tasks.testing.junit.JUnitTestClassExecutor.execute(JUnitTestClassExecutor.java:40)\n[build/build]   |         at org.gradle.api.internal.tasks.testing.junit.AbstractJUnitTestClassProcessor.processTestClass(AbstractJUnitTestClassProcessor.java:60)\n[build/build]   |         at org.gradle.api.internal.tasks.testing.SuiteTestClassProcessor.processTestClass(SuiteTestClassProcessor.java:52)\n[build/build]   |         at java.base/jdk.internal.reflect.NativeMethodAccessorImpl.invoke0(Native Method)\n[build/build]   |         at java.base/jdk.internal.reflect.NativeMethodAccessorImpl.invoke(NativeMethodAccessorImpl.java:62)\n[build/build]   |         at java.base/jdk.internal.reflect.DelegatingMethodAccessorImpl.invoke(DelegatingMethodAccessorImpl.java:43)\n[build/build]   |         at java.base/java.lang.reflect.Method.invoke(Method.java:566)\n[build/build]   |         at org.gradle.internal.dispatch.ReflectionDispatch.dispatch(ReflectionDispatch.java:36)\n[build/build]   |         at org.gradle.internal.dispatch.ReflectionDispatch.dispatch(ReflectionDispatch.java:24)\n[build/build]   |         at org.gradle.internal.dispatch.ContextClassLoaderDispatch.dispatch(ContextClassLoaderDispatch.java:33)\n[build/build]   |         at org.gradle.internal.dispatch.ProxyDispatchAdapter$DispatchingInvocationHandler.invoke(ProxyDispatchAdapter.java:94)\n[build/build]   |         at com.sun.proxy.$Proxy2.processTestClass(Unknown Source)\n[build/build]   |         at org.gradle.api.internal.tasks.testing.worker.TestWorker$2.run(TestWorker.java:176)\n[build/build]   |         at org.gradle.api.internal.tasks.testing.worker.TestWorker.executeAndMaintainThreadName(TestWorker.java:129)\n[build/build]   |         at org.gradle.api.internal.tasks.testing.worker.TestWorker.execute(TestWorker.java:100)\n[build/build]   |         at org.gradle.api.internal.tasks.testing.worker.TestWorker.execute(TestWorker.java:60)\n[build/build]   |         at org.gradle.process.internal.worker.child.ActionExecutionWorker.execute(ActionExecutionWorker.java:56)\n[build/build]   |         at org.gradle.process.internal.worker.child.SystemApplicationClassLoaderWorker.call(SystemApplicationClassLoaderWorker.java:113)\n[build/build]   |         at org.gradle.process.internal.worker.child.SystemApplicationClassLoaderWorker.call(SystemApplicationClassLoaderWorker.java:65)\n[build/build]   |         at worker.org.gradle.process.internal.worker.GradleWorkerMain.run(GradleWorkerMain.java:69)\n[build/build]   |         at worker.org.gradle.process.internal.worker.GradleWorkerMain.main(GradleWorkerMain.java:74)\n[build/build]   | \n[build/build]   | info.movito.themoviedbapi.FindApiTest > classMethod FAILED\n[build/build]   |     java.lang.RuntimeException: Missing api key: To run test you need to provide the key as environment variable named 'apikey' and you have to make sure that this is key relates to a linked application\n[build/build]   |         at info.movito.themoviedbapi.AbstractTmdbApiTest.setUpClass(AbstractTmdbApiTest.java:55)\n[build/build]   |         at java.base/jdk.internal.reflect.NativeMethodAccessorImpl.invoke0(Native Method)\n[build/build]   |         at java.base/jdk.internal.reflect.NativeMethodAccessorImpl.invoke(NativeMethodAccessorImpl.java:62)\n[build/build]   |         at java.base/jdk.internal.reflect.DelegatingMethodAccessorImpl.invoke(DelegatingMethodAccessorImpl.java:43)\n[build/build]   |         at java.base/java.lang.reflect.Method.invoke(Method.java:566)\n[build/build]   |         at org.junit.runners.model.FrameworkMethod$1.runReflectiveCall(FrameworkMethod.java:59)\n[build/build]   |         at org.junit.internal.runners.model.ReflectiveCallable.run(ReflectiveCallable.java:12)\n[build/build]   |         at org.junit.runners.model.FrameworkMethod.invokeExplosively(FrameworkMethod.java:56)\n[build/build]   |         at org.junit.internal.runners.statements.RunBefores.invokeMethod(RunBefores.java:33)\n[build/build]   |         at org.junit.internal.runners.statements.RunBefores.evaluate(RunBefores.java:24)\n[build/build]   |         at org.junit.internal.runners.statements.RunAfters.evaluate(RunAfters.java:27)\n[build/build]   |         at org.junit.runners.ParentRunner$3.evaluate(ParentRunner.java:306)\n[build/build]   |         at org.junit.runners.ParentRunner.run(ParentRunner.java:413)\n[build/build]   |         at org.gradle.api.internal.tasks.testing.junit.JUnitTestClassExecutor.runTestClass(JUnitTestClassExecutor.java:108)\n[build/build]   |         at org.gradle.api.internal.tasks.testing.junit.JUnitTestClassExecutor.execute(JUnitTestClassExecutor.java:58)\n[build/build]   |         at org.gradle.api.internal.tasks.testing.junit.JUnitTestClassExecutor.execute(JUnitTestClassExecutor.java:40)\n[build/build]   |         at org.gradle.api.internal.tasks.testing.junit.AbstractJUnitTestClassProcessor.processTestClass(AbstractJUnitTestClassProcessor.java:60)\n[build/build]   |         at org.gradle.api.internal.tasks.testing.SuiteTestClassProcessor.processTestClass(SuiteTestClassProcessor.java:52)\n[build/build]   |         at java.base/jdk.internal.reflect.NativeMethodAccessorImpl.invoke0(Native Method)\n[build/build]   |         at java.base/jdk.internal.reflect.NativeMethodAccessorImpl.invoke(NativeMethodAccessorImpl.java:62)\n[build/build]   |         at java.base/jdk.internal.reflect.DelegatingMethodAccessorImpl.invoke(DelegatingMethodAccessorImpl.java:43)\n[build/build]   |         at java.base/java.lang.reflect.Method.invoke(Method.java:566)\n[build/build]   |         at org.gradle.internal.dispatch.ReflectionDispatch.dispatch(ReflectionDispatch.java:36)\n[build/build]   |         at org.gradle.internal.dispatch.ReflectionDispatch.dispatch(ReflectionDispatch.java:24)\n[build/build]   |         at org.gradle.internal.dispatch.ContextClassLoaderDispatch.dispatch(ContextClassLoaderDispatch.java:33)\n[build/build]   |         at org.gradle.internal.dispatch.ProxyDispatchAdapter$DispatchingInvocationHandler.invoke(ProxyDispatchAdapter.java:94)\n[build/build]   |         at com.sun.proxy.$Proxy2.processTestClass(Unknown Source)\n[build/build]   |         at org.gradle.api.internal.tasks.testing.worker.TestWorker$2.run(TestWorker.java:176)\n[build/build]   |         at org.gradle.api.internal.tasks.testing.worker.TestWorker.executeAndMaintainThreadName(TestWorker.java:129)\n[build/build]   |         at org.gradle.api.internal.tasks.testing.worker.TestWorker.execute(TestWorker.java:100)\n[build/build]   |         at org.gradle.api.internal.tasks.testing.worker.TestWorker.execute(TestWorker.java:60)\n[build/build]   |         at org.gradle.process.internal.worker.child.ActionExecutionWorker.execute(ActionExecutionWorker.java:56)\n[build/build]   |         at org.gradle.process.internal.worker.child.SystemApplicationClassLoaderWorker.call(SystemApplicationClassLoaderWorker.java:113)\n[build/build]   |         at org.gradle.process.internal.worker.child.SystemApplicationClassLoaderWorker.call(SystemApplicationClassLoaderWorker.java:65)\n[build/build]   |         at worker.org.gradle.process.internal.worker.GradleWorkerMain.run(GradleWorkerMain.java:69)\n[build/build]   |         at worker.org.gradle.process.internal.worker.GradleWorkerMain.main(GradleWorkerMain.java:74)\n[build/build]   | \n[build/build]   | info.movito.themoviedbapi.ListsApiTest > classMethod FAILED\n[build/build]   |     java.lang.RuntimeException: Missing api key: To run test you need to provide the key as environment variable named 'apikey' and you have to make sure that this is key relates to a linked application\n[build/build]   |         at info.movito.themoviedbapi.AbstractTmdbApiTest.setUpClass(AbstractTmdbApiTest.java:55)\n[build/build]   |         at java.base/jdk.internal.reflect.NativeMethodAccessorImpl.invoke0(Native Method)\n[build/build]   |         at java.base/jdk.internal.reflect.NativeMethodAccessorImpl.invoke(NativeMethodAccessorImpl.java:62)\n[build/build]   |         at java.base/jdk.internal.reflect.DelegatingMethodAccessorImpl.invoke(DelegatingMethodAccessorImpl.java:43)\n[build/build]   |         at java.base/java.lang.reflect.Method.invoke(Method.java:566)\n[build/build]   |         at org.junit.runners.model.FrameworkMethod$1.runReflectiveCall(FrameworkMethod.java:59)\n[build/build]   |         at org.junit.internal.runners.model.ReflectiveCallable.run(ReflectiveCallable.java:12)\n[build/build]   |         at org.junit.runners.model.FrameworkMethod.invokeExplosively(FrameworkMethod.java:56)\n[build/build]   |         at org.junit.internal.runners.statements.RunBefores.invokeMethod(RunBefores.java:33)\n[build/build]   |         at org.junit.internal.runners.statements.RunBefores.evaluate(RunBefores.java:24)\n[build/build]   |         at org.junit.internal.runners.statements.RunAfters.evaluate(RunAfters.java:27)\n[build/build]   |         at org.junit.runners.ParentRunner$3.evaluate(ParentRunner.java:306)\n[build/build]   |         at org.junit.runners.ParentRunner.run(ParentRunner.java:413)\n[build/build]   |         at org.gradle.api.internal.tasks.testing.junit.JUnitTestClassExecutor.runTestClass(JUnitTestClassExecutor.java:108)\n[build/build]   |         at org.gradle.api.internal.tasks.testing.junit.JUnitTestClassExecutor.execute(JUnitTestClassExecutor.java:58)\n[build/build]   |         at org.gradle.api.internal.tasks.testing.junit.JUnitTestClassExecutor.execute(JUnitTestClassExecutor.java:40)\n[build/build]   |         at org.gradle.api.internal.tasks.testing.junit.AbstractJUnitTestClassProcessor.processTestClass(AbstractJUnitTestClassProcessor.java:60)\n[build/build]   |         at org.gradle.api.internal.tasks.testing.SuiteTestClassProcessor.processTestClass(SuiteTestClassProcessor.java:52)\n[build/build]   |         at java.base/jdk.internal.reflect.NativeMethodAccessorImpl.invoke0(Native Method)\n[build/build]   |         at java.base/jdk.internal.reflect.NativeMethodAccessorImpl.invoke(NativeMethodAccessorImpl.java:62)\n[build/build]   |         at java.base/jdk.internal.reflect.DelegatingMethodAccessorImpl.invoke(DelegatingMethodAccessorImpl.java:43)\n[build/build]   |         at java.base/java.lang.reflect.Method.invoke(Method.java:566)\n[build/build]   |         at org.gradle.internal.dispatch.ReflectionDispatch.dispatch(ReflectionDispatch.java:36)\n[build/build]   |         at org.gradle.internal.dispatch.ReflectionDispatch.dispatch(ReflectionDispatch.java:24)\n[build/build]   |         at org.gradle.internal.dispatch.ContextClassLoaderDispatch.dispatch(ContextClassLoaderDispatch.java:33)\n[build/build]   |         at org.gradle.internal.dispatch.ProxyDispatchAdapter$DispatchingInvocationHandler.invoke(ProxyDispatchAdapter.java:94)\n[build/build]   |         at com.sun.proxy.$Proxy2.processTestClass(Unknown Source)\n[build/build]   |         at org.gradle.api.internal.tasks.testing.worker.TestWorker$2.run(TestWorker.java:176)\n[build/build]   |         at org.gradle.api.internal.tasks.testing.worker.TestWorker.executeAndMaintainThreadName(TestWorker.java:129)\n[build/build]   |         at org.gradle.api.internal.tasks.testing.worker.TestWorker.execute(TestWorker.java:100)\n[build/build]   |         at org.gradle.api.internal.tasks.testing.worker.TestWorker.execute(TestWorker.java:60)\n[build/build]   |         at org.gradle.process.internal.worker.child.ActionExecutionWorker.execute(ActionExecutionWorker.java:56)\n[build/build]   |         at org.gradle.process.internal.worker.child.SystemApplicationClassLoaderWorker.call(SystemApplicationClassLoaderWorker.java:113)\n[build/build]   |         at org.gradle.process.internal.worker.child.SystemApplicationClassLoaderWorker.call(SystemApplicationClassLoaderWorker.java:65)\n[build/build]   |         at worker.org.gradle.process.internal.worker.GradleWorkerMain.run(GradleWorkerMain.java:69)\n[build/build]   |         at worker.org.gradle.process.internal.worker.GradleWorkerMain.main(GradleWorkerMain.java:74)\n[build/build]   | \n[build/build]   | info.movito.themoviedbapi.LoginApiTest > classMethod FAILED\n[build/build]   |     java.lang.RuntimeException: Missing api key: To run test you need to provide the key as environment variable named 'apikey' and you have to make sure that this is key relates to a linked application\n[build/build]   |         at info.movito.themoviedbapi.AbstractTmdbApiTest.setUpClass(AbstractTmdbApiTest.java:55)\n[build/build]   |         at java.base/jdk.internal.reflect.NativeMethodAccessorImpl.invoke0(Native Method)\n[build/build]   |         at java.base/jdk.internal.reflect.NativeMethodAccessorImpl.invoke(NativeMethodAccessorImpl.java:62)\n[build/build]   |         at java.base/jdk.internal.reflect.DelegatingMethodAccessorImpl.invoke(DelegatingMethodAccessorImpl.java:43)\n[build/build]   |         at java.base/java.lang.reflect.Method.invoke(Method.java:566)\n[build/build]   |         at org.junit.runners.model.FrameworkMethod$1.runReflectiveCall(FrameworkMethod.java:59)\n[build/build]   |         at org.junit.internal.runners.model.ReflectiveCallable.run(ReflectiveCallable.java:12)\n[build/build]   |         at org.junit.runners.model.FrameworkMethod.invokeExplosively(FrameworkMethod.java:56)\n[build/build]   |         at org.junit.internal.runners.statements.RunBefores.invokeMethod(RunBefores.java:33)\n[build/build]   |         at org.junit.internal.runners.statements.RunBefores.evaluate(RunBefores.java:24)\n[build/build]   |         at org.junit.internal.runners.statements.RunAfters.evaluate(RunAfters.java:27)\n[build/build]   |         at org.junit.runners.ParentRunner$3.evaluate(ParentRunner.java:306)\n[build/build]   |         at org.junit.runners.ParentRunner.run(ParentRunner.java:413)\n[build/build]   |         at org.gradle.api.internal.tasks.testing.junit.JUnitTestClassExecutor.runTestClass(JUnitTestClassExecutor.java:108)\n[build/build]   |         at org.gradle.api.internal.tasks.testing.junit.JUnitTestClassExecutor.execute(JUnitTestClassExecutor.java:58)\n[build/build]   |         at org.gradle.api.internal.tasks.testing.junit.JUnitTestClassExecutor.execute(JUnitTestClassExecutor.java:40)\n[build/build]   |         at org.gradle.api.internal.tasks.testing.junit.AbstractJUnitTestClassProcessor.processTestClass(AbstractJUnitTestClassProcessor.java:60)\n[build/build]   |         at org.gradle.api.internal.tasks.testing.SuiteTestClassProcessor.processTestClass(SuiteTestClassProcessor.java:52)\n[build/build]   |         at java.base/jdk.internal.reflect.NativeMethodAccessorImpl.invoke0(Native Method)\n[build/build]   |         at java.base/jdk.internal.reflect.NativeMethodAccessorImpl.invoke(NativeMethodAccessorImpl.java:62)\n[build/build]   |         at java.base/jdk.internal.reflect.DelegatingMethodAccessorImpl.invoke(DelegatingMethodAccessorImpl.java:43)\n[build/build]   |         at java.base/java.lang.reflect.Method.invoke(Method.java:566)\n[build/build]   |         at org.gradle.internal.dispatch.ReflectionDispatch.dispatch(ReflectionDispatch.java:36)\n[build/build]   |         at org.gradle.internal.dispatch.ReflectionDispatch.dispatch(ReflectionDispatch.java:24)\n[build/build]   |         at org.gradle.internal.dispatch.ContextClassLoaderDispatch.dispatch(ContextClassLoaderDispatch.java:33)\n[build/build]   |         at org.gradle.internal.dispatch.ProxyDispatchAdapter$DispatchingInvocationHandler.invoke(ProxyDispatchAdapter.java:94)\n[build/build]   |         at com.sun.proxy.$Proxy2.processTestClass(Unknown Source)\n[build/build]   |         at org.gradle.api.internal.tasks.testing.worker.TestWorker$2.run(TestWorker.java:176)\n[build/build]   |         at org.gradle.api.internal.tasks.testing.worker.TestWorker.executeAndMaintainThreadName(TestWorker.java:129)\n[build/build]   |         at org.gradle.api.internal.tasks.testing.worker.TestWorker.execute(TestWorker.java:100)\n[build/build]   |         at org.gradle.api.internal.tasks.testing.worker.TestWorker.execute(TestWorker.java:60)\n[build/build]   |         at org.gradle.process.internal.worker.child.ActionExecutionWorker.execute(ActionExecutionWorker.java:56)\n[build/build]   |         at org.gradle.process.internal.worker.child.SystemApplicationClassLoaderWorker.call(SystemApplicationClassLoaderWorker.java:113)\n[build/build]   |         at org.gradle.process.internal.worker.child.SystemApplicationClassLoaderWorker.call(SystemApplicationClassLoaderWorker.java:65)\n[build/build]   |         at worker.org.gradle.process.internal.worker.GradleWorkerMain.run(GradleWorkerMain.java:69)\n[build/build]   |         at worker.org.gradle.process.internal.worker.GradleWorkerMain.main(GradleWorkerMain.java:74)\n[build/build]   | \n[build/build]   | info.movito.themoviedbapi.MiscApiTest > classMethod FAILED\n[build/build]   |     java.lang.RuntimeException: Missing api key: To run test you need to provide the key as environment variable named 'apikey' and you have to make sure that this is key relates to a linked application\n[build/build]   |         at info.movito.themoviedbapi.AbstractTmdbApiTest.setUpClass(AbstractTmdbApiTest.java:55)\n[build/build]   |         at java.base/jdk.internal.reflect.NativeMethodAccessorImpl.invoke0(Native Method)\n[build/build]   |         at java.base/jdk.internal.reflect.NativeMethodAccessorImpl.invoke(NativeMethodAccessorImpl.java:62)\n[build/build]   |         at java.base/jdk.internal.reflect.DelegatingMethodAccessorImpl.invoke(DelegatingMethodAccessorImpl.java:43)\n[build/build]   |         at java.base/java.lang.reflect.Method.invoke(Method.java:566)\n[build/build]   |         at org.junit.runners.model.FrameworkMethod$1.runReflectiveCall(FrameworkMethod.java:59)\n[build/build]   |         at org.junit.internal.runners.model.ReflectiveCallable.run(ReflectiveCallable.java:12)\n[build/build]   |         at org.junit.runners.model.FrameworkMethod.invokeExplosively(FrameworkMethod.java:56)\n[build/build]   |         at org.junit.internal.runners.statements.RunBefores.invokeMethod(RunBefores.java:33)\n[build/build]   |         at org.junit.internal.runners.statements.RunBefores.evaluate(RunBefores.java:24)\n[build/build]   |         at org.junit.internal.runners.statements.RunAfters.evaluate(RunAfters.java:27)\n[build/build]   |         at org.junit.runners.ParentRunner$3.evaluate(ParentRunner.java:306)\n[build/build]   |         at org.junit.runners.ParentRunner.run(ParentRunner.java:413)\n[build/build]   |         at org.gradle.api.internal.tasks.testing.junit.JUnitTestClassExecutor.runTestClass(JUnitTestClassExecutor.java:108)\n[build/build]   |         at org.gradle.api.internal.tasks.testing.junit.JUnitTestClassExecutor.execute(JUnitTestClassExecutor.java:58)\n[build/build]   |         at org.gradle.api.internal.tasks.testing.junit.JUnitTestClassExecutor.execute(JUnitTestClassExecutor.java:40)\n[build/build]   |         at org.gradle.api.internal.tasks.testing.junit.AbstractJUnitTestClassProcessor.processTestClass(AbstractJUnitTestClassProcessor.java:60)\n[build/build]   |         at org.gradle.api.internal.tasks.testing.SuiteTestClassProcessor.processTestClass(SuiteTestClassProcessor.java:52)\n[build/build]   |         at java.base/jdk.internal.reflect.NativeMethodAccessorImpl.invoke0(Native Method)\n[build/build]   |         at java.base/jdk.internal.reflect.NativeMethodAccessorImpl.invoke(NativeMethodAccessorImpl.java:62)\n[build/build]   |         at java.base/jdk.internal.reflect.DelegatingMethodAccessorImpl.invoke(DelegatingMethodAccessorImpl.java:43)\n[build/build]   |         at java.base/java.lang.reflect.Method.invoke(Method.java:566)\n[build/build]   |         at org.gradle.internal.dispatch.ReflectionDispatch.dispatch(ReflectionDispatch.java:36)\n[build/build]   |         at org.gradle.internal.dispatch.ReflectionDispatch.dispatch(ReflectionDispatch.java:24)\n[build/build]   |         at org.gradle.internal.dispatch.ContextClassLoaderDispatch.dispatch(ContextClassLoaderDispatch.java:33)\n[build/build]   |         at org.gradle.internal.dispatch.ProxyDispatchAdapter$DispatchingInvocationHandler.invoke(ProxyDispatchAdapter.java:94)\n[build/build]   |         at com.sun.proxy.$Proxy2.processTestClass(Unknown Source)\n[build/build]   |         at org.gradle.api.internal.tasks.testing.worker.TestWorker$2.run(TestWorker.java:176)\n[build/build]   |         at org.gradle.api.internal.tasks.testing.worker.TestWorker.executeAndMaintainThreadName(TestWorker.java:129)\n[build/build]   |         at org.gradle.api.internal.tasks.testing.worker.TestWorker.execute(TestWorker.java:100)\n[build/build]   |         at org.gradle.api.internal.tasks.testing.worker.TestWorker.execute(TestWorker.java:60)\n[build/build]   |         at org.gradle.process.internal.worker.child.ActionExecutionWorker.execute(ActionExecutionWorker.java:56)\n[build/build]   |         at org.gradle.process.internal.worker.child.SystemApplicationClassLoaderWorker.call(SystemApplicationClassLoaderWorker.java:113)\n[build/build]   |         at org.gradle.process.internal.worker.child.SystemApplicationClassLoaderWorker.call(SystemApplicationClassLoaderWorker.java:65)\n[build/build]   |         at worker.org.gradle.process.internal.worker.GradleWorkerMain.run(GradleWorkerMain.java:69)\n[build/build]   |         at worker.org.gradle.process.internal.worker.GradleWorkerMain.main(GradleWorkerMain.java:74)\n[build/build]   | \n[build/build]   | info.movito.themoviedbapi.MoviesApiTest > classMethod FAILED\n[build/build]   |     java.lang.RuntimeException: Missing api key: To run test you need to provide the key as environment variable named 'apikey' and you have to make sure that this is key relates to a linked application\n[build/build]   |         at info.movito.themoviedbapi.AbstractTmdbApiTest.setUpClass(AbstractTmdbApiTest.java:55)\n[build/build]   |         at java.base/jdk.internal.reflect.NativeMethodAccessorImpl.invoke0(Native Method)\n[build/build]   |         at java.base/jdk.internal.reflect.NativeMethodAccessorImpl.invoke(NativeMethodAccessorImpl.java:62)\n[build/build]   |         at java.base/jdk.internal.reflect.DelegatingMethodAccessorImpl.invoke(DelegatingMethodAccessorImpl.java:43)\n[build/build]   |         at java.base/java.lang.reflect.Method.invoke(Method.java:566)\n[build/build]   |         at org.junit.runners.model.FrameworkMethod$1.runReflectiveCall(FrameworkMethod.java:59)\n[build/build]   |         at org.junit.internal.runners.model.ReflectiveCallable.run(ReflectiveCallable.java:12)\n[build/build]   |         at org.junit.runners.model.FrameworkMethod.invokeExplosively(FrameworkMethod.java:56)\n[build/build]   |         at org.junit.internal.runners.statements.RunBefores.invokeMethod(RunBefores.java:33)\n[build/build]   |         at org.junit.internal.runners.statements.RunBefores.evaluate(RunBefores.java:24)\n[build/build]   |         at org.junit.internal.runners.statements.RunAfters.evaluate(RunAfters.java:27)\n[build/build]   |         at org.junit.runners.ParentRunner$3.evaluate(ParentRunner.java:306)\n[build/build]   |         at org.junit.runners.ParentRunner.run(ParentRunner.java:413)\n[build/build]   |         at org.gradle.api.internal.tasks.testing.junit.JUnitTestClassExecutor.runTestClass(JUnitTestClassExecutor.java:108)\n[build/build]   |         at org.gradle.api.internal.tasks.testing.junit.JUnitTestClassExecutor.execute(JUnitTestClassExecutor.java:58)\n[build/build]   |         at org.gradle.api.internal.tasks.testing.junit.JUnitTestClassExecutor.execute(JUnitTestClassExecutor.java:40)\n[build/build]   |         at org.gradle.api.internal.tasks.testing.junit.AbstractJUnitTestClassProcessor.processTestClass(AbstractJUnitTestClassProcessor.java:60)\n[build/build]   |         at org.gradle.api.internal.tasks.testing.SuiteTestClassProcessor.processTestClass(SuiteTestClassProcessor.java:52)\n[build/build]   |         at java.base/jdk.internal.reflect.NativeMethodAccessorImpl.invoke0(Native Method)\n[build/build]   |         at java.base/jdk.internal.reflect.NativeMethodAccessorImpl.invoke(NativeMethodAccessorImpl.java:62)\n[build/build]   |         at java.base/jdk.internal.reflect.DelegatingMethodAccessorImpl.invoke(DelegatingMethodAccessorImpl.java:43)\n[build/build]   |         at java.base/java.lang.reflect.Method.invoke(Method.java:566)\n[build/build]   |         at org.gradle.internal.dispatch.ReflectionDispatch.dispatch(ReflectionDispatch.java:36)\n[build/build]   |         at org.gradle.internal.dispatch.ReflectionDispatch.dispatch(ReflectionDispatch.java:24)\n[build/build]   |         at org.gradle.internal.dispatch.ContextClassLoaderDispatch.dispatch(ContextClassLoaderDispatch.java:33)\n[build/build]   |         at org.gradle.internal.dispatch.ProxyDispatchAdapter$DispatchingInvocationHandler.invoke(ProxyDispatchAdapter.java:94)\n[build/build]   |         at com.sun.proxy.$Proxy2.processTestClass(Unknown Source)\n[build/build]   |         at org.gradle.api.internal.tasks.testing.worker.TestWorker$2.run(TestWorker.java:176)\n[build/build]   |         at org.gradle.api.internal.tasks.testing.worker.TestWorker.executeAndMaintainThreadName(TestWorker.java:129)\n[build/build]   |         at org.gradle.api.internal.tasks.testing.worker.TestWorker.execute(TestWorker.java:100)\n[build/build]   |         at org.gradle.api.internal.tasks.testing.worker.TestWorker.execute(TestWorker.java:60)\n[build/build]   |         at org.gradle.process.internal.worker.child.ActionExecutionWorker.execute(ActionExecutionWorker.java:56)\n[build/build]   |         at org.gradle.process.internal.worker.child.SystemApplicationClassLoaderWorker.call(SystemApplicationClassLoaderWorker.java:113)\n[build/build]   |         at org.gradle.process.internal.worker.child.SystemApplicationClassLoaderWorker.call(SystemApplicationClassLoaderWorker.java:65)\n[build/build]   |         at worker.org.gradle.process.internal.worker.GradleWorkerMain.run(GradleWorkerMain.java:69)\n[build/build]   |         at worker.org.gradle.process.internal.worker.GradleWorkerMain.main(GradleWorkerMain.java:74)\n[build/build]   | \n[build/build]   | info.movito.themoviedbapi.PeopleApiTest > classMethod FAILED\n[build/build]   |     java.lang.RuntimeException: Missing api key: To run test you need to provide the key as environment variable named 'apikey' and you have to make sure that this is key relates to a linked application\n[build/build]   |         at info.movito.themoviedbapi.AbstractTmdbApiTest.setUpClass(AbstractTmdbApiTest.java:55)\n[build/build]   |         at java.base/jdk.internal.reflect.NativeMethodAccessorImpl.invoke0(Native Method)\n[build/build]   |         at java.base/jdk.internal.reflect.NativeMethodAccessorImpl.invoke(NativeMethodAccessorImpl.java:62)\n[build/build]   |         at java.base/jdk.internal.reflect.DelegatingMethodAccessorImpl.invoke(DelegatingMethodAccessorImpl.java:43)\n[build/build]   |         at java.base/java.lang.reflect.Method.invoke(Method.java:566)\n[build/build]   |         at org.junit.runners.model.FrameworkMethod$1.runReflectiveCall(FrameworkMethod.java:59)\n[build/build]   |         at org.junit.internal.runners.model.ReflectiveCallable.run(ReflectiveCallable.java:12)\n[build/build]   |         at org.junit.runners.model.FrameworkMethod.invokeExplosively(FrameworkMethod.java:56)\n[build/build]   |         at org.junit.internal.runners.statements.RunBefores.invokeMethod(RunBefores.java:33)\n[build/build]   |         at org.junit.internal.runners.statements.RunBefores.evaluate(RunBefores.java:24)\n[build/build]   |         at org.junit.internal.runners.statements.RunAfters.evaluate(RunAfters.java:27)\n[build/build]   |         at org.junit.runners.ParentRunner$3.evaluate(ParentRunner.java:306)\n[build/build]   |         at org.junit.runners.ParentRunner.run(ParentRunner.java:413)\n[build/build]   |         at org.gradle.api.internal.tasks.testing.junit.JUnitTestClassExecutor.runTestClass(JUnitTestClassExecutor.java:108)\n[build/build]   |         at org.gradle.api.internal.tasks.testing.junit.JUnitTestClassExecutor.execute(JUnitTestClassExecutor.java:58)\n[build/build]   |         at org.gradle.api.internal.tasks.testing.junit.JUnitTestClassExecutor.execute(JUnitTestClassExecutor.java:40)\n[build/build]   |         at org.gradle.api.internal.tasks.testing.junit.AbstractJUnitTestClassProcessor.processTestClass(AbstractJUnitTestClassProcessor.java:60)\n[build/build]   |         at org.gradle.api.internal.tasks.testing.SuiteTestClassProcessor.processTestClass(SuiteTestClassProcessor.java:52)\n[build/build]   |         at java.base/jdk.internal.reflect.NativeMethodAccessorImpl.invoke0(Native Method)\n[build/build]   |         at java.base/jdk.internal.reflect.NativeMethodAccessorImpl.invoke(NativeMethodAccessorImpl.java:62)\n[build/build]   |         at java.base/jdk.internal.reflect.DelegatingMethodAccessorImpl.invoke(DelegatingMethodAccessorImpl.java:43)\n[build/build]   |         at java.base/java.lang.reflect.Method.invoke(Method.java:566)\n[build/build]   |         at org.gradle.internal.dispatch.ReflectionDispatch.dispatch(ReflectionDispatch.java:36)\n[build/build]   |         at org.gradle.internal.dispatch.ReflectionDispatch.dispatch(ReflectionDispatch.java:24)\n[build/build]   |         at org.gradle.internal.dispatch.ContextClassLoaderDispatch.dispatch(ContextClassLoaderDispatch.java:33)\n[build/build]   |         at org.gradle.internal.dispatch.ProxyDispatchAdapter$DispatchingInvocationHandler.invoke(ProxyDispatchAdapter.java:94)\n[build/build]   |         at com.sun.proxy.$Proxy2.processTestClass(Unknown Source)\n[build/build]   |         at org.gradle.api.internal.tasks.testing.worker.TestWorker$2.run(TestWorker.java:176)\n[build/build]   |         at org.gradle.api.internal.tasks.testing.worker.TestWorker.executeAndMaintainThreadName(TestWorker.java:129)\n[build/build]   |         at org.gradle.api.internal.tasks.testing.worker.TestWorker.execute(TestWorker.java:100)\n[build/build]   |         at org.gradle.api.internal.tasks.testing.worker.TestWorker.execute(TestWorker.java:60)\n[build/build]   |         at org.gradle.process.internal.worker.child.ActionExecutionWorker.execute(ActionExecutionWorker.java:56)\n[build/build]   |         at org.gradle.process.internal.worker.child.SystemApplicationClassLoaderWorker.call(SystemApplicationClassLoaderWorker.java:113)\n[build/build]   |         at org.gradle.process.internal.worker.child.SystemApplicationClassLoaderWorker.call(SystemApplicationClassLoaderWorker.java:65)\n[build/build]   |         at worker.org.gradle.process.internal.worker.GradleWorkerMain.run(GradleWorkerMain.java:69)\n[build/build]   |         at worker.org.gradle.process.internal.worker.GradleWorkerMain.main(GradleWorkerMain.java:74)\n[build/build]   | \n[build/build]   | info.movito.themoviedbapi.SearchApiTest > classMethod FAILED\n[build/build]   |     java.lang.RuntimeException: Missing api key: To run test you need to provide the key as environment variable named 'apikey' and you have to make sure that this is key relates to a linked application\n[build/build]   |         at info.movito.themoviedbapi.AbstractTmdbApiTest.setUpClass(AbstractTmdbApiTest.java:55)\n[build/build]   |         at java.base/jdk.internal.reflect.NativeMethodAccessorImpl.invoke0(Native Method)\n[build/build]   |         at java.base/jdk.internal.reflect.NativeMethodAccessorImpl.invoke(NativeMethodAccessorImpl.java:62)\n[build/build]   |         at java.base/jdk.internal.reflect.DelegatingMethodAccessorImpl.invoke(DelegatingMethodAccessorImpl.java:43)\n[build/build]   |         at java.base/java.lang.reflect.Method.invoke(Method.java:566)\n[build/build]   |         at org.junit.runners.model.FrameworkMethod$1.runReflectiveCall(FrameworkMethod.java:59)\n[build/build]   |         at org.junit.internal.runners.model.ReflectiveCallable.run(ReflectiveCallable.java:12)\n[build/build]   |         at org.junit.runners.model.FrameworkMethod.invokeExplosively(FrameworkMethod.java:56)\n[build/build]   |         at org.junit.internal.runners.statements.RunBefores.invokeMethod(RunBefores.java:33)\n[build/build]   |         at org.junit.internal.runners.statements.RunBefores.evaluate(RunBefores.java:24)\n[build/build]   |         at org.junit.internal.runners.statements.RunAfters.evaluate(RunAfters.java:27)\n[build/build]   |         at org.junit.runners.ParentRunner$3.evaluate(ParentRunner.java:306)\n[build/build]   |         at org.junit.runners.ParentRunner.run(ParentRunner.java:413)\n[build/build]   |         at org.gradle.api.internal.tasks.testing.junit.JUnitTestClassExecutor.runTestClass(JUnitTestClassExecutor.java:108)\n[build/build]   |         at org.gradle.api.internal.tasks.testing.junit.JUnitTestClassExecutor.execute(JUnitTestClassExecutor.java:58)\n[build/build]   |         at org.gradle.api.internal.tasks.testing.junit.JUnitTestClassExecutor.execute(JUnitTestClassExecutor.java:40)\n[build/build]   |         at org.gradle.api.internal.tasks.testing.junit.AbstractJUnitTestClassProcessor.processTestClass(AbstractJUnitTestClassProcessor.java:60)\n[build/build]   |         at org.gradle.api.internal.tasks.testing.SuiteTestClassProcessor.processTestClass(SuiteTestClassProcessor.java:52)\n[build/build]   |         at java.base/jdk.internal.reflect.NativeMethodAccessorImpl.invoke0(Native Method)\n[build/build]   |         at java.base/jdk.internal.reflect.NativeMethodAccessorImpl.invoke(NativeMethodAccessorImpl.java:62)\n[build/build]   |         at java.base/jdk.internal.reflect.DelegatingMethodAccessorImpl.invoke(DelegatingMethodAccessorImpl.java:43)\n[build/build]   |         at java.base/java.lang.reflect.Method.invoke(Method.java:566)\n[build/build]   |         at org.gradle.internal.dispatch.ReflectionDispatch.dispatch(ReflectionDispatch.java:36)\n[build/build]   |         at org.gradle.internal.dispatch.ReflectionDispatch.dispatch(ReflectionDispatch.java:24)\n[build/build]   |         at org.gradle.internal.dispatch.ContextClassLoaderDispatch.dispatch(ContextClassLoaderDispatch.java:33)\n[build/build]   |         at org.gradle.internal.dispatch.ProxyDispatchAdapter$DispatchingInvocationHandler.invoke(ProxyDispatchAdapter.java:94)\n[build/build]   |         at com.sun.proxy.$Proxy2.processTestClass(Unknown Source)\n[build/build]   |         at org.gradle.api.internal.tasks.testing.worker.TestWorker$2.run(TestWorker.java:176)\n[build/build]   |         at org.gradle.api.internal.tasks.testing.worker.TestWorker.executeAndMaintainThreadName(TestWorker.java:129)\n[build/build]   |         at org.gradle.api.internal.tasks.testing.worker.TestWorker.execute(TestWorker.java:100)\n[build/build]   |         at org.gradle.api.internal.tasks.testing.worker.TestWorker.execute(TestWorker.java:60)\n[build/build]   |         at org.gradle.process.internal.worker.child.ActionExecutionWorker.execute(ActionExecutionWorker.java:56)\n[build/build]   |         at org.gradle.process.internal.worker.child.SystemApplicationClassLoaderWorker.call(SystemApplicationClassLoaderWorker.java:113)\n[build/build]   |         at org.gradle.process.internal.worker.child.SystemApplicationClassLoaderWorker.call(SystemApplicationClassLoaderWorker.java:65)\n[build/build]   |         at worker.org.gradle.process.internal.worker.GradleWorkerMain.run(GradleWorkerMain.java:69)\n[build/build]   |         at worker.org.gradle.process.internal.worker.GradleWorkerMain.main(GradleWorkerMain.java:74)\n[build/build]   | \n[build/build]   | info.movito.themoviedbapi.SeriesApiTest > classMethod FAILED\n[build/build]   |     java.lang.RuntimeException: Missing api key: To run test you need to provide the key as environment variable named 'apikey' and you have to make sure that this is key relates to a linked application\n[build/build]   |         at info.movito.themoviedbapi.AbstractTmdbApiTest.setUpClass(AbstractTmdbApiTest.java:55)\n[build/build]   |         at java.base/jdk.internal.reflect.NativeMethodAccessorImpl.invoke0(Native Method)\n[build/build]   |         at java.base/jdk.internal.reflect.NativeMethodAccessorImpl.invoke(NativeMethodAccessorImpl.java:62)\n[build/build]   |         at java.base/jdk.internal.reflect.DelegatingMethodAccessorImpl.invoke(DelegatingMethodAccessorImpl.java:43)\n[build/build]   |         at java.base/java.lang.reflect.Method.invoke(Method.java:566)\n[build/build]   |         at org.junit.runners.model.FrameworkMethod$1.runReflectiveCall(FrameworkMethod.java:59)\n[build/build]   |         at org.junit.internal.runners.model.ReflectiveCallable.run(ReflectiveCallable.java:12)\n[build/build]   |         at org.junit.runners.model.FrameworkMethod.invokeExplosively(FrameworkMethod.java:56)\n[build/build]   |         at org.junit.internal.runners.statements.RunBefores.invokeMethod(RunBefores.java:33)\n[build/build]   |         at org.junit.internal.runners.statements.RunBefores.evaluate(RunBefores.java:24)\n[build/build]   |         at org.junit.internal.runners.statements.RunAfters.evaluate(RunAfters.java:27)\n[build/build]   |         at org.junit.runners.ParentRunner$3.evaluate(ParentRunner.java:306)\n[build/build]   |         at org.junit.runners.ParentRunner.run(ParentRunner.java:413)\n[build/build]   |         at org.gradle.api.internal.tasks.testing.junit.JUnitTestClassExecutor.runTestClass(JUnitTestClassExecutor.java:108)\n[build/build]   |         at org.gradle.api.internal.tasks.testing.junit.JUnitTestClassExecutor.execute(JUnitTestClassExecutor.java:58)\n[build/build]   |         at org.gradle.api.internal.tasks.testing.junit.JUnitTestClassExecutor.execute(JUnitTestClassExecutor.java:40)\n[build/build]   |         at org.gradle.api.internal.tasks.testing.junit.AbstractJUnitTestClassProcessor.processTestClass(AbstractJUnitTestClassProcessor.java:60)\n[build/build]   |         at org.gradle.api.internal.tasks.testing.SuiteTestClassProcessor.processTestClass(SuiteTestClassProcessor.java:52)\n[build/build]   |         at java.base/jdk.internal.reflect.NativeMethodAccessorImpl.invoke0(Native Method)\n[build/build]   |         at java.base/jdk.internal.reflect.NativeMethodAccessorImpl.invoke(NativeMethodAccessorImpl.java:62)\n[build/build]   |         at java.base/jdk.internal.reflect.DelegatingMethodAccessorImpl.invoke(DelegatingMethodAccessorImpl.java:43)\n[build/build]   |         at java.base/java.lang.reflect.Method.invoke(Method.java:566)\n[build/build]   |         at org.gradle.internal.dispatch.ReflectionDispatch.dispatch(ReflectionDispatch.java:36)\n[build/build]   |         at org.gradle.internal.dispatch.ReflectionDispatch.dispatch(ReflectionDispatch.java:24)\n[build/build]   |         at org.gradle.internal.dispatch.ContextClassLoaderDispatch.dispatch(ContextClassLoaderDispatch.java:33)\n[build/build]   |         at org.gradle.internal.dispatch.ProxyDispatchAdapter$DispatchingInvocationHandler.invoke(ProxyDispatchAdapter.java:94)\n[build/build]   |         at com.sun.proxy.$Proxy2.processTestClass(Unknown Source)\n[build/build]   |         at org.gradle.api.internal.tasks.testing.worker.TestWorker$2.run(TestWorker.java:176)\n[build/build]   |         at org.gradle.api.internal.tasks.testing.worker.TestWorker.executeAndMaintainThreadName(TestWorker.java:129)\n[build/build]   |         at org.gradle.api.internal.tasks.testing.worker.TestWorker.execute(TestWorker.java:100)\n[build/build]   |         at org.gradle.api.internal.tasks.testing.worker.TestWorker.execute(TestWorker.java:60)\n[build/build]   |         at org.gradle.process.internal.worker.child.ActionExecutionWorker.execute(ActionExecutionWorker.java:56)\n[build/build]   |         at org.gradle.process.internal.worker.child.SystemApplicationClassLoaderWorker.call(SystemApplicationClassLoaderWorker.java:113)\n[build/build]   |         at org.gradle.process.internal.worker.child.SystemApplicationClassLoaderWorker.call(SystemApplicationClassLoaderWorker.java:65)\n[build/build]   |         at worker.org.gradle.process.internal.worker.GradleWorkerMain.run(GradleWorkerMain.java:69)\n[build/build]   |         at worker.org.gradle.process.internal.worker.GradleWorkerMain.main(GradleWorkerMain.java:74)\n[build/build]   | \n[build/build]   | info.movito.themoviedbapi.TimezonesApiTest > classMethod FAILED\n[build/build]   |     java.lang.RuntimeException: Missing api key: To run test you need to provide the key as environment variable named 'apikey' and you have to make sure that this is key relates to a linked application\n[build/build]   |         at info.movito.themoviedbapi.AbstractTmdbApiTest.setUpClass(AbstractTmdbApiTest.java:55)\n[build/build]   |         at java.base/jdk.internal.reflect.NativeMethodAccessorImpl.invoke0(Native Method)\n[build/build]   |         at java.base/jdk.internal.reflect.NativeMethodAccessorImpl.invoke(NativeMethodAccessorImpl.java:62)\n[build/build]   |         at java.base/jdk.internal.reflect.DelegatingMethodAccessorImpl.invoke(DelegatingMethodAccessorImpl.java:43)\n[build/build]   |         at java.base/java.lang.reflect.Method.invoke(Method.java:566)\n[build/build]   |         at org.junit.runners.model.FrameworkMethod$1.runReflectiveCall(FrameworkMethod.java:59)\n[build/build]   |         at org.junit.internal.runners.model.ReflectiveCallable.run(ReflectiveCallable.java:12)\n[build/build]   |         at org.junit.runners.model.FrameworkMethod.invokeExplosively(FrameworkMethod.java:56)\n[build/build]   |         at org.junit.internal.runners.statements.RunBefores.invokeMethod(RunBefores.java:33)\n[build/build]   |         at org.junit.internal.runners.statements.RunBefores.evaluate(RunBefores.java:24)\n[build/build]   |         at org.junit.internal.runners.statements.RunAfters.evaluate(RunAfters.java:27)\n[build/build]   |         at org.junit.runners.ParentRunner$3.evaluate(ParentRunner.java:306)\n[build/build]   |         at org.junit.runners.ParentRunner.run(ParentRunner.java:413)\n[build/build]   |         at org.gradle.api.internal.tasks.testing.junit.JUnitTestClassExecutor.runTestClass(JUnitTestClassExecutor.java:108)\n[build/build]   |         at org.gradle.api.internal.tasks.testing.junit.JUnitTestClassExecutor.execute(JUnitTestClassExecutor.java:58)\n[build/build]   |         at org.gradle.api.internal.tasks.testing.junit.JUnitTestClassExecutor.execute(JUnitTestClassExecutor.java:40)\n[build/build]   |         at org.gradle.api.internal.tasks.testing.junit.AbstractJUnitTestClassProcessor.processTestClass(AbstractJUnitTestClassProcessor.java:60)\n[build/build]   |         at org.gradle.api.internal.tasks.testing.SuiteTestClassProcessor.processTestClass(SuiteTestClassProcessor.java:52)\n[build/build]   |         at java.base/jdk.internal.reflect.NativeMethodAccessorImpl.invoke0(Native Method)\n[build/build]   |         at java.base/jdk.internal.reflect.NativeMethodAccessorImpl.invoke(NativeMethodAccessorImpl.java:62)\n[build/build]   |         at java.base/jdk.internal.reflect.DelegatingMethodAccessorImpl.invoke(DelegatingMethodAccessorImpl.java:43)\n[build/build]   |         at java.base/java.lang.reflect.Method.invoke(Method.java:566)\n[build/build]   |         at org.gradle.internal.dispatch.ReflectionDispatch.dispatch(ReflectionDispatch.java:36)\n[build/build]   |         at org.gradle.internal.dispatch.ReflectionDispatch.dispatch(ReflectionDispatch.java:24)\n[build/build]   |         at org.gradle.internal.dispatch.ContextClassLoaderDispatch.dispatch(ContextClassLoaderDispatch.java:33)\n[build/build]   |         at org.gradle.internal.dispatch.ProxyDispatchAdapter$DispatchingInvocationHandler.invoke(ProxyDispatchAdapter.java:94)\n[build/build]   |         at com.sun.proxy.$Proxy2.processTestClass(Unknown Source)\n[build/build]   |         at org.gradle.api.internal.tasks.testing.worker.TestWorker$2.run(TestWorker.java:176)\n[build/build]   |         at org.gradle.api.internal.tasks.testing.worker.TestWorker.executeAndMaintainThreadName(TestWorker.java:129)\n[build/build]   |         at org.gradle.api.internal.tasks.testing.worker.TestWorker.execute(TestWorker.java:100)\n[build/build]   |         at org.gradle.api.internal.tasks.testing.worker.TestWorker.execute(TestWorker.java:60)\n[build/build]   |         at org.gradle.process.internal.worker.child.ActionExecutionWorker.execute(ActionExecutionWorker.java:56)\n[build/build]   |         at org.gradle.process.internal.worker.child.SystemApplicationClassLoaderWorker.call(SystemApplicationClassLoaderWorker.java:113)\n[build/build]   |         at org.gradle.process.internal.worker.child.SystemApplicationClassLoaderWorker.call(SystemApplicationClassLoaderWorker.java:65)\n[build/build]   |         at worker.org.gradle.process.internal.worker.GradleWorkerMain.run(GradleWorkerMain.java:69)\n[build/build]   |         at worker.org.gradle.process.internal.worker.GradleWorkerMain.main(GradleWorkerMain.java:74)\n[build/build]   | \n[build/build]   | 13 tests completed, 13 failed\n[build/build]   | Finished generating test XML results (0.065 secs) into: /tmp/bc275e72-fd77-11ed-a890-af2cc187fc11/holgerbrandl-themoviedbapi/build/test-results/test\n[build/build]   | Generating HTML test report...\n[build/build]   | Finished generating test html results (0.056 secs) into: /tmp/bc275e72-fd77-11ed-a890-af2cc187fc11/holgerbrandl-themoviedbapi/build/reports/tests/test\n[build/build]   | Watching 49 directories to track changes\n[build/build]   | Watching 54 directories to track changes\n[build/build]   | Watching 55 directories to track changes\n[build/build]   | \n[build/build]   | > Task :test FAILED\n[build/build]   | \n[build/build]   | FAILURE: Build failed with an exception.\n[build/build]   | \n[build/build]   | * What went wrong:\n[build/build]   | Execution failed for task ':test'.\n[build/build]   | > There were failing tests. See the report at: file:///tmp/bc275e72-fd77-11ed-a890-af2cc187fc11/holgerbrandl-themoviedbapi/build/reports/tests/test/index.html\n[build/build]   | \n[build/build]   | * Try:\n[build/build]   | > Run with --debug option to get more log output.\n[build/build]   | > Run with --scan to get full insights.\n[build/build]   | \n[build/build]   | * Exception is:\n[build/build]   | org.gradle.api.tasks.TaskExecutionException: Execution failed for task ':test'.\n[build/build]   | \tat org.gradle.api.internal.tasks.execution.ExecuteActionsTaskExecuter.lambda$executeIfValid$1(ExecuteActionsTaskExecuter.java:149)\n[build/build]   | \tat org.gradle.internal.Try$Failure.ifSuccessfulOrElse(Try.java:282)\n[build/build]   | \tat org.gradle.api.internal.tasks.execution.ExecuteActionsTaskExecuter.executeIfValid(ExecuteActionsTaskExecuter.java:147)\n[build/build]   | \tat org.gradle.api.internal.tasks.execution.ExecuteActionsTaskExecuter.execute(ExecuteActionsTaskExecuter.java:135)\n[build/build]   | \tat org.gradle.api.internal.tasks.execution.FinalizePropertiesTaskExecuter.execute(FinalizePropertiesTaskExecuter.java:46)\n[build/build]   | \tat org.gradle.api.internal.tasks.execution.ResolveTaskExecutionModeExecuter.execute(ResolveTaskExecutionModeExecuter.java:51)\n[build/build]   | \tat org.gradle.api.internal.tasks.execution.SkipTaskWithNoActionsExecuter.execute(SkipTaskWithNoActionsExecuter.java:57)\n[build/build]   | \tat org.gradle.api.internal.tasks.execution.SkipOnlyIfTaskExecuter.execute(SkipOnlyIfTaskExecuter.java:74)\n[build/build]   | \tat org.gradle.api.internal.tasks.execution.CatchExceptionTaskExecuter.execute(CatchExceptionTaskExecuter.java:36)\n[build/build]   | \tat org.gradle.api.internal.tasks.execution.EventFiringTaskExecuter$1.executeTask(EventFiringTaskExecuter.java:77)\n[build/build]   | \tat org.gradle.api.internal.tasks.execution.EventFiringTaskExecuter$1.call(EventFiringTaskExecuter.java:55)\n[build/build]   | \tat org.gradle.api.internal.tasks.execution.EventFiringTaskExecuter$1.call(EventFiringTaskExecuter.java:52)\n[build/build]   | \tat org.gradle.internal.operations.DefaultBuildOperationRunner$CallableBuildOperationWorker.execute(DefaultBuildOperationRunner.java:204)\n[build/build]   | \tat org.gradle.internal.operations.DefaultBuildOperationRunner$CallableBuildOperationWorker.execute(DefaultBuildOperationRunner.java:199)\n[build/build]   | \tat org.gradle.internal.operations.DefaultBuildOperationRunner$2.execute(DefaultBuildOperationRunner.java:66)\n[build/build]   | \tat org.gradle.internal.operations.DefaultBuildOperationRunner$2.execute(DefaultBuildOperationRunner.java:59)\n[build/build]   | \tat org.gradle.internal.operations.DefaultBuildOperationRunner.execute(DefaultBuildOperationRunner.java:157)\n[build/build]   | \tat org.gradle.internal.operations.DefaultBuildOperationRunner.execute(DefaultBuildOperationRunner.java:59)\n[build/build]   | \tat org.gradle.internal.operations.DefaultBuildOperationRunner.call(DefaultBuildOperationRunner.java:53)\n[build/build]   | \tat org.gradle.internal.operations.DefaultBuildOperationExecutor.call(DefaultBuildOperationExecutor.java:73)\n[build/build]   | \tat org.gradle.api.internal.tasks.execution.EventFiringTaskExecuter.execute(EventFiringTaskExecuter.java:52)\n[build/build]   | \tat org.gradle.execution.plan.LocalTaskNodeExecutor.execute(LocalTaskNodeExecutor.java:42)\n[build/build]   | \tat org.gradle.execution.taskgraph.DefaultTaskExecutionGraph$InvokeNodeExecutorsAction.execute(DefaultTaskExecutionGraph.java:337)\n[build/build]   | \tat org.gradle.execution.taskgraph.DefaultTaskExecutionGraph$InvokeNodeExecutorsAction.execute(DefaultTaskExecutionGraph.java:324)\n[build/build]   | \tat org.gradle.execution.taskgraph.DefaultTaskExecutionGraph$BuildOperationAwareExecutionAction.execute(DefaultTaskExecutionGraph.java:317)\n[build/build]   | \tat org.gradle.execution.taskgraph.DefaultTaskExecutionGraph$BuildOperationAwareExecutionAction.execute(DefaultTaskExecutionGraph.java:303)\n[build/build]   | \tat org.gradle.execution.plan.DefaultPlanExecutor$ExecutorWorker.execute(DefaultPlanExecutor.java:463)\n[build/build]   | \tat org.gradle.execution.plan.DefaultPlanExecutor$ExecutorWorker.run(DefaultPlanExecutor.java:380)\n[build/build]   | \tat org.gradle.internal.concurrent.ExecutorPolicy$CatchAndRecordFailures.onExecute(ExecutorPolicy.java:64)\n[build/build]   | \tat org.gradle.internal.concurrent.ManagedExecutorImpl$1.run(ManagedExecutorImpl.java:49)\n[build/build]   | Caused by: org.gradle.api.tasks.VerificationException: There were failing tests. See the report at: file:///tmp/bc275e72-fd77-11ed-a890-af2cc187fc11/holgerbrandl-themoviedbapi/build/reports/tests/test/index.html\n[build/build]   | \tat org.gradle.api.tasks.testing.AbstractTestTask.handleTestFailures(AbstractTestTask.java:621)\n[build/build]   | \tat org.gradle.api.tasks.testing.AbstractTestTask.handleCollectedResults(AbstractTestTask.java:483)\n[build/build]   | \tat org.gradle.api.tasks.testing.AbstractTestTask.executeTests(AbstractTestTask.java:478)\n[build/build]   | \tat org.gradle.api.tasks.testing.Test.executeTests(Test.java:692)\n[build/build]   | \tat java.base/jdk.internal.reflect.NativeMethodAccessorImpl.invoke0(Native Method)\n[build/build]   | \tat java.base/jdk.internal.reflect.NativeMethodAccessorImpl.invoke(NativeMethodAccessorImpl.java:62)\n[build/build]   | \tat java.base/jdk.internal.reflect.DelegatingMethodAccessorImpl.invoke(DelegatingMethodAccessorImpl.java:43)\n[build/build]   | \tat org.gradle.internal.reflect.JavaMethod.invoke(JavaMethod.java:125)\n[build/build]   | \tat org.gradle.api.internal.project.taskfactory.StandardTaskAction.doExecute(StandardTaskAction.java:58)\n[build/build]   | \tat org.gradle.api.internal.project.taskfactory.StandardTaskAction.execute(StandardTaskAction.java:51)\n[build/build]   | \tat org.gradle.api.internal.project.taskfactory.StandardTaskAction.execute(StandardTaskAction.java:29)\n[build/build]   | \tat org.gradle.api.internal.tasks.execution.TaskExecution$3.run(TaskExecution.java:242)\n[build/build]   | \tat org.gradle.internal.operations.DefaultBuildOperationRunner$1.execute(DefaultBuildOperationRunner.java:29)\n[build/build]   | \tat org.gradle.internal.operations.DefaultBuildOperationRunner$1.execute(DefaultBuildOperationRunner.java:26)\n[build/build]   | \tat org.gradle.internal.operations.DefaultBuildOperationRunner$2.execute(DefaultBuildOperationRunner.java:66)\n[build/build]   | \tat org.gradle.internal.operations.DefaultBuildOperationRunner$2.execute(DefaultBuildOperationRunner.java:59)\n[build/build]   | \tat org.gradle.internal.operations.DefaultBuildOperationRunner.execute(DefaultBuildOperationRunner.java:157)\n[build/build]   | \tat org.gradle.internal.operations.DefaultBuildOperationRunner.execute(DefaultBuildOperationRunner.java:59)\n[build/build]   | \tat org.gradle.internal.operations.DefaultBuildOperationRunner.run(DefaultBuildOperationRunner.java:47)\n[build/build]   | \tat org.gradle.internal.operations.DefaultBuildOperationExecutor.run(DefaultBuildOperationExecutor.java:68)\n[build/build]   | \tat org.gradle.api.internal.tasks.execution.TaskExecution.executeAction(TaskExecution.java:227)\n[build/build]   | \tat org.gradle.api.internal.tasks.execution.TaskExecution.executeActions(TaskExecution.java:210)\n[build/build]   | \tat org.gradle.api.internal.tasks.execution.TaskExecution.executeWithPreviousOutputFiles(TaskExecution.java:193)\n[build/build]   | \tat org.gradle.api.internal.tasks.execution.TaskExecution.execute(TaskExecution.java:166)\n[build/build]   | \tat org.gradle.internal.execution.steps.ExecuteStep.executeInternal(ExecuteStep.java:105)\n[build/build]   | \tat org.gradle.internal.execution.steps.ExecuteStep.access$000(ExecuteStep.java:44)\n[build/build]   | \tat org.gradle.internal.execution.steps.ExecuteStep$1.call(ExecuteStep.java:59)\n[build/build]   | \tat org.gradle.internal.execution.steps.ExecuteStep$1.call(ExecuteStep.java:56)\n[build/build]   | \tat org.gradle.internal.operations.DefaultBuildOperationRunner$CallableBuildOperationWorker.execute(DefaultBuildOperationRunner.java:204)\n[build/build]   | \tat org.gradle.internal.operations.DefaultBuildOperationRunner$CallableBuildOperationWorker.execute(DefaultBuildOperationRunner.java:199)\n[build/build]   | \tat org.gradle.internal.operations.DefaultBuildOperationRunner$2.execute(DefaultBuildOperationRunner.java:66)\n[build/build]   | \tat org.gradle.internal.operations.DefaultBuildOperationRunner$2.execute(DefaultBuildOperationRunner.java:59)\n[build/build]   | \tat org.gradle.internal.operations.DefaultBuildOperationRunner.execute(DefaultBuildOperationRunner.java:157)\n[build/build]   | \tat org.gradle.internal.operations.DefaultBuildOperationRunner.execute(DefaultBuildOperationRunner.java:59)\n[build/build]   | \tat org.gradle.internal.operations.DefaultBuildOperationRunner.call(DefaultBuildOperationRunner.java:53)\n[build/build]   | \tat org.gradle.internal.operations.DefaultBuildOperationExecutor.call(DefaultBuildOperationExecutor.java:73)\n[build/build]   | \tat org.gradle.internal.execution.steps.ExecuteStep.execute(ExecuteStep.java:56)\n[build/build]   | \tat org.gradle.internal.execution.steps.ExecuteStep.execute(ExecuteStep.java:44)\n[build/build]   | \tat org.gradle.internal.execution.steps.RemovePreviousOutputsStep.execute(RemovePreviousOutputsStep.java:67)\n[build/build]   | \tat org.gradle.internal.execution.steps.RemovePreviousOutputsStep.execute(RemovePreviousOutputsStep.java:37)\n[build/build]   | \tat org.gradle.internal.execution.steps.CancelExecutionStep.execute(CancelExecutionStep.java:41)\n[build/build]   | \tat org.gradle.internal.execution.steps.TimeoutStep.executeWithoutTimeout(TimeoutStep.java:74)\n[build/build]   | \tat org.gradle.internal.execution.steps.TimeoutStep.execute(TimeoutStep.java:55)\n[build/build]   | \tat org.gradle.internal.execution.steps.CreateOutputsStep.execute(CreateOutputsStep.java:50)\n[build/build]   | \tat org.gradle.internal.execution.steps.CreateOutputsStep.execute(CreateOutputsStep.java:28)\n[build/build]   | \tat org.gradle.internal.execution.steps.CaptureStateAfterExecutionStep.executeDelegateBroadcastingChanges(CaptureStateAfterExecutionStep.java:100)\n[build/build]   | \tat org.gradle.internal.execution.steps.CaptureStateAfterExecutionStep.execute(CaptureStateAfterExecutionStep.java:72)\n[build/build]   | \tat org.gradle.internal.execution.steps.CaptureStateAfterExecutionStep.execute(CaptureStateAfterExecutionStep.java:50)\n[build/build]   | \tat org.gradle.internal.execution.steps.ResolveInputChangesStep.execute(ResolveInputChangesStep.java:40)\n[build/build]   | \tat org.gradle.internal.execution.steps.ResolveInputChangesStep.execute(ResolveInputChangesStep.java:29)\n[build/build]   | \tat org.gradle.internal.execution.steps.BuildCacheStep.executeWithoutCache(BuildCacheStep.java:166)\n[build/build]   | \tat org.gradle.internal.execution.steps.BuildCacheStep.executeAndStoreInCache(BuildCacheStep.java:139)\n[build/build]   | \tat org.gradle.internal.execution.steps.BuildCacheStep.lambda$executeWithCache$4(BuildCacheStep.java:106)\n[build/build]   | \tat org.gradle.internal.execution.steps.BuildCacheStep.lambda$executeWithCache$5(BuildCacheStep.java:106)\n[build/build]   | \tat org.gradle.internal.Try$Success.map(Try.java:164)\n[build/build]   | \tat org.gradle.internal.execution.steps.BuildCacheStep.executeWithCache(BuildCacheStep.java:80)\n[build/build]   | \tat org.gradle.internal.execution.steps.BuildCacheStep.lambda$execute$0(BuildCacheStep.java:69)\n[build/build]   | \tat org.gradle.internal.Either$Left.fold(Either.java:115)\n[build/build]   | \tat org.gradle.internal.execution.caching.CachingState.fold(CachingState.java:59)\n[build/build]   | \tat org.gradle.internal.execution.steps.BuildCacheStep.execute(BuildCacheStep.java:68)\n[build/build]   | \tat org.gradle.internal.execution.steps.BuildCacheStep.execute(BuildCacheStep.java:46)\n[build/build]   | \tat org.gradle.internal.execution.steps.StoreExecutionStateStep.execute(StoreExecutionStateStep.java:36)\n[build/build]   | \tat org.gradle.internal.execution.steps.StoreExecutionStateStep.execute(StoreExecutionStateStep.java:25)\n[build/build]   | \tat org.gradle.internal.execution.steps.RecordOutputsStep.execute(RecordOutputsStep.java:36)\n[build/build]   | \tat org.gradle.internal.execution.steps.RecordOutputsStep.execute(RecordOutputsStep.java:22)\n[build/build]   | \tat org.gradle.internal.execution.steps.SkipUpToDateStep.executeBecause(SkipUpToDateStep.java:91)\n[build/build]   | \tat org.gradle.internal.execution.steps.SkipUpToDateStep.lambda$execute$2(SkipUpToDateStep.java:55)\n[build/build]   | \tat org.gradle.internal.execution.steps.SkipUpToDateStep.execute(SkipUpToDateStep.java:55)\n[build/build]   | \tat org.gradle.internal.execution.steps.SkipUpToDateStep.execute(SkipUpToDateStep.java:37)\n[build/build]   | \tat org.gradle.internal.execution.steps.ResolveChangesStep.execute(ResolveChangesStep.java:65)\n[build/build]   | \tat org.gradle.internal.execution.steps.ResolveChangesStep.execute(ResolveChangesStep.java:36)\n[build/build]   | \tat org.gradle.internal.execution.steps.legacy.MarkSnapshottingInputsFinishedStep.execute(MarkSnapshottingInputsFinishedStep.java:37)\n[build/build]   | \tat org.gradle.internal.execution.steps.legacy.MarkSnapshottingInputsFinishedStep.execute(MarkSnapshottingInputsFinishedStep.java:27)\n[build/build]   | \tat org.gradle.internal.execution.steps.ResolveCachingStateStep.execute(ResolveCachingStateStep.java:76)\n[build/build]   | \tat org.gradle.internal.execution.steps.ResolveCachingStateStep.execute(ResolveCachingStateStep.java:37)\n[build/build]   | \tat org.gradle.internal.execution.steps.ValidateStep.execute(ValidateStep.java:94)\n[build/build]   | \tat org.gradle.internal.execution.steps.ValidateStep.execute(ValidateStep.java:49)\n[build/build]   | \tat org.gradle.internal.execution.steps.CaptureStateBeforeExecutionStep.execute(CaptureStateBeforeExecutionStep.java:71)\n[build/build]   | \tat org.gradle.internal.execution.steps.CaptureStateBeforeExecutionStep.execute(CaptureStateBeforeExecutionStep.java:45)\n[build/build]   | \tat org.gradle.internal.execution.steps.SkipEmptyWorkStep.executeWithNonEmptySources(SkipEmptyWorkStep.java:177)\n[build/build]   | \tat org.gradle.internal.execution.steps.SkipEmptyWorkStep.execute(SkipEmptyWorkStep.java:86)\n[build/build]   | \tat org.gradle.internal.execution.steps.SkipEmptyWorkStep.execute(SkipEmptyWorkStep.java:53)\n[build/build]   | \tat org.gradle.internal.execution.steps.RemoveUntrackedExecutionStateStep.execute(RemoveUntrackedExecutionStateStep.java:32)\n[build/build]   | \tat org.gradle.internal.execution.steps.RemoveUntrackedExecutionStateStep.execute(RemoveUntrackedExecutionStateStep.java:21)\n[build/build]   | \tat org.gradle.internal.execution.steps.legacy.MarkSnapshottingInputsStartedStep.execute(MarkSnapshottingInputsStartedStep.java:38)\n[build/build]   | \tat org.gradle.internal.execution.steps.LoadPreviousExecutionStateStep.execute(LoadPreviousExecutionStateStep.java:36)\n[build/build]   | \tat org.gradle.internal.execution.steps.LoadPreviousExecutionStateStep.execute(LoadPreviousExecutionStateStep.java:23)\n[build/build]   | \tat org.gradle.internal.execution.steps.CleanupStaleOutputsStep.execute(CleanupStaleOutputsStep.java:75)\n[build/build]   | \tat org.gradle.internal.execution.steps.CleanupStaleOutputsStep.execute(CleanupStaleOutputsStep.java:41)\n[build/build]   | \tat org.gradle.internal.execution.steps.AssignWorkspaceStep.lambda$execute$0(AssignWorkspaceStep.java:32)\n[build/build]   | \tat org.gradle.api.internal.tasks.execution.TaskExecution$4.withWorkspace(TaskExecution.java:287)\n[build/build]   | \tat org.gradle.internal.execution.steps.AssignWorkspaceStep.execute(AssignWorkspaceStep.java:30)\n[build/build]   | \tat org.gradle.internal.execution.steps.AssignWorkspaceStep.execute(AssignWorkspaceStep.java:21)\n[build/build]   | \tat org.gradle.internal.execution.steps.IdentityCacheStep.execute(IdentityCacheStep.java:37)\n[build/build]   | \tat org.gradle.internal.execution.steps.IdentityCacheStep.execute(IdentityCacheStep.java:27)\n[build/build]   | \tat org.gradle.internal.execution.steps.IdentifyStep.execute(IdentifyStep.java:47)\n[build/build]   | \tat org.gradle.internal.execution.steps.IdentifyStep.execute(IdentifyStep.java:34)\n[build/build]   | \tat org.gradle.internal.execution.impl.DefaultExecutionEngine$1.execute(DefaultExecutionEngine.java:64)\n[build/build]   | \tat org.gradle.api.internal.tasks.execution.ExecuteActionsTaskExecuter.executeIfValid(ExecuteActionsTaskExecuter.java:146)\n[build/build]   | \tat org.gradle.api.internal.tasks.execution.ExecuteActionsTaskExecuter.execute(ExecuteActionsTaskExecuter.java:135)\n[build/build]   | \tat org.gradle.api.internal.tasks.execution.FinalizePropertiesTaskExecuter.execute(FinalizePropertiesTaskExecuter.java:46)\n[build/build]   | \tat org.gradle.api.internal.tasks.execution.ResolveTaskExecutionModeExecuter.execute(ResolveTaskExecutionModeExecuter.java:51)\n[build/build]   | \tat org.gradle.api.internal.tasks.execution.SkipTaskWithNoActionsExecuter.execute(SkipTaskWithNoActionsExecuter.java:57)\n[build/build]   | \tat org.gradle.api.internal.tasks.execution.SkipOnlyIfTaskExecuter.execute(SkipOnlyIfTaskExecuter.java:74)\n[build/build]   | \tat org.gradle.api.internal.tasks.execution.CatchExceptionTaskExecuter.execute(CatchExceptionTaskExecuter.java:36)\n[build/build]   | \tat org.gradle.api.internal.tasks.execution.EventFiringTaskExecuter$1.executeTask(EventFiringTaskExecuter.java:77)\n[build/build]   | \tat org.gradle.api.internal.tasks.execution.EventFiringTaskExecuter$1.call(EventFiringTaskExecuter.java:55)\n[build/build]   | \tat org.gradle.api.internal.tasks.execution.EventFiringTaskExecuter$1.call(EventFiringTaskExecuter.java:52)\n[build/build]   | \tat org.gradle.internal.operations.DefaultBuildOperationRunner$CallableBuildOperationWorker.execute(DefaultBuildOperationRunner.java:204)\n[build/build]   | \tat org.gradle.internal.operations.DefaultBuildOperationRunner$CallableBuildOperationWorker.execute(DefaultBuildOperationRunner.java:199)\n[build/build]   | \tat org.gradle.internal.operations.DefaultBuildOperationRunner$2.execute(DefaultBuildOperationRunner.java:66)\n[build/build]   | \tat org.gradle.internal.operations.DefaultBuildOperationRunner$2.execute(DefaultBuildOperationRunner.java:59)\n[build/build]   | \tat org.gradle.internal.operations.DefaultBuildOperationRunner.execute(DefaultBuildOperationRunner.java:157)\n[build/build]   | \tat org.gradle.internal.operations.DefaultBuildOperationRunner.execute(DefaultBuildOperationRunner.java:59)\n[build/build]   | \tat org.gradle.internal.operations.DefaultBuildOperationRunner.call(DefaultBuildOperationRunner.java:53)\n[build/build]   | \tat org.gradle.internal.operations.DefaultBuildOperationExecutor.call(DefaultBuildOperationExecutor.java:73)\n[build/build]   | \tat org.gradle.api.internal.tasks.execution.EventFiringTaskExecuter.execute(EventFiringTaskExecuter.java:52)\n[build/build]   | \tat org.gradle.execution.plan.LocalTaskNodeExecutor.execute(LocalTaskNodeExecutor.java:42)\n[build/build]   | \tat org.gradle.execution.taskgraph.DefaultTaskExecutionGraph$InvokeNodeExecutorsAction.execute(DefaultTaskExecutionGraph.java:337)\n[build/build]   | \tat org.gradle.execution.taskgraph.DefaultTaskExecutionGraph$InvokeNodeExecutorsAction.execute(DefaultTaskExecutionGraph.java:324)\n[build/build]   | \tat org.gradle.execution.taskgraph.DefaultTaskExecutionGraph$BuildOperationAwareExecutionAction.execute(DefaultTaskExecutionGraph.java:317)\n[build/build]   | \tat org.gradle.execution.taskgraph.DefaultTaskExecutionGraph$BuildOperationAwareExecutionAction.execute(DefaultTaskExecutionGraph.java:303)\n[build/build]   | \tat org.gradle.execution.plan.DefaultPlanExecutor$ExecutorWorker.execute(DefaultPlanExecutor.java:463)\n[build/build]   | \tat org.gradle.execution.plan.DefaultPlanExecutor$ExecutorWorker.run(DefaultPlanExecutor.java:380)\n[build/build]   | \tat org.gradle.internal.concurrent.ExecutorPolicy$CatchAndRecordFailures.onExecute(ExecutorPolicy.java:64)\n[build/build]   | \tat org.gradle.internal.concurrent.ManagedExecutorImpl$1.run(ManagedExecutorImpl.java:49)\n[build/build]   | \n[build/build]   | \n[build/build]   | * Get more help at https://help.gradle.org\n[build/build]   | \n[build/build]   | BUILD FAILED in 30s\n[build/build]   | 5 actionable tasks: 4 executed, 1 up-to-date\n[build/build]   \u274c  Failure - Main Build and test with Gradle\n[build/build] exitcode '1': failure\n[build/build] \u2b50 Run Post Set up JDK 11\n[build/build]   \ud83d\udc33  docker exec cmd=[node /var/run/act/actions/actions-setup-java@v1/dist/cleanup/index.js] user= workdir=\n[build/build]   \u2705  Success - Post Set up JDK 11\n[build/build] \ud83c\udfc1  Job failed\n",
    "actions_stderr": "Error: Job 'build' failed\n"
}