{
    "repository": "KSP-KOS/EditorTools",
    "clone_url": "https://github.com/KSP-KOS/EditorTools.git",
    "timestamp": "2023-05-28T18:44:46.293172Z",
    "clone_success": true,
    "number of actions": 1,
    "number_of_test_actions": 1,
    "actions_successful": false,
    "actions_stdout": "[Build IDEA plugin and run tests/gradle] \ud83d\ude80  Start image=crawlergpt:latest\n[Build IDEA plugin and run tests/gradle]   \ud83d\udc33  docker pull image=crawlergpt:latest platform= username= forcePull=false\n[Build IDEA plugin and run tests/gradle]   \ud83d\udc33  docker create image=crawlergpt:latest platform= entrypoint=[\"tail\" \"-f\" \"/dev/null\"] cmd=[]\n[Build IDEA plugin and run tests/gradle]   \ud83d\udc33  docker run image=crawlergpt:latest platform= entrypoint=[\"tail\" \"-f\" \"/dev/null\"] cmd=[]\n[Build IDEA plugin and run tests/gradle]   \ud83d\udc33  docker exec cmd=[chown -R 1012:1000 /tmp/bc275e72-fd77-11ed-a890-af2cc187fc11/KSP-KOS-EditorTools] user=0 workdir=\n[Build IDEA plugin and run tests/gradle]   \u2601  git clone 'https://github.com/actions/setup-java' # ref=v1\n[Build IDEA plugin and run tests/gradle] Non-terminating error while running 'git clone': some refs were not updated\n[Build IDEA plugin and run tests/gradle]   \u2601  git clone 'https://github.com/actions/upload-artifact' # ref=v2\n[Build IDEA plugin and run tests/gradle] \u2b50 Run Main actions/checkout@v2\n[Build IDEA plugin and run tests/gradle]   \u2705  Success - Main actions/checkout@v2\n[Build IDEA plugin and run tests/gradle] \u2b50 Run Main Set up JDK 11\n[Build IDEA plugin and run tests/gradle]   \ud83d\udc33  docker cp src=/home/andre-silva/.cache/act/actions-setup-java@v1/ dst=/var/run/act/actions/actions-setup-java@v1/\n[Build IDEA plugin and run tests/gradle]   \ud83d\udc33  docker exec cmd=[chown -R 1012:1000 /var/run/act/actions/actions-setup-java@v1/] user=0 workdir=\n[Build IDEA plugin and run tests/gradle]   \ud83d\udc33  docker exec cmd=[node /var/run/act/actions/actions-setup-java@v1/dist/setup/index.js] user= workdir=\n[Build IDEA plugin and run tests/gradle]   \ud83d\udcac  ::debug::isExplicit: \n[Build IDEA plugin and run tests/gradle]   \ud83d\udcac  ::debug::explicit? false\n[Build IDEA plugin and run tests/gradle]   \ud83d\udcac  ::debug::evaluating 0 versions\n[Build IDEA plugin and run tests/gradle]   \ud83d\udcac  ::debug::match not found\n[Build IDEA plugin and run tests/gradle]   \ud83d\udcac  ::debug::Downloading JDK from Azul\n[Build IDEA plugin and run tests/gradle]   \ud83d\udcac  ::debug::Searching for files with extension: -linux_x64.tar.gz\n[Build IDEA plugin and run tests/gradle]   \ud83d\udcac  ::debug::Downloading https://static.azul.com/zulu/bin/zulu11.64.19-ca-jdk11.0.19-linux_x64.tar.gz\n[Build IDEA plugin and run tests/gradle]   \ud83d\udcac  ::debug::Downloading /tmp/8e0f1b2e-32d5-4799-ad1c-1292c5b1f8cd\n[Build IDEA plugin and run tests/gradle]   \ud83d\udcac  ::debug::download complete\n[Build IDEA plugin and run tests/gradle]   | [command]/usr/bin/tar --version\n[Build IDEA plugin and run tests/gradle]   | tar (GNU tar) 1.30\n[Build IDEA plugin and run tests/gradle]   | Copyright (C) 2017 Free Software Foundation, Inc.\n[Build IDEA plugin and run tests/gradle]   | License GPLv3+: GNU GPL version 3 or later <https://gnu.org/licenses/gpl.html>.\n[Build IDEA plugin and run tests/gradle]   | This is free software: you are free to change and redistribute it.\n[Build IDEA plugin and run tests/gradle]   | There is NO WARRANTY, to the extent permitted by law.\n[Build IDEA plugin and run tests/gradle]   | \n[Build IDEA plugin and run tests/gradle]   | Written by John Gilmore and Jay Fenlason.\n[Build IDEA plugin and run tests/gradle]   | [command]/usr/bin/tar xz --warning=no-unknown-keyword -C /tmp/temp_228219081 -f /tmp/8e0f1b2e-32d5-4799-ad1c-1292c5b1f8cd\n[Build IDEA plugin and run tests/gradle]   \ud83d\udcac  ::debug::jdk extracted to /tmp/temp_228219081/zulu11.64.19-ca-jdk11.0.19-linux_x64\n[Build IDEA plugin and run tests/gradle]   \ud83d\udcac  ::debug::Caching tool jdk 11.0.19 x64\n[Build IDEA plugin and run tests/gradle]   \ud83d\udcac  ::debug::source dir: /tmp/temp_228219081/zulu11.64.19-ca-jdk11.0.19-linux_x64\n[Build IDEA plugin and run tests/gradle]   \ud83d\udcac  ::debug::destination /opt/hostedtoolcache/jdk/11.0.19/x64\n[Build IDEA plugin and run tests/gradle]   \ud83d\udcac  ::debug::finished caching tool\n[Build IDEA plugin and run tests/gradle]   \u2753 add-matcher /run/act/actions/actions-setup-java@v1/.github/java.json\n[Build IDEA plugin and run tests/gradle]   | creating settings.xml with server-id: github; environment variables: username=$GITHUB_ACTOR, password=$GITHUB_TOKEN, and gpg-passphrase=null\n[Build IDEA plugin and run tests/gradle]   \ud83d\udcac  ::debug::created directory /home/runneradmin/.m2\n[Build IDEA plugin and run tests/gradle]   | writing /home/runneradmin/.m2/settings.xml\n[Build IDEA plugin and run tests/gradle]   \u2705  Success - Main Set up JDK 11\n[Build IDEA plugin and run tests/gradle]   \u2699  ::set-env:: JAVA_HOME_11.0.19_x64=/opt/hostedtoolcache/jdk/11.0.19/x64\n[Build IDEA plugin and run tests/gradle]   \u2699  ::set-env:: JAVA_HOME=/opt/hostedtoolcache/jdk/11.0.19/x64\n[Build IDEA plugin and run tests/gradle]   \u2699  ::set-env:: JAVA_HOME_11_0_19_X64=/opt/hostedtoolcache/jdk/11.0.19/x64\n[Build IDEA plugin and run tests/gradle]   \u2699  ::set-output:: path=/opt/hostedtoolcache/jdk/11.0.19/x64\n[Build IDEA plugin and run tests/gradle]   \u2699  ::set-output:: version=11.0.19\n[Build IDEA plugin and run tests/gradle]   \u2699  ::add-path:: /opt/hostedtoolcache/jdk/11.0.19/x64/bin\n[Build IDEA plugin and run tests/gradle] \u2b50 Run Main Run tests and build plugin\n[Build IDEA plugin and run tests/gradle]   \ud83d\udc33  docker exec cmd=[bash --noprofile --norc -e -o pipefail /var/run/act/workflow/2] user= workdir=\n[Build IDEA plugin and run tests/gradle]   | Downloading https://services.gradle.org/distributions/gradle-6.5.1-all.zip\n[Build IDEA plugin and run tests/gradle]   | .............10%..............20%..............30%..............40%..............50%..............60%..............70%..............80%..............90%..............100%\n[Build IDEA plugin and run tests/gradle]   | \n[Build IDEA plugin and run tests/gradle]   | Welcome to Gradle 6.5.1!\n[Build IDEA plugin and run tests/gradle]   | \n[Build IDEA plugin and run tests/gradle]   | Here are the highlights of this release:\n[Build IDEA plugin and run tests/gradle]   |  - Experimental file-system watching\n[Build IDEA plugin and run tests/gradle]   |  - Improved version ordering\n[Build IDEA plugin and run tests/gradle]   |  - New samples\n[Build IDEA plugin and run tests/gradle]   | \n[Build IDEA plugin and run tests/gradle]   | For more details see https://docs.gradle.org/6.5.1/release-notes.html\n[Build IDEA plugin and run tests/gradle]   | \n[Build IDEA plugin and run tests/gradle]   | Starting a Gradle Daemon (subsequent builds will be faster)\n[Build IDEA plugin and run tests/gradle]   | \n[Build IDEA plugin and run tests/gradle]   | > Configure project :\n[Build IDEA plugin and run tests/gradle]   | [gradle-intellij-plugin :KerboScript(kOS)] Cannot read builtin registry cache. Run with --debug option to get more log output.\n[Build IDEA plugin and run tests/gradle]   | \n[Build IDEA plugin and run tests/gradle]   | FAILURE: Build failed with an exception.\n[Build IDEA plugin and run tests/gradle]   | \n[Build IDEA plugin and run tests/gradle]   | * What went wrong:\n[Build IDEA plugin and run tests/gradle]   | A problem occurred configuring root project 'KerboScript(kOS)'.\n[Build IDEA plugin and run tests/gradle]   | > Failed to notify project evaluation listener.\n[Build IDEA plugin and run tests/gradle]   |    > Could not resolve all files for configuration ':compileOnly'.\n[Build IDEA plugin and run tests/gradle]   |       > Could not resolve org.jetbrains.intellij.deps.jflex:jflex:1.7.0-1.\n[Build IDEA plugin and run tests/gradle]   |         Required by:\n[Build IDEA plugin and run tests/gradle]   |             project :\n[Build IDEA plugin and run tests/gradle]   |          > Could not resolve org.jetbrains.intellij.deps.jflex:jflex:1.7.0-1.\n[Build IDEA plugin and run tests/gradle]   |             > Could not get resource 'https://jetbrains.bintray.com/intellij-third-party-dependencies/org/jetbrains/intellij/deps/jflex/jflex/1.7.0-1/jflex-1.7.0-1.pom'.\n[Build IDEA plugin and run tests/gradle]   |                > Could not GET 'https://jetbrains.bintray.com/intellij-third-party-dependencies/org/jetbrains/intellij/deps/jflex/jflex/1.7.0-1/jflex-1.7.0-1.pom'.\n[Build IDEA plugin and run tests/gradle]   |                   > Certificate for <jetbrains.bintray.com> doesn't match any of the subject alternative names: [*.jfrog.io, *.int.jfrog.io, jfrog.io, *.pe.jfrog.io]\n[Build IDEA plugin and run tests/gradle]   |    > Could not resolve all files for configuration ':compileOnly'.\n[Build IDEA plugin and run tests/gradle]   |       > Could not resolve org.jetbrains.intellij.deps.jflex:jflex:1.7.0-1.\n[Build IDEA plugin and run tests/gradle]   |         Required by:\n[Build IDEA plugin and run tests/gradle]   |             project :\n[Build IDEA plugin and run tests/gradle]   |          > Could not resolve org.jetbrains.intellij.deps.jflex:jflex:1.7.0-1.\n[Build IDEA plugin and run tests/gradle]   |             > Could not get resource 'https://jetbrains.bintray.com/intellij-third-party-dependencies/org/jetbrains/intellij/deps/jflex/jflex/1.7.0-1/jflex-1.7.0-1.pom'.\n[Build IDEA plugin and run tests/gradle]   |                > Could not GET 'https://jetbrains.bintray.com/intellij-third-party-dependencies/org/jetbrains/intellij/deps/jflex/jflex/1.7.0-1/jflex-1.7.0-1.pom'.\n[Build IDEA plugin and run tests/gradle]   |                   > Certificate for <jetbrains.bintray.com> doesn't match any of the subject alternative names: [*.jfrog.io, *.int.jfrog.io, jfrog.io, *.pe.jfrog.io]\n[Build IDEA plugin and run tests/gradle]   | \n[Build IDEA plugin and run tests/gradle]   | * Try:\n[Build IDEA plugin and run tests/gradle]   | Run with --stacktrace option to get the stack trace. Run with --info or --debug option to get more log output. Run with --scan to get full insights.\n[Build IDEA plugin and run tests/gradle]   | \n[Build IDEA plugin and run tests/gradle]   | * Get more help at https://help.gradle.org\n[Build IDEA plugin and run tests/gradle]   | \n[Build IDEA plugin and run tests/gradle]   | Deprecated Gradle features were used in this build, making it incompatible with Gradle 7.0.\n[Build IDEA plugin and run tests/gradle]   | Use '--warning-mode all' to show the individual deprecation warnings.\n[Build IDEA plugin and run tests/gradle]   | See https://docs.gradle.org/6.5.1/userguide/command_line_interface.html#sec:command_line_warnings\n[Build IDEA plugin and run tests/gradle]   | \n[Build IDEA plugin and run tests/gradle]   | BUILD FAILED in 1m 49s\n[Build IDEA plugin and run tests/gradle]   \u274c  Failure - Main Run tests and build plugin\n[Build IDEA plugin and run tests/gradle] exitcode '1': failure\n[Build IDEA plugin and run tests/gradle] \u2b50 Run Post Set up JDK 11\n[Build IDEA plugin and run tests/gradle]   \ud83d\udc33  docker exec cmd=[node /var/run/act/actions/actions-setup-java@v1/dist/cleanup/index.js] user= workdir=\n[Build IDEA plugin and run tests/gradle]   \u2705  Success - Post Set up JDK 11\n[Build IDEA plugin and run tests/gradle] \ud83c\udfc1  Job failed\n",
    "actions_stderr": "Error: Job 'gradle' failed\n"
}