{
    "repository": "Neamar/KISS",
    "clone_url": "https://github.com/Neamar/KISS.git",
    "timestamp": "2023-05-28T17:35:08.922306Z",
    "clone_success": true,
    "number of actions": 2,
    "number_of_test_actions": 1,
    "actions_successful": false,
    "actions_stdout": "[App testing/Run Unit Tests] \ud83d\ude80  Start image=crawlergpt:latest\n[App testing/Generate APK  ] \ud83d\ude80  Start image=crawlergpt:latest\n[App testing/Generate APK  ]   \ud83d\udc33  docker pull image=crawlergpt:latest platform= username= forcePull=false\n[App testing/Run Unit Tests]   \ud83d\udc33  docker pull image=crawlergpt:latest platform= username= forcePull=false\n[App testing/Run Unit Tests]   \ud83d\udc33  docker create image=crawlergpt:latest platform= entrypoint=[\"tail\" \"-f\" \"/dev/null\"] cmd=[]\n[App testing/Generate APK  ]   \ud83d\udc33  docker create image=crawlergpt:latest platform= entrypoint=[\"tail\" \"-f\" \"/dev/null\"] cmd=[]\n[App testing/Run Unit Tests]   \ud83d\udc33  docker run image=crawlergpt:latest platform= entrypoint=[\"tail\" \"-f\" \"/dev/null\"] cmd=[]\n[App testing/Generate APK  ]   \ud83d\udc33  docker run image=crawlergpt:latest platform= entrypoint=[\"tail\" \"-f\" \"/dev/null\"] cmd=[]\n[App testing/Generate APK  ]   \ud83d\udc33  docker exec cmd=[chown -R 1012:1000 /tmp/bc275e72-fd77-11ed-a890-af2cc187fc11/Neamar-KISS] user=0 workdir=\n[App testing/Generate APK  ]   \u2601  git clone 'https://github.com/actions/setup-java' # ref=v1\n[App testing/Generate APK  ] Non-terminating error while running 'git clone': some refs were not updated\n[App testing/Generate APK  ]   \u2601  git clone 'https://github.com/actions/upload-artifact' # ref=v1\n[App testing/Run Unit Tests]   \ud83d\udc33  docker exec cmd=[chown -R 1012:1000 /tmp/bc275e72-fd77-11ed-a890-af2cc187fc11/Neamar-KISS] user=0 workdir=\n[App testing/Generate APK  ]   \u2601  git clone 'https://github.com/actions/upload-artifact' # ref=v1\n[App testing/Generate APK  ] \u2b50 Run Main actions/checkout@v2\n[App testing/Run Unit Tests]   \u2601  git clone 'https://github.com/actions/setup-java' # ref=v1\n[App testing/Generate APK  ]   \u2705  Success - Main actions/checkout@v2\n[App testing/Run Unit Tests] Non-terminating error while running 'git clone': some refs were not updated\n[App testing/Run Unit Tests] \u2b50 Run Main actions/checkout@v2\n[App testing/Run Unit Tests]   \u2705  Success - Main actions/checkout@v2\n[App testing/Generate APK  ] \u2b50 Run Main set up Java 11\n[App testing/Generate APK  ]   \ud83d\udc33  docker cp src=/home/andre-silva/.cache/act/actions-setup-java@v1/ dst=/var/run/act/actions/actions-setup-java@v1/\n[App testing/Run Unit Tests] \u2b50 Run Main set up Java 11\n[App testing/Generate APK  ]   \ud83d\udc33  docker exec cmd=[chown -R 1012:1000 /var/run/act/actions/actions-setup-java@v1/] user=0 workdir=\n[App testing/Generate APK  ]   \ud83d\udc33  docker exec cmd=[node /var/run/act/actions/actions-setup-java@v1/dist/setup/index.js] user= workdir=\n[App testing/Run Unit Tests]   \ud83d\udc33  docker cp src=/home/andre-silva/.cache/act/actions-setup-java@v1/ dst=/var/run/act/actions/actions-setup-java@v1/\n[App testing/Generate APK  ]   \ud83d\udcac  ::debug::isExplicit: \n[App testing/Generate APK  ]   \ud83d\udcac  ::debug::explicit? false\n[App testing/Generate APK  ]   \ud83d\udcac  ::debug::evaluating 0 versions\n[App testing/Generate APK  ]   \ud83d\udcac  ::debug::match not found\n[App testing/Generate APK  ]   \ud83d\udcac  ::debug::Downloading JDK from Azul\n[App testing/Run Unit Tests]   \ud83d\udc33  docker exec cmd=[chown -R 1012:1000 /var/run/act/actions/actions-setup-java@v1/] user=0 workdir=\n[App testing/Generate APK  ]   \ud83d\udcac  ::debug::Searching for files with extension: -linux_x64.tar.gz\n[App testing/Generate APK  ]   \ud83d\udcac  ::debug::Downloading https://static.azul.com/zulu/bin/zulu11.64.19-ca-jdk11.0.19-linux_x64.tar.gz\n[App testing/Generate APK  ]   \ud83d\udcac  ::debug::Downloading /tmp/adae0a21-94e7-4c7c-a5d0-da58fc5e8ee7\n[App testing/Run Unit Tests]   \ud83d\udc33  docker exec cmd=[node /var/run/act/actions/actions-setup-java@v1/dist/setup/index.js] user= workdir=\n[App testing/Run Unit Tests]   \ud83d\udcac  ::debug::isExplicit: \n[App testing/Run Unit Tests]   \ud83d\udcac  ::debug::explicit? false\n[App testing/Run Unit Tests]   \ud83d\udcac  ::debug::evaluating 0 versions\n[App testing/Run Unit Tests]   \ud83d\udcac  ::debug::match not found\n[App testing/Run Unit Tests]   \ud83d\udcac  ::debug::Downloading JDK from Azul\n[App testing/Run Unit Tests]   \ud83d\udcac  ::debug::Searching for files with extension: -linux_x64.tar.gz\n[App testing/Run Unit Tests]   \ud83d\udcac  ::debug::Downloading https://static.azul.com/zulu/bin/zulu11.64.19-ca-jdk11.0.19-linux_x64.tar.gz\n[App testing/Run Unit Tests]   \ud83d\udcac  ::debug::Downloading /tmp/268f9888-55a5-4f65-81c7-340d8085ac44\n[App testing/Generate APK  ]   \ud83d\udcac  ::debug::download complete\n[App testing/Generate APK  ]   | [command]/usr/bin/tar --version\n[App testing/Generate APK  ]   | tar (GNU tar) 1.30\n[App testing/Generate APK  ]   | Copyright (C) 2017 Free Software Foundation, Inc.\n[App testing/Generate APK  ]   | License GPLv3+: GNU GPL version 3 or later <https://gnu.org/licenses/gpl.html>.\n[App testing/Generate APK  ]   | This is free software: you are free to change and redistribute it.\n[App testing/Generate APK  ]   | There is NO WARRANTY, to the extent permitted by law.\n[App testing/Generate APK  ]   | \n[App testing/Generate APK  ]   | Written by John Gilmore and Jay Fenlason.\n[App testing/Generate APK  ]   | [command]/usr/bin/tar xz --warning=no-unknown-keyword -C /tmp/temp_1266546287 -f /tmp/adae0a21-94e7-4c7c-a5d0-da58fc5e8ee7\n[App testing/Run Unit Tests]   \ud83d\udcac  ::debug::download complete\n[App testing/Run Unit Tests]   | [command]/usr/bin/tar --version\n[App testing/Run Unit Tests]   | tar (GNU tar) 1.30\n[App testing/Run Unit Tests]   | Copyright (C) 2017 Free Software Foundation, Inc.\n[App testing/Run Unit Tests]   | License GPLv3+: GNU GPL version 3 or later <https://gnu.org/licenses/gpl.html>.\n[App testing/Run Unit Tests]   | This is free software: you are free to change and redistribute it.\n[App testing/Run Unit Tests]   | There is NO WARRANTY, to the extent permitted by law.\n[App testing/Run Unit Tests]   | \n[App testing/Run Unit Tests]   | Written by John Gilmore and Jay Fenlason.\n[App testing/Run Unit Tests]   | [command]/usr/bin/tar xz --warning=no-unknown-keyword -C /tmp/temp_340708258 -f /tmp/268f9888-55a5-4f65-81c7-340d8085ac44\n[App testing/Run Unit Tests]   \ud83d\udcac  ::debug::jdk extracted to /tmp/temp_340708258/zulu11.64.19-ca-jdk11.0.19-linux_x64\n[App testing/Run Unit Tests]   \ud83d\udcac  ::debug::Caching tool jdk 11.0.19 x64\n[App testing/Run Unit Tests]   \ud83d\udcac  ::debug::source dir: /tmp/temp_340708258/zulu11.64.19-ca-jdk11.0.19-linux_x64\n[App testing/Run Unit Tests]   \ud83d\udcac  ::debug::destination /opt/hostedtoolcache/jdk/11.0.19/x64\n[App testing/Generate APK  ]   \ud83d\udcac  ::debug::jdk extracted to /tmp/temp_1266546287/zulu11.64.19-ca-jdk11.0.19-linux_x64\n[App testing/Generate APK  ]   \ud83d\udcac  ::debug::Caching tool jdk 11.0.19 x64\n[App testing/Generate APK  ]   \ud83d\udcac  ::debug::source dir: /tmp/temp_1266546287/zulu11.64.19-ca-jdk11.0.19-linux_x64\n[App testing/Generate APK  ]   \ud83d\udcac  ::debug::destination /opt/hostedtoolcache/jdk/11.0.19/x64\n[App testing/Run Unit Tests]   \ud83d\udcac  ::debug::finished caching tool\n[App testing/Run Unit Tests]   \u2753 add-matcher /run/act/actions/actions-setup-java@v1/.github/java.json\n[App testing/Run Unit Tests]   | creating settings.xml with server-id: github; environment variables: username=$GITHUB_ACTOR, password=$GITHUB_TOKEN, and gpg-passphrase=null\n[App testing/Run Unit Tests]   \ud83d\udcac  ::debug::created directory /home/runneradmin/.m2\n[App testing/Run Unit Tests]   | writing /home/runneradmin/.m2/settings.xml\n[App testing/Run Unit Tests]   \u2705  Success - Main set up Java 11\n[App testing/Run Unit Tests]   \u2699  ::set-env:: JAVA_HOME_11.0.19_x64=/opt/hostedtoolcache/jdk/11.0.19/x64\n[App testing/Run Unit Tests]   \u2699  ::set-env:: JAVA_HOME=/opt/hostedtoolcache/jdk/11.0.19/x64\n[App testing/Run Unit Tests]   \u2699  ::set-env:: JAVA_HOME_11_0_19_X64=/opt/hostedtoolcache/jdk/11.0.19/x64\n[App testing/Run Unit Tests]   \u2699  ::set-output:: path=/opt/hostedtoolcache/jdk/11.0.19/x64\n[App testing/Run Unit Tests]   \u2699  ::set-output:: version=11.0.19\n[App testing/Run Unit Tests]   \u2699  ::add-path:: /opt/hostedtoolcache/jdk/11.0.19/x64/bin\n[App testing/Run Unit Tests] \u2b50 Run Main Unit tests\n[App testing/Run Unit Tests]   \ud83d\udc33  docker exec cmd=[bash --noprofile --norc -e -o pipefail /var/run/act/workflow/2] user= workdir=\n[App testing/Generate APK  ]   \ud83d\udcac  ::debug::finished caching tool\n[App testing/Generate APK  ]   \u2753 add-matcher /run/act/actions/actions-setup-java@v1/.github/java.json\n[App testing/Generate APK  ]   | creating settings.xml with server-id: github; environment variables: username=$GITHUB_ACTOR, password=$GITHUB_TOKEN, and gpg-passphrase=null\n[App testing/Generate APK  ]   \ud83d\udcac  ::debug::created directory /home/runneradmin/.m2\n[App testing/Generate APK  ]   | writing /home/runneradmin/.m2/settings.xml\n[App testing/Generate APK  ]   \u2705  Success - Main set up Java 11\n[App testing/Generate APK  ]   \u2699  ::set-env:: JAVA_HOME_11.0.19_x64=/opt/hostedtoolcache/jdk/11.0.19/x64\n[App testing/Generate APK  ]   \u2699  ::set-env:: JAVA_HOME=/opt/hostedtoolcache/jdk/11.0.19/x64\n[App testing/Generate APK  ]   \u2699  ::set-env:: JAVA_HOME_11_0_19_X64=/opt/hostedtoolcache/jdk/11.0.19/x64\n[App testing/Generate APK  ]   \u2699  ::set-output:: version=11.0.19\n[App testing/Generate APK  ]   \u2699  ::set-output:: path=/opt/hostedtoolcache/jdk/11.0.19/x64\n[App testing/Generate APK  ]   \u2699  ::add-path:: /opt/hostedtoolcache/jdk/11.0.19/x64/bin\n[App testing/Generate APK  ] \u2b50 Run Main Build debug APK\n[App testing/Generate APK  ]   \ud83d\udc33  docker exec cmd=[bash --noprofile --norc -e -o pipefail /var/run/act/workflow/2] user= workdir=\n[App testing/Run Unit Tests]   | Downloading https://services.gradle.org/distributions/gradle-7.5-all.zip\n[App testing/Generate APK  ]   | Downloading https://services.gradle.org/distributions/gradle-7.5-all.zip\n[App testing/Generate APK  ]   | ..............................................................................................................................................................................................................................................................................................................................................................................................................................................................................................................................................................................................................................................................................................................................................................................................................................................................................................................................................................................................................................................................................................................................................................................................................................................................................................................................................................................................................................................................................................................................................................................................................................................................................................................................................................................................................................................................................................................................................................................................................................................................................................................................................................................................................................................................................................................................................................................................................................................................................................................................................................................................................................................................................................................................................................................................................................................................................................................................................................................................................................................................................................................................................................................................................................................................................................................................................................................................................................................................................................................................................................................................................................................................................................................................................................................................................................................................................................................................................................................................................................................................................................................................................................................................................................................................................................................................................................................................................................................................................................................................................................................................................................................................................................................................................................................................................................................................................................................................................................................................................................................................................................................................................................................................................................................................................................................................................................................................................................................................................................................................................................................................................................................................................................................................................................................................................................................................................................................................................................................................................................................................................................................................................................................................................................................................................................................................................................................................................................................................................................................................................................................................................................................................................................................................................................................................................................................................................................................................................................................................................................................................................................................................................................................................................................................................................................................................................................................................................................................................................................................................................................................................................................................................................................................................................................................................................................................................................................................................................................................................................................................................................................................................................................................................................................................................................................................................................................................................................................................................................................................................................................................................................................................\n[App testing/Generate APK  ]   | Unzipping /home/runneradmin/.gradle/wrapper/dists/gradle-7.5-all/6qsw290k5lz422uaf8jf6m7co/gradle-7.5-all.zip to /home/runneradmin/.gradle/wrapper/dists/gradle-7.5-all/6qsw290k5lz422uaf8jf6m7co\n[App testing/Run Unit Tests]   | ..............................................................................................................................................................................................................................................................................................................................................................................................................................................................................................................................................................................................................................................................................................................................................................................................................................................................................................................................................................................................................................................................................................................................................................................................................................................................................................................................................................................................................................................................................................................................................................................................................................................................................................................................................................................................................................................................................................................................................................................................................................................................................................................................................................................................................................................................................................................................................................................................................................................................................................................................................................................................................................................................................................................................................................................................................................................................................................................................................................................................................................................................................................................................................................................................................................................................................................................................................................................................................................................................................................................................................................................................................................................................................................................................................................................................................................................................................................................................................................................................................................................................................................................................................................................................................................................................................................................................................................................................................................................................................................................................................................................................................................................................................................................................................................................................................................................................................................................................................................................................................................................................................................................................................................................................................................................................................................................................................................................................................................................................................................................................................................................................................................................................................................................................................................................................................................................................................................................................................................................................................................................................................................................................................................................................................................................................................................................................................................................................................................................................................................................................................................................................................................................................................................................................................................................................................................................................................................................................................................................................................................................................................................................................................................................................................................................................................................................................................................................................................................................................................................................................................................................................................................................................................................................................................................................................................................................................................................................................................................................................................................................................................................................................................................................................................................................................................................................................................................................................................................................................................................................................................................................................................................................\n[App testing/Run Unit Tests]   | Unzipping /home/runneradmin/.gradle/wrapper/dists/gradle-7.5-all/6qsw290k5lz422uaf8jf6m7co/gradle-7.5-all.zip to /home/runneradmin/.gradle/wrapper/dists/gradle-7.5-all/6qsw290k5lz422uaf8jf6m7co\n[App testing/Generate APK  ]   | Set executable permissions for: /home/runneradmin/.gradle/wrapper/dists/gradle-7.5-all/6qsw290k5lz422uaf8jf6m7co/gradle-7.5/bin/gradle\n[App testing/Run Unit Tests]   | Set executable permissions for: /home/runneradmin/.gradle/wrapper/dists/gradle-7.5-all/6qsw290k5lz422uaf8jf6m7co/gradle-7.5/bin/gradle\n[App testing/Generate APK  ]   | \n[App testing/Generate APK  ]   | Welcome to Gradle 7.5!\n[App testing/Generate APK  ]   | \n[App testing/Generate APK  ]   | Here are the highlights of this release:\n[App testing/Generate APK  ]   |  - Support for Java 18\n[App testing/Generate APK  ]   |  - Support for building with Groovy 4\n[App testing/Generate APK  ]   |  - Much more responsive continuous builds\n[App testing/Generate APK  ]   |  - Improved diagnostics for dependency resolution\n[App testing/Generate APK  ]   | \n[App testing/Generate APK  ]   | For more details see https://docs.gradle.org/7.5/release-notes.html\n[App testing/Generate APK  ]   | \n[App testing/Generate APK  ]   | Starting a Gradle Daemon (subsequent builds will be faster)\n[App testing/Run Unit Tests]   | \n[App testing/Run Unit Tests]   | Welcome to Gradle 7.5!\n[App testing/Run Unit Tests]   | \n[App testing/Run Unit Tests]   | Here are the highlights of this release:\n[App testing/Run Unit Tests]   |  - Support for Java 18\n[App testing/Run Unit Tests]   |  - Support for building with Groovy 4\n[App testing/Run Unit Tests]   |  - Much more responsive continuous builds\n[App testing/Run Unit Tests]   |  - Improved diagnostics for dependency resolution\n[App testing/Run Unit Tests]   | \n[App testing/Run Unit Tests]   | For more details see https://docs.gradle.org/7.5/release-notes.html\n[App testing/Run Unit Tests]   | \n[App testing/Run Unit Tests]   | Starting a Gradle Daemon (subsequent builds will be faster)\n[App testing/Generate APK  ]   | Configuration cache is an incubating feature.\n[App testing/Run Unit Tests]   | Configuration cache is an incubating feature.\n[App testing/Run Unit Tests]   | Calculating task graph as no configuration cache is available for tasks: testDebugUnitTest\n[App testing/Run Unit Tests]   | \n[App testing/Run Unit Tests]   | 0 problems were found storing the configuration cache.\n[App testing/Run Unit Tests]   | \n[App testing/Run Unit Tests]   | See the complete report at file:///tmp/bc275e72-fd77-11ed-a890-af2cc187fc11/Neamar-KISS/build/reports/configuration-cache/c81aw2xwqles635oz9qo8dtog/3x44muwgkakw1xraxzrhzq6te/configuration-cache-report.html\n[App testing/Run Unit Tests]   | \n[App testing/Run Unit Tests]   | FAILURE: Build failed with an exception.\n[App testing/Run Unit Tests]   | \n[App testing/Run Unit Tests]   | * What went wrong:\n[App testing/Run Unit Tests]   | Could not determine the dependencies of task ':app:testDebugUnitTest'.\n[App testing/Run Unit Tests]   | > SDK location not found. Define a valid SDK location with an ANDROID_HOME environment variable or by setting the sdk.dir path in your project's local properties file at '/tmp/bc275e72-fd77-11ed-a890-af2cc187fc11/Neamar-KISS/local.properties'.\n[App testing/Run Unit Tests]   | \n[App testing/Run Unit Tests]   | * Try:\n[App testing/Run Unit Tests]   | > Run with --info or --debug option to get more log output.\n[App testing/Run Unit Tests]   | > Run with --scan to get full insights.\n[App testing/Run Unit Tests]   | \n[App testing/Run Unit Tests]   | * Exception is:\n[App testing/Run Unit Tests]   | org.gradle.api.internal.tasks.TaskDependencyResolveException: Could not determine the dependencies of task ':app:testDebugUnitTest'.\n[App testing/Run Unit Tests]   | \tat org.gradle.api.internal.tasks.CachingTaskDependencyResolveContext.getDependencies(CachingTaskDependencyResolveContext.java:68)\n[App testing/Run Unit Tests]   | \tat org.gradle.execution.plan.TaskDependencyResolver.resolveDependenciesFor(TaskDependencyResolver.java:49)\n[App testing/Run Unit Tests]   | \tat org.gradle.execution.plan.LocalTaskNode.getDependencies(LocalTaskNode.java:162)\n[App testing/Run Unit Tests]   | \tat org.gradle.execution.plan.LocalTaskNode.resolveDependencies(LocalTaskNode.java:136)\n[App testing/Run Unit Tests]   | \tat org.gradle.execution.plan.DefaultExecutionPlan.doAddNodes(DefaultExecutionPlan.java:208)\n[App testing/Run Unit Tests]   | \tat org.gradle.execution.plan.DefaultExecutionPlan.addEntryTasks(DefaultExecutionPlan.java:173)\n[App testing/Run Unit Tests]   | \tat org.gradle.execution.plan.DefaultExecutionPlan.addEntryTasks(DefaultExecutionPlan.java:158)\n[App testing/Run Unit Tests]   | \tat org.gradle.execution.TaskNameResolvingBuildConfigurationAction.configure(TaskNameResolvingBuildConfigurationAction.java:47)\n[App testing/Run Unit Tests]   | \tat org.gradle.execution.DefaultBuildConfigurationActionExecuter.configure(DefaultBuildConfigurationActionExecuter.java:49)\n[App testing/Run Unit Tests]   | \tat org.gradle.execution.DefaultBuildConfigurationActionExecuter.access$000(DefaultBuildConfigurationActionExecuter.java:25)\n[App testing/Run Unit Tests]   | \tat org.gradle.execution.DefaultBuildConfigurationActionExecuter$1.proceed(DefaultBuildConfigurationActionExecuter.java:62)\n[App testing/Run Unit Tests]   | \tat org.gradle.execution.DefaultTasksBuildExecutionAction.configure(DefaultTasksBuildExecutionAction.java:48)\n[App testing/Run Unit Tests]   | \tat org.gradle.execution.DefaultBuildConfigurationActionExecuter.configure(DefaultBuildConfigurationActionExecuter.java:49)\n[App testing/Run Unit Tests]   | \tat org.gradle.execution.DefaultBuildConfigurationActionExecuter.lambda$select$0(DefaultBuildConfigurationActionExecuter.java:36)\n[App testing/Run Unit Tests]   | \tat org.gradle.internal.Factories$1.create(Factories.java:31)\n[App testing/Run Unit Tests]   | \tat org.gradle.internal.work.DefaultWorkerLeaseService.withReplacedLocks(DefaultWorkerLeaseService.java:345)\n[App testing/Run Unit Tests]   | \tat org.gradle.api.internal.project.DefaultProjectStateRegistry$DefaultBuildProjectRegistry.withMutableStateOfAllProjects(DefaultProjectStateRegistry.java:197)\n[App testing/Run Unit Tests]   | \tat org.gradle.api.internal.project.DefaultProjectStateRegistry$DefaultBuildProjectRegistry.withMutableStateOfAllProjects(DefaultProjectStateRegistry.java:190)\n[App testing/Run Unit Tests]   | \tat org.gradle.execution.DefaultBuildConfigurationActionExecuter.select(DefaultBuildConfigurationActionExecuter.java:35)\n[App testing/Run Unit Tests]   | \tat org.gradle.initialization.DefaultTaskExecutionPreparer.prepareForTaskExecution(DefaultTaskExecutionPreparer.java:42)\n[App testing/Run Unit Tests]   | \tat org.gradle.initialization.VintageBuildModelController.lambda$scheduleRequestedTasks$1(VintageBuildModelController.java:81)\n[App testing/Run Unit Tests]   | \tat org.gradle.internal.model.StateTransitionController.lambda$inState$1(StateTransitionController.java:110)\n[App testing/Run Unit Tests]   | \tat org.gradle.internal.model.StateTransitionController.lambda$inState$2(StateTransitionController.java:125)\n[App testing/Run Unit Tests]   | \tat org.gradle.internal.work.DefaultSynchronizer.withLock(DefaultSynchronizer.java:44)\n[App testing/Run Unit Tests]   | \tat org.gradle.internal.model.StateTransitionController.inState(StateTransitionController.java:121)\n[App testing/Run Unit Tests]   | \tat org.gradle.internal.model.StateTransitionController.inState(StateTransitionController.java:109)\n[App testing/Run Unit Tests]   | \tat org.gradle.initialization.VintageBuildModelController.scheduleRequestedTasks(VintageBuildModelController.java:81)\n[App testing/Run Unit Tests]   | \tat org.gradle.configurationcache.ConfigurationCacheAwareBuildModelController.scheduleRequestedTasks(ConfigurationCacheAwareBuildModelController.kt:60)\n[App testing/Run Unit Tests]   | \tat org.gradle.internal.build.DefaultBuildLifecycleController$DefaultWorkGraphBuilder.addRequestedTasks(DefaultBuildLifecycleController.java:242)\n[App testing/Run Unit Tests]   | \tat org.gradle.internal.build.DefaultBuildLifecycleController.lambda$populateWorkGraph$4(DefaultBuildLifecycleController.java:143)\n[App testing/Run Unit Tests]   | \tat org.gradle.internal.build.DefaultBuildWorkPreparer.populateWorkGraph(DefaultBuildWorkPreparer.java:41)\n[App testing/Run Unit Tests]   | \tat org.gradle.internal.build.BuildOperationFiringBuildWorkPreparer$PopulateWorkGraph.populateTaskGraph(BuildOperationFiringBuildWorkPreparer.java:138)\n[App testing/Run Unit Tests]   | \tat org.gradle.internal.build.BuildOperationFiringBuildWorkPreparer$PopulateWorkGraph.run(BuildOperationFiringBuildWorkPreparer.java:89)\n[App testing/Run Unit Tests]   | \tat org.gradle.internal.operations.DefaultBuildOperationRunner$1.execute(DefaultBuildOperationRunner.java:29)\n[App testing/Run Unit Tests]   | \tat org.gradle.internal.operations.DefaultBuildOperationRunner$1.execute(DefaultBuildOperationRunner.java:26)\n[App testing/Run Unit Tests]   | \tat org.gradle.internal.operations.DefaultBuildOperationRunner$2.execute(DefaultBuildOperationRunner.java:66)\n[App testing/Run Unit Tests]   | \tat org.gradle.internal.operations.DefaultBuildOperationRunner$2.execute(DefaultBuildOperationRunner.java:59)\n[App testing/Run Unit Tests]   | \tat org.gradle.internal.operations.DefaultBuildOperationRunner.execute(DefaultBuildOperationRunner.java:157)\n[App testing/Run Unit Tests]   | \tat org.gradle.internal.operations.DefaultBuildOperationRunner.execute(DefaultBuildOperationRunner.java:59)\n[App testing/Run Unit Tests]   | \tat org.gradle.internal.operations.DefaultBuildOperationRunner.run(DefaultBuildOperationRunner.java:47)\n[App testing/Run Unit Tests]   | \tat org.gradle.internal.operations.DefaultBuildOperationExecutor.run(DefaultBuildOperationExecutor.java:68)\n[App testing/Run Unit Tests]   | \tat org.gradle.internal.build.BuildOperationFiringBuildWorkPreparer.populateWorkGraph(BuildOperationFiringBuildWorkPreparer.java:66)\n[App testing/Run Unit Tests]   | \tat org.gradle.internal.build.DefaultBuildLifecycleController.lambda$populateWorkGraph$5(DefaultBuildLifecycleController.java:143)\n[App testing/Run Unit Tests]   | \tat org.gradle.internal.model.StateTransitionController.lambda$inState$1(StateTransitionController.java:110)\n[App testing/Run Unit Tests]   | \tat org.gradle.internal.model.StateTransitionController.lambda$inState$2(StateTransitionController.java:125)\n[App testing/Run Unit Tests]   | \tat org.gradle.internal.work.DefaultSynchronizer.withLock(DefaultSynchronizer.java:44)\n[App testing/Run Unit Tests]   | \tat org.gradle.internal.model.StateTransitionController.inState(StateTransitionController.java:121)\n[App testing/Run Unit Tests]   | \tat org.gradle.internal.model.StateTransitionController.inState(StateTransitionController.java:109)\n[App testing/Run Unit Tests]   | \tat org.gradle.internal.build.DefaultBuildLifecycleController.populateWorkGraph(DefaultBuildLifecycleController.java:143)\n[App testing/Run Unit Tests]   | \tat org.gradle.internal.build.DefaultBuildWorkGraphController$DefaultBuildWorkGraph.populateWorkGraph(DefaultBuildWorkGraphController.java:126)\n[App testing/Run Unit Tests]   | \tat org.gradle.composite.internal.DefaultBuildController.populateWorkGraph(DefaultBuildController.java:71)\n[App testing/Run Unit Tests]   | \tat org.gradle.composite.internal.DefaultIncludedBuildTaskGraph$DefaultBuildTreeWorkGraphBuilder.withWorkGraph(DefaultIncludedBuildTaskGraph.java:142)\n[App testing/Run Unit Tests]   | \tat org.gradle.internal.buildtree.DefaultBuildTreeWorkPreparer.lambda$scheduleRequestedTasks$0(DefaultBuildTreeWorkPreparer.java:34)\n[App testing/Run Unit Tests]   | \tat org.gradle.composite.internal.DefaultIncludedBuildTaskGraph$DefaultBuildTreeWorkGraph$1.run(DefaultIncludedBuildTaskGraph.java:170)\n[App testing/Run Unit Tests]   | \tat org.gradle.internal.operations.DefaultBuildOperationRunner$1.execute(DefaultBuildOperationRunner.java:29)\n[App testing/Run Unit Tests]   | \tat org.gradle.internal.operations.DefaultBuildOperationRunner$1.execute(DefaultBuildOperationRunner.java:26)\n[App testing/Run Unit Tests]   | \tat org.gradle.internal.operations.DefaultBuildOperationRunner$2.execute(DefaultBuildOperationRunner.java:66)\n[App testing/Run Unit Tests]   | \tat org.gradle.internal.operations.DefaultBuildOperationRunner$2.execute(DefaultBuildOperationRunner.java:59)\n[App testing/Run Unit Tests]   | \tat org.gradle.internal.operations.DefaultBuildOperationRunner.execute(DefaultBuildOperationRunner.java:157)\n[App testing/Run Unit Tests]   | \tat org.gradle.internal.operations.DefaultBuildOperationRunner.execute(DefaultBuildOperationRunner.java:59)\n[App testing/Run Unit Tests]   | \tat org.gradle.internal.operations.DefaultBuildOperationRunner.run(DefaultBuildOperationRunner.java:47)\n[App testing/Run Unit Tests]   | \tat org.gradle.internal.operations.DefaultBuildOperationExecutor.run(DefaultBuildOperationExecutor.java:68)\n[App testing/Run Unit Tests]   | \tat org.gradle.composite.internal.DefaultIncludedBuildTaskGraph$DefaultBuildTreeWorkGraph.scheduleWork(DefaultIncludedBuildTaskGraph.java:167)\n[App testing/Run Unit Tests]   | \tat org.gradle.internal.buildtree.DefaultBuildTreeWorkPreparer.scheduleRequestedTasks(DefaultBuildTreeWorkPreparer.java:34)\n[App testing/Run Unit Tests]   | \tat org.gradle.configurationcache.ConfigurationCacheAwareBuildTreeWorkPreparer$scheduleRequestedTasks$1.invoke(ConfigurationCacheAwareBuildTreeWorkPreparer.kt:29)\n[App testing/Run Unit Tests]   | \tat org.gradle.configurationcache.ConfigurationCacheAwareBuildTreeWorkPreparer$scheduleRequestedTasks$1.invoke(ConfigurationCacheAwareBuildTreeWorkPreparer.kt:28)\n[App testing/Run Unit Tests]   | \tat org.gradle.configurationcache.DefaultConfigurationCache$loadOrScheduleRequestedTasks$1.invoke(DefaultConfigurationCache.kt:133)\n[App testing/Run Unit Tests]   | \tat org.gradle.configurationcache.DefaultConfigurationCache$loadOrScheduleRequestedTasks$1.invoke(DefaultConfigurationCache.kt:132)\n[App testing/Run Unit Tests]   | \tat org.gradle.configurationcache.DefaultConfigurationCache.runWorkThatContributesToCacheEntry(DefaultConfigurationCache.kt:276)\n[App testing/Run Unit Tests]   | \tat org.gradle.configurationcache.DefaultConfigurationCache.loadOrScheduleRequestedTasks(DefaultConfigurationCache.kt:132)\n[App testing/Run Unit Tests]   | \tat org.gradle.configurationcache.ConfigurationCacheAwareBuildTreeWorkPreparer.scheduleRequestedTasks(ConfigurationCacheAwareBuildTreeWorkPreparer.kt:28)\n[App testing/Run Unit Tests]   | \tat org.gradle.internal.buildtree.DefaultBuildTreeLifecycleController.lambda$doScheduleAndRunTasks$2(DefaultBuildTreeLifecycleController.java:89)\n[App testing/Run Unit Tests]   | \tat org.gradle.composite.internal.DefaultIncludedBuildTaskGraph.withNewWorkGraph(DefaultIncludedBuildTaskGraph.java:101)\n[App testing/Run Unit Tests]   | \tat org.gradle.internal.buildtree.DefaultBuildTreeLifecycleController.doScheduleAndRunTasks(DefaultBuildTreeLifecycleController.java:88)\n[App testing/Run Unit Tests]   | \tat org.gradle.internal.buildtree.DefaultBuildTreeLifecycleController.lambda$runBuild$4(DefaultBuildTreeLifecycleController.java:106)\n[App testing/Run Unit Tests]   | \tat org.gradle.internal.model.StateTransitionController.lambda$transition$5(StateTransitionController.java:166)\n[App testing/Run Unit Tests]   | \tat org.gradle.internal.model.StateTransitionController.doTransition(StateTransitionController.java:247)\n[App testing/Run Unit Tests]   | \tat org.gradle.internal.model.StateTransitionController.lambda$transition$6(StateTransitionController.java:166)\n[App testing/Run Unit Tests]   | \tat org.gradle.internal.work.DefaultSynchronizer.withLock(DefaultSynchronizer.java:44)\n[App testing/Run Unit Tests]   | \tat org.gradle.internal.model.StateTransitionController.transition(StateTransitionController.java:166)\n[App testing/Run Unit Tests]   | \tat org.gradle.internal.buildtree.DefaultBuildTreeLifecycleController.runBuild(DefaultBuildTreeLifecycleController.java:103)\n[App testing/Run Unit Tests]   | \tat org.gradle.internal.buildtree.DefaultBuildTreeLifecycleController.scheduleAndRunTasks(DefaultBuildTreeLifecycleController.java:69)\n[App testing/Run Unit Tests]   | \tat org.gradle.tooling.internal.provider.ExecuteBuildActionRunner.run(ExecuteBuildActionRunner.java:31)\n[App testing/Run Unit Tests]   | \tat org.gradle.launcher.exec.ChainingBuildActionRunner.run(ChainingBuildActionRunner.java:35)\n[App testing/Run Unit Tests]   | \tat org.gradle.internal.buildtree.ProblemReportingBuildActionRunner.run(ProblemReportingBuildActionRunner.java:49)\n[App testing/Run Unit Tests]   | \tat org.gradle.launcher.exec.BuildOutcomeReportingBuildActionRunner.run(BuildOutcomeReportingBuildActionRunner.java:65)\n[App testing/Run Unit Tests]   | \tat org.gradle.tooling.internal.provider.FileSystemWatchingBuildActionRunner.run(FileSystemWatchingBuildActionRunner.java:136)\n[App testing/Run Unit Tests]   | \tat org.gradle.launcher.exec.BuildCompletionNotifyingBuildActionRunner.run(BuildCompletionNotifyingBuildActionRunner.java:41)\n[App testing/Run Unit Tests]   | \tat org.gradle.launcher.exec.RootBuildLifecycleBuildActionExecutor.lambda$execute$0(RootBuildLifecycleBuildActionExecutor.java:40)\n[App testing/Run Unit Tests]   | \tat org.gradle.composite.internal.DefaultRootBuildState.run(DefaultRootBuildState.java:122)\n[App testing/Run Unit Tests]   | \tat org.gradle.launcher.exec.RootBuildLifecycleBuildActionExecutor.execute(RootBuildLifecycleBuildActionExecutor.java:40)\n[App testing/Run Unit Tests]   | \tat org.gradle.internal.buildtree.DefaultBuildTreeContext.execute(DefaultBuildTreeContext.java:40)\n[App testing/Run Unit Tests]   | \tat org.gradle.launcher.exec.BuildTreeLifecycleBuildActionExecutor.lambda$execute$0(BuildTreeLifecycleBuildActionExecutor.java:65)\n[App testing/Run Unit Tests]   | \tat org.gradle.internal.buildtree.BuildTreeState.run(BuildTreeState.java:53)\n[App testing/Run Unit Tests]   | \tat org.gradle.launcher.exec.BuildTreeLifecycleBuildActionExecutor.execute(BuildTreeLifecycleBuildActionExecutor.java:65)\n[App testing/Run Unit Tests]   | \tat org.gradle.launcher.exec.RunAsBuildOperationBuildActionExecutor$3.call(RunAsBuildOperationBuildActionExecutor.java:61)\n[App testing/Run Unit Tests]   | \tat org.gradle.launcher.exec.RunAsBuildOperationBuildActionExecutor$3.call(RunAsBuildOperationBuildActionExecutor.java:57)\n[App testing/Run Unit Tests]   | \tat org.gradle.internal.operations.DefaultBuildOperationRunner$CallableBuildOperationWorker.execute(DefaultBuildOperationRunner.java:204)\n[App testing/Run Unit Tests]   | \tat org.gradle.internal.operations.DefaultBuildOperationRunner$CallableBuildOperationWorker.execute(DefaultBuildOperationRunner.java:199)\n[App testing/Run Unit Tests]   | \tat org.gradle.internal.operations.DefaultBuildOperationRunner$2.execute(DefaultBuildOperationRunner.java:66)\n[App testing/Run Unit Tests]   | \tat org.gradle.internal.operations.DefaultBuildOperationRunner$2.execute(DefaultBuildOperationRunner.java:59)\n[App testing/Run Unit Tests]   | \tat org.gradle.internal.operations.DefaultBuildOperationRunner.execute(DefaultBuildOperationRunner.java:157)\n[App testing/Run Unit Tests]   | \tat org.gradle.internal.operations.DefaultBuildOperationRunner.execute(DefaultBuildOperationRunner.java:59)\n[App testing/Run Unit Tests]   | \tat org.gradle.internal.operations.DefaultBuildOperationRunner.call(DefaultBuildOperationRunner.java:53)\n[App testing/Run Unit Tests]   | \tat org.gradle.internal.operations.DefaultBuildOperationExecutor.call(DefaultBuildOperationExecutor.java:73)\n[App testing/Run Unit Tests]   | \tat org.gradle.launcher.exec.RunAsBuildOperationBuildActionExecutor.execute(RunAsBuildOperationBuildActionExecutor.java:57)\n[App testing/Run Unit Tests]   | \tat org.gradle.launcher.exec.RunAsWorkerThreadBuildActionExecutor.lambda$execute$0(RunAsWorkerThreadBuildActionExecutor.java:36)\n[App testing/Run Unit Tests]   | \tat org.gradle.internal.work.DefaultWorkerLeaseService.withLocks(DefaultWorkerLeaseService.java:249)\n[App testing/Run Unit Tests]   | \tat org.gradle.internal.work.DefaultWorkerLeaseService.runAsWorkerThread(DefaultWorkerLeaseService.java:109)\n[App testing/Run Unit Tests]   | \tat org.gradle.launcher.exec.RunAsWorkerThreadBuildActionExecutor.execute(RunAsWorkerThreadBuildActionExecutor.java:36)\n[App testing/Run Unit Tests]   | \tat org.gradle.tooling.internal.provider.continuous.ContinuousBuildActionExecutor.execute(ContinuousBuildActionExecutor.java:110)\n[App testing/Run Unit Tests]   | \tat org.gradle.tooling.internal.provider.SubscribableBuildActionExecutor.execute(SubscribableBuildActionExecutor.java:64)\n[App testing/Run Unit Tests]   | \tat org.gradle.internal.session.DefaultBuildSessionContext.execute(DefaultBuildSessionContext.java:46)\n[App testing/Run Unit Tests]   | \tat org.gradle.tooling.internal.provider.BuildSessionLifecycleBuildActionExecuter$ActionImpl.apply(BuildSessionLifecycleBuildActionExecuter.java:100)\n[App testing/Run Unit Tests]   | \tat org.gradle.tooling.internal.provider.BuildSessionLifecycleBuildActionExecuter$ActionImpl.apply(BuildSessionLifecycleBuildActionExecuter.java:88)\n[App testing/Run Unit Tests]   | \tat org.gradle.internal.session.BuildSessionState.run(BuildSessionState.java:69)\n[App testing/Run Unit Tests]   | \tat org.gradle.tooling.internal.provider.BuildSessionLifecycleBuildActionExecuter.execute(BuildSessionLifecycleBuildActionExecuter.java:62)\n[App testing/Run Unit Tests]   | \tat org.gradle.tooling.internal.provider.BuildSessionLifecycleBuildActionExecuter.execute(BuildSessionLifecycleBuildActionExecuter.java:41)\n[App testing/Run Unit Tests]   | \tat org.gradle.tooling.internal.provider.StartParamsValidatingActionExecuter.execute(StartParamsValidatingActionExecuter.java:63)\n[App testing/Run Unit Tests]   | \tat org.gradle.tooling.internal.provider.StartParamsValidatingActionExecuter.execute(StartParamsValidatingActionExecuter.java:31)\n[App testing/Run Unit Tests]   | \tat org.gradle.tooling.internal.provider.SessionFailureReportingActionExecuter.execute(SessionFailureReportingActionExecuter.java:52)\n[App testing/Run Unit Tests]   | \tat org.gradle.tooling.internal.provider.SessionFailureReportingActionExecuter.execute(SessionFailureReportingActionExecuter.java:40)\n[App testing/Run Unit Tests]   | \tat org.gradle.tooling.internal.provider.SetupLoggingActionExecuter.execute(SetupLoggingActionExecuter.java:47)\n[App testing/Run Unit Tests]   | \tat org.gradle.tooling.internal.provider.SetupLoggingActionExecuter.execute(SetupLoggingActionExecuter.java:31)\n[App testing/Run Unit Tests]   | \tat org.gradle.launcher.daemon.server.exec.ExecuteBuild.doBuild(ExecuteBuild.java:65)\n[App testing/Run Unit Tests]   | \tat org.gradle.launcher.daemon.server.exec.BuildCommandOnly.execute(BuildCommandOnly.java:37)\n[App testing/Run Unit Tests]   | \tat org.gradle.launcher.daemon.server.api.DaemonCommandExecution.proceed(DaemonCommandExecution.java:104)\n[App testing/Run Unit Tests]   | \tat org.gradle.launcher.daemon.server.exec.WatchForDisconnection.execute(WatchForDisconnection.java:39)\n[App testing/Run Unit Tests]   | \tat org.gradle.launcher.daemon.server.api.DaemonCommandExecution.proceed(DaemonCommandExecution.java:104)\n[App testing/Run Unit Tests]   | \tat org.gradle.launcher.daemon.server.exec.ResetDeprecationLogger.execute(ResetDeprecationLogger.java:29)\n[App testing/Run Unit Tests]   | \tat org.gradle.launcher.daemon.server.api.DaemonCommandExecution.proceed(DaemonCommandExecution.java:104)\n[App testing/Run Unit Tests]   | \tat org.gradle.launcher.daemon.server.exec.RequestStopIfSingleUsedDaemon.execute(RequestStopIfSingleUsedDaemon.java:35)\n[App testing/Run Unit Tests]   | \tat org.gradle.launcher.daemon.server.api.DaemonCommandExecution.proceed(DaemonCommandExecution.java:104)\n[App testing/Run Unit Tests]   | \tat org.gradle.launcher.daemon.server.exec.ForwardClientInput$2.create(ForwardClientInput.java:78)\n[App testing/Run Unit Tests]   | \tat org.gradle.launcher.daemon.server.exec.ForwardClientInput$2.create(ForwardClientInput.java:75)\n[App testing/Run Unit Tests]   | \tat org.gradle.util.internal.Swapper.swap(Swapper.java:38)\n[App testing/Run Unit Tests]   | \tat org.gradle.launcher.daemon.server.exec.ForwardClientInput.execute(ForwardClientInput.java:75)\n[App testing/Run Unit Tests]   | \tat org.gradle.launcher.daemon.server.api.DaemonCommandExecution.proceed(DaemonCommandExecution.java:104)\n[App testing/Run Unit Tests]   | \tat org.gradle.launcher.daemon.server.exec.LogAndCheckHealth.execute(LogAndCheckHealth.java:55)\n[App testing/Run Unit Tests]   | \tat org.gradle.launcher.daemon.server.api.DaemonCommandExecution.proceed(DaemonCommandExecution.java:104)\n[App testing/Run Unit Tests]   | \tat org.gradle.launcher.daemon.server.exec.LogToClient.doBuild(LogToClient.java:63)\n[App testing/Run Unit Tests]   | \tat org.gradle.launcher.daemon.server.exec.BuildCommandOnly.execute(BuildCommandOnly.java:37)\n[App testing/Run Unit Tests]   | \tat org.gradle.launcher.daemon.server.api.DaemonCommandExecution.proceed(DaemonCommandExecution.java:104)\n[App testing/Run Unit Tests]   | \tat org.gradle.launcher.daemon.server.exec.EstablishBuildEnvironment.doBuild(EstablishBuildEnvironment.java:84)\n[App testing/Run Unit Tests]   | \tat org.gradle.launcher.daemon.server.exec.BuildCommandOnly.execute(BuildCommandOnly.java:37)\n[App testing/Run Unit Tests]   | \tat org.gradle.launcher.daemon.server.api.DaemonCommandExecution.proceed(DaemonCommandExecution.java:104)\n[App testing/Run Unit Tests]   | \tat org.gradle.launcher.daemon.server.exec.StartBuildOrRespondWithBusy$1.run(StartBuildOrRespondWithBusy.java:52)\n[App testing/Run Unit Tests]   | \tat org.gradle.launcher.daemon.server.DaemonStateCoordinator$1.run(DaemonStateCoordinator.java:297)\n[App testing/Run Unit Tests]   | \tat org.gradle.internal.concurrent.ExecutorPolicy$CatchAndRecordFailures.onExecute(ExecutorPolicy.java:64)\n[App testing/Run Unit Tests]   | \tat org.gradle.internal.concurrent.ManagedExecutorImpl$1.run(ManagedExecutorImpl.java:48)\n[App testing/Run Unit Tests]   | Caused by: com.android.builder.errors.EvalIssueException: SDK location not found. Define a valid SDK location with an ANDROID_HOME environment variable or by setting the sdk.dir path in your project's local properties file at '/tmp/bc275e72-fd77-11ed-a890-af2cc187fc11/Neamar-KISS/local.properties'.\n[App testing/Run Unit Tests]   | \tat com.android.builder.errors.IssueReporter.reportError(IssueReporter.kt:112)\n[App testing/Run Unit Tests]   | \tat com.android.builder.errors.IssueReporter.reportError$default(IssueReporter.kt:108)\n[App testing/Run Unit Tests]   | \tat com.android.build.gradle.internal.SdkLocator.getSdkLocation(SdkLocator.kt:239)\n[App testing/Run Unit Tests]   | \tat com.android.build.gradle.internal.SdkDirectLoadingStrategy.loadSdkComponents(SdkDirectLoadingStrategy.kt:97)\n[App testing/Run Unit Tests]   | \tat com.android.build.gradle.internal.SdkDirectLoadingStrategy.init(SdkDirectLoadingStrategy.kt:92)\n[App testing/Run Unit Tests]   | \tat com.android.build.gradle.internal.SdkDirectLoadingStrategy.access$init(SdkDirectLoadingStrategy.kt:46)\n[App testing/Run Unit Tests]   | \tat com.android.build.gradle.internal.SdkDirectLoadingStrategy$components$2.invoke(SdkDirectLoadingStrategy.kt:71)\n[App testing/Run Unit Tests]   | \tat com.android.build.gradle.internal.SdkDirectLoadingStrategy$components$2.invoke(SdkDirectLoadingStrategy.kt:70)\n[App testing/Run Unit Tests]   | \tat kotlin.SynchronizedLazyImpl.getValue(LazyJVM.kt:74)\n[App testing/Run Unit Tests]   | \tat com.android.build.gradle.internal.SdkDirectLoadingStrategy.getComponents(SdkDirectLoadingStrategy.kt:70)\n[App testing/Run Unit Tests]   | \tat com.android.build.gradle.internal.SdkDirectLoadingStrategy.loadedSuccessfully(SdkDirectLoadingStrategy.kt:178)\n[App testing/Run Unit Tests]   | \tat com.android.build.gradle.internal.SdkLoadingStrategy.getAndroidJar(SdkLoadingStrategy.kt:30)\n[App testing/Run Unit Tests]   | \tat com.android.build.gradle.internal.SdkComponentsBuildService$VersionedSdkLoader$androidJarProvider$1.call(SdkComponents.kt:224)\n[App testing/Run Unit Tests]   | \tat com.android.build.gradle.internal.SdkComponentsBuildService$VersionedSdkLoader$androidJarProvider$1.call(SdkComponents.kt:223)\n[App testing/Run Unit Tests]   | \tat org.gradle.api.internal.provider.DefaultProvider.calculateOwnValue(DefaultProvider.java:72)\n[App testing/Run Unit Tests]   | \tat org.gradle.api.internal.provider.AbstractMinimalProvider.calculateValue(AbstractMinimalProvider.java:102)\n[App testing/Run Unit Tests]   | \tat org.gradle.api.internal.provider.FlatMapProvider.calculateOwnValue(FlatMapProvider.java:50)\n[App testing/Run Unit Tests]   | \tat org.gradle.api.internal.provider.AbstractMinimalProvider.getOrNull(AbstractMinimalProvider.java:92)\n[App testing/Run Unit Tests]   | \tat com.android.build.gradle.internal.TaskManager$createMockableJarTask$1.call(TaskManager.kt:810)\n[App testing/Run Unit Tests]   | \tat com.android.build.gradle.internal.TaskManager$createMockableJarTask$1.call(TaskManager.kt:806)\n[App testing/Run Unit Tests]   | \tat org.gradle.util.internal.GUtil.uncheckedCall(GUtil.java:455)\n[App testing/Run Unit Tests]   | \tat org.gradle.util.internal.DeferredUtil.unpackNestableDeferred(DeferredUtil.java:83)\n[App testing/Run Unit Tests]   | \tat org.gradle.api.internal.file.collections.UnpackingVisitor.add(UnpackingVisitor.java:87)\n[App testing/Run Unit Tests]   | \tat org.gradle.api.internal.file.collections.DefaultConfigurableFileCollection$UnresolvedItemsCollector.visitContents(DefaultConfigurableFileCollection.java:372)\n[App testing/Run Unit Tests]   | \tat org.gradle.api.internal.file.collections.DefaultConfigurableFileCollection.visitChildren(DefaultConfigurableFileCollection.java:284)\n[App testing/Run Unit Tests]   | \tat org.gradle.api.internal.file.CompositeFileCollection.visitDependencies(CompositeFileCollection.java:108)\n[App testing/Run Unit Tests]   | \tat org.gradle.api.internal.file.collections.DefaultConfigurableFileCollection.visitDependencies(DefaultConfigurableFileCollection.java:290)\n[App testing/Run Unit Tests]   | \tat org.gradle.api.internal.tasks.FailureCollectingTaskDependencyResolveContext.add(FailureCollectingTaskDependencyResolveContext.java:45)\n[App testing/Run Unit Tests]   | \tat org.gradle.api.internal.file.AbstractFileCollection$1.visitDependencies(AbstractFileCollection.java:104)\n[App testing/Run Unit Tests]   | \tat org.gradle.api.internal.tasks.FailureCollectingTaskDependencyResolveContext.add(FailureCollectingTaskDependencyResolveContext.java:45)\n[App testing/Run Unit Tests]   | \tat org.gradle.api.internal.artifacts.ivyservice.resolveengine.artifact.LocalFileDependencyBackedArtifactSet.visitDependencies(LocalFileDependencyBackedArtifactSet.java:153)\n[App testing/Run Unit Tests]   | \tat org.gradle.api.internal.tasks.FailureCollectingTaskDependencyResolveContext.add(FailureCollectingTaskDependencyResolveContext.java:45)\n[App testing/Run Unit Tests]   | \tat org.gradle.api.internal.artifacts.ivyservice.resolveengine.artifact.BuildDependenciesOnlyVisitedArtifactSet$BuildDependenciesOnlySelectedArtifactSet.visitDependencies(BuildDependenciesOnlyVisitedArtifactSet.java:65)\n[App testing/Run Unit Tests]   | \tat org.gradle.api.internal.artifacts.configurations.DefaultConfiguration$ConfigurationFileCollection.visitDependencies(DefaultConfiguration.java:1480)\n[App testing/Run Unit Tests]   | \tat org.gradle.api.internal.tasks.CachingTaskDependencyResolveContext$TaskGraphImpl.getNodeValues(CachingTaskDependencyResolveContext.java:103)\n[App testing/Run Unit Tests]   | \tat org.gradle.internal.graph.CachingDirectedGraphWalker$GraphWithEmptyEdges.getNodeValues(CachingDirectedGraphWalker.java:213)\n[App testing/Run Unit Tests]   | \tat org.gradle.internal.graph.CachingDirectedGraphWalker.doSearch(CachingDirectedGraphWalker.java:121)\n[App testing/Run Unit Tests]   | \tat org.gradle.internal.graph.CachingDirectedGraphWalker.findValues(CachingDirectedGraphWalker.java:73)\n[App testing/Run Unit Tests]   | \tat org.gradle.api.internal.tasks.CachingTaskDependencyResolveContext.getDependencies(CachingTaskDependencyResolveContext.java:66)\n[App testing/Run Unit Tests]   | \t... 149 more\n[App testing/Run Unit Tests]   | \n[App testing/Run Unit Tests]   | \n[App testing/Run Unit Tests]   | * Get more help at https://help.gradle.org\n[App testing/Run Unit Tests]   | \n[App testing/Run Unit Tests]   | BUILD FAILED in 34s\n[App testing/Run Unit Tests]   | Configuration cache entry stored.\n[App testing/Run Unit Tests]   \u274c  Failure - Main Unit tests\n[App testing/Run Unit Tests] exitcode '1': failure\n[App testing/Generate APK  ]   | Calculating task graph as no configuration cache is available for tasks: assembleDebug\n[App testing/Run Unit Tests] \u2b50 Run Post set up Java 11\n[App testing/Run Unit Tests]   \ud83d\udc33  docker exec cmd=[node /var/run/act/actions/actions-setup-java@v1/dist/cleanup/index.js] user= workdir=\n[App testing/Run Unit Tests]   \u2705  Success - Post set up Java 11\n[App testing/Run Unit Tests] \ud83c\udfc1  Job failed\n[App testing/Generate APK  ]   | \n[App testing/Generate APK  ]   | 0 problems were found storing the configuration cache.\n[App testing/Generate APK  ]   | \n[App testing/Generate APK  ]   | See the complete report at file:///tmp/bc275e72-fd77-11ed-a890-af2cc187fc11/Neamar-KISS/build/reports/configuration-cache/dt928mfz0pm48zmweyjd226km/9kmfih7n6ndt61r82wucm7y4q/configuration-cache-report.html\n[App testing/Generate APK  ]   | \n[App testing/Generate APK  ]   | FAILURE: Build failed with an exception.\n[App testing/Generate APK  ]   | \n[App testing/Generate APK  ]   | * What went wrong:\n[App testing/Generate APK  ]   | Could not determine the dependencies of task ':app:compileDebugJavaWithJavac'.\n[App testing/Generate APK  ]   | > SDK location not found. Define a valid SDK location with an ANDROID_HOME environment variable or by setting the sdk.dir path in your project's local properties file at '/tmp/bc275e72-fd77-11ed-a890-af2cc187fc11/Neamar-KISS/local.properties'.\n[App testing/Generate APK  ]   | \n[App testing/Generate APK  ]   | * Try:\n[App testing/Generate APK  ]   | > Run with --info or --debug option to get more log output.\n[App testing/Generate APK  ]   | > Run with --scan to get full insights.\n[App testing/Generate APK  ]   | \n[App testing/Generate APK  ]   | * Exception is:\n[App testing/Generate APK  ]   | org.gradle.api.internal.tasks.TaskDependencyResolveException: Could not determine the dependencies of task ':app:compileDebugJavaWithJavac'.\n[App testing/Generate APK  ]   | \tat org.gradle.api.internal.tasks.CachingTaskDependencyResolveContext.getDependencies(CachingTaskDependencyResolveContext.java:68)\n[App testing/Generate APK  ]   | \tat org.gradle.execution.plan.TaskDependencyResolver.resolveDependenciesFor(TaskDependencyResolver.java:49)\n[App testing/Generate APK  ]   | \tat org.gradle.execution.plan.LocalTaskNode.getDependencies(LocalTaskNode.java:162)\n[App testing/Generate APK  ]   | \tat org.gradle.execution.plan.LocalTaskNode.resolveDependencies(LocalTaskNode.java:136)\n[App testing/Generate APK  ]   | \tat org.gradle.execution.plan.DefaultExecutionPlan.doAddNodes(DefaultExecutionPlan.java:208)\n[App testing/Generate APK  ]   | \tat org.gradle.execution.plan.DefaultExecutionPlan.addEntryTasks(DefaultExecutionPlan.java:173)\n[App testing/Generate APK  ]   | \tat org.gradle.execution.plan.DefaultExecutionPlan.addEntryTasks(DefaultExecutionPlan.java:158)\n[App testing/Generate APK  ]   | \tat org.gradle.execution.TaskNameResolvingBuildConfigurationAction.configure(TaskNameResolvingBuildConfigurationAction.java:47)\n[App testing/Generate APK  ]   | \tat org.gradle.execution.DefaultBuildConfigurationActionExecuter.configure(DefaultBuildConfigurationActionExecuter.java:49)\n[App testing/Generate APK  ]   | \tat org.gradle.execution.DefaultBuildConfigurationActionExecuter.access$000(DefaultBuildConfigurationActionExecuter.java:25)\n[App testing/Generate APK  ]   | \tat org.gradle.execution.DefaultBuildConfigurationActionExecuter$1.proceed(DefaultBuildConfigurationActionExecuter.java:62)\n[App testing/Generate APK  ]   | \tat org.gradle.execution.DefaultTasksBuildExecutionAction.configure(DefaultTasksBuildExecutionAction.java:48)\n[App testing/Generate APK  ]   | \tat org.gradle.execution.DefaultBuildConfigurationActionExecuter.configure(DefaultBuildConfigurationActionExecuter.java:49)\n[App testing/Generate APK  ]   | \tat org.gradle.execution.DefaultBuildConfigurationActionExecuter.lambda$select$0(DefaultBuildConfigurationActionExecuter.java:36)\n[App testing/Generate APK  ]   | \tat org.gradle.internal.Factories$1.create(Factories.java:31)\n[App testing/Generate APK  ]   | \tat org.gradle.internal.work.DefaultWorkerLeaseService.withReplacedLocks(DefaultWorkerLeaseService.java:345)\n[App testing/Generate APK  ]   | \tat org.gradle.api.internal.project.DefaultProjectStateRegistry$DefaultBuildProjectRegistry.withMutableStateOfAllProjects(DefaultProjectStateRegistry.java:197)\n[App testing/Generate APK  ]   | \tat org.gradle.api.internal.project.DefaultProjectStateRegistry$DefaultBuildProjectRegistry.withMutableStateOfAllProjects(DefaultProjectStateRegistry.java:190)\n[App testing/Generate APK  ]   | \tat org.gradle.execution.DefaultBuildConfigurationActionExecuter.select(DefaultBuildConfigurationActionExecuter.java:35)\n[App testing/Generate APK  ]   | \tat org.gradle.initialization.DefaultTaskExecutionPreparer.prepareForTaskExecution(DefaultTaskExecutionPreparer.java:42)\n[App testing/Generate APK  ]   | \tat org.gradle.initialization.VintageBuildModelController.lambda$scheduleRequestedTasks$1(VintageBuildModelController.java:81)\n[App testing/Generate APK  ]   | \tat org.gradle.internal.model.StateTransitionController.lambda$inState$1(StateTransitionController.java:110)\n[App testing/Generate APK  ]   | \tat org.gradle.internal.model.StateTransitionController.lambda$inState$2(StateTransitionController.java:125)\n[App testing/Generate APK  ]   | \tat org.gradle.internal.work.DefaultSynchronizer.withLock(DefaultSynchronizer.java:44)\n[App testing/Generate APK  ]   | \tat org.gradle.internal.model.StateTransitionController.inState(StateTransitionController.java:121)\n[App testing/Generate APK  ]   | \tat org.gradle.internal.model.StateTransitionController.inState(StateTransitionController.java:109)\n[App testing/Generate APK  ]   | \tat org.gradle.initialization.VintageBuildModelController.scheduleRequestedTasks(VintageBuildModelController.java:81)\n[App testing/Generate APK  ]   | \tat org.gradle.configurationcache.ConfigurationCacheAwareBuildModelController.scheduleRequestedTasks(ConfigurationCacheAwareBuildModelController.kt:60)\n[App testing/Generate APK  ]   | \tat org.gradle.internal.build.DefaultBuildLifecycleController$DefaultWorkGraphBuilder.addRequestedTasks(DefaultBuildLifecycleController.java:242)\n[App testing/Generate APK  ]   | \tat org.gradle.internal.build.DefaultBuildLifecycleController.lambda$populateWorkGraph$4(DefaultBuildLifecycleController.java:143)\n[App testing/Generate APK  ]   | \tat org.gradle.internal.build.DefaultBuildWorkPreparer.populateWorkGraph(DefaultBuildWorkPreparer.java:41)\n[App testing/Generate APK  ]   | \tat org.gradle.internal.build.BuildOperationFiringBuildWorkPreparer$PopulateWorkGraph.populateTaskGraph(BuildOperationFiringBuildWorkPreparer.java:138)\n[App testing/Generate APK  ]   | \tat org.gradle.internal.build.BuildOperationFiringBuildWorkPreparer$PopulateWorkGraph.run(BuildOperationFiringBuildWorkPreparer.java:89)\n[App testing/Generate APK  ]   | \tat org.gradle.internal.operations.DefaultBuildOperationRunner$1.execute(DefaultBuildOperationRunner.java:29)\n[App testing/Generate APK  ]   | \tat org.gradle.internal.operations.DefaultBuildOperationRunner$1.execute(DefaultBuildOperationRunner.java:26)\n[App testing/Generate APK  ]   | \tat org.gradle.internal.operations.DefaultBuildOperationRunner$2.execute(DefaultBuildOperationRunner.java:66)\n[App testing/Generate APK  ]   | \tat org.gradle.internal.operations.DefaultBuildOperationRunner$2.execute(DefaultBuildOperationRunner.java:59)\n[App testing/Generate APK  ]   | \tat org.gradle.internal.operations.DefaultBuildOperationRunner.execute(DefaultBuildOperationRunner.java:157)\n[App testing/Generate APK  ]   | \tat org.gradle.internal.operations.DefaultBuildOperationRunner.execute(DefaultBuildOperationRunner.java:59)\n[App testing/Generate APK  ]   | \tat org.gradle.internal.operations.DefaultBuildOperationRunner.run(DefaultBuildOperationRunner.java:47)\n[App testing/Generate APK  ]   | \tat org.gradle.internal.operations.DefaultBuildOperationExecutor.run(DefaultBuildOperationExecutor.java:68)\n[App testing/Generate APK  ]   | \tat org.gradle.internal.build.BuildOperationFiringBuildWorkPreparer.populateWorkGraph(BuildOperationFiringBuildWorkPreparer.java:66)\n[App testing/Generate APK  ]   | \tat org.gradle.internal.build.DefaultBuildLifecycleController.lambda$populateWorkGraph$5(DefaultBuildLifecycleController.java:143)\n[App testing/Generate APK  ]   | \tat org.gradle.internal.model.StateTransitionController.lambda$inState$1(StateTransitionController.java:110)\n[App testing/Generate APK  ]   | \tat org.gradle.internal.model.StateTransitionController.lambda$inState$2(StateTransitionController.java:125)\n[App testing/Generate APK  ]   | \tat org.gradle.internal.work.DefaultSynchronizer.withLock(DefaultSynchronizer.java:44)\n[App testing/Generate APK  ]   | \tat org.gradle.internal.model.StateTransitionController.inState(StateTransitionController.java:121)\n[App testing/Generate APK  ]   | \tat org.gradle.internal.model.StateTransitionController.inState(StateTransitionController.java:109)\n[App testing/Generate APK  ]   | \tat org.gradle.internal.build.DefaultBuildLifecycleController.populateWorkGraph(DefaultBuildLifecycleController.java:143)\n[App testing/Generate APK  ]   | \tat org.gradle.internal.build.DefaultBuildWorkGraphController$DefaultBuildWorkGraph.populateWorkGraph(DefaultBuildWorkGraphController.java:126)\n[App testing/Generate APK  ]   | \tat org.gradle.composite.internal.DefaultBuildController.populateWorkGraph(DefaultBuildController.java:71)\n[App testing/Generate APK  ]   | \tat org.gradle.composite.internal.DefaultIncludedBuildTaskGraph$DefaultBuildTreeWorkGraphBuilder.withWorkGraph(DefaultIncludedBuildTaskGraph.java:142)\n[App testing/Generate APK  ]   | \tat org.gradle.internal.buildtree.DefaultBuildTreeWorkPreparer.lambda$scheduleRequestedTasks$0(DefaultBuildTreeWorkPreparer.java:34)\n[App testing/Generate APK  ]   | \tat org.gradle.composite.internal.DefaultIncludedBuildTaskGraph$DefaultBuildTreeWorkGraph$1.run(DefaultIncludedBuildTaskGraph.java:170)\n[App testing/Generate APK  ]   | \tat org.gradle.internal.operations.DefaultBuildOperationRunner$1.execute(DefaultBuildOperationRunner.java:29)\n[App testing/Generate APK  ]   | \tat org.gradle.internal.operations.DefaultBuildOperationRunner$1.execute(DefaultBuildOperationRunner.java:26)\n[App testing/Generate APK  ]   | \tat org.gradle.internal.operations.DefaultBuildOperationRunner$2.execute(DefaultBuildOperationRunner.java:66)\n[App testing/Generate APK  ]   | \tat org.gradle.internal.operations.DefaultBuildOperationRunner$2.execute(DefaultBuildOperationRunner.java:59)\n[App testing/Generate APK  ]   | \tat org.gradle.internal.operations.DefaultBuildOperationRunner.execute(DefaultBuildOperationRunner.java:157)\n[App testing/Generate APK  ]   | \tat org.gradle.internal.operations.DefaultBuildOperationRunner.execute(DefaultBuildOperationRunner.java:59)\n[App testing/Generate APK  ]   | \tat org.gradle.internal.operations.DefaultBuildOperationRunner.run(DefaultBuildOperationRunner.java:47)\n[App testing/Generate APK  ]   | \tat org.gradle.internal.operations.DefaultBuildOperationExecutor.run(DefaultBuildOperationExecutor.java:68)\n[App testing/Generate APK  ]   | \tat org.gradle.composite.internal.DefaultIncludedBuildTaskGraph$DefaultBuildTreeWorkGraph.scheduleWork(DefaultIncludedBuildTaskGraph.java:167)\n[App testing/Generate APK  ]   | \tat org.gradle.internal.buildtree.DefaultBuildTreeWorkPreparer.scheduleRequestedTasks(DefaultBuildTreeWorkPreparer.java:34)\n[App testing/Generate APK  ]   | \tat org.gradle.configurationcache.ConfigurationCacheAwareBuildTreeWorkPreparer$scheduleRequestedTasks$1.invoke(ConfigurationCacheAwareBuildTreeWorkPreparer.kt:29)\n[App testing/Generate APK  ]   | \tat org.gradle.configurationcache.ConfigurationCacheAwareBuildTreeWorkPreparer$scheduleRequestedTasks$1.invoke(ConfigurationCacheAwareBuildTreeWorkPreparer.kt:28)\n[App testing/Generate APK  ]   | \tat org.gradle.configurationcache.DefaultConfigurationCache$loadOrScheduleRequestedTasks$1.invoke(DefaultConfigurationCache.kt:133)\n[App testing/Generate APK  ]   | \tat org.gradle.configurationcache.DefaultConfigurationCache$loadOrScheduleRequestedTasks$1.invoke(DefaultConfigurationCache.kt:132)\n[App testing/Generate APK  ]   | \tat org.gradle.configurationcache.DefaultConfigurationCache.runWorkThatContributesToCacheEntry(DefaultConfigurationCache.kt:276)\n[App testing/Generate APK  ]   | \tat org.gradle.configurationcache.DefaultConfigurationCache.loadOrScheduleRequestedTasks(DefaultConfigurationCache.kt:132)\n[App testing/Generate APK  ]   | \tat org.gradle.configurationcache.ConfigurationCacheAwareBuildTreeWorkPreparer.scheduleRequestedTasks(ConfigurationCacheAwareBuildTreeWorkPreparer.kt:28)\n[App testing/Generate APK  ]   | \tat org.gradle.internal.buildtree.DefaultBuildTreeLifecycleController.lambda$doScheduleAndRunTasks$2(DefaultBuildTreeLifecycleController.java:89)\n[App testing/Generate APK  ]   | \tat org.gradle.composite.internal.DefaultIncludedBuildTaskGraph.withNewWorkGraph(DefaultIncludedBuildTaskGraph.java:101)\n[App testing/Generate APK  ]   | \tat org.gradle.internal.buildtree.DefaultBuildTreeLifecycleController.doScheduleAndRunTasks(DefaultBuildTreeLifecycleController.java:88)\n[App testing/Generate APK  ]   | \tat org.gradle.internal.buildtree.DefaultBuildTreeLifecycleController.lambda$runBuild$4(DefaultBuildTreeLifecycleController.java:106)\n[App testing/Generate APK  ]   | \tat org.gradle.internal.model.StateTransitionController.lambda$transition$5(StateTransitionController.java:166)\n[App testing/Generate APK  ]   | \tat org.gradle.internal.model.StateTransitionController.doTransition(StateTransitionController.java:247)\n[App testing/Generate APK  ]   | \tat org.gradle.internal.model.StateTransitionController.lambda$transition$6(StateTransitionController.java:166)\n[App testing/Generate APK  ]   | \tat org.gradle.internal.work.DefaultSynchronizer.withLock(DefaultSynchronizer.java:44)\n[App testing/Generate APK  ]   | \tat org.gradle.internal.model.StateTransitionController.transition(StateTransitionController.java:166)\n[App testing/Generate APK  ]   | \tat org.gradle.internal.buildtree.DefaultBuildTreeLifecycleController.runBuild(DefaultBuildTreeLifecycleController.java:103)\n[App testing/Generate APK  ]   | \tat org.gradle.internal.buildtree.DefaultBuildTreeLifecycleController.scheduleAndRunTasks(DefaultBuildTreeLifecycleController.java:69)\n[App testing/Generate APK  ]   | \tat org.gradle.tooling.internal.provider.ExecuteBuildActionRunner.run(ExecuteBuildActionRunner.java:31)\n[App testing/Generate APK  ]   | \tat org.gradle.launcher.exec.ChainingBuildActionRunner.run(ChainingBuildActionRunner.java:35)\n[App testing/Generate APK  ]   | \tat org.gradle.internal.buildtree.ProblemReportingBuildActionRunner.run(ProblemReportingBuildActionRunner.java:49)\n[App testing/Generate APK  ]   | \tat org.gradle.launcher.exec.BuildOutcomeReportingBuildActionRunner.run(BuildOutcomeReportingBuildActionRunner.java:65)\n[App testing/Generate APK  ]   | \tat org.gradle.tooling.internal.provider.FileSystemWatchingBuildActionRunner.run(FileSystemWatchingBuildActionRunner.java:136)\n[App testing/Generate APK  ]   | \tat org.gradle.launcher.exec.BuildCompletionNotifyingBuildActionRunner.run(BuildCompletionNotifyingBuildActionRunner.java:41)\n[App testing/Generate APK  ]   | \tat org.gradle.launcher.exec.RootBuildLifecycleBuildActionExecutor.lambda$execute$0(RootBuildLifecycleBuildActionExecutor.java:40)\n[App testing/Generate APK  ]   | \tat org.gradle.composite.internal.DefaultRootBuildState.run(DefaultRootBuildState.java:122)\n[App testing/Generate APK  ]   | \tat org.gradle.launcher.exec.RootBuildLifecycleBuildActionExecutor.execute(RootBuildLifecycleBuildActionExecutor.java:40)\n[App testing/Generate APK  ]   | \tat org.gradle.internal.buildtree.DefaultBuildTreeContext.execute(DefaultBuildTreeContext.java:40)\n[App testing/Generate APK  ]   | \tat org.gradle.launcher.exec.BuildTreeLifecycleBuildActionExecutor.lambda$execute$0(BuildTreeLifecycleBuildActionExecutor.java:65)\n[App testing/Generate APK  ]   | \tat org.gradle.internal.buildtree.BuildTreeState.run(BuildTreeState.java:53)\n[App testing/Generate APK  ]   | \tat org.gradle.launcher.exec.BuildTreeLifecycleBuildActionExecutor.execute(BuildTreeLifecycleBuildActionExecutor.java:65)\n[App testing/Generate APK  ]   | \tat org.gradle.launcher.exec.RunAsBuildOperationBuildActionExecutor$3.call(RunAsBuildOperationBuildActionExecutor.java:61)\n[App testing/Generate APK  ]   | \tat org.gradle.launcher.exec.RunAsBuildOperationBuildActionExecutor$3.call(RunAsBuildOperationBuildActionExecutor.java:57)\n[App testing/Generate APK  ]   | \tat org.gradle.internal.operations.DefaultBuildOperationRunner$CallableBuildOperationWorker.execute(DefaultBuildOperationRunner.java:204)\n[App testing/Generate APK  ]   | \tat org.gradle.internal.operations.DefaultBuildOperationRunner$CallableBuildOperationWorker.execute(DefaultBuildOperationRunner.java:199)\n[App testing/Generate APK  ]   | \tat org.gradle.internal.operations.DefaultBuildOperationRunner$2.execute(DefaultBuildOperationRunner.java:66)\n[App testing/Generate APK  ]   | \tat org.gradle.internal.operations.DefaultBuildOperationRunner$2.execute(DefaultBuildOperationRunner.java:59)\n[App testing/Generate APK  ]   | \tat org.gradle.internal.operations.DefaultBuildOperationRunner.execute(DefaultBuildOperationRunner.java:157)\n[App testing/Generate APK  ]   | \tat org.gradle.internal.operations.DefaultBuildOperationRunner.execute(DefaultBuildOperationRunner.java:59)\n[App testing/Generate APK  ]   | \tat org.gradle.internal.operations.DefaultBuildOperationRunner.call(DefaultBuildOperationRunner.java:53)\n[App testing/Generate APK  ]   | \tat org.gradle.internal.operations.DefaultBuildOperationExecutor.call(DefaultBuildOperationExecutor.java:73)\n[App testing/Generate APK  ]   | \tat org.gradle.launcher.exec.RunAsBuildOperationBuildActionExecutor.execute(RunAsBuildOperationBuildActionExecutor.java:57)\n[App testing/Generate APK  ]   | \tat org.gradle.launcher.exec.RunAsWorkerThreadBuildActionExecutor.lambda$execute$0(RunAsWorkerThreadBuildActionExecutor.java:36)\n[App testing/Generate APK  ]   | \tat org.gradle.internal.work.DefaultWorkerLeaseService.withLocks(DefaultWorkerLeaseService.java:249)\n[App testing/Generate APK  ]   | \tat org.gradle.internal.work.DefaultWorkerLeaseService.runAsWorkerThread(DefaultWorkerLeaseService.java:109)\n[App testing/Generate APK  ]   | \tat org.gradle.launcher.exec.RunAsWorkerThreadBuildActionExecutor.execute(RunAsWorkerThreadBuildActionExecutor.java:36)\n[App testing/Generate APK  ]   | \tat org.gradle.tooling.internal.provider.continuous.ContinuousBuildActionExecutor.execute(ContinuousBuildActionExecutor.java:110)\n[App testing/Generate APK  ]   | \tat org.gradle.tooling.internal.provider.SubscribableBuildActionExecutor.execute(SubscribableBuildActionExecutor.java:64)\n[App testing/Generate APK  ]   | \tat org.gradle.internal.session.DefaultBuildSessionContext.execute(DefaultBuildSessionContext.java:46)\n[App testing/Generate APK  ]   | \tat org.gradle.tooling.internal.provider.BuildSessionLifecycleBuildActionExecuter$ActionImpl.apply(BuildSessionLifecycleBuildActionExecuter.java:100)\n[App testing/Generate APK  ]   | \tat org.gradle.tooling.internal.provider.BuildSessionLifecycleBuildActionExecuter$ActionImpl.apply(BuildSessionLifecycleBuildActionExecuter.java:88)\n[App testing/Generate APK  ]   | \tat org.gradle.internal.session.BuildSessionState.run(BuildSessionState.java:69)\n[App testing/Generate APK  ]   | \tat org.gradle.tooling.internal.provider.BuildSessionLifecycleBuildActionExecuter.execute(BuildSessionLifecycleBuildActionExecuter.java:62)\n[App testing/Generate APK  ]   | \tat org.gradle.tooling.internal.provider.BuildSessionLifecycleBuildActionExecuter.execute(BuildSessionLifecycleBuildActionExecuter.java:41)\n[App testing/Generate APK  ]   | \tat org.gradle.tooling.internal.provider.StartParamsValidatingActionExecuter.execute(StartParamsValidatingActionExecuter.java:63)\n[App testing/Generate APK  ]   | \tat org.gradle.tooling.internal.provider.StartParamsValidatingActionExecuter.execute(StartParamsValidatingActionExecuter.java:31)\n[App testing/Generate APK  ]   | \tat org.gradle.tooling.internal.provider.SessionFailureReportingActionExecuter.execute(SessionFailureReportingActionExecuter.java:52)\n[App testing/Generate APK  ]   | \tat org.gradle.tooling.internal.provider.SessionFailureReportingActionExecuter.execute(SessionFailureReportingActionExecuter.java:40)\n[App testing/Generate APK  ]   | \tat org.gradle.tooling.internal.provider.SetupLoggingActionExecuter.execute(SetupLoggingActionExecuter.java:47)\n[App testing/Generate APK  ]   | \tat org.gradle.tooling.internal.provider.SetupLoggingActionExecuter.execute(SetupLoggingActionExecuter.java:31)\n[App testing/Generate APK  ]   | \tat org.gradle.launcher.daemon.server.exec.ExecuteBuild.doBuild(ExecuteBuild.java:65)\n[App testing/Generate APK  ]   | \tat org.gradle.launcher.daemon.server.exec.BuildCommandOnly.execute(BuildCommandOnly.java:37)\n[App testing/Generate APK  ]   | \tat org.gradle.launcher.daemon.server.api.DaemonCommandExecution.proceed(DaemonCommandExecution.java:104)\n[App testing/Generate APK  ]   | \tat org.gradle.launcher.daemon.server.exec.WatchForDisconnection.execute(WatchForDisconnection.java:39)\n[App testing/Generate APK  ]   | \tat org.gradle.launcher.daemon.server.api.DaemonCommandExecution.proceed(DaemonCommandExecution.java:104)\n[App testing/Generate APK  ]   | \tat org.gradle.launcher.daemon.server.exec.ResetDeprecationLogger.execute(ResetDeprecationLogger.java:29)\n[App testing/Generate APK  ]   | \tat org.gradle.launcher.daemon.server.api.DaemonCommandExecution.proceed(DaemonCommandExecution.java:104)\n[App testing/Generate APK  ]   | \tat org.gradle.launcher.daemon.server.exec.RequestStopIfSingleUsedDaemon.execute(RequestStopIfSingleUsedDaemon.java:35)\n[App testing/Generate APK  ]   | \tat org.gradle.launcher.daemon.server.api.DaemonCommandExecution.proceed(DaemonCommandExecution.java:104)\n[App testing/Generate APK  ]   | \tat org.gradle.launcher.daemon.server.exec.ForwardClientInput$2.create(ForwardClientInput.java:78)\n[App testing/Generate APK  ]   | \tat org.gradle.launcher.daemon.server.exec.ForwardClientInput$2.create(ForwardClientInput.java:75)\n[App testing/Generate APK  ]   | \tat org.gradle.util.internal.Swapper.swap(Swapper.java:38)\n[App testing/Generate APK  ]   | \tat org.gradle.launcher.daemon.server.exec.ForwardClientInput.execute(ForwardClientInput.java:75)\n[App testing/Generate APK  ]   | \tat org.gradle.launcher.daemon.server.api.DaemonCommandExecution.proceed(DaemonCommandExecution.java:104)\n[App testing/Generate APK  ]   | \tat org.gradle.launcher.daemon.server.exec.LogAndCheckHealth.execute(LogAndCheckHealth.java:55)\n[App testing/Generate APK  ]   | \tat org.gradle.launcher.daemon.server.api.DaemonCommandExecution.proceed(DaemonCommandExecution.java:104)\n[App testing/Generate APK  ]   | \tat org.gradle.launcher.daemon.server.exec.LogToClient.doBuild(LogToClient.java:63)\n[App testing/Generate APK  ]   | \tat org.gradle.launcher.daemon.server.exec.BuildCommandOnly.execute(BuildCommandOnly.java:37)\n[App testing/Generate APK  ]   | \tat org.gradle.launcher.daemon.server.api.DaemonCommandExecution.proceed(DaemonCommandExecution.java:104)\n[App testing/Generate APK  ]   | \tat org.gradle.launcher.daemon.server.exec.EstablishBuildEnvironment.doBuild(EstablishBuildEnvironment.java:84)\n[App testing/Generate APK  ]   | \tat org.gradle.launcher.daemon.server.exec.BuildCommandOnly.execute(BuildCommandOnly.java:37)\n[App testing/Generate APK  ]   | \tat org.gradle.launcher.daemon.server.api.DaemonCommandExecution.proceed(DaemonCommandExecution.java:104)\n[App testing/Generate APK  ]   | \tat org.gradle.launcher.daemon.server.exec.StartBuildOrRespondWithBusy$1.run(StartBuildOrRespondWithBusy.java:52)\n[App testing/Generate APK  ]   | \tat org.gradle.launcher.daemon.server.DaemonStateCoordinator$1.run(DaemonStateCoordinator.java:297)\n[App testing/Generate APK  ]   | \tat org.gradle.internal.concurrent.ExecutorPolicy$CatchAndRecordFailures.onExecute(ExecutorPolicy.java:64)\n[App testing/Generate APK  ]   | \tat org.gradle.internal.concurrent.ManagedExecutorImpl$1.run(ManagedExecutorImpl.java:48)\n[App testing/Generate APK  ]   | Caused by: com.android.builder.errors.EvalIssueException: SDK location not found. Define a valid SDK location with an ANDROID_HOME environment variable or by setting the sdk.dir path in your project's local properties file at '/tmp/bc275e72-fd77-11ed-a890-af2cc187fc11/Neamar-KISS/local.properties'.\n[App testing/Generate APK  ]   | \tat com.android.builder.errors.IssueReporter.reportError(IssueReporter.kt:112)\n[App testing/Generate APK  ]   | \tat com.android.builder.errors.IssueReporter.reportError$default(IssueReporter.kt:108)\n[App testing/Generate APK  ]   | \tat com.android.build.gradle.internal.SdkLocator.getSdkLocation(SdkLocator.kt:239)\n[App testing/Generate APK  ]   | \tat com.android.build.gradle.internal.SdkDirectLoadingStrategy.loadSdkComponents(SdkDirectLoadingStrategy.kt:97)\n[App testing/Generate APK  ]   | \tat com.android.build.gradle.internal.SdkDirectLoadingStrategy.init(SdkDirectLoadingStrategy.kt:92)\n[App testing/Generate APK  ]   | \tat com.android.build.gradle.internal.SdkDirectLoadingStrategy.access$init(SdkDirectLoadingStrategy.kt:46)\n[App testing/Generate APK  ]   | \tat com.android.build.gradle.internal.SdkDirectLoadingStrategy$components$2.invoke(SdkDirectLoadingStrategy.kt:71)\n[App testing/Generate APK  ]   | \tat com.android.build.gradle.internal.SdkDirectLoadingStrategy$components$2.invoke(SdkDirectLoadingStrategy.kt:70)\n[App testing/Generate APK  ]   | \tat kotlin.SynchronizedLazyImpl.getValue(LazyJVM.kt:74)\n[App testing/Generate APK  ]   | \tat com.android.build.gradle.internal.SdkDirectLoadingStrategy.getComponents(SdkDirectLoadingStrategy.kt:70)\n[App testing/Generate APK  ]   | \tat com.android.build.gradle.internal.SdkDirectLoadingStrategy.loadedSuccessfully(SdkDirectLoadingStrategy.kt:178)\n[App testing/Generate APK  ]   | \tat com.android.build.gradle.internal.SdkLoadingStrategy.getTargetBootClasspath(SdkLoadingStrategy.kt:36)\n[App testing/Generate APK  ]   | \tat com.android.build.gradle.internal.SdkComponentsBuildService$VersionedSdkLoader$targetBootClasspathProvider$1.call(SdkComponents.kt:190)\n[App testing/Generate APK  ]   | \tat com.android.build.gradle.internal.SdkComponentsBuildService$VersionedSdkLoader$targetBootClasspathProvider$1.call(SdkComponents.kt:189)\n[App testing/Generate APK  ]   | \tat org.gradle.api.internal.provider.DefaultProvider.calculateOwnValue(DefaultProvider.java:72)\n[App testing/Generate APK  ]   | \tat org.gradle.api.internal.provider.AbstractMinimalProvider.calculateValue(AbstractMinimalProvider.java:102)\n[App testing/Generate APK  ]   | \tat org.gradle.api.internal.provider.FlatMapProvider.calculateOwnValue(FlatMapProvider.java:50)\n[App testing/Generate APK  ]   | \tat org.gradle.api.internal.provider.AbstractMinimalProvider.calculateValue(AbstractMinimalProvider.java:102)\n[App testing/Generate APK  ]   | \tat org.gradle.api.internal.provider.FlatMapProvider.backingProvider(FlatMapProvider.java:62)\n[App testing/Generate APK  ]   | \tat org.gradle.api.internal.provider.FlatMapProvider.getProducer(FlatMapProvider.java:71)\n[App testing/Generate APK  ]   | \tat org.gradle.api.internal.provider.Collectors$ElementsFromCollectionProvider.getProducer(Collectors.java:235)\n[App testing/Generate APK  ]   | \tat org.gradle.api.internal.provider.AbstractCollectionProperty$CollectingSupplier.getProducer(AbstractCollectionProperty.java:389)\n[App testing/Generate APK  ]   | \tat org.gradle.api.internal.provider.AbstractProperty.getProducer(AbstractProperty.java:178)\n[App testing/Generate APK  ]   | \tat org.gradle.api.internal.provider.Collectors$ElementsFromCollectionProvider.getProducer(Collectors.java:235)\n[App testing/Generate APK  ]   | \tat org.gradle.api.internal.provider.AbstractCollectionProperty$PlusCollector.getProducer(AbstractCollectionProperty.java:465)\n[App testing/Generate APK  ]   | \tat org.gradle.api.internal.provider.AbstractCollectionProperty$CollectingSupplier.getProducer(AbstractCollectionProperty.java:389)\n[App testing/Generate APK  ]   | \tat org.gradle.api.internal.provider.AbstractProperty.getProducer(AbstractProperty.java:178)\n[App testing/Generate APK  ]   | \tat org.gradle.api.internal.file.collections.ProviderBackedFileCollection.visitDependencies(ProviderBackedFileCollection.java:50)\n[App testing/Generate APK  ]   | \tat org.gradle.api.internal.tasks.CachingTaskDependencyResolveContext$TaskGraphImpl.getNodeValues(CachingTaskDependencyResolveContext.java:103)\n[App testing/Generate APK  ]   | \tat org.gradle.internal.graph.CachingDirectedGraphWalker$GraphWithEmptyEdges.getNodeValues(CachingDirectedGraphWalker.java:213)\n[App testing/Generate APK  ]   | \tat org.gradle.internal.graph.CachingDirectedGraphWalker.doSearch(CachingDirectedGraphWalker.java:121)\n[App testing/Generate APK  ]   | \tat org.gradle.internal.graph.CachingDirectedGraphWalker.findValues(CachingDirectedGraphWalker.java:73)\n[App testing/Generate APK  ]   | \tat org.gradle.api.internal.tasks.CachingTaskDependencyResolveContext.getDependencies(CachingTaskDependencyResolveContext.java:66)\n[App testing/Generate APK  ]   | \t... 149 more\n[App testing/Generate APK  ]   | \n[App testing/Generate APK  ]   | \n[App testing/Generate APK  ]   | * Get more help at https://help.gradle.org\n[App testing/Generate APK  ]   | \n[App testing/Generate APK  ]   | BUILD FAILED in 54s\n[App testing/Generate APK  ]   | Configuration cache entry stored.\n[App testing/Generate APK  ]   \u274c  Failure - Main Build debug APK\n[App testing/Generate APK  ] exitcode '1': failure\n[App testing/Generate APK  ] \u2b50 Run Post set up Java 11\n[App testing/Generate APK  ]   \ud83d\udc33  docker exec cmd=[node /var/run/act/actions/actions-setup-java@v1/dist/cleanup/index.js] user= workdir=\n[App testing/Generate APK  ]   \u2705  Success - Post set up Java 11\n[App testing/Generate APK  ] \ud83c\udfc1  Job failed\n",
    "actions_stderr": "Error: Job 'Generate APK' failed\n"
}