{
    "repository": "ambitioninc/django-query-builder",
    "clone_url": "https://github.com/ambitioninc/django-query-builder.git",
    "timestamp": "2023-05-29T14:41:49.058678Z",
    "clone_success": true,
    "number of actions": 1,
    "number_of_test_actions": 1,
    "actions_successful": false,
    "actions_stdout": "[querybuilder tests/tests] \ud83d\ude80  Start image=crawlergpt:latest\n[querybuilder tests/tests]   \ud83d\udc33  docker pull image=crawlergpt:latest platform= username= forcePull=false\n[querybuilder tests/tests]   \ud83d\udc33  docker create image=crawlergpt:latest platform= entrypoint=[\"tail\" \"-f\" \"/dev/null\"] cmd=[]\n[querybuilder tests/tests]   \ud83d\udc33  docker run image=crawlergpt:latest platform= entrypoint=[\"tail\" \"-f\" \"/dev/null\"] cmd=[]\n[querybuilder tests/tests]   \ud83d\udc33  docker exec cmd=[chown -R 1012:1000 /tmp/de65f406-fe28-11ed-a890-af2cc187fc11/ambitioninc-django-query-builder] user=0 workdir=\n[querybuilder tests/tests]   \u2601  git clone 'https://github.com/actions/setup-python' # ref=v3\n[querybuilder tests/tests] \ud83e\uddea  Matrix: map[django:Django~=2.2.0 experimental:false python:3.7]\n[querybuilder tests/tests] \u2b50 Run Main actions/checkout@v3\n[querybuilder tests/tests]   \u2705  Success - Main actions/checkout@v3\n[querybuilder tests/tests] \u2b50 Run Main actions/setup-python@v3\n[querybuilder tests/tests]   \ud83d\udc33  docker cp src=/home/andre-silva/.cache/act/actions-setup-python@v3/ dst=/var/run/act/actions/actions-setup-python@v3/\n[querybuilder tests/tests]   \ud83d\udc33  docker exec cmd=[chown -R 1012:1000 /var/run/act/actions/actions-setup-python@v3/] user=0 workdir=\n[querybuilder tests/tests]   \ud83d\udc33  docker exec cmd=[node /var/run/act/actions/actions-setup-python@v3/dist/setup/index.js] user= workdir=\n[querybuilder tests/tests]   \ud83d\udcac  ::debug::Semantic version spec of 3.7 is 3.7\n[querybuilder tests/tests]   \ud83d\udcac  ::debug::isExplicit: \n[querybuilder tests/tests]   \ud83d\udcac  ::debug::explicit? false\n[querybuilder tests/tests]   \ud83d\udcac  ::debug::isExplicit: 2.7.18\n[querybuilder tests/tests]   \ud83d\udcac  ::debug::explicit? true\n[querybuilder tests/tests]   \ud83d\udcac  ::debug::isExplicit: 3.5.10\n[querybuilder tests/tests]   \ud83d\udcac  ::debug::explicit? true\n[querybuilder tests/tests]   \ud83d\udcac  ::debug::isExplicit: 3.6.14\n[querybuilder tests/tests]   \ud83d\udcac  ::debug::explicit? true\n[querybuilder tests/tests]   \ud83d\udcac  ::debug::isExplicit: 3.7.11\n[querybuilder tests/tests]   \ud83d\udcac  ::debug::explicit? true\n[querybuilder tests/tests]   \ud83d\udcac  ::debug::isExplicit: 3.8.11\n[querybuilder tests/tests]   \ud83d\udcac  ::debug::explicit? true\n[querybuilder tests/tests]   \ud83d\udcac  ::debug::isExplicit: 3.9.6\n[querybuilder tests/tests]   \ud83d\udcac  ::debug::explicit? true\n[querybuilder tests/tests]   \ud83d\udcac  ::debug::evaluating 6 versions\n[querybuilder tests/tests]   \ud83d\udcac  ::debug::matched: 3.7.11\n[querybuilder tests/tests]   \ud83d\udcac  ::debug::checking cache: /opt/hostedtoolcache/Python/3.7.11/x64\n[querybuilder tests/tests]   \ud83d\udcac  ::debug::Found tool in cache Python 3.7.11 x64\n[querybuilder tests/tests]   | Successfully setup CPython (3.7.11)\n[querybuilder tests/tests]   \u2753 add-matcher /run/act/actions/actions-setup-python@v3/.github/python.json\n[querybuilder tests/tests]   \u2705  Success - Main actions/setup-python@v3\n[querybuilder tests/tests]   \u2699  ::set-env:: pythonLocation=/opt/hostedtoolcache/Python/3.7.11/x64\n[querybuilder tests/tests]   \u2699  ::set-env:: LD_LIBRARY_PATH=/opt/hostedtoolcache/Python/3.7.11/x64/lib\n[querybuilder tests/tests]   \u2699  ::set-output:: python-version=3.7.11\n[querybuilder tests/tests]   \u2699  ::add-path:: /opt/hostedtoolcache/Python/3.7.11/x64\n[querybuilder tests/tests]   \u2699  ::add-path:: /opt/hostedtoolcache/Python/3.7.11/x64/bin\n[querybuilder tests/tests] \u2b50 Run Main Setup\n[querybuilder tests/tests]   \ud83d\udc33  docker exec cmd=[bash --noprofile --norc -e -o pipefail /var/run/act/workflow/2] user= workdir=\n[querybuilder tests/tests]   | Python 3.7.11\n[querybuilder tests/tests]   | Requirement already satisfied: pip in /opt/hostedtoolcache/Python/3.7.11/x64/lib/python3.7/site-packages (21.2.4)\n[querybuilder tests/tests]   | Collecting pip\n[querybuilder tests/tests]   |   Downloading pip-23.1.2-py3-none-any.whl (2.1 MB)\n[querybuilder tests/tests]   | Collecting wheel\n[querybuilder tests/tests]   |   Downloading wheel-0.40.0-py3-none-any.whl (64 kB)\n[querybuilder tests/tests]   | Installing collected packages: wheel, pip\n[querybuilder tests/tests]   |   Attempting uninstall: pip\n[querybuilder tests/tests]   |     Found existing installation: pip 21.2.4\n[querybuilder tests/tests]   |     Uninstalling pip-21.2.4:\n[querybuilder tests/tests]   |       Successfully uninstalled pip-21.2.4\n[querybuilder tests/tests]   | Successfully installed pip-23.1.2 wheel-0.40.0\n[querybuilder tests/tests]   | Collecting Django>=2.2 (from -r requirements/requirements.txt (line 1))\n[querybuilder tests/tests]   |   Downloading Django-3.2.19-py3-none-any.whl (7.9 MB)\n[querybuilder tests/tests]   |      \u2501\u2501\u2501\u2501\u2501\u2501\u2501\u2501\u2501\u2501\u2501\u2501\u2501\u2501\u2501\u2501\u2501\u2501\u2501\u2501\u2501\u2501\u2501\u2501\u2501\u2501\u2501\u2501\u2501\u2501\u2501\u2501\u2501\u2501\u2501\u2501\u2501\u2501\u2501\u2501 7.9/7.9 MB 43.2 MB/s eta 0:00:00\n[querybuilder tests/tests]   | Collecting pytz>=2015.6 (from -r requirements/requirements.txt (line 2))\n[querybuilder tests/tests]   |   Downloading pytz-2023.3-py2.py3-none-any.whl (502 kB)\n[querybuilder tests/tests]   |      \u2501\u2501\u2501\u2501\u2501\u2501\u2501\u2501\u2501\u2501\u2501\u2501\u2501\u2501\u2501\u2501\u2501\u2501\u2501\u2501\u2501\u2501\u2501\u2501\u2501\u2501\u2501\u2501\u2501\u2501\u2501\u2501\u2501\u2501\u2501\u2501\u2501\u2501 502.3/502.3 kB 13.0 MB/s eta 0:00:00\n[querybuilder tests/tests]   | Collecting fleming>=0.6.0 (from -r requirements/requirements.txt (line 3))\n[querybuilder tests/tests]   |   Downloading fleming-0.7.0-py2.py3-none-any.whl (10 kB)\n[querybuilder tests/tests]   | Collecting six (from -r requirements/requirements.txt (line 4))\n[querybuilder tests/tests]   |   Downloading six-1.16.0-py2.py3-none-any.whl (11 kB)\n[querybuilder tests/tests]   | Collecting asgiref<4,>=3.3.2 (from Django>=2.2->-r requirements/requirements.txt (line 1))\n[querybuilder tests/tests]   |   Downloading asgiref-3.7.2-py3-none-any.whl (24 kB)\n[querybuilder tests/tests]   | Collecting sqlparse>=0.2.2 (from Django>=2.2->-r requirements/requirements.txt (line 1))\n[querybuilder tests/tests]   |   Downloading sqlparse-0.4.4-py3-none-any.whl (41 kB)\n[querybuilder tests/tests]   |      \u2501\u2501\u2501\u2501\u2501\u2501\u2501\u2501\u2501\u2501\u2501\u2501\u2501\u2501\u2501\u2501\u2501\u2501\u2501\u2501\u2501\u2501\u2501\u2501\u2501\u2501\u2501\u2501\u2501\u2501\u2501\u2501\u2501\u2501\u2501\u2501\u2501\u2501\u2501 41.2/41.2 kB 955.6 kB/s eta 0:00:00\n[querybuilder tests/tests]   | Collecting python-dateutil>=2.2 (from fleming>=0.6.0->-r requirements/requirements.txt (line 3))\n[querybuilder tests/tests]   |   Downloading python_dateutil-2.8.2-py2.py3-none-any.whl (247 kB)\n[querybuilder tests/tests]   |      \u2501\u2501\u2501\u2501\u2501\u2501\u2501\u2501\u2501\u2501\u2501\u2501\u2501\u2501\u2501\u2501\u2501\u2501\u2501\u2501\u2501\u2501\u2501\u2501\u2501\u2501\u2501\u2501\u2501\u2501\u2501\u2501\u2501\u2501\u2501\u2501\u2501\u2501 247.7/247.7 kB 11.7 MB/s eta 0:00:00\n[querybuilder tests/tests]   | Collecting typing-extensions>=4 (from asgiref<4,>=3.3.2->Django>=2.2->-r requirements/requirements.txt (line 1))\n[querybuilder tests/tests]   |   Downloading typing_extensions-4.6.2-py3-none-any.whl (31 kB)\n[querybuilder tests/tests]   | Installing collected packages: pytz, typing-extensions, sqlparse, six, python-dateutil, asgiref, fleming, Django\n[querybuilder tests/tests]   | Successfully installed Django-3.2.19 asgiref-3.7.2 fleming-0.7.0 python-dateutil-2.8.2 pytz-2023.3 six-1.16.0 sqlparse-0.4.4 typing-extensions-4.6.2\n[querybuilder tests/tests]   | \n[querybuilder tests/tests]   | [notice] A new release of pip is available: 20.1.1 -> 23.1.2\n[querybuilder tests/tests]   | [notice] To update, run: pip install --upgrade pip\n[querybuilder tests/tests]   | Requirement already satisfied: pytz in /opt/hostedtoolcache/Python/3.7.11/x64/lib/python3.7/site-packages (from -r requirements/requirements-testing.txt (line 1)) (2023.3)\n[querybuilder tests/tests]   | Requirement already satisfied: fleming in /opt/hostedtoolcache/Python/3.7.11/x64/lib/python3.7/site-packages (from -r requirements/requirements-testing.txt (line 2)) (0.7.0)\n[querybuilder tests/tests]   | Requirement already satisfied: six in /opt/hostedtoolcache/Python/3.7.11/x64/lib/python3.7/site-packages (from -r requirements/requirements-testing.txt (line 3)) (1.16.0)\n[querybuilder tests/tests]   | Collecting psycopg2 (from -r requirements/requirements-testing.txt (line 4))\n[querybuilder tests/tests]   |   Downloading psycopg2-2.9.6.tar.gz (383 kB)\n[querybuilder tests/tests]   |      \u2501\u2501\u2501\u2501\u2501\u2501\u2501\u2501\u2501\u2501\u2501\u2501\u2501\u2501\u2501\u2501\u2501\u2501\u2501\u2501\u2501\u2501\u2501\u2501\u2501\u2501\u2501\u2501\u2501\u2501\u2501\u2501\u2501\u2501\u2501\u2501\u2501\u2501 384.0/384.0 kB 29.8 MB/s eta 0:00:00\n[querybuilder tests/tests]   |   Preparing metadata (setup.py): started\n[querybuilder tests/tests]   |   Preparing metadata (setup.py): finished with status 'done'\n[querybuilder tests/tests]   | Collecting django-nose>=1.4 (from -r requirements/requirements-testing.txt (line 5))\n[querybuilder tests/tests]   |   Downloading django_nose-1.4.7-py2.py3-none-any.whl (26 kB)\n[querybuilder tests/tests]   | Collecting django-dynamic-fixture (from -r requirements/requirements-testing.txt (line 6))\n[querybuilder tests/tests]   |   Downloading django-dynamic-fixture-3.1.2.tar.gz (41 kB)\n[querybuilder tests/tests]   |      \u2501\u2501\u2501\u2501\u2501\u2501\u2501\u2501\u2501\u2501\u2501\u2501\u2501\u2501\u2501\u2501\u2501\u2501\u2501\u2501\u2501\u2501\u2501\u2501\u2501\u2501\u2501\u2501\u2501\u2501\u2501\u2501\u2501\u2501\u2501\u2501\u2501\u2501\u2501\u2501 41.2/41.2 kB 8.1 MB/s eta 0:00:00\n[querybuilder tests/tests]   |   Preparing metadata (setup.py): started\n[querybuilder tests/tests]   |   Preparing metadata (setup.py): finished with status 'done'\n[querybuilder tests/tests]   | Collecting jsonfield==0.9.20 (from -r requirements/requirements-testing.txt (line 7))\n[querybuilder tests/tests]   |   Downloading jsonfield-0.9.20.tar.gz (6.6 kB)\n[querybuilder tests/tests]   |   Preparing metadata (setup.py): started\n[querybuilder tests/tests]   |   Preparing metadata (setup.py): finished with status 'done'\n[querybuilder tests/tests]   | Collecting mock (from -r requirements/requirements-testing.txt (line 8))\n[querybuilder tests/tests]   |   Downloading mock-5.0.2-py3-none-any.whl (30 kB)\n[querybuilder tests/tests]   | Collecting coverage (from -r requirements/requirements-testing.txt (line 9))\n[querybuilder tests/tests]   |   Downloading coverage-7.2.6-cp37-cp37m-manylinux_2_5_x86_64.manylinux1_x86_64.manylinux_2_17_x86_64.manylinux2014_x86_64.whl (225 kB)\n[querybuilder tests/tests]   |      \u2501\u2501\u2501\u2501\u2501\u2501\u2501\u2501\u2501\u2501\u2501\u2501\u2501\u2501\u2501\u2501\u2501\u2501\u2501\u2501\u2501\u2501\u2501\u2501\u2501\u2501\u2501\u2501\u2501\u2501\u2501\u2501\u2501\u2501\u2501\u2501\u2501\u2501 225.5/225.5 kB 40.3 MB/s eta 0:00:00\n[querybuilder tests/tests]   | Collecting flake8 (from -r requirements/requirements-testing.txt (line 10))\n[querybuilder tests/tests]   |   Downloading flake8-5.0.4-py2.py3-none-any.whl (61 kB)\n[querybuilder tests/tests]   |      \u2501\u2501\u2501\u2501\u2501\u2501\u2501\u2501\u2501\u2501\u2501\u2501\u2501\u2501\u2501\u2501\u2501\u2501\u2501\u2501\u2501\u2501\u2501\u2501\u2501\u2501\u2501\u2501\u2501\u2501\u2501\u2501\u2501\u2501\u2501\u2501\u2501\u2501\u2501\u2501 61.9/61.9 kB 8.9 MB/s eta 0:00:00\n[querybuilder tests/tests]   | Requirement already satisfied: python-dateutil>=2.2 in /opt/hostedtoolcache/Python/3.7.11/x64/lib/python3.7/site-packages (from fleming->-r requirements/requirements-testing.txt (line 2)) (2.8.2)\n[querybuilder tests/tests]   | Collecting nose>=1.2.1 (from django-nose>=1.4->-r requirements/requirements-testing.txt (line 5))\n[querybuilder tests/tests]   |   Downloading nose-1.3.7-py3-none-any.whl (154 kB)\n[querybuilder tests/tests]   |      \u2501\u2501\u2501\u2501\u2501\u2501\u2501\u2501\u2501\u2501\u2501\u2501\u2501\u2501\u2501\u2501\u2501\u2501\u2501\u2501\u2501\u2501\u2501\u2501\u2501\u2501\u2501\u2501\u2501\u2501\u2501\u2501\u2501\u2501\u2501\u2501\u2501\u2501 154.7/154.7 kB 11.8 MB/s eta 0:00:00\n[querybuilder tests/tests]   | Collecting mccabe<0.8.0,>=0.7.0 (from flake8->-r requirements/requirements-testing.txt (line 10))\n[querybuilder tests/tests]   |   Downloading mccabe-0.7.0-py2.py3-none-any.whl (7.3 kB)\n[querybuilder tests/tests]   | Collecting pycodestyle<2.10.0,>=2.9.0 (from flake8->-r requirements/requirements-testing.txt (line 10))\n[querybuilder tests/tests]   |   Downloading pycodestyle-2.9.1-py2.py3-none-any.whl (41 kB)\n[querybuilder tests/tests]   |      \u2501\u2501\u2501\u2501\u2501\u2501\u2501\u2501\u2501\u2501\u2501\u2501\u2501\u2501\u2501\u2501\u2501\u2501\u2501\u2501\u2501\u2501\u2501\u2501\u2501\u2501\u2501\u2501\u2501\u2501\u2501\u2501\u2501\u2501\u2501\u2501\u2501\u2501\u2501\u2501 41.5/41.5 kB 5.3 MB/s eta 0:00:00\n[querybuilder tests/tests]   | Collecting pyflakes<2.6.0,>=2.5.0 (from flake8->-r requirements/requirements-testing.txt (line 10))\n[querybuilder tests/tests]   |   Downloading pyflakes-2.5.0-py2.py3-none-any.whl (66 kB)\n[querybuilder tests/tests]   |      \u2501\u2501\u2501\u2501\u2501\u2501\u2501\u2501\u2501\u2501\u2501\u2501\u2501\u2501\u2501\u2501\u2501\u2501\u2501\u2501\u2501\u2501\u2501\u2501\u2501\u2501\u2501\u2501\u2501\u2501\u2501\u2501\u2501\u2501\u2501\u2501\u2501\u2501\u2501\u2501 66.1/66.1 kB 12.4 MB/s eta 0:00:00\n[querybuilder tests/tests]   | Collecting importlib-metadata<4.3,>=1.1.0 (from flake8->-r requirements/requirements-testing.txt (line 10))\n[querybuilder tests/tests]   |   Downloading importlib_metadata-4.2.0-py3-none-any.whl (16 kB)\n[querybuilder tests/tests]   | Collecting zipp>=0.5 (from importlib-metadata<4.3,>=1.1.0->flake8->-r requirements/requirements-testing.txt (line 10))\n[querybuilder tests/tests]   |   Downloading zipp-3.15.0-py3-none-any.whl (6.8 kB)\n[querybuilder tests/tests]   | Requirement already satisfied: typing-extensions>=3.6.4 in /opt/hostedtoolcache/Python/3.7.11/x64/lib/python3.7/site-packages (from importlib-metadata<4.3,>=1.1.0->flake8->-r requirements/requirements-testing.txt (line 10)) (4.6.2)\n[querybuilder tests/tests]   | Building wheels for collected packages: jsonfield, psycopg2, django-dynamic-fixture\n[querybuilder tests/tests]   |   Building wheel for jsonfield (setup.py): started\n[querybuilder tests/tests]   |   Building wheel for jsonfield (setup.py): finished with status 'done'\n[querybuilder tests/tests]   |   Created wheel for jsonfield: filename=jsonfield-0.9.20-py3-none-any.whl size=7944 sha256=652e79bbf289a466dd19e88380b19f67e2cad06aeac9c6de6968dc2be30e7aa8\n[querybuilder tests/tests]   |   Stored in directory: /home/runneradmin/.cache/pip/wheels/b0/d7/13/76bc86009084e4b780f50922f663ce36919544ab1b5827542e\n[querybuilder tests/tests]   |   Building wheel for psycopg2 (setup.py): started\n[querybuilder tests/tests]   |   Building wheel for psycopg2 (setup.py): finished with status 'done'\n[querybuilder tests/tests]   |   Created wheel for psycopg2: filename=psycopg2-2.9.6-cp37-cp37m-linux_x86_64.whl size=552261 sha256=0cc5391b443b056110ab2591b11d268708f1265a21811a7868dc7016d36224b4\n[querybuilder tests/tests]   |   Stored in directory: /home/runneradmin/.cache/pip/wheels/9d/f3/21/cbf320fe8a9661246db7b8e5bacc0362ec111674c8698d03ec\n[querybuilder tests/tests]   |   Building wheel for django-dynamic-fixture (setup.py): started\n[querybuilder tests/tests]   |   Building wheel for django-dynamic-fixture (setup.py): finished with status 'done'\n[querybuilder tests/tests]   |   Created wheel for django-dynamic-fixture: filename=django_dynamic_fixture-3.1.2-py3-none-any.whl size=60674 sha256=4b1db19a9a79da6b742d97734076670b13cac43bb3548e58363b09ed634a5ba3\n[querybuilder tests/tests]   |   Stored in directory: /home/runneradmin/.cache/pip/wheels/90/7b/74/c216118352e9708debad3ad490079e166ceb19bfe30779b7de\n[querybuilder tests/tests]   | Successfully built jsonfield psycopg2 django-dynamic-fixture\n[querybuilder tests/tests]   | Installing collected packages: nose, jsonfield, zipp, pyflakes, pycodestyle, psycopg2, mock, mccabe, django-nose, django-dynamic-fixture, coverage, importlib-metadata, flake8\n[querybuilder tests/tests]   | Successfully installed coverage-7.2.6 django-dynamic-fixture-3.1.2 django-nose-1.4.7 flake8-5.0.4 importlib-metadata-4.2.0 jsonfield-0.9.20 mccabe-0.7.0 mock-5.0.2 nose-1.3.7 psycopg2-2.9.6 pycodestyle-2.9.1 pyflakes-2.5.0 zipp-3.15.0\n[querybuilder tests/tests]   | \n[querybuilder tests/tests]   | [notice] A new release of pip is available: 20.1.1 -> 23.1.2\n[querybuilder tests/tests]   | [notice] To update, run: pip install --upgrade pip\n[querybuilder tests/tests]   | Collecting Django~=2.2.0\n[querybuilder tests/tests]   |   Downloading Django-2.2.28-py3-none-any.whl (7.5 MB)\n[querybuilder tests/tests]   |      \u2501\u2501\u2501\u2501\u2501\u2501\u2501\u2501\u2501\u2501\u2501\u2501\u2501\u2501\u2501\u2501\u2501\u2501\u2501\u2501\u2501\u2501\u2501\u2501\u2501\u2501\u2501\u2501\u2501\u2501\u2501\u2501\u2501\u2501\u2501\u2501\u2501\u2501\u2501\u2501 7.5/7.5 MB 36.5 MB/s eta 0:00:00\n[querybuilder tests/tests]   | Requirement already satisfied: pytz in /opt/hostedtoolcache/Python/3.7.11/x64/lib/python3.7/site-packages (from Django~=2.2.0) (2023.3)\n[querybuilder tests/tests]   | Requirement already satisfied: sqlparse>=0.2.2 in /opt/hostedtoolcache/Python/3.7.11/x64/lib/python3.7/site-packages (from Django~=2.2.0) (0.4.4)\n[querybuilder tests/tests]   | Installing collected packages: Django\n[querybuilder tests/tests]   |   Attempting uninstall: Django\n[querybuilder tests/tests]   |     Found existing installation: Django 3.2.19\n[querybuilder tests/tests]   |     Uninstalling Django-3.2.19:\n[querybuilder tests/tests]   |       Successfully uninstalled Django-3.2.19\n[querybuilder tests/tests]   | Successfully installed Django-2.2.28\n[querybuilder tests/tests]   | \n[querybuilder tests/tests]   | [notice] A new release of pip is available: 20.1.1 -> 23.1.2\n[querybuilder tests/tests]   | [notice] To update, run: pip install --upgrade pip\n[querybuilder tests/tests]   | asgiref==3.7.2\n[querybuilder tests/tests]   | coverage==7.2.6\n[querybuilder tests/tests]   | Django==2.2.28\n[querybuilder tests/tests]   | django-dynamic-fixture==3.1.2\n[querybuilder tests/tests]   | django-nose==1.4.7\n[querybuilder tests/tests]   | flake8==5.0.4\n[querybuilder tests/tests]   | fleming==0.7.0\n[querybuilder tests/tests]   | importlib-metadata==4.2.0\n[querybuilder tests/tests]   | jsonfield==0.9.20\n[querybuilder tests/tests]   | mccabe==0.7.0\n[querybuilder tests/tests]   | mock==5.0.2\n[querybuilder tests/tests]   | nose==1.3.7\n[querybuilder tests/tests]   | psycopg2==2.9.6\n[querybuilder tests/tests]   | pycodestyle==2.9.1\n[querybuilder tests/tests]   | pyflakes==2.5.0\n[querybuilder tests/tests]   | python-dateutil==2.8.2\n[querybuilder tests/tests]   | pytz==2023.3\n[querybuilder tests/tests]   | six==1.16.0\n[querybuilder tests/tests]   | sqlparse==0.4.4\n[querybuilder tests/tests]   | typing_extensions==4.6.2\n[querybuilder tests/tests]   | zipp==3.15.0\n[querybuilder tests/tests]   \u2705  Success - Main Setup\n[querybuilder tests/tests] \u2b50 Run Main Run tests\n[querybuilder tests/tests]   \ud83d\udc33  docker exec cmd=[bash --noprofile --norc -e -o pipefail /var/run/act/workflow/3] user= workdir=\n[querybuilder tests/tests]   | Creating test database for alias 'default'...\n[querybuilder tests/tests]   | /opt/hostedtoolcache/Python/3.7.11/x64/lib/python3.7/site-packages/django/db/backends/postgresql/base.py:270: RuntimeWarning: Normally Django will use a connection to the 'postgres' database to avoid running initialization queries against the production database when it's not needed (for example, when running tests). Django was unable to create a connection to the 'postgres' database and will use the first PostgreSQL database instead.\n[querybuilder tests/tests]   |   RuntimeWarning\n[querybuilder tests/tests]   | Traceback (most recent call last):\n[querybuilder tests/tests]   |   File \"/opt/hostedtoolcache/Python/3.7.11/x64/lib/python3.7/site-packages/django/db/backends/base/base.py\", line 217, in ensure_connection\n[querybuilder tests/tests]   |     self.connect()\n[querybuilder tests/tests]   |   File \"/opt/hostedtoolcache/Python/3.7.11/x64/lib/python3.7/site-packages/django/db/backends/base/base.py\", line 195, in connect\n[querybuilder tests/tests]   |     self.connection = self.get_new_connection(conn_params)\n[querybuilder tests/tests]   |   File \"/opt/hostedtoolcache/Python/3.7.11/x64/lib/python3.7/site-packages/django/db/backends/postgresql/base.py\", line 178, in get_new_connection\n[querybuilder tests/tests]   |     connection = Database.connect(**conn_params)\n[querybuilder tests/tests]   |   File \"/opt/hostedtoolcache/Python/3.7.11/x64/lib/python3.7/site-packages/psycopg2/__init__.py\", line 122, in connect\n[querybuilder tests/tests]   |     conn = _connect(dsn, connection_factory=connection_factory, **kwasync)\n[querybuilder tests/tests]   | psycopg2.OperationalError: could not connect to server: Connection refused\n[querybuilder tests/tests]   | \tIs the server running on host \"localhost\" (127.0.0.1) and accepting\n[querybuilder tests/tests]   | \tTCP/IP connections on port 5432?\n[querybuilder tests/tests]   | could not connect to server: Cannot assign requested address\n[querybuilder tests/tests]   | \tIs the server running on host \"localhost\" (::1) and accepting\n[querybuilder tests/tests]   | \tTCP/IP connections on port 5432?\n[querybuilder tests/tests]   | \n[querybuilder tests/tests]   | \n[querybuilder tests/tests]   | The above exception was the direct cause of the following exception:\n[querybuilder tests/tests]   | \n[querybuilder tests/tests]   | Traceback (most recent call last):\n[querybuilder tests/tests]   |   File \"manage.py\", line 12, in <module>\n[querybuilder tests/tests]   |     execute_from_command_line(sys.argv)\n[querybuilder tests/tests]   |   File \"/opt/hostedtoolcache/Python/3.7.11/x64/lib/python3.7/site-packages/django/core/management/__init__.py\", line 381, in execute_from_command_line\n[querybuilder tests/tests]   |     utility.execute()\n[querybuilder tests/tests]   |   File \"/opt/hostedtoolcache/Python/3.7.11/x64/lib/python3.7/site-packages/django/core/management/__init__.py\", line 375, in execute\n[querybuilder tests/tests]   |     self.fetch_command(subcommand).run_from_argv(self.argv)\n[querybuilder tests/tests]   |   File \"/opt/hostedtoolcache/Python/3.7.11/x64/lib/python3.7/site-packages/django/core/management/commands/test.py\", line 23, in run_from_argv\n[querybuilder tests/tests]   |     super().run_from_argv(argv)\n[querybuilder tests/tests]   |   File \"/opt/hostedtoolcache/Python/3.7.11/x64/lib/python3.7/site-packages/django/core/management/base.py\", line 323, in run_from_argv\n[querybuilder tests/tests]   |     self.execute(*args, **cmd_options)\n[querybuilder tests/tests]   |   File \"/opt/hostedtoolcache/Python/3.7.11/x64/lib/python3.7/site-packages/django/core/management/base.py\", line 364, in execute\n[querybuilder tests/tests]   |     output = self.handle(*args, **options)\n[querybuilder tests/tests]   |   File \"/opt/hostedtoolcache/Python/3.7.11/x64/lib/python3.7/site-packages/django/core/management/commands/test.py\", line 53, in handle\n[querybuilder tests/tests]   |     failures = test_runner.run_tests(test_labels)\n[querybuilder tests/tests]   |   File \"/opt/hostedtoolcache/Python/3.7.11/x64/lib/python3.7/site-packages/django_nose/runner.py\", line 308, in run_tests\n[querybuilder tests/tests]   |     result = self.run_suite(nose_argv)\n[querybuilder tests/tests]   |   File \"/opt/hostedtoolcache/Python/3.7.11/x64/lib/python3.7/site-packages/django_nose/runner.py\", line 245, in run_suite\n[querybuilder tests/tests]   |     addplugins=plugins_to_add)\n[querybuilder tests/tests]   |   File \"/opt/hostedtoolcache/Python/3.7.11/x64/lib/python3.7/site-packages/nose/core.py\", line 121, in __init__\n[querybuilder tests/tests]   |     **extra_args)\n[querybuilder tests/tests]   |   File \"/opt/hostedtoolcache/Python/3.7.11/x64/lib/python3.7/unittest/main.py\", line 101, in __init__\n[querybuilder tests/tests]   |     self.runTests()\n[querybuilder tests/tests]   |   File \"/opt/hostedtoolcache/Python/3.7.11/x64/lib/python3.7/site-packages/nose/core.py\", line 207, in runTests\n[querybuilder tests/tests]   |     result = self.testRunner.run(self.test)\n[querybuilder tests/tests]   |   File \"/opt/hostedtoolcache/Python/3.7.11/x64/lib/python3.7/site-packages/nose/core.py\", line 50, in run\n[querybuilder tests/tests]   |     wrapper = self.config.plugins.prepareTest(test)\n[querybuilder tests/tests]   |   File \"/opt/hostedtoolcache/Python/3.7.11/x64/lib/python3.7/site-packages/nose/plugins/manager.py\", line 99, in __call__\n[querybuilder tests/tests]   |     return self.call(*arg, **kw)\n[querybuilder tests/tests]   |   File \"/opt/hostedtoolcache/Python/3.7.11/x64/lib/python3.7/site-packages/nose/plugins/manager.py\", line 167, in simple\n[querybuilder tests/tests]   |     result = meth(*arg, **kw)\n[querybuilder tests/tests]   |   File \"/opt/hostedtoolcache/Python/3.7.11/x64/lib/python3.7/site-packages/django_nose/plugin.py\", line 82, in prepareTest\n[querybuilder tests/tests]   |     self.old_names = self.runner.setup_databases()\n[querybuilder tests/tests]   |   File \"/opt/hostedtoolcache/Python/3.7.11/x64/lib/python3.7/site-packages/django_nose/runner.py\", line 491, in setup_databases\n[querybuilder tests/tests]   |     return super(NoseTestSuiteRunner, self).setup_databases()\n[querybuilder tests/tests]   |   File \"/opt/hostedtoolcache/Python/3.7.11/x64/lib/python3.7/site-packages/django/test/runner.py\", line 554, in setup_databases\n[querybuilder tests/tests]   |     self.parallel, **kwargs\n[querybuilder tests/tests]   |   File \"/opt/hostedtoolcache/Python/3.7.11/x64/lib/python3.7/site-packages/django/test/utils.py\", line 174, in setup_databases\n[querybuilder tests/tests]   |     serialize=connection.settings_dict.get('TEST', {}).get('SERIALIZE', True),\n[querybuilder tests/tests]   |   File \"/opt/hostedtoolcache/Python/3.7.11/x64/lib/python3.7/site-packages/django/db/backends/base/creation.py\", line 58, in create_test_db\n[querybuilder tests/tests]   |     self._create_test_db(verbosity, autoclobber, keepdb)\n[querybuilder tests/tests]   |   File \"/opt/hostedtoolcache/Python/3.7.11/x64/lib/python3.7/site-packages/django/db/backends/base/creation.py\", line 168, in _create_test_db\n[querybuilder tests/tests]   |     with self._nodb_connection.cursor() as cursor:\n[querybuilder tests/tests]   |   File \"/opt/hostedtoolcache/Python/3.7.11/x64/lib/python3.7/site-packages/django/db/backends/base/base.py\", line 256, in cursor\n[querybuilder tests/tests]   |     return self._cursor()\n[querybuilder tests/tests]   |   File \"/opt/hostedtoolcache/Python/3.7.11/x64/lib/python3.7/site-packages/django/db/backends/base/base.py\", line 233, in _cursor\n[querybuilder tests/tests]   |     self.ensure_connection()\n[querybuilder tests/tests]   |   File \"/opt/hostedtoolcache/Python/3.7.11/x64/lib/python3.7/site-packages/django/db/backends/base/base.py\", line 217, in ensure_connection\n[querybuilder tests/tests]   |     self.connect()\n[querybuilder tests/tests]   |   File \"/opt/hostedtoolcache/Python/3.7.11/x64/lib/python3.7/site-packages/django/db/utils.py\", line 89, in __exit__\n[querybuilder tests/tests]   |     raise dj_exc_value.with_traceback(traceback) from exc_value\n[querybuilder tests/tests]   |   File \"/opt/hostedtoolcache/Python/3.7.11/x64/lib/python3.7/site-packages/django/db/backends/base/base.py\", line 217, in ensure_connection\n[querybuilder tests/tests]   |     self.connect()\n[querybuilder tests/tests]   |   File \"/opt/hostedtoolcache/Python/3.7.11/x64/lib/python3.7/site-packages/django/db/backends/base/base.py\", line 195, in connect\n[querybuilder tests/tests]   |     self.connection = self.get_new_connection(conn_params)\n[querybuilder tests/tests]   |   File \"/opt/hostedtoolcache/Python/3.7.11/x64/lib/python3.7/site-packages/django/db/backends/postgresql/base.py\", line 178, in get_new_connection\n[querybuilder tests/tests]   |     connection = Database.connect(**conn_params)\n[querybuilder tests/tests]   |   File \"/opt/hostedtoolcache/Python/3.7.11/x64/lib/python3.7/site-packages/psycopg2/__init__.py\", line 122, in connect\n[querybuilder tests/tests]   |     conn = _connect(dsn, connection_factory=connection_factory, **kwasync)\n[querybuilder tests/tests]   | django.db.utils.OperationalError: could not connect to server: Connection refused\n[querybuilder tests/tests]   | \tIs the server running on host \"localhost\" (127.0.0.1) and accepting\n[querybuilder tests/tests]   | \tTCP/IP connections on port 5432?\n[querybuilder tests/tests]   | could not connect to server: Cannot assign requested address\n[querybuilder tests/tests]   | \tIs the server running on host \"localhost\" (::1) and accepting\n[querybuilder tests/tests]   | \tTCP/IP connections on port 5432?\n[querybuilder tests/tests]   | \n[querybuilder tests/tests]   | nosetests querybuilder --nocapture --nologcapture --verbosity=1\n[querybuilder tests/tests]   \u274c  Failure - Main Run tests\n[querybuilder tests/tests] exitcode '1': failure\n[querybuilder tests/tests] \ud83c\udfc1  Job failed\n",
    "actions_stderr": "Error: Job 'tests' failed\n"
}