{
    "repository": "apyb/associados",
    "clone_url": "https://github.com/apyb/associados.git",
    "timestamp": "2023-05-29T14:32:44.545255Z",
    "clone_success": true,
    "number of actions": 1,
    "number_of_test_actions": 1,
    "actions_successful": false,
    "actions_stdout": "[Run tests/tests] \ud83d\ude80  Start image=crawlergpt:latest\n[Run tests/tests]   \ud83d\udc33  docker pull image=crawlergpt:latest platform= username= forcePull=false\n[Run tests/tests]   \ud83d\udc33  docker create image=crawlergpt:latest platform= entrypoint=[\"tail\" \"-f\" \"/dev/null\"] cmd=[]\n[Run tests/tests]   \ud83d\udc33  docker run image=crawlergpt:latest platform= entrypoint=[\"tail\" \"-f\" \"/dev/null\"] cmd=[]\n[Run tests/tests]   \ud83d\udc33  docker exec cmd=[chown -R 1012:1000 /tmp/de65f406-fe28-11ed-a890-af2cc187fc11/apyb-associados] user=0 workdir=\n[Run tests/tests] \u2b50 Run Main actions/checkout@v2\n[Run tests/tests]   \u2705  Success - Main actions/checkout@v2\n[Run tests/tests] \u2b50 Run Main Build image for web service\n[Run tests/tests]   \ud83d\udc33  docker exec cmd=[bash --noprofile --norc -e -o pipefail /var/run/act/workflow/1] user= workdir=\n[Run tests/tests]   | [33] Failed to execute script docker-compose\n[Run tests/tests]   | Traceback (most recent call last):\n[Run tests/tests]   |   File \"urllib3/connectionpool.py\", line 677, in urlopen\n[Run tests/tests]   |   File \"urllib3/connectionpool.py\", line 392, in _make_request\n[Run tests/tests]   |   File \"http/client.py\", line 1277, in request\n[Run tests/tests]   |   File \"http/client.py\", line 1323, in _send_request\n[Run tests/tests]   |   File \"http/client.py\", line 1272, in endheaders\n[Run tests/tests]   |   File \"http/client.py\", line 1032, in _send_output\n[Run tests/tests]   |   File \"http/client.py\", line 972, in send\n[Run tests/tests]   |   File \"docker/transport/unixconn.py\", line 43, in connect\n[Run tests/tests]   | PermissionError: [Errno 13] Permission denied\n[Run tests/tests]   | \n[Run tests/tests]   | During handling of the above exception, another exception occurred:\n[Run tests/tests]   | \n[Run tests/tests]   | Traceback (most recent call last):\n[Run tests/tests]   |   File \"requests/adapters.py\", line 449, in send\n[Run tests/tests]   |   File \"urllib3/connectionpool.py\", line 727, in urlopen\n[Run tests/tests]   |   File \"urllib3/util/retry.py\", line 410, in increment\n[Run tests/tests]   |   File \"urllib3/packages/six.py\", line 734, in reraise\n[Run tests/tests]   |   File \"urllib3/connectionpool.py\", line 677, in urlopen\n[Run tests/tests]   |   File \"urllib3/connectionpool.py\", line 392, in _make_request\n[Run tests/tests]   |   File \"http/client.py\", line 1277, in request\n[Run tests/tests]   |   File \"http/client.py\", line 1323, in _send_request\n[Run tests/tests]   |   File \"http/client.py\", line 1272, in endheaders\n[Run tests/tests]   |   File \"http/client.py\", line 1032, in _send_output\n[Run tests/tests]   |   File \"http/client.py\", line 972, in send\n[Run tests/tests]   |   File \"docker/transport/unixconn.py\", line 43, in connect\n[Run tests/tests]   | urllib3.exceptions.ProtocolError: ('Connection aborted.', PermissionError(13, 'Permission denied'))\n[Run tests/tests]   | \n[Run tests/tests]   | During handling of the above exception, another exception occurred:\n[Run tests/tests]   | \n[Run tests/tests]   | Traceback (most recent call last):\n[Run tests/tests]   |   File \"docker/api/client.py\", line 214, in _retrieve_server_version\n[Run tests/tests]   |   File \"docker/api/daemon.py\", line 181, in version\n[Run tests/tests]   |   File \"docker/utils/decorators.py\", line 46, in inner\n[Run tests/tests]   |   File \"docker/api/client.py\", line 237, in _get\n[Run tests/tests]   |   File \"requests/sessions.py\", line 543, in get\n[Run tests/tests]   |   File \"requests/sessions.py\", line 530, in request\n[Run tests/tests]   |   File \"requests/sessions.py\", line 643, in send\n[Run tests/tests]   |   File \"requests/adapters.py\", line 498, in send\n[Run tests/tests]   | requests.exceptions.ConnectionError: ('Connection aborted.', PermissionError(13, 'Permission denied'))\n[Run tests/tests]   | \n[Run tests/tests]   | During handling of the above exception, another exception occurred:\n[Run tests/tests]   | \n[Run tests/tests]   | Traceback (most recent call last):\n[Run tests/tests]   |   File \"docker-compose\", line 3, in <module>\n[Run tests/tests]   |   File \"compose/cli/main.py\", line 81, in main\n[Run tests/tests]   |   File \"compose/cli/main.py\", line 200, in perform_command\n[Run tests/tests]   |   File \"compose/cli/command.py\", line 70, in project_from_options\n[Run tests/tests]   |   File \"compose/cli/command.py\", line 153, in get_project\n[Run tests/tests]   |   File \"compose/cli/docker_client.py\", line 43, in get_client\n[Run tests/tests]   |   File \"compose/cli/docker_client.py\", line 170, in docker_client\n[Run tests/tests]   |   File \"docker/api/client.py\", line 197, in __init__\n[Run tests/tests]   |   File \"docker/api/client.py\", line 222, in _retrieve_server_version\n[Run tests/tests]   | docker.errors.DockerException: Error while fetching server API version: ('Connection aborted.', PermissionError(13, 'Permission denied'))\n[Run tests/tests]   \u274c  Failure - Main Build image for web service\n[Run tests/tests] exitcode '255': failure\n[Run tests/tests] \ud83c\udfc1  Job failed\n",
    "actions_stderr": "Error: Job 'tests' failed\n"
}