{
    "repository": "bmuller/kademlia",
    "clone_url": "https://github.com/bmuller/kademlia.git",
    "timestamp": "2023-05-29T15:14:03.363144Z",
    "clone_success": true,
    "number of actions": 1,
    "number_of_test_actions": 1,
    "actions_successful": false,
    "actions_stdout": "[ci/test] \ud83d\ude80  Start image=crawlergpt:latest\n[ci/test]   \ud83d\udc33  docker pull image=crawlergpt:latest platform= username= forcePull=false\n[ci/test]   \ud83d\udc33  docker create image=crawlergpt:latest platform= entrypoint=[\"tail\" \"-f\" \"/dev/null\"] cmd=[]\n[ci/test]   \ud83d\udc33  docker run image=crawlergpt:latest platform= entrypoint=[\"tail\" \"-f\" \"/dev/null\"] cmd=[]\n[ci/test]   \ud83d\udc33  docker exec cmd=[chown -R 1012:1000 /tmp/de65f406-fe28-11ed-a890-af2cc187fc11/bmuller-kademlia] user=0 workdir=\n[ci/test]   \u2601  git clone 'https://github.com/actions/setup-python' # ref=v2\n[ci/test] \ud83e\uddea  Matrix: map[python-version:3.6]\n[ci/test] \u2b50 Run Main actions/checkout@v2\n[ci/test]   \u2705  Success - Main actions/checkout@v2\n[ci/test] \u2b50 Run Main actions/setup-python@v2\n[ci/test]   \ud83d\udc33  docker cp src=/home/andre-silva/.cache/act/actions-setup-python@v2/ dst=/var/run/act/actions/actions-setup-python@v2/\n[ci/test]   \ud83d\udc33  docker exec cmd=[chown -R 1012:1000 /var/run/act/actions/actions-setup-python@v2/] user=0 workdir=\n[ci/test]   \ud83d\udc33  docker exec cmd=[node /var/run/act/actions/actions-setup-python@v2/dist/setup/index.js] user= workdir=\n[ci/test]   \ud83d\udcac  ::debug::Semantic version spec of 3.6 is 3.6\n[ci/test]   \ud83d\udcac  ::debug::isExplicit: \n[ci/test]   \ud83d\udcac  ::debug::explicit? false\n[ci/test]   \ud83d\udcac  ::debug::isExplicit: 2.7.18\n[ci/test]   \ud83d\udcac  ::debug::explicit? true\n[ci/test]   \ud83d\udcac  ::debug::isExplicit: 3.5.10\n[ci/test]   \ud83d\udcac  ::debug::explicit? true\n[ci/test]   \ud83d\udcac  ::debug::isExplicit: 3.6.14\n[ci/test]   \ud83d\udcac  ::debug::explicit? true\n[ci/test]   \ud83d\udcac  ::debug::isExplicit: 3.7.11\n[ci/test]   \ud83d\udcac  ::debug::explicit? true\n[ci/test]   \ud83d\udcac  ::debug::isExplicit: 3.8.11\n[ci/test]   \ud83d\udcac  ::debug::explicit? true\n[ci/test]   \ud83d\udcac  ::debug::isExplicit: 3.9.6\n[ci/test]   \ud83d\udcac  ::debug::explicit? true\n[ci/test]   \ud83d\udcac  ::debug::evaluating 6 versions\n[ci/test]   \ud83d\udcac  ::debug::matched: 3.6.14\n[ci/test]   \ud83d\udcac  ::debug::checking cache: /opt/hostedtoolcache/Python/3.6.14/x64\n[ci/test]   \ud83d\udcac  ::debug::Found tool in cache Python 3.6.14 x64\n[ci/test]   | Successfully setup CPython (3.6.14)\n[ci/test]   \u2753 add-matcher /run/act/actions/actions-setup-python@v2/.github/python.json\n[ci/test]   \u2705  Success - Main actions/setup-python@v2\n[ci/test]   \u2699  ::set-env:: pythonLocation=/opt/hostedtoolcache/Python/3.6.14/x64\n[ci/test]   \u2699  ::set-env:: LD_LIBRARY_PATH=/opt/hostedtoolcache/Python/3.6.14/x64/lib\n[ci/test]   \u2699  ::set-output:: python-version=3.6.14\n[ci/test]   \u2699  ::add-path:: /opt/hostedtoolcache/Python/3.6.14/x64\n[ci/test]   \u2699  ::add-path:: /opt/hostedtoolcache/Python/3.6.14/x64/bin\n[ci/test] \u2b50 Run Main pip install -r dev-requirements.txt\n[ci/test]   \ud83d\udc33  docker exec cmd=[bash --noprofile --norc -e -o pipefail /var/run/act/workflow/2] user= workdir=\n[ci/test]   | Collecting pycodestyle>=2.5.0\n[ci/test]   |   Downloading pycodestyle-2.10.0-py2.py3-none-any.whl (41 kB)\n[ci/test]   | Collecting pylint>=2.5.0\n[ci/test]   |   Downloading pylint-2.13.9-py3-none-any.whl (438 kB)\n[ci/test]   | Collecting sphinx>=3.0.3\n[ci/test]   |   Downloading sphinx-5.3.0-py3-none-any.whl (3.2 MB)\n[ci/test]   | Collecting pytest>=5.4.1\n[ci/test]   |   Downloading pytest-7.0.1-py3-none-any.whl (296 kB)\n[ci/test]   | Collecting pytest-asyncio>=0.11.0\n[ci/test]   |   Downloading pytest_asyncio-0.16.0-py3-none-any.whl (12 kB)\n[ci/test]   | Collecting pytest-cov>=2.8.1\n[ci/test]   |   Downloading pytest_cov-4.0.0-py3-none-any.whl (21 kB)\n[ci/test]   | Collecting wheel>=0.36.2\n[ci/test]   |   Downloading wheel-0.37.1-py2.py3-none-any.whl (35 kB)\n[ci/test]   | Collecting tomli>=1.1.0\n[ci/test]   |   Downloading tomli-1.2.3-py3-none-any.whl (12 kB)\n[ci/test]   | Collecting platformdirs>=2.2.0\n[ci/test]   |   Downloading platformdirs-2.4.0-py3-none-any.whl (14 kB)\n[ci/test]   | Collecting astroid<=2.12.0-dev0,>=2.11.5\n[ci/test]   |   Downloading astroid-2.11.7-py3-none-any.whl (251 kB)\n[ci/test]   | Collecting isort<6,>=4.2.5\n[ci/test]   |   Downloading isort-5.10.1-py3-none-any.whl (103 kB)\n[ci/test]   | Collecting dill>=0.2\n[ci/test]   |   Downloading dill-0.3.4-py2.py3-none-any.whl (86 kB)\n[ci/test]   | Collecting typing-extensions>=3.10.0\n[ci/test]   |   Downloading typing_extensions-4.1.1-py3-none-any.whl (26 kB)\n[ci/test]   | Collecting mccabe<0.8,>=0.6\n[ci/test]   |   Downloading mccabe-0.7.0-py2.py3-none-any.whl (7.3 kB)\n[ci/test]   | Collecting packaging>=21.0\n[ci/test]   |   Downloading packaging-21.3-py3-none-any.whl (40 kB)\n[ci/test]   | Collecting importlib-metadata>=4.8\n[ci/test]   |   Downloading importlib_metadata-4.8.3-py3-none-any.whl (17 kB)\n[ci/test]   | Collecting alabaster<0.8,>=0.7\n[ci/test]   |   Downloading alabaster-0.7.13-py3-none-any.whl (13 kB)\n[ci/test]   | Collecting sphinxcontrib-devhelp\n[ci/test]   |   Downloading sphinxcontrib_devhelp-1.0.2-py2.py3-none-any.whl (84 kB)\n[ci/test]   | Collecting requests>=2.5.0\n[ci/test]   |   Downloading requests-2.27.1-py2.py3-none-any.whl (63 kB)\n[ci/test]   | Collecting sphinxcontrib-jsmath\n[ci/test]   |   Downloading sphinxcontrib_jsmath-1.0.1-py2.py3-none-any.whl (5.1 kB)\n[ci/test]   | Collecting imagesize>=1.3\n[ci/test]   |   Downloading imagesize-1.4.1-py2.py3-none-any.whl (8.8 kB)\n[ci/test]   | Collecting sphinxcontrib-htmlhelp>=2.0.0\n[ci/test]   |   Downloading sphinxcontrib_htmlhelp-2.0.0-py2.py3-none-any.whl (100 kB)\n[ci/test]   | Collecting babel>=2.9\n[ci/test]   |   Downloading Babel-2.11.0-py3-none-any.whl (9.5 MB)\n[ci/test]   | Collecting sphinxcontrib-applehelp\n[ci/test]   |   Downloading sphinxcontrib_applehelp-1.0.2-py2.py3-none-any.whl (121 kB)\n[ci/test]   | Collecting sphinxcontrib-serializinghtml>=1.1.5\n[ci/test]   |   Downloading sphinxcontrib_serializinghtml-1.1.5-py2.py3-none-any.whl (94 kB)\n[ci/test]   | Collecting Jinja2>=3.0\n[ci/test]   |   Downloading Jinja2-3.0.3-py3-none-any.whl (133 kB)\n[ci/test]   | Collecting Pygments>=2.12\n[ci/test]   |   Downloading Pygments-2.14.0-py3-none-any.whl (1.1 MB)\n[ci/test]   | Collecting snowballstemmer>=2.0\n[ci/test]   |   Downloading snowballstemmer-2.2.0-py2.py3-none-any.whl (93 kB)\n[ci/test]   | Collecting sphinxcontrib-qthelp\n[ci/test]   |   Downloading sphinxcontrib_qthelp-1.0.3-py2.py3-none-any.whl (90 kB)\n[ci/test]   | Collecting docutils<0.20,>=0.14\n[ci/test]   |   Downloading docutils-0.18.1-py2.py3-none-any.whl (570 kB)\n[ci/test]   | Collecting pluggy<2.0,>=0.12\n[ci/test]   |   Downloading pluggy-1.0.0-py2.py3-none-any.whl (13 kB)\n[ci/test]   | Collecting attrs>=19.2.0\n[ci/test]   |   Downloading attrs-22.2.0-py3-none-any.whl (60 kB)\n[ci/test]   | Collecting iniconfig\n[ci/test]   |   Downloading iniconfig-1.1.1-py2.py3-none-any.whl (5.0 kB)\n[ci/test]   | Collecting py>=1.8.2\n[ci/test]   |   Downloading py-1.11.0-py2.py3-none-any.whl (98 kB)\n[ci/test]   | Collecting coverage[toml]>=5.2.1\n[ci/test]   |   Downloading coverage-6.2-cp36-cp36m-manylinux_2_5_x86_64.manylinux1_x86_64.manylinux_2_12_x86_64.manylinux2010_x86_64.whl (212 kB)\n[ci/test]   | Requirement already satisfied: setuptools>=20.0 in /opt/hostedtoolcache/Python/3.6.14/x64/lib/python3.6/site-packages (from astroid<=2.12.0-dev0,>=2.11.5->pylint>=2.5.0->-r dev-requirements.txt (line 2)) (40.6.2)\n[ci/test]   | Collecting wrapt<2,>=1.11\n[ci/test]   |   Downloading wrapt-1.15.0-cp36-cp36m-manylinux_2_5_x86_64.manylinux1_x86_64.manylinux_2_17_x86_64.manylinux2014_x86_64.whl (75 kB)\n[ci/test]   | Collecting lazy-object-proxy>=1.4.0\n[ci/test]   |   Downloading lazy_object_proxy-1.7.1-cp36-cp36m-manylinux_2_5_x86_64.manylinux1_x86_64.manylinux_2_17_x86_64.manylinux2014_x86_64.whl (57 kB)\n[ci/test]   | Collecting typed-ast<2.0,>=1.4.0\n[ci/test]   |   Downloading typed_ast-1.5.4-cp36-cp36m-manylinux_2_5_x86_64.manylinux1_x86_64.manylinux_2_12_x86_64.manylinux2010_x86_64.whl (831 kB)\n[ci/test]   | Collecting pytz>=2015.7\n[ci/test]   |   Downloading pytz-2023.3-py2.py3-none-any.whl (502 kB)\n[ci/test]   | Collecting zipp>=0.5\n[ci/test]   |   Downloading zipp-3.6.0-py3-none-any.whl (5.3 kB)\n[ci/test]   | Collecting MarkupSafe>=2.0\n[ci/test]   |   Downloading MarkupSafe-2.0.1-cp36-cp36m-manylinux_2_5_x86_64.manylinux1_x86_64.manylinux_2_12_x86_64.manylinux2010_x86_64.whl (30 kB)\n[ci/test]   | Collecting pyparsing!=3.0.5,>=2.0.2\n[ci/test]   |   Downloading pyparsing-3.0.9-py3-none-any.whl (98 kB)\n[ci/test]   | Collecting charset-normalizer~=2.0.0\n[ci/test]   |   Downloading charset_normalizer-2.0.12-py3-none-any.whl (39 kB)\n[ci/test]   | Collecting urllib3<1.27,>=1.21.1\n[ci/test]   |   Downloading urllib3-1.26.16-py2.py3-none-any.whl (143 kB)\n[ci/test]   | Collecting idna<4,>=2.5\n[ci/test]   |   Downloading idna-3.4-py3-none-any.whl (61 kB)\n[ci/test]   | Collecting certifi>=2017.4.17\n[ci/test]   |   Downloading certifi-2023.5.7-py3-none-any.whl (156 kB)\n[ci/test]   | Installing collected packages: zipp, typing-extensions, pyparsing, importlib-metadata, wrapt, urllib3, typed-ast, tomli, pytz, py, pluggy, packaging, MarkupSafe, lazy-object-proxy, iniconfig, idna, coverage, charset-normalizer, certifi, attrs, sphinxcontrib-serializinghtml, sphinxcontrib-qthelp, sphinxcontrib-jsmath, sphinxcontrib-htmlhelp, sphinxcontrib-devhelp, sphinxcontrib-applehelp, snowballstemmer, requests, pytest, Pygments, platformdirs, mccabe, Jinja2, isort, imagesize, docutils, dill, babel, astroid, alabaster, wheel, sphinx, pytest-cov, pytest-asyncio, pylint, pycodestyle\n[ci/test]   | Successfully installed Jinja2-3.0.3 MarkupSafe-2.0.1 Pygments-2.14.0 alabaster-0.7.13 astroid-2.11.7 attrs-22.2.0 babel-2.11.0 certifi-2023.5.7 charset-normalizer-2.0.12 coverage-6.2 dill-0.3.4 docutils-0.18.1 idna-3.4 imagesize-1.4.1 importlib-metadata-4.8.3 iniconfig-1.1.1 isort-5.10.1 lazy-object-proxy-1.7.1 mccabe-0.7.0 packaging-21.3 platformdirs-2.4.0 pluggy-1.0.0 py-1.11.0 pycodestyle-2.10.0 pylint-2.13.9 pyparsing-3.0.9 pytest-7.0.1 pytest-asyncio-0.16.0 pytest-cov-4.0.0 pytz-2023.3 requests-2.27.1 snowballstemmer-2.2.0 sphinx-5.3.0 sphinxcontrib-applehelp-1.0.2 sphinxcontrib-devhelp-1.0.2 sphinxcontrib-htmlhelp-2.0.0 sphinxcontrib-jsmath-1.0.1 sphinxcontrib-qthelp-1.0.3 sphinxcontrib-serializinghtml-1.1.5 tomli-1.2.3 typed-ast-1.5.4 typing-extensions-4.1.1 urllib3-1.26.16 wheel-0.37.1 wrapt-1.15.0 zipp-3.6.0\n[ci/test]   | WARNING: You are using pip version 21.2.4; however, version 21.3.1 is available.\n[ci/test]   | You should consider upgrading via the '/opt/hostedtoolcache/Python/3.6.14/x64/bin/python -m pip install --upgrade pip' command.\n[ci/test]   \u2705  Success - Main pip install -r dev-requirements.txt\n[ci/test] \u2b50 Run Main pip install .\n[ci/test]   \ud83d\udc33  docker exec cmd=[bash --noprofile --norc -e -o pipefail /var/run/act/workflow/3] user= workdir=\n[ci/test]   | Processing /tmp/de65f406-fe28-11ed-a890-af2cc187fc11/bmuller-kademlia\n[ci/test]   |   DEPRECATION: A future pip version will change local packages to be built in-place without first copying to a temporary directory. We recommend you use --use-feature=in-tree-build to test your packages with this new behavior before it becomes the default.\n[ci/test]   |    pip 21.3 will remove support for this functionality. You can find discussion regarding this at https://github.com/pypa/pip/issues/7555.\n[ci/test]   | Collecting rpcudp>=4.0.1\n[ci/test]   |   Downloading rpcudp-4.0.2-py3-none-any.whl (6.5 kB)\n[ci/test]   | Collecting u-msgpack-python>=2.6\n[ci/test]   |   Downloading u_msgpack_python-2.8.0-py2.py3-none-any.whl (10 kB)\n[ci/test]   | Building wheels for collected packages: kademlia\n[ci/test]   |   Building wheel for kademlia (setup.py): started\n[ci/test]   |   Building wheel for kademlia (setup.py): finished with status 'done'\n[ci/test]   |   Created wheel for kademlia: filename=kademlia-2.2.2-py3-none-any.whl size=20312 sha256=42eefbf6d05c20d345e6e4cdead41c958cf8392be5729f37083fc0bd16414219\n[ci/test]   |   Stored in directory: /home/runneradmin/.cache/pip/wheels/e7/29/e3/9b9602ec3ef05fc6ae7c4ac410ee63288f8e9ce52eafabd84f\n[ci/test]   | Successfully built kademlia\n[ci/test]   | Installing collected packages: u-msgpack-python, rpcudp, kademlia\n[ci/test]   | Successfully installed kademlia-2.2.2 rpcudp-4.0.2 u-msgpack-python-2.8.0\n[ci/test]   | WARNING: You are using pip version 21.2.4; however, version 21.3.1 is available.\n[ci/test]   | You should consider upgrading via the '/opt/hostedtoolcache/Python/3.6.14/x64/bin/python -m pip install --upgrade pip' command.\n[ci/test]   \u2705  Success - Main pip install .\n[ci/test] \u2b50 Run Main pytest\n[ci/test]   \ud83d\udc33  docker exec cmd=[bash --noprofile --norc -e -o pipefail /var/run/act/workflow/4] user= workdir=\n[ci/test]   | ============================= test session starts ==============================\n[ci/test]   | platform linux -- Python 3.6.14, pytest-7.0.1, pluggy-1.0.0 -- /opt/hostedtoolcache/Python/3.6.14/x64/bin/python\n[ci/test]   | cachedir: .pytest_cache\n[ci/test]   | rootdir: /tmp/de65f406-fe28-11ed-a890-af2cc187fc11/bmuller-kademlia, configfile: pytest.ini\n[ci/test]   | plugins: cov-4.0.0, asyncio-0.16.0\n[ci/test]   | collecting ... collected 20 items\n[ci/test]   | \n[ci/test]   | kademlia/tests/test_linting.py::TestCodeLinting::test_pylint FAILED      [  5%]\n[ci/test]   | kademlia/tests/test_linting.py::TestCodeLinting::test_pep8 PASSED        [ 10%]\n[ci/test]   | kademlia/tests/test_node.py::TestNode::test_long_id PASSED               [ 15%]\n[ci/test]   | kademlia/tests/test_node.py::TestNode::test_distance_calculation PASSED  [ 20%]\n[ci/test]   | kademlia/tests/test_node.py::TestNodeHeap::test_max_size PASSED          [ 25%]\n[ci/test]   | kademlia/tests/test_node.py::TestNodeHeap::test_iteration PASSED         [ 30%]\n[ci/test]   | kademlia/tests/test_node.py::TestNodeHeap::test_remove PASSED            [ 35%]\n[ci/test]   | kademlia/tests/test_routing.py::TestKBucket::test_split PASSED           [ 40%]\n[ci/test]   | kademlia/tests/test_routing.py::TestKBucket::test_split_no_overlap PASSED [ 45%]\n[ci/test]   | kademlia/tests/test_routing.py::TestKBucket::test_add_node PASSED        [ 50%]\n[ci/test]   | kademlia/tests/test_routing.py::TestKBucket::test_remove_node PASSED     [ 55%]\n[ci/test]   | kademlia/tests/test_routing.py::TestKBucket::test_in_range PASSED        [ 60%]\n[ci/test]   | kademlia/tests/test_routing.py::TestKBucket::test_replacement_factor PASSED [ 65%]\n[ci/test]   | kademlia/tests/test_routing.py::TestRoutingTable::test_add_contact PASSED [ 70%]\n[ci/test]   | kademlia/tests/test_routing.py::TestTableTraverser::test_iteration PASSED [ 75%]\n[ci/test]   | kademlia/tests/test_server.py::test_storing PASSED                       [ 80%]\n[ci/test]   | kademlia/tests/test_server.py::TestSwappableProtocol::test_default_protocol PASSED [ 85%]\n[ci/test]   | kademlia/tests/test_server.py::TestSwappableProtocol::test_custom_protocol PASSED [ 90%]\n[ci/test]   | kademlia/tests/test_utils.py::TestUtils::test_digest PASSED              [ 95%]\n[ci/test]   | kademlia/tests/test_utils.py::TestUtils::test_shared_prefix PASSED       [100%]\n[ci/test]   | \n[ci/test]   | =================================== FAILURES ===================================\n[ci/test]   | _________________________ TestCodeLinting.test_pylint __________________________\n[ci/test]   | \n[ci/test]   | self = <kademlia.tests.test_linting.TestCodeLinting object at 0x7f91b702a9e8>\n[ci/test]   | \n[ci/test]   |     def test_pylint(self):\n[ci/test]   |         (stdout, _) = lint.py_run('kademlia', return_std=True)\n[ci/test]   |         errors = stdout.read()\n[ci/test]   |         if errors.strip():\n[ci/test]   | >           raise LintError(errors)\n[ci/test]   | E           kademlia.tests.test_linting.LintError: ************* Module kademlia.routing\n[ci/test]   | E            kademlia/routing.py:12: convention (C0103, invalid-name, KBucket.__init__) Argument name \"rangeLower\" doesn't conform to snake_case naming style\n[ci/test]   | E            kademlia/routing.py:12: convention (C0103, invalid-name, KBucket.__init__) Argument name \"rangeUpper\" doesn't conform to snake_case naming style\n[ci/test]   | E            kademlia/routing.py:12: convention (C0103, invalid-name, KBucket.__init__) Argument name \"replacementNodeFactor\" doesn't conform to snake_case naming style\n[ci/test]   | E            kademlia/routing.py:92: convention (C0103, invalid-name, TableTraverser.__init__) Argument name \"startNode\" doesn't conform to snake_case naming style\n[ci/test]   | E            ************* Module kademlia.node\n[ci/test]   | E            kademlia/node.py:12: convention (C0103, invalid-name, Node.__init__) Argument name \"ip\" doesn't conform to snake_case naming style\n[ci/test]   | E            kademlia/node.py:45: convention (C0209, consider-using-f-string, Node.__str__) Formatting a regular string which could be a f-string\n[ci/test]   | \n[ci/test]   | kademlia/tests/test_linting.py:18: LintError\n[ci/test]   | \n[ci/test]   | ---------- coverage: platform linux, python 3.6.14-final-0 -----------\n[ci/test]   | Name                             Stmts   Miss  Cover   Missing\n[ci/test]   | --------------------------------------------------------------\n[ci/test]   | kademlia/__init__.py                 1      0   100%\n[ci/test]   | kademlia/crawling.py                88     34    61%   57, 68, 73-76, 82, 88-107, 116-125, 143, 150, 172, 175\n[ci/test]   | kademlia/network.py                122     36    70%   56, 89-93, 100, 112-113, 148-155, 162, 178-180, 200-211, 220-227, 239-241\n[ci/test]   | kademlia/node.py                    65      7    89%   39, 82-85, 97, 123\n[ci/test]   | kademlia/protocol.py                85     27    68%   27-28, 32, 57-62, 71-74, 77-79, 105-113, 122-124\n[ci/test]   | kademlia/routing.py                130     19    85%   63-64, 69, 77-79, 82, 85, 139-141, 152-153, 169-173, 183, 193\n[ci/test]   | kademlia/storage.py                 50      5    90%   56, 62, 68, 75-76\n[ci/test]   | kademlia/tests/__init__.py           0      0   100%\n[ci/test]   | kademlia/tests/conftest.py          34      0   100%\n[ci/test]   | kademlia/tests/test_linting.py      17      1    94%   26\n[ci/test]   | kademlia/tests/test_node.py         41      0   100%\n[ci/test]   | kademlia/tests/test_routing.py      84      0   100%\n[ci/test]   | kademlia/tests/test_server.py       34      0   100%\n[ci/test]   | kademlia/tests/test_storage.py      22     16    27%   6-8, 11-13, 16-20, 23-27\n[ci/test]   | kademlia/tests/test_utils.py        17      0   100%\n[ci/test]   | kademlia/utils.py                   21      2    90%   40-41\n[ci/test]   | --------------------------------------------------------------\n[ci/test]   | TOTAL                              811    147    82%\n[ci/test]   | \n[ci/test]   | =========================== short test summary info ============================\n[ci/test]   | FAILED kademlia/tests/test_linting.py::TestCodeLinting::test_pylint - kademli...\n[ci/test]   | ======================== 1 failed, 19 passed in 12.96s =========================\n[ci/test]   \u274c  Failure - Main pytest\n[ci/test] exitcode '1': failure\n[ci/test] \ud83c\udfc1  Job failed\n",
    "actions_stderr": "Error: Job 'test' failed\n"
}