{
    "repository": "craigds/django-typed-models",
    "clone_url": "https://github.com/craigds/django-typed-models.git",
    "timestamp": "2023-05-29T14:21:56.481760Z",
    "clone_success": true,
    "number of actions": 1,
    "number_of_test_actions": 1,
    "actions_successful": false,
    "actions_stdout": "[django-typed-models tests/build] \ud83d\ude80  Start image=crawlergpt:latest\n[django-typed-models tests/build]   \ud83d\udc33  docker pull image=crawlergpt:latest platform= username= forcePull=false\n[django-typed-models tests/build]   \ud83d\udc33  docker create image=crawlergpt:latest platform= entrypoint=[\"tail\" \"-f\" \"/dev/null\"] cmd=[]\n[django-typed-models tests/build]   \ud83d\udc33  docker run image=crawlergpt:latest platform= entrypoint=[\"tail\" \"-f\" \"/dev/null\"] cmd=[]\n[django-typed-models tests/build]   \ud83d\udc33  docker exec cmd=[chown -R 1012:1000 /tmp/de65f406-fe28-11ed-a890-af2cc187fc11/craigds-django-typed-models] user=0 workdir=\n[django-typed-models tests/build]   \u2601  git clone 'https://github.com/actions/setup-python' # ref=v4\n[django-typed-models tests/build] \ud83e\uddea  Matrix: map[django-version:3.2 python-version:3.8]\n[django-typed-models tests/build] \u2b50 Run Main actions/checkout@v3\n[django-typed-models tests/build]   \u2705  Success - Main actions/checkout@v3\n[django-typed-models tests/build] \u2b50 Run Main Set up Python 3.8\n[django-typed-models tests/build]   \ud83d\udc33  docker cp src=/home/andre-silva/.cache/act/actions-setup-python@v4/ dst=/var/run/act/actions/actions-setup-python@v4/\n[django-typed-models tests/build]   \ud83d\udc33  docker exec cmd=[chown -R 1012:1000 /var/run/act/actions/actions-setup-python@v4/] user=0 workdir=\n[django-typed-models tests/build]   \ud83d\udc33  docker exec cmd=[node /var/run/act/actions/actions-setup-python@v4/dist/setup/index.js] user= workdir=\n[django-typed-models tests/build]   \ud83d\udcac  ::debug::Python is expected to be installed into /opt/hostedtoolcache\n[django-typed-models tests/build]   \u2753  ::group::Installed versions\n[django-typed-models tests/build]   \ud83d\udcac  ::debug::Semantic version spec of 3.8 is 3.8\n[django-typed-models tests/build]   \ud83d\udcac  ::debug::isExplicit: \n[django-typed-models tests/build]   \ud83d\udcac  ::debug::explicit? false\n[django-typed-models tests/build]   \ud83d\udcac  ::debug::isExplicit: 2.7.18\n[django-typed-models tests/build]   \ud83d\udcac  ::debug::explicit? true\n[django-typed-models tests/build]   \ud83d\udcac  ::debug::isExplicit: 3.5.10\n[django-typed-models tests/build]   \ud83d\udcac  ::debug::explicit? true\n[django-typed-models tests/build]   \ud83d\udcac  ::debug::isExplicit: 3.6.14\n[django-typed-models tests/build]   \ud83d\udcac  ::debug::explicit? true\n[django-typed-models tests/build]   \ud83d\udcac  ::debug::isExplicit: 3.7.11\n[django-typed-models tests/build]   \ud83d\udcac  ::debug::explicit? true\n[django-typed-models tests/build]   \ud83d\udcac  ::debug::isExplicit: 3.8.11\n[django-typed-models tests/build]   \ud83d\udcac  ::debug::explicit? true\n[django-typed-models tests/build]   \ud83d\udcac  ::debug::isExplicit: 3.9.6\n[django-typed-models tests/build]   \ud83d\udcac  ::debug::explicit? true\n[django-typed-models tests/build]   \ud83d\udcac  ::debug::evaluating 6 versions\n[django-typed-models tests/build]   \ud83d\udcac  ::debug::matched: 3.8.11\n[django-typed-models tests/build]   \ud83d\udcac  ::debug::checking cache: /opt/hostedtoolcache/Python/3.8.11/x64\n[django-typed-models tests/build]   \ud83d\udcac  ::debug::Found tool in cache Python 3.8.11 x64\n[django-typed-models tests/build]   | Successfully set up CPython (3.8.11)\n[django-typed-models tests/build]   \u2753  ::endgroup::\n[django-typed-models tests/build]   \u2753 add-matcher /run/act/actions/actions-setup-python@v4/.github/python.json\n[django-typed-models tests/build]   \u2705  Success - Main Set up Python 3.8\n[django-typed-models tests/build]   \u2699  ::set-env:: PKG_CONFIG_PATH=/opt/hostedtoolcache/Python/3.8.11/x64/lib/pkgconfig\n[django-typed-models tests/build]   \u2699  ::set-env:: Python_ROOT_DIR=/opt/hostedtoolcache/Python/3.8.11/x64\n[django-typed-models tests/build]   \u2699  ::set-env:: Python2_ROOT_DIR=/opt/hostedtoolcache/Python/3.8.11/x64\n[django-typed-models tests/build]   \u2699  ::set-env:: Python3_ROOT_DIR=/opt/hostedtoolcache/Python/3.8.11/x64\n[django-typed-models tests/build]   \u2699  ::set-env:: LD_LIBRARY_PATH=/opt/hostedtoolcache/Python/3.8.11/x64/lib\n[django-typed-models tests/build]   \u2699  ::set-env:: pythonLocation=/opt/hostedtoolcache/Python/3.8.11/x64\n[django-typed-models tests/build]   \u2699  ::set-output:: python-path=/opt/hostedtoolcache/Python/3.8.11/x64/bin/python\n[django-typed-models tests/build]   \u2699  ::set-output:: python-version=3.8.11\n[django-typed-models tests/build]   \u2699  ::add-path:: /opt/hostedtoolcache/Python/3.8.11/x64\n[django-typed-models tests/build]   \u2699  ::add-path:: /opt/hostedtoolcache/Python/3.8.11/x64/bin\n[django-typed-models tests/build] \u2b50 Run Main Install dependencies (django 3.2)\n[django-typed-models tests/build]   \ud83d\udc33  docker exec cmd=[bash --noprofile --norc -e -o pipefail /var/run/act/workflow/2] user= workdir=\n[django-typed-models tests/build]   | Requirement already satisfied: pip in /opt/hostedtoolcache/Python/3.8.11/x64/lib/python3.8/site-packages (21.2.4)\n[django-typed-models tests/build]   | Collecting pip\n[django-typed-models tests/build]   |   Downloading pip-23.1.2-py3-none-any.whl (2.1 MB)\n[django-typed-models tests/build]   | Installing collected packages: pip\n[django-typed-models tests/build]   |   Attempting uninstall: pip\n[django-typed-models tests/build]   |     Found existing installation: pip 21.2.4\n[django-typed-models tests/build]   |     Uninstalling pip-21.2.4:\n[django-typed-models tests/build]   |       Successfully uninstalled pip-21.2.4\n[django-typed-models tests/build]   | Successfully installed pip-23.1.2\n[django-typed-models tests/build]   | Collecting flake8\n[django-typed-models tests/build]   |   Downloading flake8-6.0.0-py2.py3-none-any.whl (57 kB)\n[django-typed-models tests/build]   |      \u2501\u2501\u2501\u2501\u2501\u2501\u2501\u2501\u2501\u2501\u2501\u2501\u2501\u2501\u2501\u2501\u2501\u2501\u2501\u2501\u2501\u2501\u2501\u2501\u2501\u2501\u2501\u2501\u2501\u2501\u2501\u2501\u2501\u2501\u2501\u2501\u2501\u2501\u2501\u2501 57.8/57.8 kB 2.7 MB/s eta 0:00:00\n[django-typed-models tests/build]   | Collecting pyyaml\n[django-typed-models tests/build]   |   Downloading PyYAML-6.0-cp38-cp38-manylinux_2_5_x86_64.manylinux1_x86_64.manylinux_2_12_x86_64.manylinux2010_x86_64.whl (701 kB)\n[django-typed-models tests/build]   |      \u2501\u2501\u2501\u2501\u2501\u2501\u2501\u2501\u2501\u2501\u2501\u2501\u2501\u2501\u2501\u2501\u2501\u2501\u2501\u2501\u2501\u2501\u2501\u2501\u2501\u2501\u2501\u2501\u2501\u2501\u2501\u2501\u2501\u2501\u2501\u2501\u2501\u2501\u2501 701.2/701.2 kB 9.5 MB/s eta 0:00:00\n[django-typed-models tests/build]   | Collecting coveralls\n[django-typed-models tests/build]   |   Downloading coveralls-3.3.1-py2.py3-none-any.whl (14 kB)\n[django-typed-models tests/build]   | Collecting pytest-django\n[django-typed-models tests/build]   |   Downloading pytest_django-4.5.2-py3-none-any.whl (20 kB)\n[django-typed-models tests/build]   | Collecting django==3.2.*\n[django-typed-models tests/build]   |   Downloading Django-3.2.19-py3-none-any.whl (7.9 MB)\n[django-typed-models tests/build]   |      \u2501\u2501\u2501\u2501\u2501\u2501\u2501\u2501\u2501\u2501\u2501\u2501\u2501\u2501\u2501\u2501\u2501\u2501\u2501\u2501\u2501\u2501\u2501\u2501\u2501\u2501\u2501\u2501\u2501\u2501\u2501\u2501\u2501\u2501\u2501\u2501\u2501\u2501\u2501\u2501 7.9/7.9 MB 43.7 MB/s eta 0:00:00\n[django-typed-models tests/build]   | Collecting asgiref<4,>=3.3.2 (from django==3.2.*)\n[django-typed-models tests/build]   |   Downloading asgiref-3.7.2-py3-none-any.whl (24 kB)\n[django-typed-models tests/build]   | Collecting pytz (from django==3.2.*)\n[django-typed-models tests/build]   |   Downloading pytz-2023.3-py2.py3-none-any.whl (502 kB)\n[django-typed-models tests/build]   |      \u2501\u2501\u2501\u2501\u2501\u2501\u2501\u2501\u2501\u2501\u2501\u2501\u2501\u2501\u2501\u2501\u2501\u2501\u2501\u2501\u2501\u2501\u2501\u2501\u2501\u2501\u2501\u2501\u2501\u2501\u2501\u2501\u2501\u2501\u2501\u2501\u2501\u2501 502.3/502.3 kB 41.8 MB/s eta 0:00:00\n[django-typed-models tests/build]   | Collecting sqlparse>=0.2.2 (from django==3.2.*)\n[django-typed-models tests/build]   |   Downloading sqlparse-0.4.4-py3-none-any.whl (41 kB)\n[django-typed-models tests/build]   |      \u2501\u2501\u2501\u2501\u2501\u2501\u2501\u2501\u2501\u2501\u2501\u2501\u2501\u2501\u2501\u2501\u2501\u2501\u2501\u2501\u2501\u2501\u2501\u2501\u2501\u2501\u2501\u2501\u2501\u2501\u2501\u2501\u2501\u2501\u2501\u2501\u2501\u2501\u2501\u2501 41.2/41.2 kB 9.2 MB/s eta 0:00:00\n[django-typed-models tests/build]   | Collecting mccabe<0.8.0,>=0.7.0 (from flake8)\n[django-typed-models tests/build]   |   Downloading mccabe-0.7.0-py2.py3-none-any.whl (7.3 kB)\n[django-typed-models tests/build]   | Collecting pycodestyle<2.11.0,>=2.10.0 (from flake8)\n[django-typed-models tests/build]   |   Downloading pycodestyle-2.10.0-py2.py3-none-any.whl (41 kB)\n[django-typed-models tests/build]   |      \u2501\u2501\u2501\u2501\u2501\u2501\u2501\u2501\u2501\u2501\u2501\u2501\u2501\u2501\u2501\u2501\u2501\u2501\u2501\u2501\u2501\u2501\u2501\u2501\u2501\u2501\u2501\u2501\u2501\u2501\u2501\u2501\u2501\u2501\u2501\u2501\u2501\u2501\u2501\u2501 41.3/41.3 kB 1.0 MB/s eta 0:00:00\n[django-typed-models tests/build]   | Collecting pyflakes<3.1.0,>=3.0.0 (from flake8)\n[django-typed-models tests/build]   |   Downloading pyflakes-3.0.1-py2.py3-none-any.whl (62 kB)\n[django-typed-models tests/build]   |      \u2501\u2501\u2501\u2501\u2501\u2501\u2501\u2501\u2501\u2501\u2501\u2501\u2501\u2501\u2501\u2501\u2501\u2501\u2501\u2501\u2501\u2501\u2501\u2501\u2501\u2501\u2501\u2501\u2501\u2501\u2501\u2501\u2501\u2501\u2501\u2501\u2501\u2501\u2501\u2501 62.8/62.8 kB 1.8 MB/s eta 0:00:00\n[django-typed-models tests/build]   | Collecting coverage!=6.0.*,!=6.1,!=6.1.1,<7.0,>=4.1 (from coveralls)\n[django-typed-models tests/build]   |   Downloading coverage-6.5.0-cp38-cp38-manylinux_2_5_x86_64.manylinux1_x86_64.manylinux_2_17_x86_64.manylinux2014_x86_64.whl (214 kB)\n[django-typed-models tests/build]   |      \u2501\u2501\u2501\u2501\u2501\u2501\u2501\u2501\u2501\u2501\u2501\u2501\u2501\u2501\u2501\u2501\u2501\u2501\u2501\u2501\u2501\u2501\u2501\u2501\u2501\u2501\u2501\u2501\u2501\u2501\u2501\u2501\u2501\u2501\u2501\u2501\u2501\u2501\u2501 214.4/214.4 kB 6.3 MB/s eta 0:00:00\n[django-typed-models tests/build]   | Collecting docopt>=0.6.1 (from coveralls)\n[django-typed-models tests/build]   |   Downloading docopt-0.6.2.tar.gz (25 kB)\n[django-typed-models tests/build]   |   Installing build dependencies: started\n[django-typed-models tests/build]   |   Installing build dependencies: finished with status 'done'\n[django-typed-models tests/build]   |   Getting requirements to build wheel: started\n[django-typed-models tests/build]   |   Getting requirements to build wheel: finished with status 'done'\n[django-typed-models tests/build]   |   Preparing metadata (pyproject.toml): started\n[django-typed-models tests/build]   |   Preparing metadata (pyproject.toml): finished with status 'done'\n[django-typed-models tests/build]   | Collecting requests>=1.0.0 (from coveralls)\n[django-typed-models tests/build]   |   Downloading requests-2.31.0-py3-none-any.whl (62 kB)\n[django-typed-models tests/build]   |      \u2501\u2501\u2501\u2501\u2501\u2501\u2501\u2501\u2501\u2501\u2501\u2501\u2501\u2501\u2501\u2501\u2501\u2501\u2501\u2501\u2501\u2501\u2501\u2501\u2501\u2501\u2501\u2501\u2501\u2501\u2501\u2501\u2501\u2501\u2501\u2501\u2501\u2501\u2501\u2501 62.6/62.6 kB 10.9 MB/s eta 0:00:00\n[django-typed-models tests/build]   | Collecting pytest>=5.4.0 (from pytest-django)\n[django-typed-models tests/build]   |   Downloading pytest-7.3.1-py3-none-any.whl (320 kB)\n[django-typed-models tests/build]   |      \u2501\u2501\u2501\u2501\u2501\u2501\u2501\u2501\u2501\u2501\u2501\u2501\u2501\u2501\u2501\u2501\u2501\u2501\u2501\u2501\u2501\u2501\u2501\u2501\u2501\u2501\u2501\u2501\u2501\u2501\u2501\u2501\u2501\u2501\u2501\u2501\u2501\u2501\u2501 320.5/320.5 kB 4.9 MB/s eta 0:00:00\n[django-typed-models tests/build]   | Collecting typing-extensions>=4 (from asgiref<4,>=3.3.2->django==3.2.*)\n[django-typed-models tests/build]   |   Downloading typing_extensions-4.6.2-py3-none-any.whl (31 kB)\n[django-typed-models tests/build]   | Collecting iniconfig (from pytest>=5.4.0->pytest-django)\n[django-typed-models tests/build]   |   Downloading iniconfig-2.0.0-py3-none-any.whl (5.9 kB)\n[django-typed-models tests/build]   | Collecting packaging (from pytest>=5.4.0->pytest-django)\n[django-typed-models tests/build]   |   Downloading packaging-23.1-py3-none-any.whl (48 kB)\n[django-typed-models tests/build]   |      \u2501\u2501\u2501\u2501\u2501\u2501\u2501\u2501\u2501\u2501\u2501\u2501\u2501\u2501\u2501\u2501\u2501\u2501\u2501\u2501\u2501\u2501\u2501\u2501\u2501\u2501\u2501\u2501\u2501\u2501\u2501\u2501\u2501\u2501\u2501\u2501\u2501\u2501\u2501\u2501 48.9/48.9 kB 7.2 MB/s eta 0:00:00\n[django-typed-models tests/build]   | Collecting pluggy<2.0,>=0.12 (from pytest>=5.4.0->pytest-django)\n[django-typed-models tests/build]   |   Downloading pluggy-1.0.0-py2.py3-none-any.whl (13 kB)\n[django-typed-models tests/build]   | Collecting exceptiongroup>=1.0.0rc8 (from pytest>=5.4.0->pytest-django)\n[django-typed-models tests/build]   |   Downloading exceptiongroup-1.1.1-py3-none-any.whl (14 kB)\n[django-typed-models tests/build]   | Collecting tomli>=1.0.0 (from pytest>=5.4.0->pytest-django)\n[django-typed-models tests/build]   |   Downloading tomli-2.0.1-py3-none-any.whl (12 kB)\n[django-typed-models tests/build]   | Collecting charset-normalizer<4,>=2 (from requests>=1.0.0->coveralls)\n[django-typed-models tests/build]   |   Downloading charset_normalizer-3.1.0-cp38-cp38-manylinux_2_17_x86_64.manylinux2014_x86_64.whl (195 kB)\n[django-typed-models tests/build]   |      \u2501\u2501\u2501\u2501\u2501\u2501\u2501\u2501\u2501\u2501\u2501\u2501\u2501\u2501\u2501\u2501\u2501\u2501\u2501\u2501\u2501\u2501\u2501\u2501\u2501\u2501\u2501\u2501\u2501\u2501\u2501\u2501\u2501\u2501\u2501\u2501\u2501\u2501\u2501 195.9/195.9 kB 6.3 MB/s eta 0:00:00\n[django-typed-models tests/build]   | Collecting idna<4,>=2.5 (from requests>=1.0.0->coveralls)\n[django-typed-models tests/build]   |   Downloading idna-3.4-py3-none-any.whl (61 kB)\n[django-typed-models tests/build]   |      \u2501\u2501\u2501\u2501\u2501\u2501\u2501\u2501\u2501\u2501\u2501\u2501\u2501\u2501\u2501\u2501\u2501\u2501\u2501\u2501\u2501\u2501\u2501\u2501\u2501\u2501\u2501\u2501\u2501\u2501\u2501\u2501\u2501\u2501\u2501\u2501\u2501\u2501\u2501\u2501 61.5/61.5 kB 5.8 MB/s eta 0:00:00\n[django-typed-models tests/build]   | Collecting urllib3<3,>=1.21.1 (from requests>=1.0.0->coveralls)\n[django-typed-models tests/build]   |   Downloading urllib3-2.0.2-py3-none-any.whl (123 kB)\n[django-typed-models tests/build]   |      \u2501\u2501\u2501\u2501\u2501\u2501\u2501\u2501\u2501\u2501\u2501\u2501\u2501\u2501\u2501\u2501\u2501\u2501\u2501\u2501\u2501\u2501\u2501\u2501\u2501\u2501\u2501\u2501\u2501\u2501\u2501\u2501\u2501\u2501\u2501\u2501\u2501\u2501 123.2/123.2 kB 22.4 MB/s eta 0:00:00\n[django-typed-models tests/build]   | Collecting certifi>=2017.4.17 (from requests>=1.0.0->coveralls)\n[django-typed-models tests/build]   |   Downloading certifi-2023.5.7-py3-none-any.whl (156 kB)\n[django-typed-models tests/build]   |      \u2501\u2501\u2501\u2501\u2501\u2501\u2501\u2501\u2501\u2501\u2501\u2501\u2501\u2501\u2501\u2501\u2501\u2501\u2501\u2501\u2501\u2501\u2501\u2501\u2501\u2501\u2501\u2501\u2501\u2501\u2501\u2501\u2501\u2501\u2501\u2501\u2501\u2501\u2501 157.0/157.0 kB 3.5 MB/s eta 0:00:00\n[django-typed-models tests/build]   | Building wheels for collected packages: docopt\n[django-typed-models tests/build]   |   Building wheel for docopt (pyproject.toml): started\n[django-typed-models tests/build]   |   Building wheel for docopt (pyproject.toml): finished with status 'done'\n[django-typed-models tests/build]   |   Created wheel for docopt: filename=docopt-0.6.2-py2.py3-none-any.whl size=13707 sha256=7944f0c134870a09b22cc7a0772e0e6564f14f59e2426c5a60ec2b5b78904fd5\n[django-typed-models tests/build]   |   Stored in directory: /home/runneradmin/.cache/pip/wheels/56/ea/58/ead137b087d9e326852a851351d1debf4ada529b6ac0ec4e8c\n[django-typed-models tests/build]   | Successfully built docopt\n[django-typed-models tests/build]   | Installing collected packages: pytz, docopt, urllib3, typing-extensions, tomli, sqlparse, pyyaml, pyflakes, pycodestyle, pluggy, packaging, mccabe, iniconfig, idna, exceptiongroup, coverage, charset-normalizer, certifi, requests, pytest, flake8, asgiref, pytest-django, django, coveralls\n[django-typed-models tests/build]   | Successfully installed asgiref-3.7.2 certifi-2023.5.7 charset-normalizer-3.1.0 coverage-6.5.0 coveralls-3.3.1 django-3.2.19 docopt-0.6.2 exceptiongroup-1.1.1 flake8-6.0.0 idna-3.4 iniconfig-2.0.0 mccabe-0.7.0 packaging-23.1 pluggy-1.0.0 pycodestyle-2.10.0 pyflakes-3.0.1 pytest-7.3.1 pytest-django-4.5.2 pytz-2023.3 pyyaml-6.0 requests-2.31.0 sqlparse-0.4.4 tomli-2.0.1 typing-extensions-4.6.2 urllib3-2.0.2\n[django-typed-models tests/build]   | \n[django-typed-models tests/build]   | [notice] A new release of pip is available: 21.1.1 -> 23.1.2\n[django-typed-models tests/build]   | [notice] To update, run: pip install --upgrade pip\n[django-typed-models tests/build]   | Obtaining file:///tmp/de65f406-fe28-11ed-a890-af2cc187fc11/craigds-django-typed-models\n[django-typed-models tests/build]   |   Installing build dependencies: started\n[django-typed-models tests/build]   |   Installing build dependencies: finished with status 'done'\n[django-typed-models tests/build]   |   Checking if build backend supports build_editable: started\n[django-typed-models tests/build]   |   Checking if build backend supports build_editable: finished with status 'done'\n[django-typed-models tests/build]   |   Getting requirements to build editable: started\n[django-typed-models tests/build]   |   Getting requirements to build editable: finished with status 'done'\n[django-typed-models tests/build]   |   Preparing editable metadata (pyproject.toml): started\n[django-typed-models tests/build]   |   Preparing editable metadata (pyproject.toml): finished with status 'done'\n[django-typed-models tests/build]   | Building wheels for collected packages: django-typed-models\n[django-typed-models tests/build]   |   Building editable for django-typed-models (pyproject.toml): started\n[django-typed-models tests/build]   |   Building editable for django-typed-models (pyproject.toml): finished with status 'done'\n[django-typed-models tests/build]   |   Created wheel for django-typed-models: filename=django_typed_models-0.13.0-0.editable-py2.py3-none-any.whl size=5173 sha256=6a5c94c3fd9fb87d83d4a33be6598cb05a77b361d3ac45eaf9cce724084ea4d5\n[django-typed-models tests/build]   |   Stored in directory: /tmp/pip-ephem-wheel-cache-ouejq2kc/wheels/6d/a3/37/dde6066222c1adaaff656eb606a2fd9825170ee1dac77e9552\n[django-typed-models tests/build]   | Successfully built django-typed-models\n[django-typed-models tests/build]   | Installing collected packages: django-typed-models\n[django-typed-models tests/build]   | Successfully installed django-typed-models-0.13.0\n[django-typed-models tests/build]   | \n[django-typed-models tests/build]   | [notice] A new release of pip is available: 21.1.1 -> 23.1.2\n[django-typed-models tests/build]   | [notice] To update, run: pip install --upgrade pip\n[django-typed-models tests/build]   \u2705  Success - Main Install dependencies (django 3.2)\n[django-typed-models tests/build] \u2b50 Run Main Lint with flake8\n[django-typed-models tests/build]   \ud83d\udc33  docker exec cmd=[bash --noprofile --norc -e -o pipefail /var/run/act/workflow/3] user= workdir=\n[django-typed-models tests/build]   | 0\n[django-typed-models tests/build]   \u2705  Success - Main Lint with flake8\n[django-typed-models tests/build] \u2b50 Run Main Test with pytest\n[django-typed-models tests/build]   \ud83d\udc33  docker exec cmd=[bash --noprofile --norc -e -o pipefail /var/run/act/workflow/4] user= workdir=\n[django-typed-models tests/build]   | Traceback (most recent call last):\n[django-typed-models tests/build]   |   File \"/opt/hostedtoolcache/Python/3.8.11/x64/lib/python3.8/site-packages/pytest_django/plugin.py\", line 179, in _handle_import_error\n[django-typed-models tests/build]   |     yield\n[django-typed-models tests/build]   |   File \"/opt/hostedtoolcache/Python/3.8.11/x64/lib/python3.8/site-packages/pytest_django/plugin.py\", line 351, in pytest_load_initial_conftests\n[django-typed-models tests/build]   |     dj_settings.DATABASES\n[django-typed-models tests/build]   |   File \"/opt/hostedtoolcache/Python/3.8.11/x64/lib/python3.8/site-packages/django/conf/__init__.py\", line 82, in __getattr__\n[django-typed-models tests/build]   |     self._setup(name)\n[django-typed-models tests/build]   |   File \"/opt/hostedtoolcache/Python/3.8.11/x64/lib/python3.8/site-packages/django/conf/__init__.py\", line 69, in _setup\n[django-typed-models tests/build]   |     self._wrapped = Settings(settings_module)\n[django-typed-models tests/build]   |   File \"/opt/hostedtoolcache/Python/3.8.11/x64/lib/python3.8/site-packages/django/conf/__init__.py\", line 170, in __init__\n[django-typed-models tests/build]   |     mod = importlib.import_module(self.SETTINGS_MODULE)\n[django-typed-models tests/build]   |   File \"/opt/hostedtoolcache/Python/3.8.11/x64/lib/python3.8/importlib/__init__.py\", line 127, in import_module\n[django-typed-models tests/build]   |     return _bootstrap._gcd_import(name[level:], package, level)\n[django-typed-models tests/build]   |   File \"<frozen importlib._bootstrap>\", line 1014, in _gcd_import\n[django-typed-models tests/build]   |   File \"<frozen importlib._bootstrap>\", line 991, in _find_and_load\n[django-typed-models tests/build]   |   File \"<frozen importlib._bootstrap>\", line 973, in _find_and_load_unlocked\n[django-typed-models tests/build]   | ModuleNotFoundError: No module named 'test_settings'\n[django-typed-models tests/build]   | \n[django-typed-models tests/build]   | During handling of the above exception, another exception occurred:\n[django-typed-models tests/build]   | \n[django-typed-models tests/build]   | Traceback (most recent call last):\n[django-typed-models tests/build]   |   File \"/opt/hostedtoolcache/Python/3.8.11/x64/bin/pytest\", line 8, in <module>\n[django-typed-models tests/build]   |     sys.exit(console_main())\n[django-typed-models tests/build]   |   File \"/opt/hostedtoolcache/Python/3.8.11/x64/lib/python3.8/site-packages/_pytest/config/__init__.py\", line 189, in console_main\n[django-typed-models tests/build]   |     code = main()\n[django-typed-models tests/build]   |   File \"/opt/hostedtoolcache/Python/3.8.11/x64/lib/python3.8/site-packages/_pytest/config/__init__.py\", line 147, in main\n[django-typed-models tests/build]   |     config = _prepareconfig(args, plugins)\n[django-typed-models tests/build]   |   File \"/opt/hostedtoolcache/Python/3.8.11/x64/lib/python3.8/site-packages/_pytest/config/__init__.py\", line 328, in _prepareconfig\n[django-typed-models tests/build]   |     config = pluginmanager.hook.pytest_cmdline_parse(\n[django-typed-models tests/build]   |   File \"/opt/hostedtoolcache/Python/3.8.11/x64/lib/python3.8/site-packages/pluggy/_hooks.py\", line 265, in __call__\n[django-typed-models tests/build]   |     return self._hookexec(self.name, self.get_hookimpls(), kwargs, firstresult)\n[django-typed-models tests/build]   |   File \"/opt/hostedtoolcache/Python/3.8.11/x64/lib/python3.8/site-packages/pluggy/_manager.py\", line 80, in _hookexec\n[django-typed-models tests/build]   |     return self._inner_hookexec(hook_name, methods, kwargs, firstresult)\n[django-typed-models tests/build]   |   File \"/opt/hostedtoolcache/Python/3.8.11/x64/lib/python3.8/site-packages/pluggy/_callers.py\", line 55, in _multicall\n[django-typed-models tests/build]   |     gen.send(outcome)\n[django-typed-models tests/build]   |   File \"/opt/hostedtoolcache/Python/3.8.11/x64/lib/python3.8/site-packages/_pytest/helpconfig.py\", line 103, in pytest_cmdline_parse\n[django-typed-models tests/build]   |     config: Config = outcome.get_result()\n[django-typed-models tests/build]   |   File \"/opt/hostedtoolcache/Python/3.8.11/x64/lib/python3.8/site-packages/pluggy/_result.py\", line 60, in get_result\n[django-typed-models tests/build]   |     raise ex[1].with_traceback(ex[2])\n[django-typed-models tests/build]   |   File \"/opt/hostedtoolcache/Python/3.8.11/x64/lib/python3.8/site-packages/pluggy/_callers.py\", line 39, in _multicall\n[django-typed-models tests/build]   |     res = hook_impl.function(*args)\n[django-typed-models tests/build]   |   File \"/opt/hostedtoolcache/Python/3.8.11/x64/lib/python3.8/site-packages/_pytest/config/__init__.py\", line 1067, in pytest_cmdline_parse\n[django-typed-models tests/build]   |     self.parse(args)\n[django-typed-models tests/build]   |   File \"/opt/hostedtoolcache/Python/3.8.11/x64/lib/python3.8/site-packages/_pytest/config/__init__.py\", line 1354, in parse\n[django-typed-models tests/build]   |     self._preparse(args, addopts=addopts)\n[django-typed-models tests/build]   |   File \"/opt/hostedtoolcache/Python/3.8.11/x64/lib/python3.8/site-packages/_pytest/config/__init__.py\", line 1256, in _preparse\n[django-typed-models tests/build]   |     self.hook.pytest_load_initial_conftests(\n[django-typed-models tests/build]   |   File \"/opt/hostedtoolcache/Python/3.8.11/x64/lib/python3.8/site-packages/pluggy/_hooks.py\", line 265, in __call__\n[django-typed-models tests/build]   |     return self._hookexec(self.name, self.get_hookimpls(), kwargs, firstresult)\n[django-typed-models tests/build]   |   File \"/opt/hostedtoolcache/Python/3.8.11/x64/lib/python3.8/site-packages/pluggy/_manager.py\", line 80, in _hookexec\n[django-typed-models tests/build]   |     return self._inner_hookexec(hook_name, methods, kwargs, firstresult)\n[django-typed-models tests/build]   |   File \"/opt/hostedtoolcache/Python/3.8.11/x64/lib/python3.8/site-packages/pluggy/_callers.py\", line 60, in _multicall\n[django-typed-models tests/build]   |     return outcome.get_result()\n[django-typed-models tests/build]   |   File \"/opt/hostedtoolcache/Python/3.8.11/x64/lib/python3.8/site-packages/pluggy/_result.py\", line 60, in get_result\n[django-typed-models tests/build]   |     raise ex[1].with_traceback(ex[2])\n[django-typed-models tests/build]   |   File \"/opt/hostedtoolcache/Python/3.8.11/x64/lib/python3.8/site-packages/pluggy/_callers.py\", line 39, in _multicall\n[django-typed-models tests/build]   |     res = hook_impl.function(*args)\n[django-typed-models tests/build]   |   File \"/opt/hostedtoolcache/Python/3.8.11/x64/lib/python3.8/site-packages/pytest_django/plugin.py\", line 351, in pytest_load_initial_conftests\n[django-typed-models tests/build]   |     dj_settings.DATABASES\n[django-typed-models tests/build]   |   File \"/opt/hostedtoolcache/Python/3.8.11/x64/lib/python3.8/contextlib.py\", line 131, in __exit__\n[django-typed-models tests/build]   |     self.gen.throw(type, value, traceback)\n[django-typed-models tests/build]   |   File \"/opt/hostedtoolcache/Python/3.8.11/x64/lib/python3.8/site-packages/pytest_django/plugin.py\", line 183, in _handle_import_error\n[django-typed-models tests/build]   |     raise ImportError(msg)\n[django-typed-models tests/build]   | ImportError: No module named 'test_settings'\n[django-typed-models tests/build]   | \n[django-typed-models tests/build]   | pytest-django could not find a Django project (no manage.py file could be found). You must explicitly add your Django project to the Python path to have it picked up.\n[django-typed-models tests/build]   | /opt/hostedtoolcache/Python/3.8.11/x64/lib/python3.8/site-packages/coverage/control.py:801: CoverageWarning: No data was collected. (no-data-collected)\n[django-typed-models tests/build]   |   self._warn(\"No data was collected.\", slug=\"no-data-collected\")\n[django-typed-models tests/build]   \u274c  Failure - Main Test with pytest\n[django-typed-models tests/build] exitcode '1': failure\n[django-typed-models tests/build] \ud83c\udfc1  Job failed\n",
    "actions_stderr": "Error: Job 'build' failed\n"
}