{
    "repository": "cuducos/alchemydumps",
    "clone_url": "https://github.com/cuducos/alchemydumps.git",
    "timestamp": "2023-05-29T15:48:26.807430Z",
    "clone_success": true,
    "number of actions": 1,
    "number_of_test_actions": 1,
    "actions_successful": false,
    "actions_stdout": "[Tests/Python 3.9 & Flask 1] \ud83d\ude80  Start image=crawlergpt:latest\n[Tests/Python 3.9 & Flask 1]   \ud83d\udc33  docker pull image=crawlergpt:latest platform= username= forcePull=false\n[Tests/Python 3.9 & Flask 1]   \ud83d\udc33  docker create image=crawlergpt:latest platform= entrypoint=[\"tail\" \"-f\" \"/dev/null\"] cmd=[]\n[Tests/Python 3.9 & Flask 1]   \ud83d\udc33  docker run image=crawlergpt:latest platform= entrypoint=[\"tail\" \"-f\" \"/dev/null\"] cmd=[]\n[Tests/Python 3.9 & Flask 1]   \ud83d\udc33  docker exec cmd=[chown -R 1012:1000 /tmp/de65f406-fe28-11ed-a890-af2cc187fc11/cuducos-alchemydumps] user=0 workdir=\n[Tests/Python 3.9 & Flask 1]   \u2601  git clone 'https://github.com/actions/setup-python' # ref=v2\n[Tests/Python 3.9 & Flask 1] \ud83e\uddea  Matrix: map[flask-version:1 python-version:3.9]\n[Tests/Python 3.9 & Flask 1] \u2b50 Run Main actions/checkout@v2\n[Tests/Python 3.9 & Flask 1]   \u2705  Success - Main actions/checkout@v2\n[Tests/Python 3.9 & Flask 1] \u2b50 Run Main actions/setup-python@v2\n[Tests/Python 3.9 & Flask 1]   \ud83d\udc33  docker cp src=/home/andre-silva/.cache/act/actions-setup-python@v2/ dst=/var/run/act/actions/actions-setup-python@v2/\n[Tests/Python 3.9 & Flask 1]   \ud83d\udc33  docker exec cmd=[chown -R 1012:1000 /var/run/act/actions/actions-setup-python@v2/] user=0 workdir=\n[Tests/Python 3.9 & Flask 1]   \ud83d\udc33  docker exec cmd=[node /var/run/act/actions/actions-setup-python@v2/dist/setup/index.js] user= workdir=\n[Tests/Python 3.9 & Flask 1]   \ud83d\udcac  ::debug::Semantic version spec of 3.9 is 3.9\n[Tests/Python 3.9 & Flask 1]   \ud83d\udcac  ::debug::isExplicit: \n[Tests/Python 3.9 & Flask 1]   \ud83d\udcac  ::debug::explicit? false\n[Tests/Python 3.9 & Flask 1]   \ud83d\udcac  ::debug::isExplicit: 2.7.18\n[Tests/Python 3.9 & Flask 1]   \ud83d\udcac  ::debug::explicit? true\n[Tests/Python 3.9 & Flask 1]   \ud83d\udcac  ::debug::isExplicit: 3.5.10\n[Tests/Python 3.9 & Flask 1]   \ud83d\udcac  ::debug::explicit? true\n[Tests/Python 3.9 & Flask 1]   \ud83d\udcac  ::debug::isExplicit: 3.6.14\n[Tests/Python 3.9 & Flask 1]   \ud83d\udcac  ::debug::explicit? true\n[Tests/Python 3.9 & Flask 1]   \ud83d\udcac  ::debug::isExplicit: 3.7.11\n[Tests/Python 3.9 & Flask 1]   \ud83d\udcac  ::debug::explicit? true\n[Tests/Python 3.9 & Flask 1]   \ud83d\udcac  ::debug::isExplicit: 3.8.11\n[Tests/Python 3.9 & Flask 1]   \ud83d\udcac  ::debug::explicit? true\n[Tests/Python 3.9 & Flask 1]   \ud83d\udcac  ::debug::isExplicit: 3.9.6\n[Tests/Python 3.9 & Flask 1]   \ud83d\udcac  ::debug::explicit? true\n[Tests/Python 3.9 & Flask 1]   \ud83d\udcac  ::debug::evaluating 6 versions\n[Tests/Python 3.9 & Flask 1]   \ud83d\udcac  ::debug::matched: 3.9.6\n[Tests/Python 3.9 & Flask 1]   \ud83d\udcac  ::debug::checking cache: /opt/hostedtoolcache/Python/3.9.6/x64\n[Tests/Python 3.9 & Flask 1]   \ud83d\udcac  ::debug::Found tool in cache Python 3.9.6 x64\n[Tests/Python 3.9 & Flask 1]   | Successfully setup CPython (3.9.6)\n[Tests/Python 3.9 & Flask 1]   \u2753 add-matcher /run/act/actions/actions-setup-python@v2/.github/python.json\n[Tests/Python 3.9 & Flask 1]   \u2705  Success - Main actions/setup-python@v2\n[Tests/Python 3.9 & Flask 1]   \u2699  ::set-env:: pythonLocation=/opt/hostedtoolcache/Python/3.9.6/x64\n[Tests/Python 3.9 & Flask 1]   \u2699  ::set-env:: LD_LIBRARY_PATH=/opt/hostedtoolcache/Python/3.9.6/x64/lib\n[Tests/Python 3.9 & Flask 1]   \u2699  ::set-output:: python-version=3.9.6\n[Tests/Python 3.9 & Flask 1]   \u2699  ::add-path:: /opt/hostedtoolcache/Python/3.9.6/x64\n[Tests/Python 3.9 & Flask 1]   \u2699  ::add-path:: /opt/hostedtoolcache/Python/3.9.6/x64/bin\n[Tests/Python 3.9 & Flask 1] \u2b50 Run Main Install tox\n[Tests/Python 3.9 & Flask 1]   \ud83d\udc33  docker exec cmd=[bash --noprofile --norc -e -o pipefail /var/run/act/workflow/2] user= workdir=\n[Tests/Python 3.9 & Flask 1]   | Collecting tox\n[Tests/Python 3.9 & Flask 1]   |   Downloading tox-4.5.2-py3-none-any.whl (148 kB)\n[Tests/Python 3.9 & Flask 1]   | Collecting pluggy>=1\n[Tests/Python 3.9 & Flask 1]   |   Downloading pluggy-1.0.0-py2.py3-none-any.whl (13 kB)\n[Tests/Python 3.9 & Flask 1]   | Collecting filelock>=3.12\n[Tests/Python 3.9 & Flask 1]   |   Downloading filelock-3.12.0-py3-none-any.whl (10 kB)\n[Tests/Python 3.9 & Flask 1]   | Collecting pyproject-api>=1.5.1\n[Tests/Python 3.9 & Flask 1]   |   Downloading pyproject_api-1.5.1-py3-none-any.whl (12 kB)\n[Tests/Python 3.9 & Flask 1]   | Collecting cachetools>=5.3\n[Tests/Python 3.9 & Flask 1]   |   Downloading cachetools-5.3.1-py3-none-any.whl (9.3 kB)\n[Tests/Python 3.9 & Flask 1]   | Collecting colorama>=0.4.6\n[Tests/Python 3.9 & Flask 1]   |   Downloading colorama-0.4.6-py2.py3-none-any.whl (25 kB)\n[Tests/Python 3.9 & Flask 1]   | Collecting tomli>=2.0.1\n[Tests/Python 3.9 & Flask 1]   |   Downloading tomli-2.0.1-py3-none-any.whl (12 kB)\n[Tests/Python 3.9 & Flask 1]   | Collecting platformdirs>=3.5.1\n[Tests/Python 3.9 & Flask 1]   |   Downloading platformdirs-3.5.1-py3-none-any.whl (15 kB)\n[Tests/Python 3.9 & Flask 1]   | Collecting chardet>=5.1\n[Tests/Python 3.9 & Flask 1]   |   Downloading chardet-5.1.0-py3-none-any.whl (199 kB)\n[Tests/Python 3.9 & Flask 1]   | Collecting virtualenv>=20.23\n[Tests/Python 3.9 & Flask 1]   |   Downloading virtualenv-20.23.0-py3-none-any.whl (3.3 MB)\n[Tests/Python 3.9 & Flask 1]   | Collecting packaging>=23.1\n[Tests/Python 3.9 & Flask 1]   |   Downloading packaging-23.1-py3-none-any.whl (48 kB)\n[Tests/Python 3.9 & Flask 1]   | Collecting distlib<1,>=0.3.6\n[Tests/Python 3.9 & Flask 1]   |   Downloading distlib-0.3.6-py2.py3-none-any.whl (468 kB)\n[Tests/Python 3.9 & Flask 1]   | Installing collected packages: tomli, platformdirs, packaging, filelock, distlib, virtualenv, pyproject-api, pluggy, colorama, chardet, cachetools, tox\n[Tests/Python 3.9 & Flask 1]   | Successfully installed cachetools-5.3.1 chardet-5.1.0 colorama-0.4.6 distlib-0.3.6 filelock-3.12.0 packaging-23.1 platformdirs-3.5.1 pluggy-1.0.0 pyproject-api-1.5.1 tomli-2.0.1 tox-4.5.2 virtualenv-20.23.0\n[Tests/Python 3.9 & Flask 1]   | WARNING: You are using pip version 21.2.4; however, version 23.1.2 is available.\n[Tests/Python 3.9 & Flask 1]   | You should consider upgrading via the '/opt/hostedtoolcache/Python/3.9.6/x64/bin/python -m pip install --upgrade pip' command.\n[Tests/Python 3.9 & Flask 1]   \u2705  Success - Main Install tox\n[Tests/Python 3.9 & Flask 1] \u2b50 Run Main Run tox\n[Tests/Python 3.9 & Flask 1]   \ud83d\udc33  docker exec cmd=[bash --noprofile --norc -e -o pipefail /var/run/act/workflow/3] user= workdir=\n[Tests/Python 3.9 & Flask 1]   | py3.9-flask1: install_deps> python -I -m pip install black==19.10b0 flake8 'flask<2.0.0,>=1.0.0' nose\n[Tests/Python 3.9 & Flask 1]   | .pkg: install_requires> python -I -m pip install 'poetry>=0.12'\n[Tests/Python 3.9 & Flask 1]   | .pkg: _optional_hooks> python /opt/hostedtoolcache/Python/3.9.6/x64/lib/python3.9/site-packages/pyproject_api/_backend.py True poetry.masonry.api\n[Tests/Python 3.9 & Flask 1]   | .pkg: get_requires_for_build_sdist> python /opt/hostedtoolcache/Python/3.9.6/x64/lib/python3.9/site-packages/pyproject_api/_backend.py True poetry.masonry.api\n[Tests/Python 3.9 & Flask 1]   | .pkg: freeze> python -m pip freeze --all\n[Tests/Python 3.9 & Flask 1]   | .pkg: attrs==23.1.0,build==0.10.0,CacheControl==0.12.11,certifi==2023.5.7,cffi==1.15.1,charset-normalizer==3.1.0,cleo==2.0.1,crashtest==0.4.1,cryptography==40.0.2,distlib==0.3.6,dulwich==0.21.5,filelock==3.12.0,html5lib==1.1,idna==3.4,importlib-metadata==6.6.0,installer==0.7.0,jaraco.classes==3.2.3,jeepney==0.8.0,jsonschema==4.17.3,keyring==23.13.1,lockfile==0.12.2,more-itertools==9.1.0,msgpack==1.0.5,packaging==23.1,pexpect==4.8.0,pip==23.1.2,pkginfo==1.9.6,platformdirs==3.5.1,poetry==1.5.0,poetry-core==1.6.0,poetry-plugin-export==1.4.0,ptyprocess==0.7.0,pycparser==2.21,pyproject_hooks==1.0.0,pyrsistent==0.19.3,rapidfuzz==2.15.1,requests==2.31.0,requests-toolbelt==1.0.0,SecretStorage==3.3.3,setuptools==67.7.2,shellingham==1.5.0.post1,six==1.16.0,tomli==2.0.1,tomlkit==0.11.8,trove-classifiers==2023.5.24,urllib3==1.26.16,virtualenv==20.23.0,webencodings==0.5.1,wheel==0.40.0,zipp==3.15.0\n[Tests/Python 3.9 & Flask 1]   | .pkg: prepare_metadata_for_build_wheel> python /opt/hostedtoolcache/Python/3.9.6/x64/lib/python3.9/site-packages/pyproject_api/_backend.py True poetry.masonry.api\n[Tests/Python 3.9 & Flask 1]   | .pkg: build_sdist> python /opt/hostedtoolcache/Python/3.9.6/x64/lib/python3.9/site-packages/pyproject_api/_backend.py True poetry.masonry.api\n[Tests/Python 3.9 & Flask 1]   | py3.9-flask1: install_package_deps> python -I -m pip install 'Flask-SQLAlchemy<3.0.0,>=2.4.1' 'Flask>=1.0.0' 'python-decouple<4.0,>=3.3'\n[Tests/Python 3.9 & Flask 1]   | py3.9-flask1: install_package> python -I -m pip install --force-reinstall --no-deps /tmp/de65f406-fe28-11ed-a890-af2cc187fc11/cuducos-alchemydumps/.tox/.tmp/package/1/flask_alchemydumps-0.0.13.tar.gz\n[Tests/Python 3.9 & Flask 1]   | py3.9-flask1: freeze> python -m pip freeze --all\n[Tests/Python 3.9 & Flask 1]   | py3.9-flask1: appdirs==1.4.4,attrs==23.1.0,black==19.10b0,click==7.1.2,flake8==6.0.0,Flask==1.1.4,flask-alchemydumps @ file:///tmp/de65f406-fe28-11ed-a890-af2cc187fc11/cuducos-alchemydumps/.tox/.tmp/package/1/flask_alchemydumps-0.0.13.tar.gz#sha256=e7ba0def6d045a9c3c587d354ca8dc685a8b81d0e691bd99b9f05e2448dcc818,Flask-SQLAlchemy==2.5.1,greenlet==2.0.2,itsdangerous==1.1.0,Jinja2==2.11.3,MarkupSafe==2.1.2,mccabe==0.7.0,nose==1.3.7,pathspec==0.11.1,pip==23.1.2,pycodestyle==2.10.0,pyflakes==3.0.1,python-decouple==3.8,regex==2023.5.5,setuptools==67.7.2,SQLAlchemy==2.0.15,toml==0.10.2,typed-ast==1.5.4,typing_extensions==4.6.2,Werkzeug==1.0.1,wheel==0.40.0\n[Tests/Python 3.9 & Flask 1]   | py3.9-flask1: commands[0]> black . --check\n[Tests/Python 3.9 & Flask 1]   | All done! \u2728 \ud83c\udf70 \u2728\n[Tests/Python 3.9 & Flask 1]   | 18 files would be left unchanged.\n[Tests/Python 3.9 & Flask 1]   | py3.9-flask1: commands[1]> flake8 flask_alchemydumps/ tests/\n[Tests/Python 3.9 & Flask 1]   | py3.9-flask1: commands[2]> nosetests\n[Tests/Python 3.9 & Flask 1]   | EEEEEEEEE\n[Tests/Python 3.9 & Flask 1]   | ======================================================================\n[Tests/Python 3.9 & Flask 1]   | ERROR: Failure: ImportError (cannot import name 'soft_unicode' from 'markupsafe' (/tmp/de65f406-fe28-11ed-a890-af2cc187fc11/cuducos-alchemydumps/.tox/py3.9-flask1/lib/python3.9/site-packages/markupsafe/__init__.py))\n[Tests/Python 3.9 & Flask 1]   | ----------------------------------------------------------------------\n[Tests/Python 3.9 & Flask 1]   | Traceback (most recent call last):\n[Tests/Python 3.9 & Flask 1]   |   File \"/tmp/de65f406-fe28-11ed-a890-af2cc187fc11/cuducos-alchemydumps/.tox/py3.9-flask1/lib/python3.9/site-packages/nose/failure.py\", line 39, in runTest\n[Tests/Python 3.9 & Flask 1]   |     raise self.exc_val.with_traceback(self.tb)\n[Tests/Python 3.9 & Flask 1]   |   File \"/tmp/de65f406-fe28-11ed-a890-af2cc187fc11/cuducos-alchemydumps/.tox/py3.9-flask1/lib/python3.9/site-packages/nose/loader.py\", line 417, in loadTestsFromName\n[Tests/Python 3.9 & Flask 1]   |     module = self.importer.importFromPath(\n[Tests/Python 3.9 & Flask 1]   |   File \"/tmp/de65f406-fe28-11ed-a890-af2cc187fc11/cuducos-alchemydumps/.tox/py3.9-flask1/lib/python3.9/site-packages/nose/importer.py\", line 47, in importFromPath\n[Tests/Python 3.9 & Flask 1]   |     return self.importFromDir(dir_path, fqname)\n[Tests/Python 3.9 & Flask 1]   |   File \"/tmp/de65f406-fe28-11ed-a890-af2cc187fc11/cuducos-alchemydumps/.tox/py3.9-flask1/lib/python3.9/site-packages/nose/importer.py\", line 94, in importFromDir\n[Tests/Python 3.9 & Flask 1]   |     mod = load_module(part_fqname, fh, filename, desc)\n[Tests/Python 3.9 & Flask 1]   |   File \"/opt/hostedtoolcache/Python/3.9.6/x64/lib/python3.9/imp.py\", line 244, in load_module\n[Tests/Python 3.9 & Flask 1]   |     return load_package(name, filename)\n[Tests/Python 3.9 & Flask 1]   |   File \"/opt/hostedtoolcache/Python/3.9.6/x64/lib/python3.9/imp.py\", line 216, in load_package\n[Tests/Python 3.9 & Flask 1]   |     return _load(spec)\n[Tests/Python 3.9 & Flask 1]   |   File \"<frozen importlib._bootstrap>\", line 711, in _load\n[Tests/Python 3.9 & Flask 1]   |   File \"<frozen importlib._bootstrap>\", line 680, in _load_unlocked\n[Tests/Python 3.9 & Flask 1]   |   File \"<frozen importlib._bootstrap_external>\", line 850, in exec_module\n[Tests/Python 3.9 & Flask 1]   |   File \"<frozen importlib._bootstrap>\", line 228, in _call_with_frames_removed\n[Tests/Python 3.9 & Flask 1]   |   File \"/tmp/de65f406-fe28-11ed-a890-af2cc187fc11/cuducos-alchemydumps/flask_alchemydumps/__init__.py\", line 3, in <module>\n[Tests/Python 3.9 & Flask 1]   |     from flask_alchemydumps.cli import alchemydumps\n[Tests/Python 3.9 & Flask 1]   |   File \"/tmp/de65f406-fe28-11ed-a890-af2cc187fc11/cuducos-alchemydumps/flask_alchemydumps/cli.py\", line 5, in <module>\n[Tests/Python 3.9 & Flask 1]   |     from flask.cli import with_appcontext\n[Tests/Python 3.9 & Flask 1]   |   File \"/tmp/de65f406-fe28-11ed-a890-af2cc187fc11/cuducos-alchemydumps/.tox/py3.9-flask1/lib/python3.9/site-packages/flask/__init__.py\", line 14, in <module>\n[Tests/Python 3.9 & Flask 1]   |     from jinja2 import escape\n[Tests/Python 3.9 & Flask 1]   |   File \"/tmp/de65f406-fe28-11ed-a890-af2cc187fc11/cuducos-alchemydumps/.tox/py3.9-flask1/lib/python3.9/site-packages/jinja2/__init__.py\", line 12, in <module>\n[Tests/Python 3.9 & Flask 1]   |     from .environment import Environment\n[Tests/Python 3.9 & Flask 1]   |   File \"/tmp/de65f406-fe28-11ed-a890-af2cc187fc11/cuducos-alchemydumps/.tox/py3.9-flask1/lib/python3.9/site-packages/jinja2/environment.py\", line 25, in <module>\n[Tests/Python 3.9 & Flask 1]   |     from .defaults import BLOCK_END_STRING\n[Tests/Python 3.9 & Flask 1]   |   File \"/tmp/de65f406-fe28-11ed-a890-af2cc187fc11/cuducos-alchemydumps/.tox/py3.9-flask1/lib/python3.9/site-packages/jinja2/defaults.py\", line 3, in <module>\n[Tests/Python 3.9 & Flask 1]   |     from .filters import FILTERS as DEFAULT_FILTERS  # noqa: F401\n[Tests/Python 3.9 & Flask 1]   |   File \"/tmp/de65f406-fe28-11ed-a890-af2cc187fc11/cuducos-alchemydumps/.tox/py3.9-flask1/lib/python3.9/site-packages/jinja2/filters.py\", line 13, in <module>\n[Tests/Python 3.9 & Flask 1]   |     from markupsafe import soft_unicode\n[Tests/Python 3.9 & Flask 1]   | ImportError: cannot import name 'soft_unicode' from 'markupsafe' (/tmp/de65f406-fe28-11ed-a890-af2cc187fc11/cuducos-alchemydumps/.tox/py3.9-flask1/lib/python3.9/site-packages/markupsafe/__init__.py)\n[Tests/Python 3.9 & Flask 1]   | \n[Tests/Python 3.9 & Flask 1]   | ======================================================================\n[Tests/Python 3.9 & Flask 1]   | ERROR: Failure: ImportError (cannot import name 'soft_unicode' from 'markupsafe' (/tmp/de65f406-fe28-11ed-a890-af2cc187fc11/cuducos-alchemydumps/.tox/py3.9-flask1/lib/python3.9/site-packages/markupsafe/__init__.py))\n[Tests/Python 3.9 & Flask 1]   | ----------------------------------------------------------------------\n[Tests/Python 3.9 & Flask 1]   | Traceback (most recent call last):\n[Tests/Python 3.9 & Flask 1]   |   File \"/tmp/de65f406-fe28-11ed-a890-af2cc187fc11/cuducos-alchemydumps/.tox/py3.9-flask1/lib/python3.9/site-packages/nose/failure.py\", line 39, in runTest\n[Tests/Python 3.9 & Flask 1]   |     raise self.exc_val.with_traceback(self.tb)\n[Tests/Python 3.9 & Flask 1]   |   File \"/tmp/de65f406-fe28-11ed-a890-af2cc187fc11/cuducos-alchemydumps/.tox/py3.9-flask1/lib/python3.9/site-packages/nose/loader.py\", line 417, in loadTestsFromName\n[Tests/Python 3.9 & Flask 1]   |     module = self.importer.importFromPath(\n[Tests/Python 3.9 & Flask 1]   |   File \"/tmp/de65f406-fe28-11ed-a890-af2cc187fc11/cuducos-alchemydumps/.tox/py3.9-flask1/lib/python3.9/site-packages/nose/importer.py\", line 47, in importFromPath\n[Tests/Python 3.9 & Flask 1]   |     return self.importFromDir(dir_path, fqname)\n[Tests/Python 3.9 & Flask 1]   |   File \"/tmp/de65f406-fe28-11ed-a890-af2cc187fc11/cuducos-alchemydumps/.tox/py3.9-flask1/lib/python3.9/site-packages/nose/importer.py\", line 94, in importFromDir\n[Tests/Python 3.9 & Flask 1]   |     mod = load_module(part_fqname, fh, filename, desc)\n[Tests/Python 3.9 & Flask 1]   |   File \"/opt/hostedtoolcache/Python/3.9.6/x64/lib/python3.9/imp.py\", line 234, in load_module\n[Tests/Python 3.9 & Flask 1]   |     return load_source(name, filename, file)\n[Tests/Python 3.9 & Flask 1]   |   File \"/opt/hostedtoolcache/Python/3.9.6/x64/lib/python3.9/imp.py\", line 171, in load_source\n[Tests/Python 3.9 & Flask 1]   |     module = _load(spec)\n[Tests/Python 3.9 & Flask 1]   |   File \"<frozen importlib._bootstrap>\", line 711, in _load\n[Tests/Python 3.9 & Flask 1]   |   File \"<frozen importlib._bootstrap>\", line 680, in _load_unlocked\n[Tests/Python 3.9 & Flask 1]   |   File \"<frozen importlib._bootstrap_external>\", line 850, in exec_module\n[Tests/Python 3.9 & Flask 1]   |   File \"<frozen importlib._bootstrap>\", line 228, in _call_with_frames_removed\n[Tests/Python 3.9 & Flask 1]   |   File \"/tmp/de65f406-fe28-11ed-a890-af2cc187fc11/cuducos-alchemydumps/tests/integration/test_commands.py\", line 6, in <module>\n[Tests/Python 3.9 & Flask 1]   |     from flask.cli import ScriptInfo\n[Tests/Python 3.9 & Flask 1]   |   File \"/tmp/de65f406-fe28-11ed-a890-af2cc187fc11/cuducos-alchemydumps/.tox/py3.9-flask1/lib/python3.9/site-packages/flask/__init__.py\", line 14, in <module>\n[Tests/Python 3.9 & Flask 1]   |     from jinja2 import escape\n[Tests/Python 3.9 & Flask 1]   |   File \"/tmp/de65f406-fe28-11ed-a890-af2cc187fc11/cuducos-alchemydumps/.tox/py3.9-flask1/lib/python3.9/site-packages/jinja2/__init__.py\", line 12, in <module>\n[Tests/Python 3.9 & Flask 1]   |     from .environment import Environment\n[Tests/Python 3.9 & Flask 1]   |   File \"/tmp/de65f406-fe28-11ed-a890-af2cc187fc11/cuducos-alchemydumps/.tox/py3.9-flask1/lib/python3.9/site-packages/jinja2/environment.py\", line 25, in <module>\n[Tests/Python 3.9 & Flask 1]   |     from .defaults import BLOCK_END_STRING\n[Tests/Python 3.9 & Flask 1]   |   File \"/tmp/de65f406-fe28-11ed-a890-af2cc187fc11/cuducos-alchemydumps/.tox/py3.9-flask1/lib/python3.9/site-packages/jinja2/defaults.py\", line 3, in <module>\n[Tests/Python 3.9 & Flask 1]   |     from .filters import FILTERS as DEFAULT_FILTERS  # noqa: F401\n[Tests/Python 3.9 & Flask 1]   |   File \"/tmp/de65f406-fe28-11ed-a890-af2cc187fc11/cuducos-alchemydumps/.tox/py3.9-flask1/lib/python3.9/site-packages/jinja2/filters.py\", line 13, in <module>\n[Tests/Python 3.9 & Flask 1]   |     from markupsafe import soft_unicode\n[Tests/Python 3.9 & Flask 1]   | ImportError: cannot import name 'soft_unicode' from 'markupsafe' (/tmp/de65f406-fe28-11ed-a890-af2cc187fc11/cuducos-alchemydumps/.tox/py3.9-flask1/lib/python3.9/site-packages/markupsafe/__init__.py)\n[Tests/Python 3.9 & Flask 1]   | \n[Tests/Python 3.9 & Flask 1]   | ======================================================================\n[Tests/Python 3.9 & Flask 1]   | ERROR: Failure: ImportError (cannot import name 'soft_unicode' from 'markupsafe' (/tmp/de65f406-fe28-11ed-a890-af2cc187fc11/cuducos-alchemydumps/.tox/py3.9-flask1/lib/python3.9/site-packages/markupsafe/__init__.py))\n[Tests/Python 3.9 & Flask 1]   | ----------------------------------------------------------------------\n[Tests/Python 3.9 & Flask 1]   | Traceback (most recent call last):\n[Tests/Python 3.9 & Flask 1]   |   File \"/tmp/de65f406-fe28-11ed-a890-af2cc187fc11/cuducos-alchemydumps/.tox/py3.9-flask1/lib/python3.9/site-packages/nose/failure.py\", line 39, in runTest\n[Tests/Python 3.9 & Flask 1]   |     raise self.exc_val.with_traceback(self.tb)\n[Tests/Python 3.9 & Flask 1]   |   File \"/tmp/de65f406-fe28-11ed-a890-af2cc187fc11/cuducos-alchemydumps/.tox/py3.9-flask1/lib/python3.9/site-packages/nose/loader.py\", line 417, in loadTestsFromName\n[Tests/Python 3.9 & Flask 1]   |     module = self.importer.importFromPath(\n[Tests/Python 3.9 & Flask 1]   |   File \"/tmp/de65f406-fe28-11ed-a890-af2cc187fc11/cuducos-alchemydumps/.tox/py3.9-flask1/lib/python3.9/site-packages/nose/importer.py\", line 47, in importFromPath\n[Tests/Python 3.9 & Flask 1]   |     return self.importFromDir(dir_path, fqname)\n[Tests/Python 3.9 & Flask 1]   |   File \"/tmp/de65f406-fe28-11ed-a890-af2cc187fc11/cuducos-alchemydumps/.tox/py3.9-flask1/lib/python3.9/site-packages/nose/importer.py\", line 94, in importFromDir\n[Tests/Python 3.9 & Flask 1]   |     mod = load_module(part_fqname, fh, filename, desc)\n[Tests/Python 3.9 & Flask 1]   |   File \"/opt/hostedtoolcache/Python/3.9.6/x64/lib/python3.9/imp.py\", line 234, in load_module\n[Tests/Python 3.9 & Flask 1]   |     return load_source(name, filename, file)\n[Tests/Python 3.9 & Flask 1]   |   File \"/opt/hostedtoolcache/Python/3.9.6/x64/lib/python3.9/imp.py\", line 171, in load_source\n[Tests/Python 3.9 & Flask 1]   |     module = _load(spec)\n[Tests/Python 3.9 & Flask 1]   |   File \"<frozen importlib._bootstrap>\", line 711, in _load\n[Tests/Python 3.9 & Flask 1]   |   File \"<frozen importlib._bootstrap>\", line 680, in _load_unlocked\n[Tests/Python 3.9 & Flask 1]   |   File \"<frozen importlib._bootstrap_external>\", line 850, in exec_module\n[Tests/Python 3.9 & Flask 1]   |   File \"<frozen importlib._bootstrap>\", line 228, in _call_with_frames_removed\n[Tests/Python 3.9 & Flask 1]   |   File \"/tmp/de65f406-fe28-11ed-a890-af2cc187fc11/cuducos-alchemydumps/tests/unit/test_autoclean.py\", line 4, in <module>\n[Tests/Python 3.9 & Flask 1]   |     from flask_alchemydumps.autoclean import BackupAutoClean\n[Tests/Python 3.9 & Flask 1]   |   File \"/tmp/de65f406-fe28-11ed-a890-af2cc187fc11/cuducos-alchemydumps/flask_alchemydumps/__init__.py\", line 3, in <module>\n[Tests/Python 3.9 & Flask 1]   |     from flask_alchemydumps.cli import alchemydumps\n[Tests/Python 3.9 & Flask 1]   |   File \"/tmp/de65f406-fe28-11ed-a890-af2cc187fc11/cuducos-alchemydumps/flask_alchemydumps/cli.py\", line 5, in <module>\n[Tests/Python 3.9 & Flask 1]   |     from flask.cli import with_appcontext\n[Tests/Python 3.9 & Flask 1]   |   File \"/tmp/de65f406-fe28-11ed-a890-af2cc187fc11/cuducos-alchemydumps/.tox/py3.9-flask1/lib/python3.9/site-packages/flask/__init__.py\", line 14, in <module>\n[Tests/Python 3.9 & Flask 1]   |     from jinja2 import escape\n[Tests/Python 3.9 & Flask 1]   |   File \"/tmp/de65f406-fe28-11ed-a890-af2cc187fc11/cuducos-alchemydumps/.tox/py3.9-flask1/lib/python3.9/site-packages/jinja2/__init__.py\", line 12, in <module>\n[Tests/Python 3.9 & Flask 1]   |     from .environment import Environment\n[Tests/Python 3.9 & Flask 1]   |   File \"/tmp/de65f406-fe28-11ed-a890-af2cc187fc11/cuducos-alchemydumps/.tox/py3.9-flask1/lib/python3.9/site-packages/jinja2/environment.py\", line 25, in <module>\n[Tests/Python 3.9 & Flask 1]   |     from .defaults import BLOCK_END_STRING\n[Tests/Python 3.9 & Flask 1]   |   File \"/tmp/de65f406-fe28-11ed-a890-af2cc187fc11/cuducos-alchemydumps/.tox/py3.9-flask1/lib/python3.9/site-packages/jinja2/defaults.py\", line 3, in <module>\n[Tests/Python 3.9 & Flask 1]   |     from .filters import FILTERS as DEFAULT_FILTERS  # noqa: F401\n[Tests/Python 3.9 & Flask 1]   |   File \"/tmp/de65f406-fe28-11ed-a890-af2cc187fc11/cuducos-alchemydumps/.tox/py3.9-flask1/lib/python3.9/site-packages/jinja2/filters.py\", line 13, in <module>\n[Tests/Python 3.9 & Flask 1]   |     from markupsafe import soft_unicode\n[Tests/Python 3.9 & Flask 1]   | ImportError: cannot import name 'soft_unicode' from 'markupsafe' (/tmp/de65f406-fe28-11ed-a890-af2cc187fc11/cuducos-alchemydumps/.tox/py3.9-flask1/lib/python3.9/site-packages/markupsafe/__init__.py)\n[Tests/Python 3.9 & Flask 1]   | \n[Tests/Python 3.9 & Flask 1]   | ======================================================================\n[Tests/Python 3.9 & Flask 1]   | ERROR: Failure: ImportError (cannot import name 'soft_unicode' from 'markupsafe' (/tmp/de65f406-fe28-11ed-a890-af2cc187fc11/cuducos-alchemydumps/.tox/py3.9-flask1/lib/python3.9/site-packages/markupsafe/__init__.py))\n[Tests/Python 3.9 & Flask 1]   | ----------------------------------------------------------------------\n[Tests/Python 3.9 & Flask 1]   | Traceback (most recent call last):\n[Tests/Python 3.9 & Flask 1]   |   File \"/tmp/de65f406-fe28-11ed-a890-af2cc187fc11/cuducos-alchemydumps/.tox/py3.9-flask1/lib/python3.9/site-packages/nose/failure.py\", line 39, in runTest\n[Tests/Python 3.9 & Flask 1]   |     raise self.exc_val.with_traceback(self.tb)\n[Tests/Python 3.9 & Flask 1]   |   File \"/tmp/de65f406-fe28-11ed-a890-af2cc187fc11/cuducos-alchemydumps/.tox/py3.9-flask1/lib/python3.9/site-packages/nose/loader.py\", line 417, in loadTestsFromName\n[Tests/Python 3.9 & Flask 1]   |     module = self.importer.importFromPath(\n[Tests/Python 3.9 & Flask 1]   |   File \"/tmp/de65f406-fe28-11ed-a890-af2cc187fc11/cuducos-alchemydumps/.tox/py3.9-flask1/lib/python3.9/site-packages/nose/importer.py\", line 47, in importFromPath\n[Tests/Python 3.9 & Flask 1]   |     return self.importFromDir(dir_path, fqname)\n[Tests/Python 3.9 & Flask 1]   |   File \"/tmp/de65f406-fe28-11ed-a890-af2cc187fc11/cuducos-alchemydumps/.tox/py3.9-flask1/lib/python3.9/site-packages/nose/importer.py\", line 94, in importFromDir\n[Tests/Python 3.9 & Flask 1]   |     mod = load_module(part_fqname, fh, filename, desc)\n[Tests/Python 3.9 & Flask 1]   |   File \"/opt/hostedtoolcache/Python/3.9.6/x64/lib/python3.9/imp.py\", line 234, in load_module\n[Tests/Python 3.9 & Flask 1]   |     return load_source(name, filename, file)\n[Tests/Python 3.9 & Flask 1]   |   File \"/opt/hostedtoolcache/Python/3.9.6/x64/lib/python3.9/imp.py\", line 171, in load_source\n[Tests/Python 3.9 & Flask 1]   |     module = _load(spec)\n[Tests/Python 3.9 & Flask 1]   |   File \"<frozen importlib._bootstrap>\", line 711, in _load\n[Tests/Python 3.9 & Flask 1]   |   File \"<frozen importlib._bootstrap>\", line 680, in _load_unlocked\n[Tests/Python 3.9 & Flask 1]   |   File \"<frozen importlib._bootstrap_external>\", line 850, in exec_module\n[Tests/Python 3.9 & Flask 1]   |   File \"<frozen importlib._bootstrap>\", line 228, in _call_with_frames_removed\n[Tests/Python 3.9 & Flask 1]   |   File \"/tmp/de65f406-fe28-11ed-a890-af2cc187fc11/cuducos-alchemydumps/tests/unit/test_backup.py\", line 7, in <module>\n[Tests/Python 3.9 & Flask 1]   |     from flask_alchemydumps.backup import Backup\n[Tests/Python 3.9 & Flask 1]   |   File \"/tmp/de65f406-fe28-11ed-a890-af2cc187fc11/cuducos-alchemydumps/flask_alchemydumps/__init__.py\", line 3, in <module>\n[Tests/Python 3.9 & Flask 1]   |     from flask_alchemydumps.cli import alchemydumps\n[Tests/Python 3.9 & Flask 1]   |   File \"/tmp/de65f406-fe28-11ed-a890-af2cc187fc11/cuducos-alchemydumps/flask_alchemydumps/cli.py\", line 5, in <module>\n[Tests/Python 3.9 & Flask 1]   |     from flask.cli import with_appcontext\n[Tests/Python 3.9 & Flask 1]   |   File \"/tmp/de65f406-fe28-11ed-a890-af2cc187fc11/cuducos-alchemydumps/.tox/py3.9-flask1/lib/python3.9/site-packages/flask/__init__.py\", line 14, in <module>\n[Tests/Python 3.9 & Flask 1]   |     from jinja2 import escape\n[Tests/Python 3.9 & Flask 1]   |   File \"/tmp/de65f406-fe28-11ed-a890-af2cc187fc11/cuducos-alchemydumps/.tox/py3.9-flask1/lib/python3.9/site-packages/jinja2/__init__.py\", line 12, in <module>\n[Tests/Python 3.9 & Flask 1]   |     from .environment import Environment\n[Tests/Python 3.9 & Flask 1]   |   File \"/tmp/de65f406-fe28-11ed-a890-af2cc187fc11/cuducos-alchemydumps/.tox/py3.9-flask1/lib/python3.9/site-packages/jinja2/environment.py\", line 25, in <module>\n[Tests/Python 3.9 & Flask 1]   |     from .defaults import BLOCK_END_STRING\n[Tests/Python 3.9 & Flask 1]   |   File \"/tmp/de65f406-fe28-11ed-a890-af2cc187fc11/cuducos-alchemydumps/.tox/py3.9-flask1/lib/python3.9/site-packages/jinja2/defaults.py\", line 3, in <module>\n[Tests/Python 3.9 & Flask 1]   |     from .filters import FILTERS as DEFAULT_FILTERS  # noqa: F401\n[Tests/Python 3.9 & Flask 1]   |   File \"/tmp/de65f406-fe28-11ed-a890-af2cc187fc11/cuducos-alchemydumps/.tox/py3.9-flask1/lib/python3.9/site-packages/jinja2/filters.py\", line 13, in <module>\n[Tests/Python 3.9 & Flask 1]   |     from markupsafe import soft_unicode\n[Tests/Python 3.9 & Flask 1]   | ImportError: cannot import name 'soft_unicode' from 'markupsafe' (/tmp/de65f406-fe28-11ed-a890-af2cc187fc11/cuducos-alchemydumps/.tox/py3.9-flask1/lib/python3.9/site-packages/markupsafe/__init__.py)\n[Tests/Python 3.9 & Flask 1]   | \n[Tests/Python 3.9 & Flask 1]   | ======================================================================\n[Tests/Python 3.9 & Flask 1]   | ERROR: Failure: ImportError (cannot import name 'soft_unicode' from 'markupsafe' (/tmp/de65f406-fe28-11ed-a890-af2cc187fc11/cuducos-alchemydumps/.tox/py3.9-flask1/lib/python3.9/site-packages/markupsafe/__init__.py))\n[Tests/Python 3.9 & Flask 1]   | ----------------------------------------------------------------------\n[Tests/Python 3.9 & Flask 1]   | Traceback (most recent call last):\n[Tests/Python 3.9 & Flask 1]   |   File \"/tmp/de65f406-fe28-11ed-a890-af2cc187fc11/cuducos-alchemydumps/.tox/py3.9-flask1/lib/python3.9/site-packages/nose/failure.py\", line 39, in runTest\n[Tests/Python 3.9 & Flask 1]   |     raise self.exc_val.with_traceback(self.tb)\n[Tests/Python 3.9 & Flask 1]   |   File \"/tmp/de65f406-fe28-11ed-a890-af2cc187fc11/cuducos-alchemydumps/.tox/py3.9-flask1/lib/python3.9/site-packages/nose/loader.py\", line 417, in loadTestsFromName\n[Tests/Python 3.9 & Flask 1]   |     module = self.importer.importFromPath(\n[Tests/Python 3.9 & Flask 1]   |   File \"/tmp/de65f406-fe28-11ed-a890-af2cc187fc11/cuducos-alchemydumps/.tox/py3.9-flask1/lib/python3.9/site-packages/nose/importer.py\", line 47, in importFromPath\n[Tests/Python 3.9 & Flask 1]   |     return self.importFromDir(dir_path, fqname)\n[Tests/Python 3.9 & Flask 1]   |   File \"/tmp/de65f406-fe28-11ed-a890-af2cc187fc11/cuducos-alchemydumps/.tox/py3.9-flask1/lib/python3.9/site-packages/nose/importer.py\", line 94, in importFromDir\n[Tests/Python 3.9 & Flask 1]   |     mod = load_module(part_fqname, fh, filename, desc)\n[Tests/Python 3.9 & Flask 1]   |   File \"/opt/hostedtoolcache/Python/3.9.6/x64/lib/python3.9/imp.py\", line 234, in load_module\n[Tests/Python 3.9 & Flask 1]   |     return load_source(name, filename, file)\n[Tests/Python 3.9 & Flask 1]   |   File \"/opt/hostedtoolcache/Python/3.9.6/x64/lib/python3.9/imp.py\", line 171, in load_source\n[Tests/Python 3.9 & Flask 1]   |     module = _load(spec)\n[Tests/Python 3.9 & Flask 1]   |   File \"<frozen importlib._bootstrap>\", line 711, in _load\n[Tests/Python 3.9 & Flask 1]   |   File \"<frozen importlib._bootstrap>\", line 680, in _load_unlocked\n[Tests/Python 3.9 & Flask 1]   |   File \"<frozen importlib._bootstrap_external>\", line 850, in exec_module\n[Tests/Python 3.9 & Flask 1]   |   File \"<frozen importlib._bootstrap>\", line 228, in _call_with_frames_removed\n[Tests/Python 3.9 & Flask 1]   |   File \"/tmp/de65f406-fe28-11ed-a890-af2cc187fc11/cuducos-alchemydumps/tests/unit/test_backup_common.py\", line 3, in <module>\n[Tests/Python 3.9 & Flask 1]   |     from flask_alchemydumps.backup import CommonTools\n[Tests/Python 3.9 & Flask 1]   |   File \"/tmp/de65f406-fe28-11ed-a890-af2cc187fc11/cuducos-alchemydumps/flask_alchemydumps/__init__.py\", line 3, in <module>\n[Tests/Python 3.9 & Flask 1]   |     from flask_alchemydumps.cli import alchemydumps\n[Tests/Python 3.9 & Flask 1]   |   File \"/tmp/de65f406-fe28-11ed-a890-af2cc187fc11/cuducos-alchemydumps/flask_alchemydumps/cli.py\", line 5, in <module>\n[Tests/Python 3.9 & Flask 1]   |     from flask.cli import with_appcontext\n[Tests/Python 3.9 & Flask 1]   |   File \"/tmp/de65f406-fe28-11ed-a890-af2cc187fc11/cuducos-alchemydumps/.tox/py3.9-flask1/lib/python3.9/site-packages/flask/__init__.py\", line 14, in <module>\n[Tests/Python 3.9 & Flask 1]   |     from jinja2 import escape\n[Tests/Python 3.9 & Flask 1]   |   File \"/tmp/de65f406-fe28-11ed-a890-af2cc187fc11/cuducos-alchemydumps/.tox/py3.9-flask1/lib/python3.9/site-packages/jinja2/__init__.py\", line 12, in <module>\n[Tests/Python 3.9 & Flask 1]   |     from .environment import Environment\n[Tests/Python 3.9 & Flask 1]   |   File \"/tmp/de65f406-fe28-11ed-a890-af2cc187fc11/cuducos-alchemydumps/.tox/py3.9-flask1/lib/python3.9/site-packages/jinja2/environment.py\", line 25, in <module>\n[Tests/Python 3.9 & Flask 1]   |     from .defaults import BLOCK_END_STRING\n[Tests/Python 3.9 & Flask 1]   |   File \"/tmp/de65f406-fe28-11ed-a890-af2cc187fc11/cuducos-alchemydumps/.tox/py3.9-flask1/lib/python3.9/site-packages/jinja2/defaults.py\", line 3, in <module>\n[Tests/Python 3.9 & Flask 1]   |     from .filters import FILTERS as DEFAULT_FILTERS  # noqa: F401\n[Tests/Python 3.9 & Flask 1]   |   File \"/tmp/de65f406-fe28-11ed-a890-af2cc187fc11/cuducos-alchemydumps/.tox/py3.9-flask1/lib/python3.9/site-packages/jinja2/filters.py\", line 13, in <module>\n[Tests/Python 3.9 & Flask 1]   |     from markupsafe import soft_unicode\n[Tests/Python 3.9 & Flask 1]   | ImportError: cannot import name 'soft_unicode' from 'markupsafe' (/tmp/de65f406-fe28-11ed-a890-af2cc187fc11/cuducos-alchemydumps/.tox/py3.9-flask1/lib/python3.9/site-packages/markupsafe/__init__.py)\n[Tests/Python 3.9 & Flask 1]   | \n[Tests/Python 3.9 & Flask 1]   | ======================================================================\n[Tests/Python 3.9 & Flask 1]   | ERROR: Failure: ImportError (cannot import name 'soft_unicode' from 'markupsafe' (/tmp/de65f406-fe28-11ed-a890-af2cc187fc11/cuducos-alchemydumps/.tox/py3.9-flask1/lib/python3.9/site-packages/markupsafe/__init__.py))\n[Tests/Python 3.9 & Flask 1]   | ----------------------------------------------------------------------\n[Tests/Python 3.9 & Flask 1]   | Traceback (most recent call last):\n[Tests/Python 3.9 & Flask 1]   |   File \"/tmp/de65f406-fe28-11ed-a890-af2cc187fc11/cuducos-alchemydumps/.tox/py3.9-flask1/lib/python3.9/site-packages/nose/failure.py\", line 39, in runTest\n[Tests/Python 3.9 & Flask 1]   |     raise self.exc_val.with_traceback(self.tb)\n[Tests/Python 3.9 & Flask 1]   |   File \"/tmp/de65f406-fe28-11ed-a890-af2cc187fc11/cuducos-alchemydumps/.tox/py3.9-flask1/lib/python3.9/site-packages/nose/loader.py\", line 417, in loadTestsFromName\n[Tests/Python 3.9 & Flask 1]   |     module = self.importer.importFromPath(\n[Tests/Python 3.9 & Flask 1]   |   File \"/tmp/de65f406-fe28-11ed-a890-af2cc187fc11/cuducos-alchemydumps/.tox/py3.9-flask1/lib/python3.9/site-packages/nose/importer.py\", line 47, in importFromPath\n[Tests/Python 3.9 & Flask 1]   |     return self.importFromDir(dir_path, fqname)\n[Tests/Python 3.9 & Flask 1]   |   File \"/tmp/de65f406-fe28-11ed-a890-af2cc187fc11/cuducos-alchemydumps/.tox/py3.9-flask1/lib/python3.9/site-packages/nose/importer.py\", line 94, in importFromDir\n[Tests/Python 3.9 & Flask 1]   |     mod = load_module(part_fqname, fh, filename, desc)\n[Tests/Python 3.9 & Flask 1]   |   File \"/opt/hostedtoolcache/Python/3.9.6/x64/lib/python3.9/imp.py\", line 234, in load_module\n[Tests/Python 3.9 & Flask 1]   |     return load_source(name, filename, file)\n[Tests/Python 3.9 & Flask 1]   |   File \"/opt/hostedtoolcache/Python/3.9.6/x64/lib/python3.9/imp.py\", line 171, in load_source\n[Tests/Python 3.9 & Flask 1]   |     module = _load(spec)\n[Tests/Python 3.9 & Flask 1]   |   File \"<frozen importlib._bootstrap>\", line 711, in _load\n[Tests/Python 3.9 & Flask 1]   |   File \"<frozen importlib._bootstrap>\", line 680, in _load_unlocked\n[Tests/Python 3.9 & Flask 1]   |   File \"<frozen importlib._bootstrap_external>\", line 850, in exec_module\n[Tests/Python 3.9 & Flask 1]   |   File \"<frozen importlib._bootstrap>\", line 228, in _call_with_frames_removed\n[Tests/Python 3.9 & Flask 1]   |   File \"/tmp/de65f406-fe28-11ed-a890-af2cc187fc11/cuducos-alchemydumps/tests/unit/test_backup_local.py\", line 5, in <module>\n[Tests/Python 3.9 & Flask 1]   |     from flask_alchemydumps.backup import LocalTools\n[Tests/Python 3.9 & Flask 1]   |   File \"/tmp/de65f406-fe28-11ed-a890-af2cc187fc11/cuducos-alchemydumps/flask_alchemydumps/__init__.py\", line 3, in <module>\n[Tests/Python 3.9 & Flask 1]   |     from flask_alchemydumps.cli import alchemydumps\n[Tests/Python 3.9 & Flask 1]   |   File \"/tmp/de65f406-fe28-11ed-a890-af2cc187fc11/cuducos-alchemydumps/flask_alchemydumps/cli.py\", line 5, in <module>\n[Tests/Python 3.9 & Flask 1]   |     from flask.cli import with_appcontext\n[Tests/Python 3.9 & Flask 1]   |   File \"/tmp/de65f406-fe28-11ed-a890-af2cc187fc11/cuducos-alchemydumps/.tox/py3.9-flask1/lib/python3.9/site-packages/flask/__init__.py\", line 14, in <module>\n[Tests/Python 3.9 & Flask 1]   |     from jinja2 import escape\n[Tests/Python 3.9 & Flask 1]   |   File \"/tmp/de65f406-fe28-11ed-a890-af2cc187fc11/cuducos-alchemydumps/.tox/py3.9-flask1/lib/python3.9/site-packages/jinja2/__init__.py\", line 12, in <module>\n[Tests/Python 3.9 & Flask 1]   |     from .environment import Environment\n[Tests/Python 3.9 & Flask 1]   |   File \"/tmp/de65f406-fe28-11ed-a890-af2cc187fc11/cuducos-alchemydumps/.tox/py3.9-flask1/lib/python3.9/site-packages/jinja2/environment.py\", line 25, in <module>\n[Tests/Python 3.9 & Flask 1]   |     from .defaults import BLOCK_END_STRING\n[Tests/Python 3.9 & Flask 1]   |   File \"/tmp/de65f406-fe28-11ed-a890-af2cc187fc11/cuducos-alchemydumps/.tox/py3.9-flask1/lib/python3.9/site-packages/jinja2/defaults.py\", line 3, in <module>\n[Tests/Python 3.9 & Flask 1]   |     from .filters import FILTERS as DEFAULT_FILTERS  # noqa: F401\n[Tests/Python 3.9 & Flask 1]   |   File \"/tmp/de65f406-fe28-11ed-a890-af2cc187fc11/cuducos-alchemydumps/.tox/py3.9-flask1/lib/python3.9/site-packages/jinja2/filters.py\", line 13, in <module>\n[Tests/Python 3.9 & Flask 1]   |     from markupsafe import soft_unicode\n[Tests/Python 3.9 & Flask 1]   | ImportError: cannot import name 'soft_unicode' from 'markupsafe' (/tmp/de65f406-fe28-11ed-a890-af2cc187fc11/cuducos-alchemydumps/.tox/py3.9-flask1/lib/python3.9/site-packages/markupsafe/__init__.py)\n[Tests/Python 3.9 & Flask 1]   | \n[Tests/Python 3.9 & Flask 1]   | ======================================================================\n[Tests/Python 3.9 & Flask 1]   | ERROR: Failure: ImportError (cannot import name 'soft_unicode' from 'markupsafe' (/tmp/de65f406-fe28-11ed-a890-af2cc187fc11/cuducos-alchemydumps/.tox/py3.9-flask1/lib/python3.9/site-packages/markupsafe/__init__.py))\n[Tests/Python 3.9 & Flask 1]   | ----------------------------------------------------------------------\n[Tests/Python 3.9 & Flask 1]   | Traceback (most recent call last):\n[Tests/Python 3.9 & Flask 1]   |   File \"/tmp/de65f406-fe28-11ed-a890-af2cc187fc11/cuducos-alchemydumps/.tox/py3.9-flask1/lib/python3.9/site-packages/nose/failure.py\", line 39, in runTest\n[Tests/Python 3.9 & Flask 1]   |     raise self.exc_val.with_traceback(self.tb)\n[Tests/Python 3.9 & Flask 1]   |   File \"/tmp/de65f406-fe28-11ed-a890-af2cc187fc11/cuducos-alchemydumps/.tox/py3.9-flask1/lib/python3.9/site-packages/nose/loader.py\", line 417, in loadTestsFromName\n[Tests/Python 3.9 & Flask 1]   |     module = self.importer.importFromPath(\n[Tests/Python 3.9 & Flask 1]   |   File \"/tmp/de65f406-fe28-11ed-a890-af2cc187fc11/cuducos-alchemydumps/.tox/py3.9-flask1/lib/python3.9/site-packages/nose/importer.py\", line 47, in importFromPath\n[Tests/Python 3.9 & Flask 1]   |     return self.importFromDir(dir_path, fqname)\n[Tests/Python 3.9 & Flask 1]   |   File \"/tmp/de65f406-fe28-11ed-a890-af2cc187fc11/cuducos-alchemydumps/.tox/py3.9-flask1/lib/python3.9/site-packages/nose/importer.py\", line 94, in importFromDir\n[Tests/Python 3.9 & Flask 1]   |     mod = load_module(part_fqname, fh, filename, desc)\n[Tests/Python 3.9 & Flask 1]   |   File \"/opt/hostedtoolcache/Python/3.9.6/x64/lib/python3.9/imp.py\", line 234, in load_module\n[Tests/Python 3.9 & Flask 1]   |     return load_source(name, filename, file)\n[Tests/Python 3.9 & Flask 1]   |   File \"/opt/hostedtoolcache/Python/3.9.6/x64/lib/python3.9/imp.py\", line 171, in load_source\n[Tests/Python 3.9 & Flask 1]   |     module = _load(spec)\n[Tests/Python 3.9 & Flask 1]   |   File \"<frozen importlib._bootstrap>\", line 711, in _load\n[Tests/Python 3.9 & Flask 1]   |   File \"<frozen importlib._bootstrap>\", line 680, in _load_unlocked\n[Tests/Python 3.9 & Flask 1]   |   File \"<frozen importlib._bootstrap_external>\", line 850, in exec_module\n[Tests/Python 3.9 & Flask 1]   |   File \"<frozen importlib._bootstrap>\", line 228, in _call_with_frames_removed\n[Tests/Python 3.9 & Flask 1]   |   File \"/tmp/de65f406-fe28-11ed-a890-af2cc187fc11/cuducos-alchemydumps/tests/unit/test_backup_remote.py\", line 4, in <module>\n[Tests/Python 3.9 & Flask 1]   |     from flask_alchemydumps.backup import RemoteTools\n[Tests/Python 3.9 & Flask 1]   |   File \"/tmp/de65f406-fe28-11ed-a890-af2cc187fc11/cuducos-alchemydumps/flask_alchemydumps/__init__.py\", line 3, in <module>\n[Tests/Python 3.9 & Flask 1]   |     from flask_alchemydumps.cli import alchemydumps\n[Tests/Python 3.9 & Flask 1]   |   File \"/tmp/de65f406-fe28-11ed-a890-af2cc187fc11/cuducos-alchemydumps/flask_alchemydumps/cli.py\", line 5, in <module>\n[Tests/Python 3.9 & Flask 1]   |     from flask.cli import with_appcontext\n[Tests/Python 3.9 & Flask 1]   |   File \"/tmp/de65f406-fe28-11ed-a890-af2cc187fc11/cuducos-alchemydumps/.tox/py3.9-flask1/lib/python3.9/site-packages/flask/__init__.py\", line 14, in <module>\n[Tests/Python 3.9 & Flask 1]   |     from jinja2 import escape\n[Tests/Python 3.9 & Flask 1]   |   File \"/tmp/de65f406-fe28-11ed-a890-af2cc187fc11/cuducos-alchemydumps/.tox/py3.9-flask1/lib/python3.9/site-packages/jinja2/__init__.py\", line 12, in <module>\n[Tests/Python 3.9 & Flask 1]   |     from .environment import Environment\n[Tests/Python 3.9 & Flask 1]   |   File \"/tmp/de65f406-fe28-11ed-a890-af2cc187fc11/cuducos-alchemydumps/.tox/py3.9-flask1/lib/python3.9/site-packages/jinja2/environment.py\", line 25, in <module>\n[Tests/Python 3.9 & Flask 1]   |     from .defaults import BLOCK_END_STRING\n[Tests/Python 3.9 & Flask 1]   |   File \"/tmp/de65f406-fe28-11ed-a890-af2cc187fc11/cuducos-alchemydumps/.tox/py3.9-flask1/lib/python3.9/site-packages/jinja2/defaults.py\", line 3, in <module>\n[Tests/Python 3.9 & Flask 1]   |     from .filters import FILTERS as DEFAULT_FILTERS  # noqa: F401\n[Tests/Python 3.9 & Flask 1]   |   File \"/tmp/de65f406-fe28-11ed-a890-af2cc187fc11/cuducos-alchemydumps/.tox/py3.9-flask1/lib/python3.9/site-packages/jinja2/filters.py\", line 13, in <module>\n[Tests/Python 3.9 & Flask 1]   |     from markupsafe import soft_unicode\n[Tests/Python 3.9 & Flask 1]   | ImportError: cannot import name 'soft_unicode' from 'markupsafe' (/tmp/de65f406-fe28-11ed-a890-af2cc187fc11/cuducos-alchemydumps/.tox/py3.9-flask1/lib/python3.9/site-packages/markupsafe/__init__.py)\n[Tests/Python 3.9 & Flask 1]   | \n[Tests/Python 3.9 & Flask 1]   | ======================================================================\n[Tests/Python 3.9 & Flask 1]   | ERROR: Failure: ImportError (cannot import name 'soft_unicode' from 'markupsafe' (/tmp/de65f406-fe28-11ed-a890-af2cc187fc11/cuducos-alchemydumps/.tox/py3.9-flask1/lib/python3.9/site-packages/markupsafe/__init__.py))\n[Tests/Python 3.9 & Flask 1]   | ----------------------------------------------------------------------\n[Tests/Python 3.9 & Flask 1]   | Traceback (most recent call last):\n[Tests/Python 3.9 & Flask 1]   |   File \"/tmp/de65f406-fe28-11ed-a890-af2cc187fc11/cuducos-alchemydumps/.tox/py3.9-flask1/lib/python3.9/site-packages/nose/failure.py\", line 39, in runTest\n[Tests/Python 3.9 & Flask 1]   |     raise self.exc_val.with_traceback(self.tb)\n[Tests/Python 3.9 & Flask 1]   |   File \"/tmp/de65f406-fe28-11ed-a890-af2cc187fc11/cuducos-alchemydumps/.tox/py3.9-flask1/lib/python3.9/site-packages/nose/loader.py\", line 417, in loadTestsFromName\n[Tests/Python 3.9 & Flask 1]   |     module = self.importer.importFromPath(\n[Tests/Python 3.9 & Flask 1]   |   File \"/tmp/de65f406-fe28-11ed-a890-af2cc187fc11/cuducos-alchemydumps/.tox/py3.9-flask1/lib/python3.9/site-packages/nose/importer.py\", line 47, in importFromPath\n[Tests/Python 3.9 & Flask 1]   |     return self.importFromDir(dir_path, fqname)\n[Tests/Python 3.9 & Flask 1]   |   File \"/tmp/de65f406-fe28-11ed-a890-af2cc187fc11/cuducos-alchemydumps/.tox/py3.9-flask1/lib/python3.9/site-packages/nose/importer.py\", line 94, in importFromDir\n[Tests/Python 3.9 & Flask 1]   |     mod = load_module(part_fqname, fh, filename, desc)\n[Tests/Python 3.9 & Flask 1]   |   File \"/opt/hostedtoolcache/Python/3.9.6/x64/lib/python3.9/imp.py\", line 234, in load_module\n[Tests/Python 3.9 & Flask 1]   |     return load_source(name, filename, file)\n[Tests/Python 3.9 & Flask 1]   |   File \"/opt/hostedtoolcache/Python/3.9.6/x64/lib/python3.9/imp.py\", line 171, in load_source\n[Tests/Python 3.9 & Flask 1]   |     module = _load(spec)\n[Tests/Python 3.9 & Flask 1]   |   File \"<frozen importlib._bootstrap>\", line 711, in _load\n[Tests/Python 3.9 & Flask 1]   |   File \"<frozen importlib._bootstrap>\", line 680, in _load_unlocked\n[Tests/Python 3.9 & Flask 1]   |   File \"<frozen importlib._bootstrap_external>\", line 850, in exec_module\n[Tests/Python 3.9 & Flask 1]   |   File \"<frozen importlib._bootstrap>\", line 228, in _call_with_frames_removed\n[Tests/Python 3.9 & Flask 1]   |   File \"/tmp/de65f406-fe28-11ed-a890-af2cc187fc11/cuducos-alchemydumps/tests/unit/test_confirm.py\", line 4, in <module>\n[Tests/Python 3.9 & Flask 1]   |     from flask_alchemydumps.confirm import Confirm\n[Tests/Python 3.9 & Flask 1]   |   File \"/tmp/de65f406-fe28-11ed-a890-af2cc187fc11/cuducos-alchemydumps/flask_alchemydumps/__init__.py\", line 3, in <module>\n[Tests/Python 3.9 & Flask 1]   |     from flask_alchemydumps.cli import alchemydumps\n[Tests/Python 3.9 & Flask 1]   |   File \"/tmp/de65f406-fe28-11ed-a890-af2cc187fc11/cuducos-alchemydumps/flask_alchemydumps/cli.py\", line 5, in <module>\n[Tests/Python 3.9 & Flask 1]   |     from flask.cli import with_appcontext\n[Tests/Python 3.9 & Flask 1]   |   File \"/tmp/de65f406-fe28-11ed-a890-af2cc187fc11/cuducos-alchemydumps/.tox/py3.9-flask1/lib/python3.9/site-packages/flask/__init__.py\", line 14, in <module>\n[Tests/Python 3.9 & Flask 1]   |     from jinja2 import escape\n[Tests/Python 3.9 & Flask 1]   |   File \"/tmp/de65f406-fe28-11ed-a890-af2cc187fc11/cuducos-alchemydumps/.tox/py3.9-flask1/lib/python3.9/site-packages/jinja2/__init__.py\", line 12, in <module>\n[Tests/Python 3.9 & Flask 1]   |     from .environment import Environment\n[Tests/Python 3.9 & Flask 1]   |   File \"/tmp/de65f406-fe28-11ed-a890-af2cc187fc11/cuducos-alchemydumps/.tox/py3.9-flask1/lib/python3.9/site-packages/jinja2/environment.py\", line 25, in <module>\n[Tests/Python 3.9 & Flask 1]   |     from .defaults import BLOCK_END_STRING\n[Tests/Python 3.9 & Flask 1]   |   File \"/tmp/de65f406-fe28-11ed-a890-af2cc187fc11/cuducos-alchemydumps/.tox/py3.9-flask1/lib/python3.9/site-packages/jinja2/defaults.py\", line 3, in <module>\n[Tests/Python 3.9 & Flask 1]   |     from .filters import FILTERS as DEFAULT_FILTERS  # noqa: F401\n[Tests/Python 3.9 & Flask 1]   |   File \"/tmp/de65f406-fe28-11ed-a890-af2cc187fc11/cuducos-alchemydumps/.tox/py3.9-flask1/lib/python3.9/site-packages/jinja2/filters.py\", line 13, in <module>\n[Tests/Python 3.9 & Flask 1]   |     from markupsafe import soft_unicode\n[Tests/Python 3.9 & Flask 1]   | ImportError: cannot import name 'soft_unicode' from 'markupsafe' (/tmp/de65f406-fe28-11ed-a890-af2cc187fc11/cuducos-alchemydumps/.tox/py3.9-flask1/lib/python3.9/site-packages/markupsafe/__init__.py)\n[Tests/Python 3.9 & Flask 1]   | \n[Tests/Python 3.9 & Flask 1]   | ======================================================================\n[Tests/Python 3.9 & Flask 1]   | ERROR: Failure: ImportError (cannot import name 'soft_unicode' from 'markupsafe' (/tmp/de65f406-fe28-11ed-a890-af2cc187fc11/cuducos-alchemydumps/.tox/py3.9-flask1/lib/python3.9/site-packages/markupsafe/__init__.py))\n[Tests/Python 3.9 & Flask 1]   | ----------------------------------------------------------------------\n[Tests/Python 3.9 & Flask 1]   | Traceback (most recent call last):\n[Tests/Python 3.9 & Flask 1]   |   File \"/tmp/de65f406-fe28-11ed-a890-af2cc187fc11/cuducos-alchemydumps/.tox/py3.9-flask1/lib/python3.9/site-packages/nose/failure.py\", line 39, in runTest\n[Tests/Python 3.9 & Flask 1]   |     raise self.exc_val.with_traceback(self.tb)\n[Tests/Python 3.9 & Flask 1]   |   File \"/tmp/de65f406-fe28-11ed-a890-af2cc187fc11/cuducos-alchemydumps/.tox/py3.9-flask1/lib/python3.9/site-packages/nose/loader.py\", line 417, in loadTestsFromName\n[Tests/Python 3.9 & Flask 1]   |     module = self.importer.importFromPath(\n[Tests/Python 3.9 & Flask 1]   |   File \"/tmp/de65f406-fe28-11ed-a890-af2cc187fc11/cuducos-alchemydumps/.tox/py3.9-flask1/lib/python3.9/site-packages/nose/importer.py\", line 47, in importFromPath\n[Tests/Python 3.9 & Flask 1]   |     return self.importFromDir(dir_path, fqname)\n[Tests/Python 3.9 & Flask 1]   |   File \"/tmp/de65f406-fe28-11ed-a890-af2cc187fc11/cuducos-alchemydumps/.tox/py3.9-flask1/lib/python3.9/site-packages/nose/importer.py\", line 94, in importFromDir\n[Tests/Python 3.9 & Flask 1]   |     mod = load_module(part_fqname, fh, filename, desc)\n[Tests/Python 3.9 & Flask 1]   |   File \"/opt/hostedtoolcache/Python/3.9.6/x64/lib/python3.9/imp.py\", line 234, in load_module\n[Tests/Python 3.9 & Flask 1]   |     return load_source(name, filename, file)\n[Tests/Python 3.9 & Flask 1]   |   File \"/opt/hostedtoolcache/Python/3.9.6/x64/lib/python3.9/imp.py\", line 171, in load_source\n[Tests/Python 3.9 & Flask 1]   |     module = _load(spec)\n[Tests/Python 3.9 & Flask 1]   |   File \"<frozen importlib._bootstrap>\", line 711, in _load\n[Tests/Python 3.9 & Flask 1]   |   File \"<frozen importlib._bootstrap>\", line 680, in _load_unlocked\n[Tests/Python 3.9 & Flask 1]   |   File \"<frozen importlib._bootstrap_external>\", line 850, in exec_module\n[Tests/Python 3.9 & Flask 1]   |   File \"<frozen importlib._bootstrap>\", line 228, in _call_with_frames_removed\n[Tests/Python 3.9 & Flask 1]   |   File \"/tmp/de65f406-fe28-11ed-a890-af2cc187fc11/cuducos-alchemydumps/tests/unit/test_database.py\", line 3, in <module>\n[Tests/Python 3.9 & Flask 1]   |     from flask_alchemydumps.database import AlchemyDumpsDatabase\n[Tests/Python 3.9 & Flask 1]   |   File \"/tmp/de65f406-fe28-11ed-a890-af2cc187fc11/cuducos-alchemydumps/flask_alchemydumps/__init__.py\", line 3, in <module>\n[Tests/Python 3.9 & Flask 1]   |     from flask_alchemydumps.cli import alchemydumps\n[Tests/Python 3.9 & Flask 1]   |   File \"/tmp/de65f406-fe28-11ed-a890-af2cc187fc11/cuducos-alchemydumps/flask_alchemydumps/cli.py\", line 5, in <module>\n[Tests/Python 3.9 & Flask 1]   |     from flask.cli import with_appcontext\n[Tests/Python 3.9 & Flask 1]   |   File \"/tmp/de65f406-fe28-11ed-a890-af2cc187fc11/cuducos-alchemydumps/.tox/py3.9-flask1/lib/python3.9/site-packages/flask/__init__.py\", line 14, in <module>\n[Tests/Python 3.9 & Flask 1]   |     from jinja2 import escape\n[Tests/Python 3.9 & Flask 1]   |   File \"/tmp/de65f406-fe28-11ed-a890-af2cc187fc11/cuducos-alchemydumps/.tox/py3.9-flask1/lib/python3.9/site-packages/jinja2/__init__.py\", line 12, in <module>\n[Tests/Python 3.9 & Flask 1]   |     from .environment import Environment\n[Tests/Python 3.9 & Flask 1]   |   File \"/tmp/de65f406-fe28-11ed-a890-af2cc187fc11/cuducos-alchemydumps/.tox/py3.9-flask1/lib/python3.9/site-packages/jinja2/environment.py\", line 25, in <module>\n[Tests/Python 3.9 & Flask 1]   |     from .defaults import BLOCK_END_STRING\n[Tests/Python 3.9 & Flask 1]   |   File \"/tmp/de65f406-fe28-11ed-a890-af2cc187fc11/cuducos-alchemydumps/.tox/py3.9-flask1/lib/python3.9/site-packages/jinja2/defaults.py\", line 3, in <module>\n[Tests/Python 3.9 & Flask 1]   |     from .filters import FILTERS as DEFAULT_FILTERS  # noqa: F401\n[Tests/Python 3.9 & Flask 1]   |   File \"/tmp/de65f406-fe28-11ed-a890-af2cc187fc11/cuducos-alchemydumps/.tox/py3.9-flask1/lib/python3.9/site-packages/jinja2/filters.py\", line 13, in <module>\n[Tests/Python 3.9 & Flask 1]   |     from markupsafe import soft_unicode\n[Tests/Python 3.9 & Flask 1]   | ImportError: cannot import name 'soft_unicode' from 'markupsafe' (/tmp/de65f406-fe28-11ed-a890-af2cc187fc11/cuducos-alchemydumps/.tox/py3.9-flask1/lib/python3.9/site-packages/markupsafe/__init__.py)\n[Tests/Python 3.9 & Flask 1]   | \n[Tests/Python 3.9 & Flask 1]   | ----------------------------------------------------------------------\n[Tests/Python 3.9 & Flask 1]   | Ran 9 tests in 0.197s\n[Tests/Python 3.9 & Flask 1]   | \n[Tests/Python 3.9 & Flask 1]   | FAILED (errors=9)\n[Tests/Python 3.9 & Flask 1]   | py3.9-flask1: exit 1 (0.75 seconds) /tmp/de65f406-fe28-11ed-a890-af2cc187fc11/cuducos-alchemydumps> nosetests pid=315\n[Tests/Python 3.9 & Flask 1]   | .pkg: _exit> python /opt/hostedtoolcache/Python/3.9.6/x64/lib/python3.9/site-packages/pyproject_api/_backend.py True poetry.masonry.api\n[Tests/Python 3.9 & Flask 1]   |   py3.9-flask1: FAIL code 1 (66.17=setup[64.03]+cmd[0.68,0.71,0.75] seconds)\n[Tests/Python 3.9 & Flask 1]   |   evaluation failed :( (66.34 seconds)\n[Tests/Python 3.9 & Flask 1]   \u274c  Failure - Main Run tox\n[Tests/Python 3.9 & Flask 1] exitcode '1': failure\n[Tests/Python 3.9 & Flask 1] \ud83c\udfc1  Job failed\n",
    "actions_stderr": "Error: Job 'Python ${{ matrix.python-version }} & Flask ${{ matrix.flask-version }}' failed\n"
}