{
    "repository": "deepmind/tensor_annotations",
    "clone_url": "https://github.com/deepmind/tensor_annotations.git",
    "timestamp": "2023-05-29T16:03:49.047067Z",
    "clone_success": true,
    "number of actions": 1,
    "number_of_test_actions": 1,
    "actions_successful": false,
    "actions_stdout": "[ci-crawler.yml/tests] \ud83d\ude80  Start image=crawlergpt:latest\n[ci-crawler.yml/tests]   \ud83d\udc33  docker pull image=crawlergpt:latest platform= username= forcePull=false\n[ci-crawler.yml/tests]   \ud83d\udc33  docker create image=crawlergpt:latest platform= entrypoint=[\"tail\" \"-f\" \"/dev/null\"] cmd=[]\n[ci-crawler.yml/tests]   \ud83d\udc33  docker run image=crawlergpt:latest platform= entrypoint=[\"tail\" \"-f\" \"/dev/null\"] cmd=[]\n[ci-crawler.yml/tests]   \ud83d\udc33  docker exec cmd=[chown -R 1012:1000 /tmp/de65f406-fe28-11ed-a890-af2cc187fc11/deepmind-tensor_annotations] user=0 workdir=\n[ci-crawler.yml/tests] \u2b50 Run Main actions/checkout@v2\n[ci-crawler.yml/tests]   \u2705  Success - Main actions/checkout@v2\n[ci-crawler.yml/tests] \u2b50 Run Main pip3 install tensorflow jax[cpu] pytype\n[ci-crawler.yml/tests]   \ud83d\udc33  docker exec cmd=[bash --noprofile --norc -e -o pipefail /var/run/act/workflow/1] user= workdir=\n[ci-crawler.yml/tests]   | Collecting tensorflow\n[ci-crawler.yml/tests]   |   Downloading tensorflow-2.12.0-cp38-cp38-manylinux_2_17_x86_64.manylinux2014_x86_64.whl (585.9 MB)\n[ci-crawler.yml/tests]   | Collecting jax[cpu]\n[ci-crawler.yml/tests]   |   Downloading jax-0.4.10.tar.gz (1.3 MB)\n[ci-crawler.yml/tests]   |   Installing build dependencies: started\n[ci-crawler.yml/tests]   |   Installing build dependencies: finished with status 'done'\n[ci-crawler.yml/tests]   |   Getting requirements to build wheel: started\n[ci-crawler.yml/tests]   |   Getting requirements to build wheel: finished with status 'done'\n[ci-crawler.yml/tests]   |     Preparing wheel metadata: started\n[ci-crawler.yml/tests]   |     Preparing wheel metadata: finished with status 'done'\n[ci-crawler.yml/tests]   | Collecting pytype\n[ci-crawler.yml/tests]   |   Downloading pytype-2023.5.24-cp38-cp38-manylinux_2_17_x86_64.manylinux2014_x86_64.whl (3.9 MB)\n[ci-crawler.yml/tests]   | Collecting google-pasta>=0.1.1\n[ci-crawler.yml/tests]   |   Downloading google_pasta-0.2.0-py3-none-any.whl (57 kB)\n[ci-crawler.yml/tests]   | Collecting tensorflow-estimator<2.13,>=2.12.0\n[ci-crawler.yml/tests]   |   Downloading tensorflow_estimator-2.12.0-py2.py3-none-any.whl (440 kB)\n[ci-crawler.yml/tests]   | Collecting keras<2.13,>=2.12.0\n[ci-crawler.yml/tests]   |   Downloading keras-2.12.0-py2.py3-none-any.whl (1.7 MB)\n[ci-crawler.yml/tests]   | Requirement already satisfied: setuptools in /usr/lib/python3/dist-packages (from tensorflow) (45.2.0)\n[ci-crawler.yml/tests]   | Collecting protobuf!=4.21.0,!=4.21.1,!=4.21.2,!=4.21.3,!=4.21.4,!=4.21.5,<5.0.0dev,>=3.20.3\n[ci-crawler.yml/tests]   |   Downloading protobuf-4.23.2-cp37-abi3-manylinux2014_x86_64.whl (304 kB)\n[ci-crawler.yml/tests]   | Collecting flatbuffers>=2.0\n[ci-crawler.yml/tests]   |   Downloading flatbuffers-23.5.26-py2.py3-none-any.whl (26 kB)\n[ci-crawler.yml/tests]   | Collecting termcolor>=1.1.0\n[ci-crawler.yml/tests]   |   Downloading termcolor-2.3.0-py3-none-any.whl (6.9 kB)\n[ci-crawler.yml/tests]   | Collecting h5py>=2.9.0\n[ci-crawler.yml/tests]   |   Downloading h5py-3.8.0-cp38-cp38-manylinux_2_17_x86_64.manylinux2014_x86_64.whl (4.7 MB)\n[ci-crawler.yml/tests]   | Collecting typing-extensions>=3.6.6\n[ci-crawler.yml/tests]   |   Downloading typing_extensions-4.6.2-py3-none-any.whl (31 kB)\n[ci-crawler.yml/tests]   | Collecting opt-einsum>=2.3.2\n[ci-crawler.yml/tests]   |   Downloading opt_einsum-3.3.0-py3-none-any.whl (65 kB)\n[ci-crawler.yml/tests]   | Collecting tensorboard<2.13,>=2.12\n[ci-crawler.yml/tests]   |   Downloading tensorboard-2.12.3-py3-none-any.whl (5.6 MB)\n[ci-crawler.yml/tests]   | Collecting libclang>=13.0.0\n[ci-crawler.yml/tests]   |   Downloading libclang-16.0.0-py2.py3-none-manylinux2010_x86_64.whl (22.9 MB)\n[ci-crawler.yml/tests]   | Collecting grpcio<2.0,>=1.24.3\n[ci-crawler.yml/tests]   |   Downloading grpcio-1.54.2-cp38-cp38-manylinux_2_17_x86_64.manylinux2014_x86_64.whl (5.1 MB)\n[ci-crawler.yml/tests]   | Collecting wrapt<1.15,>=1.11.0\n[ci-crawler.yml/tests]   |   Downloading wrapt-1.14.1-cp38-cp38-manylinux_2_5_x86_64.manylinux1_x86_64.manylinux_2_17_x86_64.manylinux2014_x86_64.whl (81 kB)\n[ci-crawler.yml/tests]   | Collecting gast<=0.4.0,>=0.2.1\n[ci-crawler.yml/tests]   |   Downloading gast-0.4.0-py3-none-any.whl (9.8 kB)\n[ci-crawler.yml/tests]   | Collecting absl-py>=1.0.0\n[ci-crawler.yml/tests]   |   Downloading absl_py-1.4.0-py3-none-any.whl (126 kB)\n[ci-crawler.yml/tests]   | Collecting astunparse>=1.6.0\n[ci-crawler.yml/tests]   |   Downloading astunparse-1.6.3-py2.py3-none-any.whl (12 kB)\n[ci-crawler.yml/tests]   | Requirement already satisfied: six>=1.12.0 in /usr/lib/python3/dist-packages (from tensorflow) (1.14.0)\n[ci-crawler.yml/tests]   | Collecting numpy<1.24,>=1.22\n[ci-crawler.yml/tests]   |   Downloading numpy-1.23.5-cp38-cp38-manylinux_2_17_x86_64.manylinux2014_x86_64.whl (17.1 MB)\n[ci-crawler.yml/tests]   | Requirement already satisfied: packaging in /usr/local/lib/python3.8/dist-packages (from tensorflow) (21.0)\n[ci-crawler.yml/tests]   | Collecting tensorflow-io-gcs-filesystem>=0.23.1; platform_machine != \"arm64\" or platform_system != \"Darwin\"\n[ci-crawler.yml/tests]   |   Downloading tensorflow_io_gcs_filesystem-0.32.0-cp38-cp38-manylinux_2_12_x86_64.manylinux2010_x86_64.whl (2.4 MB)\n[ci-crawler.yml/tests]   | Collecting scipy>=1.7\n[ci-crawler.yml/tests]   |   Downloading scipy-1.10.1-cp38-cp38-manylinux_2_17_x86_64.manylinux2014_x86_64.whl (34.5 MB)\n[ci-crawler.yml/tests]   | Collecting ml-dtypes>=0.1.0\n[ci-crawler.yml/tests]   |   Downloading ml_dtypes-0.1.0-cp38-cp38-manylinux_2_17_x86_64.manylinux2014_x86_64.whl (190 kB)\n[ci-crawler.yml/tests]   | Collecting jaxlib==0.4.10; extra == \"cpu\"\n[ci-crawler.yml/tests]   |   Downloading jaxlib-0.4.10-cp38-cp38-manylinux2014_x86_64.whl (69.9 MB)\n[ci-crawler.yml/tests]   | Collecting tabulate>=0.8.10\n[ci-crawler.yml/tests]   |   Downloading tabulate-0.9.0-py3-none-any.whl (35 kB)\n[ci-crawler.yml/tests]   | Collecting pydot>=1.4.2\n[ci-crawler.yml/tests]   |   Downloading pydot-1.4.2-py2.py3-none-any.whl (21 kB)\n[ci-crawler.yml/tests]   | Collecting networkx<3.2\n[ci-crawler.yml/tests]   |   Downloading networkx-3.1-py3-none-any.whl (2.1 MB)\n[ci-crawler.yml/tests]   | Collecting jinja2>=3.1.2\n[ci-crawler.yml/tests]   |   Downloading Jinja2-3.1.2-py3-none-any.whl (133 kB)\n[ci-crawler.yml/tests]   | Collecting toml>=0.10.2\n[ci-crawler.yml/tests]   |   Downloading toml-0.10.2-py2.py3-none-any.whl (16 kB)\n[ci-crawler.yml/tests]   | Collecting ninja>=1.10.0.post2\n[ci-crawler.yml/tests]   |   Downloading ninja-1.11.1-py2.py3-none-manylinux_2_12_x86_64.manylinux2010_x86_64.whl (145 kB)\n[ci-crawler.yml/tests]   | Collecting libcst==0.4.9\n[ci-crawler.yml/tests]   |   Downloading libcst-0.4.9-cp38-cp38-manylinux_2_17_x86_64.manylinux2014_x86_64.whl (2.8 MB)\n[ci-crawler.yml/tests]   | Collecting attrs>=21.4.0\n[ci-crawler.yml/tests]   |   Downloading attrs-23.1.0-py3-none-any.whl (61 kB)\n[ci-crawler.yml/tests]   | Collecting importlab>=0.8\n[ci-crawler.yml/tests]   |   Downloading importlab-0.8-py2.py3-none-any.whl (21 kB)\n[ci-crawler.yml/tests]   | Collecting google-auth<3,>=1.6.3\n[ci-crawler.yml/tests]   |   Downloading google_auth-2.19.0-py2.py3-none-any.whl (181 kB)\n[ci-crawler.yml/tests]   | Collecting tensorboard-data-server<0.8.0,>=0.7.0\n[ci-crawler.yml/tests]   |   Downloading tensorboard_data_server-0.7.0-py3-none-manylinux2014_x86_64.whl (6.6 MB)\n[ci-crawler.yml/tests]   | Collecting werkzeug>=1.0.1\n[ci-crawler.yml/tests]   |   Downloading Werkzeug-2.3.4-py3-none-any.whl (242 kB)\n[ci-crawler.yml/tests]   | Requirement already satisfied: requests<3,>=2.21.0 in /usr/lib/python3/dist-packages (from tensorboard<2.13,>=2.12->tensorflow) (2.22.0)\n[ci-crawler.yml/tests]   | Requirement already satisfied: wheel>=0.26 in /usr/lib/python3/dist-packages (from tensorboard<2.13,>=2.12->tensorflow) (0.34.2)\n[ci-crawler.yml/tests]   | Collecting google-auth-oauthlib<1.1,>=0.5\n[ci-crawler.yml/tests]   |   Downloading google_auth_oauthlib-1.0.0-py2.py3-none-any.whl (18 kB)\n[ci-crawler.yml/tests]   | Collecting markdown>=2.6.8\n[ci-crawler.yml/tests]   |   Downloading Markdown-3.4.3-py3-none-any.whl (93 kB)\n[ci-crawler.yml/tests]   | Requirement already satisfied: pyparsing>=2.0.2 in /usr/local/lib/python3.8/dist-packages (from packaging->tensorflow) (2.4.7)\n[ci-crawler.yml/tests]   | Collecting MarkupSafe>=2.0\n[ci-crawler.yml/tests]   |   Downloading MarkupSafe-2.1.2-cp38-cp38-manylinux_2_17_x86_64.manylinux2014_x86_64.whl (25 kB)\n[ci-crawler.yml/tests]   | Requirement already satisfied: pyyaml>=5.2 in /usr/lib/python3/dist-packages (from libcst==0.4.9->pytype) (5.3.1)\n[ci-crawler.yml/tests]   | Collecting typing-inspect>=0.4.0\n[ci-crawler.yml/tests]   |   Downloading typing_inspect-0.9.0-py3-none-any.whl (8.8 kB)\n[ci-crawler.yml/tests]   | Collecting pyasn1-modules>=0.2.1\n[ci-crawler.yml/tests]   |   Downloading pyasn1_modules-0.3.0-py2.py3-none-any.whl (181 kB)\n[ci-crawler.yml/tests]   | Collecting cachetools<6.0,>=2.0.0\n[ci-crawler.yml/tests]   |   Downloading cachetools-5.3.1-py3-none-any.whl (9.3 kB)\n[ci-crawler.yml/tests]   | Requirement already satisfied: urllib3<2.0 in /usr/lib/python3/dist-packages (from google-auth<3,>=1.6.3->tensorboard<2.13,>=2.12->tensorflow) (1.25.8)\n[ci-crawler.yml/tests]   | Collecting rsa<5,>=3.1.4\n[ci-crawler.yml/tests]   |   Downloading rsa-4.9-py3-none-any.whl (34 kB)\n[ci-crawler.yml/tests]   | Collecting requests-oauthlib>=0.7.0\n[ci-crawler.yml/tests]   |   Downloading requests_oauthlib-1.3.1-py2.py3-none-any.whl (23 kB)\n[ci-crawler.yml/tests]   | Collecting importlib-metadata>=4.4; python_version < \"3.10\"\n[ci-crawler.yml/tests]   |   Downloading importlib_metadata-6.6.0-py3-none-any.whl (22 kB)\n[ci-crawler.yml/tests]   | Collecting mypy-extensions>=0.3.0\n[ci-crawler.yml/tests]   |   Downloading mypy_extensions-1.0.0-py3-none-any.whl (4.7 kB)\n[ci-crawler.yml/tests]   | Collecting pyasn1<0.6.0,>=0.4.6\n[ci-crawler.yml/tests]   |   Downloading pyasn1-0.5.0-py2.py3-none-any.whl (83 kB)\n[ci-crawler.yml/tests]   | Collecting oauthlib>=3.0.0\n[ci-crawler.yml/tests]   |   Downloading oauthlib-3.2.2-py3-none-any.whl (151 kB)\n[ci-crawler.yml/tests]   | Collecting zipp>=0.5\n[ci-crawler.yml/tests]   |   Downloading zipp-3.15.0-py3-none-any.whl (6.8 kB)\n[ci-crawler.yml/tests]   | Building wheels for collected packages: jax\n[ci-crawler.yml/tests]   |   Building wheel for jax (PEP 517): started\n[ci-crawler.yml/tests]   |   Building wheel for jax (PEP 517): finished with status 'done'\n[ci-crawler.yml/tests]   |   Created wheel for jax: filename=jax-0.4.10-py3-none-any.whl size=1480503 sha256=e77b6c7ba670b10fb2f6c9c59125233a955af6a72467987659500ef6d2cf9d5f\n[ci-crawler.yml/tests]   |   Stored in directory: /home/runneradmin/.cache/pip/wheels/6a/8c/35/209bfba5979c08e883a5cfcb9f3ddf907f9dd1c37ee83c1f8d\n[ci-crawler.yml/tests]   | Successfully built jax\n[ci-crawler.yml/tests]   | Installing collected packages: google-pasta, tensorflow-estimator, keras, protobuf, flatbuffers, termcolor, numpy, h5py, typing-extensions, opt-einsum, absl-py, pyasn1, pyasn1-modules, cachetools, rsa, google-auth, grpcio, tensorboard-data-server, MarkupSafe, werkzeug, oauthlib, requests-oauthlib, google-auth-oauthlib, zipp, importlib-metadata, markdown, tensorboard, libclang, wrapt, gast, astunparse, scipy, ml-dtypes, jaxlib, jax, tensorflow-io-gcs-filesystem, tensorflow, tabulate, pydot, networkx, jinja2, toml, ninja, mypy-extensions, typing-inspect, libcst, attrs, importlab, pytype\n[ci-crawler.yml/tests]   |   WARNING: The scripts f2py, f2py3 and f2py3.8 are installed in '/home/runneradmin/.local/bin' which is not on PATH.\n[ci-crawler.yml/tests]   |   Consider adding this directory to PATH or, if you prefer to suppress this warning, use --no-warn-script-location.\n[ci-crawler.yml/tests]   |   WARNING: The scripts pyrsa-decrypt, pyrsa-encrypt, pyrsa-keygen, pyrsa-priv2pub, pyrsa-sign and pyrsa-verify are installed in '/home/runneradmin/.local/bin' which is not on PATH.\n[ci-crawler.yml/tests]   |   Consider adding this directory to PATH or, if you prefer to suppress this warning, use --no-warn-script-location.\n[ci-crawler.yml/tests]   |   WARNING: The script google-oauthlib-tool is installed in '/home/runneradmin/.local/bin' which is not on PATH.\n[ci-crawler.yml/tests]   |   Consider adding this directory to PATH or, if you prefer to suppress this warning, use --no-warn-script-location.\n[ci-crawler.yml/tests]   |   WARNING: The script markdown_py is installed in '/home/runneradmin/.local/bin' which is not on PATH.\n[ci-crawler.yml/tests]   |   Consider adding this directory to PATH or, if you prefer to suppress this warning, use --no-warn-script-location.\n[ci-crawler.yml/tests]   |   WARNING: The script tensorboard is installed in '/home/runneradmin/.local/bin' which is not on PATH.\n[ci-crawler.yml/tests]   |   Consider adding this directory to PATH or, if you prefer to suppress this warning, use --no-warn-script-location.\n[ci-crawler.yml/tests]   |   WARNING: The scripts estimator_ckpt_converter, import_pb_to_tensorboard, saved_model_cli, tensorboard, tf_upgrade_v2, tflite_convert, toco and toco_from_protos are installed in '/home/runneradmin/.local/bin' which is not on PATH.\n[ci-crawler.yml/tests]   |   Consider adding this directory to PATH or, if you prefer to suppress this warning, use --no-warn-script-location.\n[ci-crawler.yml/tests]   |   WARNING: The script tabulate is installed in '/home/runneradmin/.local/bin' which is not on PATH.\n[ci-crawler.yml/tests]   |   Consider adding this directory to PATH or, if you prefer to suppress this warning, use --no-warn-script-location.\n[ci-crawler.yml/tests]   |   WARNING: The script ninja is installed in '/home/runneradmin/.local/bin' which is not on PATH.\n[ci-crawler.yml/tests]   |   Consider adding this directory to PATH or, if you prefer to suppress this warning, use --no-warn-script-location.\n[ci-crawler.yml/tests]   |   WARNING: The scripts annotate-ast, merge-pyi, pytd, pytype, pytype-single and pyxref are installed in '/home/runneradmin/.local/bin' which is not on PATH.\n[ci-crawler.yml/tests]   |   Consider adding this directory to PATH or, if you prefer to suppress this warning, use --no-warn-script-location.\n[ci-crawler.yml/tests]   | Successfully installed MarkupSafe-2.1.2 absl-py-1.4.0 astunparse-1.6.3 attrs-23.1.0 cachetools-5.3.1 flatbuffers-23.5.26 gast-0.4.0 google-auth-2.19.0 google-auth-oauthlib-1.0.0 google-pasta-0.2.0 grpcio-1.54.2 h5py-3.8.0 importlab-0.8 importlib-metadata-6.6.0 jax-0.4.10 jaxlib-0.4.10 jinja2-3.1.2 keras-2.12.0 libclang-16.0.0 libcst-0.4.9 markdown-3.4.3 ml-dtypes-0.1.0 mypy-extensions-1.0.0 networkx-3.1 ninja-1.11.1 numpy-1.23.5 oauthlib-3.2.2 opt-einsum-3.3.0 protobuf-4.23.2 pyasn1-0.5.0 pyasn1-modules-0.3.0 pydot-1.4.2 pytype-2023.5.24 requests-oauthlib-1.3.1 rsa-4.9 scipy-1.10.1 tabulate-0.9.0 tensorboard-2.12.3 tensorboard-data-server-0.7.0 tensorflow-2.12.0 tensorflow-estimator-2.12.0 tensorflow-io-gcs-filesystem-0.32.0 termcolor-2.3.0 toml-0.10.2 typing-extensions-4.6.2 typing-inspect-0.9.0 werkzeug-2.3.4 wrapt-1.14.1 zipp-3.15.0\n[ci-crawler.yml/tests]   \u2705  Success - Main pip3 install tensorflow jax[cpu] pytype\n[ci-crawler.yml/tests] \u2b50 Run Main pip3 install .\n[ci-crawler.yml/tests]   \ud83d\udc33  docker exec cmd=[bash --noprofile --norc -e -o pipefail /var/run/act/workflow/2] user= workdir=\n[ci-crawler.yml/tests]   | Processing /tmp/de65f406-fe28-11ed-a890-af2cc187fc11/deepmind-tensor_annotations\n[ci-crawler.yml/tests]   | Collecting dm-tree\n[ci-crawler.yml/tests]   |   Downloading dm_tree-0.1.8-cp38-cp38-manylinux_2_17_x86_64.manylinux2014_x86_64.whl (152 kB)\n[ci-crawler.yml/tests]   | Building wheels for collected packages: tensor-annotations\n[ci-crawler.yml/tests]   |   Building wheel for tensor-annotations (setup.py): started\n[ci-crawler.yml/tests]   |   Building wheel for tensor-annotations (setup.py): finished with status 'done'\n[ci-crawler.yml/tests]   |   Created wheel for tensor-annotations: filename=tensor_annotations-2.0.2-py3-none-any.whl size=44554 sha256=4791bd1e31dbc34a646c951802a797759c7e8764ac581e3f66695198271c578c\n[ci-crawler.yml/tests]   |   Stored in directory: /home/runneradmin/.cache/pip/wheels/b8/ca/cd/fc03f4860d83b047ab05e744c0943e754087211ed80af20c09\n[ci-crawler.yml/tests]   | Successfully built tensor-annotations\n[ci-crawler.yml/tests]   | Installing collected packages: dm-tree, tensor-annotations\n[ci-crawler.yml/tests]   | Successfully installed dm-tree-0.1.8 tensor-annotations-2.0.2\n[ci-crawler.yml/tests]   \u2705  Success - Main pip3 install .\n[ci-crawler.yml/tests] \u2b50 Run Main cd tensorflow-stubs && pip3 install .\n[ci-crawler.yml/tests]   \ud83d\udc33  docker exec cmd=[bash --noprofile --norc -e -o pipefail /var/run/act/workflow/3] user= workdir=\n[ci-crawler.yml/tests]   | Processing /tmp/de65f406-fe28-11ed-a890-af2cc187fc11/deepmind-tensor_annotations/tensorflow-stubs\n[ci-crawler.yml/tests]   | Requirement already satisfied: tensor-annotations in /home/runneradmin/.local/lib/python3.8/site-packages (from tensor-annotations-tensorflow-stubs==2.0.2) (2.0.2)\n[ci-crawler.yml/tests]   | Requirement already satisfied: dm-tree in /home/runneradmin/.local/lib/python3.8/site-packages (from tensor-annotations->tensor-annotations-tensorflow-stubs==2.0.2) (0.1.8)\n[ci-crawler.yml/tests]   | Building wheels for collected packages: tensor-annotations-tensorflow-stubs\n[ci-crawler.yml/tests]   |   Building wheel for tensor-annotations-tensorflow-stubs (setup.py): started\n[ci-crawler.yml/tests]   |   Building wheel for tensor-annotations-tensorflow-stubs (setup.py): finished with status 'done'\n[ci-crawler.yml/tests]   |   Created wheel for tensor-annotations-tensorflow-stubs: filename=tensor_annotations_tensorflow_stubs-2.0.2-py3-none-any.whl size=19967 sha256=5f1371febd486767708912c47048f10f96bc49a274cf8979a4cb321f11b518e2\n[ci-crawler.yml/tests]   |   Stored in directory: /home/runneradmin/.cache/pip/wheels/0b/7a/a3/129e5146d7ebee142170c0591f7812e4b902cc672a21420e9b\n[ci-crawler.yml/tests]   | Successfully built tensor-annotations-tensorflow-stubs\n[ci-crawler.yml/tests]   | Installing collected packages: tensor-annotations-tensorflow-stubs\n[ci-crawler.yml/tests]   | Successfully installed tensor-annotations-tensorflow-stubs-2.0.2\n[ci-crawler.yml/tests]   \u2705  Success - Main cd tensorflow-stubs && pip3 install .\n[ci-crawler.yml/tests] \u2b50 Run Main cd jax-stubs && pip3 install .\n[ci-crawler.yml/tests]   \ud83d\udc33  docker exec cmd=[bash --noprofile --norc -e -o pipefail /var/run/act/workflow/4] user= workdir=\n[ci-crawler.yml/tests]   | Processing /tmp/de65f406-fe28-11ed-a890-af2cc187fc11/deepmind-tensor_annotations/jax-stubs\n[ci-crawler.yml/tests]   | Requirement already satisfied: tensor-annotations in /home/runneradmin/.local/lib/python3.8/site-packages (from tensor-annotations-jax-stubs==2.0.2) (2.0.2)\n[ci-crawler.yml/tests]   | Requirement already satisfied: dm-tree in /home/runneradmin/.local/lib/python3.8/site-packages (from tensor-annotations->tensor-annotations-jax-stubs==2.0.2) (0.1.8)\n[ci-crawler.yml/tests]   | Building wheels for collected packages: tensor-annotations-jax-stubs\n[ci-crawler.yml/tests]   |   Building wheel for tensor-annotations-jax-stubs (setup.py): started\n[ci-crawler.yml/tests]   |   Building wheel for tensor-annotations-jax-stubs (setup.py): finished with status 'done'\n[ci-crawler.yml/tests]   |   Created wheel for tensor-annotations-jax-stubs: filename=tensor_annotations_jax_stubs-2.0.2-py3-none-any.whl size=8961 sha256=45c181e09d31e55c26afd3e0677980b5068474a27fd3740529c752478420288c\n[ci-crawler.yml/tests]   |   Stored in directory: /home/runneradmin/.cache/pip/wheels/b4/17/ed/81cf6ee02d46e8bea23df35564514f897e63ae9cefb8ae5180\n[ci-crawler.yml/tests]   | Successfully built tensor-annotations-jax-stubs\n[ci-crawler.yml/tests]   | Installing collected packages: tensor-annotations-jax-stubs\n[ci-crawler.yml/tests]   | Successfully installed tensor-annotations-jax-stubs-2.0.2\n[ci-crawler.yml/tests]   \u2705  Success - Main cd jax-stubs && pip3 install .\n[ci-crawler.yml/tests] \u2b50 Run Main python -m tensor_annotations.tests.pytype\n[ci-crawler.yml/tests]   \ud83d\udc33  docker exec cmd=[bash --noprofile --norc -e -o pipefail /var/run/act/workflow/5] user= workdir=\n[ci-crawler.yml/tests]   | EE\n[ci-crawler.yml/tests]   | ======================================================================\n[ci-crawler.yml/tests]   | ERROR: testSimpleCorrectExample_PassesPytype (__main__.PytypeTests)\n[ci-crawler.yml/tests]   | ----------------------------------------------------------------------\n[ci-crawler.yml/tests]   | Traceback (most recent call last):\n[ci-crawler.yml/tests]   |   File \"/tmp/de65f406-fe28-11ed-a890-af2cc187fc11/deepmind-tensor_annotations/tensor_annotations/tests/pytype.py\", line 44, in testSimpleCorrectExample_PassesPytype\n[ci-crawler.yml/tests]   |     utils.assert_pytype_succeeds(code)\n[ci-crawler.yml/tests]   |   File \"/tmp/de65f406-fe28-11ed-a890-af2cc187fc11/deepmind-tensor_annotations/tensor_annotations/tests/utils.py\", line 106, in assert_pytype_succeeds\n[ci-crawler.yml/tests]   |     process = run_pytype(code, check=True)\n[ci-crawler.yml/tests]   |   File \"/tmp/de65f406-fe28-11ed-a890-af2cc187fc11/deepmind-tensor_annotations/tensor_annotations/tests/utils.py\", line 49, in run_pytype\n[ci-crawler.yml/tests]   |     _generate_tensor_annotations_stubs(pytype_path, tensor_annotations_dir,\n[ci-crawler.yml/tests]   |   File \"/tmp/de65f406-fe28-11ed-a890-af2cc187fc11/deepmind-tensor_annotations/tensor_annotations/tests/utils.py\", line 93, in _generate_tensor_annotations_stubs\n[ci-crawler.yml/tests]   |     subprocess.run(\n[ci-crawler.yml/tests]   |   File \"/usr/lib/python3.8/subprocess.py\", line 493, in run\n[ci-crawler.yml/tests]   |     with Popen(*popenargs, **kwargs) as process:\n[ci-crawler.yml/tests]   |   File \"/usr/lib/python3.8/subprocess.py\", line 858, in __init__\n[ci-crawler.yml/tests]   |     self._execute_child(args, executable, preexec_fn, close_fds,\n[ci-crawler.yml/tests]   |   File \"/usr/lib/python3.8/subprocess.py\", line 1704, in _execute_child\n[ci-crawler.yml/tests]   |     raise child_exception_type(errno_num, err_msg, err_filename)\n[ci-crawler.yml/tests]   | FileNotFoundError: [Errno 2] No such file or directory: 'pytype-single'\n[ci-crawler.yml/tests]   | \n[ci-crawler.yml/tests]   | ======================================================================\n[ci-crawler.yml/tests]   | ERROR: testSimpleIncorrectExample_FailsPytype (__main__.PytypeTests)\n[ci-crawler.yml/tests]   | ----------------------------------------------------------------------\n[ci-crawler.yml/tests]   | Traceback (most recent call last):\n[ci-crawler.yml/tests]   |   File \"/tmp/de65f406-fe28-11ed-a890-af2cc187fc11/deepmind-tensor_annotations/tensor_annotations/tests/pytype.py\", line 54, in testSimpleIncorrectExample_FailsPytype\n[ci-crawler.yml/tests]   |     utils.assert_pytype_fails(code)\n[ci-crawler.yml/tests]   |   File \"/tmp/de65f406-fe28-11ed-a890-af2cc187fc11/deepmind-tensor_annotations/tensor_annotations/tests/utils.py\", line 115, in assert_pytype_fails\n[ci-crawler.yml/tests]   |     run_pytype(code, check=True)\n[ci-crawler.yml/tests]   |   File \"/tmp/de65f406-fe28-11ed-a890-af2cc187fc11/deepmind-tensor_annotations/tensor_annotations/tests/utils.py\", line 49, in run_pytype\n[ci-crawler.yml/tests]   |     _generate_tensor_annotations_stubs(pytype_path, tensor_annotations_dir,\n[ci-crawler.yml/tests]   |   File \"/tmp/de65f406-fe28-11ed-a890-af2cc187fc11/deepmind-tensor_annotations/tensor_annotations/tests/utils.py\", line 93, in _generate_tensor_annotations_stubs\n[ci-crawler.yml/tests]   |     subprocess.run(\n[ci-crawler.yml/tests]   |   File \"/usr/lib/python3.8/subprocess.py\", line 493, in run\n[ci-crawler.yml/tests]   |     with Popen(*popenargs, **kwargs) as process:\n[ci-crawler.yml/tests]   |   File \"/usr/lib/python3.8/subprocess.py\", line 858, in __init__\n[ci-crawler.yml/tests]   |     self._execute_child(args, executable, preexec_fn, close_fds,\n[ci-crawler.yml/tests]   |   File \"/usr/lib/python3.8/subprocess.py\", line 1704, in _execute_child\n[ci-crawler.yml/tests]   |     raise child_exception_type(errno_num, err_msg, err_filename)\n[ci-crawler.yml/tests]   | FileNotFoundError: [Errno 2] No such file or directory: 'pytype-single'\n[ci-crawler.yml/tests]   | \n[ci-crawler.yml/tests]   | ----------------------------------------------------------------------\n[ci-crawler.yml/tests]   | Ran 2 tests in 0.154s\n[ci-crawler.yml/tests]   | \n[ci-crawler.yml/tests]   | FAILED (errors=2)\n[ci-crawler.yml/tests]   \u274c  Failure - Main python -m tensor_annotations.tests.pytype\n[ci-crawler.yml/tests] exitcode '1': failure\n[ci-crawler.yml/tests] failed to remove container: Delete \"http://%2Fvar%2Frun%2Fdocker.sock/v1.41/containers/4fc07c5aaf463692e399b20240c2e7ce085f22fe73b4a59af6ed7c203b98b750?force=1&v=1\": context deadline exceeded\n[ci-crawler.yml/tests] \ud83c\udfc1  Job failed\n",
    "actions_stderr": "Error: context canceled\n"
}