{
    "repository": "desbma/hddfancontrol",
    "clone_url": "https://github.com/desbma/hddfancontrol.git",
    "timestamp": "2023-05-29T15:40:28.771913Z",
    "clone_success": true,
    "number of actions": 1,
    "number_of_test_actions": 1,
    "actions_successful": false,
    "actions_stdout": "[ci-crawler.yml/lint] \ud83d\ude80  Start image=crawlergpt:latest\n[ci-crawler.yml/test] \ud83d\ude80  Start image=crawlergpt:latest\n[ci-crawler.yml/lint]   \ud83d\udc33  docker pull image=crawlergpt:latest platform= username= forcePull=false\n[ci-crawler.yml/test]   \ud83d\udc33  docker pull image=crawlergpt:latest platform= username= forcePull=false\n[ci-crawler.yml/lint]   \ud83d\udc33  docker create image=crawlergpt:latest platform= entrypoint=[\"tail\" \"-f\" \"/dev/null\"] cmd=[]\n[ci-crawler.yml/test]   \ud83d\udc33  docker create image=crawlergpt:latest platform= entrypoint=[\"tail\" \"-f\" \"/dev/null\"] cmd=[]\n[ci-crawler.yml/lint]   \ud83d\udc33  docker run image=crawlergpt:latest platform= entrypoint=[\"tail\" \"-f\" \"/dev/null\"] cmd=[]\n[ci-crawler.yml/test]   \ud83d\udc33  docker run image=crawlergpt:latest platform= entrypoint=[\"tail\" \"-f\" \"/dev/null\"] cmd=[]\n[ci-crawler.yml/test]   \ud83d\udc33  docker exec cmd=[chown -R 1012:1000 /tmp/de65f406-fe28-11ed-a890-af2cc187fc11/desbma-hddfancontrol] user=0 workdir=\n[ci-crawler.yml/lint]   \ud83d\udc33  docker exec cmd=[chown -R 1012:1000 /tmp/de65f406-fe28-11ed-a890-af2cc187fc11/desbma-hddfancontrol] user=0 workdir=\n[ci-crawler.yml/test]   \u2601  git clone 'https://github.com/actions/setup-python' # ref=v2\n[ci-crawler.yml/test] \ud83e\uddea  Matrix: map[python-version:3.6]\n[ci-crawler.yml/test] \u2b50 Run Main actions/checkout@v2\n[ci-crawler.yml/lint]   \u2601  git clone 'https://github.com/actions/setup-python' # ref=v2\n[ci-crawler.yml/test]   \u2705  Success - Main actions/checkout@v2\n[ci-crawler.yml/lint]   \u2601  git clone 'https://github.com/pre-commit/action' # ref=v2.0.0\n[ci-crawler.yml/lint] \u2b50 Run Main actions/checkout@v2\n[ci-crawler.yml/lint]   \u2705  Success - Main actions/checkout@v2\n[ci-crawler.yml/test] \u2b50 Run Main actions/setup-python@v2\n[ci-crawler.yml/test]   \ud83d\udc33  docker cp src=/home/andre-silva/.cache/act/actions-setup-python@v2/ dst=/var/run/act/actions/actions-setup-python@v2/\n[ci-crawler.yml/lint] \u2b50 Run Main actions/setup-python@v2\n[ci-crawler.yml/lint]   \ud83d\udc33  docker cp src=/home/andre-silva/.cache/act/actions-setup-python@v2/ dst=/var/run/act/actions/actions-setup-python@v2/\n[ci-crawler.yml/test]   \ud83d\udc33  docker exec cmd=[chown -R 1012:1000 /var/run/act/actions/actions-setup-python@v2/] user=0 workdir=\n[ci-crawler.yml/lint]   \ud83d\udc33  docker exec cmd=[chown -R 1012:1000 /var/run/act/actions/actions-setup-python@v2/] user=0 workdir=\n[ci-crawler.yml/test]   \ud83d\udc33  docker exec cmd=[node /var/run/act/actions/actions-setup-python@v2/dist/setup/index.js] user= workdir=\n[ci-crawler.yml/lint]   \ud83d\udc33  docker exec cmd=[node /var/run/act/actions/actions-setup-python@v2/dist/setup/index.js] user= workdir=\n[ci-crawler.yml/test]   \ud83d\udcac  ::debug::Semantic version spec of 3.6 is 3.6\n[ci-crawler.yml/test]   \ud83d\udcac  ::debug::isExplicit: \n[ci-crawler.yml/test]   \ud83d\udcac  ::debug::explicit? false\n[ci-crawler.yml/test]   \ud83d\udcac  ::debug::isExplicit: 2.7.18\n[ci-crawler.yml/test]   \ud83d\udcac  ::debug::explicit? true\n[ci-crawler.yml/test]   \ud83d\udcac  ::debug::isExplicit: 3.5.10\n[ci-crawler.yml/test]   \ud83d\udcac  ::debug::explicit? true\n[ci-crawler.yml/test]   \ud83d\udcac  ::debug::isExplicit: 3.6.14\n[ci-crawler.yml/test]   \ud83d\udcac  ::debug::explicit? true\n[ci-crawler.yml/test]   \ud83d\udcac  ::debug::isExplicit: 3.7.11\n[ci-crawler.yml/test]   \ud83d\udcac  ::debug::explicit? true\n[ci-crawler.yml/test]   \ud83d\udcac  ::debug::isExplicit: 3.8.11\n[ci-crawler.yml/test]   \ud83d\udcac  ::debug::explicit? true\n[ci-crawler.yml/test]   \ud83d\udcac  ::debug::isExplicit: 3.9.6\n[ci-crawler.yml/test]   \ud83d\udcac  ::debug::explicit? true\n[ci-crawler.yml/test]   \ud83d\udcac  ::debug::evaluating 6 versions\n[ci-crawler.yml/test]   \ud83d\udcac  ::debug::matched: 3.6.14\n[ci-crawler.yml/test]   \ud83d\udcac  ::debug::checking cache: /opt/hostedtoolcache/Python/3.6.14/x64\n[ci-crawler.yml/test]   \ud83d\udcac  ::debug::Found tool in cache Python 3.6.14 x64\n[ci-crawler.yml/test]   | Successfully setup CPython (3.6.14)\n[ci-crawler.yml/test]   \u2753 add-matcher /run/act/actions/actions-setup-python@v2/.github/python.json\n[ci-crawler.yml/test]   \u2705  Success - Main actions/setup-python@v2\n[ci-crawler.yml/test]   \u2699  ::set-env:: pythonLocation=/opt/hostedtoolcache/Python/3.6.14/x64\n[ci-crawler.yml/test]   \u2699  ::set-env:: LD_LIBRARY_PATH=/opt/hostedtoolcache/Python/3.6.14/x64/lib\n[ci-crawler.yml/test]   \u2699  ::set-output:: python-version=3.6.14\n[ci-crawler.yml/test]   \u2699  ::add-path:: /opt/hostedtoolcache/Python/3.6.14/x64\n[ci-crawler.yml/test]   \u2699  ::add-path:: /opt/hostedtoolcache/Python/3.6.14/x64/bin\n[ci-crawler.yml/test] \u2b50 Run Main sudo apt-get install hddtemp hdparm\npip install -U pip\npip install coveralls\npip install -r requirements.txt\n[ci-crawler.yml/test]   \ud83d\udc33  docker exec cmd=[bash --noprofile --norc -e -o pipefail /var/run/act/workflow/2] user= workdir=\n[ci-crawler.yml/lint]   \ud83d\udcac  ::debug::Semantic version spec of 3.x is 3.x\n[ci-crawler.yml/lint]   \ud83d\udcac  ::debug::isExplicit: \n[ci-crawler.yml/lint]   \ud83d\udcac  ::debug::explicit? false\n[ci-crawler.yml/lint]   \ud83d\udcac  ::debug::isExplicit: 2.7.18\n[ci-crawler.yml/lint]   \ud83d\udcac  ::debug::explicit? true\n[ci-crawler.yml/lint]   \ud83d\udcac  ::debug::isExplicit: 3.5.10\n[ci-crawler.yml/lint]   \ud83d\udcac  ::debug::explicit? true\n[ci-crawler.yml/lint]   \ud83d\udcac  ::debug::isExplicit: 3.6.14\n[ci-crawler.yml/lint]   \ud83d\udcac  ::debug::explicit? true\n[ci-crawler.yml/lint]   \ud83d\udcac  ::debug::isExplicit: 3.7.11\n[ci-crawler.yml/lint]   \ud83d\udcac  ::debug::explicit? true\n[ci-crawler.yml/lint]   \ud83d\udcac  ::debug::isExplicit: 3.8.11\n[ci-crawler.yml/lint]   \ud83d\udcac  ::debug::explicit? true\n[ci-crawler.yml/lint]   \ud83d\udcac  ::debug::isExplicit: 3.9.6\n[ci-crawler.yml/lint]   \ud83d\udcac  ::debug::explicit? true\n[ci-crawler.yml/lint]   \ud83d\udcac  ::debug::evaluating 6 versions\n[ci-crawler.yml/lint]   \ud83d\udcac  ::debug::matched: 3.9.6\n[ci-crawler.yml/lint]   \ud83d\udcac  ::debug::checking cache: /opt/hostedtoolcache/Python/3.9.6/x64\n[ci-crawler.yml/lint]   \ud83d\udcac  ::debug::Found tool in cache Python 3.9.6 x64\n[ci-crawler.yml/lint]   | Successfully setup CPython (3.9.6)\n[ci-crawler.yml/lint]   \u2753 add-matcher /run/act/actions/actions-setup-python@v2/.github/python.json\n[ci-crawler.yml/lint]   \u2705  Success - Main actions/setup-python@v2\n[ci-crawler.yml/lint]   \u2699  ::set-env:: pythonLocation=/opt/hostedtoolcache/Python/3.9.6/x64\n[ci-crawler.yml/lint]   \u2699  ::set-env:: LD_LIBRARY_PATH=/opt/hostedtoolcache/Python/3.9.6/x64/lib\n[ci-crawler.yml/lint]   \u2699  ::set-output:: python-version=3.9.6\n[ci-crawler.yml/lint]   \u2699  ::add-path:: /opt/hostedtoolcache/Python/3.9.6/x64\n[ci-crawler.yml/lint]   \u2699  ::add-path:: /opt/hostedtoolcache/Python/3.9.6/x64/bin\n[ci-crawler.yml/lint] \u2b50 Run Main pre-commit/action@v2.0.0\n[ci-crawler.yml/lint]   \ud83d\udc33  docker cp src=/home/andre-silva/.cache/act/pre-commit-action@v2.0.0/ dst=/var/run/act/actions/pre-commit-action@v2.0.0/\n[ci-crawler.yml/lint]   \ud83d\udc33  docker exec cmd=[chown -R 1012:1000 /var/run/act/actions/pre-commit-action@v2.0.0/] user=0 workdir=\n[ci-crawler.yml/lint]   \ud83d\udc33  docker exec cmd=[node /var/run/act/actions/pre-commit-action@v2.0.0/dist/index.js] user= workdir=\n[ci-crawler.yml/test]   | Reading package lists...\n[ci-crawler.yml/test]   | Building dependency tree...\n[ci-crawler.yml/test]   | Reading state information...\n[ci-crawler.yml/test]   | The following additional packages will be installed:\n[ci-crawler.yml/test]   |   powermgmt-base\n[ci-crawler.yml/lint]   \u2753  ::group::install pre-commit\n[ci-crawler.yml/lint]   | [command]/opt/hostedtoolcache/Python/3.9.6/x64/bin/pip install pre-commit\n[ci-crawler.yml/test]   | The following NEW packages will be installed:\n[ci-crawler.yml/test]   |   hddtemp hdparm powermgmt-base\n[ci-crawler.yml/test]   | 0 upgraded, 3 newly installed, 0 to remove and 20 not upgraded.\n[ci-crawler.yml/test]   | Need to get 149 kB of archives.\n[ci-crawler.yml/test]   | After this operation, 462 kB of additional disk space will be used.\n[ci-crawler.yml/test]   | Get:1 http://archive.ubuntu.com/ubuntu focal/main amd64 hdparm amd64 9.58+ds-4 [94.8 kB]\n[ci-crawler.yml/test]   | Get:2 http://archive.ubuntu.com/ubuntu focal/main amd64 powermgmt-base all 1.36 [7000 B]\n[ci-crawler.yml/test]   | Get:3 http://archive.ubuntu.com/ubuntu focal/universe amd64 hddtemp amd64 0.3-beta15-53 [47.7 kB]\n[ci-crawler.yml/lint]   | Collecting pre-commit\n[ci-crawler.yml/lint]   |   Downloading pre_commit-3.3.2-py2.py3-none-any.whl (202 kB)\n[ci-crawler.yml/lint]   | Collecting pyyaml>=5.1\n[ci-crawler.yml/lint]   |   Downloading PyYAML-6.0-cp39-cp39-manylinux_2_5_x86_64.manylinux1_x86_64.manylinux_2_12_x86_64.manylinux2010_x86_64.whl (661 kB)\n[ci-crawler.yml/lint]   | Collecting virtualenv>=20.10.0\n[ci-crawler.yml/lint]   |   Downloading virtualenv-20.23.0-py3-none-any.whl (3.3 MB)\n[ci-crawler.yml/lint]   | Collecting nodeenv>=0.11.1\n[ci-crawler.yml/lint]   |   Downloading nodeenv-1.8.0-py2.py3-none-any.whl (22 kB)\n[ci-crawler.yml/lint]   | Collecting cfgv>=2.0.0\n[ci-crawler.yml/lint]   |   Downloading cfgv-3.3.1-py2.py3-none-any.whl (7.3 kB)\n[ci-crawler.yml/test]   | Preconfiguring packages ...\n[ci-crawler.yml/lint]   | Collecting identify>=1.0.0\n[ci-crawler.yml/lint]   |   Downloading identify-2.5.24-py2.py3-none-any.whl (98 kB)\n[ci-crawler.yml/lint]   | Requirement already satisfied: setuptools in /opt/hostedtoolcache/Python/3.9.6/x64/lib/python3.9/site-packages (from nodeenv>=0.11.1->pre-commit) (56.0.0)\n[ci-crawler.yml/lint]   | Collecting platformdirs<4,>=3.2\n[ci-crawler.yml/lint]   |   Downloading platformdirs-3.5.1-py3-none-any.whl (15 kB)\n[ci-crawler.yml/test]   | Fetched 149 kB in 1s (166 kB/s)\n[ci-crawler.yml/lint]   | Collecting filelock<4,>=3.11\n[ci-crawler.yml/lint]   |   Downloading filelock-3.12.0-py3-none-any.whl (10 kB)\n[ci-crawler.yml/lint]   | Collecting distlib<1,>=0.3.6\n[ci-crawler.yml/lint]   |   Downloading distlib-0.3.6-py2.py3-none-any.whl (468 kB)\n[ci-crawler.yml/test]   | Selecting previously unselected package hdparm.\r\n[ci-crawler.yml/lint]   | Installing collected packages: platformdirs, filelock, distlib, virtualenv, pyyaml, nodeenv, identify, cfgv, pre-commit\n[ci-crawler.yml/test]   | (Reading database ... \r(Reading database ... 5%\r(Reading database ... 10%\r(Reading database ... 15%\r(Reading database ... 20%\r(Reading database ... 25%\r(Reading database ... 30%\r(Reading database ... 35%\r(Reading database ... 40%\r(Reading database ... 45%\r(Reading database ... 50%\r(Reading database ... 55%\r(Reading database ... 60%\r(Reading database ... 65%\r(Reading database ... 70%\r(Reading database ... 75%\r(Reading database ... 80%\r(Reading database ... 85%\r(Reading database ... 90%\r(Reading database ... 95%\r(Reading database ... 100%\r(Reading database ... 193678 files and directories currently installed.)\r\n[ci-crawler.yml/test]   | Preparing to unpack .../hdparm_9.58+ds-4_amd64.deb ...\r\n[ci-crawler.yml/test]   | Unpacking hdparm (9.58+ds-4) ...\r\n[ci-crawler.yml/test]   | Selecting previously unselected package powermgmt-base.\r\n[ci-crawler.yml/test]   | Preparing to unpack .../powermgmt-base_1.36_all.deb ...\r\n[ci-crawler.yml/test]   | Unpacking powermgmt-base (1.36) ...\r\n[ci-crawler.yml/test]   | Selecting previously unselected package hddtemp.\r\n[ci-crawler.yml/test]   | Preparing to unpack .../hddtemp_0.3-beta15-53_amd64.deb ...\r\n[ci-crawler.yml/test]   | Unpacking hddtemp (0.3-beta15-53) ...\r\n[ci-crawler.yml/test]   | Setting up powermgmt-base (1.36) ...\r\n[ci-crawler.yml/lint]   | Successfully installed cfgv-3.3.1 distlib-0.3.6 filelock-3.12.0 identify-2.5.24 nodeenv-1.8.0 platformdirs-3.5.1 pre-commit-3.3.2 pyyaml-6.0 virtualenv-20.23.0\n[ci-crawler.yml/test]   | Setting up hdparm (9.58+ds-4) ...\r\n[ci-crawler.yml/test]   | Setting up hddtemp (0.3-beta15-53) ...\r\n[ci-crawler.yml/lint]   | WARNING: You are using pip version 21.2.4; however, version 23.1.2 is available.\n[ci-crawler.yml/lint]   | You should consider upgrading via the '/opt/hostedtoolcache/Python/3.9.6/x64/bin/python -m pip install --upgrade pip' command.\n[ci-crawler.yml/lint]   | [command]/opt/hostedtoolcache/Python/3.9.6/x64/bin/pip freeze --local\n[ci-crawler.yml/lint]   | cfgv==3.3.1\n[ci-crawler.yml/lint]   | distlib==0.3.6\n[ci-crawler.yml/lint]   | filelock==3.12.0\n[ci-crawler.yml/lint]   | identify==2.5.24\n[ci-crawler.yml/lint]   | nodeenv==1.8.0\n[ci-crawler.yml/lint]   | platformdirs==3.5.1\n[ci-crawler.yml/lint]   | pre-commit==3.3.2\n[ci-crawler.yml/lint]   | PyYAML==6.0\n[ci-crawler.yml/lint]   | virtualenv==20.23.0\n[ci-crawler.yml/lint]   \u2753  ::endgroup::\n[ci-crawler.yml/lint]   \ud83d\udcac  ::debug::Resolved Keys:\n[ci-crawler.yml/lint]   \ud83d\udcac  ::debug::[\"pre-commit-2-943bb84bf3ff65aff039ffbbe5675ec3fa4a7a32fcbf4a9fce142dec4f574eb2-4ca17dc34b798bc3ec8c875aa5147bcad7d3d2723052c799658f969d83e14379\"]\n[ci-crawler.yml/lint]   \ud83d\udcac  ::debug::Checking zstd --version\n[ci-crawler.yml/lint]   \ud83d\udcac  ::debug::*** zstd command line interface 64-bits v1.5.0, by Yann Collet ***\n[ci-crawler.yml/lint]   \ud83d\udcac  ::debug::getCacheEntry - Attempt 1 of 2 failed with error: Cache Service Url not found, unable to restore cache.\n[ci-crawler.yml/lint]   \ud83d\udcac  ::debug::getCacheEntry - Attempt 2 of 2 failed with error: Cache Service Url not found, unable to restore cache.\n[ci-crawler.yml/lint]   \u2757  ::error::getCacheEntry failed: Cache Service Url not found, unable to restore cache.\n[ci-crawler.yml/lint]   \u274c  Failure - Main pre-commit/action@v2.0.0\n[ci-crawler.yml/test]   | invoke-rc.d: could not determine current runlevel\r\n[ci-crawler.yml/test]   | invoke-rc.d: policy-rc.d denied execution of start.\r\n[ci-crawler.yml/test]   | Processing triggers for systemd (245.4-4ubuntu3.11) ...\r\n[ci-crawler.yml/test]   | Requirement already satisfied: pip in /opt/hostedtoolcache/Python/3.6.14/x64/lib/python3.6/site-packages (21.2.4)\n[ci-crawler.yml/test]   | Collecting pip\n[ci-crawler.yml/test]   |   Downloading pip-21.3.1-py3-none-any.whl (1.7 MB)\n[ci-crawler.yml/test]   | Installing collected packages: pip\n[ci-crawler.yml/test]   |   Attempting uninstall: pip\n[ci-crawler.yml/test]   |     Found existing installation: pip 21.2.4\n[ci-crawler.yml/test]   |     Uninstalling pip-21.2.4:\n[ci-crawler.yml/lint] exitcode '1': failure\n[ci-crawler.yml/test]   |       Successfully uninstalled pip-21.2.4\n[ci-crawler.yml/test]   | Successfully installed pip-21.3.1\n[ci-crawler.yml/test]   | Collecting coveralls\n[ci-crawler.yml/test]   |   Downloading coveralls-3.3.1-py2.py3-none-any.whl (14 kB)\n[ci-crawler.yml/test]   | Collecting coverage!=6.0.*,!=6.1,!=6.1.1,<7.0,>=4.1\n[ci-crawler.yml/test]   |   Downloading coverage-6.2-cp36-cp36m-manylinux_2_5_x86_64.manylinux1_x86_64.manylinux_2_12_x86_64.manylinux2010_x86_64.whl (212 kB)\n[ci-crawler.yml/test]   | Collecting requests>=1.0.0\n[ci-crawler.yml/test]   |   Downloading requests-2.27.1-py2.py3-none-any.whl (63 kB)\n[ci-crawler.yml/test]   | Collecting docopt>=0.6.1\n[ci-crawler.yml/test]   |   Downloading docopt-0.6.2.tar.gz (25 kB)\n[ci-crawler.yml/test]   |   Preparing metadata (setup.py): started\n[ci-crawler.yml/test]   |   Preparing metadata (setup.py): finished with status 'done'\n[ci-crawler.yml/test]   | Collecting certifi>=2017.4.17\n[ci-crawler.yml/test]   |   Downloading certifi-2023.5.7-py3-none-any.whl (156 kB)\n[ci-crawler.yml/test]   | Collecting idna<4,>=2.5\n[ci-crawler.yml/test]   |   Downloading idna-3.4-py3-none-any.whl (61 kB)\n[ci-crawler.yml/test]   | Collecting urllib3<1.27,>=1.21.1\n[ci-crawler.yml/test]   |   Downloading urllib3-1.26.16-py2.py3-none-any.whl (143 kB)\n[ci-crawler.yml/test]   | Collecting charset-normalizer~=2.0.0\n[ci-crawler.yml/test]   |   Downloading charset_normalizer-2.0.12-py3-none-any.whl (39 kB)\n[ci-crawler.yml/test]   | Using legacy 'setup.py install' for docopt, since package 'wheel' is not installed.\n[ci-crawler.yml/test]   | Installing collected packages: urllib3, idna, charset-normalizer, certifi, requests, docopt, coverage, coveralls\n[ci-crawler.yml/test]   |     Running setup.py install for docopt: started\n[ci-crawler.yml/test]   |     Running setup.py install for docopt: finished with status 'done'\n[ci-crawler.yml/test]   | Successfully installed certifi-2023.5.7 charset-normalizer-2.0.12 coverage-6.2 coveralls-3.3.1 docopt-0.6.2 idna-3.4 requests-2.27.1 urllib3-1.26.16\n[ci-crawler.yml/test]   | Collecting python-daemon>=2.1.2\n[ci-crawler.yml/test]   |   Downloading python_daemon-3.0.1-py3-none-any.whl (31 kB)\n[ci-crawler.yml/test]   |   Downloading python_daemon-2.3.2-py3-none-any.whl (34 kB)\n[ci-crawler.yml/test]   | Requirement already satisfied: setuptools in /opt/hostedtoolcache/Python/3.6.14/x64/lib/python3.6/site-packages (from python-daemon>=2.1.2->-r requirements.txt (line 1)) (40.6.2)\n[ci-crawler.yml/test]   | Collecting docutils\n[ci-crawler.yml/test]   |   Downloading docutils-0.18.1-py2.py3-none-any.whl (570 kB)\n[ci-crawler.yml/test]   | Collecting lockfile>=0.10\n[ci-crawler.yml/test]   |   Downloading lockfile-0.12.2-py2.py3-none-any.whl (13 kB)\n[ci-crawler.yml/test]   | Installing collected packages: lockfile, docutils, python-daemon\n[ci-crawler.yml/test]   | Successfully installed docutils-0.18.1 lockfile-0.12.2 python-daemon-2.3.2\n[ci-crawler.yml/test]   \u2705  Success - Main sudo apt-get install hddtemp hdparm\npip install -U pip\npip install coveralls\npip install -r requirements.txt\n[ci-crawler.yml/test] \u2b50 Run Main coverage run --source=hddfancontrol setup.py test\n[ci-crawler.yml/test]   \ud83d\udc33  docker exec cmd=[bash --noprofile --norc -e -o pipefail /var/run/act/workflow/3] user= workdir=\n[ci-crawler.yml/lint] \ud83c\udfc1  Job failed\n[ci-crawler.yml/test]   | running test\n[ci-crawler.yml/test]   | running egg_info\n[ci-crawler.yml/test]   | creating hddfancontrol.egg-info\n[ci-crawler.yml/test]   | writing hddfancontrol.egg-info/PKG-INFO\n[ci-crawler.yml/test]   | writing dependency_links to hddfancontrol.egg-info/dependency_links.txt\n[ci-crawler.yml/test]   | writing entry points to hddfancontrol.egg-info/entry_points.txt\n[ci-crawler.yml/test]   | writing requirements to hddfancontrol.egg-info/requires.txt\n[ci-crawler.yml/test]   | writing top-level names to hddfancontrol.egg-info/top_level.txt\n[ci-crawler.yml/test]   | writing manifest file 'hddfancontrol.egg-info/SOURCES.txt'\n[ci-crawler.yml/test]   | reading manifest file 'hddfancontrol.egg-info/SOURCES.txt'\n[ci-crawler.yml/test]   | reading manifest template 'MANIFEST.in'\n[ci-crawler.yml/test]   | writing manifest file 'hddfancontrol.egg-info/SOURCES.txt'\n[ci-crawler.yml/test]   | running build_ext\n[ci-crawler.yml/test]   | test_compareActivityStats (tests.TestDrive)\n[ci-crawler.yml/test]   | Test drive stat analysis to detect activity. ... ok\n[ci-crawler.yml/test]   | test_getActivityStats (tests.TestDrive)\n[ci-crawler.yml/test]   | Test drive stats fetching. ... ok\n[ci-crawler.yml/test]   | test_getPrettyName (tests.TestDrive)\n[ci-crawler.yml/test]   | Test generation of pretty drive name. ... ok\n[ci-crawler.yml/test]   | test_getState (tests.TestDrive)\n[ci-crawler.yml/test]   | Test drive state identification. ... ok\n[ci-crawler.yml/test]   | test_getTemperature (tests.TestDrive)\n[ci-crawler.yml/test]   | Test device temperature probing. ... Hddtemp daemon returned an error when querying temperature for this drive, falling back to hddtemp process invocation. If that happens often, you may need to raise the hddtemp daemon priority (see: https://github.com/desbma/hddfancontrol/issues/15#issuecomment-461405402).\n[ci-crawler.yml/test]   | ok\n[ci-crawler.yml/test]   | test_isSleeping (tests.TestDrive)\n[ci-crawler.yml/test]   | Test sleeping device identification. ... ok\n[ci-crawler.yml/test]   | test_spinDown (tests.TestDrive)\n[ci-crawler.yml/test]   | Test HDD spin down. ... ok\n[ci-crawler.yml/test]   | test_supportsHitachiTempQuery (tests.TestDrive)\n[ci-crawler.yml/test]   | Test detection for \"Hitachi\" temp query. ... Drive does not support HGST temp query\n[ci-crawler.yml/test]   | Drive does not support HGST temp query\n[ci-crawler.yml/test]   | Drive does not support HGST temp query\n[ci-crawler.yml/test]   | ok\n[ci-crawler.yml/test]   | test_supportsSctTempQuery (tests.TestDrive)\n[ci-crawler.yml/test]   | Test detection for \"SCT\" temp query. ... Drive does not support SCT temp query\n[ci-crawler.yml/test]   | ok\n[ci-crawler.yml/test]   | \n[ci-crawler.yml/test]   | ----------------------------------------------------------------------\n[ci-crawler.yml/test]   | Ran 9 tests in 0.642s\n[ci-crawler.yml/test]   | \n[ci-crawler.yml/test]   | OK\n[ci-crawler.yml/test]   \u2705  Success - Main coverage run --source=hddfancontrol setup.py test\n[ci-crawler.yml/test] \u2b50 Run Main coveralls --service=github\n[ci-crawler.yml/test]   \ud83d\udc33  docker exec cmd=[bash --noprofile --norc -e -o pipefail /var/run/act/workflow/4] user= workdir=\n[ci-crawler.yml/test]   | Running on Github Actions but GITHUB_TOKEN is not set. Add \"env: GITHUB_TOKEN: ${{ secrets.GITHUB_TOKEN }}\" to your step config.\n[ci-crawler.yml/test]   | Traceback (most recent call last):\n[ci-crawler.yml/test]   |   File \"/opt/hostedtoolcache/Python/3.6.14/x64/lib/python3.6/site-packages/coveralls/cli.py\", line 68, in main\n[ci-crawler.yml/test]   |     src_dir=options.get('--srcdir') or '')\n[ci-crawler.yml/test]   |   File \"/opt/hostedtoolcache/Python/3.6.14/x64/lib/python3.6/site-packages/coveralls/api.py\", line 49, in __init__\n[ci-crawler.yml/test]   |     self.ensure_token()\n[ci-crawler.yml/test]   |   File \"/opt/hostedtoolcache/Python/3.6.14/x64/lib/python3.6/site-packages/coveralls/api.py\", line 57, in ensure_token\n[ci-crawler.yml/test]   |     'Running on Github Actions but GITHUB_TOKEN is not set. '\n[ci-crawler.yml/test]   | coveralls.exception.CoverallsException: Running on Github Actions but GITHUB_TOKEN is not set. Add \"env: GITHUB_TOKEN: ${{ secrets.GITHUB_TOKEN }}\" to your step config.\n[ci-crawler.yml/test]   \u274c  Failure - Main coveralls --service=github\n[ci-crawler.yml/test] exitcode '1': failure\n[ci-crawler.yml/test] \ud83c\udfc1  Job failed\n",
    "actions_stderr": "Error: Job 'lint' failed\n"
}