{
    "repository": "digitalfox/pydici",
    "clone_url": "https://github.com/digitalfox/pydici.git",
    "timestamp": "2023-05-29T14:01:25.759871Z",
    "clone_success": true,
    "number of actions": 1,
    "number_of_test_actions": 1,
    "actions_successful": false,
    "actions_stdout": "[pydici test/build_and_test] \ud83d\ude80  Start image=crawlergpt:latest\n[pydici test/build_and_test]   \ud83d\udc33  docker pull image=crawlergpt:latest platform= username= forcePull=false\n[pydici test/build_and_test]   \ud83d\udc33  docker create image=crawlergpt:latest platform= entrypoint=[\"tail\" \"-f\" \"/dev/null\"] cmd=[]\n[pydici test/build_and_test]   \ud83d\udc33  docker run image=crawlergpt:latest platform= entrypoint=[\"tail\" \"-f\" \"/dev/null\"] cmd=[]\n[pydici test/build_and_test]   \ud83d\udc33  docker exec cmd=[chown -R 1012:1000 /tmp/de65f406-fe28-11ed-a890-af2cc187fc11/digitalfox-pydici] user=0 workdir=\n[pydici test/build_and_test] \u2b50 Run Main actions/checkout@v3\n[pydici test/build_and_test]   \u2705  Success - Main actions/checkout@v3\n[pydici test/build_and_test] \u2b50 Run Main Launch pydici (mariadb, memcached, redis, django and celery)\n[pydici test/build_and_test]   \ud83d\udc33  docker exec cmd=[bash --noprofile --norc -e -o pipefail /var/run/act/workflow/1] user= workdir=\n[pydici test/build_and_test]   | [34] Failed to execute script docker-compose\n[pydici test/build_and_test]   | Traceback (most recent call last):\n[pydici test/build_and_test]   |   File \"urllib3/connectionpool.py\", line 677, in urlopen\n[pydici test/build_and_test]   |   File \"urllib3/connectionpool.py\", line 392, in _make_request\n[pydici test/build_and_test]   |   File \"http/client.py\", line 1277, in request\n[pydici test/build_and_test]   |   File \"http/client.py\", line 1323, in _send_request\n[pydici test/build_and_test]   |   File \"http/client.py\", line 1272, in endheaders\n[pydici test/build_and_test]   |   File \"http/client.py\", line 1032, in _send_output\n[pydici test/build_and_test]   |   File \"http/client.py\", line 972, in send\n[pydici test/build_and_test]   |   File \"docker/transport/unixconn.py\", line 43, in connect\n[pydici test/build_and_test]   | PermissionError: [Errno 13] Permission denied\n[pydici test/build_and_test]   | \n[pydici test/build_and_test]   | During handling of the above exception, another exception occurred:\n[pydici test/build_and_test]   | \n[pydici test/build_and_test]   | Traceback (most recent call last):\n[pydici test/build_and_test]   |   File \"requests/adapters.py\", line 449, in send\n[pydici test/build_and_test]   |   File \"urllib3/connectionpool.py\", line 727, in urlopen\n[pydici test/build_and_test]   |   File \"urllib3/util/retry.py\", line 410, in increment\n[pydici test/build_and_test]   |   File \"urllib3/packages/six.py\", line 734, in reraise\n[pydici test/build_and_test]   |   File \"urllib3/connectionpool.py\", line 677, in urlopen\n[pydici test/build_and_test]   |   File \"urllib3/connectionpool.py\", line 392, in _make_request\n[pydici test/build_and_test]   |   File \"http/client.py\", line 1277, in request\n[pydici test/build_and_test]   |   File \"http/client.py\", line 1323, in _send_request\n[pydici test/build_and_test]   |   File \"http/client.py\", line 1272, in endheaders\n[pydici test/build_and_test]   |   File \"http/client.py\", line 1032, in _send_output\n[pydici test/build_and_test]   |   File \"http/client.py\", line 972, in send\n[pydici test/build_and_test]   |   File \"docker/transport/unixconn.py\", line 43, in connect\n[pydici test/build_and_test]   | urllib3.exceptions.ProtocolError: ('Connection aborted.', PermissionError(13, 'Permission denied'))\n[pydici test/build_and_test]   | \n[pydici test/build_and_test]   | During handling of the above exception, another exception occurred:\n[pydici test/build_and_test]   | \n[pydici test/build_and_test]   | Traceback (most recent call last):\n[pydici test/build_and_test]   |   File \"docker/api/client.py\", line 214, in _retrieve_server_version\n[pydici test/build_and_test]   |   File \"docker/api/daemon.py\", line 181, in version\n[pydici test/build_and_test]   |   File \"docker/utils/decorators.py\", line 46, in inner\n[pydici test/build_and_test]   |   File \"docker/api/client.py\", line 237, in _get\n[pydici test/build_and_test]   |   File \"requests/sessions.py\", line 543, in get\n[pydici test/build_and_test]   |   File \"requests/sessions.py\", line 530, in request\n[pydici test/build_and_test]   |   File \"requests/sessions.py\", line 643, in send\n[pydici test/build_and_test]   |   File \"requests/adapters.py\", line 498, in send\n[pydici test/build_and_test]   | requests.exceptions.ConnectionError: ('Connection aborted.', PermissionError(13, 'Permission denied'))\n[pydici test/build_and_test]   | \n[pydici test/build_and_test]   | During handling of the above exception, another exception occurred:\n[pydici test/build_and_test]   | \n[pydici test/build_and_test]   | Traceback (most recent call last):\n[pydici test/build_and_test]   |   File \"docker-compose\", line 3, in <module>\n[pydici test/build_and_test]   |   File \"compose/cli/main.py\", line 81, in main\n[pydici test/build_and_test]   |   File \"compose/cli/main.py\", line 200, in perform_command\n[pydici test/build_and_test]   |   File \"compose/cli/command.py\", line 70, in project_from_options\n[pydici test/build_and_test]   |   File \"compose/cli/command.py\", line 153, in get_project\n[pydici test/build_and_test]   |   File \"compose/cli/docker_client.py\", line 43, in get_client\n[pydici test/build_and_test]   |   File \"compose/cli/docker_client.py\", line 170, in docker_client\n[pydici test/build_and_test]   |   File \"docker/api/client.py\", line 197, in __init__\n[pydici test/build_and_test]   |   File \"docker/api/client.py\", line 222, in _retrieve_server_version\n[pydici test/build_and_test]   | docker.errors.DockerException: Error while fetching server API version: ('Connection aborted.', PermissionError(13, 'Permission denied'))\n[pydici test/build_and_test]   \u274c  Failure - Main Launch pydici (mariadb, memcached, redis, django and celery)\n[pydici test/build_and_test] exitcode '255': failure\n[pydici test/build_and_test] \ud83c\udfc1  Job failed\n",
    "actions_stderr": "Error: Job 'build_and_test' failed\n"
}