{
    "repository": "eliben/pss",
    "clone_url": "https://github.com/eliben/pss.git",
    "timestamp": "2023-05-29T14:50:48.397266Z",
    "clone_success": true,
    "number of actions": 1,
    "number_of_test_actions": 1,
    "actions_successful": false,
    "actions_stdout": "[pss-tests/build] \ud83d\ude80  Start image=crawlergpt:latest\n[pss-tests/build]   \ud83d\udc33  docker pull image=crawlergpt:latest platform= username= forcePull=false\n[pss-tests/build]   \ud83d\udc33  docker create image=crawlergpt:latest platform= entrypoint=[\"tail\" \"-f\" \"/dev/null\"] cmd=[]\n[pss-tests/build]   \ud83d\udc33  docker run image=crawlergpt:latest platform= entrypoint=[\"tail\" \"-f\" \"/dev/null\"] cmd=[]\n[pss-tests/build]   \ud83d\udc33  docker exec cmd=[chown -R 1012:1000 /tmp/de65f406-fe28-11ed-a890-af2cc187fc11/eliben-pss] user=0 workdir=\n[pss-tests/build]   \u2601  git clone 'https://github.com/actions/setup-python' # ref=v2\n[pss-tests/build] \ud83e\uddea  Matrix: map[os:ubuntu-latest python-version:3.7]\n[pss-tests/build] \u2b50 Run Main actions/checkout@v2\n[pss-tests/build]   \u2705  Success - Main actions/checkout@v2\n[pss-tests/build] \u2b50 Run Main Set up Python 3.7\n[pss-tests/build]   \ud83d\udc33  docker cp src=/home/andre-silva/.cache/act/actions-setup-python@v2/ dst=/var/run/act/actions/actions-setup-python@v2/\n[pss-tests/build]   \ud83d\udc33  docker exec cmd=[chown -R 1012:1000 /var/run/act/actions/actions-setup-python@v2/] user=0 workdir=\n[pss-tests/build]   \ud83d\udc33  docker exec cmd=[node /var/run/act/actions/actions-setup-python@v2/dist/setup/index.js] user= workdir=\n[pss-tests/build]   \ud83d\udcac  ::debug::Semantic version spec of 3.7 is 3.7\n[pss-tests/build]   \ud83d\udcac  ::debug::isExplicit: \n[pss-tests/build]   \ud83d\udcac  ::debug::explicit? false\n[pss-tests/build]   \ud83d\udcac  ::debug::isExplicit: 2.7.18\n[pss-tests/build]   \ud83d\udcac  ::debug::explicit? true\n[pss-tests/build]   \ud83d\udcac  ::debug::isExplicit: 3.5.10\n[pss-tests/build]   \ud83d\udcac  ::debug::explicit? true\n[pss-tests/build]   \ud83d\udcac  ::debug::isExplicit: 3.6.14\n[pss-tests/build]   \ud83d\udcac  ::debug::explicit? true\n[pss-tests/build]   \ud83d\udcac  ::debug::isExplicit: 3.7.11\n[pss-tests/build]   \ud83d\udcac  ::debug::explicit? true\n[pss-tests/build]   \ud83d\udcac  ::debug::isExplicit: 3.8.11\n[pss-tests/build]   \ud83d\udcac  ::debug::explicit? true\n[pss-tests/build]   \ud83d\udcac  ::debug::isExplicit: 3.9.6\n[pss-tests/build]   \ud83d\udcac  ::debug::explicit? true\n[pss-tests/build]   \ud83d\udcac  ::debug::evaluating 6 versions\n[pss-tests/build]   \ud83d\udcac  ::debug::matched: 3.7.11\n[pss-tests/build]   \ud83d\udcac  ::debug::checking cache: /opt/hostedtoolcache/Python/3.7.11/x64\n[pss-tests/build]   \ud83d\udcac  ::debug::Found tool in cache Python 3.7.11 x64\n[pss-tests/build]   | Successfully setup CPython (3.7.11)\n[pss-tests/build]   \u2753 add-matcher /run/act/actions/actions-setup-python@v2/.github/python.json\n[pss-tests/build]   \u2705  Success - Main Set up Python 3.7\n[pss-tests/build]   \u2699  ::set-env:: pythonLocation=/opt/hostedtoolcache/Python/3.7.11/x64\n[pss-tests/build]   \u2699  ::set-env:: LD_LIBRARY_PATH=/opt/hostedtoolcache/Python/3.7.11/x64/lib\n[pss-tests/build]   \u2699  ::set-output:: python-version=3.7.11\n[pss-tests/build]   \u2699  ::add-path:: /opt/hostedtoolcache/Python/3.7.11/x64\n[pss-tests/build]   \u2699  ::add-path:: /opt/hostedtoolcache/Python/3.7.11/x64/bin\n[pss-tests/build] \u2b50 Run Main Test\n[pss-tests/build]   \ud83d\udc33  docker exec cmd=[bash --noprofile --norc -e -o pipefail /var/run/act/workflow/2] user= workdir=\n[pss-tests/build]   | ...............................F.......F......\n[pss-tests/build]   | ======================================================================\n[pss-tests/build]   | FAIL: test_only_find_files_GGG (test.test_pssmain.TestPssMain)\n[pss-tests/build]   | ----------------------------------------------------------------------\n[pss-tests/build]   | Traceback (most recent call last):\n[pss-tests/build]   |   File \"/tmp/de65f406-fe28-11ed-a890-af2cc187fc11/eliben-pss/test/test_pssmain.py\", line 387, in test_only_find_files_GGG\n[pss-tests/build]   |     'testdir4/main2.txt',\n[pss-tests/build]   |   File \"/tmp/de65f406-fe28-11ed-a890-af2cc187fc11/eliben-pss/test/test_pssmain.py\", line 601, in assertFoundFiles\n[pss-tests/build]   |     self._build_found_list(expected_list))\n[pss-tests/build]   | AssertionError: Lists differ: [('FO[186 chars]dir4/file3.py'), ('FOUND_FILENAME', 'testdir4/[256 chars]xt')] != [('FO[186 chars]dir4/main1.py'), ('FOUND_FILENAME', 'testdir4/[48 chars]xt')]\n[pss-tests/build]   | \n[pss-tests/build]   | First differing element 4:\n[pss-tests/build]   | ('FOUND_FILENAME', 'testdir4/file3.py')\n[pss-tests/build]   | ('FOUND_FILENAME', 'testdir4/main1.py')\n[pss-tests/build]   | \n[pss-tests/build]   | First list contains 5 additional elements.\n[pss-tests/build]   | First extra element 7:\n[pss-tests/build]   | ('FOUND_FILENAME', 'testdir4/main1.txt')\n[pss-tests/build]   | \n[pss-tests/build]   | Diff is 671 characters long. Set self.maxDiff to None to see it.\n[pss-tests/build]   | \n[pss-tests/build]   | ======================================================================\n[pss-tests/build]   | FAIL: test_only_find_files_ggg (test.test_pssmain.TestPssMain)\n[pss-tests/build]   | ----------------------------------------------------------------------\n[pss-tests/build]   | Traceback (most recent call last):\n[pss-tests/build]   |   File \"/tmp/de65f406-fe28-11ed-a890-af2cc187fc11/eliben-pss/test/test_pssmain.py\", line 337, in test_only_find_files_ggg\n[pss-tests/build]   |     'testdir4/main2.txt',\n[pss-tests/build]   |   File \"/tmp/de65f406-fe28-11ed-a890-af2cc187fc11/eliben-pss/test/test_pssmain.py\", line 601, in assertFoundFiles\n[pss-tests/build]   |     self._build_found_list(expected_list))\n[pss-tests/build]   | AssertionError: Lists differ: [('FO[186 chars]dir4/file3.py'), ('FOUND_FILENAME', 'testdir4/[256 chars]xt')] != [('FO[186 chars]dir4/main1.py'), ('FOUND_FILENAME', 'testdir4/[48 chars]xt')]\n[pss-tests/build]   | \n[pss-tests/build]   | First differing element 4:\n[pss-tests/build]   | ('FOUND_FILENAME', 'testdir4/file3.py')\n[pss-tests/build]   | ('FOUND_FILENAME', 'testdir4/main1.py')\n[pss-tests/build]   | \n[pss-tests/build]   | First list contains 5 additional elements.\n[pss-tests/build]   | First extra element 7:\n[pss-tests/build]   | ('FOUND_FILENAME', 'testdir4/main1.txt')\n[pss-tests/build]   | \n[pss-tests/build]   | Diff is 671 characters long. Set self.maxDiff to None to see it.\n[pss-tests/build]   | \n[pss-tests/build]   | ----------------------------------------------------------------------\n[pss-tests/build]   | Ran 46 tests in 0.350s\n[pss-tests/build]   | \n[pss-tests/build]   | FAILED (failures=2)\n[pss-tests/build]   \u274c  Failure - Main Test\n[pss-tests/build] exitcode '1': failure\n[pss-tests/build] \ud83c\udfc1  Job failed\n",
    "actions_stderr": "Error: Job 'build' failed\n"
}