{
    "repository": "fcurella/django-social-share",
    "clone_url": "https://github.com/fcurella/django-social-share.git",
    "timestamp": "2023-05-29T14:14:57.101518Z",
    "clone_success": true,
    "number of actions": 2,
    "number_of_test_actions": 1,
    "actions_successful": false,
    "actions_stdout": "[Python build/tests] \ud83d\ude80  Start image=crawlergpt:latest\n[Python build/tests]   \ud83d\udc33  docker pull image=crawlergpt:latest platform= username= forcePull=false\n[Python build/tests]   \ud83d\udc33  docker create image=crawlergpt:latest platform= entrypoint=[\"tail\" \"-f\" \"/dev/null\"] cmd=[]\n[Python build/tests]   \ud83d\udc33  docker run image=crawlergpt:latest platform= entrypoint=[\"tail\" \"-f\" \"/dev/null\"] cmd=[]\n[Python build/tests]   \ud83d\udc33  docker exec cmd=[chown -R 1012:1000 /tmp/de65f406-fe28-11ed-a890-af2cc187fc11/fcurella-django-social-share] user=0 workdir=\n[Python build/tests]   \u2601  git clone 'https://github.com/actions/setup-python' # ref=v1\n[Python build/tests] \ud83e\uddea  Matrix: map[django-version:Django>=2.0,<2.1 python-version:3.6]\n[Python build/tests] \u2b50 Run Main actions/checkout@v2\n[Python build/tests]   \u2705  Success - Main actions/checkout@v2\n[Python build/tests] \u2b50 Run Main Set up Python 3.6\n[Python build/tests]   \ud83d\udc33  docker cp src=/home/andre-silva/.cache/act/actions-setup-python@v1/ dst=/var/run/act/actions/actions-setup-python@v1/\n[Python build/tests]   \ud83d\udc33  docker exec cmd=[chown -R 1012:1000 /var/run/act/actions/actions-setup-python@v1/] user=0 workdir=\n[Python build/tests]   \ud83d\udc33  docker exec cmd=[node /var/run/act/actions/actions-setup-python@v1/dist/index.js] user= workdir=\n[Python build/tests]   \ud83d\udcac  ::debug::Semantic version spec of 3.6 is 3.6\n[Python build/tests]   \ud83d\udcac  ::debug::isExplicit: \n[Python build/tests]   \ud83d\udcac  ::debug::explicit? false\n[Python build/tests]   \ud83d\udcac  ::debug::isExplicit: 2.7.18\n[Python build/tests]   \ud83d\udcac  ::debug::explicit? true\n[Python build/tests]   \ud83d\udcac  ::debug::isExplicit: 3.5.10\n[Python build/tests]   \ud83d\udcac  ::debug::explicit? true\n[Python build/tests]   \ud83d\udcac  ::debug::isExplicit: 3.6.14\n[Python build/tests]   \ud83d\udcac  ::debug::explicit? true\n[Python build/tests]   \ud83d\udcac  ::debug::isExplicit: 3.7.11\n[Python build/tests]   \ud83d\udcac  ::debug::explicit? true\n[Python build/tests]   \ud83d\udcac  ::debug::isExplicit: 3.8.11\n[Python build/tests]   \ud83d\udcac  ::debug::explicit? true\n[Python build/tests]   \ud83d\udcac  ::debug::isExplicit: 3.9.6\n[Python build/tests]   \ud83d\udcac  ::debug::explicit? true\n[Python build/tests]   \ud83d\udcac  ::debug::evaluating 6 versions\n[Python build/tests]   \ud83d\udcac  ::debug::matched: 3.6.14\n[Python build/tests]   \ud83d\udcac  ::debug::checking cache: /opt/hostedtoolcache/Python/3.6.14/x64\n[Python build/tests]   \ud83d\udcac  ::debug::Found tool in cache Python 3.6.14 x64\n[Python build/tests]   | Successfully setup CPython (3.6.14)\n[Python build/tests]   \u2753 add-matcher /run/act/actions/actions-setup-python@v1/.github/python.json\n[Python build/tests]   \u2705  Success - Main Set up Python 3.6\n[Python build/tests]   \u2699  ::set-env:: pythonLocation=/opt/hostedtoolcache/Python/3.6.14/x64\n[Python build/tests]   \u2699  ::set-output:: python-version=3.6.14\n[Python build/tests]   \u2699  ::add-path:: /opt/hostedtoolcache/Python/3.6.14/x64\n[Python build/tests]   \u2699  ::add-path:: /opt/hostedtoolcache/Python/3.6.14/x64/bin\n[Python build/tests] \u2b50 Run Main Install dependencies\n[Python build/tests]   \ud83d\udc33  docker exec cmd=[bash --noprofile --norc -e -o pipefail /var/run/act/workflow/2] user= workdir=\n[Python build/tests]   | Requirement already satisfied: pip in /opt/hostedtoolcache/Python/3.6.14/x64/lib/python3.6/site-packages (21.2.4)\n[Python build/tests]   | Collecting pip\n[Python build/tests]   |   Downloading pip-21.3.1-py3-none-any.whl (1.7 MB)\n[Python build/tests]   | Installing collected packages: pip\n[Python build/tests]   |   Attempting uninstall: pip\n[Python build/tests]   |     Found existing installation: pip 21.2.4\n[Python build/tests]   |     Uninstalling pip-21.2.4:\n[Python build/tests]   |       Successfully uninstalled pip-21.2.4\n[Python build/tests]   | Successfully installed pip-21.3.1\n[Python build/tests]   | Obtaining file:///tmp/de65f406-fe28-11ed-a890-af2cc187fc11/fcurella-django-social-share\n[Python build/tests]   |   Preparing metadata (setup.py): started\n[Python build/tests]   |   Preparing metadata (setup.py): finished with status 'done'\n[Python build/tests]   | Installing collected packages: django-social-share\n[Python build/tests]   |   Running setup.py develop for django-social-share\n[Python build/tests]   | Successfully installed django-social-share-2.3.0\n[Python build/tests]   | Collecting coveralls\n[Python build/tests]   |   Downloading coveralls-3.3.1-py2.py3-none-any.whl (14 kB)\n[Python build/tests]   | Collecting requests>=1.0.0\n[Python build/tests]   |   Downloading requests-2.27.1-py2.py3-none-any.whl (63 kB)\n[Python build/tests]   | Collecting coverage!=6.0.*,!=6.1,!=6.1.1,<7.0,>=4.1\n[Python build/tests]   |   Downloading coverage-6.2-cp36-cp36m-manylinux_2_5_x86_64.manylinux1_x86_64.manylinux_2_12_x86_64.manylinux2010_x86_64.whl (212 kB)\n[Python build/tests]   | Collecting docopt>=0.6.1\n[Python build/tests]   |   Downloading docopt-0.6.2.tar.gz (25 kB)\n[Python build/tests]   |   Preparing metadata (setup.py): started\n[Python build/tests]   |   Preparing metadata (setup.py): finished with status 'done'\n[Python build/tests]   | Collecting idna<4,>=2.5\n[Python build/tests]   |   Downloading idna-3.4-py3-none-any.whl (61 kB)\n[Python build/tests]   | Collecting charset-normalizer~=2.0.0\n[Python build/tests]   |   Downloading charset_normalizer-2.0.12-py3-none-any.whl (39 kB)\n[Python build/tests]   | Collecting urllib3<1.27,>=1.21.1\n[Python build/tests]   |   Downloading urllib3-1.26.16-py2.py3-none-any.whl (143 kB)\n[Python build/tests]   | Collecting certifi>=2017.4.17\n[Python build/tests]   |   Downloading certifi-2023.5.7-py3-none-any.whl (156 kB)\n[Python build/tests]   | Using legacy 'setup.py install' for docopt, since package 'wheel' is not installed.\n[Python build/tests]   | Installing collected packages: urllib3, idna, charset-normalizer, certifi, requests, docopt, coverage, coveralls\n[Python build/tests]   |     Running setup.py install for docopt: started\n[Python build/tests]   |     Running setup.py install for docopt: finished with status 'done'\n[Python build/tests]   | Successfully installed certifi-2023.5.7 charset-normalizer-2.0.12 coverage-6.2 coveralls-3.3.1 docopt-0.6.2 idna-3.4 requests-2.27.1 urllib3-1.26.16\n[Python build/tests]   \u2705  Success - Main Install dependencies\n[Python build/tests] \u2b50 Run Main Test with pytest\n[Python build/tests]   \ud83d\udc33  docker exec cmd=[bash --noprofile --norc -e -o pipefail /var/run/act/workflow/3] user= workdir=\n[Python build/tests]   | running test\n[Python build/tests]   | running egg_info\n[Python build/tests]   | writing django_social_share.egg-info/PKG-INFO\n[Python build/tests]   | writing dependency_links to django_social_share.egg-info/dependency_links.txt\n[Python build/tests]   | writing top-level names to django_social_share.egg-info/top_level.txt\n[Python build/tests]   | reading manifest file 'django_social_share.egg-info/SOURCES.txt'\n[Python build/tests]   | reading manifest template 'MANIFEST.in'\n[Python build/tests]   | warning: no files found matching '*.py' under directory 'tests'\n[Python build/tests]   | writing manifest file 'django_social_share.egg-info/SOURCES.txt'\n[Python build/tests]   | running build_ext\n[Python build/tests]   | ......................\n[Python build/tests]   | ----------------------------------------------------------------------\n[Python build/tests]   | Ran 22 tests in 0.056s\n[Python build/tests]   | \n[Python build/tests]   | OK\n[Python build/tests]   | Creating test database for alias 'default'...\n[Python build/tests]   | System check identified no issues (0 silenced).\n[Python build/tests]   | Destroying test database for alias 'default'...\n[Python build/tests]   | Running on Github Actions but GITHUB_TOKEN is not set. Add \"env: GITHUB_TOKEN: ${{ secrets.GITHUB_TOKEN }}\" to your step config.\n[Python build/tests]   | Traceback (most recent call last):\n[Python build/tests]   |   File \"/opt/hostedtoolcache/Python/3.6.14/x64/lib/python3.6/site-packages/coveralls/cli.py\", line 68, in main\n[Python build/tests]   |     src_dir=options.get('--srcdir') or '')\n[Python build/tests]   |   File \"/opt/hostedtoolcache/Python/3.6.14/x64/lib/python3.6/site-packages/coveralls/api.py\", line 49, in __init__\n[Python build/tests]   |     self.ensure_token()\n[Python build/tests]   |   File \"/opt/hostedtoolcache/Python/3.6.14/x64/lib/python3.6/site-packages/coveralls/api.py\", line 57, in ensure_token\n[Python build/tests]   |     'Running on Github Actions but GITHUB_TOKEN is not set. '\n[Python build/tests]   | coveralls.exception.CoverallsException: Running on Github Actions but GITHUB_TOKEN is not set. Add \"env: GITHUB_TOKEN: ${{ secrets.GITHUB_TOKEN }}\" to your step config.\n[Python build/tests]   \u274c  Failure - Main Test with pytest\n[Python build/tests] exitcode '1': failure\n[Python build/tests] \ud83c\udfc1  Job failed\n",
    "actions_stderr": "Error: Job 'tests' failed\n"
}