{
    "repository": "hjwp/Book-TDD-Web-Dev-Python",
    "clone_url": "https://github.com/hjwp/Book-TDD-Web-Dev-Python.git",
    "timestamp": "2023-05-29T14:55:28.889735Z",
    "clone_success": true,
    "number of actions": 1,
    "number_of_test_actions": 1,
    "actions_successful": false,
    "actions_stdout": "[Book tests/tests] \ud83d\ude80  Start image=crawlergpt:latest\n[Book tests/tests]   \ud83d\udc33  docker pull image=crawlergpt:latest platform= username= forcePull=false\n[Book tests/tests]   \ud83d\udc33  docker create image=crawlergpt:latest platform= entrypoint=[\"tail\" \"-f\" \"/dev/null\"] cmd=[]\n[Book tests/tests]   \ud83d\udc33  docker run image=crawlergpt:latest platform= entrypoint=[\"tail\" \"-f\" \"/dev/null\"] cmd=[]\n[Book tests/tests]   \ud83d\udc33  docker exec cmd=[chown -R 1012:1000 /tmp/de65f406-fe28-11ed-a890-af2cc187fc11/hjwp-Book-TDD-Web-Dev-Python] user=0 workdir=\n[Book tests/tests]   \u2601  git clone 'https://github.com/actions/setup-python' # ref=v1\n[Book tests/tests] \u2b50 Run Main actions/checkout@v1\n[Book tests/tests]   \u2705  Success - Main actions/checkout@v1\n[Book tests/tests] \u2b50 Run Main checkout submodules\n[Book tests/tests]   \ud83d\udc33  docker exec cmd=[bash --noprofile --norc -e -o pipefail /var/run/act/workflow/1] user= workdir=\n[Book tests/tests]   | bash: warning: setlocale: LC_ALL: cannot change locale (en_GB.UTF-8)\n[Book tests/tests]   | Submodule 'asciidoc/asciidoctor' (https://github.com/asciidoctor/asciidoctor.git) registered for path 'asciidoc/asciidoctor'\n[Book tests/tests]   | Submodule 'asciidoc/asciidoctor-htmlbook' (https://github.com/oreillymedia/asciidoctor-htmlbook.git) registered for path 'asciidoc/asciidoctor-htmlbook'\n[Book tests/tests]   | Submodule 'source/appendix_VIII_DjangoRestFramework/superlists' (https://github.com/hjwp/book-example.git) registered for path 'source/appendix_DjangoRestFramework/superlists'\n[Book tests/tests]   | Submodule 'source/appendix_II/superlists' (https://github.com/hjwp/book-example.git) registered for path 'source/appendix_Django_Class-Based_Views/superlists'\n[Book tests/tests]   | Submodule 'source/appendix_III/superlists' (https://github.com/hjwp/book-example.git) registered for path 'source/appendix_III/superlists'\n[Book tests/tests]   | Submodule 'source/appendix_bdd/superlists' (https://github.com/hjwp/book-example.git) registered for path 'source/appendix_bdd/superlists'\n[Book tests/tests]   | Submodule 'source/appendix_VI_rest_api_backend/superlists' (https://github.com/hjwp/book-example.git) registered for path 'source/appendix_rest_api/superlists'\n[Book tests/tests]   | Submodule 'source/chapter_01/superlists' (https://github.com/hjwp/book-example.git) registered for path 'source/chapter_01/superlists'\n[Book tests/tests]   | Submodule 'source/chapter_02/superlists' (https://github.com/hjwp/book-example.git) registered for path 'source/chapter_02_unittest/superlists'\n[Book tests/tests]   | Submodule 'source/chapter_21/superlists' (https://github.com/hjwp/book-example.git) registered for path 'source/chapter_CI/superlists'\n[Book tests/tests]   | Submodule 'source/chapter_13/superlists' (https://github.com/hjwp/book-example.git) registered for path 'source/chapter_advanced_forms/superlists'\n[Book tests/tests]   | Submodule 'source/chapter_10/superlists' (https://github.com/hjwp/book-example.git) registered for path 'source/chapter_automate_deployment_with_fabric/superlists'\n[Book tests/tests]   | Submodule 'source/chapter_11/superlists' (https://github.com/hjwp/book-example.git) registered for path 'source/chapter_database_layer_validation/superlists'\n[Book tests/tests]   | Submodule 'source/chapter_15/superlists' (https://github.com/hjwp/book-example.git) registered for path 'source/chapter_deploying_validation/superlists'\n[Book tests/tests]   | Submodule 'source/chapter_06/superlists' (https://github.com/hjwp/book-example.git) registered for path 'source/chapter_explicit_waits_1/superlists'\n[Book tests/tests]   | Submodule 'source/chapter_fixtures_and_wait_decorator/superlists' (https://github.com/hjwp/book-example.git) registered for path 'source/chapter_fixtures_and_wait_decorator/superlists'\n[Book tests/tests]   | Submodule 'source/chapter_23/superlists' (https://github.com/hjwp/book-example.git) registered for path 'source/chapter_hot_lava/superlists'\n[Book tests/tests]   | Submodule 'source/chapter_14/superlists' (https://github.com/hjwp/book-example.git) registered for path 'source/chapter_javascript/superlists'\n[Book tests/tests]   | Submodule 'source/chapter_making_deployment_production_ready/superlists' (https://github.com/hjwp/book-example.git) registered for path 'source/chapter_making_deployment_production_ready/superlists'\n[Book tests/tests]   | Submodule 'source/chapter_09/superlists' (https://github.com/hjwp/book-example.git) registered for path 'source/chapter_manual_deployment/superlists'\n[Book tests/tests]   | Submodule 'source/chapter_17/superlists' (https://github.com/hjwp/book-example.git) registered for path 'source/chapter_mocking/superlists'\n[Book tests/tests]   | Submodule 'source/chapter_organising_test_files/superlists' (https://github.com/hjwp/book-example.git) registered for path 'source/chapter_organising_test_files/superlists'\n[Book tests/tests]   | Submodule 'source/chapter_19/superlists' (https://github.com/hjwp/book-example.git) registered for path 'source/chapter_outside_in/superlists'\n[Book tests/tests]   | Submodule 'source/chapter_22/superlists' (https://github.com/hjwp/book-example.git) registered for path 'source/chapter_page_pattern/superlists'\n[Book tests/tests]   | Submodule 'source/chapter_04/superlists' (https://github.com/hjwp/book-example.git) registered for path 'source/chapter_philosophy_and_refactoring/superlists'\n[Book tests/tests]   | Submodule 'source/chapter_05/superlists' (https://github.com/hjwp/book-example.git) registered for path 'source/chapter_post_and_database/superlists'\n[Book tests/tests]   | Submodule 'source/chapter_08/superlists' (https://github.com/hjwp/book-example.git) registered for path 'source/chapter_prettification/superlists'\n[Book tests/tests]   | Submodule 'source/chapter_20/superlists' (https://github.com/hjwp/book-example.git) registered for path 'source/chapter_purist_unit_tests/superlists'\n[Book tests/tests]   | Submodule 'source/chapter_18/superlists' (https://github.com/hjwp/book-example.git) registered for path 'source/chapter_server_side_debugging/superlists'\n[Book tests/tests]   | Submodule 'source/chapter_12/superlists' (https://github.com/hjwp/book-example.git) registered for path 'source/chapter_simple_form/superlists'\n[Book tests/tests]   | Submodule 'source/chapter_16/superlists' (https://github.com/hjwp/book-example.git) registered for path 'source/chapter_spiking_custom_auth/superlists'\n[Book tests/tests]   | Submodule 'source/chapter_03/superlists' (https://github.com/hjwp/book-example.git) registered for path 'source/chapter_unit_test_first_view/superlists'\n[Book tests/tests]   | Submodule 'source/chapter_07/superlists' (https://github.com/hjwp/book-example.git) registered for path 'source/chapter_working_incrementally/superlists'\n[Book tests/tests]   | Submodule 'tests/testrepo' (https://github.com/hjwp/booktesttestrepo.git) registered for path 'tests/testrepo'\n[Book tests/tests]   | Cloning into '/tmp/de65f406-fe28-11ed-a890-af2cc187fc11/hjwp-Book-TDD-Web-Dev-Python/asciidoc/asciidoctor'...\n[Book tests/tests]   | Cloning into '/tmp/de65f406-fe28-11ed-a890-af2cc187fc11/hjwp-Book-TDD-Web-Dev-Python/asciidoc/asciidoctor-htmlbook'...\n[Book tests/tests]   | Cloning into '/tmp/de65f406-fe28-11ed-a890-af2cc187fc11/hjwp-Book-TDD-Web-Dev-Python/source/appendix_DjangoRestFramework/superlists'...\n[Book tests/tests]   | Cloning into '/tmp/de65f406-fe28-11ed-a890-af2cc187fc11/hjwp-Book-TDD-Web-Dev-Python/source/appendix_Django_Class-Based_Views/superlists'...\n[Book tests/tests]   | Cloning into '/tmp/de65f406-fe28-11ed-a890-af2cc187fc11/hjwp-Book-TDD-Web-Dev-Python/source/appendix_III/superlists'...\n[Book tests/tests]   | Cloning into '/tmp/de65f406-fe28-11ed-a890-af2cc187fc11/hjwp-Book-TDD-Web-Dev-Python/source/appendix_bdd/superlists'...\n[Book tests/tests]   | Cloning into '/tmp/de65f406-fe28-11ed-a890-af2cc187fc11/hjwp-Book-TDD-Web-Dev-Python/source/appendix_rest_api/superlists'...\n[Book tests/tests]   | Cloning into '/tmp/de65f406-fe28-11ed-a890-af2cc187fc11/hjwp-Book-TDD-Web-Dev-Python/source/chapter_01/superlists'...\n[Book tests/tests]   | Cloning into '/tmp/de65f406-fe28-11ed-a890-af2cc187fc11/hjwp-Book-TDD-Web-Dev-Python/source/chapter_02_unittest/superlists'...\n[Book tests/tests]   | Cloning into '/tmp/de65f406-fe28-11ed-a890-af2cc187fc11/hjwp-Book-TDD-Web-Dev-Python/source/chapter_CI/superlists'...\n[Book tests/tests]   | Cloning into '/tmp/de65f406-fe28-11ed-a890-af2cc187fc11/hjwp-Book-TDD-Web-Dev-Python/source/chapter_advanced_forms/superlists'...\n[Book tests/tests]   | Cloning into '/tmp/de65f406-fe28-11ed-a890-af2cc187fc11/hjwp-Book-TDD-Web-Dev-Python/source/chapter_automate_deployment_with_fabric/superlists'...\n[Book tests/tests]   | Cloning into '/tmp/de65f406-fe28-11ed-a890-af2cc187fc11/hjwp-Book-TDD-Web-Dev-Python/source/chapter_database_layer_validation/superlists'...\n[Book tests/tests]   | Cloning into '/tmp/de65f406-fe28-11ed-a890-af2cc187fc11/hjwp-Book-TDD-Web-Dev-Python/source/chapter_deploying_validation/superlists'...\n[Book tests/tests]   | Cloning into '/tmp/de65f406-fe28-11ed-a890-af2cc187fc11/hjwp-Book-TDD-Web-Dev-Python/source/chapter_explicit_waits_1/superlists'...\n[Book tests/tests]   | Cloning into '/tmp/de65f406-fe28-11ed-a890-af2cc187fc11/hjwp-Book-TDD-Web-Dev-Python/source/chapter_fixtures_and_wait_decorator/superlists'...\n[Book tests/tests]   | Cloning into '/tmp/de65f406-fe28-11ed-a890-af2cc187fc11/hjwp-Book-TDD-Web-Dev-Python/source/chapter_hot_lava/superlists'...\n[Book tests/tests]   | Cloning into '/tmp/de65f406-fe28-11ed-a890-af2cc187fc11/hjwp-Book-TDD-Web-Dev-Python/source/chapter_javascript/superlists'...\n[Book tests/tests]   | Cloning into '/tmp/de65f406-fe28-11ed-a890-af2cc187fc11/hjwp-Book-TDD-Web-Dev-Python/source/chapter_making_deployment_production_ready/superlists'...\n[Book tests/tests]   | Cloning into '/tmp/de65f406-fe28-11ed-a890-af2cc187fc11/hjwp-Book-TDD-Web-Dev-Python/source/chapter_manual_deployment/superlists'...\n[Book tests/tests]   | Cloning into '/tmp/de65f406-fe28-11ed-a890-af2cc187fc11/hjwp-Book-TDD-Web-Dev-Python/source/chapter_mocking/superlists'...\n[Book tests/tests]   | Cloning into '/tmp/de65f406-fe28-11ed-a890-af2cc187fc11/hjwp-Book-TDD-Web-Dev-Python/source/chapter_organising_test_files/superlists'...\n[Book tests/tests]   | Cloning into '/tmp/de65f406-fe28-11ed-a890-af2cc187fc11/hjwp-Book-TDD-Web-Dev-Python/source/chapter_outside_in/superlists'...\n[Book tests/tests]   | Cloning into '/tmp/de65f406-fe28-11ed-a890-af2cc187fc11/hjwp-Book-TDD-Web-Dev-Python/source/chapter_page_pattern/superlists'...\n[Book tests/tests]   | Cloning into '/tmp/de65f406-fe28-11ed-a890-af2cc187fc11/hjwp-Book-TDD-Web-Dev-Python/source/chapter_philosophy_and_refactoring/superlists'...\n[Book tests/tests]   | Cloning into '/tmp/de65f406-fe28-11ed-a890-af2cc187fc11/hjwp-Book-TDD-Web-Dev-Python/source/chapter_post_and_database/superlists'...\n[Book tests/tests]   | Cloning into '/tmp/de65f406-fe28-11ed-a890-af2cc187fc11/hjwp-Book-TDD-Web-Dev-Python/source/chapter_prettification/superlists'...\n[Book tests/tests]   | Cloning into '/tmp/de65f406-fe28-11ed-a890-af2cc187fc11/hjwp-Book-TDD-Web-Dev-Python/source/chapter_purist_unit_tests/superlists'...\n[Book tests/tests]   | Cloning into '/tmp/de65f406-fe28-11ed-a890-af2cc187fc11/hjwp-Book-TDD-Web-Dev-Python/source/chapter_server_side_debugging/superlists'...\n[Book tests/tests]   | Cloning into '/tmp/de65f406-fe28-11ed-a890-af2cc187fc11/hjwp-Book-TDD-Web-Dev-Python/source/chapter_simple_form/superlists'...\n[Book tests/tests]   | Cloning into '/tmp/de65f406-fe28-11ed-a890-af2cc187fc11/hjwp-Book-TDD-Web-Dev-Python/source/chapter_spiking_custom_auth/superlists'...\n[Book tests/tests]   | Cloning into '/tmp/de65f406-fe28-11ed-a890-af2cc187fc11/hjwp-Book-TDD-Web-Dev-Python/source/chapter_unit_test_first_view/superlists'...\n[Book tests/tests]   | Cloning into '/tmp/de65f406-fe28-11ed-a890-af2cc187fc11/hjwp-Book-TDD-Web-Dev-Python/source/chapter_working_incrementally/superlists'...\n[Book tests/tests]   | Cloning into '/tmp/de65f406-fe28-11ed-a890-af2cc187fc11/hjwp-Book-TDD-Web-Dev-Python/tests/testrepo'...\n[Book tests/tests]   | Submodule path 'asciidoc/asciidoctor': checked out '77091bf96780c738027a1846f4a8a0cc8809b8dd'\n[Book tests/tests]   | Submodule path 'asciidoc/asciidoctor-htmlbook': checked out '59953c97c6d8466ce178ba722717beb9209ce28c'\n[Book tests/tests]   | Submodule path 'source/appendix_DjangoRestFramework/superlists': checked out '92fbdbf384a64ea30894fa12caa3e1e81a9ab741'\n[Book tests/tests]   | Submodule path 'source/appendix_Django_Class-Based_Views/superlists': checked out '12fd310e95225372a9afd3c3107b1b939991b6f3'\n[Book tests/tests]   | Submodule path 'source/appendix_III/superlists': checked out 'bf98442744d1169abcdf61c0307e0903a985058f'\n[Book tests/tests]   | Submodule path 'source/appendix_bdd/superlists': checked out '3415b19e90e62f8ee82bc277dcfee7e6582c7eaf'\n[Book tests/tests]   | Submodule path 'source/appendix_rest_api/superlists': checked out 'ea415fc0f572d7f905698202798b3863357aebcd'\n[Book tests/tests]   | Submodule path 'source/chapter_01/superlists': checked out 'e8a0ce4a5661439cc68a6c07d911c400f14a44e2'\n[Book tests/tests]   | Submodule path 'source/chapter_02_unittest/superlists': checked out '32a5b1e6129dc90bea96636c639157208848c954'\n[Book tests/tests]   | Submodule path 'source/chapter_CI/superlists': checked out 'c98aef01c12d14d8716b617425dc490e159313c0'\n[Book tests/tests]   | Submodule path 'source/chapter_advanced_forms/superlists': checked out 'e7150a2015cce6c0c4823a39b5be30d5a06c7e75'\n[Book tests/tests]   | Submodule path 'source/chapter_automate_deployment_with_fabric/superlists': checked out 'd7cf30392c012cd20b692d9c826aa77afe2de85d'\n[Book tests/tests]   | Submodule path 'source/chapter_database_layer_validation/superlists': checked out '027bc8c64dfe697a47e68cd2d020ec60b6551d80'\n[Book tests/tests]   | Submodule path 'source/chapter_deploying_validation/superlists': checked out '119830aafa4b8d7f2940fe4066b7472521e53b01'\n[Book tests/tests]   | Submodule path 'source/chapter_explicit_waits_1/superlists': checked out '5897f854ba2115af520017cb00d41ccc4a7ea467'\n[Book tests/tests]   | Submodule path 'source/chapter_fixtures_and_wait_decorator/superlists': checked out '88e13b89d4cae3aa06d213496e5131bc559491ac'\n[Book tests/tests]   | Submodule path 'source/chapter_hot_lava/superlists': checked out 'd9d40a66c7e0f5771ee8f5a0cf182365d2c08251'\n[Book tests/tests]   | Submodule path 'source/chapter_javascript/superlists': checked out 'edd1db6e7f708cd2ffcef6db39f39e81b19dce24'\n[Book tests/tests]   | Submodule path 'source/chapter_making_deployment_production_ready/superlists': checked out 'a0500d28e761053d40de2537a7ed01c9f141f13f'\n[Book tests/tests]   | Submodule path 'source/chapter_manual_deployment/superlists': checked out '6f4716b133327ff175cfa2d3e3eb69fd1ba568b7'\n[Book tests/tests]   | Submodule path 'source/chapter_mocking/superlists': checked out '1f7ebcd613474c3a86264bbb3d1b1cd36920d6f6'\n[Book tests/tests]   | Submodule path 'source/chapter_organising_test_files/superlists': checked out '2d18ff967d14dce0430edf82ffcdc62cd2dff8b3'\n[Book tests/tests]   | Submodule path 'source/chapter_outside_in/superlists': checked out '1e35f801e09e53c22cae497cbef8e6a4ed4722fa'\n[Book tests/tests]   | Submodule path 'source/chapter_page_pattern/superlists': checked out 'e09632b36439f978bc9c1df52f11f5ac16799df5'\n[Book tests/tests]   | Submodule path 'source/chapter_philosophy_and_refactoring/superlists': checked out '960603b8db92700747ef41aa37fb15f77de14b27'\n[Book tests/tests]   | Submodule path 'source/chapter_post_and_database/superlists': checked out '985fe49841e5c0b23e2dc4daa15442befe72f8de'\n[Book tests/tests]   | Submodule path 'source/chapter_prettification/superlists': checked out 'c52dd7e95864a16dc344c31f870729282d3ae550'\n[Book tests/tests]   | Submodule path 'source/chapter_purist_unit_tests/superlists': checked out '243b4c77541d077092190ab6aa8cd34c3536e72b'\n[Book tests/tests]   | Submodule path 'source/chapter_server_side_debugging/superlists': checked out '7379e167ea3307ae94f0110ce2197f90ef654143'\n[Book tests/tests]   | Submodule path 'source/chapter_simple_form/superlists': checked out 'ccea94f9a13ef5fd3e8f32bf454de860419d9298'\n[Book tests/tests]   | Submodule path 'source/chapter_spiking_custom_auth/superlists': checked out '2e3e16bffc12ed9b1e6c38025279a8aed9c1f489'\n[Book tests/tests]   | From https://github.com/hjwp/book-example\n[Book tests/tests]   |  * branch              6f1929ac52c44a59ebf2d477b8ec7f5ab04c9416 -> FETCH_HEAD\n[Book tests/tests]   | Submodule path 'source/chapter_unit_test_first_view/superlists': checked out '6f1929ac52c44a59ebf2d477b8ec7f5ab04c9416'\n[Book tests/tests]   | Submodule path 'source/chapter_working_incrementally/superlists': checked out '3a9ef1d65195ba94587007158a62f442a2e078da'\n[Book tests/tests]   | Submodule path 'tests/testrepo': checked out '7e036430f6ff69add8cd47c68d2512a1823dd119'\n[Book tests/tests]   \u2705  Success - Main checkout submodules\n[Book tests/tests] \u2b50 Run Main setup git user\n[Book tests/tests]   \ud83d\udc33  docker exec cmd=[bash --noprofile --norc -e -o pipefail /var/run/act/workflow/2] user= workdir=\n[Book tests/tests]   | bash: warning: setlocale: LC_ALL: cannot change locale (en_GB.UTF-8)\n[Book tests/tests]   \u2705  Success - Main setup git user\n[Book tests/tests] \u2b50 Run Main Set up Python 3.11\n[Book tests/tests]   \ud83d\udc33  docker cp src=/home/andre-silva/.cache/act/actions-setup-python@v1/ dst=/var/run/act/actions/actions-setup-python@v1/\n[Book tests/tests]   \ud83d\udc33  docker exec cmd=[chown -R 1012:1000 /var/run/act/actions/actions-setup-python@v1/] user=0 workdir=\n[Book tests/tests]   \ud83d\udc33  docker exec cmd=[node /var/run/act/actions/actions-setup-python@v1/dist/index.js] user= workdir=\n[Book tests/tests]   \ud83d\udcac  ::debug::Semantic version spec of 3.11 is 3.11\n[Book tests/tests]   \ud83d\udcac  ::debug::isExplicit: \n[Book tests/tests]   \ud83d\udcac  ::debug::explicit? false\n[Book tests/tests]   \ud83d\udcac  ::debug::isExplicit: 2.7.18\n[Book tests/tests]   \ud83d\udcac  ::debug::explicit? true\n[Book tests/tests]   \ud83d\udcac  ::debug::isExplicit: 3.5.10\n[Book tests/tests]   \ud83d\udcac  ::debug::explicit? true\n[Book tests/tests]   \ud83d\udcac  ::debug::isExplicit: 3.6.14\n[Book tests/tests]   \ud83d\udcac  ::debug::explicit? true\n[Book tests/tests]   \ud83d\udcac  ::debug::isExplicit: 3.7.11\n[Book tests/tests]   \ud83d\udcac  ::debug::explicit? true\n[Book tests/tests]   \ud83d\udcac  ::debug::isExplicit: 3.8.11\n[Book tests/tests]   \ud83d\udcac  ::debug::explicit? true\n[Book tests/tests]   \ud83d\udcac  ::debug::isExplicit: 3.9.6\n[Book tests/tests]   \ud83d\udcac  ::debug::explicit? true\n[Book tests/tests]   \ud83d\udcac  ::debug::evaluating 6 versions\n[Book tests/tests]   \ud83d\udcac  ::debug::match not found\n[Book tests/tests]   \ud83d\udcac  ::debug::isExplicit: 2.7.18\n[Book tests/tests]   \ud83d\udcac  ::debug::explicit? true\n[Book tests/tests]   \ud83d\udcac  ::debug::isExplicit: 3.5.10\n[Book tests/tests]   \ud83d\udcac  ::debug::explicit? true\n[Book tests/tests]   \ud83d\udcac  ::debug::isExplicit: 3.6.14\n[Book tests/tests]   \ud83d\udcac  ::debug::explicit? true\n[Book tests/tests]   \ud83d\udcac  ::debug::isExplicit: 3.7.11\n[Book tests/tests]   \ud83d\udcac  ::debug::explicit? true\n[Book tests/tests]   \ud83d\udcac  ::debug::isExplicit: 3.8.11\n[Book tests/tests]   \ud83d\udcac  ::debug::explicit? true\n[Book tests/tests]   \ud83d\udcac  ::debug::isExplicit: 3.9.6\n[Book tests/tests]   \ud83d\udcac  ::debug::explicit? true\n[Book tests/tests]   \ud83d\udcac  ::debug::isExplicit: 2.7.18\n[Book tests/tests]   \ud83d\udcac  ::debug::explicit? true\n[Book tests/tests]   \ud83d\udcac  ::debug::isExplicit: 3.5.10\n[Book tests/tests]   \ud83d\udcac  ::debug::explicit? true\n[Book tests/tests]   \ud83d\udcac  ::debug::isExplicit: 3.6.14\n[Book tests/tests]   \ud83d\udcac  ::debug::explicit? true\n[Book tests/tests]   \ud83d\udcac  ::debug::isExplicit: 3.7.11\n[Book tests/tests]   \ud83d\udcac  ::debug::explicit? true\n[Book tests/tests]   \ud83d\udcac  ::debug::isExplicit: 3.8.11\n[Book tests/tests]   \ud83d\udcac  ::debug::explicit? true\n[Book tests/tests]   \ud83d\udcac  ::debug::isExplicit: 3.9.6\n[Book tests/tests]   \ud83d\udcac  ::debug::explicit? true\n[Book tests/tests]   \u2757  ::error::Version 3.11 with arch x64 not found%0AAvailable versions:%0A%0A2.7.18 (x64)%0A3.5.10 (x64)%0A3.6.14 (x64)%0A3.7.11 (x64)%0A3.8.11 (x64)%0A3.9.6 (x64)\n[Book tests/tests]   \u274c  Failure - Main Set up Python 3.11\n[Book tests/tests] exitcode '1': failure\n[Book tests/tests] \u2b50 Run Main Test chapter 1\n[Book tests/tests]   \ud83d\udc33  docker exec cmd=[bash --noprofile --norc -e -o pipefail /var/run/act/workflow/7] user= workdir=\n[Book tests/tests]   | bash: warning: setlocale: LC_ALL: cannot change locale (en_GB.UTF-8)\n[Book tests/tests]   | asciidoctor -a source-highlighter=coderay -a stylesheet=asciidoctor.css -a linkcss -a icons=font -a compat-mode -a '!example-caption' -a last-update-label='License: Creative Commons <a href=\"https://creativecommons.org/licenses/by-nc-nd/4.0/legalcode\">CC-BY-NC-ND</a>. Last updated:' chapter_01.asciidoc\n[Book tests/tests]   | make: asciidoctor: Command not found\n[Book tests/tests]   | make: *** [Makefile:48: chapter_01.html] Error 127\n[Book tests/tests]   \u274c  Failure - Main Test chapter 1\n[Book tests/tests] exitcode '2': failure\n[Book tests/tests] \u2b50 Run Main Test chapter 2\n[Book tests/tests]   \ud83d\udc33  docker exec cmd=[bash --noprofile --norc -e -o pipefail /var/run/act/workflow/8] user= workdir=\n[Book tests/tests]   | bash: warning: setlocale: LC_ALL: cannot change locale (en_GB.UTF-8)\n[Book tests/tests]   | asciidoctor -a source-highlighter=coderay -a stylesheet=asciidoctor.css -a linkcss -a icons=font -a compat-mode -a '!example-caption' -a last-update-label='License: Creative Commons <a href=\"https://creativecommons.org/licenses/by-nc-nd/4.0/legalcode\">CC-BY-NC-ND</a>. Last updated:' chapter_02_unittest.asciidoc\n[Book tests/tests]   | make: asciidoctor: Command not found\n[Book tests/tests]   | make: *** [Makefile:48: chapter_02_unittest.html] Error 127\n[Book tests/tests]   \u274c  Failure - Main Test chapter 2\n[Book tests/tests] exitcode '2': failure\n[Book tests/tests] \u2b50 Run Main Test chapter 3\n[Book tests/tests]   \ud83d\udc33  docker exec cmd=[bash --noprofile --norc -e -o pipefail /var/run/act/workflow/9] user= workdir=\n[Book tests/tests]   | asciidoctor -a source-highlighter=coderay -a stylesheet=asciidoctor.css -a linkcss -a icons=font -a compat-mode -a '!example-caption' -a last-update-label='License: Creative Commons <a href=\"https://creativecommons.org/licenses/by-nc-nd/4.0/legalcode\">CC-BY-NC-ND</a>. Last updated:' chapter_unit_test_first_view.asciidoc\n[Book tests/tests]   | bash: warning: setlocale: LC_ALL: cannot change locale (en_GB.UTF-8)\n[Book tests/tests]   | make: asciidoctor: Command not found\n[Book tests/tests]   | make: *** [Makefile:48: chapter_unit_test_first_view.html] Error 127\n[Book tests/tests]   \u274c  Failure - Main Test chapter 3\n[Book tests/tests] exitcode '2': failure\n[Book tests/tests] \u2b50 Run Main Test chapter 4\n[Book tests/tests]   \ud83d\udc33  docker exec cmd=[bash --noprofile --norc -e -o pipefail /var/run/act/workflow/10] user= workdir=\n[Book tests/tests]   | asciidoctor -a source-highlighter=coderay -a stylesheet=asciidoctor.css -a linkcss -a icons=font -a compat-mode -a '!example-caption' -a last-update-label='License: Creative Commons <a href=\"https://creativecommons.org/licenses/by-nc-nd/4.0/legalcode\">CC-BY-NC-ND</a>. Last updated:' chapter_philosophy_and_refactoring.asciidoc\n[Book tests/tests]   | bash: warning: setlocale: LC_ALL: cannot change locale (en_GB.UTF-8)\n[Book tests/tests]   | make: asciidoctor: Command not found\n[Book tests/tests]   | make: *** [Makefile:48: chapter_philosophy_and_refactoring.html] Error 127\n[Book tests/tests]   \u274c  Failure - Main Test chapter 4\n[Book tests/tests] exitcode '2': failure\n[Book tests/tests] \u2b50 Run Main Test chapter 5\n[Book tests/tests]   \ud83d\udc33  docker exec cmd=[bash --noprofile --norc -e -o pipefail /var/run/act/workflow/11] user= workdir=\n[Book tests/tests]   | bash: warning: setlocale: LC_ALL: cannot change locale (en_GB.UTF-8)\n[Book tests/tests]   | asciidoctor -a source-highlighter=coderay -a stylesheet=asciidoctor.css -a linkcss -a icons=font -a compat-mode -a '!example-caption' -a last-update-label='License: Creative Commons <a href=\"https://creativecommons.org/licenses/by-nc-nd/4.0/legalcode\">CC-BY-NC-ND</a>. Last updated:' chapter_post_and_database.asciidoc\n[Book tests/tests]   | make: asciidoctor: Command not found\n[Book tests/tests]   | make: *** [Makefile:48: chapter_post_and_database.html] Error 127\n[Book tests/tests]   \u274c  Failure - Main Test chapter 5\n[Book tests/tests] exitcode '2': failure\n[Book tests/tests] \u2b50 Run Main Test chapter 6\n[Book tests/tests]   \ud83d\udc33  docker exec cmd=[bash --noprofile --norc -e -o pipefail /var/run/act/workflow/12] user= workdir=\n[Book tests/tests]   | asciidoctor -a source-highlighter=coderay -a stylesheet=asciidoctor.css -a linkcss -a icons=font -a compat-mode -a '!example-caption' -a last-update-label='License: Creative Commons <a href=\"https://creativecommons.org/licenses/by-nc-nd/4.0/legalcode\">CC-BY-NC-ND</a>. Last updated:' chapter_explicit_waits_1.asciidoc\n[Book tests/tests]   | bash: warning: setlocale: LC_ALL: cannot change locale (en_GB.UTF-8)\n[Book tests/tests]   | make: asciidoctor: Command not found\n[Book tests/tests]   | make: *** [Makefile:48: chapter_explicit_waits_1.html] Error 127\n[Book tests/tests]   \u274c  Failure - Main Test chapter 6\n[Book tests/tests] exitcode '2': failure\n[Book tests/tests] \u2b50 Run Main Test chapter 7\n[Book tests/tests]   \ud83d\udc33  docker exec cmd=[bash --noprofile --norc -e -o pipefail /var/run/act/workflow/13] user= workdir=\n[Book tests/tests]   | bash: warning: setlocale: LC_ALL: cannot change locale (en_GB.UTF-8)\n[Book tests/tests]   | asciidoctor -a source-highlighter=coderay -a stylesheet=asciidoctor.css -a linkcss -a icons=font -a compat-mode -a '!example-caption' -a last-update-label='License: Creative Commons <a href=\"https://creativecommons.org/licenses/by-nc-nd/4.0/legalcode\">CC-BY-NC-ND</a>. Last updated:' chapter_working_incrementally.asciidoc\n[Book tests/tests]   | make: asciidoctor: Command not found\n[Book tests/tests]   | make: *** [Makefile:48: chapter_working_incrementally.html] Error 127\n[Book tests/tests]   \u274c  Failure - Main Test chapter 7\n[Book tests/tests] exitcode '2': failure\n[Book tests/tests] \ud83c\udfc1  Job failed\n",
    "actions_stderr": "Error: Job 'tests' failed\n"
}