{
    "repository": "itamarst/crochet",
    "clone_url": "https://github.com/itamarst/crochet.git",
    "timestamp": "2023-05-29T14:45:35.201190Z",
    "clone_success": true,
    "number of actions": 1,
    "number_of_test_actions": 1,
    "actions_successful": false,
    "actions_stdout": "[CI/Python 3.6 ubuntu-latest x64-1] \ud83d\ude80  Start image=crawlergpt:latest\n[CI/Python 3.6 ubuntu-latest x86-2] \ud83d\ude80  Start image=crawlergpt:latest\n[CI/Python 3.6 ubuntu-latest x64-1]   \ud83d\udc33  docker pull image=crawlergpt:latest platform= username= forcePull=false\n[CI/Python 3.6 ubuntu-latest x86-2]   \ud83d\udc33  docker pull image=crawlergpt:latest platform= username= forcePull=false\n[CI/Python 3.6 ubuntu-latest x86-2]   \ud83d\udc33  docker create image=crawlergpt:latest platform= entrypoint=[\"tail\" \"-f\" \"/dev/null\"] cmd=[]\n[CI/Python 3.6 ubuntu-latest x64-1]   \ud83d\udc33  docker create image=crawlergpt:latest platform= entrypoint=[\"tail\" \"-f\" \"/dev/null\"] cmd=[]\n[CI/Python 3.6 ubuntu-latest x86-2]   \ud83d\udc33  docker run image=crawlergpt:latest platform= entrypoint=[\"tail\" \"-f\" \"/dev/null\"] cmd=[]\n[CI/Python 3.6 ubuntu-latest x64-1]   \ud83d\udc33  docker run image=crawlergpt:latest platform= entrypoint=[\"tail\" \"-f\" \"/dev/null\"] cmd=[]\n[CI/Python 3.6 ubuntu-latest x86-2]   \ud83d\udc33  docker exec cmd=[chown -R 1012:1000 /tmp/de65f406-fe28-11ed-a890-af2cc187fc11/itamarst-crochet] user=0 workdir=\n[CI/Python 3.6 ubuntu-latest x64-1]   \ud83d\udc33  docker exec cmd=[chown -R 1012:1000 /tmp/de65f406-fe28-11ed-a890-af2cc187fc11/itamarst-crochet] user=0 workdir=\n[CI/Python 3.6 ubuntu-latest x64-1]   \u2601  git clone 'https://github.com/actions/setup-python' # ref=v2\n[CI/Python 3.6 ubuntu-latest x86-2]   \u2601  git clone 'https://github.com/actions/setup-python' # ref=v2\n[CI/Python 3.6 ubuntu-latest x64-1] \ud83e\uddea  Matrix: map[architecture:x64 platform:ubuntu-latest python-version:3.6]\n[CI/Python 3.6 ubuntu-latest x64-1] \u2b50 Run Main actions/checkout@v2\n[CI/Python 3.6 ubuntu-latest x86-2] \ud83e\uddea  Matrix: map[architecture:x86 platform:ubuntu-latest python-version:3.6]\n[CI/Python 3.6 ubuntu-latest x86-2] \u2b50 Run Main actions/checkout@v2\n[CI/Python 3.6 ubuntu-latest x64-1]   \u2705  Success - Main actions/checkout@v2\n[CI/Python 3.6 ubuntu-latest x86-2]   \u2705  Success - Main actions/checkout@v2\n[CI/Python 3.6 ubuntu-latest x86-2] \u2b50 Run Main actions/setup-python@v2\n[CI/Python 3.6 ubuntu-latest x64-1] \u2b50 Run Main actions/setup-python@v2\n[CI/Python 3.6 ubuntu-latest x64-1]   \ud83d\udc33  docker cp src=/home/andre-silva/.cache/act/actions-setup-python@v2/ dst=/var/run/act/actions/actions-setup-python@v2/\n[CI/Python 3.6 ubuntu-latest x86-2]   \ud83d\udc33  docker cp src=/home/andre-silva/.cache/act/actions-setup-python@v2/ dst=/var/run/act/actions/actions-setup-python@v2/\n[CI/Python 3.6 ubuntu-latest x64-1]   \ud83d\udc33  docker exec cmd=[chown -R 1012:1000 /var/run/act/actions/actions-setup-python@v2/] user=0 workdir=\n[CI/Python 3.6 ubuntu-latest x86-2]   \ud83d\udc33  docker exec cmd=[chown -R 1012:1000 /var/run/act/actions/actions-setup-python@v2/] user=0 workdir=\n[CI/Python 3.6 ubuntu-latest x86-2]   \ud83d\udc33  docker exec cmd=[node /var/run/act/actions/actions-setup-python@v2/dist/setup/index.js] user= workdir=\n[CI/Python 3.6 ubuntu-latest x64-1]   \ud83d\udc33  docker exec cmd=[node /var/run/act/actions/actions-setup-python@v2/dist/setup/index.js] user= workdir=\n[CI/Python 3.6 ubuntu-latest x64-1]   \ud83d\udcac  ::debug::Semantic version spec of 3.6 is 3.6\n[CI/Python 3.6 ubuntu-latest x64-1]   \ud83d\udcac  ::debug::isExplicit: \n[CI/Python 3.6 ubuntu-latest x64-1]   \ud83d\udcac  ::debug::explicit? false\n[CI/Python 3.6 ubuntu-latest x64-1]   \ud83d\udcac  ::debug::isExplicit: 2.7.18\n[CI/Python 3.6 ubuntu-latest x64-1]   \ud83d\udcac  ::debug::explicit? true\n[CI/Python 3.6 ubuntu-latest x64-1]   \ud83d\udcac  ::debug::isExplicit: 3.5.10\n[CI/Python 3.6 ubuntu-latest x64-1]   \ud83d\udcac  ::debug::explicit? true\n[CI/Python 3.6 ubuntu-latest x64-1]   \ud83d\udcac  ::debug::isExplicit: 3.6.14\n[CI/Python 3.6 ubuntu-latest x64-1]   \ud83d\udcac  ::debug::explicit? true\n[CI/Python 3.6 ubuntu-latest x64-1]   \ud83d\udcac  ::debug::isExplicit: 3.7.11\n[CI/Python 3.6 ubuntu-latest x64-1]   \ud83d\udcac  ::debug::explicit? true\n[CI/Python 3.6 ubuntu-latest x64-1]   \ud83d\udcac  ::debug::isExplicit: 3.8.11\n[CI/Python 3.6 ubuntu-latest x64-1]   \ud83d\udcac  ::debug::explicit? true\n[CI/Python 3.6 ubuntu-latest x64-1]   \ud83d\udcac  ::debug::isExplicit: 3.9.6\n[CI/Python 3.6 ubuntu-latest x64-1]   \ud83d\udcac  ::debug::explicit? true\n[CI/Python 3.6 ubuntu-latest x64-1]   \ud83d\udcac  ::debug::evaluating 6 versions\n[CI/Python 3.6 ubuntu-latest x86-2]   \ud83d\udcac  ::debug::Semantic version spec of 3.6 is 3.6\n[CI/Python 3.6 ubuntu-latest x64-1]   \ud83d\udcac  ::debug::matched: 3.6.14\n[CI/Python 3.6 ubuntu-latest x64-1]   \ud83d\udcac  ::debug::checking cache: /opt/hostedtoolcache/Python/3.6.14/x64\n[CI/Python 3.6 ubuntu-latest x64-1]   \ud83d\udcac  ::debug::Found tool in cache Python 3.6.14 x64\n[CI/Python 3.6 ubuntu-latest x64-1]   | Successfully setup CPython (3.6.14)\n[CI/Python 3.6 ubuntu-latest x64-1]   \u2753 add-matcher /run/act/actions/actions-setup-python@v2/.github/python.json\n[CI/Python 3.6 ubuntu-latest x86-2]   \ud83d\udcac  ::debug::isExplicit: \n[CI/Python 3.6 ubuntu-latest x86-2]   \ud83d\udcac  ::debug::explicit? false\n[CI/Python 3.6 ubuntu-latest x86-2]   \ud83d\udcac  ::debug::isExplicit: 2.7.18\n[CI/Python 3.6 ubuntu-latest x86-2]   \ud83d\udcac  ::debug::explicit? true\n[CI/Python 3.6 ubuntu-latest x86-2]   \ud83d\udcac  ::debug::isExplicit: 3.5.10\n[CI/Python 3.6 ubuntu-latest x86-2]   \ud83d\udcac  ::debug::explicit? true\n[CI/Python 3.6 ubuntu-latest x86-2]   \ud83d\udcac  ::debug::isExplicit: 3.6.14\n[CI/Python 3.6 ubuntu-latest x86-2]   \ud83d\udcac  ::debug::explicit? true\n[CI/Python 3.6 ubuntu-latest x86-2]   \ud83d\udcac  ::debug::isExplicit: 3.7.11\n[CI/Python 3.6 ubuntu-latest x86-2]   \ud83d\udcac  ::debug::explicit? true\n[CI/Python 3.6 ubuntu-latest x86-2]   \ud83d\udcac  ::debug::isExplicit: 3.8.11\n[CI/Python 3.6 ubuntu-latest x86-2]   \ud83d\udcac  ::debug::explicit? true\n[CI/Python 3.6 ubuntu-latest x86-2]   \ud83d\udcac  ::debug::isExplicit: 3.9.6\n[CI/Python 3.6 ubuntu-latest x86-2]   \ud83d\udcac  ::debug::explicit? true\n[CI/Python 3.6 ubuntu-latest x86-2]   \ud83d\udcac  ::debug::evaluating 0 versions\n[CI/Python 3.6 ubuntu-latest x86-2]   \ud83d\udcac  ::debug::match not found\n[CI/Python 3.6 ubuntu-latest x86-2]   | Version 3.6 was not found in the local cache\n[CI/Python 3.6 ubuntu-latest x64-1]   \u2705  Success - Main actions/setup-python@v2\n[CI/Python 3.6 ubuntu-latest x64-1]   \u2699  ::set-env:: pythonLocation=/opt/hostedtoolcache/Python/3.6.14/x64\n[CI/Python 3.6 ubuntu-latest x64-1]   \u2699  ::set-env:: LD_LIBRARY_PATH=/opt/hostedtoolcache/Python/3.6.14/x64/lib\n[CI/Python 3.6 ubuntu-latest x86-2]   \u2757  ::error::API rate limit exceeded for 130.242.72.40. (But here's the good news: Authenticated requests get a higher rate limit. Check out the documentation for more details.)\n[CI/Python 3.6 ubuntu-latest x86-2]   \u274c  Failure - Main actions/setup-python@v2\n[CI/Python 3.6 ubuntu-latest x64-1]   \u2699  ::set-output:: python-version=3.6.14\n[CI/Python 3.6 ubuntu-latest x64-1]   \u2699  ::add-path:: /opt/hostedtoolcache/Python/3.6.14/x64\n[CI/Python 3.6 ubuntu-latest x64-1]   \u2699  ::add-path:: /opt/hostedtoolcache/Python/3.6.14/x64/bin\n[CI/Python 3.6 ubuntu-latest x64-1] \u2b50 Run Main Install dependencies\n[CI/Python 3.6 ubuntu-latest x86-2] exitcode '1': failure\n[CI/Python 3.6 ubuntu-latest x64-1]   \ud83d\udc33  docker exec cmd=[bash --noprofile --norc -e -o pipefail /var/run/act/workflow/2] user= workdir=\n[CI/Python 3.6 ubuntu-latest x64-1]   | Python 3.6.14 (default, Jul  5 2021, 20:52:02) \n[CI/Python 3.6 ubuntu-latest x64-1]   | [GCC 9.3.0]\n[CI/Python 3.6 ubuntu-latest x64-1]   | sys.path = [\n[CI/Python 3.6 ubuntu-latest x64-1]   |     '/tmp/de65f406-fe28-11ed-a890-af2cc187fc11/itamarst-crochet',\n[CI/Python 3.6 ubuntu-latest x64-1]   |     '/opt/hostedtoolcache/Python/3.6.14/x64/lib/python36.zip',\n[CI/Python 3.6 ubuntu-latest x64-1]   |     '/opt/hostedtoolcache/Python/3.6.14/x64/lib/python3.6',\n[CI/Python 3.6 ubuntu-latest x64-1]   |     '/opt/hostedtoolcache/Python/3.6.14/x64/lib/python3.6/lib-dynload',\n[CI/Python 3.6 ubuntu-latest x64-1]   |     '/opt/hostedtoolcache/Python/3.6.14/x64/lib/python3.6/site-packages',\n[CI/Python 3.6 ubuntu-latest x64-1]   | ]\n[CI/Python 3.6 ubuntu-latest x64-1]   | USER_BASE: '/home/runneradmin/.local' (doesn't exist)\n[CI/Python 3.6 ubuntu-latest x64-1]   | USER_SITE: '/home/runneradmin/.local/lib/python3.6/site-packages' (doesn't exist)\n[CI/Python 3.6 ubuntu-latest x64-1]   | ENABLE_USER_SITE: True\n[CI/Python 3.6 ubuntu-latest x86-2] \ud83c\udfc1  Job failed\n[CI/Python 3.6 ubuntu-latest x64-1]   | Requirement already satisfied: pip in /opt/hostedtoolcache/Python/3.6.14/x64/lib/python3.6/site-packages (21.2.4)\n[CI/Python 3.6 ubuntu-latest x64-1]   | Collecting pip\n[CI/Python 3.6 ubuntu-latest x64-1]   |   Downloading pip-21.3.1-py3-none-any.whl (1.7 MB)\n[CI/Python 3.6 ubuntu-latest x64-1]   | Requirement already satisfied: setuptools in /opt/hostedtoolcache/Python/3.6.14/x64/lib/python3.6/site-packages (40.6.2)\n[CI/Python 3.6 ubuntu-latest x64-1]   | Collecting setuptools\n[CI/Python 3.6 ubuntu-latest x64-1]   |   Downloading setuptools-59.6.0-py3-none-any.whl (952 kB)\n[CI/Python 3.6 ubuntu-latest x64-1]   | Collecting wheel\n[CI/Python 3.6 ubuntu-latest x64-1]   |   Downloading wheel-0.37.1-py2.py3-none-any.whl (35 kB)\n[CI/Python 3.6 ubuntu-latest x64-1]   | Installing collected packages: wheel, setuptools, pip\n[CI/Python 3.6 ubuntu-latest x64-1]   |   Attempting uninstall: setuptools\n[CI/Python 3.6 ubuntu-latest x64-1]   |     Found existing installation: setuptools 40.6.2\n[CI/Python 3.6 ubuntu-latest x64-1]   |     Uninstalling setuptools-40.6.2:\n[CI/Python 3.6 ubuntu-latest x64-1]   |       Successfully uninstalled setuptools-40.6.2\n[CI/Python 3.6 ubuntu-latest x64-1]   |   Attempting uninstall: pip\n[CI/Python 3.6 ubuntu-latest x64-1]   |     Found existing installation: pip 21.2.4\n[CI/Python 3.6 ubuntu-latest x64-1]   |     Uninstalling pip-21.2.4:\n[CI/Python 3.6 ubuntu-latest x64-1]   |       Successfully uninstalled pip-21.2.4\n[CI/Python 3.6 ubuntu-latest x64-1]   | Successfully installed pip-21.3.1 setuptools-59.6.0 wheel-0.37.1\n[CI/Python 3.6 ubuntu-latest x64-1]   | Collecting virtualenv\n[CI/Python 3.6 ubuntu-latest x64-1]   |   Downloading virtualenv-20.17.1-py3-none-any.whl (8.8 MB)\n[CI/Python 3.6 ubuntu-latest x64-1]   | Collecting tox\n[CI/Python 3.6 ubuntu-latest x64-1]   |   Downloading tox-3.28.0-py2.py3-none-any.whl (86 kB)\n[CI/Python 3.6 ubuntu-latest x64-1]   | Collecting tox-gh-actions\n[CI/Python 3.6 ubuntu-latest x64-1]   |   Downloading tox_gh_actions-2.12.0-py2.py3-none-any.whl (11 kB)\n[CI/Python 3.6 ubuntu-latest x64-1]   | Collecting platformdirs<3,>=2.4\n[CI/Python 3.6 ubuntu-latest x64-1]   |   Downloading platformdirs-2.4.0-py3-none-any.whl (14 kB)\n[CI/Python 3.6 ubuntu-latest x64-1]   | Collecting distlib<1,>=0.3.6\n[CI/Python 3.6 ubuntu-latest x64-1]   |   Downloading distlib-0.3.6-py2.py3-none-any.whl (468 kB)\n[CI/Python 3.6 ubuntu-latest x64-1]   | Collecting filelock<4,>=3.4.1\n[CI/Python 3.6 ubuntu-latest x64-1]   |   Downloading filelock-3.4.1-py3-none-any.whl (9.9 kB)\n[CI/Python 3.6 ubuntu-latest x64-1]   | Collecting importlib-metadata>=4.8.3\n[CI/Python 3.6 ubuntu-latest x64-1]   |   Downloading importlib_metadata-4.8.3-py3-none-any.whl (17 kB)\n[CI/Python 3.6 ubuntu-latest x64-1]   | Collecting importlib-resources>=5.4\n[CI/Python 3.6 ubuntu-latest x64-1]   |   Downloading importlib_resources-5.4.0-py3-none-any.whl (28 kB)\n[CI/Python 3.6 ubuntu-latest x64-1]   | Collecting six>=1.14.0\n[CI/Python 3.6 ubuntu-latest x64-1]   |   Downloading six-1.16.0-py2.py3-none-any.whl (11 kB)\n[CI/Python 3.6 ubuntu-latest x64-1]   | Collecting pluggy>=0.12.0\n[CI/Python 3.6 ubuntu-latest x64-1]   |   Downloading pluggy-1.0.0-py2.py3-none-any.whl (13 kB)\n[CI/Python 3.6 ubuntu-latest x64-1]   | Collecting toml>=0.10.2\n[CI/Python 3.6 ubuntu-latest x64-1]   |   Downloading toml-0.10.2-py2.py3-none-any.whl (16 kB)\n[CI/Python 3.6 ubuntu-latest x64-1]   | Collecting py>=1.4.17\n[CI/Python 3.6 ubuntu-latest x64-1]   |   Downloading py-1.11.0-py2.py3-none-any.whl (98 kB)\n[CI/Python 3.6 ubuntu-latest x64-1]   | Collecting packaging>=14\n[CI/Python 3.6 ubuntu-latest x64-1]   |   Downloading packaging-21.3-py3-none-any.whl (40 kB)\n[CI/Python 3.6 ubuntu-latest x64-1]   | Collecting zipp>=0.5\n[CI/Python 3.6 ubuntu-latest x64-1]   |   Downloading zipp-3.6.0-py3-none-any.whl (5.3 kB)\n[CI/Python 3.6 ubuntu-latest x64-1]   | Collecting typing-extensions>=3.6.4\n[CI/Python 3.6 ubuntu-latest x64-1]   |   Downloading typing_extensions-4.1.1-py3-none-any.whl (26 kB)\n[CI/Python 3.6 ubuntu-latest x64-1]   | Collecting pyparsing!=3.0.5,>=2.0.2\n[CI/Python 3.6 ubuntu-latest x64-1]   |   Downloading pyparsing-3.0.9-py3-none-any.whl (98 kB)\n[CI/Python 3.6 ubuntu-latest x64-1]   | Installing collected packages: zipp, typing-extensions, pyparsing, platformdirs, importlib-resources, importlib-metadata, filelock, distlib, virtualenv, toml, six, py, pluggy, packaging, tox, tox-gh-actions\n[CI/Python 3.6 ubuntu-latest x64-1]   | Successfully installed distlib-0.3.6 filelock-3.4.1 importlib-metadata-4.8.3 importlib-resources-5.4.0 packaging-21.3 platformdirs-2.4.0 pluggy-1.0.0 py-1.11.0 pyparsing-3.0.9 six-1.16.0 toml-0.10.2 tox-3.28.0 tox-gh-actions-2.12.0 typing-extensions-4.1.1 virtualenv-20.17.1 zipp-3.6.0\n[CI/Python 3.6 ubuntu-latest x64-1]   \u2705  Success - Main Install dependencies\n[CI/Python 3.6 ubuntu-latest x64-1] \u2b50 Run Main Run tox targets for 3.6\n[CI/Python 3.6 ubuntu-latest x64-1]   \ud83d\udc33  docker exec cmd=[bash --noprofile --norc -e -o pipefail /var/run/act/workflow/3] user= workdir=\n[CI/Python 3.6 ubuntu-latest x64-1]   \u2753 add-matcher /opt/hostedtoolcache/Python/3.6.14/x64/lib/python3.6/site-packages/tox_gh_actions/matcher.json\n[CI/Python 3.6 ubuntu-latest x64-1]   | GLOB sdist-make: /tmp/de65f406-fe28-11ed-a890-af2cc187fc11/itamarst-crochet/setup.py\n[CI/Python 3.6 ubuntu-latest x64-1]   | py36 create: /tmp/de65f406-fe28-11ed-a890-af2cc187fc11/itamarst-crochet/.tox/py36\n[CI/Python 3.6 ubuntu-latest x64-1]   \u2753  ::group::tox: py36\n[CI/Python 3.6 ubuntu-latest x64-1]   | py36 installdeps: mypy==0.812\n[CI/Python 3.6 ubuntu-latest x64-1]   | py36 inst: /tmp/de65f406-fe28-11ed-a890-af2cc187fc11/itamarst-crochet/.tox/.tmp/package/1/crochet-2.0.0+2.gdeea55f.zip\n[CI/Python 3.6 ubuntu-latest x64-1]   | py36 installed: attrs==22.2.0,Automat==22.10.0,constantly==15.1.0,crochet @ file:///tmp/de65f406-fe28-11ed-a890-af2cc187fc11/itamarst-crochet/.tox/.tmp/package/1/crochet-2.0.0%2B2.gdeea55f.zip,hyperlink==21.0.0,idna==3.4,incremental==22.10.0,mypy==0.812,mypy-extensions==0.4.4,six==1.16.0,Twisted==22.4.0,typed-ast==1.4.3,typing_extensions==4.1.1,wrapt==1.15.0,zope.interface==5.5.2\n[CI/Python 3.6 ubuntu-latest x64-1]   | py36 run-test-pre: PYTHONHASHSEED='1793801056'\n[CI/Python 3.6 ubuntu-latest x64-1]   | py36 run-test: commands[0] | /tmp/de65f406-fe28-11ed-a890-af2cc187fc11/itamarst-crochet/.tox/py36/bin/python setup.py --version\n[CI/Python 3.6 ubuntu-latest x64-1]   | 2.0.0+2.gdeea55f\n[CI/Python 3.6 ubuntu-latest x64-1]   | py36 run-test: commands[1] | pip install .\n[CI/Python 3.6 ubuntu-latest x64-1]   | Processing /tmp/de65f406-fe28-11ed-a890-af2cc187fc11/itamarst-crochet\n[CI/Python 3.6 ubuntu-latest x64-1]   |   Preparing metadata (setup.py): started\n[CI/Python 3.6 ubuntu-latest x64-1]   |   Preparing metadata (setup.py): finished with status 'done'\n[CI/Python 3.6 ubuntu-latest x64-1]   | Requirement already satisfied: Twisted>=16.0 in ./.tox/py36/lib/python3.6/site-packages (from crochet==2.0.0+2.gdeea55f) (22.4.0)\n[CI/Python 3.6 ubuntu-latest x64-1]   | Requirement already satisfied: wrapt in ./.tox/py36/lib/python3.6/site-packages (from crochet==2.0.0+2.gdeea55f) (1.15.0)\n[CI/Python 3.6 ubuntu-latest x64-1]   | Requirement already satisfied: typing-extensions>=3.6.5 in ./.tox/py36/lib/python3.6/site-packages (from Twisted>=16.0->crochet==2.0.0+2.gdeea55f) (4.1.1)\n[CI/Python 3.6 ubuntu-latest x64-1]   | Requirement already satisfied: zope.interface>=4.4.2 in ./.tox/py36/lib/python3.6/site-packages (from Twisted>=16.0->crochet==2.0.0+2.gdeea55f) (5.5.2)\n[CI/Python 3.6 ubuntu-latest x64-1]   | Requirement already satisfied: Automat>=0.8.0 in ./.tox/py36/lib/python3.6/site-packages (from Twisted>=16.0->crochet==2.0.0+2.gdeea55f) (22.10.0)\n[CI/Python 3.6 ubuntu-latest x64-1]   | Requirement already satisfied: hyperlink>=17.1.1 in ./.tox/py36/lib/python3.6/site-packages (from Twisted>=16.0->crochet==2.0.0+2.gdeea55f) (21.0.0)\n[CI/Python 3.6 ubuntu-latest x64-1]   | Requirement already satisfied: attrs>=19.2.0 in ./.tox/py36/lib/python3.6/site-packages (from Twisted>=16.0->crochet==2.0.0+2.gdeea55f) (22.2.0)\n[CI/Python 3.6 ubuntu-latest x64-1]   | Requirement already satisfied: incremental>=21.3.0 in ./.tox/py36/lib/python3.6/site-packages (from Twisted>=16.0->crochet==2.0.0+2.gdeea55f) (22.10.0)\n[CI/Python 3.6 ubuntu-latest x64-1]   | Requirement already satisfied: constantly>=15.1 in ./.tox/py36/lib/python3.6/site-packages (from Twisted>=16.0->crochet==2.0.0+2.gdeea55f) (15.1.0)\n[CI/Python 3.6 ubuntu-latest x64-1]   | Requirement already satisfied: six in ./.tox/py36/lib/python3.6/site-packages (from Automat>=0.8.0->Twisted>=16.0->crochet==2.0.0+2.gdeea55f) (1.16.0)\n[CI/Python 3.6 ubuntu-latest x64-1]   | Requirement already satisfied: idna>=2.5 in ./.tox/py36/lib/python3.6/site-packages (from hyperlink>=17.1.1->Twisted>=16.0->crochet==2.0.0+2.gdeea55f) (3.4)\n[CI/Python 3.6 ubuntu-latest x64-1]   | Requirement already satisfied: setuptools in ./.tox/py36/lib/python3.6/site-packages (from zope.interface>=4.4.2->Twisted>=16.0->crochet==2.0.0+2.gdeea55f) (59.6.0)\n[CI/Python 3.6 ubuntu-latest x64-1]   | Building wheels for collected packages: crochet\n[CI/Python 3.6 ubuntu-latest x64-1]   |   Building wheel for crochet (setup.py): started\n[CI/Python 3.6 ubuntu-latest x64-1]   |   Building wheel for crochet (setup.py): finished with status 'done'\n[CI/Python 3.6 ubuntu-latest x64-1]   |   Created wheel for crochet: filename=crochet-2.0.0+2.gdeea55f-py3-none-any.whl size=31974 sha256=9d29a41b190a3ebd106b73c9d490f0e8ccabb7d0ea9ee922176ff029c38fb522\n[CI/Python 3.6 ubuntu-latest x64-1]   |   Stored in directory: /home/runneradmin/.cache/pip/wheels/67/c5/3d/2507c2a5092b7fa0ab7c2c2980c7b1b5eb89f148bcc3a77763\n[CI/Python 3.6 ubuntu-latest x64-1]   | Successfully built crochet\n[CI/Python 3.6 ubuntu-latest x64-1]   | Installing collected packages: crochet\n[CI/Python 3.6 ubuntu-latest x64-1]   |   Attempting uninstall: crochet\n[CI/Python 3.6 ubuntu-latest x64-1]   |     Found existing installation: crochet 2.0.0+2.gdeea55f\n[CI/Python 3.6 ubuntu-latest x64-1]   |     Uninstalling crochet-2.0.0+2.gdeea55f:\n[CI/Python 3.6 ubuntu-latest x64-1]   |       Successfully uninstalled crochet-2.0.0+2.gdeea55f\n[CI/Python 3.6 ubuntu-latest x64-1]   | Successfully installed crochet-2.0.0+2.gdeea55f\n[CI/Python 3.6 ubuntu-latest x64-1]   | py36 run-test: commands[2] | /tmp/de65f406-fe28-11ed-a890-af2cc187fc11/itamarst-crochet/.tox/py36/bin/python -m unittest discover -v crochet.tests\n[CI/Python 3.6 ubuntu-latest x64-1]   | test_cancel (crochet.tests.test_api.EventualResultTests)\n[CI/Python 3.6 ubuntu-latest x64-1]   | test_cancel ... ok\n[CI/Python 3.6 ubuntu-latest x64-1]   | test_connect_deferred (crochet.tests.test_api.EventualResultTests)\n[CI/Python 3.6 ubuntu-latest x64-1]   | test_connect_deferred ... ok\n[CI/Python 3.6 ubuntu-latest x64-1]   | test_control_c_is_possible (crochet.tests.test_api.EventualResultTests)\n[CI/Python 3.6 ubuntu-latest x64-1]   | test_control_c_is_possible ... ok\n[CI/Python 3.6 ubuntu-latest x64-1]   | test_error_after_gc_logged (crochet.tests.test_api.EventualResultTests)\n[CI/Python 3.6 ubuntu-latest x64-1]   | test_error_after_gc_logged ... Unhandled error in EventualResult\n[CI/Python 3.6 ubuntu-latest x64-1]   | Traceback (most recent call last):\n[CI/Python 3.6 ubuntu-latest x64-1]   | Failure: builtins.ZeroDivisionError: \n[CI/Python 3.6 ubuntu-latest x64-1]   | \n[CI/Python 3.6 ubuntu-latest x64-1]   | ok\n[CI/Python 3.6 ubuntu-latest x64-1]   | test_error_logged_no_wait (crochet.tests.test_api.EventualResultTests)\n[CI/Python 3.6 ubuntu-latest x64-1]   | test_error_logged_no_wait ... Unhandled error in EventualResult\n[CI/Python 3.6 ubuntu-latest x64-1]   | Traceback (most recent call last):\n[CI/Python 3.6 ubuntu-latest x64-1]   | Failure: builtins.ZeroDivisionError: \n[CI/Python 3.6 ubuntu-latest x64-1]   | \n[CI/Python 3.6 ubuntu-latest x64-1]   | ok\n[CI/Python 3.6 ubuntu-latest x64-1]   | test_error_logged_wait_timeout (crochet.tests.test_api.EventualResultTests)\n[CI/Python 3.6 ubuntu-latest x64-1]   | test_error_logged_wait_timeout ... Unhandled error in EventualResult\n[CI/Python 3.6 ubuntu-latest x64-1]   | Traceback (most recent call last):\n[CI/Python 3.6 ubuntu-latest x64-1]   | Failure: builtins.ZeroDivisionError: \n[CI/Python 3.6 ubuntu-latest x64-1]   | \n[CI/Python 3.6 ubuntu-latest x64-1]   | ok\n[CI/Python 3.6 ubuntu-latest x64-1]   | test_failure_result (crochet.tests.test_api.EventualResultTests)\n[CI/Python 3.6 ubuntu-latest x64-1]   | test_failure_result ... ok\n[CI/Python 3.6 ubuntu-latest x64-1]   | test_failure_result_twice (crochet.tests.test_api.EventualResultTests)\n[CI/Python 3.6 ubuntu-latest x64-1]   | test_failure_result_twice ... ok\n[CI/Python 3.6 ubuntu-latest x64-1]   | test_immediate_cancel (crochet.tests.test_api.EventualResultTests)\n[CI/Python 3.6 ubuntu-latest x64-1]   | test_immediate_cancel ... ok\n[CI/Python 3.6 ubuntu-latest x64-1]   | test_later_failure_result (crochet.tests.test_api.EventualResultTests)\n[CI/Python 3.6 ubuntu-latest x64-1]   | test_later_failure_result ... ok\n[CI/Python 3.6 ubuntu-latest x64-1]   | test_later_success_result (crochet.tests.test_api.EventualResultTests)\n[CI/Python 3.6 ubuntu-latest x64-1]   | test_later_success_result ... ok\n[CI/Python 3.6 ubuntu-latest x64-1]   | test_noWaitingDuringImport (crochet.tests.test_api.EventualResultTests)\n[CI/Python 3.6 ubuntu-latest x64-1]   | test_noWaitingDuringImport ... skipped 'This test is too fragile (and insufficient) on Python 3 - see https://github.com/itamarst/crochet/issues/43'\n[CI/Python 3.6 ubuntu-latest x64-1]   | test_original_failure (crochet.tests.test_api.EventualResultTests)\n[CI/Python 3.6 ubuntu-latest x64-1]   | test_original_failure ... ok\n[CI/Python 3.6 ubuntu-latest x64-1]   | test_original_failure_no_result (crochet.tests.test_api.EventualResultTests)\n[CI/Python 3.6 ubuntu-latest x64-1]   | test_original_failure_no_result ... ok\n[CI/Python 3.6 ubuntu-latest x64-1]   | test_original_failure_not_error (crochet.tests.test_api.EventualResultTests)\n[CI/Python 3.6 ubuntu-latest x64-1]   | test_original_failure_not_error ... ok\n[CI/Python 3.6 ubuntu-latest x64-1]   | test_reactor_stop_unblocks_EventualResult (crochet.tests.test_api.EventualResultTests)\n[CI/Python 3.6 ubuntu-latest x64-1]   | test_reactor_stop_unblocks_EventualResult ... ok\n[CI/Python 3.6 ubuntu-latest x64-1]   | test_reactor_stop_unblocks_EventualResult_in_threadpool (crochet.tests.test_api.EventualResultTests)\n[CI/Python 3.6 ubuntu-latest x64-1]   | test_reactor_stop_unblocks_EventualResult_in_threadpool ... ok\n[CI/Python 3.6 ubuntu-latest x64-1]   | test_reactor_thread_disallowed (crochet.tests.test_api.EventualResultTests)\n[CI/Python 3.6 ubuntu-latest x64-1]   | test_reactor_thread_disallowed ... ok\n[CI/Python 3.6 ubuntu-latest x64-1]   | test_stash (crochet.tests.test_api.EventualResultTests)\n[CI/Python 3.6 ubuntu-latest x64-1]   | test_stash ... ok\n[CI/Python 3.6 ubuntu-latest x64-1]   | test_success_result (crochet.tests.test_api.EventualResultTests)\n[CI/Python 3.6 ubuntu-latest x64-1]   | test_success_result ... ok\n[CI/Python 3.6 ubuntu-latest x64-1]   | test_success_result_twice (crochet.tests.test_api.EventualResultTests)\n[CI/Python 3.6 ubuntu-latest x64-1]   | test_success_result_twice ... ok\n[CI/Python 3.6 ubuntu-latest x64-1]   | test_timeout (crochet.tests.test_api.EventualResultTests)\n[CI/Python 3.6 ubuntu-latest x64-1]   | test_timeout ... ok\n[CI/Python 3.6 ubuntu-latest x64-1]   | test_timeout_then_result (crochet.tests.test_api.EventualResultTests)\n[CI/Python 3.6 ubuntu-latest x64-1]   | test_timeout_then_result ... ok\n[CI/Python 3.6 ubuntu-latest x64-1]   | test_timeout_twice (crochet.tests.test_api.EventualResultTests)\n[CI/Python 3.6 ubuntu-latest x64-1]   | test_timeout_twice ... ok\n[CI/Python 3.6 ubuntu-latest x64-1]   | test_waiting_during_different_thread_importing (crochet.tests.test_api.EventualResultTests)\n[CI/Python 3.6 ubuntu-latest x64-1]   | test_waiting_during_different_thread_importing ... ok\n[CI/Python 3.6 ubuntu-latest x64-1]   | test_eventloop_api (crochet.tests.test_api.PublicAPITests)\n[CI/Python 3.6 ubuntu-latest x64-1]   | test_eventloop_api ... ok\n[CI/Python 3.6 ubuntu-latest x64-1]   | test_eventloop_api_reactor (crochet.tests.test_api.PublicAPITests)\n[CI/Python 3.6 ubuntu-latest x64-1]   | test_eventloop_api_reactor ... ok\n[CI/Python 3.6 ubuntu-latest x64-1]   | test_no_sideeffects (crochet.tests.test_api.PublicAPITests)\n[CI/Python 3.6 ubuntu-latest x64-1]   | test_no_sideeffects ... ok\n[CI/Python 3.6 ubuntu-latest x64-1]   | test_reapAllProcesses (crochet.tests.test_api.PublicAPITests)\n[CI/Python 3.6 ubuntu-latest x64-1]   | test_reapAllProcesses ... ok\n[CI/Python 3.6 ubuntu-latest x64-1]   | test_retrieve_result (crochet.tests.test_api.PublicAPITests)\n[CI/Python 3.6 ubuntu-latest x64-1]   | test_retrieve_result ... ok\n[CI/Python 3.6 ubuntu-latest x64-1]   | test_runs_with_lock (crochet.tests.test_api.ResultRegistryTests)\n[CI/Python 3.6 ubuntu-latest x64-1]   | test_runs_with_lock ... ok\n[CI/Python 3.6 ubuntu-latest x64-1]   | test_stopped_already_have_result (crochet.tests.test_api.ResultRegistryTests)\n[CI/Python 3.6 ubuntu-latest x64-1]   | test_stopped_already_have_result ... ok\n[CI/Python 3.6 ubuntu-latest x64-1]   | test_stopped_new_registration (crochet.tests.test_api.ResultRegistryTests)\n[CI/Python 3.6 ubuntu-latest x64-1]   | test_stopped_new_registration ... ok\n[CI/Python 3.6 ubuntu-latest x64-1]   | test_stopped_registered (crochet.tests.test_api.ResultRegistryTests)\n[CI/Python 3.6 ubuntu-latest x64-1]   | test_stopped_registered ... ok\n[CI/Python 3.6 ubuntu-latest x64-1]   | test_weakref (crochet.tests.test_api.ResultRegistryTests)\n[CI/Python 3.6 ubuntu-latest x64-1]   | test_weakref ... ok\n[CI/Python 3.6 ubuntu-latest x64-1]   | test_async_function (crochet.tests.test_api.RunInReactorTests)\n[CI/Python 3.6 ubuntu-latest x64-1]   | test_async_function ... ok\n[CI/Python 3.6 ubuntu-latest x64-1]   | test_classmethod (crochet.tests.test_api.RunInReactorTests)\n[CI/Python 3.6 ubuntu-latest x64-1]   | test_classmethod ... ok\n[CI/Python 3.6 ubuntu-latest x64-1]   | test_deferred_failure_result (crochet.tests.test_api.RunInReactorTests)\n[CI/Python 3.6 ubuntu-latest x64-1]   | test_deferred_failure_result ... ok\n[CI/Python 3.6 ubuntu-latest x64-1]   | test_deferred_success_result (crochet.tests.test_api.RunInReactorTests)\n[CI/Python 3.6 ubuntu-latest x64-1]   | test_deferred_success_result ... ok\n[CI/Python 3.6 ubuntu-latest x64-1]   | test_exception_result (crochet.tests.test_api.RunInReactorTests)\n[CI/Python 3.6 ubuntu-latest x64-1]   | test_exception_result ... ok\n[CI/Python 3.6 ubuntu-latest x64-1]   | test_method (crochet.tests.test_api.RunInReactorTests)\n[CI/Python 3.6 ubuntu-latest x64-1]   | test_method ... ok\n[CI/Python 3.6 ubuntu-latest x64-1]   | test_name (crochet.tests.test_api.RunInReactorTests)\n[CI/Python 3.6 ubuntu-latest x64-1]   | test_name ... ok\n[CI/Python 3.6 ubuntu-latest x64-1]   | test_registry (crochet.tests.test_api.RunInReactorTests)\n[CI/Python 3.6 ubuntu-latest x64-1]   | test_registry ... ok\n[CI/Python 3.6 ubuntu-latest x64-1]   | test_regular_result (crochet.tests.test_api.RunInReactorTests)\n[CI/Python 3.6 ubuntu-latest x64-1]   | test_regular_result ... ok\n[CI/Python 3.6 ubuntu-latest x64-1]   | test_run_in_reactor_thread (crochet.tests.test_api.RunInReactorTests)\n[CI/Python 3.6 ubuntu-latest x64-1]   | test_run_in_reactor_thread ... ok\n[CI/Python 3.6 ubuntu-latest x64-1]   | test_signature (crochet.tests.test_api.RunInReactorTests)\n[CI/Python 3.6 ubuntu-latest x64-1]   | test_signature ... ok\n[CI/Python 3.6 ubuntu-latest x64-1]   | test_wrap_method (crochet.tests.test_api.RunInReactorTests)\n[CI/Python 3.6 ubuntu-latest x64-1]   | test_wrap_method ... ok\n[CI/Python 3.6 ubuntu-latest x64-1]   | test_wrapped_function (crochet.tests.test_api.RunInReactorTests)\n[CI/Python 3.6 ubuntu-latest x64-1]   | test_wrapped_function ... ok\n[CI/Python 3.6 ubuntu-latest x64-1]   | runTest (twisted.trial._asynctest.TestCase)\n[CI/Python 3.6 ubuntu-latest x64-1]   | runTest ... ok\n[CI/Python 3.6 ubuntu-latest x64-1]   | test_arguments (crochet.tests.test_api.WaitTests)\n[CI/Python 3.6 ubuntu-latest x64-1]   | test_arguments ... ok\n[CI/Python 3.6 ubuntu-latest x64-1]   | test_async_function (crochet.tests.test_api.WaitTests)\n[CI/Python 3.6 ubuntu-latest x64-1]   | test_async_function ... ok\n[CI/Python 3.6 ubuntu-latest x64-1]   | test_classmethod (crochet.tests.test_api.WaitTests)\n[CI/Python 3.6 ubuntu-latest x64-1]   | test_classmethod ... ok\n[CI/Python 3.6 ubuntu-latest x64-1]   | test_control_c_is_possible (crochet.tests.test_api.WaitTests)\n[CI/Python 3.6 ubuntu-latest x64-1]   | test_control_c_is_possible ... ok\n[CI/Python 3.6 ubuntu-latest x64-1]   | test_deferred_failure_result (crochet.tests.test_api.WaitTests)\n[CI/Python 3.6 ubuntu-latest x64-1]   | test_deferred_failure_result ... ok\n[CI/Python 3.6 ubuntu-latest x64-1]   | test_deferred_success_result (crochet.tests.test_api.WaitTests)\n[CI/Python 3.6 ubuntu-latest x64-1]   | test_deferred_success_result ... ok\n[CI/Python 3.6 ubuntu-latest x64-1]   | test_exception_result (crochet.tests.test_api.WaitTests)\n[CI/Python 3.6 ubuntu-latest x64-1]   | test_exception_result ... ok\n[CI/Python 3.6 ubuntu-latest x64-1]   | test_name (crochet.tests.test_api.WaitTests)\n[CI/Python 3.6 ubuntu-latest x64-1]   | test_name ... ok\n[CI/Python 3.6 ubuntu-latest x64-1]   | test_reactor_stop_unblocks (crochet.tests.test_api.WaitTests)\n[CI/Python 3.6 ubuntu-latest x64-1]   | test_reactor_stop_unblocks ... ok\n[CI/Python 3.6 ubuntu-latest x64-1]   | test_reactor_thread_disallowed (crochet.tests.test_api.WaitTests)\n[CI/Python 3.6 ubuntu-latest x64-1]   | test_reactor_thread_disallowed ... ok\n[CI/Python 3.6 ubuntu-latest x64-1]   | test_regular_result (crochet.tests.test_api.WaitTests)\n[CI/Python 3.6 ubuntu-latest x64-1]   | test_regular_result ... ok\n[CI/Python 3.6 ubuntu-latest x64-1]   | test_signature (crochet.tests.test_api.WaitTests)\n[CI/Python 3.6 ubuntu-latest x64-1]   | test_signature ... ok\n[CI/Python 3.6 ubuntu-latest x64-1]   | test_timeoutCancels (crochet.tests.test_api.WaitTests)\n[CI/Python 3.6 ubuntu-latest x64-1]   | test_timeoutCancels ... ok\n[CI/Python 3.6 ubuntu-latest x64-1]   | test_timeoutRaises (crochet.tests.test_api.WaitTests)\n[CI/Python 3.6 ubuntu-latest x64-1]   | test_timeoutRaises ... ok\n[CI/Python 3.6 ubuntu-latest x64-1]   | test_wait_for_reactor_thread (crochet.tests.test_api.WaitTests)\n[CI/Python 3.6 ubuntu-latest x64-1]   | test_wait_for_reactor_thread ... ok\n[CI/Python 3.6 ubuntu-latest x64-1]   | test_wrapped_function (crochet.tests.test_api.WaitTests)\n[CI/Python 3.6 ubuntu-latest x64-1]   | test_wrapped_function ... ok\n[CI/Python 3.6 ubuntu-latest x64-1]   | runTest (twisted.trial._synctest.SynchronousTestCase)\n[CI/Python 3.6 ubuntu-latest x64-1]   | runTest ... ok\n[CI/Python 3.6 ubuntu-latest x64-1]   | test_emit (crochet.tests.test_logging.ThreadLogObserverTest)\n[CI/Python 3.6 ubuntu-latest x64-1]   | test_emit ... ok\n[CI/Python 3.6 ubuntu-latest x64-1]   | test_errors (crochet.tests.test_logging.ThreadLogObserverTest)\n[CI/Python 3.6 ubuntu-latest x64-1]   | test_errors ... ok\n[CI/Python 3.6 ubuntu-latest x64-1]   | test_ioThreadUnchanged (crochet.tests.test_logging.ThreadLogObserverTest)\n[CI/Python 3.6 ubuntu-latest x64-1]   | test_ioThreadUnchanged ... ok\n[CI/Python 3.6 ubuntu-latest x64-1]   | test_stop (crochet.tests.test_logging.ThreadLogObserverTest)\n[CI/Python 3.6 ubuntu-latest x64-1]   | test_stop ... ok\n[CI/Python 3.6 ubuntu-latest x64-1]   | test_eventual_result_cancel_signature (crochet.tests.test_mypy.MypyTests) ... ok\n[CI/Python 3.6 ubuntu-latest x64-1]   | test_eventual_result_original_failure_signature (crochet.tests.test_mypy.MypyTests) ... ok\n[CI/Python 3.6 ubuntu-latest x64-1]   | test_eventual_result_stash_signature (crochet.tests.test_mypy.MypyTests) ... ok\n[CI/Python 3.6 ubuntu-latest x64-1]   | test_eventual_result_wait_signature (crochet.tests.test_mypy.MypyTests) ... ok\n[CI/Python 3.6 ubuntu-latest x64-1]   | test_exceptions (crochet.tests.test_mypy.MypyTests) ... ok\n[CI/Python 3.6 ubuntu-latest x64-1]   | test_mypy_working (crochet.tests.test_mypy.MypyTests) ... ok\n[CI/Python 3.6 ubuntu-latest x64-1]   | test_retrieve_result_returns_untyped_eventual_result (crochet.tests.test_mypy.MypyTests) ... ok\n[CI/Python 3.6 ubuntu-latest x64-1]   | test_run_in_reactor_func_returns_typed_eventual (crochet.tests.test_mypy.MypyTests) ... ok\n[CI/Python 3.6 ubuntu-latest x64-1]   | test_run_in_reactor_func_signature_transform (crochet.tests.test_mypy.MypyTests) ... ok\n[CI/Python 3.6 ubuntu-latest x64-1]   | test_run_in_reactor_func_takes_same_args (crochet.tests.test_mypy.MypyTests) ... ok\n[CI/Python 3.6 ubuntu-latest x64-1]   | test_setup_no_args (crochet.tests.test_mypy.MypyTests) ... ok\n[CI/Python 3.6 ubuntu-latest x64-1]   | test_version_string (crochet.tests.test_mypy.MypyTests) ... ok\n[CI/Python 3.6 ubuntu-latest x64-1]   | test_wait_for_func_signature_unchanged (crochet.tests.test_mypy.MypyTests) ... ok\n[CI/Python 3.6 ubuntu-latest x64-1]   | test_wait_for_signature (crochet.tests.test_mypy.MypyTests) ... ok\n[CI/Python 3.6 ubuntu-latest x64-1]   | test_processExit (crochet.tests.test_process.ProcessTests)\n[CI/Python 3.6 ubuntu-latest x64-1]   | test_processExit ... ok\n[CI/Python 3.6 ubuntu-latest x64-1]   | /opt/hostedtoolcache/Python/3.6.14/x64/lib/python3.6/subprocess.py:786: ResourceWarning: subprocess 231 is still running\n[CI/Python 3.6 ubuntu-latest x64-1]   |   ResourceWarning, source=self)\n[CI/Python 3.6 ubuntu-latest x64-1]   | /tmp/de65f406-fe28-11ed-a890-af2cc187fc11/itamarst-crochet/.tox/py36/lib/python3.6/site-packages/twisted/internet/utils.py:223: ResourceWarning: unclosed file <_io.BufferedReader name=6>\n[CI/Python 3.6 ubuntu-latest x64-1]   |   result = f(*a, **kw)\n[CI/Python 3.6 ubuntu-latest x64-1]   | runTest (twisted.trial._asynctest.TestCase)\n[CI/Python 3.6 ubuntu-latest x64-1]   | runTest ... ok\n[CI/Python 3.6 ubuntu-latest x64-1]   | test_log_errors (crochet.tests.test_resultstore.ResultStoreTests)\n[CI/Python 3.6 ubuntu-latest x64-1]   | test_log_errors ... Unhandled error in stashed EventualResult:\n[CI/Python 3.6 ubuntu-latest x64-1]   | Traceback (most recent call last):\n[CI/Python 3.6 ubuntu-latest x64-1]   | Failure: builtins.ZeroDivisionError: \n[CI/Python 3.6 ubuntu-latest x64-1]   | \n[CI/Python 3.6 ubuntu-latest x64-1]   | Unhandled error in stashed EventualResult:\n[CI/Python 3.6 ubuntu-latest x64-1]   | Traceback (most recent call last):\n[CI/Python 3.6 ubuntu-latest x64-1]   | Failure: builtins.RuntimeError: \n[CI/Python 3.6 ubuntu-latest x64-1]   | \n[CI/Python 3.6 ubuntu-latest x64-1]   | ok\n[CI/Python 3.6 ubuntu-latest x64-1]   | test_retrieve_only_once (crochet.tests.test_resultstore.ResultStoreTests)\n[CI/Python 3.6 ubuntu-latest x64-1]   | test_retrieve_only_once ... ok\n[CI/Python 3.6 ubuntu-latest x64-1]   | test_store_and_retrieve (crochet.tests.test_resultstore.ResultStoreTests)\n[CI/Python 3.6 ubuntu-latest x64-1]   | test_store_and_retrieve ... ok\n[CI/Python 3.6 ubuntu-latest x64-1]   | test_synchronized (crochet.tests.test_resultstore.ResultStoreTests)\n[CI/Python 3.6 ubuntu-latest x64-1]   | test_synchronized ... ok\n[CI/Python 3.6 ubuntu-latest x64-1]   | test_uniqueness (crochet.tests.test_resultstore.ResultStoreTests)\n[CI/Python 3.6 ubuntu-latest x64-1]   | test_uniqueness ... ok\n[CI/Python 3.6 ubuntu-latest x64-1]   | runTest (twisted.trial._asynctest.TestCase)\n[CI/Python 3.6 ubuntu-latest x64-1]   | runTest ... ok\n[CI/Python 3.6 ubuntu-latest x64-1]   | test_new_logging (crochet.tests.test_setup.LoggingTests) ... ok\n[CI/Python 3.6 ubuntu-latest x64-1]   | test_old_logging (crochet.tests.test_setup.LoggingTests) ... skipped 'This test is for Twisted < 15.2.'\n[CI/Python 3.6 ubuntu-latest x64-1]   | test_non_posix (crochet.tests.test_setup.ProcessSetupTests) ... skipped 'This test is for non-POSIX systems.'\n[CI/Python 3.6 ubuntu-latest x64-1]   | test_posix (crochet.tests.test_setup.ProcessSetupTests) ... ok\n[CI/Python 3.6 ubuntu-latest x64-1]   | test_crochet_import_no_reactor (crochet.tests.test_setup.ReactorImportTests) ... ok\n[CI/Python 3.6 ubuntu-latest x64-1]   | test_first_runs_reactor (crochet.tests.test_setup.SetupTests) ... ok\n[CI/Python 3.6 ubuntu-latest x64-1]   | test_logging (crochet.tests.test_setup.SetupTests) ... ok\n[CI/Python 3.6 ubuntu-latest x64-1]   | test_no_setup (crochet.tests.test_setup.SetupTests) ... ok\n[CI/Python 3.6 ubuntu-latest x64-1]   | test_no_setup_after_setup (crochet.tests.test_setup.SetupTests) ... ok\n[CI/Python 3.6 ubuntu-latest x64-1]   | test_no_setup_registry_shutdown (crochet.tests.test_setup.SetupTests) ... ok\n[CI/Python 3.6 ubuntu-latest x64-1]   | test_runs_with_lock (crochet.tests.test_setup.SetupTests) ... ok\n[CI/Python 3.6 ubuntu-latest x64-1]   | test_second_does_nothing (crochet.tests.test_setup.SetupTests) ... ok\n[CI/Python 3.6 ubuntu-latest x64-1]   | test_setup_registry_shutdown (crochet.tests.test_setup.SetupTests) ... ok\n[CI/Python 3.6 ubuntu-latest x64-1]   | test_start_watchdog_thread (crochet.tests.test_setup.SetupTests) ... ok\n[CI/Python 3.6 ubuntu-latest x64-1]   | test_stop_logging_on_exit (crochet.tests.test_setup.SetupTests) ... ok\n[CI/Python 3.6 ubuntu-latest x64-1]   | test_stop_on_exit (crochet.tests.test_setup.SetupTests) ... ok\n[CI/Python 3.6 ubuntu-latest x64-1]   | test_warnings_untouched (crochet.tests.test_setup.SetupTests) ... ok\n[CI/Python 3.6 ubuntu-latest x64-1]   | test_called (crochet.tests.test_shutdown.FunctionRegistryTests)\n[CI/Python 3.6 ubuntu-latest x64-1]   | test_called ... ok\n[CI/Python 3.6 ubuntu-latest x64-1]   | test_log_errors (crochet.tests.test_shutdown.FunctionRegistryTests)\n[CI/Python 3.6 ubuntu-latest x64-1]   | test_log_errors ... Unhandled Error\n[CI/Python 3.6 ubuntu-latest x64-1]   | Traceback (most recent call last):\n[CI/Python 3.6 ubuntu-latest x64-1]   |   File \"/tmp/de65f406-fe28-11ed-a890-af2cc187fc11/itamarst-crochet/.tox/py36/lib/python3.6/site-packages/twisted/trial/_asynctest.py\", line 121, in _run\n[CI/Python 3.6 ubuntu-latest x64-1]   |     utils.runWithWarningsSuppressed, self._getSuppress(), method\n[CI/Python 3.6 ubuntu-latest x64-1]   |   File \"/tmp/de65f406-fe28-11ed-a890-af2cc187fc11/itamarst-crochet/.tox/py36/lib/python3.6/site-packages/twisted/internet/defer.py\", line 190, in maybeDeferred\n[CI/Python 3.6 ubuntu-latest x64-1]   |     result = f(*args, **kwargs)\n[CI/Python 3.6 ubuntu-latest x64-1]   |   File \"/tmp/de65f406-fe28-11ed-a890-af2cc187fc11/itamarst-crochet/.tox/py36/lib/python3.6/site-packages/twisted/internet/utils.py\", line 223, in runWithWarningsSuppressed\n[CI/Python 3.6 ubuntu-latest x64-1]   |     result = f(*a, **kw)\n[CI/Python 3.6 ubuntu-latest x64-1]   |   File \"/tmp/de65f406-fe28-11ed-a890-af2cc187fc11/itamarst-crochet/crochet/tests/test_shutdown.py\", line 122, in test_log_errors\n[CI/Python 3.6 ubuntu-latest x64-1]   |     registry.run()\n[CI/Python 3.6 ubuntu-latest x64-1]   | --- <exception caught here> ---\n[CI/Python 3.6 ubuntu-latest x64-1]   |   File \"/tmp/de65f406-fe28-11ed-a890-af2cc187fc11/itamarst-crochet/crochet/_shutdown.py\", line 52, in run\n[CI/Python 3.6 ubuntu-latest x64-1]   |     f()\n[CI/Python 3.6 ubuntu-latest x64-1]   |   File \"/tmp/de65f406-fe28-11ed-a890-af2cc187fc11/itamarst-crochet/crochet/_shutdown.py\", line 44, in <lambda>\n[CI/Python 3.6 ubuntu-latest x64-1]   |     self._functions.append(lambda: f(*args, **kwargs))\n[CI/Python 3.6 ubuntu-latest x64-1]   |   File \"/tmp/de65f406-fe28-11ed-a890-af2cc187fc11/itamarst-crochet/crochet/tests/test_shutdown.py\", line 120, in <lambda>\n[CI/Python 3.6 ubuntu-latest x64-1]   |     registry.register(lambda: 1 / 0)\n[CI/Python 3.6 ubuntu-latest x64-1]   | builtins.ZeroDivisionError: division by zero\n[CI/Python 3.6 ubuntu-latest x64-1]   | \n[CI/Python 3.6 ubuntu-latest x64-1]   | ok\n[CI/Python 3.6 ubuntu-latest x64-1]   | test_api (crochet.tests.test_shutdown.ShutdownTests)\n[CI/Python 3.6 ubuntu-latest x64-1]   | test_api ... ok\n[CI/Python 3.6 ubuntu-latest x64-1]   | test_shutdown (crochet.tests.test_shutdown.ShutdownTests)\n[CI/Python 3.6 ubuntu-latest x64-1]   | test_shutdown ... ok\n[CI/Python 3.6 ubuntu-latest x64-1]   | /tmp/de65f406-fe28-11ed-a890-af2cc187fc11/itamarst-crochet/.tox/py36/lib/python3.6/site-packages/twisted/internet/utils.py:223: ResourceWarning: unclosed file <_io.BufferedReader name=23>\n[CI/Python 3.6 ubuntu-latest x64-1]   |   result = f(*a, **kw)\n[CI/Python 3.6 ubuntu-latest x64-1]   | test_watchdog (crochet.tests.test_shutdown.ShutdownTests)\n[CI/Python 3.6 ubuntu-latest x64-1]   | test_watchdog ... ok\n[CI/Python 3.6 ubuntu-latest x64-1]   | runTest (twisted.trial._asynctest.TestCase)\n[CI/Python 3.6 ubuntu-latest x64-1]   | runTest ... ok\n[CI/Python 3.6 ubuntu-latest x64-1]   | test_marked (crochet.tests.test_util.SynchronizedTests)\n[CI/Python 3.6 ubuntu-latest x64-1]   | test_marked ... ok\n[CI/Python 3.6 ubuntu-latest x64-1]   | test_name (crochet.tests.test_util.SynchronizedTests)\n[CI/Python 3.6 ubuntu-latest x64-1]   | test_name ... ok\n[CI/Python 3.6 ubuntu-latest x64-1]   | test_raise (crochet.tests.test_util.SynchronizedTests)\n[CI/Python 3.6 ubuntu-latest x64-1]   | test_raise ... ok\n[CI/Python 3.6 ubuntu-latest x64-1]   | test_return (crochet.tests.test_util.SynchronizedTests)\n[CI/Python 3.6 ubuntu-latest x64-1]   | test_return ... ok\n[CI/Python 3.6 ubuntu-latest x64-1]   | runTest (twisted.trial._asynctest.TestCase)\n[CI/Python 3.6 ubuntu-latest x64-1]   | runTest ... ok\n[CI/Python 3.6 ubuntu-latest x64-1]   | \n[CI/Python 3.6 ubuntu-latest x64-1]   | ----------------------------------------------------------------------\n[CI/Python 3.6 ubuntu-latest x64-1]   | Ran 120 tests in 37.041s\n[CI/Python 3.6 ubuntu-latest x64-1]   | \n[CI/Python 3.6 ubuntu-latest x64-1]   | OK (skipped=3)\n[CI/Python 3.6 ubuntu-latest x64-1]   \u2753  ::endgroup::\n[CI/Python 3.6 ubuntu-latest x64-1]   | ___________________________________ summary ____________________________________\n[CI/Python 3.6 ubuntu-latest x64-1]   |   py36: commands succeeded\n[CI/Python 3.6 ubuntu-latest x64-1]   |   congratulations :)\n[CI/Python 3.6 ubuntu-latest x64-1]   \u2753  ::remove-matcher owner=tox-gh-actions-warning-error::\n[CI/Python 3.6 ubuntu-latest x64-1]   \u2753  ::remove-matcher owner=tox-gh-actions-deprecation-warning::\n[CI/Python 3.6 ubuntu-latest x64-1]   \u2705  Success - Main Run tox targets for 3.6\n[CI/Python 3.6 ubuntu-latest x64-1] \u2b50 Run Post actions/setup-python@v2\n[CI/Python 3.6 ubuntu-latest x64-1]   \ud83d\udc33  docker exec cmd=[node /var/run/act/actions/actions-setup-python@v2/dist/cache-save/index.js] user= workdir=\n[CI/Python 3.6 ubuntu-latest x64-1]   \u2705  Success - Post actions/setup-python@v2\n[CI/Python 3.6 ubuntu-latest x64-1] \ud83c\udfc1  Job failed\n",
    "actions_stderr": "Error: Job 'Python ${{ matrix.python-version }} ${{ matrix.platform }} ${{ matrix.architecture }}' failed\n"
}