{
    "repository": "jazzband/django-dbbackup",
    "clone_url": "https://github.com/jazzband/django-dbbackup.git",
    "timestamp": "2023-05-29T15:49:36.843048Z",
    "clone_success": true,
    "number of actions": 2,
    "number_of_test_actions": 1,
    "actions_successful": false,
    "actions_stdout": "[Test/build] \ud83d\ude80  Start image=crawlergpt:latest\n[Test/build]   \ud83d\udc33  docker pull image=crawlergpt:latest platform= username= forcePull=false\n[Test/build]   \ud83d\udc33  docker create image=crawlergpt:latest platform= entrypoint=[\"tail\" \"-f\" \"/dev/null\"] cmd=[]\n[Test/build]   \ud83d\udc33  docker run image=crawlergpt:latest platform= entrypoint=[\"tail\" \"-f\" \"/dev/null\"] cmd=[]\n[Test/build]   \ud83d\udc33  docker exec cmd=[chown -R 1012:1000 /tmp/de65f406-fe28-11ed-a890-af2cc187fc11/jazzband-django-dbbackup] user=0 workdir=\n[Test/build]   \u2601  git clone 'https://github.com/actions/setup-python' # ref=v2\n[Test/build]   \u2601  git clone 'https://github.com/codecov/codecov-action' # ref=v1\n[Test/build] \ud83e\uddea  Matrix: map[python-version:3.7]\n[Test/build] \u2b50 Run Main actions/checkout@v2\n[Test/build]   \u2705  Success - Main actions/checkout@v2\n[Test/build] \u2b50 Run Main Set up Python 3.7\n[Test/build]   \ud83d\udc33  docker cp src=/home/andre-silva/.cache/act/actions-setup-python@v2/ dst=/var/run/act/actions/actions-setup-python@v2/\n[Test/build]   \ud83d\udc33  docker exec cmd=[chown -R 1012:1000 /var/run/act/actions/actions-setup-python@v2/] user=0 workdir=\n[Test/build]   \ud83d\udc33  docker exec cmd=[node /var/run/act/actions/actions-setup-python@v2/dist/setup/index.js] user= workdir=\n[Test/build]   \ud83d\udcac  ::debug::Semantic version spec of 3.7 is 3.7\n[Test/build]   \ud83d\udcac  ::debug::isExplicit: \n[Test/build]   \ud83d\udcac  ::debug::explicit? false\n[Test/build]   \ud83d\udcac  ::debug::isExplicit: 2.7.18\n[Test/build]   \ud83d\udcac  ::debug::explicit? true\n[Test/build]   \ud83d\udcac  ::debug::isExplicit: 3.5.10\n[Test/build]   \ud83d\udcac  ::debug::explicit? true\n[Test/build]   \ud83d\udcac  ::debug::isExplicit: 3.6.14\n[Test/build]   \ud83d\udcac  ::debug::explicit? true\n[Test/build]   \ud83d\udcac  ::debug::isExplicit: 3.7.11\n[Test/build]   \ud83d\udcac  ::debug::explicit? true\n[Test/build]   \ud83d\udcac  ::debug::isExplicit: 3.8.11\n[Test/build]   \ud83d\udcac  ::debug::explicit? true\n[Test/build]   \ud83d\udcac  ::debug::isExplicit: 3.9.6\n[Test/build]   \ud83d\udcac  ::debug::explicit? true\n[Test/build]   \ud83d\udcac  ::debug::evaluating 6 versions\n[Test/build]   \ud83d\udcac  ::debug::matched: 3.7.11\n[Test/build]   \ud83d\udcac  ::debug::checking cache: /opt/hostedtoolcache/Python/3.7.11/x64\n[Test/build]   \ud83d\udcac  ::debug::Found tool in cache Python 3.7.11 x64\n[Test/build]   | Successfully setup CPython (3.7.11)\n[Test/build]   \u2753 add-matcher /run/act/actions/actions-setup-python@v2/.github/python.json\n[Test/build]   \u2705  Success - Main Set up Python 3.7\n[Test/build]   \u2699  ::set-env:: pythonLocation=/opt/hostedtoolcache/Python/3.7.11/x64\n[Test/build]   \u2699  ::set-env:: LD_LIBRARY_PATH=/opt/hostedtoolcache/Python/3.7.11/x64/lib\n[Test/build]   \u2699  ::set-output:: python-version=3.7.11\n[Test/build]   \u2699  ::add-path:: /opt/hostedtoolcache/Python/3.7.11/x64\n[Test/build]   \u2699  ::add-path:: /opt/hostedtoolcache/Python/3.7.11/x64/bin\n[Test/build] \u2b50 Run Main Install dependencies\n[Test/build]   \ud83d\udc33  docker exec cmd=[bash --noprofile --norc -e -o pipefail /var/run/act/workflow/2] user= workdir=\n[Test/build]   | Requirement already satisfied: pip in /opt/hostedtoolcache/Python/3.7.11/x64/lib/python3.7/site-packages (21.2.4)\n[Test/build]   | Collecting pip\n[Test/build]   |   Downloading pip-23.1.2-py3-none-any.whl (2.1 MB)\n[Test/build]   | Installing collected packages: pip\n[Test/build]   |   Attempting uninstall: pip\n[Test/build]   |     Found existing installation: pip 21.2.4\n[Test/build]   |     Uninstalling pip-21.2.4:\n[Test/build]   |       Successfully uninstalled pip-21.2.4\n[Test/build]   | Successfully installed pip-23.1.2\n[Test/build]   | Collecting coverage (from -r requirements/tests.txt (line 1))\n[Test/build]   |   Downloading coverage-7.2.6-cp37-cp37m-manylinux_2_5_x86_64.manylinux1_x86_64.manylinux_2_17_x86_64.manylinux2014_x86_64.whl (225 kB)\n[Test/build]   |      \u2501\u2501\u2501\u2501\u2501\u2501\u2501\u2501\u2501\u2501\u2501\u2501\u2501\u2501\u2501\u2501\u2501\u2501\u2501\u2501\u2501\u2501\u2501\u2501\u2501\u2501\u2501\u2501\u2501\u2501\u2501\u2501\u2501\u2501\u2501\u2501\u2501\u2501\u2501 225.5/225.5 kB 6.7 MB/s eta 0:00:00\n[Test/build]   | Collecting django-storages (from -r requirements/tests.txt (line 2))\n[Test/build]   |   Downloading django_storages-1.13.2-py3-none-any.whl (46 kB)\n[Test/build]   |      \u2501\u2501\u2501\u2501\u2501\u2501\u2501\u2501\u2501\u2501\u2501\u2501\u2501\u2501\u2501\u2501\u2501\u2501\u2501\u2501\u2501\u2501\u2501\u2501\u2501\u2501\u2501\u2501\u2501\u2501\u2501\u2501\u2501\u2501\u2501\u2501\u2501\u2501\u2501\u2501 46.7/46.7 kB 5.7 MB/s eta 0:00:00\n[Test/build]   | Collecting flake8 (from -r requirements/tests.txt (line 3))\n[Test/build]   |   Downloading flake8-5.0.4-py2.py3-none-any.whl (61 kB)\n[Test/build]   |      \u2501\u2501\u2501\u2501\u2501\u2501\u2501\u2501\u2501\u2501\u2501\u2501\u2501\u2501\u2501\u2501\u2501\u2501\u2501\u2501\u2501\u2501\u2501\u2501\u2501\u2501\u2501\u2501\u2501\u2501\u2501\u2501\u2501\u2501\u2501\u2501\u2501\u2501\u2501\u2501 61.9/61.9 kB 6.8 MB/s eta 0:00:00\n[Test/build]   | Collecting mock (from -r requirements/tests.txt (line 4))\n[Test/build]   |   Downloading mock-5.0.2-py3-none-any.whl (30 kB)\n[Test/build]   | Collecting pep8 (from -r requirements/tests.txt (line 5))\n[Test/build]   |   Downloading pep8-1.7.1-py2.py3-none-any.whl (41 kB)\n[Test/build]   |      \u2501\u2501\u2501\u2501\u2501\u2501\u2501\u2501\u2501\u2501\u2501\u2501\u2501\u2501\u2501\u2501\u2501\u2501\u2501\u2501\u2501\u2501\u2501\u2501\u2501\u2501\u2501\u2501\u2501\u2501\u2501\u2501\u2501\u2501\u2501\u2501\u2501\u2501\u2501\u2501 41.5/41.5 kB 3.8 MB/s eta 0:00:00\n[Test/build]   | Collecting psycopg2 (from -r requirements/tests.txt (line 6))\n[Test/build]   |   Downloading psycopg2-2.9.6.tar.gz (383 kB)\n[Test/build]   |      \u2501\u2501\u2501\u2501\u2501\u2501\u2501\u2501\u2501\u2501\u2501\u2501\u2501\u2501\u2501\u2501\u2501\u2501\u2501\u2501\u2501\u2501\u2501\u2501\u2501\u2501\u2501\u2501\u2501\u2501\u2501\u2501\u2501\u2501\u2501\u2501\u2501\u2501 384.0/384.0 kB 18.2 MB/s eta 0:00:00\n[Test/build]   |   Installing build dependencies: started\n[Test/build]   |   Installing build dependencies: finished with status 'done'\n[Test/build]   |   Getting requirements to build wheel: started\n[Test/build]   |   Getting requirements to build wheel: finished with status 'done'\n[Test/build]   |   Preparing metadata (pyproject.toml): started\n[Test/build]   |   Preparing metadata (pyproject.toml): finished with status 'done'\n[Test/build]   | Collecting pylint (from -r requirements/tests.txt (line 7))\n[Test/build]   |   Downloading pylint-2.17.4-py3-none-any.whl (536 kB)\n[Test/build]   |      \u2501\u2501\u2501\u2501\u2501\u2501\u2501\u2501\u2501\u2501\u2501\u2501\u2501\u2501\u2501\u2501\u2501\u2501\u2501\u2501\u2501\u2501\u2501\u2501\u2501\u2501\u2501\u2501\u2501\u2501\u2501\u2501\u2501\u2501\u2501\u2501\u2501\u2501 536.6/536.6 kB 13.1 MB/s eta 0:00:00\n[Test/build]   | Collecting python-dotenv (from -r requirements/tests.txt (line 8))\n[Test/build]   |   Downloading python_dotenv-0.21.1-py3-none-any.whl (19 kB)\n[Test/build]   | Collecting python-gnupg>=0.5.0 (from -r requirements/tests.txt (line 9))\n[Test/build]   |   Downloading python_gnupg-0.5.0-py2.py3-none-any.whl (18 kB)\n[Test/build]   | Collecting pytz (from -r requirements/tests.txt (line 10))\n[Test/build]   |   Downloading pytz-2023.3-py2.py3-none-any.whl (502 kB)\n[Test/build]   |      \u2501\u2501\u2501\u2501\u2501\u2501\u2501\u2501\u2501\u2501\u2501\u2501\u2501\u2501\u2501\u2501\u2501\u2501\u2501\u2501\u2501\u2501\u2501\u2501\u2501\u2501\u2501\u2501\u2501\u2501\u2501\u2501\u2501\u2501\u2501\u2501\u2501\u2501\u2501 502.3/502.3 kB 7.2 MB/s eta 0:00:00\n[Test/build]   | Collecting testfixtures (from -r requirements/tests.txt (line 11))\n[Test/build]   |   Downloading testfixtures-7.1.0-py3-none-any.whl (102 kB)\n[Test/build]   |      \u2501\u2501\u2501\u2501\u2501\u2501\u2501\u2501\u2501\u2501\u2501\u2501\u2501\u2501\u2501\u2501\u2501\u2501\u2501\u2501\u2501\u2501\u2501\u2501\u2501\u2501\u2501\u2501\u2501\u2501\u2501\u2501\u2501\u2501\u2501\u2501\u2501\u2501 102.4/102.4 kB 10.7 MB/s eta 0:00:00\n[Test/build]   | Collecting tox (from -r requirements/tests.txt (line 12))\n[Test/build]   |   Downloading tox-4.5.2-py3-none-any.whl (148 kB)\n[Test/build]   |      \u2501\u2501\u2501\u2501\u2501\u2501\u2501\u2501\u2501\u2501\u2501\u2501\u2501\u2501\u2501\u2501\u2501\u2501\u2501\u2501\u2501\u2501\u2501\u2501\u2501\u2501\u2501\u2501\u2501\u2501\u2501\u2501\u2501\u2501\u2501\u2501\u2501\u2501 149.0/149.0 kB 18.9 MB/s eta 0:00:00\n[Test/build]   | Collecting tox-gh-actions (from -r requirements/tests.txt (line 13))\n[Test/build]   |   Downloading tox_gh_actions-3.1.1-py2.py3-none-any.whl (9.8 kB)\n[Test/build]   | Collecting Django>=3.2 (from django-storages->-r requirements/tests.txt (line 2))\n[Test/build]   |   Downloading Django-3.2.19-py3-none-any.whl (7.9 MB)\n[Test/build]   |      \u2501\u2501\u2501\u2501\u2501\u2501\u2501\u2501\u2501\u2501\u2501\u2501\u2501\u2501\u2501\u2501\u2501\u2501\u2501\u2501\u2501\u2501\u2501\u2501\u2501\u2501\u2501\u2501\u2501\u2501\u2501\u2501\u2501\u2501\u2501\u2501\u2501\u2501\u2501\u2501 7.9/7.9 MB 21.5 MB/s eta 0:00:00\n[Test/build]   | Collecting mccabe<0.8.0,>=0.7.0 (from flake8->-r requirements/tests.txt (line 3))\n[Test/build]   |   Downloading mccabe-0.7.0-py2.py3-none-any.whl (7.3 kB)\n[Test/build]   | Collecting pycodestyle<2.10.0,>=2.9.0 (from flake8->-r requirements/tests.txt (line 3))\n[Test/build]   |   Downloading pycodestyle-2.9.1-py2.py3-none-any.whl (41 kB)\n[Test/build]   |      \u2501\u2501\u2501\u2501\u2501\u2501\u2501\u2501\u2501\u2501\u2501\u2501\u2501\u2501\u2501\u2501\u2501\u2501\u2501\u2501\u2501\u2501\u2501\u2501\u2501\u2501\u2501\u2501\u2501\u2501\u2501\u2501\u2501\u2501\u2501\u2501\u2501\u2501\u2501\u2501 41.5/41.5 kB 1.2 MB/s eta 0:00:00\n[Test/build]   | Collecting pyflakes<2.6.0,>=2.5.0 (from flake8->-r requirements/tests.txt (line 3))\n[Test/build]   |   Downloading pyflakes-2.5.0-py2.py3-none-any.whl (66 kB)\n[Test/build]   |      \u2501\u2501\u2501\u2501\u2501\u2501\u2501\u2501\u2501\u2501\u2501\u2501\u2501\u2501\u2501\u2501\u2501\u2501\u2501\u2501\u2501\u2501\u2501\u2501\u2501\u2501\u2501\u2501\u2501\u2501\u2501\u2501\u2501\u2501\u2501\u2501\u2501\u2501\u2501\u2501 66.1/66.1 kB 1.6 MB/s eta 0:00:00\n[Test/build]   | Collecting importlib-metadata<4.3,>=1.1.0 (from flake8->-r requirements/tests.txt (line 3))\n[Test/build]   |   Downloading importlib_metadata-4.2.0-py3-none-any.whl (16 kB)\n[Test/build]   | Collecting platformdirs>=2.2.0 (from pylint->-r requirements/tests.txt (line 7))\n[Test/build]   |   Downloading platformdirs-3.5.1-py3-none-any.whl (15 kB)\n[Test/build]   | Collecting astroid<=2.17.0-dev0,>=2.15.4 (from pylint->-r requirements/tests.txt (line 7))\n[Test/build]   |   Downloading astroid-2.15.5-py3-none-any.whl (278 kB)\n[Test/build]   |      \u2501\u2501\u2501\u2501\u2501\u2501\u2501\u2501\u2501\u2501\u2501\u2501\u2501\u2501\u2501\u2501\u2501\u2501\u2501\u2501\u2501\u2501\u2501\u2501\u2501\u2501\u2501\u2501\u2501\u2501\u2501\u2501\u2501\u2501\u2501\u2501\u2501\u2501\u2501 278.1/278.1 kB 3.2 MB/s eta 0:00:00\n[Test/build]   | Collecting isort<6,>=4.2.5 (from pylint->-r requirements/tests.txt (line 7))\n[Test/build]   |   Downloading isort-5.11.5-py3-none-any.whl (104 kB)\n[Test/build]   |      \u2501\u2501\u2501\u2501\u2501\u2501\u2501\u2501\u2501\u2501\u2501\u2501\u2501\u2501\u2501\u2501\u2501\u2501\u2501\u2501\u2501\u2501\u2501\u2501\u2501\u2501\u2501\u2501\u2501\u2501\u2501\u2501\u2501\u2501\u2501\u2501\u2501\u2501\u2501 104.1/104.1 kB 2.2 MB/s eta 0:00:00\n[Test/build]   | Collecting tomlkit>=0.10.1 (from pylint->-r requirements/tests.txt (line 7))\n[Test/build]   |   Downloading tomlkit-0.11.8-py3-none-any.whl (35 kB)\n[Test/build]   | Collecting typing-extensions>=3.10.0 (from pylint->-r requirements/tests.txt (line 7))\n[Test/build]   |   Downloading typing_extensions-4.6.2-py3-none-any.whl (31 kB)\n[Test/build]   | Collecting dill>=0.2 (from pylint->-r requirements/tests.txt (line 7))\n[Test/build]   |   Downloading dill-0.3.6-py3-none-any.whl (110 kB)\n[Test/build]   |      \u2501\u2501\u2501\u2501\u2501\u2501\u2501\u2501\u2501\u2501\u2501\u2501\u2501\u2501\u2501\u2501\u2501\u2501\u2501\u2501\u2501\u2501\u2501\u2501\u2501\u2501\u2501\u2501\u2501\u2501\u2501\u2501\u2501\u2501\u2501\u2501\u2501\u2501 110.5/110.5 kB 13.5 MB/s eta 0:00:00\n[Test/build]   | Collecting tomli>=1.1.0 (from pylint->-r requirements/tests.txt (line 7))\n[Test/build]   |   Downloading tomli-2.0.1-py3-none-any.whl (12 kB)\n[Test/build]   | Collecting cachetools>=5.3 (from tox->-r requirements/tests.txt (line 12))\n[Test/build]   |   Downloading cachetools-5.3.1-py3-none-any.whl (9.3 kB)\n[Test/build]   | Collecting chardet>=5.1 (from tox->-r requirements/tests.txt (line 12))\n[Test/build]   |   Downloading chardet-5.1.0-py3-none-any.whl (199 kB)\n[Test/build]   |      \u2501\u2501\u2501\u2501\u2501\u2501\u2501\u2501\u2501\u2501\u2501\u2501\u2501\u2501\u2501\u2501\u2501\u2501\u2501\u2501\u2501\u2501\u2501\u2501\u2501\u2501\u2501\u2501\u2501\u2501\u2501\u2501\u2501\u2501\u2501\u2501\u2501\u2501\u2501 199.1/199.1 kB 7.6 MB/s eta 0:00:00\n[Test/build]   | Collecting colorama>=0.4.6 (from tox->-r requirements/tests.txt (line 12))\n[Test/build]   |   Downloading colorama-0.4.6-py2.py3-none-any.whl (25 kB)\n[Test/build]   | Collecting filelock>=3.12 (from tox->-r requirements/tests.txt (line 12))\n[Test/build]   |   Downloading filelock-3.12.0-py3-none-any.whl (10 kB)\n[Test/build]   | INFO: pip is looking at multiple versions of tox to determine which version is compatible with other requirements. This could take a while.\n[Test/build]   | Collecting tox (from -r requirements/tests.txt (line 12))\n[Test/build]   |   Downloading tox-4.5.1-py3-none-any.whl (148 kB)\n[Test/build]   |      \u2501\u2501\u2501\u2501\u2501\u2501\u2501\u2501\u2501\u2501\u2501\u2501\u2501\u2501\u2501\u2501\u2501\u2501\u2501\u2501\u2501\u2501\u2501\u2501\u2501\u2501\u2501\u2501\u2501\u2501\u2501\u2501\u2501\u2501\u2501\u2501\u2501\u2501\u2501 149.0/149.0 kB 2.4 MB/s eta 0:00:00\n[Test/build]   |   Downloading tox-4.5.0-py3-none-any.whl (148 kB)\n[Test/build]   |      \u2501\u2501\u2501\u2501\u2501\u2501\u2501\u2501\u2501\u2501\u2501\u2501\u2501\u2501\u2501\u2501\u2501\u2501\u2501\u2501\u2501\u2501\u2501\u2501\u2501\u2501\u2501\u2501\u2501\u2501\u2501\u2501\u2501\u2501\u2501\u2501\u2501\u2501 149.0/149.0 kB 23.1 MB/s eta 0:00:00\n[Test/build]   |   Downloading tox-4.4.12-py3-none-any.whl (148 kB)\n[Test/build]   |      \u2501\u2501\u2501\u2501\u2501\u2501\u2501\u2501\u2501\u2501\u2501\u2501\u2501\u2501\u2501\u2501\u2501\u2501\u2501\u2501\u2501\u2501\u2501\u2501\u2501\u2501\u2501\u2501\u2501\u2501\u2501\u2501\u2501\u2501\u2501\u2501\u2501\u2501\u2501 149.0/149.0 kB 7.2 MB/s eta 0:00:00\n[Test/build]   |   Downloading tox-4.4.11-py3-none-any.whl (148 kB)\n[Test/build]   |      \u2501\u2501\u2501\u2501\u2501\u2501\u2501\u2501\u2501\u2501\u2501\u2501\u2501\u2501\u2501\u2501\u2501\u2501\u2501\u2501\u2501\u2501\u2501\u2501\u2501\u2501\u2501\u2501\u2501\u2501\u2501\u2501\u2501\u2501\u2501\u2501\u2501\u2501\u2501 149.0/149.0 kB 1.7 MB/s eta 0:00:00\n[Test/build]   |   Downloading tox-4.4.10-py3-none-any.whl (148 kB)\n[Test/build]   |      \u2501\u2501\u2501\u2501\u2501\u2501\u2501\u2501\u2501\u2501\u2501\u2501\u2501\u2501\u2501\u2501\u2501\u2501\u2501\u2501\u2501\u2501\u2501\u2501\u2501\u2501\u2501\u2501\u2501\u2501\u2501\u2501\u2501\u2501\u2501\u2501\u2501\u2501\u2501 149.0/149.0 kB 3.4 MB/s eta 0:00:00\n[Test/build]   |   Downloading tox-4.4.9-py3-none-any.whl (148 kB)\n[Test/build]   |      \u2501\u2501\u2501\u2501\u2501\u2501\u2501\u2501\u2501\u2501\u2501\u2501\u2501\u2501\u2501\u2501\u2501\u2501\u2501\u2501\u2501\u2501\u2501\u2501\u2501\u2501\u2501\u2501\u2501\u2501\u2501\u2501\u2501\u2501\u2501\u2501\u2501\u2501\u2501 149.0/149.0 kB 5.2 MB/s eta 0:00:00\n[Test/build]   |   Downloading tox-4.4.8-py3-none-any.whl (148 kB)\n[Test/build]   |      \u2501\u2501\u2501\u2501\u2501\u2501\u2501\u2501\u2501\u2501\u2501\u2501\u2501\u2501\u2501\u2501\u2501\u2501\u2501\u2501\u2501\u2501\u2501\u2501\u2501\u2501\u2501\u2501\u2501\u2501\u2501\u2501\u2501\u2501\u2501\u2501\u2501\u2501\u2501 149.0/149.0 kB 5.3 MB/s eta 0:00:00\n[Test/build]   | INFO: pip is looking at multiple versions of tox to determine which version is compatible with other requirements. This could take a while.\n[Test/build]   |   Downloading tox-4.4.7-py3-none-any.whl (148 kB)\n[Test/build]   |      \u2501\u2501\u2501\u2501\u2501\u2501\u2501\u2501\u2501\u2501\u2501\u2501\u2501\u2501\u2501\u2501\u2501\u2501\u2501\u2501\u2501\u2501\u2501\u2501\u2501\u2501\u2501\u2501\u2501\u2501\u2501\u2501\u2501\u2501\u2501\u2501\u2501\u2501 149.0/149.0 kB 11.6 MB/s eta 0:00:00\n[Test/build]   |   Downloading tox-4.4.6-py3-none-any.whl (148 kB)\n[Test/build]   |      \u2501\u2501\u2501\u2501\u2501\u2501\u2501\u2501\u2501\u2501\u2501\u2501\u2501\u2501\u2501\u2501\u2501\u2501\u2501\u2501\u2501\u2501\u2501\u2501\u2501\u2501\u2501\u2501\u2501\u2501\u2501\u2501\u2501\u2501\u2501\u2501\u2501\u2501 149.0/149.0 kB 18.6 MB/s eta 0:00:00\n[Test/build]   |   Downloading tox-4.4.5-py3-none-any.whl (148 kB)\n[Test/build]   |      \u2501\u2501\u2501\u2501\u2501\u2501\u2501\u2501\u2501\u2501\u2501\u2501\u2501\u2501\u2501\u2501\u2501\u2501\u2501\u2501\u2501\u2501\u2501\u2501\u2501\u2501\u2501\u2501\u2501\u2501\u2501\u2501\u2501\u2501\u2501\u2501\u2501\u2501\u2501 148.8/148.8 kB 9.6 MB/s eta 0:00:00\n[Test/build]   |   Downloading tox-4.4.4-py3-none-any.whl (148 kB)\n[Test/build]   |      \u2501\u2501\u2501\u2501\u2501\u2501\u2501\u2501\u2501\u2501\u2501\u2501\u2501\u2501\u2501\u2501\u2501\u2501\u2501\u2501\u2501\u2501\u2501\u2501\u2501\u2501\u2501\u2501\u2501\u2501\u2501\u2501\u2501\u2501\u2501\u2501\u2501\u2501 148.8/148.8 kB 26.1 MB/s eta 0:00:00\n[Test/build]   |   Downloading tox-4.4.3-py3-none-any.whl (148 kB)\n[Test/build]   |      \u2501\u2501\u2501\u2501\u2501\u2501\u2501\u2501\u2501\u2501\u2501\u2501\u2501\u2501\u2501\u2501\u2501\u2501\u2501\u2501\u2501\u2501\u2501\u2501\u2501\u2501\u2501\u2501\u2501\u2501\u2501\u2501\u2501\u2501\u2501\u2501\u2501\u2501\u2501 148.8/148.8 kB 5.3 MB/s eta 0:00:00\n[Test/build]   | INFO: This is taking longer than usual. You might need to provide the dependency resolver with stricter constraints to reduce runtime. See https://pip.pypa.io/warnings/backtracking for guidance. If you want to abort this run, press Ctrl + C.\n[Test/build]   |   Downloading tox-4.4.2-py3-none-any.whl (148 kB)\n[Test/build]   |      \u2501\u2501\u2501\u2501\u2501\u2501\u2501\u2501\u2501\u2501\u2501\u2501\u2501\u2501\u2501\u2501\u2501\u2501\u2501\u2501\u2501\u2501\u2501\u2501\u2501\u2501\u2501\u2501\u2501\u2501\u2501\u2501\u2501\u2501\u2501\u2501\u2501\u2501\u2501 148.6/148.6 kB 2.9 MB/s eta 0:00:00\n[Test/build]   |   Downloading tox-4.4.1-py3-none-any.whl (148 kB)\n[Test/build]   |      \u2501\u2501\u2501\u2501\u2501\u2501\u2501\u2501\u2501\u2501\u2501\u2501\u2501\u2501\u2501\u2501\u2501\u2501\u2501\u2501\u2501\u2501\u2501\u2501\u2501\u2501\u2501\u2501\u2501\u2501\u2501\u2501\u2501\u2501\u2501\u2501\u2501\u2501\u2501 148.6/148.6 kB 8.6 MB/s eta 0:00:00\n[Test/build]   |   Downloading tox-4.4.0-py3-none-any.whl (148 kB)\n[Test/build]   |      \u2501\u2501\u2501\u2501\u2501\u2501\u2501\u2501\u2501\u2501\u2501\u2501\u2501\u2501\u2501\u2501\u2501\u2501\u2501\u2501\u2501\u2501\u2501\u2501\u2501\u2501\u2501\u2501\u2501\u2501\u2501\u2501\u2501\u2501\u2501\u2501\u2501\u2501\u2501 148.6/148.6 kB 8.1 MB/s eta 0:00:00\n[Test/build]   |   Downloading tox-4.3.5-py3-none-any.whl (147 kB)\n[Test/build]   |      \u2501\u2501\u2501\u2501\u2501\u2501\u2501\u2501\u2501\u2501\u2501\u2501\u2501\u2501\u2501\u2501\u2501\u2501\u2501\u2501\u2501\u2501\u2501\u2501\u2501\u2501\u2501\u2501\u2501\u2501\u2501\u2501\u2501\u2501\u2501\u2501\u2501\u2501\u2501 147.7/147.7 kB 4.3 MB/s eta 0:00:00\n[Test/build]   |   Downloading tox-4.3.4-py3-none-any.whl (147 kB)\n[Test/build]   |      \u2501\u2501\u2501\u2501\u2501\u2501\u2501\u2501\u2501\u2501\u2501\u2501\u2501\u2501\u2501\u2501\u2501\u2501\u2501\u2501\u2501\u2501\u2501\u2501\u2501\u2501\u2501\u2501\u2501\u2501\u2501\u2501\u2501\u2501\u2501\u2501\u2501\u2501\u2501 147.6/147.6 kB 6.5 MB/s eta 0:00:00\n[Test/build]   |   Downloading tox-4.3.3-py3-none-any.whl (147 kB)\n[Test/build]   |      \u2501\u2501\u2501\u2501\u2501\u2501\u2501\u2501\u2501\u2501\u2501\u2501\u2501\u2501\u2501\u2501\u2501\u2501\u2501\u2501\u2501\u2501\u2501\u2501\u2501\u2501\u2501\u2501\u2501\u2501\u2501\u2501\u2501\u2501\u2501\u2501\u2501\u2501 147.6/147.6 kB 26.4 MB/s eta 0:00:00\n[Test/build]   |   Downloading tox-4.3.2-py3-none-any.whl (147 kB)\n[Test/build]   |      \u2501\u2501\u2501\u2501\u2501\u2501\u2501\u2501\u2501\u2501\u2501\u2501\u2501\u2501\u2501\u2501\u2501\u2501\u2501\u2501\u2501\u2501\u2501\u2501\u2501\u2501\u2501\u2501\u2501\u2501\u2501\u2501\u2501\u2501\u2501\u2501\u2501\u2501\u2501 147.6/147.6 kB 1.8 MB/s eta 0:00:00\n[Test/build]   |   Downloading tox-4.3.1-py3-none-any.whl (147 kB)\n[Test/build]   |      \u2501\u2501\u2501\u2501\u2501\u2501\u2501\u2501\u2501\u2501\u2501\u2501\u2501\u2501\u2501\u2501\u2501\u2501\u2501\u2501\u2501\u2501\u2501\u2501\u2501\u2501\u2501\u2501\u2501\u2501\u2501\u2501\u2501\u2501\u2501\u2501\u2501\u2501 147.5/147.5 kB 10.9 MB/s eta 0:00:00\n[Test/build]   |   Downloading tox-4.3.0-py3-none-any.whl (147 kB)\n[Test/build]   |      \u2501\u2501\u2501\u2501\u2501\u2501\u2501\u2501\u2501\u2501\u2501\u2501\u2501\u2501\u2501\u2501\u2501\u2501\u2501\u2501\u2501\u2501\u2501\u2501\u2501\u2501\u2501\u2501\u2501\u2501\u2501\u2501\u2501\u2501\u2501\u2501\u2501\u2501\u2501 147.3/147.3 kB 3.2 MB/s eta 0:00:00\n[Test/build]   |   Downloading tox-4.2.8-py3-none-any.whl (146 kB)\n[Test/build]   |      \u2501\u2501\u2501\u2501\u2501\u2501\u2501\u2501\u2501\u2501\u2501\u2501\u2501\u2501\u2501\u2501\u2501\u2501\u2501\u2501\u2501\u2501\u2501\u2501\u2501\u2501\u2501\u2501\u2501\u2501\u2501\u2501\u2501\u2501\u2501\u2501\u2501\u2501\u2501 146.1/146.1 kB 6.1 MB/s eta 0:00:00\n[Test/build]   |   Downloading tox-4.2.7-py3-none-any.whl (146 kB)\n[Test/build]   |      \u2501\u2501\u2501\u2501\u2501\u2501\u2501\u2501\u2501\u2501\u2501\u2501\u2501\u2501\u2501\u2501\u2501\u2501\u2501\u2501\u2501\u2501\u2501\u2501\u2501\u2501\u2501\u2501\u2501\u2501\u2501\u2501\u2501\u2501\u2501\u2501\u2501\u2501\u2501 146.0/146.0 kB 4.8 MB/s eta 0:00:00\n[Test/build]   |   Downloading tox-4.2.6-py3-none-any.whl (145 kB)\n[Test/build]   |      \u2501\u2501\u2501\u2501\u2501\u2501\u2501\u2501\u2501\u2501\u2501\u2501\u2501\u2501\u2501\u2501\u2501\u2501\u2501\u2501\u2501\u2501\u2501\u2501\u2501\u2501\u2501\u2501\u2501\u2501\u2501\u2501\u2501\u2501\u2501\u2501\u2501\u2501\u2501 145.9/145.9 kB 3.3 MB/s eta 0:00:00\n[Test/build]   |   Downloading tox-4.2.5-py3-none-any.whl (145 kB)\n[Test/build]   |      \u2501\u2501\u2501\u2501\u2501\u2501\u2501\u2501\u2501\u2501\u2501\u2501\u2501\u2501\u2501\u2501\u2501\u2501\u2501\u2501\u2501\u2501\u2501\u2501\u2501\u2501\u2501\u2501\u2501\u2501\u2501\u2501\u2501\u2501\u2501\u2501\u2501\u2501\u2501 145.6/145.6 kB 2.2 MB/s eta 0:00:00\n[Test/build]   |   Downloading tox-4.2.4-py3-none-any.whl (145 kB)\n[Test/build]   |      \u2501\u2501\u2501\u2501\u2501\u2501\u2501\u2501\u2501\u2501\u2501\u2501\u2501\u2501\u2501\u2501\u2501\u2501\u2501\u2501\u2501\u2501\u2501\u2501\u2501\u2501\u2501\u2501\u2501\u2501\u2501\u2501\u2501\u2501\u2501\u2501\u2501\u2501\u2501 145.6/145.6 kB 7.4 MB/s eta 0:00:00\n[Test/build]   |   Downloading tox-4.2.3-py3-none-any.whl (145 kB)\n[Test/build]   |      \u2501\u2501\u2501\u2501\u2501\u2501\u2501\u2501\u2501\u2501\u2501\u2501\u2501\u2501\u2501\u2501\u2501\u2501\u2501\u2501\u2501\u2501\u2501\u2501\u2501\u2501\u2501\u2501\u2501\u2501\u2501\u2501\u2501\u2501\u2501\u2501\u2501\u2501\u2501 145.6/145.6 kB 9.3 MB/s eta 0:00:00\n[Test/build]   |   Downloading tox-4.2.2-py3-none-any.whl (145 kB)\n[Test/build]   |      \u2501\u2501\u2501\u2501\u2501\u2501\u2501\u2501\u2501\u2501\u2501\u2501\u2501\u2501\u2501\u2501\u2501\u2501\u2501\u2501\u2501\u2501\u2501\u2501\u2501\u2501\u2501\u2501\u2501\u2501\u2501\u2501\u2501\u2501\u2501\u2501\u2501\u2501\u2501 145.5/145.5 kB 2.3 MB/s eta 0:00:00\n[Test/build]   |   Downloading tox-4.2.1-py3-none-any.whl (145 kB)\n[Test/build]   |      \u2501\u2501\u2501\u2501\u2501\u2501\u2501\u2501\u2501\u2501\u2501\u2501\u2501\u2501\u2501\u2501\u2501\u2501\u2501\u2501\u2501\u2501\u2501\u2501\u2501\u2501\u2501\u2501\u2501\u2501\u2501\u2501\u2501\u2501\u2501\u2501\u2501\u2501\u2501 145.4/145.4 kB 1.2 MB/s eta 0:00:00\n[Test/build]   |   Downloading tox-4.2.0-py3-none-any.whl (145 kB)\n[Test/build]   |      \u2501\u2501\u2501\u2501\u2501\u2501\u2501\u2501\u2501\u2501\u2501\u2501\u2501\u2501\u2501\u2501\u2501\u2501\u2501\u2501\u2501\u2501\u2501\u2501\u2501\u2501\u2501\u2501\u2501\u2501\u2501\u2501\u2501\u2501\u2501\u2501\u2501\u2501\u2501 145.3/145.3 kB 2.6 MB/s eta 0:00:00\n[Test/build]   |   Downloading tox-4.1.3-py3-none-any.whl (145 kB)\n[Test/build]   |      \u2501\u2501\u2501\u2501\u2501\u2501\u2501\u2501\u2501\u2501\u2501\u2501\u2501\u2501\u2501\u2501\u2501\u2501\u2501\u2501\u2501\u2501\u2501\u2501\u2501\u2501\u2501\u2501\u2501\u2501\u2501\u2501\u2501\u2501\u2501\u2501\u2501\u2501\u2501 145.1/145.1 kB 3.3 MB/s eta 0:00:00\n[Test/build]   |   Downloading tox-4.1.2-py3-none-any.whl (145 kB)\n[Test/build]   |      \u2501\u2501\u2501\u2501\u2501\u2501\u2501\u2501\u2501\u2501\u2501\u2501\u2501\u2501\u2501\u2501\u2501\u2501\u2501\u2501\u2501\u2501\u2501\u2501\u2501\u2501\u2501\u2501\u2501\u2501\u2501\u2501\u2501\u2501\u2501\u2501\u2501 145.0/145.0 kB 648.2 kB/s eta 0:00:00\n[Test/build]   |   Downloading tox-4.1.1-py3-none-any.whl (144 kB)\n[Test/build]   |      \u2501\u2501\u2501\u2501\u2501\u2501\u2501\u2501\u2501\u2501\u2501\u2501\u2501\u2501\u2501\u2501\u2501\u2501\u2501\u2501\u2501\u2501\u2501\u2501\u2501\u2501\u2501\u2501\u2501\u2501\u2501\u2501\u2501\u2501\u2501\u2501\u2501\u2501\u2501 144.3/144.3 kB 8.9 MB/s eta 0:00:00\n[Test/build]   |   Downloading tox-4.1.0-py3-none-any.whl (144 kB)\n[Test/build]   |      \u2501\u2501\u2501\u2501\u2501\u2501\u2501\u2501\u2501\u2501\u2501\u2501\u2501\u2501\u2501\u2501\u2501\u2501\u2501\u2501\u2501\u2501\u2501\u2501\u2501\u2501\u2501\u2501\u2501\u2501\u2501\u2501\u2501\u2501\u2501\u2501\u2501\u2501\u2501 144.3/144.3 kB 2.6 MB/s eta 0:00:00\n[Test/build]   |   Downloading tox-4.0.19-py3-none-any.whl (144 kB)\n[Test/build]   |      \u2501\u2501\u2501\u2501\u2501\u2501\u2501\u2501\u2501\u2501\u2501\u2501\u2501\u2501\u2501\u2501\u2501\u2501\u2501\u2501\u2501\u2501\u2501\u2501\u2501\u2501\u2501\u2501\u2501\u2501\u2501\u2501\u2501\u2501\u2501\u2501\u2501\u2501\u2501 144.0/144.0 kB 4.6 MB/s eta 0:00:00\n[Test/build]   |   Downloading tox-4.0.18-py3-none-any.whl (143 kB)\n[Test/build]   |      \u2501\u2501\u2501\u2501\u2501\u2501\u2501\u2501\u2501\u2501\u2501\u2501\u2501\u2501\u2501\u2501\u2501\u2501\u2501\u2501\u2501\u2501\u2501\u2501\u2501\u2501\u2501\u2501\u2501\u2501\u2501\u2501\u2501\u2501\u2501\u2501\u2501\u2501\u2501 144.0/144.0 kB 6.0 MB/s eta 0:00:00\n[Test/build]   |   Downloading tox-4.0.17-py3-none-any.whl (143 kB)\n[Test/build]   |      \u2501\u2501\u2501\u2501\u2501\u2501\u2501\u2501\u2501\u2501\u2501\u2501\u2501\u2501\u2501\u2501\u2501\u2501\u2501\u2501\u2501\u2501\u2501\u2501\u2501\u2501\u2501\u2501\u2501\u2501\u2501\u2501\u2501\u2501\u2501\u2501\u2501\u2501\u2501 144.0/144.0 kB 1.2 MB/s eta 0:00:00\n[Test/build]   |   Downloading tox-4.0.16-py3-none-any.whl (143 kB)\n[Test/build]   |      \u2501\u2501\u2501\u2501\u2501\u2501\u2501\u2501\u2501\u2501\u2501\u2501\u2501\u2501\u2501\u2501\u2501\u2501\u2501\u2501\u2501\u2501\u2501\u2501\u2501\u2501\u2501\u2501\u2501\u2501\u2501\u2501\u2501\u2501\u2501\u2501\u2501\u2501\u2501 143.9/143.9 kB 2.5 MB/s eta 0:00:00\n[Test/build]   |   Downloading tox-4.0.15-py3-none-any.whl (143 kB)\n[Test/build]   |      \u2501\u2501\u2501\u2501\u2501\u2501\u2501\u2501\u2501\u2501\u2501\u2501\u2501\u2501\u2501\u2501\u2501\u2501\u2501\u2501\u2501\u2501\u2501\u2501\u2501\u2501\u2501\u2501\u2501\u2501\u2501\u2501\u2501\u2501\u2501\u2501\u2501\u2501\u2501 143.5/143.5 kB 1.8 MB/s eta 0:00:00\n[Test/build]   |   Downloading tox-4.0.14-py3-none-any.whl (143 kB)\n[Test/build]   |      \u2501\u2501\u2501\u2501\u2501\u2501\u2501\u2501\u2501\u2501\u2501\u2501\u2501\u2501\u2501\u2501\u2501\u2501\u2501\u2501\u2501\u2501\u2501\u2501\u2501\u2501\u2501\u2501\u2501\u2501\u2501\u2501\u2501\u2501\u2501\u2501\u2501\u2501\u2501 143.4/143.4 kB 3.6 MB/s eta 0:00:00\n[Test/build]   |   Downloading tox-4.0.13-py3-none-any.whl (143 kB)\n[Test/build]   |      \u2501\u2501\u2501\u2501\u2501\u2501\u2501\u2501\u2501\u2501\u2501\u2501\u2501\u2501\u2501\u2501\u2501\u2501\u2501\u2501\u2501\u2501\u2501\u2501\u2501\u2501\u2501\u2501\u2501\u2501\u2501\u2501\u2501\u2501\u2501\u2501\u2501\u2501\u2501 143.5/143.5 kB 2.9 MB/s eta 0:00:00\n[Test/build]   |   Downloading tox-4.0.12-py3-none-any.whl (143 kB)\n[Test/build]   |      \u2501\u2501\u2501\u2501\u2501\u2501\u2501\u2501\u2501\u2501\u2501\u2501\u2501\u2501\u2501\u2501\u2501\u2501\u2501\u2501\u2501\u2501\u2501\u2501\u2501\u2501\u2501\u2501\u2501\u2501\u2501\u2501\u2501\u2501\u2501\u2501\u2501\u2501\u2501 143.5/143.5 kB 1.1 MB/s eta 0:00:00\n[Test/build]   |   Downloading tox-4.0.11-py3-none-any.whl (142 kB)\n[Test/build]   |      \u2501\u2501\u2501\u2501\u2501\u2501\u2501\u2501\u2501\u2501\u2501\u2501\u2501\u2501\u2501\u2501\u2501\u2501\u2501\u2501\u2501\u2501\u2501\u2501\u2501\u2501\u2501\u2501\u2501\u2501\u2501\u2501\u2501\u2501\u2501\u2501\u2501 142.1/142.1 kB 415.2 kB/s eta 0:00:00\n[Test/build]   |   Downloading tox-4.0.10-py3-none-any.whl (141 kB)\n[Test/build]   |      \u2501\u2501\u2501\u2501\u2501\u2501\u2501\u2501\u2501\u2501\u2501\u2501\u2501\u2501\u2501\u2501\u2501\u2501\u2501\u2501\u2501\u2501\u2501\u2501\u2501\u2501\u2501\u2501\u2501\u2501\u2501\u2501\u2501\u2501\u2501\u2501\u2501\u2501\u2501 141.8/141.8 kB 1.5 MB/s eta 0:00:00\n[Test/build]   |   Downloading tox-4.0.9-py3-none-any.whl (141 kB)\n[Test/build]   |      \u2501\u2501\u2501\u2501\u2501\u2501\u2501\u2501\u2501\u2501\u2501\u2501\u2501\u2501\u2501\u2501\u2501\u2501\u2501\u2501\u2501\u2501\u2501\u2501\u2501\u2501\u2501\u2501\u2501\u2501\u2501\u2501\u2501\u2501\u2501\u2501\u2501\u2501\u2501 141.7/141.7 kB 1.2 MB/s eta 0:00:00\n[Test/build]   |   Downloading tox-4.0.8-py3-none-any.whl (141 kB)\n[Test/build]   |      \u2501\u2501\u2501\u2501\u2501\u2501\u2501\u2501\u2501\u2501\u2501\u2501\u2501\u2501\u2501\u2501\u2501\u2501\u2501\u2501\u2501\u2501\u2501\u2501\u2501\u2501\u2501\u2501\u2501\u2501\u2501\u2501\u2501\u2501\u2501\u2501\u2501 141.4/141.4 kB 377.5 kB/s eta 0:00:00\n[Test/build]   |   Downloading tox-4.0.7-py3-none-any.whl (141 kB)\n[Test/build]   |      \u2501\u2501\u2501\u2501\u2501\u2501\u2501\u2501\u2501\u2501\u2501\u2501\u2501\u2501\u2501\u2501\u2501\u2501\u2501\u2501\u2501\u2501\u2501\u2501\u2501\u2501\u2501\u2501\u2501\u2501\u2501\u2501\u2501\u2501\u2501\u2501\u2501\u2501\u2501 141.3/141.3 kB 1.3 MB/s eta 0:00:00\n[Test/build]   |   Downloading tox-4.0.6-py3-none-any.whl (141 kB)\n[Test/build]   |      \u2501\u2501\u2501\u2501\u2501\u2501\u2501\u2501\u2501\u2501\u2501\u2501\u2501\u2501\u2501\u2501\u2501\u2501\u2501\u2501\u2501\u2501\u2501\u2501\u2501\u2501\u2501\u2501\u2501\u2501\u2501\u2501\u2501\u2501\u2501\u2501\u2501 141.1/141.1 kB 598.5 kB/s eta 0:00:00\n[Test/build]   |   Downloading tox-4.0.5-py3-none-any.whl (140 kB)\n[Test/build]   |      \u2501\u2501\u2501\u2501\u2501\u2501\u2501\u2501\u2501\u2501\u2501\u2501\u2501\u2501\u2501\u2501\u2501\u2501\u2501\u2501\u2501\u2501\u2501\u2501\u2501\u2501\u2501\u2501\u2501\u2501\u2501\u2501\u2501\u2501\u2501\u2501\u2501\u2501\u2501 140.9/140.9 kB 1.2 MB/s eta 0:00:00\n[Test/build]   |   Downloading tox-4.0.4-py3-none-any.whl (140 kB)\n[Test/build]   |      \u2501\u2501\u2501\u2501\u2501\u2501\u2501\u2501\u2501\u2501\u2501\u2501\u2501\u2501\u2501\u2501\u2501\u2501\u2501\u2501\u2501\u2501\u2501\u2501\u2501\u2501\u2501\u2501\u2501\u2501\u2501\u2501\u2501\u2501\u2501\u2501\u2501\u2501 140.7/140.7 kB 11.6 MB/s eta 0:00:00\n[Test/build]   |   Downloading tox-4.0.3-py3-none-any.whl (140 kB)\n[Test/build]   |      \u2501\u2501\u2501\u2501\u2501\u2501\u2501\u2501\u2501\u2501\u2501\u2501\u2501\u2501\u2501\u2501\u2501\u2501\u2501\u2501\u2501\u2501\u2501\u2501\u2501\u2501\u2501\u2501\u2501\u2501\u2501\u2501\u2501\u2501\u2501\u2501\u2501\u2501\u2501 140.9/140.9 kB 6.9 MB/s eta 0:00:00\n[Test/build]   |   Downloading tox-4.0.2-py3-none-any.whl (140 kB)\n[Test/build]   |      \u2501\u2501\u2501\u2501\u2501\u2501\u2501\u2501\u2501\u2501\u2501\u2501\u2501\u2501\u2501\u2501\u2501\u2501\u2501\u2501\u2501\u2501\u2501\u2501\u2501\u2501\u2501\u2501\u2501\u2501\u2501\u2501\u2501\u2501\u2501\u2501\u2501\u2501\u2501 140.8/140.8 kB 2.5 MB/s eta 0:00:00\n[Test/build]   |   Downloading tox-4.0.1-py3-none-any.whl (140 kB)\n[Test/build]   |      \u2501\u2501\u2501\u2501\u2501\u2501\u2501\u2501\u2501\u2501\u2501\u2501\u2501\u2501\u2501\u2501\u2501\u2501\u2501\u2501\u2501\u2501\u2501\u2501\u2501\u2501\u2501\u2501\u2501\u2501\u2501\u2501\u2501\u2501\u2501\u2501\u2501\u2501\u2501 140.8/140.8 kB 1.8 MB/s eta 0:00:00\n[Test/build]   |   Downloading tox-4.0.0-py3-none-any.whl (139 kB)\n[Test/build]   |      \u2501\u2501\u2501\u2501\u2501\u2501\u2501\u2501\u2501\u2501\u2501\u2501\u2501\u2501\u2501\u2501\u2501\u2501\u2501\u2501\u2501\u2501\u2501\u2501\u2501\u2501\u2501\u2501\u2501\u2501\u2501\u2501\u2501\u2501\u2501\u2501\u2501\u2501\u2501 139.9/139.9 kB 5.2 MB/s eta 0:00:00\n[Test/build]   |   Downloading tox-3.28.0-py2.py3-none-any.whl (86 kB)\n[Test/build]   |      \u2501\u2501\u2501\u2501\u2501\u2501\u2501\u2501\u2501\u2501\u2501\u2501\u2501\u2501\u2501\u2501\u2501\u2501\u2501\u2501\u2501\u2501\u2501\u2501\u2501\u2501\u2501\u2501\u2501\u2501\u2501\u2501\u2501\u2501\u2501\u2501\u2501\u2501\u2501\u2501 86.8/86.8 kB 1.8 MB/s eta 0:00:00\n[Test/build]   | Collecting packaging>=14 (from tox->-r requirements/tests.txt (line 12))\n[Test/build]   |   Downloading packaging-23.1-py3-none-any.whl (48 kB)\n[Test/build]   |      \u2501\u2501\u2501\u2501\u2501\u2501\u2501\u2501\u2501\u2501\u2501\u2501\u2501\u2501\u2501\u2501\u2501\u2501\u2501\u2501\u2501\u2501\u2501\u2501\u2501\u2501\u2501\u2501\u2501\u2501\u2501\u2501\u2501\u2501\u2501\u2501\u2501\u2501\u2501 48.9/48.9 kB 566.4 kB/s eta 0:00:00\n[Test/build]   | Collecting pluggy>=0.12.0 (from tox->-r requirements/tests.txt (line 12))\n[Test/build]   |   Downloading pluggy-1.0.0-py2.py3-none-any.whl (13 kB)\n[Test/build]   | Collecting py>=1.4.17 (from tox->-r requirements/tests.txt (line 12))\n[Test/build]   |   Downloading py-1.11.0-py2.py3-none-any.whl (98 kB)\n[Test/build]   |      \u2501\u2501\u2501\u2501\u2501\u2501\u2501\u2501\u2501\u2501\u2501\u2501\u2501\u2501\u2501\u2501\u2501\u2501\u2501\u2501\u2501\u2501\u2501\u2501\u2501\u2501\u2501\u2501\u2501\u2501\u2501\u2501\u2501\u2501\u2501\u2501\u2501\u2501\u2501\u2501 98.7/98.7 kB 5.9 MB/s eta 0:00:00\n[Test/build]   | Collecting six>=1.14.0 (from tox->-r requirements/tests.txt (line 12))\n[Test/build]   |   Downloading six-1.16.0-py2.py3-none-any.whl (11 kB)\n[Test/build]   | Collecting virtualenv!=20.0.0,!=20.0.1,!=20.0.2,!=20.0.3,!=20.0.4,!=20.0.5,!=20.0.6,!=20.0.7,>=16.0.0 (from tox->-r requirements/tests.txt (line 12))\n[Test/build]   |   Downloading virtualenv-20.23.0-py3-none-any.whl (3.3 MB)\n[Test/build]   |      \u2501\u2501\u2501\u2501\u2501\u2501\u2501\u2501\u2501\u2501\u2501\u2501\u2501\u2501\u2501\u2501\u2501\u2501\u2501\u2501\u2501\u2501\u2501\u2501\u2501\u2501\u2501\u2501\u2501\u2501\u2501\u2501\u2501\u2501\u2501\u2501\u2501\u2501\u2501\u2501 3.3/3.3 MB 27.6 MB/s eta 0:00:00\n[Test/build]   | Collecting tox-gh-actions (from -r requirements/tests.txt (line 13))\n[Test/build]   |   Downloading tox_gh_actions-3.1.0-py2.py3-none-any.whl (9.8 kB)\n[Test/build]   | Collecting zipp>=0.5 (from importlib-metadata<4.3,>=1.1.0->flake8->-r requirements/tests.txt (line 3))\n[Test/build]   |   Downloading zipp-3.15.0-py3-none-any.whl (6.8 kB)\n[Test/build]   | Collecting tox-gh-actions (from -r requirements/tests.txt (line 13))\n[Test/build]   |   Downloading tox_gh_actions-3.0.0-py2.py3-none-any.whl (9.7 kB)\n[Test/build]   |   Downloading tox_gh_actions-2.12.0-py2.py3-none-any.whl (11 kB)\n[Test/build]   | Collecting importlib-resources (from tox-gh-actions->-r requirements/tests.txt (line 13))\n[Test/build]   |   Downloading importlib_resources-5.12.0-py3-none-any.whl (36 kB)\n[Test/build]   | Collecting lazy-object-proxy>=1.4.0 (from astroid<=2.17.0-dev0,>=2.15.4->pylint->-r requirements/tests.txt (line 7))\n[Test/build]   |   Downloading lazy_object_proxy-1.9.0-cp37-cp37m-manylinux_2_5_x86_64.manylinux1_x86_64.manylinux_2_17_x86_64.manylinux2014_x86_64.whl (58 kB)\n[Test/build]   |      \u2501\u2501\u2501\u2501\u2501\u2501\u2501\u2501\u2501\u2501\u2501\u2501\u2501\u2501\u2501\u2501\u2501\u2501\u2501\u2501\u2501\u2501\u2501\u2501\u2501\u2501\u2501\u2501\u2501\u2501\u2501\u2501\u2501\u2501\u2501\u2501\u2501\u2501\u2501\u2501 58.5/58.5 kB 1.1 MB/s eta 0:00:00\n[Test/build]   | Collecting typed-ast<2.0,>=1.4.0 (from astroid<=2.17.0-dev0,>=2.15.4->pylint->-r requirements/tests.txt (line 7))\n[Test/build]   |   Downloading typed_ast-1.5.4-cp37-cp37m-manylinux_2_5_x86_64.manylinux1_x86_64.manylinux_2_12_x86_64.manylinux2010_x86_64.whl (843 kB)\n[Test/build]   |      \u2501\u2501\u2501\u2501\u2501\u2501\u2501\u2501\u2501\u2501\u2501\u2501\u2501\u2501\u2501\u2501\u2501\u2501\u2501\u2501\u2501\u2501\u2501\u2501\u2501\u2501\u2501\u2501\u2501\u2501\u2501\u2501\u2501\u2501\u2501\u2501\u2501\u2501 843.7/843.7 kB 18.7 MB/s eta 0:00:00\n[Test/build]   | Collecting wrapt<2,>=1.11 (from astroid<=2.17.0-dev0,>=2.15.4->pylint->-r requirements/tests.txt (line 7))\n[Test/build]   |   Downloading wrapt-1.15.0-cp37-cp37m-manylinux_2_5_x86_64.manylinux1_x86_64.manylinux_2_17_x86_64.manylinux2014_x86_64.whl (75 kB)\n[Test/build]   |      \u2501\u2501\u2501\u2501\u2501\u2501\u2501\u2501\u2501\u2501\u2501\u2501\u2501\u2501\u2501\u2501\u2501\u2501\u2501\u2501\u2501\u2501\u2501\u2501\u2501\u2501\u2501\u2501\u2501\u2501\u2501\u2501\u2501\u2501\u2501\u2501\u2501\u2501\u2501\u2501 75.7/75.7 kB 2.1 MB/s eta 0:00:00\n[Test/build]   | Collecting asgiref<4,>=3.3.2 (from Django>=3.2->django-storages->-r requirements/tests.txt (line 2))\n[Test/build]   |   Downloading asgiref-3.7.2-py3-none-any.whl (24 kB)\n[Test/build]   | Collecting sqlparse>=0.2.2 (from Django>=3.2->django-storages->-r requirements/tests.txt (line 2))\n[Test/build]   |   Downloading sqlparse-0.4.4-py3-none-any.whl (41 kB)\n[Test/build]   |      \u2501\u2501\u2501\u2501\u2501\u2501\u2501\u2501\u2501\u2501\u2501\u2501\u2501\u2501\u2501\u2501\u2501\u2501\u2501\u2501\u2501\u2501\u2501\u2501\u2501\u2501\u2501\u2501\u2501\u2501\u2501\u2501\u2501\u2501\u2501\u2501\u2501\u2501\u2501\u2501 41.2/41.2 kB 1.2 MB/s eta 0:00:00\n[Test/build]   | Collecting distlib<1,>=0.3.6 (from virtualenv!=20.0.0,!=20.0.1,!=20.0.2,!=20.0.3,!=20.0.4,!=20.0.5,!=20.0.6,!=20.0.7,>=16.0.0->tox->-r requirements/tests.txt (line 12))\n[Test/build]   |   Downloading distlib-0.3.6-py2.py3-none-any.whl (468 kB)\n[Test/build]   |      \u2501\u2501\u2501\u2501\u2501\u2501\u2501\u2501\u2501\u2501\u2501\u2501\u2501\u2501\u2501\u2501\u2501\u2501\u2501\u2501\u2501\u2501\u2501\u2501\u2501\u2501\u2501\u2501\u2501\u2501\u2501\u2501\u2501\u2501\u2501\u2501\u2501\u2501 468.5/468.5 kB 28.5 MB/s eta 0:00:00\n[Test/build]   | INFO: pip is looking at multiple versions of virtualenv to determine which version is compatible with other requirements. This could take a while.\n[Test/build]   | Collecting virtualenv!=20.0.0,!=20.0.1,!=20.0.2,!=20.0.3,!=20.0.4,!=20.0.5,!=20.0.6,!=20.0.7,>=16.0.0 (from tox->-r requirements/tests.txt (line 12))\n[Test/build]   |   Downloading virtualenv-20.22.0-py3-none-any.whl (3.2 MB)\n[Test/build]   |      \u2501\u2501\u2501\u2501\u2501\u2501\u2501\u2501\u2501\u2501\u2501\u2501\u2501\u2501\u2501\u2501\u2501\u2501\u2501\u2501\u2501\u2501\u2501\u2501\u2501\u2501\u2501\u2501\u2501\u2501\u2501\u2501\u2501\u2501\u2501\u2501\u2501\u2501\u2501\u2501 3.2/3.2 MB 27.6 MB/s eta 0:00:00\n[Test/build]   |   Downloading virtualenv-20.21.1-py3-none-any.whl (8.7 MB)\n[Test/build]   |      \u2501\u2501\u2501\u2501\u2501\u2501\u2501\u2501\u2501\u2501\u2501\u2501\u2501\u2501\u2501\u2501\u2501\u2501\u2501\u2501\u2501\u2501\u2501\u2501\u2501\u2501\u2501\u2501\u2501\u2501\u2501\u2501\u2501\u2501\u2501\u2501\u2501\u2501\u2501\u2501 8.7/8.7 MB 40.3 MB/s eta 0:00:00\n[Test/build]   |   Downloading virtualenv-20.21.0-py3-none-any.whl (8.7 MB)\n[Test/build]   |      \u2501\u2501\u2501\u2501\u2501\u2501\u2501\u2501\u2501\u2501\u2501\u2501\u2501\u2501\u2501\u2501\u2501\u2501\u2501\u2501\u2501\u2501\u2501\u2501\u2501\u2501\u2501\u2501\u2501\u2501\u2501\u2501\u2501\u2501\u2501\u2501\u2501\u2501\u2501\u2501 8.7/8.7 MB 33.8 MB/s eta 0:00:00\n[Test/build]   |   Downloading virtualenv-20.20.0-py3-none-any.whl (8.7 MB)\n[Test/build]   |      \u2501\u2501\u2501\u2501\u2501\u2501\u2501\u2501\u2501\u2501\u2501\u2501\u2501\u2501\u2501\u2501\u2501\u2501\u2501\u2501\u2501\u2501\u2501\u2501\u2501\u2501\u2501\u2501\u2501\u2501\u2501\u2501\u2501\u2501\u2501\u2501\u2501\u2501\u2501\u2501 8.7/8.7 MB 27.6 MB/s eta 0:00:00\n[Test/build]   |   Downloading virtualenv-20.19.0-py3-none-any.whl (8.7 MB)\n[Test/build]   |      \u2501\u2501\u2501\u2501\u2501\u2501\u2501\u2501\u2501\u2501\u2501\u2501\u2501\u2501\u2501\u2501\u2501\u2501\u2501\u2501\u2501\u2501\u2501\u2501\u2501\u2501\u2501\u2501\u2501\u2501\u2501\u2501\u2501\u2501\u2501\u2501\u2501\u2501\u2501\u2501 8.7/8.7 MB 31.1 MB/s eta 0:00:00\n[Test/build]   |   Downloading virtualenv-20.18.0-py3-none-any.whl (8.7 MB)\n[Test/build]   |      \u2501\u2501\u2501\u2501\u2501\u2501\u2501\u2501\u2501\u2501\u2501\u2501\u2501\u2501\u2501\u2501\u2501\u2501\u2501\u2501\u2501\u2501\u2501\u2501\u2501\u2501\u2501\u2501\u2501\u2501\u2501\u2501\u2501\u2501\u2501\u2501\u2501\u2501\u2501\u2501 8.7/8.7 MB 27.8 MB/s eta 0:00:00\n[Test/build]   |   Downloading virtualenv-20.17.1-py3-none-any.whl (8.8 MB)\n[Test/build]   |      \u2501\u2501\u2501\u2501\u2501\u2501\u2501\u2501\u2501\u2501\u2501\u2501\u2501\u2501\u2501\u2501\u2501\u2501\u2501\u2501\u2501\u2501\u2501\u2501\u2501\u2501\u2501\u2501\u2501\u2501\u2501\u2501\u2501\u2501\u2501\u2501\u2501\u2501\u2501\u2501 8.8/8.8 MB 39.6 MB/s eta 0:00:00\n[Test/build]   | Collecting platformdirs>=2.2.0 (from pylint->-r requirements/tests.txt (line 7))\n[Test/build]   |   Downloading platformdirs-2.6.2-py3-none-any.whl (14 kB)\n[Test/build]   | INFO: pip is looking at multiple versions of virtualenv to determine which version is compatible with other requirements. This could take a while.\n[Test/build]   | Collecting virtualenv!=20.0.0,!=20.0.1,!=20.0.2,!=20.0.3,!=20.0.4,!=20.0.5,!=20.0.6,!=20.0.7,>=16.0.0 (from tox->-r requirements/tests.txt (line 12))\n[Test/build]   |   Downloading virtualenv-20.17.0-py3-none-any.whl (8.8 MB)\n[Test/build]   |      \u2501\u2501\u2501\u2501\u2501\u2501\u2501\u2501\u2501\u2501\u2501\u2501\u2501\u2501\u2501\u2501\u2501\u2501\u2501\u2501\u2501\u2501\u2501\u2501\u2501\u2501\u2501\u2501\u2501\u2501\u2501\u2501\u2501\u2501\u2501\u2501\u2501\u2501\u2501\u2501 8.8/8.8 MB 23.4 MB/s eta 0:00:00\n[Test/build]   |   Downloading virtualenv-20.16.7-py3-none-any.whl (8.8 MB)\n[Test/build]   |      \u2501\u2501\u2501\u2501\u2501\u2501\u2501\u2501\u2501\u2501\u2501\u2501\u2501\u2501\u2501\u2501\u2501\u2501\u2501\u2501\u2501\u2501\u2501\u2501\u2501\u2501\u2501\u2501\u2501\u2501\u2501\u2501\u2501\u2501\u2501\u2501\u2501\u2501\u2501\u2501 8.8/8.8 MB 26.0 MB/s eta 0:00:00\n[Test/build]   |   Downloading virtualenv-20.16.6-py3-none-any.whl (8.8 MB)\n[Test/build]   |      \u2501\u2501\u2501\u2501\u2501\u2501\u2501\u2501\u2501\u2501\u2501\u2501\u2501\u2501\u2501\u2501\u2501\u2501\u2501\u2501\u2501\u2501\u2501\u2501\u2501\u2501\u2501\u2501\u2501\u2501\u2501\u2501\u2501\u2501\u2501\u2501\u2501\u2501\u2501\u2501 8.8/8.8 MB 14.7 MB/s eta 0:00:00\n[Test/build]   |   Downloading virtualenv-20.16.5-py3-none-any.whl (8.8 MB)\n[Test/build]   |      \u2501\u2501\u2501\u2501\u2501\u2501\u2501\u2501\u2501\u2501\u2501\u2501\u2501\u2501\u2501\u2501\u2501\u2501\u2501\u2501\u2501\u2501\u2501\u2501\u2501\u2501\u2501\u2501\u2501\u2501\u2501\u2501\u2501\u2501\u2501\u2501\u2501\u2501\u2501\u2501 8.8/8.8 MB 27.8 MB/s eta 0:00:00\n[Test/build]   |   Downloading virtualenv-20.16.4-py3-none-any.whl (8.8 MB)\n[Test/build]   |      \u2501\u2501\u2501\u2501\u2501\u2501\u2501\u2501\u2501\u2501\u2501\u2501\u2501\u2501\u2501\u2501\u2501\u2501\u2501\u2501\u2501\u2501\u2501\u2501\u2501\u2501\u2501\u2501\u2501\u2501\u2501\u2501\u2501\u2501\u2501\u2501\u2501\u2501\u2501\u2501 8.8/8.8 MB 24.5 MB/s eta 0:00:00\n[Test/build]   | INFO: This is taking longer than usual. You might need to provide the dependency resolver with stricter constraints to reduce runtime. See https://pip.pypa.io/warnings/backtracking for guidance. If you want to abort this run, press Ctrl + C.\n[Test/build]   |   Downloading virtualenv-20.16.3-py2.py3-none-any.whl (8.8 MB)\n[Test/build]   |      \u2501\u2501\u2501\u2501\u2501\u2501\u2501\u2501\u2501\u2501\u2501\u2501\u2501\u2501\u2501\u2501\u2501\u2501\u2501\u2501\u2501\u2501\u2501\u2501\u2501\u2501\u2501\u2501\u2501\u2501\u2501\u2501\u2501\u2501\u2501\u2501\u2501\u2501\u2501\u2501 8.8/8.8 MB 23.5 MB/s eta 0:00:00\n[Test/build]   |   Downloading virtualenv-20.16.2-py2.py3-none-any.whl (8.8 MB)\n[Test/build]   |      \u2501\u2501\u2501\u2501\u2501\u2501\u2501\u2501\u2501\u2501\u2501\u2501\u2501\u2501\u2501\u2501\u2501\u2501\u2501\u2501\u2501\u2501\u2501\u2501\u2501\u2501\u2501\u2501\u2501\u2501\u2501\u2501\u2501\u2501\u2501\u2501\u2501\u2501\u2501\u2501 8.8/8.8 MB 20.2 MB/s eta 0:00:00\n[Test/build]   | Building wheels for collected packages: psycopg2\n[Test/build]   |   Building wheel for psycopg2 (pyproject.toml): started\n[Test/build]   |   Building wheel for psycopg2 (pyproject.toml): finished with status 'done'\n[Test/build]   |   Created wheel for psycopg2: filename=psycopg2-2.9.6-cp37-cp37m-linux_x86_64.whl size=570189 sha256=8421f7fb4d5b8f6e9205aae1aac960c58a0f35fdfae02e657bf511ae877facb3\n[Test/build]   |   Stored in directory: /home/runneradmin/.cache/pip/wheels/9d/f3/21/cbf320fe8a9661246db7b8e5bacc0362ec111674c8698d03ec\n[Test/build]   | Successfully built psycopg2\n[Test/build]   | Installing collected packages: pytz, python-gnupg, pep8, distlib, zipp, wrapt, typing-extensions, typed-ast, tomlkit, tomli, testfixtures, sqlparse, six, python-dotenv, pyflakes, pycodestyle, py, psycopg2, packaging, mock, mccabe, lazy-object-proxy, isort, filelock, dill, coverage, platformdirs, importlib-resources, importlib-metadata, astroid, asgiref, virtualenv, pylint, pluggy, flake8, Django, tox, django-storages, tox-gh-actions\n[Test/build]   | Successfully installed Django-3.2.19 asgiref-3.7.2 astroid-2.15.5 coverage-7.2.6 dill-0.3.6 distlib-0.3.6 django-storages-1.13.2 filelock-3.12.0 flake8-5.0.4 importlib-metadata-4.2.0 importlib-resources-5.12.0 isort-5.11.5 lazy-object-proxy-1.9.0 mccabe-0.7.0 mock-5.0.2 packaging-23.1 pep8-1.7.1 platformdirs-2.6.2 pluggy-1.0.0 psycopg2-2.9.6 py-1.11.0 pycodestyle-2.9.1 pyflakes-2.5.0 pylint-2.17.4 python-dotenv-0.21.1 python-gnupg-0.5.0 pytz-2023.3 six-1.16.0 sqlparse-0.4.4 testfixtures-7.1.0 tomli-2.0.1 tomlkit-0.11.8 tox-3.28.0 tox-gh-actions-2.12.0 typed-ast-1.5.4 typing-extensions-4.6.2 virtualenv-20.16.2 wrapt-1.15.0 zipp-3.15.0\n[Test/build]   | \n[Test/build]   | [notice] A new release of pip is available: 20.1.1 -> 23.1.2\n[Test/build]   | [notice] To update, run: pip install --upgrade pip\n[Test/build]   | Requirement already satisfied: django>=2.2 in /opt/hostedtoolcache/Python/3.7.11/x64/lib/python3.7/site-packages (from -r requirements.txt (line 1)) (3.2.19)\n[Test/build]   | Requirement already satisfied: pytz in /opt/hostedtoolcache/Python/3.7.11/x64/lib/python3.7/site-packages (from -r requirements.txt (line 2)) (2023.3)\n[Test/build]   | Requirement already satisfied: asgiref<4,>=3.3.2 in /opt/hostedtoolcache/Python/3.7.11/x64/lib/python3.7/site-packages (from django>=2.2->-r requirements.txt (line 1)) (3.7.2)\n[Test/build]   | Requirement already satisfied: sqlparse>=0.2.2 in /opt/hostedtoolcache/Python/3.7.11/x64/lib/python3.7/site-packages (from django>=2.2->-r requirements.txt (line 1)) (0.4.4)\n[Test/build]   | Requirement already satisfied: typing-extensions>=4 in /opt/hostedtoolcache/Python/3.7.11/x64/lib/python3.7/site-packages (from asgiref<4,>=3.3.2->django>=2.2->-r requirements.txt (line 1)) (4.6.2)\n[Test/build]   | \n[Test/build]   | [notice] A new release of pip is available: 20.1.1 -> 23.1.2\n[Test/build]   | [notice] To update, run: pip install --upgrade pip\n[Test/build]   \u2705  Success - Main Install dependencies\n[Test/build] \u2b50 Run Main Linting\n[Test/build]   \ud83d\udc33  docker exec cmd=[bash --noprofile --norc -e -o pipefail /var/run/act/workflow/3] user= workdir=\n[Test/build]   \u2705  Success - Main Linting\n[Test/build] \u2b50 Run Main Test with tox\n[Test/build]   \ud83d\udc33  docker exec cmd=[bash --noprofile --norc -e -o pipefail /var/run/act/workflow/4] user= workdir=\n[Test/build]   \u2753 add-matcher /opt/hostedtoolcache/Python/3.7.11/x64/lib/python3.7/site-packages/tox_gh_actions/matcher.json\n[Test/build]   | GLOB sdist-make: /tmp/de65f406-fe28-11ed-a890-af2cc187fc11/jazzband-django-dbbackup/setup.py\n[Test/build]   | py37-django22 create: /tmp/de65f406-fe28-11ed-a890-af2cc187fc11/jazzband-django-dbbackup/.tox/py37-django22\n[Test/build]   \u2753  ::group::tox: py37-django22\n[Test/build]   | py37-django22 installdeps: -rrequirements/tests.txt, django>=2.2,<2.3\n[Test/build]   | py37-django22 inst: /tmp/de65f406-fe28-11ed-a890-af2cc187fc11/jazzband-django-dbbackup/.tox/.tmp/package/1/django-dbbackup-4.0.2.zip\n[Test/build]   | py37-django22 installed: astroid==2.15.5,coverage==7.2.6,dill==0.3.6,distlib==0.3.6,Django==2.2.28,django-dbbackup @ file:///tmp/de65f406-fe28-11ed-a890-af2cc187fc11/jazzband-django-dbbackup/.tox/.tmp/package/1/django-dbbackup-4.0.2.zip,django-storages==1.12.3,filelock==3.12.0,flake8==5.0.4,importlib-metadata==4.2.0,importlib-resources==5.12.0,isort==5.11.5,lazy-object-proxy==1.9.0,mccabe==0.7.0,mock==5.0.2,packaging==23.1,pep8==1.7.1,platformdirs==2.6.2,pluggy==1.0.0,psycopg2==2.9.6,py==1.11.0,pycodestyle==2.9.1,pyflakes==2.5.0,pylint==2.17.4,python-dotenv==0.21.1,python-gnupg==0.5.0,pytz==2023.3,six==1.16.0,sqlparse==0.4.4,testfixtures==7.1.0,tomli==2.0.1,tomlkit==0.11.8,tox==3.28.0,tox-gh-actions==2.12.0,typed-ast==1.5.4,typing_extensions==4.6.2,virtualenv==20.16.2,wrapt==1.15.0,zipp==3.15.0\n[Test/build]   | py37-django22 run-test-pre: PYTHONHASHSEED='3706339017'\n[Test/build]   | py37-django22 run-test: commands[0] | coverage run runtests.py\n[Test/build]   | Creating test database for alias 'default'...\n[Test/build]   | ....INFO Quitting\n[Test/build]   | INFO Quitting\n[Test/build]   | INFO Quitting\n[Test/build]   | ...INFO Writing file to /tmp/foo.bak\n[Test/build]   | .INFO Writing file to bar\n[Test/build]   | .............../tmp/de65f406-fe28-11ed-a890-af2cc187fc11/jazzband-django-dbbackup/dbbackup/db/sqlite.py:78: UserWarning: Error in db restore: UNIQUE constraint failed: django_migrations.id\n[Test/build]   |   warnings.warn(f\"Error in db restore: {err}\")\n[Test/build]   | /tmp/de65f406-fe28-11ed-a890-af2cc187fc11/jazzband-django-dbbackup/dbbackup/db/sqlite.py:78: UserWarning: Error in db restore: index testapp_manytomanymodel_field_manytomanymodel_id_charmodel_id_69e4ee78_uniq already exists\n[Test/build]   |   warnings.warn(f\"Error in db restore: {err}\")\n[Test/build]   | ../tmp/de65f406-fe28-11ed-a890-af2cc187fc11/jazzband-django-dbbackup/dbbackup/db/sqlite.py:78: UserWarning: Error in db restore: UNIQUE constraint failed: django_migrations.id\n[Test/build]   |   warnings.warn(f\"Error in db restore: {err}\")\n[Test/build]   | /tmp/de65f406-fe28-11ed-a890-af2cc187fc11/jazzband-django-dbbackup/dbbackup/db/sqlite.py:78: UserWarning: Error in db restore: index testapp_manytomanymodel_field_manytomanymodel_id_charmodel_id_69e4ee78_uniq already exists\n[Test/build]   |   warnings.warn(f\"Error in db restore: {err}\")\n[Test/build]   | ./tmp/de65f406-fe28-11ed-a890-af2cc187fc11/jazzband-django-dbbackup/dbbackup/db/sqlite.py:78: UserWarning: Error in db restore: UNIQUE constraint failed: django_migrations.id\n[Test/build]   |   warnings.warn(f\"Error in db restore: {err}\")\n[Test/build]   | /tmp/de65f406-fe28-11ed-a890-af2cc187fc11/jazzband-django-dbbackup/dbbackup/db/sqlite.py:78: UserWarning: Error in db restore: index testapp_manytomanymodel_field_manytomanymodel_id_charmodel_id_69e4ee78_uniq already exists\n[Test/build]   |   warnings.warn(f\"Error in db restore: {err}\")\n[Test/build]   | ./tmp/de65f406-fe28-11ed-a890-af2cc187fc11/jazzband-django-dbbackup/dbbackup/db/sqlite.py:78: UserWarning: Error in db restore: UNIQUE constraint failed: django_migrations.id\n[Test/build]   |   warnings.warn(f\"Error in db restore: {err}\")\n[Test/build]   | /tmp/de65f406-fe28-11ed-a890-af2cc187fc11/jazzband-django-dbbackup/dbbackup/db/sqlite.py:78: UserWarning: Error in db restore: index testapp_manytomanymodel_field_manytomanymodel_id_charmodel_id_69e4ee78_uniq already exists\n[Test/build]   |   warnings.warn(f\"Error in db restore: {err}\")\n[Test/build]   | ................................................................................./tmp/de65f406-fe28-11ed-a890-af2cc187fc11/jazzband-django-dbbackup/dbbackup/db/sqlite.py:78: UserWarning: Error in db restore: UNIQUE constraint failed: django_migrations.id\n[Test/build]   |   warnings.warn(f\"Error in db restore: {err}\")\n[Test/build]   | /tmp/de65f406-fe28-11ed-a890-af2cc187fc11/jazzband-django-dbbackup/dbbackup/db/sqlite.py:78: UserWarning: Error in db restore: index testapp_manytomanymodel_field_manytomanymodel_id_charmodel_id_69e4ee78_uniq already exists\n[Test/build]   |   warnings.warn(f\"Error in db restore: {err}\")\n[Test/build]   | ..ERROR Super msg\n[Test/build]   | WARNING Super msg\n[Test/build]   | .ERROR Super msg\n[Test/build]   | ...........................ERROR Error sending data\n[Test/build]   | Traceback (most recent call last):\n[Test/build]   |   File \"/tmp/de65f406-fe28-11ed-a890-af2cc187fc11/jazzband-django-dbbackup/.tox/py37-django22/lib/python3.7/site-packages/gnupg.py\", line 155, in _copy_data\n[Test/build]   |     outstream.write(data)\n[Test/build]   | TypeError: a bytes-like object is required, not 'str'\n[Test/build]   | ....ERROR Exception: Foo\n[Test/build]   |   File \"/tmp/de65f406-fe28-11ed-a890-af2cc187fc11/jazzband-django-dbbackup/dbbackup/utils.py\", line 120, in wrapper\n[Test/build]   |     func(*args, **kwargs)\n[Test/build]   |   File \"/tmp/de65f406-fe28-11ed-a890-af2cc187fc11/jazzband-django-dbbackup/dbbackup/tests/test_utils.py\", line 81, in func\n[Test/build]   |     raise Exception(\"Foo\")\n[Test/build]   | \n[Test/build]   | .ERROR Exception: Foo\n[Test/build]   |   File \"/tmp/de65f406-fe28-11ed-a890-af2cc187fc11/jazzband-django-dbbackup/dbbackup/utils.py\", line 120, in wrapper\n[Test/build]   |     func(*args, **kwargs)\n[Test/build]   |   File \"/tmp/de65f406-fe28-11ed-a890-af2cc187fc11/jazzband-django-dbbackup/dbbackup/tests/test_utils.py\", line 91, in func\n[Test/build]   |     raise Exception(\"Foo\")\n[Test/build]   | \n[Test/build]   | ..ERROR Error sending data\n[Test/build]   | Traceback (most recent call last):\n[Test/build]   |   File \"/tmp/de65f406-fe28-11ed-a890-af2cc187fc11/jazzband-django-dbbackup/.tox/py37-django22/lib/python3.7/site-packages/gnupg.py\", line 155, in _copy_data\n[Test/build]   |     outstream.write(data)\n[Test/build]   | TypeError: a bytes-like object is required, not 'str'\n[Test/build]   | ..................INFO Backing Up Database: file:memorydb_default?mode=memory&cache=shared\n[Test/build]   | INFO Writing file to default-626663db2fb5-2023-05-29-105325.dump.gz\n[Test/build]   | .INFO Backing Up Database: file:memorydb_default?mode=memory&cache=shared\n[Test/build]   | INFO Writing file to default-626663db2fb5-2023-05-29-105325.dump.gz.gpg\n[Test/build]   | .INFO Backing Up Database: file:memorydb_default?mode=memory&cache=shared\n[Test/build]   | INFO Writing file to default-626663db2fb5-2023-05-29-105325.dump\n[Test/build]   | .INFO Backing Up Database: file:memorydb_default?mode=memory&cache=shared\n[Test/build]   | INFO Writing file to default-626663db2fb5-2023-05-29-105325.dump.gpg\n[Test/build]   | .INFO Backing Up Database: file:memorydb_default?mode=memory&cache=shared\n[Test/build]   | INFO Writing file to default-626663db2fb5-2023-05-29-105325.dump\n[Test/build]   | INFO Finding latest backup\n[Test/build]   | CommandError: There's no backup file available.\n[Test/build]   | .INFO Backing Up Database: file:memorydb_default?mode=memory&cache=shared\n[Test/build]   | INFO Writing file to default-626663db2fb5-2023-05-29-105325.dump\n[Test/build]   | INFO Finding latest backup\n[Test/build]   | CommandError: There's no backup file available.\n[Test/build]   | .INFO Backing Up Database: file:memorydb_default?mode=memory&cache=shared\n[Test/build]   | INFO Writing file to default-626663db2fb5-2023-05-29-105325.dump.gz\n[Test/build]   | INFO Finding latest backup\n[Test/build]   | INFO Restoring backup for database 'default' and server 'None'\n[Test/build]   | INFO Restoring: default-626663db2fb5-2023-05-29-105325.dump.gz\n[Test/build]   | INFO Restore tempfile created: 4.5 KiB\n[Test/build]   | /tmp/de65f406-fe28-11ed-a890-af2cc187fc11/jazzband-django-dbbackup/dbbackup/db/sqlite.py:78: UserWarning: Error in db restore: UNIQUE constraint failed: django_migrations.id\n[Test/build]   |   warnings.warn(f\"Error in db restore: {err}\")\n[Test/build]   | /tmp/de65f406-fe28-11ed-a890-af2cc187fc11/jazzband-django-dbbackup/dbbackup/db/sqlite.py:78: UserWarning: Error in db restore: index testapp_manytomanymodel_field_manytomanymodel_id_charmodel_id_69e4ee78_uniq already exists\n[Test/build]   |   warnings.warn(f\"Error in db restore: {err}\")\n[Test/build]   | .INFO Backing Up Database: file:memorydb_default?mode=memory&cache=shared\n[Test/build]   | INFO Writing file to default-626663db2fb5-2023-05-29-105325.dump.gpg\n[Test/build]   | INFO Finding latest backup\n[Test/build]   | INFO Restoring backup for database 'default' and server 'None'\n[Test/build]   | INFO Restoring: default-626663db2fb5-2023-05-29-105325.dump.gpg\n[Test/build]   | INFO Restore tempfile created: 4.5 KiB\n[Test/build]   | /tmp/de65f406-fe28-11ed-a890-af2cc187fc11/jazzband-django-dbbackup/dbbackup/db/sqlite.py:78: UserWarning: Error in db restore: UNIQUE constraint failed: django_migrations.id\n[Test/build]   |   warnings.warn(f\"Error in db restore: {err}\")\n[Test/build]   | /tmp/de65f406-fe28-11ed-a890-af2cc187fc11/jazzband-django-dbbackup/dbbackup/db/sqlite.py:78: UserWarning: Error in db restore: index testapp_manytomanymodel_field_manytomanymodel_id_charmodel_id_69e4ee78_uniq already exists\n[Test/build]   |   warnings.warn(f\"Error in db restore: {err}\")\n[Test/build]   | .INFO Finding latest backup\n[Test/build]   | CommandError: There's no backup file available.\n[Test/build]   | .INFO Backing Up Database: file:memorydb_default?mode=memory&cache=shared\n[Test/build]   | INFO Writing file to default-626663db2fb5-2023-05-29-105325.dump\n[Test/build]   | INFO Finding latest backup\n[Test/build]   | INFO Restoring backup for database 'default' and server 'None'\n[Test/build]   | INFO Restoring: default-626663db2fb5-2023-05-29-105325.dump\n[Test/build]   | INFO Restore tempfile created: 4.5 KiB\n[Test/build]   | /tmp/de65f406-fe28-11ed-a890-af2cc187fc11/jazzband-django-dbbackup/dbbackup/db/sqlite.py:78: UserWarning: Error in db restore: UNIQUE constraint failed: django_migrations.id\n[Test/build]   |   warnings.warn(f\"Error in db restore: {err}\")\n[Test/build]   | /tmp/de65f406-fe28-11ed-a890-af2cc187fc11/jazzband-django-dbbackup/dbbackup/db/sqlite.py:78: UserWarning: Error in db restore: index testapp_manytomanymodel_field_manytomanymodel_id_charmodel_id_69e4ee78_uniq already exists\n[Test/build]   |   warnings.warn(f\"Error in db restore: {err}\")\n[Test/build]   | .INFO Backing Up Database: file:memorydb_default?mode=memory&cache=shared\n[Test/build]   | INFO Writing file to default-626663db2fb5-2023-05-29-105325.dump\n[Test/build]   | CommandError: Database foo does not exist.\n[Test/build]   | INFO Finding latest backup\n[Test/build]   | INFO Restoring backup for database 'default' and server 'None'\n[Test/build]   | INFO Restoring: default-626663db2fb5-2023-05-29-105325.dump\n[Test/build]   | INFO Restore tempfile created: 4.5 KiB\n[Test/build]   | /tmp/de65f406-fe28-11ed-a890-af2cc187fc11/jazzband-django-dbbackup/dbbackup/db/sqlite.py:78: UserWarning: Error in db restore: UNIQUE constraint failed: django_migrations.id\n[Test/build]   |   warnings.warn(f\"Error in db restore: {err}\")\n[Test/build]   | /tmp/de65f406-fe28-11ed-a890-af2cc187fc11/jazzband-django-dbbackup/dbbackup/db/sqlite.py:78: UserWarning: Error in db restore: index testapp_manytomanymodel_field_manytomanymodel_id_charmodel_id_69e4ee78_uniq already exists\n[Test/build]   |   warnings.warn(f\"Error in db restore: {err}\")\n[Test/build]   | /tmp/de65f406-fe28-11ed-a890-af2cc187fc11/jazzband-django-dbbackup/dbbackup/db/sqlite.py:78: UserWarning: Error in db restore: UNIQUE constraint failed: testapp_charmodel.id\n[Test/build]   |   warnings.warn(f\"Error in db restore: {err}\")\n[Test/build]   | .INFO Writing file to 626663db2fb5-2023-05-29-105325.tar.gz\n[Test/build]   | .INFO Writing file to 626663db2fb5-2023-05-29-105325.tar.gz.gpg\n[Test/build]   | .INFO Writing file to 626663db2fb5-2023-05-29-105326.tar.gpg\n[Test/build]   | .INFO Writing file to 626663db2fb5-2023-05-29-105326.tar\n[Test/build]   | INFO Restoring backup for media files\n[Test/build]   | INFO Finding latest backup\n[Test/build]   | CommandError: There's no backup file available.\n[Test/build]   | .INFO Writing file to 626663db2fb5-2023-05-29-105326.tar\n[Test/build]   | INFO Restoring backup for media files\n[Test/build]   | INFO Finding latest backup\n[Test/build]   | CommandError: There's no backup file available.\n[Test/build]   | .INFO Writing file to 626663db2fb5-2023-05-29-105326.tar.gz\n[Test/build]   | INFO Restoring backup for media files\n[Test/build]   | INFO Finding latest backup\n[Test/build]   | INFO Restoring: 626663db2fb5-2023-05-29-105326.tar.gz\n[Test/build]   | INFO foo uploaded\n[Test/build]   | .INFO Writing file to 626663db2fb5-2023-05-29-105326.tar.gpg\n[Test/build]   | INFO Restoring backup for media files\n[Test/build]   | INFO Finding latest backup\n[Test/build]   | INFO Restoring: 626663db2fb5-2023-05-29-105326.tar.gpg\n[Test/build]   | INFO foo uploaded\n[Test/build]   | .INFO Restoring backup for media files\n[Test/build]   | INFO Finding latest backup\n[Test/build]   | CommandError: There's no backup file available.\n[Test/build]   | .INFO Writing file to 626663db2fb5-2023-05-29-105326.tar\n[Test/build]   | INFO Restoring backup for media files\n[Test/build]   | INFO Finding latest backup\n[Test/build]   | INFO Restoring: 626663db2fb5-2023-05-29-105326.tar\n[Test/build]   | INFO foo uploaded\n[Test/build]   | .\n[Test/build]   | ----------------------------------------------------------------------\n[Test/build]   | Ran 183 tests in 2.965s\n[Test/build]   | \n[Test/build]   | OK\n[Test/build]   | Destroying test database for alias 'default'...\n[Test/build]   | System check identified no issues (0 silenced).\n[Test/build]   | Name                                     Datetime            \n[Test/build]   | 2015-02-06-042810_foo.db                 02/06/15 04:28:10   \n[Test/build]   | 2015-02-06-042810_foo.db.gz              02/06/15 04:28:10   \n[Test/build]   | 2015-02-06-042810_foo.db.gpg             02/06/15 04:28:10   \n[Test/build]   | 2015-02-06-042810_foo.db.gz.gpg          02/06/15 04:28:10   \n[Test/build]   | 2015-02-06-042810_foo.tar                02/06/15 04:28:10   \n[Test/build]   | 2015-02-06-042810_foo.tar.gz             02/06/15 04:28:10   \n[Test/build]   | 2015-02-06-042810_foo.tar.gpg            02/06/15 04:28:10   \n[Test/build]   | 2015-02-06-042810_foo.tar.gz.gpg         02/06/15 04:28:10   \n[Test/build]   | 2015-02-06-042810_bar.db                 02/06/15 04:28:10   \n[Test/build]   | 2015-02-06-042810_bar.db.gz              02/06/15 04:28:10   \n[Test/build]   | 2015-02-06-042810_bar.db.gpg             02/06/15 04:28:10   \n[Test/build]   | 2015-02-06-042810_bar.db.gz.gpg          02/06/15 04:28:10   \n[Test/build]   | 2015-02-06-042810_bar.tar                02/06/15 04:28:10   \n[Test/build]   | 2015-02-06-042810_bar.tar.gz             02/06/15 04:28:10   \n[Test/build]   | 2015-02-06-042810_bar.tar.gpg            02/06/15 04:28:10   \n[Test/build]   | 2015-02-06-042810_bar.tar.gz.gpg         02/06/15 04:28:10   \n[Test/build]   \u2753  ::endgroup::\n[Test/build]   | py37-django32 create: /tmp/de65f406-fe28-11ed-a890-af2cc187fc11/jazzband-django-dbbackup/.tox/py37-django32\n[Test/build]   \u2753  ::group::tox: py37-django32\n[Test/build]   | py37-django32 installdeps: -rrequirements/tests.txt, django>=3.2,<3.3\n[Test/build]   | py37-django32 inst: /tmp/de65f406-fe28-11ed-a890-af2cc187fc11/jazzband-django-dbbackup/.tox/.tmp/package/1/django-dbbackup-4.0.2.zip\n[Test/build]   \u274c  Failure - Main Test with tox\n[Test/build] Error response from daemon: Could not find the file /var/run/act/workflow/pathcmd.txt in container 626663db2fb57b2d816f052918104569a7b7ef83a451663d3246bc96fd8c1f0e\n[Test/build] failed to remove container: Error response from daemon: No such container: 626663db2fb57b2d816f052918104569a7b7ef83a451663d3246bc96fd8c1f0e\n[Test/build] \ud83c\udfc1  Job failed\n",
    "actions_stderr": "Error: Job 'build' failed\n"
}