{
    "repository": "jvanasco/metadata_parser",
    "clone_url": "https://github.com/jvanasco/metadata_parser.git",
    "timestamp": "2023-05-29T14:27:14.996620Z",
    "clone_success": true,
    "number of actions": 1,
    "number_of_test_actions": 1,
    "actions_successful": false,
    "actions_stdout": "[Python package/build-1] \ud83d\ude80  Start image=crawlergpt:latest\n[Python package/build-2] \ud83d\ude80  Start image=crawlergpt:latest\n[Python package/build-1]   \ud83d\udc33  docker pull image=crawlergpt:latest platform= username= forcePull=false\n[Python package/build-2]   \ud83d\udc33  docker pull image=crawlergpt:latest platform= username= forcePull=false\n[Python package/build-2]   \ud83d\udc33  docker create image=crawlergpt:latest platform= entrypoint=[\"tail\" \"-f\" \"/dev/null\"] cmd=[]\n[Python package/build-1]   \ud83d\udc33  docker create image=crawlergpt:latest platform= entrypoint=[\"tail\" \"-f\" \"/dev/null\"] cmd=[]\n[Python package/build-2]   \ud83d\udc33  docker run image=crawlergpt:latest platform= entrypoint=[\"tail\" \"-f\" \"/dev/null\"] cmd=[]\n[Python package/build-1]   \ud83d\udc33  docker run image=crawlergpt:latest platform= entrypoint=[\"tail\" \"-f\" \"/dev/null\"] cmd=[]\n[Python package/build-2]   \ud83d\udc33  docker exec cmd=[chown -R 1012:1000 /tmp/de65f406-fe28-11ed-a890-af2cc187fc11/jvanasco-metadata_parser] user=0 workdir=\n[Python package/build-1]   \ud83d\udc33  docker exec cmd=[chown -R 1012:1000 /tmp/de65f406-fe28-11ed-a890-af2cc187fc11/jvanasco-metadata_parser] user=0 workdir=\n[Python package/build-2]   \u2601  git clone 'https://github.com/actions/setup-python' # ref=v4\n[Python package/build-1]   \u2601  git clone 'https://github.com/actions/setup-python' # ref=v4\n[Python package/build-2] \ud83e\uddea  Matrix: map[os:ubuntu-latest python-version:3.6]\n[Python package/build-1] \ud83e\uddea  Matrix: map[os:ubuntu-latest python-version:3.7]\n[Python package/build-2] \u2b50 Run Main actions/checkout@v3\n[Python package/build-1] \u2b50 Run Main actions/checkout@v3\n[Python package/build-1]   \u2705  Success - Main actions/checkout@v3\n[Python package/build-2]   \u2705  Success - Main actions/checkout@v3\n[Python package/build-1] \u2b50 Run Main Set up Python 3.7\n[Python package/build-2] \u2b50 Run Main Set up Python 3.6\n[Python package/build-1]   \ud83d\udc33  docker cp src=/home/andre-silva/.cache/act/actions-setup-python@v4/ dst=/var/run/act/actions/actions-setup-python@v4/\n[Python package/build-2]   \ud83d\udc33  docker cp src=/home/andre-silva/.cache/act/actions-setup-python@v4/ dst=/var/run/act/actions/actions-setup-python@v4/\n[Python package/build-1]   \ud83d\udc33  docker exec cmd=[chown -R 1012:1000 /var/run/act/actions/actions-setup-python@v4/] user=0 workdir=\n[Python package/build-2]   \ud83d\udc33  docker exec cmd=[chown -R 1012:1000 /var/run/act/actions/actions-setup-python@v4/] user=0 workdir=\n[Python package/build-2]   \ud83d\udc33  docker exec cmd=[node /var/run/act/actions/actions-setup-python@v4/dist/setup/index.js] user= workdir=\n[Python package/build-1]   \ud83d\udc33  docker exec cmd=[node /var/run/act/actions/actions-setup-python@v4/dist/setup/index.js] user= workdir=\n[Python package/build-2]   \ud83d\udcac  ::debug::Python is expected to be installed into /opt/hostedtoolcache\n[Python package/build-2]   \u2753  ::group::Installed versions\n[Python package/build-2]   \ud83d\udcac  ::debug::Semantic version spec of 3.6 is 3.6\n[Python package/build-2]   \ud83d\udcac  ::debug::isExplicit: \n[Python package/build-2]   \ud83d\udcac  ::debug::explicit? false\n[Python package/build-2]   \ud83d\udcac  ::debug::isExplicit: 2.7.18\n[Python package/build-2]   \ud83d\udcac  ::debug::explicit? true\n[Python package/build-2]   \ud83d\udcac  ::debug::isExplicit: 3.5.10\n[Python package/build-2]   \ud83d\udcac  ::debug::explicit? true\n[Python package/build-2]   \ud83d\udcac  ::debug::isExplicit: 3.6.14\n[Python package/build-2]   \ud83d\udcac  ::debug::explicit? true\n[Python package/build-2]   \ud83d\udcac  ::debug::isExplicit: 3.7.11\n[Python package/build-2]   \ud83d\udcac  ::debug::explicit? true\n[Python package/build-2]   \ud83d\udcac  ::debug::isExplicit: 3.8.11\n[Python package/build-2]   \ud83d\udcac  ::debug::explicit? true\n[Python package/build-2]   \ud83d\udcac  ::debug::isExplicit: 3.9.6\n[Python package/build-2]   \ud83d\udcac  ::debug::explicit? true\n[Python package/build-2]   \ud83d\udcac  ::debug::evaluating 6 versions\n[Python package/build-2]   \ud83d\udcac  ::debug::matched: 3.6.14\n[Python package/build-2]   \ud83d\udcac  ::debug::checking cache: /opt/hostedtoolcache/Python/3.6.14/x64\n[Python package/build-2]   \ud83d\udcac  ::debug::Found tool in cache Python 3.6.14 x64\n[Python package/build-2]   | Successfully set up CPython (3.6.14)\n[Python package/build-2]   \u2753  ::endgroup::\n[Python package/build-2]   \u2753 add-matcher /run/act/actions/actions-setup-python@v4/.github/python.json\n[Python package/build-2]   \u2705  Success - Main Set up Python 3.6\n[Python package/build-1]   \ud83d\udcac  ::debug::Python is expected to be installed into /opt/hostedtoolcache\n[Python package/build-1]   \u2753  ::group::Installed versions\n[Python package/build-1]   \ud83d\udcac  ::debug::Semantic version spec of 3.7 is 3.7\n[Python package/build-1]   \ud83d\udcac  ::debug::isExplicit: \n[Python package/build-1]   \ud83d\udcac  ::debug::explicit? false\n[Python package/build-1]   \ud83d\udcac  ::debug::isExplicit: 2.7.18\n[Python package/build-1]   \ud83d\udcac  ::debug::explicit? true\n[Python package/build-1]   \ud83d\udcac  ::debug::isExplicit: 3.5.10\n[Python package/build-1]   \ud83d\udcac  ::debug::explicit? true\n[Python package/build-1]   \ud83d\udcac  ::debug::isExplicit: 3.6.14\n[Python package/build-1]   \ud83d\udcac  ::debug::explicit? true\n[Python package/build-1]   \ud83d\udcac  ::debug::isExplicit: 3.7.11\n[Python package/build-1]   \ud83d\udcac  ::debug::explicit? true\n[Python package/build-1]   \ud83d\udcac  ::debug::isExplicit: 3.8.11\n[Python package/build-1]   \ud83d\udcac  ::debug::explicit? true\n[Python package/build-1]   \ud83d\udcac  ::debug::isExplicit: 3.9.6\n[Python package/build-1]   \ud83d\udcac  ::debug::explicit? true\n[Python package/build-1]   \ud83d\udcac  ::debug::evaluating 6 versions\n[Python package/build-1]   \ud83d\udcac  ::debug::matched: 3.7.11\n[Python package/build-1]   \ud83d\udcac  ::debug::checking cache: /opt/hostedtoolcache/Python/3.7.11/x64\n[Python package/build-1]   \ud83d\udcac  ::debug::Found tool in cache Python 3.7.11 x64\n[Python package/build-1]   | Successfully set up CPython (3.7.11)\n[Python package/build-1]   \u2753  ::endgroup::\n[Python package/build-1]   \u2753 add-matcher /run/act/actions/actions-setup-python@v4/.github/python.json\n[Python package/build-1]   \u2705  Success - Main Set up Python 3.7\n[Python package/build-1]   \u2699  ::set-env:: Python_ROOT_DIR=/opt/hostedtoolcache/Python/3.7.11/x64\n[Python package/build-1]   \u2699  ::set-env:: Python2_ROOT_DIR=/opt/hostedtoolcache/Python/3.7.11/x64\n[Python package/build-1]   \u2699  ::set-env:: Python3_ROOT_DIR=/opt/hostedtoolcache/Python/3.7.11/x64\n[Python package/build-1]   \u2699  ::set-env:: LD_LIBRARY_PATH=/opt/hostedtoolcache/Python/3.7.11/x64/lib\n[Python package/build-1]   \u2699  ::set-env:: pythonLocation=/opt/hostedtoolcache/Python/3.7.11/x64\n[Python package/build-1]   \u2699  ::set-env:: PKG_CONFIG_PATH=/opt/hostedtoolcache/Python/3.7.11/x64/lib/pkgconfig\n[Python package/build-2]   \u2699  ::set-env:: PKG_CONFIG_PATH=/opt/hostedtoolcache/Python/3.6.14/x64/lib/pkgconfig\n[Python package/build-2]   \u2699  ::set-env:: Python_ROOT_DIR=/opt/hostedtoolcache/Python/3.6.14/x64\n[Python package/build-2]   \u2699  ::set-env:: Python2_ROOT_DIR=/opt/hostedtoolcache/Python/3.6.14/x64\n[Python package/build-2]   \u2699  ::set-env:: Python3_ROOT_DIR=/opt/hostedtoolcache/Python/3.6.14/x64\n[Python package/build-2]   \u2699  ::set-env:: LD_LIBRARY_PATH=/opt/hostedtoolcache/Python/3.6.14/x64/lib\n[Python package/build-2]   \u2699  ::set-env:: pythonLocation=/opt/hostedtoolcache/Python/3.6.14/x64\n[Python package/build-2]   \u2699  ::set-output:: python-version=3.6.14\n[Python package/build-1]   \u2699  ::set-output:: python-version=3.7.11\n[Python package/build-2]   \u2699  ::set-output:: python-path=/opt/hostedtoolcache/Python/3.6.14/x64/bin/python\n[Python package/build-1]   \u2699  ::set-output:: python-path=/opt/hostedtoolcache/Python/3.7.11/x64/bin/python\n[Python package/build-1]   \u2699  ::add-path:: /opt/hostedtoolcache/Python/3.7.11/x64\n[Python package/build-1]   \u2699  ::add-path:: /opt/hostedtoolcache/Python/3.7.11/x64/bin\n[Python package/build-2]   \u2699  ::add-path:: /opt/hostedtoolcache/Python/3.6.14/x64\n[Python package/build-2]   \u2699  ::add-path:: /opt/hostedtoolcache/Python/3.6.14/x64/bin\n[Python package/build-1] \u2b50 Run Main Install dependencies\n[Python package/build-2] \u2b50 Run Main Install dependencies\n[Python package/build-1]   \ud83d\udc33  docker exec cmd=[bash --noprofile --norc -e -o pipefail /var/run/act/workflow/2] user= workdir=\n[Python package/build-2]   \ud83d\udc33  docker exec cmd=[bash --noprofile --norc -e -o pipefail /var/run/act/workflow/2] user= workdir=\n[Python package/build-1]   | Requirement already satisfied: pip in /opt/hostedtoolcache/Python/3.7.11/x64/lib/python3.7/site-packages (21.2.4)\n[Python package/build-2]   | Requirement already satisfied: pip in /opt/hostedtoolcache/Python/3.6.14/x64/lib/python3.6/site-packages (21.2.4)\n[Python package/build-1]   | Collecting pip\n[Python package/build-2]   | Collecting pip\n[Python package/build-1]   |   Downloading pip-23.1.2-py3-none-any.whl (2.1 MB)\n[Python package/build-2]   |   Downloading pip-21.3.1-py3-none-any.whl (1.7 MB)\n[Python package/build-1]   | Installing collected packages: pip\n[Python package/build-1]   |   Attempting uninstall: pip\n[Python package/build-1]   |     Found existing installation: pip 21.2.4\n[Python package/build-2]   | Installing collected packages: pip\n[Python package/build-2]   |   Attempting uninstall: pip\n[Python package/build-2]   |     Found existing installation: pip 21.2.4\n[Python package/build-1]   |     Uninstalling pip-21.2.4:\n[Python package/build-2]   |     Uninstalling pip-21.2.4:\n[Python package/build-1]   |       Successfully uninstalled pip-21.2.4\n[Python package/build-2]   |       Successfully uninstalled pip-21.2.4\n[Python package/build-2]   | Successfully installed pip-21.3.1\n[Python package/build-1]   | Successfully installed pip-23.1.2\n[Python package/build-2]   | Collecting tox\n[Python package/build-2]   |   Downloading tox-3.28.0-py2.py3-none-any.whl (86 kB)\n[Python package/build-2]   | Requirement already satisfied: setuptools in /opt/hostedtoolcache/Python/3.6.14/x64/lib/python3.6/site-packages (40.6.2)\n[Python package/build-1]   | Collecting tox\n[Python package/build-1]   |   Downloading tox-4.5.2-py3-none-any.whl (148 kB)\n[Python package/build-1]   |      \u2501\u2501\u2501\u2501\u2501\u2501\u2501\u2501\u2501\u2501\u2501\u2501\u2501\u2501\u2501\u2501\u2501\u2501\u2501\u2501\u2501\u2501\u2501\u2501\u2501\u2501\u2501\u2501\u2501\u2501\u2501\u2501\u2501\u2501\u2501\u2501\u2501\u2501\u2501 149.0/149.0 kB 5.1 MB/s eta 0:00:00\n[Python package/build-1]   | Requirement already satisfied: setuptools in /opt/hostedtoolcache/Python/3.7.11/x64/lib/python3.7/site-packages (47.1.0)\n[Python package/build-2]   | Collecting setuptools\n[Python package/build-2]   |   Downloading setuptools-59.6.0-py3-none-any.whl (952 kB)\n[Python package/build-1]   | Collecting setuptools\n[Python package/build-1]   |   Downloading setuptools-67.8.0-py3-none-any.whl (1.1 MB)\n[Python package/build-1]   |      \u2501\u2501\u2501\u2501\u2501\u2501\u2501\u2501\u2501\u2501\u2501\u2501\u2501\u2501\u2501\u2501\u2501\u2501\u2501\u2501\u2501\u2501\u2501\u2501\u2501\u2501\u2501\u2501\u2501\u2501\u2501\u2501\u2501\u2501\u2501\u2501\u2501\u2501\u2501\u2501 1.1/1.1 MB 11.6 MB/s eta 0:00:00\n[Python package/build-2]   | Collecting flake8\n[Python package/build-2]   |   Downloading flake8-5.0.4-py2.py3-none-any.whl (61 kB)\n[Python package/build-1]   | Collecting flake8\n[Python package/build-1]   |   Downloading flake8-5.0.4-py2.py3-none-any.whl (61 kB)\n[Python package/build-1]   |      \u2501\u2501\u2501\u2501\u2501\u2501\u2501\u2501\u2501\u2501\u2501\u2501\u2501\u2501\u2501\u2501\u2501\u2501\u2501\u2501\u2501\u2501\u2501\u2501\u2501\u2501\u2501\u2501\u2501\u2501\u2501\u2501\u2501\u2501\u2501\u2501\u2501\u2501\u2501\u2501 61.9/61.9 kB 7.2 MB/s eta 0:00:00\n[Python package/build-1]   | Collecting pytest\n[Python package/build-1]   |   Downloading pytest-7.3.1-py3-none-any.whl (320 kB)\n[Python package/build-1]   |      \u2501\u2501\u2501\u2501\u2501\u2501\u2501\u2501\u2501\u2501\u2501\u2501\u2501\u2501\u2501\u2501\u2501\u2501\u2501\u2501\u2501\u2501\u2501\u2501\u2501\u2501\u2501\u2501\u2501\u2501\u2501\u2501\u2501\u2501\u2501\u2501\u2501\u2501\u2501 320.5/320.5 kB 5.5 MB/s eta 0:00:00\n[Python package/build-2]   | Collecting pytest\n[Python package/build-2]   |   Downloading pytest-7.0.1-py3-none-any.whl (296 kB)\n[Python package/build-1]   | Collecting cachetools>=5.3 (from tox)\n[Python package/build-1]   |   Downloading cachetools-5.3.1-py3-none-any.whl (9.3 kB)\n[Python package/build-2]   | Collecting pluggy>=0.12.0\n[Python package/build-2]   |   Downloading pluggy-1.0.0-py2.py3-none-any.whl (13 kB)\n[Python package/build-1]   | Collecting chardet>=5.1 (from tox)\n[Python package/build-1]   |   Downloading chardet-5.1.0-py3-none-any.whl (199 kB)\n[Python package/build-1]   |      \u2501\u2501\u2501\u2501\u2501\u2501\u2501\u2501\u2501\u2501\u2501\u2501\u2501\u2501\u2501\u2501\u2501\u2501\u2501\u2501\u2501\u2501\u2501\u2501\u2501\u2501\u2501\u2501\u2501\u2501\u2501\u2501\u2501\u2501\u2501\u2501\u2501\u2501\u2501 199.1/199.1 kB 8.0 MB/s eta 0:00:00\n[Python package/build-1]   | Collecting colorama>=0.4.6 (from tox)\n[Python package/build-1]   |   Downloading colorama-0.4.6-py2.py3-none-any.whl (25 kB)\n[Python package/build-1]   | Collecting filelock>=3.12 (from tox)\n[Python package/build-1]   |   Downloading filelock-3.12.0-py3-none-any.whl (10 kB)\n[Python package/build-1]   | Collecting importlib-metadata>=6.6 (from tox)\n[Python package/build-1]   |   Downloading importlib_metadata-6.6.0-py3-none-any.whl (22 kB)\n[Python package/build-1]   | Collecting packaging>=23.1 (from tox)\n[Python package/build-1]   |   Downloading packaging-23.1-py3-none-any.whl (48 kB)\n[Python package/build-1]   |      \u2501\u2501\u2501\u2501\u2501\u2501\u2501\u2501\u2501\u2501\u2501\u2501\u2501\u2501\u2501\u2501\u2501\u2501\u2501\u2501\u2501\u2501\u2501\u2501\u2501\u2501\u2501\u2501\u2501\u2501\u2501\u2501\u2501\u2501\u2501\u2501\u2501\u2501\u2501\u2501 48.9/48.9 kB 8.1 MB/s eta 0:00:00\n[Python package/build-1]   | Collecting platformdirs>=3.5.1 (from tox)\n[Python package/build-1]   |   Downloading platformdirs-3.5.1-py3-none-any.whl (15 kB)\n[Python package/build-1]   | Collecting pluggy>=1 (from tox)\n[Python package/build-1]   |   Downloading pluggy-1.0.0-py2.py3-none-any.whl (13 kB)\n[Python package/build-2]   | Collecting virtualenv!=20.0.0,!=20.0.1,!=20.0.2,!=20.0.3,!=20.0.4,!=20.0.5,!=20.0.6,!=20.0.7,>=16.0.0\n[Python package/build-2]   |   Downloading virtualenv-20.17.1-py3-none-any.whl (8.8 MB)\n[Python package/build-1]   | Collecting pyproject-api>=1.5.1 (from tox)\n[Python package/build-1]   |   Downloading pyproject_api-1.5.1-py3-none-any.whl (12 kB)\n[Python package/build-1]   | Collecting tomli>=2.0.1 (from tox)\n[Python package/build-1]   |   Downloading tomli-2.0.1-py3-none-any.whl (12 kB)\n[Python package/build-1]   | Collecting typing-extensions>=4.6.2 (from tox)\n[Python package/build-1]   |   Downloading typing_extensions-4.6.2-py3-none-any.whl (31 kB)\n[Python package/build-2]   | Collecting six>=1.14.0\n[Python package/build-2]   |   Downloading six-1.16.0-py2.py3-none-any.whl (11 kB)\n[Python package/build-2]   | Collecting packaging>=14\n[Python package/build-1]   | Collecting virtualenv>=20.23 (from tox)\n[Python package/build-2]   |   Downloading packaging-21.3-py3-none-any.whl (40 kB)\n[Python package/build-1]   |   Downloading virtualenv-20.23.0-py3-none-any.whl (3.3 MB)\n[Python package/build-2]   | Collecting filelock>=3.0.0\n[Python package/build-2]   |   Downloading filelock-3.4.1-py3-none-any.whl (9.9 kB)\n[Python package/build-1]   |      \u2501\u2501\u2501\u2501\u2501\u2501\u2501\u2501\u2501\u2501\u2501\u2501\u2501\u2501\u2501\u2501\u2501\u2501\u2501\u2501\u2501\u2501\u2501\u2501\u2501\u2501\u2501\u2501\u2501\u2501\u2501\u2501\u2501\u2501\u2501\u2501\u2501\u2501\u2501\u2501 3.3/3.3 MB 15.4 MB/s eta 0:00:00\n[Python package/build-2]   | Collecting py>=1.4.17\n[Python package/build-2]   |   Downloading py-1.11.0-py2.py3-none-any.whl (98 kB)\n[Python package/build-1]   | Collecting mccabe<0.8.0,>=0.7.0 (from flake8)\n[Python package/build-1]   |   Downloading mccabe-0.7.0-py2.py3-none-any.whl (7.3 kB)\n[Python package/build-2]   | Collecting toml>=0.10.2\n[Python package/build-2]   |   Downloading toml-0.10.2-py2.py3-none-any.whl (16 kB)\n[Python package/build-1]   | Collecting pycodestyle<2.10.0,>=2.9.0 (from flake8)\n[Python package/build-1]   |   Downloading pycodestyle-2.9.1-py2.py3-none-any.whl (41 kB)\n[Python package/build-1]   |      \u2501\u2501\u2501\u2501\u2501\u2501\u2501\u2501\u2501\u2501\u2501\u2501\u2501\u2501\u2501\u2501\u2501\u2501\u2501\u2501\u2501\u2501\u2501\u2501\u2501\u2501\u2501\u2501\u2501\u2501\u2501\u2501\u2501\u2501\u2501\u2501\u2501\u2501\u2501\u2501 41.5/41.5 kB 3.8 MB/s eta 0:00:00\n[Python package/build-1]   | Collecting pyflakes<2.6.0,>=2.5.0 (from flake8)\n[Python package/build-1]   |   Downloading pyflakes-2.5.0-py2.py3-none-any.whl (66 kB)\n[Python package/build-1]   |      \u2501\u2501\u2501\u2501\u2501\u2501\u2501\u2501\u2501\u2501\u2501\u2501\u2501\u2501\u2501\u2501\u2501\u2501\u2501\u2501\u2501\u2501\u2501\u2501\u2501\u2501\u2501\u2501\u2501\u2501\u2501\u2501\u2501\u2501\u2501\u2501\u2501\u2501\u2501\u2501 66.1/66.1 kB 9.3 MB/s eta 0:00:00\n[Python package/build-1]   | INFO: pip is looking at multiple versions of flake8 to determine which version is compatible with other requirements. This could take a while.\n[Python package/build-1]   | Collecting flake8\n[Python package/build-1]   |   Downloading flake8-5.0.3-py2.py3-none-any.whl (61 kB)\n[Python package/build-1]   |      \u2501\u2501\u2501\u2501\u2501\u2501\u2501\u2501\u2501\u2501\u2501\u2501\u2501\u2501\u2501\u2501\u2501\u2501\u2501\u2501\u2501\u2501\u2501\u2501\u2501\u2501\u2501\u2501\u2501\u2501\u2501\u2501\u2501\u2501\u2501\u2501\u2501\u2501\u2501\u2501 61.9/61.9 kB 1.8 MB/s eta 0:00:00\n[Python package/build-2]   | Collecting importlib-metadata>=0.12\n[Python package/build-2]   |   Downloading importlib_metadata-4.8.3-py3-none-any.whl (17 kB)\n[Python package/build-1]   |   Downloading flake8-5.0.2-py2.py3-none-any.whl (61 kB)\n[Python package/build-1]   |      \u2501\u2501\u2501\u2501\u2501\u2501\u2501\u2501\u2501\u2501\u2501\u2501\u2501\u2501\u2501\u2501\u2501\u2501\u2501\u2501\u2501\u2501\u2501\u2501\u2501\u2501\u2501\u2501\u2501\u2501\u2501\u2501\u2501\u2501\u2501\u2501\u2501\u2501\u2501\u2501 61.9/61.9 kB 1.6 MB/s eta 0:00:00\n[Python package/build-2]   | Collecting pyflakes<2.6.0,>=2.5.0\n[Python package/build-2]   |   Downloading pyflakes-2.5.0-py2.py3-none-any.whl (66 kB)\n[Python package/build-1]   |   Downloading flake8-5.0.1-py2.py3-none-any.whl (61 kB)\n[Python package/build-1]   |      \u2501\u2501\u2501\u2501\u2501\u2501\u2501\u2501\u2501\u2501\u2501\u2501\u2501\u2501\u2501\u2501\u2501\u2501\u2501\u2501\u2501\u2501\u2501\u2501\u2501\u2501\u2501\u2501\u2501\u2501\u2501\u2501\u2501\u2501\u2501\u2501\u2501\u2501\u2501\u2501 61.7/61.7 kB 1.0 MB/s eta 0:00:00\n[Python package/build-2]   | Collecting mccabe<0.8.0,>=0.7.0\n[Python package/build-1]   |   Downloading flake8-5.0.0-py2.py3-none-any.whl (61 kB)\n[Python package/build-2]   |   Downloading mccabe-0.7.0-py2.py3-none-any.whl (7.3 kB)\n[Python package/build-1]   |      \u2501\u2501\u2501\u2501\u2501\u2501\u2501\u2501\u2501\u2501\u2501\u2501\u2501\u2501\u2501\u2501\u2501\u2501\u2501\u2501\u2501\u2501\u2501\u2501\u2501\u2501\u2501\u2501\u2501\u2501\u2501\u2501\u2501\u2501\u2501\u2501\u2501\u2501\u2501\u2501 61.7/61.7 kB 2.4 MB/s eta 0:00:00\n[Python package/build-1]   |   Downloading flake8-4.0.1-py2.py3-none-any.whl (64 kB)\n[Python package/build-1]   |      \u2501\u2501\u2501\u2501\u2501\u2501\u2501\u2501\u2501\u2501\u2501\u2501\u2501\u2501\u2501\u2501\u2501\u2501\u2501\u2501\u2501\u2501\u2501\u2501\u2501\u2501\u2501\u2501\u2501\u2501\u2501\u2501\u2501\u2501\u2501\u2501\u2501\u2501\u2501\u2501 64.1/64.1 kB 3.0 MB/s eta 0:00:00\n[Python package/build-2]   | Collecting importlib-metadata>=0.12\n[Python package/build-1]   | Collecting mccabe<0.7.0,>=0.6.0 (from flake8)\n[Python package/build-2]   |   Downloading importlib_metadata-4.2.0-py3-none-any.whl (16 kB)\n[Python package/build-1]   |   Downloading mccabe-0.6.1-py2.py3-none-any.whl (8.6 kB)\n[Python package/build-1]   | Collecting pycodestyle<2.9.0,>=2.8.0 (from flake8)\n[Python package/build-1]   |   Downloading pycodestyle-2.8.0-py2.py3-none-any.whl (42 kB)\n[Python package/build-1]   |      \u2501\u2501\u2501\u2501\u2501\u2501\u2501\u2501\u2501\u2501\u2501\u2501\u2501\u2501\u2501\u2501\u2501\u2501\u2501\u2501\u2501\u2501\u2501\u2501\u2501\u2501\u2501\u2501\u2501\u2501\u2501\u2501\u2501\u2501\u2501\u2501\u2501\u2501\u2501\u2501 42.1/42.1 kB 9.0 MB/s eta 0:00:00\n[Python package/build-2]   | Collecting pycodestyle<2.10.0,>=2.9.0\n[Python package/build-2]   |   Downloading pycodestyle-2.9.1-py2.py3-none-any.whl (41 kB)\n[Python package/build-1]   | Collecting pyflakes<2.5.0,>=2.4.0 (from flake8)\n[Python package/build-1]   |   Downloading pyflakes-2.4.0-py2.py3-none-any.whl (69 kB)\n[Python package/build-1]   |      \u2501\u2501\u2501\u2501\u2501\u2501\u2501\u2501\u2501\u2501\u2501\u2501\u2501\u2501\u2501\u2501\u2501\u2501\u2501\u2501\u2501\u2501\u2501\u2501\u2501\u2501\u2501\u2501\u2501\u2501\u2501\u2501\u2501\u2501\u2501\u2501\u2501\u2501\u2501\u2501 69.7/69.7 kB 3.0 MB/s eta 0:00:00\n[Python package/build-1]   | Collecting flake8\n[Python package/build-1]   |   Downloading flake8-4.0.0-py2.py3-none-any.whl (64 kB)\n[Python package/build-2]   | Collecting tomli>=1.0.0\n[Python package/build-1]   |      \u2501\u2501\u2501\u2501\u2501\u2501\u2501\u2501\u2501\u2501\u2501\u2501\u2501\u2501\u2501\u2501\u2501\u2501\u2501\u2501\u2501\u2501\u2501\u2501\u2501\u2501\u2501\u2501\u2501\u2501\u2501\u2501\u2501\u2501\u2501\u2501\u2501\u2501\u2501\u2501 64.1/64.1 kB 6.3 MB/s eta 0:00:00\n[Python package/build-2]   |   Downloading tomli-1.2.3-py3-none-any.whl (12 kB)\n[Python package/build-1]   |   Downloading flake8-3.9.2-py2.py3-none-any.whl (73 kB)\n[Python package/build-1]   |      \u2501\u2501\u2501\u2501\u2501\u2501\u2501\u2501\u2501\u2501\u2501\u2501\u2501\u2501\u2501\u2501\u2501\u2501\u2501\u2501\u2501\u2501\u2501\u2501\u2501\u2501\u2501\u2501\u2501\u2501\u2501\u2501\u2501\u2501\u2501\u2501\u2501\u2501\u2501\u2501 73.1/73.1 kB 13.7 MB/s eta 0:00:00\n[Python package/build-1]   | Collecting pyflakes<2.4.0,>=2.3.0 (from flake8)\n[Python package/build-1]   |   Downloading pyflakes-2.3.1-py2.py3-none-any.whl (68 kB)\n[Python package/build-2]   | Collecting attrs>=19.2.0\n[Python package/build-1]   |      \u2501\u2501\u2501\u2501\u2501\u2501\u2501\u2501\u2501\u2501\u2501\u2501\u2501\u2501\u2501\u2501\u2501\u2501\u2501\u2501\u2501\u2501\u2501\u2501\u2501\u2501\u2501\u2501\u2501\u2501\u2501\u2501\u2501\u2501\u2501\u2501\u2501\u2501\u2501\u2501 68.8/68.8 kB 2.8 MB/s eta 0:00:00\n[Python package/build-2]   |   Downloading attrs-22.2.0-py3-none-any.whl (60 kB)\n[Python package/build-1]   | Collecting pycodestyle<2.8.0,>=2.7.0 (from flake8)\n[Python package/build-1]   |   Downloading pycodestyle-2.7.0-py2.py3-none-any.whl (41 kB)\n[Python package/build-1]   |      \u2501\u2501\u2501\u2501\u2501\u2501\u2501\u2501\u2501\u2501\u2501\u2501\u2501\u2501\u2501\u2501\u2501\u2501\u2501\u2501\u2501\u2501\u2501\u2501\u2501\u2501\u2501\u2501\u2501\u2501\u2501\u2501\u2501\u2501\u2501\u2501\u2501\u2501\u2501\u2501 41.7/41.7 kB 1.4 MB/s eta 0:00:00\n[Python package/build-2]   | Collecting iniconfig\n[Python package/build-2]   |   Downloading iniconfig-1.1.1-py2.py3-none-any.whl (5.0 kB)\n[Python package/build-1]   | Collecting iniconfig (from pytest)\n[Python package/build-1]   |   Downloading iniconfig-2.0.0-py3-none-any.whl (5.9 kB)\n[Python package/build-1]   | Collecting exceptiongroup>=1.0.0rc8 (from pytest)\n[Python package/build-1]   |   Downloading exceptiongroup-1.1.1-py3-none-any.whl (14 kB)\n[Python package/build-2]   | Collecting zipp>=0.5\n[Python package/build-2]   |   Downloading zipp-3.6.0-py3-none-any.whl (5.3 kB)\n[Python package/build-2]   | Collecting typing-extensions>=3.6.4\n[Python package/build-2]   |   Downloading typing_extensions-4.1.1-py3-none-any.whl (26 kB)\n[Python package/build-1]   | Collecting zipp>=0.5 (from importlib-metadata>=6.6->tox)\n[Python package/build-1]   |   Downloading zipp-3.15.0-py3-none-any.whl (6.8 kB)\n[Python package/build-2]   | Collecting pyparsing!=3.0.5,>=2.0.2\n[Python package/build-2]   |   Downloading pyparsing-3.0.9-py3-none-any.whl (98 kB)\n[Python package/build-1]   | Collecting distlib<1,>=0.3.6 (from virtualenv>=20.23->tox)\n[Python package/build-1]   |   Downloading distlib-0.3.6-py2.py3-none-any.whl (468 kB)\n[Python package/build-1]   |      \u2501\u2501\u2501\u2501\u2501\u2501\u2501\u2501\u2501\u2501\u2501\u2501\u2501\u2501\u2501\u2501\u2501\u2501\u2501\u2501\u2501\u2501\u2501\u2501\u2501\u2501\u2501\u2501\u2501\u2501\u2501\u2501\u2501\u2501\u2501\u2501\u2501\u2501 468.5/468.5 kB 25.9 MB/s eta 0:00:00\n[Python package/build-2]   | Collecting platformdirs<3,>=2.4\n[Python package/build-2]   |   Downloading platformdirs-2.4.0-py3-none-any.whl (14 kB)\n[Python package/build-2]   | Collecting distlib<1,>=0.3.6\n[Python package/build-2]   |   Downloading distlib-0.3.6-py2.py3-none-any.whl (468 kB)\n[Python package/build-2]   | Collecting virtualenv!=20.0.0,!=20.0.1,!=20.0.2,!=20.0.3,!=20.0.4,!=20.0.5,!=20.0.6,!=20.0.7,>=16.0.0\n[Python package/build-2]   |   Downloading virtualenv-20.17.0-py3-none-any.whl (8.8 MB)\n[Python package/build-2]   |   Downloading virtualenv-20.16.7-py3-none-any.whl (8.8 MB)\n[Python package/build-1]   | Installing collected packages: mccabe, distlib, zipp, typing-extensions, tomli, setuptools, pyflakes, pycodestyle, packaging, iniconfig, filelock, exceptiongroup, colorama, chardet, cachetools, pyproject-api, platformdirs, importlib-metadata, virtualenv, pluggy, flake8, tox, pytest\n[Python package/build-2]   |   Downloading virtualenv-20.16.6-py3-none-any.whl (8.8 MB)\n[Python package/build-1]   |   Attempting uninstall: setuptools\n[Python package/build-1]   |     Found existing installation: setuptools 47.1.0\n[Python package/build-1]   |     Uninstalling setuptools-47.1.0:\n[Python package/build-2]   |   Downloading virtualenv-20.16.5-py3-none-any.whl (8.8 MB)\n[Python package/build-1]   |       Successfully uninstalled setuptools-47.1.0\n[Python package/build-2]   |   Downloading virtualenv-20.16.4-py3-none-any.whl (8.8 MB)\n[Python package/build-2]   |   Downloading virtualenv-20.16.3-py2.py3-none-any.whl (8.8 MB)\n[Python package/build-2]   |   Downloading virtualenv-20.16.2-py2.py3-none-any.whl (8.8 MB)\n[Python package/build-2]   | Collecting importlib-resources>=1.0\n[Python package/build-2]   |   Downloading importlib_resources-5.4.0-py3-none-any.whl (28 kB)\n[Python package/build-2]   | Installing collected packages: zipp, typing-extensions, pyparsing, platformdirs, importlib-resources, importlib-metadata, filelock, distlib, virtualenv, tomli, toml, six, pyflakes, pycodestyle, py, pluggy, packaging, mccabe, iniconfig, attrs, tox, setuptools, pytest, flake8\n[Python package/build-1]   | Successfully installed cachetools-5.3.1 chardet-5.1.0 colorama-0.4.6 distlib-0.3.6 exceptiongroup-1.1.1 filelock-3.12.0 flake8-3.9.2 importlib-metadata-6.6.0 iniconfig-2.0.0 mccabe-0.6.1 packaging-23.1 platformdirs-3.5.1 pluggy-1.0.0 pycodestyle-2.7.0 pyflakes-2.3.1 pyproject-api-1.5.1 pytest-7.3.1 setuptools-67.8.0 tomli-2.0.1 tox-4.5.2 typing-extensions-4.6.2 virtualenv-20.23.0 zipp-3.15.0\n[Python package/build-1]   | \n[Python package/build-1]   | [notice] A new release of pip is available: 20.1.1 -> 23.1.2\n[Python package/build-1]   | [notice] To update, run: pip install --upgrade pip\n[Python package/build-2]   |   Attempting uninstall: setuptools\n[Python package/build-2]   |     Found existing installation: setuptools 40.6.2\n[Python package/build-1]   | Package            Version\n[Python package/build-1]   | ------------------ -------\n[Python package/build-1]   | cachetools         5.3.1\n[Python package/build-1]   | chardet            5.1.0\n[Python package/build-1]   | colorama           0.4.6\n[Python package/build-1]   | distlib            0.3.6\n[Python package/build-1]   | exceptiongroup     1.1.1\n[Python package/build-1]   | filelock           3.12.0\n[Python package/build-1]   | flake8             3.9.2\n[Python package/build-1]   | importlib-metadata 6.6.0\n[Python package/build-1]   | iniconfig          2.0.0\n[Python package/build-1]   | mccabe             0.6.1\n[Python package/build-1]   | packaging          23.1\n[Python package/build-1]   | pip                20.1.1\n[Python package/build-1]   | platformdirs       3.5.1\n[Python package/build-1]   | pluggy             1.0.0\n[Python package/build-1]   | pycodestyle        2.7.0\n[Python package/build-1]   | pyflakes           2.3.1\n[Python package/build-1]   | pyproject_api      1.5.1\n[Python package/build-1]   | pytest             7.3.1\n[Python package/build-1]   | setuptools         67.8.0\n[Python package/build-1]   | tomli              2.0.1\n[Python package/build-1]   | tox                4.5.2\n[Python package/build-1]   | typing_extensions  4.6.2\n[Python package/build-1]   | virtualenv         20.23.0\n[Python package/build-1]   | zipp               3.15.0\n[Python package/build-2]   |     Uninstalling setuptools-40.6.2:\n[Python package/build-1]   | \n[Python package/build-1]   | [notice] A new release of pip is available: 20.1.1 -> 23.1.2\n[Python package/build-1]   | [notice] To update, run: pip install --upgrade pip\n[Python package/build-1]   \u2705  Success - Main Install dependencies\n[Python package/build-2]   |       Successfully uninstalled setuptools-40.6.2\n[Python package/build-1] \u2b50 Run Main Test with pytest\n[Python package/build-1]   \ud83d\udc33  docker exec cmd=[bash --noprofile --norc -e -o pipefail /var/run/act/workflow/3] user= workdir=\n[Python package/build-2]   | Successfully installed attrs-22.2.0 distlib-0.3.6 filelock-3.4.1 flake8-5.0.4 importlib-metadata-4.2.0 importlib-resources-5.4.0 iniconfig-1.1.1 mccabe-0.7.0 packaging-21.3 platformdirs-2.4.0 pluggy-1.0.0 py-1.11.0 pycodestyle-2.9.1 pyflakes-2.5.0 pyparsing-3.0.9 pytest-7.0.1 setuptools-59.6.0 six-1.16.0 toml-0.10.2 tomli-1.2.3 tox-3.28.0 typing-extensions-4.1.1 virtualenv-20.16.2 zipp-3.6.0\n[Python package/build-2]   | Package             Version\n[Python package/build-2]   | ------------------- -------\n[Python package/build-2]   | attrs               22.2.0\n[Python package/build-2]   | distlib             0.3.6\n[Python package/build-2]   | filelock            3.4.1\n[Python package/build-2]   | flake8              5.0.4\n[Python package/build-2]   | importlib-metadata  4.2.0\n[Python package/build-2]   | importlib-resources 5.4.0\n[Python package/build-2]   | iniconfig           1.1.1\n[Python package/build-2]   | mccabe              0.7.0\n[Python package/build-2]   | packaging           21.3\n[Python package/build-2]   | pip                 21.3.1\n[Python package/build-2]   | platformdirs        2.4.0\n[Python package/build-2]   | pluggy              1.0.0\n[Python package/build-2]   | py                  1.11.0\n[Python package/build-2]   | pycodestyle         2.9.1\n[Python package/build-2]   | pyflakes            2.5.0\n[Python package/build-2]   | pyparsing           3.0.9\n[Python package/build-2]   | pytest              7.0.1\n[Python package/build-2]   | setuptools          59.6.0\n[Python package/build-2]   | six                 1.16.0\n[Python package/build-2]   | toml                0.10.2\n[Python package/build-2]   | tomli               1.2.3\n[Python package/build-2]   | tox                 3.28.0\n[Python package/build-2]   | typing_extensions   4.1.1\n[Python package/build-2]   | virtualenv          20.16.2\n[Python package/build-2]   | zipp                3.6.0\n[Python package/build-2]   \u2705  Success - Main Install dependencies\n[Python package/build-2] \u2b50 Run Main Test with pytest\n[Python package/build-2]   \ud83d\udc33  docker exec cmd=[bash --noprofile --norc -e -o pipefail /var/run/act/workflow/3] user= workdir=\n[Python package/build-2]   | GLOB sdist-make: /tmp/de65f406-fe28-11ed-a890-af2cc187fc11/jvanasco-metadata_parser/setup.py\n[Python package/build-2]   | py create: /tmp/de65f406-fe28-11ed-a890-af2cc187fc11/jvanasco-metadata_parser/.tox/py\n[Python package/build-1]   | py: internal error\n[Python package/build-1]   | Traceback (most recent call last):\n[Python package/build-1]   |   File \"/opt/hostedtoolcache/Python/3.7.11/x64/lib/python3.7/site-packages/tox/session/cmd/run/single.py\", line 45, in _evaluate\n[Python package/build-1]   |     tox_env.setup()\n[Python package/build-1]   |   File \"/opt/hostedtoolcache/Python/3.7.11/x64/lib/python3.7/site-packages/tox/tox_env/api.py\", line 249, in setup\n[Python package/build-1]   |     self._setup_env()\n[Python package/build-1]   |   File \"/opt/hostedtoolcache/Python/3.7.11/x64/lib/python3.7/site-packages/tox/tox_env/python/runner.py\", line 106, in _setup_env\n[Python package/build-1]   |     super()._setup_env()\n[Python package/build-1]   |   File \"/opt/hostedtoolcache/Python/3.7.11/x64/lib/python3.7/site-packages/tox/tox_env/python/api.py\", line 198, in _setup_env\n[Python package/build-1]   |     self.ensure_python_env()\n[Python package/build-1]   |   File \"/opt/hostedtoolcache/Python/3.7.11/x64/lib/python3.7/site-packages/tox/tox_env/python/api.py\", line 205, in ensure_python_env\n[Python package/build-1]   |     self.create_python_env()\n[Python package/build-1]   |   File \"/opt/hostedtoolcache/Python/3.7.11/x64/lib/python3.7/site-packages/tox/tox_env/python/virtual_env/api.py\", line 129, in create_python_env\n[Python package/build-1]   |     self.session.run()\n[Python package/build-1]   |   File \"/opt/hostedtoolcache/Python/3.7.11/x64/lib/python3.7/site-packages/virtualenv/run/session.py\", line 45, in run\n[Python package/build-1]   |     self._seed()\n[Python package/build-1]   |   File \"/opt/hostedtoolcache/Python/3.7.11/x64/lib/python3.7/site-packages/virtualenv/run/session.py\", line 58, in _seed\n[Python package/build-1]   |     self.seeder.run(self.creator)\n[Python package/build-1]   |   File \"/opt/hostedtoolcache/Python/3.7.11/x64/lib/python3.7/site-packages/virtualenv/seed/embed/via_app_data/via_app_data.py\", line 71, in run\n[Python package/build-1]   |     raise RuntimeError(\"\\n\".join(messages))\n[Python package/build-1]   | RuntimeError: failed to build image setuptools, pip because:\n[Python package/build-1]   | Traceback (most recent call last):\n[Python package/build-1]   |   File \"/opt/hostedtoolcache/Python/3.7.11/x64/lib/python3.7/site-packages/virtualenv/seed/embed/via_app_data/via_app_data.py\", line 57, in _install\n[Python package/build-1]   |     installer.install(creator.interpreter.version_info)\n[Python package/build-1]   |   File \"/opt/hostedtoolcache/Python/3.7.11/x64/lib/python3.7/site-packages/virtualenv/seed/embed/via_app_data/pip_install/base.py\", line 33, in install\n[Python package/build-1]   |     self._uninstall_previous_version()\n[Python package/build-1]   |   File \"/opt/hostedtoolcache/Python/3.7.11/x64/lib/python3.7/site-packages/virtualenv/seed/embed/via_app_data/pip_install/base.py\", line 147, in _uninstall_previous_version\n[Python package/build-1]   |     existing_dist = next(paths, None)\n[Python package/build-1]   |   File \"/opt/hostedtoolcache/Python/3.7.11/x64/lib/python3.7/site-packages/virtualenv/seed/embed/via_app_data/pip_install/base.py\", line 146, in <genexpr>\n[Python package/build-1]   |     paths = (p for p in in_folders if p.stem.split(\"-\")[0] == dist_name and p.suffix == \".dist-info\" and p.is_dir())\n[Python package/build-1]   |   File \"/opt/hostedtoolcache/Python/3.7.11/x64/lib/python3.7/pathlib.py\", line 1107, in iterdir\n[Python package/build-1]   |     for name in self._accessor.listdir(self):\n[Python package/build-1]   | FileNotFoundError: [Errno 2] No such file or directory: '/tmp/de65f406-fe28-11ed-a890-af2cc187fc11/jvanasco-metadata_parser/.tox/py/lib/python3.7/site-packages'\n[Python package/build-1]   | \n[Python package/build-1]   | Traceback (most recent call last):\n[Python package/build-1]   |   File \"/opt/hostedtoolcache/Python/3.7.11/x64/lib/python3.7/site-packages/virtualenv/seed/embed/via_app_data/via_app_data.py\", line 57, in _install\n[Python package/build-1]   |     installer.install(creator.interpreter.version_info)\n[Python package/build-1]   |   File \"/opt/hostedtoolcache/Python/3.7.11/x64/lib/python3.7/site-packages/virtualenv/seed/embed/via_app_data/pip_install/base.py\", line 33, in install\n[Python package/build-1]   |     self._uninstall_previous_version()\n[Python package/build-1]   |   File \"/opt/hostedtoolcache/Python/3.7.11/x64/lib/python3.7/site-packages/virtualenv/seed/embed/via_app_data/pip_install/base.py\", line 147, in _uninstall_previous_version\n[Python package/build-1]   |     existing_dist = next(paths, None)\n[Python package/build-1]   |   File \"/opt/hostedtoolcache/Python/3.7.11/x64/lib/python3.7/site-packages/virtualenv/seed/embed/via_app_data/pip_install/base.py\", line 146, in <genexpr>\n[Python package/build-1]   |     paths = (p for p in in_folders if p.stem.split(\"-\")[0] == dist_name and p.suffix == \".dist-info\" and p.is_dir())\n[Python package/build-1]   |   File \"/opt/hostedtoolcache/Python/3.7.11/x64/lib/python3.7/pathlib.py\", line 1107, in iterdir\n[Python package/build-1]   |     for name in self._accessor.listdir(self):\n[Python package/build-1]   | FileNotFoundError: [Errno 2] No such file or directory: '/tmp/de65f406-fe28-11ed-a890-af2cc187fc11/jvanasco-metadata_parser/.tox/py/lib/python3.7/site-packages'\n[Python package/build-1]   | \n[Python package/build-1]   |   py: FAIL code 2 (0.69 seconds)\n[Python package/build-1]   |   evaluation failed :( (1.20 seconds)\n[Python package/build-1]   \u274c  Failure - Main Test with pytest\n[Python package/build-2]   | py inst: /tmp/de65f406-fe28-11ed-a890-af2cc187fc11/jvanasco-metadata_parser/.tox/.tmp/package/1/metadata_parser-0.12.0.dev0.zip\n[Python package/build-1] exitcode '2': failure\n[Python package/build-1] \ud83c\udfc1  Job failed\n[Python package/build-2]   | py installed: attrs==22.2.0,beautifulsoup4==4.12.2,blinker==1.5,brotlipy==0.7.0,certifi==2023.5.7,cffi==1.15.1,charset-normalizer==2.0.12,click==8.0.4,dataclasses==0.8,decorator==5.1.1,filelock==3.4.1,Flask==2.0.3,httpbin==0.7.0,idna==3.4,importlib-metadata==4.8.3,iniconfig==1.1.1,itsdangerous==2.0.1,Jinja2==3.0.3,MarkupSafe==2.0.1,metadata-parser @ file:///tmp/de65f406-fe28-11ed-a890-af2cc187fc11/jvanasco-metadata_parser/.tox/.tmp/package/1/metadata_parser-0.12.0.dev0.zip,packaging==21.3,pluggy==1.0.0,py==1.11.0,pycparser==2.21,pyparsing==3.0.9,pytest==7.0.1,pytest-httpbin==1.0.2,raven==6.10.0,requests==2.27.1,requests-file==1.5.1,requests-toolbelt==1.0.0,responses==0.17.0,six==1.16.0,soupsieve==2.3.2.post1,tldextract==3.1.2,tomli==1.2.3,types-beautifulsoup4==4.12.0.5,types-html5lib==1.1.11.14,types-requests==2.31.0.1,types-urllib3==1.26.25.13,typing_extensions==4.1.1,urllib3==1.26.16,Werkzeug==2.0.3,zipp==3.6.0\n[Python package/build-2]   | py run-test-pre: PYTHONHASHSEED='1559996908'\n[Python package/build-2]   | py run-test: commands[0] | python --version\n[Python package/build-2]   | Python 3.6.14\n[Python package/build-2]   | py run-test: commands[1] | pytest\n[Python package/build-2]   | ============================= test session starts ==============================\n[Python package/build-2]   | platform linux -- Python 3.6.14, pytest-7.0.1, pluggy-1.0.0\n[Python package/build-2]   | cachedir: .tox/py/.pytest_cache\n[Python package/build-2]   | rootdir: /tmp/de65f406-fe28-11ed-a890-af2cc187fc11/jvanasco-metadata_parser\n[Python package/build-2]   | plugins: httpbin-1.0.2\n[Python package/build-2]   | collected 55 items\n[Python package/build-2]   | \n[Python package/build-2]   | tests/test_document_parsing.py ......................                    [ 40%]\n[Python package/build-2]   | tests/test_ip_tracking.py .                                              [ 41%]\n[Python package/build-2]   | tests/test_responses.py .                                                [ 43%]\n[Python package/build-2]   | tests/test_sessions.py ...                                               [ 49%]\n[Python package/build-2]   | tests/test_url_parsing.py ............................                   [100%]\n[Python package/build-2]   | \n[Python package/build-2]   | =============================== warnings summary ===============================\n[Python package/build-2]   | tests/test_document_parsing.py: 22 warnings\n[Python package/build-2]   | tests/test_ip_tracking.py: 1 warning\n[Python package/build-2]   | tests/test_sessions.py: 3 warnings\n[Python package/build-2]   | tests/test_url_parsing.py: 17 warnings\n[Python package/build-2]   |   /tmp/de65f406-fe28-11ed-a890-af2cc187fc11/jvanasco-metadata_parser/.tox/py/lib/python3.6/site-packages/metadata_parser/__init__.py:1477: FutureWarning: `search_head_only` was not provided and defaulting to `True` Future versions will default to `False`.\n[Python package/build-2]   |     \"\"\"`search_head_only` was not provided and defaulting to `True` \"\"\"\n[Python package/build-2]   | \n[Python package/build-2]   | tests/test_document_parsing.py::TestEncoders::test_decode_html_encoder\n[Python package/build-2]   | tests/test_document_parsing.py::TestEncoders::test_default_encoder\n[Python package/build-2]   | tests/test_document_parsing.py::TestEncoders::test_unicode_chars\n[Python package/build-2]   | tests/test_document_parsing.py::TestEncoders::test_unicode_whitespace\n[Python package/build-2]   | tests/test_document_parsing.py::TestDocumentParsing::test_complex_html\n[Python package/build-2]   |   /tmp/de65f406-fe28-11ed-a890-af2cc187fc11/jvanasco-metadata_parser/.tox/py/lib/python3.6/site-packages/metadata_parser/__init__.py:1097: FutureWarning: `get_metadata` returns a string and is being deprecatedin favor of `get_metadatas` which returns a list.\n[Python package/build-2]   |     \"\"\"`get_metadata` returns a string and is being deprecated\"\"\"\n[Python package/build-2]   | \n[Python package/build-2]   | tests/test_document_parsing.py::TestDocumentParsing::test_complex_html\n[Python package/build-2]   |   /tmp/de65f406-fe28-11ed-a890-af2cc187fc11/jvanasco-metadata_parser/.tox/py/lib/python3.6/site-packages/metadata_parser/__init__.py:1048: UserWarning: If `strategy` is not a `list`, it should be 'all'.This was coerced into a list, but will be enforced.\n[Python package/build-2]   |     \"\"\"If `strategy` is not a `list`, it should be 'all'.\"\"\"\n[Python package/build-2]   | \n[Python package/build-2]   | -- Docs: https://docs.pytest.org/en/stable/how-to/capture-warnings.html\n[Python package/build-2]   | ======================= 55 passed, 49 warnings in 1.28s ========================\n[Python package/build-2]   | ___________________________________ summary ____________________________________\n[Python package/build-2]   |   py: commands succeeded\n[Python package/build-2]   |   congratulations :)\n[Python package/build-2]   \u2705  Success - Main Test with pytest\n[Python package/build-2] \u2b50 Run Post Set up Python 3.6\n[Python package/build-2]   \ud83d\udc33  docker exec cmd=[node /var/run/act/actions/actions-setup-python@v4/dist/cache-save/index.js] user= workdir=\n[Python package/build-2]   \u2705  Success - Post Set up Python 3.6\n[Python package/build-2] \ud83c\udfc1  Job failed\n",
    "actions_stderr": "Error: Job 'build' failed\n"
}