{
    "repository": "keyko-io/defi-crawler-py",
    "clone_url": "https://github.com/keyko-io/defi-crawler-py.git",
    "timestamp": "2023-05-29T16:22:25.283398Z",
    "clone_success": true,
    "number of actions": 3,
    "number_of_test_actions": 1,
    "actions_successful": false,
    "actions_stdout": "[Tests/tests] \ud83d\ude80  Start image=crawlergpt:latest\n[Tests/tests]   \ud83d\udc33  docker pull image=crawlergpt:latest platform= username= forcePull=false\n[Tests/tests]   \ud83d\udc33  docker create image=crawlergpt:latest platform= entrypoint=[\"tail\" \"-f\" \"/dev/null\"] cmd=[]\n[Tests/tests]   \ud83d\udc33  docker run image=crawlergpt:latest platform= entrypoint=[\"tail\" \"-f\" \"/dev/null\"] cmd=[]\n[Tests/tests]   \ud83d\udc33  docker exec cmd=[chown -R 1012:1000 /tmp/de65f406-fe28-11ed-a890-af2cc187fc11/keyko-io-defi-crawler-py] user=0 workdir=\n[Tests/tests]   \u2601  git clone 'https://github.com/actions/setup-python' # ref=v1\n[Tests/tests] \u2b50 Run Main actions/checkout@v2\n[Tests/tests]   \u2705  Success - Main actions/checkout@v2\n[Tests/tests] \u2b50 Run Main Set up Python\n[Tests/tests]   \ud83d\udc33  docker cp src=/home/andre-silva/.cache/act/actions-setup-python@v1/ dst=/var/run/act/actions/actions-setup-python@v1/\n[Tests/tests]   \ud83d\udc33  docker exec cmd=[chown -R 1012:1000 /var/run/act/actions/actions-setup-python@v1/] user=0 workdir=\n[Tests/tests]   \ud83d\udc33  docker exec cmd=[node /var/run/act/actions/actions-setup-python@v1/dist/index.js] user= workdir=\n[Tests/tests]   \ud83d\udcac  ::debug::Semantic version spec of 3.x is 3.x\n[Tests/tests]   \ud83d\udcac  ::debug::isExplicit: \n[Tests/tests]   \ud83d\udcac  ::debug::explicit? false\n[Tests/tests]   \ud83d\udcac  ::debug::isExplicit: 2.7.18\n[Tests/tests]   \ud83d\udcac  ::debug::explicit? true\n[Tests/tests]   \ud83d\udcac  ::debug::isExplicit: 3.5.10\n[Tests/tests]   \ud83d\udcac  ::debug::explicit? true\n[Tests/tests]   \ud83d\udcac  ::debug::isExplicit: 3.6.14\n[Tests/tests]   \ud83d\udcac  ::debug::explicit? true\n[Tests/tests]   \ud83d\udcac  ::debug::isExplicit: 3.7.11\n[Tests/tests]   \ud83d\udcac  ::debug::explicit? true\n[Tests/tests]   \ud83d\udcac  ::debug::isExplicit: 3.8.11\n[Tests/tests]   \ud83d\udcac  ::debug::explicit? true\n[Tests/tests]   \ud83d\udcac  ::debug::isExplicit: 3.9.6\n[Tests/tests]   \ud83d\udcac  ::debug::explicit? true\n[Tests/tests]   \ud83d\udcac  ::debug::evaluating 6 versions\n[Tests/tests]   \ud83d\udcac  ::debug::matched: 3.9.6\n[Tests/tests]   \ud83d\udcac  ::debug::checking cache: /opt/hostedtoolcache/Python/3.9.6/x64\n[Tests/tests]   \ud83d\udcac  ::debug::Found tool in cache Python 3.9.6 x64\n[Tests/tests]   | Successfully setup CPython (3.9.6)\n[Tests/tests]   \u2753 add-matcher /run/act/actions/actions-setup-python@v1/.github/python.json\n[Tests/tests]   \u2705  Success - Main Set up Python\n[Tests/tests]   \u2699  ::set-env:: pythonLocation=/opt/hostedtoolcache/Python/3.9.6/x64\n[Tests/tests]   \u2699  ::set-output:: python-version=3.9.6\n[Tests/tests]   \u2699  ::add-path:: /opt/hostedtoolcache/Python/3.9.6/x64\n[Tests/tests]   \u2699  ::add-path:: /opt/hostedtoolcache/Python/3.9.6/x64/bin\n[Tests/tests] \u2b50 Run Main Install dependencies\n[Tests/tests]   \ud83d\udc33  docker exec cmd=[bash --noprofile --norc -e -o pipefail /var/run/act/workflow/2] user= workdir=\n[Tests/tests]   | Requirement already satisfied: pip in /opt/hostedtoolcache/Python/3.9.6/x64/lib/python3.9/site-packages (21.2.4)\n[Tests/tests]   | Collecting pip\n[Tests/tests]   |   Downloading pip-23.1.2-py3-none-any.whl (2.1 MB)\n[Tests/tests]   | Installing collected packages: pip\n[Tests/tests]   |   Attempting uninstall: pip\n[Tests/tests]   |     Found existing installation: pip 21.2.4\n[Tests/tests]   |     Uninstalling pip-21.2.4:\n[Tests/tests]   |       Successfully uninstalled pip-21.2.4\n[Tests/tests]   | Successfully installed pip-23.1.2\n[Tests/tests]   | Collecting pytest\n[Tests/tests]   |   Downloading pytest-7.3.1-py3-none-any.whl (320 kB)\n[Tests/tests]   |      \u2501\u2501\u2501\u2501\u2501\u2501\u2501\u2501\u2501\u2501\u2501\u2501\u2501\u2501\u2501\u2501\u2501\u2501\u2501\u2501\u2501\u2501\u2501\u2501\u2501\u2501\u2501\u2501\u2501\u2501\u2501\u2501\u2501\u2501\u2501\u2501\u2501\u2501 320.5/320.5 kB 10.9 MB/s eta 0:00:00\n[Tests/tests]   | Collecting iniconfig (from pytest)\n[Tests/tests]   |   Downloading iniconfig-2.0.0-py3-none-any.whl (5.9 kB)\n[Tests/tests]   | Collecting packaging (from pytest)\n[Tests/tests]   |   Downloading packaging-23.1-py3-none-any.whl (48 kB)\n[Tests/tests]   |      \u2501\u2501\u2501\u2501\u2501\u2501\u2501\u2501\u2501\u2501\u2501\u2501\u2501\u2501\u2501\u2501\u2501\u2501\u2501\u2501\u2501\u2501\u2501\u2501\u2501\u2501\u2501\u2501\u2501\u2501\u2501\u2501\u2501\u2501\u2501\u2501\u2501\u2501\u2501\u2501 48.9/48.9 kB 1.4 MB/s eta 0:00:00\n[Tests/tests]   | Collecting pluggy<2.0,>=0.12 (from pytest)\n[Tests/tests]   |   Downloading pluggy-1.0.0-py2.py3-none-any.whl (13 kB)\n[Tests/tests]   | Collecting exceptiongroup>=1.0.0rc8 (from pytest)\n[Tests/tests]   |   Downloading exceptiongroup-1.1.1-py3-none-any.whl (14 kB)\n[Tests/tests]   | Collecting tomli>=1.0.0 (from pytest)\n[Tests/tests]   |   Downloading tomli-2.0.1-py3-none-any.whl (12 kB)\n[Tests/tests]   | Installing collected packages: tomli, pluggy, packaging, iniconfig, exceptiongroup, pytest\n[Tests/tests]   | Successfully installed exceptiongroup-1.1.1 iniconfig-2.0.0 packaging-23.1 pluggy-1.0.0 pytest-7.3.1 tomli-2.0.1\n[Tests/tests]   | \n[Tests/tests]   | [notice] A new release of pip is available: 21.1.3 -> 23.1.2\n[Tests/tests]   | [notice] To update, run: pip install --upgrade pip\n[Tests/tests]   | Obtaining file:///tmp/de65f406-fe28-11ed-a890-af2cc187fc11/keyko-io-defi-crawler-py\n[Tests/tests]   |   Installing build dependencies: started\n[Tests/tests]   |   Installing build dependencies: finished with status 'done'\n[Tests/tests]   |   Checking if build backend supports build_editable: started\n[Tests/tests]   |   Checking if build backend supports build_editable: finished with status 'done'\n[Tests/tests]   |   Getting requirements to build editable: started\n[Tests/tests]   |   Getting requirements to build editable: finished with status 'done'\n[Tests/tests]   |   Installing backend dependencies: started\n[Tests/tests]   |   Installing backend dependencies: finished with status 'done'\n[Tests/tests]   |   Preparing editable metadata (pyproject.toml): started\n[Tests/tests]   |   Preparing editable metadata (pyproject.toml): finished with status 'done'\n[Tests/tests]   | Collecting dict-digger (from deficrawler==0.4.0)\n[Tests/tests]   |   Downloading dict_digger-0.2.1.tar.gz (1.6 kB)\n[Tests/tests]   |   Installing build dependencies: started\n[Tests/tests]   |   Installing build dependencies: finished with status 'done'\n[Tests/tests]   |   Getting requirements to build wheel: started\n[Tests/tests]   |   Getting requirements to build wheel: finished with status 'done'\n[Tests/tests]   |   Preparing metadata (pyproject.toml): started\n[Tests/tests]   |   Preparing metadata (pyproject.toml): finished with status 'done'\n[Tests/tests]   | Collecting requests (from deficrawler==0.4.0)\n[Tests/tests]   |   Downloading requests-2.31.0-py3-none-any.whl (62 kB)\n[Tests/tests]   |      \u2501\u2501\u2501\u2501\u2501\u2501\u2501\u2501\u2501\u2501\u2501\u2501\u2501\u2501\u2501\u2501\u2501\u2501\u2501\u2501\u2501\u2501\u2501\u2501\u2501\u2501\u2501\u2501\u2501\u2501\u2501\u2501\u2501\u2501\u2501\u2501\u2501\u2501\u2501 62.6/62.6 kB 832.3 kB/s eta 0:00:00\n[Tests/tests]   | Collecting retry (from deficrawler==0.4.0)\n[Tests/tests]   |   Downloading retry-0.9.2-py2.py3-none-any.whl (8.0 kB)\n[Tests/tests]   | Collecting charset-normalizer<4,>=2 (from requests->deficrawler==0.4.0)\n[Tests/tests]   |   Downloading charset_normalizer-3.1.0-cp39-cp39-manylinux_2_17_x86_64.manylinux2014_x86_64.whl (199 kB)\n[Tests/tests]   |      \u2501\u2501\u2501\u2501\u2501\u2501\u2501\u2501\u2501\u2501\u2501\u2501\u2501\u2501\u2501\u2501\u2501\u2501\u2501\u2501\u2501\u2501\u2501\u2501\u2501\u2501\u2501\u2501\u2501\u2501\u2501\u2501\u2501\u2501\u2501\u2501\u2501\u2501\u2501 199.2/199.2 kB 6.6 MB/s eta 0:00:00\n[Tests/tests]   | Collecting idna<4,>=2.5 (from requests->deficrawler==0.4.0)\n[Tests/tests]   |   Downloading idna-3.4-py3-none-any.whl (61 kB)\n[Tests/tests]   |      \u2501\u2501\u2501\u2501\u2501\u2501\u2501\u2501\u2501\u2501\u2501\u2501\u2501\u2501\u2501\u2501\u2501\u2501\u2501\u2501\u2501\u2501\u2501\u2501\u2501\u2501\u2501\u2501\u2501\u2501\u2501\u2501\u2501\u2501\u2501\u2501\u2501\u2501\u2501\u2501 61.5/61.5 kB 7.9 MB/s eta 0:00:00\n[Tests/tests]   | Collecting urllib3<3,>=1.21.1 (from requests->deficrawler==0.4.0)\n[Tests/tests]   |   Downloading urllib3-2.0.2-py3-none-any.whl (123 kB)\n[Tests/tests]   |      \u2501\u2501\u2501\u2501\u2501\u2501\u2501\u2501\u2501\u2501\u2501\u2501\u2501\u2501\u2501\u2501\u2501\u2501\u2501\u2501\u2501\u2501\u2501\u2501\u2501\u2501\u2501\u2501\u2501\u2501\u2501\u2501\u2501\u2501\u2501\u2501\u2501\u2501\u2501 123.2/123.2 kB 7.0 MB/s eta 0:00:00\n[Tests/tests]   | Collecting certifi>=2017.4.17 (from requests->deficrawler==0.4.0)\n[Tests/tests]   |   Downloading certifi-2023.5.7-py3-none-any.whl (156 kB)\n[Tests/tests]   |      \u2501\u2501\u2501\u2501\u2501\u2501\u2501\u2501\u2501\u2501\u2501\u2501\u2501\u2501\u2501\u2501\u2501\u2501\u2501\u2501\u2501\u2501\u2501\u2501\u2501\u2501\u2501\u2501\u2501\u2501\u2501\u2501\u2501\u2501\u2501\u2501\u2501\u2501\u2501 157.0/157.0 kB 2.7 MB/s eta 0:00:00\n[Tests/tests]   | Collecting decorator>=3.4.2 (from retry->deficrawler==0.4.0)\n[Tests/tests]   |   Downloading decorator-5.1.1-py3-none-any.whl (9.1 kB)\n[Tests/tests]   | Collecting py<2.0.0,>=1.4.26 (from retry->deficrawler==0.4.0)\n[Tests/tests]   |   Downloading py-1.11.0-py2.py3-none-any.whl (98 kB)\n[Tests/tests]   |      \u2501\u2501\u2501\u2501\u2501\u2501\u2501\u2501\u2501\u2501\u2501\u2501\u2501\u2501\u2501\u2501\u2501\u2501\u2501\u2501\u2501\u2501\u2501\u2501\u2501\u2501\u2501\u2501\u2501\u2501\u2501\u2501\u2501\u2501\u2501\u2501\u2501\u2501\u2501\u2501 98.7/98.7 kB 1.2 MB/s eta 0:00:00\n[Tests/tests]   | Building wheels for collected packages: deficrawler, dict-digger\n[Tests/tests]   |   Building editable for deficrawler (pyproject.toml): started\n[Tests/tests]   |   Building editable for deficrawler (pyproject.toml): finished with status 'done'\n[Tests/tests]   |   Created wheel for deficrawler: filename=deficrawler-0.4.0-0.editable-py3-none-any.whl size=9675 sha256=604912f1d5898e82388f2f36c3be18d0fd54ae2be3fae58a4b644b715a0399ac\n[Tests/tests]   |   Stored in directory: /tmp/pip-ephem-wheel-cache-sovmpx37/wheels/9d/9f/a6/8baa9736a6d94369833ec670103d6bc8c4f0fe0d251ffe44d0\n[Tests/tests]   |   Building wheel for dict-digger (pyproject.toml): started\n[Tests/tests]   |   Building wheel for dict-digger (pyproject.toml): finished with status 'done'\n[Tests/tests]   |   Created wheel for dict-digger: filename=dict_digger-0.2.1-py3-none-any.whl size=1639 sha256=61c87454da8dbb344dc7cc74bbc03dee729febc30958cff9c0394fa8ba797c8c\n[Tests/tests]   |   Stored in directory: /home/runneradmin/.cache/pip/wheels/08/03/87/3f95835342a29cd190680e9677a74700aba781d0784ed7d016\n[Tests/tests]   | Successfully built deficrawler dict-digger\n[Tests/tests]   | Installing collected packages: dict-digger, urllib3, py, idna, decorator, charset-normalizer, certifi, retry, requests, deficrawler\n[Tests/tests]   | Successfully installed certifi-2023.5.7 charset-normalizer-3.1.0 decorator-5.1.1 deficrawler-0.4.0 dict-digger-0.2.1 idna-3.4 py-1.11.0 requests-2.31.0 retry-0.9.2 urllib3-2.0.2\n[Tests/tests]   | \n[Tests/tests]   | [notice] A new release of pip is available: 21.1.3 -> 23.1.2\n[Tests/tests]   | [notice] To update, run: pip install --upgrade pip\n[Tests/tests]   \u2705  Success - Main Install dependencies\n[Tests/tests] \u2b50 Run Main Tests\n[Tests/tests]   \ud83d\udc33  docker exec cmd=[bash --noprofile --norc -e -o pipefail /var/run/act/workflow/3] user= workdir=\n[Tests/tests]   | ============================= test session starts ==============================\n[Tests/tests]   | platform linux -- Python 3.9.6, pytest-7.3.1, pluggy-1.0.0 -- /opt/hostedtoolcache/Python/3.9.6/x64/bin/python\n[Tests/tests]   | cachedir: .pytest_cache\n[Tests/tests]   | rootdir: /tmp/de65f406-fe28-11ed-a890-af2cc187fc11/keyko-io-defi-crawler-py\n[Tests/tests]   | collecting ... collected 210 items\n[Tests/tests]   | \n[Tests/tests]   | tests/int/test_blocks.py::test_block_bsc PASSED                          [  0%]\n[Tests/tests]   | tests/int/test_blocks.py::test_block_ethereum PASSED                     [  0%]\n[Tests/tests]   | tests/int/test_blocks.py::test_block_polygon PASSED                      [  1%]\n[Tests/tests]   | tests/int/test_borrows.py::test_borrow_aave_2_eth PASSED                 [  1%]\n[Tests/tests]   | tests/int/test_borrows.py::test_borrow_aave_2_eth_user PASSED            [  2%]\n[Tests/tests]   | tests/int/test_borrows.py::test_borrow_aave_2_polygon PASSED             [  2%]\n[Tests/tests]   | tests/int/test_borrows.py::test_borrow_aave_2_avalanche PASSED           [  3%]\n[Tests/tests]   | tests/int/test_borrows.py::test_borrow_aave_2_polygon_user PASSED        [  3%]\n[Tests/tests]   | tests/int/test_borrows.py::test_borrow_compound_2_eth PASSED             [  4%]\n[Tests/tests]   | tests/int/test_borrows.py::test_borrow_compound_2_eth_user PASSED        [  4%]\n[Tests/tests]   | tests/int/test_borrows.py::test_borrow_cream_2_eth PASSED                [  5%]\n[Tests/tests]   | tests/int/test_borrows.py::test_borrow_cream_2_polygon PASSED            [  5%]\n[Tests/tests]   | tests/int/test_borrows.py::test_borrow_cream_2_arbitrum PASSED           [  6%]\n[Tests/tests]   | tests/int/test_borrows.py::test_borrow_cream_2_fantom PASSED             [  6%]\n[Tests/tests]   | tests/int/test_borrows.py::test_borrow_cream_2_avalanche PASSED          [  7%]\n[Tests/tests]   | tests/int/test_borrows.py::test_borrow_cream_2_eth_user PASSED           [  7%]\n[Tests/tests]   | tests/int/test_borrows.py::test_borrow_cream_2_bsc PASSED                [  8%]\n[Tests/tests]   | tests/int/test_borrows.py::test_borrow_cream_2_bsc_user PASSED           [  8%]\n[Tests/tests]   | tests/int/test_borrows.py::test_borrow_kashi_1_eth PASSED                [  9%]\n[Tests/tests]   | tests/int/test_borrows.py::test_borrow_kashi_1_eth_user PASSED           [  9%]\n[Tests/tests]   | tests/int/test_borrows.py::test_borrow_venus_2_bsc PASSED                [ 10%]\n[Tests/tests]   | tests/int/test_borrows.py::test_borrow_scream_2_fantom PASSED            [ 10%]\n[Tests/tests]   | tests/int/test_borrows.py::test_borrow_aave_3_arbitrum PASSED            [ 10%]\n[Tests/tests]   | tests/int/test_borrows.py::test_borrow_aave_3_optimism PASSED            [ 11%]\n[Tests/tests]   | tests/int/test_borrows.py::test_borrow_aave_3_fantom PASSED              [ 11%]\n[Tests/tests]   | tests/int/test_borrows.py::test_borrow_aave_3_polygon PASSED             [ 12%]\n[Tests/tests]   | tests/int/test_borrows.py::test_borrow_aave_3_avax PASSED                [ 12%]\n[Tests/tests]   | tests/int/test_burn.py::test_burn_uniswap_2_eth PASSED                   [ 13%]\n[Tests/tests]   | tests/int/test_burn.py::test_burn_uniswap_3_eth PASSED                   [ 13%]\n[Tests/tests]   | tests/int/test_burn.py::test_burn_sushi_2_eth PASSED                     [ 14%]\n[Tests/tests]   | tests/int/test_burn.py::test_burn_sushi_2_bsc PASSED                     [ 14%]\n[Tests/tests]   | tests/int/test_burn.py::test_burn_sushi_2_polygon PASSED                 [ 15%]\n[Tests/tests]   | tests/int/test_burn.py::test_burn_sushi_2_fantom PASSED                  [ 15%]\n[Tests/tests]   | tests/int/test_burn.py::test_burn_sushi_1_celo PASSED                    [ 16%]\n[Tests/tests]   | tests/int/test_burn.py::test_burn_quickswap_1_polygon FAILED             [ 16%]\n[Tests/tests]   | tests/int/test_burn.py::test_burn_pangolin_1_avalanche PASSED            [ 17%]\n[Tests/tests]   | tests/int/test_deposits.py::test_deposit_aave_2_eth PASSED               [ 17%]\n[Tests/tests]   | tests/int/test_deposits.py::test_deposit_aave_2_eth_user PASSED          [ 18%]\n[Tests/tests]   | tests/int/test_deposits.py::test_deposit_aave_2_polygon PASSED           [ 18%]\n[Tests/tests]   | tests/int/test_deposits.py::test_deposit_aave_2_avalanche PASSED         [ 19%]\n[Tests/tests]   | tests/int/test_deposits.py::test_deposit_aave_2_polygon_user PASSED      [ 19%]\n[Tests/tests]   | tests/int/test_deposits.py::test_deposit_compound_2_eth PASSED           [ 20%]\n[Tests/tests]   | tests/int/test_deposits.py::test_deposit_compound_2_eth_user PASSED      [ 20%]\n[Tests/tests]   | tests/int/test_deposits.py::test_deposit_cream_2_eth PASSED              [ 20%]\n[Tests/tests]   | tests/int/test_deposits.py::test_deposit_cream_2_polygon PASSED          [ 21%]\n[Tests/tests]   | tests/int/test_deposits.py::test_deposit_cream_2_eth_user PASSED         [ 21%]\n[Tests/tests]   | tests/int/test_deposits.py::test_deposit_cream_2_bsc PASSED              [ 22%]\n[Tests/tests]   | tests/int/test_deposits.py::test_deposit_cream_2_fantom PASSED           [ 22%]\n[Tests/tests]   | tests/int/test_deposits.py::test_deposit_cream_2_avalanche PASSED        [ 23%]\n[Tests/tests]   | tests/int/test_deposits.py::test_deposit_cream_2_bsc_user PASSED         [ 23%]\n[Tests/tests]   | tests/int/test_deposits.py::test_deposit_kashi_1_eth PASSED              [ 24%]\n[Tests/tests]   | tests/int/test_deposits.py::test_deposit_venus_1_bsc PASSED              [ 24%]\n[Tests/tests]   | tests/int/test_deposits.py::test_deposit_scream_1_fantom PASSED          [ 25%]\n[Tests/tests]   | tests/int/test_deposits.py::test_deposit_aave_3_arbitrum PASSED          [ 25%]\n[Tests/tests]   | tests/int/test_deposits.py::test_deposit_aave_3_optimism PASSED          [ 26%]\n[Tests/tests]   | tests/int/test_deposits.py::test_deposit_aave_3_fantom PASSED            [ 26%]\n[Tests/tests]   | tests/int/test_deposits.py::test_deposit_aave_3_polygon PASSED           [ 27%]\n[Tests/tests]   | tests/int/test_deposits.py::test_deposit_aave_3_avalanche PASSED         [ 27%]\n[Tests/tests]   | tests/int/test_flashloans.py::test_flashloans_aave_2_eth PASSED          [ 28%]\n[Tests/tests]   | tests/int/test_flashloans.py::test_flashloans_aave_2_avalanche PASSED    [ 28%]\n[Tests/tests]   | tests/int/test_flashloans.py::test_flashloans_aave_2_eth_user PASSED     [ 29%]\n[Tests/tests]   | tests/int/test_flashloans.py::test_flashloans_aave_2_polygon PASSED      [ 29%]\n[Tests/tests]   | tests/int/test_flashloans.py::test_flashloans_aave_2_polygon_user PASSED [ 30%]\n[Tests/tests]   | tests/int/test_flashloans.py::test_flashloans_aave_3_polygon PASSED      [ 30%]\n[Tests/tests]   | tests/int/test_flashloans.py::test_flashloans_aave_3_arbitrum PASSED     [ 30%]\n[Tests/tests]   | tests/int/test_flashloans.py::test_flashloans_aave_3_optimism PASSED     [ 31%]\n[Tests/tests]   | tests/int/test_flashloans.py::test_flashloans_aave_3_fantom PASSED       [ 31%]\n[Tests/tests]   | tests/int/test_flashloans.py::test_flashloans_aave_3_avalanche PASSED    [ 32%]\n[Tests/tests]   | tests/int/test_liquidations.py::test_liquidation_aave_2_eth PASSED       [ 32%]\n[Tests/tests]   | tests/int/test_liquidations.py::test_liquidation_aave_2_eth_user PASSED  [ 33%]\n[Tests/tests]   | tests/int/test_liquidations.py::test_liquidation_aave_2_polygon PASSED   [ 33%]\n[Tests/tests]   | tests/int/test_liquidations.py::test_liquidation_aave_2_avalanche PASSED [ 34%]\n[Tests/tests]   | tests/int/test_liquidations.py::test_liquidation_aave_2_polygon_user PASSED [ 34%]\n[Tests/tests]   | tests/int/test_liquidations.py::test_liquidation_compound_2_eth PASSED   [ 35%]\n[Tests/tests]   | tests/int/test_liquidations.py::test_liquidation_compound_2_eth_user PASSED [ 35%]\n[Tests/tests]   | tests/int/test_liquidations.py::test_liquidation_cream_2_eth PASSED      [ 36%]\n[Tests/tests]   | tests/int/test_liquidations.py::test_liquidation_cream_2_polygon PASSED  [ 36%]\n[Tests/tests]   | tests/int/test_liquidations.py::test_liquidation_cream_2_eth_user PASSED [ 37%]\n[Tests/tests]   | tests/int/test_liquidations.py::test_liquidation_cream_2_bsc PASSED      [ 37%]\n[Tests/tests]   | tests/int/test_liquidations.py::test_liquidation_cream_2_bsc_user PASSED [ 38%]\n[Tests/tests]   | tests/int/test_liquidations.py::test_liquidation_venus_1_bsc PASSED      [ 38%]\n[Tests/tests]   | tests/int/test_liquidations.py::test_liquidation_scream_1_fantom PASSED  [ 39%]\n[Tests/tests]   | tests/int/test_liquidations.py::test_liquidation_aave_3_arbitrum PASSED  [ 39%]\n[Tests/tests]   | tests/int/test_liquidations.py::test_liquidation_aave_3_optimism PASSED  [ 40%]\n[Tests/tests]   | tests/int/test_liquidations.py::test_liquidation_aave_3_polygon PASSED   [ 40%]\n[Tests/tests]   | tests/int/test_liquidations.py::test_liquidation_aave_3_fantom PASSED    [ 40%]\n[Tests/tests]   | tests/int/test_liquidations.py::test_liquidation_aave_3_avalanche PASSED [ 41%]\n[Tests/tests]   | tests/int/test_mint.py::test_mint_uniswap_2_eth PASSED                   [ 41%]\n[Tests/tests]   | tests/int/test_mint.py::test_mint_uniswap_3_eth PASSED                   [ 42%]\n[Tests/tests]   | tests/int/test_mint.py::test_mint_sushi_2_eth PASSED                     [ 42%]\n[Tests/tests]   | tests/int/test_mint.py::test_mint_sushi_2_bsc PASSED                     [ 43%]\n[Tests/tests]   | tests/int/test_mint.py::test_mint_sushi_2_polygon PASSED                 [ 43%]\n[Tests/tests]   | tests/int/test_mint.py::test_mint_sushi_2_fantom PASSED                  [ 44%]\n[Tests/tests]   | tests/int/test_mint.py::test_mint_sushi_1_celo PASSED                    [ 44%]\n[Tests/tests]   | tests/int/test_mint.py::test_mint_quickswap_1_polygon FAILED             [ 45%]\n[Tests/tests]   | tests/int/test_mint.py::test_mint_pangolin_1_avalanche PASSED            [ 45%]\n[Tests/tests]   | tests/int/test_prices.py::test_prices_aave_2_eth PASSED                  [ 46%]\n[Tests/tests]   | tests/int/test_prices.py::test_prices_aave_2_polygon PASSED              [ 46%]\n[Tests/tests]   | tests/int/test_prices.py::test_prices_aave_2_avalanche PASSED            [ 47%]\n[Tests/tests]   | tests/int/test_prices.py::test_prices_compound_2_eth PASSED              [ 47%]\n[Tests/tests]   | tests/int/test_prices.py::test_prices_cream_2_eth PASSED                 [ 48%]\n[Tests/tests]   | tests/int/test_prices.py::test_prices_cream_2_bsc PASSED                 [ 48%]\n[Tests/tests]   | tests/int/test_prices.py::test_prices_cream_2_polygon PASSED             [ 49%]\n[Tests/tests]   | tests/int/test_prices.py::test_prices_cream_2_avalance FAILED            [ 49%]\n[Tests/tests]   | tests/int/test_prices.py::test_prices_venus_1_bsc PASSED                 [ 50%]\n[Tests/tests]   | tests/int/test_prices.py::test_prices_scream_1_fantom PASSED             [ 50%]\n[Tests/tests]   | tests/int/test_prices.py::test_prices_aave_3_arbitrum PASSED             [ 50%]\n[Tests/tests]   | tests/int/test_prices.py::test_prices_aave_3_optimism PASSED             [ 51%]\n[Tests/tests]   | tests/int/test_prices.py::test_prices_aave_3_polygon PASSED              [ 51%]\n[Tests/tests]   | tests/int/test_prices.py::test_prices_aave_3_fantom PASSED               [ 52%]\n[Tests/tests]   | tests/int/test_prices.py::test_prices_aave_3_avalanche PASSED            [ 52%]\n[Tests/tests]   | tests/int/test_redeem.py::test_redeem_aave_2_eth PASSED                  [ 53%]\n[Tests/tests]   | tests/int/test_redeem.py::test_redeem_aave_2_eth_user PASSED             [ 53%]\n[Tests/tests]   | tests/int/test_redeem.py::test_redeem_aave_2_polygon PASSED              [ 54%]\n[Tests/tests]   | tests/int/test_redeem.py::test_redeem_aave_2_avalanche PASSED            [ 54%]\n[Tests/tests]   | tests/int/test_redeem.py::test_redeem_aave_2_polygon_user PASSED         [ 55%]\n[Tests/tests]   | tests/int/test_redeem.py::test_redeem_compound_2_eth PASSED              [ 55%]\n[Tests/tests]   | tests/int/test_redeem.py::test_redeem_compound_2_eth_user PASSED         [ 56%]\n[Tests/tests]   | tests/int/test_redeem.py::test_redeem_cream_2_eth PASSED                 [ 56%]\n[Tests/tests]   | tests/int/test_redeem.py::test_redeem_cream_2_polygon PASSED             [ 57%]\n[Tests/tests]   | tests/int/test_redeem.py::test_redeem_cream_2_arbitrum PASSED            [ 57%]\n[Tests/tests]   | tests/int/test_redeem.py::test_redeem_cream_2_fantom PASSED              [ 58%]\n[Tests/tests]   | tests/int/test_redeem.py::test_redeem_cream_2_avalanche PASSED           [ 58%]\n[Tests/tests]   | tests/int/test_redeem.py::test_redeem_cream_2_eth_user PASSED            [ 59%]\n[Tests/tests]   | tests/int/test_redeem.py::test_redeem_cream_2_bsc PASSED                 [ 59%]\n[Tests/tests]   | tests/int/test_redeem.py::test_redeem_cream_2_bsc_user PASSED            [ 60%]\n[Tests/tests]   | tests/int/test_redeem.py::test_redeem_kashi_1_eth PASSED                 [ 60%]\n[Tests/tests]   | tests/int/test_redeem.py::test_redeem_venus_1_bsc PASSED                 [ 60%]\n[Tests/tests]   | tests/int/test_redeem.py::test_redeem_scream_1_fantom PASSED             [ 61%]\n[Tests/tests]   | tests/int/test_redeem.py::test_redeem_aave_3_arbitrum PASSED             [ 61%]\n[Tests/tests]   | tests/int/test_redeem.py::test_redeem_aave_3_optimism PASSED             [ 62%]\n[Tests/tests]   | tests/int/test_redeem.py::test_redeem_aave_3_fantom PASSED               [ 62%]\n[Tests/tests]   | tests/int/test_redeem.py::test_redeem_aave_3_polygon PASSED              [ 63%]\n[Tests/tests]   | tests/int/test_redeem.py::test_redeem_aave_3_avalanche PASSED            [ 63%]\n[Tests/tests]   | tests/int/test_repays.py::test_repay_aave_2_eth PASSED                   [ 64%]\n[Tests/tests]   | tests/int/test_repays.py::test_repay_aave_2_eth_user PASSED              [ 64%]\n[Tests/tests]   | tests/int/test_repays.py::test_repay_aave_2_polygon PASSED               [ 65%]\n[Tests/tests]   | tests/int/test_repays.py::test_repay_aave_2_avalanche PASSED             [ 65%]\n[Tests/tests]   | tests/int/test_repays.py::test_repay_aave_2_polygon_user PASSED          [ 66%]\n[Tests/tests]   | tests/int/test_repays.py::test_repay_compound_2_eth PASSED               [ 66%]\n[Tests/tests]   | tests/int/test_repays.py::test_repay_compound_2_eth_user PASSED          [ 67%]\n[Tests/tests]   | tests/int/test_repays.py::test_repay_cream_2_eth PASSED                  [ 67%]\n[Tests/tests]   | tests/int/test_repays.py::test_repay_cream_2_arbitrum PASSED             [ 68%]\n[Tests/tests]   | tests/int/test_repays.py::test_repay_cream_2_polygon PASSED              [ 68%]\n[Tests/tests]   | tests/int/test_repays.py::test_repay_cream_2_eth_user PASSED             [ 69%]\n[Tests/tests]   | tests/int/test_repays.py::test_repay_cream_2_bsc PASSED                  [ 69%]\n[Tests/tests]   | tests/int/test_repays.py::test_repay_kashi_1_eth PASSED                  [ 70%]\n[Tests/tests]   | tests/int/test_repays.py::test_repay_venus_1_bsc PASSED                  [ 70%]\n[Tests/tests]   | tests/int/test_repays.py::test_repay_scream_1_fantom PASSED              [ 70%]\n[Tests/tests]   | tests/int/test_repays.py::test_repay_aave_3_arbitrum PASSED              [ 71%]\n[Tests/tests]   | tests/int/test_repays.py::test_repay_aave_3_optimism PASSED              [ 71%]\n[Tests/tests]   | tests/int/test_repays.py::test_repay_aave_3_polygon PASSED               [ 72%]\n[Tests/tests]   | tests/int/test_repays.py::test_repay_aave_3_fantom PASSED                [ 72%]\n[Tests/tests]   | tests/int/test_repays.py::test_repay_aave_3_avalanche PASSED             [ 73%]\n[Tests/tests]   | tests/int/test_swaps.py::test_swap_uniswap_2_eth PASSED                  [ 73%]\n[Tests/tests]   | tests/int/test_swaps.py::test_swap_balancer_1_eth PASSED                 [ 74%]\n[Tests/tests]   | tests/int/test_swaps.py::test_swap_bancor_1_eth PASSED                   [ 74%]\n[Tests/tests]   | tests/int/test_swaps.py::test_swap_shushi_1_eth PASSED                   [ 75%]\n[Tests/tests]   | tests/int/test_swaps.py::test_swap_shushi_1_bsc PASSED                   [ 75%]\n[Tests/tests]   | tests/int/test_swaps.py::test_swap_shushi_1_polygon PASSED               [ 76%]\n[Tests/tests]   | tests/int/test_swaps.py::test_swap_shushi_1_celo PASSED                  [ 76%]\n[Tests/tests]   | tests/int/test_swaps.py::test_swap_shushi_1_fantom PASSED                [ 77%]\n[Tests/tests]   | tests/int/test_swaps.py::test_swap_uniswap_3_eth PASSED                  [ 77%]\n[Tests/tests]   | tests/int/test_swaps.py::test_swap_uniswap_3_optimism PASSED             [ 78%]\n[Tests/tests]   | tests/int/test_swaps.py::test_swap_balancer_2_eth PASSED                 [ 78%]\n[Tests/tests]   | tests/int/test_swaps.py::test_swap_balancer_2_polygon PASSED             [ 79%]\n[Tests/tests]   | tests/int/test_swaps.py::test_swap_balancer_2_arbitrum PASSED            [ 79%]\n[Tests/tests]   | tests/int/test_swaps.py::test_swap_quickswap_1_polygon FAILED            [ 80%]\n[Tests/tests]   | tests/int/test_swaps.py::test_swap_pangolin_1_avalanche PASSED           [ 80%]\n[Tests/tests]   | tests/int/test_swaps.py::test_swap_dodoex_2_ethereum PASSED              [ 80%]\n[Tests/tests]   | tests/int/test_swaps.py::test_swap_dodoex_2_polygon PASSED               [ 81%]\n[Tests/tests]   | tests/int/test_swaps.py::test_swap_dodoex_2_bsc PASSED                   [ 81%]\n[Tests/tests]   | tests/int/test_swaps.py::test_swap_dodoex_2_arbitrum PASSED              [ 82%]\n[Tests/tests]   | tests/int/test_volume.py::test_volumne_uniswap_2_eth PASSED              [ 82%]\n[Tests/tests]   | tests/int/test_volume.py::test_volume_pancake_2_bsc PASSED               [ 83%]\n[Tests/tests]   | tests/int/test_volume.py::test_volume_sushi_1_fantom PASSED              [ 83%]\n[Tests/tests]   | tests/int/test_volume.py::test_volume_sushi_1_bsc PASSED                 [ 84%]\n[Tests/tests]   | tests/int/test_volume.py::test_volume_sushi_1_eth PASSED                 [ 84%]\n[Tests/tests]   | tests/int/test_volume.py::test_volume_sushi_1_polygon PASSED             [ 85%]\n[Tests/tests]   | tests/int/test_volume.py::test_volume_quickswap_1_polygon FAILED         [ 85%]\n[Tests/tests]   \u274c  Failure - Main Tests\n[Tests/tests] Get \"http://%2Fvar%2Frun%2Fdocker.sock/v1.41/containers/8d1ed699e2b3b4ad35e8b6564c708ee2b96373a7b2734896e2f6cff59e186871/archive?path=%2Fvar%2Frun%2Fact%2Fworkflow%2Fpathcmd.txt\": context canceled\n[Tests/tests] \ud83c\udfc1  Job succeeded\n",
    "actions_stderr": "Error: context canceled\n"
}