{
    "repository": "landscapeio/pylint-django",
    "clone_url": "https://github.com/landscapeio/pylint-django.git",
    "timestamp": "2023-05-29T15:03:20.180337Z",
    "clone_success": true,
    "number of actions": 1,
    "number_of_test_actions": 1,
    "actions_successful": false,
    "actions_stdout": "[build/sanity / django_not_installed           ] \ud83d\ude80  Start image=crawlergpt:latest\n[build/build_and_package_sanity                ] \ud83d\ude80  Start image=crawlergpt:latest\n[build/test old stuff / Django@3.2 / Python@3.7] \ud83d\ude80  Start image=crawlergpt:latest\n[build/test latest / Django@-main / Python@3.8 ] \ud83d\ude80  Start image=crawlergpt:latest\n[build/build_and_package_sanity                ]   \ud83d\udc33  docker pull image=crawlergpt:latest platform= username= forcePull=false\n[build/test latest / Django@-main / Python@3.8 ]   \ud83d\udc33  docker pull image=crawlergpt:latest platform= username= forcePull=false\n[build/sanity / django_not_installed           ]   \ud83d\udc33  docker pull image=crawlergpt:latest platform= username= forcePull=false\n[build/test old stuff / Django@3.2 / Python@3.7]   \ud83d\udc33  docker pull image=crawlergpt:latest platform= username= forcePull=false\n[build/test latest / Django@-main / Python@3.8 ]   \ud83d\udc33  docker create image=crawlergpt:latest platform= entrypoint=[\"tail\" \"-f\" \"/dev/null\"] cmd=[]\n[build/sanity / django_not_installed           ]   \ud83d\udc33  docker create image=crawlergpt:latest platform= entrypoint=[\"tail\" \"-f\" \"/dev/null\"] cmd=[]\n[build/build_and_package_sanity                ]   \ud83d\udc33  docker create image=crawlergpt:latest platform= entrypoint=[\"tail\" \"-f\" \"/dev/null\"] cmd=[]\n[build/test old stuff / Django@3.2 / Python@3.7]   \ud83d\udc33  docker create image=crawlergpt:latest platform= entrypoint=[\"tail\" \"-f\" \"/dev/null\"] cmd=[]\n[build/test latest / Django@-main / Python@3.8 ]   \ud83d\udc33  docker run image=crawlergpt:latest platform= entrypoint=[\"tail\" \"-f\" \"/dev/null\"] cmd=[]\n[build/sanity / django_not_installed           ]   \ud83d\udc33  docker run image=crawlergpt:latest platform= entrypoint=[\"tail\" \"-f\" \"/dev/null\"] cmd=[]\n[build/test old stuff / Django@3.2 / Python@3.7]   \ud83d\udc33  docker run image=crawlergpt:latest platform= entrypoint=[\"tail\" \"-f\" \"/dev/null\"] cmd=[]\n[build/build_and_package_sanity                ]   \ud83d\udc33  docker run image=crawlergpt:latest platform= entrypoint=[\"tail\" \"-f\" \"/dev/null\"] cmd=[]\n[build/test old stuff / Django@3.2 / Python@3.7]   \ud83d\udc33  docker exec cmd=[chown -R 1012:1000 /tmp/de65f406-fe28-11ed-a890-af2cc187fc11/landscapeio-pylint-django] user=0 workdir=\n[build/sanity / django_not_installed           ]   \ud83d\udc33  docker exec cmd=[chown -R 1012:1000 /tmp/de65f406-fe28-11ed-a890-af2cc187fc11/landscapeio-pylint-django] user=0 workdir=\n[build/test latest / Django@-main / Python@3.8 ]   \ud83d\udc33  docker exec cmd=[chown -R 1012:1000 /tmp/de65f406-fe28-11ed-a890-af2cc187fc11/landscapeio-pylint-django] user=0 workdir=\n[build/sanity / django_not_installed           ]   \u2601  git clone 'https://github.com/actions/setup-python' # ref=v4\n[build/test old stuff / Django@3.2 / Python@3.7]   \u2601  git clone 'https://github.com/actions/setup-python' # ref=v4\n[build/test latest / Django@-main / Python@3.8 ]   \u2601  git clone 'https://github.com/actions/setup-python' # ref=v4\n[build/build_and_package_sanity                ]   \ud83d\udc33  docker exec cmd=[chown -R 1012:1000 /tmp/de65f406-fe28-11ed-a890-af2cc187fc11/landscapeio-pylint-django] user=0 workdir=\n[build/sanity / django_not_installed           ] \ud83e\uddea  Matrix: map[python-version:3.7 toxenv:django_not_installed]\n[build/sanity / django_not_installed           ] \u2b50 Run Main actions/checkout@v3\n[build/test old stuff / Django@3.2 / Python@3.7] \ud83e\uddea  Matrix: map[django-version:3.2 python-version:3.7]\n[build/test old stuff / Django@3.2 / Python@3.7] \u2b50 Run Main actions/checkout@v3\n[build/sanity / django_not_installed           ]   \u2705  Success - Main actions/checkout@v3\n[build/test latest / Django@-main / Python@3.8 ] \ud83e\uddea  Matrix: map[django-version:-main python-version:3.8]\n[build/test old stuff / Django@3.2 / Python@3.7]   \u2705  Success - Main actions/checkout@v3\n[build/test latest / Django@-main / Python@3.8 ] \u2b50 Run Main actions/checkout@v3\n[build/sanity / django_not_installed           ] \u2b50 Run Main Set up Python 3.7\n[build/test old stuff / Django@3.2 / Python@3.7] \u2b50 Run Main Set up Python 3.7\n[build/sanity / django_not_installed           ]   \ud83d\udc33  docker cp src=/home/andre-silva/.cache/act/actions-setup-python@v4/ dst=/var/run/act/actions/actions-setup-python@v4/\n[build/test old stuff / Django@3.2 / Python@3.7]   \ud83d\udc33  docker cp src=/home/andre-silva/.cache/act/actions-setup-python@v4/ dst=/var/run/act/actions/actions-setup-python@v4/\n[build/sanity / django_not_installed           ]   \ud83d\udc33  docker exec cmd=[chown -R 1012:1000 /var/run/act/actions/actions-setup-python@v4/] user=0 workdir=\n[build/test old stuff / Django@3.2 / Python@3.7]   \ud83d\udc33  docker exec cmd=[chown -R 1012:1000 /var/run/act/actions/actions-setup-python@v4/] user=0 workdir=\n[build/build_and_package_sanity                ]   \u2601  git clone 'https://github.com/actions/setup-python' # ref=v4\n[build/build_and_package_sanity                ] Unable to checkout bd6b4b6205c4dbad673328db7b31b7fab9e241c0: EOF\n[build/sanity / django_not_installed           ]   \ud83d\udc33  docker exec cmd=[node /var/run/act/actions/actions-setup-python@v4/dist/setup/index.js] user= workdir=\n[build/build_and_package_sanity                ] \ud83c\udfc1  Job succeeded\n[build/test old stuff / Django@3.2 / Python@3.7]   \ud83d\udc33  docker exec cmd=[node /var/run/act/actions/actions-setup-python@v4/dist/setup/index.js] user= workdir=\n[build/test old stuff / Django@3.2 / Python@3.7]   \ud83d\udcac  ::debug::Python is expected to be installed into /opt/hostedtoolcache\n[build/test old stuff / Django@3.2 / Python@3.7]   \u2753  ::group::Installed versions\n[build/test old stuff / Django@3.2 / Python@3.7]   \ud83d\udcac  ::debug::Semantic version spec of 3.7 is 3.7\n[build/test old stuff / Django@3.2 / Python@3.7]   \ud83d\udcac  ::debug::isExplicit: \n[build/test old stuff / Django@3.2 / Python@3.7]   \ud83d\udcac  ::debug::explicit? false\n[build/test old stuff / Django@3.2 / Python@3.7]   \ud83d\udcac  ::debug::isExplicit: 2.7.18\n[build/test old stuff / Django@3.2 / Python@3.7]   \ud83d\udcac  ::debug::explicit? true\n[build/test old stuff / Django@3.2 / Python@3.7]   \ud83d\udcac  ::debug::isExplicit: 3.5.10\n[build/test old stuff / Django@3.2 / Python@3.7]   \ud83d\udcac  ::debug::explicit? true\n[build/test old stuff / Django@3.2 / Python@3.7]   \ud83d\udcac  ::debug::isExplicit: 3.6.14\n[build/test old stuff / Django@3.2 / Python@3.7]   \ud83d\udcac  ::debug::explicit? true\n[build/test old stuff / Django@3.2 / Python@3.7]   \ud83d\udcac  ::debug::isExplicit: 3.7.11\n[build/test old stuff / Django@3.2 / Python@3.7]   \ud83d\udcac  ::debug::explicit? true\n[build/test old stuff / Django@3.2 / Python@3.7]   \ud83d\udcac  ::debug::isExplicit: 3.8.11\n[build/test old stuff / Django@3.2 / Python@3.7]   \ud83d\udcac  ::debug::explicit? true\n[build/test old stuff / Django@3.2 / Python@3.7]   \ud83d\udcac  ::debug::isExplicit: 3.9.6\n[build/test old stuff / Django@3.2 / Python@3.7]   \ud83d\udcac  ::debug::explicit? true\n[build/test old stuff / Django@3.2 / Python@3.7]   \ud83d\udcac  ::debug::evaluating 6 versions\n[build/test old stuff / Django@3.2 / Python@3.7]   \ud83d\udcac  ::debug::matched: 3.7.11\n[build/test old stuff / Django@3.2 / Python@3.7]   \ud83d\udcac  ::debug::checking cache: /opt/hostedtoolcache/Python/3.7.11/x64\n[build/test old stuff / Django@3.2 / Python@3.7]   \ud83d\udcac  ::debug::Found tool in cache Python 3.7.11 x64\n[build/test old stuff / Django@3.2 / Python@3.7]   | Successfully set up CPython (3.7.11)\n[build/test old stuff / Django@3.2 / Python@3.7]   \u2753  ::endgroup::\n[build/test old stuff / Django@3.2 / Python@3.7]   \u2753 add-matcher /run/act/actions/actions-setup-python@v4/.github/python.json\n[build/test old stuff / Django@3.2 / Python@3.7]   \u2705  Success - Main Set up Python 3.7\n[build/sanity / django_not_installed           ]   \ud83d\udcac  ::debug::Python is expected to be installed into /opt/hostedtoolcache\n[build/sanity / django_not_installed           ]   \u2753  ::group::Installed versions\n[build/sanity / django_not_installed           ]   \ud83d\udcac  ::debug::Semantic version spec of 3.7 is 3.7\n[build/sanity / django_not_installed           ]   \ud83d\udcac  ::debug::isExplicit: \n[build/sanity / django_not_installed           ]   \ud83d\udcac  ::debug::explicit? false\n[build/sanity / django_not_installed           ]   \ud83d\udcac  ::debug::isExplicit: 2.7.18\n[build/sanity / django_not_installed           ]   \ud83d\udcac  ::debug::explicit? true\n[build/sanity / django_not_installed           ]   \ud83d\udcac  ::debug::isExplicit: 3.5.10\n[build/sanity / django_not_installed           ]   \ud83d\udcac  ::debug::explicit? true\n[build/sanity / django_not_installed           ]   \ud83d\udcac  ::debug::isExplicit: 3.6.14\n[build/sanity / django_not_installed           ]   \ud83d\udcac  ::debug::explicit? true\n[build/sanity / django_not_installed           ]   \ud83d\udcac  ::debug::isExplicit: 3.7.11\n[build/sanity / django_not_installed           ]   \ud83d\udcac  ::debug::explicit? true\n[build/sanity / django_not_installed           ]   \ud83d\udcac  ::debug::isExplicit: 3.8.11\n[build/sanity / django_not_installed           ]   \ud83d\udcac  ::debug::explicit? true\n[build/sanity / django_not_installed           ]   \ud83d\udcac  ::debug::isExplicit: 3.9.6\n[build/sanity / django_not_installed           ]   \ud83d\udcac  ::debug::explicit? true\n[build/sanity / django_not_installed           ]   \ud83d\udcac  ::debug::evaluating 6 versions\n[build/sanity / django_not_installed           ]   \ud83d\udcac  ::debug::matched: 3.7.11\n[build/sanity / django_not_installed           ]   \ud83d\udcac  ::debug::checking cache: /opt/hostedtoolcache/Python/3.7.11/x64\n[build/sanity / django_not_installed           ]   \ud83d\udcac  ::debug::Found tool in cache Python 3.7.11 x64\n[build/sanity / django_not_installed           ]   | Successfully set up CPython (3.7.11)\n[build/sanity / django_not_installed           ]   \u2753  ::endgroup::\n[build/sanity / django_not_installed           ]   \u2753 add-matcher /run/act/actions/actions-setup-python@v4/.github/python.json\n[build/sanity / django_not_installed           ]   \u2705  Success - Main Set up Python 3.7\n[build/test old stuff / Django@3.2 / Python@3.7]   \u2699  ::set-env:: LD_LIBRARY_PATH=/opt/hostedtoolcache/Python/3.7.11/x64/lib\n[build/test old stuff / Django@3.2 / Python@3.7]   \u2699  ::set-env:: pythonLocation=/opt/hostedtoolcache/Python/3.7.11/x64\n[build/test old stuff / Django@3.2 / Python@3.7]   \u2699  ::set-env:: PKG_CONFIG_PATH=/opt/hostedtoolcache/Python/3.7.11/x64/lib/pkgconfig\n[build/test old stuff / Django@3.2 / Python@3.7]   \u2699  ::set-env:: Python_ROOT_DIR=/opt/hostedtoolcache/Python/3.7.11/x64\n[build/test old stuff / Django@3.2 / Python@3.7]   \u2699  ::set-env:: Python2_ROOT_DIR=/opt/hostedtoolcache/Python/3.7.11/x64\n[build/test old stuff / Django@3.2 / Python@3.7]   \u2699  ::set-env:: Python3_ROOT_DIR=/opt/hostedtoolcache/Python/3.7.11/x64\n[build/sanity / django_not_installed           ]   \u2699  ::set-env:: PKG_CONFIG_PATH=/opt/hostedtoolcache/Python/3.7.11/x64/lib/pkgconfig\n[build/sanity / django_not_installed           ]   \u2699  ::set-env:: Python_ROOT_DIR=/opt/hostedtoolcache/Python/3.7.11/x64\n[build/sanity / django_not_installed           ]   \u2699  ::set-env:: Python2_ROOT_DIR=/opt/hostedtoolcache/Python/3.7.11/x64\n[build/sanity / django_not_installed           ]   \u2699  ::set-env:: Python3_ROOT_DIR=/opt/hostedtoolcache/Python/3.7.11/x64\n[build/sanity / django_not_installed           ]   \u2699  ::set-env:: LD_LIBRARY_PATH=/opt/hostedtoolcache/Python/3.7.11/x64/lib\n[build/sanity / django_not_installed           ]   \u2699  ::set-env:: pythonLocation=/opt/hostedtoolcache/Python/3.7.11/x64\n[build/test old stuff / Django@3.2 / Python@3.7]   \u2699  ::set-output:: python-version=3.7.11\n[build/test old stuff / Django@3.2 / Python@3.7]   \u2699  ::set-output:: python-path=/opt/hostedtoolcache/Python/3.7.11/x64/bin/python\n[build/sanity / django_not_installed           ]   \u2699  ::set-output:: python-version=3.7.11\n[build/sanity / django_not_installed           ]   \u2699  ::set-output:: python-path=/opt/hostedtoolcache/Python/3.7.11/x64/bin/python\n[build/sanity / django_not_installed           ]   \u2699  ::add-path:: /opt/hostedtoolcache/Python/3.7.11/x64\n[build/sanity / django_not_installed           ]   \u2699  ::add-path:: /opt/hostedtoolcache/Python/3.7.11/x64/bin\n[build/test old stuff / Django@3.2 / Python@3.7]   \u2699  ::add-path:: /opt/hostedtoolcache/Python/3.7.11/x64\n[build/test old stuff / Django@3.2 / Python@3.7]   \u2699  ::add-path:: /opt/hostedtoolcache/Python/3.7.11/x64/bin\n[build/test old stuff / Django@3.2 / Python@3.7] \u2b50 Run Main Execute tests\n[build/sanity / django_not_installed           ] \u2b50 Run Main Execute tests\n[build/sanity / django_not_installed           ]   \ud83d\udc33  docker exec cmd=[bash --noprofile --norc -e -o pipefail /var/run/act/workflow/2] user= workdir=\n[build/test old stuff / Django@3.2 / Python@3.7]   \ud83d\udc33  docker exec cmd=[bash --noprofile --norc -e -o pipefail /var/run/act/workflow/2] user= workdir=\n[build/sanity / django_not_installed           ]   | Requirement already satisfied: pip in /opt/hostedtoolcache/Python/3.7.11/x64/lib/python3.7/site-packages (21.2.4)\n[build/test old stuff / Django@3.2 / Python@3.7]   | Requirement already satisfied: pip in /opt/hostedtoolcache/Python/3.7.11/x64/lib/python3.7/site-packages (21.2.4)\n[build/sanity / django_not_installed           ]   | Collecting pip\n[build/test old stuff / Django@3.2 / Python@3.7]   | Collecting pip\n[build/test old stuff / Django@3.2 / Python@3.7]   |   Downloading pip-23.1.2-py3-none-any.whl (2.1 MB)\n[build/sanity / django_not_installed           ]   |   Downloading pip-23.1.2-py3-none-any.whl (2.1 MB)\n[build/sanity / django_not_installed           ]   | Collecting poetry\n[build/sanity / django_not_installed           ]   |   Downloading poetry-1.5.0-py3-none-any.whl (224 kB)\n[build/test old stuff / Django@3.2 / Python@3.7]   | Collecting poetry\n[build/test old stuff / Django@3.2 / Python@3.7]   |   Downloading poetry-1.5.0-py3-none-any.whl (224 kB)\n[build/sanity / django_not_installed           ]   | Collecting tox\n[build/sanity / django_not_installed           ]   |   Downloading tox-4.5.2-py3-none-any.whl (148 kB)\n[build/sanity / django_not_installed           ]   | Collecting html5lib<2.0,>=1.0\n[build/sanity / django_not_installed           ]   |   Downloading html5lib-1.1-py2.py3-none-any.whl (112 kB)\n[build/sanity / django_not_installed           ]   | Collecting jsonschema<5.0.0,>=4.10.0\n[build/sanity / django_not_installed           ]   |   Downloading jsonschema-4.17.3-py3-none-any.whl (90 kB)\n[build/test old stuff / Django@3.2 / Python@3.7]   | Collecting tox\n[build/sanity / django_not_installed           ]   | Collecting pkginfo<2.0.0,>=1.9.4\n[build/test old stuff / Django@3.2 / Python@3.7]   |   Downloading tox-4.5.2-py3-none-any.whl (148 kB)\n[build/sanity / django_not_installed           ]   |   Downloading pkginfo-1.9.6-py3-none-any.whl (30 kB)\n[build/sanity / django_not_installed           ]   | Collecting requests-toolbelt<2,>=0.9.1\n[build/sanity / django_not_installed           ]   |   Downloading requests_toolbelt-1.0.0-py2.py3-none-any.whl (54 kB)\n[build/test old stuff / Django@3.2 / Python@3.7]   | Collecting platformdirs<4.0.0,>=3.0.0\n[build/sanity / django_not_installed           ]   | Collecting lockfile<0.13.0,>=0.12.2\n[build/test old stuff / Django@3.2 / Python@3.7]   |   Downloading platformdirs-3.5.1-py3-none-any.whl (15 kB)\n[build/sanity / django_not_installed           ]   |   Downloading lockfile-0.12.2-py2.py3-none-any.whl (13 kB)\n[build/sanity / django_not_installed           ]   | Collecting crashtest<0.5.0,>=0.4.1\n[build/sanity / django_not_installed           ]   |   Downloading crashtest-0.4.1-py3-none-any.whl (7.6 kB)\n[build/test old stuff / Django@3.2 / Python@3.7]   | Collecting urllib3<2.0.0,>=1.26.0\n[build/test old stuff / Django@3.2 / Python@3.7]   |   Downloading urllib3-1.26.16-py2.py3-none-any.whl (143 kB)\n[build/sanity / django_not_installed           ]   | Collecting backports.cached-property<2.0.0,>=1.0.2\n[build/sanity / django_not_installed           ]   |   Downloading backports.cached_property-1.0.2-py3-none-any.whl (6.1 kB)\n[build/test old stuff / Django@3.2 / Python@3.7]   | Collecting requests-toolbelt<2,>=0.9.1\n[build/test old stuff / Django@3.2 / Python@3.7]   |   Downloading requests_toolbelt-1.0.0-py2.py3-none-any.whl (54 kB)\n[build/test old stuff / Django@3.2 / Python@3.7]   | Collecting filelock<4.0.0,>=3.8.0\n[build/test old stuff / Django@3.2 / Python@3.7]   |   Downloading filelock-3.12.0-py3-none-any.whl (10 kB)\n[build/test old stuff / Django@3.2 / Python@3.7]   | Collecting virtualenv<21.0.0,>=20.22.0\n[build/test old stuff / Django@3.2 / Python@3.7]   |   Downloading virtualenv-20.23.0-py3-none-any.whl (3.3 MB)\n[build/test old stuff / Django@3.2 / Python@3.7]   | Collecting tomli<3.0.0,>=2.0.1\n[build/test old stuff / Django@3.2 / Python@3.7]   |   Downloading tomli-2.0.1-py3-none-any.whl (12 kB)\n[build/sanity / django_not_installed           ]   | Collecting dulwich<0.22.0,>=0.21.2\n[build/sanity / django_not_installed           ]   |   Downloading dulwich-0.21.5-cp37-cp37m-manylinux_2_17_x86_64.manylinux2014_x86_64.whl (508 kB)\n[build/test old stuff / Django@3.2 / Python@3.7]   | Collecting packaging>=20.4\n[build/test old stuff / Django@3.2 / Python@3.7]   |   Downloading packaging-23.1-py3-none-any.whl (48 kB)\n[build/sanity / django_not_installed           ]   | Collecting tomlkit<1.0.0,>=0.11.4\n[build/sanity / django_not_installed           ]   |   Downloading tomlkit-0.11.8-py3-none-any.whl (35 kB)\n[build/test old stuff / Django@3.2 / Python@3.7]   | Collecting cleo<3.0.0,>=2.0.0\n[build/test old stuff / Django@3.2 / Python@3.7]   |   Downloading cleo-2.0.1-py3-none-any.whl (77 kB)\n[build/sanity / django_not_installed           ]   | Collecting trove-classifiers>=2022.5.19\n[build/sanity / django_not_installed           ]   |   Downloading trove_classifiers-2023.5.24-py3-none-any.whl (13 kB)\n[build/sanity / django_not_installed           ]   | Collecting poetry-core==1.6.0\n[build/sanity / django_not_installed           ]   |   Downloading poetry_core-1.6.0-py3-none-any.whl (449 kB)\n[build/sanity / django_not_installed           ]   | Collecting build<0.11.0,>=0.10.0\n[build/sanity / django_not_installed           ]   |   Downloading build-0.10.0-py3-none-any.whl (17 kB)\n[build/test old stuff / Django@3.2 / Python@3.7]   | Collecting keyring<24.0.0,>=23.9.0\n[build/test old stuff / Django@3.2 / Python@3.7]   |   Downloading keyring-23.13.1-py3-none-any.whl (37 kB)\n[build/sanity / django_not_installed           ]   | Collecting packaging>=20.4\n[build/sanity / django_not_installed           ]   |   Downloading packaging-23.1-py3-none-any.whl (48 kB)\n[build/sanity / django_not_installed           ]   | Collecting installer<0.8.0,>=0.7.0\n[build/sanity / django_not_installed           ]   |   Downloading installer-0.7.0-py3-none-any.whl (453 kB)\n[build/test old stuff / Django@3.2 / Python@3.7]   | Collecting importlib-metadata>=4.4\n[build/test old stuff / Django@3.2 / Python@3.7]   |   Downloading importlib_metadata-6.6.0-py3-none-any.whl (22 kB)\n[build/sanity / django_not_installed           ]   | Collecting keyring<24.0.0,>=23.9.0\n[build/sanity / django_not_installed           ]   |   Downloading keyring-23.13.1-py3-none-any.whl (37 kB)\n[build/sanity / django_not_installed           ]   | Collecting requests<3.0,>=2.18\n[build/sanity / django_not_installed           ]   |   Downloading requests-2.31.0-py3-none-any.whl (62 kB)\n[build/sanity / django_not_installed           ]   | Collecting pexpect<5.0.0,>=4.7.0\n[build/sanity / django_not_installed           ]   |   Downloading pexpect-4.8.0-py2.py3-none-any.whl (59 kB)\n[build/sanity / django_not_installed           ]   | Collecting pyproject-hooks<2.0.0,>=1.0.0\n[build/sanity / django_not_installed           ]   |   Downloading pyproject_hooks-1.0.0-py3-none-any.whl (9.3 kB)\n[build/sanity / django_not_installed           ]   | Collecting shellingham<2.0,>=1.5\n[build/sanity / django_not_installed           ]   |   Downloading shellingham-1.5.0.post1-py2.py3-none-any.whl (9.4 kB)\n[build/test old stuff / Django@3.2 / Python@3.7]   | Collecting dulwich<0.22.0,>=0.21.2\n[build/sanity / django_not_installed           ]   | Collecting platformdirs<4.0.0,>=3.0.0\n[build/test old stuff / Django@3.2 / Python@3.7]   |   Downloading dulwich-0.21.5-cp37-cp37m-manylinux_2_17_x86_64.manylinux2014_x86_64.whl (508 kB)\n[build/sanity / django_not_installed           ]   |   Downloading platformdirs-3.5.1-py3-none-any.whl (15 kB)\n[build/test old stuff / Django@3.2 / Python@3.7]   | Collecting pyproject-hooks<2.0.0,>=1.0.0\n[build/sanity / django_not_installed           ]   | Collecting cachecontrol[filecache]<0.13.0,>=0.12.9\n[build/test old stuff / Django@3.2 / Python@3.7]   |   Downloading pyproject_hooks-1.0.0-py3-none-any.whl (9.3 kB)\n[build/sanity / django_not_installed           ]   |   Downloading CacheControl-0.12.11-py2.py3-none-any.whl (21 kB)\n[build/test old stuff / Django@3.2 / Python@3.7]   | Collecting shellingham<2.0,>=1.5\n[build/test old stuff / Django@3.2 / Python@3.7]   |   Downloading shellingham-1.5.0.post1-py2.py3-none-any.whl (9.4 kB)\n[build/sanity / django_not_installed           ]   | Collecting cleo<3.0.0,>=2.0.0\n[build/sanity / django_not_installed           ]   |   Downloading cleo-2.0.1-py3-none-any.whl (77 kB)\n[build/test old stuff / Django@3.2 / Python@3.7]   | Collecting crashtest<0.5.0,>=0.4.1\n[build/test old stuff / Django@3.2 / Python@3.7]   |   Downloading crashtest-0.4.1-py3-none-any.whl (7.6 kB)\n[build/sanity / django_not_installed           ]   | Collecting tomli<3.0.0,>=2.0.1\n[build/test old stuff / Django@3.2 / Python@3.7]   | Collecting html5lib<2.0,>=1.0\n[build/sanity / django_not_installed           ]   |   Downloading tomli-2.0.1-py3-none-any.whl (12 kB)\n[build/test old stuff / Django@3.2 / Python@3.7]   |   Downloading html5lib-1.1-py2.py3-none-any.whl (112 kB)\n[build/test old stuff / Django@3.2 / Python@3.7]   | Collecting installer<0.8.0,>=0.7.0\n[build/test old stuff / Django@3.2 / Python@3.7]   |   Downloading installer-0.7.0-py3-none-any.whl (453 kB)\n[build/test old stuff / Django@3.2 / Python@3.7]   | Collecting pexpect<5.0.0,>=4.7.0\n[build/test old stuff / Django@3.2 / Python@3.7]   |   Downloading pexpect-4.8.0-py2.py3-none-any.whl (59 kB)\n[build/test old stuff / Django@3.2 / Python@3.7]   | Collecting cachecontrol[filecache]<0.13.0,>=0.12.9\n[build/test old stuff / Django@3.2 / Python@3.7]   |   Downloading CacheControl-0.12.11-py2.py3-none-any.whl (21 kB)\n[build/test old stuff / Django@3.2 / Python@3.7]   | Collecting lockfile<0.13.0,>=0.12.2\n[build/test old stuff / Django@3.2 / Python@3.7]   |   Downloading lockfile-0.12.2-py2.py3-none-any.whl (13 kB)\n[build/sanity / django_not_installed           ]   | Collecting virtualenv<21.0.0,>=20.22.0\n[build/sanity / django_not_installed           ]   |   Downloading virtualenv-20.23.0-py3-none-any.whl (3.3 MB)\n[build/test old stuff / Django@3.2 / Python@3.7]   | Collecting poetry-plugin-export<2.0.0,>=1.3.1\n[build/test old stuff / Django@3.2 / Python@3.7]   |   Downloading poetry_plugin_export-1.4.0-py3-none-any.whl (10 kB)\n[build/test old stuff / Django@3.2 / Python@3.7]   | Collecting pkginfo<2.0.0,>=1.9.4\n[build/test old stuff / Django@3.2 / Python@3.7]   |   Downloading pkginfo-1.9.6-py3-none-any.whl (30 kB)\n[build/sanity / django_not_installed           ]   | Collecting urllib3<2.0.0,>=1.26.0\n[build/sanity / django_not_installed           ]   |   Downloading urllib3-1.26.16-py2.py3-none-any.whl (143 kB)\n[build/test old stuff / Django@3.2 / Python@3.7]   | Collecting trove-classifiers>=2022.5.19\n[build/test old stuff / Django@3.2 / Python@3.7]   |   Downloading trove_classifiers-2023.5.24-py3-none-any.whl (13 kB)\n[build/sanity / django_not_installed           ]   | Collecting filelock<4.0.0,>=3.8.0\n[build/sanity / django_not_installed           ]   |   Downloading filelock-3.12.0-py3-none-any.whl (10 kB)\n[build/test old stuff / Django@3.2 / Python@3.7]   | Collecting backports.cached-property<2.0.0,>=1.0.2\n[build/sanity / django_not_installed           ]   | Collecting poetry-plugin-export<2.0.0,>=1.3.1\n[build/test old stuff / Django@3.2 / Python@3.7]   |   Downloading backports.cached_property-1.0.2-py3-none-any.whl (6.1 kB)\n[build/sanity / django_not_installed           ]   |   Downloading poetry_plugin_export-1.4.0-py3-none-any.whl (10 kB)\n[build/test old stuff / Django@3.2 / Python@3.7]   | Collecting tomlkit<1.0.0,>=0.11.4\n[build/test old stuff / Django@3.2 / Python@3.7]   |   Downloading tomlkit-0.11.8-py3-none-any.whl (35 kB)\n[build/sanity / django_not_installed           ]   | Collecting importlib-metadata>=4.4\n[build/sanity / django_not_installed           ]   |   Downloading importlib_metadata-6.6.0-py3-none-any.whl (22 kB)\n[build/test old stuff / Django@3.2 / Python@3.7]   | Collecting requests<3.0,>=2.18\n[build/test old stuff / Django@3.2 / Python@3.7]   |   Downloading requests-2.31.0-py3-none-any.whl (62 kB)\n[build/sanity / django_not_installed           ]   | Collecting colorama>=0.4.6\n[build/sanity / django_not_installed           ]   |   Downloading colorama-0.4.6-py2.py3-none-any.whl (25 kB)\n[build/sanity / django_not_installed           ]   | Collecting pyproject-api>=1.5.1\n[build/sanity / django_not_installed           ]   |   Downloading pyproject_api-1.5.1-py3-none-any.whl (12 kB)\n[build/test old stuff / Django@3.2 / Python@3.7]   | Collecting build<0.11.0,>=0.10.0\n[build/test old stuff / Django@3.2 / Python@3.7]   |   Downloading build-0.10.0-py3-none-any.whl (17 kB)\n[build/sanity / django_not_installed           ]   | Collecting cachetools>=5.3\n[build/sanity / django_not_installed           ]   |   Downloading cachetools-5.3.1-py3-none-any.whl (9.3 kB)\n[build/test old stuff / Django@3.2 / Python@3.7]   | Collecting jsonschema<5.0.0,>=4.10.0\n[build/test old stuff / Django@3.2 / Python@3.7]   |   Downloading jsonschema-4.17.3-py3-none-any.whl (90 kB)\n[build/sanity / django_not_installed           ]   | Collecting typing-extensions>=4.6.2\n[build/sanity / django_not_installed           ]   |   Downloading typing_extensions-4.6.2-py3-none-any.whl (31 kB)\n[build/sanity / django_not_installed           ]   | Collecting chardet>=5.1\n[build/sanity / django_not_installed           ]   |   Downloading chardet-5.1.0-py3-none-any.whl (199 kB)\n[build/test old stuff / Django@3.2 / Python@3.7]   | Collecting poetry-core==1.6.0\n[build/test old stuff / Django@3.2 / Python@3.7]   |   Downloading poetry_core-1.6.0-py3-none-any.whl (449 kB)\n[build/sanity / django_not_installed           ]   | Collecting pluggy>=1\n[build/sanity / django_not_installed           ]   |   Downloading pluggy-1.0.0-py2.py3-none-any.whl (13 kB)\n[build/test old stuff / Django@3.2 / Python@3.7]   | Collecting cachetools>=5.3\n[build/test old stuff / Django@3.2 / Python@3.7]   |   Downloading cachetools-5.3.1-py3-none-any.whl (9.3 kB)\n[build/test old stuff / Django@3.2 / Python@3.7]   | Collecting pluggy>=1\n[build/test old stuff / Django@3.2 / Python@3.7]   |   Downloading pluggy-1.0.0-py2.py3-none-any.whl (13 kB)\n[build/test old stuff / Django@3.2 / Python@3.7]   | Collecting typing-extensions>=4.6.2\n[build/test old stuff / Django@3.2 / Python@3.7]   |   Downloading typing_extensions-4.6.2-py3-none-any.whl (31 kB)\n[build/sanity / django_not_installed           ]   | Collecting msgpack>=0.5.2\n[build/sanity / django_not_installed           ]   |   Downloading msgpack-1.0.5-cp37-cp37m-manylinux_2_17_x86_64.manylinux2014_x86_64.whl (299 kB)\n[build/test old stuff / Django@3.2 / Python@3.7]   | Collecting colorama>=0.4.6\n[build/test old stuff / Django@3.2 / Python@3.7]   |   Downloading colorama-0.4.6-py2.py3-none-any.whl (25 kB)\n[build/test old stuff / Django@3.2 / Python@3.7]   | Collecting pyproject-api>=1.5.1\n[build/test old stuff / Django@3.2 / Python@3.7]   |   Downloading pyproject_api-1.5.1-py3-none-any.whl (12 kB)\n[build/test old stuff / Django@3.2 / Python@3.7]   | Collecting chardet>=5.1\n[build/test old stuff / Django@3.2 / Python@3.7]   |   Downloading chardet-5.1.0-py3-none-any.whl (199 kB)\n[build/test old stuff / Django@3.2 / Python@3.7]   | Collecting msgpack>=0.5.2\n[build/test old stuff / Django@3.2 / Python@3.7]   |   Downloading msgpack-1.0.5-cp37-cp37m-manylinux_2_17_x86_64.manylinux2014_x86_64.whl (299 kB)\n[build/sanity / django_not_installed           ]   | Collecting rapidfuzz<3.0.0,>=2.2.0\n[build/sanity / django_not_installed           ]   |   Downloading rapidfuzz-2.15.1-cp37-cp37m-manylinux_2_17_x86_64.manylinux2014_x86_64.whl (3.0 MB)\n[build/sanity / django_not_installed           ]   | Collecting six>=1.9\n[build/sanity / django_not_installed           ]   |   Downloading six-1.16.0-py2.py3-none-any.whl (11 kB)\n[build/sanity / django_not_installed           ]   | Collecting webencodings\n[build/sanity / django_not_installed           ]   |   Downloading webencodings-0.5.1-py2.py3-none-any.whl (11 kB)\n[build/sanity / django_not_installed           ]   | Collecting zipp>=0.5\n[build/sanity / django_not_installed           ]   |   Downloading zipp-3.15.0-py3-none-any.whl (6.8 kB)\n[build/sanity / django_not_installed           ]   | Collecting attrs>=17.4.0\n[build/sanity / django_not_installed           ]   |   Downloading attrs-23.1.0-py3-none-any.whl (61 kB)\n[build/sanity / django_not_installed           ]   | Collecting pyrsistent!=0.17.0,!=0.17.1,!=0.17.2,>=0.14.0\n[build/sanity / django_not_installed           ]   |   Downloading pyrsistent-0.19.3-py3-none-any.whl (57 kB)\n[build/sanity / django_not_installed           ]   | Collecting pkgutil-resolve-name>=1.3.10\n[build/sanity / django_not_installed           ]   |   Downloading pkgutil_resolve_name-1.3.10-py3-none-any.whl (4.7 kB)\n[build/sanity / django_not_installed           ]   | Collecting importlib-resources>=1.4.0\n[build/sanity / django_not_installed           ]   |   Downloading importlib_resources-5.12.0-py3-none-any.whl (36 kB)\n[build/test old stuff / Django@3.2 / Python@3.7]   | Collecting rapidfuzz<3.0.0,>=2.2.0\n[build/test old stuff / Django@3.2 / Python@3.7]   |   Downloading rapidfuzz-2.15.1-cp37-cp37m-manylinux_2_17_x86_64.manylinux2014_x86_64.whl (3.0 MB)\n[build/test old stuff / Django@3.2 / Python@3.7]   | Collecting webencodings\n[build/test old stuff / Django@3.2 / Python@3.7]   |   Downloading webencodings-0.5.1-py2.py3-none-any.whl (11 kB)\n[build/sanity / django_not_installed           ]   | Collecting jaraco.classes\n[build/sanity / django_not_installed           ]   |   Downloading jaraco.classes-3.2.3-py3-none-any.whl (6.0 kB)\n[build/test old stuff / Django@3.2 / Python@3.7]   | Collecting six>=1.9\n[build/sanity / django_not_installed           ]   | Collecting jeepney>=0.4.2\n[build/test old stuff / Django@3.2 / Python@3.7]   |   Downloading six-1.16.0-py2.py3-none-any.whl (11 kB)\n[build/sanity / django_not_installed           ]   |   Downloading jeepney-0.8.0-py3-none-any.whl (48 kB)\n[build/sanity / django_not_installed           ]   | Collecting SecretStorage>=3.2\n[build/sanity / django_not_installed           ]   |   Downloading SecretStorage-3.3.3-py3-none-any.whl (15 kB)\n[build/sanity / django_not_installed           ]   | Collecting ptyprocess>=0.5\n[build/test old stuff / Django@3.2 / Python@3.7]   | Collecting zipp>=0.5\n[build/sanity / django_not_installed           ]   |   Downloading ptyprocess-0.7.0-py2.py3-none-any.whl (13 kB)\n[build/test old stuff / Django@3.2 / Python@3.7]   |   Downloading zipp-3.15.0-py3-none-any.whl (6.8 kB)\n[build/test old stuff / Django@3.2 / Python@3.7]   | Collecting importlib-resources>=1.4.0\n[build/test old stuff / Django@3.2 / Python@3.7]   |   Downloading importlib_resources-5.12.0-py3-none-any.whl (36 kB)\n[build/test old stuff / Django@3.2 / Python@3.7]   | Collecting pyrsistent!=0.17.0,!=0.17.1,!=0.17.2,>=0.14.0\n[build/test old stuff / Django@3.2 / Python@3.7]   |   Downloading pyrsistent-0.19.3-py3-none-any.whl (57 kB)\n[build/test old stuff / Django@3.2 / Python@3.7]   | Collecting attrs>=17.4.0\n[build/test old stuff / Django@3.2 / Python@3.7]   |   Downloading attrs-23.1.0-py3-none-any.whl (61 kB)\n[build/test old stuff / Django@3.2 / Python@3.7]   | Collecting pkgutil-resolve-name>=1.3.10\n[build/test old stuff / Django@3.2 / Python@3.7]   |   Downloading pkgutil_resolve_name-1.3.10-py3-none-any.whl (4.7 kB)\n[build/sanity / django_not_installed           ]   | Collecting charset-normalizer<4,>=2\n[build/sanity / django_not_installed           ]   |   Downloading charset_normalizer-3.1.0-cp37-cp37m-manylinux_2_17_x86_64.manylinux2014_x86_64.whl (171 kB)\n[build/test old stuff / Django@3.2 / Python@3.7]   | Collecting SecretStorage>=3.2\n[build/test old stuff / Django@3.2 / Python@3.7]   |   Downloading SecretStorage-3.3.3-py3-none-any.whl (15 kB)\n[build/sanity / django_not_installed           ]   | Collecting certifi>=2017.4.17\n[build/sanity / django_not_installed           ]   |   Downloading certifi-2023.5.7-py3-none-any.whl (156 kB)\n[build/sanity / django_not_installed           ]   | Collecting idna<4,>=2.5\n[build/test old stuff / Django@3.2 / Python@3.7]   | Collecting jeepney>=0.4.2\n[build/test old stuff / Django@3.2 / Python@3.7]   |   Downloading jeepney-0.8.0-py3-none-any.whl (48 kB)\n[build/sanity / django_not_installed           ]   |   Downloading idna-3.4-py3-none-any.whl (61 kB)\n[build/test old stuff / Django@3.2 / Python@3.7]   | Collecting jaraco.classes\n[build/test old stuff / Django@3.2 / Python@3.7]   |   Downloading jaraco.classes-3.2.3-py3-none-any.whl (6.0 kB)\n[build/test old stuff / Django@3.2 / Python@3.7]   | Collecting ptyprocess>=0.5\n[build/test old stuff / Django@3.2 / Python@3.7]   |   Downloading ptyprocess-0.7.0-py2.py3-none-any.whl (13 kB)\n[build/test old stuff / Django@3.2 / Python@3.7]   | Collecting idna<4,>=2.5\n[build/test old stuff / Django@3.2 / Python@3.7]   |   Downloading idna-3.4-py3-none-any.whl (61 kB)\n[build/test old stuff / Django@3.2 / Python@3.7]   | Collecting certifi>=2017.4.17\n[build/test old stuff / Django@3.2 / Python@3.7]   |   Downloading certifi-2023.5.7-py3-none-any.whl (156 kB)\n[build/sanity / django_not_installed           ]   | Collecting cryptography>=2.0\n[build/sanity / django_not_installed           ]   |   Downloading cryptography-40.0.2-cp36-abi3-manylinux_2_28_x86_64.whl (3.7 MB)\n[build/test old stuff / Django@3.2 / Python@3.7]   | Collecting charset-normalizer<4,>=2\n[build/test old stuff / Django@3.2 / Python@3.7]   |   Downloading charset_normalizer-3.1.0-cp37-cp37m-manylinux_2_17_x86_64.manylinux2014_x86_64.whl (171 kB)\n[build/sanity / django_not_installed           ]   | Collecting cffi>=1.12\n[build/sanity / django_not_installed           ]   |   Downloading cffi-1.15.1-cp37-cp37m-manylinux_2_17_x86_64.manylinux2014_x86_64.whl (427 kB)\n[build/sanity / django_not_installed           ]   | Collecting pycparser\n[build/sanity / django_not_installed           ]   |   Downloading pycparser-2.21-py2.py3-none-any.whl (118 kB)\n[build/test old stuff / Django@3.2 / Python@3.7]   | Collecting cryptography>=2.0\n[build/test old stuff / Django@3.2 / Python@3.7]   |   Downloading cryptography-40.0.2-cp36-abi3-manylinux_2_28_x86_64.whl (3.7 MB)\n[build/sanity / django_not_installed           ]   | Collecting distlib<1,>=0.3.6\n[build/sanity / django_not_installed           ]   |   Downloading distlib-0.3.6-py2.py3-none-any.whl (468 kB)\n[build/sanity / django_not_installed           ]   | Collecting more-itertools\n[build/sanity / django_not_installed           ]   |   Downloading more_itertools-9.1.0-py3-none-any.whl (54 kB)\n[build/test old stuff / Django@3.2 / Python@3.7]   | Collecting cffi>=1.12\n[build/test old stuff / Django@3.2 / Python@3.7]   |   Downloading cffi-1.15.1-cp37-cp37m-manylinux_2_17_x86_64.manylinux2014_x86_64.whl (427 kB)\n[build/test old stuff / Django@3.2 / Python@3.7]   | Collecting pycparser\n[build/test old stuff / Django@3.2 / Python@3.7]   |   Downloading pycparser-2.21-py2.py3-none-any.whl (118 kB)\n[build/sanity / django_not_installed           ]   | Installing collected packages: pycparser, zipp, urllib3, typing-extensions, idna, charset-normalizer, cffi, certifi, tomli, requests, msgpack, more-itertools, jeepney, importlib-metadata, cryptography, webencodings, six, SecretStorage, rapidfuzz, pyrsistent, pyproject-hooks, ptyprocess, poetry-core, platformdirs, pkgutil-resolve-name, packaging, lockfile, jaraco.classes, importlib-resources, filelock, distlib, crashtest, cachecontrol, attrs, virtualenv, trove-classifiers, tomlkit, shellingham, requests-toolbelt, pyproject-api, poetry-plugin-export, pluggy, pkginfo, pexpect, keyring, jsonschema, installer, html5lib, dulwich, colorama, cleo, chardet, cachetools, build, backports.cached-property, tox, poetry, pip\n[build/test old stuff / Django@3.2 / Python@3.7]   | Collecting distlib<1,>=0.3.6\n[build/test old stuff / Django@3.2 / Python@3.7]   |   Downloading distlib-0.3.6-py2.py3-none-any.whl (468 kB)\n[build/test old stuff / Django@3.2 / Python@3.7]   | Collecting more-itertools\n[build/test old stuff / Django@3.2 / Python@3.7]   |   Downloading more_itertools-9.1.0-py3-none-any.whl (54 kB)\n[build/test old stuff / Django@3.2 / Python@3.7]   | Installing collected packages: pycparser, zipp, urllib3, typing-extensions, idna, charset-normalizer, cffi, certifi, tomli, requests, msgpack, more-itertools, jeepney, importlib-metadata, cryptography, webencodings, six, SecretStorage, rapidfuzz, pyrsistent, pyproject-hooks, ptyprocess, poetry-core, platformdirs, pkgutil-resolve-name, packaging, lockfile, jaraco.classes, importlib-resources, filelock, distlib, crashtest, cachecontrol, attrs, virtualenv, trove-classifiers, tomlkit, shellingham, requests-toolbelt, pyproject-api, poetry-plugin-export, pluggy, pkginfo, pexpect, keyring, jsonschema, installer, html5lib, dulwich, colorama, cleo, chardet, cachetools, build, backports.cached-property, tox, poetry, pip\n[build/sanity / django_not_installed           ]   |   Attempting uninstall: pip\n[build/sanity / django_not_installed           ]   |     Found existing installation: pip 21.2.4\n[build/sanity / django_not_installed           ]   |     Uninstalling pip-21.2.4:\n[build/test old stuff / Django@3.2 / Python@3.7]   |   Attempting uninstall: pip\n[build/test old stuff / Django@3.2 / Python@3.7]   |     Found existing installation: pip 21.2.4\n[build/test old stuff / Django@3.2 / Python@3.7]   |     Uninstalling pip-21.2.4:\n[build/sanity / django_not_installed           ]   |       Successfully uninstalled pip-21.2.4\n[build/test old stuff / Django@3.2 / Python@3.7]   |       Successfully uninstalled pip-21.2.4\n[build/sanity / django_not_installed           ]   | Successfully installed SecretStorage-3.3.3 attrs-23.1.0 backports.cached-property-1.0.2 build-0.10.0 cachecontrol-0.12.11 cachetools-5.3.1 certifi-2023.5.7 cffi-1.15.1 chardet-5.1.0 charset-normalizer-3.1.0 cleo-2.0.1 colorama-0.4.6 crashtest-0.4.1 cryptography-40.0.2 distlib-0.3.6 dulwich-0.21.5 filelock-3.12.0 html5lib-1.1 idna-3.4 importlib-metadata-6.6.0 importlib-resources-5.12.0 installer-0.7.0 jaraco.classes-3.2.3 jeepney-0.8.0 jsonschema-4.17.3 keyring-23.13.1 lockfile-0.12.2 more-itertools-9.1.0 msgpack-1.0.5 packaging-23.1 pexpect-4.8.0 pip-23.1.2 pkginfo-1.9.6 pkgutil-resolve-name-1.3.10 platformdirs-3.5.1 pluggy-1.0.0 poetry-1.5.0 poetry-core-1.6.0 poetry-plugin-export-1.4.0 ptyprocess-0.7.0 pycparser-2.21 pyproject-api-1.5.1 pyproject-hooks-1.0.0 pyrsistent-0.19.3 rapidfuzz-2.15.1 requests-2.31.0 requests-toolbelt-1.0.0 shellingham-1.5.0.post1 six-1.16.0 tomli-2.0.1 tomlkit-0.11.8 tox-4.5.2 trove-classifiers-2023.5.24 typing-extensions-4.6.2 urllib3-1.26.16 virtualenv-20.23.0 webencodings-0.5.1 zipp-3.15.0\n[build/sanity / django_not_installed           ]   | Creating virtualenv pylint-django--8UFKUm6-py3.7 in /home/runneradmin/.cache/pypoetry/virtualenvs\n[build/test old stuff / Django@3.2 / Python@3.7]   | Successfully installed SecretStorage-3.3.3 attrs-23.1.0 backports.cached-property-1.0.2 build-0.10.0 cachecontrol-0.12.11 cachetools-5.3.1 certifi-2023.5.7 cffi-1.15.1 chardet-5.1.0 charset-normalizer-3.1.0 cleo-2.0.1 colorama-0.4.6 crashtest-0.4.1 cryptography-40.0.2 distlib-0.3.6 dulwich-0.21.5 filelock-3.12.0 html5lib-1.1 idna-3.4 importlib-metadata-6.6.0 importlib-resources-5.12.0 installer-0.7.0 jaraco.classes-3.2.3 jeepney-0.8.0 jsonschema-4.17.3 keyring-23.13.1 lockfile-0.12.2 more-itertools-9.1.0 msgpack-1.0.5 packaging-23.1 pexpect-4.8.0 pip-23.1.2 pkginfo-1.9.6 pkgutil-resolve-name-1.3.10 platformdirs-3.5.1 pluggy-1.0.0 poetry-1.5.0 poetry-core-1.6.0 poetry-plugin-export-1.4.0 ptyprocess-0.7.0 pycparser-2.21 pyproject-api-1.5.1 pyproject-hooks-1.0.0 pyrsistent-0.19.3 rapidfuzz-2.15.1 requests-2.31.0 requests-toolbelt-1.0.0 shellingham-1.5.0.post1 six-1.16.0 tomli-2.0.1 tomlkit-0.11.8 tox-4.5.2 trove-classifiers-2023.5.24 typing-extensions-4.6.2 urllib3-1.26.16 virtualenv-20.23.0 webencodings-0.5.1 zipp-3.15.0\n[build/sanity / django_not_installed           ]   | Updating dependencies\n[build/sanity / django_not_installed           ]   | Resolving dependencies...\n[build/test old stuff / Django@3.2 / Python@3.7]   | Creating virtualenv pylint-django--8UFKUm6-py3.7 in /home/runneradmin/.cache/pypoetry/virtualenvs\n[build/test old stuff / Django@3.2 / Python@3.7]   | Updating dependencies\n[build/test old stuff / Django@3.2 / Python@3.7]   | Resolving dependencies...\n[build/sanity / django_not_installed           ]   | \n[build/sanity / django_not_installed           ]   | Package operations: 65 installs, 1 update, 0 removals\n[build/sanity / django_not_installed           ]   | \n[build/sanity / django_not_installed           ]   |   \u2022 Installing pycparser (2.21)\n[build/sanity / django_not_installed           ]   |   \u2022 Installing cffi (1.15.1)\n[build/sanity / django_not_installed           ]   |   \u2022 Installing certifi (2023.5.7)\n[build/sanity / django_not_installed           ]   |   \u2022 Installing charset-normalizer (3.1.0)\n[build/sanity / django_not_installed           ]   |   \u2022 Installing cryptography (40.0.2)\n[build/sanity / django_not_installed           ]   |   \u2022 Installing idna (3.4)\n[build/sanity / django_not_installed           ]   |   \u2022 Installing jeepney (0.8.0)\n[build/sanity / django_not_installed           ]   |   \u2022 Installing lazy-object-proxy (1.9.0)\n[build/sanity / django_not_installed           ]   |   \u2022 Installing mdurl (0.1.2)\n[build/sanity / django_not_installed           ]   |   \u2022 Installing more-itertools (9.1.0)\n[build/sanity / django_not_installed           ]   |   \u2022 Updating setuptools (67.7.2 -> 67.8.0)\n[build/sanity / django_not_installed           ]   |   \u2022 Installing six (1.16.0)\n[build/sanity / django_not_installed           ]   |   \u2022 Installing typed-ast (1.5.4)\n[build/sanity / django_not_installed           ]   |   \u2022 Installing typing-extensions (4.6.2)\n[build/sanity / django_not_installed           ]   |   \u2022 Installing urllib3 (2.0.2)\n[build/sanity / django_not_installed           ]   |   \u2022 Installing webencodings (0.5.1)\n[build/sanity / django_not_installed           ]   |   \u2022 Installing wrapt (1.15.0)\n[build/sanity / django_not_installed           ]   |   \u2022 Installing zipp (3.15.0)\n[build/test old stuff / Django@3.2 / Python@3.7]   | \n[build/test old stuff / Django@3.2 / Python@3.7]   | Package operations: 65 installs, 1 update, 0 removals\n[build/test old stuff / Django@3.2 / Python@3.7]   | \n[build/test old stuff / Django@3.2 / Python@3.7]   |   \u2022 Installing pycparser (2.21)\n[build/test old stuff / Django@3.2 / Python@3.7]   |   \u2022 Installing cffi (1.15.1)\n[build/test old stuff / Django@3.2 / Python@3.7]   |   \u2022 Installing certifi (2023.5.7)\n[build/test old stuff / Django@3.2 / Python@3.7]   |   \u2022 Installing charset-normalizer (3.1.0)\n[build/test old stuff / Django@3.2 / Python@3.7]   |   \u2022 Installing cryptography (40.0.2)\n[build/test old stuff / Django@3.2 / Python@3.7]   |   \u2022 Installing idna (3.4)\n[build/test old stuff / Django@3.2 / Python@3.7]   |   \u2022 Installing jeepney (0.8.0)\n[build/test old stuff / Django@3.2 / Python@3.7]   |   \u2022 Installing lazy-object-proxy (1.9.0)\n[build/test old stuff / Django@3.2 / Python@3.7]   |   \u2022 Installing mdurl (0.1.2)\n[build/test old stuff / Django@3.2 / Python@3.7]   |   \u2022 Installing more-itertools (9.1.0)\n[build/test old stuff / Django@3.2 / Python@3.7]   |   \u2022 Updating setuptools (67.7.2 -> 67.8.0)\n[build/test old stuff / Django@3.2 / Python@3.7]   |   \u2022 Installing six (1.16.0)\n[build/test old stuff / Django@3.2 / Python@3.7]   |   \u2022 Installing typed-ast (1.5.4)\n[build/test old stuff / Django@3.2 / Python@3.7]   |   \u2022 Installing typing-extensions (4.6.2)\n[build/test old stuff / Django@3.2 / Python@3.7]   |   \u2022 Installing urllib3 (2.0.2)\n[build/test old stuff / Django@3.2 / Python@3.7]   |   \u2022 Installing webencodings (0.5.1)\n[build/test old stuff / Django@3.2 / Python@3.7]   |   \u2022 Installing wrapt (1.15.0)\n[build/test old stuff / Django@3.2 / Python@3.7]   |   \u2022 Installing zipp (3.15.0)\n[build/sanity / django_not_installed           ]   |   \u2022 Installing asgiref (3.7.2)\n[build/sanity / django_not_installed           ]   |   \u2022 Installing astroid (2.11.7)\n[build/sanity / django_not_installed           ]   |   \u2022 Installing bleach (6.0.0)\n[build/sanity / django_not_installed           ]   |   \u2022 Installing dill (0.3.6)\n[build/sanity / django_not_installed           ]   |   \u2022 Installing distlib (0.3.6)\n[build/sanity / django_not_installed           ]   |   \u2022 Installing docutils (0.20.1)\n[build/sanity / django_not_installed           ]   |   \u2022 Installing filelock (3.12.0)\n[build/sanity / django_not_installed           ]   |   \u2022 Installing importlib-metadata (6.6.0)\n[build/sanity / django_not_installed           ]   |   \u2022 Installing importlib-resources (5.12.0)\n[build/sanity / django_not_installed           ]   |   \u2022 Installing isort (5.11.5)\n[build/sanity / django_not_installed           ]   |   \u2022 Installing jaraco-classes (3.2.3)\n[build/sanity / django_not_installed           ]   |   \u2022 Installing markdown-it-py (2.2.0)\n[build/sanity / django_not_installed           ]   |   \u2022 Installing mccabe (0.7.0)\n[build/sanity / django_not_installed           ]   |   \u2022 Installing packaging (23.1)\n[build/sanity / django_not_installed           ]   |   \u2022 Installing platformdirs (3.5.1)\n[build/sanity / django_not_installed           ]   |   \u2022 Installing pygments (2.15.1)\n[build/sanity / django_not_installed           ]   |   \u2022 Installing python-dateutil (2.8.2)\n[build/sanity / django_not_installed           ]   |   \u2022 Installing requests (2.31.0)\n[build/sanity / django_not_installed           ]   |   \u2022 Installing pytz (2023.3)\n[build/sanity / django_not_installed           ]   |   \u2022 Installing secretstorage (3.3.3)\n[build/sanity / django_not_installed           ]   |   \u2022 Installing sqlparse (0.4.4)\n[build/sanity / django_not_installed           ]   |   \u2022 Installing tomli (2.0.1)\n[build/sanity / django_not_installed           ]   |   \u2022 Installing cachetools (5.3.1)\n[build/sanity / django_not_installed           ]   |   \u2022 Installing chardet (5.1.0)\n[build/sanity / django_not_installed           ]   |   \u2022 Installing colorama (0.4.6)\n[build/sanity / django_not_installed           ]   |   \u2022 Installing django (3.2.19)\n[build/sanity / django_not_installed           ]   |   \u2022 Installing exceptiongroup (1.1.1)\n[build/sanity / django_not_installed           ]   |   \u2022 Installing faker (18.9.0)\n[build/sanity / django_not_installed           ]   |   \u2022 Installing iniconfig (2.0.0)\n[build/sanity / django_not_installed           ]   |   \u2022 Installing keyring (23.13.1)\n[build/sanity / django_not_installed           ]   |   \u2022 Installing pkginfo (1.9.6)\n[build/sanity / django_not_installed           ]   |   \u2022 Installing pluggy (1.0.0)\n[build/sanity / django_not_installed           ]   |   \u2022 Installing pylint (2.13.9)\n[build/sanity / django_not_installed           ]   |   \u2022 Installing pyproject-api (1.5.1)\n[build/sanity / django_not_installed           ]   |   \u2022 Installing python-mimeparse (1.6.0)\n[build/sanity / django_not_installed           ]   |   \u2022 Installing readme-renderer (37.3)\n[build/sanity / django_not_installed           ]   |   \u2022 Installing requests-toolbelt (1.0.0)\n[build/sanity / django_not_installed           ]   |   \u2022 Installing rfc3986 (2.0.0)\n[build/sanity / django_not_installed           ]   |   \u2022 Installing rich (13.3.5)\n[build/sanity / django_not_installed           ]   |   \u2022 Installing virtualenv (20.23.0)\n[build/test old stuff / Django@3.2 / Python@3.7]   |   \u2022 Installing asgiref (3.7.2)\n[build/test old stuff / Django@3.2 / Python@3.7]   |   \u2022 Installing astroid (2.11.7)\n[build/test old stuff / Django@3.2 / Python@3.7]   |   \u2022 Installing bleach (6.0.0)\n[build/test old stuff / Django@3.2 / Python@3.7]   |   \u2022 Installing dill (0.3.6)\n[build/test old stuff / Django@3.2 / Python@3.7]   |   \u2022 Installing distlib (0.3.6)\n[build/test old stuff / Django@3.2 / Python@3.7]   |   \u2022 Installing docutils (0.20.1)\n[build/test old stuff / Django@3.2 / Python@3.7]   |   \u2022 Installing filelock (3.12.0)\n[build/test old stuff / Django@3.2 / Python@3.7]   |   \u2022 Installing importlib-metadata (6.6.0)\n[build/test old stuff / Django@3.2 / Python@3.7]   |   \u2022 Installing importlib-resources (5.12.0)\n[build/test old stuff / Django@3.2 / Python@3.7]   |   \u2022 Installing isort (5.11.5)\n[build/test old stuff / Django@3.2 / Python@3.7]   |   \u2022 Installing jaraco-classes (3.2.3)\n[build/test old stuff / Django@3.2 / Python@3.7]   |   \u2022 Installing markdown-it-py (2.2.0)\n[build/test old stuff / Django@3.2 / Python@3.7]   |   \u2022 Installing mccabe (0.7.0)\n[build/test old stuff / Django@3.2 / Python@3.7]   |   \u2022 Installing packaging (23.1)\n[build/test old stuff / Django@3.2 / Python@3.7]   |   \u2022 Installing platformdirs (3.5.1)\n[build/test old stuff / Django@3.2 / Python@3.7]   |   \u2022 Installing pygments (2.15.1)\n[build/test old stuff / Django@3.2 / Python@3.7]   |   \u2022 Installing python-dateutil (2.8.2)\n[build/test old stuff / Django@3.2 / Python@3.7]   |   \u2022 Installing pytz (2023.3)\n[build/test old stuff / Django@3.2 / Python@3.7]   |   \u2022 Installing requests (2.31.0)\n[build/test old stuff / Django@3.2 / Python@3.7]   |   \u2022 Installing secretstorage (3.3.3)\n[build/test old stuff / Django@3.2 / Python@3.7]   |   \u2022 Installing sqlparse (0.4.4)\n[build/test old stuff / Django@3.2 / Python@3.7]   |   \u2022 Installing tomli (2.0.1)\n[build/test old stuff / Django@3.2 / Python@3.7]   |   \u2022 Installing cachetools (5.3.1)\n[build/test old stuff / Django@3.2 / Python@3.7]   |   \u2022 Installing chardet (5.1.0)\n[build/test old stuff / Django@3.2 / Python@3.7]   |   \u2022 Installing colorama (0.4.6)\n[build/test old stuff / Django@3.2 / Python@3.7]   |   \u2022 Installing django (3.2.19)\n[build/test old stuff / Django@3.2 / Python@3.7]   |   \u2022 Installing exceptiongroup (1.1.1)\n[build/test old stuff / Django@3.2 / Python@3.7]   |   \u2022 Installing faker (18.9.0)\n[build/test old stuff / Django@3.2 / Python@3.7]   |   \u2022 Installing iniconfig (2.0.0)\n[build/test old stuff / Django@3.2 / Python@3.7]   |   \u2022 Installing keyring (23.13.1)\n[build/test old stuff / Django@3.2 / Python@3.7]   |   \u2022 Installing pkginfo (1.9.6)\n[build/test old stuff / Django@3.2 / Python@3.7]   |   \u2022 Installing pluggy (1.0.0)\n[build/test old stuff / Django@3.2 / Python@3.7]   |   \u2022 Installing pylint (2.13.9)\n[build/test old stuff / Django@3.2 / Python@3.7]   |   \u2022 Installing pyproject-api (1.5.1)\n[build/test old stuff / Django@3.2 / Python@3.7]   |   \u2022 Installing python-mimeparse (1.6.0)\n[build/test old stuff / Django@3.2 / Python@3.7]   |   \u2022 Installing readme-renderer (37.3)\n[build/test old stuff / Django@3.2 / Python@3.7]   |   \u2022 Installing requests-toolbelt (1.0.0)\n[build/test old stuff / Django@3.2 / Python@3.7]   |   \u2022 Installing rfc3986 (2.0.0)\n[build/test old stuff / Django@3.2 / Python@3.7]   |   \u2022 Installing rich (13.3.5)\n[build/test old stuff / Django@3.2 / Python@3.7]   |   \u2022 Installing virtualenv (20.23.0)\n[build/sanity / django_not_installed           ]   |   \u2022 Installing coverage (7.2.6)\n[build/sanity / django_not_installed           ]   |   \u2022 Installing django-tables2 (2.5.3)\n[build/sanity / django_not_installed           ]   |   \u2022 Installing django-tastypie (0.14.5)\n[build/sanity / django_not_installed           ]   |   \u2022 Installing factory-boy (3.2.1)\n[build/sanity / django_not_installed           ]   |   \u2022 Installing pylint-plugin-utils (0.8.2)\n[build/sanity / django_not_installed           ]   |   \u2022 Installing pytest (7.3.1)\n[build/sanity / django_not_installed           ]   |   \u2022 Installing tox (4.5.2)\n[build/sanity / django_not_installed           ]   |   \u2022 Installing twine (4.0.2)\n[build/test old stuff / Django@3.2 / Python@3.7]   |   \u2022 Installing coverage (7.2.6)\n[build/test old stuff / Django@3.2 / Python@3.7]   |   \u2022 Installing django-tables2 (2.5.3)\n[build/test old stuff / Django@3.2 / Python@3.7]   |   \u2022 Installing django-tastypie (0.14.5)\n[build/test old stuff / Django@3.2 / Python@3.7]   |   \u2022 Installing factory-boy (3.2.1)\n[build/test old stuff / Django@3.2 / Python@3.7]   |   \u2022 Installing pylint-plugin-utils (0.8.2)\n[build/test old stuff / Django@3.2 / Python@3.7]   |   \u2022 Installing pytest (7.3.1)\n[build/test old stuff / Django@3.2 / Python@3.7]   |   \u2022 Installing tox (4.5.2)\n[build/test old stuff / Django@3.2 / Python@3.7]   |   \u2022 Installing twine (4.0.2)\n[build/sanity / django_not_installed           ]   | \n[build/sanity / django_not_installed           ]   | Writing lock file\n[build/sanity / django_not_installed           ]   | \n[build/sanity / django_not_installed           ]   | Installing the current project: pylint-django (2.6.0a0)\n[build/sanity / django_not_installed           ]   | ROOT: will run in automatically provisioned tox, host /opt/hostedtoolcache/Python/3.7.11/x64/bin/python is missing [requires (has)]: pip>=21.0.1 (20.1.1)\n[build/sanity / django_not_installed           ]   | ROOT: install_deps> python -I -m pip install 'pip>=21.0.1' poetry tox\n[build/test old stuff / Django@3.2 / Python@3.7]   | \n[build/test old stuff / Django@3.2 / Python@3.7]   | Installing the current project: pylint-django (2.6.0a0)\n[build/test old stuff / Django@3.2 / Python@3.7]   | ROOT: will run in automatically provisioned tox, host /opt/hostedtoolcache/Python/3.7.11/x64/bin/python is missing [requires (has)]: pip>=21.0.1 (20.1.1)\n[build/test old stuff / Django@3.2 / Python@3.7]   | ROOT: install_deps> python -I -m pip install 'pip>=21.0.1' poetry tox\n[build/sanity / django_not_installed           ]   | ROOT: freeze> python -m pip freeze --all\n[build/sanity / django_not_installed           ]   | ROOT: attrs==23.1.0,backports.cached-property==1.0.2,build==0.10.0,CacheControl==0.12.11,cachetools==5.3.1,certifi==2023.5.7,cffi==1.15.1,chardet==5.1.0,charset-normalizer==3.1.0,cleo==2.0.1,colorama==0.4.6,crashtest==0.4.1,cryptography==40.0.2,distlib==0.3.6,dulwich==0.21.5,filelock==3.12.0,html5lib==1.1,idna==3.4,importlib-metadata==6.6.0,importlib-resources==5.12.0,installer==0.7.0,jaraco.classes==3.2.3,jeepney==0.8.0,jsonschema==4.17.3,keyring==23.13.1,lockfile==0.12.2,more-itertools==9.1.0,msgpack==1.0.5,packaging==23.1,pexpect==4.8.0,pip==23.1.2,pkginfo==1.9.6,pkgutil_resolve_name==1.3.10,platformdirs==3.5.1,pluggy==1.0.0,poetry==1.5.0,poetry-core==1.6.0,poetry-plugin-export==1.4.0,ptyprocess==0.7.0,pycparser==2.21,pyproject_api==1.5.1,pyproject_hooks==1.0.0,pyrsistent==0.19.3,rapidfuzz==2.15.1,requests==2.31.0,requests-toolbelt==1.0.0,SecretStorage==3.3.3,setuptools==67.7.2,shellingham==1.5.0.post1,six==1.16.0,tomli==2.0.1,tomlkit==0.11.8,tox==4.5.2,trove-classifiers==2023.5.24,typing_extensions==4.6.2,urllib3==1.26.16,virtualenv==20.23.0,webencodings==0.5.1,wheel==0.40.0,zipp==3.15.0\n[build/sanity / django_not_installed           ]   | ROOT: provision> .tox/.tox/bin/python -m tox\n[build/sanity / django_not_installed           ]   | .pkg: install_requires> python -I -m pip install 'poetry-core>=1.0.0'\n[build/test old stuff / Django@3.2 / Python@3.7]   | ROOT: freeze> python -m pip freeze --all\n[build/test old stuff / Django@3.2 / Python@3.7]   | ROOT: attrs==23.1.0,backports.cached-property==1.0.2,build==0.10.0,CacheControl==0.12.11,cachetools==5.3.1,certifi==2023.5.7,cffi==1.15.1,chardet==5.1.0,charset-normalizer==3.1.0,cleo==2.0.1,colorama==0.4.6,crashtest==0.4.1,cryptography==40.0.2,distlib==0.3.6,dulwich==0.21.5,filelock==3.12.0,html5lib==1.1,idna==3.4,importlib-metadata==6.6.0,importlib-resources==5.12.0,installer==0.7.0,jaraco.classes==3.2.3,jeepney==0.8.0,jsonschema==4.17.3,keyring==23.13.1,lockfile==0.12.2,more-itertools==9.1.0,msgpack==1.0.5,packaging==23.1,pexpect==4.8.0,pip==23.1.2,pkginfo==1.9.6,pkgutil_resolve_name==1.3.10,platformdirs==3.5.1,pluggy==1.0.0,poetry==1.5.0,poetry-core==1.6.0,poetry-plugin-export==1.4.0,ptyprocess==0.7.0,pycparser==2.21,pyproject_api==1.5.1,pyproject_hooks==1.0.0,pyrsistent==0.19.3,rapidfuzz==2.15.1,requests==2.31.0,requests-toolbelt==1.0.0,SecretStorage==3.3.3,setuptools==67.7.2,shellingham==1.5.0.post1,six==1.16.0,tomli==2.0.1,tomlkit==0.11.8,tox==4.5.2,trove-classifiers==2023.5.24,typing_extensions==4.6.2,urllib3==1.26.16,virtualenv==20.23.0,webencodings==0.5.1,wheel==0.40.0,zipp==3.15.0\n[build/test old stuff / Django@3.2 / Python@3.7]   | ROOT: provision> .tox/.tox/bin/python -m tox\n[build/sanity / django_not_installed           ]   | .pkg: _optional_hooks> python /tmp/de65f406-fe28-11ed-a890-af2cc187fc11/landscapeio-pylint-django/.tox/.tox/lib/python3.7/site-packages/pyproject_api/_backend.py True poetry.core.masonry.api\n[build/sanity / django_not_installed           ]   | .pkg: get_requires_for_build_sdist> python /tmp/de65f406-fe28-11ed-a890-af2cc187fc11/landscapeio-pylint-django/.tox/.tox/lib/python3.7/site-packages/pyproject_api/_backend.py True poetry.core.masonry.api\n[build/sanity / django_not_installed           ]   | .pkg: freeze> python -m pip freeze --all\n[build/sanity / django_not_installed           ]   | .pkg: importlib-metadata==6.6.0,pip==23.1.2,poetry-core==1.6.1,setuptools==67.7.2,typing_extensions==4.6.2,wheel==0.40.0,zipp==3.15.0\n[build/sanity / django_not_installed           ]   | .pkg: prepare_metadata_for_build_wheel> python /tmp/de65f406-fe28-11ed-a890-af2cc187fc11/landscapeio-pylint-django/.tox/.tox/lib/python3.7/site-packages/pyproject_api/_backend.py True poetry.core.masonry.api\n[build/sanity / django_not_installed           ]   | .pkg: build_sdist> python /tmp/de65f406-fe28-11ed-a890-af2cc187fc11/landscapeio-pylint-django/.tox/.tox/lib/python3.7/site-packages/pyproject_api/_backend.py True poetry.core.masonry.api\n[build/sanity / django_not_installed           ]   | django_not_installed: install_package_deps> python -I -m pip install 'pylint-plugin-utils>=0.8' 'pylint<3,>=2.0'\n[build/test old stuff / Django@3.2 / Python@3.7]   | py37-django32: install_deps> python -I -m pip install 'Django<4.0,>=3.2'\n[build/sanity / django_not_installed           ]   | django_not_installed: install_package> python -I -m pip install --force-reinstall --no-deps /tmp/de65f406-fe28-11ed-a890-af2cc187fc11/landscapeio-pylint-django/.tox/.tmp/package/1/pylint_django-2.6.0a0.tar.gz\n[build/test old stuff / Django@3.2 / Python@3.7]   | .pkg: _optional_hooks> python /tmp/de65f406-fe28-11ed-a890-af2cc187fc11/landscapeio-pylint-django/.tox/.tox/lib/python3.7/site-packages/pyproject_api/_backend.py True poetry.core.masonry.api\n[build/test old stuff / Django@3.2 / Python@3.7]   | .pkg: get_requires_for_build_sdist> python /tmp/de65f406-fe28-11ed-a890-af2cc187fc11/landscapeio-pylint-django/.tox/.tox/lib/python3.7/site-packages/pyproject_api/_backend.py True poetry.core.masonry.api\n[build/test old stuff / Django@3.2 / Python@3.7]   | .pkg: freeze> python -m pip freeze --all\n[build/test old stuff / Django@3.2 / Python@3.7]   | .pkg: importlib-metadata==6.6.0,pip==23.1.2,poetry-core==1.6.1,setuptools==67.7.2,typing_extensions==4.6.2,wheel==0.40.0,zipp==3.15.0\n[build/test old stuff / Django@3.2 / Python@3.7]   | .pkg: prepare_metadata_for_build_wheel> python /tmp/de65f406-fe28-11ed-a890-af2cc187fc11/landscapeio-pylint-django/.tox/.tox/lib/python3.7/site-packages/pyproject_api/_backend.py True poetry.core.masonry.api\n[build/test old stuff / Django@3.2 / Python@3.7]   | .pkg: build_sdist> python /tmp/de65f406-fe28-11ed-a890-af2cc187fc11/landscapeio-pylint-django/.tox/.tox/lib/python3.7/site-packages/pyproject_api/_backend.py True poetry.core.masonry.api\n[build/test old stuff / Django@3.2 / Python@3.7]   | py37-django32: install_package_deps> python -I -m pip install 'pylint-plugin-utils>=0.8' 'pylint<3,>=2.0'\n[build/sanity / django_not_installed           ]   | django_not_installed: freeze> python -m pip freeze --all\n[build/sanity / django_not_installed           ]   | django_not_installed: astroid==2.15.5,dill==0.3.6,isort==5.11.5,lazy-object-proxy==1.9.0,mccabe==0.7.0,pip==23.1.2,platformdirs==3.5.1,pylint==2.17.4,pylint-django @ file:///tmp/de65f406-fe28-11ed-a890-af2cc187fc11/landscapeio-pylint-django/.tox/.tmp/package/1/pylint_django-2.6.0a0.tar.gz#sha256=9bc75863bc20789a0c698efeb63eb50df0db116dcb9b48c5c745e56846a23c73,pylint-plugin-utils==0.8.2,setuptools==67.7.2,tomli==2.0.1,tomlkit==0.11.8,typed-ast==1.5.4,typing_extensions==4.6.2,wheel==0.40.0,wrapt==1.15.0\n[build/sanity / django_not_installed           ]   | django_not_installed: commands[0]> bash pylint_django/tests/test_django_not_installed.sh\n[build/test old stuff / Django@3.2 / Python@3.7]   | py37-django32: install_package> python -I -m pip install --force-reinstall --no-deps /tmp/de65f406-fe28-11ed-a890-af2cc187fc11/landscapeio-pylint-django/.tox/.tmp/package/2/pylint_django-2.6.0a0.tar.gz\n[build/test old stuff / Django@3.2 / Python@3.7]   | py37-django32: freeze> python -m pip freeze --all\n[build/test old stuff / Django@3.2 / Python@3.7]   | py37-django32: asgiref==3.7.2,astroid==2.15.5,dill==0.3.6,Django==3.2.19,isort==5.11.5,lazy-object-proxy==1.9.0,mccabe==0.7.0,pip==23.1.2,platformdirs==3.5.1,pylint==2.17.4,pylint-django @ file:///tmp/de65f406-fe28-11ed-a890-af2cc187fc11/landscapeio-pylint-django/.tox/.tmp/package/2/pylint_django-2.6.0a0.tar.gz#sha256=9bc75863bc20789a0c698efeb63eb50df0db116dcb9b48c5c745e56846a23c73,pylint-plugin-utils==0.8.2,pytz==2023.3,setuptools==67.7.2,sqlparse==0.4.4,tomli==2.0.1,tomlkit==0.11.8,typed-ast==1.5.4,typing_extensions==4.6.2,wheel==0.40.0,wrapt==1.15.0\n[build/test old stuff / Django@3.2 / Python@3.7]   | py37-django32: commands[0]> coverage run pylint_django/tests/test_func.py -v\n[build/test old stuff / Django@3.2 / Python@3.7]   | py37-django32: exit 2 (0.00 seconds) /tmp/de65f406-fe28-11ed-a890-af2cc187fc11/landscapeio-pylint-django> coverage run pylint_django/tests/test_func.py -v\n[build/test old stuff / Django@3.2 / Python@3.7]   | .pkg: _exit> python /tmp/de65f406-fe28-11ed-a890-af2cc187fc11/landscapeio-pylint-django/.tox/.tox/lib/python3.7/site-packages/pyproject_api/_backend.py True poetry.core.masonry.api\n[build/test old stuff / Django@3.2 / Python@3.7]   |   py37-django32: FAIL code 2 (25.59=setup[25.59]+cmd[0.00] seconds)\n[build/test old stuff / Django@3.2 / Python@3.7]   |   evaluation failed :( (29.36 seconds)\n[build/test old stuff / Django@3.2 / Python@3.7]   \u274c  Failure - Main Execute tests\n[build/test old stuff / Django@3.2 / Python@3.7] exitcode '2': failure\n[build/sanity / django_not_installed           ]   | pylint_django:1:0: F5101: Django is not available on the PYTHONPATH (django-not-available)\n[build/sanity / django_not_installed           ]   | .pkg: _exit> python /tmp/de65f406-fe28-11ed-a890-af2cc187fc11/landscapeio-pylint-django/.tox/.tox/lib/python3.7/site-packages/pyproject_api/_backend.py True poetry.core.masonry.api\n[build/sanity / django_not_installed           ]   |   django_not_installed: OK (35.33=setup[21.79]+cmd[13.54] seconds)\n[build/sanity / django_not_installed           ]   |   congratulations :) (35.84 seconds)\n[build/sanity / django_not_installed           ]   \u2705  Success - Main Execute tests\n[build/sanity / django_not_installed           ] \u2b50 Run Post Set up Python 3.7\n[build/sanity / django_not_installed           ]   \ud83d\udc33  docker exec cmd=[node /var/run/act/actions/actions-setup-python@v4/dist/cache-save/index.js] user= workdir=\n[build/test latest / Django@-main / Python@3.8 ]   \u2705  Success - Main actions/checkout@v3\n[build/sanity / django_not_installed           ]   \u2705  Success - Post Set up Python 3.7\n[build/test latest / Django@-main / Python@3.8 ] \u2b50 Run Main Set up Python 3.8\n[build/test latest / Django@-main / Python@3.8 ]   \ud83d\udc33  docker cp src=/home/andre-silva/.cache/act/actions-setup-python@v4/ dst=/var/run/act/actions/actions-setup-python@v4/\n[build/test latest / Django@-main / Python@3.8 ]   \ud83d\udc33  docker exec cmd=[chown -R 1012:1000 /var/run/act/actions/actions-setup-python@v4/] user=0 workdir=\n[build/sanity / django_not_installed           ] \ud83c\udfc1  Job succeeded\n[build/test old stuff / Django@3.2 / Python@3.7] \ud83c\udfc1  Job failed\n[build/test latest / Django@-main / Python@3.8 ]   \ud83d\udc33  docker exec cmd=[node /var/run/act/actions/actions-setup-python@v4/dist/setup/index.js] user= workdir=\n[build/test latest / Django@-main / Python@3.8 ]   \ud83d\udcac  ::debug::Python is expected to be installed into /opt/hostedtoolcache\n[build/test latest / Django@-main / Python@3.8 ]   \u2753  ::group::Installed versions\n[build/test latest / Django@-main / Python@3.8 ]   \ud83d\udcac  ::debug::Semantic version spec of 3.8 is 3.8\n[build/test latest / Django@-main / Python@3.8 ]   \ud83d\udcac  ::debug::isExplicit: \n[build/test latest / Django@-main / Python@3.8 ]   \ud83d\udcac  ::debug::explicit? false\n[build/test latest / Django@-main / Python@3.8 ]   \ud83d\udcac  ::debug::isExplicit: 2.7.18\n[build/test latest / Django@-main / Python@3.8 ]   \ud83d\udcac  ::debug::explicit? true\n[build/test latest / Django@-main / Python@3.8 ]   \ud83d\udcac  ::debug::isExplicit: 3.5.10\n[build/test latest / Django@-main / Python@3.8 ]   \ud83d\udcac  ::debug::explicit? true\n[build/test latest / Django@-main / Python@3.8 ]   \ud83d\udcac  ::debug::isExplicit: 3.6.14\n[build/test latest / Django@-main / Python@3.8 ]   \ud83d\udcac  ::debug::explicit? true\n[build/test latest / Django@-main / Python@3.8 ]   \ud83d\udcac  ::debug::isExplicit: 3.7.11\n[build/test latest / Django@-main / Python@3.8 ]   \ud83d\udcac  ::debug::explicit? true\n[build/test latest / Django@-main / Python@3.8 ]   \ud83d\udcac  ::debug::isExplicit: 3.8.11\n[build/test latest / Django@-main / Python@3.8 ]   \ud83d\udcac  ::debug::explicit? true\n[build/test latest / Django@-main / Python@3.8 ]   \ud83d\udcac  ::debug::isExplicit: 3.9.6\n[build/test latest / Django@-main / Python@3.8 ]   \ud83d\udcac  ::debug::explicit? true\n[build/test latest / Django@-main / Python@3.8 ]   \ud83d\udcac  ::debug::evaluating 6 versions\n[build/test latest / Django@-main / Python@3.8 ]   \ud83d\udcac  ::debug::matched: 3.8.11\n[build/test latest / Django@-main / Python@3.8 ]   \ud83d\udcac  ::debug::checking cache: /opt/hostedtoolcache/Python/3.8.11/x64\n[build/test latest / Django@-main / Python@3.8 ]   \ud83d\udcac  ::debug::Found tool in cache Python 3.8.11 x64\n[build/test latest / Django@-main / Python@3.8 ]   | Successfully set up CPython (3.8.11)\n[build/test latest / Django@-main / Python@3.8 ]   \u2753  ::endgroup::\n[build/test latest / Django@-main / Python@3.8 ]   \u2753 add-matcher /run/act/actions/actions-setup-python@v4/.github/python.json\n[build/test latest / Django@-main / Python@3.8 ]   \u2705  Success - Main Set up Python 3.8\n[build/test latest / Django@-main / Python@3.8 ]   \u2699  ::set-env:: PKG_CONFIG_PATH=/opt/hostedtoolcache/Python/3.8.11/x64/lib/pkgconfig\n[build/test latest / Django@-main / Python@3.8 ]   \u2699  ::set-env:: Python_ROOT_DIR=/opt/hostedtoolcache/Python/3.8.11/x64\n[build/test latest / Django@-main / Python@3.8 ]   \u2699  ::set-env:: Python2_ROOT_DIR=/opt/hostedtoolcache/Python/3.8.11/x64\n[build/test latest / Django@-main / Python@3.8 ]   \u2699  ::set-env:: Python3_ROOT_DIR=/opt/hostedtoolcache/Python/3.8.11/x64\n[build/test latest / Django@-main / Python@3.8 ]   \u2699  ::set-env:: LD_LIBRARY_PATH=/opt/hostedtoolcache/Python/3.8.11/x64/lib\n[build/test latest / Django@-main / Python@3.8 ]   \u2699  ::set-env:: pythonLocation=/opt/hostedtoolcache/Python/3.8.11/x64\n[build/test latest / Django@-main / Python@3.8 ]   \u2699  ::set-output:: python-version=3.8.11\n[build/test latest / Django@-main / Python@3.8 ]   \u2699  ::set-output:: python-path=/opt/hostedtoolcache/Python/3.8.11/x64/bin/python\n[build/test latest / Django@-main / Python@3.8 ]   \u2699  ::add-path:: /opt/hostedtoolcache/Python/3.8.11/x64\n[build/test latest / Django@-main / Python@3.8 ]   \u2699  ::add-path:: /opt/hostedtoolcache/Python/3.8.11/x64/bin\n[build/test latest / Django@-main / Python@3.8 ] \u2b50 Run Main Execute tests\n[build/test latest / Django@-main / Python@3.8 ]   \ud83d\udc33  docker exec cmd=[bash --noprofile --norc -e -o pipefail /var/run/act/workflow/2] user= workdir=\n[build/test latest / Django@-main / Python@3.8 ]   | Requirement already satisfied: pip in /opt/hostedtoolcache/Python/3.8.11/x64/lib/python3.8/site-packages (21.2.4)\n[build/test latest / Django@-main / Python@3.8 ]   | Collecting pip\n[build/test latest / Django@-main / Python@3.8 ]   |   Downloading pip-23.1.2-py3-none-any.whl (2.1 MB)\n[build/test latest / Django@-main / Python@3.8 ]   | Collecting poetry\n[build/test latest / Django@-main / Python@3.8 ]   |   Downloading poetry-1.5.0-py3-none-any.whl (224 kB)\n[build/test latest / Django@-main / Python@3.8 ]   | Collecting tox\n[build/test latest / Django@-main / Python@3.8 ]   |   Downloading tox-4.5.2-py3-none-any.whl (148 kB)\n[build/test latest / Django@-main / Python@3.8 ]   | Collecting shellingham<2.0,>=1.5\n[build/test latest / Django@-main / Python@3.8 ]   |   Downloading shellingham-1.5.0.post1-py2.py3-none-any.whl (9.4 kB)\n[build/test latest / Django@-main / Python@3.8 ]   | Collecting cleo<3.0.0,>=2.0.0\n[build/test latest / Django@-main / Python@3.8 ]   |   Downloading cleo-2.0.1-py3-none-any.whl (77 kB)\n[build/test latest / Django@-main / Python@3.8 ]   | Collecting virtualenv<21.0.0,>=20.22.0\n[build/test latest / Django@-main / Python@3.8 ]   |   Downloading virtualenv-20.23.0-py3-none-any.whl (3.3 MB)\n[build/test latest / Django@-main / Python@3.8 ]   | Collecting packaging>=20.4\n[build/test latest / Django@-main / Python@3.8 ]   |   Downloading packaging-23.1-py3-none-any.whl (48 kB)\n[build/test latest / Django@-main / Python@3.8 ]   | Collecting trove-classifiers>=2022.5.19\n[build/test latest / Django@-main / Python@3.8 ]   |   Downloading trove_classifiers-2023.5.24-py3-none-any.whl (13 kB)\n[build/test latest / Django@-main / Python@3.8 ]   | Collecting filelock<4.0.0,>=3.8.0\n[build/test latest / Django@-main / Python@3.8 ]   |   Downloading filelock-3.12.0-py3-none-any.whl (10 kB)\n[build/test latest / Django@-main / Python@3.8 ]   | Collecting tomli<3.0.0,>=2.0.1\n[build/test latest / Django@-main / Python@3.8 ]   |   Downloading tomli-2.0.1-py3-none-any.whl (12 kB)\n[build/test latest / Django@-main / Python@3.8 ]   | Collecting pkginfo<2.0.0,>=1.9.4\n[build/test latest / Django@-main / Python@3.8 ]   |   Downloading pkginfo-1.9.6-py3-none-any.whl (30 kB)\n[build/test latest / Django@-main / Python@3.8 ]   | Collecting requests<3.0,>=2.18\n[build/test latest / Django@-main / Python@3.8 ]   |   Downloading requests-2.31.0-py3-none-any.whl (62 kB)\n[build/test latest / Django@-main / Python@3.8 ]   | Collecting crashtest<0.5.0,>=0.4.1\n[build/test latest / Django@-main / Python@3.8 ]   |   Downloading crashtest-0.4.1-py3-none-any.whl (7.6 kB)\n[build/test latest / Django@-main / Python@3.8 ]   | Collecting dulwich<0.22.0,>=0.21.2\n[build/test latest / Django@-main / Python@3.8 ]   |   Downloading dulwich-0.21.5-cp38-cp38-manylinux_2_17_x86_64.manylinux2014_x86_64.whl (512 kB)\n[build/test latest / Django@-main / Python@3.8 ]   | Collecting platformdirs<4.0.0,>=3.0.0\n[build/test latest / Django@-main / Python@3.8 ]   |   Downloading platformdirs-3.5.1-py3-none-any.whl (15 kB)\n[build/test latest / Django@-main / Python@3.8 ]   | Collecting cachecontrol[filecache]<0.13.0,>=0.12.9\n[build/test latest / Django@-main / Python@3.8 ]   |   Downloading CacheControl-0.12.11-py2.py3-none-any.whl (21 kB)\n[build/test latest / Django@-main / Python@3.8 ]   | Collecting keyring<24.0.0,>=23.9.0\n[build/test latest / Django@-main / Python@3.8 ]   |   Downloading keyring-23.13.1-py3-none-any.whl (37 kB)\n[build/test latest / Django@-main / Python@3.8 ]   | Collecting requests-toolbelt<2,>=0.9.1\n[build/test latest / Django@-main / Python@3.8 ]   |   Downloading requests_toolbelt-1.0.0-py2.py3-none-any.whl (54 kB)\n[build/test latest / Django@-main / Python@3.8 ]   | Collecting jsonschema<5.0.0,>=4.10.0\n[build/test latest / Django@-main / Python@3.8 ]   |   Downloading jsonschema-4.17.3-py3-none-any.whl (90 kB)\n[build/test latest / Django@-main / Python@3.8 ]   | Collecting build<0.11.0,>=0.10.0\n[build/test latest / Django@-main / Python@3.8 ]   |   Downloading build-0.10.0-py3-none-any.whl (17 kB)\n[build/test latest / Django@-main / Python@3.8 ]   | Collecting pexpect<5.0.0,>=4.7.0\n[build/test latest / Django@-main / Python@3.8 ]   |   Downloading pexpect-4.8.0-py2.py3-none-any.whl (59 kB)\n[build/test latest / Django@-main / Python@3.8 ]   | Collecting pyproject-hooks<2.0.0,>=1.0.0\n[build/test latest / Django@-main / Python@3.8 ]   |   Downloading pyproject_hooks-1.0.0-py3-none-any.whl (9.3 kB)\n[build/test latest / Django@-main / Python@3.8 ]   | Collecting html5lib<2.0,>=1.0\n[build/test latest / Django@-main / Python@3.8 ]   |   Downloading html5lib-1.1-py2.py3-none-any.whl (112 kB)\n[build/test latest / Django@-main / Python@3.8 ]   | Collecting installer<0.8.0,>=0.7.0\n[build/test latest / Django@-main / Python@3.8 ]   |   Downloading installer-0.7.0-py3-none-any.whl (453 kB)\n[build/test latest / Django@-main / Python@3.8 ]   | Collecting urllib3<2.0.0,>=1.26.0\n[build/test latest / Django@-main / Python@3.8 ]   |   Downloading urllib3-1.26.16-py2.py3-none-any.whl (143 kB)\n[build/test latest / Django@-main / Python@3.8 ]   | Collecting importlib-metadata>=4.4\n[build/test latest / Django@-main / Python@3.8 ]   |   Downloading importlib_metadata-6.6.0-py3-none-any.whl (22 kB)\n[build/test latest / Django@-main / Python@3.8 ]   | Collecting lockfile<0.13.0,>=0.12.2\n[build/test latest / Django@-main / Python@3.8 ]   |   Downloading lockfile-0.12.2-py2.py3-none-any.whl (13 kB)\n[build/test latest / Django@-main / Python@3.8 ]   | Collecting poetry-core==1.6.0\n[build/test latest / Django@-main / Python@3.8 ]   |   Downloading poetry_core-1.6.0-py3-none-any.whl (449 kB)\n[build/test latest / Django@-main / Python@3.8 ]   | Collecting tomlkit<1.0.0,>=0.11.4\n[build/test latest / Django@-main / Python@3.8 ]   |   Downloading tomlkit-0.11.8-py3-none-any.whl (35 kB)\n[build/test latest / Django@-main / Python@3.8 ]   | Collecting poetry-plugin-export<2.0.0,>=1.3.1\n[build/test latest / Django@-main / Python@3.8 ]   |   Downloading poetry_plugin_export-1.4.0-py3-none-any.whl (10 kB)\n[build/test latest / Django@-main / Python@3.8 ]   | Collecting chardet>=5.1\n[build/test latest / Django@-main / Python@3.8 ]   |   Downloading chardet-5.1.0-py3-none-any.whl (199 kB)\n[build/test latest / Django@-main / Python@3.8 ]   | Collecting colorama>=0.4.6\n[build/test latest / Django@-main / Python@3.8 ]   |   Downloading colorama-0.4.6-py2.py3-none-any.whl (25 kB)\n[build/test latest / Django@-main / Python@3.8 ]   | Collecting pluggy>=1\n[build/test latest / Django@-main / Python@3.8 ]   |   Downloading pluggy-1.0.0-py2.py3-none-any.whl (13 kB)\n[build/test latest / Django@-main / Python@3.8 ]   | Collecting pyproject-api>=1.5.1\n[build/test latest / Django@-main / Python@3.8 ]   |   Downloading pyproject_api-1.5.1-py3-none-any.whl (12 kB)\n[build/test latest / Django@-main / Python@3.8 ]   | Collecting cachetools>=5.3\n[build/test latest / Django@-main / Python@3.8 ]   |   Downloading cachetools-5.3.1-py3-none-any.whl (9.3 kB)\n[build/test latest / Django@-main / Python@3.8 ]   | Collecting msgpack>=0.5.2\n[build/test latest / Django@-main / Python@3.8 ]   |   Downloading msgpack-1.0.5-cp38-cp38-manylinux_2_17_x86_64.manylinux2014_x86_64.whl (322 kB)\n[build/test latest / Django@-main / Python@3.8 ]   | Collecting rapidfuzz<3.0.0,>=2.2.0\n[build/test latest / Django@-main / Python@3.8 ]   |   Downloading rapidfuzz-2.15.1-cp38-cp38-manylinux_2_17_x86_64.manylinux2014_x86_64.whl (3.0 MB)\n[build/test latest / Django@-main / Python@3.8 ]   | Collecting webencodings\n[build/test latest / Django@-main / Python@3.8 ]   |   Downloading webencodings-0.5.1-py2.py3-none-any.whl (11 kB)\n[build/test latest / Django@-main / Python@3.8 ]   | Collecting six>=1.9\n[build/test latest / Django@-main / Python@3.8 ]   |   Downloading six-1.16.0-py2.py3-none-any.whl (11 kB)\n[build/test latest / Django@-main / Python@3.8 ]   | Collecting zipp>=0.5\n[build/test latest / Django@-main / Python@3.8 ]   |   Downloading zipp-3.15.0-py3-none-any.whl (6.8 kB)\n[build/test latest / Django@-main / Python@3.8 ]   | Collecting pkgutil-resolve-name>=1.3.10\n[build/test latest / Django@-main / Python@3.8 ]   |   Downloading pkgutil_resolve_name-1.3.10-py3-none-any.whl (4.7 kB)\n[build/test latest / Django@-main / Python@3.8 ]   | Collecting importlib-resources>=1.4.0\n[build/test latest / Django@-main / Python@3.8 ]   |   Downloading importlib_resources-5.12.0-py3-none-any.whl (36 kB)\n[build/test latest / Django@-main / Python@3.8 ]   | Collecting attrs>=17.4.0\n[build/test latest / Django@-main / Python@3.8 ]   |   Downloading attrs-23.1.0-py3-none-any.whl (61 kB)\n[build/test latest / Django@-main / Python@3.8 ]   | Collecting pyrsistent!=0.17.0,!=0.17.1,!=0.17.2,>=0.14.0\n[build/test latest / Django@-main / Python@3.8 ]   |   Downloading pyrsistent-0.19.3-py3-none-any.whl (57 kB)\n[build/test latest / Django@-main / Python@3.8 ]   | Collecting SecretStorage>=3.2\n[build/test latest / Django@-main / Python@3.8 ]   |   Downloading SecretStorage-3.3.3-py3-none-any.whl (15 kB)\n[build/test latest / Django@-main / Python@3.8 ]   | Collecting jeepney>=0.4.2\n[build/test latest / Django@-main / Python@3.8 ]   |   Downloading jeepney-0.8.0-py3-none-any.whl (48 kB)\n[build/test latest / Django@-main / Python@3.8 ]   | Collecting jaraco.classes\n[build/test latest / Django@-main / Python@3.8 ]   |   Downloading jaraco.classes-3.2.3-py3-none-any.whl (6.0 kB)\n[build/test latest / Django@-main / Python@3.8 ]   | Collecting ptyprocess>=0.5\n[build/test latest / Django@-main / Python@3.8 ]   |   Downloading ptyprocess-0.7.0-py2.py3-none-any.whl (13 kB)\n[build/test latest / Django@-main / Python@3.8 ]   | Collecting charset-normalizer<4,>=2\n[build/test latest / Django@-main / Python@3.8 ]   |   Downloading charset_normalizer-3.1.0-cp38-cp38-manylinux_2_17_x86_64.manylinux2014_x86_64.whl (195 kB)\n[build/test latest / Django@-main / Python@3.8 ]   | Collecting certifi>=2017.4.17\n[build/test latest / Django@-main / Python@3.8 ]   |   Downloading certifi-2023.5.7-py3-none-any.whl (156 kB)\n[build/test latest / Django@-main / Python@3.8 ]   | Collecting idna<4,>=2.5\n[build/test latest / Django@-main / Python@3.8 ]   |   Downloading idna-3.4-py3-none-any.whl (61 kB)\n[build/test latest / Django@-main / Python@3.8 ]   | Collecting cryptography>=2.0\n[build/test latest / Django@-main / Python@3.8 ]   |   Downloading cryptography-40.0.2-cp36-abi3-manylinux_2_28_x86_64.whl (3.7 MB)\n[build/test latest / Django@-main / Python@3.8 ]   | Collecting cffi>=1.12\n[build/test latest / Django@-main / Python@3.8 ]   |   Downloading cffi-1.15.1-cp38-cp38-manylinux_2_17_x86_64.manylinux2014_x86_64.whl (442 kB)\n[build/test latest / Django@-main / Python@3.8 ]   | Collecting pycparser\n[build/test latest / Django@-main / Python@3.8 ]   |   Downloading pycparser-2.21-py2.py3-none-any.whl (118 kB)\n[build/test latest / Django@-main / Python@3.8 ]   | Collecting distlib<1,>=0.3.6\n[build/test latest / Django@-main / Python@3.8 ]   |   Downloading distlib-0.3.6-py2.py3-none-any.whl (468 kB)\n[build/test latest / Django@-main / Python@3.8 ]   | Collecting more-itertools\n[build/test latest / Django@-main / Python@3.8 ]   |   Downloading more_itertools-9.1.0-py3-none-any.whl (54 kB)\n[build/test latest / Django@-main / Python@3.8 ]   | Installing collected packages: pycparser, urllib3, idna, charset-normalizer, cffi, certifi, zipp, tomli, requests, msgpack, more-itertools, jeepney, cryptography, webencodings, six, SecretStorage, rapidfuzz, pyrsistent, pyproject-hooks, ptyprocess, poetry-core, platformdirs, pkgutil-resolve-name, packaging, lockfile, jaraco.classes, importlib-resources, importlib-metadata, filelock, distlib, crashtest, cachecontrol, attrs, virtualenv, trove-classifiers, tomlkit, shellingham, requests-toolbelt, pyproject-api, poetry-plugin-export, pluggy, pkginfo, pexpect, keyring, jsonschema, installer, html5lib, dulwich, colorama, cleo, chardet, cachetools, build, tox, poetry, pip\n[build/test latest / Django@-main / Python@3.8 ]   |   Attempting uninstall: pip\n[build/test latest / Django@-main / Python@3.8 ]   |     Found existing installation: pip 21.2.4\n[build/test latest / Django@-main / Python@3.8 ]   |     Uninstalling pip-21.2.4:\n[build/test latest / Django@-main / Python@3.8 ]   |       Successfully uninstalled pip-21.2.4\n[build/test latest / Django@-main / Python@3.8 ]   | Successfully installed SecretStorage-3.3.3 attrs-23.1.0 build-0.10.0 cachecontrol-0.12.11 cachetools-5.3.1 certifi-2023.5.7 cffi-1.15.1 chardet-5.1.0 charset-normalizer-3.1.0 cleo-2.0.1 colorama-0.4.6 crashtest-0.4.1 cryptography-40.0.2 distlib-0.3.6 dulwich-0.21.5 filelock-3.12.0 html5lib-1.1 idna-3.4 importlib-metadata-6.6.0 importlib-resources-5.12.0 installer-0.7.0 jaraco.classes-3.2.3 jeepney-0.8.0 jsonschema-4.17.3 keyring-23.13.1 lockfile-0.12.2 more-itertools-9.1.0 msgpack-1.0.5 packaging-23.1 pexpect-4.8.0 pip-23.1.2 pkginfo-1.9.6 pkgutil-resolve-name-1.3.10 platformdirs-3.5.1 pluggy-1.0.0 poetry-1.5.0 poetry-core-1.6.0 poetry-plugin-export-1.4.0 ptyprocess-0.7.0 pycparser-2.21 pyproject-api-1.5.1 pyproject-hooks-1.0.0 pyrsistent-0.19.3 rapidfuzz-2.15.1 requests-2.31.0 requests-toolbelt-1.0.0 shellingham-1.5.0.post1 six-1.16.0 tomli-2.0.1 tomlkit-0.11.8 tox-4.5.2 trove-classifiers-2023.5.24 urllib3-1.26.16 virtualenv-20.23.0 webencodings-0.5.1 zipp-3.15.0\n[build/test latest / Django@-main / Python@3.8 ]   | Creating virtualenv pylint-django--8UFKUm6-py3.8 in /home/runneradmin/.cache/pypoetry/virtualenvs\n[build/test latest / Django@-main / Python@3.8 ]   | Installing dependencies from lock file\n[build/test latest / Django@-main / Python@3.8 ]   | \n[build/test latest / Django@-main / Python@3.8 ]   | Package operations: 64 installs, 1 update, 0 removals\n[build/test latest / Django@-main / Python@3.8 ]   | \n[build/test latest / Django@-main / Python@3.8 ]   |   \u2022 Installing pycparser (2.21)\n[build/test latest / Django@-main / Python@3.8 ]   |   \u2022 Installing cffi (1.15.1)\n[build/test latest / Django@-main / Python@3.8 ]   |   \u2022 Installing certifi (2023.5.7)\n[build/test latest / Django@-main / Python@3.8 ]   |   \u2022 Installing charset-normalizer (3.1.0)\n[build/test latest / Django@-main / Python@3.8 ]   |   \u2022 Installing cryptography (40.0.2)\n[build/test latest / Django@-main / Python@3.8 ]   |   \u2022 Installing idna (3.4)\n[build/test latest / Django@-main / Python@3.8 ]   |   \u2022 Installing jeepney (0.8.0)\n[build/test latest / Django@-main / Python@3.8 ]   |   \u2022 Installing lazy-object-proxy (1.9.0)\n[build/test latest / Django@-main / Python@3.8 ]   |   \u2022 Installing mdurl (0.1.2)\n[build/test latest / Django@-main / Python@3.8 ]   |   \u2022 Installing more-itertools (9.1.0)\n[build/test latest / Django@-main / Python@3.8 ]   |   \u2022 Updating setuptools (67.7.2 -> 67.8.0)\n[build/test latest / Django@-main / Python@3.8 ]   |   \u2022 Installing six (1.16.0)\n[build/test latest / Django@-main / Python@3.8 ]   |   \u2022 Installing typing-extensions (4.6.2)\n[build/test latest / Django@-main / Python@3.8 ]   |   \u2022 Installing urllib3 (2.0.2)\n[build/test latest / Django@-main / Python@3.8 ]   |   \u2022 Installing webencodings (0.5.1)\n[build/test latest / Django@-main / Python@3.8 ]   |   \u2022 Installing wrapt (1.15.0)\n[build/test latest / Django@-main / Python@3.8 ]   |   \u2022 Installing zipp (3.15.0)\n[build/test latest / Django@-main / Python@3.8 ]   | Connection pool is full, discarding connection: pypi.org. Connection pool size: 10\n[build/test latest / Django@-main / Python@3.8 ]   | Connection pool is full, discarding connection: pypi.org. Connection pool size: 10\n[build/test latest / Django@-main / Python@3.8 ]   | Connection pool is full, discarding connection: pypi.org. Connection pool size: 10\n[build/test latest / Django@-main / Python@3.8 ]   | Connection pool is full, discarding connection: pypi.org. Connection pool size: 10\n[build/test latest / Django@-main / Python@3.8 ]   |   \u2022 Installing asgiref (3.7.2)\n[build/test latest / Django@-main / Python@3.8 ]   |   \u2022 Installing astroid (2.11.7)\n[build/test latest / Django@-main / Python@3.8 ]   |   \u2022 Installing bleach (6.0.0)\n[build/test latest / Django@-main / Python@3.8 ]   |   \u2022 Installing dill (0.3.6)\n[build/test latest / Django@-main / Python@3.8 ]   |   \u2022 Installing distlib (0.3.6)\n[build/test latest / Django@-main / Python@3.8 ]   |   \u2022 Installing docutils (0.20.1)\n[build/test latest / Django@-main / Python@3.8 ]   |   \u2022 Installing filelock (3.12.0)\n[build/test latest / Django@-main / Python@3.8 ]   |   \u2022 Installing importlib-metadata (6.6.0)\n[build/test latest / Django@-main / Python@3.8 ]   |   \u2022 Installing importlib-resources (5.12.0)\n[build/test latest / Django@-main / Python@3.8 ]   |   \u2022 Installing isort (5.11.5)\n[build/test latest / Django@-main / Python@3.8 ]   |   \u2022 Installing jaraco-classes (3.2.3)\n[build/test latest / Django@-main / Python@3.8 ]   |   \u2022 Installing markdown-it-py (2.2.0)\n[build/test latest / Django@-main / Python@3.8 ]   |   \u2022 Installing mccabe (0.7.0)\n[build/test latest / Django@-main / Python@3.8 ]   |   \u2022 Installing packaging (23.1)\n[build/test latest / Django@-main / Python@3.8 ]   |   \u2022 Installing platformdirs (3.5.1)\n[build/test latest / Django@-main / Python@3.8 ]   |   \u2022 Installing pygments (2.15.1)\n[build/test latest / Django@-main / Python@3.8 ]   |   \u2022 Installing pytz (2023.3)\n[build/test latest / Django@-main / Python@3.8 ]   |   \u2022 Installing python-dateutil (2.8.2)\n[build/test latest / Django@-main / Python@3.8 ]   |   \u2022 Installing requests (2.31.0)\n[build/test latest / Django@-main / Python@3.8 ]   |   \u2022 Installing secretstorage (3.3.3)\n[build/test latest / Django@-main / Python@3.8 ]   |   \u2022 Installing sqlparse (0.4.4)\n[build/test latest / Django@-main / Python@3.8 ]   |   \u2022 Installing tomli (2.0.1)\n[build/test latest / Django@-main / Python@3.8 ]   | Connection pool is full, discarding connection: pypi.org. Connection pool size: 10\n[build/test latest / Django@-main / Python@3.8 ]   | Connection pool is full, discarding connection: pypi.org. Connection pool size: 10\n[build/test latest / Django@-main / Python@3.8 ]   | Connection pool is full, discarding connection: pypi.org. Connection pool size: 10\n[build/test latest / Django@-main / Python@3.8 ]   | Connection pool is full, discarding connection: pypi.org. Connection pool size: 10\n[build/test latest / Django@-main / Python@3.8 ]   | Connection pool is full, discarding connection: pypi.org. Connection pool size: 10\n[build/test latest / Django@-main / Python@3.8 ]   | Connection pool is full, discarding connection: pypi.org. Connection pool size: 10\n[build/test latest / Django@-main / Python@3.8 ]   | Connection pool is full, discarding connection: pypi.org. Connection pool size: 10\n[build/test latest / Django@-main / Python@3.8 ]   | Connection pool is full, discarding connection: pypi.org. Connection pool size: 10\n[build/test latest / Django@-main / Python@3.8 ]   | Connection pool is full, discarding connection: pypi.org. Connection pool size: 10\n[build/test latest / Django@-main / Python@3.8 ]   |   \u2022 Installing cachetools (5.3.1)\n[build/test latest / Django@-main / Python@3.8 ]   |   \u2022 Installing chardet (5.1.0)\n[build/test latest / Django@-main / Python@3.8 ]   |   \u2022 Installing colorama (0.4.6)\n[build/test latest / Django@-main / Python@3.8 ]   |   \u2022 Installing django (3.2.19)\n[build/test latest / Django@-main / Python@3.8 ]   |   \u2022 Installing exceptiongroup (1.1.1)\n[build/test latest / Django@-main / Python@3.8 ]   |   \u2022 Installing faker (18.9.0)\n[build/test latest / Django@-main / Python@3.8 ]   |   \u2022 Installing iniconfig (2.0.0)\n[build/test latest / Django@-main / Python@3.8 ]   |   \u2022 Installing keyring (23.13.1)\n[build/test latest / Django@-main / Python@3.8 ]   |   \u2022 Installing pkginfo (1.9.6)\n[build/test latest / Django@-main / Python@3.8 ]   |   \u2022 Installing pluggy (1.0.0)\n[build/test latest / Django@-main / Python@3.8 ]   |   \u2022 Installing pylint (2.13.9)\n[build/test latest / Django@-main / Python@3.8 ]   |   \u2022 Installing pyproject-api (1.5.1)\n[build/test latest / Django@-main / Python@3.8 ]   |   \u2022 Installing readme-renderer (37.3)\n[build/test latest / Django@-main / Python@3.8 ]   |   \u2022 Installing rfc3986 (2.0.0)\n[build/test latest / Django@-main / Python@3.8 ]   |   \u2022 Installing rich (13.3.5)\n[build/test latest / Django@-main / Python@3.8 ]   |   \u2022 Installing virtualenv (20.23.0)\n[build/test latest / Django@-main / Python@3.8 ]   |   \u2022 Installing requests-toolbelt (1.0.0)\n[build/test latest / Django@-main / Python@3.8 ]   |   \u2022 Installing python-mimeparse (1.6.0)\n[build/test latest / Django@-main / Python@3.8 ]   | Connection pool is full, discarding connection: pypi.org. Connection pool size: 10\n[build/test latest / Django@-main / Python@3.8 ]   | Connection pool is full, discarding connection: pypi.org. Connection pool size: 10\n[build/test latest / Django@-main / Python@3.8 ]   | Connection pool is full, discarding connection: pypi.org. Connection pool size: 10\n[build/test latest / Django@-main / Python@3.8 ]   | Connection pool is full, discarding connection: pypi.org. Connection pool size: 10\n[build/test latest / Django@-main / Python@3.8 ]   | Connection pool is full, discarding connection: pypi.org. Connection pool size: 10\n[build/test latest / Django@-main / Python@3.8 ]   | Connection pool is full, discarding connection: pypi.org. Connection pool size: 10\n[build/test latest / Django@-main / Python@3.8 ]   | Connection pool is full, discarding connection: pypi.org. Connection pool size: 10\n[build/test latest / Django@-main / Python@3.8 ]   |   \u2022 Installing coverage (7.2.6)\n[build/test latest / Django@-main / Python@3.8 ]   |   \u2022 Installing django-tables2 (2.5.3)\n[build/test latest / Django@-main / Python@3.8 ]   |   \u2022 Installing django-tastypie (0.14.5)\n[build/test latest / Django@-main / Python@3.8 ]   |   \u2022 Installing factory-boy (3.2.1)\n[build/test latest / Django@-main / Python@3.8 ]   |   \u2022 Installing pylint-plugin-utils (0.8.2)\n[build/test latest / Django@-main / Python@3.8 ]   |   \u2022 Installing pytest (7.3.1)\n[build/test latest / Django@-main / Python@3.8 ]   |   \u2022 Installing tox (4.5.2)\n[build/test latest / Django@-main / Python@3.8 ]   |   \u2022 Installing twine (4.0.2)\n[build/test latest / Django@-main / Python@3.8 ]   | \n[build/test latest / Django@-main / Python@3.8 ]   | Installing the current project: pylint-django (2.6.0a0)\n[build/test latest / Django@-main / Python@3.8 ]   | py38-django-main: install_deps> python -I -m pip install Django git+https://github.com/pycqa/astroid@main git+https://github.com/pycqa/pylint@main\n[build/test latest / Django@-main / Python@3.8 ]   | .pkg: recreate env because python changed version_info=[3, 7, 11, 'final', 0]->[3, 8, 11, 'final', 0] | executable='/opt/hostedtoolcache/Python/3.7.11/x64/bin/python3.7'->'/opt/hostedtoolcache/Python/3.8.11/x64/bin/python3.8'\n[build/test latest / Django@-main / Python@3.8 ]   | .pkg: remove tox env folder /tmp/de65f406-fe28-11ed-a890-af2cc187fc11/landscapeio-pylint-django/.tox/.pkg\n[build/test latest / Django@-main / Python@3.8 ]   | .pkg: install_requires> python -I -m pip install 'poetry-core>=1.0.0'\n[build/test latest / Django@-main / Python@3.8 ]   | .pkg: _optional_hooks> python /opt/hostedtoolcache/Python/3.8.11/x64/lib/python3.8/site-packages/pyproject_api/_backend.py True poetry.core.masonry.api\n[build/test latest / Django@-main / Python@3.8 ]   | .pkg: get_requires_for_build_sdist> python /opt/hostedtoolcache/Python/3.8.11/x64/lib/python3.8/site-packages/pyproject_api/_backend.py True poetry.core.masonry.api\n[build/test latest / Django@-main / Python@3.8 ]   | .pkg: prepare_metadata_for_build_wheel> python /opt/hostedtoolcache/Python/3.8.11/x64/lib/python3.8/site-packages/pyproject_api/_backend.py True poetry.core.masonry.api\n[build/test latest / Django@-main / Python@3.8 ]   | .pkg: build_sdist> python /opt/hostedtoolcache/Python/3.8.11/x64/lib/python3.8/site-packages/pyproject_api/_backend.py True poetry.core.masonry.api\n[build/test latest / Django@-main / Python@3.8 ]   | py38-django-main: install_package_deps> python -I -m pip install 'pylint-plugin-utils>=0.8' 'pylint<3,>=2.0'\n[build/test latest / Django@-main / Python@3.8 ]   | py38-django-main: install_package> python -I -m pip install --force-reinstall --no-deps /tmp/de65f406-fe28-11ed-a890-af2cc187fc11/landscapeio-pylint-django/.tox/.tmp/package/3/pylint_django-2.6.0a0.tar.gz\n[build/test latest / Django@-main / Python@3.8 ]   | py38-django-main: freeze> python -m pip freeze --all\n[build/test latest / Django@-main / Python@3.8 ]   | py38-django-main: asgiref==3.7.2,astroid==2.15.5,backports.zoneinfo==0.2.1,dill==0.3.6,Django==4.2.1,isort==5.12.0,lazy-object-proxy==1.9.0,mccabe==0.7.0,pip==23.1.2,platformdirs==3.5.1,pylint==2.17.4,pylint-django @ file:///tmp/de65f406-fe28-11ed-a890-af2cc187fc11/landscapeio-pylint-django/.tox/.tmp/package/3/pylint_django-2.6.0a0.tar.gz#sha256=9bc75863bc20789a0c698efeb63eb50df0db116dcb9b48c5c745e56846a23c73,pylint-plugin-utils==0.8.2,setuptools==67.7.2,sqlparse==0.4.4,tomli==2.0.1,tomlkit==0.11.8,typing_extensions==4.6.2,wheel==0.40.0,wrapt==1.15.0\n[build/test latest / Django@-main / Python@3.8 ]   | .pkg: _exit> python /opt/hostedtoolcache/Python/3.8.11/x64/lib/python3.8/site-packages/pyproject_api/_backend.py True poetry.core.masonry.api\n[build/test latest / Django@-main / Python@3.8 ]   |   py38-django-main: OK (66.81 seconds)\n[build/test latest / Django@-main / Python@3.8 ]   |   congratulations :) (67.06 seconds)\n[build/test latest / Django@-main / Python@3.8 ]   \u2705  Success - Main Execute tests\n[build/test latest / Django@-main / Python@3.8 ] \u2b50 Run Main Coveralls\n[build/test latest / Django@-main / Python@3.8 ]   \ud83d\udc33  docker exec cmd=[bash --noprofile --norc -e -o pipefail /var/run/act/workflow/3] user= workdir=\n[build/test latest / Django@-main / Python@3.8 ]   | Collecting coveralls\n[build/test latest / Django@-main / Python@3.8 ]   |   Downloading coveralls-3.3.1-py2.py3-none-any.whl (14 kB)\n[build/test latest / Django@-main / Python@3.8 ]   | Collecting coverage!=6.0.*,!=6.1,!=6.1.1,<7.0,>=4.1 (from coveralls)\n[build/test latest / Django@-main / Python@3.8 ]   |   Downloading coverage-6.5.0-cp38-cp38-manylinux_2_5_x86_64.manylinux1_x86_64.manylinux_2_17_x86_64.manylinux2014_x86_64.whl (214 kB)\n[build/test latest / Django@-main / Python@3.8 ]   |      \u2501\u2501\u2501\u2501\u2501\u2501\u2501\u2501\u2501\u2501\u2501\u2501\u2501\u2501\u2501\u2501\u2501\u2501\u2501\u2501\u2501\u2501\u2501\u2501\u2501\u2501\u2501\u2501\u2501\u2501\u2501\u2501\u2501\u2501\u2501\u2501\u2501\u2501\u2501 214.4/214.4 kB 5.4 MB/s eta 0:00:00\n[build/test latest / Django@-main / Python@3.8 ]   | Collecting docopt>=0.6.1 (from coveralls)\n[build/test latest / Django@-main / Python@3.8 ]   |   Downloading docopt-0.6.2.tar.gz (25 kB)\n[build/test latest / Django@-main / Python@3.8 ]   |   Installing build dependencies: started\n[build/test latest / Django@-main / Python@3.8 ]   |   Installing build dependencies: finished with status 'done'\n[build/test latest / Django@-main / Python@3.8 ]   |   Getting requirements to build wheel: started\n[build/test latest / Django@-main / Python@3.8 ]   |   Getting requirements to build wheel: finished with status 'done'\n[build/test latest / Django@-main / Python@3.8 ]   |   Preparing metadata (pyproject.toml): started\n[build/test latest / Django@-main / Python@3.8 ]   |   Preparing metadata (pyproject.toml): finished with status 'done'\n[build/test latest / Django@-main / Python@3.8 ]   | Requirement already satisfied: requests>=1.0.0 in /opt/hostedtoolcache/Python/3.8.11/x64/lib/python3.8/site-packages (from coveralls) (2.31.0)\n[build/test latest / Django@-main / Python@3.8 ]   | Requirement already satisfied: charset-normalizer<4,>=2 in /opt/hostedtoolcache/Python/3.8.11/x64/lib/python3.8/site-packages (from requests>=1.0.0->coveralls) (3.1.0)\n[build/test latest / Django@-main / Python@3.8 ]   | Requirement already satisfied: idna<4,>=2.5 in /opt/hostedtoolcache/Python/3.8.11/x64/lib/python3.8/site-packages (from requests>=1.0.0->coveralls) (3.4)\n[build/test latest / Django@-main / Python@3.8 ]   | Requirement already satisfied: urllib3<3,>=1.21.1 in /opt/hostedtoolcache/Python/3.8.11/x64/lib/python3.8/site-packages (from requests>=1.0.0->coveralls) (1.26.16)\n[build/test latest / Django@-main / Python@3.8 ]   | Requirement already satisfied: certifi>=2017.4.17 in /opt/hostedtoolcache/Python/3.8.11/x64/lib/python3.8/site-packages (from requests>=1.0.0->coveralls) (2023.5.7)\n[build/test latest / Django@-main / Python@3.8 ]   | Building wheels for collected packages: docopt\n[build/test latest / Django@-main / Python@3.8 ]   |   Building wheel for docopt (pyproject.toml): started\n[build/test latest / Django@-main / Python@3.8 ]   |   Building wheel for docopt (pyproject.toml): finished with status 'done'\n[build/test latest / Django@-main / Python@3.8 ]   |   Created wheel for docopt: filename=docopt-0.6.2-py2.py3-none-any.whl size=13707 sha256=6684e3bf78eb30fd879595d0ae270cded669f4f32acfbd5b6fabbf4a49552142\n[build/test latest / Django@-main / Python@3.8 ]   |   Stored in directory: /home/runneradmin/.cache/pip/wheels/56/ea/58/ead137b087d9e326852a851351d1debf4ada529b6ac0ec4e8c\n[build/test latest / Django@-main / Python@3.8 ]   | Successfully built docopt\n[build/test latest / Django@-main / Python@3.8 ]   | Installing collected packages: docopt, coverage, coveralls\n[build/test latest / Django@-main / Python@3.8 ]   | Successfully installed coverage-6.5.0 coveralls-3.3.1 docopt-0.6.2\n[build/test latest / Django@-main / Python@3.8 ]   | \n[build/test latest / Django@-main / Python@3.8 ]   | [notice] A new release of pip is available: 21.1.1 -> 23.1.2\n[build/test latest / Django@-main / Python@3.8 ]   | [notice] To update, run: pip install --upgrade pip\n[build/test latest / Django@-main / Python@3.8 ]   | Running on Github Actions but GITHUB_TOKEN is not set. Add \"env: GITHUB_TOKEN: ${{ secrets.GITHUB_TOKEN }}\" to your step config.\n[build/test latest / Django@-main / Python@3.8 ]   | Traceback (most recent call last):\n[build/test latest / Django@-main / Python@3.8 ]   |   File \"/opt/hostedtoolcache/Python/3.8.11/x64/lib/python3.8/site-packages/coveralls/cli.py\", line 64, in main\n[build/test latest / Django@-main / Python@3.8 ]   |     coverallz = Coveralls(token_required,\n[build/test latest / Django@-main / Python@3.8 ]   |   File \"/opt/hostedtoolcache/Python/3.8.11/x64/lib/python3.8/site-packages/coveralls/api.py\", line 49, in __init__\n[build/test latest / Django@-main / Python@3.8 ]   |     self.ensure_token()\n[build/test latest / Django@-main / Python@3.8 ]   |   File \"/opt/hostedtoolcache/Python/3.8.11/x64/lib/python3.8/site-packages/coveralls/api.py\", line 56, in ensure_token\n[build/test latest / Django@-main / Python@3.8 ]   |     raise CoverallsException(\n[build/test latest / Django@-main / Python@3.8 ]   | coveralls.exception.CoverallsException: Running on Github Actions but GITHUB_TOKEN is not set. Add \"env: GITHUB_TOKEN: ${{ secrets.GITHUB_TOKEN }}\" to your step config.\n[build/test latest / Django@-main / Python@3.8 ]   \u274c  Failure - Main Coveralls\n[build/test latest / Django@-main / Python@3.8 ] exitcode '1': failure\n[build/test latest / Django@-main / Python@3.8 ] \ud83c\udfc1  Job failed\n",
    "actions_stderr": "Error: EOF\n"
}