{
    "repository": "lob/lob-python",
    "clone_url": "https://github.com/lob/lob-python.git",
    "timestamp": "2023-05-29T14:56:47.635198Z",
    "clone_success": true,
    "number of actions": 1,
    "number_of_test_actions": 1,
    "actions_successful": false,
    "actions_stdout": "[Run Tests/python_tests] \ud83d\ude80  Start image=crawlergpt:latest\n[Run Tests/python_tests]   \ud83d\udc33  docker pull image=crawlergpt:latest platform= username= forcePull=false\n[Run Tests/python_tests]   \ud83d\udc33  docker create image=crawlergpt:latest platform= entrypoint=[\"tail\" \"-f\" \"/dev/null\"] cmd=[]\n[Run Tests/python_tests]   \ud83d\udc33  docker run image=crawlergpt:latest platform= entrypoint=[\"tail\" \"-f\" \"/dev/null\"] cmd=[]\n[Run Tests/python_tests]   \ud83d\udc33  docker exec cmd=[chown -R 1012:1000 /tmp/de65f406-fe28-11ed-a890-af2cc187fc11/lob-lob-python] user=0 workdir=\n[Run Tests/python_tests]   \u2601  git clone 'https://github.com/actions/setup-python' # ref=v3\n[Run Tests/python_tests] \ud83e\uddea  Matrix: map[python-version:3.7]\n[Run Tests/python_tests] \u2b50 Run Main actions/checkout@v2\n[Run Tests/python_tests]   \u2705  Success - Main actions/checkout@v2\n[Run Tests/python_tests] \u2b50 Run Main Set up Python 3.7\n[Run Tests/python_tests]   \ud83d\udc33  docker cp src=/home/andre-silva/.cache/act/actions-setup-python@v3/ dst=/var/run/act/actions/actions-setup-python@v3/\n[Run Tests/python_tests]   \ud83d\udc33  docker exec cmd=[chown -R 1012:1000 /var/run/act/actions/actions-setup-python@v3/] user=0 workdir=\n[Run Tests/python_tests]   \ud83d\udc33  docker exec cmd=[node /var/run/act/actions/actions-setup-python@v3/dist/setup/index.js] user= workdir=\n[Run Tests/python_tests]   \ud83d\udcac  ::debug::Semantic version spec of 3.7 is 3.7\n[Run Tests/python_tests]   \ud83d\udcac  ::debug::isExplicit: \n[Run Tests/python_tests]   \ud83d\udcac  ::debug::explicit? false\n[Run Tests/python_tests]   \ud83d\udcac  ::debug::isExplicit: 2.7.18\n[Run Tests/python_tests]   \ud83d\udcac  ::debug::explicit? true\n[Run Tests/python_tests]   \ud83d\udcac  ::debug::isExplicit: 3.5.10\n[Run Tests/python_tests]   \ud83d\udcac  ::debug::explicit? true\n[Run Tests/python_tests]   \ud83d\udcac  ::debug::isExplicit: 3.6.14\n[Run Tests/python_tests]   \ud83d\udcac  ::debug::explicit? true\n[Run Tests/python_tests]   \ud83d\udcac  ::debug::isExplicit: 3.7.11\n[Run Tests/python_tests]   \ud83d\udcac  ::debug::explicit? true\n[Run Tests/python_tests]   \ud83d\udcac  ::debug::isExplicit: 3.8.11\n[Run Tests/python_tests]   \ud83d\udcac  ::debug::explicit? true\n[Run Tests/python_tests]   \ud83d\udcac  ::debug::isExplicit: 3.9.6\n[Run Tests/python_tests]   \ud83d\udcac  ::debug::explicit? true\n[Run Tests/python_tests]   \ud83d\udcac  ::debug::evaluating 6 versions\n[Run Tests/python_tests]   \ud83d\udcac  ::debug::matched: 3.7.11\n[Run Tests/python_tests]   \ud83d\udcac  ::debug::checking cache: /opt/hostedtoolcache/Python/3.7.11/x64\n[Run Tests/python_tests]   \ud83d\udcac  ::debug::Found tool in cache Python 3.7.11 x64\n[Run Tests/python_tests]   | Successfully setup CPython (3.7.11)\n[Run Tests/python_tests]   \u2753 add-matcher /run/act/actions/actions-setup-python@v3/.github/python.json\n[Run Tests/python_tests]   \u2705  Success - Main Set up Python 3.7\n[Run Tests/python_tests]   \u2699  ::set-env:: pythonLocation=/opt/hostedtoolcache/Python/3.7.11/x64\n[Run Tests/python_tests]   \u2699  ::set-env:: LD_LIBRARY_PATH=/opt/hostedtoolcache/Python/3.7.11/x64/lib\n[Run Tests/python_tests]   \u2699  ::set-output:: python-version=3.7.11\n[Run Tests/python_tests]   \u2699  ::add-path:: /opt/hostedtoolcache/Python/3.7.11/x64\n[Run Tests/python_tests]   \u2699  ::add-path:: /opt/hostedtoolcache/Python/3.7.11/x64/bin\n[Run Tests/python_tests] \u2b50 Run Main Install dependencies\n[Run Tests/python_tests]   \ud83d\udc33  docker exec cmd=[bash --noprofile --norc -e -o pipefail /var/run/act/workflow/2] user= workdir=\n[Run Tests/python_tests]   | Requirement already satisfied: pip in /opt/hostedtoolcache/Python/3.7.11/x64/lib/python3.7/site-packages (21.2.4)\n[Run Tests/python_tests]   | Collecting pip\n[Run Tests/python_tests]   |   Downloading pip-23.1.2-py3-none-any.whl (2.1 MB)\n[Run Tests/python_tests]   | Installing collected packages: pip\n[Run Tests/python_tests]   |   Attempting uninstall: pip\n[Run Tests/python_tests]   |     Found existing installation: pip 21.2.4\n[Run Tests/python_tests]   |     Uninstalling pip-21.2.4:\n[Run Tests/python_tests]   |       Successfully uninstalled pip-21.2.4\n[Run Tests/python_tests]   | Successfully installed pip-23.1.2\n[Run Tests/python_tests]   | Collecting python-dotenv\n[Run Tests/python_tests]   |   Downloading python_dotenv-0.21.1-py3-none-any.whl (19 kB)\n[Run Tests/python_tests]   | Installing collected packages: python-dotenv\n[Run Tests/python_tests]   | Successfully installed python-dotenv-0.21.1\n[Run Tests/python_tests]   | \n[Run Tests/python_tests]   | [notice] A new release of pip is available: 20.1.1 -> 23.1.2\n[Run Tests/python_tests]   | [notice] To update, run: pip install --upgrade pip\n[Run Tests/python_tests]   | Collecting unittest-data-provider\n[Run Tests/python_tests]   |   Downloading unittest-data-provider-1.0.1.tar.gz (2.9 kB)\n[Run Tests/python_tests]   |   Installing build dependencies: started\n[Run Tests/python_tests]   |   Installing build dependencies: finished with status 'done'\n[Run Tests/python_tests]   |   Getting requirements to build wheel: started\n[Run Tests/python_tests]   |   Getting requirements to build wheel: finished with status 'done'\n[Run Tests/python_tests]   |   Preparing metadata (pyproject.toml): started\n[Run Tests/python_tests]   |   Preparing metadata (pyproject.toml): finished with status 'done'\n[Run Tests/python_tests]   | Building wheels for collected packages: unittest-data-provider\n[Run Tests/python_tests]   |   Building wheel for unittest-data-provider (pyproject.toml): started\n[Run Tests/python_tests]   |   Building wheel for unittest-data-provider (pyproject.toml): finished with status 'done'\n[Run Tests/python_tests]   |   Created wheel for unittest-data-provider: filename=unittest_data_provider-1.0.1-py3-none-any.whl size=2826 sha256=cac415e6f730a34f32a44c7685ca1c9b4ac7de9b17b47a96b7ea1e019817b35a\n[Run Tests/python_tests]   |   Stored in directory: /home/runneradmin/.cache/pip/wheels/3d/a3/32/d98aead3c094f5b289bae47799ae4ef9be2f5f2dc45cdb05a5\n[Run Tests/python_tests]   | Successfully built unittest-data-provider\n[Run Tests/python_tests]   | Installing collected packages: unittest-data-provider\n[Run Tests/python_tests]   | Successfully installed unittest-data-provider-1.0.1\n[Run Tests/python_tests]   | \n[Run Tests/python_tests]   | [notice] A new release of pip is available: 20.1.1 -> 23.1.2\n[Run Tests/python_tests]   | [notice] To update, run: pip install --upgrade pip\n[Run Tests/python_tests]   | Collecting certifi==2022.12.7 (from -r requirements.txt (line 1))\n[Run Tests/python_tests]   |   Downloading certifi-2022.12.7-py3-none-any.whl (155 kB)\n[Run Tests/python_tests]   |      \u2501\u2501\u2501\u2501\u2501\u2501\u2501\u2501\u2501\u2501\u2501\u2501\u2501\u2501\u2501\u2501\u2501\u2501\u2501\u2501\u2501\u2501\u2501\u2501\u2501\u2501\u2501\u2501\u2501\u2501\u2501\u2501\u2501\u2501\u2501\u2501\u2501\u2501\u2501 155.3/155.3 kB 3.3 MB/s eta 0:00:00\n[Run Tests/python_tests]   | Collecting charset-normalizer==2.1.1 (from -r requirements.txt (line 2))\n[Run Tests/python_tests]   |   Downloading charset_normalizer-2.1.1-py3-none-any.whl (39 kB)\n[Run Tests/python_tests]   | Collecting idna==3.3 (from -r requirements.txt (line 3))\n[Run Tests/python_tests]   |   Downloading idna-3.3-py3-none-any.whl (61 kB)\n[Run Tests/python_tests]   |      \u2501\u2501\u2501\u2501\u2501\u2501\u2501\u2501\u2501\u2501\u2501\u2501\u2501\u2501\u2501\u2501\u2501\u2501\u2501\u2501\u2501\u2501\u2501\u2501\u2501\u2501\u2501\u2501\u2501\u2501\u2501\u2501\u2501\u2501\u2501\u2501\u2501\u2501\u2501\u2501 61.2/61.2 kB 5.6 MB/s eta 0:00:00\n[Run Tests/python_tests]   | Collecting lob==4.5.4 (from -r requirements.txt (line 4))\n[Run Tests/python_tests]   |   Downloading lob-4.5.4.tar.gz (9.2 kB)\n[Run Tests/python_tests]   |   Installing build dependencies: started\n[Run Tests/python_tests]   |   Installing build dependencies: finished with status 'done'\n[Run Tests/python_tests]   |   Getting requirements to build wheel: started\n[Run Tests/python_tests]   |   Getting requirements to build wheel: finished with status 'done'\n[Run Tests/python_tests]   |   Preparing metadata (pyproject.toml): started\n[Run Tests/python_tests]   |   Preparing metadata (pyproject.toml): finished with status 'done'\n[Run Tests/python_tests]   | Collecting python-dateutil==2.8.2 (from -r requirements.txt (line 5))\n[Run Tests/python_tests]   |   Downloading python_dateutil-2.8.2-py2.py3-none-any.whl (247 kB)\n[Run Tests/python_tests]   |      \u2501\u2501\u2501\u2501\u2501\u2501\u2501\u2501\u2501\u2501\u2501\u2501\u2501\u2501\u2501\u2501\u2501\u2501\u2501\u2501\u2501\u2501\u2501\u2501\u2501\u2501\u2501\u2501\u2501\u2501\u2501\u2501\u2501\u2501\u2501\u2501\u2501\u2501\u2501 247.7/247.7 kB 8.5 MB/s eta 0:00:00\n[Run Tests/python_tests]   | Collecting requests==2.28.1 (from -r requirements.txt (line 6))\n[Run Tests/python_tests]   |   Downloading requests-2.28.1-py3-none-any.whl (62 kB)\n[Run Tests/python_tests]   |      \u2501\u2501\u2501\u2501\u2501\u2501\u2501\u2501\u2501\u2501\u2501\u2501\u2501\u2501\u2501\u2501\u2501\u2501\u2501\u2501\u2501\u2501\u2501\u2501\u2501\u2501\u2501\u2501\u2501\u2501\u2501\u2501\u2501\u2501\u2501\u2501\u2501\u2501\u2501\u2501 62.8/62.8 kB 1.1 MB/s eta 0:00:00\n[Run Tests/python_tests]   | Collecting six==1.16.0 (from -r requirements.txt (line 7))\n[Run Tests/python_tests]   |   Downloading six-1.16.0-py2.py3-none-any.whl (11 kB)\n[Run Tests/python_tests]   | Collecting urllib3==1.26.12 (from -r requirements.txt (line 8))\n[Run Tests/python_tests]   |   Downloading urllib3-1.26.12-py2.py3-none-any.whl (140 kB)\n[Run Tests/python_tests]   |      \u2501\u2501\u2501\u2501\u2501\u2501\u2501\u2501\u2501\u2501\u2501\u2501\u2501\u2501\u2501\u2501\u2501\u2501\u2501\u2501\u2501\u2501\u2501\u2501\u2501\u2501\u2501\u2501\u2501\u2501\u2501\u2501\u2501\u2501\u2501\u2501\u2501\u2501 140.4/140.4 kB 11.9 MB/s eta 0:00:00\n[Run Tests/python_tests]   | Requirement already satisfied: python-dotenv>=0.21.0 in /opt/hostedtoolcache/Python/3.7.11/x64/lib/python3.7/site-packages (from -r requirements.txt (line 9)) (0.21.1)\n[Run Tests/python_tests]   | Building wheels for collected packages: lob\n[Run Tests/python_tests]   |   Building wheel for lob (pyproject.toml): started\n[Run Tests/python_tests]   |   Building wheel for lob (pyproject.toml): finished with status 'done'\n[Run Tests/python_tests]   |   Created wheel for lob: filename=lob-4.5.4-py3-none-any.whl size=8386 sha256=cc381394a453b75fb40d16f50f67873bb45a7e31c972c82805d0d741b7aeabf6\n[Run Tests/python_tests]   |   Stored in directory: /home/runneradmin/.cache/pip/wheels/59/80/6a/a2ddd4d9f2e1c30cb7fd4d9ae91a511b20fd554e1af80caa58\n[Run Tests/python_tests]   | Successfully built lob\n[Run Tests/python_tests]   | Installing collected packages: urllib3, six, idna, charset-normalizer, certifi, requests, python-dateutil, lob\n[Run Tests/python_tests]   | Successfully installed certifi-2022.12.7 charset-normalizer-2.1.1 idna-3.3 lob-4.5.4 python-dateutil-2.8.2 requests-2.28.1 six-1.16.0 urllib3-1.26.12\n[Run Tests/python_tests]   | \n[Run Tests/python_tests]   | [notice] A new release of pip is available: 20.1.1 -> 23.1.2\n[Run Tests/python_tests]   | [notice] To update, run: pip install --upgrade pip\n[Run Tests/python_tests]   \u2705  Success - Main Install dependencies\n[Run Tests/python_tests] \u2b50 Run Main Run Integration Tests\n[Run Tests/python_tests]   \ud83d\udc33  docker exec cmd=[bash --noprofile --norc -e -o pipefail /var/run/act/workflow/3] user= workdir=\n[Run Tests/python_tests]   | EFFFEFEFEEE.E.EFEFEEEEF.EEFE.EFEEEFsEFEEEFEFEFE.EFE.FEEE.EFFFEFFEEEEFEEEE.E.EE.EEFEFEEEEF.EFE.EF\n[Run Tests/python_tests]   | ======================================================================\n[Run Tests/python_tests]   | ERROR: test_create200 (test.Integration.test_addresses_api.TestAddressesApi)\n[Run Tests/python_tests]   | Test case for create\n[Run Tests/python_tests]   | ----------------------------------------------------------------------\n[Run Tests/python_tests]   | Traceback (most recent call last):\n[Run Tests/python_tests]   |   File \"/tmp/de65f406-fe28-11ed-a890-af2cc187fc11/lob-lob-python/test/Integration/test_addresses_api.py\", line 70, in test_create200\n[Run Tests/python_tests]   |     created_address = self.api.create(self.address_editable)\n[Run Tests/python_tests]   |   File \"/tmp/de65f406-fe28-11ed-a890-af2cc187fc11/lob-lob-python/lob_python/api/addresses_api.py\", line 357, in create\n[Run Tests/python_tests]   |     return self.create_endpoint.call_with_http_info(**kwargs)\n[Run Tests/python_tests]   |   File \"/tmp/de65f406-fe28-11ed-a890-af2cc187fc11/lob-lob-python/lob_python/api_client.py\", line 867, in call_with_http_info\n[Run Tests/python_tests]   |     collection_formats=params['collection_format'])\n[Run Tests/python_tests]   |   File \"/tmp/de65f406-fe28-11ed-a890-af2cc187fc11/lob-lob-python/lob_python/api_client.py\", line 416, in call_api\n[Run Tests/python_tests]   |     _check_type)\n[Run Tests/python_tests]   |   File \"/tmp/de65f406-fe28-11ed-a890-af2cc187fc11/lob-lob-python/lob_python/api_client.py\", line 204, in __call_api\n[Run Tests/python_tests]   |     raise e\n[Run Tests/python_tests]   |   File \"/tmp/de65f406-fe28-11ed-a890-af2cc187fc11/lob-lob-python/lob_python/api_client.py\", line 201, in __call_api\n[Run Tests/python_tests]   |     _request_timeout=_request_timeout)\n[Run Tests/python_tests]   |   File \"/tmp/de65f406-fe28-11ed-a890-af2cc187fc11/lob-lob-python/lob_python/api_client.py\", line 462, in request\n[Run Tests/python_tests]   |     body=body)\n[Run Tests/python_tests]   |   File \"/tmp/de65f406-fe28-11ed-a890-af2cc187fc11/lob-lob-python/lob_python/rest.py\", line 290, in POST\n[Run Tests/python_tests]   |     body=body)\n[Run Tests/python_tests]   |   File \"/tmp/de65f406-fe28-11ed-a890-af2cc187fc11/lob-lob-python/lob_python/rest.py\", line 232, in request\n[Run Tests/python_tests]   |     raise UnauthorizedException(http_resp=r)\n[Run Tests/python_tests]   | lob_python.exceptions.UnauthorizedException: (401)\n[Run Tests/python_tests]   | Reason: Unauthorized\n[Run Tests/python_tests]   | HTTP response headers: HTTPHeaderDict({'Connection': 'keep-alive', 'Content-Length': '149', 'Content-Type': 'application/json; charset=utf-8', 'Access-Control-Allow-Credentials': 'true', 'Access-Control-Expose-Headers': 'WWW-Authenticate,Server-Authorization', 'Cache-Control': 'no-cache', 'Www-Authenticate': 'Basic error=\"HTTP authentication header missing username\"', 'Accept-Ranges': 'bytes', 'Date': 'Mon, 29 May 2023 14:58:17 GMT', 'Vary': 'origin', 'Strict-Transport-Security': 'max-age=300'})\n[Run Tests/python_tests]   | HTTP response body: {\n[Run Tests/python_tests]   |     \"error\": {\n[Run Tests/python_tests]   |         \"message\": \"HTTP authentication header missing username\",\n[Run Tests/python_tests]   |         \"status_code\": 401,\n[Run Tests/python_tests]   |         \"code\": \"unauthorized\"\n[Run Tests/python_tests]   |     }\n[Run Tests/python_tests]   | }\n[Run Tests/python_tests]   | \n[Run Tests/python_tests]   | \n[Run Tests/python_tests]   | ======================================================================\n[Run Tests/python_tests]   | ERROR: test_delete200 (test.Integration.test_addresses_api.TestAddressesApi)\n[Run Tests/python_tests]   | Test case for delete\n[Run Tests/python_tests]   | ----------------------------------------------------------------------\n[Run Tests/python_tests]   | Traceback (most recent call last):\n[Run Tests/python_tests]   |   File \"/tmp/de65f406-fe28-11ed-a890-af2cc187fc11/lob-lob-python/test/Integration/test_addresses_api.py\", line 232, in test_delete200\n[Run Tests/python_tests]   |     created_address = self.api.create(self.address_editable)\n[Run Tests/python_tests]   |   File \"/tmp/de65f406-fe28-11ed-a890-af2cc187fc11/lob-lob-python/lob_python/api/addresses_api.py\", line 357, in create\n[Run Tests/python_tests]   |     return self.create_endpoint.call_with_http_info(**kwargs)\n[Run Tests/python_tests]   |   File \"/tmp/de65f406-fe28-11ed-a890-af2cc187fc11/lob-lob-python/lob_python/api_client.py\", line 867, in call_with_http_info\n[Run Tests/python_tests]   |     collection_formats=params['collection_format'])\n[Run Tests/python_tests]   |   File \"/tmp/de65f406-fe28-11ed-a890-af2cc187fc11/lob-lob-python/lob_python/api_client.py\", line 416, in call_api\n[Run Tests/python_tests]   |     _check_type)\n[Run Tests/python_tests]   |   File \"/tmp/de65f406-fe28-11ed-a890-af2cc187fc11/lob-lob-python/lob_python/api_client.py\", line 204, in __call_api\n[Run Tests/python_tests]   |     raise e\n[Run Tests/python_tests]   |   File \"/tmp/de65f406-fe28-11ed-a890-af2cc187fc11/lob-lob-python/lob_python/api_client.py\", line 201, in __call_api\n[Run Tests/python_tests]   |     _request_timeout=_request_timeout)\n[Run Tests/python_tests]   |   File \"/tmp/de65f406-fe28-11ed-a890-af2cc187fc11/lob-lob-python/lob_python/api_client.py\", line 462, in request\n[Run Tests/python_tests]   |     body=body)\n[Run Tests/python_tests]   |   File \"/tmp/de65f406-fe28-11ed-a890-af2cc187fc11/lob-lob-python/lob_python/rest.py\", line 290, in POST\n[Run Tests/python_tests]   |     body=body)\n[Run Tests/python_tests]   |   File \"/tmp/de65f406-fe28-11ed-a890-af2cc187fc11/lob-lob-python/lob_python/rest.py\", line 232, in request\n[Run Tests/python_tests]   |     raise UnauthorizedException(http_resp=r)\n[Run Tests/python_tests]   | lob_python.exceptions.UnauthorizedException: (401)\n[Run Tests/python_tests]   | Reason: Unauthorized\n[Run Tests/python_tests]   | HTTP response headers: HTTPHeaderDict({'Connection': 'keep-alive', 'Content-Length': '149', 'Content-Type': 'application/json; charset=utf-8', 'Access-Control-Allow-Credentials': 'true', 'Access-Control-Expose-Headers': 'WWW-Authenticate,Server-Authorization', 'Cache-Control': 'no-cache', 'Www-Authenticate': 'Basic error=\"HTTP authentication header missing username\"', 'Accept-Ranges': 'bytes', 'Date': 'Mon, 29 May 2023 14:58:19 GMT', 'Vary': 'origin', 'Strict-Transport-Security': 'max-age=300'})\n[Run Tests/python_tests]   | HTTP response body: {\n[Run Tests/python_tests]   |     \"error\": {\n[Run Tests/python_tests]   |         \"message\": \"HTTP authentication header missing username\",\n[Run Tests/python_tests]   |         \"status_code\": 401,\n[Run Tests/python_tests]   |         \"code\": \"unauthorized\"\n[Run Tests/python_tests]   |     }\n[Run Tests/python_tests]   | }\n[Run Tests/python_tests]   | \n[Run Tests/python_tests]   | \n[Run Tests/python_tests]   | ======================================================================\n[Run Tests/python_tests]   | ERROR: test_get200 (test.Integration.test_addresses_api.TestAddressesApi)\n[Run Tests/python_tests]   | Test case for get\n[Run Tests/python_tests]   | ----------------------------------------------------------------------\n[Run Tests/python_tests]   | Traceback (most recent call last):\n[Run Tests/python_tests]   |   File \"/tmp/de65f406-fe28-11ed-a890-af2cc187fc11/lob-lob-python/test/Integration/test_addresses_api.py\", line 129, in test_get200\n[Run Tests/python_tests]   |     created_address = self.api.create(self.address_editable)\n[Run Tests/python_tests]   |   File \"/tmp/de65f406-fe28-11ed-a890-af2cc187fc11/lob-lob-python/lob_python/api/addresses_api.py\", line 357, in create\n[Run Tests/python_tests]   |     return self.create_endpoint.call_with_http_info(**kwargs)\n[Run Tests/python_tests]   |   File \"/tmp/de65f406-fe28-11ed-a890-af2cc187fc11/lob-lob-python/lob_python/api_client.py\", line 867, in call_with_http_info\n[Run Tests/python_tests]   |     collection_formats=params['collection_format'])\n[Run Tests/python_tests]   |   File \"/tmp/de65f406-fe28-11ed-a890-af2cc187fc11/lob-lob-python/lob_python/api_client.py\", line 416, in call_api\n[Run Tests/python_tests]   |     _check_type)\n[Run Tests/python_tests]   |   File \"/tmp/de65f406-fe28-11ed-a890-af2cc187fc11/lob-lob-python/lob_python/api_client.py\", line 204, in __call_api\n[Run Tests/python_tests]   |     raise e\n[Run Tests/python_tests]   |   File \"/tmp/de65f406-fe28-11ed-a890-af2cc187fc11/lob-lob-python/lob_python/api_client.py\", line 201, in __call_api\n[Run Tests/python_tests]   |     _request_timeout=_request_timeout)\n[Run Tests/python_tests]   |   File \"/tmp/de65f406-fe28-11ed-a890-af2cc187fc11/lob-lob-python/lob_python/api_client.py\", line 462, in request\n[Run Tests/python_tests]   |     body=body)\n[Run Tests/python_tests]   |   File \"/tmp/de65f406-fe28-11ed-a890-af2cc187fc11/lob-lob-python/lob_python/rest.py\", line 290, in POST\n[Run Tests/python_tests]   |     body=body)\n[Run Tests/python_tests]   |   File \"/tmp/de65f406-fe28-11ed-a890-af2cc187fc11/lob-lob-python/lob_python/rest.py\", line 232, in request\n[Run Tests/python_tests]   |     raise UnauthorizedException(http_resp=r)\n[Run Tests/python_tests]   | lob_python.exceptions.UnauthorizedException: (401)\n[Run Tests/python_tests]   | Reason: Unauthorized\n[Run Tests/python_tests]   | HTTP response headers: HTTPHeaderDict({'Connection': 'keep-alive', 'Content-Length': '149', 'Content-Type': 'application/json; charset=utf-8', 'Access-Control-Allow-Credentials': 'true', 'Access-Control-Expose-Headers': 'WWW-Authenticate,Server-Authorization', 'Cache-Control': 'no-cache', 'Www-Authenticate': 'Basic error=\"HTTP authentication header missing username\"', 'Accept-Ranges': 'bytes', 'Date': 'Mon, 29 May 2023 14:58:19 GMT', 'Vary': 'origin', 'Strict-Transport-Security': 'max-age=300'})\n[Run Tests/python_tests]   | HTTP response body: {\n[Run Tests/python_tests]   |     \"error\": {\n[Run Tests/python_tests]   |         \"message\": \"HTTP authentication header missing username\",\n[Run Tests/python_tests]   |         \"status_code\": 401,\n[Run Tests/python_tests]   |         \"code\": \"unauthorized\"\n[Run Tests/python_tests]   |     }\n[Run Tests/python_tests]   | }\n[Run Tests/python_tests]   | \n[Run Tests/python_tests]   | \n[Run Tests/python_tests]   | ======================================================================\n[Run Tests/python_tests]   | ERROR: test_list200 (test.Integration.test_addresses_api.TestAddressesApi)\n[Run Tests/python_tests]   | Test case for list\n[Run Tests/python_tests]   | ----------------------------------------------------------------------\n[Run Tests/python_tests]   | Traceback (most recent call last):\n[Run Tests/python_tests]   |   File \"/tmp/de65f406-fe28-11ed-a890-af2cc187fc11/lob-lob-python/test/Integration/test_addresses_api.py\", line 158, in test_list200\n[Run Tests/python_tests]   |     address_1 = self.api.create(self.address_editable)\n[Run Tests/python_tests]   |   File \"/tmp/de65f406-fe28-11ed-a890-af2cc187fc11/lob-lob-python/lob_python/api/addresses_api.py\", line 357, in create\n[Run Tests/python_tests]   |     return self.create_endpoint.call_with_http_info(**kwargs)\n[Run Tests/python_tests]   |   File \"/tmp/de65f406-fe28-11ed-a890-af2cc187fc11/lob-lob-python/lob_python/api_client.py\", line 867, in call_with_http_info\n[Run Tests/python_tests]   |     collection_formats=params['collection_format'])\n[Run Tests/python_tests]   |   File \"/tmp/de65f406-fe28-11ed-a890-af2cc187fc11/lob-lob-python/lob_python/api_client.py\", line 416, in call_api\n[Run Tests/python_tests]   |     _check_type)\n[Run Tests/python_tests]   |   File \"/tmp/de65f406-fe28-11ed-a890-af2cc187fc11/lob-lob-python/lob_python/api_client.py\", line 204, in __call_api\n[Run Tests/python_tests]   |     raise e\n[Run Tests/python_tests]   |   File \"/tmp/de65f406-fe28-11ed-a890-af2cc187fc11/lob-lob-python/lob_python/api_client.py\", line 201, in __call_api\n[Run Tests/python_tests]   |     _request_timeout=_request_timeout)\n[Run Tests/python_tests]   |   File \"/tmp/de65f406-fe28-11ed-a890-af2cc187fc11/lob-lob-python/lob_python/api_client.py\", line 462, in request\n[Run Tests/python_tests]   |     body=body)\n[Run Tests/python_tests]   |   File \"/tmp/de65f406-fe28-11ed-a890-af2cc187fc11/lob-lob-python/lob_python/rest.py\", line 290, in POST\n[Run Tests/python_tests]   |     body=body)\n[Run Tests/python_tests]   |   File \"/tmp/de65f406-fe28-11ed-a890-af2cc187fc11/lob-lob-python/lob_python/rest.py\", line 232, in request\n[Run Tests/python_tests]   |     raise UnauthorizedException(http_resp=r)\n[Run Tests/python_tests]   | lob_python.exceptions.UnauthorizedException: (401)\n[Run Tests/python_tests]   | Reason: Unauthorized\n[Run Tests/python_tests]   | HTTP response headers: HTTPHeaderDict({'Connection': 'keep-alive', 'Content-Length': '149', 'Content-Type': 'application/json; charset=utf-8', 'Access-Control-Allow-Credentials': 'true', 'Access-Control-Expose-Headers': 'WWW-Authenticate,Server-Authorization', 'Cache-Control': 'no-cache', 'Www-Authenticate': 'Basic error=\"HTTP authentication header missing username\"', 'Accept-Ranges': 'bytes', 'Date': 'Mon, 29 May 2023 14:58:20 GMT', 'Vary': 'origin', 'Strict-Transport-Security': 'max-age=300'})\n[Run Tests/python_tests]   | HTTP response body: {\n[Run Tests/python_tests]   |     \"error\": {\n[Run Tests/python_tests]   |         \"message\": \"HTTP authentication header missing username\",\n[Run Tests/python_tests]   |         \"status_code\": 401,\n[Run Tests/python_tests]   |         \"code\": \"unauthorized\"\n[Run Tests/python_tests]   |     }\n[Run Tests/python_tests]   | }\n[Run Tests/python_tests]   | \n[Run Tests/python_tests]   | \n[Run Tests/python_tests]   | ======================================================================\n[Run Tests/python_tests]   | ERROR: test_list422 (test.Integration.test_addresses_api.TestAddressesApi)\n[Run Tests/python_tests]   | Test case for list\n[Run Tests/python_tests]   | ----------------------------------------------------------------------\n[Run Tests/python_tests]   | Traceback (most recent call last):\n[Run Tests/python_tests]   |   File \"/tmp/de65f406-fe28-11ed-a890-af2cc187fc11/lob-lob-python/test/Integration/test_addresses_api.py\", line 219, in test_list422\n[Run Tests/python_tests]   |     address_1 = self.api.create(self.address_editable)\n[Run Tests/python_tests]   |   File \"/tmp/de65f406-fe28-11ed-a890-af2cc187fc11/lob-lob-python/lob_python/api/addresses_api.py\", line 357, in create\n[Run Tests/python_tests]   |     return self.create_endpoint.call_with_http_info(**kwargs)\n[Run Tests/python_tests]   |   File \"/tmp/de65f406-fe28-11ed-a890-af2cc187fc11/lob-lob-python/lob_python/api_client.py\", line 867, in call_with_http_info\n[Run Tests/python_tests]   |     collection_formats=params['collection_format'])\n[Run Tests/python_tests]   |   File \"/tmp/de65f406-fe28-11ed-a890-af2cc187fc11/lob-lob-python/lob_python/api_client.py\", line 416, in call_api\n[Run Tests/python_tests]   |     _check_type)\n[Run Tests/python_tests]   |   File \"/tmp/de65f406-fe28-11ed-a890-af2cc187fc11/lob-lob-python/lob_python/api_client.py\", line 204, in __call_api\n[Run Tests/python_tests]   |     raise e\n[Run Tests/python_tests]   |   File \"/tmp/de65f406-fe28-11ed-a890-af2cc187fc11/lob-lob-python/lob_python/api_client.py\", line 201, in __call_api\n[Run Tests/python_tests]   |     _request_timeout=_request_timeout)\n[Run Tests/python_tests]   |   File \"/tmp/de65f406-fe28-11ed-a890-af2cc187fc11/lob-lob-python/lob_python/api_client.py\", line 462, in request\n[Run Tests/python_tests]   |     body=body)\n[Run Tests/python_tests]   |   File \"/tmp/de65f406-fe28-11ed-a890-af2cc187fc11/lob-lob-python/lob_python/rest.py\", line 290, in POST\n[Run Tests/python_tests]   |     body=body)\n[Run Tests/python_tests]   |   File \"/tmp/de65f406-fe28-11ed-a890-af2cc187fc11/lob-lob-python/lob_python/rest.py\", line 232, in request\n[Run Tests/python_tests]   |     raise UnauthorizedException(http_resp=r)\n[Run Tests/python_tests]   | lob_python.exceptions.UnauthorizedException: (401)\n[Run Tests/python_tests]   | Reason: Unauthorized\n[Run Tests/python_tests]   | HTTP response headers: HTTPHeaderDict({'Connection': 'keep-alive', 'Content-Length': '149', 'Content-Type': 'application/json; charset=utf-8', 'Access-Control-Allow-Credentials': 'true', 'Access-Control-Expose-Headers': 'WWW-Authenticate,Server-Authorization', 'Cache-Control': 'no-cache', 'Www-Authenticate': 'Basic error=\"HTTP authentication header missing username\"', 'Accept-Ranges': 'bytes', 'Date': 'Mon, 29 May 2023 14:58:20 GMT', 'Vary': 'origin', 'Strict-Transport-Security': 'max-age=300'})\n[Run Tests/python_tests]   | HTTP response body: {\n[Run Tests/python_tests]   |     \"error\": {\n[Run Tests/python_tests]   |         \"message\": \"HTTP authentication header missing username\",\n[Run Tests/python_tests]   |         \"status_code\": 401,\n[Run Tests/python_tests]   |         \"code\": \"unauthorized\"\n[Run Tests/python_tests]   |     }\n[Run Tests/python_tests]   | }\n[Run Tests/python_tests]   | \n[Run Tests/python_tests]   | \n[Run Tests/python_tests]   | ======================================================================\n[Run Tests/python_tests]   | ERROR: test_list_other_params (test.Integration.test_addresses_api.TestAddressesApi)\n[Run Tests/python_tests]   | ----------------------------------------------------------------------\n[Run Tests/python_tests]   | Traceback (most recent call last):\n[Run Tests/python_tests]   |   File \"/opt/hostedtoolcache/Python/3.7.11/x64/lib/python3.7/site-packages/unittest_data_provider/__init__.py\", line 7, in repl\n[Run Tests/python_tests]   |     fn(self, *i)\n[Run Tests/python_tests]   |   File \"/tmp/de65f406-fe28-11ed-a890-af2cc187fc11/lob-lob-python/test/Integration/test_addresses_api.py\", line 199, in test_list_other_params\n[Run Tests/python_tests]   |     listed_addresses = self.api.list(**args)\n[Run Tests/python_tests]   |   File \"/tmp/de65f406-fe28-11ed-a890-af2cc187fc11/lob-lob-python/lob_python/api/addresses_api.py\", line 592, in list\n[Run Tests/python_tests]   |     return self.list_endpoint.call_with_http_info(**kwargs)\n[Run Tests/python_tests]   |   File \"/tmp/de65f406-fe28-11ed-a890-af2cc187fc11/lob-lob-python/lob_python/api_client.py\", line 867, in call_with_http_info\n[Run Tests/python_tests]   |     collection_formats=params['collection_format'])\n[Run Tests/python_tests]   |   File \"/tmp/de65f406-fe28-11ed-a890-af2cc187fc11/lob-lob-python/lob_python/api_client.py\", line 416, in call_api\n[Run Tests/python_tests]   |     _check_type)\n[Run Tests/python_tests]   |   File \"/tmp/de65f406-fe28-11ed-a890-af2cc187fc11/lob-lob-python/lob_python/api_client.py\", line 204, in __call_api\n[Run Tests/python_tests]   |     raise e\n[Run Tests/python_tests]   |   File \"/tmp/de65f406-fe28-11ed-a890-af2cc187fc11/lob-lob-python/lob_python/api_client.py\", line 201, in __call_api\n[Run Tests/python_tests]   |     _request_timeout=_request_timeout)\n[Run Tests/python_tests]   |   File \"/tmp/de65f406-fe28-11ed-a890-af2cc187fc11/lob-lob-python/lob_python/api_client.py\", line 440, in request\n[Run Tests/python_tests]   |     headers=headers)\n[Run Tests/python_tests]   |   File \"/tmp/de65f406-fe28-11ed-a890-af2cc187fc11/lob-lob-python/lob_python/rest.py\", line 253, in GET\n[Run Tests/python_tests]   |     query_params=query_params)\n[Run Tests/python_tests]   |   File \"/tmp/de65f406-fe28-11ed-a890-af2cc187fc11/lob-lob-python/lob_python/rest.py\", line 232, in request\n[Run Tests/python_tests]   |     raise UnauthorizedException(http_resp=r)\n[Run Tests/python_tests]   | lob_python.exceptions.UnauthorizedException: (401)\n[Run Tests/python_tests]   | Reason: Unauthorized\n[Run Tests/python_tests]   | HTTP response headers: HTTPHeaderDict({'Connection': 'keep-alive', 'Content-Length': '149', 'Content-Type': 'application/json; charset=utf-8', 'Access-Control-Allow-Credentials': 'true', 'Access-Control-Expose-Headers': 'WWW-Authenticate,Server-Authorization', 'Cache-Control': 'no-cache', 'Www-Authenticate': 'Basic error=\"HTTP authentication header missing username\"', 'Accept-Ranges': 'bytes', 'Date': 'Mon, 29 May 2023 14:58:21 GMT', 'Vary': 'origin', 'Strict-Transport-Security': 'max-age=300'})\n[Run Tests/python_tests]   | HTTP response body: {\n[Run Tests/python_tests]   |     \"error\": {\n[Run Tests/python_tests]   |         \"message\": \"HTTP authentication header missing username\",\n[Run Tests/python_tests]   |         \"status_code\": 401,\n[Run Tests/python_tests]   |         \"code\": \"unauthorized\"\n[Run Tests/python_tests]   |     }\n[Run Tests/python_tests]   | }\n[Run Tests/python_tests]   | \n[Run Tests/python_tests]   | \n[Run Tests/python_tests]   | ======================================================================\n[Run Tests/python_tests]   | ERROR: test_create200 (test.Integration.test_bank_accounts_api.TestBankAccountsApi)\n[Run Tests/python_tests]   | Test case for create\n[Run Tests/python_tests]   | ----------------------------------------------------------------------\n[Run Tests/python_tests]   | Traceback (most recent call last):\n[Run Tests/python_tests]   |   File \"/tmp/de65f406-fe28-11ed-a890-af2cc187fc11/lob-lob-python/test/Integration/test_bank_accounts_api.py\", line 98, in test_create200\n[Run Tests/python_tests]   |     created_bank = self.api.create(self.bank_writable)\n[Run Tests/python_tests]   |   File \"/tmp/de65f406-fe28-11ed-a890-af2cc187fc11/lob-lob-python/lob_python/api/bank_accounts_api.py\", line 420, in create\n[Run Tests/python_tests]   |     return self.create_endpoint.call_with_http_info(**kwargs)\n[Run Tests/python_tests]   |   File \"/tmp/de65f406-fe28-11ed-a890-af2cc187fc11/lob-lob-python/lob_python/api_client.py\", line 867, in call_with_http_info\n[Run Tests/python_tests]   |     collection_formats=params['collection_format'])\n[Run Tests/python_tests]   |   File \"/tmp/de65f406-fe28-11ed-a890-af2cc187fc11/lob-lob-python/lob_python/api_client.py\", line 416, in call_api\n[Run Tests/python_tests]   |     _check_type)\n[Run Tests/python_tests]   |   File \"/tmp/de65f406-fe28-11ed-a890-af2cc187fc11/lob-lob-python/lob_python/api_client.py\", line 204, in __call_api\n[Run Tests/python_tests]   |     raise e\n[Run Tests/python_tests]   |   File \"/tmp/de65f406-fe28-11ed-a890-af2cc187fc11/lob-lob-python/lob_python/api_client.py\", line 201, in __call_api\n[Run Tests/python_tests]   |     _request_timeout=_request_timeout)\n[Run Tests/python_tests]   |   File \"/tmp/de65f406-fe28-11ed-a890-af2cc187fc11/lob-lob-python/lob_python/api_client.py\", line 462, in request\n[Run Tests/python_tests]   |     body=body)\n[Run Tests/python_tests]   |   File \"/tmp/de65f406-fe28-11ed-a890-af2cc187fc11/lob-lob-python/lob_python/rest.py\", line 290, in POST\n[Run Tests/python_tests]   |     body=body)\n[Run Tests/python_tests]   |   File \"/tmp/de65f406-fe28-11ed-a890-af2cc187fc11/lob-lob-python/lob_python/rest.py\", line 232, in request\n[Run Tests/python_tests]   |     raise UnauthorizedException(http_resp=r)\n[Run Tests/python_tests]   | lob_python.exceptions.UnauthorizedException: (401)\n[Run Tests/python_tests]   | Reason: Unauthorized\n[Run Tests/python_tests]   | HTTP response headers: HTTPHeaderDict({'Connection': 'keep-alive', 'Content-Length': '149', 'Content-Type': 'application/json; charset=utf-8', 'Access-Control-Allow-Credentials': 'true', 'Access-Control-Expose-Headers': 'WWW-Authenticate,Server-Authorization', 'Cache-Control': 'no-cache', 'Www-Authenticate': 'Basic error=\"HTTP authentication header missing username\"', 'Accept-Ranges': 'bytes', 'Date': 'Mon, 29 May 2023 14:58:22 GMT', 'Vary': 'origin', 'Strict-Transport-Security': 'max-age=300'})\n[Run Tests/python_tests]   | HTTP response body: {\n[Run Tests/python_tests]   |     \"error\": {\n[Run Tests/python_tests]   |         \"message\": \"HTTP authentication header missing username\",\n[Run Tests/python_tests]   |         \"status_code\": 401,\n[Run Tests/python_tests]   |         \"code\": \"unauthorized\"\n[Run Tests/python_tests]   |     }\n[Run Tests/python_tests]   | }\n[Run Tests/python_tests]   | \n[Run Tests/python_tests]   | \n[Run Tests/python_tests]   | ======================================================================\n[Run Tests/python_tests]   | ERROR: test_delete200 (test.Integration.test_bank_accounts_api.TestBankAccountsApi)\n[Run Tests/python_tests]   | Test case for delete\n[Run Tests/python_tests]   | ----------------------------------------------------------------------\n[Run Tests/python_tests]   | Traceback (most recent call last):\n[Run Tests/python_tests]   |   File \"/tmp/de65f406-fe28-11ed-a890-af2cc187fc11/lob-lob-python/test/Integration/test_bank_accounts_api.py\", line 261, in test_delete200\n[Run Tests/python_tests]   |     created_bank = self.api.create(self.bank_writable)\n[Run Tests/python_tests]   |   File \"/tmp/de65f406-fe28-11ed-a890-af2cc187fc11/lob-lob-python/lob_python/api/bank_accounts_api.py\", line 420, in create\n[Run Tests/python_tests]   |     return self.create_endpoint.call_with_http_info(**kwargs)\n[Run Tests/python_tests]   |   File \"/tmp/de65f406-fe28-11ed-a890-af2cc187fc11/lob-lob-python/lob_python/api_client.py\", line 867, in call_with_http_info\n[Run Tests/python_tests]   |     collection_formats=params['collection_format'])\n[Run Tests/python_tests]   |   File \"/tmp/de65f406-fe28-11ed-a890-af2cc187fc11/lob-lob-python/lob_python/api_client.py\", line 416, in call_api\n[Run Tests/python_tests]   |     _check_type)\n[Run Tests/python_tests]   |   File \"/tmp/de65f406-fe28-11ed-a890-af2cc187fc11/lob-lob-python/lob_python/api_client.py\", line 204, in __call_api\n[Run Tests/python_tests]   |     raise e\n[Run Tests/python_tests]   |   File \"/tmp/de65f406-fe28-11ed-a890-af2cc187fc11/lob-lob-python/lob_python/api_client.py\", line 201, in __call_api\n[Run Tests/python_tests]   |     _request_timeout=_request_timeout)\n[Run Tests/python_tests]   |   File \"/tmp/de65f406-fe28-11ed-a890-af2cc187fc11/lob-lob-python/lob_python/api_client.py\", line 462, in request\n[Run Tests/python_tests]   |     body=body)\n[Run Tests/python_tests]   |   File \"/tmp/de65f406-fe28-11ed-a890-af2cc187fc11/lob-lob-python/lob_python/rest.py\", line 290, in POST\n[Run Tests/python_tests]   |     body=body)\n[Run Tests/python_tests]   |   File \"/tmp/de65f406-fe28-11ed-a890-af2cc187fc11/lob-lob-python/lob_python/rest.py\", line 232, in request\n[Run Tests/python_tests]   |     raise UnauthorizedException(http_resp=r)\n[Run Tests/python_tests]   | lob_python.exceptions.UnauthorizedException: (401)\n[Run Tests/python_tests]   | Reason: Unauthorized\n[Run Tests/python_tests]   | HTTP response headers: HTTPHeaderDict({'Connection': 'keep-alive', 'Content-Length': '149', 'Content-Type': 'application/json; charset=utf-8', 'Access-Control-Allow-Credentials': 'true', 'Access-Control-Expose-Headers': 'WWW-Authenticate,Server-Authorization', 'Cache-Control': 'no-cache', 'Www-Authenticate': 'Basic error=\"HTTP authentication header missing username\"', 'Accept-Ranges': 'bytes', 'Date': 'Mon, 29 May 2023 14:58:23 GMT', 'Vary': 'origin', 'Strict-Transport-Security': 'max-age=300'})\n[Run Tests/python_tests]   | HTTP response body: {\n[Run Tests/python_tests]   |     \"error\": {\n[Run Tests/python_tests]   |         \"message\": \"HTTP authentication header missing username\",\n[Run Tests/python_tests]   |         \"status_code\": 401,\n[Run Tests/python_tests]   |         \"code\": \"unauthorized\"\n[Run Tests/python_tests]   |     }\n[Run Tests/python_tests]   | }\n[Run Tests/python_tests]   | \n[Run Tests/python_tests]   | \n[Run Tests/python_tests]   | ======================================================================\n[Run Tests/python_tests]   | ERROR: test_get200 (test.Integration.test_bank_accounts_api.TestBankAccountsApi)\n[Run Tests/python_tests]   | Test case for get\n[Run Tests/python_tests]   | ----------------------------------------------------------------------\n[Run Tests/python_tests]   | Traceback (most recent call last):\n[Run Tests/python_tests]   |   File \"/tmp/de65f406-fe28-11ed-a890-af2cc187fc11/lob-lob-python/test/Integration/test_bank_accounts_api.py\", line 147, in test_get200\n[Run Tests/python_tests]   |     created_bank = self.api.create(self.bank_writable)\n[Run Tests/python_tests]   |   File \"/tmp/de65f406-fe28-11ed-a890-af2cc187fc11/lob-lob-python/lob_python/api/bank_accounts_api.py\", line 420, in create\n[Run Tests/python_tests]   |     return self.create_endpoint.call_with_http_info(**kwargs)\n[Run Tests/python_tests]   |   File \"/tmp/de65f406-fe28-11ed-a890-af2cc187fc11/lob-lob-python/lob_python/api_client.py\", line 867, in call_with_http_info\n[Run Tests/python_tests]   |     collection_formats=params['collection_format'])\n[Run Tests/python_tests]   |   File \"/tmp/de65f406-fe28-11ed-a890-af2cc187fc11/lob-lob-python/lob_python/api_client.py\", line 416, in call_api\n[Run Tests/python_tests]   |     _check_type)\n[Run Tests/python_tests]   |   File \"/tmp/de65f406-fe28-11ed-a890-af2cc187fc11/lob-lob-python/lob_python/api_client.py\", line 204, in __call_api\n[Run Tests/python_tests]   |     raise e\n[Run Tests/python_tests]   |   File \"/tmp/de65f406-fe28-11ed-a890-af2cc187fc11/lob-lob-python/lob_python/api_client.py\", line 201, in __call_api\n[Run Tests/python_tests]   |     _request_timeout=_request_timeout)\n[Run Tests/python_tests]   |   File \"/tmp/de65f406-fe28-11ed-a890-af2cc187fc11/lob-lob-python/lob_python/api_client.py\", line 462, in request\n[Run Tests/python_tests]   |     body=body)\n[Run Tests/python_tests]   |   File \"/tmp/de65f406-fe28-11ed-a890-af2cc187fc11/lob-lob-python/lob_python/rest.py\", line 290, in POST\n[Run Tests/python_tests]   |     body=body)\n[Run Tests/python_tests]   |   File \"/tmp/de65f406-fe28-11ed-a890-af2cc187fc11/lob-lob-python/lob_python/rest.py\", line 232, in request\n[Run Tests/python_tests]   |     raise UnauthorizedException(http_resp=r)\n[Run Tests/python_tests]   | lob_python.exceptions.UnauthorizedException: (401)\n[Run Tests/python_tests]   | Reason: Unauthorized\n[Run Tests/python_tests]   | HTTP response headers: HTTPHeaderDict({'Connection': 'keep-alive', 'Content-Length': '149', 'Content-Type': 'application/json; charset=utf-8', 'Access-Control-Allow-Credentials': 'true', 'Access-Control-Expose-Headers': 'WWW-Authenticate,Server-Authorization', 'Cache-Control': 'no-cache', 'Www-Authenticate': 'Basic error=\"HTTP authentication header missing username\"', 'Accept-Ranges': 'bytes', 'Date': 'Mon, 29 May 2023 14:58:23 GMT', 'Vary': 'origin', 'Strict-Transport-Security': 'max-age=300'})\n[Run Tests/python_tests]   | HTTP response body: {\n[Run Tests/python_tests]   |     \"error\": {\n[Run Tests/python_tests]   |         \"message\": \"HTTP authentication header missing username\",\n[Run Tests/python_tests]   |         \"status_code\": 401,\n[Run Tests/python_tests]   |         \"code\": \"unauthorized\"\n[Run Tests/python_tests]   |     }\n[Run Tests/python_tests]   | }\n[Run Tests/python_tests]   | \n[Run Tests/python_tests]   | \n[Run Tests/python_tests]   | ======================================================================\n[Run Tests/python_tests]   | ERROR: test_list200 (test.Integration.test_bank_accounts_api.TestBankAccountsApi)\n[Run Tests/python_tests]   | Test case for list\n[Run Tests/python_tests]   | ----------------------------------------------------------------------\n[Run Tests/python_tests]   | Traceback (most recent call last):\n[Run Tests/python_tests]   |   File \"/tmp/de65f406-fe28-11ed-a890-af2cc187fc11/lob-lob-python/test/Integration/test_bank_accounts_api.py\", line 175, in test_list200\n[Run Tests/python_tests]   |     bank_1 = self.api.create(self.bank_writable)\n[Run Tests/python_tests]   |   File \"/tmp/de65f406-fe28-11ed-a890-af2cc187fc11/lob-lob-python/lob_python/api/bank_accounts_api.py\", line 420, in create\n[Run Tests/python_tests]   |     return self.create_endpoint.call_with_http_info(**kwargs)\n[Run Tests/python_tests]   |   File \"/tmp/de65f406-fe28-11ed-a890-af2cc187fc11/lob-lob-python/lob_python/api_client.py\", line 867, in call_with_http_info\n[Run Tests/python_tests]   |     collection_formats=params['collection_format'])\n[Run Tests/python_tests]   |   File \"/tmp/de65f406-fe28-11ed-a890-af2cc187fc11/lob-lob-python/lob_python/api_client.py\", line 416, in call_api\n[Run Tests/python_tests]   |     _check_type)\n[Run Tests/python_tests]   |   File \"/tmp/de65f406-fe28-11ed-a890-af2cc187fc11/lob-lob-python/lob_python/api_client.py\", line 204, in __call_api\n[Run Tests/python_tests]   |     raise e\n[Run Tests/python_tests]   |   File \"/tmp/de65f406-fe28-11ed-a890-af2cc187fc11/lob-lob-python/lob_python/api_client.py\", line 201, in __call_api\n[Run Tests/python_tests]   |     _request_timeout=_request_timeout)\n[Run Tests/python_tests]   |   File \"/tmp/de65f406-fe28-11ed-a890-af2cc187fc11/lob-lob-python/lob_python/api_client.py\", line 462, in request\n[Run Tests/python_tests]   |     body=body)\n[Run Tests/python_tests]   |   File \"/tmp/de65f406-fe28-11ed-a890-af2cc187fc11/lob-lob-python/lob_python/rest.py\", line 290, in POST\n[Run Tests/python_tests]   |     body=body)\n[Run Tests/python_tests]   |   File \"/tmp/de65f406-fe28-11ed-a890-af2cc187fc11/lob-lob-python/lob_python/rest.py\", line 232, in request\n[Run Tests/python_tests]   |     raise UnauthorizedException(http_resp=r)\n[Run Tests/python_tests]   | lob_python.exceptions.UnauthorizedException: (401)\n[Run Tests/python_tests]   | Reason: Unauthorized\n[Run Tests/python_tests]   | HTTP response headers: HTTPHeaderDict({'Connection': 'keep-alive', 'Content-Length': '149', 'Content-Type': 'application/json; charset=utf-8', 'Access-Control-Allow-Credentials': 'true', 'Access-Control-Expose-Headers': 'WWW-Authenticate,Server-Authorization', 'Cache-Control': 'no-cache', 'Www-Authenticate': 'Basic error=\"HTTP authentication header missing username\"', 'Accept-Ranges': 'bytes', 'Date': 'Mon, 29 May 2023 14:58:25 GMT', 'Vary': 'origin', 'Strict-Transport-Security': 'max-age=300'})\n[Run Tests/python_tests]   | HTTP response body: {\n[Run Tests/python_tests]   |     \"error\": {\n[Run Tests/python_tests]   |         \"message\": \"HTTP authentication header missing username\",\n[Run Tests/python_tests]   |         \"status_code\": 401,\n[Run Tests/python_tests]   |         \"code\": \"unauthorized\"\n[Run Tests/python_tests]   |     }\n[Run Tests/python_tests]   | }\n[Run Tests/python_tests]   | \n[Run Tests/python_tests]   | \n[Run Tests/python_tests]   | ======================================================================\n[Run Tests/python_tests]   | ERROR: test_list422 (test.Integration.test_bank_accounts_api.TestBankAccountsApi)\n[Run Tests/python_tests]   | Test case for list\n[Run Tests/python_tests]   | ----------------------------------------------------------------------\n[Run Tests/python_tests]   | Traceback (most recent call last):\n[Run Tests/python_tests]   |   File \"/tmp/de65f406-fe28-11ed-a890-af2cc187fc11/lob-lob-python/test/Integration/test_bank_accounts_api.py\", line 248, in test_list422\n[Run Tests/python_tests]   |     bank_1 = self.api.create(self.bank_writable)\n[Run Tests/python_tests]   |   File \"/tmp/de65f406-fe28-11ed-a890-af2cc187fc11/lob-lob-python/lob_python/api/bank_accounts_api.py\", line 420, in create\n[Run Tests/python_tests]   |     return self.create_endpoint.call_with_http_info(**kwargs)\n[Run Tests/python_tests]   |   File \"/tmp/de65f406-fe28-11ed-a890-af2cc187fc11/lob-lob-python/lob_python/api_client.py\", line 867, in call_with_http_info\n[Run Tests/python_tests]   |     collection_formats=params['collection_format'])\n[Run Tests/python_tests]   |   File \"/tmp/de65f406-fe28-11ed-a890-af2cc187fc11/lob-lob-python/lob_python/api_client.py\", line 416, in call_api\n[Run Tests/python_tests]   |     _check_type)\n[Run Tests/python_tests]   |   File \"/tmp/de65f406-fe28-11ed-a890-af2cc187fc11/lob-lob-python/lob_python/api_client.py\", line 204, in __call_api\n[Run Tests/python_tests]   |     raise e\n[Run Tests/python_tests]   |   File \"/tmp/de65f406-fe28-11ed-a890-af2cc187fc11/lob-lob-python/lob_python/api_client.py\", line 201, in __call_api\n[Run Tests/python_tests]   |     _request_timeout=_request_timeout)\n[Run Tests/python_tests]   |   File \"/tmp/de65f406-fe28-11ed-a890-af2cc187fc11/lob-lob-python/lob_python/api_client.py\", line 462, in request\n[Run Tests/python_tests]   |     body=body)\n[Run Tests/python_tests]   |   File \"/tmp/de65f406-fe28-11ed-a890-af2cc187fc11/lob-lob-python/lob_python/rest.py\", line 290, in POST\n[Run Tests/python_tests]   |     body=body)\n[Run Tests/python_tests]   |   File \"/tmp/de65f406-fe28-11ed-a890-af2cc187fc11/lob-lob-python/lob_python/rest.py\", line 232, in request\n[Run Tests/python_tests]   |     raise UnauthorizedException(http_resp=r)\n[Run Tests/python_tests]   | lob_python.exceptions.UnauthorizedException: (401)\n[Run Tests/python_tests]   | Reason: Unauthorized\n[Run Tests/python_tests]   | HTTP response headers: HTTPHeaderDict({'Connection': 'keep-alive', 'Content-Length': '149', 'Content-Type': 'application/json; charset=utf-8', 'Access-Control-Allow-Credentials': 'true', 'Access-Control-Expose-Headers': 'WWW-Authenticate,Server-Authorization', 'Cache-Control': 'no-cache', 'Www-Authenticate': 'Basic error=\"HTTP authentication header missing username\"', 'Accept-Ranges': 'bytes', 'Date': 'Mon, 29 May 2023 14:58:25 GMT', 'Vary': 'origin', 'Strict-Transport-Security': 'max-age=300'})\n[Run Tests/python_tests]   | HTTP response body: {\n[Run Tests/python_tests]   |     \"error\": {\n[Run Tests/python_tests]   |         \"message\": \"HTTP authentication header missing username\",\n[Run Tests/python_tests]   |         \"status_code\": 401,\n[Run Tests/python_tests]   |         \"code\": \"unauthorized\"\n[Run Tests/python_tests]   |     }\n[Run Tests/python_tests]   | }\n[Run Tests/python_tests]   | \n[Run Tests/python_tests]   | \n[Run Tests/python_tests]   | ======================================================================\n[Run Tests/python_tests]   | ERROR: test_list_other_query_params (test.Integration.test_bank_accounts_api.TestBankAccountsApi)\n[Run Tests/python_tests]   | ----------------------------------------------------------------------\n[Run Tests/python_tests]   | Traceback (most recent call last):\n[Run Tests/python_tests]   |   File \"/opt/hostedtoolcache/Python/3.7.11/x64/lib/python3.7/site-packages/unittest_data_provider/__init__.py\", line 7, in repl\n[Run Tests/python_tests]   |     fn(self, *i)\n[Run Tests/python_tests]   |   File \"/tmp/de65f406-fe28-11ed-a890-af2cc187fc11/lob-lob-python/test/Integration/test_bank_accounts_api.py\", line 209, in test_list_other_query_params\n[Run Tests/python_tests]   |     bank_1 = self.api.create(self.bank_writable)\n[Run Tests/python_tests]   |   File \"/tmp/de65f406-fe28-11ed-a890-af2cc187fc11/lob-lob-python/lob_python/api/bank_accounts_api.py\", line 420, in create\n[Run Tests/python_tests]   |     return self.create_endpoint.call_with_http_info(**kwargs)\n[Run Tests/python_tests]   |   File \"/tmp/de65f406-fe28-11ed-a890-af2cc187fc11/lob-lob-python/lob_python/api_client.py\", line 867, in call_with_http_info\n[Run Tests/python_tests]   |     collection_formats=params['collection_format'])\n[Run Tests/python_tests]   |   File \"/tmp/de65f406-fe28-11ed-a890-af2cc187fc11/lob-lob-python/lob_python/api_client.py\", line 416, in call_api\n[Run Tests/python_tests]   |     _check_type)\n[Run Tests/python_tests]   |   File \"/tmp/de65f406-fe28-11ed-a890-af2cc187fc11/lob-lob-python/lob_python/api_client.py\", line 204, in __call_api\n[Run Tests/python_tests]   |     raise e\n[Run Tests/python_tests]   |   File \"/tmp/de65f406-fe28-11ed-a890-af2cc187fc11/lob-lob-python/lob_python/api_client.py\", line 201, in __call_api\n[Run Tests/python_tests]   |     _request_timeout=_request_timeout)\n[Run Tests/python_tests]   |   File \"/tmp/de65f406-fe28-11ed-a890-af2cc187fc11/lob-lob-python/lob_python/api_client.py\", line 462, in request\n[Run Tests/python_tests]   |     body=body)\n[Run Tests/python_tests]   |   File \"/tmp/de65f406-fe28-11ed-a890-af2cc187fc11/lob-lob-python/lob_python/rest.py\", line 290, in POST\n[Run Tests/python_tests]   |     body=body)\n[Run Tests/python_tests]   |   File \"/tmp/de65f406-fe28-11ed-a890-af2cc187fc11/lob-lob-python/lob_python/rest.py\", line 232, in request\n[Run Tests/python_tests]   |     raise UnauthorizedException(http_resp=r)\n[Run Tests/python_tests]   | lob_python.exceptions.UnauthorizedException: (401)\n[Run Tests/python_tests]   | Reason: Unauthorized\n[Run Tests/python_tests]   | HTTP response headers: HTTPHeaderDict({'Connection': 'keep-alive', 'Content-Length': '149', 'Content-Type': 'application/json; charset=utf-8', 'Access-Control-Allow-Credentials': 'true', 'Access-Control-Expose-Headers': 'WWW-Authenticate,Server-Authorization', 'Cache-Control': 'no-cache', 'Www-Authenticate': 'Basic error=\"HTTP authentication header missing username\"', 'Accept-Ranges': 'bytes', 'Date': 'Mon, 29 May 2023 14:58:25 GMT', 'Vary': 'origin', 'Strict-Transport-Security': 'max-age=300'})\n[Run Tests/python_tests]   | HTTP response body: {\n[Run Tests/python_tests]   |     \"error\": {\n[Run Tests/python_tests]   |         \"message\": \"HTTP authentication header missing username\",\n[Run Tests/python_tests]   |         \"status_code\": 401,\n[Run Tests/python_tests]   |         \"code\": \"unauthorized\"\n[Run Tests/python_tests]   |     }\n[Run Tests/python_tests]   | }\n[Run Tests/python_tests]   | \n[Run Tests/python_tests]   | \n[Run Tests/python_tests]   | ======================================================================\n[Run Tests/python_tests]   | ERROR: test_verify200 (test.Integration.test_bank_accounts_api.TestBankAccountsApi)\n[Run Tests/python_tests]   | Test case for get\n[Run Tests/python_tests]   | ----------------------------------------------------------------------\n[Run Tests/python_tests]   | Traceback (most recent call last):\n[Run Tests/python_tests]   |   File \"/tmp/de65f406-fe28-11ed-a890-af2cc187fc11/lob-lob-python/test/Integration/test_bank_accounts_api.py\", line 124, in test_verify200\n[Run Tests/python_tests]   |     created_bank = self.api.create(self.bank_writable)\n[Run Tests/python_tests]   |   File \"/tmp/de65f406-fe28-11ed-a890-af2cc187fc11/lob-lob-python/lob_python/api/bank_accounts_api.py\", line 420, in create\n[Run Tests/python_tests]   |     return self.create_endpoint.call_with_http_info(**kwargs)\n[Run Tests/python_tests]   |   File \"/tmp/de65f406-fe28-11ed-a890-af2cc187fc11/lob-lob-python/lob_python/api_client.py\", line 867, in call_with_http_info\n[Run Tests/python_tests]   |     collection_formats=params['collection_format'])\n[Run Tests/python_tests]   |   File \"/tmp/de65f406-fe28-11ed-a890-af2cc187fc11/lob-lob-python/lob_python/api_client.py\", line 416, in call_api\n[Run Tests/python_tests]   |     _check_type)\n[Run Tests/python_tests]   |   File \"/tmp/de65f406-fe28-11ed-a890-af2cc187fc11/lob-lob-python/lob_python/api_client.py\", line 204, in __call_api\n[Run Tests/python_tests]   |     raise e\n[Run Tests/python_tests]   |   File \"/tmp/de65f406-fe28-11ed-a890-af2cc187fc11/lob-lob-python/lob_python/api_client.py\", line 201, in __call_api\n[Run Tests/python_tests]   |     _request_timeout=_request_timeout)\n[Run Tests/python_tests]   |   File \"/tmp/de65f406-fe28-11ed-a890-af2cc187fc11/lob-lob-python/lob_python/api_client.py\", line 462, in request\n[Run Tests/python_tests]   |     body=body)\n[Run Tests/python_tests]   |   File \"/tmp/de65f406-fe28-11ed-a890-af2cc187fc11/lob-lob-python/lob_python/rest.py\", line 290, in POST\n[Run Tests/python_tests]   |     body=body)\n[Run Tests/python_tests]   |   File \"/tmp/de65f406-fe28-11ed-a890-af2cc187fc11/lob-lob-python/lob_python/rest.py\", line 232, in request\n[Run Tests/python_tests]   |     raise UnauthorizedException(http_resp=r)\n[Run Tests/python_tests]   | lob_python.exceptions.UnauthorizedException: (401)\n[Run Tests/python_tests]   | Reason: Unauthorized\n[Run Tests/python_tests]   | HTTP response headers: HTTPHeaderDict({'Connection': 'keep-alive', 'Content-Length': '149', 'Content-Type': 'application/json; charset=utf-8', 'Access-Control-Allow-Credentials': 'true', 'Access-Control-Expose-Headers': 'WWW-Authenticate,Server-Authorization', 'Cache-Control': 'no-cache', 'Www-Authenticate': 'Basic error=\"HTTP authentication header missing username\"', 'Accept-Ranges': 'bytes', 'Date': 'Mon, 29 May 2023 14:58:25 GMT', 'Vary': 'origin', 'Strict-Transport-Security': 'max-age=300'})\n[Run Tests/python_tests]   | HTTP response body: {\n[Run Tests/python_tests]   |     \"error\": {\n[Run Tests/python_tests]   |         \"message\": \"HTTP authentication header missing username\",\n[Run Tests/python_tests]   |         \"status_code\": 401,\n[Run Tests/python_tests]   |         \"code\": \"unauthorized\"\n[Run Tests/python_tests]   |     }\n[Run Tests/python_tests]   | }\n[Run Tests/python_tests]   | \n[Run Tests/python_tests]   | \n[Run Tests/python_tests]   | ======================================================================\n[Run Tests/python_tests]   | ERROR: test_create200 (test.Integration.test_billing_groups_api.TestBillingGroupsApi)\n[Run Tests/python_tests]   | Test case for create\n[Run Tests/python_tests]   | ----------------------------------------------------------------------\n[Run Tests/python_tests]   | Traceback (most recent call last):\n[Run Tests/python_tests]   |   File \"/tmp/de65f406-fe28-11ed-a890-af2cc187fc11/lob-lob-python/test/Integration/test_billing_groups_api.py\", line 83, in test_create200\n[Run Tests/python_tests]   |     created_bg = self.api.create(self.bg_editable)\n[Run Tests/python_tests]   |   File \"/tmp/de65f406-fe28-11ed-a890-af2cc187fc11/lob-lob-python/lob_python/api/billing_groups_api.py\", line 367, in create\n[Run Tests/python_tests]   |     return self.create_endpoint.call_with_http_info(**kwargs)\n[Run Tests/python_tests]   |   File \"/tmp/de65f406-fe28-11ed-a890-af2cc187fc11/lob-lob-python/lob_python/api_client.py\", line 867, in call_with_http_info\n[Run Tests/python_tests]   |     collection_formats=params['collection_format'])\n[Run Tests/python_tests]   |   File \"/tmp/de65f406-fe28-11ed-a890-af2cc187fc11/lob-lob-python/lob_python/api_client.py\", line 416, in call_api\n[Run Tests/python_tests]   |     _check_type)\n[Run Tests/python_tests]   |   File \"/tmp/de65f406-fe28-11ed-a890-af2cc187fc11/lob-lob-python/lob_python/api_client.py\", line 204, in __call_api\n[Run Tests/python_tests]   |     raise e\n[Run Tests/python_tests]   |   File \"/tmp/de65f406-fe28-11ed-a890-af2cc187fc11/lob-lob-python/lob_python/api_client.py\", line 201, in __call_api\n[Run Tests/python_tests]   |     _request_timeout=_request_timeout)\n[Run Tests/python_tests]   |   File \"/tmp/de65f406-fe28-11ed-a890-af2cc187fc11/lob-lob-python/lob_python/api_client.py\", line 462, in request\n[Run Tests/python_tests]   |     body=body)\n[Run Tests/python_tests]   |   File \"/tmp/de65f406-fe28-11ed-a890-af2cc187fc11/lob-lob-python/lob_python/rest.py\", line 290, in POST\n[Run Tests/python_tests]   |     body=body)\n[Run Tests/python_tests]   |   File \"/tmp/de65f406-fe28-11ed-a890-af2cc187fc11/lob-lob-python/lob_python/rest.py\", line 232, in request\n[Run Tests/python_tests]   |     raise UnauthorizedException(http_resp=r)\n[Run Tests/python_tests]   | lob_python.exceptions.UnauthorizedException: (401)\n[Run Tests/python_tests]   | Reason: Unauthorized\n[Run Tests/python_tests]   | HTTP response headers: HTTPHeaderDict({'Connection': 'keep-alive', 'Content-Length': '149', 'Content-Type': 'application/json; charset=utf-8', 'Access-Control-Allow-Credentials': 'true', 'Access-Control-Expose-Headers': 'WWW-Authenticate,Server-Authorization', 'Cache-Control': 'no-cache', 'Www-Authenticate': 'Basic error=\"HTTP authentication header missing username\"', 'Accept-Ranges': 'bytes', 'Date': 'Mon, 29 May 2023 14:58:27 GMT', 'Vary': 'origin', 'Strict-Transport-Security': 'max-age=300'})\n[Run Tests/python_tests]   | HTTP response body: {\n[Run Tests/python_tests]   |     \"error\": {\n[Run Tests/python_tests]   |         \"message\": \"HTTP authentication header missing username\",\n[Run Tests/python_tests]   |         \"status_code\": 401,\n[Run Tests/python_tests]   |         \"code\": \"unauthorized\"\n[Run Tests/python_tests]   |     }\n[Run Tests/python_tests]   | }\n[Run Tests/python_tests]   | \n[Run Tests/python_tests]   | \n[Run Tests/python_tests]   | ======================================================================\n[Run Tests/python_tests]   | ERROR: test_get200 (test.Integration.test_billing_groups_api.TestBillingGroupsApi)\n[Run Tests/python_tests]   | Test case for get\n[Run Tests/python_tests]   | ----------------------------------------------------------------------\n[Run Tests/python_tests]   | Traceback (most recent call last):\n[Run Tests/python_tests]   |   File \"/tmp/de65f406-fe28-11ed-a890-af2cc187fc11/lob-lob-python/test/Integration/test_billing_groups_api.py\", line 91, in test_get200\n[Run Tests/python_tests]   |     created_bg = self.api.create(self.bg_editable)\n[Run Tests/python_tests]   |   File \"/tmp/de65f406-fe28-11ed-a890-af2cc187fc11/lob-lob-python/lob_python/api/billing_groups_api.py\", line 367, in create\n[Run Tests/python_tests]   |     return self.create_endpoint.call_with_http_info(**kwargs)\n[Run Tests/python_tests]   |   File \"/tmp/de65f406-fe28-11ed-a890-af2cc187fc11/lob-lob-python/lob_python/api_client.py\", line 867, in call_with_http_info\n[Run Tests/python_tests]   |     collection_formats=params['collection_format'])\n[Run Tests/python_tests]   |   File \"/tmp/de65f406-fe28-11ed-a890-af2cc187fc11/lob-lob-python/lob_python/api_client.py\", line 416, in call_api\n[Run Tests/python_tests]   |     _check_type)\n[Run Tests/python_tests]   |   File \"/tmp/de65f406-fe28-11ed-a890-af2cc187fc11/lob-lob-python/lob_python/api_client.py\", line 204, in __call_api\n[Run Tests/python_tests]   |     raise e\n[Run Tests/python_tests]   |   File \"/tmp/de65f406-fe28-11ed-a890-af2cc187fc11/lob-lob-python/lob_python/api_client.py\", line 201, in __call_api\n[Run Tests/python_tests]   |     _request_timeout=_request_timeout)\n[Run Tests/python_tests]   |   File \"/tmp/de65f406-fe28-11ed-a890-af2cc187fc11/lob-lob-python/lob_python/api_client.py\", line 462, in request\n[Run Tests/python_tests]   |     body=body)\n[Run Tests/python_tests]   |   File \"/tmp/de65f406-fe28-11ed-a890-af2cc187fc11/lob-lob-python/lob_python/rest.py\", line 290, in POST\n[Run Tests/python_tests]   |     body=body)\n[Run Tests/python_tests]   |   File \"/tmp/de65f406-fe28-11ed-a890-af2cc187fc11/lob-lob-python/lob_python/rest.py\", line 232, in request\n[Run Tests/python_tests]   |     raise UnauthorizedException(http_resp=r)\n[Run Tests/python_tests]   | lob_python.exceptions.UnauthorizedException: (401)\n[Run Tests/python_tests]   | Reason: Unauthorized\n[Run Tests/python_tests]   | HTTP response headers: HTTPHeaderDict({'Connection': 'keep-alive', 'Content-Length': '149', 'Content-Type': 'application/json; charset=utf-8', 'Access-Control-Allow-Credentials': 'true', 'Access-Control-Expose-Headers': 'WWW-Authenticate,Server-Authorization', 'Cache-Control': 'no-cache', 'Www-Authenticate': 'Basic error=\"HTTP authentication header missing username\"', 'Accept-Ranges': 'bytes', 'Date': 'Mon, 29 May 2023 14:58:28 GMT', 'Vary': 'origin', 'Strict-Transport-Security': 'max-age=300'})\n[Run Tests/python_tests]   | HTTP response body: {\n[Run Tests/python_tests]   |     \"error\": {\n[Run Tests/python_tests]   |         \"message\": \"HTTP authentication header missing username\",\n[Run Tests/python_tests]   |         \"status_code\": 401,\n[Run Tests/python_tests]   |         \"code\": \"unauthorized\"\n[Run Tests/python_tests]   |     }\n[Run Tests/python_tests]   | }\n[Run Tests/python_tests]   | \n[Run Tests/python_tests]   | \n[Run Tests/python_tests]   | ======================================================================\n[Run Tests/python_tests]   | ERROR: test_list200 (test.Integration.test_billing_groups_api.TestBillingGroupsApi)\n[Run Tests/python_tests]   | ----------------------------------------------------------------------\n[Run Tests/python_tests]   | Traceback (most recent call last):\n[Run Tests/python_tests]   |   File \"/opt/hostedtoolcache/Python/3.7.11/x64/lib/python3.7/site-packages/unittest_data_provider/__init__.py\", line 7, in repl\n[Run Tests/python_tests]   |     fn(self, *i)\n[Run Tests/python_tests]   |   File \"/tmp/de65f406-fe28-11ed-a890-af2cc187fc11/lob-lob-python/test/Integration/test_billing_groups_api.py\", line 126, in test_list200\n[Run Tests/python_tests]   |     response = self.api.list(**args)\n[Run Tests/python_tests]   |   File \"/tmp/de65f406-fe28-11ed-a890-af2cc187fc11/lob-lob-python/lob_python/api/billing_groups_api.py\", line 606, in list\n[Run Tests/python_tests]   |     return self.list_endpoint.call_with_http_info(**kwargs)\n[Run Tests/python_tests]   |   File \"/tmp/de65f406-fe28-11ed-a890-af2cc187fc11/lob-lob-python/lob_python/api_client.py\", line 867, in call_with_http_info\n[Run Tests/python_tests]   |     collection_formats=params['collection_format'])\n[Run Tests/python_tests]   |   File \"/tmp/de65f406-fe28-11ed-a890-af2cc187fc11/lob-lob-python/lob_python/api_client.py\", line 416, in call_api\n[Run Tests/python_tests]   |     _check_type)\n[Run Tests/python_tests]   |   File \"/tmp/de65f406-fe28-11ed-a890-af2cc187fc11/lob-lob-python/lob_python/api_client.py\", line 204, in __call_api\n[Run Tests/python_tests]   |     raise e\n[Run Tests/python_tests]   |   File \"/tmp/de65f406-fe28-11ed-a890-af2cc187fc11/lob-lob-python/lob_python/api_client.py\", line 201, in __call_api\n[Run Tests/python_tests]   |     _request_timeout=_request_timeout)\n[Run Tests/python_tests]   |   File \"/tmp/de65f406-fe28-11ed-a890-af2cc187fc11/lob-lob-python/lob_python/api_client.py\", line 440, in request\n[Run Tests/python_tests]   |     headers=headers)\n[Run Tests/python_tests]   |   File \"/tmp/de65f406-fe28-11ed-a890-af2cc187fc11/lob-lob-python/lob_python/rest.py\", line 253, in GET\n[Run Tests/python_tests]   |     query_params=query_params)\n[Run Tests/python_tests]   |   File \"/tmp/de65f406-fe28-11ed-a890-af2cc187fc11/lob-lob-python/lob_python/rest.py\", line 232, in request\n[Run Tests/python_tests]   |     raise UnauthorizedException(http_resp=r)\n[Run Tests/python_tests]   | lob_python.exceptions.UnauthorizedException: (401)\n[Run Tests/python_tests]   | Reason: Unauthorized\n[Run Tests/python_tests]   | HTTP response headers: HTTPHeaderDict({'Connection': 'keep-alive', 'Content-Length': '149', 'Content-Type': 'application/json; charset=utf-8', 'Access-Control-Allow-Credentials': 'true', 'Access-Control-Expose-Headers': 'WWW-Authenticate,Server-Authorization', 'Cache-Control': 'no-cache', 'Www-Authenticate': 'Basic error=\"HTTP authentication header missing username\"', 'Accept-Ranges': 'bytes', 'Date': 'Mon, 29 May 2023 14:58:29 GMT', 'Vary': 'origin', 'Strict-Transport-Security': 'max-age=300'})\n[Run Tests/python_tests]   | HTTP response body: {\n[Run Tests/python_tests]   |     \"error\": {\n[Run Tests/python_tests]   |         \"message\": \"HTTP authentication header missing username\",\n[Run Tests/python_tests]   |         \"status_code\": 401,\n[Run Tests/python_tests]   |         \"code\": \"unauthorized\"\n[Run Tests/python_tests]   |     }\n[Run Tests/python_tests]   | }\n[Run Tests/python_tests]   | \n[Run Tests/python_tests]   | \n[Run Tests/python_tests]   | ======================================================================\n[Run Tests/python_tests]   | ERROR: test_update200 (test.Integration.test_billing_groups_api.TestBillingGroupsApi)\n[Run Tests/python_tests]   | Test case for update\n[Run Tests/python_tests]   | ----------------------------------------------------------------------\n[Run Tests/python_tests]   | Traceback (most recent call last):\n[Run Tests/python_tests]   |   File \"/tmp/de65f406-fe28-11ed-a890-af2cc187fc11/lob-lob-python/test/Integration/test_billing_groups_api.py\", line 149, in test_update200\n[Run Tests/python_tests]   |     created_bg = self.api.create(self.bg_editable)\n[Run Tests/python_tests]   |   File \"/tmp/de65f406-fe28-11ed-a890-af2cc187fc11/lob-lob-python/lob_python/api/billing_groups_api.py\", line 367, in create\n[Run Tests/python_tests]   |     return self.create_endpoint.call_with_http_info(**kwargs)\n[Run Tests/python_tests]   |   File \"/tmp/de65f406-fe28-11ed-a890-af2cc187fc11/lob-lob-python/lob_python/api_client.py\", line 867, in call_with_http_info\n[Run Tests/python_tests]   |     collection_formats=params['collection_format'])\n[Run Tests/python_tests]   |   File \"/tmp/de65f406-fe28-11ed-a890-af2cc187fc11/lob-lob-python/lob_python/api_client.py\", line 416, in call_api\n[Run Tests/python_tests]   |     _check_type)\n[Run Tests/python_tests]   |   File \"/tmp/de65f406-fe28-11ed-a890-af2cc187fc11/lob-lob-python/lob_python/api_client.py\", line 204, in __call_api\n[Run Tests/python_tests]   |     raise e\n[Run Tests/python_tests]   |   File \"/tmp/de65f406-fe28-11ed-a890-af2cc187fc11/lob-lob-python/lob_python/api_client.py\", line 201, in __call_api\n[Run Tests/python_tests]   |     _request_timeout=_request_timeout)\n[Run Tests/python_tests]   |   File \"/tmp/de65f406-fe28-11ed-a890-af2cc187fc11/lob-lob-python/lob_python/api_client.py\", line 462, in request\n[Run Tests/python_tests]   |     body=body)\n[Run Tests/python_tests]   |   File \"/tmp/de65f406-fe28-11ed-a890-af2cc187fc11/lob-lob-python/lob_python/rest.py\", line 290, in POST\n[Run Tests/python_tests]   |     body=body)\n[Run Tests/python_tests]   |   File \"/tmp/de65f406-fe28-11ed-a890-af2cc187fc11/lob-lob-python/lob_python/rest.py\", line 232, in request\n[Run Tests/python_tests]   |     raise UnauthorizedException(http_resp=r)\n[Run Tests/python_tests]   | lob_python.exceptions.UnauthorizedException: (401)\n[Run Tests/python_tests]   | Reason: Unauthorized\n[Run Tests/python_tests]   | HTTP response headers: HTTPHeaderDict({'Connection': 'keep-alive', 'Content-Length': '149', 'Content-Type': 'application/json; charset=utf-8', 'Access-Control-Allow-Credentials': 'true', 'Access-Control-Expose-Headers': 'WWW-Authenticate,Server-Authorization', 'Cache-Control': 'no-cache', 'Www-Authenticate': 'Basic error=\"HTTP authentication header missing username\"', 'Accept-Ranges': 'bytes', 'Date': 'Mon, 29 May 2023 14:58:30 GMT', 'Vary': 'origin', 'Strict-Transport-Security': 'max-age=300'})\n[Run Tests/python_tests]   | HTTP response body: {\n[Run Tests/python_tests]   |     \"error\": {\n[Run Tests/python_tests]   |         \"message\": \"HTTP authentication header missing username\",\n[Run Tests/python_tests]   |         \"status_code\": 401,\n[Run Tests/python_tests]   |         \"code\": \"unauthorized\"\n[Run Tests/python_tests]   |     }\n[Run Tests/python_tests]   | }\n[Run Tests/python_tests]   | \n[Run Tests/python_tests]   | \n[Run Tests/python_tests]   | ======================================================================\n[Run Tests/python_tests]   | ERROR: setUpClass (test.Integration.test_card_orders_api.TestCardsApi)\n[Run Tests/python_tests]   | ----------------------------------------------------------------------\n[Run Tests/python_tests]   | Traceback (most recent call last):\n[Run Tests/python_tests]   |   File \"/tmp/de65f406-fe28-11ed-a890-af2cc187fc11/lob-lob-python/test/Integration/test_card_orders_api.py\", line 49, in setUpClass\n[Run Tests/python_tests]   |     self.created_card = self.cards_api.create(self.card_editable)\n[Run Tests/python_tests]   |   File \"/tmp/de65f406-fe28-11ed-a890-af2cc187fc11/lob-lob-python/lob_python/api/cards_api.py\", line 409, in create\n[Run Tests/python_tests]   |     return self.create_endpoint.call_with_http_info(**kwargs)\n[Run Tests/python_tests]   |   File \"/tmp/de65f406-fe28-11ed-a890-af2cc187fc11/lob-lob-python/lob_python/api_client.py\", line 867, in call_with_http_info\n[Run Tests/python_tests]   |     collection_formats=params['collection_format'])\n[Run Tests/python_tests]   |   File \"/tmp/de65f406-fe28-11ed-a890-af2cc187fc11/lob-lob-python/lob_python/api_client.py\", line 416, in call_api\n[Run Tests/python_tests]   |     _check_type)\n[Run Tests/python_tests]   |   File \"/tmp/de65f406-fe28-11ed-a890-af2cc187fc11/lob-lob-python/lob_python/api_client.py\", line 204, in __call_api\n[Run Tests/python_tests]   |     raise e\n[Run Tests/python_tests]   |   File \"/tmp/de65f406-fe28-11ed-a890-af2cc187fc11/lob-lob-python/lob_python/api_client.py\", line 201, in __call_api\n[Run Tests/python_tests]   |     _request_timeout=_request_timeout)\n[Run Tests/python_tests]   |   File \"/tmp/de65f406-fe28-11ed-a890-af2cc187fc11/lob-lob-python/lob_python/api_client.py\", line 462, in request\n[Run Tests/python_tests]   |     body=body)\n[Run Tests/python_tests]   |   File \"/tmp/de65f406-fe28-11ed-a890-af2cc187fc11/lob-lob-python/lob_python/rest.py\", line 290, in POST\n[Run Tests/python_tests]   |     body=body)\n[Run Tests/python_tests]   |   File \"/tmp/de65f406-fe28-11ed-a890-af2cc187fc11/lob-lob-python/lob_python/rest.py\", line 232, in request\n[Run Tests/python_tests]   |     raise UnauthorizedException(http_resp=r)\n[Run Tests/python_tests]   | lob_python.exceptions.UnauthorizedException: (401)\n[Run Tests/python_tests]   | Reason: Unauthorized\n[Run Tests/python_tests]   | HTTP response headers: HTTPHeaderDict({'Connection': 'keep-alive', 'Content-Length': '149', 'Content-Type': 'application/json; charset=utf-8', 'Access-Control-Allow-Credentials': 'true', 'Access-Control-Expose-Headers': 'WWW-Authenticate,Server-Authorization', 'Cache-Control': 'no-cache', 'Www-Authenticate': 'Basic error=\"HTTP authentication header missing username\"', 'Accept-Ranges': 'bytes', 'Date': 'Mon, 29 May 2023 14:58:31 GMT', 'Vary': 'origin', 'Strict-Transport-Security': 'max-age=300'})\n[Run Tests/python_tests]   | HTTP response body: {\n[Run Tests/python_tests]   |     \"error\": {\n[Run Tests/python_tests]   |         \"message\": \"HTTP authentication header missing username\",\n[Run Tests/python_tests]   |         \"status_code\": 401,\n[Run Tests/python_tests]   |         \"code\": \"unauthorized\"\n[Run Tests/python_tests]   |     }\n[Run Tests/python_tests]   | }\n[Run Tests/python_tests]   | \n[Run Tests/python_tests]   | \n[Run Tests/python_tests]   | ======================================================================\n[Run Tests/python_tests]   | ERROR: test_create200 (test.Integration.test_cards_api.TestCardsApi)\n[Run Tests/python_tests]   | Test case for create\n[Run Tests/python_tests]   | ----------------------------------------------------------------------\n[Run Tests/python_tests]   | Traceback (most recent call last):\n[Run Tests/python_tests]   |   File \"/tmp/de65f406-fe28-11ed-a890-af2cc187fc11/lob-lob-python/test/Integration/test_cards_api.py\", line 81, in test_create200\n[Run Tests/python_tests]   |     created_card = self.api.create(self.card_editable)\n[Run Tests/python_tests]   |   File \"/tmp/de65f406-fe28-11ed-a890-af2cc187fc11/lob-lob-python/lob_python/api/cards_api.py\", line 409, in create\n[Run Tests/python_tests]   |     return self.create_endpoint.call_with_http_info(**kwargs)\n[Run Tests/python_tests]   |   File \"/tmp/de65f406-fe28-11ed-a890-af2cc187fc11/lob-lob-python/lob_python/api_client.py\", line 867, in call_with_http_info\n[Run Tests/python_tests]   |     collection_formats=params['collection_format'])\n[Run Tests/python_tests]   |   File \"/tmp/de65f406-fe28-11ed-a890-af2cc187fc11/lob-lob-python/lob_python/api_client.py\", line 416, in call_api\n[Run Tests/python_tests]   |     _check_type)\n[Run Tests/python_tests]   |   File \"/tmp/de65f406-fe28-11ed-a890-af2cc187fc11/lob-lob-python/lob_python/api_client.py\", line 204, in __call_api\n[Run Tests/python_tests]   |     raise e\n[Run Tests/python_tests]   |   File \"/tmp/de65f406-fe28-11ed-a890-af2cc187fc11/lob-lob-python/lob_python/api_client.py\", line 201, in __call_api\n[Run Tests/python_tests]   |     _request_timeout=_request_timeout)\n[Run Tests/python_tests]   |   File \"/tmp/de65f406-fe28-11ed-a890-af2cc187fc11/lob-lob-python/lob_python/api_client.py\", line 462, in request\n[Run Tests/python_tests]   |     body=body)\n[Run Tests/python_tests]   |   File \"/tmp/de65f406-fe28-11ed-a890-af2cc187fc11/lob-lob-python/lob_python/rest.py\", line 290, in POST\n[Run Tests/python_tests]   |     body=body)\n[Run Tests/python_tests]   |   File \"/tmp/de65f406-fe28-11ed-a890-af2cc187fc11/lob-lob-python/lob_python/rest.py\", line 232, in request\n[Run Tests/python_tests]   |     raise UnauthorizedException(http_resp=r)\n[Run Tests/python_tests]   | lob_python.exceptions.UnauthorizedException: (401)\n[Run Tests/python_tests]   | Reason: Unauthorized\n[Run Tests/python_tests]   | HTTP response headers: HTTPHeaderDict({'Connection': 'keep-alive', 'Content-Length': '149', 'Content-Type': 'application/json; charset=utf-8', 'Access-Control-Allow-Credentials': 'true', 'Access-Control-Expose-Headers': 'WWW-Authenticate,Server-Authorization', 'Cache-Control': 'no-cache', 'Www-Authenticate': 'Basic error=\"HTTP authentication header missing username\"', 'Accept-Ranges': 'bytes', 'Date': 'Mon, 29 May 2023 14:58:32 GMT', 'Vary': 'origin', 'Strict-Transport-Security': 'max-age=300'})\n[Run Tests/python_tests]   | HTTP response body: {\n[Run Tests/python_tests]   |     \"error\": {\n[Run Tests/python_tests]   |         \"message\": \"HTTP authentication header missing username\",\n[Run Tests/python_tests]   |         \"status_code\": 401,\n[Run Tests/python_tests]   |         \"code\": \"unauthorized\"\n[Run Tests/python_tests]   |     }\n[Run Tests/python_tests]   | }\n[Run Tests/python_tests]   | \n[Run Tests/python_tests]   | \n[Run Tests/python_tests]   | ======================================================================\n[Run Tests/python_tests]   | ERROR: test_delete200 (test.Integration.test_cards_api.TestCardsApi)\n[Run Tests/python_tests]   | Test case for delete\n[Run Tests/python_tests]   | ----------------------------------------------------------------------\n[Run Tests/python_tests]   | Traceback (most recent call last):\n[Run Tests/python_tests]   |   File \"/tmp/de65f406-fe28-11ed-a890-af2cc187fc11/lob-lob-python/test/Integration/test_cards_api.py\", line 185, in test_delete200\n[Run Tests/python_tests]   |     created_card = self.api.create(self.card_editable)\n[Run Tests/python_tests]   |   File \"/tmp/de65f406-fe28-11ed-a890-af2cc187fc11/lob-lob-python/lob_python/api/cards_api.py\", line 409, in create\n[Run Tests/python_tests]   |     return self.create_endpoint.call_with_http_info(**kwargs)\n[Run Tests/python_tests]   |   File \"/tmp/de65f406-fe28-11ed-a890-af2cc187fc11/lob-lob-python/lob_python/api_client.py\", line 867, in call_with_http_info\n[Run Tests/python_tests]   |     collection_formats=params['collection_format'])\n[Run Tests/python_tests]   |   File \"/tmp/de65f406-fe28-11ed-a890-af2cc187fc11/lob-lob-python/lob_python/api_client.py\", line 416, in call_api\n[Run Tests/python_tests]   |     _check_type)\n[Run Tests/python_tests]   |   File \"/tmp/de65f406-fe28-11ed-a890-af2cc187fc11/lob-lob-python/lob_python/api_client.py\", line 204, in __call_api\n[Run Tests/python_tests]   |     raise e\n[Run Tests/python_tests]   |   File \"/tmp/de65f406-fe28-11ed-a890-af2cc187fc11/lob-lob-python/lob_python/api_client.py\", line 201, in __call_api\n[Run Tests/python_tests]   |     _request_timeout=_request_timeout)\n[Run Tests/python_tests]   |   File \"/tmp/de65f406-fe28-11ed-a890-af2cc187fc11/lob-lob-python/lob_python/api_client.py\", line 462, in request\n[Run Tests/python_tests]   |     body=body)\n[Run Tests/python_tests]   |   File \"/tmp/de65f406-fe28-11ed-a890-af2cc187fc11/lob-lob-python/lob_python/rest.py\", line 290, in POST\n[Run Tests/python_tests]   |     body=body)\n[Run Tests/python_tests]   |   File \"/tmp/de65f406-fe28-11ed-a890-af2cc187fc11/lob-lob-python/lob_python/rest.py\", line 232, in request\n[Run Tests/python_tests]   |     raise UnauthorizedException(http_resp=r)\n[Run Tests/python_tests]   | lob_python.exceptions.UnauthorizedException: (401)\n[Run Tests/python_tests]   | Reason: Unauthorized\n[Run Tests/python_tests]   | HTTP response headers: HTTPHeaderDict({'Connection': 'keep-alive', 'Content-Length': '149', 'Content-Type': 'application/json; charset=utf-8', 'Access-Control-Allow-Credentials': 'true', 'Access-Control-Expose-Headers': 'WWW-Authenticate,Server-Authorization', 'Cache-Control': 'no-cache', 'Www-Authenticate': 'Basic error=\"HTTP authentication header missing username\"', 'Accept-Ranges': 'bytes', 'Date': 'Mon, 29 May 2023 14:58:32 GMT', 'Vary': 'origin', 'Strict-Transport-Security': 'max-age=300'})\n[Run Tests/python_tests]   | HTTP response body: {\n[Run Tests/python_tests]   |     \"error\": {\n[Run Tests/python_tests]   |         \"message\": \"HTTP authentication header missing username\",\n[Run Tests/python_tests]   |         \"status_code\": 401,\n[Run Tests/python_tests]   |         \"code\": \"unauthorized\"\n[Run Tests/python_tests]   |     }\n[Run Tests/python_tests]   | }\n[Run Tests/python_tests]   | \n[Run Tests/python_tests]   | \n[Run Tests/python_tests]   | ======================================================================\n[Run Tests/python_tests]   | ERROR: test_get200 (test.Integration.test_cards_api.TestCardsApi)\n[Run Tests/python_tests]   | Test case for get\n[Run Tests/python_tests]   | ----------------------------------------------------------------------\n[Run Tests/python_tests]   | Traceback (most recent call last):\n[Run Tests/python_tests]   |   File \"/tmp/de65f406-fe28-11ed-a890-af2cc187fc11/lob-lob-python/test/Integration/test_cards_api.py\", line 90, in test_get200\n[Run Tests/python_tests]   |     created_card = self.api.create(self.card_editable)\n[Run Tests/python_tests]   |   File \"/tmp/de65f406-fe28-11ed-a890-af2cc187fc11/lob-lob-python/lob_python/api/cards_api.py\", line 409, in create\n[Run Tests/python_tests]   |     return self.create_endpoint.call_with_http_info(**kwargs)\n[Run Tests/python_tests]   |   File \"/tmp/de65f406-fe28-11ed-a890-af2cc187fc11/lob-lob-python/lob_python/api_client.py\", line 867, in call_with_http_info\n[Run Tests/python_tests]   |     collection_formats=params['collection_format'])\n[Run Tests/python_tests]   |   File \"/tmp/de65f406-fe28-11ed-a890-af2cc187fc11/lob-lob-python/lob_python/api_client.py\", line 416, in call_api\n[Run Tests/python_tests]   |     _check_type)\n[Run Tests/python_tests]   |   File \"/tmp/de65f406-fe28-11ed-a890-af2cc187fc11/lob-lob-python/lob_python/api_client.py\", line 204, in __call_api\n[Run Tests/python_tests]   |     raise e\n[Run Tests/python_tests]   |   File \"/tmp/de65f406-fe28-11ed-a890-af2cc187fc11/lob-lob-python/lob_python/api_client.py\", line 201, in __call_api\n[Run Tests/python_tests]   |     _request_timeout=_request_timeout)\n[Run Tests/python_tests]   |   File \"/tmp/de65f406-fe28-11ed-a890-af2cc187fc11/lob-lob-python/lob_python/api_client.py\", line 462, in request\n[Run Tests/python_tests]   |     body=body)\n[Run Tests/python_tests]   |   File \"/tmp/de65f406-fe28-11ed-a890-af2cc187fc11/lob-lob-python/lob_python/rest.py\", line 290, in POST\n[Run Tests/python_tests]   |     body=body)\n[Run Tests/python_tests]   |   File \"/tmp/de65f406-fe28-11ed-a890-af2cc187fc11/lob-lob-python/lob_python/rest.py\", line 232, in request\n[Run Tests/python_tests]   |     raise UnauthorizedException(http_resp=r)\n[Run Tests/python_tests]   | lob_python.exceptions.UnauthorizedException: (401)\n[Run Tests/python_tests]   | Reason: Unauthorized\n[Run Tests/python_tests]   | HTTP response headers: HTTPHeaderDict({'Connection': 'keep-alive', 'Content-Length': '149', 'Content-Type': 'application/json; charset=utf-8', 'Access-Control-Allow-Credentials': 'true', 'Access-Control-Expose-Headers': 'WWW-Authenticate,Server-Authorization', 'Cache-Control': 'no-cache', 'Www-Authenticate': 'Basic error=\"HTTP authentication header missing username\"', 'Accept-Ranges': 'bytes', 'Date': 'Mon, 29 May 2023 14:58:33 GMT', 'Vary': 'origin', 'Strict-Transport-Security': 'max-age=300'})\n[Run Tests/python_tests]   | HTTP response body: {\n[Run Tests/python_tests]   |     \"error\": {\n[Run Tests/python_tests]   |         \"message\": \"HTTP authentication header missing username\",\n[Run Tests/python_tests]   |         \"status_code\": 401,\n[Run Tests/python_tests]   |         \"code\": \"unauthorized\"\n[Run Tests/python_tests]   |     }\n[Run Tests/python_tests]   | }\n[Run Tests/python_tests]   | \n[Run Tests/python_tests]   | \n[Run Tests/python_tests]   | ======================================================================\n[Run Tests/python_tests]   | ERROR: test_list200 (test.Integration.test_cards_api.TestCardsApi)\n[Run Tests/python_tests]   | Test case for list\n[Run Tests/python_tests]   | ----------------------------------------------------------------------\n[Run Tests/python_tests]   | Traceback (most recent call last):\n[Run Tests/python_tests]   |   File \"/tmp/de65f406-fe28-11ed-a890-af2cc187fc11/lob-lob-python/test/Integration/test_cards_api.py\", line 143, in test_list200\n[Run Tests/python_tests]   |     card_1 = self.api.create(self.card_editable)\n[Run Tests/python_tests]   |   File \"/tmp/de65f406-fe28-11ed-a890-af2cc187fc11/lob-lob-python/lob_python/api/cards_api.py\", line 409, in create\n[Run Tests/python_tests]   |     return self.create_endpoint.call_with_http_info(**kwargs)\n[Run Tests/python_tests]   |   File \"/tmp/de65f406-fe28-11ed-a890-af2cc187fc11/lob-lob-python/lob_python/api_client.py\", line 867, in call_with_http_info\n[Run Tests/python_tests]   |     collection_formats=params['collection_format'])\n[Run Tests/python_tests]   |   File \"/tmp/de65f406-fe28-11ed-a890-af2cc187fc11/lob-lob-python/lob_python/api_client.py\", line 416, in call_api\n[Run Tests/python_tests]   |     _check_type)\n[Run Tests/python_tests]   |   File \"/tmp/de65f406-fe28-11ed-a890-af2cc187fc11/lob-lob-python/lob_python/api_client.py\", line 204, in __call_api\n[Run Tests/python_tests]   |     raise e\n[Run Tests/python_tests]   |   File \"/tmp/de65f406-fe28-11ed-a890-af2cc187fc11/lob-lob-python/lob_python/api_client.py\", line 201, in __call_api\n[Run Tests/python_tests]   |     _request_timeout=_request_timeout)\n[Run Tests/python_tests]   |   File \"/tmp/de65f406-fe28-11ed-a890-af2cc187fc11/lob-lob-python/lob_python/api_client.py\", line 462, in request\n[Run Tests/python_tests]   |     body=body)\n[Run Tests/python_tests]   |   File \"/tmp/de65f406-fe28-11ed-a890-af2cc187fc11/lob-lob-python/lob_python/rest.py\", line 290, in POST\n[Run Tests/python_tests]   |     body=body)\n[Run Tests/python_tests]   |   File \"/tmp/de65f406-fe28-11ed-a890-af2cc187fc11/lob-lob-python/lob_python/rest.py\", line 232, in request\n[Run Tests/python_tests]   |     raise UnauthorizedException(http_resp=r)\n[Run Tests/python_tests]   | lob_python.exceptions.UnauthorizedException: (401)\n[Run Tests/python_tests]   | Reason: Unauthorized\n[Run Tests/python_tests]   | HTTP response headers: HTTPHeaderDict({'Connection': 'keep-alive', 'Content-Length': '149', 'Content-Type': 'application/json; charset=utf-8', 'Access-Control-Allow-Credentials': 'true', 'Access-Control-Expose-Headers': 'WWW-Authenticate,Server-Authorization', 'Cache-Control': 'no-cache', 'Www-Authenticate': 'Basic error=\"HTTP authentication header missing username\"', 'Accept-Ranges': 'bytes', 'Date': 'Mon, 29 May 2023 14:58:33 GMT', 'Vary': 'origin', 'Strict-Transport-Security': 'max-age=300'})\n[Run Tests/python_tests]   | HTTP response body: {\n[Run Tests/python_tests]   |     \"error\": {\n[Run Tests/python_tests]   |         \"message\": \"HTTP authentication header missing username\",\n[Run Tests/python_tests]   |         \"status_code\": 401,\n[Run Tests/python_tests]   |         \"code\": \"unauthorized\"\n[Run Tests/python_tests]   |     }\n[Run Tests/python_tests]   | }\n[Run Tests/python_tests]   | \n[Run Tests/python_tests]   | \n[Run Tests/python_tests]   | ======================================================================\n[Run Tests/python_tests]   | ERROR: test_list422 (test.Integration.test_cards_api.TestCardsApi)\n[Run Tests/python_tests]   | Test case for list\n[Run Tests/python_tests]   | ----------------------------------------------------------------------\n[Run Tests/python_tests]   | Traceback (most recent call last):\n[Run Tests/python_tests]   |   File \"/tmp/de65f406-fe28-11ed-a890-af2cc187fc11/lob-lob-python/test/Integration/test_cards_api.py\", line 172, in test_list422\n[Run Tests/python_tests]   |     card_1 = self.api.create(self.card_editable)\n[Run Tests/python_tests]   |   File \"/tmp/de65f406-fe28-11ed-a890-af2cc187fc11/lob-lob-python/lob_python/api/cards_api.py\", line 409, in create\n[Run Tests/python_tests]   |     return self.create_endpoint.call_with_http_info(**kwargs)\n[Run Tests/python_tests]   |   File \"/tmp/de65f406-fe28-11ed-a890-af2cc187fc11/lob-lob-python/lob_python/api_client.py\", line 867, in call_with_http_info\n[Run Tests/python_tests]   |     collection_formats=params['collection_format'])\n[Run Tests/python_tests]   |   File \"/tmp/de65f406-fe28-11ed-a890-af2cc187fc11/lob-lob-python/lob_python/api_client.py\", line 416, in call_api\n[Run Tests/python_tests]   |     _check_type)\n[Run Tests/python_tests]   |   File \"/tmp/de65f406-fe28-11ed-a890-af2cc187fc11/lob-lob-python/lob_python/api_client.py\", line 204, in __call_api\n[Run Tests/python_tests]   |     raise e\n[Run Tests/python_tests]   |   File \"/tmp/de65f406-fe28-11ed-a890-af2cc187fc11/lob-lob-python/lob_python/api_client.py\", line 201, in __call_api\n[Run Tests/python_tests]   |     _request_timeout=_request_timeout)\n[Run Tests/python_tests]   |   File \"/tmp/de65f406-fe28-11ed-a890-af2cc187fc11/lob-lob-python/lob_python/api_client.py\", line 462, in request\n[Run Tests/python_tests]   |     body=body)\n[Run Tests/python_tests]   |   File \"/tmp/de65f406-fe28-11ed-a890-af2cc187fc11/lob-lob-python/lob_python/rest.py\", line 290, in POST\n[Run Tests/python_tests]   |     body=body)\n[Run Tests/python_tests]   |   File \"/tmp/de65f406-fe28-11ed-a890-af2cc187fc11/lob-lob-python/lob_python/rest.py\", line 232, in request\n[Run Tests/python_tests]   |     raise UnauthorizedException(http_resp=r)\n[Run Tests/python_tests]   | lob_python.exceptions.UnauthorizedException: (401)\n[Run Tests/python_tests]   | Reason: Unauthorized\n[Run Tests/python_tests]   | HTTP response headers: HTTPHeaderDict({'Connection': 'keep-alive', 'Content-Length': '149', 'Content-Type': 'application/json; charset=utf-8', 'Access-Control-Allow-Credentials': 'true', 'Access-Control-Expose-Headers': 'WWW-Authenticate,Server-Authorization', 'Cache-Control': 'no-cache', 'Www-Authenticate': 'Basic error=\"HTTP authentication header missing username\"', 'Accept-Ranges': 'bytes', 'Date': 'Mon, 29 May 2023 14:58:34 GMT', 'Vary': 'origin', 'Strict-Transport-Security': 'max-age=300'})\n[Run Tests/python_tests]   | HTTP response body: {\n[Run Tests/python_tests]   |     \"error\": {\n[Run Tests/python_tests]   |         \"message\": \"HTTP authentication header missing username\",\n[Run Tests/python_tests]   |         \"status_code\": 401,\n[Run Tests/python_tests]   |         \"code\": \"unauthorized\"\n[Run Tests/python_tests]   |     }\n[Run Tests/python_tests]   | }\n[Run Tests/python_tests]   | \n[Run Tests/python_tests]   | \n[Run Tests/python_tests]   | ======================================================================\n[Run Tests/python_tests]   | ERROR: test_update200 (test.Integration.test_cards_api.TestCardsApi)\n[Run Tests/python_tests]   | Test case for update\n[Run Tests/python_tests]   | ----------------------------------------------------------------------\n[Run Tests/python_tests]   | Traceback (most recent call last):\n[Run Tests/python_tests]   |   File \"/tmp/de65f406-fe28-11ed-a890-af2cc187fc11/lob-lob-python/test/Integration/test_cards_api.py\", line 113, in test_update200\n[Run Tests/python_tests]   |     created_card = self.api.create(self.card_editable)\n[Run Tests/python_tests]   |   File \"/tmp/de65f406-fe28-11ed-a890-af2cc187fc11/lob-lob-python/lob_python/api/cards_api.py\", line 409, in create\n[Run Tests/python_tests]   |     return self.create_endpoint.call_with_http_info(**kwargs)\n[Run Tests/python_tests]   |   File \"/tmp/de65f406-fe28-11ed-a890-af2cc187fc11/lob-lob-python/lob_python/api_client.py\", line 867, in call_with_http_info\n[Run Tests/python_tests]   |     collection_formats=params['collection_format'])\n[Run Tests/python_tests]   |   File \"/tmp/de65f406-fe28-11ed-a890-af2cc187fc11/lob-lob-python/lob_python/api_client.py\", line 416, in call_api\n[Run Tests/python_tests]   |     _check_type)\n[Run Tests/python_tests]   |   File \"/tmp/de65f406-fe28-11ed-a890-af2cc187fc11/lob-lob-python/lob_python/api_client.py\", line 204, in __call_api\n[Run Tests/python_tests]   |     raise e\n[Run Tests/python_tests]   |   File \"/tmp/de65f406-fe28-11ed-a890-af2cc187fc11/lob-lob-python/lob_python/api_client.py\", line 201, in __call_api\n[Run Tests/python_tests]   |     _request_timeout=_request_timeout)\n[Run Tests/python_tests]   |   File \"/tmp/de65f406-fe28-11ed-a890-af2cc187fc11/lob-lob-python/lob_python/api_client.py\", line 462, in request\n[Run Tests/python_tests]   |     body=body)\n[Run Tests/python_tests]   |   File \"/tmp/de65f406-fe28-11ed-a890-af2cc187fc11/lob-lob-python/lob_python/rest.py\", line 290, in POST\n[Run Tests/python_tests]   |     body=body)\n[Run Tests/python_tests]   |   File \"/tmp/de65f406-fe28-11ed-a890-af2cc187fc11/lob-lob-python/lob_python/rest.py\", line 232, in request\n[Run Tests/python_tests]   |     raise UnauthorizedException(http_resp=r)\n[Run Tests/python_tests]   | lob_python.exceptions.UnauthorizedException: (401)\n[Run Tests/python_tests]   | Reason: Unauthorized\n[Run Tests/python_tests]   | HTTP response headers: HTTPHeaderDict({'Connection': 'keep-alive', 'Content-Length': '149', 'Content-Type': 'application/json; charset=utf-8', 'Access-Control-Allow-Credentials': 'true', 'Access-Control-Expose-Headers': 'WWW-Authenticate,Server-Authorization', 'Cache-Control': 'no-cache', 'Www-Authenticate': 'Basic error=\"HTTP authentication header missing username\"', 'Accept-Ranges': 'bytes', 'Date': 'Mon, 29 May 2023 14:58:34 GMT', 'Vary': 'origin', 'Strict-Transport-Security': 'max-age=300'})\n[Run Tests/python_tests]   | HTTP response body: {\n[Run Tests/python_tests]   |     \"error\": {\n[Run Tests/python_tests]   |         \"message\": \"HTTP authentication header missing username\",\n[Run Tests/python_tests]   |         \"status_code\": 401,\n[Run Tests/python_tests]   |         \"code\": \"unauthorized\"\n[Run Tests/python_tests]   |     }\n[Run Tests/python_tests]   | }\n[Run Tests/python_tests]   | \n[Run Tests/python_tests]   | \n[Run Tests/python_tests]   | ======================================================================\n[Run Tests/python_tests]   | ERROR: setUpClass (test.Integration.test_checks_api.TestChecksApi)\n[Run Tests/python_tests]   | ----------------------------------------------------------------------\n[Run Tests/python_tests]   | Traceback (most recent call last):\n[Run Tests/python_tests]   |   File \"/tmp/de65f406-fe28-11ed-a890-af2cc187fc11/lob-lob-python/test/Integration/test_checks_api.py\", line 80, in setUpClass\n[Run Tests/python_tests]   |     created_bank = self.bank_api.create(self.bank_writable)\n[Run Tests/python_tests]   |   File \"/tmp/de65f406-fe28-11ed-a890-af2cc187fc11/lob-lob-python/lob_python/api/bank_accounts_api.py\", line 420, in create\n[Run Tests/python_tests]   |     return self.create_endpoint.call_with_http_info(**kwargs)\n[Run Tests/python_tests]   |   File \"/tmp/de65f406-fe28-11ed-a890-af2cc187fc11/lob-lob-python/lob_python/api_client.py\", line 867, in call_with_http_info\n[Run Tests/python_tests]   |     collection_formats=params['collection_format'])\n[Run Tests/python_tests]   |   File \"/tmp/de65f406-fe28-11ed-a890-af2cc187fc11/lob-lob-python/lob_python/api_client.py\", line 416, in call_api\n[Run Tests/python_tests]   |     _check_type)\n[Run Tests/python_tests]   |   File \"/tmp/de65f406-fe28-11ed-a890-af2cc187fc11/lob-lob-python/lob_python/api_client.py\", line 204, in __call_api\n[Run Tests/python_tests]   |     raise e\n[Run Tests/python_tests]   |   File \"/tmp/de65f406-fe28-11ed-a890-af2cc187fc11/lob-lob-python/lob_python/api_client.py\", line 201, in __call_api\n[Run Tests/python_tests]   |     _request_timeout=_request_timeout)\n[Run Tests/python_tests]   |   File \"/tmp/de65f406-fe28-11ed-a890-af2cc187fc11/lob-lob-python/lob_python/api_client.py\", line 462, in request\n[Run Tests/python_tests]   |     body=body)\n[Run Tests/python_tests]   |   File \"/tmp/de65f406-fe28-11ed-a890-af2cc187fc11/lob-lob-python/lob_python/rest.py\", line 290, in POST\n[Run Tests/python_tests]   |     body=body)\n[Run Tests/python_tests]   |   File \"/tmp/de65f406-fe28-11ed-a890-af2cc187fc11/lob-lob-python/lob_python/rest.py\", line 232, in request\n[Run Tests/python_tests]   |     raise UnauthorizedException(http_resp=r)\n[Run Tests/python_tests]   | lob_python.exceptions.UnauthorizedException: (401)\n[Run Tests/python_tests]   | Reason: Unauthorized\n[Run Tests/python_tests]   | HTTP response headers: HTTPHeaderDict({'Connection': 'keep-alive', 'Content-Length': '149', 'Content-Type': 'application/json; charset=utf-8', 'Access-Control-Allow-Credentials': 'true', 'Access-Control-Expose-Headers': 'WWW-Authenticate,Server-Authorization', 'Cache-Control': 'no-cache', 'Www-Authenticate': 'Basic error=\"HTTP authentication header missing username\"', 'Accept-Ranges': 'bytes', 'Date': 'Mon, 29 May 2023 14:58:35 GMT', 'Vary': 'origin', 'Strict-Transport-Security': 'max-age=300'})\n[Run Tests/python_tests]   | HTTP response body: {\n[Run Tests/python_tests]   |     \"error\": {\n[Run Tests/python_tests]   |         \"message\": \"HTTP authentication header missing username\",\n[Run Tests/python_tests]   |         \"status_code\": 401,\n[Run Tests/python_tests]   |         \"code\": \"unauthorized\"\n[Run Tests/python_tests]   |     }\n[Run Tests/python_tests]   | }\n[Run Tests/python_tests]   | \n[Run Tests/python_tests]   | \n[Run Tests/python_tests]   | ======================================================================\n[Run Tests/python_tests]   | ERROR: test_lookup_company (test.Integration.test_id_validation_api.TestIdentityValidationApi)\n[Run Tests/python_tests]   | Test case for identity_validation\n[Run Tests/python_tests]   | ----------------------------------------------------------------------\n[Run Tests/python_tests]   | Traceback (most recent call last):\n[Run Tests/python_tests]   |   File \"/tmp/de65f406-fe28-11ed-a890-af2cc187fc11/lob-lob-python/test/Integration/test_id_validation_api.py\", line 72, in test_lookup_company\n[Run Tests/python_tests]   |     idv = self.api.validate(mlAddr)\n[Run Tests/python_tests]   |   File \"/tmp/de65f406-fe28-11ed-a890-af2cc187fc11/lob-lob-python/lob_python/api/identity_validation_api.py\", line 172, in validate\n[Run Tests/python_tests]   |     return self.validate_endpoint.call_with_http_info(**kwargs)\n[Run Tests/python_tests]   |   File \"/tmp/de65f406-fe28-11ed-a890-af2cc187fc11/lob-lob-python/lob_python/api_client.py\", line 867, in call_with_http_info\n[Run Tests/python_tests]   |     collection_formats=params['collection_format'])\n[Run Tests/python_tests]   |   File \"/tmp/de65f406-fe28-11ed-a890-af2cc187fc11/lob-lob-python/lob_python/api_client.py\", line 416, in call_api\n[Run Tests/python_tests]   |     _check_type)\n[Run Tests/python_tests]   |   File \"/tmp/de65f406-fe28-11ed-a890-af2cc187fc11/lob-lob-python/lob_python/api_client.py\", line 204, in __call_api\n[Run Tests/python_tests]   |     raise e\n[Run Tests/python_tests]   |   File \"/tmp/de65f406-fe28-11ed-a890-af2cc187fc11/lob-lob-python/lob_python/api_client.py\", line 201, in __call_api\n[Run Tests/python_tests]   |     _request_timeout=_request_timeout)\n[Run Tests/python_tests]   |   File \"/tmp/de65f406-fe28-11ed-a890-af2cc187fc11/lob-lob-python/lob_python/api_client.py\", line 462, in request\n[Run Tests/python_tests]   |     body=body)\n[Run Tests/python_tests]   |   File \"/tmp/de65f406-fe28-11ed-a890-af2cc187fc11/lob-lob-python/lob_python/rest.py\", line 290, in POST\n[Run Tests/python_tests]   |     body=body)\n[Run Tests/python_tests]   |   File \"/tmp/de65f406-fe28-11ed-a890-af2cc187fc11/lob-lob-python/lob_python/rest.py\", line 232, in request\n[Run Tests/python_tests]   |     raise UnauthorizedException(http_resp=r)\n[Run Tests/python_tests]   | lob_python.exceptions.UnauthorizedException: (401)\n[Run Tests/python_tests]   | Reason: Unauthorized\n[Run Tests/python_tests]   | HTTP response headers: HTTPHeaderDict({'Connection': 'keep-alive', 'Content-Length': '149', 'Content-Type': 'application/json; charset=utf-8', 'Access-Control-Allow-Credentials': 'true', 'Access-Control-Expose-Headers': 'WWW-Authenticate,Server-Authorization', 'Cache-Control': 'no-cache', 'Www-Authenticate': 'Basic error=\"HTTP authentication header missing username\"', 'Accept-Ranges': 'bytes', 'Date': 'Mon, 29 May 2023 14:58:36 GMT', 'Vary': 'origin', 'Strict-Transport-Security': 'max-age=300'})\n[Run Tests/python_tests]   | HTTP response body: {\n[Run Tests/python_tests]   |     \"error\": {\n[Run Tests/python_tests]   |         \"message\": \"HTTP authentication header missing username\",\n[Run Tests/python_tests]   |         \"status_code\": 401,\n[Run Tests/python_tests]   |         \"code\": \"unauthorized\"\n[Run Tests/python_tests]   |     }\n[Run Tests/python_tests]   | }\n[Run Tests/python_tests]   | \n[Run Tests/python_tests]   | \n[Run Tests/python_tests]   | ======================================================================\n[Run Tests/python_tests]   | ERROR: test_lookup_recipient (test.Integration.test_id_validation_api.TestIdentityValidationApi)\n[Run Tests/python_tests]   | Test case for identity_validation\n[Run Tests/python_tests]   | ----------------------------------------------------------------------\n[Run Tests/python_tests]   | Traceback (most recent call last):\n[Run Tests/python_tests]   |   File \"/tmp/de65f406-fe28-11ed-a890-af2cc187fc11/lob-lob-python/test/Integration/test_id_validation_api.py\", line 54, in test_lookup_recipient\n[Run Tests/python_tests]   |     idv = self.api.validate(mlAddr)\n[Run Tests/python_tests]   |   File \"/tmp/de65f406-fe28-11ed-a890-af2cc187fc11/lob-lob-python/lob_python/api/identity_validation_api.py\", line 172, in validate\n[Run Tests/python_tests]   |     return self.validate_endpoint.call_with_http_info(**kwargs)\n[Run Tests/python_tests]   |   File \"/tmp/de65f406-fe28-11ed-a890-af2cc187fc11/lob-lob-python/lob_python/api_client.py\", line 867, in call_with_http_info\n[Run Tests/python_tests]   |     collection_formats=params['collection_format'])\n[Run Tests/python_tests]   |   File \"/tmp/de65f406-fe28-11ed-a890-af2cc187fc11/lob-lob-python/lob_python/api_client.py\", line 416, in call_api\n[Run Tests/python_tests]   |     _check_type)\n[Run Tests/python_tests]   |   File \"/tmp/de65f406-fe28-11ed-a890-af2cc187fc11/lob-lob-python/lob_python/api_client.py\", line 204, in __call_api\n[Run Tests/python_tests]   |     raise e\n[Run Tests/python_tests]   |   File \"/tmp/de65f406-fe28-11ed-a890-af2cc187fc11/lob-lob-python/lob_python/api_client.py\", line 201, in __call_api\n[Run Tests/python_tests]   |     _request_timeout=_request_timeout)\n[Run Tests/python_tests]   |   File \"/tmp/de65f406-fe28-11ed-a890-af2cc187fc11/lob-lob-python/lob_python/api_client.py\", line 462, in request\n[Run Tests/python_tests]   |     body=body)\n[Run Tests/python_tests]   |   File \"/tmp/de65f406-fe28-11ed-a890-af2cc187fc11/lob-lob-python/lob_python/rest.py\", line 290, in POST\n[Run Tests/python_tests]   |     body=body)\n[Run Tests/python_tests]   |   File \"/tmp/de65f406-fe28-11ed-a890-af2cc187fc11/lob-lob-python/lob_python/rest.py\", line 232, in request\n[Run Tests/python_tests]   |     raise UnauthorizedException(http_resp=r)\n[Run Tests/python_tests]   | lob_python.exceptions.UnauthorizedException: (401)\n[Run Tests/python_tests]   | Reason: Unauthorized\n[Run Tests/python_tests]   | HTTP response headers: HTTPHeaderDict({'Connection': 'keep-alive', 'Content-Length': '149', 'Content-Type': 'application/json; charset=utf-8', 'Access-Control-Allow-Credentials': 'true', 'Access-Control-Expose-Headers': 'WWW-Authenticate,Server-Authorization', 'Cache-Control': 'no-cache', 'Www-Authenticate': 'Basic error=\"HTTP authentication header missing username\"', 'Accept-Ranges': 'bytes', 'Date': 'Mon, 29 May 2023 14:58:38 GMT', 'Vary': 'origin', 'Strict-Transport-Security': 'max-age=300'})\n[Run Tests/python_tests]   | HTTP response body: {\n[Run Tests/python_tests]   |     \"error\": {\n[Run Tests/python_tests]   |         \"message\": \"HTTP authentication header missing username\",\n[Run Tests/python_tests]   |         \"status_code\": 401,\n[Run Tests/python_tests]   |         \"code\": \"unauthorized\"\n[Run Tests/python_tests]   |     }\n[Run Tests/python_tests]   | }\n[Run Tests/python_tests]   | \n[Run Tests/python_tests]   | \n[Run Tests/python_tests]   | ======================================================================\n[Run Tests/python_tests]   | ERROR: test_intl_autocompletion200 (test.Integration.test_intl_autocompletions_api.TestIntlAutocompletionsApi)\n[Run Tests/python_tests]   | Test case for autocomplete\n[Run Tests/python_tests]   | ----------------------------------------------------------------------\n[Run Tests/python_tests]   | Traceback (most recent call last):\n[Run Tests/python_tests]   |   File \"/tmp/de65f406-fe28-11ed-a890-af2cc187fc11/lob-lob-python/test/Integration/test_intl_autocompletions_api.py\", line 64, in test_intl_autocompletion200\n[Run Tests/python_tests]   |     autocompleted = self.api.autocomplete(self.valid_address)\n[Run Tests/python_tests]   |   File \"/tmp/de65f406-fe28-11ed-a890-af2cc187fc11/lob-lob-python/lob_python/api/intl_autocompletions_api.py\", line 184, in autocomplete\n[Run Tests/python_tests]   |     return self.autocomplete_endpoint.call_with_http_info(**kwargs)\n[Run Tests/python_tests]   |   File \"/tmp/de65f406-fe28-11ed-a890-af2cc187fc11/lob-lob-python/lob_python/api_client.py\", line 867, in call_with_http_info\n[Run Tests/python_tests]   |     collection_formats=params['collection_format'])\n[Run Tests/python_tests]   |   File \"/tmp/de65f406-fe28-11ed-a890-af2cc187fc11/lob-lob-python/lob_python/api_client.py\", line 416, in call_api\n[Run Tests/python_tests]   |     _check_type)\n[Run Tests/python_tests]   |   File \"/tmp/de65f406-fe28-11ed-a890-af2cc187fc11/lob-lob-python/lob_python/api_client.py\", line 204, in __call_api\n[Run Tests/python_tests]   |     raise e\n[Run Tests/python_tests]   |   File \"/tmp/de65f406-fe28-11ed-a890-af2cc187fc11/lob-lob-python/lob_python/api_client.py\", line 201, in __call_api\n[Run Tests/python_tests]   |     _request_timeout=_request_timeout)\n[Run Tests/python_tests]   |   File \"/tmp/de65f406-fe28-11ed-a890-af2cc187fc11/lob-lob-python/lob_python/api_client.py\", line 462, in request\n[Run Tests/python_tests]   |     body=body)\n[Run Tests/python_tests]   |   File \"/tmp/de65f406-fe28-11ed-a890-af2cc187fc11/lob-lob-python/lob_python/rest.py\", line 290, in POST\n[Run Tests/python_tests]   |     body=body)\n[Run Tests/python_tests]   |   File \"/tmp/de65f406-fe28-11ed-a890-af2cc187fc11/lob-lob-python/lob_python/rest.py\", line 232, in request\n[Run Tests/python_tests]   |     raise UnauthorizedException(http_resp=r)\n[Run Tests/python_tests]   | lob_python.exceptions.UnauthorizedException: (401)\n[Run Tests/python_tests]   | Reason: Unauthorized\n[Run Tests/python_tests]   | HTTP response headers: HTTPHeaderDict({'Connection': 'keep-alive', 'Content-Length': '149', 'Content-Type': 'application/json; charset=utf-8', 'Access-Control-Allow-Credentials': 'true', 'Access-Control-Expose-Headers': 'WWW-Authenticate,Server-Authorization', 'Cache-Control': 'no-cache', 'Www-Authenticate': 'Basic error=\"HTTP authentication header missing username\"', 'Accept-Ranges': 'bytes', 'Date': 'Mon, 29 May 2023 14:58:39 GMT', 'Vary': 'origin', 'Strict-Transport-Security': 'max-age=300'})\n[Run Tests/python_tests]   | HTTP response body: {\n[Run Tests/python_tests]   |     \"error\": {\n[Run Tests/python_tests]   |         \"message\": \"HTTP authentication header missing username\",\n[Run Tests/python_tests]   |         \"status_code\": 401,\n[Run Tests/python_tests]   |         \"code\": \"unauthorized\"\n[Run Tests/python_tests]   |     }\n[Run Tests/python_tests]   | }\n[Run Tests/python_tests]   | \n[Run Tests/python_tests]   | \n[Run Tests/python_tests]   | ======================================================================\n[Run Tests/python_tests]   | ERROR: test_intl_autocompletion_test_key_200 (test.Integration.test_intl_autocompletions_api.TestIntlAutocompletionsApi)\n[Run Tests/python_tests]   | Test case for autocomplete with test keys\n[Run Tests/python_tests]   | ----------------------------------------------------------------------\n[Run Tests/python_tests]   | Traceback (most recent call last):\n[Run Tests/python_tests]   |   File \"/tmp/de65f406-fe28-11ed-a890-af2cc187fc11/lob-lob-python/test/Integration/test_intl_autocompletions_api.py\", line 77, in test_intl_autocompletion_test_key_200\n[Run Tests/python_tests]   |     autocompleted = api.autocomplete(self.valid_address)\n[Run Tests/python_tests]   |   File \"/tmp/de65f406-fe28-11ed-a890-af2cc187fc11/lob-lob-python/lob_python/api/intl_autocompletions_api.py\", line 184, in autocomplete\n[Run Tests/python_tests]   |     return self.autocomplete_endpoint.call_with_http_info(**kwargs)\n[Run Tests/python_tests]   |   File \"/tmp/de65f406-fe28-11ed-a890-af2cc187fc11/lob-lob-python/lob_python/api_client.py\", line 867, in call_with_http_info\n[Run Tests/python_tests]   |     collection_formats=params['collection_format'])\n[Run Tests/python_tests]   |   File \"/tmp/de65f406-fe28-11ed-a890-af2cc187fc11/lob-lob-python/lob_python/api_client.py\", line 416, in call_api\n[Run Tests/python_tests]   |     _check_type)\n[Run Tests/python_tests]   |   File \"/tmp/de65f406-fe28-11ed-a890-af2cc187fc11/lob-lob-python/lob_python/api_client.py\", line 204, in __call_api\n[Run Tests/python_tests]   |     raise e\n[Run Tests/python_tests]   |   File \"/tmp/de65f406-fe28-11ed-a890-af2cc187fc11/lob-lob-python/lob_python/api_client.py\", line 201, in __call_api\n[Run Tests/python_tests]   |     _request_timeout=_request_timeout)\n[Run Tests/python_tests]   |   File \"/tmp/de65f406-fe28-11ed-a890-af2cc187fc11/lob-lob-python/lob_python/api_client.py\", line 462, in request\n[Run Tests/python_tests]   |     body=body)\n[Run Tests/python_tests]   |   File \"/tmp/de65f406-fe28-11ed-a890-af2cc187fc11/lob-lob-python/lob_python/rest.py\", line 290, in POST\n[Run Tests/python_tests]   |     body=body)\n[Run Tests/python_tests]   |   File \"/tmp/de65f406-fe28-11ed-a890-af2cc187fc11/lob-lob-python/lob_python/rest.py\", line 232, in request\n[Run Tests/python_tests]   |     raise UnauthorizedException(http_resp=r)\n[Run Tests/python_tests]   | lob_python.exceptions.UnauthorizedException: (401)\n[Run Tests/python_tests]   | Reason: Unauthorized\n[Run Tests/python_tests]   | HTTP response headers: HTTPHeaderDict({'Connection': 'keep-alive', 'Content-Length': '149', 'Content-Type': 'application/json; charset=utf-8', 'Access-Control-Allow-Credentials': 'true', 'Access-Control-Expose-Headers': 'WWW-Authenticate,Server-Authorization', 'Cache-Control': 'no-cache', 'Www-Authenticate': 'Basic error=\"HTTP authentication header missing username\"', 'Accept-Ranges': 'bytes', 'Date': 'Mon, 29 May 2023 14:58:40 GMT', 'Vary': 'origin', 'Strict-Transport-Security': 'max-age=300'})\n[Run Tests/python_tests]   | HTTP response body: {\n[Run Tests/python_tests]   |     \"error\": {\n[Run Tests/python_tests]   |         \"message\": \"HTTP authentication header missing username\",\n[Run Tests/python_tests]   |         \"status_code\": 401,\n[Run Tests/python_tests]   |         \"code\": \"unauthorized\"\n[Run Tests/python_tests]   |     }\n[Run Tests/python_tests]   | }\n[Run Tests/python_tests]   | \n[Run Tests/python_tests]   | \n[Run Tests/python_tests]   | ======================================================================\n[Run Tests/python_tests]   | ERROR: test_verifyBulk_valid_addresses (test.Integration.test_intl_verifications_api.TestIntlVerificationsApi)\n[Run Tests/python_tests]   | Test case for verifyBulk\n[Run Tests/python_tests]   | ----------------------------------------------------------------------\n[Run Tests/python_tests]   | Traceback (most recent call last):\n[Run Tests/python_tests]   |   File \"/tmp/de65f406-fe28-11ed-a890-af2cc187fc11/lob-lob-python/test/Integration/test_intl_verifications_api.py\", line 95, in test_verifyBulk_valid_addresses\n[Run Tests/python_tests]   |     verified_list = self.api.verifyBulk(self.address_list)\n[Run Tests/python_tests]   |   File \"/tmp/de65f406-fe28-11ed-a890-af2cc187fc11/lob-lob-python/lob_python/api/intl_verifications_api.py\", line 238, in verifyBulk\n[Run Tests/python_tests]   |     return self.verifyBulk_endpoint.call_with_http_info(**kwargs)\n[Run Tests/python_tests]   |   File \"/tmp/de65f406-fe28-11ed-a890-af2cc187fc11/lob-lob-python/lob_python/api_client.py\", line 867, in call_with_http_info\n[Run Tests/python_tests]   |     collection_formats=params['collection_format'])\n[Run Tests/python_tests]   |   File \"/tmp/de65f406-fe28-11ed-a890-af2cc187fc11/lob-lob-python/lob_python/api_client.py\", line 416, in call_api\n[Run Tests/python_tests]   |     _check_type)\n[Run Tests/python_tests]   |   File \"/tmp/de65f406-fe28-11ed-a890-af2cc187fc11/lob-lob-python/lob_python/api_client.py\", line 204, in __call_api\n[Run Tests/python_tests]   |     raise e\n[Run Tests/python_tests]   |   File \"/tmp/de65f406-fe28-11ed-a890-af2cc187fc11/lob-lob-python/lob_python/api_client.py\", line 201, in __call_api\n[Run Tests/python_tests]   |     _request_timeout=_request_timeout)\n[Run Tests/python_tests]   |   File \"/tmp/de65f406-fe28-11ed-a890-af2cc187fc11/lob-lob-python/lob_python/api_client.py\", line 462, in request\n[Run Tests/python_tests]   |     body=body)\n[Run Tests/python_tests]   |   File \"/tmp/de65f406-fe28-11ed-a890-af2cc187fc11/lob-lob-python/lob_python/rest.py\", line 290, in POST\n[Run Tests/python_tests]   |     body=body)\n[Run Tests/python_tests]   |   File \"/tmp/de65f406-fe28-11ed-a890-af2cc187fc11/lob-lob-python/lob_python/rest.py\", line 232, in request\n[Run Tests/python_tests]   |     raise UnauthorizedException(http_resp=r)\n[Run Tests/python_tests]   | lob_python.exceptions.UnauthorizedException: (401)\n[Run Tests/python_tests]   | Reason: Unauthorized\n[Run Tests/python_tests]   | HTTP response headers: HTTPHeaderDict({'Connection': 'keep-alive', 'Content-Length': '149', 'Content-Type': 'application/json; charset=utf-8', 'Access-Control-Allow-Credentials': 'true', 'Access-Control-Expose-Headers': 'WWW-Authenticate,Server-Authorization', 'Cache-Control': 'no-cache', 'Www-Authenticate': 'Basic error=\"HTTP authentication header missing username\"', 'Accept-Ranges': 'bytes', 'Date': 'Mon, 29 May 2023 14:58:43 GMT', 'Vary': 'origin', 'Strict-Transport-Security': 'max-age=300'})\n[Run Tests/python_tests]   | HTTP response body: {\n[Run Tests/python_tests]   |     \"error\": {\n[Run Tests/python_tests]   |         \"message\": \"HTTP authentication header missing username\",\n[Run Tests/python_tests]   |         \"status_code\": 401,\n[Run Tests/python_tests]   |         \"code\": \"unauthorized\"\n[Run Tests/python_tests]   |     }\n[Run Tests/python_tests]   | }\n[Run Tests/python_tests]   | \n[Run Tests/python_tests]   | \n[Run Tests/python_tests]   | ======================================================================\n[Run Tests/python_tests]   | ERROR: test_verifySingle_deliverable (test.Integration.test_intl_verifications_api.TestIntlVerificationsApi)\n[Run Tests/python_tests]   | Test case for verifySingle\n[Run Tests/python_tests]   | ----------------------------------------------------------------------\n[Run Tests/python_tests]   | Traceback (most recent call last):\n[Run Tests/python_tests]   |   File \"/tmp/de65f406-fe28-11ed-a890-af2cc187fc11/lob-lob-python/test/Integration/test_intl_verifications_api.py\", line 115, in test_verifySingle_deliverable\n[Run Tests/python_tests]   |     verified_address = self.api.verifySingle(self.valid_address)\n[Run Tests/python_tests]   |   File \"/tmp/de65f406-fe28-11ed-a890-af2cc187fc11/lob-lob-python/lob_python/api/intl_verifications_api.py\", line 317, in verifySingle\n[Run Tests/python_tests]   |     return self.verifySingle_endpoint.call_with_http_info(**kwargs)\n[Run Tests/python_tests]   |   File \"/tmp/de65f406-fe28-11ed-a890-af2cc187fc11/lob-lob-python/lob_python/api_client.py\", line 867, in call_with_http_info\n[Run Tests/python_tests]   |     collection_formats=params['collection_format'])\n[Run Tests/python_tests]   |   File \"/tmp/de65f406-fe28-11ed-a890-af2cc187fc11/lob-lob-python/lob_python/api_client.py\", line 416, in call_api\n[Run Tests/python_tests]   |     _check_type)\n[Run Tests/python_tests]   |   File \"/tmp/de65f406-fe28-11ed-a890-af2cc187fc11/lob-lob-python/lob_python/api_client.py\", line 204, in __call_api\n[Run Tests/python_tests]   |     raise e\n[Run Tests/python_tests]   |   File \"/tmp/de65f406-fe28-11ed-a890-af2cc187fc11/lob-lob-python/lob_python/api_client.py\", line 201, in __call_api\n[Run Tests/python_tests]   |     _request_timeout=_request_timeout)\n[Run Tests/python_tests]   |   File \"/tmp/de65f406-fe28-11ed-a890-af2cc187fc11/lob-lob-python/lob_python/api_client.py\", line 462, in request\n[Run Tests/python_tests]   |     body=body)\n[Run Tests/python_tests]   |   File \"/tmp/de65f406-fe28-11ed-a890-af2cc187fc11/lob-lob-python/lob_python/rest.py\", line 290, in POST\n[Run Tests/python_tests]   |     body=body)\n[Run Tests/python_tests]   |   File \"/tmp/de65f406-fe28-11ed-a890-af2cc187fc11/lob-lob-python/lob_python/rest.py\", line 232, in request\n[Run Tests/python_tests]   |     raise UnauthorizedException(http_resp=r)\n[Run Tests/python_tests]   | lob_python.exceptions.UnauthorizedException: (401)\n[Run Tests/python_tests]   | Reason: Unauthorized\n[Run Tests/python_tests]   | HTTP response headers: HTTPHeaderDict({'Connection': 'keep-alive', 'Content-Length': '149', 'Content-Type': 'application/json; charset=utf-8', 'Access-Control-Allow-Credentials': 'true', 'Access-Control-Expose-Headers': 'WWW-Authenticate,Server-Authorization', 'Cache-Control': 'no-cache', 'Www-Authenticate': 'Basic error=\"HTTP authentication header missing username\"', 'Accept-Ranges': 'bytes', 'Date': 'Mon, 29 May 2023 14:58:43 GMT', 'Vary': 'origin', 'Strict-Transport-Security': 'max-age=300'})\n[Run Tests/python_tests]   | HTTP response body: {\n[Run Tests/python_tests]   |     \"error\": {\n[Run Tests/python_tests]   |         \"message\": \"HTTP authentication header missing username\",\n[Run Tests/python_tests]   |         \"status_code\": 401,\n[Run Tests/python_tests]   |         \"code\": \"unauthorized\"\n[Run Tests/python_tests]   |     }\n[Run Tests/python_tests]   | }\n[Run Tests/python_tests]   | \n[Run Tests/python_tests]   | \n[Run Tests/python_tests]   | ======================================================================\n[Run Tests/python_tests]   | ERROR: test_verifySingle_undeliverable (test.Integration.test_intl_verifications_api.TestIntlVerificationsApi)\n[Run Tests/python_tests]   | Test case for verifySingle\n[Run Tests/python_tests]   | ----------------------------------------------------------------------\n[Run Tests/python_tests]   | Traceback (most recent call last):\n[Run Tests/python_tests]   |   File \"/tmp/de65f406-fe28-11ed-a890-af2cc187fc11/lob-lob-python/test/Integration/test_intl_verifications_api.py\", line 123, in test_verifySingle_undeliverable\n[Run Tests/python_tests]   |     verified_address = self.api.verifySingle(self.invalid_address)\n[Run Tests/python_tests]   |   File \"/tmp/de65f406-fe28-11ed-a890-af2cc187fc11/lob-lob-python/lob_python/api/intl_verifications_api.py\", line 317, in verifySingle\n[Run Tests/python_tests]   |     return self.verifySingle_endpoint.call_with_http_info(**kwargs)\n[Run Tests/python_tests]   |   File \"/tmp/de65f406-fe28-11ed-a890-af2cc187fc11/lob-lob-python/lob_python/api_client.py\", line 867, in call_with_http_info\n[Run Tests/python_tests]   |     collection_formats=params['collection_format'])\n[Run Tests/python_tests]   |   File \"/tmp/de65f406-fe28-11ed-a890-af2cc187fc11/lob-lob-python/lob_python/api_client.py\", line 416, in call_api\n[Run Tests/python_tests]   |     _check_type)\n[Run Tests/python_tests]   |   File \"/tmp/de65f406-fe28-11ed-a890-af2cc187fc11/lob-lob-python/lob_python/api_client.py\", line 204, in __call_api\n[Run Tests/python_tests]   |     raise e\n[Run Tests/python_tests]   |   File \"/tmp/de65f406-fe28-11ed-a890-af2cc187fc11/lob-lob-python/lob_python/api_client.py\", line 201, in __call_api\n[Run Tests/python_tests]   |     _request_timeout=_request_timeout)\n[Run Tests/python_tests]   |   File \"/tmp/de65f406-fe28-11ed-a890-af2cc187fc11/lob-lob-python/lob_python/api_client.py\", line 462, in request\n[Run Tests/python_tests]   |     body=body)\n[Run Tests/python_tests]   |   File \"/tmp/de65f406-fe28-11ed-a890-af2cc187fc11/lob-lob-python/lob_python/rest.py\", line 290, in POST\n[Run Tests/python_tests]   |     body=body)\n[Run Tests/python_tests]   |   File \"/tmp/de65f406-fe28-11ed-a890-af2cc187fc11/lob-lob-python/lob_python/rest.py\", line 232, in request\n[Run Tests/python_tests]   |     raise UnauthorizedException(http_resp=r)\n[Run Tests/python_tests]   | lob_python.exceptions.UnauthorizedException: (401)\n[Run Tests/python_tests]   | Reason: Unauthorized\n[Run Tests/python_tests]   | HTTP response headers: HTTPHeaderDict({'Connection': 'keep-alive', 'Content-Length': '149', 'Content-Type': 'application/json; charset=utf-8', 'Access-Control-Allow-Credentials': 'true', 'Access-Control-Expose-Headers': 'WWW-Authenticate,Server-Authorization', 'Cache-Control': 'no-cache', 'Www-Authenticate': 'Basic error=\"HTTP authentication header missing username\"', 'Accept-Ranges': 'bytes', 'Date': 'Mon, 29 May 2023 14:58:43 GMT', 'Vary': 'origin', 'Strict-Transport-Security': 'max-age=300'})\n[Run Tests/python_tests]   | HTTP response body: {\n[Run Tests/python_tests]   |     \"error\": {\n[Run Tests/python_tests]   |         \"message\": \"HTTP authentication header missing username\",\n[Run Tests/python_tests]   |         \"status_code\": 401,\n[Run Tests/python_tests]   |         \"code\": \"unauthorized\"\n[Run Tests/python_tests]   |     }\n[Run Tests/python_tests]   | }\n[Run Tests/python_tests]   | \n[Run Tests/python_tests]   | \n[Run Tests/python_tests]   | ======================================================================\n[Run Tests/python_tests]   | ERROR: test_create200 (test.Integration.test_letters_api.TestLettersApi)\n[Run Tests/python_tests]   | Test case for create\n[Run Tests/python_tests]   | ----------------------------------------------------------------------\n[Run Tests/python_tests]   | Traceback (most recent call last):\n[Run Tests/python_tests]   |   File \"/tmp/de65f406-fe28-11ed-a890-af2cc187fc11/lob-lob-python/test/Integration/test_letters_api.py\", line 175, in test_create200\n[Run Tests/python_tests]   |     created_letter = self.api.create(self.regular_letter)\n[Run Tests/python_tests]   |   File \"/tmp/de65f406-fe28-11ed-a890-af2cc187fc11/lob-lob-python/lob_python/api/letters_api.py\", line 474, in create\n[Run Tests/python_tests]   |     return self.create_endpoint.call_with_http_info(**kwargs)\n[Run Tests/python_tests]   |   File \"/tmp/de65f406-fe28-11ed-a890-af2cc187fc11/lob-lob-python/lob_python/api_client.py\", line 867, in call_with_http_info\n[Run Tests/python_tests]   |     collection_formats=params['collection_format'])\n[Run Tests/python_tests]   |   File \"/tmp/de65f406-fe28-11ed-a890-af2cc187fc11/lob-lob-python/lob_python/api_client.py\", line 416, in call_api\n[Run Tests/python_tests]   |     _check_type)\n[Run Tests/python_tests]   |   File \"/tmp/de65f406-fe28-11ed-a890-af2cc187fc11/lob-lob-python/lob_python/api_client.py\", line 204, in __call_api\n[Run Tests/python_tests]   |     raise e\n[Run Tests/python_tests]   |   File \"/tmp/de65f406-fe28-11ed-a890-af2cc187fc11/lob-lob-python/lob_python/api_client.py\", line 201, in __call_api\n[Run Tests/python_tests]   |     _request_timeout=_request_timeout)\n[Run Tests/python_tests]   |   File \"/tmp/de65f406-fe28-11ed-a890-af2cc187fc11/lob-lob-python/lob_python/api_client.py\", line 462, in request\n[Run Tests/python_tests]   |     body=body)\n[Run Tests/python_tests]   |   File \"/tmp/de65f406-fe28-11ed-a890-af2cc187fc11/lob-lob-python/lob_python/rest.py\", line 290, in POST\n[Run Tests/python_tests]   |     body=body)\n[Run Tests/python_tests]   |   File \"/tmp/de65f406-fe28-11ed-a890-af2cc187fc11/lob-lob-python/lob_python/rest.py\", line 232, in request\n[Run Tests/python_tests]   |     raise UnauthorizedException(http_resp=r)\n[Run Tests/python_tests]   | lob_python.exceptions.UnauthorizedException: (401)\n[Run Tests/python_tests]   | Reason: Unauthorized\n[Run Tests/python_tests]   | HTTP response headers: HTTPHeaderDict({'Connection': 'keep-alive', 'Content-Length': '149', 'Content-Type': 'application/json; charset=utf-8', 'Access-Control-Allow-Credentials': 'true', 'Access-Control-Expose-Headers': 'WWW-Authenticate,Server-Authorization', 'Cache-Control': 'no-cache', 'Www-Authenticate': 'Basic error=\"HTTP authentication header missing username\"', 'Accept-Ranges': 'bytes', 'Date': 'Mon, 29 May 2023 14:58:44 GMT', 'Vary': 'origin', 'Strict-Transport-Security': 'max-age=300'})\n[Run Tests/python_tests]   | HTTP response body: {\n[Run Tests/python_tests]   |     \"error\": {\n[Run Tests/python_tests]   |         \"message\": \"HTTP authentication header missing username\",\n[Run Tests/python_tests]   |         \"status_code\": 401,\n[Run Tests/python_tests]   |         \"code\": \"unauthorized\"\n[Run Tests/python_tests]   |     }\n[Run Tests/python_tests]   | }\n[Run Tests/python_tests]   | \n[Run Tests/python_tests]   | \n[Run Tests/python_tests]   | ======================================================================\n[Run Tests/python_tests]   | ERROR: test_create_certified200 (test.Integration.test_letters_api.TestLettersApi)\n[Run Tests/python_tests]   | Test case for create\n[Run Tests/python_tests]   | ----------------------------------------------------------------------\n[Run Tests/python_tests]   | Traceback (most recent call last):\n[Run Tests/python_tests]   |   File \"/tmp/de65f406-fe28-11ed-a890-af2cc187fc11/lob-lob-python/test/Integration/test_letters_api.py\", line 193, in test_create_certified200\n[Run Tests/python_tests]   |     created_letter = self.api.create(self.certified_letter)\n[Run Tests/python_tests]   |   File \"/tmp/de65f406-fe28-11ed-a890-af2cc187fc11/lob-lob-python/lob_python/api/letters_api.py\", line 474, in create\n[Run Tests/python_tests]   |     return self.create_endpoint.call_with_http_info(**kwargs)\n[Run Tests/python_tests]   |   File \"/tmp/de65f406-fe28-11ed-a890-af2cc187fc11/lob-lob-python/lob_python/api_client.py\", line 867, in call_with_http_info\n[Run Tests/python_tests]   |     collection_formats=params['collection_format'])\n[Run Tests/python_tests]   |   File \"/tmp/de65f406-fe28-11ed-a890-af2cc187fc11/lob-lob-python/lob_python/api_client.py\", line 416, in call_api\n[Run Tests/python_tests]   |     _check_type)\n[Run Tests/python_tests]   |   File \"/tmp/de65f406-fe28-11ed-a890-af2cc187fc11/lob-lob-python/lob_python/api_client.py\", line 204, in __call_api\n[Run Tests/python_tests]   |     raise e\n[Run Tests/python_tests]   |   File \"/tmp/de65f406-fe28-11ed-a890-af2cc187fc11/lob-lob-python/lob_python/api_client.py\", line 201, in __call_api\n[Run Tests/python_tests]   |     _request_timeout=_request_timeout)\n[Run Tests/python_tests]   |   File \"/tmp/de65f406-fe28-11ed-a890-af2cc187fc11/lob-lob-python/lob_python/api_client.py\", line 462, in request\n[Run Tests/python_tests]   |     body=body)\n[Run Tests/python_tests]   |   File \"/tmp/de65f406-fe28-11ed-a890-af2cc187fc11/lob-lob-python/lob_python/rest.py\", line 290, in POST\n[Run Tests/python_tests]   |     body=body)\n[Run Tests/python_tests]   |   File \"/tmp/de65f406-fe28-11ed-a890-af2cc187fc11/lob-lob-python/lob_python/rest.py\", line 232, in request\n[Run Tests/python_tests]   |     raise UnauthorizedException(http_resp=r)\n[Run Tests/python_tests]   | lob_python.exceptions.UnauthorizedException: (401)\n[Run Tests/python_tests]   | Reason: Unauthorized\n[Run Tests/python_tests]   | HTTP response headers: HTTPHeaderDict({'Connection': 'keep-alive', 'Content-Length': '149', 'Content-Type': 'application/json; charset=utf-8', 'Access-Control-Allow-Credentials': 'true', 'Access-Control-Expose-Headers': 'WWW-Authenticate,Server-Authorization', 'Cache-Control': 'no-cache', 'Www-Authenticate': 'Basic error=\"HTTP authentication header missing username\"', 'Accept-Ranges': 'bytes', 'Date': 'Mon, 29 May 2023 14:58:46 GMT', 'Vary': 'origin', 'Strict-Transport-Security': 'max-age=300'})\n[Run Tests/python_tests]   | HTTP response body: {\n[Run Tests/python_tests]   |     \"error\": {\n[Run Tests/python_tests]   |         \"message\": \"HTTP authentication header missing username\",\n[Run Tests/python_tests]   |         \"status_code\": 401,\n[Run Tests/python_tests]   |         \"code\": \"unauthorized\"\n[Run Tests/python_tests]   |     }\n[Run Tests/python_tests]   | }\n[Run Tests/python_tests]   | \n[Run Tests/python_tests]   | \n[Run Tests/python_tests]   | ======================================================================\n[Run Tests/python_tests]   | ERROR: test_create_full200 (test.Integration.test_letters_api.TestLettersApi)\n[Run Tests/python_tests]   | Test case for create\n[Run Tests/python_tests]   | ----------------------------------------------------------------------\n[Run Tests/python_tests]   | Traceback (most recent call last):\n[Run Tests/python_tests]   |   File \"/tmp/de65f406-fe28-11ed-a890-af2cc187fc11/lob-lob-python/test/Integration/test_letters_api.py\", line 184, in test_create_full200\n[Run Tests/python_tests]   |     created_letter = self.api.create(self.full_letter)\n[Run Tests/python_tests]   |   File \"/tmp/de65f406-fe28-11ed-a890-af2cc187fc11/lob-lob-python/lob_python/api/letters_api.py\", line 474, in create\n[Run Tests/python_tests]   |     return self.create_endpoint.call_with_http_info(**kwargs)\n[Run Tests/python_tests]   |   File \"/tmp/de65f406-fe28-11ed-a890-af2cc187fc11/lob-lob-python/lob_python/api_client.py\", line 867, in call_with_http_info\n[Run Tests/python_tests]   |     collection_formats=params['collection_format'])\n[Run Tests/python_tests]   |   File \"/tmp/de65f406-fe28-11ed-a890-af2cc187fc11/lob-lob-python/lob_python/api_client.py\", line 416, in call_api\n[Run Tests/python_tests]   |     _check_type)\n[Run Tests/python_tests]   |   File \"/tmp/de65f406-fe28-11ed-a890-af2cc187fc11/lob-lob-python/lob_python/api_client.py\", line 204, in __call_api\n[Run Tests/python_tests]   |     raise e\n[Run Tests/python_tests]   |   File \"/tmp/de65f406-fe28-11ed-a890-af2cc187fc11/lob-lob-python/lob_python/api_client.py\", line 201, in __call_api\n[Run Tests/python_tests]   |     _request_timeout=_request_timeout)\n[Run Tests/python_tests]   |   File \"/tmp/de65f406-fe28-11ed-a890-af2cc187fc11/lob-lob-python/lob_python/api_client.py\", line 462, in request\n[Run Tests/python_tests]   |     body=body)\n[Run Tests/python_tests]   |   File \"/tmp/de65f406-fe28-11ed-a890-af2cc187fc11/lob-lob-python/lob_python/rest.py\", line 290, in POST\n[Run Tests/python_tests]   |     body=body)\n[Run Tests/python_tests]   |   File \"/tmp/de65f406-fe28-11ed-a890-af2cc187fc11/lob-lob-python/lob_python/rest.py\", line 232, in request\n[Run Tests/python_tests]   |     raise UnauthorizedException(http_resp=r)\n[Run Tests/python_tests]   | lob_python.exceptions.UnauthorizedException: (401)\n[Run Tests/python_tests]   | Reason: Unauthorized\n[Run Tests/python_tests]   | HTTP response headers: HTTPHeaderDict({'Connection': 'keep-alive', 'Content-Length': '149', 'Content-Type': 'application/json; charset=utf-8', 'Access-Control-Allow-Credentials': 'true', 'Access-Control-Expose-Headers': 'WWW-Authenticate,Server-Authorization', 'Cache-Control': 'no-cache', 'Www-Authenticate': 'Basic error=\"HTTP authentication header missing username\"', 'Accept-Ranges': 'bytes', 'Date': 'Mon, 29 May 2023 14:58:46 GMT', 'Vary': 'origin', 'Strict-Transport-Security': 'max-age=300'})\n[Run Tests/python_tests]   | HTTP response body: {\n[Run Tests/python_tests]   |     \"error\": {\n[Run Tests/python_tests]   |         \"message\": \"HTTP authentication header missing username\",\n[Run Tests/python_tests]   |         \"status_code\": 401,\n[Run Tests/python_tests]   |         \"code\": \"unauthorized\"\n[Run Tests/python_tests]   |     }\n[Run Tests/python_tests]   | }\n[Run Tests/python_tests]   | \n[Run Tests/python_tests]   | \n[Run Tests/python_tests]   | ======================================================================\n[Run Tests/python_tests]   | ERROR: test_create_registered200 (test.Integration.test_letters_api.TestLettersApi)\n[Run Tests/python_tests]   | Test case for create\n[Run Tests/python_tests]   | ----------------------------------------------------------------------\n[Run Tests/python_tests]   | Traceback (most recent call last):\n[Run Tests/python_tests]   |   File \"/tmp/de65f406-fe28-11ed-a890-af2cc187fc11/lob-lob-python/test/Integration/test_letters_api.py\", line 202, in test_create_registered200\n[Run Tests/python_tests]   |     created_letter = self.api.create(self.registered_letter)\n[Run Tests/python_tests]   |   File \"/tmp/de65f406-fe28-11ed-a890-af2cc187fc11/lob-lob-python/lob_python/api/letters_api.py\", line 474, in create\n[Run Tests/python_tests]   |     return self.create_endpoint.call_with_http_info(**kwargs)\n[Run Tests/python_tests]   |   File \"/tmp/de65f406-fe28-11ed-a890-af2cc187fc11/lob-lob-python/lob_python/api_client.py\", line 867, in call_with_http_info\n[Run Tests/python_tests]   |     collection_formats=params['collection_format'])\n[Run Tests/python_tests]   |   File \"/tmp/de65f406-fe28-11ed-a890-af2cc187fc11/lob-lob-python/lob_python/api_client.py\", line 416, in call_api\n[Run Tests/python_tests]   |     _check_type)\n[Run Tests/python_tests]   |   File \"/tmp/de65f406-fe28-11ed-a890-af2cc187fc11/lob-lob-python/lob_python/api_client.py\", line 204, in __call_api\n[Run Tests/python_tests]   |     raise e\n[Run Tests/python_tests]   |   File \"/tmp/de65f406-fe28-11ed-a890-af2cc187fc11/lob-lob-python/lob_python/api_client.py\", line 201, in __call_api\n[Run Tests/python_tests]   |     _request_timeout=_request_timeout)\n[Run Tests/python_tests]   |   File \"/tmp/de65f406-fe28-11ed-a890-af2cc187fc11/lob-lob-python/lob_python/api_client.py\", line 462, in request\n[Run Tests/python_tests]   |     body=body)\n[Run Tests/python_tests]   |   File \"/tmp/de65f406-fe28-11ed-a890-af2cc187fc11/lob-lob-python/lob_python/rest.py\", line 290, in POST\n[Run Tests/python_tests]   |     body=body)\n[Run Tests/python_tests]   |   File \"/tmp/de65f406-fe28-11ed-a890-af2cc187fc11/lob-lob-python/lob_python/rest.py\", line 232, in request\n[Run Tests/python_tests]   |     raise UnauthorizedException(http_resp=r)\n[Run Tests/python_tests]   | lob_python.exceptions.UnauthorizedException: (401)\n[Run Tests/python_tests]   | Reason: Unauthorized\n[Run Tests/python_tests]   | HTTP response headers: HTTPHeaderDict({'Connection': 'keep-alive', 'Content-Length': '149', 'Content-Type': 'application/json; charset=utf-8', 'Access-Control-Allow-Credentials': 'true', 'Access-Control-Expose-Headers': 'WWW-Authenticate,Server-Authorization', 'Cache-Control': 'no-cache', 'Www-Authenticate': 'Basic error=\"HTTP authentication header missing username\"', 'Accept-Ranges': 'bytes', 'Date': 'Mon, 29 May 2023 14:58:46 GMT', 'Vary': 'origin', 'Strict-Transport-Security': 'max-age=300'})\n[Run Tests/python_tests]   | HTTP response body: {\n[Run Tests/python_tests]   |     \"error\": {\n[Run Tests/python_tests]   |         \"message\": \"HTTP authentication header missing username\",\n[Run Tests/python_tests]   |         \"status_code\": 401,\n[Run Tests/python_tests]   |         \"code\": \"unauthorized\"\n[Run Tests/python_tests]   |     }\n[Run Tests/python_tests]   | }\n[Run Tests/python_tests]   | \n[Run Tests/python_tests]   | \n[Run Tests/python_tests]   | ======================================================================\n[Run Tests/python_tests]   | ERROR: test_delete200 (test.Integration.test_letters_api.TestLettersApi)\n[Run Tests/python_tests]   | Test case for delete\n[Run Tests/python_tests]   | ----------------------------------------------------------------------\n[Run Tests/python_tests]   | Traceback (most recent call last):\n[Run Tests/python_tests]   |   File \"/tmp/de65f406-fe28-11ed-a890-af2cc187fc11/lob-lob-python/test/Integration/test_letters_api.py\", line 400, in test_delete200\n[Run Tests/python_tests]   |     created_letter = self.api.create(self.regular_letter)\n[Run Tests/python_tests]   |   File \"/tmp/de65f406-fe28-11ed-a890-af2cc187fc11/lob-lob-python/lob_python/api/letters_api.py\", line 474, in create\n[Run Tests/python_tests]   |     return self.create_endpoint.call_with_http_info(**kwargs)\n[Run Tests/python_tests]   |   File \"/tmp/de65f406-fe28-11ed-a890-af2cc187fc11/lob-lob-python/lob_python/api_client.py\", line 867, in call_with_http_info\n[Run Tests/python_tests]   |     collection_formats=params['collection_format'])\n[Run Tests/python_tests]   |   File \"/tmp/de65f406-fe28-11ed-a890-af2cc187fc11/lob-lob-python/lob_python/api_client.py\", line 416, in call_api\n[Run Tests/python_tests]   |     _check_type)\n[Run Tests/python_tests]   |   File \"/tmp/de65f406-fe28-11ed-a890-af2cc187fc11/lob-lob-python/lob_python/api_client.py\", line 204, in __call_api\n[Run Tests/python_tests]   |     raise e\n[Run Tests/python_tests]   |   File \"/tmp/de65f406-fe28-11ed-a890-af2cc187fc11/lob-lob-python/lob_python/api_client.py\", line 201, in __call_api\n[Run Tests/python_tests]   |     _request_timeout=_request_timeout)\n[Run Tests/python_tests]   |   File \"/tmp/de65f406-fe28-11ed-a890-af2cc187fc11/lob-lob-python/lob_python/api_client.py\", line 462, in request\n[Run Tests/python_tests]   |     body=body)\n[Run Tests/python_tests]   |   File \"/tmp/de65f406-fe28-11ed-a890-af2cc187fc11/lob-lob-python/lob_python/rest.py\", line 290, in POST\n[Run Tests/python_tests]   |     body=body)\n[Run Tests/python_tests]   |   File \"/tmp/de65f406-fe28-11ed-a890-af2cc187fc11/lob-lob-python/lob_python/rest.py\", line 232, in request\n[Run Tests/python_tests]   |     raise UnauthorizedException(http_resp=r)\n[Run Tests/python_tests]   | lob_python.exceptions.UnauthorizedException: (401)\n[Run Tests/python_tests]   | Reason: Unauthorized\n[Run Tests/python_tests]   | HTTP response headers: HTTPHeaderDict({'Connection': 'keep-alive', 'Content-Length': '149', 'Content-Type': 'application/json; charset=utf-8', 'Access-Control-Allow-Credentials': 'true', 'Access-Control-Expose-Headers': 'WWW-Authenticate,Server-Authorization', 'Cache-Control': 'no-cache', 'Www-Authenticate': 'Basic error=\"HTTP authentication header missing username\"', 'Accept-Ranges': 'bytes', 'Date': 'Mon, 29 May 2023 14:58:47 GMT', 'Vary': 'origin', 'Strict-Transport-Security': 'max-age=300'})\n[Run Tests/python_tests]   | HTTP response body: {\n[Run Tests/python_tests]   |     \"error\": {\n[Run Tests/python_tests]   |         \"message\": \"HTTP authentication header missing username\",\n[Run Tests/python_tests]   |         \"status_code\": 401,\n[Run Tests/python_tests]   |         \"code\": \"unauthorized\"\n[Run Tests/python_tests]   |     }\n[Run Tests/python_tests]   | }\n[Run Tests/python_tests]   | \n[Run Tests/python_tests]   | \n[Run Tests/python_tests]   | ======================================================================\n[Run Tests/python_tests]   | ERROR: test_get200 (test.Integration.test_letters_api.TestLettersApi)\n[Run Tests/python_tests]   | Test case for get\n[Run Tests/python_tests]   | ----------------------------------------------------------------------\n[Run Tests/python_tests]   | Traceback (most recent call last):\n[Run Tests/python_tests]   |   File \"/tmp/de65f406-fe28-11ed-a890-af2cc187fc11/lob-lob-python/test/Integration/test_letters_api.py\", line 297, in test_get200\n[Run Tests/python_tests]   |     created_letter = self.api.create(self.regular_letter)\n[Run Tests/python_tests]   |   File \"/tmp/de65f406-fe28-11ed-a890-af2cc187fc11/lob-lob-python/lob_python/api/letters_api.py\", line 474, in create\n[Run Tests/python_tests]   |     return self.create_endpoint.call_with_http_info(**kwargs)\n[Run Tests/python_tests]   |   File \"/tmp/de65f406-fe28-11ed-a890-af2cc187fc11/lob-lob-python/lob_python/api_client.py\", line 867, in call_with_http_info\n[Run Tests/python_tests]   |     collection_formats=params['collection_format'])\n[Run Tests/python_tests]   |   File \"/tmp/de65f406-fe28-11ed-a890-af2cc187fc11/lob-lob-python/lob_python/api_client.py\", line 416, in call_api\n[Run Tests/python_tests]   |     _check_type)\n[Run Tests/python_tests]   |   File \"/tmp/de65f406-fe28-11ed-a890-af2cc187fc11/lob-lob-python/lob_python/api_client.py\", line 204, in __call_api\n[Run Tests/python_tests]   |     raise e\n[Run Tests/python_tests]   |   File \"/tmp/de65f406-fe28-11ed-a890-af2cc187fc11/lob-lob-python/lob_python/api_client.py\", line 201, in __call_api\n[Run Tests/python_tests]   |     _request_timeout=_request_timeout)\n[Run Tests/python_tests]   |   File \"/tmp/de65f406-fe28-11ed-a890-af2cc187fc11/lob-lob-python/lob_python/api_client.py\", line 462, in request\n[Run Tests/python_tests]   |     body=body)\n[Run Tests/python_tests]   |   File \"/tmp/de65f406-fe28-11ed-a890-af2cc187fc11/lob-lob-python/lob_python/rest.py\", line 290, in POST\n[Run Tests/python_tests]   |     body=body)\n[Run Tests/python_tests]   |   File \"/tmp/de65f406-fe28-11ed-a890-af2cc187fc11/lob-lob-python/lob_python/rest.py\", line 232, in request\n[Run Tests/python_tests]   |     raise UnauthorizedException(http_resp=r)\n[Run Tests/python_tests]   | lob_python.exceptions.UnauthorizedException: (401)\n[Run Tests/python_tests]   | Reason: Unauthorized\n[Run Tests/python_tests]   | HTTP response headers: HTTPHeaderDict({'Connection': 'keep-alive', 'Content-Length': '149', 'Content-Type': 'application/json; charset=utf-8', 'Access-Control-Allow-Credentials': 'true', 'Access-Control-Expose-Headers': 'WWW-Authenticate,Server-Authorization', 'Cache-Control': 'no-cache', 'Www-Authenticate': 'Basic error=\"HTTP authentication header missing username\"', 'Accept-Ranges': 'bytes', 'Date': 'Mon, 29 May 2023 14:58:47 GMT', 'Vary': 'origin', 'Strict-Transport-Security': 'max-age=300'})\n[Run Tests/python_tests]   | HTTP response body: {\n[Run Tests/python_tests]   |     \"error\": {\n[Run Tests/python_tests]   |         \"message\": \"HTTP authentication header missing username\",\n[Run Tests/python_tests]   |         \"status_code\": 401,\n[Run Tests/python_tests]   |         \"code\": \"unauthorized\"\n[Run Tests/python_tests]   |     }\n[Run Tests/python_tests]   | }\n[Run Tests/python_tests]   | \n[Run Tests/python_tests]   | \n[Run Tests/python_tests]   | ======================================================================\n[Run Tests/python_tests]   | ERROR: test_list200 (test.Integration.test_letters_api.TestLettersApi)\n[Run Tests/python_tests]   | Test case for list\n[Run Tests/python_tests]   | ----------------------------------------------------------------------\n[Run Tests/python_tests]   | Traceback (most recent call last):\n[Run Tests/python_tests]   |   File \"/tmp/de65f406-fe28-11ed-a890-af2cc187fc11/lob-lob-python/test/Integration/test_letters_api.py\", line 317, in test_list200\n[Run Tests/python_tests]   |     letter_1 = self.api.create(self.regular_letter)\n[Run Tests/python_tests]   |   File \"/tmp/de65f406-fe28-11ed-a890-af2cc187fc11/lob-lob-python/lob_python/api/letters_api.py\", line 474, in create\n[Run Tests/python_tests]   |     return self.create_endpoint.call_with_http_info(**kwargs)\n[Run Tests/python_tests]   |   File \"/tmp/de65f406-fe28-11ed-a890-af2cc187fc11/lob-lob-python/lob_python/api_client.py\", line 867, in call_with_http_info\n[Run Tests/python_tests]   |     collection_formats=params['collection_format'])\n[Run Tests/python_tests]   |   File \"/tmp/de65f406-fe28-11ed-a890-af2cc187fc11/lob-lob-python/lob_python/api_client.py\", line 416, in call_api\n[Run Tests/python_tests]   |     _check_type)\n[Run Tests/python_tests]   |   File \"/tmp/de65f406-fe28-11ed-a890-af2cc187fc11/lob-lob-python/lob_python/api_client.py\", line 204, in __call_api\n[Run Tests/python_tests]   |     raise e\n[Run Tests/python_tests]   |   File \"/tmp/de65f406-fe28-11ed-a890-af2cc187fc11/lob-lob-python/lob_python/api_client.py\", line 201, in __call_api\n[Run Tests/python_tests]   |     _request_timeout=_request_timeout)\n[Run Tests/python_tests]   |   File \"/tmp/de65f406-fe28-11ed-a890-af2cc187fc11/lob-lob-python/lob_python/api_client.py\", line 462, in request\n[Run Tests/python_tests]   |     body=body)\n[Run Tests/python_tests]   |   File \"/tmp/de65f406-fe28-11ed-a890-af2cc187fc11/lob-lob-python/lob_python/rest.py\", line 290, in POST\n[Run Tests/python_tests]   |     body=body)\n[Run Tests/python_tests]   |   File \"/tmp/de65f406-fe28-11ed-a890-af2cc187fc11/lob-lob-python/lob_python/rest.py\", line 232, in request\n[Run Tests/python_tests]   |     raise UnauthorizedException(http_resp=r)\n[Run Tests/python_tests]   | lob_python.exceptions.UnauthorizedException: (401)\n[Run Tests/python_tests]   | Reason: Unauthorized\n[Run Tests/python_tests]   | HTTP response headers: HTTPHeaderDict({'Connection': 'keep-alive', 'Content-Length': '149', 'Content-Type': 'application/json; charset=utf-8', 'Access-Control-Allow-Credentials': 'true', 'Access-Control-Expose-Headers': 'WWW-Authenticate,Server-Authorization', 'Cache-Control': 'no-cache', 'Www-Authenticate': 'Basic error=\"HTTP authentication header missing username\"', 'Accept-Ranges': 'bytes', 'Date': 'Mon, 29 May 2023 14:58:48 GMT', 'Vary': 'origin', 'Strict-Transport-Security': 'max-age=300'})\n[Run Tests/python_tests]   | HTTP response body: {\n[Run Tests/python_tests]   |     \"error\": {\n[Run Tests/python_tests]   |         \"message\": \"HTTP authentication header missing username\",\n[Run Tests/python_tests]   |         \"status_code\": 401,\n[Run Tests/python_tests]   |         \"code\": \"unauthorized\"\n[Run Tests/python_tests]   |     }\n[Run Tests/python_tests]   | }\n[Run Tests/python_tests]   | \n[Run Tests/python_tests]   | \n[Run Tests/python_tests]   | ======================================================================\n[Run Tests/python_tests]   | ERROR: test_list422 (test.Integration.test_letters_api.TestLettersApi)\n[Run Tests/python_tests]   | Test case for list\n[Run Tests/python_tests]   | ----------------------------------------------------------------------\n[Run Tests/python_tests]   | Traceback (most recent call last):\n[Run Tests/python_tests]   |   File \"/tmp/de65f406-fe28-11ed-a890-af2cc187fc11/lob-lob-python/test/Integration/test_letters_api.py\", line 387, in test_list422\n[Run Tests/python_tests]   |     letter_1 = self.api.create(self.regular_letter)\n[Run Tests/python_tests]   |   File \"/tmp/de65f406-fe28-11ed-a890-af2cc187fc11/lob-lob-python/lob_python/api/letters_api.py\", line 474, in create\n[Run Tests/python_tests]   |     return self.create_endpoint.call_with_http_info(**kwargs)\n[Run Tests/python_tests]   |   File \"/tmp/de65f406-fe28-11ed-a890-af2cc187fc11/lob-lob-python/lob_python/api_client.py\", line 867, in call_with_http_info\n[Run Tests/python_tests]   |     collection_formats=params['collection_format'])\n[Run Tests/python_tests]   |   File \"/tmp/de65f406-fe28-11ed-a890-af2cc187fc11/lob-lob-python/lob_python/api_client.py\", line 416, in call_api\n[Run Tests/python_tests]   |     _check_type)\n[Run Tests/python_tests]   |   File \"/tmp/de65f406-fe28-11ed-a890-af2cc187fc11/lob-lob-python/lob_python/api_client.py\", line 204, in __call_api\n[Run Tests/python_tests]   |     raise e\n[Run Tests/python_tests]   |   File \"/tmp/de65f406-fe28-11ed-a890-af2cc187fc11/lob-lob-python/lob_python/api_client.py\", line 201, in __call_api\n[Run Tests/python_tests]   |     _request_timeout=_request_timeout)\n[Run Tests/python_tests]   |   File \"/tmp/de65f406-fe28-11ed-a890-af2cc187fc11/lob-lob-python/lob_python/api_client.py\", line 462, in request\n[Run Tests/python_tests]   |     body=body)\n[Run Tests/python_tests]   |   File \"/tmp/de65f406-fe28-11ed-a890-af2cc187fc11/lob-lob-python/lob_python/rest.py\", line 290, in POST\n[Run Tests/python_tests]   |     body=body)\n[Run Tests/python_tests]   |   File \"/tmp/de65f406-fe28-11ed-a890-af2cc187fc11/lob-lob-python/lob_python/rest.py\", line 232, in request\n[Run Tests/python_tests]   |     raise UnauthorizedException(http_resp=r)\n[Run Tests/python_tests]   | lob_python.exceptions.UnauthorizedException: (401)\n[Run Tests/python_tests]   | Reason: Unauthorized\n[Run Tests/python_tests]   | HTTP response headers: HTTPHeaderDict({'Connection': 'keep-alive', 'Content-Length': '149', 'Content-Type': 'application/json; charset=utf-8', 'Access-Control-Allow-Credentials': 'true', 'Access-Control-Expose-Headers': 'WWW-Authenticate,Server-Authorization', 'Cache-Control': 'no-cache', 'Www-Authenticate': 'Basic error=\"HTTP authentication header missing username\"', 'Accept-Ranges': 'bytes', 'Date': 'Mon, 29 May 2023 14:58:48 GMT', 'Vary': 'origin', 'Strict-Transport-Security': 'max-age=300'})\n[Run Tests/python_tests]   | HTTP response body: {\n[Run Tests/python_tests]   |     \"error\": {\n[Run Tests/python_tests]   |         \"message\": \"HTTP authentication header missing username\",\n[Run Tests/python_tests]   |         \"status_code\": 401,\n[Run Tests/python_tests]   |         \"code\": \"unauthorized\"\n[Run Tests/python_tests]   |     }\n[Run Tests/python_tests]   | }\n[Run Tests/python_tests]   | \n[Run Tests/python_tests]   | \n[Run Tests/python_tests]   | ======================================================================\n[Run Tests/python_tests]   | ERROR: test_list_other_query_params (test.Integration.test_letters_api.TestLettersApi)\n[Run Tests/python_tests]   | ----------------------------------------------------------------------\n[Run Tests/python_tests]   | Traceback (most recent call last):\n[Run Tests/python_tests]   |   File \"/opt/hostedtoolcache/Python/3.7.11/x64/lib/python3.7/site-packages/unittest_data_provider/__init__.py\", line 7, in repl\n[Run Tests/python_tests]   |     fn(self, *i)\n[Run Tests/python_tests]   |   File \"/tmp/de65f406-fe28-11ed-a890-af2cc187fc11/lob-lob-python/test/Integration/test_letters_api.py\", line 375, in test_list_other_query_params\n[Run Tests/python_tests]   |     response = self.api.list(**args)\n[Run Tests/python_tests]   |   File \"/tmp/de65f406-fe28-11ed-a890-af2cc187fc11/lob-lob-python/lob_python/api/letters_api.py\", line 636, in list\n[Run Tests/python_tests]   |     return self.list_endpoint.call_with_http_info(**kwargs)\n[Run Tests/python_tests]   |   File \"/tmp/de65f406-fe28-11ed-a890-af2cc187fc11/lob-lob-python/lob_python/api_client.py\", line 867, in call_with_http_info\n[Run Tests/python_tests]   |     collection_formats=params['collection_format'])\n[Run Tests/python_tests]   |   File \"/tmp/de65f406-fe28-11ed-a890-af2cc187fc11/lob-lob-python/lob_python/api_client.py\", line 416, in call_api\n[Run Tests/python_tests]   |     _check_type)\n[Run Tests/python_tests]   |   File \"/tmp/de65f406-fe28-11ed-a890-af2cc187fc11/lob-lob-python/lob_python/api_client.py\", line 204, in __call_api\n[Run Tests/python_tests]   |     raise e\n[Run Tests/python_tests]   |   File \"/tmp/de65f406-fe28-11ed-a890-af2cc187fc11/lob-lob-python/lob_python/api_client.py\", line 201, in __call_api\n[Run Tests/python_tests]   |     _request_timeout=_request_timeout)\n[Run Tests/python_tests]   |   File \"/tmp/de65f406-fe28-11ed-a890-af2cc187fc11/lob-lob-python/lob_python/api_client.py\", line 440, in request\n[Run Tests/python_tests]   |     headers=headers)\n[Run Tests/python_tests]   |   File \"/tmp/de65f406-fe28-11ed-a890-af2cc187fc11/lob-lob-python/lob_python/rest.py\", line 253, in GET\n[Run Tests/python_tests]   |     query_params=query_params)\n[Run Tests/python_tests]   |   File \"/tmp/de65f406-fe28-11ed-a890-af2cc187fc11/lob-lob-python/lob_python/rest.py\", line 232, in request\n[Run Tests/python_tests]   |     raise UnauthorizedException(http_resp=r)\n[Run Tests/python_tests]   | lob_python.exceptions.UnauthorizedException: (401)\n[Run Tests/python_tests]   | Reason: Unauthorized\n[Run Tests/python_tests]   | HTTP response headers: HTTPHeaderDict({'Connection': 'keep-alive', 'Content-Length': '149', 'Content-Type': 'application/json; charset=utf-8', 'Access-Control-Allow-Credentials': 'true', 'Access-Control-Expose-Headers': 'WWW-Authenticate,Server-Authorization', 'Cache-Control': 'no-cache', 'Www-Authenticate': 'Basic error=\"HTTP authentication header missing username\"', 'Accept-Ranges': 'bytes', 'Date': 'Mon, 29 May 2023 14:58:48 GMT', 'Vary': 'origin', 'Strict-Transport-Security': 'max-age=300'})\n[Run Tests/python_tests]   | HTTP response body: {\n[Run Tests/python_tests]   |     \"error\": {\n[Run Tests/python_tests]   |         \"message\": \"HTTP authentication header missing username\",\n[Run Tests/python_tests]   |         \"status_code\": 401,\n[Run Tests/python_tests]   |         \"code\": \"unauthorized\"\n[Run Tests/python_tests]   |     }\n[Run Tests/python_tests]   | }\n[Run Tests/python_tests]   | \n[Run Tests/python_tests]   | \n[Run Tests/python_tests]   | ======================================================================\n[Run Tests/python_tests]   | ERROR: setUpClass (test.Integration.test_postcards_api.TestPostcardsApi)\n[Run Tests/python_tests]   | ----------------------------------------------------------------------\n[Run Tests/python_tests]   | Traceback (most recent call last):\n[Run Tests/python_tests]   |   File \"/tmp/de65f406-fe28-11ed-a890-af2cc187fc11/lob-lob-python/test/Integration/test_postcards_api.py\", line 98, in setUpClass\n[Run Tests/python_tests]   |     deleted_addr = addr_api.create(to3)\n[Run Tests/python_tests]   |   File \"/tmp/de65f406-fe28-11ed-a890-af2cc187fc11/lob-lob-python/lob_python/api/addresses_api.py\", line 357, in create\n[Run Tests/python_tests]   |     return self.create_endpoint.call_with_http_info(**kwargs)\n[Run Tests/python_tests]   |   File \"/tmp/de65f406-fe28-11ed-a890-af2cc187fc11/lob-lob-python/lob_python/api_client.py\", line 867, in call_with_http_info\n[Run Tests/python_tests]   |     collection_formats=params['collection_format'])\n[Run Tests/python_tests]   |   File \"/tmp/de65f406-fe28-11ed-a890-af2cc187fc11/lob-lob-python/lob_python/api_client.py\", line 416, in call_api\n[Run Tests/python_tests]   |     _check_type)\n[Run Tests/python_tests]   |   File \"/tmp/de65f406-fe28-11ed-a890-af2cc187fc11/lob-lob-python/lob_python/api_client.py\", line 204, in __call_api\n[Run Tests/python_tests]   |     raise e\n[Run Tests/python_tests]   |   File \"/tmp/de65f406-fe28-11ed-a890-af2cc187fc11/lob-lob-python/lob_python/api_client.py\", line 201, in __call_api\n[Run Tests/python_tests]   |     _request_timeout=_request_timeout)\n[Run Tests/python_tests]   |   File \"/tmp/de65f406-fe28-11ed-a890-af2cc187fc11/lob-lob-python/lob_python/api_client.py\", line 462, in request\n[Run Tests/python_tests]   |     body=body)\n[Run Tests/python_tests]   |   File \"/tmp/de65f406-fe28-11ed-a890-af2cc187fc11/lob-lob-python/lob_python/rest.py\", line 290, in POST\n[Run Tests/python_tests]   |     body=body)\n[Run Tests/python_tests]   |   File \"/tmp/de65f406-fe28-11ed-a890-af2cc187fc11/lob-lob-python/lob_python/rest.py\", line 232, in request\n[Run Tests/python_tests]   |     raise UnauthorizedException(http_resp=r)\n[Run Tests/python_tests]   | lob_python.exceptions.UnauthorizedException: (401)\n[Run Tests/python_tests]   | Reason: Unauthorized\n[Run Tests/python_tests]   | HTTP response headers: HTTPHeaderDict({'Connection': 'keep-alive', 'Content-Length': '149', 'Content-Type': 'application/json; charset=utf-8', 'Access-Control-Allow-Credentials': 'true', 'Access-Control-Expose-Headers': 'WWW-Authenticate,Server-Authorization', 'Cache-Control': 'no-cache', 'Www-Authenticate': 'Basic error=\"HTTP authentication header missing username\"', 'Accept-Ranges': 'bytes', 'Date': 'Mon, 29 May 2023 14:58:49 GMT', 'Vary': 'origin', 'Strict-Transport-Security': 'max-age=300'})\n[Run Tests/python_tests]   | HTTP response body: {\n[Run Tests/python_tests]   |     \"error\": {\n[Run Tests/python_tests]   |         \"message\": \"HTTP authentication header missing username\",\n[Run Tests/python_tests]   |         \"status_code\": 401,\n[Run Tests/python_tests]   |         \"code\": \"unauthorized\"\n[Run Tests/python_tests]   |     }\n[Run Tests/python_tests]   | }\n[Run Tests/python_tests]   | \n[Run Tests/python_tests]   | \n[Run Tests/python_tests]   | ======================================================================\n[Run Tests/python_tests]   | ERROR: test_lookup (test.Integration.test_reverse_geocode_lookups_api.TestReverseGeocodeLookupsApi)\n[Run Tests/python_tests]   | Test case for reverse_geocode_lookup\n[Run Tests/python_tests]   | ----------------------------------------------------------------------\n[Run Tests/python_tests]   | Traceback (most recent call last):\n[Run Tests/python_tests]   |   File \"/tmp/de65f406-fe28-11ed-a890-af2cc187fc11/lob-lob-python/test/Integration/test_reverse_geocode_lookups_api.py\", line 66, in test_lookup\n[Run Tests/python_tests]   |     rgl = self.api.lookup(self.location, size = size)\n[Run Tests/python_tests]   |   File \"/tmp/de65f406-fe28-11ed-a890-af2cc187fc11/lob-lob-python/lob_python/api/reverse_geocode_lookups_api.py\", line 184, in lookup\n[Run Tests/python_tests]   |     return self.lookup_endpoint.call_with_http_info(**kwargs)\n[Run Tests/python_tests]   |   File \"/tmp/de65f406-fe28-11ed-a890-af2cc187fc11/lob-lob-python/lob_python/api_client.py\", line 867, in call_with_http_info\n[Run Tests/python_tests]   |     collection_formats=params['collection_format'])\n[Run Tests/python_tests]   |   File \"/tmp/de65f406-fe28-11ed-a890-af2cc187fc11/lob-lob-python/lob_python/api_client.py\", line 416, in call_api\n[Run Tests/python_tests]   |     _check_type)\n[Run Tests/python_tests]   |   File \"/tmp/de65f406-fe28-11ed-a890-af2cc187fc11/lob-lob-python/lob_python/api_client.py\", line 204, in __call_api\n[Run Tests/python_tests]   |     raise e\n[Run Tests/python_tests]   |   File \"/tmp/de65f406-fe28-11ed-a890-af2cc187fc11/lob-lob-python/lob_python/api_client.py\", line 201, in __call_api\n[Run Tests/python_tests]   |     _request_timeout=_request_timeout)\n[Run Tests/python_tests]   |   File \"/tmp/de65f406-fe28-11ed-a890-af2cc187fc11/lob-lob-python/lob_python/api_client.py\", line 462, in request\n[Run Tests/python_tests]   |     body=body)\n[Run Tests/python_tests]   |   File \"/tmp/de65f406-fe28-11ed-a890-af2cc187fc11/lob-lob-python/lob_python/rest.py\", line 290, in POST\n[Run Tests/python_tests]   |     body=body)\n[Run Tests/python_tests]   |   File \"/tmp/de65f406-fe28-11ed-a890-af2cc187fc11/lob-lob-python/lob_python/rest.py\", line 232, in request\n[Run Tests/python_tests]   |     raise UnauthorizedException(http_resp=r)\n[Run Tests/python_tests]   | lob_python.exceptions.UnauthorizedException: (401)\n[Run Tests/python_tests]   | Reason: Unauthorized\n[Run Tests/python_tests]   | HTTP response headers: HTTPHeaderDict({'Connection': 'keep-alive', 'Content-Length': '149', 'Content-Type': 'application/json; charset=utf-8', 'Access-Control-Allow-Credentials': 'true', 'Access-Control-Expose-Headers': 'WWW-Authenticate,Server-Authorization', 'Cache-Control': 'no-cache', 'Www-Authenticate': 'Basic error=\"HTTP authentication header missing username\"', 'Accept-Ranges': 'bytes', 'Date': 'Mon, 29 May 2023 14:58:50 GMT', 'Vary': 'origin', 'Strict-Transport-Security': 'max-age=300'})\n[Run Tests/python_tests]   | HTTP response body: {\n[Run Tests/python_tests]   |     \"error\": {\n[Run Tests/python_tests]   |         \"message\": \"HTTP authentication header missing username\",\n[Run Tests/python_tests]   |         \"status_code\": 401,\n[Run Tests/python_tests]   |         \"code\": \"unauthorized\"\n[Run Tests/python_tests]   |     }\n[Run Tests/python_tests]   | }\n[Run Tests/python_tests]   | \n[Run Tests/python_tests]   | \n[Run Tests/python_tests]   | ======================================================================\n[Run Tests/python_tests]   | ERROR: setUpClass (test.Integration.test_self_mailers_api.TestSelfMailersApi)\n[Run Tests/python_tests]   | ----------------------------------------------------------------------\n[Run Tests/python_tests]   | Traceback (most recent call last):\n[Run Tests/python_tests]   |   File \"/tmp/de65f406-fe28-11ed-a890-af2cc187fc11/lob-lob-python/test/Integration/test_self_mailers_api.py\", line 135, in setUpClass\n[Run Tests/python_tests]   |     deleted_addr = addr_api.create(self.to3)\n[Run Tests/python_tests]   |   File \"/tmp/de65f406-fe28-11ed-a890-af2cc187fc11/lob-lob-python/lob_python/api/addresses_api.py\", line 357, in create\n[Run Tests/python_tests]   |     return self.create_endpoint.call_with_http_info(**kwargs)\n[Run Tests/python_tests]   |   File \"/tmp/de65f406-fe28-11ed-a890-af2cc187fc11/lob-lob-python/lob_python/api_client.py\", line 867, in call_with_http_info\n[Run Tests/python_tests]   |     collection_formats=params['collection_format'])\n[Run Tests/python_tests]   |   File \"/tmp/de65f406-fe28-11ed-a890-af2cc187fc11/lob-lob-python/lob_python/api_client.py\", line 416, in call_api\n[Run Tests/python_tests]   |     _check_type)\n[Run Tests/python_tests]   |   File \"/tmp/de65f406-fe28-11ed-a890-af2cc187fc11/lob-lob-python/lob_python/api_client.py\", line 204, in __call_api\n[Run Tests/python_tests]   |     raise e\n[Run Tests/python_tests]   |   File \"/tmp/de65f406-fe28-11ed-a890-af2cc187fc11/lob-lob-python/lob_python/api_client.py\", line 201, in __call_api\n[Run Tests/python_tests]   |     _request_timeout=_request_timeout)\n[Run Tests/python_tests]   |   File \"/tmp/de65f406-fe28-11ed-a890-af2cc187fc11/lob-lob-python/lob_python/api_client.py\", line 462, in request\n[Run Tests/python_tests]   |     body=body)\n[Run Tests/python_tests]   |   File \"/tmp/de65f406-fe28-11ed-a890-af2cc187fc11/lob-lob-python/lob_python/rest.py\", line 290, in POST\n[Run Tests/python_tests]   |     body=body)\n[Run Tests/python_tests]   |   File \"/tmp/de65f406-fe28-11ed-a890-af2cc187fc11/lob-lob-python/lob_python/rest.py\", line 232, in request\n[Run Tests/python_tests]   |     raise UnauthorizedException(http_resp=r)\n[Run Tests/python_tests]   | lob_python.exceptions.UnauthorizedException: (401)\n[Run Tests/python_tests]   | Reason: Unauthorized\n[Run Tests/python_tests]   | HTTP response headers: HTTPHeaderDict({'Connection': 'keep-alive', 'Content-Length': '149', 'Content-Type': 'application/json; charset=utf-8', 'Access-Control-Allow-Credentials': 'true', 'Access-Control-Expose-Headers': 'WWW-Authenticate,Server-Authorization', 'Cache-Control': 'no-cache', 'Www-Authenticate': 'Basic error=\"HTTP authentication header missing username\"', 'Accept-Ranges': 'bytes', 'Date': 'Mon, 29 May 2023 14:58:51 GMT', 'Vary': 'origin', 'Strict-Transport-Security': 'max-age=300'})\n[Run Tests/python_tests]   | HTTP response body: {\n[Run Tests/python_tests]   |     \"error\": {\n[Run Tests/python_tests]   |         \"message\": \"HTTP authentication header missing username\",\n[Run Tests/python_tests]   |         \"status_code\": 401,\n[Run Tests/python_tests]   |         \"code\": \"unauthorized\"\n[Run Tests/python_tests]   |     }\n[Run Tests/python_tests]   | }\n[Run Tests/python_tests]   | \n[Run Tests/python_tests]   | \n[Run Tests/python_tests]   | ======================================================================\n[Run Tests/python_tests]   | ERROR: setUpClass (test.Integration.test_template_versions_api.TestTemplateVersionsApi)\n[Run Tests/python_tests]   | ----------------------------------------------------------------------\n[Run Tests/python_tests]   | Traceback (most recent call last):\n[Run Tests/python_tests]   |   File \"/tmp/de65f406-fe28-11ed-a890-af2cc187fc11/lob-lob-python/test/Integration/test_template_versions_api.py\", line 59, in setUpClass\n[Run Tests/python_tests]   |     self.id = self.templates_api.create(self.template_writable).id\n[Run Tests/python_tests]   |   File \"/tmp/de65f406-fe28-11ed-a890-af2cc187fc11/lob-lob-python/lob_python/api/templates_api.py\", line 420, in create\n[Run Tests/python_tests]   |     return self.create_endpoint.call_with_http_info(**kwargs)\n[Run Tests/python_tests]   |   File \"/tmp/de65f406-fe28-11ed-a890-af2cc187fc11/lob-lob-python/lob_python/api_client.py\", line 867, in call_with_http_info\n[Run Tests/python_tests]   |     collection_formats=params['collection_format'])\n[Run Tests/python_tests]   |   File \"/tmp/de65f406-fe28-11ed-a890-af2cc187fc11/lob-lob-python/lob_python/api_client.py\", line 416, in call_api\n[Run Tests/python_tests]   |     _check_type)\n[Run Tests/python_tests]   |   File \"/tmp/de65f406-fe28-11ed-a890-af2cc187fc11/lob-lob-python/lob_python/api_client.py\", line 204, in __call_api\n[Run Tests/python_tests]   |     raise e\n[Run Tests/python_tests]   |   File \"/tmp/de65f406-fe28-11ed-a890-af2cc187fc11/lob-lob-python/lob_python/api_client.py\", line 201, in __call_api\n[Run Tests/python_tests]   |     _request_timeout=_request_timeout)\n[Run Tests/python_tests]   |   File \"/tmp/de65f406-fe28-11ed-a890-af2cc187fc11/lob-lob-python/lob_python/api_client.py\", line 462, in request\n[Run Tests/python_tests]   |     body=body)\n[Run Tests/python_tests]   |   File \"/tmp/de65f406-fe28-11ed-a890-af2cc187fc11/lob-lob-python/lob_python/rest.py\", line 290, in POST\n[Run Tests/python_tests]   |     body=body)\n[Run Tests/python_tests]   |   File \"/tmp/de65f406-fe28-11ed-a890-af2cc187fc11/lob-lob-python/lob_python/rest.py\", line 232, in request\n[Run Tests/python_tests]   |     raise UnauthorizedException(http_resp=r)\n[Run Tests/python_tests]   | lob_python.exceptions.UnauthorizedException: (401)\n[Run Tests/python_tests]   | Reason: Unauthorized\n[Run Tests/python_tests]   | HTTP response headers: HTTPHeaderDict({'Connection': 'keep-alive', 'Content-Length': '149', 'Content-Type': 'application/json; charset=utf-8', 'Access-Control-Allow-Credentials': 'true', 'Access-Control-Expose-Headers': 'WWW-Authenticate,Server-Authorization', 'Cache-Control': 'no-cache', 'Www-Authenticate': 'Basic error=\"HTTP authentication header missing username\"', 'Accept-Ranges': 'bytes', 'Date': 'Mon, 29 May 2023 14:58:52 GMT', 'Vary': 'origin', 'Strict-Transport-Security': 'max-age=300'})\n[Run Tests/python_tests]   | HTTP response body: {\n[Run Tests/python_tests]   |     \"error\": {\n[Run Tests/python_tests]   |         \"message\": \"HTTP authentication header missing username\",\n[Run Tests/python_tests]   |         \"status_code\": 401,\n[Run Tests/python_tests]   |         \"code\": \"unauthorized\"\n[Run Tests/python_tests]   |     }\n[Run Tests/python_tests]   | }\n[Run Tests/python_tests]   | \n[Run Tests/python_tests]   | \n[Run Tests/python_tests]   | ======================================================================\n[Run Tests/python_tests]   | ERROR: test_create200 (test.Integration.test_templates_api.TestTemplatesApi)\n[Run Tests/python_tests]   | Test case for create\n[Run Tests/python_tests]   | ----------------------------------------------------------------------\n[Run Tests/python_tests]   | Traceback (most recent call last):\n[Run Tests/python_tests]   |   File \"/tmp/de65f406-fe28-11ed-a890-af2cc187fc11/lob-lob-python/test/Integration/test_templates_api.py\", line 93, in test_create200\n[Run Tests/python_tests]   |     created_template = self.api.create(self.template_writable)\n[Run Tests/python_tests]   |   File \"/tmp/de65f406-fe28-11ed-a890-af2cc187fc11/lob-lob-python/lob_python/api/templates_api.py\", line 420, in create\n[Run Tests/python_tests]   |     return self.create_endpoint.call_with_http_info(**kwargs)\n[Run Tests/python_tests]   |   File \"/tmp/de65f406-fe28-11ed-a890-af2cc187fc11/lob-lob-python/lob_python/api_client.py\", line 867, in call_with_http_info\n[Run Tests/python_tests]   |     collection_formats=params['collection_format'])\n[Run Tests/python_tests]   |   File \"/tmp/de65f406-fe28-11ed-a890-af2cc187fc11/lob-lob-python/lob_python/api_client.py\", line 416, in call_api\n[Run Tests/python_tests]   |     _check_type)\n[Run Tests/python_tests]   |   File \"/tmp/de65f406-fe28-11ed-a890-af2cc187fc11/lob-lob-python/lob_python/api_client.py\", line 204, in __call_api\n[Run Tests/python_tests]   |     raise e\n[Run Tests/python_tests]   |   File \"/tmp/de65f406-fe28-11ed-a890-af2cc187fc11/lob-lob-python/lob_python/api_client.py\", line 201, in __call_api\n[Run Tests/python_tests]   |     _request_timeout=_request_timeout)\n[Run Tests/python_tests]   |   File \"/tmp/de65f406-fe28-11ed-a890-af2cc187fc11/lob-lob-python/lob_python/api_client.py\", line 462, in request\n[Run Tests/python_tests]   |     body=body)\n[Run Tests/python_tests]   |   File \"/tmp/de65f406-fe28-11ed-a890-af2cc187fc11/lob-lob-python/lob_python/rest.py\", line 290, in POST\n[Run Tests/python_tests]   |     body=body)\n[Run Tests/python_tests]   |   File \"/tmp/de65f406-fe28-11ed-a890-af2cc187fc11/lob-lob-python/lob_python/rest.py\", line 232, in request\n[Run Tests/python_tests]   |     raise UnauthorizedException(http_resp=r)\n[Run Tests/python_tests]   | lob_python.exceptions.UnauthorizedException: (401)\n[Run Tests/python_tests]   | Reason: Unauthorized\n[Run Tests/python_tests]   | HTTP response headers: HTTPHeaderDict({'Connection': 'keep-alive', 'Content-Length': '149', 'Content-Type': 'application/json; charset=utf-8', 'Access-Control-Allow-Credentials': 'true', 'Access-Control-Expose-Headers': 'WWW-Authenticate,Server-Authorization', 'Cache-Control': 'no-cache', 'Www-Authenticate': 'Basic error=\"HTTP authentication header missing username\"', 'Accept-Ranges': 'bytes', 'Date': 'Mon, 29 May 2023 14:58:53 GMT', 'Vary': 'origin', 'Strict-Transport-Security': 'max-age=300'})\n[Run Tests/python_tests]   | HTTP response body: {\n[Run Tests/python_tests]   |     \"error\": {\n[Run Tests/python_tests]   |         \"message\": \"HTTP authentication header missing username\",\n[Run Tests/python_tests]   |         \"status_code\": 401,\n[Run Tests/python_tests]   |         \"code\": \"unauthorized\"\n[Run Tests/python_tests]   |     }\n[Run Tests/python_tests]   | }\n[Run Tests/python_tests]   | \n[Run Tests/python_tests]   | \n[Run Tests/python_tests]   | ======================================================================\n[Run Tests/python_tests]   | ERROR: test_delete200 (test.Integration.test_templates_api.TestTemplatesApi)\n[Run Tests/python_tests]   | Test case for delete\n[Run Tests/python_tests]   | ----------------------------------------------------------------------\n[Run Tests/python_tests]   | Traceback (most recent call last):\n[Run Tests/python_tests]   |   File \"/tmp/de65f406-fe28-11ed-a890-af2cc187fc11/lob-lob-python/test/Integration/test_templates_api.py\", line 222, in test_delete200\n[Run Tests/python_tests]   |     created_template = self.api.create(self.template_writable)\n[Run Tests/python_tests]   |   File \"/tmp/de65f406-fe28-11ed-a890-af2cc187fc11/lob-lob-python/lob_python/api/templates_api.py\", line 420, in create\n[Run Tests/python_tests]   |     return self.create_endpoint.call_with_http_info(**kwargs)\n[Run Tests/python_tests]   |   File \"/tmp/de65f406-fe28-11ed-a890-af2cc187fc11/lob-lob-python/lob_python/api_client.py\", line 867, in call_with_http_info\n[Run Tests/python_tests]   |     collection_formats=params['collection_format'])\n[Run Tests/python_tests]   |   File \"/tmp/de65f406-fe28-11ed-a890-af2cc187fc11/lob-lob-python/lob_python/api_client.py\", line 416, in call_api\n[Run Tests/python_tests]   |     _check_type)\n[Run Tests/python_tests]   |   File \"/tmp/de65f406-fe28-11ed-a890-af2cc187fc11/lob-lob-python/lob_python/api_client.py\", line 204, in __call_api\n[Run Tests/python_tests]   |     raise e\n[Run Tests/python_tests]   |   File \"/tmp/de65f406-fe28-11ed-a890-af2cc187fc11/lob-lob-python/lob_python/api_client.py\", line 201, in __call_api\n[Run Tests/python_tests]   |     _request_timeout=_request_timeout)\n[Run Tests/python_tests]   |   File \"/tmp/de65f406-fe28-11ed-a890-af2cc187fc11/lob-lob-python/lob_python/api_client.py\", line 462, in request\n[Run Tests/python_tests]   |     body=body)\n[Run Tests/python_tests]   |   File \"/tmp/de65f406-fe28-11ed-a890-af2cc187fc11/lob-lob-python/lob_python/rest.py\", line 290, in POST\n[Run Tests/python_tests]   |     body=body)\n[Run Tests/python_tests]   |   File \"/tmp/de65f406-fe28-11ed-a890-af2cc187fc11/lob-lob-python/lob_python/rest.py\", line 232, in request\n[Run Tests/python_tests]   |     raise UnauthorizedException(http_resp=r)\n[Run Tests/python_tests]   | lob_python.exceptions.UnauthorizedException: (401)\n[Run Tests/python_tests]   | Reason: Unauthorized\n[Run Tests/python_tests]   | HTTP response headers: HTTPHeaderDict({'Connection': 'keep-alive', 'Content-Length': '149', 'Content-Type': 'application/json; charset=utf-8', 'Access-Control-Allow-Credentials': 'true', 'Access-Control-Expose-Headers': 'WWW-Authenticate,Server-Authorization', 'Cache-Control': 'no-cache', 'Www-Authenticate': 'Basic error=\"HTTP authentication header missing username\"', 'Accept-Ranges': 'bytes', 'Date': 'Mon, 29 May 2023 14:58:53 GMT', 'Vary': 'origin', 'Strict-Transport-Security': 'max-age=300'})\n[Run Tests/python_tests]   | HTTP response body: {\n[Run Tests/python_tests]   |     \"error\": {\n[Run Tests/python_tests]   |         \"message\": \"HTTP authentication header missing username\",\n[Run Tests/python_tests]   |         \"status_code\": 401,\n[Run Tests/python_tests]   |         \"code\": \"unauthorized\"\n[Run Tests/python_tests]   |     }\n[Run Tests/python_tests]   | }\n[Run Tests/python_tests]   | \n[Run Tests/python_tests]   | \n[Run Tests/python_tests]   | ======================================================================\n[Run Tests/python_tests]   | ERROR: test_get200 (test.Integration.test_templates_api.TestTemplatesApi)\n[Run Tests/python_tests]   | Test case for get\n[Run Tests/python_tests]   | ----------------------------------------------------------------------\n[Run Tests/python_tests]   | Traceback (most recent call last):\n[Run Tests/python_tests]   |   File \"/tmp/de65f406-fe28-11ed-a890-af2cc187fc11/lob-lob-python/test/Integration/test_templates_api.py\", line 102, in test_get200\n[Run Tests/python_tests]   |     created_template = self.api.create(self.template_writable)\n[Run Tests/python_tests]   |   File \"/tmp/de65f406-fe28-11ed-a890-af2cc187fc11/lob-lob-python/lob_python/api/templates_api.py\", line 420, in create\n[Run Tests/python_tests]   |     return self.create_endpoint.call_with_http_info(**kwargs)\n[Run Tests/python_tests]   |   File \"/tmp/de65f406-fe28-11ed-a890-af2cc187fc11/lob-lob-python/lob_python/api_client.py\", line 867, in call_with_http_info\n[Run Tests/python_tests]   |     collection_formats=params['collection_format'])\n[Run Tests/python_tests]   |   File \"/tmp/de65f406-fe28-11ed-a890-af2cc187fc11/lob-lob-python/lob_python/api_client.py\", line 416, in call_api\n[Run Tests/python_tests]   |     _check_type)\n[Run Tests/python_tests]   |   File \"/tmp/de65f406-fe28-11ed-a890-af2cc187fc11/lob-lob-python/lob_python/api_client.py\", line 204, in __call_api\n[Run Tests/python_tests]   |     raise e\n[Run Tests/python_tests]   |   File \"/tmp/de65f406-fe28-11ed-a890-af2cc187fc11/lob-lob-python/lob_python/api_client.py\", line 201, in __call_api\n[Run Tests/python_tests]   |     _request_timeout=_request_timeout)\n[Run Tests/python_tests]   |   File \"/tmp/de65f406-fe28-11ed-a890-af2cc187fc11/lob-lob-python/lob_python/api_client.py\", line 462, in request\n[Run Tests/python_tests]   |     body=body)\n[Run Tests/python_tests]   |   File \"/tmp/de65f406-fe28-11ed-a890-af2cc187fc11/lob-lob-python/lob_python/rest.py\", line 290, in POST\n[Run Tests/python_tests]   |     body=body)\n[Run Tests/python_tests]   |   File \"/tmp/de65f406-fe28-11ed-a890-af2cc187fc11/lob-lob-python/lob_python/rest.py\", line 232, in request\n[Run Tests/python_tests]   |     raise UnauthorizedException(http_resp=r)\n[Run Tests/python_tests]   | lob_python.exceptions.UnauthorizedException: (401)\n[Run Tests/python_tests]   | Reason: Unauthorized\n[Run Tests/python_tests]   | HTTP response headers: HTTPHeaderDict({'Connection': 'keep-alive', 'Content-Length': '149', 'Content-Type': 'application/json; charset=utf-8', 'Access-Control-Allow-Credentials': 'true', 'Access-Control-Expose-Headers': 'WWW-Authenticate,Server-Authorization', 'Cache-Control': 'no-cache', 'Www-Authenticate': 'Basic error=\"HTTP authentication header missing username\"', 'Accept-Ranges': 'bytes', 'Date': 'Mon, 29 May 2023 14:58:54 GMT', 'Vary': 'origin', 'Strict-Transport-Security': 'max-age=300'})\n[Run Tests/python_tests]   | HTTP response body: {\n[Run Tests/python_tests]   |     \"error\": {\n[Run Tests/python_tests]   |         \"message\": \"HTTP authentication header missing username\",\n[Run Tests/python_tests]   |         \"status_code\": 401,\n[Run Tests/python_tests]   |         \"code\": \"unauthorized\"\n[Run Tests/python_tests]   |     }\n[Run Tests/python_tests]   | }\n[Run Tests/python_tests]   | \n[Run Tests/python_tests]   | \n[Run Tests/python_tests]   | ======================================================================\n[Run Tests/python_tests]   | ERROR: test_list200 (test.Integration.test_templates_api.TestTemplatesApi)\n[Run Tests/python_tests]   | Test case for list\n[Run Tests/python_tests]   | ----------------------------------------------------------------------\n[Run Tests/python_tests]   | Traceback (most recent call last):\n[Run Tests/python_tests]   |   File \"/tmp/de65f406-fe28-11ed-a890-af2cc187fc11/lob-lob-python/test/Integration/test_templates_api.py\", line 154, in test_list200\n[Run Tests/python_tests]   |     template_1 = self.api.create(self.template_writable)\n[Run Tests/python_tests]   |   File \"/tmp/de65f406-fe28-11ed-a890-af2cc187fc11/lob-lob-python/lob_python/api/templates_api.py\", line 420, in create\n[Run Tests/python_tests]   |     return self.create_endpoint.call_with_http_info(**kwargs)\n[Run Tests/python_tests]   |   File \"/tmp/de65f406-fe28-11ed-a890-af2cc187fc11/lob-lob-python/lob_python/api_client.py\", line 867, in call_with_http_info\n[Run Tests/python_tests]   |     collection_formats=params['collection_format'])\n[Run Tests/python_tests]   |   File \"/tmp/de65f406-fe28-11ed-a890-af2cc187fc11/lob-lob-python/lob_python/api_client.py\", line 416, in call_api\n[Run Tests/python_tests]   |     _check_type)\n[Run Tests/python_tests]   |   File \"/tmp/de65f406-fe28-11ed-a890-af2cc187fc11/lob-lob-python/lob_python/api_client.py\", line 204, in __call_api\n[Run Tests/python_tests]   |     raise e\n[Run Tests/python_tests]   |   File \"/tmp/de65f406-fe28-11ed-a890-af2cc187fc11/lob-lob-python/lob_python/api_client.py\", line 201, in __call_api\n[Run Tests/python_tests]   |     _request_timeout=_request_timeout)\n[Run Tests/python_tests]   |   File \"/tmp/de65f406-fe28-11ed-a890-af2cc187fc11/lob-lob-python/lob_python/api_client.py\", line 462, in request\n[Run Tests/python_tests]   |     body=body)\n[Run Tests/python_tests]   |   File \"/tmp/de65f406-fe28-11ed-a890-af2cc187fc11/lob-lob-python/lob_python/rest.py\", line 290, in POST\n[Run Tests/python_tests]   |     body=body)\n[Run Tests/python_tests]   |   File \"/tmp/de65f406-fe28-11ed-a890-af2cc187fc11/lob-lob-python/lob_python/rest.py\", line 232, in request\n[Run Tests/python_tests]   |     raise UnauthorizedException(http_resp=r)\n[Run Tests/python_tests]   | lob_python.exceptions.UnauthorizedException: (401)\n[Run Tests/python_tests]   | Reason: Unauthorized\n[Run Tests/python_tests]   | HTTP response headers: HTTPHeaderDict({'Connection': 'keep-alive', 'Content-Length': '149', 'Content-Type': 'application/json; charset=utf-8', 'Access-Control-Allow-Credentials': 'true', 'Access-Control-Expose-Headers': 'WWW-Authenticate,Server-Authorization', 'Cache-Control': 'no-cache', 'Www-Authenticate': 'Basic error=\"HTTP authentication header missing username\"', 'Accept-Ranges': 'bytes', 'Date': 'Mon, 29 May 2023 14:58:55 GMT', 'Vary': 'origin', 'Strict-Transport-Security': 'max-age=300'})\n[Run Tests/python_tests]   | HTTP response body: {\n[Run Tests/python_tests]   |     \"error\": {\n[Run Tests/python_tests]   |         \"message\": \"HTTP authentication header missing username\",\n[Run Tests/python_tests]   |         \"status_code\": 401,\n[Run Tests/python_tests]   |         \"code\": \"unauthorized\"\n[Run Tests/python_tests]   |     }\n[Run Tests/python_tests]   | }\n[Run Tests/python_tests]   | \n[Run Tests/python_tests]   | \n[Run Tests/python_tests]   | ======================================================================\n[Run Tests/python_tests]   | ERROR: test_list422 (test.Integration.test_templates_api.TestTemplatesApi)\n[Run Tests/python_tests]   | Test case for list\n[Run Tests/python_tests]   | ----------------------------------------------------------------------\n[Run Tests/python_tests]   | Traceback (most recent call last):\n[Run Tests/python_tests]   |   File \"/tmp/de65f406-fe28-11ed-a890-af2cc187fc11/lob-lob-python/test/Integration/test_templates_api.py\", line 209, in test_list422\n[Run Tests/python_tests]   |     template_1 = self.api.create(self.template_writable)\n[Run Tests/python_tests]   |   File \"/tmp/de65f406-fe28-11ed-a890-af2cc187fc11/lob-lob-python/lob_python/api/templates_api.py\", line 420, in create\n[Run Tests/python_tests]   |     return self.create_endpoint.call_with_http_info(**kwargs)\n[Run Tests/python_tests]   |   File \"/tmp/de65f406-fe28-11ed-a890-af2cc187fc11/lob-lob-python/lob_python/api_client.py\", line 867, in call_with_http_info\n[Run Tests/python_tests]   |     collection_formats=params['collection_format'])\n[Run Tests/python_tests]   |   File \"/tmp/de65f406-fe28-11ed-a890-af2cc187fc11/lob-lob-python/lob_python/api_client.py\", line 416, in call_api\n[Run Tests/python_tests]   |     _check_type)\n[Run Tests/python_tests]   |   File \"/tmp/de65f406-fe28-11ed-a890-af2cc187fc11/lob-lob-python/lob_python/api_client.py\", line 204, in __call_api\n[Run Tests/python_tests]   |     raise e\n[Run Tests/python_tests]   |   File \"/tmp/de65f406-fe28-11ed-a890-af2cc187fc11/lob-lob-python/lob_python/api_client.py\", line 201, in __call_api\n[Run Tests/python_tests]   |     _request_timeout=_request_timeout)\n[Run Tests/python_tests]   |   File \"/tmp/de65f406-fe28-11ed-a890-af2cc187fc11/lob-lob-python/lob_python/api_client.py\", line 462, in request\n[Run Tests/python_tests]   |     body=body)\n[Run Tests/python_tests]   |   File \"/tmp/de65f406-fe28-11ed-a890-af2cc187fc11/lob-lob-python/lob_python/rest.py\", line 290, in POST\n[Run Tests/python_tests]   |     body=body)\n[Run Tests/python_tests]   |   File \"/tmp/de65f406-fe28-11ed-a890-af2cc187fc11/lob-lob-python/lob_python/rest.py\", line 232, in request\n[Run Tests/python_tests]   |     raise UnauthorizedException(http_resp=r)\n[Run Tests/python_tests]   | lob_python.exceptions.UnauthorizedException: (401)\n[Run Tests/python_tests]   | Reason: Unauthorized\n[Run Tests/python_tests]   | HTTP response headers: HTTPHeaderDict({'Connection': 'keep-alive', 'Content-Length': '149', 'Content-Type': 'application/json; charset=utf-8', 'Access-Control-Allow-Credentials': 'true', 'Access-Control-Expose-Headers': 'WWW-Authenticate,Server-Authorization', 'Cache-Control': 'no-cache', 'Www-Authenticate': 'Basic error=\"HTTP authentication header missing username\"', 'Accept-Ranges': 'bytes', 'Date': 'Mon, 29 May 2023 14:58:56 GMT', 'Vary': 'origin', 'Strict-Transport-Security': 'max-age=300'})\n[Run Tests/python_tests]   | HTTP response body: {\n[Run Tests/python_tests]   |     \"error\": {\n[Run Tests/python_tests]   |         \"message\": \"HTTP authentication header missing username\",\n[Run Tests/python_tests]   |         \"status_code\": 401,\n[Run Tests/python_tests]   |         \"code\": \"unauthorized\"\n[Run Tests/python_tests]   |     }\n[Run Tests/python_tests]   | }\n[Run Tests/python_tests]   | \n[Run Tests/python_tests]   | \n[Run Tests/python_tests]   | ======================================================================\n[Run Tests/python_tests]   | ERROR: test_list_other_query_params (test.Integration.test_templates_api.TestTemplatesApi)\n[Run Tests/python_tests]   | ----------------------------------------------------------------------\n[Run Tests/python_tests]   | Traceback (most recent call last):\n[Run Tests/python_tests]   |   File \"/opt/hostedtoolcache/Python/3.7.11/x64/lib/python3.7/site-packages/unittest_data_provider/__init__.py\", line 7, in repl\n[Run Tests/python_tests]   |     fn(self, *i)\n[Run Tests/python_tests]   |   File \"/tmp/de65f406-fe28-11ed-a890-af2cc187fc11/lob-lob-python/test/Integration/test_templates_api.py\", line 197, in test_list_other_query_params\n[Run Tests/python_tests]   |     response = self.api.list(**args)\n[Run Tests/python_tests]   |   File \"/tmp/de65f406-fe28-11ed-a890-af2cc187fc11/lob-lob-python/lob_python/api/templates_api.py\", line 737, in list\n[Run Tests/python_tests]   |     return self.list_endpoint.call_with_http_info(**kwargs)\n[Run Tests/python_tests]   |   File \"/tmp/de65f406-fe28-11ed-a890-af2cc187fc11/lob-lob-python/lob_python/api_client.py\", line 867, in call_with_http_info\n[Run Tests/python_tests]   |     collection_formats=params['collection_format'])\n[Run Tests/python_tests]   |   File \"/tmp/de65f406-fe28-11ed-a890-af2cc187fc11/lob-lob-python/lob_python/api_client.py\", line 416, in call_api\n[Run Tests/python_tests]   |     _check_type)\n[Run Tests/python_tests]   |   File \"/tmp/de65f406-fe28-11ed-a890-af2cc187fc11/lob-lob-python/lob_python/api_client.py\", line 204, in __call_api\n[Run Tests/python_tests]   |     raise e\n[Run Tests/python_tests]   |   File \"/tmp/de65f406-fe28-11ed-a890-af2cc187fc11/lob-lob-python/lob_python/api_client.py\", line 201, in __call_api\n[Run Tests/python_tests]   |     _request_timeout=_request_timeout)\n[Run Tests/python_tests]   |   File \"/tmp/de65f406-fe28-11ed-a890-af2cc187fc11/lob-lob-python/lob_python/api_client.py\", line 440, in request\n[Run Tests/python_tests]   |     headers=headers)\n[Run Tests/python_tests]   |   File \"/tmp/de65f406-fe28-11ed-a890-af2cc187fc11/lob-lob-python/lob_python/rest.py\", line 253, in GET\n[Run Tests/python_tests]   |     query_params=query_params)\n[Run Tests/python_tests]   |   File \"/tmp/de65f406-fe28-11ed-a890-af2cc187fc11/lob-lob-python/lob_python/rest.py\", line 232, in request\n[Run Tests/python_tests]   |     raise UnauthorizedException(http_resp=r)\n[Run Tests/python_tests]   | lob_python.exceptions.UnauthorizedException: (401)\n[Run Tests/python_tests]   | Reason: Unauthorized\n[Run Tests/python_tests]   | HTTP response headers: HTTPHeaderDict({'Connection': 'keep-alive', 'Content-Length': '149', 'Content-Type': 'application/json; charset=utf-8', 'Access-Control-Allow-Credentials': 'true', 'Access-Control-Expose-Headers': 'WWW-Authenticate,Server-Authorization', 'Cache-Control': 'no-cache', 'Www-Authenticate': 'Basic error=\"HTTP authentication header missing username\"', 'Accept-Ranges': 'bytes', 'Date': 'Mon, 29 May 2023 14:58:56 GMT', 'Vary': 'origin', 'Strict-Transport-Security': 'max-age=300'})\n[Run Tests/python_tests]   | HTTP response body: {\n[Run Tests/python_tests]   |     \"error\": {\n[Run Tests/python_tests]   |         \"message\": \"HTTP authentication header missing username\",\n[Run Tests/python_tests]   |         \"status_code\": 401,\n[Run Tests/python_tests]   |         \"code\": \"unauthorized\"\n[Run Tests/python_tests]   |     }\n[Run Tests/python_tests]   | }\n[Run Tests/python_tests]   | \n[Run Tests/python_tests]   | \n[Run Tests/python_tests]   | ======================================================================\n[Run Tests/python_tests]   | ERROR: test_update200 (test.Integration.test_templates_api.TestTemplatesApi)\n[Run Tests/python_tests]   | Test case for get\n[Run Tests/python_tests]   | ----------------------------------------------------------------------\n[Run Tests/python_tests]   | Traceback (most recent call last):\n[Run Tests/python_tests]   |   File \"/tmp/de65f406-fe28-11ed-a890-af2cc187fc11/lob-lob-python/test/Integration/test_templates_api.py\", line 125, in test_update200\n[Run Tests/python_tests]   |     created_template = self.api.create(self.template_writable)\n[Run Tests/python_tests]   |   File \"/tmp/de65f406-fe28-11ed-a890-af2cc187fc11/lob-lob-python/lob_python/api/templates_api.py\", line 420, in create\n[Run Tests/python_tests]   |     return self.create_endpoint.call_with_http_info(**kwargs)\n[Run Tests/python_tests]   |   File \"/tmp/de65f406-fe28-11ed-a890-af2cc187fc11/lob-lob-python/lob_python/api_client.py\", line 867, in call_with_http_info\n[Run Tests/python_tests]   |     collection_formats=params['collection_format'])\n[Run Tests/python_tests]   |   File \"/tmp/de65f406-fe28-11ed-a890-af2cc187fc11/lob-lob-python/lob_python/api_client.py\", line 416, in call_api\n[Run Tests/python_tests]   |     _check_type)\n[Run Tests/python_tests]   |   File \"/tmp/de65f406-fe28-11ed-a890-af2cc187fc11/lob-lob-python/lob_python/api_client.py\", line 204, in __call_api\n[Run Tests/python_tests]   |     raise e\n[Run Tests/python_tests]   |   File \"/tmp/de65f406-fe28-11ed-a890-af2cc187fc11/lob-lob-python/lob_python/api_client.py\", line 201, in __call_api\n[Run Tests/python_tests]   |     _request_timeout=_request_timeout)\n[Run Tests/python_tests]   |   File \"/tmp/de65f406-fe28-11ed-a890-af2cc187fc11/lob-lob-python/lob_python/api_client.py\", line 462, in request\n[Run Tests/python_tests]   |     body=body)\n[Run Tests/python_tests]   |   File \"/tmp/de65f406-fe28-11ed-a890-af2cc187fc11/lob-lob-python/lob_python/rest.py\", line 290, in POST\n[Run Tests/python_tests]   |     body=body)\n[Run Tests/python_tests]   |   File \"/tmp/de65f406-fe28-11ed-a890-af2cc187fc11/lob-lob-python/lob_python/rest.py\", line 232, in request\n[Run Tests/python_tests]   |     raise UnauthorizedException(http_resp=r)\n[Run Tests/python_tests]   | lob_python.exceptions.UnauthorizedException: (401)\n[Run Tests/python_tests]   | Reason: Unauthorized\n[Run Tests/python_tests]   | HTTP response headers: HTTPHeaderDict({'Connection': 'keep-alive', 'Content-Length': '149', 'Content-Type': 'application/json; charset=utf-8', 'Access-Control-Allow-Credentials': 'true', 'Access-Control-Expose-Headers': 'WWW-Authenticate,Server-Authorization', 'Cache-Control': 'no-cache', 'Www-Authenticate': 'Basic error=\"HTTP authentication header missing username\"', 'Accept-Ranges': 'bytes', 'Date': 'Mon, 29 May 2023 14:58:57 GMT', 'Vary': 'origin', 'Strict-Transport-Security': 'max-age=300'})\n[Run Tests/python_tests]   | HTTP response body: {\n[Run Tests/python_tests]   |     \"error\": {\n[Run Tests/python_tests]   |         \"message\": \"HTTP authentication header missing username\",\n[Run Tests/python_tests]   |         \"status_code\": 401,\n[Run Tests/python_tests]   |         \"code\": \"unauthorized\"\n[Run Tests/python_tests]   |     }\n[Run Tests/python_tests]   | }\n[Run Tests/python_tests]   | \n[Run Tests/python_tests]   | \n[Run Tests/python_tests]   | ======================================================================\n[Run Tests/python_tests]   | ERROR: test_us_autocompletion200 (test.Integration.test_us_autocompletions_api.TestUsAutocompletionsApi)\n[Run Tests/python_tests]   | Test case for autocomplete\n[Run Tests/python_tests]   | ----------------------------------------------------------------------\n[Run Tests/python_tests]   | Traceback (most recent call last):\n[Run Tests/python_tests]   |   File \"/tmp/de65f406-fe28-11ed-a890-af2cc187fc11/lob-lob-python/test/Integration/test_us_autocompletions_api.py\", line 62, in test_us_autocompletion200\n[Run Tests/python_tests]   |     autocompleted = self.api.autocomplete(self.valid_address)\n[Run Tests/python_tests]   |   File \"/tmp/de65f406-fe28-11ed-a890-af2cc187fc11/lob-lob-python/lob_python/api/us_autocompletions_api.py\", line 172, in autocomplete\n[Run Tests/python_tests]   |     return self.autocomplete_endpoint.call_with_http_info(**kwargs)\n[Run Tests/python_tests]   |   File \"/tmp/de65f406-fe28-11ed-a890-af2cc187fc11/lob-lob-python/lob_python/api_client.py\", line 867, in call_with_http_info\n[Run Tests/python_tests]   |     collection_formats=params['collection_format'])\n[Run Tests/python_tests]   |   File \"/tmp/de65f406-fe28-11ed-a890-af2cc187fc11/lob-lob-python/lob_python/api_client.py\", line 416, in call_api\n[Run Tests/python_tests]   |     _check_type)\n[Run Tests/python_tests]   |   File \"/tmp/de65f406-fe28-11ed-a890-af2cc187fc11/lob-lob-python/lob_python/api_client.py\", line 204, in __call_api\n[Run Tests/python_tests]   |     raise e\n[Run Tests/python_tests]   |   File \"/tmp/de65f406-fe28-11ed-a890-af2cc187fc11/lob-lob-python/lob_python/api_client.py\", line 201, in __call_api\n[Run Tests/python_tests]   |     _request_timeout=_request_timeout)\n[Run Tests/python_tests]   |   File \"/tmp/de65f406-fe28-11ed-a890-af2cc187fc11/lob-lob-python/lob_python/api_client.py\", line 462, in request\n[Run Tests/python_tests]   |     body=body)\n[Run Tests/python_tests]   |   File \"/tmp/de65f406-fe28-11ed-a890-af2cc187fc11/lob-lob-python/lob_python/rest.py\", line 290, in POST\n[Run Tests/python_tests]   |     body=body)\n[Run Tests/python_tests]   |   File \"/tmp/de65f406-fe28-11ed-a890-af2cc187fc11/lob-lob-python/lob_python/rest.py\", line 232, in request\n[Run Tests/python_tests]   |     raise UnauthorizedException(http_resp=r)\n[Run Tests/python_tests]   | lob_python.exceptions.UnauthorizedException: (401)\n[Run Tests/python_tests]   | Reason: Unauthorized\n[Run Tests/python_tests]   | HTTP response headers: HTTPHeaderDict({'Connection': 'keep-alive', 'Content-Length': '149', 'Content-Type': 'application/json; charset=utf-8', 'Access-Control-Allow-Credentials': 'true', 'Access-Control-Expose-Headers': 'WWW-Authenticate,Server-Authorization', 'Cache-Control': 'no-cache', 'Www-Authenticate': 'Basic error=\"HTTP authentication header missing username\"', 'Accept-Ranges': 'bytes', 'Date': 'Mon, 29 May 2023 14:58:58 GMT', 'Vary': 'origin', 'Strict-Transport-Security': 'max-age=300'})\n[Run Tests/python_tests]   | HTTP response body: {\n[Run Tests/python_tests]   |     \"error\": {\n[Run Tests/python_tests]   |         \"message\": \"HTTP authentication header missing username\",\n[Run Tests/python_tests]   |         \"status_code\": 401,\n[Run Tests/python_tests]   |         \"code\": \"unauthorized\"\n[Run Tests/python_tests]   |     }\n[Run Tests/python_tests]   | }\n[Run Tests/python_tests]   | \n[Run Tests/python_tests]   | \n[Run Tests/python_tests]   | ======================================================================\n[Run Tests/python_tests]   | ERROR: test_us_autocompletion_test_key_200 (test.Integration.test_us_autocompletions_api.TestUsAutocompletionsApi)\n[Run Tests/python_tests]   | Test case for autocomplete with test keys\n[Run Tests/python_tests]   | ----------------------------------------------------------------------\n[Run Tests/python_tests]   | Traceback (most recent call last):\n[Run Tests/python_tests]   |   File \"/tmp/de65f406-fe28-11ed-a890-af2cc187fc11/lob-lob-python/test/Integration/test_us_autocompletions_api.py\", line 75, in test_us_autocompletion_test_key_200\n[Run Tests/python_tests]   |     autocompleted = api.autocomplete(self.valid_address)\n[Run Tests/python_tests]   |   File \"/tmp/de65f406-fe28-11ed-a890-af2cc187fc11/lob-lob-python/lob_python/api/us_autocompletions_api.py\", line 172, in autocomplete\n[Run Tests/python_tests]   |     return self.autocomplete_endpoint.call_with_http_info(**kwargs)\n[Run Tests/python_tests]   |   File \"/tmp/de65f406-fe28-11ed-a890-af2cc187fc11/lob-lob-python/lob_python/api_client.py\", line 867, in call_with_http_info\n[Run Tests/python_tests]   |     collection_formats=params['collection_format'])\n[Run Tests/python_tests]   |   File \"/tmp/de65f406-fe28-11ed-a890-af2cc187fc11/lob-lob-python/lob_python/api_client.py\", line 416, in call_api\n[Run Tests/python_tests]   |     _check_type)\n[Run Tests/python_tests]   |   File \"/tmp/de65f406-fe28-11ed-a890-af2cc187fc11/lob-lob-python/lob_python/api_client.py\", line 204, in __call_api\n[Run Tests/python_tests]   |     raise e\n[Run Tests/python_tests]   |   File \"/tmp/de65f406-fe28-11ed-a890-af2cc187fc11/lob-lob-python/lob_python/api_client.py\", line 201, in __call_api\n[Run Tests/python_tests]   |     _request_timeout=_request_timeout)\n[Run Tests/python_tests]   |   File \"/tmp/de65f406-fe28-11ed-a890-af2cc187fc11/lob-lob-python/lob_python/api_client.py\", line 462, in request\n[Run Tests/python_tests]   |     body=body)\n[Run Tests/python_tests]   |   File \"/tmp/de65f406-fe28-11ed-a890-af2cc187fc11/lob-lob-python/lob_python/rest.py\", line 290, in POST\n[Run Tests/python_tests]   |     body=body)\n[Run Tests/python_tests]   |   File \"/tmp/de65f406-fe28-11ed-a890-af2cc187fc11/lob-lob-python/lob_python/rest.py\", line 232, in request\n[Run Tests/python_tests]   |     raise UnauthorizedException(http_resp=r)\n[Run Tests/python_tests]   | lob_python.exceptions.UnauthorizedException: (401)\n[Run Tests/python_tests]   | Reason: Unauthorized\n[Run Tests/python_tests]   | HTTP response headers: HTTPHeaderDict({'Connection': 'keep-alive', 'Content-Length': '149', 'Content-Type': 'application/json; charset=utf-8', 'Access-Control-Allow-Credentials': 'true', 'Access-Control-Expose-Headers': 'WWW-Authenticate,Server-Authorization', 'Cache-Control': 'no-cache', 'Www-Authenticate': 'Basic error=\"HTTP authentication header missing username\"', 'Accept-Ranges': 'bytes', 'Date': 'Mon, 29 May 2023 14:59:00 GMT', 'Vary': 'origin', 'Strict-Transport-Security': 'max-age=300'})\n[Run Tests/python_tests]   | HTTP response body: {\n[Run Tests/python_tests]   |     \"error\": {\n[Run Tests/python_tests]   |         \"message\": \"HTTP authentication header missing username\",\n[Run Tests/python_tests]   |         \"status_code\": 401,\n[Run Tests/python_tests]   |         \"code\": \"unauthorized\"\n[Run Tests/python_tests]   |     }\n[Run Tests/python_tests]   | }\n[Run Tests/python_tests]   | \n[Run Tests/python_tests]   | \n[Run Tests/python_tests]   | ======================================================================\n[Run Tests/python_tests]   | ERROR: test_lookup (test.Integration.test_zip_lookups_api.TestZipLookupsApi)\n[Run Tests/python_tests]   | Test case for zip_lookup\n[Run Tests/python_tests]   | ----------------------------------------------------------------------\n[Run Tests/python_tests]   | Traceback (most recent call last):\n[Run Tests/python_tests]   |   File \"/tmp/de65f406-fe28-11ed-a890-af2cc187fc11/lob-lob-python/test/Integration/test_zip_lookups_api.py\", line 62, in test_lookup\n[Run Tests/python_tests]   |     zl = self.api.lookup(self.zip)\n[Run Tests/python_tests]   |   File \"/tmp/de65f406-fe28-11ed-a890-af2cc187fc11/lob-lob-python/lob_python/api/zip_lookups_api.py\", line 172, in lookup\n[Run Tests/python_tests]   |     return self.lookup_endpoint.call_with_http_info(**kwargs)\n[Run Tests/python_tests]   |   File \"/tmp/de65f406-fe28-11ed-a890-af2cc187fc11/lob-lob-python/lob_python/api_client.py\", line 867, in call_with_http_info\n[Run Tests/python_tests]   |     collection_formats=params['collection_format'])\n[Run Tests/python_tests]   |   File \"/tmp/de65f406-fe28-11ed-a890-af2cc187fc11/lob-lob-python/lob_python/api_client.py\", line 416, in call_api\n[Run Tests/python_tests]   |     _check_type)\n[Run Tests/python_tests]   |   File \"/tmp/de65f406-fe28-11ed-a890-af2cc187fc11/lob-lob-python/lob_python/api_client.py\", line 204, in __call_api\n[Run Tests/python_tests]   |     raise e\n[Run Tests/python_tests]   |   File \"/tmp/de65f406-fe28-11ed-a890-af2cc187fc11/lob-lob-python/lob_python/api_client.py\", line 201, in __call_api\n[Run Tests/python_tests]   |     _request_timeout=_request_timeout)\n[Run Tests/python_tests]   |   File \"/tmp/de65f406-fe28-11ed-a890-af2cc187fc11/lob-lob-python/lob_python/api_client.py\", line 462, in request\n[Run Tests/python_tests]   |     body=body)\n[Run Tests/python_tests]   |   File \"/tmp/de65f406-fe28-11ed-a890-af2cc187fc11/lob-lob-python/lob_python/rest.py\", line 290, in POST\n[Run Tests/python_tests]   |     body=body)\n[Run Tests/python_tests]   |   File \"/tmp/de65f406-fe28-11ed-a890-af2cc187fc11/lob-lob-python/lob_python/rest.py\", line 232, in request\n[Run Tests/python_tests]   |     raise UnauthorizedException(http_resp=r)\n[Run Tests/python_tests]   | lob_python.exceptions.UnauthorizedException: (401)\n[Run Tests/python_tests]   | Reason: Unauthorized\n[Run Tests/python_tests]   | HTTP response headers: HTTPHeaderDict({'Connection': 'keep-alive', 'Content-Length': '149', 'Content-Type': 'application/json; charset=utf-8', 'Access-Control-Allow-Credentials': 'true', 'Access-Control-Expose-Headers': 'WWW-Authenticate,Server-Authorization', 'Cache-Control': 'no-cache', 'Www-Authenticate': 'Basic error=\"HTTP authentication header missing username\"', 'Accept-Ranges': 'bytes', 'Date': 'Mon, 29 May 2023 14:59:01 GMT', 'Vary': 'origin', 'Strict-Transport-Security': 'max-age=300'})\n[Run Tests/python_tests]   | HTTP response body: {\n[Run Tests/python_tests]   |     \"error\": {\n[Run Tests/python_tests]   |         \"message\": \"HTTP authentication header missing username\",\n[Run Tests/python_tests]   |         \"status_code\": 401,\n[Run Tests/python_tests]   |         \"code\": \"unauthorized\"\n[Run Tests/python_tests]   |     }\n[Run Tests/python_tests]   | }\n[Run Tests/python_tests]   | \n[Run Tests/python_tests]   | \n[Run Tests/python_tests]   | ======================================================================\n[Run Tests/python_tests]   | FAIL: test_create422 (test.Integration.test_addresses_api.TestAddressesApi)\n[Run Tests/python_tests]   | Test case for create\n[Run Tests/python_tests]   | ----------------------------------------------------------------------\n[Run Tests/python_tests]   | Traceback (most recent call last):\n[Run Tests/python_tests]   |   File \"/tmp/de65f406-fe28-11ed-a890-af2cc187fc11/lob-lob-python/test/Integration/test_addresses_api.py\", line 89, in test_create422\n[Run Tests/python_tests]   |     self.assertTrue(\"address_line1 is required\" in context.exception.__str__())\n[Run Tests/python_tests]   | AssertionError: False is not true\n[Run Tests/python_tests]   | \n[Run Tests/python_tests]   | ======================================================================\n[Run Tests/python_tests]   | FAIL: test_create422_addr_too_long (test.Integration.test_addresses_api.TestAddressesApi)\n[Run Tests/python_tests]   | Test case for create\n[Run Tests/python_tests]   | ----------------------------------------------------------------------\n[Run Tests/python_tests]   | Traceback (most recent call last):\n[Run Tests/python_tests]   |   File \"/tmp/de65f406-fe28-11ed-a890-af2cc187fc11/lob-lob-python/test/Integration/test_addresses_api.py\", line 122, in test_create422_addr_too_long\n[Run Tests/python_tests]   |     self.assertTrue(\"address_line1 length must be less than or equal to 64 characters long\" in context.exception.__str__())\n[Run Tests/python_tests]   | AssertionError: False is not true\n[Run Tests/python_tests]   | \n[Run Tests/python_tests]   | ======================================================================\n[Run Tests/python_tests]   | FAIL: test_create422_invalid_zip (test.Integration.test_addresses_api.TestAddressesApi)\n[Run Tests/python_tests]   | Test case for create\n[Run Tests/python_tests]   | ----------------------------------------------------------------------\n[Run Tests/python_tests]   | Traceback (most recent call last):\n[Run Tests/python_tests]   |   File \"/tmp/de65f406-fe28-11ed-a890-af2cc187fc11/lob-lob-python/test/Integration/test_addresses_api.py\", line 105, in test_create422_invalid_zip\n[Run Tests/python_tests]   |     self.assertTrue(\"address_zip is not a valid ZIP code\" in context.exception.__str__())\n[Run Tests/python_tests]   | AssertionError: False is not true\n[Run Tests/python_tests]   | \n[Run Tests/python_tests]   | ======================================================================\n[Run Tests/python_tests]   | FAIL: test_delete404 (test.Integration.test_addresses_api.TestAddressesApi)\n[Run Tests/python_tests]   | Test case for delete\n[Run Tests/python_tests]   | ----------------------------------------------------------------------\n[Run Tests/python_tests]   | Traceback (most recent call last):\n[Run Tests/python_tests]   |   File \"/tmp/de65f406-fe28-11ed-a890-af2cc187fc11/lob-lob-python/test/Integration/test_addresses_api.py\", line 243, in test_delete404\n[Run Tests/python_tests]   |     self.assertTrue(\"address not found\" in context.exception.__str__())\n[Run Tests/python_tests]   | AssertionError: False is not true\n[Run Tests/python_tests]   | \n[Run Tests/python_tests]   | ======================================================================\n[Run Tests/python_tests]   | FAIL: test_get404 (test.Integration.test_addresses_api.TestAddressesApi)\n[Run Tests/python_tests]   | Test case for get\n[Run Tests/python_tests]   | ----------------------------------------------------------------------\n[Run Tests/python_tests]   | Traceback (most recent call last):\n[Run Tests/python_tests]   |   File \"/tmp/de65f406-fe28-11ed-a890-af2cc187fc11/lob-lob-python/test/Integration/test_addresses_api.py\", line 142, in test_get404\n[Run Tests/python_tests]   |     self.assertTrue(\"address not found\" in context.exception.__str__())\n[Run Tests/python_tests]   | AssertionError: False is not true\n[Run Tests/python_tests]   | \n[Run Tests/python_tests]   | ======================================================================\n[Run Tests/python_tests]   | FAIL: test_delete404 (test.Integration.test_bank_accounts_api.TestBankAccountsApi)\n[Run Tests/python_tests]   | Test case for delete\n[Run Tests/python_tests]   | ----------------------------------------------------------------------\n[Run Tests/python_tests]   | Traceback (most recent call last):\n[Run Tests/python_tests]   |   File \"/tmp/de65f406-fe28-11ed-a890-af2cc187fc11/lob-lob-python/test/Integration/test_bank_accounts_api.py\", line 272, in test_delete404\n[Run Tests/python_tests]   |     self.assertTrue(\"bank account not found\" in context.exception.__str__())\n[Run Tests/python_tests]   | AssertionError: False is not true\n[Run Tests/python_tests]   | \n[Run Tests/python_tests]   | ======================================================================\n[Run Tests/python_tests]   | FAIL: test_get404 (test.Integration.test_bank_accounts_api.TestBankAccountsApi)\n[Run Tests/python_tests]   | Test case for get\n[Run Tests/python_tests]   | ----------------------------------------------------------------------\n[Run Tests/python_tests]   | Traceback (most recent call last):\n[Run Tests/python_tests]   |   File \"/tmp/de65f406-fe28-11ed-a890-af2cc187fc11/lob-lob-python/test/Integration/test_bank_accounts_api.py\", line 160, in test_get404\n[Run Tests/python_tests]   |     self.assertTrue(\"bank account not found\" in context.exception.__str__())\n[Run Tests/python_tests]   | AssertionError: False is not true\n[Run Tests/python_tests]   | \n[Run Tests/python_tests]   | ======================================================================\n[Run Tests/python_tests]   | FAIL: test_verify404 (test.Integration.test_bank_accounts_api.TestBankAccountsApi)\n[Run Tests/python_tests]   | Test case for get\n[Run Tests/python_tests]   | ----------------------------------------------------------------------\n[Run Tests/python_tests]   | Traceback (most recent call last):\n[Run Tests/python_tests]   |   File \"/tmp/de65f406-fe28-11ed-a890-af2cc187fc11/lob-lob-python/test/Integration/test_bank_accounts_api.py\", line 140, in test_verify404\n[Run Tests/python_tests]   |     self.assertTrue(\"bank account not found\" in context.exception.__str__())\n[Run Tests/python_tests]   | AssertionError: False is not true\n[Run Tests/python_tests]   | \n[Run Tests/python_tests]   | ======================================================================\n[Run Tests/python_tests]   | FAIL: test_get404 (test.Integration.test_billing_groups_api.TestBillingGroupsApi)\n[Run Tests/python_tests]   | Test case for get\n[Run Tests/python_tests]   | ----------------------------------------------------------------------\n[Run Tests/python_tests]   | Traceback (most recent call last):\n[Run Tests/python_tests]   |   File \"/tmp/de65f406-fe28-11ed-a890-af2cc187fc11/lob-lob-python/test/Integration/test_billing_groups_api.py\", line 103, in test_get404\n[Run Tests/python_tests]   |     self.assertTrue(\"billing_group not found\" in context.exception.__str__())\n[Run Tests/python_tests]   | AssertionError: False is not true\n[Run Tests/python_tests]   | \n[Run Tests/python_tests]   | ======================================================================\n[Run Tests/python_tests]   | FAIL: test_update404 (test.Integration.test_billing_groups_api.TestBillingGroupsApi)\n[Run Tests/python_tests]   | Test case for update\n[Run Tests/python_tests]   | ----------------------------------------------------------------------\n[Run Tests/python_tests]   | Traceback (most recent call last):\n[Run Tests/python_tests]   |   File \"/tmp/de65f406-fe28-11ed-a890-af2cc187fc11/lob-lob-python/test/Integration/test_billing_groups_api.py\", line 164, in test_update404\n[Run Tests/python_tests]   |     self.assertTrue(\"billing_group not found\" in context.exception.__str__())\n[Run Tests/python_tests]   | AssertionError: False is not true\n[Run Tests/python_tests]   | \n[Run Tests/python_tests]   | ======================================================================\n[Run Tests/python_tests]   | FAIL: test_delete404 (test.Integration.test_cards_api.TestCardsApi)\n[Run Tests/python_tests]   | Test case for delete\n[Run Tests/python_tests]   | ----------------------------------------------------------------------\n[Run Tests/python_tests]   | Traceback (most recent call last):\n[Run Tests/python_tests]   |   File \"/tmp/de65f406-fe28-11ed-a890-af2cc187fc11/lob-lob-python/test/Integration/test_cards_api.py\", line 196, in test_delete404\n[Run Tests/python_tests]   |     self.assertTrue(\"card not found\" in context.exception.__str__())\n[Run Tests/python_tests]   | AssertionError: False is not true\n[Run Tests/python_tests]   | \n[Run Tests/python_tests]   | ======================================================================\n[Run Tests/python_tests]   | FAIL: test_get404 (test.Integration.test_cards_api.TestCardsApi)\n[Run Tests/python_tests]   | Test case for get\n[Run Tests/python_tests]   | ----------------------------------------------------------------------\n[Run Tests/python_tests]   | Traceback (most recent call last):\n[Run Tests/python_tests]   |   File \"/tmp/de65f406-fe28-11ed-a890-af2cc187fc11/lob-lob-python/test/Integration/test_cards_api.py\", line 103, in test_get404\n[Run Tests/python_tests]   |     self.assertTrue(\"card not found\" in context.exception.__str__())\n[Run Tests/python_tests]   | AssertionError: False is not true\n[Run Tests/python_tests]   | \n[Run Tests/python_tests]   | ======================================================================\n[Run Tests/python_tests]   | FAIL: test_update404 (test.Integration.test_cards_api.TestCardsApi)\n[Run Tests/python_tests]   | Test case for update\n[Run Tests/python_tests]   | ----------------------------------------------------------------------\n[Run Tests/python_tests]   | Traceback (most recent call last):\n[Run Tests/python_tests]   |   File \"/tmp/de65f406-fe28-11ed-a890-af2cc187fc11/lob-lob-python/test/Integration/test_cards_api.py\", line 129, in test_update404\n[Run Tests/python_tests]   |     self.assertTrue(\"card not found\" in context.exception.__str__())\n[Run Tests/python_tests]   | AssertionError: False is not true\n[Run Tests/python_tests]   | \n[Run Tests/python_tests]   | ======================================================================\n[Run Tests/python_tests]   | FAIL: test_invalid_lookup (test.Integration.test_id_validation_api.TestIdentityValidationApi)\n[Run Tests/python_tests]   | Test case for identity_validation\n[Run Tests/python_tests]   | ----------------------------------------------------------------------\n[Run Tests/python_tests]   | Traceback (most recent call last):\n[Run Tests/python_tests]   |   File \"/tmp/de65f406-fe28-11ed-a890-af2cc187fc11/lob-lob-python/test/Integration/test_id_validation_api.py\", line 93, in test_invalid_lookup\n[Run Tests/python_tests]   |     self.assertTrue(\"only recipient or company is allowed\" in context.exception.__str__())\n[Run Tests/python_tests]   | AssertionError: False is not true\n[Run Tests/python_tests]   | \n[Run Tests/python_tests]   | ======================================================================\n[Run Tests/python_tests]   | FAIL: test_lookup_error (test.Integration.test_id_validation_api.TestIdentityValidationApi)\n[Run Tests/python_tests]   | Test case for identity_validation\n[Run Tests/python_tests]   | ----------------------------------------------------------------------\n[Run Tests/python_tests]   | Traceback (most recent call last):\n[Run Tests/python_tests]   |   File \"/tmp/de65f406-fe28-11ed-a890-af2cc187fc11/lob-lob-python/test/Integration/test_id_validation_api.py\", line 111, in test_lookup_error\n[Run Tests/python_tests]   |     self.assertTrue(\"zip_code must be in a valid zip or zip+4 format\" in context.exception.__str__())\n[Run Tests/python_tests]   | AssertionError: False is not true\n[Run Tests/python_tests]   | \n[Run Tests/python_tests]   | ======================================================================\n[Run Tests/python_tests]   | FAIL: test_intl_autocompletion422 (test.Integration.test_intl_autocompletions_api.TestIntlAutocompletionsApi)\n[Run Tests/python_tests]   | Test case for autocomplete error\n[Run Tests/python_tests]   | ----------------------------------------------------------------------\n[Run Tests/python_tests]   | Traceback (most recent call last):\n[Run Tests/python_tests]   |   File \"/tmp/de65f406-fe28-11ed-a890-af2cc187fc11/lob-lob-python/test/Integration/test_intl_autocompletions_api.py\", line 95, in test_intl_autocompletion422\n[Run Tests/python_tests]   |     self.assertTrue(\"potato is not allowed\" in context.exception.__str__())\n[Run Tests/python_tests]   | AssertionError: False is not true\n[Run Tests/python_tests]   | \n[Run Tests/python_tests]   | ======================================================================\n[Run Tests/python_tests]   | FAIL: test_verifyBulk422 (test.Integration.test_intl_verifications_api.TestIntlVerificationsApi)\n[Run Tests/python_tests]   | Test case for verifyBulk\n[Run Tests/python_tests]   | ----------------------------------------------------------------------\n[Run Tests/python_tests]   | Traceback (most recent call last):\n[Run Tests/python_tests]   |   File \"/tmp/de65f406-fe28-11ed-a890-af2cc187fc11/lob-lob-python/test/Integration/test_intl_verifications_api.py\", line 108, in test_verifyBulk422\n[Run Tests/python_tests]   |     self.assertTrue(\"Unprocessable Entity\" in context.exception.__str__())\n[Run Tests/python_tests]   | AssertionError: False is not true\n[Run Tests/python_tests]   | \n[Run Tests/python_tests]   | ======================================================================\n[Run Tests/python_tests]   | FAIL: test_create422_intl_from (test.Integration.test_letters_api.TestLettersApi)\n[Run Tests/python_tests]   | Test case for create\n[Run Tests/python_tests]   | ----------------------------------------------------------------------\n[Run Tests/python_tests]   | Traceback (most recent call last):\n[Run Tests/python_tests]   |   File \"/tmp/de65f406-fe28-11ed-a890-af2cc187fc11/lob-lob-python/test/Integration/test_letters_api.py\", line 255, in test_create422_intl_from\n[Run Tests/python_tests]   |     self.assertTrue(\"The 'from' address must be a US address\" in context.exception.__str__())\n[Run Tests/python_tests]   | AssertionError: False is not true\n[Run Tests/python_tests]   | \n[Run Tests/python_tests]   | ======================================================================\n[Run Tests/python_tests]   | FAIL: test_create422_perforation_and_return_envelope_not_together (test.Integration.test_letters_api.TestLettersApi)\n[Run Tests/python_tests]   | Test case for create\n[Run Tests/python_tests]   | ----------------------------------------------------------------------\n[Run Tests/python_tests]   | Traceback (most recent call last):\n[Run Tests/python_tests]   |   File \"/tmp/de65f406-fe28-11ed-a890-af2cc187fc11/lob-lob-python/test/Integration/test_letters_api.py\", line 239, in test_create422_perforation_and_return_envelope_not_together\n[Run Tests/python_tests]   |     self.assertTrue(\"return_envelope and perforation must be used together\" in context.exception.__str__())\n[Run Tests/python_tests]   | AssertionError: False is not true\n[Run Tests/python_tests]   | \n[Run Tests/python_tests]   | ======================================================================\n[Run Tests/python_tests]   | FAIL: test_create422_perforation_greater_than_num_pages (test.Integration.test_letters_api.TestLettersApi)\n[Run Tests/python_tests]   | Test case for create\n[Run Tests/python_tests]   | ----------------------------------------------------------------------\n[Run Tests/python_tests]   | Traceback (most recent call last):\n[Run Tests/python_tests]   |   File \"/tmp/de65f406-fe28-11ed-a890-af2cc187fc11/lob-lob-python/test/Integration/test_letters_api.py\", line 222, in test_create422_perforation_greater_than_num_pages\n[Run Tests/python_tests]   |     self.assertTrue(\"perforation number must be less than or equal to the number of pages\" in context.exception.__str__())\n[Run Tests/python_tests]   | AssertionError: False is not true\n[Run Tests/python_tests]   | \n[Run Tests/python_tests]   | ======================================================================\n[Run Tests/python_tests]   | FAIL: test_create_certified422_custom_envelope_with_certified (test.Integration.test_letters_api.TestLettersApi)\n[Run Tests/python_tests]   | Test case for create\n[Run Tests/python_tests]   | ----------------------------------------------------------------------\n[Run Tests/python_tests]   | Traceback (most recent call last):\n[Run Tests/python_tests]   |   File \"/tmp/de65f406-fe28-11ed-a890-af2cc187fc11/lob-lob-python/test/Integration/test_letters_api.py\", line 273, in test_create_certified422_custom_envelope_with_certified\n[Run Tests/python_tests]   |     self.assertTrue(\"Certified mail cannot be sent with custom envelopes\" in context.exception.__str__())\n[Run Tests/python_tests]   | AssertionError: False is not true\n[Run Tests/python_tests]   | \n[Run Tests/python_tests]   | ======================================================================\n[Run Tests/python_tests]   | FAIL: test_create_certified422_only_US (test.Integration.test_letters_api.TestLettersApi)\n[Run Tests/python_tests]   | Test case for create\n[Run Tests/python_tests]   | ----------------------------------------------------------------------\n[Run Tests/python_tests]   | Traceback (most recent call last):\n[Run Tests/python_tests]   |   File \"/tmp/de65f406-fe28-11ed-a890-af2cc187fc11/lob-lob-python/test/Integration/test_letters_api.py\", line 290, in test_create_certified422_only_US\n[Run Tests/python_tests]   |     self.assertTrue(\"Certified mail can only sent within the United States\" in context.exception.__str__())\n[Run Tests/python_tests]   | AssertionError: False is not true\n[Run Tests/python_tests]   | \n[Run Tests/python_tests]   | ======================================================================\n[Run Tests/python_tests]   | FAIL: test_get404 (test.Integration.test_letters_api.TestLettersApi)\n[Run Tests/python_tests]   | Test case for get\n[Run Tests/python_tests]   | ----------------------------------------------------------------------\n[Run Tests/python_tests]   | Traceback (most recent call last):\n[Run Tests/python_tests]   |   File \"/tmp/de65f406-fe28-11ed-a890-af2cc187fc11/lob-lob-python/test/Integration/test_letters_api.py\", line 310, in test_get404\n[Run Tests/python_tests]   |     self.assertTrue(\"letter not found\" in context.exception.__str__())\n[Run Tests/python_tests]   | AssertionError: False is not true\n[Run Tests/python_tests]   | \n[Run Tests/python_tests]   | ======================================================================\n[Run Tests/python_tests]   | FAIL: test_delete404 (test.Integration.test_templates_api.TestTemplatesApi)\n[Run Tests/python_tests]   | Test case for delete\n[Run Tests/python_tests]   | ----------------------------------------------------------------------\n[Run Tests/python_tests]   | Traceback (most recent call last):\n[Run Tests/python_tests]   |   File \"/tmp/de65f406-fe28-11ed-a890-af2cc187fc11/lob-lob-python/test/Integration/test_templates_api.py\", line 233, in test_delete404\n[Run Tests/python_tests]   |     self.assertTrue(\"template cannot be deleted\" in context.exception.__str__())\n[Run Tests/python_tests]   | AssertionError: False is not true\n[Run Tests/python_tests]   | \n[Run Tests/python_tests]   | ======================================================================\n[Run Tests/python_tests]   | FAIL: test_get404 (test.Integration.test_templates_api.TestTemplatesApi)\n[Run Tests/python_tests]   | Test case for get\n[Run Tests/python_tests]   | ----------------------------------------------------------------------\n[Run Tests/python_tests]   | Traceback (most recent call last):\n[Run Tests/python_tests]   |   File \"/tmp/de65f406-fe28-11ed-a890-af2cc187fc11/lob-lob-python/test/Integration/test_templates_api.py\", line 115, in test_get404\n[Run Tests/python_tests]   |     self.assertTrue(\"template not found\" in context.exception.__str__())\n[Run Tests/python_tests]   | AssertionError: False is not true\n[Run Tests/python_tests]   | \n[Run Tests/python_tests]   | ======================================================================\n[Run Tests/python_tests]   | FAIL: test_update404 (test.Integration.test_templates_api.TestTemplatesApi)\n[Run Tests/python_tests]   | Test case for update\n[Run Tests/python_tests]   | ----------------------------------------------------------------------\n[Run Tests/python_tests]   | Traceback (most recent call last):\n[Run Tests/python_tests]   |   File \"/tmp/de65f406-fe28-11ed-a890-af2cc187fc11/lob-lob-python/test/Integration/test_templates_api.py\", line 141, in test_update404\n[Run Tests/python_tests]   |     self.assertTrue(\"template not found\" in context.exception.__str__())\n[Run Tests/python_tests]   | AssertionError: False is not true\n[Run Tests/python_tests]   | \n[Run Tests/python_tests]   | ======================================================================\n[Run Tests/python_tests]   | FAIL: test_us_autocompletion422 (test.Integration.test_us_autocompletions_api.TestUsAutocompletionsApi)\n[Run Tests/python_tests]   | Test case for autocomplete error\n[Run Tests/python_tests]   | ----------------------------------------------------------------------\n[Run Tests/python_tests]   | Traceback (most recent call last):\n[Run Tests/python_tests]   |   File \"/tmp/de65f406-fe28-11ed-a890-af2cc187fc11/lob-lob-python/test/Integration/test_us_autocompletions_api.py\", line 92, in test_us_autocompletion422\n[Run Tests/python_tests]   |     self.assertTrue(\"country is not allowed\" in context.exception.__str__())\n[Run Tests/python_tests]   | AssertionError: False is not true\n[Run Tests/python_tests]   | \n[Run Tests/python_tests]   | ======================================================================\n[Run Tests/python_tests]   | FAIL: test_lookup_error (test.Integration.test_zip_lookups_api.TestZipLookupsApi)\n[Run Tests/python_tests]   | Test case for zip_lookup\n[Run Tests/python_tests]   | ----------------------------------------------------------------------\n[Run Tests/python_tests]   | Traceback (most recent call last):\n[Run Tests/python_tests]   |   File \"/tmp/de65f406-fe28-11ed-a890-af2cc187fc11/lob-lob-python/test/Integration/test_zip_lookups_api.py\", line 77, in test_lookup_error\n[Run Tests/python_tests]   |     self.assertTrue(\"invalid zip code\" in context.exception.__str__())\n[Run Tests/python_tests]   | AssertionError: False is not true\n[Run Tests/python_tests]   | \n[Run Tests/python_tests]   | ----------------------------------------------------------------------\n[Run Tests/python_tests]   | Ran 91 tests in 45.166s\n[Run Tests/python_tests]   | \n[Run Tests/python_tests]   | FAILED (failures=28, errors=55, skipped=1)\n[Run Tests/python_tests]   \u274c  Failure - Main Run Integration Tests\n[Run Tests/python_tests] exitcode '1': failure\n[Run Tests/python_tests] \ud83c\udfc1  Job failed\n",
    "actions_stderr": "Error: Job 'python_tests' failed\n"
}