{
    "repository": "malthe/pq",
    "clone_url": "https://github.com/malthe/pq.git",
    "timestamp": "2023-05-29T15:00:10.489475Z",
    "clone_success": true,
    "number of actions": 1,
    "number_of_test_actions": 1,
    "actions_successful": false,
    "actions_stdout": "[PQ/ci] \ud83d\ude80  Start image=crawlergpt:latest\n[PQ/ci]   \ud83d\udc33  docker pull image=crawlergpt:latest platform= username= forcePull=false\n[PQ/ci]   \ud83d\udc33  docker create image=crawlergpt:latest platform= entrypoint=[\"tail\" \"-f\" \"/dev/null\"] cmd=[]\n[PQ/ci]   \ud83d\udc33  docker run image=crawlergpt:latest platform= entrypoint=[\"tail\" \"-f\" \"/dev/null\"] cmd=[]\n[PQ/ci]   \ud83d\udc33  docker exec cmd=[chown -R 1012:1000 /tmp/de65f406-fe28-11ed-a890-af2cc187fc11/malthe-pq] user=0 workdir=\n[PQ/ci]   \u2601  git clone 'https://github.com/actions/setup-python' # ref=v2\n[PQ/ci] \ud83e\uddea  Matrix: map[postgres-version:9 python-version:3.x]\n[PQ/ci] \u2b50 Run Main actions/checkout@master\n[PQ/ci]   \u2705  Success - Main actions/checkout@master\n[PQ/ci] \u2b50 Run Main actions/setup-python@v2\n[PQ/ci]   \ud83d\udc33  docker cp src=/home/andre-silva/.cache/act/actions-setup-python@v2/ dst=/var/run/act/actions/actions-setup-python@v2/\n[PQ/ci]   \ud83d\udc33  docker exec cmd=[chown -R 1012:1000 /var/run/act/actions/actions-setup-python@v2/] user=0 workdir=\n[PQ/ci]   \ud83d\udc33  docker exec cmd=[node /var/run/act/actions/actions-setup-python@v2/dist/setup/index.js] user= workdir=\n[PQ/ci]   \ud83d\udcac  ::debug::Semantic version spec of 3.x is 3.x\n[PQ/ci]   \ud83d\udcac  ::debug::isExplicit: \n[PQ/ci]   \ud83d\udcac  ::debug::explicit? false\n[PQ/ci]   \ud83d\udcac  ::debug::isExplicit: 2.7.18\n[PQ/ci]   \ud83d\udcac  ::debug::explicit? true\n[PQ/ci]   \ud83d\udcac  ::debug::isExplicit: 3.5.10\n[PQ/ci]   \ud83d\udcac  ::debug::explicit? true\n[PQ/ci]   \ud83d\udcac  ::debug::isExplicit: 3.6.14\n[PQ/ci]   \ud83d\udcac  ::debug::explicit? true\n[PQ/ci]   \ud83d\udcac  ::debug::isExplicit: 3.7.11\n[PQ/ci]   \ud83d\udcac  ::debug::explicit? true\n[PQ/ci]   \ud83d\udcac  ::debug::isExplicit: 3.8.11\n[PQ/ci]   \ud83d\udcac  ::debug::explicit? true\n[PQ/ci]   \ud83d\udcac  ::debug::isExplicit: 3.9.6\n[PQ/ci]   \ud83d\udcac  ::debug::explicit? true\n[PQ/ci]   \ud83d\udcac  ::debug::evaluating 6 versions\n[PQ/ci]   \ud83d\udcac  ::debug::matched: 3.9.6\n[PQ/ci]   \ud83d\udcac  ::debug::checking cache: /opt/hostedtoolcache/Python/3.9.6/x64\n[PQ/ci]   \ud83d\udcac  ::debug::Found tool in cache Python 3.9.6 x64\n[PQ/ci]   | Successfully setup CPython (3.9.6)\n[PQ/ci]   \u2753 add-matcher /run/act/actions/actions-setup-python@v2/.github/python.json\n[PQ/ci]   \u2705  Success - Main actions/setup-python@v2\n[PQ/ci]   \u2699  ::set-env:: pythonLocation=/opt/hostedtoolcache/Python/3.9.6/x64\n[PQ/ci]   \u2699  ::set-env:: LD_LIBRARY_PATH=/opt/hostedtoolcache/Python/3.9.6/x64/lib\n[PQ/ci]   \u2699  ::set-output:: python-version=3.9.6\n[PQ/ci]   \u2699  ::add-path:: /opt/hostedtoolcache/Python/3.9.6/x64\n[PQ/ci]   \u2699  ::add-path:: /opt/hostedtoolcache/Python/3.9.6/x64/bin\n[PQ/ci] \u2b50 Run Main python -m pip install --upgrade pip setuptools wheel && python setup.py test\n[PQ/ci]   \ud83d\udc33  docker exec cmd=[bash --noprofile --norc -e -o pipefail /var/run/act/workflow/2] user= workdir=\n[PQ/ci]   | Requirement already satisfied: pip in /opt/hostedtoolcache/Python/3.9.6/x64/lib/python3.9/site-packages (21.2.4)\n[PQ/ci]   | Collecting pip\n[PQ/ci]   |   Downloading pip-23.1.2-py3-none-any.whl (2.1 MB)\n[PQ/ci]   | Requirement already satisfied: setuptools in /opt/hostedtoolcache/Python/3.9.6/x64/lib/python3.9/site-packages (56.0.0)\n[PQ/ci]   | Collecting setuptools\n[PQ/ci]   |   Downloading setuptools-67.8.0-py3-none-any.whl (1.1 MB)\n[PQ/ci]   | Collecting wheel\n[PQ/ci]   |   Downloading wheel-0.40.0-py3-none-any.whl (64 kB)\n[PQ/ci]   | Installing collected packages: wheel, setuptools, pip\n[PQ/ci]   |   Attempting uninstall: setuptools\n[PQ/ci]   |     Found existing installation: setuptools 56.0.0\n[PQ/ci]   |     Uninstalling setuptools-56.0.0:\n[PQ/ci]   |       Successfully uninstalled setuptools-56.0.0\n[PQ/ci]   |   Attempting uninstall: pip\n[PQ/ci]   |     Found existing installation: pip 21.2.4\n[PQ/ci]   |     Uninstalling pip-21.2.4:\n[PQ/ci]   |       Successfully uninstalled pip-21.2.4\n[PQ/ci]   | Successfully installed pip-23.1.2 setuptools-67.8.0 wheel-0.40.0\n[PQ/ci]   | /opt/hostedtoolcache/Python/3.9.6/x64/lib/python3.9/site-packages/setuptools/dist.py:519: InformationOnly: Normalizing '1.9.2-dev' to '1.9.2.dev0'\n[PQ/ci]   |   self.metadata.version = self._normalize_version(\n[PQ/ci]   | running test\n[PQ/ci]   | WARNING: Testing via this command is deprecated and will be removed in a future version. Users looking for a generic test entry point independent of test runner are encouraged to use tox.\n[PQ/ci]   | /opt/hostedtoolcache/Python/3.9.6/x64/lib/python3.9/site-packages/setuptools/command/test.py:194: _DeprecatedInstaller: setuptools.installer and fetch_build_eggs are deprecated.\n[PQ/ci]   | !!\n[PQ/ci]   | \n[PQ/ci]   |         ********************************************************************************\n[PQ/ci]   |         Requirements should be satisfied by a PEP 517 installer.\n[PQ/ci]   |         If you are using pip, you can try `pip install --use-pep517`.\n[PQ/ci]   |         ********************************************************************************\n[PQ/ci]   | \n[PQ/ci]   | !!\n[PQ/ci]   |   ir_d = dist.fetch_build_eggs(dist.install_requires)\n[PQ/ci]   | /opt/hostedtoolcache/Python/3.9.6/x64/lib/python3.9/site-packages/setuptools/command/test.py:195: _DeprecatedInstaller: setuptools.installer and fetch_build_eggs are deprecated.\n[PQ/ci]   | !!\n[PQ/ci]   | \n[PQ/ci]   |         ********************************************************************************\n[PQ/ci]   |         Requirements should be satisfied by a PEP 517 installer.\n[PQ/ci]   |         If you are using pip, you can try `pip install --use-pep517`.\n[PQ/ci]   |         ********************************************************************************\n[PQ/ci]   | \n[PQ/ci]   | !!\n[PQ/ci]   |   tr_d = dist.fetch_build_eggs(dist.tests_require or [])\n[PQ/ci]   | /opt/hostedtoolcache/Python/3.9.6/x64/lib/python3.9/site-packages/setuptools/command/test.py:196: _DeprecatedInstaller: setuptools.installer and fetch_build_eggs are deprecated.\n[PQ/ci]   | !!\n[PQ/ci]   | \n[PQ/ci]   |         ********************************************************************************\n[PQ/ci]   |         Requirements should be satisfied by a PEP 517 installer.\n[PQ/ci]   |         If you are using pip, you can try `pip install --use-pep517`.\n[PQ/ci]   |         ********************************************************************************\n[PQ/ci]   | \n[PQ/ci]   | !!\n[PQ/ci]   |   er_d = dist.fetch_build_eggs(\n[PQ/ci]   | running egg_info\n[PQ/ci]   | creating pq.egg-info\n[PQ/ci]   | writing pq.egg-info/PKG-INFO\n[PQ/ci]   | writing dependency_links to pq.egg-info/dependency_links.txt\n[PQ/ci]   | writing top-level names to pq.egg-info/top_level.txt\n[PQ/ci]   | writing manifest file 'pq.egg-info/SOURCES.txt'\n[PQ/ci]   | reading manifest file 'pq.egg-info/SOURCES.txt'\n[PQ/ci]   | reading manifest template 'MANIFEST.in'\n[PQ/ci]   | writing manifest file 'pq.egg-info/SOURCES.txt'\n[PQ/ci]   | running build_ext\n[PQ/ci]   | ERROR\n[PQ/ci]   | ERROR\n[PQ/ci]   | ERROR\n[PQ/ci]   | ERROR\n[PQ/ci]   | \n[PQ/ci]   | ======================================================================\n[PQ/ci]   | ERROR: setUpClass (tests.CursorTest)\n[PQ/ci]   | ----------------------------------------------------------------------\n[PQ/ci]   | Traceback (most recent call last):\n[PQ/ci]   |   File \"/tmp/de65f406-fe28-11ed-a890-af2cc187fc11/malthe-pq/tests.py\", line 73, in setUpClass\n[PQ/ci]   |     pool = cls.pool = ThreadedConnectionPool(\n[PQ/ci]   |   File \"/tmp/de65f406-fe28-11ed-a890-af2cc187fc11/malthe-pq/.eggs/psycopg2cffi-2.9.0-py3.9-linux-x86_64.egg/psycopg2cffi/pool.py\", line 157, in __init__\n[PQ/ci]   |     AbstractConnectionPool.__init__(\n[PQ/ci]   |   File \"/tmp/de65f406-fe28-11ed-a890-af2cc187fc11/malthe-pq/.eggs/psycopg2cffi-2.9.0-py3.9-linux-x86_64.egg/psycopg2cffi/pool.py\", line 60, in __init__\n[PQ/ci]   |     self._connect()\n[PQ/ci]   |   File \"/tmp/de65f406-fe28-11ed-a890-af2cc187fc11/malthe-pq/.eggs/psycopg2cffi-2.9.0-py3.9-linux-x86_64.egg/psycopg2cffi/pool.py\", line 64, in _connect\n[PQ/ci]   |     conn = psycopg2.connect(*self._args, **self._kwargs)\n[PQ/ci]   |   File \"/tmp/de65f406-fe28-11ed-a890-af2cc187fc11/malthe-pq/.eggs/psycopg2cffi-2.9.0-py3.9-linux-x86_64.egg/psycopg2cffi/__init__.py\", line 111, in connect\n[PQ/ci]   |     conn = _connect(dsn, connection_factory=connection_factory, async_=async_)\n[PQ/ci]   |   File \"/tmp/de65f406-fe28-11ed-a890-af2cc187fc11/malthe-pq/.eggs/psycopg2cffi-2.9.0-py3.9-linux-x86_64.egg/psycopg2cffi/_impl/connection.py\", line 907, in _connect\n[PQ/ci]   |     return connection_factory(dsn)\n[PQ/ci]   |   File \"/tmp/de65f406-fe28-11ed-a890-af2cc187fc11/malthe-pq/.eggs/psycopg2cffi-2.9.0-py3.9-linux-x86_64.egg/psycopg2cffi/_impl/connection.py\", line 148, in __init__\n[PQ/ci]   |     self._connect_sync()\n[PQ/ci]   |   File \"/tmp/de65f406-fe28-11ed-a890-af2cc187fc11/malthe-pq/.eggs/psycopg2cffi-2.9.0-py3.9-linux-x86_64.egg/psycopg2cffi/_impl/connection.py\", line 157, in _connect_sync\n[PQ/ci]   |     raise self._create_exception()\n[PQ/ci]   | psycopg2cffi._impl.exceptions.OperationalError: invalid integer value \"host=localhost\" for connection option \"port\"\n[PQ/ci]   | \n[PQ/ci]   | \n[PQ/ci]   | ======================================================================\n[PQ/ci]   | ERROR: setUpClass (tests.QueueTest)\n[PQ/ci]   | ----------------------------------------------------------------------\n[PQ/ci]   | Traceback (most recent call last):\n[PQ/ci]   |   File \"/tmp/de65f406-fe28-11ed-a890-af2cc187fc11/malthe-pq/tests.py\", line 73, in setUpClass\n[PQ/ci]   |     pool = cls.pool = ThreadedConnectionPool(\n[PQ/ci]   |   File \"/tmp/de65f406-fe28-11ed-a890-af2cc187fc11/malthe-pq/.eggs/psycopg2cffi-2.9.0-py3.9-linux-x86_64.egg/psycopg2cffi/pool.py\", line 157, in __init__\n[PQ/ci]   |     AbstractConnectionPool.__init__(\n[PQ/ci]   |   File \"/tmp/de65f406-fe28-11ed-a890-af2cc187fc11/malthe-pq/.eggs/psycopg2cffi-2.9.0-py3.9-linux-x86_64.egg/psycopg2cffi/pool.py\", line 60, in __init__\n[PQ/ci]   |     self._connect()\n[PQ/ci]   |   File \"/tmp/de65f406-fe28-11ed-a890-af2cc187fc11/malthe-pq/.eggs/psycopg2cffi-2.9.0-py3.9-linux-x86_64.egg/psycopg2cffi/pool.py\", line 64, in _connect\n[PQ/ci]   |     conn = psycopg2.connect(*self._args, **self._kwargs)\n[PQ/ci]   |   File \"/tmp/de65f406-fe28-11ed-a890-af2cc187fc11/malthe-pq/.eggs/psycopg2cffi-2.9.0-py3.9-linux-x86_64.egg/psycopg2cffi/__init__.py\", line 111, in connect\n[PQ/ci]   |     conn = _connect(dsn, connection_factory=connection_factory, async_=async_)\n[PQ/ci]   |   File \"/tmp/de65f406-fe28-11ed-a890-af2cc187fc11/malthe-pq/.eggs/psycopg2cffi-2.9.0-py3.9-linux-x86_64.egg/psycopg2cffi/_impl/connection.py\", line 907, in _connect\n[PQ/ci]   |     return connection_factory(dsn)\n[PQ/ci]   |   File \"/tmp/de65f406-fe28-11ed-a890-af2cc187fc11/malthe-pq/.eggs/psycopg2cffi-2.9.0-py3.9-linux-x86_64.egg/psycopg2cffi/_impl/connection.py\", line 148, in __init__\n[PQ/ci]   |     self._connect_sync()\n[PQ/ci]   |   File \"/tmp/de65f406-fe28-11ed-a890-af2cc187fc11/malthe-pq/.eggs/psycopg2cffi-2.9.0-py3.9-linux-x86_64.egg/psycopg2cffi/_impl/connection.py\", line 157, in _connect_sync\n[PQ/ci]   |     raise self._create_exception()\n[PQ/ci]   | psycopg2cffi._impl.exceptions.OperationalError: invalid integer value \"host=localhost\" for connection option \"port\"\n[PQ/ci]   | \n[PQ/ci]   | \n[PQ/ci]   | ======================================================================\n[PQ/ci]   | ERROR: setUpClass (tests.SchemaTest)\n[PQ/ci]   | ----------------------------------------------------------------------\n[PQ/ci]   | Traceback (most recent call last):\n[PQ/ci]   |   File \"/tmp/de65f406-fe28-11ed-a890-af2cc187fc11/malthe-pq/tests.py\", line 73, in setUpClass\n[PQ/ci]   |     pool = cls.pool = ThreadedConnectionPool(\n[PQ/ci]   |   File \"/tmp/de65f406-fe28-11ed-a890-af2cc187fc11/malthe-pq/.eggs/psycopg2cffi-2.9.0-py3.9-linux-x86_64.egg/psycopg2cffi/pool.py\", line 157, in __init__\n[PQ/ci]   |     AbstractConnectionPool.__init__(\n[PQ/ci]   |   File \"/tmp/de65f406-fe28-11ed-a890-af2cc187fc11/malthe-pq/.eggs/psycopg2cffi-2.9.0-py3.9-linux-x86_64.egg/psycopg2cffi/pool.py\", line 60, in __init__\n[PQ/ci]   |     self._connect()\n[PQ/ci]   |   File \"/tmp/de65f406-fe28-11ed-a890-af2cc187fc11/malthe-pq/.eggs/psycopg2cffi-2.9.0-py3.9-linux-x86_64.egg/psycopg2cffi/pool.py\", line 64, in _connect\n[PQ/ci]   |     conn = psycopg2.connect(*self._args, **self._kwargs)\n[PQ/ci]   |   File \"/tmp/de65f406-fe28-11ed-a890-af2cc187fc11/malthe-pq/.eggs/psycopg2cffi-2.9.0-py3.9-linux-x86_64.egg/psycopg2cffi/__init__.py\", line 111, in connect\n[PQ/ci]   |     conn = _connect(dsn, connection_factory=connection_factory, async_=async_)\n[PQ/ci]   |   File \"/tmp/de65f406-fe28-11ed-a890-af2cc187fc11/malthe-pq/.eggs/psycopg2cffi-2.9.0-py3.9-linux-x86_64.egg/psycopg2cffi/_impl/connection.py\", line 907, in _connect\n[PQ/ci]   |     return connection_factory(dsn)\n[PQ/ci]   |   File \"/tmp/de65f406-fe28-11ed-a890-af2cc187fc11/malthe-pq/.eggs/psycopg2cffi-2.9.0-py3.9-linux-x86_64.egg/psycopg2cffi/_impl/connection.py\", line 148, in __init__\n[PQ/ci]   |     self._connect_sync()\n[PQ/ci]   |   File \"/tmp/de65f406-fe28-11ed-a890-af2cc187fc11/malthe-pq/.eggs/psycopg2cffi-2.9.0-py3.9-linux-x86_64.egg/psycopg2cffi/_impl/connection.py\", line 157, in _connect_sync\n[PQ/ci]   |     raise self._create_exception()\n[PQ/ci]   | psycopg2cffi._impl.exceptions.OperationalError: invalid integer value \"host=localhost\" for connection option \"port\"\n[PQ/ci]   | \n[PQ/ci]   | \n[PQ/ci]   | ======================================================================\n[PQ/ci]   | ERROR: setUpClass (tests.TaskTest)\n[PQ/ci]   | ----------------------------------------------------------------------\n[PQ/ci]   | Traceback (most recent call last):\n[PQ/ci]   |   File \"/tmp/de65f406-fe28-11ed-a890-af2cc187fc11/malthe-pq/tests.py\", line 73, in setUpClass\n[PQ/ci]   |     pool = cls.pool = ThreadedConnectionPool(\n[PQ/ci]   |   File \"/tmp/de65f406-fe28-11ed-a890-af2cc187fc11/malthe-pq/.eggs/psycopg2cffi-2.9.0-py3.9-linux-x86_64.egg/psycopg2cffi/pool.py\", line 157, in __init__\n[PQ/ci]   |     AbstractConnectionPool.__init__(\n[PQ/ci]   |   File \"/tmp/de65f406-fe28-11ed-a890-af2cc187fc11/malthe-pq/.eggs/psycopg2cffi-2.9.0-py3.9-linux-x86_64.egg/psycopg2cffi/pool.py\", line 60, in __init__\n[PQ/ci]   |     self._connect()\n[PQ/ci]   |   File \"/tmp/de65f406-fe28-11ed-a890-af2cc187fc11/malthe-pq/.eggs/psycopg2cffi-2.9.0-py3.9-linux-x86_64.egg/psycopg2cffi/pool.py\", line 64, in _connect\n[PQ/ci]   |     conn = psycopg2.connect(*self._args, **self._kwargs)\n[PQ/ci]   |   File \"/tmp/de65f406-fe28-11ed-a890-af2cc187fc11/malthe-pq/.eggs/psycopg2cffi-2.9.0-py3.9-linux-x86_64.egg/psycopg2cffi/__init__.py\", line 111, in connect\n[PQ/ci]   |     conn = _connect(dsn, connection_factory=connection_factory, async_=async_)\n[PQ/ci]   |   File \"/tmp/de65f406-fe28-11ed-a890-af2cc187fc11/malthe-pq/.eggs/psycopg2cffi-2.9.0-py3.9-linux-x86_64.egg/psycopg2cffi/_impl/connection.py\", line 907, in _connect\n[PQ/ci]   |     return connection_factory(dsn)\n[PQ/ci]   |   File \"/tmp/de65f406-fe28-11ed-a890-af2cc187fc11/malthe-pq/.eggs/psycopg2cffi-2.9.0-py3.9-linux-x86_64.egg/psycopg2cffi/_impl/connection.py\", line 148, in __init__\n[PQ/ci]   |     self._connect_sync()\n[PQ/ci]   |   File \"/tmp/de65f406-fe28-11ed-a890-af2cc187fc11/malthe-pq/.eggs/psycopg2cffi-2.9.0-py3.9-linux-x86_64.egg/psycopg2cffi/_impl/connection.py\", line 157, in _connect_sync\n[PQ/ci]   |     raise self._create_exception()\n[PQ/ci]   | psycopg2cffi._impl.exceptions.OperationalError: invalid integer value \"host=localhost\" for connection option \"port\"\n[PQ/ci]   | \n[PQ/ci]   | \n[PQ/ci]   | ----------------------------------------------------------------------\n[PQ/ci]   | Ran 0 tests in 0.003s\n[PQ/ci]   | \n[PQ/ci]   | FAILED (errors=4)\n[PQ/ci]   | Test failed: <unittest.runner.TextTestResult run=0 errors=4 failures=0>\n[PQ/ci]   | error: Test failed: <unittest.runner.TextTestResult run=0 errors=4 failures=0>\n[PQ/ci]   \u274c  Failure - Main python -m pip install --upgrade pip setuptools wheel && python setup.py test\n[PQ/ci] exitcode '1': failure\n[PQ/ci] \ud83c\udfc1  Job failed\n",
    "actions_stderr": "Error: Job 'ci' failed\n"
}