{
    "repository": "mavlink/mavlink",
    "clone_url": "https://github.com/mavlink/mavlink.git",
    "timestamp": "2023-05-29T14:13:58.397979Z",
    "clone_success": true,
    "number of actions": 1,
    "number_of_test_actions": 1,
    "actions_successful": false,
    "actions_stdout": "[Test and deploy/Formatting check     ] \ud83d\ude80  Start image=crawlergpt:latest\n[Test and deploy/Python 2.7 tests     ] \ud83d\ude80  Start image=crawlergpt:latest\n[Test and deploy/Build cmake C example] \ud83d\ude80  Start image=crawlergpt:latest\n[Test and deploy/Node 12 test         ] \ud83d\ude80  Start image=crawlergpt:latest\n[Test and deploy/Formatting check     ]   \ud83d\udc33  docker pull image=crawlergpt:latest platform= username= forcePull=false\n[Test and deploy/Build cmake C example]   \ud83d\udc33  docker pull image=crawlergpt:latest platform= username= forcePull=false\n[Test and deploy/Python 2.7 tests     ]   \ud83d\udc33  docker pull image=crawlergpt:latest platform= username= forcePull=false\n[Test and deploy/Node 12 test         ]   \ud83d\udc33  docker pull image=crawlergpt:latest platform= username= forcePull=false\n[Test and deploy/Node 12 test         ]   \ud83d\udc33  docker create image=crawlergpt:latest platform= entrypoint=[\"tail\" \"-f\" \"/dev/null\"] cmd=[]\n[Test and deploy/Python 2.7 tests     ]   \ud83d\udc33  docker create image=crawlergpt:latest platform= entrypoint=[\"tail\" \"-f\" \"/dev/null\"] cmd=[]\n[Test and deploy/Formatting check     ]   \ud83d\udc33  docker create image=crawlergpt:latest platform= entrypoint=[\"tail\" \"-f\" \"/dev/null\"] cmd=[]\n[Test and deploy/Build cmake C example]   \ud83d\udc33  docker create image=crawlergpt:latest platform= entrypoint=[\"tail\" \"-f\" \"/dev/null\"] cmd=[]\n[Test and deploy/Formatting check     ]   \ud83d\udc33  docker run image=crawlergpt:latest platform= entrypoint=[\"tail\" \"-f\" \"/dev/null\"] cmd=[]\n[Test and deploy/Node 12 test         ]   \ud83d\udc33  docker run image=crawlergpt:latest platform= entrypoint=[\"tail\" \"-f\" \"/dev/null\"] cmd=[]\n[Test and deploy/Build cmake C example]   \ud83d\udc33  docker run image=crawlergpt:latest platform= entrypoint=[\"tail\" \"-f\" \"/dev/null\"] cmd=[]\n[Test and deploy/Python 2.7 tests     ]   \ud83d\udc33  docker run image=crawlergpt:latest platform= entrypoint=[\"tail\" \"-f\" \"/dev/null\"] cmd=[]\n[Test and deploy/Formatting check     ]   \ud83d\udc33  docker exec cmd=[chown -R 1012:1000 /tmp/de65f406-fe28-11ed-a890-af2cc187fc11/mavlink-mavlink] user=0 workdir=\n[Test and deploy/Node 12 test         ]   \ud83d\udc33  docker exec cmd=[chown -R 1012:1000 /tmp/de65f406-fe28-11ed-a890-af2cc187fc11/mavlink-mavlink] user=0 workdir=\n[Test and deploy/Build cmake C example]   \ud83d\udc33  docker exec cmd=[chown -R 1012:1000 /tmp/de65f406-fe28-11ed-a890-af2cc187fc11/mavlink-mavlink] user=0 workdir=\n[Test and deploy/Python 2.7 tests     ]   \ud83d\udc33  docker exec cmd=[chown -R 1012:1000 /tmp/de65f406-fe28-11ed-a890-af2cc187fc11/mavlink-mavlink] user=0 workdir=\n[Test and deploy/Formatting check     ] \u2b50 Run Main actions/checkout@v2\n[Test and deploy/Formatting check     ]   \u2705  Success - Main actions/checkout@v2\n[Test and deploy/Formatting check     ] \u2b50 Run Main sudo apt update\nsudo apt install -y libxml2-dev libxml2-utils\n[Test and deploy/Formatting check     ]   \ud83d\udc33  docker exec cmd=[bash --noprofile --norc -e -o pipefail /var/run/act/workflow/1] user= workdir=\n[Test and deploy/Formatting check     ]   | \n[Test and deploy/Formatting check     ]   | WARNING: apt does not have a stable CLI interface. Use with caution in scripts.\n[Test and deploy/Formatting check     ]   | \n[Test and deploy/Formatting check     ]   | Get:1 https://cloud.r-project.org/bin/linux/ubuntu focal-cran40/ InRelease [3622 B]\n[Test and deploy/Formatting check     ]   | Hit:2 http://archive.ubuntu.com/ubuntu focal InRelease\n[Test and deploy/Formatting check     ]   | Get:3 http://security.ubuntu.com/ubuntu focal-security InRelease [114 kB]\n[Test and deploy/Formatting check     ]   | Get:4 https://dl.hhvm.com/ubuntu focal InRelease [3137 B]\n[Test and deploy/Formatting check     ]   | Get:5 http://dl.google.com/linux/chrome/deb stable InRelease [1825 B]\n[Test and deploy/Formatting check     ]   | Hit:6 http://ppa.launchpad.net/ubuntu-toolchain-r/test/ubuntu focal InRelease\n[Test and deploy/Formatting check     ]   | Get:7 http://archive.ubuntu.com/ubuntu focal-updates InRelease [114 kB]\n[Test and deploy/Formatting check     ]   | Get:8 https://packages.microsoft.com/ubuntu/20.04/prod focal InRelease [3611 B]\n[Test and deploy/Python 2.7 tests     ]   \u2601  git clone 'https://github.com/actions/setup-python' # ref=v2\n[Test and deploy/Node 12 test         ]   \u2601  git clone 'https://github.com/actions/setup-python' # ref=v2\n[Test and deploy/Formatting check     ]   | Get:9 http://archive.ubuntu.com/ubuntu focal-backports InRelease [108 kB]\n[Test and deploy/Build cmake C example] \u2b50 Run Main actions/checkout@v2\n[Test and deploy/Formatting check     ]   | Hit:10 https://adoptopenjdk.jfrog.io/adoptopenjdk/deb focal InRelease\n[Test and deploy/Python 2.7 tests     ] \ud83e\uddea  Matrix: map[python-version:2.7]\n[Test and deploy/Build cmake C example]   \u2705  Success - Main actions/checkout@v2\n[Test and deploy/Formatting check     ]   | Get:11 https://cloud.r-project.org/bin/linux/ubuntu focal-cran40/ Packages [77.6 kB]\n[Test and deploy/Python 2.7 tests     ] \u2b50 Run Main actions/checkout@v2\n[Test and deploy/Python 2.7 tests     ]   \u2705  Success - Main actions/checkout@v2\n[Test and deploy/Node 12 test         ]   \u2601  git clone 'https://github.com/actions/setup-node' # ref=v2\n[Test and deploy/Node 12 test         ] \ud83e\uddea  Matrix: map[node-version:12]\n[Test and deploy/Node 12 test         ] \u2b50 Run Main actions/checkout@v2\n[Test and deploy/Build cmake C example] \u2b50 Run Main Install dependencies\n[Test and deploy/Node 12 test         ]   \u2705  Success - Main actions/checkout@v2\n[Test and deploy/Formatting check     ]   | Get:12 https://dl.hhvm.com/ubuntu focal/main amd64 Packages [1880 B]\n[Test and deploy/Python 2.7 tests     ] \u2b50 Run Main Set up Python 2.7\n[Test and deploy/Build cmake C example]   \ud83d\udc33  docker exec cmd=[bash --noprofile --norc -e -o pipefail /var/run/act/workflow/1] user= workdir=\n[Test and deploy/Python 2.7 tests     ]   \ud83d\udc33  docker cp src=/home/andre-silva/.cache/act/actions-setup-python@v2/ dst=/var/run/act/actions/actions-setup-python@v2/\n[Test and deploy/Formatting check     ]   | Err:5 http://dl.google.com/linux/chrome/deb stable InRelease\n[Test and deploy/Formatting check     ]   |   The following signatures couldn't be verified because the public key is not available: NO_PUBKEY 4EB27DB2A3B88B8B\n[Test and deploy/Python 2.7 tests     ]   \ud83d\udc33  docker exec cmd=[chown -R 1012:1000 /var/run/act/actions/actions-setup-python@v2/] user=0 workdir=\n[Test and deploy/Node 12 test         ] \u2b50 Run Main Set up Python 3.8\n[Test and deploy/Node 12 test         ]   \ud83d\udc33  docker cp src=/home/andre-silva/.cache/act/actions-setup-python@v2/ dst=/var/run/act/actions/actions-setup-python@v2/\n[Test and deploy/Formatting check     ]   | Get:13 https://packages.microsoft.com/ubuntu/20.04/prod focal/main all Packages [2521 B]\n[Test and deploy/Formatting check     ]   | Get:14 https://packages.microsoft.com/ubuntu/20.04/prod focal/main amd64 Packages [201 kB]\n[Test and deploy/Node 12 test         ]   \ud83d\udc33  docker exec cmd=[chown -R 1012:1000 /var/run/act/actions/actions-setup-python@v2/] user=0 workdir=\n[Test and deploy/Formatting check     ]   | Get:15 http://security.ubuntu.com/ubuntu focal-security/multiverse amd64 Packages [28.5 kB]\n[Test and deploy/Formatting check     ]   | Get:16 http://security.ubuntu.com/ubuntu focal-security/restricted i386 Packages [36.9 kB]\n[Test and deploy/Formatting check     ]   | Get:17 http://archive.ubuntu.com/ubuntu focal-updates/universe amd64 Packages [1346 kB]\n[Test and deploy/Formatting check     ]   | Get:18 http://security.ubuntu.com/ubuntu focal-security/main amd64 Packages [2726 kB]\n[Test and deploy/Formatting check     ]   | Get:19 http://archive.ubuntu.com/ubuntu focal-updates/multiverse amd64 Packages [31.2 kB]\n[Test and deploy/Formatting check     ]   | Get:20 http://security.ubuntu.com/ubuntu focal-security/multiverse i386 Packages [8141 B]\n[Test and deploy/Formatting check     ]   | Get:21 http://archive.ubuntu.com/ubuntu focal-updates/main amd64 Packages [3204 kB]\n[Test and deploy/Formatting check     ]   | Get:22 http://security.ubuntu.com/ubuntu focal-security/universe amd64 Packages [1052 kB]\n[Test and deploy/Formatting check     ]   | Get:23 http://security.ubuntu.com/ubuntu focal-security/universe i386 Packages [739 kB]\n[Test and deploy/Formatting check     ]   | Get:24 http://archive.ubuntu.com/ubuntu focal-updates/restricted amd64 Packages [2412 kB]\n[Test and deploy/Formatting check     ]   | Get:25 http://security.ubuntu.com/ubuntu focal-security/main i386 Packages [739 kB]\n[Test and deploy/Formatting check     ]   | Get:26 http://archive.ubuntu.com/ubuntu focal-backports/universe amd64 Packages [28.6 kB]\n[Test and deploy/Formatting check     ]   | Get:27 http://security.ubuntu.com/ubuntu focal-security/restricted amd64 Packages [2270 kB]\n[Test and deploy/Formatting check     ]   | Get:28 http://archive.ubuntu.com/ubuntu focal-backports/main amd64 Packages [55.2 kB]\n[Test and deploy/Formatting check     ]   | Fetched 15.3 MB in 8s (1928 kB/s)\n[Test and deploy/Formatting check     ]   | Reading package lists...\n[Test and deploy/Formatting check     ]   | Building dependency tree...\n[Test and deploy/Formatting check     ]   | Reading state information...\n[Test and deploy/Formatting check     ]   | 388 packages can be upgraded. Run 'apt list --upgradable' to see them.\n[Test and deploy/Formatting check     ]   | W: An error occurred during the signature verification. The repository is not updated and the previous index files will be used. GPG error: http://dl.google.com/linux/chrome/deb stable InRelease: The following signatures couldn't be verified because the public key is not available: NO_PUBKEY 4EB27DB2A3B88B8B\n[Test and deploy/Formatting check     ]   | W: Failed to fetch http://dl.google.com/linux/chrome/deb/dists/stable/InRelease  The following signatures couldn't be verified because the public key is not available: NO_PUBKEY 4EB27DB2A3B88B8B\n[Test and deploy/Formatting check     ]   | W: Some index files failed to download. They have been ignored, or old ones used instead.\n[Test and deploy/Formatting check     ]   | \n[Test and deploy/Formatting check     ]   | WARNING: apt does not have a stable CLI interface. Use with caution in scripts.\n[Test and deploy/Formatting check     ]   | \n[Test and deploy/Formatting check     ]   | Reading package lists...\n[Test and deploy/Formatting check     ]   | Building dependency tree...\n[Test and deploy/Formatting check     ]   | Reading state information...\n[Test and deploy/Formatting check     ]   | The following additional packages will be installed:\n[Test and deploy/Formatting check     ]   |   libxml2\n[Test and deploy/Formatting check     ]   | The following NEW packages will be installed:\n[Test and deploy/Formatting check     ]   |   libxml2-utils\n[Test and deploy/Formatting check     ]   | The following packages will be upgraded:\n[Test and deploy/Formatting check     ]   |   libxml2 libxml2-dev\n[Test and deploy/Node 12 test         ]   \ud83d\udc33  docker exec cmd=[node /var/run/act/actions/actions-setup-python@v2/dist/setup/index.js] user= workdir=\n[Test and deploy/Formatting check     ]   | 2 upgraded, 1 newly installed, 0 to remove and 386 not upgraded.\n[Test and deploy/Formatting check     ]   | Need to get 1413 kB of archives.\n[Test and deploy/Formatting check     ]   | After this operation, 195 kB of additional disk space will be used.\n[Test and deploy/Formatting check     ]   | Get:1 http://archive.ubuntu.com/ubuntu focal-updates/main amd64 libxml2-dev amd64 2.9.10+dfsg-5ubuntu0.20.04.6 [735 kB]\n[Test and deploy/Python 2.7 tests     ]   \ud83d\udc33  docker exec cmd=[node /var/run/act/actions/actions-setup-python@v2/dist/setup/index.js] user= workdir=\n[Test and deploy/Build cmake C example]   | \n[Test and deploy/Build cmake C example]   | WARNING: apt does not have a stable CLI interface. Use with caution in scripts.\n[Test and deploy/Build cmake C example]   | \n[Test and deploy/Formatting check     ]   | Get:2 http://archive.ubuntu.com/ubuntu focal-updates/main amd64 libxml2 amd64 2.9.10+dfsg-5ubuntu0.20.04.6 [640 kB]\n[Test and deploy/Formatting check     ]   | Get:3 http://archive.ubuntu.com/ubuntu focal-updates/main amd64 libxml2-utils amd64 2.9.10+dfsg-5ubuntu0.20.04.6 [37.0 kB]\n[Test and deploy/Build cmake C example]   | Get:1 https://cloud.r-project.org/bin/linux/ubuntu focal-cran40/ InRelease [3622 B]\n[Test and deploy/Build cmake C example]   | Get:2 https://dl.hhvm.com/ubuntu focal InRelease [3137 B]\n[Test and deploy/Build cmake C example]   | Hit:3 http://ppa.launchpad.net/ubuntu-toolchain-r/test/ubuntu focal InRelease\n[Test and deploy/Build cmake C example]   | Get:4 http://security.ubuntu.com/ubuntu focal-security InRelease [114 kB]\n[Test and deploy/Build cmake C example]   | Get:5 http://dl.google.com/linux/chrome/deb stable InRelease [1825 B]\n[Test and deploy/Build cmake C example]   | Get:6 https://packages.microsoft.com/ubuntu/20.04/prod focal InRelease [3611 B]\n[Test and deploy/Build cmake C example]   | Hit:7 http://archive.ubuntu.com/ubuntu focal InRelease\n[Test and deploy/Build cmake C example]   | Get:8 http://archive.ubuntu.com/ubuntu focal-updates InRelease [114 kB]\n[Test and deploy/Build cmake C example]   | Get:9 https://cloud.r-project.org/bin/linux/ubuntu focal-cran40/ Packages [77.6 kB]\n[Test and deploy/Build cmake C example]   | Hit:10 https://adoptopenjdk.jfrog.io/adoptopenjdk/deb focal InRelease\n[Test and deploy/Build cmake C example]   | Get:11 http://archive.ubuntu.com/ubuntu focal-backports InRelease [108 kB]\n[Test and deploy/Build cmake C example]   | Get:12 https://dl.hhvm.com/ubuntu focal/main amd64 Packages [1880 B]\n[Test and deploy/Build cmake C example]   | Err:5 http://dl.google.com/linux/chrome/deb stable InRelease\n[Test and deploy/Build cmake C example]   |   The following signatures couldn't be verified because the public key is not available: NO_PUBKEY 4EB27DB2A3B88B8B\n[Test and deploy/Build cmake C example]   | Get:13 https://packages.microsoft.com/ubuntu/20.04/prod focal/main amd64 Packages [201 kB]\n[Test and deploy/Build cmake C example]   | Get:14 https://packages.microsoft.com/ubuntu/20.04/prod focal/main all Packages [2521 B]\n[Test and deploy/Formatting check     ]   | Fetched 1413 kB in 0s (3291 kB/s)\n[Test and deploy/Build cmake C example]   | Get:15 http://security.ubuntu.com/ubuntu focal-security/restricted i386 Packages [36.9 kB]\n[Test and deploy/Formatting check     ]   | (Reading database ... \r(Reading database ... 5%\r(Reading database ... 10%\r(Reading database ... 15%\r(Reading database ... 20%\r(Reading database ... 25%\r(Reading database ... 30%\r(Reading database ... 35%\r(Reading database ... 40%\r(Reading database ... 45%\r(Reading database ... 50%\r(Reading database ... 55%\r(Reading database ... 60%\r(Reading database ... 65%\r(Reading database ... 70%\r(Reading database ... 75%\r(Reading database ... 80%\r(Reading database ... 85%\r(Reading database ... 90%\r(Reading database ... 95%\r(Reading database ... 100%\r(Reading database ... 193678 files and directories currently installed.)\r\n[Test and deploy/Formatting check     ]   | Preparing to unpack .../libxml2-dev_2.9.10+dfsg-5ubuntu0.20.04.6_amd64.deb ...\r\n[Test and deploy/Build cmake C example]   | Get:16 http://security.ubuntu.com/ubuntu focal-security/multiverse i386 Packages [8141 B]\n[Test and deploy/Formatting check     ]   | Unpacking libxml2-dev:amd64 (2.9.10+dfsg-5ubuntu0.20.04.6) over (2.9.10+dfsg-5ubuntu0.20.04.1) ...\r\n[Test and deploy/Build cmake C example]   | Get:17 http://security.ubuntu.com/ubuntu focal-security/universe amd64 Packages [1052 kB]\n[Test and deploy/Build cmake C example]   | Get:18 http://security.ubuntu.com/ubuntu focal-security/universe i386 Packages [739 kB]\n[Test and deploy/Build cmake C example]   | Get:19 http://security.ubuntu.com/ubuntu focal-security/multiverse amd64 Packages [28.5 kB]\n[Test and deploy/Build cmake C example]   | Get:20 http://security.ubuntu.com/ubuntu focal-security/main i386 Packages [739 kB]\n[Test and deploy/Build cmake C example]   | Get:21 http://security.ubuntu.com/ubuntu focal-security/main amd64 Packages [2726 kB]\n[Test and deploy/Build cmake C example]   | Get:22 http://security.ubuntu.com/ubuntu focal-security/restricted amd64 Packages [2270 kB]\n[Test and deploy/Formatting check     ]   | Preparing to unpack .../libxml2_2.9.10+dfsg-5ubuntu0.20.04.6_amd64.deb ...\r\n[Test and deploy/Build cmake C example]   | Get:23 http://archive.ubuntu.com/ubuntu focal-updates/main amd64 Packages [3204 kB]\n[Test and deploy/Formatting check     ]   | Unpacking libxml2:amd64 (2.9.10+dfsg-5ubuntu0.20.04.6) over (2.9.10+dfsg-5ubuntu0.20.04.1) ...\r\n[Test and deploy/Formatting check     ]   | Selecting previously unselected package libxml2-utils.\r\n[Test and deploy/Formatting check     ]   | Preparing to unpack .../libxml2-utils_2.9.10+dfsg-5ubuntu0.20.04.6_amd64.deb ...\r\n[Test and deploy/Formatting check     ]   | Unpacking libxml2-utils (2.9.10+dfsg-5ubuntu0.20.04.6) ...\r\n[Test and deploy/Formatting check     ]   | Setting up libxml2:amd64 (2.9.10+dfsg-5ubuntu0.20.04.6) ...\r\n[Test and deploy/Formatting check     ]   | Setting up libxml2-dev:amd64 (2.9.10+dfsg-5ubuntu0.20.04.6) ...\r\n[Test and deploy/Formatting check     ]   | Setting up libxml2-utils (2.9.10+dfsg-5ubuntu0.20.04.6) ...\r\n[Test and deploy/Formatting check     ]   | Processing triggers for libc-bin (2.31-0ubuntu9.2) ...\r\n[Test and deploy/Formatting check     ]   \u2705  Success - Main sudo apt update\nsudo apt install -y libxml2-dev libxml2-utils\n[Test and deploy/Build cmake C example]   | Get:24 http://archive.ubuntu.com/ubuntu focal-updates/restricted amd64 Packages [2412 kB]\n[Test and deploy/Formatting check     ] \u2b50 Run Main Check formatting\n[Test and deploy/Build cmake C example]   | Get:25 http://archive.ubuntu.com/ubuntu focal-updates/universe amd64 Packages [1346 kB]\n[Test and deploy/Build cmake C example]   | Get:26 http://archive.ubuntu.com/ubuntu focal-updates/multiverse amd64 Packages [31.2 kB]\n[Test and deploy/Formatting check     ]   \ud83d\udc33  docker exec cmd=[bash --noprofile --norc -e -o pipefail /var/run/act/workflow/2] user= workdir=\n[Test and deploy/Build cmake C example]   | Get:27 http://archive.ubuntu.com/ubuntu focal-backports/main amd64 Packages [55.2 kB]\n[Test and deploy/Build cmake C example]   | Get:28 http://archive.ubuntu.com/ubuntu focal-backports/universe amd64 Packages [28.6 kB]\n[Test and deploy/Build cmake C example]   | Fetched 15.3 MB in 6s (2589 kB/s)\n[Test and deploy/Build cmake C example]   | Reading package lists...\n[Test and deploy/Build cmake C example]   | Building dependency tree...\n[Test and deploy/Build cmake C example]   | Reading state information...\n[Test and deploy/Build cmake C example]   | 388 packages can be upgraded. Run 'apt list --upgradable' to see them.\n[Test and deploy/Build cmake C example]   | W: An error occurred during the signature verification. The repository is not updated and the previous index files will be used. GPG error: http://dl.google.com/linux/chrome/deb stable InRelease: The following signatures couldn't be verified because the public key is not available: NO_PUBKEY 4EB27DB2A3B88B8B\n[Test and deploy/Build cmake C example]   | W: Failed to fetch http://dl.google.com/linux/chrome/deb/dists/stable/InRelease  The following signatures couldn't be verified because the public key is not available: NO_PUBKEY 4EB27DB2A3B88B8B\n[Test and deploy/Build cmake C example]   | W: Some index files failed to download. They have been ignored, or old ones used instead.\n[Test and deploy/Build cmake C example]   | \n[Test and deploy/Build cmake C example]   | WARNING: apt does not have a stable CLI interface. Use with caution in scripts.\n[Test and deploy/Build cmake C example]   | \n[Test and deploy/Build cmake C example]   | Reading package lists...\n[Test and deploy/Build cmake C example]   | Building dependency tree...\n[Test and deploy/Build cmake C example]   | Reading state information...\n[Test and deploy/Build cmake C example]   | python3 is already the newest version (3.8.2-0ubuntu2).\n[Test and deploy/Build cmake C example]   | The following packages will be upgraded:\n[Test and deploy/Build cmake C example]   |   python-pip-whl python3-pip\n[Test and deploy/Build cmake C example]   | 2 upgraded, 0 newly installed, 0 to remove and 386 not upgraded.\n[Test and deploy/Build cmake C example]   | Need to get 2036 kB of archives.\n[Test and deploy/Build cmake C example]   | After this operation, 0 B of additional disk space will be used.\n[Test and deploy/Build cmake C example]   | Get:1 http://archive.ubuntu.com/ubuntu focal-updates/universe amd64 python3-pip all 20.0.2-5ubuntu1.8 [231 kB]\n[Test and deploy/Build cmake C example]   | Get:2 http://archive.ubuntu.com/ubuntu focal-updates/universe amd64 python-pip-whl all 20.0.2-5ubuntu1.8 [1805 kB]\n[Test and deploy/Build cmake C example]   | Fetched 2036 kB in 0s (6297 kB/s)\n[Test and deploy/Build cmake C example]   | (Reading database ... \r(Reading database ... 5%\r(Reading database ... 10%\r(Reading database ... 15%\r(Reading database ... 20%\r(Reading database ... 25%\r(Reading database ... 30%\r(Reading database ... 35%\r(Reading database ... 40%\r(Reading database ... 45%\r(Reading database ... 50%\r(Reading database ... 55%\r(Reading database ... 60%\r(Reading database ... 65%\r(Reading database ... 70%\r(Reading database ... 75%\r(Reading database ... 80%\r(Reading database ... 85%\r(Reading database ... 90%\r(Reading database ... 95%\r(Reading database ... 100%\r(Reading database ... 193678 files and directories currently installed.)\r\n[Test and deploy/Build cmake C example]   | Preparing to unpack .../python3-pip_20.0.2-5ubuntu1.8_all.deb ...\r\n[Test and deploy/Build cmake C example]   | Unpacking python3-pip (20.0.2-5ubuntu1.8) over (20.0.2-5ubuntu1.6) ...\r\n[Test and deploy/Node 12 test         ]   \ud83d\udcac  ::debug::Semantic version spec of 3.8 is 3.8\n[Test and deploy/Node 12 test         ]   \ud83d\udcac  ::debug::isExplicit: \n[Test and deploy/Node 12 test         ]   \ud83d\udcac  ::debug::explicit? false\n[Test and deploy/Node 12 test         ]   \ud83d\udcac  ::debug::isExplicit: 2.7.18\n[Test and deploy/Node 12 test         ]   \ud83d\udcac  ::debug::explicit? true\n[Test and deploy/Node 12 test         ]   \ud83d\udcac  ::debug::isExplicit: 3.5.10\n[Test and deploy/Node 12 test         ]   \ud83d\udcac  ::debug::explicit? true\n[Test and deploy/Node 12 test         ]   \ud83d\udcac  ::debug::isExplicit: 3.6.14\n[Test and deploy/Node 12 test         ]   \ud83d\udcac  ::debug::explicit? true\n[Test and deploy/Node 12 test         ]   \ud83d\udcac  ::debug::isExplicit: 3.7.11\n[Test and deploy/Node 12 test         ]   \ud83d\udcac  ::debug::explicit? true\n[Test and deploy/Node 12 test         ]   \ud83d\udcac  ::debug::isExplicit: 3.8.11\n[Test and deploy/Node 12 test         ]   \ud83d\udcac  ::debug::explicit? true\n[Test and deploy/Node 12 test         ]   \ud83d\udcac  ::debug::isExplicit: 3.9.6\n[Test and deploy/Node 12 test         ]   \ud83d\udcac  ::debug::explicit? true\n[Test and deploy/Python 2.7 tests     ]   \ud83d\udcac  ::debug::Semantic version spec of 2.7 is 2.7\n[Test and deploy/Python 2.7 tests     ]   \ud83d\udcac  ::debug::isExplicit: \n[Test and deploy/Python 2.7 tests     ]   \ud83d\udcac  ::debug::explicit? false\n[Test and deploy/Python 2.7 tests     ]   \ud83d\udcac  ::debug::isExplicit: 2.7.18\n[Test and deploy/Python 2.7 tests     ]   \ud83d\udcac  ::debug::explicit? true\n[Test and deploy/Python 2.7 tests     ]   \ud83d\udcac  ::debug::isExplicit: 3.5.10\n[Test and deploy/Python 2.7 tests     ]   \ud83d\udcac  ::debug::explicit? true\n[Test and deploy/Python 2.7 tests     ]   \ud83d\udcac  ::debug::isExplicit: 3.6.14\n[Test and deploy/Python 2.7 tests     ]   \ud83d\udcac  ::debug::explicit? true\n[Test and deploy/Python 2.7 tests     ]   \ud83d\udcac  ::debug::isExplicit: 3.7.11\n[Test and deploy/Python 2.7 tests     ]   \ud83d\udcac  ::debug::explicit? true\n[Test and deploy/Python 2.7 tests     ]   \ud83d\udcac  ::debug::isExplicit: 3.8.11\n[Test and deploy/Python 2.7 tests     ]   \ud83d\udcac  ::debug::explicit? true\n[Test and deploy/Python 2.7 tests     ]   \ud83d\udcac  ::debug::isExplicit: 3.9.6\n[Test and deploy/Python 2.7 tests     ]   \ud83d\udcac  ::debug::explicit? true\n[Test and deploy/Python 2.7 tests     ]   \ud83d\udcac  ::debug::evaluating 6 versions\n[Test and deploy/Node 12 test         ]   \ud83d\udcac  ::debug::evaluating 6 versions\n[Test and deploy/Node 12 test         ]   \ud83d\udcac  ::debug::matched: 3.8.11\n[Test and deploy/Node 12 test         ]   \ud83d\udcac  ::debug::checking cache: /opt/hostedtoolcache/Python/3.8.11/x64\n[Test and deploy/Node 12 test         ]   \ud83d\udcac  ::debug::Found tool in cache Python 3.8.11 x64\n[Test and deploy/Python 2.7 tests     ]   \ud83d\udcac  ::debug::matched: 2.7.18\n[Test and deploy/Python 2.7 tests     ]   \ud83d\udcac  ::debug::checking cache: /opt/hostedtoolcache/Python/2.7.18/x64\n[Test and deploy/Python 2.7 tests     ]   \ud83d\udcac  ::debug::Found tool in cache Python 2.7.18 x64\n[Test and deploy/Node 12 test         ]   | Successfully setup CPython (3.8.11)\n[Test and deploy/Node 12 test         ]   \u2753 add-matcher /run/act/actions/actions-setup-python@v2/.github/python.json\n[Test and deploy/Python 2.7 tests     ]   | Successfully setup CPython (2.7.18)\n[Test and deploy/Python 2.7 tests     ]   \u2753 add-matcher /run/act/actions/actions-setup-python@v2/.github/python.json\n[Test and deploy/Node 12 test         ]   \u2705  Success - Main Set up Python 3.8\n[Test and deploy/Python 2.7 tests     ]   \u2705  Success - Main Set up Python 2.7\n[Test and deploy/Node 12 test         ]   \u2699  ::set-env:: pythonLocation=/opt/hostedtoolcache/Python/3.8.11/x64\n[Test and deploy/Node 12 test         ]   \u2699  ::set-env:: LD_LIBRARY_PATH=/opt/hostedtoolcache/Python/3.8.11/x64/lib\n[Test and deploy/Python 2.7 tests     ]   \u2699  ::set-env:: pythonLocation=/opt/hostedtoolcache/Python/2.7.18/x64\n[Test and deploy/Python 2.7 tests     ]   \u2699  ::set-env:: LD_LIBRARY_PATH=/opt/hostedtoolcache/Python/2.7.18/x64/lib\n[Test and deploy/Build cmake C example]   | Preparing to unpack .../python-pip-whl_20.0.2-5ubuntu1.8_all.deb ...\r\n[Test and deploy/Build cmake C example]   | Unpacking python-pip-whl (20.0.2-5ubuntu1.8) over (20.0.2-5ubuntu1.6) ...\r\n[Test and deploy/Python 2.7 tests     ]   \u2699  ::set-output:: python-version=2.7.18\n[Test and deploy/Node 12 test         ]   \u2699  ::set-output:: python-version=3.8.11\n[Test and deploy/Python 2.7 tests     ]   \u2699  ::add-path:: /opt/hostedtoolcache/Python/2.7.18/x64\n[Test and deploy/Python 2.7 tests     ]   \u2699  ::add-path:: /opt/hostedtoolcache/Python/2.7.18/x64/bin\n[Test and deploy/Node 12 test         ]   \u2699  ::add-path:: /opt/hostedtoolcache/Python/3.8.11/x64\n[Test and deploy/Node 12 test         ]   \u2699  ::add-path:: /opt/hostedtoolcache/Python/3.8.11/x64/bin\n[Test and deploy/Python 2.7 tests     ] \u2b50 Run Main Install dependencies\n[Test and deploy/Node 12 test         ] \u2b50 Run Main Install dependencies\n[Test and deploy/Build cmake C example]   | Setting up python-pip-whl (20.0.2-5ubuntu1.8) ...\r\n[Test and deploy/Build cmake C example]   | Setting up python3-pip (20.0.2-5ubuntu1.8) ...\r\n[Test and deploy/Formatting check     ]   | ##############################################\n[Test and deploy/Formatting check     ]   | FORMAT TEST\n[Test and deploy/Formatting check     ]   | ##############################################\n[Test and deploy/Python 2.7 tests     ]   \ud83d\udc33  docker exec cmd=[bash --noprofile --norc -e -o pipefail /var/run/act/workflow/2] user= workdir=\n[Test and deploy/Formatting check     ]   | processing file(s):\n[Test and deploy/Formatting check     ]   | message_definitions/v1.0/ASLUAV.xml\n[Test and deploy/Formatting check     ]   | message_definitions/v1.0/cubepilot.xml\n[Test and deploy/Formatting check     ]   | message_definitions/v1.0/ualberta.xml\n[Test and deploy/Formatting check     ]   | message_definitions/v1.0/icarous.xml\n[Test and deploy/Formatting check     ]   | message_definitions/v1.0/python_array_test.xml\n[Test and deploy/Formatting check     ]   | message_definitions/v1.0/AVSSUAS.xml\n[Test and deploy/Formatting check     ]   | message_definitions/v1.0/standard.xml\n[Test and deploy/Formatting check     ]   | message_definitions/v1.0/test.xml\n[Test and deploy/Formatting check     ]   | message_definitions/v1.0/uAvionix.xml\n[Test and deploy/Formatting check     ]   | message_definitions/v1.0/paparazzi.xml\n[Test and deploy/Formatting check     ]   | message_definitions/v1.0/storm32.xml\n[Test and deploy/Formatting check     ]   | message_definitions/v1.0/common.xml\n[Test and deploy/Formatting check     ]   | message_definitions/v1.0/csAirLink.xml\n[Test and deploy/Formatting check     ]   | message_definitions/v1.0/matrixpilot.xml\n[Test and deploy/Formatting check     ]   | message_definitions/v1.0/development.xml\n[Test and deploy/Formatting check     ]   | message_definitions/v1.0/ardupilotmega.xml\n[Test and deploy/Formatting check     ]   | message_definitions/v1.0/all.xml\n[Test and deploy/Formatting check     ]   | message_definitions/v1.0/minimal.xml\n[Test and deploy/Build cmake C example]   \u2705  Success - Main Install dependencies\n[Test and deploy/Formatting check     ]   | PASS\n[Test and deploy/Formatting check     ]   \u2705  Success - Main Check formatting\n[Test and deploy/Build cmake C example] \u2b50 Run Main Install MAVLink headers\n[Test and deploy/Build cmake C example]   \ud83d\udc33  docker exec cmd=[bash --noprofile --norc -e -o pipefail /var/run/act/workflow/2] user= workdir=\n[Test and deploy/Node 12 test         ]   \ud83d\udc33  docker exec cmd=[bash --noprofile --norc -e -o pipefail /var/run/act/workflow/2] user= workdir=\n[Test and deploy/Python 2.7 tests     ]   | DEPRECATION: Python 2.7 reached the end of its life on January 1st, 2020. Please upgrade your Python as Python 2.7 is no longer maintained. pip 21.0 will drop support for Python 2.7 in January 2021. More details about Python 2 support in pip can be found at https://pip.pypa.io/en/latest/development/release-process/#python-2-support pip 21.0 will remove support for this functionality.\n[Test and deploy/Python 2.7 tests     ]   | Collecting future\n[Test and deploy/Python 2.7 tests     ]   |   Downloading future-0.18.3.tar.gz (840 kB)\n[Test and deploy/Python 2.7 tests     ]   | Collecting lxml\n[Test and deploy/Python 2.7 tests     ]   |   Downloading lxml-4.9.2-cp27-cp27mu-manylinux_2_5_x86_64.manylinux1_x86_64.whl (5.7 MB)\n[Test and deploy/Python 2.7 tests     ]   | Using legacy 'setup.py install' for future, since package 'wheel' is not installed.\n[Test and deploy/Python 2.7 tests     ]   | Installing collected packages: future, lxml\n[Test and deploy/Python 2.7 tests     ]   |     Running setup.py install for future: started\n[Test and deploy/Python 2.7 tests     ]   |     Running setup.py install for future: finished with status 'done'\n[Test and deploy/Python 2.7 tests     ]   | Successfully installed future-0.18.3 lxml-4.9.2\n[Test and deploy/Python 2.7 tests     ]   \u2705  Success - Main Install dependencies\n[Test and deploy/Build cmake C example]   | -- The C compiler identification is GNU 9.3.0\n[Test and deploy/Python 2.7 tests     ] \u2b50 Run Main Test Python generator\n[Test and deploy/Build cmake C example]   | -- The CXX compiler identification is GNU 9.3.0\n[Test and deploy/Build cmake C example]   | -- Detecting C compiler ABI info\n[Test and deploy/Build cmake C example]   | -- Detecting C compiler ABI info - done\n[Test and deploy/Build cmake C example]   | -- Check for working C compiler: /usr/bin/cc - skipped\n[Test and deploy/Build cmake C example]   | -- Detecting C compile features\n[Test and deploy/Build cmake C example]   | -- Detecting C compile features - done\n[Test and deploy/Build cmake C example]   | -- Detecting CXX compiler ABI info\n[Test and deploy/Python 2.7 tests     ]   \ud83d\udc33  docker exec cmd=[bash --noprofile --norc -e -o pipefail /var/run/act/workflow/3] user= workdir=\n[Test and deploy/Build cmake C example]   | -- Detecting CXX compiler ABI info - done\n[Test and deploy/Build cmake C example]   | -- Check for working CXX compiler: /usr/bin/c++ - skipped\n[Test and deploy/Build cmake C example]   | -- Detecting CXX compile features\n[Test and deploy/Build cmake C example]   | -- Detecting CXX compile features - done\n[Test and deploy/Build cmake C example]   | -- Found Python: /usr/bin/python3.8 (found version \"3.8.10\") found components: Interpreter \n[Test and deploy/Node 12 test         ]   | Collecting future\n[Test and deploy/Node 12 test         ]   |   Downloading future-0.18.3.tar.gz (840 kB)\n[Test and deploy/Formatting check     ] \ud83c\udfc1  Job succeeded\n[Test and deploy/Build cmake C example]   | -- MAVLink dialect: common\n[Test and deploy/Build cmake C example]   | -- MAVLink version: 2.0\n[Test and deploy/Build cmake C example]   | -- Configuring done\n[Test and deploy/Build cmake C example]   | -- Generating done\n[Test and deploy/Build cmake C example]   | -- Build files have been written to: /tmp/de65f406-fe28-11ed-a890-af2cc187fc11/mavlink-mavlink/build\n[Test and deploy/Build cmake C example]   | [100%] Generating C headers\n[Test and deploy/Node 12 test         ]   | Collecting lxml\n[Test and deploy/Node 12 test         ]   |   Downloading lxml-4.9.2-cp38-cp38-manylinux_2_17_x86_64.manylinux2014_x86_64.manylinux_2_24_x86_64.whl (7.1 MB)\n[Test and deploy/Python 2.7 tests     ]   | \n[Test and deploy/Python 2.7 tests     ]   | GENERATING MAVLINK  protocol:1.0 language:Python\n[Test and deploy/Python 2.7 tests     ]   | DEFINITION :  message_definitions/v1.0/ASLUAV.xml\n[Test and deploy/Python 2.7 tests     ]   | \n[Test and deploy/Python 2.7 tests     ]   | ./scripts/test.sh: line 28: pymavlink/tools/mavgen.py: No such file or directory\n[Test and deploy/Python 2.7 tests     ]   \u274c  Failure - Main Test Python generator\n[Test and deploy/Build cmake C example]   | ERROR: Could not open requirements file: [Errno 2] No such file or directory: 'pymavlink/requirements.txt'\n[Test and deploy/Node 12 test         ]   | Using legacy 'setup.py install' for future, since package 'wheel' is not installed.\n[Test and deploy/Build cmake C example]   | make[2]: *** [CMakeFiles/generate_c_headers.dir/build.make:73: include/mavlink/common/mavlink.h] Error 1\n[Test and deploy/Build cmake C example]   | make[1]: *** [CMakeFiles/Makefile2:83: CMakeFiles/generate_c_headers.dir/all] Error 2\n[Test and deploy/Build cmake C example]   | make: *** [Makefile:136: all] Error 2\n[Test and deploy/Build cmake C example]   \u274c  Failure - Main Install MAVLink headers\n[Test and deploy/Node 12 test         ]   | Installing collected packages: lxml, future\n[Test and deploy/Node 12 test         ]   |     Running setup.py install for future: started\n[Test and deploy/Python 2.7 tests     ] exitcode '127': command not found, please refer to https://github.com/nektos/act/issues/107 for more information\n[Test and deploy/Build cmake C example] exitcode '2': failure\n[Test and deploy/Node 12 test         ]   |     Running setup.py install for future: finished with status 'done'\n[Test and deploy/Node 12 test         ]   | Successfully installed future-0.18.3 lxml-4.9.2\n[Test and deploy/Node 12 test         ]   | WARNING: You are using pip version 21.2.4; however, version 23.1.2 is available.\n[Test and deploy/Node 12 test         ]   | You should consider upgrading via the '/opt/hostedtoolcache/Python/3.8.11/x64/bin/python -m pip install --upgrade pip' command.\n[Test and deploy/Node 12 test         ]   \u2705  Success - Main Install dependencies\n[Test and deploy/Node 12 test         ] \u2b50 Run Main actions/setup-node@v2\n[Test and deploy/Node 12 test         ]   \ud83d\udc33  docker cp src=/home/andre-silva/.cache/act/actions-setup-node@v2/ dst=/var/run/act/actions/actions-setup-node@v2/\n[Test and deploy/Node 12 test         ]   \ud83d\udc33  docker exec cmd=[chown -R 1012:1000 /var/run/act/actions/actions-setup-node@v2/] user=0 workdir=\n[Test and deploy/Python 2.7 tests     ] \ud83c\udfc1  Job failed\n[Test and deploy/Build cmake C example] \ud83c\udfc1  Job failed\n[Test and deploy/Node 12 test         ]   \ud83d\udc33  docker exec cmd=[node /var/run/act/actions/actions-setup-node@v2/dist/setup/index.js] user= workdir=\n[Test and deploy/Node 12 test         ]   \ud83d\udcac  ::debug::isExplicit: \n[Test and deploy/Node 12 test         ]   \ud83d\udcac  ::debug::explicit? false\n[Test and deploy/Node 12 test         ]   \ud83d\udcac  ::debug::isExplicit: 10.24.1\n[Test and deploy/Node 12 test         ]   \ud83d\udcac  ::debug::explicit? true\n[Test and deploy/Node 12 test         ]   \ud83d\udcac  ::debug::isExplicit: 12.22.6\n[Test and deploy/Node 12 test         ]   \ud83d\udcac  ::debug::explicit? true\n[Test and deploy/Node 12 test         ]   \ud83d\udcac  ::debug::isExplicit: 14.17.5\n[Test and deploy/Node 12 test         ]   \ud83d\udcac  ::debug::explicit? true\n[Test and deploy/Node 12 test         ]   \ud83d\udcac  ::debug::isExplicit: 14.17.6\n[Test and deploy/Node 12 test         ]   \ud83d\udcac  ::debug::explicit? true\n[Test and deploy/Node 12 test         ]   \ud83d\udcac  ::debug::evaluating 3 versions\n[Test and deploy/Node 12 test         ]   \ud83d\udcac  ::debug::matched: 12.22.6\n[Test and deploy/Node 12 test         ]   \ud83d\udcac  ::debug::checking cache: /opt/hostedtoolcache/node/12.22.6/x64\n[Test and deploy/Node 12 test         ]   \ud83d\udcac  ::debug::Found tool in cache node 12.22.6 x64\n[Test and deploy/Node 12 test         ]   | Found in cache @ /opt/hostedtoolcache/node/12.22.6/x64\n[Test and deploy/Node 12 test         ]   \u2753 add-matcher /run/act/actions/actions-setup-node@v2/.github/tsc.json\n[Test and deploy/Node 12 test         ]   \u2753 add-matcher /run/act/actions/actions-setup-node@v2/.github/eslint-stylish.json\n[Test and deploy/Node 12 test         ]   \u2753 add-matcher /run/act/actions/actions-setup-node@v2/.github/eslint-compact.json\n[Test and deploy/Node 12 test         ]   \u2705  Success - Main actions/setup-node@v2\n[Test and deploy/Node 12 test         ]   \u2699  ::add-path:: /opt/hostedtoolcache/node/12.22.6/x64/bin\n[Test and deploy/Node 12 test         ] \u2b50 Run Main npm install\n[Test and deploy/Node 12 test         ]   \ud83d\udc33  docker exec cmd=[bash --noprofile --norc -e -o pipefail /var/run/act/workflow/4] user= workdir=\n[Test and deploy/Node 12 test         ]   | npm WARN saveError ENOENT: no such file or directory, open '/tmp/de65f406-fe28-11ed-a890-af2cc187fc11/mavlink-mavlink/package.json'\n[Test and deploy/Node 12 test         ]   | npm notice created a lockfile as package-lock.json. You should commit this file.\n[Test and deploy/Node 12 test         ]   | npm WARN enoent ENOENT: no such file or directory, open '/tmp/de65f406-fe28-11ed-a890-af2cc187fc11/mavlink-mavlink/package.json'\n[Test and deploy/Node 12 test         ]   | npm WARN mavlink-mavlink No description\n[Test and deploy/Node 12 test         ]   | npm WARN mavlink-mavlink No repository field.\n[Test and deploy/Node 12 test         ]   | npm WARN mavlink-mavlink No README data\n[Test and deploy/Node 12 test         ]   | npm WARN mavlink-mavlink No license field.\n[Test and deploy/Node 12 test         ]   | \n[Test and deploy/Node 12 test         ]   | up to date in 0.304s\n[Test and deploy/Node 12 test         ]   | found 0 vulnerabilities\n[Test and deploy/Node 12 test         ]   | \n[Test and deploy/Node 12 test         ]   \u2705  Success - Main npm install\n[Test and deploy/Node 12 test         ] \u2b50 Run Main Test mavlink\n[Test and deploy/Node 12 test         ]   \ud83d\udc33  docker exec cmd=[bash --noprofile --norc -e -o pipefail /var/run/act/workflow/5] user= workdir=\n[Test and deploy/Node 12 test         ]   | total 20K\n[Test and deploy/Node 12 test         ]   | drwxr-xr-x 4 runneradmin runneradmin 4.0K May 29 14:16 .\n[Test and deploy/Node 12 test         ]   | drwxr-xr-x 1 runneradmin runneradmin 4.0K May 29 14:16 ..\n[Test and deploy/Node 12 test         ]   | drwxr-xr-x 3 runneradmin runneradmin 4.0K May 29 14:16 _cacache\n[Test and deploy/Node 12 test         ]   | drwxr-xr-x 2 runneradmin runneradmin 4.0K May 29 14:16 _locks\n[Test and deploy/Node 12 test         ]   | -rw-r--r-- 1 runneradmin runneradmin  171 May 29 14:16 anonymous-cli-metrics.json\n[Test and deploy/Node 12 test         ]   | ./scripts/test.sh: line 68: cd: /tmp/de65f406-fe28-11ed-a890-af2cc187fc11/mavlink-mavlink/pymavlink/generator/javascript: No such file or directory\n[Test and deploy/Node 12 test         ]   \u274c  Failure - Main Test mavlink\n[Test and deploy/Node 12 test         ] exitcode '1': failure\n[Test and deploy/Node 12 test         ] \ud83c\udfc1  Job failed\n",
    "actions_stderr": "Error: Job 'Node ${{ matrix.node-version }} test' failed\n"
}