{
    "repository": "miguelgrinberg/simple-websocket",
    "clone_url": "https://github.com/miguelgrinberg/simple-websocket.git",
    "timestamp": "2023-05-29T16:32:53.498428Z",
    "clone_success": true,
    "number of actions": 1,
    "number_of_test_actions": 1,
    "actions_successful": false,
    "actions_stdout": "[build/coverage] \ud83d\ude80  Start image=crawlergpt:latest\n[build/lint    ] \ud83d\ude80  Start image=crawlergpt:latest\n[build/tests   ] \ud83d\ude80  Start image=crawlergpt:latest\n[build/tests   ]   \ud83d\udc33  docker pull image=crawlergpt:latest platform= username= forcePull=false\n[build/lint    ]   \ud83d\udc33  docker pull image=crawlergpt:latest platform= username= forcePull=false\n[build/coverage]   \ud83d\udc33  docker pull image=crawlergpt:latest platform= username= forcePull=false\n[build/lint    ]   \ud83d\udc33  docker create image=crawlergpt:latest platform= entrypoint=[\"tail\" \"-f\" \"/dev/null\"] cmd=[]\n[build/tests   ]   \ud83d\udc33  docker create image=crawlergpt:latest platform= entrypoint=[\"tail\" \"-f\" \"/dev/null\"] cmd=[]\n[build/coverage]   \ud83d\udc33  docker create image=crawlergpt:latest platform= entrypoint=[\"tail\" \"-f\" \"/dev/null\"] cmd=[]\n[build/coverage]   \ud83d\udc33  docker run image=crawlergpt:latest platform= entrypoint=[\"tail\" \"-f\" \"/dev/null\"] cmd=[]\n[build/lint    ]   \ud83d\udc33  docker run image=crawlergpt:latest platform= entrypoint=[\"tail\" \"-f\" \"/dev/null\"] cmd=[]\n[build/tests   ]   \ud83d\udc33  docker run image=crawlergpt:latest platform= entrypoint=[\"tail\" \"-f\" \"/dev/null\"] cmd=[]\n[build/coverage]   \ud83d\udc33  docker exec cmd=[chown -R 1012:1000 /tmp/de65f406-fe28-11ed-a890-af2cc187fc11/miguelgrinberg-simple-websocket] user=0 workdir=\n[build/lint    ]   \ud83d\udc33  docker exec cmd=[chown -R 1012:1000 /tmp/de65f406-fe28-11ed-a890-af2cc187fc11/miguelgrinberg-simple-websocket] user=0 workdir=\n[build/tests   ]   \ud83d\udc33  docker exec cmd=[chown -R 1012:1000 /tmp/de65f406-fe28-11ed-a890-af2cc187fc11/miguelgrinberg-simple-websocket] user=0 workdir=\n[build/tests   ]   \u2601  git clone 'https://github.com/actions/setup-python' # ref=v3\n[build/lint    ]   \u2601  git clone 'https://github.com/actions/setup-python' # ref=v3\n[build/coverage]   \u2601  git clone 'https://github.com/actions/setup-python' # ref=v3\n[build/tests   ] \ud83e\uddea  Matrix: map[os:ubuntu-latest python:3.7]\n[build/tests   ] \u2b50 Run Main actions/checkout@v3\n[build/lint    ] \u2b50 Run Main actions/checkout@v3\n[build/tests   ]   \u2705  Success - Main actions/checkout@v3\n[build/coverage]   \u2601  git clone 'https://github.com/codecov/codecov-action' # ref=v3\n[build/lint    ]   \u2705  Success - Main actions/checkout@v3\n[build/coverage] \u2b50 Run Main actions/checkout@v3\n[build/coverage]   \u2705  Success - Main actions/checkout@v3\n[build/tests   ] \u2b50 Run Main actions/setup-python@v3\n[build/lint    ] \u2b50 Run Main actions/setup-python@v3\n[build/tests   ]   \ud83d\udc33  docker cp src=/home/andre-silva/.cache/act/actions-setup-python@v3/ dst=/var/run/act/actions/actions-setup-python@v3/\n[build/lint    ]   \ud83d\udc33  docker cp src=/home/andre-silva/.cache/act/actions-setup-python@v3/ dst=/var/run/act/actions/actions-setup-python@v3/\n[build/coverage] \u2b50 Run Main actions/setup-python@v3\n[build/tests   ]   \ud83d\udc33  docker exec cmd=[chown -R 1012:1000 /var/run/act/actions/actions-setup-python@v3/] user=0 workdir=\n[build/coverage]   \ud83d\udc33  docker cp src=/home/andre-silva/.cache/act/actions-setup-python@v3/ dst=/var/run/act/actions/actions-setup-python@v3/\n[build/lint    ]   \ud83d\udc33  docker exec cmd=[chown -R 1012:1000 /var/run/act/actions/actions-setup-python@v3/] user=0 workdir=\n[build/coverage]   \ud83d\udc33  docker exec cmd=[chown -R 1012:1000 /var/run/act/actions/actions-setup-python@v3/] user=0 workdir=\n[build/lint    ]   \ud83d\udc33  docker exec cmd=[node /var/run/act/actions/actions-setup-python@v3/dist/setup/index.js] user= workdir=\n[build/tests   ]   \ud83d\udc33  docker exec cmd=[node /var/run/act/actions/actions-setup-python@v3/dist/setup/index.js] user= workdir=\n[build/coverage]   \ud83d\udc33  docker exec cmd=[node /var/run/act/actions/actions-setup-python@v3/dist/setup/index.js] user= workdir=\n[build/tests   ]   \ud83d\udcac  ::debug::Semantic version spec of 3.7 is 3.7\n[build/tests   ]   \ud83d\udcac  ::debug::isExplicit: \n[build/tests   ]   \ud83d\udcac  ::debug::explicit? false\n[build/tests   ]   \ud83d\udcac  ::debug::isExplicit: 2.7.18\n[build/tests   ]   \ud83d\udcac  ::debug::explicit? true\n[build/tests   ]   \ud83d\udcac  ::debug::isExplicit: 3.5.10\n[build/tests   ]   \ud83d\udcac  ::debug::explicit? true\n[build/tests   ]   \ud83d\udcac  ::debug::isExplicit: 3.6.14\n[build/tests   ]   \ud83d\udcac  ::debug::explicit? true\n[build/tests   ]   \ud83d\udcac  ::debug::isExplicit: 3.7.11\n[build/tests   ]   \ud83d\udcac  ::debug::explicit? true\n[build/tests   ]   \ud83d\udcac  ::debug::isExplicit: 3.8.11\n[build/tests   ]   \ud83d\udcac  ::debug::explicit? true\n[build/tests   ]   \ud83d\udcac  ::debug::isExplicit: 3.9.6\n[build/tests   ]   \ud83d\udcac  ::debug::explicit? true\n[build/tests   ]   \ud83d\udcac  ::debug::evaluating 6 versions\n[build/tests   ]   \ud83d\udcac  ::debug::matched: 3.7.11\n[build/tests   ]   \ud83d\udcac  ::debug::checking cache: /opt/hostedtoolcache/Python/3.7.11/x64\n[build/tests   ]   \ud83d\udcac  ::debug::Found tool in cache Python 3.7.11 x64\n[build/tests   ]   | Successfully setup CPython (3.7.11)\n[build/tests   ]   \u2753 add-matcher /run/act/actions/actions-setup-python@v3/.github/python.json\n[build/coverage]   \ud83d\udcac  ::debug::Semantic version spec of 3.x is 3.x\n[build/coverage]   \ud83d\udcac  ::debug::isExplicit: \n[build/coverage]   \ud83d\udcac  ::debug::explicit? false\n[build/coverage]   \ud83d\udcac  ::debug::isExplicit: 2.7.18\n[build/coverage]   \ud83d\udcac  ::debug::explicit? true\n[build/coverage]   \ud83d\udcac  ::debug::isExplicit: 3.5.10\n[build/coverage]   \ud83d\udcac  ::debug::explicit? true\n[build/coverage]   \ud83d\udcac  ::debug::isExplicit: 3.6.14\n[build/coverage]   \ud83d\udcac  ::debug::explicit? true\n[build/coverage]   \ud83d\udcac  ::debug::isExplicit: 3.7.11\n[build/coverage]   \ud83d\udcac  ::debug::explicit? true\n[build/coverage]   \ud83d\udcac  ::debug::isExplicit: 3.8.11\n[build/coverage]   \ud83d\udcac  ::debug::explicit? true\n[build/coverage]   \ud83d\udcac  ::debug::isExplicit: 3.9.6\n[build/coverage]   \ud83d\udcac  ::debug::explicit? true\n[build/coverage]   \ud83d\udcac  ::debug::evaluating 6 versions\n[build/coverage]   \ud83d\udcac  ::debug::matched: 3.9.6\n[build/coverage]   \ud83d\udcac  ::debug::checking cache: /opt/hostedtoolcache/Python/3.9.6/x64\n[build/coverage]   \ud83d\udcac  ::debug::Found tool in cache Python 3.9.6 x64\n[build/coverage]   | Successfully setup CPython (3.9.6)\n[build/coverage]   \u2753 add-matcher /run/act/actions/actions-setup-python@v3/.github/python.json\n[build/lint    ]   \ud83d\udcac  ::debug::Semantic version spec of 3.x is 3.x\n[build/lint    ]   \ud83d\udcac  ::debug::isExplicit: \n[build/lint    ]   \ud83d\udcac  ::debug::explicit? false\n[build/lint    ]   \ud83d\udcac  ::debug::isExplicit: 2.7.18\n[build/lint    ]   \ud83d\udcac  ::debug::explicit? true\n[build/lint    ]   \ud83d\udcac  ::debug::isExplicit: 3.5.10\n[build/lint    ]   \ud83d\udcac  ::debug::explicit? true\n[build/lint    ]   \ud83d\udcac  ::debug::isExplicit: 3.6.14\n[build/lint    ]   \ud83d\udcac  ::debug::explicit? true\n[build/lint    ]   \ud83d\udcac  ::debug::isExplicit: 3.7.11\n[build/lint    ]   \ud83d\udcac  ::debug::explicit? true\n[build/lint    ]   \ud83d\udcac  ::debug::isExplicit: 3.8.11\n[build/lint    ]   \ud83d\udcac  ::debug::explicit? true\n[build/lint    ]   \ud83d\udcac  ::debug::isExplicit: 3.9.6\n[build/lint    ]   \ud83d\udcac  ::debug::explicit? true\n[build/lint    ]   \ud83d\udcac  ::debug::evaluating 6 versions\n[build/lint    ]   \ud83d\udcac  ::debug::matched: 3.9.6\n[build/lint    ]   \ud83d\udcac  ::debug::checking cache: /opt/hostedtoolcache/Python/3.9.6/x64\n[build/lint    ]   \ud83d\udcac  ::debug::Found tool in cache Python 3.9.6 x64\n[build/lint    ]   | Successfully setup CPython (3.9.6)\n[build/lint    ]   \u2753 add-matcher /run/act/actions/actions-setup-python@v3/.github/python.json\n[build/tests   ]   \u2705  Success - Main actions/setup-python@v3\n[build/coverage]   \u2705  Success - Main actions/setup-python@v3\n[build/lint    ]   \u2705  Success - Main actions/setup-python@v3\n[build/coverage]   \u2699  ::set-env:: pythonLocation=/opt/hostedtoolcache/Python/3.9.6/x64\n[build/coverage]   \u2699  ::set-env:: LD_LIBRARY_PATH=/opt/hostedtoolcache/Python/3.9.6/x64/lib\n[build/tests   ]   \u2699  ::set-env:: pythonLocation=/opt/hostedtoolcache/Python/3.7.11/x64\n[build/tests   ]   \u2699  ::set-env:: LD_LIBRARY_PATH=/opt/hostedtoolcache/Python/3.7.11/x64/lib\n[build/lint    ]   \u2699  ::set-env:: pythonLocation=/opt/hostedtoolcache/Python/3.9.6/x64\n[build/lint    ]   \u2699  ::set-env:: LD_LIBRARY_PATH=/opt/hostedtoolcache/Python/3.9.6/x64/lib\n[build/coverage]   \u2699  ::set-output:: python-version=3.9.6\n[build/tests   ]   \u2699  ::set-output:: python-version=3.7.11\n[build/lint    ]   \u2699  ::set-output:: python-version=3.9.6\n[build/tests   ]   \u2699  ::add-path:: /opt/hostedtoolcache/Python/3.7.11/x64\n[build/tests   ]   \u2699  ::add-path:: /opt/hostedtoolcache/Python/3.7.11/x64/bin\n[build/coverage]   \u2699  ::add-path:: /opt/hostedtoolcache/Python/3.9.6/x64\n[build/coverage]   \u2699  ::add-path:: /opt/hostedtoolcache/Python/3.9.6/x64/bin\n[build/lint    ]   \u2699  ::add-path:: /opt/hostedtoolcache/Python/3.9.6/x64\n[build/lint    ]   \u2699  ::add-path:: /opt/hostedtoolcache/Python/3.9.6/x64/bin\n[build/coverage] \u2b50 Run Main python -m pip install --upgrade pip wheel\n[build/lint    ] \u2b50 Run Main python -m pip install --upgrade pip wheel\n[build/tests   ] \u2b50 Run Main python -m pip install --upgrade pip wheel\n[build/tests   ]   \ud83d\udc33  docker exec cmd=[bash --noprofile --norc -e -o pipefail /var/run/act/workflow/2] user= workdir=\n[build/coverage]   \ud83d\udc33  docker exec cmd=[bash --noprofile --norc -e -o pipefail /var/run/act/workflow/2] user= workdir=\n[build/lint    ]   \ud83d\udc33  docker exec cmd=[bash --noprofile --norc -e -o pipefail /var/run/act/workflow/2] user= workdir=\n[build/coverage]   | Requirement already satisfied: pip in /opt/hostedtoolcache/Python/3.9.6/x64/lib/python3.9/site-packages (21.2.4)\n[build/lint    ]   | Requirement already satisfied: pip in /opt/hostedtoolcache/Python/3.9.6/x64/lib/python3.9/site-packages (21.2.4)\n[build/tests   ]   | Requirement already satisfied: pip in /opt/hostedtoolcache/Python/3.7.11/x64/lib/python3.7/site-packages (21.2.4)\n[build/coverage]   | Collecting pip\n[build/lint    ]   | Collecting pip\n[build/lint    ]   |   Downloading pip-23.1.2-py3-none-any.whl (2.1 MB)\n[build/coverage]   |   Downloading pip-23.1.2-py3-none-any.whl (2.1 MB)\n[build/tests   ]   | Collecting pip\n[build/tests   ]   |   Downloading pip-23.1.2-py3-none-any.whl (2.1 MB)\n[build/lint    ]   | Collecting wheel\n[build/coverage]   | Collecting wheel\n[build/lint    ]   |   Downloading wheel-0.40.0-py3-none-any.whl (64 kB)\n[build/coverage]   |   Downloading wheel-0.40.0-py3-none-any.whl (64 kB)\n[build/tests   ]   | Collecting wheel\n[build/tests   ]   |   Downloading wheel-0.40.0-py3-none-any.whl (64 kB)\n[build/coverage]   | Installing collected packages: wheel, pip\n[build/tests   ]   | Installing collected packages: wheel, pip\n[build/lint    ]   | Installing collected packages: wheel, pip\n[build/coverage]   |   Attempting uninstall: pip\n[build/coverage]   |     Found existing installation: pip 21.2.4\n[build/tests   ]   |   Attempting uninstall: pip\n[build/tests   ]   |     Found existing installation: pip 21.2.4\n[build/lint    ]   |   Attempting uninstall: pip\n[build/lint    ]   |     Found existing installation: pip 21.2.4\n[build/coverage]   |     Uninstalling pip-21.2.4:\n[build/tests   ]   |     Uninstalling pip-21.2.4:\n[build/lint    ]   |     Uninstalling pip-21.2.4:\n[build/coverage]   |       Successfully uninstalled pip-21.2.4\n[build/lint    ]   |       Successfully uninstalled pip-21.2.4\n[build/tests   ]   |       Successfully uninstalled pip-21.2.4\n[build/coverage]   | Successfully installed pip-23.1.2 wheel-0.40.0\n[build/lint    ]   | Successfully installed pip-23.1.2 wheel-0.40.0\n[build/coverage]   \u2705  Success - Main python -m pip install --upgrade pip wheel\n[build/tests   ]   | Successfully installed pip-23.1.2 wheel-0.40.0\n[build/lint    ]   \u2705  Success - Main python -m pip install --upgrade pip wheel\n[build/tests   ]   \u2705  Success - Main python -m pip install --upgrade pip wheel\n[build/coverage] \u2b50 Run Main pip install tox tox-gh-actions\n[build/lint    ] \u2b50 Run Main pip install tox tox-gh-actions\n[build/tests   ] \u2b50 Run Main pip install tox tox-gh-actions\n[build/coverage]   \ud83d\udc33  docker exec cmd=[bash --noprofile --norc -e -o pipefail /var/run/act/workflow/3] user= workdir=\n[build/lint    ]   \ud83d\udc33  docker exec cmd=[bash --noprofile --norc -e -o pipefail /var/run/act/workflow/3] user= workdir=\n[build/tests   ]   \ud83d\udc33  docker exec cmd=[bash --noprofile --norc -e -o pipefail /var/run/act/workflow/3] user= workdir=\n[build/tests   ]   | Collecting tox\n[build/coverage]   | Collecting tox\n[build/tests   ]   |   Downloading tox-4.5.2-py3-none-any.whl (148 kB)\n[build/coverage]   |   Downloading tox-4.5.2-py3-none-any.whl (148 kB)\n[build/tests   ]   |      \u2501\u2501\u2501\u2501\u2501\u2501\u2501\u2501\u2501\u2501\u2501\u2501\u2501\u2501\u2501\u2501\u2501\u2501\u2501\u2501\u2501\u2501\u2501\u2501\u2501\u2501\u2501\u2501\u2501\u2501\u2501\u2501\u2501\u2501\u2501\u2501\u2501\u2501\u2501 149.0/149.0 kB 9.8 MB/s eta 0:00:00\n[build/lint    ]   | Collecting tox\n[build/coverage]   |      \u2501\u2501\u2501\u2501\u2501\u2501\u2501\u2501\u2501\u2501\u2501\u2501\u2501\u2501\u2501\u2501\u2501\u2501\u2501\u2501\u2501\u2501\u2501\u2501\u2501\u2501\u2501\u2501\u2501\u2501\u2501\u2501\u2501\u2501\u2501\u2501\u2501\u2501\u2501 149.0/149.0 kB 3.8 MB/s eta 0:00:00\n[build/lint    ]   |   Downloading tox-4.5.2-py3-none-any.whl (148 kB)\n[build/tests   ]   | Collecting tox-gh-actions\n[build/tests   ]   |   Downloading tox_gh_actions-3.1.1-py2.py3-none-any.whl (9.8 kB)\n[build/lint    ]   |      \u2501\u2501\u2501\u2501\u2501\u2501\u2501\u2501\u2501\u2501\u2501\u2501\u2501\u2501\u2501\u2501\u2501\u2501\u2501\u2501\u2501\u2501\u2501\u2501\u2501\u2501\u2501\u2501\u2501\u2501\u2501\u2501\u2501\u2501\u2501\u2501\u2501\u2501\u2501 149.0/149.0 kB 2.5 MB/s eta 0:00:00\n[build/coverage]   | Collecting tox-gh-actions\n[build/coverage]   |   Downloading tox_gh_actions-3.1.1-py2.py3-none-any.whl (9.8 kB)\n[build/lint    ]   | Collecting tox-gh-actions\n[build/lint    ]   |   Downloading tox_gh_actions-3.1.1-py2.py3-none-any.whl (9.8 kB)\n[build/tests   ]   | Collecting cachetools>=5.3 (from tox)\n[build/coverage]   | Collecting cachetools>=5.3 (from tox)\n[build/tests   ]   |   Downloading cachetools-5.3.1-py3-none-any.whl (9.3 kB)\n[build/coverage]   |   Downloading cachetools-5.3.1-py3-none-any.whl (9.3 kB)\n[build/tests   ]   | Collecting chardet>=5.1 (from tox)\n[build/coverage]   | Collecting chardet>=5.1 (from tox)\n[build/lint    ]   | Collecting cachetools>=5.3 (from tox)\n[build/tests   ]   |   Downloading chardet-5.1.0-py3-none-any.whl (199 kB)\n[build/lint    ]   |   Downloading cachetools-5.3.1-py3-none-any.whl (9.3 kB)\n[build/coverage]   |   Downloading chardet-5.1.0-py3-none-any.whl (199 kB)\n[build/tests   ]   |      \u2501\u2501\u2501\u2501\u2501\u2501\u2501\u2501\u2501\u2501\u2501\u2501\u2501\u2501\u2501\u2501\u2501\u2501\u2501\u2501\u2501\u2501\u2501\u2501\u2501\u2501\u2501\u2501\u2501\u2501\u2501\u2501\u2501\u2501\u2501\u2501\u2501\u2501\u2501 199.1/199.1 kB 2.4 MB/s eta 0:00:00\n[build/coverage]   |      \u2501\u2501\u2501\u2501\u2501\u2501\u2501\u2501\u2501\u2501\u2501\u2501\u2501\u2501\u2501\u2501\u2501\u2501\u2501\u2501\u2501\u2501\u2501\u2501\u2501\u2501\u2501\u2501\u2501\u2501\u2501\u2501\u2501\u2501\u2501\u2501\u2501\u2501\u2501 199.1/199.1 kB 3.2 MB/s eta 0:00:00\n[build/lint    ]   | Collecting chardet>=5.1 (from tox)\n[build/lint    ]   |   Downloading chardet-5.1.0-py3-none-any.whl (199 kB)\n[build/coverage]   | Collecting colorama>=0.4.6 (from tox)\n[build/coverage]   |   Downloading colorama-0.4.6-py2.py3-none-any.whl (25 kB)\n[build/lint    ]   |      \u2501\u2501\u2501\u2501\u2501\u2501\u2501\u2501\u2501\u2501\u2501\u2501\u2501\u2501\u2501\u2501\u2501\u2501\u2501\u2501\u2501\u2501\u2501\u2501\u2501\u2501\u2501\u2501\u2501\u2501\u2501\u2501\u2501\u2501\u2501\u2501\u2501\u2501\u2501 199.1/199.1 kB 1.6 MB/s eta 0:00:00\n[build/tests   ]   | Collecting colorama>=0.4.6 (from tox)\n[build/tests   ]   |   Downloading colorama-0.4.6-py2.py3-none-any.whl (25 kB)\n[build/lint    ]   | Collecting colorama>=0.4.6 (from tox)\n[build/coverage]   | Collecting filelock>=3.12 (from tox)\n[build/lint    ]   |   Downloading colorama-0.4.6-py2.py3-none-any.whl (25 kB)\n[build/coverage]   |   Downloading filelock-3.12.0-py3-none-any.whl (10 kB)\n[build/tests   ]   | Collecting filelock>=3.12 (from tox)\n[build/tests   ]   |   Downloading filelock-3.12.0-py3-none-any.whl (10 kB)\n[build/lint    ]   | Collecting filelock>=3.12 (from tox)\n[build/coverage]   | Collecting packaging>=23.1 (from tox)\n[build/lint    ]   |   Downloading filelock-3.12.0-py3-none-any.whl (10 kB)\n[build/coverage]   |   Downloading packaging-23.1-py3-none-any.whl (48 kB)\n[build/coverage]   |      \u2501\u2501\u2501\u2501\u2501\u2501\u2501\u2501\u2501\u2501\u2501\u2501\u2501\u2501\u2501\u2501\u2501\u2501\u2501\u2501\u2501\u2501\u2501\u2501\u2501\u2501\u2501\u2501\u2501\u2501\u2501\u2501\u2501\u2501\u2501\u2501\u2501\u2501\u2501\u2501 48.9/48.9 kB 1.4 MB/s eta 0:00:00\n[build/coverage]   | Collecting platformdirs>=3.5.1 (from tox)\n[build/lint    ]   | Collecting packaging>=23.1 (from tox)\n[build/coverage]   |   Downloading platformdirs-3.5.1-py3-none-any.whl (15 kB)\n[build/tests   ]   | Collecting importlib-metadata>=6.6 (from tox)\n[build/tests   ]   |   Downloading importlib_metadata-6.6.0-py3-none-any.whl (22 kB)\n[build/lint    ]   |   Downloading packaging-23.1-py3-none-any.whl (48 kB)\n[build/lint    ]   |      \u2501\u2501\u2501\u2501\u2501\u2501\u2501\u2501\u2501\u2501\u2501\u2501\u2501\u2501\u2501\u2501\u2501\u2501\u2501\u2501\u2501\u2501\u2501\u2501\u2501\u2501\u2501\u2501\u2501\u2501\u2501\u2501\u2501\u2501\u2501\u2501\u2501\u2501\u2501 48.9/48.9 kB 686.0 kB/s eta 0:00:00\n[build/coverage]   | Collecting pluggy>=1 (from tox)\n[build/coverage]   |   Downloading pluggy-1.0.0-py2.py3-none-any.whl (13 kB)\n[build/tests   ]   | Collecting packaging>=23.1 (from tox)\n[build/lint    ]   | Collecting platformdirs>=3.5.1 (from tox)\n[build/tests   ]   |   Downloading packaging-23.1-py3-none-any.whl (48 kB)\n[build/lint    ]   |   Downloading platformdirs-3.5.1-py3-none-any.whl (15 kB)\n[build/tests   ]   |      \u2501\u2501\u2501\u2501\u2501\u2501\u2501\u2501\u2501\u2501\u2501\u2501\u2501\u2501\u2501\u2501\u2501\u2501\u2501\u2501\u2501\u2501\u2501\u2501\u2501\u2501\u2501\u2501\u2501\u2501\u2501\u2501\u2501\u2501\u2501\u2501\u2501\u2501\u2501\u2501 48.9/48.9 kB 4.0 MB/s eta 0:00:00\n[build/coverage]   | Collecting pyproject-api>=1.5.1 (from tox)\n[build/coverage]   |   Downloading pyproject_api-1.5.1-py3-none-any.whl (12 kB)\n[build/tests   ]   | Collecting platformdirs>=3.5.1 (from tox)\n[build/lint    ]   | Collecting pluggy>=1 (from tox)\n[build/tests   ]   |   Downloading platformdirs-3.5.1-py3-none-any.whl (15 kB)\n[build/lint    ]   |   Downloading pluggy-1.0.0-py2.py3-none-any.whl (13 kB)\n[build/coverage]   | Collecting tomli>=2.0.1 (from tox)\n[build/coverage]   |   Downloading tomli-2.0.1-py3-none-any.whl (12 kB)\n[build/tests   ]   | Collecting pluggy>=1 (from tox)\n[build/tests   ]   |   Downloading pluggy-1.0.0-py2.py3-none-any.whl (13 kB)\n[build/lint    ]   | Collecting pyproject-api>=1.5.1 (from tox)\n[build/lint    ]   |   Downloading pyproject_api-1.5.1-py3-none-any.whl (12 kB)\n[build/tests   ]   | Collecting pyproject-api>=1.5.1 (from tox)\n[build/tests   ]   |   Downloading pyproject_api-1.5.1-py3-none-any.whl (12 kB)\n[build/lint    ]   | Collecting tomli>=2.0.1 (from tox)\n[build/lint    ]   |   Downloading tomli-2.0.1-py3-none-any.whl (12 kB)\n[build/tests   ]   | Collecting tomli>=2.0.1 (from tox)\n[build/coverage]   | Collecting virtualenv>=20.23 (from tox)\n[build/tests   ]   |   Downloading tomli-2.0.1-py3-none-any.whl (12 kB)\n[build/coverage]   |   Downloading virtualenv-20.23.0-py3-none-any.whl (3.3 MB)\n[build/tests   ]   | Collecting typing-extensions>=4.6.2 (from tox)\n[build/tests   ]   |   Downloading typing_extensions-4.6.2-py3-none-any.whl (31 kB)\n[build/coverage]   |      \u2501\u2501\u2501\u2501\u2501\u2501\u2501\u2501\u2501\u2501\u2501\u2501\u2501\u2501\u2501\u2501\u2501\u2501\u2501\u2501\u2501\u2501\u2501\u2501\u2501\u2501\u2501\u2501\u2501\u2501\u2501\u2501\u2501\u2501\u2501\u2501\u2501\u2501\u2501\u2501 3.3/3.3 MB 38.0 MB/s eta 0:00:00\n[build/lint    ]   | Collecting virtualenv>=20.23 (from tox)\n[build/lint    ]   |   Downloading virtualenv-20.23.0-py3-none-any.whl (3.3 MB)\n[build/tests   ]   | Collecting virtualenv>=20.23 (from tox)\n[build/tests   ]   |   Downloading virtualenv-20.23.0-py3-none-any.whl (3.3 MB)\n[build/coverage]   | Collecting distlib<1,>=0.3.6 (from virtualenv>=20.23->tox)\n[build/coverage]   |   Downloading distlib-0.3.6-py2.py3-none-any.whl (468 kB)\n[build/lint    ]   |      \u2501\u2501\u2501\u2501\u2501\u2501\u2501\u2501\u2501\u2501\u2501\u2501\u2501\u2501\u2501\u2501\u2501\u2501\u2501\u2501\u2501\u2501\u2501\u2501\u2501\u2501\u2501\u2501\u2501\u2501\u2501\u2501\u2501\u2501\u2501\u2501\u2501\u2501\u2501\u2501 3.3/3.3 MB 14.7 MB/s eta 0:00:00\n[build/coverage]   |      \u2501\u2501\u2501\u2501\u2501\u2501\u2501\u2501\u2501\u2501\u2501\u2501\u2501\u2501\u2501\u2501\u2501\u2501\u2501\u2501\u2501\u2501\u2501\u2501\u2501\u2501\u2501\u2501\u2501\u2501\u2501\u2501\u2501\u2501\u2501\u2501\u2501\u2501\u2501 468.5/468.5 kB 6.5 MB/s eta 0:00:00\n[build/tests   ]   |      \u2501\u2501\u2501\u2501\u2501\u2501\u2501\u2501\u2501\u2501\u2501\u2501\u2501\u2501\u2501\u2501\u2501\u2501\u2501\u2501\u2501\u2501\u2501\u2501\u2501\u2501\u2501\u2501\u2501\u2501\u2501\u2501\u2501\u2501\u2501\u2501\u2501\u2501\u2501\u2501 3.3/3.3 MB 12.8 MB/s eta 0:00:00\n[build/coverage]   | Installing collected packages: distlib, tomli, pluggy, platformdirs, packaging, filelock, colorama, chardet, cachetools, virtualenv, pyproject-api, tox, tox-gh-actions\n[build/lint    ]   | Collecting distlib<1,>=0.3.6 (from virtualenv>=20.23->tox)\n[build/lint    ]   |   Downloading distlib-0.3.6-py2.py3-none-any.whl (468 kB)\n[build/lint    ]   |      \u2501\u2501\u2501\u2501\u2501\u2501\u2501\u2501\u2501\u2501\u2501\u2501\u2501\u2501\u2501\u2501\u2501\u2501\u2501\u2501\u2501\u2501\u2501\u2501\u2501\u2501\u2501\u2501\u2501\u2501\u2501\u2501\u2501\u2501\u2501\u2501\u2501\u2501 468.5/468.5 kB 12.9 MB/s eta 0:00:00\n[build/tests   ]   | Collecting zipp>=0.5 (from importlib-metadata>=6.6->tox)\n[build/tests   ]   |   Downloading zipp-3.15.0-py3-none-any.whl (6.8 kB)\n[build/lint    ]   | Installing collected packages: distlib, tomli, pluggy, platformdirs, packaging, filelock, colorama, chardet, cachetools, virtualenv, pyproject-api, tox, tox-gh-actions\n[build/tests   ]   | Collecting distlib<1,>=0.3.6 (from virtualenv>=20.23->tox)\n[build/tests   ]   |   Downloading distlib-0.3.6-py2.py3-none-any.whl (468 kB)\n[build/tests   ]   |      \u2501\u2501\u2501\u2501\u2501\u2501\u2501\u2501\u2501\u2501\u2501\u2501\u2501\u2501\u2501\u2501\u2501\u2501\u2501\u2501\u2501\u2501\u2501\u2501\u2501\u2501\u2501\u2501\u2501\u2501\u2501\u2501\u2501\u2501\u2501\u2501\u2501\u2501 468.5/468.5 kB 13.9 MB/s eta 0:00:00\n[build/tests   ]   | Installing collected packages: distlib, zipp, typing-extensions, tomli, packaging, filelock, colorama, chardet, cachetools, pyproject-api, platformdirs, importlib-metadata, virtualenv, pluggy, tox, tox-gh-actions\n[build/coverage]   | Successfully installed cachetools-5.3.1 chardet-5.1.0 colorama-0.4.6 distlib-0.3.6 filelock-3.12.0 packaging-23.1 platformdirs-3.5.1 pluggy-1.0.0 pyproject-api-1.5.1 tomli-2.0.1 tox-4.5.2 tox-gh-actions-3.1.1 virtualenv-20.23.0\n[build/coverage]   | \n[build/coverage]   | [notice] A new release of pip is available: 21.1.3 -> 23.1.2\n[build/coverage]   | [notice] To update, run: pip install --upgrade pip\n[build/coverage]   \u2705  Success - Main pip install tox tox-gh-actions\n[build/lint    ]   | Successfully installed cachetools-5.3.1 chardet-5.1.0 colorama-0.4.6 distlib-0.3.6 filelock-3.12.0 packaging-23.1 platformdirs-3.5.1 pluggy-1.0.0 pyproject-api-1.5.1 tomli-2.0.1 tox-4.5.2 tox-gh-actions-3.1.1 virtualenv-20.23.0\n[build/lint    ]   | \n[build/lint    ]   | [notice] A new release of pip is available: 21.1.3 -> 23.1.2\n[build/lint    ]   | [notice] To update, run: pip install --upgrade pip\n[build/lint    ]   \u2705  Success - Main pip install tox tox-gh-actions\n[build/tests   ]   | Successfully installed cachetools-5.3.1 chardet-5.1.0 colorama-0.4.6 distlib-0.3.6 filelock-3.12.0 importlib-metadata-6.6.0 packaging-23.1 platformdirs-3.5.1 pluggy-1.0.0 pyproject-api-1.5.1 tomli-2.0.1 tox-4.5.2 tox-gh-actions-3.1.1 typing-extensions-4.6.2 virtualenv-20.23.0 zipp-3.15.0\n[build/tests   ]   | \n[build/tests   ]   | [notice] A new release of pip is available: 20.1.1 -> 23.1.2\n[build/tests   ]   | [notice] To update, run: pip install --upgrade pip\n[build/coverage] \u2b50 Run Main tox\n[build/tests   ]   \u2705  Success - Main pip install tox tox-gh-actions\n[build/lint    ] \u2b50 Run Main tox -eflake8\n[build/coverage]   \ud83d\udc33  docker exec cmd=[bash --noprofile --norc -e -o pipefail /var/run/act/workflow/4] user= workdir=\n[build/tests   ] \u2b50 Run Main tox\n[build/lint    ]   \ud83d\udc33  docker exec cmd=[bash --noprofile --norc -e -o pipefail /var/run/act/workflow/4] user= workdir=\n[build/tests   ]   \ud83d\udc33  docker exec cmd=[bash --noprofile --norc -e -o pipefail /var/run/act/workflow/4] user= workdir=\n[build/tests   ]   | ROOT: tox-gh-actions couldn't understand the parallel option. ignoring the given option: 0\n[build/lint    ]   | ROOT: tox-gh-actions won't override envlist because envlist is explicitly given via TOXENV or -e option\n[build/lint    ]   | ROOT: tox-gh-actions couldn't understand the parallel option. ignoring the given option: 0\n[build/coverage]   | ROOT: tox-gh-actions couldn't understand the parallel option. ignoring the given option: 0\n[build/coverage]   | py39: install_deps> python -I -m pip install pytest pytest-cov\n[build/lint    ]   | flake8: install_deps> python -I -m pip install flake8\n[build/tests   ]   | py37: install_deps> python -I -m pip install pytest pytest-cov\n[build/lint    ]   | .pkg: install_requires> python -I -m pip install 'setuptools>=42' wheel\n[build/lint    ]   | .pkg: _optional_hooks> python /opt/hostedtoolcache/Python/3.9.6/x64/lib/python3.9/site-packages/pyproject_api/_backend.py True setuptools.build_meta\n[build/lint    ]   | .pkg: get_requires_for_build_sdist> python /opt/hostedtoolcache/Python/3.9.6/x64/lib/python3.9/site-packages/pyproject_api/_backend.py True setuptools.build_meta\n[build/lint    ]   | .pkg: freeze> python -m pip freeze --all\n[build/lint    ]   | .pkg: pip==23.1.2,setuptools==67.7.2,wheel==0.40.0\n[build/lint    ]   | .pkg: prepare_metadata_for_build_wheel> python /opt/hostedtoolcache/Python/3.9.6/x64/lib/python3.9/site-packages/pyproject_api/_backend.py True setuptools.build_meta\n[build/lint    ]   | .pkg: build_sdist> python /opt/hostedtoolcache/Python/3.9.6/x64/lib/python3.9/site-packages/pyproject_api/_backend.py True setuptools.build_meta\n[build/lint    ]   | flake8: install_package_deps> python -I -m pip install wsproto\n[build/coverage]   | .pkg: _optional_hooks> python /opt/hostedtoolcache/Python/3.9.6/x64/lib/python3.9/site-packages/pyproject_api/_backend.py True setuptools.build_meta\n[build/coverage]   | .pkg: get_requires_for_build_sdist> python /opt/hostedtoolcache/Python/3.9.6/x64/lib/python3.9/site-packages/pyproject_api/_backend.py True setuptools.build_meta\n[build/coverage]   | .pkg: freeze> python -m pip freeze --all\n[build/coverage]   | .pkg: pip==23.1.2,setuptools==67.7.2,wheel==0.40.0\n[build/coverage]   | .pkg: prepare_metadata_for_build_wheel> python /opt/hostedtoolcache/Python/3.9.6/x64/lib/python3.9/site-packages/pyproject_api/_backend.py True setuptools.build_meta\n[build/coverage]   | .pkg: build_sdist> python /opt/hostedtoolcache/Python/3.9.6/x64/lib/python3.9/site-packages/pyproject_api/_backend.py True setuptools.build_meta\n[build/coverage]   | py39: install_package_deps> python -I -m pip install wsproto\n[build/tests   ]   | .pkg: recreate env because python changed version_info=[3, 9, 6, 'final', 0]->[3, 7, 11, 'final', 0] | executable='/opt/hostedtoolcache/Python/3.9.6/x64/bin/python3.9'->'/opt/hostedtoolcache/Python/3.7.11/x64/bin/python3.7'\n[build/tests   ]   | .pkg: remove tox env folder /tmp/de65f406-fe28-11ed-a890-af2cc187fc11/miguelgrinberg-simple-websocket/.tox/.pkg\n[build/tests   ]   | .pkg: install_requires> python -I -m pip install 'setuptools>=42' wheel\n[build/lint    ]   | flake8: install_package> python -I -m pip install --force-reinstall --no-deps /tmp/de65f406-fe28-11ed-a890-af2cc187fc11/miguelgrinberg-simple-websocket/.tox/.tmp/package/1/simple-websocket-0.10.1.dev0.tar.gz\n[build/coverage]   | py39: install_package> python -I -m pip install --force-reinstall --no-deps /tmp/de65f406-fe28-11ed-a890-af2cc187fc11/miguelgrinberg-simple-websocket/.tox/.tmp/package/2/simple-websocket-0.10.1.dev0.tar.gz\n[build/tests   ]   | .pkg: _optional_hooks> python /opt/hostedtoolcache/Python/3.7.11/x64/lib/python3.7/site-packages/pyproject_api/_backend.py True setuptools.build_meta\n[build/tests   ]   | .pkg: get_requires_for_build_sdist> python /opt/hostedtoolcache/Python/3.7.11/x64/lib/python3.7/site-packages/pyproject_api/_backend.py True setuptools.build_meta\n[build/tests   ]   | .pkg: prepare_metadata_for_build_wheel> python /opt/hostedtoolcache/Python/3.7.11/x64/lib/python3.7/site-packages/pyproject_api/_backend.py True setuptools.build_meta\n[build/tests   ]   | .pkg: build_sdist> python /opt/hostedtoolcache/Python/3.7.11/x64/lib/python3.7/site-packages/pyproject_api/_backend.py True setuptools.build_meta\n[build/tests   ]   | py37: install_package_deps> python -I -m pip install wsproto\n[build/tests   ]   | py37: install_package> python -I -m pip install --force-reinstall --no-deps /tmp/de65f406-fe28-11ed-a890-af2cc187fc11/miguelgrinberg-simple-websocket/.tox/.tmp/package/3/simple-websocket-0.10.1.dev0.tar.gz\n[build/lint    ]   | flake8: freeze> python -m pip freeze --all\n[build/lint    ]   | flake8: flake8==6.0.0,h11==0.14.0,mccabe==0.7.0,pip==23.1.2,pycodestyle==2.10.0,pyflakes==3.0.1,setuptools==67.7.2,simple-websocket @ file:///tmp/de65f406-fe28-11ed-a890-af2cc187fc11/miguelgrinberg-simple-websocket/.tox/.tmp/package/1/simple-websocket-0.10.1.dev0.tar.gz#sha256=d42db99d9d6aecbed546ca033cf5d56dab65192cf0f5ea82f71627b225328e7e,wheel==0.40.0,wsproto==1.2.0\n[build/lint    ]   | flake8: tox-gh-actions couldn't understand the parallel option. ignoring the given option: 0\n[build/lint    ]   \u2753  ::group::tox: flake8\n[build/lint    ]   | flake8: commands[0]> flake8 '--exclude=.*' src/simple_websocket tests\n[build/lint    ]   | flake8: tox-gh-actions couldn't understand the parallel option. ignoring the given option: 0\n[build/lint    ]   \u2753  ::endgroup::\n[build/lint    ]   | .pkg: _exit> python /opt/hostedtoolcache/Python/3.9.6/x64/lib/python3.9/site-packages/pyproject_api/_backend.py True setuptools.build_meta\n[build/lint    ]   |   flake8: OK (12.41=setup[11.81]+cmd[0.60] seconds)\n[build/lint    ]   |   congratulations :) (12.56 seconds)\n[build/lint    ]   \u2705  Success - Main tox -eflake8\n[build/lint    ] \u2b50 Run Main tox -edocs\n[build/lint    ]   \ud83d\udc33  docker exec cmd=[bash --noprofile --norc -e -o pipefail /var/run/act/workflow/5] user= workdir=\n[build/tests   ]   | py37: freeze> python -m pip freeze --all\n[build/tests   ]   | py37: coverage==7.2.6,exceptiongroup==1.1.1,h11==0.14.0,importlib-metadata==6.6.0,iniconfig==2.0.0,packaging==23.1,pip==23.1.2,pluggy==1.0.0,pytest==7.3.1,pytest-cov==4.1.0,setuptools==67.7.2,simple-websocket @ file:///tmp/de65f406-fe28-11ed-a890-af2cc187fc11/miguelgrinberg-simple-websocket/.tox/.tmp/package/3/simple-websocket-0.10.1.dev0.tar.gz#sha256=b0f1c6d5099925fa54b5cdd8a990e2bfd73e9c168b40a9b63743a48cadf94725,tomli==2.0.1,typing_extensions==4.6.2,wheel==0.40.0,wsproto==1.2.0,zipp==3.15.0\n[build/tests   ]   | py37: tox-gh-actions couldn't understand the parallel option. ignoring the given option: 0\n[build/tests   ]   \u2753  ::group::tox: py37\n[build/tests   ]   | py37: commands[0]> pip install -e .\n[build/tests   ]   | Obtaining file:///tmp/de65f406-fe28-11ed-a890-af2cc187fc11/miguelgrinberg-simple-websocket\n[build/tests   ]   |   Installing build dependencies: started\n[build/coverage]   | py39: freeze> python -m pip freeze --all\n[build/coverage]   | py39: coverage==7.2.6,exceptiongroup==1.1.1,h11==0.14.0,iniconfig==2.0.0,packaging==23.1,pip==23.1.2,pluggy==1.0.0,pytest==7.3.1,pytest-cov==4.1.0,setuptools==67.7.2,simple-websocket @ file:///tmp/de65f406-fe28-11ed-a890-af2cc187fc11/miguelgrinberg-simple-websocket/.tox/.tmp/package/2/simple-websocket-0.10.1.dev0.tar.gz#sha256=39ce2eb240b6060f338780a2f6a8adfcd42e8717185112f687f8157b15a51738,tomli==2.0.1,wheel==0.40.0,wsproto==1.2.0\n[build/coverage]   | py39: tox-gh-actions couldn't understand the parallel option. ignoring the given option: 0\n[build/coverage]   \u2753  ::group::tox: py39\n[build/coverage]   | py39: commands[0]> pip install -e .\n[build/coverage]   | Obtaining file:///tmp/de65f406-fe28-11ed-a890-af2cc187fc11/miguelgrinberg-simple-websocket\n[build/coverage]   |   Installing build dependencies: started\n[build/tests   ]   |   Installing build dependencies: finished with status 'done'\n[build/tests   ]   |   Checking if build backend supports build_editable: started\n[build/tests   ]   |   Checking if build backend supports build_editable: finished with status 'done'\n[build/tests   ]   |   Getting requirements to build editable: started\n[build/tests   ]   |   Getting requirements to build editable: finished with status 'done'\n[build/tests   ]   |   Preparing editable metadata (pyproject.toml): started\n[build/tests   ]   |   Preparing editable metadata (pyproject.toml): finished with status 'done'\n[build/tests   ]   | Requirement already satisfied: wsproto in ./.tox/py37/lib/python3.7/site-packages (from simple-websocket==0.10.1.dev0) (1.2.0)\n[build/tests   ]   | Requirement already satisfied: h11<1,>=0.9.0 in ./.tox/py37/lib/python3.7/site-packages (from wsproto->simple-websocket==0.10.1.dev0) (0.14.0)\n[build/tests   ]   | Requirement already satisfied: typing-extensions in ./.tox/py37/lib/python3.7/site-packages (from h11<1,>=0.9.0->wsproto->simple-websocket==0.10.1.dev0) (4.6.2)\n[build/tests   ]   | Building wheels for collected packages: simple-websocket\n[build/tests   ]   |   Building editable for simple-websocket (pyproject.toml): started\n[build/tests   ]   |   Building editable for simple-websocket (pyproject.toml): finished with status 'done'\n[build/tests   ]   |   Created wheel for simple-websocket: filename=simple_websocket-0.10.1.dev0-0.editable-py3-none-any.whl size=2732 sha256=b8579a4470c5d78e2a82c4a90f08fa2bf161afb57cbb212b36844d4f701cf5e3\n[build/tests   ]   |   Stored in directory: /tmp/pip-ephem-wheel-cache-bwe0rf73/wheels/97/50/14/a399115f094b4d3e6cdec866e77257e074c250d6ae5e759e53\n[build/tests   ]   | Successfully built simple-websocket\n[build/tests   ]   | Installing collected packages: simple-websocket\n[build/tests   ]   |   Attempting uninstall: simple-websocket\n[build/tests   ]   |     Found existing installation: simple-websocket 0.10.1.dev0\n[build/tests   ]   |     Uninstalling simple-websocket-0.10.1.dev0:\n[build/tests   ]   |       Successfully uninstalled simple-websocket-0.10.1.dev0\n[build/tests   ]   | Successfully installed simple-websocket-0.10.1.dev0\n[build/tests   ]   | py37: commands[1]> pytest -p no:logging --cov=simple_websocket --cov-branch --cov-report=term-missing --cov-report=xml\n[build/coverage]   |   Installing build dependencies: finished with status 'done'\n[build/coverage]   |   Checking if build backend supports build_editable: started\n[build/coverage]   |   Checking if build backend supports build_editable: finished with status 'done'\n[build/coverage]   |   Getting requirements to build editable: started\n[build/tests   ]   | ============================= test session starts ==============================\n[build/tests   ]   | platform linux -- Python 3.7.11, pytest-7.3.1, pluggy-1.0.0\n[build/tests   ]   | cachedir: .tox/py37/.pytest_cache\n[build/tests   ]   | rootdir: /tmp/de65f406-fe28-11ed-a890-af2cc187fc11/miguelgrinberg-simple-websocket\n[build/tests   ]   | plugins: cov-4.1.0\n[build/tests   ]   | collected 21 items\n[build/tests   ]   | \n[build/tests   ]   | tests/test_simple_websocket_client.py .........                          [ 42%]\n[build/coverage]   |   Getting requirements to build editable: finished with status 'done'\n[build/coverage]   |   Preparing editable metadata (pyproject.toml): started\n[build/tests   ]   | tests/test_simple_websocket_server.py ............                       [100%]\n[build/tests   ]   | \n[build/tests   ]   | ---------- coverage: platform linux, python 3.7.11-final-0 -----------\n[build/tests   ]   | Name                               Stmts   Miss Branch BrPart  Cover   Missing\n[build/tests   ]   | ------------------------------------------------------------------------------\n[build/tests   ]   | src/simple_websocket/__init__.py       1      0      0      0   100%\n[build/tests   ]   | src/simple_websocket/ws.py           203      0     82      0   100%\n[build/tests   ]   | ------------------------------------------------------------------------------\n[build/tests   ]   | TOTAL                                204      0     82      0   100%\n[build/tests   ]   | Coverage XML written to file coverage.xml\n[build/tests   ]   | \n[build/tests   ]   | \n[build/tests   ]   | ============================== 21 passed in 0.49s ==============================\n[build/tests   ]   | py37: tox-gh-actions couldn't understand the parallel option. ignoring the given option: 0\n[build/tests   ]   \u2753  ::endgroup::\n[build/tests   ]   | .pkg: _exit> python /opt/hostedtoolcache/Python/3.7.11/x64/lib/python3.7/site-packages/pyproject_api/_backend.py True setuptools.build_meta\n[build/coverage]   |   Preparing editable metadata (pyproject.toml): finished with status 'done'\n[build/coverage]   | Requirement already satisfied: wsproto in ./.tox/py39/lib/python3.9/site-packages (from simple-websocket==0.10.1.dev0) (1.2.0)\n[build/coverage]   | Requirement already satisfied: h11<1,>=0.9.0 in ./.tox/py39/lib/python3.9/site-packages (from wsproto->simple-websocket==0.10.1.dev0) (0.14.0)\n[build/coverage]   | Building wheels for collected packages: simple-websocket\n[build/tests   ]   |   py37: OK (20.70=setup[15.81]+cmd[3.98,0.91] seconds)\n[build/tests   ]   |   congratulations :) (20.83 seconds)\n[build/coverage]   |   Building editable for simple-websocket (pyproject.toml): started\n[build/tests   ]   \u2705  Success - Main tox\n[build/coverage]   |   Building editable for simple-websocket (pyproject.toml): finished with status 'done'\n[build/coverage]   |   Created wheel for simple-websocket: filename=simple_websocket-0.10.1.dev0-0.editable-py3-none-any.whl size=2732 sha256=676e27254cc324b180834b4a6e2b14e7152e56fb794013ef74215e215de0a6ff\n[build/coverage]   |   Stored in directory: /tmp/pip-ephem-wheel-cache-fkxdquls/wheels/ac/56/8c/c2aaca9656a6ed169f48232053439a7f70469a00045e32055b\n[build/coverage]   | Successfully built simple-websocket\n[build/coverage]   | Installing collected packages: simple-websocket\n[build/coverage]   |   Attempting uninstall: simple-websocket\n[build/coverage]   |     Found existing installation: simple-websocket 0.10.1.dev0\n[build/coverage]   |     Uninstalling simple-websocket-0.10.1.dev0:\n[build/coverage]   |       Successfully uninstalled simple-websocket-0.10.1.dev0\n[build/coverage]   | Successfully installed simple-websocket-0.10.1.dev0\n[build/coverage]   | py39: commands[1]> pytest -p no:logging --cov=simple_websocket --cov-branch --cov-report=term-missing --cov-report=xml\n[build/tests   ] \u2b50 Run Post actions/setup-python@v3\n[build/tests   ]   \ud83d\udc33  docker exec cmd=[node /var/run/act/actions/actions-setup-python@v3/dist/cache-save/index.js] user= workdir=\n[build/coverage]   | ============================= test session starts ==============================\n[build/coverage]   | platform linux -- Python 3.9.6, pytest-7.3.1, pluggy-1.0.0\n[build/coverage]   | cachedir: .tox/py39/.pytest_cache\n[build/coverage]   | rootdir: /tmp/de65f406-fe28-11ed-a890-af2cc187fc11/miguelgrinberg-simple-websocket\n[build/coverage]   | plugins: cov-4.1.0\n[build/coverage]   | collected 21 items\n[build/coverage]   | \n[build/coverage]   | tests/test_simple_websocket_client.py .........                          [ 42%]\n[build/coverage]   | tests/test_simple_websocket_server.py ............                       [100%]\n[build/coverage]   | \n[build/coverage]   | ----------- coverage: platform linux, python 3.9.6-final-0 -----------\n[build/coverage]   | Name                               Stmts   Miss Branch BrPart  Cover   Missing\n[build/coverage]   | ------------------------------------------------------------------------------\n[build/coverage]   | src/simple_websocket/__init__.py       1      0      0      0   100%\n[build/coverage]   | src/simple_websocket/ws.py           202      0     82      0   100%\n[build/coverage]   | ------------------------------------------------------------------------------\n[build/coverage]   | TOTAL                                203      0     82      0   100%\n[build/coverage]   | Coverage XML written to file coverage.xml\n[build/coverage]   | \n[build/coverage]   | \n[build/coverage]   | ============================== 21 passed in 0.62s ==============================\n[build/coverage]   | py39: tox-gh-actions couldn't understand the parallel option. ignoring the given option: 0\n[build/coverage]   \u2753  ::endgroup::\n[build/coverage]   | .pkg: _exit> python /opt/hostedtoolcache/Python/3.9.6/x64/lib/python3.9/site-packages/pyproject_api/_backend.py True setuptools.build_meta\n[build/coverage]   |   py39: OK (22.32=setup[17.49]+cmd[3.74,1.08] seconds)\n[build/coverage]   |   congratulations :) (22.42 seconds)\n[build/coverage]   \u2705  Success - Main tox\n[build/coverage] \u2b50 Run Main codecov/codecov-action@v3\n[build/coverage]   \ud83d\udc33  docker cp src=/home/andre-silva/.cache/act/codecov-codecov-action@v3/ dst=/var/run/act/actions/codecov-codecov-action@v3/\n[build/coverage]   \ud83d\udc33  docker exec cmd=[chown -R 1012:1000 /var/run/act/actions/codecov-codecov-action@v3/] user=0 workdir=\n[build/tests   ]   \u2705  Success - Post actions/setup-python@v3\n[build/lint    ]   | ROOT: tox-gh-actions won't override envlist because envlist is explicitly given via TOXENV or -e option\n[build/lint    ]   | ROOT: tox-gh-actions couldn't understand the parallel option. ignoring the given option: 0\n[build/lint    ]   | docs: install_deps> python -I -m pip install sphinx\n[build/coverage]   \ud83d\udc33  docker exec cmd=[node /var/run/act/actions/codecov-codecov-action@v3/dist/index.js] user= workdir=\n[build/lint    ]   | .pkg: recreate env because python changed version_info=[3, 7, 11, 'final', 0]->[3, 9, 6, 'final', 0] | executable='/opt/hostedtoolcache/Python/3.7.11/x64/bin/python3.7'->'/opt/hostedtoolcache/Python/3.9.6/x64/bin/python3.9'\n[build/lint    ]   | .pkg: remove tox env folder /tmp/de65f406-fe28-11ed-a890-af2cc187fc11/miguelgrinberg-simple-websocket/.tox/.pkg\n[build/lint    ]   | .pkg: install_requires> python -I -m pip install 'setuptools>=42' wheel\n[build/lint    ]   | .pkg: _optional_hooks> python /opt/hostedtoolcache/Python/3.9.6/x64/lib/python3.9/site-packages/pyproject_api/_backend.py True setuptools.build_meta\n[build/lint    ]   | .pkg: get_requires_for_build_sdist> python /opt/hostedtoolcache/Python/3.9.6/x64/lib/python3.9/site-packages/pyproject_api/_backend.py True setuptools.build_meta\n[build/lint    ]   | .pkg: prepare_metadata_for_build_wheel> python /opt/hostedtoolcache/Python/3.9.6/x64/lib/python3.9/site-packages/pyproject_api/_backend.py True setuptools.build_meta\n[build/lint    ]   | .pkg: build_sdist> python /opt/hostedtoolcache/Python/3.9.6/x64/lib/python3.9/site-packages/pyproject_api/_backend.py True setuptools.build_meta\n[build/lint    ]   | docs: install_package_deps> python -I -m pip install wsproto\n[build/coverage]   | Error: Cannot find module 'node:http'\n[build/coverage]   | Require stack:\n[build/coverage]   | - /run/act/actions/codecov-codecov-action@v3/dist/index.js\n[build/coverage]   |     at Function.Module._resolveFilename (internal/modules/cjs/loader.js:889:15)\n[build/coverage]   |     at Function.Module._load (internal/modules/cjs/loader.js:745:27)\n[build/coverage]   |     at Module.require (internal/modules/cjs/loader.js:961:19)\n[build/coverage]   |     at require (internal/modules/cjs/helpers.js:92:18)\n[build/coverage]   |     at /run/act/actions/codecov-codecov-action@v3/webpack:/codecov-action/external node-commonjs \"node:http\":1:1\n[build/coverage]   |     at /run/act/actions/codecov-codecov-action@v3/dist/index.js:24630:3\n[build/coverage]   |     at Object.<anonymous> (/run/act/actions/codecov-codecov-action@v3/dist/index.js:24633:12)\n[build/coverage]   |     at Module._compile (internal/modules/cjs/loader.js:1072:14)\n[build/coverage]   |     at Object.Module._extensions..js (internal/modules/cjs/loader.js:1101:10)\n[build/coverage]   |     at Module.load (internal/modules/cjs/loader.js:937:32)\n[build/coverage]   \u274c  Failure - Main codecov/codecov-action@v3\n[build/lint    ]   | docs: install_package> python -I -m pip install --force-reinstall --no-deps /tmp/de65f406-fe28-11ed-a890-af2cc187fc11/miguelgrinberg-simple-websocket/.tox/.tmp/package/4/simple-websocket-0.10.1.dev0.tar.gz\n[build/tests   ] \ud83c\udfc1  Job succeeded\n[build/coverage] exitcode '1': failure\n[build/lint    ]   | docs: freeze> python -m pip freeze --all\n[build/lint    ]   | docs: alabaster==0.7.13,Babel==2.12.1,certifi==2023.5.7,charset-normalizer==3.1.0,docutils==0.20.1,h11==0.14.0,idna==3.4,imagesize==1.4.1,importlib-metadata==6.6.0,Jinja2==3.1.2,MarkupSafe==2.1.2,packaging==23.1,pip==23.1.2,Pygments==2.15.1,requests==2.31.0,setuptools==67.7.2,simple-websocket @ file:///tmp/de65f406-fe28-11ed-a890-af2cc187fc11/miguelgrinberg-simple-websocket/.tox/.tmp/package/4/simple-websocket-0.10.1.dev0.tar.gz#sha256=d54ddcce24a1df43d5783ec583ef99a062ff075ba227df6c37c956910250f392,snowballstemmer==2.2.0,Sphinx==7.0.1,sphinxcontrib-applehelp==1.0.4,sphinxcontrib-devhelp==1.0.2,sphinxcontrib-htmlhelp==2.0.1,sphinxcontrib-jsmath==1.0.1,sphinxcontrib-qthelp==1.0.3,sphinxcontrib-serializinghtml==1.1.5,urllib3==2.0.2,wheel==0.40.0,wsproto==1.2.0,zipp==3.15.0\n[build/lint    ]   | docs: tox-gh-actions couldn't understand the parallel option. ignoring the given option: 0\n[build/lint    ]   \u2753  ::group::tox: docs\n[build/lint    ]   | docs: commands[0] /tmp/de65f406-fe28-11ed-a890-af2cc187fc11/miguelgrinberg-simple-websocket/docs> make html\n[build/lint    ]   | Traceback (most recent call last):\n[build/lint    ]   |   File \"/tmp/de65f406-fe28-11ed-a890-af2cc187fc11/miguelgrinberg-simple-websocket/.tox/docs/bin/sphinx-build\", line 5, in <module>\n[build/lint    ]   |     from sphinx.cmd.build import main\n[build/lint    ]   |   File \"/tmp/de65f406-fe28-11ed-a890-af2cc187fc11/miguelgrinberg-simple-websocket/.tox/docs/lib/python3.9/site-packages/sphinx/cmd/build.py\", line 20, in <module>\n[build/lint    ]   |     from sphinx.application import Sphinx\n[build/lint    ]   |   File \"/tmp/de65f406-fe28-11ed-a890-af2cc187fc11/miguelgrinberg-simple-websocket/.tox/docs/lib/python3.9/site-packages/sphinx/application.py\", line 25, in <module>\n[build/lint    ]   |     from sphinx.config import Config\n[build/lint    ]   |   File \"/tmp/de65f406-fe28-11ed-a890-af2cc187fc11/miguelgrinberg-simple-websocket/.tox/docs/lib/python3.9/site-packages/sphinx/config.py\", line 14, in <module>\n[build/lint    ]   |     from sphinx.util.i18n import format_date\n[build/lint    ]   |   File \"/tmp/de65f406-fe28-11ed-a890-af2cc187fc11/miguelgrinberg-simple-websocket/.tox/docs/lib/python3.9/site-packages/sphinx/util/i18n.py\", line 11, in <module>\n[build/lint    ]   |     import babel.dates\n[build/lint    ]   |   File \"/tmp/de65f406-fe28-11ed-a890-af2cc187fc11/miguelgrinberg-simple-websocket/.tox/docs/lib/python3.9/site-packages/babel/dates.py\", line 34, in <module>\n[build/lint    ]   |     from babel import localtime\n[build/lint    ]   |   File \"/tmp/de65f406-fe28-11ed-a890-af2cc187fc11/miguelgrinberg-simple-websocket/.tox/docs/lib/python3.9/site-packages/babel/localtime/__init__.py\", line 41, in <module>\n[build/lint    ]   |     LOCALTZ = get_localzone()\n[build/lint    ]   |   File \"/tmp/de65f406-fe28-11ed-a890-af2cc187fc11/miguelgrinberg-simple-websocket/.tox/docs/lib/python3.9/site-packages/babel/localtime/__init__.py\", line 37, in get_localzone\n[build/lint    ]   |     return _get_localzone()\n[build/lint    ]   |   File \"/tmp/de65f406-fe28-11ed-a890-af2cc187fc11/miguelgrinberg-simple-websocket/.tox/docs/lib/python3.9/site-packages/babel/localtime/_unix.py\", line 49, in _get_localzone\n[build/lint    ]   |     tzinfo = _get_tzinfo(zone_name)\n[build/lint    ]   |   File \"/tmp/de65f406-fe28-11ed-a890-af2cc187fc11/miguelgrinberg-simple-websocket/.tox/docs/lib/python3.9/site-packages/babel/localtime/_helpers.py\", line 21, in _get_tzinfo\n[build/lint    ]   |     return zoneinfo.ZoneInfo(tzenv)\n[build/lint    ]   |   File \"/opt/hostedtoolcache/Python/3.9.6/x64/lib/python3.9/zoneinfo/_tzpath.py\", line 67, in find_tzfile\n[build/lint    ]   |     _validate_tzfile_path(key)\n[build/lint    ]   |   File \"/opt/hostedtoolcache/Python/3.9.6/x64/lib/python3.9/zoneinfo/_tzpath.py\", line 81, in _validate_tzfile_path\n[build/lint    ]   |     raise ValueError(\n[build/lint    ]   | ValueError: ZoneInfo keys may not be absolute paths, got: /UTC\n[build/lint    ]   | make: *** [Makefile:20: html] Error 1\n[build/lint    ]   | docs: exit 2 (0.21 seconds) /tmp/de65f406-fe28-11ed-a890-af2cc187fc11/miguelgrinberg-simple-websocket/docs> make html pid=344\n[build/lint    ]   | docs: tox-gh-actions couldn't understand the parallel option. ignoring the given option: 0\n[build/lint    ]   \u2753  ::endgroup::\n[build/lint    ]   | .pkg: _exit> python /opt/hostedtoolcache/Python/3.9.6/x64/lib/python3.9/site-packages/pyproject_api/_backend.py True setuptools.build_meta\n[build/lint    ]   |   docs: FAIL code 2 (17.94=setup[17.74]+cmd[0.21] seconds)\n[build/lint    ]   |   evaluation failed :( (18.03 seconds)\n[build/lint    ]   \u274c  Failure - Main tox -edocs\n[build/lint    ] exitcode '2': failure\n[build/lint    ] \ud83c\udfc1  Job failed\n[build/coverage] \ud83c\udfc1  Job failed\n",
    "actions_stderr": "Error: Job 'lint' failed\n"
}