{
    "repository": "orbcode/orbtrace",
    "clone_url": "https://github.com/orbcode/orbtrace.git",
    "timestamp": "2023-05-29T16:26:44.483527Z",
    "clone_success": true,
    "number of actions": 1,
    "number_of_test_actions": 1,
    "actions_successful": false,
    "actions_stdout": "[build/orbtrace_mini_test] \ud83d\ude80  Start image=crawlergpt:latest\n[build/orbtrace_mini_dfu ] \ud83d\ude80  Start image=crawlergpt:latest\n[build/orbtrace_mini     ] \ud83d\ude80  Start image=crawlergpt:latest\n[build/orbtrace_mini     ]   \ud83d\udc33  docker pull image=crawlergpt:latest platform= username= forcePull=false\n[build/orbtrace_mini_dfu ]   \ud83d\udc33  docker pull image=crawlergpt:latest platform= username= forcePull=false\n[build/orbtrace_mini_test]   \ud83d\udc33  docker pull image=crawlergpt:latest platform= username= forcePull=false\n[build/orbtrace_mini     ]   \ud83d\udc33  docker create image=crawlergpt:latest platform= entrypoint=[\"tail\" \"-f\" \"/dev/null\"] cmd=[]\n[build/orbtrace_mini_test]   \ud83d\udc33  docker create image=crawlergpt:latest platform= entrypoint=[\"tail\" \"-f\" \"/dev/null\"] cmd=[]\n[build/orbtrace_mini_dfu ]   \ud83d\udc33  docker create image=crawlergpt:latest platform= entrypoint=[\"tail\" \"-f\" \"/dev/null\"] cmd=[]\n[build/orbtrace_mini_test]   \ud83d\udc33  docker run image=crawlergpt:latest platform= entrypoint=[\"tail\" \"-f\" \"/dev/null\"] cmd=[]\n[build/orbtrace_mini     ]   \ud83d\udc33  docker run image=crawlergpt:latest platform= entrypoint=[\"tail\" \"-f\" \"/dev/null\"] cmd=[]\n[build/orbtrace_mini_dfu ]   \ud83d\udc33  docker run image=crawlergpt:latest platform= entrypoint=[\"tail\" \"-f\" \"/dev/null\"] cmd=[]\n[build/orbtrace_mini_test]   \ud83d\udc33  docker exec cmd=[chown -R 1012:1000 /tmp/de65f406-fe28-11ed-a890-af2cc187fc11/orbcode-orbtrace] user=0 workdir=\n[build/orbtrace_mini_dfu ]   \ud83d\udc33  docker exec cmd=[chown -R 1012:1000 /tmp/de65f406-fe28-11ed-a890-af2cc187fc11/orbcode-orbtrace] user=0 workdir=\n[build/orbtrace_mini     ]   \ud83d\udc33  docker exec cmd=[chown -R 1012:1000 /tmp/de65f406-fe28-11ed-a890-af2cc187fc11/orbcode-orbtrace] user=0 workdir=\n[build/orbtrace_mini_test]   \u2601  git clone 'https://github.com/YosysHQ/setup-oss-cad-suite' # ref=v2\n[build/orbtrace_mini_dfu ]   \u2601  git clone 'https://github.com/YosysHQ/setup-oss-cad-suite' # ref=v2\n[build/orbtrace_mini     ]   \u2601  git clone 'https://github.com/YosysHQ/setup-oss-cad-suite' # ref=v2\n[build/orbtrace_mini_test]   \u2601  git clone 'https://github.com/gregdavill/setup-riscv-gnu-toolchain' # ref=v2.0\n[build/orbtrace_mini_dfu ]   \u2601  git clone 'https://github.com/gregdavill/setup-riscv-gnu-toolchain' # ref=v2.0\n[build/orbtrace_mini     ]   \u2601  git clone 'https://github.com/gregdavill/setup-riscv-gnu-toolchain' # ref=v2.0\n[build/orbtrace_mini_test]   \u2601  git clone 'https://github.com/actions/upload-artifact' # ref=v3\n[build/orbtrace_mini_dfu ]   \u2601  git clone 'https://github.com/actions/upload-artifact' # ref=v3\n[build/orbtrace_mini     ]   \u2601  git clone 'https://github.com/actions/upload-artifact' # ref=v3\n[build/orbtrace_mini_test] \u2b50 Run Main actions/checkout@v3\n[build/orbtrace_mini_test]   \u2705  Success - Main actions/checkout@v3\n[build/orbtrace_mini_dfu ] \u2b50 Run Main actions/checkout@v3\n[build/orbtrace_mini_test] \u2b50 Run Main YosysHQ/setup-oss-cad-suite@v2\n[build/orbtrace_mini_dfu ]   \u2705  Success - Main actions/checkout@v3\n[build/orbtrace_mini_test]   \ud83d\udc33  docker cp src=/home/andre-silva/.cache/act/YosysHQ-setup-oss-cad-suite@v2/ dst=/var/run/act/actions/YosysHQ-setup-oss-cad-suite@v2/\n[build/orbtrace_mini     ] \u2b50 Run Main actions/checkout@v3\n[build/orbtrace_mini_test]   \ud83d\udc33  docker exec cmd=[chown -R 1012:1000 /var/run/act/actions/YosysHQ-setup-oss-cad-suite@v2/] user=0 workdir=\n[build/orbtrace_mini     ]   \u2705  Success - Main actions/checkout@v3\n[build/orbtrace_mini_dfu ] \u2b50 Run Main YosysHQ/setup-oss-cad-suite@v2\n[build/orbtrace_mini_dfu ]   \ud83d\udc33  docker cp src=/home/andre-silva/.cache/act/YosysHQ-setup-oss-cad-suite@v2/ dst=/var/run/act/actions/YosysHQ-setup-oss-cad-suite@v2/\n[build/orbtrace_mini_dfu ]   \ud83d\udc33  docker exec cmd=[chown -R 1012:1000 /var/run/act/actions/YosysHQ-setup-oss-cad-suite@v2/] user=0 workdir=\n[build/orbtrace_mini     ] \u2b50 Run Main YosysHQ/setup-oss-cad-suite@v2\n[build/orbtrace_mini     ]   \ud83d\udc33  docker cp src=/home/andre-silva/.cache/act/YosysHQ-setup-oss-cad-suite@v2/ dst=/var/run/act/actions/YosysHQ-setup-oss-cad-suite@v2/\n[build/orbtrace_mini     ]   \ud83d\udc33  docker exec cmd=[chown -R 1012:1000 /var/run/act/actions/YosysHQ-setup-oss-cad-suite@v2/] user=0 workdir=\n[build/orbtrace_mini     ]   \ud83d\udc33  docker exec cmd=[node /var/run/act/actions/YosysHQ-setup-oss-cad-suite@v2/dist/index.js] user= workdir=\n[build/orbtrace_mini_test]   \ud83d\udc33  docker exec cmd=[node /var/run/act/actions/YosysHQ-setup-oss-cad-suite@v2/dist/index.js] user= workdir=\n[build/orbtrace_mini_dfu ]   \ud83d\udc33  docker exec cmd=[node /var/run/act/actions/YosysHQ-setup-oss-cad-suite@v2/dist/index.js] user= workdir=\n[build/orbtrace_mini_test]   | Setting up oss-cad-suite\n[build/orbtrace_mini_test]   \ud83d\udcac  ::debug::Package directory is '/tmp/oss-cad-suite'\n[build/orbtrace_mini_test]   \ud83d\udcac  ::debug::Package name is '/tmp/oss-cad-suite'\n[build/orbtrace_mini_test]   \ud83d\udcac  ::debug::Using API_ENDPOINT of 'releases/latest'\n[build/orbtrace_mini_test]   \ud83d\udcac  ::debug::Archive prefix is 'oss-cad-suite-linux-x64'\n[build/orbtrace_mini_test]   | Getting download URL for oss-cad-suite-linux-x64\n[build/orbtrace_mini_test]   \ud83d\udcac  ::debug::Endpoint URL is 'https://api.github.com/repos/YosysHQ/oss-cad-suite-build/releases/latest'\n[build/orbtrace_mini_dfu ]   | Setting up oss-cad-suite\n[build/orbtrace_mini_dfu ]   \ud83d\udcac  ::debug::Package directory is '/tmp/oss-cad-suite'\n[build/orbtrace_mini_dfu ]   \ud83d\udcac  ::debug::Package name is '/tmp/oss-cad-suite'\n[build/orbtrace_mini_dfu ]   \ud83d\udcac  ::debug::Using API_ENDPOINT of 'releases/latest'\n[build/orbtrace_mini_dfu ]   \ud83d\udcac  ::debug::Archive prefix is 'oss-cad-suite-linux-x64'\n[build/orbtrace_mini_dfu ]   | Getting download URL for oss-cad-suite-linux-x64\n[build/orbtrace_mini_dfu ]   \ud83d\udcac  ::debug::Endpoint URL is 'https://api.github.com/repos/YosysHQ/oss-cad-suite-build/releases/latest'\n[build/orbtrace_mini     ]   | Setting up oss-cad-suite\n[build/orbtrace_mini     ]   \ud83d\udcac  ::debug::Package directory is '/tmp/oss-cad-suite'\n[build/orbtrace_mini     ]   \ud83d\udcac  ::debug::Package name is '/tmp/oss-cad-suite'\n[build/orbtrace_mini     ]   \ud83d\udcac  ::debug::Using API_ENDPOINT of 'releases/latest'\n[build/orbtrace_mini     ]   \ud83d\udcac  ::debug::Archive prefix is 'oss-cad-suite-linux-x64'\n[build/orbtrace_mini     ]   | Getting download URL for oss-cad-suite-linux-x64\n[build/orbtrace_mini     ]   \ud83d\udcac  ::debug::Endpoint URL is 'https://api.github.com/repos/YosysHQ/oss-cad-suite-build/releases/latest'\n[build/orbtrace_mini_test]   | Downloading package from https://github.com/YosysHQ/oss-cad-suite-build/releases/download/2023-05-29/oss-cad-suite-linux-x64-20230529.tgz\n[build/orbtrace_mini_test]   \ud83d\udcac  ::debug::Downloading https://github.com/YosysHQ/oss-cad-suite-build/releases/download/2023-05-29/oss-cad-suite-linux-x64-20230529.tgz\n[build/orbtrace_mini_test]   \ud83d\udcac  ::debug::Destination /tmp/oss-cad-suite.tgz\n[build/orbtrace_mini     ]   | Downloading package from https://github.com/YosysHQ/oss-cad-suite-build/releases/download/2023-05-29/oss-cad-suite-linux-x64-20230529.tgz\n[build/orbtrace_mini_dfu ]   | Downloading package from https://github.com/YosysHQ/oss-cad-suite-build/releases/download/2023-05-29/oss-cad-suite-linux-x64-20230529.tgz\n[build/orbtrace_mini     ]   \ud83d\udcac  ::debug::Downloading https://github.com/YosysHQ/oss-cad-suite-build/releases/download/2023-05-29/oss-cad-suite-linux-x64-20230529.tgz\n[build/orbtrace_mini     ]   \ud83d\udcac  ::debug::Destination /tmp/oss-cad-suite.tgz\n[build/orbtrace_mini_dfu ]   \ud83d\udcac  ::debug::Downloading https://github.com/YosysHQ/oss-cad-suite-build/releases/download/2023-05-29/oss-cad-suite-linux-x64-20230529.tgz\n[build/orbtrace_mini_dfu ]   \ud83d\udcac  ::debug::Destination /tmp/oss-cad-suite.tgz\n[build/orbtrace_mini     ]   \ud83d\udcac  ::debug::download complete\n[build/orbtrace_mini     ]   | Extracting /tmp/oss-cad-suite.tgz to /tmp/oss-cad-suite\n[build/orbtrace_mini     ]   \ud83d\udcac  ::debug::System is a posix-like, using extract tar\n[build/orbtrace_mini     ]   \ud83d\udcac  ::debug::Checking tar --version\n[build/orbtrace_mini     ]   \ud83d\udcac  ::debug::tar (GNU tar) 1.30%0ACopyright (C) 2017 Free Software Foundation, Inc.%0ALicense GPLv3+: GNU GPL version 3 or later <https://gnu.org/licenses/gpl.html>.%0AThis is free software: you are free to change and redistribute it.%0AThere is NO WARRANTY, to the extent permitted by law.%0A%0AWritten by John Gilmore and Jay Fenlason.\n[build/orbtrace_mini     ]   | [command]/usr/bin/tar xz --strip-components=1 --warning=no-unknown-keyword --overwrite -C /tmp/oss-cad-suite -f /tmp/oss-cad-suite.tgz\n[build/orbtrace_mini_dfu ]   \ud83d\udcac  ::debug::download complete\n[build/orbtrace_mini_dfu ]   | Extracting /tmp/oss-cad-suite.tgz to /tmp/oss-cad-suite\n[build/orbtrace_mini_dfu ]   \ud83d\udcac  ::debug::System is a posix-like, using extract tar\n[build/orbtrace_mini_dfu ]   \ud83d\udcac  ::debug::Checking tar --version\n[build/orbtrace_mini_dfu ]   \ud83d\udcac  ::debug::tar (GNU tar) 1.30%0ACopyright (C) 2017 Free Software Foundation, Inc.%0ALicense GPLv3+: GNU GPL version 3 or later <https://gnu.org/licenses/gpl.html>.%0AThis is free software: you are free to change and redistribute it.%0AThere is NO WARRANTY, to the extent permitted by law.%0A%0AWritten by John Gilmore and Jay Fenlason.\n[build/orbtrace_mini_dfu ]   | [command]/usr/bin/tar xz --strip-components=1 --warning=no-unknown-keyword --overwrite -C /tmp/oss-cad-suite -f /tmp/oss-cad-suite.tgz\n[build/orbtrace_mini_test]   \ud83d\udcac  ::debug::download complete\n[build/orbtrace_mini_test]   | Extracting /tmp/oss-cad-suite.tgz to /tmp/oss-cad-suite\n[build/orbtrace_mini_test]   \ud83d\udcac  ::debug::System is a posix-like, using extract tar\n[build/orbtrace_mini_test]   \ud83d\udcac  ::debug::Checking tar --version\n[build/orbtrace_mini_test]   \ud83d\udcac  ::debug::tar (GNU tar) 1.30%0ACopyright (C) 2017 Free Software Foundation, Inc.%0ALicense GPLv3+: GNU GPL version 3 or later <https://gnu.org/licenses/gpl.html>.%0AThis is free software: you are free to change and redistribute it.%0AThere is NO WARRANTY, to the extent permitted by law.%0A%0AWritten by John Gilmore and Jay Fenlason.\n[build/orbtrace_mini_test]   | [command]/usr/bin/tar xz --strip-components=1 --warning=no-unknown-keyword --overwrite -C /tmp/oss-cad-suite -f /tmp/oss-cad-suite.tgz\n[build/orbtrace_mini     ]   \ud83d\udcac  ::debug::Suite path is '/tmp/oss-cad-suite'\n[build/orbtrace_mini     ]   | Done\n[build/orbtrace_mini     ]   \u2705  Success - Main YosysHQ/setup-oss-cad-suite@v2\n[build/orbtrace_mini     ]   \u2699  ::add-path:: /tmp/oss-cad-suite/bin\n[build/orbtrace_mini     ] \u2b50 Run Main gregdavill/setup-riscv-gnu-toolchain@v2.0\n[build/orbtrace_mini     ]   \ud83d\udc33  docker cp src=/home/andre-silva/.cache/act/gregdavill-setup-riscv-gnu-toolchain@v2.0/ dst=/var/run/act/actions/gregdavill-setup-riscv-gnu-toolchain@v2.0/\n[build/orbtrace_mini     ]   \ud83d\udc33  docker exec cmd=[chown -R 1012:1000 /var/run/act/actions/gregdavill-setup-riscv-gnu-toolchain@v2.0/] user=0 workdir=\n[build/orbtrace_mini_test]   \ud83d\udcac  ::debug::Suite path is '/tmp/oss-cad-suite'\n[build/orbtrace_mini_test]   | Done\n[build/orbtrace_mini_test]   \u2705  Success - Main YosysHQ/setup-oss-cad-suite@v2\n[build/orbtrace_mini_test]   \u2699  ::add-path:: /tmp/oss-cad-suite/bin\n[build/orbtrace_mini_test] \u2b50 Run Main gregdavill/setup-riscv-gnu-toolchain@v2.0\n[build/orbtrace_mini_test]   \ud83d\udc33  docker cp src=/home/andre-silva/.cache/act/gregdavill-setup-riscv-gnu-toolchain@v2.0/ dst=/var/run/act/actions/gregdavill-setup-riscv-gnu-toolchain@v2.0/\n[build/orbtrace_mini_test]   \ud83d\udc33  docker exec cmd=[chown -R 1012:1000 /var/run/act/actions/gregdavill-setup-riscv-gnu-toolchain@v2.0/] user=0 workdir=\n[build/orbtrace_mini_dfu ]   \ud83d\udcac  ::debug::Suite path is '/tmp/oss-cad-suite'\n[build/orbtrace_mini_dfu ]   | Done\n[build/orbtrace_mini_dfu ]   \u2705  Success - Main YosysHQ/setup-oss-cad-suite@v2\n[build/orbtrace_mini_dfu ]   \u2699  ::add-path:: /tmp/oss-cad-suite/bin\n[build/orbtrace_mini_dfu ] \u2b50 Run Main gregdavill/setup-riscv-gnu-toolchain@v2.0\n[build/orbtrace_mini_dfu ]   \ud83d\udc33  docker cp src=/home/andre-silva/.cache/act/gregdavill-setup-riscv-gnu-toolchain@v2.0/ dst=/var/run/act/actions/gregdavill-setup-riscv-gnu-toolchain@v2.0/\n[build/orbtrace_mini_dfu ]   \ud83d\udc33  docker exec cmd=[chown -R 1012:1000 /var/run/act/actions/gregdavill-setup-riscv-gnu-toolchain@v2.0/] user=0 workdir=\n[build/orbtrace_mini_test]   \ud83d\udc33  docker exec cmd=[node /var/run/act/actions/gregdavill-setup-riscv-gnu-toolchain@v2.0/dist/index.js] user= workdir=\n[build/orbtrace_mini_dfu ]   \ud83d\udc33  docker exec cmd=[node /var/run/act/actions/gregdavill-setup-riscv-gnu-toolchain@v2.0/dist/index.js] user= workdir=\n[build/orbtrace_mini     ]   \ud83d\udc33  docker exec cmd=[node /var/run/act/actions/gregdavill-setup-riscv-gnu-toolchain@v2.0/dist/index.js] user= workdir=\n[build/orbtrace_mini_test]   \u2753  ##[group]Installing RISCV GNU Toolchain\n[build/orbtrace_mini     ]   \u2753  ##[group]Installing RISCV GNU Toolchain\n[build/orbtrace_mini     ]   | linux\n[build/orbtrace_mini_test]   | linux\n[build/orbtrace_mini     ]   | [command]/usr/bin/bash /run/act/actions/gregdavill-setup-riscv-gnu-toolchain@v2.0/dist/install-riscv-gnu-toolchain linux \n[build/orbtrace_mini_test]   | [command]/usr/bin/bash /run/act/actions/gregdavill-setup-riscv-gnu-toolchain@v2.0/dist/install-riscv-gnu-toolchain linux \n[build/orbtrace_mini_dfu ]   \u2753  ##[group]Installing RISCV GNU Toolchain\n[build/orbtrace_mini_dfu ]   | linux\n[build/orbtrace_mini_dfu ]   | [command]/usr/bin/bash /run/act/actions/gregdavill-setup-riscv-gnu-toolchain@v2.0/dist/install-riscv-gnu-toolchain linux \n[build/orbtrace_mini     ]   | /tmp/.setup-riscv-gnu-toolchain /tmp\n[build/orbtrace_mini_test]   | /tmp/.setup-riscv-gnu-toolchain /tmp\n[build/orbtrace_mini_dfu ]   | /tmp/.setup-riscv-gnu-toolchain /tmp\n[build/orbtrace_mini     ]   | https://github.com/xpack-dev-tools/riscv-none-elf-gcc-xpack/releases/download/v12.2.0-3/xpack-riscv-none-elf-gcc-12.2.0-3-linux-x64.tar.gz\n[build/orbtrace_mini_test]   | https://github.com/xpack-dev-tools/riscv-none-elf-gcc-xpack/releases/download/v12.2.0-3/xpack-riscv-none-elf-gcc-12.2.0-3-linux-x64.tar.gz\n[build/orbtrace_mini_dfu ]   | https://github.com/xpack-dev-tools/riscv-none-elf-gcc-xpack/releases/download/v12.2.0-3/xpack-riscv-none-elf-gcc-12.2.0-3-linux-x64.tar.gz\n[build/orbtrace_mini_test]   | curl: option --retry-all-errors: is unknown\n[build/orbtrace_mini_test]   | curl: try 'curl --help' or 'curl --manual' for more information\n[build/orbtrace_mini_dfu ]   | curl: option --retry-all-errors: is unknown\n[build/orbtrace_mini_dfu ]   | curl: try 'curl --help' or 'curl --manual' for more information\n[build/orbtrace_mini     ]   | curl: option --retry-all-errors: is unknown\n[build/orbtrace_mini     ]   | curl: try 'curl --help' or 'curl --manual' for more information\n[build/orbtrace_mini_test]   | build.tgz: cannot open `build.tgz' (No such file or directory)\n[build/orbtrace_mini_dfu ]   | build.tgz: cannot open `build.tgz' (No such file or directory)\n[build/orbtrace_mini     ]   | build.tgz: cannot open `build.tgz' (No such file or directory)\n[build/orbtrace_mini_test]   | tar (child): build.tgz: Cannot open: No such file or directory\n[build/orbtrace_mini_test]   | tar (child): Error is not recoverable: exiting now\n[build/orbtrace_mini_dfu ]   | tar (child): build.tgz: Cannot open: No such file or directory\n[build/orbtrace_mini_dfu ]   | tar (child): Error is not recoverable: exiting now\n[build/orbtrace_mini_dfu ]   | tar: Child returned status 2\n[build/orbtrace_mini_dfu ]   | tar: Error is not recoverable: exiting now\n[build/orbtrace_mini_test]   | tar: Child returned status 2\n[build/orbtrace_mini_test]   | tar: Error is not recoverable: exiting now\n[build/orbtrace_mini     ]   | tar (child): build.tgz: Cannot open: No such file or directory\n[build/orbtrace_mini     ]   | tar (child): Error is not recoverable: exiting now\n[build/orbtrace_mini     ]   | tar: Child returned status 2\n[build/orbtrace_mini     ]   | tar: Error is not recoverable: exiting now\n[build/orbtrace_mini_dfu ]   | rm: cannot remove 'build.tgz': No such file or directory\n[build/orbtrace_mini_test]   | rm: cannot remove 'build.tgz': No such file or directory\n[build/orbtrace_mini     ]   | rm: cannot remove 'build.tgz': No such file or directory\n[build/orbtrace_mini_dfu ]   | /tmp\n[build/orbtrace_mini     ]   | /tmp\n[build/orbtrace_mini_test]   | /tmp\n[build/orbtrace_mini_test]   \u2753  ##[endgroup]\n[build/orbtrace_mini     ]   \u2753  ##[endgroup]\n[build/orbtrace_mini_dfu ]   \u2753  ##[endgroup]\n[build/orbtrace_mini     ]   \u2705  Success - Main gregdavill/setup-riscv-gnu-toolchain@v2.0\n[build/orbtrace_mini_test]   \u2705  Success - Main gregdavill/setup-riscv-gnu-toolchain@v2.0\n[build/orbtrace_mini_dfu ]   \u2705  Success - Main gregdavill/setup-riscv-gnu-toolchain@v2.0\n[build/orbtrace_mini_dfu ]   \u2699  ::add-path:: /tmp/.setup-riscv-gnu-toolchain/bin\n[build/orbtrace_mini_test]   \u2699  ::add-path:: /tmp/.setup-riscv-gnu-toolchain/bin\n[build/orbtrace_mini     ]   \u2699  ::add-path:: /tmp/.setup-riscv-gnu-toolchain/bin\n[build/orbtrace_mini_dfu ] \u2b50 Run Main python3 -m pip install wheel construct meson ninja setuptools setuptools_scm Jinja2\n[build/orbtrace_mini_test] \u2b50 Run Main python3 -m pip install wheel construct meson ninja setuptools setuptools_scm Jinja2\n[build/orbtrace_mini     ] \u2b50 Run Main python3 -m pip install wheel construct meson ninja setuptools setuptools_scm Jinja2\n[build/orbtrace_mini_dfu ]   \ud83d\udc33  docker exec cmd=[bash --noprofile --norc -e -o pipefail /var/run/act/workflow/3] user= workdir=\n[build/orbtrace_mini_test]   \ud83d\udc33  docker exec cmd=[bash --noprofile --norc -e -o pipefail /var/run/act/workflow/3] user= workdir=\n[build/orbtrace_mini     ]   \ud83d\udc33  docker exec cmd=[bash --noprofile --norc -e -o pipefail /var/run/act/workflow/3] user= workdir=\n[build/orbtrace_mini     ]   | Requirement already satisfied: wheel in /usr/lib/python3/dist-packages (0.34.2)\n[build/orbtrace_mini_test]   | Requirement already satisfied: wheel in /usr/lib/python3/dist-packages (0.34.2)\n[build/orbtrace_mini     ]   | Collecting construct\n[build/orbtrace_mini_dfu ]   | Requirement already satisfied: wheel in /usr/lib/python3/dist-packages (0.34.2)\n[build/orbtrace_mini     ]   |   Downloading construct-2.10.68.tar.gz (57 kB)\n[build/orbtrace_mini_test]   | Collecting construct\n[build/orbtrace_mini_dfu ]   | Collecting construct\n[build/orbtrace_mini_test]   |   Downloading construct-2.10.68.tar.gz (57 kB)\n[build/orbtrace_mini_dfu ]   |   Downloading construct-2.10.68.tar.gz (57 kB)\n[build/orbtrace_mini     ]   | Collecting meson\n[build/orbtrace_mini     ]   |   Downloading meson-1.1.1-py3-none-any.whl (918 kB)\n[build/orbtrace_mini_dfu ]   | Collecting meson\n[build/orbtrace_mini_dfu ]   |   Downloading meson-1.1.1-py3-none-any.whl (918 kB)\n[build/orbtrace_mini_test]   | Collecting meson\n[build/orbtrace_mini_test]   |   Downloading meson-1.1.1-py3-none-any.whl (918 kB)\n[build/orbtrace_mini     ]   | Collecting ninja\n[build/orbtrace_mini     ]   |   Downloading ninja-1.11.1-py2.py3-none-manylinux_2_12_x86_64.manylinux2010_x86_64.whl (145 kB)\n[build/orbtrace_mini_dfu ]   | Collecting ninja\n[build/orbtrace_mini_dfu ]   |   Downloading ninja-1.11.1-py2.py3-none-manylinux_2_12_x86_64.manylinux2010_x86_64.whl (145 kB)\n[build/orbtrace_mini     ]   | Requirement already satisfied: setuptools in /usr/lib/python3/dist-packages (45.2.0)\n[build/orbtrace_mini_dfu ]   | Requirement already satisfied: setuptools in /usr/lib/python3/dist-packages (45.2.0)\n[build/orbtrace_mini_test]   | Collecting ninja\n[build/orbtrace_mini_test]   |   Downloading ninja-1.11.1-py2.py3-none-manylinux_2_12_x86_64.manylinux2010_x86_64.whl (145 kB)\n[build/orbtrace_mini_test]   | Requirement already satisfied: setuptools in /usr/lib/python3/dist-packages (45.2.0)\n[build/orbtrace_mini     ]   | Collecting setuptools_scm\n[build/orbtrace_mini     ]   |   Downloading setuptools_scm-7.1.0-py3-none-any.whl (43 kB)\n[build/orbtrace_mini_dfu ]   | Collecting setuptools_scm\n[build/orbtrace_mini_dfu ]   |   Downloading setuptools_scm-7.1.0-py3-none-any.whl (43 kB)\n[build/orbtrace_mini_test]   | Collecting setuptools_scm\n[build/orbtrace_mini_test]   |   Downloading setuptools_scm-7.1.0-py3-none-any.whl (43 kB)\n[build/orbtrace_mini     ]   | Collecting Jinja2\n[build/orbtrace_mini     ]   |   Downloading Jinja2-3.1.2-py3-none-any.whl (133 kB)\n[build/orbtrace_mini_test]   | Collecting Jinja2\n[build/orbtrace_mini_dfu ]   | Collecting Jinja2\n[build/orbtrace_mini_test]   |   Downloading Jinja2-3.1.2-py3-none-any.whl (133 kB)\n[build/orbtrace_mini_dfu ]   |   Downloading Jinja2-3.1.2-py3-none-any.whl (133 kB)\n[build/orbtrace_mini_dfu ]   | Requirement already satisfied: packaging>=20.0 in /usr/local/lib/python3.8/dist-packages (from setuptools_scm) (21.0)\n[build/orbtrace_mini     ]   | Collecting tomli>=1.0.0; python_version < \"3.11\"\n[build/orbtrace_mini     ]   |   Downloading tomli-2.0.1-py3-none-any.whl (12 kB)\n[build/orbtrace_mini_dfu ]   | Collecting tomli>=1.0.0; python_version < \"3.11\"\n[build/orbtrace_mini_dfu ]   |   Downloading tomli-2.0.1-py3-none-any.whl (12 kB)\n[build/orbtrace_mini_test]   | Collecting tomli>=1.0.0; python_version < \"3.11\"\n[build/orbtrace_mini_test]   |   Downloading tomli-2.0.1-py3-none-any.whl (12 kB)\n[build/orbtrace_mini     ]   | Requirement already satisfied: packaging>=20.0 in /usr/local/lib/python3.8/dist-packages (from setuptools_scm) (21.0)\n[build/orbtrace_mini_test]   | Requirement already satisfied: packaging>=20.0 in /usr/local/lib/python3.8/dist-packages (from setuptools_scm) (21.0)\n[build/orbtrace_mini_dfu ]   | Collecting typing-extensions\n[build/orbtrace_mini_dfu ]   |   Downloading typing_extensions-4.6.2-py3-none-any.whl (31 kB)\n[build/orbtrace_mini     ]   | Collecting typing-extensions\n[build/orbtrace_mini     ]   |   Downloading typing_extensions-4.6.2-py3-none-any.whl (31 kB)\n[build/orbtrace_mini_test]   | Collecting typing-extensions\n[build/orbtrace_mini_test]   |   Downloading typing_extensions-4.6.2-py3-none-any.whl (31 kB)\n[build/orbtrace_mini_dfu ]   | Collecting MarkupSafe>=2.0\n[build/orbtrace_mini     ]   | Collecting MarkupSafe>=2.0\n[build/orbtrace_mini_dfu ]   |   Downloading MarkupSafe-2.1.2-cp38-cp38-manylinux_2_17_x86_64.manylinux2014_x86_64.whl (25 kB)\n[build/orbtrace_mini     ]   |   Downloading MarkupSafe-2.1.2-cp38-cp38-manylinux_2_17_x86_64.manylinux2014_x86_64.whl (25 kB)\n[build/orbtrace_mini_test]   | Collecting MarkupSafe>=2.0\n[build/orbtrace_mini_test]   |   Downloading MarkupSafe-2.1.2-cp38-cp38-manylinux_2_17_x86_64.manylinux2014_x86_64.whl (25 kB)\n[build/orbtrace_mini_dfu ]   | Requirement already satisfied: pyparsing>=2.0.2 in /usr/local/lib/python3.8/dist-packages (from packaging>=20.0->setuptools_scm) (2.4.7)\n[build/orbtrace_mini_dfu ]   | Building wheels for collected packages: construct\n[build/orbtrace_mini_dfu ]   |   Building wheel for construct (setup.py): started\n[build/orbtrace_mini     ]   | Requirement already satisfied: pyparsing>=2.0.2 in /usr/local/lib/python3.8/dist-packages (from packaging>=20.0->setuptools_scm) (2.4.7)\n[build/orbtrace_mini     ]   | Building wheels for collected packages: construct\n[build/orbtrace_mini     ]   |   Building wheel for construct (setup.py): started\n[build/orbtrace_mini_test]   | Requirement already satisfied: pyparsing>=2.0.2 in /usr/local/lib/python3.8/dist-packages (from packaging>=20.0->setuptools_scm) (2.4.7)\n[build/orbtrace_mini_test]   | Building wheels for collected packages: construct\n[build/orbtrace_mini_test]   |   Building wheel for construct (setup.py): started\n[build/orbtrace_mini     ]   |   Building wheel for construct (setup.py): finished with status 'done'\n[build/orbtrace_mini     ]   |   Created wheel for construct: filename=construct-2.10.68-py3-none-any.whl size=59209 sha256=0a6c84a6a77177b0dda586d801c5a587c4a4769721367b09006a13543813c4a4\n[build/orbtrace_mini     ]   |   Stored in directory: /home/runneradmin/.cache/pip/wheels/cf/58/27/8a7c57f4e85722ec338b53cef911ca3ebfe5e9f56c750532a2\n[build/orbtrace_mini     ]   | Successfully built construct\n[build/orbtrace_mini_dfu ]   |   Building wheel for construct (setup.py): finished with status 'done'\n[build/orbtrace_mini_dfu ]   |   Created wheel for construct: filename=construct-2.10.68-py3-none-any.whl size=59209 sha256=0a6c84a6a77177b0dda586d801c5a587c4a4769721367b09006a13543813c4a4\n[build/orbtrace_mini_dfu ]   |   Stored in directory: /home/runneradmin/.cache/pip/wheels/cf/58/27/8a7c57f4e85722ec338b53cef911ca3ebfe5e9f56c750532a2\n[build/orbtrace_mini_dfu ]   | Successfully built construct\n[build/orbtrace_mini     ]   | Installing collected packages: construct, meson, ninja, tomli, typing-extensions, setuptools-scm, MarkupSafe, Jinja2\n[build/orbtrace_mini_dfu ]   | Installing collected packages: construct, meson, ninja, tomli, typing-extensions, setuptools-scm, MarkupSafe, Jinja2\n[build/orbtrace_mini_test]   |   Building wheel for construct (setup.py): finished with status 'done'\n[build/orbtrace_mini_test]   |   Created wheel for construct: filename=construct-2.10.68-py3-none-any.whl size=59209 sha256=0a6c84a6a77177b0dda586d801c5a587c4a4769721367b09006a13543813c4a4\n[build/orbtrace_mini_test]   |   Stored in directory: /home/runneradmin/.cache/pip/wheels/cf/58/27/8a7c57f4e85722ec338b53cef911ca3ebfe5e9f56c750532a2\n[build/orbtrace_mini_test]   | Successfully built construct\n[build/orbtrace_mini_test]   | Installing collected packages: construct, meson, ninja, tomli, typing-extensions, setuptools-scm, MarkupSafe, Jinja2\n[build/orbtrace_mini     ]   |   WARNING: The script meson is installed in '/home/runneradmin/.local/bin' which is not on PATH.\n[build/orbtrace_mini     ]   |   Consider adding this directory to PATH or, if you prefer to suppress this warning, use --no-warn-script-location.\n[build/orbtrace_mini     ]   |   WARNING: The script ninja is installed in '/home/runneradmin/.local/bin' which is not on PATH.\n[build/orbtrace_mini     ]   |   Consider adding this directory to PATH or, if you prefer to suppress this warning, use --no-warn-script-location.\n[build/orbtrace_mini_dfu ]   |   WARNING: The script meson is installed in '/home/runneradmin/.local/bin' which is not on PATH.\n[build/orbtrace_mini_dfu ]   |   Consider adding this directory to PATH or, if you prefer to suppress this warning, use --no-warn-script-location.\n[build/orbtrace_mini_dfu ]   |   WARNING: The script ninja is installed in '/home/runneradmin/.local/bin' which is not on PATH.\n[build/orbtrace_mini_dfu ]   |   Consider adding this directory to PATH or, if you prefer to suppress this warning, use --no-warn-script-location.\n[build/orbtrace_mini     ]   | Successfully installed Jinja2-3.1.2 MarkupSafe-2.1.2 construct-2.10.68 meson-1.1.1 ninja-1.11.1 setuptools-scm-7.1.0 tomli-2.0.1 typing-extensions-4.6.2\n[build/orbtrace_mini     ]   \u2705  Success - Main python3 -m pip install wheel construct meson ninja setuptools setuptools_scm Jinja2\n[build/orbtrace_mini_test]   |   WARNING: The script meson is installed in '/home/runneradmin/.local/bin' which is not on PATH.\n[build/orbtrace_mini_test]   |   Consider adding this directory to PATH or, if you prefer to suppress this warning, use --no-warn-script-location.\n[build/orbtrace_mini_dfu ]   | Successfully installed Jinja2-3.1.2 MarkupSafe-2.1.2 construct-2.10.68 meson-1.1.1 ninja-1.11.1 setuptools-scm-7.1.0 tomli-2.0.1 typing-extensions-4.6.2\n[build/orbtrace_mini_test]   |   WARNING: The script ninja is installed in '/home/runneradmin/.local/bin' which is not on PATH.\n[build/orbtrace_mini_test]   |   Consider adding this directory to PATH or, if you prefer to suppress this warning, use --no-warn-script-location.\n[build/orbtrace_mini_dfu ]   \u2705  Success - Main python3 -m pip install wheel construct meson ninja setuptools setuptools_scm Jinja2\n[build/orbtrace_mini_test]   | Successfully installed Jinja2-3.1.2 MarkupSafe-2.1.2 construct-2.10.68 meson-1.1.1 ninja-1.11.1 setuptools-scm-7.1.0 tomli-2.0.1 typing-extensions-4.6.2\n[build/orbtrace_mini_test]   \u2705  Success - Main python3 -m pip install wheel construct meson ninja setuptools setuptools_scm Jinja2\n[build/orbtrace_mini     ] \u2b50 Run Main ./orbtrace_builder.py --platform orbtrace_mini --build\n[build/orbtrace_mini_dfu ] \u2b50 Run Main ./orbtrace_builder.py --platform orbtrace_mini --profile dfu --build\n[build/orbtrace_mini_test] \u2b50 Run Main ./orbtrace_builder.py --platform orbtrace_mini --profile test --build\n[build/orbtrace_mini     ]   \ud83d\udc33  docker exec cmd=[bash --noprofile --norc -e -o pipefail /var/run/act/workflow/4] user= workdir=\n[build/orbtrace_mini_dfu ]   \ud83d\udc33  docker exec cmd=[bash --noprofile --norc -e -o pipefail /var/run/act/workflow/4] user= workdir=\n[build/orbtrace_mini_test]   \ud83d\udc33  docker exec cmd=[bash --noprofile --norc -e -o pipefail /var/run/act/workflow/4] user= workdir=\n[build/orbtrace_mini_test]   | Traceback (most recent call last):\n[build/orbtrace_mini_test]   |   File \"./orbtrace_builder.py\", line 10, in <module>\n[build/orbtrace_mini_test]   |     from litex.soc.integration.soc_core import soc_core_args, soc_core_argdict\n[build/orbtrace_mini_test]   | ModuleNotFoundError: No module named 'litex'\n[build/orbtrace_mini_dfu ]   | Traceback (most recent call last):\n[build/orbtrace_mini_dfu ]   |   File \"./orbtrace_builder.py\", line 10, in <module>\n[build/orbtrace_mini_dfu ]   |     from litex.soc.integration.soc_core import soc_core_args, soc_core_argdict\n[build/orbtrace_mini_dfu ]   | ModuleNotFoundError: No module named 'litex'\n[build/orbtrace_mini     ]   | Traceback (most recent call last):\n[build/orbtrace_mini     ]   |   File \"./orbtrace_builder.py\", line 10, in <module>\n[build/orbtrace_mini     ]   |     from litex.soc.integration.soc_core import soc_core_args, soc_core_argdict\n[build/orbtrace_mini     ]   | ModuleNotFoundError: No module named 'litex'\n[build/orbtrace_mini_dfu ]   \u274c  Failure - Main ./orbtrace_builder.py --platform orbtrace_mini --profile dfu --build\n[build/orbtrace_mini_test]   \u274c  Failure - Main ./orbtrace_builder.py --platform orbtrace_mini --profile test --build\n[build/orbtrace_mini     ]   \u274c  Failure - Main ./orbtrace_builder.py --platform orbtrace_mini --build\n[build/orbtrace_mini_test] exitcode '1': failure\n[build/orbtrace_mini     ] exitcode '1': failure\n[build/orbtrace_mini_dfu ] exitcode '1': failure\n[build/orbtrace_mini_dfu ] \ud83c\udfc1  Job failed\n[build/orbtrace_mini     ] \ud83c\udfc1  Job failed\n[build/orbtrace_mini_test] \ud83c\udfc1  Job failed\n",
    "actions_stderr": "Error: Job 'orbtrace_mini' failed\n"
}